60, 0, 9.0, 9
+-- , 0 , {98, 3, 7, 108, 124, 82, 118, 120, 122, 92, 94} , {'w7', 'zL71J', 'xL9J', 'zL19J', 'zL59J', 'xL5J', 'zL4J', 'zL70J', 'xL8J', 'zL14J', 'xL2J', 'w16', 'zL44J', 'xL6J', 'zL13J', 'w17', 'zL55J', 'xL3J', 'xL0J', 'xL1J', 'zL69J'}
| +-- , 98 , {106, 100} , {'zL50J', 'zL51J', 'xL8J', 'xL3J', 'xL2J', 'xL0J', 'xL1J'}
| | +-- , 106 , set() , {'w15', 'xL0J', 'zL51J'}
| | +-- , 100 , {102} , {'zL50J', 'zL49J', 'xL8J', 'xL1J', 'xL2J'}
| | | +-- , 102 , {104} , {'zL48J', 'zL49J', 'xL2J', 'xL1J'}
| | | | +-- , 104 , set() , {'xL2J', 'zL48J', 'yL12J'}
| +-- , 3 , set() , {'xL6J', 'zL41J', 'zL42J', 'w13', 'zL43J', 'xL9J', 'zL40J', 'xL8J', 'xL0J', 'yL10J', 'xL1J'}
| +-- , 7 , {9} , {'xL9J', 'zL19J', 'zL59J', 'xL5J', 'zL4J', 'xL8J', 'xL2J', 'zL44J', 'xL6J', 'zL13J', 'zL55J', 'zL58J', 'xL3J', 'xL0J', 'xL1J', 'zL69J'}
| | +-- , 9 , {11} , {'xL9J', 'zL19J', 'xL5J', 'zL45J', 'zL4J', 'xL8J', 'xL2J', 'zL44J', 'xL6J', 'zL13J', 'zL55J', 'zL58J', 'xL3J', 'xL0J', 'xL1J', 'zL69J'}
| | | +-- , 11 , {13} , {'xL9J', 'zL19J', 'xL5J', 'zL45J', 'zL46J', 'zL4J', 'zL57J', 'xL8J', 'xL2J', 'xL6J', 'zL13J', 'zL55J', 'zL58J', 'xL3J', 'xL0J', 'xL1J', 'zL69J'}
| | | | +-- , 13 , {80, 18} , {'zL20J', 'xL9J', 'zL19J', 'xL5J', 'zL46J', 'zL4J', 'zL57J', 'xL8J', 'xL2J', 'xL6J', 'zL13J', 'zL21J', 'zL55J', 'zL68J', 'xL3J', 'xL0J', 'xL1J', 'zL22J', 'zL69J'}
| | | | | +-- , 80 , set() , {'xL9J', 'zL68J', 'yL17J'}
| | | | | +-- , 18 , {66, 68, 70, 20, 22, 24, 62} , {'zL20J', 'xL9J', 'zL19J', 'zL12J', 'xL5J', 'zL46J', 'zL4J', 'zL57J', 'xL8J', 'xL4J', 'xL2J', 'xL6J', 'zL13J', 'zL55J', 'zL68J', 'xL3J', 'xL0J', 'xL1J', 'zL22J', 'zL69J'}
| | | | | | +-- , 66 , set() , {'xL4J', 'yL5J', 'zL20J'}
| | | | | | +-- , 68 , set() , {'xL4J', 'zL12J', 'yL3J'}
| | | | | | +-- , 70 , {72, 78} , {'xL6J', 'zL11J', 'xL9J', 'xL5J', 'xL3J', 'xL4J', 'zL10J'}
| | | | | | | +-- , 72 , {74} , {'xL6J', 'xL9J', 'zL9J', 'xL5J', 'zL10J'}
| | | | | | | | +-- , 74 , {76} , {'xL6J', 'zL8J', 'xL9J', 'zL9J'}
| | | | | | | | | +-- , 76 , set() , {'xL9J', 'zL8J', 'yL2J'}
| | | | | | | +-- , 78 , set() , {'zL11J', 'xL3J', 'w5'}
| | | | | | +-- , 20 , set() , {'yL8J', 'zL34J', 'w11', 'xL5J', 'zL33J', 'xL3J', 'zL35J', 'xL2J', 'xL0J', 'zL32J', 'xL4J'}
| | | | | | +-- , 22 , set() , {'xL6J', 'zL67J', 'yL16J', 'zL66J', 'zL64J', 'xL8J', 'zL65J', 'w19', 'xL3J', 'xL0J', 'xL4J'}
| | | | | | +-- , 24 , {26, 60} , {'xL9J', 'zL19J', 'zL74J', 'xL5J', 'zL46J', 'zL4J', 'xL8J', 'xL2J', 'zL18J', 'zL55J', 'zL47J', 'xL3J', 'xL1J', 'xL0J', 'xL4J', 'zL22J', 'zL54J', 'zL75J'}
| | | | | | | +-- , 26 , {58, 28} , {'xL9J', 'zL74J', 'xL5J', 'w3', 'zL4J', 'zL72J', 'xL8J', 'xL2J', 'zL18J', 'zL47J', 'zL3J', 'zL73J', 'xL3J', 'xL1J', 'xL0J', 'xL4J', 'zL22J', 'zL54J'}
| | | | | | | | +-- , 58 , set() , {'xL2J', 'yL18J', 'zL72J'}
| | | | | | | | +-- , 28 , {32, 34, 38, 42, 48, 52, 30} , {'xL7J', 'xL9J', 'zL74J', 'xL5J', 'zL4J', 'xL8J', 'xL2J', 'zL18J', 'zL47J', 'zL3J', 'zL73J', 'xL3J', 'xL0J', 'zL2J', 'xL1J', 'zL22J', 'zL54J'}
| | | | | | | | | +-- , 32 , set() , {'yL15J', 'zL63J', 'zL61J', 'xL7J', 'xL9J', 'w18', 'zL62J', 'xL3J', 'xL0J', 'xL1J', 'zL60J'}
| | | | | | | | | +-- , 34 , {36} , {'xL1J', 'xL7J', 'zL53J', 'xL2J', 'zL54J'}
| | | | | | | | | | +-- , 36 , set() , {'zL52J', 'yL13J', 'xL7J', 'zL53J', 'xL2J'}
| | | | | | | | | +-- , 38 , {40} , {'xL7J', 'zL23J', 'zL22J', 'xL5J'}
| | | | | | | | | | +-- , 40 , set() , {'zL23J', 'xL7J', 'w8'}
| | | | | | | | | +-- , 42 , {44} , {'zL18J', 'xL8J', 'xL3J', 'xL7J', 'zL17J'}
| | | | | | | | | | +-- , 44 , {46} , {'xL3J', 'xL7J', 'zL16J', 'zL17J'}
| | | | | | | | | | | +-- , 46 , set() , {'xL3J', 'yL4J', 'zL16J'}
| | | | | | | | | +-- , 48 , {50} , {'zL6J', 'xL7J', 'xL5J', 'zL5J', 'zL4J', 'zL7J', 'xL3J', 'xL2J'}
| | | | | | | | | | +-- , 50 , set() , {'zL7J', 'w4', 'xL7J'}
| | | | | | | | | +-- , 52 , {54} , {'xL8J', 'xL3J', 'zL1J', 'zL2J', 'xL2J'}
| | | | | | | | | | +-- , 54 , {56} , {'xL8J', 'xL3J', 'zL1J', 'zL0J'}
| | | | | | | | | | | +-- , 56 , set() , {'xL3J', 'zL0J', 'yL0J'}
| | | | | | | | | +-- , 30 , set() , {'xL7J', 'zL47J', 'w14'}
| | | | | | | +-- , 60 , set() , {'xL4J', 'w21', 'zL75J'}
| | | | | | +-- , 62 , {64} , {'xL4J', 'xL9J', 'zL56J', 'zL57J'}
| | | | | | | +-- , 64 , set() , {'xL4J', 'yL14J', 'zL56J'}
| +-- , 108 , {110} , {'xL6J', 'zL24J', 'xL3J', 'xL2J', 'xL0J', 'xL1J', 'yL6J'}
| | +-- , 110 , {112} , {'xL6J', 'zL24J', 'zL25J', 'xL3J', 'xL2J', 'xL1J'}
| | | +-- , 112 , {114} , {'xL6J', 'zL25J', 'xL3J', 'xL1J', 'zL26J'}
| | | | +-- , 114 , {116} , {'xL6J', 'zL27J', 'xL3J', 'zL26J'}
| | | | | +-- , 116 , set() , {'zL27J', 'xL3J', 'w9'}
| +-- , 124 , set() , {'xL2J', 'zL71J', 'w20'}
| +-- , 82 , {84, 86} , {'xL6J', 'xL9J', 'zL76J', 'xL8J', 'zL77J', 'xL2J', 'xL1J'}
| | +-- , 84 , set() , {'zL76J', 'xL6J', 'yL19J'}
| | +-- , 86 , {88} , {'zL78J', 'xL8J', 'xL1J', 'zL77J', 'xL2J'}
| | | +-- , 88 , {90} , {'zL78J', 'xL8J', 'xL1J', 'zL79J'}
| | | | +-- , 90 , set() , {'xL1J', 'zL79J', 'w22'}
| +-- , 118 , set() , {'xL1J', 'yL1J', 'zL4J'}
| +-- , 120 , set() , {'yL11J', 'xL0J', 'zL44J'}
| +-- , 122 , set() , {'xL6J', 'w12', 'zL37J', 'xL9J', 'xL5J', 'zL39J', 'xL8J', 'xL3J', 'zL38J', 'yL9J', 'zL36J'}
| +-- , 92 , set() , {'xL6J', 'zL28J', 'zL31J', 'zL30J', 'zL29J', 'w10', 'xL8J', 'xL3J', 'xL2J', 'yL7J', 'xL1J'}
| +-- , 94 , {96} , {'xL3J', 'xL0J', 'zL14J', 'zL15J'}
| | +-- , 96 , set() , {'w6', 'zL15J', 'xL3J'}


Max number of edges with non zero Y: 62
Max number of iterations of outer rounding loop: 5
Max number of candidate sets: 2
Time spent rounding: 13.735
Time spent solving Separator LP: 0.032
Total time spent solving: 17.698

LP Solver: gammaPlusFractionalCoverHeuristic
Lower Bound Witness = ({'zL67J', 'zL40J', 'zL60J', 'yL2J', 'zL78J', 'zL18J', 'zL50J', 'yL13J', 'zL43J', 'zL24J', 'zL35J', 'xL0J', 'yL19J', 'zL2J', 'zL62J', 'yL5J', 'zL10J', 'zL69J', 'w7', 'zL52J', 'zL20J', 'yL18J', 'zL79J', 'zL57J', 'yL1J', 'zL28J', 'zL39J', 'w14', 'yL4J', 'zL22J', 'zL0J', 'zL54J', 'zL34J', 'zL23J', 'zL74J', 'w10', 'zL65J', 'zL70J', 'w21', 'zL42J', 'w4', 'zL55J', 'zL25J', 'zL8J', 'zL75J', 'zL1J', 'w3', 'zL49J', 'w15', 'w6', 'zL17J', 'zL44J', 'yL8J', 'zL64J', 'w20', 'yL11J', 'w19', 'yL7J', 'yL10J', 'zL76J', 'zL31J', 'w12', 'zL71J', 'w13', 'zL53J', 'xL9J', 'xL5J', 'zL45J', 'zL7J', 'yL9J', 'zL14J', 'zL63J', 'zL9J', 'yL3J', 'zL13J', 'w22', 'w17', 'zL58J', 'zL36J', 'zL26J', 'yL6J', 'zL6J', 'xL7J', 'zL59J', 'w11', 'zL72J', 'zL33J', 'yL17J', 'yL15J', 'yL16J', 'zL51J', 'w18', 'xL3J', 'xL4J', 'w9', 'w5', 'zL61J', 'zL37J', 'zL46J', 'xL2J', 'yL14J', 'zL56J', 'xL6J', 'zL41J', 'yL0J', 'zL21J', 'zL15J', 'zL68J', 'zL38J', 'zL73J', 'zL77J', 'w8', 'zL16J', 'yL12J', 'zL19J', 'zL12J', 'zL5J', 'zL4J', 'xL8J', 'zL29J', 'w16', 'zL11J', 'zL66J', 'zL30J', 'zL47J', 'zL3J', 'zL48J', 'zL27J', 'zL32J', 'xL1J'}, {'w12', 'w3', 'zL79J', 'zL70J', 'zL14J'})