69, 0, 8.0, 8
+-- , 0 , {129, 3, 117, 55, 107, 127} , {'zL18J', 'zL67J', 'xL9J', 'xL5J', 'xL8J', 'w19', 'xL3J', 'xL2J', 'xL0J', 'xL1J', 'xL4J'}
| +-- , 129 , {137, 131} , {'zL50J', 'zL51J', 'xL8J', 'xL3J', 'xL2J', 'xL0J', 'xL1J'}
| | +-- , 137 , set() , {'w15', 'xL0J', 'zL51J'}
| | +-- , 131 , {133} , {'zL50J', 'zL49J', 'xL8J', 'xL1J', 'xL2J'}
| | | +-- , 133 , {135} , {'zL48J', 'zL49J', 'xL2J', 'xL1J'}
| | | | +-- , 135 , set() , {'xL2J', 'zL48J', 'yL12J'}
| +-- , 3 , {49, 5, 45} , {'zL18J', 'zL67J', 'zL37J', 'zL66J', 'xL9J', 'xL5J', 'zL36J', 'xL8J', 'zL25J', 'xL4J', 'xL2J', 'xL3J', 'xL0J', 'zL26J', 'xL1J'}
| | +-- , 49 , {51} , {'zL38J', 'zL37J', 'xL8J', 'xL3J', 'xL5J'}
| | | +-- , 51 , {53} , {'zL38J', 'xL8J', 'xL3J', 'zL39J'}
| | | | +-- , 53 , set() , {'xL8J', 'w12', 'zL39J'}
| | +-- , 5 , {37, 7, 41, 43} , {'xL9J', 'zL19J', 'xL5J', 'zL40J', 'zL65J', 'zL26J', 'xL8J', 'xL4J', 'xL2J', 'zL9J', 'zL18J', 'zL41J', 'zL42J', 'zL66J', 'zL64J', 'zL43J', 'xL3J', 'xL0J', 'zL36J', 'xL1J', 'zL10J'}
| | | +-- , 37 , {39} , {'zL11J', 'xL3J', 'xL4J', 'zL10J'}
| | | | +-- , 39 , set() , {'zL11J', 'xL3J', 'w5'}
| | | +-- , 7 , {33, 9, 11, 21, 23, 27, 29, 31} , {'xL9J', 'zL19J', 'xL5J', 'zL40J', 'xL8J', 'zL65J', 'xL4J', 'xL2J', 'zL9J', 'xL6J', 'zL66J', 'xL3J', 'xL1J', 'zL36J', 'zL26J'}
| | | | +-- , 33 , {35} , {'xL6J', 'zL27J', 'xL3J', 'zL26J'}
| | | | | +-- , 35 , set() , {'zL27J', 'xL3J', 'w9'}
| | | | +-- , 9 , set() , {'xL6J', 'zL28J', 'zL31J', 'zL30J', 'zL29J', 'w10', 'xL8J', 'xL3J', 'xL2J', 'yL7J', 'xL1J'}
| | | | +-- , 11 , {13, 15} , {'xL6J', 'xL9J', 'zL76J', 'xL8J', 'zL77J', 'xL2J', 'xL1J'}
| | | | | +-- , 13 , set() , {'zL76J', 'xL6J', 'yL19J'}
| | | | | +-- , 15 , {17} , {'zL78J', 'xL8J', 'xL1J', 'zL77J', 'xL2J'}
| | | | | | +-- , 17 , {19} , {'zL78J', 'xL8J', 'xL1J', 'zL79J'}
| | | | | | | +-- , 19 , set() , {'xL1J', 'zL79J', 'w22'}
| | | | +-- , 21 , set() , {'xL6J', 'zL40J', 'yL10J'}
| | | | +-- , 23 , {25} , {'xL6J', 'zL8J', 'xL9J', 'zL9J'}
| | | | | +-- , 25 , set() , {'xL9J', 'zL8J', 'yL2J'}
| | | | +-- , 27 , set() , {'xL6J', 'yL9J', 'zL36J'}
| | | | +-- , 29 , set() , {'w7', 'zL19J', 'xL6J'}
| | | | +-- , 31 , set() , {'xL6J', 'zL71J', 'xL9J', 'xL5J', 'zL68J', 'w20', 'zL70J', 'xL2J', 'xL4J', 'zL69J', 'yL17J'}
| | | +-- , 41 , set() , {'zL43J', 'xL9J', 'w13'}
| | | +-- , 43 , set() , {'xL8J', 'yL16J', 'zL64J'}
| | +-- , 45 , {47} , {'zL25J', 'xL0J', 'xL2J', 'zL24J'}
| | | +-- , 47 , set() , {'yL6J', 'zL24J', 'xL0J'}
| +-- , 117 , {121, 119} , {'xL9J', 'zL15J', 'xL5J', 'xL3J', 'xL0J', 'zL14J', 'xL4J'}
| | +-- , 121 , {123} , {'zL13J', 'zL14J', 'xL4J', 'xL9J', 'xL5J'}
| | | +-- , 123 , {125} , {'zL13J', 'xL4J', 'zL12J', 'xL5J'}
| | | | +-- , 125 , set() , {'xL4J', 'zL12J', 'yL3J'}
| | +-- , 119 , set() , {'w6', 'zL15J', 'xL3J'}
| +-- , 55 , {57} , {'xL9J', 'xL5J', 'w3', 'xL8J', 'xL2J', 'zL17J', 'zL18J', 'zL3J', 'xL3J', 'xL1J', 'xL0J', 'xL4J'}
| | +-- , 57 , {103, 105, 59} , {'xL9J', 'zL55J', 'xL5J', 'zL3J', 'zL5J', 'zL4J', 'xL8J', 'xL3J', 'xL1J', 'xL4J', 'xL0J', 'xL2J', 'zL54J', 'zL17J'}
| | | +-- , 103 , set() , {'xL1J', 'yL1J', 'zL4J'}
| | | +-- , 105 , set() , {'zL55J', 'xL8J', 'w16'}
| | | +-- , 59 , {61} , {'zL6J', 'zL53J', 'xL9J', 'xL5J', 'zL5J', 'xL8J', 'xL2J', 'zL17J', 'zL3J', 'xL3J', 'xL1J', 'xL0J', 'xL4J', 'zL54J'}
| | | | +-- , 61 , {63} , {'zL6J', 'zL53J', 'xL9J', 'xL5J', 'zL7J', 'xL8J', 'xL2J', 'zL60J', 'zL17J', 'yL15J', 'zL3J', 'xL3J', 'xL1J', 'xL0J', 'xL4J'}
| | | | | +-- , 63 , {65, 97} , {'zL53J', 'zL23J', 'xL9J', 'xL5J', 'zL7J', 'xL8J', 'xL4J', 'xL2J', 'zL60J', 'zL17J', 'zL3J', 'xL3J', 'xL0J', 'xL1J', 'zL22J'}
| | | | | | +-- , 65 , {67, 69, 71, 81, 83, 87, 95} , {'zL61J', 'xL7J', 'zL53J', 'zL23J', 'xL5J', 'zL7J', 'xL8J', 'zL63J', 'xL2J', 'zL60J', 'zL17J', 'w4', 'zL3J', 'xL3J', 'xL1J', 'xL0J', 'xL4J', 'zL62J'}
| | | | | | | +-- , 67 , set() , {'xL7J', 'zL47J', 'zL45J', 'zL46J', 'w14', 'yL11J', 'xL8J', 'xL3J', 'xL0J', 'xL2J', 'zL44J'}
| | | | | | | +-- , 69 , set() , {'zL52J', 'yL13J', 'xL7J', 'zL53J', 'xL2J'}
| | | | | | | +-- , 71 , {73, 79} , {'xL7J', 'xL5J', 'zL72J', 'zL73J', 'xL2J', 'xL0J', 'xL4J'}
| | | | | | | | +-- , 73 , {75} , {'zL73J', 'xL7J', 'xL5J', 'xL4J', 'zL74J'}
| | | | | | | | | +-- , 75 , {77} , {'xL5J', 'xL4J', 'zL74J', 'zL75J'}
| | | | | | | | | | +-- , 77 , set() , {'xL4J', 'w21', 'zL75J'}
| | | | | | | | +-- , 79 , set() , {'xL2J', 'yL18J', 'zL72J'}
| | | | | | | +-- , 81 , set() , {'zL23J', 'xL7J', 'w8'}
| | | | | | | +-- , 83 , {85} , {'xL3J', 'xL7J', 'zL16J', 'zL17J'}
| | | | | | | | +-- , 85 , set() , {'xL3J', 'yL4J', 'zL16J'}
| | | | | | | +-- , 87 , {89} , {'xL7J', 'zL3J', 'xL8J', 'xL3J', 'zL2J', 'xL2J'}
| | | | | | | | +-- , 89 , {91} , {'xL8J', 'xL3J', 'zL1J', 'zL2J', 'xL2J'}
| | | | | | | | | +-- , 91 , {93} , {'xL8J', 'xL3J', 'zL1J', 'zL0J'}
| | | | | | | | | | +-- , 93 , set() , {'xL3J', 'zL0J', 'yL0J'}
| | | | | | | +-- , 95 , set() , {'xL1J', 'zL63J', 'w18'}
| | | | | | +-- , 97 , {99} , {'zL22J', 'xL3J', 'xL4J', 'zL21J', 'xL9J'}
| | | | | | | +-- , 99 , {101} , {'zL21J', 'xL4J', 'xL9J', 'zL20J'}
| | | | | | | | +-- , 101 , set() , {'xL4J', 'yL5J', 'zL20J'}
| +-- , 107 , {109} , {'xL9J', 'w17', 'zL59J', 'xL3J', 'xL2J', 'xL0J', 'xL4J'}
| | +-- , 109 , {111} , {'xL9J', 'zL59J', 'zL58J', 'xL2J', 'xL0J', 'xL4J'}
| | | +-- , 111 , {113} , {'xL0J', 'xL4J', 'xL9J', 'zL58J', 'zL57J'}
| | | | +-- , 113 , {115} , {'xL4J', 'xL9J', 'zL56J', 'zL57J'}
| | | | | +-- , 115 , set() , {'xL4J', 'yL14J', 'zL56J'}
| +-- , 127 , set() , {'yL8J', 'zL34J', 'w11', 'xL5J', 'zL33J', 'xL3J', 'zL35J', 'xL2J', 'xL0J', 'zL32J', 'xL4J'}


Max number of edges with non zero Y: 60
Max number of iterations of outer rounding loop: 7
Max number of candidate sets: 2
Time spent rounding: 9.621
Time spent solving Separator LP: 0.011
Total time spent solving: 13.185

LP Solver: gammaPlusFractionalCoverHeuristic
Lower Bound Witness = ({'zL67J', 'zL40J', 'zL60J', 'yL2J', 'zL78J', 'zL18J', 'zL50J', 'yL13J', 'zL43J', 'zL24J', 'zL35J', 'xL0J', 'yL19J', 'zL2J', 'zL62J', 'yL5J', 'zL10J', 'zL69J', 'w7', 'zL52J', 'zL20J', 'yL18J', 'zL79J', 'zL57J', 'yL1J', 'zL28J', 'zL39J', 'w14', 'yL4J', 'zL22J', 'zL0J', 'zL54J', 'zL34J', 'zL23J', 'zL74J', 'w10', 'zL65J', 'zL70J', 'w21', 'zL42J', 'w4', 'zL55J', 'zL25J', 'zL8J', 'zL75J', 'zL1J', 'w3', 'zL49J', 'w15', 'w6', 'zL17J', 'zL44J', 'yL8J', 'zL64J', 'w20', 'yL11J', 'w19', 'yL7J', 'yL10J', 'zL76J', 'zL31J', 'w12', 'zL71J', 'w13', 'zL53J', 'xL9J', 'xL5J', 'zL45J', 'zL7J', 'yL9J', 'zL14J', 'zL63J', 'zL9J', 'yL3J', 'zL13J', 'w22', 'w17', 'zL58J', 'zL36J', 'zL26J', 'yL6J', 'zL6J', 'xL7J', 'zL59J', 'w11', 'zL72J', 'zL33J', 'yL17J', 'yL15J', 'yL16J', 'zL51J', 'w18', 'xL3J', 'xL4J', 'w9', 'w5', 'zL61J', 'zL37J', 'zL46J', 'xL2J', 'yL14J', 'zL56J', 'xL6J', 'zL41J', 'yL0J', 'zL21J', 'zL15J', 'zL68J', 'zL38J', 'zL73J', 'zL77J', 'w8', 'zL16J', 'yL12J', 'zL19J', 'zL12J', 'zL5J', 'zL4J', 'xL8J', 'zL29J', 'w16', 'zL11J', 'zL66J', 'zL30J', 'zL47J', 'zL3J', 'zL48J', 'zL27J', 'zL32J', 'xL1J'}, {'zL67J', 'w4', 'zL64J', 'w20', 'zL54J'})