47, 3.273348195535722, 9.0, 9
+-- , 0 , {65, 3, 67, 5, 7, 73, 79, 17, 81, 25, 91, 93, 31, 95, 55, 59, 61, 63} , {'zL59J', 'xL4J', 'zL49J', 'xL2J', 'xL6J', 'xL1J', 'xL8J', 'xL5J', 'zL48J', 'xL9J', 'zL25J', 'zL5J', 'zL58J', 'xL7J', 'w15', 'zL4J', 'xL0J', 'zL51J', 'zL26J'}
| +-- , 65 , set() , {'w10', 'zL28J', 'zL29J', 'yL7J', 'zL30J', 'xL1J', 'xL8J', 'zL31J', 'xL5J', 'xL0J', 'xL9J'}
| +-- , 3 , set() , {'w6', 'yL3J', 'zL14J', 'xL7J', 'zL13J', 'xL1J', 'xL8J', 'xL5J', 'zL15J', 'zL12J', 'xL9J'}
| +-- , 67 , {69} , {'xL1J', 'xL8J', 'zL5J', 'zL6J', 'xL4J'}
| | +-- , 69 , {71} , {'xL1J', 'zL7J', 'xL8J', 'zL6J'}
| | | +-- , 71 , set() , {'zL7J', 'xL8J', 'w4'}
| +-- , 5 , set() , {'zL67J', 'yL16J', 'xL7J', 'xL4J', 'w19', 'zL66J', 'xL6J', 'xL5J', 'zL64J', 'zL65J', 'xL9J'}
| +-- , 7 , {9} , {'xL7J', 'xL4J', 'xL6J', 'xL1J', 'w12', 'zL39J', 'xL9J'}
| | +-- , 9 , {11} , {'xL7J', 'xL4J', 'zL38J', 'xL1J', 'zL39J', 'xL9J'}
| | | +-- , 11 , {13} , {'xL1J', 'zL37J', 'xL7J', 'xL4J', 'zL38J'}
| | | | +-- , 13 , {15} , {'xL1J', 'zL36J', 'zL37J', 'xL7J'}
| | | | | +-- , 15 , set() , {'xL1J', 'zL36J', 'yL9J'}
| +-- , 73 , {75, 77} , {'zL34J', 'zL35J', 'xL7J', 'yL8J', 'xL2J', 'xL1J', 'xL5J', 'zL32J', 'xL9J'}
| | +-- , 75 , set() , {'zL33J', 'zL34J', 'xL2J', 'zL32J', 'xL5J'}
| | +-- , 77 , set() , {'zL35J', 'xL7J', 'w11'}
| +-- , 79 , set() , {'zL41J', 'zL40J', 'xL2J', 'xL6J', 'zL42J', 'w13', 'xL8J', 'xL0J', 'zL43J', 'yL10J', 'xL9J'}
| +-- , 17 , {19} , {'xL4J', 'zL55J', 'xL1J', 'xL0J', 'xL8J', 'w16', 'xL9J'}
| | +-- , 19 , {21} , {'zL54J', 'xL4J', 'zL55J', 'xL1J', 'xL8J', 'xL9J'}
| | | +-- , 21 , {23} , {'zL53J', 'xL9J', 'xL8J', 'zL54J', 'xL4J', 'zL52J'}
| | | | +-- , 23 , set() , {'yL13J', 'xL8J', 'zL52J'}
| +-- , 81 , {83} , {'yL18J', 'xL4J', 'xL1J', 'xL0J', 'xL5J', 'zL72J', 'xL9J'}
| | +-- , 83 , {85} , {'xL4J', 'xL1J', 'zL73J', 'xL5J', 'zL72J', 'xL9J'}
| | | +-- , 85 , {87} , {'xL1J', 'zL74J', 'zL73J', 'xL4J', 'xL9J'}
| | | | +-- , 87 , {89} , {'xL1J', 'zL74J', 'zL75J', 'xL4J'}
| | | | | +-- , 89 , set() , {'zL75J', 'xL4J', 'w21'}
| +-- , 25 , {27} , {'xL7J', 'xL2J', 'xL1J', 'xL8J', 'w20', 'xL0J', 'zL71J'}
| | +-- , 27 , set() , {'zL68J', 'xL7J', 'xL2J', 'xL1J', 'zL70J', 'yL17J', 'xL8J', 'zL71J', 'zL69J'}
| +-- , 91 , set() , {'zL61J', 'yL15J', 'zL63J', 'xL7J', 'xL2J', 'xL1J', 'w18', 'zL62J', 'xL8J', 'xL5J', 'zL60J'}
| +-- , 93 , set() , {'zL76J', 'zL79J', 'xL7J', 'zL77J', 'xL2J', 'xL1J', 'zL78J', 'xL8J', 'w22', 'yL19J', 'xL9J'}
| +-- , 31 , {33, 53} , {'zL16J', 'w3', 'xL4J', 'zL3J', 'xL2J', 'xL6J', 'xL1J', 'zL0J', 'xL8J', 'xL5J', 'yL14J', 'zL48J', 'xL9J', 'zL25J', 'zL56J', 'zL20J', 'zL58J', 'xL7J', 'yL4J', 'zL4J', 'xL0J', 'zL1J', 'yL5J'}
| | +-- , 33 , {35} , {'zL16J', 'xL2J', 'xL6J', 'zL21J', 'zL0J', 'xL8J', 'xL5J', 'zL48J', 'zL25J', 'zL56J', 'zL20J', 'zL58J', 'zL57J', 'xL7J', 'zL4J', 'xL0J', 'zL17J'}
| | | +-- , 35 , {37, 41, 43, 47, 49} , {'zL18J', 'xL2J', 'zL21J', 'zL0J', 'yL0J', 'xL8J', 'xL5J', 'xL3J', 'zL48J', 'zL25J', 'zL58J', 'zL57J', 'xL7J', 'zL4J', 'xL0J', 'zL17J'}
| | | | +-- , 37 , {39} , {'zL21J', 'xL8J', 'xL5J', 'xL3J', 'zL23J', 'zL22J'}
| | | | | +-- , 39 , set() , {'zL23J', 'w8', 'xL8J'}
| | | | +-- , 41 , set() , {'zL4J', 'yL1J', 'xL3J'}
| | | | +-- , 43 , {45} , {'xL3J', 'zL19J', 'xL7J', 'zL18J'}
| | | | | +-- , 45 , set() , {'zL19J', 'xL3J', 'w7'}
| | | | +-- , 47 , set() , {'zL48J', 'yL12J', 'xL3J'}
| | | | +-- , 49 , {51} , {'zL25J', 'xL2J', 'zL24J', 'xL3J'}
| | | | | +-- , 51 , set() , {'yL6J', 'zL24J', 'xL3J'}
| | +-- , 53 , set() , {'zL2J', 'xL4J', 'zL3J', 'xL5J', 'zL1J'}
| +-- , 95 , set() , {'zL8J', 'zL10J', 'xL7J', 'xL4J', 'zL11J', 'yL2J', 'zL9J', 'xL0J', 'xL5J', 'w5', 'xL9J'}
| +-- , 55 , {57} , {'xL5J', 'zL27J', 'zL26J', 'xL7J'}
| | +-- , 57 , set() , {'w9', 'zL27J', 'xL7J'}
| +-- , 59 , set() , {'zL49J', 'zL50J', 'xL1J', 'xL5J', 'zL51J'}
| +-- , 61 , set() , {'zL59J', 'xL6J', 'w17'}
| +-- , 63 , set() , {'w14', 'xL7J', 'zL47J', 'yL11J', 'xL1J', 'zL44J', 'xL8J', 'xL5J', 'xL0J', 'zL46J', 'zL45J'}


Max number of edges with non zero Y: 33
Max number of iterations of outer rounding loop: 1
Max number of candidate sets: 2
Time spent rounding: 12.244
Time spent solving Separator LP: 19.135
Total time spent solving: 41.647

LP Solver: GaifmanBoosted
Lower Bound Witness = ({'w14', 'zL19J', 'zL3J', 'xL6J', 'xL5J', 'yL14J', 'zL39J', 'zL53J', 'zL63J', 'zL15J', 'zL12J', 'zL16J', 'yL16J', 'w3', 'zL21J', 'yL0J', 'zL31J', 'xL3J', 'zL48J', 'yL10J', 'zL2J', 'zL77J', 'zL78J', 'zL4J', 'zL24J', 'yL5J', 'zL60J', 'yL11J', 'zL22J', 'w17', 'zL64J', 'xL9J', 'w6', 'zL8J', 'zL76J', 'zL79J', 'yL18J', 'w9', 'zL40J', 'zL52J', 'zL66J', 'w20', 'xL0J', 'zL69J', 'zL37J', 'zL7J', 'zL13J', 'zL38J', 'w11', 'xL2J', 'yL2J', 'yL17J', 'zL42J', 'w12', 'zL72J', 'zL36J', 'yL6J', 'zL29J', 'w7', 'zL35J', 'zL30J', 'yL9J', 'zL73J', 'zL17J', 'zL46J', 'zL26J', 'zL65J', 'zL59J', 'w4', 'zL6J', 'zL68J', 'w21', 'zL34J', 'zL58J', 'zL62J', 'zL70J', 'zL43J', 'zL47J', 'w5', 'yL12J', 'w10', 'zL75J', 'yL7J', 'zL50J', 'zL9J', 'xL8J', 'zL33J', 'zL5J', 'zL20J', 'w15', 'yL8J', 'yL4J', 'zL55J', 'zL44J', 'zL32J', 'zL71J', 'yL3J', 'yL13J', 'xL4J', 'w19', 'zL18J', 'zL74J', 'zL27J', 'yL1J', 'zL28J', 'zL41J', 'w13', 'zL51J', 'w16', 'yL19J', 'zL67J', 'w8', 'zL61J', 'zL14J', 'zL54J', 'zL49J', 'xL1J', 'w18', 'zL0J', 'w22', 'zL25J', 'zL56J', 'zL10J', 'yL15J', 'zL57J', 'xL7J', 'zL11J', 'zL1J', 'zL23J', 'zL45J'}, {'zL59J', 'zL6J', 'xL4J', 'w21', 'zL53J', 'w6', 'zL79J', 'zL63J', 'yL5J', 'zL52J', 'zL70J', 'w13', 'zL47J', 'zL75J', 'yL7J', 'zL54J', 'zL13J', 'w11', 'xL1J', 'zL21J', 'yL2J', 'zL31J', 'w22', 'xL3J', 'w7', 'zL57J', 'xL7J', 'yL8J', 'zL44J', 'zL23J'})