26, 0, 3.0, 3
+-- , 0 , {51, 52, 3, 44} , {'43', '40', '49', '27', '55', '74', '18'}
| +-- , 51 , set() , {'71', '31', '5'}
| +-- , 52 , set() , {'3', '16'}
| +-- , 3 , {5} , {'43', '36', '14', '49', '74'}
| | +-- , 5 , {8} , {'36', '14', '49', '46', '74', '20'}
| | | +-- , 8 , {10, 42} , {'14', '49', '53', '46', '9', '74', '21', '20'}
| | | | +-- , 10 , {12} , {'44', '8', '49', '9', '74'}
| | | | | +-- , 12 , {16, 34, 36, 40} , {'0', '44', '8', '49', '22', '74'}
| | | | | | +-- , 16 , {18} , {'0', '45', '44', '8', '22', '74'}
| | | | | | | +-- , 18 , {32, 20} , {'0', '75', '69', '45', '15', '8', '74', '32'}
| | | | | | | | +-- , 32 , set() , {'38', '8', '32', '42'}
| | | | | | | | +-- , 20 , {22, 28, 30} , {'0', '65', '68', '69', '32', '15'}
| | | | | | | | | +-- , 22 , {24, 26} , {'59', '65', '68', '29'}
| | | | | | | | | | +-- , 24 , set() , {'59', '68', '13'}
| | | | | | | | | | +-- , 26 , set() , {'72', '68', '29'}
| | | | | | | | | +-- , 28 , set() , {'35', '65', '70'}
| | | | | | | | | +-- , 30 , set() , {'65', '19', '69', '63'}
| | | | | | +-- , 34 , set() , {'30', '22', '73'}
| | | | | | +-- , 36 , {38} , {'44', '0', '25'}
| | | | | | | +-- , 38 , set() , {'7', '25', '11'}
| | | | | | +-- , 40 , set() , {'57', '0', '8'}
| | | | +-- , 42 , set() , {'21', '51', '53'}
| +-- , 44 , {46} , {'40', '66', '43', '74'}
| | +-- , 46 , {48} , {'66', '28', '74', '60'}
| | | +-- , 48 , {50} , {'52', '39', '74', '60'}
| | | | +-- , 50 , set() , {'52', '4', '47', '6', '74'}


Max number of edges with non zero Y: 23
Max number of iterations of outer rounding loop: 2
Max number of candidate sets: 2
Time spent rounding: 9.591
Time spent solving Separator LP: 0.068

LP Solver: gammaPlusFractionalCoverHeuristic