25, 2.286032977686831, 6.5, 7
+-- , 0 , {3, 15} , {'xL32J', 'xL2J', 'xL22J', 'xL1J', 'xL34J', 'xL19J', 'xL21J'}
| +-- , 3 , {5} , {'xL7J', 'xL2J', 'xL22J', 'xL1J', 'xL17J', 'xL19J'}
| | +-- , 5 , {13, 7} , {'xL7J', 'xL22J', 'xL1J', 'xL17J', 'xL31J', 'xL19J'}
| | | +-- , 13 , set() , {'xL31J', 'xL4J'}
| | | +-- , 7 , {9, 11} , {'xL33J', 'xL17J', 'xL7J', 'xL31J', 'xL19J', 'xL1J'}
| | | | +-- , 9 , set() , {'xL33J', 'xL19J', 'xL37J', 'xL1J'}
| | | | +-- , 11 , set() , {'xL7J', 'xL12J', 'xL33J'}
| +-- , 15 , {17} , {'xL32J', 'xL11J', 'xL2J', 'xL22J', 'xL1J', 'xL36J', 'xL34J', 'xL19J'}
| | +-- , 17 , {22} , {'xL0J', 'xL1J', 'xL28J', 'xL36J', 'xL34J', 'xL32J', 'xL11J', 'xL2J', 'xL8J', 'xL30J', 'xL19J'}
| | | +-- , 22 , {24} , {'xL0J', 'xL1J', 'xL28J', 'xL36J', 'xL34J', 'xL9J', 'xL32J', 'xL11J', 'xL6J', 'xL8J', 'xL30J', 'xL19J', 'xL27J'}
| | | | +-- , 24 , {26, 52} , {'xL0J', 'xL11J', 'xL6J', 'xL1J', 'xL28J', 'xL10J', 'xL36J', 'xL8J', 'xL34J', 'xL30J', 'xL9J', 'xL27J'}
| | | | | +-- , 26 , {48, 50, 28} , {'xL0J', 'xL11J', 'xL6J', 'xL23J', 'xL1J', 'xL28J', 'xL10J', 'xL36J', 'xL8J', 'xL30J', 'xL9J', 'xL27J'}
| | | | | | +-- , 48 , set() , {'xL16J', 'xL10J', 'xL23J', 'xL28J'}
| | | | | | +-- , 50 , set() , {'xL35J', 'xL0J', 'xL11J', 'xL6J', 'xL23J', 'xL28J', 'xL8J', 'xL3J', 'xL9J'}
| | | | | | +-- , 28 , {46, 30} , {'xL11J', 'xL6J', 'xL23J', 'xL1J', 'xL28J', 'xL36J', 'xL26J', 'xL30J', 'xL9J', 'xL27J'}
| | | | | | | +-- , 46 , set() , {'xL27J', 'xL26J', 'xL29J'}
| | | | | | | +-- , 30 , {40, 32} , {'xL11J', 'xL6J', 'xL23J', 'xL38J', 'xL28J', 'xL26J', 'xL30J', 'xL9J', 'xL27J'}
| | | | | | | | +-- , 40 , {42} , {'xL6J', 'xL38J', 'xL28J', 'xL30J', 'xL5J', 'xL13J'}
| | | | | | | | | +-- , 42 , {44} , {'xL6J', 'xL38J', 'xL39J', 'xL30J', 'xL5J', 'xL13J'}
| | | | | | | | | | +-- , 44 , set() , {'xL6J', 'xL18J', 'xL38J', 'xL39J', 'xL30J'}
| | | | | | | | +-- , 32 , {34, 38} , {'xL23J', 'xL38J', 'xL26J', 'xL25J', 'xL30J', 'xL9J', 'xL27J'}
| | | | | | | | | +-- , 34 , {36} , {'xL9J', 'xL24J', 'xL25J'}
| | | | | | | | | | +-- , 36 , set() , {'xL24J', 'xL14J'}
| | | | | | | | | +-- , 38 , set() , {'xL15J', 'xL38J', 'xL26J', 'xL25J', 'xL9J'}
| | | | | +-- , 52 , set() , {'xL20J', 'xL0J', 'xL34J', 'xL10J'}


Max number of edges with non zero Y: 25
Max number of iterations of outer rounding loop: 6
Max number of candidate sets: 2
Time spent rounding: 28.836
Time spent solving Separator LP: 0.561

LP Solver: GaifmanNormal