24, 4.5, 7.0, 7
+-- , 0 , {49, 17, 3, 53, 47} , {'xL32J', 'xL22J', 'xL1J', 'xL17J', 'xL20J', 'xL34J', 'xL25J', 'xL26J', 'xL9J', 'xL27J'}
| +-- , 49 , {51} , {'xL9J', 'xL24J', 'xL25J'}
| | +-- , 51 , set() , {'xL24J', 'xL14J'}
| +-- , 17 , {45, 23} , {'xL0J', 'xL22J', 'xL1J', 'xL34J', 'xL25J', 'xL9J', 'xL32J', 'xL11J', 'xL15J', 'xL23J', 'xL17J', 'xL20J', 'xL26J'}
| | +-- , 45 , set() , {'xL23J', 'xL22J', 'xL1J', 'xL36J', 'xL26J'}
| | +-- , 23 , {25} , {'xL0J', 'xL1J', 'xL34J', 'xL25J', 'xL9J', 'xL32J', 'xL11J', 'xL15J', 'xL23J', 'xL2J', 'xL17J', 'xL20J', 'xL26J'}
| | | +-- , 25 , {27} , {'xL0J', 'xL1J', 'xL34J', 'xL25J', 'xL9J', 'xL32J', 'xL11J', 'xL15J', 'xL23J', 'xL2J', 'xL8J', 'xL20J', 'xL26J', 'xL30J'}
| | | | +-- , 27 , {29, 31} , {'xL0J', 'xL16J', 'xL34J', 'xL25J', 'xL9J', 'xL32J', 'xL11J', 'xL15J', 'xL23J', 'xL8J', 'xL20J', 'xL30J'}
| | | | | +-- , 29 , set() , {'xL16J', 'xL8J', 'xL20J', 'xL10J'}
| | | | | +-- , 31 , {33} , {'xL0J', 'xL28J', 'xL16J', 'xL34J', 'xL25J', 'xL9J', 'xL32J', 'xL11J', 'xL15J', 'xL23J', 'xL8J', 'xL30J'}
| | | | | | +-- , 33 , {35} , {'xL0J', 'xL38J', 'xL28J', 'xL34J', 'xL25J', 'xL9J', 'xL32J', 'xL11J', 'xL15J', 'xL23J', 'xL8J', 'xL30J'}
| | | | | | | +-- , 35 , {43, 37} , {'xL32J', 'xL0J', 'xL11J', 'xL6J', 'xL23J', 'xL28J', 'xL38J', 'xL8J', 'xL34J', 'xL30J', 'xL13J', 'xL9J'}
| | | | | | | | +-- , 43 , set() , {'xL35J', 'xL0J', 'xL11J', 'xL6J', 'xL23J', 'xL28J', 'xL8J', 'xL3J', 'xL9J'}
| | | | | | | | +-- , 37 , {39} , {'xL13J', 'xL30J', 'xL6J', 'xL18J', 'xL38J'}
| | | | | | | | | +-- , 39 , {41} , {'xL39J', 'xL18J', 'xL6J', 'xL13J'}
| | | | | | | | | | +-- , 41 , set() , {'xL5J', 'xL39J', 'xL6J'}
| +-- , 3 , {5, 13} , {'xL17J', 'xL34J', 'xL31J', 'xL19J', 'xL22J', 'xL1J', 'xL27J'}
| | +-- , 5 , {9, 7} , {'xL33J', 'xL17J', 'xL31J', 'xL19J', 'xL1J'}
| | | +-- , 9 , {11} , {'xL33J', 'xL17J', 'xL7J', 'xL19J'}
| | | | +-- , 11 , set() , {'xL7J', 'xL12J', 'xL33J'}
| | | +-- , 7 , set() , {'xL33J', 'xL19J', 'xL37J', 'xL1J'}
| | +-- , 13 , set() , {'xL31J', 'xL4J'}
| +-- , 53 , set() , {'xL32J', 'xL21J', 'xL34J'}
| +-- , 47 , set() , {'xL27J', 'xL26J', 'xL29J'}


Max number of edges with non zero Y: 6
Max number of iterations of outer rounding loop: 0
Max number of candidate sets: 0
Time spent rounding: 0.000
Time spent solving Separator LP: 9.537

LP Solver: GaifmanNormalILP