22, 2.9313238072987833, 7.5, 8
+-- , 0 , {3, 39, 47} , {'xL32J', 'xL0J', 'xL11J', 'xL6J', 'xL23J', 'xL1J', 'xL28J', 'xL16J', 'xL36J', 'xL34J', 'xL26J', 'xL37J', 'xL9J'}
| +-- , 3 , {5} , {'xL0J', 'xL1J', 'xL28J', 'xL36J', 'xL34J', 'xL9J', 'xL32J', 'xL11J', 'xL6J', 'xL23J', 'xL26J', 'xL19J', 'xL37J'}
| | +-- , 5 , {9, 37} , {'xL0J', 'xL22J', 'xL1J', 'xL28J', 'xL36J', 'xL9J', 'xL32J', 'xL11J', 'xL6J', 'xL23J', 'xL26J', 'xL19J', 'xL37J', 'xL27J'}
| | | +-- , 9 , {35, 13} , {'xL0J', 'xL22J', 'xL24J', 'xL1J', 'xL28J', 'xL25J', 'xL9J', 'xL32J', 'xL11J', 'xL6J', 'xL23J', 'xL26J', 'xL19J', 'xL37J', 'xL27J'}
| | | | +-- , 35 , set() , {'xL24J', 'xL14J'}
| | | | +-- , 13 , {15, 23} , {'xL0J', 'xL22J', 'xL1J', 'xL28J', 'xL25J', 'xL9J', 'xL32J', 'xL11J', 'xL6J', 'xL17J', 'xL26J', 'xL19J', 'xL37J'}
| | | | | +-- , 15 , {17, 21} , {'xL33J', 'xL17J', 'xL31J', 'xL19J', 'xL37J', 'xL22J'}
| | | | | | +-- , 17 , {19} , {'xL33J', 'xL17J', 'xL7J', 'xL19J'}
| | | | | | | +-- , 19 , set() , {'xL7J', 'xL12J', 'xL33J'}
| | | | | | +-- , 21 , set() , {'xL31J', 'xL4J'}
| | | | | +-- , 23 , {25} , {'xL0J', 'xL28J', 'xL25J', 'xL9J', 'xL32J', 'xL11J', 'xL15J', 'xL6J', 'xL17J', 'xL26J'}
| | | | | | +-- , 25 , {27} , {'xL32J', 'xL0J', 'xL11J', 'xL15J', 'xL6J', 'xL2J', 'xL38J', 'xL28J', 'xL17J', 'xL26J', 'xL25J'}
| | | | | | | +-- , 27 , {29} , {'xL0J', 'xL6J', 'xL2J', 'xL38J', 'xL28J', 'xL26J', 'xL25J', 'xL30J'}
| | | | | | | | +-- , 29 , {31} , {'xL6J', 'xL38J', 'xL28J', 'xL30J', 'xL5J', 'xL13J'}
| | | | | | | | | +-- , 31 , {33} , {'xL6J', 'xL38J', 'xL39J', 'xL30J', 'xL5J', 'xL13J'}
| | | | | | | | | | +-- , 33 , set() , {'xL6J', 'xL18J', 'xL38J', 'xL39J', 'xL30J'}
| | | +-- , 37 , set() , {'xL27J', 'xL26J', 'xL29J'}
| +-- , 39 , {41, 45} , {'xL32J', 'xL0J', 'xL11J', 'xL6J', 'xL23J', 'xL1J', 'xL28J', 'xL16J', 'xL8J', 'xL34J', 'xL9J'}
| | +-- , 41 , {43} , {'xL16J', 'xL8J', 'xL0J', 'xL34J', 'xL10J'}
| | | +-- , 43 , set() , {'xL20J', 'xL0J', 'xL34J', 'xL10J'}
| | +-- , 45 , set() , {'xL35J', 'xL0J', 'xL11J', 'xL6J', 'xL23J', 'xL28J', 'xL8J', 'xL3J', 'xL9J'}
| +-- , 47 , set() , {'xL32J', 'xL21J', 'xL34J'}


Max number of edges with non zero Y: 37
Max number of iterations of outer rounding loop: 5
Max number of candidate sets: 2
Time spent rounding: 23.519
Time spent solving Separator LP: 0.611

LP Solver: GaifmanBoosted