24, 2.8082691797202686, 6.0, 6
+-- , 0 , {35, 3, 21} , {'xL35J', 'xL0J', 'xL32J', 'xL11J', 'xL23J', 'xL38J', 'xL8J', 'xL26J', 'xL30J', 'xL19J', 'xL3J'}
| +-- , 35 , {37} , {'xL0J', 'xL28J', 'xL38J', 'xL32J', 'xL11J', 'xL23J', 'xL8J', 'xL30J', 'xL19J', 'xL3J'}
| | +-- , 37 , {49, 39, 41} , {'xL32J', 'xL0J', 'xL23J', 'xL28J', 'xL38J', 'xL8J', 'xL34J', 'xL30J', 'xL19J', 'xL3J'}
| | | +-- , 49 , set() , {'xL32J', 'xL21J', 'xL34J'}
| | | +-- , 39 , set() , {'xL0J', 'xL23J', 'xL28J', 'xL16J', 'xL10J', 'xL8J', 'xL20J', 'xL34J'}
| | | +-- , 41 , {43} , {'xL32J', 'xL6J', 'xL28J', 'xL38J', 'xL34J', 'xL30J', 'xL3J'}
| | | | +-- , 43 , {45} , {'xL6J', 'xL38J', 'xL28J', 'xL30J', 'xL5J', 'xL13J'}
| | | | | +-- , 45 , {47} , {'xL6J', 'xL38J', 'xL39J', 'xL30J', 'xL5J', 'xL13J'}
| | | | | | +-- , 47 , set() , {'xL6J', 'xL18J', 'xL38J', 'xL39J', 'xL30J'}
| +-- , 3 , {5} , {'xL0J', 'xL36J', 'xL32J', 'xL11J', 'xL23J', 'xL8J', 'xL26J', 'xL30J', 'xL19J', 'xL37J'}
| | +-- , 5 , {7} , {'xL0J', 'xL36J', 'xL32J', 'xL11J', 'xL2J', 'xL8J', 'xL26J', 'xL30J', 'xL19J', 'xL37J'}
| | | +-- , 7 , {9} , {'xL32J', 'xL0J', 'xL11J', 'xL2J', 'xL1J', 'xL36J', 'xL8J', 'xL26J', 'xL19J', 'xL37J'}
| | | | +-- , 9 , {11} , {'xL32J', 'xL11J', 'xL2J', 'xL22J', 'xL1J', 'xL36J', 'xL19J', 'xL37J'}
| | | | | +-- , 11 , {17, 13} , {'xL7J', 'xL2J', 'xL22J', 'xL1J', 'xL17J', 'xL31J', 'xL19J', 'xL37J'}
| | | | | | +-- , 17 , set() , {'xL31J', 'xL4J'}
| | | | | | +-- , 13 , {15} , {'xL33J', 'xL17J', 'xL7J', 'xL31J', 'xL37J'}
| | | | | | | +-- , 15 , set() , {'xL7J', 'xL12J', 'xL33J'}
| +-- , 21 , {23} , {'xL35J', 'xL32J', 'xL23J', 'xL38J', 'xL26J', 'xL30J', 'xL19J', 'xL9J'}
| | +-- , 23 , {25, 33} , {'xL23J', 'xL38J', 'xL26J', 'xL30J', 'xL19J', 'xL9J', 'xL27J'}
| | | +-- , 25 , {27, 31} , {'xL23J', 'xL38J', 'xL26J', 'xL25J', 'xL30J', 'xL9J', 'xL27J'}
| | | | +-- , 27 , {29} , {'xL9J', 'xL24J', 'xL25J'}
| | | | | +-- , 29 , set() , {'xL24J', 'xL14J'}
| | | | +-- , 31 , set() , {'xL15J', 'xL38J', 'xL26J', 'xL25J', 'xL9J'}
| | | +-- , 33 , set() , {'xL27J', 'xL26J', 'xL29J'}


Max number of edges with non zero Y: 31
Max number of iterations of outer rounding loop: 3
Max number of candidate sets: 2
Time spent rounding: 3.758
Time spent solving Separator LP: 0.421

LP Solver: GaifmanBoosted