25, 2.4830681858372454, 7.5, 8
+-- , 0 , {49, 3, 51, 53, 12} , {'xL1J', 'xL30J', 'xL20J', 'xL18J', 'xL24J', 'xL37J', 'xL28J', 'xL23J', 'xL3J', 'xL19J', 'xL35J', 'xL15J', 'xL26J'}
| +-- , 49 , set() , {'xL23J', 'xL3J', 'xL5J', 'xL24J'}
| +-- , 3 , {5} , {'xL10J', 'xL26J'}
| | +-- , 5 , {7} , {'xL10J', 'xL39J'}
| | | +-- , 7 , set() , {'xL11J', 'xL39J'}
| +-- , 51 , set() , {'xL23J', 'xL25J'}
| +-- , 53 , set() , {'xL15J', 'xL4J', 'xL20J'}
| +-- , 12 , {14} , {'xL1J', 'xL6J', 'xL30J', 'xL20J', 'xL18J', 'xL24J', 'xL37J', 'xL23J', 'xL3J', 'xL19J', 'xL35J', 'xL15J', 'xL26J'}
| | +-- , 14 , {16} , {'xL1J', 'xL6J', 'xL30J', 'xL20J', 'xL18J', 'xL24J', 'xL23J', 'xL3J', 'xL36J', 'xL19J', 'xL35J', 'xL15J', 'xL26J'}
| | | +-- , 16 , {19, 47} , {'xL1J', 'xL13J', 'xL7J', 'xL6J', 'xL30J', 'xL20J', 'xL18J', 'xL24J', 'xL27J', 'xL23J', 'xL3J', 'xL36J', 'xL35J', 'xL15J', 'xL26J'}
| | | | +-- , 19 , {21} , {'xL1J', 'xL13J', 'xL7J', 'xL6J', 'xL30J', 'xL20J', 'xL12J', 'xL18J', 'xL27J', 'xL23J', 'xL3J', 'xL36J', 'xL35J', 'xL15J', 'xL26J'}
| | | | | +-- , 21 , {23, 25, 43, 45} , {'xL1J', 'xL7J', 'xL6J', 'xL30J', 'xL20J', 'xL12J', 'xL18J', 'xL26J', 'xL27J', 'xL23J', 'xL3J', 'xL36J', 'xL35J', 'xL15J', 'xL34J'}
| | | | | | +-- , 23 , set() , {'xL2J', 'xL27J', 'xL29J', 'xL20J', 'xL12J', 'xL34J'}
| | | | | | +-- , 25 , {27} , {'xL1J', 'xL30J', 'xL12J', 'xL26J', 'xL16J', 'xL27J', 'xL23J', 'xL3J', 'xL36J', 'xL35J', 'xL15J', 'xL34J'}
| | | | | | | +-- , 27 , {29} , {'xL1J', 'xL30J', 'xL12J', 'xL26J', 'xL21J', 'xL16J', 'xL23J', 'xL3J', 'xL36J', 'xL35J', 'xL15J', 'xL34J'}
| | | | | | | | +-- , 29 , {35, 37, 31} , {'xL1J', 'xL23J', 'xL22J', 'xL30J', 'xL34J', 'xL3J', 'xL12J', 'xL35J', 'xL15J', 'xL26J', 'xL21J'}
| | | | | | | | | +-- , 35 , set() , {'xL14J', 'xL22J', 'xL34J', 'xL12J'}
| | | | | | | | | +-- , 37 , {39} , {'xL1J', 'xL30J', 'xL22J', 'xL33J', 'xL35J', 'xL34J', 'xL26J'}
| | | | | | | | | | +-- , 39 , {41} , {'xL1J', 'xL30J', 'xL33J', 'xL35J', 'xL34J', 'xL0J', 'xL26J'}
| | | | | | | | | | | +-- , 41 , set() , {'xL1J', 'xL35J', 'xL17J', 'xL34J', 'xL0J'}
| | | | | | | | | +-- , 31 , {33} , {'xL22J', 'xL3J', 'xL35J', 'xL9J', 'xL15J', 'xL26J'}
| | | | | | | | | | +-- , 33 , set() , {'xL8J', 'xL22J', 'xL3J', 'xL9J', 'xL26J'}
| | | | | | +-- , 43 , set() , {'xL7J', 'xL27J', 'xL32J', 'xL3J', 'xL18J', 'xL34J'}
| | | | | | +-- , 45 , set() , {'xL1J', 'xL36J', 'xL35J', 'xL31J', 'xL34J'}
| | | | +-- , 47 , set() , {'xL13J', 'xL7J', 'xL23J', 'xL6J', 'xL3J', 'xL38J'}


Max number of edges with non zero Y: 22
Max number of iterations of outer rounding loop: 7
Max number of candidate sets: 2
Time spent rounding: 36.445
Time spent solving Separator LP: 1.055

LP Solver: GaifmanNormal