24, 4.5, 7.0, 7
+-- , 0 , {3, 52, 54, 13} , {'xL13J', 'xL8J', 'xL20J', 'xL12J', 'xL26J', 'xL28J', 'xL27J', 'xL35J', 'xL31J', 'xL9J', 'xL15J', 'xL34J'}
| +-- , 3 , {5} , {'xL10J', 'xL26J'}
| | +-- , 5 , {7} , {'xL10J', 'xL39J'}
| | | +-- , 7 , set() , {'xL11J', 'xL39J'}
| +-- , 52 , set() , {'xL2J', 'xL27J', 'xL29J', 'xL20J', 'xL12J', 'xL34J'}
| +-- , 54 , set() , {'xL15J', 'xL4J', 'xL20J'}
| +-- , 13 , {50, 18, 46} , {'xL13J', 'xL8J', 'xL30J', 'xL20J', 'xL12J', 'xL26J', 'xL28J', 'xL27J', 'xL23J', 'xL3J', 'xL35J', 'xL31J', 'xL15J', 'xL34J'}
| | +-- , 50 , set() , {'xL23J', 'xL25J'}
| | +-- , 18 , {44, 20} , {'xL13J', 'xL8J', 'xL22J', 'xL30J', 'xL12J', 'xL26J', 'xL28J', 'xL27J', 'xL23J', 'xL3J', 'xL35J', 'xL31J', 'xL15J', 'xL34J'}
| | | +-- , 44 , set() , {'xL14J', 'xL22J', 'xL34J', 'xL12J'}
| | | +-- , 20 , {40, 22} , {'xL13J', 'xL22J', 'xL30J', 'xL12J', 'xL38J', 'xL26J', 'xL28J', 'xL27J', 'xL23J', 'xL3J', 'xL35J', 'xL31J', 'xL15J', 'xL34J'}
| | | | +-- , 40 , {42} , {'xL6J', 'xL3J', 'xL15J', 'xL34J', 'xL38J', 'xL26J', 'xL28J'}
| | | | | +-- , 42 , set() , {'xL6J', 'xL3J', 'xL37J', 'xL28J'}
| | | | +-- , 22 , {24, 38} , {'xL22J', 'xL30J', 'xL12J', 'xL0J', 'xL38J', 'xL26J', 'xL28J', 'xL27J', 'xL23J', 'xL3J', 'xL35J', 'xL31J', 'xL34J'}
| | | | | +-- , 24 , {26} , {'xL22J', 'xL12J', 'xL0J', 'xL38J', 'xL26J', 'xL28J', 'xL27J', 'xL23J', 'xL3J', 'xL35J', 'xL31J', 'xL17J', 'xL34J'}
| | | | | | +-- , 26 , {36, 28} , {'xL22J', 'xL12J', 'xL38J', 'xL26J', 'xL28J', 'xL16J', 'xL27J', 'xL23J', 'xL3J', 'xL36J', 'xL31J', 'xL17J', 'xL34J'}
| | | | | | | +-- , 36 , set() , {'xL16J', 'xL23J', 'xL22J', 'xL36J', 'xL21J'}
| | | | | | | +-- , 28 , {32, 34, 30} , {'xL1J', 'xL27J', 'xL23J', 'xL34J', 'xL32J', 'xL3J', 'xL36J', 'xL12J', 'xL31J', 'xL17J', 'xL26J', 'xL38J', 'xL28J'}
| | | | | | | | +-- , 32 , set() , {'xL1J', 'xL23J', 'xL32J', 'xL18J', 'xL26J'}
| | | | | | | | +-- , 34 , set() , {'xL7J', 'xL32J', 'xL38J', 'xL36J'}
| | | | | | | | +-- , 30 , set() , {'xL1J', 'xL19J', 'xL36J', 'xL28J'}
| | | | | +-- , 38 , set() , {'xL35J', 'xL22J', 'xL33J', 'xL0J'}
| | +-- , 46 , {48} , {'xL13J', 'xL24J', 'xL23J', 'xL3J', 'xL20J'}
| | | +-- , 48 , set() , {'xL23J', 'xL3J', 'xL5J', 'xL24J'}


Max number of edges with non zero Y: 6
Max number of iterations of outer rounding loop: 0
Max number of candidate sets: 0
Time spent rounding: 0.000
Time spent solving Separator LP: 22.532

LP Solver: GaifmanNormalILP