12, 1, 3.0, 3
+-- , 3 , {0, 19} , {'1', '14', '35', '0', '40', '23'}
| +-- , 0 , {16, 5} , {'55', '1', '14', '42'}
| | +-- , 16 , set() , {'1', '60', '42', '55', '68', '45'}
| | +-- , 5 , {7} , {'71', '14', '42', '46', '55', '17', '59', '19'}
| | | +-- , 7 , {9, 17} , {'71', '42', '30', '48', '55', '15', '20', '37'}
| | | | +-- , 9 , {12, 14} , {'12', '49', '42', '30', '58', '55', '15', '32'}
| | | | | +-- , 12 , set() , {'12', '4', '8', '13', '15'}
| | | | | +-- , 14 , set() , {'58', '30', '52', '55', '63', '21'}
| | | | +-- , 17 , {18} , {'71', '30', '48', '15', '20', '37'}
| | | | | +-- , 18 , set() , {'54', '18', '10', '20', '69', '73'}
| +-- , 19 , {20} , {'1', '14', '35', '0', '40', '23'}
| | +-- , 20 , set() , {'1', '44', '40', '36', '23', '70'}


Max number of edges with non zero Y: 7
Max number of iterations of outer rounding loop: 3
Max number of candidate sets: 2
Time spent rounding: 0.062
Time spent solving Separator LP: 0.011
Total time spent solving: 0.286

LP Solver: gammaPlusFractionalCoverHeuristic
Number of Rounding Attemps: 1
Lower Bound Witness = ({'14', '55', '20', '32', '49', '0', '52', '63', '21', '37', '45', '71', '4', '1', '60', '42', '35', '30', '40', '17', '12', '8', '46', '58', '13', '48', '59', '15', '68', '23', '19'}, {'1', '30', '0', '52', '45'})