18, 2.4434325927406078, 9.0, 9
+-- , 0 , {35, 5, 39, 41} , {'xL16J', 'xL28J', 'xL24J', 'xL32J', 'xL38J', 'xL31J', 'xL9J', 'xL15J', 'xL17J', 'xL33J', 'xL30J', 'xL18J', 'xL10J', 'xL0J', 'xL19J'}
| +-- , 35 , {37} , {'xL38J', 'xL36J', 'xL31J'}
| | +-- , 37 , set() , {'xL8J', 'xL36J', 'xL31J'}
| +-- , 5 , {8, 10} , {'xL4J', 'xL16J', 'xL28J', 'xL24J', 'xL9J', 'xL33J', 'xL17J', 'xL30J', 'xL10J', 'xL19J', 'xL38J', 'xL31J', 'xL14J', 'xL15J', 'xL18J', 'xL0J', 'xL23J'}
| | +-- , 8 , set() , {'xL26J', 'xL17J', 'xL18J', 'xL14J'}
| | +-- , 10 , {33, 14, 31} , {'xL5J', 'xL4J', 'xL16J', 'xL28J', 'xL24J', 'xL9J', 'xL33J', 'xL17J', 'xL30J', 'xL10J', 'xL19J', 'xL34J', 'xL38J', 'xL31J', 'xL14J', 'xL0J', 'xL23J'}
| | | +-- , 33 , set() , {'xL23J', 'xL37J', 'xL34J'}
| | | +-- , 14 , {17, 19, 21, 27, 29} , {'xL5J', 'xL4J', 'xL28J', 'xL24J', 'xL9J', 'xL33J', 'xL17J', 'xL30J', 'xL10J', 'xL19J', 'xL34J', 'xL38J', 'xL3J', 'xL31J', 'xL14J', 'xL12J', 'xL0J', 'xL23J'}
| | | | +-- , 17 , set() , {'xL4J', 'xL13J', 'xL12J', 'xL5J', 'xL19J'}
| | | | +-- , 19 , set() , {'xL22J', 'xL38J', 'xL3J', 'xL11J', 'xL12J', 'xL10J', 'xL30J', 'xL0J'}
| | | | +-- , 21 , {23} , {'xL4J', 'xL20J', 'xL24J', 'xL39J', 'xL33J', 'xL30J', 'xL10J', 'xL19J', 'xL34J', 'xL31J', 'xL14J', 'xL12J', 'xL6J', 'xL0J'}
| | | | | +-- , 23 , {25} , {'xL35J', 'xL4J', 'xL39J', 'xL6J', 'xL33J', 'xL10J', 'xL27J'}
| | | | | | +-- , 25 , set() , {'xL35J', 'xL33J', 'xL21J'}
| | | | +-- , 27 , set() , {'xL4J', 'xL7J', 'xL3J', 'xL14J', 'xL12J', 'xL9J', 'xL17J', 'xL30J', 'xL23J'}
| | | | +-- , 29 , set() , {'xL24J', 'xL31J', 'xL12J', 'xL9J', 'xL30J', 'xL2J', 'xL23J'}
| | | +-- , 31 , set() , {'xL23J', 'xL25J', 'xL30J', 'xL34J'}
| +-- , 39 , set() , {'xL38J', 'xL1J', 'xL30J'}
| +-- , 41 , set() , {'xL32J', 'xL29J'}


Max number of edges with non zero Y: 23
Max number of iterations of outer rounding loop: 8
Max number of candidate sets: 2
Time spent rounding: 40.776
Time spent solving Separator LP: 2.694

LP Solver: GaifmanNormal