19, 2.8966279882352035, 10.0, 10
+-- , 0 , {42, 7} , {'xL14J', 'xL12J', 'xL0J', 'xL7J', 'xL17J', 'xL2J', 'xL22J', 'xL11J', 'xL26J', 'xL28J', 'xL20J', 'xL27J', 'xL31J', 'xL25J', 'xL6J', 'xL16J', 'xL8J', 'xL4J'}
| +-- , 42 , set() , {'xL22J', 'xL1J'}
| +-- , 7 , {9} , {'xL14J', 'xL12J', 'xL0J', 'xL7J', 'xL17J', 'xL2J', 'xL22J', 'xL11J', 'xL26J', 'xL30J', 'xL20J', 'xL27J', 'xL31J', 'xL25J', 'xL6J', 'xL16J', 'xL8J', 'xL4J'}
| | +-- , 9 , {38, 40, 12} , {'xL18J', 'xL14J', 'xL12J', 'xL0J', 'xL7J', 'xL17J', 'xL22J', 'xL11J', 'xL26J', 'xL30J', 'xL20J', 'xL35J', 'xL27J', 'xL31J', 'xL25J', 'xL9J', 'xL6J', 'xL16J', 'xL8J', 'xL4J'}
| | | +-- , 38 , set() , {'xL31J', 'xL18J', 'xL36J', 'xL38J', 'xL6J', 'xL26J'}
| | | +-- , 40 , set() , {'xL9J', 'xL33J', 'xL18J'}
| | | +-- , 12 , {14} , {'xL18J', 'xL19J', 'xL14J', 'xL0J', 'xL7J', 'xL17J', 'xL22J', 'xL11J', 'xL30J', 'xL20J', 'xL35J', 'xL25J', 'xL9J', 'xL6J', 'xL16J', 'xL8J', 'xL4J'}
| | | | +-- , 14 , {34, 16, 20, 22, 26} , {'xL18J', 'xL19J', 'xL14J', 'xL0J', 'xL7J', 'xL17J', 'xL22J', 'xL11J', 'xL30J', 'xL5J', 'xL35J', 'xL25J', 'xL9J', 'xL6J', 'xL16J', 'xL8J', 'xL4J'}
| | | | | +-- , 34 , {36} , {'xL24J', 'xL25J', 'xL9J', 'xL0J', 'xL8J', 'xL5J', 'xL35J'}
| | | | | | +-- , 36 , set() , {'xL24J', 'xL25J', 'xL0J', 'xL32J', 'xL8J', 'xL5J', 'xL37J'}
| | | | | +-- , 16 , {18} , {'xL22J', 'xL15J', 'xL4J', 'xL5J', 'xL17J', 'xL35J'}
| | | | | | +-- , 18 , set() , {'xL39J', 'xL15J', 'xL35J'}
| | | | | +-- , 20 , set() , {'xL25J', 'xL19J', 'xL0J', 'xL5J', 'xL21J'}
| | | | | +-- , 22 , {24} , {'xL34J', 'xL18J', 'xL0J', 'xL30J', 'xL5J', 'xL35J'}
| | | | | | +-- , 24 , set() , {'xL10J', 'xL34J', 'xL18J', 'xL5J'}
| | | | | +-- , 26 , {28} , {'xL18J', 'xL14J', 'xL0J', 'xL7J', 'xL17J', 'xL22J', 'xL11J', 'xL5J', 'xL35J', 'xL6J', 'xL16J', 'xL3J', 'xL4J'}
| | | | | | +-- , 28 , {30} , {'xL18J', 'xL29J', 'xL0J', 'xL17J', 'xL6J', 'xL22J', 'xL3J', 'xL4J', 'xL35J'}
| | | | | | | +-- , 30 , {32} , {'xL18J', 'xL29J', 'xL6J', 'xL22J', 'xL3J', 'xL4J', 'xL23J'}
| | | | | | | | +-- , 32 , set() , {'xL29J', 'xL13J', 'xL22J', 'xL3J', 'xL4J', 'xL23J'}


Max number of edges with non zero Y: 34
Max number of iterations of outer rounding loop: 7
Max number of candidate sets: 2
Time spent rounding: 28.963
Time spent solving Separator LP: 0.837

LP Solver: GaifmanBoosted