21, 3.0870710034666753, 8.0, 9
+-- , 0 , {38, 8, 42, 44, 46} , {'xL24J', 'xL18J', 'xL12J', 'xL0J', 'xL2J', 'xL22J', 'xL30J', 'xL28J', 'xL5J', 'xL21J', 'xL20J', 'xL35J', 'xL10J', 'xL25J', 'xL6J', 'xL3J'}
| +-- , 38 , {40} , {'xL27J', 'xL24J', 'xL25J', 'xL18J', 'xL12J', 'xL30J', 'xL28J'}
| | +-- , 40 , set() , {'xL27J', 'xL24J', 'xL25J', 'xL18J', 'xL9J', 'xL12J', 'xL33J'}
| +-- , 8 , {10, 36} , {'xL24J', 'xL18J', 'xL12J', 'xL0J', 'xL2J', 'xL22J', 'xL30J', 'xL28J', 'xL5J', 'xL21J', 'xL20J', 'xL35J', 'xL31J', 'xL25J', 'xL6J', 'xL3J'}
| | +-- , 10 , {12} , {'xL24J', 'xL18J', 'xL0J', 'xL2J', 'xL22J', 'xL30J', 'xL28J', 'xL5J', 'xL21J', 'xL20J', 'xL35J', 'xL31J', 'xL25J', 'xL36J', 'xL6J', 'xL3J'}
| | | +-- , 12 , {14, 28, 30} , {'xL24J', 'xL18J', 'xL0J', 'xL2J', 'xL22J', 'xL26J', 'xL30J', 'xL28J', 'xL5J', 'xL21J', 'xL20J', 'xL35J', 'xL25J', 'xL36J', 'xL6J', 'xL3J'}
| | | | +-- , 14 , {24, 16} , {'xL18J', 'xL0J', 'xL2J', 'xL22J', 'xL26J', 'xL30J', 'xL5J', 'xL21J', 'xL23J', 'xL20J', 'xL35J', 'xL6J', 'xL3J', 'xL4J'}
| | | | | +-- , 24 , {26} , {'xL19J', 'xL6J', 'xL2J', 'xL22J', 'xL30J', 'xL3J', 'xL5J', 'xL4J', 'xL21J', 'xL20J'}
| | | | | | +-- , 26 , set() , {'xL19J', 'xL2J', 'xL11J', 'xL16J', 'xL3J', 'xL4J'}
| | | | | +-- , 16 , {18, 22} , {'xL0J', 'xL17J', 'xL6J', 'xL2J', 'xL22J', 'xL13J', 'xL3J', 'xL5J', 'xL4J', 'xL23J', 'xL20J', 'xL35J'}
| | | | | | +-- , 18 , {20} , {'xL22J', 'xL15J', 'xL4J', 'xL5J', 'xL17J', 'xL35J'}
| | | | | | | +-- , 20 , set() , {'xL39J', 'xL15J', 'xL35J'}
| | | | | | +-- , 22 , set() , {'xL29J', 'xL0J', 'xL17J', 'xL6J', 'xL13J', 'xL35J'}
| | | | +-- , 28 , set() , {'xL26J', 'xL6J', 'xL36J', 'xL38J'}
| | | | +-- , 30 , {32} , {'xL24J', 'xL25J', 'xL0J', 'xL26J', 'xL30J', 'xL28J', 'xL5J', 'xL37J'}
| | | | | +-- , 32 , {34} , {'xL24J', 'xL26J', 'xL30J', 'xL28J', 'xL5J', 'xL8J', 'xL37J'}
| | | | | | +-- , 34 , set() , {'xL24J', 'xL8J', 'xL32J', 'xL37J'}
| | +-- , 36 , set() , {'xL31J', 'xL12J', 'xL7J', 'xL3J', 'xL20J'}
| +-- , 42 , set() , {'xL10J', 'xL34J', 'xL0J', 'xL30J', 'xL35J'}
| +-- , 44 , set() , {'xL18J', 'xL14J', 'xL6J', 'xL28J', 'xL3J'}
| +-- , 46 , set() , {'xL22J', 'xL1J'}


Max number of edges with non zero Y: 29
Max number of iterations of outer rounding loop: 5
Max number of candidate sets: 2
Time spent rounding: 25.440
Time spent solving Separator LP: 1.165

LP Solver: GaifmanBoosted