27, 2.3912430934984137, 8.0, 8
+-- , 0 , {55, 53, 5} , {'X62', 'X41', 'X5', 'X35', 'X45', 'X14', 'X57', 'X34', 'X55', 'X25', 'X24', 'X33', 'X36', 'X58', 'X17', 'X22', 'X50', 'X37', 'X44', 'X56'}
| +-- , 55 , {57} , {'X19', 'X41', 'X20', 'X35', 'X23', 'X16', 'X14', 'X57', 'X21', 'X60', 'X55', 'X33', 'X17', 'X22', 'X37'}
| | +-- , 57 , set() , {'X19', 'X20', 'X18', 'X16', 'X21'}
| +-- , 53 , set() , {'X62', 'X25', 'X61', 'X35', 'X33'}
| +-- , 5 , {7} , {'X62', 'X59', 'X41', 'X43', 'X5', 'X35', 'X45', 'X14', 'X34', 'X42', 'X24', 'X36', 'X58', 'X17', 'X37', 'X50', 'X33', 'X56'}
| | +-- , 7 , {49, 10} , {'X62', 'X41', 'X43', 'X5', 'X35', 'X45', 'X14', 'X64', 'X34', 'X26', 'X42', 'X24', 'X33', 'X36', 'X17', 'X27', 'X50', 'X37'}
| | | +-- , 49 , {51} , {'X41', 'X43', 'X35', 'X65', 'X27', 'X33'}
| | | | +-- , 51 , set() , {'X66', 'X41', 'X43', 'X35', 'X65'}
| | | +-- , 10 , {12} , {'X62', 'X29', 'X41', 'X43', 'X5', 'X35', 'X45', 'X28', 'X14', 'X64', 'X34', 'X26', 'X42', 'X33', 'X36', 'X17', 'X50', 'X37'}
| | | | +-- , 12 , {15} , {'X62', 'X41', 'X43', 'X5', 'X35', 'X45', 'X28', 'X14', 'X64', 'X34', 'X42', 'X33', 'X36', 'X17', 'X50', 'X37', 'X30', 'X31'}
| | | | | +-- , 15 , {39, 43, 45, 47, 17} , {'X62', 'X39', 'X41', 'X43', 'X5', 'X35', 'X45', 'X14', 'X64', 'X34', 'X42', 'X33', 'X36', 'X17', 'X50', 'X37', 'X30', 'X31'}
| | | | | | +-- , 39 , {41} , {'X42', 'X39', 'X41', 'X43', 'X38', 'X36'}
| | | | | | | +-- , 41 , set() , {'X42', 'X41', 'X43', 'X38', 'X40'}
| | | | | | +-- , 43 , set() , {'X39', 'X43', 'X54', 'X17', 'X37'}
| | | | | | +-- , 45 , set() , {'X39', 'X67', 'X43', 'X45', 'X68', 'X37', 'X30'}
| | | | | | +-- , 47 , set() , {'X62', 'X39', 'X41', 'X64', 'X63'}
| | | | | | +-- , 17 , {19, 21} , {'X15', 'X39', 'X41', 'X43', 'X49', 'X5', 'X35', 'X32', 'X14', 'X34', 'X42', 'X37', 'X12', 'X50', 'X33'}
| | | | | | | +-- , 19 , set() , {'X15', 'X39', 'X43', 'X35', 'X52', 'X37', 'X53'}
| | | | | | | +-- , 21 , {37, 23} , {'X39', 'X41', 'X43', 'X49', 'X9', 'X35', 'X5', 'X32', 'X42', 'X13', 'X37', 'X11', 'X12', 'X10', 'X33'}
| | | | | | | | +-- , 37 , set() , {'X51', 'X41', 'X43', 'X13', 'X37'}
| | | | | | | | +-- , 23 , {25} , {'X39', 'X43', 'X5', 'X9', 'X35', 'X6', 'X8', 'X42', 'X33', 'X11', 'X10', 'X32'}
| | | | | | | | | +-- , 25 , {27, 31} , {'X39', 'X42', 'X43', 'X33', 'X5', 'X35', 'X6', 'X7', 'X32', 'X4'}
| | | | | | | | | | +-- , 27 , {29} , {'X2', 'X32', 'X3', 'X5', 'X33', 'X4'}
| | | | | | | | | | | +-- , 29 , set() , {'X2', 'X3', 'X1'}
| | | | | | | | | | +-- , 31 , {33} , {'X39', 'X42', 'X43', 'X35', 'X46', 'X7', 'X33'}
| | | | | | | | | | | +-- , 33 , {35} , {'X42', 'X39', 'X43', 'X47', 'X35', 'X46'}
| | | | | | | | | | | | +-- , 35 , set() , {'X48', 'X42', 'X39', 'X43', 'X47'}


Max number of edges with non zero Y: 21
Max number of iterations of outer rounding loop: 4
Max number of candidate sets: 2
Time spent rounding: 6.408
Time spent solving Separator LP: 0.667
Total time spent solving: 9.304

LP Solver: GaifmanNormal
Lower Bound Witness = ({'X15', 'X29', 'X41', 'X43', 'X20', 'X67', 'X49', 'X9', 'X35', 'X18', 'X32', 'X65', 'X45', 'X68', 'X14', 'X60', 'X52', 'X64', 'X34', 'X7', 'X57', 'X53', 'X63', 'X66', 'X4', 'X8', 'X25', 'X24', 'X38', 'X36', 'X37', 'X11', 'X27', 'X10', 'X40', 'X44', 'X31', 'X62', 'X59', 'X19', 'X48', 'X39', 'X47', 'X5', 'X6', 'X2', 'X23', 'X16', 'X28', 'X21', 'X55', 'X51', 'X26', 'X42', 'X3', 'X61', 'X1', 'X13', 'X54', 'X58', 'X17', 'X46', 'X12', 'X22', 'X50', 'X33', 'X30', 'X56'}, {'X55', 'X39', 'X42', 'X25', 'X18', 'X36', 'X17', 'X23', 'X16', 'X21', 'X57', 'X50', 'X44', 'X63'})