11, 0, 6.0, 7
+-- , 8 , {6} , {'58', '12', '14', '24', '29', '32', '46', '15', '52', '43', '53', '1', '54'}
| +-- , 6 , {0, 10} , {'4', '60', '2', '19', '33', '25', '62', '14', '21', '23', '32', '18', '0', '43', '27', '54', '51', '12', '16', '24', '44', '29', '31', '46', '52', '10', '1', '58', '39', '41', '36', '40', '49', '53'}
| | +-- , 0 , {26} , {'4', '60', '2', '19', '33', '25', '37', '62', '21', '23', '18', '0', '27', '43', '54', '51', '16', '24', '44', '29', '31', '10', '39', '41', '36', '40', '49', '53'}
| | | +-- , 26 , set() , {'4', '60', '2', '19', '33', '25', '62', '21', '23', '18', '0', '27', '54', '51', '16', '24', '29', '31', '56', '39', '41', '49'}
| | +-- , 10 , {13} , {'4', '7', '60', '2', '19', '33', '25', '62', '14', '21', '23', '32', '18', '0', '27', '54', '51', '12', '16', '24', '44', '29', '31', '28', '46', '52', '10', '1', '55', '58', '39', '41', '36', '40', '49', '38'}
| | | +-- , 13 , {24, 15} , {'4', '7', '60', '2', '19', '17', '3', '25', '33', '62', '26', '14', '11', '21', '18', '32', '23', '0', '6', '27', '54', '51', '12', '16', '24', '28', '29', '31', '46', '8', '52', '10', '45', '1', '48', '55', '58', '39', '47', '36', '41', '40', '49', '38'}
| | | | +-- , 24 , set() , {'62', '26', '36', '14', '49', '28', '29', '17', '20', '10', '45', '48', '51'}
| | | | +-- , 15 , {18, 20, 22} , {'7', '60', '19', '17', '25', '62', '14', '18', '32', '0', '34', '6', '27', '24', '39', '47', '42', '36', '38', '4', '2', '3', '35', '26', '11', '21', '23', '59', '54', '12', '16', '28', '29', '31', '46', '8', '52', '45', '1', '48', '55', '41', '49', '50', '30'}
| | | | | +-- , 18 , set() , {'4', '7', '2', '19', '25', '62', '26', '11', '21', '61', '59', '0', '34', '57', '46', '1', '39', '47', '42', '36', '49', '50', '30', '38'}
| | | | | +-- , 20 , set() , {'62', '26', '16', '49', '28', '31', '5', '59', '6', '45', '1', '48', '55'}
| | | | | +-- , 22 , set() , {'4', '7', '60', '2', '3', '35', '17', '25', '62', '26', '14', '11', '22', '18', '32', '59', '0', '6', '27', '12', '24', '28', '31', '46', '8', '52', '9', '45', '39', '47', '13', '42', '41', '49', '50', '30', '38'}


Max number of edges with non zero Y: 16
Max number of iterations of outer rounding loop: 4
Max number of candidate sets: 2
Time spent rounding: 0.348
Time spent solving Separator LP: 0.044
Total time spent solving: 1.306

LP Solver: gammaPlusFractionalCoverHeuristic
Number of Rounding Attemps: 1
Lower Bound Witness = ({'4', '7', '60', '2', '19', '3', '35', '17', '15', '33', '25', '37', '62', '26', '14', '11', '21', '61', '22', '23', '32', '5', '59', '0', '34', '6', '18', '43', '27', '54', '51', '57', '12', '16', '24', '44', '29', '28', '31', '46', '8', '52', '10', '56', '45', '9', '1', '48', '55', '58', '39', '47', '13', '42', '41', '36', '40', '49', '50', '30', '53', '20', '38'}, {'4', '42', '18', '19', '56'})