14, 1.8738690462816927, 6.333333333333333, 8
+-- , 0 , {5, 25, 27, 29} , {'10', '66', '30', '41', '6', '67', '42', '61', '74', '19', '38', '2', '29', '3', '64', '36', '40', '15', '7', '39', '0', '70', '43', '24', '13', '23', '73', '48', '50'}
| +-- , 5 , {7, 23} , {'10', '30', '66', '41', '61', '67', '74', '19', '2', '29', '50', '3', '64', '36', '40', '7', '0', '43', '24', '23', '73', '48', '37'}
| | +-- , 7 , {9, 21} , {'10', '30', '41', '61', '67', '74', '19', '2', '29', '50', '3', '64', '36', '40', '49', '7', '16', '0', '43', '24', '23', '73', '48', '37'}
| | | +-- , 9 , {11} , {'67', '19', '2', '3', '36', '7', '16', '0', '43', '4', '23', '48', '10', '61', '74', '29', '64', '40', '49', '24', '73', '37'}
| | | | +-- , 11 , {17, 19, 13, 15} , {'5', '10', '28', '11', '74', '19', '2', '29', '3', '64', '36', '40', '60', '49', '47', '16', '0', '43', '55', '23', '35', '4', '73', '9', '48'}
| | | | | +-- , 17 , set() , {'75', '49', '43', '35', '14', '65', '9'}
| | | | | +-- , 19 , set() , {'10', '47', '1', '56', '29', '12', '40'}
| | | | | +-- , 13 , set() , {'5', '22', '28', '16', '74', '80', '78', '33', '51', '23', '73', '62'}
| | | | | +-- , 15 , set() , {'47', '0', '45', '55', '46', '29', '36'}
| | | +-- , 21 , set() , {'49', '16', '41', '30', '0', '17', '50'}
| | +-- , 23 , set() , {'58', '10', '66', '0', '24', '40', '37'}
| +-- , 25 , set() , {'10', '69', '66', '43', '23', '79', '48'}
| +-- , 27 , set() , {'27', '0', '44', '61', '73', '36', '50'}
| +-- , 29 , set() , {'68', '72', '74', '2', '29', '63', '3'}


Max number of edges with non zero Y: 16
Max number of iterations of outer rounding loop: 5
Max number of candidate sets: 2
Time spent rounding: 9.970
Time spent solving Separator LP: 0.953
Total time spent solving: 13.743

LP Solver: GaifmanNormal
Lower Bound Witness = ({'5', '30', '67', '1', '45', '80', '33', '2', '19', '3', '36', '75', '7', '16', '0', '43', '55', '23', '35', '4', '65', '48', '10', '28', '22', '41', '11', '61', '74', '78', '56', '29', '50', '14', '64', '12', '46', '40', '60', '49', '47', '24', '17', '51', '73', '9', '62', '37'}, {'30', '67', '19', '2', '3', '36', '7', '0', '43', '23', '48', '37', '10', '41', '61', '74', '29', '64', '40', '24', '73', '50'})