12, 3.5, 5.0, 5
+-- , 0 , {3, 25, 27} , {'10', '69', '66', '61', '67', '29', '79', '40', '7', '47', '0', '24', '43', '4', '23', '48'}
| +-- , 3 , {9, 7} , {'61', '67', '2', '29', '64', '36', '40', '7', '47', '0', '24', '43', '55', '23', '4', '9', '48'}
| | +-- , 9 , {13, 23} , {'5', '30', '41', '11', '61', '67', '74', '2', '29', '64', '36', '40', '7', '0', '24', '43', '4', '23', '9', '50'}
| | | +-- , 13 , {15} , {'5', '30', '41', '11', '61', '74', '2', '29', '64', '36', '49', '27', '16', '0', '44', '43', '17', '23', '73', '9', '50'}
| | | | +-- , 15 , {17, 21} , {'5', '49', '16', '11', '61', '74', '43', '23', '2', '29', '73', '35', '9', '64'}
| | | | | +-- , 17 , {19} , {'5', '68', '28', '11', '6', '61', '74', '80', '19', '2', '63', '29', '3', '64', '60', '15', '16', '72', '13', '51', '23', '35', '73', '62'}
| | | | | | +-- , 19 , set() , {'5', '22', '74', '51', '78', '33', '73'}
| | | | | +-- , 21 , set() , {'75', '49', '43', '35', '14', '65', '9'}
| | | +-- , 23 , set() , {'39', '30', '42', '67', '24', '70', '38'}
| | +-- , 7 , set() , {'47', '0', '45', '55', '46', '29', '36'}
| +-- , 25 , set() , {'58', '7', '10', '66', '0', '61', '67', '24', '4', '40', '37'}
| +-- , 27 , set() , {'10', '47', '1', '56', '29', '12', '40'}


Max number of edges with non zero Y: 5
Max number of iterations of outer rounding loop: 0
Max number of candidate sets: 0
Time spent rounding: 0.000
Time spent solving Separator LP: 26.150
Total time spent solving: 28.374

LP Solver: GaifmanNormalILP
Lower Bound Witness = ({'5', '68', '30', '66', '6', '67', '1', '45', '80', '33', '2', '79', '19', '63', '3', '36', '75', '7', '27', '16', '0', '70', '43', '55', '23', '35', '4', '65', '48', '58', '10', '28', '69', '22', '41', '11', '42', '61', '74', '38', '78', '56', '29', '50', '14', '64', '12', '46', '40', '60', '49', '15', '47', '39', '72', '44', '24', '17', '13', '51', '73', '9', '62', '37'}, {'58', '7', '10', '47', '30', '44', '42', '6', '23', '79', '9', '12', '50'})