23, 1, 3.0, 3
+-- , 19 , {18, 30} , {'43', '8', '0'}
| +-- , 18 , {0} , {'35', '20', '8'}
| | +-- , 0 , {16, 5, 11} , {'20', '8', '4', '21', '18', '35', '12'}
| | | +-- , 16 , {17} , {'12', '35', '4'}
| | | | +-- , 17 , set() , {'4', '19'}
| | | +-- , 5 , {7, 9, 22} , {'20', '6', '21', '40', '18', '35', '12'}
| | | | +-- , 7 , set() , {'40', '21', '30'}
| | | | +-- , 9 , set() , {'12', '36', '6'}
| | | | +-- , 22 , {23} , {'18', '35', '40'}
| | | | | +-- , 23 , {28} , {'18', '42', '33'}
| | | | | | +-- , 28 , {29} , {'18', '42', '33'}
| | | | | | | +-- , 29 , set() , {'18', '42', '27'}
| | | +-- , 11 , {13} , {'8', '21', '18', '14', '12'}
| | | | +-- , 13 , {20, 15} , {'8', '18', '39', '14', '12', '25', '9'}
| | | | | +-- , 20 , {21} , {'39', '12', '25'}
| | | | | | +-- , 21 , {24, 26} , {'25', '2', '32'}
| | | | | | | +-- , 24 , {25} , {'25', '2', '32'}
| | | | | | | | +-- , 25 , set() , {'10', '25', '24'}
| | | | | | | +-- , 26 , {27} , {'25', '2', '32'}
| | | | | | | | +-- , 27 , set() , {'25', '3', '31'}
| | | | | +-- , 15 , set() , {'18', '1', '9'}
| +-- , 30 , {31} , {'43', '8', '0'}
| | +-- , 31 , set() , {'34', '38', '28'}


Max number of edges with non zero Y: 8
Max number of iterations of outer rounding loop: 1
Max number of candidate sets: 2
Time spent rounding: 0.265
Time spent solving Separator LP: 0.005
Total time spent solving: 0.482

LP Solver: gammaPlusFractionalCoverHeuristic
Number of Rounding Attemps: 16
Lower Bound Witness = ({'20', '8', '6', '4', '21', '30', '1', '36', '40', '18', '39', '14', '35', '12', '25', '9'}, {'39', '35', '21', '36'})