22, 1, 4.0, 4
+-- , 17 , {16, 28} , {'43', '8', '0'}
| +-- , 16 , {0} , {'35', '20', '8'}
| | +-- , 0 , {3, 7, 9, 20} , {'20', '8', '21', '30', '18', '40', '35', '12'}
| | | +-- , 3 , {14} , {'12', '35', '4'}
| | | | +-- , 14 , {15} , {'12', '35', '4'}
| | | | | +-- , 15 , set() , {'4', '19'}
| | | +-- , 7 , set() , {'20', '6', '36', '40', '12'}
| | | +-- , 9 , {11} , {'8', '21', '18', '14', '12'}
| | | | +-- , 11 , {18, 13} , {'8', '18', '39', '14', '12', '25', '9'}
| | | | | +-- , 18 , {19} , {'39', '12', '25'}
| | | | | | +-- , 19 , {24, 22} , {'25', '2', '32'}
| | | | | | | +-- , 24 , {25} , {'25', '2', '32'}
| | | | | | | | +-- , 25 , set() , {'25', '3', '31'}
| | | | | | | +-- , 22 , {23} , {'25', '2', '32'}
| | | | | | | | +-- , 23 , set() , {'10', '25', '24'}
| | | | | +-- , 13 , set() , {'18', '1', '9'}
| | | +-- , 20 , {21} , {'18', '35', '40'}
| | | | +-- , 21 , {26} , {'18', '42', '33'}
| | | | | +-- , 26 , {27} , {'18', '42', '33'}
| | | | | | +-- , 27 , set() , {'18', '42', '27'}
| +-- , 28 , {29} , {'43', '8', '0'}
| | +-- , 29 , set() , {'34', '38', '28'}


Max number of edges with non zero Y: 9
Max number of iterations of outer rounding loop: 1
Max number of candidate sets: 2
Time spent rounding: 0.226
Time spent solving Separator LP: 0.007
Total time spent solving: 0.443

LP Solver: gammaPlusFractionalCoverHeuristic
Number of Rounding Attemps: 16
Lower Bound Witness = ({'20', '8', '6', '4', '21', '30', '1', '36', '40', '18', '39', '14', '35', '12', '25', '9'}, {'6', '8', '30', '18', '14'})