37, 1.1666660952380952, 6.0, 6
+-- , 0 , {40, 3} , {'xL2JL9J', 'xL2JL7J', 'xL7JL7J', 'xL6JL7J', 'xL2JL8J', 'xL8JL7J'}
| +-- , 40 , {42, 77} , {'xL2JL9J', 'xL7JL7J', 'xL6JL7J', 'xL5JL9J', 'xL4JL9J', 'xL2JL8J', 'xL3JL9J'}
| | +-- , 42 , {45} , {'xL7JL7J', 'xL6JL7J', 'xL5JL9J', 'xL4JL9J', 'xL7JL8J', 'xL3JL9J', 'xL5JL8J', 'xL6JL8J'}
| | | +-- , 45 , {47} , {'xL7JL7J', 'xL5JL12J', 'xL5JL9J', 'xL5JL11J', 'xL7JL9J', 'xL4JL9J', 'xL5JL10J', 'xL7JL8J', 'xL3JL9J', 'xL5JL8J'}
| | | | +-- , 47 , {49} , {'xL5JL10J', 'xL5JL12J', 'xL9JL9J', 'xL5JL11J', 'xL7JL9J', 'xL4JL9J', 'xL8JL9J', 'xL3JL9J'}
| | | | | +-- , 49 , {67, 53} , {'xL9JL13J', 'xL5JL10J', 'xL5JL12J', 'xL9JL9J', 'xL6JL11J', 'xL4JL9J', 'xL5JL11J', 'xL8JL9J', 'xL8JL13J', 'xL3JL9J'}
| | | | | | +-- , 67 , {69} , {'xL9JL13J', 'xL8JL11J', 'xL7JL11J', 'xL9JL9J', 'xL5JL11J', 'xL6JL11J', 'xL8JL9J', 'xL8JL13J'}
| | | | | | | +-- , 69 , {75, 71} , {'xL9JL13J', 'xL8JL11J', 'xL7JL11J', 'xL9JL9J', 'xL8JL12J', 'xL8JL9J', 'xL8JL13J'}
| | | | | | | | +-- , 75 , set() , {'xL8JL11J', 'xL8JL10J', 'xL9JL10J', 'xL9JL9J', 'xL8JL12J', 'xL8JL9J', 'xL8JL13J'}
| | | | | | | | +-- , 71 , {73} , {'xL8JL12J', 'xL9JL13J', 'xL9JL12J', 'xL7JL11J'}
| | | | | | | | | +-- , 73 , set() , {'xL9JL12J', 'xL8JL12J', 'xL7JL11J', 'xL7JL12J'}
| | | | | | +-- , 53 , {55} , {'xL5JL12J', 'xL6JL10J', 'xL6JL11J', 'xL4JL9J', 'xL5JL10J', 'xL3JL9J'}
| | | | | | | +-- , 55 , {57} , {'xL3JL10J', 'xL5JL12J', 'xL6JL10J', 'xL1JL12J', 'xL2JL12J', 'xL4JL10J', 'xL3JL12J', 'xL4JL9J', 'xL5JL10J', 'xL3JL9J', 'xL4JL12J'}
| | | | | | | | +-- , 57 , {59} , {'xL3JL10J', 'xL3JL13J', 'xL1JL12J', 'xL2JL12J', 'xL3JL12J', 'xL3JL11J', 'xL3JL9J', 'xL4JL12J'}
| | | | | | | | | +-- , 59 , {61, 63} , {'xL2JL13J', 'xL3JL13J', 'xL1JL12J', 'xL2JL12J', 'xL3JL11J', 'xL4JL12J'}
| | | | | | | | | | +-- , 61 , set() , {'xL2JL13J', 'xL3JL13J', 'xL4JL12J', 'xL4JL13J'}
| | | | | | | | | | +-- , 63 , {65} , {'xL2JL11J', 'xL2JL12J', 'xL2JL13J', 'xL3JL11J', 'xL1JL12J'}
| | | | | | | | | | | +-- , 65 , set() , {'xL2JL11J', 'xL3JL11J', 'xL1JL11J', 'xL1JL12J'}
| | +-- , 77 , {79} , {'xL5JL9J', 'xL2JL9J', 'xL4JL9J', 'xL1JL9J', 'xL2JL8J', 'xL3JL9J'}
| | | +-- , 79 , set() , {'xL1JL9J', 'xL2JL8J', 'xL1JL8J'}
| +-- , 3 , {5} , {'xL8JL6J', 'xL8JL5J', 'xL2JL7J', 'xL8JL7J'}
| | +-- , 5 , {7} , {'xL4JL7J', 'xL8JL5J', 'xL2JL7J', 'xL8JL6J', 'xL3JL7J'}
| | | +-- , 7 , {9, 38} , {'xL4JL7J', 'xL8JL5J', 'xL5JL5J', 'xL8JL6J', 'xL3JL7J', 'xL7JL5J', 'xL6JL5J'}
| | | | +-- , 9 , {14} , {'xL4JL7J', 'xL2JL2J', 'xL4JL3J', 'xL7JL5J', 'xL6JL5J', 'xL5JL3J', 'xL5JL5J', 'xL2JL3J', 'xL1JL2J', 'xL3JL2J', 'xL3JL3J', 'xL3JL7J'}
| | | | | +-- , 14 , {16, 36, 22} , {'xL5JL3J', 'xL4JL7J', 'xL3JL6J', 'xL5JL5J', 'xL2JL3J', 'xL2JL2J', 'xL1JL2J', 'xL2JL5J', 'xL4JL3J', 'xL3JL7J', 'xL7JL5J', 'xL6JL5J', 'xL2JL4J'}
| | | | | | +-- , 16 , {18} , {'xL3JL6J', 'xL3JL7J', 'xL2JL4J', 'xL3JL5J', 'xL2JL5J'}
| | | | | | | +-- , 18 , {20} , {'xL1JL5J', 'xL2JL4J', 'xL3JL5J', 'xL2JL5J'}
| | | | | | | | +-- , 20 , set() , {'xL2JL4J', 'xL1JL4J', 'xL1JL5J'}
| | | | | | +-- , 36 , set() , {'xL2JL1J', 'xL2JL3J', 'xL1JL1J', 'xL2JL2J', 'xL1JL2J', 'xL2JL5J', 'xL2JL4J'}
| | | | | | +-- , 22 , {24} , {'xL5JL3J', 'xL4JL7J', 'xL3JL6J', 'xL4JL6J', 'xL5JL6J', 'xL5JL5J', 'xL4JL3J', 'xL7JL5J', 'xL6JL5J'}
| | | | | | | +-- , 24 , {26} , {'xL5JL3J', 'xL5JL2J', 'xL5JL6J', 'xL5JL4J', 'xL5JL5J', 'xL4JL4J', 'xL4JL3J', 'xL7JL5J', 'xL6JL5J'}
| | | | | | | | +-- , 26 , {28} , {'xL5JL2J', 'xL5JL4J', 'xL6JL4J', 'xL6JL2J', 'xL4JL4J', 'xL7JL2J', 'xL8JL2J', 'xL7JL4J', 'xL7JL5J', 'xL6JL5J', 'xL9JL2J'}
| | | | | | | | | +-- , 28 , {30} , {'xL7JL1J', 'xL7JL3J', 'xL6JL2J', 'xL7JL2J', 'xL8JL2J', 'xL7JL4J', 'xL7JL5J', 'xL9JL2J'}
| | | | | | | | | | +-- , 30 , {32, 34} , {'xL7JL1J', 'xL7JL3J', 'xL6JL2J', 'xL8JL2J', 'xL8JL1J', 'xL9JL2J'}
| | | | | | | | | | | +-- , 32 , set() , {'xL8JL1J', 'xL7JL1J', 'xL6JL1J', 'xL6JL2J'}
| | | | | | | | | | | +-- , 34 , set() , {'xL7JL3J', 'xL8JL3J', 'xL8JL2J', 'xL9JL3J', 'xL8JL1J', 'xL9JL2J'}
| | | | +-- , 38 , set() , {'xL8JL5J', 'xL5JL5J', 'xL9JL6J', 'xL8JL6J', 'xL9JL5J', 'xL7JL5J', 'xL6JL5J'}


Max number of edges with non zero Y: 6
Max number of iterations of outer rounding loop: 2
Max number of candidate sets: 2
Time spent rounding: 10.347
Time spent solving Separator LP: 0.769
Total time spent solving: 15.831

LP Solver: GaifmanNormal
Lower Bound Witness = ({'xL8JL2J', 'xL4JL9J', 'xL1JL4J', 'xL4JL6J', 'xL3JL10J', 'xL2JL13J', 'xL9JL9J', 'xL8JL6J', 'xL3JL7J', 'xL4JL13J', 'xL4JL7J', 'xL5JL2J', 'xL8JL3J', 'xL8JL10J', 'xL3JL12J', 'xL3JL11J', 'xL5JL8J', 'xL5JL3J', 'xL5JL4J', 'xL1JL11J', 'xL3JL2J', 'xL5JL11J', 'xL8JL13J', 'xL3JL9J', 'xL2JL1J', 'xL9JL3J', 'xL4JL12J', 'xL8JL11J', 'xL5JL5J', 'xL6JL10J', 'xL7JL5J', 'xL6JL2J', 'xL6JL4J', 'xL9JL2J', 'xL3JL6J', 'xL7JL11J', 'xL7JL2J', 'xL1JL5J', 'xL9JL6J', 'xL7JL4J', 'xL2JL5J', 'xL9JL10J', 'xL5JL9J', 'xL8JL9J', 'xL1JL12J', 'xL2JL9J', 'xL4JL3J', 'xL6JL1J', 'xL6JL11J', 'xL1JL9J', 'xL8JL7J', 'xL7JL1J', 'xL9JL12J', 'xL4JL4J', 'xL5JL10J', 'xL2JL4J', 'xL7JL8J', 'xL1JL1J', 'xL9JL5J', 'xL6JL5J', 'xL3JL13J', 'xL2JL3J', 'xL4JL10J', 'xL5JL12J', 'xL2JL11J', 'xL9JL13J', 'xL5JL6J', 'xL7JL3J', 'xL2JL2J', 'xL7JL7J', 'xL6JL7J', 'xL2JL12J', 'xL7JL9J', 'xL7JL12J', 'xL3JL5J', 'xL6JL8J', 'xL8JL5J', 'xL2JL7J', 'xL1JL8J', 'xL1JL2J', 'xL8JL12J', 'xL3JL3J', 'xL8JL1J', 'xL2JL8J'}, {'xL4JL6J', 'xL5JL2J', 'xL7JL2J', 'xL4JL3J', 'xL4JL10J'})