27, 0, 4.0, 4
+-- , 0 , {3, 53, 43, 31} , {'21', '73', '22', '61', '5', '9', '65'}
| +-- , 3 , {5} , {'73', '82', '22', '61', '5', '4', '79', '65'}
| | +-- , 5 , {7, 9, 29} , {'12', '3', '61', '35', '4', '20', '79', '65'}
| | | +-- , 7 , set() , {'3', '47', '59'}
| | | +-- , 9 , {19, 11, 27} , {'66', '12', '3', '1', '29', '20', '79', '65'}
| | | | +-- , 19 , {21, 23, 25} , {'43', '75', '1', '29', '79'}
| | | | | +-- , 21 , set() , {'56', '75', '11'}
| | | | | +-- , 23 , set() , {'37', '29', '75'}
| | | | | +-- , 25 , set() , {'14', '79', '43'}
| | | | +-- , 11 , {13} , {'29', '65', '68'}
| | | | | +-- , 13 , {15} , {'31', '24', '68'}
| | | | | | +-- , 15 , {17} , {'42', '31', '30'}
| | | | | | | +-- , 17 , set() , {'42', '52', '85'}
| | | | +-- , 27 , set() , {'66', '18', '28'}
| | | +-- , 29 , set() , {'35', '13', '23'}
| +-- , 53 , set() , {'44', '21', '73', '22', '61', '5', '46'}
| +-- , 43 , {45} , {'62', '38', '65'}
| | +-- , 45 , {47} , {'38', '54', '83'}
| | | +-- , 47 , {49} , {'77', '54', '48'}
| | | | +-- , 49 , {51} , {'67', '39', '77'}
| | | | | +-- , 51 , set() , {'8', '39', '53'}
| +-- , 31 , {33} , {'22', '60', '5', '9', '65'}
| | +-- , 33 , {35} , {'60', '7', '5', '65', '22'}
| | | +-- , 35 , {37} , {'50', '7', '5', '65'}
| | | | +-- , 37 , {41, 39} , {'32', '50', '80', '65'}
| | | | | +-- , 41 , set() , {'74', '32', '65'}
| | | | | +-- , 39 , set() , {'57', '80', '76'}


Max number of edges with non zero Y: 26
Max number of iterations of outer rounding loop: 2
Max number of candidate sets: 2
Time spent rounding: 2.652
Time spent solving Separator LP: 0.004

LP Solver: gammaPlusFractionalCoverHeuristic