19, 2.5872658364923056, 8.5, 9
+-- , 0 , {7, 42, 38, 40} , {'xL16J', 'xL7J', 'xL6J', 'xL4J', 'xL20J', 'xL9J', 'xL37J', 'xL28J', 'xL38J', 'xL3J', 'xL35J', 'xL24J', 'xL11J', 'xL33J', 'xL19J', 'xL1J', 'xL23J'}
| +-- , 7 , {9} , {'xL16J', 'xL6J', 'xL20J', 'xL27J', 'xL37J', 'xL28J', 'xL38J', 'xL3J', 'xL35J', 'xL33J', 'xL11J', 'xL24J', 'xL1J', 'xL19J', 'xL23J', 'xL14J'}
| | +-- , 9 , {11} , {'xL16J', 'xL6J', 'xL20J', 'xL17J', 'xL37J', 'xL28J', 'xL38J', 'xL13J', 'xL3J', 'xL33J', 'xL11J', 'xL24J', 'xL1J', 'xL19J', 'xL27J', 'xL14J'}
| | | +-- , 11 , {36, 14} , {'xL16J', 'xL6J', 'xL12J', 'xL20J', 'xL17J', 'xL37J', 'xL38J', 'xL13J', 'xL15J', 'xL3J', 'xL24J', 'xL33J', 'xL11J', 'xL19J', 'xL27J', 'xL14J', 'xL39J'}
| | | | +-- , 36 , set() , {'xL16J', 'xL3J', 'xL15J', 'xL22J', 'xL39J'}
| | | | +-- , 14 , {16, 34} , {'xL16J', 'xL6J', 'xL12J', 'xL17J', 'xL37J', 'xL13J', 'xL3J', 'xL30J', 'xL33J', 'xL11J', 'xL24J', 'xL19J', 'xL27J', 'xL14J', 'xL39J'}
| | | | | +-- , 16 , {18} , {'xL16J', 'xL6J', 'xL5J', 'xL17J', 'xL37J', 'xL13J', 'xL3J', 'xL30J', 'xL33J', 'xL11J', 'xL24J', 'xL19J', 'xL27J', 'xL14J', 'xL39J'}
| | | | | | +-- , 18 , {20, 22} , {'xL16J', 'xL6J', 'xL5J', 'xL29J', 'xL13J', 'xL30J', 'xL33J', 'xL24J', 'xL19J', 'xL27J', 'xL14J', 'xL39J'}
| | | | | | | +-- , 20 , set() , {'xL29J', 'xL13J', 'xL24J', 'xL27J', 'xL18J'}
| | | | | | | +-- , 22 , {24} , {'xL16J', 'xL6J', 'xL5J', 'xL10J', 'xL29J', 'xL21J', 'xL30J', 'xL33J', 'xL19J', 'xL27J', 'xL14J', 'xL39J'}
| | | | | | | | +-- , 24 , {26} , {'xL31J', 'xL6J', 'xL5J', 'xL10J', 'xL29J', 'xL21J', 'xL30J', 'xL33J', 'xL27J', 'xL14J', 'xL39J'}
| | | | | | | | | +-- , 26 , {28} , {'xL29J', 'xL31J', 'xL14J', 'xL27J', 'xL25J', 'xL21J', 'xL33J', 'xL10J', 'xL30J', 'xL39J'}
| | | | | | | | | | +-- , 28 , {30} , {'xL29J', 'xL14J', 'xL25J', 'xL8J', 'xL21J', 'xL33J', 'xL10J', 'xL30J', 'xL39J'}
| | | | | | | | | | | +-- , 30 , {32} , {'xL29J', 'xL14J', 'xL8J', 'xL2J', 'xL33J', 'xL30J', 'xL39J'}
| | | | | | | | | | | | +-- , 32 , set() , {'xL29J', 'xL2J', 'xL30J', 'xL0J', 'xL39J'}
| | | | | +-- , 34 , set() , {'xL30J', 'xL13J', 'xL26J', 'xL37J'}
| +-- , 42 , set() , {'xL34J', 'xL37J'}
| +-- , 38 , set() , {'xL16J', 'xL4J', 'xL32J'}
| +-- , 40 , set() , {'xL7J', 'xL28J', 'xL35J', 'xL24J', 'xL36J'}


Max number of edges with non zero Y: 25
Max number of iterations of outer rounding loop: 8
Max number of candidate sets: 2
Time spent rounding: 68.134
Time spent solving Separator LP: 1.068

LP Solver: GaifmanNormal