20, 5.999999590275785, 8.5, 9
+-- , 0 , {34, 5, 42, 44} , {'xL16J', 'xL31J', 'xL14J', 'xL6J', 'xL37J', 'xL5J', 'xL13J', 'xL2J', 'xL19J', 'xL27J', 'xL30J', 'xL18J', 'xL0J'}
| +-- , 34 , {36} , {'xL16J', 'xL31J', 'xL21J', 'xL2J', 'xL19J', 'xL27J', 'xL14J'}
| | +-- , 36 , {40, 38} , {'xL16J', 'xL31J', 'xL8J', 'xL21J', 'xL2J', 'xL19J', 'xL27J'}
| | | +-- , 40 , set() , {'xL16J', 'xL31J', 'xL8J', 'xL19J', 'xL10J'}
| | | +-- , 38 , set() , {'xL8J', 'xL31J', 'xL25J', 'xL27J'}
| +-- , 5 , {8} , {'xL16J', 'xL6J', 'xL5J', 'xL2J', 'xL37J', 'xL13J', 'xL30J', 'xL24J', 'xL33J', 'xL19J', 'xL27J', 'xL14J', 'xL18J', 'xL0J'}
| | +-- , 8 , {32, 11} , {'xL16J', 'xL6J', 'xL5J', 'xL12J', 'xL17J', 'xL37J', 'xL13J', 'xL30J', 'xL33J', 'xL24J', 'xL19J', 'xL27J', 'xL14J', 'xL18J', 'xL0J', 'xL39J'}
| | | +-- , 32 , set() , {'xL29J', 'xL18J', 'xL0J', 'xL39J'}
| | | +-- , 11 , {14} , {'xL16J', 'xL6J', 'xL5J', 'xL12J', 'xL17J', 'xL23J', 'xL37J', 'xL28J', 'xL13J', 'xL33J', 'xL24J', 'xL19J', 'xL27J', 'xL14J', 'xL39J'}
| | | | +-- , 14 , {16, 22, 24, 30} , {'xL16J', 'xL6J', 'xL5J', 'xL12J', 'xL17J', 'xL37J', 'xL28J', 'xL13J', 'xL15J', 'xL3J', 'xL35J', 'xL33J', 'xL24J', 'xL19J', 'xL23J', 'xL14J', 'xL39J'}
| | | | | +-- , 16 , {18, 20} , {'xL16J', 'xL28J', 'xL12J', 'xL13J', 'xL20J', 'xL15J', 'xL3J', 'xL35J', 'xL1J', 'xL19J', 'xL17J', 'xL39J'}
| | | | | | +-- , 18 , set() , {'xL12J', 'xL28J', 'xL38J', 'xL20J', 'xL1J', 'xL39J'}
| | | | | | +-- , 20 , set() , {'xL16J', 'xL9J', 'xL1J'}
| | | | | +-- , 22 , set() , {'xL16J', 'xL3J', 'xL15J', 'xL22J', 'xL39J'}
| | | | | +-- , 24 , {26, 28} , {'xL16J', 'xL7J', 'xL28J', 'xL35J', 'xL33J', 'xL24J', 'xL23J'}
| | | | | | +-- , 26 , set() , {'xL16J', 'xL7J', 'xL4J', 'xL28J', 'xL33J', 'xL32J'}
| | | | | | +-- , 28 , set() , {'xL7J', 'xL28J', 'xL35J', 'xL24J', 'xL36J'}
| | | | | +-- , 30 , set() , {'xL37J', 'xL5J', 'xL3J', 'xL15J', 'xL11J', 'xL23J'}
| +-- , 42 , set() , {'xL30J', 'xL13J', 'xL26J', 'xL37J'}
| +-- , 44 , set() , {'xL34J', 'xL37J'}


Max number of edges with non zero Y: 6
Max number of iterations of outer rounding loop: 0
Max number of candidate sets: 0
Time spent rounding: 0.000
Time spent solving Separator LP: 24.720

LP Solver: GaifmanNormalILP