19, 2.922595184647369, 9.5, 10
+-- , 0 , {8, 42, 44, 46} , {'xL31J', 'xL6J', 'xL8J', 'xL5J', 'xL2J', 'xL29J', 'xL37J', 'xL38J', 'xL15J', 'xL3J', 'xL24J', 'xL27J', 'xL14J', 'xL18J', 'xL0J', 'xL39J'}
| +-- , 8 , {21, 38, 40, 13} , {'xL16J', 'xL31J', 'xL6J', 'xL8J', 'xL5J', 'xL2J', 'xL37J', 'xL28J', 'xL38J', 'xL15J', 'xL3J', 'xL30J', 'xL24J', 'xL19J', 'xL27J', 'xL14J', 'xL18J', 'xL0J', 'xL39J'}
| | +-- , 21 , {24} , {'xL16J', 'xL6J', 'xL5J', 'xL12J', 'xL2J', 'xL37J', 'xL28J', 'xL38J', 'xL15J', 'xL3J', 'xL30J', 'xL24J', 'xL33J', 'xL19J', 'xL27J', 'xL14J'}
| | | +-- , 24 , {26, 36} , {'xL16J', 'xL6J', 'xL5J', 'xL12J', 'xL37J', 'xL28J', 'xL38J', 'xL15J', 'xL3J', 'xL35J', 'xL33J', 'xL24J', 'xL19J', 'xL27J', 'xL14J'}
| | | | +-- , 26 , {32, 34, 28} , {'xL16J', 'xL7J', 'xL6J', 'xL37J', 'xL5J', 'xL28J', 'xL15J', 'xL3J', 'xL35J', 'xL33J', 'xL24J', 'xL27J'}
| | | | | +-- , 32 , set() , {'xL7J', 'xL28J', 'xL35J', 'xL24J', 'xL36J'}
| | | | | +-- , 34 , set() , {'xL16J', 'xL7J', 'xL4J', 'xL28J', 'xL33J', 'xL32J'}
| | | | | +-- , 28 , {30} , {'xL7J', 'xL27J', 'xL6J', 'xL37J', 'xL5J', 'xL15J', 'xL3J', 'xL23J'}
| | | | | | +-- , 30 , set() , {'xL37J', 'xL5J', 'xL3J', 'xL15J', 'xL11J', 'xL23J'}
| | | | +-- , 36 , set() , {'xL12J', 'xL38J', 'xL3J', 'xL20J', 'xL15J', 'xL35J', 'xL19J'}
| | +-- , 38 , set() , {'xL16J', 'xL31J', 'xL8J', 'xL19J', 'xL10J'}
| | +-- , 40 , set() , {'xL16J', 'xL3J', 'xL15J', 'xL22J', 'xL39J'}
| | +-- , 13 , {15} , {'xL16J', 'xL5J', 'xL26J', 'xL37J', 'xL28J', 'xL38J', 'xL13J', 'xL15J', 'xL24J', 'xL19J', 'xL30J', 'xL18J'}
| | | +-- , 15 , {17, 19} , {'xL16J', 'xL5J', 'xL28J', 'xL38J', 'xL13J', 'xL24J', 'xL1J', 'xL19J'}
| | | | +-- , 17 , set() , {'xL5J', 'xL13J', 'xL24J', 'xL1J', 'xL19J', 'xL17J'}
| | | | +-- , 19 , set() , {'xL16J', 'xL9J', 'xL1J'}
| +-- , 42 , set() , {'xL8J', 'xL31J', 'xL25J', 'xL27J'}
| +-- , 44 , set() , {'xL8J', 'xL14J', 'xL31J', 'xL21J'}
| +-- , 46 , set() , {'xL34J', 'xL37J'}


Max number of edges with non zero Y: 30
Max number of iterations of outer rounding loop: 5
Max number of candidate sets: 2
Time spent rounding: 29.226
Time spent solving Separator LP: 1.786

LP Solver: GaifmanBoosted