10, 0, 7.525619487610248, 11
+-- , 6 , {17, 19, 4, 9} , {'64', '35', '18', '10', '3', '57', '11', '6', '44', '41', '52', '20', '42', '55', '16', '19', '56', '49', '40', '17', '59', '28', '8', '23', '58', '63', '60', '32', '39', '38', '1', '36', '47', '7', '34', '53', '13', '43', '29', '27', '15', '45', '22', '21', '37', '33', '48', '26', '62', '25', '0', '14', '24', '31'}
| +-- , 17 , set() , {'53', '8', '39', '35', '37', '51', '62', '10', '25', '27', '15', '59', '7', '52', '22', '32'}
| +-- , 19 , set() , {'39', '64', '18', '35', '38', '3', '54', '11', '6', '44', '36', '1', '47', '41', '7', '52', '34', '13', '43', '42', '29', '27', '15', '22', '55', '16', '21', '37', '33', '19', '56', '48', '49', '26', '17', '28', '8', '62', '0', '14', '58', '63', '24', '60', '32', '31'}
| +-- , 4 , {0, 21} , {'35', '10', '3', '57', '11', '44', '41', '20', '42', '55', '19', '56', '49', '40', '59', '28', '8', '58', '60', '32', '38', '1', '36', '47', '7', '2', '34', '53', '13', '43', '27', '15', '45', '33', '48', '26', '62', '25', '0', '24'}
| | +-- , 0 , set() , {'35', '38', '10', '3', '11', '57', '44', '36', '1', '12', '47', '7', '20', '2', '34', '53', '43', '42', '27', '15', '55', '33', '19', '56', '48', '49', '40', '59', '28', '8', '62', '25', '0', '30', '24', '60', '32'}
| | +-- , 21 , set() , {'38', '47', '41', '2', '34', '13', '43', '42', '15', '45', '48', '4', '49', '26', '28', '8', '62', '25', '58'}
| +-- , 9 , {11} , {'64', '18', '35', '10', '57', '6', '44', '41', '52', '20', '46', '55', '16', '19', '56', '49', '17', '59', '28', '8', '23', '58', '63', '60', '32', '39', '38', '36', '47', '7', '34', '53', '13', '27', '15', '22', '45', '21', '37', '33', '48', '26', '62', '25', '0', '14', '24', '31'}
| | +-- , 11 , {13} , {'39', '18', '35', '38', '10', '57', '6', '44', '47', '41', '7', '52', '20', '34', '53', '46', '50', '27', '15', '22', '55', '16', '21', '37', '33', '19', '48', '49', '26', '17', '28', '23', '62', '0', '14', '58', '63', '24', '32', '31'}
| | | +-- , 13 , {15} , {'39', '18', '35', '38', '10', '57', '6', '47', '41', '7', '52', '20', '34', '53', '46', '50', '27', '15', '22', '55', '16', '37', '33', '19', '48', '49', '26', '17', '28', '0', '58', '63', '24', '32', '5', '31'}
| | | | +-- , 15 , set() , {'18', '35', '6', '41', '52', '20', '34', '46', '50', '22', '55', '16', '37', '33', '19', '48', '49', '26', '17', '28', '61', '9', '0', '58', '32', '5', '31'}


Max number of edges with non zero Y: 38
Max number of iterations of outer rounding loop: 4
Max number of candidate sets: 2
Time spent rounding: 0.944
Time spent solving Separator LP: 0.033
Total time spent solving: 1.630

LP Solver: gammaPlusFractionalCoverHeuristic
Number of Rounding Attemps: 4
Lower Bound Witness = ({'39', '64', '18', '35', '51', '10', '3', '54', '57', '11', '38', '6', '44', '36', '1', '12', '47', '41', '7', '52', '20', '2', '34', '53', '13', '46', '43', '50', '42', '29', '27', '15', '22', '45', '55', '16', '21', '37', '33', '19', '56', '48', '4', '49', '26', '40', '17', '59', '28', '61', '8', '23', '62', '9', '25', '0', '14', '30', '58', '63', '24', '60', '32', '5', '31'}, {'48', '30', '45', '52', '60'})