66, 3.3809863722811295, 8.0, 8
+-- , 0 , {97, 3, 131, 11, 107, 109, 113, 115, 125, 95, 93, 127} , {'zL17J', 'zL41J', 'xL6J', 'zL27J', 'xL4J', 'xL7J', 'xL9J', 'xL3J', 'xL1J', 'xL2J', 'xL8J', 'zL59J', 'zL79J'}
| +-- , 97 , {99} , {'xL6J', 'xL7J', 'xL9J', 'zL51J', 'xL3J', 'w15', 'xL1J'}
| | +-- , 99 , {101} , {'zL50J', 'xL6J', 'xL7J', 'zL51J', 'xL3J', 'xL1J'}
| | | +-- , 101 , {103} , {'zL50J', 'xL6J', 'zL49J', 'xL1J', 'xL7J'}
| | | | +-- , 103 , {105} , {'zL49J', 'xL1J', 'zL48J', 'xL7J'}
| | | | | +-- , 105 , set() , {'zL48J', 'xL7J', 'yL12J'}
| +-- , 3 , {5} , {'zL27J', 'zL26J', 'xL9J', 'xL1J', 'xL2J', 'xL8J'}
| | +-- , 5 , {7} , {'xL9J', 'zL25J', 'xL1J', 'xL2J', 'zL26J'}
| | | +-- , 7 , {9} , {'zL24J', 'xL1J', 'xL2J', 'zL25J'}
| | | | +-- , 9 , set() , {'xL2J', 'zL24J', 'yL6J'}
| +-- , 131 , set() , {'w9', 'xL3J', 'zL27J'}
| +-- , 11 , {91, 13} , {'zL17J', 'xL7J', 'xL9J', 'xL1J', 'xL2J', 'zL59J', 'zL79J', 'zL78J', 'zL41J', 'xL6J', 'zL18J', 'zL66J', 'xL4J', 'zL67J', 'xL3J', 'xL8J'}
| | +-- , 91 , set() , {'xL6J', 'w19', 'zL67J'}
| | +-- , 13 , {15} , {'zL19J', 'xL7J', 'xL9J', 'xL1J', 'xL2J', 'zL59J', 'zL78J', 'zL41J', 'xL6J', 'zL18J', 'zL66J', 'xL4J', 'xL3J', 'xL8J'}
| | | +-- , 15 , {89, 17} , {'zL19J', 'zL30J', 'xL7J', 'zL29J', 'xL9J', 'xL1J', 'xL2J', 'zL71J', 'zL59J', 'zL78J', 'zL70J', 'zL41J', 'xL6J', 'zL66J', 'xL4J', 'xL3J', 'xL8J'}
| | | | +-- , 89 , set() , {'zL30J', 'xL4J', 'zL31J', 'xL9J', 'w10'}
| | | | +-- , 17 , {65, 67, 69, 75, 19, 85} , {'zL19J', 'xL7J', 'zL29J', 'xL1J', 'xL2J', 'zL71J', 'w7', 'zL59J', 'zL78J', 'zL70J', 'zL41J', 'xL6J', 'zL66J', 'xL4J', 'xL0J', 'xL3J', 'xL8J'}
| | | | | +-- , 65 , set() , {'zL52J', 'zL53J', 'xL4J', 'xL1J', 'yL13J', 'xL0J', 'zL55J', 'w16', 'xL2J', 'xL8J', 'zL54J'}
| | | | | +-- , 67 , set() , {'xL0J', 'zL71J', 'w20'}
| | | | | +-- , 69 , {71} , {'zL77J', 'xL0J', 'xL1J', 'xL2J', 'zL78J'}
| | | | | | +-- , 71 , {73} , {'zL77J', 'xL0J', 'zL76J', 'xL1J'}
| | | | | | | +-- , 73 , set() , {'zL76J', 'xL1J', 'yL19J'}
| | | | | +-- , 75 , {77} , {'xL6J', 'xL7J', 'zL39J', 'xL0J', 'w12', 'xL2J', 'xL8J'}
| | | | | | +-- , 77 , {79} , {'xL6J', 'xL7J', 'zL39J', 'zL38J', 'xL2J', 'xL8J'}
| | | | | | | +-- , 79 , {81} , {'xL2J', 'xL6J', 'zL37J', 'xL7J', 'zL38J'}
| | | | | | | | +-- , 81 , {83} , {'xL6J', 'zL36J', 'zL37J', 'xL7J'}
| | | | | | | | | +-- , 83 , set() , {'yL9J', 'xL6J', 'zL36J'}
| | | | | +-- , 19 , {61, 21} , {'xL7J', 'zL58J', 'zL29J', 'xL1J', 'xL2J', 'zL59J', 'zL62J', 'zL70J', 'xL6J', 'zL66J', 'xL4J', 'zL69J', 'xL0J', 'xL3J', 'zL61J', 'xL8J'}
| | | | | | +-- , 61 , {63} , {'xL3J', 'zL61J', 'xL7J', 'zL60J'}
| | | | | | | +-- , 63 , set() , {'xL3J', 'zL60J', 'yL15J'}
| | | | | | +-- , 21 , {59, 23} , {'zL47J', 'xL7J', 'zL58J', 'zL29J', 'xL1J', 'xL2J', 'zL62J', 'zL68J', 'zL65J', 'xL6J', 'zL66J', 'xL4J', 'zL46J', 'zL69J', 'xL0J', 'xL3J', 'xL8J'}
| | | | | | | +-- , 59 , set() , {'xL4J', 'zL46J', 'xL3J', 'yL11J', 'zL45J', 'xL8J', 'zL44J'}
| | | | | | | +-- , 23 , {25, 53} , {'zL47J', 'xL7J', 'zL58J', 'zL29J', 'zL9J', 'xL1J', 'xL2J', 'zL56J', 'zL62J', 'zL68J', 'zL65J', 'xL6J', 'xL4J', 'zL8J', 'zL57J', 'xL0J', 'xL3J', 'xL8J'}
| | | | | | | | +-- , 25 , {33, 39, 41, 43, 45, 47, 49, 27, 29} , {'zL47J', 'zL65J', 'xL6J', 'xL4J', 'zL8J', 'zL29J', 'xL0J', 'xL3J', 'xL8J', 'xL1J', 'xL2J', 'xL5J', 'zL56J', 'zL62J', 'zL68J'}
| | | | | | | | | +-- , 33 , {35, 37} , {'zL13J', 'xL4J', 'xL0J', 'xL5J', 'zL14J', 'xL1J', 'zL12J', 'xL8J'}
| | | | | | | | | | +-- , 35 , set() , {'xL4J', 'zL15J', 'zL14J', 'xL1J', 'w6'}
| | | | | | | | | | +-- , 37 , set() , {'zL12J', 'xL5J', 'yL3J'}
| | | | | | | | | +-- , 39 , set() , {'xL5J', 'yL14J', 'zL56J'}
| | | | | | | | | +-- , 41 , set() , {'xL6J', 'zL63J', 'w18', 'xL5J', 'zL62J'}
| | | | | | | | | +-- , 43 , set() , {'zL8J', 'xL5J', 'yL2J'}
| | | | | | | | | +-- , 45 , set() , {'w14', 'xL5J', 'zL47J'}
| | | | | | | | | +-- , 47 , set() , {'yL17J', 'xL5J', 'zL68J'}
| | | | | | | | | +-- , 49 , {51} , {'zL65J', 'zL64J', 'xL5J', 'xL8J'}
| | | | | | | | | | +-- , 51 , set() , {'yL16J', 'xL8J', 'zL64J'}
| | | | | | | | | +-- , 27 , set() , {'zL21J', 'yL5J', 'xL4J', 'zL20J', 'zL23J', 'zL22J', 'xL3J', 'xL5J', 'w8', 'xL2J', 'xL8J'}
| | | | | | | | | +-- , 29 , {31} , {'xL5J', 'zL28J', 'xL8J', 'zL29J'}
| | | | | | | | | | +-- , 31 , set() , {'yL7J', 'zL28J', 'xL8J'}
| | | | | | | | +-- , 53 , {55} , {'xL3J', 'xL8J', 'xL7J', 'zL10J', 'zL9J'}
| | | | | | | | | +-- , 55 , {57} , {'zL11J', 'xL8J', 'xL7J', 'zL10J'}
| | | | | | | | | | +-- , 57 , set() , {'zL11J', 'xL8J', 'w5'}
| | | | | +-- , 85 , {87} , {'xL0J', 'zL41J', 'xL2J', 'zL40J'}
| | | | | | +-- , 87 , set() , {'xL2J', 'zL40J', 'yL10J'}
| +-- , 107 , set() , {'w11', 'xL6J', 'xL4J', 'zL32J', 'zL35J', 'xL9J', 'xL3J', 'zL33J', 'xL1J', 'zL34J', 'yL8J'}
| +-- , 109 , {111} , {'xL9J', 'zL41J', 'xL6J', 'zL42J', 'xL8J'}
| | +-- , 111 , set() , {'zL43J', 'xL6J', 'w13', 'zL42J', 'xL9J'}
| +-- , 113 , set() , {'xL6J', 'w22', 'zL79J'}
| +-- , 115 , {123, 117} , {'zL5J', 'xL6J', 'xL4J', 'xL9J', 'zL4J', 'xL1J', 'xL2J'}
| | +-- , 123 , set() , {'zL4J', 'xL4J', 'yL1J'}
| | +-- , 117 , {119} , {'xL9J', 'xL6J', 'zL5J', 'xL1J', 'zL6J'}
| | | +-- , 119 , {121} , {'zL7J', 'xL6J', 'xL1J', 'zL6J'}
| | | | +-- , 121 , set() , {'zL7J', 'xL6J', 'w4'}
| +-- , 125 , set() , {'xL2J', 'w17', 'zL59J'}
| +-- , 95 , set() , {'xL6J', 'zL0J', 'zL1J', 'zL2J', 'w3', 'xL4J', 'yL0J', 'xL7J', 'xL9J', 'xL3J', 'zL3J'}
| +-- , 93 , set() , {'xL6J', 'yL18J', 'xL4J', 'zL74J', 'xL7J', 'zL72J', 'zL75J', 'zL73J', 'xL3J', 'xL1J', 'w21'}
| +-- , 127 , {129} , {'xL4J', 'zL17J', 'zL16J', 'xL7J'}
| | +-- , 129 , set() , {'zL16J', 'xL4J', 'yL4J'}


Max number of edges with non zero Y: 33
Max number of iterations of outer rounding loop: 2
Max number of candidate sets: 2
Time spent rounding: 20.046
Time spent solving Separator LP: 16.751
Total time spent solving: 48.258

LP Solver: GaifmanBoosted
Lower Bound Witness = ({'zL77J', 'zL42J', 'zL26J', 'zL58J', 'zL29J', 'zL22J', 'yL16J', 'zL11J', 'zL68J', 'zL70J', 'w9', 'xL4J', 'zL8J', 'yL9J', 'yL13J', 'zL10J', 'zL67J', 'zL57J', 'yL4J', 'zL55J', 'zL4J', 'zL61J', 'yL8J', 'zL47J', 'zL36J', 'zL1J', 'w3', 'yL19J', 'zL60J', 'zL38J', 'yL14J', 'zL72J', 'zL56J', 'zL44J', 'zL78J', 'yL17J', 'w14', 'zL62J', 'w7', 'zL66J', 'yL18J', 'zL37J', 'zL23J', 'xL0J', 'zL3J', 'zL54J', 'zL35J', 'yL2J', 'zL30J', 'zL39J', 'w11', 'zL63J', 'w4', 'zL73J', 'zL15J', 'xL3J', 'w17', 'zL16J', 'zL19J', 'zL0J', 'zL49J', 'zL20J', 'yL1J', 'zL79J', 'yL15J', 'zL59J', 'w22', 'yL12J', 'zL14J', 'w16', 'zL48J', 'yL7J', 'zL17J', 'w19', 'zL27J', 'zL28J', 'w12', 'zL33J', 'zL34J', 'zL6J', 'zL7J', 'zL65J', 'zL5J', 'yL6J', 'zL32J', 'zL25J', 'zL46J', 'w8', 'w21', 'zL64J', 'zL75J', 'zL12J', 'yL11J', 'zL24J', 'zL18J', 'yL5J', 'w20', 'zL69J', 'xL8J', 'zL40J', 'zL2J', 'yL10J', 'zL74J', 'zL9J', 'yL3J', 'zL76J', 'xL1J', 'zL45J', 'zL71J', 'zL53J', 'zL52J', 'zL41J', 'zL31J', 'zL51J', 'zL21J', 'zL50J', 'yL0J', 'xL7J', 'xL9J', 'xL2J', 'zL13J', 'xL5J', 'w10', 'zL43J', 'xL6J', 'w5', 'w13', 'w18', 'w15', 'w6'}, {'zL17J', 'zL2J', 'zL42J', 'zL26J', 'zL74J', 'zL9J', 'yL3J', 'zL33J', 'zL53J', 'xL3J', 'zL55J', 'zL50J', 'zL47J', 'yL0J', 'zL49J', 'yL19J', 'yL11J', 'zL59J', 'yL15J', 'zL79J', 'w14', 'w13', 'zL66J', 'zL23J', 'yL12J', 'zL35J', 'zL14J', 'xL8J', 'w6'})