66, 3.4703137408793676, 9.0, 9
+-- , 0 , {129, 3, 131, 107, 109, 111, 113, 115, 119, 127} , {'zL36J', 'zL28J', 'xL7J', 'zL75J', 'xL2J', 'xL5J', 'zL68J', 'xL4J', 'zL69J', 'xL0J', 'xL3J', 'zL61J', 'xL8J', 'zL40J'}
| +-- , 129 , set() , {'xL2J', 'zL40J', 'yL10J'}
| +-- , 3 , {5} , {'zL36J', 'zL28J', 'xL7J', 'zL29J', 'zL75J', 'xL2J', 'xL5J', 'zL62J', 'xL4J', 'zL69J', 'xL0J', 'xL3J', 'zL61J', 'xL8J', 'zL40J'}
| | +-- , 5 , {7} , {'zL36J', 'xL7J', 'zL29J', 'zL75J', 'xL2J', 'xL5J', 'zL71J', 'zL62J', 'xL4J', 'w20', 'zL69J', 'xL0J', 'xL3J', 'xL8J', 'zL40J'}
| | | +-- , 7 , {9} , {'zL36J', 'xL7J', 'zL29J', 'zL75J', 'xL2J', 'xL5J', 'zL71J', 'zL62J', 'zL63J', 'xL4J', 'zL69J', 'xL0J', 'xL3J', 'xL8J', 'zL40J'}
| | | | +-- , 9 , {11} , {'zL36J', 'zL30J', 'xL7J', 'zL29J', 'zL75J', 'xL2J', 'xL5J', 'zL71J', 'zL63J', 'xL4J', 'zL69J', 'xL0J', 'xL3J', 'xL8J', 'zL40J'}
| | | | | +-- , 11 , {105, 13} , {'zL36J', 'zL27J', 'zL30J', 'zL26J', 'xL7J', 'zL75J', 'xL2J', 'xL5J', 'zL71J', 'zL63J', 'xL4J', 'zL69J', 'xL0J', 'xL3J', 'xL8J', 'zL40J'}
| | | | | | +-- , 105 , set() , {'w9', 'xL3J', 'zL27J'}
| | | | | | +-- , 13 , {15, 103} , {'zL36J', 'zL30J', 'zL26J', 'xL7J', 'zL75J', 'xL9J', 'xL2J', 'xL5J', 'zL71J', 'zL63J', 'xL4J', 'zL69J', 'zL31J', 'xL0J', 'xL3J', 'xL8J', 'zL40J'}
| | | | | | | +-- , 15 , {17} , {'zL36J', 'zL26J', 'xL7J', 'zL75J', 'xL9J', 'xL2J', 'xL5J', 'zL71J', 'zL63J', 'xL4J', 'zL25J', 'zL69J', 'xL0J', 'xL3J', 'xL8J', 'zL40J'}
| | | | | | | | +-- , 17 , {19} , {'zL36J', 'xL7J', 'zL75J', 'xL9J', 'xL2J', 'xL5J', 'zL71J', 'zL52J', 'zL63J', 'xL4J', 'zL25J', 'yL13J', 'zL69J', 'xL0J', 'xL3J', 'xL8J', 'zL40J'}
| | | | | | | | | +-- , 19 , {99, 91, 21, 27} , {'zL36J', 'xL7J', 'zL75J', 'xL9J', 'xL1J', 'xL2J', 'xL5J', 'zL71J', 'zL52J', 'zL63J', 'xL4J', 'zL25J', 'zL69J', 'xL0J', 'xL3J', 'xL8J', 'zL40J'}
| | | | | | | | | | +-- , 99 , {101} , {'zL24J', 'xL1J', 'xL2J', 'zL25J'}
| | | | | | | | | | | +-- , 101 , set() , {'xL2J', 'zL24J', 'yL6J'}
| | | | | | | | | | +-- , 91 , {93} , {'zL52J', 'xL4J', 'zL53J', 'xL0J', 'xL1J', 'xL2J'}
| | | | | | | | | | | +-- , 93 , {95} , {'xL0J', 'xL2J', 'xL1J', 'zL53J', 'zL54J'}
| | | | | | | | | | | | +-- , 95 , {97} , {'zL55J', 'xL1J', 'xL2J', 'zL54J'}
| | | | | | | | | | | | | +-- , 97 , set() , {'zL55J', 'w16', 'xL1J'}
| | | | | | | | | | +-- , 21 , {25, 23} , {'zL13J', 'xL4J', 'xL0J', 'xL5J', 'zL14J', 'xL1J', 'zL12J', 'xL8J'}
| | | | | | | | | | | +-- , 25 , set() , {'zL12J', 'xL5J', 'yL3J'}
| | | | | | | | | | | +-- , 23 , set() , {'xL4J', 'zL15J', 'zL14J', 'xL1J', 'w6'}
| | | | | | | | | | +-- , 27 , {29} , {'zL36J', 'xL7J', 'zL75J', 'xL9J', 'xL1J', 'xL2J', 'xL5J', 'zL71J', 'zL70J', 'zL63J', 'xL4J', 'zL69J', 'zL51J', 'xL0J', 'xL3J', 'w15', 'xL8J', 'zL40J'}
| | | | | | | | | | | +-- , 29 , {31} , {'zL19J', 'zL36J', 'zL42J', 'xL7J', 'zL75J', 'xL9J', 'xL1J', 'xL2J', 'xL5J', 'w7', 'zL70J', 'zL41J', 'zL63J', 'xL4J', 'zL69J', 'zL51J', 'xL3J', 'xL0J', 'xL8J', 'zL40J'}
| | | | | | | | | | | | +-- , 31 , {33, 87} , {'zL77J', 'zL19J', 'zL36J', 'zL42J', 'xL7J', 'zL75J', 'xL9J', 'xL1J', 'xL2J', 'xL5J', 'zL78J', 'zL70J', 'zL63J', 'xL4J', 'zL69J', 'zL51J', 'xL3J', 'xL0J', 'xL8J'}
| | | | | | | | | | | | | +-- , 33 , {35} , {'zL19J', 'zL36J', 'zL42J', 'xL7J', 'zL75J', 'xL9J', 'xL1J', 'xL2J', 'xL5J', 'zL78J', 'zL70J', 'zL18J', 'zL63J', 'xL4J', 'zL69J', 'zL51J', 'xL3J', 'xL8J'}
| | | | | | | | | | | | | | +-- , 35 , {65, 37, 39, 41, 75, 45, 77, 47, 83, 85, 57, 63} , {'zL50J', 'zL36J', 'zL42J', 'zL49J', 'zL74J', 'xL7J', 'zL75J', 'xL9J', 'xL1J', 'xL2J', 'xL5J', 'zL78J', 'zL70J', 'xL6J', 'zL63J', 'zL18J', 'xL4J', 'zL69J', 'zL51J', 'xL3J', 'zL48J', 'xL8J'}
| | | | | | | | | | | | | | | +-- , 65 , {73, 67} , {'zL5J', 'xL6J', 'xL4J', 'xL9J', 'zL4J', 'xL1J', 'xL2J'}
| | | | | | | | | | | | | | | | +-- , 73 , set() , {'zL4J', 'xL4J', 'yL1J'}
| | | | | | | | | | | | | | | | +-- , 67 , {69} , {'xL9J', 'xL6J', 'zL5J', 'xL1J', 'zL6J'}
| | | | | | | | | | | | | | | | | +-- , 69 , {71} , {'zL7J', 'xL6J', 'xL1J', 'zL6J'}
| | | | | | | | | | | | | | | | | | +-- , 71 , set() , {'zL7J', 'xL6J', 'w4'}
| | | | | | | | | | | | | | | +-- , 37 , set() , {'xL6J', 'zL0J', 'zL1J', 'zL2J', 'w3', 'xL4J', 'yL0J', 'xL7J', 'xL9J', 'xL3J', 'zL3J'}
| | | | | | | | | | | | | | | +-- , 39 , set() , {'zL63J', 'xL6J', 'w18'}
| | | | | | | | | | | | | | | +-- , 41 , {43} , {'xL6J', 'zL78J', 'xL7J', 'zL79J'}
| | | | | | | | | | | | | | | | +-- , 43 , set() , {'xL6J', 'w22', 'zL79J'}
| | | | | | | | | | | | | | | +-- , 75 , set() , {'zL43J', 'xL6J', 'w13', 'zL42J', 'xL9J'}
| | | | | | | | | | | | | | | +-- , 45 , set() , {'w11', 'xL6J', 'xL4J', 'zL32J', 'zL35J', 'xL9J', 'xL3J', 'zL33J', 'xL1J', 'zL34J', 'yL8J'}
| | | | | | | | | | | | | | | +-- , 77 , {79} , {'zL73J', 'xL6J', 'zL74J', 'xL1J', 'xL7J'}
| | | | | | | | | | | | | | | | +-- , 79 , {81} , {'zL73J', 'xL6J', 'xL1J', 'zL72J'}
| | | | | | | | | | | | | | | | | +-- , 81 , set() , {'yL18J', 'xL1J', 'zL72J'}
| | | | | | | | | | | | | | | +-- , 47 , {49, 55} , {'xL6J', 'zL66J', 'xL4J', 'zL67J', 'xL5J', 'xL1J', 'xL8J'}
| | | | | | | | | | | | | | | | +-- , 49 , {51} , {'xL8J', 'zL65J', 'zL66J', 'xL1J', 'xL5J'}
| | | | | | | | | | | | | | | | | +-- , 51 , {53} , {'zL65J', 'zL64J', 'xL5J', 'xL8J'}
| | | | | | | | | | | | | | | | | | +-- , 53 , set() , {'yL16J', 'xL8J', 'zL64J'}
| | | | | | | | | | | | | | | | +-- , 55 , set() , {'xL6J', 'w19', 'zL67J'}
| | | | | | | | | | | | | | | +-- , 83 , set() , {'yL9J', 'xL6J', 'zL36J'}
| | | | | | | | | | | | | | | +-- , 85 , set() , {'zL48J', 'xL7J', 'yL12J'}
| | | | | | | | | | | | | | | +-- , 57 , {59} , {'zL17J', 'xL6J', 'zL18J', 'xL4J', 'xL7J'}
| | | | | | | | | | | | | | | | +-- , 59 , {61} , {'xL4J', 'zL17J', 'zL16J', 'xL7J'}
| | | | | | | | | | | | | | | | | +-- , 61 , set() , {'zL16J', 'xL4J', 'yL4J'}
| | | | | | | | | | | | | | | +-- , 63 , set() , {'xL6J', 'zL59J', 'yL14J', 'xL7J', 'zL58J', 'zL57J', 'xL3J', 'w17', 'xL2J', 'xL5J', 'zL56J'}
| | | | | | | | | | | | | +-- , 87 , {89} , {'zL77J', 'xL0J', 'zL76J', 'xL1J'}
| | | | | | | | | | | | | | +-- , 89 , set() , {'zL76J', 'xL1J', 'yL19J'}
| | | | | | | +-- , 103 , set() , {'xL4J', 'w10', 'zL31J'}
| +-- , 131 , set() , {'yL7J', 'zL28J', 'xL8J'}
| +-- , 107 , set() , {'zL75J', 'xL3J', 'w21'}
| +-- , 109 , set() , {'w14', 'zL47J', 'xL4J', 'zL46J', 'xL0J', 'xL3J', 'yL11J', 'xL5J', 'zL45J', 'xL8J', 'zL44J'}
| +-- , 111 , set() , {'w5', 'yL2J', 'zL8J', 'xL7J', 'zL10J', 'zL9J', 'xL3J', 'xL5J', 'zL11J', 'xL2J', 'xL8J'}
| +-- , 113 , set() , {'yL17J', 'xL5J', 'zL68J'}
| +-- , 115 , {117} , {'xL3J', 'zL61J', 'xL7J', 'zL60J'}
| | +-- , 117 , set() , {'xL3J', 'zL60J', 'yL15J'}
| +-- , 119 , {121} , {'zL36J', 'zL37J', 'xL7J', 'xL0J', 'xL2J', 'xL8J'}
| | +-- , 121 , {123} , {'xL0J', 'xL2J', 'zL37J', 'xL8J', 'zL38J'}
| | | +-- , 123 , {125} , {'xL0J', 'xL8J', 'zL39J', 'zL38J'}
| | | | +-- , 125 , set() , {'xL0J', 'w12', 'zL39J'}
| +-- , 127 , set() , {'zL21J', 'yL5J', 'xL4J', 'zL20J', 'zL23J', 'zL22J', 'xL3J', 'xL5J', 'w8', 'xL2J', 'xL8J'}


Max number of edges with non zero Y: 33
Max number of iterations of outer rounding loop: 4
Max number of candidate sets: 2
Time spent rounding: 58.176
Time spent solving Separator LP: 20.645
Total time spent solving: 104.162

LP Solver: GaifmanBoosted
Lower Bound Witness = ({'zL77J', 'zL42J', 'zL26J', 'zL58J', 'zL29J', 'zL22J', 'yL16J', 'zL11J', 'zL68J', 'zL70J', 'w9', 'xL4J', 'zL8J', 'yL9J', 'yL13J', 'zL10J', 'zL67J', 'zL57J', 'yL4J', 'zL55J', 'zL4J', 'zL61J', 'yL8J', 'zL47J', 'zL36J', 'zL1J', 'w3', 'yL19J', 'zL60J', 'zL38J', 'yL14J', 'zL72J', 'zL56J', 'zL44J', 'zL78J', 'yL17J', 'w14', 'zL62J', 'w7', 'zL66J', 'yL18J', 'zL37J', 'zL23J', 'xL0J', 'zL3J', 'zL54J', 'zL35J', 'yL2J', 'zL30J', 'zL39J', 'w11', 'zL63J', 'w4', 'zL73J', 'zL15J', 'xL3J', 'w17', 'zL16J', 'zL19J', 'zL0J', 'zL49J', 'zL20J', 'yL1J', 'zL79J', 'yL15J', 'zL59J', 'w22', 'yL12J', 'zL14J', 'w16', 'zL48J', 'yL7J', 'zL17J', 'w19', 'zL27J', 'zL28J', 'w12', 'zL33J', 'zL34J', 'zL6J', 'zL7J', 'zL65J', 'zL5J', 'yL6J', 'zL32J', 'zL25J', 'zL46J', 'w8', 'w21', 'zL64J', 'zL75J', 'zL12J', 'yL11J', 'zL24J', 'zL18J', 'yL5J', 'w20', 'zL69J', 'xL8J', 'zL40J', 'zL2J', 'yL10J', 'zL74J', 'zL9J', 'yL3J', 'zL76J', 'xL1J', 'zL45J', 'zL71J', 'zL53J', 'zL52J', 'zL41J', 'zL31J', 'zL51J', 'zL21J', 'zL50J', 'yL0J', 'xL7J', 'xL9J', 'xL2J', 'zL13J', 'xL5J', 'w10', 'zL43J', 'xL6J', 'w5', 'w13', 'w18', 'w15', 'w6'}, {'zL77J', 'yL10J', 'zL28J', 'zL74J', 'w12', 'zL68J', 'zL5J', 'xL4J', 'zL8J', 'zL25J', 'w17', 'yL8J', 'w21', 'zL19J', 'zL36J', 'yL0J', 'yL19J', 'xL7J', 'zL60J', 'zL72J', 'zL20J', 'xL9J', 'xL5J', 'yL11J', 'zL56J', 'zL62J', 'w14', 'w5', 'yL18J', 'zL23J', 'zL40J', 'zL35J'})