12, 1.9759552200619719, 6.0, 7
+-- , 0 , {7, 27, 29, 15} , {'xL22J', 'xL4J', 'xL10J', 'xL15J', 'xL18J', 'xL14J', 'xL2J', 'xL8J', 'xL7J', 'xL3J', 'xL16J', 'xL13J'}
| +-- , 7 , {9} , {'xL19J', 'xL7J', 'xL16J', 'xL13J', 'xL15J', 'xL18J'}
| | +-- , 9 , {11} , {'xL19J', 'xL9J', 'xL16J', 'xL13J', 'xL18J'}
| | | +-- , 11 , set() , {'xL9J', 'xL16J', 'xL11J', 'xL13J', 'xL18J'}
| +-- , 27 , set() , {'xL15J', 'xL22J', 'xL21J'}
| +-- , 29 , set() , {'xL7J', 'xL2J', 'xL14J', 'xL17J'}
| +-- , 15 , {17} , {'xL22J', 'xL8J', 'xL7J', 'xL3J', 'xL16J', 'xL18J', 'xL13J', 'xL10J', 'xL15J', 'xL24J'}
| | +-- , 17 , {19} , {'xL8J', 'xL7J', 'xL3J', 'xL16J', 'xL13J', 'xL10J', 'xL15J', 'xL23J', 'xL24J'}
| | | +-- , 19 , {21} , {'xL0J', 'xL8J', 'xL7J', 'xL3J', 'xL16J', 'xL10J', 'xL15J', 'xL23J', 'xL24J'}
| | | | +-- , 21 , {23} , {'xL6J', 'xL0J', 'xL8J', 'xL3J', 'xL16J', 'xL20J', 'xL10J', 'xL15J', 'xL23J', 'xL24J'}
| | | | | +-- , 23 , {25} , {'xL6J', 'xL0J', 'xL12J', 'xL8J', 'xL20J', 'xL10J', 'xL15J', 'xL24J'}
| | | | | | +-- , 25 , set() , {'xL6J', 'xL12J', 'xL1J', 'xL10J', 'xL15J', 'xL5J', 'xL24J'}


Max number of edges with non zero Y: 21
Max number of iterations of outer rounding loop: 5
Max number of candidate sets: 2
Time spent rounding: 21.537
Time spent solving Separator LP: 0.623
Total time spent solving: 25.486

LP Solver: GaifmanBoosted
Lower Bound Witness = ({'xL12J', 'xL20J', 'xL10J', 'xL15J', 'xL23J', 'xL18J', 'xL14J', 'xL2J', 'xL19J', 'xL8J', 'xL7J', 'xL9J', 'xL3J', 'xL1J', 'xL11J', 'xL5J', 'xL24J', 'xL22J', 'xL6J', 'xL4J', 'xL17J', 'xL21J', 'xL0J', 'xL16J', 'xL13J'}, {'xL2J', 'xL19J', 'xL6J', 'xL4J', 'xL17J', 'xL8J', 'xL3J', 'xL16J', 'xL15J', 'xL5J', 'xL14J'})