11, 3.018001567947083, 7.059402893197907, 10
+-- , 0 , {5} , {'66', '10', '42', '32', '54', '21', '4', '13', '40', '67', '23', '18', '51', '19', '64', '47', '45', '41', '55', '60', '22', '27', '20', '39', '1', '24', '49', '33', '16', '59', '38', '44', '5', '53', '15', '31', '28', '11', '63', '2', '3', '14', '0', '56', '17', '52', '43', '46', '37'}
| +-- , 5 , {19, 7, 21, 23} , {'49', '33', '42', '16', '32', '8', '37', '59', '38', '54', '21', '4', '44', '13', '58', '40', '67', '23', '5', '18', '51', '19', '53', '64', '35', '62', '47', '45', '25', '15', '31', '28', '11', '48', '41', '63', '14', '55', '3', '60', '0', '56', '17', '52', '22', '27', '20', '39', '43', '46', '10', '1', '24'}
| | +-- , 19 , set() , {'16', '8', '54', '21', '4', '57', '44', '58', '18', '53', '62', '25', '28', '41', '55', '60', '0', '52', '43', '37', '1'}
| | +-- , 7 , {9, 17} , {'49', '33', '42', '16', '32', '8', '37', '59', '38', '54', '4', '44', '13', '58', '40', '67', '23', '5', '18', '51', '64', '35', '62', '47', '45', '25', '15', '31', '28', '11', '48', '63', '14', '3', '60', '0', '56', '17', '52', '22', '27', '20', '61', '39', '43', '46', '10', '1', '24'}
| | | +-- , 9 , {11, 15} , {'33', '42', '16', '32', '8', '37', '59', '38', '54', '4', '44', '13', '58', '40', '23', '5', '18', '51', '35', '62', '47', '45', '25', '15', '31', '28', '11', '48', '63', '14', '3', '9', '60', '0', '56', '17', '52', '22', '27', '61', '39', '43', '46', '10', '1', '24'}
| | | | +-- , 11 , {13} , {'36', '33', '26', '16', '42', '32', '8', '59', '38', '4', '13', '58', '40', '23', '5', '18', '51', '12', '47', '31', '28', '25', '11', '48', '63', '9', '60', '0', '65', '56', '17', '52', '22', '27', '39', '43', '46', '10', '1', '24'}
| | | | | +-- , 13 , set() , {'17', '65', '4', '31', '28', '10', '23', '48', '34', '5', '9', '51', '46', '40', '1', '38'}
| | | | +-- , 15 , set() , {'29', '16', '32', '37', '44', '58', '40', '35', '62', '15', '45', '28', '31', '7', '48', '14', '3', '9', '0', '56', '22', '27', '61', '43', '10'}
| | | +-- , 17 , set() , {'49', '10', '16', '59', '38', '54', '44', '40', '67', '51', '64', '47', '45', '25', '48', '63', '56', '17', '27', '20', '61', '39', '6', '37', '1'}
| | +-- , 21 , set() , {'17', '21', '56', '62', '10', '16', '40', '60', '50'}
| | +-- , 23 , set() , {'0', '64', '4', '28', '49', '67', '20', '42', '14', '5', '8', '46', '30', '37', '59', '24'}


Max number of edges with non zero Y: 37
Max number of iterations of outer rounding loop: 6
Max number of candidate sets: 2
Time spent rounding: 42.979
Time spent solving Separator LP: 50.000
Total time spent solving: 99.993

LP Solver: GaifmanBoosted
Lower Bound Witness = ({'36', '29', '49', '33', '26', '16', '42', '32', '8', '37', '59', '38', '50', '54', '21', '4', '57', '44', '13', '58', '40', '67', '23', '5', '18', '51', '12', '19', '53', '64', '35', '62', '47', '45', '28', '15', '11', '31', '25', '7', '48', '34', '63', '14', '3', '55', '41', '30', '9', '60', '0', '65', '56', '17', '52', '22', '27', '20', '61', '39', '43', '46', '6', '10', '1', '24'}, {'49', '33', '16', '42', '32', '37', '59', '38', '54', '21', '4', '44', '13', '40', '67', '23', '5', '18', '51', '19', '53', '64', '15', '47', '45', '28', '31', '11', '41', '63', '14', '3', '55', '60', '0', '56', '17', '52', '22', '27', '20', '39', '43', '46', '10', '1', '24'})