12, 1.6428571428571412, 4.5, 5
+-- , 0 , {3} , {'xL1J', 'xL9J', 'xL15J', 'xL18J', 'xL2J', 'xL17J'}
| +-- , 3 , {7} , {'xL1J', 'xL9J', 'xL11J', 'xL15J', 'xL18J', 'xL5J', 'xL19J', 'xL17J'}
| | +-- , 7 , {9} , {'xL1J', 'xL9J', 'xL11J', 'xL18J', 'xL15J', 'xL5J', 'xL19J', 'xL0J'}
| | | +-- , 9 , {12} , {'xL1J', 'xL8J', 'xL9J', 'xL11J', 'xL14J', 'xL18J', 'xL5J', 'xL19J', 'xL0J'}
| | | | +-- , 12 , {16, 14} , {'xL1J', 'xL8J', 'xL9J', 'xL11J', 'xL14J', 'xL18J', 'xL5J', 'xL19J', 'xL4J'}
| | | | | +-- , 16 , {18, 24, 26} , {'xL1J', 'xL8J', 'xL9J', 'xL11J', 'xL18J', 'xL10J', 'xL5J', 'xL19J', 'xL4J'}
| | | | | | +-- , 18 , {20} , {'xL8J', 'xL11J', 'xL10J', 'xL5J', 'xL19J', 'xL4J', 'xL16J'}
| | | | | | | +-- , 20 , {22} , {'xL8J', 'xL12J', 'xL10J', 'xL5J', 'xL4J', 'xL16J'}
| | | | | | | | +-- , 22 , set() , {'xL16J', 'xL12J', 'xL13J', 'xL4J'}
| | | | | | +-- , 24 , set() , {'xL1J', 'xL3J', 'xL9J', 'xL18J', 'xL10J'}
| | | | | | +-- , 26 , set() , {'xL8J', 'xL1J', 'xL10J', 'xL19J', 'xL7J'}
| | | | | +-- , 14 , set() , {'xL4J', 'xL8J', 'xL6J', 'xL5J'}


Max number of edges with non zero Y: 17
Max number of iterations of outer rounding loop: 4
Max number of candidate sets: 2
Time spent rounding: 8.856
Time spent solving Separator LP: 0.234
Total time spent solving: 10.772

LP Solver: GaifmanBoosted
Lower Bound Witness = ({'xL8J', 'xL1J', 'xL3J', 'xL9J', 'xL11J', 'xL14J', 'xL18J', 'xL12J', 'xL10J', 'xL5J', 'xL19J', 'xL13J', 'xL7J', 'xL0J', 'xL4J', 'xL16J', 'xL6J'}, {'xL1J', 'xL9J', 'xL11J', 'xL14J', 'xL18J', 'xL5J', 'xL19J', 'xL0J'})