11, 3.0, 4.5, 5
+-- , 0 , {17, 3, 19, 21, 23, 7} , {'xL8J', 'xL1J', 'xL11J', 'xL9J', 'xL18J', 'xL5J', 'xL0J', 'xL4J'}
| +-- , 17 , set() , {'xL2J', 'xL1J', 'xL18J', 'xL9J'}
| +-- , 3 , set() , {'xL4J', 'xL8J', 'xL6J', 'xL5J'}
| +-- , 19 , set() , {'xL1J', 'xL9J', 'xL17J', 'xL5J'}
| +-- , 21 , set() , {'xL11J', 'xL15J', 'xL0J', 'xL9J'}
| +-- , 23 , set() , {'xL11J', 'xL9J', 'xL14J', 'xL0J', 'xL4J'}
| +-- , 7 , {9, 11, 13} , {'xL1J', 'xL8J', 'xL9J', 'xL11J', 'xL18J', 'xL10J', 'xL5J', 'xL4J', 'xL16J'}
| | +-- , 9 , set() , {'xL1J', 'xL3J', 'xL9J', 'xL18J', 'xL10J'}
| | +-- , 11 , set() , {'xL1J', 'xL8J', 'xL18J', 'xL10J', 'xL5J', 'xL19J', 'xL7J', 'xL16J'}
| | +-- , 13 , {15} , {'xL8J', 'xL12J', 'xL10J', 'xL5J', 'xL4J', 'xL16J'}
| | | +-- , 15 , set() , {'xL16J', 'xL12J', 'xL13J', 'xL4J'}


Max number of edges with non zero Y: 5
Max number of iterations of outer rounding loop: 0
Max number of candidate sets: 0
Time spent rounding: 0.000
Time spent solving Separator LP: 0.341
Total time spent solving: 0.563

LP Solver: GaifmanNormalILP
Lower Bound Witness = ({'xL8J', 'xL3J', 'xL9J', 'xL10J', 'xL2J', 'xL13J', 'xL14J', 'xL12J', 'xL19J', 'xL7J', 'xL6J', 'xL1J', 'xL11J', 'xL18J', 'xL15J', 'xL5J', 'xL0J', 'xL4J', 'xL16J', 'xL17J'}, {'xL1J', 'xL9J', 'xL11J', 'xL14J', 'xL12J', 'xL15J', 'xL10J', 'xL5J', 'xL2J', 'xL4J', 'xL6J'})