15, 0, 9.5, 10
+-- , 0 , {5, 37} , {'xL15J', 'xL37J', 'xL1J', 'xL11J', 'xL8J', 'xL22J', 'xL32J', 'xL5J', 'xL18J', 'xL10J', 'xL28J', 'xL35J', 'xL30J', 'xL4J', 'xL0J', 'xL9J'}
| +-- , 5 , {10} , {'xL2J', 'xL23J', 'xL1J', 'xL11J', 'xL22J', 'xL8J', 'xL32J', 'xL39J', 'xL18J', 'xL10J', 'xL28J', 'xL35J', 'xL30J', 'xL33J', 'xL4J', 'xL0J', 'xL9J'}
| | +-- , 10 , {35, 12} , {'xL2J', 'xL23J', 'xL1J', 'xL11J', 'xL22J', 'xL8J', 'xL39J', 'xL32J', 'xL18J', 'xL10J', 'xL28J', 'xL35J', 'xL30J', 'xL33J', 'xL34J', 'xL0J', 'xL9J'}
| | | +-- , 35 , set() , {'xL28J', 'xL29J', 'xL35J', 'xL30J', 'xL23J', 'xL22J', 'xL34J', 'xL26J', 'xL18J'}
| | | +-- , 12 , {17, 33} , {'xL12J', 'xL31J', 'xL2J', 'xL23J', 'xL1J', 'xL11J', 'xL22J', 'xL8J', 'xL32J', 'xL7J', 'xL21J', 'xL10J', 'xL28J', 'xL35J', 'xL14J', 'xL33J', 'xL34J', 'xL0J', 'xL9J'}
| | | | +-- , 17 , {19} , {'xL12J', 'xL31J', 'xL2J', 'xL23J', 'xL1J', 'xL11J', 'xL22J', 'xL25J', 'xL7J', 'xL8J', 'xL21J', 'xL10J', 'xL28J', 'xL35J', 'xL14J', 'xL33J', 'xL34J', 'xL0J'}
| | | | | +-- , 19 , {21, 31} , {'xL12J', 'xL31J', 'xL2J', 'xL23J', 'xL1J', 'xL11J', 'xL25J', 'xL22J', 'xL7J', 'xL8J', 'xL10J', 'xL28J', 'xL14J', 'xL33J', 'xL27J', 'xL34J', 'xL21J'}
| | | | | | +-- , 21 , {29, 23} , {'xL31J', 'xL23J', 'xL1J', 'xL11J', 'xL25J', 'xL22J', 'xL7J', 'xL8J', 'xL10J', 'xL38J', 'xL36J', 'xL33J', 'xL27J', 'xL34J', 'xL21J'}
| | | | | | | +-- , 29 , set() , {'xL31J', 'xL36J', 'xL11J', 'xL6J', 'xL10J'}
| | | | | | | +-- , 23 , {25, 27} , {'xL38J', 'xL36J', 'xL33J', 'xL27J', 'xL1J', 'xL11J', 'xL25J', 'xL22J', 'xL8J', 'xL34J', 'xL13J'}
| | | | | | | | +-- , 25 , set() , {'xL36J', 'xL3J', 'xL33J', 'xL1J', 'xL25J', 'xL22J', 'xL34J', 'xL13J'}
| | | | | | | | +-- , 27 , set() , {'xL24J', 'xL33J', 'xL11J', 'xL8J', 'xL13J'}
| | | | | | +-- , 31 , set() , {'xL31J', 'xL27J', 'xL16J', 'xL1J'}
| | | | +-- , 33 , set() , {'xL14J', 'xL1J', 'xL19J', 'xL34J', 'xL7J', 'xL32J', 'xL20J', 'xL9J'}
| +-- , 37 , set() , {'xL11J', 'xL0J', 'xL17J'}


Max number of edges with non zero Y: 26
Max number of iterations of outer rounding loop: 12
Max number of candidate sets: 2
Time spent rounding: 51.801
Time spent solving Separator LP: 0.104

LP Solver: gammaPlusFractionalCoverHeuristic