23, 3.036759360318617, 7.5, 8
+-- , 0 , {48, 50, 6, 40, 44} , {'xL31J', 'xL15J', 'xL14J', 'xL30J', 'xL3J', 'xL23J', 'xL33J', 'xL27J', 'xL1J', 'xL11J', 'xL22J', 'xL6J'}
| +-- , 48 , set() , {'xL31J', 'xL27J', 'xL16J', 'xL1J'}
| +-- , 50 , set() , {'xL2J', 'xL22J', 'xL27J', 'xL31J'}
| +-- , 6 , {8} , {'xL29J', 'xL31J', 'xL3J', 'xL23J', 'xL1J', 'xL11J', 'xL25J', 'xL22J', 'xL8J', 'xL14J', 'xL30J', 'xL33J', 'xL27J', 'xL6J', 'xL26J'}
| | +-- , 8 , {12, 38} , {'xL29J', 'xL31J', 'xL14J', 'xL3J', 'xL23J', 'xL33J', 'xL27J', 'xL1J', 'xL11J', 'xL8J', 'xL25J', 'xL6J', 'xL0J', 'xL26J', 'xL10J'}
| | | +-- , 12 , {36, 14} , {'xL29J', 'xL31J', 'xL3J', 'xL23J', 'xL1J', 'xL11J', 'xL8J', 'xL25J', 'xL10J', 'xL14J', 'xL33J', 'xL27J', 'xL34J', 'xL0J', 'xL26J'}
| | | | +-- , 36 , set() , {'xL12J', 'xL33J', 'xL27J', 'xL34J', 'xL10J'}
| | | | +-- , 14 , {32, 16} , {'xL29J', 'xL31J', 'xL3J', 'xL23J', 'xL1J', 'xL11J', 'xL25J', 'xL8J', 'xL7J', 'xL14J', 'xL33J', 'xL27J', 'xL34J', 'xL0J', 'xL26J'}
| | | | | +-- , 32 , {34} , {'xL24J', 'xL31J', 'xL3J', 'xL33J', 'xL27J', 'xL11J', 'xL25J', 'xL8J', 'xL7J', 'xL13J'}
| | | | | | +-- , 34 , set() , {'xL13J', 'xL38J', 'xL31J', 'xL7J'}
| | | | | +-- , 16 , {18} , {'xL29J', 'xL1J', 'xL25J', 'xL8J', 'xL7J', 'xL5J', 'xL35J', 'xL14J', 'xL27J', 'xL34J', 'xL0J', 'xL26J'}
| | | | | | +-- , 18 , {20} , {'xL29J', 'xL1J', 'xL8J', 'xL7J', 'xL20J', 'xL5J', 'xL35J', 'xL14J', 'xL27J', 'xL34J', 'xL0J', 'xL26J'}
| | | | | | | +-- , 20 , {30, 22} , {'xL29J', 'xL1J', 'xL8J', 'xL20J', 'xL5J', 'xL28J', 'xL35J', 'xL14J', 'xL27J', 'xL34J', 'xL0J', 'xL26J'}
| | | | | | | | +-- , 30 , set() , {'xL28J', 'xL8J', 'xL39J', 'xL34J'}
| | | | | | | | +-- , 22 , {24} , {'xL28J', 'xL35J', 'xL14J', 'xL1J', 'xL0J', 'xL34J', 'xL20J', 'xL26J', 'xL18J'}
| | | | | | | | | +-- , 24 , {26} , {'xL28J', 'xL14J', 'xL1J', 'xL0J', 'xL34J', 'xL32J', 'xL20J', 'xL18J'}
| | | | | | | | | | +-- , 26 , {28} , {'xL14J', 'xL0J', 'xL1J', 'xL19J', 'xL34J', 'xL32J', 'xL20J', 'xL18J'}
| | | | | | | | | | | +-- , 28 , set() , {'xL1J', 'xL19J', 'xL0J', 'xL18J', 'xL9J'}
| | | +-- , 38 , set() , {'xL11J', 'xL0J', 'xL17J'}
| +-- , 40 , {42} , {'xL22J', 'xL36J', 'xL27J', 'xL6J', 'xL3J', 'xL23J'}
| | +-- , 42 , set() , {'xL22J', 'xL36J', 'xL21J'}
| +-- , 44 , {46} , {'xL22J', 'xL23J', 'xL37J', 'xL1J'}
| | +-- , 46 , set() , {'xL37J', 'xL23J', 'xL4J', 'xL1J'}


Max number of edges with non zero Y: 35
Max number of iterations of outer rounding loop: 5
Max number of candidate sets: 2
Time spent rounding: 40.152
Time spent solving Separator LP: 1.520

LP Solver: GaifmanBoosted