55, 2.2543859649122804, 6.0, 6
+-- , 0 , {66, 3, 119} , {'xL6JL11J', 'xL5JL15J', 'xL6JL13J', 'xL6JL14J', 'xL6JL9J', 'xL6JL10J', 'xL5JL13J', 'xL5JL14J', 'xL7JL13J', 'xL7JL3J', 'xL4JL13J', 'xL8JL3J'}
| +-- , 66 , {68} , {'xL6JL14J', 'xL6JL9J', 'xL4JL10J', 'xL5JL14J', 'xL4JL14J', 'xL4JL15J', 'xL6JL11J', 'xL5JL15J', 'xL6JL10J', 'xL4JL9J', 'xL4JL11J', 'xL4JL12J', 'xL7JL3J', 'xL4JL13J', 'xL8JL3J'}
| | +-- , 68 , {72, 101} , {'xL6JL14J', 'xL6JL9J', 'xL4JL10J', 'xL5JL14J', 'xL4JL14J', 'xL3JL8J', 'xL2JL8J', 'xL4JL15J', 'xL6JL11J', 'xL5JL15J', 'xL6JL10J', 'xL3JL9J', 'xL4JL9J', 'xL4JL11J', 'xL4JL12J', 'xL7JL3J', 'xL8JL3J'}
| | | +-- , 72 , {74} , {'xL3JL8J', 'xL3JL7J', 'xL3JL5J', 'xL3JL9J', 'xL7JL3J', 'xL3JL6J', 'xL3JL4J', 'xL8JL3J'}
| | | | +-- , 74 , {78} , {'xL3JL4J', 'xL3JL7J', 'xL3JL5J', 'xL3JL6J', 'xL8JL2J', 'xL6JL1J', 'xL6JL2J', 'xL7JL3J', 'xL8JL3J'}
| | | | | +-- , 78 , {80} , {'xL8JL2J', 'xL3JL4J', 'xL6JL2J', 'xL2JL2J', 'xL5JL2J', 'xL3JL7J', 'xL3JL5J', 'xL3JL2J', 'xL6JL1J', 'xL3JL6J', 'xL7JL3J', 'xL4JL2J', 'xL7JL2J'}
| | | | | | +-- , 80 , {82} , {'xL3JL4J', 'xL2JL2J', 'xL5JL2J', 'xL3JL7J', 'xL3JL5J', 'xL3JL2J', 'xL6JL1J', 'xL3JL6J', 'xL7JL3J', 'xL4JL2J', 'xL7JL1J', 'xL7JL2J'}
| | | | | | | +-- , 82 , {84} , {'xL7JL4J', 'xL3JL4J', 'xL2JL2J', 'xL5JL2J', 'xL3JL7J', 'xL3JL5J', 'xL3JL2J', 'xL3JL6J', 'xL7JL3J', 'xL4JL2J', 'xL7JL1J', 'xL7JL2J'}
| | | | | | | | +-- , 84 , {86} , {'xL7JL4J', 'xL2JL4J', 'xL5JL4J', 'xL6JL4J', 'xL3JL4J', 'xL4JL4J', 'xL2JL2J', 'xL5JL2J', 'xL3JL7J', 'xL3JL5J', 'xL3JL2J', 'xL3JL6J', 'xL4JL2J', 'xL1JL4J'}
| | | | | | | | | +-- , 86 , {89, 97} , {'xL5JL3J', 'xL2JL4J', 'xL5JL5J', 'xL5JL4J', 'xL6JL4J', 'xL5JL6J', 'xL4JL4J', 'xL2JL2J', 'xL5JL2J', 'xL3JL7J', 'xL3JL5J', 'xL3JL2J', 'xL3JL6J', 'xL4JL2J', 'xL1JL4J'}
| | | | | | | | | | +-- , 89 , {91, 95} , {'xL2JL2J', 'xL2JL4J', 'xL2JL6J', 'xL2JL5J', 'xL2JL3J', 'xL3JL5J', 'xL3JL7J', 'xL5JL5J', 'xL6JL4J', 'xL3JL6J', 'xL1JL4J', 'xL5JL6J'}
| | | | | | | | | | | +-- , 91 , {93} , {'xL6JL6J', 'xL2JL6J', 'xL4JL6J', 'xL7JL6J', 'xL3JL7J', 'xL5JL5J', 'xL6JL5J', 'xL6JL4J', 'xL3JL6J', 'xL4JL7J', 'xL5JL6J'}
| | | | | | | | | | | | +-- , 93 , set() , {'xL6JL6J', 'xL7JL6J', 'xL7JL7J', 'xL6JL5J', 'xL6JL4J', 'xL6JL7J'}
| | | | | | | | | | | +-- , 95 , set() , {'xL2JL5J', 'xL3JL5J', 'xL2JL3J', 'xL1JL3J', 'xL1JL4J', 'xL1JL5J'}
| | | | | | | | | | +-- , 97 , {99} , {'xL4JL1J', 'xL5JL3J', 'xL3JL2J', 'xL4JL3J', 'xL4JL2J', 'xL4JL4J'}
| | | | | | | | | | | +-- , 99 , set() , {'xL4JL1J', 'xL3JL2J', 'xL3JL1J'}
| | | +-- , 101 , {115, 117, 103} , {'xL2JL11J', 'xL6JL14J', 'xL6JL9J', 'xL4JL10J', 'xL5JL14J', 'xL4JL14J', 'xL2JL8J', 'xL2JL14J', 'xL4JL15J', 'xL1JL9J', 'xL6JL11J', 'xL5JL15J', 'xL6JL10J', 'xL2JL13J', 'xL3JL9J', 'xL4JL9J', 'xL2JL10J', 'xL2JL9J', 'xL4JL11J', 'xL2JL12J', 'xL4JL12J'}
| | | | +-- , 115 , set() , {'xL3JL14J', 'xL5JL15J', 'xL6JL14J', 'xL5JL14J', 'xL4JL14J', 'xL2JL14J', 'xL4JL15J', 'xL3JL15J'}
| | | | +-- , 117 , set() , {'xL1JL9J', 'xL1JL10J', 'xL2JL10J'}
| | | | +-- , 103 , {105, 109} , {'xL2JL11J', 'xL6JL11J', 'xL6JL10J', 'xL6JL9J', 'xL4JL10J', 'xL2JL13J', 'xL2JL12J', 'xL4JL11J', 'xL5JL10J', 'xL4JL12J'}
| | | | | +-- , 105 , {107} , {'xL6JL10J', 'xL5JL10J', 'xL7JL10J', 'xL6JL9J', 'xL4JL10J'}
| | | | | | +-- , 107 , set() , {'xL6JL9J', 'xL7JL9J', 'xL7JL10J'}
| | | | | +-- , 109 , {111} , {'xL2JL11J', 'xL6JL11J', 'xL4JL12J', 'xL2JL13J', 'xL2JL12J', 'xL4JL11J', 'xL5JL10J', 'xL3JL11J', 'xL5JL11J'}
| | | | | | +-- , 111 , {113} , {'xL3JL12J', 'xL2JL12J', 'xL1JL12J', 'xL3JL11J', 'xL4JL12J', 'xL2JL13J'}
| | | | | | | +-- , 113 , set() , {'xL1JL13J', 'xL1JL12J', 'xL2JL13J'}
| +-- , 3 , {5} , {'xL12JL3J', 'xL6JL13J', 'xL5JL13J', 'xL10JL3J', 'xL9JL13J', 'xL7JL13J', 'xL11JL3J', 'xL9JL3J', 'xL8JL13J', 'xL7JL3J', 'xL4JL13J', 'xL8JL3J'}
| | +-- , 5 , {11, 37} , {'xL13JL7J', 'xL14JL8J', 'xL13JL8J', 'xL12JL3J', 'xL15JL11J', 'xL13JL11J', 'xL10JL3J', 'xL9JL13J', 'xL11JL3J', 'xL9JL3J', 'xL8JL13J', 'xL14JL11J'}
| | | +-- , 11 , {13} , {'xL13JL7J', 'xL14JL8J', 'xL14JL4J', 'xL14JL6J', 'xL14JL2J', 'xL14JL7J', 'xL12JL3J', 'xL14JL3J', 'xL10JL3J', 'xL11JL3J', 'xL9JL3J', 'xL14JL5J'}
| | | | +-- , 13 , {35, 15} , {'xL13JL7J', 'xL14JL4J', 'xL12JL7J', 'xL14JL5J', 'xL14JL6J', 'xL14JL2J', 'xL14JL7J', 'xL12JL3J', 'xL14JL3J', 'xL10JL3J', 'xL11JL3J', 'xL9JL3J', 'xL15JL7J'}
| | | | | +-- , 35 , set() , {'xL15JL6J', 'xL14JL6J', 'xL15JL7J'}
| | | | | +-- , 15 , {17} , {'xL14JL4J', 'xL12JL7J', 'xL14JL2J', 'xL12JL3J', 'xL12JL4J', 'xL12JL2J', 'xL14JL3J', 'xL10JL3J', 'xL11JL3J', 'xL9JL3J', 'xL12JL6J', 'xL12JL5J', 'xL12JL1J', 'xL14JL5J'}
| | | | | | +-- , 17 , {33, 19} , {'xL14JL4J', 'xL14JL2J', 'xL12JL4J', 'xL12JL2J', 'xL14JL3J', 'xL10JL3J', 'xL10JL4J', 'xL11JL3J', 'xL9JL3J', 'xL12JL6J', 'xL12JL5J', 'xL12JL1J', 'xL14JL5J'}
| | | | | | | +-- , 33 , set() , {'xL9JL3J', 'xL10JL4J', 'xL9JL4J'}
| | | | | | | +-- , 19 , {21, 31} , {'xL10JL2J', 'xL14JL4J', 'xL10JL7J', 'xL10JL6J', 'xL10JL5J', 'xL14JL2J', 'xL12JL4J', 'xL12JL2J', 'xL14JL3J', 'xL10JL3J', 'xL10JL4J', 'xL11JL3J', 'xL12JL6J', 'xL12JL5J', 'xL12JL1J', 'xL14JL5J'}
| | | | | | | | +-- , 21 , {29, 23} , {'xL12JL4J', 'xL14JL3J', 'xL14JL4J', 'xL10JL7J', 'xL10JL6J', 'xL12JL6J', 'xL12JL5J', 'xL11JL5J', 'xL10JL5J', 'xL14JL5J'}
| | | | | | | | | +-- , 29 , set() , {'xL9JL7J', 'xL11JL6J', 'xL9JL6J', 'xL10JL7J', 'xL10JL6J', 'xL12JL6J', 'xL11JL5J'}
| | | | | | | | | +-- , 23 , {25} , {'xL12JL4J', 'xL14JL3J', 'xL14JL4J', 'xL13JL5J', 'xL12JL5J', 'xL11JL5J', 'xL10JL5J', 'xL14JL5J'}
| | | | | | | | | | +-- , 25 , {27} , {'xL13JL4J', 'xL12JL4J', 'xL14JL3J', 'xL14JL4J', 'xL13JL5J'}
| | | | | | | | | | | +-- , 27 , set() , {'xL15JL4J', 'xL13JL4J', 'xL12JL4J', 'xL15JL3J', 'xL14JL3J', 'xL14JL4J'}
| | | | | | | | +-- , 31 , set() , {'xL10JL2J', 'xL11JL2J', 'xL12JL2J', 'xL11JL3J', 'xL11JL1J', 'xL13JL2J', 'xL12JL1J', 'xL14JL2J', 'xL13JL1J'}
| | | +-- , 37 , {39} , {'xL13JL12J', 'xL13JL7J', 'xL15JL11J', 'xL13JL11J', 'xL9JL13J', 'xL13JL9J', 'xL13JL8J', 'xL8JL13J', 'xL14JL11J', 'xL13JL10J'}
| | | | +-- , 39 , {41} , {'xL13JL12J', 'xL15JL11J', 'xL9JL13J', 'xL13JL9J', 'xL8JL13J', 'xL14JL11J', 'xL13JL10J', 'xL8JL14J'}
| | | | | +-- , 41 , {64, 43} , {'xL13JL14J', 'xL14JL11J', 'xL13JL12J', 'xL15JL11J', 'xL9JL15J', 'xL9JL13J', 'xL13JL9J', 'xL14JL14J', 'xL12JL14J', 'xL10JL14J', 'xL11JL14J', 'xL9JL12J', 'xL9JL14J', 'xL13JL10J', 'xL8JL14J'}
| | | | | | +-- , 64 , set() , {'xL10JL15J', 'xL10JL14J', 'xL9JL15J'}
| | | | | | +-- , 43 , {45} , {'xL13JL14J', 'xL13JL12J', 'xL10JL12J', 'xL12JL14J', 'xL9JL12J', 'xL13JL10J', 'xL12JL12J', 'xL15JL11J', 'xL15JL12J', 'xL13JL9J', 'xL14JL14J', 'xL11JL12J', 'xL14JL12J', 'xL11JL14J', 'xL14JL11J'}
| | | | | | | +-- , 45 , {48, 50} , {'xL13JL14J', 'xL10JL12J', 'xL9JL10J', 'xL12JL14J', 'xL12JL9J', 'xL10JL10J', 'xL13JL10J', 'xL12JL12J', 'xL12JL10J', 'xL15JL12J', 'xL15JL11J', 'xL11JL10J', 'xL14JL12J', 'xL13JL9J', 'xL11JL12J', 'xL14JL14J', 'xL14JL10J', 'xL11JL14J', 'xL14JL11J'}
| | | | | | | | +-- , 48 , set() , {'xL15JL11J', 'xL15JL13J', 'xL14JL14J', 'xL14JL12J', 'xL14JL13J', 'xL14JL10J', 'xL15JL12J', 'xL14JL11J'}
| | | | | | | | +-- , 50 , {52, 62} , {'xL13JL14J', 'xL12JL12J', 'xL10JL12J', 'xL9JL10J', 'xL11JL10J', 'xL11JL12J', 'xL12JL14J', 'xL12JL15J', 'xL11JL14J', 'xL10JL10J'}
| | | | | | | | | +-- , 52 , {54} , {'xL12JL12J', 'xL10JL12J', 'xL9JL10J', 'xL12JL13J', 'xL11JL10J', 'xL11JL12J', 'xL12JL14J', 'xL12JL15J', 'xL11JL14J', 'xL10JL10J'}
| | | | | | | | | | +-- , 54 , {56} , {'xL10JL12J', 'xL9JL10J', 'xL12JL13J', 'xL11JL10J', 'xL11JL12J', 'xL11JL14J', 'xL10JL10J', 'xL11JL13J'}
| | | | | | | | | | | +-- , 56 , {58} , {'xL11JL11J', 'xL10JL12J', 'xL9JL10J', 'xL11JL10J', 'xL11JL12J', 'xL11JL14J', 'xL10JL10J', 'xL11JL13J'}
| | | | | | | | | | | | +-- , 58 , {60} , {'xL11JL11J', 'xL10JL11J', 'xL10JL12J', 'xL9JL10J', 'xL10JL10J'}
| | | | | | | | | | | | | +-- , 60 , set() , {'xL10JL11J', 'xL10JL12J', 'xL9JL10J', 'xL10JL9J', 'xL9JL9J', 'xL10JL10J'}
| | | | | | | | | +-- , 62 , set() , {'xL13JL14J', 'xL13JL15J', 'xL12JL15J'}
| +-- , 119 , set() , {'xL6JL11J', 'xL6JL13J', 'xL6JL14J', 'xL6JL9J', 'xL6JL10J', 'xL7JL13J', 'xL7JL12J', 'xL6JL12J'}


Max number of edges with non zero Y: 9
Max number of iterations of outer rounding loop: 3
Max number of candidate sets: 2
Time spent rounding: 65.803
Time spent solving Separator LP: 6.525
Total time spent solving: 90.156

LP Solver: GaifmanBoosted
Lower Bound Witness = ({'xL13JL14J', 'xL13JL7J', 'xL1JL12J', 'xL10JL14J', 'xL9JL4J', 'xL14JL6J', 'xL4JL7J', 'xL7JL9J', 'xL4JL15J', 'xL4JL1J', 'xL3JL14J', 'xL2JL2J', 'xL10JL11J', 'xL13JL11J', 'xL3JL5J', 'xL10JL3J', 'xL10JL4J', 'xL3JL11J', 'xL4JL12J', 'xL5JL11J', 'xL6JL7J', 'xL12JL5J', 'xL15JL3J', 'xL1JL10J', 'xL3JL8J', 'xL11JL13J', 'xL10JL15J', 'xL15JL4J', 'xL9JL7J', 'xL9JL15J', 'xL6JL10J', 'xL11JL3J', 'xL11JL10J', 'xL4JL11J', 'xL11JL12J', 'xL2JL9J', 'xL12JL6J', 'xL11JL1J', 'xL3JL6J', 'xL14JL11J', 'xL7JL1J', 'xL11JL11J', 'xL13JL12J', 'xL6JL14J', 'xL13JL15J', 'xL9JL10J', 'xL7JL13J', 'xL4JL14J', 'xL10JL6J', 'xL13JL8J', 'xL5JL6J', 'xL11JL2J', 'xL3JL9J', 'xL14JL12J', 'xL5JL10J', 'xL3JL2J', 'xL15JL12J', 'xL11JL14J', 'xL1JL4J', 'xL12JL1J', 'xL11JL5J', 'xL8JL3J', 'xL5JL3J', 'xL2JL6J', 'xL2JL4J', 'xL7JL6J', 'xL3JL1J', 'xL12JL9J', 'xL12JL15J', 'xL4JL4J', 'xL15JL11J', 'xL4JL9J', 'xL9JL13J', 'xL2JL12J', 'xL13JL2J', 'xL6JL2J', 'xL14JL5J', 'xL10JL2J', 'xL15JL6J', 'xL6JL9J', 'xL4JL10J', 'xL8JL2J', 'xL13JL5J', 'xL10JL7J', 'xL9JL9J', 'xL3JL15J', 'xL14JL7J', 'xL6JL11J', 'xL12JL12J', 'xL12JL4J', 'xL12JL10J', 'xL4JL3J', 'xL2JL5J', 'xL5JL13J', 'xL2JL13J', 'xL15JL13J', 'xL2JL10J', 'xL6JL5J', 'xL6JL1J', 'xL7JL3J', 'xL15JL7J', 'xL7JL4J', 'xL10JL12J', 'xL1JL13J', 'xL5JL14J', 'xL5JL5J', 'xL14JL13J', 'xL12JL7J', 'xL3JL4J', 'xL10JL10J', 'xL1JL5J', 'xL10JL5J', 'xL8JL14J', 'xL6JL6J', 'xL1JL9J', 'xL12JL3J', 'xL5JL15J', 'xL1JL3J', 'xL9JL6J', 'xL7JL12J', 'xL8JL13J', 'xL6JL13J', 'xL4JL6J', 'xL2JL3J', 'xL14JL4J', 'xL12JL14J', 'xL6JL4J', 'xL6JL12J', 'xL2JL8J', 'xL9JL12J', 'xL2JL14J', 'xL13JL10J', 'xL5JL2J', 'xL3JL7J', 'xL14JL10J', 'xL4JL2J', 'xL7JL2J', 'xL2JL11J', 'xL13JL4J', 'xL7JL10J', 'xL14JL8J', 'xL12JL13J', 'xL7JL7J', 'xL3JL12J', 'xL5JL4J', 'xL9JL14J', 'xL14JL2J', 'xL11JL6J', 'xL12JL2J', 'xL14JL3J', 'xL10JL9J', 'xL13JL9J', 'xL14JL14J', 'xL9JL3J', 'xL4JL13J', 'xL13JL1J'}, {'xL2JL11J', 'xL12JL4J', 'xL11JL2J', 'xL6JL10J', 'xL2JL13J', 'xL5JL14J', 'xL7JL12J', 'xL2JL12J', 'xL14JL13J', 'xL3JL11J', 'xL12JL5J', 'xL7JL9J', 'xL2JL14J', 'xL14JL2J'})