50, 1.1530606530612253, 6.0, 6
+-- , 0 , {58, 3} , {'xL13JL12J', 'xL13JL7J', 'xL13JL11J', 'xL3JL7J', 'xL3JL5J', 'xL3JL9J', 'xL13JL9J', 'xL13JL8J', 'xL3JL8J', 'xL3JL6J', 'xL3JL4J', 'xL13JL10J'}
| +-- , 58 , {91, 60} , {'xL13JL12J', 'xL3JL8J', 'xL13JL11J', 'xL3JL9J', 'xL9JL13J', 'xL13JL9J', 'xL8JL13J', 'xL13JL10J'}
| | +-- , 91 , {93} , {'xL6JL13J', 'xL5JL13J', 'xL3JL9J', 'xL9JL13J', 'xL7JL13J', 'xL8JL13J', 'xL3JL8J', 'xL4JL13J'}
| | | +-- , 93 , {101, 103} , {'xL6JL13J', 'xL6JL14J', 'xL1JL10J', 'xL5JL14J', 'xL7JL13J', 'xL4JL14J', 'xL3JL12J', 'xL1JL12J', 'xL3JL8J', 'xL2JL14J', 'xL3JL14J', 'xL5JL13J', 'xL3JL9J', 'xL2JL13J', 'xL2JL10J', 'xL2JL12J', 'xL4JL12J', 'xL4JL13J'}
| | | | +-- , 101 , set() , {'xL1JL13J', 'xL1JL12J', 'xL2JL13J'}
| | | | +-- , 103 , {105} , {'xL2JL11J', 'xL6JL13J', 'xL6JL14J', 'xL1JL10J', 'xL5JL14J', 'xL7JL13J', 'xL4JL14J', 'xL3JL12J', 'xL3JL8J', 'xL2JL8J', 'xL2JL14J', 'xL1JL9J', 'xL3JL14J', 'xL5JL13J', 'xL2JL13J', 'xL3JL9J', 'xL2JL10J', 'xL2JL9J', 'xL2JL12J', 'xL4JL12J', 'xL4JL13J'}
| | | | | +-- , 105 , {107} , {'xL2JL11J', 'xL6JL13J', 'xL6JL14J', 'xL5JL14J', 'xL7JL13J', 'xL4JL14J', 'xL3JL12J', 'xL5JL11J', 'xL1JL9J', 'xL6JL11J', 'xL3JL14J', 'xL5JL13J', 'xL3JL9J', 'xL4JL9J', 'xL2JL9J', 'xL4JL11J', 'xL3JL11J', 'xL4JL12J', 'xL4JL13J'}
| | | | | | +-- , 107 , {113, 109} , {'xL6JL13J', 'xL6JL14J', 'xL4JL10J', 'xL5JL14J', 'xL7JL13J', 'xL4JL14J', 'xL5JL11J', 'xL4JL15J', 'xL3JL14J', 'xL6JL11J', 'xL5JL13J', 'xL4JL9J', 'xL4JL11J', 'xL4JL12J', 'xL4JL13J'}
| | | | | | | +-- , 113 , set() , {'xL3JL14J', 'xL5JL15J', 'xL5JL13J', 'xL5JL14J', 'xL4JL15J', 'xL3JL15J'}
| | | | | | | +-- , 109 , {111} , {'xL6JL11J', 'xL6JL13J', 'xL7JL10J', 'xL6JL14J', 'xL6JL9J', 'xL4JL10J', 'xL6JL10J', 'xL7JL13J', 'xL7JL12J', 'xL5JL10J', 'xL6JL12J', 'xL5JL11J'}
| | | | | | | | +-- , 111 , set() , {'xL6JL9J', 'xL7JL9J', 'xL7JL10J'}
| | +-- , 60 , {63} , {'xL13JL12J', 'xL9JL15J', 'xL13JL11J', 'xL9JL13J', 'xL13JL9J', 'xL8JL13J', 'xL9JL12J', 'xL9JL14J', 'xL13JL10J', 'xL8JL14J'}
| | | +-- , 63 , {89, 65} , {'xL13JL14J', 'xL13JL12J', 'xL9JL15J', 'xL13JL11J', 'xL13JL9J', 'xL14JL14J', 'xL12JL14J', 'xL10JL14J', 'xL11JL14J', 'xL9JL12J', 'xL9JL14J', 'xL13JL10J', 'xL8JL14J'}
| | | | +-- , 89 , set() , {'xL10JL15J', 'xL10JL14J', 'xL9JL15J'}
| | | | +-- , 65 , {67} , {'xL13JL14J', 'xL13JL12J', 'xL10JL12J', 'xL12JL14J', 'xL9JL12J', 'xL13JL10J', 'xL12JL12J', 'xL15JL12J', 'xL13JL11J', 'xL13JL9J', 'xL14JL14J', 'xL11JL12J', 'xL14JL12J', 'xL11JL14J'}
| | | | | +-- , 67 , {69, 87} , {'xL13JL14J', 'xL12JL12J', 'xL10JL12J', 'xL12JL10J', 'xL11JL14J', 'xL13JL11J', 'xL13JL9J', 'xL14JL14J', 'xL11JL12J', 'xL12JL14J', 'xL14JL12J', 'xL15JL12J', 'xL13JL10J'}
| | | | | | +-- , 69 , {73, 71} , {'xL13JL14J', 'xL10JL12J', 'xL9JL10J', 'xL12JL14J', 'xL10JL10J', 'xL13JL10J', 'xL12JL12J', 'xL12JL10J', 'xL15JL11J', 'xL13JL11J', 'xL15JL12J', 'xL11JL10J', 'xL14JL14J', 'xL11JL12J', 'xL14JL12J', 'xL14JL10J', 'xL11JL14J', 'xL14JL11J'}
| | | | | | | +-- , 73 , {75, 85} , {'xL13JL14J', 'xL12JL12J', 'xL10JL12J', 'xL9JL10J', 'xL11JL10J', 'xL11JL12J', 'xL12JL14J', 'xL12JL15J', 'xL11JL14J', 'xL10JL10J'}
| | | | | | | | +-- , 75 , {77} , {'xL12JL12J', 'xL10JL12J', 'xL9JL10J', 'xL12JL13J', 'xL11JL10J', 'xL11JL12J', 'xL12JL14J', 'xL12JL15J', 'xL11JL14J', 'xL10JL10J'}
| | | | | | | | | +-- , 77 , {79} , {'xL10JL12J', 'xL9JL10J', 'xL12JL13J', 'xL11JL10J', 'xL11JL12J', 'xL11JL14J', 'xL10JL10J', 'xL11JL13J'}
| | | | | | | | | | +-- , 79 , {81} , {'xL11JL11J', 'xL10JL12J', 'xL9JL10J', 'xL11JL10J', 'xL11JL12J', 'xL11JL14J', 'xL10JL10J', 'xL11JL13J'}
| | | | | | | | | | | +-- , 81 , {83} , {'xL11JL11J', 'xL10JL11J', 'xL10JL12J', 'xL9JL10J', 'xL10JL10J'}
| | | | | | | | | | | | +-- , 83 , set() , {'xL10JL11J', 'xL10JL12J', 'xL9JL10J', 'xL10JL9J', 'xL9JL9J', 'xL10JL10J'}
| | | | | | | | +-- , 85 , set() , {'xL13JL14J', 'xL13JL15J', 'xL12JL15J'}
| | | | | | | +-- , 71 , set() , {'xL15JL11J', 'xL15JL13J', 'xL14JL14J', 'xL14JL12J', 'xL14JL13J', 'xL14JL10J', 'xL15JL12J', 'xL14JL11J'}
| | | | | | +-- , 87 , set() , {'xL12JL9J', 'xL12JL10J', 'xL13JL9J'}
| +-- , 3 , {5, 30} , {'xL12JL3J', 'xL13JL7J', 'xL3JL7J', 'xL3JL5J', 'xL10JL3J', 'xL11JL3J', 'xL9JL3J', 'xL13JL8J', 'xL3JL6J', 'xL3JL4J'}
| | +-- , 5 , {12} , {'xL10JL2J', 'xL13JL7J', 'xL15JL6J', 'xL12JL7J', 'xL13JL8J', 'xL14JL6J', 'xL14JL2J', 'xL14JL7J', 'xL12JL3J', 'xL11JL2J', 'xL12JL2J', 'xL10JL3J', 'xL11JL3J', 'xL9JL3J', 'xL13JL2J', 'xL15JL7J'}
| | | +-- , 12 , {28, 14} , {'xL10JL2J', 'xL14JL8J', 'xL14JL4J', 'xL12JL7J', 'xL13JL8J', 'xL14JL6J', 'xL14JL2J', 'xL14JL7J', 'xL12JL3J', 'xL12JL4J', 'xL11JL2J', 'xL12JL2J', 'xL14JL3J', 'xL10JL3J', 'xL11JL3J', 'xL9JL3J', 'xL12JL6J', 'xL13JL2J', 'xL12JL5J', 'xL12JL1J', 'xL14JL5J'}
| | | | +-- , 28 , set() , {'xL11JL2J', 'xL11JL3J', 'xL11JL1J', 'xL13JL2J', 'xL12JL1J', 'xL13JL1J'}
| | | | +-- , 14 , {16, 26} , {'xL10JL2J', 'xL14JL4J', 'xL10JL7J', 'xL10JL6J', 'xL10JL5J', 'xL12JL4J', 'xL14JL3J', 'xL10JL3J', 'xL10JL4J', 'xL9JL3J', 'xL12JL6J', 'xL12JL5J', 'xL14JL5J'}
| | | | | +-- , 16 , {18, 22} , {'xL12JL4J', 'xL14JL3J', 'xL14JL4J', 'xL10JL7J', 'xL13JL5J', 'xL10JL6J', 'xL12JL6J', 'xL12JL5J', 'xL10JL5J', 'xL14JL5J'}
| | | | | | +-- , 18 , {20} , {'xL13JL4J', 'xL12JL4J', 'xL14JL3J', 'xL14JL4J', 'xL13JL5J'}
| | | | | | | +-- , 20 , set() , {'xL15JL4J', 'xL13JL4J', 'xL12JL4J', 'xL15JL3J', 'xL14JL3J', 'xL14JL4J'}
| | | | | | +-- , 22 , {24} , {'xL13JL5J', 'xL10JL7J', 'xL10JL6J', 'xL12JL6J', 'xL12JL5J', 'xL11JL5J', 'xL10JL5J', 'xL14JL5J'}
| | | | | | | +-- , 24 , set() , {'xL9JL7J', 'xL11JL6J', 'xL9JL6J', 'xL10JL7J', 'xL10JL6J', 'xL12JL6J', 'xL11JL5J'}
| | | | | +-- , 26 , set() , {'xL9JL3J', 'xL10JL4J', 'xL9JL4J'}
| | +-- , 30 , {32} , {'xL12JL3J', 'xL3JL7J', 'xL3JL5J', 'xL10JL3J', 'xL11JL3J', 'xL9JL3J', 'xL7JL3J', 'xL3JL6J', 'xL3JL4J', 'xL8JL3J'}
| | | +-- , 32 , {35} , {'xL7JL4J', 'xL3JL7J', 'xL3JL5J', 'xL7JL3J', 'xL3JL6J', 'xL3JL4J', 'xL7JL1J', 'xL7JL2J', 'xL8JL3J'}
| | | | +-- , 35 , {37} , {'xL7JL4J', 'xL3JL7J', 'xL3JL5J', 'xL8JL2J', 'xL3JL6J', 'xL3JL4J', 'xL7JL1J', 'xL7JL2J', 'xL8JL3J'}
| | | | | +-- , 37 , {56, 39} , {'xL7JL4J', 'xL2JL2J', 'xL5JL2J', 'xL3JL7J', 'xL3JL5J', 'xL8JL2J', 'xL3JL6J', 'xL3JL2J', 'xL6JL2J', 'xL3JL4J', 'xL4JL2J', 'xL7JL1J', 'xL7JL2J'}
| | | | | | +-- , 56 , set() , {'xL6JL2J', 'xL6JL1J', 'xL7JL1J'}
| | | | | | +-- , 39 , {41} , {'xL7JL4J', 'xL2JL4J', 'xL5JL4J', 'xL6JL4J', 'xL3JL4J', 'xL4JL4J', 'xL2JL2J', 'xL5JL2J', 'xL3JL7J', 'xL3JL5J', 'xL3JL2J', 'xL3JL6J', 'xL4JL2J', 'xL1JL4J'}
| | | | | | | +-- , 41 , {44, 52} , {'xL5JL3J', 'xL2JL4J', 'xL5JL5J', 'xL5JL4J', 'xL6JL4J', 'xL5JL6J', 'xL4JL4J', 'xL2JL2J', 'xL5JL2J', 'xL3JL7J', 'xL3JL5J', 'xL3JL2J', 'xL3JL6J', 'xL4JL2J', 'xL1JL4J'}
| | | | | | | | +-- , 44 , {50, 46} , {'xL2JL2J', 'xL2JL4J', 'xL2JL6J', 'xL2JL5J', 'xL2JL3J', 'xL3JL5J', 'xL3JL7J', 'xL5JL5J', 'xL6JL4J', 'xL3JL6J', 'xL1JL4J', 'xL5JL6J'}
| | | | | | | | | +-- , 50 , set() , {'xL2JL5J', 'xL3JL5J', 'xL2JL3J', 'xL1JL3J', 'xL1JL4J', 'xL1JL5J'}
| | | | | | | | | +-- , 46 , {48} , {'xL6JL6J', 'xL2JL6J', 'xL4JL6J', 'xL7JL6J', 'xL3JL7J', 'xL5JL5J', 'xL6JL5J', 'xL6JL4J', 'xL3JL6J', 'xL4JL7J', 'xL5JL6J'}
| | | | | | | | | | +-- , 48 , set() , {'xL6JL6J', 'xL7JL6J', 'xL7JL7J', 'xL6JL5J', 'xL6JL4J', 'xL6JL7J'}
| | | | | | | | +-- , 52 , {54} , {'xL4JL1J', 'xL5JL3J', 'xL3JL2J', 'xL4JL3J', 'xL4JL2J', 'xL4JL4J'}
| | | | | | | | | +-- , 54 , set() , {'xL4JL1J', 'xL3JL2J', 'xL3JL1J'}


Max number of edges with non zero Y: 7
Max number of iterations of outer rounding loop: 3
Max number of candidate sets: 2
Time spent rounding: 36.587
Time spent solving Separator LP: 3.949
Total time spent solving: 51.272

LP Solver: GaifmanNormal
Lower Bound Witness = ({'xL6JL13J', 'xL6JL14J', 'xL6JL9J', 'xL4JL10J', 'xL7JL13J', 'xL4JL14J', 'xL1JL12J', 'xL6JL12J', 'xL2JL8J', 'xL7JL9J', 'xL2JL14J', 'xL4JL15J', 'xL3JL15J', 'xL6JL11J', 'xL3JL14J', 'xL5JL13J', 'xL2JL13J', 'xL3JL9J', 'xL2JL10J', 'xL5JL10J', 'xL3JL11J', 'xL4JL12J', 'xL5JL11J', 'xL2JL11J', 'xL7JL10J', 'xL1JL13J', 'xL1JL10J', 'xL5JL14J', 'xL3JL12J', 'xL3JL8J', 'xL1JL9J', 'xL5JL15J', 'xL6JL10J', 'xL4JL9J', 'xL2JL9J', 'xL4JL11J', 'xL2JL12J', 'xL7JL12J', 'xL4JL13J'}, {'xL3JL14J', 'xL6JL13J', 'xL6JL14J', 'xL5JL13J', 'xL3JL9J', 'xL5JL14J', 'xL7JL13J', 'xL4JL14J', 'xL3JL12J', 'xL2JL12J', 'xL1JL12J', 'xL3JL8J', 'xL4JL12J', 'xL4JL13J', 'xL2JL14J'})