9, 1.7922047289758851, 5.0, 5
+-- , 0 , {17, 3, 9} , {'24', '11', '56', '43', '77', '8', '71', '80', '38', '81', '65', '44', '76', '57', '62', '30'}
| +-- , 17 , set() , {'62', '19', '24', '70', '43', '80', '65'}
| +-- , 3 , {5} , {'37', '24', '27', '11', '56', '77', '43', '61', '71', '0', '80', '38', '81', '65', '44', '13', '76', '57', '62', '30'}
| | +-- , 5 , {7} , {'35', '37', '24', '47', '11', '56', '46', '26', '61', '71', '0', '80', '38', '81', '65', '13', '33', '41', '72', '20', '23', '22', '62', '30', '5', '1'}
| | | +-- , 7 , set() , {'13', '21', '25', '35', '37', '7', '47', '48', '61', '15', '22', '0', '55', '38', '32', '1'}
| +-- , 9 , {11, 13, 15} , {'58', '39', '11', '77', '9', '8', '71', '64', '81', '49', '65', '42', '44', '76', '36', '57', '79', '67', '59'}
| | +-- , 11 , set() , {'36', '73', '74', '9', '71', '81'}
| | +-- , 13 , set() , {'12', '18', '77', '78', '67', '49', '29'}
| | +-- , 15 , set() , {'60', '57', '64', '17', '65', '42', '44'}


Max number of edges with non zero Y: 11
Max number of iterations of outer rounding loop: 1
Max number of candidate sets: 2
Time spent rounding: 2.046
Time spent solving Separator LP: 0.355

LP Solver: GaifmanNormal12, 1.4006616291390726, 5.0, 5
+-- , 0 , {25, 3} , {'55', '71', '70', '19', '47', '62', '48', '65', '13', '35', '24', '1', '80', '21', '43'}
| +-- , 25 , set() , {'41', '71', '26', '24', '46', '20', '47'}
| +-- , 3 , {5} , {'55', '71', '47', '62', '22', '48', '65', '13', '35', '1', '80', '21', '43'}
| | +-- , 5 , {8} , {'71', '73', '81', '47', '62', '22', '65', '36', '9', '13', '35', '74', '1', '80', '21', '43'}
| | | +-- , 8 , {10} , {'25', '81', '61', '47', '62', '22', '65', '36', '9', '13', '35', '1', '0', '80', '21', '15', '43'}
| | | | +-- , 10 , {13, 23} , {'81', '61', '62', '22', '65', '36', '9', '13', '35', '37', '38', '1', '0', '80', '15', '43'}
| | | | | +-- , 13 , {17, 15} , {'56', '81', '61', '27', '44', '62', '43', '77', '22', '30', '36', '9', '13', '57', '35', '37', '38', '1', '0', '80', '65', '76'}
| | | | | | +-- , 17 , {19, 21} , {'78', '17', '49', '56', '67', '18', '44', '33', '62', '77', '12', '11', '36', '60', '23', '9', '57', '35', '29', '42', '64', '65', '76', '5'}
| | | | | | | +-- , 19 , set() , {'49', '67', '39', '64', '59', '11', '36'}
| | | | | | | +-- , 21 , set() , {'9', '76', '79', '8', '58', '42'}
| | | | | | +-- , 15 , set() , {'81', '1', '72', '80', '30', '22', '65'}
| | | | | +-- , 23 , set() , {'32', '37', '38', '0', '7', '15'}


Max number of edges with non zero Y: 10
Max number of iterations of outer rounding loop: 5
Max number of candidate sets: 2
Time spent rounding: 7.318
Time spent solving Separator LP: 0.299

LP Solver: GaifmanNormal