69, 1.624675018831169, 6.0, 6
+-- , 0 , {3, 76} , {'xL44J', 'xL115J', 'xL50J', 'xL52J', 'xL123J', 'xL109J', 'xL113J', 'xL48J', 'xL62J', 'xL3J'}
| +-- , 3 , {5} , {'xL44J', 'xL115J', 'xL113J', 'xL52J', 'xL123J', 'xL5J', 'xL109J', 'xL62J', 'xL4J', 'xL3J'}
| | +-- , 5 , {7} , {'xL44J', 'xL115J', 'xL113J', 'xL17J', 'xL112J', 'xL52J', 'xL123J', 'xL5J', 'xL109J', 'xL62J', 'xL4J'}
| | | +-- , 7 , {40, 9} , {'xL44J', 'xL115J', 'xL0J', 'xL112J', 'xL52J', 'xL123J', 'xL5J', 'xL109J', 'xL17J', 'xL62J', 'xL4J'}
| | | | +-- , 40 , {42} , {'xL68J', 'xL0J', 'xL128J', 'xL123J', 'xL5J', 'xL62J', 'xL4J'}
| | | | | +-- , 42 , {44} , {'xL68J', 'xL128J', 'xL123J', 'xL5J', 'xL116J', 'xL57J', 'xL62J', 'xL4J'}
| | | | | | +-- , 44 , {46} , {'xL68J', 'xL128J', 'xL123J', 'xL5J', 'xL116J', 'xL57J', 'xL62J', 'xL117J'}
| | | | | | | +-- , 46 , {48} , {'xL68J', 'xL58J', 'xL128J', 'xL123J', 'xL118J', 'xL55J', 'xL57J', 'xL62J', 'xL59J', 'xL117J'}
| | | | | | | | +-- , 48 , {50, 61} , {'xL68J', 'xL62J', 'xL55J', 'xL59J', 'xL56J', 'xL58J', 'xL128J', 'xL123J', 'xL71J', 'xL118J', 'xL129J'}
| | | | | | | | | +-- , 50 , {52} , {'xL56J', 'xL18J', 'xL119J', 'xL123J', 'xL71J', 'xL118J', 'xL62J', 'xL129J'}
| | | | | | | | | | +-- , 52 , {54} , {'xL18J', 'xL19J', 'xL119J', 'xL123J', 'xL125J', 'xL65J', 'xL20J', 'xL62J'}
| | | | | | | | | | | +-- , 54 , {57} , {'xL19J', 'xL64J', 'xL63J', 'xL123J', 'xL125J', 'xL65J', 'xL20J', 'xL62J'}
| | | | | | | | | | | | +-- , 57 , {59} , {'xL121J', 'xL19J', 'xL64J', 'xL123J', 'xL63J', 'xL125J', 'xL60J', 'xL20J', 'xL62J'}
| | | | | | | | | | | | | +-- , 59 , set() , {'xL121J', 'xL122J', 'xL123J', 'xL61J', 'xL60J', 'xL20J', 'xL62J'}
| | | | | | | | | +-- , 61 , {63} , {'xL56J', 'xL68J', 'xL58J', 'xL128J', 'xL54J', 'xL71J', 'xL55J', 'xL59J', 'xL129J'}
| | | | | | | | | | +-- , 63 , {65} , {'xL21J', 'xL68J', 'xL58J', 'xL128J', 'xL54J', 'xL71J', 'xL120J', 'xL59J', 'xL129J'}
| | | | | | | | | | | +-- , 65 , {67} , {'xL68J', 'xL22J', 'xL128J', 'xL129J', 'xL71J', 'xL21J', 'xL23J'}
| | | | | | | | | | | | +-- , 67 , {74, 70} , {'xL68J', 'xL22J', 'xL128J', 'xL126J', 'xL129J', 'xL71J', 'xL70J', 'xL23J'}
| | | | | | | | | | | | | +-- , 74 , set() , {'xL22J', 'xL69J', 'xL126J', 'xL71J', 'xL70J'}
| | | | | | | | | | | | | +-- , 70 , {72} , {'xL68J', 'xL66J', 'xL127J', 'xL128J', 'xL126J', 'xL129J', 'xL70J', 'xL23J'}
| | | | | | | | | | | | | | +-- , 72 , set() , {'xL68J', 'xL66J', 'xL127J', 'xL128J', 'xL67J'}
| | | | +-- , 9 , {11} , {'xL44J', 'xL115J', 'xL0J', 'xL2J', 'xL52J', 'xL109J', 'xL1J', 'xL17J', 'xL112J'}
| | | | | +-- , 11 , {26, 13} , {'xL44J', 'xL115J', 'xL1J', 'xL16J', 'xL17J', 'xL112J', 'xL2J', 'xL52J', 'xL109J', 'xL47J', 'xL111J'}
| | | | | | +-- , 26 , {28} , {'xL2J', 'xL17J', 'xL15J', 'xL47J', 'xL1J', 'xL16J', 'xL105J', 'xL111J'}
| | | | | | | +-- , 28 , {30} , {'xL2J', 'xL38J', 'xL15J', 'xL1J', 'xL104J', 'xL105J'}
| | | | | | | | +-- , 30 , {32} , {'xL2J', 'xL38J', 'xL106J', 'xL15J', 'xL1J', 'xL104J', 'xL41J'}
| | | | | | | | | +-- , 32 , {34} , {'xL2J', 'xL38J', 'xL106J', 'xL36J', 'xL37J', 'xL1J', 'xL104J', 'xL41J'}
| | | | | | | | | | +-- , 34 , {36} , {'xL2J', 'xL106J', 'xL36J', 'xL103J', 'xL37J', 'xL1J', 'xL104J', 'xL40J', 'xL41J'}
| | | | | | | | | | | +-- , 36 , {38} , {'xL2J', 'xL39J', 'xL103J', 'xL1J', 'xL40J', 'xL41J'}
| | | | | | | | | | | | +-- , 38 , set() , {'xL2J', 'xL39J', 'xL103J', 'xL1J', 'xL102J'}
| | | | | | +-- , 13 , {15} , {'xL44J', 'xL115J', 'xL52J', 'xL51J', 'xL109J', 'xL47J', 'xL16J', 'xL111J', 'xL112J'}
| | | | | | | +-- , 15 , {17} , {'xL44J', 'xL115J', 'xL53J', 'xL52J', 'xL51J', 'xL109J', 'xL12J', 'xL47J', 'xL111J'}
| | | | | | | | +-- , 17 , {19} , {'xL44J', 'xL13J', 'xL109J', 'xL12J', 'xL47J', 'xL14J', 'xL111J'}
| | | | | | | | | +-- , 19 , {22} , {'xL44J', 'xL46J', 'xL13J', 'xL42J', 'xL45J', 'xL109J', 'xL47J', 'xL14J', 'xL111J'}
| | | | | | | | | | +-- , 22 , {24} , {'xL44J', 'xL13J', 'xL42J', 'xL108J', 'xL45J', 'xL109J', 'xL107J', 'xL14J'}
| | | | | | | | | | | +-- , 24 , set() , {'xL44J', 'xL42J', 'xL108J', 'xL109J', 'xL43J'}
| +-- , 76 , {78} , {'xL50J', 'xL44J', 'xL49J', 'xL86J', 'xL114J', 'xL113J', 'xL123J', 'xL109J', 'xL124J', 'xL48J', 'xL110J', 'xL62J', 'xL141J', 'xL3J'}
| | +-- , 78 , {80} , {'xL50J', 'xL86J', 'xL9J', 'xL80J', 'xL124J', 'xL137J', 'xL149J', 'xL98J', 'xL110J', 'xL141J', 'xL114J'}
| | | +-- , 80 , {82} , {'xL10J', 'xL86J', 'xL9J', 'xL80J', 'xL137J', 'xL149J', 'xL98J', 'xL11J', 'xL141J'}
| | | | +-- , 82 , {114, 84} , {'xL10J', 'xL86J', 'xL8J', 'xL80J', 'xL137J', 'xL98J', 'xL149J', 'xL11J', 'xL141J', 'xL7J'}
| | | | | +-- , 114 , {116} , {'xL6J', 'xL8J', 'xL98J', 'xL149J', 'xL11J', 'xL10J', 'xL7J'}
| | | | | | +-- , 116 , {118} , {'xL35J', 'xL6J', 'xL149J', 'xL98J', 'xL101J', 'xL11J', 'xL10J'}
| | | | | | | +-- , 118 , {122} , {'xL35J', 'xL30J', 'xL34J', 'xL149J', 'xL98J', 'xL101J', 'xL143J', 'xL11J', 'xL10J'}
| | | | | | | | +-- , 122 , {124} , {'xL35J', 'xL33J', 'xL30J', 'xL34J', 'xL149J', 'xL98J', 'xL143J', 'xL11J', 'xL10J'}
| | | | | | | | | +-- , 124 , {126} , {'xL33J', 'xL30J', 'xL149J', 'xL98J', 'xL143J', 'xL11J', 'xL31J', 'xL10J', 'xL32J'}
| | | | | | | | | | +-- , 126 , {128} , {'xL33J', 'xL95J', 'xL149J', 'xL98J', 'xL146J', 'xL143J', 'xL11J', 'xL31J', 'xL32J', 'xL10J'}
| | | | | | | | | | | +-- , 128 , {136, 130} , {'xL95J', 'xL100J', 'xL149J', 'xL98J', 'xL146J', 'xL143J', 'xL11J', 'xL31J', 'xL10J', 'xL32J'}
| | | | | | | | | | | | +-- , 136 , {138} , {'xL92J', 'xL95J', 'xL145J', 'xL146J', 'xL143J', 'xL11J', 'xL10J', 'xL100J'}
| | | | | | | | | | | | | +-- , 138 , {144, 140} , {'xL92J', 'xL95J', 'xL145J', 'xL11J', 'xL146J', 'xL91J', 'xL143J', 'xL10J'}
| | | | | | | | | | | | | | +-- , 144 , set() , {'xL144J', 'xL145J', 'xL11J', 'xL143J', 'xL91J'}
| | | | | | | | | | | | | | +-- , 140 , {142} , {'xL93J', 'xL92J', 'xL95J', 'xL90J', 'xL143J', 'xL146J', 'xL91J', 'xL10J'}
| | | | | | | | | | | | | | | +-- , 142 , set() , {'xL93J', 'xL95J', 'xL90J', 'xL94J', 'xL146J'}
| | | | | | | | | | | | +-- , 130 , {132} , {'xL99J', 'xL100J', 'xL96J', 'xL149J', 'xL98J', 'xL31J', 'xL32J'}
| | | | | | | | | | | | | +-- , 132 , {134} , {'xL147J', 'xL99J', 'xL96J', 'xL98J', 'xL149J', 'xL31J', 'xL32J'}
| | | | | | | | | | | | | | +-- , 134 , set() , {'xL147J', 'xL96J', 'xL148J', 'xL149J', 'xL97J', 'xL98J', 'xL32J'}
| | | | | +-- , 84 , {112, 86} , {'xL86J', 'xL8J', 'xL136J', 'xL137J', 'xL80J', 'xL78J', 'xL141J', 'xL7J'}
| | | | | | +-- , 112 , set() , {'xL80J', 'xL136J', 'xL137J', 'xL78J', 'xL79J'}
| | | | | | +-- , 86 , {88} , {'xL135J', 'xL138J', 'xL86J', 'xL8J', 'xL136J', 'xL26J', 'xL82J', 'xL78J', 'xL141J', 'xL7J'}
| | | | | | | +-- , 88 , {99, 90} , {'xL86J', 'xL83J', 'xL77J', 'xL7J', 'xL135J', 'xL138J', 'xL8J', 'xL82J', 'xL134J', 'xL141J', 'xL26J'}
| | | | | | | | +-- , 99 , {101} , {'xL81J', 'xL135J', 'xL86J', 'xL83J', 'xL27J', 'xL82J', 'xL77J', 'xL134J', 'xL141J', 'xL26J'}
| | | | | | | | | +-- , 101 , {103} , {'xL81J', 'xL135J', 'xL86J', 'xL27J', 'xL141J', 'xL25J', 'xL26J'}
| | | | | | | | | | +-- , 103 , {105} , {'xL24J', 'xL86J', 'xL27J', 'xL141J', 'xL25J', 'xL26J'}
| | | | | | | | | | | +-- , 105 , {107} , {'xL89J', 'xL24J', 'xL142J', 'xL86J', 'xL29J', 'xL27J', 'xL141J', 'xL28J'}
| | | | | | | | | | | | +-- , 107 , {110} , {'xL89J', 'xL142J', 'xL86J', 'xL141J', 'xL85J', 'xL29J', 'xL84J', 'xL140J', 'xL28J'}
| | | | | | | | | | | | | +-- , 110 , set() , {'xL89J', 'xL142J', 'xL87J', 'xL139J', 'xL29J', 'xL88J', 'xL84J', 'xL140J', 'xL28J'}
| | | | | | | | +-- , 90 , {92} , {'xL138J', 'xL83J', 'xL8J', 'xL133J', 'xL77J', 'xL134J', 'xL7J'}
| | | | | | | | | +-- , 92 , {94} , {'xL132J', 'xL74J', 'xL8J', 'xL133J', 'xL77J', 'xL134J', 'xL7J'}
| | | | | | | | | | +-- , 94 , {97} , {'xL132J', 'xL74J', 'xL8J', 'xL72J', 'xL76J', 'xL75J', 'xL77J', 'xL134J', 'xL7J'}
| | | | | | | | | | | +-- , 97 , set() , {'xL132J', 'xL74J', 'xL8J', 'xL72J', 'xL131J', 'xL75J', 'xL130J', 'xL73J', 'xL7J'}


Max number of edges with non zero Y: 9
Max number of iterations of outer rounding loop: 4
Max number of candidate sets: 2
Time spent rounding: 30.431
Time spent solving Separator LP: 3.630
Total time spent solving: 43.612

LP Solver: GaifmanNormal
Lower Bound Witness = ({'xL33J', 'xL51J', 'xL36J', 'xL77J', 'xL100J', 'xL7J', 'xL32J', 'xL42J', 'xL108J', 'xL45J', 'xL8J', 'xL5J', 'xL15J', 'xL85J', 'xL136J', 'xL40J', 'xL70J', 'xL111J', 'xL10J', 'xL26J', 'xL95J', 'xL116J', 'xL61J', 'xL97J', 'xL72J', 'xL73J', 'xL142J', 'xL0J', 'xL22J', 'xL13J', 'xL125J', 'xL37J', 'xL78J', 'xL79J', 'xL3J', 'xL129J', 'xL44J', 'xL81J', 'xL38J', 'xL39J', 'xL148J', 'xL120J', 'xL55J', 'xL41J', 'xL138J', 'xL58J', 'xL126J', 'xL109J', 'xL47J', 'xL71J', 'xL130J', 'xL132J', 'xL122J', 'xL137J', 'xL11J', 'xL91J', 'xL56J', 'xL87J', 'xL144J', 'xL123J', 'xL104J', 'xL14J', 'xL65J', 'xL48J', 'xL43J', 'xL4J', 'xL141J', 'xL147J', 'xL49J', 'xL121J', 'xL86J', 'xL83J', 'xL64J', 'xL139J', 'xL94J', 'xL76J', 'xL17J', 'xL2J', 'xL145J', 'xL52J', 'xL90J', 'xL62J', 'xL134J', 'xL114J', 'xL115J', 'xL68J', 'xL12J', 'xL1J', 'xL16J', 'xL60J', 'xL146J', 'xL105J', 'xL31J', 'xL112J', 'xL117J', 'xL66J', 'xL135J', 'xL46J', 'xL19J', 'xL106J', 'xL9J', 'xL101J', 'xL110J', 'xL84J', 'xL102J', 'xL18J', 'xL24J', 'xL89J', 'xL69J', 'xL127J', 'xL96J', 'xL34J', 'xL29J', 'xL98J', 'xL149J', 'xL140J', 'xL28J', 'xL23J', 'xL35J', 'xL59J', 'xL93J', 'xL92J', 'xL128J', 'xL74J', 'xL63J', 'xL103J', 'xL82J', 'xL27J', 'xL118J', 'xL50J', 'xL99J', 'xL30J', 'xL88J', 'xL113J', 'xL107J', 'xL143J', 'xL20J', 'xL21J', 'xL67J', 'xL53J', 'xL6J', 'xL119J', 'xL80J', 'xL133J', 'xL124J', 'xL131J', 'xL75J', 'xL57J', 'xL54J', 'xL25J'}, {'xL135J', 'xL46J', 'xL42J', 'xL63J', 'xL125J', 'xL72J', 'xL118J', 'xL76J', 'xL27J', 'xL48J', 'xL20J', 'xL110J', 'xL77J', 'xL141J', 'xL114J'})