68, 3.2318070318887986, 6.0, 6
+-- , 0 , {3, 108} , {'xL35J', 'xL68J', 'xL6J', 'xL0J', 'xL86J', 'xL99J', 'xL128J', 'xL96J', 'xL148J', 'xL101J', 'xL141J', 'xL100J'}
| +-- , 3 , {5} , {'xL147J', 'xL86J', 'xL99J', 'xL148J', 'xL100J', 'xL32J', 'xL35J', 'xL6J', 'xL0J', 'xL101J', 'xL141J'}
| | +-- , 5 , {7} , {'xL147J', 'xL86J', 'xL99J', 'xL1J', 'xL100J', 'xL32J', 'xL35J', 'xL6J', 'xL0J', 'xL2J', 'xL101J', 'xL141J'}
| | | +-- , 7 , {9, 91} , {'xL50J', 'xL147J', 'xL86J', 'xL99J', 'xL1J', 'xL32J', 'xL100J', 'xL35J', 'xL6J', 'xL2J', 'xL101J', 'xL141J', 'xL114J'}
| | | | +-- , 9 , {11} , {'xL50J', 'xL6J', 'xL2J', 'xL86J', 'xL8J', 'xL1J', 'xL141J', 'xL114J', 'xL7J'}
| | | | | +-- , 11 , {56, 13} , {'xL50J', 'xL2J', 'xL86J', 'xL8J', 'xL1J', 'xL110J', 'xL141J', 'xL114J', 'xL7J'}
| | | | | | +-- , 56 , {58} , {'xL86J', 'xL8J', 'xL80J', 'xL137J', 'xL110J', 'xL141J', 'xL7J'}
| | | | | | | +-- , 58 , {61} , {'xL86J', 'xL8J', 'xL80J', 'xL137J', 'xL131J', 'xL75J', 'xL130J', 'xL141J', 'xL7J'}
| | | | | | | | +-- , 61 , {63} , {'xL132J', 'xL86J', 'xL80J', 'xL137J', 'xL131J', 'xL75J', 'xL76J', 'xL73J', 'xL77J', 'xL141J'}
| | | | | | | | | +-- , 63 , {67, 87} , {'xL132J', 'xL86J', 'xL83J', 'xL137J', 'xL29J', 'xL76J', 'xL73J', 'xL77J', 'xL28J', 'xL138J', 'xL80J', 'xL27J', 'xL141J'}
| | | | | | | | | | +-- , 67 , {69, 78} , {'xL24J', 'xL138J', 'xL86J', 'xL83J', 'xL80J', 'xL137J', 'xL29J', 'xL141J', 'xL28J'}
| | | | | | | | | | | +-- , 69 , {71} , {'xL24J', 'xL138J', 'xL83J', 'xL80J', 'xL137J', 'xL25J', 'xL26J'}
| | | | | | | | | | | | +-- , 71 , {74} , {'xL81J', 'xL135J', 'xL138J', 'xL83J', 'xL80J', 'xL137J', 'xL25J', 'xL26J'}
| | | | | | | | | | | | | +-- , 74 , {76} , {'xL81J', 'xL135J', 'xL138J', 'xL83J', 'xL136J', 'xL137J', 'xL80J', 'xL26J'}
| | | | | | | | | | | | | | +-- , 76 , set() , {'xL81J', 'xL138J', 'xL83J', 'xL136J', 'xL137J', 'xL80J', 'xL82J', 'xL78J', 'xL79J'}
| | | | | | | | | | | +-- , 78 , {80} , {'xL89J', 'xL24J', 'xL142J', 'xL86J', 'xL29J', 'xL141J', 'xL28J'}
| | | | | | | | | | | | +-- , 80 , {83} , {'xL89J', 'xL142J', 'xL86J', 'xL85J', 'xL29J', 'xL84J', 'xL141J', 'xL28J'}
| | | | | | | | | | | | | +-- , 83 , {85} , {'xL89J', 'xL142J', 'xL85J', 'xL29J', 'xL28J', 'xL84J', 'xL141J', 'xL140J'}
| | | | | | | | | | | | | | +-- , 85 , set() , {'xL89J', 'xL142J', 'xL87J', 'xL139J', 'xL29J', 'xL88J', 'xL84J', 'xL140J', 'xL28J'}
| | | | | | | | | | +-- , 87 , {89} , {'xL138J', 'xL132J', 'xL83J', 'xL133J', 'xL72J', 'xL27J', 'xL76J', 'xL73J', 'xL77J', 'xL134J'}
| | | | | | | | | | | +-- , 89 , set() , {'xL132J', 'xL74J', 'xL133J', 'xL72J', 'xL73J'}
| | | | | | +-- , 13 , {15} , {'xL50J', 'xL44J', 'xL2J', 'xL109J', 'xL1J', 'xL110J', 'xL114J'}
| | | | | | | +-- , 15 , {19, 45} , {'xL44J', 'xL50J', 'xL2J', 'xL106J', 'xL109J', 'xL15J', 'xL1J', 'xL105J', 'xL41J', 'xL114J'}
| | | | | | | | +-- , 19 , {21} , {'xL44J', 'xL50J', 'xL109J', 'xL15J', 'xL16J', 'xL105J', 'xL17J', 'xL114J'}
| | | | | | | | | +-- , 21 , {23} , {'xL44J', 'xL50J', 'xL17J', 'xL109J', 'xL47J', 'xL16J', 'xL105J', 'xL111J', 'xL114J'}
| | | | | | | | | | +-- , 23 , {34, 25} , {'xL44J', 'xL50J', 'xL17J', 'xL109J', 'xL12J', 'xL47J', 'xL16J', 'xL111J', 'xL114J'}
| | | | | | | | | | | +-- , 34 , {36} , {'xL50J', 'xL53J', 'xL115J', 'xL12J', 'xL16J', 'xL17J', 'xL114J'}
| | | | | | | | | | | | +-- , 36 , {39} , {'xL50J', 'xL115J', 'xL53J', 'xL51J', 'xL113J', 'xL16J', 'xL17J', 'xL112J', 'xL114J'}
| | | | | | | | | | | | | +-- , 39 , {41} , {'xL50J', 'xL53J', 'xL115J', 'xL49J', 'xL51J', 'xL113J', 'xL114J'}
| | | | | | | | | | | | | | +-- , 41 , {43} , {'xL50J', 'xL115J', 'xL53J', 'xL49J', 'xL51J', 'xL48J'}
| | | | | | | | | | | | | | | +-- , 43 , set() , {'xL115J', 'xL53J', 'xL51J', 'xL52J', 'xL48J'}
| | | | | | | | | | | +-- , 25 , {27} , {'xL44J', 'xL13J', 'xL109J', 'xL12J', 'xL47J', 'xL14J', 'xL111J'}
| | | | | | | | | | | | +-- , 27 , {30} , {'xL44J', 'xL46J', 'xL13J', 'xL42J', 'xL45J', 'xL109J', 'xL47J', 'xL14J', 'xL111J'}
| | | | | | | | | | | | | +-- , 30 , {32} , {'xL44J', 'xL13J', 'xL42J', 'xL108J', 'xL45J', 'xL109J', 'xL107J', 'xL14J'}
| | | | | | | | | | | | | | +-- , 32 , set() , {'xL44J', 'xL42J', 'xL108J', 'xL109J', 'xL43J'}
| | | | | | | | +-- , 45 , {47} , {'xL2J', 'xL38J', 'xL106J', 'xL1J', 'xL104J', 'xL105J', 'xL41J'}
| | | | | | | | | +-- , 47 , {50} , {'xL2J', 'xL38J', 'xL106J', 'xL36J', 'xL103J', 'xL1J', 'xL37J', 'xL104J', 'xL41J'}
| | | | | | | | | | +-- , 50 , {52} , {'xL2J', 'xL106J', 'xL36J', 'xL103J', 'xL1J', 'xL40J', 'xL41J'}
| | | | | | | | | | | +-- , 52 , {54} , {'xL2J', 'xL39J', 'xL103J', 'xL1J', 'xL40J', 'xL41J'}
| | | | | | | | | | | | +-- , 54 , set() , {'xL2J', 'xL39J', 'xL103J', 'xL1J', 'xL102J'}
| | | | +-- , 91 , {93} , {'xL50J', 'xL35J', 'xL147J', 'xL99J', 'xL100J', 'xL9J', 'xL101J', 'xL32J', 'xL114J'}
| | | | | +-- , 93 , {95} , {'xL35J', 'xL147J', 'xL99J', 'xL100J', 'xL9J', 'xL101J', 'xL11J', 'xL10J', 'xL32J'}
| | | | | | +-- , 95 , {97, 101} , {'xL35J', 'xL147J', 'xL33J', 'xL99J', 'xL100J', 'xL101J', 'xL11J', 'xL10J', 'xL32J'}
| | | | | | | +-- , 97 , {99} , {'xL35J', 'xL147J', 'xL33J', 'xL99J', 'xL30J', 'xL101J', 'xL31J', 'xL32J'}
| | | | | | | | +-- , 99 , set() , {'xL35J', 'xL33J', 'xL30J', 'xL34J', 'xL101J'}
| | | | | | | +-- , 101 , {103} , {'xL33J', 'xL92J', 'xL145J', 'xL95J', 'xL146J', 'xL11J', 'xL10J', 'xL100J'}
| | | | | | | | +-- , 103 , {106} , {'xL93J', 'xL95J', 'xL92J', 'xL145J', 'xL90J', 'xL94J', 'xL146J', 'xL11J', 'xL10J'}
| | | | | | | | | +-- , 106 , set() , {'xL144J', 'xL93J', 'xL92J', 'xL90J', 'xL145J', 'xL11J', 'xL143J', 'xL91J', 'xL10J'}
| +-- , 108 , {110} , {'xL68J', 'xL86J', 'xL128J', 'xL96J', 'xL148J', 'xL141J', 'xL3J'}
| | +-- , 110 , {112} , {'xL68J', 'xL128J', 'xL96J', 'xL148J', 'xL98J', 'xL97J', 'xL3J'}
| | | +-- , 112 , {114} , {'xL68J', 'xL128J', 'xL5J', 'xL148J', 'xL149J', 'xL97J', 'xL98J', 'xL4J', 'xL3J'}
| | | | +-- , 114 , {116} , {'xL68J', 'xL128J', 'xL5J', 'xL124J', 'xL149J', 'xL98J', 'xL4J'}
| | | | | +-- , 116 , {118} , {'xL68J', 'xL128J', 'xL123J', 'xL5J', 'xL124J', 'xL62J', 'xL4J'}
| | | | | | +-- , 118 , {123, 134} , {'xL68J', 'xL118J', 'xL21J', 'xL23J', 'xL56J', 'xL22J', 'xL119J', 'xL128J', 'xL123J', 'xL5J', 'xL62J', 'xL4J'}
| | | | | | | +-- , 123 , {125} , {'xL56J', 'xL5J', 'xL59J', 'xL120J', 'xL118J', 'xL4J', 'xL21J'}
| | | | | | | | +-- , 125 , {128} , {'xL56J', 'xL5J', 'xL116J', 'xL120J', 'xL57J', 'xL118J', 'xL4J', 'xL59J', 'xL117J'}
| | | | | | | | | +-- , 128 , {130} , {'xL56J', 'xL120J', 'xL55J', 'xL57J', 'xL118J', 'xL59J', 'xL117J'}
| | | | | | | | | | +-- , 130 , {132} , {'xL56J', 'xL59J', 'xL120J', 'xL55J', 'xL57J', 'xL54J'}
| | | | | | | | | | | +-- , 132 , set() , {'xL58J', 'xL59J', 'xL120J', 'xL57J', 'xL54J'}
| | | | | | | +-- , 134 , {136} , {'xL68J', 'xL22J', 'xL119J', 'xL128J', 'xL123J', 'xL125J', 'xL65J', 'xL62J', 'xL23J'}
| | | | | | | | +-- , 136 , {145, 138} , {'xL68J', 'xL22J', 'xL18J', 'xL128J', 'xL123J', 'xL125J', 'xL65J', 'xL62J', 'xL23J'}
| | | | | | | | | +-- , 145 , {147} , {'xL18J', 'xL19J', 'xL123J', 'xL125J', 'xL65J', 'xL20J', 'xL62J'}
| | | | | | | | | | +-- , 147 , {150} , {'xL19J', 'xL64J', 'xL63J', 'xL123J', 'xL125J', 'xL65J', 'xL20J', 'xL62J'}
| | | | | | | | | | | +-- , 150 , {152} , {'xL121J', 'xL19J', 'xL64J', 'xL123J', 'xL63J', 'xL125J', 'xL60J', 'xL20J', 'xL62J'}
| | | | | | | | | | | | +-- , 152 , set() , {'xL121J', 'xL122J', 'xL123J', 'xL61J', 'xL60J', 'xL20J', 'xL62J'}
| | | | | | | | | +-- , 138 , {140} , {'xL68J', 'xL22J', 'xL18J', 'xL128J', 'xL129J', 'xL71J', 'xL23J'}
| | | | | | | | | | +-- , 140 , {143} , {'xL68J', 'xL22J', 'xL69J', 'xL127J', 'xL128J', 'xL126J', 'xL129J', 'xL71J', 'xL23J'}
| | | | | | | | | | | +-- , 143 , set() , {'xL68J', 'xL66J', 'xL69J', 'xL127J', 'xL128J', 'xL71J', 'xL70J', 'xL67J', 'xL129J'}


Max number of edges with non zero Y: 12
Max number of iterations of outer rounding loop: 4
Max number of candidate sets: 2
Time spent rounding: 57.162
Time spent solving Separator LP: 13.292
Total time spent solving: 92.195

LP Solver: GaifmanBoosted
Lower Bound Witness = ({'xL33J', 'xL51J', 'xL36J', 'xL77J', 'xL100J', 'xL7J', 'xL32J', 'xL42J', 'xL108J', 'xL45J', 'xL8J', 'xL5J', 'xL15J', 'xL85J', 'xL136J', 'xL40J', 'xL70J', 'xL111J', 'xL10J', 'xL26J', 'xL95J', 'xL116J', 'xL61J', 'xL97J', 'xL72J', 'xL73J', 'xL142J', 'xL0J', 'xL22J', 'xL13J', 'xL125J', 'xL37J', 'xL78J', 'xL79J', 'xL3J', 'xL129J', 'xL44J', 'xL81J', 'xL38J', 'xL39J', 'xL148J', 'xL120J', 'xL55J', 'xL41J', 'xL138J', 'xL58J', 'xL126J', 'xL109J', 'xL47J', 'xL71J', 'xL130J', 'xL132J', 'xL122J', 'xL137J', 'xL11J', 'xL91J', 'xL56J', 'xL87J', 'xL144J', 'xL123J', 'xL104J', 'xL14J', 'xL65J', 'xL48J', 'xL43J', 'xL4J', 'xL141J', 'xL147J', 'xL49J', 'xL121J', 'xL86J', 'xL83J', 'xL64J', 'xL139J', 'xL94J', 'xL76J', 'xL17J', 'xL2J', 'xL145J', 'xL52J', 'xL90J', 'xL62J', 'xL134J', 'xL114J', 'xL115J', 'xL68J', 'xL12J', 'xL1J', 'xL16J', 'xL60J', 'xL146J', 'xL105J', 'xL31J', 'xL112J', 'xL117J', 'xL66J', 'xL135J', 'xL46J', 'xL19J', 'xL106J', 'xL9J', 'xL101J', 'xL110J', 'xL84J', 'xL102J', 'xL18J', 'xL24J', 'xL89J', 'xL69J', 'xL127J', 'xL96J', 'xL34J', 'xL29J', 'xL98J', 'xL149J', 'xL140J', 'xL28J', 'xL23J', 'xL35J', 'xL59J', 'xL93J', 'xL92J', 'xL128J', 'xL74J', 'xL63J', 'xL103J', 'xL82J', 'xL27J', 'xL118J', 'xL50J', 'xL99J', 'xL30J', 'xL88J', 'xL113J', 'xL107J', 'xL143J', 'xL20J', 'xL21J', 'xL67J', 'xL53J', 'xL6J', 'xL119J', 'xL80J', 'xL133J', 'xL124J', 'xL131J', 'xL75J', 'xL57J', 'xL54J', 'xL25J'}, {'xL69J', 'xL51J', 'xL36J', 'xL149J', 'xL76J', 'xL55J', 'xL41J', 'xL100J', 'xL35J', 'xL58J', 'xL128J', 'xL45J', 'xL47J', 'xL130J', 'xL118J', 'xL114J', 'xL132J', 'xL99J', 'xL107J', 'xL11J', 'xL6J', 'xL119J', 'xL54J', 'xL14J', 'xL79J', 'xL4J', 'xL141J', 'xL129J'})