65, 1.7574253663366333, 7.0, 8
+-- , 0 , {83, 3} , {'xL50J', 'xL68J', 'xL30J', 'xL94J', 'xL143J', 'xL93J', 'xL90J', 'xL128J', 'xL9J', 'xL5J', 'xL101J', 'xL4J', 'xL114J'}
| +-- , 83 , {85} , {'xL68J', 'xL30J', 'xL11J', 'xL143J', 'xL91J', 'xL31J', 'xL32J', 'xL93J', 'xL92J', 'xL90J', 'xL128J', 'xL9J', 'xL5J', 'xL4J', 'xL10J'}
| | +-- , 85 , {87} , {'xL68J', 'xL11J', 'xL143J', 'xL91J', 'xL31J', 'xL32J', 'xL144J', 'xL92J', 'xL128J', 'xL5J', 'xL4J'}
| | | +-- , 87 , {89} , {'xL68J', 'xL144J', 'xL92J', 'xL145J', 'xL128J', 'xL100J', 'xL5J', 'xL91J', 'xL31J', 'xL4J', 'xL32J'}
| | | | +-- , 89 , {91} , {'xL68J', 'xL99J', 'xL100J', 'xL128J', 'xL5J', 'xL96J', 'xL31J', 'xL4J', 'xL32J'}
| | | | | +-- , 91 , {130, 93} , {'xL68J', 'xL99J', 'xL128J', 'xL5J', 'xL124J', 'xL96J', 'xL31J', 'xL4J', 'xL32J'}
| | | | | | +-- , 130 , {132} , {'xL99J', 'xL124J', 'xL96J', 'xL149J', 'xL98J', 'xL31J', 'xL32J'}
| | | | | | | +-- , 132 , {134} , {'xL99J', 'xL96J', 'xL149J', 'xL98J', 'xL97J', 'xL31J', 'xL32J'}
| | | | | | | | +-- , 134 , set() , {'xL147J', 'xL99J', 'xL148J', 'xL149J', 'xL97J', 'xL31J', 'xL32J'}
| | | | | | +-- , 93 , {95} , {'xL68J', 'xL128J', 'xL123J', 'xL5J', 'xL124J', 'xL62J', 'xL4J'}
| | | | | | | +-- , 95 , {98, 108} , {'xL68J', 'xL116J', 'xL23J', 'xL22J', 'xL128J', 'xL123J', 'xL5J', 'xL125J', 'xL65J', 'xL62J', 'xL4J'}
| | | | | | | | +-- , 98 , {100} , {'xL22J', 'xL119J', 'xL5J', 'xL125J', 'xL116J', 'xL65J', 'xL4J', 'xL21J', 'xL23J'}
| | | | | | | | | +-- , 100 , {102} , {'xL56J', 'xL21J', 'xL119J', 'xL5J', 'xL116J', 'xL120J', 'xL118J', 'xL4J', 'xL59J'}
| | | | | | | | | | +-- , 102 , {104} , {'xL56J', 'xL5J', 'xL116J', 'xL120J', 'xL57J', 'xL118J', 'xL4J', 'xL59J'}
| | | | | | | | | | | +-- , 104 , {106} , {'xL56J', 'xL58J', 'xL5J', 'xL116J', 'xL120J', 'xL57J', 'xL118J', 'xL59J', 'xL117J'}
| | | | | | | | | | | | +-- , 106 , set() , {'xL56J', 'xL58J', 'xL120J', 'xL55J', 'xL118J', 'xL54J', 'xL117J'}
| | | | | | | | +-- , 108 , {110, 119} , {'xL68J', 'xL22J', 'xL18J', 'xL128J', 'xL123J', 'xL125J', 'xL65J', 'xL62J', 'xL23J'}
| | | | | | | | | +-- , 110 , {112} , {'xL68J', 'xL22J', 'xL18J', 'xL128J', 'xL129J', 'xL71J', 'xL23J'}
| | | | | | | | | | +-- , 112 , {115} , {'xL68J', 'xL22J', 'xL69J', 'xL128J', 'xL129J', 'xL71J', 'xL70J', 'xL23J'}
| | | | | | | | | | | +-- , 115 , {117} , {'xL68J', 'xL66J', 'xL22J', 'xL69J', 'xL127J', 'xL128J', 'xL126J', 'xL70J', 'xL23J', 'xL129J'}
| | | | | | | | | | | | +-- , 117 , set() , {'xL68J', 'xL66J', 'xL127J', 'xL128J', 'xL67J'}
| | | | | | | | | +-- , 119 , {121} , {'xL18J', 'xL19J', 'xL123J', 'xL125J', 'xL65J', 'xL20J', 'xL62J'}
| | | | | | | | | | +-- , 121 , {128, 124} , {'xL121J', 'xL19J', 'xL123J', 'xL125J', 'xL61J', 'xL65J', 'xL20J', 'xL62J'}
| | | | | | | | | | | +-- , 128 , set() , {'xL121J', 'xL122J', 'xL123J', 'xL61J', 'xL20J'}
| | | | | | | | | | | +-- , 124 , {126} , {'xL121J', 'xL19J', 'xL63J', 'xL125J', 'xL61J', 'xL60J', 'xL65J', 'xL62J'}
| | | | | | | | | | | | +-- , 126 , set() , {'xL64J', 'xL63J', 'xL125J', 'xL60J', 'xL65J'}
| +-- , 3 , {5} , {'xL50J', 'xL68J', 'xL95J', 'xL30J', 'xL34J', 'xL94J', 'xL114J', 'xL146J', 'xL93J', 'xL0J', 'xL90J', 'xL128J', 'xL5J', 'xL101J', 'xL4J', 'xL3J'}
| | +-- , 5 , {7} , {'xL50J', 'xL0J', 'xL33J', 'xL95J', 'xL34J', 'xL101J', 'xL146J', 'xL3J', 'xL114J'}
| | | +-- , 7 , {9} , {'xL50J', 'xL0J', 'xL2J', 'xL33J', 'xL34J', 'xL1J', 'xL101J', 'xL3J', 'xL114J'}
| | | | +-- , 9 , {11} , {'xL50J', 'xL33J', 'xL86J', 'xL34J', 'xL114J', 'xL1J', 'xL35J', 'xL6J', 'xL2J', 'xL101J', 'xL141J', 'xL3J'}
| | | | | +-- , 11 , {13} , {'xL50J', 'xL6J', 'xL2J', 'xL86J', 'xL8J', 'xL1J', 'xL141J', 'xL114J', 'xL7J'}
| | | | | | +-- , 13 , {48, 15} , {'xL50J', 'xL44J', 'xL2J', 'xL86J', 'xL8J', 'xL109J', 'xL1J', 'xL141J', 'xL114J', 'xL7J'}
| | | | | | | +-- , 48 , {50} , {'xL44J', 'xL86J', 'xL8J', 'xL109J', 'xL110J', 'xL141J', 'xL7J'}
| | | | | | | | +-- , 50 , {52} , {'xL86J', 'xL8J', 'xL80J', 'xL137J', 'xL110J', 'xL141J', 'xL7J'}
| | | | | | | | | +-- , 52 , {81, 55, 79} , {'xL86J', 'xL141J', 'xL8J', 'xL80J', 'xL137J', 'xL136J', 'xL130J', 'xL78J', 'xL84J', 'xL140J', 'xL7J'}
| | | | | | | | | | +-- , 81 , set() , {'xL80J', 'xL136J', 'xL137J', 'xL78J', 'xL79J'}
| | | | | | | | | | +-- , 55 , {57} , {'xL88J', 'xL140J', 'xL7J', 'xL142J', 'xL135J', 'xL8J', 'xL136J', 'xL130J', 'xL78J', 'xL84J', 'xL26J'}
| | | | | | | | | | | +-- , 57 , {59} , {'xL139J', 'xL29J', 'xL88J', 'xL140J', 'xL7J', 'xL142J', 'xL135J', 'xL138J', 'xL8J', 'xL130J', 'xL82J', 'xL78J', 'xL26J'}
| | | | | | | | | | | | +-- , 59 , {61, 63} , {'xL139J', 'xL29J', 'xL88J', 'xL76J', 'xL77J', 'xL7J', 'xL142J', 'xL135J', 'xL138J', 'xL8J', 'xL130J', 'xL82J', 'xL26J'}
| | | | | | | | | | | | | +-- , 61 , set() , {'xL130J', 'xL76J', 'xL75J', 'xL77J', 'xL7J'}
| | | | | | | | | | | | | +-- , 63 , {65} , {'xL139J', 'xL29J', 'xL88J', 'xL76J', 'xL77J', 'xL142J', 'xL135J', 'xL138J', 'xL8J', 'xL131J', 'xL82J', 'xL130J', 'xL26J'}
| | | | | | | | | | | | | | +-- , 65 , {67} , {'xL132J', 'xL139J', 'xL29J', 'xL88J', 'xL76J', 'xL73J', 'xL77J', 'xL142J', 'xL135J', 'xL138J', 'xL131J', 'xL82J', 'xL26J'}
| | | | | | | | | | | | | | | +-- , 67 , {75, 69} , {'xL89J', 'xL132J', 'xL139J', 'xL29J', 'xL88J', 'xL76J', 'xL73J', 'xL77J', 'xL142J', 'xL135J', 'xL138J', 'xL82J', 'xL134J', 'xL26J'}
| | | | | | | | | | | | | | | | +-- , 75 , {77} , {'xL89J', 'xL87J', 'xL139J', 'xL29J', 'xL88J', 'xL27J', 'xL77J', 'xL134J'}
| | | | | | | | | | | | | | | | | +-- , 77 , set() , {'xL87J', 'xL139J', 'xL29J', 'xL27J', 'xL28J'}
| | | | | | | | | | | | | | | | +-- , 69 , {71} , {'xL89J', 'xL24J', 'xL132J', 'xL72J', 'xL76J', 'xL73J', 'xL142J', 'xL135J', 'xL138J', 'xL82J', 'xL134J', 'xL26J'}
| | | | | | | | | | | | | | | | | +-- , 71 , {73} , {'xL24J', 'xL138J', 'xL132J', 'xL135J', 'xL74J', 'xL133J', 'xL72J', 'xL82J', 'xL73J', 'xL25J', 'xL26J'}
| | | | | | | | | | | | | | | | | | +-- , 73 , set() , {'xL81J', 'xL135J', 'xL138J', 'xL83J', 'xL133J', 'xL82J', 'xL25J'}
| | | | | | | | | | +-- , 79 , set() , {'xL86J', 'xL85J', 'xL84J', 'xL141J', 'xL140J'}
| | | | | | | +-- , 15 , {17} , {'xL44J', 'xL50J', 'xL2J', 'xL109J', 'xL103J', 'xL1J', 'xL102J', 'xL114J'}
| | | | | | | | +-- , 17 , {19} , {'xL44J', 'xL50J', 'xL109J', 'xL39J', 'xL103J', 'xL37J', 'xL1J', 'xL104J', 'xL102J', 'xL114J'}
| | | | | | | | | +-- , 19 , {21} , {'xL44J', 'xL50J', 'xL109J', 'xL39J', 'xL37J', 'xL104J', 'xL40J', 'xL41J', 'xL114J'}
| | | | | | | | | | +-- , 21 , {23} , {'xL44J', 'xL50J', 'xL41J', 'xL108J', 'xL109J', 'xL37J', 'xL104J', 'xL40J', 'xL43J', 'xL114J'}
| | | | | | | | | | | +-- , 23 , {25} , {'xL44J', 'xL50J', 'xL42J', 'xL108J', 'xL37J', 'xL104J', 'xL40J', 'xL43J', 'xL41J', 'xL114J'}
| | | | | | | | | | | | +-- , 25 , {27} , {'xL50J', 'xL107J', 'xL41J', 'xL46J', 'xL42J', 'xL108J', 'xL37J', 'xL104J', 'xL40J', 'xL14J', 'xL111J', 'xL114J'}
| | | | | | | | | | | | | +-- , 27 , {29, 44} , {'xL50J', 'xL107J', 'xL41J', 'xL46J', 'xL106J', 'xL37J', 'xL47J', 'xL104J', 'xL40J', 'xL14J', 'xL111J', 'xL114J'}
| | | | | | | | | | | | | | +-- , 29 , {31} , {'xL50J', 'xL46J', 'xL106J', 'xL45J', 'xL15J', 'xL47J', 'xL107J', 'xL14J', 'xL41J', 'xL114J'}
| | | | | | | | | | | | | | | +-- , 31 , {33} , {'xL50J', 'xL13J', 'xL45J', 'xL15J', 'xL12J', 'xL107J', 'xL14J', 'xL114J'}
| | | | | | | | | | | | | | | | +-- , 33 , {35} , {'xL50J', 'xL53J', 'xL115J', 'xL15J', 'xL12J', 'xL16J', 'xL17J', 'xL114J'}
| | | | | | | | | | | | | | | | | +-- , 35 , {38} , {'xL50J', 'xL115J', 'xL53J', 'xL51J', 'xL113J', 'xL16J', 'xL17J', 'xL112J', 'xL114J'}
| | | | | | | | | | | | | | | | | | +-- , 38 , {40} , {'xL50J', 'xL53J', 'xL115J', 'xL49J', 'xL51J', 'xL113J', 'xL114J'}
| | | | | | | | | | | | | | | | | | | +-- , 40 , {42} , {'xL50J', 'xL115J', 'xL53J', 'xL49J', 'xL51J', 'xL48J'}
| | | | | | | | | | | | | | | | | | | | +-- , 42 , set() , {'xL115J', 'xL53J', 'xL51J', 'xL52J', 'xL48J'}
| | | | | | | | | | | | | | +-- , 44 , {46} , {'xL106J', 'xL36J', 'xL47J', 'xL37J', 'xL104J', 'xL40J', 'xL105J', 'xL111J'}
| | | | | | | | | | | | | | | +-- , 46 , set() , {'xL38J', 'xL36J', 'xL37J', 'xL104J', 'xL105J'}


Max number of edges with non zero Y: 12
Max number of iterations of outer rounding loop: 4
Max number of candidate sets: 2
Time spent rounding: 23.118
Time spent solving Separator LP: 2.148
Total time spent solving: 33.793

LP Solver: GaifmanNormal
Lower Bound Witness = ({'xL33J', 'xL51J', 'xL36J', 'xL77J', 'xL100J', 'xL7J', 'xL32J', 'xL42J', 'xL108J', 'xL45J', 'xL8J', 'xL5J', 'xL15J', 'xL85J', 'xL136J', 'xL40J', 'xL70J', 'xL111J', 'xL10J', 'xL26J', 'xL95J', 'xL116J', 'xL61J', 'xL97J', 'xL72J', 'xL73J', 'xL142J', 'xL0J', 'xL22J', 'xL13J', 'xL125J', 'xL37J', 'xL78J', 'xL79J', 'xL3J', 'xL129J', 'xL44J', 'xL81J', 'xL38J', 'xL39J', 'xL148J', 'xL120J', 'xL55J', 'xL41J', 'xL138J', 'xL58J', 'xL126J', 'xL109J', 'xL47J', 'xL71J', 'xL130J', 'xL132J', 'xL122J', 'xL137J', 'xL11J', 'xL91J', 'xL56J', 'xL87J', 'xL144J', 'xL123J', 'xL104J', 'xL14J', 'xL65J', 'xL48J', 'xL43J', 'xL4J', 'xL141J', 'xL147J', 'xL49J', 'xL121J', 'xL86J', 'xL83J', 'xL64J', 'xL139J', 'xL94J', 'xL76J', 'xL17J', 'xL2J', 'xL145J', 'xL52J', 'xL90J', 'xL62J', 'xL134J', 'xL114J', 'xL115J', 'xL68J', 'xL12J', 'xL1J', 'xL16J', 'xL60J', 'xL146J', 'xL105J', 'xL31J', 'xL112J', 'xL117J', 'xL66J', 'xL135J', 'xL46J', 'xL19J', 'xL106J', 'xL9J', 'xL101J', 'xL110J', 'xL84J', 'xL102J', 'xL18J', 'xL24J', 'xL89J', 'xL69J', 'xL127J', 'xL96J', 'xL34J', 'xL29J', 'xL98J', 'xL149J', 'xL140J', 'xL28J', 'xL23J', 'xL35J', 'xL59J', 'xL93J', 'xL92J', 'xL128J', 'xL74J', 'xL63J', 'xL103J', 'xL82J', 'xL27J', 'xL118J', 'xL50J', 'xL99J', 'xL30J', 'xL88J', 'xL113J', 'xL107J', 'xL143J', 'xL20J', 'xL21J', 'xL67J', 'xL53J', 'xL6J', 'xL119J', 'xL80J', 'xL133J', 'xL124J', 'xL131J', 'xL75J', 'xL57J', 'xL54J', 'xL25J'}, {'xL65J', 'xL41J', 'xL93J', 'xL33J', 'xL119J', 'xL9J', 'xL47J', 'xL82J', 'xL105J', 'xL48J', 'xL143J', 'xL4J', 'xL10J', 'xL129J'})