70, 3.387202485028364, 10.0, 10
+-- , 0 , {3, 5, 133, 11, 139, 141, 19, 125, 127} , {'zL15J', 'zL63J', 'zL19J', 'zL67J', 'xL8J', 'xL4J', 'xL5J', 'zL66J', 'zL51J', 'zL76J', 'zL68J', 'zL62J', 'xL3J', 'xL7J', 'xL9J', 'zL2J', 'xL0J'}
| +-- , 3 , set() , {'yL18J', 'zL72J', 'xL8J', 'xL3J', 'zL74J', 'xL9J', 'zL75J', 'xL4J', 'w21', 'zL73J', 'xL0J'}
| +-- , 5 , {7} , {'zL2J', 'xL0J', 'zL1J', 'xL5J', 'xL8J'}
| | +-- , 7 , {9} , {'zL0J', 'zL1J', 'xL5J', 'xL0J'}
| | | +-- , 9 , set() , {'yL0J', 'zL0J', 'xL5J'}
| +-- , 133 , {135} , {'zL18J', 'zL19J', 'xL3J', 'xL7J', 'xL9J', 'xL0J'}
| | +-- , 135 , {137} , {'zL18J', 'xL9J', 'xL0J', 'xL3J', 'zL17J'}
| | | +-- , 137 , set() , {'zL16J', 'xL3J', 'zL17J', 'xL9J', 'yL4J'}
| +-- , 11 , {13} , {'zL68J', 'zL69J', 'xL3J', 'xL7J', 'xL9J', 'xL0J'}
| | +-- , 13 , {15} , {'xL9J', 'xL0J', 'zL69J', 'zL70J', 'xL3J'}
| | | +-- , 15 , {17} , {'xL0J', 'zL71J', 'zL70J', 'xL3J'}
| | | | +-- , 17 , set() , {'w20', 'xL3J', 'zL71J'}
| +-- , 139 , set() , {'xL9J', 'yL19J', 'zL76J'}
| +-- , 141 , set() , {'xL5J', 'zL51J', 'w15'}
| +-- , 19 , {21} , {'zL15J', 'zL63J', 'zL19J', 'zL67J', 'xL8J', 'xL4J', 'xL5J', 'zL51J', 'zL76J', 'zL77J', 'zL68J', 'zL62J', 'xL3J', 'zL50J', 'xL7J', 'xL9J', 'zL2J', 'xL0J'}
| | +-- , 21 , {23, 119} , {'zL15J', 'zL63J', 'zL19J', 'zL67J', 'xL8J', 'yL17J', 'xL2J', 'xL4J', 'xL5J', 'zL77J', 'zL68J', 'zL62J', 'xL3J', 'zL50J', 'xL7J', 'xL9J', 'zL2J', 'xL0J'}
| | | +-- , 23 , {25} , {'zL15J', 'zL63J', 'zL19J', 'zL67J', 'xL8J', 'zL11J', 'xL2J', 'zL39J', 'xL4J', 'xL5J', 'zL62J', 'xL3J', 'zL50J', 'xL7J', 'zL2J', 'xL9J', 'zL38J', 'w5', 'xL0J'}
| | | | +-- , 25 , {105, 107, 109, 111, 113, 115, 91, 31, 29, 95} , {'zL15J', 'zL63J', 'zL19J', 'zL67J', 'xL8J', 'zL11J', 'xL2J', 'zL39J', 'xL4J', 'xL5J', 'zL40J', 'xL1J', 'zL41J', 'zL62J', 'xL3J', 'zL50J', 'xL7J', 'zL2J', 'xL9J', 'zL38J', 'xL0J'}
| | | | | +-- , 105 , set() , {'zL30J', 'xL3J', 'xL8J', 'w10', 'zL29J', 'xL7J', 'yL7J', 'zL28J', 'xL4J', 'xL1J', 'zL31J'}
| | | | | +-- , 107 , set() , {'yL10J', 'zL40J', 'xL4J'}
| | | | | +-- , 109 , set() , {'zL19J', 'w7', 'xL1J'}
| | | | | +-- , 111 , set() , {'zL63J', 'w18', 'xL1J'}
| | | | | +-- , 113 , set() , {'zL39J', 'w12', 'xL1J'}
| | | | | +-- , 115 , {117} , {'zL41J', 'xL7J', 'zL42J', 'xL5J', 'xL0J'}
| | | | | | +-- , 117 , set() , {'zL43J', 'w13', 'zL42J', 'xL5J', 'xL0J'}
| | | | | +-- , 91 , {93} , {'zL15J', 'zL12J', 'xL8J', 'yL3J', 'xL2J', 'xL0J', 'zL14J', 'xL1J'}
| | | | | | +-- , 93 , set() , {'zL12J', 'xL8J', 'zL13J', 'xL0J', 'zL14J'}
| | | | | +-- , 31 , {33} , {'zL49J', 'xL8J', 'zL67J', 'zL11J', 'zL27J', 'xL2J', 'zL10J', 'xL4J', 'xL5J', 'w9', 'xL1J', 'zL62J', 'xL3J', 'zL50J', 'xL7J', 'zL2J', 'xL9J', 'zL38J', 'xL0J'}
| | | | | | +-- , 33 , {35, 87, 89} , {'zL49J', 'xL8J', 'zL67J', 'zL4J', 'zL21J', 'zL9J', 'zL27J', 'xL2J', 'zL10J', 'xL4J', 'xL5J', 'xL1J', 'zL62J', 'xL3J', 'zL5J', 'xL7J', 'zL2J', 'xL9J', 'zL20J', 'zL38J', 'xL0J'}
| | | | | | | +-- , 35 , {65, 67, 37, 41, 73, 43, 47, 79, 81, 51, 57} , {'zL49J', 'xL8J', 'zL67J', 'zL21J', 'zL9J', 'zL27J', 'xL2J', 'xL4J', 'xL5J', 'xL1J', 'xL6J', 'zL62J', 'xL3J', 'zL5J', 'xL7J', 'zL2J', 'xL9J', 'zL38J', 'xL0J'}
| | | | | | | | +-- , 65 , set() , {'yL14J', 'xL6J', 'w17', 'zL59J', 'zL58J', 'xL3J', 'xL7J', 'zL56J', 'xL5J', 'xL0J', 'zL57J'}
| | | | | | | | +-- , 67 , {69} , {'xL6J', 'xL9J', 'xL1J', 'zL5J', 'zL6J'}
| | | | | | | | | +-- , 69 , {71} , {'xL9J', 'xL6J', 'zL7J', 'zL6J'}
| | | | | | | | | | +-- , 71 , set() , {'xL9J', 'w4', 'zL7J'}
| | | | | | | | +-- , 37 , {39} , {'zL9J', 'xL6J', 'zL8J', 'xL4J'}
| | | | | | | | | +-- , 39 , set() , {'yL2J', 'xL6J', 'zL8J'}
| | | | | | | | +-- , 41 , set() , {'xL6J', 'zL53J', 'xL3J', 'yL13J', 'w16', 'xL7J', 'zL55J', 'xL2J', 'zL54J', 'xL4J', 'zL52J'}
| | | | | | | | +-- , 73 , {75} , {'xL6J', 'xL2J', 'xL8J', 'zL22J', 'zL21J'}
| | | | | | | | | +-- , 75 , {77} , {'xL2J', 'xL6J', 'zL22J', 'zL23J'}
| | | | | | | | | | +-- , 77 , set() , {'xL2J', 'w8', 'zL23J'}
| | | | | | | | +-- , 43 , {45} , {'xL6J', 'zL49J', 'xL3J', 'zL48J'}
| | | | | | | | | +-- , 45 , set() , {'yL12J', 'xL3J', 'zL48J'}
| | | | | | | | +-- , 47 , {49} , {'zL3J', 'xL2J', 'xL6J', 'zL2J'}
| | | | | | | | | +-- , 49 , set() , {'zL3J', 'xL2J', 'w3'}
| | | | | | | | +-- , 79 , set() , {'zL67J', 'xL6J', 'w19'}
| | | | | | | | +-- , 81 , {83} , {'zL37J', 'xL6J', 'xL2J', 'zL38J', 'xL8J'}
| | | | | | | | | +-- , 83 , {85} , {'zL37J', 'xL2J', 'xL8J', 'zL36J'}
| | | | | | | | | | +-- , 85 , set() , {'yL9J', 'xL8J', 'zL36J'}
| | | | | | | | +-- , 51 , {53} , {'xL7J', 'xL6J', 'zL62J', 'zL61J', 'xL3J'}
| | | | | | | | | +-- , 53 , {55} , {'xL7J', 'zL60J', 'zL61J', 'xL3J'}
| | | | | | | | | | +-- , 55 , set() , {'xL7J', 'yL15J', 'zL60J'}
| | | | | | | | +-- , 57 , {59} , {'xL6J', 'xL3J', 'zL27J', 'xL9J', 'xL1J', 'zL26J'}
| | | | | | | | | +-- , 59 , {61} , {'xL6J', 'xL9J', 'zL26J', 'xL1J', 'zL25J'}
| | | | | | | | | | +-- , 61 , {63} , {'xL9J', 'zL24J', 'xL1J', 'zL25J'}
| | | | | | | | | | | +-- , 63 , set() , {'yL6J', 'xL9J', 'zL24J'}
| | | | | | | +-- , 87 , set() , {'zL4J', 'xL8J', 'yL1J'}
| | | | | | | +-- , 89 , set() , {'xL3J', 'yL5J', 'zL20J'}
| | | | | +-- , 29 , set() , {'xL3J', 'zL35J', 'w11', 'yL8J', 'zL33J', 'xL7J', 'xL2J', 'zL34J', 'xL5J', 'zL32J', 'xL1J'}
| | | | | +-- , 95 , {97, 103} , {'xL8J', 'zL46J', 'xL7J', 'xL9J', 'zL47J', 'xL0J', 'xL1J'}
| | | | | | +-- , 97 , {99} , {'zL45J', 'xL9J', 'xL0J', 'zL46J', 'xL1J'}
| | | | | | | +-- , 99 , {101} , {'zL45J', 'xL9J', 'xL0J', 'zL44J'}
| | | | | | | | +-- , 101 , set() , {'yL11J', 'zL44J', 'xL0J'}
| | | | | | +-- , 103 , set() , {'w14', 'xL7J', 'zL47J'}
| | | +-- , 119 , {121} , {'zL77J', 'zL78J', 'xL2J', 'xL4J', 'xL3J'}
| | | | +-- , 121 , {123} , {'zL78J', 'xL2J', 'xL3J', 'zL79J'}
| | | | | +-- , 123 , set() , {'w22', 'xL2J', 'zL79J'}
| +-- , 125 , set() , {'w6', 'xL3J', 'zL15J'}
| +-- , 127 , {129} , {'zL65J', 'xL0J', 'xL4J', 'xL8J', 'zL66J'}
| | +-- , 129 , {131} , {'zL64J', 'zL65J', 'xL8J', 'xL0J'}
| | | +-- , 131 , set() , {'xL8J', 'zL64J', 'yL16J'}


Max number of edges with non zero Y: 36
Max number of iterations of outer rounding loop: 4
Max number of candidate sets: 2
Time spent rounding: 33.598
Time spent solving Separator LP: 15.174
Total time spent solving: 65.829

LP Solver: GaifmanBoosted
Lower Bound Witness = ({'zL18J', 'zL63J', 'zL49J', 'xL8J', 'zL35J', 'zL16J', 'zL41J', 'yL14J', 'zL8J', 'w22', 'zL30J', 'yL2J', 'zL25J', 'w7', 'w21', 'xL0J', 'zL24J', 'zL14J', 'zL31J', 'zL57J', 'zL12J', 'zL11J', 'zL70J', 'xL6J', 'zL62J', 'xL7J', 'zL60J', 'yL19J', 'zL65J', 'zL53J', 'yL13J', 'yL17J', 'w10', 'yL7J', 'zL52J', 'zL79J', 'yL10J', 'zL2J', 'zL42J', 'zL1J', 'zL26J', 'zL37J', 'yL15J', 'zL44J', 'w8', 'w20', 'zL29J', 'w9', 'xL1J', 'zL36J', 'zL69J', 'xL3J', 'zL13J', 'zL5J', 'yL12J', 'xL9J', 'zL38J', 'zL61J', 'yL5J', 'zL15J', 'zL43J', 'yL3J', 'zL17J', 'yL1J', 'xL2J', 'zL64J', 'yL4J', 'zL51J', 'zL23J', 'zL77J', 'yL18J', 'w16', 'zL7J', 'zL33J', 'zL28J', 'w17', 'yL16J', 'zL19J', 'zL4J', 'zL48J', 'zL9J', 'zL56J', 'zL0J', 'zL10J', 'xL5J', 'yL0J', 'zL22J', 'zL40J', 'zL76J', 'yL9J', 'w3', 'zL47J', 'zL32J', 'zL73J', 'w5', 'w18', 'w4', 'zL45J', 'zL78J', 'zL67J', 'yL6J', 'zL21J', 'zL74J', 'zL3J', 'zL66J', 'zL6J', 'zL68J', 'w6', 'zL71J', 'zL59J', 'w19', 'w11', 'yL11J', 'zL20J', 'zL54J', 'zL72J', 'zL58J', 'zL46J', 'w13', 'yL8J', 'zL27J', 'w14', 'zL75J', 'zL55J', 'zL39J', 'xL4J', 'w15', 'w12', 'zL50J', 'zL34J'}, {'zL63J', 'zL53J', 'xL8J', 'yL6J', 'zL67J', 'yL17J', 'zL64J', 'zL68J', 'zL16J', 'w6', 'w22', 'zL33J', 'zL2J', 'zL1J', 'zL24J', 'zL26J', 'zL57J', 'zL37J', 'zL72J', 'zL19J', 'w20', 'w15', 'w9', 'xL6J', 'zL69J', 'yL12J', 'xL7J', 'w5', 'yL19J', 'yL5J'})