22, 2.7144001692181154, 7.5, 8
+-- , 0 , {32, 34, 36, 5, 7, 44, 46} , {'xL24J', 'xL31J', 'xL32J', 'xL37J', 'xL22J', 'xL16J', 'xL36J', 'xL9J', 'xL25J', 'xL29J', 'xL39J', 'xL4J', 'xL20J', 'xL14J'}
| +-- , 32 , set() , {'xL7J', 'xL14J', 'xL37J'}
| +-- , 34 , set() , {'xL31J', 'xL32J', 'xL28J'}
| +-- , 36 , {38} , {'xL32J', 'xL37J', 'xL22J', 'xL8J', 'xL16J', 'xL9J', 'xL39J', 'xL20J'}
| | +-- , 38 , {40, 42} , {'xL32J', 'xL22J', 'xL33J', 'xL8J', 'xL9J', 'xL39J', 'xL20J'}
| | | +-- , 40 , set() , {'xL9J', 'xL34J', 'xL8J', 'xL33J'}
| | | +-- , 42 , set() , {'xL17J', 'xL33J', 'xL32J', 'xL22J'}
| +-- , 5 , set() , {'xL35J', 'xL37J', 'xL4J'}
| +-- , 7 , {10} , {'xL24J', 'xL31J', 'xL22J', 'xL36J', 'xL29J', 'xL4J', 'xL23J', 'xL37J', 'xL16J', 'xL9J', 'xL25J', 'xL39J', 'xL20J', 'xL14J', 'xL27J'}
| | +-- , 10 , {16, 12} , {'xL24J', 'xL31J', 'xL22J', 'xL36J', 'xL4J', 'xL26J', 'xL23J', 'xL37J', 'xL16J', 'xL9J', 'xL25J', 'xL39J', 'xL20J', 'xL14J', 'xL27J'}
| | | +-- , 16 , {18} , {'xL24J', 'xL31J', 'xL0J', 'xL36J', 'xL4J', 'xL26J', 'xL23J', 'xL37J', 'xL11J', 'xL16J', 'xL9J', 'xL39J', 'xL14J', 'xL27J'}
| | | | +-- , 18 , {20} , {'xL24J', 'xL31J', 'xL0J', 'xL36J', 'xL4J', 'xL26J', 'xL37J', 'xL2J', 'xL11J', 'xL16J', 'xL9J', 'xL39J', 'xL14J', 'xL27J'}
| | | | | +-- , 20 , {24, 22} , {'xL24J', 'xL31J', 'xL0J', 'xL36J', 'xL4J', 'xL15J', 'xL37J', 'xL2J', 'xL11J', 'xL16J', 'xL9J', 'xL39J', 'xL27J'}
| | | | | | +-- , 24 , {26} , {'xL10J', 'xL0J', 'xL11J', 'xL36J', 'xL39J', 'xL15J', 'xL27J', 'xL38J'}
| | | | | | | +-- , 26 , {28} , {'xL10J', 'xL30J', 'xL11J', 'xL1J', 'xL36J', 'xL39J', 'xL27J', 'xL38J'}
| | | | | | | | +-- , 28 , {30} , {'xL10J', 'xL30J', 'xL38J', 'xL36J', 'xL5J', 'xL1J'}
| | | | | | | | | +-- , 30 , set() , {'xL30J', 'xL18J', 'xL6J', 'xL36J', 'xL5J', 'xL38J'}
| | | | | | +-- , 22 , set() , {'xL24J', 'xL15J', 'xL31J', 'xL21J'}
| | | +-- , 12 , {14} , {'xL23J', 'xL19J', 'xL16J', 'xL25J', 'xL4J', 'xL20J', 'xL14J', 'xL26J'}
| | | | +-- , 14 , set() , {'xL23J', 'xL19J', 'xL13J', 'xL16J', 'xL25J', 'xL26J'}
| +-- , 44 , set() , {'xL37J', 'xL9J', 'xL25J', 'xL12J', 'xL39J', 'xL20J'}
| +-- , 46 , set() , {'xL3J', 'xL22J', 'xL16J', 'xL9J', 'xL39J'}


Max number of edges with non zero Y: 31
Max number of iterations of outer rounding loop: 6
Max number of candidate sets: 2
Time spent rounding: 15.818
Time spent solving Separator LP: 0.449

LP Solver: GaifmanNormal