19, 2.744367003536092, 8.0, 8
+-- , 0 , {3, 21, 42, 11, 44, 46} , {'xL31J', 'xL10J', 'xL32J', 'xL0J', 'xL15J', 'xL26J', 'xL19J', 'xL37J', 'xL11J', 'xL13J', 'xL8J', 'xL16J', 'xL39J', 'xL14J', 'xL38J'}
| +-- , 3 , {5, 7} , {'xL19J', 'xL31J', 'xL32J', 'xL37J', 'xL11J', 'xL4J', 'xL15J'}
| | +-- , 5 , set() , {'xL35J', 'xL37J', 'xL4J'}
| | +-- , 7 , {9} , {'xL24J', 'xL31J', 'xL4J', 'xL11J', 'xL15J'}
| | | +-- , 9 , set() , {'xL24J', 'xL15J', 'xL31J', 'xL21J'}
| +-- , 21 , {36, 23} , {'xL31J', 'xL10J', 'xL32J', 'xL36J', 'xL15J', 'xL26J', 'xL19J', 'xL37J', 'xL30J', 'xL11J', 'xL13J', 'xL16J', 'xL8J', 'xL39J', 'xL14J', 'xL38J'}
| | +-- , 36 , {40, 38} , {'xL10J', 'xL30J', 'xL11J', 'xL36J', 'xL5J', 'xL38J'}
| | | +-- , 40 , set() , {'xL30J', 'xL18J', 'xL6J', 'xL36J', 'xL5J', 'xL38J'}
| | | +-- , 38 , set() , {'xL11J', 'xL5J', 'xL1J'}
| | +-- , 23 , {26} , {'xL3J', 'xL31J', 'xL32J', 'xL22J', 'xL36J', 'xL15J', 'xL26J', 'xL19J', 'xL37J', 'xL30J', 'xL13J', 'xL8J', 'xL16J', 'xL39J', 'xL14J'}
| | | +-- , 26 , {28} , {'xL3J', 'xL31J', 'xL32J', 'xL22J', 'xL36J', 'xL15J', 'xL19J', 'xL37J', 'xL30J', 'xL13J', 'xL16J', 'xL8J', 'xL39J', 'xL14J', 'xL27J'}
| | | | +-- , 28 , {30} , {'xL3J', 'xL32J', 'xL22J', 'xL29J', 'xL15J', 'xL19J', 'xL37J', 'xL13J', 'xL8J', 'xL16J', 'xL9J', 'xL39J', 'xL14J', 'xL27J'}
| | | | | +-- , 30 , {32} , {'xL32J', 'xL22J', 'xL29J', 'xL19J', 'xL37J', 'xL34J', 'xL13J', 'xL8J', 'xL16J', 'xL9J', 'xL17J', 'xL39J', 'xL27J'}
| | | | | | +-- , 32 , {34} , {'xL29J', 'xL19J', 'xL37J', 'xL34J', 'xL13J', 'xL33J', 'xL8J', 'xL16J', 'xL9J', 'xL17J', 'xL39J', 'xL27J'}
| | | | | | | +-- , 34 , set() , {'xL19J', 'xL37J', 'xL33J', 'xL13J', 'xL16J', 'xL9J', 'xL25J', 'xL12J', 'xL29J', 'xL39J', 'xL20J', 'xL27J'}
| +-- , 42 , set() , {'xL2J', 'xL14J', 'xL15J', 'xL26J'}
| +-- , 11 , set() , {'xL7J', 'xL14J', 'xL37J'}
| +-- , 44 , set() , {'xL31J', 'xL32J', 'xL28J'}
| +-- , 46 , set() , {'xL23J', 'xL11J', 'xL14J', 'xL13J'}


Max number of edges with non zero Y: 28
Max number of iterations of outer rounding loop: 5
Max number of candidate sets: 2
Time spent rounding: 32.046
Time spent solving Separator LP: 0.999

LP Solver: GaifmanBoosted