24, 2.6220600094522677, 6.5, 7
+-- , 0 , {5, 46} , {'xL31J', 'xL32J', 'xL37J', 'xL0J', 'xL11J', 'xL36J', 'xL39J', 'xL28J', 'xL15J', 'xL21J', 'xL27J', 'xL38J'}
| +-- , 5 , {7, 9, 44} , {'xL31J', 'xL32J', 'xL37J', 'xL0J', 'xL11J', 'xL36J', 'xL39J', 'xL4J', 'xL15J', 'xL21J', 'xL27J'}
| | +-- , 7 , set() , {'xL35J', 'xL37J', 'xL4J'}
| | +-- , 9 , {11} , {'xL31J', 'xL32J', 'xL0J', 'xL36J', 'xL4J', 'xL15J', 'xL37J', 'xL11J', 'xL16J', 'xL39J', 'xL27J'}
| | | +-- , 11 , {17, 42, 13} , {'xL31J', 'xL32J', 'xL37J', 'xL11J', 'xL16J', 'xL36J', 'xL39J', 'xL4J', 'xL20J', 'xL14J', 'xL15J', 'xL27J'}
| | | | +-- , 17 , {40, 20} , {'xL31J', 'xL32J', 'xL37J', 'xL11J', 'xL33J', 'xL16J', 'xL36J', 'xL39J', 'xL4J', 'xL20J', 'xL14J', 'xL15J', 'xL26J'}
| | | | | +-- , 40 , set() , {'xL2J', 'xL14J', 'xL15J', 'xL26J'}
| | | | | +-- , 20 , {36, 38, 22} , {'xL31J', 'xL32J', 'xL4J', 'xL15J', 'xL26J', 'xL37J', 'xL11J', 'xL33J', 'xL13J', 'xL16J', 'xL39J', 'xL20J', 'xL14J'}
| | | | | | +-- , 36 , set() , {'xL23J', 'xL11J', 'xL14J', 'xL13J'}
| | | | | | +-- , 38 , set() , {'xL19J', 'xL13J', 'xL4J', 'xL20J', 'xL14J'}
| | | | | | +-- , 22 , {24, 34} , {'xL31J', 'xL32J', 'xL20J', 'xL15J', 'xL26J', 'xL37J', 'xL33J', 'xL13J', 'xL16J', 'xL17J', 'xL39J', 'xL12J'}
| | | | | | | +-- , 24 , {32, 26} , {'xL3J', 'xL31J', 'xL37J', 'xL33J', 'xL16J', 'xL17J', 'xL39J', 'xL12J', 'xL15J', 'xL26J'}
| | | | | | | | +-- , 32 , set() , {'xL3J', 'xL31J', 'xL22J', 'xL17J', 'xL26J'}
| | | | | | | | +-- , 26 , {28} , {'xL3J', 'xL37J', 'xL33J', 'xL8J', 'xL16J', 'xL39J', 'xL12J', 'xL15J'}
| | | | | | | | | +-- , 28 , {30} , {'xL3J', 'xL33J', 'xL8J', 'xL9J', 'xL39J', 'xL12J', 'xL15J'}
| | | | | | | | | | +-- , 30 , set() , {'xL9J', 'xL34J', 'xL8J', 'xL33J'}
| | | | | | | +-- , 34 , set() , {'xL12J', 'xL25J', 'xL13J', 'xL16J'}
| | | | +-- , 42 , set() , {'xL20J', 'xL14J', 'xL29J', 'xL27J'}
| | | | +-- , 13 , set() , {'xL7J', 'xL14J', 'xL37J'}
| | +-- , 44 , set() , {'xL24J', 'xL11J', 'xL21J', 'xL4J'}
| +-- , 46 , {48} , {'xL10J', 'xL30J', 'xL11J', 'xL36J', 'xL39J', 'xL15J', 'xL27J', 'xL38J'}
| | +-- , 48 , {50, 52} , {'xL10J', 'xL30J', 'xL11J', 'xL36J', 'xL5J', 'xL38J'}
| | | +-- , 50 , set() , {'xL11J', 'xL5J', 'xL1J'}
| | | +-- , 52 , set() , {'xL30J', 'xL18J', 'xL6J', 'xL36J', 'xL5J', 'xL38J'}


Max number of edges with non zero Y: 20
Max number of iterations of outer rounding loop: 3
Max number of candidate sets: 2
Time spent rounding: 19.201
Time spent solving Separator LP: 0.759

LP Solver: GaifmanBoosted