21, 2.9500784208714284, 9.0, 9
+-- , 0 , {48, 6} , {'xL13J', 'xL5J', 'xL19J', 'xL31J', 'xL14J', 'xL32J', 'xL20J', 'xL6J', 'xL39J', 'xL35J', 'xL1J', 'xL3J', 'xL29J', 'xL0J', 'xL28J'}
| +-- , 48 , set() , {'xL36J', 'xL19J'}
| +-- , 6 , {8} , {'xL5J', 'xL19J', 'xL35J', 'xL3J', 'xL0J', 'xL13J', 'xL21J', 'xL31J', 'xL32J', 'xL20J', 'xL29J', 'xL6J', 'xL39J', 'xL1J', 'xL28J'}
| | +-- , 8 , {11} , {'xL5J', 'xL9J', 'xL19J', 'xL35J', 'xL0J', 'xL13J', 'xL12J', 'xL21J', 'xL31J', 'xL32J', 'xL20J', 'xL6J', 'xL29J', 'xL39J', 'xL1J', 'xL28J'}
| | | +-- , 11 , {13} , {'xL25J', 'xL9J', 'xL5J', 'xL19J', 'xL0J', 'xL13J', 'xL12J', 'xL21J', 'xL31J', 'xL32J', 'xL20J', 'xL29J', 'xL6J', 'xL39J', 'xL1J', 'xL28J'}
| | | | +-- , 13 , {17} , {'xL27J', 'xL4J', 'xL22J', 'xL25J', 'xL9J', 'xL5J', 'xL19J', 'xL0J', 'xL13J', 'xL12J', 'xL21J', 'xL31J', 'xL32J', 'xL20J', 'xL6J', 'xL29J', 'xL39J', 'xL28J'}
| | | | | +-- , 17 , {20, 44, 46} , {'xL22J', 'xL27J', 'xL4J', 'xL25J', 'xL9J', 'xL5J', 'xL19J', 'xL11J', 'xL13J', 'xL12J', 'xL31J', 'xL32J', 'xL17J', 'xL20J', 'xL6J', 'xL29J', 'xL39J', 'xL28J'}
| | | | | | +-- , 20 , {22} , {'xL22J', 'xL27J', 'xL34J', 'xL4J', 'xL25J', 'xL9J', 'xL5J', 'xL11J', 'xL12J', 'xL32J', 'xL17J', 'xL20J', 'xL29J', 'xL6J', 'xL39J', 'xL28J'}
| | | | | | | +-- , 22 , {24} , {'xL22J', 'xL27J', 'xL34J', 'xL4J', 'xL9J', 'xL5J', 'xL11J', 'xL12J', 'xL32J', 'xL17J', 'xL20J', 'xL29J', 'xL6J', 'xL18J', 'xL39J', 'xL28J'}
| | | | | | | | +-- , 24 , {26, 42} , {'xL22J', 'xL27J', 'xL34J', 'xL4J', 'xL9J', 'xL5J', 'xL11J', 'xL33J', 'xL32J', 'xL17J', 'xL20J', 'xL29J', 'xL6J', 'xL18J', 'xL39J', 'xL28J'}
| | | | | | | | | +-- , 26 , {38, 28, 30} , {'xL22J', 'xL4J', 'xL34J', 'xL9J', 'xL5J', 'xL26J', 'xL11J', 'xL33J', 'xL32J', 'xL8J', 'xL20J', 'xL6J', 'xL39J', 'xL18J', 'xL17J', 'xL28J'}
| | | | | | | | | | +-- , 38 , {40} , {'xL22J', 'xL23J', 'xL34J', 'xL8J', 'xL20J', 'xL6J', 'xL39J', 'xL26J'}
| | | | | | | | | | | +-- , 40 , set() , {'xL23J', 'xL15J', 'xL39J', 'xL6J', 'xL26J'}
| | | | | | | | | | +-- , 28 , set() , {'xL26J', 'xL24J'}
| | | | | | | | | | +-- , 30 , {32} , {'xL4J', 'xL9J', 'xL5J', 'xL26J', 'xL11J', 'xL33J', 'xL32J', 'xL8J', 'xL20J', 'xL6J', 'xL37J', 'xL18J', 'xL39J', 'xL17J', 'xL28J'}
| | | | | | | | | | | +-- , 32 , {34, 36} , {'xL33J', 'xL4J', 'xL9J', 'xL5J', 'xL32J', 'xL8J', 'xL20J', 'xL37J', 'xL18J', 'xL7J', 'xL11J', 'xL28J'}
| | | | | | | | | | | | +-- , 34 , set() , {'xL2J', 'xL9J', 'xL7J', 'xL11J'}
| | | | | | | | | | | | +-- , 36 , set() , {'xL37J', 'xL7J', 'xL38J'}
| | | | | | | | | +-- , 42 , set() , {'xL30J', 'xL33J', 'xL27J', 'xL18J'}
| | | | | | +-- , 44 , set() , {'xL13J', 'xL19J', 'xL10J', 'xL11J', 'xL28J'}
| | | | | | +-- , 46 , set() , {'xL31J', 'xL16J', 'xL6J', 'xL11J'}


Max number of edges with non zero Y: 30
Max number of iterations of outer rounding loop: 8
Max number of candidate sets: 2
Time spent rounding: 54.349
Time spent solving Separator LP: 1.578

LP Solver: GaifmanBoosted