18, 0, 10.0, 10
+-- , 0 , {5, 39, 41} , {'xL33J', 'xL13J', 'xL5J', 'xL12J', 'xL19J', 'xL31J', 'xL8J', 'xL20J', 'xL16J', 'xL1J', 'xL37J', 'xL10J', 'xL26J', 'xL7J', 'xL38J'}
| +-- , 5 , {37, 7} , {'xL27J', 'xL5J', 'xL19J', 'xL10J', 'xL26J', 'xL7J', 'xL33J', 'xL13J', 'xL12J', 'xL31J', 'xL8J', 'xL20J', 'xL16J', 'xL37J', 'xL18J', 'xL1J'}
| | +-- , 37 , set() , {'xL30J', 'xL33J', 'xL27J', 'xL18J'}
| | +-- , 7 , {33, 13, 31} , {'xL22J', 'xL27J', 'xL34J', 'xL18J', 'xL5J', 'xL19J', 'xL10J', 'xL26J', 'xL7J', 'xL33J', 'xL13J', 'xL31J', 'xL17J', 'xL16J', 'xL37J', 'xL1J', 'xL39J', 'xL8J', 'xL20J', 'xL6J'}
| | | +-- , 33 , {35} , {'xL22J', 'xL23J', 'xL34J', 'xL8J', 'xL20J', 'xL6J', 'xL39J', 'xL26J'}
| | | | +-- , 35 , set() , {'xL23J', 'xL15J', 'xL39J', 'xL6J', 'xL26J'}
| | | +-- , 13 , {27, 15} , {'xL22J', 'xL34J', 'xL5J', 'xL19J', 'xL35J', 'xL10J', 'xL7J', 'xL33J', 'xL13J', 'xL31J', 'xL17J', 'xL20J', 'xL16J', 'xL6J', 'xL18J', 'xL39J'}
| | | | +-- , 27 , {29} , {'xL4J', 'xL34J', 'xL5J', 'xL19J', 'xL35J', 'xL10J', 'xL7J', 'xL11J', 'xL33J', 'xL13J', 'xL31J', 'xL32J', 'xL17J', 'xL16J', 'xL20J', 'xL6J', 'xL18J', 'xL39J'}
| | | | | +-- , 29 , set() , {'xL33J', 'xL13J', 'xL9J', 'xL2J', 'xL32J', 'xL20J', 'xL35J', 'xL7J', 'xL11J'}
| | | | +-- , 15 , {17} , {'xL22J', 'xL34J', 'xL5J', 'xL35J', 'xL10J', 'xL7J', 'xL33J', 'xL13J', 'xL31J', 'xL20J', 'xL29J', 'xL6J', 'xL39J'}
| | | | | +-- , 17 , {25, 19} , {'xL22J', 'xL5J', 'xL35J', 'xL10J', 'xL7J', 'xL13J', 'xL21J', 'xL31J', 'xL20J', 'xL29J', 'xL6J', 'xL39J'}
| | | | | | +-- , 25 , set() , {'xL5J', 'xL21J', 'xL29J', 'xL6J', 'xL3J'}
| | | | | | +-- , 19 , {21} , {'xL22J', 'xL13J', 'xL21J', 'xL31J', 'xL29J', 'xL39J', 'xL10J', 'xL7J', 'xL28J'}
| | | | | | | +-- , 21 , {23} , {'xL22J', 'xL13J', 'xL21J', 'xL29J', 'xL0J', 'xL28J'}
| | | | | | | | +-- , 23 , set() , {'xL13J', 'xL28J', 'xL14J', 'xL0J'}
| | | +-- , 31 , set() , {'xL34J', 'xL25J', 'xL1J', 'xL39J', 'xL6J'}
| +-- , 39 , set() , {'xL36J', 'xL19J'}
| +-- , 41 , set() , {'xL26J', 'xL24J'}


Max number of edges with non zero Y: 29
Max number of iterations of outer rounding loop: 11
Max number of candidate sets: 2
Time spent rounding: 44.817
Time spent solving Separator LP: 0.073

LP Solver: gammaPlusFractionalCoverHeuristic