13, 2.1259347710491547, 5.176470588235294, 7
+-- , 0 , {34, 3} , {'9', '8', '15', '24', '37', '26', '50', '55', '43', '54', '13', '32', '23', '30', '33', '56', '34'}
| +-- , 34 , set() , {'54', '21', '35', '55', '32', '15', '23', '56', '33', '30', '24'}
| +-- , 3 , {8} , {'9', '8', '55', '56', '43', '31', '54', '41', '13', '32', '39', '49', '22', '15', '26', '50', '14', '0', '23', '30', '33', '51', '24', '34', '40'}
| | +-- , 8 , {12} , {'6', '9', '8', '55', '43', '25', '54', '41', '20', '13', '32', '39', '49', '24', '17', '38', '11', '15', '7', '26', '50', '14', '19', '0', '23', '51', '30', '33', '56', '34', '40'}
| | | +-- , 12 , {16, 32} , {'6', '9', '8', '55', '28', '43', '25', '5', '54', '41', '20', '13', '32', '39', '49', '24', '17', '38', '11', '42', '15', '7', '26', '50', '14', '19', '0', '23', '30', '33', '56', '34', '40'}
| | | | +-- , 16 , {18} , {'6', '9', '52', '55', '28', '56', '43', '25', '5', '54', '41', '20', '13', '32', '39', '49', '12', '17', '38', '42', '15', '7', '26', '14', '19', '0', '23', '30', '33', '24', '34', '40'}
| | | | | +-- , 18 , {22} , {'6', '9', '27', '52', '55', '28', '56', '43', '5', '54', '41', '4', '20', '13', '32', '39', '49', '12', '17', '44', '38', '42', '15', '7', '26', '14', '19', '45', '18', '0', '23', '30', '33', '24', '34', '40'}
| | | | | | +-- , 22 , {24, 30} , {'1', '6', '9', '27', '55', '28', '43', '4', '20', '13', '32', '39', '49', '12', '17', '44', '38', '42', '15', '7', '26', '14', '19', '45', '18', '0', '30', '33', '56', '34', '40'}
| | | | | | | +-- , 24 , {26, 28} , {'1', '6', '9', '27', '48', '28', '55', '43', '13', '32', '39', '49', '12', '17', '44', '38', '42', '15', '7', '26', '14', '19', '45', '18', '0', '2', '33', '56', '34', '40'}
| | | | | | | | +-- , 26 , set() , {'1', '46', '9', '27', '48', '28', '55', '13', '32', '39', '49', '3', '12', '17', '44', '38', '42', '7', '26', '18', '0', '2', '10', '56', '34', '40'}
| | | | | | | | +-- , 28 , set() , {'1', '16', '9', '44', '55', '32', '49', '33', '14', '48', '19', '43'}
| | | | | | | +-- , 30 , set() , {'1', '4', '20', '9', '27', '30', '29', '55', '43', '38'}
| | | | +-- , 32 , set() , {'36', '11', '41', '42', '32', '39', '49', '23', '8', '15', '7', '26', '30', '50', '56', '38', '40', '5'}


Max number of edges with non zero Y: 15
Max number of iterations of outer rounding loop: 6
Max number of candidate sets: 2
Time spent rounding: 35.964
Time spent solving Separator LP: 5.302

LP Solver: GaifmanNormal