76, 3.323844834683084, 9.0, 9
+-- , 0 , {133, 5, 135, 107, 109, 141, 111, 115, 151, 153, 123, 127} , {'xL9J', 'zL78J', 'xL8J', 'xL1J', 'zL68J', 'xL6J', 'zL22J', 'xL0J', 'zL53J', 'zL35J', 'xL4J', 'zL21J', 'xL7J', 'xL3J', 'zL69J', 'zL30J', 'zL24J', 'zL54J', 'zL5J'}
| +-- , 133 , set() , {'yL6J', 'xL9J', 'zL24J'}
| +-- , 5 , {105, 7} , {'xL9J', 'zL78J', 'xL8J', 'xL1J', 'zL74J', 'xL6J', 'zL22J', 'xL0J', 'xL4J', 'zL35J', 'xL7J', 'xL3J', 'zL75J', 'zL69J', 'zL30J', 'zL24J', 'zL5J'}
| | +-- , 105 , set() , {'xL8J', 'zL75J', 'w21'}
| | +-- , 7 , {9} , {'xL9J', 'zL78J', 'xL8J', 'xL1J', 'zL24J', 'zL74J', 'xL6J', 'zL22J', 'xL0J', 'xL4J', 'zL35J', 'xL7J', 'xL3J', 'zL73J', 'zL69J', 'zL30J', 'zL29J', 'zL5J'}
| | | +-- , 9 , {97, 101, 73, 75, 13, 77, 81, 87, 63} , {'xL9J', 'zL78J', 'xL8J', 'xL1J', 'zL24J', 'xL6J', 'zL22J', 'xL0J', 'zL35J', 'xL4J', 'xL3J', 'zL73J', 'xL7J', 'zL2J', 'zL69J', 'zL1J', 'zL29J', 'zL5J', 'xL2J'}
| | | | +-- , 97 , {99} , {'zL72J', 'xL3J', 'zL73J', 'xL2J'}
| | | | | +-- , 99 , set() , {'yL18J', 'zL72J', 'xL3J'}
| | | | +-- , 101 , {103} , {'zL2J', 'xL6J', 'xL1J', 'zL3J'}
| | | | | +-- , 103 , set() , {'xL6J', 'w3', 'zL3J'}
| | | | +-- , 73 , set() , {'xL2J', 'zL35J', 'w11'}
| | | | +-- , 75 , set() , {'zL38J', 'zL36J', 'zL37J', 'xL4J', 'yL9J', 'xL7J', 'xL6J', 'xL0J', 'w12', 'zL39J', 'xL2J'}
| | | | +-- , 13 , {61, 15} , {'zL51J', 'xL9J', 'zL78J', 'xL1J', 'xL6J', 'xL0J', 'zL50J', 'w7', 'zL62J', 'xL7J', 'zL5J', 'zL19J', 'zL63J', 'xL8J', 'zL22J', 'xL4J', 'xL3J', 'zL29J', 'zL24J', 'w15', 'xL2J'}
| | | | | +-- , 61 , set() , {'w18', 'zL63J', 'xL7J'}
| | | | | +-- , 15 , {17, 59} , {'xL9J', 'zL78J', 'zL27J', 'xL8J', 'xL1J', 'zL24J', 'xL6J', 'zL22J', 'xL0J', 'zL50J', 'xL4J', 'xL7J', 'xL3J', 'zL26J', 'zL29J', 'zL62J', 'zL5J', 'zL19J', 'xL2J'}
| | | | | | +-- , 17 , {19} , {'xL9J', 'zL78J', 'xL1J', 'zL24J', 'xL6J', 'zL22J', 'xL0J', 'zL61J', 'zL50J', 'xL4J', 'xL7J', 'xL3J', 'zL26J', 'zL29J', 'zL62J', 'zL5J', 'zL19J', 'xL2J'}
| | | | | | | +-- , 19 , {37, 41, 45, 47, 51, 23, 21, 55, 29, 31} , {'xL9J', 'zL78J', 'xL1J', 'zL24J', 'xL6J', 'zL4J', 'zL22J', 'xL0J', 'xL5J', 'zL61J', 'zL50J', 'xL4J', 'xL7J', 'xL3J', 'zL26J', 'zL29J', 'zL5J', 'zL19J', 'xL2J'}
| | | | | | | | +-- , 37 , {39} , {'zL50J', 'zL49J', 'zL48J', 'xL7J', 'xL1J', 'xL5J'}
| | | | | | | | | +-- , 39 , set() , {'zL48J', 'xL7J', 'yL12J'}
| | | | | | | | +-- , 41 , {43} , {'xL4J', 'zL61J', 'xL5J', 'zL60J'}
| | | | | | | | | +-- , 43 , set() , {'zL60J', 'xL4J', 'yL15J'}
| | | | | | | | +-- , 45 , set() , {'zL4J', 'yL1J', 'xL7J'}
| | | | | | | | +-- , 47 , {49} , {'zL79J', 'xL9J', 'zL78J', 'xL5J'}
| | | | | | | | | +-- , 49 , set() , {'w22', 'zL79J', 'xL9J'}
| | | | | | | | +-- , 51 , {53} , {'zL29J', 'zL28J', 'xL2J', 'xL5J'}
| | | | | | | | | +-- , 53 , set() , {'xL2J', 'yL7J', 'zL28J'}
| | | | | | | | +-- , 23 , {25} , {'xL9J', 'xL4J', 'xL7J', 'zL18J', 'xL5J', 'zL19J'}
| | | | | | | | | +-- , 25 , {27} , {'xL9J', 'xL4J', 'zL18J', 'zL17J', 'xL7J', 'zL16J'}
| | | | | | | | | | +-- , 27 , set() , {'zL16J', 'xL7J', 'yL4J'}
| | | | | | | | +-- , 21 , set() , {'zL12J', 'zL14J', 'xL4J', 'yL3J', 'w6', 'xL6J', 'zL15J', 'xL0J', 'zL13J', 'xL2J', 'xL5J'}
| | | | | | | | +-- , 55 , {57} , {'zL22J', 'xL0J', 'zL23J', 'xL5J'}
| | | | | | | | | +-- , 57 , set() , {'zL23J', 'w8', 'xL0J'}
| | | | | | | | +-- , 29 , set() , {'xL4J', 'zL26J', 'zL24J', 'zL25J', 'xL5J'}
| | | | | | | | +-- , 31 , {33} , {'zL11J', 'xL4J', 'w5', 'xL3J', 'xL1J', 'xL2J', 'xL5J'}
| | | | | | | | | +-- , 33 , {35} , {'zL10J', 'zL11J', 'xL4J', 'xL1J', 'zL8J', 'yL2J', 'xL2J', 'xL5J'}
| | | | | | | | | | +-- , 35 , set() , {'zL10J', 'xL4J', 'zL8J', 'zL9J', 'xL5J'}
| | | | | | +-- , 59 , set() , {'xL8J', 'zL27J', 'w9'}
| | | | +-- , 77 , {79} , {'xL3J', 'zL1J', 'xL8J', 'zL0J'}
| | | | | +-- , 79 , set() , {'xL3J', 'yL0J', 'zL0J'}
| | | | +-- , 81 , {83} , {'zL69J', 'xL9J', 'xL7J', 'xL2J', 'zL70J'}
| | | | | +-- , 83 , {85} , {'xL7J', 'zL71J', 'xL2J', 'zL70J'}
| | | | | | +-- , 85 , set() , {'w20', 'xL2J', 'zL71J'}
| | | | +-- , 87 , {89, 93} , {'zL45J', 'xL4J', 'xL7J', 'xL3J', 'zL46J', 'xL6J', 'xL2J'}
| | | | | +-- , 89 , {91} , {'xL6J', 'zL45J', 'zL44J', 'xL2J'}
| | | | | | +-- , 91 , set() , {'yL11J', 'xL2J', 'zL44J'}
| | | | | +-- , 93 , {95} , {'xL3J', 'xL4J', 'zL47J', 'zL46J'}
| | | | | | +-- , 95 , set() , {'w14', 'zL47J', 'xL4J'}
| | | | +-- , 63 , {65, 71} , {'xL4J', 'xL3J', 'xL8J', 'xL1J', 'zL64J', 'zL65J', 'xL2J'}
| | | | | +-- , 65 , {67} , {'zL66J', 'xL4J', 'zL65J', 'xL2J', 'xL1J'}
| | | | | | +-- , 67 , {69} , {'zL66J', 'zL67J', 'xL4J', 'xL2J'}
| | | | | | | +-- , 69 , set() , {'w19', 'zL67J', 'xL4J'}
| | | | | +-- , 71 , set() , {'zL64J', 'xL8J', 'yL16J'}
| +-- , 135 , {137} , {'xL0J', 'zL77J', 'zL78J', 'xL3J', 'xL1J'}
| | +-- , 137 , {139} , {'xL0J', 'zL77J', 'xL3J', 'zL76J'}
| | | +-- , 139 , set() , {'yL19J', 'zL76J', 'xL0J'}
| +-- , 107 , set() , {'xL8J', 'xL7J', 'yL13J', 'zL53J', 'zL52J'}
| +-- , 109 , set() , {'xL9J', 'xL4J', 'zL43J', 'yL10J', 'xL1J', 'xL3J', 'xL8J', 'zL41J', 'w13', 'zL42J', 'zL40J'}
| +-- , 141 , {143} , {'xL4J', 'zL56J', 'xL3J', 'xL8J', 'yL14J', 'xL6J', 'xL0J'}
| | +-- , 143 , {145} , {'xL4J', 'zL56J', 'xL3J', 'xL6J', 'xL0J', 'zL57J'}
| | | +-- , 145 , {147} , {'zL58J', 'xL4J', 'xL0J', 'xL3J', 'zL57J'}
| | | | +-- , 147 , {149} , {'zL58J', 'xL0J', 'xL4J', 'zL59J'}
| | | | | +-- , 149 , set() , {'w17', 'zL59J', 'xL0J'}
| +-- , 111 , {113} , {'zL55J', 'zL54J', 'xL3J', 'xL1J'}
| | +-- , 113 , set() , {'w16', 'xL3J', 'zL55J'}
| +-- , 115 , {117} , {'zL35J', 'xL4J', 'xL8J', 'zL34J', 'xL6J', 'xL0J'}
| | +-- , 117 , {119} , {'zL34J', 'xL4J', 'xL0J', 'zL33J', 'xL8J'}
| | | +-- , 119 , {121} , {'xL0J', 'xL4J', 'zL32J', 'zL33J'}
| | | | +-- , 121 , set() , {'yL8J', 'xL4J', 'zL32J'}
| +-- , 151 , set() , {'yL17J', 'zL68J', 'xL4J'}
| +-- , 153 , {155} , {'zL31J', 'xL9J', 'xL4J', 'zL30J'}
| | +-- , 155 , set() , {'w10', 'xL9J', 'zL31J'}
| +-- , 123 , {125} , {'zL20J', 'xL6J', 'xL4J', 'zL21J'}
| | +-- , 125 , set() , {'yL5J', 'zL20J', 'xL4J'}
| +-- , 127 , {129} , {'xL6J', 'zL6J', 'xL9J', 'zL5J', 'xL3J'}
| | +-- , 129 , {131} , {'xL6J', 'zL6J', 'xL9J', 'zL7J'}
| | | +-- , 131 , set() , {'zL7J', 'xL9J', 'w4'}


Max number of edges with non zero Y: 32
Max number of iterations of outer rounding loop: 4
Max number of candidate sets: 2
Time spent rounding: 47.758
Time spent solving Separator LP: 26.939
Total time spent solving: 96.392

LP Solver: GaifmanBoosted
Lower Bound Witness = ({'zL20J', 'xL1J', 'zL76J', 'zL41J', 'xL6J', 'xL0J', 'zL32J', 'zL58J', 'xL7J', 'zL26J', 'zL30J', 'yL11J', 'w12', 'zL5J', 'zL57J', 'zL56J', 'yL2J', 'w22', 'zL45J', 'zL8J', 'w3', 'zL1J', 'w15', 'zL54J', 'zL49J', 'zL7J', 'zL60J', 'yL0J', 'zL71J', 'yL5J', 'zL74J', 'w13', 'zL13J', 'yL4J', 'yL12J', 'w4', 'zL17J', 'yL9J', 'yL10J', 'zL75J', 'yL13J', 'zL28J', 'yL16J', 'zL72J', 'zL27J', 'w5', 'yL3J', 'xL8J', 'w14', 'zL79J', 'zL33J', 'w8', 'w16', 'w19', 'zL46J', 'zL24J', 'zL62J', 'yL19J', 'zL61J', 'zL51J', 'zL11J', 'zL78J', 'zL34J', 'zL0J', 'zL52J', 'zL50J', 'w7', 'zL55J', 'zL35J', 'yL15J', 'w17', 'zL21J', 'zL73J', 'zL31J', 'yL17J', 'w11', 'yL7J', 'zL48J', 'yL18J', 'zL25J', 'zL19J', 'zL38J', 'zL36J', 'zL63J', 'w6', 'zL3J', 'zL68J', 'w20', 'zL44J', 'zL42J', 'zL22J', 'zL23J', 'yL1J', 'zL6J', 'zL12J', 'xL4J', 'yL6J', 'zL70J', 'zL66J', 'zL69J', 'w18', 'zL9J', 'zL29J', 'zL16J', 'xL2J', 'zL39J', 'zL37J', 'xL9J', 'zL77J', 'yL8J', 'zL4J', 'zL65J', 'zL53J', 'xL5J', 'zL10J', 'zL59J', 'zL2J', 'zL15J', 'zL64J', 'zL40J', 'yL14J', 'zL47J', 'w21', 'w10', 'zL14J', 'zL43J', 'xL3J', 'zL67J', 'zL18J', 'w9'}, {'zL11J', 'zL77J', 'zL78J', 'yL5J', 'zL34J', 'w13', 'zL0J', 'zL62J', 'zL55J', 'zL21J', 'zL59J', 'zL75J', 'yL10J', 'zL31J', 'w11', 'zL30J', 'zL64J', 'zL38J', 'w5', 'zL68J', 'zL22J', 'zL42J', 'yL1J', 'zL6J', 'xL4J', 'w19', 'yL6J', 'w15', 'zL54J', 'zL39J', 'zL61J'})