19, 2.542890352762256, 6.5, 7
+-- , 0 , {38, 7, 40, 42, 11, 17, 19} , {'xL20J', 'xL35J', 'xL32J', 'xL17J', 'xL10J', 'xL13J', 'xL6J', 'xL8J', 'xL18J', 'xL33J', 'xL36J', 'xL29J', 'xL26J'}
| +-- , 38 , set() , {'xL20J', 'xL22J'}
| +-- , 7 , {9} , {'xL6J', 'xL9J', 'xL18J', 'xL26J', 'xL10J', 'xL28J', 'xL36J', 'xL29J', 'xL32J', 'xL17J', 'xL24J', 'xL13J'}
| | +-- , 9 , set() , {'xL9J', 'xL18J', 'xL12J', 'xL36J', 'xL32J', 'xL24J'}
| +-- , 40 , set() , {'xL25J', 'xL20J'}
| +-- , 42 , set() , {'xL33J', 'xL15J'}
| +-- , 11 , {13} , {'xL8J', 'xL35J', 'xL31J', 'xL33J', 'xL29J', 'xL32J', 'xL17J', 'xL26J'}
| | +-- , 13 , {15} , {'xL5J', 'xL8J', 'xL35J', 'xL31J', 'xL29J', 'xL32J'}
| | | +-- , 15 , set() , {'xL5J', 'xL35J', 'xL0J', 'xL31J'}
| +-- , 17 , set() , {'xL23J', 'xL8J'}
| +-- , 19 , {21} , {'xL20J', 'xL35J', 'xL7J', 'xL10J', 'xL17J', 'xL13J', 'xL6J', 'xL27J', 'xL33J', 'xL36J', 'xL29J', 'xL26J'}
| | +-- , 21 , {23} , {'xL11J', 'xL20J', 'xL14J', 'xL7J', 'xL17J', 'xL13J', 'xL6J', 'xL27J', 'xL33J', 'xL36J', 'xL29J', 'xL26J'}
| | | +-- , 23 , {25} , {'xL11J', 'xL20J', 'xL14J', 'xL7J', 'xL17J', 'xL13J', 'xL27J', 'xL21J', 'xL16J', 'xL33J', 'xL36J', 'xL29J'}
| | | | +-- , 25 , {27} , {'xL11J', 'xL19J', 'xL14J', 'xL7J', 'xL17J', 'xL13J', 'xL27J', 'xL21J', 'xL16J', 'xL33J', 'xL29J'}
| | | | | +-- , 27 , {36, 30} , {'xL11J', 'xL19J', 'xL37J', 'xL27J', 'xL14J', 'xL16J', 'xL39J', 'xL7J', 'xL29J', 'xL17J', 'xL13J', 'xL34J'}
| | | | | | +-- , 36 , set() , {'xL11J', 'xL27J', 'xL14J', 'xL39J', 'xL4J', 'xL29J', 'xL17J'}
| | | | | | +-- , 30 , {32, 34} , {'xL34J', 'xL3J', 'xL38J', 'xL39J', 'xL19J', 'xL27J', 'xL30J'}
| | | | | | | +-- , 32 , set() , {'xL3J', 'xL2J'}
| | | | | | | +-- , 34 , set() , {'xL3J', 'xL1J', 'xL38J', 'xL30J'}


Max number of edges with non zero Y: 25
Max number of iterations of outer rounding loop: 7
Max number of candidate sets: 2
Time spent rounding: 9.856
Time spent solving Separator LP: 0.423

LP Solver: GaifmanNormal