23, 0, 8.5, 12
+-- , 0 , {3, 54} , {'46', '16', '23', '11', '17', '36', '7', '50', '56', '28', '32', '10', '51', '55', '43', '15', '49', '29', '3', '35', '19', '21', '38', '22', '9', '39'}
| +-- , 3 , {7} , {'46', '16', '23', '11', '17', '34', '37', '36', '7', '50', '56', '0', '32', '10', '51', '55', '43', '15', '49', '29', '3', '35', '19', '21', '38', '22', '9', '39'}
| | +-- , 7 , {50, 52, 12} , {'46', '16', '23', '11', '17', '34', '37', '36', '7', '50', '56', '0', '32', '10', '31', '51', '55', '43', '15', '4', '29', '3', '35', '19', '21', '38', '22', '9', '39', '27'}
| | | +-- , 50 , set() , {'19', '32', '31', '51', '16', '38', '33', '22', '43'}
| | | +-- , 52 , set() , {'25', '50', '4', '39', '27'}
| | | +-- , 12 , {14} , {'46', '23', '11', '17', '34', '37', '36', '7', '50', '56', '0', '10', '13', '31', '51', '55', '43', '15', '4', '29', '3', '35', '19', '21', '38', '22', '9', '39', '27'}
| | | | +-- , 14 , {16} , {'46', '23', '11', '17', '34', '37', '36', '7', '50', '56', '0', '10', '13', '31', '51', '43', '15', '4', '29', '3', '35', '18', '19', '21', '38', '22', '9', '39', '27'}
| | | | | +-- , 16 , {19, 21} , {'46', '23', '11', '17', '34', '37', '36', '7', '5', '50', '56', '0', '10', '31', '51', '43', '15', '4', '48', '29', '3', '35', '18', '19', '21', '38', '22', '9', '39', '27'}
| | | | | | +-- , 19 , set() , {'36', '10', '5', '51', '15', '48', '2', '17', '3', '18'}
| | | | | | +-- , 21 , {48, 26, 46} , {'46', '10', '26', '31', '51', '23', '11', '43', '4', '48', '17', '34', '30', '29', '37', '3', '35', '36', '19', '21', '7', '5', '38', '50', '56', '22', '9', '0', '47', '39', '27'}
| | | | | | | +-- , 48 , set() , {'53', '38', '48', '30', '29'}
| | | | | | | +-- , 26 , {28} , {'26', '23', '11', '17', '30', '34', '37', '36', '7', '5', '50', '56', '57', '0', '10', '31', '51', '43', '4', '48', '29', '3', '35', '19', '21', '38', '22', '9', '47', '39', '27'}
| | | | | | | | +-- , 28 , {30} , {'26', '23', '11', '17', '30', '34', '37', '36', '7', '5', '50', '56', '57', '0', '10', '43', '48', '29', '3', '35', '19', '21', '38', '1', '22', '9', '47', '39', '27'}
| | | | | | | | | +-- , 30 , {32, 44} , {'26', '23', '11', '17', '30', '34', '37', '36', '7', '5', '50', '56', '57', '0', '43', '24', '48', '29', '3', '35', '19', '21', '38', '1', '22', '9', '47', '39'}
| | | | | | | | | | +-- , 32 , {34} , {'26', '23', '11', '17', '30', '34', '37', '36', '7', '5', '50', '56', '0', '43', '42', '24', '48', '29', '3', '35', '19', '21', '38', '1', '22', '9', '47', '39'}
| | | | | | | | | | | +-- , 34 , {36, 38} , {'12', '26', '23', '17', '30', '34', '37', '36', '7', '5', '50', '56', '43', '42', '24', '48', '29', '3', '35', '19', '21', '38', '1', '22', '9', '47', '39'}
| | | | | | | | | | | | +-- , 36 , set() , {'19', '45', '12', '7', '34', '56', '29', '3', '37'}
| | | | | | | | | | | | +-- , 38 , {40, 42} , {'12', '26', '44', '23', '43', '42', '24', '48', '40', '30', '35', '37', '21', '5', '38', '50', '22', '9', '47', '39'}
| | | | | | | | | | | | | +-- , 40 , set() , {'52', '12', '21', '44', '6', '43', '24', '42', '48', '40', '47', '30', '35'}
| | | | | | | | | | | | | +-- , 42 , set() , {'50', '8', '44', '5'}
| | | | | | | | | | +-- , 44 , set() , {'23', '24', '1', '0', '20'}
| | | | | | | +-- , 46 , set() , {'46', '10', '26', '50', '48', '30', '54', '39', '3'}
| +-- , 54 , set() , {'46', '16', '11', '7', '50', '56', '28', '32', '10', '51', '55', '43', '15', '49', '29', '35', '19', '41', '38', '22', '9', '39'}


Max number of edges with non zero Y: 36
Max number of iterations of outer rounding loop: 10
Max number of candidate sets: 2
Time spent rounding: 83.017
Time spent solving Separator LP: 0.109

LP Solver: gammaPlusFractionalCoverHeuristic