59, 2.0, 5.0, 5
+-- , 0 , {67, 3} , {'xL9JL3J', 'xL11JL8J', 'xL11JL7J', 'xL11JL9J', 'xL11JL10J', 'xL11JL11J', 'xL9JL2J', 'xL9JL4J', 'xL9JL5J', 'xL9JL1J'}
| +-- , 67 , {72} , {'xL9JL9J', 'xL11JL8J', 'xL11JL9J', 'xL9JL2J', 'xL9JL5J', 'xL9JL1J', 'xL6JL7J', 'xL10JL9J', 'xL10JL8J', 'xL9JL8J', 'xL8JL7J', 'xL7JL7J', 'xL9JL7J'}
| | +-- , 72 , {74} , {'xL9JL9J', 'xL9JL11J', 'xL9JL2J', 'xL9JL5J', 'xL9JL1J', 'xL6JL7J', 'xL9JL10J', 'xL9JL8J', 'xL8JL7J', 'xL7JL7J', 'xL9JL7J'}
| | | +-- , 74 , {76, 126} , {'xL9JL10J', 'xL9JL11J', 'xL5JL9J', 'xL8JL7J', 'xL7JL7J', 'xL9JL2J', 'xL9JL5J', 'xL9JL1J', 'xL6JL9J', 'xL6JL7J'}
| | | | +-- , 76 , {116, 78} , {'xL5JL9J', 'xL8JL7J', 'xL7JL7J', 'xL9JL1J', 'xL9JL2J', 'xL9JL5J', 'xL5JL8J', 'xL6JL9J', 'xL6JL7J'}
| | | | | +-- , 116 , {118} , {'xL5JL8J', 'xL5JL9J', 'xL5JL10J'}
| | | | | | +-- , 118 , {120} , {'xL3JL10J', 'xL5JL10J', 'xL4JL10J', 'xL1JL10J', 'xL2JL10J'}
| | | | | | | +-- , 120 , {122} , {'xL3JL10J', 'xL4JL10J', 'xL1JL10J', 'xL2JL10J', 'xL3JL11J'}
| | | | | | | | +-- , 122 , {124} , {'xL4JL10J', 'xL4JL11J', 'xL2JL11J', 'xL1JL10J', 'xL1JL11J', 'xL2JL10J', 'xL3JL11J'}
| | | | | | | | | +-- , 124 , set() , {'xL1JL9J', 'xL2JL11J', 'xL2JL9J', 'xL1JL10J', 'xL2JL10J', 'xL1JL11J'}
| | | | | +-- , 78 , {80} , {'xL3JL8J', 'xL5JL8J', 'xL8JL7J', 'xL7JL7J', 'xL6JL8J', 'xL9JL2J', 'xL4JL8J', 'xL9JL5J', 'xL9JL1J', 'xL6JL9J', 'xL6JL7J'}
| | | | | | +-- , 80 , {90, 84} , {'xL3JL8J', 'xL4JL4J', 'xL4JL5J', 'xL8JL7J', 'xL7JL7J', 'xL9JL2J', 'xL4JL8J', 'xL9JL5J', 'xL9JL1J', 'xL3JL4J'}
| | | | | | | +-- , 90 , {92} , {'xL6JL4J', 'xL4JL4J', 'xL8JL7J', 'xL7JL7J', 'xL9JL2J', 'xL9JL5J', 'xL9JL1J', 'xL3JL4J', 'xL5JL4J'}
| | | | | | | | +-- , 92 , {98, 94} , {'xL6JL4J', 'xL8JL7J', 'xL7JL7J', 'xL6JL5J', 'xL9JL2J', 'xL9JL5J', 'xL9JL1J', 'xL5JL4J'}
| | | | | | | | | +-- , 98 , {100} , {'xL6JL4J', 'xL9JL2J', 'xL6JL5J', 'xL6JL3J', 'xL9JL1J', 'xL5JL4J'}
| | | | | | | | | | +-- , 100 , {112, 102} , {'xL9JL2J', 'xL5JL3J', 'xL6JL3J', 'xL7JL3J', 'xL9JL1J', 'xL5JL4J'}
| | | | | | | | | | | +-- , 112 , {114} , {'xL7JL2J', 'xL9JL2J', 'xL7JL3J', 'xL9JL1J', 'xL7JL1J'}
| | | | | | | | | | | | +-- , 114 , set() , {'xL8JL1J', 'xL7JL2J', 'xL8JL2J', 'xL9JL2J', 'xL9JL1J', 'xL7JL1J'}
| | | | | | | | | | | +-- , 102 , {104} , {'xL5JL3J', 'xL5JL4J', 'xL5JL2J'}
| | | | | | | | | | | | +-- , 104 , {106} , {'xL3JL2J', 'xL1JL2J', 'xL4JL2J', 'xL5JL2J', 'xL2JL2J'}
| | | | | | | | | | | | | +-- , 106 , {108} , {'xL4JL1J', 'xL3JL2J', 'xL1JL2J', 'xL4JL2J', 'xL2JL2J'}
| | | | | | | | | | | | | | +-- , 108 , {110} , {'xL4JL1J', 'xL3JL1J', 'xL3JL2J', 'xL1JL2J', 'xL2JL1J', 'xL2JL2J', 'xL1JL1J'}
| | | | | | | | | | | | | | | +-- , 110 , set() , {'xL1JL3J', 'xL1JL2J', 'xL2JL3J', 'xL2JL1J', 'xL2JL2J', 'xL1JL1J'}
| | | | | | | | | +-- , 94 , {96} , {'xL8JL5J', 'xL8JL7J', 'xL7JL7J', 'xL6JL5J', 'xL9JL5J', 'xL7JL5J'}
| | | | | | | | | | +-- , 96 , set() , {'xL8JL5J', 'xL8JL7J', 'xL7JL7J', 'xL7JL5J', 'xL7JL6J', 'xL8JL6J'}
| | | | | | | +-- , 84 , {86} , {'xL3JL8J', 'xL4JL8J', 'xL3JL5J', 'xL4JL5J', 'xL1JL5J', 'xL2JL5J', 'xL3JL4J'}
| | | | | | | | +-- , 86 , {88} , {'xL4JL7J', 'xL3JL8J', 'xL3JL7J', 'xL4JL8J', 'xL3JL5J', 'xL1JL5J', 'xL3JL6J', 'xL2JL5J', 'xL3JL4J'}
| | | | | | | | | +-- , 88 , set() , {'xL4JL7J', 'xL2JL7J', 'xL1JL7J', 'xL3JL7J', 'xL2JL6J', 'xL1JL5J', 'xL3JL6J', 'xL2JL5J', 'xL1JL6J'}
| | | | +-- , 126 , {128} , {'xL9JL10J', 'xL9JL11J', 'xL5JL9J', 'xL7JL9J', 'xL6JL9J'}
| | | | | +-- , 128 , {130} , {'xL9JL10J', 'xL9JL11J', 'xL7JL11J', 'xL7JL10J', 'xL7JL9J'}
| | | | | | +-- , 130 , set() , {'xL8JL11J', 'xL9JL10J', 'xL9JL11J', 'xL7JL11J', 'xL7JL10J', 'xL8JL10J'}
| +-- , 3 , {6} , {'xL11JL3J', 'xL11JL4J', 'xL9JL3J', 'xL11JL10J', 'xL11JL7J', 'xL11JL11J', 'xL10JL4J', 'xL9JL4J', 'xL10JL3J'}
| | +-- , 6 , {8} , {'xL11JL3J', 'xL11JL4J', 'xL11JL2J', 'xL11JL7J', 'xL11JL10J', 'xL11JL11J', 'xL11JL1J', 'xL11JL5J'}
| | | +-- , 8 , {58, 13} , {'xL11JL2J', 'xL17JL8J', 'xL16JL8J', 'xL11JL7J', 'xL11JL11J', 'xL11JL10J', 'xL11JL1J', 'xL17JL4J', 'xL14JL4J', 'xL15JL8J', 'xL15JL4J', 'xL14JL8J', 'xL16JL4J', 'xL11JL5J'}
| | | | +-- , 58 , {63} , {'xL17JL8J', 'xL16JL8J', 'xL18JL6J', 'xL16JL5J', 'xL17JL4J', 'xL17JL6J', 'xL17JL5J', 'xL18JL5J', 'xL17JL7J', 'xL18JL7J', 'xL16JL4J'}
| | | | | +-- , 63 , {65} , {'xL16JL8J', 'xL19JL5J', 'xL17JL5J', 'xL17JL6J', 'xL18JL6J', 'xL16JL7J', 'xL18JL5J', 'xL16JL5J', 'xL17JL7J', 'xL18JL7J'}
| | | | | | +-- , 65 , set() , {'xL19JL5J', 'xL17JL6J', 'xL19JL7J', 'xL18JL6J', 'xL16JL7J', 'xL17JL7J', 'xL19JL6J', 'xL18JL7J'}
| | | | +-- , 13 , {33, 15} , {'xL11JL2J', 'xL14JL4J', 'xL11JL10J', 'xL11JL7J', 'xL11JL11J', 'xL15JL8J', 'xL15JL4J', 'xL14JL8J', 'xL14JL7J', 'xL11JL1J', 'xL11JL5J'}
| | | | | +-- , 33 , {35} , {'xL12JL7J', 'xL11JL2J', 'xL14JL4J', 'xL11JL7J', 'xL15JL4J', 'xL13JL7J', 'xL14JL7J', 'xL11JL1J', 'xL11JL5J'}
| | | | | | +-- , 35 , {37, 54} , {'xL14JL5J', 'xL12JL7J', 'xL11JL2J', 'xL14JL4J', 'xL15JL4J', 'xL13JL7J', 'xL11JL1J', 'xL11JL5J'}
| | | | | | | +-- , 37 , {45, 39} , {'xL14JL5J', 'xL11JL2J', 'xL14JL4J', 'xL15JL3J', 'xL15JL2J', 'xL15JL4J', 'xL14JL3J', 'xL11JL1J'}
| | | | | | | | +-- , 45 , {47} , {'xL19JL2J', 'xL16JL2J', 'xL18JL2J', 'xL17JL2J', 'xL15JL2J'}
| | | | | | | | | +-- , 47 , {50} , {'xL19JL2J', 'xL18JL1J', 'xL16JL2J', 'xL18JL2J', 'xL17JL2J', 'xL18JL3J'}
| | | | | | | | | | +-- , 50 , {52} , {'xL19JL2J', 'xL18JL1J', 'xL16JL2J', 'xL17JL2J', 'xL19JL3J', 'xL18JL3J'}
| | | | | | | | | | | +-- , 52 , set() , {'xL19JL1J', 'xL19JL2J', 'xL16JL1J', 'xL18JL1J', 'xL17JL1J', 'xL16JL2J', 'xL17JL2J', 'xL19JL3J'}
| | | | | | | | +-- , 39 , {41} , {'xL11JL1J', 'xL11JL2J', 'xL14JL3J', 'xL13JL3J', 'xL15JL3J'}
| | | | | | | | | +-- , 41 , {43} , {'xL11JL2J', 'xL13JL1J', 'xL13JL3J', 'xL13JL2J', 'xL11JL1J'}
| | | | | | | | | | +-- , 43 , set() , {'xL12JL2J', 'xL11JL2J', 'xL13JL1J', 'xL12JL1J', 'xL13JL2J', 'xL11JL1J'}
| | | | | | | +-- , 54 , {56} , {'xL14JL5J', 'xL12JL7J', 'xL12JL5J', 'xL13JL5J', 'xL13JL7J', 'xL11JL5J'}
| | | | | | | | +-- , 56 , set() , {'xL12JL7J', 'xL12JL5J', 'xL13JL5J', 'xL13JL6J', 'xL12JL6J', 'xL13JL7J'}
| | | | | +-- , 15 , {17} , {'xL14JL9J', 'xL11JL10J', 'xL11JL11J', 'xL15JL8J', 'xL14JL8J', 'xL14JL7J'}
| | | | | | +-- , 17 , {19, 29} , {'xL14JL9J', 'xL11JL10J', 'xL11JL11J', 'xL15JL8J', 'xL13JL9J', 'xL15JL9J'}
| | | | | | | +-- , 19 , {21} , {'xL15JL8J', 'xL15JL10J', 'xL15JL9J'}
| | | | | | | | +-- , 21 , {23} , {'xL17JL10J', 'xL18JL10J', 'xL16JL10J', 'xL15JL10J', 'xL19JL10J'}
| | | | | | | | | +-- , 23 , {25} , {'xL17JL10J', 'xL18JL10J', 'xL16JL10J', 'xL16JL11J', 'xL19JL10J'}
| | | | | | | | | | +-- , 25 , {27} , {'xL18JL11J', 'xL17JL10J', 'xL18JL10J', 'xL19JL11J', 'xL17JL11J', 'xL16JL11J', 'xL19JL10J'}
| | | | | | | | | | | +-- , 27 , set() , {'xL18JL11J', 'xL18JL10J', 'xL19JL11J', 'xL19JL9J', 'xL18JL9J', 'xL19JL10J'}
| | | | | | | +-- , 29 , {31} , {'xL11JL10J', 'xL11JL11J', 'xL13JL9J', 'xL13JL10J', 'xL13JL11J'}
| | | | | | | | +-- , 31 , set() , {'xL12JL10J', 'xL11JL10J', 'xL11JL11J', 'xL12JL11J', 'xL13JL10J', 'xL13JL11J'}


Max number of edges with non zero Y: 6
Max number of iterations of outer rounding loop: 2
Max number of candidate sets: 2
Time spent rounding: 26.282
Time spent solving Separator LP: 1.537
Total time spent solving: 36.401

LP Solver: GaifmanBoosted
Lower Bound Witness = ({'xL11JL8J', 'xL13JL5J', 'xL11JL9J', 'xL2JL9J', 'xL16JL5J', 'xL6JL3J', 'xL9JL1J', 'xL11JL3J', 'xL19JL2J', 'xL10JL8J', 'xL9JL10J', 'xL3JL8J', 'xL18JL1J', 'xL13JL3J', 'xL1JL11J', 'xL5JL3J', 'xL4JL2J', 'xL19JL6J', 'xL11JL5J', 'xL12JL7J', 'xL9JL9J', 'xL4JL10J', 'xL16JL7J', 'xL19JL11J', 'xL8JL2J', 'xL13JL9J', 'xL7JL1J', 'xL8JL11J', 'xL3JL2J', 'xL16JL10J', 'xL2JL6J', 'xL1JL10J', 'xL8JL7J', 'xL7JL7J', 'xL6JL8J', 'xL15JL4J', 'xL7JL3J', 'xL10JL3J', 'xL8JL5J', 'xL16JL4J', 'xL7JL11J', 'xL5JL10J', 'xL3JL7J', 'xL19JL7J', 'xL18JL6J', 'xL2JL3J', 'xL17JL2J', 'xL12JL6J', 'xL9JL4J', 'xL7JL6J', 'xL8JL1J', 'xL4JL1J', 'xL3JL1J', 'xL13JL1J', 'xL3JL10J', 'xL14JL4J', 'xL7JL9J', 'xL3JL5J', 'xL16JL2J', 'xL18JL7J', 'xL3JL6J', 'xL4JL8J', 'xL5JL8J', 'xL6JL9J', 'xL9JL3J', 'xL15JL3J', 'xL2JL10J', 'xL15JL2J', 'xL2JL1J', 'xL9JL2J', 'xL9JL5J', 'xL2JL7J', 'xL19JL5J', 'xL17JL10J', 'xL1JL2J', 'xL19JL9J', 'xL13JL7J', 'xL3JL11J', 'xL1JL6J', 'xL17JL8J', 'xL12JL5J', 'xL11JL10J', 'xL4JL4J', 'xL10JL4J', 'xL4JL5J', 'xL19JL3J', 'xL5JL2J', 'xL17JL4J', 'xL6JL7J', 'xL13JL11J', 'xL1JL3J', 'xL17JL6J', 'xL15JL8J', 'xL17JL11J', 'xL14JL7J', 'xL14JL5J', 'xL6JL4J', 'xL17JL1J', 'xL11JL11J', 'xL15JL9J', 'xL16JL1J', 'xL12JL2J', 'xL1JL9J', 'xL17JL5J', 'xL5JL9J', 'xL1JL7J', 'xL17JL7J', 'xL13JL2J', 'xL6JL5J', 'xL18JL9J', 'xL7JL5J', 'xL19JL1J', 'xL11JL4J', 'xL11JL2J', 'xL16JL8J', 'xL9JL11J', 'xL7JL10J', 'xL4JL11J', 'xL1JL5J', 'xL13JL10J', 'xL16JL11J', 'xL2JL5J', 'xL4JL7J', 'xL14JL9J', 'xL12JL10J', 'xL12JL1J', 'xL9JL7J', 'xL15JL10J', 'xL14JL8J', 'xL19JL10J', 'xL3JL4J', 'xL8JL6J', 'xL13JL6J', 'xL11JL7J', 'xL7JL2J', 'xL18JL2J', 'xL2JL2J', 'xL12JL11J', 'xL8JL10J', 'xL14JL3J', 'xL18JL3J', 'xL1JL1J', 'xL10JL9J', 'xL18JL11J', 'xL9JL8J', 'xL18JL10J', 'xL2JL11J', 'xL18JL5J', 'xL11JL1J', 'xL5JL4J'}, {'xL4JL1J', 'xL8JL1J', 'xL17JL8J', 'xL16JL8J', 'xL14JL4J', 'xL7JL11J', 'xL15JL3J', 'xL1JL7J', 'xL13JL6J', 'xL16JL2J', 'xL5JL3J', 'xL17JL2J', 'xL15JL10J', 'xL8JL10J', 'xL13JL7J'})