11, 2.5432259648446, 6.441558441558442, 9
+-- , 0 , {5, 23} , {'xL17J', 'xL47J', 'xL58J', 'xL57J', 'xL48J', 'xL37J', 'xL38J', 'xL41J', 'xL50J', 'xL42J', 'xL13J', 'xL26J', 'xL5J', 'xL59J', 'xL1J', 'xL33J', 'xL56J', 'xL54J', 'xL43J', 'xL23J', 'xL2J', 'xL10J', 'xL31J', 'xL11J', 'xL40J', 'xL39J', 'xL19J', 'xL22J', 'xL34J', 'xL49J', 'xL30J', 'xL20J', 'xL3J', 'xL16J', 'xL36J', 'xL6J', 'xL46J', 'xL14J', 'xL18J', 'xL25J', 'xL32J', 'xL52J', 'xL44J'}
| +-- , 5 , {21, 7} , {'xL17J', 'xL47J', 'xL48J', 'xL37J', 'xL38J', 'xL59J', 'xL1J', 'xL56J', 'xL54J', 'xL43J', 'xL2J', 'xL10J', 'xL11J', 'xL40J', 'xL39J', 'xL19J', 'xL16J', 'xL36J', 'xL6J', 'xL14J', 'xL25J', 'xL44J', 'xL28J', 'xL58J', 'xL57J', 'xL41J', 'xL50J', 'xL42J', 'xL13J', 'xL26J', 'xL5J', 'xL33J', 'xL23J', 'xL31J', 'xL22J', 'xL34J', 'xL49J', 'xL30J', 'xL20J', 'xL3J', 'xL46J', 'xL32J', 'xL52J'}
| | +-- , 21 , set() , {'xL10J', 'xL17J', 'xL58J', 'xL33J', 'xL1J', 'xL31J', 'xL6J', 'xL25J', 'xL39J', 'xL12J', 'xL50J', 'xL43J', 'xL34J', 'xL30J', 'xL23J', 'xL28J'}
| | +-- , 7 , {9} , {'xL17J', 'xL47J', 'xL48J', 'xL37J', 'xL38J', 'xL59J', 'xL1J', 'xL7J', 'xL56J', 'xL54J', 'xL43J', 'xL2J', 'xL10J', 'xL11J', 'xL27J', 'xL40J', 'xL39J', 'xL19J', 'xL16J', 'xL36J', 'xL6J', 'xL14J', 'xL25J', 'xL44J', 'xL28J', 'xL58J', 'xL57J', 'xL41J', 'xL0J', 'xL50J', 'xL42J', 'xL13J', 'xL26J', 'xL5J', 'xL33J', 'xL35J', 'xL24J', 'xL23J', 'xL31J', 'xL22J', 'xL49J', 'xL30J', 'xL20J', 'xL3J', 'xL29J', 'xL46J', 'xL32J', 'xL52J'}
| | | +-- , 9 , {11, 19} , {'xL17J', 'xL47J', 'xL58J', 'xL57J', 'xL48J', 'xL37J', 'xL38J', 'xL41J', 'xL0J', 'xL50J', 'xL42J', 'xL13J', 'xL26J', 'xL5J', 'xL59J', 'xL1J', 'xL35J', 'xL7J', 'xL56J', 'xL24J', 'xL54J', 'xL43J', 'xL23J', 'xL2J', 'xL10J', 'xL31J', 'xL11J', 'xL27J', 'xL40J', 'xL39J', 'xL19J', 'xL22J', 'xL30J', 'xL20J', 'xL3J', 'xL16J', 'xL29J', 'xL36J', 'xL6J', 'xL46J', 'xL14J', 'xL25J', 'xL21J', 'xL52J', 'xL44J'}
| | | | +-- , 11 , {17, 13} , {'xL57J', 'xL48J', 'xL41J', 'xL0J', 'xL50J', 'xL42J', 'xL13J', 'xL26J', 'xL5J', 'xL53J', 'xL1J', 'xL35J', 'xL7J', 'xL56J', 'xL24J', 'xL54J', 'xL43J', 'xL23J', 'xL2J', 'xL10J', 'xL31J', 'xL11J', 'xL27J', 'xL40J', 'xL39J', 'xL19J', 'xL22J', 'xL30J', 'xL8J', 'xL20J', 'xL16J', 'xL29J', 'xL36J', 'xL6J', 'xL46J', 'xL25J', 'xL21J', 'xL52J', 'xL44J'}
| | | | | +-- , 17 , set() , {'xL42J', 'xL26J', 'xL5J', 'xL53J', 'xL1J', 'xL7J', 'xL24J', 'xL54J', 'xL23J', 'xL2J', 'xL4J', 'xL11J', 'xL39J', 'xL22J', 'xL20J', 'xL16J', 'xL29J', 'xL6J', 'xL52J'}
| | | | | +-- , 13 , {15} , {'xL57J', 'xL48J', 'xL41J', 'xL0J', 'xL51J', 'xL50J', 'xL42J', 'xL13J', 'xL26J', 'xL53J', 'xL1J', 'xL35J', 'xL7J', 'xL56J', 'xL24J', 'xL43J', 'xL23J', 'xL10J', 'xL31J', 'xL40J', 'xL39J', 'xL19J', 'xL22J', 'xL30J', 'xL8J', 'xL16J', 'xL29J', 'xL36J', 'xL46J', 'xL25J', 'xL21J', 'xL9J', 'xL52J', 'xL44J'}
| | | | | | +-- , 15 , set() , {'xL57J', 'xL48J', 'xL0J', 'xL26J', 'xL13J', 'xL53J', 'xL1J', 'xL35J', 'xL56J', 'xL24J', 'xL43J', 'xL23J', 'xL39J', 'xL19J', 'xL22J', 'xL8J', 'xL36J', 'xL15J', 'xL21J', 'xL9J', 'xL44J'}
| | | | +-- , 19 , set() , {'xL2J', 'xL20J', 'xL5J', 'xL3J', 'xL47J', 'xL58J', 'xL55J', 'xL59J', 'xL48J', 'xL37J', 'xL11J', 'xL7J', 'xL46J', 'xL38J', 'xL54J', 'xL21J', 'xL44J', 'xL23J'}
| +-- , 23 , set() , {'xL2J', 'xL20J', 'xL5J', 'xL17J', 'xL3J', 'xL59J', 'xL57J', 'xL48J', 'xL36J', 'xL14J', 'xL41J', 'xL25J', 'xL45J', 'xL44J', 'xL42J', 'xL26J', 'xL23J'}


Max number of edges with non zero Y: 28
Max number of iterations of outer rounding loop: 7
Max number of candidate sets: 2
Time spent rounding: 15.123
Time spent solving Separator LP: 7.418
Total time spent solving: 25.246

LP Solver: GaifmanNormal
Lower Bound Witness = ({'xL17J', 'xL47J', 'xL58J', 'xL57J', 'xL48J', 'xL37J', 'xL38J', 'xL41J', 'xL0J', 'xL51J', 'xL50J', 'xL42J', 'xL13J', 'xL26J', 'xL5J', 'xL53J', 'xL33J', 'xL1J', 'xL59J', 'xL55J', 'xL35J', 'xL7J', 'xL56J', 'xL24J', 'xL54J', 'xL43J', 'xL23J', 'xL2J', 'xL4J', 'xL10J', 'xL21J', 'xL31J', 'xL11J', 'xL27J', 'xL40J', 'xL39J', 'xL12J', 'xL19J', 'xL22J', 'xL34J', 'xL49J', 'xL30J', 'xL8J', 'xL20J', 'xL3J', 'xL16J', 'xL29J', 'xL36J', 'xL6J', 'xL46J', 'xL14J', 'xL15J', 'xL25J', 'xL32J', 'xL9J', 'xL52J', 'xL44J', 'xL28J'}, {'xL17J', 'xL47J', 'xL58J', 'xL57J', 'xL48J', 'xL37J', 'xL38J', 'xL41J', 'xL50J', 'xL42J', 'xL13J', 'xL26J', 'xL5J', 'xL33J', 'xL1J', 'xL59J', 'xL56J', 'xL54J', 'xL43J', 'xL23J', 'xL2J', 'xL10J', 'xL31J', 'xL11J', 'xL40J', 'xL39J', 'xL19J', 'xL22J', 'xL34J', 'xL49J', 'xL30J', 'xL20J', 'xL3J', 'xL16J', 'xL36J', 'xL6J', 'xL46J', 'xL14J', 'xL25J', 'xL32J', 'xL52J', 'xL44J'})