11, 2.477675181540247, 6.418894830659537, 9
+-- , 0 , {3} , {'xL17J', 'xL57J', 'xL48J', 'xL41J', 'xL0J', 'xL42J', 'xL26J', 'xL5J', 'xL59J', 'xL56J', 'xL23J', 'xL2J', 'xL31J', 'xL27J', 'xL45J', 'xL30J', 'xL8J', 'xL20J', 'xL3J', 'xL16J', 'xL36J', 'xL14J', 'xL25J', 'xL44J'}
| +-- , 3 , {34, 15} , {'xL17J', 'xL47J', 'xL48J', 'xL59J', 'xL1J', 'xL7J', 'xL56J', 'xL54J', 'xL43J', 'xL2J', 'xL10J', 'xL27J', 'xL39J', 'xL12J', 'xL8J', 'xL16J', 'xL36J', 'xL6J', 'xL14J', 'xL25J', 'xL44J', 'xL28J', 'xL57J', 'xL41J', 'xL0J', 'xL50J', 'xL42J', 'xL26J', 'xL13J', 'xL5J', 'xL33J', 'xL24J', 'xL23J', 'xL31J', 'xL22J', 'xL49J', 'xL30J', 'xL20J', 'xL3J', 'xL29J', 'xL32J'}
| | +-- , 34 , set() , {'xL20J', 'xL17J', 'xL47J', 'xL59J', 'xL57J', 'xL18J', 'xL32J', 'xL44J', 'xL30J', 'xL13J'}
| | +-- , 15 , {32, 20, 30} , {'xL17J', 'xL47J', 'xL58J', 'xL57J', 'xL48J', 'xL37J', 'xL38J', 'xL41J', 'xL0J', 'xL50J', 'xL42J', 'xL13J', 'xL26J', 'xL5J', 'xL53J', 'xL59J', 'xL1J', 'xL33J', 'xL35J', 'xL7J', 'xL56J', 'xL24J', 'xL54J', 'xL43J', 'xL23J', 'xL2J', 'xL10J', 'xL31J', 'xL11J', 'xL27J', 'xL39J', 'xL12J', 'xL22J', 'xL49J', 'xL30J', 'xL8J', 'xL20J', 'xL3J', 'xL16J', 'xL29J', 'xL36J', 'xL6J', 'xL46J', 'xL14J', 'xL25J', 'xL21J', 'xL52J', 'xL44J'}
| | | +-- , 32 , set() , {'xL42J', 'xL26J', 'xL5J', 'xL53J', 'xL1J', 'xL7J', 'xL24J', 'xL54J', 'xL23J', 'xL2J', 'xL4J', 'xL11J', 'xL39J', 'xL22J', 'xL20J', 'xL16J', 'xL29J', 'xL6J', 'xL52J'}
| | | +-- , 20 , {28, 22} , {'xL17J', 'xL48J', 'xL37J', 'xL38J', 'xL53J', 'xL1J', 'xL7J', 'xL56J', 'xL54J', 'xL43J', 'xL2J', 'xL10J', 'xL11J', 'xL39J', 'xL12J', 'xL19J', 'xL8J', 'xL16J', 'xL36J', 'xL6J', 'xL25J', 'xL21J', 'xL44J', 'xL58J', 'xL57J', 'xL41J', 'xL0J', 'xL50J', 'xL42J', 'xL13J', 'xL26J', 'xL5J', 'xL35J', 'xL24J', 'xL23J', 'xL31J', 'xL22J', 'xL49J', 'xL30J', 'xL29J', 'xL46J', 'xL52J'}
| | | | +-- , 28 , set() , {'xL5J', 'xL34J', 'xL10J', 'xL17J', 'xL58J', 'xL16J', 'xL1J', 'xL31J', 'xL6J', 'xL46J', 'xL39J', 'xL12J', 'xL19J', 'xL52J', 'xL49J', 'xL30J', 'xL23J'}
| | | | +-- , 22 , {24, 26} , {'xL58J', 'xL57J', 'xL48J', 'xL37J', 'xL38J', 'xL41J', 'xL0J', 'xL50J', 'xL42J', 'xL13J', 'xL26J', 'xL53J', 'xL1J', 'xL35J', 'xL7J', 'xL56J', 'xL24J', 'xL43J', 'xL23J', 'xL10J', 'xL31J', 'xL40J', 'xL39J', 'xL19J', 'xL22J', 'xL49J', 'xL30J', 'xL8J', 'xL16J', 'xL29J', 'xL36J', 'xL46J', 'xL25J', 'xL21J', 'xL9J', 'xL52J', 'xL44J'}
| | | | | +-- , 24 , set() , {'xL57J', 'xL48J', 'xL0J', 'xL26J', 'xL13J', 'xL53J', 'xL1J', 'xL35J', 'xL56J', 'xL24J', 'xL43J', 'xL23J', 'xL39J', 'xL19J', 'xL22J', 'xL8J', 'xL36J', 'xL15J', 'xL21J', 'xL9J', 'xL44J'}
| | | | | +-- , 26 , set() , {'xL53J', 'xL10J', 'xL8J', 'xL16J', 'xL36J', 'xL35J', 'xL46J', 'xL40J', 'xL41J', 'xL39J', 'xL25J', 'xL51J', 'xL13J', 'xL21J', 'xL9J', 'xL22J', 'xL30J', 'xL23J'}
| | | +-- , 30 , set() , {'xL2J', 'xL20J', 'xL5J', 'xL3J', 'xL47J', 'xL58J', 'xL55J', 'xL59J', 'xL48J', 'xL37J', 'xL11J', 'xL7J', 'xL46J', 'xL38J', 'xL54J', 'xL21J', 'xL44J', 'xL23J'}


Max number of edges with non zero Y: 28
Max number of iterations of outer rounding loop: 7
Max number of candidate sets: 2
Time spent rounding: 48.614
Time spent solving Separator LP: 17.657
Total time spent solving: 74.488

LP Solver: GaifmanNormal
Lower Bound Witness = ({'xL17J', 'xL47J', 'xL58J', 'xL57J', 'xL48J', 'xL37J', 'xL38J', 'xL41J', 'xL0J', 'xL51J', 'xL50J', 'xL42J', 'xL13J', 'xL26J', 'xL5J', 'xL53J', 'xL33J', 'xL1J', 'xL59J', 'xL55J', 'xL35J', 'xL7J', 'xL56J', 'xL24J', 'xL54J', 'xL43J', 'xL23J', 'xL2J', 'xL10J', 'xL31J', 'xL11J', 'xL27J', 'xL40J', 'xL39J', 'xL12J', 'xL19J', 'xL22J', 'xL34J', 'xL49J', 'xL30J', 'xL8J', 'xL20J', 'xL3J', 'xL16J', 'xL29J', 'xL36J', 'xL6J', 'xL46J', 'xL14J', 'xL15J', 'xL25J', 'xL21J', 'xL9J', 'xL52J', 'xL44J'}, {'xL17J', 'xL47J', 'xL57J', 'xL48J', 'xL37J', 'xL41J', 'xL0J', 'xL50J', 'xL42J', 'xL13J', 'xL26J', 'xL5J', 'xL53J', 'xL33J', 'xL1J', 'xL59J', 'xL7J', 'xL56J', 'xL24J', 'xL54J', 'xL43J', 'xL23J', 'xL2J', 'xL10J', 'xL31J', 'xL11J', 'xL27J', 'xL39J', 'xL12J', 'xL22J', 'xL49J', 'xL30J', 'xL8J', 'xL20J', 'xL3J', 'xL16J', 'xL29J', 'xL36J', 'xL6J', 'xL14J', 'xL25J', 'xL52J', 'xL44J'})