12, 2.498692983266244, 6.464285714285714, 9
+-- , 0 , {15} , {'xL12J', 'xL40J', 'xL53J', 'xL0J', 'xL52J', 'xL22J', 'xL48J', 'xL27J', 'xL17J', 'xL7J', 'xL10J', 'xL41J', 'xL26J', 'xL39J', 'xL3J', 'xL28J', 'xL1J', 'xL31J', 'xL42J', 'xL18J', 'xL35J', 'xL9J', 'xL49J', 'xL14J', 'xL58J', 'xL20J', 'xL54J', 'xL5J', 'xL11J', 'xL29J', 'xL16J', 'xL37J', 'xL21J', 'xL38J', 'xL46J', 'xL2J', 'xL6J', 'xL43J', 'xL56J', 'xL57J', 'xL47J', 'xL59J', 'xL51J'}
| +-- , 15 , {20, 38} , {'xL54J', 'xL12J', 'xL5J', 'xL40J', 'xL11J', 'xL29J', 'xL53J', 'xL0J', 'xL13J', 'xL52J', 'xL16J', 'xL22J', 'xL48J', 'xL37J', 'xL38J', 'xL27J', 'xL17J', 'xL7J', 'xL46J', 'xL2J', 'xL10J', 'xL41J', 'xL26J', 'xL6J', 'xL39J', 'xL3J', 'xL28J', 'xL43J', 'xL56J', 'xL57J', 'xL1J', 'xL31J', 'xL42J', 'xL47J', 'xL18J', 'xL35J', 'xL9J', 'xL49J', 'xL44J', 'xL23J', 'xL4J', 'xL59J', 'xL14J', 'xL58J', 'xL55J', 'xL51J', 'xL20J'}
| | +-- , 20 , {36, 22} , {'xL12J', 'xL40J', 'xL53J', 'xL0J', 'xL52J', 'xL22J', 'xL48J', 'xL27J', 'xL17J', 'xL7J', 'xL10J', 'xL41J', 'xL26J', 'xL39J', 'xL3J', 'xL28J', 'xL1J', 'xL42J', 'xL18J', 'xL35J', 'xL9J', 'xL49J', 'xL23J', 'xL4J', 'xL14J', 'xL58J', 'xL55J', 'xL20J', 'xL54J', 'xL5J', 'xL11J', 'xL29J', 'xL13J', 'xL16J', 'xL37J', 'xL38J', 'xL46J', 'xL2J', 'xL6J', 'xL43J', 'xL56J', 'xL57J', 'xL47J', 'xL44J', 'xL59J', 'xL45J', 'xL51J'}
| | | +-- , 36 , set() , {'xL5J', 'xL53J', 'xL16J', 'xL22J', 'xL48J', 'xL38J', 'xL17J', 'xL2J', 'xL41J', 'xL43J', 'xL47J', 'xL18J', 'xL35J', 'xL44J', 'xL4J', 'xL58J', 'xL45J', 'xL15J', 'xL55J', 'xL20J'}
| | | +-- , 22 , {34, 24, 26} , {'xL54J', 'xL12J', 'xL5J', 'xL40J', 'xL11J', 'xL29J', 'xL53J', 'xL0J', 'xL13J', 'xL52J', 'xL16J', 'xL22J', 'xL48J', 'xL37J', 'xL27J', 'xL17J', 'xL7J', 'xL46J', 'xL2J', 'xL10J', 'xL41J', 'xL26J', 'xL6J', 'xL39J', 'xL34J', 'xL3J', 'xL28J', 'xL50J', 'xL43J', 'xL56J', 'xL57J', 'xL1J', 'xL47J', 'xL42J', 'xL18J', 'xL35J', 'xL9J', 'xL49J', 'xL44J', 'xL23J', 'xL4J', 'xL59J', 'xL14J', 'xL58J', 'xL45J', 'xL55J', 'xL51J', 'xL20J'}
| | | | +-- , 34 , set() , {'xL50J', 'xL57J', 'xL58J', 'xL19J', 'xL42J', 'xL52J', 'xL35J', 'xL16J', 'xL34J', 'xL51J'}
| | | | +-- , 24 , set() , {'xL12J', 'xL5J', 'xL40J', 'xL11J', 'xL13J', 'xL22J', 'xL48J', 'xL37J', 'xL2J', 'xL10J', 'xL34J', 'xL3J', 'xL39J', 'xL50J', 'xL47J', 'xL32J', 'xL49J', 'xL44J', 'xL23J', 'xL4J', 'xL55J', 'xL20J'}
| | | | +-- , 26 , {32, 28} , {'xL54J', 'xL12J', 'xL5J', 'xL40J', 'xL11J', 'xL29J', 'xL53J', 'xL0J', 'xL13J', 'xL52J', 'xL16J', 'xL22J', 'xL48J', 'xL37J', 'xL27J', 'xL17J', 'xL7J', 'xL46J', 'xL2J', 'xL30J', 'xL10J', 'xL41J', 'xL6J', 'xL39J', 'xL34J', 'xL3J', 'xL28J', 'xL50J', 'xL43J', 'xL56J', 'xL57J', 'xL1J', 'xL47J', 'xL42J', 'xL18J', 'xL35J', 'xL9J', 'xL49J', 'xL44J', 'xL23J', 'xL4J', 'xL59J', 'xL14J', 'xL58J', 'xL45J', 'xL55J', 'xL51J', 'xL20J'}
| | | | | +-- , 32 , set() , {'xL12J', 'xL11J', 'xL16J', 'xL22J', 'xL27J', 'xL17J', 'xL7J', 'xL46J', 'xL2J', 'xL30J', 'xL6J', 'xL3J', 'xL39J', 'xL28J', 'xL50J', 'xL43J', 'xL56J', 'xL57J', 'xL1J', 'xL47J', 'xL44J', 'xL4J', 'xL25J', 'xL14J', 'xL51J'}
| | | | | +-- , 28 , {30} , {'xL54J', 'xL12J', 'xL40J', 'xL11J', 'xL29J', 'xL53J', 'xL0J', 'xL13J', 'xL16J', 'xL37J', 'xL17J', 'xL7J', 'xL46J', 'xL2J', 'xL30J', 'xL10J', 'xL41J', 'xL39J', 'xL34J', 'xL3J', 'xL28J', 'xL50J', 'xL43J', 'xL57J', 'xL42J', 'xL18J', 'xL35J', 'xL9J', 'xL49J', 'xL23J', 'xL59J', 'xL14J', 'xL58J', 'xL45J', 'xL36J', 'xL55J', 'xL20J'}
| | | | | | +-- , 30 , set() , {'xL54J', 'xL12J', 'xL40J', 'xL11J', 'xL29J', 'xL53J', 'xL0J', 'xL16J', 'xL8J', 'xL17J', 'xL7J', 'xL46J', 'xL2J', 'xL30J', 'xL10J', 'xL41J', 'xL34J', 'xL3J', 'xL28J', 'xL50J', 'xL43J', 'xL57J', 'xL42J', 'xL18J', 'xL35J', 'xL9J', 'xL49J', 'xL33J', 'xL14J', 'xL58J', 'xL45J', 'xL36J', 'xL55J', 'xL20J'}
| | +-- , 38 , set() , {'xL43J', 'xL12J', 'xL27J', 'xL13J', 'xL9J', 'xL16J', 'xL24J', 'xL6J', 'xL3J', 'xL4J'}


Max number of edges with non zero Y: 27
Max number of iterations of outer rounding loop: 7
Max number of candidate sets: 2
Time spent rounding: 77.446
Time spent solving Separator LP: 25.722
Total time spent solving: 115.877

LP Solver: GaifmanNormal
Lower Bound Witness = ({'xL54J', 'xL12J', 'xL5J', 'xL40J', 'xL11J', 'xL29J', 'xL53J', 'xL0J', 'xL13J', 'xL52J', 'xL16J', 'xL22J', 'xL48J', 'xL8J', 'xL37J', 'xL38J', 'xL27J', 'xL17J', 'xL7J', 'xL46J', 'xL2J', 'xL30J', 'xL10J', 'xL41J', 'xL6J', 'xL26J', 'xL39J', 'xL34J', 'xL3J', 'xL28J', 'xL50J', 'xL43J', 'xL56J', 'xL57J', 'xL1J', 'xL47J', 'xL42J', 'xL32J', 'xL35J', 'xL18J', 'xL49J', 'xL9J', 'xL33J', 'xL44J', 'xL23J', 'xL25J', 'xL4J', 'xL59J', 'xL14J', 'xL58J', 'xL45J', 'xL19J', 'xL15J', 'xL36J', 'xL55J', 'xL51J', 'xL20J'}, {'xL54J', 'xL12J', 'xL5J', 'xL40J', 'xL11J', 'xL29J', 'xL53J', 'xL0J', 'xL13J', 'xL52J', 'xL16J', 'xL22J', 'xL48J', 'xL37J', 'xL38J', 'xL27J', 'xL17J', 'xL7J', 'xL46J', 'xL2J', 'xL10J', 'xL41J', 'xL6J', 'xL26J', 'xL39J', 'xL3J', 'xL28J', 'xL43J', 'xL56J', 'xL57J', 'xL1J', 'xL47J', 'xL42J', 'xL18J', 'xL35J', 'xL9J', 'xL49J', 'xL44J', 'xL23J', 'xL4J', 'xL59J', 'xL14J', 'xL58J', 'xL55J', 'xL51J', 'xL20J'})