12, 2.053137585676141, 6.0, 8
+-- , 0 , {3} , {'61', '35', '50', '2', '54', '34', '45', '1', '18', '27', '64', '46', '16', '42', '28', '67', '59', '33', '56', '11', '15', '31', '21', '10', '9', '14', '17', '47', '62', '58', '24', '60', '8', '66', '32'}
| +-- , 3 , {5} , {'61', '35', '50', '2', '36', '54', '34', '45', '1', '18', '27', '64', '46', '70', '16', '42', '67', '59', '33', '25', '56', '11', '15', '31', '21', '10', '9', '17', '47', '62', '58', '24', '60', '8', '66', '57', '32'}
| | +-- , 5 , {9} , {'50', '2', '36', '54', '1', '64', '70', '16', '42', '12', '33', '25', '56', '3', '55', '21', '72', '40', '17', '47', '62', '58', '8', '66', '57', '32', '61', '35', '34', '45', '18', '27', '46', '65', '59', '5', '11', '15', '31', '10', '9', '44', '24', '60'}
| | | +-- , 9 , {27, 12} , {'61', '35', '50', '2', '36', '54', '34', '45', '1', '18', '27', '64', '70', '16', '65', '42', '12', '0', '59', '33', '26', '25', '5', '48', '56', '11', '3', '15', '55', '31', '21', '10', '9', '71', '72', '44', '40', '17', '47', '62', '58', '24', '60', '8', '29', '66', '57', '32'}
| | | | +-- , 27 , set() , {'0', '48', '1', '44', '64', '70', '57', '63', '29', '71', '42', '2', '40', '59', '26'}
| | | | +-- , 12 , {23, 25, 15} , {'50', '2', '36', '30', '1', '64', '70', '16', '12', '33', '26', '25', '41', '56', '3', '55', '21', '72', '40', '17', '62', '58', '49', '68', '8', '53', '74', '66', '7', '57', '32', '43', '61', '34', '45', '18', '27', '65', '0', '59', '48', '11', '15', '31', '10', '9', '71', '44', '24', '60', '29'}
| | | | | +-- , 23 , set() , {'0', '38', '41', '15', '18', '49', '31', '50', '53', '74', '12', '44', '36', '17'}
| | | | | +-- , 25 , set() , {'43', '25', '30', '18', '68', '50', '10', '29', '53', '74', '72', '7', '40', '17', '73'}
| | | | | +-- , 15 , {17} , {'19', '50', '2', '36', '30', '1', '23', '64', '70', '16', '12', '33', '26', '41', '56', '3', '55', '21', '72', '40', '17', '62', '58', '49', '68', '8', '53', '66', '7', '57', '32', '43', '61', '34', '45', '18', '27', '65', '0', '59', '48', '11', '37', '31', '10', '9', '71', '44', '24', '60', '29'}
| | | | | | +-- , 17 , {19, 21} , {'20', '19', '50', '6', '2', '36', '30', '1', '23', '64', '70', '16', '12', '33', '26', '41', '56', '55', '21', '72', '40', '17', '62', '58', '68', '8', '53', '66', '7', '57', '32', '43', '61', '34', '45', '18', '27', '65', '0', '59', '48', '13', '11', '37', '52', '31', '10', '9', '71', '44', '24', '60', '29'}
| | | | | | | +-- , 19 , set() , {'20', '19', '6', '36', '34', '75', '30', '1', '18', '65', '0', '26', '52', '21', '71', '44', '40', '17', '62', '24', '68', '60', '39', '8', '53', '51', '32'}
| | | | | | | +-- , 21 , set() , {'43', '20', '50', '69', '18', '27', '64', '70', '65', '59', '41', '56', '55', '37', '52', '31', '9', '71', '72', '62', '22', '24', '60', '8', '29', '66'}


Max number of edges with non zero Y: 16
Max number of iterations of outer rounding loop: 5
Max number of candidate sets: 2
Time spent rounding: 30.270
Time spent solving Separator LP: 10.401
Total time spent solving: 46.148

LP Solver: GaifmanNormal
Lower Bound Witness = ({'43', '20', '61', '19', '50', '6', '2', '36', '34', '45', '69', '75', '30', '1', '18', '23', '27', '64', '70', '65', '16', '12', '0', '59', '33', '26', '73', '48', '25', '38', '41', '56', '13', '3', '15', '11', '55', '37', '52', '31', '21', '10', '9', '71', '72', '44', '40', '17', '62', '22', '58', '24', '68', '60', '49', '39', '8', '29', '53', '74', '66', '7', '51', '57', '32'}, {'61', '50', '2', '36', '34', '45', '1', '18', '27', '64', '70', '65', '16', '12', '0', '59', '33', '26', '25', '48', '56', '11', '3', '15', '55', '31', '21', '10', '9', '71', '72', '44', '40', '17', '62', '58', '24', '60', '8', '29', '53', '66', '57', '32'})