65, 3.4079086955492537, 13.0, 13
+-- , 0 , {129, 3, 99, 105, 107, 117, 121, 123, 127, 125, 95} , {'zL16J', 'zL3J', 'zL17J', 'zL36J', 'xL1J', 'zL65J', 'xL7J', 'zL52J', 'yL1J', 'zL40J', 'xL9J', 'zL12J', 'zL25J', 'xL5J', 'zL37J', 'zL56J', 'zL72J', 'xL2J', 'zL4J', 'zL57J', 'zL49J', 'xL4J', 'zL43J'}
| +-- , 129 , set() , {'xL4J', 'yL10J', 'zL40J'}
| +-- , 3 , {67, 5, 69, 11, 75, 77, 79, 81, 83, 89, 91, 93, 39, 45, 51, 59, 61} , {'xL3J', 'zL16J', 'zL3J', 'zL64J', 'zL17J', 'zL36J', 'zL73J', 'xL1J', 'zL65J', 'xL7J', 'zL52J', 'zL13J', 'zL2J', 'zL40J', 'xL0J', 'xL9J', 'zL12J', 'zL25J', 'zL41J', 'xL5J', 'zL37J', 'zL56J', 'zL72J', 'xL2J', 'zL4J', 'zL57J', 'zL49J', 'xL8J', 'xL4J', 'zL43J'}
| | +-- , 67 , set() , {'zL41J', 'zL42J', 'zL43J', 'xL7J', 'xL9J'}
| | +-- , 5 , {7} , {'xL3J', 'zL49J', 'xL4J', 'zL50J', 'xL7J'}
| | | +-- , 7 , {9} , {'xL3J', 'zL51J', 'zL50J', 'xL7J'}
| | | | +-- , 9 , set() , {'xL3J', 'zL51J', 'w15'}
| | +-- , 69 , {71} , {'xL3J', 'xL5J', 'zL57J', 'zL58J', 'xL9J'}
| | | +-- , 71 , {73} , {'xL3J', 'xL5J', 'zL59J', 'zL58J'}
| | | | +-- , 73 , set() , {'xL5J', 'zL59J', 'w17'}
| | +-- , 11 , {13} , {'xL3J', 'zL44J', 'xL7J', 'zL5J', 'yL19J', 'zL2J', 'zL76J', 'xL0J', 'xL9J', 'yL11J', 'xL5J', 'xL2J', 'zL4J', 'xL4J', 'xL8J'}
| | | +-- , 13 , {35, 15, 17, 23, 27, 31} , {'xL3J', 'xL5J', 'xL6J', 'zL1J', 'xL2J', 'zL44J', 'xL7J', 'zL5J', 'xL8J', 'zL2J', 'zL76J', 'xL0J', 'xL9J'}
| | | | +-- , 35 , {37} , {'xL3J', 'xL5J', 'zL0J', 'zL1J'}
| | | | | +-- , 37 , set() , {'xL3J', 'zL0J', 'yL0J'}
| | | | +-- , 15 , set() , {'xL3J', 'zL63J', 'zL62J', 'yL15J', 'zL60J', 'w18', 'xL6J', 'xL7J', 'zL61J', 'xL0J', 'xL9J'}
| | | | +-- , 17 , {19} , {'xL5J', 'zL77J', 'xL6J', 'xL7J', 'xL8J', 'zL76J'}
| | | | | +-- , 19 , {21} , {'xL5J', 'zL79J', 'zL78J', 'xL8J', 'zL77J', 'xL7J'}
| | | | | | +-- , 21 , set() , {'w22', 'zL79J', 'xL7J'}
| | | | +-- , 23 , {25} , {'zL7J', 'zL5J', 'xL8J', 'zL6J', 'xL6J', 'xL9J'}
| | | | | +-- , 25 , set() , {'w4', 'xL8J', 'zL7J'}
| | | | +-- , 27 , {29} , {'xL3J', 'xL5J', 'xL6J', 'w14', 'zL47J', 'zL44J', 'xL0J', 'zL45J'}
| | | | | +-- , 29 , set() , {'xL3J', 'xL6J', 'zL47J', 'zL46J', 'zL45J'}
| | | | +-- , 31 , {33} , {'xL5J', 'w10', 'xL6J', 'xL2J', 'zL28J', 'xL7J', 'yL7J', 'xL8J', 'zL31J'}
| | | | | +-- , 33 , set() , {'xL5J', 'xL2J', 'xL7J', 'zL28J', 'zL30J', 'zL31J', 'zL29J'}
| | +-- , 75 , set() , {'yL17J', 'zL71J', 'xL1J', 'zL70J', 'xL7J', 'xL4J', 'xL8J', 'zL68J', 'xL9J', 'zL69J', 'w20'}
| | +-- , 77 , set() , {'xL0J', 'zL16J', 'yL4J'}
| | +-- , 79 , set() , {'zL23J', 'xL2J', 'xL1J', 'zL20J', 'zL21J', 'w8', 'xL4J', 'xL8J', 'yL5J', 'zL22J', 'xL0J'}
| | +-- , 81 , set() , {'w21', 'zL74J', 'xL2J', 'zL75J', 'zL73J', 'xL4J', 'xL0J'}
| | +-- , 83 , {85} , {'xL3J', 'xL4J', 'xL8J', 'zL18J', 'zL17J'}
| | | +-- , 85 , {87} , {'xL3J', 'xL4J', 'zL18J', 'zL19J'}
| | | | +-- , 87 , set() , {'xL3J', 'w7', 'zL19J'}
| | +-- , 89 , set() , {'zL36J', 'xL8J', 'yL9J'}
| | +-- , 91 , set() , {'zL56J', 'xL0J', 'yL14J'}
| | +-- , 93 , set() , {'zL64J', 'yL16J', 'xL1J'}
| | +-- , 39 , {41} , {'xL3J', 'xL5J', 'zL14J', 'zL13J', 'xL2J'}
| | | +-- , 41 , {43} , {'xL3J', 'zL14J', 'xL2J', 'zL15J'}
| | | | +-- , 43 , set() , {'xL3J', 'w6', 'zL15J'}
| | +-- , 45 , {47} , {'zL25J', 'xL4J', 'zL26J', 'xL0J', 'xL9J'}
| | | +-- , 47 , {49} , {'zL27J', 'xL4J', 'zL26J', 'xL0J'}
| | | | +-- , 49 , set() , {'zL27J', 'xL4J', 'w9'}
| | +-- , 51 , {53} , {'xL2J', 'xL1J', 'zL52J', 'xL8J', 'xL9J', 'zL53J'}
| | | +-- , 53 , {55} , {'zL53J', 'zL54J', 'xL8J', 'xL9J', 'xL1J'}
| | | | +-- , 55 , {57} , {'zL54J', 'zL55J', 'xL9J', 'xL1J'}
| | | | | +-- , 57 , set() , {'w16', 'xL9J', 'zL55J'}
| | +-- , 59 , set() , {'xL3J', 'xL5J', 'zL34J', 'zL33J', 'w11', 'yL8J', 'xL4J', 'xL8J', 'zL35J', 'zL32J', 'xL0J'}
| | +-- , 61 , {63} , {'zL37J', 'zL38J', 'xL0J', 'xL9J', 'xL7J'}
| | | +-- , 63 , {65} , {'zL39J', 'zL38J', 'xL0J', 'xL7J'}
| | | | +-- , 65 , set() , {'zL39J', 'xL0J', 'w12'}
| +-- , 99 , {101} , {'xL5J', 'zL66J', 'xL4J', 'zL65J', 'xL7J'}
| | +-- , 101 , {103} , {'zL67J', 'zL66J', 'xL4J', 'xL7J'}
| | | +-- , 103 , set() , {'zL67J', 'w19', 'xL4J'}
| +-- , 105 , set() , {'zL52J', 'yL13J', 'xL7J'}
| +-- , 107 , {109} , {'xL5J', 'xL2J', 'xL1J', 'xL7J', 'yL2J', 'xL9J', 'zL8J'}
| | +-- , 109 , {111} , {'xL5J', 'zL9J', 'xL2J', 'xL7J', 'xL9J', 'zL8J'}
| | | +-- , 111 , {113} , {'xL5J', 'xL9J', 'zL9J', 'xL2J', 'zL10J'}
| | | | +-- , 113 , {115} , {'xL5J', 'zL11J', 'xL9J', 'zL10J'}
| | | | | +-- , 115 , set() , {'w5', 'xL9J', 'zL11J'}
| +-- , 117 , {119} , {'zL49J', 'xL9J', 'zL48J', 'xL2J'}
| | +-- , 119 , set() , {'zL48J', 'yL12J', 'xL2J'}
| +-- , 121 , set() , {'w13', 'xL2J', 'zL43J'}
| +-- , 123 , set() , {'yL18J', 'zL72J', 'xL1J'}
| +-- , 127 , set() , {'zL12J', 'xL1J', 'yL3J'}
| +-- , 125 , set() , {'zL3J', 'w3', 'xL7J'}
| +-- , 95 , {97} , {'zL25J', 'zL24J', 'xL1J', 'xL7J'}
| | +-- , 97 , set() , {'xL1J', 'yL6J', 'zL24J'}


Max number of edges with non zero Y: 35
Max number of iterations of outer rounding loop: 1
Max number of candidate sets: 2
Time spent rounding: 7.310
Time spent solving Separator LP: 8.819
Total time spent solving: 21.589

LP Solver: GaifmanBoosted
Lower Bound Witness = ({'zL3J', 'zL34J', 'zL73J', 'zL65J', 'zL70J', 'zL75J', 'zL21J', 'yL7J', 'zL40J', 'zL26J', 'w19', 'zL45J', 'zL53J', 'w15', 'w22', 'zL59J', 'xL4J', 'zL43J', 'zL60J', 'zL13J', 'yL8J', 'zL10J', 'zL33J', 'zL31J', 'w9', 'yL11J', 'zL79J', 'zL78J', 'yL6J', 'zL77J', 'w21', 'w14', 'zL14J', 'w13', 'yL2J', 'zL46J', 'zL16J', 'zL50J', 'zL22J', 'zL19J', 'zL7J', 'yL13J', 'xL6J', 'yL17J', 'w11', 'xL1J', 'zL20J', 'yL18J', 'zL67J', 'w12', 'yL16J', 'zL2J', 'zL6J', 'w6', 'xL0J', 'zL55J', 'zL12J', 'zL63J', 'zL23J', 'zL66J', 'zL57J', 'zL27J', 'w10', 'zL24J', 'zL71J', 'zL30J', 'zL5J', 'zL38J', 'yL4J', 'zL35J', 'yL0J', 'zL37J', 'zL72J', 'zL4J', 'zL39J', 'zL54J', 'zL18J', 'yL5J', 'w7', 'w20', 'w4', 'yL12J', 'zL36J', 'zL44J', 'xL7J', 'zL52J', 'yL3J', 'yL19J', 'zL42J', 'yL10J', 'zL28J', 'w16', 'xL8J', 'zL32J', 'zL8J', 'zL11J', 'zL17J', 'zL58J', 'zL51J', 'yL9J', 'yL1J', 'w8', 'zL48J', 'zL41J', 'xL5J', 'zL56J', 'zL62J', 'w18', 'zL9J', 'zL29J', 'zL69J', 'xL3J', 'yL15J', 'zL74J', 'zL68J', 'xL9J', 'zL25J', 'w17', 'xL2J', 'zL49J', 'yL14J', 'w3', 'zL64J', 'zL61J', 'zL76J', 'zL0J', 'zL1J', 'zL47J', 'w5', 'zL15J'}, {'zL3J', 'yL15J', 'zL36J', 'zL44J', 'yL3J', 'zL52J', 'yL18J', 'w7', 'zL26J', 'zL12J', 'zL25J', 'zL66J', 'yL10J', 'zL28J', 'zL57J', 'yL14J', 'zL27J', 'w3', 'zL64J', 'zL51J', 'zL5J', 'yL1J', 'zL31J', 'zL48J', 'yL11J', 'zL37J', 'zL1J', 'w13', 'zL46J', 'zL16J'})