57, 5.999999725439371, 9.0, 9
+-- , 0 , {97, 3, 99, 101, 103, 107, 109, 113, 95} , {'zL7J', 'zL58J', 'zL73J', 'xL1J', 'xL7J', 'zL21J', 'xL0J', 'xL9J', 'zL57J', 'zL49J', 'xL8J', 'xL4J', 'zL50J', 'zL8J'}
| +-- , 97 , set() , {'zL37J', 'zL36J', 'yL9J', 'xL7J', 'w12', 'xL4J', 'xL8J', 'zL39J', 'zL38J', 'xL0J', 'xL9J'}
| +-- , 3 , {5, 87, 91} , {'xL3J', 'zL7J', 'zL50J', 'zL58J', 'zL73J', 'xL1J', 'zL65J', 'xL7J', 'zL21J', 'zL49J', 'xL8J', 'xL4J', 'xL0J', 'xL9J', 'zL8J'}
| | +-- , 5 , {7} , {'xL3J', 'zL7J', 'zL58J', 'zL73J', 'xL1J', 'zL65J', 'xL7J', 'zL21J', 'xL0J', 'xL9J', 'zL49J', 'xL8J', 'xL4J', 'zL22J', 'zL8J'}
| | | +-- , 7 , {9} , {'xL3J', 'zL7J', 'zL58J', 'zL74J', 'xL1J', 'zL65J', 'zL73J', 'xL7J', 'zL48J', 'xL0J', 'xL9J', 'zL9J', 'zL59J', 'zL49J', 'xL4J', 'xL8J', 'zL22J', 'zL8J'}
| | | | +-- , 9 , {11, 77, 79, 81, 83} , {'xL3J', 'zL7J', 'zL74J', 'xL1J', 'zL65J', 'yL3J', 'xL7J', 'zL48J', 'xL0J', 'xL9J', 'zL12J', 'xL5J', 'zL66J', 'zL9J', 'zL59J', 'xL4J', 'xL8J', 'zL22J'}
| | | | | +-- , 11 , {75, 13} , {'xL3J', 'zL7J', 'zL74J', 'xL1J', 'zL44J', 'xL7J', 'yL0J', 'zL48J', 'xL0J', 'xL9J', 'zL45J', 'zL0J', 'xL5J', 'zL12J', 'zL9J', 'xL4J', 'xL8J', 'zL22J'}
| | | | | | +-- , 75 , set() , {'yL11J', 'xL8J', 'zL44J'}
| | | | | | +-- , 13 , {17, 67, 71, 57, 59, 25} , {'xL3J', 'zL7J', 'xL6J', 'zL74J', 'xL1J', 'xL7J', 'zL48J', 'xL0J', 'xL9J', 'zL45J', 'zL12J', 'xL5J', 'zL0J', 'zL9J', 'xL4J', 'xL8J', 'zL22J', 'zL46J'}
| | | | | | | +-- , 17 , {19, 21} , {'xL5J', 'zL78J', 'zL77J', 'xL6J', 'xL7J', 'xL4J', 'xL8J', 'zL76J'}
| | | | | | | | +-- , 19 , set() , {'zL76J', 'xL4J', 'yL19J'}
| | | | | | | | +-- , 21 , {23} , {'zL79J', 'xL8J', 'zL78J', 'xL7J'}
| | | | | | | | | +-- , 23 , set() , {'w22', 'zL79J', 'xL7J'}
| | | | | | | +-- , 67 , {69} , {'zL7J', 'xL5J', 'xL6J', 'zL4J', 'xL1J', 'zL5J', 'zL6J', 'xL9J'}
| | | | | | | | +-- , 69 , set() , {'yL1J', 'zL4J', 'xL1J'}
| | | | | | | +-- , 71 , {73} , {'xL3J', 'zL46J', 'xL0J', 'zL47J'}
| | | | | | | | +-- , 73 , set() , {'w14', 'xL0J', 'zL47J'}
| | | | | | | +-- , 57 , set() , {'xL3J', 'zL63J', 'zL62J', 'yL15J', 'zL60J', 'w18', 'xL6J', 'xL7J', 'zL61J', 'xL0J', 'xL9J'}
| | | | | | | +-- , 59 , {61} , {'zL0J', 'xL5J', 'xL6J', 'zL1J', 'xL1J', 'xL7J'}
| | | | | | | | +-- , 61 , {63} , {'zL2J', 'xL6J', 'zL1J', 'xL1J', 'xL7J'}
| | | | | | | | | +-- , 63 , {65} , {'zL3J', 'zL2J', 'xL1J', 'xL7J'}
| | | | | | | | | | +-- , 65 , set() , {'zL3J', 'w3', 'xL7J'}
| | | | | | | +-- , 25 , {27} , {'xL3J', 'xL6J', 'zL13J', 'zL74J', 'xL1J', 'xL7J', 'zL48J', 'xL0J', 'xL9J', 'zL12J', 'xL5J', 'zL9J', 'xL4J', 'xL8J', 'zL14J', 'zL22J'}
| | | | | | | | +-- , 27 , {29} , {'xL3J', 'xL6J', 'zL74J', 'xL1J', 'zL75J', 'xL7J', 'zL48J', 'xL9J', 'xL5J', 'zL9J', 'xL4J', 'xL8J', 'zL14J', 'zL22J'}
| | | | | | | | | +-- , 29 , {33, 35, 39, 45, 51, 55, 31} , {'xL3J', 'xL6J', 'xL1J', 'zL75J', 'xL7J', 'yL7J', 'zL48J', 'zL55J', 'w6', 'xL9J', 'zL53J', 'xL5J', 'w21', 'zL9J', 'xL2J', 'zL28J', 'xL4J', 'xL8J', 'zL54J', 'zL14J', 'zL22J', 'zL15J'}
| | | | | | | | | | +-- , 33 , set() , {'zL41J', 'zL42J', 'xL9J', 'xL2J', 'yL10J', 'xL7J', 'xL4J', 'xL8J', 'zL40J', 'w13', 'zL43J'}
| | | | | | | | | | +-- , 35 , {37} , {'zL52J', 'xL2J', 'zL53J', 'xL7J'}
| | | | | | | | | | | +-- , 37 , set() , {'zL52J', 'yL13J', 'xL7J'}
| | | | | | | | | | +-- , 39 , {41} , {'xL5J', 'xL2J', 'xL7J', 'zL28J', 'zL30J', 'xL8J', 'zL29J'}
| | | | | | | | | | | +-- , 41 , {43} , {'xL5J', 'zL30J', 'xL8J', 'zL31J'}
| | | | | | | | | | | | +-- , 43 , set() , {'xL8J', 'w10', 'zL31J'}
| | | | | | | | | | +-- , 45 , {47} , {'xL5J', 'xL9J', 'zL9J', 'xL2J', 'zL10J'}
| | | | | | | | | | | +-- , 47 , {49} , {'xL5J', 'zL11J', 'xL9J', 'zL10J'}
| | | | | | | | | | | | +-- , 49 , set() , {'w5', 'xL9J', 'zL11J'}
| | | | | | | | | | +-- , 51 , {53} , {'zL23J', 'xL8J', 'zL22J', 'xL2J'}
| | | | | | | | | | | +-- , 53 , set() , {'zL23J', 'w8', 'xL8J'}
| | | | | | | | | | +-- , 55 , set() , {'zL48J', 'yL12J', 'xL2J'}
| | | | | | | | | | +-- , 31 , set() , {'w16', 'xL9J', 'zL55J'}
| | | | | +-- , 77 , set() , {'xL3J', 'xL5J', 'zL34J', 'zL33J', 'w11', 'yL8J', 'xL4J', 'xL8J', 'zL35J', 'zL32J', 'xL0J'}
| | | | | +-- , 79 , set() , {'xL3J', 'xL5J', 'zL17J', 'zL18J', 'xL4J', 'yL4J', 'xL8J', 'w7', 'xL0J', 'zL16J', 'zL19J'}
| | | | | +-- , 81 , set() , {'xL5J', 'zL59J', 'w17'}
| | | | | +-- , 83 , {85} , {'zL67J', 'zL66J', 'xL4J', 'xL7J'}
| | | | | | +-- , 85 , set() , {'zL67J', 'w19', 'xL4J'}
| | +-- , 87 , {89} , {'xL3J', 'zL64J', 'xL1J', 'zL65J'}
| | | +-- , 89 , set() , {'zL64J', 'yL16J', 'xL1J'}
| | +-- , 91 , {93} , {'xL3J', 'zL51J', 'zL50J', 'xL7J'}
| | | +-- , 93 , set() , {'xL3J', 'zL51J', 'w15'}
| +-- , 99 , set() , {'w4', 'xL8J', 'zL7J'}
| +-- , 101 , set() , {'yL17J', 'zL71J', 'xL1J', 'zL70J', 'xL7J', 'xL4J', 'xL8J', 'zL68J', 'xL9J', 'zL69J', 'w20'}
| +-- , 103 , {105} , {'zL72J', 'zL73J', 'xL1J', 'xL7J'}
| | +-- , 105 , set() , {'yL18J', 'zL72J', 'xL1J'}
| +-- , 107 , set() , {'yL2J', 'zL8J', 'xL1J'}
| +-- , 109 , {111} , {'zL21J', 'xL0J', 'xL1J', 'zL20J'}
| | +-- , 111 , set() , {'xL1J', 'zL20J', 'yL5J'}
| +-- , 113 , {115} , {'zL57J', 'zL56J', 'xL0J', 'xL7J'}
| | +-- , 115 , set() , {'zL56J', 'xL0J', 'yL14J'}
| +-- , 95 , set() , {'zL27J', 'zL25J', 'yL6J', 'zL24J', 'xL1J', 'xL7J', 'xL4J', 'w9', 'zL26J', 'xL0J', 'xL9J'}


Max number of edges with non zero Y: 7
Max number of iterations of outer rounding loop: 0
Max number of candidate sets: 0
Time spent rounding: 0.000
Time spent solving Separator LP: 306.714
Total time spent solving: 320.042

LP Solver: GaifmanNormalILP
Lower Bound Witness = ({'zL3J', 'zL34J', 'zL73J', 'zL65J', 'zL70J', 'zL75J', 'zL21J', 'yL7J', 'zL40J', 'zL26J', 'w19', 'zL45J', 'zL53J', 'w15', 'w22', 'zL59J', 'xL4J', 'zL43J', 'zL60J', 'zL13J', 'yL8J', 'zL10J', 'zL33J', 'zL31J', 'w9', 'yL11J', 'zL79J', 'zL78J', 'yL6J', 'zL77J', 'w21', 'w14', 'zL14J', 'w13', 'yL2J', 'zL46J', 'zL16J', 'zL50J', 'zL22J', 'zL19J', 'zL7J', 'yL13J', 'xL6J', 'yL17J', 'w11', 'xL1J', 'zL20J', 'yL18J', 'zL67J', 'w12', 'yL16J', 'zL2J', 'zL6J', 'w6', 'xL0J', 'zL55J', 'zL12J', 'zL63J', 'zL23J', 'zL66J', 'zL57J', 'zL27J', 'w10', 'zL24J', 'zL71J', 'zL30J', 'zL5J', 'zL38J', 'yL4J', 'zL35J', 'yL0J', 'zL37J', 'zL72J', 'zL4J', 'zL39J', 'zL54J', 'zL18J', 'yL5J', 'w7', 'w20', 'w4', 'yL12J', 'zL36J', 'zL44J', 'xL7J', 'zL52J', 'yL3J', 'yL19J', 'zL42J', 'yL10J', 'zL28J', 'w16', 'xL8J', 'zL32J', 'zL8J', 'zL11J', 'zL17J', 'zL58J', 'zL51J', 'yL9J', 'yL1J', 'w8', 'zL48J', 'zL41J', 'xL5J', 'zL56J', 'zL62J', 'w18', 'zL9J', 'zL29J', 'zL69J', 'xL3J', 'yL15J', 'zL74J', 'zL68J', 'xL9J', 'zL25J', 'w17', 'xL2J', 'zL49J', 'yL14J', 'w3', 'zL64J', 'zL61J', 'zL76J', 'zL0J', 'zL1J', 'zL47J', 'w5', 'zL15J'}, {'w4', 'zL34J', 'w11', 'zL73J', 'zL20J', 'yL7J', 'w7', 'yL19J', 'zL2J', 'zL6J', 'zL26J', 'zL25J', 'zL49J', 'yL14J', 'zL50J', 'zL24J', 'zL13J', 'zL33J', 'zL10J', 'zL71J', 'yL9J', 'zL5J', 'zL38J', 'xL5J', 'zL37J', 'zL78J', 'yL6J', 'zL9J', 'yL2J', 'zL16J', 'zL19J', 'w20'})