10, 0, 8.313035633739288, 11
+-- , 5 , {3, 8, 12, 14, 16, 18} , {'6', '8', '42', '47', '9', '66', '76', '38', '54', '51', '46', '70', '61', '69', '15', '59', '22', '21', '12', '18', '3', '37', '71', '39', '30', '67', '74', '31', '36', '63', '23', '60', '64', '20', '53', '75', '24', '11', '49', '65', '1', '25', '43', '7', '17', '33', '44', '28', '4', '52', '27', '58', '35', '68', '48', '45', '55', '2', '40', '34', '41', '29', '26', '62'}
| +-- , 3 , {0} , {'6', '8', '42', '66', '76', '38', '54', '51', '70', '15', '59', '22', '18', '3', '37', '39', '31', '36', '60', '20', '53', '11', '49', '65', '1', '43', '7', '33', '44', '4', '52', '27', '58', '35', '68', '48', '55', '72', '40', '34', '41', '29', '26', '62'}
| | +-- , 0 , {20} , {'6', '8', '42', '66', '76', '38', '54', '51', '57', '70', '15', '59', '22', '18', '3', '37', '39', '36', '60', '20', '53', '11', '49', '65', '1', '43', '7', '33', '44', '4', '52', '27', '58', '35', '68', '55', '72', '40', '34', '41', '29', '26', '62'}
| | | +-- , 20 , set() , {'6', '8', '60', '20', '53', '42', '49', '65', '43', '66', '76', '38', '7', '54', '51', '33', '57', '44', '70', '32', '15', '27', '59', '22', '58', '18', '3', '35', '37', '68', '55', '36', '72', '40', '34', '41', '29', '26'}
| +-- , 8 , {10} , {'8', '60', '64', '75', '53', '24', '42', '49', '65', '1', '47', '25', '9', '43', '66', '38', '17', '54', '51', '46', '16', '44', '56', '28', '69', '4', '15', '52', '27', '12', '59', '21', '18', '35', '71', '39', '48', '45', '30', '67', '74', '2', '14', '31', '36', '40', '63', '23', '41', '29', '26', '62'}
| | +-- , 10 , set() , {'8', '60', '64', '24', '42', '65', '47', '43', '54', '16', '44', '56', '69', '77', '52', '18', '35', '30', '67', '2', '40', '41', '29', '26', '62'}
| +-- , 12 , set() , {'0', '60', '75', '42', '65', '1', '47', '25', '9', '43', '38', '7', '51', '46', '4', '13', '22', '21', '3', '37', '71', '48', '30', '67', '2', '36', '63', '29', '26', '19'}
| +-- , 14 , set() , {'60', '11', '43', '5', '76', '38', '17', '51', '46', '61', '28', '15', '12', '21', '45', '67', '31', '36', '29'}
| +-- , 16 , set() , {'6', '20', '53', '75', '24', '49', '25', '7', '17', '33', '69', '27', '58', '71', '48', '10', '63', '41', '62'}
| +-- , 18 , set() , {'50', '60', '22', '40', '42', '3', '23', '61', '43', '55'}


Max number of edges with non zero Y: 31
Max number of iterations of outer rounding loop: 3
Max number of candidate sets: 2
Time spent rounding: 0.188
Time spent solving Separator LP: 0.019
Total time spent solving: 0.635

LP Solver: gammaPlusFractionalCoverHeuristic
Number of Rounding Attemps: 2
Lower Bound Witness = ({'6', '42', '76', '54', '57', '61', '32', '21', '3', '37', '71', '74', '23', '0', '64', '20', '49', '1', '25', '43', '5', '7', '28', '77', '13', '52', '48', '45', '14', '40', '62', '19', '8', '47', '9', '66', '38', '51', '46', '16', '70', '56', '69', '15', '12', '22', '59', '18', '39', '30', '67', '31', '36', '63', '60', '75', '53', '24', '11', '65', '17', '33', '44', '4', '27', '58', '35', '68', '55', '2', '50', '10', '72', '34', '41', '29', '26'}, {'18', '48', '55', '62', '32'})