27, 1, 3.0, 3
+-- , 46 , {45} , {'16', '34', '0', '33'}
| +-- , 45 , {5} , {'1', '33', '59', '38'}
| | +-- , 5 , {42, 3} , {'41', '59', '1', '38', '33', '55'}
| | | +-- , 42 , {41} , {'41', '1', '55'}
| | | | +-- , 41 , {39} , {'43', '48', '8', '55'}
| | | | | +-- , 39 , {40} , {'43', '48', '8', '55'}
| | | | | | +-- , 40 , set() , {'43', '37', '45', '10'}
| | | +-- , 3 , {0, 31} , {'41', '24', '47', '63', '54', '38', '7', '55'}
| | | | +-- , 0 , {7, 23} , {'41', '24', '47', '54', '68', '7', '55'}
| | | | | +-- , 7 , {9} , {'11', '47', '17', '65', '58', '68', '7', '55'}
| | | | | | +-- , 9 , {17, 11} , {'11', '50', '58', '68', '7', '17'}
| | | | | | | +-- , 17 , {19, 21, 37} , {'11', '50', '18', '17', '58', '28', '7', '51'}
| | | | | | | | +-- , 19 , set() , {'40', '11', '29', '28'}
| | | | | | | | +-- , 21 , set() , {'11', '18', '17', '61', '6', '51'}
| | | | | | | | +-- , 37 , {38} , {'18', '7', '28', '51'}
| | | | | | | | | +-- , 38 , set() , {'56', '18', '26', '53'}
| | | | | | | +-- , 11 , {13} , {'50', '22', '72', '68', '71'}
| | | | | | | | +-- , 13 , {15} , {'50', '72', '30', '73', '13', '44', '68'}
| | | | | | | | | +-- , 15 , set() , {'27', '68', '72', '44'}
| | | | | +-- , 23 , {29} , {'46', '7', '68', '24'}
| | | | | | +-- , 29 , {24} , {'46', '24', '68', '57', '7', '21'}
| | | | | | | +-- , 24 , set() , {'46', '31', '3', '21'}
| | | | +-- , 31 , {34, 36} , {'63', '66', '24', '38', '47'}
| | | | | +-- , 34 , {43} , {'63', '66', '32', '39'}
| | | | | | +-- , 43 , {44} , {'63', '66', '32', '39'}
| | | | | | | +-- , 44 , set() , {'20', '62', '66'}
| | | | | +-- , 36 , set() , {'66', '14', '5', '38'}


Max number of edges with non zero Y: 12
Max number of iterations of outer rounding loop: 1
Max number of candidate sets: 2
Time spent rounding: 0.071
Time spent solving Separator LP: 0.029
Total time spent solving: 0.489

LP Solver: gammaPlusFractionalCoverHeuristic
Number of Rounding Attemps: 1
Lower Bound Witness = ({'72', '29', '13', '17', '1', '54', '7', '40', '59', '63', '65', '22', '38', '61', '11', '50', '24', '47', '44', '68', '28', '51', '41', '46', '71', '30', '18', '73', '27', '58', '6', '33', '55'}, {'46', '72', '73', '7', '33'})