11, 0, 6.714285714285714, 9
+-- , 9 , {5} , {'3', '47', '50', '26', '18', '9', '46', '27', '7', '12', '30', '39', '24', '4'}
| +-- , 5 , {3, 7, 11, 13, 15} , {'44', '30', '6', '49', '47', '36', '18', '15', '27', '5', '22', '17', '24', '29', '40', '3', '50', '26', '19', '28', '46', '35', '7', '11', '39', '38', '42', '14', '0', '9', '21', '12', '25', '16'}
| | +-- , 3 , {0} , {'44', '30', '13', '49', '47', '36', '45', '18', '15', '27', '5', '22', '17', '24', '29', '40', '3', '26', '20', '19', '28', '46', '35', '7', '11', '38', '8', '42', '14', '33', '2', '0', '9', '21', '12', '25', '51', '16'}
| | | +-- , 0 , {17, 21} , {'34', '44', '30', '13', '49', '47', '36', '45', '18', '15', '27', '5', '22', '17', '24', '29', '40', '3', '26', '20', '19', '28', '35', '7', '11', '38', '8', '42', '14', '33', '2', '0', '9', '21', '12', '25', '51', '16'}
| | | | +-- , 17 , {19} , {'34', '44', '30', '13', '49', '47', '36', '45', '18', '15', '27', '5', '22', '17', '29', '10', '40', '3', '26', '20', '19', '28', '35', '7', '11', '38', '42', '14', '33', '2', '9', '21', '51', '16'}
| | | | | +-- , 19 , set() , {'34', '44', '32', '13', '47', '36', '18', '15', '5', '22', '10', '40', '3', '37', '26', '20', '19', '28', '35', '38', '14', '33', '2', '9', '21', '51', '16'}
| | | | +-- , 21 , set() , {'3', '36', '2', '19', '28', '41', '45', '35', '21', '22', '11', '17', '16'}
| | +-- , 7 , set() , {'47', '50', '48', '19', '36', '15', '9', '35', '27', '12', '39', '17'}
| | +-- , 11 , set() , {'50', '14', '26', '23', '19', '28', '0', '27', '22', '17', '25', '29', '38', '16'}
| | +-- , 13 , set() , {'44', '14', '26', '28', '15', '46', '35', '27', '7', '5', '11', '29', '39', '43', '6', '38', '40'}
| | +-- , 15 , set() , {'1', '42', '3', '49', '50', '0', '27', '21', '12', '31', '5', '39', '6', '40'}


Max number of edges with non zero Y: 23
Max number of iterations of outer rounding loop: 4
Max number of candidate sets: 2
Time spent rounding: 1.186
Time spent solving Separator LP: 0.015
Total time spent solving: 1.686

LP Solver: gammaPlusFractionalCoverHeuristic
Number of Rounding Attemps: 16
Lower Bound Witness = ({'34', '44', '32', '30', '13', '6', '49', '1', '47', '23', '36', '45', '18', '15', '48', '27', '5', '22', '17', '24', '4', '29', '10', '40', '3', '50', '37', '26', '20', '19', '28', '41', '46', '35', '7', '11', '39', '43', '38', '8', '42', '14', '33', '2', '0', '9', '21', '12', '31', '25', '51', '16'}, {'44', '32', '42', '8'})