15, 0, 10.5, 11
+-- , 0 , {32, 34, 7} , {'xL34J', 'xL11J', 'xL37J', 'xL6J', 'xL29J', 'xL35J', 'xL22J', 'xL26J', 'xL17J', 'xL7J', 'xL27J', 'xL2J', 'xL15J', 'xL28J', 'xL30J', 'xL1J', 'xL3J', 'xL0J'}
| +-- , 32 , set() , {'xL11J', 'xL38J', 'xL15J', 'xL1J', 'xL0J'}
| +-- , 34 , set() , {'xL10J', 'xL11J', 'xL3J', 'xL7J'}
| +-- , 7 , {10} , {'xL34J', 'xL11J', 'xL37J', 'xL6J', 'xL29J', 'xL35J', 'xL26J', 'xL18J', 'xL22J', 'xL17J', 'xL7J', 'xL9J', 'xL27J', 'xL2J', 'xL15J', 'xL28J', 'xL30J', 'xL23J', 'xL3J', 'xL0J'}
| | +-- , 10 , {12} , {'xL34J', 'xL11J', 'xL37J', 'xL6J', 'xL29J', 'xL26J', 'xL18J', 'xL35J', 'xL22J', 'xL9J', 'xL27J', 'xL24J', 'xL2J', 'xL15J', 'xL28J', 'xL30J', 'xL32J', 'xL23J', 'xL21J', 'xL0J'}
| | | +-- , 12 , {14} , {'xL11J', 'xL37J', 'xL6J', 'xL29J', 'xL26J', 'xL18J', 'xL22J', 'xL9J', 'xL27J', 'xL24J', 'xL2J', 'xL4J', 'xL28J', 'xL30J', 'xL32J', 'xL21J', 'xL0J'}
| | | | +-- , 14 , {16, 30} , {'xL12J', 'xL11J', 'xL37J', 'xL6J', 'xL29J', 'xL26J', 'xL18J', 'xL22J', 'xL9J', 'xL27J', 'xL24J', 'xL4J', 'xL30J', 'xL32J', 'xL21J', 'xL0J'}
| | | | | +-- , 16 , {18, 20} , {'xL12J', 'xL11J', 'xL37J', 'xL6J', 'xL29J', 'xL26J', 'xL18J', 'xL22J', 'xL39J', 'xL36J', 'xL9J', 'xL27J', 'xL24J', 'xL30J', 'xL32J', 'xL21J'}
| | | | | | +-- , 18 , set() , {'xL24J', 'xL36J', 'xL25J'}
| | | | | | +-- , 20 , {22} , {'xL12J', 'xL33J', 'xL11J', 'xL37J', 'xL29J', 'xL26J', 'xL39J', 'xL36J', 'xL9J', 'xL24J', 'xL32J', 'xL21J'}
| | | | | | | +-- , 22 , {24} , {'xL12J', 'xL33J', 'xL37J', 'xL29J', 'xL26J', 'xL39J', 'xL9J', 'xL24J', 'xL32J', 'xL21J', 'xL5J'}
| | | | | | | | +-- , 24 , {26} , {'xL12J', 'xL31J', 'xL37J', 'xL29J', 'xL26J', 'xL39J', 'xL9J', 'xL24J', 'xL20J', 'xL32J', 'xL21J', 'xL13J', 'xL5J'}
| | | | | | | | | +-- , 26 , {28} , {'xL24J', 'xL16J', 'xL20J', 'xL31J', 'xL26J', 'xL39J', 'xL13J', 'xL5J', 'xL8J', 'xL9J'}
| | | | | | | | | | +-- , 28 , set() , {'xL13J', 'xL14J', 'xL8J', 'xL9J'}
| | | | | +-- , 30 , set() , {'xL12J', 'xL19J', 'xL4J', 'xL26J'}


Max number of edges with non zero Y: 28
Max number of iterations of outer rounding loop: 12
Max number of candidate sets: 2
Time spent rounding: 24.020
Time spent solving Separator LP: 0.044

LP Solver: gammaPlusFractionalCoverHeuristic