20, 3.108390996471669, 8.0, 8
+-- , 0 , {5, 46} , {'xL11J', 'xL22J', 'xL0J', 'xL4J', 'xL3J', 'xL24J', 'xL28J', 'xL17J', 'xL38J', 'xL21J', 'xL19J', 'xL36J', 'xL8J', 'xL27J', 'xL15J'}
| +-- , 5 , {7} , {'xL4J', 'xL3J', 'xL17J', 'xL36J', 'xL2J', 'xL15J', 'xL11J', 'xL22J', 'xL0J', 'xL24J', 'xL28J', 'xL21J', 'xL19J', 'xL8J', 'xL27J'}
| | +-- , 7 , {9} , {'xL4J', 'xL3J', 'xL17J', 'xL2J', 'xL15J', 'xL11J', 'xL22J', 'xL0J', 'xL24J', 'xL28J', 'xL21J', 'xL19J', 'xL7J', 'xL8J', 'xL27J'}
| | | +-- , 9 , {11} , {'xL4J', 'xL3J', 'xL17J', 'xL9J', 'xL2J', 'xL15J', 'xL11J', 'xL0J', 'xL24J', 'xL28J', 'xL21J', 'xL19J', 'xL7J', 'xL8J', 'xL27J'}
| | | | +-- , 11 , {13} , {'xL4J', 'xL3J', 'xL17J', 'xL9J', 'xL2J', 'xL15J', 'xL11J', 'xL0J', 'xL24J', 'xL21J', 'xL19J', 'xL7J', 'xL34J', 'xL8J', 'xL27J'}
| | | | | +-- , 13 , {16, 42} , {'xL4J', 'xL3J', 'xL17J', 'xL9J', 'xL2J', 'xL15J', 'xL0J', 'xL24J', 'xL29J', 'xL21J', 'xL19J', 'xL7J', 'xL34J', 'xL8J', 'xL39J', 'xL27J'}
| | | | | | +-- , 16 , {40, 20} , {'xL0J', 'xL4J', 'xL3J', 'xL24J', 'xL32J', 'xL17J', 'xL27J', 'xL29J', 'xL10J', 'xL9J', 'xL39J', 'xL8J', 'xL2J', 'xL15J'}
| | | | | | | +-- , 40 , set() , {'xL1J', 'xL9J', 'xL32J'}
| | | | | | | +-- , 20 , {36, 23, 38} , {'xL4J', 'xL3J', 'xL32J', 'xL17J', 'xL10J', 'xL9J', 'xL2J', 'xL15J', 'xL0J', 'xL12J', 'xL29J', 'xL18J', 'xL39J', 'xL8J', 'xL27J'}
| | | | | | | | +-- , 36 , set() , {'xL12J', 'xL2J', 'xL26J'}
| | | | | | | | +-- , 23 , {26} , {'xL4J', 'xL3J', 'xL32J', 'xL17J', 'xL9J', 'xL2J', 'xL15J', 'xL0J', 'xL13J', 'xL12J', 'xL29J', 'xL25J', 'xL39J', 'xL8J', 'xL27J'}
| | | | | | | | | +-- , 26 , {28, 30} , {'xL4J', 'xL3J', 'xL32J', 'xL17J', 'xL2J', 'xL15J', 'xL14J', 'xL0J', 'xL13J', 'xL12J', 'xL29J', 'xL25J', 'xL39J', 'xL8J', 'xL27J'}
| | | | | | | | | | +-- , 28 , set() , {'xL14J', 'xL0J', 'xL4J', 'xL32J', 'xL13J', 'xL17J', 'xL29J', 'xL25J', 'xL27J', 'xL33J', 'xL5J'}
| | | | | | | | | | +-- , 30 , {32, 34} , {'xL14J', 'xL3J', 'xL32J', 'xL13J', 'xL17J', 'xL16J', 'xL30J', 'xL39J', 'xL8J', 'xL2J', 'xL15J'}
| | | | | | | | | | | +-- , 32 , set() , {'xL16J', 'xL30J', 'xL31J'}
| | | | | | | | | | | +-- , 34 , set() , {'xL13J', 'xL16J', 'xL39J', 'xL2J', 'xL20J'}
| | | | | | | | +-- , 38 , set() , {'xL4J', 'xL2J', 'xL23J', 'xL12J', 'xL18J'}
| | | | | | +-- , 42 , {44} , {'xL0J', 'xL37J', 'xL3J', 'xL9J', 'xL34J', 'xL39J', 'xL2J', 'xL15J'}
| | | | | | | +-- , 44 , set() , {'xL0J', 'xL37J', 'xL9J', 'xL34J', 'xL39J', 'xL6J'}
| +-- , 46 , set() , {'xL0J', 'xL35J', 'xL21J'}


Max number of edges with non zero Y: 36
Max number of iterations of outer rounding loop: 7
Max number of candidate sets: 2
Time spent rounding: 51.021
Time spent solving Separator LP: 1.656

LP Solver: GaifmanBoosted