17, 4.0, 7.0, 7
+-- , 0 , {35, 5, 29, 31} , {'0', '28', '55', '27', '2', '15', '9', '6', '61', '24', '37', '60', '66', '68', '52'}
| +-- , 35 , set() , {'47', '66', '61', '15'}
| +-- , 5 , {27, 7} , {'0', '28', '55', '27', '2', '9', '16', '6', '24', '37', '60', '66', '68', '52'}
| | +-- , 27 , set() , {'6', '55', '43', '37', '16'}
| | +-- , 7 , {9} , {'0', '28', '55', '27', '2', '56', '9', '16', '24', '37', '60', '66', '68', '52'}
| | | +-- , 9 , {19, 23, 25, 11} , {'0', '28', '55', '27', '2', '56', '40', '16', '26', '37', '60', '66', '68', '12', '52'}
| | | | +-- , 19 , {21} , {'0', '28', '55', '40', '16', '29', '18', '26', '37', '60', '66', '68', '63', '35', '12', '52'}
| | | | | +-- , 21 , set() , {'36', '11', '37', '60', '66', '19', '18', '63', '12'}
| | | | +-- , 23 , set() , {'5', '30', '8', '40'}
| | | | +-- , 25 , set() , {'26', '41', '64', '27', '45'}
| | | | +-- , 11 , {13, 15} , {'26', '33', '53', '21', '17', '2', '56', '40', '69', '23', '12'}
| | | | | +-- , 13 , set() , {'44', '40', '69', '23', '12'}
| | | | | +-- , 15 , {17} , {'26', '13', '58', '54', '53', '46'}
| | | | | | +-- , 17 , set() , {'39', '53', '70', '46'}
| +-- , 29 , set() , {'28', '32', '24', '55', '27', '37', '60', '66', '3'}
| +-- , 31 , {33} , {'6', '0', '61', '50', '68', '62'}
| | +-- , 33 , set() , {'1', '61', '57', '50', '51'}


Max number of edges with non zero Y: 5
Max number of iterations of outer rounding loop: 0
Max number of candidate sets: 0
Time spent rounding: 0.000
Time spent solving Separator LP: 4.992

LP Solver: GaifmanNormalILP