18, 1.4131373409337677, 6.0, 6
+-- , 0 , {34, 3, 36} , {'0', '55', '27', '56', '15', '9', '47', '16', '29', '6', '24', '26', '37', '66', '18', '12'}
| +-- , 34 , set() , {'6', '55', '43', '37', '16'}
| +-- , 3 , {5} , {'0', '55', '27', '56', '15', '9', '47', '16', '6', '61', '24', '26', '37', '66', '18', '12'}
| | +-- , 5 , {8} , {'0', '55', '27', '56', '15', '9', '16', '23', '6', '61', '24', '26', '33', '17', '37', '66', '69', '18', '12'}
| | | +-- , 8 , {32, 10, 30} , {'0', '55', '27', '40', '9', '16', '23', '15', '6', '61', '24', '26', '33', '37', '66', '69', '18', '12'}
| | | | +-- , 32 , set() , {'5', '30', '8', '40'}
| | | | +-- , 10 , {24, 12} , {'0', '28', '55', '27', '15', '9', '16', '40', '6', '61', '24', '26', '33', '37', '66', '18', '63', '12'}
| | | | | +-- , 24 , {26, 28} , {'28', '32', '24', '55', '27', '37', '60', '66', '19', '18', '63', '12'}
| | | | | | +-- , 26 , set() , {'36', '11', '19', '66', '18'}
| | | | | | +-- , 28 , set() , {'24', '32', '55', '60', '3'}
| | | | | +-- , 12 , {18, 14} , {'6', '68', '0', '61', '26', '33', '2', '15', '9', '16', '63', '35', '12', '52'}
| | | | | | +-- , 18 , {20} , {'12', '2', '26', '33', '53', '21'}
| | | | | | | +-- , 20 , {22} , {'26', '13', '58', '54', '53', '46'}
| | | | | | | | +-- , 22 , set() , {'39', '53', '70', '46'}
| | | | | | +-- , 14 , {16} , {'6', '0', '61', '50', '68', '62'}
| | | | | | | +-- , 16 , set() , {'1', '61', '57', '50', '51'}
| | | | +-- , 30 , set() , {'44', '40', '69', '23', '12'}
| +-- , 36 , set() , {'26', '41', '64', '27', '45'}


Max number of edges with non zero Y: 15
Max number of iterations of outer rounding loop: 4
Max number of candidate sets: 2
Time spent rounding: 7.995
Time spent solving Separator LP: 0.332

LP Solver: GaifmanNormal