11, 1.9393535841059104, 5.0, 5
+-- , 0 , {19, 7, 21, 5} , {'xL16J', 'xL4J', 'xL14J', 'xL7J', 'xL6J', 'xL18J', 'xL11J', 'xL15J', 'xL17J', 'xL19J'}
| +-- , 19 , set() , {'xL4J', 'xL3J', 'xL16J', 'xL7J', 'xL18J', 'xL15J'}
| +-- , 7 , {17, 9, 15} , {'xL4J', 'xL14J', 'xL8J', 'xL6J', 'xL18J', 'xL19J', 'xL15J', 'xL11J', 'xL17J'}
| | +-- , 17 , set() , {'xL19J', 'xL12J', 'xL8J'}
| | +-- , 9 , {11} , {'xL14J', 'xL8J', 'xL1J', 'xL6J', 'xL18J', 'xL19J', 'xL15J', 'xL11J', 'xL17J'}
| | | +-- , 11 , {13} , {'xL14J', 'xL8J', 'xL1J', 'xL6J', 'xL9J', 'xL18J', 'xL15J', 'xL17J'}
| | | | +-- , 13 , set() , {'xL14J', 'xL8J', 'xL9J', 'xL18J', 'xL15J', 'xL13J'}
| | +-- , 15 , set() , {'xL4J', 'xL8J', 'xL2J', 'xL6J', 'xL15J', 'xL17J'}
| +-- , 21 , {23} , {'xL14J', 'xL7J', 'xL6J', 'xL11J', 'xL15J', 'xL0J'}
| | +-- , 23 , set() , {'xL14J', 'xL7J', 'xL10J', 'xL15J', 'xL0J'}
| +-- , 5 , set() , {'xL4J', 'xL7J', 'xL5J', 'xL6J', 'xL17J'}


Max number of edges with non zero Y: 13
Max number of iterations of outer rounding loop: 4
Max number of candidate sets: 2
Time spent rounding: 5.993
Time spent solving Separator LP: 0.174
Total time spent solving: 7.452

LP Solver: GaifmanNormal
Lower Bound Witness = ({'xL16J', 'xL8J', 'xL9J', 'xL3J', 'xL14J', 'xL1J', 'xL19J', 'xL11J', 'xL15J', 'xL17J', 'xL0J', 'xL4J', 'xL5J', 'xL7J', 'xL2J', 'xL18J', 'xL13J', 'xL6J', 'xL10J', 'xL12J'}, {'xL4J', 'xL16J', 'xL14J', 'xL7J', 'xL1J', 'xL6J', 'xL2J', 'xL9J', 'xL19J', 'xL12J', 'xL15J', 'xL18J', 'xL11J', 'xL17J', 'xL0J'})