140, 5.734363746746775, 12.666666666666666, 13
+-- , 0 , {3, 261, 265, 233, 235, 267, 271, 241, 113, 275, 279, 281, 283, 253} , {'G41', 'G267', 'G256', 'G5', 'G280', 'G67', 'G133', 'G221', 'G219', 'G328', 'G281', 'G218', 'G313', 'G14', 'G95', 'G238', 'G86', 'G38', 'G70', 'G132', 'G97', 'G71', 'G317', 'G42', 'G72', 'G4', 'G76', 'G69', 'G40', 'G16', 'G285', 'G39', 'G318', 'G210', 'G87', 'G18', 'G1', 'G149'}
| +-- , 3 , {99, 5, 71, 103, 105, 75, 107, 25, 59, 31} , {'G41', 'G267', 'G256', 'G147', 'G5', 'G280', 'G3', 'G133', 'G2', 'G58', 'G328', 'G160', 'G281', 'G284', 'G218', 'G134', 'G313', 'G14', 'G86', 'G38', 'G85', 'G132', 'G217', 'G323', 'G216', 'G317', 'G42', 'G72', 'G4', 'G69', 'G40', 'G16', 'G285', 'G91', 'G39', 'G84', 'G148', 'G318', 'G245', 'G210', 'G101', 'G1', 'G18', 'G149', 'G87', 'G209', 'G150'}
| | +-- , 99 , {101} , {'G39', 'G323', 'G119', 'G42', 'G281', 'G41', 'G38', 'G40', 'G3', 'G301'}
| | | +-- , 101 , set() , {'G42', 'G300', 'G41', 'G40', 'G301'}
| | +-- , 5 , {7} , {'G323', 'G317', 'G42', 'G41', 'G256', 'G40', 'G16', 'G280', 'G39', 'G318', 'G277', 'G328', 'G245', 'G281', 'G313', 'G1', 'G18', 'G38', 'G150'}
| | | +-- , 7 , {9} , {'G317', 'G42', 'G41', 'G256', 'G40', 'G16', 'G280', 'G39', 'G318', 'G277', 'G328', 'G245', 'G281', 'G313', 'G1', 'G18', 'G88', 'G38', 'G150'}
| | | | +-- , 9 , {11} , {'G41', 'G256', 'G280', 'G89', 'G328', 'G281', 'G313', 'G88', 'G38', 'G317', 'G42', 'G40', 'G16', 'G90', 'G39', 'G318', 'G277', 'G245', 'G1', 'G150'}
| | | | | +-- , 11 , {17, 21, 13} , {'G317', 'G42', 'G41', 'G256', 'G40', 'G16', 'G280', 'G89', 'G151', 'G39', 'G318', 'G277', 'G155', 'G152', 'G328', 'G245', 'G281', 'G313', 'G1', 'G38', 'G150'}
| | | | | | +-- , 17 , {19} , {'G317', 'G42', 'G280', 'G318', 'G154', 'G277', 'G152', 'G245', 'G328', 'G281', 'G313', 'G38', 'G0'}
| | | | | | | +-- , 19 , set() , {'G276', 'G154', 'G277', 'G42', 'G278', 'G328', 'G281', 'G279', 'G280', 'G38', 'G0'}
| | | | | | +-- , 21 , {23} , {'G317', 'G42', 'G41', 'G256', 'G16', 'G40', 'G151', 'G39', 'G318', 'G153', 'G328', 'G313', 'G38'}
| | | | | | | +-- , 23 , set() , {'G39', 'G318', 'G249', 'G317', 'G42', 'G153', 'G252', 'G328', 'G41', 'G251', 'G250', 'G40', 'G313'}
| | | | | | +-- , 13 , {15} , {'G39', 'G117', 'G317', 'G103', 'G155', 'G245', 'G328', 'G313', 'G1', 'G104', 'G38'}
| | | | | | | +-- , 15 , set() , {'G39', 'G117', 'G245', 'G118', 'G104', 'G38'}
| | +-- , 71 , {73} , {'G39', 'G318', 'G323', 'G322', 'G317', 'G42', 'G328', 'G41', 'G121', 'G324', 'G40', 'G38'}
| | | +-- , 73 , set() , {'G39', 'G42', 'G324', 'G121', 'G40', 'G120'}
| | +-- , 103 , set() , {'G39', 'G318', 'G237', 'G317', 'G328', 'G16', 'G40', 'G236', 'G217'}
| | +-- , 105 , set() , {'G100', 'G42', 'G102', 'G101', 'G18'}
| | +-- , 75 , {97, 77} , {'G323', 'G317', 'G42', 'G141', 'G4', 'G41', 'G256', 'G40', 'G16', 'G280', 'G39', 'G318', 'G328', 'G281', 'G313', 'G38'}
| | | +-- , 97 , set() , {'G323', 'G317', 'G42', 'G141', 'G41', 'G16', 'G140'}
| | | +-- , 77 , {79} , {'G317', 'G42', 'G141', 'G137', 'G4', 'G41', 'G256', 'G16', 'G40', 'G280', 'G138', 'G39', 'G318', 'G328', 'G281', 'G313', 'G38'}
| | | | +-- , 79 , {81, 85} , {'G309', 'G317', 'G137', 'G141', 'G4', 'G40', 'G16', 'G280', 'G138', 'G39', 'G318', 'G328', 'G281', 'G313', 'G38'}
| | | | | +-- , 81 , {83} , {'G39', 'G309', 'G141', 'G4', 'G281', 'G305', 'G40', 'G38'}
| | | | | | +-- , 83 , set() , {'G142', 'G141', 'G143', 'G4', 'G281', 'G305', 'G40'}
| | | | | +-- , 85 , {87} , {'G309', 'G139', 'G317', 'G137', 'G4', 'G16', 'G40', 'G280', 'G138', 'G39', 'G318', 'G328', 'G281', 'G313'}
| | | | | | +-- , 87 , {89} , {'G309', 'G139', 'G4', 'G16', 'G40', 'G280', 'G138', 'G39', 'G318', 'G328', 'G306', 'G281', 'G313'}
| | | | | | | +-- , 89 , {91, 93} , {'G309', 'G307', 'G4', 'G16', 'G40', 'G280', 'G308', 'G39', 'G318', 'G328', 'G306', 'G281', 'G313', 'G302'}
| | | | | | | | +-- , 91 , set() , {'G318', 'G328', 'G16', 'G313', 'G40', 'G304', 'G308'}
| | | | | | | | +-- , 93 , {95} , {'G39', 'G307', 'G136', 'G328', 'G4', 'G281', 'G40', 'G313', 'G303', 'G280'}
| | | | | | | | | +-- , 95 , set() , {'G135', 'G136', 'G40', 'G303', 'G280'}
| | +-- , 107 , {109} , {'G84', 'G318', 'G255', 'G317', 'G42', 'G41', 'G256', 'G254', 'G280'}
| | | +-- , 109 , set() , {'G255', 'G317', 'G42', 'G41', 'G253', 'G280'}
| | +-- , 25 , {27} , {'G39', 'G318', 'G317', 'G81', 'G245', 'G4', 'G328', 'G313', 'G38', 'G85'}
| | | +-- , 27 , {29} , {'G39', 'G318', 'G81', 'G4', 'G245', 'G247', 'G246', 'G38', 'G248'}
| | | | +-- , 29 , set() , {'I198', 'G247', 'G38'}
| | +-- , 59 , {61} , {'G317', 'G42', 'G72', 'G41', 'G256', 'G5', 'G68', 'G280', 'G3', 'G318', 'G328', 'G245', 'G199', 'G313', 'G1', 'G38'}
| | | +-- , 61 , {67, 63} , {'G42', 'G41', 'G186', 'G256', 'G5', 'G68', 'G280', 'G3', 'G185', 'G328', 'G199', 'G313', 'G1', 'G38'}
| | | | +-- , 67 , {69} , {'G42', 'G41', 'G5', 'G280', 'G3', 'G189', 'G185', 'G328', 'G313', 'G1', 'G184'}
| | | | | +-- , 69 , set() , {'G188', 'G42', 'G190', 'G328', 'G41', 'G5', 'G313', 'G187', 'G3', 'G189', 'G184'}
| | | | +-- , 63 , {65} , {'G42', 'G186', 'G256', 'G199', 'G313', 'G200', 'G38'}
| | | | | +-- , 65 , set() , {'G42', 'G186', 'G192', 'G191', 'G199', 'G313', 'G200'}
| | +-- , 31 , {33} , {'G41', 'G267', 'G256', 'G280', 'G3', 'G2', 'G58', 'G328', 'G160', 'G281', 'G93', 'G313', 'G62', 'G14', 'G57', 'G38', 'G92', 'G317', 'G42', 'G4', 'G69', 'G40', 'G16', 'G91', 'G39', 'G318', 'G245', 'G1'}
| | | +-- , 33 , {35, 55, 51, 39} , {'G63', 'G166', 'G41', 'G267', 'G61', 'G256', 'G64', 'G280', 'G179', 'G3', 'G2', 'G328', 'G160', 'G281', 'G313', 'G62', 'G14', 'G38', 'G92', 'G317', 'G42', 'G4', 'G69', 'G40', 'G16', 'G39', 'G318', 'G245', 'G180', 'G1'}
| | | | +-- , 35 , {37} , {'G318', 'G59', 'G63', 'G42', 'G4', 'G41', 'G16', 'G40'}
| | | | | +-- , 37 , set() , {'G144', 'G59', 'G42', 'G145', 'G41', 'G16'}
| | | | +-- , 55 , {57} , {'G39', 'G182', 'G41', 'G267', 'G14', 'G179', 'G38'}
| | | | | +-- , 57 , set() , {'G39', 'G182', 'G41', 'G183', 'G179', 'G38'}
| | | | +-- , 51 , {53} , {'G317', 'G41', 'G61', 'G178', 'G16', 'G280', 'G3', 'G2', 'G318', 'G146', 'G328', 'G281', 'G180', 'G313', 'G1'}
| | | | | +-- , 53 , set() , {'G318', 'G2', 'G146', 'G281', 'G178', 'G16', 'G1', 'G156', 'G280', 'G3', 'G181'}
| | | | +-- , 39 , {41} , {'G317', 'G42', 'G166', 'G41', 'G256', 'G64', 'G280', 'G3', 'G318', 'G60', 'G160', 'G313', 'G1', 'G38'}
| | | | | +-- , 41 , {43, 47} , {'G42', 'G159', 'G166', 'G41', 'G256', 'G280', 'G3', 'G60', 'G160', 'G158', 'G313', 'G1', 'G38'}
| | | | | | +-- , 43 , {45} , {'G42', 'G159', 'G166', 'G256', 'G313', 'G167', 'G38'}
| | | | | | | +-- , 45 , set() , {'G42', 'G159', 'G164', 'G166', 'G165', 'G313', 'G167'}
| | | | | | +-- , 47 , {49} , {'G42', 'G160', 'G41', 'G158', 'G157', 'G1', 'G280', 'G3'}
| | | | | | | +-- , 49 , set() , {'G162', 'G42', 'G160', 'G41', 'G157', 'G1', 'G161', 'G3', 'G163'}
| +-- , 261 , {263} , {'G39', 'G42', 'G41', 'G47', 'G40', 'G5', 'G280', 'G48'}
| | +-- , 263 , set() , {'G39', 'G40', 'G5', 'G130', 'G280', 'G48'}
| +-- , 265 , set() , {'G39', 'G311', 'G328', 'G310', 'G40', 'G313', 'G280'}
| +-- , 233 , set() , {'G94', 'G40', 'G95', 'G18', 'G96'}
| +-- , 235 , {237, 239} , {'G318', 'G221', 'G328', 'G281', 'G41', 'G227', 'G256', 'G40', 'G226', 'G5'}
| | +-- , 237 , set() , {'G318', 'G225', 'G41', 'G256', 'G226'}
| | +-- , 239 , set() , {'G242', 'G328', 'G281', 'G41', 'G227', 'G244', 'G40', 'G5', 'G243'}
| +-- , 267 , {269} , {'G39', 'G40', 'G313', 'G42', 'G280', 'G289'}
| | +-- , 269 , set() , {'G288', 'G289', 'G42'}
| +-- , 271 , {273} , {'G39', 'G326', 'G40', 'G313', 'G280', 'G328'}
| | +-- , 273 , set() , {'G326', 'G325', 'G328'}
| +-- , 241 , {243} , {'G39', 'G318', 'G317', 'G328', 'G127', 'G40', 'G313', 'G280', 'G38'}
| | +-- , 243 , {245} , {'G39', 'G318', 'G317', 'G328', 'G127', 'G40', 'G313', 'G280', 'G128'}
| | | +-- , 245 , {247} , {'G39', 'G317', 'G328', 'G127', 'G40', 'G313', 'G280', 'G129', 'G128'}
| | | | +-- , 247 , {249} , {'G39', 'G328', 'G127', 'G40', 'G313', 'G51', 'G280', 'G129', 'G128'}
| | | | | +-- , 249 , {251} , {'G39', 'G328', 'G40', 'G313', 'G51', 'G280', 'G52', 'G49'}
| | | | | | +-- , 251 , set() , {'G39', 'G328', 'G40', 'G313', 'G280', 'G52', 'G50'}
| +-- , 113 , {115} , {'G41', 'G267', 'G256', 'G5', 'G280', 'G67', 'G133', 'G219', 'G98', 'G328', 'G281', 'G313', 'G14', 'G238', 'G86', 'G38', 'G70', 'G132', 'G97', 'G317', 'G42', 'G4', 'G76', 'G40', 'G16', 'G285', 'G99', 'G39', 'G318', 'G210', 'G87', 'G1', 'G149'}
| | +-- , 115 , {227, 117} , {'G41', 'G267', 'G256', 'G5', 'G280', 'G67', 'G133', 'G219', 'G98', 'G328', 'G281', 'G77', 'G313', 'G78', 'G14', 'G238', 'G80', 'G86', 'G38', 'G70', 'G132', 'G317', 'G42', 'G4', 'G76', 'G40', 'G16', 'G285', 'G79', 'G39', 'G318', 'G210', 'G87', 'G1', 'G149'}
| | | +-- , 227 , {229} , {'G317', 'G42', 'G41', 'G267', 'G256', 'G16', 'G211', 'G39', 'G328', 'G77', 'G210', 'G313', 'G213'}
| | | | +-- , 229 , {231} , {'G39', 'G317', 'G42', 'G212', 'G41', 'G267', 'G256', 'G16', 'G213', 'G211'}
| | | | | +-- , 231 , set() , {'G42', 'G212', 'G41', 'G267', 'G214', 'G16', 'G215', 'G213'}
| | | +-- , 117 , {119} , {'G41', 'G267', 'G256', 'G5', 'G170', 'G280', 'G67', 'G133', 'G219', 'G328', 'G281', 'G313', 'G78', 'G14', 'G238', 'G86', 'G38', 'G70', 'G132', 'G317', 'G42', 'G4', 'G40', 'G16', 'G285', 'G79', 'G39', 'G318', 'G169', 'G87', 'G1', 'G149'}
| | | | +-- , 119 , {121} , {'G41', 'G267', 'G256', 'G65', 'G5', 'G170', 'G280', 'G67', 'G133', 'G220', 'G219', 'G328', 'G281', 'G313', 'G78', 'G14', 'G238', 'G86', 'G38', 'G70', 'G132', 'G317', 'G42', 'G4', 'G40', 'G16', 'G285', 'G79', 'G39', 'G318', 'G169', 'G87', 'G1', 'G66'}
| | | | | +-- , 121 , {225, 123} , {'G41', 'G267', 'G256', 'G5', 'G170', 'G280', 'G67', 'G133', 'G220', 'G328', 'G281', 'G313', 'G78', 'G14', 'G238', 'G86', 'G38', 'G132', 'G223', 'G317', 'G42', 'G4', 'G40', 'G16', 'G285', 'G197', 'G79', 'G39', 'G318', 'G224', 'G169', 'G87', 'G1', 'G66'}
| | | | | | +-- , 225 , set() , {'G241', 'G317', 'G42', 'G224', 'G328', 'G41', 'G256', 'G40', 'G313', 'G238', 'G239', 'G240'}
| | | | | | +-- , 123 , {125} , {'G8', 'G41', 'G267', 'G256', 'G5', 'G170', 'G280', 'G67', 'G133', 'G7', 'G328', 'G281', 'G196', 'G313', 'G78', 'G14', 'G86', 'G38', 'G132', 'G223', 'G317', 'G42', 'G4', 'G40', 'G16', 'G285', 'G197', 'G79', 'G39', 'G318', 'G222', 'G6', 'G169', 'G87', 'G1'}
| | | | | | | +-- , 125 , {127} , {'G8', 'G41', 'G267', 'G256', 'G5', 'G170', 'G280', 'G67', 'G133', 'G7', 'G234', 'G328', 'G281', 'G196', 'G313', 'G78', 'G14', 'G86', 'G38', 'G132', 'G317', 'G42', 'G4', 'G40', 'G16', 'G285', 'G79', 'G39', 'G318', 'G235', 'G222', 'G6', 'G169', 'G87', 'G1'}
| | | | | | | | +-- , 127 , {129, 199, 203, 177, 215, 217, 221} , {'G15', 'G8', 'G41', 'G267', 'G256', 'G5', 'G170', 'G280', 'G67', 'G133', 'G7', 'G234', 'G328', 'G281', 'G196', 'G313', 'G78', 'G14', 'G86', 'G38', 'G132', 'G317', 'G42', 'G4', 'G40', 'G16', 'G285', 'G79', 'G39', 'G318', 'G6', 'G169', 'G87', 'G1'}
| | | | | | | | | +-- , 129 , {131} , {'G15', 'G8', 'G41', 'G267', 'G256', 'G280', 'G7', 'G83', 'G328', 'G281', 'G196', 'G313', 'G78', 'G38', 'G317', 'G42', 'G4', 'G40', 'G16', 'G79', 'G39', 'G318', 'G6', 'G87', 'G1'}
| | | | | | | | | | +-- , 131 , {173, 135} , {'G15', 'G8', 'G41', 'G267', 'G256', 'G280', 'G7', 'G261', 'G83', 'G258', 'G328', 'G281', 'G196', 'G313', 'G78', 'G38', 'G317', 'G42', 'G4', 'G40', 'G16', 'G79', 'G39', 'G318', 'G259', 'G6', 'G1'}
| | | | | | | | | | | +-- , 173 , {175} , {'G39', 'G318', 'G261', 'G317', 'G42', 'G269', 'G328', 'G267', 'G268', 'G313', 'G114'}
| | | | | | | | | | | | +-- , 175 , set() , {'G39', 'G317', 'G42', 'G269', 'G116', 'G313', 'G115', 'G114'}
| | | | | | | | | | | +-- , 135 , {137} , {'G15', 'G8', 'G41', 'G267', 'G256', 'G107', 'G280', 'G75', 'G7', 'G258', 'G328', 'G281', 'G196', 'G313', 'G78', 'G38', 'G317', 'G42', 'G4', 'G40', 'G16', 'G79', 'G39', 'G318', 'G259', 'G6', 'G1'}
| | | | | | | | | | | | +-- , 137 , {139} , {'G15', 'G74', 'G8', 'G41', 'G267', 'G256', 'G107', 'G280', 'G75', 'G7', 'G258', 'G328', 'G281', 'G196', 'G78', 'G313', 'G38', 'G317', 'G42', 'G4', 'G40', 'G16', 'G39', 'G318', 'G73', 'G259', 'G6'}
| | | | | | | | | | | | | +-- , 139 , {161, 167, 141} , {'G15', 'G317', 'G42', 'G74', 'G8', 'G41', 'G267', 'G256', 'G40', 'G107', 'G16', 'G280', 'G75', 'G198', 'G7', 'G39', 'G318', 'G259', 'G258', 'G328', 'G281', 'G196', 'G6', 'G313', 'G207', 'G38'}
| | | | | | | | | | | | | | +-- , 161 , {163} , {'G317', 'G8', 'G295', 'G41', 'G267', 'G256', 'G16', 'G280', 'G198', 'G7', 'G39', 'G328', 'G6'}
| | | | | | | | | | | | | | | +-- , 163 , {165} , {'G8', 'G295', 'G267', 'G16', 'G280', 'G198', 'G7', 'G292', 'G328', 'G6', 'G294'}
| | | | | | | | | | | | | | | | +-- , 165 , set() , {'G293', 'G131', 'G8', 'G267', 'G6', 'G16', 'G280', 'G294', 'G198', 'G7'}
| | | | | | | | | | | | | | +-- , 167 , {169} , {'G15', 'G318', 'G313', 'G206', 'G207', 'G75', 'G38'}
| | | | | | | | | | | | | | | +-- , 169 , {171} , {'G15', 'G318', 'G232', 'G231', 'G313', 'G206', 'G38', 'G233'}
| | | | | | | | | | | | | | | | +-- , 171 , set() , {'G231', 'G313', 'I133'}
| | | | | | | | | | | | | | +-- , 141 , {143, 159} , {'G15', 'G74', 'G8', 'G41', 'G267', 'G107', 'G280', 'G7', 'G258', 'G328', 'G281', 'G201', 'G38', 'G317', 'G42', 'G40', 'G198', 'G39', 'G318', 'G259', 'G6', 'G207'}
| | | | | | | | | | | | | | | +-- , 143 , {145, 151, 155} , {'G15', 'G109', 'G317', 'G42', 'G8', 'G41', 'G267', 'G40', 'G107', 'G280', 'G198', 'G7', 'G205', 'G39', 'G318', 'G204', 'G259', 'G258', 'G328', 'G6', 'G201', 'G203', 'G207', 'G202', 'G38'}
| | | | | | | | | | | | | | | | +-- , 145 , {147} , {'G15', 'G109', 'G317', 'G42', 'G8', 'G41', 'G267', 'G40', 'G280', 'G198', 'G39', 'G318', 'G113', 'G259', 'G260', 'G203', 'G202', 'G38', 'G112'}
| | | | | | | | | | | | | | | | | +-- , 147 , {149} , {'G15', 'G109', 'G317', 'G262', 'G42', 'G267', 'G40', 'G280', 'G39', 'G318', 'G113', 'G260', 'G38'}
| | | | | | | | | | | | | | | | | | +-- , 149 , set() , {'G39', 'G318', 'G109', 'G263', 'G15', 'G262', 'G42', 'G264', 'G317', 'G110', 'G111', 'G260', 'G267', 'G265', 'G40', 'G266', 'G280', 'G38'}
| | | | | | | | | | | | | | | | +-- , 151 , {153} , {'G257', 'G15', 'G8', 'G40', 'G107', 'G280', 'G198', 'G7', 'G318', 'G204', 'G258', 'G328', 'G203', 'G9', 'G108'}
| | | | | | | | | | | | | | | | | +-- , 153 , set() , {'G257', 'G105', 'G15', 'G106', 'G8', 'G328', 'G40', 'G203', 'G107', 'G9', 'G108', 'G7'}
| | | | | | | | | | | | | | | | +-- , 155 , {157} , {'G15', 'G38', 'G205', 'I130'}
| | | | | | | | | | | | | | | | | +-- , 157 , set() , {'I127', 'G229', 'I130', 'G228', 'G38', 'G205'}
| | | | | | | | | | | | | | | +-- , 159 , set() , {'G201', 'G13'}
| | | | | | | | | +-- , 199 , {201} , {'G15', 'G318', 'G42', 'G299', 'G313', 'G14', 'G40', 'G280'}
| | | | | | | | | | +-- , 201 , set() , {'G42', 'G299', 'G313', 'G40', 'G298'}
| | | | | | | | | +-- , 203 , {205} , {'G15', 'G317', 'G42', 'G4', 'G40', 'G285', 'G5', 'G39', 'G318', 'G328', 'G313', 'G82', 'G14', 'G86', 'G38'}
| | | | | | | | | | +-- , 205 , {211, 213, 207} , {'G15', 'G317', 'G42', 'G4', 'G272', 'G40', 'G285', 'G5', 'G271', 'G273', 'G39', 'G318', 'G328', 'G313', 'G82', 'G14'}
| | | | | | | | | | | +-- , 211 , set() , {'G15', 'G318', 'G42', 'G40', 'G313', 'G14', 'G271', 'G270'}
| | | | | | | | | | | +-- , 213 , set() , {'G39', 'G287', 'G42', 'G40', 'G313', 'G285', 'G5', 'G286', 'G273', 'G275'}
| | | | | | | | | | | +-- , 207 , {209} , {'G318', 'G317', 'G4', 'G274', 'G328', 'G272', 'G313'}
| | | | | | | | | | | | +-- , 209 , set() , {'G317', 'G328', 'G274', 'G313', 'G282', 'G283'}
| | | | | | | | | +-- , 177 , {195, 179, 197} , {'G177', 'G15', 'G317', 'G42', 'G41', 'G267', 'G256', 'G40', 'G16', 'G170', 'G280', 'G67', 'G133', 'G318', 'G328', 'G169', 'G313', 'G174', 'G175', 'G132'}
| | | | | | | | | | +-- , 195 , set() , {'G177', 'G42', 'G41', 'G280', 'G195'}
| | | | | | | | | | +-- , 179 , {181} , {'G15', 'G173', 'G317', 'G42', 'G41', 'G267', 'G256', 'G16', 'G40', 'G170', 'G280', 'G133', 'G318', 'G328', 'G169', 'G313', 'G174', 'G132'}
| | | | | | | | | | | +-- , 181 , {183} , {'G194', 'G173', 'G317', 'G42', 'G267', 'G256', 'G16', 'G170', 'G280', 'G133', 'G318', 'G328', 'G193', 'G169', 'G313', 'G132'}
| | | | | | | | | | | | +-- , 183 , {185} , {'G194', 'G317', 'G42', 'G267', 'G256', 'G16', 'G170', 'G280', 'G133', 'G45', 'G318', 'G46', 'G328', 'G193', 'G169', 'G313', 'G132'}
| | | | | | | | | | | | | +-- , 185 , {187} , {'G194', 'G42', 'G267', 'G256', 'G16', 'G170', 'G280', 'G133', 'G318', 'G46', 'G328', 'G193', 'G169', 'G122', 'G132'}
| | | | | | | | | | | | | | +-- , 187 , {189} , {'G194', 'G42', 'G267', 'G256', 'G170', 'G133', 'G328', 'G193', 'G169', 'G122', 'G123', 'G12', 'G132'}
| | | | | | | | | | | | | | | +-- , 189 , {191} , {'G10', 'G194', 'G42', 'G256', 'G170', 'G126', 'G133', 'G124', 'G328', 'G193', 'G125', 'G169', 'G123', 'G11', 'G12', 'G132'}
| | | | | | | | | | | | | | | | +-- , 191 , {193} , {'G10', 'G172', 'G171', 'G42', 'G169', 'G170', 'G11', 'G133', 'G12', 'G132'}
| | | | | | | | | | | | | | | | | +-- , 193 , set() , {'G172', 'G12', 'G169', 'G168'}
| | | | | | | | | | +-- , 197 , set() , {'G15', 'G317', 'G42', 'G41', 'G176', 'G280', 'G175'}
| | | | | | | | | +-- , 215 , set() , {'G15', 'G318', 'G317', 'G42', 'G44', 'G43', 'G313', 'G280'}
| | | | | | | | | +-- , 217 , {219} , {'G39', 'G15', 'G291', 'G313', 'G317', 'G42'}
| | | | | | | | | | +-- , 219 , set() , {'G291', 'G290', 'G42'}
| | | | | | | | | +-- , 221 , {223} , {'G39', 'G15', 'G329', 'G313', 'G317', 'G328'}
| | | | | | | | | | +-- , 223 , set() , {'G327', 'G329', 'G328'}
| +-- , 275 , {277} , {'G39', 'G40', 'G42', 'G297', 'G280', 'G41'}
| | +-- , 277 , set() , {'G296', 'G42', 'G297'}
| +-- , 279 , set() , {'G39', 'G328', 'G314', 'G16', 'G313', 'G312', 'G40', 'G280'}
| +-- , 281 , set() , {'G39', 'G42', 'G41', 'G55', 'G56', 'G40', 'G5', 'G280'}
| +-- , 283 , set() , {'G318', 'G54', 'G317', 'G42', 'G41', 'G53', 'G280'}
| +-- , 253 , {257, 255} , {'G39', 'G318', 'G317', 'G42', 'G328', 'G321', 'G41', 'G40', 'G313', 'G38'}
| | +-- , 257 , {259} , {'G39', 'G316', 'G328', 'G321', 'G40', 'G313', 'G38'}
| | | +-- , 259 , set() , {'G320', 'G39', 'G316', 'G321', 'G315', 'G40', 'G38'}
| | +-- , 255 , set() , {'G318', 'G317', 'G42', 'G319', 'G321', 'G41', 'G38'}


Max number of edges with non zero Y: 71
Max number of iterations of outer rounding loop: 5
Max number of candidate sets: 2
Time spent rounding: 6.519
Time spent solving Separator LP: 30.634
Total time spent solving: 44.090

LP Solver: GaifmanBoosted
Lower Bound Witness = ({'G119', 'G225', 'G221', 'G284', 'G43', 'G254', 'G285', 'G187', 'G246', 'G146', 'G125', 'G122', 'G145', 'G212', 'G178', 'G191', 'G236', 'G220', 'G185', 'G241', 'G287', 'G167', 'G57', 'G38', 'G317', 'G42', 'G102', 'G245', 'G274', 'G207', 'G195', 'G162', 'G137', 'G126', 'G75', 'G163', 'G266', 'G174', 'G85', 'G97', 'G135', 'G309', 'G139', 'G100', 'G295', 'G314', 'I127', 'G144', 'G190', 'G224', 'G18', 'G48', 'G257', 'G111', 'G232', 'G61', 'G7', 'G152', 'G160', 'G300', 'G134', 'G161', 'G307', 'G303', 'G138', 'G55', 'G180', 'G253', 'G282', 'G149', 'G142', 'G141', 'G267', 'G268', 'G107', 'G179', 'G248', 'G140', 'G58', 'G60', 'G155', 'G192', 'G112', 'G323', 'G4', 'G69', 'G115', 'G199', 'G175', 'G109', 'G256', 'G147', 'G305', 'G306', 'I198', 'G88', 'G217', 'G132', 'G172', 'G110', 'G321', 'G99', 'G286', 'G304', 'G205', 'G277', 'G320', 'G106', 'G173', 'G63', 'G229', 'G8', 'G166', 'G64', 'G214', 'G325', 'G215', 'G170', 'G3', 'G52', 'G240', 'G308', 'G223', 'G71', 'G136', 'G164', 'G186', 'G244', 'G56', 'G129', 'G318', 'G82', 'G202', 'G209', 'G150', 'G10', 'G242', 'G5', 'G156', 'G239', 'G281', 'G299', 'G11', 'G283', 'G272', 'G127', 'G39', 'G84', 'G260', 'I130', 'G9', 'G200', 'G233', 'G177', 'G41', 'G251', 'I133', 'G271', 'G275', 'G124', 'G113', 'G255', 'G228', 'G80', 'G276', 'G72', 'G269', 'G76', 'G51', 'G197', 'G45', 'G154', 'G165', 'G101', 'G87', 'G213', 'G94', 'G262', 'G280', 'G89', 'G261', 'G219', 'G328', 'G196', 'G201', 'G243', 'G238', 'G294', 'G159', 'G143', 'G278', 'G327', 'G265', 'G79', 'G81', 'G210', 'G130', 'G176', 'G311', 'G103', 'G310', 'G227', 'G273', 'G189', 'G188', 'G264', 'G77', 'G315', 'G62', 'G86', 'G70', 'G216', 'G322', 'G91', 'G151', 'G235', 'G259', 'G297', 'G121', 'G183', 'G157', 'G123', 'G15', 'G293', 'G231', 'G249', 'G292', 'G83', 'G258', 'G114', 'G116', 'G324', 'G120', 'G198', 'G90', 'G105', 'G1', 'G302', 'G128', 'G59', 'G74', 'G53', 'G65', 'G68', 'G133', 'G2', 'G171', 'G47', 'G218', 'G118', 'G92', 'G250', 'G16', 'G49', 'G182', 'G222', 'G0', 'G247', 'G290', 'G96', 'G204', 'G329', 'G203', 'G95', 'G78', 'G206', 'G312', 'G296', 'G12', 'G270', 'G13', 'G279', 'G211', 'G181', 'G263', 'G148', 'G153', 'G168', 'G288', 'G158', 'G169', 'G184', 'G194', 'G237', 'G289', 'G67', 'G93', 'G313', 'G14', 'G108', 'G44', 'G316', 'G319', 'G40', 'G104', 'G54', 'G193', 'G6', 'G301', 'G50', 'G131', 'G226', 'G234', 'G117', 'G98', 'G326', 'G252', 'G73', 'G46', 'G291', 'G66', 'G298'}, {'G262', 'G137', 'G225', 'G212', 'G242', 'G310', 'G232', 'G214', 'G191', 'G226', 'G280', 'G179', 'G236', 'G89', 'G133', 'G52', 'G275', 'G308', 'G58', 'G188', 'G255', 'G83', 'G160', 'G281', 'G77', 'G47', 'G192', 'G93', 'G313', 'G167', 'G88', 'G108', 'G70', 'G112', 'G116', 'G307', 'G110', 'G42', 'G159', 'G164', 'G72', 'G321', 'G295', 'G272', 'G250', 'G16', 'G285', 'G187', 'G91', 'G304', 'G115', 'G181', 'G39', 'G84', 'G54', 'G259', 'G146', 'G274', 'G260', 'G165', 'G210', 'I130', 'G253', 'G184', 'G1', 'G18', 'G149', 'G66', 'G200', 'G48', 'G233'})