61, 3.529694193818072, 13.0, 13
+-- , 0 , {65, 5, 71, 11, 13, 15, 79, 17, 81, 19, 23, 87, 89, 25, 91, 27, 95, 97, 33, 99, 35, 103, 107, 45, 115, 117, 55, 121, 123, 63} , {'zL37J', 'zL0J', 'zL36J', 'zL4J', 'yL0J', 'zL38J', 'zL45J', 'zL76J', 'zL24J', 'xL8J', 'zL49J', 'xL1J', 'zL27J', 'zL41J', 'xL3J', 'xL9J', 'zL16J', 'xL5J', 'zL40J', 'xL0J', 'xL2J', 'xL6J', 'zL61J', 'zL10J', 'xL7J', 'w9', 'xL4J', 'zL5J', 'zL50J'}
| +-- , 65 , {67, 69} , {'xL5J', 'xL6J', 'xL7J', 'xL8J', 'zL23J', 'zL22J', 'xL9J'}
| | +-- , 67 , set() , {'zL23J', 'xL8J', 'w8'}
| | +-- , 69 , set() , {'xL5J', 'xL6J', 'xL7J', 'yL5J', 'zL21J', 'zL22J', 'zL20J'}
| +-- , 5 , {7} , {'xL7J', 'xL1J', 'zL9J', 'xL0J', 'zL10J'}
| | +-- , 7 , {9} , {'xL7J', 'zL8J', 'zL9J', 'xL0J'}
| | | +-- , 9 , set() , {'xL0J', 'zL8J', 'yL2J'}
| +-- , 71 , {73} , {'zL77J', 'xL0J', 'zL76J', 'xL8J', 'xL3J', 'xL9J'}
| | +-- , 73 , {75} , {'xL8J', 'zL77J', 'xL0J', 'xL3J', 'zL78J'}
| | | +-- , 75 , {77} , {'xL8J', 'zL79J', 'xL3J', 'zL78J'}
| | | | +-- , 77 , set() , {'zL79J', 'xL8J', 'w22'}
| +-- , 11 , set() , {'w12', 'zL38J', 'xL2J', 'xL6J', 'zL39J'}
| +-- , 13 , set() , {'zL64J', 'zL65J', 'w19', 'xL5J', 'xL0J', 'zL67J', 'xL2J', 'yL16J', 'xL4J', 'xL8J', 'zL66J'}
| +-- , 15 , set() , {'zL54J', 'xL0J', 'xL2J', 'xL7J', 'w16', 'xL4J', 'zL52J', 'zL55J', 'xL9J', 'zL53J', 'yL13J'}
| +-- , 79 , set() , {'zL24J', 'xL8J', 'zL25J', 'zL27J', 'xL3J', 'zL26J', 'xL9J'}
| +-- , 17 , set() , {'xL5J', 'xL0J', 'xL6J', 'yL18J', 'w21', 'zL75J', 'xL8J', 'zL74J', 'zL73J', 'xL3J', 'zL72J'}
| +-- , 81 , {83} , {'xL2J', 'zL62J', 'xL0J', 'zL61J', 'xL9J'}
| | +-- , 83 , {85} , {'zL63J', 'zL62J', 'xL0J', 'xL2J'}
| | | +-- , 85 , set() , {'xL0J', 'zL63J', 'w18'}
| +-- , 19 , {21} , {'xL7J', 'zL49J', 'zL48J', 'xL3J'}
| | +-- , 21 , set() , {'xL3J', 'yL12J', 'zL48J'}
| +-- , 23 , set() , {'yL17J', 'xL5J', 'xL0J', 'xL2J', 'zL68J', 'zL70J', 'xL4J', 'xL8J', 'zL71J', 'zL69J', 'w20'}
| +-- , 87 , set() , {'zL4J', 'xL6J', 'yL1J'}
| +-- , 89 , set() , {'yL9J', 'xL1J', 'zL36J'}
| +-- , 25 , set() , {'zL28J', 'w10', 'xL5J', 'xL2J', 'xL6J', 'xL7J', 'yL7J', 'zL29J', 'zL30J', 'xL3J', 'zL31J'}
| +-- , 91 , {93} , {'zL60J', 'xL4J', 'xL1J', 'zL61J'}
| | +-- , 93 , set() , {'zL60J', 'yL15J', 'xL4J'}
| +-- , 27 , {29} , {'xL8J', 'zL41J', 'xL5J', 'xL9J', 'zL42J'}
| | +-- , 29 , {31} , {'xL8J', 'zL43J', 'xL5J', 'zL42J'}
| | | +-- , 31 , set() , {'w13', 'xL8J', 'zL43J'}
| +-- , 95 , set() , {'zL24J', 'yL6J', 'xL7J'}
| +-- , 97 , set() , {'zL7J', 'zL6J', 'xL7J', 'xL4J', 'xL1J', 'zL5J', 'w4'}
| +-- , 33 , set() , {'w11', 'zL32J', 'zL33J', 'xL5J', 'xL0J', 'yL8J', 'zL35J', 'xL6J', 'xL8J', 'zL34J', 'xL3J'}
| +-- , 99 , {101} , {'xL4J', 'zL11J', 'xL9J', 'zL10J'}
| | +-- , 101 , set() , {'xL4J', 'zL11J', 'w5'}
| +-- , 35 , {43, 37} , {'zL57J', 'xL5J', 'xL2J', 'xL6J', 'xL7J', 'zL56J', 'xL3J'}
| | +-- , 43 , set() , {'xL7J', 'zL56J', 'yL14J'}
| | +-- , 37 , {39} , {'zL58J', 'zL57J', 'xL5J', 'xL3J', 'xL6J'}
| | | +-- , 39 , {41} , {'zL58J', 'xL5J', 'zL59J', 'xL3J'}
| | | | +-- , 41 , set() , {'w17', 'zL59J', 'xL3J'}
| +-- , 103 , {105} , {'zL44J', 'xL1J', 'xL3J', 'zL45J'}
| | +-- , 105 , set() , {'zL44J', 'yL11J', 'xL1J'}
| +-- , 107 , {109} , {'zL0J', 'zL1J', 'xL2J', 'xL7J', 'xL4J', 'xL3J'}
| | +-- , 109 , {111} , {'xL7J', 'zL1J', 'zL2J', 'xL3J', 'xL2J'}
| | | +-- , 111 , {113} , {'xL7J', 'zL3J', 'zL2J', 'xL3J'}
| | | | +-- , 113 , set() , {'xL7J', 'zL3J', 'w3'}
| +-- , 45 , {51, 47} , {'xL0J', 'xL6J', 'zL14J', 'xL7J', 'zL13J', 'xL8J', 'xL1J'}
| | +-- , 51 , {53} , {'xL8J', 'xL6J', 'zL14J', 'zL15J'}
| | | +-- , 53 , set() , {'w6', 'xL8J', 'zL15J'}
| | +-- , 47 , {49} , {'xL7J', 'zL13J', 'zL12J', 'xL0J'}
| | | +-- , 49 , set() , {'xL0J', 'zL12J', 'yL3J'}
| +-- , 115 , set() , {'xL2J', 'yL4J', 'zL16J'}
| +-- , 117 , {119} , {'zL51J', 'zL50J', 'xL2J', 'xL9J'}
| | +-- , 119 , set() , {'w15', 'zL51J', 'xL9J'}
| +-- , 55 , {57} , {'zL16J', 'zL17J', 'xL6J', 'xL7J', 'xL4J', 'xL3J'}
| | +-- , 57 , {59} , {'xL7J', 'zL18J', 'xL3J', 'zL17J', 'xL6J'}
| | | +-- , 59 , {61} , {'xL7J', 'zL18J', 'zL19J', 'xL6J'}
| | | | +-- , 61 , set() , {'w7', 'zL19J', 'xL7J'}
| +-- , 121 , set() , {'zL76J', 'xL4J', 'yL19J'}
| +-- , 123 , set() , {'zL40J', 'xL3J', 'yL10J'}
| +-- , 63 , set() , {'zL46J', 'xL5J', 'xL2J', 'zL45J', 'xL7J', 'zL47J', 'w14'}


Max number of edges with non zero Y: 40
Max number of iterations of outer rounding loop: 3
Max number of candidate sets: 2
Time spent rounding: 5.241
Time spent solving Separator LP: 6.295
Total time spent solving: 15.027

LP Solver: GaifmanBoosted
Lower Bound Witness = ({'zL1J', 'zL7J', 'w5', 'zL79J', 'zL67J', 'yL11J', 'zL45J', 'zL13J', 'yL14J', 'zL8J', 'zL56J', 'w14', 'w17', 'zL16J', 'zL40J', 'zL59J', 'zL69J', 'w11', 'zL33J', 'zL36J', 'w18', 'yL12J', 'zL14J', 'zL75J', 'w15', 'xL9J', 'zL20J', 'zL2J', 'yL5J', 'zL73J', 'zL39J', 'zL37J', 'zL18J', 'w8', 'zL4J', 'yL0J', 'yL8J', 'w10', 'zL76J', 'zL66J', 'xL1J', 'zL11J', 'zL27J', 'xL3J', 'zL78J', 'zL17J', 'zL74J', 'zL71J', 'yL9J', 'zL38J', 'zL24J', 'zL49J', 'zL43J', 'zL28J', 'zL32J', 'yL4J', 'w21', 'zL5J', 'yL2J', 'zL31J', 'yL13J', 'zL52J', 'zL41J', 'zL29J', 'zL57J', 'xL0J', 'xL2J', 'yL18J', 'yL6J', 'zL9J', 'zL42J', 'zL15J', 'zL54J', 'w19', 'yL16J', 'xL8J', 'zL51J', 'zL22J', 'yL1J', 'xL5J', 'zL77J', 'zL61J', 'zL44J', 'w13', 'xL4J', 'zL21J', 'zL48J', 'w3', 'zL23J', 'zL72J', 'zL0J', 'yL3J', 'zL64J', 'zL3J', 'w22', 'zL70J', 'yL19J', 'zL47J', 'w20', 'zL26J', 'zL60J', 'w6', 'zL12J', 'xL6J', 'zL68J', 'zL10J', 'xL7J', 'w16', 'zL25J', 'zL58J', 'zL55J', 'w7', 'zL34J', 'zL62J', 'zL30J', 'w4', 'zL53J', 'zL46J', 'zL65J', 'yL10J', 'zL19J', 'zL63J', 'zL6J', 'w12', 'yL15J', 'zL35J', 'w9', 'yL7J', 'yL17J', 'zL50J'}, {'zL0J', 'yL3J', 'zL4J', 'zL67J', 'yL19J', 'w14', 'zL60J', 'zL16J', 'xL0J', 'zL68J', 'zL10J', 'yL6J', 'w16', 'zL55J', 'zL34J', 'w4', 'zL15J', 'yL9J', 'zL65J', 'w19', 'zL38J', 'yL10J', 'zL20J', 'zL43J', 'yL1J', 'zL35J', 'w9', 'zL44J', 'zL5J', 'w3', 'zL73J', 'zL50J'})