21, 2.848766654072296, 8.0, 8
+-- , 0 , {3, 43, 44} , {'xL23J', 'xL34J', 'xL18J', 'xL12J', 'xL26J', 'xL31J', 'xL13J', 'xL2J', 'xL19J', 'xL30J', 'xL4J', 'xL3J', 'xL10J', 'xL24J'}
| +-- , 3 , {5} , {'xL23J', 'xL18J', 'xL12J', 'xL31J', 'xL19J', 'xL34J', 'xL15J', 'xL26J', 'xL13J', 'xL2J', 'xL24J', 'xL4J', 'xL3J', 'xL10J'}
| | +-- , 5 , {8} , {'xL23J', 'xL12J', 'xL31J', 'xL19J', 'xL21J', 'xL34J', 'xL15J', 'xL13J', 'xL2J', 'xL1J', 'xL24J', 'xL4J', 'xL3J', 'xL10J'}
| | | +-- , 8 , {11} , {'xL23J', 'xL12J', 'xL37J', 'xL31J', 'xL19J', 'xL27J', 'xL21J', 'xL34J', 'xL15J', 'xL13J', 'xL1J', 'xL4J', 'xL3J', 'xL10J'}
| | | | +-- , 11 , {15} , {'xL23J', 'xL12J', 'xL37J', 'xL31J', 'xL39J', 'xL19J', 'xL27J', 'xL29J', 'xL21J', 'xL34J', 'xL15J', 'xL13J', 'xL1J', 'xL35J', 'xL3J', 'xL10J'}
| | | | | +-- , 15 , {17, 41} , {'xL23J', 'xL12J', 'xL37J', 'xL39J', 'xL19J', 'xL27J', 'xL29J', 'xL17J', 'xL21J', 'xL34J', 'xL15J', 'xL13J', 'xL1J', 'xL35J', 'xL3J', 'xL10J'}
| | | | | | +-- , 17 , {19, 39} , {'xL23J', 'xL12J', 'xL33J', 'xL37J', 'xL39J', 'xL19J', 'xL27J', 'xL29J', 'xL17J', 'xL21J', 'xL34J', 'xL13J', 'xL35J', 'xL3J', 'xL10J'}
| | | | | | | +-- , 19 , {21} , {'xL12J', 'xL33J', 'xL37J', 'xL39J', 'xL19J', 'xL27J', 'xL17J', 'xL21J', 'xL13J', 'xL3J', 'xL20J', 'xL10J'}
| | | | | | | | +-- , 21 , {23} , {'xL12J', 'xL33J', 'xL37J', 'xL39J', 'xL19J', 'xL27J', 'xL17J', 'xL21J', 'xL6J', 'xL13J', 'xL20J', 'xL10J'}
| | | | | | | | | +-- , 23 , {25} , {'xL9J', 'xL12J', 'xL37J', 'xL39J', 'xL19J', 'xL27J', 'xL17J', 'xL21J', 'xL6J', 'xL13J', 'xL20J', 'xL10J'}
| | | | | | | | | | +-- , 25 , {27} , {'xL9J', 'xL12J', 'xL37J', 'xL39J', 'xL25J', 'xL19J', 'xL17J', 'xL21J', 'xL6J', 'xL13J', 'xL20J', 'xL10J'}
| | | | | | | | | | | +-- , 27 , {29} , {'xL12J', 'xL37J', 'xL39J', 'xL25J', 'xL19J', 'xL17J', 'xL38J', 'xL6J', 'xL13J', 'xL20J', 'xL10J'}
| | | | | | | | | | | | +-- , 29 , {35, 37, 31} , {'xL17J', 'xL38J', 'xL12J', 'xL28J', 'xL6J', 'xL37J', 'xL13J', 'xL25J', 'xL19J', 'xL8J', 'xL20J'}
| | | | | | | | | | | | | +-- , 35 , set() , {'xL6J', 'xL32J', 'xL28J'}
| | | | | | | | | | | | | +-- , 37 , set() , {'xL8J', 'xL11J', 'xL20J', 'xL12J'}
| | | | | | | | | | | | | +-- , 31 , {33} , {'xL17J', 'xL22J', 'xL28J', 'xL37J', 'xL19J', 'xL8J', 'xL20J'}
| | | | | | | | | | | | | | +-- , 33 , set() , {'xL22J', 'xL16J', 'xL37J', 'xL19J', 'xL20J'}
| | | | | | | +-- , 39 , set() , {'xL14J', 'xL34J', 'xL33J', 'xL35J', 'xL10J'}
| | | | | | +-- , 41 , set() , {'xL17J', 'xL23J', 'xL21J', 'xL5J', 'xL1J'}
| +-- , 43 , set() , {'xL26J', 'xL0J'}
| +-- , 44 , set() , {'xL36J', 'xL7J'}


Max number of edges with non zero Y: 29
Max number of iterations of outer rounding loop: 5
Max number of candidate sets: 2
Time spent rounding: 40.537
Time spent solving Separator LP: 1.165

LP Solver: GaifmanBoosted