53, 3.442753409685064, 9.0, 9
+-- , 0 , {3, 69, 71, 15, 81, 87, 97, 105, 107, 41, 43, 47, 51, 53, 55, 57, 59} , {'zL17J', 'xL8J', 'zL33J', 'zL18J', 'xL5J', 'zL61J', 'xL1J', 'xL9J', 'zL60J', 'zL35J', 'xL7J', 'xL3J', 'zL34J', 'xL0J', 'xL2J', 'xL6J'}
| +-- , 3 , {9, 5} , {'xL6J', 'xL1J', 'xL9J', 'zL25J', 'xL8J', 'xL0J', 'zL26J'}
| | +-- , 9 , {11} , {'zL24J', 'xL0J', 'zL25J', 'xL8J'}
| | | +-- , 11 , set() , {'zL24J', 'yL6J', 'xL8J'}
| | +-- , 5 , {7} , {'xL1J', 'zL27J', 'xL9J', 'zL26J'}
| | | +-- , 7 , set() , {'zL27J', 'w9', 'xL9J'}
| +-- , 69 , set() , {'w20', 'xL1J', 'zL70J', 'zL71J', 'xL3J', 'xL8J', 'yL17J', 'zL69J', 'zL68J', 'xL6J', 'xL5J'}
| +-- , 71 , {73, 77} , {'zL42J', 'xL7J', 'xL3J', 'xL8J', 'zL41J', 'xL0J', 'xL6J'}
| | +-- , 73 , {75} , {'xL3J', 'zL40J', 'xL7J', 'zL41J'}
| | | +-- , 75 , set() , {'yL10J', 'xL3J', 'zL40J'}
| | +-- , 77 , {79} , {'zL42J', 'zL43J', 'xL6J', 'xL8J'}
| | | +-- , 79 , set() , {'w13', 'zL43J', 'xL6J'}
| +-- , 15 , {17, 35, 37} , {'zL50J', 'yL16J', 'zL17J', 'w4', 'zL49J', 'xL8J', 'zL51J', 'zL54J', 'zL5J', 'zL53J', 'zL64J', 'w15', 'xL5J', 'xL1J', 'xL9J', 'zL4J', 'zL60J', 'zL35J', 'xL7J', 'xL3J', 'xL0J', 'xL2J', 'zL7J', 'xL6J'}
| | +-- , 17 , {33, 19, 23, 27, 29, 31} , {'zL17J', 'zL49J', 'zL6J', 'zL5J', 'zL54J', 'xL4J', 'zL64J', 'zL48J', 'xL5J', 'xL1J', 'zL60J', 'zL55J', 'zL35J', 'zL65J', 'xL2J', 'zL7J'}
| | | +-- , 33 , set() , {'yL12J', 'xL4J', 'zL48J'}
| | | +-- , 19 , {21} , {'xL4J', 'zL17J', 'xL2J', 'zL16J'}
| | | | +-- , 21 , set() , {'xL2J', 'yL4J', 'zL16J'}
| | | +-- , 23 , {25} , {'xL1J', 'xL4J', 'zL66J', 'zL65J', 'xL5J'}
| | | | +-- , 25 , set() , {'xL1J', 'w19', 'xL4J', 'zL67J', 'zL66J'}
| | | +-- , 27 , set() , {'zL60J', 'yL15J', 'xL4J'}
| | | +-- , 29 , set() , {'xL2J', 'zL55J', 'w16'}
| | | +-- , 31 , set() , {'zL35J', 'xL4J', 'w11'}
| | +-- , 35 , set() , {'yL1J', 'zL4J', 'xL1J'}
| | +-- , 37 , {39} , {'zL53J', 'zL52J', 'xL3J', 'xL8J'}
| | | +-- , 39 , set() , {'yL13J', 'zL52J', 'xL3J'}
| +-- , 81 , {83, 85} , {'zL44J', 'xL7J', 'xL8J', 'zL46J', 'yL11J', 'xL0J', 'xL2J', 'zL47J', 'xL5J'}
| | +-- , 83 , set() , {'w14', 'zL47J', 'xL8J'}
| | +-- , 85 , set() , {'zL44J', 'zL45J', 'zL46J', 'xL0J', 'xL2J'}
| +-- , 87 , {89, 91} , {'xL3J', 'xL8J', 'zL76J', 'xL0J', 'xL2J', 'zL77J', 'xL5J'}
| | +-- , 89 , set() , {'xL2J', 'yL19J', 'zL76J'}
| | +-- , 91 , {93} , {'zL78J', 'xL0J', 'zL77J', 'xL3J', 'xL5J'}
| | | +-- , 93 , {95} , {'zL78J', 'zL79J', 'xL3J', 'xL5J'}
| | | | +-- , 95 , set() , {'w22', 'zL79J', 'xL5J'}
| +-- , 97 , {99} , {'zL58J', 'w17', 'xL9J', 'xL7J', 'xL3J', 'zL59J', 'xL2J', 'xL5J'}
| | +-- , 99 , {101} , {'zL58J', 'xL9J', 'zL57J', 'xL7J', 'xL5J'}
| | | +-- , 101 , {103} , {'zL56J', 'zL57J', 'xL7J', 'xL5J'}
| | | | +-- , 103 , set() , {'xL7J', 'yL14J', 'zL56J'}
| +-- , 105 , set() , {'zL1J', 'xL1J', 'yL0J', 'xL8J', 'zL3J', 'zL0J', 'zL2J', 'xL0J', 'xL5J', 'xL6J', 'w3'}
| +-- , 107 , set() , {'xL1J', 'xL9J', 'zL21J', 'w8', 'zL23J', 'yL5J', 'zL22J', 'xL0J', 'xL2J', 'zL20J', 'xL5J'}
| +-- , 41 , set() , {'xL9J', 'w7', 'xL3J', 'zL18J', 'zL19J'}
| +-- , 43 , {45} , {'xL1J', 'zL33J', 'zL32J', 'xL8J'}
| | +-- , 45 , set() , {'yL8J', 'zL32J', 'xL8J'}
| +-- , 47 , {49} , {'zL61J', 'zL62J', 'xL0J', 'xL2J', 'xL6J'}
| | +-- , 49 , set() , {'zL62J', 'zL63J', 'w18', 'xL2J', 'xL6J'}
| +-- , 51 , set() , {'xL9J', 'xL7J', 'xL3J', 'zL14J', 'zL15J', 'yL3J', 'xL0J', 'w6', 'zL13J', 'zL12J', 'xL6J'}
| +-- , 53 , set() , {'zL31J', 'zL30J', 'zL29J', 'xL9J', 'xL7J', 'xL8J', 'yL7J', 'xL0J', 'w10', 'zL28J', 'xL5J'}
| +-- , 55 , set() , {'zL36J', 'zL39J', 'yL9J', 'zL38J', 'xL7J', 'xL3J', 'w12', 'xL0J', 'xL2J', 'zL37J', 'xL6J'}
| +-- , 57 , set() , {'xL1J', 'zL74J', 'w21', 'xL9J', 'zL75J', 'zL72J', 'xL3J', 'yL18J', 'zL73J', 'xL0J', 'xL2J'}
| +-- , 59 , {61, 63} , {'xL1J', 'xL7J', 'xL3J', 'zL8J', 'xL2J', 'zL9J', 'xL6J'}
| | +-- , 61 , set() , {'yL2J', 'zL8J', 'xL7J'}
| | +-- , 63 , {65} , {'xL6J', 'xL1J', 'zL10J', 'zL9J', 'xL2J'}
| | | +-- , 65 , {67} , {'xL1J', 'zL10J', 'zL11J', 'xL2J'}
| | | | +-- , 67 , set() , {'w5', 'xL1J', 'zL11J'}


Max number of edges with non zero Y: 35
Max number of iterations of outer rounding loop: 1
Max number of candidate sets: 2
Time spent rounding: 10.209
Time spent solving Separator LP: 8.627
Total time spent solving: 26.641

LP Solver: GaifmanBoosted
Lower Bound Witness = ({'yL9J', 'w22', 'yL1J', 'zL79J', 'zL48J', 'xL1J', 'zL74J', 'zL27J', 'zL70J', 'yL12J', 'zL4J', 'zL16J', 'w19', 'zL65J', 'zL41J', 'yL13J', 'zL34J', 'zL2J', 'w6', 'zL59J', 'zL9J', 'zL31J', 'zL75J', 'w8', 'zL54J', 'zL5J', 'xL4J', 'zL53J', 'zL64J', 'zL66J', 'w21', 'w16', 'xL7J', 'xL3J', 'zL76J', 'zL73J', 'w10', 'w5', 'zL7J', 'zL42J', 'zL44J', 'zL62J', 'zL24J', 'zL49J', 'zL78J', 'zL52J', 'zL12J', 'zL20J', 'zL30J', 'xL9J', 'xL0J', 'w18', 'yL14J', 'zL39J', 'zL17J', 'zL72J', 'zL43J', 'zL6J', 'zL3J', 'zL15J', 'yL5J', 'yL11J', 'yL4J', 'zL77J', 'w15', 'zL26J', 'zL56J', 'zL67J', 'zL11J', 'xL8J', 'zL69J', 'yL15J', 'zL71J', 'xL6J', 'zL0J', 'w3', 'yL6J', 'w7', 'zL10J', 'zL25J', 'zL32J', 'w9', 'zL51J', 'zL14J', 'yL7J', 'zL33J', 'zL8J', 'zL13J', 'yL8J', 'w20', 'zL29J', 'zL60J', 'zL35J', 'w12', 'zL46J', 'zL22J', 'w13', 'xL2J', 'zL19J', 'zL58J', 'yL0J', 'w17', 'yL10J', 'w4', 'yL19J', 'zL23J', 'yL3J', 'yL2J', 'zL18J', 'zL61J', 'zL55J', 'zL57J', 'zL63J', 'zL40J', 'zL37J', 'zL1J', 'zL47J', 'zL68J', 'zL50J', 'yL16J', 'zL38J', 'zL21J', 'zL28J', 'xL5J', 'zL36J', 'zL45J', 'w11', 'w14', 'yL18J', 'yL17J'}, {'yL1J', 'zL49J', 'yL19J', 'zL23J', 'zL78J', 'zL52J', 'zL61J', 'zL30J', 'zL70J', 'xL9J', 'zL34J', 'zL2J', 'xL6J', 'yL14J', 'yL6J', 'zL10J', 'zL21J', 'w9', 'zL14J', 'zL33J', 'yL11J', 'zL8J', 'w15', 'zL77J', 'w20', 'zL45J', 'w16', 'xL3J', 'zL76J', 'w12', 'yL18J', 'zL11J', 'zL19J'})