18, 1, 4.0, 4
+-- , 0 , {5, 7, 15, 26} , {'2', '21', '81', '8', '31', '36', '37', '41', '74'}
| +-- , 5 , set() , {'57', '32', '70', '8', '11', '31', '43', '37', '74', '60'}
| +-- , 7 , {9, 13, 18} , {'7', '76', '42', '54', '31', '37', '41', '46', '30'}
| | +-- , 9 , {11, 23, 24} , {'15', '61', '76', '71', '6', '73', '52', '51', '41', '19', '30'}
| | | +-- , 11 , set() , {'69', '19', '3', '73'}
| | | +-- , 23 , {22} , {'6', '76', '51', '61'}
| | | | +-- , 22 , {20} , {'20', '51', '39', '10'}
| | | | | +-- , 20 , {21} , {'20', '51', '39', '10'}
| | | | | | +-- , 21 , set() , {'72', '34', '0', '10'}
| | | +-- , 24 , {25} , {'61', '19', '71', '30'}
| | | | +-- , 25 , set() , {'75', '71', '83', '14'}
| | +-- , 13 , set() , {'76', '9', '54', '42'}
| | +-- , 18 , {19} , {'76', '31', '42', '7'}
| | | +-- , 19 , set() , {'4', '50', '47', '42'}
| +-- , 15 , {17} , {'63', '2', '38', '26', '33', '49', '45', '36'}
| | +-- , 17 , set() , {'68', '77', '49', '45'}
| +-- , 26 , {27} , {'8', '81', '2', '74'}
| | +-- , 27 , set() , {'17', '67', '18', '48'}


Max number of edges with non zero Y: 15
Max number of iterations of outer rounding loop: 1
Max number of candidate sets: 2
Time spent rounding: 0.036
Time spent solving Separator LP: 0.007
Total time spent solving: 0.296

LP Solver: gammaPlusFractionalCoverHeuristic
Number of Rounding Attemps: 2
Lower Bound Witness = ({'63', '15', '21', '81', '68', '51', '41', '60', '61', '32', '42', '8', '73', '3', '43', '37', '6', '36', '45', '9', '7', '2', '38', '57', '69', '31', '52', '49', '19', '30', '26', '76', '71', '77', '70', '11', '33', '74', '46', '54'}, {'38', '32', '77', '36', '74'})