26, 1, 2.0, 2
+-- , 3 , {0, 33, 31} , {'11', '1', '5', '52', '45'}
| +-- , 0 , {16, 8, 10} , {'53', '1', '13', '76', '24', '45'}
| | +-- , 16 , {15} , {'53', '13', '76', '24', '45'}
| | | +-- , 15 , {17} , {'7', '57', '24', '49'}
| | | | +-- , 17 , {18} , {'7', '57', '24', '49'}
| | | | | +-- , 18 , {29, 22} , {'57', '42', '34', '7', '72'}
| | | | | | +-- , 29 , {30} , {'57', '42', '34', '7', '72'}
| | | | | | | +-- , 30 , set() , {'0', '40', '34', '55', '61'}
| | | | | | +-- , 22 , {21} , {'57', '42', '34', '7', '72'}
| | | | | | | +-- , 21 , {23} , {'32', '35', '42', '62', '46'}
| | | | | | | | +-- , 23 , {24} , {'32', '35', '42', '62', '46'}
| | | | | | | | | +-- , 24 , {26} , {'62', '21', '16', '60', '46'}
| | | | | | | | | | +-- , 26 , {25} , {'62', '21', '16', '60', '46'}
| | | | | | | | | | | +-- , 25 , {27} , {'12', '8', '39', '21', '26'}
| | | | | | | | | | | | +-- , 27 , {28} , {'12', '8', '39', '21', '26'}
| | | | | | | | | | | | | +-- , 28 , set() , {'12', '41', '8', '48', '21'}
| | +-- , 8 , {19} , {'59', '83', '53', '47', '1', '36', '74', '75'}
| | | +-- , 19 , {20} , {'59', '75', '74', '1'}
| | | | +-- , 20 , set() , {'59', '64', '38', '81', '2'}
| | +-- , 10 , {12, 14} , {'76', '30', '45', '1'}
| | | +-- , 12 , set() , {'80', '30', '1', '76', '3'}
| | | +-- , 14 , set() , {'14', '19', '30', '67', '45'}
| +-- , 33 , {34} , {'11', '1', '5', '52', '45'}
| | +-- , 34 , set() , {'33', '6', '11', '66'}
| +-- , 31 , {32} , {'11', '1', '5', '52', '45'}
| | +-- , 32 , set() , {'29', '18', '9', '73', '31'}


Max number of edges with non zero Y: 6
Max number of iterations of outer rounding loop: 2
Max number of candidate sets: 2
Time spent rounding: 0.047
Time spent solving Separator LP: 0.017
Total time spent solving: 0.251

LP Solver: gammaPlusFractionalCoverHeuristic
Number of Rounding Attemps: 1
Lower Bound Witness = ({'83', '53', '19', '13', '30', '1', '36', '24', '3', '45', '59', '14', '11', '47', '5', '74', '67', '80', '52', '76', '75'}, {'83', '53', '5', '24', '3'})