11, 0.5952380952380957, 1.0, 1
+-- , 0 , {3, 5, 7, 9, 11, 13, 15, 17, 19, 21} , {'X23', 'X6'}
| +-- , 3 , set() , {'X23', 'X2', 'X1'}
| +-- , 5 , set() , {'X23', 'X4'}
| +-- , 7 , set() , {'X23', 'X8', 'X9'}
| +-- , 9 , set() , {'X23', 'X11'}
| +-- , 11 , set() , {'X23', 'X13'}
| +-- , 13 , set() , {'X23', 'X16', 'X15'}
| +-- , 15 , set() , {'X23', 'X18'}
| +-- , 17 , set() , {'X23', 'X20'}
| +-- , 19 , set() , {'X23', 'X22'}
| +-- , 21 , set() , {'X23', 'X24'}


Max number of edges with non zero Y: 5
Max number of iterations of outer rounding loop: 1
Max number of candidate sets: 2
Time spent rounding: 0.604
Time spent solving Separator LP: 0.017
Total time spent solving: 1.043

LP Solver: GaifmanBoosted
Lower Bound Witness = ({'X2', 'X24', 'X15', 'X20', 'X22', 'X1', 'X13', 'X6', 'X23', 'X11', 'X16', 'X4', 'X8', 'X18', 'X9'}, {'X1', 'X13', 'X6', 'X4', 'X8'})