8, 2.3059482426206026, 5.4349859681945745, 8
+-- , 0 , {12} , {'xL31J', 'xL11J', 'xL3J', 'xL17J', 'xL23J', 'xL19J', 'xL14J', 'xL5J', 'xL26J', 'xL8J', 'xL9J', 'xL10J', 'xL32J', 'xL38J', 'xL28J', 'xL6J', 'xL13J', 'xL18J', 'xL36J', 'xL22J', 'xL16J', 'xL30J', 'xL35J', 'xL39J', 'xL20J', 'xL2J', 'xL29J', 'xL37J', 'xL7J'}
| +-- , 12 , {16, 27} , {'xL31J', 'xL34J', 'xL27J', 'xL11J', 'xL3J', 'xL17J', 'xL23J', 'xL15J', 'xL19J', 'xL14J', 'xL5J', 'xL26J', 'xL8J', 'xL9J', 'xL10J', 'xL32J', 'xL38J', 'xL28J', 'xL6J', 'xL36J', 'xL18J', 'xL24J', 'xL16J', 'xL30J', 'xL35J', 'xL22J', 'xL39J', 'xL20J', 'xL2J', 'xL29J', 'xL37J', 'xL7J'}
| | +-- , 16 , {19} , {'xL31J', 'xL34J', 'xL27J', 'xL11J', 'xL3J', 'xL17J', 'xL23J', 'xL15J', 'xL19J', 'xL14J', 'xL33J', 'xL5J', 'xL26J', 'xL9J', 'xL32J', 'xL38J', 'xL28J', 'xL6J', 'xL4J', 'xL36J', 'xL18J', 'xL24J', 'xL16J', 'xL30J', 'xL35J', 'xL22J', 'xL39J', 'xL20J', 'xL2J', 'xL29J', 'xL37J', 'xL7J'}
| | | +-- , 19 , {21} , {'xL31J', 'xL34J', 'xL27J', 'xL11J', 'xL3J', 'xL17J', 'xL23J', 'xL12J', 'xL15J', 'xL19J', 'xL14J', 'xL33J', 'xL5J', 'xL26J', 'xL9J', 'xL32J', 'xL38J', 'xL28J', 'xL6J', 'xL4J', 'xL36J', 'xL24J', 'xL16J', 'xL30J', 'xL35J', 'xL22J', 'xL39J', 'xL20J', 'xL29J', 'xL37J', 'xL7J'}
| | | | +-- , 21 , {23} , {'xL31J', 'xL34J', 'xL27J', 'xL11J', 'xL3J', 'xL17J', 'xL23J', 'xL12J', 'xL15J', 'xL19J', 'xL14J', 'xL33J', 'xL5J', 'xL26J', 'xL9J', 'xL25J', 'xL32J', 'xL38J', 'xL28J', 'xL6J', 'xL4J', 'xL36J', 'xL24J', 'xL16J', 'xL30J', 'xL35J', 'xL22J', 'xL29J', 'xL37J', 'xL7J'}
| | | | | +-- , 23 , {25} , {'xL34J', 'xL27J', 'xL11J', 'xL0J', 'xL3J', 'xL17J', 'xL23J', 'xL12J', 'xL19J', 'xL14J', 'xL5J', 'xL26J', 'xL9J', 'xL25J', 'xL32J', 'xL38J', 'xL28J', 'xL6J', 'xL4J', 'xL36J', 'xL24J', 'xL16J', 'xL30J', 'xL35J', 'xL22J', 'xL29J', 'xL37J', 'xL7J'}
| | | | | | +-- , 25 , set() , {'xL34J', 'xL27J', 'xL11J', 'xL0J', 'xL3J', 'xL17J', 'xL19J', 'xL1J', 'xL5J', 'xL26J', 'xL25J', 'xL38J', 'xL32J', 'xL28J', 'xL6J', 'xL4J', 'xL36J', 'xL24J', 'xL16J', 'xL29J', 'xL37J'}
| | +-- , 27 , set() , {'xL31J', 'xL34J', 'xL27J', 'xL11J', 'xL17J', 'xL3J', 'xL14J', 'xL8J', 'xL10J', 'xL21J', 'xL36J', 'xL24J', 'xL39J', 'xL35J', 'xL20J', 'xL2J', 'xL29J', 'xL37J', 'xL7J'}


Max number of edges with non zero Y: 32
Max number of iterations of outer rounding loop: 6
Max number of candidate sets: 2
Time spent rounding: 71.380
Time spent solving Separator LP: 26.894

LP Solver: GaifmanNormal7, 2.2960978402774375, 5.645833333333334, 7
+-- , 0 , {13} , {'xL0J', 'xL16J', 'xL22J', 'xL29J', 'xL6J', 'xL14J', 'xL11J', 'xL7J', 'xL5J', 'xL24J', 'xL36J', 'xL35J', 'xL37J', 'xL38J', 'xL32J', 'xL20J', 'xL3J', 'xL28J', 'xL1J', 'xL23J', 'xL30J', 'xL9J', 'xL18J', 'xL39J', 'xL19J', 'xL17J'}
| +-- , 13 , {22} , {'xL31J', 'xL27J', 'xL0J', 'xL16J', 'xL22J', 'xL29J', 'xL6J', 'xL14J', 'xL10J', 'xL11J', 'xL7J', 'xL2J', 'xL5J', 'xL24J', 'xL36J', 'xL37J', 'xL35J', 'xL38J', 'xL32J', 'xL20J', 'xL34J', 'xL33J', 'xL3J', 'xL13J', 'xL17J', 'xL28J', 'xL30J', 'xL9J', 'xL26J', 'xL18J', 'xL39J', 'xL19J', 'xL1J'}
| | +-- , 22 , {25, 29} , {'xL15J', 'xL31J', 'xL27J', 'xL0J', 'xL16J', 'xL22J', 'xL29J', 'xL6J', 'xL14J', 'xL10J', 'xL11J', 'xL7J', 'xL2J', 'xL5J', 'xL24J', 'xL36J', 'xL37J', 'xL35J', 'xL38J', 'xL32J', 'xL34J', 'xL20J', 'xL33J', 'xL3J', 'xL13J', 'xL17J', 'xL28J', 'xL30J', 'xL9J', 'xL26J', 'xL4J', 'xL39J', 'xL19J', 'xL1J'}
| | | +-- , 25 , {27} , {'xL15J', 'xL31J', 'xL27J', 'xL25J', 'xL0J', 'xL16J', 'xL22J', 'xL29J', 'xL6J', 'xL11J', 'xL5J', 'xL24J', 'xL36J', 'xL37J', 'xL35J', 'xL38J', 'xL20J', 'xL32J', 'xL34J', 'xL33J', 'xL17J', 'xL28J', 'xL30J', 'xL26J', 'xL39J', 'xL19J', 'xL1J'}
| | | | +-- , 27 , set() , {'xL15J', 'xL27J', 'xL25J', 'xL0J', 'xL16J', 'xL22J', 'xL29J', 'xL6J', 'xL11J', 'xL12J', 'xL37J', 'xL35J', 'xL38J', 'xL32J', 'xL34J', 'xL20J', 'xL33J', 'xL28J', 'xL30J', 'xL26J', 'xL39J', 'xL19J'}
| | | +-- , 29 , {31} , {'xL15J', 'xL31J', 'xL27J', 'xL16J', 'xL22J', 'xL29J', 'xL14J', 'xL10J', 'xL11J', 'xL7J', 'xL2J', 'xL5J', 'xL24J', 'xL36J', 'xL37J', 'xL35J', 'xL20J', 'xL34J', 'xL3J', 'xL13J', 'xL28J', 'xL9J', 'xL26J', 'xL8J', 'xL39J', 'xL17J'}
| | | | +-- , 31 , set() , {'xL31J', 'xL21J', 'xL27J', 'xL29J', 'xL14J', 'xL10J', 'xL11J', 'xL7J', 'xL2J', 'xL24J', 'xL36J', 'xL37J', 'xL35J', 'xL20J', 'xL34J', 'xL3J', 'xL8J', 'xL39J', 'xL17J'}


Max number of edges with non zero Y: 30
Max number of iterations of outer rounding loop: 7
Max number of candidate sets: 2
Time spent rounding: 103.877
Time spent solving Separator LP: 31.213

LP Solver: GaifmanNormal