10, 0, 8.0, 8
+-- , 5 , {3} , {'39', '84', '4', '37', '52', '12', '83'}
| +-- , 3 , {0} , {'38', '13', '85', '61', '37', '49', '16', '2', '84', '74', '26', '71', '69', '82', '40', '15', '53', '64', '46', '63', '50', '51', '59', '78', '81', '20', '68', '79', '73', '39', '10', '12', '19'}
| | +-- , 0 , {7, 9, 11} , {'38', '13', '85', '61', '34', '49', '16', '33', '2', '74', '26', '71', '69', '82', '40', '31', '53', '64', '46', '50', '36', '51', '59', '29', '81', '20', '68', '79', '73', '10', '12', '65', '19'}
| | | +-- , 7 , set() , {'70', '29', '81', '2', '36'}
| | | +-- , 9 , set() , {'69', '64', '28', '55', '46', '65', '19'}
| | | +-- , 11 , {17, 13, 15} , {'6', '13', '42', '49', '8', '74', '26', '18', '76', '82', '40', '43', '31', '64', '0', '36', '29', '81', '20', '68', '79', '73', '44', '10', '54', '17', '12', '65', '60', '25'}
| | | | +-- , 17 , {19} , {'6', '18', '10', '48', '20', '62', '64', '58'}
| | | | | +-- , 19 , set() , {'6', '18', '48', '20', '1'}
| | | | +-- , 13 , set() , {'80', '57', '14', '49', '8', '35', '60'}
| | | | +-- , 15 , set() , {'6', '18', '29', '82', '54', '40', '20', '79', '32', '36', '74', '3'}


Max number of edges with non zero Y: 17
Max number of iterations of outer rounding loop: 1
Max number of candidate sets: 2
Time spent rounding: 0.014
Time spent solving Separator LP: 0.008
Total time spent solving: 0.153

LP Solver: gammaPlusFractionalCoverHeuristic
Number of Rounding Attemps: 1
Lower Bound Witness = ({'70', '6', '13', '38', '48', '85', '61', '42', '34', '37', '49', '8', '16', '52', '33', '2', '84', '83', '58', '35', '74', '26', '71', '69', '18', '76', '82', '40', '15', '43', '31', '57', '53', '14', '64', '55', '46', '0', '63', '50', '36', '51', '3', '80', '59', '29', '78', '81', '4', '20', '68', '79', '32', '73', '62', '44', '39', '10', '54', '17', '28', '12', '65', '1', '19', '60', '25'}, {'84', '28', '83', '60', '25'})