24, 3.1186321123510283, 11.75, 14
+-- , 0 , {48, 50, 3, 52, 46} , {'71', '82', '72', '11', '3', '54', '56', '52', '17', '78', '66', '42', '84', '50', '32', '4', '12', '53', '60', '34', '0', '35', '77', '68', '38', '57', '33', '9'}
| +-- , 48 , set() , {'81', '32', '57', '84', '50'}
| +-- , 50 , set() , {'4', '54', '52', '84', '36'}
| +-- , 3 , {5} , {'68', '22', '11', '73', '17', '42', '4', '19', '18', '60', '77', '57', '9', '71', '82', '3', '54', '56', '78', '66', '84', '50', '32', '12', '53', '34', '0', '35', '72', '38', '33'}
| | +-- , 5 , {8} , {'22', '11', '73', '17', '42', '4', '49', '19', '18', '60', '77', '57', '9', '82', '71', '72', '3', '54', '56', '78', '66', '84', '50', '32', '12', '34', '75', '7', '0', '35', '68', '38', '33'}
| | | +-- , 8 , {11} , {'68', '22', '11', '73', '39', '17', '42', '21', '4', '49', '19', '18', '60', '77', '57', '9', '71', '82', '3', '54', '56', '66', '84', '50', '32', '12', '8', '34', '75', '7', '0', '35', '72', '38', '33'}
| | | | +-- , 11 , {13} , {'68', '22', '11', '73', '39', '17', '42', '21', '4', '49', '19', '18', '60', '77', '55', '57', '9', '71', '37', '3', '54', '56', '66', '84', '50', '32', '12', '74', '8', '34', '75', '7', '0', '35', '72', '38', '33'}
| | | | | +-- , 13 , {16} , {'22', '11', '73', '39', '42', '21', '4', '49', '19', '26', '18', '60', '77', '55', '57', '9', '71', '37', '3', '54', '56', '24', '66', '20', '84', '50', '32', '12', '74', '8', '34', '75', '7', '0', '35', '72', '38', '33'}
| | | | | | +-- , 16 , {20, 42, 28, 44} , {'22', '11', '73', '39', '16', '42', '21', '4', '49', '19', '26', '18', '60', '83', '77', '64', '55', '57', '9', '71', '43', '37', '3', '54', '56', '66', '20', '84', '50', '32', '12', '74', '8', '34', '75', '7', '0', '35', '72', '38', '6', '33'}
| | | | | | | +-- , 20 , {26, 22} , {'22', '11', '73', '16', '42', '21', '4', '49', '19', '26', '18', '60', '83', '25', '77', '64', '57', '71', '23', '43', '37', '54', '56', '84', '50', '8', '34', '75', '7', '44', '72', '38', '6', '33'}
| | | | | | | | +-- , 26 , set() , {'15', '18', '60', '54', '34', '56', '79', '40', '6', '44', '14', '33'}
| | | | | | | | +-- , 22 , {24} , {'71', '23', '80', '22', '43', '11', '65', '48', '16', '84', '28', '4', '49', '59', '26', '70', '18', '8', '34', '69', '75', '44', '25', '77', '64', '72', '6'}
| | | | | | | | | +-- , 24 , set() , {'71', '23', '48', '72', '41'}
| | | | | | | +-- , 42 , set() , {'43', '60', '8', '46', '6'}
| | | | | | | +-- , 28 , {40, 30} , {'43', '73', '39', '3', '54', '5', '66', '42', '29', '21', '20', '84', '32', '12', '74', '49', '26', '8', '34', '0', '35', '77', '55', '64', '6', '9'}
| | | | | | | | +-- , 40 , set() , {'76', '5', '6', '20'}
| | | | | | | | +-- , 30 , {32, 34, 38} , {'63', '43', '73', '3', '5', '66', '42', '29', '21', '20', '51', '84', '32', '12', '74', '49', '26', '8', '34', '35', '77', '55', '6'}
| | | | | | | | | +-- , 32 , set() , {'67', '77', '55', '29', '51'}
| | | | | | | | | +-- , 34 , {36} , {'63', '61', '43', '73', '3', '31', '6', '5', '66', '13', '21', '20', '58', '51', '84', '74', '49', '26', '8', '34', '35', '45'}
| | | | | | | | | | +-- , 36 , set() , {'61', '74', '8', '34', '30', '13', '45', '84', '58'}
| | | | | | | | | +-- , 38 , set() , {'27', '73', '8', '51', '12'}
| | | | | | | +-- , 44 , set() , {'43', '37', '8', '2', '21'}
| +-- , 52 , set() , {'82', '47', '1', '50', '12'}
| +-- , 46 , set() , {'82', '17', '62', '42', '33'}


Max number of edges with non zero Y: 36
Max number of iterations of outer rounding loop: 10
Max number of candidate sets: 2
Time spent rounding: 63.679
Time spent solving Separator LP: 15.492
Total time spent solving: 86.632

LP Solver: GaifmanNormal
Lower Bound Witness = ({'63', '22', '11', '73', '65', '39', '16', '13', '41', '42', '21', '14', '28', '58', '4', '49', '19', '26', '46', '18', '60', '79', '83', '25', '77', '55', '64', '57', '45', '9', '15', '71', '23', '61', '80', '43', '27', '37', '3', '54', '30', '56', '48', '40', '5', '76', '31', '24', '66', '29', '20', '84', '32', '12', '50', '51', '74', '59', '70', '67', '8', '34', '69', '75', '7', '0', '44', '35', '72', '2', '38', '6', '33'}, {'22', '11', '73', '39', '42', '21', '4', '49', '19', '18', '60', '77', '55', '57', '9', '71', '37', '3', '54', '56', '24', '66', '84', '50', '32', '12', '74', '8', '34', '75', '7', '0', '35', '72', '38', '33'})