22, 2.873805074763671, 12.0, 13
+-- , 0 , {3} , {'22', '73', '16', '1', '21', '28', '58', '19', '26', '60', '45', '80', '47', '61', '56', '30', '52', '24', '66', '20', '84', '12', '74', '70', '44', '35', '68', '38', '83'}
| +-- , 3 , {5} , {'22', '73', '16', '1', '21', '28', '58', '19', '26', '60', '79', '6', '45', '82', '61', '47', '40', '56', '30', '52', '24', '66', '20', '84', '50', '12', '74', '70', '34', '44', '35', '68', '38', '83'}
| | +-- , 5 , {49, 11} , {'22', '73', '16', '17', '42', '58', '49', '83', '25', '45', '82', '61', '48', '52', '20', '84', '50', '74', '70', '7', '33', '21', '28', '19', '26', '60', '79', '57', '56', '30', '24', '66', '12', '59', '34', '44', '35', '68', '38', '6'}
| | | +-- , 49 , set() , {'82', '17', '62', '42', '33'}
| | | +-- , 11 , {14} , {'22', '73', '16', '17', '42', '58', '49', '64', '45', '6', '82', '61', '43', '48', '52', '20', '84', '50', '74', '70', '33', '21', '28', '19', '26', '60', '79', '57', '56', '30', '24', '66', '12', '59', '34', '75', '44', '35', '68', '38', '83'}
| | | | +-- , 14 , {16} , {'22', '73', '16', '17', '41', '42', '58', '49', '64', '45', '6', '23', '82', '61', '43', '48', '52', '20', '84', '50', '74', '70', '72', '33', '21', '28', '19', '26', '60', '79', '57', '71', '56', '30', '24', '66', '12', '34', '75', '44', '35', '68', '38', '83'}
| | | | | +-- , 16 , {19, 47} , {'68', '22', '11', '73', '16', '17', '42', '21', '58', '28', '49', '19', '26', '60', '79', '83', '64', '77', '45', '57', '82', '71', '61', '43', '56', '30', '48', '52', '24', '66', '20', '84', '50', '12', '74', '34', '75', '44', '35', '72', '6', '33'}
| | | | | | +-- , 19 , {21} , {'22', '11', '73', '16', '17', '42', '58', '49', '77', '64', '45', '6', '82', '61', '43', '52', '20', '84', '50', '74', '0', '72', '33', '21', '28', '19', '26', '60', '79', '57', '15', '71', '54', '30', '24', '66', '12', '34', '75', '44', '35', '68', '83'}
| | | | | | | +-- , 21 , {45, 23} , {'22', '11', '73', '16', '17', '42', '58', '49', '77', '64', '45', '6', '82', '61', '43', '52', '20', '84', '50', '74', '0', '33', '21', '28', '19', '26', '18', '60', '79', '57', '54', '30', '24', '66', '12', '34', '75', '44', '35', '68', '83'}
| | | | | | | | +-- , 45 , set() , {'18', '79', '44', '14', '33'}
| | | | | | | | +-- , 23 , {25, 41} , {'22', '73', '39', '16', '17', '42', '21', '58', '28', '49', '19', '26', '18', '60', '83', '77', '64', '45', '57', '82', '61', '43', '54', '30', '52', '24', '78', '66', '20', '84', '50', '12', '74', '34', '75', '0', '44', '35', '68', '6', '33'}
| | | | | | | | | +-- , 25 , {35, 37, 39, 27} , {'73', '39', '17', '42', '21', '28', '49', '19', '26', '18', '60', '83', '77', '64', '57', '45', '61', '43', '37', '54', '30', '52', '24', '78', '66', '20', '84', '50', '12', '74', '8', '34', '75', '0', '44', '35', '68', '6', '33'}
| | | | | | | | | | +-- , 35 , set() , {'43', '60', '8', '46', '6'}
| | | | | | | | | | +-- , 37 , set() , {'4', '18', '8', '54', '52', '84', '36', '28'}
| | | | | | | | | | +-- , 39 , set() , {'43', '37', '8', '2', '21'}
| | | | | | | | | | +-- , 27 , {33, 29, 31} , {'73', '39', '42', '49', '19', '26', '18', '77', '55', '64', '57', '45', '61', '54', '30', '5', '24', '78', '66', '20', '84', '50', '12', '74', '8', '34', '75', '0', '35', '68', '6', '33'}
| | | | | | | | | | | +-- , 33 , set() , {'63', '13', '42', '49', '57', '61', '54', '30', '5', '78', '84', '50', '32', '12', '81', '8', '34', '75', '35'}
| | | | | | | | | | | +-- , 29 , set() , {'73', '19', '18', '77', '55', '64', '45', '9', '27', '5', '78', '66', '29', '20', '51', '12', '74', '67', '8', '34'}
| | | | | | | | | | | +-- , 31 , set() , {'76', '5', '20', '6'}
| | | | | | | | | +-- , 41 , {43} , {'82', '22', '43', '73', '31', '39', '3', '66', '58', '12'}
| | | | | | | | | | +-- , 43 , set() , {'73', '53', '3', '66', '12'}
| | | | | | +-- , 47 , set() , {'49', '11', '65', '69', '48', '77', '64', '6'}


Max number of edges with non zero Y: 35
Max number of iterations of outer rounding loop: 9
Max number of candidate sets: 2
Time spent rounding: 44.637
Time spent solving Separator LP: 6.352
Total time spent solving: 57.454

LP Solver: GaifmanNormal
Lower Bound Witness = ({'22', '11', '17', '42', '14', '58', '49', '77', '64', '45', '82', '61', '43', '48', '29', '70', '67', '8', '69', '0', '33', '63', '65', '13', '21', '28', '26', '18', '60', '79', '15', '71', '31', '56', '30', '76', '66', '36', '75', '35', '68', '83', '73', '16', '41', '4', '23', '27', '3', '5', '52', '20', '84', '50', '74', '53', '2', '39', '38', '19', '55', '57', '9', '37', '54', '24', '78', '51', '32', '12', '81', '59', '34', '44', '72', '46', '6'}, {'22', '73', '16', '17', '42', '21', '28', '58', '49', '19', '26', '60', '79', '83', '64', '57', '45', '82', '61', '56', '30', '48', '52', '24', '66', '20', '84', '50', '12', '74', '59', '70', '34', '44', '35', '68', '38', '6', '33'})