11, 1.7907129472170533, 5.0, 5
+-- , 0 , {23, 4, 21} , {'xL19J', 'xL7J', 'xL2J', 'xL13J', 'xL3J', 'xL17J', 'xL12J', 'xL11J', 'xL10J'}
| +-- , 23 , set() , {'xL2J', 'xL19J', 'xL10J', 'xL18J'}
| +-- , 4 , {7} , {'xL19J', 'xL1J', 'xL2J', 'xL3J', 'xL12J', 'xL17J', 'xL11J', 'xL13J', 'xL0J', 'xL10J'}
| | +-- , 7 , {19, 9, 13} , {'xL19J', 'xL1J', 'xL2J', 'xL13J', 'xL14J', 'xL3J', 'xL0J', 'xL12J', 'xL11J', 'xL10J'}
| | | +-- , 19 , set() , {'xL2J', 'xL11J', 'xL13J', 'xL14J', 'xL6J', 'xL10J'}
| | | +-- , 9 , {11} , {'xL19J', 'xL14J', 'xL0J', 'xL12J', 'xL10J', 'xL9J'}
| | | | +-- , 11 , set() , {'xL15J', 'xL14J', 'xL10J', 'xL9J'}
| | | +-- , 13 , {15} , {'xL19J', 'xL16J', 'xL13J', 'xL14J', 'xL3J', 'xL0J', 'xL12J', 'xL11J', 'xL10J'}
| | | | +-- , 15 , {17} , {'xL19J', 'xL4J', 'xL16J', 'xL13J', 'xL3J', 'xL12J', 'xL11J', 'xL10J'}
| | | | | +-- , 17 , set() , {'xL8J', 'xL4J', 'xL12J', 'xL11J'}
| +-- , 21 , set() , {'xL19J', 'xL5J', 'xL2J', 'xL13J', 'xL3J', 'xL12J'}


Max number of edges with non zero Y: 23
Max number of iterations of outer rounding loop: 3
Max number of candidate sets: 2
Time spent rounding: 10.503
Time spent solving Separator LP: 0.245
Total time spent solving: 13.112

LP Solver: GaifmanBoosted
Lower Bound Witness = ({'xL19J', 'xL4J', 'xL1J', 'xL2J', 'xL15J', 'xL11J', 'xL16J', 'xL13J', 'xL14J', 'xL3J', 'xL0J', 'xL8J', 'xL17J', 'xL12J', 'xL6J', 'xL10J', 'xL9J'}, {'xL19J', 'xL2J', 'xL13J', 'xL3J', 'xL0J', 'xL17J', 'xL12J', 'xL11J', 'xL10J'})