15, 3.095052027549218, 7.981833195706028, 11
+-- , 0 , {20, 46} , {'2', '72', '31', '5', '62', '29', '67', '8', '37', '26', '1', '19', '34', '18', '39', '53', '55', '4', '47', '14', '45', '52', '21', '70', '11', '49', '17', '22', '58', '10', '56', '48', '51', '43', '3', '60', '40', '15', '65', '59', '36', '25', '30', '64', '63', '68', '50', '20', '0', '66'}
| +-- , 20 , {22} , {'2', '72', '31', '5', '62', '29', '67', '8', '37', '1', '26', '19', '34', '18', '39', '53', '55', '4', '47', '14', '45', '52', '70', '21', '11', '49', '17', '22', '58', '10', '56', '48', '51', '43', '3', '60', '40', '15', '65', '35', '59', '36', '25', '64', '63', '68', '50', '20', '0', '66'}
| | +-- , 22 , {24} , {'2', '72', '31', '5', '62', '29', '67', '8', '37', '1', '26', '34', '18', '39', '53', '55', '4', '47', '14', '45', '9', '52', '70', '21', '11', '49', '17', '22', '57', '58', '10', '38', '56', '48', '51', '43', '3', '60', '40', '15', '65', '35', '59', '36', '64', '63', '68', '50', '20', '0', '66'}
| | | +-- , 24 , {42, 26, 44} , {'2', '48', '43', '3', '60', '40', '15', '65', '72', '31', '5', '62', '29', '35', '59', '67', '8', '36', '37', '61', '32', '64', '63', '1', '26', '34', '18', '39', '53', '68', '55', '4', '47', '14', '0', '45', '66', '9', '52', '70', '21', '16', '11', '49', '50', '17', '22', '57', '33', '58', '20', '10', '38', '56'}
| | | | +-- , 42 , set() , {'32', '1', '16', '11', '43', '40', '50', '8', '15', '57', '33', '17', '42', '31'}
| | | | +-- , 26 , {28} , {'2', '72', '31', '5', '62', '29', '67', '8', '37', '1', '26', '34', '18', '39', '53', '4', '47', '14', '45', '9', '52', '70', '21', '49', '17', '22', '57', '58', '10', '38', '56', '3', '60', '40', '15', '65', '71', '35', '59', '36', '61', '32', '64', '63', '68', '16', '50', '33', '20', '0', '66'}
| | | | | +-- , 28 , {40, 30} , {'2', '3', '60', '40', '15', '65', '71', '72', '31', '5', '62', '29', '35', '59', '67', '8', '36', '37', '61', '32', '63', '28', '1', '26', '34', '18', '39', '53', '68', '12', '4', '47', '14', '0', '45', '66', '9', '52', '70', '21', '16', '49', '50', '17', '22', '57', '33', '58', '20', '10', '38', '56'}
| | | | | | +-- , 40 , set() , {'24', '70', '21', '28', '12', '22', '33', '72', '32'}
| | | | | | +-- , 30 , {32} , {'2', '31', '5', '62', '29', '67', '8', '37', '1', '26', '34', '18', '39', '53', '4', '47', '14', '45', '9', '52', '70', '49', '17', '22', '57', '58', '10', '38', '56', '3', '60', '40', '15', '46', '65', '71', '35', '59', '36', '61', '32', '63', '28', '68', '12', '16', '50', '20', '0', '66'}
| | | | | | | +-- , 32 , {34} , {'31', '5', '62', '29', '67', '8', '37', '1', '26', '34', '18', '39', '53', '4', '47', '14', '45', '9', '52', '70', '49', '17', '22', '57', '58', '10', '38', '56', '3', '60', '40', '15', '46', '69', '65', '71', '35', '59', '36', '61', '32', '63', '28', '68', '12', '16', '7', '50', '20', '0', '66'}
| | | | | | | | +-- , 34 , {36, 38} , {'60', '40', '15', '69', '65', '71', '44', '31', '5', '62', '35', '29', '20', '59', '67', '8', '36', '54', '61', '32', '63', '28', '1', '26', '34', '18', '68', '39', '53', '12', '4', '47', '0', '9', '70', '13', '16', '49', '7', '50', '17', '22', '57', '58', '46', '10', '38', '56'}
| | | | | | | | | +-- , 36 , set() , {'60', '65', '71', '5', '62', '67', '61', '63', '28', '68', '39', '4', '47', '0', '9', '13', '16', '49', '7', '17', '23', '46', '10'}
| | | | | | | | | +-- , 38 , set() , {'62', '31', '13', '67', '34', '41', '18', '40', '8', '68', '7', '57', '69', '54', '47', '71', '0', '56'}
| | | | +-- , 44 , set() , {'63', '29', '11', '3', '27', '53', '57', '55', '65', '14', '47', '9', '10', '66', '61', '31'}
| +-- , 46 , set() , {'19', '67', '52', '68', '39', '36', '47', '6'}


Max number of edges with non zero Y: 31
Max number of iterations of outer rounding loop: 6
Max number of candidate sets: 2
Time spent rounding: 94.232
Time spent solving Separator LP: 64.019
Total time spent solving: 173.546

LP Solver: GaifmanBoosted
Lower Bound Witness = ({'2', '48', '51', '43', '3', '60', '27', '40', '15', '46', '69', '65', '71', '44', '72', '31', '5', '62', '35', '29', '59', '67', '8', '36', '54', '37', '61', '32', '64', '63', '28', '1', '26', '34', '18', '68', '39', '53', '12', '55', '4', '47', '14', '0', '45', '66', '9', '52', '24', '70', '21', '13', '16', '11', '49', '41', '7', '50', '17', '33', '57', '22', '23', '58', '20', '10', '38', '42', '56'}, {'2', '48', '51', '43', '3', '60', '40', '15', '65', '72', '31', '5', '62', '35', '29', '59', '67', '8', '36', '37', '64', '63', '1', '26', '34', '18', '68', '39', '53', '55', '4', '47', '14', '0', '45', '52', '70', '21', '11', '49', '50', '17', '22', '58', '20', '10', '66', '56'})