52, 0, 9.0, 9
+-- , 0 , {89, 65, 67, 5, 101, 103, 105, 77, 51, 53, 55, 87, 91} , {'xL9J', 'xL5J', 'xL6J', 'xL0J', 'w5', 'zL11J', 'xL7J', 'xL1J', 'xL3J', 'xL4J', 'w17', 'xL2J', 'zL59J'}
| +-- , 89 , set() , {'xL9J', 'w19', 'yL16J', 'zL66J', 'zL65J', 'xL6J', 'zL64J', 'xL7J', 'xL1J', 'xL3J', 'zL67J'}
| +-- , 65 , set() , {'xL9J', 'yL19J', 'zL78J', 'xL0J', 'xL6J', 'zL77J', 'xL1J', 'zL79J', 'xL3J', 'w22', 'zL76J'}
| +-- , 67 , {75, 69} , {'zL14J', 'zL15J', 'xL7J', 'xL1J', 'xL3J', 'xL2J', 'xL4J'}
| | +-- , 75 , set() , {'xL3J', 'w6', 'zL15J'}
| | +-- , 69 , {71} , {'zL14J', 'xL4J', 'zL13J', 'xL2J', 'xL1J'}
| | | +-- , 71 , {73} , {'zL12J', 'zL13J', 'xL2J', 'xL1J'}
| | | | +-- , 73 , set() , {'zL12J', 'yL3J', 'xL1J'}
| +-- , 5 , {7} , {'xL5J', 'xL6J', 'zL59J', 'xL7J', 'xL1J', 'xL3J', 'zL58J', 'xL2J', 'xL4J', 'xL9J', 'xL0J', 'zL11J'}
| | +-- , 7 , {9, 47} , {'xL9J', 'xL5J', 'xL6J', 'xL0J', 'zL11J', 'xL7J', 'xL1J', 'xL3J', 'zL33J', 'zL34J', 'zL57J', 'zL58J', 'xL2J', 'xL4J'}
| | | +-- , 9 , {43, 11} , {'xL9J', 'xL5J', 'zL25J', 'xL6J', 'xL0J', 'zL56J', 'zL11J', 'xL7J', 'xL1J', 'xL3J', 'zL34J', 'zL26J', 'zL57J', 'xL2J', 'xL4J'}
| | | | +-- , 43 , {45} , {'xL3J', 'zL25J', 'xL0J', 'zL24J'}
| | | | | +-- , 45 , set() , {'xL3J', 'zL24J', 'yL6J'}
| | | | +-- , 11 , {13} , {'xL5J', 'xL6J', 'zL56J', 'xL7J', 'xL1J', 'xL3J', 'yL2J', 'zL34J', 'zL26J', 'xL2J', 'zL8J', 'zL23J', 'zL11J', 'xL4J', 'xL9J', 'w8', 'zL27J', 'w9'}
| | | | | +-- , 13 , {19, 15} , {'zL21J', 'xL5J', 'xL6J', 'zL56J', 'xL7J', 'xL1J', 'xL3J', 'zL34J', 'zL26J', 'xL2J', 'zL8J', 'zL23J', 'xL4J', 'xL9J', 'zL22J', 'zL27J', 'zL11J'}
| | | | | | +-- , 19 , {35, 37, 21, 25, 29, 31} , {'xL5J', 'xL6J', 'xL8J', 'zL74J', 'zL56J', 'xL7J', 'xL1J', 'xL3J', 'zL34J', 'zL26J', 'zL73J', 'xL2J', 'zL8J', 'zL23J', 'xL4J', 'xL9J', 'zL22J', 'yL14J', 'zL27J', 'zL11J'}
| | | | | | | +-- , 35 , set() , {'xL9J', 'xL6J', 'xL8J', 'zL9J', 'zL10J', 'zL8J', 'zL11J'}
| | | | | | | +-- , 37 , {41, 39} , {'xL5J', 'zL54J', 'xL6J', 'xL8J', 'xL7J', 'yL13J', 'zL55J', 'zL52J', 'xL4J'}
| | | | | | | | +-- , 41 , set() , {'xL5J', 'w16', 'zL55J'}
| | | | | | | | +-- , 39 , set() , {'zL54J', 'xL6J', 'xL8J', 'zL53J', 'zL52J'}
| | | | | | | +-- , 21 , {23} , {'zL72J', 'xL6J', 'zL73J', 'xL2J'}
| | | | | | | | +-- , 23 , set() , {'xL6J', 'yL18J', 'zL72J'}
| | | | | | | +-- , 25 , {27} , {'zL75J', 'xL8J', 'zL74J', 'xL1J'}
| | | | | | | | +-- , 27 , set() , {'zL75J', 'w21', 'xL1J'}
| | | | | | | +-- , 29 , set() , {'xL9J', 'xL5J', 'zL17J', 'zL18J', 'xL8J', 'xL1J', 'w7', 'zL16J', 'yL4J', 'zL19J', 'xL4J'}
| | | | | | | +-- , 31 , {33} , {'zL34J', 'xL8J', 'xL7J', 'zL35J'}
| | | | | | | | +-- , 33 , set() , {'w11', 'xL7J', 'zL35J'}
| | | | | | +-- , 15 , {17} , {'zL21J', 'zL20J', 'xL2J', 'xL1J'}
| | | | | | | +-- , 17 , set() , {'xL2J', 'zL20J', 'yL5J'}
| | | +-- , 47 , {49} , {'xL6J', 'zL32J', 'zL33J', 'xL4J'}
| | | | +-- , 49 , set() , {'yL8J', 'zL32J', 'xL4J'}
| +-- , 101 , set() , {'xL9J', 'zL41J', 'xL5J', 'yL10J', 'xL0J', 'zL43J', 'xL7J', 'xL3J', 'w13', 'zL40J', 'zL42J'}
| +-- , 103 , set() , {'xL9J', 'w14', 'xL5J', 'zL47J', 'zL46J', 'zL45J', 'xL7J', 'xL1J', 'yL11J', 'zL44J', 'xL4J'}
| +-- , 105 , set() , {'w4', 'zL7J', 'xL0J', 'xL6J', 'xL3J', 'zL6J', 'yL1J', 'zL5J', 'xL2J', 'zL4J', 'xL4J'}
| +-- , 77 , {83, 79} , {'xL0J', 'zL49J', 'xL1J', 'xL3J', 'zL50J', 'xL2J', 'xL4J'}
| | +-- , 83 , {85} , {'xL3J', 'zL50J', 'zL51J', 'xL1J'}
| | | +-- , 85 , set() , {'w15', 'zL51J', 'xL1J'}
| | +-- , 79 , {81} , {'zL48J', 'xL0J', 'zL49J', 'xL4J'}
| | | +-- , 81 , set() , {'xL0J', 'yL12J', 'zL48J'}
| +-- , 51 , set() , {'xL9J', 'zL61J', 'zL62J', 'zL63J', 'xL6J', 'yL15J', 'w18', 'xL1J', 'xL2J', 'zL60J', 'xL4J'}
| +-- , 53 , set() , {'zL69J', 'zL71J', 'w20', 'xL0J', 'zL68J', 'xL6J', 'xL7J', 'xL1J', 'zL70J', 'yL17J', 'xL4J'}
| +-- , 55 , {57} , {'xL5J', 'xL6J', 'xL1J', 'xL3J', 'zL3J', 'w3', 'xL4J'}
| | +-- , 57 , {59} , {'xL5J', 'zL2J', 'xL6J', 'xL1J', 'zL3J', 'xL4J'}
| | | +-- , 59 , {61} , {'xL5J', 'zL2J', 'xL6J', 'zL1J', 'xL1J'}
| | | | +-- , 61 , {63} , {'xL5J', 'zL0J', 'zL1J', 'xL1J'}
| | | | | +-- , 63 , set() , {'zL0J', 'xL5J', 'yL0J'}
| +-- , 87 , set() , {'xL9J', 'xL5J', 'zL38J', 'zL39J', 'xL6J', 'yL9J', 'w12', 'zL37J', 'xL3J', 'zL36J', 'xL4J'}
| +-- , 91 , {99, 93} , {'xL9J', 'xL5J', 'xL6J', 'xL3J', 'zL31J', 'zL30J', 'xL2J'}
| | +-- , 99 , set() , {'xL9J', 'zL31J', 'w10'}
| | +-- , 93 , {95} , {'xL3J', 'xL5J', 'zL30J', 'xL6J', 'zL29J'}
| | | +-- , 95 , {97} , {'xL5J', 'xL6J', 'zL28J', 'zL29J'}
| | | | +-- , 97 , set() , {'xL6J', 'zL28J', 'yL7J'}


Max number of edges with non zero Y: 61
Max number of iterations of outer rounding loop: 1
Max number of candidate sets: 2
Time spent rounding: 3.598
Time spent solving Separator LP: 0.008
Total time spent solving: 8.535

LP Solver: gammaPlusFractionalCoverHeuristic
Lower Bound Witness = ({'xL5J', 'w19', 'zL49J', 'xL8J', 'w7', 'zL34J', 'w17', 'zL61J', 'zL71J', 'zL22J', 'zL47J', 'zL29J', 'yL11J', 'w22', 'yL6J', 'zL30J', 'zL72J', 'w21', 'zL78J', 'w6', 'yL19J', 'zL21J', 'zL25J', 'yL3J', 'zL1J', 'zL79J', 'zL31J', 'zL40J', 'zL23J', 'zL19J', 'yL16J', 'zL54J', 'yL8J', 'w12', 'zL12J', 'w11', 'zL27J', 'yL1J', 'w3', 'zL32J', 'zL11J', 'w16', 'w13', 'zL58J', 'zL44J', 'zL75J', 'zL14J', 'xL0J', 'zL52J', 'yL14J', 'yL4J', 'zL66J', 'zL39J', 'zL35J', 'xL3J', 'zL16J', 'zL26J', 'zL67J', 'zL73J', 'xL2J', 'xL4J', 'w20', 'zL63J', 'zL65J', 'zL3J', 'zL28J', 'w9', 'zL62J', 'zL74J', 'yL9J', 'w18', 'zL36J', 'yL2J', 'yL10J', 'w8', 'zL38J', 'zL20J', 'yL17J', 'zL51J', 'w4', 'zL48J', 'xL6J', 'yL18J', 'zL24J', 'zL64J', 'zL37J', 'zL57J', 'w10', 'xL9J', 'zL2J', 'zL7J', 'zL15J', 'zL68J', 'zL45J', 'w5', 'zL53J', 'zL55J', 'yL7J', 'w14', 'zL69J', 'zL13J', 'zL46J', 'zL56J', 'xL7J', 'xL1J', 'yL13J', 'zL5J', 'zL60J', 'zL33J', 'zL17J', 'zL42J', 'zL41J', 'yL15J', 'zL50J', 'w15', 'zL0J', 'zL59J', 'yL12J', 'zL8J', 'zL76J', 'zL4J', 'yL5J', 'zL18J', 'zL43J', 'zL77J', 'yL0J', 'zL6J', 'zL70J', 'zL9J', 'zL10J'}, {'w12', 'zL69J', 'yL12J', 'yL13J'})