53, 3.047075555700362, 11.0, 11
+-- , 0 , {97, 3, 99, 5, 69, 71, 103, 105, 77, 79, 85, 87, 93, 95} , {'xL5J', 'zL13J', 'xL8J', 'xL7J', 'xL1J', 'zL35J', 'xL3J', 'zL5J', 'zL58J', 'xL4J', 'xL9J', 'xL0J', 'zL29J', 'zL65J', 'w5', 'zL77J', 'zL3J', 'zL0J', 'zL51J', 'zL11J'}
| +-- , 97 , set() , {'xL9J', 'w14', 'xL5J', 'zL47J', 'zL46J', 'zL45J', 'xL7J', 'xL1J', 'yL11J', 'zL44J', 'xL4J'}
| +-- , 3 , set() , {'xL9J', 'zL25J', 'xL0J', 'zL24J', 'xL8J', 'xL1J', 'xL3J', 'yL6J', 'zL26J', 'zL27J', 'w9'}
| +-- , 99 , {101} , {'xL3J', 'zL5J', 'zL4J', 'xL4J'}
| | +-- , 101 , set() , {'xL3J', 'yL1J', 'zL4J'}
| +-- , 5 , {7} , {'xL5J', 'zL13J', 'xL8J', 'xL7J', 'xL1J', 'zL34J', 'zL5J', 'zL58J', 'xL0J', 'zL29J', 'zL0J', 'zL51J', 'zL1J', 'zL35J', 'xL3J', 'zL76J', 'xL4J', 'xL9J', 'zL65J', 'zL77J', 'zL6J', 'zL3J', 'zL10J', 'zL28J', 'zL11J'}
| | +-- , 7 , {9} , {'xL5J', 'zL13J', 'xL8J', 'xL7J', 'xL1J', 'zL34J', 'zL58J', 'xL0J', 'zL29J', 'zL51J', 'zL1J', 'xL3J', 'zL76J', 'xL4J', 'xL9J', 'zL65J', 'zL6J', 'zL3J', 'zL9J', 'zL10J', 'zL28J'}
| | | +-- , 9 , {65, 67, 11, 13, 19, 21, 23, 33, 35, 41, 43, 45, 51, 53, 57, 59} , {'xL5J', 'zL13J', 'xL6J', 'zL28J', 'xL8J', 'zL64J', 'xL7J', 'xL1J', 'zL1J', 'xL3J', 'zL34J', 'zL58J', 'xL2J', 'zL8J', 'zL76J', 'xL4J', 'xL9J', 'zL2J', 'xL0J', 'zL29J', 'zL65J', 'zL12J', 'zL50J', 'zL6J', 'zL3J', 'zL9J', 'zL51J', 'zL59J'}
| | | | +-- , 65 , set() , {'xL6J', 'zL28J', 'yL7J'}
| | | | +-- , 67 , set() , {'zL12J', 'yL3J', 'xL1J'}
| | | | +-- , 11 , set() , {'xL9J', 'xL5J', 'zL38J', 'zL39J', 'xL6J', 'yL9J', 'w12', 'zL37J', 'xL3J', 'zL36J', 'xL4J'}
| | | | +-- , 13 , {15} , {'zL50J', 'xL0J', 'zL49J', 'xL2J', 'xL4J'}
| | | | | +-- , 15 , {17} , {'zL48J', 'xL0J', 'zL49J', 'xL4J'}
| | | | | | +-- , 17 , set() , {'xL0J', 'yL12J', 'zL48J'}
| | | | +-- , 19 , set() , {'xL9J', 'zL61J', 'zL62J', 'zL63J', 'xL6J', 'yL15J', 'w18', 'xL1J', 'xL2J', 'zL60J', 'xL4J'}
| | | | +-- , 21 , set() , {'zL69J', 'zL71J', 'w20', 'xL0J', 'zL68J', 'xL6J', 'xL7J', 'xL1J', 'zL70J', 'yL17J', 'xL4J'}
| | | | +-- , 23 , {25} , {'w8', 'xL6J', 'xL8J', 'xL7J', 'xL1J', 'xL2J', 'zL23J'}
| | | | | +-- , 25 , {27} , {'zL22J', 'xL6J', 'xL8J', 'xL1J', 'xL2J', 'zL23J'}
| | | | | | +-- , 27 , {29} , {'zL21J', 'zL22J', 'xL6J', 'xL2J', 'xL1J'}
| | | | | | | +-- , 29 , {31} , {'zL21J', 'zL20J', 'xL2J', 'xL1J'}
| | | | | | | | +-- , 31 , set() , {'xL2J', 'zL20J', 'yL5J'}
| | | | +-- , 33 , set() , {'yL2J', 'xL5J', 'zL8J'}
| | | | +-- , 35 , {37} , {'zL34J', 'xL6J', 'xL2J', 'zL33J', 'xL4J'}
| | | | | +-- , 37 , {39} , {'xL6J', 'zL32J', 'zL33J', 'xL4J'}
| | | | | | +-- , 39 , set() , {'yL8J', 'zL32J', 'xL4J'}
| | | | +-- , 41 , set() , {'xL6J', 'yL19J', 'zL76J'}
| | | | +-- , 43 , set() , {'zL75J', 'xL6J', 'yL18J', 'xL8J', 'zL74J', 'zL73J', 'xL1J', 'xL3J', 'zL72J', 'w21', 'xL2J'}
| | | | +-- , 45 , {49, 47} , {'xL5J', 'zL54J', 'xL6J', 'xL8J', 'xL7J', 'yL13J', 'zL55J', 'zL52J', 'xL4J'}
| | | | | +-- , 49 , set() , {'xL5J', 'w16', 'zL55J'}
| | | | | +-- , 47 , set() , {'zL54J', 'xL6J', 'xL8J', 'zL53J', 'zL52J'}
| | | | +-- , 51 , set() , {'xL6J', 'zL64J', 'yL16J'}
| | | | +-- , 53 , {55} , {'zL6J', 'zL7J', 'xL6J', 'xL2J'}
| | | | | +-- , 55 , set() , {'w4', 'xL2J', 'zL7J'}
| | | | +-- , 57 , set() , {'xL2J', 'w17', 'zL59J'}
| | | | +-- , 59 , {61} , {'xL3J', 'xL9J', 'zL30J', 'zL29J', 'xL2J'}
| | | | | +-- , 61 , {63} , {'xL9J', 'zL31J', 'zL30J', 'xL2J'}
| | | | | | +-- , 63 , set() , {'xL9J', 'zL31J', 'w10'}
| +-- , 69 , set() , {'xL9J', 'xL5J', 'zL17J', 'zL18J', 'xL8J', 'xL1J', 'w7', 'zL16J', 'yL4J', 'zL19J', 'xL4J'}
| +-- , 71 , {73} , {'zL57J', 'xL0J', 'xL8J', 'zL58J', 'xL7J'}
| | +-- , 73 , {75} , {'zL57J', 'xL0J', 'zL56J', 'xL8J'}
| | | +-- , 75 , set() , {'xL8J', 'zL56J', 'yL14J'}
| +-- , 103 , set() , {'w11', 'xL7J', 'zL35J'}
| +-- , 105 , set() , {'w15', 'zL51J', 'xL1J'}
| +-- , 77 , set() , {'xL3J', 'w3', 'zL3J'}
| +-- , 79 , {81} , {'xL3J', 'xL0J', 'zL77J', 'zL78J', 'xL1J'}
| | +-- , 81 , {83} , {'zL79J', 'xL0J', 'zL78J', 'xL1J'}
| | | +-- , 83 , set() , {'zL79J', 'w22', 'xL1J'}
| +-- , 85 , set() , {'zL14J', 'zL15J', 'zL13J', 'xL7J', 'xL3J', 'w6', 'xL4J'}
| +-- , 87 , {89} , {'xL3J', 'xL9J', 'zL66J', 'zL65J', 'xL1J'}
| | +-- , 89 , {91} , {'xL3J', 'xL9J', 'zL66J', 'zL67J'}
| | | +-- , 91 , set() , {'zL67J', 'w19', 'xL3J'}
| +-- , 93 , set() , {'zL0J', 'xL5J', 'yL0J'}
| +-- , 95 , set() , {'xL9J', 'zL41J', 'xL5J', 'yL10J', 'xL0J', 'zL43J', 'xL7J', 'xL3J', 'w13', 'zL40J', 'zL42J'}


Max number of edges with non zero Y: 52
Max number of iterations of outer rounding loop: 4
Max number of candidate sets: 2
Time spent rounding: 7.852
Time spent solving Separator LP: 5.154
Total time spent solving: 17.079

LP Solver: GaifmanNormal
Lower Bound Witness = ({'xL5J', 'w19', 'zL49J', 'xL8J', 'w7', 'zL34J', 'w17', 'zL61J', 'zL71J', 'zL22J', 'zL47J', 'zL29J', 'yL11J', 'w22', 'yL6J', 'zL30J', 'zL72J', 'w21', 'zL78J', 'w6', 'yL19J', 'zL21J', 'zL25J', 'yL3J', 'zL1J', 'zL79J', 'zL31J', 'zL40J', 'zL23J', 'zL19J', 'yL16J', 'zL54J', 'yL8J', 'w12', 'zL12J', 'w11', 'zL27J', 'yL1J', 'w3', 'zL32J', 'zL11J', 'w16', 'w13', 'zL58J', 'zL44J', 'zL75J', 'zL14J', 'xL0J', 'zL52J', 'yL14J', 'yL4J', 'zL66J', 'zL39J', 'zL35J', 'xL3J', 'zL16J', 'zL26J', 'zL67J', 'zL73J', 'xL2J', 'xL4J', 'w20', 'zL63J', 'zL65J', 'zL3J', 'zL28J', 'w9', 'zL62J', 'zL74J', 'yL9J', 'w18', 'zL36J', 'yL2J', 'yL10J', 'w8', 'zL38J', 'zL20J', 'yL17J', 'zL51J', 'w4', 'zL48J', 'xL6J', 'yL18J', 'zL24J', 'zL64J', 'zL37J', 'zL57J', 'w10', 'xL9J', 'zL2J', 'zL7J', 'zL15J', 'zL68J', 'zL45J', 'w5', 'zL53J', 'zL55J', 'yL7J', 'w14', 'zL69J', 'zL13J', 'zL46J', 'zL56J', 'xL7J', 'xL1J', 'yL13J', 'zL5J', 'zL60J', 'zL33J', 'zL17J', 'zL42J', 'zL41J', 'yL15J', 'zL50J', 'w15', 'zL0J', 'zL59J', 'yL12J', 'zL8J', 'zL76J', 'zL4J', 'yL5J', 'zL18J', 'zL43J', 'zL77J', 'yL0J', 'zL6J', 'zL70J', 'zL9J', 'zL10J'}, {'w19', 'xL1J', 'zL5J', 'zL58J', 'zL14J', 'zL22J', 'w15', 'w22', 'zL20J', 'yL14J', 'zL72J', 'zL0J', 'w21', 'zL51J', 'yL19J', 'zL59J', 'zL25J', 'zL66J', 'zL27J', 'xL6J', 'zL24J', 'zL64J', 'zL40J', 'zL19J', 'zL7J', 'zL77J', 'yL8J', 'zL12J', 'w11', 'yL0J', 'zL3J', 'zL28J', 'zL11J'})