51, 2.935376103995757, 9.0, 9
+-- , 0 , {3, 7, 73, 75, 77, 79, 83, 87, 89, 91, 97, 99, 101, 51, 53, 59, 61, 63} , {'zL21J', 'xL5J', 'xL6J', 'zL49J', 'xL8J', 'zL74J', 'xL7J', 'xL1J', 'xL3J', 'zL5J', 'zL58J', 'xL4J', 'zL14J', 'xL9J', 'xL0J', 'zL20J', 'zL6J', 'zL59J'}
| +-- , 3 , set() , {'xL9J', 'zL25J', 'xL0J', 'zL24J', 'xL8J', 'xL1J', 'xL3J', 'yL6J', 'zL26J', 'zL27J', 'w9'}
| +-- , 7 , {9} , {'xL5J', 'xL6J', 'zL49J', 'xL8J', 'zL74J', 'xL7J', 'xL1J', 'xL3J', 'xL4J', 'xL9J', 'zL14J', 'zL7J', 'zL20J', 'zL6J', 'zL59J'}
| | +-- , 9 , {49, 11, 13} , {'xL5J', 'zL62J', 'xL6J', 'zL49J', 'xL8J', 'zL74J', 'xL7J', 'xL1J', 'xL3J', 'xL4J', 'xL9J', 'zL14J', 'zL61J', 'zL7J', 'zL29J', 'zL20J', 'zL28J', 'zL59J'}
| | | +-- , 49 , set() , {'xL6J', 'zL28J', 'yL7J'}
| | | +-- , 11 , set() , {'zL61J', 'yL15J', 'xL1J', 'zL60J', 'xL4J'}
| | | +-- , 13 , {33, 37, 41, 15, 47, 21, 27, 29} , {'zL62J', 'xL6J', 'zL49J', 'xL8J', 'zL74J', 'xL7J', 'xL1J', 'xL3J', 'w17', 'xL2J', 'xL4J', 'xL9J', 'zL14J', 'zL7J', 'zL29J', 'zL20J', 'zL30J', 'zL59J'}
| | | | +-- , 33 , {35} , {'zL63J', 'zL62J', 'xL6J', 'xL2J'}
| | | | | +-- , 35 , set() , {'w18', 'xL2J', 'zL63J'}
| | | | +-- , 37 , {39} , {'xL9J', 'zL31J', 'zL30J', 'xL2J'}
| | | | | +-- , 39 , set() , {'xL9J', 'zL31J', 'w10'}
| | | | +-- , 41 , {43} , {'xL3J', 'zL50J', 'zL49J', 'xL2J', 'xL1J'}
| | | | | +-- , 43 , {45} , {'xL3J', 'zL50J', 'zL51J', 'xL1J'}
| | | | | | +-- , 45 , set() , {'w15', 'zL51J', 'xL1J'}
| | | | +-- , 15 , {17} , {'xL3J', 'xL6J', 'zL73J', 'zL74J', 'xL2J'}
| | | | | +-- , 17 , {19} , {'zL72J', 'xL6J', 'zL73J', 'xL2J'}
| | | | | | +-- , 19 , set() , {'xL6J', 'yL18J', 'zL72J'}
| | | | +-- , 47 , set() , {'xL2J', 'zL20J', 'yL5J'}
| | | | +-- , 21 , {23} , {'zL14J', 'xL4J', 'zL13J', 'xL2J', 'xL1J'}
| | | | | +-- , 23 , {25} , {'zL12J', 'zL13J', 'xL2J', 'xL1J'}
| | | | | | +-- , 25 , set() , {'zL12J', 'yL3J', 'xL1J'}
| | | | +-- , 27 , set() , {'w4', 'xL2J', 'zL7J'}
| | | | +-- , 29 , {31} , {'xL6J', 'xL8J', 'yL8J', 'xL7J', 'xL2J', 'zL32J', 'zL33J', 'xL4J'}
| | | | | +-- , 31 , set() , {'xL8J', 'xL7J', 'zL35J', 'zL34J', 'w11', 'xL2J', 'zL33J'}
| +-- , 73 , set() , {'xL9J', 'yL19J', 'zL78J', 'xL0J', 'xL6J', 'zL77J', 'xL1J', 'zL79J', 'xL3J', 'w22', 'zL76J'}
| +-- , 75 , set() , {'xL9J', 'xL5J', 'xL6J', 'w5', 'xL8J', 'xL4J', 'yL2J', 'zL9J', 'zL10J', 'zL8J', 'zL11J'}
| +-- , 77 , set() , {'zL14J', 'zL15J', 'xL7J', 'xL3J', 'w6'}
| +-- , 79 , {81} , {'zL48J', 'xL0J', 'zL49J', 'xL4J'}
| | +-- , 81 , set() , {'xL0J', 'yL12J', 'zL48J'}
| +-- , 83 , {85} , {'zL75J', 'xL8J', 'zL74J', 'xL1J'}
| | +-- , 85 , set() , {'zL75J', 'w21', 'xL1J'}
| +-- , 87 , set() , {'xL9J', 'xL5J', 'zL38J', 'zL39J', 'xL6J', 'yL9J', 'w12', 'zL37J', 'xL3J', 'zL36J', 'xL4J'}
| +-- , 89 , set() , {'xL9J', 'w19', 'yL16J', 'zL66J', 'zL65J', 'xL6J', 'zL64J', 'xL7J', 'xL1J', 'xL3J', 'zL67J'}
| +-- , 91 , {93, 95} , {'xL5J', 'zL54J', 'xL6J', 'xL8J', 'xL7J', 'yL13J', 'zL55J', 'zL52J', 'xL4J'}
| | +-- , 93 , set() , {'zL54J', 'xL6J', 'xL8J', 'zL53J', 'zL52J'}
| | +-- , 95 , set() , {'xL5J', 'w16', 'zL55J'}
| +-- , 97 , set() , {'xL9J', 'zL41J', 'xL5J', 'yL10J', 'xL0J', 'zL43J', 'xL7J', 'xL3J', 'w13', 'zL40J', 'zL42J'}
| +-- , 99 , set() , {'xL9J', 'w14', 'xL5J', 'zL47J', 'zL46J', 'zL45J', 'xL7J', 'xL1J', 'yL11J', 'zL44J', 'xL4J'}
| +-- , 101 , {103} , {'xL3J', 'zL5J', 'zL4J', 'xL4J'}
| | +-- , 103 , set() , {'xL3J', 'yL1J', 'zL4J'}
| +-- , 51 , set() , {'xL9J', 'xL5J', 'zL17J', 'zL18J', 'xL8J', 'xL1J', 'w7', 'zL16J', 'yL4J', 'zL19J', 'xL4J'}
| +-- , 53 , {55} , {'zL57J', 'xL0J', 'xL8J', 'zL58J', 'xL7J'}
| | +-- , 55 , {57} , {'zL57J', 'xL0J', 'zL56J', 'xL8J'}
| | | +-- , 57 , set() , {'xL8J', 'zL56J', 'yL14J'}
| +-- , 59 , set() , {'zL69J', 'zL71J', 'w20', 'xL0J', 'zL68J', 'xL6J', 'xL7J', 'xL1J', 'zL70J', 'yL17J', 'xL4J'}
| +-- , 61 , set() , {'zL21J', 'w8', 'zL22J', 'xL6J', 'xL8J', 'xL7J', 'zL23J'}
| +-- , 63 , {65} , {'xL5J', 'xL6J', 'xL1J', 'xL3J', 'zL3J', 'w3', 'xL4J'}
| | +-- , 65 , {67} , {'xL5J', 'zL2J', 'xL6J', 'xL1J', 'zL3J', 'xL4J'}
| | | +-- , 67 , {69} , {'xL5J', 'zL2J', 'xL6J', 'zL1J', 'xL1J'}
| | | | +-- , 69 , {71} , {'xL5J', 'zL0J', 'zL1J', 'xL1J'}
| | | | | +-- , 71 , set() , {'zL0J', 'xL5J', 'yL0J'}


Max number of edges with non zero Y: 37
Max number of iterations of outer rounding loop: 1
Max number of candidate sets: 2
Time spent rounding: 4.372
Time spent solving Separator LP: 4.522
Total time spent solving: 12.820

LP Solver: GaifmanNormal
Lower Bound Witness = ({'xL5J', 'w19', 'zL49J', 'xL8J', 'w7', 'zL34J', 'w17', 'zL61J', 'zL71J', 'zL22J', 'zL47J', 'zL29J', 'yL11J', 'w22', 'yL6J', 'zL30J', 'zL72J', 'w21', 'zL78J', 'w6', 'yL19J', 'zL21J', 'zL25J', 'yL3J', 'zL1J', 'zL79J', 'zL31J', 'zL40J', 'zL23J', 'zL19J', 'yL16J', 'zL54J', 'yL8J', 'w12', 'zL12J', 'w11', 'zL27J', 'yL1J', 'w3', 'zL32J', 'zL11J', 'w16', 'w13', 'zL58J', 'zL44J', 'zL75J', 'zL14J', 'xL0J', 'zL52J', 'yL14J', 'yL4J', 'zL66J', 'zL39J', 'zL35J', 'xL3J', 'zL16J', 'zL26J', 'zL67J', 'zL73J', 'xL2J', 'xL4J', 'w20', 'zL63J', 'zL65J', 'zL3J', 'zL28J', 'w9', 'zL62J', 'zL74J', 'yL9J', 'w18', 'zL36J', 'yL2J', 'yL10J', 'w8', 'zL38J', 'zL20J', 'yL17J', 'zL51J', 'w4', 'zL48J', 'xL6J', 'yL18J', 'zL24J', 'zL64J', 'zL37J', 'zL57J', 'w10', 'xL9J', 'zL2J', 'zL7J', 'zL15J', 'zL68J', 'zL45J', 'w5', 'zL53J', 'zL55J', 'yL7J', 'w14', 'zL69J', 'zL13J', 'zL46J', 'zL56J', 'xL7J', 'xL1J', 'yL13J', 'zL5J', 'zL60J', 'zL33J', 'zL17J', 'zL42J', 'zL41J', 'yL15J', 'zL50J', 'w15', 'zL0J', 'zL59J', 'yL12J', 'zL8J', 'zL76J', 'zL4J', 'yL5J', 'zL18J', 'zL43J', 'zL77J', 'yL0J', 'zL6J', 'zL70J', 'zL9J', 'zL10J'}, {'zL49J', 'yL13J', 'zL36J', 'zL5J', 'zL44J', 'zL11J', 'zL75J', 'zL14J', 'yL11J', 'zL50J', 'w22', 'yL6J', 'zL30J', 'yL4J', 'zL59J', 'xL6J', 'zL24J', 'zL64J', 'yL3J', 'zL16J', 'zL8J', 'xL9J', 'yL5J', 'zL2J', 'zL45J', 'w5', 'w12', 'zL12J', 'w9'})