64, 3.2366712939228375, 9.0, 9
+-- , 0 , {129, 131, 3, 99, 7, 109, 95, 87, 119, 121, 91, 93, 127} , {'zL69J', 'zL46J', 'xL8J', 'xL7J', 'xL1J', 'zL35J', 'zL79J', 'xL3J', 'zL34J', 'zL40J', 'xL2J', 'xL4J', 'xL9J', 'zL47J', 'xL0J', 'zL29J', 'zL20J', 'zL30J', 'zL70J', 'zL78J'}
| +-- , 129 , set() , {'zL40J', 'xL9J', 'yL10J'}
| +-- , 131 , set() , {'xL2J', 'zL20J', 'yL5J'}
| +-- , 3 , set() , {'xL9J', 'zL25J', 'xL0J', 'zL24J', 'xL8J', 'xL1J', 'xL3J', 'yL6J', 'zL26J', 'zL27J', 'w9'}
| +-- , 99 , {107, 101} , {'zL14J', 'zL15J', 'xL7J', 'xL1J', 'xL3J', 'xL2J', 'xL4J'}
| | +-- , 107 , set() , {'xL3J', 'w6', 'zL15J'}
| | +-- , 101 , {103} , {'zL14J', 'xL4J', 'zL13J', 'xL2J', 'xL1J'}
| | | +-- , 103 , {105} , {'zL12J', 'zL13J', 'xL2J', 'xL1J'}
| | | | +-- , 105 , set() , {'zL12J', 'yL3J', 'xL1J'}
| +-- , 7 , {9, 85} , {'zL69J', 'zL46J', 'xL8J', 'xL7J', 'xL1J', 'xL3J', 'zL34J', 'zL40J', 'xL2J', 'zL76J', 'xL4J', 'xL9J', 'zL41J', 'zL47J', 'xL0J', 'zL29J', 'zL20J', 'zL78J'}
| | +-- , 9 , {81, 71, 75, 13} , {'zL69J', 'xL5J', 'zL46J', 'xL8J', 'xL7J', 'xL1J', 'xL3J', 'zL34J', 'xL2J', 'zL76J', 'xL4J', 'zL17J', 'xL9J', 'zL41J', 'zL47J', 'xL0J', 'zL18J', 'zL29J', 'zL20J'}
| | | +-- , 81 , {83} , {'xL4J', 'zL18J', 'zL19J', 'xL1J'}
| | | | +-- , 83 , set() , {'xL1J', 'w7', 'zL19J'}
| | | +-- , 71 , {73} , {'xL9J', 'zL16J', 'xL8J', 'zL17J'}
| | | | +-- , 73 , set() , {'yL4J', 'xL9J', 'zL16J'}
| | | +-- , 75 , {77} , {'xL3J', 'zL41J', 'xL5J', 'zL42J', 'xL7J'}
| | | | +-- , 77 , {79} , {'xL3J', 'xL5J', 'zL43J', 'zL42J'}
| | | | | +-- , 79 , set() , {'w13', 'xL5J', 'zL43J'}
| | | +-- , 13 , {69, 15} , {'zL21J', 'xL5J', 'zL69J', 'xL8J', 'xL7J', 'xL1J', 'xL3J', 'zL34J', 'zL5J', 'xL2J', 'zL4J', 'zL76J', 'xL4J', 'xL9J', 'xL0J', 'zL29J', 'zL68J', 'zL20J', 'zL28J'}
| | | | +-- , 69 , set() , {'xL3J', 'yL1J', 'zL4J'}
| | | | +-- , 15 , {17, 67} , {'zL21J', 'xL5J', 'xL8J', 'xL7J', 'xL1J', 'xL3J', 'zL34J', 'zL5J', 'xL2J', 'zL76J', 'zL33J', 'xL4J', 'xL9J', 'xL0J', 'zL68J', 'zL10J', 'zL28J', 'zL11J'}
| | | | | +-- , 17 , {19} , {'zL21J', 'xL5J', 'xL8J', 'xL7J', 'xL1J', 'yL13J', 'xL3J', 'zL5J', 'xL2J', 'zL76J', 'zL33J', 'xL4J', 'xL9J', 'xL0J', 'zL68J', 'zL52J', 'zL6J', 'zL10J', 'zL28J'}
| | | | | | +-- , 19 , {65, 39, 27, 45, 49, 51, 23, 55, 25, 21, 53, 29, 63} , {'zL21J', 'xL5J', 'xL6J', 'xL8J', 'xL7J', 'xL1J', 'xL3J', 'xL2J', 'zL76J', 'zL33J', 'xL4J', 'xL9J', 'zL7J', 'zL68J', 'zL52J', 'zL6J', 'zL10J', 'zL28J'}
| | | | | | | +-- , 65 , set() , {'xL6J', 'zL28J', 'yL7J'}
| | | | | | | +-- , 39 , {41} , {'xL9J', 'xL5J', 'xL6J', 'zL10J', 'zL9J'}
| | | | | | | | +-- , 41 , {43} , {'xL5J', 'xL6J', 'zL8J', 'zL9J'}
| | | | | | | | | +-- , 43 , set() , {'yL2J', 'xL5J', 'zL8J'}
| | | | | | | +-- , 27 , set() , {'zL21J', 'w8', 'zL22J', 'xL6J', 'xL8J', 'xL7J', 'zL23J'}
| | | | | | | +-- , 45 , {47} , {'xL6J', 'zL32J', 'zL33J', 'xL4J'}
| | | | | | | | +-- , 47 , set() , {'yL8J', 'zL32J', 'xL4J'}
| | | | | | | +-- , 49 , set() , {'xL6J', 'yL19J', 'zL76J'}
| | | | | | | +-- , 51 , set() , {'zL75J', 'xL6J', 'yL18J', 'xL8J', 'zL74J', 'zL73J', 'xL1J', 'xL3J', 'zL72J', 'w21', 'xL2J'}
| | | | | | | +-- , 23 , set() , {'xL9J', 'zL61J', 'zL62J', 'zL63J', 'xL6J', 'yL15J', 'w18', 'xL1J', 'xL2J', 'zL60J', 'xL4J'}
| | | | | | | +-- , 55 , {57} , {'xL5J', 'xL6J', 'xL8J', 'zL53J', 'xL7J', 'zL52J'}
| | | | | | | | +-- , 57 , {59} , {'xL5J', 'zL54J', 'xL6J', 'zL53J', 'xL7J'}
| | | | | | | | | +-- , 59 , {61} , {'xL5J', 'zL54J', 'zL55J', 'xL7J'}
| | | | | | | | | | +-- , 61 , set() , {'xL5J', 'w16', 'zL55J'}
| | | | | | | +-- , 25 , set() , {'xL6J', 'zL68J', 'yL17J'}
| | | | | | | +-- , 21 , set() , {'xL9J', 'xL5J', 'zL38J', 'zL39J', 'xL6J', 'yL9J', 'w12', 'zL37J', 'xL3J', 'zL36J', 'xL4J'}
| | | | | | | +-- , 53 , set() , {'xL9J', 'w19', 'yL16J', 'zL66J', 'zL65J', 'xL6J', 'zL64J', 'xL7J', 'xL1J', 'xL3J', 'zL67J'}
| | | | | | | +-- , 29 , {31} , {'xL5J', 'xL6J', 'xL1J', 'xL3J', 'zL3J', 'w3', 'xL4J'}
| | | | | | | | +-- , 31 , {33} , {'xL5J', 'zL2J', 'xL6J', 'xL1J', 'zL3J', 'xL4J'}
| | | | | | | | | +-- , 33 , {35} , {'xL5J', 'zL2J', 'xL6J', 'zL1J', 'xL1J'}
| | | | | | | | | | +-- , 35 , {37} , {'xL5J', 'zL0J', 'zL1J', 'xL1J'}
| | | | | | | | | | | +-- , 37 , set() , {'zL0J', 'xL5J', 'yL0J'}
| | | | | | | +-- , 63 , set() , {'w4', 'xL2J', 'zL7J'}
| | | | | +-- , 67 , set() , {'zL11J', 'w5', 'xL4J'}
| | +-- , 85 , set() , {'zL76J', 'xL9J', 'zL77J', 'xL3J', 'zL78J'}
| +-- , 109 , {115, 111} , {'xL0J', 'zL49J', 'xL1J', 'xL3J', 'zL50J', 'xL2J', 'xL4J'}
| | +-- , 115 , {117} , {'xL3J', 'zL50J', 'zL51J', 'xL1J'}
| | | +-- , 117 , set() , {'w15', 'zL51J', 'xL1J'}
| | +-- , 111 , {113} , {'zL48J', 'xL0J', 'zL49J', 'xL4J'}
| | | +-- , 113 , set() , {'xL0J', 'yL12J', 'zL48J'}
| +-- , 95 , {97} , {'zL71J', 'zL70J', 'xL0J', 'xL4J'}
| | +-- , 97 , set() , {'w20', 'zL71J', 'xL4J'}
| +-- , 87 , {89} , {'xL9J', 'zL31J', 'zL30J', 'xL2J'}
| | +-- , 89 , set() , {'xL9J', 'zL31J', 'w10'}
| +-- , 119 , set() , {'w14', 'zL47J', 'xL7J'}
| +-- , 121 , {123} , {'xL9J', 'xL4J', 'zL46J', 'zL45J', 'xL1J'}
| | +-- , 123 , {125} , {'xL9J', 'zL45J', 'zL44J', 'xL1J'}
| | | +-- , 125 , set() , {'yL11J', 'xL9J', 'zL44J'}
| +-- , 91 , set() , {'w11', 'xL7J', 'zL35J'}
| +-- , 93 , set() , {'xL0J', 'zL56J', 'xL8J', 'zL58J', 'xL7J', 'xL3J', 'w17', 'yL14J', 'zL57J', 'xL2J', 'zL59J'}
| +-- , 127 , set() , {'zL79J', 'w22', 'xL1J'}


Max number of edges with non zero Y: 28
Max number of iterations of outer rounding loop: 5
Max number of candidate sets: 2
Time spent rounding: 60.685
Time spent solving Separator LP: 23.924
Total time spent solving: 102.540

LP Solver: GaifmanBoosted
Lower Bound Witness = ({'xL5J', 'w19', 'zL49J', 'xL8J', 'w7', 'zL34J', 'w17', 'zL61J', 'zL71J', 'zL22J', 'zL47J', 'zL29J', 'yL11J', 'w22', 'yL6J', 'zL30J', 'zL72J', 'w21', 'zL78J', 'w6', 'yL19J', 'zL21J', 'zL25J', 'yL3J', 'zL1J', 'zL79J', 'zL31J', 'zL40J', 'zL23J', 'zL19J', 'yL16J', 'zL54J', 'yL8J', 'w12', 'zL12J', 'w11', 'zL27J', 'yL1J', 'w3', 'zL32J', 'zL11J', 'w16', 'w13', 'zL58J', 'zL44J', 'zL75J', 'zL14J', 'xL0J', 'zL52J', 'yL14J', 'yL4J', 'zL66J', 'zL39J', 'zL35J', 'xL3J', 'zL16J', 'zL26J', 'zL67J', 'zL73J', 'xL2J', 'xL4J', 'w20', 'zL63J', 'zL65J', 'zL3J', 'zL28J', 'w9', 'zL62J', 'zL74J', 'yL9J', 'w18', 'zL36J', 'yL2J', 'yL10J', 'w8', 'zL38J', 'zL20J', 'yL17J', 'zL51J', 'w4', 'zL48J', 'xL6J', 'yL18J', 'zL24J', 'zL64J', 'zL37J', 'zL57J', 'w10', 'xL9J', 'zL2J', 'zL7J', 'zL15J', 'zL68J', 'zL45J', 'w5', 'zL53J', 'zL55J', 'yL7J', 'w14', 'zL69J', 'zL13J', 'zL46J', 'zL56J', 'xL7J', 'xL1J', 'yL13J', 'zL5J', 'zL60J', 'zL33J', 'zL17J', 'zL42J', 'zL41J', 'yL15J', 'zL50J', 'w15', 'zL0J', 'zL59J', 'yL12J', 'zL8J', 'zL76J', 'zL4J', 'yL5J', 'zL18J', 'zL43J', 'zL77J', 'yL0J', 'zL6J', 'zL70J', 'zL9J', 'zL10J'}, {'w19', 'zL46J', 'zL49J', 'w18', 'xL7J', 'xL1J', 'yL13J', 'w13', 'zL60J', 'zL47J', 'xL0J', 'zL50J', 'w22', 'yL6J', 'zL52J', 'zL72J', 'yL14J', 'zL78J', 'zL25J', 'xL3J', 'zL40J', 'zL73J', 'w10', 'xL4J', 'yL5J', 'zL2J', 'zL77J', 'zL70J', 'yL7J'})