20, 6.0, 8.0, 8
+-- , 0 , {5, 7, 20, 22} , {'xL4J', 'xL3J', 'xL17J', 'xL10J', 'xL9J', 'xL2J', 'xL5J', 'xL0J', 'xL24J', 'xL16J', 'xL12J', 'xL25J', 'xL8J', 'xL20J'}
| +-- , 5 , set() , {'xL4J', 'xL2J', 'xL3J', 'xL23J', 'xL12J', 'xL10J', 'xL9J', 'xL18J'}
| +-- , 7 , {18, 9, 14} , {'xL0J', 'xL4J', 'xL3J', 'xL17J', 'xL12J', 'xL16J', 'xL9J', 'xL8J', 'xL2J', 'xL20J', 'xL33J', 'xL5J'}
| | +-- , 18 , set() , {'xL13J', 'xL9J', 'xL8J', 'xL20J', 'xL33J'}
| | +-- , 9 , {12} , {'xL14J', 'xL0J', 'xL4J', 'xL3J', 'xL17J', 'xL12J', 'xL16J', 'xL31J', 'xL2J', 'xL33J'}
| | | +-- , 12 , set() , {'xL14J', 'xL3J', 'xL17J', 'xL30J', 'xL31J'}
| | +-- , 14 , {16} , {'xL4J', 'xL32J', 'xL16J', 'xL12J', 'xL9J', 'xL2J', 'xL33J'}
| | | +-- , 16 , set() , {'xL1J', 'xL9J', 'xL32J'}
| +-- , 20 , set() , {'xL12J', 'xL2J', 'xL26J'}
| +-- , 22 , {24, 42} , {'xL4J', 'xL3J', 'xL17J', 'xL9J', 'xL2J', 'xL15J', 'xL5J', 'xL0J', 'xL24J', 'xL16J', 'xL29J', 'xL25J', 'xL8J', 'xL27J', 'xL20J'}
| | +-- , 24 , {26} , {'xL4J', 'xL3J', 'xL17J', 'xL9J', 'xL2J', 'xL15J', 'xL0J', 'xL24J', 'xL28J', 'xL29J', 'xL8J', 'xL27J', 'xL20J'}
| | | +-- , 26 , {34, 38, 28} , {'xL4J', 'xL3J', 'xL17J', 'xL9J', 'xL2J', 'xL15J', 'xL0J', 'xL37J', 'xL24J', 'xL28J', 'xL29J', 'xL19J', 'xL39J', 'xL8J', 'xL20J'}
| | | | +-- , 34 , {36} , {'xL3J', 'xL24J', 'xL19J', 'xL7J', 'xL39J', 'xL15J'}
| | | | | +-- , 36 , set() , {'xL22J', 'xL7J', 'xL19J', 'xL24J'}
| | | | +-- , 38 , {40} , {'xL0J', 'xL4J', 'xL24J', 'xL28J', 'xL21J', 'xL19J', 'xL39J'}
| | | | | +-- , 40 , set() , {'xL0J', 'xL35J', 'xL21J'}
| | | | +-- , 28 , {32, 30} , {'xL0J', 'xL37J', 'xL24J', 'xL8J', 'xL19J', 'xL9J', 'xL34J', 'xL39J', 'xL15J'}
| | | | | +-- , 32 , set() , {'xL11J', 'xL24J', 'xL38J', 'xL19J', 'xL34J', 'xL8J'}
| | | | | +-- , 30 , set() , {'xL0J', 'xL37J', 'xL9J', 'xL34J', 'xL39J', 'xL6J'}
| | +-- , 42 , set() , {'xL0J', 'xL2J', 'xL36J', 'xL8J', 'xL27J'}


Max number of edges with non zero Y: 6
Max number of iterations of outer rounding loop: 0
Max number of candidate sets: 0
Time spent rounding: 0.000
Time spent solving Separator LP: 11.019

LP Solver: GaifmanNormalILP