11, 1.6785708571428568, 5.0, 6
+-- , 0 , {5} , {'xL1J', 'xL2J', 'xL17J', 'xL12J', 'xL16J', 'xL15J', 'xL18J', 'xL6J', 'xL4J', 'xL3J'}
| +-- , 5 , {7} , {'xL1J', 'xL2J', 'xL17J', 'xL12J', 'xL15J', 'xL13J', 'xL18J', 'xL6J', 'xL4J', 'xL3J'}
| | +-- , 7 , {9} , {'xL1J', 'xL2J', 'xL17J', 'xL12J', 'xL13J', 'xL18J', 'xL6J', 'xL8J', 'xL4J', 'xL3J'}
| | | +-- , 9 , {11, 23} , {'xL6J', 'xL8J', 'xL1J', 'xL7J', 'xL17J', 'xL4J', 'xL12J', 'xL3J', 'xL13J', 'xL18J'}
| | | | +-- , 11 , {13} , {'xL8J', 'xL1J', 'xL7J', 'xL12J', 'xL4J', 'xL3J', 'xL19J', 'xL18J', 'xL13J'}
| | | | | +-- , 13 , {21, 15} , {'xL8J', 'xL1J', 'xL7J', 'xL4J', 'xL3J', 'xL19J', 'xL18J', 'xL13J', 'xL14J'}
| | | | | | +-- , 21 , set() , {'xL5J', 'xL8J', 'xL3J', 'xL19J', 'xL14J'}
| | | | | | +-- , 15 , {17} , {'xL8J', 'xL7J', 'xL4J', 'xL10J', 'xL13J', 'xL19J', 'xL18J', 'xL14J'}
| | | | | | | +-- , 17 , {19} , {'xL0J', 'xL8J', 'xL7J', 'xL4J', 'xL10J', 'xL13J', 'xL18J', 'xL14J'}
| | | | | | | | +-- , 19 , set() , {'xL14J', 'xL0J', 'xL13J', 'xL9J'}
| | | | +-- , 23 , set() , {'xL8J', 'xL1J', 'xL7J', 'xL12J', 'xL3J', 'xL11J'}


Max number of edges with non zero Y: 15
Max number of iterations of outer rounding loop: 4
Max number of candidate sets: 2
Time spent rounding: 7.790
Time spent solving Separator LP: 0.211
Total time spent solving: 9.258

LP Solver: GaifmanNormal
Lower Bound Witness = ({'xL6J', 'xL0J', 'xL5J', 'xL1J', 'xL7J', 'xL8J', 'xL2J', 'xL17J', 'xL4J', 'xL12J', 'xL10J', 'xL3J', 'xL19J', 'xL18J', 'xL13J', 'xL14J', 'xL11J', 'xL9J'}, {'xL6J', 'xL1J', 'xL2J', 'xL17J', 'xL4J', 'xL12J', 'xL3J', 'xL13J', 'xL18J'})