32, 2.0, 3.0, 3
+-- , 0 , {34, 3} , {'xL8JL7J', 'xL3JL5J', 'xL8JL5J', 'xL3JL6J', 'xL8JL4J', 'xL8JL6J', 'xL8JL8J'}
| +-- , 34 , {36} , {'xL5JL8J', 'xL3JL5J', 'xL3JL6J', 'xL4JL8J', 'xL8JL8J', 'xL6JL8J', 'xL7JL8J'}
| | +-- , 36 , {39} , {'xL5JL8J', 'xL3JL5J', 'xL5JL6J', 'xL4JL8J', 'xL4JL6J', 'xL7JL8J', 'xL4JL5J', 'xL2JL6J', 'xL6JL6J', 'xL3JL6J', 'xL6JL8J'}
| | | +-- , 39 , {41} , {'xL4JL5J', 'xL2JL6J', 'xL5JL8J', 'xL5JL6J', 'xL4JL7J', 'xL6JL6J', 'xL4JL8J', 'xL6JL8J', 'xL4JL6J', 'xL7JL8J'}
| | | | +-- , 41 , {43} , {'xL5JL7J', 'xL2JL6J', 'xL5JL8J', 'xL6JL7J', 'xL5JL6J', 'xL4JL7J', 'xL6JL6J', 'xL6JL8J', 'xL7JL8J'}
| | | | | +-- , 43 , {45} , {'xL7JL9J', 'xL7JL12J', 'xL2JL9J', 'xL2JL8J', 'xL7JL8J', 'xL7JL10J', 'xL2JL7J', 'xL2JL6J', 'xL6JL7J', 'xL2JL10J', 'xL6JL6J', 'xL7JL11J', 'xL6JL8J', 'xL6JL9J'}
| | | | | | +-- , 45 , {59, 47} , {'xL7JL10J', 'xL2JL7J', 'xL2JL10J', 'xL7JL12J', 'xL2JL9J', 'xL2JL8J', 'xL7JL11J', 'xL5JL10J', 'xL5JL11J'}
| | | | | | | +-- , 59 , {62} , {'xL1JL10J', 'xL1JL8J', 'xL1JL9J', 'xL1JL7J', 'xL2JL7J', 'xL2JL10J', 'xL2JL9J', 'xL2JL8J', 'xL5JL10J', 'xL5JL11J'}
| | | | | | | | +-- , 62 , {64} , {'xL1JL10J', 'xL1JL9J', 'xL2JL10J', 'xL3JL11J', 'xL4JL11J', 'xL2JL9J', 'xL4JL10J', 'xL3JL9J', 'xL3JL10J', 'xL5JL10J', 'xL5JL11J'}
| | | | | | | | | +-- , 64 , {66} , {'xL3JL13J', 'xL3JL9J', 'xL3JL10J', 'xL3JL11J', 'xL3JL12J'}
| | | | | | | | | | +-- , 66 , set() , {'xL3JL13J', 'xL2JL12J', 'xL1JL13J', 'xL2JL13J', 'xL3JL12J', 'xL1JL12J'}
| | | | | | | +-- , 47 , {49} , {'xL7JL10J', 'xL5JL12J', 'xL7JL12J', 'xL7JL11J', 'xL5JL10J', 'xL5JL11J', 'xL5JL13J'}
| | | | | | | | +-- , 49 , {57, 51} , {'xL7JL10J', 'xL8JL12J', 'xL5JL12J', 'xL7JL12J', 'xL9JL12J', 'xL7JL11J', 'xL5JL13J'}
| | | | | | | | | +-- , 57 , set() , {'xL6JL12J', 'xL8JL12J', 'xL5JL12J', 'xL7JL12J', 'xL9JL12J', 'xL6JL13J', 'xL5JL13J'}
| | | | | | | | | +-- , 51 , {53, 55} , {'xL7JL10J', 'xL8JL12J', 'xL9JL12J', 'xL7JL11J', 'xL8JL11J'}
| | | | | | | | | | +-- , 53 , set() , {'xL9JL11J', 'xL9JL12J', 'xL8JL11J', 'xL7JL11J'}
| | | | | | | | | | +-- , 55 , set() , {'xL7JL10J', 'xL8JL12J', 'xL8JL10J', 'xL8JL11J'}
| +-- , 3 , {5} , {'xL8JL7J', 'xL3JL5J', 'xL8JL5J', 'xL3JL2J', 'xL3JL6J', 'xL8JL4J', 'xL3JL3J', 'xL8JL6J', 'xL3JL4J'}
| | +-- , 5 , {7, 22} , {'xL5JL2J', 'xL8JL7J', 'xL8JL5J', 'xL3JL2J', 'xL8JL4J', 'xL5JL1J', 'xL3JL3J', 'xL8JL6J', 'xL3JL4J'}
| | | +-- , 7 , {9} , {'xL5JL4J', 'xL5JL2J', 'xL8JL7J', 'xL8JL5J', 'xL8JL4J', 'xL5JL1J', 'xL8JL6J', 'xL5JL3J'}
| | | | +-- , 9 , {11} , {'xL5JL4J', 'xL8JL7J', 'xL8JL5J', 'xL8JL4J', 'xL9JL6J', 'xL8JL6J', 'xL5JL3J'}
| | | | | +-- , 11 , {13} , {'xL5JL4J', 'xL9JL7J', 'xL8JL7J', 'xL8JL5J', 'xL8JL4J', 'xL9JL6J', 'xL9JL4J', 'xL9JL5J', 'xL5JL3J'}
| | | | | | +-- , 13 , {15} , {'xL5JL4J', 'xL7JL3J', 'xL7JL4J', 'xL8JL5J', 'xL6JL4J', 'xL8JL4J', 'xL9JL4J', 'xL6JL3J', 'xL7JL5J', 'xL9JL5J', 'xL5JL3J'}
| | | | | | | +-- , 15 , {17} , {'xL7JL3J', 'xL7JL4J', 'xL7JL1J', 'xL7JL5J', 'xL7JL2J'}
| | | | | | | | +-- , 17 , {20} , {'xL8JL1J', 'xL9JL1J', 'xL7JL1J', 'xL7JL2J'}
| | | | | | | | | +-- , 20 , set() , {'xL8JL2J', 'xL9JL2J', 'xL8JL1J', 'xL9JL1J', 'xL7JL2J'}
| | | +-- , 22 , {24, 28} , {'xL5JL2J', 'xL1JL2J', 'xL3JL2J', 'xL2JL2J', 'xL5JL1J', 'xL3JL3J', 'xL3JL4J'}
| | | | +-- , 24 , {26} , {'xL5JL2J', 'xL2JL2J', 'xL1JL2J', 'xL5JL1J', 'xL3JL2J', 'xL4JL2J'}
| | | | | +-- , 26 , set() , {'xL5JL1J', 'xL4JL1J', 'xL4JL2J'}
| | | | +-- , 28 , {32, 30} , {'xL2JL3J', 'xL2JL2J', 'xL1JL2J', 'xL3JL3J', 'xL3JL4J'}
| | | | | +-- , 32 , set() , {'xL2JL3J', 'xL1JL3J', 'xL1JL2J', 'xL3JL3J'}
| | | | | +-- , 30 , set() , {'xL2JL3J', 'xL3JL4J', 'xL2JL2J', 'xL2JL4J'}


Max number of edges with non zero Y: 2
Max number of iterations of outer rounding loop: 0
Max number of candidate sets: 0
Time spent rounding: 0.000
Time spent solving Separator LP: 1.911
Total time spent solving: 4.137

LP Solver: GaifmanNormalILP
Lower Bound Witness = ({'xL7JL3J', 'xL2JL2J', 'xL7JL8J', 'xL7JL10J', 'xL1JL8J', 'xL8JL12J', 'xL7JL4J', 'xL2JL3J', 'xL7JL5J', 'xL5JL11J', 'xL8JL11J', 'xL5JL13J', 'xL5JL2J', 'xL7JL12J', 'xL8JL5J', 'xL9JL4J', 'xL8JL6J', 'xL5JL3J', 'xL5JL7J', 'xL2JL12J', 'xL6JL13J', 'xL2JL4J', 'xL8JL8J', 'xL6JL9J', 'xL3JL12J', 'xL5JL4J', 'xL1JL13J', 'xL2JL9J', 'xL9JL1J', 'xL1JL10J', 'xL3JL11J', 'xL3JL6J', 'xL4JL6J', 'xL1JL7J', 'xL5JL6J', 'xL6JL4J', 'xL5JL10J', 'xL9JL5J', 'xL1JL2J', 'xL5JL1J', 'xL9JL6J', 'xL6JL8J', 'xL1JL9J', 'xL2JL8J', 'xL6JL7J', 'xL4JL2J', 'xL8JL1J', 'xL9JL11J', 'xL9JL12J', 'xL3JL9J', 'xL7JL11J', 'xL3JL4J', 'xL9JL7J', 'xL5JL12J', 'xL8JL7J', 'xL5JL8J', 'xL3JL5J', 'xL3JL3J', 'xL2JL7J', 'xL8JL10J', 'xL4JL5J', 'xL2JL6J', 'xL1JL3J', 'xL7JL1J', 'xL4JL10J', 'xL2JL13J', 'xL7JL2J', 'xL1JL12J', 'xL3JL13J', 'xL4JL7J', 'xL8JL4J', 'xL4JL8J', 'xL6JL3J', 'xL3JL10J', 'xL6JL12J', 'xL8JL2J', 'xL4JL1J', 'xL9JL2J', 'xL7JL9J', 'xL2JL10J', 'xL3JL2J', 'xL6JL6J', 'xL4JL11J'}, {'xL5JL2J', 'xL1JL10J', 'xL4JL11J', 'xL3JL3J', 'xL8JL6J'})