36, 3.3737605836306623, 8.0, 8
+-- , 0 , {65, 3, 67, 69, 13, 15, 19, 35, 39, 41, 43, 45, 47, 49, 51, 53, 55} , {'xL9J', 'zL78J', 'zL77J', 'xL0J', 'xL7J', 'xL6J', 'zL5J', 'zL21J', 'xL2J', 'zL4J', 'xL1J', 'xL8J', 'xL4J', 'zL14J', 'zL32J'}
| +-- , 65 , set() , {'xL2J', 'zL6J', 'zL7J', 'w4', 'xL4J', 'xL0J', 'zL5J'}
| +-- , 3 , {5} , {'xL9J', 'xL2J', 'xL1J', 'xL8J', 'xL4J', 'zL12J', 'zL14J', 'xL0J', 'xL6J', 'zL13J'}
| | +-- , 5 , {11, 7} , {'zL64J', 'xL9J', 'zL47J', 'zL46J', 'yL16J', 'w14', 'xL0J', 'w19', 'zL44J', 'xL6J', 'zL66J', 'xL2J', 'xL1J', 'xL8J', 'xL4J', 'zL12J', 'zL67J', 'zL45J'}
| | | +-- , 11 , set() , {'xL4J', 'zL44J', 'yL11J'}
| | | +-- , 7 , {9} , {'zL64J', 'zL65J', 'xL9J', 'zL46J', 'zL12J', 'xL3J', 'zL45J', 'zL66J'}
| | | | +-- , 9 , set() , {'zL12J', 'xL3J', 'yL3J'}
| +-- , 67 , set() , {'xL2J', 'xL1J', 'xL8J', 'zL40J', 'xL4J', 'zL41J', 'zL43J', 'yL10J', 'xL6J', 'w13', 'zL42J'}
| +-- , 69 , {71} , {'zL21J', 'xL9J', 'xL0J', 'zL22J', 'xL7J'}
| | +-- , 71 , {73} , {'xL0J', 'xL9J', 'zL22J', 'zL23J'}
| | | +-- , 73 , set() , {'zL23J', 'xL9J', 'w8'}
| +-- , 13 , set() , {'zL52J', 'xL9J', 'xL1J', 'xL8J', 'xL0J', 'zL54J', 'w16', 'zL53J', 'xL6J', 'zL55J', 'yL13J'}
| +-- , 15 , set() , {'zL24J', 'xL8J', 'xL4J', 'yL6J', 'w9', 'xL0J', 'zL27J', 'xL7J', 'xL6J', 'zL25J', 'zL26J'}
| +-- , 19 , {33, 21, 23, 25, 29, 31} , {'zL79J', 'zL21J', 'xL9J', 'xL2J', 'zL4J', 'xL1J', 'zL78J', 'xL4J', 'xL5J', 'zL14J', 'xL0J', 'xL7J', 'zL32J', 'yL1J', 'xL6J'}
| | +-- , 33 , set() , {'xL5J', 'zL32J', 'yL8J'}
| | +-- , 21 , set() , {'yL4J', 'xL2J', 'w7', 'zL18J', 'zL17J', 'xL6J', 'xL0J', 'xL7J', 'zL19J', 'xL5J', 'zL16J'}
| | +-- , 23 , set() , {'yL18J', 'xL9J', 'xL2J', 'xL1J', 'zL75J', 'w21', 'zL73J', 'zL74J', 'xL0J', 'zL72J', 'xL5J'}
| | +-- , 25 , {27} , {'zL14J', 'zL15J', 'xL7J', 'xL5J'}
| | | +-- , 27 , set() , {'zL15J', 'xL7J', 'w6'}
| | +-- , 29 , set() , {'zL21J', 'xL4J', 'zL20J', 'yL5J', 'xL5J'}
| | +-- , 31 , set() , {'zL79J', 'xL5J', 'w22'}
| +-- , 35 , {37} , {'xL2J', 'zL76J', 'xL1J', 'zL77J'}
| | +-- , 37 , set() , {'zL76J', 'xL1J', 'yL19J'}
| +-- , 39 , set() , {'w15', 'xL1J', 'xL8J', 'xL4J', 'zL49J', 'zL51J', 'xL0J', 'zL48J', 'zL50J', 'xL6J', 'yL12J'}
| +-- , 41 , set() , {'w10', 'xL9J', 'xL2J', 'zL31J', 'xL8J', 'zL29J', 'xL6J', 'xL7J', 'zL28J', 'yL7J', 'zL30J'}
| +-- , 43 , set() , {'yL15J', 'xL2J', 'w18', 'xL1J', 'zL60J', 'xL0J', 'xL7J', 'zL63J', 'zL61J', 'xL6J', 'zL62J'}
| +-- , 45 , set() , {'xL9J', 'zL8J', 'zL10J', 'xL1J', 'xL8J', 'xL4J', 'w5', 'zL9J', 'yL2J', 'zL11J', 'xL7J'}
| +-- , 47 , set() , {'xL9J', 'zL33J', 'xL2J', 'xL1J', 'xL8J', 'zL32J', 'w11', 'zL35J', 'zL34J'}
| +-- , 49 , set() , {'xL9J', 'yL9J', 'zL39J', 'xL8J', 'zL37J', 'xL1J', 'xL6J', 'zL38J', 'xL0J', 'w12', 'zL36J'}
| +-- , 51 , set() , {'xL9J', 'zL68J', 'xL2J', 'w20', 'xL1J', 'xL4J', 'zL71J', 'zL70J', 'xL7J', 'zL69J', 'yL17J'}
| +-- , 53 , set() , {'zL1J', 'xL9J', 'yL0J', 'xL2J', 'zL2J', 'xL1J', 'zL3J', 'xL7J', 'zL0J', 'xL6J', 'w3'}
| +-- , 55 , {57, 61} , {'zL57J', 'xL9J', 'xL2J', 'zL58J', 'xL8J', 'xL4J', 'xL0J'}
| | +-- , 57 , {59} , {'zL57J', 'zL56J', 'xL0J', 'xL4J'}
| | | +-- , 59 , set() , {'zL56J', 'yL14J', 'xL0J'}
| | +-- , 61 , {63} , {'xL2J', 'zL59J', 'zL58J', 'xL8J'}
| | | +-- , 63 , set() , {'w17', 'xL2J', 'zL59J'}


Max number of edges with non zero Y: 35
Max number of iterations of outer rounding loop: 1
Max number of candidate sets: 2
Time spent rounding: 9.584
Time spent solving Separator LP: 9.710
Total time spent solving: 25.945

LP Solver: GaifmanBoosted
Lower Bound Witness = ({'zL64J', 'w14', 'xL7J', 'yL1J', 'xL6J', 'zL69J', 'yL12J', 'zL21J', 'zL65J', 'zL24J', 'zL4J', 'xL1J', 'zL75J', 'zL51J', 'w9', 'yL17J', 'zL79J', 'xL9J', 'yL4J', 'w7', 'yL11J', 'zL7J', 'zL9J', 'zL73J', 'zL77J', 'xL0J', 'zL61J', 'zL34J', 'zL57J', 'w15', 'xL2J', 'zL33J', 'zL3J', 'zL28J', 'zL43J', 'yL7J', 'zL66J', 'zL52J', 'zL1J', 'zL10J', 'zL17J', 'yL9J', 'yL16J', 'zL71J', 'yL3J', 'w16', 'zL44J', 'w19', 'zL76J', 'zL35J', 'w3', 'zL26J', 'zL23J', 'w13', 'xL8J', 'zL49J', 'zL32J', 'yL10J', 'w17', 'zL25J', 'zL47J', 'w18', 'w20', 'zL37J', 'zL29J', 'zL56J', 'zL13J', 'zL5J', 'yL13J', 'zL16J', 'yL15J', 'yL0J', 'w6', 'zL74J', 'yL2J', 'zL72J', 'zL53J', 'yL5J', 'zL50J', 'zL36J', 'yL8J', 'zL8J', 'yL19J', 'zL39J', 'w4', 'zL19J', 'yL18J', 'zL59J', 'zL6J', 'zL41J', 'zL20J', 'zL45J', 'w10', 'zL58J', 'zL46J', 'w21', 'yL14J', 'zL30J', 'zL22J', 'zL12J', 'zL14J', 'zL11J', 'zL38J', 'zL0J', 'zL55J', 'yL6J', 'zL48J', 'w11', 'zL18J', 'xL4J', 'zL60J', 'zL15J', 'zL63J', 'zL68J', 'zL31J', 'zL78J', 'zL40J', 'w8', 'zL70J', 'xL3J', 'w12', 'zL62J', 'zL42J', 'zL2J', 'w5', 'zL67J', 'w22', 'zL54J', 'zL27J', 'xL5J'}, {'zL1J', 'zL17J', 'yL6J', 'zL44J', 'zL26J', 'yL12J', 'zL59J', 'zL4J', 'zL6J', 'zL75J', 'zL41J', 'zL32J', 'zL20J', 'w9', 'zL31J', 'zL58J', 'w20', 'zL7J', 'zL62J', 'yL13J', 'zL42J', 'w5', 'zL12J', 'zL14J', 'w22', 'zL38J', 'zL54J', 'zL0J', 'zL72J', 'xL5J'})