21, 2.9157158788710644, 8.5, 9
+-- , 0 , {50, 52, 5} , {'xL17J', 'xL1J', 'xL16J', 'xL11J', 'xL19J', 'xL12J', 'xL29J', 'xL32J', 'xL3J', 'xL27J', 'xL0J', 'xL6J'}
| +-- , 50 , set() , {'xL32J', 'xL17J', 'xL1J', 'xL12J', 'xL2J'}
| +-- , 52 , set() , {'xL19J', 'xL28J'}
| +-- , 5 , {7} , {'xL17J', 'xL1J', 'xL16J', 'xL11J', 'xL19J', 'xL12J', 'xL29J', 'xL32J', 'xL3J', 'xL27J', 'xL21J', 'xL6J'}
| | +-- , 7 , {16, 48, 42, 44, 46} , {'xL33J', 'xL17J', 'xL16J', 'xL11J', 'xL36J', 'xL38J', 'xL19J', 'xL12J', 'xL29J', 'xL9J', 'xL14J', 'xL32J', 'xL35J', 'xL3J', 'xL27J', 'xL21J', 'xL6J'}
| | | +-- , 16 , {19, 29} , {'xL33J', 'xL16J', 'xL11J', 'xL36J', 'xL38J', 'xL19J', 'xL18J', 'xL12J', 'xL9J', 'xL14J', 'xL32J', 'xL35J', 'xL3J', 'xL27J', 'xL7J', 'xL21J', 'xL6J'}
| | | | +-- , 19 , {21} , {'xL33J', 'xL36J', 'xL38J', 'xL18J', 'xL12J', 'xL14J', 'xL32J', 'xL35J', 'xL3J', 'xL7J', 'xL6J', 'xL24J'}
| | | | | +-- , 21 , {23} , {'xL33J', 'xL34J', 'xL36J', 'xL38J', 'xL12J', 'xL18J', 'xL14J', 'xL35J', 'xL3J', 'xL7J', 'xL24J'}
| | | | | | +-- , 23 , {25} , {'xL34J', 'xL36J', 'xL38J', 'xL23J', 'xL12J', 'xL18J', 'xL14J', 'xL35J', 'xL3J', 'xL7J', 'xL24J'}
| | | | | | | +-- , 25 , {27} , {'xL14J', 'xL34J', 'xL13J', 'xL36J', 'xL38J', 'xL23J', 'xL18J', 'xL35J', 'xL7J'}
| | | | | | | | +-- , 27 , set() , {'xL13J', 'xL18J', 'xL7J', 'xL8J'}
| | | | +-- , 29 , {31} , {'xL33J', 'xL16J', 'xL11J', 'xL38J', 'xL18J', 'xL9J', 'xL14J', 'xL10J', 'xL35J', 'xL27J', 'xL7J', 'xL21J', 'xL6J'}
| | | | | +-- , 31 , {34} , {'xL33J', 'xL16J', 'xL11J', 'xL18J', 'xL14J', 'xL10J', 'xL35J', 'xL26J', 'xL27J', 'xL4J', 'xL7J', 'xL21J', 'xL6J'}
| | | | | | +-- , 34 , {36} , {'xL33J', 'xL5J', 'xL16J', 'xL11J', 'xL14J', 'xL10J', 'xL35J', 'xL26J', 'xL27J', 'xL4J', 'xL21J', 'xL6J'}
| | | | | | | +-- , 36 , {40, 38} , {'xL14J', 'xL33J', 'xL5J', 'xL16J', 'xL11J', 'xL35J', 'xL26J', 'xL20J', 'xL27J', 'xL4J', 'xL39J', 'xL6J'}
| | | | | | | | +-- , 40 , set() , {'xL14J', 'xL31J', 'xL35J', 'xL20J', 'xL6J'}
| | | | | | | | +-- , 38 , set() , {'xL33J', 'xL16J', 'xL11J', 'xL35J', 'xL20J', 'xL15J'}
| | | +-- , 48 , set() , {'xL19J', 'xL9J', 'xL37J'}
| | | +-- , 42 , set() , {'xL14J', 'xL32J', 'xL33J', 'xL17J', 'xL12J', 'xL9J', 'xL25J'}
| | | +-- , 44 , set() , {'xL14J', 'xL27J', 'xL22J'}
| | | +-- , 46 , set() , {'xL21J', 'xL14J', 'xL32J', 'xL30J'}


Max number of edges with non zero Y: 27
Max number of iterations of outer rounding loop: 8
Max number of candidate sets: 2
Time spent rounding: 43.831
Time spent solving Separator LP: 1.139

LP Solver: GaifmanBoosted