52, 3.494825755399991, 9.0, 9
+-- , 0 , {3, 101, 103, 105, 9, 107, 75, 77, 79, 81, 83, 85, 87, 91} , {'yL8J', 'xL2J', 'zL62J', 'zL73J', 'zL25J', 'zL32J', 'xL7J', 'xL8J', 'xL6J', 'yL12J', 'xL1J', 'zL9J', 'zL26J', 'xL4J', 'zL48J', 'xL0J', 'zL8J', 'zL74J', 'xL9J'}
| +-- , 3 , {5} , {'zL75J', 'zL74J', 'xL9J', 'xL4J'}
| | +-- , 5 , set() , {'w21', 'xL4J', 'zL75J'}
| +-- , 101 , set() , {'yL13J', 'xL4J', 'w16', 'zL53J', 'xL0J', 'xL7J', 'zL55J', 'zL52J', 'xL9J', 'xL6J', 'zL54J'}
| +-- , 103 , set() , {'zL44J', 'zL46J', 'w14', 'zL47J', 'xL4J', 'yL11J', 'xL0J', 'xL8J', 'xL6J', 'xL9J', 'zL45J'}
| +-- , 105 , set() , {'xL2J', 'zL12J', 'zL14J', 'zL15J', 'yL3J', 'xL0J', 'xL7J', 'zL13J', 'xL8J', 'xL6J', 'w6'}
| +-- , 9 , {71, 73, 11} , {'zL72J', 'xL2J', 'zL62J', 'zL10J', 'zL73J', 'zL32J', 'xL7J', 'zL19J', 'xL8J', 'xL6J', 'zL18J', 'xL1J', 'zL9J', 'xL4J', 'zL48J', 'xL0J', 'zL26J', 'zL11J', 'xL9J'}
| | +-- , 71 , set() , {'xL6J', 'w5', 'zL11J'}
| | +-- , 73 , set() , {'zL19J', 'w7', 'xL1J'}
| | +-- , 11 , {67, 61, 69, 15} , {'zL72J', 'xL3J', 'xL2J', 'zL62J', 'zL10J', 'zL32J', 'xL7J', 'xL8J', 'xL6J', 'zL2J', 'zL18J', 'xL1J', 'zL9J', 'xL4J', 'zL48J', 'zL3J', 'xL0J', 'zL26J', 'xL9J'}
| | | +-- , 67 , set() , {'zL72J', 'xL3J', 'yL18J'}
| | | +-- , 61 , {63} , {'xL3J', 'zL62J', 'zL61J', 'xL1J', 'xL4J'}
| | | | +-- , 63 , {65} , {'zL60J', 'zL61J', 'xL1J', 'xL4J'}
| | | | | +-- , 65 , set() , {'zL60J', 'yL15J', 'xL4J'}
| | | +-- , 69 , set() , {'xL8J', 'w3', 'zL3J'}
| | | +-- , 15 , {17, 59} , {'zL50J', 'xL3J', 'xL2J', 'zL32J', 'xL7J', 'xL8J', 'xL6J', 'zL2J', 'zL18J', 'zL51J', 'xL4J', 'zL48J', 'xL0J', 'zL26J', 'xL9J'}
| | | | +-- , 17 , {57, 19} , {'xL3J', 'xL2J', 'zL79J', 'zL32J', 'xL7J', 'xL8J', 'xL6J', 'zL2J', 'zL18J', 'zL65J', 'w22', 'zL66J', 'zL51J', 'xL4J', 'xL0J', 'zL26J', 'xL9J'}
| | | | | +-- , 57 , set() , {'zL65J', 'zL64J', 'yL16J', 'xL8J', 'xL6J'}
| | | | | +-- , 19 , {25, 21} , {'xL3J', 'xL2J', 'zL79J', 'zL32J', 'xL7J', 'xL6J', 'zL2J', 'zL18J', 'zL78J', 'zL66J', 'zL51J', 'zL77J', 'xL4J', 'xL0J', 'zL26J', 'xL9J'}
| | | | | | +-- , 25 , {33, 39, 45, 47, 51, 55, 27, 29} , {'xL3J', 'xL5J', 'xL2J', 'zL27J', 'zL59J', 'zL79J', 'zL17J', 'zL1J', 'zL32J', 'xL7J', 'xL6J', 'zL2J', 'zL18J', 'zL78J', 'zL66J', 'zL51J', 'xL4J', 'zL33J', 'xL0J', 'zL26J', 'zL58J', 'xL9J'}
| | | | | | | +-- , 33 , {35} , {'xL5J', 'zL57J', 'xL6J', 'zL58J', 'xL4J'}
| | | | | | | | +-- , 35 , {37} , {'xL5J', 'zL57J', 'zL56J', 'xL4J'}
| | | | | | | | | +-- , 37 , set() , {'zL56J', 'xL5J', 'yL14J'}
| | | | | | | +-- , 39 , {41} , {'zL34J', 'zL33J', 'xL3J', 'xL5J', 'xL6J'}
| | | | | | | | +-- , 41 , {43} , {'zL34J', 'xL5J', 'xL6J', 'zL35J'}
| | | | | | | | | +-- , 43 , set() , {'xL6J', 'zL35J', 'w11'}
| | | | | | | +-- , 45 , set() , {'xL3J', 'w9', 'zL27J'}
| | | | | | | +-- , 47 , {49} , {'zL67J', 'xL5J', 'zL66J', 'xL7J'}
| | | | | | | | +-- , 49 , set() , {'zL67J', 'xL5J', 'w19'}
| | | | | | | +-- , 51 , {53} , {'zL16J', 'xL3J', 'zL17J', 'xL4J'}
| | | | | | | | +-- , 53 , set() , {'zL16J', 'yL4J', 'xL4J'}
| | | | | | | +-- , 55 , set() , {'zL59J', 'xL2J', 'w17'}
| | | | | | | +-- , 27 , set() , {'xL5J', 'w15', 'zL51J'}
| | | | | | | +-- , 29 , {31} , {'zL1J', 'xL0J', 'xL5J', 'zL0J'}
| | | | | | | | +-- , 31 , set() , {'yL0J', 'zL0J', 'xL5J'}
| | | | | | +-- , 21 , {23} , {'xL0J', 'zL77J', 'xL9J', 'zL76J'}
| | | | | | | +-- , 23 , set() , {'yL19J', 'xL0J', 'zL76J'}
| | | | +-- , 59 , set() , {'zL50J', 'xL3J', 'zL49J', 'zL48J', 'xL9J'}
| +-- , 107 , set() , {'zL8J', 'xL7J', 'yL2J'}
| +-- , 75 , set() , {'yL6J', 'zL25J', 'xL0J', 'xL6J', 'zL24J'}
| +-- , 77 , set() , {'xL2J', 'yL7J', 'zL31J', 'zL29J', 'xL0J', 'xL7J', 'xL8J', 'xL6J', 'w10', 'zL28J', 'zL30J'}
| +-- , 79 , set() , {'xL2J', 'zL39J', 'zL38J', 'xL9J', 'zL37J', 'xL0J', 'w12', 'yL9J', 'xL8J', 'xL6J', 'zL36J'}
| +-- , 81 , set() , {'xL2J', 'xL4J', 'xL9J', 'zL41J', 'w13', 'xL7J', 'zL43J', 'zL40J', 'xL6J', 'zL42J', 'yL10J'}
| +-- , 83 , set() , {'yL1J', 'xL2J', 'zL6J', 'w4', 'zL5J', 'xL0J', 'xL7J', 'zL4J', 'zL7J', 'xL9J', 'xL1J'}
| +-- , 85 , set() , {'xL2J', 'zL69J', 'yL17J', 'zL70J', 'zL68J', 'xL4J', 'w20', 'xL8J', 'zL71J', 'xL6J', 'xL1J'}
| +-- , 87 , {89} , {'xL2J', 'xL0J', 'zL62J', 'zL63J'}
| | +-- , 89 , set() , {'w18', 'xL2J', 'zL63J'}
| +-- , 91 , {99, 93} , {'xL2J', 'zL23J', 'xL1J', 'xL0J', 'xL7J', 'xL9J', 'zL22J'}
| | +-- , 99 , set() , {'w8', 'xL9J', 'zL23J'}
| | +-- , 93 , {95} , {'xL0J', 'xL7J', 'zL22J', 'zL21J', 'xL1J'}
| | | +-- , 95 , {97} , {'xL0J', 'zL20J', 'zL21J', 'xL1J'}
| | | | +-- , 97 , set() , {'yL5J', 'xL0J', 'zL20J'}


Max number of edges with non zero Y: 39
Max number of iterations of outer rounding loop: 4
Max number of candidate sets: 2
Time spent rounding: 16.068
Time spent solving Separator LP: 10.978
Total time spent solving: 36.685

LP Solver: GaifmanBoosted
Lower Bound Witness = ({'zL27J', 'zL23J', 'zL60J', 'yL0J', 'zL17J', 'zL18J', 'zL54J', 'yL14J', 'zL45J', 'zL22J', 'yL17J', 'zL46J', 'zL68J', 'zL33J', 'zL41J', 'w5', 'zL28J', 'zL24J', 'w7', 'yL18J', 'zL53J', 'zL71J', 'zL2J', 'zL0J', 'zL5J', 'w16', 'zL37J', 'zL74J', 'zL26J', 'zL58J', 'zL42J', 'xL9J', 'w6', 'zL50J', 'xL5J', 'zL6J', 'zL61J', 'zL10J', 'zL1J', 'zL13J', 'zL40J', 'zL19J', 'yL12J', 'yL2J', 'w8', 'w20', 'w12', 'yL13J', 'w10', 'zL67J', 'xL2J', 'w9', 'zL79J', 'yL9J', 'zL52J', 'zL78J', 'zL77J', 'zL47J', 'zL75J', 'xL4J', 'zL34J', 'zL14J', 'yL3J', 'zL3J', 'w19', 'zL55J', 'w14', 'xL3J', 'zL44J', 'zL59J', 'zL21J', 'w3', 'zL12J', 'zL29J', 'w13', 'yL5J', 'yL19J', 'xL1J', 'zL51J', 'w17', 'zL38J', 'xL0J', 'zL57J', 'zL11J', 'yL1J', 'zL72J', 'yL8J', 'w18', 'zL49J', 'zL32J', 'zL43J', 'xL6J', 'w11', 'w22', 'zL66J', 'yL11J', 'zL15J', 'w21', 'zL36J', 'yL7J', 'zL73J', 'zL25J', 'zL20J', 'zL7J', 'xL8J', 'zL30J', 'zL56J', 'zL65J', 'zL69J', 'w4', 'yL6J', 'zL8J', 'zL16J', 'zL62J', 'zL70J', 'yL4J', 'zL35J', 'zL63J', 'yL15J', 'xL7J', 'zL39J', 'yL10J', 'zL64J', 'zL9J', 'yL16J', 'zL31J', 'zL48J', 'zL4J', 'w15', 'zL76J'}, {'xL5J', 'zL6J', 'zL21J', 'zL29J', 'yL0J', 'zL1J', 'zL19J', 'yL19J', 'zL45J', 'yL2J', 'zL69J', 'zL68J', 'w4', 'zL33J', 'zL41J', 'w12', 'yL13J', 'zL57J', 'zL16J', 'zL67J', 'zL62J', 'zL70J', 'zL55J', 'yL9J', 'xL6J', 'zL78J', 'yL16J', 'zL75J', 'yL11J', 'zL4J', 'w6'})