12, 0, 8.0, 10
+-- , 3 , {0, 5} , {'10', '89', '3', '40', '60', '8', '49', '61', '21', '28', '22', '65', '84', '67', '39', '31', '73', '83', '68', '13', '55', '78', '75', '30', '70', '43', '81', '85', '12', '59', '1', '2', '72', '50', '0', '4', '90', '74', '11', '52', '87', '42', '5', '77', '36', '6', '33', '64', '53', '44', '24', '14', '46', '9', '16', '25'}
| +-- , 0 , {7} , {'10', '60', '22', '65', '31', '73', '83', '55', '2', '72', '11', '52', '87', '42', '77', '6', '44', '14', '16', '25', '89', '3', '40', '8', '49', '61', '28', '38', '84', '67', '13', '30', '70', '81', '85', '12', '59', '1', '4', '34', '90', '5', '36', '33', '64', '9', '46'}
| | +-- , 7 , {9, 23} , {'10', '89', '3', '8', '49', '61', '28', '22', '65', '38', '84', '31', '73', '83', '13', '55', '30', '70', '85', '12', '59', '72', '4', '34', '90', '52', '76', '87', '42', '5', '77', '36', '27', '6', '33', '64', '44', '9', '14', '46', '16', '25'}
| | | +-- , 9 , {11, 13} , {'10', '22', '65', '73', '83', '55', '45', '72', '52', '76', '87', '77', '27', '6', '44', '14', '16', '25', '89', '3', '8', '49', '61', '28', '38', '84', '54', '13', '30', '70', '85', '12', '59', '4', '34', '23', '90', '5', '36', '33', '64', '9', '46'}
| | | | +-- , 11 , set() , {'54', '5', '3', '27', '23', '12', '9', '14', '65', '76', '19'}
| | | | +-- , 13 , {17, 15} , {'10', '89', '3', '8', '88', '49', '61', '28', '22', '65', '38', '84', '54', '73', '83', '13', '55', '45', '30', '70', '85', '12', '59', '72', '4', '34', '23', '90', '52', '76', '87', '79', '77', '36', '27', '6', '33', '64', '44', '37', '9', '46', '16', '25'}
| | | | | +-- , 17 , {19, 21} , {'89', '3', '8', '88', '49', '28', '65', '38', '54', '83', '13', '55', '45', '30', '12', '51', '47', '86', '72', '82', '4', '34', '23', '7', '52', '76', '87', '79', '77', '36', '27', '6', '33', '17', '44', '37', '9', '46', '35', '63', '16', '25'}
| | | | | | +-- , 19 , set() , {'79', '27', '82', '33', '58', '23', '37', '44', '20', '35', '25'}
| | | | | | +-- , 21 , set() , {'52', '87', '82', '33', '8', '30', '34', '86', '35', '76', '56'}
| | | | | +-- , 15 , set() , {'10', '66', '88', '61', '22', '38', '84', '73', '45', '30', '70', '59', '32', '26', '23', '90', '52', '79', '6', '64', '37', '9', '48', '62', '69', '25'}
| | | +-- , 23 , set() , {'42', '27', '49', '90', '14', '38', '76', '15', '72', '31'}
| +-- , 5 , set() , {'10', '50', '68', '78', '75', '43', '21', '14', '65', '71'}


Max number of edges with non zero Y: 21
Max number of iterations of outer rounding loop: 5
Max number of candidate sets: 2
Time spent rounding: 0.359
Time spent solving Separator LP: 0.014
Total time spent solving: 0.760

LP Solver: gammaPlusFractionalCoverHeuristic
Number of Rounding Attemps: 4
Lower Bound Witness = ({'10', '60', '21', '20', '15', '31', '83', '55', '75', '43', '2', '72', '26', '7', '52', '76', '79', '42', '77', '37', '48', '69', '25', '66', '58', '49', '61', '84', '13', '78', '81', '85', '86', '59', '1', '32', '50', '4', '23', '90', '5', '9', '35', '63', '22', '65', '19', '56', '73', '68', '45', '11', '87', '27', '6', '53', '44', '14', '16', '89', '3', '40', '8', '88', '28', '38', '67', '39', '54', '30', '70', '12', '51', '47', '0', '82', '34', '74', '36', '33', '17', '64', '24', '46', '62', '71'}, {'71', '34', '90', '72', '31'})