14, 0, 7.9, 9
+-- , 3 , {0, 5} , {'10', '89', '3', '66', '8', '58', '88', '21', '22', '65', '38', '20', '84', '31', '73', '55', '45', '30', '70', '81', '85', '12', '47', '86', '1', '72', '32', '50', '82', '4', '23', '90', '52', '79', '77', '36', '27', '6', '33', '64', '53', '44', '37', '9', '46', '35', '69', '25'}
| +-- , 0 , {7, 30} , {'10', '89', '3', '66', '8', '58', '88', '61', '21', '65', '20', '38', '84', '31', '55', '45', '30', '70', '81', '85', '12', '47', '86', '59', '1', '72', '32', '50', '82', '4', '23', '90', '52', '79', '77', '36', '27', '6', '33', '64', '53', '44', '9', '46', '35', '25'}
| | +-- , 7 , {9, 28} , {'10', '89', '3', '8', '88', '61', '21', '65', '38', '84', '31', '55', '30', '70', '85', '12', '47', '86', '59', '1', '72', '50', '82', '4', '34', '23', '90', '52', '76', '87', '79', '77', '36', '27', '6', '33', '64', '53', '44', '9', '46', '35', '25'}
| | | +-- , 9 , {26, 12} , {'10', '21', '65', '31', '83', '55', '75', '72', '52', '76', '87', '79', '77', '27', '6', '53', '44', '16', '25', '89', '3', '40', '8', '88', '61', '38', '84', '13', '30', '70', '85', '12', '47', '59', '1', '50', '4', '34', '23', '90', '36', '33', '64', '9', '46', '35'}
| | | | +-- , 26 , set() , {'83', '40', '13', '75', '6', '33', '4', '64', '30', '61', '90', '44', '11', '46', '1', '84', '16', '25'}
| | | | +-- , 12 , {22, 24, 15} , {'10', '21', '65', '31', '83', '55', '75', '72', '52', '76', '87', '79', '77', '27', '6', '53', '44', '14', '16', '25', '89', '3', '40', '8', '88', '49', '61', '38', '13', '70', '85', '12', '47', '59', '50', '34', '23', '90', '36', '33', '64', '9', '46', '35'}
| | | | | +-- , 22 , set() , {'40', '8', '49', '61', '38', '15', '67', '39', '31', '83', '75', '12', '72', '50', '90', '76', '87', '42', '27', '33', '53', '9', '14', '46', '25'}
| | | | | +-- , 24 , set() , {'55', '6', '23', '49', '63', '65', '35', '52', '72', '87'}
| | | | | +-- , 15 , {18, 20} , {'10', '89', '3', '40', '8', '88', '49', '21', '65', '38', '19', '31', '54', '83', '68', '13', '75', '43', '70', '85', '12', '47', '59', '72', '50', '34', '23', '90', '76', '87', '79', '5', '77', '36', '27', '6', '64', '44', '9', '14', '46', '16', '25'}
| | | | | | +-- , 18 , set() , {'89', '3', '8', '88', '49', '28', '38', '54', '83', '68', '13', '70', '43', '12', '51', '47', '72', '0', '34', '90', '74', '7', '87', '79', '77', '36', '6', '17', '16'}
| | | | | | +-- , 20 , set() , {'10', '89', '40', '60', '8', '21', '65', '31', '68', '78', '75', '43', '85', '12', '59', '2', '72', '50', '34', '5', '64', '44', '24', '14', '46', '71', '25'}
| | | +-- , 28 , set() , {'52', '87', '82', '33', '8', '30', '34', '86', '35', '76', '56'}
| | +-- , 30 , set() , {'32', '10', '79', '45', '88', '61', '90', '48', '59', '25'}
| +-- , 5 , set() , {'73', '26', '45', '62', '64', '70', '37', '22', '9', '52', '69'}


Max number of edges with non zero Y: 21
Max number of iterations of outer rounding loop: 5
Max number of candidate sets: 2
Time spent rounding: 2.788
Time spent solving Separator LP: 0.020
Total time spent solving: 3.926

LP Solver: gammaPlusFractionalCoverHeuristic
Number of Rounding Attemps: 16
Lower Bound Witness = ({'10', '60', '21', '20', '15', '31', '83', '55', '75', '43', '2', '72', '26', '7', '52', '76', '79', '42', '77', '37', '48', '69', '25', '66', '58', '49', '61', '84', '13', '78', '81', '85', '86', '59', '1', '32', '50', '4', '23', '90', '5', '9', '35', '63', '22', '65', '19', '56', '73', '68', '45', '11', '87', '27', '6', '53', '44', '14', '16', '89', '3', '40', '8', '88', '28', '38', '67', '39', '54', '30', '70', '12', '51', '47', '0', '82', '34', '74', '36', '33', '17', '64', '24', '46', '62', '71'}, {'5', '79', '4', '70', '62'})