12, 0, 10.1, 13
+-- , 0 , {3, 20, 7, 22, 24} , {'46', '55', '58', '1', '65', '18', '83', '52', '8', '33', '63', '84', '64', '10', '16', '15', '60', '45', '41', '42', '12', '47', '79', '57', '25', '29', '4', '27', '7', '37', '87', '44', '34', '56', '35', '75', '11', '89', '36', '81', '85', '90', '72', '49', '86', '74', '2', '77', '48', '3', '28', '61', '91'}
| +-- , 3 , {5} , {'46', '55', '58', '1', '65', '18', '83', '8', '23', '33', '10', '64', '16', '15', '60', '39', '45', '41', '42', '12', '47', '79', '57', '25', '29', '4', '27', '7', '37', '87', '34', '35', '6', '75', '11', '36', '80', '89', '81', '85', '90', '72', '49', '74', '2', '77', '48', '3', '28'}
| | +-- , 5 , set() , {'4', '34', '20', '39', '11', '12', '75', '23', '29'}
| +-- , 20 , set() , {'28', '46', '34', '45', '74', '2', '69', '57', '25'}
| +-- , 7 , {10, 18} , {'46', '55', '58', '1', '65', '18', '83', '52', '8', '63', '84', '64', '10', '16', '19', '60', '41', '38', '42', '12', '47', '57', '25', '29', '68', '4', '7', '37', '27', '44', '34', '56', '35', '59', '75', '11', '89', '36', '81', '17', '85', '90', '72', '49', '86', '74', '2', '43', '77', '48', '3', '61', '91'}
| | +-- , 10 , {16, 12, 14} , {'46', '55', '58', '1', '65', '53', '18', '88', '83', '82', '8', '67', '63', '84', '64', '10', '16', '19', '60', '41', '38', '40', '12', '31', '47', '32', '78', '57', '25', '29', '68', '4', '27', '44', '34', '56', '35', '59', '75', '11', '89', '36', '81', '17', '85', '90', '72', '49', '86', '76', '43', '74', '77', '48', '3'}
| | | +-- , 16 , set() , {'72', '58', '60', '53', '51', '74', '12', '31', '29'}
| | | +-- , 12 , set() , {'90', '55', '44', '19', '43', '82', '66', '11', '67'}
| | | +-- , 14 , set() , {'50', '46', '22', '58', '18', '53', '88', '8', '82', '9', '84', '64', '71', '19', '26', '60', '41', '38', '47', '32', '78', '57', '68', '27', '24', '34', '56', '14', '89', '11', '36', '85', '72', '49', '86', '48', '3'}
| | +-- , 18 , set() , {'58', '62', '8', '52', '54', '0', '10', '19', '38', '57', '68', '29', '7', '37', '59', '75', '81', '49', '43', '91'}
| +-- , 22 , set() , {'84', '46', '21', '37', '44', '86', '30', '12', '13'}
| +-- , 24 , set() , {'85', '72', '1', '16', '41', '5', '3', '36', '29'}


Max number of edges with non zero Y: 25
Max number of iterations of outer rounding loop: 4
Max number of candidate sets: 2
Time spent rounding: 13.987
Time spent solving Separator LP: 0.075
Total time spent solving: 19.261

LP Solver: gammaPlusFractionalCoverHeuristic
Lower Bound Witness = ({'22', '58', '23', '71', '26', '45', '38', '40', '31', '79', '7', '37', '87', '44', '24', '56', '14', '17', '72', '49', '43', '3', '28', '61', '50', '21', '20', '67', '9', '16', '60', '42', '29', '68', '4', '27', '59', '66', '85', '74', '77', '48', '55', '53', '62', '83', '52', '82', '69', '63', '84', '0', '64', '39', '57', '25', '34', '5', '30', '11', '89', '80', '13', '81', '76', '2', '46', '1', '65', '18', '88', '8', '33', '54', '10', '15', '19', '41', '51', '12', '47', '32', '78', '35', '6', '75', '36', '90', '86', '91'}, {'0', '15', '45', '40', '29'})