27, 0, 15.0, 16
+-- , 0 , {5, 60, 62} , {'xL19J', 'xL24J', 'xL27J', 'xL77J', 'xL40J', 'xL37J', 'xL72J', 'xL28J', 'xL65J', 'xL25J', 'xL29J', 'xL36J', 'xL6J', 'xL62J', 'xL0J', 'xL56J', 'xL61J', 'xL74J', 'xL71J', 'xL57J', 'xL3J', 'xL78J', 'xL48J', 'xL34J', 'xL35J', 'xL43J', 'xL16J', 'xL60J', 'xL68J', 'xL1J', 'xL53J', 'xL32J'}
| +-- , 5 , {58, 7} , {'xL19J', 'xL72J', 'xL27J', 'xL77J', 'xL40J', 'xL37J', 'xL24J', 'xL28J', 'xL65J', 'xL25J', 'xL29J', 'xL36J', 'xL76J', 'xL6J', 'xL62J', 'xL0J', 'xL56J', 'xL61J', 'xL74J', 'xL57J', 'xL3J', 'xL78J', 'xL48J', 'xL34J', 'xL35J', 'xL43J', 'xL16J', 'xL60J', 'xL68J', 'xL1J', 'xL53J', 'xL32J'}
| | +-- , 58 , set() , {'xL1J', 'xL26J', 'xL76J'}
| | +-- , 7 , {54, 56, 13} , {'xL19J', 'xL72J', 'xL27J', 'xL77J', 'xL40J', 'xL37J', 'xL24J', 'xL28J', 'xL22J', 'xL65J', 'xL25J', 'xL29J', 'xL36J', 'xL76J', 'xL6J', 'xL62J', 'xL0J', 'xL56J', 'xL15J', 'xL61J', 'xL7J', 'xL74J', 'xL73J', 'xL57J', 'xL3J', 'xL78J', 'xL11J', 'xL48J', 'xL34J', 'xL10J', 'xL35J', 'xL43J', 'xL16J', 'xL67J', 'xL60J', 'xL68J', 'xL53J', 'xL32J'}
| | | +-- , 54 , set() , {'xL35J', 'xL21J', 'xL68J', 'xL61J', 'xL7J'}
| | | +-- , 56 , set() , {'xL35J', 'xL79J', 'xL60J', 'xL78J', 'xL11J'}
| | | +-- , 13 , {15} , {'xL19J', 'xL72J', 'xL27J', 'xL77J', 'xL40J', 'xL37J', 'xL44J', 'xL28J', 'xL24J', 'xL22J', 'xL65J', 'xL25J', 'xL29J', 'xL36J', 'xL76J', 'xL6J', 'xL62J', 'xL0J', 'xL56J', 'xL15J', 'xL61J', 'xL74J', 'xL73J', 'xL57J', 'xL3J', 'xL78J', 'xL11J', 'xL48J', 'xL34J', 'xL10J', 'xL35J', 'xL43J', 'xL16J', 'xL67J', 'xL60J', 'xL68J', 'xL53J', 'xL32J'}
| | | | +-- , 15 , {19} , {'xL72J', 'xL24J', 'xL27J', 'xL77J', 'xL40J', 'xL44J', 'xL28J', 'xL50J', 'xL65J', 'xL63J', 'xL25J', 'xL29J', 'xL36J', 'xL6J', 'xL56J', 'xL74J', 'xL73J', 'xL57J', 'xL3J', 'xL11J', 'xL48J', 'xL34J', 'xL35J', 'xL53J', 'xL32J', 'xL19J', 'xL37J', 'xL22J', 'xL20J', 'xL76J', 'xL62J', 'xL0J', 'xL15J', 'xL61J', 'xL78J', 'xL10J', 'xL43J', 'xL16J', 'xL60J', 'xL68J'}
| | | | | +-- , 19 , {21} , {'xL72J', 'xL24J', 'xL27J', 'xL77J', 'xL40J', 'xL44J', 'xL28J', 'xL50J', 'xL65J', 'xL63J', 'xL25J', 'xL29J', 'xL36J', 'xL6J', 'xL56J', 'xL74J', 'xL73J', 'xL57J', 'xL11J', 'xL48J', 'xL34J', 'xL35J', 'xL53J', 'xL32J', 'xL19J', 'xL37J', 'xL52J', 'xL22J', 'xL20J', 'xL76J', 'xL62J', 'xL0J', 'xL15J', 'xL61J', 'xL78J', 'xL10J', 'xL43J', 'xL16J', 'xL60J', 'xL68J'}
| | | | | | +-- , 21 , {24} , {'xL72J', 'xL24J', 'xL27J', 'xL77J', 'xL40J', 'xL44J', 'xL28J', 'xL50J', 'xL65J', 'xL63J', 'xL25J', 'xL64J', 'xL29J', 'xL36J', 'xL6J', 'xL56J', 'xL23J', 'xL74J', 'xL73J', 'xL57J', 'xL11J', 'xL48J', 'xL34J', 'xL35J', 'xL53J', 'xL32J', 'xL19J', 'xL52J', 'xL22J', 'xL20J', 'xL76J', 'xL62J', 'xL0J', 'xL15J', 'xL49J', 'xL61J', 'xL78J', 'xL10J', 'xL43J', 'xL16J', 'xL5J', 'xL60J', 'xL68J'}
| | | | | | | +-- , 24 , {26} , {'xL72J', 'xL24J', 'xL40J', 'xL77J', 'xL44J', 'xL28J', 'xL50J', 'xL65J', 'xL63J', 'xL25J', 'xL64J', 'xL29J', 'xL36J', 'xL6J', 'xL56J', 'xL23J', 'xL74J', 'xL73J', 'xL12J', 'xL57J', 'xL11J', 'xL48J', 'xL35J', 'xL53J', 'xL32J', 'xL19J', 'xL52J', 'xL22J', 'xL20J', 'xL76J', 'xL70J', 'xL62J', 'xL0J', 'xL15J', 'xL49J', 'xL61J', 'xL78J', 'xL10J', 'xL43J', 'xL16J', 'xL5J', 'xL60J'}
| | | | | | | | +-- , 26 , {28, 30} , {'xL72J', 'xL24J', 'xL40J', 'xL77J', 'xL44J', 'xL28J', 'xL50J', 'xL65J', 'xL63J', 'xL25J', 'xL29J', 'xL36J', 'xL6J', 'xL56J', 'xL74J', 'xL73J', 'xL12J', 'xL11J', 'xL48J', 'xL35J', 'xL53J', 'xL32J', 'xL19J', 'xL52J', 'xL22J', 'xL20J', 'xL76J', 'xL70J', 'xL62J', 'xL0J', 'xL15J', 'xL49J', 'xL61J', 'xL78J', 'xL10J', 'xL43J', 'xL16J', 'xL5J', 'xL60J', 'xL39J'}
| | | | | | | | | +-- , 28 , set() , {'xL73J', 'xL72J', 'xL51J', 'xL42J', 'xL44J', 'xL50J', 'xL70J', 'xL6J', 'xL53J', 'xL4J', 'xL39J', 'xL0J', 'xL65J', 'xL56J', 'xL22J'}
| | | | | | | | | +-- , 30 , {32, 52} , {'xL24J', 'xL40J', 'xL77J', 'xL44J', 'xL28J', 'xL50J', 'xL65J', 'xL63J', 'xL25J', 'xL29J', 'xL36J', 'xL6J', 'xL56J', 'xL74J', 'xL73J', 'xL12J', 'xL75J', 'xL18J', 'xL11J', 'xL48J', 'xL35J', 'xL53J', 'xL32J', 'xL19J', 'xL52J', 'xL22J', 'xL20J', 'xL76J', 'xL70J', 'xL62J', 'xL15J', 'xL49J', 'xL61J', 'xL78J', 'xL10J', 'xL43J', 'xL16J', 'xL5J', 'xL60J', 'xL39J'}
| | | | | | | | | | +-- , 32 , {34, 50} , {'xL19J', 'xL24J', 'xL40J', 'xL77J', 'xL44J', 'xL28J', 'xL50J', 'xL52J', 'xL54J', 'xL22J', 'xL63J', 'xL25J', 'xL65J', 'xL29J', 'xL36J', 'xL20J', 'xL76J', 'xL70J', 'xL6J', 'xL62J', 'xL56J', 'xL15J', 'xL49J', 'xL61J', 'xL74J', 'xL73J', 'xL12J', 'xL75J', 'xL18J', 'xL11J', 'xL48J', 'xL10J', 'xL35J', 'xL43J', 'xL16J', 'xL5J', 'xL60J', 'xL53J', 'xL32J'}
| | | | | | | | | | | +-- , 34 , {36} , {'xL19J', 'xL24J', 'xL2J', 'xL77J', 'xL40J', 'xL44J', 'xL28J', 'xL50J', 'xL52J', 'xL54J', 'xL22J', 'xL63J', 'xL65J', 'xL29J', 'xL36J', 'xL20J', 'xL76J', 'xL70J', 'xL6J', 'xL62J', 'xL56J', 'xL15J', 'xL49J', 'xL61J', 'xL74J', 'xL73J', 'xL12J', 'xL75J', 'xL18J', 'xL11J', 'xL48J', 'xL10J', 'xL35J', 'xL43J', 'xL16J', 'xL5J', 'xL60J', 'xL53J'}
| | | | | | | | | | | | +-- , 36 , {38} , {'xL19J', 'xL24J', 'xL2J', 'xL77J', 'xL40J', 'xL44J', 'xL28J', 'xL50J', 'xL52J', 'xL38J', 'xL54J', 'xL22J', 'xL63J', 'xL65J', 'xL29J', 'xL36J', 'xL20J', 'xL76J', 'xL70J', 'xL6J', 'xL56J', 'xL15J', 'xL49J', 'xL61J', 'xL74J', 'xL73J', 'xL12J', 'xL18J', 'xL11J', 'xL48J', 'xL10J', 'xL35J', 'xL43J', 'xL16J', 'xL5J', 'xL60J', 'xL53J'}
| | | | | | | | | | | | | +-- , 38 , {40} , {'xL19J', 'xL2J', 'xL77J', 'xL40J', 'xL44J', 'xL28J', 'xL50J', 'xL52J', 'xL38J', 'xL54J', 'xL22J', 'xL63J', 'xL65J', 'xL29J', 'xL69J', 'xL36J', 'xL20J', 'xL76J', 'xL70J', 'xL6J', 'xL56J', 'xL15J', 'xL49J', 'xL74J', 'xL73J', 'xL12J', 'xL18J', 'xL11J', 'xL10J', 'xL35J', 'xL43J', 'xL5J', 'xL60J', 'xL53J'}
| | | | | | | | | | | | | | +-- , 40 , {48, 42, 44} , {'xL19J', 'xL2J', 'xL77J', 'xL40J', 'xL44J', 'xL28J', 'xL50J', 'xL52J', 'xL38J', 'xL54J', 'xL22J', 'xL63J', 'xL65J', 'xL29J', 'xL69J', 'xL36J', 'xL20J', 'xL6J', 'xL56J', 'xL15J', 'xL49J', 'xL74J', 'xL73J', 'xL12J', 'xL46J', 'xL18J', 'xL11J', 'xL10J', 'xL43J', 'xL5J', 'xL60J', 'xL41J', 'xL53J'}
| | | | | | | | | | | | | | | +-- , 48 , set() , {'xL73J', 'xL40J', 'xL10J', 'xL43J', 'xL58J', 'xL47J', 'xL49J', 'xL60J', 'xL17J', 'xL38J', 'xL41J', 'xL65J', 'xL63J', 'xL74J'}
| | | | | | | | | | | | | | | +-- , 42 , set() , {'xL40J', 'xL10J', 'xL28J', 'xL50J', 'xL46J', 'xL5J', 'xL6J', 'xL53J', 'xL11J', 'xL13J'}
| | | | | | | | | | | | | | | +-- , 44 , {46} , {'xL2J', 'xL29J', 'xL36J', 'xL69J', 'xL20J', 'xL46J', 'xL31J', 'xL18J', 'xL11J', 'xL59J', 'xL22J', 'xL74J'}
| | | | | | | | | | | | | | | | +-- , 46 , set() , {'xL33J', 'xL2J', 'xL8J', 'xL31J', 'xL74J'}
| | | | | | | | | | | +-- , 50 , set() , {'xL55J', 'xL52J', 'xL54J', 'xL11J', 'xL56J'}
| | | | | | | | | | +-- , 52 , set() , {'xL14J', 'xL12J', 'xL20J', 'xL50J', 'xL30J', 'xL75J', 'xL74J'}
| +-- , 60 , set() , {'xL28J', 'xL66J', 'xL60J'}
| +-- , 62 , set() , {'xL6J', 'xL9J', 'xL0J'}


Max number of edges with non zero Y: 64
Max number of iterations of outer rounding loop: 14
Max number of candidate sets: 2
Time spent rounding: 175.304
Time spent solving Separator LP: 0.139
Total time spent solving: 187.598

LP Solver: gammaPlusFractionalCoverHeuristic
Lower Bound Witness = ({'xL72J', 'xL40J', 'xL77J', 'xL50J', 'xL13J', 'xL65J', 'xL36J', 'xL79J', 'xL56J', 'xL74J', 'xL73J', 'xL71J', 'xL12J', 'xL57J', 'xL58J', 'xL17J', 'xL11J', 'xL48J', 'xL35J', 'xL8J', 'xL31J', 'xL19J', 'xL51J', 'xL37J', 'xL52J', 'xL38J', 'xL22J', 'xL0J', 'xL49J', 'xL33J', 'xL46J', 'xL78J', 'xL43J', 'xL16J', 'xL67J', 'xL41J', 'xL39J', 'xL59J', 'xL30J', 'xL24J', 'xL2J', 'xL27J', 'xL44J', 'xL28J', 'xL54J', 'xL63J', 'xL25J', 'xL14J', 'xL64J', 'xL55J', 'xL29J', 'xL21J', 'xL6J', 'xL23J', 'xL7J', 'xL3J', 'xL47J', 'xL75J', 'xL18J', 'xL34J', 'xL26J', 'xL53J', 'xL32J', 'xL4J', 'xL42J', 'xL69J', 'xL20J', 'xL76J', 'xL70J', 'xL62J', 'xL15J', 'xL61J', 'xL66J', 'xL10J', 'xL5J', 'xL60J', 'xL9J', 'xL68J', 'xL1J'}, {'xL27J', 'xL69J', 'xL38J', 'xL62J', 'xL48J'})