34, 3.8623083052801834, 13.25, 14
+-- , 0 , {3, 67, 69, 71} , {'xL19J', 'xL73J', 'xL37J', 'xL44J', 'xL28J', 'xL57J', 'xL3J', 'xL46J', 'xL52J', 'xL17J', 'xL38J', 'xL78J', 'xL13J', 'xL48J', 'xL34J', 'xL25J', 'xL26J', 'xL35J', 'xL67J', 'xL76J', 'xL32J', 'xL60J', 'xL6J', 'xL62J', 'xL56J', 'xL15J', 'xL61J', 'xL7J'}
| +-- , 3 , {65, 5} , {'xL19J', 'xL37J', 'xL44J', 'xL28J', 'xL52J', 'xL38J', 'xL54J', 'xL13J', 'xL25J', 'xL76J', 'xL6J', 'xL62J', 'xL56J', 'xL15J', 'xL61J', 'xL7J', 'xL73J', 'xL57J', 'xL3J', 'xL46J', 'xL17J', 'xL78J', 'xL48J', 'xL34J', 'xL10J', 'xL35J', 'xL67J', 'xL60J', 'xL68J', 'xL41J', 'xL32J'}
| | +-- , 65 , set() , {'xL35J', 'xL21J', 'xL68J', 'xL61J', 'xL7J'}
| | +-- , 5 , {9} , {'xL19J', 'xL37J', 'xL44J', 'xL28J', 'xL52J', 'xL38J', 'xL54J', 'xL13J', 'xL25J', 'xL64J', 'xL69J', 'xL76J', 'xL6J', 'xL62J', 'xL56J', 'xL15J', 'xL61J', 'xL74J', 'xL73J', 'xL57J', 'xL3J', 'xL46J', 'xL17J', 'xL78J', 'xL48J', 'xL34J', 'xL10J', 'xL35J', 'xL67J', 'xL60J', 'xL68J', 'xL41J', 'xL53J', 'xL32J'}
| | | +-- , 9 , {11} , {'xL19J', 'xL2J', 'xL37J', 'xL44J', 'xL28J', 'xL52J', 'xL38J', 'xL54J', 'xL13J', 'xL25J', 'xL64J', 'xL69J', 'xL76J', 'xL6J', 'xL62J', 'xL56J', 'xL15J', 'xL61J', 'xL74J', 'xL73J', 'xL57J', 'xL3J', 'xL46J', 'xL17J', 'xL78J', 'xL48J', 'xL10J', 'xL35J', 'xL60J', 'xL68J', 'xL41J', 'xL53J', 'xL32J'}
| | | | +-- , 11 , {13} , {'xL19J', 'xL2J', 'xL37J', 'xL44J', 'xL28J', 'xL52J', 'xL38J', 'xL54J', 'xL13J', 'xL25J', 'xL64J', 'xL69J', 'xL20J', 'xL76J', 'xL70J', 'xL6J', 'xL56J', 'xL15J', 'xL23J', 'xL61J', 'xL74J', 'xL73J', 'xL57J', 'xL3J', 'xL46J', 'xL17J', 'xL78J', 'xL48J', 'xL10J', 'xL35J', 'xL60J', 'xL68J', 'xL41J', 'xL53J', 'xL32J'}
| | | | | +-- , 13 , {15} , {'xL19J', 'xL2J', 'xL37J', 'xL44J', 'xL28J', 'xL52J', 'xL38J', 'xL54J', 'xL13J', 'xL25J', 'xL64J', 'xL69J', 'xL20J', 'xL76J', 'xL70J', 'xL6J', 'xL56J', 'xL15J', 'xL23J', 'xL61J', 'xL74J', 'xL73J', 'xL12J', 'xL57J', 'xL3J', 'xL46J', 'xL17J', 'xL78J', 'xL48J', 'xL10J', 'xL35J', 'xL60J', 'xL41J', 'xL53J', 'xL32J'}
| | | | | | +-- , 15 , {17, 63} , {'xL19J', 'xL2J', 'xL37J', 'xL44J', 'xL28J', 'xL52J', 'xL38J', 'xL54J', 'xL13J', 'xL25J', 'xL64J', 'xL69J', 'xL20J', 'xL76J', 'xL70J', 'xL6J', 'xL56J', 'xL15J', 'xL61J', 'xL74J', 'xL73J', 'xL12J', 'xL57J', 'xL3J', 'xL46J', 'xL17J', 'xL78J', 'xL48J', 'xL10J', 'xL35J', 'xL43J', 'xL60J', 'xL41J', 'xL53J', 'xL32J'}
| | | | | | | +-- , 17 , {19} , {'xL19J', 'xL2J', 'xL44J', 'xL28J', 'xL50J', 'xL52J', 'xL38J', 'xL54J', 'xL13J', 'xL25J', 'xL64J', 'xL69J', 'xL20J', 'xL76J', 'xL70J', 'xL6J', 'xL56J', 'xL15J', 'xL61J', 'xL74J', 'xL73J', 'xL12J', 'xL3J', 'xL46J', 'xL17J', 'xL78J', 'xL48J', 'xL10J', 'xL35J', 'xL43J', 'xL60J', 'xL41J', 'xL53J', 'xL32J'}
| | | | | | | | +-- , 19 , {23} , {'xL19J', 'xL2J', 'xL44J', 'xL28J', 'xL50J', 'xL52J', 'xL38J', 'xL54J', 'xL4J', 'xL13J', 'xL25J', 'xL64J', 'xL69J', 'xL20J', 'xL76J', 'xL70J', 'xL6J', 'xL56J', 'xL15J', 'xL49J', 'xL61J', 'xL74J', 'xL73J', 'xL12J', 'xL46J', 'xL17J', 'xL78J', 'xL48J', 'xL10J', 'xL35J', 'xL43J', 'xL5J', 'xL60J', 'xL41J', 'xL53J', 'xL32J'}
| | | | | | | | | +-- , 23 , {25} , {'xL19J', 'xL2J', 'xL44J', 'xL28J', 'xL50J', 'xL52J', 'xL38J', 'xL54J', 'xL4J', 'xL13J', 'xL25J', 'xL64J', 'xL69J', 'xL20J', 'xL76J', 'xL70J', 'xL6J', 'xL56J', 'xL15J', 'xL49J', 'xL61J', 'xL74J', 'xL73J', 'xL12J', 'xL46J', 'xL58J', 'xL17J', 'xL78J', 'xL48J', 'xL10J', 'xL35J', 'xL43J', 'xL60J', 'xL41J', 'xL53J', 'xL32J'}
| | | | | | | | | | +-- , 25 , {27} , {'xL19J', 'xL2J', 'xL40J', 'xL44J', 'xL28J', 'xL50J', 'xL52J', 'xL38J', 'xL54J', 'xL4J', 'xL13J', 'xL65J', 'xL25J', 'xL64J', 'xL69J', 'xL20J', 'xL76J', 'xL70J', 'xL6J', 'xL56J', 'xL15J', 'xL61J', 'xL74J', 'xL73J', 'xL12J', 'xL46J', 'xL58J', 'xL17J', 'xL78J', 'xL48J', 'xL10J', 'xL35J', 'xL43J', 'xL60J', 'xL41J', 'xL53J', 'xL32J'}
| | | | | | | | | | | +-- , 27 , {61, 59, 29} , {'xL19J', 'xL2J', 'xL40J', 'xL44J', 'xL50J', 'xL52J', 'xL38J', 'xL54J', 'xL4J', 'xL13J', 'xL65J', 'xL25J', 'xL64J', 'xL69J', 'xL20J', 'xL76J', 'xL70J', 'xL6J', 'xL56J', 'xL15J', 'xL61J', 'xL74J', 'xL73J', 'xL12J', 'xL46J', 'xL17J', 'xL78J', 'xL11J', 'xL48J', 'xL10J', 'xL35J', 'xL43J', 'xL60J', 'xL41J', 'xL53J', 'xL32J'}
| | | | | | | | | | | | +-- , 61 , set() , {'xL55J', 'xL52J', 'xL54J', 'xL11J', 'xL56J'}
| | | | | | | | | | | | +-- , 59 , set() , {'xL35J', 'xL79J', 'xL60J', 'xL78J', 'xL11J'}
| | | | | | | | | | | | +-- , 29 , {57, 31} , {'xL19J', 'xL2J', 'xL40J', 'xL44J', 'xL50J', 'xL38J', 'xL54J', 'xL4J', 'xL65J', 'xL25J', 'xL64J', 'xL69J', 'xL20J', 'xL76J', 'xL70J', 'xL6J', 'xL56J', 'xL15J', 'xL61J', 'xL74J', 'xL73J', 'xL12J', 'xL46J', 'xL17J', 'xL78J', 'xL11J', 'xL48J', 'xL10J', 'xL35J', 'xL43J', 'xL41J', 'xL53J', 'xL59J', 'xL32J'}
| | | | | | | | | | | | | +-- , 57 , set() , {'xL19J', 'xL10J', 'xL35J', 'xL77J', 'xL36J', 'xL46J', 'xL76J', 'xL56J', 'xL11J', 'xL59J', 'xL25J'}
| | | | | | | | | | | | | +-- , 31 , {33, 53} , {'xL2J', 'xL40J', 'xL44J', 'xL50J', 'xL38J', 'xL54J', 'xL4J', 'xL65J', 'xL42J', 'xL64J', 'xL69J', 'xL20J', 'xL70J', 'xL6J', 'xL56J', 'xL15J', 'xL61J', 'xL74J', 'xL73J', 'xL12J', 'xL46J', 'xL17J', 'xL78J', 'xL48J', 'xL10J', 'xL35J', 'xL43J', 'xL41J', 'xL53J', 'xL59J', 'xL32J'}
| | | | | | | | | | | | | | +-- , 33 , {35} , {'xL72J', 'xL2J', 'xL40J', 'xL44J', 'xL50J', 'xL38J', 'xL54J', 'xL4J', 'xL65J', 'xL42J', 'xL69J', 'xL20J', 'xL6J', 'xL15J', 'xL61J', 'xL74J', 'xL73J', 'xL12J', 'xL46J', 'xL17J', 'xL78J', 'xL48J', 'xL10J', 'xL43J', 'xL41J', 'xL53J', 'xL59J'}
| | | | | | | | | | | | | | | +-- , 35 , {37} , {'xL72J', 'xL2J', 'xL44J', 'xL50J', 'xL38J', 'xL54J', 'xL4J', 'xL65J', 'xL42J', 'xL69J', 'xL20J', 'xL6J', 'xL15J', 'xL61J', 'xL74J', 'xL73J', 'xL12J', 'xL46J', 'xL17J', 'xL78J', 'xL48J', 'xL10J', 'xL43J', 'xL41J', 'xL53J', 'xL39J', 'xL59J'}
| | | | | | | | | | | | | | | | +-- , 37 , {51, 39, 41} , {'xL73J', 'xL2J', 'xL44J', 'xL12J', 'xL50J', 'xL46J', 'xL17J', 'xL38J', 'xL54J', 'xL78J', 'xL4J', 'xL48J', 'xL65J', 'xL22J', 'xL42J', 'xL10J', 'xL43J', 'xL69J', 'xL20J', 'xL6J', 'xL41J', 'xL53J', 'xL39J', 'xL59J', 'xL15J', 'xL61J', 'xL74J'}
| | | | | | | | | | | | | | | | | +-- , 51 , set() , {'xL73J', 'xL2J', 'xL10J', 'xL43J', 'xL69J', 'xL44J', 'xL50J', 'xL47J', 'xL17J', 'xL38J', 'xL41J', 'xL22J', 'xL63J', 'xL74J'}
| | | | | | | | | | | | | | | | | +-- , 39 , set() , {'xL51J', 'xL42J', 'xL6J', 'xL53J', 'xL4J', 'xL65J', 'xL22J'}
| | | | | | | | | | | | | | | | | +-- , 41 , {43, 45} , {'xL2J', 'xL12J', 'xL50J', 'xL46J', 'xL30J', 'xL78J', 'xL38J', 'xL54J', 'xL18J', 'xL48J', 'xL65J', 'xL22J', 'xL16J', 'xL20J', 'xL53J', 'xL39J', 'xL59J', 'xL61J', 'xL74J'}
| | | | | | | | | | | | | | | | | | +-- , 43 , set() , {'xL2J', 'xL14J', 'xL20J', 'xL30J', 'xL54J', 'xL75J', 'xL18J', 'xL39J', 'xL74J'}
| | | | | | | | | | | | | | | | | | +-- , 45 , {49, 47} , {'xL2J', 'xL16J', 'xL46J', 'xL31J', 'xL53J', 'xL18J', 'xL59J', 'xL22J', 'xL74J'}
| | | | | | | | | | | | | | | | | | | +-- , 49 , set() , {'xL29J', 'xL16J', 'xL46J', 'xL31J', 'xL53J'}
| | | | | | | | | | | | | | | | | | | +-- , 47 , set() , {'xL33J', 'xL2J', 'xL8J', 'xL31J', 'xL74J'}
| | | | | | | | | | | | | | +-- , 53 , {55} , {'xL27J', 'xL42J', 'xL64J', 'xL35J', 'xL43J', 'xL70J', 'xL6J', 'xL0J', 'xL32J'}
| | | | | | | | | | | | | | | +-- , 55 , set() , {'xL6J', 'xL9J', 'xL0J'}
| | | | | | | +-- , 63 , set() , {'xL71J', 'xL43J', 'xL37J'}
| +-- , 67 , set() , {'xL3J', 'xL76J', 'xL60J', 'xL1J', 'xL26J'}
| +-- , 69 , set() , {'xL24J', 'xL28J', 'xL38J', 'xL6J', 'xL62J'}
| +-- , 71 , set() , {'xL28J', 'xL66J', 'xL60J'}


Max number of edges with non zero Y: 51
Max number of iterations of outer rounding loop: 11
Max number of candidate sets: 2
Time spent rounding: 121.362
Time spent solving Separator LP: 19.735
Total time spent solving: 152.175

LP Solver: GaifmanNormal
Lower Bound Witness = ({'xL72J', 'xL40J', 'xL77J', 'xL50J', 'xL13J', 'xL65J', 'xL36J', 'xL79J', 'xL56J', 'xL74J', 'xL73J', 'xL71J', 'xL12J', 'xL57J', 'xL58J', 'xL17J', 'xL11J', 'xL48J', 'xL35J', 'xL8J', 'xL31J', 'xL19J', 'xL51J', 'xL37J', 'xL52J', 'xL38J', 'xL22J', 'xL0J', 'xL49J', 'xL33J', 'xL46J', 'xL78J', 'xL43J', 'xL16J', 'xL67J', 'xL41J', 'xL39J', 'xL59J', 'xL30J', 'xL24J', 'xL2J', 'xL27J', 'xL44J', 'xL28J', 'xL54J', 'xL63J', 'xL25J', 'xL14J', 'xL64J', 'xL55J', 'xL29J', 'xL21J', 'xL6J', 'xL23J', 'xL7J', 'xL3J', 'xL47J', 'xL75J', 'xL18J', 'xL34J', 'xL26J', 'xL53J', 'xL32J', 'xL4J', 'xL42J', 'xL69J', 'xL20J', 'xL76J', 'xL70J', 'xL62J', 'xL15J', 'xL61J', 'xL66J', 'xL10J', 'xL5J', 'xL60J', 'xL9J', 'xL68J', 'xL1J'}, {'xL19J', 'xL24J', 'xL2J', 'xL40J', 'xL37J', 'xL44J', 'xL28J', 'xL52J', 'xL54J', 'xL22J', 'xL76J', 'xL6J', 'xL15J', 'xL7J', 'xL73J', 'xL3J', 'xL46J', 'xL17J', 'xL75J', 'xL18J', 'xL11J', 'xL48J', 'xL66J', 'xL34J', 'xL41J', 'xL1J', 'xL32J', 'xL30J'})