14, 0, 7.5, 10
+-- , 0 , {32, 5, 30} , {'70', '54', '13', '74', '15', '78', '58', '18', '82', '71', '40', '10', '25', '55', '77', '36', '90', '65', '43', '24', '86', '2', '20', '39', '96', '95', '19', '51', '48', '57', '23', '92', '84', '0', '8', '49', '45', '75'}
| +-- , 32 , set() , {'17', '13', '71', '22', '43', '24', '2', '10', '49', '55', '48'}
| +-- , 5 , {8} , {'70', '54', '13', '5', '18', '88', '82', '71', '55', '21', '43', '24', '86', '79', '51', '92', '84', '49', '44', '45', '12', '74', '15', '58', '40', '25', '10', '77', '90', '65', '20', '39', '96', '95', '19', '48', '57', '23', '0', '8', '75', '91'}
| | +-- , 8 , {11, 28} , {'26', '70', '54', '13', '74', '53', '15', '5', '58', '18', '88', '71', '40', '25', '10', '55', '90', '65', '21', '43', '24', '86', '20', '39', '79', '96', '95', '19', '51', '48', '57', '23', '92', '84', '0', '8', '49', '44', '45', '75', '12', '91'}
| | | +-- , 11 , {26, 14} , {'70', '54', '13', '53', '5', '18', '88', '71', '80', '55', '21', '43', '24', '86', '4', '79', '51', '92', '84', '49', '44', '45', '12', '26', '74', '15', '58', '40', '10', '90', '60', '65', '20', '39', '96', '95', '19', '48', '57', '23', '0', '8', '75', '91'}
| | | | +-- , 26 , set() , {'3', '13', '92', '80', '74', '21', '15', '4', '79', '58', '55', '51'}
| | | | +-- , 14 , {24, 16} , {'70', '54', '13', '53', '5', '18', '88', '71', '80', '16', '67', '4', '24', '43', '86', '79', '92', '84', '49', '44', '45', '12', '26', '74', '15', '58', '40', '10', '90', '60', '65', '20', '39', '96', '95', '19', '48', '57', '23', '0', '87', '8', '75', '91'}
| | | | | +-- , 24 , set() , {'57', '67', '74', '53', '15', '32', '24', '87', '10', '16', '79', '91'}
| | | | | +-- , 16 , {18} , {'70', '54', '13', '61', '5', '83', '18', '88', '71', '80', '16', '67', '4', '24', '43', '86', '79', '92', '84', '49', '44', '45', '12', '26', '74', '58', '59', '40', '10', '90', '60', '65', '20', '39', '96', '95', '19', '48', '57', '23', '41', '0', '87', '8', '6', '75', '91', '29'}
| | | | | | +-- , 18 , {20, 22} , {'26', '70', '54', '61', '74', '85', '5', '83', '68', '58', '75', '18', '88', '59', '71', '80', '35', '40', '10', '56', '16', '67', '90', '60', '65', '24', '86', '20', '39', '79', '96', '19', '48', '57', '46', '23', '92', '84', '41', '0', '87', '8', '49', '44', '45', '6', '91', '12', '42', '29'}
| | | | | | | +-- , 20 , set() , {'70', '54', '74', '81', '85', '5', '83', '58', '68', '38', '18', '72', '59', '71', '80', '97', '35', '40', '56', '16', '47', '67', '52', '90', '60', '65', '30', '45', '27', '86', '11', '39', '79', '96', '7', '48', '23', '46', '76', '92', '31', '84', '41', '0', '87', '91', '49', '6', '44', '8', '42', '29'}
| | | | | | | +-- , 22 , set() , {'26', '61', '85', '64', '37', '83', '58', '68', '88', '35', '40', '10', '56', '67', '60', '98', '24', '20', '94', '19', '48', '57', '46', '92', '49', '75', '12', '42'}
| | | +-- , 28 , set() , {'26', '18', '54', '53', '86', '25', '28', '96', '91', '62'}
| +-- , 30 , set() , {'70', '65', '63', '93', '74', '86', '0', '8', '48', '45', '95', '51'}


Max number of edges with non zero Y: 18
Max number of iterations of outer rounding loop: 8
Max number of candidate sets: 2
Time spent rounding: 36.576
Time spent solving Separator LP: 0.185
Total time spent solving: 42.880

LP Solver: gammaPlusFractionalCoverHeuristic
Lower Bound Witness = ({'70', '61', '53', '37', '83', '68', '38', '88', '82', '71', '97', '55', '36', '30', '21', '43', '24', '86', '32', '94', '28', '79', '51', '76', '92', '44', '45', '12', '26', '74', '59', '35', '25', '47', '90', '27', '39', '96', '95', '19', '57', '46', '23', '31', '41', '0', '87', '8', '75', '91', '54', '13', '78', '85', '5', '18', '72', '17', '80', '22', '16', '67', '62', '4', '11', '7', '84', '49', '3', '15', '81', '64', '58', '63', '93', '40', '10', '56', '77', '52', '60', '65', '98', '2', '20', '48', '6', '42', '29'}, {'65', '42', '22', '16', '58'})