28, 1.9246861924686192, 5.0, 5
+-- , 0 , {32, 3} , {'xL8JL2J', 'xL8JL5J', 'xL2JL8J', 'xL8JL3J', 'xL2JL10J', 'xL8JL4J', 'xL8JL6J', 'xL2JL9J'}
| +-- , 32 , {48, 35} , {'xL8JL2J', 'xL2JL9J', 'xL2JL6J', 'xL2JL3J', 'xL2JL5J', 'xL8JL3J', 'xL2JL10J', 'xL2JL2J', 'xL2JL8J', 'xL2JL4J'}
| | +-- , 48 , {51, 57, 59} , {'xL2JL9J', 'xL2JL6J', 'xL3JL7J', 'xL3JL6J', 'xL3JL9J', 'xL2JL5J', 'xL2JL10J', 'xL3JL5J', 'xL3JL8J', 'xL2JL8J', 'xL2JL4J'}
| | | +-- , 51 , {53} , {'xL2JL6J', 'xL4JL8J', 'xL3JL6J', 'xL3JL7J', 'xL3JL8J', 'xL2JL8J'}
| | | | +-- , 53 , {55} , {'xL4JL6J', 'xL2JL6J', 'xL4JL8J', 'xL3JL6J', 'xL3JL7J'}
| | | | | +-- , 55 , set() , {'xL4JL6J', 'xL4JL7J', 'xL4JL8J', 'xL3JL7J'}
| | | +-- , 57 , set() , {'xL1JL5J', 'xL2JL5J', 'xL1JL4J', 'xL3JL5J', 'xL2JL4J'}
| | | +-- , 59 , {61} , {'xL1JL9J', 'xL2JL10J', 'xL3JL9J', 'xL2JL9J'}
| | | | +-- , 61 , set() , {'xL1JL9J', 'xL2JL10J', 'xL1JL10J'}
| | +-- , 35 , {38} , {'xL4JL3J', 'xL2JL3J', 'xL8JL3J', 'xL4JL2J', 'xL2JL2J', 'xL3JL2J', 'xL8JL2J', 'xL5JL3J', 'xL7JL3J', 'xL6JL3J', 'xL3JL3J'}
| | | +-- , 38 , {40} , {'xL4JL3J', 'xL6JL2J', 'xL4JL2J', 'xL3JL2J', 'xL3JL3J', 'xL8JL2J', 'xL7JL3J', 'xL6JL3J', 'xL7JL2J', 'xL5JL3J'}
| | | | +-- , 40 , {42, 44} , {'xL6JL4J', 'xL5JL3J', 'xL4JL3J', 'xL6JL2J', 'xL7JL3J', 'xL4JL2J', 'xL3JL2J', 'xL6JL3J', 'xL7JL2J', 'xL3JL3J'}
| | | | | +-- , 42 , set() , {'xL6JL4J', 'xL6JL2J', 'xL7JL1J', 'xL7JL3J', 'xL6JL1J', 'xL6JL3J', 'xL7JL2J'}
| | | | | +-- , 44 , {46} , {'xL6JL4J', 'xL5JL3J', 'xL4JL3J', 'xL5JL4J', 'xL4JL2J', 'xL3JL2J', 'xL3JL3J', 'xL4JL4J'}
| | | | | | +-- , 46 , set() , {'xL4JL3J', 'xL3JL1J', 'xL4JL2J', 'xL3JL2J', 'xL4JL1J', 'xL3JL3J', 'xL4JL4J'}
| +-- , 3 , {5} , {'xL2JL12J', 'xL8JL5J', 'xL2JL8J', 'xL2JL10J', 'xL8JL4J', 'xL2JL11J', 'xL8JL6J', 'xL2JL9J'}
| | +-- , 5 , {10} , {'xL2JL12J', 'xL8JL11J', 'xL5JL11J', 'xL7JL11J', 'xL8JL6J', 'xL2JL11J', 'xL9JL9J', 'xL6JL11J', 'xL4JL12J', 'xL3JL11J', 'xL4JL11J', 'xL3JL12J', 'xL8JL5J', 'xL8JL9J', 'xL8JL4J', 'xL7JL9J'}
| | | +-- , 10 , {12, 22} , {'xL8JL12J', 'xL8JL11J', 'xL5JL11J', 'xL7JL11J', 'xL9JL9J', 'xL8JL6J', 'xL6JL11J', 'xL4JL12J', 'xL3JL11J', 'xL4JL11J', 'xL3JL12J', 'xL8JL5J', 'xL8JL9J', 'xL8JL4J', 'xL7JL9J'}
| | | | +-- , 12 , {20, 14} , {'xL8JL10J', 'xL8JL12J', 'xL8JL8J', 'xL8JL11J', 'xL8JL5J', 'xL8JL9J', 'xL8JL4J', 'xL9JL9J', 'xL8JL6J', 'xL7JL9J'}
| | | | | +-- , 20 , set() , {'xL8JL10J', 'xL9JL9J', 'xL9JL10J'}
| | | | | +-- , 14 , {16, 18} , {'xL7JL5J', 'xL8JL8J', 'xL6JL8J', 'xL7JL8J', 'xL8JL5J', 'xL7JL6J', 'xL7JL7J', 'xL8JL4J', 'xL8JL6J', 'xL7JL9J'}
| | | | | | +-- , 16 , set() , {'xL6JL8J', 'xL7JL6J', 'xL7JL7J', 'xL6JL7J', 'xL8JL6J', 'xL6JL6J'}
| | | | | | +-- , 18 , set() , {'xL7JL5J', 'xL8JL5J', 'xL9JL4J', 'xL8JL4J', 'xL9JL5J'}
| | | | +-- , 22 , {24} , {'xL8JL12J', 'xL5JL11J', 'xL7JL11J', 'xL6JL12J', 'xL6JL11J', 'xL4JL12J', 'xL3JL11J', 'xL4JL11J', 'xL3JL12J', 'xL7JL12J'}
| | | | | +-- , 24 , {26, 30} , {'xL3JL12J', 'xL5JL11J', 'xL7JL12J', 'xL7JL11J', 'xL4JL10J', 'xL6JL12J', 'xL6JL11J', 'xL4JL12J', 'xL4JL11J', 'xL3JL11J'}
| | | | | | +-- , 26 , {28} , {'xL5JL10J', 'xL5JL11J', 'xL7JL12J', 'xL4JL10J', 'xL7JL11J', 'xL6JL12J', 'xL6JL11J', 'xL6JL10J'}
| | | | | | | +-- , 28 , set() , {'xL7JL12J', 'xL7JL13J', 'xL7JL11J', 'xL6JL12J', 'xL6JL11J', 'xL6JL10J', 'xL6JL13J'}
| | | | | | +-- , 30 , set() , {'xL3JL12J', 'xL4JL13J', 'xL4JL10J', 'xL4JL12J', 'xL4JL11J', 'xL3JL13J', 'xL3JL11J'}


Max number of edges with non zero Y: 10
Max number of iterations of outer rounding loop: 2
Max number of candidate sets: 2
Time spent rounding: 10.491
Time spent solving Separator LP: 1.402
Total time spent solving: 15.029

LP Solver: GaifmanBoosted
Lower Bound Witness = ({'xL2JL12J', 'xL3JL7J', 'xL8JL11J', 'xL5JL10J', 'xL3JL9J', 'xL1JL10J', 'xL4JL2J', 'xL7JL11J', 'xL8JL3J', 'xL9JL9J', 'xL8JL6J', 'xL3JL2J', 'xL2JL2J', 'xL4JL1J', 'xL3JL11J', 'xL4JL12J', 'xL6JL6J', 'xL6JL12J', 'xL4JL6J', 'xL3JL12J', 'xL4JL7J', 'xL4JL8J', 'xL5JL3J', 'xL8JL5J', 'xL8JL8J', 'xL7JL6J', 'xL2JL5J', 'xL3JL1J', 'xL7JL12J', 'xL7JL13J', 'xL7JL3J', 'xL7JL7J', 'xL8JL4J', 'xL7JL9J', 'xL7JL2J', 'xL3JL8J', 'xL3JL13J', 'xL6JL13J', 'xL7JL5J', 'xL2JL9J', 'xL8JL12J', 'xL3JL6J', 'xL4JL3J', 'xL5JL11J', 'xL7JL8J', 'xL6JL2J', 'xL2JL3J', 'xL6JL7J', 'xL2JL10J', 'xL4JL10J', 'xL2JL11J', 'xL1JL4J', 'xL6JL11J', 'xL6JL10J', 'xL4JL11J', 'xL4JL4J', 'xL2JL4J', 'xL8JL2J', 'xL2JL8J', 'xL2JL6J', 'xL8JL10J', 'xL6JL4J', 'xL1JL5J', 'xL6JL8J', 'xL8JL9J', 'xL7JL1J', 'xL9JL4J', 'xL1JL9J', 'xL5JL4J', 'xL4JL13J', 'xL6JL1J', 'xL9JL10J', 'xL6JL3J', 'xL9JL5J', 'xL3JL3J', 'xL3JL5J'}, {'xL8JL2J', 'xL7JL5J', 'xL3JL12J', 'xL4JL7J', 'xL1JL5J', 'xL5JL4J', 'xL2JL8J', 'xL1JL4J', 'xL9JL9J', 'xL6JL3J', 'xL7JL9J', 'xL6JL10J', 'xL4JL4J'})