20, 3.090359721808535, 8.0, 9
+-- , 0 , {33, 37, 7, 43, 31} , {'xL33J', 'xL10J', 'xL27J', 'xL0J', 'xL36J', 'xL37J', 'xL7J', 'xL11J', 'xL34J', 'xL6J', 'xL12J', 'xL24J', 'xL15J', 'xL17J', 'xL19J', 'xL39J'}
| +-- , 33 , {35} , {'xL11J', 'xL0J', 'xL36J', 'xL7J', 'xL5J'}
| | +-- , 35 , set() , {'xL11J', 'xL32J', 'xL36J', 'xL5J'}
| +-- , 37 , {39} , {'xL33J', 'xL10J', 'xL27J', 'xL0J', 'xL11J', 'xL12J', 'xL24J', 'xL15J', 'xL26J', 'xL17J', 'xL19J'}
| | +-- , 39 , {41} , {'xL33J', 'xL35J', 'xL19J', 'xL12J', 'xL15J', 'xL10J', 'xL27J', 'xL26J', 'xL38J', 'xL24J'}
| | | +-- , 41 , set() , {'xL33J', 'xL35J', 'xL3J', 'xL27J', 'xL19J'}
| +-- , 7 , {9} , {'xL27J', 'xL0J', 'xL36J', 'xL37J', 'xL2J', 'xL7J', 'xL11J', 'xL34J', 'xL6J', 'xL12J', 'xL24J', 'xL15J', 'xL17J', 'xL19J', 'xL39J'}
| | +-- , 9 , {11, 21} , {'xL30J', 'xL27J', 'xL36J', 'xL37J', 'xL2J', 'xL7J', 'xL21J', 'xL11J', 'xL34J', 'xL6J', 'xL12J', 'xL24J', 'xL15J', 'xL17J', 'xL19J', 'xL39J'}
| | | +-- , 11 , {13} , {'xL30J', 'xL27J', 'xL36J', 'xL37J', 'xL2J', 'xL21J', 'xL7J', 'xL11J', 'xL34J', 'xL12J', 'xL24J', 'xL15J', 'xL17J', 'xL19J', 'xL29J'}
| | | | +-- , 13 , {15} , {'xL30J', 'xL36J', 'xL37J', 'xL2J', 'xL21J', 'xL34J', 'xL12J', 'xL24J', 'xL8J', 'xL17J', 'xL19J', 'xL29J'}
| | | | | +-- , 15 , {17} , {'xL30J', 'xL9J', 'xL36J', 'xL37J', 'xL2J', 'xL21J', 'xL34J', 'xL24J', 'xL8J', 'xL17J', 'xL19J', 'xL29J'}
| | | | | | +-- , 17 , {19} , {'xL30J', 'xL9J', 'xL23J', 'xL2J', 'xL21J', 'xL34J', 'xL24J', 'xL8J', 'xL17J', 'xL19J', 'xL29J'}
| | | | | | | +-- , 19 , set() , {'xL34J', 'xL23J', 'xL30J', 'xL19J', 'xL4J', 'xL1J', 'xL8J', 'xL17J', 'xL24J', 'xL21J', 'xL29J'}
| | | +-- , 21 , {23} , {'xL30J', 'xL28J', 'xL27J', 'xL36J', 'xL21J', 'xL34J', 'xL12J', 'xL15J', 'xL20J', 'xL17J', 'xL19J', 'xL39J'}
| | | | +-- , 23 , {25} , {'xL28J', 'xL22J', 'xL36J', 'xL16J', 'xL21J', 'xL34J', 'xL12J', 'xL15J', 'xL20J', 'xL17J', 'xL19J', 'xL39J'}
| | | | | +-- , 25 , {27, 29} , {'xL34J', 'xL19J', 'xL12J', 'xL22J', 'xL15J', 'xL20J', 'xL36J', 'xL17J', 'xL16J', 'xL14J'}
| | | | | | +-- , 27 , set() , {'xL12J', 'xL15J', 'xL36J', 'xL14J', 'xL31J'}
| | | | | | +-- , 29 , set() , {'xL34J', 'xL18J', 'xL20J', 'xL17J', 'xL19J', 'xL14J'}
| +-- , 43 , set() , {'xL15J', 'xL13J'}
| +-- , 31 , set() , {'xL34J', 'xL25J', 'xL6J', 'xL36J', 'xL7J'}


Max number of edges with non zero Y: 31
Max number of iterations of outer rounding loop: 9
Max number of candidate sets: 2
Time spent rounding: 27.244
Time spent solving Separator LP: 0.818

LP Solver: GaifmanNormal