68, 3.5672810619807103, 6.0, 6
+-- , 0 , {3, 87} , {'xL149J', 'xL80J', 'xL50J', 'xL114J', 'xL136J', 'xL137J', 'xL141J', 'xL86J', 'xL98J', 'xL124J', 'xL79J'}
| +-- , 3 , {5} , {'xL3J', 'xL86J', 'xL137J', 'xL80J', 'xL50J', 'xL114J', 'xL124J', 'xL110J', 'xL141J'}
| | +-- , 5 , {7} , {'xL44J', 'xL5J', 'xL62J', 'xL109J', 'xL50J', 'xL114J', 'xL110J', 'xL123J', 'xL3J', 'xL124J', 'xL4J'}
| | | +-- , 7 , {9, 47} , {'xL44J', 'xL5J', 'xL62J', 'xL109J', 'xL50J', 'xL114J', 'xL0J', 'xL123J', 'xL4J'}
| | | | +-- , 9 , {11} , {'xL128J', 'xL68J', 'xL5J', 'xL62J', 'xL0J', 'xL123J', 'xL4J'}
| | | | | +-- , 11 , {17, 37} , {'xL128J', 'xL68J', 'xL5J', 'xL62J', 'xL56J', 'xL118J', 'xL23J', 'xL119J', 'xL123J', 'xL57J', 'xL58J', 'xL59J', 'xL22J', 'xL4J'}
| | | | | | +-- , 17 , {19} , {'xL128J', 'xL68J', 'xL62J', 'xL119J', 'xL23J', 'xL22J', 'xL65J', 'xL125J', 'xL123J'}
| | | | | | | +-- , 19 , {21, 28} , {'xL128J', 'xL68J', 'xL18J', 'xL62J', 'xL23J', 'xL22J', 'xL65J', 'xL125J', 'xL123J'}
| | | | | | | | +-- , 21 , {23} , {'xL19J', 'xL18J', 'xL62J', 'xL20J', 'xL65J', 'xL125J', 'xL123J'}
| | | | | | | | | +-- , 23 , {26} , {'xL19J', 'xL63J', 'xL62J', 'xL122J', 'xL20J', 'xL121J', 'xL65J', 'xL125J', 'xL123J'}
| | | | | | | | | | +-- , 26 , set() , {'xL60J', 'xL63J', 'xL61J', 'xL62J', 'xL122J', 'xL64J', 'xL65J', 'xL125J', 'xL123J'}
| | | | | | | | +-- , 28 , {30} , {'xL68J', 'xL128J', 'xL71J', 'xL18J', 'xL129J', 'xL22J', 'xL23J'}
| | | | | | | | | +-- , 30 , {33} , {'xL68J', 'xL128J', 'xL71J', 'xL127J', 'xL126J', 'xL129J', 'xL22J', 'xL23J'}
| | | | | | | | | | +-- , 33 , {35} , {'xL128J', 'xL68J', 'xL71J', 'xL69J', 'xL126J', 'xL127J', 'xL129J', 'xL22J', 'xL67J'}
| | | | | | | | | | | +-- , 35 , set() , {'xL68J', 'xL71J', 'xL66J', 'xL69J', 'xL129J', 'xL67J', 'xL70J'}
| | | | | | +-- , 37 , {39} , {'xL58J', 'xL5J', 'xL21J', 'xL56J', 'xL118J', 'xL59J', 'xL23J', 'xL22J', 'xL4J', 'xL57J'}
| | | | | | | +-- , 39 , {41} , {'xL58J', 'xL5J', 'xL120J', 'xL21J', 'xL56J', 'xL118J', 'xL59J', 'xL4J', 'xL57J'}
| | | | | | | | +-- , 41 , {43} , {'xL116J', 'xL58J', 'xL5J', 'xL120J', 'xL56J', 'xL54J', 'xL118J', 'xL4J', 'xL57J'}
| | | | | | | | | +-- , 43 , {45} , {'xL116J', 'xL117J', 'xL5J', 'xL54J', 'xL56J', 'xL118J'}
| | | | | | | | | | +-- , 45 , set() , {'xL117J', 'xL55J', 'xL56J', 'xL54J', 'xL118J'}
| | | | +-- , 47 , {49} , {'xL2J', 'xL44J', 'xL1J', 'xL109J', 'xL50J', 'xL114J', 'xL0J'}
| | | | | +-- , 49 , {85, 55} , {'xL2J', 'xL44J', 'xL37J', 'xL109J', 'xL50J', 'xL114J', 'xL41J', 'xL112J', 'xL104J', 'xL39J', 'xL1J', 'xL113J', 'xL17J', 'xL40J'}
| | | | | | +-- , 85 , set() , {'xL2J', 'xL39J', 'xL103J', 'xL1J', 'xL37J', 'xL102J', 'xL104J'}
| | | | | | +-- , 55 , {57, 83} , {'xL44J', 'xL37J', 'xL113J', 'xL17J', 'xL109J', 'xL52J', 'xL115J', 'xL40J', 'xL50J', 'xL114J', 'xL41J', 'xL112J', 'xL104J'}
| | | | | | | +-- , 57 , {60} , {'xL44J', 'xL37J', 'xL109J', 'xL52J', 'xL115J', 'xL15J', 'xL41J', 'xL36J', 'xL112J', 'xL104J', 'xL106J', 'xL17J', 'xL40J'}
| | | | | | | | +-- , 60 , {62} , {'xL44J', 'xL38J', 'xL37J', 'xL109J', 'xL52J', 'xL115J', 'xL15J', 'xL36J', 'xL104J', 'xL112J', 'xL17J'}
| | | | | | | | | +-- , 62 , {64} , {'xL44J', 'xL38J', 'xL104J', 'xL17J', 'xL109J', 'xL105J', 'xL52J', 'xL115J', 'xL15J', 'xL112J'}
| | | | | | | | | | +-- , 64 , {66} , {'xL44J', 'xL109J', 'xL105J', 'xL111J', 'xL52J', 'xL115J', 'xL15J', 'xL112J', 'xL17J', 'xL47J'}
| | | | | | | | | | | +-- , 66 , {68} , {'xL44J', 'xL16J', 'xL51J', 'xL17J', 'xL109J', 'xL111J', 'xL52J', 'xL115J', 'xL15J', 'xL47J', 'xL112J'}
| | | | | | | | | | | | +-- , 68 , {70} , {'xL53J', 'xL44J', 'xL51J', 'xL109J', 'xL111J', 'xL52J', 'xL115J', 'xL47J'}
| | | | | | | | | | | | | +-- , 70 , {72} , {'xL53J', 'xL44J', 'xL111J', 'xL115J', 'xL109J', 'xL47J', 'xL12J'}
| | | | | | | | | | | | | | +-- , 72 , {74} , {'xL44J', 'xL14J', 'xL109J', 'xL111J', 'xL13J', 'xL47J', 'xL12J'}
| | | | | | | | | | | | | | | +-- , 74 , {77} , {'xL44J', 'xL109J', 'xL111J', 'xL45J', 'xL13J', 'xL46J', 'xL47J', 'xL42J', 'xL14J'}
| | | | | | | | | | | | | | | | +-- , 77 , {79} , {'xL44J', 'xL109J', 'xL13J', 'xL43J', 'xL45J', 'xL14J', 'xL42J'}
| | | | | | | | | | | | | | | | | +-- , 79 , {81} , {'xL108J', 'xL109J', 'xL13J', 'xL43J', 'xL45J', 'xL14J'}
| | | | | | | | | | | | | | | | | | +-- , 81 , set() , {'xL107J', 'xL108J', 'xL13J', 'xL45J', 'xL14J'}
| | | | | | | +-- , 83 , set() , {'xL113J', 'xL52J', 'xL115J', 'xL50J', 'xL114J', 'xL49J', 'xL48J'}
| +-- , 87 , {89} , {'xL149J', 'xL86J', 'xL98J', 'xL80J', 'xL50J', 'xL9J', 'xL114J', 'xL136J', 'xL141J', 'xL79J'}
| | +-- , 89 , {91} , {'xL149J', 'xL10J', 'xL80J', 'xL136J', 'xL141J', 'xL86J', 'xL98J', 'xL9J', 'xL11J', 'xL79J'}
| | | +-- , 91 , {93} , {'xL149J', 'xL10J', 'xL80J', 'xL78J', 'xL136J', 'xL26J', 'xL141J', 'xL135J', 'xL86J', 'xL98J', 'xL11J', 'xL79J'}
| | | | +-- , 93 , {95} , {'xL149J', 'xL10J', 'xL78J', 'xL26J', 'xL141J', 'xL135J', 'xL82J', 'xL86J', 'xL138J', 'xL98J', 'xL11J'}
| | | | | +-- , 95 , {97, 127} , {'xL149J', 'xL135J', 'xL82J', 'xL26J', 'xL86J', 'xL138J', 'xL10J', 'xL98J', 'xL11J', 'xL141J', 'xL6J'}
| | | | | | +-- , 97 , {99} , {'xL149J', 'xL101J', 'xL35J', 'xL10J', 'xL98J', 'xL11J', 'xL6J'}
| | | | | | | +-- , 99 , {102} , {'xL149J', 'xL101J', 'xL30J', 'xL35J', 'xL10J', 'xL98J', 'xL34J', 'xL11J'}
| | | | | | | | +-- , 102 , {104} , {'xL149J', 'xL30J', 'xL35J', 'xL10J', 'xL98J', 'xL34J', 'xL33J', 'xL11J'}
| | | | | | | | | +-- , 104 , {106} , {'xL149J', 'xL30J', 'xL10J', 'xL98J', 'xL33J', 'xL146J', 'xL95J', 'xL11J'}
| | | | | | | | | | +-- , 106 , {108} , {'xL149J', 'xL30J', 'xL32J', 'xL31J', 'xL10J', 'xL98J', 'xL146J', 'xL95J', 'xL11J'}
| | | | | | | | | | | +-- , 108 , {110, 118} , {'xL149J', 'xL100J', 'xL32J', 'xL31J', 'xL10J', 'xL98J', 'xL146J', 'xL95J', 'xL11J'}
| | | | | | | | | | | | +-- , 110 , {112} , {'xL149J', 'xL100J', 'xL96J', 'xL32J', 'xL31J', 'xL98J', 'xL99J'}
| | | | | | | | | | | | | +-- , 112 , {114, 116} , {'xL149J', 'xL96J', 'xL32J', 'xL31J', 'xL98J', 'xL99J', 'xL148J'}
| | | | | | | | | | | | | | +-- , 114 , set() , {'xL147J', 'xL32J', 'xL31J', 'xL99J', 'xL148J'}
| | | | | | | | | | | | | | +-- , 116 , set() , {'xL149J', 'xL96J', 'xL97J', 'xL98J', 'xL148J'}
| | | | | | | | | | | | +-- , 118 , {120} , {'xL100J', 'xL10J', 'xL92J', 'xL146J', 'xL95J', 'xL11J', 'xL145J'}
| | | | | | | | | | | | | +-- , 120 , {123} , {'xL90J', 'xL91J', 'xL10J', 'xL92J', 'xL146J', 'xL95J', 'xL11J', 'xL145J'}
| | | | | | | | | | | | | | +-- , 123 , {125} , {'xL90J', 'xL91J', 'xL10J', 'xL146J', 'xL144J', 'xL95J', 'xL11J', 'xL145J'}
| | | | | | | | | | | | | | | +-- , 125 , set() , {'xL90J', 'xL10J', 'xL143J', 'xL94J', 'xL93J', 'xL146J', 'xL144J', 'xL95J', 'xL11J'}
| | | | | | +-- , 127 , {129} , {'xL135J', 'xL82J', 'xL26J', 'xL86J', 'xL138J', 'xL7J', 'xL8J', 'xL141J', 'xL6J'}
| | | | | | | +-- , 129 , {133, 151} , {'xL74J', 'xL7J', 'xL89J', 'xL141J', 'xL26J', 'xL135J', 'xL132J', 'xL82J', 'xL142J', 'xL86J', 'xL138J', 'xL8J', 'xL24J'}
| | | | | | | | +-- , 133 , {140, 135} , {'xL134J', 'xL74J', 'xL132J', 'xL142J', 'xL86J', 'xL7J', 'xL89J', 'xL8J', 'xL77J', 'xL141J'}
| | | | | | | | | +-- , 140 , {142} , {'xL134J', 'xL142J', 'xL86J', 'xL27J', 'xL89J', 'xL77J', 'xL141J'}
| | | | | | | | | | +-- , 142 , {144} , {'xL142J', 'xL86J', 'xL28J', 'xL27J', 'xL29J', 'xL89J', 'xL141J'}
| | | | | | | | | | | +-- , 144 , {147} , {'xL87J', 'xL142J', 'xL86J', 'xL28J', 'xL29J', 'xL89J', 'xL139J', 'xL141J'}
| | | | | | | | | | | | +-- , 147 , {149} , {'xL87J', 'xL142J', 'xL86J', 'xL88J', 'xL29J', 'xL89J', 'xL84J', 'xL139J', 'xL140J', 'xL141J'}
| | | | | | | | | | | | | +-- , 149 , set() , {'xL86J', 'xL84J', 'xL85J', 'xL140J', 'xL141J'}
| | | | | | | | | +-- , 135 , {138} , {'xL74J', 'xL134J', 'xL130J', 'xL132J', 'xL75J', 'xL7J', 'xL8J', 'xL77J', 'xL131J'}
| | | | | | | | | | +-- , 138 , set() , {'xL134J', 'xL74J', 'xL132J', 'xL75J', 'xL72J', 'xL76J', 'xL73J', 'xL77J', 'xL131J'}
| | | | | | | | +-- , 151 , {153} , {'xL74J', 'xL135J', 'xL132J', 'xL82J', 'xL138J', 'xL133J', 'xL24J', 'xL26J', 'xL25J'}
| | | | | | | | | +-- , 153 , set() , {'xL135J', 'xL82J', 'xL83J', 'xL138J', 'xL133J', 'xL81J', 'xL25J'}


Max number of edges with non zero Y: 15
Max number of iterations of outer rounding loop: 5
Max number of candidate sets: 2
Time spent rounding: 57.690
Time spent solving Separator LP: 8.272
Total time spent solving: 83.068

LP Solver: GaifmanBoosted
Lower Bound Witness = ({'xL74J', 'xL100J', 'xL71J', 'xL21J', 'xL15J', 'xL70J', 'xL42J', 'xL148J', 'xL131J', 'xL12J', 'xL39J', 'xL135J', 'xL55J', 'xL102J', 'xL75J', 'xL98J', 'xL40J', 'xL43J', 'xL13J', 'xL20J', 'xL4J', 'xL6J', 'xL2J', 'xL5J', 'xL16J', 'xL37J', 'xL10J', 'xL118J', 'xL72J', 'xL126J', 'xL31J', 'xL119J', 'xL125J', 'xL0J', 'xL101J', 'xL134J', 'xL96J', 'xL17J', 'xL86J', 'xL94J', 'xL76J', 'xL45J', 'xL90J', 'xL18J', 'xL66J', 'xL63J', 'xL62J', 'xL35J', 'xL92J', 'xL84J', 'xL67J', 'xL146J', 'xL140J', 'xL36J', 'xL25J', 'xL19J', 'xL91J', 'xL138J', 'xL88J', 'xL79J', 'xL68J', 'xL130J', 'xL29J', 'xL50J', 'xL78J', 'xL114J', 'xL65J', 'xL123J', 'xL49J', 'xL104J', 'xL120J', 'xL34J', 'xL46J', 'xL47J', 'xL121J', 'xL144J', 'xL48J', 'xL60J', 'xL111J', 'xL129J', 'xL52J', 'xL23J', 'xL81J', 'xL110J', 'xL147J', 'xL139J', 'xL99J', 'xL95J', 'xL112J', 'xL57J', 'xL141J', 'xL1J', 'xL54J', 'xL33J', 'xL22J', 'xL14J', 'xL44J', 'xL61J', 'xL51J', 'xL69J', 'xL32J', 'xL105J', 'xL80J', 'xL7J', 'xL77J', 'xL26J', 'xL53J', 'xL87J', 'xL107J', 'xL108J', 'xL82J', 'xL106J', 'xL83J', 'xL127J', 'xL27J', 'xL24J', 'xL149J', 'xL116J', 'xL117J', 'xL38J', 'xL56J', 'xL122J', 'xL109J', 'xL143J', 'xL93J', 'xL73J', 'xL133J', 'xL136J', 'xL41J', 'xL137J', 'xL103J', 'xL59J', 'xL9J', 'xL85J', 'xL128J', 'xL28J', 'xL115J', 'xL89J', 'xL145J', 'xL3J', 'xL58J', 'xL132J', 'xL30J', 'xL142J', 'xL97J', 'xL113J', 'xL8J', 'xL64J', 'xL124J', 'xL11J'}, {'xL74J', 'xL116J', 'xL90J', 'xL21J', 'xL52J', 'xL129J', 'xL15J', 'xL93J', 'xL23J', 'xL67J', 'xL146J', 'xL110J', 'xL147J', 'xL12J', 'xL75J', 'xL91J', 'xL88J', 'xL79J', 'xL44J', 'xL16J', 'xL69J', 'xL32J', 'xL72J', 'xL50J', 'xL125J', 'xL30J', 'xL86J', 'xL34J', 'xL124J'})