74, 1.703784300339641, 6.5, 7
+-- , 0 , {140, 3, 44} , {'xL128J', 'xL74J', 'xL68J', 'xL3J', 'xL26J', 'xL75J', 'xL86J', 'xL73J', 'xL124J', 'xL141J', 'xL25J'}
| +-- , 140 , {142} , {'xL74J', 'xL75J', 'xL86J', 'xL72J', 'xL76J', 'xL73J', 'xL77J', 'xL141J', 'xL24J', 'xL26J', 'xL25J'}
| | +-- , 142 , {144} , {'xL134J', 'xL86J', 'xL72J', 'xL27J', 'xL76J', 'xL77J', 'xL24J', 'xL141J'}
| | | +-- , 144 , {146} , {'xL142J', 'xL28J', 'xL86J', 'xL27J', 'xL29J', 'xL89J', 'xL24J', 'xL141J'}
| | | | +-- , 146 , {153, 149} , {'xL142J', 'xL86J', 'xL28J', 'xL88J', 'xL29J', 'xL89J', 'xL139J', 'xL141J'}
| | | | | +-- , 153 , set() , {'xL87J', 'xL88J', 'xL28J', 'xL89J', 'xL139J'}
| | | | | +-- , 149 , {151} , {'xL142J', 'xL86J', 'xL88J', 'xL29J', 'xL84J', 'xL139J', 'xL140J', 'xL141J'}
| | | | | | +-- , 151 , set() , {'xL86J', 'xL84J', 'xL85J', 'xL140J', 'xL141J'}
| +-- , 3 , {5} , {'xL3J', 'xL128J', 'xL68J', 'xL5J', 'xL62J', 'xL124J', 'xL123J', 'xL4J'}
| | +-- , 5 , {42, 7} , {'xL128J', 'xL68J', 'xL117J', 'xL5J', 'xL62J', 'xL123J', 'xL4J', 'xL57J'}
| | | +-- , 42 , set() , {'xL116J', 'xL117J', 'xL5J', 'xL4J', 'xL57J'}
| | | +-- , 7 , {9} , {'xL128J', 'xL68J', 'xL58J', 'xL117J', 'xL55J', 'xL62J', 'xL59J', 'xL118J', 'xL123J', 'xL57J'}
| | | | +-- , 9 , {24, 11} , {'xL128J', 'xL68J', 'xL71J', 'xL62J', 'xL56J', 'xL118J', 'xL129J', 'xL123J', 'xL58J', 'xL55J', 'xL59J'}
| | | | | +-- , 24 , {26} , {'xL128J', 'xL68J', 'xL58J', 'xL71J', 'xL55J', 'xL56J', 'xL54J', 'xL59J', 'xL129J'}
| | | | | | +-- , 26 , {28} , {'xL128J', 'xL68J', 'xL58J', 'xL71J', 'xL120J', 'xL54J', 'xL59J', 'xL129J'}
| | | | | | | +-- , 28 , {30} , {'xL128J', 'xL68J', 'xL71J', 'xL21J', 'xL120J', 'xL59J', 'xL129J'}
| | | | | | | | +-- , 30 , {32} , {'xL128J', 'xL68J', 'xL71J', 'xL21J', 'xL129J', 'xL23J', 'xL22J'}
| | | | | | | | | +-- , 32 , {40, 34} , {'xL68J', 'xL128J', 'xL71J', 'xL66J', 'xL127J', 'xL129J', 'xL23J', 'xL22J'}
| | | | | | | | | | +-- , 40 , set() , {'xL128J', 'xL68J', 'xL66J', 'xL127J', 'xL67J'}
| | | | | | | | | | +-- , 34 , {36} , {'xL71J', 'xL66J', 'xL126J', 'xL127J', 'xL129J', 'xL23J', 'xL22J'}
| | | | | | | | | | | +-- , 36 , {38} , {'xL71J', 'xL66J', 'xL69J', 'xL126J', 'xL129J', 'xL22J'}
| | | | | | | | | | | | +-- , 38 , set() , {'xL71J', 'xL66J', 'xL69J', 'xL129J', 'xL70J'}
| | | | | +-- , 11 , {13} , {'xL71J', 'xL18J', 'xL62J', 'xL56J', 'xL118J', 'xL129J', 'xL119J', 'xL123J'}
| | | | | | +-- , 13 , {15} , {'xL19J', 'xL18J', 'xL62J', 'xL119J', 'xL20J', 'xL65J', 'xL125J', 'xL123J'}
| | | | | | | +-- , 15 , {18, 20} , {'xL19J', 'xL62J', 'xL64J', 'xL20J', 'xL65J', 'xL125J', 'xL123J', 'xL121J'}
| | | | | | | | +-- , 18 , set() , {'xL19J', 'xL63J', 'xL64J', 'xL121J', 'xL65J'}
| | | | | | | | +-- , 20 , {22} , {'xL60J', 'xL62J', 'xL122J', 'xL64J', 'xL20J', 'xL125J', 'xL123J', 'xL121J'}
| | | | | | | | | +-- , 22 , set() , {'xL61J', 'xL60J', 'xL62J', 'xL122J', 'xL123J'}
| +-- , 44 , {46} , {'xL128J', 'xL74J', 'xL68J', 'xL130J', 'xL7J', 'xL73J', 'xL0J', 'xL26J', 'xL25J', 'xL75J', 'xL124J'}
| | +-- , 46 , {48} , {'xL149J', 'xL74J', 'xL130J', 'xL7J', 'xL73J', 'xL0J', 'xL26J', 'xL25J', 'xL98J', 'xL124J'}
| | | +-- , 48 , {50} , {'xL149J', 'xL74J', 'xL2J', 'xL130J', 'xL7J', 'xL73J', 'xL0J', 'xL26J', 'xL25J', 'xL1J', 'xL98J'}
| | | | +-- , 50 , {125, 52} , {'xL149J', 'xL74J', 'xL2J', 'xL130J', 'xL7J', 'xL80J', 'xL73J', 'xL137J', 'xL26J', 'xL25J', 'xL1J', 'xL98J', 'xL8J'}
| | | | | +-- , 125 , {127} , {'xL74J', 'xL130J', 'xL26J', 'xL80J', 'xL8J', 'xL73J', 'xL131J', 'xL137J', 'xL25J'}
| | | | | | +-- , 127 , {129} , {'xL74J', 'xL132J', 'xL137J', 'xL80J', 'xL73J', 'xL133J', 'xL131J', 'xL26J', 'xL25J'}
| | | | | | | +-- , 129 , {131} , {'xL83J', 'xL26J', 'xL138J', 'xL80J', 'xL133J', 'xL137J', 'xL25J'}
| | | | | | | | +-- , 131 , {138, 134} , {'xL135J', 'xL82J', 'xL83J', 'xL26J', 'xL138J', 'xL80J', 'xL137J', 'xL25J'}
| | | | | | | | | +-- , 138 , set() , {'xL135J', 'xL82J', 'xL83J', 'xL81J', 'xL25J'}
| | | | | | | | | +-- , 134 , {136} , {'xL135J', 'xL82J', 'xL26J', 'xL138J', 'xL80J', 'xL78J', 'xL136J', 'xL137J'}
| | | | | | | | | | +-- , 136 , set() , {'xL80J', 'xL78J', 'xL136J', 'xL137J', 'xL79J'}
| | | | | +-- , 52 , {54} , {'xL149J', 'xL2J', 'xL1J', 'xL98J', 'xL7J', 'xL80J', 'xL8J', 'xL110J', 'xL137J', 'xL6J'}
| | | | | | +-- , 54 , {56} , {'xL149J', 'xL2J', 'xL1J', 'xL35J', 'xL98J', 'xL110J', 'xL101J', 'xL6J'}
| | | | | | | +-- , 56 , {58} , {'xL149J', 'xL2J', 'xL44J', 'xL1J', 'xL35J', 'xL109J', 'xL98J', 'xL110J', 'xL101J'}
| | | | | | | | +-- , 58 , {60, 86} , {'xL149J', 'xL2J', 'xL44J', 'xL101J', 'xL1J', 'xL35J', 'xL10J', 'xL109J', 'xL98J', 'xL11J'}
| | | | | | | | | +-- , 60 , {62} , {'xL149J', 'xL101J', 'xL30J', 'xL35J', 'xL34J', 'xL10J', 'xL98J', 'xL11J'}
| | | | | | | | | | +-- , 62 , {64} , {'xL149J', 'xL30J', 'xL35J', 'xL10J', 'xL98J', 'xL34J', 'xL33J', 'xL11J'}
| | | | | | | | | | | +-- , 64 , {66} , {'xL149J', 'xL30J', 'xL10J', 'xL98J', 'xL33J', 'xL146J', 'xL95J', 'xL11J'}
| | | | | | | | | | | | +-- , 66 , {68} , {'xL149J', 'xL30J', 'xL32J', 'xL31J', 'xL10J', 'xL98J', 'xL146J', 'xL95J', 'xL11J'}
| | | | | | | | | | | | | +-- , 68 , {76, 70} , {'xL149J', 'xL96J', 'xL32J', 'xL31J', 'xL10J', 'xL98J', 'xL146J', 'xL95J', 'xL99J', 'xL11J'}
| | | | | | | | | | | | | | +-- , 76 , {78} , {'xL100J', 'xL96J', 'xL10J', 'xL146J', 'xL95J', 'xL99J', 'xL11J'}
| | | | | | | | | | | | | | | +-- , 78 , {80} , {'xL100J', 'xL10J', 'xL92J', 'xL146J', 'xL95J', 'xL11J', 'xL145J'}
| | | | | | | | | | | | | | | | +-- , 80 , {82} , {'xL90J', 'xL92J', 'xL10J', 'xL94J', 'xL146J', 'xL95J', 'xL11J', 'xL145J'}
| | | | | | | | | | | | | | | | | +-- , 82 , {84} , {'xL90J', 'xL91J', 'xL92J', 'xL10J', 'xL94J', 'xL93J', 'xL95J', 'xL11J', 'xL145J'}
| | | | | | | | | | | | | | | | | | +-- , 84 , set() , {'xL91J', 'xL10J', 'xL143J', 'xL93J', 'xL144J', 'xL11J', 'xL145J'}
| | | | | | | | | | | | | | +-- , 70 , {72, 74} , {'xL149J', 'xL96J', 'xL32J', 'xL31J', 'xL98J', 'xL99J', 'xL148J'}
| | | | | | | | | | | | | | | +-- , 72 , set() , {'xL147J', 'xL32J', 'xL31J', 'xL99J', 'xL148J'}
| | | | | | | | | | | | | | | +-- , 74 , set() , {'xL149J', 'xL96J', 'xL97J', 'xL98J', 'xL148J'}
| | | | | | | | | +-- , 86 , {88} , {'xL2J', 'xL44J', 'xL1J', 'xL10J', 'xL109J', 'xL9J', 'xL11J'}
| | | | | | | | | | +-- , 88 , {90} , {'xL2J', 'xL44J', 'xL1J', 'xL109J', 'xL50J', 'xL114J', 'xL9J'}
| | | | | | | | | | | +-- , 90 , {94} , {'xL2J', 'xL44J', 'xL109J', 'xL50J', 'xL114J', 'xL107J', 'xL108J', 'xL1J', 'xL43J', 'xL45J', 'xL14J'}
| | | | | | | | | | | | +-- , 94 , {96} , {'xL2J', 'xL44J', 'xL50J', 'xL114J', 'xL42J', 'xL107J', 'xL1J', 'xL46J', 'xL43J', 'xL47J', 'xL45J', 'xL14J'}
| | | | | | | | | | | | | +-- , 96 , {98} , {'xL2J', 'xL111J', 'xL50J', 'xL114J', 'xL42J', 'xL107J', 'xL1J', 'xL46J', 'xL47J', 'xL45J', 'xL14J'}
| | | | | | | | | | | | | | +-- , 98 , {100} , {'xL2J', 'xL107J', 'xL1J', 'xL111J', 'xL105J', 'xL50J', 'xL114J', 'xL47J', 'xL45J', 'xL14J'}
| | | | | | | | | | | | | | | +-- , 100 , {102} , {'xL2J', 'xL38J', 'xL105J', 'xL50J', 'xL114J', 'xL104J', 'xL107J', 'xL1J', 'xL45J', 'xL14J'}
| | | | | | | | | | | | | | | | +-- , 102 , {104} , {'xL2J', 'xL107J', 'xL38J', 'xL1J', 'xL14J', 'xL12J', 'xL13J', 'xL50J', 'xL114J', 'xL45J', 'xL104J'}
| | | | | | | | | | | | | | | | | +-- , 104 , {106} , {'xL53J', 'xL2J', 'xL38J', 'xL1J', 'xL115J', 'xL12J', 'xL50J', 'xL114J', 'xL104J'}
| | | | | | | | | | | | | | | | | | +-- , 106 , {114, 108} , {'xL53J', 'xL2J', 'xL38J', 'xL1J', 'xL106J', 'xL115J', 'xL50J', 'xL114J', 'xL41J', 'xL104J'}
| | | | | | | | | | | | | | | | | | | +-- , 114 , {116} , {'xL53J', 'xL106J', 'xL115J', 'xL15J', 'xL50J', 'xL114J', 'xL41J'}
| | | | | | | | | | | | | | | | | | | | +-- , 116 , {118} , {'xL53J', 'xL16J', 'xL17J', 'xL115J', 'xL15J', 'xL50J', 'xL114J'}
| | | | | | | | | | | | | | | | | | | | | +-- , 118 , {121} , {'xL53J', 'xL16J', 'xL51J', 'xL17J', 'xL52J', 'xL115J', 'xL50J', 'xL114J', 'xL48J'}
| | | | | | | | | | | | | | | | | | | | | | +-- , 121 , {123} , {'xL16J', 'xL51J', 'xL113J', 'xL17J', 'xL50J', 'xL114J', 'xL48J', 'xL112J'}
| | | | | | | | | | | | | | | | | | | | | | | +-- , 123 , set() , {'xL113J', 'xL50J', 'xL114J', 'xL49J', 'xL48J'}
| | | | | | | | | | | | | | | | | | | +-- , 108 , {112, 110} , {'xL2J', 'xL103J', 'xL38J', 'xL1J', 'xL106J', 'xL41J', 'xL36J', 'xL104J'}
| | | | | | | | | | | | | | | | | | | | +-- , 112 , set() , {'xL2J', 'xL39J', 'xL103J', 'xL1J', 'xL106J', 'xL102J', 'xL40J', 'xL41J', 'xL36J'}
| | | | | | | | | | | | | | | | | | | | +-- , 110 , set() , {'xL103J', 'xL38J', 'xL37J', 'xL36J', 'xL104J'}


Max number of edges with non zero Y: 9
Max number of iterations of outer rounding loop: 4
Max number of candidate sets: 2
Time spent rounding: 21.187
Time spent solving Separator LP: 3.759
Total time spent solving: 35.462

LP Solver: GaifmanNormal
Lower Bound Witness = ({'xL74J', 'xL100J', 'xL71J', 'xL21J', 'xL15J', 'xL70J', 'xL42J', 'xL148J', 'xL131J', 'xL12J', 'xL39J', 'xL135J', 'xL55J', 'xL102J', 'xL75J', 'xL98J', 'xL40J', 'xL43J', 'xL13J', 'xL20J', 'xL4J', 'xL6J', 'xL2J', 'xL5J', 'xL16J', 'xL37J', 'xL10J', 'xL118J', 'xL72J', 'xL126J', 'xL31J', 'xL119J', 'xL125J', 'xL0J', 'xL101J', 'xL134J', 'xL96J', 'xL17J', 'xL86J', 'xL94J', 'xL76J', 'xL45J', 'xL90J', 'xL18J', 'xL66J', 'xL63J', 'xL62J', 'xL35J', 'xL92J', 'xL84J', 'xL67J', 'xL146J', 'xL140J', 'xL36J', 'xL25J', 'xL19J', 'xL91J', 'xL138J', 'xL88J', 'xL79J', 'xL68J', 'xL130J', 'xL29J', 'xL50J', 'xL78J', 'xL114J', 'xL65J', 'xL123J', 'xL49J', 'xL104J', 'xL120J', 'xL34J', 'xL46J', 'xL47J', 'xL121J', 'xL144J', 'xL48J', 'xL60J', 'xL111J', 'xL129J', 'xL52J', 'xL23J', 'xL81J', 'xL110J', 'xL147J', 'xL139J', 'xL99J', 'xL95J', 'xL112J', 'xL57J', 'xL141J', 'xL1J', 'xL54J', 'xL33J', 'xL22J', 'xL14J', 'xL44J', 'xL61J', 'xL51J', 'xL69J', 'xL32J', 'xL105J', 'xL80J', 'xL7J', 'xL77J', 'xL26J', 'xL53J', 'xL87J', 'xL107J', 'xL108J', 'xL82J', 'xL106J', 'xL83J', 'xL127J', 'xL27J', 'xL24J', 'xL149J', 'xL116J', 'xL117J', 'xL38J', 'xL56J', 'xL122J', 'xL109J', 'xL143J', 'xL93J', 'xL73J', 'xL133J', 'xL136J', 'xL41J', 'xL137J', 'xL103J', 'xL59J', 'xL9J', 'xL85J', 'xL128J', 'xL28J', 'xL115J', 'xL89J', 'xL145J', 'xL3J', 'xL58J', 'xL132J', 'xL30J', 'xL142J', 'xL97J', 'xL113J', 'xL8J', 'xL64J', 'xL124J', 'xL11J'}, {'xL53J', 'xL117J', 'xL103J', 'xL61J', 'xL55J', 'xL72J', 'xL129J', 'xL80J', 'xL89J', 'xL43J', 'xL23J', 'xL9J', 'xL67J', 'xL131J', 'xL11J'})