20, 2.9064816905557627, 8.0, 8
+-- , 0 , {41, 3} , {'xL23J', 'xL3J', 'xL25J', 'xL9J', 'xL6J', 'xL34J', 'xL10J', 'xL13J', 'xL35J', 'xL11J', 'xL19J', 'xL38J', 'xL27J', 'xL36J', 'xL33J'}
| +-- , 41 , set() , {'xL17J', 'xL10J', 'xL23J', 'xL38J', 'xL27J', 'xL36J'}
| +-- , 3 , {35, 5, 39, 37} , {'xL23J', 'xL3J', 'xL2J', 'xL25J', 'xL9J', 'xL6J', 'xL34J', 'xL10J', 'xL13J', 'xL11J', 'xL19J', 'xL38J', 'xL27J', 'xL5J', 'xL36J', 'xL35J'}
| | +-- , 35 , set() , {'xL13J', 'xL11J', 'xL2J', 'xL1J', 'xL9J', 'xL24J', 'xL36J'}
| | +-- , 5 , {33, 7} , {'xL30J', 'xL3J', 'xL2J', 'xL25J', 'xL9J', 'xL6J', 'xL34J', 'xL10J', 'xL13J', 'xL11J', 'xL19J', 'xL38J', 'xL5J', 'xL36J', 'xL35J'}
| | | +-- , 33 , set() , {'xL30J', 'xL11J', 'xL9J', 'xL4J', 'xL35J'}
| | | +-- , 7 , {9} , {'xL30J', 'xL3J', 'xL2J', 'xL25J', 'xL9J', 'xL6J', 'xL34J', 'xL10J', 'xL12J', 'xL13J', 'xL11J', 'xL38J', 'xL5J', 'xL36J', 'xL35J'}
| | | | +-- , 9 , {13, 29, 31} , {'xL34J', 'xL10J', 'xL12J', 'xL13J', 'xL30J', 'xL3J', 'xL11J', 'xL35J', 'xL2J', 'xL21J', 'xL9J', 'xL38J', 'xL5J', 'xL36J', 'xL15J'}
| | | | | +-- , 13 , {25, 15} , {'xL30J', 'xL3J', 'xL16J', 'xL15J', 'xL2J', 'xL9J', 'xL39J', 'xL34J', 'xL10J', 'xL13J', 'xL12J', 'xL11J', 'xL21J', 'xL38J', 'xL36J', 'xL35J'}
| | | | | | +-- , 25 , {27} , {'xL34J', 'xL10J', 'xL13J', 'xL8J', 'xL3J', 'xL9J', 'xL39J', 'xL36J'}
| | | | | | | +-- , 27 , set() , {'xL10J', 'xL13J', 'xL8J', 'xL37J', 'xL9J'}
| | | | | | +-- , 15 , {17} , {'xL30J', 'xL16J', 'xL3J', 'xL15J', 'xL2J', 'xL39J', 'xL10J', 'xL12J', 'xL28J', 'xL11J', 'xL7J', 'xL21J', 'xL38J', 'xL35J'}
| | | | | | | +-- , 17 , {19} , {'xL30J', 'xL3J', 'xL2J', 'xL39J', 'xL10J', 'xL28J', 'xL11J', 'xL7J', 'xL21J', 'xL0J', 'xL38J', 'xL15J'}
| | | | | | | | +-- , 19 , {21} , {'xL10J', 'xL28J', 'xL11J', 'xL30J', 'xL3J', 'xL2J', 'xL7J', 'xL0J', 'xL20J', 'xL39J', 'xL15J'}
| | | | | | | | | +-- , 21 , {23} , {'xL14J', 'xL28J', 'xL30J', 'xL3J', 'xL2J', 'xL7J', 'xL26J', 'xL20J', 'xL39J'}
| | | | | | | | | | +-- , 23 , set() , {'xL18J', 'xL26J', 'xL20J', 'xL28J'}
| | | | | +-- , 29 , set() , {'xL21J', 'xL12J', 'xL29J', 'xL15J'}
| | | | | +-- , 31 , set() , {'xL15J', 'xL34J', 'xL32J', 'xL30J'}
| | +-- , 39 , set() , {'xL34J', 'xL22J', 'xL2J', 'xL36J'}
| | +-- , 37 , set() , {'xL3J', 'xL31J', 'xL19J', 'xL5J', 'xL36J'}


Max number of edges with non zero Y: 29
Max number of iterations of outer rounding loop: 6
Max number of candidate sets: 2
Time spent rounding: 28.415
Time spent solving Separator LP: 0.586

LP Solver: GaifmanNormal