7, 0, 5.335153583617748, 8
+-- , 0 , {16, 6, 12, 14} , {'xL16J', 'xL3J', 'xL32J', 'xL8J', 'xL2J', 'xL36J', 'xL18J', 'xL39J', 'xL17J', 'xL13J', 'xL37J', 'xL21J', 'xL6J', 'xL15J', 'xL12J', 'xL9J', 'xL28J', 'xL27J', 'xL35J', 'xL11J', 'xL31J', 'xL23J', 'xL38J', 'xL29J', 'xL25J', 'xL1J', 'xL0J', 'xL4J', 'xL20J', 'xL30J', 'xL14J', 'xL22J', 'xL24J'}
| +-- , 16 , set() , {'xL16J', 'xL32J', 'xL8J', 'xL2J', 'xL7J', 'xL36J', 'xL39J', 'xL21J', 'xL6J', 'xL15J', 'xL12J', 'xL9J', 'xL27J', 'xL35J', 'xL11J', 'xL31J', 'xL23J', 'xL38J', 'xL29J', 'xL25J', 'xL4J', 'xL20J', 'xL30J', 'xL14J', 'xL22J', 'xL24J'}
| +-- , 6 , {8, 10} , {'xL16J', 'xL3J', 'xL32J', 'xL8J', 'xL2J', 'xL36J', 'xL18J', 'xL17J', 'xL13J', 'xL37J', 'xL21J', 'xL6J', 'xL12J', 'xL9J', 'xL28J', 'xL33J', 'xL27J', 'xL35J', 'xL11J', 'xL31J', 'xL23J', 'xL38J', 'xL29J', 'xL25J', 'xL1J', 'xL0J', 'xL20J', 'xL30J', 'xL14J', 'xL22J', 'xL24J'}
| | +-- , 8 , set() , {'xL25J', 'xL3J', 'xL23J', 'xL32J', 'xL2J', 'xL33J', 'xL1J', 'xL19J', 'xL24J', 'xL18J', 'xL17J', 'xL14J', 'xL22J', 'xL9J'}
| | +-- , 10 , set() , {'xL32J', 'xL8J', 'xL13J', 'xL26J', 'xL21J', 'xL6J', 'xL9J', 'xL28J', 'xL33J', 'xL11J', 'xL23J', 'xL38J', 'xL29J', 'xL25J', 'xL1J', 'xL0J', 'xL20J', 'xL30J', 'xL14J', 'xL22J', 'xL24J'}
| +-- , 12 , set() , {'xL3J', 'xL32J', 'xL18J', 'xL5J', 'xL6J', 'xL12J', 'xL9J', 'xL28J', 'xL27J', 'xL35J', 'xL11J', 'xL23J', 'xL29J', 'xL1J', 'xL0J', 'xL4J', 'xL10J', 'xL20J', 'xL30J', 'xL14J', 'xL22J'}
| +-- , 14 , set() , {'xL25J', 'xL3J', 'xL34J', 'xL17J', 'xL30J', 'xL22J', 'xL24J'}


Max number of edges with non zero Y: 33
Max number of iterations of outer rounding loop: 8
Max number of candidate sets: 2
Time spent rounding: 17.606
Time spent solving Separator LP: 0.063

LP Solver: gammaPlusFractionalCoverHeuristic8, 0, 5.342713145737085, 8
+-- , 0 , {3, 9, 13, 15} , {'xL23J', 'xL15J', 'xL17J', 'xL21J', 'xL20J', 'xL33J', 'xL6J', 'xL26J', 'xL35J', 'xL24J', 'xL9J', 'xL12J', 'xL36J', 'xL18J', 'xL39J', 'xL37J', 'xL13J', 'xL30J', 'xL2J', 'xL3J', 'xL14J', 'xL29J', 'xL27J', 'xL7J', 'xL28J', 'xL8J', 'xL1J', 'xL22J', 'xL11J', 'xL25J', 'xL4J', 'xL32J'}
| +-- , 3 , {5} , {'xL23J', 'xL15J', 'xL17J', 'xL21J', 'xL20J', 'xL33J', 'xL6J', 'xL26J', 'xL35J', 'xL24J', 'xL9J', 'xL12J', 'xL36J', 'xL18J', 'xL39J', 'xL37J', 'xL13J', 'xL30J', 'xL2J', 'xL3J', 'xL14J', 'xL29J', 'xL27J', 'xL7J', 'xL28J', 'xL8J', 'xL1J', 'xL22J', 'xL25J', 'xL4J', 'xL32J', 'xL16J'}
| | +-- , 5 , {7} , {'xL23J', 'xL15J', 'xL17J', 'xL21J', 'xL33J', 'xL6J', 'xL26J', 'xL35J', 'xL24J', 'xL9J', 'xL12J', 'xL18J', 'xL39J', 'xL37J', 'xL13J', 'xL30J', 'xL2J', 'xL3J', 'xL14J', 'xL29J', 'xL7J', 'xL28J', 'xL8J', 'xL1J', 'xL31J', 'xL22J', 'xL25J', 'xL4J', 'xL32J', 'xL16J'}
| | | +-- , 7 , set() , {'xL23J', 'xL15J', 'xL21J', 'xL6J', 'xL26J', 'xL35J', 'xL24J', 'xL9J', 'xL12J', 'xL39J', 'xL13J', 'xL30J', 'xL2J', 'xL14J', 'xL29J', 'xL38J', 'xL7J', 'xL8J', 'xL31J', 'xL22J', 'xL25J', 'xL4J', 'xL16J'}
| +-- , 9 , {11} , {'xL23J', 'xL15J', 'xL21J', 'xL33J', 'xL20J', 'xL6J', 'xL26J', 'xL35J', 'xL0J', 'xL9J', 'xL12J', 'xL36J', 'xL18J', 'xL39J', 'xL37J', 'xL13J', 'xL30J', 'xL3J', 'xL14J', 'xL29J', 'xL27J', 'xL28J', 'xL8J', 'xL1J', 'xL22J', 'xL11J', 'xL25J', 'xL4J', 'xL32J'}
| | +-- , 11 , set() , {'xL23J', 'xL20J', 'xL6J', 'xL35J', 'xL0J', 'xL9J', 'xL12J', 'xL5J', 'xL18J', 'xL30J', 'xL3J', 'xL14J', 'xL29J', 'xL27J', 'xL10J', 'xL28J', 'xL1J', 'xL22J', 'xL11J', 'xL4J', 'xL32J'}
| +-- , 13 , set() , {'xL23J', 'xL1J', 'xL9J', 'xL24J', 'xL22J', 'xL19J', 'xL2J', 'xL3J', 'xL33J', 'xL14J', 'xL17J', 'xL25J', 'xL32J', 'xL18J'}
| +-- , 15 , set() , {'xL22J', 'xL24J', 'xL34J', 'xL30J', 'xL3J', 'xL17J', 'xL25J'}


Max number of edges with non zero Y: 32
Max number of iterations of outer rounding loop: 5
Max number of candidate sets: 2
Time spent rounding: 8.571
Time spent solving Separator LP: 0.031

LP Solver: gammaPlusFractionalCoverHeuristic