20, 2.8585600723275033, 7.0, 8
+-- , 0 , {23, 7, 25, 27, 45} , {'xL34J', 'xL26J', 'xL0J', 'xL5J', 'xL4J', 'xL33J', 'xL18J', 'xL3J', 'xL23J', 'xL28J', 'xL6J', 'xL1J', 'xL38J'}
| +-- , 23 , set() , {'xL21J', 'xL18J', 'xL33J', 'xL26J'}
| +-- , 7 , {21, 9, 13, 15} , {'xL34J', 'xL31J', 'xL0J', 'xL7J', 'xL18J', 'xL33J', 'xL23J', 'xL28J', 'xL6J', 'xL38J', 'xL5J', 'xL3J', 'xL1J', 'xL4J'}
| | +-- , 21 , set() , {'xL11J', 'xL31J', 'xL18J', 'xL1J'}
| | +-- , 9 , {11} , {'xL34J', 'xL31J', 'xL5J', 'xL7J', 'xL30J', 'xL3J'}
| | | +-- , 11 , set() , {'xL30J', 'xL7J', 'xL13J', 'xL3J', 'xL32J'}
| | +-- , 13 , set() , {'xL7J', 'xL18J', 'xL33J', 'xL1J', 'xL27J'}
| | +-- , 15 , {17, 19} , {'xL31J', 'xL0J', 'xL5J', 'xL28J', 'xL6J', 'xL16J', 'xL38J'}
| | | +-- , 17 , set() , {'xL15J', 'xL16J'}
| | | +-- , 19 , set() , {'xL0J', 'xL28J', 'xL37J', 'xL6J', 'xL16J', 'xL38J'}
| +-- , 25 , set() , {'xL5J', 'xL38J', 'xL8J', 'xL28J'}
| +-- , 27 , {36, 41, 43, 30} , {'xL34J', 'xL26J', 'xL0J', 'xL33J', 'xL23J', 'xL28J', 'xL6J', 'xL10J', 'xL38J', 'xL3J', 'xL17J', 'xL1J', 'xL4J'}
| | +-- , 36 , {39} , {'xL34J', 'xL0J', 'xL33J', 'xL3J', 'xL39J', 'xL25J', 'xL22J', 'xL35J', 'xL29J', 'xL1J', 'xL10J', 'xL38J'}
| | | +-- , 39 , set() , {'xL36J', 'xL39J'}
| | +-- , 41 , set() , {'xL6J', 'xL10J', 'xL19J'}
| | +-- , 43 , set() , {'xL12J', 'xL10J'}
| | +-- , 30 , {32} , {'xL14J', 'xL34J', 'xL38J', 'xL26J', 'xL0J', 'xL20J', 'xL1J', 'xL10J', 'xL4J'}
| | | +-- , 32 , {34} , {'xL14J', 'xL34J', 'xL2J', 'xL38J', 'xL20J', 'xL1J', 'xL4J'}
| | | | +-- , 34 , set() , {'xL14J', 'xL34J', 'xL2J', 'xL9J', 'xL1J'}
| +-- , 45 , set() , {'xL6J', 'xL24J'}


Max number of edges with non zero Y: 25
Max number of iterations of outer rounding loop: 4
Max number of candidate sets: 2
Time spent rounding: 24.503
Time spent solving Separator LP: 1.104

LP Solver: GaifmanBoosted