22, 4.0, 7.5, 8
+-- , 0 , {49, 51, 7, 47} , {'xL18J', 'xL30J', 'xL17J', 'xL10J', 'xL26J', 'xL13J', 'xL27J', 'xL35J', 'xL38J', 'xL3J', 'xL28J'}
| +-- , 49 , set() , {'xL6J', 'xL28J'}
| +-- , 51 , set() , {'xL17J', 'xL3J', 'xL14J'}
| +-- , 7 , {12} , {'xL18J', 'xL10J', 'xL16J', 'xL4J', 'xL38J', 'xL23J', 'xL0J', 'xL30J', 'xL17J', 'xL26J', 'xL27J', 'xL35J', 'xL3J', 'xL28J'}
| | +-- , 12 , {45, 14} , {'xL18J', 'xL10J', 'xL16J', 'xL4J', 'xL2J', 'xL38J', 'xL0J', 'xL30J', 'xL17J', 'xL26J', 'xL35J', 'xL3J', 'xL27J', 'xL28J'}
| | | +-- , 45 , set() , {'xL2J', 'xL20J', 'xL35J', 'xL4J'}
| | | +-- , 14 , {17, 43} , {'xL0J', 'xL18J', 'xL39J', 'xL30J', 'xL17J', 'xL10J', 'xL16J', 'xL8J', 'xL26J', 'xL27J', 'xL34J', 'xL35J', 'xL2J', 'xL3J', 'xL28J'}
| | | | +-- , 17 , {19, 27} , {'xL18J', 'xL39J', 'xL22J', 'xL16J', 'xL34J', 'xL2J', 'xL0J', 'xL30J', 'xL17J', 'xL8J', 'xL26J', 'xL35J', 'xL3J', 'xL28J'}
| | | | | +-- , 19 , {25, 21} , {'xL0J', 'xL18J', 'xL17J', 'xL22J', 'xL16J', 'xL7J', 'xL19J', 'xL26J', 'xL35J', 'xL34J', 'xL33J', 'xL2J'}
| | | | | | +-- , 25 , set() , {'xL7J', 'xL19J', 'xL11J', 'xL22J'}
| | | | | | +-- , 21 , {23} , {'xL0J', 'xL22J', 'xL1J', 'xL19J', 'xL26J', 'xL35J'}
| | | | | | | +-- , 23 , set() , {'xL35J', 'xL1J', 'xL25J', 'xL19J'}
| | | | | +-- , 27 , {29} , {'xL0J', 'xL18J', 'xL39J', 'xL30J', 'xL22J', 'xL8J', 'xL32J', 'xL3J', 'xL2J', 'xL28J'}
| | | | | | +-- , 29 , {41, 31} , {'xL0J', 'xL18J', 'xL39J', 'xL30J', 'xL21J', 'xL32J', 'xL2J', 'xL28J'}
| | | | | | | +-- , 41 , set() , {'xL21J', 'xL31J'}
| | | | | | | +-- , 31 , {33} , {'xL0J', 'xL18J', 'xL39J', 'xL30J', 'xL21J', 'xL24J', 'xL2J', 'xL28J'}
| | | | | | | | +-- , 33 , {35, 37} , {'xL18J', 'xL39J', 'xL30J', 'xL24J', 'xL37J', 'xL2J', 'xL28J'}
| | | | | | | | | +-- , 35 , set() , {'xL39J', 'xL18J', 'xL9J', 'xL24J', 'xL37J'}
| | | | | | | | | +-- , 37 , {39} , {'xL18J', 'xL30J', 'xL24J', 'xL37J', 'xL36J', 'xL2J'}
| | | | | | | | | | +-- , 39 , set() , {'xL30J', 'xL29J', 'xL24J', 'xL37J', 'xL36J'}
| | | | +-- , 43 , set() , {'xL5J', 'xL27J', 'xL8J'}
| +-- , 47 , set() , {'xL12J', 'xL18J', 'xL35J', 'xL3J', 'xL13J', 'xL15J'}


Max number of edges with non zero Y: 6
Max number of iterations of outer rounding loop: 0
Max number of candidate sets: 0
Time spent rounding: 0.000
Time spent solving Separator LP: 6.224

LP Solver: GaifmanNormalILP