22, 2.773938755522477, 7.5, 8
+-- , 0 , {48, 6, 42, 44, 46} , {'xL12J', 'xL18J', 'xL30J', 'xL11J', 'xL10J', 'xL29J', 'xL28J', 'xL9J', 'xL7J', 'xL24J', 'xL37J', 'xL35J', 'xL2J', 'xL23J'}
| +-- , 48 , set() , {'xL6J', 'xL28J'}
| +-- , 6 , {40, 8} , {'xL12J', 'xL18J', 'xL10J', 'xL9J', 'xL7J', 'xL24J', 'xL2J', 'xL23J', 'xL30J', 'xL11J', 'xL35J', 'xL3J', 'xL28J'}
| | +-- , 40 , set() , {'xL10J', 'xL35J', 'xL3J', 'xL2J', 'xL38J'}
| | +-- , 8 , {10} , {'xL12J', 'xL18J', 'xL10J', 'xL9J', 'xL7J', 'xL24J', 'xL2J', 'xL23J', 'xL11J', 'xL19J', 'xL35J', 'xL3J', 'xL28J'}
| | | +-- , 10 , {13} , {'xL12J', 'xL22J', 'xL10J', 'xL16J', 'xL9J', 'xL7J', 'xL24J', 'xL2J', 'xL23J', 'xL11J', 'xL19J', 'xL35J', 'xL33J', 'xL3J', 'xL28J'}
| | | | +-- , 13 , {38, 15} , {'xL12J', 'xL22J', 'xL10J', 'xL16J', 'xL9J', 'xL24J', 'xL2J', 'xL23J', 'xL17J', 'xL19J', 'xL35J', 'xL33J', 'xL3J', 'xL28J'}
| | | | | +-- , 38 , set() , {'xL3J', 'xL17J', 'xL14J'}
| | | | | +-- , 15 , {17} , {'xL12J', 'xL25J', 'xL22J', 'xL10J', 'xL16J', 'xL9J', 'xL24J', 'xL2J', 'xL23J', 'xL17J', 'xL19J', 'xL35J', 'xL3J', 'xL28J'}
| | | | | | +-- , 17 , {20, 28} , {'xL12J', 'xL25J', 'xL22J', 'xL10J', 'xL16J', 'xL9J', 'xL24J', 'xL2J', 'xL23J', 'xL0J', 'xL17J', 'xL27J', 'xL35J', 'xL3J', 'xL28J'}
| | | | | | | +-- , 20 , {22} , {'xL0J', 'xL39J', 'xL22J', 'xL10J', 'xL9J', 'xL24J', 'xL27J', 'xL3J'}
| | | | | | | | +-- , 22 , {24, 26} , {'xL39J', 'xL22J', 'xL21J', 'xL24J', 'xL5J', 'xL27J', 'xL32J', 'xL3J'}
| | | | | | | | | +-- , 24 , set() , {'xL21J', 'xL31J'}
| | | | | | | | | +-- , 26 , set() , {'xL39J', 'xL5J', 'xL8J', 'xL32J'}
| | | | | | | +-- , 28 , {36, 30} , {'xL12J', 'xL25J', 'xL22J', 'xL10J', 'xL16J', 'xL4J', 'xL2J', 'xL23J', 'xL0J', 'xL35J', 'xL3J'}
| | | | | | | | +-- , 36 , set() , {'xL2J', 'xL20J', 'xL35J', 'xL4J'}
| | | | | | | | +-- , 30 , {32} , {'xL0J', 'xL12J', 'xL25J', 'xL22J', 'xL10J', 'xL16J', 'xL1J', 'xL35J', 'xL3J', 'xL4J'}
| | | | | | | | | +-- , 32 , {34} , {'xL12J', 'xL10J', 'xL16J', 'xL1J', 'xL26J', 'xL35J', 'xL3J', 'xL4J'}
| | | | | | | | | | +-- , 34 , set() , {'xL12J', 'xL10J', 'xL26J', 'xL13J', 'xL3J'}
| +-- , 42 , set() , {'xL10J', 'xL28J', 'xL34J', 'xL7J'}
| +-- , 44 , set() , {'xL2J', 'xL18J', 'xL29J', 'xL36J'}
| +-- , 46 , set() , {'xL12J', 'xL18J', 'xL15J'}


Max number of edges with non zero Y: 23
Max number of iterations of outer rounding loop: 4
Max number of candidate sets: 2
Time spent rounding: 32.351
Time spent solving Separator LP: 1.092

LP Solver: GaifmanBoosted