20, 3.1131458931738583, 9.5, 10
+-- , 0 , {8, 42, 44, 46} , {'xL35J', 'xL30J', 'xL28J', 'xL0J', 'xL1J', 'xL18J', 'xL7J', 'xL16J', 'xL2J', 'xL21J', 'xL34J', 'xL6J', 'xL3J', 'xL24J', 'xL15J', 'xL19J', 'xL5J'}
| +-- , 8 , {12} , {'xL35J', 'xL28J', 'xL0J', 'xL1J', 'xL23J', 'xL2J', 'xL18J', 'xL21J', 'xL16J', 'xL7J', 'xL34J', 'xL25J', 'xL6J', 'xL3J', 'xL24J', 'xL15J', 'xL17J', 'xL19J', 'xL5J'}
| | +-- , 12 , {14} , {'xL35J', 'xL28J', 'xL0J', 'xL1J', 'xL23J', 'xL18J', 'xL21J', 'xL2J', 'xL7J', 'xL16J', 'xL25J', 'xL6J', 'xL19J', 'xL3J', 'xL15J', 'xL17J', 'xL24J', 'xL14J', 'xL5J'}
| | | +-- , 14 , {16} , {'xL35J', 'xL28J', 'xL0J', 'xL36J', 'xL1J', 'xL23J', 'xL2J', 'xL21J', 'xL7J', 'xL16J', 'xL25J', 'xL6J', 'xL19J', 'xL3J', 'xL15J', 'xL17J', 'xL24J', 'xL14J', 'xL5J'}
| | | | +-- , 16 , {18, 40, 26} , {'xL35J', 'xL28J', 'xL0J', 'xL36J', 'xL1J', 'xL23J', 'xL7J', 'xL21J', 'xL6J', 'xL3J', 'xL24J', 'xL15J', 'xL17J', 'xL19J', 'xL14J', 'xL29J', 'xL5J'}
| | | | | +-- , 18 , {20} , {'xL23J', 'xL35J', 'xL26J', 'xL0J', 'xL9J', 'xL36J', 'xL17J', 'xL21J', 'xL29J', 'xL5J'}
| | | | | | +-- , 20 , {24, 22} , {'xL11J', 'xL26J', 'xL9J', 'xL36J', 'xL21J', 'xL29J', 'xL5J'}
| | | | | | | +-- , 24 , set() , {'xL11J', 'xL32J', 'xL36J', 'xL5J'}
| | | | | | | +-- , 22 , set() , {'xL11J', 'xL9J', 'xL37J', 'xL21J', 'xL29J'}
| | | | | +-- , 40 , set() , {'xL28J', 'xL3J', 'xL27J', 'xL7J', 'xL29J'}
| | | | | +-- , 26 , {28, 38} , {'xL35J', 'xL28J', 'xL10J', 'xL0J', 'xL36J', 'xL1J', 'xL21J', 'xL6J', 'xL3J', 'xL24J', 'xL15J', 'xL17J', 'xL19J', 'xL14J', 'xL29J'}
| | | | | | +-- , 28 , {30} , {'xL35J', 'xL28J', 'xL10J', 'xL38J', 'xL36J', 'xL1J', 'xL21J', 'xL6J', 'xL24J', 'xL15J', 'xL19J', 'xL14J', 'xL29J'}
| | | | | | | +-- , 30 , {32, 34, 36} , {'xL28J', 'xL10J', 'xL38J', 'xL36J', 'xL1J', 'xL21J', 'xL6J', 'xL12J', 'xL15J', 'xL19J', 'xL14J', 'xL29J'}
| | | | | | | | +-- , 32 , set() , {'xL6J', 'xL28J', 'xL14J', 'xL12J', 'xL22J', 'xL10J', 'xL36J', 'xL21J', 'xL39J'}
| | | | | | | | +-- , 34 , set() , {'xL8J', 'xL12J', 'xL29J', 'xL1J'}
| | | | | | | | +-- , 36 , set() , {'xL12J', 'xL15J', 'xL36J', 'xL14J', 'xL31J'}
| | | | | | +-- , 38 , set() , {'xL33J', 'xL6J', 'xL3J', 'xL10J', 'xL17J'}
| +-- , 42 , set() , {'xL30J', 'xL4J', 'xL1J'}
| +-- , 44 , set() , {'xL20J', 'xL30J', 'xL18J', 'xL15J'}
| +-- , 46 , set() , {'xL15J', 'xL13J'}


Max number of edges with non zero Y: 41
Max number of iterations of outer rounding loop: 6
Max number of candidate sets: 2
Time spent rounding: 55.984
Time spent solving Separator LP: 1.788

LP Solver: GaifmanBoosted