11, 0, 6.6923076923076925, 9
+-- , 23 , {0, 25} , {'13', '27', '24', '14', '1', '22', '9', '28', '18', '30', '4', '10', '16', '0', '32', '17', '6', '11', '7'}
| +-- , 0 , {5} , {'13', '27', '24', '1', '25', '10', '0', '7', '14', '22', '9', '28', '18', '30', '4', '16', '32', '17', '21', '11'}
| | +-- , 5 , {9, 21} , {'29', '12', '13', '27', '24', '14', '1', '22', '9', '25', '28', '18', '4', '8', '10', '16', '0', '32', '17', '21', '11', '7'}
| | | +-- , 9 , {11} , {'29', '12', '13', '27', '14', '22', '9', '25', '28', '18', '4', '16', '0', '32', '17', '21', '26', '11', '7'}
| | | | +-- , 11 , {13} , {'29', '15', '12', '13', '27', '14', '22', '9', '25', '28', '18', '4', '16', '0', '17', '21', '26', '11', '7'}
| | | | | +-- , 13 , {15} , {'29', '15', '13', '27', '14', '22', '9', '25', '28', '18', '4', '2', '16', '0', '17', '21', '26', '11', '7'}
| | | | | | +-- , 15 , {17, 19} , {'29', '15', '27', '22', '9', '28', '25', '4', '2', '16', '0', '17', '5', '21', '11', '7'}
| | | | | | | +-- , 17 , set() , {'29', '4', '3', '27', '0', '17', '5', '21', '25', '7'}
| | | | | | | +-- , 19 , set() , {'27', '16', '9', '5', '21', '28', '25', '20'}
| | | +-- , 21 , set() , {'12', '8', '13', '27', '24', '22', '0', '16', '31', '17', '21', '19', '25', '11', '7'}
| +-- , 25 , set() , {'18', '23', '14', '24', '0', '1', '16', '6'}


Max number of edges with non zero Y: 28
Max number of iterations of outer rounding loop: 5
Max number of candidate sets: 2
Time spent rounding: 1.309
Time spent solving Separator LP: 0.029
Total time spent solving: 1.980

LP Solver: gammaPlusFractionalCoverHeuristic
Number of Rounding Attemps: 4
Lower Bound Witness = ({'29', '15', '12', '13', '27', '24', '1', '25', '10', '3', '0', '5', '19', '20', '7', '23', '14', '22', '31', '9', '28', '18', '30', '4', '8', '2', '16', '32', '17', '21', '6', '26', '11'}, {'23', '30', '3', '16', '32'})