34, 1.7368421052631584, 3.0, 3
+-- , 0 , {3, 21} , {'xL2JL6J', 'xL5JL6J', 'xL3JL6J', 'xL5JL11J', 'xL4JL6J', 'xL4JL11J', 'xL1JL6J', 'xL6JL11J'}
| +-- , 3 , {9, 5} , {'xL2JL6J', 'xL4JL11J', 'xL3JL8J', 'xL5JL11J', 'xL1JL6J'}
| | +-- , 9 , {11} , {'xL5JL11J', 'xL3JL10J', 'xL3JL9J', 'xL4JL11J', 'xL3JL8J'}
| | | +-- , 11 , {14} , {'xL5JL11J', 'xL1JL10J', 'xL2JL10J', 'xL3JL10J', 'xL3JL9J', 'xL4JL10J', 'xL4JL11J', 'xL5JL10J'}
| | | | +-- , 14 , {16} , {'xL4JL12J', 'xL4JL13J', 'xL1JL10J', 'xL2JL10J', 'xL4JL10J', 'xL3JL9J', 'xL4JL9J', 'xL4JL11J'}
| | | | | +-- , 16 , {19} , {'xL4JL12J', 'xL4JL13J', 'xL2JL12J', 'xL1JL11J', 'xL2JL11J', 'xL1JL10J', 'xL2JL10J', 'xL2JL13J', 'xL1JL12J'}
| | | | | | +-- , 19 , set() , {'xL3JL12J', 'xL4JL12J', 'xL4JL13J', 'xL2JL12J', 'xL2JL13J', 'xL3JL13J', 'xL1JL12J'}
| | +-- , 5 , {7} , {'xL1JL8J', 'xL2JL8J', 'xL1JL6J', 'xL3JL8J', 'xL2JL6J'}
| | | +-- , 7 , set() , {'xL2JL6J', 'xL1JL7J', 'xL1JL8J', 'xL2JL8J', 'xL2JL7J', 'xL1JL6J'}
| +-- , 21 , {23} , {'xL5JL6J', 'xL3JL6J', 'xL6JL12J', 'xL4JL6J', 'xL6JL13J', 'xL6JL11J'}
| | +-- , 23 , {25, 69} , {'xL5JL6J', 'xL7JL10J', 'xL3JL6J', 'xL6JL12J', 'xL4JL6J', 'xL6JL13J'}
| | | +-- , 25 , {27} , {'xL7JL10J', 'xL5JL6J', 'xL3JL6J', 'xL7JL9J', 'xL4JL6J', 'xL7JL8J'}
| | | | +-- , 27 , {30} , {'xL5JL6J', 'xL3JL6J', 'xL8JL8J', 'xL5JL8J', 'xL6JL8J', 'xL6JL9J', 'xL7JL9J', 'xL9JL8J', 'xL4JL6J', 'xL7JL8J'}
| | | | | +-- , 30 , {32} , {'xL5JL6J', 'xL3JL6J', 'xL8JL8J', 'xL5JL8J', 'xL6JL8J', 'xL6JL9J', 'xL9JL8J', 'xL4JL6J', 'xL6JL7J'}
| | | | | | +-- , 32 , {34} , {'xL5JL6J', 'xL3JL6J', 'xL8JL8J', 'xL5JL8J', 'xL4JL7J', 'xL9JL8J', 'xL5JL7J', 'xL4JL6J', 'xL6JL7J'}
| | | | | | | +-- , 34 , {36} , {'xL3JL6J', 'xL8JL8J', 'xL4JL7J', 'xL9JL8J', 'xL4JL6J', 'xL3JL4J', 'xL3JL5J', 'xL4JL5J'}
| | | | | | | | +-- , 36 , {38} , {'xL8JL8J', 'xL2JL4J', 'xL9JL8J', 'xL3JL4J', 'xL1JL4J'}
| | | | | | | | | +-- , 38 , {40, 62} , {'xL4JL3J', 'xL1JL4J', 'xL8JL8J', 'xL2JL4J', 'xL9JL8J'}
| | | | | | | | | | +-- , 40 , {42} , {'xL8JL8J', 'xL6JL3J', 'xL9JL8J', 'xL5JL3J', 'xL4JL3J'}
| | | | | | | | | | | +-- , 42 , {58, 44} , {'xL9JL8J', 'xL7JL6J', 'xL8JL8J', 'xL6JL3J', 'xL5JL3J'}
| | | | | | | | | | | | +-- , 58 , {60} , {'xL8JL8J', 'xL9JL6J', 'xL8JL6J', 'xL9JL8J', 'xL7JL6J'}
| | | | | | | | | | | | | +-- , 60 , set() , {'xL8JL8J', 'xL9JL6J', 'xL9JL8J', 'xL8JL6J', 'xL9JL7J', 'xL8JL7J'}
| | | | | | | | | | | | +-- , 44 , {46} , {'xL6JL3J', 'xL5JL3J', 'xL7JL4J', 'xL7JL6J', 'xL7JL5J'}
| | | | | | | | | | | | | +-- , 46 , {49} , {'xL5JL4J', 'xL6JL3J', 'xL5JL3J', 'xL7JL4J', 'xL6JL5J', 'xL6JL1J', 'xL6JL4J', 'xL7JL5J', 'xL6JL2J'}
| | | | | | | | | | | | | | +-- , 49 , {51} , {'xL5JL4J', 'xL7JL4J', 'xL6JL1J', 'xL9JL4J', 'xL6JL4J', 'xL8JL4J', 'xL6JL2J'}
| | | | | | | | | | | | | | | +-- , 51 , {54} , {'xL8JL3J', 'xL8JL2J', 'xL8JL1J', 'xL6JL1J', 'xL9JL4J', 'xL8JL4J', 'xL6JL2J'}
| | | | | | | | | | | | | | | | +-- , 54 , {56} , {'xL9JL3J', 'xL8JL3J', 'xL8JL2J', 'xL9JL2J', 'xL8JL1J', 'xL6JL1J', 'xL9JL4J', 'xL6JL2J'}
| | | | | | | | | | | | | | | | | +-- , 56 , set() , {'xL9JL2J', 'xL7JL2J', 'xL7JL1J', 'xL8JL1J', 'xL6JL1J', 'xL8JL2J', 'xL6JL2J'}
| | | | | | | | | | +-- , 62 , {64} , {'xL4JL1J', 'xL2JL4J', 'xL4JL3J', 'xL4JL2J', 'xL1JL4J'}
| | | | | | | | | | | +-- , 64 , {67} , {'xL4JL1J', 'xL2JL4J', 'xL3JL2J', 'xL3JL1J', 'xL1JL2J', 'xL2JL1J', 'xL2JL2J', 'xL4JL2J', 'xL1JL4J'}
| | | | | | | | | | | | +-- , 67 , set() , {'xL2JL3J', 'xL2JL4J', 'xL1JL4J', 'xL1JL2J', 'xL2JL2J', 'xL1JL3J', 'xL2JL1J'}
| | | +-- , 69 , {71} , {'xL9JL10J', 'xL7JL10J', 'xL6JL12J', 'xL6JL13J', 'xL8JL10J'}
| | | | +-- , 71 , {74} , {'xL9JL10J', 'xL8JL11J', 'xL8JL12J', 'xL6JL12J', 'xL6JL13J', 'xL8JL10J', 'xL8JL13J', 'xL9JL12J', 'xL9JL11J'}
| | | | | +-- , 74 , set() , {'xL7JL12J', 'xL7JL13J', 'xL8JL12J', 'xL6JL12J', 'xL6JL13J', 'xL8JL13J', 'xL9JL12J'}


Max number of edges with non zero Y: 6
Max number of iterations of outer rounding loop: 2
Max number of candidate sets: 2
Time spent rounding: 10.668
Time spent solving Separator LP: 0.967
Total time spent solving: 16.139

LP Solver: GaifmanBoosted
Lower Bound Witness = ({'xL1JL10J', 'xL8JL1J', 'xL8JL11J', 'xL4JL13J', 'xL6JL3J', 'xL3JL10J', 'xL3JL4J', 'xL1JL2J', 'xL3JL6J', 'xL7JL12J', 'xL5JL8J', 'xL8JL10J', 'xL7JL6J', 'xL4JL2J', 'xL6JL11J', 'xL7JL10J', 'xL6JL9J', 'xL6JL1J', 'xL9JL4J', 'xL2JL6J', 'xL2JL8J', 'xL9JL2J', 'xL7JL4J', 'xL3JL8J', 'xL3JL13J', 'xL1JL6J', 'xL7JL8J', 'xL4JL1J', 'xL8JL3J', 'xL9JL3J', 'xL8JL6J', 'xL4JL6J', 'xL4JL9J', 'xL5JL10J', 'xL5JL6J', 'xL4JL7J', 'xL5JL3J', 'xL5JL7J', 'xL6JL5J', 'xL3JL1J', 'xL7JL5J', 'xL1JL12J', 'xL1JL8J', 'xL6JL12J', 'xL5JL11J', 'xL2JL10J', 'xL6JL13J', 'xL8JL2J', 'xL1JL3J', 'xL3JL12J', 'xL7JL2J', 'xL9JL8J', 'xL2JL2J', 'xL2JL12J', 'xL8JL8J', 'xL7JL9J', 'xL6JL2J', 'xL4JL12J', 'xL2JL3J', 'xL2JL4J', 'xL4JL3J', 'xL6JL7J', 'xL4JL11J', 'xL2JL1J', 'xL9JL12J', 'xL1JL4J', 'xL5JL4J', 'xL9JL10J', 'xL9JL6J', 'xL6JL8J', 'xL2JL13J', 'xL8JL13J', 'xL9JL11J', 'xL7JL13J', 'xL8JL12J', 'xL9JL7J', 'xL7JL1J', 'xL3JL9J', 'xL4JL5J', 'xL3JL2J', 'xL4JL10J', 'xL8JL4J', 'xL1JL7J', 'xL1JL11J', 'xL2JL11J', 'xL8JL7J', 'xL3JL5J', 'xL2JL7J', 'xL6JL4J'}, {'xL9JL3J', 'xL3JL12J', 'xL5JL6J', 'xL4JL12J', 'xL4JL13J', 'xL1JL11J', 'xL5JL11J', 'xL2JL11J', 'xL3JL2J', 'xL2JL10J', 'xL8JL7J', 'xL3JL4J', 'xL6JL5J', 'xL1JL6J', 'xL1JL4J'})