10, 0, 9.0, 11
+-- , 15 , {0} , {'26', '68', '20', '44', '28', '43', '27', '60', '48', '55', '37', '74', '29', '3', '49', '33'}
| +-- , 0 , {17, 19, 21, 5, 13} , {'24', '12', '17', '71', '76', '21', '57', '73', '74', '66', '23', '45', '64', '40', '75', '56', '33', '68', '69', '43', '27', '5', '37', '39', '9', '6', '25', '62', '49', '3', '20', '4', '55', '47', '19', '11', '10', '29', '7', '63', '58', '26', '67', '54', '44', '28', '18', '48', '52', '70', '50', '41', '53', '22', '42', '0', '16', '46'}
| | +-- , 17 , set() , {'26', '12', '17', '5', '9', '74', '66', '22', '53', '59', '16'}
| | +-- , 19 , set() , {'12', '44', '28', '4', '70', '50', '41', '9', '29', '56', '61'}
| | +-- , 21 , set() , {'24', '12', '17', '71', '76', '36', '21', '57', '66', '23', '45', '64', '75', '33', '1', '9', '6', '62', '32', '49', '3', '4', '47', '19', '11', '10', '7', '63', '58', '26', '67', '44', '18', '48', '52', '42', '16', '46'}
| | +-- , 5 , {7, 9, 11} , {'24', '17', '71', '21', '73', '23', '45', '40', '68', '5', '37', '39', '20', '29', '47', '11', '10', '19', '58', '67', '54', '44', '28', '14', '15', '50', '42', '46', '34', '76', '57', '74', '64', '56', '75', '33', '69', '43', '27', '65', '9', '6', '25', '62', '30', '55', '7', '63', '26', '18', '48', '52', '70', '41', '22', '53', '0'}
| | | +-- , 7 , set() , {'21', '74', '23', '56', '64', '75', '69', '27', '65', '9', '39', '62', '8', '35', '30', '29', '47', '58', '54', '44', '18', '52', '15', '70', '42', '13', '22', '2', '0'}
| | | +-- , 9 , set() , {'67', '17', '71', '55', '65', '37', '73', '6', '62', '31', '11'}
| | | +-- , 11 , set() , {'24', '28', '30', '15', '14', '37', '23', '42', '72', '75', '46'}
| | +-- , 13 , set() , {'44', '18', '17', '57', '73', '25', '23', '7', '16', '38', '58'}


Max number of edges with non zero Y: 17
Max number of iterations of outer rounding loop: 3
Max number of candidate sets: 2
Time spent rounding: 0.357
Time spent solving Separator LP: 0.015
Total time spent solving: 0.769

LP Solver: gammaPlusFractionalCoverHeuristic
Number of Rounding Attemps: 4
Lower Bound Witness = ({'24', '12', '17', '34', '71', '76', '36', '21', '57', '73', '74', '66', '23', '45', '64', '56', '75', '40', '33', '68', '69', '43', '27', '0', '5', '65', '1', '9', '37', '6', '25', '39', '2', '62', '59', '8', '32', '49', '61', '3', '38', '35', '20', '30', '4', '55', '29', '47', '11', '10', '19', '7', '72', '63', '60', '26', '67', '54', '58', '44', '28', '18', '48', '52', '14', '70', '50', '41', '15', '42', '13', '22', '53', '31', '16', '46'}, {'24', '12', '28', '62', '49'})