12, 2.1052631578947367, 6.5, 7
+-- , 0 , {4, 9, 29} , {'xL5J', 'xL7J', 'xL16J', 'xL0J', 'xL3J', 'xL11J', 'xL13J', 'xL24J', 'xL15J', 'xL12J', 'xL17J', 'xL21J'}
| +-- , 4 , set() , {'xL5J', 'xL7J', 'xL24J', 'xL23J', 'xL0J'}
| +-- , 9 , {13} , {'xL7J', 'xL19J', 'xL24J', 'xL15J', 'xL12J', 'xL17J', 'xL21J', 'xL5J', 'xL11J', 'xL20J', 'xL18J', 'xL13J', 'xL0J'}
| | +-- , 13 , {15} , {'xL7J', 'xL19J', 'xL24J', 'xL15J', 'xL12J', 'xL17J', 'xL21J', 'xL11J', 'xL10J', 'xL20J', 'xL18J', 'xL13J', 'xL0J'}
| | | +-- , 15 , {17} , {'xL22J', 'xL19J', 'xL24J', 'xL15J', 'xL12J', 'xL17J', 'xL21J', 'xL11J', 'xL10J', 'xL20J', 'xL18J', 'xL13J'}
| | | | +-- , 17 , {19} , {'xL22J', 'xL19J', 'xL2J', 'xL24J', 'xL15J', 'xL12J', 'xL17J', 'xL11J', 'xL10J', 'xL20J', 'xL18J', 'xL13J'}
| | | | | +-- , 19 , {21, 25, 27} , {'xL14J', 'xL22J', 'xL19J', 'xL2J', 'xL10J', 'xL11J', 'xL20J', 'xL24J', 'xL18J', 'xL12J', 'xL13J'}
| | | | | | +-- , 21 , {23} , {'xL14J', 'xL6J', 'xL19J', 'xL2J', 'xL20J', 'xL12J', 'xL13J'}
| | | | | | | +-- , 23 , set() , {'xL9J', 'xL14J', 'xL2J', 'xL6J'}
| | | | | | +-- , 25 , set() , {'xL1J', 'xL22J', 'xL14J', 'xL19J', 'xL2J'}
| | | | | | +-- , 27 , set() , {'xL14J', 'xL10J', 'xL24J', 'xL4J', 'xL18J'}
| +-- , 29 , set() , {'xL8J', 'xL12J', 'xL3J', 'xL11J'}


Max number of edges with non zero Y: 26
Max number of iterations of outer rounding loop: 5
Max number of candidate sets: 2
Time spent rounding: 34.151
Time spent solving Separator LP: 1.034
Total time spent solving: 39.919

LP Solver: GaifmanBoosted
Lower Bound Witness = ({'xL1J', 'xL22J', 'xL16J', 'xL19J', 'xL2J', 'xL24J', 'xL12J', 'xL17J', 'xL21J', 'xL5J', 'xL20J', 'xL8J', 'xL23J', 'xL0J', 'xL14J', 'xL7J', 'xL3J', 'xL4J', 'xL15J', 'xL9J', 'xL6J', 'xL11J', 'xL10J', 'xL18J', 'xL13J'}, {'xL1J', 'xL22J', 'xL9J', 'xL6J', 'xL7J', 'xL5J', 'xL3J', 'xL24J', 'xL4J', 'xL15J', 'xL18J', 'xL12J', 'xL13J', 'xL0J'})