12, 2.096772048153489, 7.0, 7
+-- , 0 , {6} , {'xL22J', 'xL7J', 'xL16J', 'xL19J', 'xL3J', 'xL15J', 'xL17J', 'xL21J', 'xL5J', 'xL13J', 'xL0J'}
| +-- , 6 , {8} , {'xL22J', 'xL7J', 'xL19J', 'xL3J', 'xL15J', 'xL17J', 'xL21J', 'xL5J', 'xL8J', 'xL13J', 'xL0J'}
| | +-- , 8 , {11} , {'xL22J', 'xL7J', 'xL19J', 'xL15J', 'xL12J', 'xL17J', 'xL21J', 'xL5J', 'xL11J', 'xL8J', 'xL13J', 'xL0J'}
| | | +-- , 11 , {17, 13} , {'xL22J', 'xL7J', 'xL19J', 'xL2J', 'xL24J', 'xL15J', 'xL12J', 'xL17J', 'xL21J', 'xL5J', 'xL11J', 'xL13J', 'xL0J'}
| | | | +-- , 17 , {21, 25, 31} , {'xL14J', 'xL22J', 'xL5J', 'xL7J', 'xL0J', 'xL19J', 'xL2J', 'xL11J', 'xL13J', 'xL24J', 'xL20J', 'xL12J', 'xL17J', 'xL21J'}
| | | | | +-- , 21 , {23} , {'xL14J', 'xL6J', 'xL19J', 'xL2J', 'xL20J', 'xL12J', 'xL13J'}
| | | | | | +-- , 23 , set() , {'xL9J', 'xL14J', 'xL2J', 'xL6J'}
| | | | | +-- , 25 , {27, 29} , {'xL14J', 'xL22J', 'xL7J', 'xL19J', 'xL2J', 'xL24J', 'xL4J', 'xL12J', 'xL17J', 'xL5J', 'xL20J', 'xL13J', 'xL0J'}
| | | | | | +-- , 27 , set() , {'xL7J', 'xL19J', 'xL10J', 'xL20J', 'xL4J', 'xL12J', 'xL0J'}
| | | | | | +-- , 29 , set() , {'xL22J', 'xL5J', 'xL19J', 'xL2J', 'xL13J', 'xL20J', 'xL4J', 'xL18J', 'xL17J'}
| | | | | +-- , 31 , set() , {'xL1J', 'xL22J', 'xL14J', 'xL19J', 'xL2J'}
| | | | +-- , 13 , set() , {'xL5J', 'xL7J', 'xL24J', 'xL23J', 'xL0J'}


Max number of edges with non zero Y: 20
Max number of iterations of outer rounding loop: 6
Max number of candidate sets: 2
Time spent rounding: 41.132
Time spent solving Separator LP: 0.788
Total time spent solving: 45.975

LP Solver: GaifmanNormal
Lower Bound Witness = ({'xL22J', 'xL19J', 'xL2J', 'xL24J', 'xL12J', 'xL17J', 'xL21J', 'xL5J', 'xL20J', 'xL0J', 'xL14J', 'xL7J', 'xL4J', 'xL9J', 'xL6J', 'xL11J', 'xL10J', 'xL18J', 'xL13J'}, {'xL14J', 'xL22J', 'xL5J', 'xL21J', 'xL7J', 'xL19J', 'xL2J', 'xL13J', 'xL11J', 'xL24J', 'xL12J', 'xL17J', 'xL0J'})