33, 0, 7.0, 7
+-- , 0 , {3, 55} , {'X46', 'X49', 'X11', 'X2', 'X35', 'X38', 'X52', 'X34', 'X29', 'X36', 'X1', 'X50', 'X42', 'X73', 'X39'}
| +-- , 3 , {51, 5} , {'X46', 'X49', 'X11', 'X61', 'X2', 'X35', 'X38', 'X40', 'X37', 'X66', 'X29', 'X36', 'X30', 'X42', 'X4', 'X73', 'X39'}
| | +-- , 51 , set() , {'X37', 'X2', 'X38', 'X5', 'X4'}
| | +-- , 5 , {49, 7} , {'X46', 'X49', 'X11', 'X61', 'X35', 'X38', 'X40', 'X7', 'X66', 'X29', 'X6', 'X36', 'X30', 'X42', 'X4'}
| | | +-- , 49 , set() , {'X46', 'X7', 'X29', 'X45', 'X38', 'X40', 'X44'}
| | | +-- , 7 , {9, 47} , {'X46', 'X49', 'X11', 'X61', 'X35', 'X8', 'X38', 'X66', 'X29', 'X6', 'X36', 'X30', 'X9', 'X42', 'X40'}
| | | | +-- , 9 , {11} , {'X46', 'X11', 'X61', 'X35', 'X8', 'X38', 'X31', 'X66', 'X29', 'X36', 'X30', 'X42', 'X40', 'X10'}
| | | | | +-- , 11 , {13} , {'X46', 'X61', 'X35', 'X38', 'X65', 'X31', 'X19', 'X66', 'X29', 'X36', 'X30', 'X42', 'X40', 'X10'}
| | | | | | +-- , 13 , {15, 23} , {'X46', 'X61', 'X35', 'X38', 'X31', 'X13', 'X19', 'X66', 'X29', 'X36', 'X28', 'X30', 'X12', 'X42', 'X40', 'X10'}
| | | | | | | +-- , 15 , {17} , {'X46', 'X55', 'X29', 'X35', 'X38', 'X42', 'X40', 'X13'}
| | | | | | | | +-- , 17 , {19} , {'X46', 'X56', 'X55', 'X29', 'X35', 'X42', 'X40'}
| | | | | | | | | +-- , 19 , {21} , {'X56', 'X57', 'X29', 'X35', 'X42', 'X40'}
| | | | | | | | | | +-- , 21 , set() , {'X57', 'X29', 'X35', 'X58', 'X42'}
| | | | | | | +-- , 23 , {25, 43} , {'X46', 'X14', 'X61', 'X35', 'X38', 'X19', 'X15', 'X66', 'X29', 'X36', 'X28', 'X12', 'X26', 'X42', 'X40'}
| | | | | | | | +-- , 25 , {27, 39} , {'X46', 'X24', 'X72', 'X14', 'X35', 'X38', 'X19', 'X66', 'X29', 'X36', 'X27', 'X26', 'X42', 'X40'}
| | | | | | | | | +-- , 27 , {29} , {'X46', 'X24', 'X14', 'X35', 'X38', 'X22', 'X25', 'X19', 'X66', 'X29', 'X36', 'X64', 'X42', 'X40'}
| | | | | | | | | | +-- , 29 , {33, 35, 31} , {'X46', 'X14', 'X35', 'X38', 'X22', 'X42', 'X19', 'X66', 'X29', 'X20', 'X17', 'X64', 'X16', 'X40', 'X23'}
| | | | | | | | | | | +-- , 33 , set() , {'X46', 'X29', 'X63', 'X62', 'X17', 'X64', 'X40'}
| | | | | | | | | | | +-- , 35 , {37} , {'X46', 'X67', 'X29', 'X35', 'X42', 'X23'}
| | | | | | | | | | | | +-- , 37 , set() , {'X67', 'X29', 'X35', 'X42', 'X68'}
| | | | | | | | | | | +-- , 31 , set() , {'X19', 'X21', 'X18', 'X66', 'X20', 'X38', 'X16'}
| | | | | | | | | +-- , 39 , {41} , {'X46', 'X72', 'X29', 'X27', 'X38', 'X69', 'X42'}
| | | | | | | | | | +-- , 41 , set() , {'X46', 'X72', 'X71', 'X29', 'X70', 'X69', 'X42'}
| | | | | | | | +-- , 43 , {45} , {'X46', 'X59', 'X15', 'X29', 'X61', 'X40'}
| | | | | | | | | +-- , 45 , set() , {'X59', 'X29', 'X61', 'X40', 'X60'}
| | | | +-- , 47 , set() , {'X46', 'X49', 'X47', 'X38', 'X9', 'X40', 'X48'}
| +-- , 55 , {57} , {'X46', 'X2', 'X35', 'X52', 'X34', 'X29', 'X36', 'X3', 'X1', 'X50', 'X53', 'X42', 'X73', 'X39'}
| | +-- , 57 , {65, 67, 59, 63} , {'X34', 'X29', 'X36', 'X35', 'X3', 'X50', 'X53', 'X42', 'X54', 'X73', 'X33', 'X39'}
| | | +-- , 65 , set() , {'X29', 'X43', 'X36', 'X41', 'X42', 'X33', 'X39'}
| | | +-- , 67 , set() , {'X32', 'X34', 'X29', 'X3', 'X33'}
| | | +-- , 59 , {61} , {'X74', 'X29', 'X35', 'X42', 'X73', 'X33'}
| | | | +-- , 61 , set() , {'X74', 'X29', 'X35', 'X75', 'X33'}
| | | +-- , 63 , set() , {'X36', 'X29', 'X51', 'X50', 'X33'}


Max number of edges with non zero Y: 42
Max number of iterations of outer rounding loop: 6
Max number of candidate sets: 2
Time spent rounding: 3.284
Time spent solving Separator LP: 0.026
Total time spent solving: 5.806

LP Solver: gammaPlusFractionalCoverHeuristic
Lower Bound Witness = ({'X46', 'X67', 'X14', 'X11', 'X61', 'X45', 'X51', 'X38', 'X41', 'X69', 'X25', 'X31', 'X7', 'X44', 'X68', 'X48', 'X33', 'X19', 'X37', 'X15', 'X34', 'X63', 'X43', 'X6', 'X47', 'X20', 'X3', 'X1', 'X28', 'X70', 'X9', 'X12', 'X53', 'X42', 'X16', 'X17', 'X50', 'X60', 'X10', 'X24', 'X56', 'X72', 'X57', 'X71', 'X21', 'X55', 'X74', 'X49', 'X4', 'X2', 'X35', 'X8', 'X58', 'X22', 'X65', 'X75', 'X13', 'X32', 'X59', 'X18', 'X66', 'X52', 'X29', 'X36', 'X62', 'X27', 'X5', 'X30', 'X26', 'X64', 'X40', 'X54', 'X23', 'X73', 'X39'}, {'X43', 'X1', 'X30', 'X10', 'X39'})