25, 0, 9.0, 9
+-- , 0 , {49, 3, 35, 43, 47} , {'X46', 'X24', 'X11', 'X61', 'X35', 'X38', 'X19', 'X52', 'X18', 'X34', 'X29', 'X36', 'X6', 'X27', 'X9', 'X12', 'X42', 'X10'}
| +-- , 49 , set() , {'X6', 'X11', 'X8', 'X9', 'X10'}
| +-- , 3 , {5} , {'X46', 'X61', 'X38', 'X19', 'X34', 'X6', 'X9', 'X12', 'X53', 'X16', 'X42', 'X60', 'X10', 'X24', 'X74', 'X35', 'X13', 'X18', 'X52', 'X29', 'X36', 'X27', 'X26', 'X73'}
| | +-- , 5 , {7} , {'X46', 'X14', 'X38', 'X34', 'X6', 'X28', 'X9', 'X12', 'X53', 'X16', 'X42', 'X17', 'X60', 'X55', 'X74', 'X35', 'X13', 'X29', 'X36', 'X26', 'X73'}
| | | +-- , 7 , {9, 33} , {'X46', 'X55', 'X14', 'X74', 'X35', 'X38', 'X31', 'X33', 'X15', 'X34', 'X29', 'X6', 'X36', 'X62', 'X28', 'X30', 'X9', 'X12', 'X53', 'X42', 'X17', 'X54', 'X60', 'X73'}
| | | | +-- , 9 , {17, 21, 11, 31} , {'X46', 'X55', 'X35', 'X38', 'X41', 'X31', 'X33', 'X59', 'X15', 'X34', 'X29', 'X63', 'X43', 'X6', 'X36', 'X62', 'X30', 'X9', 'X42', 'X40', 'X60', 'X73'}
| | | | | +-- , 17 , {19} , {'X46', 'X36', 'X29', 'X47', 'X51', 'X38', 'X9', 'X50', 'X42', 'X40', 'X33'}
| | | | | | +-- , 19 , set() , {'X46', 'X49', 'X47', 'X50', 'X42', 'X40', 'X48'}
| | | | | +-- , 21 , {27, 23} , {'X46', 'X32', 'X34', 'X4', 'X29', 'X6', 'X38', 'X41', 'X42', 'X40', 'X33'}
| | | | | | +-- , 27 , {29} , {'X32', 'X4', 'X3', 'X38', 'X41', 'X42', 'X40', 'X33'}
| | | | | | | +-- , 29 , set() , {'X37', 'X4', 'X2', 'X3', 'X1', 'X38', 'X5', 'X41', 'X42', 'X40', 'X39'}
| | | | | | +-- , 23 , {25} , {'X46', 'X7', 'X4', 'X29', 'X6', 'X45', 'X38', 'X40'}
| | | | | | | +-- , 25 , set() , {'X46', 'X45', 'X38', 'X7', 'X44'}
| | | | | +-- , 11 , {13} , {'X46', 'X56', 'X55', 'X29', 'X35', 'X42', 'X40'}
| | | | | | +-- , 13 , {15} , {'X56', 'X57', 'X29', 'X35', 'X42', 'X40'}
| | | | | | | +-- , 15 , set() , {'X57', 'X29', 'X35', 'X58', 'X42'}
| | | | | +-- , 31 , set() , {'X36', 'X63', 'X29', 'X35', 'X64'}
| | | | +-- , 33 , set() , {'X74', 'X29', 'X35', 'X75', 'X33'}
| +-- , 35 , {37} , {'X46', 'X24', 'X21', 'X25', 'X18', 'X66', 'X29', 'X35', 'X20', 'X38', 'X42'}
| | +-- , 37 , {39} , {'X46', 'X24', 'X25', 'X29', 'X35', 'X20', 'X22', 'X42', 'X23'}
| | | +-- , 39 , {41} , {'X46', 'X67', 'X29', 'X35', 'X42', 'X23'}
| | | | +-- , 41 , set() , {'X67', 'X29', 'X35', 'X42', 'X68'}
| +-- , 43 , {45} , {'X46', 'X72', 'X36', 'X29', 'X35', 'X27', 'X38', 'X69', 'X42'}
| | +-- , 45 , set() , {'X46', 'X72', 'X71', 'X29', 'X70', 'X69', 'X42'}
| +-- , 47 , set() , {'X19', 'X35', 'X38', 'X65', 'X42'}


Max number of edges with non zero Y: 37
Max number of iterations of outer rounding loop: 1
Max number of candidate sets: 2
Time spent rounding: 1.148
Time spent solving Separator LP: 0.012
Total time spent solving: 2.441

LP Solver: gammaPlusFractionalCoverHeuristic
Lower Bound Witness = ({'X46', 'X67', 'X14', 'X11', 'X61', 'X45', 'X51', 'X38', 'X41', 'X69', 'X25', 'X31', 'X7', 'X44', 'X68', 'X48', 'X33', 'X19', 'X37', 'X15', 'X34', 'X63', 'X43', 'X6', 'X47', 'X20', 'X3', 'X1', 'X28', 'X70', 'X9', 'X12', 'X53', 'X42', 'X16', 'X17', 'X50', 'X60', 'X10', 'X24', 'X56', 'X72', 'X57', 'X71', 'X21', 'X55', 'X74', 'X49', 'X4', 'X2', 'X35', 'X8', 'X58', 'X22', 'X65', 'X75', 'X13', 'X32', 'X59', 'X18', 'X66', 'X52', 'X29', 'X36', 'X62', 'X27', 'X5', 'X30', 'X26', 'X64', 'X40', 'X54', 'X23', 'X73', 'X39'}, {'X61', 'X9', 'X65', 'X40', 'X68'})