29, 0, 9.0, 9
+-- , 0 , {34, 5, 54, 56, 58, 60} , {'X46', 'X56', 'X57', 'X11', 'X35', 'X38', 'X8', 'X31', 'X48', 'X59', 'X52', 'X29', 'X63', 'X43', 'X6', 'X36', 'X62', 'X30', 'X9', 'X42', 'X40', 'X60'}
| +-- , 34 , {36} , {'X46', 'X56', 'X11', 'X35', 'X8', 'X38', 'X65', 'X31', 'X59', 'X29', 'X36', 'X62', 'X30', 'X17', 'X42', 'X10'}
| | +-- , 36 , {40, 38} , {'X46', 'X56', 'X14', 'X35', 'X38', 'X65', 'X31', 'X16', 'X13', 'X19', 'X59', 'X15', 'X29', 'X36', 'X30', 'X12', 'X17', 'X42', 'X10'}
| | | +-- , 40 , {42} , {'X46', 'X35', 'X38', 'X31', 'X42', 'X19', 'X18', 'X66', 'X29', 'X36', 'X28', 'X30', 'X16'}
| | | | +-- , 42 , {44} , {'X46', 'X35', 'X38', 'X18', 'X66', 'X29', 'X36', 'X28', 'X26', 'X42'}
| | | | | +-- , 44 , {46} , {'X46', 'X21', 'X35', 'X38', 'X18', 'X66', 'X29', 'X36', 'X20', 'X26', 'X42'}
| | | | | | +-- , 46 , {48, 50} , {'X46', 'X72', 'X67', 'X35', 'X38', 'X22', 'X69', 'X68', 'X29', 'X36', 'X20', 'X27', 'X70', 'X26', 'X42', 'X23'}
| | | | | | | +-- , 48 , set() , {'X72', 'X71', 'X29', 'X70', 'X42'}
| | | | | | | +-- , 50 , {52} , {'X24', 'X29', 'X35', 'X27', 'X22', 'X26'}
| | | | | | | | +-- , 52 , set() , {'X24', 'X29', 'X35', 'X22', 'X25'}
| | | +-- , 38 , set() , {'X46', 'X56', 'X55', 'X38', 'X13'}
| +-- , 5 , {7} , {'X46', 'X35', 'X38', 'X48', 'X52', 'X29', 'X6', 'X36', 'X43', 'X30', 'X42', 'X40', 'X73'}
| | +-- , 7 , {32, 9} , {'X46', 'X35', 'X38', 'X40', 'X7', 'X48', 'X52', 'X29', 'X6', 'X36', 'X43', 'X42', 'X4', 'X73'}
| | | +-- , 32 , set() , {'X46', 'X7', 'X29', 'X45', 'X38', 'X40', 'X44'}
| | | +-- , 9 , {12} , {'X46', 'X2', 'X35', 'X38', 'X40', 'X48', 'X52', 'X29', 'X36', 'X43', 'X5', 'X42', 'X4', 'X73'}
| | | | +-- , 12 , {28, 14} , {'X46', 'X49', 'X2', 'X35', 'X38', 'X41', 'X48', 'X52', 'X29', 'X36', 'X43', 'X5', 'X42', 'X40', 'X73'}
| | | | | +-- , 28 , {30} , {'X37', 'X38', 'X5', 'X41', 'X42', 'X40'}
| | | | | | +-- , 30 , set() , {'X37', 'X41', 'X42', 'X40', 'X39'}
| | | | | +-- , 14 , {16} , {'X46', 'X49', 'X2', 'X35', 'X41', 'X52', 'X29', 'X43', 'X36', 'X1', 'X53', 'X42', 'X73'}
| | | | | | +-- , 16 , {18, 22, 24} , {'X49', 'X2', 'X35', 'X41', 'X33', 'X29', 'X36', 'X43', 'X3', 'X1', 'X53', 'X42', 'X54', 'X73'}
| | | | | | | +-- , 18 , {20} , {'X74', 'X29', 'X35', 'X42', 'X73', 'X33'}
| | | | | | | | +-- , 20 , set() , {'X74', 'X29', 'X35', 'X75', 'X33'}
| | | | | | | +-- , 22 , set() , {'X36', 'X29', 'X49', 'X51', 'X50', 'X42', 'X33'}
| | | | | | | +-- , 24 , {26} , {'X32', 'X36', 'X29', 'X3', 'X35', 'X33'}
| | | | | | | | +-- , 26 , set() , {'X32', 'X34', 'X36', 'X29', 'X35'}
| +-- , 54 , set() , {'X57', 'X29', 'X35', 'X58', 'X42'}
| +-- , 56 , set() , {'X46', 'X47', 'X38', 'X9', 'X48'}
| +-- , 58 , set() , {'X36', 'X63', 'X29', 'X35', 'X64'}
| +-- , 60 , set() , {'X36', 'X29', 'X61', 'X35', 'X60'}


Max number of edges with non zero Y: 44
Max number of iterations of outer rounding loop: 5
Max number of candidate sets: 2
Time spent rounding: 4.105
Time spent solving Separator LP: 0.047
Total time spent solving: 6.820

LP Solver: gammaPlusFractionalCoverHeuristic
Lower Bound Witness = ({'X46', 'X67', 'X14', 'X11', 'X61', 'X45', 'X51', 'X38', 'X41', 'X69', 'X25', 'X31', 'X7', 'X44', 'X68', 'X48', 'X33', 'X19', 'X37', 'X15', 'X34', 'X63', 'X43', 'X6', 'X47', 'X20', 'X3', 'X1', 'X28', 'X70', 'X9', 'X12', 'X53', 'X42', 'X16', 'X17', 'X50', 'X60', 'X10', 'X24', 'X56', 'X72', 'X57', 'X71', 'X21', 'X55', 'X74', 'X49', 'X4', 'X2', 'X35', 'X8', 'X58', 'X22', 'X65', 'X75', 'X13', 'X32', 'X59', 'X18', 'X66', 'X52', 'X29', 'X36', 'X62', 'X27', 'X5', 'X30', 'X26', 'X64', 'X40', 'X54', 'X23', 'X73', 'X39'}, {'X19', 'X6', 'X2', 'X41', 'X16'})