11, 3.0, 5.0, 5
+-- , 0 , {27, 5} , {'xL14J', 'xL5J', 'xL17J', 'xL11J', 'xL18J', 'xL0J', 'xL8J'}
| +-- , 27 , set() , {'xL8J', 'xL17J', 'xL9J', 'xL18J'}
| +-- , 5 , {11, 25} , {'xL14J', 'xL6J', 'xL5J', 'xL1J', 'xL17J', 'xL11J', 'xL18J', 'xL0J', 'xL2J', 'xL3J'}
| | +-- , 11 , {21, 23, 13} , {'xL6J', 'xL14J', 'xL5J', 'xL1J', 'xL17J', 'xL11J', 'xL19J', 'xL2J', 'xL3J'}
| | | +-- , 21 , set() , {'xL14J', 'xL5J', 'xL15J', 'xL1J', 'xL19J', 'xL3J'}
| | | +-- , 23 , set() , {'xL14J', 'xL19J', 'xL2J', 'xL16J', 'xL3J'}
| | | +-- , 13 , {15} , {'xL14J', 'xL5J', 'xL4J', 'xL17J', 'xL1J', 'xL11J', 'xL19J', 'xL2J', 'xL3J'}
| | | | +-- , 15 , {17, 19} , {'xL1J', 'xL17J', 'xL4J', 'xL11J', 'xL7J', 'xL19J', 'xL2J', 'xL3J'}
| | | | | +-- , 17 , set() , {'xL19J', 'xL13J', 'xL11J', 'xL7J'}
| | | | | +-- , 19 , set() , {'xL12J', 'xL4J', 'xL17J', 'xL1J', 'xL7J'}
| | +-- , 25 , set() , {'xL10J', 'xL17J', 'xL3J', 'xL18J'}


Max number of edges with non zero Y: 5
Max number of iterations of outer rounding loop: 0
Max number of candidate sets: 0
Time spent rounding: 0.000
Time spent solving Separator LP: 1.012
Total time spent solving: 1.522

LP Solver: GaifmanNormalILP
Lower Bound Witness = ({'xL12J', 'xL9J', 'xL10J', 'xL17J', 'xL11J', 'xL18J', 'xL6J', 'xL15J', 'xL0J', 'xL7J', 'xL14J', 'xL5J', 'xL1J', 'xL19J', 'xL8J', 'xL2J', 'xL16J', 'xL3J', 'xL4J', 'xL13J'}, {'xL6J', 'xL14J', 'xL12J', 'xL5J', 'xL9J', 'xL4J', 'xL17J', 'xL11J', 'xL18J', 'xL7J', 'xL19J', 'xL8J', 'xL3J'})