32, 0, 10.0, 10
+-- , 0 , {42, 3} , {'xL4JL10J', 'xL1JL11J', 'xL9JL7J', 'xL2JL11J', 'xL13JL4J', 'xL1JL10J', 'xL4JL8J', 'xL2JL9J', 'xL11JL5J', 'xL2JL10J', 'xL2JL13J', 'xL9JL6J', 'xL13JL3J', 'xL12JL3J', 'xL2JL12J', 'xL3JL8J', 'xL7JL6J', 'xL8JL6J'}
| +-- , 42 , {44} , {'xL4JL10J', 'xL9JL7J', 'xL13JL4J', 'xL1JL10J', 'xL2JL9J', 'xL4JL8J', 'xL11JL5J', 'xL3JL9J', 'xL2JL10J', 'xL9JL6J', 'xL13JL3J', 'xL12JL3J', 'xL11JL4J', 'xL3JL8J', 'xL8JL6J', 'xL3JL10J'}
| | +-- , 44 , {46} , {'xL4JL7J', 'xL10JL4J', 'xL9JL7J', 'xL13JL4J', 'xL4JL8J', 'xL3JL9J', 'xL3JL4J', 'xL3JL5J', 'xL4JL6J', 'xL3JL6J', 'xL9JL6J', 'xL8JL6J', 'xL13JL3J', 'xL12JL3J', 'xL11JL4J', 'xL3JL8J', 'xL3JL7J', 'xL3JL10J'}
| | | +-- , 46 , {48} , {'xL3JL7J', 'xL4JL7J', 'xL10JL4J', 'xL10JL1J', 'xL9JL7J', 'xL13JL4J', 'xL10JL2J', 'xL3JL4J', 'xL3JL5J', 'xL4JL6J', 'xL3JL6J', 'xL9JL6J', 'xL10JL3J', 'xL13JL3J', 'xL12JL3J', 'xL8JL6J'}
| | | | +-- , 48 , {50} , {'xL3JL7J', 'xL4JL7J', 'xL10JL1J', 'xL9JL7J', 'xL13JL4J', 'xL10JL2J', 'xL3JL4J', 'xL3JL5J', 'xL9JL5J', 'xL4JL6J', 'xL8JL3J', 'xL3JL6J', 'xL9JL6J', 'xL12JL1J', 'xL13JL2J', 'xL13JL3J', 'xL8JL6J', 'xL12JL3J', 'xL8JL4J', 'xL10JL3J', 'xL8JL5J', 'xL12JL2J'}
| | | | | +-- , 50 , {52} , {'xL3JL7J', 'xL5JL3J', 'xL4JL7J', 'xL7JL4J', 'xL10JL1J', 'xL10JL2J', 'xL7JL3J', 'xL3JL4J', 'xL9JL3J', 'xL3JL5J', 'xL4JL3J', 'xL4JL6J', 'xL9JL2J', 'xL11JL2J', 'xL8JL3J', 'xL3JL6J', 'xL11JL1J', 'xL12JL1J', 'xL13JL2J', 'xL6JL3J', 'xL6JL4J', 'xL8JL4J', 'xL10JL3J', 'xL12JL2J'}
| | | | | | +-- , 52 , {54} , {'xL5JL3J', 'xL4JL7J', 'xL7JL4J', 'xL7JL3J', 'xL3JL4J', 'xL3JL5J', 'xL4JL3J', 'xL4JL6J', 'xL3JL6J', 'xL6JL3J', 'xL6JL4J', 'xL7JL2J', 'xL3JL7J'}
| | | | | | | +-- , 54 , {56} , {'xL5JL3J', 'xL4JL7J', 'xL4JL2J', 'xL6JL2J', 'xL3JL4J', 'xL3JL5J', 'xL3JL2J', 'xL4JL3J', 'xL2JL2J', 'xL4JL6J', 'xL3JL6J', 'xL6JL3J', 'xL6JL4J', 'xL5JL2J', 'xL7JL2J', 'xL3JL7J'}
| | | | | | | | +-- , 56 , {58} , {'xL5JL3J', 'xL6JL1J', 'xL6JL5J', 'xL4JL7J', 'xL4JL2J', 'xL6JL2J', 'xL3JL4J', 'xL3JL5J', 'xL3JL2J', 'xL4JL3J', 'xL2JL2J', 'xL4JL6J', 'xL3JL6J', 'xL6JL3J', 'xL6JL4J', 'xL5JL2J', 'xL3JL7J'}
| | | | | | | | | +-- , 58 , {60} , {'xL6JL1J', 'xL5JL3J', 'xL6JL5J', 'xL4JL7J', 'xL4JL2J', 'xL5JL5J', 'xL3JL4J', 'xL3JL5J', 'xL3JL2J', 'xL4JL3J', 'xL2JL2J', 'xL4JL6J', 'xL3JL6J', 'xL5JL2J', 'xL3JL7J'}
| | | | | | | | | | +-- , 60 , {62} , {'xL5JL3J', 'xL6JL1J', 'xL4JL7J', 'xL4JL1J', 'xL4JL2J', 'xL5JL5J', 'xL5JL1J', 'xL3JL4J', 'xL3JL5J', 'xL3JL2J', 'xL4JL3J', 'xL2JL2J', 'xL3JL1J', 'xL4JL6J', 'xL3JL6J', 'xL5JL2J', 'xL5JL6J', 'xL3JL7J'}
| | | | | | | | | | | +-- , 62 , {64} , {'xL2JL5J', 'xL4JL7J', 'xL4JL1J', 'xL4JL2J', 'xL2JL3J', 'xL2JL4J', 'xL3JL4J', 'xL3JL5J', 'xL4JL3J', 'xL2JL2J', 'xL4JL6J', 'xL3JL6J', 'xL2JL6J', 'xL1JL6J', 'xL2JL7J', 'xL5JL6J', 'xL4JL4J', 'xL3JL7J'}
| | | | | | | | | | | | +-- , 64 , {66} , {'xL2JL5J', 'xL1JL6J', 'xL2JL3J', 'xL4JL4J', 'xL2JL4J', 'xL3JL4J', 'xL1JL4J', 'xL3JL5J'}
| | | | | | | | | | | | | +-- , 66 , set() , {'xL2JL5J', 'xL1JL3J', 'xL1JL6J', 'xL2JL3J', 'xL1JL5J', 'xL1JL4J', 'xL3JL5J'}
| +-- , 3 , {5} , {'xL14JL4J', 'xL4JL10J', 'xL14JL3J', 'xL15JL4J', 'xL1JL10J', 'xL5JL8J', 'xL9JL6J', 'xL13JL3J', 'xL11JL7J', 'xL4JL11J', 'xL2JL12J', 'xL3JL8J', 'xL1JL11J', 'xL9JL7J', 'xL13JL4J', 'xL4JL8J', 'xL1JL12J', 'xL11JL5J', 'xL10JL7J', 'xL2JL13J', 'xL10JL6J', 'xL12JL3J', 'xL7JL6J', 'xL8JL6J', 'xL6JL8J'}
| | +-- , 5 , {7} , {'xL3JL12J', 'xL14JL4J', 'xL14JL3J', 'xL15JL4J', 'xL14JL7J', 'xL14JL5J', 'xL5JL8J', 'xL1JL12J', 'xL11JL5J', 'xL10JL7J', 'xL2JL13J', 'xL11JL7J', 'xL10JL6J', 'xL14JL6J', 'xL4JL11J', 'xL2JL12J', 'xL7JL6J', 'xL15JL6J', 'xL15JL5J', 'xL6JL8J'}
| | | +-- , 7 , {9} , {'xL3JL12J', 'xL5JL11J', 'xL12JL6J', 'xL14JL7J', 'xL5JL8J', 'xL11JL5J', 'xL10JL7J', 'xL2JL13J', 'xL12JL5J', 'xL13JL6J', 'xL11JL7J', 'xL10JL6J', 'xL14JL6J', 'xL4JL11J', 'xL3JL14J', 'xL4JL13J', 'xL7JL6J', 'xL15JL6J', 'xL6JL8J', 'xL3JL13J'}
| | | | +-- , 9 , {11} , {'xL13JL11J', 'xL5JL8J', 'xL6JL14J', 'xL4JL14J', 'xL7JL14J', 'xL11JL7J', 'xL13JL8J', 'xL5JL12J', 'xL5JL11J', 'xL14JL7J', 'xL5JL14J', 'xL4JL15J', 'xL10JL7J', 'xL13JL12J', 'xL13JL7J', 'xL13JL6J', 'xL13JL10J', 'xL10JL6J', 'xL3JL14J', 'xL4JL13J', 'xL7JL6J', 'xL13JL9J', 'xL6JL8J'}
| | | | | +-- , 11 , {13} , {'xL5JL12J', 'xL13JL11J', 'xL5JL8J', 'xL6JL14J', 'xL5JL14J', 'xL4JL15J', 'xL10JL7J', 'xL13JL12J', 'xL7JL14J', 'xL11JL7J', 'xL13JL10J', 'xL10JL6J', 'xL7JL6J', 'xL6JL12J', 'xL13JL9J', 'xL6JL8J', 'xL13JL8J'}
| | | | | | +-- , 13 , {15} , {'xL5JL15J', 'xL13JL11J', 'xL5JL8J', 'xL6JL14J', 'xL5JL14J', 'xL4JL15J', 'xL10JL7J', 'xL13JL12J', 'xL6JL15J', 'xL7JL14J', 'xL11JL7J', 'xL10JL6J', 'xL13JL10J', 'xL6JL13J', 'xL6JL12J', 'xL7JL6J', 'xL13JL9J', 'xL6JL8J', 'xL13JL8J'}
| | | | | | | +-- , 15 , {17} , {'xL12JL13J', 'xL13JL11J', 'xL9JL13J', 'xL5JL8J', 'xL7JL13J', 'xL10JL7J', 'xL13JL12J', 'xL8JL13J', 'xL7JL14J', 'xL11JL7J', 'xL10JL6J', 'xL13JL10J', 'xL10JL13J', 'xL6JL13J', 'xL7JL6J', 'xL11JL13J', 'xL13JL9J', 'xL6JL8J', 'xL13JL8J'}
| | | | | | | | +-- , 17 , {20} , {'xL13JL11J', 'xL9JL13J', 'xL5JL8J', 'xL11JL10J', 'xL11JL7J', 'xL11JL13J', 'xL14JL10J', 'xL13JL8J', 'xL12JL13J', 'xL12JL10J', 'xL10JL7J', 'xL13JL12J', 'xL8JL13J', 'xL10JL6J', 'xL13JL10J', 'xL10JL13J', 'xL7JL6J', 'xL15JL10J', 'xL13JL9J', 'xL6JL8J'}
| | | | | | | | | +-- , 20 , {22} , {'xL13JL11J', 'xL12JL14J', 'xL9JL13J', 'xL12JL12J', 'xL5JL8J', 'xL12JL15J', 'xL11JL10J', 'xL11JL7J', 'xL11JL13J', 'xL13JL8J', 'xL14JL10J', 'xL12JL13J', 'xL12JL10J', 'xL10JL7J', 'xL13JL12J', 'xL8JL13J', 'xL10JL6J', 'xL10JL13J', 'xL7JL6J', 'xL15JL10J', 'xL13JL9J', 'xL6JL8J'}
| | | | | | | | | | +-- , 22 , {40, 24} , {'xL14JL12J', 'xL13JL11J', 'xL12JL14J', 'xL9JL13J', 'xL14JL13J', 'xL12JL12J', 'xL5JL8J', 'xL12JL15J', 'xL11JL10J', 'xL11JL7J', 'xL11JL13J', 'xL13JL8J', 'xL14JL10J', 'xL12JL10J', 'xL10JL7J', 'xL13JL12J', 'xL8JL13J', 'xL10JL6J', 'xL14JL11J', 'xL10JL13J', 'xL7JL6J', 'xL15JL10J', 'xL13JL9J', 'xL6JL8J'}
| | | | | | | | | | | +-- , 40 , set() , {'xL14JL12J', 'xL15JL11J', 'xL13JL11J', 'xL15JL12J', 'xL15JL13J', 'xL14JL11J', 'xL12JL12J', 'xL14JL13J', 'xL15JL10J', 'xL13JL12J'}
| | | | | | | | | | | +-- , 24 , {26} , {'xL14JL12J', 'xL12JL14J', 'xL9JL13J', 'xL14JL13J', 'xL14JL9J', 'xL5JL8J', 'xL14JL14J', 'xL12JL15J', 'xL11JL10J', 'xL11JL7J', 'xL11JL13J', 'xL13JL8J', 'xL14JL10J', 'xL12JL10J', 'xL10JL7J', 'xL8JL13J', 'xL10JL6J', 'xL14JL11J', 'xL10JL13J', 'xL7JL6J', 'xL13JL9J', 'xL6JL8J'}
| | | | | | | | | | | | +-- , 26 , {38, 30} , {'xL12JL14J', 'xL7JL11J', 'xL9JL13J', 'xL12JL10J', 'xL14JL9J', 'xL5JL8J', 'xL10JL7J', 'xL14JL14J', 'xL12JL15J', 'xL8JL13J', 'xL10JL11J', 'xL11JL10J', 'xL11JL7J', 'xL10JL6J', 'xL10JL13J', 'xL7JL6J', 'xL8JL11J', 'xL11JL13J', 'xL13JL9J', 'xL6JL8J', 'xL13JL8J'}
| | | | | | | | | | | | | +-- , 38 , set() , {'xL10JL11J', 'xL11JL11J', 'xL11JL10J'}
| | | | | | | | | | | | | +-- , 30 , {32} , {'xL12JL14J', 'xL7JL11J', 'xL9JL13J', 'xL14JL9J', 'xL5JL8J', 'xL14JL14J', 'xL12JL15J', 'xL10JL11J', 'xL11JL7J', 'xL12JL9J', 'xL8JL11J', 'xL11JL13J', 'xL13JL8J', 'xL12JL10J', 'xL10JL7J', 'xL8JL13J', 'xL10JL6J', 'xL10JL13J', 'xL7JL6J', 'xL12JL8J', 'xL13JL9J', 'xL6JL8J'}
| | | | | | | | | | | | | | +-- , 32 , {34} , {'xL13JL15J', 'xL12JL14J', 'xL7JL11J', 'xL9JL13J', 'xL9JL14J', 'xL5JL8J', 'xL13JL14J', 'xL10JL8J', 'xL14JL14J', 'xL12JL15J', 'xL10JL11J', 'xL11JL7J', 'xL11JL8J', 'xL8JL11J', 'xL11JL13J', 'xL13JL8J', 'xL10JL14J', 'xL11JL15J', 'xL11JL14J', 'xL10JL7J', 'xL8JL13J', 'xL10JL6J', 'xL10JL13J', 'xL7JL6J', 'xL12JL8J', 'xL6JL8J', 'xL10JL15J'}
| | | | | | | | | | | | | | | +-- , 34 , {36} , {'xL10JL14J', 'xL7JL11J', 'xL9JL13J', 'xL9JL14J', 'xL10JL12J', 'xL5JL8J', 'xL8JL12J', 'xL10JL9J', 'xL10JL8J', 'xL7JL9J', 'xL9JL12J', 'xL10JL7J', 'xL7JL7J', 'xL8JL13J', 'xL10JL11J', 'xL10JL6J', 'xL7JL10J', 'xL10JL13J', 'xL7JL6J', 'xL8JL11J', 'xL8JL10J', 'xL6JL8J', 'xL10JL15J'}
| | | | | | | | | | | | | | | | +-- , 36 , set() , {'xL7JL10J', 'xL5JL8J', 'xL7JL9J', 'xL10JL9J', 'xL6JL7J', 'xL9JL10J', 'xL9JL9J', 'xL5JL9J', 'xL8JL10J', 'xL6JL9J', 'xL7JL7J', 'xL6JL8J', 'xL6JL10J'}


Max number of edges with non zero Y: 55
Max number of iterations of outer rounding loop: 10
Max number of candidate sets: 2
Time spent rounding: 47.930
Time spent solving Separator LP: 0.172
Total time spent solving: 55.855

LP Solver: gammaPlusFractionalCoverHeuristic
Lower Bound Witness = ({'xL6JL1J', 'xL5JL3J', 'xL6JL5J', 'xL7JL11J', 'xL14JL3J', 'xL14JL9J', 'xL1JL10J', 'xL10JL2J', 'xL2JL3J', 'xL10JL8J', 'xL9JL5J', 'xL12JL15J', 'xL4JL6J', 'xL12JL5J', 'xL11JL10J', 'xL14JL6J', 'xL12JL9J', 'xL11JL8J', 'xL8JL11J', 'xL11JL13J', 'xL8JL5J', 'xL5JL15J', 'xL2JL5J', 'xL3JL12J', 'xL4JL1J', 'xL11JL15J', 'xL14JL7J', 'xL7JL9J', 'xL5JL14J', 'xL4JL15J', 'xL8JL3J', 'xL8JL13J', 'xL9JL2J', 'xL15JL11J', 'xL15JL13J', 'xL13JL6J', 'xL13JL10J', 'xL11JL4J', 'xL3JL14J', 'xL9JL10J', 'xL4JL4J', 'xL15JL6J', 'xL6JL9J', 'xL1JL4J', 'xL8JL6J', 'xL6JL8J', 'xL12JL2J', 'xL13JL9J', 'xL14JL4J', 'xL4JL7J', 'xL15JL12J', 'xL9JL13J', 'xL15JL4J', 'xL5JL8J', 'xL9JL9J', 'xL2JL4J', 'xL10JL11J', 'xL3JL8J', 'xL7JL2J', 'xL6JL12J', 'xL10JL3J', 'xL6JL10J', 'xL3JL13J', 'xL12JL10J', 'xL9JL7J', 'xL10JL12J', 'xL11JL5J', 'xL3JL9J', 'xL11JL14J', 'xL5JL1J', 'xL3JL4J', 'xL3JL2J', 'xL3JL1J', 'xL2JL6J', 'xL6JL7J', 'xL12JL8J', 'xL8JL10J', 'xL15JL5J', 'xL13JL15J', 'xL13JL11J', 'xL4JL10J', 'xL14JL13J', 'xL14JL5J', 'xL8JL12J', 'xL10JL9J', 'xL7JL3J', 'xL3JL5J', 'xL4JL14J', 'xL13JL2J', 'xL7JL14J', 'xL2JL12J', 'xL5JL6J', 'xL8JL4J', 'xL5JL2J', 'xL3JL10J', 'xL12JL13J', 'xL2JL11J', 'xL12JL6J', 'xL9JL3J', 'xL10JL7J', 'xL7JL7J', 'xL6JL15J', 'xL4JL3J', 'xL10JL6J', 'xL12JL3J', 'xL6JL3J', 'xL6JL4J', 'xL2JL7J', 'xL7JL6J', 'xL15JL10J', 'xL14JL12J', 'xL12JL14J', 'xL4JL2J', 'xL5JL5J', 'xL9JL14J', 'xL10JL1J', 'xL12JL12J', 'xL13JL14J', 'xL6JL2J', 'xL6JL14J', 'xL7JL13J', 'xL14JL14J', 'xL11JL11J', 'xL2JL2J', 'xL11JL2J', 'xL9JL6J', 'xL11JL1J', 'xL12JL1J', 'xL13JL3J', 'xL11JL7J', 'xL4JL11J', 'xL1JL5J', 'xL3JL7J', 'xL13JL8J', 'xL14JL10J', 'xL5JL12J', 'xL10JL14J', 'xL1JL11J', 'xL10JL4J', 'xL7JL4J', 'xL5JL11J', 'xL13JL4J', 'xL2JL9J', 'xL4JL8J', 'xL1JL12J', 'xL9JL12J', 'xL13JL12J', 'xL2JL10J', 'xL5JL9J', 'xL2JL13J', 'xL3JL6J', 'xL1JL3J', 'xL13JL7J', 'xL7JL10J', 'xL14JL11J', 'xL1JL6J', 'xL10JL13J', 'xL4JL13J', 'xL6JL13J', 'xL10JL15J'}, {'xL5JL3J', 'xL5JL2J', 'xL15JL13J', 'xL2JL10J'})