11, 1.6765227706093189, 5.0, 5
+-- , 0 , {10, 26, 28} , {'xL1J', 'xL11J', 'xL4J', 'xL8J', 'xL2J', 'xL17J', 'xL12J', 'xL7J', 'xL15J', 'xL14J'}
| +-- , 10 , {12} , {'xL1J', 'xL11J', 'xL4J', 'xL16J', 'xL14J', 'xL2J', 'xL12J', 'xL17J', 'xL15J', 'xL8J'}
| | +-- , 12 , {24, 14} , {'xL1J', 'xL11J', 'xL2J', 'xL18J', 'xL12J', 'xL17J', 'xL16J', 'xL8J', 'xL15J', 'xL14J'}
| | | +-- , 24 , set() , {'xL2J', 'xL18J', 'xL17J', 'xL16J', 'xL10J'}
| | | +-- , 14 , {16, 20} , {'xL1J', 'xL11J', 'xL2J', 'xL18J', 'xL12J', 'xL17J', 'xL16J', 'xL19J', 'xL15J', 'xL8J'}
| | | | +-- , 16 , {18} , {'xL1J', 'xL17J', 'xL16J', 'xL19J', 'xL15J', 'xL6J'}
| | | | | +-- , 18 , set() , {'xL1J', 'xL13J', 'xL19J', 'xL15J', 'xL6J'}
| | | | +-- , 20 , {22} , {'xL1J', 'xL11J', 'xL2J', 'xL17J', 'xL16J', 'xL19J', 'xL9J', 'xL8J'}
| | | | | +-- , 22 , set() , {'xL11J', 'xL2J', 'xL0J', 'xL17J', 'xL16J', 'xL19J', 'xL9J', 'xL8J'}
| +-- , 26 , set() , {'xL3J', 'xL2J', 'xL14J'}
| +-- , 28 , set() , {'xL4J', 'xL7J', 'xL17J', 'xL5J'}


Max number of edges with non zero Y: 16
Max number of iterations of outer rounding loop: 6
Max number of candidate sets: 2
Time spent rounding: 10.329
Time spent solving Separator LP: 0.230
Total time spent solving: 12.036

LP Solver: GaifmanNormal
Lower Bound Witness = ({'xL1J', 'xL11J', 'xL2J', 'xL0J', 'xL18J', 'xL12J', 'xL17J', 'xL4J', 'xL16J', 'xL13J', 'xL8J', 'xL19J', 'xL7J', 'xL10J', 'xL15J', 'xL6J', 'xL9J', 'xL14J'}, {'xL1J', 'xL11J', 'xL2J', 'xL4J', 'xL17J', 'xL8J', 'xL7J', 'xL15J', 'xL14J'})