12, 2.177528285633796, 7.0, 7
+-- , 0 , {8, 26, 28} , {'xL2J', 'xL4J', 'xL18J', 'xL9J', 'xL24J', 'xL21J', 'xL19J', 'xL15J', 'xL22J', 'xL7J', 'xL16J', 'xL5J', 'xL11J', 'xL10J'}
| +-- , 8 , {16, 10} , {'xL12J', 'xL9J', 'xL21J', 'xL19J', 'xL11J', 'xL10J', 'xL4J', 'xL18J', 'xL24J', 'xL15J', 'xL22J', 'xL7J', 'xL16J', 'xL5J'}
| | +-- , 16 , {18} , {'xL12J', 'xL9J', 'xL21J', 'xL19J', 'xL11J', 'xL10J', 'xL4J', 'xL17J', 'xL24J', 'xL15J', 'xL7J', 'xL16J', 'xL5J'}
| | | +-- , 18 , {20} , {'xL12J', 'xL0J', 'xL21J', 'xL19J', 'xL10J', 'xL4J', 'xL17J', 'xL24J', 'xL15J', 'xL7J', 'xL16J', 'xL5J'}
| | | | +-- , 20 , {24, 22} , {'xL12J', 'xL0J', 'xL21J', 'xL19J', 'xL10J', 'xL4J', 'xL17J', 'xL15J', 'xL7J', 'xL16J', 'xL5J', 'xL1J'}
| | | | | +-- , 24 , set() , {'xL4J', 'xL12J', 'xL0J', 'xL21J', 'xL19J', 'xL15J', 'xL7J', 'xL13J', 'xL1J'}
| | | | | +-- , 22 , set() , {'xL17J', 'xL21J', 'xL16J', 'xL14J', 'xL1J'}
| | +-- , 10 , {12} , {'xL6J', 'xL12J', 'xL9J', 'xL19J', 'xL7J', 'xL16J', 'xL5J'}
| | | +-- , 12 , {14} , {'xL8J', 'xL6J', 'xL12J', 'xL9J', 'xL7J', 'xL5J'}
| | | | +-- , 14 , set() , {'xL8J', 'xL12J', 'xL23J', 'xL7J', 'xL5J'}
| +-- , 26 , set() , {'xL5J', 'xL20J', 'xL7J', 'xL21J'}
| +-- , 28 , set() , {'xL3J', 'xL7J'}


Max number of edges with non zero Y: 20
Max number of iterations of outer rounding loop: 6
Max number of candidate sets: 2
Time spent rounding: 28.977
Time spent solving Separator LP: 0.933
Total time spent solving: 33.547

LP Solver: GaifmanNormal
Lower Bound Witness = ({'xL3J', 'xL12J', 'xL2J', 'xL4J', 'xL20J', 'xL18J', 'xL15J', 'xL22J', 'xL16J', 'xL5J', 'xL14J', 'xL6J', 'xL9J', 'xL0J', 'xL21J', 'xL19J', 'xL23J', 'xL13J', 'xL11J', 'xL10J', 'xL8J', 'xL17J', 'xL24J', 'xL7J', 'xL1J'}, {'xL3J', 'xL8J', 'xL2J', 'xL6J', 'xL20J', 'xL18J', 'xL9J', 'xL24J', 'xL17J', 'xL21J', 'xL19J', 'xL15J', 'xL22J', 'xL7J', 'xL16J', 'xL5J', 'xL14J', 'xL11J'})