57, 2.823113146434156, 9.0, 9
+-- , 0 , {3, 67, 5, 69, 103, 105, 9, 109, 111, 61, 95} , {'xL0J', 'zL71J', 'zL6J', 'zL21J', 'xL3J', 'xL9J', 'zL5J', 'xL5J', 'zL70J', 'xL8J', 'xL6J', 'xL2J', 'zL61J', 'zL32J', 'xL7J', 'zL4J', 'zL33J'}
| +-- , 3 , set() , {'zL26J', 'yL6J', 'xL0J', 'zL27J', 'xL8J', 'zL24J', 'xL6J', 'xL9J', 'xL7J', 'zL25J', 'w9'}
| +-- , 67 , set() , {'w17', 'zL58J', 'zL59J', 'zL57J', 'yL14J', 'xL3J', 'zL56J', 'xL2J', 'xL9J', 'xL7J', 'xL0J'}
| +-- , 5 , set() , {'zL35J', 'xL8J', 'xL2J', 'w11', 'zL34J', 'xL7J', 'zL33J'}
| +-- , 69 , {93, 71} , {'zL54J', 'zL67J', 'xL3J', 'zL55J', 'xL9J', 'xL5J', 'w19', 'xL6J', 'xL2J', 'xL7J', 'xL0J'}
| | +-- , 93 , set() , {'zL55J', 'w16', 'xL5J'}
| | +-- , 71 , {89, 91, 87, 73} , {'zL38J', 'yL9J', 'zL16J', 'zL17J', 'zL54J', 'zL67J', 'xL3J', 'zL53J', 'zL37J', 'xL9J', 'xL5J', 'zL39J', 'zL36J', 'xL6J', 'xL2J', 'xL7J', 'zL52J', 'xL0J'}
| | | +-- , 89 , set() , {'zL39J', 'xL2J', 'w12'}
| | | +-- , 91 , set() , {'zL16J', 'yL4J', 'xL0J'}
| | | +-- , 87 , set() , {'xL9J', 'zL52J', 'yL13J'}
| | | +-- , 73 , {75} , {'zL17J', 'zL54J', 'zL67J', 'xL3J', 'zL53J', 'zL37J', 'xL9J', 'xL5J', 'zL18J', 'zL36J', 'xL6J', 'xL2J', 'xL7J', 'xL0J'}
| | | | +-- , 75 , {85, 77} , {'zL65J', 'xL0J', 'xL9J', 'zL18J', 'zL36J', 'zL54J', 'zL67J', 'xL3J', 'zL53J', 'xL6J', 'xL2J', 'zL37J', 'xL7J', 'zL64J', 'xL5J'}
| | | | | +-- , 85 , set() , {'yL16J', 'zL64J', 'xL0J'}
| | | | | +-- , 77 , {81, 79} , {'xL4J', 'zL54J', 'zL67J', 'xL3J', 'zL53J', 'zL37J', 'xL9J', 'xL5J', 'zL65J', 'zL18J', 'zL36J', 'zL66J', 'xL2J', 'xL7J'}
| | | | | | +-- , 81 , {83} , {'xL4J', 'zL18J', 'xL7J', 'zL19J'}
| | | | | | | +-- , 83 , set() , {'xL4J', 'w7', 'zL19J'}
| | | | | | +-- , 79 , set() , {'xL4J', 'zL47J', 'zL44J', 'zL45J', 'w14', 'yL11J', 'xL3J', 'xL2J', 'zL46J', 'xL7J', 'xL5J'}
| +-- , 103 , set() , {'zL15J', 'yL3J', 'zL12J', 'xL8J', 'xL3J', 'xL6J', 'xL2J', 'zL13J', 'w6', 'zL14J', 'xL5J'}
| +-- , 105 , {107} , {'zL61J', 'xL6J', 'xL2J', 'zL60J'}
| | +-- , 107 , set() , {'yL15J', 'xL6J', 'zL60J'}
| +-- , 9 , {11} , {'yL7J', 'xL0J', 'zL6J', 'zL28J', 'zL21J', 'xL3J', 'xL9J', 'xL5J', 'xL8J', 'zL20J', 'xL6J', 'xL2J', 'zL61J', 'xL7J', 'zL71J', 'zL32J'}
| | +-- , 11 , {59, 13} , {'xL0J', 'zL2J', 'zL6J', 'zL28J', 'xL3J', 'zL3J', 'xL9J', 'xL5J', 'zL29J', 'xL8J', 'zL20J', 'xL6J', 'xL2J', 'zL61J', 'xL7J', 'zL71J', 'zL32J'}
| | | +-- , 59 , set() , {'xL3J', 'w3', 'zL3J'}
| | | +-- , 13 , {15} , {'zL79J', 'xL0J', 'zL2J', 'zL6J', 'xL3J', 'xL9J', 'xL5J', 'zL29J', 'xL8J', 'zL20J', 'xL6J', 'xL2J', 'zL61J', 'w22', 'xL7J', 'zL71J', 'zL32J'}
| | | | +-- , 15 , {17, 19} , {'zL79J', 'zL31J', 'xL0J', 'zL2J', 'zL6J', 'xL3J', 'xL9J', 'xL5J', 'zL29J', 'xL8J', 'zL20J', 'xL6J', 'xL2J', 'zL61J', 'xL7J', 'zL71J', 'zL32J'}
| | | | | +-- , 17 , set() , {'w10', 'zL31J', 'xL2J'}
| | | | | +-- , 19 , {39, 45, 47, 49, 51, 21, 55, 57, 29} , {'zL79J', 'zL31J', 'xL0J', 'xL1J', 'zL2J', 'zL6J', 'xL3J', 'xL9J', 'xL5J', 'zL7J', 'zL29J', 'xL8J', 'zL62J', 'w20', 'zL20J', 'xL6J', 'zL61J', 'zL30J', 'xL7J', 'zL71J', 'zL32J'}
| | | | | | +-- , 39 , {41} , {'xL9J', 'xL1J', 'zL2J', 'xL7J', 'zL1J'}
| | | | | | | +-- , 41 , {43} , {'zL0J', 'xL9J', 'xL7J', 'zL1J'}
| | | | | | | | +-- , 43 , set() , {'zL0J', 'xL7J', 'yL0J'}
| | | | | | +-- , 45 , set() , {'xL1J', 'zL7J', 'w4'}
| | | | | | +-- , 47 , set() , {'zL40J', 'xL1J', 'xL8J', 'xL3J', 'xL6J', 'w13', 'xL9J', 'zL43J', 'yL10J', 'zL41J', 'zL42J'}
| | | | | | +-- , 49 , set() , {'zL72J', 'zL74J', 'xL1J', 'xL8J', 'zL73J', 'yL18J', 'xL9J', 'zL75J', 'xL7J', 'w21', 'xL5J'}
| | | | | | +-- , 51 , {53} , {'zL62J', 'zL63J', 'xL1J', 'xL8J'}
| | | | | | | +-- , 53 , set() , {'zL63J', 'w18', 'xL8J'}
| | | | | | +-- , 21 , {23} , {'zL78J', 'zL79J', 'xL1J', 'xL8J', 'xL7J', 'xL0J'}
| | | | | | | +-- , 23 , {25} , {'zL77J', 'zL78J', 'xL1J', 'xL7J', 'xL0J'}
| | | | | | | | +-- , 25 , {27} , {'zL77J', 'xL7J', 'zL76J', 'xL0J'}
| | | | | | | | | +-- , 27 , set() , {'yL19J', 'zL76J', 'xL0J'}
| | | | | | +-- , 55 , set() , {'yL5J', 'zL20J', 'xL1J'}
| | | | | | +-- , 57 , set() , {'xL1J', 'zL32J', 'yL8J'}
| | | | | | +-- , 29 , {37, 31} , {'zL9J', 'xL1J', 'xL8J', 'xL3J', 'zL8J', 'xL7J', 'xL5J'}
| | | | | | | +-- , 37 , set() , {'xL1J', 'zL8J', 'yL2J'}
| | | | | | | +-- , 31 , {33} , {'zL10J', 'xL3J', 'zL9J', 'xL7J', 'xL8J'}
| | | | | | | | +-- , 33 , {35} , {'zL11J', 'xL3J', 'xL7J', 'zL10J'}
| | | | | | | | | +-- , 35 , set() , {'zL11J', 'xL3J', 'w5'}
| +-- , 109 , set() , {'yL1J', 'xL3J', 'zL4J'}
| +-- , 111 , {113} , {'zL21J', 'xL2J', 'xL0J', 'zL22J', 'xL8J'}
| | +-- , 113 , {115} , {'zL23J', 'xL2J', 'zL22J', 'xL0J'}
| | | +-- , 115 , set() , {'zL23J', 'w8', 'xL0J'}
| +-- , 61 , {63} , {'zL69J', 'xL6J', 'zL70J', 'xL9J', 'xL7J'}
| | +-- , 63 , {65} , {'xL6J', 'zL69J', 'zL68J', 'xL7J'}
| | | +-- , 65 , set() , {'xL6J', 'yL17J', 'zL68J'}
| +-- , 95 , {97, 99} , {'zL48J', 'xL8J', 'zL50J', 'xL3J', 'xL6J', 'xL7J', 'zL49J', 'xL0J'}
| | +-- , 97 , set() , {'zL48J', 'yL12J', 'xL8J'}
| | +-- , 99 , {101} , {'zL50J', 'zL51J', 'xL7J', 'xL0J'}
| | | +-- , 101 , set() , {'zL51J', 'xL0J', 'w15'}


Max number of edges with non zero Y: 37
Max number of iterations of outer rounding loop: 5
Max number of candidate sets: 2
Time spent rounding: 8.417
Time spent solving Separator LP: 5.399
Total time spent solving: 18.505

LP Solver: GaifmanNormal
Lower Bound Witness = ({'zL38J', 'xL4J', 'zL35J', 'zL68J', 'yL3J', 'xL1J', 'yL0J', 'zL28J', 'w4', 'zL45J', 'zL75J', 'xL9J', 'zL5J', 'zL42J', 'xL8J', 'w3', 'yL14J', 'zL63J', 'w22', 'zL46J', 'w7', 'xL7J', 'yL9J', 'zL78J', 'w12', 'zL23J', 'zL36J', 'zL18J', 'zL66J', 'xL6J', 'zL41J', 'yL7J', 'zL76J', 'w16', 'zL3J', 'zL11J', 'zL62J', 'zL56J', 'yL5J', 'w9', 'xL0J', 'zL60J', 'yL4J', 'zL6J', 'zL77J', 'zL24J', 'zL50J', 'xL3J', 'zL67J', 'w14', 'zL70J', 'w19', 'zL22J', 'zL57J', 'zL51J', 'w11', 'zL33J', 'zL1J', 'zL72J', 'zL15J', 'zL2J', 'zL58J', 'zL73J', 'zL17J', 'zL54J', 'w13', 'zL34J', 'xL5J', 'w17', 'zL12J', 'zL27J', 'yL11J', 'zL8J', 'w6', 'zL52J', 'zL32J', 'zL48J', 'yL6J', 'yL12J', 'zL37J', 'zL10J', 'zL64J', 'zL39J', 'zL47J', 'yL13J', 'zL9J', 'zL44J', 'zL29J', 'zL43J', 'w15', 'w20', 'zL20J', 'yL17J', 'w5', 'zL0J', 'zL4J', 'yL2J', 'yL10J', 'zL26J', 'zL79J', 'zL69J', 'zL31J', 'zL74J', 'zL21J', 'zL53J', 'zL55J', 'zL19J', 'zL65J', 'w18', 'yL8J', 'yL15J', 'yL16J', 'w8', 'yL18J', 'zL61J', 'zL71J', 'zL7J', 'yL19J', 'zL16J', 'zL49J', 'zL25J', 'zL14J', 'w21', 'yL1J', 'zL40J', 'w10', 'zL59J', 'xL2J', 'zL30J', 'zL13J'}, {'zL79J', 'w16', 'zL3J', 'xL5J', 'w17', 'yL16J', 'zL12J', 'xL8J', 'zL56J', 'yL18J', 'zL61J', 'zL46J', 'zL71J', 'zL32J', 'zL48J', 'zL60J', 'zL77J', 'zL24J', 'zL50J', 'xL3J', 'zL67J', 'w14', 'zL49J', 'zL25J', 'zL64J', 'zL14J', 'yL1J', 'zL44J', 'w19', 'zL59J', 'zL20J', 'xL6J', 'zL13J'})