12, 2.4748863161622254, 6.193220338983051, 9
+-- , 0 , {3} , {'xL40J', 'xL15J', 'xL4J', 'xL24J', 'xL44J', 'xL53J', 'xL26J', 'xL17J', 'xL42J', 'xL13J', 'xL46J', 'xL30J', 'xL16J', 'xL32J', 'xL18J', 'xL33J', 'xL22J', 'xL14J', 'xL6J', 'xL38J', 'xL43J', 'xL55J', 'xL36J', 'xL41J', 'xL49J', 'xL37J', 'xL57J', 'xL8J'}
| +-- , 3 , {5} , {'xL40J', 'xL15J', 'xL4J', 'xL24J', 'xL44J', 'xL53J', 'xL26J', 'xL17J', 'xL42J', 'xL13J', 'xL46J', 'xL30J', 'xL16J', 'xL32J', 'xL45J', 'xL18J', 'xL33J', 'xL22J', 'xL14J', 'xL6J', 'xL43J', 'xL55J', 'xL36J', 'xL41J', 'xL49J', 'xL37J', 'xL57J', 'xL8J'}
| | +-- , 5 , {15} , {'xL34J', 'xL27J', 'xL15J', 'xL24J', 'xL44J', 'xL53J', 'xL1J', 'xL21J', 'xL30J', 'xL16J', 'xL45J', 'xL14J', 'xL55J', 'xL25J', 'xL10J', 'xL41J', 'xL37J', 'xL57J', 'xL2J', 'xL9J', 'xL7J', 'xL12J', 'xL0J', 'xL5J', 'xL40J', 'xL4J', 'xL26J', 'xL17J', 'xL42J', 'xL50J', 'xL58J', 'xL13J', 'xL46J', 'xL18J', 'xL33J', 'xL22J', 'xL6J', 'xL43J', 'xL39J', 'xL36J', 'xL49J', 'xL8J'}
| | | +-- , 15 , {17} , {'xL34J', 'xL27J', 'xL15J', 'xL24J', 'xL44J', 'xL53J', 'xL1J', 'xL21J', 'xL30J', 'xL16J', 'xL45J', 'xL19J', 'xL55J', 'xL25J', 'xL10J', 'xL41J', 'xL37J', 'xL57J', 'xL2J', 'xL9J', 'xL7J', 'xL12J', 'xL0J', 'xL5J', 'xL40J', 'xL4J', 'xL26J', 'xL17J', 'xL42J', 'xL50J', 'xL58J', 'xL13J', 'xL46J', 'xL18J', 'xL33J', 'xL22J', 'xL59J', 'xL6J', 'xL43J', 'xL39J', 'xL36J', 'xL49J', 'xL8J'}
| | | | +-- , 17 , {19} , {'xL34J', 'xL27J', 'xL15J', 'xL24J', 'xL44J', 'xL1J', 'xL21J', 'xL30J', 'xL16J', 'xL47J', 'xL45J', 'xL19J', 'xL25J', 'xL10J', 'xL41J', 'xL37J', 'xL57J', 'xL2J', 'xL9J', 'xL7J', 'xL12J', 'xL0J', 'xL5J', 'xL40J', 'xL4J', 'xL26J', 'xL17J', 'xL42J', 'xL50J', 'xL58J', 'xL13J', 'xL46J', 'xL18J', 'xL33J', 'xL22J', 'xL59J', 'xL6J', 'xL43J', 'xL39J', 'xL36J', 'xL49J'}
| | | | | +-- , 19 , {24, 34} , {'xL34J', 'xL11J', 'xL27J', 'xL15J', 'xL24J', 'xL44J', 'xL1J', 'xL21J', 'xL30J', 'xL16J', 'xL47J', 'xL45J', 'xL19J', 'xL25J', 'xL10J', 'xL41J', 'xL37J', 'xL57J', 'xL2J', 'xL9J', 'xL12J', 'xL0J', 'xL5J', 'xL40J', 'xL4J', 'xL23J', 'xL26J', 'xL17J', 'xL42J', 'xL50J', 'xL58J', 'xL13J', 'xL46J', 'xL18J', 'xL33J', 'xL48J', 'xL22J', 'xL3J', 'xL59J', 'xL6J', 'xL51J', 'xL43J', 'xL39J', 'xL29J', 'xL36J', 'xL49J', 'xL52J'}
| | | | | | +-- , 24 , {26} , {'xL34J', 'xL27J', 'xL15J', 'xL24J', 'xL44J', 'xL1J', 'xL30J', 'xL16J', 'xL47J', 'xL45J', 'xL19J', 'xL25J', 'xL10J', 'xL41J', 'xL37J', 'xL57J', 'xL2J', 'xL9J', 'xL12J', 'xL0J', 'xL5J', 'xL40J', 'xL4J', 'xL23J', 'xL26J', 'xL42J', 'xL50J', 'xL58J', 'xL13J', 'xL46J', 'xL18J', 'xL48J', 'xL33J', 'xL22J', 'xL3J', 'xL51J', 'xL43J', 'xL39J', 'xL29J', 'xL36J', 'xL49J', 'xL56J', 'xL52J'}
| | | | | | | +-- , 26 , {28} , {'xL12J', 'xL34J', 'xL0J', 'xL5J', 'xL40J', 'xL27J', 'xL15J', 'xL4J', 'xL24J', 'xL44J', 'xL23J', 'xL26J', 'xL1J', 'xL42J', 'xL50J', 'xL13J', 'xL46J', 'xL30J', 'xL47J', 'xL18J', 'xL45J', 'xL48J', 'xL22J', 'xL33J', 'xL3J', 'xL31J', 'xL51J', 'xL43J', 'xL39J', 'xL19J', 'xL29J', 'xL10J', 'xL36J', 'xL41J', 'xL49J', 'xL37J', 'xL56J', 'xL2J', 'xL52J', 'xL9J'}
| | | | | | | | +-- , 28 , {32, 30} , {'xL20J', 'xL12J', 'xL34J', 'xL0J', 'xL40J', 'xL27J', 'xL15J', 'xL24J', 'xL44J', 'xL23J', 'xL26J', 'xL1J', 'xL42J', 'xL50J', 'xL13J', 'xL30J', 'xL47J', 'xL18J', 'xL45J', 'xL48J', 'xL22J', 'xL33J', 'xL3J', 'xL31J', 'xL51J', 'xL43J', 'xL29J', 'xL10J', 'xL36J', 'xL41J', 'xL37J', 'xL56J', 'xL2J', 'xL52J', 'xL9J'}
| | | | | | | | | +-- , 32 , set() , {'xL20J', 'xL12J', 'xL34J', 'xL0J', 'xL27J', 'xL15J', 'xL24J', 'xL44J', 'xL26J', 'xL13J', 'xL30J', 'xL47J', 'xL18J', 'xL31J', 'xL37J', 'xL28J', 'xL56J', 'xL52J', 'xL9J'}
| | | | | | | | | +-- , 30 , set() , {'xL43J', 'xL18J', 'xL48J', 'xL45J', 'xL22J', 'xL10J', 'xL36J', 'xL20J', 'xL3J', 'xL29J', 'xL50J', 'xL52J', 'xL40J', 'xL13J', 'xL35J', 'xL27J', 'xL30J', 'xL51J'}
| | | | | | +-- , 34 , set() , {'xL12J', 'xL11J', 'xL27J', 'xL15J', 'xL4J', 'xL24J', 'xL1J', 'xL42J', 'xL47J', 'xL33J', 'xL54J', 'xL3J', 'xL59J', 'xL43J', 'xL19J', 'xL36J', 'xL41J', 'xL49J', 'xL57J'}


Max number of edges with non zero Y: 27
Max number of iterations of outer rounding loop: 6
Max number of candidate sets: 2
Time spent rounding: 47.535
Time spent solving Separator LP: 15.989
Total time spent solving: 71.077

LP Solver: GaifmanNormal
Lower Bound Witness = ({'xL20J', 'xL12J', 'xL34J', 'xL11J', 'xL0J', 'xL5J', 'xL40J', 'xL27J', 'xL15J', 'xL4J', 'xL24J', 'xL44J', 'xL23J', 'xL26J', 'xL1J', 'xL17J', 'xL42J', 'xL21J', 'xL50J', 'xL58J', 'xL13J', 'xL35J', 'xL46J', 'xL30J', 'xL16J', 'xL47J', 'xL18J', 'xL45J', 'xL54J', 'xL22J', 'xL48J', 'xL33J', 'xL3J', 'xL59J', 'xL31J', 'xL6J', 'xL51J', 'xL43J', 'xL39J', 'xL19J', 'xL25J', 'xL10J', 'xL36J', 'xL41J', 'xL49J', 'xL29J', 'xL37J', 'xL57J', 'xL28J', 'xL56J', 'xL2J', 'xL52J', 'xL9J'}, {'xL12J', 'xL34J', 'xL0J', 'xL5J', 'xL40J', 'xL27J', 'xL15J', 'xL4J', 'xL24J', 'xL44J', 'xL26J', 'xL1J', 'xL17J', 'xL42J', 'xL21J', 'xL50J', 'xL58J', 'xL13J', 'xL46J', 'xL30J', 'xL16J', 'xL47J', 'xL18J', 'xL45J', 'xL33J', 'xL22J', 'xL59J', 'xL6J', 'xL51J', 'xL43J', 'xL39J', 'xL19J', 'xL25J', 'xL10J', 'xL36J', 'xL41J', 'xL49J', 'xL37J', 'xL57J', 'xL2J', 'xL9J'})