17, 3.1931527919773304, 9.0, 12
+-- , 0 , {14} , {'8', '9', '17', '64', '67', '51', '40', '18', '20', '59', '53', '72', '28', '30', '10', '2', '43', '44', '52', '38', '45', '7', '5', '68', '35', '66', '74', '34', '32', '50', '58', '65', '62', '69', '55', '25', '23', '15', '19', '73', '33', '1', '21', '63', '39', '16', '46', '36', '13', '70'}
| +-- , 14 , {16, 46} , {'8', '56', '9', '64', '67', '51', '18', '40', '20', '59', '53', '72', '28', '10', '30', '2', '22', '43', '44', '38', '45', '7', '5', '68', '35', '74', '66', '34', '32', '54', '50', '58', '27', '65', '62', '69', '55', '25', '23', '15', '19', '73', '33', '1', '21', '63', '39', '16', '46', '36', '13', '70'}
| | +-- , 16 , {18} , {'8', '56', '9', '64', '67', '51', '18', '40', '20', '59', '53', '48', '72', '28', '10', '30', '2', '22', '43', '44', '38', '45', '7', '5', '68', '35', '74', '66', '34', '32', '54', '6', '50', '58', '27', '65', '62', '69', '55', '25', '23', '15', '19', '73', '33', '1', '63', '39', '16', '46', '36', '13', '70'}
| | | +-- , 18 , {20} , {'8', '56', '9', '64', '67', '51', '18', '40', '20', '59', '53', '48', '72', '28', '10', '30', '2', '22', '43', '44', '38', '45', '7', '5', '68', '35', '74', '66', '34', '32', '54', '6', '50', '58', '65', '62', '69', '55', '25', '23', '15', '19', '73', '33', '1', '63', '39', '0', '16', '46', '36', '13', '70'}
| | | | +-- , 20 , {24, 42, 44} , {'8', '6', '47', '50', '58', '9', '65', '64', '62', '67', '69', '55', '51', '18', '40', '25', '20', '23', '15', '13', '59', '53', '48', '72', '28', '19', '10', '30', '2', '22', '43', '44', '73', '33', '38', '1', '63', '45', '7', '5', '39', '0', '68', '35', '16', '74', '66', '46', '31', '36', '34', '70', '32', '54'}
| | | | | +-- , 24 , {40, 26} , {'8', '6', '47', '50', '9', '49', '65', '64', '62', '67', '69', '55', '51', '18', '40', '25', '20', '23', '15', '13', '59', '53', '48', '72', '28', '19', '10', '30', '2', '22', '43', '44', '73', '33', '38', '1', '63', '45', '7', '39', '0', '68', '35', '16', '74', '66', '31', '46', '36', '34', '70', '32', '42', '54'}
| | | | | | +-- , 40 , set() , {'19', '24', '25', '16', '49', '38', '42', '67'}
| | | | | | +-- , 26 , {28} , {'8', '47', '9', '64', '67', '51', '18', '20', '59', '53', '48', '72', '28', '10', '30', '2', '22', '43', '44', '38', '45', '7', '68', '35', '74', '66', '34', '42', '54', '6', '49', '65', '4', '62', '69', '55', '25', '23', '15', '11', '19', '73', '33', '1', '63', '39', '0', '16', '31', '46', '36', '70'}
| | | | | | | +-- , 28 , {30} , {'8', '47', '9', '64', '18', '59', '53', '48', '72', '28', '10', '30', '2', '22', '45', '7', '68', '35', '74', '66', '42', '54', '6', '49', '4', '62', '69', '55', '25', '23', '15', '11', '19', '73', '33', '1', '63', '3', '0', '16', '31', '46', '36', '70'}
| | | | | | | | +-- , 30 , {32} , {'8', '47', '9', '64', '14', '18', '41', '59', '53', '48', '72', '28', '10', '30', '2', '22', '45', '7', '68', '35', '74', '66', '42', '54', '6', '49', '4', '62', '69', '55', '25', '23', '15', '11', '19', '73', '33', '1', '63', '3', '0', '16', '31', '36'}
| | | | | | | | | +-- , 32 , {34} , {'8', '6', '47', '9', '49', '4', '62', '69', '55', '14', '18', '23', '15', '41', '59', '60', '53', '48', '72', '28', '19', '10', '30', '22', '73', '33', '45', '7', '0', '35', '16', '31', '74', '66', '54'}
| | | | | | | | | | +-- , 34 , {36, 38} , {'8', '6', '47', '9', '49', '4', '62', '69', '55', '18', '23', '71', '75', '15', '41', '59', '60', '53', '48', '72', '19', '10', '30', '57', '22', '73', '33', '45', '35', '31', '74', '66', '54'}
| | | | | | | | | | | +-- , 36 , set() , {'30', '10', '8', '57', '45', '69', '75', '33', '74', '66', '73', '60', '29'}
| | | | | | | | | | | +-- , 38 , set() , {'10', '47', '57', '23', '75', '26', '66', '53'}
| | | | | +-- , 42 , set() , {'6', '47', '2', '37', '31', '66', '36', '28'}
| | | | | +-- , 44 , set() , {'6', '47', '25', '22', '23', '5', '44', '61'}
| | +-- , 46 , set() , {'10', '51', '56', '22', '12', '73', '74', '66', '27', '13', '53', '64', '21', '28', '54'}


Max number of edges with non zero Y: 36
Max number of iterations of outer rounding loop: 8
Max number of candidate sets: 2
Time spent rounding: 60.068
Time spent solving Separator LP: 24.499
Total time spent solving: 93.239

LP Solver: GaifmanNormal
Lower Bound Witness = ({'8', '6', '47', '56', '50', '58', '9', '26', '27', '49', '61', '65', '64', '4', '62', '69', '55', '67', '51', '24', '14', '18', '40', '23', '25', '20', '12', '71', '75', '15', '41', '11', '59', '60', '37', '53', '48', '72', '28', '19', '10', '30', '57', '2', '22', '43', '44', '73', '33', '38', '1', '34', '21', '29', '63', '3', '45', '7', '5', '39', '0', '68', '35', '16', '31', '74', '66', '36', '46', '13', '70', '32', '42', '54'}, {'8', '50', '58', '9', '65', '64', '62', '67', '55', '69', '51', '18', '40', '23', '25', '20', '15', '59', '53', '72', '28', '19', '10', '30', '2', '43', '44', '73', '33', '38', '1', '34', '21', '63', '45', '7', '5', '39', '68', '35', '16', '74', '66', '46', '36', '13', '70', '32'})