21, 2.85879720596001, 8.0, 9
+-- , 0 , {33, 35, 5, 25} , {'xL10J', 'xL29J', 'xL20J', 'xL24J', 'xL25J', 'xL6J', 'xL22J', 'xL18J', 'xL2J', 'xL11J', 'xL21J', 'xL23J', 'xL5J', 'xL35J'}
| +-- , 33 , set() , {'xL25J', 'xL39J'}
| +-- , 35 , {43, 37} , {'xL10J', 'xL4J', 'xL29J', 'xL20J', 'xL6J', 'xL17J', 'xL18J', 'xL2J', 'xL5J', 'xL35J'}
| | +-- , 43 , set() , {'xL20J', 'xL13J', 'xL17J', 'xL18J', 'xL2J', 'xL5J', 'xL33J'}
| | +-- , 37 , {41, 39} , {'xL10J', 'xL4J', 'xL29J', 'xL30J', 'xL6J', 'xL17J', 'xL18J', 'xL2J', 'xL35J'}
| | | +-- , 41 , set() , {'xL32J', 'xL30J', 'xL17J', 'xL2J', 'xL35J'}
| | | +-- , 39 , set() , {'xL10J', 'xL38J', 'xL4J', 'xL29J', 'xL30J', 'xL14J', 'xL6J', 'xL18J'}
| +-- , 5 , {7} , {'xL10J', 'xL9J', 'xL29J', 'xL24J', 'xL22J', 'xL18J', 'xL21J', 'xL20J', 'xL25J', 'xL2J', 'xL11J', 'xL23J', 'xL5J'}
| | +-- , 7 , {9, 23} , {'xL9J', 'xL15J', 'xL29J', 'xL20J', 'xL24J', 'xL25J', 'xL22J', 'xL18J', 'xL2J', 'xL11J', 'xL21J', 'xL23J', 'xL5J'}
| | | +-- , 9 , {11, 21} , {'xL15J', 'xL27J', 'xL29J', 'xL26J', 'xL24J', 'xL25J', 'xL28J', 'xL22J', 'xL18J', 'xL2J', 'xL11J', 'xL21J', 'xL23J'}
| | | | +-- , 11 , {13, 15} , {'xL15J', 'xL27J', 'xL18J', 'xL25J', 'xL34J', 'xL28J', 'xL22J', 'xL26J', 'xL2J', 'xL11J'}
| | | | | +-- , 13 , set() , {'xL7J', 'xL34J', 'xL22J', 'xL28J', 'xL11J'}
| | | | | +-- , 15 , {17, 19} , {'xL16J', 'xL15J', 'xL27J', 'xL3J', 'xL25J', 'xL34J', 'xL26J', 'xL11J'}
| | | | | | +-- , 17 , set() , {'xL19J', 'xL16J', 'xL3J', 'xL26J'}
| | | | | | +-- , 19 , set() , {'xL27J', 'xL37J', 'xL3J', 'xL15J'}
| | | | +-- , 21 , set() , {'xL21J', 'xL8J', 'xL22J', 'xL26J'}
| | | +-- , 23 , set() , {'xL5J', 'xL12J', 'xL15J'}
| +-- , 25 , {27} , {'xL0J', 'xL2J', 'xL11J', 'xL21J'}
| | +-- , 27 , {29, 31} , {'xL0J', 'xL2J', 'xL31J', 'xL11J'}
| | | +-- , 29 , set() , {'xL31J', 'xL11J', 'xL0J', 'xL1J'}
| | | +-- , 31 , set() , {'xL31J', 'xL36J'}


Max number of edges with non zero Y: 35
Max number of iterations of outer rounding loop: 4
Max number of candidate sets: 2
Time spent rounding: 7.258
Time spent solving Separator LP: 0.483

LP Solver: GaifmanBoosted