24, 3.999999332448052, 7.0, 7
+-- , 0 , {34, 36, 7, 46} , {'xL38J', 'xL15J', 'xL4J', 'xL30J', 'xL29J', 'xL6J', 'xL8J', 'xL18J', 'xL2J', 'xL11J', 'xL21J', 'xL33J'}
| +-- , 34 , set() , {'xL38J', 'xL4J', 'xL29J', 'xL14J', 'xL6J'}
| +-- , 36 , {40, 38} , {'xL10J', 'xL38J', 'xL15J', 'xL30J', 'xL2J', 'xL11J', 'xL33J'}
| | +-- , 40 , {42, 44} , {'xL10J', 'xL30J', 'xL17J', 'xL2J', 'xL11J', 'xL33J'}
| | | +-- , 42 , set() , {'xL13J', 'xL17J', 'xL33J'}
| | | +-- , 44 , set() , {'xL32J', 'xL30J', 'xL17J', 'xL2J', 'xL11J', 'xL35J'}
| | +-- , 38 , set() , {'xL10J', 'xL9J', 'xL11J', 'xL15J'}
| +-- , 7 , {10} , {'xL29J', 'xL26J', 'xL18J', 'xL21J', 'xL33J', 'xL15J', 'xL4J', 'xL20J', 'xL6J', 'xL8J', 'xL2J', 'xL11J'}
| | +-- , 10 , {32, 12, 30} , {'xL15J', 'xL27J', 'xL29J', 'xL26J', 'xL20J', 'xL6J', 'xL28J', 'xL22J', 'xL8J', 'xL18J', 'xL2J', 'xL11J', 'xL21J', 'xL33J'}
| | | +-- , 32 , set() , {'xL29J', 'xL28J', 'xL23J'}
| | | +-- , 12 , {24, 28, 14} , {'xL15J', 'xL27J', 'xL26J', 'xL25J', 'xL6J', 'xL28J', 'xL22J', 'xL18J', 'xL2J', 'xL11J', 'xL33J'}
| | | | +-- , 24 , {26} , {'xL15J', 'xL25J', 'xL5J', 'xL33J'}
| | | | | +-- , 26 , set() , {'xL5J', 'xL12J', 'xL15J'}
| | | | +-- , 28 , set() , {'xL25J', 'xL39J'}
| | | | +-- , 14 , {16, 18} , {'xL15J', 'xL27J', 'xL18J', 'xL25J', 'xL34J', 'xL28J', 'xL22J', 'xL26J', 'xL2J', 'xL11J'}
| | | | | +-- , 16 , set() , {'xL7J', 'xL34J', 'xL22J', 'xL28J', 'xL11J'}
| | | | | +-- , 18 , {20, 22} , {'xL16J', 'xL15J', 'xL27J', 'xL3J', 'xL25J', 'xL34J', 'xL26J', 'xL11J'}
| | | | | | +-- , 20 , set() , {'xL19J', 'xL16J', 'xL3J', 'xL26J'}
| | | | | | +-- , 22 , set() , {'xL27J', 'xL37J', 'xL3J', 'xL15J'}
| | | +-- , 30 , set() , {'xL6J', 'xL21J', 'xL28J', 'xL24J'}
| +-- , 46 , {48} , {'xL0J', 'xL2J', 'xL11J', 'xL21J'}
| | +-- , 48 , {50, 52} , {'xL0J', 'xL2J', 'xL31J', 'xL11J'}
| | | +-- , 50 , set() , {'xL31J', 'xL11J', 'xL0J', 'xL1J'}
| | | +-- , 52 , set() , {'xL31J', 'xL36J'}


Max number of edges with non zero Y: 6
Max number of iterations of outer rounding loop: 0
Max number of candidate sets: 0
Time spent rounding: 0.000
Time spent solving Separator LP: 4.033

LP Solver: GaifmanNormalILP