19, 2.382352411764706, 8.5, 9
+-- , 0 , {7, 43, 45} , {'xL4J', 'xL36J', 'xL34J', 'xL0J', 'xL28J', 'xL31J', 'xL33J', 'xL16J', 'xL12J', 'xL8J', 'xL22J', 'xL2J', 'xL9J', 'xL26J'}
| +-- , 7 , {41, 10} , {'xL36J', 'xL26J', 'xL34J', 'xL0J', 'xL28J', 'xL31J', 'xL25J', 'xL33J', 'xL16J', 'xL12J', 'xL8J', 'xL22J', 'xL2J', 'xL9J', 'xL5J'}
| | +-- , 41 , set() , {'xL22J', 'xL25J', 'xL32J'}
| | +-- , 10 , {12} , {'xL34J', 'xL28J', 'xL31J', 'xL33J', 'xL12J', 'xL8J', 'xL9J', 'xL5J', 'xL0J', 'xL25J', 'xL35J', 'xL16J', 'xL22J', 'xL2J', 'xL26J'}
| | | +-- , 12 , {15} , {'xL34J', 'xL28J', 'xL31J', 'xL33J', 'xL14J', 'xL12J', 'xL8J', 'xL9J', 'xL18J', 'xL0J', 'xL25J', 'xL35J', 'xL16J', 'xL22J', 'xL2J', 'xL26J'}
| | | | +-- , 15 , {18} , {'xL34J', 'xL28J', 'xL31J', 'xL33J', 'xL14J', 'xL12J', 'xL8J', 'xL9J', 'xL18J', 'xL38J', 'xL0J', 'xL25J', 'xL16J', 'xL29J', 'xL22J', 'xL2J', 'xL26J'}
| | | | | +-- , 18 , {20, 39} , {'xL34J', 'xL28J', 'xL31J', 'xL33J', 'xL14J', 'xL8J', 'xL9J', 'xL38J', 'xL18J', 'xL25J', 'xL16J', 'xL10J', 'xL29J', 'xL22J', 'xL2J', 'xL26J'}
| | | | | | +-- , 20 , {37, 23} , {'xL34J', 'xL28J', 'xL31J', 'xL33J', 'xL8J', 'xL38J', 'xL18J', 'xL23J', 'xL3J', 'xL25J', 'xL16J', 'xL29J', 'xL10J', 'xL2J', 'xL26J'}
| | | | | | | +-- , 37 , set() , {'xL23J', 'xL24J', 'xL33J', 'xL10J', 'xL2J'}
| | | | | | | +-- , 23 , {25, 35} , {'xL34J', 'xL28J', 'xL31J', 'xL21J', 'xL33J', 'xL8J', 'xL38J', 'xL23J', 'xL3J', 'xL25J', 'xL16J', 'xL29J', 'xL10J', 'xL2J', 'xL26J', 'xL1J'}
| | | | | | | | +-- , 25 , {33, 27, 31} , {'xL13J', 'xL34J', 'xL28J', 'xL21J', 'xL3J', 'xL33J', 'xL16J', 'xL10J', 'xL2J', 'xL26J'}
| | | | | | | | | +-- , 33 , set() , {'xL34J', 'xL28J', 'xL13J', 'xL17J'}
| | | | | | | | | +-- , 27 , {29} , {'xL13J', 'xL37J', 'xL30J', 'xL3J', 'xL16J', 'xL10J', 'xL2J', 'xL26J'}
| | | | | | | | | | +-- , 29 , set() , {'xL13J', 'xL39J', 'xL37J', 'xL30J', 'xL3J', 'xL11J'}
| | | | | | | | | +-- , 31 , set() , {'xL13J', 'xL3J', 'xL15J', 'xL2J', 'xL26J'}
| | | | | | | | +-- , 35 , set() , {'xL19J', 'xL31J', 'xL21J', 'xL16J', 'xL7J', 'xL8J', 'xL2J', 'xL1J'}
| | | | | | +-- , 39 , set() , {'xL25J', 'xL6J', 'xL14J', 'xL10J', 'xL9J'}
| +-- , 43 , set() , {'xL34J', 'xL36J', 'xL20J'}
| +-- , 45 , set() , {'xL27J', 'xL0J'}


Max number of edges with non zero Y: 27
Max number of iterations of outer rounding loop: 9
Max number of candidate sets: 2
Time spent rounding: 56.852
Time spent solving Separator LP: 0.786

LP Solver: GaifmanNormal