14, 1.1499994, 4.0, 4
+-- , 0 , {32, 3, 26, 28} , {'yL24J', 'xL6J', 'xL3J', 'xL0J'}
| +-- , 32 , {34} , {'yL0J', 'xL0J'}
| | +-- , 34 , set() , {'yL1J', 'yL2J', 'yL0J', 'yL3J'}
| +-- , 3 , {20, 22, 9} , {'xL1J', 'xL4J', 'yL4J', 'xL6J', 'xL3J', 'xL0J'}
| | +-- , 20 , set() , {'yL4J', 'yL6J', 'yL7J', 'yL5J'}
| | +-- , 22 , {24} , {'yL16J', 'xL4J'}
| | | +-- , 24 , set() , {'yL19J', 'yL18J', 'yL16J', 'yL17J'}
| | +-- , 9 , {16, 14} , {'yL11J', 'xL1J', 'yL8J', 'xL4J', 'xL5J', 'xL6J', 'yL9J', 'xL3J', 'yL10J', 'xL0J'}
| | | +-- , 16 , {18} , {'yL20J', 'xL5J'}
| | | | +-- , 18 , set() , {'yL21J', 'yL22J', 'yL20J', 'yL23J'}
| | | +-- , 14 , set() , {'xL1J', 'yL8J', 'xL4J', 'xL5J', 'xL2J', 'xL6J', 'xL3J', 'xL0J'}
| +-- , 26 , set() , {'yL24J', 'yL26J', 'yL25J', 'yL27J'}
| +-- , 28 , {30} , {'yL12J', 'xL3J'}
| | +-- , 30 , set() , {'yL14J', 'yL15J', 'yL12J', 'yL13J'}


Max number of edges with non zero Y: 6
Max number of iterations of outer rounding loop: 2
Max number of candidate sets: 2
Time spent rounding: 8.561
Time spent solving Separator LP: 0.136

LP Solver: GaifmanNormal