16, 2.991836512576988, 8.5, 12
+-- , 0 , {4} , {'41', '76', '10', '9', '16', '7', '22', '62', '19', '34', '58', '52', '18', '59', '35', '64', '51', '5', '15', '54', '12', '47', '74', '23', '48', '1', '50', '39', '8', '75', '30', '6'}
| +-- , 4 , {9} , {'13', '10', '76', '3', '62', '14', '19', '31', '18', '15', '54', '12', '48', '39', '75', '6', '26', '41', '9', '78', '16', '7', '22', '34', '29', '58', '52', '59', '64', '51', '5', '72', '20', '47', '74', '60', '73', '23', '1', '50', '8'}
| | +-- , 9 , {13, 39} , {'13', '41', '53', '10', '76', '9', '3', '0', '78', '16', '7', '22', '62', '14', '19', '34', '58', '31', '52', '18', '59', '64', '51', '5', '15', '72', '20', '12', '47', '74', '60', '73', '42', '23', '48', '1', '50', '39', '8', '75', '66', '69', '32', '6', '26'}
| | | +-- , 13 , {37, 15} , {'13', '10', '76', '3', '0', '62', '14', '19', '31', '18', '70', '15', '12', '48', '39', '75', '66', '69', '6', '26', '41', '9', '78', '16', '7', '22', '34', '58', '52', '59', '64', '51', '5', '72', '20', '47', '74', '60', '73', '23', '1', '50', '8', '32'}
| | | | +-- , 37 , set() , {'13', '76', '10', '19', '34', '20', '61', '50', '18', '22', '47', '32', '70', '14'}
| | | | +-- , 15 , {18} , {'13', '10', '76', '3', '0', '62', '14', '55', '31', '18', '70', '15', '12', '48', '39', '75', '66', '69', '6', '26', '41', '9', '78', '16', '7', '22', '34', '58', '52', '59', '64', '51', '5', '72', '20', '25', '47', '74', '60', '73', '23', '1', '50', '8', '36', '32'}
| | | | | +-- , 18 , {33, 35, 21, 31} , {'13', '41', '10', '76', '9', '3', '0', '78', '16', '21', '22', '62', '14', '34', '55', '58', '31', '52', '18', '59', '70', '64', '51', '27', '5', '15', '72', '20', '25', '12', '47', '74', '60', '73', '23', '48', '1', '50', '80', '39', '8', '75', '66', '69', '36', '32', '6'}
| | | | | | +-- , 33 , set() , {'9', '36', '78', '80', '75', '22', '59', '71', '14'}
| | | | | | +-- , 35 , set() , {'2', '15', '3', '21', '8', '69', '36', '51', '27'}
| | | | | | +-- , 21 , {23} , {'13', '10', '76', '3', '0', '21', '40', '44', '62', '14', '55', '31', '18', '70', '15', '12', '48', '75', '66', '6', '41', '9', '78', '16', '24', '34', '58', '38', '52', '59', '64', '51', '5', '72', '20', '25', '47', '74', '60', '73', '23', '1', '50', '80', '36', '32', '27'}
| | | | | | | +-- , 23 , {25} , {'13', '10', '76', '43', '3', '0', '21', '40', '44', '62', '14', '55', '31', '18', '70', '15', '4', '48', '75', '66', '6', '41', '9', '78', '16', '24', '34', '58', '38', '52', '59', '64', '51', '5', '72', '20', '25', '47', '74', '73', '23', '1', '50', '80', '36', '32', '27'}
| | | | | | | | +-- , 25 , {27} , {'13', '6', '10', '9', '43', '11', '3', '0', '16', '21', '40', '24', '45', '44', '62', '14', '34', '58', '55', '31', '38', '52', '18', '59', '70', '51', '64', '5', '15', '72', '20', '25', '4', '47', '73', '63', '48', '1', '50', '80', '75', '66', '32', '27'}
| | | | | | | | | +-- , 27 , {29} , {'13', '65', '11', '3', '16', '21', '40', '24', '45', '58', '55', '38', '18', '46', '59', '70', '27', '5', '72', '20', '4', '73', '67', '48', '1', '50', '17', '80', '75', '66', '32', '6'}
| | | | | | | | | | +-- , 29 , set() , {'72', '55', '4', '56', '46', '59', '67'}
| | | | | | +-- , 31 , set() , {'5', '33', '25', '39', '68', '69', '74', '70', '27'}
| | | +-- , 39 , set() , {'41', '57', '20', '0', '50', '37', '12', '59', '32', '62', '64', '73', '14', '26'}


Max number of edges with non zero Y: 26
Max number of iterations of outer rounding loop: 6
Max number of candidate sets: 2
Time spent rounding: 94.077
Time spent solving Separator LP: 32.574
Total time spent solving: 140.818

LP Solver: GaifmanBoosted
Lower Bound Witness = ({'13', '41', '6', '10', '2', '76', '65', '9', '43', '11', '3', '0', '78', '16', '21', '7', '40', '24', '45', '22', '44', '71', '62', '14', '34', '58', '55', '31', '38', '52', '18', '46', '59', '70', '51', '64', '5', '15', '72', '20', '25', '4', '68', '56', '12', '47', '74', '60', '73', '67', '63', '23', '48', '33', '1', '50', '17', '80', '8', '75', '39', '66', '69', '36', '32', '27', '26'}, {'13', '41', '10', '76', '9', '3', '0', '78', '16', '7', '22', '62', '14', '34', '58', '31', '52', '18', '59', '70', '51', '64', '5', '15', '72', '20', '12', '47', '74', '60', '73', '23', '48', '1', '50', '39', '8', '75', '66', '69', '32', '6', '26'})