13, 3.189802079413745, 9.714285714285714, 10
+-- , 0 , {34, 3} , {'10', '76', '21', '24', '22', '44', '19', '34', '55', '31', '46', '59', '64', '70', '5', '72', '20', '61', '25', '4', '56', '47', '74', '73', '67', '63', '48', '80', '39', '8', '75', '69', '30', '27'}
| +-- , 34 , set() , {'5', '33', '25', '39', '68', '69', '74', '70', '27'}
| +-- , 3 , {12} , {'13', '10', '76', '0', '21', '44', '62', '14', '19', '55', '31', '46', '70', '4', '48', '39', '75', '66', '69', '26', '53', '11', '78', '7', '24', '22', '34', '38', '52', '59', '64', '51', '5', '72', '20', '61', '25', '47', '74', '60', '73', '67', '63', '42', '23', '50', '1', '80', '8', '32', '30', '27'}
| | +-- , 12 , {16} , {'13', '65', '10', '76', '3', '0', '21', '44', '62', '14', '19', '55', '31', '18', '46', '70', '4', '48', '39', '75', '66', '69', '26', '11', '78', '16', '7', '24', '22', '34', '38', '52', '59', '64', '51', '5', '72', '20', '61', '25', '47', '74', '60', '73', '67', '63', '23', '1', '50', '80', '17', '8', '32', '30', '27'}
| | | +-- , 16 , {18} , {'13', '65', '10', '76', '3', '0', '21', '44', '62', '14', '19', '55', '31', '18', '46', '70', '4', '48', '39', '75', '66', '69', '6', '26', '11', '78', '16', '7', '24', '22', '34', '38', '52', '59', '64', '51', '5', '72', '20', '25', '47', '74', '60', '73', '67', '63', '23', '1', '50', '17', '80', '8', '32', '30', '27'}
| | | | +-- , 18 , {26, 20} , {'13', '65', '10', '76', '3', '0', '21', '40', '44', '62', '14', '19', '55', '31', '18', '46', '70', '15', '4', '48', '39', '75', '66', '69', '6', '26', '41', '11', '78', '16', '7', '22', '34', '38', '52', '59', '64', '51', '5', '72', '20', '25', '47', '74', '60', '73', '67', '63', '23', '1', '50', '80', '8', '32', '30', '27'}
| | | | | +-- , 26 , {32, 28, 30} , {'41', '6', '10', '76', '65', '9', '43', '11', '3', '78', '16', '21', '7', '40', '45', '22', '62', '14', '34', '55', '46', '59', '70', '51', '64', '5', '15', '20', '25', '4', '47', '74', '63', '1', '80', '39', '8', '75', '66', '69', '36', '30', '27', '26'}
| | | | | | +-- , 32 , set() , {'2', '15', '3', '21', '8', '69', '36', '51', '27'}
| | | | | | +-- , 28 , set() , {'34', '9', '16', '39', '74', '62', '35', '30', '51'}
| | | | | | +-- , 30 , set() , {'9', '36', '78', '80', '75', '22', '59', '71', '14'}
| | | | | +-- , 20 , {24, 22} , {'13', '41', '10', '3', '0', '16', '7', '40', '22', '44', '62', '14', '19', '58', '38', '31', '52', '18', '59', '70', '64', '15', '72', '20', '54', '12', '60', '73', '67', '23', '48', '1', '50', '66', '32', '6', '26'}
| | | | | | +-- , 24 , set() , {'41', '57', '20', '0', '50', '37', '12', '59', '32', '62', '64', '73', '14', '26'}
| | | | | | +-- , 22 , set() , {'15', '29', '72', '20', '3', '58', '31', '54', '73'}


Max number of edges with non zero Y: 29
Max number of iterations of outer rounding loop: 7
Max number of candidate sets: 2
Time spent rounding: 66.236
Time spent solving Separator LP: 21.924
Total time spent solving: 97.316

LP Solver: GaifmanBoosted
Lower Bound Witness = ({'13', '41', '6', '10', '2', '76', '57', '65', '9', '43', '11', '3', '0', '78', '16', '21', '7', '40', '45', '22', '44', '71', '62', '14', '19', '34', '29', '58', '55', '31', '38', '37', '18', '52', '46', '59', '35', '70', '51', '64', '5', '15', '72', '20', '25', '54', '4', '12', '47', '74', '60', '73', '67', '63', '23', '48', '1', '50', '80', '39', '8', '75', '66', '69', '36', '32', '30', '27', '26'}, {'13', '65', '6', '10', '76', '11', '3', '0', '78', '16', '21', '7', '22', '44', '62', '14', '19', '34', '55', '38', '31', '52', '18', '46', '59', '70', '51', '64', '5', '72', '20', '25', '4', '47', '74', '60', '73', '67', '63', '23', '48', '1', '50', '80', '39', '8', '75', '66', '69', '32', '30', '27', '26'})