19, 0, 10.0, 10
+-- , 0 , {4} , {'xL0J', 'xL2J', 'xL10J', 'xL16J', 'xL14J', 'xL25J', 'xL30J', 'xL36J', 'xL33J', 'xL4J', 'xL12J', 'xL13J', 'xL23J', 'xL19J'}
| +-- , 4 , {8, 40} , {'xL30J', 'xL36J', 'xL33J', 'xL6J', 'xL4J', 'xL12J', 'xL0J', 'xL2J', 'xL10J', 'xL16J', 'xL13J', 'xL14J', 'xL23J', 'xL19J', 'xL38J'}
| | +-- , 8 , {10, 38} , {'xL7J', 'xL29J', 'xL0J', 'xL2J', 'xL10J', 'xL16J', 'xL14J', 'xL30J', 'xL6J', 'xL33J', 'xL31J', 'xL4J', 'xL12J', 'xL20J', 'xL13J', 'xL23J', 'xL19J', 'xL38J', 'xL9J'}
| | | +-- , 10 , {36, 12} , {'xL10J', 'xL4J', 'xL11J', 'xL12J', 'xL13J', 'xL23J', 'xL8J', 'xL38J', 'xL7J', 'xL29J', 'xL0J', 'xL2J', 'xL14J', 'xL30J', 'xL6J', 'xL33J', 'xL20J', 'xL19J', 'xL31J', 'xL9J'}
| | | | +-- , 36 , set() , {'xL6J', 'xL5J', 'xL11J', 'xL10J', 'xL31J'}
| | | | +-- , 12 , {14} , {'xL7J', 'xL29J', 'xL2J', 'xL14J', 'xL30J', 'xL6J', 'xL33J', 'xL31J', 'xL4J', 'xL11J', 'xL12J', 'xL20J', 'xL13J', 'xL23J', 'xL8J', 'xL19J', 'xL21J', 'xL38J', 'xL9J'}
| | | | | +-- , 14 , {16} , {'xL7J', 'xL29J', 'xL2J', 'xL14J', 'xL30J', 'xL6J', 'xL33J', 'xL31J', 'xL4J', 'xL12J', 'xL20J', 'xL27J', 'xL13J', 'xL23J', 'xL8J', 'xL19J', 'xL21J', 'xL38J', 'xL9J'}
| | | | | | +-- , 16 , {18, 28} , {'xL7J', 'xL29J', 'xL17J', 'xL2J', 'xL14J', 'xL30J', 'xL6J', 'xL33J', 'xL31J', 'xL4J', 'xL12J', 'xL20J', 'xL27J', 'xL13J', 'xL23J', 'xL8J', 'xL19J', 'xL21J', 'xL38J'}
| | | | | | | +-- , 18 , {20} , {'xL29J', 'xL38J', 'xL17J', 'xL2J', 'xL14J', 'xL18J', 'xL30J', 'xL6J', 'xL12J', 'xL20J', 'xL27J', 'xL15J', 'xL19J', 'xL31J'}
| | | | | | | | +-- , 20 , {22} , {'xL18J', 'xL6J', 'xL12J', 'xL27J', 'xL17J', 'xL2J', 'xL24J', 'xL31J'}
| | | | | | | | | +-- , 22 , {24} , {'xL18J', 'xL6J', 'xL12J', 'xL17J', 'xL2J', 'xL3J', 'xL24J'}
| | | | | | | | | | +-- , 24 , {26} , {'xL37J', 'xL18J', 'xL6J', 'xL12J', 'xL2J', 'xL3J'}
| | | | | | | | | | | +-- , 26 , set() , {'xL3J', 'xL34J', 'xL37J', 'xL12J'}
| | | | | | | +-- , 28 , {30} , {'xL29J', 'xL17J', 'xL33J', 'xL4J', 'xL20J', 'xL27J', 'xL13J', 'xL22J', 'xL8J', 'xL19J', 'xL21J', 'xL31J'}
| | | | | | | | +-- , 30 , {32} , {'xL29J', 'xL17J', 'xL33J', 'xL4J', 'xL20J', 'xL27J', 'xL21J', 'xL22J', 'xL8J', 'xL19J', 'xL1J', 'xL31J'}
| | | | | | | | | +-- , 32 , {34} , {'xL29J', 'xL17J', 'xL28J', 'xL33J', 'xL4J', 'xL20J', 'xL27J', 'xL21J', 'xL8J', 'xL19J', 'xL1J'}
| | | | | | | | | | +-- , 34 , set() , {'xL1J', 'xL29J', 'xL26J', 'xL33J', 'xL4J', 'xL20J', 'xL17J', 'xL35J', 'xL8J', 'xL19J', 'xL28J', 'xL21J'}
| | | +-- , 38 , set() , {'xL20J', 'xL39J'}
| | +-- , 40 , set() , {'xL32J', 'xL6J'}


Max number of edges with non zero Y: 28
Max number of iterations of outer rounding loop: 11
Max number of candidate sets: 2
Time spent rounding: 34.069
Time spent solving Separator LP: 0.096

LP Solver: gammaPlusFractionalCoverHeuristic