13, 1.9718844984802433, 6.5, 7
+-- , 0 , {6, 26, 28} , {'xL13J', 'xL2J', 'xL12J', 'xL9J', 'xL16J', 'xL6J', 'xL7J', 'xL21J', 'xL1J', 'xL22J', 'xL14J', 'xL17J', 'xL0J'}
| +-- , 6 , {24, 8} , {'xL2J', 'xL12J', 'xL9J', 'xL18J', 'xL7J', 'xL21J', 'xL0J', 'xL13J', 'xL16J', 'xL1J', 'xL22J', 'xL14J'}
| | +-- , 24 , set() , {'xL13J', 'xL2J', 'xL18J', 'xL24J', 'xL1J'}
| | +-- , 8 , {10, 22} , {'xL2J', 'xL12J', 'xL9J', 'xL10J', 'xL16J', 'xL18J', 'xL7J', 'xL21J', 'xL1J', 'xL22J', 'xL14J', 'xL0J'}
| | | +-- , 10 , {20, 12} , {'xL12J', 'xL10J', 'xL18J', 'xL7J', 'xL21J', 'xL1J', 'xL22J', 'xL14J', 'xL4J', 'xL0J'}
| | | | +-- , 20 , set() , {'xL12J', 'xL18J', 'xL8J', 'xL21J', 'xL4J'}
| | | | +-- , 12 , {18, 14} , {'xL10J', 'xL20J', 'xL18J', 'xL7J', 'xL22J', 'xL4J', 'xL0J'}
| | | | | +-- , 18 , set() , {'xL20J', 'xL15J', 'xL18J'}
| | | | | +-- , 14 , {16} , {'xL20J', 'xL18J', 'xL7J', 'xL23J', 'xL0J'}
| | | | | | +-- , 16 , set() , {'xL20J', 'xL18J', 'xL19J', 'xL23J', 'xL0J'}
| | | +-- , 22 , set() , {'xL11J', 'xL10J', 'xL9J', 'xL18J', 'xL21J', 'xL1J', 'xL14J'}
| +-- , 26 , set() , {'xL5J', 'xL13J', 'xL1J', 'xL22J'}
| +-- , 28 , set() , {'xL17J', 'xL16J', 'xL3J'}


Max number of edges with non zero Y: 20
Max number of iterations of outer rounding loop: 5
Max number of candidate sets: 2
Time spent rounding: 20.847
Time spent solving Separator LP: 0.279

LP Solver: GaifmanBoosted