22, 1.3258426966292134, 6.5, 7
+-- , 0 , {33, 37, 7, 41, 11, 45, 15, 17, 21, 25, 29} , {'xL1J', 'xL9J', 'xL6J', 'yL6J', 'xL8J', 'yL21J', 'xL5J', 'xL4J', 'xL10J', 'yL7J', 'yL8J', 'xL0J', 'xL3J'}
| +-- , 33 , {35} , {'yL12J', 'xL4J'}
| | +-- , 35 , set() , {'yL12J', 'yL14J', 'yL13J'}
| +-- , 37 , {39} , {'yL27J', 'xL9J'}
| | +-- , 39 , set() , {'yL27J', 'yL29J', 'yL28J'}
| +-- , 7 , {9} , {'xL1J', 'xL9J', 'xL8J', 'yL21J', 'xL4J', 'xL6J', 'xL5J', 'xL10J', 'xL7J', 'yL6J', 'xL0J', 'xL3J'}
| | +-- , 9 , set() , {'xL1J', 'xL6J', 'xL9J', 'xL0J', 'xL8J', 'xL5J', 'xL4J', 'xL10J', 'xL7J', 'yL6J', 'xL2J', 'xL3J'}
| +-- , 41 , {43} , {'xL10J', 'yL30J'}
| | +-- , 43 , set() , {'yL32J', 'yL30J', 'yL31J'}
| +-- , 11 , {13} , {'yL18J', 'xL6J'}
| | +-- , 13 , set() , {'yL18J', 'yL20J', 'yL19J'}
| +-- , 45 , {47} , {'xL1J', 'yL3J'}
| | +-- , 47 , set() , {'yL4J', 'yL3J', 'yL5J'}
| +-- , 15 , set() , {'yL22J', 'yL23J', 'yL21J'}
| +-- , 17 , {19} , {'yL9J', 'xL3J'}
| | +-- , 19 , set() , {'yL11J', 'yL10J', 'yL9J'}
| +-- , 21 , {23} , {'xL5J', 'yL15J'}
| | +-- , 23 , set() , {'yL17J', 'yL15J', 'yL16J'}
| +-- , 25 , {27} , {'xL8J', 'yL24J'}
| | +-- , 27 , set() , {'yL26J', 'yL24J', 'yL25J'}
| +-- , 29 , {31} , {'xL0J', 'yL0J'}
| | +-- , 31 , set() , {'yL1J', 'yL0J', 'yL2J'}


Max number of edges with non zero Y: 8
Max number of iterations of outer rounding loop: 3
Max number of candidate sets: 2
Time spent rounding: 4.755
Time spent solving Separator LP: 0.151

LP Solver: GaifmanBoosted