23, 1.722221666666666, 6.0, 6
+-- , 0 , {3, 36, 40, 44, 46} , {'xL1J', 'yL15J', 'xL5J', 'xL8J', 'xL4J'}
| +-- , 3 , {6} , {'xL1J', 'yL0J', 'xL5J', 'xL8J', 'xL4J', 'yL2J', 'yL1J'}
| | +-- , 6 , {8} , {'xL1J', 'yL0J', 'xL5J', 'xL8J', 'xL4J', 'xL0J'}
| | | +-- , 8 , {34, 12, 20, 24, 28, 30} , {'xL1J', 'xL9J', 'xL6J', 'yL9J', 'xL8J', 'yL21J', 'xL5J', 'xL4J', 'xL10J', 'xL0J', 'xL3J'}
| | | | +-- , 34 , set() , {'yL22J', 'yL23J', 'yL21J'}
| | | | +-- , 12 , {14} , {'xL1J', 'xL9J', 'yL21J', 'xL8J', 'xL4J', 'xL6J', 'xL5J', 'xL10J', 'xL7J', 'xL0J', 'xL3J'}
| | | | | +-- , 14 , {16} , {'xL1J', 'xL6J', 'xL9J', 'xL0J', 'xL8J', 'xL5J', 'xL4J', 'xL10J', 'xL7J', 'xL2J', 'xL3J'}
| | | | | | +-- , 16 , {18} , {'yL6J', 'xL2J'}
| | | | | | | +-- , 18 , set() , {'yL7J', 'yL8J', 'yL6J'}
| | | | +-- , 20 , {22} , {'yL18J', 'xL6J'}
| | | | | +-- , 22 , set() , {'yL18J', 'yL20J', 'yL19J'}
| | | | +-- , 24 , {26} , {'yL27J', 'xL9J'}
| | | | | +-- , 26 , set() , {'yL27J', 'yL29J', 'yL28J'}
| | | | +-- , 28 , set() , {'yL11J', 'yL10J', 'yL9J'}
| | | | +-- , 30 , {32} , {'xL10J', 'yL30J'}
| | | | | +-- , 32 , set() , {'yL32J', 'yL30J', 'yL31J'}
| +-- , 36 , {38} , {'xL8J', 'yL24J'}
| | +-- , 38 , set() , {'yL26J', 'yL24J', 'yL25J'}
| +-- , 40 , {42} , {'yL12J', 'xL4J'}
| | +-- , 42 , set() , {'yL12J', 'yL14J', 'yL13J'}
| +-- , 44 , set() , {'yL17J', 'yL15J', 'yL16J'}
| +-- , 46 , {48} , {'xL1J', 'yL3J'}
| | +-- , 48 , set() , {'yL4J', 'yL3J', 'yL5J'}


Max number of edges with non zero Y: 9
Max number of iterations of outer rounding loop: 3
Max number of candidate sets: 2
Time spent rounding: 6.780
Time spent solving Separator LP: 0.193

LP Solver: GaifmanNormal