22, 6.0, 7.5, 8
+-- , 0 , {16, 49, 3, 47} , {'xL31J', 'xL1J', 'xL13J', 'xL8J', 'xL12J', 'xL24J', 'xL32J', 'xL18J', 'xL0J', 'xL10J', 'xL22J', 'xL21J', 'xL36J'}
| +-- , 16 , {18} , {'xL31J', 'xL1J', 'xL13J', 'xL8J', 'xL12J', 'xL32J', 'xL0J', 'xL18J', 'xL10J', 'xL22J', 'xL21J', 'xL26J', 'xL36J'}
| | +-- , 18 , {21} , {'xL31J', 'xL1J', 'xL13J', 'xL8J', 'xL12J', 'xL7J', 'xL28J', 'xL32J', 'xL0J', 'xL18J', 'xL10J', 'xL26J', 'xL36J'}
| | | +-- , 21 , {24, 45} , {'xL31J', 'xL1J', 'xL13J', 'xL8J', 'xL12J', 'xL7J', 'xL6J', 'xL35J', 'xL28J', 'xL32J', 'xL0J', 'xL18J', 'xL26J', 'xL36J'}
| | | | +-- , 24 , {43, 26} , {'xL31J', 'xL1J', 'xL2J', 'xL13J', 'xL8J', 'xL12J', 'xL0J', 'xL18J', 'xL7J', 'xL37J', 'xL6J', 'xL35J', 'xL26J', 'xL36J'}
| | | | | +-- , 43 , set() , {'xL2J', 'xL27J', 'xL18J', 'xL36J'}
| | | | | +-- , 26 , {39, 41, 29} , {'xL31J', 'xL1J', 'xL13J', 'xL8J', 'xL12J', 'xL7J', 'xL37J', 'xL30J', 'xL6J', 'xL35J', 'xL2J', 'xL15J', 'xL0J', 'xL18J', 'xL26J'}
| | | | | | +-- , 39 , set() , {'xL25J', 'xL12J', 'xL30J', 'xL18J'}
| | | | | | +-- , 41 , set() , {'xL20J', 'xL6J', 'xL30J', 'xL37J'}
| | | | | | +-- , 29 , {31} , {'xL31J', 'xL1J', 'xL13J', 'xL8J', 'xL17J', 'xL7J', 'xL30J', 'xL6J', 'xL35J', 'xL0J', 'xL18J', 'xL26J'}
| | | | | | | +-- , 31 , {33, 37} , {'xL31J', 'xL26J', 'xL13J', 'xL8J', 'xL17J', 'xL0J', 'xL18J', 'xL38J', 'xL7J', 'xL30J', 'xL6J', 'xL35J', 'xL29J'}
| | | | | | | | +-- , 33 , {35} , {'xL31J', 'xL13J', 'xL18J', 'xL17J', 'xL5J', 'xL38J', 'xL26J', 'xL29J'}
| | | | | | | | | +-- , 35 , set() , {'xL5J', 'xL17J', 'xL39J'}
| | | | | | | | +-- , 37 , set() , {'xL26J', 'xL33J', 'xL0J', 'xL35J', 'xL29J'}
| | | | +-- , 45 , set() , {'xL32J', 'xL18J', 'xL6J', 'xL9J', 'xL23J'}
| +-- , 49 , set() , {'xL31J', 'xL1J', 'xL32J', 'xL22J', 'xL19J'}
| +-- , 3 , {5, 9, 11} , {'xL31J', 'xL1J', 'xL13J', 'xL8J', 'xL32J', 'xL12J', 'xL10J', 'xL22J', 'xL3J', 'xL21J', 'xL24J'}
| | +-- , 5 , {7} , {'xL3J', 'xL8J', 'xL12J', 'xL11J'}
| | | +-- , 7 , set() , {'xL11J', 'xL3J', 'xL16J'}
| | +-- , 9 , set() , {'xL1J', 'xL3J', 'xL34J'}
| | +-- , 11 , set() , {'xL13J', 'xL14J', 'xL3J', 'xL21J', 'xL24J'}
| +-- , 47 , set() , {'xL31J', 'xL4J', 'xL36J', 'xL1J'}


Max number of edges with non zero Y: 6
Max number of iterations of outer rounding loop: 0
Max number of candidate sets: 0
Time spent rounding: 0.000
Time spent solving Separator LP: 27.079

LP Solver: GaifmanNormalILP