11, 1.9855545441830926, 4.5, 5
+-- , 0 , {27, 3} , {'58', '42', '4', '74', '26', '37', '83', '27', '72', '18', '60', '93', '7', '57', '38', '0', '39', '30', '24', '23', '78', '33', '1', '85', '70', '94', '29', '50', '36'}
| +-- , 27 , set() , {'39', '40', '50', '33', '54', '7', '36', '83', '94', '78', '27', '23', '38', '0', '18', '93'}
| +-- , 3 , {7, 25, 11} , {'87', '74', '26', '20', '18', '60', '80', '7', '0', '39', '5', '30', '23', '33', '16', '29', '91', '12', '22', '42', '4', '37', '83', '35', '27', '19', '72', '93', '75', '3', '34', '57', '38', '56', '24', '47', '77', '78', '70', '94', '59', '50', '62', '36'}
| | +-- , 7 , set() , {'69', '80', '82', '87', '33', '84', '55', '34', '56', '62', '35', '91', '90', '12', '77', '75'}
| | +-- , 25 , set() , {'42', '27', '4', '5', '31', '3', '47', '37', '16', '83', '20', '22', '59', '19', '62', '18', '60'}
| | +-- , 11 , {17, 19, 21, 23, 15} , {'50', '87', '74', '26', '83', '20', '35', '27', '67', '19', '72', '18', '93', '75', '21', '80', '3', '10', '7', '34', '57', '38', '0', '13', '39', '5', '56', '30', '24', '23', '47', '46', '77', '78', '9', '62', '14', '33', '36', '28', '16', '70', '59', '29', '91', '17', '94', '12', '22'}
| | | +-- , 17 , set() , {'21', '80', '38', '87', '2', '10', '71', '34', '28', '17', '91', '57', '12', '46', '13', '62'}
| | | +-- , 19 , set() , {'53', '19', '7', '56', '74', '30', '83', '20', '35', '27', '9', '52', '62', '63', '77', '22', '75'}
| | | +-- , 21 , set() , {'21', '61', '80', '33', '3', '10', '19', '49', '51', '70', '17', '67', '72', '47', '41', '36', '93'}
| | | +-- , 23 , set() , {'39', '14', '50', '21', '19', '46', '56', '26', '43', '20', '59', '78', '27', '9', '47', '0', '18', '91'}
| | | +-- , 15 , set() , {'14', '80', '5', '79', '11', '81', '19', '88', '28', '24', '16', '94', '64', '29', '67', '23', '46', '13'}


Max number of edges with non zero Y: 9
Max number of iterations of outer rounding loop: 8
Max number of candidate sets: 2
Time spent rounding: 18.698
Time spent solving Separator LP: 4.609
Total time spent solving: 26.737

LP Solver: GaifmanBoosted
Lower Bound Witness = ({'42', '50', '4', '87', '53', '12', '74', '26', '37', '83', '35', '20', '22', '67', '27', '72', '19', '63', '18', '75', '93', '60', '21', '80', '3', '10', '11', '7', '34', '71', '49', '64', '57', '41', '52', '38', '0', '13', '2', '39', '61', '5', '31', '56', '30', '24', '23', '47', '46', '77', '78', '28', '14', '79', '33', '81', '43', '51', '88', '70', '16', '59', '17', '91', '29', '9', '94', '62', '36'}, {'42', '50', '4', '87', '12', '74', '26', '37', '83', '35', '27', '19', '72', '18', '93', '75', '60', '80', '7', '34', '57', '38', '0', '39', '56', '30', '24', '23', '77', '78', '33', '70', '94', '29', '91', '62', '36'})