32, 1, 1, 1
+-- , 0 , {1, 2, 4, 6, 8, 10, 12, 14, 16, 18, 20, 22, 24, 26, 28, 30} , {'X0', 'X3', 'X2'}
| +-- , 1 , set() , {'X0', 'X5', 'X6'}
| +-- , 2 , {3} , {'X0', 'X3', 'X2'}
| | +-- , 3 , set() , {'X0', 'X8', 'X9'}
| +-- , 4 , {5} , {'X0', 'X3', 'X2'}
| | +-- , 5 , set() , {'X0', 'X11', 'X12'}
| +-- , 6 , {7} , {'X0', 'X3', 'X2'}
| | +-- , 7 , set() , {'X0', 'X14', 'X15'}
| +-- , 8 , {9} , {'X0', 'X3', 'X2'}
| | +-- , 9 , set() , {'X0', 'X17', 'X18'}
| +-- , 10 , {11} , {'X0', 'X3', 'X2'}
| | +-- , 11 , set() , {'X0', 'X21', 'X20'}
| +-- , 12 , {13} , {'X0', 'X3', 'X2'}
| | +-- , 13 , set() , {'X0', 'X23', 'X24'}
| +-- , 14 , {15} , {'X0', 'X3', 'X2'}
| | +-- , 15 , set() , {'X0', 'X26', 'X27'}
| +-- , 16 , {17} , {'X0', 'X3', 'X2'}
| | +-- , 17 , set() , {'X0', 'X29', 'X30'}
| +-- , 18 , {19} , {'X0', 'X3', 'X2'}
| | +-- , 19 , set() , {'X0', 'X33', 'X32'}
| +-- , 20 , {21} , {'X0', 'X3', 'X2'}
| | +-- , 21 , set() , {'X0', 'X35', 'X36'}
| +-- , 22 , {23} , {'X0', 'X3', 'X2'}
| | +-- , 23 , set() , {'X0', 'X38', 'X39'}
| +-- , 24 , {25} , {'X0', 'X3', 'X2'}
| | +-- , 25 , set() , {'X0', 'X42', 'X41'}
| +-- , 26 , {27} , {'X0', 'X3', 'X2'}
| | +-- , 27 , set() , {'X0', 'X44', 'X45'}
| +-- , 28 , {29} , {'X0', 'X3', 'X2'}
| | +-- , 29 , set() , {'X0', 'X47', 'X48'}
| +-- , 30 , {31} , {'X0', 'X3', 'X2'}
| | +-- , 31 , set() , {'X0', 'X51', 'X50'}


Max number of edges with non zero Y: 0
Max number of iterations of outer rounding loop: 0
Max number of candidate sets: 0
Time spent rounding: 0.000
Time spent solving Separator LP: 0.000
Total time spent solving: 0.003

LP Solver: gammaPlusFractionalCoverHeuristic
Number of Rounding Attemps: 2
Lower Bound Witness = None