18, 2.5885297796690314, 7.0, 7
+-- , 0 , {7, 38, 40, 42, 9} , {'xL14J', 'xL8J', 'xL33J', 'xL23J', 'xL39J', 'xL27J', 'xL17J', 'xL7J', 'xL13J', 'xL4J', 'xL24J', 'xL10J'}
| +-- , 7 , set() , {'xL39J', 'xL6J', 'xL27J', 'xL17J', 'xL26J', 'xL24J'}
| +-- , 38 , set() , {'xL13J', 'xL7J', 'xL22J'}
| +-- , 40 , set() , {'xL14J', 'xL33J', 'xL38J', 'xL28J', 'xL4J'}
| +-- , 42 , set() , {'xL5J', 'xL1J', 'xL11J', 'xL39J', 'xL17J', 'xL13J', 'xL4J', 'xL24J'}
| +-- , 9 , {12, 36} , {'xL14J', 'xL8J', 'xL33J', 'xL23J', 'xL39J', 'xL35J', 'xL27J', 'xL30J', 'xL17J', 'xL9J', 'xL7J', 'xL13J', 'xL4J', 'xL24J'}
| | +-- , 12 , {34, 15} , {'xL33J', 'xL23J', 'xL35J', 'xL27J', 'xL7J', 'xL20J', 'xL19J', 'xL24J', 'xL30J', 'xL9J', 'xL21J', 'xL4J'}
| | | +-- , 34 , set() , {'xL32J', 'xL19J', 'xL27J', 'xL21J'}
| | | +-- , 15 , {32, 18, 22, 30} , {'xL33J', 'xL23J', 'xL30J', 'xL35J', 'xL12J', 'xL15J', 'xL9J', 'xL7J', 'xL20J', 'xL21J', 'xL19J', 'xL4J', 'xL24J'}
| | | | +-- , 32 , set() , {'xL33J', 'xL16J', 'xL12J', 'xL9J', 'xL24J'}
| | | | +-- , 18 , {20} , {'xL23J', 'xL35J', 'xL12J', 'xL20J', 'xL31J', 'xL24J'}
| | | | | +-- , 20 , set() , {'xL12J', 'xL31J', 'xL20J', 'xL29J'}
| | | | +-- , 22 , {24} , {'xL30J', 'xL23J', 'xL12J', 'xL7J', 'xL21J', 'xL20J', 'xL0J', 'xL19J', 'xL2J', 'xL4J', 'xL18J', 'xL24J'}
| | | | | +-- , 24 , {26, 28} , {'xL30J', 'xL12J', 'xL7J', 'xL25J', 'xL21J', 'xL20J', 'xL18J'}
| | | | | | +-- , 26 , set() , {'xL36J', 'xL30J', 'xL18J', 'xL25J'}
| | | | | | +-- , 28 , set() , {'xL37J', 'xL12J', 'xL25J', 'xL21J'}
| | | | +-- , 30 , set() , {'xL19J', 'xL34J', 'xL12J', 'xL21J'}
| | +-- , 36 , set() , {'xL30J', 'xL8J', 'xL3J'}


Max number of edges with non zero Y: 25
Max number of iterations of outer rounding loop: 5
Max number of candidate sets: 2
Time spent rounding: 25.235
Time spent solving Separator LP: 0.412

LP Solver: GaifmanNormal