24, 2.492019721996364, 7.0, 7
+-- , 0 , {48, 50, 52, 55, 8} , {'xL35J', 'xL11J', 'xL29J', 'xL17J', 'xL3J', 'xL38J', 'xL1J', 'xL32J', 'xL19J', 'xL4J', 'xL23J', 'xL24J'}
| +-- , 48 , set() , {'xL11J', 'xL7J'}
| +-- , 50 , set() , {'xL19J', 'xL0J', 'xL17J', 'xL4J'}
| +-- , 52 , {54} , {'xL34J', 'xL24J'}
| | +-- , 54 , set() , {'xL30J', 'xL34J'}
| +-- , 55 , set() , {'xL18J', 'xL37J'}
| +-- , 8 , {42, 12} , {'xL35J', 'xL11J', 'xL3J', 'xL20J', 'xL29J', 'xL24J', 'xL26J', 'xL9J', 'xL17J', 'xL1J', 'xL32J', 'xL19J', 'xL4J', 'xL23J'}
| | +-- , 42 , {44} , {'xL35J', 'xL2J', 'xL1J', 'xL32J', 'xL4J', 'xL20J'}
| | | +-- , 44 , {46} , {'xL8J', 'xL2J', 'xL1J', 'xL32J', 'xL4J', 'xL20J'}
| | | | +-- , 46 , set() , {'xL8J', 'xL20J', 'xL1J', 'xL27J'}
| | +-- , 12 , {14} , {'xL35J', 'xL11J', 'xL20J', 'xL29J', 'xL26J', 'xL9J', 'xL17J', 'xL1J', 'xL32J', 'xL19J', 'xL4J', 'xL16J', 'xL23J'}
| | | +-- , 14 , {16, 36, 38} , {'xL11J', 'xL20J', 'xL29J', 'xL25J', 'xL26J', 'xL9J', 'xL17J', 'xL1J', 'xL32J', 'xL19J', 'xL4J', 'xL16J', 'xL23J'}
| | | | +-- , 16 , {18} , {'xL11J', 'xL29J', 'xL25J', 'xL26J', 'xL9J', 'xL17J', 'xL1J', 'xL32J', 'xL19J', 'xL4J', 'xL14J'}
| | | | | +-- , 18 , {34, 20} , {'xL25J', 'xL11J', 'xL26J', 'xL9J', 'xL17J', 'xL1J', 'xL32J', 'xL19J', 'xL22J', 'xL14J', 'xL29J'}
| | | | | | +-- , 34 , set() , {'xL22J', 'xL10J', 'xL1J', 'xL29J'}
| | | | | | +-- , 20 , {32, 24, 28, 30} , {'xL25J', 'xL11J', 'xL26J', 'xL39J', 'xL9J', 'xL17J', 'xL32J', 'xL22J', 'xL31J'}
| | | | | | | +-- , 32 , set() , {'xL31J', 'xL15J'}
| | | | | | | +-- , 24 , {26} , {'xL25J', 'xL39J', 'xL9J', 'xL32J', 'xL22J', 'xL12J', 'xL33J', 'xL31J'}
| | | | | | | | +-- , 26 , set() , {'xL39J', 'xL22J', 'xL13J', 'xL12J', 'xL31J'}
| | | | | | | +-- , 28 , set() , {'xL11J', 'xL39J', 'xL17J', 'xL32J', 'xL28J'}
| | | | | | | +-- , 30 , set() , {'xL5J', 'xL39J'}
| | | | +-- , 36 , set() , {'xL25J', 'xL11J', 'xL9J', 'xL21J', 'xL29J'}
| | | | +-- , 38 , {40} , {'xL25J', 'xL16J', 'xL20J', 'xL36J', 'xL32J'}
| | | | | +-- , 40 , set() , {'xL25J', 'xL36J', 'xL6J'}


Max number of edges with non zero Y: 22
Max number of iterations of outer rounding loop: 4
Max number of candidate sets: 2
Time spent rounding: 28.739
Time spent solving Separator LP: 0.610

LP Solver: GaifmanBoosted