56, 3.4365986035690494, 9.0, 9
+-- , 0 , {3, 69, 71, 73, 75, 77, 79, 89, 91, 101, 105, 107, 109, 111, 59} , {'zL50J', 'xL3J', 'xL5J', 'xL2J', 'zL79J', 'zL49J', 'xL7J', 'xL8J', 'zL19J', 'xL6J', 'xL1J', 'zL77J', 'xL0J', 'xL9J'}
| +-- , 3 , {57, 5} , {'xL3J', 'xL5J', 'xL2J', 'zL79J', 'zL62J', 'zL49J', 'zL63J', 'xL7J', 'zL19J', 'xL8J', 'xL6J', 'zL18J', 'xL1J', 'zL78J', 'yL17J', 'zL77J', 'zL68J', 'xL0J', 'xL9J'}
| | +-- , 57 , set() , {'w18', 'xL2J', 'zL63J'}
| | +-- , 5 , {7} , {'xL3J', 'xL5J', 'xL2J', 'zL62J', 'zL61J', 'zL49J', 'zL60J', 'xL7J', 'xL8J', 'xL6J', 'zL18J', 'xL1J', 'zL78J', 'zL77J', 'zL68J', 'xL0J', 'xL9J'}
| | | +-- , 7 , {9, 55} , {'xL3J', 'xL5J', 'xL2J', 'zL49J', 'zL60J', 'xL7J', 'xL8J', 'xL6J', 'zL18J', 'xL1J', 'zL78J', 'zL77J', 'zL68J', 'xL0J', 'zL57J', 'zL58J', 'xL9J'}
| | | | +-- , 9 , {51, 53, 11} , {'xL3J', 'xL5J', 'xL2J', 'zL49J', 'zL60J', 'xL7J', 'zL43J', 'xL8J', 'xL6J', 'zL18J', 'zL54J', 'xL1J', 'zL78J', 'zL77J', 'zL68J', 'zL42J', 'xL0J', 'zL55J', 'zL57J', 'xL9J'}
| | | | | +-- , 51 , set() , {'w13', 'xL2J', 'zL43J'}
| | | | | +-- , 53 , set() , {'w16', 'xL7J', 'zL55J'}
| | | | | +-- , 11 , {13} , {'xL3J', 'xL5J', 'xL2J', 'zL49J', 'zL60J', 'xL8J', 'xL6J', 'zL18J', 'zL54J', 'xL1J', 'zL78J', 'zL77J', 'zL68J', 'zL42J', 'zL41J', 'xL0J', 'zL57J', 'xL9J'}
| | | | | | +-- , 13 , {33, 37, 43, 45, 15, 47, 19, 25, 29, 31} , {'xL3J', 'xL5J', 'xL2J', 'zL49J', 'zL60J', 'zL73J', 'zL17J', 'xL8J', 'xL6J', 'zL74J', 'zL18J', 'zL54J', 'xL1J', 'zL78J', 'zL69J', 'zL77J', 'zL68J', 'xL4J', 'zL41J', 'xL0J', 'zL57J', 'xL9J'}
| | | | | | | +-- , 33 , {35} , {'zL41J', 'zL40J', 'xL6J', 'xL4J'}
| | | | | | | | +-- , 35 , set() , {'zL40J', 'xL6J', 'yL10J'}
| | | | | | | +-- , 37 , {39} , {'zL69J', 'zL70J', 'xL6J', 'xL1J', 'xL4J'}
| | | | | | | | +-- , 39 , {41} , {'zL71J', 'zL70J', 'xL1J', 'xL4J'}
| | | | | | | | | +-- , 41 , set() , {'zL71J', 'w20', 'xL1J'}
| | | | | | | +-- , 43 , set() , {'zL60J', 'yL15J', 'xL4J'}
| | | | | | | +-- , 45 , set() , {'zL72J', 'xL3J', 'yL18J', 'zL73J', 'xL6J'}
| | | | | | | +-- , 15 , {17} , {'zL75J', 'zL74J', 'xL9J', 'xL4J'}
| | | | | | | | +-- , 17 , set() , {'w21', 'xL4J', 'zL75J'}
| | | | | | | +-- , 47 , {49} , {'zL16J', 'xL3J', 'zL17J', 'xL4J'}
| | | | | | | | +-- , 49 , set() , {'zL16J', 'yL4J', 'xL4J'}
| | | | | | | +-- , 19 , {21} , {'zL53J', 'xL6J', 'xL9J', 'zL54J', 'xL4J'}
| | | | | | | | +-- , 21 , {23} , {'zL53J', 'zL52J', 'xL6J', 'xL4J'}
| | | | | | | | | +-- , 23 , set() , {'zL52J', 'xL6J', 'yL13J'}
| | | | | | | +-- , 25 , {27} , {'xL5J', 'zL57J', 'zL56J', 'xL4J'}
| | | | | | | | +-- , 27 , set() , {'zL56J', 'xL5J', 'yL14J'}
| | | | | | | +-- , 29 , set() , {'zL44J', 'zL46J', 'w14', 'zL47J', 'xL4J', 'yL11J', 'xL0J', 'xL8J', 'xL6J', 'xL9J', 'zL45J'}
| | | | | | | +-- , 31 , set() , {'zL49J', 'xL4J', 'zL48J', 'yL12J', 'xL9J'}
| | | | +-- , 55 , set() , {'xL3J', 'xL2J', 'w17', 'zL59J', 'zL58J'}
| +-- , 69 , set() , {'xL2J', 'yL7J', 'zL31J', 'zL29J', 'xL0J', 'xL7J', 'xL8J', 'xL6J', 'w10', 'zL28J', 'zL30J'}
| +-- , 71 , set() , {'xL2J', 'zL39J', 'zL38J', 'xL9J', 'zL37J', 'xL0J', 'w12', 'yL9J', 'xL8J', 'xL6J', 'zL36J'}
| +-- , 73 , set() , {'xL3J', 'xL2J', 'yL2J', 'zL9J', 'zL10J', 'zL11J', 'zL8J', 'xL7J', 'xL6J', 'w5', 'xL9J'}
| +-- , 75 , set() , {'yL1J', 'xL2J', 'zL6J', 'w4', 'zL5J', 'xL0J', 'xL7J', 'zL4J', 'zL7J', 'xL9J', 'xL1J'}
| +-- , 77 , set() , {'xL3J', 'xL5J', 'w9', 'zL27J', 'yL6J', 'zL25J', 'xL0J', 'xL7J', 'zL26J', 'xL6J', 'zL24J'}
| +-- , 79 , {81, 87} , {'xL3J', 'xL5J', 'zL33J', 'zL32J', 'xL7J', 'xL6J', 'xL1J'}
| | +-- , 81 , {83} , {'zL34J', 'zL33J', 'xL3J', 'xL5J', 'xL6J'}
| | | +-- , 83 , {85} , {'zL34J', 'xL5J', 'xL6J', 'zL35J'}
| | | | +-- , 85 , set() , {'xL6J', 'zL35J', 'w11'}
| | +-- , 87 , set() , {'yL8J', 'zL32J', 'xL1J'}
| +-- , 89 , set() , {'zL50J', 'xL5J', 'zL51J', 'xL6J', 'w15'}
| +-- , 91 , {99, 93} , {'xL2J', 'zL23J', 'xL1J', 'xL0J', 'xL7J', 'xL9J', 'zL22J'}
| | +-- , 99 , set() , {'w8', 'xL9J', 'zL23J'}
| | +-- , 93 , {95} , {'xL0J', 'xL7J', 'zL22J', 'zL21J', 'xL1J'}
| | | +-- , 95 , {97} , {'xL0J', 'zL20J', 'zL21J', 'xL1J'}
| | | | +-- , 97 , set() , {'yL5J', 'xL0J', 'zL20J'}
| +-- , 101 , {103} , {'xL0J', 'zL77J', 'xL9J', 'zL76J'}
| | +-- , 103 , set() , {'yL19J', 'xL0J', 'zL76J'}
| +-- , 105 , set() , {'zL65J', 'zL67J', 'zL64J', 'xL5J', 'zL66J', 'yL16J', 'xL0J', 'xL7J', 'w19', 'xL8J', 'xL6J'}
| +-- , 107 , set() , {'xL2J', 'zL12J', 'zL14J', 'zL15J', 'yL3J', 'xL0J', 'xL7J', 'zL13J', 'xL8J', 'xL6J', 'w6'}
| +-- , 109 , set() , {'w22', 'xL2J', 'zL79J'}
| +-- , 111 , set() , {'zL19J', 'w7', 'xL1J'}
| +-- , 59 , {65, 61} , {'xL3J', 'xL5J', 'zL1J', 'xL0J', 'xL8J', 'zL2J', 'xL9J'}
| | +-- , 65 , {67} , {'xL3J', 'zL3J', 'xL8J', 'zL2J'}
| | | +-- , 67 , set() , {'xL8J', 'w3', 'zL3J'}
| | +-- , 61 , {63} , {'zL1J', 'xL0J', 'xL5J', 'zL0J'}
| | | +-- , 63 , set() , {'yL0J', 'zL0J', 'xL5J'}


Max number of edges with non zero Y: 33
Max number of iterations of outer rounding loop: 3
Max number of candidate sets: 2
Time spent rounding: 8.791
Time spent solving Separator LP: 10.955
Total time spent solving: 26.620

LP Solver: GaifmanBoosted
Lower Bound Witness = ({'zL27J', 'zL23J', 'zL60J', 'yL0J', 'zL17J', 'zL18J', 'zL54J', 'yL14J', 'zL45J', 'zL22J', 'yL17J', 'zL46J', 'zL68J', 'zL33J', 'zL41J', 'w5', 'zL28J', 'zL24J', 'w7', 'yL18J', 'zL53J', 'zL71J', 'zL2J', 'zL0J', 'zL5J', 'w16', 'zL37J', 'zL74J', 'zL26J', 'zL58J', 'zL42J', 'xL9J', 'w6', 'zL50J', 'xL5J', 'zL6J', 'zL61J', 'zL10J', 'zL1J', 'zL13J', 'zL40J', 'zL19J', 'yL12J', 'yL2J', 'w8', 'w20', 'w12', 'yL13J', 'w10', 'zL67J', 'xL2J', 'w9', 'zL79J', 'yL9J', 'zL52J', 'zL78J', 'zL77J', 'zL47J', 'zL75J', 'xL4J', 'zL34J', 'zL14J', 'yL3J', 'zL3J', 'w19', 'zL55J', 'w14', 'xL3J', 'zL44J', 'zL59J', 'zL21J', 'w3', 'zL12J', 'zL29J', 'w13', 'yL5J', 'yL19J', 'xL1J', 'zL51J', 'w17', 'zL38J', 'xL0J', 'zL57J', 'zL11J', 'yL1J', 'zL72J', 'yL8J', 'w18', 'zL49J', 'zL32J', 'zL43J', 'xL6J', 'w11', 'w22', 'zL66J', 'yL11J', 'zL15J', 'w21', 'zL36J', 'yL7J', 'zL73J', 'zL25J', 'zL20J', 'zL7J', 'xL8J', 'zL30J', 'zL56J', 'zL65J', 'zL69J', 'w4', 'yL6J', 'zL8J', 'zL16J', 'zL62J', 'zL70J', 'yL4J', 'zL35J', 'zL63J', 'yL15J', 'xL7J', 'zL39J', 'yL10J', 'zL64J', 'zL9J', 'yL16J', 'zL31J', 'zL48J', 'zL4J', 'w15', 'zL76J'}, {'zL21J', 'w3', 'zL12J', 'zL73J', 'xL8J', 'zL30J', 'xL1J', 'zL69J', 'w8', 'zL68J', 'zL33J', 'yL6J', 'w12', 'zL11J', 'w5', 'zL28J', 'w7', 'zL49J', 'yL15J', 'zL53J', 'zL32J', 'zL2J', 'zL74J', 'yL10J', 'w22', 'zL9J', 'yL16J', 'yL11J', 'zL15J', 'zL37J', 'w21', 'w15', 'zL76J'})