11, 1.6131907308377895, 4.5, 5
+-- , 0 , {5} , {'xL0J', 'xL14J', 'xL4J', 'xL7J', 'xL10J', 'xL13J', 'xL15J', 'xL11J'}
| +-- , 5 , {18, 7, 25} , {'xL14J', 'xL16J', 'xL4J', 'xL7J', 'xL10J', 'xL13J', 'xL15J', 'xL11J'}
| | +-- , 18 , {21, 23} , {'xL2J', 'xL14J', 'xL16J', 'xL4J', 'xL12J', 'xL13J', 'xL11J'}
| | | +-- , 21 , set() , {'xL9J', 'xL2J'}
| | | +-- , 23 , set() , {'xL19J', 'xL2J', 'xL14J', 'xL16J', 'xL12J'}
| | +-- , 7 , {16, 10, 14} , {'xL14J', 'xL16J', 'xL4J', 'xL7J', 'xL6J', 'xL10J', 'xL5J', 'xL15J', 'xL11J'}
| | | +-- , 16 , set() , {'xL16J', 'xL4J', 'xL10J', 'xL17J', 'xL5J'}
| | | +-- , 10 , {12} , {'xL14J', 'xL16J', 'xL7J', 'xL6J', 'xL10J', 'xL5J', 'xL3J'}
| | | | +-- , 12 , set() , {'xL16J', 'xL7J', 'xL6J', 'xL10J', 'xL18J', 'xL5J', 'xL3J'}
| | | +-- , 14 , set() , {'xL1J', 'xL4J', 'xL11J', 'xL15J', 'xL5J'}
| | +-- , 25 , set() , {'xL16J', 'xL8J'}


Max number of edges with non zero Y: 16
Max number of iterations of outer rounding loop: 6
Max number of candidate sets: 2
Time spent rounding: 9.685
Time spent solving Separator LP: 0.220
Total time spent solving: 11.516

LP Solver: GaifmanBoosted
Lower Bound Witness = ({'xL6J', 'xL1J', 'xL9J', 'xL16J', 'xL5J', 'xL0J', 'xL8J', 'xL2J', 'xL14J', 'xL4J', 'xL13J', 'xL17J', 'xL18J', 'xL11J', 'xL3J', 'xL19J', 'xL7J', 'xL12J', 'xL10J', 'xL15J'}, {'xL0J', 'xL14J', 'xL4J', 'xL10J', 'xL13J', 'xL15J', 'xL11J'})