73, 3.2968860813058405, 9.0, 9
+-- , 0 , {130, 3, 132, 140, 142, 144, 116, 120} , {'xL8J', 'xL7J', 'xL9J', 'xL2J', 'xL0J', 'zL21J', 'zL78J', 'zL79J', 'xL5J', 'xL1J', 'zL57J', 'w7', 'zL19J', 'zL16J', 'zL35J', 'zL76J'}
| +-- , 130 , set() , {'xL8J', 'zL13J', 'xL7J', 'yL3J', 'w6', 'xL1J', 'xL9J', 'zL14J', 'xL0J', 'zL15J', 'zL12J'}
| +-- , 3 , {5} , {'zL22J', 'xL8J', 'xL7J', 'xL9J', 'xL2J', 'xL0J', 'zL21J', 'zL78J', 'xL5J', 'zL79J', 'xL1J', 'zL57J', 'zL19J', 'zL16J', 'zL35J', 'zL76J'}
| | +-- , 5 , {114, 7} , {'zL22J', 'xL8J', 'xL7J', 'xL9J', 'xL2J', 'xL0J', 'zL18J', 'zL78J', 'zL79J', 'xL5J', 'xL1J', 'zL57J', 'zL19J', 'zL16J', 'zL35J', 'zL76J'}
| | | +-- , 114 , set() , {'xL8J', 'zL17J', 'zL18J', 'xL5J', 'zL16J'}
| | | +-- , 7 , {96, 100, 102, 10, 14, 112, 94} , {'zL22J', 'xL8J', 'xL4J', 'xL7J', 'xL9J', 'xL2J', 'xL0J', 'zL18J', 'zL78J', 'xL5J', 'zL50J', 'xL1J', 'zL79J', 'zL57J', 'zL49J', 'zL19J', 'zL35J', 'zL76J'}
| | | | +-- , 96 , {98} , {'zL57J', 'xL4J', 'zL56J', 'xL1J'}
| | | | | +-- , 98 , set() , {'yL14J', 'xL4J', 'zL56J'}
| | | | +-- , 100 , set() , {'w22', 'xL4J', 'zL79J'}
| | | | +-- , 102 , {104} , {'xL4J', 'xL7J', 'yL17J', 'xL1J', 'zL68J', 'xL9J', 'xL0J'}
| | | | | +-- , 104 , {106} , {'xL4J', 'xL7J', 'xL1J', 'zL68J', 'xL9J', 'zL69J'}
| | | | | | +-- , 106 , {108} , {'zL70J', 'xL4J', 'xL7J', 'xL9J', 'zL69J'}
| | | | | | | +-- , 108 , {110} , {'zL70J', 'xL4J', 'zL71J', 'xL7J'}
| | | | | | | | +-- , 110 , set() , {'w20', 'zL71J', 'xL7J'}
| | | | +-- , 10 , {12} , {'xL4J', 'zL51J', 'zL50J', 'xL1J'}
| | | | | +-- , 12 , set() , {'w15', 'zL51J', 'xL1J'}
| | | | +-- , 14 , {16} , {'w3', 'xL8J', 'xL4J', 'xL7J', 'w5', 'xL9J', 'zL11J', 'xL2J', 'xL0J', 'zL3J', 'zL78J', 'xL5J', 'xL1J', 'zL49J', 'zL35J', 'zL76J'}
| | | | | +-- , 16 , {18} , {'xL8J', 'xL4J', 'xL7J', 'xL9J', 'zL11J', 'xL2J', 'xL0J', 'zL3J', 'w13', 'zL43J', 'zL78J', 'xL5J', 'xL1J', 'zL49J', 'zL35J', 'zL76J'}
| | | | | | +-- , 18 , {20} , {'xL8J', 'xL4J', 'xL7J', 'yL12J', 'xL9J', 'zL11J', 'xL2J', 'xL0J', 'zL3J', 'zL43J', 'zL48J', 'zL78J', 'xL5J', 'xL1J', 'zL49J', 'zL35J', 'zL76J'}
| | | | | | | +-- , 20 , {86, 24, 90, 88, 76} , {'xL8J', 'xL4J', 'xL7J', 'zL29J', 'xL9J', 'xL2J', 'zL11J', 'zL2J', 'xL6J', 'xL0J', 'zL3J', 'zL43J', 'zL48J', 'zL78J', 'xL5J', 'xL1J', 'zL49J', 'zL35J', 'zL76J'}
| | | | | | | | +-- , 86 , set() , {'zL77J', 'zL78J', 'xL9J', 'xL6J', 'zL76J'}
| | | | | | | | +-- , 24 , {26, 72, 74} , {'xL8J', 'xL4J', 'xL7J', 'zL29J', 'xL9J', 'zL11J', 'xL2J', 'xL6J', 'xL0J', 'zL43J', 'xL5J', 'xL1J', 'zL24J', 'zL4J', 'zL25J', 'zL35J', 'zL5J'}
| | | | | | | | | +-- , 26 , {28} , {'xL8J', 'xL4J', 'xL7J', 'zL29J', 'xL9J', 'zL11J', 'xL2J', 'xL6J', 'xL0J', 'yL2J', 'zL8J', 'zL43J', 'xL5J', 'xL1J', 'zL25J', 'zL35J', 'zL5J'}
| | | | | | | | | | +-- , 28 , {30} , {'xL8J', 'xL4J', 'xL7J', 'zL29J', 'xL9J', 'zL11J', 'xL2J', 'xL6J', 'xL0J', 'zL8J', 'zL9J', 'zL43J', 'xL5J', 'xL1J', 'zL25J', 'zL35J', 'zL5J'}
| | | | | | | | | | | +-- , 30 , {32, 70} , {'xL8J', 'xL4J', 'xL7J', 'zL29J', 'zL60J', 'zL61J', 'xL9J', 'xL2J', 'zL11J', 'xL6J', 'zL6J', 'xL0J', 'zL43J', 'zL9J', 'xL5J', 'xL1J', 'zL25J', 'zL35J', 'zL5J'}
| | | | | | | | | | | | +-- , 32 , {34, 36} , {'xL8J', 'xL4J', 'xL7J', 'zL29J', 'zL61J', 'xL9J', 'xL2J', 'zL11J', 'xL6J', 'zL6J', 'xL0J', 'zL27J', 'zL26J', 'zL43J', 'zL9J', 'xL5J', 'xL1J', 'zL25J', 'zL42J', 'zL35J'}
| | | | | | | | | | | | | +-- , 34 , set() , {'zL27J', 'w9', 'xL1J'}
| | | | | | | | | | | | | +-- , 36 , {66, 38, 44, 46, 48, 50, 54, 56} , {'xL4J', 'xL7J', 'zL29J', 'xL3J', 'zL61J', 'xL9J', 'xL2J', 'zL11J', 'xL6J', 'zL6J', 'xL0J', 'zL26J', 'zL9J', 'xL5J', 'xL1J', 'zL25J', 'zL42J', 'zL41J', 'zL35J'}
| | | | | | | | | | | | | | +-- , 66 , {68} , {'xL7J', 'zL7J', 'zL6J', 'xL3J'}
| | | | | | | | | | | | | | | +-- , 68 , set() , {'w4', 'zL7J', 'xL7J'}
| | | | | | | | | | | | | | +-- , 38 , {40} , {'zL29J', 'xL2J', 'xL5J', 'xL3J', 'zL30J'}
| | | | | | | | | | | | | | | +-- , 40 , {42} , {'zL31J', 'xL2J', 'xL5J', 'zL30J'}
| | | | | | | | | | | | | | | | +-- , 42 , set() , {'w10', 'zL31J', 'xL5J'}
| | | | | | | | | | | | | | +-- , 44 , set() , {'xL4J', 'w14', 'xL7J', 'zL45J', 'zL44J', 'yL11J', 'xL3J', 'xL1J', 'zL46J', 'xL6J', 'zL47J'}
| | | | | | | | | | | | | | +-- , 46 , set() , {'w18', 'xL3J', 'xL1J', 'zL61J', 'zL63J', 'xL2J', 'zL62J'}
| | | | | | | | | | | | | | +-- , 48 , set() , {'w11', 'zL35J', 'xL3J'}
| | | | | | | | | | | | | | +-- , 50 , {52} , {'xL4J', 'zL40J', 'zL41J', 'xL0J'}
| | | | | | | | | | | | | | | +-- , 52 , set() , {'xL4J', 'yL10J', 'zL40J'}
| | | | | | | | | | | | | | +-- , 54 , set() , {'zL10J', 'zL9J', 'xL3J', 'xL9J', 'zL11J'}
| | | | | | | | | | | | | | +-- , 56 , {64, 58} , {'xL4J', 'xL5J', 'xL3J', 'zL55J', 'xL9J', 'xL2J', 'zL54J'}
| | | | | | | | | | | | | | | +-- , 64 , set() , {'w16', 'zL55J', 'xL5J'}
| | | | | | | | | | | | | | | +-- , 58 , {60} , {'xL4J', 'zL53J', 'xL9J', 'zL54J', 'xL3J'}
| | | | | | | | | | | | | | | | +-- , 60 , {62} , {'xL4J', 'zL53J', 'xL9J', 'zL52J'}
| | | | | | | | | | | | | | | | | +-- , 62 , set() , {'xL4J', 'zL52J', 'yL13J'}
| | | | | | | | | | | | +-- , 70 , set() , {'zL60J', 'xL6J', 'yL15J'}
| | | | | | | | | +-- , 72 , set() , {'yL6J', 'xL9J', 'zL24J'}
| | | | | | | | | +-- , 74 , set() , {'yL1J', 'zL4J', 'xL5J'}
| | | | | | | | +-- , 90 , {92} , {'xL7J', 'zL28J', 'xL9J', 'zL29J'}
| | | | | | | | | +-- , 92 , set() , {'yL7J', 'xL7J', 'zL28J'}
| | | | | | | | +-- , 88 , set() , {'yL0J', 'xL4J', 'xL1J', 'zL1J', 'xL2J', 'zL2J', 'zL0J'}
| | | | | | | | +-- , 76 , {78} , {'yL9J', 'xL8J', 'zL36J', 'xL5J', 'xL1J', 'xL2J', 'xL6J'}
| | | | | | | | | +-- , 78 , {80} , {'zL36J', 'xL5J', 'zL37J', 'xL1J', 'xL2J', 'xL6J'}
| | | | | | | | | | +-- , 80 , {82} , {'zL38J', 'zL37J', 'xL6J', 'xL5J', 'xL1J'}
| | | | | | | | | | | +-- , 82 , {84} , {'zL38J', 'zL39J', 'xL6J', 'xL1J'}
| | | | | | | | | | | | +-- , 84 , set() , {'zL39J', 'w12', 'xL1J'}
| | | | +-- , 112 , set() , {'zL22J', 'xL4J', 'zL23J', 'w8', 'xL9J'}
| | | | +-- , 94 , set() , {'xL8J', 'xL4J', 'zL66J', 'w19', 'xL7J', 'xL5J', 'xL1J', 'yL16J', 'zL67J', 'zL65J', 'zL64J'}
| +-- , 132 , {134} , {'xL7J', 'zL34J', 'xL9J', 'xL2J', 'zL35J', 'xL0J'}
| | +-- , 134 , {136} , {'xL7J', 'xL9J', 'zL34J', 'xL0J', 'zL33J'}
| | | +-- , 136 , {138} , {'xL7J', 'xL9J', 'zL32J', 'zL33J'}
| | | | +-- , 138 , set() , {'yL8J', 'zL32J', 'xL9J'}
| +-- , 140 , set() , {'zL16J', 'yL4J', 'xL7J'}
| +-- , 142 , set() , {'zL76J', 'yL19J', 'xL1J'}
| +-- , 144 , {146} , {'zL57J', 'xL8J', 'xL0J', 'zL58J', 'xL5J'}
| | +-- , 146 , {148} , {'xL0J', 'zL59J', 'zL58J', 'xL5J'}
| | | +-- , 148 , set() , {'w17', 'zL59J', 'xL5J'}
| +-- , 116 , {118} , {'zL21J', 'xL7J', 'zL20J', 'xL1J'}
| | +-- , 118 , set() , {'yL5J', 'zL20J', 'xL1J'}
| +-- , 120 , {122} , {'xL8J', 'xL7J', 'xL5J', 'xL1J', 'w21', 'zL75J', 'xL2J'}
| | +-- , 122 , {124} , {'zL74J', 'xL8J', 'xL7J', 'xL5J', 'zL75J', 'xL2J'}
| | | +-- , 124 , {126} , {'zL74J', 'zL73J', 'xL7J', 'xL2J', 'xL5J'}
| | | | +-- , 126 , {128} , {'zL73J', 'xL7J', 'zL72J', 'xL5J'}
| | | | | +-- , 128 , set() , {'yL18J', 'zL72J', 'xL7J'}


Max number of edges with non zero Y: 33
Max number of iterations of outer rounding loop: 5
Max number of candidate sets: 2
Time spent rounding: 108.240
Time spent solving Separator LP: 22.001
Total time spent solving: 150.967

LP Solver: GaifmanBoosted
Lower Bound Witness = ({'zL39J', 'w14', 'yL15J', 'zL29J', 'zL23J', 'zL60J', 'xL0J', 'zL47J', 'w9', 'zL79J', 'zL4J', 'zL1J', 'zL69J', 'zL22J', 'zL74J', 'zL17J', 'xL7J', 'w18', 'w8', 'w22', 'zL55J', 'zL32J', 'zL26J', 'yL10J', 'zL63J', 'zL56J', 'yL8J', 'zL0J', 'zL62J', 'w4', 'yL11J', 'w6', 'zL38J', 'w20', 'yL4J', 'zL58J', 'zL3J', 'yL0J', 'zL66J', 'yL3J', 'xL1J', 'zL37J', 'zL34J', 'zL16J', 'zL52J', 'xL8J', 'xL4J', 'yL1J', 'yL12J', 'zL7J', 'zL30J', 'zL61J', 'zL75J', 'w16', 'xL6J', 'zL15J', 'zL12J', 'zL21J', 'zL45J', 'zL44J', 'zL50J', 'zL33J', 'w21', 'zL49J', 'zL42J', 'zL41J', 'zL76J', 'w10', 'zL13J', 'zL53J', 'zL20J', 'xL3J', 'zL67J', 'zL31J', 'xL9J', 'zL51J', 'zL2J', 'yL9J', 'w13', 'zL8J', 'zL9J', 'zL72J', 'zL48J', 'zL78J', 'yL16J', 'yL18J', 'w7', 'zL54J', 'zL35J', 'zL14J', 'zL5J', 'w19', 'yL6J', 'zL68J', 'yL2J', 'zL43J', 'xL5J', 'zL57J', 'zL59J', 'zL73J', 'zL10J', 'w3', 'zL28J', 'zL6J', 'zL36J', 'zL18J', 'yL14J', 'yL19J', 'zL70J', 'zL65J', 'zL64J', 'yL7J', 'yL5J', 'zL71J', 'yL13J', 'w17', 'w15', 'zL77J', 'w5', 'zL46J', 'zL11J', 'xL2J', 'zL27J', 'yL17J', 'w12', 'zL24J', 'zL40J', 'zL25J', 'zL19J', 'w11'}, {'w4', 'zL28J', 'w6', 'zL20J', 'w20', 'yL4J', 'zL58J', 'zL8J', 'zL78J', 'zL4J', 'w7', 'zL34J', 'zL35J', 'zL22J', 'yL13J', 'w17', 'w15', 'w5', 'w22', 'w16', 'xL2J', 'zL15J', 'zL12J', 'zL27J', 'xL5J', 'w21', 'zL57J', 'zL19J', 'yL8J', 'zL76J'})