21, 2.8229448135526556, 9.0, 11
+-- , 0 , {8, 41, 43, 45, 47} , {'xL36J', 'xL22J', 'xL28J', 'xL25J', 'xL8J', 'xL15J', 'xL39J', 'xL10J', 'xL29J', 'xL2J', 'xL31J', 'xL37J', 'xL0J', 'xL26J', 'xL32J', 'xL5J', 'xL18J'}
| +-- , 8 , {11, 39} , {'xL36J', 'xL22J', 'xL28J', 'xL25J', 'xL12J', 'xL8J', 'xL10J', 'xL15J', 'xL39J', 'xL2J', 'xL31J', 'xL37J', 'xL0J', 'xL26J', 'xL23J', 'xL32J', 'xL5J', 'xL18J'}
| | +-- , 11 , {13} , {'xL36J', 'xL22J', 'xL11J', 'xL28J', 'xL25J', 'xL12J', 'xL8J', 'xL10J', 'xL39J', 'xL2J', 'xL31J', 'xL37J', 'xL26J', 'xL23J', 'xL32J', 'xL5J', 'xL18J'}
| | | +-- , 13 , {33, 37, 15} , {'xL36J', 'xL22J', 'xL11J', 'xL25J', 'xL12J', 'xL8J', 'xL10J', 'xL39J', 'xL35J', 'xL2J', 'xL31J', 'xL37J', 'xL24J', 'xL26J', 'xL23J', 'xL32J', 'xL5J', 'xL18J'}
| | | | +-- , 33 , {35} , {'xL24J', 'xL9J', 'xL37J', 'xL5J'}
| | | | | +-- , 35 , set() , {'xL38J', 'xL9J'}
| | | | +-- , 37 , set() , {'xL24J', 'xL34J'}
| | | | +-- , 15 , {17} , {'xL36J', 'xL25J', 'xL12J', 'xL8J', 'xL10J', 'xL35J', 'xL30J', 'xL31J', 'xL37J', 'xL24J', 'xL26J', 'xL23J', 'xL32J'}
| | | | | +-- , 17 , {19} , {'xL36J', 'xL25J', 'xL12J', 'xL8J', 'xL10J', 'xL35J', 'xL6J', 'xL30J', 'xL37J', 'xL24J', 'xL26J', 'xL23J', 'xL32J'}
| | | | | | +-- , 19 , {21, 31} , {'xL32J', 'xL37J', 'xL24J', 'xL30J', 'xL25J', 'xL12J', 'xL26J', 'xL23J', 'xL8J', 'xL27J', 'xL35J', 'xL6J'}
| | | | | | | +-- , 21 , {25, 23} , {'xL32J', 'xL33J', 'xL37J', 'xL24J', 'xL25J', 'xL12J', 'xL23J', 'xL26J', 'xL8J', 'xL27J', 'xL13J'}
| | | | | | | | +-- , 25 , {27} , {'xL33J', 'xL14J', 'xL37J', 'xL24J', 'xL12J', 'xL23J', 'xL27J', 'xL13J'}
| | | | | | | | | +-- , 27 , {29} , {'xL14J', 'xL1J', 'xL24J', 'xL12J', 'xL23J', 'xL27J'}
| | | | | | | | | | +-- , 29 , set() , {'xL27J', 'xL21J', 'xL12J', 'xL1J'}
| | | | | | | | +-- , 23 , set() , {'xL32J', 'xL13J', 'xL17J', 'xL37J'}
| | | | | | | +-- , 31 , set() , {'xL27J', 'xL30J', 'xL7J'}
| | +-- , 39 , set() , {'xL16J', 'xL12J', 'xL15J'}
| +-- , 41 , set() , {'xL36J', 'xL10J', 'xL4J', 'xL18J'}
| +-- , 43 , set() , {'xL19J', 'xL2J', 'xL10J'}
| +-- , 45 , set() , {'xL0J', 'xL20J'}
| +-- , 47 , set() , {'xL3J', 'xL31J'}


Max number of edges with non zero Y: 29
Max number of iterations of outer rounding loop: 5
Max number of candidate sets: 2
Time spent rounding: 37.855
Time spent solving Separator LP: 1.086

LP Solver: GaifmanBoosted