22, 0, 7.5, 8
+-- , 0 , {48, 5, 44, 46} , {'xL7J', 'xL22J', 'xL9J', 'xL24J', 'xL0J', 'xL28J', 'xL38J', 'xL30J', 'xL29J', 'xL13J', 'xL31J'}
| +-- , 48 , set() , {'xL24J', 'xL34J'}
| +-- , 5 , {7} , {'xL17J', 'xL36J', 'xL22J', 'xL28J', 'xL30J', 'xL29J', 'xL13J', 'xL31J', 'xL9J', 'xL24J', 'xL0J', 'xL7J'}
| | +-- , 7 , {42, 9} , {'xL17J', 'xL7J', 'xL36J', 'xL22J', 'xL9J', 'xL24J', 'xL37J', 'xL0J', 'xL28J', 'xL30J', 'xL13J', 'xL31J'}
| | | +-- , 42 , set() , {'xL17J', 'xL32J', 'xL0J', 'xL37J'}
| | | +-- , 9 , {38, 40, 13} , {'xL36J', 'xL22J', 'xL28J', 'xL12J', 'xL15J', 'xL30J', 'xL13J', 'xL2J', 'xL31J', 'xL9J', 'xL37J', 'xL24J', 'xL0J', 'xL23J', 'xL7J'}
| | | | +-- , 38 , set() , {'xL26J', 'xL12J', 'xL23J', 'xL8J', 'xL30J', 'xL13J', 'xL2J'}
| | | | +-- , 40 , set() , {'xL16J', 'xL12J', 'xL15J'}
| | | | +-- , 13 , {15} , {'xL36J', 'xL28J', 'xL12J', 'xL15J', 'xL27J', 'xL13J', 'xL2J', 'xL31J', 'xL9J', 'xL37J', 'xL24J', 'xL0J', 'xL23J', 'xL7J'}
| | | | | +-- , 15 , {18} , {'xL36J', 'xL28J', 'xL12J', 'xL15J', 'xL27J', 'xL13J', 'xL2J', 'xL31J', 'xL9J', 'xL1J', 'xL37J', 'xL24J', 'xL0J', 'xL23J', 'xL21J'}
| | | | | | +-- , 18 , {20} , {'xL36J', 'xL28J', 'xL12J', 'xL15J', 'xL27J', 'xL13J', 'xL2J', 'xL31J', 'xL9J', 'xL1J', 'xL37J', 'xL24J', 'xL0J', 'xL5J'}
| | | | | | | +-- , 20 , {36, 22} , {'xL36J', 'xL28J', 'xL12J', 'xL15J', 'xL27J', 'xL39J', 'xL13J', 'xL2J', 'xL31J', 'xL1J', 'xL37J', 'xL24J', 'xL5J'}
| | | | | | | | +-- , 36 , set() , {'xL11J', 'xL24J', 'xL39J', 'xL28J', 'xL27J', 'xL35J', 'xL5J'}
| | | | | | | | +-- , 22 , {32, 34, 24} , {'xL36J', 'xL12J', 'xL10J', 'xL15J', 'xL27J', 'xL39J', 'xL13J', 'xL2J', 'xL31J', 'xL14J', 'xL1J', 'xL37J', 'xL24J'}
| | | | | | | | | +-- , 32 , set() , {'xL19J', 'xL2J', 'xL10J'}
| | | | | | | | | +-- , 34 , set() , {'xL27J', 'xL36J', 'xL6J', 'xL10J'}
| | | | | | | | | +-- , 24 , {26, 30} , {'xL36J', 'xL14J', 'xL24J', 'xL25J', 'xL12J', 'xL10J', 'xL15J', 'xL39J', 'xL31J'}
| | | | | | | | | | +-- , 26 , {28} , {'xL36J', 'xL18J', 'xL24J', 'xL25J', 'xL12J', 'xL10J', 'xL39J', 'xL31J'}
| | | | | | | | | | | +-- , 28 , set() , {'xL36J', 'xL10J', 'xL4J', 'xL18J'}
| | | | | | | | | | +-- , 30 , set() , {'xL24J', 'xL25J', 'xL33J', 'xL14J'}
| +-- , 44 , set() , {'xL0J', 'xL20J'}
| +-- , 46 , set() , {'xL3J', 'xL31J'}


Max number of edges with non zero Y: 29
Max number of iterations of outer rounding loop: 8
Max number of candidate sets: 2
Time spent rounding: 23.961
Time spent solving Separator LP: 0.039

LP Solver: gammaPlusFractionalCoverHeuristic