16, 0.642856714285714, 2.0, 2
+-- , 0 , {3, 5, 7, 9, 11, 13, 15, 17, 19, 21, 23, 25, 27, 29, 31} , {'X0', 'X4', 'X2'}
| +-- , 3 , set() , {'X0', 'X6'}
| +-- , 5 , set() , {'X0', 'X8'}
| +-- , 7 , set() , {'X0', 'X10'}
| +-- , 9 , set() , {'X0', 'X12'}
| +-- , 11 , set() , {'X0', 'X14'}
| +-- , 13 , set() , {'X0', 'X16'}
| +-- , 15 , set() , {'X18', 'X0'}
| +-- , 17 , set() , {'X0', 'X20'}
| +-- , 19 , set() , {'X0', 'X22'}
| +-- , 21 , set() , {'X0', 'X24'}
| +-- , 23 , set() , {'X0', 'X26'}
| +-- , 25 , set() , {'X0', 'X28'}
| +-- , 27 , set() , {'X0', 'X30'}
| +-- , 29 , set() , {'X0', 'X32'}
| +-- , 31 , set() , {'X42', 'X38', 'X45', 'X35', 'X40', 'X48', 'X0', 'X36', 'X37', 'X44', 'X49', 'X41', 'X39', 'X43', 'X50', 'X47', 'X46', 'X34'}


Max number of edges with non zero Y: 3
Max number of iterations of outer rounding loop: 1
Max number of candidate sets: 2
Time spent rounding: 0.692
Time spent solving Separator LP: 0.124
Total time spent solving: 1.579

LP Solver: GaifmanNormal
Lower Bound Witness = ({'X35', 'X2', 'X10', 'X24', 'X39', 'X26', 'X47', 'X45', 'X18', 'X20', 'X37', 'X8', 'X41', 'X49', 'X50', 'X30', 'X32', 'X34', 'X40', 'X43', 'X12', 'X38', 'X28', 'X0', 'X36', 'X14', 'X6', 'X4', 'X46', 'X42', 'X16', 'X44', 'X22', 'X48'}, {'X45', 'X0', 'X6', 'X10', 'X39'})