31, 1.2285714285714286, 4.0, 4
+-- , 0 , {3, 37, 57} , {'xL2JL6J', 'xL2JL5J', 'xL2JL2J', 'xL2JL4J', 'xL2JL3J', 'xL4JL4J', 'xL7JL8J'}
| +-- , 3 , {5} , {'xL2JL6J', 'xL8JL8J', 'xL7JL8J'}
| | +-- , 5 , {7} , {'xL2JL6J', 'xL8JL12J', 'xL8JL11J', 'xL8JL10J', 'xL8JL8J', 'xL3JL6J', 'xL8JL9J'}
| | | +-- , 7 , {9} , {'xL8JL12J', 'xL8JL11J', 'xL8JL10J', 'xL3JL6J', 'xL8JL9J', 'xL3JL7J', 'xL3JL8J'}
| | | | +-- , 9 , {11, 27} , {'xL8JL12J', 'xL8JL11J', 'xL6JL9J', 'xL8JL10J', 'xL8JL9J', 'xL3JL7J', 'xL3JL8J'}
| | | | | +-- , 11 , {13} , {'xL6JL9J', 'xL4JL9J', 'xL5JL9J', 'xL3JL7J', 'xL3JL8J'}
| | | | | | +-- , 13 , {17} , {'xL5JL8J', 'xL2JL11J', 'xL3JL8J', 'xL2JL9J', 'xL4JL9J', 'xL5JL9J', 'xL2JL8J', 'xL2JL10J', 'xL3JL7J', 'xL2JL12J'}
| | | | | | | +-- , 17 , {19} , {'xL4JL7J', 'xL2JL9J', 'xL5JL8J', 'xL2JL8J', 'xL4JL9J', 'xL2JL11J', 'xL4JL10J', 'xL2JL10J', 'xL4JL8J', 'xL3JL7J', 'xL2JL12J', 'xL3JL8J'}
| | | | | | | | +-- , 19 , {25, 21} , {'xL2JL9J', 'xL3JL10J', 'xL2JL11J', 'xL4JL10J', 'xL2JL10J', 'xL2JL12J', 'xL1JL10J'}
| | | | | | | | | +-- , 25 , set() , {'xL2JL9J', 'xL1JL9J', 'xL1JL10J'}
| | | | | | | | | +-- , 21 , {23} , {'xL3JL13J', 'xL3JL10J', 'xL3JL11J', 'xL3JL12J', 'xL2JL11J', 'xL2JL12J'}
| | | | | | | | | | +-- , 23 , set() , {'xL4JL12J', 'xL3JL13J', 'xL3JL12J', 'xL4JL13J', 'xL2JL12J'}
| | | | | +-- , 27 , {29} , {'xL8JL12J', 'xL8JL11J', 'xL6JL10J', 'xL6JL9J', 'xL8JL10J', 'xL8JL9J'}
| | | | | | +-- , 29 , {35, 31} , {'xL7JL10J', 'xL8JL12J', 'xL8JL11J', 'xL6JL10J', 'xL9JL10J', 'xL8JL10J', 'xL8JL9J'}
| | | | | | | +-- , 35 , set() , {'xL8JL9J', 'xL9JL10J', 'xL9JL9J'}
| | | | | | | +-- , 31 , {33} , {'xL7JL10J', 'xL8JL12J', 'xL7JL12J', 'xL8JL11J', 'xL7JL11J', 'xL7JL13J'}
| | | | | | | | +-- , 33 , set() , {'xL8JL12J', 'xL7JL12J', 'xL6JL13J', 'xL6JL12J', 'xL7JL13J'}
| +-- , 37 , {39} , {'xL4JL5J', 'xL4JL4J', 'xL7JL8J'}
| | +-- , 39 , {41} , {'xL7JL6J', 'xL4JL5J', 'xL6JL5J', 'xL5JL5J', 'xL7JL7J', 'xL7JL8J'}
| | | +-- , 41 , {45, 55} , {'xL8JL4J', 'xL8JL2J', 'xL6JL6J', 'xL7JL6J', 'xL7JL7J', 'xL6JL5J', 'xL5JL5J', 'xL8JL6J', 'xL8JL3J', 'xL8JL5J'}
| | | | +-- , 45 , {47} , {'xL8JL4J', 'xL8JL2J', 'xL6JL6J', 'xL8JL3J', 'xL6JL5J', 'xL6JL4J', 'xL7JL7J', 'xL6JL7J', 'xL8JL5J'}
| | | | | +-- , 47 , {49, 53} , {'xL7JL4J', 'xL8JL4J', 'xL8JL2J', 'xL6JL4J', 'xL9JL4J', 'xL8JL3J', 'xL8JL5J'}
| | | | | | +-- , 49 , {51} , {'xL7JL4J', 'xL8JL2J', 'xL7JL2J', 'xL7JL1J', 'xL7JL3J', 'xL8JL3J'}
| | | | | | | +-- , 51 , set() , {'xL7JL2J', 'xL7JL1J', 'xL6JL2J', 'xL6JL1J', 'xL8JL2J'}
| | | | | | +-- , 53 , set() , {'xL9JL5J', 'xL8JL5J', 'xL9JL4J'}
| | | | +-- , 55 , set() , {'xL6JL6J', 'xL7JL6J', 'xL5JL5J', 'xL8JL6J', 'xL5JL6J'}
| +-- , 57 , {59, 61} , {'xL2JL5J', 'xL3JL4J', 'xL2JL2J', 'xL1JL4J', 'xL2JL4J', 'xL2JL3J', 'xL4JL4J'}
| | +-- , 59 , set() , {'xL1JL4J', 'xL2JL5J', 'xL1JL5J'}
| | +-- , 61 , {63} , {'xL3JL2J', 'xL3JL1J', 'xL3JL4J', 'xL2JL2J', 'xL2JL3J', 'xL3JL3J'}
| | | +-- , 63 , {65} , {'xL3JL2J', 'xL2JL2J', 'xL3JL1J', 'xL4JL2J'}
| | | | +-- , 65 , set() , {'xL3JL1J', 'xL4JL2J', 'xL4JL1J'}


Max number of edges with non zero Y: 5
Max number of iterations of outer rounding loop: 2
Max number of candidate sets: 2
Time spent rounding: 9.177
Time spent solving Separator LP: 0.320
Total time spent solving: 13.182

LP Solver: GaifmanBoosted
Lower Bound Witness = ({'xL8JL4J', 'xL4JL5J', 'xL6JL9J', 'xL7JL1J', 'xL2JL11J', 'xL4JL10J', 'xL8JL6J', 'xL2JL10J', 'xL4JL8J', 'xL2JL3J', 'xL5JL6J', 'xL7JL13J', 'xL8JL5J', 'xL4JL13J', 'xL3JL8J', 'xL7JL4J', 'xL2JL5J', 'xL3JL2J', 'xL4JL7J', 'xL7JL7J', 'xL2JL9J', 'xL2JL8J', 'xL7JL2J', 'xL5JL9J', 'xL4JL9J', 'xL3JL11J', 'xL5JL5J', 'xL1JL4J', 'xL3JL12J', 'xL3JL6J', 'xL6JL7J', 'xL3JL7J', 'xL7JL8J', 'xL2JL12J', 'xL2JL6J', 'xL1JL9J', 'xL7JL10J', 'xL6JL6J', 'xL8JL11J', 'xL3JL1J', 'xL3JL13J', 'xL5JL8J', 'xL6JL13J', 'xL1JL5J', 'xL6JL5J', 'xL6JL4J', 'xL6JL12J', 'xL9JL9J', 'xL2JL4J', 'xL8JL9J', 'xL8JL3J', 'xL8JL2J', 'xL4JL4J', 'xL4JL12J', 'xL8JL12J', 'xL7JL12J', 'xL4JL2J', 'xL7JL6J', 'xL4JL1J', 'xL6JL10J', 'xL9JL10J', 'xL3JL10J', 'xL3JL4J', 'xL9JL5J', 'xL8JL10J', 'xL2JL2J', 'xL8JL8J', 'xL7JL11J', 'xL6JL1J', 'xL6JL2J', 'xL7JL3J', 'xL9JL4J', 'xL3JL3J', 'xL1JL10J'}, {'xL4JL12J', 'xL2JL5J', 'xL2JL9J', 'xL6JL4J', 'xL2JL4J'})