19, 5.4999987636358965, 9.0, 9
+-- , 0 , {46, 6} , {'xL0J', 'xL37J', 'xL7J', 'xL5J', 'xL23J', 'xL29J', 'xL22J', 'xL17J', 'xL35J', 'xL36J', 'xL19J', 'xL30J', 'xL14J'}
| +-- , 46 , set() , {'xL19J', 'xL38J', 'xL22J'}
| +-- , 6 , {10} , {'xL36J', 'xL37J', 'xL7J', 'xL5J', 'xL23J', 'xL29J', 'xL22J', 'xL19J', 'xL6J', 'xL3J', 'xL14J', 'xL34J', 'xL0J', 'xL30J'}
| | +-- , 10 , {44, 15} , {'xL36J', 'xL37J', 'xL7J', 'xL5J', 'xL23J', 'xL29J', 'xL22J', 'xL11J', 'xL19J', 'xL3J', 'xL14J', 'xL8J', 'xL34J', 'xL9J', 'xL0J', 'xL30J'}
| | | +-- , 44 , set() , {'xL15J', 'xL36J', 'xL8J', 'xL23J'}
| | | +-- , 15 , {18} , {'xL37J', 'xL7J', 'xL5J', 'xL21J', 'xL23J', 'xL29J', 'xL11J', 'xL19J', 'xL3J', 'xL14J', 'xL8J', 'xL30J', 'xL34J', 'xL9J', 'xL2J', 'xL36J', 'xL0J'}
| | | | +-- , 18 , {20} , {'xL37J', 'xL7J', 'xL5J', 'xL21J', 'xL23J', 'xL29J', 'xL12J', 'xL19J', 'xL3J', 'xL14J', 'xL8J', 'xL30J', 'xL34J', 'xL9J', 'xL2J', 'xL36J', 'xL0J'}
| | | | | +-- , 20 , {42, 22} , {'xL26J', 'xL7J', 'xL5J', 'xL21J', 'xL23J', 'xL29J', 'xL12J', 'xL19J', 'xL3J', 'xL14J', 'xL8J', 'xL30J', 'xL34J', 'xL9J', 'xL2J', 'xL36J', 'xL0J'}
| | | | | | +-- , 42 , set() , {'xL31J', 'xL36J', 'xL2J', 'xL26J'}
| | | | | | +-- , 22 , {40, 24} , {'xL26J', 'xL7J', 'xL5J', 'xL21J', 'xL23J', 'xL29J', 'xL12J', 'xL19J', 'xL3J', 'xL14J', 'xL8J', 'xL16J', 'xL30J', 'xL39J', 'xL34J', 'xL9J', 'xL36J', 'xL0J'}
| | | | | | | +-- , 40 , set() , {'xL9J', 'xL12J', 'xL36J', 'xL20J', 'xL16J'}
| | | | | | | +-- , 24 , {26} , {'xL7J', 'xL23J', 'xL29J', 'xL12J', 'xL19J', 'xL3J', 'xL14J', 'xL8J', 'xL16J', 'xL39J', 'xL34J', 'xL9J', 'xL13J', 'xL0J'}
| | | | | | | | +-- , 26 , {28} , {'xL7J', 'xL23J', 'xL29J', 'xL12J', 'xL19J', 'xL3J', 'xL14J', 'xL8J', 'xL39J', 'xL34J', 'xL9J', 'xL28J', 'xL13J', 'xL0J'}
| | | | | | | | | +-- , 28 , {32, 34, 38, 30} , {'xL8J', 'xL39J', 'xL34J', 'xL9J', 'xL28J', 'xL23J', 'xL33J', 'xL29J', 'xL12J', 'xL13J', 'xL4J', 'xL0J', 'xL3J'}
| | | | | | | | | | +-- , 32 , set() , {'xL8J', 'xL39J', 'xL34J', 'xL1J', 'xL18J', 'xL28J', 'xL4J'}
| | | | | | | | | | +-- , 34 , {36} , {'xL34J', 'xL9J', 'xL32J', 'xL25J', 'xL28J', 'xL13J', 'xL33J', 'xL0J'}
| | | | | | | | | | | +-- , 36 , set() , {'xL28J', 'xL24J', 'xL32J', 'xL13J'}
| | | | | | | | | | +-- , 38 , set() , {'xL33J', 'xL27J'}
| | | | | | | | | | +-- , 30 , set() , {'xL10J', 'xL39J', 'xL33J', 'xL4J'}


Max number of edges with non zero Y: 8
Max number of iterations of outer rounding loop: 0
Max number of candidate sets: 0
Time spent rounding: 0.000
Time spent solving Separator LP: 25.236

LP Solver: GaifmanNormalILP