16, 0, 9.3, 11
+-- , 0 , {3, 37} , {'59', '77', '34', '53', '24', '52', '38', '57', '51', '65', '39', '83', '60', '25', '7', '86', '27', '58', '63', '3', '2', '74', '20', '84', '75', '35', '98', '44', '22', '23', '94'}
| +-- , 3 , {5} , {'77', '34', '51', '10', '61', '40', '86', '27', '58', '63', '3', '33', '5', '20', '35', '81', '98', '59', '30', '70', '24', '42', '65', '7', '73', '74', '84', '75', '44', '60', '94'}
| | +-- , 5 , {8} , {'21', '76', '77', '34', '80', '51', '10', '91', '61', '43', '40', '86', '27', '58', '63', '3', '5', '35', '98', '81', '15', '32', '59', '30', '70', '24', '42', '65', '7', '36', '73', '75', '74', '84', '92', '37', '44', '60', '94'}
| | | +-- , 8 , {33, 11} , {'21', '80', '76', '34', '77', '51', '10', '91', '43', '61', '40', '86', '27', '58', '63', '3', '5', '35', '15', '13', '81', '98', '32', '30', '70', '16', '42', '65', '7', '36', '73', '74', '84', '75', '92', '44', '60', '94'}
| | | | +-- , 33 , set() , {'93', '30', '70', '63', '16', '56'}
| | | | +-- , 11 , {13} , {'21', '46', '80', '76', '34', '77', '51', '10', '91', '43', '61', '40', '86', '27', '58', '63', '3', '68', '5', '35', '13', '81', '98', '32', '30', '16', '42', '65', '7', '36', '73', '74', '84', '92', '44', '94'}
| | | | | +-- , 13 , {19, 25, 27, 29, 15} , {'21', '49', '80', '76', '34', '51', '10', '91', '43', '61', '40', '86', '27', '58', '63', '3', '68', '5', '35', '13', '81', '98', '32', '30', '16', '42', '12', '65', '7', '36', '73', '74', '84', '17', '92', '44'}
| | | | | | +-- , 19 , {21, 23} , {'21', '49', '55', '30', '64', '85', '80', '34', '16', '42', '12', '10', '91', '61', '7', '40', '86', '27', '79', '63', '3', '68', '74', '5', '17', '92', '81', '41'}
| | | | | | | +-- , 21 , set() , {'40', '30', '64', '3', '1'}
| | | | | | | +-- , 23 , set() , {'49', '61', '64', '85', '67'}
| | | | | | +-- , 25 , set() , {'43', '49', '5', '17', '19', '65'}
| | | | | | +-- , 27 , set() , {'49', '47', '73', '9', '80', '44', '98', '65', '51', '91'}
| | | | | | +-- , 29 , {31} , {'49', '58', '50', '36', '3', '97', '76', '84', '35', '98', '13', '96', '32'}
| | | | | | | +-- , 31 , set() , {'82', '49', '72', '50', '8', '97'}
| | | | | | +-- , 15 , set() , {'71', '44', '12', '90', '51', '31'}
| +-- , 37 , set() , {'45', '25', '95', '87', '2', '53', '98', '23', '39'}


Max number of edges with non zero Y: 27
Max number of iterations of outer rounding loop: 5
Max number of candidate sets: 2
Time spent rounding: 8.497
Time spent solving Separator LP: 0.030
Total time spent solving: 10.186

LP Solver: gammaPlusFractionalCoverHeuristic
Lower Bound Witness = ({'49', '64', '85', '91', '25', '40', '79', '50', '58', '3', '95', '33', '35', '98', '1', '56', '45', '83', '96', '97', '21', '55', '46', '87', '80', '76', '34', '77', '10', '68', '2', '5', '81', '15', '67', '93', '72', '24', '16', '38', '12', '73', '84', '17', '23', '57', '51', '43', '61', '27', '63', '30', '52', '42', '65', '36', '75', '92', '44', '22', '94', '71', '53', '8', '90', '86', '20', '13', '31', '32', '82', '59', '70', '47', '19', '9', '39', '7', '74', '37', '60', '41'}, {'7', '87', '77', '51', '91'})