31, 1.9656640185991106, 5.0, 6
+-- , 0 , {5, 39, 57, 29, 63} , {'54', '14', '28', '59', '34', '30', '64', '19', '56', '66', '57', '42', '63', '2'}
| +-- , 5 , {27, 7} , {'49', '14', '59', '30', '19', '66', '42', '34', '57', '63', '28', '74'}
| | +-- , 27 , set() , {'66', '74', '47'}
| | +-- , 7 , {9, 25} , {'49', '14', '59', '34', '30', '48', '19', '57', '6', '63', '28'}
| | | +-- , 9 , {11, 23} , {'49', '14', '12', '59', '34', '61', '30', '19', '6', '9'}
| | | | +-- , 11 , {13, 21} , {'11', '6', '49', '14', '12', '61'}
| | | | | +-- , 13 , {19, 15} , {'11', '49', '12', '61', '6', '7', '69'}
| | | | | | +-- , 19 , set() , {'11', '17', '7'}
| | | | | | +-- , 15 , {17} , {'6', '67', '49', '32', '7', '12'}
| | | | | | | +-- , 17 , set() , {'67', '49', '10'}
| | | | | +-- , 21 , set() , {'11', '0'}
| | | | +-- , 23 , set() , {'19', '9', '8'}
| | | +-- , 25 , set() , {'18', '68', '40', '70', '6', '57', '63', '28'}
| +-- , 39 , {41, 55} , {'16', '59', '34', '28', '64', '39', '66', '56', '57', '63', '2'}
| | +-- , 41 , {49, 43} , {'16', '59', '34', '28', '64', '39', '66', '56', '57', '63', '46'}
| | | +-- , 49 , {51, 53} , {'59', '34', '39', '4', '46', '66', '56', '57', '63', '28'}
| | | | +-- , 51 , set() , {'73', '59', '39', '4', '46', '63', '28'}
| | | | +-- , 53 , set() , {'33', '34', '4', '57', '26'}
| | | +-- , 43 , {45, 47} , {'66', '41', '29', '46', '64'}
| | | | +-- , 45 , set() , {'66', '29', '52'}
| | | | +-- , 47 , set() , {'29', '64', '44'}
| | +-- , 55 , set() , {'50', '39', '63'}
| +-- , 57 , {59, 61} , {'71', '57', '63'}
| | +-- , 59 , set() , {'23', '71', '35'}
| | +-- , 61 , set() , {'71', '3', '36'}
| +-- , 29 , {31} , {'58', '54', '31', '59', '34', '65', '19', '66'}
| | +-- , 31 , {33} , {'65', '58', '66', '34', '5'}
| | | +-- , 33 , {35} , {'66', '34', '15', '5'}
| | | | +-- , 35 , {37} , {'66', '38', '15'}
| | | | | +-- , 37 , set() , {'21', '20', '38', '66', '62'}
| +-- , 63 , set() , {'60', '57', '14'}


Max number of edges with non zero Y: 24
Max number of iterations of outer rounding loop: 5
Max number of candidate sets: 2
Time spent rounding: 17.169
Time spent solving Separator LP: 2.470
Total time spent solving: 22.874

LP Solver: GaifmanNormal
Lower Bound Witness = ({'58', '68', '14', '52', '59', '31', '48', '70', '40', '4', '36', '19', '41', '35', '8', '7', '42', '2', '46', '32', '16', '33', '61', '65', '6', '57', '71', '28', '74', '15', '11', '21', '67', '49', '44', '29', '73', '12', '20', '30', '64', '39', '50', '66', '17', '56', '0', '9', '26', '10', '18', '54', '60', '38', '47', '34', '5', '3', '23', '62', '63', '69'}, {'68', '14', '31', '59', '70', '48', '40', '4', '19', '41', '35', '7', '42', '61', '57', '71', '44', '29', '39', '0', '9', '10', '18', '54', '60', '34', '3', '69'})