34, 2.064017941398938, 7.0, 7
+-- , 0 , {65, 3, 69, 37, 57, 63} , {'73', '14', '12', '59', '40', '16', '34', '39', '5', '19', '66', '57', '63', '15', '46'}
| +-- , 65 , {67} , {'66', '38', '15'}
| | +-- , 67 , set() , {'21', '20', '38', '66', '62'}
| +-- , 3 , {19, 5} , {'67', '14', '12', '59', '40', '16', '5', '39', '19', '66', '6', '63'}
| | +-- , 19 , {21, 23} , {'58', '67', '16', '59', '5', '65', '39', '19', '66', '6'}
| | | +-- , 21 , set() , {'59', '58', '31'}
| | | +-- , 23 , {25} , {'54', '67', '16', '65', '39', '6', '19', '66', '2'}
| | | | +-- , 25 , {27} , {'54', '67', '66', '6', '42', '2'}
| | | | | +-- , 27 , {33, 29, 31} , {'66', '67', '49', '6', '42', '74'}
| | | | | | +-- , 33 , set() , {'6', '48', '49'}
| | | | | | +-- , 29 , set() , {'67', '49', '10'}
| | | | | | +-- , 31 , set() , {'66', '74', '47'}
| | +-- , 5 , {17, 7} , {'67', '14', '12', '59', '61', '19', '9'}
| | | +-- , 17 , set() , {'19', '9', '8'}
| | | +-- , 7 , {9, 11} , {'67', '14', '12', '61', '7', '69'}
| | | | +-- , 9 , set() , {'67', '32', '7'}
| | | | +-- , 11 , {13, 15} , {'11', '7', '14', '12'}
| | | | | +-- , 13 , set() , {'11', '17', '7'}
| | | | | +-- , 15 , set() , {'11', '0'}
| +-- , 69 , set() , {'50', '39', '63'}
| +-- , 37 , {53, 39} , {'73', '14', '12', '59', '40', '19', '66', '46', '34', '57', '63', '28'}
| | +-- , 53 , {55} , {'28', '57', '68', '40', '63', '70'}
| | | +-- , 55 , set() , {'18', '57', '68'}
| | +-- , 39 , {41, 49} , {'73', '14', '12', '59', '30', '19', '56', '66', '46', '34', '57', '63', '28'}
| | | +-- , 41 , {43} , {'30', '64', '46', '66', '56', '28'}
| | | | +-- , 43 , {45, 47} , {'66', '41', '29', '46', '64'}
| | | | | +-- , 45 , set() , {'66', '29', '52'}
| | | | | +-- , 47 , set() , {'29', '64', '44'}
| | | +-- , 49 , {51} , {'73', '34', '4', '66', '56', '57', '63'}
| | | | +-- , 51 , set() , {'33', '34', '4', '57', '26'}
| +-- , 57 , {59, 61} , {'71', '57', '63'}
| | +-- , 59 , set() , {'23', '71', '35'}
| | +-- , 61 , set() , {'71', '3', '36'}
| +-- , 63 , set() , {'60', '57', '14'}


Max number of edges with non zero Y: 21
Max number of iterations of outer rounding loop: 5
Max number of candidate sets: 2
Time spent rounding: 5.555
Time spent solving Separator LP: 2.285
Total time spent solving: 10.259

LP Solver: GaifmanNormal
Lower Bound Witness = ({'58', '68', '14', '52', '59', '31', '48', '70', '40', '4', '36', '19', '41', '35', '8', '7', '42', '2', '46', '32', '16', '33', '61', '65', '6', '57', '71', '28', '74', '15', '11', '21', '67', '49', '44', '29', '73', '12', '20', '30', '64', '39', '50', '66', '17', '56', '0', '9', '26', '10', '18', '54', '60', '38', '47', '34', '5', '3', '23', '62', '63', '69'}, {'68', '14', '31', '59', '40', '41', '7', '16', '61', '65', '6', '71', '15', '74', '11', '67', '29', '12', '30', '50', '56', '0', '9', '10', '38', '5', '23', '69'})