13, 1.9062679272619754, 6.0, 7
+-- , 0 , {10, 3} , {'xL20J', 'xL7J', 'xL8J', 'xL2J', 'xL0J', 'xL14J', 'xL10J', 'xL11J', 'xL6J', 'xL12J', 'xL5J'}
| +-- , 10 , {13, 28} , {'xL24J', 'xL20J', 'xL17J', 'xL7J', 'xL2J', 'xL0J', 'xL14J', 'xL10J', 'xL11J', 'xL6J', 'xL12J', 'xL5J'}
| | +-- , 13 , {16} , {'xL24J', 'xL20J', 'xL7J', 'xL2J', 'xL0J', 'xL14J', 'xL3J', 'xL10J', 'xL11J', 'xL6J', 'xL21J', 'xL5J'}
| | | +-- , 16 , {18} , {'xL24J', 'xL20J', 'xL7J', 'xL13J', 'xL2J', 'xL14J', 'xL10J', 'xL11J', 'xL6J', 'xL21J', 'xL5J'}
| | | | +-- , 18 , {20} , {'xL24J', 'xL20J', 'xL16J', 'xL7J', 'xL13J', 'xL2J', 'xL11J', 'xL10J', 'xL6J', 'xL21J'}
| | | | | +-- , 20 , {22} , {'xL24J', 'xL20J', 'xL16J', 'xL7J', 'xL13J', 'xL11J', 'xL10J', 'xL6J', 'xL9J', 'xL21J'}
| | | | | | +-- , 22 , {24} , {'xL24J', 'xL20J', 'xL16J', 'xL7J', 'xL4J', 'xL10J', 'xL6J', 'xL13J', 'xL9J', 'xL21J'}
| | | | | | | +-- , 24 , {26} , {'xL24J', 'xL20J', 'xL7J', 'xL4J', 'xL6J', 'xL13J', 'xL21J', 'xL23J'}
| | | | | | | | +-- , 26 , set() , {'xL24J', 'xL20J', 'xL6J', 'xL13J', 'xL21J', 'xL23J', 'xL19J'}
| | +-- , 28 , {30} , {'xL24J', 'xL14J', 'xL17J', 'xL10J', 'xL6J', 'xL1J', 'xL2J', 'xL12J'}
| | | +-- , 30 , set() , {'xL14J', 'xL18J', 'xL10J', 'xL6J', 'xL1J', 'xL12J'}
| +-- , 3 , {5} , {'xL14J', 'xL22J', 'xL12J', 'xL5J'}
| | +-- , 5 , set() , {'xL15J', 'xL22J', 'xL5J'}


Max number of edges with non zero Y: 16
Max number of iterations of outer rounding loop: 7
Max number of candidate sets: 2
Time spent rounding: 40.540
Time spent solving Separator LP: 0.416

LP Solver: GaifmanNormal