13, 2.0520974289580516, 6.5, 7
+-- , 0 , {5, 7, 29} , {'xL14J', 'xL20J', 'xL22J', 'xL4J', 'xL18J', 'xL10J', 'xL1J', 'xL2J', 'xL12J', 'xL5J'}
| +-- , 5 , set() , {'xL15J', 'xL22J', 'xL5J'}
| +-- , 7 , {11} , {'xL24J', 'xL20J', 'xL19J', 'xL1J', 'xL2J', 'xL14J', 'xL4J', 'xL18J', 'xL10J', 'xL6J', 'xL12J', 'xL5J'}
| | +-- , 11 , {13} , {'xL24J', 'xL20J', 'xL13J', 'xL19J', 'xL1J', 'xL2J', 'xL14J', 'xL4J', 'xL10J', 'xL6J', 'xL12J', 'xL5J'}
| | | +-- , 13 , {15} , {'xL24J', 'xL20J', 'xL16J', 'xL13J', 'xL19J', 'xL1J', 'xL2J', 'xL14J', 'xL4J', 'xL10J', 'xL6J', 'xL12J'}
| | | | +-- , 15 , {17} , {'xL24J', 'xL20J', 'xL16J', 'xL13J', 'xL19J', 'xL1J', 'xL14J', 'xL4J', 'xL10J', 'xL6J', 'xL9J', 'xL23J', 'xL12J'}
| | | | | +-- , 17 , {19, 27} , {'xL24J', 'xL14J', 'xL20J', 'xL7J', 'xL10J', 'xL6J', 'xL13J', 'xL9J', 'xL23J', 'xL19J', 'xL1J', 'xL12J'}
| | | | | | +-- , 19 , {25, 21} , {'xL0J', 'xL24J', 'xL14J', 'xL20J', 'xL7J', 'xL10J', 'xL6J', 'xL19J', 'xL1J', 'xL12J'}
| | | | | | | +-- , 25 , set() , {'xL0J', 'xL14J', 'xL17J', 'xL7J', 'xL1J', 'xL12J'}
| | | | | | | +-- , 21 , {23} , {'xL0J', 'xL24J', 'xL20J', 'xL10J', 'xL6J', 'xL21J', 'xL19J'}
| | | | | | | | +-- , 23 , set() , {'xL20J', 'xL3J', 'xL10J', 'xL21J'}
| | | | | | +-- , 27 , set() , {'xL24J', 'xL14J', 'xL7J', 'xL11J', 'xL9J', 'xL12J'}
| +-- , 29 , set() , {'xL8J', 'xL2J', 'xL12J'}


Max number of edges with non zero Y: 25
Max number of iterations of outer rounding loop: 7
Max number of candidate sets: 2
Time spent rounding: 45.590
Time spent solving Separator LP: 0.670

LP Solver: GaifmanBoosted