6, 2.40109125758268, 5.612472160356347, 8
+-- , 0 , {13} , {'xL32J', 'xL31J', 'xL1J', 'xL27J', 'xL5J', 'xL22J', 'xL37J', 'xL8J', 'xL0J', 'xL17J', 'xL3J', 'xL36J', 'xL28J', 'xL15J', 'xL18J', 'xL7J', 'xL39J', 'xL29J', 'xL9J', 'xL35J', 'xL19J', 'xL26J', 'xL10J', 'xL6J', 'xL24J', 'xL13J', 'xL16J', 'xL14J', 'xL11J'}
| +-- , 13 , {27, 20} , {'xL32J', 'xL31J', 'xL1J', 'xL38J', 'xL2J', 'xL27J', 'xL5J', 'xL22J', 'xL37J', 'xL8J', 'xL0J', 'xL17J', 'xL3J', 'xL25J', 'xL36J', 'xL28J', 'xL15J', 'xL18J', 'xL7J', 'xL39J', 'xL29J', 'xL9J', 'xL35J', 'xL19J', 'xL26J', 'xL10J', 'xL6J', 'xL24J', 'xL30J', 'xL16J', 'xL33J', 'xL14J', 'xL34J', 'xL11J'}
| | +-- , 27 , set() , {'xL1J', 'xL2J', 'xL27J', 'xL5J', 'xL37J', 'xL0J', 'xL3J', 'xL36J', 'xL28J', 'xL15J', 'xL4J', 'xL7J', 'xL39J', 'xL29J', 'xL35J', 'xL19J', 'xL30J', 'xL6J', 'xL33J', 'xL34J', 'xL11J'}
| | +-- , 20 , {25, 23} , {'xL32J', 'xL31J', 'xL38J', 'xL2J', 'xL27J', 'xL5J', 'xL22J', 'xL37J', 'xL8J', 'xL0J', 'xL17J', 'xL3J', 'xL20J', 'xL25J', 'xL36J', 'xL28J', 'xL15J', 'xL18J', 'xL7J', 'xL39J', 'xL29J', 'xL35J', 'xL19J', 'xL26J', 'xL23J', 'xL10J', 'xL6J', 'xL24J', 'xL30J', 'xL16J', 'xL33J', 'xL14J', 'xL34J', 'xL11J'}
| | | +-- , 25 , set() , {'xL32J', 'xL38J', 'xL27J', 'xL22J', 'xL37J', 'xL0J', 'xL20J', 'xL25J', 'xL28J', 'xL15J', 'xL39J', 'xL29J', 'xL35J', 'xL19J', 'xL26J', 'xL30J', 'xL6J', 'xL16J', 'xL33J', 'xL34J', 'xL11J', 'xL12J'}
| | | +-- , 23 , set() , {'xL31J', 'xL2J', 'xL27J', 'xL37J', 'xL8J', 'xL21J', 'xL17J', 'xL3J', 'xL20J', 'xL36J', 'xL7J', 'xL39J', 'xL29J', 'xL35J', 'xL10J', 'xL24J', 'xL14J', 'xL34J', 'xL11J'}


Max number of edges with non zero Y: 34
Max number of iterations of outer rounding loop: 7
Max number of candidate sets: 2
Time spent rounding: 69.456
Time spent solving Separator LP: 26.562

LP Solver: GaifmanBoosted8, 2.3690570288292476, 5.463081130355516, 7
+-- , 0 , {34, 21} , {'xL19J', 'xL4J', 'xL28J', 'xL29J', 'xL0J', 'xL26J', 'xL27J', 'xL6J', 'xL1J', 'xL3J', 'xL16J', 'xL12J', 'xL7J', 'xL17J', 'xL11J', 'xL20J', 'xL32J', 'xL35J', 'xL25J', 'xL36J', 'xL24J', 'xL39J', 'xL37J', 'xL14J', 'xL33J', 'xL30J', 'xL2J', 'xL38J', 'xL22J', 'xL5J', 'xL34J', 'xL18J'}
| +-- , 34 , set() , {'xL23J', 'xL19J', 'xL29J', 'xL0J', 'xL6J', 'xL3J', 'xL16J', 'xL7J', 'xL17J', 'xL11J', 'xL20J', 'xL32J', 'xL35J', 'xL24J', 'xL39J', 'xL14J', 'xL37J', 'xL30J', 'xL38J', 'xL22J', 'xL5J'}
| +-- , 21 , {23} , {'xL19J', 'xL4J', 'xL28J', 'xL29J', 'xL0J', 'xL26J', 'xL27J', 'xL6J', 'xL3J', 'xL16J', 'xL12J', 'xL7J', 'xL15J', 'xL17J', 'xL11J', 'xL20J', 'xL32J', 'xL35J', 'xL24J', 'xL36J', 'xL25J', 'xL39J', 'xL14J', 'xL37J', 'xL33J', 'xL30J', 'xL2J', 'xL38J', 'xL22J', 'xL5J', 'xL34J', 'xL18J'}
| | +-- , 23 , {25} , {'xL19J', 'xL28J', 'xL29J', 'xL0J', 'xL31J', 'xL26J', 'xL27J', 'xL6J', 'xL3J', 'xL16J', 'xL7J', 'xL15J', 'xL17J', 'xL11J', 'xL20J', 'xL32J', 'xL35J', 'xL24J', 'xL36J', 'xL25J', 'xL39J', 'xL14J', 'xL37J', 'xL33J', 'xL30J', 'xL2J', 'xL38J', 'xL22J', 'xL5J', 'xL34J', 'xL18J'}
| | | +-- , 25 , {28} , {'xL19J', 'xL28J', 'xL29J', 'xL0J', 'xL31J', 'xL26J', 'xL27J', 'xL3J', 'xL21J', 'xL16J', 'xL7J', 'xL15J', 'xL17J', 'xL8J', 'xL11J', 'xL20J', 'xL32J', 'xL35J', 'xL24J', 'xL36J', 'xL39J', 'xL14J', 'xL37J', 'xL30J', 'xL2J', 'xL38J', 'xL22J', 'xL5J', 'xL34J', 'xL18J'}
| | | | +-- , 28 , {30} , {'xL19J', 'xL28J', 'xL29J', 'xL9J', 'xL0J', 'xL31J', 'xL26J', 'xL27J', 'xL3J', 'xL21J', 'xL16J', 'xL7J', 'xL15J', 'xL8J', 'xL11J', 'xL32J', 'xL35J', 'xL36J', 'xL39J', 'xL14J', 'xL37J', 'xL30J', 'xL2J', 'xL38J', 'xL22J', 'xL5J', 'xL18J'}
| | | | | +-- , 30 , {32} , {'xL10J', 'xL28J', 'xL29J', 'xL9J', 'xL31J', 'xL26J', 'xL27J', 'xL3J', 'xL21J', 'xL16J', 'xL7J', 'xL15J', 'xL8J', 'xL11J', 'xL32J', 'xL35J', 'xL36J', 'xL39J', 'xL14J', 'xL37J', 'xL2J', 'xL38J', 'xL22J', 'xL5J', 'xL18J'}
| | | | | | +-- , 32 , set() , {'xL8J', 'xL10J', 'xL11J', 'xL32J', 'xL31J', 'xL26J', 'xL28J', 'xL35J', 'xL13J', 'xL3J', 'xL36J', 'xL9J', 'xL16J', 'xL14J', 'xL5J'}


Max number of edges with non zero Y: 31
Max number of iterations of outer rounding loop: 6
Max number of candidate sets: 2
Time spent rounding: 128.391
Time spent solving Separator LP: 48.686

LP Solver: GaifmanBoosted