7, 2.30898897715616, 6.033333333333333, 8
+-- , 0 , {15} , {'xL32J', 'xL31J', 'xL38J', 'xL27J', 'xL5J', 'xL37J', 'xL21J', 'xL17J', 'xL3J', 'xL20J', 'xL25J', 'xL36J', 'xL28J', 'xL15J', 'xL18J', 'xL4J', 'xL7J', 'xL39J', 'xL29J', 'xL35J', 'xL26J', 'xL19J', 'xL23J', 'xL10J', 'xL6J', 'xL24J', 'xL30J', 'xL16J', 'xL33J', 'xL14J', 'xL34J', 'xL11J', 'xL12J'}
| +-- , 15 , {18, 20, 24} , {'xL32J', 'xL31J', 'xL38J', 'xL27J', 'xL5J', 'xL22J', 'xL37J', 'xL21J', 'xL17J', 'xL3J', 'xL25J', 'xL36J', 'xL28J', 'xL15J', 'xL4J', 'xL18J', 'xL7J', 'xL39J', 'xL29J', 'xL9J', 'xL35J', 'xL19J', 'xL26J', 'xL23J', 'xL10J', 'xL6J', 'xL24J', 'xL30J', 'xL16J', 'xL33J', 'xL14J', 'xL34J', 'xL11J', 'xL12J'}
| | +-- , 18 , set() , {'xL31J', 'xL38J', 'xL2J', 'xL27J', 'xL22J', 'xL37J', 'xL21J', 'xL17J', 'xL3J', 'xL28J', 'xL15J', 'xL4J', 'xL18J', 'xL7J', 'xL39J', 'xL29J', 'xL9J', 'xL35J', 'xL19J', 'xL26J', 'xL10J', 'xL6J', 'xL24J', 'xL30J', 'xL16J', 'xL33J', 'xL14J', 'xL34J', 'xL11J'}
| | +-- , 20 , {22} , {'xL32J', 'xL38J', 'xL27J', 'xL5J', 'xL22J', 'xL37J', 'xL0J', 'xL17J', 'xL3J', 'xL25J', 'xL36J', 'xL28J', 'xL4J', 'xL7J', 'xL29J', 'xL9J', 'xL35J', 'xL19J', 'xL26J', 'xL23J', 'xL6J', 'xL24J', 'xL30J', 'xL16J', 'xL14J', 'xL34J', 'xL11J', 'xL12J'}
| | | +-- , 22 , set() , {'xL32J', 'xL1J', 'xL38J', 'xL27J', 'xL5J', 'xL37J', 'xL0J', 'xL17J', 'xL3J', 'xL25J', 'xL36J', 'xL28J', 'xL4J', 'xL29J', 'xL19J', 'xL26J', 'xL6J', 'xL24J', 'xL16J', 'xL34J', 'xL11J'}
| | +-- , 24 , {26} , {'xL29J', 'xL9J', 'xL35J', 'xL32J', 'xL31J', 'xL26J', 'xL27J', 'xL5J', 'xL10J', 'xL22J', 'xL24J', 'xL16J', 'xL8J', 'xL21J', 'xL17J', 'xL3J', 'xL14J', 'xL11J', 'xL36J', 'xL28J', 'xL15J'}
| | | +-- , 26 , set() , {'xL9J', 'xL35J', 'xL14J', 'xL3J', 'xL32J', 'xL31J', 'xL16J', 'xL26J', 'xL11J', 'xL5J', 'xL10J', 'xL36J', 'xL28J', 'xL13J', 'xL8J'}


Max number of edges with non zero Y: 33
Max number of iterations of outer rounding loop: 7
Max number of candidate sets: 2
Time spent rounding: 61.710
Time spent solving Separator LP: 15.176

LP Solver: GaifmanNormal6, 2.2623257060456385, 5.461603021401595, 7
+-- , 0 , {5} , {'xL10J', 'xL23J', 'xL19J', 'xL28J', 'xL29J', 'xL9J', 'xL0J', 'xL31J', 'xL27J', 'xL6J', 'xL3J', 'xL21J', 'xL16J', 'xL7J', 'xL17J', 'xL8J', 'xL11J', 'xL20J', 'xL32J', 'xL35J', 'xL13J', 'xL24J', 'xL36J', 'xL39J', 'xL14J', 'xL37J', 'xL30J', 'xL2J', 'xL38J', 'xL22J', 'xL5J', 'xL34J', 'xL18J'}
| +-- , 5 , {8} , {'xL10J', 'xL19J', 'xL28J', 'xL29J', 'xL9J', 'xL0J', 'xL31J', 'xL26J', 'xL27J', 'xL6J', 'xL1J', 'xL3J', 'xL16J', 'xL7J', 'xL17J', 'xL8J', 'xL11J', 'xL20J', 'xL32J', 'xL35J', 'xL13J', 'xL24J', 'xL36J', 'xL39J', 'xL14J', 'xL37J', 'xL30J', 'xL2J', 'xL38J', 'xL22J', 'xL5J', 'xL34J', 'xL18J'}
| | +-- , 8 , {10, 14} , {'xL10J', 'xL19J', 'xL28J', 'xL29J', 'xL9J', 'xL0J', 'xL31J', 'xL26J', 'xL27J', 'xL6J', 'xL1J', 'xL3J', 'xL16J', 'xL7J', 'xL15J', 'xL17J', 'xL8J', 'xL11J', 'xL20J', 'xL32J', 'xL35J', 'xL24J', 'xL36J', 'xL39J', 'xL14J', 'xL37J', 'xL33J', 'xL30J', 'xL2J', 'xL38J', 'xL22J', 'xL5J', 'xL34J', 'xL18J'}
| | | +-- , 10 , {12} , {'xL19J', 'xL28J', 'xL29J', 'xL0J', 'xL31J', 'xL26J', 'xL27J', 'xL6J', 'xL1J', 'xL16J', 'xL15J', 'xL17J', 'xL11J', 'xL20J', 'xL32J', 'xL35J', 'xL24J', 'xL36J', 'xL25J', 'xL39J', 'xL37J', 'xL33J', 'xL30J', 'xL38J', 'xL22J', 'xL5J', 'xL34J'}
| | | | +-- , 12 , set() , {'xL19J', 'xL28J', 'xL29J', 'xL0J', 'xL26J', 'xL27J', 'xL6J', 'xL16J', 'xL12J', 'xL15J', 'xL11J', 'xL20J', 'xL32J', 'xL35J', 'xL25J', 'xL39J', 'xL37J', 'xL33J', 'xL30J', 'xL38J', 'xL22J', 'xL34J'}
| | | +-- , 14 , set() , {'xL19J', 'xL4J', 'xL28J', 'xL29J', 'xL0J', 'xL27J', 'xL6J', 'xL1J', 'xL3J', 'xL7J', 'xL15J', 'xL11J', 'xL35J', 'xL36J', 'xL39J', 'xL37J', 'xL33J', 'xL30J', 'xL2J', 'xL5J', 'xL34J'}


Max number of edges with non zero Y: 29
Max number of iterations of outer rounding loop: 6
Max number of candidate sets: 2
Time spent rounding: 26.556
Time spent solving Separator LP: 13.685

LP Solver: GaifmanNormal