22, 2.7044001540790705, 8.0, 8
+-- , 0 , {36, 5, 38, 40, 42, 44, 46, 28} , {'xL5J', 'xL15J', 'xL38J', 'xL20J', 'xL36J', 'xL18J', 'xL31J', 'xL2J', 'xL12J', 'xL9J', 'xL7J', 'xL1J', 'xL6J', 'xL10J', 'xL11J'}
| +-- , 36 , set() , {'xL2J', 'xL1J', 'xL34J', 'xL20J'}
| +-- , 5 , {26, 7} , {'xL5J', 'xL15J', 'xL38J', 'xL20J', 'xL36J', 'xL18J', 'xL32J', 'xL31J', 'xL12J', 'xL9J', 'xL7J', 'xL1J', 'xL6J', 'xL10J', 'xL11J'}
| | +-- , 26 , set() , {'xL11J', 'xL4J', 'xL18J', 'xL32J'}
| | +-- , 7 , {9} , {'xL5J', 'xL38J', 'xL20J', 'xL16J', 'xL31J', 'xL32J', 'xL12J', 'xL9J', 'xL1J', 'xL6J', 'xL10J', 'xL11J'}
| | | +-- , 9 , {12} , {'xL5J', 'xL38J', 'xL20J', 'xL16J', 'xL21J', 'xL32J', 'xL31J', 'xL12J', 'xL9J', 'xL1J', 'xL6J', 'xL3J', 'xL37J', 'xL11J'}
| | | | +-- , 12 , {16, 18, 20, 14} , {'xL9J', 'xL5J', 'xL6J', 'xL38J', 'xL3J', 'xL16J', 'xL39J', 'xL21J', 'xL32J', 'xL11J', 'xL31J', 'xL0J'}
| | | | | +-- , 16 , set() , {'xL5J', 'xL25J', 'xL38J', 'xL31J', 'xL0J'}
| | | | | +-- , 18 , set() , {'xL28J', 'xL0J'}
| | | | | +-- , 20 , {22} , {'xL14J', 'xL38J', 'xL3J', 'xL39J', 'xL21J', 'xL11J', 'xL35J', 'xL0J'}
| | | | | | +-- , 22 , {24} , {'xL8J', 'xL14J', 'xL11J', 'xL38J'}
| | | | | | | +-- , 24 , set() , {'xL29J', 'xL11J', 'xL8J'}
| | | | | +-- , 14 , set() , {'xL9J', 'xL30J', 'xL32J', 'xL0J'}
| +-- , 38 , set() , {'xL5J', 'xL15J', 'xL12J', 'xL23J'}
| +-- , 40 , set() , {'xL11J', 'xL17J', 'xL38J', 'xL10J'}
| +-- , 42 , set() , {'xL5J', 'xL1J', 'xL7J', 'xL20J', 'xL27J', 'xL31J'}
| +-- , 44 , set() , {'xL2J', 'xL38J', 'xL19J'}
| +-- , 46 , set() , {'xL13J', 'xL38J', 'xL12J'}
| +-- , 28 , {34, 30} , {'xL2J', 'xL12J', 'xL6J', 'xL36J', 'xL10J', 'xL24J'}
| | +-- , 34 , set() , {'xL2J', 'xL24J', 'xL22J'}
| | +-- , 30 , {32} , {'xL6J', 'xL36J', 'xL24J', 'xL33J'}
| | | +-- , 32 , set() , {'xL26J', 'xL33J'}


Max number of edges with non zero Y: 26
Max number of iterations of outer rounding loop: 5
Max number of candidate sets: 2
Time spent rounding: 15.437
Time spent solving Separator LP: 0.723

LP Solver: GaifmanNormal