23, 2.118333232712634, 7.5, 8
+-- , 0 , {49, 3, 51, 47} , {'xL2J', 'xL14J', 'xL11J', 'xL1J', 'xL20J', 'xL8J', 'xL21J', 'xL28J', 'xL0J'}
| +-- , 49 , set() , {'xL2J', 'xL1J', 'xL34J', 'xL20J'}
| +-- , 3 , {45, 6} , {'xL2J', 'xL14J', 'xL22J', 'xL1J', 'xL38J', 'xL20J', 'xL8J', 'xL21J', 'xL11J', 'xL0J'}
| | +-- , 45 , set() , {'xL2J', 'xL38J', 'xL19J'}
| | +-- , 6 , {9} , {'xL14J', 'xL22J', 'xL38J', 'xL20J', 'xL21J', 'xL31J', 'xL2J', 'xL25J', 'xL1J', 'xL11J', 'xL0J'}
| | | +-- , 9 , {11} , {'xL14J', 'xL22J', 'xL38J', 'xL20J', 'xL21J', 'xL24J', 'xL31J', 'xL25J', 'xL1J', 'xL11J', 'xL0J'}
| | | | +-- , 11 , {41, 43, 15} , {'xL14J', 'xL38J', 'xL20J', 'xL21J', 'xL24J', 'xL31J', 'xL33J', 'xL12J', 'xL25J', 'xL1J', 'xL6J', 'xL37J', 'xL11J', 'xL0J'}
| | | | | +-- , 41 , set() , {'xL13J', 'xL38J', 'xL12J'}
| | | | | +-- , 43 , set() , {'xL26J', 'xL33J'}
| | | | | +-- , 15 , {18, 20} , {'xL14J', 'xL38J', 'xL20J', 'xL16J', 'xL24J', 'xL31J', 'xL33J', 'xL12J', 'xL25J', 'xL6J', 'xL1J', 'xL37J', 'xL10J', 'xL11J', 'xL0J'}
| | | | | | +-- , 18 , set() , {'xL11J', 'xL17J', 'xL38J', 'xL10J'}
| | | | | | +-- , 20 , {22} , {'xL14J', 'xL20J', 'xL16J', 'xL39J', 'xL31J', 'xL33J', 'xL12J', 'xL25J', 'xL6J', 'xL1J', 'xL37J', 'xL10J', 'xL11J', 'xL0J'}
| | | | | | | +-- , 22 , {24} , {'xL14J', 'xL20J', 'xL39J', 'xL18J', 'xL31J', 'xL33J', 'xL12J', 'xL25J', 'xL6J', 'xL1J', 'xL37J', 'xL10J', 'xL11J', 'xL0J'}
| | | | | | | | +-- , 24 , {27} , {'xL14J', 'xL5J', 'xL20J', 'xL39J', 'xL18J', 'xL31J', 'xL33J', 'xL12J', 'xL9J', 'xL25J', 'xL6J', 'xL1J', 'xL37J', 'xL11J', 'xL0J'}
| | | | | | | | | +-- , 27 , {29} , {'xL14J', 'xL5J', 'xL20J', 'xL18J', 'xL31J', 'xL33J', 'xL12J', 'xL9J', 'xL1J', 'xL6J', 'xL3J', 'xL11J', 'xL0J'}
| | | | | | | | | | +-- , 29 , {31} , {'xL5J', 'xL20J', 'xL30J', 'xL18J', 'xL31J', 'xL33J', 'xL12J', 'xL9J', 'xL1J', 'xL6J', 'xL3J', 'xL11J', 'xL0J'}
| | | | | | | | | | | +-- , 31 , {33, 35, 37} , {'xL12J', 'xL9J', 'xL5J', 'xL1J', 'xL6J', 'xL20J', 'xL3J', 'xL30J', 'xL32J', 'xL11J', 'xL18J', 'xL31J', 'xL33J'}
| | | | | | | | | | | | +-- , 33 , set() , {'xL5J', 'xL1J', 'xL7J', 'xL36J', 'xL20J', 'xL27J', 'xL31J', 'xL18J', 'xL32J', 'xL33J'}
| | | | | | | | | | | | +-- , 35 , set() , {'xL11J', 'xL4J', 'xL18J', 'xL32J'}
| | | | | | | | | | | | +-- , 37 , {39} , {'xL12J', 'xL9J', 'xL5J', 'xL15J', 'xL6J', 'xL32J'}
| | | | | | | | | | | | | +-- , 39 , set() , {'xL5J', 'xL15J', 'xL12J', 'xL23J'}
| +-- , 51 , set() , {'xL29J', 'xL11J', 'xL8J'}
| +-- , 47 , set() , {'xL11J', 'xL14J', 'xL35J', 'xL21J'}


Max number of edges with non zero Y: 21
Max number of iterations of outer rounding loop: 6
Max number of candidate sets: 2
Time spent rounding: 44.651
Time spent solving Separator LP: 0.888

LP Solver: GaifmanNormal