19, 2.212829704985463, 8.5, 9
+-- , 0 , {42, 38, 6, 40} , {'xL14J', 'xL12J', 'xL5J', 'xL18J', 'xL38J', 'xL36J', 'xL20J', 'xL3J', 'xL13J', 'xL21J', 'xL10J', 'xL27J', 'xL24J', 'xL31J', 'xL0J'}
| +-- , 42 , set() , {'xL28J', 'xL0J'}
| +-- , 38 , set() , {'xL5J', 'xL12J', 'xL21J', 'xL37J'}
| +-- , 6 , {34, 9, 13} , {'xL14J', 'xL5J', 'xL38J', 'xL36J', 'xL20J', 'xL21J', 'xL24J', 'xL18J', 'xL31J', 'xL12J', 'xL17J', 'xL6J', 'xL3J', 'xL10J', 'xL27J', 'xL0J'}
| | +-- , 34 , {36} , {'xL6J', 'xL36J', 'xL24J', 'xL33J'}
| | | +-- , 36 , set() , {'xL26J', 'xL33J'}
| | +-- , 9 , {11} , {'xL14J', 'xL5J', 'xL6J', 'xL20J', 'xL39J', 'xL10J', 'xL31J'}
| | | +-- , 11 , set() , {'xL20J', 'xL16J', 'xL39J', 'xL10J', 'xL31J'}
| | +-- , 13 , {16, 22, 28, 30} , {'xL14J', 'xL5J', 'xL38J', 'xL36J', 'xL20J', 'xL21J', 'xL24J', 'xL18J', 'xL31J', 'xL12J', 'xL9J', 'xL17J', 'xL6J', 'xL3J', 'xL11J', 'xL27J', 'xL0J'}
| | | +-- , 16 , {18} , {'xL5J', 'xL36J', 'xL30J', 'xL18J', 'xL12J', 'xL9J', 'xL6J', 'xL3J', 'xL11J', 'xL27J', 'xL4J', 'xL0J'}
| | | | +-- , 18 , {20} , {'xL12J', 'xL9J', 'xL5J', 'xL7J', 'xL6J', 'xL15J', 'xL36J', 'xL3J', 'xL30J', 'xL27J', 'xL4J', 'xL32J'}
| | | | | +-- , 20 , set() , {'xL5J', 'xL15J', 'xL12J', 'xL23J'}
| | | +-- , 22 , {24} , {'xL5J', 'xL1J', 'xL38J', 'xL20J', 'xL24J', 'xL21J', 'xL11J', 'xL27J', 'xL18J', 'xL31J'}
| | | | +-- , 24 , {26} , {'xL34J', 'xL22J', 'xL1J', 'xL38J', 'xL20J', 'xL11J', 'xL24J', 'xL31J'}
| | | | | +-- , 26 , set() , {'xL2J', 'xL34J', 'xL22J', 'xL38J', 'xL11J', 'xL19J', 'xL31J'}
| | | +-- , 28 , set() , {'xL11J', 'xL14J', 'xL35J', 'xL21J'}
| | | +-- , 30 , {32} , {'xL8J', 'xL14J', 'xL11J', 'xL38J'}
| | | | +-- , 32 , set() , {'xL29J', 'xL11J', 'xL8J'}
| +-- , 40 , set() , {'xL5J', 'xL25J', 'xL38J', 'xL31J', 'xL0J'}


Max number of edges with non zero Y: 20
Max number of iterations of outer rounding loop: 6
Max number of candidate sets: 2
Time spent rounding: 25.582
Time spent solving Separator LP: 0.472

LP Solver: GaifmanNormal