9, 2.280234753723138, 5.331658291457287, 8
+-- , 0 , {20, 6} , {'xL15J', 'xL0J', 'xL21J', 'xL26J', 'xL23J', 'xL20J', 'xL36J', 'xL10J', 'xL14J', 'xL13J', 'xL32J', 'xL39J', 'xL30J', 'xL11J', 'xL3J', 'xL38J', 'xL17J', 'xL1J', 'xL6J', 'xL25J', 'xL33J', 'xL12J', 'xL27J', 'xL8J', 'xL4J', 'xL22J', 'xL28J', 'xL29J', 'xL16J', 'xL18J', 'xL35J', 'xL9J'}
| +-- , 20 , set() , {'xL32J', 'xL4J', 'xL5J', 'xL23J', 'xL22J', 'xL11J', 'xL28J', 'xL1J', 'xL29J', 'xL18J', 'xL10J', 'xL14J', 'xL35J', 'xL3J', 'xL9J', 'xL12J'}
| +-- , 6 , {8, 18} , {'xL15J', 'xL0J', 'xL21J', 'xL26J', 'xL23J', 'xL20J', 'xL36J', 'xL14J', 'xL13J', 'xL32J', 'xL39J', 'xL30J', 'xL11J', 'xL3J', 'xL38J', 'xL17J', 'xL1J', 'xL6J', 'xL35J', 'xL25J', 'xL33J', 'xL12J', 'xL27J', 'xL8J', 'xL4J', 'xL22J', 'xL28J', 'xL29J', 'xL16J', 'xL18J', 'xL24J', 'xL9J'}
| | +-- , 8 , {10} , {'xL15J', 'xL0J', 'xL21J', 'xL23J', 'xL20J', 'xL36J', 'xL7J', 'xL14J', 'xL13J', 'xL32J', 'xL39J', 'xL30J', 'xL11J', 'xL3J', 'xL38J', 'xL17J', 'xL1J', 'xL6J', 'xL35J', 'xL25J', 'xL33J', 'xL12J', 'xL27J', 'xL8J', 'xL4J', 'xL22J', 'xL28J', 'xL29J', 'xL16J', 'xL18J', 'xL24J', 'xL9J'}
| | | +-- , 10 , {16, 12} , {'xL15J', 'xL0J', 'xL21J', 'xL23J', 'xL20J', 'xL36J', 'xL7J', 'xL14J', 'xL13J', 'xL32J', 'xL39J', 'xL11J', 'xL3J', 'xL38J', 'xL17J', 'xL1J', 'xL24J', 'xL6J', 'xL31J', 'xL25J', 'xL33J', 'xL12J', 'xL27J', 'xL8J', 'xL22J', 'xL28J', 'xL29J', 'xL16J', 'xL18J', 'xL35J', 'xL9J'}
| | | | +-- , 16 , set() , {'xL15J', 'xL0J', 'xL21J', 'xL23J', 'xL20J', 'xL14J', 'xL13J', 'xL32J', 'xL39J', 'xL37J', 'xL3J', 'xL24J', 'xL6J', 'xL31J', 'xL33J', 'xL27J', 'xL8J', 'xL22J', 'xL28J', 'xL29J', 'xL16J', 'xL18J', 'xL35J'}
| | | | +-- , 12 , {14} , {'xL38J', 'xL23J', 'xL20J', 'xL17J', 'xL36J', 'xL1J', 'xL7J', 'xL31J', 'xL35J', 'xL14J', 'xL25J', 'xL33J', 'xL12J', 'xL32J', 'xL22J', 'xL11J', 'xL28J', 'xL2J', 'xL29J', 'xL16J', 'xL18J', 'xL24J', 'xL3J', 'xL9J'}
| | | | | +-- , 14 , set() , {'xL19J', 'xL32J', 'xL25J', 'xL23J', 'xL22J', 'xL17J', 'xL2J', 'xL1J', 'xL18J', 'xL14J', 'xL24J', 'xL3J', 'xL9J', 'xL33J'}
| | +-- , 18 , set() , {'xL22J', 'xL30J', 'xL17J', 'xL34J', 'xL25J', 'xL24J', 'xL3J'}


Max number of edges with non zero Y: 30
Max number of iterations of outer rounding loop: 6
Max number of candidate sets: 2
Time spent rounding: 22.327
Time spent solving Separator LP: 11.284

LP Solver: GaifmanNormal7, 2.227151750527127, 5.53879781420765, 8
+-- , 0 , {17, 30} , {'xL6J', 'xL23J', 'xL13J', 'xL22J', 'xL19J', 'xL9J', 'xL28J', 'xL18J', 'xL21J', 'xL39J', 'xL24J', 'xL30J', 'xL35J', 'xL10J', 'xL2J', 'xL0J', 'xL37J', 'xL3J', 'xL29J', 'xL25J', 'xL15J', 'xL32J', 'xL31J', 'xL12J', 'xL1J', 'xL14J', 'xL33J', 'xL4J', 'xL38J', 'xL5J', 'xL17J'}
| +-- , 17 , {21} , {'xL6J', 'xL23J', 'xL13J', 'xL22J', 'xL9J', 'xL28J', 'xL18J', 'xL21J', 'xL39J', 'xL24J', 'xL30J', 'xL35J', 'xL10J', 'xL2J', 'xL0J', 'xL37J', 'xL16J', 'xL3J', 'xL29J', 'xL25J', 'xL7J', 'xL15J', 'xL32J', 'xL31J', 'xL12J', 'xL1J', 'xL14J', 'xL8J', 'xL33J', 'xL4J', 'xL38J', 'xL5J', 'xL17J'}
| | +-- , 21 , {23} , {'xL6J', 'xL23J', 'xL13J', 'xL22J', 'xL9J', 'xL28J', 'xL18J', 'xL21J', 'xL39J', 'xL24J', 'xL30J', 'xL35J', 'xL10J', 'xL2J', 'xL0J', 'xL37J', 'xL16J', 'xL3J', 'xL29J', 'xL25J', 'xL7J', 'xL15J', 'xL32J', 'xL12J', 'xL1J', 'xL14J', 'xL8J', 'xL33J', 'xL11J', 'xL4J', 'xL38J', 'xL5J', 'xL17J'}
| | | +-- , 23 , {26, 28} , {'xL6J', 'xL23J', 'xL13J', 'xL22J', 'xL9J', 'xL28J', 'xL21J', 'xL39J', 'xL24J', 'xL30J', 'xL35J', 'xL10J', 'xL2J', 'xL0J', 'xL37J', 'xL16J', 'xL3J', 'xL29J', 'xL25J', 'xL7J', 'xL32J', 'xL12J', 'xL27J', 'xL20J', 'xL1J', 'xL14J', 'xL8J', 'xL33J', 'xL11J', 'xL4J', 'xL38J', 'xL17J'}
| | | | +-- , 26 , set() , {'xL6J', 'xL23J', 'xL22J', 'xL9J', 'xL28J', 'xL21J', 'xL39J', 'xL24J', 'xL35J', 'xL2J', 'xL0J', 'xL16J', 'xL3J', 'xL29J', 'xL7J', 'xL36J', 'xL32J', 'xL12J', 'xL27J', 'xL20J', 'xL14J', 'xL8J', 'xL33J', 'xL11J', 'xL4J', 'xL17J'}
| | | | +-- , 28 , set() , {'xL26J', 'xL6J', 'xL23J', 'xL13J', 'xL22J', 'xL9J', 'xL28J', 'xL21J', 'xL24J', 'xL30J', 'xL0J', 'xL29J', 'xL25J', 'xL32J', 'xL20J', 'xL1J', 'xL14J', 'xL8J', 'xL33J', 'xL11J', 'xL38J'}
| +-- , 30 , set() , {'xL24J', 'xL30J', 'xL3J', 'xL25J', 'xL22J', 'xL34J', 'xL17J'}


Max number of edges with non zero Y: 32
Max number of iterations of outer rounding loop: 7
Max number of candidate sets: 2
Time spent rounding: 101.669
Time spent solving Separator LP: 28.846

LP Solver: GaifmanNormal