10, 2.1720686221163756, 5.027339642481598, 7
+-- , 0 , {31, 14} , {'xL0J', 'xL21J', 'xL23J', 'xL20J', 'xL36J', 'xL7J', 'xL10J', 'xL14J', 'xL13J', 'xL39J', 'xL37J', 'xL11J', 'xL30J', 'xL3J', 'xL38J', 'xL24J', 'xL6J', 'xL31J', 'xL27J', 'xL12J', 'xL8J', 'xL4J', 'xL22J', 'xL28J', 'xL2J', 'xL29J', 'xL16J', 'xL18J', 'xL35J', 'xL9J'}
| +-- , 31 , set() , {'xL15J', 'xL0J', 'xL21J', 'xL23J', 'xL7J', 'xL14J', 'xL13J', 'xL39J', 'xL37J', 'xL30J', 'xL11J', 'xL38J', 'xL24J', 'xL6J', 'xL31J', 'xL12J', 'xL8J', 'xL22J', 'xL28J', 'xL29J', 'xL18J', 'xL35J'}
| +-- , 14 , {17} , {'xL0J', 'xL21J', 'xL23J', 'xL20J', 'xL36J', 'xL7J', 'xL10J', 'xL14J', 'xL13J', 'xL32J', 'xL37J', 'xL30J', 'xL11J', 'xL3J', 'xL38J', 'xL24J', 'xL6J', 'xL31J', 'xL33J', 'xL12J', 'xL27J', 'xL8J', 'xL4J', 'xL22J', 'xL28J', 'xL2J', 'xL29J', 'xL16J', 'xL18J', 'xL35J', 'xL9J'}
| | +-- , 17 , {19, 29} , {'xL0J', 'xL21J', 'xL23J', 'xL20J', 'xL36J', 'xL7J', 'xL10J', 'xL14J', 'xL13J', 'xL32J', 'xL30J', 'xL11J', 'xL3J', 'xL38J', 'xL1J', 'xL24J', 'xL6J', 'xL31J', 'xL33J', 'xL12J', 'xL27J', 'xL8J', 'xL4J', 'xL22J', 'xL28J', 'xL2J', 'xL29J', 'xL16J', 'xL18J', 'xL35J', 'xL9J'}
| | | +-- , 19 , {21} , {'xL0J', 'xL21J', 'xL23J', 'xL20J', 'xL36J', 'xL7J', 'xL14J', 'xL13J', 'xL32J', 'xL30J', 'xL11J', 'xL3J', 'xL38J', 'xL17J', 'xL1J', 'xL24J', 'xL6J', 'xL31J', 'xL33J', 'xL12J', 'xL27J', 'xL8J', 'xL4J', 'xL22J', 'xL28J', 'xL2J', 'xL29J', 'xL16J', 'xL18J', 'xL35J', 'xL9J'}
| | | | +-- , 21 , {23, 25, 27} , {'xL0J', 'xL21J', 'xL38J', 'xL23J', 'xL20J', 'xL17J', 'xL1J', 'xL7J', 'xL6J', 'xL31J', 'xL14J', 'xL25J', 'xL33J', 'xL12J', 'xL13J', 'xL32J', 'xL8J', 'xL4J', 'xL22J', 'xL30J', 'xL11J', 'xL28J', 'xL2J', 'xL29J', 'xL16J', 'xL18J', 'xL24J', 'xL3J', 'xL9J'}
| | | | | +-- , 23 , set() , {'xL22J', 'xL30J', 'xL17J', 'xL34J', 'xL25J', 'xL24J', 'xL3J'}
| | | | | +-- , 25 , set() , {'xL19J', 'xL32J', 'xL25J', 'xL23J', 'xL22J', 'xL17J', 'xL2J', 'xL1J', 'xL18J', 'xL14J', 'xL24J', 'xL3J', 'xL9J', 'xL33J'}
| | | | | +-- , 27 , set() , {'xL0J', 'xL21J', 'xL26J', 'xL23J', 'xL20J', 'xL14J', 'xL13J', 'xL32J', 'xL30J', 'xL11J', 'xL38J', 'xL1J', 'xL6J', 'xL25J', 'xL33J', 'xL8J', 'xL22J', 'xL28J', 'xL29J', 'xL24J', 'xL9J'}
| | | +-- , 29 , set() , {'xL32J', 'xL4J', 'xL5J', 'xL23J', 'xL22J', 'xL11J', 'xL28J', 'xL1J', 'xL29J', 'xL18J', 'xL10J', 'xL14J', 'xL35J', 'xL3J', 'xL9J', 'xL12J'}


Max number of edges with non zero Y: 29
Max number of iterations of outer rounding loop: 6
Max number of candidate sets: 2
Time spent rounding: 55.205
Time spent solving Separator LP: 13.781

LP Solver: GaifmanNormal8, 2.2540720870392565, 5.128962923159592, 7
+-- , 0 , {16, 24, 26, 28} , {'xL26J', 'xL6J', 'xL23J', 'xL13J', 'xL22J', 'xL9J', 'xL28J', 'xL18J', 'xL24J', 'xL30J', 'xL35J', 'xL2J', 'xL0J', 'xL37J', 'xL16J', 'xL3J', 'xL29J', 'xL25J', 'xL7J', 'xL36J', 'xL32J', 'xL31J', 'xL12J', 'xL27J', 'xL20J', 'xL1J', 'xL14J', 'xL8J', 'xL33J', 'xL11J', 'xL4J', 'xL17J'}
| +-- , 16 , {18} , {'xL26J', 'xL6J', 'xL23J', 'xL13J', 'xL22J', 'xL9J', 'xL28J', 'xL18J', 'xL21J', 'xL24J', 'xL30J', 'xL35J', 'xL2J', 'xL0J', 'xL37J', 'xL16J', 'xL3J', 'xL29J', 'xL25J', 'xL7J', 'xL36J', 'xL32J', 'xL31J', 'xL12J', 'xL27J', 'xL14J', 'xL8J', 'xL33J', 'xL11J', 'xL4J'}
| | +-- , 18 , {20} , {'xL26J', 'xL6J', 'xL23J', 'xL13J', 'xL22J', 'xL9J', 'xL28J', 'xL18J', 'xL21J', 'xL24J', 'xL30J', 'xL35J', 'xL2J', 'xL0J', 'xL37J', 'xL16J', 'xL29J', 'xL25J', 'xL7J', 'xL36J', 'xL31J', 'xL12J', 'xL27J', 'xL14J', 'xL8J', 'xL11J', 'xL4J', 'xL38J'}
| | | +-- , 20 , {22} , {'xL6J', 'xL23J', 'xL13J', 'xL22J', 'xL9J', 'xL28J', 'xL18J', 'xL21J', 'xL24J', 'xL30J', 'xL35J', 'xL0J', 'xL37J', 'xL16J', 'xL29J', 'xL7J', 'xL36J', 'xL15J', 'xL31J', 'xL12J', 'xL27J', 'xL14J', 'xL8J', 'xL11J', 'xL4J', 'xL38J'}
| | | | +-- , 22 , set() , {'xL6J', 'xL23J', 'xL13J', 'xL9J', 'xL28J', 'xL18J', 'xL21J', 'xL39J', 'xL24J', 'xL35J', 'xL0J', 'xL37J', 'xL16J', 'xL29J', 'xL7J', 'xL36J', 'xL15J', 'xL31J', 'xL12J', 'xL27J', 'xL14J', 'xL4J', 'xL38J'}
| +-- , 24 , set() , {'xL6J', 'xL23J', 'xL22J', 'xL9J', 'xL28J', 'xL18J', 'xL30J', 'xL35J', 'xL10J', 'xL0J', 'xL3J', 'xL29J', 'xL32J', 'xL12J', 'xL27J', 'xL20J', 'xL1J', 'xL14J', 'xL11J', 'xL4J', 'xL5J'}
| +-- , 26 , set() , {'xL14J', 'xL24J', 'xL33J', 'xL2J', 'xL32J', 'xL23J', 'xL18J', 'xL3J', 'xL25J', 'xL22J', 'xL9J', 'xL17J', 'xL19J', 'xL1J'}
| +-- , 28 , set() , {'xL24J', 'xL30J', 'xL3J', 'xL25J', 'xL22J', 'xL34J', 'xL17J'}


Max number of edges with non zero Y: 31
Max number of iterations of outer rounding loop: 7
Max number of candidate sets: 2
Time spent rounding: 73.867
Time spent solving Separator LP: 19.414

LP Solver: GaifmanNormal