20, 3.0784029587378425, 7.0, 7
+-- , 0 , {5, 9, 42, 44, 46} , {'xL12J', 'xL15J', 'xL29J', 'xL26J', 'xL5J', 'xL31J', 'xL17J', 'xL4J', 'xL11J', 'xL21J', 'xL7J', 'xL0J', 'xL28J', 'xL37J'}
| +-- , 5 , {7} , {'xL38J', 'xL29J', 'xL26J', 'xL5J', 'xL21J', 'xL7J', 'xL15J'}
| | +-- , 7 , set() , {'xL38J', 'xL27J', 'xL29J', 'xL21J', 'xL7J', 'xL15J'}
| +-- , 9 , {32, 36, 15} , {'xL12J', 'xL15J', 'xL31J', 'xL17J', 'xL25J', 'xL23J', 'xL11J', 'xL21J', 'xL0J', 'xL13J', 'xL16J', 'xL28J', 'xL37J'}
| | +-- , 32 , {34} , {'xL11J', 'xL21J', 'xL13J', 'xL24J', 'xL28J'}
| | | +-- , 34 , set() , {'xL21J', 'xL24J', 'xL36J', 'xL13J'}
| | +-- , 36 , {38} , {'xL12J', 'xL31J', 'xL25J', 'xL32J', 'xL28J'}
| | | +-- , 38 , {40} , {'xL25J', 'xL8J', 'xL32J', 'xL12J', 'xL31J'}
| | | | +-- , 40 , set() , {'xL8J', 'xL25J', 'xL39J'}
| | +-- , 15 , {17} , {'xL12J', 'xL25J', 'xL23J', 'xL16J', 'xL15J', 'xL37J', 'xL31J', 'xL21J', 'xL35J', 'xL0J', 'xL13J', 'xL28J'}
| | | +-- , 17 , {20} , {'xL12J', 'xL30J', 'xL25J', 'xL23J', 'xL37J', 'xL15J', 'xL20J', 'xL31J', 'xL21J', 'xL35J', 'xL0J', 'xL13J', 'xL28J'}
| | | | +-- , 20 , {28, 22} , {'xL12J', 'xL30J', 'xL25J', 'xL23J', 'xL15J', 'xL37J', 'xL2J', 'xL20J', 'xL31J', 'xL35J', 'xL0J', 'xL13J'}
| | | | | +-- , 28 , {30} , {'xL2J', 'xL23J', 'xL19J', 'xL20J'}
| | | | | | +-- , 30 , set() , {'xL23J', 'xL20J', 'xL19J', 'xL33J'}
| | | | | +-- , 22 , {24} , {'xL2J', 'xL3J', 'xL12J', 'xL30J', 'xL31J', 'xL25J', 'xL35J', 'xL0J', 'xL13J', 'xL37J'}
| | | | | | +-- , 24 , {26} , {'xL2J', 'xL3J', 'xL12J', 'xL31J', 'xL9J', 'xL35J', 'xL10J', 'xL13J', 'xL37J', 'xL18J'}
| | | | | | | +-- , 26 , set() , {'xL2J', 'xL9J', 'xL6J', 'xL37J', 'xL18J'}
| +-- , 42 , set() , {'xL34J', 'xL4J'}
| +-- , 44 , set() , {'xL29J', 'xL22J', 'xL14J', 'xL11J', 'xL4J', 'xL0J'}
| +-- , 46 , set() , {'xL29J', 'xL1J', 'xL4J'}


Max number of edges with non zero Y: 29
Max number of iterations of outer rounding loop: 6
Max number of candidate sets: 2
Time spent rounding: 17.253
Time spent solving Separator LP: 0.783

LP Solver: GaifmanBoosted