18, 2.603646348516459, 8.0, 8
+-- , 0 , {32, 34, 36, 38, 6, 8, 30} , {'xL27J', 'xL3J', 'xL8J', 'xL4J', 'xL15J', 'xL37J', 'xL38J', 'xL2J', 'xL29J', 'xL5J', 'xL31J', 'xL9J', 'xL21J', 'xL0J', 'xL13J', 'xL18J'}
| +-- , 32 , set() , {'xL2J', 'xL9J', 'xL6J', 'xL37J', 'xL18J'}
| +-- , 34 , set() , {'xL34J', 'xL4J'}
| +-- , 36 , set() , {'xL29J', 'xL1J', 'xL4J'}
| +-- , 38 , set() , {'xL9J', 'xL2J', 'xL10J', 'xL13J'}
| +-- , 6 , set() , {'xL27J', 'xL38J', 'xL7J', 'xL0J', 'xL37J'}
| +-- , 8 , {10} , {'xL3J', 'xL12J', 'xL8J', 'xL4J', 'xL15J', 'xL37J', 'xL38J', 'xL2J', 'xL29J', 'xL5J', 'xL31J', 'xL9J', 'xL21J', 'xL0J', 'xL13J', 'xL18J'}
| | +-- , 10 , {12} , {'xL3J', 'xL12J', 'xL8J', 'xL26J', 'xL4J', 'xL15J', 'xL37J', 'xL38J', 'xL2J', 'xL29J', 'xL31J', 'xL9J', 'xL21J', 'xL0J', 'xL19J', 'xL13J'}
| | | +-- , 12 , {16, 14} , {'xL3J', 'xL12J', 'xL8J', 'xL26J', 'xL4J', 'xL15J', 'xL2J', 'xL29J', 'xL31J', 'xL9J', 'xL21J', 'xL35J', 'xL0J', 'xL19J', 'xL13J'}
| | | | +-- , 16 , {18} , {'xL3J', 'xL12J', 'xL8J', 'xL26J', 'xL4J', 'xL23J', 'xL29J', 'xL31J', 'xL21J', 'xL35J', 'xL0J', 'xL19J', 'xL13J'}
| | | | | +-- , 18 , {28, 20} , {'xL3J', 'xL12J', 'xL8J', 'xL26J', 'xL25J', 'xL4J', 'xL23J', 'xL33J', 'xL29J', 'xL20J', 'xL31J', 'xL21J', 'xL0J', 'xL19J', 'xL13J', 'xL32J'}
| | | | | | +-- , 28 , set() , {'xL8J', 'xL25J', 'xL39J'}
| | | | | | +-- , 20 , {24, 22} , {'xL26J', 'xL14J', 'xL17J', 'xL25J', 'xL4J', 'xL23J', 'xL29J', 'xL20J', 'xL21J', 'xL32J', 'xL0J', 'xL13J', 'xL28J'}
| | | | | | | +-- , 24 , {26} , {'xL24J', 'xL14J', 'xL11J', 'xL17J', 'xL23J', 'xL21J', 'xL13J', 'xL28J'}
| | | | | | | | +-- , 26 , set() , {'xL21J', 'xL24J', 'xL36J', 'xL13J'}
| | | | | | | +-- , 22 , set() , {'xL29J', 'xL22J', 'xL0J', 'xL14J'}
| | | | +-- , 14 , set() , {'xL16J', 'xL35J', 'xL15J', 'xL31J'}
| +-- , 30 , set() , {'xL3J', 'xL30J', 'xL15J'}


Max number of edges with non zero Y: 24
Max number of iterations of outer rounding loop: 7
Max number of candidate sets: 2
Time spent rounding: 9.139
Time spent solving Separator LP: 0.418

LP Solver: GaifmanNormal