12, 1.9939015354689784, 6.5, 7
+-- , 0 , {27, 7} , {'xL15J', 'xL8J', 'xL19J', 'xL2J', 'xL24J', 'xL13J', 'xL5J', 'xL9J', 'xL6J', 'xL7J', 'xL17J', 'xL23J', 'xL20J'}
| +-- , 27 , set() , {'xL5J', 'xL9J', 'xL6J', 'xL7J', 'xL17J', 'xL14J'}
| +-- , 7 , {9, 15} , {'xL15J', 'xL8J', 'xL19J', 'xL2J', 'xL18J', 'xL24J', 'xL13J', 'xL5J', 'xL9J', 'xL6J', 'xL7J', 'xL23J', 'xL20J'}
| | +-- , 9 , {11, 13} , {'xL20J', 'xL2J', 'xL6J', 'xL18J', 'xL10J', 'xL19J'}
| | | +-- , 11 , set() , {'xL11J', 'xL6J', 'xL19J', 'xL10J', 'xL18J'}
| | | +-- , 13 , set() , {'xL0J', 'xL2J', 'xL10J'}
| | +-- , 15 , {17} , {'xL15J', 'xL8J', 'xL18J', 'xL13J', 'xL5J', 'xL9J', 'xL6J', 'xL7J', 'xL16J', 'xL23J', 'xL20J'}
| | | +-- , 17 , {19} , {'xL15J', 'xL8J', 'xL18J', 'xL5J', 'xL9J', 'xL3J', 'xL6J', 'xL7J', 'xL16J', 'xL23J', 'xL20J'}
| | | | +-- , 19 , {21, 23, 25} , {'xL12J', 'xL9J', 'xL3J', 'xL6J', 'xL7J', 'xL15J', 'xL8J', 'xL16J', 'xL23J', 'xL18J', 'xL20J'}
| | | | | +-- , 21 , set() , {'xL15J', 'xL16J', 'xL21J', 'xL12J'}
| | | | | +-- , 23 , set() , {'xL12J', 'xL1J', 'xL6J', 'xL15J', 'xL16J', 'xL23J', 'xL18J'}
| | | | | +-- , 25 , set() , {'xL12J', 'xL4J', 'xL3J', 'xL7J', 'xL15J', 'xL16J', 'xL8J', 'xL23J', 'xL22J', 'xL20J'}


Max number of edges with non zero Y: 20
Max number of iterations of outer rounding loop: 5
Max number of candidate sets: 2
Time spent rounding: 26.879
Time spent solving Separator LP: 0.723
Total time spent solving: 31.327

LP Solver: GaifmanBoosted
Lower Bound Witness = ({'xL21J', 'xL12J', 'xL15J', 'xL8J', 'xL19J', 'xL0J', 'xL5J', 'xL3J', 'xL17J', 'xL23J', 'xL22J', 'xL20J', 'xL4J', 'xL2J', 'xL18J', 'xL24J', 'xL13J', 'xL11J', 'xL9J', 'xL1J', 'xL6J', 'xL7J', 'xL16J', 'xL10J', 'xL14J'}, {'xL24J', 'xL9J', 'xL6J', 'xL7J', 'xL15J', 'xL8J', 'xL17J', 'xL19J', 'xL23J', 'xL2J', 'xL20J', 'xL13J'})