13, 3.190185329126315, 9.8, 12
+-- , 0 , {3, 37} , {'13', '12', '36', '51', '34', '10', '25', '50', '16', '18', '26', '14', '27', '48', '28', '32', '37', '9', '20', '57', '8'}
| +-- , 3 , {5} , {'12', '34', '25', '50', '16', '18', '32', '29', '8', '13', '36', '10', '26', '14', '27', '52', '48', '28', '37', '9', '20', '57'}
| | +-- , 5 , {12} , {'12', '34', '17', '24', '25', '50', '16', '18', '1', '3', '32', '29', '42', '44', '8', '13', '36', '10', '2', '26', '14', '27', '43', '52', '59', '48', '28', '9', '20', '57'}
| | | +-- , 12 , {35, 19} , {'5', '12', '34', '40', '58', '4', '17', '24', '25', '46', '18', '16', '50', '1', '3', '32', '29', '42', '45', '44', '8', '13', '36', '10', '2', '26', '14', '47', '59', '43', '27', '52', '48', '9', '20', '57'}
| | | | +-- , 35 , set() , {'5', '58', '4', '50', '16', '18', '6', '32', '42', '45', '33', '36', '2', '55', '14', '47', '59', '52', '9'}
| | | | +-- , 19 , {33, 23} , {'5', '12', '19', '40', '34', '58', '4', '17', '24', '25', '46', '1', '18', '16', '56', '50', '32', '29', '42', '45', '49', '44', '8', '13', '36', '10', '38', '2', '26', '14', '47', '27', '43', '52', '48', '9', '20', '57'}
| | | | | +-- , 33 , set() , {'39', '5', '12', '43', '10', '58', '29', '42', '2', '38', '53', '44'}
| | | | | +-- , 23 , {25} , {'19', '40', '34', '58', '4', '17', '24', '25', '46', '41', '18', '1', '16', '56', '32', '29', '42', '45', '49', '44', '8', '13', '36', '10', '38', '2', '26', '14', '47', '27', '43', '52', '48', '9', '20', '57'}
| | | | | | +-- , 25 , {27, 29, 31} , {'19', '40', '34', '58', '4', '17', '24', '25', '46', '1', '41', '18', '16', '56', '32', '29', '42', '49', '44', '8', '13', '36', '7', '10', '38', '2', '14', '47', '27', '43', '52', '9', '57'}
| | | | | | | +-- , 27 , set() , {'23', '40', '34', '58', '17', '24', '25', '16', '41', '11', '32', '44', '8', '7', '10', '30', '38', '35', '31', '47', '27', '43', '52', '9'}
| | | | | | | +-- , 29 , set() , {'13', '19', '14', '7', '41', '32', '58', '29', '54', '2', '22', '49', '18'}
| | | | | | | +-- , 31 , set() , {'0', '36', '7', '41', '40', '4', '38', '57', '56'}
| +-- , 37 , set() , {'13', '28', '10', '15', '18'}


Max number of edges with non zero Y: 37
Max number of iterations of outer rounding loop: 10
Max number of candidate sets: 2
Time spent rounding: 124.213
Time spent solving Separator LP: 32.507

LP Solver: GaifmanNormal