21, 2.280015495083033, 8.5, 9
+-- , 0 , {8, 50} , {'xL27J', 'xL23J', 'xL38J', 'xL15J', 'xL37J', 'xL32J', 'xL2J', 'xL12J', 'xL11J', 'xL36J', 'xL22J', 'xL21J', 'xL20J', 'xL29J', 'xL1J'}
| +-- , 8 , {10, 14} , {'xL23J', 'xL38J', 'xL27J', 'xL15J', 'xL9J', 'xL37J', 'xL32J', 'xL12J', 'xL11J', 'xL36J', 'xL22J', 'xL17J', 'xL21J', 'xL20J', 'xL29J', 'xL1J'}
| | +-- , 10 , set() , {'xL36J', 'xL9J', 'xL19J'}
| | +-- , 14 , {16} , {'xL23J', 'xL38J', 'xL27J', 'xL18J', 'xL15J', 'xL9J', 'xL37J', 'xL12J', 'xL11J', 'xL36J', 'xL22J', 'xL17J', 'xL21J', 'xL20J', 'xL29J', 'xL1J'}
| | | +-- , 16 , {19} , {'xL27J', 'xL38J', 'xL18J', 'xL15J', 'xL9J', 'xL37J', 'xL39J', 'xL12J', 'xL11J', 'xL36J', 'xL22J', 'xL17J', 'xL21J', 'xL20J', 'xL26J', 'xL29J', 'xL1J'}
| | | | +-- , 19 , {48, 21, 46} , {'xL27J', 'xL38J', 'xL18J', 'xL15J', 'xL9J', 'xL37J', 'xL39J', 'xL28J', 'xL12J', 'xL11J', 'xL36J', 'xL22J', 'xL17J', 'xL21J', 'xL20J', 'xL26J', 'xL29J'}
| | | | | +-- , 48 , set() , {'xL36J', 'xL38J', 'xL7J', 'xL39J', 'xL28J'}
| | | | | +-- , 21 , {23} , {'xL27J', 'xL3J', 'xL18J', 'xL15J', 'xL9J', 'xL37J', 'xL28J', 'xL12J', 'xL11J', 'xL36J', 'xL22J', 'xL21J', 'xL20J', 'xL26J', 'xL29J'}
| | | | | | +-- , 23 , {40, 26} , {'xL27J', 'xL3J', 'xL15J', 'xL9J', 'xL37J', 'xL28J', 'xL30J', 'xL12J', 'xL11J', 'xL36J', 'xL22J', 'xL21J', 'xL20J', 'xL33J', 'xL26J', 'xL29J'}
| | | | | | | +-- , 40 , {42} , {'xL25J', 'xL22J', 'xL3J', 'xL9J', 'xL33J', 'xL29J', 'xL30J', 'xL11J'}
| | | | | | | | +-- , 42 , {44} , {'xL25J', 'xL3J', 'xL4J', 'xL9J', 'xL33J', 'xL30J', 'xL11J'}
| | | | | | | | | +-- , 44 , set() , {'xL30J', 'xL8J', 'xL4J', 'xL11J'}
| | | | | | | +-- , 26 , {28, 38} , {'xL27J', 'xL3J', 'xL15J', 'xL9J', 'xL37J', 'xL13J', 'xL28J', 'xL30J', 'xL12J', 'xL36J', 'xL22J', 'xL21J', 'xL33J', 'xL20J', 'xL26J'}
| | | | | | | | +-- , 28 , {30} , {'xL3J', 'xL15J', 'xL13J', 'xL37J', 'xL30J', 'xL12J', 'xL22J', 'xL10J', 'xL21J', 'xL20J', 'xL26J'}
| | | | | | | | | +-- , 30 , {32} , {'xL3J', 'xL34J', 'xL10J', 'xL15J', 'xL13J', 'xL37J', 'xL20J', 'xL21J', 'xL26J', 'xL30J'}
| | | | | | | | | | +-- , 32 , {34, 36} , {'xL3J', 'xL34J', 'xL15J', 'xL13J', 'xL37J', 'xL21J', 'xL20J', 'xL24J', 'xL30J'}
| | | | | | | | | | | +-- , 34 , set() , {'xL15J', 'xL35J', 'xL24J'}
| | | | | | | | | | | +-- , 36 , set() , {'xL3J', 'xL34J', 'xL21J', 'xL14J', 'xL24J'}
| | | | | | | | +-- , 38 , set() , {'xL36J', 'xL13J', 'xL37J', 'xL33J', 'xL31J', 'xL0J', 'xL5J'}
| | | | | +-- , 46 , set() , {'xL36J', 'xL16J', 'xL38J', 'xL20J', 'xL28J'}
| +-- , 50 , set() , {'xL27J', 'xL38J', 'xL6J'}


Max number of edges with non zero Y: 23
Max number of iterations of outer rounding loop: 6
Max number of candidate sets: 2
Time spent rounding: 49.589
Time spent solving Separator LP: 0.799

LP Solver: GaifmanNormal