18, 5.999998, 8.5, 9
+-- , 0 , {34, 36, 6, 40} , {'xL36J', 'xL27J', 'xL38J', 'xL22J', 'xL15J', 'xL13J', 'xL9J', 'xL7J', 'xL32J', 'xL33J', 'xL20J', 'xL19J', 'xL24J', 'xL1J'}
| +-- , 34 , set() , {'xL27J', 'xL38J', 'xL6J'}
| +-- , 36 , {38} , {'xL36J', 'xL22J', 'xL15J', 'xL13J', 'xL37J', 'xL33J', 'xL24J', 'xL5J'}
| | +-- , 38 , set() , {'xL13J', 'xL37J', 'xL31J', 'xL0J', 'xL5J'}
| +-- , 6 , {32, 9, 30} , {'xL27J', 'xL38J', 'xL15J', 'xL13J', 'xL9J', 'xL32J', 'xL28J', 'xL36J', 'xL22J', 'xL21J', 'xL33J', 'xL20J', 'xL7J', 'xL24J', 'xL1J'}
| | +-- , 32 , set() , {'xL38J', 'xL7J', 'xL39J', 'xL28J', 'xL1J'}
| | +-- , 9 , {11} , {'xL27J', 'xL38J', 'xL15J', 'xL13J', 'xL9J', 'xL32J', 'xL28J', 'xL22J', 'xL10J', 'xL21J', 'xL33J', 'xL20J', 'xL24J', 'xL29J', 'xL1J'}
| | | +-- , 11 , {14} , {'xL27J', 'xL38J', 'xL23J', 'xL13J', 'xL9J', 'xL32J', 'xL28J', 'xL22J', 'xL10J', 'xL21J', 'xL33J', 'xL26J', 'xL24J', 'xL29J', 'xL1J'}
| | | | +-- , 14 , {16, 18, 26} , {'xL23J', 'xL38J', 'xL27J', 'xL34J', 'xL13J', 'xL9J', 'xL3J', 'xL32J', 'xL28J', 'xL22J', 'xL10J', 'xL21J', 'xL33J', 'xL26J', 'xL24J', 'xL29J'}
| | | | | +-- , 16 , set() , {'xL3J', 'xL34J', 'xL21J', 'xL14J', 'xL24J'}
| | | | | +-- , 18 , {20} , {'xL23J', 'xL38J', 'xL4J', 'xL27J', 'xL3J', 'xL9J', 'xL32J', 'xL12J', 'xL22J', 'xL10J', 'xL33J', 'xL26J', 'xL24J', 'xL29J'}
| | | | | | +-- , 20 , {24, 22} , {'xL23J', 'xL38J', 'xL4J', 'xL22J', 'xL3J', 'xL33J', 'xL32J', 'xL2J', 'xL26J', 'xL24J', 'xL29J', 'xL30J', 'xL12J', 'xL11J'}
| | | | | | | +-- , 24 , set() , {'xL30J', 'xL8J', 'xL4J', 'xL11J'}
| | | | | | | +-- , 22 , set() , {'xL25J', 'xL22J', 'xL4J', 'xL29J', 'xL11J'}
| | | | | +-- , 26 , {28} , {'xL27J', 'xL23J', 'xL18J', 'xL3J', 'xL32J', 'xL28J'}
| | | | | | +-- , 28 , set() , {'xL27J', 'xL18J', 'xL17J', 'xL32J', 'xL28J'}
| | +-- , 30 , set() , {'xL36J', 'xL16J', 'xL38J', 'xL20J', 'xL28J'}
| +-- , 40 , set() , {'xL15J', 'xL35J', 'xL24J'}


Max number of edges with non zero Y: 6
Max number of iterations of outer rounding loop: 0
Max number of candidate sets: 0
Time spent rounding: 0.000
Time spent solving Separator LP: 22.925

LP Solver: GaifmanNormalILP