14, 3.165377662709683, 8.844748858447488, 13
+-- , 0 , {3} , {'58', '37', '12', '38', '6', '57', '2', '63', '15', '54', '7', '64', '16', '8', '49', '0', '4', '48', '18', '23', '50', '70', '31', '29', '36', '53', '46', '30', '5', '11', '65'}
| +-- , 3 , {7} , {'58', '37', '67', '12', '38', '44', '6', '57', '2', '15', '54', '7', '64', '51', '16', '8', '49', '1', '0', '4', '48', '18', '23', '20', '50', '39', '14', '42', '70', '31', '29', '36', '53', '46', '63', '5', '11', '65'}
| | +-- , 7 , {10, 31} , {'58', '37', '67', '12', '38', '44', '6', '57', '2', '25', '15', '54', '69', '7', '66', '10', '64', '51', '61', '16', '8', '49', '1', '0', '4', '60', '48', '23', '20', '50', '14', '39', '41', '42', '70', '31', '29', '36', '53', '47', '46', '63', '5', '11', '65'}
| | | +-- , 10 , {29, 12} , {'58', '37', '67', '12', '38', '44', '6', '57', '2', '25', '15', '69', '54', '7', '22', '66', '10', '64', '51', '61', '16', '8', '49', '1', '0', '60', '26', '48', '9', '23', '20', '50', '21', '13', '14', '39', '41', '42', '70', '31', '29', '36', '53', '47', '46', '63', '5', '11', '65'}
| | | | +-- , 29 , set() , {'67', '28', '44', '25', '54', '7', '22', '64', '61', '60', '26', '48', '9', '21', '13', '14', '42', '31', '29'}
| | | | +-- , 12 , {15} , {'37', '67', '38', '25', '15', '7', '66', '51', '8', '49', '0', '59', '48', '9', '13', '14', '41', '31', '29', '36', '47', '46', '5', '58', '44', '6', '57', '2', '69', '54', '65', '22', '10', '64', '61', '16', '35', '1', '26', '23', '20', '50', '21', '39', '42', '70', '53', '63', '11', '12'}
| | | | | +-- , 15 , {17, 19, 27} , {'58', '37', '67', '12', '19', '38', '44', '6', '57', '2', '25', '15', '69', '54', '7', '22', '66', '10', '64', '61', '16', '45', '8', '35', '49', '1', '0', '59', '26', '48', '9', '23', '20', '27', '50', '21', '13', '14', '39', '34', '41', '42', '70', '31', '29', '53', '47', '3', '17', '46', '63', '5', '11', '65'}
| | | | | | +-- , 17 , set() , {'58', '67', '19', '38', '44', '6', '57', '25', '69', '54', '22', '10', '16', '45', '8', '1', '49', '68', '59', '0', '9', '27', '50', '21', '13', '39', '34', '41', '29', '55', '53', '3', '17', '46', '63', '5', '11', '12'}
| | | | | | +-- , 19 , {21} , {'19', '38', '25', '15', '7', '66', '45', '8', '49', '0', '59', '48', '9', '34', '41', '29', '3', '17', '46', '58', '44', '6', '2', '54', '22', '64', '16', '35', '1', '26', '23', '27', '50', '39', '42', '70', '62', '53', '63', '52', '11', '65'}
| | | | | | | +-- , 21 , {23} , {'58', '19', '38', '44', '2', '25', '15', '54', '22', '66', '64', '45', '8', '35', '56', '49', '0', '59', '9', '23', '27', '50', '39', '34', '41', '42', '70', '29', '62', '53', '3', '17', '46', '63', '52', '11', '65'}
| | | | | | | | +-- , 23 , {25} , {'58', '44', '2', '25', '54', '22', '64', '45', '8', '35', '56', '49', '0', '59', '9', '23', '27', '50', '39', '34', '41', '42', '70', '29', '62', '24', '43', '53', '3', '17', '46', '11', '65'}
| | | | | | | | | +-- , 25 , set() , {'9', '23', '42', '27', '24', '8', '2', '35', '56', '25', '54', '46', '39', '32', '11'}
| | | | | | +-- , 27 , set() , {'69', '7', '22', '10', '64', '61', '35', '49', '26', '48', '9', '40', '27', '13', '39', '29', '53', '47', '17', '46', '65'}
| | | +-- , 31 , set() , {'44', '57', '25', '69', '7', '10', '66', '51', '61', '1', '0', '4', '60', '39', '41', '33', '42', '47', '12'}


Max number of edges with non zero Y: 40
Max number of iterations of outer rounding loop: 7
Max number of candidate sets: 2
Time spent rounding: 47.949
Time spent solving Separator LP: 21.227
Total time spent solving: 76.187

LP Solver: GaifmanNormal
Lower Bound Witness = ({'58', '37', '67', '28', '12', '38', '44', '6', '57', '2', '19', '25', '15', '69', '54', '7', '22', '66', '64', '10', '51', '16', '61', '45', '8', '35', '56', '1', '49', '68', '59', '0', '32', '60', '26', '48', '9', '23', '40', '20', '27', '50', '21', '13', '39', '14', '34', '41', '42', '70', '31', '29', '24', '36', '55', '53', '62', '43', '47', '3', '17', '46', '63', '52', '5', '11', '65'}, {'58', '37', '67', '12', '38', '44', '6', '57', '2', '25', '15', '69', '54', '7', '66', '64', '10', '51', '16', '61', '8', '1', '49', '0', '60', '48', '23', '20', '50', '14', '39', '41', '42', '70', '31', '29', '36', '53', '47', '46', '63', '5', '11', '65'})