13, 0, 9.837837837837839, 13
+-- , 0 , {5, 31} , {'67', '28', '19', '25', '15', '54', '7', '66', '64', '51', '61', '35', '1', '49', '0', '4', '26', '48', '9', '40', '21', '13', '14', '39', '33', '29', '62', '53', '47', '3', '46', '52', '5', '65'}
| +-- , 5 , {8} , {'67', '19', '25', '15', '7', '66', '51', '49', '0', '59', '68', '48', '9', '13', '14', '34', '33', '29', '47', '3', '46', '5', '58', '28', '57', '6', '54', '22', '10', '64', '61', '35', '1', '4', '40', '21', '39', '62', '53', '52', '11', '65'}
| | +-- , 8 , {29, 12} , {'58', '37', '67', '28', '19', '44', '6', '57', '25', '15', '54', '7', '22', '66', '10', '64', '51', '61', '8', '35', '49', '1', '68', '59', '0', '4', '48', '9', '40', '21', '14', '39', '34', '33', '29', '62', '55', '53', '47', '3', '46', '52', '5', '11', '65'}
| | | +-- , 29 , set() , {'64', '58', '37', '29', '8', '0', '30', '4'}
| | | +-- , 12 , {27, 15} , {'37', '67', '12', '19', '38', '25', '15', '7', '66', '51', '8', '49', '68', '59', '0', '48', '9', '14', '34', '41', '33', '29', '31', '47', '3', '46', '5', '58', '28', '44', '6', '57', '2', '54', '69', '22', '10', '64', '61', '16', '35', '1', '23', '40', '50', '21', '39', '42', '70', '62', '55', '53', '63', '52', '11', '65'}
| | | | +-- , 27 , set() , {'67', '6', '2', '25', '15', '7', '51', '61', '49', '59', '48', '18', '23', '50', '14', '39', '42', '70', '31', '36', '46', '63', '5', '12'}
| | | | +-- , 15 , {17, 25} , {'58', '67', '12', '19', '38', '44', '6', '57', '2', '25', '15', '69', '54', '22', '66', '64', '16', '45', '8', '35', '49', '68', '59', '0', '48', '9', '23', '40', '50', '14', '39', '34', '41', '42', '70', '31', '29', '62', '55', '53', '47', '3', '17', '46', '63', '52', '5', '11', '65'}
| | | | | +-- , 17 , {19} , {'19', '38', '25', '15', '66', '45', '8', '49', '68', '59', '0', '9', '34', '41', '31', '29', '47', '3', '17', '46', '58', '44', '6', '2', '69', '54', '22', '64', '35', '23', '40', '27', '50', '39', '42', '70', '62', '55', '53', '63', '52', '11', '65'}
| | | | | | +-- , 19 , {21} , {'58', '19', '38', '44', '2', '25', '15', '54', '22', '66', '64', '45', '8', '35', '56', '49', '0', '59', '9', '23', '27', '50', '39', '34', '41', '42', '70', '29', '62', '53', '3', '17', '46', '63', '52', '11', '65'}
| | | | | | | +-- , 21 , {23} , {'58', '44', '2', '25', '54', '22', '64', '45', '8', '35', '56', '49', '0', '59', '9', '23', '27', '50', '39', '34', '41', '42', '70', '29', '62', '24', '43', '53', '3', '17', '46', '11', '65'}
| | | | | | | | +-- , 23 , set() , {'9', '23', '42', '27', '24', '8', '2', '35', '56', '25', '54', '46', '39', '32', '11'}
| | | | | +-- , 25 , set() , {'58', '67', '38', '44', '57', '25', '69', '22', '8', '49', '48', '9', '20', '50', '39', '41', '42', '29', '53', '47', '3', '17', '63'}
| +-- , 31 , set() , {'67', '28', '25', '54', '7', '64', '51', '1', '0', '4', '60', '26', '48', '9', '13', '14', '39', '33', '29'}


Max number of edges with non zero Y: 40
Max number of iterations of outer rounding loop: 7
Max number of candidate sets: 2
Time spent rounding: 24.326
Time spent solving Separator LP: 0.091
Total time spent solving: 30.401

LP Solver: gammaPlusFractionalCoverHeuristic
Lower Bound Witness = ({'58', '37', '67', '28', '12', '38', '44', '6', '57', '2', '19', '25', '15', '69', '54', '7', '22', '66', '64', '10', '51', '16', '61', '45', '8', '35', '56', '1', '49', '30', '68', '59', '0', '32', '4', '60', '26', '48', '18', '23', '40', '9', '20', '27', '50', '21', '13', '39', '14', '34', '41', '33', '42', '70', '31', '29', '24', '36', '55', '53', '62', '43', '47', '3', '17', '46', '63', '52', '5', '11', '65'}, {'29', '28', '44', '39', '26'})