33, 1.0528965340050376, 4.0, 4
+-- , 0 , {35, 5} , {'xL2JL7J', 'xL6JL5J', 'xL3JL5J', 'xL6JL6J', 'xL4JL5J', 'xL1JL7J', 'xL7JL6J', 'xL4JL6J', 'xL5JL6J', 'xL2JL5J', 'xL5JL5J'}
| +-- , 35 , {37} , {'xL2JL7J', 'xL1JL7J', 'xL7JL7J', 'xL7JL6J', 'xL3JL7J'}
| | +-- , 37 , {39} , {'xL7JL7J', 'xL3JL8J', 'xL3JL7J'}
| | | +-- , 39 , {41} , {'xL9JL7J', 'xL7JL7J', 'xL3JL8J', 'xL5JL8J', 'xL4JL8J', 'xL8JL7J', 'xL6JL8J'}
| | | | +-- , 41 , {43, 70} , {'xL9JL7J', 'xL5JL8J', 'xL4JL8J', 'xL8JL7J', 'xL6JL8J', 'xL8JL9J', 'xL8JL10J'}
| | | | | +-- , 43 , {45} , {'xL5JL8J', 'xL4JL8J', 'xL8JL10J', 'xL6JL8J', 'xL8JL9J', 'xL7JL10J'}
| | | | | | +-- , 45 , {47} , {'xL5JL9J', 'xL5JL8J', 'xL4JL8J', 'xL4JL9J', 'xL6JL8J', 'xL8JL9J', 'xL7JL10J', 'xL6JL9J', 'xL7JL9J'}
| | | | | | | +-- , 47 , {49} , {'xL4JL10J', 'xL4JL11J', 'xL4JL8J', 'xL4JL9J', 'xL7JL11J', 'xL7JL10J', 'xL7JL12J', 'xL7JL9J'}
| | | | | | | | +-- , 49 , {51, 62} , {'xL3JL11J', 'xL4JL10J', 'xL4JL11J', 'xL7JL11J', 'xL7JL12J'}
| | | | | | | | | +-- , 51 , {58, 53} , {'xL3JL11J', 'xL2JL10J', 'xL4JL10J', 'xL3JL10J', 'xL1JL10J', 'xL3JL13J', 'xL3JL12J'}
| | | | | | | | | | +-- , 58 , {60} , {'xL1JL9J', 'xL2JL10J', 'xL1JL10J'}
| | | | | | | | | | | +-- , 60 , set() , {'xL1JL9J', 'xL2JL10J', 'xL2JL9J'}
| | | | | | | | | | +-- , 53 , {56} , {'xL3JL12J', 'xL2JL12J', 'xL1JL12J', 'xL3JL13J'}
| | | | | | | | | | | +-- , 56 , set() , {'xL1JL13J', 'xL3JL13J', 'xL2JL12J', 'xL1JL12J', 'xL2JL13J'}
| | | | | | | | | +-- , 62 , {64, 68} , {'xL6JL12J', 'xL3JL11J', 'xL6JL11J', 'xL4JL11J', 'xL7JL11J', 'xL9JL12J', 'xL5JL12J', 'xL5JL11J', 'xL8JL12J', 'xL7JL12J'}
| | | | | | | | | | +-- , 64 , {66} , {'xL9JL12J', 'xL8JL12J', 'xL8JL13J'}
| | | | | | | | | | | +-- , 66 , set() , {'xL9JL13J', 'xL9JL12J', 'xL8JL13J'}
| | | | | | | | | | +-- , 68 , set() , {'xL6JL12J', 'xL6JL13J', 'xL5JL13J', 'xL6JL11J', 'xL5JL12J', 'xL5JL11J'}
| | | | | +-- , 70 , set() , {'xL8JL8J', 'xL9JL7J', 'xL9JL8J', 'xL8JL7J', 'xL8JL9J', 'xL8JL10J'}
| +-- , 5 , {7} , {'xL6JL5J', 'xL3JL5J', 'xL2JL7J', 'xL6JL6J', 'xL1JL7J', 'xL2JL5J', 'xL6JL3J', 'xL6JL4J'}
| | +-- , 7 , {9} , {'xL2JL7J', 'xL3JL5J', 'xL1JL7J', 'xL1JL6J', 'xL2JL5J', 'xL6JL3J', 'xL6JL4J'}
| | | +-- , 9 , {11} , {'xL2JL7J', 'xL3JL5J', 'xL1JL6J', 'xL2JL6J', 'xL2JL5J', 'xL6JL3J', 'xL6JL4J'}
| | | | +-- , 11 , {13} , {'xL3JL4J', 'xL3JL5J', 'xL2JL7J', 'xL3JL3J', 'xL2JL4J', 'xL3JL2J', 'xL2JL6J', 'xL2JL5J', 'xL6JL3J', 'xL6JL4J'}
| | | | | +-- , 13 , {27, 15} , {'xL3JL2J', 'xL6JL3J', 'xL3JL3J', 'xL6JL4J', 'xL7JL3J'}
| | | | | | +-- , 27 , {33, 29} , {'xL5JL3J', 'xL7JL3J', 'xL2JL2J', 'xL3JL3J', 'xL5JL2J', 'xL4JL2J', 'xL3JL2J', 'xL6JL3J', 'xL1JL2J', 'xL4JL3J'}
| | | | | | | +-- , 33 , set() , {'xL5JL3J', 'xL5JL2J', 'xL4JL2J', 'xL4JL1J', 'xL5JL1J', 'xL4JL3J'}
| | | | | | | +-- , 29 , {31} , {'xL2JL2J', 'xL2JL1J', 'xL1JL2J'}
| | | | | | | | +-- , 31 , set() , {'xL2JL1J', 'xL1JL2J', 'xL1JL1J'}
| | | | | | +-- , 15 , {17, 21} , {'xL7JL4J', 'xL7JL1J', 'xL7JL2J', 'xL6JL4J', 'xL7JL3J'}
| | | | | | | +-- , 17 , set() , {'xL8JL2J', 'xL9JL2J', 'xL7JL1J', 'xL7JL2J', 'xL9JL1J', 'xL8JL1J'}
| | | | | | | +-- , 21 , {23} , {'xL7JL4J', 'xL8JL4J', 'xL9JL4J', 'xL6JL4J'}
| | | | | | | | +-- , 23 , {25} , {'xL8JL4J', 'xL8JL5J', 'xL9JL4J'}
| | | | | | | | | +-- , 25 , set() , {'xL9JL5J', 'xL9JL4J', 'xL8JL5J'}


Max number of edges with non zero Y: 7
Max number of iterations of outer rounding loop: 5
Max number of candidate sets: 2
Time spent rounding: 24.919
Time spent solving Separator LP: 3.358
Total time spent solving: 36.901

LP Solver: GaifmanNormal
Lower Bound Witness = ({'xL6JL6J', 'xL6JL13J', 'xL3JL3J', 'xL9JL8J', 'xL9JL1J', 'xL4JL6J', 'xL2JL5J', 'xL2JL13J', 'xL5JL13J', 'xL2JL10J', 'xL8JL2J', 'xL1JL6J', 'xL3JL10J', 'xL3JL12J', 'xL5JL6J', 'xL2JL12J', 'xL3JL7J', 'xL9JL13J', 'xL7JL10J', 'xL6JL11J', 'xL8JL4J', 'xL8JL12J', 'xL9JL4J', 'xL1JL12J', 'xL9JL7J', 'xL3JL8J', 'xL2JL1J', 'xL5JL8J', 'xL4JL8J', 'xL8JL1J', 'xL8JL8J', 'xL7JL2J', 'xL1JL7J', 'xL2JL4J', 'xL5JL12J', 'xL6JL8J', 'xL5JL5J', 'xL5JL1J', 'xL6JL4J', 'xL2JL2J', 'xL7JL1J', 'xL7JL12J', 'xL6JL12J', 'xL1JL13J', 'xL5JL3J', 'xL5JL9J', 'xL4JL5J', 'xL9JL12J', 'xL1JL2J', 'xL4JL3J', 'xL7JL3J', 'xL9JL2J', 'xL1JL1J', 'xL3JL13J', 'xL4JL1J', 'xL3JL5J', 'xL9JL5J', 'xL3JL11J', 'xL4JL11J', 'xL2JL7J', 'xL4JL10J', 'xL8JL13J', 'xL4JL9J', 'xL4JL2J', 'xL2JL6J', 'xL2JL9J', 'xL5JL11J', 'xL6JL3J', 'xL8JL10J', 'xL6JL9J', 'xL7JL9J', 'xL7JL6J', 'xL7JL11J', 'xL8JL9J', 'xL3JL4J', 'xL7JL7J', 'xL5JL2J', 'xL6JL5J', 'xL8JL5J', 'xL1JL10J', 'xL1JL9J', 'xL7JL4J', 'xL3JL2J', 'xL8JL7J'}, {'xL6JL5J', 'xL4JL5J', 'xL3JL11J', 'xL8JL2J', 'xL6JL11J', 'xL9JL4J', 'xL3JL7J', 'xL3JL12J', 'xL3JL2J', 'xL4JL6J', 'xL8JL12J', 'xL8JL10J', 'xL4JL3J'})