37, 1.3636363636363638, 4.0, 4
+-- , 0 , {3, 45} , {'xL11JL8J', 'xL2JL4J', 'xL13JL8J', 'xL12JL8J', 'xL11JL7J', 'xL2JL3J', 'xL11JL6J'}
| +-- , 3 , {8, 43} , {'xL13JL8J', 'xL12JL8J', 'xL10JL10J', 'xL8JL10J', 'xL12JL10J', 'xL8JL11J', 'xL7JL11J', 'xL7JL10J', 'xL11JL10J', 'xL2JL4J', 'xL2JL3J', 'xL9JL10J'}
| | +-- , 8 , {10, 39} , {'xL11JL10J', 'xL2JL4J', 'xL10JL10J', 'xL2JL3J', 'xL9JL10J', 'xL8JL8J', 'xL8JL9J', 'xL8JL10J', 'xL8JL11J'}
| | | +-- , 10 , {12} , {'xL2JL4J', 'xL6JL8J', 'xL5JL8J', 'xL2JL3J', 'xL8JL8J', 'xL7JL8J'}
| | | | +-- , 12 , {35, 14} , {'xL2JL4J', 'xL6JL8J', 'xL5JL8J', 'xL2JL3J', 'xL7JL8J', 'xL3JL5J', 'xL3JL6J'}
| | | | | +-- , 35 , {37} , {'xL3JL4J', 'xL2JL3J', 'xL2JL4J', 'xL3JL5J', 'xL3JL6J'}
| | | | | | +-- , 37 , set() , {'xL2JL4J', 'xL1JL4J', 'xL3JL4J', 'xL2JL3J', 'xL1JL3J'}
| | | | | +-- , 14 , {17} , {'xL5JL6J', 'xL5JL8J', 'xL6JL6J', 'xL1JL6J', 'xL7JL8J', 'xL2JL6J', 'xL6JL8J', 'xL4JL5J', 'xL3JL5J', 'xL4JL6J', 'xL3JL6J'}
| | | | | | +-- , 17 , {19} , {'xL5JL6J', 'xL6JL8J', 'xL4JL5J', 'xL4JL7J', 'xL5JL8J', 'xL4JL6J', 'xL6JL6J', 'xL1JL6J', 'xL7JL8J', 'xL2JL6J'}
| | | | | | | +-- , 19 , {21} , {'xL5JL6J', 'xL5JL8J', 'xL6JL6J', 'xL1JL6J', 'xL7JL8J', 'xL2JL6J', 'xL6JL8J', 'xL6JL7J', 'xL5JL7J', 'xL7JL7J', 'xL4JL7J'}
| | | | | | | | +-- , 21 , {23} , {'xL5JL10J', 'xL5JL6J', 'xL6JL8J', 'xL5JL8J', 'xL6JL9J', 'xL5JL9J', 'xL6JL6J', 'xL1JL6J', 'xL6JL7J', 'xL5JL7J', 'xL2JL6J'}
| | | | | | | | | +-- , 23 , {25} , {'xL5JL10J', 'xL4JL10J', 'xL2JL10J', 'xL1JL10J', 'xL3JL10J', 'xL1JL6J', 'xL2JL6J'}
| | | | | | | | | | +-- , 25 , {33, 27} , {'xL4JL10J', 'xL2JL10J', 'xL1JL10J', 'xL2JL9J', 'xL3JL10J', 'xL1JL6J', 'xL2JL8J', 'xL2JL6J'}
| | | | | | | | | | | +-- , 33 , set() , {'xL2JL10J', 'xL2JL7J', 'xL1JL7J', 'xL2JL9J', 'xL1JL6J', 'xL2JL8J', 'xL2JL6J'}
| | | | | | | | | | | +-- , 27 , {29, 31} , {'xL4JL10J', 'xL1JL10J', 'xL2JL9J', 'xL3JL10J', 'xL3JL11J', 'xL2JL8J'}
| | | | | | | | | | | | +-- , 29 , set() , {'xL3JL11J', 'xL4JL10J', 'xL4JL11J'}
| | | | | | | | | | | | +-- , 31 , set() , {'xL3JL8J', 'xL1JL10J', 'xL2JL9J', 'xL3JL10J', 'xL3JL11J', 'xL1JL9J', 'xL2JL8J', 'xL3JL9J'}
| | | +-- , 39 , {41} , {'xL11JL10J', 'xL10JL10J', 'xL10JL9J', 'xL9JL9J', 'xL9JL10J', 'xL8JL9J'}
| | | | +-- , 41 , set() , {'xL11JL10J', 'xL10JL9J', 'xL10JL10J', 'xL10JL11J', 'xL11JL11J'}
| | +-- , 43 , set() , {'xL13JL8J', 'xL12JL8J', 'xL12JL9J', 'xL12JL10J', 'xL13JL9J'}
| +-- , 45 , {47} , {'xL11JL7J', 'xL2JL3J', 'xL2JL4J', 'xL11JL6J', 'xL2JL2J'}
| | +-- , 47 , {49} , {'xL2JL2J', 'xL11JL6J', 'xL4JL2J', 'xL11JL7J', 'xL6JL2J', 'xL3JL2J', 'xL7JL2J', 'xL5JL2J'}
| | | +-- , 49 , {59, 51} , {'xL6JL4J', 'xL11JL6J', 'xL4JL2J', 'xL11JL7J', 'xL6JL2J', 'xL3JL2J', 'xL7JL2J', 'xL5JL2J'}
| | | | +-- , 59 , {61} , {'xL7JL4J', 'xL6JL4J', 'xL11JL7J', 'xL11JL6J', 'xL8JL4J', 'xL9JL4J'}
| | | | | +-- , 61 , {64} , {'xL7JL4J', 'xL10JL6J', 'xL11JL7J', 'xL10JL7J', 'xL10JL5J', 'xL11JL6J', 'xL8JL4J', 'xL9JL4J'}
| | | | | | +-- , 64 , {66} , {'xL7JL4J', 'xL10JL6J', 'xL9JL5J', 'xL8JL5J', 'xL8JL6J', 'xL10JL5J', 'xL9JL6J', 'xL12JL6J', 'xL9JL4J', 'xL7JL5J', 'xL13JL6J', 'xL11JL6J', 'xL8JL4J'}
| | | | | | | +-- , 66 , {68} , {'xL9JL5J', 'xL8JL5J', 'xL8JL3J', 'xL13JL6J', 'xL8JL6J', 'xL9JL2J', 'xL8JL4J', 'xL9JL6J', 'xL12JL6J', 'xL9JL4J', 'xL9JL3J'}
| | | | | | | | +-- , 68 , {70} , {'xL11JL2J', 'xL13JL2J', 'xL10JL2J', 'xL13JL6J', 'xL12JL2J', 'xL9JL2J', 'xL12JL6J'}
| | | | | | | | | +-- , 70 , {72, 78} , {'xL11JL2J', 'xL13JL2J', 'xL12JL3J', 'xL10JL2J', 'xL13JL6J', 'xL12JL2J', 'xL12JL4J', 'xL12JL6J'}
| | | | | | | | | | +-- , 72 , {74, 76} , {'xL11JL2J', 'xL11JL3J', 'xL13JL2J', 'xL12JL3J', 'xL10JL2J', 'xL12JL4J'}
| | | | | | | | | | | +-- , 74 , set() , {'xL13JL2J', 'xL12JL3J', 'xL13JL3J', 'xL11JL3J'}
| | | | | | | | | | | +-- , 76 , set() , {'xL10JL1J', 'xL11JL2J', 'xL11JL3J', 'xL10JL2J', 'xL11JL4J', 'xL12JL4J', 'xL11JL1J'}
| | | | | | | | | | +-- , 78 , set() , {'xL12JL5J', 'xL12JL3J', 'xL12JL2J', 'xL13JL6J', 'xL13JL5J', 'xL12JL4J', 'xL12JL6J'}
| | | | +-- , 51 , {53, 55} , {'xL6JL3J', 'xL6JL4J', 'xL6JL1J', 'xL4JL2J', 'xL6JL2J', 'xL3JL2J', 'xL7JL2J', 'xL5JL2J'}
| | | | | +-- , 53 , set() , {'xL7JL1J', 'xL6JL1J', 'xL7JL2J'}
| | | | | +-- , 55 , {57} , {'xL5JL3J', 'xL6JL3J', 'xL4JL3J', 'xL4JL2J', 'xL3JL2J', 'xL5JL2J'}
| | | | | | +-- , 57 , set() , {'xL4JL3J', 'xL3JL1J', 'xL4JL2J', 'xL4JL1J', 'xL3JL2J'}


Max number of edges with non zero Y: 6
Max number of iterations of outer rounding loop: 3
Max number of candidate sets: 2
Time spent rounding: 16.607
Time spent solving Separator LP: 0.938
Total time spent solving: 24.936

LP Solver: GaifmanBoosted
Lower Bound Witness = ({'xL10JL6J', 'xL1JL4J', 'xL1JL10J', 'xL10JL11J', 'xL13JL5J', 'xL8JL10J', 'xL7JL5J', 'xL6JL1J', 'xL9JL2J', 'xL5JL10J', 'xL7JL1J', 'xL9JL5J', 'xL13JL8J', 'xL12JL8J', 'xL3JL1J', 'xL11JL11J', 'xL7JL8J', 'xL8JL11J', 'xL2JL2J', 'xL3JL4J', 'xL12JL2J', 'xL1JL9J', 'xL9JL10J', 'xL3JL8J', 'xL12JL5J', 'xL6JL2J', 'xL12JL4J', 'xL12JL10J', 'xL9JL6J', 'xL2JL8J', 'xL9JL3J', 'xL11JL3J', 'xL11JL6J', 'xL3JL5J', 'xL3JL6J', 'xL5JL6J', 'xL4JL3J', 'xL5JL8J', 'xL11JL4J', 'xL1JL3J', 'xL7JL2J', 'xL12JL6J', 'xL10JL9J', 'xL9JL9J', 'xL10JL1J', 'xL2JL7J', 'xL8JL3J', 'xL8JL8J', 'xL8JL9J', 'xL11JL1J', 'xL7JL11J', 'xL2JL4J', 'xL6JL8J', 'xL3JL10J', 'xL5JL9J', 'xL12JL3J', 'xL6JL7J', 'xL7JL7J', 'xL4JL6J', 'xL11JL8J', 'xL12JL9J', 'xL10JL5J', 'xL3JL2J', 'xL2JL6J', 'xL11JL10J', 'xL11JL2J', 'xL2JL3J', 'xL13JL6J', 'xL4JL7J', 'xL5JL3J', 'xL8JL5J', 'xL13JL2J', 'xL10JL10J', 'xL2JL9J', 'xL3JL11J', 'xL8JL6J', 'xL5JL2J', 'xL9JL4J', 'xL13JL9J', 'xL6JL3J', 'xL2JL10J', 'xL4JL11J', 'xL4JL5J', 'xL6JL9J', 'xL4JL2J', 'xL13JL3J', 'xL8JL4J', 'xL5JL7J', 'xL7JL4J', 'xL4JL10J', 'xL6JL4J', 'xL11JL7J', 'xL6JL6J', 'xL10JL7J', 'xL4JL1J', 'xL1JL6J', 'xL10JL2J', 'xL3JL9J', 'xL7JL10J', 'xL1JL7J'}, {'xL10JL1J', 'xL2JL7J', 'xL12JL8J', 'xL8JL3J', 'xL7JL8J'})