35, 1.4722222222222223, 6.0, 6
+-- , 0 , {34, 5} , {'xL3JL8J', 'xL3JL5J', 'xL12JL8J', 'xL3JL10J', 'xL12JL9J', 'xL3JL11J', 'xL3JL4J', 'xL12JL10J', 'xL3JL9J', 'xL3JL6J'}
| +-- , 34 , {36} , {'xL2JL4J', 'xL1JL4J', 'xL12JL8J', 'xL12JL9J', 'xL3JL4J'}
| | +-- , 36 , {41, 79} , {'xL2JL4J', 'xL1JL4J', 'xL2JL2J', 'xL12JL8J', 'xL3JL1J', 'xL12JL9J', 'xL4JL2J', 'xL6JL2J', 'xL3JL2J', 'xL7JL2J', 'xL5JL2J'}
| | | +-- , 41 , {43} , {'xL12JL8J', 'xL3JL1J', 'xL12JL9J', 'xL4JL2J', 'xL4JL1J', 'xL6JL2J', 'xL7JL2J', 'xL5JL2J'}
| | | | +-- , 43 , {45} , {'xL4JL3J', 'xL12JL8J', 'xL12JL9J', 'xL4JL2J', 'xL4JL1J', 'xL6JL2J', 'xL7JL2J', 'xL5JL2J'}
| | | | | +-- , 45 , {47} , {'xL5JL3J', 'xL6JL3J', 'xL4JL3J', 'xL12JL8J', 'xL12JL9J', 'xL6JL2J', 'xL7JL2J', 'xL5JL2J'}
| | | | | | +-- , 47 , {49} , {'xL7JL1J', 'xL6JL3J', 'xL6JL4J', 'xL6JL1J', 'xL12JL8J', 'xL12JL9J', 'xL6JL2J', 'xL7JL2J'}
| | | | | | | +-- , 49 , {51} , {'xL7JL4J', 'xL6JL4J', 'xL12JL8J', 'xL12JL9J', 'xL8JL4J', 'xL9JL4J'}
| | | | | | | | +-- , 51 , {75, 53} , {'xL7JL4J', 'xL12JL8J', 'xL12JL9J', 'xL11JL7J', 'xL11JL6J', 'xL8JL4J', 'xL9JL4J'}
| | | | | | | | | +-- , 75 , {77} , {'xL11JL8J', 'xL11JL7J', 'xL11JL6J', 'xL12JL8J', 'xL12JL9J'}
| | | | | | | | | | +-- , 77 , set() , {'xL11JL8J', 'xL13JL8J', 'xL12JL8J', 'xL12JL9J', 'xL13JL9J'}
| | | | | | | | | +-- , 53 , {56} , {'xL7JL4J', 'xL8JL5J', 'xL9JL5J', 'xL7JL5J', 'xL11JL7J', 'xL10JL5J', 'xL11JL6J', 'xL8JL4J', 'xL9JL4J'}
| | | | | | | | | | +-- , 56 , {73, 59} , {'xL10JL6J', 'xL8JL5J', 'xL9JL5J', 'xL11JL7J', 'xL8JL6J', 'xL10JL5J', 'xL9JL6J', 'xL12JL6J', 'xL9JL4J', 'xL13JL6J', 'xL11JL6J', 'xL8JL4J'}
| | | | | | | | | | | +-- , 73 , set() , {'xL11JL7J', 'xL10JL7J', 'xL10JL5J', 'xL10JL6J'}
| | | | | | | | | | | +-- , 59 , {61} , {'xL9JL5J', 'xL8JL5J', 'xL8JL3J', 'xL13JL6J', 'xL8JL6J', 'xL9JL2J', 'xL8JL4J', 'xL9JL6J', 'xL12JL6J', 'xL9JL4J', 'xL9JL3J'}
| | | | | | | | | | | | +-- , 61 , {63} , {'xL11JL2J', 'xL13JL2J', 'xL10JL2J', 'xL13JL6J', 'xL12JL2J', 'xL9JL2J', 'xL12JL6J'}
| | | | | | | | | | | | | +-- , 63 , {65, 71} , {'xL11JL2J', 'xL13JL2J', 'xL12JL3J', 'xL10JL2J', 'xL13JL6J', 'xL12JL2J', 'xL12JL4J', 'xL12JL6J'}
| | | | | | | | | | | | | | +-- , 65 , {67} , {'xL11JL2J', 'xL13JL2J', 'xL12JL3J', 'xL13JL3J', 'xL10JL2J', 'xL12JL4J'}
| | | | | | | | | | | | | | | +-- , 67 , {69} , {'xL11JL2J', 'xL11JL3J', 'xL12JL3J', 'xL13JL3J', 'xL10JL2J', 'xL12JL4J'}
| | | | | | | | | | | | | | | | +-- , 69 , set() , {'xL10JL1J', 'xL11JL2J', 'xL11JL3J', 'xL10JL2J', 'xL11JL4J', 'xL12JL4J', 'xL11JL1J'}
| | | | | | | | | | | | | | +-- , 71 , set() , {'xL12JL5J', 'xL12JL3J', 'xL12JL2J', 'xL13JL6J', 'xL13JL5J', 'xL12JL4J', 'xL12JL6J'}
| | | +-- , 79 , set() , {'xL2JL4J', 'xL1JL4J', 'xL2JL2J', 'xL2JL3J', 'xL1JL3J'}
| +-- , 5 , {7} , {'xL3JL8J', 'xL10JL10J', 'xL3JL11J', 'xL8JL10J', 'xL12JL10J', 'xL3JL9J', 'xL7JL10J', 'xL11JL10J', 'xL3JL10J', 'xL9JL10J', 'xL3JL5J', 'xL3JL6J'}
| | +-- , 7 , {26, 9} , {'xL3JL8J', 'xL11JL10J', 'xL10JL10J', 'xL3JL10J', 'xL3JL11J', 'xL8JL8J', 'xL9JL10J', 'xL8JL10J', 'xL3JL5J', 'xL3JL9J', 'xL3JL6J', 'xL7JL10J'}
| | | +-- , 26 , {32, 28} , {'xL11JL10J', 'xL10JL10J', 'xL9JL10J', 'xL8JL8J', 'xL8JL9J', 'xL8JL10J', 'xL8JL11J', 'xL7JL10J'}
| | | | +-- , 32 , set() , {'xL8JL11J', 'xL7JL11J', 'xL7JL10J'}
| | | | +-- , 28 , {30} , {'xL11JL10J', 'xL10JL10J', 'xL10JL9J', 'xL9JL9J', 'xL9JL10J', 'xL8JL9J'}
| | | | | +-- , 30 , set() , {'xL11JL10J', 'xL10JL9J', 'xL10JL10J', 'xL10JL11J', 'xL11JL11J'}
| | | +-- , 9 , {11} , {'xL3JL8J', 'xL5JL8J', 'xL3JL11J', 'xL8JL8J', 'xL7JL8J', 'xL3JL9J', 'xL6JL8J', 'xL3JL10J', 'xL3JL5J', 'xL3JL6J'}
| | | | +-- , 11 , {14} , {'xL3JL8J', 'xL2JL7J', 'xL5JL8J', 'xL2JL9J', 'xL3JL11J', 'xL7JL8J', 'xL2JL8J', 'xL3JL9J', 'xL2JL6J', 'xL2JL10J', 'xL6JL8J', 'xL3JL10J', 'xL3JL5J', 'xL3JL6J'}
| | | | | +-- , 14 , {24, 18} , {'xL2JL10J', 'xL2JL7J', 'xL5JL8J', 'xL6JL8J', 'xL2JL9J', 'xL3JL10J', 'xL6JL9J', 'xL3JL11J', 'xL5JL9J', 'xL1JL6J', 'xL7JL8J', 'xL3JL5J', 'xL3JL9J', 'xL2JL6J', 'xL3JL6J'}
| | | | | | +-- , 24 , set() , {'xL2JL7J', 'xL1JL7J', 'xL1JL6J'}
| | | | | | +-- , 18 , {20} , {'xL5JL6J', 'xL5JL8J', 'xL2JL9J', 'xL3JL11J', 'xL6JL6J', 'xL1JL6J', 'xL7JL8J', 'xL3JL9J', 'xL2JL6J', 'xL2JL10J', 'xL4JL5J', 'xL6JL8J', 'xL3JL10J', 'xL6JL9J', 'xL5JL9J', 'xL3JL5J', 'xL4JL6J', 'xL3JL6J'}
| | | | | | | +-- , 20 , {22} , {'xL5JL10J', 'xL5JL6J', 'xL5JL8J', 'xL2JL9J', 'xL3JL11J', 'xL6JL6J', 'xL7JL8J', 'xL3JL9J', 'xL2JL10J', 'xL6JL8J', 'xL4JL5J', 'xL4JL7J', 'xL3JL10J', 'xL6JL9J', 'xL5JL9J', 'xL6JL7J', 'xL5JL7J', 'xL7JL7J', 'xL4JL6J'}
| | | | | | | | +-- , 22 , set() , {'xL5JL10J', 'xL4JL10J', 'xL2JL10J', 'xL4JL11J', 'xL1JL10J', 'xL2JL9J', 'xL3JL10J', 'xL3JL11J', 'xL1JL9J', 'xL3JL9J'}


Max number of edges with non zero Y: 9
Max number of iterations of outer rounding loop: 3
Max number of candidate sets: 2
Time spent rounding: 14.319
Time spent solving Separator LP: 0.820
Total time spent solving: 19.922

LP Solver: GaifmanBoosted
Lower Bound Witness = ({'xL2JL7J', 'xL1JL10J', 'xL2JL9J', 'xL3JL11J', 'xL2JL10J', 'xL4JL11J', 'xL4JL5J', 'xL6JL8J', 'xL3JL10J', 'xL6JL9J', 'xL5JL9J', 'xL6JL7J', 'xL3JL5J', 'xL5JL7J', 'xL7JL7J', 'xL4JL6J', 'xL3JL6J', 'xL5JL10J', 'xL4JL10J', 'xL5JL6J', 'xL5JL8J', 'xL6JL6J', 'xL1JL6J', 'xL7JL8J', 'xL3JL9J', 'xL2JL6J', 'xL1JL7J', 'xL1JL9J', 'xL4JL7J'}, {'xL2JL10J', 'xL2JL7J', 'xL6JL8J', 'xL5JL8J', 'xL2JL9J', 'xL3JL10J', 'xL6JL9J', 'xL3JL11J', 'xL5JL9J', 'xL7JL8J', 'xL3JL5J', 'xL3JL9J', 'xL2JL6J', 'xL3JL6J'})