69, 3.0222810904073696, 9.0, 9
+-- , 0 , {3, 101, 133, 7, 103, 137, 11, 139, 113, 17, 115, 117, 123, 125} , {'zL63J', 'zL54J', 'xL9J', 'zL28J', 'zL26J', 'zL16J', 'zL53J', 'zL25J', 'xL0J', 'xL6J', 'zL62J', 'xL2J', 'xL5J', 'zL46J', 'zL45J', 'xL1J', 'xL3J', 'zL29J', 'xL4J'}
| +-- , 3 , {5} , {'zL26J', 'zL27J', 'xL3J', 'xL9J'}
| | +-- , 5 , set() , {'w9', 'xL9J', 'zL27J'}
| +-- , 101 , set() , {'xL6J', 'xL9J', 'w4', 'zL4J', 'zL7J', 'yL1J', 'xL1J', 'xL3J', 'zL6J', 'xL0J', 'zL5J'}
| +-- , 133 , {135} , {'xL6J', 'zL47J', 'xL4J', 'zL46J'}
| | +-- , 135 , set() , {'zL47J', 'w14', 'xL4J'}
| +-- , 7 , {9} , {'xL6J', 'xL2J', 'zL51J', 'xL9J', 'xL5J', 'zL48J', 'yL12J', 'xL4J', 'w15'}
| | +-- , 9 , set() , {'xL6J', 'zL49J', 'xL2J', 'zL51J', 'zL50J', 'zL48J', 'xL4J'}
| +-- , 103 , {105} , {'zL75J', 'xL2J', 'xL5J', 'xL4J', 'xL3J', 'w21', 'xL0J'}
| | +-- , 105 , {107} , {'zL75J', 'xL2J', 'xL5J', 'xL3J', 'zL74J', 'xL0J'}
| | | +-- , 107 , {109} , {'zL73J', 'xL2J', 'zL74J', 'xL0J', 'xL5J'}
| | | | +-- , 109 , {111} , {'zL73J', 'zL72J', 'xL2J', 'xL0J'}
| | | | | +-- , 111 , set() , {'yL18J', 'xL0J', 'zL72J'}
| +-- , 137 , set() , {'xL9J', 'yL4J', 'zL16J'}
| +-- , 11 , {13} , {'xL1J', 'xL0J', 'zL52J', 'zL53J'}
| | +-- , 13 , set() , {'xL0J', 'zL52J', 'yL13J'}
| +-- , 139 , set() , {'zL63J', 'w18', 'xL2J'}
| +-- , 113 , set() , {'xL6J', 'xL9J', 'yL5J', 'zL23J', 'xL5J', 'zL21J', 'zL20J', 'xL1J', 'zL22J', 'xL4J', 'w8'}
| +-- , 17 , {97, 19} , {'zL54J', 'xL9J', 'zL28J', 'zL16J', 'zL25J', 'yL8J', 'xL0J', 'xL6J', 'zL62J', 'xL2J', 'xL5J', 'zL45J', 'xL1J', 'zL10J', 'zL9J', 'xL3J', 'zL32J', 'xL4J'}
| | +-- , 97 , {99} , {'xL6J', 'zL10J', 'zL11J', 'xL4J'}
| | | +-- , 99 , set() , {'zL11J', 'xL4J', 'w5'}
| | +-- , 19 , {21} , {'zL54J', 'xL9J', 'zL28J', 'zL16J', 'zL25J', 'xL0J', 'xL6J', 'zL62J', 'xL2J', 'xL5J', 'zL45J', 'xL1J', 'zL24J', 'zL9J', 'xL3J', 'zL32J', 'xL4J'}
| | | +-- , 21 , {23} , {'zL54J', 'xL9J', 'zL33J', 'zL28J', 'zL16J', 'xL0J', 'xL6J', 'zL62J', 'xL2J', 'xL5J', 'zL45J', 'xL1J', 'zL24J', 'zL9J', 'xL3J', 'zL32J', 'xL4J'}
| | | | +-- , 23 , {89, 25} , {'zL54J', 'xL9J', 'zL33J', 'zL28J', 'zL16J', 'w17', 'xL0J', 'yL7J', 'xL6J', 'zL62J', 'xL2J', 'xL5J', 'zL59J', 'zL45J', 'xL1J', 'zL24J', 'zL9J', 'xL3J', 'xL4J', 'xL8J'}
| | | | | +-- , 89 , {91} , {'xL1J', 'zL17J', 'zL16J', 'xL3J', 'xL4J', 'xL8J'}
| | | | | | +-- , 91 , {93} , {'xL1J', 'zL17J', 'xL3J', 'xL8J', 'zL18J'}
| | | | | | | +-- , 93 , {95} , {'xL1J', 'zL19J', 'xL8J', 'zL18J'}
| | | | | | | | +-- , 95 , set() , {'zL19J', 'xL8J', 'w7'}
| | | | | +-- , 25 , {27, 85} , {'zL54J', 'xL9J', 'zL33J', 'xL0J', 'xL6J', 'zL62J', 'xL2J', 'zL1J', 'zL58J', 'zL59J', 'zL45J', 'xL1J', 'zL24J', 'zL9J', 'xL3J', 'zL2J', 'xL4J', 'xL8J'}
| | | | | | +-- , 27 , {69, 39, 41, 73, 77, 47, 49, 81, 59, 29, 63} , {'zL54J', 'xL9J', 'xL7J', 'zL33J', 'xL0J', 'xL6J', 'zL62J', 'xL2J', 'zL58J', 'zL45J', 'zL57J', 'xL1J', 'zL9J', 'zL24J', 'xL3J', 'zL2J', 'xL4J', 'xL8J'}
| | | | | | | +-- , 69 , {71} , {'zL45J', 'xL9J', 'xL7J', 'zL44J'}
| | | | | | | | +-- , 71 , set() , {'yL11J', 'xL7J', 'zL44J'}
| | | | | | | +-- , 39 , set() , {'xL6J', 'xL2J', 'zL64J', 'xL7J', 'yL16J', 'zL65J', 'zL67J', 'w19', 'xL0J', 'xL8J', 'zL66J'}
| | | | | | | +-- , 41 , {43} , {'xL0J', 'zL34J', 'xL2J', 'zL33J', 'xL7J'}
| | | | | | | | +-- , 43 , {45} , {'zL35J', 'zL34J', 'xL2J', 'xL0J'}
| | | | | | | | | +-- , 45 , set() , {'zL35J', 'w11', 'xL2J'}
| | | | | | | +-- , 73 , {75} , {'zL57J', 'zL56J', 'xL3J', 'xL0J'}
| | | | | | | | +-- , 75 , set() , {'yL14J', 'zL56J', 'xL3J'}
| | | | | | | +-- , 77 , {79} , {'xL2J', 'zL2J', 'xL7J', 'zL3J'}
| | | | | | | | +-- , 79 , set() , {'w3', 'xL7J', 'zL3J'}
| | | | | | | +-- , 47 , set() , {'yL6J', 'zL24J', 'xL7J'}
| | | | | | | +-- , 49 , {57, 51} , {'zL42J', 'zL43J', 'xL9J', 'xL7J', 'xL1J', 'xL3J', 'xL0J'}
| | | | | | | | +-- , 57 , set() , {'zL43J', 'xL1J', 'w13'}
| | | | | | | | +-- , 51 , {53} , {'zL42J', 'xL3J', 'xL9J', 'zL41J', 'xL7J'}
| | | | | | | | | +-- , 53 , {55} , {'zL40J', 'xL3J', 'zL41J', 'xL7J'}
| | | | | | | | | | +-- , 55 , set() , {'zL40J', 'yL10J', 'xL3J'}
| | | | | | | +-- , 81 , {83} , {'xL8J', 'zL54J', 'xL7J', 'zL55J'}
| | | | | | | | +-- , 83 , set() , {'zL55J', 'xL8J', 'w16'}
| | | | | | | +-- , 59 , {61} , {'zL8J', 'zL9J', 'xL7J', 'xL8J'}
| | | | | | | | +-- , 61 , set() , {'zL8J', 'xL7J', 'yL2J'}
| | | | | | | +-- , 29 , {33, 31} , {'zL38J', 'xL6J', 'xL9J', 'xL7J', 'xL1J', 'zL39J', 'xL3J'}
| | | | | | | | +-- , 33 , {35} , {'zL38J', 'xL1J', 'xL6J', 'xL7J', 'zL37J'}
| | | | | | | | | +-- , 35 , {37} , {'xL1J', 'zL36J', 'xL7J', 'zL37J'}
| | | | | | | | | | +-- , 37 , set() , {'yL9J', 'xL7J', 'zL36J'}
| | | | | | | | +-- , 31 , set() , {'w12', 'xL9J', 'zL39J'}
| | | | | | | +-- , 63 , {65} , {'zL62J', 'xL4J', 'zL61J', 'xL7J', 'xL8J'}
| | | | | | | | +-- , 65 , {67} , {'zL61J', 'zL60J', 'xL7J', 'xL8J'}
| | | | | | | | | +-- , 67 , set() , {'yL15J', 'zL60J', 'xL7J'}
| | | | | | +-- , 85 , {87} , {'xL1J', 'zL0J', 'zL1J', 'xL0J'}
| | | | | | | +-- , 87 , set() , {'zL0J', 'yL0J', 'xL0J'}
| +-- , 115 , set() , {'zL14J', 'zL13J', 'yL3J', 'xL2J', 'zL12J', 'xL9J', 'xL5J', 'xL1J', 'w6', 'xL4J', 'zL15J'}
| +-- , 117 , {119} , {'zL30J', 'xL2J', 'zL29J', 'xL0J', 'xL5J'}
| | +-- , 119 , {121} , {'zL31J', 'zL30J', 'xL2J', 'xL5J'}
| | | +-- , 121 , set() , {'zL31J', 'w10', 'xL2J'}
| +-- , 123 , set() , {'xL6J', 'yL17J', 'xL9J', 'zL70J', 'xL5J', 'w20', 'zL69J', 'zL71J', 'xL4J', 'zL68J', 'xL0J'}
| +-- , 125 , {127} , {'xL6J', 'xL9J', 'xL1J', 'zL78J', 'xL3J', 'zL79J', 'w22', 'xL0J'}
| | +-- , 127 , {129} , {'xL6J', 'zL78J', 'xL3J', 'xL0J', 'zL77J'}
| | | +-- , 129 , {131} , {'xL3J', 'zL76J', 'xL0J', 'zL77J'}
| | | | +-- , 131 , set() , {'zL76J', 'xL0J', 'yL19J'}


Max number of edges with non zero Y: 42
Max number of iterations of outer rounding loop: 4
Max number of candidate sets: 2
Time spent rounding: 10.622
Time spent solving Separator LP: 5.790
Total time spent solving: 21.368

LP Solver: GaifmanNormal
Lower Bound Witness = ({'zL63J', 'zL51J', 'xL7J', 'yL2J', 'w16', 'w17', 'zL30J', 'zL34J', 'yL13J', 'yL3J', 'zL70J', 'zL44J', 'zL74J', 'zL3J', 'w9', 'xL9J', 'w4', 'zL23J', 'w20', 'zL71J', 'zL26J', 'yL18J', 'zL39J', 'zL78J', 'zL16J', 'w7', 'zL22J', 'zL66J', 'zL5J', 'zL19J', 'zL72J', 'zL59J', 'zL57J', 'yL0J', 'xL3J', 'zL32J', 'zL2J', 'zL54J', 'yL15J', 'yL6J', 'w14', 'xL2J', 'zL58J', 'yL16J', 'zL45J', 'zL20J', 'zL67J', 'zL61J', 'zL68J', 'w11', 'zL38J', 'zL49J', 'yL17J', 'zL7J', 'zL64J', 'zL6J', 'xL0J', 'xL6J', 'w3', 'zL62J', 'zL1J', 'zL46J', 'zL9J', 'w12', 'yL5J', 'zL11J', 'zL15J', 'w8', 'zL56J', 'zL50J', 'zL60J', 'zL76J', 'zL77J', 'zL73J', 'yL12J', 'zL10J', 'zL52J', 'zL40J', 'w18', 'w21', 'w19', 'zL41J', 'xL4J', 'yL19J', 'zL33J', 'yL9J', 'w15', 'w5', 'yL7J', 'zL47J', 'zL12J', 'zL48J', 'zL35J', 'xL1J', 'zL24J', 'yL1J', 'zL17J', 'w10', 'zL29J', 'yL14J', 'zL53J', 'w6', 'zL8J', 'zL13J', 'yL11J', 'zL21J', 'zL28J', 'zL0J', 'zL4J', 'w22', 'zL37J', 'yL10J', 'zL75J', 'zL79J', 'zL42J', 'zL43J', 'zL69J', 'zL31J', 'zL36J', 'zL25J', 'yL8J', 'zL55J', 'zL14J', 'zL27J', 'w13', 'yL4J', 'xL5J', 'zL65J', 'xL8J', 'zL18J'}, {'zL63J', 'zL54J', 'yL5J', 'yL2J', 'zL28J', 'w17', 'w8', 'zL56J', 'zL50J', 'zL76J', 'zL73J', 'zL45J', 'zL20J', 'yL12J', 'w9', 'zL49J', 'zL23J', 'w4', 'zL71J', 'zL31J', 'yL18J', 'zL78J', 'zL25J', 'yL8J', 'zL66J', 'xL6J', 'yL4J', 'yL0J', 'yL1J', 'zL29J', 'w6'})