60, 3.4988419258033763, 9.0, 9
+-- , 0 , {97, 5, 107, 109, 111, 115, 85, 117, 119, 87, 121, 123} , {'zL71J', 'xL5J', 'zL33J', 'zL43J', 'zL5J', 'xL8J', 'zL44J', 'xL1J', 'xL9J', 'xL3J', 'xL0J', 'xL6J', 'zL48J', 'zL42J', 'zL34J', 'xL7J', 'w20', 'zL51J', 'zL45J'}
| +-- , 97 , {105, 99} , {'xL5J', 'zL28J', 'xL6J', 'zL29J', 'xL1J', 'xL9J', 'xL3J'}
| | +-- , 105 , set() , {'xL1J', 'yL7J', 'zL28J'}
| | +-- , 99 , {101} , {'zL29J', 'zL30J', 'xL5J', 'xL9J', 'xL3J'}
| | | +-- , 101 , {103} , {'zL30J', 'zL31J', 'xL9J', 'xL3J'}
| | | | +-- , 103 , set() , {'zL31J', 'w10', 'xL3J'}
| +-- , 5 , {81, 7} , {'zL71J', 'xL5J', 'zL33J', 'zL5J', 'xL8J', 'xL1J', 'xL9J', 'xL3J', 'xL0J', 'xL6J', 'zL37J', 'zL48J', 'zL42J', 'zL34J', 'xL7J', 'zL51J', 'zL38J', 'zL45J'}
| | +-- , 81 , {83} , {'xL0J', 'xL8J', 'zL38J', 'zL39J'}
| | | +-- , 83 , set() , {'xL0J', 'zL39J', 'w12'}
| | +-- , 7 , {65, 69, 73, 75, 11, 13, 49, 51, 61} , {'zL71J', 'xL5J', 'zL33J', 'zL5J', 'xL8J', 'xL1J', 'zL15J', 'xL9J', 'xL3J', 'zL14J', 'xL0J', 'xL6J', 'zL37J', 'zL42J', 'zL48J', 'xL2J', 'zL34J', 'xL7J', 'zL51J', 'zL45J'}
| | | +-- , 65 , {67} , {'zL5J', 'xL2J', 'zL7J', 'xL9J', 'xL3J', 'zL6J'}
| | | | +-- , 67 , set() , {'w4', 'xL9J', 'zL7J'}
| | | +-- , 69 , {71} , {'zL33J', 'xL7J', 'xL2J', 'zL32J'}
| | | | +-- , 71 , set() , {'yL8J', 'zL32J', 'xL7J'}
| | | +-- , 73 , set() , {'zL15J', 'w6', 'xL8J'}
| | | +-- , 75 , {77} , {'zL14J', 'xL0J', 'xL5J', 'zL13J', 'xL1J'}
| | | | +-- , 77 , {79} , {'zL13J', 'xL5J', 'xL1J', 'zL12J'}
| | | | | +-- , 79 , set() , {'xL5J', 'zL12J', 'yL3J'}
| | | +-- , 11 , set() , {'xL5J', 'zL25J', 'xL8J', 'zL26J', 'xL6J', 'xL2J', 'w9', 'zL24J', 'zL27J', 'yL6J', 'xL9J'}
| | | +-- , 13 , {15} , {'zL71J', 'xL5J', 'xL8J', 'xL1J', 'xL9J', 'xL3J', 'xL6J', 'zL46J', 'zL37J', 'xL2J', 'zL34J', 'xL7J', 'zL45J'}
| | | | +-- , 15 , {17, 47} , {'zL71J', 'xL5J', 'zL68J', 'xL8J', 'zL75J', 'xL1J', 'xL9J', 'xL3J', 'xL6J', 'zL46J', 'zL37J', 'yL17J', 'xL2J', 'zL74J', 'zL34J', 'zL73J', 'w21', 'xL7J'}
| | | | | +-- , 17 , {19} , {'zL71J', 'xL5J', 'zL68J', 'xL8J', 'zL47J', 'zL75J', 'xL1J', 'xL9J', 'xL3J', 'w14', 'xL6J', 'zL46J', 'zL37J', 'xL2J', 'zL74J', 'zL34J', 'xL7J'}
| | | | | | +-- , 19 , {45, 21} , {'zL71J', 'xL5J', 'zL68J', 'xL8J', 'zL47J', 'zL75J', 'xL1J', 'xL9J', 'xL3J', 'xL6J', 'zL46J', 'zL37J', 'xL2J', 'zL74J', 'zL34J', 'zL70J', 'xL7J'}
| | | | | | | +-- , 45 , set() , {'xL8J', 'zL68J', 'xL6J', 'zL70J', 'zL69J'}
| | | | | | | +-- , 21 , {33, 37, 41, 43, 23, 31} , {'zL56J', 'zL71J', 'yL14J', 'xL5J', 'xL8J', 'zL47J', 'zL75J', 'xL1J', 'xL4J', 'xL9J', 'xL3J', 'zL0J', 'xL6J', 'zL46J', 'zL37J', 'xL2J', 'zL74J', 'zL34J', 'zL70J', 'xL7J', 'zL1J'}
| | | | | | | | +-- , 33 , {35} , {'xL5J', 'zL36J', 'zL37J', 'xL4J'}
| | | | | | | | | +-- , 35 , set() , {'xL5J', 'yL9J', 'zL36J'}
| | | | | | | | +-- , 37 , {39} , {'zL34J', 'zL35J', 'xL6J', 'xL4J'}
| | | | | | | | | +-- , 39 , set() , {'w11', 'xL4J', 'zL35J'}
| | | | | | | | +-- , 41 , set() , {'w3', 'zL3J', 'xL2J', 'zL2J', 'xL7J', 'zL1J', 'xL1J'}
| | | | | | | | +-- , 43 , set() , {'yL0J', 'zL0J', 'xL4J'}
| | | | | | | | +-- , 23 , {25} , {'zL56J', 'xL5J', 'xL8J', 'zL57J', 'xL4J', 'xL3J'}
| | | | | | | | | +-- , 25 , {27} , {'xL8J', 'zL57J', 'xL3J', 'xL4J', 'zL58J'}
| | | | | | | | | | +-- , 27 , {29} , {'zL58J', 'xL8J', 'xL3J', 'zL59J'}
| | | | | | | | | | | +-- , 29 , set() , {'w17', 'xL8J', 'zL59J'}
| | | | | | | | +-- , 31 , set() , {'xL5J', 'zL11J', 'w5', 'yL2J', 'zL10J', 'zL8J', 'zL9J', 'xL1J', 'xL4J', 'xL9J', 'xL3J'}
| | | | | +-- , 47 , set() , {'xL5J', 'xL6J', 'zL73J', 'yL18J', 'zL72J'}
| | | +-- , 49 , set() , {'xL5J', 'zL50J', 'zL48J', 'xL2J', 'zL51J', 'zL49J', 'xL3J'}
| | | +-- , 51 , {53, 55} , {'xL0J', 'zL66J', 'xL2J', 'xL7J', 'zL67J', 'xL1J', 'xL9J'}
| | | | +-- , 53 , set() , {'w19', 'xL7J', 'zL67J'}
| | | | +-- , 55 , {57} , {'xL0J', 'zL66J', 'zL65J', 'xL2J', 'xL1J'}
| | | | | +-- , 57 , {59} , {'xL0J', 'zL65J', 'xL2J', 'zL64J'}
| | | | | | +-- , 59 , set() , {'xL2J', 'zL64J', 'yL16J'}
| | | +-- , 61 , {63} , {'xL0J', 'zL42J', 'xL2J', 'zL40J', 'xL9J', 'zL41J'}
| | | | +-- , 63 , set() , {'xL0J', 'zL40J', 'yL10J'}
| +-- , 107 , set() , {'zL22J', 'xL5J', 'xL0J', 'w8', 'xL6J', 'yL5J', 'zL21J', 'zL23J', 'xL7J', 'xL3J', 'zL20J'}
| +-- , 109 , set() , {'xL0J', 'w22', 'xL6J', 'xL8J', 'zL77J', 'zL76J', 'zL78J', 'yL19J', 'zL79J', 'xL7J', 'xL1J'}
| +-- , 111 , {113} , {'xL0J', 'zL5J', 'xL1J', 'zL4J'}
| | +-- , 113 , set() , {'xL1J', 'zL4J', 'yL1J'}
| +-- , 115 , set() , {'xL0J', 'zL44J', 'yL11J'}
| +-- , 85 , set() , {'w18', 'yL15J', 'xL8J', 'zL63J', 'zL60J', 'zL62J', 'xL7J', 'zL61J', 'xL1J', 'xL9J', 'xL3J'}
| +-- , 117 , set() , {'w13', 'zL43J', 'xL3J'}
| +-- , 119 , set() , {'xL0J', 'xL5J', 'xL8J', 'xL6J', 'zL54J', 'zL52J', 'zL55J', 'w16', 'zL53J', 'yL13J', 'xL3J'}
| +-- , 87 , {89} , {'xL5J', 'xL6J', 'zL19J', 'w7', 'xL7J', 'xL1J', 'xL3J'}
| | +-- , 89 , {91} , {'xL5J', 'zL18J', 'zL19J', 'xL7J', 'xL1J', 'xL3J'}
| | | +-- , 91 , {93} , {'xL5J', 'xL7J', 'zL17J', 'zL18J', 'xL3J'}
| | | | +-- , 93 , {95} , {'xL7J', 'zL16J', 'zL17J', 'xL3J'}
| | | | | +-- , 95 , set() , {'xL7J', 'yL4J', 'zL16J'}
| +-- , 121 , set() , {'xL1J', 'w15', 'zL51J'}
| +-- , 123 , set() , {'yL12J', 'zL48J', 'xL8J'}


Max number of edges with non zero Y: 33
Max number of iterations of outer rounding loop: 4
Max number of candidate sets: 2
Time spent rounding: 30.919
Time spent solving Separator LP: 14.306
Total time spent solving: 57.529

LP Solver: GaifmanBoosted
Lower Bound Witness = ({'zL33J', 'zL68J', 'yL3J', 'w22', 'yL12J', 'zL44J', 'zL59J', 'w17', 'xL3J', 'w18', 'zL50J', 'w11', 'zL18J', 'zL42J', 'zL70J', 'zL17J', 'zL55J', 'w12', 'zL69J', 'zL38J', 'yL0J', 'zL31J', 'zL66J', 'yL5J', 'zL10J', 'zL15J', 'yL7J', 'w21', 'zL34J', 'zL77J', 'yL2J', 'zL23J', 'w6', 'zL22J', 'xL8J', 'xL9J', 'zL14J', 'xL0J', 'yL9J', 'w14', 'zL28J', 'yL1J', 'xL6J', 'zL37J', 'xL2J', 'zL64J', 'w13', 'xL7J', 'w20', 'zL49J', 'xL5J', 'w8', 'w4', 'zL63J', 'zL76J', 'zL19J', 'w7', 'zL67J', 'zL8J', 'zL57J', 'zL9J', 'zL20J', 'yL15J', 'zL30J', 'zL12J', 'zL71J', 'zL5J', 'zL11J', 'zL75J', 'zL32J', 'zL0J', 'zL46J', 'zL65J', 'zL78J', 'zL21J', 'zL2J', 'w16', 'zL45J', 'zL58J', 'w5', 'zL52J', 'w19', 'zL36J', 'zL54J', 'yL17J', 'zL60J', 'zL74J', 'yL18J', 'zL29J', 'zL35J', 'zL61J', 'yL6J', 'zL4J', 'yL14J', 'zL25J', 'yL8J', 'zL24J', 'zL47J', 'zL41J', 'yL19J', 'zL79J', 'xL1J', 'xL4J', 'zL39J', 'zL48J', 'zL73J', 'zL62J', 'zL51J', 'zL53J', 'yL4J', 'zL56J', 'zL43J', 'zL3J', 'yL10J', 'w9', 'zL72J', 'zL6J', 'zL27J', 'yL13J', 'w3', 'zL26J', 'yL16J', 'w15', 'zL7J', 'zL40J', 'zL13J', 'zL16J', 'yL11J', 'zL1J', 'w10'}, {'zL22J', 'xL8J', 'zL5J', 'yL12J', 'zL47J', 'zL32J', 'xL9J', 'w14', 'zL28J', 'zL64J', 'zL78J', 'zL21J', 'zL70J', 'w13', 'xL7J', 'zL51J', 'w16', 'zL53J', 'zL38J', 'yL0J', 'yL10J', 'zL63J', 'zL72J', 'zL19J', 'zL52J', 'zL10J', 'zL36J', 'w21', 'zL40J', 'zL23J', 'zL35J', 'yL11J'})