49, 3.804982449004947, 13.0, 13
+-- , 0 , {3, 5, 11, 13, 15, 23, 25, 29, 31, 33, 35, 39, 43, 45, 49, 51, 53, 55, 59, 61, 63, 65, 71, 77, 79, 81, 83, 89, 91, 93, 97, 99} , {'zL56J', 'xL5J', 'zL31J', 'xL8J', 'zL66J', 'zL3J', 'zL75J', 'zL10J', 'zL67J', 'xL1J', 'zL15J', 'xL4J', 'xL9J', 'xL3J', 'xL0J', 'xL6J', 'zL46J', 'zL18J', 'zL65J', 'xL2J', 'zL74J', 'zL64J', 'zL2J', 'zL62J', 'zL30J', 'zL17J', 'xL7J', 'zL61J', 'zL38J', 'zL12J', 'zL45J'}
| +-- , 3 , set() , {'xL5J', 'zL25J', 'xL8J', 'zL26J', 'xL6J', 'xL2J', 'w9', 'zL24J', 'zL27J', 'yL6J', 'xL9J'}
| +-- , 5 , {7} , {'xL5J', 'xL8J', 'xL6J', 'zL73J', 'zL74J'}
| | +-- , 7 , set() , {'xL5J', 'xL6J', 'zL73J', 'yL18J', 'zL72J'}
| +-- , 11 , set() , {'yL15J', 'zL60J', 'xL7J', 'zL61J', 'xL1J'}
| +-- , 13 , set() , {'zL75J', 'w21', 'xL3J'}
| +-- , 15 , {17} , {'zL56J', 'xL5J', 'xL8J', 'zL57J', 'xL4J', 'xL3J'}
| | +-- , 17 , {19} , {'xL8J', 'zL57J', 'xL3J', 'xL4J', 'zL58J'}
| | | +-- , 19 , {21} , {'zL58J', 'xL8J', 'xL3J', 'zL59J'}
| | | | +-- , 21 , set() , {'w17', 'xL8J', 'zL59J'}
| +-- , 23 , set() , {'zL22J', 'xL5J', 'xL0J', 'w8', 'xL6J', 'yL5J', 'zL21J', 'zL23J', 'xL7J', 'xL3J', 'zL20J'}
| +-- , 25 , {27} , {'xL7J', 'zL46J', 'xL4J', 'zL47J'}
| | +-- , 27 , set() , {'w14', 'xL7J', 'zL47J'}
| +-- , 29 , set() , {'xL0J', 'w22', 'xL6J', 'xL8J', 'zL77J', 'zL76J', 'zL78J', 'yL19J', 'zL79J', 'xL7J', 'xL1J'}
| +-- , 31 , set() , {'xL5J', 'zL50J', 'xL8J', 'yL12J', 'xL2J', 'zL48J', 'w15', 'zL51J', 'zL49J', 'xL3J', 'xL1J'}
| +-- , 33 , set() , {'xL5J', 'w11', 'zL33J', 'xL6J', 'xL2J', 'zL34J', 'yL8J', 'zL35J', 'xL7J', 'zL32J', 'xL4J'}
| +-- , 35 , {37} , {'xL0J', 'zL44J', 'zL45J', 'xL3J'}
| | +-- , 37 , set() , {'xL0J', 'zL44J', 'yL11J'}
| +-- , 39 , {41} , {'xL7J', 'zL16J', 'zL17J', 'xL3J'}
| | +-- , 41 , set() , {'xL7J', 'yL4J', 'zL16J'}
| +-- , 43 , set() , {'w19', 'xL7J', 'zL67J'}
| +-- , 45 , {47} , {'xL0J', 'xL8J', 'zL38J', 'zL39J'}
| | +-- , 47 , set() , {'xL0J', 'zL39J', 'w12'}
| +-- , 49 , set() , {'xL1J', 'w3', 'zL3J'}
| +-- , 51 , set() , {'xL0J', 'zL43J', 'yL10J', 'zL42J', 'xL2J', 'zL41J', 'zL40J', 'w13', 'xL7J', 'xL9J', 'xL3J'}
| +-- , 53 , set() , {'xL0J', 'w4', 'zL5J', 'yL1J', 'xL2J', 'zL6J', 'zL7J', 'xL9J', 'xL1J', 'zL4J', 'xL3J'}
| +-- , 55 , {57} , {'zL10J', 'xL1J', 'zL11J', 'xL3J'}
| | +-- , 57 , set() , {'w5', 'xL1J', 'zL11J'}
| +-- , 59 , set() , {'zL14J', 'xL0J', 'zL15J', 'xL2J', 'zL13J', 'xL1J', 'zL12J'}
| +-- , 61 , set() , {'xL0J', 'xL5J', 'xL8J', 'xL6J', 'zL54J', 'zL52J', 'zL55J', 'w16', 'zL53J', 'yL13J', 'xL3J'}
| +-- , 63 , set() , {'zL31J', 'w10', 'xL3J'}
| +-- , 65 , {67} , {'zL29J', 'zL30J', 'xL5J', 'xL6J', 'xL1J'}
| | +-- , 67 , {69} , {'zL29J', 'zL28J', 'xL6J', 'xL1J'}
| | | +-- , 69 , set() , {'xL1J', 'yL7J', 'zL28J'}
| +-- , 71 , {73} , {'zL2J', 'zL1J', 'xL2J', 'xL4J', 'xL9J'}
| | +-- , 73 , {75} , {'zL0J', 'zL1J', 'xL4J', 'xL9J'}
| | | +-- , 75 , set() , {'yL0J', 'zL0J', 'xL4J'}
| +-- , 77 , set() , {'zL71J', 'zL68J', 'xL6J', 'xL8J', 'yL17J', 'xL2J', 'zL70J', 'w20', 'zL69J', 'xL4J', 'xL9J'}
| +-- , 79 , set() , {'xL6J', 'zL18J', 'zL19J', 'w7', 'xL1J'}
| +-- , 81 , set() , {'xL5J', 'yL2J', 'zL10J', 'zL8J', 'zL9J', 'xL4J', 'xL9J'}
| +-- , 83 , {85} , {'xL5J', 'xL6J', 'zL37J', 'zL38J', 'xL4J'}
| | +-- , 85 , {87} , {'xL5J', 'zL36J', 'zL37J', 'xL4J'}
| | | +-- , 87 , set() , {'xL5J', 'yL9J', 'zL36J'}
| +-- , 89 , set() , {'xL5J', 'zL12J', 'yL3J'}
| +-- , 91 , set() , {'zL15J', 'w6', 'xL8J'}
| +-- , 93 , {95} , {'zL62J', 'xL8J', 'zL63J', 'xL9J'}
| | +-- , 95 , set() , {'w18', 'zL63J', 'xL9J'}
| +-- , 97 , set() , {'xL2J', 'zL64J', 'yL16J'}
| +-- , 99 , set() , {'zL56J', 'yL14J', 'xL2J'}


Max number of edges with non zero Y: 50
Max number of iterations of outer rounding loop: 1
Max number of candidate sets: 2
Time spent rounding: 11.707
Time spent solving Separator LP: 20.802
Total time spent solving: 39.954

LP Solver: GaifmanBoosted
Lower Bound Witness = ({'zL33J', 'zL68J', 'yL3J', 'w22', 'yL12J', 'zL44J', 'zL59J', 'w17', 'xL3J', 'w18', 'zL50J', 'w11', 'zL18J', 'zL42J', 'zL70J', 'zL17J', 'zL55J', 'w12', 'zL69J', 'zL38J', 'yL0J', 'zL31J', 'zL66J', 'yL5J', 'zL10J', 'zL15J', 'yL7J', 'w21', 'zL34J', 'zL77J', 'yL2J', 'zL23J', 'w6', 'zL22J', 'xL8J', 'xL9J', 'zL14J', 'xL0J', 'yL9J', 'w14', 'zL28J', 'yL1J', 'xL6J', 'zL37J', 'xL2J', 'zL64J', 'w13', 'xL7J', 'w20', 'zL49J', 'xL5J', 'w8', 'w4', 'zL63J', 'zL76J', 'zL19J', 'w7', 'zL67J', 'zL8J', 'zL57J', 'zL9J', 'zL20J', 'yL15J', 'zL30J', 'zL12J', 'zL71J', 'zL5J', 'zL11J', 'zL75J', 'zL32J', 'zL0J', 'zL46J', 'zL65J', 'zL78J', 'zL21J', 'zL2J', 'w16', 'zL45J', 'zL58J', 'w5', 'zL52J', 'w19', 'zL36J', 'zL54J', 'yL17J', 'zL60J', 'zL74J', 'yL18J', 'zL29J', 'zL35J', 'zL61J', 'yL6J', 'zL4J', 'yL14J', 'zL25J', 'yL8J', 'zL24J', 'zL47J', 'zL41J', 'yL19J', 'zL79J', 'xL1J', 'xL4J', 'zL39J', 'zL48J', 'zL73J', 'zL62J', 'zL51J', 'zL53J', 'yL4J', 'zL56J', 'zL43J', 'zL3J', 'yL10J', 'w9', 'zL72J', 'zL6J', 'zL27J', 'yL13J', 'w3', 'zL26J', 'yL16J', 'w15', 'zL7J', 'zL40J', 'zL13J', 'zL16J', 'yL11J', 'zL1J', 'w10'}, {'zL71J', 'zL22J', 'zL25J', 'yL14J', 'zL68J', 'yL3J', 'yL12J', 'yL8J', 'zL24J', 'zL32J', 'xL9J', 'zL14J', 'zL28J', 'zL18J', 'zL73J', 'zL78J', 'zL70J', 'zL62J', 'zL17J', 'xL7J', 'w20', 'w12', 'w16', 'zL38J', 'zL45J', 'xL5J', 'w8', 'zL31J', 'zL3J', 'yL5J', 'zL63J', 'zL72J', 'zL19J', 'w5', 'w7', 'zL67J', 'zL8J', 'zL10J', 'zL9J', 'yL15J', 'yL7J', 'zL54J', 'yL16J', 'zL74J', 'w21', 'w15', 'zL7J', 'yL2J', 'zL30J', 'zL23J', 'yL11J', 'w10', 'zL1J', 'w6', 'yL6J', 'zL12J', 'zL4J'})