71, 3.077911628403502, 11.0, 11
+-- , 0 , {65, 69, 133, 5, 71, 73, 75, 139, 77, 141, 85, 89, 97, 123, 107, 113, 119, 121, 59, 127, 125, 63} , {'xL5J', 'zL47J', 'zL19J', 'zL79J', 'zL9J', 'xL1J', 'xL4J', 'xL9J', 'xL3J', 'zL20J', 'xL0J', 'zL50J', 'zL0J', 'xL6J', 'zL46J', 'xL2J', 'zL34J', 'zL78J', 'zL29J', 'zL62J', 'zL35J', 'xL7J', 'zL61J', 'zL12J'}
| +-- , 65 , {67} , {'xL5J', 'zL8J', 'zL9J', 'xL4J'}
| | +-- , 67 , set() , {'yL2J', 'xL4J', 'zL8J'}
| +-- , 69 , set() , {'yL5J', 'xL6J', 'zL20J'}
| +-- , 133 , {135} , {'xL5J', 'zL33J', 'xL7J', 'xL2J', 'zL34J'}
| | +-- , 135 , {137} , {'zL33J', 'xL7J', 'xL2J', 'zL32J'}
| | | +-- , 137 , set() , {'yL8J', 'zL32J', 'xL7J'}
| +-- , 5 , {53, 7} , {'xL5J', 'zL25J', 'zL24J', 'xL1J', 'xL4J', 'xL9J', 'xL3J', 'xL0J', 'zL50J', 'xL6J', 'xL2J', 'zL78J', 'zL62J', 'zL13J', 'xL7J', 'zL49J', 'zL12J'}
| | +-- , 53 , {55} , {'xL5J', 'zL25J', 'zL26J', 'xL2J', 'xL9J'}
| | | +-- , 55 , {57} , {'zL27J', 'zL26J', 'xL2J', 'xL9J'}
| | | | +-- , 57 , set() , {'w9', 'zL27J', 'xL9J'}
| | +-- , 7 , {9} , {'zL71J', 'xL5J', 'zL24J', 'xL4J', 'xL9J', 'xL3J', 'zL14J', 'xL0J', 'xL6J', 'xL2J', 'zL77J', 'zL78J', 'zL62J', 'zL13J', 'w20', 'xL7J', 'zL49J'}
| | | +-- , 9 , {49, 11} , {'zL71J', 'xL5J', 'zL24J', 'zL58J', 'zL57J', 'zL15J', 'xL4J', 'xL9J', 'xL3J', 'zL14J', 'xL0J', 'xL6J', 'xL2J', 'zL77J', 'zL62J', 'zL49J'}
| | | | +-- , 49 , {51} , {'zL56J', 'xL5J', 'zL57J', 'xL2J'}
| | | | | +-- , 51 , set() , {'zL56J', 'yL14J', 'xL2J'}
| | | | +-- , 11 , {33, 35, 37, 13, 45, 47, 17, 19, 21, 29} , {'zL71J', 'xL5J', 'xL8J', 'zL76J', 'zL24J', 'zL58J', 'zL15J', 'xL4J', 'zL39J', 'xL9J', 'xL3J', 'xL0J', 'xL6J', 'xL2J', 'zL77J', 'zL62J', 'w12', 'zL49J'}
| | | | | +-- , 33 , set() , {'xL0J', 'xL5J', 'xL8J', 'xL6J', 'zL54J', 'zL52J', 'zL55J', 'w16', 'zL53J', 'yL13J', 'xL3J'}
| | | | | +-- , 35 , set() , {'yL19J', 'zL76J', 'xL6J'}
| | | | | +-- , 37 , {39} , {'xL5J', 'xL8J', 'xL6J', 'zL39J', 'zL38J', 'xL4J'}
| | | | | | +-- , 39 , {41} , {'xL5J', 'xL6J', 'zL37J', 'zL38J', 'xL4J'}
| | | | | | | +-- , 41 , {43} , {'xL5J', 'zL36J', 'zL37J', 'xL4J'}
| | | | | | | | +-- , 43 , set() , {'xL5J', 'yL9J', 'zL36J'}
| | | | | +-- , 13 , {15} , {'zL62J', 'xL8J', 'zL63J', 'xL9J'}
| | | | | | +-- , 15 , set() , {'w18', 'zL63J', 'xL9J'}
| | | | | +-- , 45 , set() , {'zL15J', 'w6', 'xL8J'}
| | | | | +-- , 47 , set() , {'yL6J', 'zL24J', 'xL8J'}
| | | | | +-- , 17 , set() , {'xL8J', 'yL12J', 'zL48J', 'zL49J', 'xL3J'}
| | | | | +-- , 19 , set() , {'xL5J', 'xL8J', 'xL6J', 'zL73J', 'zL74J', 'yL18J', 'zL72J', 'w21', 'zL75J', 'xL4J', 'xL3J'}
| | | | | +-- , 21 , {23} , {'zL71J', 'xL8J', 'xL6J', 'xL2J', 'zL70J', 'xL4J'}
| | | | | | +-- , 23 , {25} , {'zL70J', 'xL8J', 'xL6J', 'zL69J', 'xL2J'}
| | | | | | | +-- , 25 , {27} , {'zL68J', 'xL8J', 'zL69J', 'xL2J'}
| | | | | | | | +-- , 27 , set() , {'yL17J', 'xL2J', 'zL68J'}
| | | | | +-- , 29 , {31} , {'zL58J', 'xL8J', 'xL3J', 'zL59J'}
| | | | | | +-- , 31 , set() , {'w17', 'xL8J', 'zL59J'}
| +-- , 71 , set() , {'w11', 'xL4J', 'zL35J'}
| +-- , 73 , set() , {'yL0J', 'zL0J', 'xL4J'}
| +-- , 75 , set() , {'yL15J', 'zL60J', 'xL7J', 'zL61J', 'xL1J'}
| +-- , 139 , set() , {'xL1J', 'zL79J', 'w22'}
| +-- , 77 , {79} , {'xL5J', 'zL18J', 'zL19J', 'xL7J', 'xL1J', 'xL3J'}
| | +-- , 79 , {81} , {'xL5J', 'xL7J', 'zL17J', 'zL18J', 'xL3J'}
| | | +-- , 81 , {83} , {'xL7J', 'zL16J', 'zL17J', 'xL3J'}
| | | | +-- , 83 , set() , {'xL7J', 'yL4J', 'zL16J'}
| +-- , 141 , {143} , {'zL50J', 'zL51J', 'xL2J', 'xL1J'}
| | +-- , 143 , set() , {'xL1J', 'w15', 'zL51J'}
| +-- , 85 , {87} , {'zL0J', 'w3', 'zL3J', 'xL2J', 'xL7J', 'zL1J', 'xL1J', 'xL9J'}
| | +-- , 87 , set() , {'zL3J', 'xL2J', 'zL2J', 'xL7J', 'zL1J'}
| +-- , 89 , {91} , {'xL0J', 'xL5J', 'zL21J', 'xL7J', 'xL3J', 'zL20J'}
| | +-- , 91 , {93} , {'zL22J', 'xL5J', 'xL0J', 'xL3J', 'zL21J'}
| | | +-- , 93 , {95} , {'zL22J', 'zL23J', 'xL0J', 'xL3J'}
| | | | +-- , 95 , set() , {'xL0J', 'w8', 'zL23J'}
| +-- , 97 , {99, 101} , {'xL0J', 'zL66J', 'xL2J', 'xL7J', 'zL67J', 'xL1J', 'xL9J'}
| | +-- , 99 , set() , {'w19', 'xL7J', 'zL67J'}
| | +-- , 101 , {103} , {'xL0J', 'zL66J', 'zL65J', 'xL2J', 'xL1J'}
| | | +-- , 103 , {105} , {'xL0J', 'zL65J', 'xL2J', 'zL64J'}
| | | | +-- , 105 , set() , {'xL2J', 'zL64J', 'yL16J'}
| +-- , 123 , set() , {'xL0J', 'zL43J', 'yL10J', 'zL42J', 'xL2J', 'zL41J', 'zL40J', 'w13', 'xL7J', 'xL9J', 'xL3J'}
| +-- , 107 , {109} , {'xL0J', 'zL46J', 'xL1J', 'zL45J', 'xL3J'}
| | +-- , 109 , {111} , {'xL0J', 'zL44J', 'zL45J', 'xL3J'}
| | | +-- , 111 , set() , {'xL0J', 'zL44J', 'yL11J'}
| +-- , 113 , {115} , {'zL29J', 'zL30J', 'xL5J', 'xL9J', 'xL3J'}
| | +-- , 115 , {117} , {'zL30J', 'zL31J', 'xL9J', 'xL3J'}
| | | +-- , 117 , set() , {'zL31J', 'w10', 'xL3J'}
| +-- , 119 , set() , {'w14', 'xL7J', 'zL47J'}
| +-- , 121 , set() , {'xL5J', 'zL12J', 'yL3J'}
| +-- , 59 , {61} , {'zL29J', 'zL28J', 'xL6J', 'xL1J'}
| | +-- , 61 , set() , {'xL1J', 'yL7J', 'zL28J'}
| +-- , 127 , {129} , {'zL10J', 'zL9J', 'xL1J', 'xL9J', 'xL3J'}
| | +-- , 129 , {131} , {'zL10J', 'xL1J', 'zL11J', 'xL3J'}
| | | +-- , 131 , set() , {'w5', 'xL1J', 'zL11J'}
| +-- , 125 , set() , {'xL0J', 'w4', 'zL5J', 'yL1J', 'xL2J', 'zL6J', 'zL7J', 'xL9J', 'xL1J', 'zL4J', 'xL3J'}
| +-- , 63 , set() , {'w7', 'zL19J', 'xL6J'}


Max number of edges with non zero Y: 40
Max number of iterations of outer rounding loop: 3
Max number of candidate sets: 2
Time spent rounding: 13.748
Time spent solving Separator LP: 11.738
Total time spent solving: 37.836

LP Solver: GaifmanNormal
Lower Bound Witness = ({'zL33J', 'zL68J', 'yL3J', 'w22', 'yL12J', 'zL44J', 'zL59J', 'w17', 'xL3J', 'w18', 'zL50J', 'w11', 'zL18J', 'zL42J', 'zL70J', 'zL17J', 'zL55J', 'w12', 'zL69J', 'zL38J', 'yL0J', 'zL31J', 'zL66J', 'yL5J', 'zL10J', 'zL15J', 'yL7J', 'w21', 'zL34J', 'zL77J', 'yL2J', 'zL23J', 'w6', 'zL22J', 'xL8J', 'xL9J', 'zL14J', 'xL0J', 'yL9J', 'w14', 'zL28J', 'yL1J', 'xL6J', 'zL37J', 'xL2J', 'zL64J', 'w13', 'xL7J', 'w20', 'zL49J', 'xL5J', 'w8', 'w4', 'zL63J', 'zL76J', 'zL19J', 'w7', 'zL67J', 'zL8J', 'zL57J', 'zL9J', 'zL20J', 'yL15J', 'zL30J', 'zL12J', 'zL71J', 'zL5J', 'zL11J', 'zL75J', 'zL32J', 'zL0J', 'zL46J', 'zL65J', 'zL78J', 'zL21J', 'zL2J', 'w16', 'zL45J', 'zL58J', 'w5', 'zL52J', 'w19', 'zL36J', 'zL54J', 'yL17J', 'zL60J', 'zL74J', 'yL18J', 'zL29J', 'zL35J', 'zL61J', 'yL6J', 'zL4J', 'yL14J', 'zL25J', 'yL8J', 'zL24J', 'zL47J', 'zL41J', 'yL19J', 'zL79J', 'xL1J', 'xL4J', 'zL39J', 'zL48J', 'zL73J', 'zL62J', 'zL51J', 'zL53J', 'yL4J', 'zL56J', 'zL43J', 'zL3J', 'yL10J', 'w9', 'zL72J', 'zL6J', 'zL27J', 'yL13J', 'w3', 'zL26J', 'yL16J', 'w15', 'zL7J', 'zL40J', 'zL13J', 'zL16J', 'yL11J', 'zL1J', 'w10'}, {'zL22J', 'zL5J', 'yL3J', 'zL47J', 'zL79J', 'xL9J', 'zL18J', 'zL73J', 'zL21J', 'zL70J', 'zL17J', 'zL55J', 'zL51J', 'w12', 'w16', 'yL0J', 'zL63J', 'zL6J', 'zL27J', 'w7', 'zL67J', 'zL9J', 'zL20J', 'zL60J', 'yL18J', 'zL34J', 'zL29J', 'zL30J', 'zL35J', 'yL2J', 'w10', 'zL4J'})