8, 2.742020528816652, 6.519095182138661, 9
+-- , 0 , {24, 10} , {'xL44J', 'xL5J', 'xL54J', 'xL0J', 'xL4J', 'xL36J', 'xL10J', 'xL1J', 'xL18J', 'xL11J', 'xL12J', 'xL41J', 'xL47J', 'xL57J', 'xL55J', 'xL37J', 'xL9J', 'xL51J', 'xL29J', 'xL3J', 'xL22J', 'xL31J', 'xL6J', 'xL2J', 'xL15J', 'xL23J', 'xL21J', 'xL7J', 'xL19J', 'xL16J', 'xL59J', 'xL39J', 'xL30J', 'xL32J', 'xL24J', 'xL46J', 'xL48J', 'xL17J', 'xL56J', 'xL40J', 'xL42J', 'xL53J', 'xL34J', 'xL26J', 'xL38J', 'xL52J'}
| +-- , 24 , set() , {'xL44J', 'xL5J', 'xL54J', 'xL0J', 'xL4J', 'xL13J', 'xL41J', 'xL47J', 'xL9J', 'xL29J', 'xL31J', 'xL6J', 'xL2J', 'xL23J', 'xL21J', 'xL7J', 'xL59J', 'xL39J', 'xL17J', 'xL42J', 'xL26J', 'xL52J'}
| +-- , 10 , {20, 22, 14} , {'xL5J', 'xL4J', 'xL11J', 'xL12J', 'xL9J', 'xL51J', 'xL31J', 'xL6J', 'xL2J', 'xL8J', 'xL7J', 'xL39J', 'xL24J', 'xL48J', 'xL17J', 'xL56J', 'xL42J', 'xL53J', 'xL34J', 'xL30J', 'xL38J', 'xL52J', 'xL44J', 'xL33J', 'xL54J', 'xL0J', 'xL36J', 'xL27J', 'xL1J', 'xL10J', 'xL18J', 'xL41J', 'xL47J', 'xL57J', 'xL55J', 'xL37J', 'xL29J', 'xL3J', 'xL22J', 'xL15J', 'xL23J', 'xL21J', 'xL16J', 'xL19J', 'xL58J', 'xL59J', 'xL32J', 'xL46J', 'xL40J'}
| | +-- , 20 , set() , {'xL44J', 'xL54J', 'xL4J', 'xL36J', 'xL27J', 'xL1J', 'xL10J', 'xL18J', 'xL12J', 'xL57J', 'xL37J', 'xL29J', 'xL3J', 'xL6J', 'xL15J', 'xL23J', 'xL8J', 'xL7J', 'xL16J', 'xL58J', 'xL46J', 'xL42J', 'xL50J'}
| | +-- , 22 , set() , {'xL33J', 'xL5J', 'xL16J', 'xL51J', 'xL43J', 'xL59J', 'xL53J', 'xL34J', 'xL47J', 'xL24J'}
| | +-- , 14 , {16} , {'xL5J', 'xL4J', 'xL11J', 'xL12J', 'xL9J', 'xL31J', 'xL2J', 'xL14J', 'xL8J', 'xL7J', 'xL39J', 'xL24J', 'xL28J', 'xL48J', 'xL17J', 'xL42J', 'xL53J', 'xL34J', 'xL30J', 'xL38J', 'xL52J', 'xL44J', 'xL33J', 'xL54J', 'xL36J', 'xL27J', 'xL45J', 'xL10J', 'xL18J', 'xL41J', 'xL47J', 'xL57J', 'xL55J', 'xL37J', 'xL29J', 'xL3J', 'xL22J', 'xL23J', 'xL21J', 'xL16J', 'xL19J', 'xL58J', 'xL59J', 'xL32J', 'xL46J'}
| | | +-- , 16 , {18} , {'xL44J', 'xL33J', 'xL5J', 'xL4J', 'xL36J', 'xL45J', 'xL27J', 'xL18J', 'xL11J', 'xL12J', 'xL41J', 'xL57J', 'xL55J', 'xL37J', 'xL29J', 'xL3J', 'xL22J', 'xL25J', 'xL31J', 'xL20J', 'xL14J', 'xL8J', 'xL21J', 'xL7J', 'xL16J', 'xL58J', 'xL59J', 'xL39J', 'xL32J', 'xL46J', 'xL28J', 'xL48J', 'xL17J', 'xL53J', 'xL34J', 'xL35J', 'xL30J', 'xL38J', 'xL52J'}
| | | | +-- , 18 , set() , {'xL49J', 'xL5J', 'xL7J', 'xL16J', 'xL14J', 'xL58J', 'xL18J', 'xL3J', 'xL25J', 'xL31J', 'xL34J', 'xL35J', 'xL41J', 'xL57J', 'xL38J', 'xL52J', 'xL21J'}


Max number of edges with non zero Y: 30
Max number of iterations of outer rounding loop: 8
Max number of candidate sets: 2
Time spent rounding: 54.365
Time spent solving Separator LP: 43.199

LP Solver: GaifmanBoosted9, 2.6827677791930173, 6.584541062801932, 9
+-- , 0 , {4} , {'xL24J', 'xL53J', 'xL23J', 'xL5J', 'xL55J', 'xL44J', 'xL36J', 'xL34J', 'xL4J', 'xL12J', 'xL32J', 'xL33J', 'xL59J', 'xL16J', 'xL51J', 'xL57J', 'xL3J', 'xL56J', 'xL7J', 'xL8J', 'xL43J', 'xL18J', 'xL40J', 'xL48J', 'xL31J', 'xL47J', 'xL41J', 'xL19J', 'xL39J', 'xL30J', 'xL2J', 'xL38J'}
| +-- , 4 , {25, 11, 15} , {'xL24J', 'xL53J', 'xL23J', 'xL5J', 'xL55J', 'xL44J', 'xL29J', 'xL34J', 'xL4J', 'xL10J', 'xL16J', 'xL57J', 'xL54J', 'xL42J', 'xL7J', 'xL9J', 'xL11J', 'xL40J', 'xL0J', 'xL47J', 'xL46J', 'xL39J', 'xL30J', 'xL37J', 'xL13J', 'xL58J', 'xL36J', 'xL12J', 'xL32J', 'xL33J', 'xL59J', 'xL51J', 'xL3J', 'xL56J', 'xL8J', 'xL15J', 'xL18J', 'xL48J', 'xL27J', 'xL31J', 'xL41J', 'xL19J', 'xL6J', 'xL1J', 'xL2J', 'xL38J'}
| | +-- , 25 , set() , {'xL13J', 'xL26J', 'xL5J', 'xL44J', 'xL29J', 'xL36J', 'xL4J', 'xL34J', 'xL32J', 'xL59J', 'xL51J', 'xL54J', 'xL42J', 'xL56J', 'xL7J', 'xL9J', 'xL18J', 'xL48J', 'xL0J', 'xL47J', 'xL31J', 'xL39J', 'xL6J', 'xL2J', 'xL38J'}
| | +-- , 11 , set() , {'xL23J', 'xL58J', 'xL44J', 'xL29J', 'xL36J', 'xL4J', 'xL10J', 'xL12J', 'xL16J', 'xL57J', 'xL54J', 'xL42J', 'xL3J', 'xL7J', 'xL8J', 'xL15J', 'xL18J', 'xL27J', 'xL46J', 'xL6J', 'xL1J', 'xL50J', 'xL37J'}
| | +-- , 15 , {17} , {'xL24J', 'xL53J', 'xL23J', 'xL5J', 'xL55J', 'xL44J', 'xL29J', 'xL34J', 'xL4J', 'xL10J', 'xL16J', 'xL57J', 'xL54J', 'xL42J', 'xL7J', 'xL9J', 'xL11J', 'xL40J', 'xL0J', 'xL47J', 'xL46J', 'xL39J', 'xL30J', 'xL37J', 'xL13J', 'xL58J', 'xL36J', 'xL12J', 'xL32J', 'xL33J', 'xL59J', 'xL3J', 'xL56J', 'xL8J', 'xL15J', 'xL18J', 'xL48J', 'xL27J', 'xL31J', 'xL41J', 'xL19J', 'xL1J', 'xL2J', 'xL38J', 'xL22J'}
| | | +-- , 17 , {19} , {'xL24J', 'xL53J', 'xL23J', 'xL5J', 'xL55J', 'xL44J', 'xL29J', 'xL34J', 'xL4J', 'xL14J', 'xL10J', 'xL16J', 'xL52J', 'xL57J', 'xL54J', 'xL42J', 'xL7J', 'xL9J', 'xL11J', 'xL40J', 'xL0J', 'xL47J', 'xL46J', 'xL39J', 'xL30J', 'xL37J', 'xL13J', 'xL21J', 'xL58J', 'xL28J', 'xL36J', 'xL12J', 'xL32J', 'xL33J', 'xL59J', 'xL3J', 'xL17J', 'xL56J', 'xL8J', 'xL18J', 'xL48J', 'xL27J', 'xL31J', 'xL41J', 'xL19J', 'xL1J', 'xL2J', 'xL38J', 'xL22J'}
| | | | +-- , 19 , {21} , {'xL24J', 'xL53J', 'xL23J', 'xL5J', 'xL55J', 'xL44J', 'xL29J', 'xL34J', 'xL4J', 'xL14J', 'xL10J', 'xL16J', 'xL52J', 'xL57J', 'xL54J', 'xL42J', 'xL7J', 'xL11J', 'xL47J', 'xL46J', 'xL39J', 'xL30J', 'xL37J', 'xL21J', 'xL58J', 'xL28J', 'xL36J', 'xL12J', 'xL32J', 'xL33J', 'xL45J', 'xL59J', 'xL3J', 'xL17J', 'xL8J', 'xL18J', 'xL48J', 'xL27J', 'xL31J', 'xL41J', 'xL2J', 'xL38J', 'xL22J'}
| | | | | +-- , 21 , {23} , {'xL25J', 'xL53J', 'xL5J', 'xL21J', 'xL55J', 'xL35J', 'xL58J', 'xL28J', 'xL44J', 'xL29J', 'xL36J', 'xL4J', 'xL34J', 'xL14J', 'xL12J', 'xL32J', 'xL33J', 'xL45J', 'xL52J', 'xL16J', 'xL57J', 'xL3J', 'xL59J', 'xL20J', 'xL17J', 'xL7J', 'xL8J', 'xL11J', 'xL18J', 'xL48J', 'xL27J', 'xL31J', 'xL46J', 'xL41J', 'xL39J', 'xL30J', 'xL38J', 'xL22J', 'xL37J'}
| | | | | | +-- , 23 , set() , {'xL25J', 'xL34J', 'xL49J', 'xL14J', 'xL7J', 'xL3J', 'xL18J', 'xL21J', 'xL5J', 'xL38J', 'xL16J', 'xL52J', 'xL58J', 'xL31J', 'xL57J', 'xL41J', 'xL35J'}


Max number of edges with non zero Y: 28
Max number of iterations of outer rounding loop: 6
Max number of candidate sets: 2
Time spent rounding: 28.876
Time spent solving Separator LP: 27.250

LP Solver: GaifmanBoosted