12, 1.9711657144133732, 6.5, 7
+-- , 0 , {8} , {'xL15J', 'xL18J', 'xL0J', 'xL21J', 'xL12J', 'xL14J', 'xL9J', 'xL7J', 'xL19J', 'xL20J', 'xL22J', 'xL8J', 'xL4J'}
| +-- , 8 , {10, 29} , {'xL15J', 'xL23J', 'xL18J', 'xL0J', 'xL19J', 'xL20J', 'xL21J', 'xL12J', 'xL22J', 'xL14J', 'xL9J', 'xL8J', 'xL7J'}
| | +-- , 10 , {23, 27, 12} , {'xL15J', 'xL24J', 'xL23J', 'xL18J', 'xL0J', 'xL19J', 'xL20J', 'xL21J', 'xL22J', 'xL9J', 'xL8J', 'xL7J'}
| | | +-- , 23 , {25} , {'xL24J', 'xL18J', 'xL0J', 'xL19J', 'xL7J', 'xL16J'}
| | | | +-- , 25 , set() , {'xL7J', 'xL16J', 'xL18J', 'xL13J'}
| | | +-- , 27 , set() , {'xL18J', 'xL24J', 'xL10J', 'xL23J'}
| | | +-- , 12 , {21, 15} , {'xL15J', 'xL24J', 'xL21J', 'xL9J', 'xL7J', 'xL5J', 'xL23J', 'xL19J', 'xL20J', 'xL22J', 'xL1J', 'xL8J'}
| | | | +-- , 21 , set() , {'xL22J', 'xL1J', 'xL6J'}
| | | | +-- , 15 , {17, 19} , {'xL5J', 'xL15J', 'xL24J', 'xL23J', 'xL20J', 'xL21J', 'xL22J', 'xL3J', 'xL9J', 'xL1J', 'xL8J'}
| | | | | +-- , 17 , set() , {'xL5J', 'xL24J', 'xL23J', 'xL2J', 'xL3J', 'xL1J', 'xL8J'}
| | | | | +-- , 19 , set() , {'xL23J', 'xL17J', 'xL22J', 'xL3J', 'xL8J'}
| | +-- , 29 , set() , {'xL15J', 'xL11J', 'xL23J', 'xL12J', 'xL14J', 'xL7J'}


Max number of edges with non zero Y: 23
Max number of iterations of outer rounding loop: 7
Max number of candidate sets: 2
Time spent rounding: 35.638
Time spent solving Separator LP: 1.235
Total time spent solving: 41.210

LP Solver: GaifmanBoosted
Lower Bound Witness = ({'xL24J', 'xL11J', 'xL18J', 'xL0J', 'xL21J', 'xL12J', 'xL3J', 'xL14J', 'xL9J', 'xL7J', 'xL5J', 'xL19J', 'xL20J', 'xL6J', 'xL1J', 'xL8J', 'xL4J', 'xL15J', 'xL16J', 'xL23J', 'xL10J', 'xL2J', 'xL17J', 'xL22J', 'xL13J'}, {'xL15J', 'xL18J', 'xL0J', 'xL19J', 'xL21J', 'xL12J', 'xL22J', 'xL14J', 'xL9J', 'xL8J', 'xL7J', 'xL4J'})