11, 2.1287033495484073, 7.0, 8
+-- , 0 , {8, 27, 25} , {'xL15J', 'xL11J', 'xL18J', 'xL0J', 'xL20J', 'xL12J', 'xL22J', 'xL13J', 'xL1J', 'xL8J', 'xL7J', 'xL16J'}
| +-- , 8 , {11, 23} , {'xL15J', 'xL11J', 'xL24J', 'xL18J', 'xL23J', 'xL0J', 'xL20J', 'xL12J', 'xL22J', 'xL9J', 'xL1J', 'xL8J', 'xL7J', 'xL16J'}
| | +-- , 11 , {13} , {'xL15J', 'xL24J', 'xL11J', 'xL12J', 'xL9J', 'xL7J', 'xL16J', 'xL23J', 'xL19J', 'xL20J', 'xL22J', 'xL1J', 'xL8J'}
| | | +-- , 13 , {21, 15} , {'xL15J', 'xL24J', 'xL11J', 'xL21J', 'xL12J', 'xL9J', 'xL7J', 'xL23J', 'xL19J', 'xL20J', 'xL22J', 'xL1J', 'xL8J'}
| | | | +-- , 21 , set() , {'xL11J', 'xL21J', 'xL12J', 'xL22J', 'xL14J', 'xL7J'}
| | | | +-- , 15 , {17, 19} , {'xL5J', 'xL15J', 'xL24J', 'xL23J', 'xL20J', 'xL21J', 'xL22J', 'xL3J', 'xL9J', 'xL1J', 'xL8J'}
| | | | | +-- , 17 , set() , {'xL5J', 'xL24J', 'xL23J', 'xL2J', 'xL3J', 'xL1J', 'xL8J'}
| | | | | +-- , 19 , set() , {'xL23J', 'xL17J', 'xL22J', 'xL3J', 'xL8J'}
| | +-- , 23 , set() , {'xL18J', 'xL24J', 'xL10J', 'xL23J'}
| +-- , 27 , set() , {'xL8J', 'xL20J', 'xL18J', 'xL4J'}
| +-- , 25 , set() , {'xL22J', 'xL1J', 'xL6J'}


Max number of edges with non zero Y: 18
Max number of iterations of outer rounding loop: 6
Max number of candidate sets: 2
Time spent rounding: 27.427
Time spent solving Separator LP: 0.699
Total time spent solving: 31.422

LP Solver: GaifmanNormal
Lower Bound Witness = ({'xL24J', 'xL11J', 'xL18J', 'xL0J', 'xL21J', 'xL12J', 'xL3J', 'xL14J', 'xL9J', 'xL7J', 'xL5J', 'xL19J', 'xL20J', 'xL6J', 'xL1J', 'xL8J', 'xL4J', 'xL15J', 'xL16J', 'xL23J', 'xL10J', 'xL2J', 'xL17J', 'xL22J', 'xL13J'}, {'xL15J', 'xL24J', 'xL11J', 'xL18J', 'xL0J', 'xL2J', 'xL20J', 'xL12J', 'xL6J', 'xL22J', 'xL3J', 'xL13J', 'xL1J', 'xL14J', 'xL8J', 'xL7J', 'xL4J'})