11, 1.6363636363636365, 4.5, 5
+-- , 0 , {24, 6} , {'xL9J', 'xL10J', 'xL18J', 'xL16J', 'xL15J', 'xL0J', 'xL11J', 'xL13J', 'xL5J'}
| +-- , 24 , set() , {'xL15J', 'xL18J', 'xL14J', 'xL16J'}
| +-- , 6 , {8, 14} , {'xL13J', 'xL2J', 'xL9J', 'xL16J', 'xL0J', 'xL11J', 'xL10J', 'xL5J', 'xL7J'}
| | +-- , 8 , {10} , {'xL6J', 'xL13J', 'xL2J', 'xL9J', 'xL16J', 'xL0J', 'xL10J', 'xL5J', 'xL7J'}
| | | +-- , 10 , {12} , {'xL6J', 'xL13J', 'xL2J', 'xL16J', 'xL0J', 'xL19J', 'xL10J', 'xL5J'}
| | | | +-- , 12 , set() , {'xL6J', 'xL19J', 'xL17J', 'xL2J', 'xL5J'}
| | +-- , 14 , {16} , {'xL13J', 'xL2J', 'xL9J', 'xL0J', 'xL1J', 'xL11J', 'xL10J', 'xL5J', 'xL7J'}
| | | +-- , 16 , {18, 22} , {'xL4J', 'xL9J', 'xL0J', 'xL1J', 'xL11J', 'xL13J', 'xL5J', 'xL7J'}
| | | | +-- , 18 , {20} , {'xL3J', 'xL4J', 'xL9J', 'xL1J', 'xL11J', 'xL5J', 'xL7J'}
| | | | | +-- , 20 , set() , {'xL9J', 'xL8J', 'xL3J', 'xL4J'}
| | | | +-- , 22 , set() , {'xL4J', 'xL9J', 'xL12J', 'xL0J', 'xL5J'}


Max number of edges with non zero Y: 10
Max number of iterations of outer rounding loop: 4
Max number of candidate sets: 2
Time spent rounding: 14.933
Time spent solving Separator LP: 0.301
Total time spent solving: 18.190

LP Solver: GaifmanBoosted
Lower Bound Witness = ({'xL12J', 'xL0J', 'xL17J', 'xL2J', 'xL8J', 'xL4J', 'xL16J', 'xL1J', 'xL11J', 'xL13J', 'xL5J', 'xL6J', 'xL3J', 'xL9J', 'xL18J', 'xL14J', 'xL15J', 'xL19J', 'xL10J', 'xL7J'}, {'xL6J', 'xL13J', 'xL3J', 'xL9J', 'xL18J', 'xL14J', 'xL16J', 'xL15J', 'xL11J', 'xL10J', 'xL5J', 'xL8J'})