19, 2.6649479690721654, 8.5, 9
+-- , 0 , {8, 47} , {'xL30J', 'xL1J', 'xL22J', 'xL6J', 'xL8J', 'xL0J', 'xL13J', 'xL37J', 'xL10J', 'xL4J', 'xL12J', 'xL2J', 'xL20J', 'xL9J', 'xL24J'}
| +-- , 8 , {10} , {'xL30J', 'xL1J', 'xL22J', 'xL17J', 'xL6J', 'xL8J', 'xL10J', 'xL13J', 'xL37J', 'xL4J', 'xL12J', 'xL2J', 'xL20J', 'xL9J', 'xL24J'}
| | +-- , 10 , {45, 15} , {'xL30J', 'xL1J', 'xL22J', 'xL25J', 'xL17J', 'xL36J', 'xL6J', 'xL8J', 'xL32J', 'xL13J', 'xL37J', 'xL4J', 'xL12J', 'xL2J', 'xL20J', 'xL9J', 'xL24J'}
| | | +-- , 45 , set() , {'xL9J', 'xL32J', 'xL19J'}
| | | +-- , 15 , {17, 43} , {'xL30J', 'xL1J', 'xL22J', 'xL25J', 'xL17J', 'xL36J', 'xL6J', 'xL8J', 'xL13J', 'xL37J', 'xL21J', 'xL12J', 'xL4J', 'xL2J', 'xL20J', 'xL9J', 'xL24J'}
| | | | +-- , 17 , {19, 39, 41} , {'xL1J', 'xL22J', 'xL33J', 'xL17J', 'xL36J', 'xL6J', 'xL8J', 'xL13J', 'xL37J', 'xL21J', 'xL12J', 'xL4J', 'xL2J', 'xL20J', 'xL9J', 'xL24J'}
| | | | | +-- , 19 , {22} , {'xL22J', 'xL33J', 'xL17J', 'xL36J', 'xL6J', 'xL8J', 'xL13J', 'xL37J', 'xL4J', 'xL26J', 'xL21J', 'xL12J', 'xL2J', 'xL14J', 'xL20J', 'xL9J', 'xL24J'}
| | | | | | +-- , 22 , {24, 26} , {'xL22J', 'xL33J', 'xL17J', 'xL36J', 'xL6J', 'xL8J', 'xL35J', 'xL13J', 'xL4J', 'xL26J', 'xL21J', 'xL12J', 'xL2J', 'xL14J', 'xL20J', 'xL9J'}
| | | | | | | +-- , 24 , set() , {'xL35J', 'xL20J', 'xL7J', 'xL9J', 'xL6J'}
| | | | | | | +-- , 26 , {37, 28} , {'xL22J', 'xL18J', 'xL33J', 'xL17J', 'xL36J', 'xL8J', 'xL35J', 'xL13J', 'xL4J', 'xL26J', 'xL21J', 'xL12J', 'xL2J', 'xL14J', 'xL20J', 'xL9J'}
| | | | | | | | +-- , 37 , set() , {'xL26J', 'xL18J', 'xL38J', 'xL17J', 'xL23J'}
| | | | | | | | +-- , 28 , {35, 31} , {'xL22J', 'xL18J', 'xL33J', 'xL36J', 'xL35J', 'xL13J', 'xL4J', 'xL26J', 'xL21J', 'xL12J', 'xL2J', 'xL27J', 'xL14J', 'xL20J', 'xL9J', 'xL16J'}
| | | | | | | | | +-- , 35 , set() , {'xL35J', 'xL29J', 'xL22J', 'xL21J', 'xL26J', 'xL27J', 'xL12J', 'xL28J', 'xL14J', 'xL36J', 'xL20J', 'xL9J', 'xL16J', 'xL11J'}
| | | | | | | | | +-- , 31 , {33} , {'xL35J', 'xL13J', 'xL4J', 'xL27J', 'xL31J', 'xL16J'}
| | | | | | | | | | +-- , 33 , set() , {'xL35J', 'xL31J', 'xL13J', 'xL15J'}
| | | | | +-- , 39 , set() , {'xL33J', 'xL24J', 'xL5J'}
| | | | | +-- , 41 , set() , {'xL33J', 'xL17J', 'xL3J', 'xL36J'}
| | | | +-- , 43 , set() , {'xL39J', 'xL25J', 'xL21J', 'xL17J', 'xL9J'}
| +-- , 47 , set() , {'xL4J', 'xL34J', 'xL0J'}


Max number of edges with non zero Y: 27
Max number of iterations of outer rounding loop: 8
Max number of candidate sets: 2
Time spent rounding: 81.814
Time spent solving Separator LP: 1.690

LP Solver: GaifmanNormal