11, 1.6334264382022472, 4.5, 5
+-- , 0 , {21, 5} , {'xL17J', 'xL6J', 'xL12J', 'xL0J', 'xL9J', 'xL19J', 'xL5J', 'xL8J', 'xL14J'}
| +-- , 21 , {23} , {'xL17J', 'xL6J', 'xL12J', 'xL9J', 'xL19J', 'xL10J', 'xL14J'}
| | +-- , 23 , set() , {'xL3J', 'xL18J', 'xL6J', 'xL19J', 'xL10J', 'xL14J'}
| +-- , 5 , {7} , {'xL4J', 'xL17J', 'xL6J', 'xL12J', 'xL0J', 'xL9J', 'xL19J', 'xL5J'}
| | +-- , 7 , {9} , {'xL4J', 'xL17J', 'xL6J', 'xL0J', 'xL9J', 'xL19J', 'xL11J', 'xL5J'}
| | | +-- , 9 , {11} , {'xL4J', 'xL17J', 'xL2J', 'xL6J', 'xL0J', 'xL19J', 'xL11J', 'xL5J'}
| | | | +-- , 11 , {13} , {'xL4J', 'xL2J', 'xL6J', 'xL0J', 'xL1J', 'xL19J', 'xL11J', 'xL5J'}
| | | | | +-- , 13 , {15} , {'xL6J', 'xL0J', 'xL16J', 'xL1J', 'xL19J', 'xL11J', 'xL5J'}
| | | | | | +-- , 15 , {17, 19} , {'xL13J', 'xL16J', 'xL0J', 'xL1J', 'xL19J', 'xL11J', 'xL5J'}
| | | | | | | +-- , 17 , set() , {'xL15J', 'xL13J', 'xL16J', 'xL0J', 'xL19J'}
| | | | | | | +-- , 19 , set() , {'xL7J', 'xL0J', 'xL13J', 'xL1J', 'xL11J'}


Max number of edges with non zero Y: 14
Max number of iterations of outer rounding loop: 4
Max number of candidate sets: 2
Time spent rounding: 4.629
Time spent solving Separator LP: 0.123
Total time spent solving: 5.942

LP Solver: GaifmanNormal
Lower Bound Witness = ({'xL4J', 'xL15J', 'xL2J', 'xL6J', 'xL9J', 'xL18J', 'xL11J', 'xL5J', 'xL10J', 'xL17J', 'xL7J', 'xL12J', 'xL0J', 'xL1J', 'xL14J', 'xL3J', 'xL13J', 'xL16J', 'xL19J', 'xL8J'}, {'xL17J', 'xL7J', 'xL15J', 'xL12J', 'xL0J', 'xL13J', 'xL19J', 'xL5J', 'xL8J', 'xL14J'})