10, 0, 5.258426966292134, 8
+-- , 9 , {11, 5} , {'5', '28', '31', '22', '47', '24', '4', '44', '14', '45', '43', '35', '42', '40', '8', '6', '21', '48', '9', '2', '51', '16', '38', '7', '30', '11', '37', '3', '33', '12', '25'}
| +-- , 11 , set() , {'5', '28', '31', '4', '44', '14', '45', '43', '40', '6', '48', '9', '2', '51', '38', '7', '11', '30', '37', '3', '33', '25', '1'}
| +-- , 5 , {3, 7} , {'5', '28', '31', '20', '18', '22', '13', '26', '47', '24', '4', '44', '14', '45', '43', '35', '42', '40', '8', '6', '21', '9', '2', '51', '16', '38', '7', '30', '11', '37', '3', '27', '33', '12', '25'}
| | +-- , 3 , {0, 13} , {'10', '28', '5', '31', '20', '18', '22', '13', '26', '19', '47', '24', '4', '44', '41', '14', '45', '43', '42', '40', '34', '8', '6', '21', '50', '9', '2', '51', '38', '30', '7', '11', '36', '37', '3', '27', '33', '12', '25', '0'}
| | | +-- , 0 , {17} , {'20', '26', '19', '47', '24', '4', '41', '14', '42', '40', '8', '6', '21', '50', '30', '7', '11', '49', '37', '39', '33', '12', '25', '10', '5', '31', '18', '22', '23', '44', '45', '43', '34', '9', '2', '51', '38', '36', '3', '27', '0'}
| | | | +-- , 17 , {19} , {'5', '31', '20', '22', '26', '19', '47', '23', '24', '4', '44', '41', '52', '14', '45', '43', '42', '40', '34', '8', '6', '50', '2', '51', '38', '7', '11', '49', '37', '39', '27', '33', '12', '25', '0'}
| | | | | +-- , 19 , set() , {'5', '20', '22', '19', '47', '24', '4', '44', '41', '52', '46', '45', '42', '40', '34', '8', '2', '51', '38', '11', '49', '27', '12', '0'}
| | | +-- , 13 , {15} , {'5', '28', '31', '20', '22', '26', '47', '24', '4', '44', '45', '43', '42', '32', '40', '34', '8', '6', '21', '2', '51', '38', '30', '11', '36', '37', '3', '12'}
| | | | +-- , 15 , set() , {'8', '21', '20', '3', '44', '22', '26', '43', '12', '42', '17', '32', '40', '34', '24', '38', '30', '11'}
| | +-- , 7 , set() , {'28', '40', '6', '15', '20', '3', '22', '13', '33', '4', '27', '35', '51', '16', '38', '29'}


Max number of edges with non zero Y: 23
Max number of iterations of outer rounding loop: 3
Max number of candidate sets: 2
Time spent rounding: 0.308
Time spent solving Separator LP: 0.013
Total time spent solving: 0.687

LP Solver: gammaPlusFractionalCoverHeuristic
Number of Rounding Attemps: 4
Lower Bound Witness = ({'10', '28', '5', '31', '20', '18', '22', '13', '26', '19', '47', '23', '24', '4', '44', '41', '52', '14', '46', '45', '43', '35', '42', '17', '32', '40', '34', '29', '8', '6', '21', '50', '48', '9', '2', '51', '16', '38', '30', '7', '11', '49', '36', '15', '37', '3', '39', '27', '33', '12', '25', '1', '0'}, {'14', '37', '46', '22', '23'})