36, 2.0, 3.0, 3
+-- , 0 , {48, 5} , {'xL7JL6J', 'xL2JL6J', 'xL2JL5J', 'xL2JL4J', 'xL7JL7J', 'xL2JL7J'}
| +-- , 48 , {50} , {'xL7JL6J', 'xL4JL6J', 'xL2JL5J', 'xL2JL4J', 'xL6JL6J', 'xL5JL6J'}
| | +-- , 50 , {52} , {'xL2JL5J', 'xL4JL6J', 'xL2JL4J', 'xL6JL6J', 'xL5JL5J', 'xL5JL6J'}
| | | +-- , 52 , {54} , {'xL4JL6J', 'xL2JL5J', 'xL4JL5J', 'xL2JL4J', 'xL6JL6J', 'xL3JL5J', 'xL6JL5J', 'xL5JL5J', 'xL3JL4J'}
| | | | +-- , 54 , {56} , {'xL6JL3J', 'xL6JL6J', 'xL6JL4J', 'xL3JL5J', 'xL6JL5J', 'xL3JL3J', 'xL3JL2J', 'xL3JL4J'}
| | | | | +-- , 56 , {66, 58} , {'xL6JL3J', 'xL5JL3J', 'xL6JL4J', 'xL3JL3J', 'xL3JL2J', 'xL4JL3J'}
| | | | | | +-- , 66 , {72, 68} , {'xL7JL3J', 'xL6JL3J', 'xL8JL4J', 'xL5JL3J', 'xL9JL4J', 'xL6JL4J', 'xL3JL3J', 'xL7JL4J', 'xL4JL3J'}
| | | | | | | +-- , 72 , {74} , {'xL7JL1J', 'xL7JL3J', 'xL7JL2J', 'xL7JL4J'}
| | | | | | | | +-- , 74 , set() , {'xL8JL1J', 'xL9JL2J', 'xL7JL2J', 'xL9JL1J', 'xL8JL2J', 'xL7JL1J'}
| | | | | | | +-- , 68 , {70} , {'xL9JL4J', 'xL8JL5J', 'xL8JL4J'}
| | | | | | | | +-- , 70 , set() , {'xL9JL5J', 'xL9JL4J', 'xL8JL5J'}
| | | | | | +-- , 58 , {60, 62} , {'xL5JL3J', 'xL4JL2J', 'xL5JL2J', 'xL2JL2J', 'xL3JL2J', 'xL1JL2J', 'xL4JL3J'}
| | | | | | | +-- , 60 , set() , {'xL5JL3J', 'xL4JL2J', 'xL5JL1J', 'xL5JL2J', 'xL4JL1J', 'xL4JL3J'}
| | | | | | | +-- , 62 , {64} , {'xL2JL1J', 'xL2JL2J', 'xL1JL2J'}
| | | | | | | | +-- , 64 , set() , {'xL2JL1J', 'xL1JL2J', 'xL1JL1J'}
| +-- , 5 , {7} , {'xL2JL6J', 'xL7JL7J', 'xL8JL7J', 'xL9JL7J', 'xL2JL7J'}
| | +-- , 7 , {9, 46} , {'xL2JL6J', 'xL8JL7J', 'xL8JL9J', 'xL9JL7J', 'xL8JL10J', 'xL2JL7J'}
| | | +-- , 9 , {11, 42} , {'xL2JL6J', 'xL3JL8J', 'xL8JL10J', 'xL8JL9J', 'xL2JL7J'}
| | | | +-- , 11 , {13} , {'xL3JL8J', 'xL8JL9J', 'xL4JL8J', 'xL6JL8J', 'xL5JL8J', 'xL8JL10J'}
| | | | | +-- , 13 , {15} , {'xL4JL8J', 'xL6JL9J', 'xL8JL9J', 'xL6JL8J', 'xL5JL8J', 'xL8JL10J'}
| | | | | | +-- , 15 , {17} , {'xL7JL9J', 'xL5JL9J', 'xL8JL9J', 'xL6JL9J', 'xL7JL10J', 'xL4JL8J', 'xL4JL9J', 'xL5JL8J', 'xL8JL10J'}
| | | | | | | +-- , 17 , {19} , {'xL7JL9J', 'xL4JL11J', 'xL7JL10J', 'xL4JL8J', 'xL7JL12J', 'xL4JL9J', 'xL7JL11J', 'xL4JL10J'}
| | | | | | | | +-- , 19 , {21, 29} , {'xL5JL11J', 'xL4JL11J', 'xL6JL11J', 'xL7JL12J', 'xL7JL11J', 'xL4JL10J'}
| | | | | | | | | +-- , 21 , {27, 23} , {'xL5JL11J', 'xL8JL12J', 'xL9JL12J', 'xL6JL11J', 'xL7JL12J', 'xL5JL12J', 'xL6JL12J'}
| | | | | | | | | | +-- , 27 , set() , {'xL5JL11J', 'xL6JL11J', 'xL5JL13J', 'xL5JL12J', 'xL6JL13J', 'xL6JL12J'}
| | | | | | | | | | +-- , 23 , {25} , {'xL9JL12J', 'xL9JL13J', 'xL8JL12J'}
| | | | | | | | | | | +-- , 25 , set() , {'xL9JL13J', 'xL8JL12J', 'xL8JL13J'}
| | | | | | | | | +-- , 29 , {35, 31} , {'xL5JL11J', 'xL4JL11J', 'xL3JL10J', 'xL6JL11J', 'xL1JL10J', 'xL7JL11J', 'xL4JL10J', 'xL3JL11J', 'xL2JL10J'}
| | | | | | | | | | +-- , 35 , {37} , {'xL3JL12J', 'xL3JL11J', 'xL3JL10J', 'xL3JL13J'}
| | | | | | | | | | | +-- , 37 , {40} , {'xL2JL12J', 'xL3JL12J', 'xL3JL13J', 'xL1JL12J'}
| | | | | | | | | | | | +-- , 40 , set() , {'xL1JL13J', 'xL1JL12J', 'xL2JL12J', 'xL2JL13J', 'xL3JL13J'}
| | | | | | | | | | +-- , 31 , {33} , {'xL1JL10J', 'xL1JL9J', 'xL2JL10J'}
| | | | | | | | | | | +-- , 33 , set() , {'xL1JL9J', 'xL2JL10J', 'xL2JL9J'}
| | | | +-- , 42 , {44} , {'xL2JL6J', 'xL3JL8J', 'xL3JL7J', 'xL2JL7J'}
| | | | | +-- , 44 , set() , {'xL1JL6J', 'xL2JL6J', 'xL1JL7J', 'xL3JL7J', 'xL2JL7J'}
| | | +-- , 46 , set() , {'xL9JL8J', 'xL8JL9J', 'xL8JL7J', 'xL9JL7J', 'xL8JL10J', 'xL8JL8J'}


Max number of edges with non zero Y: 2
Max number of iterations of outer rounding loop: 0
Max number of candidate sets: 0
Time spent rounding: 0.000
Time spent solving Separator LP: 3.673
Total time spent solving: 5.771

LP Solver: GaifmanNormalILP
Lower Bound Witness = ({'xL9JL13J', 'xL8JL12J', 'xL9JL12J', 'xL8JL13J'}, {'xL8JL12J', 'xL9JL12J'})