17, 2.65644239884781, 8.576923076923077, 9
+-- , 0 , {39, 8, 43, 41} , {'33', '57', '50', '13', '37', '5', '4', '48', '44', '27', '15', '53', '29', '25', '17', '34', '8', '18', '1', '49', '56', '3', '20', '2', '39', '55', '23'}
| +-- , 39 , set() , {'11', '53', '4', '55'}
| +-- , 8 , {37, 15} , {'0', '57', '33', '50', '4', '15', '17', '8', '18', '1', '46', '49', '3', '52', '2', '16', '23', '47', '13', '37', '5', '48', '27', '53', '29', '34', '56', '20', '39', '55'}
| | +-- , 37 , set() , {'0', '50', '36', '37'}
| | +-- , 15 , {17, 33, 21} , {'0', '57', '14', '33', '50', '4', '15', '8', '18', '46', '1', '49', '52', '3', '2', '16', '23', '47', '13', '37', '5', '48', '27', '53', '29', '34', '56', '20', '39', '55'}
| | | +-- , 17 , {19} , {'57', '14', '8', '1', '7', '49', '32', '20', '51', '4', '16', '29', '23'}
| | | | +-- , 19 , set() , {'57', '7', '23', '30'}
| | | +-- , 33 , {35} , {'14', '18', '47', '1', '19', '3', '55', '16', '27', '23'}
| | | | +-- , 35 , set() , {'14', '19', '21', '23'}
| | | +-- , 21 , {27, 23} , {'0', '14', '33', '50', '13', '37', '5', '4', '48', '27', '53', '43', '34', '8', '18', '45', '1', '49', '56', '52', '20', '2', '55', '16'}
| | | | +-- , 27 , {29, 31} , {'0', '33', '38', '5', '41', '48', '53', '43', '34', '8', '45', '1', '56', '52', '20', '2', '55'}
| | | | | +-- , 29 , set() , {'41', '56', '55', '35'}
| | | | | +-- , 31 , set() , {'8', '45', '9', '40', '38', '5', '41', '48', '52', '2', '12', '53', '43'}
| | | | +-- , 23 , {25} , {'50', '13', '28', '5', '37', '4', '22', '8', '18', '45', '1', '56', '49', '52'}
| | | | | +-- , 25 , set() , {'8', '18', '45', '1', '56', '13', '28', '50', '42', '22', '10'}
| +-- , 43 , set() , {'3', '20', '6', '31'}
| +-- , 41 , set() , {'33', '18', '1', '4', '24', '15'}


Max number of edges with non zero Y: 31
Max number of iterations of outer rounding loop: 8
Max number of candidate sets: 2
Time spent rounding: 45.668
Time spent solving Separator LP: 3.924

LP Solver: GaifmanNormal