61, 3.190133289075318, 9.0, 9
+-- , 0 , {3, 5, 7, 9, 11, 77, 87, 89, 91, 101, 103, 105, 113, 115, 119, 121} , {'zL49J', 'xL1J', 'xL6J', 'zL8J', 'xL3J', 'zL32J', 'xL2J', 'xL9J', 'zL27J', 'zL23J', 'xL5J', 'zL40J', 'xL0J', 'xL4J', 'xL8J'}
| +-- , 3 , set() , {'xL1J', 'zL46J', 'xL6J', 'xL3J', 'zL47J', 'xL9J', 'zL44J', 'w14', 'zL45J', 'xL0J', 'yL11J'}
| +-- , 5 , set() , {'xL1J', 'w19', 'yL16J', 'xL2J', 'zL65J', 'zL64J', 'xL5J', 'zL66J', 'xL4J', 'xL8J', 'zL67J'}
| +-- , 7 , set() , {'xL1J', 'w21', 'xL2J', 'yL18J', 'xL9J', 'zL72J', 'zL75J', 'zL74J', 'xL5J', 'xL0J', 'zL73J'}
| +-- , 9 , set() , {'yL0J', 'zL2J', 'xL9J', 'w3', 'zL1J', 'xL5J', 'xL0J', 'zL3J', 'xL4J', 'xL8J', 'zL0J'}
| +-- , 11 , {71, 75, 13} , {'xL3J', 'zL8J', 'zL26J', 'xL5J', 'zL25J', 'xL1J', 'zL22J', 'xL6J', 'zL32J', 'xL2J', 'zL33J', 'xL9J', 'zL27J', 'zL23J', 'zL20J', 'zL40J', 'xL0J', 'zL41J', 'xL4J', 'zL21J', 'xL8J'}
| | +-- , 71 , {73} , {'zL25J', 'xL9J', 'zL24J', 'xL8J'}
| | | +-- , 73 , set() , {'yL6J', 'xL8J', 'zL24J'}
| | +-- , 75 , set() , {'zL20J', 'xL9J', 'yL5J'}
| | +-- , 13 , {15} , {'zL8J', 'xL3J', 'zL26J', 'xL5J', 'xL1J', 'zL22J', 'xL6J', 'xL2J', 'zL33J', 'xL9J', 'zL27J', 'zL34J', 'xL0J', 'zL41J', 'xL4J', 'zL21J', 'xL8J'}
| | | +-- , 15 , {17, 23} , {'xL3J', 'zL8J', 'zL31J', 'zL26J', 'xL5J', 'zL30J', 'xL1J', 'zL22J', 'xL6J', 'zL52J', 'xL2J', 'xL9J', 'yL13J', 'zL27J', 'zL34J', 'xL0J', 'zL41J', 'xL4J', 'zL21J', 'xL8J'}
| | | | +-- , 17 , {19} , {'xL5J', 'zL30J', 'xL4J', 'xL8J', 'zL29J'}
| | | | | +-- , 19 , {21} , {'zL28J', 'zL29J', 'xL4J', 'xL8J'}
| | | | | | +-- , 21 , set() , {'xL8J', 'yL7J', 'zL28J'}
| | | | +-- , 23 , {33, 65, 35, 37, 69, 45, 55, 25, 61} , {'xL7J', 'xL3J', 'zL8J', 'zL31J', 'zL26J', 'xL5J', 'xL1J', 'zL19J', 'zL22J', 'xL6J', 'zL52J', 'xL2J', 'xL9J', 'zL27J', 'zL34J', 'xL0J', 'zL41J', 'zL21J', 'w7', 'xL8J'}
| | | | | +-- , 33 , set() , {'xL1J', 'xL7J', 'zL58J', 'yL14J', 'zL56J', 'zL59J', 'zL57J', 'w17', 'xL5J', 'xL0J', 'xL8J'}
| | | | | +-- , 65 , {67} , {'zL34J', 'xL7J', 'xL9J', 'zL35J'}
| | | | | | +-- , 67 , set() , {'xL7J', 'zL35J', 'w11'}
| | | | | +-- , 35 , set() , {'xL7J', 'w10', 'zL31J'}
| | | | | +-- , 37 , {39} , {'xL7J', 'xL1J', 'zL52J', 'xL2J', 'xL5J', 'zL53J'}
| | | | | | +-- , 39 , {41} , {'xL1J', 'xL7J', 'xL5J', 'zL53J', 'zL54J'}
| | | | | | | +-- , 41 , {43} , {'xL1J', 'xL5J', 'zL54J', 'zL55J'}
| | | | | | | | +-- , 43 , set() , {'xL1J', 'w16', 'zL55J'}
| | | | | +-- , 69 , set() , {'zL8J', 'xL7J', 'yL2J'}
| | | | | +-- , 45 , {47} , {'xL1J', 'xL7J', 'xL6J', 'xL3J', 'zL7J', 'xL0J', 'w4'}
| | | | | | +-- , 47 , {49} , {'xL1J', 'xL7J', 'xL6J', 'xL3J', 'zL7J', 'zL6J'}
| | | | | | | +-- , 49 , {51} , {'xL1J', 'xL7J', 'zL5J', 'xL6J', 'zL6J'}
| | | | | | | | +-- , 51 , {53} , {'xL7J', 'zL5J', 'xL6J', 'zL4J'}
| | | | | | | | | +-- , 53 , set() , {'zL4J', 'yL1J', 'xL6J'}
| | | | | +-- , 55 , {57} , {'xL7J', 'zL37J', 'xL3J', 'xL2J', 'zL39J', 'zL38J', 'xL5J', 'w12', 'xL8J'}
| | | | | | +-- , 57 , {59} , {'xL7J', 'zL37J', 'xL5J', 'zL36J'}
| | | | | | | +-- , 59 , set() , {'zL36J', 'yL9J', 'xL7J'}
| | | | | +-- , 25 , {27} , {'xL7J', 'zL19J', 'zL18J', 'xL2J', 'xL5J', 'xL8J'}
| | | | | | +-- , 27 , {29} , {'zL17J', 'zL18J', 'xL5J', 'xL2J', 'xL8J'}
| | | | | | | +-- , 29 , {31} , {'zL17J', 'xL5J', 'zL16J', 'xL8J'}
| | | | | | | | +-- , 31 , set() , {'zL16J', 'yL4J', 'xL5J'}
| | | | | +-- , 61 , {63} , {'xL7J', 'zL43J', 'zL42J', 'xL5J', 'zL41J', 'xL8J'}
| | | | | | +-- , 63 , set() , {'w13', 'zL43J', 'xL8J'}
| +-- , 77 , {85, 79} , {'xL6J', 'xL3J', 'xL9J', 'zL70J', 'zL71J', 'xL4J', 'xL8J'}
| | +-- , 85 , set() , {'xL3J', 'zL71J', 'w20'}
| | +-- , 79 , {81} , {'zL70J', 'xL6J', 'xL4J', 'xL9J', 'zL69J'}
| | | +-- , 81 , {83} , {'xL9J', 'zL68J', 'xL4J', 'zL69J'}
| | | | +-- , 83 , set() , {'xL4J', 'zL68J', 'yL17J'}
| +-- , 87 , set() , {'xL1J', 'zL13J', 'xL2J', 'zL15J', 'xL9J', 'w6', 'zL12J', 'xL0J', 'yL3J', 'zL14J', 'xL8J'}
| +-- , 89 , set() , {'xL6J', 'w22', 'xL3J', 'xL9J', 'xL8J', 'xL4J', 'yL19J', 'zL76J', 'zL77J', 'zL78J', 'zL79J'}
| +-- , 91 , {99, 93} , {'xL1J', 'xL6J', 'xL2J', 'zL63J', 'zL62J', 'xL0J', 'xL8J'}
| | +-- , 99 , set() , {'w18', 'zL63J', 'xL8J'}
| | +-- , 93 , {95} , {'xL6J', 'xL0J', 'xL2J', 'zL61J', 'zL62J'}
| | | +-- , 95 , {97} , {'zL60J', 'xL6J', 'xL2J', 'zL61J'}
| | | | +-- , 97 , set() , {'yL15J', 'zL60J', 'xL6J'}
| +-- , 101 , set() , {'zL49J', 'xL6J', 'xL3J', 'zL51J', 'zL50J', 'xL0J', 'w15'}
| +-- , 103 , set() , {'zL32J', 'xL0J', 'yL8J'}
| +-- , 105 , {107} , {'xL1J', 'zL8J', 'xL9J', 'zL9J', 'xL5J', 'xL8J'}
| | +-- , 107 , {109} , {'xL1J', 'xL9J', 'zL10J', 'zL9J', 'xL8J'}
| | | +-- , 109 , {111} , {'xL1J', 'zL10J', 'xL9J', 'zL11J'}
| | | | +-- , 111 , set() , {'xL9J', 'w5', 'zL11J'}
| +-- , 113 , set() , {'zL23J', 'w8', 'xL4J'}
| +-- , 115 , {117} , {'zL49J', 'zL48J', 'xL4J', 'xL8J'}
| | +-- , 117 , set() , {'xL4J', 'zL48J', 'yL12J'}
| +-- , 119 , set() , {'xL1J', 'yL10J', 'zL40J'}
| +-- , 121 , set() , {'xL4J', 'w9', 'zL27J'}


Max number of edges with non zero Y: 28
Max number of iterations of outer rounding loop: 1
Max number of candidate sets: 2
Time spent rounding: 13.348
Time spent solving Separator LP: 17.552
Total time spent solving: 44.570

LP Solver: GaifmanBoosted
Lower Bound Witness = ({'zL51J', 'zL25J', 'w18', 'zL16J', 'yL2J', 'yL11J', 'xL6J', 'xL2J', 'yL18J', 'zL15J', 'zL24J', 'zL23J', 'zL7J', 'yL8J', 'zL73J', 'yL19J', 'xL8J', 'zL13J', 'zL50J', 'zL60J', 'w11', 'w8', 'zL74J', 'zL77J', 'zL17J', 'zL9J', 'zL54J', 'zL27J', 'zL69J', 'zL11J', 'yL13J', 'zL12J', 'yL7J', 'w22', 'yL15J', 'w6', 'zL70J', 'zL30J', 'yL12J', 'zL67J', 'w4', 'yL6J', 'zL33J', 'zL44J', 'zL66J', 'zL40J', 'zL6J', 'zL41J', 'zL76J', 'w7', 'zL46J', 'zL5J', 'zL31J', 'zL59J', 'zL55J', 'w14', 'w17', 'yL10J', 'zL3J', 'yL3J', 'zL79J', 'zL32J', 'zL2J', 'xL9J', 'zL72J', 'zL36J', 'zL61J', 'w12', 'w20', 'zL49J', 'xL7J', 'yL14J', 'xL3J', 'zL56J', 'yL1J', 'zL57J', 'zL26J', 'xL5J', 'zL78J', 'xL1J', 'zL47J', 'zL10J', 'zL1J', 'zL53J', 'zL21J', 'zL18J', 'zL42J', 'zL8J', 'zL63J', 'zL28J', 'zL64J', 'w5', 'w10', 'yL9J', 'w19', 'zL37J', 'zL22J', 'w21', 'zL65J', 'w9', 'zL29J', 'zL45J', 'xL0J', 'zL43J', 'w13', 'zL48J', 'w16', 'zL68J', 'zL52J', 'zL35J', 'zL62J', 'zL34J', 'zL20J', 'xL4J', 'yL16J', 'yL5J', 'zL4J', 'w3', 'zL39J', 'zL38J', 'yL4J', 'zL19J', 'zL58J', 'yL0J', 'zL75J', 'yL17J', 'zL71J', 'w15', 'zL14J', 'zL0J'}, {'xL7J', 'yL15J', 'w6', 'yL2J', 'zL67J', 'xL1J', 'zL47J', 'zL44J', 'zL40J', 'zL73J', 'zL76J', 'zL46J', 'zL5J', 'zL42J', 'zL8J', 'zL4J', 'zL50J', 'w8', 'yL10J', 'zL3J', 'yL3J', 'w19', 'zL32J', 'w21', 'zL2J', 'zL9J', 'zL27J', 'w15', 'w20'})