13, 2.0, 3.0, 3
+-- , 0 , {19, 23, 27, 11, 31, 15} , {'xL2J', 'xL4J', 'xL5J', 'xL1J', 'xL3J', 'xL0J'}
| +-- , 19 , {21} , {'xL3J', 'yL15J'}
| | +-- , 21 , set() , {'yL16J', 'yL15J', 'yL19J', 'yL17J', 'yL18J'}
| +-- , 23 , {25} , {'yL0J', 'xL0J'}
| | +-- , 25 , set() , {'yL3J', 'yL0J', 'yL1J', 'yL4J', 'yL2J'}
| +-- , 27 , {29} , {'xL4J', 'yL20J'}
| | +-- , 29 , set() , {'yL24J', 'yL22J', 'yL23J', 'yL20J', 'yL21J'}
| +-- , 11 , {13} , {'xL5J', 'yL25J'}
| | +-- , 13 , set() , {'yL25J', 'yL29J', 'yL27J', 'yL26J', 'yL28J'}
| +-- , 31 , {33} , {'yL10J', 'xL2J'}
| | +-- , 33 , set() , {'yL10J', 'yL12J', 'yL14J', 'yL13J', 'yL11J'}
| +-- , 15 , {17} , {'xL1J', 'yL5J'}
| | +-- , 17 , set() , {'yL7J', 'yL6J', 'yL9J', 'yL8J', 'yL5J'}


Max number of edges with non zero Y: 3
Max number of iterations of outer rounding loop: 0
Max number of candidate sets: 0
Time spent rounding: 0.000
Time spent solving Separator LP: 0.187
Total time spent solving: 0.599

LP Solver: GaifmanNormalILP
Lower Bound Witness = ({'yL16J', 'yL29J', 'yL26J', 'xL3J', 'yL7J', 'yL15J', 'yL6J', 'xL5J', 'xL1J', 'yL27J', 'xL2J', 'xL4J', 'yL9J', 'yL8J', 'yL17J', 'yL18J', 'xL0J', 'yL25J', 'yL19J', 'yL28J', 'yL5J'}, {'xL4J', 'xL2J', 'xL0J'})