13, 1.055263157894737, 3.0, 3
+-- , 0 , {3, 10, 29} , {'yL16J', 'yL19J', 'yL15J', 'yL17J', 'xL5J', 'xL1J', 'yL18J'}
| +-- , 3 , {5} , {'xL5J', 'yL25J'}
| | +-- , 5 , set() , {'yL25J', 'yL29J', 'yL27J', 'yL26J', 'yL28J'}
| +-- , 10 , {12} , {'yL15J', 'xL5J', 'xL1J', 'xL3J'}
| | +-- , 12 , {16, 27} , {'yL10J', 'xL5J', 'xL1J', 'xL2J', 'xL3J'}
| | | +-- , 16 , {19} , {'yL3J', 'yL0J', 'yL1J', 'xL5J', 'xL1J', 'yL4J', 'xL2J', 'yL2J', 'xL3J'}
| | | | +-- , 19 , {21} , {'yL0J', 'xL5J', 'xL1J', 'xL2J', 'xL3J', 'xL0J'}
| | | | | +-- , 21 , {23} , {'xL2J', 'xL4J', 'xL5J', 'xL1J', 'xL3J', 'xL0J'}
| | | | | | +-- , 23 , {25} , {'xL4J', 'yL20J'}
| | | | | | | +-- , 25 , set() , {'yL24J', 'yL22J', 'yL23J', 'yL20J', 'yL21J'}
| | | +-- , 27 , set() , {'yL10J', 'yL12J', 'yL14J', 'yL13J', 'yL11J'}
| +-- , 29 , {31} , {'xL1J', 'yL5J'}
| | +-- , 31 , set() , {'yL7J', 'yL6J', 'yL9J', 'yL8J', 'yL5J'}


Max number of edges with non zero Y: 5
Max number of iterations of outer rounding loop: 2
Max number of candidate sets: 2
Time spent rounding: 6.787
Time spent solving Separator LP: 0.284
Total time spent solving: 9.500

LP Solver: GaifmanBoosted
Lower Bound Witness = ({'yL24J', 'yL22J', 'yL20J', 'xL5J', 'xL1J', 'yL23J', 'xL2J', 'xL4J', 'yL21J', 'xL3J', 'xL0J'}, {'xL5J', 'xL1J', 'xL2J', 'xL3J', 'xL0J'})