42, 3.2881653426157773, 9.0, 9
+-- , 0 , {3, 69, 71, 7, 73, 75, 77, 83, 85, 41, 43, 47, 49, 51, 61, 63} , {'xL3J', 'zL59J', 'xL2J', 'w15', 'xL4J', 'zL65J', 'zL53J', 'xL7J', 'zL48J', 'zL66J', 'xL0J', 'zL52J', 'zL51J', 'xL5J', 'zL58J', 'zL49J', 'xL8J', 'xL1J', 'xL6J'}
| +-- , 3 , set() , {'xL3J', 'zL7J', 'yL1J', 'xL2J', 'zL6J', 'xL8J', 'w4', 'xL1J', 'zL4J', 'xL7J', 'zL5J'}
| +-- , 69 , set() , {'zL36J', 'zL38J', 'xL0J', 'xL4J', 'xL5J', 'yL9J', 'xL8J', 'zL39J', 'w12', 'xL1J', 'zL37J'}
| +-- , 71 , set() , {'w21', 'zL72J', 'xL3J', 'zL74J', 'xL2J', 'xL0J', 'xL5J', 'yL18J', 'zL73J', 'xL6J', 'zL75J'}
| +-- , 7 , {33, 39, 9, 11, 13, 15, 17, 23, 29, 31} , {'xL3J', 'zL22J', 'zL57J', 'zL50J', 'xL4J', 'zL53J', 'xL7J', 'zL12J', 'zL56J', 'zL15J', 'yL3J', 'zL14J', 'zL66J', 'xL0J', 'zL51J', 'zL58J', 'zL49J', 'xL5J', 'zL67J', 'xL8J', 'xL9J', 'xL1J', 'zL23J', 'xL6J'}
| | +-- , 33 , {35} , {'zL22J', 'xL1J', 'zL21J', 'xL4J', 'xL6J'}
| | | +-- , 35 , {37} , {'zL20J', 'xL1J', 'zL21J', 'xL6J'}
| | | | +-- , 37 , set() , {'yL5J', 'zL20J', 'xL1J'}
| | +-- , 39 , set() , {'zL23J', 'w8', 'xL9J'}
| | +-- , 9 , set() , {'w19', 'xL9J', 'zL67J'}
| | +-- , 11 , set() , {'zL14J', 'xL4J', 'zL13J', 'xL9J', 'zL12J'}
| | +-- , 13 , set() , {'zL77J', 'xL3J', 'yL19J', 'xL0J', 'xL5J', 'zL76J', 'xL8J', 'zL79J', 'xL9J', 'w22', 'zL78J'}
| | +-- , 15 , set() , {'xL4J', 'zL56J', 'yL14J'}
| | +-- , 17 , {19} , {'xL9J', 'zL53J', 'zL54J', 'xL7J', 'xL5J'}
| | | +-- , 19 , {21} , {'zL54J', 'xL7J', 'xL5J', 'zL55J'}
| | | | +-- , 21 , set() , {'xL5J', 'w16', 'zL55J'}
| | +-- , 23 , {25} , {'xL0J', 'zL16J', 'yL4J', 'xL4J', 'xL5J', 'xL9J', 'xL1J'}
| | | +-- , 25 , {27} , {'zL18J', 'xL0J', 'zL16J', 'xL5J', 'zL19J', 'xL9J', 'xL1J', 'zL17J'}
| | | | +-- , 27 , set() , {'zL19J', 'w7', 'xL1J'}
| | +-- , 29 , set() , {'zL15J', 'xL0J', 'w6'}
| | +-- , 31 , set() , {'xL3J', 'zL43J', 'yL10J', 'xL0J', 'zL40J', 'xL9J', 'zL42J', 'zL41J', 'w13', 'xL6J', 'xL1J'}
| +-- , 73 , set() , {'zL31J', 'xL3J', 'w10', 'yL7J', 'xL0J', 'zL29J', 'xL4J', 'zL30J', 'xL5J', 'zL28J', 'xL8J'}
| +-- , 75 , set() , {'zL24J', 'xL3J', 'xL0J', 'zL27J', 'xL5J', 'xL8J', 'w9', 'zL26J', 'yL6J', 'zL25J', 'xL6J'}
| +-- , 77 , {79} , {'w5', 'zL11J', 'xL0J', 'xL5J', 'zL10J', 'zL9J', 'xL1J', 'xL7J', 'xL6J'}
| | +-- , 79 , {81} , {'zL8J', 'zL9J', 'xL0J', 'xL5J'}
| | | +-- , 81 , set() , {'xL0J', 'yL2J', 'zL8J'}
| +-- , 83 , set() , {'xL0J', 'w17', 'zL59J'}
| +-- , 85 , set() , {'xL0J', 'yL12J', 'zL48J'}
| +-- , 41 , set() , {'zL52J', 'yL13J', 'xL2J'}
| +-- , 43 , {45} , {'zL65J', 'xL8J', 'zL64J', 'xL6J'}
| | +-- , 45 , set() , {'xL8J', 'zL64J', 'yL16J'}
| +-- , 47 , set() , {'zL68J', 'zL70J', 'yL17J', 'xL5J', 'xL8J', 'zL69J', 'zL71J', 'xL1J', 'xL7J', 'xL6J', 'w20'}
| +-- , 49 , set() , {'zL47J', 'xL5J', 'zL46J', 'w14', 'xL8J', 'yL11J', 'zL45J', 'xL1J', 'zL44J', 'xL7J', 'xL6J'}
| +-- , 51 , {53} , {'zL32J', 'xL2J', 'yL8J', 'xL0J', 'xL4J', 'xL1J', 'xL6J'}
| | +-- , 53 , {55} , {'zL32J', 'xL0J', 'xL4J', 'xL1J', 'zL33J', 'xL6J'}
| | | +-- , 55 , {57} , {'xL1J', 'xL0J', 'zL33J', 'xL6J', 'zL34J'}
| | | | +-- , 57 , {59} , {'xL1J', 'zL35J', 'xL6J', 'zL34J'}
| | | | | +-- , 59 , set() , {'zL35J', 'w11', 'xL1J'}
| +-- , 61 , set() , {'yL0J', 'w3', 'xL2J', 'xL0J', 'zL3J', 'xL5J', 'zL0J', 'xL1J', 'zL2J', 'zL1J', 'xL6J'}
| +-- , 63 , {65} , {'xL3J', 'xL2J', 'xL5J', 'w18', 'zL63J', 'xL8J', 'xL7J'}
| | +-- , 65 , {67} , {'xL3J', 'zL62J', 'xL2J', 'zL63J', 'xL8J', 'zL60J', 'zL61J', 'xL7J'}
| | | +-- , 67 , set() , {'zL60J', 'yL15J', 'xL3J'}


Max number of edges with non zero Y: 33
Max number of iterations of outer rounding loop: 1
Max number of candidate sets: 2
Time spent rounding: 5.875
Time spent solving Separator LP: 7.606
Total time spent solving: 18.006

LP Solver: GaifmanBoosted
Lower Bound Witness = ({'w5', 'zL31J', 'zL22J', 'w15', 'xL4J', 'zL0J', 'yL2J', 'yL18J', 'zL42J', 'zL61J', 'zL32J', 'zL48J', 'zL62J', 'zL52J', 'zL30J', 'zL58J', 'zL49J', 'w18', 'zL10J', 'zL33J', 'zL1J', 'zL78J', 'w10', 'zL47J', 'xL2J', 'yL4J', 'zL29J', 'w11', 'zL8J', 'zL72J', 'yL12J', 'w14', 'zL67J', 'zL45J', 'zL23J', 'yL6J', 'xL6J', 'yL14J', 'w6', 'zL50J', 'zL60J', 'yL11J', 'zL73J', 'zL35J', 'zL54J', 'zL12J', 'zL56J', 'zL15J', 'zL68J', 'zL16J', 'zL13J', 'zL3J', 'zL70J', 'zL40J', 'zL28J', 'zL79J', 'zL26J', 'yL7J', 'zL18J', 'zL21J', 'w7', 'zL55J', 'zL9J', 'w13', 'zL17J', 'zL5J', 'zL46J', 'zL34J', 'zL25J', 'yL0J', 'xL0J', 'xL9J', 'w16', 'yL15J', 'w21', 'zL11J', 'zL7J', 'zL20J', 'zL57J', 'yL10J', 'zL76J', 'zL69J', 'zL39J', 'w17', 'w8', 'w22', 'zL53J', 'zL41J', 'zL44J', 'zL74J', 'zL66J', 'yL8J', 'zL51J', 'xL8J', 'yL13J', 'zL36J', 'zL59J', 'zL63J', 'zL65J', 'zL75J', 'zL77J', 'yL3J', 'zL38J', 'w19', 'xL5J', 'xL1J', 'yL17J', 'xL7J', 'zL27J', 'zL19J', 'yL1J', 'zL2J', 'yL5J', 'zL24J', 'xL3J', 'w3', 'yL9J', 'w4', 'zL71J', 'w12', 'zL37J', 'yL16J', 'yL19J', 'zL14J', 'zL6J', 'zL64J', 'w9', 'zL4J', 'zL43J', 'w20'}, {'w21', 'zL50J', 'xL4J', 'yL18J', 'w17', 'zL73J', 'zL35J', 'xL7J', 'zL32J', 'zL49J', 'w18', 'xL8J', 'zL19J', 'zL1J', 'zL78J', 'yL7J', 'zL29J', 'zL8J', 'zL71J', 'zL9J', 'zL25J', 'yL16J', 'yL0J', 'yL12J', 'xL5J', 'zL45J', 'zL4J', 'zL43J'})