49, 0, 11.0, 11
+-- , 0 , {97, 99, 89, 5, 85, 23, 87, 95} , {'xL3J', 'zL50J', 'xL4J', 'zL63J', 'yL18J', 'zL60J', 'zL73J', 'zL2J', 'zL53J', 'zL4J', 'zL61J', 'xL7J', 'zL32J', 'zL72J', 'xL0J', 'zL51J', 'zL3J', 'xL8J', 'xL9J', 'xL1J', 'yL1J', 'zL33J', 'xL6J'}
| +-- , 97 , set() , {'zL60J', 'yL15J', 'xL3J'}
| +-- , 99 , set() , {'xL3J', 'zL43J', 'yL10J', 'xL0J', 'zL40J', 'xL9J', 'zL42J', 'zL41J', 'w13', 'xL6J', 'xL1J'}
| +-- , 89 , {91} , {'xL1J', 'xL0J', 'zL33J', 'xL6J', 'zL34J'}
| | +-- , 91 , {93} , {'xL1J', 'zL35J', 'xL6J', 'zL34J'}
| | | +-- , 93 , set() , {'zL35J', 'w11', 'xL1J'}
| +-- , 5 , {7, 13, 15, 17, 19} , {'xL3J', 'xL2J', 'xL4J', 'zL63J', 'zL73J', 'zL53J', 'zL61J', 'xL7J', 'zL5J', 'zL32J', 'zL72J', 'zL62J', 'zL51J', 'zL3J', 'xL8J', 'xL1J', 'zL4J'}
| | +-- , 7 , {9} , {'xL8J', 'xL3J', 'xL2J', 'zL5J', 'zL6J'}
| | | +-- , 9 , {11} , {'xL8J', 'zL7J', 'xL2J', 'zL6J'}
| | | | +-- , 11 , set() , {'w4', 'zL7J', 'xL2J'}
| | +-- , 13 , set() , {'zL51J', 'xL2J', 'w15'}
| | +-- , 15 , set() , {'w3', 'zL3J', 'xL2J'}
| | +-- , 17 , set() , {'zL32J', 'yL8J', 'xL2J'}
| | +-- , 19 , {21} , {'zL53J', 'xL2J', 'zL52J', 'xL4J'}
| | | +-- , 21 , set() , {'zL52J', 'yL13J', 'xL2J'}
| +-- , 85 , set() , {'zL15J', 'yL3J', 'w6', 'zL14J', 'xL0J', 'xL4J', 'zL13J', 'xL8J', 'xL9J', 'zL12J', 'xL6J'}
| +-- , 23 , {83, 25, 79} , {'xL3J', 'zL50J', 'xL4J', 'zL0J', 'zL63J', 'zL73J', 'zL53J', 'xL7J', 'zL46J', 'zL75J', 'yL0J', 'yL12J', 'zL74J', 'zL48J', 'xL0J', 'xL8J', 'zL45J', 'xL9J', 'xL1J', 'zL2J', 'zL1J', 'xL6J'}
| | +-- , 83 , set() , {'w21', 'xL0J', 'zL75J'}
| | +-- , 25 , {65, 69, 39, 41, 73, 47, 49, 61, 53, 55, 27, 29, 63} , {'xL3J', 'zL50J', 'xL4J', 'xL6J', 'zL0J', 'zL63J', 'zL73J', 'zL53J', 'xL7J', 'zL77J', 'zL74J', 'zL48J', 'xL0J', 'xL5J', 'xL8J', 'zL45J', 'xL9J', 'xL1J', 'zL1J', 'zL78J'}
| | | +-- , 65 , {67} , {'xL8J', 'zL77J', 'xL0J', 'zL76J'}
| | | | +-- , 67 , set() , {'xL8J', 'yL19J', 'zL76J'}
| | | +-- , 69 , {71} , {'zL45J', 'zL44J', 'xL5J', 'xL6J'}
| | | | +-- , 71 , set() , {'zL44J', 'yL11J', 'xL6J'}
| | | +-- , 39 , set() , {'zL68J', 'zL70J', 'yL17J', 'xL5J', 'xL8J', 'zL69J', 'zL71J', 'xL1J', 'xL7J', 'xL6J', 'w20'}
| | | +-- , 41 , {43} , {'xL0J', 'zL16J', 'yL4J', 'xL4J', 'xL5J', 'xL9J', 'xL1J'}
| | | | +-- , 43 , {45} , {'zL18J', 'xL0J', 'zL16J', 'xL5J', 'zL19J', 'xL9J', 'xL1J', 'zL17J'}
| | | | | +-- , 45 , set() , {'zL19J', 'w7', 'xL1J'}
| | | +-- , 73 , {75} , {'w5', 'zL11J', 'xL0J', 'xL5J', 'zL10J', 'zL9J', 'xL1J', 'xL7J', 'xL6J'}
| | | | +-- , 75 , {77} , {'zL8J', 'zL9J', 'xL0J', 'xL5J'}
| | | | | +-- , 77 , set() , {'xL0J', 'yL2J', 'zL8J'}
| | | +-- , 47 , set() , {'zL36J', 'zL38J', 'xL0J', 'xL4J', 'xL5J', 'yL9J', 'xL8J', 'zL39J', 'w12', 'xL1J', 'zL37J'}
| | | +-- , 49 , {51} , {'zL79J', 'xL9J', 'xL5J', 'zL78J'}
| | | | +-- , 51 , set() , {'xL5J', 'zL79J', 'w22'}
| | | +-- , 61 , set() , {'zL48J', 'zL50J', 'xL5J', 'zL49J', 'xL6J'}
| | | +-- , 53 , set() , {'zL31J', 'xL3J', 'w10', 'yL7J', 'xL0J', 'zL29J', 'xL4J', 'zL30J', 'xL5J', 'zL28J', 'xL8J'}
| | | +-- , 55 , {57} , {'xL9J', 'zL53J', 'zL54J', 'xL7J', 'xL5J'}
| | | | +-- , 57 , {59} , {'zL54J', 'xL7J', 'xL5J', 'zL55J'}
| | | | | +-- , 59 , set() , {'xL5J', 'w16', 'zL55J'}
| | | +-- , 27 , set() , {'zL24J', 'xL3J', 'xL0J', 'zL27J', 'xL5J', 'xL8J', 'w9', 'zL26J', 'yL6J', 'zL25J', 'xL6J'}
| | | +-- , 29 , {33, 31} , {'xL0J', 'xL5J', 'zL64J', 'xL8J', 'zL65J', 'xL9J', 'xL6J'}
| | | | +-- , 33 , {35} , {'zL65J', 'xL9J', 'zL66J', 'xL0J', 'xL5J'}
| | | | | +-- , 35 , {37} , {'xL9J', 'zL66J', 'xL0J', 'zL67J'}
| | | | | | +-- , 37 , set() , {'w19', 'xL9J', 'zL67J'}
| | | | +-- , 31 , set() , {'xL8J', 'zL64J', 'yL16J'}
| | | +-- , 63 , set() , {'xL5J', 'w18', 'zL63J'}
| | +-- , 79 , {81} , {'zL47J', 'xL1J', 'xL7J', 'zL46J'}
| | | +-- , 81 , set() , {'xL7J', 'w14', 'zL47J'}
| +-- , 87 , set() , {'xL3J', 'yL14J', 'zL59J', 'xL0J', 'xL4J', 'zL57J', 'zL58J', 'w17', 'xL9J', 'xL1J', 'zL56J'}
| +-- , 95 , set() , {'yL5J', 'zL20J', 'zL22J', 'zL21J', 'xL4J', 'w8', 'xL9J', 'xL1J', 'zL23J', 'xL7J', 'xL6J'}


Max number of edges with non zero Y: 60
Max number of iterations of outer rounding loop: 1
Max number of candidate sets: 2
Time spent rounding: 1.859
Time spent solving Separator LP: 0.017
Total time spent solving: 5.911

LP Solver: gammaPlusFractionalCoverHeuristic
Lower Bound Witness = ({'w5', 'zL31J', 'zL22J', 'w15', 'xL4J', 'zL0J', 'yL2J', 'yL18J', 'zL42J', 'zL61J', 'zL32J', 'zL48J', 'zL62J', 'zL52J', 'zL30J', 'zL58J', 'zL49J', 'w18', 'zL10J', 'zL33J', 'zL1J', 'zL78J', 'w10', 'zL47J', 'xL2J', 'yL4J', 'zL29J', 'w11', 'zL8J', 'zL72J', 'yL12J', 'w14', 'zL67J', 'zL45J', 'zL23J', 'yL6J', 'xL6J', 'yL14J', 'w6', 'zL50J', 'zL60J', 'yL11J', 'zL73J', 'zL35J', 'zL54J', 'zL12J', 'zL56J', 'zL15J', 'zL68J', 'zL16J', 'zL13J', 'zL3J', 'zL70J', 'zL40J', 'zL28J', 'zL79J', 'zL26J', 'yL7J', 'zL18J', 'zL21J', 'w7', 'zL55J', 'zL9J', 'w13', 'zL17J', 'zL5J', 'zL46J', 'zL34J', 'zL25J', 'yL0J', 'xL0J', 'xL9J', 'w16', 'yL15J', 'w21', 'zL11J', 'zL7J', 'zL20J', 'zL57J', 'yL10J', 'zL76J', 'zL69J', 'zL39J', 'w17', 'w8', 'w22', 'zL53J', 'zL41J', 'zL44J', 'zL74J', 'zL66J', 'yL8J', 'zL51J', 'xL8J', 'yL13J', 'zL36J', 'zL59J', 'zL63J', 'zL65J', 'zL75J', 'zL77J', 'yL3J', 'zL38J', 'w19', 'xL5J', 'xL1J', 'yL17J', 'xL7J', 'zL27J', 'zL19J', 'yL1J', 'zL2J', 'yL5J', 'zL24J', 'xL3J', 'w3', 'yL9J', 'w4', 'zL71J', 'w12', 'zL37J', 'yL16J', 'yL19J', 'zL14J', 'zL6J', 'zL64J', 'w9', 'zL4J', 'zL43J', 'w20'}, {'zL36J', 'yL14J', 'xL2J', 'xL5J', 'zL6J'})