59, 3.2861592481158444, 9.0, 9
+-- , 0 , {65, 5, 67, 69, 79, 85, 87, 89, 91, 101, 103, 113, 115, 53, 63} , {'zL7J', 'zL62J', 'xL2J', 'xL0J', 'xL4J', 'xL5J', 'zL6J', 'zL63J', 'xL8J', 'xL9J', 'xL1J', 'xL7J', 'xL6J'}
| +-- , 65 , set() , {'zL68J', 'zL70J', 'yL17J', 'xL5J', 'xL8J', 'zL69J', 'zL71J', 'xL1J', 'xL7J', 'xL6J', 'w20'}
| +-- , 5 , {51, 7} , {'w21', 'zL57J', 'xL2J', 'xL4J', 'xL7J', 'zL56J', 'zL75J', 'zL62J', 'xL0J', 'xL5J', 'zL6J', 'xL8J', 'xL9J', 'xL1J', 'xL6J'}
| | +-- , 51 , set() , {'xL4J', 'zL56J', 'yL14J'}
| | +-- , 7 , {9, 49} , {'zL57J', 'xL2J', 'xL4J', 'zL73J', 'xL7J', 'zL75J', 'zL72J', 'zL62J', 'xL0J', 'zL58J', 'zL6J', 'xL5J', 'xL8J', 'xL9J', 'xL1J', 'xL6J'}
| | | +-- , 9 , {17, 11} , {'yL7J', 'xL2J', 'xL4J', 'zL73J', 'xL7J', 'zL75J', 'zL62J', 'xL0J', 'zL27J', 'zL6J', 'zL58J', 'xL5J', 'zL28J', 'xL8J', 'zL26J', 'xL9J', 'xL1J', 'xL6J'}
| | | | +-- , 17 , {33, 35, 39, 43, 47, 19, 25, 27, 29} , {'xL3J', 'xL2J', 'zL29J', 'zL73J', 'zL42J', 'zL41J', 'xL7J', 'zL5J', 'zL75J', 'zL62J', 'xL0J', 'zL58J', 'zL27J', 'xL5J', 'zL6J', 'zL28J', 'xL8J', 'xL9J', 'xL1J', 'zL4J', 'xL6J'}
| | | | | +-- , 33 , set() , {'zL4J', 'xL7J', 'yL1J'}
| | | | | +-- , 35 , {37} , {'zL42J', 'xL0J', 'zL43J', 'xL1J'}
| | | | | | +-- , 37 , set() , {'w13', 'zL43J', 'xL1J'}
| | | | | +-- , 39 , {41} , {'xL8J', 'xL3J', 'zL60J', 'zL62J', 'xL2J', 'zL61J'}
| | | | | | +-- , 41 , set() , {'zL60J', 'yL15J', 'xL3J'}
| | | | | +-- , 43 , {45} , {'xL3J', 'xL9J', 'zL41J', 'zL40J'}
| | | | | | +-- , 45 , set() , {'yL10J', 'xL9J', 'zL40J'}
| | | | | +-- , 47 , set() , {'w9', 'xL3J', 'zL27J'}
| | | | | +-- , 19 , {21} , {'xL3J', 'xL0J', 'zL29J', 'zL30J', 'xL5J'}
| | | | | | +-- , 21 , {23} , {'zL31J', 'xL3J', 'zL30J', 'xL5J'}
| | | | | | | +-- , 23 , set() , {'zL31J', 'xL5J', 'w10'}
| | | | | +-- , 25 , set() , {'zL77J', 'xL3J', 'yL19J', 'xL0J', 'xL5J', 'zL76J', 'xL8J', 'zL79J', 'xL9J', 'w22', 'zL78J'}
| | | | | +-- , 27 , set() , {'xL3J', 'zL74J', 'xL5J', 'zL73J', 'zL75J'}
| | | | | +-- , 29 , {31} , {'xL3J', 'zL59J', 'xL0J', 'zL58J'}
| | | | | | +-- , 31 , set() , {'xL0J', 'w17', 'zL59J'}
| | | | +-- , 11 , {13} , {'xL8J', 'zL26J', 'xL0J', 'zL25J', 'xL6J'}
| | | | | +-- , 13 , {15} , {'xL8J', 'zL24J', 'zL25J', 'xL6J'}
| | | | | | +-- , 15 , set() , {'zL24J', 'yL6J', 'xL6J'}
| | | +-- , 49 , set() , {'zL72J', 'yL18J', 'xL6J'}
| +-- , 67 , set() , {'zL47J', 'xL5J', 'zL46J', 'w14', 'xL8J', 'yL11J', 'zL45J', 'xL1J', 'zL44J', 'xL7J', 'xL6J'}
| +-- , 69 , {71} , {'zL32J', 'xL2J', 'yL8J', 'xL0J', 'xL4J', 'xL1J', 'xL6J'}
| | +-- , 71 , {73} , {'zL32J', 'xL0J', 'xL4J', 'xL1J', 'zL33J', 'xL6J'}
| | | +-- , 73 , {75} , {'xL1J', 'xL0J', 'zL33J', 'xL6J', 'zL34J'}
| | | | +-- , 75 , {77} , {'xL1J', 'zL35J', 'xL6J', 'zL34J'}
| | | | | +-- , 77 , set() , {'zL35J', 'w11', 'xL1J'}
| +-- , 79 , {81} , {'xL0J', 'zL16J', 'yL4J', 'xL4J', 'xL5J', 'xL9J', 'xL1J'}
| | +-- , 81 , {83} , {'zL18J', 'xL0J', 'zL16J', 'xL5J', 'zL19J', 'xL9J', 'xL1J', 'zL17J'}
| | | +-- , 83 , set() , {'zL19J', 'w7', 'xL1J'}
| +-- , 85 , set() , {'yL5J', 'zL20J', 'zL22J', 'zL21J', 'xL4J', 'w8', 'xL9J', 'xL1J', 'zL23J', 'xL7J', 'xL6J'}
| +-- , 87 , set() , {'yL0J', 'w3', 'xL2J', 'xL0J', 'zL3J', 'xL5J', 'zL0J', 'xL1J', 'zL2J', 'zL1J', 'xL6J'}
| +-- , 89 , set() , {'zL36J', 'zL38J', 'xL0J', 'xL4J', 'xL5J', 'yL9J', 'xL8J', 'zL39J', 'w12', 'xL1J', 'zL37J'}
| +-- , 91 , {93, 95} , {'xL2J', 'xL4J', 'xL5J', 'zL55J', 'xL9J', 'zL54J', 'xL7J'}
| | +-- , 93 , set() , {'xL5J', 'w16', 'zL55J'}
| | +-- , 95 , {97} , {'xL9J', 'xL2J', 'zL53J', 'xL4J', 'zL54J'}
| | | +-- , 97 , {99} , {'zL53J', 'xL2J', 'zL52J', 'xL4J'}
| | | | +-- , 99 , set() , {'zL52J', 'yL13J', 'xL2J'}
| +-- , 101 , set() , {'w4', 'zL7J', 'xL2J'}
| +-- , 103 , {105} , {'w15', 'xL2J', 'xL0J', 'zL51J', 'xL5J', 'xL9J', 'xL6J'}
| | +-- , 105 , {107} , {'xL0J', 'zL50J', 'zL51J', 'xL5J', 'xL9J', 'xL6J'}
| | | +-- , 107 , {109} , {'xL0J', 'zL50J', 'xL5J', 'zL49J', 'xL6J'}
| | | | +-- , 109 , {111} , {'zL48J', 'xL0J', 'zL49J', 'xL6J'}
| | | | | +-- , 111 , set() , {'xL0J', 'yL12J', 'zL48J'}
| +-- , 113 , set() , {'xL5J', 'w18', 'zL63J'}
| +-- , 115 , {117} , {'w5', 'zL11J', 'xL0J', 'xL5J', 'zL10J', 'zL9J', 'xL1J', 'xL7J', 'xL6J'}
| | +-- , 117 , {119} , {'zL8J', 'zL9J', 'xL0J', 'xL5J'}
| | | +-- , 119 , set() , {'xL0J', 'yL2J', 'zL8J'}
| +-- , 53 , {57, 55} , {'xL0J', 'xL5J', 'zL64J', 'xL8J', 'zL65J', 'xL9J', 'xL6J'}
| | +-- , 57 , {59} , {'zL65J', 'xL9J', 'zL66J', 'xL0J', 'xL5J'}
| | | +-- , 59 , {61} , {'xL9J', 'zL66J', 'xL0J', 'zL67J'}
| | | | +-- , 61 , set() , {'w19', 'xL9J', 'zL67J'}
| | +-- , 55 , set() , {'xL8J', 'zL64J', 'yL16J'}
| +-- , 63 , set() , {'zL15J', 'yL3J', 'w6', 'zL14J', 'xL0J', 'xL4J', 'zL13J', 'xL8J', 'xL9J', 'zL12J', 'xL6J'}


Max number of edges with non zero Y: 34
Max number of iterations of outer rounding loop: 1
Max number of candidate sets: 2
Time spent rounding: 4.872
Time spent solving Separator LP: 6.870
Total time spent solving: 16.198

LP Solver: GaifmanBoosted
Lower Bound Witness = ({'w5', 'zL31J', 'zL22J', 'w15', 'xL4J', 'zL0J', 'yL2J', 'yL18J', 'zL42J', 'zL61J', 'zL32J', 'zL48J', 'zL62J', 'zL52J', 'zL30J', 'zL58J', 'zL49J', 'w18', 'zL10J', 'zL33J', 'zL1J', 'zL78J', 'w10', 'zL47J', 'xL2J', 'yL4J', 'zL29J', 'w11', 'zL8J', 'zL72J', 'yL12J', 'w14', 'zL67J', 'zL45J', 'zL23J', 'yL6J', 'xL6J', 'yL14J', 'w6', 'zL50J', 'zL60J', 'yL11J', 'zL73J', 'zL35J', 'zL54J', 'zL12J', 'zL56J', 'zL15J', 'zL68J', 'zL16J', 'zL13J', 'zL3J', 'zL70J', 'zL40J', 'zL28J', 'zL79J', 'zL26J', 'yL7J', 'zL18J', 'zL21J', 'w7', 'zL55J', 'zL9J', 'w13', 'zL17J', 'zL5J', 'zL46J', 'zL34J', 'zL25J', 'yL0J', 'xL0J', 'xL9J', 'w16', 'yL15J', 'w21', 'zL11J', 'zL7J', 'zL20J', 'zL57J', 'yL10J', 'zL76J', 'zL69J', 'zL39J', 'w17', 'w8', 'w22', 'zL53J', 'zL41J', 'zL44J', 'zL74J', 'zL66J', 'yL8J', 'zL51J', 'xL8J', 'yL13J', 'zL36J', 'zL59J', 'zL63J', 'zL65J', 'zL75J', 'zL77J', 'yL3J', 'zL38J', 'w19', 'xL5J', 'xL1J', 'yL17J', 'xL7J', 'zL27J', 'zL19J', 'yL1J', 'zL2J', 'yL5J', 'zL24J', 'xL3J', 'w3', 'yL9J', 'w4', 'zL71J', 'w12', 'zL37J', 'yL16J', 'yL19J', 'zL14J', 'zL6J', 'zL64J', 'w9', 'zL4J', 'zL43J', 'w20'}, {'zL22J', 'zL20J', 'zL69J', 'yL11J', 'w17', 'zL35J', 'zL44J', 'zL32J', 'zL68J', 'zL48J', 'zL66J', 'zL16J', 'zL30J', 'zL70J', 'w18', 'zL10J', 'zL26J', 'yL13J', 'zL36J', 'w3', 'zL65J', 'w4', 'zL9J', 'zL37J', 'zL77J', 'yL19J', 'xL0J', 'w19', 'xL6J'})