15, 3.2174395120729518, 10.0, 10
+-- , 0 , {33, 7, 27, 29, 31} , {'xL3J', 'xL5J', 'xL24J', 'xL9J', 'xL6J', 'xL33J', 'xL18J', 'xL29J', 'xL14J', 'xL30J', 'xL28J', 'xL26J', 'xL23J', 'xL38J', 'xL13J', 'xL8J', 'xL11J', 'xL25J', 'xL4J', 'xL15J'}
| +-- , 33 , set() , {'xL38J', 'xL34J', 'xL6J', 'xL23J'}
| +-- , 7 , {23, 9, 25} , {'xL3J', 'xL5J', 'xL24J', 'xL9J', 'xL6J', 'xL33J', 'xL18J', 'xL29J', 'xL14J', 'xL28J', 'xL23J', 'xL38J', 'xL15J', 'xL20J', 'xL8J', 'xL11J', 'xL25J', 'xL4J', 'xL26J'}
| | +-- , 23 , set() , {'xL3J', 'xL23J', 'xL38J', 'xL5J', 'xL33J', 'xL7J', 'xL32J', 'xL15J', 'xL20J', 'xL11J', 'xL28J', 'xL25J', 'xL8J', 'xL17J', 'xL22J', 'xL26J'}
| | +-- , 9 , {11, 13, 15, 19, 21} , {'xL3J', 'xL5J', 'xL9J', 'xL6J', 'xL33J', 'xL18J', 'xL29J', 'xL14J', 'xL0J', 'xL26J', 'xL37J', 'xL23J', 'xL19J', 'xL20J', 'xL39J', 'xL25J', 'xL4J', 'xL15J'}
| | | +-- , 11 , set() , {'xL31J', 'xL9J', 'xL29J', 'xL14J', 'xL37J', 'xL25J'}
| | | +-- , 13 , set() , {'xL9J', 'xL6J', 'xL29J', 'xL15J', 'xL37J', 'xL2J', 'xL0J'}
| | | +-- , 15 , {17} , {'xL3J', 'xL33J', 'xL36J', 'xL39J', 'xL0J', 'xL25J', 'xL26J'}
| | | | +-- , 17 , set() , {'xL36J', 'xL25J', 'xL16J'}
| | | +-- , 19 , set() , {'xL5J', 'xL20J', 'xL0J', 'xL1J'}
| | | +-- , 21 , set() , {'xL3J', 'xL9J', 'xL18J', 'xL27J', 'xL0J'}
| | +-- , 25 , set() , {'xL20J', 'xL24J', 'xL21J'}
| +-- , 27 , set() , {'xL24J', 'xL38J', 'xL29J', 'xL35J', 'xL30J', 'xL11J', 'xL4J', 'xL15J'}
| +-- , 29 , set() , {'xL12J', 'xL9J', 'xL18J', 'xL25J'}
| +-- , 31 , set() , {'xL8J', 'xL15J', 'xL10J'}


Max number of edges with non zero Y: 33
Max number of iterations of outer rounding loop: 5
Max number of candidate sets: 2
Time spent rounding: 14.422
Time spent solving Separator LP: 1.148

LP Solver: GaifmanBoosted