16, 2.3823524117647055, 9.5, 10
+-- , 0 , {5} , {'xL3J', 'xL24J', 'xL9J', 'xL32J', 'xL30J', 'xL28J', 'xL27J', 'xL10J', 'xL12J', 'xL13J', 'xL8J', 'xL25J', 'xL21J', 'xL2J', 'xL15J'}
| +-- , 5 , {7} , {'xL3J', 'xL24J', 'xL9J', 'xL32J', 'xL30J', 'xL28J', 'xL27J', 'xL12J', 'xL13J', 'xL8J', 'xL11J', 'xL25J', 'xL21J', 'xL2J', 'xL15J'}
| | +-- , 7 , {10} , {'xL3J', 'xL24J', 'xL9J', 'xL33J', 'xL32J', 'xL30J', 'xL28J', 'xL27J', 'xL22J', 'xL12J', 'xL8J', 'xL20J', 'xL11J', 'xL25J', 'xL21J', 'xL2J', 'xL15J'}
| | | +-- , 10 , {12} , {'xL3J', 'xL24J', 'xL9J', 'xL33J', 'xL7J', 'xL32J', 'xL30J', 'xL28J', 'xL27J', 'xL22J', 'xL12J', 'xL20J', 'xL11J', 'xL25J', 'xL2J', 'xL15J'}
| | | | +-- , 12 , {36, 15} , {'xL3J', 'xL5J', 'xL24J', 'xL9J', 'xL6J', 'xL33J', 'xL7J', 'xL30J', 'xL28J', 'xL0J', 'xL27J', 'xL22J', 'xL12J', 'xL20J', 'xL11J', 'xL25J', 'xL2J', 'xL15J'}
| | | | | +-- , 36 , set() , {'xL5J', 'xL20J', 'xL0J', 'xL1J'}
| | | | | +-- , 15 , {17} , {'xL3J', 'xL5J', 'xL24J', 'xL9J', 'xL6J', 'xL33J', 'xL7J', 'xL18J', 'xL30J', 'xL17J', 'xL27J', 'xL22J', 'xL35J', 'xL12J', 'xL15J', 'xL11J', 'xL25J', 'xL2J', 'xL0J'}
| | | | | | +-- , 17 , {20, 22, 24} , {'xL3J', 'xL5J', 'xL9J', 'xL6J', 'xL33J', 'xL18J', 'xL30J', 'xL0J', 'xL17J', 'xL19J', 'xL22J', 'xL35J', 'xL36J', 'xL11J', 'xL25J', 'xL2J', 'xL15J'}
| | | | | | | +-- , 20 , set() , {'xL3J', 'xL30J', 'xL36J', 'xL22J', 'xL26J'}
| | | | | | | +-- , 22 , set() , {'xL36J', 'xL25J', 'xL16J'}
| | | | | | | +-- , 24 , {26} , {'xL3J', 'xL5J', 'xL9J', 'xL6J', 'xL33J', 'xL18J', 'xL30J', 'xL17J', 'xL37J', 'xL19J', 'xL22J', 'xL35J', 'xL36J', 'xL11J', 'xL25J', 'xL2J', 'xL15J'}
| | | | | | | | +-- , 26 , {32, 28, 30} , {'xL9J', 'xL6J', 'xL33J', 'xL30J', 'xL17J', 'xL37J', 'xL23J', 'xL19J', 'xL22J', 'xL35J', 'xL36J', 'xL11J', 'xL25J', 'xL2J', 'xL15J'}
| | | | | | | | | +-- , 32 , {34} , {'xL6J', 'xL37J', 'xL34J', 'xL23J', 'xL22J', 'xL4J', 'xL35J'}
| | | | | | | | | | +-- , 34 , set() , {'xL38J', 'xL34J', 'xL22J', 'xL4J', 'xL35J'}
| | | | | | | | | +-- , 28 , set() , {'xL31J', 'xL9J', 'xL6J', 'xL33J', 'xL29J', 'xL35J', 'xL14J', 'xL30J', 'xL11J', 'xL37J', 'xL25J', 'xL23J', 'xL2J', 'xL15J'}
| | | | | | | | | +-- , 30 , set() , {'xL23J', 'xL39J', 'xL36J', 'xL19J'}


Max number of edges with non zero Y: 23
Max number of iterations of outer rounding loop: 8
Max number of candidate sets: 2
Time spent rounding: 58.667
Time spent solving Separator LP: 0.890

LP Solver: GaifmanNormal