20, 2.7715458465517018, 8.5, 9
+-- , 0 , {33, 3, 35, 5, 37, 41, 43, 11, 31} , {'xL29J', 'xL22J', 'xL32J', 'xL7J', 'xL24J', 'xL15J', 'xL3J', 'xL17J', 'xL25J', 'xL26J', 'xL31J', 'xL2J', 'xL30J', 'xL14J', 'xL13J', 'xL10J', 'xL6J'}
| +-- , 33 , set() , {'xL10J', 'xL14J', 'xL35J', 'xL22J'}
| +-- , 3 , set() , {'xL12J', 'xL29J', 'xL24J', 'xL10J', 'xL6J'}
| +-- , 35 , set() , {'xL8J', 'xL25J'}
| +-- , 5 , set() , {'xL10J', 'xL29J', 'xL17J', 'xL27J'}
| +-- , 37 , {39} , {'xL3J', 'xL29J', 'xL25J', 'xL24J', 'xL39J', 'xL10J'}
| | +-- , 39 , set() , {'xL3J', 'xL29J', 'xL25J', 'xL9J', 'xL39J', 'xL10J'}
| +-- , 41 , set() , {'xL24J', 'xL25J', 'xL20J'}
| +-- , 43 , set() , {'xL15J', 'xL19J'}
| +-- , 11 , {13} , {'xL29J', 'xL32J', 'xL7J', 'xL24J', 'xL15J', 'xL36J', 'xL3J', 'xL6J', 'xL26J', 'xL31J', 'xL2J', 'xL30J', 'xL14J', 'xL13J', 'xL10J', 'xL23J'}
| | +-- , 13 , {27, 29, 15} , {'xL38J', 'xL29J', 'xL32J', 'xL7J', 'xL24J', 'xL15J', 'xL36J', 'xL3J', 'xL6J', 'xL26J', 'xL2J', 'xL30J', 'xL14J', 'xL13J', 'xL10J', 'xL23J'}
| | | +-- , 27 , set() , {'xL38J', 'xL21J', 'xL14J'}
| | | +-- , 29 , set() , {'xL3J', 'xL38J', 'xL33J', 'xL28J', 'xL30J', 'xL2J', 'xL23J'}
| | | +-- , 15 , {17, 23} , {'xL38J', 'xL29J', 'xL32J', 'xL0J', 'xL7J', 'xL24J', 'xL16J', 'xL15J', 'xL36J', 'xL30J', 'xL14J', 'xL13J', 'xL10J', 'xL6J'}
| | | | +-- , 17 , {19} , {'xL36J', 'xL29J', 'xL34J', 'xL7J', 'xL30J', 'xL24J', 'xL16J', 'xL13J', 'xL6J'}
| | | | | +-- , 19 , {21} , {'xL29J', 'xL34J', 'xL7J', 'xL24J', 'xL16J', 'xL13J', 'xL5J', 'xL18J'}
| | | | | | +-- , 21 , set() , {'xL37J', 'xL34J', 'xL7J', 'xL5J', 'xL18J'}
| | | | +-- , 23 , {25} , {'xL11J', 'xL32J', 'xL0J', 'xL30J', 'xL14J', 'xL16J'}
| | | | | +-- , 25 , set() , {'xL4J', 'xL32J', 'xL0J', 'xL11J'}
| +-- , 31 , set() , {'xL1J', 'xL13J', 'xL26J'}


Max number of edges with non zero Y: 27
Max number of iterations of outer rounding loop: 6
Max number of candidate sets: 2
Time spent rounding: 16.454
Time spent solving Separator LP: 0.565

LP Solver: GaifmanNormal