13, 3.096714236363111, 7.921658986175115, 10
+-- , 0 , {7} , {'34', '43', '16', '29', '59', '37', '13', '10', '58', '53', '40', '14', '20', '9', '56', '31', '11', '48', '15', '3', '0', '44', '19', '28', '39', '49', '12', '33', '26', '35', '23', '17', '57'}
| +-- , 7 , {32, 34, 12} , {'34', '43', '16', '29', '32', '59', '37', '13', '45', '58', '53', '40', '14', '20', '9', '56', '31', '11', '48', '27', '15', '0', '3', '44', '19', '28', '25', '47', '49', '39', '55', '6', '12', '33', '26', '35', '23', '17', '21', '57'}
| | +-- , 32 , set() , {'6', '12', '27', '33', '26', '35', '16', '29', '38', '19', '14', '23', '47', '39', '37', '9', '56'}
| | +-- , 34 , set() , {'27', '34', '46', '22', '3', '49', '9'}
| | +-- , 12 , {16, 30} , {'34', '43', '16', '1', '59', '13', '45', '58', '30', '40', '9', '56', '31', '11', '27', '48', '15', '0', '44', '19', '28', '49', '33', '5', '35', '21', '29', '32', '37', '53', '14', '20', '8', '3', '25', '47', '39', '55', '6', '12', '17', '57'}
| | | +-- , 16 , {18} , {'34', '43', '1', '16', '59', '13', '45', '58', '40', '9', '56', '31', '11', '27', '15', '0', '44', '19', '28', '49', '51', '5', '33', '35', '21', '29', '32', '37', '53', '14', '20', '8', '3', '25', '47', '39', '55', '6', '12', '17', '57'}
| | | | +-- , 18 , {20} , {'34', '43', '1', '16', '32', '59', '13', '45', '58', '53', '40', '14', '20', '9', '56', '31', '8', '11', '27', '15', '3', '0', '44', '19', '28', '25', '47', '39', '49', '55', '51', '12', '5', '33', '50', '35', '17', '21', '57'}
| | | | | +-- , 20 , {22, 24, 26} , {'43', '1', '32', '13', '45', '58', '4', '53', '40', '14', '20', '9', '56', '31', '8', '11', '27', '15', '3', '0', '44', '19', '28', '25', '47', '39', '49', '55', '12', '5', '33', '50', '35', '17', '21', '57'}
| | | | | | +-- , 22 , set() , {'36', '1', '32', '45', '58', '4', '53', '24', '20', '56', '8', '27', '0', '52', '44', '19', '28', '25', '47', '49', '55', '12', '5', '50', '18', '35', '21', '57'}
| | | | | | +-- , 24 , set() , {'31', '8', '11', '12', '27', '33', '21', '50', '53', '4', '3', '43', '40', '42', '32', '39', '9'}
| | | | | | +-- , 26 , {28} , {'54', '31', '27', '1', '3', '25', '32', '39', '55', '13', '12', '33', '5', '4', '14', '17', '21', '56'}
| | | | | | | +-- , 28 , set() , {'54', '13', '7', '33', '4', '56'}
| | | +-- , 30 , set() , {'41', '6', '12', '48', '27', '5', '16', '1', '30', '44', '14', '3', '21', '20'}


Max number of edges with non zero Y: 34
Max number of iterations of outer rounding loop: 8
Max number of candidate sets: 2
Time spent rounding: 60.330
Time spent solving Separator LP: 50.736

LP Solver: GaifmanBoosted