19, 0, 9.0, 9
+-- , 0 , {5, 45, 47} , {'xL5J', 'xL10J', 'xL16J', 'xL21J', 'xL14J', 'xL36J', 'xL12J', 'xL0J', 'xL37J', 'xL26J', 'xL20J', 'xL3J', 'xL18J', 'xL32J'}
| +-- , 5 , {9} , {'xL10J', 'xL16J', 'xL32J', 'xL14J', 'xL12J', 'xL38J', 'xL37J', 'xL26J', 'xL3J', 'xL34J', 'xL18J', 'xL5J', 'xL36J', 'xL0J', 'xL22J', 'xL20J'}
| | +-- , 9 , {11} , {'xL10J', 'xL16J', 'xL32J', 'xL14J', 'xL12J', 'xL38J', 'xL37J', 'xL26J', 'xL3J', 'xL34J', 'xL18J', 'xL23J', 'xL6J', 'xL22J', 'xL20J'}
| | | +-- , 11 , {17, 43} , {'xL10J', 'xL16J', 'xL32J', 'xL14J', 'xL12J', 'xL38J', 'xL37J', 'xL17J', 'xL26J', 'xL3J', 'xL34J', 'xL23J', 'xL6J', 'xL39J', 'xL28J', 'xL22J', 'xL30J', 'xL20J'}
| | | | +-- , 17 , {19, 23} , {'xL10J', 'xL32J', 'xL12J', 'xL38J', 'xL37J', 'xL17J', 'xL3J', 'xL19J', 'xL34J', 'xL23J', 'xL39J', 'xL6J', 'xL7J', 'xL28J', 'xL22J', 'xL30J', 'xL20J'}
| | | | | +-- , 19 , set() , {'xL19J', 'xL4J', 'xL32J'}
| | | | | +-- , 23 , {25} , {'xL10J', 'xL24J', 'xL32J', 'xL12J', 'xL38J', 'xL37J', 'xL17J', 'xL3J', 'xL19J', 'xL34J', 'xL23J', 'xL6J', 'xL7J', 'xL28J', 'xL22J', 'xL30J', 'xL20J'}
| | | | | | +-- , 25 , {27} , {'xL10J', 'xL24J', 'xL12J', 'xL38J', 'xL2J', 'xL37J', 'xL17J', 'xL3J', 'xL19J', 'xL34J', 'xL23J', 'xL6J', 'xL7J', 'xL28J', 'xL22J', 'xL30J', 'xL20J'}
| | | | | | | +-- , 27 , {29} , {'xL8J', 'xL10J', 'xL24J', 'xL38J', 'xL2J', 'xL37J', 'xL17J', 'xL3J', 'xL19J', 'xL34J', 'xL23J', 'xL6J', 'xL7J', 'xL28J', 'xL22J', 'xL30J', 'xL20J'}
| | | | | | | | +-- , 29 , {37, 31} , {'xL8J', 'xL10J', 'xL24J', 'xL38J', 'xL2J', 'xL33J', 'xL37J', 'xL17J', 'xL3J', 'xL19J', 'xL27J', 'xL23J', 'xL7J', 'xL22J', 'xL30J', 'xL20J'}
| | | | | | | | | +-- , 37 , {41, 39} , {'xL29J', 'xL27J', 'xL19J', 'xL7J', 'xL38J', 'xL37J', 'xL17J', 'xL22J', 'xL30J', 'xL2J'}
| | | | | | | | | | +-- , 41 , set() , {'xL25J', 'xL29J', 'xL7J', 'xL38J', 'xL37J'}
| | | | | | | | | | +-- , 39 , set() , {'xL29J', 'xL35J', 'xL19J', 'xL7J'}
| | | | | | | | | +-- , 31 , {33} , {'xL27J', 'xL8J', 'xL24J', 'xL7J', 'xL1J', 'xL33J', 'xL37J', 'xL17J', 'xL3J', 'xL19J', 'xL30J'}
| | | | | | | | | | +-- , 33 , {35} , {'xL31J', 'xL8J', 'xL24J', 'xL7J', 'xL1J', 'xL37J', 'xL3J', 'xL30J'}
| | | | | | | | | | | +-- , 35 , set() , {'xL31J', 'xL7J', 'xL37J', 'xL13J'}
| | | | +-- , 43 , set() , {'xL9J', 'xL12J', 'xL38J', 'xL26J', 'xL22J', 'xL30J'}
| +-- , 45 , set() , {'xL36J', 'xL37J', 'xL15J'}
| +-- , 47 , set() , {'xL10J', 'xL26J', 'xL11J'}


Max number of edges with non zero Y: 33
Max number of iterations of outer rounding loop: 9
Max number of candidate sets: 2
Time spent rounding: 61.627
Time spent solving Separator LP: 0.140

LP Solver: gammaPlusFractionalCoverHeuristic