21, 2.8742556300441717, 8.0, 8
+-- , 0 , {4} , {'xL25J', 'xL29J', 'xL8J', 'xL10J', 'xL38J', 'xL2J', 'xL37J', 'xL34J', 'xL4J', 'xL5J', 'xL27J', 'xL39J', 'xL18J', 'xL32J'}
| +-- , 4 , {6} , {'xL25J', 'xL29J', 'xL8J', 'xL10J', 'xL24J', 'xL32J', 'xL38J', 'xL37J', 'xL34J', 'xL4J', 'xL27J', 'xL39J', 'xL18J', 'xL2J'}
| | +-- , 6 , {9} , {'xL25J', 'xL29J', 'xL8J', 'xL10J', 'xL24J', 'xL32J', 'xL1J', 'xL38J', 'xL37J', 'xL4J', 'xL31J', 'xL27J', 'xL39J', 'xL6J', 'xL18J', 'xL2J'}
| | | +-- , 9 , {11} , {'xL25J', 'xL29J', 'xL8J', 'xL10J', 'xL32J', 'xL1J', 'xL38J', 'xL37J', 'xL19J', 'xL4J', 'xL31J', 'xL39J', 'xL6J', 'xL18J', 'xL2J'}
| | | | +-- , 11 , {13} , {'xL25J', 'xL29J', 'xL8J', 'xL10J', 'xL32J', 'xL1J', 'xL12J', 'xL38J', 'xL37J', 'xL19J', 'xL31J', 'xL39J', 'xL6J', 'xL18J', 'xL2J'}
| | | | | +-- , 13 , {44, 15} , {'xL25J', 'xL29J', 'xL8J', 'xL10J', 'xL1J', 'xL12J', 'xL38J', 'xL37J', 'xL17J', 'xL19J', 'xL31J', 'xL39J', 'xL6J', 'xL18J', 'xL32J'}
| | | | | | +-- , 44 , set() , {'xL25J', 'xL31J', 'xL29J', 'xL39J', 'xL7J', 'xL13J', 'xL35J', 'xL37J', 'xL17J', 'xL19J'}
| | | | | | +-- , 15 , {18} , {'xL29J', 'xL8J', 'xL10J', 'xL1J', 'xL12J', 'xL38J', 'xL37J', 'xL17J', 'xL26J', 'xL19J', 'xL31J', 'xL6J', 'xL11J', 'xL18J', 'xL32J'}
| | | | | | | +-- , 18 , {42, 20} , {'xL29J', 'xL8J', 'xL10J', 'xL1J', 'xL12J', 'xL38J', 'xL33J', 'xL37J', 'xL17J', 'xL26J', 'xL19J', 'xL31J', 'xL6J', 'xL18J', 'xL32J'}
| | | | | | | | +-- , 42 , set() , {'xL33J', 'xL37J', 'xL20J'}
| | | | | | | | +-- , 20 , {22} , {'xL29J', 'xL8J', 'xL10J', 'xL12J', 'xL38J', 'xL33J', 'xL37J', 'xL17J', 'xL26J', 'xL19J', 'xL31J', 'xL6J', 'xL18J', 'xL30J', 'xL32J'}
| | | | | | | | | +-- , 22 , {40, 24} , {'xL29J', 'xL8J', 'xL10J', 'xL12J', 'xL38J', 'xL33J', 'xL37J', 'xL17J', 'xL26J', 'xL18J', 'xL31J', 'xL6J', 'xL22J', 'xL30J', 'xL32J'}
| | | | | | | | | | +-- , 40 , set() , {'xL9J', 'xL12J', 'xL38J', 'xL26J', 'xL22J', 'xL30J'}
| | | | | | | | | | +-- , 24 , {26, 38} , {'xL8J', 'xL10J', 'xL12J', 'xL38J', 'xL33J', 'xL37J', 'xL17J', 'xL26J', 'xL18J', 'xL31J', 'xL6J', 'xL28J', 'xL22J'}
| | | | | | | | | | | +-- , 26 , {36, 28} , {'xL10J', 'xL23J', 'xL12J', 'xL28J', 'xL0J', 'xL38J', 'xL22J', 'xL33J', 'xL37J', 'xL17J', 'xL26J', 'xL18J'}
| | | | | | | | | | | | +-- , 36 , set() , {'xL17J', 'xL12J', 'xL16J', 'xL0J'}
| | | | | | | | | | | | +-- , 28 , {32, 30} , {'xL23J', 'xL14J', 'xL0J', 'xL38J', 'xL37J', 'xL17J', 'xL26J'}
| | | | | | | | | | | | | +-- , 32 , {34} , {'xL37J', 'xL14J', 'xL36J', 'xL0J', 'xL38J'}
| | | | | | | | | | | | | | +-- , 34 , set() , {'xL36J', 'xL37J', 'xL15J'}
| | | | | | | | | | | | | +-- , 30 , set() , {'xL21J', 'xL26J', 'xL14J'}
| | | | | | | | | | | +-- , 38 , set() , {'xL31J', 'xL10J', 'xL6J', 'xL28J', 'xL33J', 'xL17J', 'xL26J', 'xL3J'}


Max number of edges with non zero Y: 28
Max number of iterations of outer rounding loop: 5
Max number of candidate sets: 2
Time spent rounding: 47.205
Time spent solving Separator LP: 1.318

LP Solver: GaifmanBoosted