19, 6.0, 9.0, 9
+-- , 0 , {35, 37, 9, 43, 41} , {'xL26J', 'xL4J', 'xL0J', 'xL7J', 'xL18J', 'xL19J', 'xL22J', 'xL12J', 'xL38J', 'xL6J', 'xL33J', 'xL15J', 'xL37J', 'xL20J', 'xL2J', 'xL13J', 'xL8J', 'xL23J'}
| +-- , 35 , set() , {'xL0J', 'xL12J', 'xL28J'}
| +-- , 37 , {39} , {'xL26J', 'xL33J', 'xL4J', 'xL15J', 'xL39J', 'xL19J', 'xL38J'}
| | +-- , 39 , set() , {'xL39J', 'xL27J', 'xL33J', 'xL15J'}
| +-- , 9 , {11, 15} , {'xL26J', 'xL0J', 'xL7J', 'xL18J', 'xL22J', 'xL19J', 'xL12J', 'xL38J', 'xL6J', 'xL33J', 'xL15J', 'xL37J', 'xL20J', 'xL2J', 'xL13J', 'xL24J', 'xL23J'}
| | +-- , 11 , {13} , {'xL22J', 'xL20J', 'xL31J', 'xL13J', 'xL18J', 'xL19J', 'xL24J', 'xL38J'}
| | | +-- , 13 , set() , {'xL36J', 'xL31J', 'xL13J', 'xL18J', 'xL22J', 'xL24J', 'xL38J', 'xL34J'}
| | +-- , 15 , {17} , {'xL26J', 'xL0J', 'xL7J', 'xL18J', 'xL22J', 'xL19J', 'xL38J', 'xL6J', 'xL25J', 'xL33J', 'xL15J', 'xL37J', 'xL20J', 'xL2J', 'xL24J', 'xL23J'}
| | | +-- , 17 , {33, 19} , {'xL26J', 'xL0J', 'xL7J', 'xL18J', 'xL22J', 'xL19J', 'xL38J', 'xL29J', 'xL25J', 'xL33J', 'xL15J', 'xL37J', 'xL20J', 'xL2J', 'xL24J', 'xL23J'}
| | | | +-- , 33 , set() , {'xL17J', 'xL29J', 'xL33J', 'xL20J', 'xL7J', 'xL38J'}
| | | | +-- , 19 , {21} , {'xL26J', 'xL0J', 'xL10J', 'xL7J', 'xL18J', 'xL22J', 'xL19J', 'xL29J', 'xL25J', 'xL15J', 'xL37J', 'xL2J', 'xL24J', 'xL23J', 'xL32J'}
| | | | | +-- , 21 , {23} , {'xL26J', 'xL1J', 'xL0J', 'xL10J', 'xL18J', 'xL22J', 'xL29J', 'xL25J', 'xL37J', 'xL2J', 'xL3J', 'xL24J', 'xL23J', 'xL32J'}
| | | | | | +-- , 23 , {25} , {'xL26J', 'xL1J', 'xL0J', 'xL10J', 'xL29J', 'xL25J', 'xL30J', 'xL37J', 'xL2J', 'xL3J', 'xL24J', 'xL23J', 'xL32J'}
| | | | | | | +-- , 25 , {27, 31} , {'xL14J', 'xL26J', 'xL1J', 'xL0J', 'xL10J', 'xL25J', 'xL30J', 'xL37J', 'xL2J', 'xL3J', 'xL24J', 'xL23J', 'xL32J'}
| | | | | | | | +-- , 27 , {29} , {'xL14J', 'xL26J', 'xL16J', 'xL25J', 'xL35J', 'xL2J', 'xL10J', 'xL3J', 'xL24J', 'xL23J'}
| | | | | | | | | +-- , 29 , set() , {'xL11J', 'xL16J', 'xL35J'}
| | | | | | | | +-- , 31 , set() , {'xL14J', 'xL26J', 'xL1J', 'xL30J', 'xL37J', 'xL10J', 'xL5J'}
| +-- , 43 , set() , {'xL9J', 'xL20J', 'xL2J', 'xL23J'}
| +-- , 41 , set() , {'xL26J', 'xL4J', 'xL37J', 'xL2J', 'xL21J'}


Max number of edges with non zero Y: 6
Max number of iterations of outer rounding loop: 0
Max number of candidate sets: 0
Time spent rounding: 0.000
Time spent solving Separator LP: 18.331

LP Solver: GaifmanNormalILP