17, 2.583459982170292, 9.0, 9
+-- , 0 , {42, 3} , {'xL17J', 'xL16J', 'xL27J', 'xL30J', 'xL33J', 'xL39J', 'xL20J', 'xL2J', 'xL23J', 'xL24J', 'xL38J'}
| +-- , 42 , set() , {'xL9J', 'xL20J', 'xL2J', 'xL23J'}
| +-- , 3 , {8} , {'xL17J', 'xL16J', 'xL4J', 'xL39J', 'xL31J', 'xL19J', 'xL38J', 'xL29J', 'xL27J', 'xL30J', 'xL15J', 'xL20J', 'xL2J', 'xL24J', 'xL23J'}
| | +-- , 8 , {16, 18, 11} , {'xL17J', 'xL16J', 'xL4J', 'xL0J', 'xL39J', 'xL31J', 'xL19J', 'xL22J', 'xL38J', 'xL29J', 'xL30J', 'xL15J', 'xL20J', 'xL2J', 'xL13J', 'xL24J', 'xL5J', 'xL23J'}
| | | +-- , 16 , set() , {'xL29J', 'xL16J', 'xL15J', 'xL10J', 'xL19J', 'xL24J', 'xL5J'}
| | | +-- , 18 , {40, 22} , {'xL17J', 'xL16J', 'xL4J', 'xL0J', 'xL39J', 'xL31J', 'xL22J', 'xL19J', 'xL38J', 'xL37J', 'xL21J', 'xL20J', 'xL2J', 'xL13J', 'xL24J', 'xL5J', 'xL23J'}
| | | | +-- , 40 , set() , {'xL3J', 'xL22J', 'xL16J', 'xL37J'}
| | | | +-- , 22 , {38, 24, 30} , {'xL17J', 'xL16J', 'xL0J', 'xL39J', 'xL23J', 'xL31J', 'xL22J', 'xL19J', 'xL38J', 'xL37J', 'xL21J', 'xL20J', 'xL2J', 'xL13J', 'xL24J', 'xL5J', 'xL35J'}
| | | | | +-- , 38 , set() , {'xL11J', 'xL16J', 'xL35J'}
| | | | | +-- , 24 , {26, 28} , {'xL17J', 'xL0J', 'xL23J', 'xL19J', 'xL38J', 'xL6J', 'xL25J', 'xL37J', 'xL20J', 'xL13J', 'xL24J', 'xL5J', 'xL35J'}
| | | | | | +-- , 26 , set() , {'xL6J', 'xL13J', 'xL8J', 'xL23J'}
| | | | | | +-- , 28 , set() , {'xL14J', 'xL17J', 'xL6J', 'xL25J', 'xL37J', 'xL0J', 'xL20J', 'xL38J', 'xL7J', 'xL19J', 'xL35J', 'xL5J', 'xL23J', 'xL32J'}
| | | | | +-- , 30 , {32, 34, 36} , {'xL1J', 'xL37J', 'xL21J', 'xL0J', 'xL39J', 'xL38J', 'xL31J', 'xL19J', 'xL13J', 'xL22J', 'xL24J', 'xL5J', 'xL35J', 'xL34J'}
| | | | | | +-- , 32 , set() , {'xL36J', 'xL31J', 'xL13J', 'xL38J', 'xL34J'}
| | | | | | +-- , 34 , set() , {'xL18J', 'xL38J', 'xL1J', 'xL34J'}
| | | | | | +-- , 36 , set() , {'xL26J', 'xL1J', 'xL22J', 'xL37J', 'xL21J', 'xL0J', 'xL39J', 'xL19J', 'xL5J', 'xL35J'}
| | | +-- , 11 , set() , {'xL28J', 'xL4J', 'xL0J', 'xL24J', 'xL12J', 'xL23J'}


Max number of edges with non zero Y: 34
Max number of iterations of outer rounding loop: 5
Max number of candidate sets: 2
Time spent rounding: 47.337
Time spent solving Separator LP: 1.426

LP Solver: GaifmanBoosted