31, 0, 9.0, 9
+-- , 0 , {50, 3} , {'xL7JL9J', 'xL7JL12J', 'xL7JL10J', 'xL6JL13J', 'xL6JL12J', 'xL3JL8J', 'xL7JL11J', 'xL7JL8J'}
| +-- , 50 , {52} , {'xL6JL12J', 'xL3JL8J', 'xL3JL10J', 'xL3JL9J', 'xL3JL11J', 'xL7JL12J', 'xL6JL13J', 'xL3JL12J', 'xL7JL11J', 'xL7JL10J'}
| | +-- , 52 , {55} , {'xL8JL11J', 'xL6JL12J', 'xL3JL10J', 'xL8JL13J', 'xL8JL12J', 'xL3JL9J', 'xL3JL11J', 'xL7JL12J', 'xL6JL13J', 'xL3JL12J', 'xL7JL11J', 'xL8JL10J', 'xL7JL10J'}
| | | +-- , 55 , {57, 63} , {'xL8JL11J', 'xL6JL12J', 'xL5JL11J', 'xL3JL10J', 'xL8JL13J', 'xL8JL12J', 'xL3JL9J', 'xL3JL11J', 'xL7JL12J', 'xL6JL13J', 'xL4JL10J', 'xL7JL11J', 'xL2JL10J', 'xL3JL12J'}
| | | | +-- , 57 , {59, 61} , {'xL3JL11J', 'xL4JL11J', 'xL1JL11J', 'xL5JL11J', 'xL4JL10J', 'xL2JL11J', 'xL3JL9J', 'xL2JL10J', 'xL3JL12J'}
| | | | | +-- , 59 , set() , {'xL4JL11J', 'xL3JL9J', 'xL4JL9J', 'xL4JL10J'}
| | | | | +-- , 61 , set() , {'xL2JL13J', 'xL1JL12J', 'xL2JL12J', 'xL1JL13J', 'xL1JL11J', 'xL2JL11J', 'xL2JL10J', 'xL3JL12J'}
| | | | +-- , 63 , {65} , {'xL8JL11J', 'xL6JL12J', 'xL5JL11J', 'xL3JL10J', 'xL8JL13J', 'xL8JL12J', 'xL7JL12J', 'xL6JL13J', 'xL4JL10J', 'xL7JL11J', 'xL5JL10J', 'xL2JL10J'}
| | | | | +-- , 65 , {67} , {'xL5JL13J', 'xL7JL12J', 'xL8JL11J', 'xL6JL13J', 'xL6JL12J', 'xL5JL11J', 'xL5JL12J', 'xL8JL13J', 'xL8JL12J', 'xL7JL11J', 'xL5JL10J'}
| | | | | | +-- , 67 , {69} , {'xL9JL12J', 'xL7JL12J', 'xL8JL11J', 'xL6JL12J', 'xL5JL12J', 'xL8JL13J', 'xL8JL12J', 'xL7JL11J'}
| | | | | | | +-- , 69 , set() , {'xL9JL12J', 'xL8JL11J', 'xL7JL11J', 'xL8JL13J', 'xL9JL11J', 'xL9JL13J'}
| +-- , 3 , {5} , {'xL7JL9J', 'xL3JL8J', 'xL2JL8J', 'xL1JL8J', 'xL7JL8J'}
| | +-- , 5 , {10} , {'xL3JL5J', 'xL3JL4J', 'xL3JL2J', 'xL4JL1J', 'xL3JL3J', 'xL7JL9J', 'xL8JL6J', 'xL6JL4J', 'xL5JL4J', 'xL8JL7J', 'xL2JL4J', 'xL7JL4J', 'xL4JL2J', 'xL8JL8J', 'xL2JL8J', 'xL8JL4J', 'xL1JL8J', 'xL7JL8J', 'xL3JL6J'}
| | | +-- , 10 , {12} , {'xL4JL1J', 'xL8JL6J', 'xL6JL4J', 'xL5JL4J', 'xL8JL7J', 'xL2JL4J', 'xL7JL4J', 'xL2JL8J', 'xL2JL2J', 'xL3JL5J', 'xL3JL2J', 'xL3JL3J', 'xL2JL1J', 'xL7JL9J', 'xL2JL3J', 'xL4JL2J', 'xL8JL8J', 'xL8JL4J', 'xL1JL8J', 'xL7JL8J', 'xL3JL6J'}
| | | | +-- , 12 , {14} , {'xL4JL1J', 'xL8JL6J', 'xL6JL4J', 'xL5JL4J', 'xL8JL7J', 'xL7JL4J', 'xL2JL8J', 'xL2JL2J', 'xL3JL5J', 'xL3JL2J', 'xL3JL3J', 'xL2JL1J', 'xL7JL9J', 'xL2JL3J', 'xL4JL5J', 'xL4JL2J', 'xL8JL8J', 'xL8JL4J', 'xL1JL8J', 'xL7JL8J', 'xL3JL6J'}
| | | | | +-- , 14 , {16} , {'xL4JL1J', 'xL4JL6J', 'xL8JL6J', 'xL6JL4J', 'xL5JL4J', 'xL8JL7J', 'xL7JL4J', 'xL2JL8J', 'xL2JL2J', 'xL4JL7J', 'xL3JL2J', 'xL3JL3J', 'xL2JL1J', 'xL7JL9J', 'xL2JL3J', 'xL4JL5J', 'xL4JL2J', 'xL8JL8J', 'xL8JL4J', 'xL1JL8J', 'xL7JL8J', 'xL3JL6J'}
| | | | | | +-- , 16 , {18, 28} , {'xL3JL2J', 'xL4JL1J', 'xL3JL3J', 'xL4JL6J', 'xL2JL1J', 'xL7JL9J', 'xL8JL6J', 'xL7JL6J', 'xL1JL8J', 'xL6JL4J', 'xL2JL3J', 'xL5JL4J', 'xL8JL7J', 'xL7JL4J', 'xL4JL2J', 'xL8JL8J', 'xL2JL8J', 'xL8JL4J', 'xL2JL2J', 'xL4JL7J', 'xL7JL8J', 'xL3JL6J'}
| | | | | | | +-- , 18 , {26, 20} , {'xL2JL6J', 'xL1JL6J', 'xL4JL6J', 'xL6JL7J', 'xL5JL7J', 'xL8JL6J', 'xL7JL6J', 'xL7JL9J', 'xL8JL7J', 'xL8JL8J', 'xL2JL8J', 'xL1JL8J', 'xL4JL7J', 'xL5JL6J', 'xL7JL8J', 'xL3JL6J'}
| | | | | | | | +-- , 26 , set() , {'xL1JL7J', 'xL2JL6J', 'xL2JL7J', 'xL1JL6J', 'xL2JL8J', 'xL1JL8J'}
| | | | | | | | +-- , 20 , {22} , {'xL5JL7J', 'xL8JL6J', 'xL7JL6J', 'xL7JL9J', 'xL8JL7J', 'xL5JL8J', 'xL8JL8J', 'xL5JL6J', 'xL7JL8J', 'xL6JL7J'}
| | | | | | | | | +-- , 22 , {24} , {'xL7JL9J', 'xL8JL6J', 'xL7JL6J', 'xL8JL7J', 'xL5JL8J', 'xL6JL8J', 'xL8JL8J', 'xL6JL9J', 'xL7JL8J', 'xL6JL7J'}
| | | | | | | | | | +-- , 24 , set() , {'xL8JL6J', 'xL7JL6J', 'xL9JL8J', 'xL9JL6J', 'xL8JL7J', 'xL5JL8J', 'xL6JL8J', 'xL8JL8J', 'xL9JL7J', 'xL7JL8J'}
| | | | | | | +-- , 28 , {30} , {'xL3JL2J', 'xL4JL1J', 'xL3JL3J', 'xL2JL1J', 'xL7JL6J', 'xL6JL4J', 'xL2JL3J', 'xL5JL4J', 'xL7JL4J', 'xL4JL2J', 'xL7JL5J', 'xL8JL4J', 'xL2JL2J', 'xL7JL2J', 'xL7JL3J'}
| | | | | | | | +-- , 30 , {34, 38} , {'xL9JL2J', 'xL9JL1J', 'xL3JL2J', 'xL5JL2J', 'xL4JL1J', 'xL3JL3J', 'xL2JL2J', 'xL2JL1J', 'xL6JL4J', 'xL2JL3J', 'xL5JL4J', 'xL4JL2J', 'xL7JL5J', 'xL9JL3J', 'xL8JL4J', 'xL7JL2J', 'xL7JL3J'}
| | | | | | | | | +-- , 34 , {36} , {'xL3JL2J', 'xL2JL3J', 'xL1JL2J', 'xL5JL2J', 'xL4JL2J', 'xL2JL2J', 'xL3JL3J', 'xL2JL1J'}
| | | | | | | | | | +-- , 36 , set() , {'xL1JL3J', 'xL2JL3J', 'xL1JL1J', 'xL1JL2J', 'xL3JL3J', 'xL2JL1J'}
| | | | | | | | | +-- , 38 , {40} , {'xL9JL2J', 'xL9JL1J', 'xL5JL2J', 'xL4JL1J', 'xL6JL4J', 'xL5JL4J', 'xL7JL5J', 'xL8JL4J', 'xL9JL3J', 'xL5JL1J', 'xL7JL2J', 'xL7JL3J'}
| | | | | | | | | | +-- , 40 , {42} , {'xL9JL2J', 'xL9JL1J', 'xL5JL3J', 'xL5JL2J', 'xL6JL4J', 'xL5JL4J', 'xL7JL5J', 'xL8JL4J', 'xL9JL3J', 'xL5JL1J', 'xL7JL2J', 'xL7JL3J'}
| | | | | | | | | | | +-- , 42 , {44, 46} , {'xL9JL2J', 'xL9JL1J', 'xL5JL3J', 'xL6JL4J', 'xL6JL3J', 'xL7JL5J', 'xL8JL4J', 'xL8JL3J', 'xL9JL3J', 'xL7JL2J', 'xL7JL3J'}
| | | | | | | | | | | | +-- , 44 , set() , {'xL9JL2J', 'xL9JL1J', 'xL8JL1J', 'xL8JL4J', 'xL8JL3J', 'xL7JL2J', 'xL8JL2J'}
| | | | | | | | | | | | +-- , 46 , set() , {'xL6JL3J', 'xL7JL5J', 'xL6JL5J', 'xL6JL4J'}


Max number of edges with non zero Y: 26
Max number of iterations of outer rounding loop: 7
Max number of candidate sets: 2
Time spent rounding: 30.622
Time spent solving Separator LP: 0.145
Total time spent solving: 35.697

LP Solver: gammaPlusFractionalCoverHeuristic
Lower Bound Witness = ({'xL5JL8J', 'xL6JL12J', 'xL6JL3J', 'xL9JL11J', 'xL1JL3J', 'xL1JL12J', 'xL7JL4J', 'xL4JL10J', 'xL7JL2J', 'xL5JL6J', 'xL3JL5J', 'xL5JL13J', 'xL3JL2J', 'xL5JL11J', 'xL9JL13J', 'xL6JL7J', 'xL2JL1J', 'xL7JL9J', 'xL2JL12J', 'xL4JL5J', 'xL5JL12J', 'xL8JL4J', 'xL7JL11J', 'xL6JL9J', 'xL5JL10J', 'xL7JL8J', 'xL7JL10J', 'xL9JL1J', 'xL1JL2J', 'xL4JL1J', 'xL3JL8J', 'xL4JL6J', 'xL8JL6J', 'xL7JL6J', 'xL3JL11J', 'xL5JL4J', 'xL8JL7J', 'xL6JL8J', 'xL2JL6J', 'xL8JL1J', 'xL1JL1J', 'xL5JL2J', 'xL1JL6J', 'xL9JL8J', 'xL4JL9J', 'xL4JL2J', 'xL8JL8J', 'xL2JL11J', 'xL8JL10J', 'xL3JL6J', 'xL2JL13J', 'xL6JL5J', 'xL9JL6J', 'xL2JL4J', 'xL6JL13J', 'xL2JL8J', 'xL2JL2J', 'xL3JL12J', 'xL9JL2J', 'xL3JL4J', 'xL8JL11J', 'xL3JL10J', 'xL5JL7J', 'xL9JL12J', 'xL7JL12J', 'xL1JL13J', 'xL2JL3J', 'xL1JL11J', 'xL8JL3J', 'xL9JL3J', 'xL5JL1J', 'xL2JL10J', 'xL1JL7J', 'xL6JL4J', 'xL9JL7J', 'xL4JL7J', 'xL8JL2J', 'xL5JL3J', 'xL2JL7J', 'xL4JL11J', 'xL8JL13J', 'xL8JL12J', 'xL3JL3J', 'xL3JL9J', 'xL7JL5J', 'xL1JL8J', 'xL7JL3J'}, {'xL6JL13J', 'xL1JL2J', 'xL5JL10J', 'xL4JL6J', 'xL7JL10J'})