32, 3.0, 4.0, 4
+-- , 0 , {3, 39} , {'xL5JL7J', 'xL7JL9J', 'xL7JL12J', 'xL5JL8J', 'xL1JL6J', 'xL5JL6J', 'xL7JL11J', 'xL7JL8J', 'xL4JL6J', 'xL7JL10J', 'xL3JL6J'}
| +-- , 3 , {37, 5} , {'xL5JL7J', 'xL7JL9J', 'xL9JL8J', 'xL5JL8J', 'xL8JL8J', 'xL4JL7J', 'xL4JL6J', 'xL7JL8J', 'xL3JL6J'}
| | +-- , 37 , set() , {'xL7JL9J', 'xL5JL7J', 'xL9JL8J', 'xL5JL8J', 'xL6JL8J', 'xL8JL8J', 'xL4JL7J', 'xL6JL9J', 'xL7JL8J', 'xL6JL7J'}
| | +-- , 5 , {7} , {'xL3JL5J', 'xL3JL4J', 'xL9JL8J', 'xL3JL2J', 'xL4JL5J', 'xL8JL8J', 'xL4JL7J', 'xL3JL3J', 'xL4JL6J', 'xL3JL6J'}
| | | +-- , 7 , {9, 13} , {'xL3JL4J', 'xL7JL6J', 'xL9JL8J', 'xL3JL2J', 'xL8JL8J', 'xL3JL3J'}
| | | | +-- , 9 , {11} , {'xL8JL6J', 'xL7JL6J', 'xL9JL8J', 'xL9JL6J', 'xL8JL8J'}
| | | | | +-- , 11 , set() , {'xL8JL6J', 'xL9JL8J', 'xL9JL6J', 'xL8JL7J', 'xL8JL8J', 'xL9JL7J'}
| | | | +-- , 13 , {15} , {'xL3JL4J', 'xL7JL6J', 'xL3JL2J', 'xL7JL4J', 'xL7JL5J', 'xL7JL2J', 'xL3JL3J', 'xL7JL3J'}
| | | | | +-- , 15 , {17, 25} , {'xL3JL4J', 'xL3JL2J', 'xL5JL2J', 'xL7JL4J', 'xL4JL2J', 'xL7JL5J', 'xL7JL2J', 'xL3JL3J', 'xL7JL3J'}
| | | | | | +-- , 17 , {19} , {'xL3JL4J', 'xL3JL2J', 'xL1JL2J', 'xL5JL2J', 'xL4JL2J', 'xL2JL2J', 'xL3JL3J'}
| | | | | | | +-- , 19 , {21, 23} , {'xL3JL4J', 'xL2JL3J', 'xL1JL1J', 'xL2JL4J', 'xL1JL2J', 'xL2JL2J', 'xL3JL3J'}
| | | | | | | | +-- , 21 , set() , {'xL2JL3J', 'xL2JL4J', 'xL1JL1J', 'xL2JL2J', 'xL2JL1J'}
| | | | | | | | +-- , 23 , set() , {'xL1JL3J', 'xL2JL3J', 'xL1JL1J', 'xL1JL2J', 'xL3JL3J'}
| | | | | | +-- , 25 , {35, 27} , {'xL5JL3J', 'xL5JL4J', 'xL4JL2J', 'xL7JL5J', 'xL5JL2J', 'xL7JL4J', 'xL7JL2J', 'xL7JL3J'}
| | | | | | | +-- , 35 , set() , {'xL5JL3J', 'xL5JL4J', 'xL5JL2J', 'xL4JL1J', 'xL4JL2J', 'xL5JL1J'}
| | | | | | | +-- , 27 , {33, 31} , {'xL5JL3J', 'xL8JL1J', 'xL5JL4J', 'xL7JL4J', 'xL7JL5J', 'xL7JL2J', 'xL8JL4J', 'xL8JL3J', 'xL9JL3J', 'xL8JL2J', 'xL7JL3J'}
| | | | | | | | +-- , 33 , set() , {'xL6JL5J', 'xL5JL3J', 'xL6JL4J', 'xL5JL4J', 'xL6JL3J', 'xL7JL4J', 'xL7JL5J', 'xL8JL4J', 'xL8JL3J', 'xL9JL3J', 'xL7JL3J'}
| | | | | | | | +-- , 31 , set() , {'xL9JL2J', 'xL9JL1J', 'xL8JL1J', 'xL9JL3J', 'xL7JL2J', 'xL8JL2J'}
| +-- , 39 , {41} , {'xL2JL6J', 'xL7JL12J', 'xL1JL6J', 'xL7JL11J', 'xL5JL6J', 'xL4JL6J', 'xL7JL10J', 'xL3JL6J'}
| | +-- , 41 , {65, 43} , {'xL2JL6J', 'xL7JL12J', 'xL1JL6J', 'xL3JL8J', 'xL7JL11J', 'xL7JL10J'}
| | | +-- , 65 , {67} , {'xL2JL6J', 'xL1JL6J', 'xL3JL8J', 'xL2JL8J', 'xL1JL8J'}
| | | | +-- , 67 , set() , {'xL1JL7J', 'xL2JL6J', 'xL2JL7J', 'xL1JL6J', 'xL2JL8J', 'xL1JL8J'}
| | | +-- , 43 , {45} , {'xL3JL11J', 'xL7JL12J', 'xL7JL10J', 'xL3JL8J', 'xL3JL10J', 'xL7JL11J', 'xL3JL9J', 'xL3JL12J'}
| | | | +-- , 45 , {54, 47} , {'xL3JL9J', 'xL3JL11J', 'xL7JL12J', 'xL7JL10J', 'xL5JL11J', 'xL3JL10J', 'xL7JL11J', 'xL5JL10J', 'xL3JL12J'}
| | | | | +-- , 54 , {56} , {'xL5JL13J', 'xL7JL12J', 'xL5JL11J', 'xL5JL12J', 'xL7JL11J', 'xL5JL10J', 'xL7JL10J'}
| | | | | | +-- , 56 , {58, 63} , {'xL5JL13J', 'xL9JL12J', 'xL7JL12J', 'xL7JL11J', 'xL5JL12J', 'xL8JL12J', 'xL7JL10J'}
| | | | | | | +-- , 58 , {61} , {'xL9JL12J', 'xL8JL11J', 'xL7JL11J', 'xL8JL13J', 'xL8JL12J', 'xL8JL10J', 'xL7JL10J'}
| | | | | | | | +-- , 61 , set() , {'xL9JL12J', 'xL8JL11J', 'xL7JL11J', 'xL8JL13J', 'xL9JL11J', 'xL9JL13J'}
| | | | | | | +-- , 63 , set() , {'xL5JL13J', 'xL9JL12J', 'xL7JL12J', 'xL6JL13J', 'xL6JL12J', 'xL5JL12J', 'xL8JL12J'}
| | | | | +-- , 47 , {50, 52} , {'xL3JL11J', 'xL5JL10J', 'xL4JL11J', 'xL1JL11J', 'xL5JL11J', 'xL3JL10J', 'xL4JL10J', 'xL2JL11J', 'xL3JL9J', 'xL2JL10J', 'xL3JL12J'}
| | | | | | +-- , 50 , set() , {'xL4JL11J', 'xL3JL9J', 'xL4JL9J', 'xL4JL10J'}
| | | | | | +-- , 52 , set() , {'xL2JL13J', 'xL1JL12J', 'xL2JL12J', 'xL1JL13J', 'xL1JL11J', 'xL2JL11J', 'xL2JL10J', 'xL3JL12J'}


Max number of edges with non zero Y: 3
Max number of iterations of outer rounding loop: 0
Max number of candidate sets: 0
Time spent rounding: 0.000
Time spent solving Separator LP: 3.945
Total time spent solving: 5.472

LP Solver: GaifmanNormalILP
Lower Bound Witness = ({'xL9JL2J', 'xL9JL1J', 'xL6JL5J', 'xL5JL3J', 'xL6JL4J', 'xL8JL1J', 'xL5JL4J', 'xL6JL3J', 'xL7JL4J', 'xL7JL5J', 'xL9JL3J', 'xL8JL3J', 'xL8JL4J', 'xL7JL2J', 'xL8JL2J', 'xL7JL3J'}, {'xL5JL3J', 'xL5JL4J', 'xL8JL1J', 'xL7JL4J', 'xL7JL5J', 'xL8JL4J', 'xL8JL3J', 'xL7JL2J', 'xL8JL2J', 'xL7JL3J'})