53, 0.9571422571428574, 5.0, 5
+-- , 0 , {5, 76} , {'xL9JL10J', 'xL9JL11J', 'xL9JL4J', 'xL9JL3J', 'xL9JL2J', 'xL9JL5J', 'xL9JL7J', 'xL9JL9J', 'xL9JL8J', 'xL9JL1J'}
| +-- , 5 , {60, 7} , {'xL9JL10J', 'xL14JL7J', 'xL9JL11J', 'xL9JL4J', 'xL9JL3J', 'xL13JL7J', 'xL9JL2J', 'xL9JL1J', 'xL9JL9J', 'xL9JL8J', 'xL12JL7J'}
| | +-- , 60 , {62} , {'xL9JL10J', 'xL14JL7J', 'xL9JL11J', 'xL13JL7J', 'xL9JL9J', 'xL11JL7J', 'xL9JL8J', 'xL12JL7J'}
| | | +-- , 62 , {64} , {'xL11JL8J', 'xL9JL10J', 'xL9JL11J', 'xL11JL11J', 'xL11JL10J', 'xL11JL9J', 'xL9JL9J', 'xL11JL7J', 'xL9JL8J'}
| | | | +-- , 64 , {66, 70} , {'xL11JL8J', 'xL9JL10J', 'xL9JL11J', 'xL11JL11J', 'xL11JL10J', 'xL11JL9J', 'xL9JL9J', 'xL8JL9J', 'xL9JL8J'}
| | | | | +-- , 66 , {68} , {'xL9JL10J', 'xL9JL11J', 'xL8JL11J', 'xL8JL10J', 'xL8JL9J'}
| | | | | | +-- , 68 , set() , {'xL7JL11J', 'xL6JL11J', 'xL9JL10J', 'xL9JL11J', 'xL8JL11J', 'xL6JL10J', 'xL8JL10J', 'xL7JL10J'}
| | | | | +-- , 70 , {72} , {'xL11JL8J', 'xL11JL11J', 'xL11JL10J', 'xL11JL9J', 'xL9JL9J', 'xL12JL9J', 'xL8JL9J', 'xL10JL8J', 'xL9JL8J', 'xL10JL9J'}
| | | | | | +-- , 72 , {74} , {'xL12JL11J', 'xL11JL11J', 'xL11JL10J', 'xL12JL10J', 'xL12JL9J'}
| | | | | | | +-- , 74 , set() , {'xL13JL10J', 'xL12JL11J', 'xL14JL10J', 'xL11JL11J', 'xL11JL10J', 'xL13JL11J', 'xL14JL11J', 'xL12JL10J'}
| | +-- , 7 , {42, 9} , {'xL14JL7J', 'xL9JL4J', 'xL9JL3J', 'xL13JL7J', 'xL9JL2J', 'xL14JL5J', 'xL9JL1J', 'xL12JL7J'}
| | | +-- , 42 , {58, 44} , {'xL9JL4J', 'xL13JL7J', 'xL9JL3J', 'xL9JL2J', 'xL14JL5J', 'xL13JL5J', 'xL9JL1J', 'xL11JL5J', 'xL12JL5J', 'xL12JL7J'}
| | | | +-- , 58 , set() , {'xL12JL6J', 'xL13JL7J', 'xL13JL6J', 'xL13JL5J', 'xL12JL5J', 'xL12JL7J'}
| | | | +-- , 44 , {46} , {'xL9JL4J', 'xL9JL3J', 'xL11JL2J', 'xL9JL2J', 'xL11JL4J', 'xL11JL5J', 'xL11JL1J', 'xL9JL1J', 'xL11JL3J'}
| | | | | +-- , 46 , {48, 52} , {'xL12JL3J', 'xL9JL4J', 'xL9JL3J', 'xL11JL2J', 'xL9JL2J', 'xL11JL4J', 'xL11JL1J', 'xL9JL1J', 'xL11JL3J'}
| | | | | | +-- , 48 , {50} , {'xL12JL2J', 'xL12JL3J', 'xL12JL1J', 'xL11JL2J', 'xL11JL1J'}
| | | | | | | +-- , 50 , set() , {'xL12JL2J', 'xL13JL1J', 'xL13JL2J', 'xL12JL1J', 'xL11JL2J', 'xL14JL1J', 'xL14JL2J', 'xL11JL1J'}
| | | | | | +-- , 52 , {54} , {'xL12JL3J', 'xL9JL4J', 'xL9JL3J', 'xL9JL2J', 'xL10JL4J', 'xL8JL3J', 'xL11JL4J', 'xL10JL3J', 'xL9JL1J', 'xL11JL3J'}
| | | | | | | +-- , 54 , {56} , {'xL9JL2J', 'xL8JL2J', 'xL8JL3J', 'xL9JL1J', 'xL8JL1J'}
| | | | | | | | +-- , 56 , set() , {'xL6JL1J', 'xL6JL2J', 'xL9JL2J', 'xL8JL2J', 'xL7JL1J', 'xL7JL2J', 'xL9JL1J', 'xL8JL1J'}
| | | +-- , 9 , {11} , {'xL14JL5J', 'xL14JL7J', 'xL14JL8J'}
| | | | +-- , 11 , {13} , {'xL15JL8J', 'xL14JL5J', 'xL14JL8J'}
| | | | | +-- , 13 , {15} , {'xL15JL8J', 'xL14JL5J', 'xL14JL4J', 'xL15JL9J'}
| | | | | | +-- , 15 , {17} , {'xL14JL4J', 'xL15JL4J', 'xL15JL9J'}
| | | | | | | +-- , 17 , {19} , {'xL15JL4J', 'xL15JL3J', 'xL15JL9J', 'xL16JL9J'}
| | | | | | | | +-- , 19 , {21} , {'xL16JL10J', 'xL15JL3J', 'xL16JL3J', 'xL16JL9J'}
| | | | | | | | | +-- , 21 , {23} , {'xL16JL2J', 'xL16JL10J', 'xL16JL3J'}
| | | | | | | | | | +-- , 23 , {25} , {'xL16JL10J', 'xL19JL2J', 'xL17JL2J', 'xL17JL10J', 'xL16JL2J', 'xL19JL10J', 'xL18JL2J', 'xL18JL10J'}
| | | | | | | | | | | +-- , 25 , {40, 30} , {'xL17JL8J', 'xL18JL11J', 'xL19JL2J', 'xL18JL8J', 'xL17JL2J', 'xL17JL10J', 'xL17JL7J', 'xL18JL2J', 'xL17JL5J', 'xL18JL7J', 'xL19JL10J', 'xL17JL4J', 'xL18JL10J', 'xL17JL6J', 'xL18JL9J'}
| | | | | | | | | | | | +-- , 40 , set() , {'xL17JL10J', 'xL18JL11J', 'xL17JL11J'}
| | | | | | | | | | | | +-- , 30 , {32} , {'xL19JL2J', 'xL19JL9J', 'xL17JL5J', 'xL18JL7J', 'xL17JL6J', 'xL17JL7J', 'xL17JL8J', 'xL18JL9J', 'xL19JL7J', 'xL18JL8J', 'xL17JL2J', 'xL19JL10J', 'xL17JL4J', 'xL18JL2J', 'xL19JL8J'}
| | | | | | | | | | | | | +-- , 32 , {34} , {'xL19JL7J', 'xL19JL2J', 'xL17JL2J', 'xL18JL2J', 'xL17JL4J', 'xL17JL5J', 'xL16JL7J', 'xL18JL7J', 'xL17JL6J', 'xL17JL7J'}
| | | | | | | | | | | | | | +-- , 34 , {36} , {'xL16JL6J', 'xL19JL2J', 'xL17JL2J', 'xL16JL5J', 'xL18JL2J', 'xL17JL4J', 'xL17JL5J', 'xL16JL7J', 'xL17JL6J'}
| | | | | | | | | | | | | | | +-- , 36 , {38} , {'xL18JL4J', 'xL19JL5J', 'xL19JL2J', 'xL17JL2J', 'xL16JL5J', 'xL19JL4J', 'xL17JL4J', 'xL18JL2J', 'xL17JL5J', 'xL18JL5J'}
| | | | | | | | | | | | | | | | +-- , 38 , set() , {'xL18JL4J', 'xL19JL5J', 'xL19JL2J', 'xL17JL2J', 'xL18JL1J', 'xL19JL4J', 'xL18JL2J', 'xL17JL1J', 'xL18JL5J', 'xL18JL3J', 'xL19JL3J'}
| +-- , 76 , {113, 78} , {'xL7JL7J', 'xL7JL5J', 'xL6JL7J', 'xL8JL7J', 'xL9JL5J', 'xL9JL7J', 'xL6JL5J', 'xL8JL5J'}
| | +-- , 113 , set() , {'xL7JL7J', 'xL7JL5J', 'xL8JL7J', 'xL8JL6J', 'xL7JL6J', 'xL8JL5J'}
| | +-- , 78 , {80} , {'xL6JL8J', 'xL6JL5J', 'xL6JL7J'}
| | | +-- , 80 , {82} , {'xL6JL8J', 'xL6JL5J', 'xL5JL8J', 'xL6JL4J'}
| | | | +-- , 82 , {84} , {'xL5JL4J', 'xL5JL8J', 'xL6JL4J', 'xL5JL9J'}
| | | | | +-- , 84 , {86} , {'xL5JL4J', 'xL5JL3J', 'xL5JL9J'}
| | | | | | +-- , 86 , {88} , {'xL5JL3J', 'xL4JL3J', 'xL4JL9J', 'xL5JL9J'}
| | | | | | | +-- , 88 , {90} , {'xL4JL10J', 'xL4JL2J', 'xL4JL3J', 'xL4JL9J'}
| | | | | | | | +-- , 90 , {92} , {'xL3JL10J', 'xL4JL2J', 'xL4JL10J', 'xL1JL10J', 'xL2JL10J'}
| | | | | | | | | +-- , 92 , {94} , {'xL3JL10J', 'xL4JL2J', 'xL1JL2J', 'xL2JL2J', 'xL3JL2J', 'xL1JL10J', 'xL2JL10J'}
| | | | | | | | | | +-- , 94 , {99} , {'xL1JL2J', 'xL2JL8J', 'xL3JL2J', 'xL1JL10J', 'xL3JL4J', 'xL3JL10J', 'xL2JL10J', 'xL3JL7J', 'xL3JL8J', 'xL3JL6J', 'xL1JL8J', 'xL2JL2J', 'xL3JL5J'}
| | | | | | | | | | | +-- , 99 , {101, 103} , {'xL1JL2J', 'xL2JL8J', 'xL3JL2J', 'xL1JL10J', 'xL3JL4J', 'xL2JL10J', 'xL2JL7J', 'xL3JL10J', 'xL3JL7J', 'xL1JL7J', 'xL3JL6J', 'xL1JL8J', 'xL2JL2J', 'xL3JL5J'}
| | | | | | | | | | | | +-- , 101 , set() , {'xL2JL7J', 'xL1JL7J', 'xL1JL8J', 'xL2JL9J', 'xL3JL11J', 'xL2JL8J', 'xL1JL9J', 'xL1JL10J', 'xL2JL10J', 'xL3JL10J', 'xL2JL11J'}
| | | | | | | | | | | | +-- , 103 , {105} , {'xL1JL7J', 'xL3JL5J', 'xL3JL6J', 'xL1JL2J', 'xL2JL2J', 'xL3JL7J', 'xL3JL2J', 'xL4JL7J', 'xL3JL4J', 'xL2JL7J'}
| | | | | | | | | | | | | +-- , 105 , {107} , {'xL3JL5J', 'xL3JL6J', 'xL1JL2J', 'xL4JL5J', 'xL2JL2J', 'xL3JL2J', 'xL4JL6J', 'xL4JL7J', 'xL3JL4J'}
| | | | | | | | | | | | | | +-- , 107 , {109} , {'xL2JL5J', 'xL1JL5J', 'xL3JL2J', 'xL1JL2J', 'xL2JL2J', 'xL4JL5J', 'xL3JL5J', 'xL3JL4J'}
| | | | | | | | | | | | | | | +-- , 109 , {111} , {'xL2JL5J', 'xL1JL5J', 'xL1JL2J', 'xL2JL2J', 'xL1JL4J', 'xL3JL2J', 'xL2JL4J', 'xL3JL4J'}
| | | | | | | | | | | | | | | | +-- , 111 , set() , {'xL2JL5J', 'xL2JL3J', 'xL1JL5J', 'xL1JL2J', 'xL1JL3J', 'xL2JL4J', 'xL2JL1J', 'xL2JL2J', 'xL1JL4J', 'xL3JL2J', 'xL3JL1J'}


Max number of edges with non zero Y: 5
Max number of iterations of outer rounding loop: 3
Max number of candidate sets: 2
Time spent rounding: 14.183
Time spent solving Separator LP: 0.583
Total time spent solving: 20.932

LP Solver: GaifmanNormal
Lower Bound Witness = ({'xL1JL2J', 'xL3JL2J', 'xL4JL6J', 'xL2JL4J', 'xL1JL10J', 'xL3JL7J', 'xL2JL11J', 'xL1JL7J', 'xL3JL8J', 'xL1JL5J', 'xL1JL8J', 'xL3JL11J', 'xL2JL1J', 'xL1JL3J', 'xL2JL2J', 'xL1JL4J', 'xL4JL5J', 'xL4JL7J', 'xL3JL5J', 'xL2JL3J', 'xL2JL9J', 'xL2JL8J', 'xL1JL9J', 'xL3JL4J', 'xL3JL10J', 'xL2JL7J', 'xL2JL10J', 'xL2JL5J', 'xL3JL6J', 'xL3JL1J'}, {'xL3JL8J', 'xL3JL10J', 'xL3JL6J', 'xL1JL2J', 'xL2JL2J', 'xL3JL2J', 'xL1JL10J', 'xL3JL5J', 'xL3JL4J', 'xL2JL10J', 'xL3JL7J'})