52, 1.3941793386243384, 7.0, 7
+-- , 0 , {88, 3} , {'xL9JL15J', 'xL10JL6J', 'xL2JL10J', 'xL14JL6J', 'xL13JL6J', 'xL9JL14J', 'xL15JL6J', 'xL2JL9J', 'xL12JL6J', 'xL6JL10J', 'xL11JL6J', 'xL9JL12J', 'xL1JL9J', 'xL7JL10J', 'xL9JL13J', 'xL1JL10J'}
| +-- , 88 , {90} , {'xL9JL15J', 'xL3JL10J', 'xL2JL10J', 'xL9JL14J', 'xL2JL9J', 'xL6JL10J', 'xL3JL9J', 'xL1JL9J', 'xL4JL9J', 'xL7JL10J', 'xL4JL10J', 'xL5JL10J', 'xL9JL13J', 'xL1JL10J'}
| | +-- , 90 , {92} , {'xL9JL15J', 'xL5JL15J', 'xL5JL12J', 'xL9JL14J', 'xL5JL13J', 'xL4JL11J', 'xL4JL9J', 'xL5JL11J', 'xL4JL10J', 'xL5JL14J', 'xL5JL10J', 'xL9JL13J'}
| | | +-- , 92 , {106, 94} , {'xL9JL15J', 'xL5JL15J', 'xL6JL13J', 'xL5JL12J', 'xL5JL14J', 'xL7JL13J', 'xL9JL14J', 'xL5JL13J', 'xL9JL13J', 'xL4JL13J'}
| | | | +-- , 106 , {108} , {'xL9JL15J', 'xL8JL13J', 'xL6JL13J', 'xL7JL13J', 'xL9JL14J', 'xL5JL13J', 'xL9JL13J', 'xL4JL13J'}
| | | | | +-- , 108 , {110} , {'xL9JL15J', 'xL9JL14J', 'xL8JL13J', 'xL8JL14J'}
| | | | | | +-- , 110 , set() , {'xL9JL15J', 'xL11JL15J', 'xL10JL14J', 'xL8JL14J', 'xL10JL15J', 'xL11JL14J', 'xL9JL14J'}
| | | | +-- , 94 , {97} , {'xL5JL15J', 'xL6JL13J', 'xL5JL12J', 'xL5JL14J', 'xL7JL13J', 'xL4JL15J', 'xL4JL14J', 'xL4JL13J'}
| | | | | +-- , 97 , {104, 100} , {'xL5JL15J', 'xL3JL15J', 'xL3JL14J', 'xL6JL13J', 'xL5JL12J', 'xL4JL14J', 'xL6JL14J', 'xL4JL15J', 'xL5JL14J', 'xL7JL13J', 'xL2JL14J', 'xL1JL14J', 'xL2JL15J'}
| | | | | | +-- , 104 , set() , {'xL6JL12J', 'xL6JL13J', 'xL5JL12J', 'xL6JL14J', 'xL7JL13J', 'xL7JL12J'}
| | | | | | +-- , 100 , {102} , {'xL2JL13J', 'xL2JL14J', 'xL1JL14J', 'xL2JL15J'}
| | | | | | | +-- , 102 , set() , {'xL1JL14J', 'xL1JL13J', 'xL2JL13J'}
| +-- , 3 , {5} , {'xL9JL6J', 'xL10JL6J', 'xL2JL10J', 'xL14JL6J', 'xL10JL12J', 'xL13JL6J', 'xL15JL6J', 'xL2JL9J', 'xL12JL6J', 'xL6JL10J', 'xL11JL6J', 'xL9JL12J', 'xL1JL9J', 'xL7JL10J', 'xL11JL12J', 'xL1JL10J'}
| | +-- , 5 , {86, 7} , {'xL9JL6J', 'xL10JL6J', 'xL2JL10J', 'xL2JL7J', 'xL14JL6J', 'xL10JL12J', 'xL13JL6J', 'xL15JL6J', 'xL2JL9J', 'xL12JL6J', 'xL6JL10J', 'xL11JL6J', 'xL1JL9J', 'xL7JL10J', 'xL11JL12J', 'xL1JL10J'}
| | | +-- , 86 , set() , {'xL1JL8J', 'xL2JL10J', 'xL1JL9J', 'xL2JL7J', 'xL1JL11J', 'xL2JL9J', 'xL2JL11J', 'xL2JL8J', 'xL1JL10J'}
| | | +-- , 7 , {9} , {'xL9JL6J', 'xL10JL6J', 'xL2JL7J', 'xL14JL6J', 'xL3JL7J', 'xL10JL12J', 'xL13JL6J', 'xL15JL6J', 'xL12JL6J', 'xL6JL10J', 'xL11JL6J', 'xL7JL10J', 'xL4JL7J', 'xL11JL12J'}
| | | | +-- , 9 , {13} , {'xL13JL11J', 'xL9JL6J', 'xL10JL6J', 'xL12JL11J', 'xL14JL6J', 'xL10JL12J', 'xL3JL7J', 'xL11JL10J', 'xL13JL6J', 'xL15JL6J', 'xL12JL6J', 'xL6JL10J', 'xL11JL6J', 'xL10JL11J', 'xL14JL11J', 'xL11JL11J', 'xL7JL10J', 'xL4JL7J', 'xL11JL12J'}
| | | | | +-- , 13 , {15} , {'xL10JL6J', 'xL10JL10J', 'xL10JL12J', 'xL11JL10J', 'xL9JL10J', 'xL15JL6J', 'xL12JL6J', 'xL6JL10J', 'xL13JL10J', 'xL7JL10J', 'xL13JL11J', 'xL9JL6J', 'xL12JL11J', 'xL14JL6J', 'xL3JL7J', 'xL12JL10J', 'xL13JL6J', 'xL10JL9J', 'xL11JL6J', 'xL10JL11J', 'xL14JL11J', 'xL4JL7J'}
| | | | | | +-- , 15 , {17} , {'xL10JL6J', 'xL9JL10J', 'xL15JL6J', 'xL12JL6J', 'xL6JL10J', 'xL13JL10J', 'xL9JL9J', 'xL7JL10J', 'xL8JL9J', 'xL13JL11J', 'xL9JL6J', 'xL12JL11J', 'xL14JL6J', 'xL3JL7J', 'xL12JL10J', 'xL13JL6J', 'xL10JL9J', 'xL11JL6J', 'xL14JL11J', 'xL7JL9J', 'xL4JL7J', 'xL6JL9J'}
| | | | | | | +-- , 17 , {19} , {'xL10JL6J', 'xL9JL10J', 'xL15JL6J', 'xL12JL6J', 'xL13JL10J', 'xL9JL9J', 'xL7JL10J', 'xL8JL9J', 'xL7JL6J', 'xL9JL6J', 'xL13JL11J', 'xL12JL11J', 'xL14JL6J', 'xL3JL7J', 'xL12JL10J', 'xL13JL6J', 'xL7JL7J', 'xL11JL6J', 'xL7JL8J', 'xL14JL11J', 'xL7JL9J', 'xL4JL7J'}
| | | | | | | | +-- , 19 , {21, 76} , {'xL7JL6J', 'xL9JL6J', 'xL13JL11J', 'xL10JL6J', 'xL12JL11J', 'xL14JL6J', 'xL3JL7J', 'xL12JL10J', 'xL13JL6J', 'xL9JL10J', 'xL15JL6J', 'xL12JL6J', 'xL7JL7J', 'xL11JL6J', 'xL7JL8J', 'xL13JL10J', 'xL14JL9J', 'xL14JL11J', 'xL9JL9J', 'xL4JL7J', 'xL8JL9J'}
| | | | | | | | | +-- , 21 , {23} , {'xL7JL6J', 'xL9JL6J', 'xL8JL8J', 'xL10JL6J', 'xL14JL6J', 'xL3JL7J', 'xL13JL6J', 'xL9JL10J', 'xL9JL7J', 'xL12JL6J', 'xL15JL6J', 'xL8JL7J', 'xL7JL7J', 'xL11JL6J', 'xL7JL8J', 'xL14JL9J', 'xL9JL9J', 'xL4JL7J', 'xL8JL9J', 'xL9JL8J'}
| | | | | | | | | | +-- , 23 , {25} , {'xL7JL6J', 'xL10JL7J', 'xL6JL6J', 'xL10JL6J', 'xL3JL6J', 'xL14JL6J', 'xL3JL7J', 'xL13JL6J', 'xL9JL7J', 'xL12JL6J', 'xL15JL6J', 'xL8JL7J', 'xL7JL7J', 'xL5JL6J', 'xL11JL6J', 'xL6JL7J', 'xL14JL9J', 'xL4JL7J', 'xL4JL6J'}
| | | | | | | | | | | +-- , 25 , {27} , {'xL6JL6J', 'xL3JL6J', 'xL14JL6J', 'xL3JL7J', 'xL14JL8J', 'xL6JL5J', 'xL13JL6J', 'xL15JL6J', 'xL12JL6J', 'xL11JL6J', 'xL5JL6J', 'xL14JL9J', 'xL6JL7J', 'xL4JL7J', 'xL14JL5J', 'xL4JL6J', 'xL14JL7J', 'xL6JL4J'}
| | | | | | | | | | | | +-- , 27 , {29, 39} , {'xL11JL4J', 'xL3JL6J', 'xL14JL8J', 'xL3JL7J', 'xL11JL2J', 'xL6JL5J', 'xL13JL6J', 'xL15JL6J', 'xL12JL6J', 'xL11JL6J', 'xL5JL6J', 'xL11JL3J', 'xL4JL7J', 'xL14JL5J', 'xL4JL6J', 'xL14JL7J', 'xL6JL4J', 'xL11JL1J'}
| | | | | | | | | | | | | +-- , 29 , {31} , {'xL11JL4J', 'xL14JL8J', 'xL11JL2J', 'xL13JL6J', 'xL15JL6J', 'xL12JL6J', 'xL11JL5J', 'xL11JL6J', 'xL11JL3J', 'xL14JL5J', 'xL14JL7J', 'xL11JL1J'}
| | | | | | | | | | | | | | +-- , 31 , {33} , {'xL14JL8J', 'xL12JL5J', 'xL14JL7J', 'xL13JL6J', 'xL15JL6J', 'xL12JL6J', 'xL11JL5J', 'xL14JL5J'}
| | | | | | | | | | | | | | | +-- , 33 , {35} , {'xL14JL8J', 'xL12JL5J', 'xL14JL7J', 'xL12JL7J', 'xL13JL6J', 'xL15JL6J', 'xL12JL6J', 'xL14JL5J'}
| | | | | | | | | | | | | | | | +-- , 35 , {37} , {'xL14JL8J', 'xL14JL7J', 'xL15JL7J', 'xL12JL7J', 'xL13JL6J', 'xL13JL7J', 'xL15JL6J', 'xL14JL5J'}
| | | | | | | | | | | | | | | | | +-- , 37 , set() , {'xL15JL5J', 'xL14JL8J', 'xL15JL7J', 'xL15JL8J', 'xL15JL6J', 'xL14JL5J'}
| | | | | | | | | | | | | +-- , 39 , {41, 49} , {'xL11JL4J', 'xL3JL6J', 'xL3JL7J', 'xL11JL2J', 'xL6JL5J', 'xL3JL5J', 'xL5JL6J', 'xL11JL3J', 'xL4JL7J', 'xL4JL6J', 'xL2JL5J', 'xL6JL4J', 'xL11JL1J'}
| | | | | | | | | | | | | | +-- , 41 , {43} , {'xL3JL6J', 'xL2JL3J', 'xL2JL1J', 'xL3JL7J', 'xL3JL4J', 'xL2JL4J', 'xL3JL5J', 'xL2JL5J', 'xL2JL2J'}
| | | | | | | | | | | | | | | +-- , 43 , {45} , {'xL1JL4J', 'xL2JL3J', 'xL2JL1J', 'xL3JL4J', 'xL2JL4J', 'xL2JL2J'}
| | | | | | | | | | | | | | | | +-- , 45 , {47} , {'xL1JL4J', 'xL1JL3J', 'xL2JL3J', 'xL1JL2J', 'xL2JL1J', 'xL2JL2J'}
| | | | | | | | | | | | | | | | | +-- , 47 , set() , {'xL3JL2J', 'xL3JL1J', 'xL1JL2J', 'xL2JL1J', 'xL2JL2J'}
| | | | | | | | | | | | | | +-- , 49 , {51} , {'xL5JL4J', 'xL11JL4J', 'xL11JL2J', 'xL6JL5J', 'xL3JL5J', 'xL5JL6J', 'xL5JL5J', 'xL4JL5J', 'xL11JL3J', 'xL4JL7J', 'xL4JL6J', 'xL2JL5J', 'xL6JL4J', 'xL11JL1J'}
| | | | | | | | | | | | | | | +-- , 51 , {53} , {'xL5JL4J', 'xL11JL4J', 'xL7JL4J', 'xL11JL2J', 'xL11JL3J', 'xL6JL4J', 'xL11JL1J'}
| | | | | | | | | | | | | | | | +-- , 53 , {55} , {'xL11JL4J', 'xL7JL3J', 'xL7JL4J', 'xL11JL2J', 'xL7JL2J', 'xL11JL3J', 'xL7JL1J', 'xL11JL1J'}
| | | | | | | | | | | | | | | | | +-- , 55 , {57, 70} , {'xL11JL4J', 'xL7JL3J', 'xL9JL3J', 'xL10JL3J', 'xL11JL2J', 'xL7JL2J', 'xL11JL3J', 'xL12JL3J', 'xL7JL1J', 'xL11JL1J'}
| | | | | | | | | | | | | | | | | | +-- , 57 , {66, 62} , {'xL11JL4J', 'xL12JL1J', 'xL13JL1J', 'xL14JL1J', 'xL14JL2J', 'xL10JL3J', 'xL9JL3J', 'xL12JL2J', 'xL11JL2J', 'xL10JL2J', 'xL12JL3J', 'xL15JL2J', 'xL11JL1J', 'xL13JL2J'}
| | | | | | | | | | | | | | | | | | | +-- , 66 , {68} , {'xL15JL2J', 'xL14JL1J', 'xL14JL2J', 'xL14JL3J'}
| | | | | | | | | | | | | | | | | | | | +-- , 68 , set() , {'xL14JL3J', 'xL15JL3J', 'xL15JL2J'}
| | | | | | | | | | | | | | | | | | | +-- , 62 , {64} , {'xL11JL4J', 'xL10JL2J', 'xL10JL4J', 'xL10JL3J', 'xL9JL3J'}
| | | | | | | | | | | | | | | | | | | | +-- , 64 , set() , {'xL11JL4J', 'xL9JL3J', 'xL10JL4J', 'xL9JL4J'}
| | | | | | | | | | | | | | | | | | +-- , 70 , {72} , {'xL8JL3J', 'xL7JL3J', 'xL9JL3J', 'xL10JL3J', 'xL7JL2J', 'xL11JL3J', 'xL12JL3J', 'xL7JL1J'}
| | | | | | | | | | | | | | | | | | | +-- , 72 , {74} , {'xL8JL3J', 'xL7JL1J', 'xL7JL2J', 'xL8JL2J'}
| | | | | | | | | | | | | | | | | | | | +-- , 74 , set() , {'xL6JL1J', 'xL5JL2J', 'xL6JL2J', 'xL7JL2J', 'xL8JL2J', 'xL7JL1J', 'xL5JL1J'}
| | | | | | | | | +-- , 76 , {78} , {'xL13JL11J', 'xL12JL9J', 'xL14JL9J', 'xL14JL11J', 'xL12JL11J', 'xL13JL9J', 'xL12JL10J', 'xL13JL10J'}
| | | | | | | | | | +-- , 78 , {80} , {'xL13JL11J', 'xL14JL11J', 'xL13JL9J', 'xL13JL12J', 'xL13JL10J'}
| | | | | | | | | | | +-- , 80 , {82} , {'xL14JL11J', 'xL14JL12J', 'xL14JL13J', 'xL14JL15J', 'xL14JL14J', 'xL13JL12J', 'xL15JL12J'}
| | | | | | | | | | | | +-- , 82 , {84} , {'xL15JL13J', 'xL14JL13J', 'xL14JL15J', 'xL15JL14J', 'xL14JL14J', 'xL15JL12J'}
| | | | | | | | | | | | | +-- , 84 , set() , {'xL13JL15J', 'xL15JL14J', 'xL13JL14J', 'xL14JL14J', 'xL14JL15J'}


Max number of edges with non zero Y: 11
Max number of iterations of outer rounding loop: 3
Max number of candidate sets: 2
Time spent rounding: 22.679
Time spent solving Separator LP: 2.506
Total time spent solving: 32.467

LP Solver: GaifmanNormal
Lower Bound Witness = ({'xL10JL6J', 'xL11JL10J', 'xL7JL2J', 'xL9JL7J', 'xL15JL12J', 'xL1JL2J', 'xL15JL3J', 'xL10JL2J', 'xL6JL4J', 'xL15JL5J', 'xL14JL6J', 'xL13JL7J', 'xL11JL5J', 'xL12JL1J', 'xL14JL11J', 'xL4JL5J', 'xL14JL2J', 'xL6JL2J', 'xL15JL7J', 'xL4JL7J', 'xL2JL4J', 'xL7JL1J', 'xL13JL12J', 'xL9JL8J', 'xL13JL2J', 'xL12JL9J', 'xL3JL2J', 'xL15JL13J', 'xL10JL10J', 'xL10JL3J', 'xL10JL12J', 'xL9JL10J', 'xL15JL8J', 'xL14JL14J', 'xL12JL6J', 'xL13JL10J', 'xL6JL7J', 'xL14JL1J', 'xL11JL11J', 'xL9JL9J', 'xL7JL10J', 'xL10JL4J', 'xL14JL5J', 'xL11JL12J', 'xL13JL9J', 'xL14JL13J', 'xL3JL7J', 'xL15JL14J', 'xL3JL4J', 'xL13JL6J', 'xL7JL7J', 'xL7JL8J', 'xL14JL15J', 'xL14JL9J', 'xL7JL9J', 'xL5JL2J', 'xL4JL6J', 'xL12JL3J', 'xL6JL9J', 'xL9JL4J', 'xL10JL7J', 'xL1JL3J', 'xL6JL10J', 'xL6JL1J', 'xL14JL12J', 'xL13JL14J', 'xL5JL1J', 'xL7JL6J', 'xL9JL6J', 'xL1JL4J', 'xL13JL11J', 'xL8JL8J', 'xL12JL11J', 'xL3JL6J', 'xL14JL3J', 'xL7JL3J', 'xL11JL2J', 'xL6JL5J', 'xL11JL6J', 'xL10JL11J', 'xL13JL1J', 'xL9JL3J', 'xL7JL4J', 'xL15JL2J', 'xL2JL5J', 'xL5JL4J', 'xL6JL6J', 'xL8JL3J', 'xL14JL8J', 'xL12JL2J', 'xL12JL7J', 'xL15JL6J', 'xL8JL7J', 'xL8JL9J', 'xL11JL4J', 'xL2JL3J', 'xL3JL1J', 'xL12JL10J', 'xL8JL2J', 'xL13JL15J', 'xL3JL5J', 'xL10JL9J', 'xL5JL6J', 'xL2JL2J', 'xL5JL5J', 'xL2JL1J', 'xL12JL5J', 'xL11JL3J', 'xL14JL7J', 'xL11JL1J'}, {'xL13JL11J', 'xL9JL6J', 'xL10JL11J', 'xL10JL6J', 'xL12JL11J', 'xL14JL11J', 'xL14JL6J', 'xL11JL11J', 'xL3JL7J', 'xL7JL10J', 'xL4JL7J', 'xL13JL6J', 'xL10JL12J', 'xL15JL6J', 'xL12JL6J', 'xL6JL10J', 'xL11JL6J', 'xL11JL12J'})