18, 1.3854838709677413, 5.0, 5
+-- , 0 , {34, 38, 6, 42, 30} , {'yL2J', 'yL3J', 'xL5J', 'xL2J', 'xL3J', 'xL4J', 'yL0J', 'yL4J', 'yL1J'}
| +-- , 34 , {36} , {'yL20J', 'xL4J'}
| | +-- , 36 , set() , {'yL24J', 'yL20J', 'yL23J', 'yL21J', 'yL22J'}
| +-- , 38 , {40} , {'xL2J', 'yL10J'}
| | +-- , 40 , set() , {'yL13J', 'yL14J', 'yL12J', 'yL11J', 'yL10J'}
| +-- , 6 , {8} , {'xL0J', 'xL5J', 'xL2J', 'xL3J', 'xL4J', 'yL0J'}
| | +-- , 8 , {26, 13} , {'yL32J', 'xL0J', 'xL7J', 'xL5J', 'xL2J', 'yL33J', 'xL3J', 'yL31J', 'yL34J', 'xL4J', 'yL30J'}
| | | +-- , 26 , {28} , {'xL7J', 'yL35J'}
| | | | +-- , 28 , set() , {'yL39J', 'yL36J', 'yL37J', 'yL35J', 'yL38J'}
| | | +-- , 13 , {15} , {'xL0J', 'xL7J', 'xL5J', 'xL3J', 'xL2J', 'xL6J', 'xL4J', 'yL30J'}
| | | | +-- , 15 , {24, 17} , {'xL0J', 'xL7J', 'xL5J', 'xL3J', 'xL2J', 'yL5J', 'xL8J', 'xL4J', 'yL7J', 'yL9J', 'yL8J', 'yL6J', 'xL6J'}
| | | | | +-- , 24 , set() , {'xL0J', 'xL7J', 'yL5J', 'xL3J', 'xL2J', 'xL6J', 'xL5J', 'xL8J', 'xL4J', 'xL1J'}
| | | | | +-- , 17 , {19} , {'xL8J', 'yL40J'}
| | | | | | +-- , 19 , set() , {'yL44J', 'yL40J', 'yL43J', 'yL42J', 'yL41J'}
| +-- , 42 , {44} , {'xL5J', 'yL25J'}
| | +-- , 44 , set() , {'yL26J', 'yL29J', 'yL25J', 'yL28J', 'yL27J'}
| +-- , 30 , {32} , {'xL3J', 'yL15J'}
| | +-- , 32 , set() , {'yL16J', 'yL17J', 'yL15J', 'yL19J', 'yL18J'}


Max number of edges with non zero Y: 22
Max number of iterations of outer rounding loop: 4
Max number of candidate sets: 2
Time spent rounding: 12.919
Time spent solving Separator LP: 0.475

LP Solver: GaifmanBoosted