20, 0, 9.5, 11
+-- , 0 , {48, 5} , {'xL34J', 'xL5J', 'xL8J', 'xL10J', 'xL17J', 'xL24J', 'xL13J', 'xL28J', 'xL38J', 'xL4J', 'xL25J', 'xL33J', 'xL29J', 'xL23J'}
| +-- , 48 , set() , {'xL34J', 'xL11J', 'xL23J'}
| +-- , 5 , {11, 7} , {'xL36J', 'xL5J', 'xL17J', 'xL24J', 'xL13J', 'xL38J', 'xL33J', 'xL23J', 'xL34J', 'xL8J', 'xL10J', 'xL28J', 'xL4J', 'xL29J'}
| | +-- , 11 , {20, 46, 15} , {'xL36J', 'xL22J', 'xL5J', 'xL17J', 'xL24J', 'xL13J', 'xL1J', 'xL33J', 'xL23J', 'xL34J', 'xL8J', 'xL10J', 'xL32J', 'xL28J', 'xL4J', 'xL39J', 'xL29J'}
| | | +-- , 20 , {22} , {'xL36J', 'xL22J', 'xL5J', 'xL17J', 'xL24J', 'xL35J', 'xL1J', 'xL33J', 'xL23J', 'xL34J', 'xL8J', 'xL10J', 'xL32J', 'xL28J', 'xL4J', 'xL29J', 'xL39J'}
| | | | +-- , 22 , {25, 44} , {'xL36J', 'xL22J', 'xL5J', 'xL17J', 'xL24J', 'xL35J', 'xL1J', 'xL23J', 'xL34J', 'xL8J', 'xL7J', 'xL10J', 'xL32J', 'xL9J', 'xL28J', 'xL4J', 'xL29J', 'xL39J', 'xL15J'}
| | | | | +-- , 25 , {28, 38} , {'xL22J', 'xL2J', 'xL5J', 'xL17J', 'xL24J', 'xL35J', 'xL16J', 'xL23J', 'xL34J', 'xL8J', 'xL7J', 'xL10J', 'xL32J', 'xL9J', 'xL28J', 'xL4J', 'xL29J', 'xL39J', 'xL15J'}
| | | | | | +-- , 28 , {34, 30} , {'xL22J', 'xL2J', 'xL5J', 'xL17J', 'xL24J', 'xL35J', 'xL16J', 'xL0J', 'xL23J', 'xL31J', 'xL7J', 'xL10J', 'xL28J', 'xL29J', 'xL39J', 'xL15J'}
| | | | | | | +-- , 34 , {36} , {'xL22J', 'xL2J', 'xL7J', 'xL17J', 'xL28J', 'xL16J', 'xL21J', 'xL0J', 'xL23J'}
| | | | | | | | +-- , 36 , set() , {'xL22J', 'xL19J', 'xL2J', 'xL17J', 'xL16J', 'xL21J'}
| | | | | | | +-- , 30 , {32} , {'xL31J', 'xL7J', 'xL18J', 'xL15J', 'xL35J', 'xL29J', 'xL0J'}
| | | | | | | | +-- , 32 , set() , {'xL18J', 'xL15J', 'xL3J'}
| | | | | | +-- , 38 , {40, 42} , {'xL34J', 'xL2J', 'xL8J', 'xL27J', 'xL32J', 'xL9J', 'xL16J', 'xL4J', 'xL29J', 'xL39J'}
| | | | | | | +-- , 40 , set() , {'xL34J', 'xL30J', 'xL27J', 'xL32J', 'xL16J', 'xL39J'}
| | | | | | | +-- , 42 , set() , {'xL6J', 'xL29J', 'xL27J', 'xL8J'}
| | | | | +-- , 44 , set() , {'xL12J', 'xL7J'}
| | | +-- , 46 , set() , {'xL24J', 'xL37J', 'xL32J'}
| | | +-- , 15 , set() , {'xL26J', 'xL10J', 'xL32J', 'xL1J', 'xL4J'}
| | +-- , 7 , {9} , {'xL36J', 'xL20J', 'xL17J', 'xL13J', 'xL38J', 'xL33J', 'xL23J'}
| | | +-- , 9 , set() , {'xL36J', 'xL20J', 'xL14J', 'xL17J', 'xL33J', 'xL23J'}


Max number of edges with non zero Y: 33
Max number of iterations of outer rounding loop: 10
Max number of candidate sets: 2
Time spent rounding: 44.306
Time spent solving Separator LP: 0.092

LP Solver: gammaPlusFractionalCoverHeuristic