23, 2.809684983890733, 7.5, 8
+-- , 0 , {49, 5, 43, 45} , {'xL22J', 'xL19J', 'xL7J', 'xL18J', 'xL15J', 'xL35J', 'xL1J', 'xL16J', 'xL33J', 'xL39J', 'xL0J', 'xL23J'}
| +-- , 49 , set() , {'xL18J', 'xL15J', 'xL3J'}
| +-- , 5 , {7} , {'xL36J', 'xL22J', 'xL19J', 'xL1J', 'xL16J', 'xL33J', 'xL0J', 'xL23J', 'xL7J', 'xL18J', 'xL39J', 'xL15J'}
| | +-- , 7 , {10} , {'xL36J', 'xL22J', 'xL19J', 'xL2J', 'xL1J', 'xL38J', 'xL16J', 'xL33J', 'xL0J', 'xL23J', 'xL18J', 'xL39J', 'xL15J'}
| | | +-- , 10 , {13} , {'xL36J', 'xL22J', 'xL19J', 'xL2J', 'xL17J', 'xL1J', 'xL38J', 'xL16J', 'xL33J', 'xL0J', 'xL23J', 'xL18J', 'xL29J', 'xL39J'}
| | | | +-- , 13 , {15} , {'xL36J', 'xL22J', 'xL2J', 'xL17J', 'xL1J', 'xL38J', 'xL16J', 'xL33J', 'xL23J', 'xL31J', 'xL18J', 'xL39J', 'xL29J'}
| | | | | +-- , 15 , {17, 39} , {'xL36J', 'xL22J', 'xL26J', 'xL2J', 'xL17J', 'xL13J', 'xL1J', 'xL38J', 'xL16J', 'xL33J', 'xL23J', 'xL31J', 'xL8J', 'xL29J', 'xL39J'}
| | | | | | +-- , 17 , {25, 19} , {'xL36J', 'xL26J', 'xL2J', 'xL17J', 'xL13J', 'xL38J', 'xL16J', 'xL33J', 'xL23J', 'xL31J', 'xL8J', 'xL32J', 'xL29J', 'xL39J'}
| | | | | | | +-- , 25 , {27, 29} , {'xL36J', 'xL26J', 'xL2J', 'xL17J', 'xL13J', 'xL16J', 'xL23J', 'xL34J', 'xL8J', 'xL32J', 'xL29J', 'xL39J'}
| | | | | | | | +-- , 27 , set() , {'xL34J', 'xL11J', 'xL23J'}
| | | | | | | | +-- , 29 , {31} , {'xL36J', 'xL2J', 'xL26J', 'xL13J', 'xL16J', 'xL34J', 'xL8J', 'xL32J', 'xL4J', 'xL29J', 'xL39J'}
| | | | | | | | | +-- , 31 , {33} , {'xL36J', 'xL2J', 'xL16J', 'xL34J', 'xL8J', 'xL32J', 'xL9J', 'xL4J', 'xL29J', 'xL39J'}
| | | | | | | | | | +-- , 33 , {35, 37} , {'xL34J', 'xL2J', 'xL8J', 'xL27J', 'xL32J', 'xL9J', 'xL16J', 'xL4J', 'xL29J', 'xL39J'}
| | | | | | | | | | | +-- , 35 , set() , {'xL34J', 'xL30J', 'xL27J', 'xL32J', 'xL16J', 'xL39J'}
| | | | | | | | | | | +-- , 37 , set() , {'xL6J', 'xL29J', 'xL27J', 'xL8J'}
| | | | | | | +-- , 19 , {21, 23} , {'xL31J', 'xL26J', 'xL8J', 'xL5J', 'xL32J', 'xL13J', 'xL24J', 'xL38J', 'xL33J', 'xL29J'}
| | | | | | | | +-- , 21 , set() , {'xL24J', 'xL37J', 'xL32J'}
| | | | | | | | +-- , 23 , set() , {'xL31J', 'xL26J', 'xL5J', 'xL10J', 'xL38J', 'xL25J', 'xL29J'}
| | | | | | +-- , 39 , {41} , {'xL36J', 'xL20J', 'xL17J', 'xL13J', 'xL38J', 'xL33J', 'xL23J'}
| | | | | | | +-- , 41 , set() , {'xL36J', 'xL20J', 'xL14J', 'xL17J', 'xL33J', 'xL23J'}
| +-- , 43 , set() , {'xL12J', 'xL7J'}
| +-- , 45 , {47} , {'xL19J', 'xL7J', 'xL21J', 'xL0J', 'xL23J'}
| | +-- , 47 , set() , {'xL23J', 'xL28J', 'xL21J'}


Max number of edges with non zero Y: 28
Max number of iterations of outer rounding loop: 7
Max number of candidate sets: 2
Time spent rounding: 32.803
Time spent solving Separator LP: 0.651

LP Solver: GaifmanNormal