14, 0, 7.0, 7
+-- , 7 , {5, 9, 11} , {'15', '19', '5', '23', '13', '29', '34', '43', '22', '7', '0', '2'}
| +-- , 5 , {3, 13, 15} , {'5', '16', '13', '29', '22', '19', '35', '23', '34', '14', '9', '7', '0', '26', '2'}
| | +-- , 3 , {0, 17, 19} , {'5', '16', '13', '3', '32', '29', '11', '22', '19', '35', '34', '27', '14', '9', '7', '0', '26', '4'}
| | | +-- , 0 , {21, 23, 25, 27} , {'45', '5', '16', '13', '29', '32', '11', '20', '24', '38', '19', '35', '25', '34', '14', '27', '9', '31', '0', '26', '4'}
| | | | +-- , 21 , set() , {'45', '46', '24', '19', '35', '25', '34', '14', '9', '31', '26', '6', '5', '16', '29', '20', '38', '44', '27', '30', '4'}
| | | | +-- , 23 , set() , {'41', '45', '13', '32', '11', '24', '47', '35', '34', '14', '18', '1', '17', '31', '26', '16', '20', '38', '0'}
| | | | +-- , 25 , set() , {'13', '33', '14', '27'}
| | | | +-- , 27 , set() , {'8', '12', '25', '34', '39', '31', '24', '38'}
| | | +-- , 17 , set() , {'35', '19', '3', '32', '48'}
| | | +-- , 19 , set() , {'19', '13', '28', '10', '7'}
| | +-- , 13 , set() , {'13', '29', '14', '36', '2'}
| | +-- , 15 , set() , {'16', '42', '0', '26', '2'}
| +-- , 9 , set() , {'5', '19', '40', '29', '43'}
| +-- , 11 , set() , {'15', '21', '34', '43', '22'}


Max number of edges with non zero Y: 17
Max number of iterations of outer rounding loop: 1
Max number of candidate sets: 2
Time spent rounding: 0.472
Time spent solving Separator LP: 0.010
Total time spent solving: 0.868

LP Solver: gammaPlusFractionalCoverHeuristic
Number of Rounding Attemps: 16
Lower Bound Witness = ({'41', '45', '8', '13', '42', '32', '3', '46', '11', '22', '10', '24', '47', '12', '19', '35', '25', '34', '14', '43', '18', '1', '30', '9', '17', '48', '31', '36', '6', '26', '2', '5', '16', '40', '28', '29', '33', '39', '20', '38', '15', '21', '23', '44', '27', '7', '0', '4'}, {'16', '44', '27', '20', '2'})