26, 0, 7.0, 7
+-- , 0 , {5, 45, 47} , {'5', '65', '81', '28', '9', '49', '15', '18', '13', '58', '2', '7', '59', '62', '78', '30', '0', '44'}
| +-- , 5 , {9, 7} , {'65', '5', '32', '9', '8', '49', '14', '83', '15', '37', '18', '13', '2', '59', '78', '30', '0', '44'}
| | +-- , 9 , {11} , {'65', '5', '32', '9', '49', '14', '83', '37', '13', '2', '59', '78', '30', '54', '3', '0'}
| | | +-- , 11 , {43, 14} , {'65', '5', '32', '9', '11', '49', '14', '83', '37', '16', '2', '59', '78', '30', '54', '3', '0'}
| | | | +-- , 43 , set() , {'65', '11', '30', '21'}
| | | | +-- , 14 , {16, 41} , {'5', '11', '32', '9', '49', '14', '83', '37', '16', '17', '2', '51', '59', '78', '30', '54', '3', '0'}
| | | | | +-- , 16 , {35, 19} , {'5', '11', '32', '9', '49', '14', '83', '37', '16', '17', '31', '50', '59', '78', '30', '54', '3', '0'}
| | | | | | +-- , 35 , {37, 39} , {'11', '9', '84', '14', '16', '31', '50', '59', '78', '30', '54', '3', '0'}
| | | | | | | +-- , 37 , set() , {'73', '84', '6', '0'}
| | | | | | | +-- , 39 , set() , {'61', '31', '11', '9', '84', '29', '14', '59', '78', '30', '16', '39', '3'}
| | | | | | +-- , 19 , {21} , {'5', '32', '9', '64', '49', '83', '37', '16', '31', '45', '50', '59', '85', '78', '54', '3', '0'}
| | | | | | | +-- , 21 , {33, 23} , {'5', '32', '9', '49', '83', '26', '16', '31', '50', '59', '85', '78', '54', '37'}
| | | | | | | | +-- , 33 , set() , {'69', '26', '54', '23'}
| | | | | | | | +-- , 23 , {25, 27} , {'43', '5', '32', '9', '49', '83', '26', '16', '31', '50', '59', '85', '52', '67', '78', '53', '37'}
| | | | | | | | | +-- , 25 , set() , {'52', '4', '67', '9'}
| | | | | | | | | +-- , 27 , {29} , {'5', '59', '38', '78', '16', '53'}
| | | | | | | | | | +-- , 29 , {31} , {'38', '78', '53', '59', '66'}
| | | | | | | | | | | +-- , 31 , set() , {'59', '66', '70', '76'}
| | | | | +-- , 41 , set() , {'68', '2', '51', '49', '10', '36', '17'}
| | +-- , 7 , set() , {'2', '32', '46', '44'}
| +-- , 45 , set() , {'33', '28', '30', '9'}
| +-- , 47 , {49} , {'5', '75', '81', '28', '34', '18', '13', '58', '59', '55', '62', '78', '80', '44'}
| | +-- , 49 , {51, 53, 55} , {'48', '75', '81', '20', '42', '5', '63', '56', '22', '27', '62', '78', '58', '80'}
| | | +-- , 51 , set() , {'82', '27', '56'}
| | | +-- , 53 , set() , {'12', '5', '20', '80'}
| | | +-- , 55 , set() , {'35', '20', '78', '27'}


Max number of edges with non zero Y: 28
Max number of iterations of outer rounding loop: 6
Max number of candidate sets: 2
Time spent rounding: 36.121
Time spent solving Separator LP: 0.110
Total time spent solving: 43.104

LP Solver: gammaPlusFractionalCoverHeuristic
Lower Bound Witness = ({'61', '43', '75', '32', '11', '28', '21', '49', '34', '84', '64', '73', '63', '15', '70', '12', '36', '35', '13', '76', '4', '2', '20', '51', '10', '69', '7', '59', '85', '22', '67', '78', '30', '53', '80', '6', '66', '37', '44', '65', '5', '9', '81', '8', '42', '14', '83', '56', '26', '18', '0', '16', '58', '39', '33', '17', '68', '31', '45', '50', '48', '29', '46', '27', '55', '38', '82', '62', '52', '54', '3', '23'}, {'68', '48', '45', '64', '58'})