73, 3.324225910098291, 11.0, 11
+-- , 0 , {129, 3, 139, 109, 111, 115, 121, 123, 125} , {'zL77J', 'zL25J', 'zL67J', 'xL8J', 'zL56J', 'zL2J', 'zL62J', 'xL7J', 'xL1J', 'xL3J', 'zL32J', 'xL6J', 'zL17J', 'zL76J', 'xL9J', 'zL57J', 'zL3J', 'zL1J', 'zL44J', 'zL9J', 'w3'}
| +-- , 129 , {137, 131} , {'zL74J', 'xL1J', 'xL3J', 'zL75J', 'xL6J', 'xL9J', 'xL8J'}
| | +-- , 137 , set() , {'zL75J', 'xL8J', 'w21'}
| | +-- , 131 , {133} , {'zL74J', 'xL1J', 'xL6J', 'zL73J', 'xL9J'}
| | | +-- , 133 , {135} , {'xL1J', 'zL72J', 'zL73J', 'xL6J'}
| | | | +-- , 135 , set() , {'zL72J', 'yL18J', 'xL6J'}
| +-- , 3 , {99, 101, 5, 107} , {'zL26J', 'zL77J', 'zL25J', 'zL67J', 'xL8J', 'zL56J', 'zL2J', 'zL62J', 'zL45J', 'xL7J', 'xL1J', 'xL3J', 'zL32J', 'xL6J', 'zL17J', 'zL76J', 'zL18J', 'xL9J', 'xL0J', 'zL57J', 'zL3J', 'zL1J', 'zL44J', 'zL9J'}
| | +-- , 99 , set() , {'w7', 'xL6J', 'zL19J', 'zL18J', 'xL7J'}
| | +-- , 101 , {103} , {'zL78J', 'xL1J', 'xL0J', 'xL6J', 'zL77J'}
| | | +-- , 103 , {105} , {'zL78J', 'xL1J', 'xL6J', 'zL79J'}
| | | | +-- , 105 , set() , {'w22', 'zL79J', 'xL6J'}
| | +-- , 5 , {97, 7, 89, 93} , {'xL4J', 'zL26J', 'yL19J', 'zL25J', 'zL67J', 'xL8J', 'zL2J', 'zL62J', 'zL45J', 'xL7J', 'xL1J', 'xL3J', 'zL32J', 'xL6J', 'zL76J', 'xL9J', 'xL0J', 'zL3J', 'zL1J', 'zL44J', 'zL9J'}
| | | +-- , 97 , set() , {'zL44J', 'yL11J', 'xL4J'}
| | | +-- , 7 , {9} , {'xL4J', 'zL26J', 'xL8J', 'zL2J', 'yL13J', 'zL62J', 'zL45J', 'zL52J', 'xL7J', 'xL1J', 'xL3J', 'zL32J', 'xL6J', 'xL9J', 'xL0J', 'zL3J', 'zL1J', 'zL9J'}
| | | | +-- , 9 , {11, 87} , {'zL10J', 'xL4J', 'zL26J', 'zL38J', 'xL8J', 'zL2J', 'zL62J', 'zL45J', 'zL52J', 'xL7J', 'xL1J', 'xL3J', 'zL32J', 'xL6J', 'zL9J', 'xL9J', 'xL0J', 'zL46J', 'zL3J', 'zL1J', 'zL39J'}
| | | | | +-- , 11 , {81, 83, 13, 79} , {'zL10J', 'xL4J', 'zL26J', 'zL38J', 'xL8J', 'zL62J', 'zL52J', 'xL7J', 'xL2J', 'xL1J', 'xL3J', 'zL32J', 'xL6J', 'zL47J', 'xL9J', 'xL0J', 'zL46J', 'zL3J', 'zL1J', 'zL2J'}
| | | | | | +-- , 81 , set() , {'yL8J', 'zL32J', 'xL2J'}
| | | | | | +-- , 83 , {85} , {'xL2J', 'xL6J', 'zL1J', 'zL0J'}
| | | | | | | +-- , 85 , set() , {'xL2J', 'yL0J', 'zL0J'}
| | | | | | +-- , 13 , {21, 15} , {'zL10J', 'xL4J', 'zL26J', 'zL38J', 'xL8J', 'zL52J', 'xL7J', 'xL2J', 'xL1J', 'xL3J', 'w16', 'xL6J', 'zL27J', 'zL42J', 'zL47J', 'zL43J', 'xL9J', 'xL0J', 'zL55J', 'zL3J', 'zL2J'}
| | | | | | | +-- , 21 , {33, 67, 39, 77, 49, 51, 23, 59, 61, 63} , {'zL10J', 'xL4J', 'zL38J', 'xL8J', 'zL52J', 'xL7J', 'xL1J', 'xL3J', 'w14', 'xL6J', 'zL27J', 'zL47J', 'zL43J', 'xL9J', 'xL0J', 'zL55J', 'zL3J', 'xL5J', 'zL2J'}
| | | | | | | | +-- , 33 , {35} , {'xL1J', 'xL8J', 'zL37J', 'xL5J', 'zL38J'}
| | | | | | | | | +-- , 35 , {37} , {'xL1J', 'zL37J', 'xL5J', 'zL36J'}
| | | | | | | | | | +-- , 37 , set() , {'xL1J', 'zL36J', 'yL9J'}
| | | | | | | | +-- , 67 , {73, 69} , {'xL1J', 'xL3J', 'zL5J', 'zL6J', 'xL9J', 'xL0J', 'xL5J'}
| | | | | | | | | +-- , 73 , {75} , {'xL1J', 'xL3J', 'zL7J', 'zL6J'}
| | | | | | | | | | +-- , 75 , set() , {'zL7J', 'w4', 'xL3J'}
| | | | | | | | | +-- , 69 , {71} , {'zL5J', 'zL4J', 'xL5J', 'xL9J'}
| | | | | | | | | | +-- , 71 , set() , {'zL4J', 'yL1J', 'xL9J'}
| | | | | | | | +-- , 39 , {41, 45} , {'xL1J', 'xL3J', 'xL9J', 'xL8J', 'zL13J', 'zL14J', 'xL5J'}
| | | | | | | | | +-- , 41 , {43} , {'zL12J', 'xL1J', 'zL13J', 'xL9J'}
| | | | | | | | | | +-- , 43 , set() , {'zL12J', 'yL3J', 'xL9J'}
| | | | | | | | | +-- , 45 , {47} , {'zL15J', 'xL8J', 'xL3J', 'zL14J'}
| | | | | | | | | | +-- , 47 , set() , {'zL15J', 'xL8J', 'w6'}
| | | | | | | | +-- , 77 , set() , {'w9', 'zL27J', 'xL5J'}
| | | | | | | | +-- , 49 , set() , {'zL29J', 'xL6J', 'xL4J', 'yL7J', 'zL30J', 'zL28J', 'xL9J', 'xL0J', 'w10', 'xL5J', 'zL31J'}
| | | | | | | | +-- , 51 , {57, 53} , {'xL1J', 'xL3J', 'zL20J', 'xL0J', 'xL5J', 'zL21J', 'xL7J'}
| | | | | | | | | +-- , 57 , set() , {'zL20J', 'xL1J', 'yL5J'}
| | | | | | | | | +-- , 53 , {55} , {'zL22J', 'xL3J', 'xL0J', 'zL21J', 'xL7J'}
| | | | | | | | | | +-- , 55 , set() , {'zL22J', 'xL3J', 'zL23J', 'w8', 'xL7J'}
| | | | | | | | +-- , 23 , {25, 31} , {'zL71J', 'xL6J', 'xL4J', 'zL70J', 'xL0J', 'xL8J', 'xL5J'}
| | | | | | | | | +-- , 25 , {27} , {'xL8J', 'xL4J', 'zL70J', 'xL5J', 'zL69J'}
| | | | | | | | | | +-- , 27 , {29} , {'zL68J', 'xL8J', 'xL4J', 'zL69J'}
| | | | | | | | | | | +-- , 29 , set() , {'zL68J', 'xL4J', 'yL17J'}
| | | | | | | | | +-- , 31 , set() , {'w20', 'zL71J', 'xL6J'}
| | | | | | | | +-- , 59 , set() , {'xL5J', 'zL43J', 'w13'}
| | | | | | | | +-- , 61 , set() , {'zL53J', 'zL54J', 'xL9J', 'zL55J', 'xL5J', 'zL52J', 'xL7J'}
| | | | | | | | +-- , 63 , {65} , {'zL10J', 'xL6J', 'xL5J', 'zL11J'}
| | | | | | | | | +-- , 65 , set() , {'w5', 'zL11J', 'xL6J'}
| | | | | | | +-- , 15 , {17} , {'xL2J', 'xL1J', 'xL0J', 'zL42J', 'zL41J'}
| | | | | | | | +-- , 17 , {19} , {'xL2J', 'xL0J', 'zL40J', 'zL41J'}
| | | | | | | | | +-- , 19 , set() , {'xL2J', 'yL10J', 'zL40J'}
| | | | | | +-- , 79 , set() , {'xL2J', 'xL1J', 'zL60J', 'yL15J', 'xL9J', 'zL62J', 'zL61J'}
| | | | | +-- , 87 , set() , {'w12', 'xL6J', 'zL39J'}
| | | +-- , 89 , {91} , {'xL3J', 'xL6J', 'xL4J', 'zL64J', 'zL67J', 'xL0J', 'zL65J', 'zL66J'}
| | | | +-- , 91 , set() , {'xL0J', 'zL64J', 'yL16J'}
| | | +-- , 93 , {95} , {'xL8J', 'xL4J', 'zL25J', 'zL24J'}
| | | | +-- , 95 , set() , {'zL24J', 'xL8J', 'yL6J'}
| | +-- , 107 , set() , {'xL1J', 'xL6J', 'w15', 'zL49J', 'yL12J', 'xL9J', 'zL48J', 'xL0J', 'zL50J', 'zL51J', 'xL7J'}
| +-- , 139 , {141} , {'xL1J', 'xL3J', 'zL32J', 'xL6J', 'xL8J', 'zL33J'}
| | +-- , 141 , {143} , {'zL34J', 'xL3J', 'xL8J', 'xL6J', 'zL33J'}
| | | +-- , 143 , {145} , {'zL34J', 'xL3J', 'xL6J', 'zL35J'}
| | | | +-- , 145 , set() , {'zL35J', 'xL6J', 'w11'}
| +-- , 109 , set() , {'zL67J', 'w19', 'xL9J'}
| +-- , 111 , {113} , {'xL8J', 'xL3J', 'zL17J', 'zL16J'}
| | +-- , 113 , set() , {'xL3J', 'yL4J', 'zL16J'}
| +-- , 115 , {117} , {'xL6J', 'zL57J', 'zL58J', 'xL7J', 'xL9J'}
| | +-- , 117 , {119} , {'xL9J', 'xL7J', 'zL59J', 'zL58J'}
| | | +-- , 119 , set() , {'w17', 'zL59J', 'xL9J'}
| +-- , 121 , set() , {'xL3J', 'zL63J', 'w18', 'zL62J', 'xL7J'}
| +-- , 123 , set() , {'yL14J', 'xL3J', 'zL56J'}
| +-- , 125 , {127} , {'xL7J', 'zL9J', 'zL8J', 'xL9J'}
| | +-- , 127 , set() , {'yL2J', 'zL8J', 'xL9J'}


Max number of edges with non zero Y: 34
Max number of iterations of outer rounding loop: 1
Max number of candidate sets: 2
Time spent rounding: 10.430
Time spent solving Separator LP: 13.947
Total time spent solving: 36.231

LP Solver: GaifmanBoosted
Lower Bound Witness = ({'zL70J', 'yL15J', 'zL25J', 'yL5J', 'yL3J', 'yL10J', 'xL6J', 'zL73J', 'zL28J', 'zL41J', 'zL64J', 'zL51J', 'xL5J', 'w12', 'zL22J', 'yL0J', 'zL26J', 'zL77J', 'zL49J', 'yL1J', 'zL35J', 'zL52J', 'zL61J', 'zL5J', 'yL7J', 'zL78J', 'xL0J', 'yL2J', 'zL46J', 'zL1J', 'zL2J', 'w7', 'zL60J', 'zL16J', 'w20', 'zL68J', 'zL33J', 'w19', 'zL17J', 'zL76J', 'zL30J', 'yL18J', 'zL48J', 'zL57J', 'zL4J', 'zL14J', 'zL39J', 'zL53J', 'zL71J', 'w4', 'zL79J', 'zL36J', 'yL16J', 'zL67J', 'w5', 'w6', 'zL66J', 'yL9J', 'zL32J', 'zL29J', 'zL15J', 'zL75J', 'zL47J', 'w17', 'zL0J', 'w18', 'zL55J', 'w8', 'zL31J', 'zL21J', 'zL74J', 'xL4J', 'zL69J', 'xL8J', 'zL23J', 'zL65J', 'zL13J', 'zL45J', 'zL11J', 'xL7J', 'xL2J', 'xL3J', 'yL4J', 'yL12J', 'yL6J', 'xL9J', 'zL34J', 'zL19J', 'zL9J', 'zL24J', 'zL38J', 'zL62J', 'w9', 'zL58J', 'xL1J', 'w16', 'zL43J', 'zL72J', 'w10', 'zL44J', 'zL59J', 'yL14J', 'zL10J', 'yL19J', 'zL6J', 'zL40J', 'w21', 'zL50J', 'zL56J', 'yL13J', 'yL17J', 'zL8J', 'zL27J', 'zL54J', 'zL7J', 'yL11J', 'yL8J', 'zL63J', 'w15', 'zL20J', 'zL37J', 'w11', 'w13', 'zL12J', 'w14', 'zL42J', 'w22', 'zL3J', 'zL18J', 'w3'}, {'zL74J', 'yL14J', 'yL19J', 'zL16J', 'w20', 'w21', 'zL8J', 'w19', 'xL3J', 'zL76J', 'zL27J', 'yL18J', 'yL11J', 'zL57J', 'zL24J', 'zL53J', 'zL26J', 'zL20J', 'zL63J', 'zL77J', 'yL16J', 'w6', 'zL62J', 'yL9J', 'zL12J', 'xL1J', 'zL29J', 'zL32J', 'xL0J', 'zL1J', 'w3'})