11, 0, 5.333333333333333, 7
+-- , 3 , {0, 17, 5, 7} , {'30', '5', '26', '19', '2', '12', '51', '7', '16', '35', '4', '9', '13', '32', '8', '50', '10', '47', '3', '25', '20', '11', '40', '37', '17', '31', '46', '15', '0', '39', '52', '34', '22'}
| +-- , 0 , {19, 21} , {'30', '5', '26', '18', '19', '2', '12', '51', '7', '16', '35', '4', '9', '13', '8', '50', '10', '47', '3', '6', '25', '11', '40', '37', '17', '33', '31', '46', '15', '0', '38', '52', '34', '22'}
| | +-- , 19 , set() , {'33', '5', '46', '9', '25', '11', '14', '17', '50'}
| | +-- , 21 , set() , {'26', '18', '19', '2', '7', '16', '35', '9', '13', '8', '50', '10', '3', '6', '11', '36', '40', '37', '17', '33', '31', '46', '15', '0', '23', '44', '38', '52', '22'}
| +-- , 17 , set() , {'10', '51', '3', '31', '35', '46', '15', '25', '19', '1', '39', '34', '17', '22', '8'}
| +-- , 5 , set() , {'51', '3', '31', '7', '4', '0', '25', '45', '43', '39', '40', '48', '32', '17', '2', '8'}
| +-- , 7 , {9, 11, 13, 15} , {'47', '5', '26', '25', '42', '20', '19', '40', '37', '17', '2', '12', '51', '27', '31', '35', '4', '9', '15', '0', '39', '32', '8', '50'}
| | +-- , 9 , set() , {'47', '51', '27', '35', '26', '15', '42', '21', '32', '8'}
| | +-- , 11 , set() , {'51', '27', '5', '4', '29', '15', '19', '39', '2', '8'}
| | +-- , 13 , set() , {'27', '9', '0', '42', '20', '28', '24', '40', '12', '50'}
| | +-- , 15 , set() , {'5', '31', '25', '42', '40', '39', '49', '37', '17'}


Max number of edges with non zero Y: 14
Max number of iterations of outer rounding loop: 1
Max number of candidate sets: 2
Time spent rounding: 0.147
Time spent solving Separator LP: 0.006
Total time spent solving: 0.400

LP Solver: gammaPlusFractionalCoverHeuristic
Number of Rounding Attemps: 8
Lower Bound Witness = ({'30', '5', '26', '18', '19', '43', '2', '12', '51', '27', '7', '16', '35', '4', '9', '13', '28', '45', '14', '32', '8', '50', '10', '47', '3', '6', '25', '42', '20', '11', '24', '36', '40', '37', '17', '33', '31', '46', '15', '0', '29', '23', '21', '44', '38', '1', '39', '52', '48', '49', '34', '22'}, {'47', '26', '15', '44', '45'})