49, 0, 8.0, 8
+-- , 0 , {97, 3, 69, 71, 7, 11, 75, 89, 92} , {'xL78J', 'xL58J', 'xL22J', 'xL46J', 'xL65J', 'xL59J', 'xL79J', 'xL16J', 'xL68J'}
| +-- , 97 , set() , {'xL62J', 'xL48J'}
| +-- , 3 , {5} , {'xL58J', 'xL59J', 'xL26J', 'xL79J'}
| | +-- , 5 , set() , {'xL26J', 'xL57J'}
| +-- , 69 , set() , {'xL68J', 'xL35J'}
| +-- , 71 , {73} , {'xL58J', 'xL36J', 'xL22J', 'xL60J', 'xL16J'}
| | +-- , 73 , set() , {'xL45J', 'xL36J'}
| +-- , 7 , {9} , {'xL78J', 'xL58J', 'xL67J', 'xL22J', 'xL47J', 'xL65J', 'xL59J', 'xL79J', 'xL16J', 'xL68J'}
| | +-- , 9 , set() , {'xL67J', 'xL63J', 'xL68J', 'xL47J'}
| +-- , 11 , {13} , {'xL58J', 'xL64J', 'xL46J', 'xL43J', 'xL65J', 'xL79J', 'xL16J', 'xL68J', 'xL10J', 'xL22J'}
| | +-- , 13 , {15} , {'xL58J', 'xL64J', 'xL46J', 'xL43J', 'xL32J', 'xL79J', 'xL16J', 'xL68J', 'xL10J', 'xL22J', 'xL54J'}
| | | +-- , 15 , {17, 67} , {'xL58J', 'xL53J', 'xL64J', 'xL14J', 'xL22J', 'xL50J', 'xL46J', 'xL43J', 'xL54J', 'xL32J', 'xL79J', 'xL68J', 'xL10J'}
| | | | +-- , 17 , {19} , {'xL58J', 'xL64J', 'xL14J', 'xL50J', 'xL46J', 'xL43J', 'xL77J', 'xL32J', 'xL79J', 'xL10J', 'xL53J', 'xL22J', 'xL38J', 'xL54J'}
| | | | | +-- , 19 , {21, 61, 63} , {'xL53J', 'xL64J', 'xL41J', 'xL22J', 'xL50J', 'xL46J', 'xL52J', 'xL43J', 'xL38J', 'xL54J', 'xL77J', 'xL32J', 'xL79J', 'xL10J'}
| | | | | | +-- , 21 , {57, 23} , {'xL64J', 'xL50J', 'xL46J', 'xL43J', 'xL77J', 'xL32J', 'xL79J', 'xL10J', 'xL53J', 'xL41J', 'xL22J', 'xL38J', 'xL8J', 'xL54J'}
| | | | | | | +-- , 57 , {59} , {'xL64J', 'xL8J', 'xL37J'}
| | | | | | | | +-- , 59 , set() , {'xL8J', 'xL24J', 'xL37J'}
| | | | | | | +-- , 23 , {25} , {'xL50J', 'xL46J', 'xL15J', 'xL33J', 'xL43J', 'xL77J', 'xL32J', 'xL79J', 'xL53J', 'xL41J', 'xL22J', 'xL38J', 'xL8J', 'xL54J'}
| | | | | | | | +-- , 25 , {49, 27} , {'xL50J', 'xL46J', 'xL15J', 'xL33J', 'xL43J', 'xL79J', 'xL53J', 'xL25J', 'xL41J', 'xL38J', 'xL54J', 'xL18J'}
| | | | | | | | | +-- , 49 , {51} , {'xL25J', 'xL31J', 'xL15J'}
| | | | | | | | | | +-- , 51 , {53} , {'xL31J', 'xL44J', 'xL15J'}
| | | | | | | | | | | +-- , 53 , {55} , {'xL0J', 'xL44J'}
| | | | | | | | | | | | +-- , 55 , set() , {'xL0J', 'xL13J'}
| | | | | | | | | +-- , 27 , {45, 43, 29} , {'xL53J', 'xL41J', 'xL79J', 'xL50J', 'xL46J', 'xL15J', 'xL7J', 'xL33J', 'xL43J', 'xL38J', 'xL54J', 'xL3J', 'xL21J', 'xL18J'}
| | | | | | | | | | +-- , 45 , {47} , {'xL38J', 'xL72J', 'xL3J', 'xL15J'}
| | | | | | | | | | | +-- , 47 , set() , {'xL3J', 'xL15J', 'xL72J', 'xL49J'}
| | | | | | | | | | +-- , 43 , set() , {'xL11J', 'xL3J', 'xL43J'}
| | | | | | | | | | +-- , 29 , {41, 31} , {'xL53J', 'xL19J', 'xL46J', 'xL7J', 'xL54J', 'xL21J'}
| | | | | | | | | | | +-- , 41 , set() , {'xL19J', 'xL71J'}
| | | | | | | | | | | +-- , 31 , {33, 39} , {'xL40J', 'xL54J', 'xL19J', 'xL46J', 'xL7J'}
| | | | | | | | | | | | +-- , 33 , {35} , {'xL39J', 'xL40J', 'xL19J', 'xL46J', 'xL7J'}
| | | | | | | | | | | | | +-- , 35 , {37} , {'xL19J', 'xL74J', 'xL39J'}
| | | | | | | | | | | | | | +-- , 37 , set() , {'xL74J', 'xL27J'}
| | | | | | | | | | | | +-- , 39 , set() , {'xL40J', 'xL1J'}
| | | | | | +-- , 61 , set() , {'xL52J', 'xL6J', 'xL41J'}
| | | | | | +-- , 63 , {65} , {'xL5J', 'xL41J'}
| | | | | | | +-- , 65 , set() , {'xL2J', 'xL5J'}
| | | | +-- , 67 , set() , {'xL75J', 'xL14J'}
| +-- , 75 , {77} , {'xL46J', 'xL73J'}
| | +-- , 77 , {79, 87} , {'xL73J', 'xL69J'}
| | | +-- , 79 , {81, 83} , {'xL42J', 'xL69J'}
| | | | +-- , 81 , set() , {'xL42J', 'xL61J'}
| | | | +-- , 83 , {85} , {'xL34J', 'xL42J'}
| | | | | +-- , 85 , set() , {'xL34J', 'xL20J'}
| | | +-- , 87 , set() , {'xL69J', 'xL66J'}
| +-- , 89 , {91} , {'xL76J', 'xL65J'}
| | +-- , 91 , set() , {'xL56J', 'xL76J'}
| +-- , 92 , {96} , {'xL51J', 'xL23J'}
| | +-- , 96 , set() , {'xL70J', 'xL51J'}


Max number of edges with non zero Y: 40
Max number of iterations of outer rounding loop: 3
Max number of candidate sets: 2
Time spent rounding: 6.486
Time spent solving Separator LP: 0.048
Total time spent solving: 11.166

LP Solver: gammaPlusFractionalCoverHeuristic
Lower Bound Witness = ({'xL78J', 'xL11J', 'xL64J', 'xL67J', 'xL37J', 'xL50J', 'xL39J', 'xL71J', 'xL15J', 'xL61J', 'xL43J', 'xL24J', 'xL65J', 'xL59J', 'xL77J', 'xL40J', 'xL72J', 'xL13J', 'xL20J', 'xL53J', 'xL25J', 'xL60J', 'xL7J', 'xL47J', 'xL38J', 'xL74J', 'xL8J', 'xL54J', 'xL69J', 'xL34J', 'xL6J', 'xL58J', 'xL44J', 'xL14J', 'xL36J', 'xL27J', 'xL46J', 'xL31J', 'xL56J', 'xL33J', 'xL1J', 'xL32J', 'xL79J', 'xL3J', 'xL16J', 'xL68J', 'xL10J', 'xL42J', 'xL75J', 'xL41J', 'xL57J', 'xL22J', 'xL19J', 'xL5J', 'xL52J', 'xL49J', 'xL35J', 'xL45J', 'xL76J', 'xL0J', 'xL63J', 'xL73J', 'xL26J', 'xL2J', 'xL21J', 'xL18J', 'xL66J'}, {'xL41J', 'xL36J', 'xL46J', 'xL77J', 'xL18J'})