15, 2.972576858677959, 9.5, 10
+-- , 0 , {33, 35, 8, 31} , {'xL28J', 'xL32J', 'xL16J', 'xL29J', 'xL17J', 'xL1J', 'xL37J', 'xL39J', 'xL18J', 'xL34J', 'xL35J', 'xL11J', 'xL23J', 'xL38J', 'xL4J', 'xL31J', 'xL2J', 'xL7J'}
| +-- , 33 , set() , {'xL35J', 'xL16J', 'xL17J', 'xL3J', 'xL39J'}
| +-- , 35 , set() , {'xL1J', 'xL30J'}
| +-- , 8 , {10} , {'xL28J', 'xL32J', 'xL16J', 'xL29J', 'xL17J', 'xL1J', 'xL37J', 'xL39J', 'xL9J', 'xL18J', 'xL34J', 'xL11J', 'xL23J', 'xL4J', 'xL38J', 'xL31J', 'xL2J', 'xL7J'}
| | +-- , 10 , {13, 19, 29, 23} , {'xL28J', 'xL32J', 'xL16J', 'xL29J', 'xL17J', 'xL1J', 'xL37J', 'xL8J', 'xL39J', 'xL9J', 'xL18J', 'xL34J', 'xL11J', 'xL23J', 'xL4J', 'xL38J', 'xL31J', 'xL19J', 'xL7J'}
| | | +-- , 13 , {17, 15} , {'xL28J', 'xL32J', 'xL16J', 'xL29J', 'xL17J', 'xL31J', 'xL19J', 'xL39J', 'xL6J', 'xL37J', 'xL8J', 'xL0J', 'xL9J', 'xL34J'}
| | | | +-- , 17 , set() , {'xL28J', 'xL5J', 'xL6J', 'xL8J', 'xL0J'}
| | | | +-- , 15 , set() , {'xL32J', 'xL16J', 'xL22J', 'xL39J', 'xL0J'}
| | | +-- , 19 , {21} , {'xL27J', 'xL28J', 'xL23J', 'xL38J', 'xL31J', 'xL19J', 'xL13J', 'xL12J', 'xL25J', 'xL37J', 'xL8J', 'xL39J', 'xL11J'}
| | | | +-- , 21 , set() , {'xL14J', 'xL25J'}
| | | +-- , 29 , set() , {'xL37J', 'xL8J', 'xL15J', 'xL7J'}
| | | +-- , 23 , {25} , {'xL28J', 'xL21J', 'xL16J', 'xL29J', 'xL1J', 'xL20J', 'xL8J', 'xL18J', 'xL11J', 'xL36J', 'xL4J', 'xL38J', 'xL7J', 'xL24J'}
| | | | +-- , 25 , {27} , {'xL4J', 'xL1J', 'xL33J', 'xL20J', 'xL8J', 'xL18J'}
| | | | | +-- , 27 , set() , {'xL10J', 'xL18J', 'xL33J', 'xL1J'}
| +-- , 31 , set() , {'xL37J', 'xL34J', 'xL35J', 'xL26J'}


Max number of edges with non zero Y: 37
Max number of iterations of outer rounding loop: 5
Max number of candidate sets: 2
Time spent rounding: 48.432
Time spent solving Separator LP: 1.499

LP Solver: GaifmanBoosted