18, 2.9921565611633776, 9.0, 9
+-- , 0 , {41, 3} , {'xL1J', 'xL25J', 'xL8J', 'xL9J', 'xL11J', 'xL27J', 'xL35J', 'xL23J', 'xL5J', 'xL19J', 'xL2J', 'xL3J', 'xL30J'}
| +-- , 41 , set() , {'xL14J', 'xL25J'}
| +-- , 3 , {8} , {'xL1J', 'xL12J', 'xL25J', 'xL6J', 'xL8J', 'xL9J', 'xL11J', 'xL35J', 'xL27J', 'xL23J', 'xL5J', 'xL38J', 'xL19J', 'xL13J', 'xL2J', 'xL3J'}
| | +-- , 8 , {11, 39} , {'xL12J', 'xL1J', 'xL25J', 'xL6J', 'xL37J', 'xL8J', 'xL9J', 'xL34J', 'xL27J', 'xL35J', 'xL11J', 'xL23J', 'xL38J', 'xL5J', 'xL31J', 'xL19J', 'xL2J', 'xL3J'}
| | | +-- , 11 , {14} , {'xL28J', 'xL12J', 'xL1J', 'xL6J', 'xL37J', 'xL8J', 'xL9J', 'xL34J', 'xL35J', 'xL11J', 'xL23J', 'xL5J', 'xL38J', 'xL31J', 'xL19J', 'xL2J', 'xL3J', 'xL0J'}
| | | | +-- , 14 , {16} , {'xL28J', 'xL12J', 'xL1J', 'xL6J', 'xL37J', 'xL8J', 'xL39J', 'xL9J', 'xL34J', 'xL35J', 'xL11J', 'xL23J', 'xL38J', 'xL31J', 'xL19J', 'xL2J', 'xL3J', 'xL0J'}
| | | | | +-- , 16 , {18} , {'xL28J', 'xL22J', 'xL1J', 'xL6J', 'xL37J', 'xL8J', 'xL39J', 'xL9J', 'xL34J', 'xL35J', 'xL11J', 'xL36J', 'xL23J', 'xL38J', 'xL19J', 'xL2J', 'xL3J', 'xL0J'}
| | | | | | +-- , 18 , {20} , {'xL28J', 'xL32J', 'xL22J', 'xL1J', 'xL6J', 'xL37J', 'xL8J', 'xL9J', 'xL34J', 'xL35J', 'xL11J', 'xL36J', 'xL23J', 'xL38J', 'xL19J', 'xL2J', 'xL3J'}
| | | | | | | +-- , 20 , {22} , {'xL28J', 'xL32J', 'xL22J', 'xL29J', 'xL1J', 'xL6J', 'xL37J', 'xL8J', 'xL9J', 'xL11J', 'xL35J', 'xL36J', 'xL23J', 'xL38J', 'xL19J', 'xL2J', 'xL3J'}
| | | | | | | | +-- , 22 , {25} , {'xL28J', 'xL32J', 'xL16J', 'xL22J', 'xL29J', 'xL1J', 'xL6J', 'xL37J', 'xL8J', 'xL9J', 'xL11J', 'xL35J', 'xL36J', 'xL23J', 'xL38J', 'xL19J', 'xL3J', 'xL24J'}
| | | | | | | | | +-- , 25 , {35, 37, 27} , {'xL28J', 'xL32J', 'xL21J', 'xL16J', 'xL29J', 'xL1J', 'xL33J', 'xL6J', 'xL37J', 'xL8J', 'xL9J', 'xL11J', 'xL35J', 'xL36J', 'xL23J', 'xL19J', 'xL3J', 'xL24J'}
| | | | | | | | | | +-- , 35 , set() , {'xL35J', 'xL10J', 'xL23J', 'xL29J', 'xL19J', 'xL1J', 'xL33J', 'xL9J', 'xL18J'}
| | | | | | | | | | +-- , 37 , set() , {'xL35J', 'xL21J', 'xL4J', 'xL29J', 'xL33J'}
| | | | | | | | | | +-- , 27 , {33, 29, 31} , {'xL28J', 'xL32J', 'xL21J', 'xL16J', 'xL33J', 'xL6J', 'xL37J', 'xL8J', 'xL11J', 'xL36J', 'xL7J', 'xL3J', 'xL24J'}
| | | | | | | | | | | +-- , 33 , set() , {'xL7J', 'xL32J', 'xL28J', 'xL17J', 'xL6J', 'xL3J', 'xL8J'}
| | | | | | | | | | | +-- , 29 , set() , {'xL37J', 'xL8J', 'xL15J', 'xL7J'}
| | | | | | | | | | | +-- , 31 , set() , {'xL36J', 'xL21J', 'xL16J', 'xL33J', 'xL7J', 'xL20J', 'xL24J'}
| | | +-- , 39 , set() , {'xL37J', 'xL34J', 'xL35J', 'xL26J'}


Max number of edges with non zero Y: 39
Max number of iterations of outer rounding loop: 5
Max number of candidate sets: 2
Time spent rounding: 62.611
Time spent solving Separator LP: 2.542

LP Solver: GaifmanBoosted