12, 2.1453845219397607, 6.0, 6
+-- , 0 , {27, 6} , {'xL23J', 'xL15J', 'xL22J', 'xL13J', 'xL16J', 'xL18J', 'xL3J', 'xL5J', 'xL2J', 'xL21J'}
| +-- , 27 , set() , {'xL18J', 'xL16J', 'xL7J', 'xL3J'}
| +-- , 6 , {8} , {'xL3J', 'xL23J', 'xL18J', 'xL5J', 'xL15J', 'xL22J', 'xL13J', 'xL10J', 'xL2J', 'xL21J'}
| | +-- , 8 , {10} , {'xL23J', 'xL15J', 'xL13J', 'xL8J', 'xL3J', 'xL18J', 'xL11J', 'xL10J', 'xL2J', 'xL21J'}
| | | +-- , 10 , {13, 23} , {'xL12J', 'xL8J', 'xL3J', 'xL23J', 'xL17J', 'xL18J', 'xL15J', 'xL11J', 'xL10J', 'xL2J', 'xL21J'}
| | | | +-- , 13 , {19, 21, 15} , {'xL12J', 'xL3J', 'xL23J', 'xL18J', 'xL17J', 'xL15J', 'xL4J', 'xL11J', 'xL10J', 'xL2J', 'xL21J', 'xL1J'}
| | | | | +-- , 19 , set() , {'xL18J', 'xL14J', 'xL3J', 'xL15J', 'xL2J', 'xL4J'}
| | | | | +-- , 21 , set() , {'xL12J', 'xL23J', 'xL20J', 'xL11J', 'xL4J', 'xL21J'}
| | | | | +-- , 15 , {17} , {'xL6J', 'xL18J', 'xL15J', 'xL24J', 'xL11J', 'xL2J', 'xL4J', 'xL1J'}
| | | | | | +-- , 17 , set() , {'xL0J', 'xL6J', 'xL2J'}
| | | | +-- , 23 , {25} , {'xL19J', 'xL8J', 'xL2J', 'xL17J'}
| | | | | +-- , 25 , set() , {'xL17J', 'xL19J', 'xL9J', 'xL2J'}


Max number of edges with non zero Y: 16
Max number of iterations of outer rounding loop: 6
Max number of candidate sets: 2
Time spent rounding: 30.760
Time spent solving Separator LP: 0.654
Total time spent solving: 35.528

LP Solver: GaifmanNormal
Lower Bound Witness = ({'xL6J', 'xL17J', 'xL19J', 'xL22J', 'xL24J', 'xL1J', 'xL0J', 'xL8J', 'xL18J', 'xL14J', 'xL20J', 'xL5J', 'xL2J', 'xL12J', 'xL23J', 'xL15J', 'xL13J', 'xL9J', 'xL16J', 'xL3J', 'xL11J', 'xL10J', 'xL4J', 'xL21J', 'xL7J'}, {'xL12J', 'xL16J', 'xL3J', 'xL23J', 'xL18J', 'xL20J', 'xL17J', 'xL5J', 'xL22J', 'xL11J', 'xL13J', 'xL10J', 'xL4J', 'xL21J', 'xL7J', 'xL24J'})