23, 2.510206318352114, 6.5, 7
+-- , 0 , {49, 51, 5, 45, 47} , {'xL12J', 'xL8J', 'xL11J', 'xL16J', 'xL22J', 'xL3J', 'xL21J', 'xL20J', 'xL5J', 'xL17J', 'xL9J', 'xL37J'}
| +-- , 49 , set() , {'xL3J', 'xL13J'}
| +-- , 51 , set() , {'xL12J', 'xL27J', 'xL37J'}
| +-- , 5 , {9, 43} , {'xL12J', 'xL33J', 'xL3J', 'xL2J', 'xL20J', 'xL5J', 'xL8J', 'xL11J', 'xL22J', 'xL21J', 'xL17J', 'xL9J', 'xL16J'}
| | +-- , 9 , {39, 41, 13} , {'xL12J', 'xL33J', 'xL3J', 'xL2J', 'xL20J', 'xL5J', 'xL19J', 'xL8J', 'xL11J', 'xL22J', 'xL21J', 'xL7J', 'xL16J'}
| | | +-- , 39 , set() , {'xL7J', 'xL35J', 'xL20J', 'xL5J'}
| | | +-- , 41 , set() , {'xL7J', 'xL14J'}
| | | +-- , 13 , {15} , {'xL12J', 'xL33J', 'xL3J', 'xL2J', 'xL20J', 'xL5J', 'xL19J', 'xL36J', 'xL8J', 'xL21J', 'xL7J', 'xL16J'}
| | | | +-- , 15 , {17, 21} , {'xL25J', 'xL12J', 'xL33J', 'xL3J', 'xL2J', 'xL20J', 'xL5J', 'xL36J', 'xL8J', 'xL21J', 'xL7J', 'xL16J'}
| | | | | +-- , 17 , {19} , {'xL25J', 'xL36J', 'xL38J', 'xL12J', 'xL4J', 'xL30J', 'xL20J', 'xL16J'}
| | | | | | +-- , 19 , set() , {'xL38J', 'xL34J', 'xL16J'}
| | | | | +-- , 21 , {23} , {'xL25J', 'xL33J', 'xL3J', 'xL2J', 'xL5J', 'xL8J', 'xL39J', 'xL21J', 'xL7J', 'xL16J'}
| | | | | | +-- , 23 , {25} , {'xL25J', 'xL33J', 'xL2J', 'xL5J', 'xL8J', 'xL28J', 'xL39J', 'xL21J', 'xL7J', 'xL16J'}
| | | | | | | +-- , 25 , {27} , {'xL25J', 'xL33J', 'xL2J', 'xL5J', 'xL8J', 'xL28J', 'xL39J', 'xL21J', 'xL1J', 'xL16J'}
| | | | | | | | +-- , 27 , {29} , {'xL25J', 'xL33J', 'xL2J', 'xL5J', 'xL18J', 'xL8J', 'xL28J', 'xL21J', 'xL1J', 'xL16J'}
| | | | | | | | | +-- , 29 , {31} , {'xL25J', 'xL8J', 'xL0J', 'xL28J', 'xL33J', 'xL2J', 'xL21J', 'xL5J', 'xL1J', 'xL18J'}
| | | | | | | | | | +-- , 31 , {33, 35} , {'xL25J', 'xL0J', 'xL28J', 'xL15J', 'xL33J', 'xL2J', 'xL29J', 'xL5J', 'xL1J', 'xL18J'}
| | | | | | | | | | | +-- , 33 , set() , {'xL29J', 'xL31J'}
| | | | | | | | | | | +-- , 35 , {37} , {'xL24J', 'xL2J', 'xL0J', 'xL29J', 'xL32J', 'xL15J', 'xL18J'}
| | | | | | | | | | | | +-- , 37 , set() , {'xL24J', 'xL6J'}
| | +-- , 43 , set() , {'xL12J', 'xL26J', 'xL3J', 'xL2J', 'xL21J'}
| +-- , 45 , set() , {'xL22J', 'xL8J', 'xL5J', 'xL10J'}
| +-- , 47 , set() , {'xL17J', 'xL23J'}


Max number of edges with non zero Y: 31
Max number of iterations of outer rounding loop: 6
Max number of candidate sets: 2
Time spent rounding: 19.488
Time spent solving Separator LP: 0.623

LP Solver: GaifmanBoosted