11, 0, 7.5, 8
+-- , 0 , {24, 3} , {'xL13J', 'xL19J', 'xL6J', 'xL5J', 'xL24J', 'xL22J', 'xL17J', 'xL3J', 'xL20J', 'xL2J', 'xL15J'}
| +-- , 24 , set() , {'xL19J', 'xL6J', 'xL5J', 'xL11J', 'xL22J', 'xL20J', 'xL15J'}
| +-- , 3 , {6} , {'xL13J', 'xL19J', 'xL24J', 'xL17J', 'xL16J', 'xL12J', 'xL3J', 'xL10J', 'xL2J', 'xL15J', 'xL6J', 'xL5J', 'xL20J'}
| | +-- , 6 , {10, 22} , {'xL13J', 'xL19J', 'xL14J', 'xL17J', 'xL16J', 'xL12J', 'xL3J', 'xL10J', 'xL2J', 'xL15J', 'xL6J', 'xL5J', 'xL0J', 'xL20J', 'xL4J'}
| | | +-- , 10 , {20, 12} , {'xL19J', 'xL13J', 'xL14J', 'xL7J', 'xL17J', 'xL16J', 'xL3J', 'xL10J', 'xL2J', 'xL5J', 'xL0J', 'xL12J', 'xL4J'}
| | | | +-- , 20 , set() , {'xL9J', 'xL14J', 'xL7J', 'xL3J', 'xL4J'}
| | | | +-- , 12 , {18, 14} , {'xL19J', 'xL13J', 'xL14J', 'xL7J', 'xL17J', 'xL16J', 'xL10J', 'xL2J', 'xL5J', 'xL21J', 'xL0J', 'xL12J'}
| | | | | +-- , 18 , set() , {'xL13J', 'xL23J', 'xL14J', 'xL21J', 'xL12J'}
| | | | | +-- , 14 , {16} , {'xL19J', 'xL10J', 'xL5J', 'xL14J', 'xL7J', 'xL21J', 'xL8J', 'xL17J', 'xL16J', 'xL0J', 'xL12J', 'xL2J'}
| | | | | | +-- , 16 , set() , {'xL18J', 'xL14J', 'xL21J', 'xL8J', 'xL16J', 'xL0J'}
| | | +-- , 22 , set() , {'xL1J', 'xL5J', 'xL16J', 'xL0J', 'xL10J'}


Max number of edges with non zero Y: 23
Max number of iterations of outer rounding loop: 6
Max number of candidate sets: 2
Time spent rounding: 29.186
Time spent solving Separator LP: 0.056
Total time spent solving: 33.225

LP Solver: gammaPlusFractionalCoverHeuristic
Lower Bound Witness = ({'xL19J', 'xL18J', 'xL7J', 'xL22J', 'xL17J', 'xL16J', 'xL10J', 'xL6J', 'xL23J', 'xL5J', 'xL0J', 'xL20J', 'xL12J', 'xL13J', 'xL9J', 'xL14J', 'xL24J', 'xL8J', 'xL1J', 'xL3J', 'xL2J', 'xL15J', 'xL21J', 'xL11J', 'xL4J'}, {'xL14J', 'xL22J', 'xL3J', 'xL20J', 'xL15J'})