63, 2.4237646867602693, 7.5, 8
+-- , 0 , {146, 34, 36, 40, 9, 142} , {'G38', 'G31', 'G13', 'G52', 'G50', 'G46', 'G12', 'G25', 'G10', 'G14', 'G130', 'G45', 'G11'}
| +-- , 146 , set() , {'G10', 'G29', 'G130'}
| +-- , 34 , set() , {'G38', 'G36', 'G35', 'G34', 'G46', 'G12', 'G37', 'G10', 'G130', 'G45', 'G11'}
| +-- , 36 , {38} , {'G38', 'G31', 'G46', 'G33', 'G10', 'G130', 'G11'}
| | +-- , 38 , set() , {'G31', 'G30', 'G33', 'G10', 'G32', 'G130', 'G11'}
| +-- , 40 , {130, 132, 44} , {'G13', 'G116', 'G80', 'G10', 'G96', 'G14', 'G11', 'G68', 'G12', 'G79', 'G108', 'G130'}
| | +-- , 130 , set() , {'G81', 'G13', 'G116', 'G12', 'G80', 'G79', 'G108'}
| | +-- , 132 , {134} , {'G115', 'G14', 'G113', 'G116'}
| | | +-- , 134 , {136} , {'G115', 'G114', 'G14', 'G113'}
| | | | +-- , 136 , {138} , {'G21', 'G114', 'G113'}
| | | | | +-- , 138 , {140} , {'I238', 'G21'}
| | | | | | +-- , 140 , set() , {'I238', 'G133'}
| | +-- , 44 , {122, 46} , {'G101', 'G83', 'G103', 'G13', 'G10', 'G14', 'G96', 'G11', 'G68', 'G69', 'G12', 'G79', 'G70', 'G108', 'G130'}
| | | +-- , 122 , {128, 124} , {'G101', 'G18', 'G103', 'G69', 'G12', 'G100', 'G99', 'G14'}
| | | | +-- , 128 , set() , {'G98', 'G18', 'G101', 'G100'}
| | | | +-- , 124 , {126} , {'G18', 'I210'}
| | | | | +-- , 126 , set() , {'I210', 'G117'}
| | | +-- , 46 , {48} , {'G78', 'G83', 'G103', 'G13', 'G10', 'G96', 'G14', 'G76', 'G11', 'G12', 'G108', 'G130'}
| | | | +-- , 48 , {118, 54} , {'G83', 'G78', 'G20', 'G103', 'G13', 'G71', 'G72', 'G10', 'G73', 'G14', 'G96', 'G11', 'G12', 'G109', 'G108', 'G130'}
| | | | | +-- , 118 , {120} , {'I235', 'G20'}
| | | | | | +-- , 120 , set() , {'I235', 'G132'}
| | | | | +-- , 54 , {66, 99, 105, 107, 62} , {'G59', 'G83', 'G20', 'G78', 'G103', 'G13', 'G71', 'G72', 'G10', 'G96', 'G14', 'G11', 'G130', 'G112', 'G61', 'G60', 'G12', 'G109', 'G108', 'G22'}
| | | | | | +-- , 66 , {68, 86, 95} , {'G78', 'G83', 'G20', 'G103', 'G13', 'G71', 'G77', 'G72', 'G96', 'G14', 'G11', 'G112', 'G91', 'G19', 'G12', 'G108'}
| | | | | | | +-- , 68 , {76, 70} , {'G84', 'G78', 'G83', 'G103', 'G13', 'G71', 'G77', 'G14', 'G96', 'G11', 'G82', 'G91', 'G19', 'G12', 'G108'}
| | | | | | | | +-- , 76 , {82, 78} , {'G91', 'G84', 'G83', 'G13', 'G85', 'G108', 'G17', 'G96', 'G97'}
| | | | | | | | | +-- , 82 , {84} , {'I158', 'G17'}
| | | | | | | | | | +-- , 84 , set() , {'I158', 'G67'}
| | | | | | | | | +-- , 78 , {80} , {'G95', 'G94', 'G13', 'G92', 'G17', 'G96', 'G97'}
| | | | | | | | | | +-- , 80 , set() , {'G93', 'G17', 'G94', 'G13'}
| | | | | | | | +-- , 70 , {72, 74} , {'G82', 'G91', 'G78', 'G19', 'G103', 'G77', 'G12', 'G108', 'G105', 'G14'}
| | | | | | | | | +-- , 72 , set() , {'G82', 'G91', 'G19', 'G103', 'G12', 'G75', 'G74', 'G105', 'G108', 'G104', 'G14'}
| | | | | | | | | +-- , 74 , set() , {'G106', 'G78', 'G19', 'G77', 'G102', 'G105'}
| | | | | | | +-- , 86 , {89} , {'G91', 'G112', 'G90', 'G89', 'G103', 'G96', 'G88', 'G14', 'G86'}
| | | | | | | | +-- , 89 , {91} , {'G14', 'G88', 'G87', 'G86', 'G16'}
| | | | | | | | | +-- , 91 , {93} , {'G16', 'I155'}
| | | | | | | | | | +-- , 93 , set() , {'G66', 'I155'}
| | | | | | | +-- , 95 , {97} , {'G19', 'I213'}
| | | | | | | | +-- , 97 , set() , {'G118', 'I213'}
| | | | | | +-- , 99 , {101} , {'G59', 'G58', 'G54', 'G63', 'G112', 'G62', 'G61', 'G60', 'G56', 'G22', 'G65', 'G130', 'G57', 'G11'}
| | | | | | | +-- , 101 , {103} , {'G58', 'G63', 'G65', 'G64', 'G56'}
| | | | | | | | +-- , 103 , set() , {'G64', 'G56', 'G15'}
| | | | | | +-- , 105 , set() , {'G61', 'G55', 'G14', 'G13'}
| | | | | | +-- , 107 , {110} , {'G22', 'G123', 'G119', 'G122', 'G130'}
| | | | | | | +-- , 110 , {112, 114} , {'G124', 'G123', 'G122', 'G22'}
| | | | | | | | +-- , 112 , set() , {'G124', 'G120', 'G121', 'G122', 'G22'}
| | | | | | | | +-- , 114 , {116} , {'G124', 'I221'}
| | | | | | | | | +-- , 116 , set() , {'G2', 'I221'}
| | | | | | +-- , 62 , {64} , {'G111', 'G112', 'G110', 'G20', 'G109', 'G108', 'G10'}
| | | | | | | +-- , 64 , set() , {'G111', 'G107', 'G110', 'G20'}
| +-- , 9 , {12, 20} , {'G129', 'G125', 'G52', 'G46', 'G13', 'G10', 'G14', 'G45', 'G11', 'G38', 'G25', 'G50', 'G12', 'G51', 'G128', 'G130'}
| | +-- , 12 , {14} , {'G51', 'G23', 'G128', 'G129', 'G125'}
| | | +-- , 14 , {16} , {'G127', 'G23', 'G128', 'G131', 'G129', 'G126'}
| | | | +-- , 16 , {18} , {'G131', 'I232'}
| | | | | +-- , 18 , set() , {'G1', 'I232'}
| | +-- , 20 , {22} , {'G52', 'G13', 'G46', 'G10', 'G14', 'G45', 'G11', 'G38', 'G50', 'G12', 'G51', 'G27', 'G25', 'G130', 'G28'}
| | | +-- , 22 , {32, 24} , {'G13', 'G52', 'G53', 'G46', 'G10', 'G28', 'G14', 'G45', 'G11', 'G38', 'G50', 'G12', 'G51', 'G25', 'G27'}
| | | | +-- , 32 , set() , {'G26', 'G53', 'G50', 'G27', 'G28'}
| | | | +-- , 24 , {26} , {'G52', 'G13', 'G53', 'G46', 'G10', 'G14', 'G45', 'G44', 'G11', 'G38', 'G48', 'G50', 'G12', 'G51', 'G25', 'G28', 'G49'}
| | | | | +-- , 26 , {28} , {'G13', 'G46', 'G10', 'G45', 'G11', 'G38', 'G48', 'G50', 'G47', 'G12', 'G25', 'G28'}
| | | | | | +-- , 28 , {30} , {'G40', 'G13', 'G46', 'G10', 'G45', 'G11', 'G38', 'G43', 'G50', 'G47', 'G12', 'G25', 'G28', 'G24'}
| | | | | | | +-- , 30 , set() , {'G40', 'G43', 'G13', 'G12', 'G39', 'G41', 'G10', 'G42', 'G11'}
| +-- , 142 , {144} , {'G130', 'I229'}
| | +-- , 144 , set() , {'I229', 'G0'}


Max number of edges with non zero Y: 22
Max number of iterations of outer rounding loop: 6
Max number of candidate sets: 2
Time spent rounding: 44.144
Time spent solving Separator LP: 6.373
Total time spent solving: 61.490

LP Solver: GaifmanBoosted
Lower Bound Witness = ({'G40', 'G65', 'G23', 'G74', 'G72', 'G10', 'G36', 'G89', 'G30', 'G69', 'G100', 'G102', 'G17', 'G83', 'G105', 'G35', 'G112', 'G91', 'G67', 'G61', 'G43', 'I213', 'G108', 'G128', 'G22', 'G130', 'G28', 'G55', 'I232', 'G20', 'G64', 'G81', 'G94', 'G53', 'G52', 'G77', 'G80', 'G98', 'G38', 'G120', 'G132', 'G117', 'G19', 'G87', 'G60', 'G109', 'G33', 'G39', 'G79', 'G70', 'G113', 'G58', 'G59', 'I158', 'G123', 'G95', 'G78', 'G13', 'G56', 'G0', 'G99', 'G96', 'G111', 'G31', 'G133', 'G34', 'I221', 'G51', 'I229', 'G85', 'G25', 'G49', 'G126', 'G62', 'G90', 'G103', 'G129', 'G122', 'G92', 'G71', 'G41', 'G11', 'G48', 'G50', 'G68', 'G47', 'G118', 'G29', 'G131', 'G97', 'G21', 'G42', 'G16', 'G15', 'G124', 'G18', 'G46', 'G116', 'G107', 'G37', 'G88', 'G14', 'G106', 'G1', 'G54', 'G127', 'G93', 'G66', 'G86', 'G63', 'G101', 'G125', 'G73', 'G104', 'I238', 'G76', 'G121', 'I235', 'G57', 'G24', 'G27', 'G110', 'G84', 'G26', 'G2', 'G75', 'G114', 'G119', 'G45', 'G44', 'G115', 'G82', 'I155', 'G12', 'G32', 'I210'}, {'G26', 'G44', 'G129', 'G87', 'G68', 'I213', 'G53', 'G51', 'G80', 'G41', 'G85', 'G37', 'G86', 'G16'})