30, 2.1097824281680784, 4.0, 4
+-- , 0 , {33, 3} , {'xL7JL9J', 'xL6JL7J', 'xL4JL7J', 'xL5JL7J', 'xL2JL5J', 'xL4JL6J', 'xL6JL9J'}
| +-- , 33 , {35} , {'xL7JL9J', 'xL8JL9J', 'xL4JL7J', 'xL4JL5J', 'xL2JL5J', 'xL4JL6J', 'xL3JL5J', 'xL4JL4J', 'xL6JL9J'}
| | +-- , 35 , {59, 37} , {'xL8JL8J', 'xL8JL9J', 'xL8JL7J', 'xL3JL2J', 'xL5JL4J', 'xL8JL6J', 'xL6JL4J', 'xL3JL4J', 'xL3JL5J', 'xL4JL4J', 'xL3JL3J'}
| | | +-- , 59 , {61} , {'xL3JL2J', 'xL2JL3J', 'xL3JL3J'}
| | | | +-- , 61 , {63} , {'xL3JL2J', 'xL2JL2J', 'xL1JL2J', 'xL2JL1J', 'xL2JL3J'}
| | | | | +-- , 63 , set() , {'xL1JL1J', 'xL2JL1J', 'xL1JL2J'}
| | | +-- , 37 , {41, 51} , {'xL8JL8J', 'xL8JL3J', 'xL9JL3J', 'xL6JL1J', 'xL5JL4J', 'xL7JL3J', 'xL8JL6J', 'xL6JL4J', 'xL6JL3J', 'xL6JL2J', 'xL8JL7J', 'xL5JL3J'}
| | | | +-- , 41 , {43} , {'xL8JL8J', 'xL6JL5J', 'xL6JL2J', 'xL6JL1J', 'xL8JL7J', 'xL8JL6J', 'xL6JL4J', 'xL6JL3J'}
| | | | | +-- , 43 , {45} , {'xL8JL8J', 'xL6JL5J', 'xL8JL7J', 'xL7JL5J', 'xL8JL6J'}
| | | | | | +-- , 45 , {47} , {'xL8JL8J', 'xL8JL7J', 'xL7JL5J', 'xL8JL6J', 'xL7JL6J'}
| | | | | | | +-- , 47 , {49} , {'xL8JL8J', 'xL8JL6J', 'xL7JL6J', 'xL9JL6J', 'xL8JL7J'}
| | | | | | | | +-- , 49 , set() , {'xL9JL8J', 'xL8JL8J', 'xL9JL6J', 'xL8JL7J', 'xL9JL7J'}
| | | | +-- , 51 , {53} , {'xL8JL3J', 'xL6JL2J', 'xL9JL3J', 'xL6JL1J', 'xL5JL4J', 'xL7JL3J', 'xL5JL3J', 'xL5JL2J'}
| | | | | +-- , 53 , {55} , {'xL8JL3J', 'xL7JL1J', 'xL8JL2J', 'xL6JL2J', 'xL9JL3J', 'xL6JL1J', 'xL7JL3J', 'xL5JL2J', 'xL7JL2J'}
| | | | | | +-- , 55 , {57} , {'xL8JL4J', 'xL8JL3J', 'xL8JL2J', 'xL9JL3J'}
| | | | | | | +-- , 57 , set() , {'xL9JL4J', 'xL9JL3J', 'xL8JL4J'}
| +-- , 3 , {5} , {'xL7JL9J', 'xL6JL7J', 'xL5JL6J', 'xL5JL7J', 'xL2JL5J', 'xL4JL6J', 'xL6JL9J'}
| | +-- , 5 , {7} , {'xL5JL6J', 'xL7JL9J', 'xL6JL7J', 'xL5JL8J', 'xL5JL7J', 'xL6JL10J', 'xL2JL5J', 'xL6JL9J', 'xL6JL8J'}
| | | +-- , 7 , {9, 27} , {'xL7JL12J', 'xL2JL7J', 'xL7JL9J', 'xL2JL8J', 'xL5JL10J', 'xL4JL10J', 'xL6JL10J', 'xL2JL5J', 'xL2JL6J', 'xL7JL11J', 'xL7JL10J'}
| | | | +-- , 9 , {19, 12} , {'xL2JL7J', 'xL4JL11J', 'xL4JL9J', 'xL4JL13J', 'xL5JL12J', 'xL2JL8J', 'xL5JL10J', 'xL4JL10J', 'xL5JL11J', 'xL2JL6J', 'xL4JL12J'}
| | | | | +-- , 19 , {21} , {'xL2JL7J', 'xL4JL9J', 'xL2JL8J', 'xL3JL9J', 'xL2JL6J'}
| | | | | | +-- , 21 , {23} , {'xL2JL7J', 'xL3JL8J', 'xL3JL9J', 'xL2JL8J', 'xL2JL6J'}
| | | | | | | +-- , 23 , {25} , {'xL2JL7J', 'xL3JL8J', 'xL2JL6J', 'xL1JL8J', 'xL2JL8J'}
| | | | | | | | +-- , 25 , set() , {'xL2JL7J', 'xL1JL7J', 'xL1JL8J', 'xL2JL6J', 'xL1JL6J'}
| | | | | +-- , 12 , {15} , {'xL4JL11J', 'xL4JL13J', 'xL5JL12J', 'xL3JL12J', 'xL5JL11J', 'xL4JL12J', 'xL3JL11J', 'xL3JL13J'}
| | | | | | +-- , 15 , {17} , {'xL4JL11J', 'xL2JL12J', 'xL5JL12J', 'xL3JL12J', 'xL5JL11J', 'xL1JL11J', 'xL2JL11J', 'xL4JL12J', 'xL3JL11J'}
| | | | | | | +-- , 17 , set() , {'xL1JL10J', 'xL2JL12J', 'xL1JL11J', 'xL2JL11J', 'xL2JL10J'}
| | | | +-- , 27 , {29} , {'xL7JL12J', 'xL7JL11J', 'xL8JL11J'}
| | | | | +-- , 29 , {31} , {'xL7JL12J', 'xL9JL12J', 'xL8JL12J', 'xL8JL13J', 'xL8JL11J'}
| | | | | | +-- , 31 , set() , {'xL9JL12J', 'xL9JL13J', 'xL8JL13J'}


Max number of edges with non zero Y: 17
Max number of iterations of outer rounding loop: 5
Max number of candidate sets: 2
Time spent rounding: 9.482
Time spent solving Separator LP: 0.585
Total time spent solving: 13.306

LP Solver: GaifmanBoosted
Lower Bound Witness = ({'xL9JL8J', 'xL2JL1J', 'xL2JL5J', 'xL5JL4J', 'xL5JL11J', 'xL8JL6J', 'xL2JL6J', 'xL4JL12J', 'xL6JL3J', 'xL6JL8J', 'xL8JL4J', 'xL3JL8J', 'xL9JL4J', 'xL7JL6J', 'xL9JL12J', 'xL2JL10J', 'xL1JL7J', 'xL6JL5J', 'xL9JL3J', 'xL6JL1J', 'xL6JL4J', 'xL5JL2J', 'xL3JL11J', 'xL2JL7J', 'xL7JL9J', 'xL8JL2J', 'xL2JL3J', 'xL3JL2J', 'xL1JL11J', 'xL2JL11J', 'xL3JL13J', 'xL5JL8J', 'xL2JL2J', 'xL5JL3J', 'xL7JL3J', 'xL7JL2J', 'xL3JL4J', 'xL3JL5J', 'xL3JL3J', 'xL7JL1J', 'xL1JL8J', 'xL2JL12J', 'xL8JL3J', 'xL8JL12J', 'xL4JL13J', 'xL9JL6J', 'xL5JL7J', 'xL4JL6J', 'xL4JL7J', 'xL6JL2J', 'xL2JL8J', 'xL7JL10J', 'xL8JL11J', 'xL8JL8J', 'xL8JL9J', 'xL9JL13J', 'xL5JL10J', 'xL7JL5J', 'xL9JL7J', 'xL5JL12J', 'xL3JL12J', 'xL3JL9J', 'xL1JL6J', 'xL1JL10J', 'xL4JL9J', 'xL8JL7J', 'xL4JL10J', 'xL1JL2J', 'xL5JL6J', 'xL6JL7J', 'xL7JL12J', 'xL4JL5J', 'xL1JL1J', 'xL6JL10J', 'xL7JL11J', 'xL4JL4J', 'xL8JL13J', 'xL4JL11J', 'xL6JL9J'}, {'xL7JL1J', 'xL6JL7J', 'xL3JL8J', 'xL1JL7J', 'xL8JL12J', 'xL2JL1J', 'xL8JL7J', 'xL3JL2J', 'xL5JL4J', 'xL1JL1J', 'xL2JL6J', 'xL4JL6J', 'xL5JL2J', 'xL3JL5J', 'xL8JL11J'})