32, 2.999998636425674, 5.0, 5
+-- , 0 , {3, 24, 63} , {'xL2JL7J', 'xL7JL9J', 'xL2JL8J', 'xL4JL10J', 'xL6JL10J', 'xL2JL6J', 'xL7JL10J'}
| +-- , 3 , {5} , {'xL2JL7J', 'xL2JL8J', 'xL5JL10J', 'xL4JL10J', 'xL6JL10J', 'xL2JL6J', 'xL7JL10J'}
| | +-- , 5 , {7, 22} , {'xL2JL7J', 'xL1JL8J', 'xL2JL8J', 'xL5JL10J', 'xL4JL10J', 'xL2JL6J'}
| | | +-- , 7 , {9} , {'xL4JL10J', 'xL3JL8J', 'xL1JL8J', 'xL2JL8J', 'xL5JL10J'}
| | | | +-- , 9 , {11} , {'xL4JL10J', 'xL3JL8J', 'xL3JL9J', 'xL5JL10J'}
| | | | | +-- , 11 , {13} , {'xL4JL10J', 'xL4JL9J', 'xL3JL9J', 'xL5JL10J'}
| | | | | | +-- , 13 , {15} , {'xL4JL11J', 'xL4JL9J', 'xL4JL13J', 'xL5JL12J', 'xL5JL10J', 'xL4JL10J', 'xL5JL11J', 'xL4JL12J'}
| | | | | | | +-- , 15 , {18, 20} , {'xL1JL10J', 'xL4JL11J', 'xL4JL13J', 'xL5JL12J', 'xL2JL12J', 'xL5JL11J', 'xL1JL11J', 'xL4JL12J', 'xL3JL11J'}
| | | | | | | | +-- , 18 , set() , {'xL4JL13J', 'xL2JL12J', 'xL5JL12J', 'xL3JL12J', 'xL4JL12J', 'xL3JL11J', 'xL3JL13J'}
| | | | | | | | +-- , 20 , set() , {'xL1JL10J', 'xL4JL11J', 'xL2JL12J', 'xL5JL11J', 'xL1JL11J', 'xL2JL11J', 'xL2JL10J', 'xL3JL11J'}
| | | +-- , 22 , set() , {'xL2JL7J', 'xL1JL7J', 'xL1JL8J', 'xL2JL6J', 'xL1JL6J'}
| +-- , 24 , {26} , {'xL2JL7J', 'xL7JL9J', 'xL8JL9J', 'xL2JL8J', 'xL2JL5J', 'xL6JL10J', 'xL2JL6J', 'xL6JL9J'}
| | +-- , 26 , {28} , {'xL6JL7J', 'xL8JL9J', 'xL4JL5J', 'xL2JL5J', 'xL6JL10J', 'xL3JL5J', 'xL6JL9J', 'xL6JL8J'}
| | | +-- , 28 , {30} , {'xL8JL8J', 'xL6JL7J', 'xL8JL9J', 'xL8JL7J', 'xL4JL5J', 'xL8JL6J', 'xL3JL5J', 'xL6JL8J'}
| | | | +-- , 30 , {32, 55, 59} , {'xL8JL8J', 'xL6JL7J', 'xL4JL7J', 'xL8JL7J', 'xL4JL5J', 'xL8JL6J', 'xL4JL6J', 'xL7JL6J', 'xL3JL5J', 'xL6JL8J'}
| | | | | +-- , 32 , {34} , {'xL4JL7J', 'xL4JL5J', 'xL7JL5J', 'xL4JL6J', 'xL7JL6J', 'xL3JL5J', 'xL4JL4J'}
| | | | | | +-- , 34 , {43, 36} , {'xL6JL5J', 'xL3JL2J', 'xL5JL4J', 'xL7JL5J', 'xL6JL4J', 'xL3JL4J', 'xL3JL5J', 'xL4JL4J', 'xL3JL3J'}
| | | | | | | +-- , 43 , {45} , {'xL6JL5J', 'xL6JL2J', 'xL6JL1J', 'xL5JL4J', 'xL6JL4J', 'xL6JL3J'}
| | | | | | | | +-- , 45 , {47} , {'xL6JL2J', 'xL6JL1J', 'xL5JL4J', 'xL5JL3J', 'xL5JL2J', 'xL6JL3J'}
| | | | | | | | | +-- , 47 , {51, 53} , {'xL8JL4J', 'xL8JL3J', 'xL8JL2J', 'xL6JL2J', 'xL6JL1J', 'xL9JL3J', 'xL5JL3J', 'xL5JL2J', 'xL6JL3J'}
| | | | | | | | | | +-- , 51 , set() , {'xL9JL4J', 'xL9JL3J', 'xL8JL4J'}
| | | | | | | | | | +-- , 53 , set() , {'xL8JL3J', 'xL7JL1J', 'xL8JL2J', 'xL6JL2J', 'xL9JL3J', 'xL6JL1J', 'xL7JL3J', 'xL5JL3J', 'xL5JL2J', 'xL7JL2J', 'xL6JL3J'}
| | | | | | | +-- , 36 , {39} , {'xL3JL2J', 'xL2JL2J', 'xL1JL2J', 'xL2JL3J', 'xL3JL3J'}
| | | | | | | | +-- , 39 , {41} , {'xL2JL2J', 'xL1JL2J', 'xL2JL1J', 'xL2JL3J'}
| | | | | | | | | +-- , 41 , set() , {'xL1JL1J', 'xL2JL1J', 'xL1JL2J'}
| | | | | +-- , 55 , {57} , {'xL5JL6J', 'xL6JL7J', 'xL4JL7J', 'xL4JL6J', 'xL6JL8J'}
| | | | | | +-- , 57 , set() , {'xL5JL6J', 'xL6JL7J', 'xL4JL7J', 'xL5JL8J', 'xL5JL7J', 'xL6JL8J'}
| | | | | +-- , 59 , {61} , {'xL8JL8J', 'xL8JL6J', 'xL7JL6J', 'xL9JL6J', 'xL8JL7J'}
| | | | | | +-- , 61 , set() , {'xL9JL8J', 'xL8JL8J', 'xL9JL6J', 'xL8JL7J', 'xL9JL7J'}
| +-- , 63 , {65} , {'xL7JL9J', 'xL7JL12J', 'xL7JL11J', 'xL7JL10J'}
| | +-- , 65 , {68} , {'xL7JL12J', 'xL7JL11J', 'xL8JL12J', 'xL9JL12J', 'xL8JL11J'}
| | | +-- , 68 , set() , {'xL8JL12J', 'xL9JL13J', 'xL9JL12J', 'xL8JL13J', 'xL8JL11J'}


Max number of edges with non zero Y: 3
Max number of iterations of outer rounding loop: 0
Max number of candidate sets: 0
Time spent rounding: 0.000
Time spent solving Separator LP: 12.281
Total time spent solving: 13.794

LP Solver: GaifmanNormalILP
Lower Bound Witness = ({'xL9JL8J', 'xL2JL1J', 'xL2JL5J', 'xL5JL4J', 'xL5JL11J', 'xL8JL6J', 'xL2JL6J', 'xL4JL12J', 'xL6JL3J', 'xL6JL8J', 'xL8JL4J', 'xL3JL8J', 'xL9JL4J', 'xL7JL6J', 'xL9JL12J', 'xL2JL10J', 'xL1JL7J', 'xL6JL5J', 'xL9JL3J', 'xL6JL1J', 'xL6JL4J', 'xL5JL2J', 'xL3JL11J', 'xL2JL7J', 'xL7JL9J', 'xL8JL2J', 'xL2JL3J', 'xL3JL2J', 'xL1JL11J', 'xL2JL11J', 'xL3JL13J', 'xL5JL8J', 'xL2JL2J', 'xL5JL3J', 'xL7JL3J', 'xL7JL2J', 'xL3JL4J', 'xL3JL5J', 'xL3JL3J', 'xL7JL1J', 'xL1JL8J', 'xL2JL12J', 'xL8JL3J', 'xL8JL12J', 'xL4JL13J', 'xL9JL6J', 'xL5JL7J', 'xL4JL6J', 'xL4JL7J', 'xL6JL2J', 'xL2JL8J', 'xL7JL10J', 'xL8JL11J', 'xL8JL8J', 'xL8JL9J', 'xL9JL13J', 'xL5JL10J', 'xL7JL5J', 'xL9JL7J', 'xL5JL12J', 'xL3JL12J', 'xL3JL9J', 'xL1JL6J', 'xL1JL10J', 'xL4JL9J', 'xL8JL7J', 'xL4JL10J', 'xL1JL2J', 'xL5JL6J', 'xL6JL7J', 'xL7JL12J', 'xL4JL5J', 'xL1JL1J', 'xL6JL10J', 'xL7JL11J', 'xL4JL4J', 'xL8JL13J', 'xL4JL11J', 'xL6JL9J'}, {'xL8JL2J', 'xL1JL7J', 'xL2JL2J', 'xL6JL2J', 'xL1JL10J', 'xL6JL1J', 'xL2JL8J', 'xL3JL12J', 'xL6JL10J', 'xL1JL11J', 'xL9JL7J', 'xL6JL4J', 'xL7JL11J', 'xL4JL12J'})