13, 0, 6.0, 8
+-- , 0 , {20, 5, 22, 24, 26, 28} , {'37', '31', '32', '39', '17', '46', '23', '41', '21', '16', '33', '8', '22', '48', '49', '6', '20', '18', '0', '28', '50', '3', '27', '51', '54', '1', '47', '30', '45', '7', '29', '9', '40', '36'}
| +-- , 20 , set() , {'48', '31', '50', '6', '39', '49', '17', '47', '18', '51', '15', '54', '36'}
| +-- , 5 , {8, 18} , {'37', '31', '32', '39', '17', '23', '21', '16', '8', '33', '22', '48', '6', '10', '20', '18', '0', '28', '5', '50', '3', '27', '51', '1', '47', '7', '29', '9', '46', '36'}
| | +-- , 8 , {10} , {'37', '31', '32', '39', '23', '21', '16', '8', '33', '22', '48', '6', '10', '20', '0', '28', '5', '50', '3', '27', '51', '34', '1', '47', '7', '29', '9', '46', '36'}
| | | +-- , 10 , {16, 12} , {'28', '37', '5', '31', '32', '39', '23', '50', '3', '27', '51', '21', '16', '8', '33', '22', '48', '34', '1', '47', '7', '10', '20', '29', '0', '46', '35', '36'}
| | | | +-- , 16 , set() , {'5', '25', '39', '20', '27', '0', '22', '35', '46'}
| | | | +-- , 12 , {14} , {'28', '37', '5', '53', '31', '32', '50', '23', '3', '2', '27', '12', '51', '21', '16', '8', '33', '4', '48', '34', '1', '47', '7', '10', '29', '24', '35', '36'}
| | | | | +-- , 14 , set() , {'48', '34', '1', '47', '2', '13', '51', '4'}
| | +-- , 18 , set() , {'5', '23', '17', '3', '29', '18', '10', '14', '22'}
| +-- , 22 , set() , {'28', '31', '23', '45', '42', '18', '27', '40'}
| +-- , 24 , set() , {'48', '39', '6', '30', '45', '17', '51', '52'}
| +-- , 26 , set() , {'37', '48', '49', '45', '7', '38', '20', '41', '29'}
| +-- , 28 , set() , {'37', '32', '39', '41', '26', '16', '22', '44', '18', '0', '28', '50', '3', '36', '27', '51', '54', '1', '47', '30', '7', '19', '9', '40', '46'}


Max number of edges with non zero Y: 17
Max number of iterations of outer rounding loop: 7
Max number of candidate sets: 2
Time spent rounding: 6.192
Time spent solving Separator LP: 0.021

LP Solver: gammaPlusFractionalCoverHeuristic