14, 2.3321216491427474, 5.666666666666667, 7
+-- , 0 , {32, 3} , {'5', '39', '50', '2', '27', '51', '26', '4', '22', '48', '25', '34', '1', '47', '7', '20', '0', '9', '46', '35'}
| +-- , 32 , set() , {'48', '34', '1', '47', '2', '13', '51', '4'}
| +-- , 3 , {7} , {'39', '26', '16', '4', '8', '22', '48', '20', '0', '5', '53', '50', '3', '2', '27', '51', '34', '1', '47', '7', '24', '9', '46', '35'}
| | +-- , 7 , {11} , {'31', '39', '32', '26', '16', '8', '22', '48', '6', '20', '0', '5', '53', '50', '3', '2', '27', '51', '34', '1', '47', '7', '29', '24', '9', '46', '35', '36'}
| | | +-- , 11 , {14} , {'37', '31', '32', '39', '17', '23', '26', '16', '8', '22', '48', '6', '20', '18', '0', '5', '53', '50', '3', '2', '27', '51', '34', '1', '47', '7', '29', '24', '46', '35', '36'}
| | | | +-- , 14 , {16} , {'37', '31', '32', '39', '17', '23', '41', '26', '16', '8', '22', '48', '6', '20', '18', '0', '5', '50', '3', '2', '27', '51', '34', '1', '47', '30', '7', '19', '29', '46', '35', '36'}
| | | | | +-- , 16 , {18} , {'37', '31', '32', '39', '17', '23', '41', '21', '26', '16', '8', '22', '48', '6', '20', '18', '0', '5', '50', '3', '2', '27', '51', '34', '47', '30', '7', '19', '29', '46', '35', '36'}
| | | | | | +-- , 18 , {20, 26, 28, 30} , {'37', '31', '32', '39', '17', '23', '41', '21', '26', '16', '8', '22', '48', '49', '6', '20', '18', '0', '28', '5', '50', '3', '2', '27', '51', '34', '47', '30', '45', '7', '19', '29', '46', '36'}
| | | | | | | +-- , 20 , {24, 22} , {'31', '32', '39', '17', '23', '21', '16', '8', '22', '48', '49', '6', '20', '18', '0', '28', '5', '50', '3', '36', '27', '2', '51', '15', '54', '34', '47', '45', '7', '19', '29', '40', '46'}
| | | | | | | | +-- , 24 , set() , {'32', '17', '23', '12', '21', '16', '8', '33', '22', '49', '10', '20', '18', '28', '5', '3', '2', '27', '51', '14', '34', '47', '7', '29', '40', '36'}
| | | | | | | | +-- , 22 , set() , {'28', '31', '23', '45', '42', '18', '27', '40'}
| | | | | | | +-- , 26 , set() , {'48', '39', '6', '30', '45', '17', '51', '52'}
| | | | | | | +-- , 28 , set() , {'28', '32', '47', '30', '19', '44', '18', '51', '26'}
| | | | | | | +-- , 30 , set() , {'37', '48', '49', '45', '7', '38', '20', '41', '29'}


Max number of edges with non zero Y: 17
Max number of iterations of outer rounding loop: 7
Max number of candidate sets: 2
Time spent rounding: 27.604
Time spent solving Separator LP: 5.451

LP Solver: GaifmanBoosted