11, 1, 4.0, 4
+-- , 5 , {8, 10, 3} , {'20', '22', '40', '39', '9', '27', '7', '26', '25', '30', '32', '29', '19', '16', '24', '14'}
| +-- , 8 , set() , {'32', '22', '7', '18'}
| +-- , 10 , set() , {'20', '36', '12', '40', '14'}
| +-- , 3 , {0} , {'27', '26', '25', '32', '17', '40', '39', '9', '24'}
| | +-- , 0 , {16, 12} , {'27', '26', '31', '25', '34', '32', '8', '39', '9', '24', '0'}
| | | +-- , 16 , {18} , {'28', '26', '35', '9', '8', '39'}
| | | | +-- , 18 , set() , {'28', '9', '39', '38', '23'}
| | | +-- , 12 , {19, 14} , {'27', '37', '3', '26', '31', '25', '34', '32', '8', '39', '24', '0'}
| | | | +-- , 19 , {20} , {'27', '3', '31', '25', '34'}
| | | | | +-- , 20 , set() , {'27', '31', '34', '4', '10'}
| | | | +-- , 14 , set() , {'37', '3', '26', '21', '13'}


Max number of edges with non zero Y: 12
Max number of iterations of outer rounding loop: 2
Max number of candidate sets: 2
Time spent rounding: 0.076
Time spent solving Separator LP: 0.020
Total time spent solving: 0.601

LP Solver: gammaPlusFractionalCoverHeuristic
Number of Rounding Attemps: 1
Lower Bound Witness = ({'20', '22', '3', '36', '35', '17', '8', '39', '9', '18', '27', '28', '26', '25', '30', '34', '29', '19', '38', '24', '13', '23', '14', '0', '37', '40', '21', '7', '12', '31', '32', '16'}, {'37', '36', '31', '34', '13'})