13, 1, 3.0, 3
+-- , 3 , {0, 5} , {'27', '37', '26', '19', '39', '40', '24', '14'}
| +-- , 0 , {17, 21, 13} , {'27', '37', '7', '26', '40', '39', '8', '9', '24', '14'}
| | +-- , 17 , {19} , {'28', '26', '35', '9', '8', '39'}
| | | +-- , 19 , set() , {'28', '9', '39', '38', '23'}
| | +-- , 21 , set() , {'7', '26', '40', '39', '16'}
| | +-- , 13 , {15} , {'27', '37', '22', '7', '30', '32', '40', '8', '9', '24', '14'}
| | | +-- , 15 , set() , {'32', '22', '7', '18'}
| +-- , 5 , {7} , {'37', '20', '3', '36', '40', '39', '21', '27', '12', '26', '19', '13', '14'}
| | +-- , 7 , {9, 11} , {'27', '37', '20', '3', '26', '25', '29', '40', '19', '39'}
| | | +-- , 9 , {22} , {'27', '37', '3', '31', '25', '34', '39', '0'}
| | | | +-- , 22 , {23} , {'27', '3', '31', '25', '34'}
| | | | | +-- , 23 , set() , {'27', '31', '34', '4', '10'}
| | | +-- , 11 , set() , {'27', '26', '25', '17', '40'}


Max number of edges with non zero Y: 12
Max number of iterations of outer rounding loop: 2
Max number of candidate sets: 2
Time spent rounding: 0.629
Time spent solving Separator LP: 0.014
Total time spent solving: 1.095

LP Solver: gammaPlusFractionalCoverHeuristic
Number of Rounding Attemps: 16
Lower Bound Witness = ({'20', '22', '3', '36', '35', '17', '8', '39', '9', '18', '27', '28', '26', '25', '30', '34', '29', '19', '38', '24', '13', '23', '14', '0', '37', '40', '21', '7', '12', '31', '32', '16'}, {'22', '24', '12', '28'})