14, 1, 3.0, 3
+-- , 10 , {8, 12} , {'27', '25', '19', '39', '40', '24', '14'}
| +-- , 8 , {0, 18, 14} , {'27', '37', '26', '25', '40', '39', '24', '14'}
| | +-- , 0 , {20, 22, 24} , {'37', '22', '9', '39', '40', '27', '7', '26', '30', '32', '24', '14'}
| | | +-- , 20 , set() , {'32', '22', '7', '18'}
| | | +-- , 22 , set() , {'7', '26', '40', '39', '16'}
| | | +-- , 24 , {26, 28} , {'27', '37', '28', '26', '32', '8', '39', '9', '24'}
| | | | +-- , 26 , set() , {'28', '9', '39', '38', '23'}
| | | | +-- , 28 , set() , {'28', '26', '35', '9', '8'}
| | +-- , 18 , set() , {'27', '26', '25', '17', '40'}
| | +-- , 14 , {16} , {'27', '37', '26', '25', '34', '39', '0'}
| | | +-- , 16 , {29} , {'27', '37', '3', '26', '31', '25', '34', '21', '13'}
| | | | +-- , 29 , {30} , {'27', '3', '31', '25', '34'}
| | | | | +-- , 30 , set() , {'27', '31', '34', '4', '10'}
| +-- , 12 , set() , {'27', '20', '36', '12', '25', '29', '40', '19', '14'}


Max number of edges with non zero Y: 13
Max number of iterations of outer rounding loop: 2
Max number of candidate sets: 2
Time spent rounding: 0.400
Time spent solving Separator LP: 0.027
Total time spent solving: 0.942

LP Solver: gammaPlusFractionalCoverHeuristic
Number of Rounding Attemps: 4
Lower Bound Witness = ({'20', '22', '3', '36', '35', '17', '8', '39', '9', '18', '27', '28', '26', '25', '30', '34', '29', '19', '38', '24', '13', '23', '14', '0', '37', '40', '21', '7', '12', '31', '32', '16'}, {'3', '30', '32', '40', '23'})