11, 1.6351724440631519, 5.0, 6
+-- , 0 , {16, 8, 24, 26} , {'xL10J', 'xL6J', 'xL16J', 'xL11J', 'xL7J', 'xL18J', 'xL1J', 'xL3J', 'xL13J', 'xL2J'}
| +-- , 16 , {18} , {'xL7J', 'xL6J', 'xL18J', 'xL10J', 'xL16J', 'xL1J', 'xL3J', 'xL12J', 'xL11J', 'xL13J'}
| | +-- , 18 , {20} , {'xL6J', 'xL10J', 'xL5J', 'xL16J', 'xL1J', 'xL3J', 'xL12J', 'xL13J'}
| | | +-- , 20 , {22} , {'xL6J', 'xL10J', 'xL5J', 'xL16J', 'xL1J', 'xL9J', 'xL12J', 'xL13J'}
| | | | +-- , 22 , set() , {'xL10J', 'xL9J', 'xL1J', 'xL12J', 'xL19J', 'xL13J'}
| +-- , 8 , {10} , {'xL6J', 'xL18J', 'xL10J', 'xL15J', 'xL1J', 'xL11J', 'xL13J', 'xL2J'}
| | +-- , 10 , {12, 14} , {'xL17J', 'xL18J', 'xL6J', 'xL15J', 'xL1J', 'xL13J', 'xL2J'}
| | | +-- , 12 , set() , {'xL14J', 'xL17J', 'xL18J', 'xL15J'}
| | | +-- , 14 , set() , {'xL17J', 'xL4J', 'xL2J', 'xL15J'}
| +-- , 24 , set() , {'xL8J', 'xL11J', 'xL13J', 'xL2J'}
| +-- , 26 , set() , {'xL10J', 'xL0J', 'xL13J'}


Max number of edges with non zero Y: 15
Max number of iterations of outer rounding loop: 4
Max number of candidate sets: 2
Time spent rounding: 15.086
Time spent solving Separator LP: 0.264
Total time spent solving: 18.306

LP Solver: GaifmanNormal
Lower Bound Witness = ({'xL7J', 'xL6J', 'xL18J', 'xL5J', 'xL10J', 'xL16J', 'xL1J', 'xL9J', 'xL3J', 'xL12J', 'xL19J', 'xL11J', 'xL13J'}, {'xL7J', 'xL6J', 'xL18J', 'xL10J', 'xL16J', 'xL1J', 'xL3J', 'xL11J', 'xL13J'})