12, 1.5921052631578951, 4.5, 5
+-- , 0 , {25, 5} , {'xL7J', 'xL10J', 'xL5J', 'xL16J', 'xL9J', 'xL3J', 'xL12J', 'xL11J', 'xL13J'}
| +-- , 25 , set() , {'xL10J', 'xL0J', 'xL13J'}
| +-- , 5 , {7} , {'xL7J', 'xL6J', 'xL10J', 'xL16J', 'xL9J', 'xL3J', 'xL12J', 'xL11J', 'xL13J'}
| | +-- , 7 , {9} , {'xL7J', 'xL6J', 'xL10J', 'xL9J', 'xL3J', 'xL12J', 'xL19J', 'xL11J', 'xL13J'}
| | | +-- , 9 , {11, 23} , {'xL7J', 'xL6J', 'xL10J', 'xL3J', 'xL12J', 'xL19J', 'xL11J', 'xL13J', 'xL2J'}
| | | | +-- , 11 , {13} , {'xL6J', 'xL18J', 'xL10J', 'xL3J', 'xL12J', 'xL19J', 'xL11J', 'xL13J', 'xL2J'}
| | | | | +-- , 13 , {15} , {'xL6J', 'xL18J', 'xL10J', 'xL1J', 'xL12J', 'xL19J', 'xL11J', 'xL13J', 'xL2J'}
| | | | | | +-- , 15 , {17} , {'xL6J', 'xL18J', 'xL10J', 'xL15J', 'xL1J', 'xL11J', 'xL13J', 'xL2J'}
| | | | | | | +-- , 17 , {19, 21} , {'xL17J', 'xL6J', 'xL18J', 'xL15J', 'xL1J', 'xL13J', 'xL2J'}
| | | | | | | | +-- , 19 , set() , {'xL14J', 'xL17J', 'xL18J', 'xL15J'}
| | | | | | | | +-- , 21 , set() , {'xL17J', 'xL4J', 'xL2J', 'xL15J'}
| | | | +-- , 23 , set() , {'xL8J', 'xL11J', 'xL13J', 'xL2J'}


Max number of edges with non zero Y: 12
Max number of iterations of outer rounding loop: 5
Max number of candidate sets: 2
Time spent rounding: 19.578
Time spent solving Separator LP: 0.248
Total time spent solving: 23.000

LP Solver: GaifmanBoosted
Lower Bound Witness = ({'xL14J', 'xL7J', 'xL17J', 'xL6J', 'xL18J', 'xL10J', 'xL4J', 'xL1J', 'xL3J', 'xL2J', 'xL12J', 'xL19J', 'xL8J', 'xL11J', 'xL13J', 'xL15J'}, {'xL7J', 'xL6J', 'xL10J', 'xL3J', 'xL12J', 'xL19J', 'xL11J', 'xL13J'})