11, 0, 5.0, 5
+-- , 0 , {16, 18, 20, 5, 24} , {'xL17J', 'xL6J', 'xL10J', 'xL16J', 'xL9J', 'xL12J', 'xL11J', 'xL13J', 'xL2J'}
| +-- , 16 , set() , {'xL7J', 'xL16J', 'xL12J', 'xL11J', 'xL2J'}
| +-- , 18 , set() , {'xL8J', 'xL11J', 'xL13J', 'xL2J'}
| +-- , 20 , {22} , {'xL17J', 'xL6J', 'xL10J', 'xL1J', 'xL9J', 'xL12J', 'xL13J', 'xL2J'}
| | +-- , 22 , set() , {'xL10J', 'xL9J', 'xL1J', 'xL12J', 'xL19J', 'xL13J'}
| +-- , 5 , {8, 12} , {'xL17J', 'xL6J', 'xL10J', 'xL4J', 'xL18J', 'xL9J', 'xL12J', 'xL11J', 'xL13J', 'xL2J'}
| | +-- , 8 , {10} , {'xL17J', 'xL18J', 'xL10J', 'xL4J', 'xL11J', 'xL15J'}
| | | +-- , 10 , set() , {'xL14J', 'xL17J', 'xL18J', 'xL15J'}
| | +-- , 12 , {14} , {'xL6J', 'xL18J', 'xL10J', 'xL9J', 'xL3J', 'xL12J', 'xL13J'}
| | | +-- , 14 , set() , {'xL10J', 'xL5J', 'xL9J', 'xL3J', 'xL12J', 'xL13J'}
| +-- , 24 , set() , {'xL10J', 'xL0J', 'xL13J'}


Max number of edges with non zero Y: 16
Max number of iterations of outer rounding loop: 3
Max number of candidate sets: 2
Time spent rounding: 2.109
Time spent solving Separator LP: 0.012
Total time spent solving: 2.715

LP Solver: gammaPlusFractionalCoverHeuristic
Lower Bound Witness = ({'xL6J', 'xL16J', 'xL14J', 'xL4J', 'xL18J', 'xL5J', 'xL0J', 'xL3J', 'xL2J', 'xL10J', 'xL19J', 'xL11J', 'xL7J', 'xL17J', 'xL1J', 'xL9J', 'xL12J', 'xL8J', 'xL13J', 'xL15J'}, {'xL1J', 'xL16J', 'xL12J', 'xL19J', 'xL8J'})