19, 2.6179140605361813, 7.0, 7
+-- , 0 , {36, 20, 5, 38, 40} , {'xL35J', 'xL2J', 'xL8J', 'xL39J', 'xL9J', 'xL17J', 'xL26J', 'xL20J', 'xL15J', 'xL1J', 'xL10J', 'xL5J', 'xL27J'}
| +-- , 36 , set() , {'xL1J', 'xL8J', 'xL21J', 'xL27J'}
| +-- , 20 , {22} , {'xL2J', 'xL8J', 'xL39J', 'xL9J', 'xL26J', 'xL33J', 'xL15J', 'xL1J', 'xL10J', 'xL5J', 'xL7J', 'xL27J'}
| | +-- , 22 , {24} , {'xL2J', 'xL30J', 'xL39J', 'xL9J', 'xL26J', 'xL33J', 'xL15J', 'xL1J', 'xL10J', 'xL5J', 'xL7J', 'xL27J'}
| | | +-- , 24 , {26} , {'xL30J', 'xL39J', 'xL9J', 'xL26J', 'xL33J', 'xL15J', 'xL1J', 'xL10J', 'xL5J', 'xL12J', 'xL7J', 'xL27J'}
| | | | +-- , 26 , {34, 28} , {'xL30J', 'xL7J', 'xL39J', 'xL9J', 'xL26J', 'xL33J', 'xL15J', 'xL1J', 'xL10J', 'xL5J', 'xL12J', 'xL31J'}
| | | | | +-- , 34 , set() , {'xL32J', 'xL7J', 'xL1J', 'xL26J', 'xL31J'}
| | | | | +-- , 28 , {32, 30} , {'xL30J', 'xL3J', 'xL31J', 'xL36J', 'xL6J', 'xL1J', 'xL10J', 'xL9J', 'xL39J', 'xL5J', 'xL7J', 'xL34J'}
| | | | | | +-- , 32 , set() , {'xL13J', 'xL34J'}
| | | | | | +-- , 30 , set() , {'xL38J', 'xL10J', 'xL19J', 'xL34J'}
| +-- , 5 , {8, 18} , {'xL35J', 'xL2J', 'xL8J', 'xL16J', 'xL39J', 'xL23J', 'xL26J', 'xL20J', 'xL15J', 'xL1J', 'xL10J', 'xL5J', 'xL27J'}
| | +-- , 8 , {10} , {'xL35J', 'xL2J', 'xL8J', 'xL16J', 'xL18J', 'xL39J', 'xL23J', 'xL37J', 'xL26J', 'xL20J', 'xL15J', 'xL1J', 'xL10J', 'xL5J'}
| | | +-- , 10 , {16, 12, 14} , {'xL35J', 'xL8J', 'xL16J', 'xL18J', 'xL10J', 'xL23J', 'xL24J', 'xL5J', 'xL37J', 'xL20J'}
| | | | +-- , 16 , set() , {'xL10J', 'xL24J', 'xL4J'}
| | | | +-- , 12 , set() , {'xL35J', 'xL29J', 'xL24J', 'xL5J', 'xL28J', 'xL25J', 'xL37J'}
| | | | +-- , 14 , set() , {'xL35J', 'xL22J', 'xL8J', 'xL16J', 'xL18J', 'xL10J', 'xL23J', 'xL24J'}
| | +-- , 18 , set() , {'xL14J', 'xL35J', 'xL23J'}
| +-- , 38 , set() , {'xL35J', 'xL10J', 'xL0J'}
| +-- , 40 , set() , {'xL8J', 'xL11J'}


Max number of edges with non zero Y: 27
Max number of iterations of outer rounding loop: 6
Max number of candidate sets: 2
Time spent rounding: 10.567
Time spent solving Separator LP: 0.612

LP Solver: GaifmanNormal