12, 0, 5.5, 6
+-- , 9 , {11, 5} , {'51', '8', '56', '58', '30', '13', '62', '19', '43', '47', '55', '38', '45', '39', '29', '35', '11', '40', '3', '59', '46', '17', '2', '63', '28', '18', '54', '21', '7', '48', '1', '12', '14', '60', '31', '44', '15', '49'}
| +-- , 11 , {13, 23} , {'51', '8', '56', '58', '30', '13', '62', '19', '43', '47', '55', '5', '39', '35', '11', '40', '3', '59', '46', '17', '2', '63', '28', '18', '54', '24', '12', '14', '60', '31', '44', '15', '49'}
| | +-- , 13 , {17, 19, 21, 15} , {'8', '56', '58', '26', '13', '62', '19', '47', '55', '5', '39', '35', '11', '40', '3', '59', '46', '17', '20', '2', '63', '28', '52', '18', '54', '4', '24', '12', '14', '60', '31', '44', '16', '23', '15', '49'}
| | | +-- , 17 , set() , {'17', '60', '39', '5', '11', '34', '58', '4', '23', '19', '46'}
| | | +-- , 19 , set() , {'17', '60', '33', '35', '31', '63', '28', '3', '26', '4', '12', '49'}
| | | +-- , 21 , set() , {'46', '2', '52', '18', '16', '41', '19', '47', '15', '12'}
| | | +-- , 15 , set() , {'8', '9', '58', '26', '13', '62', '47', '39', '11', '57', '40', '59', '46', '17', '20', '63', '28', '52', '61', '54', '14', '31', '44', '16', '23'}
| | +-- , 23 , set() , {'55', '5', '51', '11', '63', '44', '27', '30', '13', '24', '43', '6'}
| +-- , 5 , {3} , {'51', '8', '56', '58', '30', '13', '62', '42', '43', '47', '19', '55', '38', '45', '39', '29', '11', '40', '3', '59', '46', '17', '63', '28', '18', '21', '48', '14', '60', '0', '31', '44', '15', '49'}
| | +-- , 3 , {0} , {'51', '8', '56', '25', '58', '30', '13', '62', '42', '43', '47', '55', '38', '45', '29', '11', '40', '3', '59', '46', '17', '63', '28', '18', '21', '48', '14', '60', '0', '44', '15', '49'}
| | | +-- , 0 , {25} , {'51', '8', '56', '25', '58', '30', '13', '62', '42', '43', '47', '55', '38', '45', '29', '11', '40', '59', '46', '63', '28', '18', '21', '48', '14', '60', '0', '53', '44', '15', '49'}
| | | | +-- , 25 , set() , {'51', '8', '56', '25', '13', '43', '47', '11', '40', '49', '46', '18', '21', '48', '14', '60', '0', '53', '44', '15', '50'}


Max number of edges with non zero Y: 15
Max number of iterations of outer rounding loop: 4
Max number of candidate sets: 2
Time spent rounding: 2.691
Time spent solving Separator LP: 0.026
Total time spent solving: 3.881

LP Solver: gammaPlusFractionalCoverHeuristic
Number of Rounding Attemps: 16
Lower Bound Witness = ({'51', '15', '8', '9', '56', '25', '58', '30', '26', '13', '62', '19', '43', '47', '42', '55', '38', '45', '5', '29', '39', '35', '11', '34', '57', '40', '3', '59', '49', '46', '17', '20', '2', '63', '28', '52', '18', '61', '54', '27', '21', '7', '48', '4', '24', '1', '12', '14', '60', '33', '0', '31', '53', '44', '16', '41', '23', '6', '50'}, {'60', '25', '21', '62', '4'})