14, 1.0833323333333333, 4.0, 4
+-- , 0 , {3, 21, 25, 29} , {'xL0J', 'xL3J', 'yL9J', 'xL1J'}
| +-- , 3 , {7, 11, 15, 17} , {'xL2J', 'yL12J', 'xL1J', 'xL4J', 'xL0J', 'xL3J', 'xL5J', 'xL6J'}
| | +-- , 7 , {9} , {'xL2J', 'yL6J'}
| | | +-- , 9 , set() , {'yL7J', 'yL8J', 'yL6J'}
| | +-- , 11 , {13} , {'yL15J', 'xL5J'}
| | | +-- , 13 , set() , {'yL17J', 'yL16J', 'yL15J'}
| | +-- , 15 , set() , {'yL13J', 'yL12J', 'yL14J'}
| | +-- , 17 , {19} , {'xL6J', 'yL18J'}
| | | +-- , 19 , set() , {'yL18J', 'yL19J', 'yL20J'}
| +-- , 21 , {23} , {'xL1J', 'yL3J'}
| | +-- , 23 , set() , {'yL4J', 'yL5J', 'yL3J'}
| +-- , 25 , {27} , {'yL0J', 'xL0J'}
| | +-- , 27 , set() , {'yL0J', 'yL1J', 'yL2J'}
| +-- , 29 , set() , {'yL11J', 'yL9J', 'yL10J'}


Max number of edges with non zero Y: 5
Max number of iterations of outer rounding loop: 2
Max number of candidate sets: 2
Time spent rounding: 4.428
Time spent solving Separator LP: 0.044

LP Solver: GaifmanNormal