33, 1.25, 4.0, 4
+-- , 0 , {3, 36} , {'xL7JL7J', 'xL3JL8J', 'xL3JL6J', 'xL3JL7J', 'xL7JL6J'}
| +-- , 3 , {5} , {'xL2JL6J', 'xL7JL7J', 'xL3JL6J', 'xL7JL6J'}
| | +-- , 5 , {7} , {'xL2JL6J', 'xL7JL7J', 'xL2JL2J', 'xL2JL5J', 'xL2JL4J', 'xL2JL3J', 'xL7JL6J'}
| | | +-- , 7 , {26, 9} , {'xL4JL5J', 'xL7JL7J', 'xL2JL2J', 'xL2JL5J', 'xL2JL4J', 'xL2JL3J', 'xL7JL6J'}
| | | | +-- , 26 , {28} , {'xL4JL5J', 'xL4JL4J', 'xL2JL2J', 'xL2JL5J', 'xL2JL4J', 'xL2JL3J'}
| | | | | +-- , 28 , {34, 30} , {'xL4JL4J', 'xL2JL2J', 'xL1JL4J', 'xL2JL5J', 'xL2JL4J', 'xL2JL3J', 'xL3JL4J'}
| | | | | | +-- , 34 , set() , {'xL1JL4J', 'xL2JL5J', 'xL1JL5J'}
| | | | | | +-- , 30 , {32} , {'xL3JL1J', 'xL3JL3J', 'xL2JL2J', 'xL2JL3J', 'xL3JL2J', 'xL3JL4J'}
| | | | | | | +-- , 32 , set() , {'xL4JL2J', 'xL3JL1J', 'xL2JL2J', 'xL4JL1J', 'xL3JL2J'}
| | | | +-- , 9 , {11} , {'xL4JL5J', 'xL7JL7J', 'xL5JL5J', 'xL7JL6J', 'xL6JL5J'}
| | | | | +-- , 11 , {16} , {'xL7JL7J', 'xL5JL5J', 'xL8JL5J', 'xL8JL2J', 'xL8JL6J', 'xL7JL3J', 'xL7JL6J', 'xL6JL5J', 'xL8JL3J', 'xL8JL4J'}
| | | | | | +-- , 16 , {24, 18} , {'xL7JL7J', 'xL7JL2J', 'xL7JL3J', 'xL5JL5J', 'xL8JL5J', 'xL8JL2J', 'xL7JL4J', 'xL7JL1J', 'xL8JL6J', 'xL8JL4J', 'xL7JL6J', 'xL6JL5J'}
| | | | | | | +-- , 24 , set() , {'xL7JL2J', 'xL8JL2J', 'xL6JL1J', 'xL6JL2J', 'xL7JL1J'}
| | | | | | | +-- , 18 , {20, 22} , {'xL6JL4J', 'xL7JL7J', 'xL9JL4J', 'xL5JL5J', 'xL8JL5J', 'xL7JL4J', 'xL8JL6J', 'xL8JL4J', 'xL7JL6J', 'xL6JL5J'}
| | | | | | | | +-- , 20 , set() , {'xL6JL4J', 'xL6JL5J', 'xL7JL7J', 'xL6JL6J', 'xL6JL7J', 'xL5JL5J', 'xL8JL6J', 'xL7JL6J', 'xL5JL6J'}
| | | | | | | | +-- , 22 , set() , {'xL9JL4J', 'xL9JL5J', 'xL8JL5J'}
| +-- , 36 , {38} , {'xL7JL7J', 'xL3JL8J', 'xL7JL8J', 'xL3JL7J', 'xL7JL6J'}
| | +-- , 38 , {40} , {'xL8JL8J', 'xL3JL8J', 'xL7JL8J', 'xL3JL7J'}
| | | +-- , 40 , {42} , {'xL3JL8J', 'xL8JL10J', 'xL8JL12J', 'xL8JL9J', 'xL8JL11J', 'xL8JL8J', 'xL3JL7J'}
| | | | +-- , 42 , {44, 54} , {'xL3JL8J', 'xL8JL10J', 'xL8JL12J', 'xL8JL9J', 'xL8JL11J', 'xL3JL7J', 'xL6JL9J'}
| | | | | +-- , 44 , {46} , {'xL8JL12J', 'xL8JL9J', 'xL8JL11J', 'xL8JL10J', 'xL6JL10J', 'xL6JL9J'}
| | | | | | +-- , 46 , {48, 52} , {'xL8JL12J', 'xL8JL9J', 'xL9JL10J', 'xL7JL10J', 'xL8JL11J', 'xL8JL10J', 'xL6JL10J'}
| | | | | | | +-- , 48 , {50} , {'xL7JL11J', 'xL7JL13J', 'xL8JL12J', 'xL7JL12J', 'xL8JL11J', 'xL7JL10J'}
| | | | | | | | +-- , 50 , set() , {'xL7JL13J', 'xL6JL12J', 'xL8JL12J', 'xL7JL12J', 'xL6JL13J'}
| | | | | | | +-- , 52 , set() , {'xL8JL9J', 'xL9JL9J', 'xL9JL10J'}
| | | | | +-- , 54 , {56} , {'xL3JL8J', 'xL4JL9J', 'xL5JL9J', 'xL3JL7J', 'xL6JL9J'}
| | | | | | +-- , 56 , {60, 70} , {'xL4JL8J', 'xL2JL12J', 'xL2JL8J', 'xL2JL11J', 'xL3JL8J', 'xL2JL10J', 'xL4JL9J', 'xL2JL9J', 'xL5JL9J', 'xL3JL7J'}
| | | | | | | +-- , 60 , {62} , {'xL4JL8J', 'xL2JL12J', 'xL2JL11J', 'xL4JL7J', 'xL2JL10J', 'xL4JL9J', 'xL2JL9J', 'xL3JL7J', 'xL4JL10J'}
| | | | | | | | +-- , 62 , {64, 66} , {'xL2JL11J', 'xL2JL12J', 'xL1JL10J', 'xL2JL10J', 'xL2JL9J', 'xL3JL10J', 'xL4JL10J'}
| | | | | | | | | +-- , 64 , set() , {'xL2JL9J', 'xL1JL9J', 'xL1JL10J'}
| | | | | | | | | +-- , 66 , {68} , {'xL2JL11J', 'xL2JL12J', 'xL3JL10J', 'xL3JL12J', 'xL3JL11J', 'xL3JL13J'}
| | | | | | | | | | +-- , 68 , set() , {'xL4JL12J', 'xL2JL12J', 'xL4JL13J', 'xL3JL12J', 'xL3JL13J'}
| | | | | | | +-- , 70 , set() , {'xL4JL8J', 'xL2JL8J', 'xL3JL8J', 'xL5JL9J', 'xL5JL8J'}


Max number of edges with non zero Y: 5
Max number of iterations of outer rounding loop: 2
Max number of candidate sets: 2
Time spent rounding: 16.090
Time spent solving Separator LP: 0.626
Total time spent solving: 23.703

LP Solver: GaifmanBoosted
Lower Bound Witness = ({'xL6JL4J', 'xL2JL6J', 'xL9JL5J', 'xL2JL12J', 'xL2JL2J', 'xL5JL5J', 'xL4JL13J', 'xL8JL2J', 'xL2JL5J', 'xL3JL10J', 'xL7JL12J', 'xL2JL3J', 'xL1JL4J', 'xL4JL9J', 'xL6JL13J', 'xL5JL8J', 'xL7JL6J', 'xL7JL3J', 'xL3JL4J', 'xL9JL9J', 'xL2JL8J', 'xL2JL11J', 'xL3JL1J', 'xL7JL2J', 'xL1JL5J', 'xL6JL7J', 'xL4JL7J', 'xL8JL12J', 'xL8JL9J', 'xL3JL6J', 'xL8JL3J', 'xL7JL1J', 'xL8JL11J', 'xL6JL2J', 'xL4JL10J', 'xL3JL13J', 'xL6JL10J', 'xL6JL9J', 'xL4JL8J', 'xL4JL5J', 'xL7JL7J', 'xL6JL6J', 'xL3JL8J', 'xL3JL3J', 'xL2JL10J', 'xL8JL5J', 'xL6JL12J', 'xL2JL9J', 'xL9JL10J', 'xL2JL4J', 'xL7JL10J', 'xL8JL6J', 'xL7JL8J', 'xL3JL7J', 'xL3JL2J', 'xL6JL5J', 'xL5JL6J', 'xL4JL2J', 'xL4JL12J', 'xL4JL4J', 'xL7JL11J', 'xL9JL4J', 'xL1JL10J', 'xL7JL13J', 'xL4JL1J', 'xL8JL10J', 'xL3JL12J', 'xL6JL1J', 'xL5JL9J', 'xL1JL9J', 'xL7JL4J', 'xL8JL8J', 'xL8JL4J', 'xL3JL11J'}, {'xL7JL7J', 'xL3JL8J', 'xL2JL5J', 'xL5JL9J', 'xL8JL6J'})