33, 1, 4.0, 4
+-- , 51 , {50, 52, 54} , {'27', '55', '74'}
| +-- , 50 , {3} , {'49', '18', '74'}
| | +-- , 3 , {0} , {'49', '18', '74'}
| | | +-- , 0 , {7, 23, 25, 43} , {'49', '44', '0', '74', '8', '68', '69'}
| | | | +-- , 7 , {19, 21, 9} , {'49', '44', '32', '74', '8', '68', '69'}
| | | | | +-- , 19 , set() , {'32', '42', '38', '8'}
| | | | | +-- , 21 , {46} , {'49', '44', '32', '69', '45', '22'}
| | | | | | +-- , 46 , {47} , {'49', '44', '22'}
| | | | | | | +-- , 47 , set() , {'30', '22', '73'}
| | | | | +-- , 9 , {17, 11, 15} , {'68', '15', '69', '32', '74', '65'}
| | | | | | +-- , 17 , {44} , {'65', '63', '19', '69'}
| | | | | | | +-- , 44 , {45} , {'63', '19', '65'}
| | | | | | | | +-- , 45 , set() , {'35', '70', '65'}
| | | | | | +-- , 11 , {13} , {'68', '59', '13', '65'}
| | | | | | | +-- , 13 , set() , {'29', '72', '68', '59', '65'}
| | | | | | +-- , 15 , set() , {'15', '74', '75'}
| | | | +-- , 23 , {48} , {'44', '25', '0'}
| | | | | +-- , 48 , {49} , {'44', '25', '0'}
| | | | | | +-- , 49 , set() , {'7', '25', '11'}
| | | | +-- , 25 , {27} , {'9', '44', '74', '8'}
| | | | | +-- , 27 , {29} , {'6', '46', '74', '9', '53', '47'}
| | | | | | +-- , 29 , {31} , {'53', '47', '4', '46', '52'}
| | | | | | | +-- , 31 , {33} , {'39', '53', '60', '46', '52'}
| | | | | | | | +-- , 33 , {35} , {'53', '60', '46', '66', '28'}
| | | | | | | | | +-- , 35 , {37} , {'40', '53', '43', '46', '66'}
| | | | | | | | | | +-- , 37 , {39} , {'14', '46', '53', '43', '36'}
| | | | | | | | | | | +-- , 39 , {41} , {'20', '53', '14', '36', '46'}
| | | | | | | | | | | | +-- , 41 , set() , {'20', '51', '14', '21', '53'}
| | | | +-- , 43 , set() , {'57', '8', '0'}
| +-- , 52 , {53} , {'27', '55', '74'}
| | +-- , 53 , set() , {'71', '31', '5'}
| +-- , 54 , {55} , {'27', '55', '74'}
| | +-- , 55 , set() , {'3', '16'}


Max number of edges with non zero Y: 23
Max number of iterations of outer rounding loop: 5
Max number of candidate sets: 2
Time spent rounding: 0.822
Time spent solving Separator LP: 0.015
Total time spent solving: 1.411

LP Solver: gammaPlusFractionalCoverHeuristic
Number of Rounding Attemps: 8
Lower Bound Witness = ({'29', '49', '0', '32', '72', '13', '74', '46', '9', '21', '18', '39', '43', '75', '44', '6', '68', '15', '53', '47', '45', '25', '22', '65', '4', '63', '40', '20', '57', '51', '66', '8', '28', '69', '60', '38', '19', '52', '14', '42', '59', '36'}, {'49', '51', '8', '21', '65'})