27, 1, 5.0, 5
+-- , 39 , {40, 42, 38} , {'27', '55', '74'}
| +-- , 40 , {41} , {'27', '55', '74'}
| | +-- , 41 , set() , {'71', '31', '5'}
| +-- , 42 , {43} , {'27', '55', '74'}
| | +-- , 43 , set() , {'3', '16'}
| +-- , 38 , {11} , {'49', '18', '74'}
| | +-- , 11 , {9, 34} , {'49', '44', '74', '18', '22'}
| | | +-- , 9 , {36, 5, 23, 13} , {'44', '20', '0', '14', '74', '45', '8', '21', '42', '47', '25', '38', '22'}
| | | | +-- , 36 , {37} , {'44', '25', '0'}
| | | | | +-- , 37 , set() , {'7', '25', '11'}
| | | | +-- , 5 , {3} , {'20', '0', '32', '74', '21', '69', '38', '14', '47', '45', '42'}
| | | | | +-- , 3 , {0} , {'6', '0', '32', '38', '74', '68', '69', '47', '42'}
| | | | | | +-- , 0 , {25} , {'32', '13', '38', '74', '68', '69', '42', '75'}
| | | | | | | +-- , 25 , {27} , {'32', '13', '74', '68', '15', '69', '59', '75'}
| | | | | | | | +-- , 27 , {29, 31} , {'29', '32', '68', '15', '69', '59', '65'}
| | | | | | | | | +-- , 29 , {32} , {'65', '63', '19', '69'}
| | | | | | | | | | +-- , 32 , {33} , {'63', '19', '65'}
| | | | | | | | | | | +-- , 33 , set() , {'35', '70', '65'}
| | | | | | | | | +-- , 31 , set() , {'29', '68', '72'}
| | | | +-- , 23 , set() , {'57', '8', '0'}
| | | | +-- , 13 , {15} , {'44', '20', '14', '8', '21', '9', '47', '4', '52'}
| | | | | +-- , 15 , {17} , {'20', '14', '21', '9', '39', '60', '52'}
| | | | | | +-- , 17 , {19, 21} , {'20', '14', '46', '66', '28', '21', '9', '53', '60'}
| | | | | | | +-- , 19 , set() , {'40', '20', '14', '46', '66', '43', '36'}
| | | | | | | +-- , 21 , set() , {'21', '51', '53'}
| | | +-- , 34 , {35} , {'49', '44', '22'}
| | | | +-- , 35 , set() , {'30', '22', '73'}


Max number of edges with non zero Y: 22
Max number of iterations of outer rounding loop: 2
Max number of candidate sets: 2
Time spent rounding: 0.165
Time spent solving Separator LP: 0.020
Total time spent solving: 0.915

LP Solver: gammaPlusFractionalCoverHeuristic
Number of Rounding Attemps: 2
Lower Bound Witness = ({'29', '49', '0', '32', '72', '13', '74', '46', '9', '21', '18', '39', '43', '75', '44', '6', '68', '15', '53', '47', '45', '25', '22', '65', '4', '63', '40', '20', '57', '51', '66', '8', '28', '69', '60', '38', '19', '52', '14', '42', '59', '36'}, {'29', '32', '51', '13', '60'})