56, 3.4119188092989763, 9.0, 9
+-- , 0 , {97, 5, 107, 113, 117, 91, 93, 95} , {'zL25J', 'zL13J', 'xL6J', 'zL24J', 'zL74J', 'xL1J', 'xL3J', 'w7', 'xL2J', 'xL4J', 'zL19J', 'xL9J', 'zL14J', 'xL0J', 'zL68J', 'zL9J', 'zL10J', 'yL17J'}
| +-- , 97 , {99, 103} , {'xL0J', 'zL49J', 'xL1J', 'xL3J', 'zL50J', 'xL2J', 'xL4J'}
| | +-- , 99 , {101} , {'zL48J', 'xL0J', 'zL49J', 'xL4J'}
| | | +-- , 101 , set() , {'xL0J', 'yL12J', 'zL48J'}
| | +-- , 103 , {105} , {'xL3J', 'zL50J', 'zL51J', 'xL1J'}
| | | +-- , 105 , set() , {'w15', 'zL51J', 'xL1J'}
| +-- , 5 , {7} , {'zL25J', 'xL6J', 'zL74J', 'xL1J', 'xL3J', 'xL2J', 'zL19J', 'xL4J', 'xL9J', 'zL14J', 'yL5J', 'xL0J', 'zL68J', 'zL20J', 'zL9J', 'zL10J'}
| | +-- , 7 , {87, 89, 11, 79} , {'zL21J', 'zL25J', 'xL6J', 'zL74J', 'xL7J', 'xL1J', 'xL3J', 'xL2J', 'zL19J', 'xL4J', 'xL9J', 'zL14J', 'zL15J', 'xL0J', 'zL68J', 'zL18J', 'zL20J', 'zL9J', 'zL10J'}
| | | +-- , 87 , set() , {'xL9J', 'w19', 'yL16J', 'zL66J', 'zL65J', 'xL6J', 'zL64J', 'xL7J', 'xL1J', 'xL3J', 'zL67J'}
| | | +-- , 89 , set() , {'xL3J', 'w6', 'zL15J'}
| | | +-- , 11 , {13} , {'zL21J', 'zL25J', 'xL6J', 'zL74J', 'xL7J', 'xL1J', 'xL3J', 'xL2J', 'xL4J', 'xL9J', 'zL22J', 'zL54J', 'xL0J', 'zL18J', 'zL55J', 'zL9J', 'zL10J'}
| | | | +-- , 13 , {69, 75, 15} , {'zL74J', 'zL56J', 'xL7J', 'xL1J', 'zL34J', 'zL33J', 'zL22J', 'xL0J', 'zL25J', 'xL6J', 'xL3J', 'zL26J', 'zL57J', 'xL2J', 'xL4J', 'xL9J', 'zL54J', 'zL18J', 'zL55J', 'zL9J', 'zL10J'}
| | | | | +-- , 69 , {71} , {'xL3J', 'zL57J', 'xL2J', 'zL58J', 'xL7J'}
| | | | | | +-- , 71 , {73} , {'xL3J', 'zL58J', 'xL2J', 'zL59J'}
| | | | | | | +-- , 73 , set() , {'xL2J', 'w17', 'zL59J'}
| | | | | +-- , 75 , {77} , {'xL6J', 'zL32J', 'zL33J', 'xL4J'}
| | | | | | +-- , 77 , set() , {'yL8J', 'zL32J', 'xL4J'}
| | | | | +-- , 15 , {67, 47, 49, 19, 51, 57, 61, 63} , {'xL6J', 'zL56J', 'zL74J', 'xL8J', 'xL7J', 'xL1J', 'xL3J', 'zL34J', 'zL26J', 'xL2J', 'xL4J', 'zL75J', 'xL9J', 'zL22J', 'zL54J', 'xL0J', 'zL18J', 'zL55J', 'zL27J', 'zL9J', 'zL10J'}
| | | | | | +-- , 67 , set() , {'zL75J', 'w21', 'xL1J'}
| | | | | | +-- , 47 , set() , {'xL9J', 'zL27J', 'w9'}
| | | | | | +-- , 49 , set() , {'zL22J', 'w8', 'xL8J', 'xL7J', 'zL23J'}
| | | | | | +-- , 19 , {39, 41, 43, 45, 21} , {'xL8J', 'yL9J', 'xL7J', 'xL1J', 'zL36J', 'zL17J', 'zL41J', 'xL0J', 'zL30J', 'zL0J', 'xL6J', 'zL1J', 'xL3J', 'zL31J', 'zL16J', 'zL40J', 'xL2J', 'zL8J', 'xL4J', 'xL9J', 'zL18J', 'zL55J', 'zL3J', 'zL9J', 'w3'}
| | | | | | | +-- , 39 , set() , {'yL4J', 'xL9J', 'zL16J'}
| | | | | | | +-- , 41 , set() , {'zL2J', 'xL6J', 'zL1J', 'zL3J', 'xL4J'}
| | | | | | | +-- , 43 , set() , {'zL40J', 'xL9J', 'yL10J'}
| | | | | | | +-- , 45 , set() , {'xL9J', 'zL31J', 'w10'}
| | | | | | | +-- , 21 , {23} , {'xL6J', 'xL7J', 'xL1J', 'xL3J', 'zL36J', 'zL8J', 'zL42J', 'xL4J', 'zL17J', 'xL9J', 'zL41J', 'zL29J', 'zL18J', 'zL30J', 'zL55J', 'zL0J'}
| | | | | | | | +-- , 23 , {33, 35, 37, 25, 27, 29, 31} , {'xL5J', 'xL6J', 'zL39J', 'xL7J', 'xL1J', 'zL36J', 'xL3J', 'zL8J', 'zL42J', 'zL17J', 'xL4J', 'xL9J', 'zL29J', 'zL18J', 'zL43J', 'w12', 'zL55J', 'zL0J', 'zL28J'}
| | | | | | | | | +-- , 33 , set() , {'yL2J', 'xL5J', 'zL8J'}
| | | | | | | | | +-- , 35 , set() , {'w13', 'xL5J', 'zL43J'}
| | | | | | | | | +-- , 37 , set() , {'xL5J', 'w16', 'zL55J'}
| | | | | | | | | +-- , 25 , set() , {'xL9J', 'w14', 'xL5J', 'zL47J', 'zL46J', 'zL45J', 'xL7J', 'xL1J', 'yL11J', 'zL44J', 'xL4J'}
| | | | | | | | | +-- , 27 , set() , {'xL5J', 'zL38J', 'xL6J', 'zL39J', 'zL37J', 'xL3J', 'zL36J'}
| | | | | | | | | +-- , 29 , set() , {'xL6J', 'zL28J', 'yL7J'}
| | | | | | | | | +-- , 31 , set() , {'zL0J', 'xL5J', 'yL0J'}
| | | | | | +-- , 51 , {53} , {'zL54J', 'xL6J', 'xL8J', 'zL53J', 'xL4J'}
| | | | | | | +-- , 53 , {55} , {'zL52J', 'xL8J', 'zL53J', 'xL4J'}
| | | | | | | | +-- , 55 , set() , {'zL52J', 'yL13J', 'xL4J'}
| | | | | | +-- , 57 , {59} , {'zL34J', 'xL8J', 'xL7J', 'zL35J'}
| | | | | | | +-- , 59 , set() , {'w11', 'xL7J', 'zL35J'}
| | | | | | +-- , 61 , set() , {'xL8J', 'zL56J', 'yL14J'}
| | | | | | +-- , 63 , {65} , {'xL4J', 'zL10J', 'xL8J', 'zL11J'}
| | | | | | | +-- , 65 , set() , {'zL11J', 'w5', 'xL4J'}
| | | +-- , 79 , {81} , {'zL69J', 'zL68J', 'xL0J', 'xL7J', 'xL1J', 'xL4J'}
| | | | +-- , 81 , {83} , {'xL4J', 'zL69J', 'zL70J', 'xL0J', 'xL1J'}
| | | | | +-- , 83 , {85} , {'zL71J', 'zL70J', 'xL0J', 'xL4J'}
| | | | | | +-- , 85 , set() , {'w20', 'zL71J', 'xL4J'}
| +-- , 107 , {109} , {'xL3J', 'xL6J', 'zL73J', 'zL74J', 'xL2J'}
| | +-- , 109 , {111} , {'zL72J', 'xL6J', 'zL73J', 'xL2J'}
| | | +-- , 111 , set() , {'xL6J', 'yL18J', 'zL72J'}
| +-- , 113 , {115} , {'zL12J', 'zL13J', 'xL2J', 'xL1J'}
| | +-- , 115 , set() , {'zL12J', 'yL3J', 'xL1J'}
| +-- , 117 , set() , {'w4', 'zL7J', 'xL0J', 'xL6J', 'xL3J', 'zL6J', 'yL1J', 'zL5J', 'xL2J', 'zL4J', 'xL4J'}
| +-- , 91 , set() , {'xL3J', 'zL24J', 'yL6J'}
| +-- , 93 , set() , {'xL9J', 'zL61J', 'zL62J', 'zL63J', 'xL6J', 'yL15J', 'w18', 'xL1J', 'xL2J', 'zL60J', 'xL4J'}
| +-- , 95 , set() , {'xL9J', 'yL19J', 'zL78J', 'xL0J', 'xL6J', 'zL77J', 'xL1J', 'zL79J', 'xL3J', 'w22', 'zL76J'}


Max number of edges with non zero Y: 35
Max number of iterations of outer rounding loop: 4
Max number of candidate sets: 2
Time spent rounding: 22.518
Time spent solving Separator LP: 9.951
Total time spent solving: 40.054

LP Solver: GaifmanBoosted
Lower Bound Witness = ({'xL5J', 'w19', 'zL49J', 'xL8J', 'w7', 'zL34J', 'w17', 'zL61J', 'zL71J', 'zL22J', 'zL47J', 'zL29J', 'yL11J', 'w22', 'yL6J', 'zL30J', 'zL72J', 'w21', 'zL78J', 'w6', 'yL19J', 'zL21J', 'zL25J', 'yL3J', 'zL1J', 'zL79J', 'zL31J', 'zL40J', 'zL23J', 'zL19J', 'yL16J', 'zL54J', 'yL8J', 'w12', 'zL12J', 'w11', 'zL27J', 'yL1J', 'w3', 'zL32J', 'zL11J', 'w16', 'w13', 'zL58J', 'zL44J', 'zL75J', 'zL14J', 'xL0J', 'zL52J', 'yL14J', 'yL4J', 'zL66J', 'zL39J', 'zL35J', 'xL3J', 'zL16J', 'zL26J', 'zL67J', 'zL73J', 'xL2J', 'xL4J', 'w20', 'zL63J', 'zL65J', 'zL3J', 'zL28J', 'w9', 'zL62J', 'zL74J', 'yL9J', 'w18', 'zL36J', 'yL2J', 'yL10J', 'w8', 'zL38J', 'zL20J', 'yL17J', 'zL51J', 'w4', 'zL48J', 'xL6J', 'yL18J', 'zL24J', 'zL64J', 'zL37J', 'zL57J', 'w10', 'xL9J', 'zL2J', 'zL7J', 'zL15J', 'zL68J', 'zL45J', 'w5', 'zL53J', 'zL55J', 'yL7J', 'w14', 'zL69J', 'zL13J', 'zL46J', 'zL56J', 'xL7J', 'xL1J', 'yL13J', 'zL5J', 'zL60J', 'zL33J', 'zL17J', 'zL42J', 'zL41J', 'yL15J', 'zL50J', 'w15', 'zL0J', 'zL59J', 'yL12J', 'zL8J', 'zL76J', 'zL4J', 'yL5J', 'zL18J', 'zL43J', 'zL77J', 'yL0J', 'zL6J', 'zL70J', 'zL9J', 'zL10J'}, {'zL69J', 'zL13J', 'zL46J', 'zL74J', 'w18', 'xL7J', 'w16', 'w7', 'zL42J', 'zL33J', 'zL17J', 'zL61J', 'w8', 'zL50J', 'w15', 'zL20J', 'yL14J', 'zL72J', 'zL48J', 'xL6J', 'yL3J', 'zL79J', 'zL73J', 'zL4J', 'zL19J', 'zL15J', 'zL18J', 'zL43J', 'yL0J', 'zL55J', 'zL6J', 'zL9J', 'zL10J'})