22, 3.0456330797536824, 7.5, 8
+-- , 0 , {3, 37, 7, 43, 47} , {'xL9J', 'xL17J', 'xL31J', 'xL15J', 'xL16J', 'xL8J', 'xL7J', 'xL26J', 'xL13J', 'xL27J', 'xL10J', 'xL33J', 'xL39J'}
| +-- , 3 , set() , {'xL9J', 'xL17J', 'xL31J', 'xL0J', 'xL8J'}
| +-- , 37 , {39} , {'xL12J', 'xL36J', 'xL16J', 'xL8J', 'xL7J', 'xL4J', 'xL10J', 'xL33J'}
| | +-- , 39 , {41} , {'xL4J', 'xL36J', 'xL7J', 'xL2J'}
| | | +-- , 41 , set() , {'xL4J', 'xL18J', 'xL2J'}
| +-- , 7 , {9} , {'xL17J', 'xL31J', 'xL8J', 'xL27J', 'xL10J', 'xL33J', 'xL9J', 'xL1J', 'xL11J', 'xL15J', 'xL16J', 'xL7J', 'xL13J', 'xL39J'}
| | +-- , 9 , {35, 12} , {'xL9J', 'xL1J', 'xL11J', 'xL17J', 'xL31J', 'xL15J', 'xL8J', 'xL6J', 'xL37J', 'xL7J', 'xL13J', 'xL27J', 'xL10J', 'xL33J', 'xL39J'}
| | | +-- , 35 , set() , {'xL6J', 'xL1J', 'xL23J', 'xL7J'}
| | | +-- , 12 , {19, 15, 31} , {'xL1J', 'xL11J', 'xL31J', 'xL15J', 'xL8J', 'xL6J', 'xL35J', 'xL7J', 'xL37J', 'xL13J', 'xL27J', 'xL10J', 'xL19J', 'xL33J', 'xL39J'}
| | | | +-- , 19 , {21} , {'xL31J', 'xL8J', 'xL3J', 'xL33J', 'xL1J', 'xL11J', 'xL15J', 'xL6J', 'xL35J', 'xL7J', 'xL37J', 'xL19J', 'xL39J'}
| | | | | +-- , 21 , {23} , {'xL30J', 'xL8J', 'xL3J', 'xL33J', 'xL1J', 'xL11J', 'xL32J', 'xL6J', 'xL37J', 'xL19J', 'xL39J'}
| | | | | | +-- , 23 , {25, 27, 29} , {'xL30J', 'xL11J', 'xL32J', 'xL8J', 'xL6J', 'xL37J', 'xL21J', 'xL19J', 'xL39J'}
| | | | | | | +-- , 25 , set() , {'xL38J', 'xL32J', 'xL21J', 'xL8J'}
| | | | | | | +-- , 27 , set() , {'xL30J', 'xL34J', 'xL6J', 'xL21J', 'xL19J', 'xL39J'}
| | | | | | | +-- , 29 , set() , {'xL21J', 'xL29J', 'xL8J', 'xL37J'}
| | | | +-- , 15 , {17} , {'xL35J', 'xL31J', 'xL10J', 'xL24J'}
| | | | | +-- , 17 , set() , {'xL35J', 'xL24J', 'xL20J'}
| | | | +-- , 31 , {33} , {'xL6J', 'xL35J', 'xL27J', 'xL28J'}
| | | | | +-- , 33 , set() , {'xL6J', 'xL28J', 'xL25J'}
| +-- , 43 , {45} , {'xL9J', 'xL5J', 'xL31J', 'xL26J', 'xL13J', 'xL33J'}
| | +-- , 45 , set() , {'xL9J', 'xL5J', 'xL33J', 'xL14J'}
| +-- , 47 , set() , {'xL15J', 'xL22J', 'xL8J', 'xL26J', 'xL27J'}


Max number of edges with non zero Y: 32
Max number of iterations of outer rounding loop: 8
Max number of candidate sets: 2
Time spent rounding: 25.915
Time spent solving Separator LP: 0.702

LP Solver: GaifmanNormal