17, 1, 8.0, 8
+-- , 5 , {3, 30, 7} , {'24', '56', '40', '28', '13', '11', '5', '53', '44', '21', '22', '4', '34', '27'}
| +-- , 3 , {0} , {'39', '42', '24', '56', '27', '28', '13', '36', '11', '44', '45', '22', '4', '9', '55', '25', '34', '21'}
| | +-- , 0 , {9, 27, 29} , {'39', '42', '3', '48', '56', '27', '28', '13', '11', '45', '4', '22', '31', '9', '25', '34', '21'}
| | | +-- , 9 , {11} , {'39', '3', '42', '48', '56', '27', '28', '11', '23', '45', '31', '25', '34', '8', '21'}
| | | | +-- , 11 , {19, 23, 13} , {'39', '42', '48', '56', '27', '57', '18', '28', '11', '52', '23', '45', '51', '49', '31', '25', '34', '21'}
| | | | | +-- , 19 , {21} , {'39', '48', '50', '57', '18', '10', '28', '52', '38', '34', '27'}
| | | | | | +-- , 21 , set() , {'37', '10', '57', '52'}
| | | | | +-- , 23 , {25} , {'56', '20', '57', '54', '46', '28', '31', '11', '52', '25', '27'}
| | | | | | +-- , 25 , set() , {'31', '52', '1', '54'}
| | | | | +-- , 13 , {15} , {'39', '42', '32', '45', '57', '49', '28', '52', '14'}
| | | | | | +-- , 15 , {17} , {'39', '32', '42', '33', '52'}
| | | | | | | +-- , 17 , set() , {'33', '30', '6', '42'}
| | | +-- , 27 , set() , {'56', '17', '19', '21'}
| | | +-- , 29 , set() , {'2', '42', '4', '13'}
| +-- , 30 , {31} , {'56', '22', '5', '4'}
| | +-- , 31 , set() , {'47', '15', '4', '5'}
| +-- , 7 , set() , {'24', '16', '56', '43', '21', '41', '28', '11', '5', '34', '53'}


Max number of edges with non zero Y: 20
Max number of iterations of outer rounding loop: 1
Max number of candidate sets: 2
Time spent rounding: 0.248
Time spent solving Separator LP: 0.014
Total time spent solving: 0.569

LP Solver: gammaPlusFractionalCoverHeuristic
Number of Rounding Attemps: 8
Lower Bound Witness = ({'3', '32', '24', '56', '40', '17', '54', '18', '10', '36', '13', '11', '23', '19', '6', '53', '44', '30', '16', '43', '45', '20', '51', '22', '49', '37', '9', '33', '14', '25', '38', '8', '21', '39', '42', '48', '50', '57', '41', '46', '28', '52', '5', '1', '2', '4', '31', '55', '34', '27'}, {'20', '46', '38', '48'})