18, 1, 6.0, 6
+-- , 7 , {5} , {'39', '24', '16', '56', '27', '40', '28', '13', '55', '53'}
| +-- , 5 , {3, 9} , {'39', '32', '56', '57', '41', '28', '13', '11', '5', '52', '53', '16', '4', '31', '9', '33', '27'}
| | +-- , 3 , {0, 23} , {'39', '32', '48', '56', '57', '41', '18', '28', '13', '11', '52', '5', '16', '43', '51', '4', '9', '33', '31', '34', '27'}
| | | +-- , 0 , {29, 27} , {'39', '32', '48', '56', '27', '18', '28', '13', '52', '5', '43', '51', '4', '31', '34', '21'}
| | | | +-- , 29 , {32, 31} , {'39', '3', '32', '56', '27', '18', '28', '13', '52', '5', '22', '4', '49', '31', '34', '21'}
| | | | | +-- , 32 , {33} , {'56', '22', '5', '4'}
| | | | | | +-- , 33 , set() , {'47', '15', '4', '5'}
| | | | | +-- , 31 , set() , {'3', '56', '49', '52', '23', '8'}
| | | | +-- , 27 , set() , {'56', '17', '19', '21'}
| | | +-- , 23 , {25} , {'39', '48', '50', '57', '18', '10', '28', '52', '38', '34', '27'}
| | | | +-- , 25 , set() , {'37', '10', '57', '52'}
| | +-- , 9 , {19, 21, 11} , {'32', '56', '27', '57', '4', '54', '31', '28', '13', '11', '5', '52', '9', '33', '53'}
| | | +-- , 19 , set() , {'20', '57', '54', '27'}
| | | +-- , 21 , set() , {'31', '52', '1', '54'}
| | | +-- , 11 , {17, 13, 15} , {'42', '32', '57', '54', '28', '13', '36', '5', '11', '53', '2', '44', '45', '4', '9', '33', '25', '27'}
| | | | +-- , 17 , set() , {'46', '11', '54', '25'}
| | | | +-- , 13 , set() , {'33', '30', '6', '42'}
| | | | +-- , 15 , set() , {'45', '57', '32', '14'}


Max number of edges with non zero Y: 20
Max number of iterations of outer rounding loop: 1
Max number of candidate sets: 2
Time spent rounding: 0.017
Time spent solving Separator LP: 0.007
Total time spent solving: 0.334

LP Solver: gammaPlusFractionalCoverHeuristic
Number of Rounding Attemps: 1
Lower Bound Witness = ({'3', '32', '24', '56', '40', '17', '54', '18', '10', '36', '13', '11', '23', '19', '6', '53', '44', '30', '16', '43', '45', '20', '51', '22', '49', '37', '9', '33', '14', '25', '38', '8', '21', '39', '42', '48', '50', '57', '41', '46', '28', '52', '5', '1', '2', '4', '31', '55', '34', '27'}, {'3', '43', '45', '56', '9'})