11, 1.733332757575758, 5.0, 6
+-- , 0 , {4} , {'xL11J', 'xL10J', 'xL8J', 'xL2J', 'xL16J', 'xL3J', 'xL18J', 'xL4J'}
| +-- , 4 , {8, 25} , {'xL11J', 'xL10J', 'xL17J', 'xL8J', 'xL2J', 'xL3J', 'xL19J', 'xL18J', 'xL4J'}
| | +-- , 8 , {11, 23} , {'xL11J', 'xL10J', 'xL13J', 'xL17J', 'xL8J', 'xL12J', 'xL2J', 'xL19J', 'xL18J', 'xL4J'}
| | | +-- , 11 , {13, 21} , {'xL11J', 'xL10J', 'xL13J', 'xL17J', 'xL8J', 'xL0J', 'xL12J', 'xL2J', 'xL19J', 'xL18J'}
| | | | +-- , 13 , {15} , {'xL11J', 'xL10J', 'xL13J', 'xL17J', 'xL8J', 'xL0J', 'xL12J', 'xL2J', 'xL9J', 'xL18J'}
| | | | | +-- , 15 , {17} , {'xL11J', 'xL10J', 'xL8J', 'xL0J', 'xL7J', 'xL12J', 'xL2J', 'xL9J'}
| | | | | | +-- , 17 , {19} , {'xL11J', 'xL5J', 'xL8J', 'xL7J', 'xL0J', 'xL12J', 'xL2J', 'xL9J'}
| | | | | | | +-- , 19 , set() , {'xL1J', 'xL5J', 'xL9J'}
| | | | +-- , 21 , set() , {'xL11J', 'xL17J', 'xL0J', 'xL19J', 'xL6J'}
| | | +-- , 23 , set() , {'xL11J', 'xL12J', 'xL13J', 'xL15J'}
| | +-- , 25 , set() , {'xL18J', 'xL19J', 'xL14J'}


Max number of edges with non zero Y: 12
Max number of iterations of outer rounding loop: 6
Max number of candidate sets: 2
Time spent rounding: 12.285
Time spent solving Separator LP: 0.212
Total time spent solving: 14.034

LP Solver: GaifmanNormal
Lower Bound Witness = ({'xL11J', 'xL10J', 'xL13J', 'xL15J', 'xL5J', 'xL17J', 'xL8J', 'xL1J', 'xL0J', 'xL7J', 'xL12J', 'xL2J', 'xL9J', 'xL18J', 'xL19J', 'xL6J', 'xL4J'}, {'xL11J', 'xL10J', 'xL13J', 'xL17J', 'xL8J', 'xL2J', 'xL19J', 'xL18J', 'xL4J'})