6, 2.4339471374007577, 5.665352001577598, 9
+-- , 0 , {16, 24} , {'xL36J', 'xL3J', 'xL12J', 'xL24J', 'xL1J', 'xL9J', 'xL10J', 'xL37J', 'xL13J', 'xL18J', 'xL22J', 'xL25J', 'xL20J', 'xL8J', 'xL6J', 'xL0J', 'xL28J', 'xL19J', 'xL34J', 'xL30J', 'xL29J', 'xL27J', 'xL32J', 'xL15J', 'xL39J', 'xL23J', 'xL38J', 'xL14J', 'xL17J', 'xL33J', 'xL4J', 'xL35J', 'xL21J', 'xL26J', 'xL2J'}
| +-- , 16 , {18} , {'xL36J', 'xL3J', 'xL12J', 'xL24J', 'xL1J', 'xL9J', 'xL10J', 'xL31J', 'xL37J', 'xL13J', 'xL18J', 'xL22J', 'xL25J', 'xL20J', 'xL8J', 'xL0J', 'xL6J', 'xL28J', 'xL19J', 'xL34J', 'xL29J', 'xL27J', 'xL32J', 'xL15J', 'xL39J', 'xL38J', 'xL14J', 'xL17J', 'xL33J', 'xL4J', 'xL35J', 'xL21J', 'xL26J', 'xL2J'}
| | +-- , 18 , {20} , {'xL36J', 'xL3J', 'xL12J', 'xL24J', 'xL1J', 'xL9J', 'xL10J', 'xL31J', 'xL37J', 'xL13J', 'xL18J', 'xL22J', 'xL25J', 'xL20J', 'xL8J', 'xL0J', 'xL28J', 'xL19J', 'xL34J', 'xL27J', 'xL32J', 'xL15J', 'xL39J', 'xL38J', 'xL14J', 'xL17J', 'xL33J', 'xL4J', 'xL11J', 'xL35J', 'xL21J', 'xL2J'}
| | | +-- , 20 , {22} , {'xL36J', 'xL3J', 'xL12J', 'xL24J', 'xL1J', 'xL9J', 'xL10J', 'xL31J', 'xL7J', 'xL37J', 'xL13J', 'xL18J', 'xL22J', 'xL25J', 'xL20J', 'xL8J', 'xL28J', 'xL19J', 'xL34J', 'xL27J', 'xL32J', 'xL15J', 'xL39J', 'xL38J', 'xL14J', 'xL17J', 'xL33J', 'xL4J', 'xL11J', 'xL35J', 'xL2J'}
| | | | +-- , 22 , set() , {'xL24J', 'xL1J', 'xL31J', 'xL7J', 'xL37J', 'xL13J', 'xL18J', 'xL22J', 'xL25J', 'xL20J', 'xL8J', 'xL28J', 'xL19J', 'xL34J', 'xL27J', 'xL39J', 'xL5J', 'xL38J', 'xL17J', 'xL33J', 'xL4J', 'xL35J'}
| +-- , 24 , set() , {'xL36J', 'xL24J', 'xL1J', 'xL37J', 'xL18J', 'xL20J', 'xL8J', 'xL0J', 'xL16J', 'xL29J', 'xL30J', 'xL27J', 'xL23J', 'xL38J', 'xL14J', 'xL17J', 'xL33J', 'xL35J', 'xL26J'}


Max number of edges with non zero Y: 32
Max number of iterations of outer rounding loop: 7
Max number of candidate sets: 2
Time spent rounding: 59.111
Time spent solving Separator LP: 18.849

LP Solver: GaifmanNormal7, 2.3095807890583275, 5.552636040006781, 8
+-- , 0 , {10} , {'xL26J', 'xL10J', 'xL5J', 'xL6J', 'xL38J', 'xL9J', 'xL21J', 'xL13J', 'xL11J', 'xL18J', 'xL22J', 'xL27J', 'xL30J', 'xL32J', 'xL16J', 'xL23J', 'xL33J', 'xL15J', 'xL36J', 'xL39J', 'xL34J', 'xL17J', 'xL4J', 'xL37J', 'xL0J', 'xL31J', 'xL35J', 'xL1J'}
| +-- , 10 , {17} , {'xL8J', 'xL26J', 'xL10J', 'xL5J', 'xL6J', 'xL29J', 'xL38J', 'xL9J', 'xL21J', 'xL13J', 'xL14J', 'xL11J', 'xL18J', 'xL22J', 'xL27J', 'xL25J', 'xL20J', 'xL32J', 'xL16J', 'xL23J', 'xL33J', 'xL12J', 'xL15J', 'xL36J', 'xL39J', 'xL34J', 'xL17J', 'xL4J', 'xL37J', 'xL0J', 'xL31J', 'xL35J', 'xL1J'}
| | +-- , 17 , {19} , {'xL8J', 'xL26J', 'xL10J', 'xL5J', 'xL7J', 'xL6J', 'xL29J', 'xL38J', 'xL9J', 'xL21J', 'xL13J', 'xL14J', 'xL11J', 'xL18J', 'xL22J', 'xL27J', 'xL25J', 'xL20J', 'xL32J', 'xL16J', 'xL12J', 'xL33J', 'xL15J', 'xL36J', 'xL39J', 'xL34J', 'xL17J', 'xL4J', 'xL37J', 'xL0J', 'xL31J', 'xL35J', 'xL1J'}
| | | +-- , 19 , {22} , {'xL8J', 'xL26J', 'xL10J', 'xL5J', 'xL7J', 'xL6J', 'xL29J', 'xL24J', 'xL38J', 'xL9J', 'xL21J', 'xL13J', 'xL14J', 'xL18J', 'xL22J', 'xL27J', 'xL25J', 'xL2J', 'xL20J', 'xL32J', 'xL16J', 'xL12J', 'xL33J', 'xL15J', 'xL36J', 'xL39J', 'xL34J', 'xL17J', 'xL4J', 'xL37J', 'xL0J', 'xL31J', 'xL35J', 'xL1J'}
| | | | +-- , 22 , {24} , {'xL8J', 'xL26J', 'xL10J', 'xL5J', 'xL7J', 'xL6J', 'xL29J', 'xL24J', 'xL38J', 'xL9J', 'xL21J', 'xL13J', 'xL14J', 'xL18J', 'xL22J', 'xL27J', 'xL25J', 'xL2J', 'xL20J', 'xL19J', 'xL32J', 'xL12J', 'xL33J', 'xL15J', 'xL36J', 'xL39J', 'xL34J', 'xL17J', 'xL4J', 'xL37J', 'xL0J', 'xL31J', 'xL35J', 'xL1J'}
| | | | | +-- , 24 , {26} , {'xL8J', 'xL28J', 'xL26J', 'xL10J', 'xL5J', 'xL7J', 'xL6J', 'xL29J', 'xL24J', 'xL38J', 'xL21J', 'xL13J', 'xL14J', 'xL18J', 'xL22J', 'xL27J', 'xL25J', 'xL2J', 'xL20J', 'xL19J', 'xL32J', 'xL12J', 'xL15J', 'xL36J', 'xL39J', 'xL34J', 'xL17J', 'xL4J', 'xL37J', 'xL0J', 'xL35J', 'xL1J'}
| | | | | | +-- , 26 , set() , {'xL8J', 'xL28J', 'xL26J', 'xL10J', 'xL3J', 'xL7J', 'xL6J', 'xL29J', 'xL38J', 'xL21J', 'xL13J', 'xL14J', 'xL18J', 'xL22J', 'xL27J', 'xL25J', 'xL2J', 'xL20J', 'xL32J', 'xL15J', 'xL36J', 'xL39J', 'xL34J', 'xL17J', 'xL4J', 'xL37J', 'xL0J', 'xL35J', 'xL1J'}


Max number of edges with non zero Y: 31
Max number of iterations of outer rounding loop: 8
Max number of candidate sets: 2
Time spent rounding: 88.772
Time spent solving Separator LP: 26.666

LP Solver: GaifmanNormal