22, 3.336451238310795, 9.0, 9
+-- , 0 , {5, 40, 42, 46} , {'xL20J', 'xL32J', 'xL14J', 'xL2J', 'xL10J', 'xL13J', 'xL6J', 'xL23J', 'xL25J', 'xL39J', 'xL5J', 'xL18J', 'xL24J', 'xL30J', 'xL27J', 'xL37J'}
| +-- , 5 , {7} , {'xL20J', 'xL38J', 'xL32J', 'xL14J', 'xL2J', 'xL13J', 'xL6J', 'xL23J', 'xL39J', 'xL5J', 'xL18J', 'xL24J', 'xL30J', 'xL27J', 'xL37J'}
| | +-- , 7 , {9} , {'xL20J', 'xL38J', 'xL32J', 'xL2J', 'xL13J', 'xL6J', 'xL23J', 'xL16J', 'xL39J', 'xL5J', 'xL18J', 'xL24J', 'xL30J', 'xL27J', 'xL37J'}
| | | +-- , 9 , {11} , {'xL20J', 'xL38J', 'xL11J', 'xL32J', 'xL13J', 'xL6J', 'xL23J', 'xL16J', 'xL39J', 'xL5J', 'xL18J', 'xL24J', 'xL30J', 'xL27J', 'xL3J', 'xL37J'}
| | | | +-- , 11 , {13, 38} , {'xL20J', 'xL38J', 'xL23J', 'xL11J', 'xL32J', 'xL5J', 'xL18J', 'xL24J', 'xL12J', 'xL30J', 'xL27J', 'xL13J', 'xL3J', 'xL37J', 'xL6J'}
| | | | | +-- , 13 , {34, 36, 15} , {'xL20J', 'xL38J', 'xL0J', 'xL32J', 'xL12J', 'xL13J', 'xL6J', 'xL23J', 'xL5J', 'xL18J', 'xL24J', 'xL30J', 'xL27J', 'xL3J', 'xL37J'}
| | | | | | +-- , 34 , set() , {'xL23J', 'xL0J', 'xL12J', 'xL34J', 'xL27J'}
| | | | | | +-- , 36 , set() , {'xL20J', 'xL0J', 'xL18J', 'xL30J', 'xL8J'}
| | | | | | +-- , 15 , {32, 17} , {'xL20J', 'xL38J', 'xL23J', 'xL0J', 'xL32J', 'xL5J', 'xL35J', 'xL18J', 'xL24J', 'xL12J', 'xL30J', 'xL13J', 'xL3J', 'xL37J', 'xL6J'}
| | | | | | | +-- , 32 , set() , {'xL38J', 'xL13J', 'xL35J', 'xL9J'}
| | | | | | | +-- , 17 , {19} , {'xL20J', 'xL38J', 'xL0J', 'xL32J', 'xL35J', 'xL12J', 'xL13J', 'xL6J', 'xL18J', 'xL21J', 'xL30J', 'xL24J', 'xL3J', 'xL37J'}
| | | | | | | | +-- , 19 , {22, 24, 26, 28, 30} , {'xL38J', 'xL0J', 'xL32J', 'xL33J', 'xL35J', 'xL15J', 'xL12J', 'xL13J', 'xL6J', 'xL1J', 'xL18J', 'xL21J', 'xL30J', 'xL24J', 'xL3J', 'xL37J'}
| | | | | | | | | +-- , 22 , set() , {'xL1J', 'xL12J', 'xL3J', 'xL6J', 'xL22J'}
| | | | | | | | | +-- , 24 , set() , {'xL1J', 'xL0J', 'xL4J'}
| | | | | | | | | +-- , 26 , set() , {'xL38J', 'xL1J', 'xL0J', 'xL33J', 'xL17J', 'xL15J', 'xL24J'}
| | | | | | | | | +-- , 28 , set() , {'xL19J', 'xL1J', 'xL15J', 'xL35J'}
| | | | | | | | | +-- , 30 , set() , {'xL1J', 'xL29J', 'xL32J', 'xL18J', 'xL21J', 'xL13J', 'xL37J'}
| | | | | +-- , 38 , set() , {'xL31J', 'xL12J', 'xL6J', 'xL27J'}
| +-- , 40 , set() , {'xL23J', 'xL10J', 'xL39J', 'xL36J'}
| +-- , 42 , {44} , {'xL26J', 'xL2J', 'xL10J', 'xL30J', 'xL27J', 'xL37J', 'xL6J'}
| | +-- , 44 , set() , {'xL26J', 'xL2J', 'xL7J', 'xL27J', 'xL37J', 'xL6J'}
| +-- , 46 , set() , {'xL10J', 'xL2J', 'xL28J', 'xL27J'}


Max number of edges with non zero Y: 28
Max number of iterations of outer rounding loop: 7
Max number of candidate sets: 2
Time spent rounding: 35.323
Time spent solving Separator LP: 1.135

LP Solver: GaifmanBoosted