21, 2.1237108092783505, 8.0, 8
+-- , 0 , {51, 10, 44} , {'xL3J', 'xL18J', 'xL27J', 'xL8J', 'xL25J', 'xL36J', 'xL16J', 'xL29J', 'xL28J', 'xL12J', 'xL22J', 'xL9J', 'xL19J', 'xL0J'}
| +-- , 51 , set() , {'xL29J', 'xL23J', 'xL27J', 'xL28J'}
| +-- , 10 , {13} , {'xL10J', 'xL16J', 'xL28J', 'xL22J', 'xL19J', 'xL18J', 'xL3J', 'xL6J', 'xL27J', 'xL25J', 'xL29J', 'xL11J', 'xL12J', 'xL36J', 'xL9J', 'xL0J'}
| | +-- , 13 , {42, 15} , {'xL10J', 'xL28J', 'xL22J', 'xL18J', 'xL19J', 'xL3J', 'xL6J', 'xL27J', 'xL26J', 'xL29J', 'xL11J', 'xL12J', 'xL36J', 'xL9J', 'xL0J'}
| | | +-- , 42 , set() , {'xL21J', 'xL27J', 'xL36J', 'xL26J', 'xL12J', 'xL22J', 'xL9J'}
| | | +-- , 15 , {17} , {'xL30J', 'xL10J', 'xL28J', 'xL22J', 'xL19J', 'xL3J', 'xL6J', 'xL26J', 'xL29J', 'xL11J', 'xL12J', 'xL36J', 'xL9J', 'xL0J'}
| | | | +-- , 17 , {40, 19} , {'xL32J', 'xL30J', 'xL37J', 'xL10J', 'xL28J', 'xL22J', 'xL19J', 'xL6J', 'xL26J', 'xL29J', 'xL11J', 'xL12J', 'xL36J', 'xL9J', 'xL0J', 'xL34J'}
| | | | | +-- , 40 , set() , {'xL31J', 'xL11J', 'xL34J', 'xL10J'}
| | | | | +-- , 19 , {38, 22} , {'xL32J', 'xL30J', 'xL26J', 'xL37J', 'xL2J', 'xL36J', 'xL28J', 'xL38J', 'xL12J', 'xL22J', 'xL9J', 'xL19J', 'xL0J', 'xL34J'}
| | | | | | +-- , 38 , set() , {'xL15J', 'xL32J', 'xL2J', 'xL28J', 'xL38J'}
| | | | | | +-- , 22 , {24, 36} , {'xL32J', 'xL33J', 'xL30J', 'xL37J', 'xL28J', 'xL38J', 'xL22J', 'xL19J', 'xL26J', 'xL12J', 'xL36J', 'xL9J', 'xL0J', 'xL34J'}
| | | | | | | +-- , 24 , {34, 26, 28} , {'xL32J', 'xL33J', 'xL30J', 'xL26J', 'xL37J', 'xL20J', 'xL38J', 'xL22J', 'xL9J', 'xL19J', 'xL34J'}
| | | | | | | | +-- , 34 , set() , {'xL39J', 'xL30J', 'xL26J', 'xL37J', 'xL20J', 'xL22J'}
| | | | | | | | +-- , 26 , set() , {'xL17J', 'xL37J', 'xL20J', 'xL38J', 'xL19J'}
| | | | | | | | +-- , 28 , {30} , {'xL33J', 'xL7J', 'xL37J', 'xL20J', 'xL9J', 'xL34J'}
| | | | | | | | | +-- , 30 , {32} , {'xL1J', 'xL7J', 'xL9J', 'xL34J', 'xL37J'}
| | | | | | | | | | +-- , 32 , set() , {'xL9J', 'xL1J', 'xL34J', 'xL35J'}
| | | | | | | +-- , 36 , set() , {'xL33J', 'xL13J', 'xL30J', 'xL28J'}
| +-- , 44 , {47} , {'xL4J', 'xL8J', 'xL9J', 'xL24J'}
| | +-- , 47 , {49} , {'xL4J', 'xL8J', 'xL9J', 'xL5J'}
| | | +-- , 49 , set() , {'xL8J', 'xL5J', 'xL4J', 'xL14J'}


Max number of edges with non zero Y: 27
Max number of iterations of outer rounding loop: 5
Max number of candidate sets: 2
Time spent rounding: 51.417
Time spent solving Separator LP: 0.984

LP Solver: GaifmanNormal