18, 2.864595124494838, 8.5, 9
+-- , 0 , {35, 6} , {'xL35J', 'xL10J', 'xL37J', 'xL16J', 'xL22J', 'xL3J', 'xL17J', 'xL39J', 'xL1J', 'xL27J', 'xL7J', 'xL20J', 'xL11J', 'xL36J', 'xL9J'}
| +-- , 35 , {37} , {'xL3J', 'xL16J', 'xL8J', 'xL9J'}
| | +-- , 37 , {40} , {'xL4J', 'xL8J', 'xL9J', 'xL24J'}
| | | +-- , 40 , {42} , {'xL4J', 'xL8J', 'xL9J', 'xL5J'}
| | | | +-- , 42 , set() , {'xL8J', 'xL5J', 'xL4J', 'xL14J'}
| +-- , 6 , {8} , {'xL33J', 'xL37J', 'xL10J', 'xL35J', 'xL16J', 'xL22J', 'xL3J', 'xL39J', 'xL17J', 'xL27J', 'xL7J', 'xL20J', 'xL11J', 'xL36J', 'xL9J'}
| | +-- , 8 , {10, 33} , {'xL33J', 'xL37J', 'xL10J', 'xL35J', 'xL16J', 'xL22J', 'xL3J', 'xL39J', 'xL17J', 'xL6J', 'xL27J', 'xL20J', 'xL11J', 'xL36J', 'xL9J', 'xL34J'}
| | | +-- , 10 , {13} , {'xL21J', 'xL33J', 'xL32J', 'xL30J', 'xL10J', 'xL38J', 'xL22J', 'xL3J', 'xL17J', 'xL39J', 'xL6J', 'xL27J', 'xL20J', 'xL11J', 'xL36J', 'xL9J', 'xL34J'}
| | | | +-- , 13 , {17, 31} , {'xL21J', 'xL32J', 'xL33J', 'xL30J', 'xL10J', 'xL28J', 'xL38J', 'xL22J', 'xL19J', 'xL3J', 'xL17J', 'xL39J', 'xL6J', 'xL27J', 'xL11J', 'xL36J', 'xL9J'}
| | | | | +-- , 17 , {19, 23, 29} , {'xL21J', 'xL32J', 'xL33J', 'xL30J', 'xL10J', 'xL28J', 'xL38J', 'xL22J', 'xL19J', 'xL3J', 'xL39J', 'xL6J', 'xL27J', 'xL29J', 'xL11J', 'xL36J'}
| | | | | | +-- , 19 , {21} , {'xL21J', 'xL3J', 'xL39J', 'xL33J', 'xL22J', 'xL25J', 'xL30J', 'xL26J', 'xL29J', 'xL11J', 'xL36J', 'xL19J'}
| | | | | | | +-- , 21 , set() , {'xL3J', 'xL33J', 'xL25J', 'xL19J', 'xL30J', 'xL26J', 'xL18J', 'xL0J'}
| | | | | | +-- , 23 , {25} , {'xL21J', 'xL6J', 'xL32J', 'xL33J', 'xL30J', 'xL10J', 'xL29J', 'xL28J', 'xL38J', 'xL12J'}
| | | | | | | +-- , 25 , {27} , {'xL32J', 'xL30J', 'xL2J', 'xL28J', 'xL38J', 'xL12J'}
| | | | | | | | +-- , 27 , set() , {'xL15J', 'xL32J', 'xL2J', 'xL28J', 'xL38J'}
| | | | | | +-- , 29 , set() , {'xL29J', 'xL23J', 'xL27J', 'xL28J'}
| | | | | +-- , 31 , set() , {'xL33J', 'xL13J', 'xL30J', 'xL28J'}
| | | +-- , 33 , set() , {'xL31J', 'xL11J', 'xL34J', 'xL10J'}


Max number of edges with non zero Y: 24
Max number of iterations of outer rounding loop: 7
Max number of candidate sets: 2
Time spent rounding: 42.979
Time spent solving Separator LP: 0.709

LP Solver: GaifmanNormal