11, 3.295938845314795, 8.521612587170768, 13
+-- , 0 , {14} , {'66', '83', '31', '43', '75', '24', '64', '26', '41', '55', '5', '48', '14', '94', '23', '54', '88', '61', '82', '36', '58', '80', '9', '85', '67', '73', '46', '92', '3', '91', '90', '49', '29', '38', '86', '74', '79', '10', '62', '87', '51', '8', '22', '17', '59', '56', '11', '72', '93', '12', '65', '44', '39', '77', '37', '78', '89', '2', '50', '19', '15', '47', '30', '71', '20', '42', '84', '76', '21', '53'}
| +-- , 14 , {17, 37} , {'66', '83', '31', '43', '75', '24', '64', '26', '7', '55', '41', '5', '48', '14', '94', '23', '54', '88', '61', '36', '58', '80', '9', '85', '67', '81', '73', '46', '92', '3', '91', '6', '49', '90', '40', '29', '38', '34', '86', '74', '79', '10', '62', '87', '51', '25', '8', '57', '22', '59', '17', '56', '11', '72', '93', '12', '65', '44', '18', '39', '77', '13', '37', '78', '89', '2', '50', '19', '15', '47', '30', '69', '71', '20', '42', '84', '76', '21', '53'}
| | +-- , 17 , {35, 23} , {'66', '83', '75', '7', '55', '14', '88', '61', '36', '58', '9', '67', '81', '73', '46', '92', '3', '6', '40', '29', '86', '79', '10', '8', '22', '59', '17', '11', '72', '93', '65', '18', '77', '2', '15', '47', '30', '84', '76', '31', '43', '24', '64', '26', '41', '5', '94', '23', '54', '80', '85', '4', '1', '91', '49', '90', '34', '68', '74', '62', '87', '0', '51', '70', '52', '25', '57', '56', '12', '44', '39', '13', '37', '78', '89', '50', '69', '71', '20', '42', '21', '19', '53'}
| | | +-- , 35 , set() , {'83', '24', '70', '52', '57', '55', '59', '56', '93', '54', '36', '58', '9', '85', '67', '44', '81', '63', '92', '1', '77', '37', '91', '49', '29', '50', '15', '47', '30', '20', '42', '0'}
| | | +-- , 23 , {25} , {'66', '83', '75', '55', '14', '88', '61', '58', '9', '67', '81', '73', '92', '3', '6', '40', '29', '86', '79', '10', '35', '8', '22', '59', '11', '72', '93', '65', '18', '77', '2', '15', '30', '84', '76', '31', '43', '24', '64', '26', '41', '5', '94', '23', '54', '80', '85', '4', '1', '91', '49', '90', '34', '68', '74', '62', '87', '0', '51', '70', '52', '25', '57', '56', '12', '44', '39', '13', '37', '78', '89', '50', '69', '71', '20', '42', '21', '19', '53'}
| | | | +-- , 25 , {27} , {'66', '83', '16', '43', '75', '24', '64', '26', '41', '55', '5', '14', '94', '23', '54', '88', '61', '58', '80', '9', '85', '67', '81', '73', '4', '92', '3', '1', '91', '6', '90', '40', '29', '34', '86', '68', '74', '79', '10', '62', '87', '0', '51', '70', '35', '52', '25', '8', '57', '22', '59', '56', '11', '72', '93', '12', '65', '44', '18', '39', '77', '37', '78', '89', '2', '50', '19', '15', '69', '30', '71', '20', '42', '84', '76', '21', '53'}
| | | | | +-- , 27 , {29} , {'16', '83', '66', '43', '75', '24', '64', '26', '41', '55', '5', '14', '23', '33', '54', '88', '61', '58', '80', '85', '67', '81', '73', '4', '92', '3', '1', '91', '6', '90', '40', '29', '34', '86', '68', '74', '79', '10', '62', '87', '0', '51', '35', '52', '25', '8', '57', '22', '59', '56', '11', '72', '93', '12', '65', '44', '18', '39', '77', '37', '78', '89', '50', '15', '69', '30', '71', '20', '42', '84', '76', '19', '53', '21'}
| | | | | | +-- , 29 , {31} , {'16', '83', '66', '43', '75', '24', '64', '26', '41', '55', '5', '14', '23', '33', '54', '88', '61', '58', '80', '85', '67', '81', '73', '4', '92', '3', '1', '91', '6', '40', '29', '34', '86', '68', '74', '79', '10', '62', '0', '32', '51', '35', '52', '25', '8', '57', '22', '59', '56', '11', '72', '93', '12', '65', '44', '18', '39', '77', '37', '78', '89', '50', '15', '69', '30', '71', '20', '42', '84', '76', '19', '53', '21'}
| | | | | | | +-- , 31 , {33} , {'16', '83', '66', '43', '75', '24', '64', '26', '41', '55', '5', '14', '23', '33', '54', '88', '61', '80', '85', '81', '73', '4', '28', '92', '3', '1', '6', '40', '29', '34', '86', '68', '74', '79', '62', '0', '32', '35', '52', '8', '57', '22', '56', '11', '72', '93', '65', '44', '39', '77', '37', '15', '69', '30', '20', '42', '84', '76', '19', '53', '21'}
| | | | | | | | +-- , 33 , set() , {'16', '83', '43', '75', '24', '27', '35', '64', '52', '26', '8', '55', '57', '22', '5', '14', '56', '11', '23', '33', '72', '93', '54', '88', '61', '65', '62', '80', '85', '44', '81', '73', '4', '28', '92', '3', '39', '1', '37', '6', '77', '29', '34', '86', '60', '15', '69', '30', '74', '20', '42', '84', '76', '19', '53', '21', '0'}
| | +-- , 37 , set() , {'31', '51', '25', '8', '57', '7', '59', '5', '48', '56', '11', '85', '81', '73', '46', '18', '3', '39', '13', '37', '6', '40', '38', '2', '34', '50', '15', '69', '47', '45', '20', '53'}


Max number of edges with non zero Y: 46
Max number of iterations of outer rounding loop: 6
Max number of candidate sets: 2
Time spent rounding: 154.222
Time spent solving Separator LP: 151.155
Total time spent solving: 326.439

LP Solver: GaifmanNormal
Lower Bound Witness = ({'66', '83', '75', '27', '7', '55', '14', '33', '88', '61', '36', '58', '9', '67', '81', '73', '46', '92', '3', '6', '40', '29', '86', '79', '10', '32', '35', '8', '22', '59', '17', '11', '72', '93', '65', '18', '77', '2', '15', '47', '30', '84', '76', '16', '31', '43', '24', '64', '26', '41', '5', '94', '23', '54', '80', '85', '4', '63', '28', '1', '91', '49', '90', '34', '68', '74', '87', '62', '0', '51', '70', '52', '25', '57', '56', '12', '44', '39', '13', '37', '78', '89', '50', '60', '69', '71', '20', '42', '21', '19', '53'}, {'66', '83', '75', '7', '55', '14', '88', '61', '36', '58', '9', '67', '81', '73', '46', '92', '3', '6', '40', '29', '86', '79', '10', '8', '22', '59', '17', '11', '72', '93', '65', '18', '77', '2', '15', '47', '30', '84', '76', '31', '43', '24', '64', '26', '41', '5', '94', '23', '54', '80', '85', '1', '91', '49', '90', '34', '68', '74', '62', '87', '51', '52', '25', '57', '56', '12', '44', '39', '13', '37', '78', '89', '50', '69', '71', '20', '42', '21', '19', '53'})