14, 1.7923307300613494, 6.0, 6
+-- , 0 , {29, 5} , {'xL3J', 'xL22J', 'xL11J', 'xL4J', 'xL1J', 'xL5J', 'xL18J', 'xL10J', 'xL16J', 'xL24J', 'xL6J', 'xL15J'}
| +-- , 29 , set() , {'xL3J', 'xL22J', 'xL20J'}
| +-- , 5 , {7} , {'xL3J', 'xL22J', 'xL1J', 'xL10J', 'xL15J', 'xL11J', 'xL5J', 'xL18J', 'xL17J', 'xL16J', 'xL24J', 'xL6J'}
| | +-- , 7 , {11, 9, 27, 15} , {'xL3J', 'xL22J', 'xL1J', 'xL10J', 'xL15J', 'xL11J', 'xL13J', 'xL5J', 'xL18J', 'xL17J', 'xL16J', 'xL24J'}
| | | +-- , 11 , {13} , {'xL3J', 'xL22J', 'xL11J', 'xL13J', 'xL1J', 'xL9J', 'xL10J', 'xL24J', 'xL15J'}
| | | | +-- , 13 , set() , {'xL22J', 'xL11J', 'xL1J', 'xL9J', 'xL10J', 'xL0J', 'xL15J'}
| | | +-- , 9 , set() , {'xL3J', 'xL11J', 'xL13J', 'xL18J', 'xL2J'}
| | | +-- , 27 , set() , {'xL10J', 'xL8J', 'xL13J', 'xL16J'}
| | | +-- , 15 , {17, 19} , {'xL3J', 'xL22J', 'xL13J', 'xL1J', 'xL5J', 'xL18J', 'xL14J', 'xL17J', 'xL10J', 'xL15J'}
| | | | +-- , 17 , set() , {'xL19J', 'xL1J', 'xL14J'}
| | | | +-- , 19 , {21} , {'xL13J', 'xL1J', 'xL18J', 'xL14J', 'xL17J', 'xL10J', 'xL21J', 'xL15J'}
| | | | | +-- , 21 , {23} , {'xL13J', 'xL12J', 'xL1J', 'xL18J', 'xL17J', 'xL10J', 'xL21J', 'xL15J'}
| | | | | | +-- , 23 , {25} , {'xL13J', 'xL12J', 'xL1J', 'xL17J', 'xL10J', 'xL7J'}
| | | | | | | +-- , 25 , set() , {'xL12J', 'xL1J', 'xL23J', 'xL17J', 'xL7J'}


Max number of edges with non zero Y: 14
Max number of iterations of outer rounding loop: 8
Max number of candidate sets: 2
Time spent rounding: 20.350
Time spent solving Separator LP: 0.245

LP Solver: GaifmanNormal