10, 0, 7.583333333333333, 10
+-- , 11 , {9} , {'61', '42', '17', '58', '30', '39', '65', '22', '15', '34', '18', '3', '50', '55', '14', '62', '54', '19', '25', '27', '11', '23', '8', '9', '45', '37', '26'}
| +-- , 9 , {7, 13} , {'61', '42', '58', '40', '59', '29', '44', '63', '25', '0', '11', '23', '49', '8', '35', '9', '45', '1', '32', '2', '46', '37', '26', '52', '24', '66', '17', '30', '39', '22', '33', '51', '15', '34', '56', '18', '12', '3', '50', '55', '14', '60', '47', '64', '62', '54', '19', '48', '27', '53', '21'}
| | +-- , 7 , {5} , {'61', '42', '58', '40', '59', '29', '44', '63', '25', '0', '11', '23', '49', '35', '9', '45', '1', '32', '2', '46', '37', '26', '52', '10', '24', '66', '17', '4', '30', '39', '43', '22', '33', '51', '15', '34', '56', '18', '12', '3', '50', '55', '14', '60', '47', '64', '62', '54', '19', '48', '27', '53', '21'}
| | | +-- , 5 , {17, 3} , {'61', '42', '5', '58', '40', '59', '29', '44', '63', '25', '16', '0', '11', '23', '49', '35', '9', '45', '1', '32', '2', '46', '37', '26', '52', '10', '24', '66', '17', '31', '4', '30', '39', '43', '22', '33', '51', '15', '34', '56', '18', '12', '3', '55', '14', '60', '47', '64', '62', '54', '19', '48', '27', '13', '53', '21'}
| | | | +-- , 17 , set() , {'61', '42', '31', '58', '30', '39', '43', '40', '33', '59', '15', '6', '18', '55', '28', '60', '47', '62', '63', '25', '48', '11', '13', '9', '45', '53', '32'}
| | | | +-- , 3 , {0} , {'61', '42', '5', '59', '29', '7', '44', '63', '25', '16', '0', '23', '49', '35', '9', '45', '1', '32', '2', '46', '37', '26', '52', '10', '24', '66', '17', '31', '4', '30', '43', '22', '33', '51', '15', '34', '56', '18', '12', '3', '55', '14', '60', '47', '64', '62', '54', '19', '48', '27', '13', '53', '21'}
| | | | | +-- , 0 , {19} , {'61', '24', '42', '5', '66', '17', '31', '4', '30', '43', '22', '33', '59', '29', '7', '51', '15', '56', '12', '3', '44', '38', '55', '14', '60', '47', '64', '63', '62', '54', '19', '25', '16', '48', '0', '27', '23', '13', '49', '35', '9', '45', '1', '32', '2', '53', '21', '46', '37', '26', '52', '10'}
| | | | | | +-- , 19 , set() , {'25', '16', '15', '24', '42', '1', '57', '55', '13', '59'}
| | +-- , 13 , {15} , {'61', '42', '58', '59', '44', '63', '25', '0', '11', '23', '49', '8', '35', '45', '1', '32', '2', '46', '37', '20', '26', '52', '24', '66', '17', '30', '39', '33', '51', '34', '56', '18', '12', '3', '50', '55', '14', '60', '64', '62', '54', '19', '48', '53', '21'}
| | | +-- , 15 , set() , {'61', '24', '66', '17', '58', '30', '39', '33', '59', '34', '56', '18', '12', '50', '55', '14', '44', '64', '62', '63', '19', '25', '48', '0', '11', '41', '23', '49', '35', '45', '1', '53', '2', '32', '21', '46', '37', '36', '20', '52'}


Max number of edges with non zero Y: 21
Max number of iterations of outer rounding loop: 5
Max number of candidate sets: 2
Time spent rounding: 0.450
Time spent solving Separator LP: 0.017
Total time spent solving: 0.826

LP Solver: gammaPlusFractionalCoverHeuristic
Number of Rounding Attemps: 4
Lower Bound Witness = ({'61', '24', '42', '5', '66', '17', '31', '58', '4', '30', '57', '65', '39', '43', '22', '40', '33', '59', '29', '7', '51', '15', '34', '6', '56', '18', '12', '3', '50', '55', '38', '28', '14', '44', '60', '47', '62', '54', '64', '19', '63', '25', '16', '48', '0', '27', '11', '41', '23', '13', '49', '8', '35', '9', '45', '1', '53', '2', '32', '21', '46', '37', '36', '20', '26', '52', '10'}, {'7', '5', '30', '50', '19'})