22, 2.12440138277512, 8.0, 8
+-- , 0 , {48, 50, 6} , {'xL36J', 'xL12J', 'xL38J', 'xL26J', 'xL25J', 'xL5J', 'xL9J', 'xL3J', 'xL8J', 'xL27J', 'xL33J', 'xL4J', 'xL15J'}
| +-- , 48 , set() , {'xL12J', 'xL13J', 'xL25J', 'xL8J'}
| +-- , 50 , set() , {'xL15J', 'xL18J', 'xL12J', 'xL8J'}
| +-- , 6 , {42, 10, 44, 12} , {'xL36J', 'xL1J', 'xL23J', 'xL38J', 'xL26J', 'xL25J', 'xL5J', 'xL9J', 'xL3J', 'xL8J', 'xL27J', 'xL33J', 'xL4J', 'xL15J'}
| | +-- , 42 , set() , {'xL1J', 'xL3J', 'xL21J'}
| | +-- , 10 , set() , {'xL19J', 'xL1J', 'xL38J', 'xL26J', 'xL3J'}
| | +-- , 44 , {46} , {'xL36J', 'xL23J', 'xL38J', 'xL34J'}
| | | +-- , 46 , set() , {'xL23J', 'xL31J', 'xL38J', 'xL34J'}
| | +-- , 12 , {14} , {'xL1J', 'xL25J', 'xL3J', 'xL8J', 'xL4J', 'xL36J', 'xL7J', 'xL23J', 'xL26J', 'xL5J', 'xL9J', 'xL27J', 'xL33J', 'xL15J'}
| | | +-- , 14 , {40, 18} , {'xL1J', 'xL10J', 'xL25J', 'xL3J', 'xL8J', 'xL4J', 'xL36J', 'xL7J', 'xL20J', 'xL26J', 'xL5J', 'xL9J', 'xL27J', 'xL33J', 'xL15J'}
| | | | +-- , 40 , set() , {'xL20J', 'xL16J'}
| | | | +-- , 18 , {34, 20, 22} , {'xL1J', 'xL10J', 'xL25J', 'xL3J', 'xL8J', 'xL4J', 'xL36J', 'xL7J', 'xL28J', 'xL26J', 'xL9J', 'xL5J', 'xL27J', 'xL33J', 'xL15J'}
| | | | | +-- , 34 , {36} , {'xL36J', 'xL1J', 'xL7J', 'xL28J', 'xL2J', 'xL25J', 'xL27J', 'xL8J', 'xL22J', 'xL39J'}
| | | | | | +-- , 36 , {38} , {'xL0J', 'xL37J', 'xL22J', 'xL2J', 'xL39J', 'xL25J'}
| | | | | | | +-- , 38 , set() , {'xL11J', 'xL2J', 'xL37J'}
| | | | | +-- , 20 , set() , {'xL1J', 'xL28J', 'xL5J', 'xL27J', 'xL17J', 'xL33J', 'xL4J', 'xL15J'}
| | | | | +-- , 22 , {24} , {'xL36J', 'xL1J', 'xL14J', 'xL10J', 'xL28J', 'xL26J', 'xL9J', 'xL4J', 'xL15J'}
| | | | | | +-- , 24 , {32, 26} , {'xL1J', 'xL14J', 'xL10J', 'xL28J', 'xL30J', 'xL26J', 'xL9J', 'xL4J', 'xL15J', 'xL6J'}
| | | | | | | +-- , 32 , set() , {'xL6J', 'xL24J'}
| | | | | | | +-- , 26 , {28, 30} , {'xL1J', 'xL10J', 'xL28J', 'xL32J', 'xL30J', 'xL9J', 'xL4J', 'xL6J'}
| | | | | | | | +-- , 28 , set() , {'xL32J', 'xL30J', 'xL29J', 'xL28J'}
| | | | | | | | +-- , 30 , set() , {'xL10J', 'xL28J', 'xL32J', 'xL35J', 'xL4J'}


Max number of edges with non zero Y: 22
Max number of iterations of outer rounding loop: 7
Max number of candidate sets: 2
Time spent rounding: 43.223
Time spent solving Separator LP: 1.319

LP Solver: GaifmanNormal