22, 4.999999609144775, 8.0, 8
+-- , 0 , {49, 3, 45} , {'xL36J', 'xL1J', 'xL14J', 'xL10J', 'xL37J', 'xL2J', 'xL11J', 'xL9J', 'xL8J', 'xL6J'}
| +-- , 49 , set() , {'xL6J', 'xL24J'}
| +-- , 3 , {8} , {'xL1J', 'xL14J', 'xL10J', 'xL37J', 'xL2J', 'xL25J', 'xL8J', 'xL22J', 'xL36J', 'xL32J', 'xL9J', 'xL27J', 'xL6J'}
| | +-- , 8 , {43, 10} , {'xL36J', 'xL1J', 'xL14J', 'xL10J', 'xL28J', 'xL32J', 'xL2J', 'xL25J', 'xL9J', 'xL3J', 'xL8J', 'xL27J', 'xL22J', 'xL6J'}
| | | +-- , 43 , set() , {'xL1J', 'xL3J', 'xL21J'}
| | | +-- , 10 , {12} , {'xL1J', 'xL14J', 'xL10J', 'xL38J', 'xL2J', 'xL25J', 'xL3J', 'xL8J', 'xL36J', 'xL28J', 'xL32J', 'xL9J', 'xL27J', 'xL6J'}
| | | | +-- , 12 , {17, 15} , {'xL1J', 'xL14J', 'xL10J', 'xL38J', 'xL2J', 'xL25J', 'xL3J', 'xL8J', 'xL36J', 'xL28J', 'xL32J', 'xL26J', 'xL5J', 'xL27J', 'xL6J'}
| | | | | +-- , 17 , {41, 19} , {'xL1J', 'xL14J', 'xL10J', 'xL38J', 'xL2J', 'xL25J', 'xL8J', 'xL36J', 'xL12J', 'xL28J', 'xL32J', 'xL26J', 'xL5J', 'xL27J'}
| | | | | | +-- , 41 , set() , {'xL12J', 'xL13J', 'xL25J', 'xL8J'}
| | | | | | +-- , 19 , {21, 39} , {'xL36J', 'xL1J', 'xL14J', 'xL10J', 'xL12J', 'xL28J', 'xL32J', 'xL38J', 'xL2J', 'xL30J', 'xL25J', 'xL5J', 'xL27J', 'xL8J'}
| | | | | | | +-- , 21 , {35, 37, 25, 31} , {'xL1J', 'xL10J', 'xL38J', 'xL2J', 'xL30J', 'xL25J', 'xL8J', 'xL36J', 'xL12J', 'xL28J', 'xL32J', 'xL20J', 'xL5J', 'xL27J', 'xL15J'}
| | | | | | | | +-- , 35 , set() , {'xL15J', 'xL18J', 'xL12J', 'xL8J'}
| | | | | | | | +-- , 37 , set() , {'xL20J', 'xL16J'}
| | | | | | | | +-- , 25 , {27, 29} , {'xL36J', 'xL23J', 'xL31J', 'xL38J', 'xL2J', 'xL27J', 'xL8J', 'xL15J'}
| | | | | | | | | +-- , 27 , set() , {'xL7J', 'xL23J', 'xL2J', 'xL27J'}
| | | | | | | | | +-- , 29 , set() , {'xL23J', 'xL31J', 'xL36J', 'xL34J'}
| | | | | | | | +-- , 31 , {33} , {'xL1J', 'xL10J', 'xL38J', 'xL25J', 'xL17J', 'xL28J', 'xL32J', 'xL20J', 'xL5J', 'xL27J', 'xL33J', 'xL15J'}
| | | | | | | | | +-- , 33 , set() , {'xL10J', 'xL28J', 'xL32J', 'xL38J', 'xL25J', 'xL35J', 'xL17J', 'xL4J', 'xL15J'}
| | | | | | | +-- , 39 , set() , {'xL32J', 'xL30J', 'xL29J', 'xL28J'}
| | | | | +-- , 15 , set() , {'xL19J', 'xL1J', 'xL38J', 'xL26J', 'xL3J'}
| +-- , 45 , {47} , {'xL1J', 'xL37J', 'xL2J', 'xL39J'}
| | +-- , 47 , set() , {'xL39J', 'xL0J', 'xL37J'}


Max number of edges with non zero Y: 6
Max number of iterations of outer rounding loop: 0
Max number of candidate sets: 0
Time spent rounding: 0.000
Time spent solving Separator LP: 10.966

LP Solver: GaifmanNormalILP