8, 2.2603329155900513, 5.0, 7
+-- , 0 , {18, 14} , {'xL11J', 'xL18J', 'xL22J', 'xL29J', 'xL7J', 'xL4J', 'xL2J', 'xL25J', 'xL9J', 'xL31J', 'xL26J', 'xL27J', 'xL8J', 'xL23J', 'xL24J', 'xL38J', 'xL30J', 'xL13J', 'xL33J', 'xL6J', 'xL12J', 'xL21J', 'xL14J', 'xL37J', 'xL32J', 'xL35J', 'xL28J', 'xL16J', 'xL20J', 'xL0J', 'xL36J', 'xL3J'}
| +-- , 18 , {26, 20} , {'xL11J', 'xL18J', 'xL22J', 'xL29J', 'xL4J', 'xL2J', 'xL25J', 'xL9J', 'xL31J', 'xL26J', 'xL27J', 'xL8J', 'xL23J', 'xL24J', 'xL30J', 'xL13J', 'xL33J', 'xL6J', 'xL12J', 'xL14J', 'xL32J', 'xL28J', 'xL35J', 'xL16J', 'xL17J', 'xL20J', 'xL0J', 'xL36J', 'xL3J'}
| | +-- , 26 , set() , {'xL22J', 'xL34J', 'xL24J', 'xL17J', 'xL25J', 'xL3J', 'xL30J'}
| | +-- , 20 , {24, 22} , {'xL11J', 'xL18J', 'xL22J', 'xL29J', 'xL4J', 'xL2J', 'xL25J', 'xL9J', 'xL31J', 'xL26J', 'xL27J', 'xL8J', 'xL23J', 'xL24J', 'xL30J', 'xL13J', 'xL33J', 'xL6J', 'xL12J', 'xL14J', 'xL32J', 'xL28J', 'xL35J', 'xL17J', 'xL20J', 'xL1J', 'xL0J', 'xL3J'}
| | | +-- , 24 , set() , {'xL11J', 'xL18J', 'xL22J', 'xL29J', 'xL4J', 'xL9J', 'xL27J', 'xL23J', 'xL5J', 'xL30J', 'xL6J', 'xL12J', 'xL14J', 'xL32J', 'xL28J', 'xL35J', 'xL20J', 'xL1J', 'xL0J', 'xL10J', 'xL3J'}
| | | +-- , 22 , set() , {'xL33J', 'xL18J', 'xL23J', 'xL22J', 'xL2J', 'xL24J', 'xL17J', 'xL25J', 'xL9J', 'xL19J', 'xL1J', 'xL14J', 'xL32J', 'xL3J'}
| +-- , 14 , {16} , {'xL11J', 'xL18J', 'xL22J', 'xL29J', 'xL7J', 'xL4J', 'xL9J', 'xL31J', 'xL27J', 'xL8J', 'xL23J', 'xL15J', 'xL24J', 'xL38J', 'xL30J', 'xL13J', 'xL6J', 'xL12J', 'xL21J', 'xL14J', 'xL37J', 'xL28J', 'xL35J', 'xL16J', 'xL0J', 'xL36J'}
| | +-- , 16 , set() , {'xL18J', 'xL29J', 'xL7J', 'xL4J', 'xL9J', 'xL31J', 'xL27J', 'xL23J', 'xL15J', 'xL24J', 'xL39J', 'xL38J', 'xL13J', 'xL6J', 'xL12J', 'xL21J', 'xL14J', 'xL37J', 'xL28J', 'xL35J', 'xL16J', 'xL0J', 'xL36J'}


Max number of edges with non zero Y: 30
Max number of iterations of outer rounding loop: 8
Max number of candidate sets: 2
Time spent rounding: 59.958
Time spent solving Separator LP: 16.669

LP Solver: GaifmanNormal8, 2.327165157898367, 5.437956204379563, 8
+-- , 0 , {34, 22} , {'xL36J', 'xL10J', 'xL9J', 'xL25J', 'xL3J', 'xL38J', 'xL1J', 'xL23J', 'xL29J', 'xL27J', 'xL17J', 'xL31J', 'xL32J', 'xL21J', 'xL22J', 'xL13J', 'xL30J', 'xL14J', 'xL39J', 'xL33J', 'xL11J', 'xL7J', 'xL6J', 'xL24J', 'xL20J', 'xL35J', 'xL4J', 'xL8J', 'xL28J', 'xL16J', 'xL26J', 'xL12J', 'xL0J'}
| +-- , 34 , set() , {'xL17J', 'xL34J', 'xL22J', 'xL25J', 'xL3J', 'xL30J', 'xL24J'}
| +-- , 22 , {24} , {'xL36J', 'xL10J', 'xL9J', 'xL25J', 'xL3J', 'xL38J', 'xL1J', 'xL23J', 'xL29J', 'xL27J', 'xL17J', 'xL32J', 'xL31J', 'xL22J', 'xL21J', 'xL13J', 'xL30J', 'xL14J', 'xL39J', 'xL33J', 'xL11J', 'xL7J', 'xL6J', 'xL24J', 'xL15J', 'xL20J', 'xL35J', 'xL4J', 'xL8J', 'xL28J', 'xL16J', 'xL12J', 'xL0J'}
| | +-- , 24 , {32, 26, 30} , {'xL36J', 'xL10J', 'xL9J', 'xL25J', 'xL3J', 'xL38J', 'xL1J', 'xL23J', 'xL18J', 'xL29J', 'xL27J', 'xL17J', 'xL32J', 'xL31J', 'xL22J', 'xL21J', 'xL13J', 'xL14J', 'xL39J', 'xL33J', 'xL11J', 'xL7J', 'xL6J', 'xL24J', 'xL15J', 'xL20J', 'xL35J', 'xL4J', 'xL8J', 'xL28J', 'xL16J', 'xL12J', 'xL0J'}
| | | +-- , 32 , set() , {'xL18J', 'xL35J', 'xL4J', 'xL14J', 'xL10J', 'xL9J', 'xL32J', 'xL22J', 'xL28J', 'xL12J', 'xL3J', 'xL5J', 'xL1J', 'xL23J', 'xL11J', 'xL29J'}
| | | +-- , 26 , {28} , {'xL36J', 'xL7J', 'xL9J', 'xL25J', 'xL3J', 'xL33J', 'xL24J', 'xL38J', 'xL1J', 'xL23J', 'xL18J', 'xL29J', 'xL20J', 'xL35J', 'xL17J', 'xL32J', 'xL31J', 'xL22J', 'xL28J', 'xL16J', 'xL12J', 'xL2J', 'xL14J', 'xL11J'}
| | | | +-- , 28 , set() , {'xL23J', 'xL14J', 'xL17J', 'xL9J', 'xL32J', 'xL22J', 'xL25J', 'xL3J', 'xL19J', 'xL24J', 'xL2J', 'xL1J', 'xL33J', 'xL18J'}
| | | +-- , 30 , set() , {'xL3J', 'xL23J', 'xL18J', 'xL29J', 'xL27J', 'xL32J', 'xL31J', 'xL22J', 'xL21J', 'xL13J', 'xL14J', 'xL39J', 'xL33J', 'xL37J', 'xL6J', 'xL24J', 'xL15J', 'xL20J', 'xL35J', 'xL8J', 'xL28J', 'xL16J', 'xL0J'}


Max number of edges with non zero Y: 31
Max number of iterations of outer rounding loop: 9
Max number of candidate sets: 2
Time spent rounding: 111.386
Time spent solving Separator LP: 26.422

LP Solver: GaifmanNormal