65, 0, 9.0, 9
+-- , 0 , {128, 3, 132, 104, 114, 116, 118, 120, 124} , {'xL0J', 'xL8J', 'zL65J', 'xL4J', 'xL9J', 'zL3J', 'xL6J', 'zL17J', 'w5', 'xL7J', 'zL78J', 'w6', 'xL5J', 'zL66J'}
| +-- , 128 , {130} , {'xL8J', 'zL67J', 'zL66J', 'xL6J'}
| | +-- , 130 , set() , {'xL8J', 'zL67J', 'w19'}
| +-- , 3 , {5} , {'xL0J', 'zL11J', 'xL4J', 'xL9J', 'xL6J', 'zL15J', 'zL17J', 'xL7J', 'zL78J', 'zL2J', 'w6', 'xL8J', 'zL65J', 'yL3J', 'zL12J', 'zL3J', 'w5', 'xL5J'}
| | +-- , 5 , {7} , {'xL0J', 'zL11J', 'xL4J', 'xL9J', 'zL33J', 'xL6J', 'zL15J', 'zL17J', 'zL14J', 'xL7J', 'zL78J', 'zL32J', 'zL2J', 'xL8J', 'zL65J', 'zL12J', 'zL10J', 'xL5J'}
| | | +-- , 7 , {9} , {'xL0J', 'xL4J', 'xL9J', 'zL33J', 'xL6J', 'zL13J', 'zL17J', 'zL14J', 'xL7J', 'zL78J', 'zL32J', 'zL2J', 'xL8J', 'zL65J', 'zL12J', 'zL10J', 'xL5J'}
| | | | +-- , 9 , {11, 100} , {'xL0J', 'xL4J', 'xL9J', 'zL33J', 'xL6J', 'zL13J', 'zL17J', 'zL16J', 'xL7J', 'xL2J', 'zL32J', 'zL78J', 'zL71J', 'xL8J', 'zL65J', 'xL5J', 'zL12J', 'zL10J', 'w20', 'zL2J'}
| | | | | +-- , 11 , {98, 13} , {'xL0J', 'zL30J', 'xL4J', 'xL9J', 'zL33J', 'zL16J', 'xL6J', 'xL7J', 'zL78J', 'zL32J', 'zL2J', 'xL2J', 'zL71J', 'xL8J', 'zL31J', 'zL65J', 'xL5J'}
| | | | | | +-- , 98 , set() , {'zL31J', 'xL9J', 'w10'}
| | | | | | +-- , 13 , {18, 94} , {'xL0J', 'zL73J', 'xL7J', 'xL2J', 'zL32J', 'zL41J', 'zL2J', 'zL30J', 'xL4J', 'xL9J', 'zL33J', 'zL16J', 'xL6J', 'zL78J', 'zL71J', 'xL8J', 'zL65J', 'zL74J', 'xL5J', 'zL42J'}
| | | | | | | +-- , 18 , {32, 66, 72, 74, 80, 20, 84, 30} , {'xL0J', 'zL73J', 'zL30J', 'xL4J', 'xL9J', 'zL33J', 'xL6J', 'zL16J', 'xL7J', 'xL2J', 'zL32J', 'zL78J', 'zL71J', 'xL8J', 'xL1J', 'zL65J', 'xL5J', 'zL43J', 'zL74J', 'zL2J', 'zL42J'}
| | | | | | | | +-- , 32 , {64, 34, 40, 42, 44, 48, 54, 56} , {'xL0J', 'zL30J', 'xL4J', 'xL9J', 'xL6J', 'zL16J', 'xL7J', 'xL2J', 'zL32J', 'zL78J', 'yL4J', 'zL75J', 'xL8J', 'xL1J', 'zL65J', 'zL28J', 'zL29J', 'zL74J', 'zL2J', 'xL3J'}
| | | | | | | | | +-- , 64 , set() , {'xL3J', 'zL28J', 'yL7J'}
| | | | | | | | | +-- , 34 , {36} , {'xL7J', 'xL3J', 'zL2J', 'zL1J', 'xL9J'}
| | | | | | | | | | +-- , 36 , {38} , {'zL0J', 'xL9J', 'zL1J', 'xL3J'}
| | | | | | | | | | | +-- , 38 , set() , {'zL0J', 'xL9J', 'yL0J'}
| | | | | | | | | +-- , 40 , set() , {'zL5J', 'w4', 'xL1J', 'zL4J', 'xL4J', 'zL7J', 'xL6J', 'yL1J', 'xL7J', 'zL6J', 'xL3J'}
| | | | | | | | | +-- , 42 , set() , {'w21', 'xL3J', 'zL75J'}
| | | | | | | | | +-- , 44 , {46} , {'xL0J', 'zL64J', 'zL65J', 'xL3J'}
| | | | | | | | | | +-- , 46 , set() , {'xL0J', 'yL16J', 'zL64J'}
| | | | | | | | | +-- , 48 , {50} , {'zL77J', 'zL78J', 'xL7J', 'xL4J', 'xL3J'}
| | | | | | | | | | +-- , 50 , {52} , {'zL77J', 'xL7J', 'xL3J', 'zL76J'}
| | | | | | | | | | | +-- , 52 , set() , {'yL19J', 'xL3J', 'zL76J'}
| | | | | | | | | +-- , 54 , set() , {'yL8J', 'xL3J', 'zL32J'}
| | | | | | | | | +-- , 56 , {58, 62} , {'xL0J', 'xL8J', 'xL7J', 'xL2J', 'zL48J', 'zL49J', 'xL3J'}
| | | | | | | | | | +-- , 58 , {60} , {'xL0J', 'zL50J', 'xL2J', 'zL49J', 'xL3J'}
| | | | | | | | | | | +-- , 60 , set() , {'xL0J', 'w15', 'xL3J', 'zL50J', 'zL51J'}
| | | | | | | | | | +-- , 62 , set() , {'yL12J', 'zL48J', 'xL7J'}
| | | | | | | | +-- , 66 , {68} , {'xL8J', 'xL1J', 'zL70J', 'xL6J', 'xL7J', 'zL71J'}
| | | | | | | | | +-- , 68 , {70} , {'zL69J', 'xL8J', 'zL70J', 'xL7J', 'zL68J', 'xL6J'}
| | | | | | | | | | +-- , 70 , set() , {'zL68J', 'yL17J', 'xL7J'}
| | | | | | | | +-- , 72 , set() , {'xL4J', 'w13', 'zL43J'}
| | | | | | | | +-- , 74 , {76} , {'xL1J', 'xL2J', 'xL4J', 'zL33J', 'zL34J'}
| | | | | | | | | +-- , 76 , {78} , {'xL1J', 'zL35J', 'xL4J', 'zL34J'}
| | | | | | | | | | +-- , 78 , set() , {'xL4J', 'zL35J', 'w11'}
| | | | | | | | +-- , 80 , {82} , {'zL72J', 'xL1J', 'zL73J', 'xL2J'}
| | | | | | | | | +-- , 82 , set() , {'zL72J', 'yL18J', 'xL1J'}
| | | | | | | | +-- , 20 , {26, 22} , {'xL1J', 'xL9J', 'xL6J', 'xL2J', 'zL57J', 'xL5J', 'zL58J'}
| | | | | | | | | +-- , 26 , {28} , {'xL1J', 'zL59J', 'xL5J', 'zL58J'}
| | | | | | | | | | +-- , 28 , set() , {'zL59J', 'xL5J', 'w17'}
| | | | | | | | | +-- , 22 , {24} , {'xL2J', 'zL57J', 'zL56J', 'xL9J'}
| | | | | | | | | | +-- , 24 , set() , {'zL56J', 'xL9J', 'yL14J'}
| | | | | | | | +-- , 84 , {86} , {'xL0J', 'xL8J', 'xL1J', 'w14', 'xL9J', 'zL47J', 'xL2J'}
| | | | | | | | | +-- , 86 , {88} , {'xL0J', 'xL1J', 'xL9J', 'zL47J', 'zL46J', 'xL2J'}
| | | | | | | | | | +-- , 88 , {90} , {'xL1J', 'zL46J', 'xL2J', 'xL9J', 'zL45J'}
| | | | | | | | | | | +-- , 90 , {92} , {'zL44J', 'xL2J', 'xL9J', 'zL45J'}
| | | | | | | | | | | | +-- , 92 , set() , {'yL11J', 'xL9J', 'zL44J'}
| | | | | | | | +-- , 30 , set() , {'xL0J', 'zL38J', 'xL1J', 'zL37J', 'xL4J', 'xL9J', 'zL36J', 'w12', 'yL9J', 'xL7J', 'zL39J'}
| | | | | | | +-- , 94 , {96} , {'zL40J', 'xL9J', 'xL6J', 'zL41J'}
| | | | | | | | +-- , 96 , set() , {'xL9J', 'zL40J', 'yL10J'}
| | | | | +-- , 100 , {102} , {'zL9J', 'xL2J', 'xL4J', 'xL9J', 'zL10J'}
| | | | | | +-- , 102 , set() , {'zL9J', 'zL8J', 'xL4J', 'yL2J', 'xL2J'}
| +-- , 132 , set() , {'xL5J', 'w3', 'zL3J'}
| +-- , 104 , {106} , {'xL0J', 'xL8J', 'xL9J', 'xL6J', 'yL15J', 'zL60J', 'xL5J'}
| | +-- , 106 , {108} , {'xL0J', 'xL8J', 'zL61J', 'xL9J', 'zL60J', 'xL5J'}
| | | +-- , 108 , {110} , {'xL0J', 'xL8J', 'xL5J', 'zL61J', 'zL62J'}
| | | | +-- , 110 , {112} , {'xL8J', 'xL0J', 'zL63J', 'zL62J'}
| | | | | +-- , 112 , set() , {'w18', 'xL0J', 'zL63J'}
| +-- , 114 , set() , {'xL0J', 'xL8J', 'zL52J', 'xL4J', 'zL54J', 'xL9J', 'zL53J', 'zL55J', 'xL5J', 'w16', 'yL13J'}
| +-- , 116 , set() , {'xL8J', 'zL27J', 'xL4J', 'zL26J', 'xL9J', 'xL6J', 'zL24J', 'zL25J', 'xL7J', 'yL6J', 'w9'}
| +-- , 118 , set() , {'xL0J', 'xL8J', 'zL22J', 'zL23J', 'w8', 'xL9J', 'xL6J', 'zL20J', 'xL7J', 'yL5J', 'zL21J'}
| +-- , 120 , {122} , {'xL0J', 'zL17J', 'xL7J', 'xL4J', 'zL18J'}
| | +-- , 122 , set() , {'w7', 'xL4J', 'zL18J', 'zL19J', 'xL7J'}
| +-- , 124 , {126} , {'zL78J', 'xL5J', 'xL9J', 'zL79J'}
| | +-- , 126 , set() , {'xL5J', 'zL79J', 'w22'}


Max number of edges with non zero Y: 61
Max number of iterations of outer rounding loop: 5
Max number of candidate sets: 2
Time spent rounding: 11.258
Time spent solving Separator LP: 0.044
Total time spent solving: 16.013

LP Solver: gammaPlusFractionalCoverHeuristic
Lower Bound Witness = ({'zL77J', 'zL35J', 'zL14J', 'zL55J', 'zL66J', 'zL27J', 'w15', 'zL67J', 'w21', 'yL18J', 'zL36J', 'zL25J', 'zL1J', 'zL72J', 'zL30J', 'zL15J', 'zL50J', 'yL5J', 'zL59J', 'xL8J', 'xL1J', 'zL31J', 'zL56J', 'zL3J', 'zL76J', 'zL64J', 'zL29J', 'yL2J', 'xL5J', 'zL39J', 'yL6J', 'w17', 'w11', 'zL69J', 'zL5J', 'zL70J', 'zL7J', 'zL20J', 'zL24J', 'zL47J', 'zL2J', 'zL38J', 'zL11J', 'zL62J', 'zL19J', 'zL46J', 'zL79J', 'zL21J', 'w7', 'zL65J', 'zL28J', 'zL54J', 'yL3J', 'yL19J', 'yL9J', 'yL15J', 'zL57J', 'zL58J', 'yL13J', 'zL42J', 'xL0J', 'zL40J', 'zL37J', 'zL4J', 'yL0J', 'yL10J', 'yL14J', 'xL2J', 'yL4J', 'w9', 'zL43J', 'zL61J', 'zL53J', 'yL1J', 'zL60J', 'zL48J', 'zL9J', 'zL22J', 'zL52J', 'zL18J', 'w14', 'xL9J', 'zL33J', 'xL6J', 'zL34J', 'zL16J', 'w3', 'zL78J', 'w19', 'zL6J', 'zL49J', 'zL71J', 'w22', 'zL8J', 'zL26J', 'zL63J', 'zL12J', 'zL45J', 'yL8J', 'zL10J', 'w12', 'yL11J', 'yL16J', 'zL74J', 'zL68J', 'zL51J', 'xL3J', 'zL73J', 'w8', 'zL13J', 'zL17J', 'yL12J', 'zL0J', 'xL7J', 'zL44J', 'zL32J', 'w18', 'zL41J', 'w5', 'w20', 'w16', 'yL7J', 'xL4J', 'zL23J', 'w13', 'w10', 'w6', 'zL75J', 'w4', 'yL17J'}, {'yL7J', 'zL17J', 'zL78J', 'zL71J', 'zL66J'})