40, 4.0, 6.0, 6
+-- , 0 , {3, 38} , {'xL8JL8J', 'xL9JL9J', 'xL4JL5J', 'xL5JL5J', 'xL5JL3J', 'xL6JL5J'}
| +-- , 3 , {5} , {'xL9JL11J', 'xL9JL9J', 'xL9JL10J', 'xL4JL5J', 'xL4JL3J', 'xL1JL3J', 'xL3JL3J', 'xL8JL8J', 'xL2JL3J', 'xL5JL5J', 'xL5JL3J'}
| | +-- , 5 , {7} , {'xL9JL11J', 'xL9JL10J', 'xL4JL5J', 'xL6JL8J', 'xL4JL3J', 'xL1JL3J', 'xL7JL8J', 'xL3JL3J', 'xL8JL8J', 'xL2JL3J', 'xL5JL5J'}
| | | +-- , 7 , {9, 19} , {'xL9JL11J', 'xL9JL10J', 'xL4JL5J', 'xL6JL8J', 'xL4JL3J', 'xL5JL7J', 'xL1JL3J', 'xL7JL8J', 'xL3JL3J', 'xL2JL3J', 'xL4JL9J', 'xL5JL5J'}
| | | | +-- , 9 , {11} , {'xL5JL7J', 'xL9JL11J', 'xL7JL8J', 'xL6JL7J', 'xL9JL10J', 'xL4JL9J', 'xL6JL8J'}
| | | | | +-- , 11 , {13} , {'xL5JL9J', 'xL6JL9J', 'xL4JL9J', 'xL9JL11J', 'xL7JL8J', 'xL7JL9J', 'xL6JL7J', 'xL9JL10J', 'xL6JL8J'}
| | | | | | +-- , 13 , {15} , {'xL5JL9J', 'xL6JL11J', 'xL6JL9J', 'xL9JL11J', 'xL7JL10J', 'xL7JL8J', 'xL5JL10J', 'xL7JL9J', 'xL6JL7J', 'xL9JL10J', 'xL6JL10J', 'xL6JL8J', 'xL5JL11J'}
| | | | | | | +-- , 15 , {17} , {'xL9JL10J', 'xL9JL11J', 'xL8JL10J', 'xL7JL10J', 'xL5JL10J', 'xL6JL10J'}
| | | | | | | | +-- , 17 , set() , {'xL8JL11J', 'xL9JL11J', 'xL8JL10J'}
| | | | +-- , 19 , {33, 21} , {'xL4JL3J', 'xL1JL3J', 'xL5JL7J', 'xL3JL3J', 'xL4JL4J', 'xL2JL3J', 'xL4JL5J', 'xL4JL9J', 'xL5JL5J', 'xL4JL6J', 'xL5JL6J'}
| | | | | +-- , 33 , {35} , {'xL2JL4J', 'xL3JL4J', 'xL1JL3J', 'xL3JL3J', 'xL4JL4J', 'xL1JL4J', 'xL2JL3J'}
| | | | | | +-- , 35 , set() , {'xL2JL4J', 'xL3JL2J', 'xL3JL4J', 'xL2JL1J', 'xL2JL5J', 'xL1JL4J', 'xL3JL1J', 'xL1JL3J', 'xL3JL3J', 'xL2JL3J', 'xL2JL2J', 'xL1JL5J'}
| | | | | +-- , 21 , {23} , {'xL4JL8J', 'xL4JL9J', 'xL3JL6J', 'xL4JL6J', 'xL5JL6J'}
| | | | | | +-- , 23 , {25} , {'xL3JL8J', 'xL4JL8J', 'xL3JL7J', 'xL3JL6J'}
| | | | | | | +-- , 25 , {27} , {'xL3JL8J', 'xL4JL8J', 'xL2JL8J', 'xL3JL7J', 'xL1JL8J'}
| | | | | | | | +-- , 27 , {29} , {'xL3JL7J', 'xL1JL8J', 'xL2JL7J', 'xL2JL8J', 'xL1JL7J'}
| | | | | | | | | +-- , 29 , {31} , {'xL2JL10J', 'xL1JL8J', 'xL1JL9J', 'xL2JL7J', 'xL2JL11J', 'xL1JL10J', 'xL2JL8J', 'xL1JL7J', 'xL2JL9J'}
| | | | | | | | | | +-- , 31 , set() , {'xL2JL10J', 'xL2JL11J', 'xL1JL10J', 'xL3JL11J', 'xL3JL10J'}
| +-- , 38 , {40} , {'xL6JL4J', 'xL8JL8J', 'xL9JL9J', 'xL6JL5J', 'xL5JL3J'}
| | +-- , 40 , {42} , {'xL8JL4J', 'xL6JL4J', 'xL10JL9J', 'xL11JL9J', 'xL9JL9J', 'xL12JL9J', 'xL13JL9J', 'xL8JL8J', 'xL7JL4J', 'xL5JL1J', 'xL8JL7J', 'xL5JL2J', 'xL5JL3J'}
| | | +-- , 42 , {44} , {'xL8JL4J', 'xL9JL7J', 'xL10JL7J', 'xL10JL9J', 'xL11JL9J', 'xL12JL9J', 'xL13JL9J', 'xL7JL4J', 'xL5JL1J', 'xL8JL7J', 'xL5JL2J'}
| | | | +-- , 44 , {46, 70} , {'xL8JL4J', 'xL9JL5J', 'xL9JL7J', 'xL13JL9J', 'xL10JL7J', 'xL10JL9J', 'xL11JL9J', 'xL7JL4J', 'xL5JL1J', 'xL11JL6J', 'xL5JL2J', 'xL12JL9J'}
| | | | | +-- , 46 , {48} , {'xL8JL4J', 'xL9JL5J', 'xL11JL4J', 'xL7JL4J', 'xL11JL5J', 'xL5JL1J', 'xL11JL6J', 'xL5JL2J'}
| | | | | | +-- , 48 , {50} , {'xL8JL4J', 'xL9JL5J', 'xL11JL4J', 'xL7JL4J', 'xL11JL5J', 'xL5JL1J', 'xL8JL5J', 'xL5JL2J'}
| | | | | | | +-- , 50 , {52} , {'xL8JL4J', 'xL7JL2J', 'xL11JL4J', 'xL7JL3J', 'xL8JL2J', 'xL8JL3J', 'xL8JL1J', 'xL11JL5J', 'xL7JL4J', 'xL5JL1J', 'xL8JL5J', 'xL5JL2J'}
| | | | | | | | +-- , 52 , {60, 54} , {'xL7JL2J', 'xL8JL3J', 'xL7JL3J', 'xL8JL1J', 'xL11JL4J', 'xL11JL5J', 'xL5JL1J', 'xL10JL3J', 'xL5JL2J', 'xL8JL2J'}
| | | | | | | | | +-- , 60 , {62} , {'xL10JL4J', 'xL11JL4J', 'xL10JL3J', 'xL11JL5J'}
| | | | | | | | | | +-- , 62 , {64} , {'xL12JL4J', 'xL11JL4J', 'xL12JL5J', 'xL10JL4J', 'xL11JL5J', 'xL13JL5J', 'xL13JL4J'}
| | | | | | | | | | | +-- , 64 , {66} , {'xL13JL3J', 'xL12JL4J', 'xL13JL2J', 'xL13JL5J', 'xL12JL5J', 'xL12JL2J', 'xL12JL1J', 'xL12JL3J', 'xL13JL4J'}
| | | | | | | | | | | | +-- , 66 , {68} , {'xL12JL2J', 'xL12JL1J', 'xL11JL2J', 'xL13JL2J'}
| | | | | | | | | | | | | +-- , 68 , set() , {'xL11JL1J', 'xL11JL2J', 'xL12JL1J'}
| | | | | | | | | +-- , 54 , {56, 58} , {'xL9JL2J', 'xL7JL2J', 'xL8JL3J', 'xL7JL3J', 'xL8JL1J', 'xL6JL2J', 'xL9JL3J', 'xL5JL1J', 'xL10JL3J', 'xL5JL2J', 'xL8JL2J'}
| | | | | | | | | | +-- , 56 , set() , {'xL6JL1J', 'xL5JL1J', 'xL6JL2J'}
| | | | | | | | | | +-- , 58 , set() , {'xL9JL2J', 'xL9JL3J', 'xL9JL1J', 'xL8JL1J'}
| | | | | +-- , 70 , {72} , {'xL9JL5J', 'xL9JL6J', 'xL9JL7J', 'xL13JL9J', 'xL10JL7J', 'xL10JL6J', 'xL10JL9J', 'xL11JL9J', 'xL11JL6J', 'xL12JL9J'}
| | | | | | +-- , 72 , {74} , {'xL13JL9J', 'xL10JL7J', 'xL10JL9J', 'xL10JL6J', 'xL11JL9J', 'xL10JL8J', 'xL12JL9J'}
| | | | | | | +-- , 74 , {76} , {'xL12JL8J', 'xL13JL9J', 'xL11JL9J', 'xL11JL8J', 'xL10JL8J', 'xL12JL9J', 'xL13JL8J'}
| | | | | | | | +-- , 76 , {78} , {'xL12JL8J', 'xL13JL9J', 'xL11JL9J', 'xL11JL8J', 'xL13JL7J', 'xL12JL9J', 'xL13JL8J'}
| | | | | | | | | +-- , 78 , {80} , {'xL12JL8J', 'xL12JL7J', 'xL11JL9J', 'xL11JL8J', 'xL13JL7J', 'xL12JL9J'}
| | | | | | | | | | +-- , 80 , set() , {'xL12JL8J', 'xL11JL11J', 'xL12JL7J', 'xL11JL9J', 'xL11JL8J', 'xL12JL11J', 'xL12JL10J', 'xL12JL9J', 'xL11JL10J'}


Max number of edges with non zero Y: 4
Max number of iterations of outer rounding loop: 0
Max number of candidate sets: 0
Time spent rounding: 0.000
Time spent solving Separator LP: 23.193
Total time spent solving: 25.173

LP Solver: GaifmanNormalILP
Lower Bound Witness = ({'xL5JL9J', 'xL9JL1J', 'xL9JL11J', 'xL3JL7J', 'xL6JL2J', 'xL2JL7J', 'xL12JL2J', 'xL9JL9J', 'xL8JL10J', 'xL12JL3J', 'xL2JL8J', 'xL6JL8J', 'xL4JL5J', 'xL9JL6J', 'xL1JL8J', 'xL7JL10J', 'xL8JL7J', 'xL6JL10J', 'xL5JL3J', 'xL11JL10J', 'xL4JL6J', 'xL7JL2J', 'xL10JL9J', 'xL10JL4J', 'xL2JL11J', 'xL2JL5J', 'xL10JL3J', 'xL3JL1J', 'xL2JL9J', 'xL3JL8J', 'xL6JL11J', 'xL10JL6J', 'xL11JL5J', 'xL1JL10J', 'xL5JL1J', 'xL5JL2J', 'xL3JL11J', 'xL8JL4J', 'xL10JL7J', 'xL5JL10J', 'xL12JL7J', 'xL9JL10J', 'xL3JL10J', 'xL9JL2J', 'xL13JL2J', 'xL7JL4J', 'xL13JL7J', 'xL5JL6J', 'xL3JL2J', 'xL6JL4J', 'xL11JL2J', 'xL9JL3J', 'xL8JL2J', 'xL5JL11J', 'xL5JL7J', 'xL3JL3J', 'xL12JL11J', 'xL12JL8J', 'xL9JL7J', 'xL6JL9J', 'xL8JL11J', 'xL7JL9J', 'xL13JL5J', 'xL3JL6J', 'xL4JL3J', 'xL6JL5J', 'xL13JL8J', 'xL2JL4J', 'xL13JL3J', 'xL10JL8J', 'xL12JL9J', 'xL1JL3J', 'xL13JL9J', 'xL11JL11J', 'xL11JL8J', 'xL3JL4J', 'xL2JL1J', 'xL1JL9J', 'xL11JL4J', 'xL7JL3J', 'xL9JL5J', 'xL7JL8J', 'xL8JL1J', 'xL4JL4J', 'xL2JL2J', 'xL12JL10J', 'xL4JL9J', 'xL5JL5J', 'xL1JL5J', 'xL13JL4J', 'xL11JL1J', 'xL4JL8J', 'xL12JL4J', 'xL11JL9J', 'xL6JL7J', 'xL12JL5J', 'xL1JL4J', 'xL6JL1J', 'xL11JL6J', 'xL2JL10J', 'xL8JL3J', 'xL8JL8J', 'xL2JL3J', 'xL12JL1J', 'xL8JL5J', 'xL1JL7J'}, {'xL9JL1J', 'xL6JL11J', 'xL3JL7J', 'xL10JL6J', 'xL8JL3J', 'xL10JL9J', 'xL1JL8J', 'xL6JL2J', 'xL13JL5J', 'xL9JL10J', 'xL8JL10J', 'xL3JL1J', 'xL5JL2J', 'xL5JL5J', 'xL8JL2J'})