13, 2.053991958644457, 6.0, 7
+-- , 0 , {7, 30} , {'xL5J', 'xL20J', 'xL23J', 'xL11J', 'xL1J', 'xL17J', 'xL13J', 'xL3J', 'xL7J', 'xL9J', 'xL21J', 'xL15J'}
| +-- , 7 , {10} , {'xL5J', 'xL23J', 'xL19J', 'xL11J', 'xL1J', 'xL13J', 'xL3J', 'xL7J', 'xL9J', 'xL24J', 'xL21J', 'xL15J'}
| | +-- , 10 , {12, 22} , {'xL5J', 'xL19J', 'xL11J', 'xL1J', 'xL13J', 'xL3J', 'xL16J', 'xL7J', 'xL9J', 'xL24J', 'xL21J', 'xL15J'}
| | | +-- , 12 , {14} , {'xL5J', 'xL19J', 'xL11J', 'xL1J', 'xL13J', 'xL3J', 'xL16J', 'xL7J', 'xL10J', 'xL24J', 'xL21J', 'xL15J'}
| | | | +-- , 14 , {16, 20} , {'xL11J', 'xL1J', 'xL13J', 'xL18J', 'xL3J', 'xL16J', 'xL7J', 'xL10J', 'xL24J', 'xL21J', 'xL15J'}
| | | | | +-- , 16 , {18} , {'xL13J', 'xL18J', 'xL3J', 'xL16J', 'xL7J', 'xL10J', 'xL0J', 'xL11J', 'xL1J', 'xL15J'}
| | | | | | +-- , 18 , set() , {'xL13J', 'xL18J', 'xL3J', 'xL16J', 'xL2J', 'xL0J', 'xL11J'}
| | | | | +-- , 20 , set() , {'xL18J', 'xL8J', 'xL3J'}
| | | +-- , 22 , {24} , {'xL13J', 'xL4J', 'xL3J', 'xL16J', 'xL7J', 'xL9J', 'xL21J', 'xL19J', 'xL1J'}
| | | | +-- , 24 , {26} , {'xL13J', 'xL12J', 'xL4J', 'xL16J', 'xL9J', 'xL21J', 'xL19J', 'xL1J'}
| | | | | +-- , 26 , {28} , {'xL13J', 'xL12J', 'xL4J', 'xL16J', 'xL6J', 'xL9J', 'xL19J', 'xL1J'}
| | | | | | +-- , 28 , set() , {'xL13J', 'xL12J', 'xL6J', 'xL9J', 'xL19J', 'xL22J', 'xL1J'}
| +-- , 30 , set() , {'xL14J', 'xL13J'}


Max number of edges with non zero Y: 18
Max number of iterations of outer rounding loop: 5
Max number of candidate sets: 2
Time spent rounding: 33.595
Time spent solving Separator LP: 0.928
Total time spent solving: 39.317

LP Solver: GaifmanBoosted
Lower Bound Witness = ({'xL8J', 'xL14J', 'xL11J', 'xL1J', 'xL17J', 'xL3J', 'xL9J', 'xL24J', 'xL21J', 'xL4J', 'xL15J', 'xL5J', 'xL6J', 'xL2J', 'xL20J', 'xL23J', 'xL19J', 'xL13J', 'xL18J', 'xL12J', 'xL16J', 'xL7J', 'xL10J', 'xL0J', 'xL22J'}, {'xL5J', 'xL13J', 'xL4J', 'xL3J', 'xL6J', 'xL7J', 'xL9J', 'xL20J', 'xL0J', 'xL14J', 'xL23J', 'xL19J', 'xL22J', 'xL1J', 'xL15J', 'xL17J'})