17, 0, 7.0, 7
+-- , 25 , {5} , {'3', '31', '24', '17', '68', '79'}
| +-- , 5 , {3, 7} , {'73', '44', '22', '26', '24', '6', '40', '56', '84', '21', '3', '60', '52', '31', '35', '54', '17', '68', '39'}
| | +-- , 3 , {0} , {'73', '44', '22', '26', '11', '24', '6', '40', '56', '84', '21', '60', '52', '72', '35', '54', '17', '68', '39'}
| | | +-- , 0 , {27} , {'73', '44', '22', '29', '11', '24', '6', '40', '20', '7', '21', '52', '72', '35', '54', '17', '68'}
| | | | +-- , 27 , {33, 29, 31} , {'73', '0', '44', '22', '75', '29', '11', '24', '6', '28', '43', '40', '62', '7', '21', '52', '72', '17', '68', '41'}
| | | | | +-- , 33 , set() , {'62', '7', '21', '33', '41', '43'}
| | | | | +-- , 29 , set() , {'7', '67', '22', '45', '72', '48', '29', '11', '6', '69', '28'}
| | | | | +-- , 31 , set() , {'40', '0', '44', '75', '65'}
| | +-- , 7 , {9} , {'73', '44', '6', '40', '60', '52', '2', '35', '54', '68', '39', '34', '22', '26', '55', '56', '84', '21', '3', '31', '77', '17'}
| | | +-- , 9 , {19, 21, 11} , {'4', '44', '22', '26', '64', '55', '6', '40', '56', '84', '21', '3', '60', '52', '2', '31', '35', '54', '77', '80', '17', '68', '39', '34'}
| | | | +-- , 19 , set() , {'47', '15', '31', '42', '35', '80', '58', '68', '39', '34'}
| | | | +-- , 21 , {23} , {'13', '36', '4', '44', '22', '52', '64', '80', '77', '6', '17', '1'}
| | | | | +-- , 23 , set() , {'13', '4', '10', '17', '5', '1'}
| | | | +-- , 11 , {17, 13, 15} , {'4', '61', '26', '64', '55', '49', '32', '40', '53', '56', '84', '57', '60', '21', '3', '2', '31', '54', '80', '68', '27', '85'}
| | | | | +-- , 17 , set() , {'40', '3', '18', '60', '23', '64', '31', '55', '80', '85'}
| | | | | +-- , 13 , set() , {'25', '84', '21', '64', '19', '27'}
| | | | | +-- , 15 , set() , {'63', '4', '60', '61', '26', '14', '66', '55', '54', '68', '85'}


Max number of edges with non zero Y: 19
Max number of iterations of outer rounding loop: 5
Max number of candidate sets: 2
Time spent rounding: 1.336
Time spent solving Separator LP: 0.024
Total time spent solving: 2.065

LP Solver: gammaPlusFractionalCoverHeuristic
Number of Rounding Attemps: 8
Lower Bound Witness = ({'73', '36', '63', '0', '44', '23', '64', '11', '6', '28', '49', '32', '40', '20', '13', '53', '25', '67', '60', '33', '18', '57', '52', '2', '35', '54', '19', '48', '68', '65', '41', '79', '34', '85', '1', '39', '27', '4', '22', '61', '26', '45', '75', '14', '66', '55', '24', '29', '69', '58', '43', '5', '15', '62', '7', '56', '84', '21', '3', '10', '47', '72', '31', '42', '77', '80', '17'}, {'73', '23', '45', '29', '85'})