44, 3.1784134851155077, 8.0, 8
+-- , 0 , {35, 37, 5, 39, 77, 79, 49, 81, 83, 89} , {'xL6J', 'xL9J', 'xL5J', 'xL8J', 'zL41J', 'zL57J', 'xL7J', 'zL61J', 'yL15J', 'xL3J', 'xL2J', 'zL60J', 'zL62J', 'zL40J', 'zL56J', 'xL0J'}
| +-- , 35 , set() , {'xL6J', 'zL40J', 'yL10J'}
| +-- , 37 , set() , {'xL2J', 'zL45J', 'w14', 'xL6J', 'xL9J', 'xL5J', 'yL11J', 'zL44J', 'zL46J', 'xL0J', 'zL47J'}
| +-- , 5 , {7} , {'xL6J', 'xL9J', 'xL5J', 'xL8J', 'zL41J', 'zL57J', 'xL7J', 'zL42J', 'xL3J', 'xL2J', 'zL62J', 'xL0J', 'zL63J'}
| | +-- , 7 , {9, 33} , {'w21', 'zL54J', 'zL74J', 'zL53J', 'xL6J', 'xL9J', 'zL55J', 'xL5J', 'xL8J', 'zL57J', 'zL42J', 'xL7J', 'xL3J', 'zL75J', 'xL2J', 'zL73J', 'w16', 'zL52J', 'xL0J', 'zL63J'}
| | | +-- , 9 , {11} , {'zL54J', 'zL53J', 'xL6J', 'xL9J', 'w4', 'xL5J', 'xL8J', 'zL57J', 'xL7J', 'zL42J', 'xL3J', 'zL5J', 'xL2J', 'zL73J', 'zL7J', 'zL6J', 'xL0J', 'zL63J'}
| | | | +-- , 11 , {13, 17, 19, 25, 27, 31} , {'zL4J', 'zL54J', 'xL3J', 'zL5J', 'xL2J', 'zL53J', 'xL6J', 'zL73J', 'xL5J', 'xL8J', 'xL4J', 'zL57J', 'xL0J', 'zL42J', 'zL63J'}
| | | | | +-- , 13 , {15} , {'xL8J', 'xL4J', 'zL72J', 'zL73J'}
| | | | | | +-- , 15 , set() , {'xL8J', 'yL18J', 'zL72J'}
| | | | | +-- , 17 , set() , {'xL3J', 'zL33J', 'yL8J', 'w11', 'xL6J', 'zL34J', 'zL32J', 'xL8J', 'zL35J', 'xL4J', 'xL0J'}
| | | | | +-- , 19 , {21} , {'zL58J', 'xL8J', 'xL4J', 'zL57J', 'xL0J'}
| | | | | | +-- , 21 , {23} , {'zL58J', 'xL8J', 'xL0J', 'zL59J'}
| | | | | | | +-- , 23 , set() , {'xL8J', 'w17', 'zL59J'}
| | | | | +-- , 25 , set() , {'w18', 'xL4J', 'zL63J'}
| | | | | +-- , 27 , {29} , {'zL43J', 'xL4J', 'xL2J', 'zL42J'}
| | | | | | +-- , 29 , set() , {'zL43J', 'w13', 'xL4J'}
| | | | | +-- , 31 , set() , {'zL4J', 'yL1J', 'xL5J'}
| | | +-- , 33 , set() , {'zL52J', 'xL8J', 'yL13J'}
| +-- , 39 , {41} , {'xL2J', 'yL0J', 'xL6J', 'xL9J', 'xL5J', 'xL0J', 'zL0J'}
| | +-- , 41 , {43} , {'xL2J', 'xL6J', 'xL9J', 'zL1J', 'xL0J', 'zL0J'}
| | | +-- , 43 , {45} , {'zL1J', 'zL2J', 'xL0J', 'xL6J', 'xL9J'}
| | | | +-- , 45 , {47} , {'xL9J', 'zL2J', 'xL0J', 'zL3J'}
| | | | | +-- , 47 , set() , {'zL3J', 'xL0J', 'w3'}
| +-- , 77 , set() , {'xL3J', 'zL27J', 'w9', 'yL6J', 'xL2J', 'zL25J', 'zL26J', 'xL9J', 'xL6J', 'zL24J', 'xL7J'}
| +-- , 79 , set() , {'zL11J', 'xL9J', 'yL2J', 'zL10J', 'xL5J', 'zL8J', 'xL8J', 'w5', 'zL9J', 'xL0J', 'xL7J'}
| +-- , 49 , {75, 51} , {'xL3J', 'xL2J', 'zL12J', 'xL6J', 'xL9J', 'yL3J', 'xL5J', 'zL56J', 'xL8J', 'zL65J', 'zL64J', 'xL0J', 'xL7J'}
| | +-- , 75 , set() , {'yL16J', 'zL64J', 'xL2J'}
| | +-- , 51 , {53, 55, 73} , {'zL12J', 'xL6J', 'xL9J', 'zL31J', 'zL15J', 'zL30J', 'xL5J', 'xL8J', 'zL67J', 'zL65J', 'xL7J', 'xL3J', 'w19', 'zL13J', 'zL14J', 'xL2J', 'zL56J', 'xL0J'}
| | | +-- , 53 , set() , {'w10', 'zL31J', 'xL2J'}
| | | +-- , 55 , {69, 71, 57, 59, 63} , {'zL12J', 'xL6J', 'zL30J', 'xL5J', 'zL66J', 'xL8J', 'zL67J', 'zL65J', 'xL7J', 'xL3J', 'zL13J', 'xL1J', 'xL2J', 'zL56J', 'xL0J', 'zL29J'}
| | | | +-- , 69 , set() , {'xL3J', 'zL20J', 'zL22J', 'xL1J', 'xL6J', 'zL21J', 'xL5J', 'w8', 'yL5J', 'xL7J', 'zL23J'}
| | | | +-- , 71 , set() , {'yL14J', 'xL1J', 'zL56J'}
| | | | +-- , 57 , set() , {'xL3J', 'xL1J', 'yL7J', 'zL29J', 'zL28J'}
| | | | +-- , 59 , {61} , {'xL1J', 'zL71J', 'xL2J', 'zL68J', 'xL6J', 'w20', 'xL8J', 'xL0J', 'yL17J'}
| | | | | +-- , 61 , set() , {'zL71J', 'xL2J', 'zL69J', 'zL70J', 'xL8J', 'xL0J', 'zL68J'}
| | | | +-- , 63 , {65, 67} , {'xL1J', 'zL17J', 'zL16J', 'xL2J', 'xL6J', 'xL5J', 'xL8J'}
| | | | | +-- , 65 , set() , {'xL1J', 'zL17J', 'xL6J', 'xL5J', 'zL18J', 'w7', 'zL19J'}
| | | | | +-- , 67 , set() , {'zL16J', 'yL4J', 'xL2J'}
| | | +-- , 73 , set() , {'zL15J', 'w6', 'xL2J'}
| +-- , 81 , set() , {'xL3J', 'yL9J', 'zL38J', 'xL2J', 'w12', 'xL5J', 'zL36J', 'zL39J', 'xL0J', 'zL37J', 'xL7J'}
| +-- , 83 , {85} , {'xL3J', 'zL51J', 'w15', 'xL2J', 'xL8J', 'xL0J', 'xL7J'}
| | +-- , 85 , {87} , {'xL3J', 'zL51J', 'xL2J', 'xL8J', 'zL50J', 'xL7J'}
| | | +-- , 87 , set() , {'xL2J', 'zL48J', 'zL49J', 'yL12J', 'xL8J', 'zL50J', 'xL7J'}
| +-- , 89 , set() , {'xL3J', 'zL78J', 'zL76J', 'xL9J', 'zL77J', 'xL5J', 'yL19J', 'xL8J', 'w22', 'xL7J', 'zL79J'}


Max number of edges with non zero Y: 25
Max number of iterations of outer rounding loop: 1
Max number of candidate sets: 2
Time spent rounding: 4.948
Time spent solving Separator LP: 5.117
Total time spent solving: 13.920

LP Solver: GaifmanBoosted
Lower Bound Witness = ({'w18', 'yL18J', 'zL11J', 'zL22J', 'w11', 'xL5J', 'yL19J', 'zL44J', 'zL41J', 'w22', 'zL68J', 'zL9J', 'w7', 'zL23J', 'xL1J', 'zL2J', 'yL3J', 'zL62J', 'zL40J', 'zL56J', 'xL4J', 'xL0J', 'zL64J', 'zL58J', 'zL76J', 'xL6J', 'zL3J', 'zL8J', 'zL18J', 'zL57J', 'yL17J', 'zL75J', 'zL51J', 'w9', 'zL17J', 'yL14J', 'zL6J', 'yL7J', 'yL2J', 'zL71J', 'w6', 'zL74J', 'zL25J', 'zL55J', 'w13', 'xL8J', 'yL12J', 'zL42J', 'w15', 'zL14J', 'zL72J', 'zL10J', 'zL32J', 'zL16J', 'zL12J', 'zL70J', 'w17', 'yL10J', 'yL13J', 'zL78J', 'zL60J', 'zL7J', 'zL46J', 'zL52J', 'zL37J', 'zL47J', 'yL9J', 'w4', 'w12', 'yL4J', 'yL1J', 'xL7J', 'zL61J', 'zL5J', 'zL13J', 'yL8J', 'zL69J', 'zL59J', 'zL29J', 'zL54J', 'yL6J', 'w3', 'xL9J', 'zL31J', 'zL21J', 'zL15J', 'zL34J', 'yL16J', 'zL67J', 'w8', 'zL24J', 'yL15J', 'zL20J', 'xL2J', 'w16', 'zL50J', 'yL5J', 'zL0J', 'zL63J', 'zL4J', 'w21', 'zL45J', 'zL53J', 'zL43J', 'zL66J', 'zL1J', 'zL36J', 'zL65J', 'zL28J', 'zL79J', 'zL19J', 'zL27J', 'zL33J', 'w10', 'zL48J', 'w20', 'zL77J', 'zL38J', 'yL0J', 'w14', 'zL30J', 'zL49J', 'zL35J', 'w5', 'zL39J', 'xL3J', 'w19', 'zL26J', 'zL73J', 'yL11J'}, {'zL71J', 'w11', 'zL53J', 'zL55J', 'yL4J', 'xL5J', 'zL9J', 'zL42J', 'zL61J', 'xL7J', 'zL5J', 'zL72J', 'zL62J', 'zL40J', 'zL56J', 'xL4J', 'zL54J', 'zL76J', 'zL16J', 'yL0J', 'zL3J', 'zL35J', 'zL18J', 'yL10J', 'yL15J', 'w9', 'zL73J', 'zL6J', 'yL5J', 'zL37J'})