54, 1, 2.0, 2
+-- , 63 , {65, 68, 62} , {'34', '81', '3'}
| +-- , 65 , {64} , {'34', '81', '3'}
| | +-- , 64 , {66} , {'8', '85', '57'}
| | | +-- , 66 , {67} , {'8', '85', '57'}
| | | | +-- , 67 , set() , {'88', '85', '30'}
| +-- , 68 , {69} , {'34', '81', '3'}
| | +-- , 69 , set() , {'21', '4', '79'}
| +-- , 62 , {59} , {'33', '49', '87'}
| | +-- , 59 , {58} , {'33', '49', '87'}
| | | +-- , 58 , {39} , {'2', '33'}
| | | | +-- , 39 , {38} , {'2', '33'}
| | | | | +-- , 38 , {35} , {'2', '54', '20'}
| | | | | | +-- , 35 , {41, 34, 51} , {'2', '54', '20'}
| | | | | | | +-- , 41 , {40} , {'2', '54', '20'}
| | | | | | | | +-- , 40 , {42} , {'20', '12', '56'}
| | | | | | | | | +-- , 42 , {43} , {'20', '12', '56'}
| | | | | | | | | | +-- , 43 , {56, 54} , {'25', '72', '12'}
| | | | | | | | | | | +-- , 56 , {57} , {'25', '72', '12'}
| | | | | | | | | | | | +-- , 57 , set() , {'29', '12', '68'}
| | | | | | | | | | | +-- , 54 , {55} , {'25', '72', '12'}
| | | | | | | | | | | | +-- , 55 , {60} , {'22', '63', '72'}
| | | | | | | | | | | | | +-- , 60 , {61} , {'22', '63', '72'}
| | | | | | | | | | | | | | +-- , 61 , set() , {'22', '59', '45'}
| | | | | | | +-- , 34 , {36} , {'20', '16', '58'}
| | | | | | | | +-- , 36 , {37} , {'20', '16', '58'}
| | | | | | | | | +-- , 37 , {11} , {'61', '92', '58'}
| | | | | | | | | | +-- , 11 , {10} , {'61', '92', '58'}
| | | | | | | | | | | +-- , 10 , {5} , {'61', '89', '58'}
| | | | | | | | | | | | +-- , 5 , {0} , {'61', '89', '58'}
| | | | | | | | | | | | | +-- , 0 , {7} , {'61', '13', '0', '28', '89', '24'}
| | | | | | | | | | | | | | +-- , 7 , {9, 21} , {'66', '0', '40', '24', '46', '73'}
| | | | | | | | | | | | | | | +-- , 9 , set() , {'66', '73', '65'}
| | | | | | | | | | | | | | | +-- , 21 , {12} , {'66', '0', '40'}
| | | | | | | | | | | | | | | | +-- , 12 , {29, 15} , {'0', '40', '80', '39'}
| | | | | | | | | | | | | | | | | +-- , 29 , {27} , {'0', '80', '39'}
| | | | | | | | | | | | | | | | | | +-- , 27 , {24} , {'53', '0', '93', '80'}
| | | | | | | | | | | | | | | | | | | +-- , 24 , {33, 31} , {'53', '0', '38'}
| | | | | | | | | | | | | | | | | | | | +-- , 33 , set() , {'53', '38', '47'}
| | | | | | | | | | | | | | | | | | | | +-- , 31 , set() , {'0', '51', '38'}
| | | | | | | | | | | | | | | | | +-- , 15 , {17} , {'80', '43', '40', '39'}
| | | | | | | | | | | | | | | | | | +-- , 17 , {19, 22} , {'43', '91', '67', '80'}
| | | | | | | | | | | | | | | | | | | +-- , 19 , set() , {'19', '67', '80'}
| | | | | | | | | | | | | | | | | | | +-- , 22 , {23} , {'67', '43', '91'}
| | | | | | | | | | | | | | | | | | | | +-- , 23 , set() , {'41', '26', '91'}
| | | | | | | +-- , 51 , {50} , {'2', '54', '20'}
| | | | | | | | +-- , 50 , {47} , {'20', '7', '15'}
| | | | | | | | | +-- , 47 , {46} , {'20', '7', '15'}
| | | | | | | | | | +-- , 46 , {44} , {'15', '86', '5'}
| | | | | | | | | | | +-- , 44 , {48, 45} , {'15', '86', '5'}
| | | | | | | | | | | | +-- , 48 , {49} , {'15', '86', '5'}
| | | | | | | | | | | | | +-- , 49 , {52} , {'17', '6', '86'}
| | | | | | | | | | | | | | +-- , 52 , {53} , {'17', '6', '86'}
| | | | | | | | | | | | | | | +-- , 53 , set() , {'6', '36', '70'}
| | | | | | | | | | | | +-- , 45 , set() , {'23', '14', '5'}


Max number of edges with non zero Y: 6
Max number of iterations of outer rounding loop: 1
Max number of candidate sets: 2
Time spent rounding: 0.858
Time spent solving Separator LP: 0.017
Total time spent solving: 1.415

LP Solver: gammaPlusFractionalCoverHeuristic
Number of Rounding Attemps: 16
Lower Bound Witness = ({'0', '61', '24', '46', '89', '73', '65', '66', '13', '28', '40', '58'}, {'66', '24', '65'})