11, 0, 4.5, 5
+-- , 0 , {5, 25, 11} , {'xL10J', 'xL0J', 'xL9J', 'xL14J', 'xL4J', 'xL15J', 'xL2J', 'xL11J'}
| +-- , 5 , {9, 7} , {'xL13J', 'xL10J', 'xL0J', 'xL4J', 'xL14J', 'xL15J', 'xL2J', 'xL11J'}
| | +-- , 9 , set() , {'xL13J', 'xL10J', 'xL4J', 'xL14J', 'xL2J', 'xL7J'}
| | +-- , 7 , set() , {'xL13J', 'xL0J', 'xL4J', 'xL8J', 'xL15J'}
| +-- , 25 , set() , {'xL4J', 'xL14J', 'xL6J', 'xL9J', 'xL15J', 'xL2J'}
| +-- , 11 , {17, 21, 13} , {'xL10J', 'xL4J', 'xL14J', 'xL9J', 'xL1J', 'xL16J', 'xL15J', 'xL2J', 'xL11J'}
| | +-- , 17 , {19} , {'xL10J', 'xL9J', 'xL14J', 'xL5J', 'xL12J', 'xL11J', 'xL2J', 'xL1J'}
| | | +-- , 19 , set() , {'xL3J', 'xL5J', 'xL10J', 'xL12J'}
| | +-- , 21 , {23} , {'xL10J', 'xL4J', 'xL14J', 'xL16J', 'xL2J', 'xL17J', 'xL11J'}
| | | +-- , 23 , set() , {'xL10J', 'xL16J', 'xL18J', 'xL2J', 'xL17J', 'xL11J'}
| | +-- , 13 , set() , {'xL16J', 'xL10J', 'xL19J', 'xL4J'}


Max number of edges with non zero Y: 21
Max number of iterations of outer rounding loop: 3
Max number of candidate sets: 2
Time spent rounding: 6.392
Time spent solving Separator LP: 0.022
Total time spent solving: 8.026

LP Solver: gammaPlusFractionalCoverHeuristic
Lower Bound Witness = ({'xL19J', 'xL3J', 'xL1J', 'xL10J', 'xL9J', 'xL6J', 'xL14J', 'xL16J', 'xL15J', 'xL12J', 'xL7J', 'xL17J', 'xL11J', 'xL13J', 'xL0J', 'xL4J', 'xL8J', 'xL18J', 'xL2J', 'xL5J'}, {'xL2J', 'xL11J', 'xL1J', 'xL12J'})