11, 1.5532742829833903, 4.5, 5
+-- , 0 , {5, 24, 26} , {'xL1J', 'xL7J', 'xL3J', 'xL12J', 'xL16J', 'xL13J', 'xL6J'}
| +-- , 5 , {7} , {'xL4J', 'xL12J', 'xL16J', 'xL6J', 'xL1J', 'xL7J', 'xL13J'}
| | +-- , 7 , {10} , {'xL15J', 'xL4J', 'xL12J', 'xL16J', 'xL10J', 'xL6J', 'xL1J', 'xL13J'}
| | | +-- , 10 , {12, 22} , {'xL15J', 'xL4J', 'xL16J', 'xL11J', 'xL10J', 'xL6J', 'xL1J', 'xL13J'}
| | | | +-- , 12 , {18, 20, 15} , {'xL15J', 'xL4J', 'xL16J', 'xL11J', 'xL10J', 'xL6J', 'xL1J', 'xL14J', 'xL0J'}
| | | | | +-- , 18 , set() , {'xL16J', 'xL9J', 'xL14J'}
| | | | | +-- , 20 , set() , {'xL8J', 'xL15J', 'xL11J', 'xL14J'}
| | | | | +-- , 15 , set() , {'xL15J', 'xL4J', 'xL2J', 'xL11J', 'xL10J', 'xL1J', 'xL14J', 'xL0J', 'xL5J'}
| | | | +-- , 22 , set() , {'xL16J', 'xL11J', 'xL6J', 'xL13J', 'xL19J'}
| +-- , 24 , set() , {'xL17J', 'xL16J', 'xL13J'}
| +-- , 26 , set() , {'xL18J', 'xL6J'}


Max number of edges with non zero Y: 13
Max number of iterations of outer rounding loop: 5
Max number of candidate sets: 2
Time spent rounding: 20.576
Time spent solving Separator LP: 0.312
Total time spent solving: 23.651

LP Solver: GaifmanNormal
Lower Bound Witness = ({'xL15J', 'xL4J', 'xL2J', 'xL16J', 'xL11J', 'xL10J', 'xL6J', 'xL1J', 'xL9J', 'xL8J', 'xL14J', 'xL0J', 'xL5J'}, {'xL15J', 'xL4J', 'xL16J', 'xL11J', 'xL10J', 'xL6J', 'xL1J', 'xL0J'})