11, 0, 6.580666778354833, 9
+-- , 11 , {9} , {'14', '54', '21', '53', '52', '48', '60', '8', '57', '16', '47', '31', '61', '10', '33', '30', '35', '27', '22', '40', '41', '17', '36', '0', '59', '9', '46', '26', '4', '11'}
| +-- , 9 , {7} , {'21', '56', '53', '34', '52', '19', '48', '60', '8', '57', '16', '47', '31', '61', '10', '30', '35', '27', '22', '40', '41', '17', '36', '0', '59', '32', '7', '26', '46', '1', '9', '4', '11', '42'}
| | +-- , 7 , {5} , {'3', '21', '56', '52', '48', '60', '8', '13', '47', '31', '10', '49', '30', '23', '43', '18', '0', '9', '46', '1', '11', '5', '42', '44', '53', '34', '19', '2', '57', '16', '58', '61', '62', '35', '27', '22', '40', '17', '36', '59', '32', '7', '26', '4', '50'}
| | | +-- , 5 , {0, 13} , {'3', '21', '28', '56', '52', '48', '60', '8', '13', '47', '31', '10', '49', '30', '23', '24', '43', '18', '0', '9', '46', '1', '11', '5', '38', '44', '53', '34', '20', '19', '2', '57', '16', '58', '61', '62', '35', '27', '22', '40', '17', '36', '37', '51', '59', '32', '7', '26', '4', '50'}
| | | | +-- , 0 , {19, 23, 21, 15} , {'3', '21', '28', '56', '52', '48', '60', '8', '13', '47', '31', '49', '30', '23', '43', '24', '18', '29', '6', '0', '9', '46', '1', '11', '5', '38', '44', '53', '34', '20', '19', '2', '57', '16', '58', '61', '62', '27', '35', '22', '40', '17', '36', '37', '51', '59', '32', '7', '26', '4', '50'}
| | | | | +-- , 19 , set() , {'38', '44', '28', '21', '52', '19', '8', '25', '57', '16', '58', '61', '27', '23', '24', '43', '18', '29', '36', '37', '59', '32', '7', '26', '46', '1', '4', '11', '50'}
| | | | | +-- , 23 , set() , {'38', '3', '44', '28', '53', '20', '2', '60', '8', '57', '58', '47', '49', '30', '62', '27', '43', '22', '45', '18', '29', '36', '37', '59', '32', '46', '26', '9', '51', '11', '5'}
| | | | | +-- , 21 , set() , {'3', '52', '20', '19', '8', '16', '47', '61', '49', '62', '35', '24', '43', '40', '15', '6', '17', '37', '59', '32', '51', '5'}
| | | | | +-- , 15 , {17} , {'38', '3', '28', '56', '20', '48', '12', '60', '2', '16', '13', '61', '31', '49', '30', '35', '27', '23', '24', '43', '40', '6', '17', '18', '29', '37', '59', '51', '7', '26', '46', '1', '4', '11'}
| | | | | | +-- , 17 , set() , {'38', '28', '56', '20', '48', '12', '60', '13', '39', '24', '18', '29', '17', '59', '7', '26', '46', '1', '11'}
| | | | +-- , 13 , set() , {'38', '3', '21', '28', '56', '53', '34', '52', '48', '2', '47', '55', '61', '31', '10', '30', '62', '24', '43', '18', '17', '37', '59', '0', '46', '26', '1', '4', '51'}


Max number of edges with non zero Y: 33
Max number of iterations of outer rounding loop: 3
Max number of candidate sets: 2
Time spent rounding: 0.362
Time spent solving Separator LP: 0.025
Total time spent solving: 0.914

LP Solver: gammaPlusFractionalCoverHeuristic
Number of Rounding Attemps: 2
Lower Bound Witness = ({'14', '38', '3', '54', '28', '44', '21', '56', '51', '53', '34', '52', '20', '19', '48', '12', '60', '2', '8', '25', '57', '16', '13', '58', '47', '55', '31', '61', '10', '49', '39', '33', '30', '62', '35', '27', '23', '24', '43', '22', '45', '40', '41', '15', '6', '17', '18', '29', '36', '37', '59', '32', '7', '26', '46', '1', '9', '0', '4', '11', '5', '50', '42'}, {'21', '27', '7', '45', '31'})