20, 2.7062976482703798, 8.5, 9
+-- , 0 , {48, 5, 46} , {'xL7J', 'xL0J', 'xL32J', 'xL36J', 'xL22J', 'xL15J', 'xL18J', 'xL16J', 'xL28J', 'xL21J', 'xL6J', 'xL4J', 'xL1J', 'xL30J'}
| +-- , 48 , set() , {'xL36J', 'xL5J'}
| +-- , 5 , {42, 10, 44} , {'xL9J', 'xL21J', 'xL13J', 'xL4J', 'xL19J', 'xL14J', 'xL0J', 'xL32J', 'xL22J', 'xL15J', 'xL1J', 'xL16J', 'xL28J', 'xL6J', 'xL7J', 'xL18J', 'xL30J'}
| | +-- , 42 , set() , {'xL9J', 'xL21J', 'xL6J', 'xL28J', 'xL29J'}
| | +-- , 10 , {12} , {'xL9J', 'xL21J', 'xL13J', 'xL4J', 'xL19J', 'xL14J', 'xL10J', 'xL0J', 'xL32J', 'xL22J', 'xL15J', 'xL18J', 'xL16J', 'xL6J', 'xL7J', 'xL1J', 'xL30J'}
| | | +-- , 12 , {40, 14} , {'xL9J', 'xL10J', 'xL7J', 'xL0J', 'xL32J', 'xL22J', 'xL15J', 'xL16J', 'xL35J', 'xL13J', 'xL4J', 'xL18J', 'xL30J', 'xL19J', 'xL14J'}
| | | | +-- , 40 , set() , {'xL9J', 'xL12J', 'xL37J', 'xL35J', 'xL4J'}
| | | | +-- , 14 , {16} , {'xL9J', 'xL31J', 'xL13J', 'xL4J', 'xL19J', 'xL14J', 'xL10J', 'xL0J', 'xL22J', 'xL16J', 'xL35J', 'xL7J', 'xL18J', 'xL30J'}
| | | | | +-- , 16 , {20, 38} , {'xL9J', 'xL10J', 'xL7J', 'xL0J', 'xL33J', 'xL22J', 'xL31J', 'xL30J', 'xL35J', 'xL13J', 'xL4J', 'xL18J', 'xL2J', 'xL19J'}
| | | | | | +-- , 20 , {24, 36} , {'xL9J', 'xL31J', 'xL13J', 'xL2J', 'xL19J', 'xL10J', 'xL0J', 'xL33J', 'xL22J', 'xL34J', 'xL25J', 'xL35J', 'xL18J', 'xL30J'}
| | | | | | | +-- , 24 , {34, 26, 28} , {'xL9J', 'xL10J', 'xL0J', 'xL38J', 'xL22J', 'xL31J', 'xL30J', 'xL25J', 'xL34J', 'xL35J', 'xL13J', 'xL23J', 'xL2J', 'xL19J'}
| | | | | | | | +-- , 34 , set() , {'xL24J', 'xL38J', 'xL23J', 'xL30J'}
| | | | | | | | +-- , 26 , set() , {'xL10J', 'xL0J', 'xL8J', 'xL13J', 'xL23J'}
| | | | | | | | +-- , 28 , {30} , {'xL27J', 'xL38J', 'xL31J', 'xL34J', 'xL35J', 'xL23J', 'xL2J'}
| | | | | | | | | +-- , 30 , {32} , {'xL27J', 'xL38J', 'xL31J', 'xL20J', 'xL35J', 'xL23J', 'xL2J'}
| | | | | | | | | | +-- , 32 , set() , {'xL27J', 'xL38J', 'xL11J', 'xL31J', 'xL20J', 'xL2J'}
| | | | | | | +-- , 36 , set() , {'xL3J', 'xL34J'}
| | | | | | +-- , 38 , set() , {'xL2J', 'xL18J', 'xL17J'}
| | +-- , 44 , set() , {'xL9J', 'xL26J'}
| +-- , 46 , set() , {'xL0J', 'xL36J', 'xL39J', 'xL7J', 'xL30J'}


Max number of edges with non zero Y: 25
Max number of iterations of outer rounding loop: 8
Max number of candidate sets: 2
Time spent rounding: 39.798
Time spent solving Separator LP: 1.314

LP Solver: GaifmanBoosted