33, 0.9999995, 5.0, 5
+-- , 0 , {32, 3, 67, 38} , {'xL2JL4J', 'xL8JL8J', 'xL2JL3J', 'xL2JL5J', 'xL8JL11J', 'xL2JL6J'}
| +-- , 32 , {34} , {'xL8JL8J', 'xL8JL9J', 'xL8JL11J', 'xL8JL10J'}
| | +-- , 34 , {36} , {'xL9JL9J', 'xL8JL9J', 'xL8JL10J'}
| | | +-- , 36 , set() , {'xL9JL10J', 'xL8JL10J', 'xL9JL9J'}
| +-- , 3 , {5} , {'xL7JL11J', 'xL8JL11J', 'xL6JL11J', 'xL2JL6J'}
| | +-- , 5 , {7} , {'xL7JL11J', 'xL3JL6J', 'xL6JL11J', 'xL2JL6J'}
| | | +-- , 7 , {9} , {'xL3JL6J', 'xL6JL11J', 'xL3JL7J', 'xL7JL11J', 'xL3JL8J'}
| | | | +-- , 9 , {12} , {'xL6JL10J', 'xL6JL13J', 'xL6JL11J', 'xL3JL7J', 'xL7JL11J', 'xL6JL12J', 'xL3JL8J', 'xL6JL9J'}
| | | | | +-- , 12 , {14} , {'xL6JL13J', 'xL3JL8J', 'xL3JL7J', 'xL7JL11J', 'xL6JL9J', 'xL6JL12J', 'xL7JL12J', 'xL6JL10J'}
| | | | | | +-- , 14 , {16} , {'xL6JL13J', 'xL3JL12J', 'xL3JL8J', 'xL5JL12J', 'xL4JL12J', 'xL3JL7J', 'xL6JL9J', 'xL6JL12J', 'xL7JL12J', 'xL6JL10J'}
| | | | | | | +-- , 16 , {18, 26} , {'xL6JL13J', 'xL3JL12J', 'xL5JL12J', 'xL4JL12J', 'xL3JL7J', 'xL6JL9J', 'xL3JL8J', 'xL2JL8J', 'xL6JL10J'}
| | | | | | | | +-- , 18 , {20} , {'xL2JL9J', 'xL6JL13J', 'xL3JL12J', 'xL5JL12J', 'xL4JL12J', 'xL2JL11J', 'xL2JL8J', 'xL2JL10J'}
| | | | | | | | | +-- , 20 , {22} , {'xL2JL9J', 'xL6JL13J', 'xL4JL13J', 'xL3JL12J', 'xL5JL12J', 'xL5JL13J', 'xL4JL12J', 'xL2JL11J', 'xL2JL10J'}
| | | | | | | | | | +-- , 22 , {24} , {'xL2JL9J', 'xL4JL13J', 'xL3JL12J', 'xL4JL12J', 'xL4JL11J', 'xL3JL11J', 'xL3JL10J', 'xL2JL11J', 'xL2JL10J'}
| | | | | | | | | | | +-- , 24 , set() , {'xL2JL9J', 'xL1JL9J', 'xL3JL10J', 'xL1JL10J', 'xL2JL10J'}
| | | | | | | | +-- , 26 , {28} , {'xL5JL8J', 'xL4JL8J', 'xL3JL7J', 'xL4JL7J', 'xL6JL9J', 'xL3JL8J', 'xL2JL8J', 'xL6JL10J'}
| | | | | | | | | +-- , 28 , {30} , {'xL5JL8J', 'xL4JL8J', 'xL4JL7J', 'xL6JL9J', 'xL4JL9J', 'xL6JL10J'}
| | | | | | | | | | +-- , 30 , set() , {'xL5JL8J', 'xL5JL9J', 'xL5JL10J', 'xL6JL9J', 'xL4JL9J', 'xL6JL10J'}
| +-- , 67 , {69} , {'xL2JL4J', 'xL1JL4J', 'xL2JL5J'}
| | +-- , 69 , set() , {'xL2JL5J', 'xL1JL4J', 'xL1JL5J'}
| +-- , 38 , {40} , {'xL8JL8J', 'xL2JL3J', 'xL7JL8J'}
| | +-- , 40 , {42} , {'xL7JL6J', 'xL2JL3J', 'xL7JL7J', 'xL7JL8J'}
| | | +-- , 42 , {44} , {'xL2JL3J', 'xL3JL3J', 'xL7JL6J', 'xL7JL7J', 'xL4JL3J'}
| | | | +-- , 44 , {47} , {'xL3JL3J', 'xL4JL4J', 'xL3JL2J', 'xL7JL6J', 'xL4JL5J', 'xL7JL7J', 'xL4JL3J', 'xL4JL2J', 'xL4JL1J'}
| | | | | +-- , 47 , {49} , {'xL4JL4J', 'xL6JL2J', 'xL4JL2J', 'xL7JL6J', 'xL7JL2J', 'xL7JL7J', 'xL5JL2J', 'xL4JL5J', 'xL3JL2J', 'xL4JL1J'}
| | | | | | +-- , 49 , {59, 53} , {'xL4JL4J', 'xL6JL2J', 'xL7JL6J', 'xL7JL7J', 'xL4JL5J', 'xL4JL1J', 'xL9JL4J', 'xL8JL4J', 'xL8JL6J', 'xL7JL2J', 'xL7JL4J', 'xL5JL2J'}
| | | | | | | +-- , 59 , {61} , {'xL5JL6J', 'xL4JL4J', 'xL8JL6J', 'xL7JL6J', 'xL6JL6J', 'xL7JL7J', 'xL4JL5J'}
| | | | | | | | +-- , 61 , {63} , {'xL5JL6J', 'xL4JL4J', 'xL7JL7J', 'xL6JL6J', 'xL4JL5J', 'xL6JL7J'}
| | | | | | | | | +-- , 63 , {65} , {'xL6JL5J', 'xL5JL6J', 'xL4JL4J', 'xL6JL6J', 'xL4JL5J', 'xL6JL7J'}
| | | | | | | | | | +-- , 65 , set() , {'xL6JL5J', 'xL5JL6J', 'xL4JL4J', 'xL5JL4J', 'xL4JL5J', 'xL5JL5J'}
| | | | | | | +-- , 53 , {57, 55} , {'xL8JL4J', 'xL6JL2J', 'xL8JL5J', 'xL8JL6J', 'xL7JL2J', 'xL7JL4J', 'xL5JL2J', 'xL8JL3J', 'xL4JL1J', 'xL9JL4J'}
| | | | | | | | +-- , 57 , set() , {'xL8JL5J', 'xL9JL5J', 'xL9JL4J'}
| | | | | | | | +-- , 55 , set() , {'xL6JL2J', 'xL6JL1J', 'xL7JL2J', 'xL7JL4J', 'xL5JL1J', 'xL5JL2J', 'xL8JL3J', 'xL6JL3J', 'xL4JL1J', 'xL7JL3J'}


Max number of edges with non zero Y: 5
Max number of iterations of outer rounding loop: 3
Max number of candidate sets: 2
Time spent rounding: 14.974
Time spent solving Separator LP: 0.437
Total time spent solving: 20.489

LP Solver: GaifmanNormal
Lower Bound Witness = ({'xL9JL5J', 'xL6JL2J', 'xL7JL6J', 'xL6JL6J', 'xL9JL4J', 'xL6JL1J', 'xL7JL2J', 'xL6JL3J', 'xL5JL2J', 'xL8JL3J', 'xL5JL5J', 'xL6JL5J', 'xL4JL4J', 'xL8JL5J', 'xL5JL4J', 'xL7JL7J', 'xL4JL5J', 'xL6JL7J', 'xL4JL1J', 'xL5JL6J', 'xL8JL4J', 'xL8JL6J', 'xL7JL4J', 'xL5JL1J', 'xL7JL3J'}, {'xL8JL4J', 'xL4JL4J', 'xL6JL2J', 'xL7JL6J', 'xL7JL2J', 'xL7JL7J', 'xL5JL2J', 'xL7JL4J', 'xL4JL5J', 'xL4JL1J', 'xL9JL4J'})