10, 0, 6.850838135149292, 10
+-- , 4 , {0} , {'51', '66', '78', '25', '40', '46', '63', '55', '61', '79', '38', '73', '42', '6', '29', '52', '23', '71', '34', '68'}
| +-- , 0 , {6, 8, 10} , {'51', '56', '31', '80', '40', '28', '35', '46', '50', '76', '11', '70', '55', '33', '4', '43', '60', '7', '6', '69', '12', '58', '48', '65', '37', '39', '32', '17', '38', '59', '77', '49', '78', '25', '63', '30', '18', '36', '9', '61', '15', '41', '79', '45', '24', '73', '2', '42', '57', '75', '0', '29', '74', '26', '52', '20', '23', '68', '16', '71', '1', '27', '54', '34', '8', '19'}
| | +-- , 6 , set() , {'51', '59', '56', '77', '49', '78', '25', '63', '76', '18', '55', '33', '41', '10', '2', '57', '6', '69', '75', '26', '74', '12', '58', '39', '32'}
| | +-- , 8 , set() , {'56', '77', '48', '9', '27', '1', '25', '79', '32', '34', '46', '63', '14', '23'}
| | +-- , 10 , {12} , {'51', '56', '31', '80', '40', '28', '35', '46', '50', '76', '11', '70', '55', '33', '72', '4', '43', '60', '7', '6', '69', '12', '58', '48', '65', '37', '39', '32', '17', '38', '59', '77', '49', '78', '25', '63', '30', '18', '36', '9', '61', '41', '15', '79', '45', '24', '73', '2', '42', '57', '75', '0', '29', '74', '26', '8', '52', '23', '20', '16', '1', '27', '54', '34', '68', '19'}
| | | +-- , 12 , {16, 20, 14} , {'51', '56', '31', '80', '40', '28', '35', '46', '50', '76', '11', '62', '70', '55', '33', '72', '4', '43', '60', '7', '6', '21', '47', '12', '58', '48', '65', '37', '39', '32', '17', '38', '59', '77', '49', '78', '25', '63', '30', '18', '36', '9', '61', '41', '15', '45', '24', '73', '2', '3', '57', '75', '0', '29', '74', '26', '52', '23', '20', '16', '1', '27', '54', '34', '8', '19'}
| | | | +-- , 16 , {18} , {'51', '56', '31', '80', '40', '35', '46', '76', '11', '62', '70', '55', '33', '72', '4', '43', '60', '7', '6', '21', '47', '12', '65', '37', '39', '32', '38', '59', '77', '49', '63', '30', '36', '9', '61', '41', '45', '24', '73', '13', '2', '3', '75', '0', '29', '74', '64', '52', '20', '16', '1', '27', '54', '34'}
| | | | | +-- , 18 , set() , {'59', '56', '77', '49', '35', '76', '30', '11', '62', '36', '70', '61', '45', '13', '2', '60', '7', '75', '64', '12', '22', '32', '34', '5', '38'}
| | | | +-- , 20 , set() , {'51', '59', '56', '77', '31', '49', '40', '78', '25', '28', '50', '63', '76', '18', '62', '36', '70', '9', '72', '4', '44', '24', '2', '3', '57', '6', '75', '26', '74', '52', '23', '12', '58', '65', '1', '39', '54', '53', '34'}
| | | | +-- , 14 , set() , {'31', '60', '27', '78', '7', '25', '15', '62', '26', '76', '8', '24', '18', '67'}


Max number of edges with non zero Y: 33
Max number of iterations of outer rounding loop: 3
Max number of candidate sets: 2
Time spent rounding: 0.835
Time spent solving Separator LP: 0.055
Total time spent solving: 1.585

LP Solver: gammaPlusFractionalCoverHeuristic
Number of Rounding Attemps: 4
Lower Bound Witness = ({'31', '40', '28', '35', '46', '76', '11', '62', '55', '72', '4', '43', '7', '67', '32', '17', '49', '78', '25', '63', '9', '10', '45', '24', '73', '3', '42', '0', '29', '8', '23', '16', '53', '51', '56', '80', '50', '70', '33', '14', '60', '6', '69', '21', '47', '12', '58', '48', '65', '37', '39', '38', '59', '77', '66', '30', '18', '36', '61', '41', '15', '79', '44', '13', '2', '57', '75', '26', '74', '64', '52', '20', '71', '1', '27', '54', '22', '34', '5', '68', '19'}, {'73', '71', '22', '57', '24'})