22, 2.9722124916251724, 8.5, 9
+-- , 0 , {48, 7, 46} , {'xL1J', 'xL24J', 'xL19J', 'xL6J', 'xL25J', 'xL3J', 'xL21J', 'xL10J', 'xL23J', 'xL27J', 'xL11J', 'xL13J', 'xL8J', 'xL28J', 'xL39J', 'xL31J'}
| +-- , 48 , set() , {'xL0J', 'xL21J'}
| +-- , 7 , {9} , {'xL1J', 'xL24J', 'xL19J', 'xL6J', 'xL25J', 'xL3J', 'xL21J', 'xL10J', 'xL22J', 'xL27J', 'xL11J', 'xL13J', 'xL8J', 'xL28J', 'xL39J', 'xL31J'}
| | +-- , 9 , {42, 12} , {'xL1J', 'xL24J', 'xL5J', 'xL19J', 'xL6J', 'xL25J', 'xL3J', 'xL21J', 'xL35J', 'xL22J', 'xL27J', 'xL11J', 'xL13J', 'xL8J', 'xL28J', 'xL39J', 'xL31J'}
| | | +-- , 42 , {44} , {'xL24J', 'xL35J', 'xL20J', 'xL5J', 'xL27J', 'xL25J', 'xL3J', 'xL31J'}
| | | | +-- , 44 , set() , {'xL35J', 'xL20J', 'xL7J'}
| | | +-- , 12 , {20, 14} , {'xL1J', 'xL5J', 'xL19J', 'xL6J', 'xL25J', 'xL3J', 'xL21J', 'xL18J', 'xL35J', 'xL22J', 'xL27J', 'xL11J', 'xL13J', 'xL8J', 'xL28J', 'xL31J'}
| | | | +-- , 20 , {32, 22} , {'xL1J', 'xL5J', 'xL19J', 'xL25J', 'xL3J', 'xL21J', 'xL18J', 'xL35J', 'xL22J', 'xL27J', 'xL2J', 'xL11J', 'xL13J', 'xL8J', 'xL28J'}
| | | | | +-- , 32 , {34, 36, 40} , {'xL1J', 'xL35J', 'xL5J', 'xL27J', 'xL19J', 'xL2J', 'xL11J', 'xL13J', 'xL37J', 'xL36J', 'xL8J', 'xL25J', 'xL21J', 'xL18J'}
| | | | | | +-- , 34 , set() , {'xL35J', 'xL15J', 'xL5J', 'xL34J', 'xL2J', 'xL37J'}
| | | | | | +-- , 36 , {38} , {'xL9J', 'xL36J', 'xL37J', 'xL11J'}
| | | | | | | +-- , 38 , set() , {'xL9J', 'xL11J', 'xL37J', 'xL16J'}
| | | | | | +-- , 40 , set() , {'xL38J', 'xL25J', 'xL37J', 'xL13J'}
| | | | | +-- , 22 , {24, 30} , {'xL1J', 'xL17J', 'xL22J', 'xL5J', 'xL27J', 'xL19J', 'xL2J', 'xL3J', 'xL18J', 'xL28J'}
| | | | | | +-- , 24 , {26} , {'xL17J', 'xL22J', 'xL5J', 'xL27J', 'xL19J', 'xL3J', 'xL28J', 'xL33J'}
| | | | | | | +-- , 26 , {28} , {'xL32J', 'xL22J', 'xL5J', 'xL27J', 'xL19J', 'xL28J', 'xL33J'}
| | | | | | | | +-- , 28 , set() , {'xL32J', 'xL30J', 'xL5J'}
| | | | | | +-- , 30 , set() , {'xL17J', 'xL5J', 'xL2J', 'xL3J', 'xL26J', 'xL18J'}
| | | | +-- , 14 , {16} , {'xL35J', 'xL5J', 'xL6J', 'xL11J', 'xL13J', 'xL18J', 'xL14J'}
| | | | | +-- , 16 , {18} , {'xL5J', 'xL14J', 'xL12J', 'xL13J', 'xL11J'}
| | | | | | +-- , 18 , set() , {'xL4J', 'xL12J', 'xL5J'}
| +-- , 46 , set() , {'xL39J', 'xL29J', 'xL11J'}


Max number of edges with non zero Y: 27
Max number of iterations of outer rounding loop: 6
Max number of candidate sets: 2
Time spent rounding: 15.934
Time spent solving Separator LP: 0.573

LP Solver: GaifmanBoosted