25, 2.318181303030303, 7.0, 7
+-- , 0 , {5, 52, 54} , {'xL1J', 'xL24J', 'xL5J', 'xL7J', 'xL25J', 'xL37J', 'xL38J', 'xL35J', 'xL15J', 'xL13J', 'xL29J', 'xL39J'}
| +-- , 5 , {7} , {'xL1J', 'xL24J', 'xL5J', 'xL7J', 'xL25J', 'xL37J', 'xL35J', 'xL15J', 'xL2J', 'xL13J', 'xL29J', 'xL39J'}
| | +-- , 7 , {50, 9} , {'xL1J', 'xL24J', 'xL35J', 'xL5J', 'xL2J', 'xL7J', 'xL25J', 'xL37J', 'xL13J', 'xL29J', 'xL28J', 'xL39J'}
| | | +-- , 50 , set() , {'xL37J', 'xL13J', 'xL8J', 'xL28J', 'xL39J'}
| | | +-- , 9 , {11} , {'xL1J', 'xL24J', 'xL5J', 'xL7J', 'xL25J', 'xL37J', 'xL35J', 'xL2J', 'xL11J', 'xL13J', 'xL29J', 'xL28J'}
| | | | +-- , 11 , {14} , {'xL1J', 'xL24J', 'xL20J', 'xL5J', 'xL7J', 'xL25J', 'xL37J', 'xL35J', 'xL27J', 'xL2J', 'xL11J', 'xL13J', 'xL28J'}
| | | | | +-- , 14 , {17, 46} , {'xL1J', 'xL35J', 'xL20J', 'xL5J', 'xL27J', 'xL2J', 'xL25J', 'xL37J', 'xL11J', 'xL13J', 'xL18J', 'xL28J', 'xL14J'}
| | | | | | +-- , 17 , {19} , {'xL1J', 'xL20J', 'xL5J', 'xL25J', 'xL37J', 'xL18J', 'xL14J', 'xL35J', 'xL27J', 'xL2J', 'xL11J', 'xL28J', 'xL31J'}
| | | | | | | +-- , 19 , {21} , {'xL1J', 'xL20J', 'xL5J', 'xL6J', 'xL25J', 'xL37J', 'xL18J', 'xL14J', 'xL27J', 'xL2J', 'xL11J', 'xL28J', 'xL31J'}
| | | | | | | | +-- , 21 , {35, 42, 23, 25, 27, 31} , {'xL1J', 'xL32J', 'xL20J', 'xL5J', 'xL27J', 'xL2J', 'xL6J', 'xL25J', 'xL37J', 'xL11J', 'xL36J', 'xL31J', 'xL18J', 'xL28J'}
| | | | | | | | | +-- , 35 , {38} , {'xL1J', 'xL32J', 'xL17J', 'xL20J', 'xL5J', 'xL27J', 'xL2J', 'xL26J', 'xL18J', 'xL31J'}
| | | | | | | | | | +-- , 38 , {40} , {'xL1J', 'xL32J', 'xL17J', 'xL20J', 'xL27J', 'xL26J', 'xL31J', 'xL33J'}
| | | | | | | | | | | +-- , 40 , set() , {'xL1J', 'xL20J', 'xL27J', 'xL3J', 'xL26J', 'xL31J', 'xL33J'}
| | | | | | | | | +-- , 42 , {44} , {'xL36J', 'xL21J', 'xL11J'}
| | | | | | | | | | +-- , 44 , set() , {'xL0J', 'xL21J'}
| | | | | | | | | +-- , 23 , set() , {'xL32J', 'xL5J', 'xL19J', 'xL2J', 'xL36J', 'xL25J'}
| | | | | | | | | +-- , 25 , set() , {'xL32J', 'xL30J', 'xL5J'}
| | | | | | | | | +-- , 27 , {29} , {'xL32J', 'xL22J', 'xL2J', 'xL31J', 'xL6J'}
| | | | | | | | | | +-- , 29 , set() , {'xL10J', 'xL31J', 'xL22J'}
| | | | | | | | | +-- , 31 , {33} , {'xL9J', 'xL36J', 'xL37J', 'xL11J'}
| | | | | | | | | | +-- , 33 , set() , {'xL9J', 'xL11J', 'xL37J', 'xL16J'}
| | | | | | +-- , 46 , {48} , {'xL5J', 'xL14J', 'xL12J', 'xL13J', 'xL11J'}
| | | | | | | +-- , 48 , set() , {'xL4J', 'xL12J', 'xL5J'}
| +-- , 52 , set() , {'xL35J', 'xL15J', 'xL5J', 'xL34J', 'xL37J'}
| +-- , 54 , set() , {'xL39J', 'xL24J', 'xL23J'}


Max number of edges with non zero Y: 21
Max number of iterations of outer rounding loop: 7
Max number of candidate sets: 2
Time spent rounding: 34.030
Time spent solving Separator LP: 0.491

LP Solver: GaifmanNormal