14, 1.7205798227375695, 5.333333333333333, 7
+-- , 0 , {33, 35, 10} , {'23', '24', '0', '22', '2', '28', '29', '8', '13', '3', '7', '20', '21', '5'}
| +-- , 33 , set() , {'20', '1', '21'}
| +-- , 35 , set() , {'29', '26', '27', '5'}
| +-- , 10 , {13, 15} , {'14', '23', '0', '22', '2', '19', '28', '29', '13', '8', '3', '7', '20', '21', '5'}
| | +-- , 13 , set() , {'5', '12', '19'}
| | +-- , 15 , {17, 31} , {'28', '29', '14', '23', '0', '13', '22', '3', '2', '19', '6', '20', '21', '11', '5'}
| | | +-- , 17 , {19} , {'14', '23', '0', '22', '2', '19', '28', '13', '25', '3', '6', '20', '21', '11', '5'}
| | | | +-- , 19 , {21} , {'14', '23', '0', '22', '2', '19', '4', '28', '13', '25', '6', '20', '11', '5'}
| | | | | +-- , 21 , {29, 23} , {'14', '23', '0', '22', '2', '19', '16', '4', '28', '13', '25', '6', '5'}
| | | | | | +-- , 29 , set() , {'14', '6', '2', '16', '10'}
| | | | | | +-- , 23 , {25} , {'14', '23', '0', '22', '19', '16', '4', '28', '13', '25', '17', '6', '5'}
| | | | | | | +-- , 25 , {27} , {'14', '23', '15', '22', '19', '16', '4', '28', '13', '17', '6'}
| | | | | | | | +-- , 27 , set() , {'14', '23', '13', '17', '15', '22', '6', '19', '9', '4'}
| | | +-- , 31 , set() , {'29', '11', '18'}


Max number of edges with non zero Y: 16
Max number of iterations of outer rounding loop: 5
Max number of candidate sets: 2
Time spent rounding: 20.687
Time spent solving Separator LP: 0.772
Total time spent solving: 24.852

LP Solver: GaifmanNormal
Lower Bound Witness = ({'26', '14', '15', '2', '19', '10', '28', '29', '18', '13', '17', '7', '6', '20', '23', '0', '24', '22', '9', '16', '27', '1', '4', '8', '25', '3', '12', '21', '11', '5'}, {'28', '29', '26', '8', '24', '17', '15', '22', '7', '11', '27', '1'})