28, 4.026635895973059, 15.545454545454545, 16
+-- , 0 , {3, 10, 50, 52, 54, 56, 58} , {'xL28J', 'xL16J', 'xL38J', 'xL3J', 'xL20J', 'xL76J', 'xL69J', 'xL43J', 'xL1J', 'xL56J', 'xL29J', 'xL24J', 'xL15J', 'xL66J', 'xL77J', 'xL36J', 'xL44J', 'xL33J', 'xL9J', 'xL27J', 'xL57J', 'xL37J', 'xL13J', 'xL11J', 'xL2J', 'xL32J', 'xL58J', 'xL34J', 'xL49J', 'xL42J', 'xL52J', 'xL63J', 'xL79J', 'xL23J', 'xL7J', 'xL55J', 'xL25J', 'xL8J', 'xL39J', 'xL61J'}
| +-- , 3 , {5} , {'xL28J', 'xL11J', 'xL8J', 'xL36J', 'xL45J', 'xL58J'}
| | +-- , 5 , set() , {'xL45J', 'xL64J', 'xL58J'}
| +-- , 10 , {12} , {'xL28J', 'xL6J', 'xL16J', 'xL38J', 'xL3J', 'xL69J', 'xL43J', 'xL1J', 'xL24J', 'xL15J', 'xL77J', 'xL44J', 'xL9J', 'xL37J', 'xL13J', 'xL10J', 'xL32J', 'xL42J', 'xL52J', 'xL79J', 'xL23J', 'xL55J', 'xL25J', 'xL61J', 'xL19J', 'xL20J', 'xL76J', 'xL56J', 'xL29J', 'xL66J', 'xL36J', 'xL33J', 'xL27J', 'xL57J', 'xL11J', 'xL2J', 'xL58J', 'xL34J', 'xL49J', 'xL63J', 'xL7J', 'xL39J'}
| | +-- , 12 , {14} , {'xL28J', 'xL6J', 'xL16J', 'xL38J', 'xL3J', 'xL69J', 'xL43J', 'xL24J', 'xL15J', 'xL77J', 'xL4J', 'xL44J', 'xL9J', 'xL37J', 'xL13J', 'xL10J', 'xL32J', 'xL42J', 'xL52J', 'xL79J', 'xL23J', 'xL55J', 'xL25J', 'xL61J', 'xL20J', 'xL76J', 'xL56J', 'xL29J', 'xL66J', 'xL36J', 'xL33J', 'xL27J', 'xL57J', 'xL11J', 'xL2J', 'xL58J', 'xL34J', 'xL49J', 'xL63J', 'xL7J', 'xL39J'}
| | | +-- , 14 , {48, 16} , {'xL28J', 'xL47J', 'xL6J', 'xL16J', 'xL38J', 'xL3J', 'xL69J', 'xL43J', 'xL24J', 'xL15J', 'xL77J', 'xL4J', 'xL44J', 'xL9J', 'xL37J', 'xL13J', 'xL10J', 'xL32J', 'xL42J', 'xL52J', 'xL79J', 'xL23J', 'xL55J', 'xL61J', 'xL20J', 'xL76J', 'xL56J', 'xL29J', 'xL66J', 'xL36J', 'xL33J', 'xL27J', 'xL57J', 'xL11J', 'xL2J', 'xL58J', 'xL34J', 'xL49J', 'xL63J', 'xL7J', 'xL39J'}
| | | | +-- , 48 , set() , {'xL47J', 'xL3J', 'xL73J'}
| | | | +-- , 16 , {18} , {'xL47J', 'xL6J', 'xL16J', 'xL38J', 'xL3J', 'xL69J', 'xL43J', 'xL24J', 'xL15J', 'xL77J', 'xL44J', 'xL9J', 'xL37J', 'xL13J', 'xL10J', 'xL62J', 'xL32J', 'xL42J', 'xL52J', 'xL79J', 'xL55J', 'xL61J', 'xL20J', 'xL76J', 'xL56J', 'xL29J', 'xL66J', 'xL36J', 'xL33J', 'xL27J', 'xL57J', 'xL11J', 'xL2J', 'xL58J', 'xL34J', 'xL49J', 'xL63J', 'xL7J', 'xL39J'}
| | | | | +-- , 18 , {20} , {'xL47J', 'xL6J', 'xL16J', 'xL38J', 'xL3J', 'xL69J', 'xL43J', 'xL24J', 'xL15J', 'xL30J', 'xL77J', 'xL44J', 'xL39J', 'xL9J', 'xL37J', 'xL13J', 'xL10J', 'xL62J', 'xL32J', 'xL42J', 'xL52J', 'xL79J', 'xL55J', 'xL61J', 'xL20J', 'xL76J', 'xL56J', 'xL29J', 'xL66J', 'xL36J', 'xL33J', 'xL27J', 'xL57J', 'xL11J', 'xL58J', 'xL34J', 'xL49J', 'xL63J', 'xL7J', 'xL65J'}
| | | | | | +-- , 20 , {22} , {'xL47J', 'xL6J', 'xL16J', 'xL38J', 'xL3J', 'xL69J', 'xL43J', 'xL24J', 'xL15J', 'xL30J', 'xL77J', 'xL44J', 'xL39J', 'xL9J', 'xL37J', 'xL13J', 'xL12J', 'xL10J', 'xL62J', 'xL32J', 'xL42J', 'xL52J', 'xL79J', 'xL55J', 'xL61J', 'xL76J', 'xL56J', 'xL29J', 'xL66J', 'xL36J', 'xL33J', 'xL27J', 'xL57J', 'xL11J', 'xL58J', 'xL34J', 'xL49J', 'xL63J', 'xL17J', 'xL65J'}
| | | | | | | +-- , 22 , {24} , {'xL47J', 'xL6J', 'xL16J', 'xL38J', 'xL76J', 'xL69J', 'xL43J', 'xL56J', 'xL29J', 'xL24J', 'xL66J', 'xL30J', 'xL77J', 'xL36J', 'xL44J', 'xL65J', 'xL33J', 'xL27J', 'xL9J', 'xL57J', 'xL37J', 'xL13J', 'xL12J', 'xL10J', 'xL11J', 'xL62J', 'xL32J', 'xL58J', 'xL34J', 'xL49J', 'xL42J', 'xL63J', 'xL79J', 'xL53J', 'xL55J', 'xL17J', 'xL39J', 'xL61J'}
| | | | | | | | +-- , 24 , {42, 26, 30} , {'xL47J', 'xL6J', 'xL16J', 'xL46J', 'xL38J', 'xL76J', 'xL69J', 'xL43J', 'xL56J', 'xL29J', 'xL24J', 'xL66J', 'xL30J', 'xL77J', 'xL36J', 'xL44J', 'xL65J', 'xL33J', 'xL27J', 'xL9J', 'xL57J', 'xL37J', 'xL13J', 'xL10J', 'xL11J', 'xL40J', 'xL62J', 'xL32J', 'xL58J', 'xL34J', 'xL49J', 'xL42J', 'xL63J', 'xL79J', 'xL53J', 'xL55J', 'xL17J', 'xL39J', 'xL61J'}
| | | | | | | | | +-- , 42 , {44, 46} , {'xL47J', 'xL6J', 'xL16J', 'xL46J', 'xL38J', 'xL40J', 'xL62J', 'xL56J', 'xL32J', 'xL58J', 'xL72J', 'xL42J', 'xL63J', 'xL41J', 'xL24J', 'xL55J', 'xL70J', 'xL17J', 'xL30J', 'xL36J', 'xL65J'}
| | | | | | | | | | +-- , 44 , set() , {'xL67J', 'xL31J', 'xL63J', 'xL38J', 'xL24J', 'xL70J', 'xL65J', 'xL36J', 'xL32J'}
| | | | | | | | | | +-- , 46 , set() , {'xL72J', 'xL16J', 'xL70J', 'xL30J', 'xL18J'}
| | | | | | | | | +-- , 26 , {28} , {'xL57J', 'xL6J', 'xL37J', 'xL60J', 'xL69J', 'xL40J', 'xL5J', 'xL29J', 'xL63J', 'xL66J', 'xL17J', 'xL77J', 'xL44J', 'xL39J', 'xL33J'}
| | | | | | | | | | +-- , 28 , set() , {'xL57J', 'xL60J', 'xL69J', 'xL40J', 'xL77J', 'xL33J', 'xL71J'}
| | | | | | | | | +-- , 30 , {32, 34} , {'xL27J', 'xL9J', 'xL57J', 'xL47J', 'xL6J', 'xL16J', 'xL46J', 'xL13J', 'xL10J', 'xL43J', 'xL78J', 'xL32J', 'xL58J', 'xL34J', 'xL42J', 'xL29J', 'xL79J', 'xL53J', 'xL55J', 'xL66J', 'xL17J', 'xL30J', 'xL77J', 'xL44J', 'xL65J', 'xL61J', 'xL33J'}
| | | | | | | | | | +-- , 32 , set() , {'xL42J', 'xL21J', 'xL78J', 'xL44J', 'xL33J'}
| | | | | | | | | | +-- , 34 , {36} , {'xL27J', 'xL57J', 'xL14J', 'xL16J', 'xL46J', 'xL13J', 'xL10J', 'xL43J', 'xL78J', 'xL32J', 'xL58J', 'xL34J', 'xL42J', 'xL29J', 'xL74J', 'xL53J', 'xL55J', 'xL66J', 'xL17J', 'xL30J', 'xL77J', 'xL65J', 'xL61J'}
| | | | | | | | | | | +-- , 36 , {38} , {'xL57J', 'xL14J', 'xL16J', 'xL13J', 'xL10J', 'xL54J', 'xL43J', 'xL78J', 'xL32J', 'xL68J', 'xL42J', 'xL74J', 'xL55J', 'xL66J', 'xL17J', 'xL77J'}
| | | | | | | | | | | | +-- , 38 , {40} , {'xL42J', 'xL22J', 'xL16J', 'xL51J', 'xL10J', 'xL75J', 'xL55J', 'xL54J', 'xL66J', 'xL17J', 'xL78J', 'xL77J', 'xL43J', 'xL68J'}
| | | | | | | | | | | | | +-- , 40 , set() , {'xL16J', 'xL75J', 'xL55J', 'xL77J', 'xL50J'}
| +-- , 50 , set() , {'xL11J', 'xL56J', 'xL35J'}
| +-- , 52 , set() , {'xL57J', 'xL38J', 'xL0J', 'xL56J', 'xL32J'}
| +-- , 54 , set() , {'xL20J', 'xL23J', 'xL48J'}
| +-- , 56 , set() , {'xL38J', 'xL26J', 'xL76J', 'xL69J', 'xL34J'}
| +-- , 58 , set() , {'xL59J', 'xL44J', 'xL38J'}


Max number of edges with non zero Y: 51
Max number of iterations of outer rounding loop: 11
Max number of candidate sets: 2
Time spent rounding: 29.149
Time spent solving Separator LP: 3.934
Total time spent solving: 36.099

LP Solver: GaifmanNormal
Lower Bound Witness = ({'xL28J', 'xL47J', 'xL16J', 'xL38J', 'xL43J', 'xL1J', 'xL18J', 'xL4J', 'xL39J', 'xL9J', 'xL37J', 'xL12J', 'xL59J', 'xL40J', 'xL68J', 'xL52J', 'xL23J', 'xL55J', 'xL25J', 'xL61J', 'xL46J', 'xL60J', 'xL76J', 'xL56J', 'xL22J', 'xL75J', 'xL66J', 'xL35J', 'xL27J', 'xL58J', 'xL31J', 'xL74J', 'xL53J', 'xL17J', 'xL67J', 'xL6J', 'xL51J', 'xL3J', 'xL69J', 'xL64J', 'xL71J', 'xL24J', 'xL15J', 'xL70J', 'xL30J', 'xL77J', 'xL44J', 'xL14J', 'xL73J', 'xL13J', 'xL10J', 'xL78J', 'xL62J', 'xL32J', 'xL48J', 'xL72J', 'xL42J', 'xL21J', 'xL79J', 'xL8J', 'xL19J', 'xL20J', 'xL45J', 'xL29J', 'xL41J', 'xL26J', 'xL0J', 'xL36J', 'xL33J', 'xL57J', 'xL11J', 'xL54J', 'xL2J', 'xL34J', 'xL50J', 'xL49J', 'xL5J', 'xL63J', 'xL7J', 'xL65J'}, {'xL28J', 'xL51J', 'xL76J', 'xL1J', 'xL45J', 'xL64J', 'xL75J', 'xL24J', 'xL15J', 'xL66J', 'xL0J', 'xL36J', 'xL44J', 'xL33J', 'xL27J', 'xL9J', 'xL37J', 'xL54J', 'xL2J', 'xL50J', 'xL48J', 'xL49J', 'xL5J', 'xL79J', 'xL7J', 'xL17J', 'xL8J', 'xL39J', 'xL61J'})