17, 1.150506512301013, 3.0, 3
+-- , 0 , {1} , {'28', '38', '34'}
| +-- , 1 , {3, 21, 25} , {'1', '18', '9', '12', '39'}
| | +-- , 3 , {5} , {'18', '12', '14', '9', '39'}
| | | +-- , 5 , {7} , {'18', '36', '12', '14', '9', '6'}
| | | | +-- , 7 , {9} , {'18', '12', '21', '14', '9', '6'}
| | | | | +-- , 9 , {11, 13} , {'18', '12', '21', '9', '8', '6'}
| | | | | | +-- , 11 , set() , {'0', '8', '43'}
| | | | | | +-- , 13 , {17, 15} , {'18', '12', '21', '35', '20', '8', '6'}
| | | | | | | +-- , 17 , {19} , {'12', '35', '4'}
| | | | | | | | +-- , 19 , set() , {'4', '19'}
| | | | | | | +-- , 15 , set() , {'18', '21', '35', '20', '30', '40', '6'}
| | +-- , 21 , {23} , {'18', '27', '42'}
| | | +-- , 23 , set() , {'18', '42', '33'}
| | +-- , 25 , {27, 29, 31} , {'12', '25', '39'}
| | | +-- , 27 , set() , {'25', '10', '24'}
| | | +-- , 29 , set() , {'3', '25', '31'}
| | | +-- , 31 , set() , {'25', '32', '2'}


Max number of edges with non zero Y: 7
Max number of iterations of outer rounding loop: 2
Max number of candidate sets: 2
Time spent rounding: 6.886
Time spent solving Separator LP: 0.131

LP Solver: GaifmanBoosted