59, 7.0, 9.0, 9
+-- , 0 , {97, 3, 101, 105, 113, 119, 85, 117, 87} , {'xL3J', 'xL0J', 'zL38J', 'zL70J', 'zL69J', 'xL2J', 'xL4J', 'zL55J', 'zL30J', 'zL10J', 'zL5J', 'zL9J', 'zL37J', 'xL5J', 'xL7J', 'zL4J', 'w16', 'zL76J', 'xL6J', 'zL29J'}
| +-- , 97 , {99} , {'zL36J', 'xL7J', 'zL37J', 'xL4J'}
| | +-- , 99 , set() , {'zL36J', 'xL7J', 'yL9J'}
| +-- , 3 , {5} , {'xL3J', 'zL38J', 'xL0J', 'xL2J', 'xL4J', 'zL55J', 'zL30J', 'zL10J', 'zL5J', 'zL9J', 'xL5J', 'xL7J', 'zL77J', 'zL76J', 'xL6J', 'zL29J'}
| | +-- , 5 , {9} , {'xL3J', 'zL38J', 'xL0J', 'zL12J', 'yL0J', 'xL2J', 'xL4J', 'zL0J', 'zL55J', 'zL30J', 'zL10J', 'zL5J', 'zL9J', 'zL13J', 'xL5J', 'xL7J', 'zL77J', 'xL6J', 'zL29J'}
| | | +-- , 9 , {67, 69, 71, 11, 77, 83} , {'xL3J', 'xL0J', 'zL38J', 'xL9J', 'zL12J', 'xL2J', 'xL4J', 'zL0J', 'zL55J', 'zL30J', 'zL10J', 'zL5J', 'zL9J', 'zL13J', 'xL5J', 'xL7J', 'zL77J', 'zL1J', 'zL39J', 'xL6J', 'zL29J'}
| | | | +-- , 67 , set() , {'yL16J', 'zL65J', 'xL3J', 'xL0J', 'zL66J', 'xL9J', 'xL5J', 'zL64J', 'xL7J', 'w19', 'zL67J'}
| | | | +-- , 69 , set() , {'xL3J', 'zL42J', 'xL9J', 'xL5J', 'yL10J', 'xL7J', 'zL43J', 'zL40J', 'zL41J', 'w13', 'xL6J'}
| | | | +-- , 71 , {73} , {'zL2J', 'xL0J', 'zL1J', 'xL9J', 'xL5J'}
| | | | | +-- , 73 , {75} , {'zL2J', 'xL0J', 'xL5J', 'zL3J'}
| | | | | | +-- , 75 , set() , {'w3', 'xL5J', 'zL3J'}
| | | | +-- , 11 , {13} , {'zL8J', 'xL0J', 'xL4J', 'zL14J', 'zL55J', 'zL10J', 'yL2J', 'xL7J', 'xL6J', 'zL29J', 'xL3J', 'xL9J', 'zL12J', 'xL2J', 'zL30J', 'zL9J', 'zL13J', 'w11', 'xL5J', 'zL35J', 'zL77J'}
| | | | | +-- , 13 , {65, 15} , {'zL8J', 'xL3J', 'xL0J', 'xL9J', 'zL12J', 'xL2J', 'xL4J', 'zL14J', 'zL55J', 'zL30J', 'zL10J', 'zL9J', 'xL5J', 'zL78J', 'xL7J', 'zL35J', 'zL77J', 'xL6J', 'zL29J'}
| | | | | | +-- , 65 , set() , {'zL79J', 'w22', 'xL9J', 'zL78J', 'xL6J'}
| | | | | | +-- , 15 , {47, 17, 55, 57, 59, 63} , {'zL8J', 'xL3J', 'xL0J', 'xL8J', 'zL12J', 'xL2J', 'xL4J', 'zL14J', 'zL55J', 'zL30J', 'zL10J', 'zL9J', 'zL34J', 'xL5J', 'zL78J', 'xL7J', 'zL35J', 'zL77J', 'xL6J', 'zL29J'}
| | | | | | | +-- , 47 , {49} , {'xL8J', 'xL5J', 'xL7J', 'zL54J', 'zL55J', 'xL6J'}
| | | | | | | | +-- , 49 , {51} , {'xL7J', 'zL54J', 'xL6J', 'xL5J', 'zL53J'}
| | | | | | | | | +-- , 51 , {53} , {'xL6J', 'xL5J', 'zL52J', 'zL53J'}
| | | | | | | | | | +-- , 53 , set() , {'yL13J', 'xL5J', 'zL52J'}
| | | | | | | +-- , 17 , {19} , {'zL8J', 'xL3J', 'xL0J', 'xL8J', 'xL2J', 'xL4J', 'zL14J', 'zL9J', 'zL34J', 'w15', 'zL28J', 'zL51J', 'xL5J', 'xL7J', 'xL6J', 'zL29J'}
| | | | | | | | +-- , 19 , {21} , {'zL8J', 'xL3J', 'xL0J', 'xL8J', 'zL49J', 'xL2J', 'xL4J', 'zL50J', 'zL14J', 'zL9J', 'zL34J', 'zL28J', 'zL51J', 'xL5J', 'xL7J', 'xL6J'}
| | | | | | | | | +-- , 21 , {39, 43, 23, 29, 31} , {'w6', 'zL8J', 'zL15J', 'xL3J', 'xL8J', 'zL49J', 'xL2J', 'xL4J', 'zL14J', 'zL33J', 'xL1J', 'zL27J', 'yL7J', 'zL9J', 'zL34J', 'zL28J', 'xL5J', 'w9', 'xL7J', 'xL6J'}
| | | | | | | | | | +-- , 39 , {41} , {'xL1J', 'zL49J', 'xL6J', 'zL48J'}
| | | | | | | | | | | +-- , 41 , set() , {'yL12J', 'xL6J', 'zL48J'}
| | | | | | | | | | +-- , 43 , {45} , {'xL3J', 'zL33J', 'zL32J', 'xL1J'}
| | | | | | | | | | | +-- , 45 , set() , {'xL1J', 'yL8J', 'zL32J'}
| | | | | | | | | | +-- , 23 , {25} , {'xL3J', 'zL60J', 'xL5J', 'xL4J', 'xL7J', 'xL1J', 'yL15J'}
| | | | | | | | | | | +-- , 25 , {27} , {'xL3J', 'zL61J', 'zL60J', 'xL5J', 'xL4J', 'xL7J'}
| | | | | | | | | | | | +-- , 27 , set() , {'xL3J', 'zL61J', 'zL63J', 'xL5J', 'xL7J', 'zL62J', 'w18'}
| | | | | | | | | | +-- , 29 , set() , {'xL3J', 'zL17J', 'xL8J', 'xL2J', 'xL5J', 'yL4J', 'zL19J', 'zL16J', 'w7', 'zL18J', 'xL1J'}
| | | | | | | | | | +-- , 31 , {33} , {'zL27J', 'xL8J', 'xL5J', 'zL26J', 'xL1J', 'xL6J'}
| | | | | | | | | | | +-- , 33 , {35} , {'zL25J', 'xL8J', 'zL26J', 'xL1J', 'xL5J'}
| | | | | | | | | | | | +-- , 35 , {37} , {'zL24J', 'zL25J', 'xL1J', 'xL5J'}
| | | | | | | | | | | | | +-- , 37 , set() , {'zL24J', 'xL1J', 'yL6J'}
| | | | | | | +-- , 55 , set() , {'xL8J', 'xL2J', 'w5', 'zL11J', 'zL10J'}
| | | | | | | +-- , 57 , set() , {'xL3J', 'xL0J', 'zL72J', 'xL8J', 'zL73J', 'xL2J', 'w21', 'xL7J', 'yL18J', 'zL75J', 'zL74J'}
| | | | | | | +-- , 59 , {61} , {'zL31J', 'xL8J', 'zL30J', 'xL2J'}
| | | | | | | | +-- , 61 , set() , {'zL31J', 'xL2J', 'w10'}
| | | | | | | +-- , 63 , set() , {'zL12J', 'yL3J', 'xL8J'}
| | | | +-- , 77 , {79} , {'zL5J', 'zL6J', 'xL0J', 'xL9J', 'xL5J'}
| | | | | +-- , 79 , {81} , {'zL7J', 'zL6J', 'xL9J', 'xL5J'}
| | | | | | +-- , 81 , set() , {'zL7J', 'xL9J', 'w4'}
| | | | +-- , 83 , set() , {'zL39J', 'w12', 'xL0J'}
| +-- , 101 , {103} , {'xL7J', 'xL3J', 'zL69J', 'zL68J'}
| | +-- , 103 , set() , {'xL3J', 'zL68J', 'yL17J'}
| +-- , 105 , {107, 111} , {'xL3J', 'zL46J', 'xL2J', 'xL4J', 'zL44J', 'xL7J', 'xL6J', 'zL45J'}
| | +-- , 107 , {109} , {'xL7J', 'xL3J', 'zL47J', 'zL46J'}
| | | +-- , 109 , set() , {'xL7J', 'zL47J', 'w14'}
| | +-- , 111 , set() , {'zL44J', 'xL4J', 'yL11J'}
| +-- , 113 , {115} , {'zL70J', 'zL71J', 'xL6J', 'xL4J'}
| | +-- , 115 , set() , {'zL71J', 'w20', 'xL6J'}
| +-- , 119 , set() , {'yL19J', 'zL76J', 'xL2J'}
| +-- , 85 , set() , {'zL58J', 'zL57J', 'xL3J', 'xL0J', 'zL59J', 'yL14J', 'w17', 'xL2J', 'xL5J', 'xL4J', 'zL56J'}
| +-- , 117 , set() , {'yL1J', 'zL4J', 'xL4J'}
| +-- , 87 , {89, 91} , {'xL3J', 'xL0J', 'zL22J', 'xL2J', 'xL7J', 'zL23J', 'xL6J'}
| | +-- , 89 , set() , {'w8', 'xL3J', 'zL23J'}
| | +-- , 91 , {93} , {'xL7J', 'xL0J', 'zL22J', 'zL21J', 'xL2J'}
| | | +-- , 93 , {95} , {'xL7J', 'xL0J', 'zL20J', 'zL21J'}
| | | | +-- , 95 , set() , {'xL0J', 'zL20J', 'yL5J'}


Max number of edges with non zero Y: 7
Max number of iterations of outer rounding loop: 0
Max number of candidate sets: 0
Time spent rounding: 0.000
Time spent solving Separator LP: 696.227
Total time spent solving: 708.381

LP Solver: GaifmanNormalILP
Lower Bound Witness = ({'zL72J', 'yL0J', 'w14', 'zL16J', 'xL1J', 'zL48J', 'zL28J', 'zL52J', 'yL10J', 'xL7J', 'w19', 'zL11J', 'yL3J', 'zL45J', 'yL19J', 'zL79J', 'xL3J', 'w20', 'zL59J', 'zL42J', 'zL73J', 'zL49J', 'yL5J', 'zL56J', 'zL44J', 'zL24J', 'zL41J', 'zL62J', 'zL30J', 'yL14J', 'w15', 'zL37J', 'w11', 'xL5J', 'zL78J', 'zL77J', 'zL67J', 'zL1J', 'zL75J', 'w6', 'zL8J', 'xL0J', 'yL6J', 'xL4J', 'w21', 'zL26J', 'zL5J', 'zL65J', 'yL2J', 'zL19J', 'zL4J', 'yL15J', 'zL15J', 'zL6J', 'yL12J', 'zL7J', 'zL36J', 'zL50J', 'zL34J', 'w10', 'zL22J', 'zL13J', 'zL46J', 'zL35J', 'zL32J', 'w13', 'zL38J', 'xL8J', 'yL11J', 'zL0J', 'zL18J', 'zL10J', 'w17', 'zL51J', 'w5', 'zL64J', 'w16', 'xL6J', 'w8', 'w22', 'yL9J', 'zL60J', 'xL9J', 'xL2J', 'zL68J', 'w3', 'zL43J', 'yL13J', 'zL40J', 'yL1J', 'zL74J', 'zL27J', 'yL7J', 'zL31J', 'w4', 'w9', 'zL25J', 'zL21J', 'zL39J', 'zL76J', 'yL8J', 'zL57J', 'zL61J', 'zL63J', 'zL53J', 'zL14J', 'zL20J', 'zL55J', 'zL33J', 'w18', 'yL4J', 'zL54J', 'zL23J', 'zL29J', 'zL47J', 'zL66J', 'w12', 'zL70J', 'zL69J', 'zL12J', 'zL3J', 'zL9J', 'zL58J', 'zL2J', 'zL17J', 'yL16J', 'w7', 'zL71J', 'yL18J', 'yL17J'}, {'zL57J', 'w14', 'xL4J', 'zL0J', 'zL20J', 'zL55J', 'zL18J', 'xL1J', 'zL10J', 'zL48J', 'yL2J', 'yL10J', 'zL19J', 'yL15J', 'zL29J', 'yL19J', 'w20', 'yL9J', 'zL70J', 'zL68J', 'zL56J', 'zL44J', 'zL36J', 'yL13J', 'yL1J', 'yL7J', 'yL16J', 'zL34J', 'zL46J', 'w7', 'yL8J', 'zL75J'})