58, 3.1484828799601208, 10.0, 10
+-- , 0 , {3, 9, 13, 77, 79, 81, 85, 89, 91, 93, 95, 99, 103, 105, 107, 111, 115} , {'zL57J', 'xL3J', 'xL0J', 'xL8J', 'xL9J', 'xL2J', 'xL4J', 'xL1J', 'zL9J', 'zL58J', 'zL2J', 'xL5J', 'xL7J', 'zL54J', 'zL77J', 'zL21J', 'zL39J'}
| +-- , 3 , {5} , {'xL3J', 'zL60J', 'xL5J', 'xL4J', 'xL7J', 'xL1J', 'yL15J'}
| | +-- , 5 , {7} , {'xL3J', 'zL61J', 'zL60J', 'xL5J', 'xL4J', 'xL7J'}
| | | +-- , 7 , set() , {'xL3J', 'zL61J', 'zL63J', 'xL5J', 'xL7J', 'zL62J', 'w18'}
| +-- , 9 , {11} , {'zL57J', 'xL3J', 'xL0J', 'zL56J'}
| | +-- , 11 , set() , {'yL14J', 'xL0J', 'zL56J'}
| +-- , 13 , {15} , {'xL3J', 'xL0J', 'zL38J', 'xL8J', 'xL9J', 'xL2J', 'xL4J', 'zL53J', 'xL1J', 'zL9J', 'zL2J', 'zL22J', 'xL5J', 'zL78J', 'xL7J', 'zL54J', 'zL77J', 'zL21J', 'zL39J'}
| | +-- , 15 , {17, 21, 73} , {'xL3J', 'xL0J', 'zL38J', 'xL8J', 'zL42J', 'zL70J', 'xL9J', 'zL69J', 'xL2J', 'xL4J', 'zL53J', 'zL41J', 'xL1J', 'zL9J', 'zL2J', 'zL22J', 'xL5J', 'zL78J', 'xL7J'}
| | | +-- , 17 , {19} , {'xL7J', 'xL3J', 'zL69J', 'zL68J'}
| | | | +-- , 19 , set() , {'xL3J', 'zL68J', 'yL17J'}
| | | +-- , 21 , {23} , {'zL8J', 'xL3J', 'xL0J', 'zL38J', 'xL8J', 'zL70J', 'xL9J', 'xL2J', 'xL4J', 'zL53J', 'zL41J', 'xL1J', 'zL9J', 'zL2J', 'zL22J', 'xL5J', 'zL78J', 'xL7J', 'zL71J'}
| | | | +-- , 23 , {25} , {'zL8J', 'xL3J', 'xL0J', 'zL38J', 'xL8J', 'xL9J', 'xL2J', 'xL4J', 'zL53J', 'zL40J', 'zL41J', 'xL1J', 'zL2J', 'zL22J', 'xL5J', 'yL10J', 'zL78J', 'xL7J', 'zL71J'}
| | | | | +-- , 25 , {67, 39, 71, 45, 53, 55, 57, 27, 29, 63} , {'zL8J', 'xL3J', 'zL38J', 'xL0J', 'xL8J', 'xL9J', 'xL2J', 'xL4J', 'zL53J', 'zL40J', 'zL41J', 'xL1J', 'zL2J', 'zL22J', 'xL5J', 'zL78J', 'xL7J', 'zL71J', 'xL6J'}
| | | | | | +-- , 67 , {69} , {'xL3J', 'zL23J', 'zL22J', 'xL6J'}
| | | | | | | +-- , 69 , set() , {'w8', 'xL3J', 'zL23J'}
| | | | | | +-- , 39 , {41} , {'xL7J', 'zL38J', 'zL37J', 'xL6J', 'xL4J'}
| | | | | | | +-- , 41 , {43} , {'zL36J', 'xL7J', 'zL37J', 'xL4J'}
| | | | | | | | +-- , 43 , set() , {'zL36J', 'xL7J', 'yL9J'}
| | | | | | +-- , 71 , set() , {'zL79J', 'w22', 'xL9J', 'zL78J', 'xL6J'}
| | | | | | +-- , 45 , {51, 47} , {'xL3J', 'zL46J', 'xL2J', 'xL4J', 'zL44J', 'xL7J', 'xL6J', 'zL45J'}
| | | | | | | +-- , 51 , set() , {'zL44J', 'xL4J', 'yL11J'}
| | | | | | | +-- , 47 , {49} , {'xL7J', 'xL3J', 'zL47J', 'zL46J'}
| | | | | | | | +-- , 49 , set() , {'xL7J', 'zL47J', 'w14'}
| | | | | | +-- , 53 , set() , {'zL27J', 'xL8J', 'xL5J', 'yL6J', 'w9', 'zL24J', 'xL7J', 'zL25J', 'zL26J', 'xL1J', 'xL6J'}
| | | | | | +-- , 55 , set() , {'zL71J', 'w20', 'xL6J'}
| | | | | | +-- , 57 , {59} , {'zL2J', 'xL7J', 'zL1J', 'xL9J', 'xL6J'}
| | | | | | | +-- , 59 , {61} , {'zL0J', 'xL7J', 'zL1J', 'xL6J'}
| | | | | | | | +-- , 61 , set() , {'xL7J', 'zL0J', 'yL0J'}
| | | | | | +-- , 27 , set() , {'zL8J', 'yL2J', 'xL6J'}
| | | | | | +-- , 29 , {37, 31} , {'xL0J', 'xL8J', 'zL49J', 'xL2J', 'xL1J', 'xL6J', 'zL48J'}
| | | | | | | +-- , 37 , set() , {'yL12J', 'xL6J', 'zL48J'}
| | | | | | | +-- , 31 , {33} , {'zL50J', 'xL0J', 'xL8J', 'zL49J', 'xL2J'}
| | | | | | | | +-- , 33 , {35} , {'zL50J', 'xL0J', 'xL8J', 'zL51J'}
| | | | | | | | | +-- , 35 , set() , {'zL51J', 'w15', 'xL8J'}
| | | | | | +-- , 63 , {65} , {'xL6J', 'xL5J', 'zL52J', 'zL53J'}
| | | | | | | +-- , 65 , set() , {'yL13J', 'xL5J', 'zL52J'}
| | | +-- , 73 , {75} , {'xL7J', 'zL43J', 'zL42J', 'xL9J'}
| | | | +-- , 75 , set() , {'xL9J', 'zL43J', 'w13'}
| +-- , 77 , set() , {'zL9J', 'xL8J', 'xL2J', 'w5', 'xL4J', 'zL11J', 'zL10J'}
| +-- , 79 , set() , {'w6', 'zL15J', 'xL3J', 'xL8J', 'zL12J', 'zL13J', 'xL2J', 'xL5J', 'zL14J', 'xL1J', 'yL3J'}
| +-- , 81 , {83} , {'yL7J', 'zL31J', 'xL0J', 'w10', 'xL8J', 'zL28J', 'xL2J', 'xL7J', 'xL1J'}
| | +-- , 83 , set() , {'zL31J', 'xL0J', 'xL8J', 'zL28J', 'xL7J', 'zL30J', 'zL29J'}
| +-- , 85 , {87} , {'xL7J', 'xL0J', 'zL20J', 'zL21J'}
| | +-- , 87 , set() , {'xL0J', 'zL20J', 'yL5J'}
| +-- , 89 , set() , {'yL16J', 'zL65J', 'xL3J', 'xL0J', 'zL66J', 'xL9J', 'xL5J', 'zL64J', 'xL7J', 'w19', 'zL67J'}
| +-- , 91 , set() , {'xL3J', 'xL0J', 'zL72J', 'xL8J', 'zL73J', 'xL2J', 'w21', 'xL7J', 'yL18J', 'zL75J', 'zL74J'}
| +-- , 93 , set() , {'xL3J', 'zL34J', 'xL8J', 'xL9J', 'w11', 'xL5J', 'zL35J', 'zL33J', 'zL32J', 'xL1J', 'yL8J'}
| +-- , 95 , {97} , {'zL58J', 'zL59J', 'xL2J', 'xL5J'}
| | +-- , 97 , set() , {'w17', 'zL59J', 'xL5J'}
| +-- , 99 , {101} , {'zL2J', 'xL0J', 'xL5J', 'zL3J'}
| | +-- , 101 , set() , {'w3', 'xL5J', 'zL3J'}
| +-- , 103 , set() , {'xL3J', 'zL17J', 'xL8J', 'xL2J', 'xL5J', 'yL4J', 'zL19J', 'zL16J', 'w7', 'zL18J', 'xL1J'}
| +-- , 105 , set() , {'zL5J', 'zL6J', 'xL3J', 'w4', 'xL0J', 'xL9J', 'xL5J', 'xL4J', 'zL7J', 'zL4J', 'yL1J'}
| +-- , 107 , {109} , {'zL77J', 'zL76J', 'xL2J', 'xL5J'}
| | +-- , 109 , set() , {'yL19J', 'zL76J', 'xL2J'}
| +-- , 111 , {113} , {'zL54J', 'xL0J', 'zL55J', 'xL8J'}
| | +-- , 113 , set() , {'xL0J', 'w16', 'zL55J'}
| +-- , 115 , set() , {'zL39J', 'w12', 'xL0J'}


Max number of edges with non zero Y: 49
Max number of iterations of outer rounding loop: 6
Max number of candidate sets: 2
Time spent rounding: 9.545
Time spent solving Separator LP: 5.667
Total time spent solving: 19.955

LP Solver: GaifmanNormal
Lower Bound Witness = ({'zL72J', 'yL0J', 'w14', 'zL16J', 'xL1J', 'zL48J', 'zL28J', 'zL52J', 'yL10J', 'xL7J', 'w19', 'zL11J', 'yL3J', 'zL45J', 'yL19J', 'zL79J', 'xL3J', 'w20', 'zL59J', 'zL42J', 'zL73J', 'zL49J', 'yL5J', 'zL56J', 'zL44J', 'zL24J', 'zL41J', 'zL62J', 'zL30J', 'yL14J', 'w15', 'zL37J', 'w11', 'xL5J', 'zL78J', 'zL77J', 'zL67J', 'zL1J', 'zL75J', 'w6', 'zL8J', 'xL0J', 'yL6J', 'xL4J', 'w21', 'zL26J', 'zL5J', 'zL65J', 'yL2J', 'zL19J', 'zL4J', 'yL15J', 'zL15J', 'zL6J', 'yL12J', 'zL7J', 'zL36J', 'zL50J', 'zL34J', 'w10', 'zL22J', 'zL13J', 'zL46J', 'zL35J', 'zL32J', 'w13', 'zL38J', 'xL8J', 'yL11J', 'zL0J', 'zL18J', 'zL10J', 'w17', 'zL51J', 'w5', 'zL64J', 'w16', 'xL6J', 'w8', 'w22', 'yL9J', 'zL60J', 'xL9J', 'xL2J', 'zL68J', 'w3', 'zL43J', 'yL13J', 'zL40J', 'yL1J', 'zL74J', 'zL27J', 'yL7J', 'zL31J', 'w4', 'w9', 'zL25J', 'zL21J', 'zL39J', 'zL76J', 'yL8J', 'zL57J', 'zL61J', 'zL63J', 'zL53J', 'zL14J', 'zL20J', 'zL55J', 'zL33J', 'w18', 'yL4J', 'zL54J', 'zL23J', 'zL29J', 'zL47J', 'zL66J', 'w12', 'zL70J', 'zL69J', 'zL12J', 'zL3J', 'zL9J', 'zL58J', 'zL2J', 'zL17J', 'yL16J', 'w7', 'zL71J', 'yL18J', 'yL17J'}, {'zL8J', 'xL0J', 'zL38J', 'xL8J', 'zL61J', 'yL0J', 'zL53J', 'zL14J', 'zL16J', 'zL18J', 'zL10J', 'w18', 'zL5J', 'zL65J', 'w5', 'yL4J', 'zL52J', 'xL7J', 'w16', 'zL11J', 'yL3J', 'zL6J', 'yL19J', 'w22', 'zL66J', 'w20', 'zL73J', 'xL9J', 'zL69J', 'xL2J', 'yL5J', 'zL56J', 'zL3J', 'zL7J', 'w3', 'yL13J', 'zL74J', 'yL7J', 'zL9J', 'zL58J', 'zL2J', 'zL31J', 'zL22J', 'zL17J', 'w10', 'zL37J', 'w9', 'zL35J', 'zL77J', 'zL67J', 'zL32J', 'zL39J', 'zL76J', 'yL18J', 'zL75J', 'yL17J'})