13, 4.0, 6.5, 7
+-- , 0 , {7, 25, 31} , {'xL9J', 'xL18J', 'xL15J', 'xL7J', 'xL8J', 'xL14J', 'xL2J', 'xL13J', 'xL3J', 'xL24J', 'xL10J'}
| +-- , 7 , {9} , {'xL9J', 'xL18J', 'xL15J', 'xL7J', 'xL10J', 'xL23J', 'xL8J', 'xL14J', 'xL2J', 'xL3J', 'xL24J'}
| | +-- , 9 , {13, 23} , {'xL9J', 'xL18J', 'xL12J', 'xL15J', 'xL7J', 'xL23J', 'xL14J', 'xL2J', 'xL16J', 'xL3J', 'xL24J', 'xL10J'}
| | | +-- , 13 , {21, 15} , {'xL9J', 'xL18J', 'xL12J', 'xL15J', 'xL21J', 'xL10J', 'xL23J', 'xL14J', 'xL2J', 'xL16J', 'xL0J', 'xL3J', 'xL24J'}
| | | | +-- , 21 , set() , {'xL12J', 'xL21J', 'xL19J', 'xL2J', 'xL16J', 'xL3J'}
| | | | +-- , 15 , {17, 19} , {'xL9J', 'xL4J', 'xL18J', 'xL15J', 'xL23J', 'xL21J', 'xL14J', 'xL0J', 'xL24J', 'xL10J'}
| | | | | +-- , 17 , set() , {'xL4J', 'xL9J', 'xL14J', 'xL5J', 'xL0J', 'xL24J'}
| | | | | +-- , 19 , set() , {'xL4J', 'xL22J', 'xL18J', 'xL23J', 'xL10J'}
| | | +-- , 23 , set() , {'xL15J', 'xL11J', 'xL18J', 'xL12J'}
| +-- , 25 , {27} , {'xL17J', 'xL8J', 'xL3J', 'xL14J'}
| | +-- , 27 , {29} , {'xL17J', 'xL8J', 'xL3J', 'xL1J'}
| | | +-- , 29 , set() , {'xL17J', 'xL8J', 'xL6J', 'xL1J'}
| +-- , 31 , set() , {'xL15J', 'xL20J'}


Max number of edges with non zero Y: 6
Max number of iterations of outer rounding loop: 0
Max number of candidate sets: 0
Time spent rounding: 0.000
Time spent solving Separator LP: 3.031

LP Solver: GaifmanNormalILP