18, 0.9999998, 3.0, 3
+-- , 0 , {3, 23} , {'xL39J', 'xL2J', 'xL21J', 'xL7J', 'xL33J', 'xL1J', 'xL22J'}
| +-- , 3 , {5} , {'xL39J', 'xL21J', 'xL7J', 'xL8J'}
| | +-- , 5 , {7} , {'xL21J', 'xL9J', 'xL40J', 'xL8J'}
| | | +-- , 7 , {9} , {'xL21J', 'xL9J', 'xL41J', 'xL20J', 'xL10J', 'xL40J'}
| | | | +-- , 9 , {11} , {'xL41J', 'xL20J', 'xL42J', 'xL10J', 'xL19J', 'xL11J'}
| | | | | +-- , 11 , {13} , {'xL12J', 'xL43J', 'xL18J', 'xL42J', 'xL19J', 'xL11J'}
| | | | | | +-- , 13 , {15} , {'xL12J', 'xL43J', 'xL18J', 'xL17J'}
| | | | | | | +-- , 15 , {17} , {'xL12J', 'xL16J', 'xL44J', 'xL17J'}
| | | | | | | | +-- , 17 , {19} , {'xL12J', 'xL44J', 'xL15J', 'xL13J', 'xL45J', 'xL16J'}
| | | | | | | | | +-- , 19 , set() , {'xL46J', 'xL14J', 'xL15J', 'xL13J', 'xL45J', 'xL47J'}
| +-- , 23 , {25} , {'xL2J', 'xL33J', 'xL7J', 'xL38J', 'xL1J', 'xL22J', 'xL6J', 'xL23J'}
| | +-- , 25 , {27} , {'xL2J', 'xL33J', 'xL5J', 'xL1J', 'xL6J', 'xL23J', 'xL37J'}
| | | +-- , 27 , {29} , {'xL2J', 'xL33J', 'xL24J', 'xL5J', 'xL36J', 'xL1J', 'xL4J', 'xL37J', 'xL23J'}
| | | | +-- , 29 , {31} , {'xL2J', 'xL33J', 'xL36J', 'xL1J', 'xL3J', 'xL35J', 'xL4J', 'xL24J', 'xL25J'}
| | | | | +-- , 31 , {33} , {'xL34J', 'xL2J', 'xL33J', 'xL1J', 'xL3J', 'xL35J', 'xL26J', 'xL25J'}
| | | | | | +-- , 33 , {35} , {'xL34J', 'xL26J', 'xL33J', 'xL27J', 'xL1J'}
| | | | | | | +-- , 35 , {37} , {'xL32J', 'xL33J', 'xL27J', 'xL1J', 'xL28J', 'xL0J'}
| | | | | | | | +-- , 37 , set() , {'xL32J', 'xL31J', 'xL29J', 'xL28J', 'xL30J', 'xL0J'}


Max number of edges with non zero Y: 4
Max number of iterations of outer rounding loop: 1
Max number of candidate sets: 2
Time spent rounding: 1.672
Time spent solving Separator LP: 0.261

LP Solver: GaifmanNormal