68, 3.3618451280025883, 9.0, 9
+-- , 0 , {133, 5, 135, 105, 137, 111, 115, 121, 125, 127} , {'xL8J', 'zL70J', 'zL71J', 'xL4J', 'xL0J', 'zL73J', 'zL42J', 'zL54J', 'zL23J', 'xL2J', 'xL6J', 'zL15J', 'w8', 'xL1J', 'zL8J', 'zL55J', 'xL7J', 'zL34J', 'zL5J'}
| +-- , 133 , set() , {'zL72J', 'xL4J', 'zL73J', 'xL0J', 'yL18J'}
| +-- , 5 , {7} , {'xL8J', 'zL70J', 'zL71J', 'xL4J', 'zL42J', 'xL0J', 'zL73J', 'zL54J', 'zL23J', 'xL2J', 'xL6J', 'zL15J', 'xL1J', 'zL8J', 'zL74J', 'xL7J', 'zL34J', 'zL5J'}
| | +-- , 7 , {101, 103, 9} , {'xL5J', 'xL8J', 'zL70J', 'zL71J', 'xL4J', 'xL0J', 'zL42J', 'zL75J', 'zL54J', 'zL23J', 'xL2J', 'xL6J', 'zL15J', 'xL1J', 'zL8J', 'zL74J', 'xL7J', 'zL34J', 'zL5J'}
| | | +-- , 101 , set() , {'xL5J', 'zL71J', 'w20'}
| | | +-- , 103 , set() , {'xL6J', 'zL75J', 'w21'}
| | | +-- , 9 , {99, 11} , {'xL5J', 'xL8J', 'zL70J', 'xL4J', 'zL42J', 'xL0J', 'zL48J', 'zL54J', 'zL23J', 'xL2J', 'xL6J', 'zL15J', 'zL49J', 'xL1J', 'zL8J', 'xL7J', 'zL34J', 'zL5J'}
| | | | +-- , 99 , set() , {'zL48J', 'yL12J', 'xL2J'}
| | | | +-- , 11 , {13, 79, 81, 19, 87, 89, 91, 93} , {'xL5J', 'zL35J', 'xL8J', 'zL70J', 'xL3J', 'xL4J', 'xL0J', 'zL42J', 'zL54J', 'zL23J', 'xL2J', 'xL6J', 'zL15J', 'zL49J', 'xL1J', 'zL8J', 'xL7J', 'zL34J', 'zL5J'}
| | | | | +-- , 13 , {15} , {'xL4J', 'zL49J', 'xL1J', 'zL50J', 'xL3J'}
| | | | | | +-- , 15 , {17} , {'zL50J', 'xL1J', 'xL3J', 'zL51J'}
| | | | | | | +-- , 17 , set() , {'w15', 'xL1J', 'zL51J'}
| | | | | +-- , 79 , set() , {'xL3J', 'zL15J', 'w6'}
| | | | | +-- , 81 , {83} , {'zL8J', 'xL3J', 'xL6J', 'xL0J', 'zL9J', 'xL2J', 'zL10J'}
| | | | | | +-- , 83 , {85} , {'zL11J', 'xL3J', 'xL2J', 'zL10J'}
| | | | | | | +-- , 85 , set() , {'w5', 'zL11J', 'xL2J'}
| | | | | +-- , 19 , {21, 73, 77} , {'xL5J', 'zL35J', 'xL8J', 'zL70J', 'yL7J', 'zL28J', 'xL3J', 'xL4J', 'xL0J', 'zL61J', 'zL23J', 'xL2J', 'xL6J', 'zL79J', 'xL1J', 'zL78J', 'zL69J', 'zL60J', 'xL7J', 'zL5J'}
| | | | | | +-- , 21 , {23} , {'xL5J', 'zL35J', 'xL8J', 'xL3J', 'zL28J', 'xL4J', 'xL0J', 'zL23J', 'xL6J', 'zL67J', 'xL1J', 'zL78J', 'zL69J', 'zL60J', 'w19', 'xL7J', 'zL5J'}
| | | | | | | +-- , 23 , {35, 67, 41, 47, 49, 53, 25, 59, 57} , {'xL5J', 'zL35J', 'xL8J', 'xL3J', 'zL28J', 'xL9J', 'xL4J', 'xL0J', 'zL23J', 'xL6J', 'w11', 'zL67J', 'xL1J', 'zL21J', 'zL78J', 'zL22J', 'zL69J', 'zL60J', 'xL7J', 'zL5J'}
| | | | | | | | +-- , 35 , {37} , {'zL6J', 'xL6J', 'xL8J', 'zL5J', 'xL9J'}
| | | | | | | | | +-- , 37 , {39} , {'zL6J', 'xL8J', 'zL7J', 'xL6J'}
| | | | | | | | | | +-- , 39 , set() , {'w4', 'zL7J', 'xL6J'}
| | | | | | | | +-- , 67 , {69} , {'zL29J', 'xL3J', 'zL28J', 'xL9J', 'xL7J', 'xL6J'}
| | | | | | | | | +-- , 69 , {71} , {'zL30J', 'zL29J', 'xL7J', 'xL3J', 'zL31J', 'xL9J'}
| | | | | | | | | | +-- , 71 , set() , {'zL31J', 'xL9J', 'w10'}
| | | | | | | | +-- , 41 , {43} , {'xL5J', 'zL77J', 'xL3J', 'zL78J', 'xL9J'}
| | | | | | | | | +-- , 43 , {45} , {'zL76J', 'zL77J', 'xL3J', 'xL9J'}
| | | | | | | | | | +-- , 45 , set() , {'zL76J', 'xL9J', 'yL19J'}
| | | | | | | | +-- , 47 , set() , {'zL24J', 'zL25J', 'xL1J', 'xL8J', 'xL9J', 'xL4J', 'xL6J', 'w9', 'yL6J', 'zL26J', 'zL27J'}
| | | | | | | | +-- , 49 , {51} , {'zL69J', 'zL68J', 'xL3J', 'xL9J'}
| | | | | | | | | +-- , 51 , set() , {'xL3J', 'yL17J', 'zL68J'}
| | | | | | | | +-- , 53 , {55} , {'xL1J', 'zL21J', 'zL20J', 'xL9J'}
| | | | | | | | | +-- , 55 , set() , {'zL20J', 'yL5J', 'xL1J'}
| | | | | | | | +-- , 25 , {27, 31} , {'xL5J', 'xL1J', 'xL9J', 'zL37J', 'xL0J', 'xL7J', 'zL38J'}
| | | | | | | | | +-- , 27 , {29} , {'zL37J', 'xL5J', 'xL9J', 'zL36J'}
| | | | | | | | | | +-- , 29 , set() , {'zL36J', 'xL9J', 'yL9J'}
| | | | | | | | | +-- , 31 , {33} , {'xL0J', 'zL39J', 'xL7J', 'zL38J'}
| | | | | | | | | | +-- , 33 , set() , {'w12', 'xL0J', 'zL39J'}
| | | | | | | | +-- , 59 , {61} , {'xL5J', 'zL66J', 'xL1J', 'xL3J', 'xL9J', 'zL67J'}
| | | | | | | | | +-- , 61 , {63} , {'xL5J', 'zL66J', 'xL1J', 'xL3J', 'zL65J'}
| | | | | | | | | | +-- , 63 , {65} , {'xL1J', 'zL64J', 'xL3J', 'zL65J'}
| | | | | | | | | | | +-- , 65 , set() , {'zL64J', 'xL3J', 'yL16J'}
| | | | | | | | +-- , 57 , set() , {'zL60J', 'yL15J', 'xL9J'}
| | | | | | +-- , 73 , {75} , {'xL4J', 'zL62J', 'zL61J', 'xL1J', 'xL8J', 'zL63J'}
| | | | | | | +-- , 75 , set() , {'xL4J', 'w18', 'zL63J'}
| | | | | | +-- , 77 , set() , {'xL2J', 'w22', 'zL79J'}
| | | | | +-- , 87 , set() , {'xL5J', 'xL1J', 'xL3J', 'zL57J', 'zL59J', 'xL4J', 'yL14J', 'w17', 'zL58J', 'xL2J', 'zL56J'}
| | | | | +-- , 89 , set() , {'zL2J', 'w3', 'xL1J', 'zL3J', 'xL3J', 'zL0J', 'yL0J', 'zL1J', 'xL4J', 'xL0J', 'xL6J'}
| | | | | +-- , 91 , set() , {'zL43J', 'xL3J', 'zL42J', 'xL0J', 'w13'}
| | | | | +-- , 93 , {95} , {'zL54J', 'xL7J', 'zL53J', 'xL3J', 'xL2J'}
| | | | | | +-- , 95 , {97} , {'xL7J', 'zL53J', 'xL3J', 'zL52J'}
| | | | | | | +-- , 97 , set() , {'yL13J', 'xL3J', 'zL52J'}
| +-- , 135 , set() , {'w16', 'xL0J', 'zL55J'}
| +-- , 105 , {107} , {'xL1J', 'xL0J', 'xL7J', 'zL14J', 'xL2J', 'zL15J'}
| | +-- , 107 , {109} , {'xL0J', 'zL12J', 'xL7J', 'zL13J', 'zL14J', 'xL2J'}
| | | +-- , 109 , set() , {'yL3J', 'zL12J', 'xL0J'}
| +-- , 137 , set() , {'yL2J', 'zL8J', 'xL8J'}
| +-- , 111 , {113} , {'xL4J', 'zL42J', 'zL40J', 'zL41J', 'xL7J', 'xL6J'}
| | +-- , 113 , set() , {'xL6J', 'zL40J', 'yL10J'}
| +-- , 115 , {117, 119} , {'zL19J', 'xL1J', 'xL8J', 'zL18J', 'zL17J', 'xL0J', 'xL2J', 'xL6J'}
| | +-- , 117 , set() , {'zL16J', 'yL4J', 'zL17J', 'xL2J', 'xL6J'}
| | +-- , 119 , set() , {'zL19J', 'xL1J', 'w7'}
| +-- , 121 , {123} , {'zL4J', 'xL7J', 'zL5J', 'xL2J'}
| | +-- , 123 , set() , {'xL2J', 'yL1J', 'zL4J'}
| +-- , 125 , set() , {'zL47J', 'zL45J', 'xL1J', 'xL8J', 'zL46J', 'yL11J', 'xL4J', 'zL44J', 'xL2J', 'xL6J', 'w14'}
| +-- , 127 , {129} , {'xL1J', 'zL33J', 'zL34J', 'xL2J', 'xL6J'}
| | +-- , 129 , {131} , {'xL1J', 'zL32J', 'zL33J', 'xL2J'}
| | | +-- , 131 , set() , {'yL8J', 'xL1J', 'zL32J'}


Max number of edges with non zero Y: 30
Max number of iterations of outer rounding loop: 3
Max number of candidate sets: 2
Time spent rounding: 4.126
Time spent solving Separator LP: 3.698
Total time spent solving: 11.744

LP Solver: GaifmanBoosted
Lower Bound Witness = ({'zL7J', 'zL28J', 'zL18J', 'zL0J', 'yL0J', 'zL15J', 'w6', 'zL47J', 'zL24J', 'zL46J', 'yL8J', 'zL33J', 'yL6J', 'zL20J', 'zL65J', 'zL68J', 'zL35J', 'xL8J', 'yL11J', 'xL9J', 'zL17J', 'xL0J', 'zL54J', 'zL23J', 'zL44J', 'w16', 'w11', 'zL38J', 'zL78J', 'yL13J', 'w12', 'zL62J', 'w20', 'zL3J', 'zL70J', 'zL6J', 'xL4J', 'yL1J', 'yL18J', 'zL26J', 'xL2J', 'xL6J', 'zL19J', 'zL66J', 'yL2J', 'zL11J', 'zL64J', 'zL77J', 'w13', 'yL12J', 'w4', 'zL45J', 'zL53J', 'zL51J', 'w5', 'zL73J', 'zL42J', 'zL67J', 'w8', 'zL16J', 'yL4J', 'zL12J', 'yL14J', 'zL10J', 'zL56J', 'w21', 'zL59J', 'zL63J', 'zL1J', 'yL10J', 'zL30J', 'zL61J', 'zL52J', 'w14', 'zL29J', 'xL1J', 'zL36J', 'yL3J', 'w19', 'w17', 'zL34J', 'w18', 'w10', 'w22', 'xL3J', 'yL7J', 'zL71J', 'zL48J', 'w9', 'zL75J', 'zL32J', 'zL9J', 'yL15J', 'zL27J', 'zL25J', 'zL49J', 'zL22J', 'zL69J', 'zL76J', 'zL14J', 'yL19J', 'xL5J', 'zL2J', 'zL4J', 'zL79J', 'zL40J', 'yL9J', 'yL16J', 'zL21J', 'yL5J', 'w7', 'zL74J', 'zL50J', 'zL60J', 'zL41J', 'zL5J', 'zL31J', 'w3', 'zL72J', 'zL13J', 'zL57J', 'zL37J', 'yL17J', 'w15', 'zL39J', 'zL8J', 'zL43J', 'zL55J', 'xL7J', 'zL58J'}, {'w21', 'zL70J', 'zL7J', 'zL18J', 'zL59J', 'zL61J', 'zL4J', 'zL26J', 'xL2J', 'zL15J', 'zL47J', 'yL16J', 'zL46J', 'yL2J', 'zL41J', 'w19', 'zL64J', 'w13', 'zL33J', 'zL34J', 'zL65J', 'zL45J', 'xL8J', 'zL57J', 'zL73J', 'zL42J', 'zL32J', 'w16', 'w15', 'zL8J', 'zL56J'})