52, 7.0, 10.0, 10
+-- , 0 , {97, 3, 99, 101, 103, 7, 105, 107, 83, 87, 89, 91} , {'xL5J', 'xL3J', 'zL7J', 'xL9J', 'zL0J', 'zL1J', 'xL4J', 'zL17J', 'zL37J', 'xL2J', 'xL6J', 'w6', 'zL15J', 'xL1J', 'zL16J', 'zL36J', 'zL31J', 'zL65J'}
| +-- , 97 , set() , {'xL5J', 'zL79J', 'w22', 'xL3J', 'zL78J', 'xL9J', 'zL76J', 'zL77J', 'xL2J', 'xL6J', 'yL19J'}
| +-- , 3 , set() , {'xL5J', 'zL49J', 'xL1J', 'xL3J', 'zL51J', 'xL4J', 'zL48J', 'zL50J', 'w15', 'xL2J', 'yL12J'}
| +-- , 99 , set() , {'w8', 'xL1J', 'xL3J', 'zL21J', 'xL9J', 'xL2J', 'yL5J', 'zL22J', 'xL4J', 'zL23J', 'zL20J'}
| +-- , 101 , set() , {'zL31J', 'xL9J', 'w10'}
| +-- , 103 , set() , {'w4', 'zL7J', 'xL6J'}
| +-- , 7 , {9} , {'xL5J', 'xL3J', 'zL7J', 'xL9J', 'zL1J', 'xL4J', 'zL17J', 'zL37J', 'xL2J', 'xL6J', 'zL15J', 'zL38J', 'zL66J', 'xL1J', 'zL31J', 'zL65J'}
| | +-- , 9 , {81, 71, 73, 75, 13, 79} , {'xL5J', 'xL8J', 'xL3J', 'zL7J', 'xL9J', 'zL1J', 'xL4J', 'zL6J', 'zL17J', 'xL2J', 'xL6J', 'zL15J', 'zL38J', 'zL66J', 'zL40J', 'xL1J', 'zL31J'}
| | | +-- , 81 , set() , {'xL6J', 'zL40J', 'yL10J'}
| | | +-- , 71 , set() , {'zL24J', 'zL25J', 'xL1J', 'xL8J', 'xL9J', 'xL4J', 'xL6J', 'w9', 'yL6J', 'zL26J', 'zL27J'}
| | | +-- , 73 , set() , {'xL5J', 'zL62J', 'xL1J', 'xL8J', 'xL9J', 'zL63J', 'xL4J', 'zL61J', 'zL60J', 'yL15J', 'w18'}
| | | +-- , 75 , {77} , {'zL66J', 'xL8J', 'xL9J', 'zL67J'}
| | | | +-- , 77 , set() , {'zL67J', 'w19', 'xL8J'}
| | | +-- , 13 , {15} , {'xL5J', 'w20', 'xL8J', 'xL3J', 'zL71J', 'xL9J', 'zL1J', 'xL4J', 'zL6J', 'zL17J', 'xL2J', 'xL6J', 'zL15J', 'zL38J', 'zL40J', 'xL1J', 'zL31J'}
| | | | +-- , 15 , {33, 67, 69, 39, 45, 47, 17, 53, 25, 59, 63} , {'xL5J', 'xL8J', 'xL3J', 'zL71J', 'xL9J', 'zL1J', 'xL4J', 'zL6J', 'xL0J', 'zL17J', 'xL2J', 'xL6J', 'zL15J', 'zL38J', 'zL40J', 'xL1J', 'xL7J', 'zL31J'}
| | | | | +-- , 33 , {35} , {'xL1J', 'xL0J', 'xL7J', 'zL14J', 'xL2J', 'zL15J'}
| | | | | | +-- , 35 , {37} , {'xL0J', 'zL12J', 'xL7J', 'zL13J', 'zL14J', 'xL2J'}
| | | | | | | +-- , 37 , set() , {'yL3J', 'zL12J', 'xL0J'}
| | | | | +-- , 67 , set() , {'xL5J', 'w21', 'zL72J', 'xL4J', 'zL74J', 'xL0J', 'zL73J', 'yL18J', 'zL75J', 'xL7J', 'xL6J'}
| | | | | +-- , 69 , set() , {'zL55J', 'zL53J', 'xL3J', 'yL13J', 'xL6J', 'xL0J', 'zL54J', 'xL7J', 'w16', 'xL2J', 'zL52J'}
| | | | | +-- , 39 , {41} , {'zL6J', 'zL5J', 'xL7J', 'xL2J', 'xL9J'}
| | | | | | +-- , 41 , {43} , {'zL4J', 'xL7J', 'zL5J', 'xL2J'}
| | | | | | | +-- , 43 , set() , {'xL2J', 'yL1J', 'zL4J'}
| | | | | +-- , 45 , set() , {'zL8J', 'xL8J', 'xL3J', 'yL2J', 'w5', 'xL6J', 'xL0J', 'zL11J', 'zL9J', 'xL2J', 'zL10J'}
| | | | | +-- , 47 , {49} , {'zL17J', 'xL0J', 'xL1J', 'xL8J', 'zL18J'}
| | | | | | +-- , 49 , {51} , {'zL19J', 'xL1J', 'xL8J', 'zL18J'}
| | | | | | | +-- , 51 , set() , {'zL19J', 'xL1J', 'w7'}
| | | | | +-- , 17 , {19} , {'xL3J', 'zL30J', 'xL6J', 'xL0J', 'xL7J', 'zL31J'}
| | | | | | +-- , 19 , {21} , {'zL30J', 'xL0J', 'zL29J', 'xL3J', 'xL6J'}
| | | | | | | +-- , 21 , {23} , {'xL0J', 'zL29J', 'zL28J', 'xL6J'}
| | | | | | | | +-- , 23 , set() , {'yL7J', 'xL0J', 'zL28J'}
| | | | | +-- , 53 , {55} , {'zL2J', 'xL0J', 'xL1J', 'xL6J', 'zL1J'}
| | | | | | +-- , 55 , {57} , {'zL2J', 'xL0J', 'xL1J', 'zL3J'}
| | | | | | | +-- , 57 , set() , {'w3', 'xL1J', 'zL3J'}
| | | | | +-- , 25 , {27} , {'xL1J', 'xL3J', 'zL70J', 'zL71J', 'xL9J', 'xL0J'}
| | | | | | +-- , 27 , {29} , {'zL69J', 'xL1J', 'xL3J', 'zL70J', 'xL9J'}
| | | | | | | +-- , 29 , {31} , {'zL69J', 'zL68J', 'xL3J', 'xL9J'}
| | | | | | | | +-- , 31 , set() , {'xL3J', 'yL17J', 'zL68J'}
| | | | | +-- , 59 , {61} , {'zL40J', 'zL43J', 'xL3J', 'xL4J', 'zL42J', 'xL0J', 'zL41J', 'xL7J'}
| | | | | | +-- , 61 , set() , {'w13', 'xL3J', 'zL43J'}
| | | | | +-- , 63 , {65} , {'xL0J', 'zL39J', 'xL7J', 'zL38J'}
| | | | | | +-- , 65 , set() , {'w12', 'xL0J', 'zL39J'}
| | | +-- , 79 , set() , {'zL47J', 'zL45J', 'xL1J', 'xL8J', 'zL46J', 'yL11J', 'xL4J', 'zL44J', 'xL2J', 'xL6J', 'w14'}
| +-- , 105 , set() , {'xL3J', 'zL0J', 'yL0J'}
| +-- , 107 , set() , {'zL36J', 'xL9J', 'yL9J'}
| +-- , 83 , {85} , {'xL1J', 'zL64J', 'xL3J', 'zL65J'}
| | +-- , 85 , set() , {'zL64J', 'xL3J', 'yL16J'}
| +-- , 87 , set() , {'yL4J', 'xL6J', 'zL16J'}
| +-- , 89 , set() , {'xL5J', 'xL1J', 'xL3J', 'zL57J', 'zL59J', 'xL4J', 'yL14J', 'w17', 'zL58J', 'xL2J', 'zL56J'}
| +-- , 91 , {93, 95} , {'xL1J', 'zL35J', 'xL3J', 'xL9J', 'zL33J', 'zL32J', 'xL2J', 'xL6J', 'w11'}
| | +-- , 93 , set() , {'yL8J', 'xL1J', 'zL32J'}
| | +-- , 95 , set() , {'zL35J', 'xL3J', 'zL33J', 'zL34J', 'xL6J'}


Max number of edges with non zero Y: 7
Max number of iterations of outer rounding loop: 0
Max number of candidate sets: 0
Time spent rounding: 0.000
Time spent solving Separator LP: 443.111
Total time spent solving: 446.489

LP Solver: GaifmanNormalILP
Lower Bound Witness = ({'zL7J', 'zL28J', 'zL18J', 'zL0J', 'yL0J', 'zL15J', 'w6', 'zL47J', 'zL24J', 'zL46J', 'yL8J', 'zL33J', 'yL6J', 'zL20J', 'zL65J', 'zL68J', 'zL35J', 'xL8J', 'yL11J', 'xL9J', 'zL17J', 'xL0J', 'zL54J', 'zL23J', 'zL44J', 'w16', 'w11', 'zL38J', 'zL78J', 'yL13J', 'w12', 'zL62J', 'w20', 'zL3J', 'zL70J', 'zL6J', 'xL4J', 'yL1J', 'yL18J', 'zL26J', 'xL2J', 'xL6J', 'zL19J', 'zL66J', 'yL2J', 'zL11J', 'zL64J', 'zL77J', 'w13', 'yL12J', 'w4', 'zL45J', 'zL53J', 'zL51J', 'w5', 'zL73J', 'zL42J', 'zL67J', 'w8', 'zL16J', 'yL4J', 'zL12J', 'yL14J', 'zL10J', 'zL56J', 'w21', 'zL59J', 'zL63J', 'zL1J', 'yL10J', 'zL30J', 'zL61J', 'zL52J', 'w14', 'zL29J', 'xL1J', 'zL36J', 'yL3J', 'w19', 'w17', 'zL34J', 'w18', 'w10', 'w22', 'xL3J', 'yL7J', 'zL71J', 'zL48J', 'w9', 'zL75J', 'zL32J', 'zL9J', 'yL15J', 'zL27J', 'zL25J', 'zL49J', 'zL22J', 'zL69J', 'zL76J', 'zL14J', 'yL19J', 'xL5J', 'zL2J', 'zL4J', 'zL79J', 'zL40J', 'yL9J', 'yL16J', 'zL21J', 'yL5J', 'w7', 'zL74J', 'zL50J', 'zL60J', 'zL41J', 'zL5J', 'zL31J', 'w3', 'zL72J', 'zL13J', 'zL57J', 'zL37J', 'yL17J', 'w15', 'zL39J', 'zL8J', 'zL43J', 'zL55J', 'xL7J', 'zL58J'}, {'zL3J', 'zL18J', 'yL0J', 'zL6J', 'yL1J', 'xL2J', 'zL40J', 'yL16J', 'zL36J', 'w19', 'w17', 'zL77J', 'w4', 'w10', 'w3', 'zL35J', 'zL72J', 'zL53J', 'zL71J', 'w9', 'zL32J', 'zL9J', 'w15', 'zL67J', 'w11', 'zL43J', 'zL16J', 'yL4J', 'yL14J', 'zL58J', 'zL56J'})