46, 0, 9.0, 9
+-- , 0 , {3, 5, 73, 75, 77, 79, 85, 87, 89, 91, 49, 51, 59, 61, 63} , {'xL5J', 'xL1J', 'zL5J', 'xL3J', 'xL9J', 'xL4J', 'xL0J', 'zL4J', 'xL7J', 'xL2J', 'xL6J'}
| +-- , 3 , set() , {'xL5J', 'zL49J', 'xL1J', 'xL3J', 'zL51J', 'xL4J', 'zL48J', 'zL50J', 'w15', 'xL2J', 'yL12J'}
| +-- , 5 , {7} , {'xL5J', 'xL3J', 'zL7J', 'xL9J', 'xL4J', 'zL6J', 'xL0J', 'xL2J', 'xL6J', 'xL1J', 'w4', 'zL5J'}
| | +-- , 7 , {9, 47} , {'xL5J', 'xL1J', 'xL3J', 'zL7J', 'xL9J', 'zL18J', 'xL4J', 'zL6J', 'xL0J', 'zL17J', 'xL2J', 'xL6J'}
| | | +-- , 9 , {11, 45} , {'xL5J', 'xL1J', 'xL3J', 'zL7J', 'xL9J', 'zL18J', 'xL4J', 'zL6J', 'xL0J', 'zL61J', 'zL60J', 'xL2J', 'xL6J'}
| | | | +-- , 11 , {13} , {'xL5J', 'xL3J', 'zL7J', 'xL9J', 'zL18J', 'xL4J', 'zL6J', 'xL0J', 'zL61J', 'xL2J', 'xL6J', 'w14', 'zL47J', 'xL1J'}
| | | | | +-- , 13 , {41, 15} , {'xL5J', 'zL45J', 'xL3J', 'zL7J', 'zL18J', 'xL9J', 'xL4J', 'zL6J', 'xL0J', 'zL61J', 'w9', 'xL2J', 'xL6J', 'zL27J', 'zL47J', 'xL1J', 'yL16J', 'zL46J', 'zL64J'}
| | | | | | +-- , 41 , {43} , {'zL45J', 'xL1J', 'zL44J', 'xL6J'}
| | | | | | | +-- , 43 , set() , {'zL44J', 'yL11J', 'xL6J'}
| | | | | | +-- , 15 , {17, 39} , {'xL5J', 'xL3J', 'zL7J', 'xL9J', 'zL18J', 'xL4J', 'zL6J', 'xL0J', 'zL61J', 'xL2J', 'xL6J', 'zL27J', 'zL47J', 'xL1J', 'zL46J', 'zL11J', 'zL64J'}
| | | | | | | +-- , 17 , {33, 35, 19, 23, 27} , {'xL5J', 'xL8J', 'xL3J', 'zL7J', 'zL18J', 'xL9J', 'xL4J', 'zL6J', 'xL0J', 'zL61J', 'zL26J', 'xL6J', 'zL27J', 'zL47J', 'zL10J', 'xL1J', 'zL46J', 'zL11J', 'zL64J', 'zL65J'}
| | | | | | | | +-- , 33 , set() , {'zL8J', 'xL8J', 'yL2J', 'xL6J', 'xL0J', 'zL9J', 'zL10J'}
| | | | | | | | +-- , 35 , {37} , {'zL19J', 'xL1J', 'xL8J', 'zL18J'}
| | | | | | | | | +-- , 37 , set() , {'zL19J', 'xL1J', 'w7'}
| | | | | | | | +-- , 19 , {21} , {'xL4J', 'zL62J', 'zL61J', 'xL1J', 'xL8J', 'zL63J'}
| | | | | | | | | +-- , 21 , set() , {'xL4J', 'w18', 'zL63J'}
| | | | | | | | +-- , 23 , {25} , {'xL5J', 'zL66J', 'xL8J', 'xL9J', 'zL67J', 'zL65J'}
| | | | | | | | | +-- , 25 , set() , {'zL67J', 'w19', 'xL8J'}
| | | | | | | | +-- , 27 , {29} , {'xL6J', 'zL25J', 'xL8J', 'zL26J', 'xL9J'}
| | | | | | | | | +-- , 29 , {31} , {'zL24J', 'zL25J', 'xL8J', 'xL9J'}
| | | | | | | | | | +-- , 31 , set() , {'yL6J', 'zL24J', 'xL9J'}
| | | | | | | +-- , 39 , set() , {'w5', 'zL11J', 'xL2J'}
| | | | +-- , 45 , set() , {'zL60J', 'yL15J', 'xL9J'}
| | | +-- , 47 , set() , {'zL16J', 'yL4J', 'zL17J', 'xL2J', 'xL6J'}
| +-- , 73 , set() , {'xL5J', 'xL1J', 'xL3J', 'zL57J', 'zL59J', 'xL4J', 'yL14J', 'w17', 'zL58J', 'xL2J', 'zL56J'}
| +-- , 75 , set() , {'zL2J', 'w3', 'xL1J', 'zL3J', 'xL3J', 'zL0J', 'yL0J', 'zL1J', 'xL4J', 'xL0J', 'xL6J'}
| +-- , 77 , set() , {'xL2J', 'yL1J', 'zL4J'}
| +-- , 79 , {81, 83} , {'xL1J', 'zL35J', 'xL3J', 'xL9J', 'zL33J', 'zL32J', 'xL2J', 'xL6J', 'w11'}
| | +-- , 81 , set() , {'yL8J', 'xL1J', 'zL32J'}
| | +-- , 83 , set() , {'zL35J', 'xL3J', 'zL33J', 'zL34J', 'xL6J'}
| +-- , 85 , set() , {'xL5J', 'zL79J', 'w22', 'xL3J', 'zL78J', 'xL9J', 'zL76J', 'zL77J', 'xL2J', 'xL6J', 'yL19J'}
| +-- , 87 , set() , {'w8', 'xL1J', 'xL3J', 'zL21J', 'xL9J', 'xL2J', 'yL5J', 'zL22J', 'xL4J', 'zL23J', 'zL20J'}
| +-- , 89 , set() , {'xL5J', 'w21', 'zL72J', 'xL4J', 'zL74J', 'xL0J', 'zL73J', 'yL18J', 'zL75J', 'xL7J', 'xL6J'}
| +-- , 91 , set() , {'zL55J', 'zL53J', 'xL3J', 'yL13J', 'xL6J', 'xL0J', 'zL54J', 'xL7J', 'w16', 'xL2J', 'zL52J'}
| +-- , 49 , set() , {'xL5J', 'w20', 'xL1J', 'zL68J', 'zL70J', 'xL3J', 'zL71J', 'xL9J', 'zL69J', 'yL17J', 'xL0J'}
| +-- , 51 , {53} , {'xL1J', 'xL3J', 'xL0J', 'w6', 'xL7J', 'xL2J', 'zL15J'}
| | +-- , 53 , {55} , {'xL1J', 'xL0J', 'xL7J', 'zL14J', 'xL2J', 'zL15J'}
| | | +-- , 55 , {57} , {'xL0J', 'zL12J', 'xL7J', 'zL13J', 'zL14J', 'xL2J'}
| | | | +-- , 57 , set() , {'yL3J', 'zL12J', 'xL0J'}
| +-- , 59 , set() , {'zL40J', 'zL43J', 'xL3J', 'xL4J', 'yL10J', 'zL42J', 'xL0J', 'zL41J', 'xL7J', 'w13', 'xL6J'}
| +-- , 61 , set() , {'zL29J', 'yL7J', 'zL31J', 'xL3J', 'xL9J', 'zL28J', 'zL30J', 'xL0J', 'xL7J', 'xL6J', 'w10'}
| +-- , 63 , {65, 69} , {'xL5J', 'xL1J', 'xL9J', 'zL37J', 'xL0J', 'xL7J', 'zL38J'}
| | +-- , 65 , {67} , {'zL37J', 'xL5J', 'xL9J', 'zL36J'}
| | | +-- , 67 , set() , {'zL36J', 'xL9J', 'yL9J'}
| | +-- , 69 , {71} , {'xL0J', 'zL39J', 'xL7J', 'zL38J'}
| | | +-- , 71 , set() , {'w12', 'xL0J', 'zL39J'}


Max number of edges with non zero Y: 64
Max number of iterations of outer rounding loop: 4
Max number of candidate sets: 2
Time spent rounding: 20.254
Time spent solving Separator LP: 0.088
Total time spent solving: 28.381

LP Solver: gammaPlusFractionalCoverHeuristic
Lower Bound Witness = ({'zL7J', 'zL28J', 'zL18J', 'zL0J', 'yL0J', 'zL15J', 'w6', 'zL47J', 'zL24J', 'zL46J', 'yL8J', 'zL33J', 'yL6J', 'zL20J', 'zL65J', 'zL68J', 'zL35J', 'xL8J', 'yL11J', 'xL9J', 'zL17J', 'xL0J', 'zL54J', 'zL23J', 'zL44J', 'w16', 'w11', 'zL38J', 'zL78J', 'yL13J', 'w12', 'zL62J', 'w20', 'zL3J', 'zL70J', 'zL6J', 'xL4J', 'yL1J', 'yL18J', 'zL26J', 'xL2J', 'xL6J', 'zL19J', 'zL66J', 'yL2J', 'zL11J', 'zL64J', 'zL77J', 'w13', 'yL12J', 'w4', 'zL45J', 'zL53J', 'zL51J', 'w5', 'zL73J', 'zL42J', 'zL67J', 'w8', 'zL16J', 'yL4J', 'zL12J', 'yL14J', 'zL10J', 'zL56J', 'w21', 'zL59J', 'zL63J', 'zL1J', 'yL10J', 'zL30J', 'zL61J', 'zL52J', 'w14', 'zL29J', 'xL1J', 'zL36J', 'yL3J', 'w19', 'w17', 'zL34J', 'w18', 'w10', 'w22', 'xL3J', 'yL7J', 'zL71J', 'zL48J', 'w9', 'zL75J', 'zL32J', 'zL9J', 'yL15J', 'zL27J', 'zL25J', 'zL49J', 'zL22J', 'zL69J', 'zL76J', 'zL14J', 'yL19J', 'xL5J', 'zL2J', 'zL4J', 'zL79J', 'zL40J', 'yL9J', 'yL16J', 'zL21J', 'yL5J', 'w7', 'zL74J', 'zL50J', 'zL60J', 'zL41J', 'zL5J', 'zL31J', 'w3', 'zL72J', 'zL13J', 'zL57J', 'zL37J', 'yL17J', 'w15', 'zL39J', 'zL8J', 'zL43J', 'zL55J', 'xL7J', 'zL58J'}, {'zL8J', 'zL36J', 'zL16J', 'zL4J', 'zL14J'})