11, 0, 7.0, 9
+-- , 18 , {0} , {'54', '24', '70', '82', '18', '71', '17', '42', '27', '67', '41', '61', '1', '43', '83', '84', '62', '14', '79', '85', '15', '29', '28', '39', '66', '58', '0', '6', '10', '40', '45', '60', '69', '35', '81', '53', '75', '50', '63', '65', '30', '32', '77', '19', '73', '56', '26', '59', '34', '52', '74', '22', '47', '25', '57', '8', '5', '48'}
| +-- , 0 , {3, 20, 22} , {'54', '46', '24', '70', '82', '18', '71', '17', '42', '38', '27', '67', '41', '61', '1', '43', '83', '84', '62', '14', '85', '15', '29', '28', '39', '66', '58', '0', '10', '6', '40', '45', '69', '35', '81', '53', '75', '65', '30', '32', '77', '19', '73', '56', '26', '20', '59', '34', '52', '74', '22', '47', '25', '78', '57', '8', '5', '48'}
| | +-- , 3 , {8, 6} , {'54', '24', '42', '38', '67', '41', '83', '84', '62', '14', '28', '66', '58', '7', '69', '68', '53', '65', '30', '19', '33', '56', '26', '34', '25', '78', '64', '8', '46', '82', '71', '17', '76', '27', '1', '43', '85', '29', '39', '0', '6', '72', '40', '45', '81', '75', '73', '20', '59', '52', '47', '57', '11', '48'}
| | | +-- , 8 , {16, 10} , {'54', '46', '24', '82', '71', '17', '42', '76', '38', '27', '67', '41', '1', '43', '83', '84', '4', '62', '14', '85', '29', '28', '39', '66', '58', '0', '6', '72', '40', '45', '7', '69', '68', '53', '81', '75', '65', '19', '33', '73', '56', '26', '20', '59', '34', '52', '44', '47', '25', '78', '64', '8', '57', '11', '48'}
| | | | +-- , 16 , set() , {'21', '26', '59', '24', '82', '52', '58', '72', '44', '45', '84', '57', '27', '73', '29'}
| | | | +-- , 10 , {12, 14} , {'54', '24', '42', '38', '67', '37', '83', '84', '4', '14', '28', '66', '58', '7', '69', '68', '53', '65', '19', '33', '56', '44', '25', '78', '64', '8', '46', '71', '17', '76', '27', '1', '43', '85', '29', '39', '0', '6', '40', '45', '81', '75', '20', '59', '52', '31', '47', '57', '11', '48'}
| | | | | +-- , 12 , set() , {'46', '17', '42', '76', '23', '80', '37', '84', '85', '29', '28', '58', '0', '6', '7', '68', '19', '59', '52', '31', '44', '25', '78', '57', '48'}
| | | | | +-- , 14 , set() , {'24', '42', '55', '27', '12', '1', '9', '43', '37', '84', '4', '29', '39', '66', '0', '45', '7', '69', '81', '53', '75', '65', '19', '33', '56', '20', '59', '52', '51', '31', '44', '47', '25', '64', '8'}
| | | +-- , 6 , set() , {'52', '2', '40', '47', '11', '76', '42', '45', '68', '30', '33', '19', '39'}
| | +-- , 20 , set() , {'56', '66', '26', '70', '43', '46', '20', '71', '22', '45', '78', '49', '62'}
| | +-- , 22 , set() , {'20', '46', '59', '1', '83', '6', '10', '22', '13', '38', '78', '5', '67', '77', '39'}


Max number of edges with non zero Y: 16
Max number of iterations of outer rounding loop: 4
Max number of candidate sets: 2
Time spent rounding: 0.667
Time spent solving Separator LP: 0.014
Total time spent solving: 1.038

LP Solver: gammaPlusFractionalCoverHeuristic
Number of Rounding Attemps: 8
Lower Bound Witness = ({'54', '42', '67', '9', '84', '4', '14', '15', '66', '10', '60', '7', '68', '50', '56', '34', '25', '2', '82', '18', '71', '12', '23', '61', '1', '79', '85', '29', '39', '0', '6', '72', '40', '45', '77', '73', '59', '22', '57', '5', '11', '24', '38', '55', '41', '37', '83', '49', '62', '28', '58', '69', '53', '65', '30', '32', '19', '33', '26', '51', '74', '44', '78', '64', '8', '46', '70', '17', '76', '27', '80', '43', '13', '35', '81', '75', '63', '21', '20', '52', '31', '47', '48'}, {'56', '34', '10', '49', '4'})