12, 0, 7.5, 10
+-- , 19 , {15} , {'54', '46', '24', '82', '71', '17', '42', '27', '12', '23', '1', '9', '43', '37', '84', '85', '15', '29', '28', '66', '58', '0', '6', '40', '45', '60', '7', '69', '68', '53', '75', '50', '65', '19', '73', '56', '59', '52', '74', '31', '44', '47', '25', '78', '57', '64', '8'}
| +-- , 15 , {13, 17, 21, 23} , {'54', '46', '24', '70', '82', '18', '71', '17', '42', '27', '67', '23', '1', '9', '43', '37', '84', '4', '62', '79', '85', '29', '28', '66', '58', '0', '6', '72', '40', '45', '60', '7', '69', '68', '81', '50', '75', '63', '65', '30', '32', '19', '33', '73', '56', '26', '20', '59', '51', '52', '44', '22', '47', '25', '78', '64', '8', '57', '11'}
| | +-- , 13 , {11} , {'54', '24', '42', '38', '67', '9', '37', '83', '84', '62', '14', '28', '66', '58', '10', '60', '7', '69', '68', '65', '30', '32', '19', '33', '56', '26', '51', '44', '11', '78', '8', '46', '82', '18', '17', '27', '23', '61', '1', '43', '79', '85', '29', '39', '0', '6', '72', '40', '45', '81', '75', '63', '73', '20', '59', '52', '22', '47', '57', '5'}
| | | +-- , 11 , {8, 25} , {'24', '42', '38', '67', '9', '37', '83', '84', '14', '28', '58', '10', '60', '7', '69', '68', '30', '32', '19', '33', '56', '26', '51', '44', '11', '78', '46', '82', '18', '17', '76', '27', '23', '61', '1', '43', '85', '29', '39', '0', '6', '72', '40', '45', '81', '75', '73', '20', '59', '52', '22', '47', '57', '5'}
| | | | +-- , 8 , {3} , {'24', '42', '38', '67', '9', '37', '83', '84', '14', '28', '58', '10', '60', '7', '69', '68', '32', '19', '56', '26', '51', '44', '78', '46', '82', '18', '17', '76', '27', '23', '61', '1', '43', '85', '29', '39', '0', '6', '72', '13', '45', '81', '75', '77', '73', '20', '59', '52', '22', '57', '5'}
| | | | | +-- , 3 , {0} , {'24', '42', '9', '37', '83', '84', '14', '28', '58', '60', '7', '69', '68', '32', '19', '56', '26', '51', '44', '78', '82', '18', '17', '76', '27', '23', '61', '1', '43', '85', '29', '39', '0', '72', '45', '81', '75', '77', '73', '21', '59', '52', '57'}
| | | | | | +-- , 0 , {27} , {'82', '18', '17', '76', '23', '61', '1', '43', '83', '14', '85', '29', '28', '58', '60', '69', '35', '68', '81', '32', '77', '19', '59', '78', '57', '48'}
| | | | | | | +-- , 27 , set() , {'59', '58', '17', '76', '80', '68', '57', '78', '85', '48', '23', '19', '29', '28'}
| | | | +-- , 25 , set() , {'52', '2', '40', '47', '11', '76', '42', '45', '68', '30', '33', '19', '39'}
| | +-- , 17 , set() , {'54', '24', '70', '82', '18', '71', '27', '67', '41', '43', '84', '4', '62', '79', '66', '58', '0', '6', '72', '45', '7', '81', '50', '63', '65', '30', '32', '26', '59', '34', '22', '47', '25', '64', '11'}
| | +-- , 21 , set() , {'20', '1', '24', '43', '51', '44', '69', '55', '81', '84', '4', '65', '33'}
| | +-- , 23 , set() , {'56', '66', '26', '70', '43', '46', '20', '71', '22', '45', '78', '49', '62'}


Max number of edges with non zero Y: 17
Max number of iterations of outer rounding loop: 8
Max number of candidate sets: 2
Time spent rounding: 3.073
Time spent solving Separator LP: 0.049
Total time spent solving: 4.594

LP Solver: gammaPlusFractionalCoverHeuristic
Number of Rounding Attemps: 8
Lower Bound Witness = ({'54', '42', '67', '9', '84', '4', '14', '15', '66', '10', '60', '7', '68', '50', '56', '34', '25', '2', '82', '18', '71', '12', '23', '61', '1', '79', '85', '29', '39', '0', '6', '72', '40', '45', '77', '73', '59', '22', '57', '5', '11', '24', '38', '55', '41', '37', '83', '49', '62', '28', '58', '69', '53', '65', '30', '32', '19', '33', '26', '51', '74', '44', '78', '64', '8', '46', '70', '17', '76', '27', '80', '43', '13', '35', '81', '75', '63', '21', '20', '52', '31', '47', '48'}, {'83', '57', '27', '85', '61'})