6, 2.3803547150410833, 5.310901339829477, 8
+-- , 0 , {7} , {'xL9J', 'xL38J', 'xL10J', 'xL24J', 'xL22J', 'xL15J', 'xL2J', 'xL1J', 'xL37J', 'xL36J', 'xL17J', 'xL4J', 'xL26J', 'xL11J', 'xL32J', 'xL19J', 'xL35J', 'xL6J', 'xL39J', 'xL7J', 'xL21J', 'xL0J', 'xL29J', 'xL27J', 'xL25J', 'xL34J', 'xL18J', 'xL3J', 'xL14J', 'xL12J', 'xL13J', 'xL28J', 'xL20J'}
| +-- , 7 , {10} , {'xL9J', 'xL38J', 'xL10J', 'xL24J', 'xL22J', 'xL15J', 'xL1J', 'xL37J', 'xL36J', 'xL17J', 'xL4J', 'xL26J', 'xL8J', 'xL19J', 'xL32J', 'xL35J', 'xL6J', 'xL39J', 'xL7J', 'xL21J', 'xL0J', 'xL5J', 'xL29J', 'xL27J', 'xL25J', 'xL34J', 'xL18J', 'xL3J', 'xL14J', 'xL12J', 'xL13J', 'xL28J', 'xL20J'}
| | +-- , 10 , {12, 14} , {'xL9J', 'xL38J', 'xL10J', 'xL24J', 'xL22J', 'xL15J', 'xL1J', 'xL37J', 'xL36J', 'xL17J', 'xL4J', 'xL26J', 'xL8J', 'xL19J', 'xL32J', 'xL35J', 'xL6J', 'xL39J', 'xL7J', 'xL21J', 'xL0J', 'xL5J', 'xL29J', 'xL27J', 'xL25J', 'xL34J', 'xL18J', 'xL14J', 'xL12J', 'xL13J', 'xL33J', 'xL20J'}
| | | +-- , 12 , set() , {'xL38J', 'xL10J', 'xL31J', 'xL15J', 'xL1J', 'xL37J', 'xL4J', 'xL26J', 'xL8J', 'xL19J', 'xL35J', 'xL6J', 'xL39J', 'xL21J', 'xL5J', 'xL29J', 'xL27J', 'xL34J', 'xL14J', 'xL13J', 'xL33J'}
| | | +-- , 14 , {16} , {'xL9J', 'xL38J', 'xL10J', 'xL24J', 'xL22J', 'xL15J', 'xL1J', 'xL37J', 'xL36J', 'xL17J', 'xL4J', 'xL26J', 'xL8J', 'xL32J', 'xL35J', 'xL6J', 'xL0J', 'xL29J', 'xL27J', 'xL25J', 'xL34J', 'xL18J', 'xL23J', 'xL14J', 'xL12J', 'xL13J', 'xL33J', 'xL20J'}
| | | | +-- , 16 , set() , {'xL9J', 'xL38J', 'xL10J', 'xL24J', 'xL22J', 'xL15J', 'xL1J', 'xL30J', 'xL37J', 'xL16J', 'xL36J', 'xL17J', 'xL4J', 'xL26J', 'xL8J', 'xL35J', 'xL0J', 'xL29J', 'xL27J', 'xL18J', 'xL23J', 'xL14J', 'xL13J', 'xL33J', 'xL20J'}


Max number of edges with non zero Y: 31
Max number of iterations of outer rounding loop: 11
Max number of candidate sets: 2
Time spent rounding: 37.490
Time spent solving Separator LP: 13.225

LP Solver: GaifmanNormal6, 2.3544032043333663, 5.464493597206053, 8
+-- , 0 , {17} , {'xL25J', 'xL29J', 'xL9J', 'xL21J', 'xL22J', 'xL38J', 'xL39J', 'xL12J', 'xL7J', 'xL15J', 'xL13J', 'xL31J', 'xL5J', 'xL27J', 'xL4J', 'xL14J', 'xL11J', 'xL17J', 'xL36J', 'xL19J', 'xL20J', 'xL33J', 'xL32J', 'xL35J', 'xL6J', 'xL10J', 'xL23J', 'xL0J', 'xL34J', 'xL18J', 'xL37J', 'xL8J', 'xL2J', 'xL1J'}
| +-- , 17 , {19} , {'xL25J', 'xL29J', 'xL9J', 'xL26J', 'xL21J', 'xL22J', 'xL38J', 'xL39J', 'xL12J', 'xL7J', 'xL15J', 'xL13J', 'xL31J', 'xL5J', 'xL27J', 'xL4J', 'xL14J', 'xL17J', 'xL36J', 'xL19J', 'xL20J', 'xL33J', 'xL32J', 'xL35J', 'xL6J', 'xL10J', 'xL23J', 'xL0J', 'xL34J', 'xL18J', 'xL37J', 'xL8J', 'xL2J', 'xL1J'}
| | +-- , 19 , {21, 23} , {'xL25J', 'xL29J', 'xL9J', 'xL28J', 'xL26J', 'xL21J', 'xL22J', 'xL38J', 'xL39J', 'xL12J', 'xL7J', 'xL15J', 'xL13J', 'xL5J', 'xL27J', 'xL4J', 'xL14J', 'xL17J', 'xL36J', 'xL19J', 'xL20J', 'xL33J', 'xL32J', 'xL35J', 'xL6J', 'xL10J', 'xL23J', 'xL0J', 'xL34J', 'xL18J', 'xL37J', 'xL8J', 'xL2J', 'xL1J'}
| | | +-- , 21 , set() , {'xL25J', 'xL29J', 'xL26J', 'xL28J', 'xL21J', 'xL22J', 'xL38J', 'xL39J', 'xL7J', 'xL15J', 'xL13J', 'xL27J', 'xL4J', 'xL14J', 'xL17J', 'xL36J', 'xL20J', 'xL32J', 'xL35J', 'xL6J', 'xL10J', 'xL3J', 'xL0J', 'xL34J', 'xL18J', 'xL37J', 'xL8J', 'xL2J', 'xL1J'}
| | | +-- , 23 , {25} , {'xL29J', 'xL9J', 'xL26J', 'xL28J', 'xL21J', 'xL22J', 'xL38J', 'xL39J', 'xL12J', 'xL24J', 'xL15J', 'xL13J', 'xL5J', 'xL27J', 'xL4J', 'xL14J', 'xL17J', 'xL36J', 'xL19J', 'xL20J', 'xL33J', 'xL32J', 'xL35J', 'xL6J', 'xL10J', 'xL23J', 'xL0J', 'xL18J', 'xL37J', 'xL8J', 'xL2J', 'xL1J'}
| | | | +-- , 25 , set() , {'xL29J', 'xL9J', 'xL26J', 'xL16J', 'xL22J', 'xL38J', 'xL24J', 'xL30J', 'xL15J', 'xL13J', 'xL27J', 'xL4J', 'xL14J', 'xL17J', 'xL36J', 'xL20J', 'xL33J', 'xL35J', 'xL10J', 'xL23J', 'xL0J', 'xL18J', 'xL37J', 'xL8J', 'xL1J'}


Max number of edges with non zero Y: 32
Max number of iterations of outer rounding loop: 8
Max number of candidate sets: 2
Time spent rounding: 72.801
Time spent solving Separator LP: 27.495

LP Solver: GaifmanNormal