20, 4.0, 7.0, 7
+-- , 0 , {38, 8, 40, 44, 46} , {'xL8J', 'xL5J', 'xL19J', 'xL9J', 'xL0J', 'xL23J', 'xL29J', 'xL3J', 'xL4J', 'xL14J', 'xL16J', 'xL17J', 'xL21J'}
| +-- , 38 , set() , {'xL9J', 'xL17J', 'xL13J', 'xL16J', 'xL14J', 'xL23J', 'xL33J'}
| +-- , 8 , {10} , {'xL19J', 'xL0J', 'xL29J', 'xL4J', 'xL14J', 'xL8J', 'xL5J', 'xL9J', 'xL3J', 'xL23J', 'xL21J', 'xL26J'}
| | +-- , 10 , {13} , {'xL19J', 'xL0J', 'xL34J', 'xL6J', 'xL4J', 'xL14J', 'xL8J', 'xL5J', 'xL9J', 'xL3J', 'xL23J', 'xL21J', 'xL26J'}
| | | +-- , 13 , {15} , {'xL19J', 'xL34J', 'xL0J', 'xL6J', 'xL4J', 'xL14J', 'xL8J', 'xL5J', 'xL9J', 'xL3J', 'xL36J', 'xL23J', 'xL21J'}
| | | | +-- , 15 , {17, 36} , {'xL8J', 'xL5J', 'xL19J', 'xL9J', 'xL34J', 'xL0J', 'xL3J', 'xL6J', 'xL36J', 'xL4J', 'xL20J', 'xL14J', 'xL25J', 'xL21J'}
| | | | | +-- , 17 , {19} , {'xL19J', 'xL34J', 'xL6J', 'xL4J', 'xL14J', 'xL25J', 'xL37J', 'xL5J', 'xL9J', 'xL3J', 'xL35J', 'xL36J', 'xL20J'}
| | | | | | +-- , 19 , {32, 22} , {'xL19J', 'xL34J', 'xL6J', 'xL4J', 'xL27J', 'xL25J', 'xL37J', 'xL5J', 'xL9J', 'xL3J', 'xL35J', 'xL36J', 'xL10J', 'xL20J'}
| | | | | | | +-- , 32 , {34} , {'xL5J', 'xL19J', 'xL34J', 'xL3J', 'xL6J', 'xL1J', 'xL10J', 'xL27J', 'xL25J'}
| | | | | | | | +-- , 34 , set() , {'xL34J', 'xL3J', 'xL6J', 'xL1J', 'xL10J', 'xL32J', 'xL18J'}
| | | | | | | +-- , 22 , {24} , {'xL19J', 'xL34J', 'xL15J', 'xL4J', 'xL27J', 'xL37J', 'xL5J', 'xL9J', 'xL35J', 'xL10J', 'xL20J'}
| | | | | | | | +-- , 24 , {26, 30} , {'xL5J', 'xL19J', 'xL9J', 'xL34J', 'xL15J', 'xL35J', 'xL2J', 'xL12J', 'xL4J', 'xL20J', 'xL27J', 'xL37J', 'xL11J'}
| | | | | | | | | +-- , 26 , {28} , {'xL12J', 'xL20J', 'xL9J', 'xL27J', 'xL38J'}
| | | | | | | | | | +-- , 28 , set() , {'xL12J', 'xL28J', 'xL9J', 'xL38J'}
| | | | | | | | | +-- , 30 , set() , {'xL2J', 'xL31J', 'xL9J', 'xL35J'}
| | | | | +-- , 36 , set() , {'xL5J', 'xL39J', 'xL25J', 'xL0J'}
| +-- , 40 , {42} , {'xL5J', 'xL14J', 'xL3J', 'xL22J'}
| | +-- , 42 , set() , {'xL22J', 'xL14J', 'xL24J', 'xL3J'}
| +-- , 44 , set() , {'xL17J', 'xL7J', 'xL14J'}
| +-- , 46 , set() , {'xL14J', 'xL30J'}


Max number of edges with non zero Y: 7
Max number of iterations of outer rounding loop: 0
Max number of candidate sets: 0
Time spent rounding: 0.000
Time spent solving Separator LP: 13.137

LP Solver: GaifmanNormalILP