22, 2.2393888494088765, 7.0, 7
+-- , 0 , {48, 5, 7, 11, 44, 46} , {'xL21J', 'xL26J', 'xL20J', 'xL27J', 'xL38J', 'xL32J', 'xL11J', 'xL23J', 'xL37J', 'xL9J', 'xL29J', 'xL34J', 'xL24J', 'xL35J'}
| +-- , 48 , set() , {'xL11J', 'xL28J'}
| +-- , 5 , set() , {'xL39J', 'xL20J', 'xL27J', 'xL14J', 'xL37J', 'xL9J', 'xL29J', 'xL34J'}
| +-- , 7 , set() , {'xL26J', 'xL15J', 'xL27J', 'xL24J'}
| +-- , 11 , {13} , {'xL21J', 'xL26J', 'xL27J', 'xL32J', 'xL11J', 'xL1J', 'xL34J', 'xL24J', 'xL35J', 'xL20J', 'xL38J', 'xL23J', 'xL29J'}
| | +-- , 13 , {42, 15} , {'xL21J', 'xL26J', 'xL27J', 'xL11J', 'xL1J', 'xL10J', 'xL34J', 'xL24J', 'xL35J', 'xL20J', 'xL38J', 'xL23J', 'xL29J'}
| | | +-- , 42 , set() , {'xL10J', 'xL31J'}
| | | +-- , 15 , {17} , {'xL8J', 'xL21J', 'xL26J', 'xL27J', 'xL11J', 'xL1J', 'xL10J', 'xL34J', 'xL24J', 'xL35J', 'xL20J', 'xL23J', 'xL29J'}
| | | | +-- , 17 , {40, 19} , {'xL8J', 'xL21J', 'xL26J', 'xL27J', 'xL11J', 'xL1J', 'xL23J', 'xL18J', 'xL10J', 'xL34J', 'xL24J', 'xL35J'}
| | | | | +-- , 40 , set() , {'xL33J', 'xL27J', 'xL11J', 'xL1J', 'xL18J', 'xL24J'}
| | | | | +-- , 19 , {21, 38} , {'xL8J', 'xL21J', 'xL26J', 'xL12J', 'xL11J', 'xL1J', 'xL23J', 'xL18J', 'xL10J', 'xL34J', 'xL24J', 'xL35J'}
| | | | | | +-- , 21 , {24, 36} , {'xL8J', 'xL21J', 'xL26J', 'xL11J', 'xL1J', 'xL18J', 'xL10J', 'xL34J', 'xL24J', 'xL35J', 'xL6J', 'xL30J', 'xL12J'}
| | | | | | | +-- , 24 , {26, 34} , {'xL8J', 'xL22J', 'xL21J', 'xL6J', 'xL26J', 'xL30J', 'xL12J', 'xL11J', 'xL1J', 'xL18J', 'xL24J', 'xL35J'}
| | | | | | | | +-- , 26 , {28} , {'xL8J', 'xL22J', 'xL21J', 'xL11J', 'xL1J', 'xL18J', 'xL24J', 'xL35J', 'xL3J', 'xL6J', 'xL30J', 'xL12J'}
| | | | | | | | | +-- , 28 , {32, 30} , {'xL8J', 'xL3J', 'xL22J', 'xL21J', 'xL36J', 'xL6J', 'xL17J', 'xL11J', 'xL1J', 'xL18J', 'xL19J', 'xL35J'}
| | | | | | | | | | +-- , 32 , set() , {'xL8J', 'xL16J', 'xL17J', 'xL18J', 'xL19J'}
| | | | | | | | | | +-- , 30 , set() , {'xL8J', 'xL21J', 'xL0J', 'xL36J', 'xL17J', 'xL1J', 'xL5J', 'xL19J'}
| | | | | | | | +-- , 34 , set() , {'xL2J', 'xL26J', 'xL22J'}
| | | | | | | +-- , 36 , set() , {'xL26J', 'xL30J', 'xL25J', 'xL34J'}
| | | | | | +-- , 38 , set() , {'xL12J', 'xL4J'}
| +-- , 44 , set() , {'xL7J', 'xL38J'}
| +-- , 46 , set() , {'xL32J', 'xL13J'}


Max number of edges with non zero Y: 17
Max number of iterations of outer rounding loop: 4
Max number of candidate sets: 2
Time spent rounding: 17.491
Time spent solving Separator LP: 0.295

LP Solver: GaifmanBoosted