20, 2.3769887622996664, 8.0, 8
+-- , 0 , {37, 39, 41, 13, 43, 45, 49, 47} , {'xL8J', 'xL33J', 'xL21J', 'xL27J', 'xL11J', 'xL1J', 'xL14J', 'xL18J', 'xL10J', 'xL24J', 'xL3J', 'xL16J', 'xL20J', 'xL38J', 'xL12J', 'xL17J'}
| +-- , 37 , set() , {'xL11J', 'xL28J'}
| +-- , 39 , set() , {'xL6J', 'xL1J', 'xL17J'}
| +-- , 41 , set() , {'xL23J', 'xL12J', 'xL24J'}
| +-- , 13 , {33, 15} , {'xL8J', 'xL21J', 'xL27J', 'xL11J', 'xL1J', 'xL14J', 'xL18J', 'xL10J', 'xL24J', 'xL19J', 'xL3J', 'xL16J', 'xL20J', 'xL38J', 'xL17J'}
| | +-- , 33 , {35} , {'xL8J', 'xL3J', 'xL21J', 'xL0J', 'xL17J', 'xL1J', 'xL5J', 'xL19J'}
| | | +-- , 35 , set() , {'xL36J', 'xL3J', 'xL5J'}
| | +-- , 15 , {17, 25, 27, 29, 31} , {'xL8J', 'xL21J', 'xL26J', 'xL27J', 'xL11J', 'xL1J', 'xL14J', 'xL18J', 'xL10J', 'xL34J', 'xL24J', 'xL19J', 'xL3J', 'xL20J', 'xL38J', 'xL17J'}
| | | +-- , 17 , {19, 23} , {'xL8J', 'xL26J', 'xL20J', 'xL38J', 'xL32J', 'xL1J', 'xL14J', 'xL29J', 'xL34J', 'xL24J'}
| | | | +-- , 19 , {21} , {'xL20J', 'xL38J', 'xL14J', 'xL37J', 'xL29J', 'xL34J'}
| | | | | +-- , 21 , set() , {'xL39J', 'xL14J', 'xL37J', 'xL29J', 'xL34J'}
| | | | +-- , 23 , set() , {'xL32J', 'xL13J'}
| | | +-- , 25 , set() , {'xL26J', 'xL15J', 'xL27J', 'xL24J'}
| | | +-- , 27 , set() , {'xL21J', 'xL22J', 'xL26J', 'xL2J', 'xL18J', 'xL19J'}
| | | +-- , 29 , set() , {'xL25J', 'xL3J', 'xL26J', 'xL30J', 'xL10J', 'xL34J'}
| | | +-- , 31 , set() , {'xL17J', 'xL27J', 'xL34J', 'xL24J', 'xL35J'}
| +-- , 43 , set() , {'xL7J', 'xL38J'}
| +-- , 45 , set() , {'xL12J', 'xL4J'}
| +-- , 49 , set() , {'xL10J', 'xL31J'}
| +-- , 47 , set() , {'xL20J', 'xL14J', 'xL38J', 'xL9J'}


Max number of edges with non zero Y: 25
Max number of iterations of outer rounding loop: 6
Max number of candidate sets: 2
Time spent rounding: 35.468
Time spent solving Separator LP: 1.030

LP Solver: GaifmanBoosted