11, 0, 4.75, 6
+-- , 0 , {25, 3} , {'43', '19', '16', '42', '31', '7', '8', '30', '61', '4', '33', '60', '71', '47', '26', '25', '18', '40'}
| +-- , 25 , set() , {'72', '30', '61', '43', '19', '56', '71', '47', '48', '42', '31', '40', '7'}
| +-- , 3 , {6} , {'16', '7', '69', '8', '33', '61', '4', '71', '26', '25', '40', '43', '23', '13', '66', '19', '63', '42', '31', '53', '62', '60', '47', '55', '18'}
| | +-- , 6 , {8, 23} , {'15', '38', '16', '7', '69', '8', '33', '61', '4', '71', '26', '25', '40', '43', '23', '13', '66', '22', '19', '63', '42', '31', '60', '47', '55', '18', '45', '27'}
| | | +-- , 8 , {10} , {'15', '38', '0', '16', '54', '7', '69', '8', '33', '61', '4', '2', '71', '26', '25', '40', '50', '43', '23', '13', '66', '22', '42', '31', '34', '70', '32', '35', '60', '47', '55', '18', '45', '27'}
| | | | +-- , 10 , {14} , {'15', '38', '0', '7', '69', '8', '33', '61', '4', '2', '71', '26', '25', '50', '1', '23', '13', '66', '22', '57', '17', '42', '31', '70', '32', '35', '60', '49', '55', '18', '21', '27', '28'}
| | | | | +-- , 14 , {17, 19, 21} , {'15', '38', '0', '7', '69', '8', '33', '61', '4', '2', '71', '26', '25', '50', '9', '1', '23', '13', '66', '22', '57', '17', '42', '31', '36', '70', '32', '35', '49', '55', '18', '21', '27', '28'}
| | | | | | +-- , 17 , set() , {'41', '15', '0', '37', '7', '59', '33', '61', '4', '10', '25', '50', '9', '1', '13', '66', '20', '22', '57', '17', '42', '6', '36', '31', '44', '32', '46', '35', '68', '49', '55', '18', '28'}
| | | | | | +-- , 19 , set() , {'9', '8', '67', '38', '0', '42', '71', '28', '29', '36', '21', '27', '14'}
| | | | | | +-- , 21 , set() , {'15', '39', '38', '0', '69', '8', '61', '3', '2', '26', '9', '1', '23', '66', '22', '57', '36', '58', '24', '70', '49', '18', '21'}
| | | +-- , 23 , set() , {'15', '38', '4', '22', '42', '63', '19', '64', '55', '31', '45', '27'}


Max number of edges with non zero Y: 12
Max number of iterations of outer rounding loop: 4
Max number of candidate sets: 2
Time spent rounding: 21.883
Time spent solving Separator LP: 0.066
Total time spent solving: 28.313

LP Solver: gammaPlusFractionalCoverHeuristic
Lower Bound Witness = ({'41', '15', '67', '39', '38', '0', '56', '16', '64', '54', '37', '29', '7', '69', '14', '59', '8', '33', '61', '4', '3', '72', '2', '71', '10', '26', '25', '40', '50', '9', '1', '43', '23', '13', '66', '45', '20', '63', '57', '22', '19', '17', '48', '42', '6', '36', '58', '31', '53', '62', '24', '30', '34', '44', '70', '32', '46', '35', '60', '68', '49', '47', '55', '18', '21', '27', '28'}, {'72', '20', '47', '26', '7'})