39, 1.1666662000000003, 5.0, 5
+-- , 0 , {43, 3} , {'xL5JL8J', 'xL5JL9J', 'xL5JL7J', 'xL7JL3J', 'xL7JL4J', 'xL7JL2J', 'xL7JL5J', 'xL5JL10J'}
| +-- , 43 , {46} , {'xL6JL3J', 'xL3JL3J', 'xL4JL3J', 'xL5JL3J', 'xL6JL4J', 'xL5JL7J', 'xL7JL3J', 'xL7JL4J', 'xL5JL4J', 'xL5JL10J'}
| | +-- , 46 , {48} , {'xL5JL2J', 'xL3JL3J', 'xL4JL3J', 'xL5JL3J', 'xL5JL1J', 'xL5JL5J', 'xL5JL7J', 'xL5JL4J', 'xL5JL10J'}
| | | +-- , 48 , {51, 79} , {'xL3JL7J', 'xL5JL2J', 'xL3JL3J', 'xL4JL3J', 'xL2JL10J', 'xL5JL1J', 'xL5JL5J', 'xL5JL7J', 'xL4JL10J', 'xL3JL10J', 'xL4JL7J', 'xL5JL10J'}
| | | | +-- , 51 , {53} , {'xL3JL7J', 'xL3JL3J', 'xL4JL3J', 'xL5JL1J', 'xL2JL9J', 'xL4JL7J', 'xL5JL2J', 'xL2JL8J', 'xL5JL5J', 'xL2JL10J'}
| | | | | +-- , 53 , {55, 73, 75} , {'xL3JL7J', 'xL5JL2J', 'xL3JL3J', 'xL4JL3J', 'xL3JL6J', 'xL2JL8J', 'xL5JL1J', 'xL4JL6J', 'xL5JL5J', 'xL2JL9J', 'xL4JL7J'}
| | | | | | +-- , 55 , {57} , {'xL5JL2J', 'xL3JL3J', 'xL4JL3J', 'xL3JL6J', 'xL5JL1J', 'xL4JL6J', 'xL2JL6J'}
| | | | | | | +-- , 57 , {59} , {'xL5JL2J', 'xL2JL4J', 'xL3JL3J', 'xL4JL3J', 'xL5JL1J', 'xL2JL5J', 'xL2JL6J'}
| | | | | | | | +-- , 59 , {61, 63} , {'xL5JL2J', 'xL2JL4J', 'xL3JL3J', 'xL4JL3J', 'xL3JL4J', 'xL5JL1J', 'xL2JL5J'}
| | | | | | | | | +-- , 61 , set() , {'xL1JL4J', 'xL2JL4J', 'xL3JL4J', 'xL1JL5J', 'xL2JL5J'}
| | | | | | | | | +-- , 63 , {65} , {'xL5JL2J', 'xL3JL3J', 'xL4JL3J', 'xL3JL4J', 'xL5JL1J', 'xL3JL2J'}
| | | | | | | | | | +-- , 65 , {67} , {'xL5JL2J', 'xL4JL1J', 'xL4JL3J', 'xL4JL2J', 'xL5JL1J', 'xL3JL2J'}
| | | | | | | | | | | +-- , 67 , {69} , {'xL5JL2J', 'xL3JL2J', 'xL4JL2J', 'xL2JL2J', 'xL1JL2J'}
| | | | | | | | | | | | +-- , 69 , {71} , {'xL1JL2J', 'xL2JL2J', 'xL1JL1J'}
| | | | | | | | | | | | | +-- , 71 , set() , {'xL2JL1J', 'xL2JL2J', 'xL1JL1J'}
| | | | | | +-- , 73 , set() , {'xL4JL5J', 'xL4JL6J', 'xL5JL5J', 'xL4JL7J'}
| | | | | | +-- , 75 , {77} , {'xL3JL7J', 'xL3JL6J', 'xL2JL8J', 'xL3JL8J', 'xL2JL9J'}
| | | | | | | +-- , 77 , set() , {'xL1JL8J', 'xL2JL8J', 'xL1JL9J', 'xL3JL8J', 'xL2JL9J'}
| | | | +-- , 79 , {81} , {'xL4JL11J', 'xL4JL10J', 'xL3JL10J'}
| | | | | +-- , 81 , set() , {'xL3JL11J', 'xL3JL10J', 'xL4JL11J'}
| +-- , 3 , {7} , {'xL5JL8J', 'xL5JL9J', 'xL9JL9J', 'xL8JL9J', 'xL6JL8J', 'xL7JL2J', 'xL6JL9J', 'xL7JL5J', 'xL7JL8J', 'xL7JL9J'}
| | +-- , 7 , {9} , {'xL7JL11J', 'xL9JL9J', 'xL8JL9J', 'xL7JL2J', 'xL7JL10J', 'xL7JL7J', 'xL7JL5J', 'xL7JL8J', 'xL7JL9J'}
| | | +-- , 9 , {11, 37} , {'xL7JL11J', 'xL10JL2J', 'xL9JL9J', 'xL8JL9J', 'xL7JL2J', 'xL7JL10J', 'xL7JL7J', 'xL7JL5J'}
| | | | +-- , 11 , {13} , {'xL9JL9J', 'xL7JL10J', 'xL7JL7J', 'xL8JL5J', 'xL7JL5J', 'xL7JL11J', 'xL10JL2J', 'xL8JL9J', 'xL10JL3J', 'xL10JL4J', 'xL9JL5J'}
| | | | | +-- , 13 , {35, 21, 15} , {'xL7JL11J', 'xL10JL6J', 'xL9JL9J', 'xL8JL9J', 'xL10JL3J', 'xL8JL6J', 'xL10JL4J', 'xL7JL10J', 'xL7JL7J', 'xL8JL5J', 'xL9JL5J'}
| | | | | | +-- , 35 , set() , {'xL7JL7J', 'xL8JL5J', 'xL8JL6J', 'xL8JL7J'}
| | | | | | +-- , 21 , {23} , {'xL7JL11J', 'xL10JL6J', 'xL10JL7J', 'xL8JL9J', 'xL9JL9J', 'xL7JL10J', 'xL10JL8J'}
| | | | | | | +-- , 23 , {25, 31} , {'xL7JL11J', 'xL10JL7J', 'xL8JL9J', 'xL9JL9J', 'xL9JL10J', 'xL7JL10J', 'xL10JL8J'}
| | | | | | | | +-- , 25 , {27} , {'xL7JL11J', 'xL11JL10J', 'xL8JL11J', 'xL8JL9J', 'xL7JL10J', 'xL9JL10J', 'xL8JL10J', 'xL10JL10J'}
| | | | | | | | | +-- , 27 , {29} , {'xL11JL10J', 'xL11JL11J', 'xL10JL10J'}
| | | | | | | | | | +-- , 29 , set() , {'xL11JL11J', 'xL10JL11J', 'xL10JL10J'}
| | | | | | | | +-- , 31 , {33} , {'xL9JL10J', 'xL9JL8J', 'xL10JL7J', 'xL9JL9J', 'xL10JL8J'}
| | | | | | | | | +-- , 33 , set() , {'xL11JL8J', 'xL10JL7J', 'xL11JL7J', 'xL9JL8J', 'xL10JL8J'}
| | | | | | +-- , 15 , {17} , {'xL9JL6J', 'xL10JL6J', 'xL10JL3J', 'xL8JL6J', 'xL10JL4J', 'xL9JL4J', 'xL9JL5J'}
| | | | | | | +-- , 17 , {19} , {'xL11JL4J', 'xL10JL4J', 'xL9JL4J', 'xL10JL3J'}
| | | | | | | | +-- , 19 , set() , {'xL11JL4J', 'xL11JL3J', 'xL10JL3J'}
| | | | +-- , 37 , {39} , {'xL7JL2J', 'xL9JL2J', 'xL8JL2J', 'xL10JL2J'}
| | | | | +-- , 39 , {41} , {'xL9JL1J', 'xL9JL2J', 'xL8JL2J'}
| | | | | | +-- , 41 , set() , {'xL8JL1J', 'xL9JL1J', 'xL8JL2J'}


Max number of edges with non zero Y: 6
Max number of iterations of outer rounding loop: 4
Max number of candidate sets: 2
Time spent rounding: 17.924
Time spent solving Separator LP: 0.733
Total time spent solving: 23.218

LP Solver: GaifmanNormal
Lower Bound Witness = ({'xL3JL11J', 'xL7JL10J', 'xL9JL4J', 'xL7JL7J', 'xL8JL5J', 'xL7JL9J', 'xL5JL2J', 'xL2JL4J', 'xL10JL2J', 'xL10JL7J', 'xL9JL5J', 'xL3JL7J', 'xL11JL10J', 'xL1JL5J', 'xL2JL2J', 'xL7JL3J', 'xL7JL4J', 'xL1JL1J', 'xL11JL8J', 'xL4JL11J', 'xL5JL7J', 'xL10JL4J', 'xL2JL10J', 'xL5JL8J', 'xL4JL1J', 'xL6JL3J', 'xL10JL6J', 'xL9JL9J', 'xL10JL10J', 'xL7JL8J', 'xL2JL6J', 'xL4JL7J', 'xL7JL11J', 'xL2JL8J', 'xL4JL6J', 'xL11JL3J', 'xL8JL1J', 'xL3JL3J', 'xL1JL8J', 'xL3JL4J', 'xL11JL7J', 'xL8JL7J', 'xL7JL2J', 'xL5JL9J', 'xL3JL6J', 'xL1JL9J', 'xL5JL5J', 'xL11JL4J', 'xL8JL10J', 'xL6JL9J', 'xL6JL4J', 'xL5JL10J', 'xL9JL2J', 'xL4JL2J', 'xL8JL11J', 'xL7JL5J', 'xL9JL1J', 'xL4JL5J', 'xL2JL5J', 'xL6JL8J', 'xL3JL2J', 'xL4JL10J', 'xL4JL3J', 'xL5JL3J', 'xL5JL1J', 'xL8JL6J', 'xL2JL9J', 'xL2JL1J', 'xL9JL6J', 'xL1JL4J', 'xL10JL3J', 'xL9JL8J', 'xL11JL11J', 'xL10JL8J', 'xL3JL8J', 'xL8JL2J', 'xL3JL10J', 'xL10JL11J', 'xL8JL9J', 'xL9JL10J', 'xL5JL4J', 'xL1JL2J'}, {'xL4JL3J', 'xL2JL2J', 'xL9JL8J', 'xL8JL10J', 'xL9JL5J'})