41, 2.029651923580215, 5.0, 5
+-- , 0 , {32, 3} , {'xL5JL6J', 'xL6JL9J', 'xL4JL6J', 'xL7JL9J', 'xL1JL2J', 'xL2JL2J', 'xL8JL9J', 'xL3JL2J'}
| +-- , 32 , {34, 84} , {'xL5JL6J', 'xL6JL9J', 'xL3JL5J', 'xL7JL9J', 'xL4JL6J', 'xL1JL2J', 'xL3JL2J', 'xL2JL2J', 'xL3JL4J'}
| | +-- , 34 , {37} , {'xL5JL6J', 'xL6JL10J', 'xL6JL9J', 'xL3JL5J', 'xL6JL7J', 'xL4JL6J', 'xL7JL9J', 'xL6JL8J', 'xL3JL4J'}
| | | +-- , 37 , {39} , {'xL7JL10J', 'xL3JL5J', 'xL7JL11J', 'xL7JL12J', 'xL6JL10J', 'xL5JL6J', 'xL6JL7J', 'xL7JL9J', 'xL4JL6J', 'xL6JL8J', 'xL3JL4J'}
| | | | +-- , 39 , {82, 41} , {'xL5JL6J', 'xL3JL5J', 'xL6JL7J', 'xL4JL6J', 'xL7JL11J', 'xL6JL8J', 'xL3JL4J', 'xL4JL5J', 'xL7JL12J'}
| | | | | +-- , 82 , set() , {'xL5JL6J', 'xL6JL7J', 'xL5JL7J', 'xL4JL4J', 'xL4JL6J', 'xL6JL8J', 'xL4JL7J', 'xL5JL8J', 'xL4JL5J', 'xL3JL4J'}
| | | | | +-- , 41 , {43} , {'xL3JL5J', 'xL4JL5J', 'xL7JL11J', 'xL2JL5J', 'xL7JL12J'}
| | | | | | +-- , 43 , {45, 78} , {'xL2JL7J', 'xL2JL8J', 'xL7JL11J', 'xL2JL5J', 'xL2JL6J', 'xL7JL12J'}
| | | | | | | +-- , 45 , {47} , {'xL2JL8J', 'xL7JL11J', 'xL3JL8J', 'xL7JL12J'}
| | | | | | | | +-- , 47 , {49} , {'xL3JL9J', 'xL7JL11J', 'xL3JL10J', 'xL3JL8J', 'xL7JL12J'}
| | | | | | | | | +-- , 49 , {64, 52} , {'xL5JL11J', 'xL3JL9J', 'xL7JL11J', 'xL3JL10J', 'xL5JL12J', 'xL5JL13J', 'xL7JL12J'}
| | | | | | | | | | +-- , 64 , {66} , {'xL5JL11J', 'xL3JL9J', 'xL4JL11J', 'xL3JL10J'}
| | | | | | | | | | | +-- , 66 , {68} , {'xL4JL10J', 'xL3JL9J', 'xL4JL9J', 'xL3JL10J', 'xL4JL11J'}
| | | | | | | | | | | | +-- , 68 , {70} , {'xL2JL10J', 'xL4JL10J', 'xL3JL10J', 'xL1JL10J'}
| | | | | | | | | | | | | +-- , 70 , {74, 76} , {'xL3JL12J', 'xL2JL12J', 'xL2JL13J', 'xL1JL10J', 'xL2JL10J', 'xL1JL12J'}
| | | | | | | | | | | | | | +-- , 74 , set() , {'xL3JL12J', 'xL3JL13J', 'xL2JL13J'}
| | | | | | | | | | | | | | +-- , 76 , set() , {'xL2JL12J', 'xL1JL10J', 'xL2JL13J', 'xL2JL10J', 'xL1JL12J', 'xL1JL11J', 'xL2JL11J'}
| | | | | | | | | | +-- , 52 , {60, 54} , {'xL8JL12J', 'xL7JL11J', 'xL9JL12J', 'xL5JL12J', 'xL5JL13J', 'xL7JL12J'}
| | | | | | | | | | | +-- , 60 , {62} , {'xL9JL12J', 'xL5JL12J', 'xL8JL12J', 'xL6JL12J', 'xL5JL13J', 'xL7JL12J'}
| | | | | | | | | | | | +-- , 62 , set() , {'xL6JL13J', 'xL6JL12J', 'xL5JL13J'}
| | | | | | | | | | | +-- , 54 , {56} , {'xL8JL11J', 'xL9JL12J', 'xL8JL12J', 'xL7JL11J'}
| | | | | | | | | | | | +-- , 56 , {58} , {'xL8JL11J', 'xL9JL12J', 'xL8JL12J', 'xL8JL13J'}
| | | | | | | | | | | | | +-- , 58 , set() , {'xL9JL12J', 'xL8JL13J', 'xL9JL13J'}
| | | | | | | +-- , 78 , {80} , {'xL2JL7J', 'xL2JL6J', 'xL1JL6J'}
| | | | | | | | +-- , 80 , set() , {'xL2JL7J', 'xL1JL6J', 'xL1JL7J'}
| | +-- , 84 , {86} , {'xL3JL5J', 'xL1JL2J', 'xL3JL2J', 'xL2JL2J', 'xL3JL3J', 'xL3JL4J'}
| | | +-- , 86 , {88} , {'xL2JL3J', 'xL3JL3J', 'xL1JL2J', 'xL2JL2J'}
| | | | +-- , 88 , set() , {'xL1JL1J', 'xL2JL3J', 'xL1JL2J', 'xL2JL1J', 'xL2JL2J'}
| +-- , 3 , {26, 5} , {'xL8JL7J', 'xL8JL6J', 'xL5JL2J', 'xL8JL8J', 'xL1JL2J', 'xL2JL2J', 'xL4JL2J', 'xL8JL9J', 'xL3JL2J'}
| | +-- , 26 , {28} , {'xL8JL7J', 'xL8JL8J', 'xL9JL8J'}
| | | +-- , 28 , set() , {'xL9JL7J', 'xL8JL7J', 'xL9JL8J'}
| | +-- , 5 , {7} , {'xL4JL2J', 'xL8JL6J', 'xL5JL2J', 'xL7JL6J'}
| | | +-- , 7 , {9} , {'xL7JL4J', 'xL5JL2J', 'xL7JL6J', 'xL4JL2J', 'xL7JL5J'}
| | | | +-- , 9 , {11, 20} , {'xL7JL4J', 'xL5JL2J', 'xL4JL2J', 'xL7JL5J', 'xL6JL4J'}
| | | | | +-- , 11 , {13} , {'xL8JL4J', 'xL7JL4J', 'xL9JL4J', 'xL6JL4J'}
| | | | | | +-- , 13 , {16} , {'xL9JL4J', 'xL8JL3J', 'xL8JL4J', 'xL8JL2J', 'xL8JL1J'}
| | | | | | | +-- , 16 , {18} , {'xL9JL2J', 'xL9JL4J', 'xL8JL3J', 'xL9JL3J', 'xL8JL2J', 'xL8JL1J'}
| | | | | | | | +-- , 18 , set() , {'xL9JL2J', 'xL7JL1J', 'xL7JL2J', 'xL8JL2J', 'xL8JL1J'}
| | | | | +-- , 20 , {22} , {'xL6JL5J', 'xL5JL2J', 'xL6JL3J', 'xL4JL2J', 'xL7JL5J', 'xL6JL4J'}
| | | | | | +-- , 22 , {24} , {'xL4JL2J', 'xL5JL3J', 'xL5JL2J', 'xL6JL3J'}
| | | | | | | +-- , 24 , set() , {'xL5JL3J', 'xL5JL2J', 'xL4JL2J', 'xL4JL1J', 'xL5JL1J'}


Max number of edges with non zero Y: 11
Max number of iterations of outer rounding loop: 3
Max number of candidate sets: 2
Time spent rounding: 13.062
Time spent solving Separator LP: 1.088
Total time spent solving: 19.381

LP Solver: GaifmanBoosted
Lower Bound Witness = ({'xL3JL13J', 'xL7JL10J', 'xL7JL1J', 'xL2JL1J', 'xL1JL7J', 'xL5JL3J', 'xL2JL8J', 'xL6JL3J', 'xL9JL3J', 'xL7JL2J', 'xL4JL2J', 'xL4JL1J', 'xL3JL3J', 'xL4JL11J', 'xL3JL2J', 'xL7JL11J', 'xL1JL2J', 'xL8JL8J', 'xL9JL12J', 'xL7JL5J', 'xL4JL6J', 'xL1JL6J', 'xL5JL13J', 'xL4JL10J', 'xL3JL5J', 'xL8JL3J', 'xL2JL12J', 'xL6JL5J', 'xL4JL4J', 'xL3JL10J', 'xL8JL11J', 'xL6JL9J', 'xL9JL4J', 'xL1JL10J', 'xL2JL6J', 'xL6JL7J', 'xL2JL5J', 'xL7JL6J', 'xL2JL13J', 'xL2JL7J', 'xL8JL13J', 'xL1JL11J', 'xL6JL12J', 'xL2JL11J', 'xL5JL11J', 'xL6JL10J', 'xL4JL9J', 'xL4JL7J', 'xL8JL4J', 'xL5JL1J', 'xL6JL13J', 'xL1JL1J', 'xL2JL10J', 'xL8JL2J', 'xL6JL4J', 'xL3JL4J', 'xL7JL4J', 'xL5JL2J', 'xL2JL3J', 'xL5JL7J', 'xL9JL13J', 'xL5JL12J', 'xL5JL8J', 'xL9JL7J', 'xL8JL9J', 'xL3JL8J', 'xL8JL1J', 'xL9JL8J', 'xL3JL12J', 'xL8JL12J', 'xL4JL5J', 'xL7JL12J', 'xL9JL2J', 'xL5JL6J', 'xL3JL9J', 'xL8JL7J', 'xL8JL6J', 'xL7JL9J', 'xL6JL8J', 'xL2JL2J', 'xL1JL12J'}, {'xL6JL10J', 'xL3JL12J', 'xL4JL6J', 'xL9JL4J', 'xL1JL6J', 'xL2JL13J', 'xL7JL6J', 'xL2JL2J', 'xL9JL8J', 'xL5JL12J', 'xL8JL2J', 'xL5JL8J', 'xL8JL13J', 'xL5JL1J'})