37, 1.4259259259259258, 7.0, 7
+-- , 0 , {66, 3, 68} , {'xL13JL4J', 'xL14JL4J', 'xL11JL4J', 'xL12JL4J', 'xL8JL2J', 'xL7JL7J', 'xL8JL1J', 'xL7JL2J', 'xL10JL2J', 'xL10JL7J', 'xL9JL7J', 'xL6JL2J', 'xL10JL4J', 'xL10JL3J', 'xL8JL7J', 'xL7JL6J', 'xL11JL7J', 'xL2JL10J', 'xL3JL10J', 'xL7JL1J'}
| +-- , 66 , set() , {'xL8JL1J', 'xL7JL2J', 'xL10JL2J', 'xL13JL4J', 'xL14JL4J', 'xL7JL1J', 'xL11JL4J', 'xL9JL4J', 'xL9JL2J', 'xL6JL2J', 'xL10JL4J', 'xL10JL3J', 'xL12JL4J', 'xL9JL1J', 'xL9JL3J', 'xL8JL2J'}
| +-- , 3 , {5} , {'xL13JL4J', 'xL14JL4J', 'xL6JL10J', 'xL11JL4J', 'xL10JL5J', 'xL12JL4J', 'xL7JL7J', 'xL10JL2J', 'xL4JL10J', 'xL10JL7J', 'xL9JL7J', 'xL10JL6J', 'xL10JL4J', 'xL10JL3J', 'xL8JL7J', 'xL7JL6J', 'xL11JL7J', 'xL2JL10J', 'xL3JL10J', 'xL7JL10J', 'xL5JL10J'}
| | +-- , 5 , {7} , {'xL7JL8J', 'xL13JL4J', 'xL14JL4J', 'xL6JL10J', 'xL11JL4J', 'xL10JL5J', 'xL12JL4J', 'xL7JL7J', 'xL4JL10J', 'xL10JL6J', 'xL9JL7J', 'xL8JL7J', 'xL7JL6J', 'xL11JL7J', 'xL7JL10J', 'xL7JL9J', 'xL5JL10J'}
| | | +-- , 7 , {57, 10} , {'xL14JL6J', 'xL7JL8J', 'xL13JL4J', 'xL14JL4J', 'xL6JL10J', 'xL11JL4J', 'xL9JL6J', 'xL10JL5J', 'xL12JL4J', 'xL4JL10J', 'xL13JL6J', 'xL11JL6J', 'xL10JL6J', 'xL9JL7J', 'xL7JL9J', 'xL8JL7J', 'xL11JL5J', 'xL12JL5J', 'xL11JL7J', 'xL12JL6J', 'xL5JL10J'}
| | | | +-- , 57 , {59} , {'xL13JL4J', 'xL14JL4J', 'xL12JL2J', 'xL12JL3J', 'xL12JL5J', 'xL12JL4J', 'xL12JL6J'}
| | | | | +-- , 59 , {62} , {'xL13JL4J', 'xL14JL4J', 'xL12JL2J', 'xL13JL3J', 'xL12JL3J', 'xL14JL3J', 'xL15JL3J'}
| | | | | | +-- , 62 , {64} , {'xL13JL4J', 'xL14JL4J', 'xL14JL2J', 'xL12JL2J', 'xL13JL2J', 'xL13JL3J', 'xL15JL2J', 'xL14JL3J', 'xL15JL3J'}
| | | | | | | +-- , 64 , set() , {'xL13JL4J', 'xL14JL4J', 'xL14JL2J', 'xL13JL2J', 'xL13JL3J', 'xL13JL1J', 'xL14JL3J', 'xL14JL1J'}
| | | | +-- , 10 , {13} , {'xL14JL6J', 'xL7JL8J', 'xL10JL9J', 'xL6JL10J', 'xL9JL6J', 'xL9JL9J', 'xL11JL9J', 'xL13JL6J', 'xL4JL10J', 'xL8JL9J', 'xL9JL7J', 'xL6JL9J', 'xL8JL7J', 'xL5JL9J', 'xL7JL9J', 'xL5JL10J'}
| | | | | +-- , 13 , {15} , {'xL14JL6J', 'xL7JL8J', 'xL10JL9J', 'xL9JL8J', 'xL6JL10J', 'xL9JL6J', 'xL9JL9J', 'xL11JL9J', 'xL13JL6J', 'xL8JL9J', 'xL4JL10J', 'xL9JL7J', 'xL6JL9J', 'xL8JL8J', 'xL5JL9J', 'xL8JL7J', 'xL5JL10J'}
| | | | | | +-- , 15 , {17} , {'xL14JL6J', 'xL10JL9J', 'xL9JL8J', 'xL6JL10J', 'xL9JL6J', 'xL9JL9J', 'xL11JL9J', 'xL13JL6J', 'xL4JL10J', 'xL9JL7J', 'xL6JL9J', 'xL5JL9J', 'xL9JL10J', 'xL5JL10J'}
| | | | | | | +-- , 17 , {19, 50} , {'xL14JL6J', 'xL10JL10J', 'xL10JL9J', 'xL6JL10J', 'xL11JL10J', 'xL5JL10J', 'xL12JL10J', 'xL11JL9J', 'xL13JL6J', 'xL4JL10J', 'xL6JL9J', 'xL5JL9J', 'xL14JL10J', 'xL9JL10J', 'xL13JL10J'}
| | | | | | | | +-- , 19 , {24} , {'xL10JL10J', 'xL9JL15J', 'xL10JL9J', 'xL6JL10J', 'xL11JL10J', 'xL10JL12J', 'xL14JL12J', 'xL9JL12J', 'xL12JL10J', 'xL12JL12J', 'xL11JL9J', 'xL9JL14J', 'xL4JL10J', 'xL6JL9J', 'xL5JL9J', 'xL9JL13J', 'xL11JL12J', 'xL13JL12J', 'xL5JL10J'}
| | | | | | | | | +-- , 24 , {35, 26} , {'xL10JL10J', 'xL9JL15J', 'xL10JL9J', 'xL6JL10J', 'xL11JL10J', 'xL10JL12J', 'xL14JL12J', 'xL12JL10J', 'xL12JL12J', 'xL11JL9J', 'xL9JL14J', 'xL4JL10J', 'xL6JL9J', 'xL5JL9J', 'xL10JL11J', 'xL9JL13J', 'xL11JL12J', 'xL13JL12J', 'xL5JL10J'}
| | | | | | | | | | +-- , 35 , {37} , {'xL10JL13J', 'xL10JL10J', 'xL9JL15J', 'xL10JL9J', 'xL6JL10J', 'xL10JL12J', 'xL9JL14J', 'xL4JL10J', 'xL6JL9J', 'xL10JL14J', 'xL5JL9J', 'xL10JL11J', 'xL9JL13J', 'xL5JL10J'}
| | | | | | | | | | | +-- , 37 , {39} , {'xL9JL15J', 'xL6JL10J', 'xL6JL14J', 'xL8JL15J', 'xL9JL14J', 'xL4JL10J', 'xL6JL9J', 'xL10JL14J', 'xL5JL9J', 'xL7JL15J', 'xL8JL14J', 'xL7JL14J', 'xL5JL10J'}
| | | | | | | | | | | | +-- , 39 , {41} , {'xL6JL13J', 'xL7JL13J', 'xL6JL10J', 'xL6JL14J', 'xL7JL12J', 'xL6JL11J', 'xL6JL12J', 'xL4JL10J', 'xL6JL9J', 'xL5JL9J', 'xL7JL15J', 'xL7JL14J', 'xL5JL10J'}
| | | | | | | | | | | | | +-- , 41 , {43} , {'xL5JL11J', 'xL4JL12J', 'xL6JL12J', 'xL4JL10J', 'xL5JL12J', 'xL2JL12J', 'xL7JL12J', 'xL3JL12J', 'xL5JL9J', 'xL6JL11J', 'xL4JL11J', 'xL5JL10J'}
| | | | | | | | | | | | | | +-- , 43 , {45} , {'xL4JL12J', 'xL4JL14J', 'xL4JL10J', 'xL2JL12J', 'xL4JL13J', 'xL3JL12J', 'xL4JL11J'}
| | | | | | | | | | | | | | | +-- , 45 , {48} , {'xL4JL14J', 'xL1JL14J', 'xL2JL12J', 'xL4JL13J', 'xL1JL13J', 'xL2JL14J', 'xL3JL14J', 'xL3JL12J', 'xL3JL13J', 'xL2JL13J'}
| | | | | | | | | | | | | | | | +-- , 48 , set() , {'xL2JL12J', 'xL2JL14J', 'xL3JL15J', 'xL3JL14J', 'xL3JL12J', 'xL3JL13J', 'xL2JL13J', 'xL2JL15J'}
| | | | | | | | | | +-- , 26 , {28} , {'xL13JL12J', 'xL11JL11J', 'xL11JL10J', 'xL10JL11J', 'xL14JL12J', 'xL12JL11J', 'xL12JL10J', 'xL11JL12J', 'xL11JL9J', 'xL12JL12J'}
| | | | | | | | | | | +-- , 28 , {30} , {'xL13JL12J', 'xL12JL13J', 'xL14JL12J', 'xL12JL11J', 'xL12JL10J', 'xL12JL12J', 'xL12JL14J'}
| | | | | | | | | | | | +-- , 30 , {33} , {'xL12JL13J', 'xL12JL14J', 'xL14JL15J', 'xL14JL13J', 'xL14JL14J', 'xL13JL13J', 'xL14JL12J', 'xL13JL15J', 'xL13JL12J', 'xL13JL14J'}
| | | | | | | | | | | | | +-- , 33 , set() , {'xL15JL13J', 'xL12JL13J', 'xL12JL14J', 'xL14JL14J', 'xL15JL14J', 'xL13JL13J', 'xL14JL13J', 'xL13JL14J'}
| | | | | | | | +-- , 50 , {53} , {'xL14JL6J', 'xL13JL6J', 'xL15JL7J', 'xL14JL7J', 'xL14JL10J', 'xL13JL7J', 'xL13JL10J'}
| | | | | | | | | +-- , 53 , {55} , {'xL14JL6J', 'xL15JL7J', 'xL13JL9J', 'xL14JL9J', 'xL14JL8J', 'xL14JL7J', 'xL14JL10J', 'xL13JL10J'}
| | | | | | | | | | +-- , 55 , set() , {'xL15JL8J', 'xL15JL7J', 'xL15JL9J', 'xL13JL9J', 'xL14JL9J', 'xL14JL8J'}
| +-- , 68 , {81, 70} , {'xL2JL6J', 'xL5JL7J', 'xL5JL6J', 'xL7JL7J', 'xL7JL2J', 'xL10JL7J', 'xL9JL7J', 'xL6JL6J', 'xL3JL6J', 'xL6JL2J', 'xL8JL7J', 'xL7JL6J', 'xL11JL7J', 'xL2JL10J', 'xL3JL10J', 'xL7JL1J', 'xL6JL7J', 'xL4JL6J'}
| | +-- , 81 , {84} , {'xL3JL9J', 'xL2JL6J', 'xL1JL9J', 'xL2JL9J', 'xL3JL6J', 'xL2JL10J', 'xL3JL10J'}
| | | +-- , 84 , set() , {'xL2JL6J', 'xL1JL7J', 'xL1JL9J', 'xL2JL9J', 'xL3JL7J', 'xL3JL6J', 'xL2JL8J', 'xL2JL10J', 'xL2JL7J', 'xL1JL8J'}
| | +-- , 70 , {72} , {'xL5JL7J', 'xL7JL4J', 'xL4JL3J', 'xL5JL6J', 'xL4JL2J', 'xL7JL3J', 'xL5JL4J', 'xL7JL2J', 'xL5JL5J', 'xL6JL6J', 'xL6JL2J', 'xL6JL3J', 'xL6JL4J', 'xL4JL5J', 'xL7JL1J', 'xL6JL7J', 'xL4JL6J', 'xL6JL5J', 'xL4JL4J'}
| | | +-- , 72 , {74} , {'xL5JL4J', 'xL7JL4J', 'xL3JL4J', 'xL4JL3J', 'xL4JL2J', 'xL2JL4J', 'xL6JL4J', 'xL4JL4J'}
| | | | +-- , 74 , {77} , {'xL3JL4J', 'xL4JL3J', 'xL2JL2J', 'xL2JL4J', 'xL2JL1J', 'xL2JL3J', 'xL4JL2J'}
| | | | | +-- , 77 , {79} , {'xL3JL2J', 'xL3JL4J', 'xL4JL3J', 'xL3JL1J', 'xL2JL2J', 'xL2JL1J', 'xL2JL3J', 'xL3JL3J', 'xL4JL2J'}
| | | | | | +-- , 79 , set() , {'xL3JL2J', 'xL1JL2J', 'xL4JL3J', 'xL4JL2J', 'xL2JL2J', 'xL2JL3J', 'xL3JL3J', 'xL1JL3J'}


Max number of edges with non zero Y: 8
Max number of iterations of outer rounding loop: 3
Max number of candidate sets: 2
Time spent rounding: 10.292
Time spent solving Separator LP: 1.727
Total time spent solving: 16.769

LP Solver: GaifmanBoosted
Lower Bound Witness = ({'xL5JL11J', 'xL10JL10J', 'xL4JL12J', 'xL10JL9J', 'xL15JL13J', 'xL11JL10J', 'xL2JL14J', 'xL10JL12J', 'xL14JL12J', 'xL12JL12J', 'xL6JL11J', 'xL13JL15J', 'xL11JL9J', 'xL9JL14J', 'xL6JL12J', 'xL2JL15J', 'xL4JL10J', 'xL11JL11J', 'xL3JL12J', 'xL10JL14J', 'xL14JL14J', 'xL3JL14J', 'xL3JL13J', 'xL9JL13J', 'xL13JL13J', 'xL8JL14J', 'xL14JL13J', 'xL5JL10J', 'xL10JL13J', 'xL9JL15J', 'xL4JL14J', 'xL13JL12J', 'xL6JL13J', 'xL1JL14J', 'xL5JL12J', 'xL6JL10J', 'xL6JL14J', 'xL1JL13J', 'xL7JL13J', 'xL12JL13J', 'xL7JL12J', 'xL14JL15J', 'xL15JL14J', 'xL8JL15J', 'xL12JL11J', 'xL12JL10J', 'xL4JL11J', 'xL2JL13J', 'xL13JL14J', 'xL12JL14J', 'xL2JL12J', 'xL4JL13J', 'xL6JL9J', 'xL3JL15J', 'xL5JL9J', 'xL10JL11J', 'xL7JL15J', 'xL11JL12J', 'xL7JL14J'}, {'xL13JL12J', 'xL10JL10J', 'xL9JL15J', 'xL10JL9J', 'xL4JL10J', 'xL6JL10J', 'xL11JL10J', 'xL6JL9J', 'xL5JL9J', 'xL10JL12J', 'xL14JL12J', 'xL9JL13J', 'xL9JL14J', 'xL12JL10J', 'xL11JL12J', 'xL11JL9J', 'xL12JL12J', 'xL5JL10J'})