42, 4.0, 6.0, 6
+-- , 0 , {3, 63} , {'xL14JL6J', 'xL2JL6J', 'xL9JL6J', 'xL5JL6J', 'xL7JL7J', 'xL11JL6J', 'xL10JL6J', 'xL9JL7J', 'xL3JL6J', 'xL8JL7J', 'xL7JL6J', 'xL11JL7J', 'xL12JL6J'}
| +-- , 3 , {5} , {'xL14JL6J', 'xL2JL6J', 'xL9JL6J', 'xL7JL7J', 'xL13JL6J', 'xL11JL6J', 'xL10JL6J', 'xL9JL7J', 'xL3JL6J', 'xL8JL7J', 'xL7JL6J', 'xL12JL6J'}
| | +-- , 5 , {7} , {'xL14JL6J', 'xL2JL6J', 'xL9JL6J', 'xL13JL7J', 'xL7JL7J', 'xL13JL6J', 'xL9JL7J', 'xL3JL6J', 'xL8JL7J', 'xL7JL6J'}
| | | +-- , 7 , {9} , {'xL14JL6J', 'xL2JL6J', 'xL9JL6J', 'xL13JL7J', 'xL7JL7J', 'xL15JL7J', 'xL9JL7J', 'xL3JL6J', 'xL8JL7J', 'xL7JL6J', 'xL14JL7J'}
| | | | +-- , 9 , {57, 11} , {'xL14JL6J', 'xL10JL10J', 'xL2JL6J', 'xL11JL10J', 'xL9JL6J', 'xL12JL10J', 'xL7JL7J', 'xL15JL7J', 'xL9JL7J', 'xL3JL6J', 'xL8JL7J', 'xL7JL6J', 'xL14JL7J', 'xL9JL10J'}
| | | | | +-- , 57 , {59} , {'xL14JL6J', 'xL10JL10J', 'xL15JL7J', 'xL11JL10J', 'xL14JL9J', 'xL14JL8J', 'xL14JL7J', 'xL12JL10J', 'xL14JL10J', 'xL9JL10J', 'xL13JL10J'}
| | | | | | +-- , 59 , {61} , {'xL15JL8J', 'xL15JL7J', 'xL15JL9J', 'xL14JL9J', 'xL14JL8J', 'xL13JL10J'}
| | | | | | | +-- , 61 , set() , {'xL14JL9J', 'xL15JL9J', 'xL13JL9J', 'xL13JL10J'}
| | | | | +-- , 11 , {13} , {'xL10JL10J', 'xL9JL8J', 'xL2JL6J', 'xL11JL10J', 'xL9JL6J', 'xL9JL9J', 'xL12JL10J', 'xL7JL7J', 'xL9JL7J', 'xL3JL6J', 'xL8JL7J', 'xL7JL6J', 'xL9JL10J'}
| | | | | | +-- , 13 , {15, 55} , {'xL10JL10J', 'xL7JL8J', 'xL10JL9J', 'xL9JL8J', 'xL2JL6J', 'xL11JL10J', 'xL9JL9J', 'xL12JL10J', 'xL7JL7J', 'xL8JL9J', 'xL3JL6J', 'xL8JL7J', 'xL7JL6J', 'xL7JL10J'}
| | | | | | | +-- , 15 , {17} , {'xL10JL10J', 'xL7JL8J', 'xL10JL9J', 'xL2JL6J', 'xL11JL10J', 'xL9JL9J', 'xL12JL10J', 'xL11JL9J', 'xL7JL7J', 'xL8JL9J', 'xL6JL9J', 'xL3JL6J', 'xL5JL9J', 'xL7JL6J', 'xL7JL10J', 'xL7JL9J'}
| | | | | | | | +-- , 17 , {19, 50} , {'xL10JL10J', 'xL10JL9J', 'xL2JL6J', 'xL6JL10J', 'xL11JL10J', 'xL12JL10J', 'xL11JL9J', 'xL4JL10J', 'xL6JL9J', 'xL3JL6J', 'xL5JL9J', 'xL2JL10J', 'xL3JL10J', 'xL7JL10J', 'xL5JL10J'}
| | | | | | | | | +-- , 19 , {36, 23} , {'xL4JL12J', 'xL10JL10J', 'xL9JL15J', 'xL10JL9J', 'xL5JL12J', 'xL6JL10J', 'xL6JL14J', 'xL11JL10J', 'xL7JL12J', 'xL8JL15J', 'xL12JL10J', 'xL11JL9J', 'xL9JL14J', 'xL6JL12J', 'xL4JL10J', 'xL2JL12J', 'xL6JL9J', 'xL3JL12J', 'xL5JL9J', 'xL7JL14J', 'xL5JL10J'}
| | | | | | | | | | +-- , 36 , {38} , {'xL4JL12J', 'xL9JL15J', 'xL5JL12J', 'xL6JL10J', 'xL6JL14J', 'xL7JL12J', 'xL8JL15J', 'xL6JL12J', 'xL4JL10J', 'xL2JL12J', 'xL6JL9J', 'xL3JL12J', 'xL5JL9J', 'xL7JL15J', 'xL7JL14J', 'xL5JL10J'}
| | | | | | | | | | | +-- , 38 , {40} , {'xL5JL11J', 'xL6JL13J', 'xL4JL12J', 'xL7JL13J', 'xL5JL12J', 'xL6JL10J', 'xL6JL14J', 'xL7JL12J', 'xL6JL11J', 'xL6JL12J', 'xL4JL10J', 'xL2JL12J', 'xL6JL9J', 'xL3JL12J', 'xL5JL9J', 'xL7JL15J', 'xL7JL14J', 'xL5JL10J'}
| | | | | | | | | | | | +-- , 40 , {42} , {'xL5JL11J', 'xL4JL12J', 'xL4JL14J', 'xL4JL10J', 'xL2JL12J', 'xL4JL13J', 'xL3JL12J', 'xL6JL11J', 'xL4JL11J'}
| | | | | | | | | | | | | +-- , 42 , {48, 44} , {'xL4JL14J', 'xL2JL12J', 'xL1JL13J', 'xL4JL13J', 'xL2JL14J', 'xL3JL14J', 'xL3JL12J'}
| | | | | | | | | | | | | | +-- , 48 , set() , {'xL4JL14J', 'xL1JL14J', 'xL1JL13J', 'xL2JL14J', 'xL3JL14J'}
| | | | | | | | | | | | | | +-- , 44 , {46} , {'xL2JL12J', 'xL1JL13J', 'xL4JL13J', 'xL2JL14J', 'xL3JL12J', 'xL3JL14J', 'xL3JL13J', 'xL2JL13J'}
| | | | | | | | | | | | | | | +-- , 46 , set() , {'xL2JL12J', 'xL2JL14J', 'xL3JL15J', 'xL3JL14J', 'xL3JL12J', 'xL3JL13J', 'xL2JL13J', 'xL2JL15J'}
| | | | | | | | | | +-- , 23 , {25} , {'xL10JL10J', 'xL9JL15J', 'xL10JL9J', 'xL6JL14J', 'xL11JL10J', 'xL8JL15J', 'xL12JL10J', 'xL11JL9J', 'xL9JL14J', 'xL10JL14J', 'xL8JL14J', 'xL7JL14J'}
| | | | | | | | | | | +-- , 25 , {27} , {'xL10JL13J', 'xL10JL10J', 'xL9JL15J', 'xL10JL9J', 'xL11JL10J', 'xL10JL12J', 'xL9JL12J', 'xL12JL10J', 'xL11JL9J', 'xL9JL14J', 'xL10JL14J', 'xL10JL11J', 'xL9JL13J'}
| | | | | | | | | | | | +-- , 27 , {29} , {'xL13JL12J', 'xL11JL11J', 'xL11JL10J', 'xL10JL11J', 'xL10JL12J', 'xL14JL12J', 'xL9JL12J', 'xL12JL11J', 'xL12JL10J', 'xL11JL12J', 'xL11JL9J', 'xL12JL12J'}
| | | | | | | | | | | | | +-- , 29 , {31} , {'xL13JL12J', 'xL12JL13J', 'xL14JL12J', 'xL12JL11J', 'xL12JL10J', 'xL12JL12J', 'xL12JL14J'}
| | | | | | | | | | | | | | +-- , 31 , {34} , {'xL15JL13J', 'xL12JL13J', 'xL12JL14J', 'xL14JL13J', 'xL14JL14J', 'xL15JL14J', 'xL14JL12J', 'xL13JL13J', 'xL13JL12J', 'xL13JL14J'}
| | | | | | | | | | | | | | | +-- , 34 , set() , {'xL13JL12J', 'xL14JL15J', 'xL14JL14J', 'xL13JL13J', 'xL14JL12J', 'xL13JL15J', 'xL14JL13J', 'xL13JL14J'}
| | | | | | | | | +-- , 50 , {53} , {'xL2JL6J', 'xL1JL7J', 'xL3JL7J', 'xL3JL6J', 'xL2JL10J', 'xL3JL10J', 'xL2JL7J'}
| | | | | | | | | | +-- , 53 , set() , {'xL3JL9J', 'xL2JL6J', 'xL1JL7J', 'xL1JL9J', 'xL2JL9J', 'xL2JL8J', 'xL2JL10J', 'xL3JL10J', 'xL2JL7J', 'xL1JL8J'}
| | | | | | | +-- , 55 , set() , {'xL7JL8J', 'xL9JL8J', 'xL8JL9J', 'xL8JL8J', 'xL8JL7J'}
| +-- , 63 , {65} , {'xL2JL6J', 'xL5JL7J', 'xL5JL6J', 'xL7JL7J', 'xL11JL6J', 'xL10JL6J', 'xL10JL7J', 'xL6JL6J', 'xL9JL7J', 'xL3JL6J', 'xL8JL7J', 'xL7JL6J', 'xL11JL7J', 'xL6JL7J', 'xL4JL6J', 'xL12JL6J'}
| | +-- , 65 , {69} , {'xL5JL7J', 'xL7JL4J', 'xL3JL4J', 'xL5JL4J', 'xL11JL6J', 'xL10JL7J', 'xL6JL6J', 'xL10JL4J', 'xL2JL4J', 'xL4JL6J', 'xL4JL4J', 'xL12JL6J', 'xL10JL5J', 'xL5JL6J', 'xL10JL2J', 'xL10JL6J', 'xL10JL3J', 'xL11JL7J', 'xL6JL7J', 'xL6JL4J'}
| | | +-- , 69 , {84, 71} , {'xL5JL7J', 'xL14JL4J', 'xL11JL4J', 'xL7JL4J', 'xL3JL4J', 'xL12JL4J', 'xL5JL4J', 'xL11JL6J', 'xL6JL6J', 'xL10JL4J', 'xL2JL4J', 'xL4JL6J', 'xL12JL6J', 'xL4JL4J', 'xL13JL4J', 'xL10JL5J', 'xL5JL6J', 'xL10JL2J', 'xL10JL3J', 'xL11JL7J', 'xL6JL7J', 'xL6JL4J'}
| | | | +-- , 84 , {86} , {'xL13JL4J', 'xL14JL4J', 'xL11JL4J', 'xL12JL2J', 'xL11JL6J', 'xL12JL3J', 'xL10JL5J', 'xL11JL5J', 'xL11JL7J', 'xL12JL5J', 'xL12JL4J', 'xL12JL6J'}
| | | | | +-- , 86 , {89} , {'xL13JL4J', 'xL14JL4J', 'xL12JL2J', 'xL13JL3J', 'xL12JL3J', 'xL14JL3J', 'xL15JL3J'}
| | | | | | +-- , 89 , {91} , {'xL13JL4J', 'xL14JL4J', 'xL14JL2J', 'xL12JL2J', 'xL13JL2J', 'xL13JL3J', 'xL15JL2J', 'xL14JL3J', 'xL15JL3J'}
| | | | | | | +-- , 91 , set() , {'xL13JL4J', 'xL14JL4J', 'xL14JL2J', 'xL13JL2J', 'xL13JL3J', 'xL13JL1J', 'xL14JL3J', 'xL14JL1J'}
| | | | +-- , 71 , {73} , {'xL13JL4J', 'xL5JL7J', 'xL14JL4J', 'xL11JL4J', 'xL7JL4J', 'xL9JL4J', 'xL3JL4J', 'xL5JL6J', 'xL12JL4J', 'xL5JL4J', 'xL10JL2J', 'xL6JL6J', 'xL10JL4J', 'xL10JL3J', 'xL2JL4J', 'xL6JL7J', 'xL4JL6J', 'xL6JL4J', 'xL4JL4J'}
| | | | | +-- , 73 , {75} , {'xL5JL7J', 'xL9JL4J', 'xL7JL4J', 'xL3JL4J', 'xL5JL6J', 'xL9JL1J', 'xL5JL4J', 'xL10JL2J', 'xL6JL6J', 'xL9JL2J', 'xL10JL3J', 'xL2JL4J', 'xL9JL3J', 'xL6JL7J', 'xL4JL6J', 'xL6JL4J', 'xL4JL4J'}
| | | | | | +-- , 75 , {77} , {'xL5JL7J', 'xL7JL4J', 'xL3JL4J', 'xL5JL6J', 'xL9JL1J', 'xL8JL2J', 'xL8JL1J', 'xL5JL4J', 'xL7JL2J', 'xL10JL2J', 'xL6JL6J', 'xL9JL2J', 'xL6JL2J', 'xL2JL4J', 'xL7JL1J', 'xL6JL7J', 'xL4JL6J', 'xL6JL4J', 'xL4JL4J'}
| | | | | | | +-- , 77 , {79} , {'xL5JL7J', 'xL7JL4J', 'xL3JL4J', 'xL4JL3J', 'xL5JL6J', 'xL4JL2J', 'xL7JL3J', 'xL5JL4J', 'xL7JL2J', 'xL5JL5J', 'xL6JL6J', 'xL6JL2J', 'xL6JL3J', 'xL2JL4J', 'xL6JL4J', 'xL4JL5J', 'xL7JL1J', 'xL6JL7J', 'xL4JL6J', 'xL6JL5J', 'xL4JL4J'}
| | | | | | | | +-- , 79 , {82} , {'xL1JL3J', 'xL3JL2J', 'xL1JL2J', 'xL3JL4J', 'xL4JL3J', 'xL2JL3J', 'xL2JL2J', 'xL2JL4J', 'xL3JL3J', 'xL4JL2J'}
| | | | | | | | | +-- , 82 , set() , {'xL3JL2J', 'xL3JL4J', 'xL3JL1J', 'xL2JL2J', 'xL2JL1J', 'xL2JL3J', 'xL2JL4J', 'xL3JL3J'}


Max number of edges with non zero Y: 4
Max number of iterations of outer rounding loop: 0
Max number of candidate sets: 0
Time spent rounding: 0.000
Time spent solving Separator LP: 38.420
Total time spent solving: 41.675

LP Solver: GaifmanNormalILP
Lower Bound Witness = ({'xL4JL12J', 'xL10JL10J', 'xL5JL7J', 'xL11JL4J', 'xL2JL14J', 'xL11JL10J', 'xL7JL4J', 'xL14JL12J', 'xL9JL12J', 'xL9JL1J', 'xL12JL12J', 'xL6JL11J', 'xL1JL8J', 'xL8JL1J', 'xL4JL10J', 'xL15JL7J', 'xL6JL3J', 'xL10JL4J', 'xL10JL14J', 'xL8JL7J', 'xL2JL4J', 'xL2JL10J', 'xL5JL10J', 'xL6JL13J', 'xL3JL2J', 'xL7JL13J', 'xL2JL6J', 'xL1JL13J', 'xL12JL13J', 'xL10JL5J', 'xL2JL3J', 'xL2JL1J', 'xL4JL2J', 'xL1JL2J', 'xL6JL9J', 'xL6JL2J', 'xL14JL9J', 'xL7JL6J', 'xL3JL10J', 'xL9JL10J', 'xL6JL5J', 'xL5JL11J', 'xL3JL4J', 'xL13JL1J', 'xL10JL12J', 'xL12JL4J', 'xL8JL2J', 'xL13JL15J', 'xL11JL9J', 'xL9JL14J', 'xL1JL3J', 'xL7JL3J', 'xL15JL8J', 'xL9JL7J', 'xL8JL8J', 'xL3JL14J', 'xL3JL12J', 'xL14JL3J', 'xL3JL13J', 'xL14JL1J', 'xL14JL10J', 'xL4JL6J', 'xL14JL13J', 'xL4JL4J', 'xL1JL14J', 'xL5JL12J', 'xL13JL2J', 'xL9JL6J', 'xL15JL14J', 'xL8JL15J', 'xL14JL8J', 'xL12JL11J', 'xL5JL6J', 'xL13JL7J', 'xL12JL14J', 'xL7JL7J', 'xL10JL2J', 'xL2JL12J', 'xL10JL11J', 'xL11JL7J', 'xL7JL15J', 'xL7JL10J', 'xL15JL3J', 'xL7JL14J', 'xL3JL3J', 'xL13JL10J', 'xL9JL4J', 'xL13JL9J', 'xL15JL2J', 'xL4JL3J', 'xL2JL15J', 'xL6JL12J', 'xL7JL2J', 'xL13JL6J', 'xL8JL9J', 'xL11JL11J', 'xL11JL6J', 'xL10JL7J', 'xL12JL5J', 'xL13JL13J', 'xL9JL13J', 'xL14JL7J', 'xL7JL1J', 'xL13JL12J', 'xL9JL15J', 'xL4JL14J', 'xL13JL4J', 'xL6JL10J', 'xL3JL7J', 'xL14JL15J', 'xL13JL14J', 'xL5JL5J', 'xL2JL9J', 'xL15JL9J', 'xL9JL2J', 'xL3JL6J', 'xL12JL3J', 'xL5JL9J', 'xL2JL2J', 'xL7JL9J', 'xL2JL13J', 'xL6JL7J', 'xL14JL6J', 'xL3JL9J', 'xL10JL9J', 'xL9JL8J', 'xL14JL4J', 'xL15JL13J', 'xL13JL3J', 'xL3JL1J', 'xL2JL7J', 'xL5JL4J', 'xL14JL2J', 'xL1JL9J', 'xL12JL2J', 'xL6JL6J', 'xL14JL14J', 'xL11JL5J', 'xL2JL8J', 'xL8JL14J', 'xL9JL3J', 'xL12JL6J', 'xL10JL13J', 'xL7JL8J', 'xL1JL7J', 'xL6JL14J', 'xL7JL12J', 'xL9JL9J', 'xL12JL10J', 'xL4JL11J', 'xL10JL6J', 'xL4JL13J', 'xL3JL15J', 'xL10JL3J', 'xL11JL12J', 'xL4JL5J', 'xL6JL4J'}, {'xL5JL4J', 'xL10JL2J', 'xL3JL7J', 'xL14JL10J', 'xL6JL7J'})