16, 0, 9.5, 12
+-- , 0 , {3, 29} , {'4', '46', '64', '19', '11', '12', '23', '26', '21', '37', '36', '52', '60', '20', '28', '43', '24', '62', '13', '68', '1', '45', '3', '61', '5', '34', '33', '38', '27', '54', '6', '7', '22', '59', '29'}
| +-- , 3 , {27, 5} , {'46', '14', '39', '32', '11', '9', '23', '21', '37', '52', '43', '47', '24', '62', '68', '45', '3', '61', '5', '34', '71', '38', '27', '7', '59', '4', '64', '19', '12', '26', '36', '60', '20', '17', '65', '13', '1', '8', '33', '66', '54', '6', '22', '29'}
| | +-- , 27 , set() , {'34', '29', '19', '1', '56', '5', '8'}
| | +-- , 5 , {7} , {'46', '14', '39', '32', '23', '21', '37', '52', '43', '47', '24', '62', '68', '45', '3', '61', '5', '34', '71', '51', '38', '27', '7', '57', '59', '4', '64', '19', '12', '26', '36', '20', '17', '65', '1', '8', '33', '66', '54', '6', '22', '29'}
| | | +-- , 7 , {9} , {'46', '14', '39', '32', '23', '21', '37', '52', '43', '47', '24', '62', '68', '45', '72', '3', '61', '5', '34', '71', '51', '38', '27', '7', '59', '4', '64', '19', '12', '26', '36', '20', '17', '65', '1', '8', '33', '66', '54', '6', '22', '29'}
| | | | +-- , 9 , {23, 25, 11} , {'4', '46', '14', '42', '64', '19', '39', '32', '12', '23', '26', '21', '37', '36', '52', '20', '17', '65', '43', '47', '24', '62', '68', '1', '45', '72', '61', '25', '8', '34', '71', '51', '33', '66', '38', '27', '54', '6', '7', '22', '59', '29'}
| | | | | +-- , 23 , set() , {'71', '51', '66', '14', '46', '47', '42', '62', '24', '39', '40', '26', '21', '32', '59', '29', '65', '70'}
| | | | | +-- , 25 , set() , {'4', '33', '7', '69', '52', '72', '25'}
| | | | | +-- , 11 , {13, 15, 17, 19, 21} , {'4', '46', '14', '42', '64', '19', '39', '41', '12', '35', '23', '26', '21', '37', '36', '0', '20', '17', '65', '43', '47', '62', '68', '1', '10', '45', '72', '61', '25', '8', '34', '71', '51', '33', '66', '38', '27', '54', '7', '22', '59', '29'}
| | | | | | +-- , 13 , set() , {'4', '43', '51', '33', '38', '27', '62', '64', '35', '67', '22', '37', '36', '0', '1', '61', '63', '17'}
| | | | | | +-- , 15 , set() , {'38', '35', '30', '39', '68', '26', '19'}
| | | | | | +-- , 17 , set() , {'15', '51', '66', '46', '47', '42', '35', '41', '48', '68', '21', '37', '36', '0', '29', '61', '65', '8'}
| | | | | | +-- , 19 , set() , {'2', '27', '0', '12', '72', '8'}
| | | | | | +-- , 21 , set() , {'45', '4', '43', '51', '14', '54', '47', '58', '7', '39', '53', '41', '26', '36', '0', '12', '8'}
| +-- , 29 , {31} , {'4', '46', '64', '19', '11', '12', '49', '23', '26', '21', '37', '36', '52', '60', '20', '28', '43', '24', '62', '13', '31', '18', '68', '1', '45', '3', '61', '5', '33', '38', '27', '54', '6', '7', '44', '22', '16', '59', '29'}
| | +-- , 31 , set() , {'54', '13', '31', '49', '44', '26', '21', '50', '36', '59'}


Max number of edges with non zero Y: 19
Max number of iterations of outer rounding loop: 7
Max number of candidate sets: 2
Time spent rounding: 7.280
Time spent solving Separator LP: 0.015
Total time spent solving: 8.842

LP Solver: gammaPlusFractionalCoverHeuristic
Lower Bound Witness = ({'15', '4', '46', '14', '58', '42', '64', '19', '39', '53', '41', '48', '32', '11', '12', '56', '9', '49', '35', '23', '26', '21', '37', '36', '52', '0', '60', '20', '17', '65', '28', '43', '47', '24', '62', '13', '31', '18', '68', '1', '67', '69', '10', '45', '72', '3', '61', '63', '25', '34', '8', '5', '71', '51', '33', '66', '2', '27', '38', '6', '7', '44', '54', '57', '30', '40', '22', '16', '50', '59', '29', '70'}, {'44', '22', '10', '59', '29'})