261, 7.676068871010133, 38.0, 38
+-- , 0 , {320, 386, 451, 515, 517, 5, 519, 382, 523, 511, 461, 525, 346, 475, 352, 354, 485, 376, 487, 364, 505, 370, 499, 374, 378, 447} , {'v13_D_5C', 'v7', 'v10', 'I326', 'C108DE', 'I486', 'v0E', 'C104D', 'I497', 'CLR', 'C139D', 'I227', 'I457', 'I339', 'C109D', 'I40', 'C217D', 'v11', 'I186', 'v13_D_5', 'I209', 'I142', 'I378', 'I78', 'I82', 'I96', 'I156', 'I38', 'I117', 'C191DE', 'I59', 'C30DE', 'I242', 'I64', 'Av13_D_4B', 'v5E', 'C91D', 'I202', 'I169', 'I63', 'C220D', 'v6E', 'I338', 'I610', 'I177', 'v8', 'C130D', 'I58', 'I386', 'C181D', 'I98', 'I95', 'I145', 'C194DE', 'I390', 'I62', 'v10E', 'I109', 'C131DE', 'I210', 'I66', 'II142', 'I491', 'C220DE', 'v9', 'C208DE', 'v2E', 'C49DE', 'C128D', 'v9E', 'C166DE', 'I113', 'I116', 'II114', 'I60', 'I158', 'I460', 'C102D', 'I39', 'C89D', 'C144DE', 'C157DE', 'C127D', 'II101', 'C118DE', 'C123D', 'I97', 'C99D', 'v11E', 'I111', 'C129DE', 'v12E', 'C90DE', 'I208', 'C129D', 'I463', 'v2', 'I350', 'I41', 'C179D', 'C83DE', 'v6', 'v12', 'v0', 'v8E', 'C38D', 'I65', 'v7E', 'C124DE', 'C202D', 'I164', 'C165DE', 'Av13_D_2B'}
| +-- , 320 , {322} , {'v7', 'v10', 'I326', 'v10E', 'v11E', 'C129DE', 'v12E', 'C90DE', 'v9', 'C83DE', 'v0', 'I325', 'v8E', 'v9E', 'v7E', 'v8', 'C144DE', 'C157DE', 'C175D', 'v11'}
| | +-- , 322 , {324} , {'v7', 'v10', 'I188', 'v10E', 'v11E', 'C129DE', 'v12E', 'C83DE', 'v9', 'v0', 'v8E', 'v9E', 'v7E', 'v8', 'C144DE', 'C157DE', 'C175D', 'v11'}
| | | +-- , 324 , {326} , {'v7', 'v10', 'I188', 'v10E', 'v11E', 'C129DE', 'v12E', 'I302', 'C83DE', 'v9', 'v0', 'v8E', 'v9E', 'v7E', 'v8', 'C144DE', 'C157DE', 'v11'}
| | | | +-- , 326 , {328, 342} , {'v7', 'v10', 'C173D', 'v11', 'I188', 'v10E', 'C129DE', 'v12E', 'I302', 'C83DE', 'v9', 'v0', 'v8E', 'v9E', 'v7E', 'v8', 'C144DE', 'I303'}
| | | | | +-- , 328 , {330} , {'v7', 'v10', 'C173D', 'I188', 'C129DE', 'v12E', 'v9', 'v8E', 'I180', 'v7E', 'v9E', 'v8', 'C144DE'}
| | | | | | +-- , 330 , {332} , {'v7', 'v10', 'I188', 'C129DE', 'v12E', 'v9', 'v8E', 'I189', 'C176D', 'I180', 'I179', 'v7E', 'C174D', 'v8', 'C144DE'}
| | | | | | | +-- , 332 , {334} , {'I76', 'v8E', 'C176D', 'I49', 'v7E', 'C129DE', 'v8', 'C174D', 'C144DE'}
| | | | | | | | +-- , 334 , {336, 340} , {'C129DE', 'I76', 'v8E', 'I48', 'C144DE', 'I49', 'Av13_D_12B'}
| | | | | | | | | +-- , 336 , {338} , {'I686', 'Av13_D_12B'}
| | | | | | | | | | +-- , 338 , set() , {'I686', 'v13_D_12'}
| | | | | | | | | +-- , 340 , set() , {'C177D', 'v8E', 'I76', 'I75', 'C129DE', 'I48', 'C144DE'}
| | | | | +-- , 342 , {344} , {'v0', 'v11', 'v10E', 'C172D', 'v12E', 'C83DE', 'I303'}
| | | | | | +-- , 344 , set() , {'v0', 'C83DE', 'v10E', 'C172D', 'I478', 'I479', 'v11'}
| +-- , 386 , {388, 441, 445, 396} , {'v7', 'v10', 'C218D', 'v10E', 'C118D', 'II142', 'v9', 'v2E', 'Av13_D_14B', 'v9E', 'I80', 'C144DE', 'v11', 'C118DE', 'I209', 'C123D', 'I378', 'I78', 'I79', 'v11E', 'v12E', 'C191DE', 'C67D', 'I59', 'I350', 'C30DE', 'v12', 'v0', 'v5E', 'v8E', 'v7E', 'v8', 'C124DE'}
| | +-- , 388 , {390} , {'v8E', 'v10E', 'I79', 'v9E', 'C124DE', 'v8', 'II142', 'C144DE', 'C170D'}
| | | +-- , 390 , {392} , {'v8E', 'v10E', 'I141', 'v8', 'Av13_D_11B', 'I140', 'II142', 'C144DE', 'C170D'}
| | | | +-- , 392 , {394} , {'I689', 'Av13_D_11B'}
| | | | | +-- , 394 , set() , {'v13_D_11', 'I689'}
| | +-- , 441 , {443} , {'Av13_D_14B', 'I680'}
| | | +-- , 443 , set() , {'v13_D_14', 'I680'}
| | +-- , 445 , set() , {'I209', 'I349', 'v11E', 'C119D', 'C118D', 'v8', 'I350'}
| | +-- , 396 , {398, 437} , {'v7', 'v10', 'C218D', 'v10E', 'C118D', 'C192D', 'v9', 'v2E', 'v9E', 'I80', 'C144DE', 'v11', 'C123D', 'I161', 'v11E', 'v12E', 'C191DE', 'C67D', 'C30DE', 'v12', 'v0', 'v8E', 'v7E', 'v8', 'C124DE', 'I160'}
| | | +-- , 398 , {400} , {'v7', 'v10', 'C218D', 'C118D', 'v9', 'v2E', 'v9E', 'v11', 'C123D', 'v11E', 'v12E', 'C30DE', 'v12', 'v0', 'v8E', 'I120', 'v7E', 'v8', 'C124DE', 'I160'}
| | | | +-- , 400 , {433, 403} , {'v7', 'v10', 'C218D', 'C118D', 'I119', 'I239', 'v9', 'v2E', 'I555', 'C65D', 'v9E', 'v11', 'v11E', 'v12E', 'C30DE', 'v12', 'v0', 'v8E', 'Av13_D_6B', 'I120', 'v7E', 'v8', 'C124DE', 'I160'}
| | | | | +-- , 433 , {435} , {'Av13_D_6B', 'I704'}
| | | | | | +-- , 435 , set() , {'v13_D_6', 'I704'}
| | | | | +-- , 403 , {409, 405} , {'v7', 'v10', 'v11', 'I199', 'C218D', 'C118D', 'v11E', 'v12E', 'I119', 'I239', 'C30DE', 'v9', 'v12', 'v2E', 'v8E', 'I555', 'C65D', 'v9E', 'v7E', 'v8', 'C124DE', 'C126D', 'I200'}
| | | | | | +-- , 409 , {427, 411} , {'I200', 'v7', 'v10', 'C218D', 'I240', 'v12E', 'I239', 'C30DE', 'v9', 'v12', 'C124D', 'v2E', 'v8E', 'I555', 'v9E', 'v7E', 'v8', 'C124DE', 'C126D', 'v11'}
| | | | | | | +-- , 427 , {429} , {'v12', 'C124D', 'I336', 'C218D', 'v9E', 'I240', 'v12E', 'C125D'}
| | | | | | | | +-- , 429 , {431} , {'v12E', 'I336', 'C125D', 'C218D', 'I335'}
| | | | | | | | | +-- , 431 , set() , {'C218D', 'v12E', 'C218DE', 'I335'}
| | | | | | | +-- , 411 , {413} , {'v7', 'v10', 'v12E', 'C30DE', 'v9', 'I554', 'C151D', 'C124D', 'v8E', 'v2E', 'I555', 'v9E', 'v7E', 'v8'}
| | | | | | | | +-- , 413 , {415} , {'v7', 'v10', 'v12E', 'C30DE', 'v9', 'C151D', 'C124D', 'v8E', 'I134', 'I352', 'v7E', 'v8'}
| | | | | | | | | +-- , 415 , {417, 421} , {'I133', 'v7', 'v8E', 'I134', 'I205', 'I352', 'v12E', 'C153D', 'C30DE', 'v9'}
| | | | | | | | | | +-- , 417 , {419} , {'I133', 'v7', 'C152D', 'I205', 'I352', 'v9', 'I294'}
| | | | | | | | | | | +-- , 419 , set() , {'v7', 'C152D', 'I205', 'C150D', 'I206', 'I294'}
| | | | | | | | | | +-- , 421 , {423} , {'v12E', 'C153D', 'Av13_D_9B'}
| | | | | | | | | | | +-- , 423 , {425} , {'Av13_D_9B', 'I695'}
| | | | | | | | | | | | +-- , 425 , set() , {'v13_D_9', 'I695'}
| | | | | | +-- , 405 , {407} , {'I199', 'v10', 'C63D', 'v11E', 'C118D', 'v9E', 'I318', 'v11'}
| | | | | | | +-- , 407 , set() , {'v10', 'C63D', 'I317', 'v11E', 'I318'}
| | | +-- , 437 , {439} , {'v10E', 'I161', 'C191D', 'v8', 'C191DE', 'C192D', 'C144DE', 'v9', 'v11'}
| | | | +-- , 439 , set() , {'C191D', 'I354', 'v8', 'C192D', 'v11'}
| +-- , 451 , {453} , {'v12', 'v7', 'v8E', 'C49DE', 'v10E', 'C220DE', 'v7E', 'I460', 'I266', 'v9'}
| | +-- , 453 , {457, 455} , {'v12', 'v8E', 'v10E', 'Av13_D_22B', 'v7E', 'I460', 'I266', 'v9', 'I267'}
| | | +-- , 457 , {459} , {'Av13_D_22B', 'I656'}
| | | | +-- , 459 , set() , {'v13_D_22', 'I656'}
| | | +-- , 455 , set() , {'v12', 'v8E', 'v10E', 'v7E', 'C214D', 'I461', 'I460', 'v9', 'I267'}
| +-- , 515 , set() , {'v10E', 'I372', 'I371', 'v12E', 'C90DE', 'C130D', 'C129D'}
| +-- , 517 , set() , {'I468', 'v2E', 'C83DE', 'v12E', 'I113', 'C191DE', 'C93D', 'v9'}
| +-- , 5 , {7} , {'v10', 'C108DE', 'v0E', 'C104D', 'CLR', 'C139D', 'I40', 'I186', 'v13_D_5', 'I378', 'I82', 'I117', 'C191DE', 'v6E', 'C187D', 'I386', 'I145', 'v10E', 'C131DE', 'C88D', 'I210', 'I491', 'C220DE', 'v2E', 'C49DE', 'II114', 'I116', 'I60', 'C157DE', 'C208D', 'I97', 'v12E', 'C90DE', 'C129D', 'I350', 'v12', 'v0', 'v8E', 'C38D', 'I65', 'v7E', 'I513', 'C165DE', 'v7', 'I486', 'I332', 'I457', 'C109D', 'v11', 'I142', 'I156', 'C30DE', 'I108', 'v5E', 'I202', 'I177', 'v8', 'I58', 'C181D', 'I333', 'C194DE', 'C169D', 'I390', 'I66', 'II142', 'v9', 'C208DE', 'C128D', 'C92D', 'v9E', 'C166DE', 'I158', 'C144DE', 'C127D', 'C117D', 'C118DE', 'v11E', 'I111', 'C129DE', 'v2', 'C83DE', 'v6', 'C124DE', 'C202D', 'I164', 'I109'}
| | +-- , 7 , {290, 9, 272, 308, 278, 316} , {'v7', 'v10', 'C108DE', 'I486', 'v0E', 'C104D', 'C138DE', 'CLR', 'I332', 'I368', 'I506', 'I293', 'I457', 'C109D', 'C138D', 'v11', 'I186', 'v13_D_5', 'I378', 'I156', 'I82', 'I117', 'C191DE', 'C30DE', 'v5E', 'I202', 'v6E', 'I177', 'v8', 'I514', 'C187D', 'I505', 'I58', 'I297', 'I386', 'I145', 'C194DE', 'C169D', 'I390', 'v10E', 'C131DE', 'C88D', 'I210', 'I66', 'I491', 'C220DE', 'v9', 'C209D', 'C200D', 'v2E', 'C49DE', 'C128D', 'C92D', 'v9E', 'C166DE', 'II114', 'I116', 'I60', 'I158', 'I230', 'C144DE', 'C157DE', 'C127D', 'C208D', 'C117D', 'C118DE', 'v11E', 'I111', 'C129DE', 'v12E', 'C90DE', 'C129D', 'v2', 'C83DE', 'v6', 'v12', 'v0', 'v8E', 'C38D', 'I65', 'v7E', 'C124DE', 'C202D', 'C165DE', 'I164', 'I513'}
| | | +-- , 290 , {292, 296, 302} , {'v7', 'v10', 'I390', 'I378', 'I82', 'v10E', 'v11E', 'I377', 'I145', 'v12E', 'C90DE', 'I84', 'C138DE', 'v9', 'v5E', 'v2E', 'v8E', 'Av13_D_24B', 'v9E', 'I83', 'v7E', 'v8', 'C157DE', 'v11'}
| | | | +-- , 292 , {294} , {'I650', 'Av13_D_24B'}
| | | | | +-- , 294 , set() , {'I650', 'v13_D_24'}
| | | | +-- , 296 , {298} , {'C224D', 'v10E', 'v11E', 'I417', 'v12E', 'I84', 'C138DE', 'I284', 'v5E', 'v8E', 'C223D', 'I146', 'v9E', 'v7E', 'C157DE', 'I145'}
| | | | | +-- , 298 , {300} , {'v10E', 'C223D', 'I417', 'I285', 'C138DE', 'I284'}
| | | | | | +-- , 300 , set() , {'C222D', 'v10E', 'I417', 'I285', 'C138DE'}
| | | | +-- , 302 , {304} , {'v7', 'v10', 'I390', 'I378', 'I377', 'v12E', 'v9', 'C225D', 'v2E', 'I83', 'v8', 'v11'}
| | | | | +-- , 304 , {306} , {'v7', 'v10', 'I390', 'I378', 'C219D', 'I377', 'v12E', 'v9', 'C225D', 'v2E', 'I236', 'I237', 'v8'}
| | | | | | +-- , 306 , set() , {'v7', 'v10', 'I390', 'I237', 'v12E', 'v8', 'I389', 'C221D', 'v9'}
| | | +-- , 9 , {11, 270} , {'v7', 'v10', 'C108DE', 'I486', 'v0E', 'C104D', 'C36D', 'CLR', 'C138DE', 'I293', 'I457', 'C138D', 'v11', 'I186', 'v13_D_5', 'I156', 'I117', 'C30DE', 'I406', 'I405', 'v5E', 'I202', 'v6E', 'I177', 'v8', 'C187D', 'I58', 'v4', 'I386', 'C194DE', 'C169D', 'v10E', 'C131DE', 'C88D', 'I210', 'I66', 'I491', 'v9', 'C220DE', 'C209D', 'v2E', 'C128D', 'C49DE', 'v9E', 'C166DE', 'II114', 'I60', 'I116', 'I158', 'C144DE', 'C127D', 'C157DE', 'I230', 'C208D', 'C117D', 'C118DE', 'v11E', 'I111', 'C129DE', 'v12E', 'C90DE', 'C129D', 'v2', 'C83DE', 'v6', 'v12', 'v0', 'v8E', 'C38D', 'I65', 'v7E', 'C124DE', 'C202D', 'I55', 'C165DE'}
| | | | +-- , 11 , {258, 266, 13} , {'v7', 'v10', 'C108DE', 'I486', 'v0E', 'I259', 'C104D', 'C36D', 'I498', 'C138DE', 'CLR', 'I69', 'I229', 'I293', 'I457', 'C138D', 'v11', 'I186', 'v13_D_5', 'I156', 'II497', 'I117', 'C188D', 'C30DE', 'I406', 'v5E', 'I202', 'v6E', 'I177', 'v8', 'I58', 'v4', 'I260', 'I386', 'C194DE', 'C169D', 'v10E', 'C131DE', 'C88D', 'I210', 'I66', 'I491', 'C220DE', 'v9', 'C209D', 'v2E', 'C49DE', 'v9E', 'C166DE', 'II114', 'I116', 'I60', 'I158', 'I230', 'C144DE', 'C157DE', 'C127D', 'C117D', 'C118DE', 'v11E', 'I54', 'I111', 'C129DE', 'v12E', 'C90DE', 'C129D', 'v2', 'C83DE', 'v6', 'v12', 'C117DE', 'v0', 'v8E', 'C38D', 'I65', 'v7E', 'C124DE', 'C202D', 'I55', 'C165DE', 'C110D'}
| | | | | +-- , 258 , {260} , {'v10', 'v10E', 'v11E', 'I54', 'C138DE', 'v9', 'v8E', 'C49DE', 'I65', 'v9E', 'C186D'}
| | | | | | +-- , 260 , {262} , {'v10', 'v8E', 'C49DE', 'v10E', 'v11E', 'I65', 'C185D', 'I245', 'C186D', 'C138DE', 'v9'}
| | | | | | | +-- , 262 , {264} , {'v10', 'v10E', 'v11E', 'I492', 'C185D', 'C138DE'}
| | | | | | | | +-- , 264 , set() , {'v10E', 'I492', 'C185D', 'C138DE', 'II491'}
| | | | | +-- , 266 , {268} , {'C117DE', 'v8E', 'C137D', 'I177', 'C127D', 'v11'}
| | | | | | +-- , 268 , set() , {'C117DE', 'C137D', 'I489', 'v8E', 'v11'}
| | | | | +-- , 13 , {226, 234, 236, 15, 242, 244, 186, 252} , {'v7', 'v10', 'I46', 'C108DE', 'I486', 'C78D', 'v0E', 'C104D', 'C36D', 'I173', 'CLR', 'C138DE', 'I69', 'v3E', 'I293', 'I457', 'C138D', 'v11', 'v13_D_5', 'I156', 'I117', 'I174', 'C188D', 'C30DE', 'v5E', 'I175', 'I202', 'v6E', 'v8', 'I58', 'v4', 'I386', 'I260', 'I68', 'C169D', 'v10E', 'C131DE', 'I210', 'C199D', 'I548', 'I66', 'I491', 'v9', 'C220DE', 'v2E', 'C49DE', 'v9E', 'C166DE', 'II114', 'I60', 'I116', 'I158', 'C207D', 'C144DE', 'C157DE', 'C118DE', 'v11E', 'I111', 'C129DE', 'v12E', 'C90DE', 'C129D', 'v2', 'C83DE', 'v6', 'I495', 'v12', 'C117DE', 'v0', 'v8E', 'C38D', 'v7E', 'C124DE', 'C165DE', 'C110D'}
| | | | | | +-- , 226 , {228} , {'I32', 'v8E', 'C108DE', 'v7E', 'C124DE', 'C207D', 'v2', 'I642', 'C83DE'}
| | | | | | | +-- , 228 , {230} , {'I31', 'I32', 'C108DE', 'Av13_D_17B', 'I642', 'C83DE'}
| | | | | | | | +-- , 230 , {232} , {'I671', 'Av13_D_17B'}
| | | | | | | | | +-- , 232 , set() , {'v13_D_17', 'I671'}
| | | | | | +-- , 234 , set() , {'v12', 'I452', 'I453', 'C78D', 'v10E', 'v12E', 'C220DE'}
| | | | | | +-- , 236 , {238} , {'C144D', 'v10E', 'v11E', 'I111', 'I210', 'C98D', 'v9', 'v12', 'I444', 'v8E', 'I175', 'v3E', 'v9E', 'C144DE'}
| | | | | | | +-- , 238 , {240} , {'C120D', 'v8E', 'C144D', 'v10E', 'I210', 'v9'}
| | | | | | | | +-- , 240 , set() , {'C120D', 'I425', 'v8E', 'C144D', 'v10E'}
| | | | | | +-- , 15 , {17} , {'v7', 'v10', 'I46', 'C108DE', 'I486', 'v0E', 'C104D', 'C36D', 'I173', 'CLR', 'C138DE', 'C146D', 'v3E', 'I293', 'I457', 'C138D', 'v11', 'C74D', 'v13_D_5', 'I156', 'I117', 'C188D', 'C30DE', 'v5E', 'I202', 'v6E', 'v8', 'v4', 'I386', 'I68', 'v10E', 'C199D', 'I66', 'v9', 'C220DE', 'v2E', 'C49DE', 'v9E', 'II114', 'I60', 'I116', 'I494', 'I158', 'C144DE', 'C157DE', 'C206D', 'C60D', 'C118DE', 'v11E', 'C129DE', 'v12E', 'C90DE', 'C129D', 'v2', 'C83DE', 'v6', 'I495', 'v12', 'C117DE', 'v0', 'v8E', 'C38D', 'I423', 'v7E', 'C124DE', 'C165DE'}
| | | | | | | +-- , 17 , {19} , {'v7', 'v10', 'I46', 'C108DE', 'I486', 'v0E', 'C104D', 'C36D', 'CLR', 'C138DE', 'C146D', 'v3E', 'I293', 'I457', 'C138D', 'v11', 'C74D', 'v13_D_5', 'I156', 'I117', 'C188D', 'C30DE', 'v5E', 'I202', 'v6E', 'v8', 'I191', 'v4', 'I386', 'v10E', 'C199D', 'I66', 'v9', 'C220DE', 'v2E', 'C49DE', 'v9E', 'II114', 'I116', 'I158', 'C144DE', 'C157DE', 'C206D', 'C60D', 'C118DE', 'v11E', 'C129DE', 'v12E', 'C90DE', 'C129D', 'v2', 'C83DE', 'v6', 'v12', 'C117DE', 'v0', 'v8E', 'C38D', 'I423', 'v7E', 'C124DE', 'C165DE'}
| | | | | | | | +-- , 19 , {180, 21, 182} , {'v7', 'v10', 'I46', 'C108DE', 'I486', 'v0E', 'v10E', 'C104D', 'C36D', 'C199D', 'C83D', 'CLR', 'C138DE', 'I66', 'C146D', 'v9', 'C220DE', 'v2E', 'C49DE', 'v3E', 'v9E', 'II114', 'I293', 'I457', 'I116', 'I158', 'C144DE', 'C138D', 'C157DE', 'v11', 'C206D', 'C60D', 'C74D', 'v13_D_5', 'C118DE', 'I156', 'v11E', 'I117', 'C129DE', 'v12E', 'C90DE', 'C188D', 'C129D', 'v2', 'C30DE', 'C83DE', 'v6', 'I130', 'v12', 'v5E', 'v0', 'v8E', 'I202', 'v6E', 'C38D', 'I423', 'v7E', 'v8', 'I191', 'C124DE', 'v4', 'I386', 'C165DE'}
| | | | | | | | | +-- , 180 , set() , {'v5E', 'v4', 'C83D', 'v4E'}
| | | | | | | | | +-- , 21 , {23} , {'v7', 'I399', 'I46', 'C108DE', 'v10', 'I486', 'v0E', 'C104D', 'C36D', 'CLR', 'C138DE', 'C146D', 'I166', 'v3E', 'I293', 'I457', 'I167', 'C138D', 'v11', 'I192', 'C74D', 'v13_D_5', 'I156', 'I117', 'C188D', 'C30DE', 'I202', 'v6E', 'v8', 'I191', 'I386', 'v10E', 'C199D', 'I66', 'I542', 'v9', 'I28', 'C220DE', 'v2E', 'C49DE', 'v9E', 'II114', 'I116', 'I131', 'C144DE', 'C157DE', 'C206D', 'C118DE', 'v11E', 'C129DE', 'v12E', 'C90DE', 'C129D', 'v2', 'C83DE', 'v6', 'I129', 'I130', 'v12', 'v0', 'v8E', 'C38D', 'I423', 'I398', 'v7E', 'C124DE', 'C165DE'}
| | | | | | | | | | +-- , 23 , {25} , {'v7', 'I399', 'I46', 'C108DE', 'v10', 'I486', 'v0E', 'C104D', 'C36D', 'CLR', 'C138DE', 'I166', 'v3E', 'I293', 'I457', 'C138D', 'v11', 'I192', 'v13_D_5', 'I156', 'I117', 'C30DE', 'I202', 'v6E', 'v8', 'I386', 'v10E', 'I66', 'I542', 'v9', 'I28', 'C220DE', 'C97D', 'v2E', 'C49DE', 'v9E', 'II114', 'I116', 'C144DE', 'C205D', 'v11E', 'C129DE', 'v12E', 'C90DE', 'v2', 'C83DE', 'v6', 'I129', 'v12', 'v0', 'v8E', 'C38D', 'I423', 'v7E', 'C124DE', 'C165DE'}
| | | | | | | | | | | +-- , 25 , {176, 178, 27} , {'v7', 'I399', 'I46', 'C108DE', 'v10', 'I486', 'v0E', 'v10E', 'C104D', 'C36D', 'Av13_D_5B', 'CLR', 'C138DE', 'I66', 'I542', 'v9', 'I28', 'C220DE', 'C97D', 'v2E', 'C49DE', 'v3E', 'I45', 'v9E', 'I44', 'I293', 'I457', 'I116', 'C144DE', 'C205D', 'C138D', 'v11', 'I192', 'I43', 'v13_D_5', 'I156', 'v11E', 'I117', 'C129DE', 'v12E', 'C90DE', 'v2', 'C30DE', 'C83DE', 'v6', 'I129', 'v12', 'v0', 'v8E', 'I202', 'C44D', 'v6E', 'C38D', 'I423', 'v7E', 'v8', 'C124DE', 'I386', 'C165DE'}
| | | | | | | | | | | | +-- , 176 , set() , {'I473', 'C44D', 'v0E', 'C124DE', 'C30DE'}
| | | | | | | | | | | | +-- , 178 , set() , {'Av13_D_5B', 'I707', 'v13_D_5'}
| | | | | | | | | | | | +-- , 27 , {170, 30} , {'v7', 'I399', 'C108DE', 'v10', 'I486', 'v0E', 'I88', 'C104D', 'C36D', 'I218', 'CLR', 'C138DE', 'I373', 'v3E', 'I44', 'I293', 'I457', 'C138D', 'v11', 'I156', 'I117', 'C30DE', 'C43D', 'I202', 'v6E', 'v8', 'I386', 'v10E', 'I66', 'I542', 'v9', 'I28', 'C220DE', 'v13_D_1C', 'C97D', 'v2E', 'C49DE', 'I45', 'v9E', 'I116', 'C144DE', 'C205D', 'v11E', 'C129DE', 'v12E', 'C90DE', 'C100D', 'v13_D_1', 'v2', 'C83DE', 'v6', 'I129', 'C80D', 'v12', 'v0', 'v8E', 'C44D', 'C38D', 'I423', 'v7E', 'C124DE', 'C141D', 'C165DE'}
| | | | | | | | | | | | | +-- , 170 , {172} , {'v10', 'v11E', 'I117', 'v12E', 'I203', 'v9', 'C35D', 'v8E', 'I202', 'v6E', 'C141D', 'v11'}
| | | | | | | | | | | | | | +-- , 172 , {174} , {'C34D', 'v10', 'v6E', 'v11E', 'v12E', 'C141D', 'I203', 'v9', 'v11'}
| | | | | | | | | | | | | | | +-- , 174 , set() , {'C34D', 'v10', 'I320', 'v6E', 'C33D', 'v11E', 'v12E', 'I321', 'C141D', 'v11'}
| | | | | | | | | | | | | +-- , 30 , {160, 32, 158} , {'v7', 'v10', 'C108DE', 'I486', 'v0E', 'I88', 'C104D', 'C36D', 'I218', 'CLR', 'C138DE', 'I373', 'v3E', 'I429', 'I44', 'I293', 'I457', 'C138D', 'v11', 'C30DE', 'C43D', 'I220', 'v6E', 'v8', 'I386', 'v10E', 'I542', 'v9', 'I28', 'C220DE', 'v2E', 'C49DE', 'I45', 'v9E', 'I116', 'I219', 'C144DE', 'C205D', 'v11E', 'C129DE', 'v12E', 'C90DE', 'C100D', 'v13_D_1', 'v2', 'C83DE', 'v6', 'I129', 'C80D', 'v12', 'v0', 'v8E', 'C38D', 'I423', 'v7E', 'C124DE', 'I430', 'C52D', 'C141D', 'C165DE'}
| | | | | | | | | | | | | | +-- , 160 , {162} , {'v12', 'C51D', 'v10', 'I220', 'v10E', 'v3E', 'v6E', 'v11E', 'v11'}
| | | | | | | | | | | | | | | +-- , 162 , {164} , {'C51D', 'v10', 'v3E', 'v10E', 'v6E', 'v11E', 'I520', 'v11'}
| | | | | | | | | | | | | | | | +-- , 164 , {166} , {'C51D', 'v10', 'v11', 'v10E', 'v11E', 'I520', 'C50D'}
| | | | | | | | | | | | | | | | | +-- , 166 , {168} , {'C51D', 'v10', 'I356', 'v10E', 'v11E', 'C50D'}
| | | | | | | | | | | | | | | | | | +-- , 168 , set() , {'C51D', 'v10', 'I356', 'v11E', 'I357'}
| | | | | | | | | | | | | | +-- , 32 , {152, 34} , {'v7', 'v10', 'C108DE', 'I486', 'v0E', 'I88', 'C104D', 'C36D', 'v10E', 'CLR', 'C138DE', 'I542', 'v9', 'I28', 'C220DE', 'v2E', 'I373', 'C49DE', 'v3E', 'I45', 'v9E', 'I44', 'I293', 'I457', 'I116', 'C144DE', 'C205D', 'C138D', 'v1E', 'v11', 'I250', 'I153', 'v11E', 'C129DE', 'v12E', 'C90DE', 'v13_D_1', 'v2', 'C30DE', 'C83DE', 'v6', 'I129', 'C80D', 'C43D', 'v12', 'v0', 'v8E', 'v6E', 'C38D', 'I423', 'v7E', 'v8', 'C124DE', 'I430', 'C52D', 'C141D', 'I386', 'I251', 'C165DE'}
| | | | | | | | | | | | | | | +-- , 152 , {154} , {'C37D', 'C36D', 'v11E', 'v12E', 'I282', 'C138DE', 'v9', 'v6', 'v12', 'v8E', 'v3E', 'I116', 'v1E', 'I414'}
| | | | | | | | | | | | | | | | +-- , 154 , {156} , {'v8E', 'C37D', 'v3E', 'I415', 'I280', 'v11E', 'I281', 'v12E', 'I282', 'I466', 'v1E', 'C138DE', 'C26D', 'I414'}
| | | | | | | | | | | | | | | | | +-- , 156 , set() , {'C29D', 'v3E', 'I281', 'I466', 'C138DE'}
| | | | | | | | | | | | | | | +-- , 34 , {36, 136, 140, 144, 148} , {'v7', 'v10', 'C108DE', 'I486', 'v0E', 'I88', 'C104D', 'CLR', 'C138DE', 'C53D', 'Av13_D_13B', 'I373', 'v3E', 'II294', 'I151', 'I44', 'I293', 'I457', 'C138D', 'v11', 'I153', 'I29', 'C30DE', 'C43D', 'I194', 'v6E', 'I152', 'v8', 'I386', 'Av13_D_19B', 'v10E', 'I542', 'v9', 'I28', 'C220DE', 'v2E', 'C49DE', 'I45', 'v9E', 'I27', 'I72', 'C144DE', 'C205D', 'v1E', 'I250', 'I154', 'v11E', 'C129DE', 'v12E', 'C90DE', 'v13_D_1', 'v2', 'C83DE', 'v6', 'I129', 'v12', 'v0', 'v8E', 'C38D', 'I423', 'v7E', 'C124DE', 'C141D', 'C165DE'}
| | | | | | | | | | | | | | | | +-- , 36 , {134, 70, 38, 108, 114, 56, 122} , {'v7', 'v10', 'C108DE', 'I486', 'v0E', 'I88', 'C104D', 'I73', 'C111D', 'CLR', 'C138DE', 'C53D', 'v3E', 'II294', 'I44', 'I457', 'v11', 'I71', 'I29', 'C30DE', 'C43D', 'I194', 'v6E', 'v8', 'I386', 'v10E', 'I148', 'C211D', 'I542', 'v9', 'C220DE', 'v2E', 'C49DE', 'I45', 'v9E', 'I72', 'C144DE', 'C205D', 'C77D', 'v1E', 'I250', 'v11E', 'v12E', 'C90DE', 'v13_D_1', 'v2', 'C83DE', 'v6', 'I129', 'v12', 'v0', 'v8E', 'Av13_D_0B', 'v7E', 'C124DE', 'C141D', 'v3', 'C165DE'}
| | | | | | | | | | | | | | | | | +-- , 134 , set() , {'v13_D_0C', 'v7', 'Av13_D_0B', 'v13_D_0', 'CLR', 'I722'}
| | | | | | | | | | | | | | | | | +-- , 70 , {104, 72, 76} , {'v7', 'v10', 'C108DE', 'I73', 'v10E', 'C104D', 'C138DE', 'I542', 'v9', 'I128', 'v2E', 'C49DE', 'C31D', 'C190D', 'v9E', 'I44', 'C144DE', 'v1E', 'v11', 'v11E', 'v12E', 'C90DE', 'I29', 'v2', 'C30DE', 'C83DE', 'v6', 'v12', 'I212', 'I127', 'C43D', 'v8E', 'I126', 'C106D', 'v6E', 'v7E', 'v8', 'C124DE', 'I269', 'v3'}
| | | | | | | | | | | | | | | | | | +-- , 104 , {106} , {'v10E', 'v11E', 'v12E', 'C90DE', 'C30DE', 'v9', 'I128', 'v12', 'C69D', 'I369', 'C31D', 'II368', 'C124DE', 'v8', 'I328', 'v3'}
| | | | | | | | | | | | | | | | | | | +-- , 106 , set() , {'v12', 'C30D', 'C69D', 'v10E', 'v11E', 'II368', 'C90DE', 'I328', 'II329', 'C30DE', 'v9'}
| | | | | | | | | | | | | | | | | | +-- , 72 , {74} , {'I270', 'I475', 'v10E', 'v11E', 'v12E', 'C138DE', 'v9', 'I127', 'v8E', 'v2E', 'v8', 'C73D', 'I269', 'v1E'}
| | | | | | | | | | | | | | | | | | | +-- , 74 , set() , {'I476', 'v8E', 'I270', 'I475', 'v11E', 'C55D', 'v12E', 'v9', 'v1E'}
| | | | | | | | | | | | | | | | | | +-- , 76 , {78} , {'v7', 'v10', 'v10E', 'C104D', 'C138DE', 'v9', 'C190D', 'v9E', 'C144DE', 'v1E', 'v11', 'v11E', 'v12E', 'C90DE', 'v2', 'C30DE', 'C83DE', 'v6', 'v12', 'I212', 'C43D', 'v8E', 'I126', 'C106D', 'v6E', 'v7E', 'v8', 'C124DE', 'C58D'}
| | | | | | | | | | | | | | | | | | | +-- , 78 , {80} , {'v7', 'v10', 'v10E', 'C104D', 'C138DE', 'v9', 'I213', 'C190D', 'v9E', 'C144DE', 'v1E', 'v11', 'v11E', 'v12E', 'C90DE', 'C30DE', 'C83DE', 'v6', 'v12', 'I212', 'C43D', 'v8E', 'C106D', 'v6E', 'v7E', 'v8', 'C124DE', 'C58D'}
| | | | | | | | | | | | | | | | | | | | +-- , 80 , {82} , {'v7', 'v10', 'I402', 'v10E', 'C104D', 'C138DE', 'v9', 'I213', 'C190D', 'v9E', 'I403', 'C144DE', 'v1E', 'v11', 'v11E', 'v12E', 'C90DE', 'C30DE', 'C83DE', 'v6', 'v12', 'C43D', 'v8E', 'C106D', 'v6E', 'v7E', 'v8', 'C124DE'}
| | | | | | | | | | | | | | | | | | | | | +-- , 82 , {100, 84, 92} , {'v7', 'v10', 'v10E', 'C104D', 'C138DE', 'v9', 'I213', 'v1', 'C190D', 'C57D', 'v9E', 'I403', 'C144DE', 'v1E', 'v11', 'I254', 'v11E', 'v12E', 'C90DE', 'C83DE', 'v6', 'v12', 'C43D', 'v8E', 'v6E', 'v7E', 'v8', 'C124DE'}
| | | | | | | | | | | | | | | | | | | | | | +-- , 100 , {102} , {'v12', 'C56D', 'v8E', 'I516', 'v1', 'C57D', 'v11E', 'I365', 'v12E', 'v8', 'v9', 'v11'}
| | | | | | | | | | | | | | | | | | | | | | | +-- , 102 , set() , {'v8E', 'I366', 'C57D', 'v11E', 'I365', 'v12E', 'v9'}
| | | | | | | | | | | | | | | | | | | | | | +-- , 84 , {86} , {'I560', 'v12E', 'C138DE', 'v9', 'I216', 'C190D', 'v1', 'I215', 'v7E', 'v9E', 'v8', 'C144DE', 'v1E', 'v11'}
| | | | | | | | | | | | | | | | | | | | | | | +-- , 86 , {88} , {'C178D', 'C189D', 'I216', 'v9E', 'v8', 'I559', 'C138DE', 'v1E', 'I560', 'v11'}
| | | | | | | | | | | | | | | | | | | | | | | | +-- , 88 , {90} , {'C178D', 'I363', 'C189D', 'v8', 'C138DE', 'v1E'}
| | | | | | | | | | | | | | | | | | | | | | | | | +-- , 90 , set() , {'I363', 'C189D', 'I362', 'v8', 'C138DE'}
| | | | | | | | | | | | | | | | | | | | | | +-- , 92 , {98, 94} , {'v7', 'v10', 'I263', 'v10E', 'v12E', 'C90DE', 'C83DE', 'C43D', 'v12', 'v1', 'v7E', 'v8', 'I262', 'C144DE', 'v11'}
| | | | | | | | | | | | | | | | | | | | | | | +-- , 98 , set() , {'v12', 'I471', 'I263', 'v1', 'v10E', 'I470', 'v7E', 'v12E', 'v8', 'C41D', 'C83DE', 'v11'}
| | | | | | | | | | | | | | | | | | | | | | | +-- , 94 , {96} , {'v7', 'v10', 'C42D', 'I432', 'C90DE', 'v8', 'I262', 'C144DE'}
| | | | | | | | | | | | | | | | | | | | | | | | +-- , 96 , set() , {'v10', 'C42D', 'I433', 'I432', 'C144DE'}
| | | | | | | | | | | | | | | | | +-- , 38 , {52, 40, 42} , {'v7', 'v10', 'I89', 'v10E', 'I88', 'v11E', 'v12E', 'C90DE', 'v13_D_1', 'v9', 'C53D', 'v8E', 'Av13_D_1B', 'v7E', 'v8', 'v3', 'C144DE', 'C165DE', 'I87', 'I86'}
| | | | | | | | | | | | | | | | | | +-- , 52 , {54} , {'v10E', 'v12E', 'C90DE', 'C54D', 'v3', 'C165DE', 'I86'}
| | | | | | | | | | | | | | | | | | | +-- , 54 , set() , {'v10E', 'I412', 'v12E', 'C90DE', 'C54D', 'v3'}
| | | | | | | | | | | | | | | | | | +-- , 40 , set() , {'v13_D_1', 'I719', 'Av13_D_1B'}
| | | | | | | | | | | | | | | | | | +-- , 42 , {44} , {'v7', 'v10', 'I89', 'v10E', 'v11E', 'C90DE', 'v9', 'v8E', 'v8', 'C45D', 'C48D', 'C144DE'}
| | | | | | | | | | | | | | | | | | | +-- , 44 , {48, 46} , {'v10', 'v8E', 'v10E', 'I136', 'v8', 'I137', 'C45D', 'C48D', 'I248', 'C144DE', 'v9'}
| | | | | | | | | | | | | | | | | | | | +-- , 48 , {50} , {'v10', 'v8E', 'C47D', 'v10E', 'I136', 'C144DE', 'v9'}
| | | | | | | | | | | | | | | | | | | | | +-- , 50 , set() , {'I534', 'I533', 'v8E', 'C47D', 'v10', 'v10E', 'v9'}
| | | | | | | | | | | | | | | | | | | | +-- , 46 , set() , {'v10', 'C46D', 'I247', 'v8', 'I137', 'I248', 'C144DE'}
| | | | | | | | | | | | | | | | | +-- , 108 , {110} , {'v10', 'Av13_D_20B', 'C104D', 'v7E', 'C138DE', 'v3', 'I329', 'C220DE'}
| | | | | | | | | | | | | | | | | | +-- , 110 , {112} , {'Av13_D_20B', 'I662'}
| | | | | | | | | | | | | | | | | | | +-- , 112 , set() , {'v13_D_20', 'I662'}
| | | | | | | | | | | | | | | | | +-- , 114 , {116} , {'v7', 'I71', 'C28D', 'v11E', 'v12E', 'C90DE', 'C83DE', 'v9', 'v8E', 'v2E', 'v7E', 'v8', 'v11'}
| | | | | | | | | | | | | | | | | | +-- , 116 , {118} , {'v7', 'C28D', 'v11E', 'v12E', 'C90DE', 'C83DE', 'v9', 'v8E', 'v7E', 'v8', 'I275', 'I276', 'v11'}
| | | | | | | | | | | | | | | | | | | +-- , 118 , {120} , {'C27D', 'v8E', 'C83DE', 'v11E', 'v7E', 'v12E', 'v8', 'I500', 'I276', 'v9', 'v11'}
| | | | | | | | | | | | | | | | | | | | +-- , 120 , set() , {'C27D', 'v8E', 'v11E', 'I501', 'I500'}
| | | | | | | | | | | | | | | | | +-- , 56 , {58} , {'v3', 'v10', 'C108DE', 'v0E', 'C104D', 'I148', 'C111D', 'C138DE', 'v9', 'I45', 'v9E', 'I457', 'C144DE', 'v11E', 'C30DE', 'C83DE', 'C116D', 'v12', 'v8E', 'v7E', 'v8', 'C124DE', 'I386'}
| | | | | | | | | | | | | | | | | | +-- , 58 , {64, 66, 68, 60} , {'v10', 'C108DE', 'v0E', 'C104D', 'I148', 'v11E', 'C107D', 'C111D', 'C138DE', 'I308', 'C30DE', 'v9', 'C83DE', 'C116D', 'I104', 'v12', 'I149', 'v8E', 'I386', 'I103', 'C113D', 'v9E', 'I106', 'v8', 'C124DE', 'I457', 'I105', 'v3', 'C144DE'}
| | | | | | | | | | | | | | | | | | | +-- , 64 , set() , {'v8E', 'I106', 'I457', 'C114D', 'C30DE', 'v9', 'I456'}
| | | | | | | | | | | | | | | | | | | +-- , 66 , set() , {'v8E', 'v9E', 'C124DE', 'C107D', 'I386', 'I387'}
| | | | | | | | | | | | | | | | | | | +-- , 68 , set() , {'I149', 'v10', 'C112D', 'v9E', 'I308'}
| | | | | | | | | | | | | | | | | | | +-- , 60 , {62} , {'v10', 'C108DE', 'v0E', 'C104D', 'v11E', 'I450', 'C138DE', 'C115D', 'C83DE', 'C104DE', 'I103', 'v8', 'v3'}
| | | | | | | | | | | | | | | | | | | | +-- , 62 , set() , {'I449', 'I300', 'C105D', 'C108DE', 'C83DE', 'v0E', 'v11E', 'I450', 'C115D', 'I299'}
| | | | | | | | | | | | | | | | | +-- , 122 , {124} , {'I486', 'v10E', 'C138DE', 'C211D', 'C220DE', 'v9', 'v9E', 'C205D', 'v11', 'I288', 'I287', 'v11E', 'v12E', 'v6', 'I129', 'v0', 'v8E', 'v6E', 'v7E', 'I485', 'C124DE', 'C141D'}
| | | | | | | | | | | | | | | | | | +-- , 124 , {132, 126} , {'I288', 'I310', 'v10E', 'C72D', 'v11E', 'v12E', 'C203D', 'C138DE', 'C70D', 'C220DE', 'v9', 'v6', 'C141DE', 'I129', 'v0', 'v8E', 'v6E', 'v9E', 'v7E', 'I485', 'C124DE', 'C141D'}
| | | | | | | | | | | | | | | | | | | +-- , 132 , set() , {'v11E', 'v9E', 'I508', 'C203D', 'C70D', 'C70DE'}
| | | | | | | | | | | | | | | | | | | +-- , 126 , {128} , {'I311', 'I310', 'v10E', 'C72D', 'I383', 'v9E', 'C138DE', 'C70D', 'C141DE'}
| | | | | | | | | | | | | | | | | | | | +-- , 128 , {130} , {'I311', 'I383', 'v10E', 'v9E', 'C71D', 'C138DE'}
| | | | | | | | | | | | | | | | | | | | | +-- , 130 , set() , {'I383', 'v10E', 'C71D', 'C138DE', 'I384'}
| | | | | | | | | | | | | | | | +-- , 136 , {138} , {'Av13_D_19B', 'I665'}
| | | | | | | | | | | | | | | | | +-- , 138 , set() , {'v13_D_19', 'I665'}
| | | | | | | | | | | | | | | | +-- , 140 , {142} , {'v7', 'v10E', 'C184D', 'C129DE', 'I305', 'v9', 'I182', 'v8E', 'C49DE', 'I306', 'v8', 'I27', 'C144DE', 'C138D'}
| | | | | | | | | | | | | | | | | +-- , 142 , set() , {'I306', 'C183D', 'C184D', 'v8', 'I183', 'I305', 'I182'}
| | | | | | | | | | | | | | | | +-- , 144 , {146} , {'C40D', 'v8E', 'v10E', 'I154', 'I423', 'I253', 'C39D', 'C138DE', 'v2', 'v9', 'v1E'}
| | | | | | | | | | | | | | | | | +-- , 146 , set() , {'C40D', 'v8E', 'II254', 'I253', 'C39D'}
| | | | | | | | | | | | | | | | +-- , 148 , {150} , {'Av13_D_13B', 'I683'}
| | | | | | | | | | | | | | | | | +-- , 150 , set() , {'v13_D_13', 'I683'}
| | | | | | | | | | | | | | +-- , 158 , set() , {'C49DE', 'C49D', 'C141D', 'I219', 'v9', 'v11'}
| | | | | | | | | +-- , 182 , {184} , {'C83D', 'I158', 'C138DE', 'v10E', 'C84D'}
| | | | | | | | | | +-- , 184 , set() , {'I159', 'C83D', 'C138DE', 'I344', 'C84D'}
| | | | | | +-- , 242 , set() , {'v12', 'v0', 'v8E', 'C49DE', 'I174', 'C142D', 'I291', 'v9', 'C143D', 'v11'}
| | | | | | +-- , 244 , {246} , {'v12', 'v8E', 'v3E', 'v6E', 'v7E', 'C129DE', 'v12E', 'v8', 'I58', 'C165DE', 'C75D', 'I537'}
| | | | | | | +-- , 246 , {248} , {'v3E', 'I538', 'v12E', 'v8', 'C59D', 'C165DE', 'C75D', 'I537'}
| | | | | | | | +-- , 248 , {250} , {'I360', 'v3E', 'v12E', 'C59D', 'C165DE', 'C75D'}
| | | | | | | | | +-- , 250 , set() , {'I360', 'v12E', 'C165DE', 'C75D', 'I359'}
| | | | | | +-- , 186 , {188} , {'C169D', 'v7', 'v10', 'v10E', 'v9', 'C220DE', 'v3E', 'I546', 'v9E', 'C166DE', 'C157DE', 'v11', 'C118DE', 'v11E', 'C129DE', 'v12E', 'C90DE', 'C129D', 'v2', 'C83DE', 'v12', 'v0', 'v8E', 'v6E', 'v7E', 'v8', 'C165DE'}
| | | | | | | +-- , 188 , {190, 198} , {'C169D', 'v7', 'v10', 'v10E', 'C220DE', 'v9', 'v3E', 'I546', 'v9E', 'C166DE', 'C157DE', 'v11', 'C118DE', 'v11E', 'C129DE', 'C90DE', 'v12E', 'C129D', 'v2', 'C83DE', 'I123', 'v12', 'v8E', 'v6E', 'v7E', 'v8', 'C165DE'}
| | | | | | | | +-- , 190 , {192} , {'v7', 'v10', 'v10E', 'v11E', 'C90DE', 'v12E', 'C129D', 'v2', 'I123', 'v9E', 'v8', 'C157DE', 'C162D', 'v11'}
| | | | | | | | | +-- , 192 , {194, 196} , {'v7', 'v10', 'I197', 'v10E', 'I396', 'v11E', 'C90DE', 'v12E', 'C129D', 'I196', 'v2', 'v9E', 'C157DE', 'C162D', 'I314', 'v11'}
| | | | | | | | | | +-- , 194 , set() , {'v7', 'I395', 'I197', 'C158D', 'v10E', 'I396', 'v11E', 'v9E', 'v12E', 'C157D', 'C157DE'}
| | | | | | | | | | +-- , 196 , set() , {'C161D', 'v7', 'C155D', 'I315', 'v12E', 'C129D', 'I196', 'v2', 'I314', 'v11'}
| | | | | | | | +-- , 198 , {200} , {'C169D', 'v10', 'C220DE', 'v9', 'v3E', 'I546', 'v9E', 'C166DE', 'v11', 'C118DE', 'v11E', 'C129DE', 'v12E', 'I341', 'v2', 'C83DE', 'I123', 'v12', 'v8E', 'v6E', 'v7E', 'v8', 'C165DE'}
| | | | | | | | | +-- , 200 , {202, 222} , {'C169D', 'v10', 'v11E', 'C129DE', 'v12E', 'I341', 'v2', 'C220DE', 'v9', 'C83DE', 'I123', 'I124', 'v12', 'v8E', 'Av13_D_10B', 'v3E', 'I546', 'v6E', 'v9E', 'C166DE', 'v7E', 'v8', 'C165DE', 'v11'}
| | | | | | | | | | +-- , 202 , {204} , {'C169D', 'v10', 'C220DE', 'v9', 'I124', 'v3E', 'I546', 'v9E', 'C166DE', 'v11', 'v11E', 'C129DE', 'v12E', 'I341', 'v2', 'C83DE', 'C164D', 'v12', 'v8E', 'v6E', 'v7E', 'v8', 'C165DE'}
| | | | | | | | | | | +-- , 204 , {206} , {'C169D', 'v10', 'C220DE', 'v9', 'v3E', 'I546', 'v9E', 'C166DE', 'C165D', 'v11', 'v11E', 'C129DE', 'I341', 'v2', 'C83DE', 'C164D', 'v12', 'v8E', 'v6E', 'v7E', 'v8', 'C165DE'}
| | | | | | | | | | | | +-- , 206 , {208, 218, 220} , {'C169D', 'v10', 'I224', 'v9', 'C220DE', 'v3E', 'I546', 'v9E', 'C166DE', 'I222', 'C165D', 'v11', 'I232', 'v11E', 'C129DE', 'I223', 'I341', 'v2', 'C83DE', 'C164D', 'v12', 'v8E', 'v6E', 'v7E', 'v8'}
| | | | | | | | | | | | | +-- , 208 , {210, 214} , {'C169D', 'v10', 'v11', 'I232', 'v11E', 'C160D', 'I223', 'I341', 'v2', 'v9', 'C166D', 'v12', 'v8E', 'v3E', 'I546', 'I233', 'v6E', 'v9E', 'C166DE', 'v7E', 'v8', 'I234'}
| | | | | | | | | | | | | | +-- , 210 , {212} , {'I234', 'v11E', 'v8', 'C167D', 'I381', 'v2', 'C166D', 'v11'}
| | | | | | | | | | | | | | | +-- , 212 , set() , {'I380', 'C167D', 'I381', 'v2', 'v11'}
| | | | | | | | | | | | | | +-- , 214 , {216} , {'I547', 'v10', 'v8E', 'I546', 'C159D', 'I233', 'v11E', 'C160D', 'I341', 'v9', 'I342'}
| | | | | | | | | | | | | | | +-- , 216 , set() , {'C168D', 'v8E', 'I233', 'C159D', 'v9'}
| | | | | | | | | | | | | +-- , 218 , set() , {'v8E', 'C220DE', 'v7E', 'v9E', 'I222', 'I441', 'C83DE', 'I442', 'C156D', 'v11'}
| | | | | | | | | | | | | +-- , 220 , set() , {'v10', 'v8E', 'C163D', 'I224', 'I510', 'C129DE', 'v9', 'v11'}
| | | | | | | | | | +-- , 222 , {224} , {'Av13_D_10B', 'I692'}
| | | | | | | | | | | +-- , 224 , set() , {'v13_D_10', 'I692'}
| | | | | | +-- , 252 , {254} , {'v12E', 'I548', 'Av13_D_15B', 'v7E'}
| | | | | | | +-- , 254 , {256} , {'Av13_D_15B', 'I677'}
| | | | | | | | +-- , 256 , set() , {'I677', 'v13_D_15'}
| | | | +-- , 270 , set() , {'C208D', 'v5E', 'v4', 'v5'}
| | | +-- , 272 , {274} , {'v8', 'C200D', 'v10', 'Av13_D_16B'}
| | | | +-- , 274 , {276} , {'Av13_D_16B', 'I674'}
| | | | | +-- , 276 , set() , {'I674', 'v13_D_16'}
| | | +-- , 308 , {310} , {'v8E', 'v7E', 'v9E', 'C124DE', 'v12E', 'I296', 'I297', 'C210D', 'C83DE'}
| | | | +-- , 310 , {312} , {'v12E', 'Av13_D_18B', 'C210D', 'v7E'}
| | | | | +-- , 312 , {314} , {'I668', 'Av13_D_18B'}
| | | | | | +-- , 314 , set() , {'I668', 'v13_D_18'}
| | | +-- , 278 , {280} , {'v10', 'C138DE', 'v6', 'I438', 'v9', 'v12', 'v0', 'v8E', 'v9E', 'v7E', 'C124DE', 'C144DE'}
| | | | +-- , 280 , {282} , {'I256', 'v12', 'v8E', 'v10', 'v9E', 'I439', 'C124DE', 'v7E', 'v6', 'C138DE', 'I438', 'v9'}
| | | | | +-- , 282 , {284} , {'I256', 'v8E', 'I257', 'v9E', 'v7E', 'I439', 'C216D', 'C215D', 'I438'}
| | | | | | +-- , 284 , {286} , {'C216D', 'v8E', 'Av13_D_23B', 'v7E'}
| | | | | | | +-- , 286 , {288} , {'I653', 'Av13_D_23B'}
| | | | | | | | +-- , 288 , set() , {'v13_D_23', 'I653'}
| | | +-- , 316 , {318} , {'C49DE', 'v8E', 'v10E', 'C138DE', 'I164', 'C133D'}
| | | | +-- , 318 , set() , {'C49DE', 'v10E', 'C138DE', 'I278', 'C133D'}
| +-- , 519 , {521} , {'v12', 'C91D', 'v10E', 'I347', 'v12E', 'I346', 'C90DE', 'C191DE', 'v9'}
| | +-- , 521 , set() , {'v10E', 'I347', 'v12E', 'C90DE', 'C90D', 'v9'}
| +-- , 382 , {384} , {'v12', 'v10E', 'v11E', 'I208', 'C122D', 'C127D'}
| | +-- , 384 , set() , {'v12', 'I323', 'v10E', 'C122D', 'C127D'}
| +-- , 523 , set() , {'I464', 'v8E', 'v7', 'v10E', 'v12E', 'I463', 'I41', 'C96D', 'v11'}
| +-- , 511 , {513} , {'I518', 'v10', 'C179D', 'v9'}
| | +-- , 513 , set() , {'I518', 'I101', 'v9'}
| +-- , 461 , {473, 463} , {'v7', 'C147D', 'v10E', 'v11E', 'C131DE', 'C90DE', 'I491', 'v9', 'v12', 'v8E', 'I227', 'I176', 'v9E', 'v7E', 'I177', 'C144DE', 'v11'}
| | +-- , 473 , set() , {'v12', 'I528', 'v10E', 'I176', 'v9E', 'C145D', 'v11'}
| | +-- , 463 , {465} , {'v7', 'C147D', 'v10E', 'v11E', 'C131DE', 'C90DE', 'v9', 'I226', 'v8E', 'I227', 'C140D', 'v7E', 'I93', 'C144DE'}
| | | +-- , 465 , {467, 469} , {'v7', 'I92', 'C140D', 'v11E', 'C131DE', 'C90DE', 'I93', 'Av13_D_8B', 'v9', 'I91'}
| | | | +-- , 467 , set() , {'C148D', 'v11E', 'C131DE', 'I409', 'C90DE', 'v9', 'I91'}
| | | | +-- , 469 , {471} , {'Av13_D_8B', 'I698'}
| | | | | +-- , 471 , set() , {'v13_D_8', 'I698'}
| +-- , 525 , set() , {'v5E', 'I420', 'v8E', 'v7', 'v2E', 'C131DE', 'v7E', 'I419', 'C30DE', 'C217D'}
| +-- , 346 , {348} , {'v8E', 'I482', 'C83DE', 'v10E', 'C213D', 'v11E', 'v7E', 'v9E', 'v12E', 'Av13_D_21B', 'v2', 'C220DE', 'I483'}
| | +-- , 348 , {350} , {'Av13_D_21B', 'I659'}
| | | +-- , 350 , set() , {'v13_D_21', 'I659'}
| +-- , 475 , {483, 477} , {'v10', 'I326', 'I157', 'I156', 'v10E', 'I96', 'v11E', 'C131DE', 'C129D', 'C85D', 'v9', 'v12', 'v2E', 'v8E', 'v9E', 'v8', 'I158', 'C81DE', 'I95'}
| | +-- , 483 , set() , {'v8E', 'v10', 'I427', 'C131DE', 'C76D', 'C81DE', 'v9', 'I95'}
| | +-- , 477 , {479} , {'v12', 'v2E', 'I157', 'v10E', 'C82D', 'v11E', 'v9E', 'C81DE', 'C81D'}
| | | +-- , 479 , {481} , {'I393', 'I392', 'C81D', 'v10E', 'C82D', 'v11E'}
| | | | +-- , 481 , set() , {'I393', 'I143', 'v10E'}
| +-- , 352 , set() , {'v12', 'C108DE', 'I338', 'C108D', 'v9', 'C165DE'}
| +-- , 354 , {356, 358} , {'v7', 'v10', 'I34', 'C79D', 'v12E', 'CLR', 'I35', 'v9', 'C91D', 'v7E', 'C89D', 'I36', 'C165DE', 'v11'}
| | +-- , 356 , set() , {'C79D', 'I246', 'v11'}
| | +-- , 358 , {360} , {'Av13_D_3B', 'I35', 'v10', 'I34', 'CLR', 'I36'}
| | | +-- , 360 , {362} , {'Av13_D_3B', 'v10', 'CLR', 'I713'}
| | | | +-- , 362 , set() , {'v13_D_3C', 'v10', 'I713', 'CLR', 'v13_D_3'}
| +-- , 485 , set() , {'C194D', 'v10E', 'v0', 'C194DE'}
| +-- , 376 , set() , {'v12', 'v8E', 'C103D', 'v10E', 'I435', 'I39', 'C144DE', 'v9', 'I436', 'C165DE'}
| +-- , 487 , {497, 489} , {'II101', 'v7', 'v10', 'C118DE', 'v11E', 'C131DE', 'v12E', 'I163', 'v9', 'I242', 'I243', 'v8E', 'v9E', 'v7E', 'C144DE', 'I164', 'C132D'}
| | +-- , 497 , set() , {'I243', 'v8E', 'v10', 'C131DE', 'C131D', 'C144DE', 'v9'}
| | +-- , 489 , {491} , {'II101', 'v7', 'C134D', 'C135D', 'v7E', 'v9E', 'I51', 'I100', 'I163', 'I164', 'C132D'}
| | | +-- , 491 , {493} , {'I51', 'Av13_D_7B', 'I52', 'C135D', 'v7E'}
| | | | +-- , 493 , {495} , {'I701', 'Av13_D_7B'}
| | | | | +-- , 495 , set() , {'v13_D_7', 'I701'}
| +-- , 364 , {366} , {'v12', 'v10', 'I171', 'I78', 'C196D', 'v11E', 'I497', 'v7E', 'v8', 'I170', 'v2'}
| | +-- , 366 , {368} , {'v8', 'v2', 'I171', 'C193D'}
| | | +-- , 368 , set() , {'v2', 'I114', 'C193D'}
| +-- , 505 , {507} , {'C144DE', 'I273', 'v10E', 'v9E', 'v12E', 'v8', 'C202D', 'I272', 'C30DE'}
| | +-- , 507 , {509} , {'I273', 'v9E', 'v12E', 'C201D', 'v8', 'C30DE'}
| | | +-- , 509 , set() , {'v9E', 'v12E', 'C201D', 'I503', 'C30DE'}
| +-- , 370 , {372} , {'v8E', 'C95D', 'I62', 'v10E', 'v6E', 'v11E', 'v12E', 'C90DE', 'v9'}
| | +-- , 372 , set() , {'v8E', 'C95D', 'v10E', 'v11E', 'v12E', 'C90DE', 'I446', 'v9', 'I447'}
| +-- , 499 , {501} , {'I186', 'v8E', 'I169', 'C180D', 'v11E', 'C181D', 'v9', 'I185', 'C194DE'}
| | +-- , 501 , {503} , {'C195DE', 'v8E', 'I169', 'C180D', 'v9', 'I185'}
| | | +-- , 503 , set() , {'v8E', 'C195DE', 'C195D', 'I169', 'C180D', 'C180DE', 'v9'}
| +-- , 374 , set() , {'Av13_D_4B', 'v13_D_4C', 'v13_D_4', 'CLR', 'I710', 'v11'}
| +-- , 378 , {380} , {'CLR', 'v13_D_2C', 'v9', 'v13_D_2', 'Av13_D_2B'}
| | +-- , 380 , set() , {'I716', 'v13_D_2', 'Av13_D_2B'}
| +-- , 447 , {449} , {'v12', 'v8E', 'C87D', 'v10E', 'v11E', 'v9E', 'v6', 'I524', 'C30DE', 'v9', 'I98'}
| | +-- , 449 , set() , {'C86D', 'I375', 'C87D', 'v10E', 'v9E', 'I374', 'I524', 'C30DE', 'v9'}


Max number of edges with non zero Y: 134
Max number of iterations of outer rounding loop: 8
Max number of candidate sets: 2
Time spent rounding: 21.197
Time spent solving Separator LP: 46.521
Total time spent solving: 77.255

LP Solver: GaifmanNormal
Lower Bound Witness = ({'I399', 'I349', 'I326', 'I73', 'I34', 'C180D', 'I347', 'I315', 'I559', 'C138DE', 'I69', 'I441', 'I381', 'I677', 'I546', 'C65D', 'I293', 'I192', 'v13_D_5', 'I270', 'I188', 'I161', 'I29', 'I473', 'I126', 'I194', 'I169', 'I63', 'C172D', 'C213D', 'C58D', 'C214D', 'C187D', 'C126D', 'I260', 'I291', 'C81DE', 'C96D', 'I414', 'II491', 'I396', 'I524', 'C194D', 'I35', 'C220DE', 'Av13_D_9B', 'v2E', 'Av13_D_7B', 'C183D', 'I352', 'I75', 'I39', 'C157DE', 'v1E', 'I200', 'I489', 'v4E', 'I97', 'v13_D_7', 'C28D', 'I154', 'I240', 'I412', 'I500', 'I350', 'I123', 'C141DE', 'I453', 'I435', 'C196D', 'I362', 'I430', 'C52D', 'C90D', 'I160', 'C165DE', 'C30D', 'C161D', 'v13_D_4C', 'C46D', 'I415', 'I88', 'I662', 'I173', 'I218', 'C111D', 'I163', 'v13_D_2', 'I325', 'I427', 'I237', 'I419', 'I457', 'I339', 'C109D', 'I206', 'v11', 'C132D', 'I659', 'C37D', 'I156', 'I653', 'C55D', 'I439', 'I492', 'I59', 'Av13_D_4B', 'I212', 'C95D', 'I306', 'C176D', 'v13_D_15', 'I713', 'I177', 'v8', 'v13_D_14', 'C130D', 'I297', 'I329', 'C181D', 'I314', 'I86', 'I359', 'I390', 'I680', 'I310', 'I31', 'v13_D_13', 'v13_D_19', 'Av13_D_3B', 'I528', 'C208DE', 'I392', 'C140D', 'C166DE', 'C76D', 'I695', 'I100', 'I234', 'C206D', 'I254', 'C100D', 'I223', 'I341', 'v2', 'C179D', 'I129', 'C117DE', 'v13_D_23', 'C225D', 'C103D', 'I356', 'v13_D_0', 'I698', 'v13_D_20', 'I371', 'C174D', 'C124DE', 'II254', 'I707', 'I389', 'I109', 'C120D', 'I46', 'C108DE', 'C63D', 'C222D', 'C78D', 'C104D', 'C36D', 'I317', 'v13_D_18', 'I137', 'C201D', 'C107D', 'CLR', 'I308', 'I520', 'I686', 'I368', 'v13_D_12', 'I683', 'C158D', 'v3E', 'Av13_D_22B', 'I429', 'Av13_D_14B', 'II294', 'C33D', 'I159', 'I40', 'I114', 'I186', 'I71', 'I96', 'I79', 'I153', 'I82', 'I450', 'I668', 'I374', 'I701', 'C156D', 'C84D', 'I242', 'C178D', 'I380', 'I104', 'I175', 'C220D', 'v6E', 'I514', 'I386', 'I145', 'I273', 'I402', 'C184D', 'C131DE', 'C199D', 'C151D', 'C97D', 'I323', 'v13_D_3C', 'v5', 'C69D', 'Av13_D_1B', 'C108D', 'I205', 'II368', 'I83', 'I113', 'C157D', 'I105', 'C102D', 'C150D', 'C122D', 'C77D', 'C123D', 'I287', 'I366', 'I203', 'C93D', 'I48', 'I671', 'C70D', 'I495', 'I127', 'v0', 'v8E', 'I471', 'I423', 'I432', 'v7E', 'I106', 'I501', 'C141D', 'I253', 'I478', 'C186D', 'I560', 'I87', 'I92', 'I224', 'I183', 'C114D', 'I229', 'I332', 'I166', 'I444', 'I373', 'I395', 'I171', 'C159D', 'I215', 'I510', 'I44', 'C145D', 'I36', 'C175D', 'I256', 'I209', 'I157', 'C67D', 'I84', 'I554', 'I108', 'I533', 'I202', 'I180', 'I338', 'I280', 'I146', 'I610', 'I318', 'I245', 'I191', 'C210D', 'I95', 'C29D', 'C169D', 'C54D', 'I548', 'I66', 'I239', 'I124', 'I213', 'I45', 'I365', 'C185D', 'I222', 'I158', 'C144DE', 'I436', 'C75D', 'I342', 'C60D', 'I537', 'C117D', 'I199', 'C47D', 'I475', 'C79D', 'I516', 'I136', 'C129DE', 'v13_D_1', 'C71D', 'I208', 'I296', 'I503', 'I305', 'C125D', 'C166D', 'I226', 'C34D', 'I360', 'I103', 'C167D', 'C48D', 'I547', 'C148D', 'v10', 'I311', 'I259', 'C218D', 'C163D', 'C81D', 'C146D', 'I128', 'I534', 'Av13_D_13B', 'I236', 'C57D', 'C31D', 'I372', 'I151', 'I446', 'C138D', 'C74D', 'I656', 'C72D', 'I257', 'C191DE', 'I196', 'C43D', 'C42D', 'I538', 'I152', 'I140', 'II329', 'I251', 'I68', 'I98', 'Av13_D_19B', 'C87D', 'C147D', 'C119D', 'C88D', 'I282', 'C203D', 'C160D', 'C192D', 'C221D', 'I542', 'I299', 'C85D', 'v13_D_1C', 'C49DE', 'C193D', 'I470', 'I134', 'I27', 'I266', 'C207D', 'C165D', 'I456', 'I284', 'I336', 'C86D', 'I354', 'C90DE', 'I346', 'I248', 'I294', 'C164D', 'v12', 'I468', 'C44D', 'I143', 'I704', 'I65', 'Av13_D_21B', 'I409', 'I272', 'I55', 'I513', 'I335', 'v13_D_5C', 'I375', 'v13_D_4', 'C59D', 'I420', 'Av13_D_10B', 'v1', 'I555', 'I246', 'C173D', 'C152D', 'C105D', 'C218DE', 'I174', 'C188D', 'v13_D_6', 'I722', 'C30DE', 'C115D', 'I64', 'I220', 'C223D', 'I179', 'I141', 'I505', 'v4', 'Av13_D_18B', 'I344', 'I333', 'I148', 'I433', 'Av13_D_5B', 'I28', 'I278', 'C50D', 'I149', 'C128D', 'I425', 'C190D', 'C135D', 'I275', 'I461', 'I131', 'C215D', 'I357', 'C127D', 'I185', 'I483', 'I442', 'II101', 'I288', 'C168D', 'C219D', 'C99D', 'C39D', 'v6', 'I710', 'C27D', 'C51D', 'Av13_D_17B', 'I482', 'I176', 'v13_D_22', 'C202D', 'v3', 'C110D', 'Av13_D_12B', 'I464', 'v0E', 'I497', 'I716', 'C83D', 'C139D', 'I438', 'C98D', 'v13_D_8', 'I167', 'I91', 'I43', 'I320', 'I78', 'I378', 'I674', 'I117', 'I101', 'I302', 'I406', 'I243', 'I476', 'I32', 'C134D', 'I449', 'C104DE', 'C155D', 'I689', 'Av13_D_6B', 'C113D', 'Av13_D_24B', 'v13_D_10', 'I321', 'C73D', 'I276', 'I93', 'Av13_D_15B', 'I479', 'I182', 'C170D', 'I303', 'I363', 'C40D', 'C144D', 'v10E', 'I417', 'I210', 'I285', 'C211D', 'I491', 'C35D', 'C209D', 'C200D', 'I216', 'C49D', 'II114', 'I116', 'I60', 'I219', 'I72', 'I403', 'C89D', 'I387', 'I230', 'C205D', 'I447', 'C208D', 'I393', 'C82D', 'I52', 'I54', 'v12E', 'C142D', 'C129D', 'I41', 'C80D', 'Av13_D_0B', 'I233', 'C38D', 'I398', 'I485', 'v13_D_17', 'C153D', 'C45D', 'I665', 'I405', 'I719', 'C162D', 'Av13_D_2B', 'v7', 'I486', 'I76', 'Av13_D_23B', 'I263', 'C224D', 'I247', 'I498', 'I508', 'I170', 'I692', 'I642', 'I267', 'I384', 'C41D', 'C53D', 'v13_D_0C', 'Av13_D_20B', 'v13_D_21', 'I227', 'v13_D_24', 'I506', 'I650', 'I80', 'Av13_D_11B', 'I328', 'v13_D_3', 'C217D', 'C143D', 'v13_D_16', 'I452', 'C177D', 'I133', 'I142', 'I89', 'I38', 'II497', 'C216D', 'C124D', 'v5E', 'C91D', 'I49', 'I120', 'I51', 'I518', 'C180DE', 'I58', 'I269', 'C133D', 'C194DE', 'C189D', 'I62', 'C118D', 'I377', 'II142', 'I119', 'v9', 'C92D', 'I369', 'Av13_D_16B', 'I383', 'C195D', 'I281', 'v9E', 'v13_D_11', 'I494', 'I466', 'I460', 'I262', 'Av13_D_8B', 'C26D', 'C56D', 'C118DE', 'I250', 'I232', 'I197', 'v13_D_9', 'C191D', 'C112D', 'v11E', 'I111', 'C131D', 'I463', 'C83DE', 'C116D', 'I130', 'C195DE', 'C137D', 'I300', 'C106D', 'I189', 'v13_D_2C', 'I164', 'C70DE'}, {'I326', 'I390', 'I272', 'C218D', 'v10E', 'C180D', 'I109', 'C118D', 'I137', 'I218', 'I716', 'I282', 'C139D', 'I239', 'C81D', 'I163', 'v13_D_1C', 'I528', 'I420', 'C193D', 'Av13_D_16B', 'I227', 'I151', 'v13_D_11', 'C166DE', 'I339', 'I40', 'C217D', 'C132D', 'I186', 'C117D', 'v13_D_5', 'I142', 'I378', 'I188', 'I156', 'I96', 'v13_D_9', 'C82D', 'I117', 'I63', 'I346', 'v13_D_1', 'I48', 'I350', 'C178D', 'C104DE', 'C176D', 'C213D', 'I180', 'I176', 'Av13_D_12B', 'I141', 'C196D', 'I518', 'I362', 'C214D', 'C180DE', 'C194DE', 'I93', 'C153D', 'I260', 'I251', 'C52D', 'C141D', 'C181D', 'C130D', 'I513', 'I414', 'I335'})