37, 1.7944199824734008, 4.0, 4
+-- , 0 , {40, 3} , {'xL15J', 'xL14J', 'xL45J', 'xL74J', 'xL72J', 'xL13J', 'xL71J', 'xL82J'}
| +-- , 40 , {42} , {'xL45J', 'xL72J', 'xL13J', 'xL12J', 'xL71J', 'xL46J'}
| | +-- , 42 , {44} , {'xL11J', 'xL12J', 'xL71J', 'xL46J'}
| | | +-- , 44 , {46} , {'xL11J', 'xL10J', 'xL70J', 'xL46J'}
| | | | +-- , 46 , {48} , {'xL10J', 'xL47J', 'xL70J', 'xL46J'}
| | | | | +-- , 48 , {50} , {'xL10J', 'xL48J', 'xL69J', 'xL47J'}
| | | | | | +-- , 50 , {52} , {'xL10J', 'xL48J', 'xL69J', 'xL9J'}
| | | | | | | +-- , 52 , {54} , {'xL49J', 'xL48J', 'xL68J', 'xL8J', 'xL9J'}
| | | | | | | | +-- , 54 , {56} , {'xL7J', 'xL50J', 'xL49J', 'xL67J', 'xL8J'}
| | | | | | | | | +-- , 56 , {58} , {'xL50J', 'xL7J', 'xL66J', 'xL51J'}
| | | | | | | | | | +-- , 58 , {60} , {'xL7J', 'xL65J', 'xL52J', 'xL66J', 'xL6J', 'xL51J'}
| | | | | | | | | | | +-- , 60 , {62} , {'xL64J', 'xL65J', 'xL53J', 'xL52J', 'xL5J', 'xL6J'}
| | | | | | | | | | | | +-- , 62 , {64} , {'xL54J', 'xL64J', 'xL4J', 'xL53J', 'xL63J', 'xL5J'}
| | | | | | | | | | | | | +-- , 64 , {66} , {'xL54J', 'xL63J', 'xL3J', 'xL4J'}
| | | | | | | | | | | | | | +-- , 66 , {68} , {'xL54J', 'xL62J', 'xL55J', 'xL3J'}
| | | | | | | | | | | | | | | +-- , 68 , {70} , {'xL2J', 'xL62J', 'xL3J', 'xL55J', 'xL56J', 'xL61J'}
| | | | | | | | | | | | | | | | +-- , 70 , {72} , {'xL2J', 'xL56J', 'xL61J', 'xL57J', 'xL60J', 'xL1J'}
| | | | | | | | | | | | | | | | | +-- , 72 , {74} , {'xL0J', 'xL60J', 'xL57J', 'xL1J'}
| | | | | | | | | | | | | | | | | | +-- , 74 , set() , {'xL57J', 'xL59J', 'xL58J', 'xL0J'}
| +-- , 3 , {6} , {'xL15J', 'xL14J', 'xL45J', 'xL74J', 'xL72J', 'xL44J', 'xL13J', 'xL23J', 'xL22J', 'xL82J'}
| | +-- , 6 , {8} , {'xL15J', 'xL73J', 'xL14J', 'xL74J', 'xL82J', 'xL44J', 'xL13J', 'xL23J', 'xL22J', 'xL43J'}
| | | +-- , 8 , {10} , {'xL15J', 'xL42J', 'xL74J', 'xL82J', 'xL16J', 'xL75J', 'xL23J', 'xL22J', 'xL43J'}
| | | | +-- , 10 , {12} , {'xL42J', 'xL76J', 'xL17J', 'xL16J', 'xL75J', 'xL23J', 'xL22J', 'xL41J', 'xL82J'}
| | | | | +-- , 12 , {14} , {'xL76J', 'xL18J', 'xL17J', 'xL40J', 'xL23J', 'xL22J', 'xL77J', 'xL41J', 'xL82J'}
| | | | | | +-- , 14 , {16} , {'xL40J', 'xL18J', 'xL19J', 'xL23J', 'xL22J', 'xL77J', 'xL78J', 'xL39J', 'xL82J'}
| | | | | | | +-- , 16 , {18} , {'xL20J', 'xL19J', 'xL38J', 'xL23J', 'xL22J', 'xL79J', 'xL78J', 'xL39J', 'xL82J'}
| | | | | | | | +-- , 18 , {20} , {'xL20J', 'xL21J', 'xL80J', 'xL38J', 'xL23J', 'xL22J', 'xL79J', 'xL37J', 'xL82J'}
| | | | | | | | | +-- , 20 , {22} , {'xL81J', 'xL21J', 'xL80J', 'xL23J', 'xL36J', 'xL22J', 'xL37J', 'xL82J'}
| | | | | | | | | | +-- , 22 , {24} , {'xL23J', 'xL36J', 'xL81J', 'xL35J', 'xL82J'}
| | | | | | | | | | | +-- , 24 , {26} , {'xL23J', 'xL34J', 'xL35J', 'xL82J'}
| | | | | | | | | | | | +-- , 26 , {28} , {'xL23J', 'xL33J', 'xL34J', 'xL83J'}
| | | | | | | | | | | | | +-- , 28 , {30} , {'xL24J', 'xL33J', 'xL23J', 'xL83J'}
| | | | | | | | | | | | | | +-- , 30 , {32} , {'xL32J', 'xL24J', 'xL33J', 'xL25J', 'xL84J'}
| | | | | | | | | | | | | | | +-- , 32 , {34} , {'xL32J', 'xL31J', 'xL85J', 'xL25J', 'xL26J'}
| | | | | | | | | | | | | | | | +-- , 34 , {36} , {'xL86J', 'xL31J', 'xL30J', 'xL26J', 'xL27J'}
| | | | | | | | | | | | | | | | | +-- , 36 , {38} , {'xL30J', 'xL87J', 'xL29J', 'xL27J'}
| | | | | | | | | | | | | | | | | | +-- , 38 , set() , {'xL88J', 'xL87J', 'xL27J', 'xL28J', 'xL89J', 'xL29J'}


Max number of edges with non zero Y: 19
Max number of iterations of outer rounding loop: 3
Max number of candidate sets: 2
Time spent rounding: 2.506
Time spent solving Separator LP: 0.389
Total time spent solving: 4.598

LP Solver: GaifmanBoosted
Lower Bound Witness = ({'xL15J', 'xL75J', 'xL89J', 'xL77J', 'xL58J', 'xL14J', 'xL40J', 'xL72J', 'xL11J', 'xL28J', 'xL83J', 'xL35J', 'xL39J', 'xL20J', 'xL38J', 'xL48J', 'xL62J', 'xL25J', 'xL56J', 'xL71J', 'xL36J', 'xL34J', 'xL43J', 'xL74J', 'xL65J', 'xL49J', 'xL10J', 'xL85J', 'xL66J', 'xL0J', 'xL67J', 'xL70J', 'xL41J', 'xL46J', 'xL7J', 'xL50J', 'xL86J', 'xL3J', 'xL16J', 'xL30J', 'xL57J', 'xL73J', 'xL68J', 'xL64J', 'xL17J', 'xL47J', 'xL31J', 'xL60J', 'xL78J', 'xL84J', 'xL23J', 'xL88J', 'xL55J', 'xL59J', 'xL29J', 'xL45J', 'xL18J', 'xL80J', 'xL44J', 'xL63J', 'xL9J', 'xL42J', 'xL2J', 'xL27J', 'xL61J', 'xL22J', 'xL79J', 'xL54J', 'xL81J', 'xL87J', 'xL21J', 'xL13J', 'xL6J', 'xL8J', 'xL69J', 'xL4J', 'xL24J', 'xL12J', 'xL5J', 'xL51J', 'xL26J', 'xL32J', 'xL1J', 'xL76J', 'xL19J', 'xL53J', 'xL52J', 'xL33J', 'xL37J', 'xL82J'}, {'xL7J', 'xL14J', 'xL50J', 'xL68J', 'xL40J', 'xL88J', 'xL59J', 'xL33J', 'xL67J', 'xL31J', 'xL34J', 'xL70J', 'xL29J', 'xL82J'})