18, 0, 3.0, 3
+-- , 0 , {1, 2, 33, 27} , {'33', '32', '28'}
| +-- , 1 , set() , {'48', '20', '3'}
| +-- , 2 , {4, 8, 22, 24} , {'50', '5', '0', '58'}
| | +-- , 4 , {6} , {'55', '0', '13', '12', '59', '5', '58', '7'}
| | | +-- , 6 , set() , {'7', '13', '42'}
| | +-- , 8 , {10, 20} , {'50', '65', '0', '25', '21', '29', '10', '5', '70'}
| | | +-- , 10 , {12} , {'61', '65', '15', '70', '25', '8'}
| | | | +-- , 12 , {14} , {'15', '61', '44'}
| | | | | +-- , 14 , {16, 18} , {'4', '44', '63'}
| | | | | | +-- , 16 , set() , {'2', '4', '11'}
| | | | | | +-- , 18 , set() , {'4', '35', '53'}
| | | +-- , 20 , set() , {'65', '60', '69'}
| | +-- , 22 , set() , {'58', '50', '22'}
| | +-- , 24 , {26} , {'50', '19', '40'}
| | | +-- , 26 , set() , {'37', '43', '40'}
| +-- , 33 , set() , {'6', '57', '17'}
| +-- , 27 , {31} , {'26', '46', '18'}
| | +-- , 31 , set() , {'62', '26', '38'}


Max number of edges with non zero Y: 15
Max number of iterations of outer rounding loop: 2
Max number of candidate sets: 2
Time spent rounding: 4.591
Time spent solving Separator LP: 0.018

LP Solver: gammaPlusFractionalCoverHeuristic