67, 3.7871994157701288, 10.0, 10
+-- , 0 , {129, 3, 131, 71, 135, 7, 75, 79, 85, 93, 95, 97, 99, 109, 111, 117, 119, 125} , {'xL0J', 'xL4J', 'zL63J', 'xL3J', 'zL79J', 'zL42J', 'zL70J', 'zL55J', 'zL24J', 'xL9J', 'zL33J', 'zL21J', 'xL8J', 'zL62J', 'xL2J', 'zL25J', 'xL6J', 'zL12J', 'xL7J', 'zL57J', 'zL41J', 'xL1J'}
| +-- , 129 , set() , {'xL8J', 'w16', 'zL55J'}
| +-- , 3 , set() , {'yL11J', 'zL46J', 'zL44J', 'xL3J', 'xL6J', 'zL47J', 'zL45J', 'xL9J', 'xL8J', 'w14', 'xL2J'}
| +-- , 131 , {133} , {'zL40J', 'zL41J', 'xL4J', 'xL2J'}
| | +-- , 133 , set() , {'zL40J', 'yL10J', 'xL4J'}
| +-- , 71 , {73} , {'zL70J', 'xL0J', 'zL71J', 'xL1J'}
| | +-- , 73 , set() , {'zL71J', 'xL1J', 'w20'}
| +-- , 135 , set() , {'w22', 'xL2J', 'zL79J'}
| +-- , 7 , {9} , {'xL0J', 'zL79J', 'zL33J', 'xL7J', 'zL12J', 'zL57J', 'zL11J', 'zL22J', 'xL4J', 'xL3J', 'zL42J', 'zL55J', 'xL9J', 'zL21J', 'xL8J', 'xL2J', 'zL25J', 'xL6J', 'xL1J', 'w5'}
| | +-- , 9 , {33, 65, 35, 69, 11, 43, 49, 19, 21, 23, 57, 27, 61} , {'xL0J', 'zL22J', 'xL4J', 'xL3J', 'zL79J', 'zL42J', 'zL55J', 'xL5J', 'xL9J', 'zL33J', 'xL8J', 'xL2J', 'zL25J', 'xL6J', 'zL12J', 'xL7J', 'zL57J', 'xL1J', 'zL11J'}
| | | +-- , 33 , set() , {'zL28J', 'yL7J', 'w10', 'zL30J', 'xL6J', 'xL5J', 'xL9J', 'xL8J', 'zL29J', 'zL31J', 'xL2J'}
| | | +-- , 65 , {67} , {'xL4J', 'zL77J', 'zL78J', 'zL79J', 'xL5J', 'xL1J', 'xL9J'}
| | | | +-- , 67 , set() , {'yL19J', 'zL77J', 'xL1J', 'xL9J', 'zL76J'}
| | | +-- , 35 , {37} , {'zL3J', 'xL0J', 'w3', 'xL6J', 'xL3J', 'xL5J', 'zL2J', 'xL8J'}
| | | | +-- , 37 , {39} , {'zL1J', 'xL5J', 'xL6J', 'zL2J', 'xL3J'}
| | | | | +-- , 39 , {41} , {'zL0J', 'zL1J', 'xL6J', 'xL3J'}
| | | | | | +-- , 41 , set() , {'zL0J', 'yL0J', 'xL3J'}
| | | +-- , 69 , set() , {'xL5J', 'zL12J', 'yL3J'}
| | | +-- , 11 , {13} , {'xL0J', 'xL2J', 'xL3J', 'zL55J', 'xL5J', 'zL54J'}
| | | | +-- , 13 , {15} , {'xL0J', 'xL5J', 'zL53J', 'xL2J', 'zL54J'}
| | | | | +-- , 15 , {17} , {'xL0J', 'zL52J', 'zL53J', 'xL2J'}
| | | | | | +-- , 17 , set() , {'yL13J', 'xL0J', 'zL52J'}
| | | +-- , 43 , {45} , {'zL57J', 'xL5J', 'xL8J', 'zL58J', 'xL6J'}
| | | | +-- , 45 , {47} , {'xL5J', 'xL8J', 'zL59J', 'zL58J'}
| | | | | +-- , 47 , set() , {'xL8J', 'zL59J', 'w17'}
| | | +-- , 49 , {51} , {'zL10J', 'xL6J', 'xL5J', 'zL11J', 'xL8J', 'xL2J'}
| | | | +-- , 51 , {53} , {'zL10J', 'zL9J', 'xL8J', 'xL6J', 'xL2J'}
| | | | | +-- , 53 , {55} , {'zL8J', 'zL9J', 'xL8J', 'xL6J'}
| | | | | | +-- , 55 , set() , {'yL2J', 'xL8J', 'zL8J'}
| | | +-- , 19 , set() , {'w21', 'xL0J', 'zL74J', 'zL72J', 'yL18J', 'zL73J', 'xL3J', 'xL7J', 'xL5J', 'xL9J', 'zL75J'}
| | | +-- , 21 , set() , {'zL38J', 'xL3J', 'xL6J', 'yL9J', 'xL5J', 'zL37J', 'xL9J', 'w12', 'zL36J', 'zL39J', 'xL2J'}
| | | +-- , 23 , {25} , {'zL23J', 'xL5J', 'zL22J', 'xL8J'}
| | | | +-- , 25 , set() , {'zL23J', 'xL5J', 'w8'}
| | | +-- , 57 , {59} , {'xL5J', 'zL33J', 'xL6J', 'zL32J'}
| | | | +-- , 59 , set() , {'xL6J', 'zL32J', 'yL8J'}
| | | +-- , 27 , {29} , {'xL0J', 'zL25J', 'zL26J', 'xL5J', 'xL1J'}
| | | | +-- , 29 , {31} , {'zL27J', 'xL5J', 'xL0J', 'zL26J'}
| | | | | +-- , 31 , set() , {'w9', 'zL27J', 'xL5J'}
| | | +-- , 61 , {63} , {'zL42J', 'xL5J', 'xL8J', 'zL43J'}
| | | | +-- , 63 , set() , {'xL5J', 'zL43J', 'w13'}
| +-- , 75 , {77} , {'zL20J', 'zL21J', 'xL3J', 'xL2J'}
| | +-- , 77 , set() , {'zL20J', 'xL3J', 'yL5J'}
| +-- , 79 , {81} , {'xL9J', 'zL62J', 'xL8J', 'zL61J', 'xL7J'}
| | +-- , 81 , {83} , {'xL9J', 'zL61J', 'xL7J', 'zL60J'}
| | | +-- , 83 , set() , {'xL7J', 'zL60J', 'yL15J'}
| +-- , 85 , {87} , {'xL6J', 'xL3J', 'zL12J', 'xL7J', 'zL13J', 'xL1J'}
| | +-- , 87 , {89} , {'zL14J', 'xL6J', 'xL3J', 'xL7J', 'zL13J'}
| | | +-- , 89 , {91} , {'zL14J', 'xL6J', 'xL3J', 'zL15J'}
| | | | +-- , 91 , set() , {'xL3J', 'zL15J', 'w6'}
| +-- , 93 , set() , {'yL6J', 'xL7J', 'zL24J'}
| +-- , 95 , set() , {'xL4J', 'zL18J', 'xL3J', 'xL6J', 'zL19J', 'zL16J', 'w7', 'xL9J', 'zL17J', 'yL4J', 'xL8J'}
| +-- , 97 , set() , {'xL3J', 'yL1J', 'xL7J', 'zL5J', 'w4', 'zL6J', 'zL7J', 'xL1J', 'xL9J', 'zL4J', 'xL2J'}
| +-- , 99 , {105, 101} , {'xL6J', 'xL3J', 'xL7J', 'zL49J', 'zL50J', 'xL9J', 'xL2J'}
| | +-- , 105 , {107} , {'zL50J', 'zL51J', 'xL6J', 'xL2J'}
| | | +-- , 107 , set() , {'zL51J', 'w15', 'xL2J'}
| | +-- , 101 , {103} , {'zL49J', 'xL9J', 'zL48J', 'xL3J'}
| | | +-- , 103 , set() , {'yL12J', 'xL9J', 'zL48J'}
| +-- , 109 , set() , {'zL64J', 'xL8J', 'xL4J', 'zL65J', 'xL6J', 'zL67J', 'xL7J', 'yL16J', 'xL9J', 'zL66J', 'w19'}
| +-- , 111 , {113} , {'zL70J', 'zL69J', 'xL4J', 'xL7J', 'xL2J'}
| | +-- , 113 , {115} , {'zL68J', 'zL69J', 'xL4J', 'xL2J'}
| | | +-- , 115 , set() , {'zL68J', 'yL17J', 'xL2J'}
| +-- , 117 , set() , {'zL63J', 'xL4J', 'w18'}
| +-- , 119 , {121} , {'zL34J', 'xL1J', 'xL9J', 'zL33J', 'xL3J'}
| | +-- , 121 , {123} , {'zL34J', 'xL1J', 'xL9J', 'zL35J'}
| | | +-- , 123 , set() , {'zL35J', 'w11', 'xL1J'}
| +-- , 125 , {127} , {'zL57J', 'zL56J', 'xL4J', 'xL7J'}
| | +-- , 127 , set() , {'yL14J', 'zL56J', 'xL7J'}


Max number of edges with non zero Y: 55
Max number of iterations of outer rounding loop: 6
Max number of candidate sets: 2
Time spent rounding: 21.667
Time spent solving Separator LP: 14.605
Total time spent solving: 43.664

LP Solver: GaifmanBoosted
Lower Bound Witness = ({'zL20J', 'zL26J', 'yL18J', 'zL58J', 'zL79J', 'yL5J', 'w20', 'zL13J', 'zL66J', 'zL43J', 'w8', 'yL3J', 'w7', 'zL54J', 'yL12J', 'zL3J', 'zL27J', 'zL14J', 'zL22J', 'zL67J', 'zL15J', 'yL2J', 'zL17J', 'zL48J', 'zL31J', 'w11', 'xL2J', 'yL7J', 'zL1J', 'w14', 'w5', 'yL19J', 'zL0J', 'w21', 'xL0J', 'w22', 'w18', 'zL77J', 'zL78J', 'zL40J', 'zL64J', 'w16', 'xL7J', 'zL57J', 'zL45J', 'zL11J', 'zL8J', 'yL9J', 'yL4J', 'zL30J', 'zL19J', 'yL6J', 'yL0J', 'zL16J', 'xL9J', 'xL8J', 'zL28J', 'xL6J', 'w17', 'zL47J', 'zL10J', 'zL46J', 'yL8J', 'yL1J', 'zL50J', 'zL70J', 'zL24J', 'zL76J', 'zL33J', 'zL32J', 'w19', 'w10', 'zL12J', 'zL2J', 'w12', 'w13', 'yL11J', 'xL4J', 'zL63J', 'xL3J', 'w6', 'zL42J', 'zL55J', 'zL23J', 'zL71J', 'w15', 'zL21J', 'zL34J', 'zL25J', 'zL65J', 'zL61J', 'zL35J', 'zL6J', 'zL7J', 'yL16J', 'zL37J', 'zL36J', 'yL14J', 'yL10J', 'yL13J', 'zL5J', 'xL5J', 'zL75J', 'zL59J', 'zL52J', 'zL72J', 'yL15J', 'zL41J', 'zL69J', 'zL4J', 'zL39J', 'zL56J', 'zL53J', 'zL44J', 'yL17J', 'zL51J', 'w9', 'zL29J', 'zL62J', 'zL38J', 'zL74J', 'w3', 'zL68J', 'zL9J', 'zL18J', 'zL73J', 'zL49J', 'w4', 'xL1J', 'zL60J'}, {'yL14J', 'zL20J', 'w21', 'zL26J', 'yL10J', 'zL58J', 'yL13J', 'zL79J', 'zL13J', 'zL5J', 'zL50J', 'zL70J', 'xL5J', 'zL75J', 'zL32J', 'w19', 'w8', 'zL40J', 'zL64J', 'w16', 'yL15J', 'zL57J', 'w7', 'zL45J', 'w12', 'zL39J', 'yL11J', 'zL54J', 'zL27J', 'zL63J', 'w6', 'yL6J', 'zL42J', 'zL51J', 'yL0J', 'zL16J', 'yL2J', 'zL17J', 'zL21J', 'xL8J', 'zL62J', 'zL28J', 'yL7J', 'zL34J', 'w3', 'zL68J', 'zL73J', 'zL61J', 'w17', 'zL49J', 'zL6J', 'zL7J', 'zL47J', 'w5'})