49, 0, 8.0, 8
+-- , 0 , {97, 3, 67, 41, 43, 77, 79, 87, 89, 91} , {'xL0J', 'xL4J', 'xL3J', 'zL78J', 'xL6J', 'xL7J', 'zL50J', 'zL6J', 'xL5J', 'zL69J', 'xL9J', 'zL11J', 'xL8J'}
| +-- , 97 , set() , {'zL64J', 'xL8J', 'xL4J', 'zL65J', 'xL6J', 'zL67J', 'xL7J', 'yL16J', 'xL9J', 'zL66J', 'w19'}
| +-- , 3 , {5, 7} , {'zL10J', 'xL0J', 'zL46J', 'xL4J', 'xL3J', 'zL78J', 'zL5J', 'zL50J', 'zL51J', 'xL5J', 'xL9J', 'yL2J', 'xL8J', 'xL6J', 'zL6J', 'zL47J', 'zL69J', 'zL11J', 'zL8J'}
| | +-- , 5 , set() , {'w14', 'zL47J', 'xL9J'}
| | +-- , 7 , {9} , {'zL10J', 'xL0J', 'zL46J', 'xL4J', 'xL3J', 'yL13J', 'zL78J', 'zL79J', 'zL5J', 'zL51J', 'xL5J', 'xL9J', 'xL8J', 'zL52J', 'zL68J', 'xL6J', 'zL69J', 'zL8J'}
| | | +-- , 9 , {33, 37, 39, 11, 17, 19, 21, 23, 29, 31} , {'zL10J', 'xL0J', 'zL46J', 'xL4J', 'xL3J', 'zL79J', 'zL5J', 'zL51J', 'xL5J', 'xL9J', 'xL8J', 'xL2J', 'zL52J', 'zL68J', 'zL9J', 'xL6J', 'zL8J'}
| | | | +-- , 33 , {35} , {'zL5J', 'zL4J', 'xL3J', 'xL2J'}
| | | | | +-- , 35 , set() , {'zL4J', 'yL1J', 'xL3J'}
| | | | +-- , 37 , set() , {'w22', 'xL2J', 'zL79J'}
| | | | +-- , 39 , set() , {'zL51J', 'w15', 'xL2J'}
| | | | +-- , 11 , {13} , {'zL52J', 'zL53J', 'xL3J', 'xL5J', 'xL8J', 'xL2J'}
| | | | | +-- , 13 , {15} , {'zL55J', 'xL5J', 'zL53J', 'xL8J', 'xL3J', 'zL54J'}
| | | | | | +-- , 15 , set() , {'xL8J', 'w16', 'zL55J'}
| | | | +-- , 17 , set() , {'zL38J', 'xL3J', 'xL6J', 'yL9J', 'xL5J', 'zL37J', 'xL9J', 'w12', 'zL36J', 'zL39J', 'xL2J'}
| | | | +-- , 19 , set() , {'zL20J', 'xL0J', 'zL22J', 'xL3J', 'yL5J', 'zL23J', 'xL5J', 'zL21J', 'xL8J', 'xL2J', 'w8'}
| | | | +-- , 21 , set() , {'zL28J', 'yL7J', 'w10', 'zL30J', 'xL6J', 'xL5J', 'xL9J', 'xL8J', 'zL29J', 'zL31J', 'xL2J'}
| | | | +-- , 23 , {25} , {'zL45J', 'zL46J', 'xL8J', 'xL6J', 'xL2J'}
| | | | | +-- , 25 , {27} , {'zL45J', 'zL44J', 'xL8J', 'xL2J'}
| | | | | | +-- , 27 , set() , {'zL44J', 'xL8J', 'yL11J'}
| | | | +-- , 29 , set() , {'zL40J', 'yL10J', 'xL4J', 'zL42J', 'zL41J', 'xL5J', 'xL9J', 'xL8J', 'zL43J', 'w13', 'xL2J'}
| | | | +-- , 31 , set() , {'zL68J', 'yL17J', 'xL2J'}
| +-- , 67 , {75, 69} , {'xL0J', 'xL4J', 'zL61J', 'xL7J', 'xL9J', 'xL8J', 'zL60J'}
| | +-- , 75 , set() , {'xL7J', 'zL60J', 'yL15J'}
| | +-- , 69 , {71} , {'xL0J', 'zL62J', 'xL4J', 'xL8J', 'zL61J'}
| | | +-- , 71 , {73} , {'xL0J', 'xL4J', 'zL63J', 'zL62J'}
| | | | +-- , 73 , set() , {'zL63J', 'xL4J', 'w18'}
| +-- , 41 , set() , {'w21', 'xL0J', 'zL74J', 'zL72J', 'yL18J', 'zL73J', 'xL3J', 'xL7J', 'xL5J', 'xL9J', 'zL75J'}
| +-- , 43 , {45} , {'xL0J', 'xL4J', 'xL3J', 'zL78J', 'zL70J', 'xL5J', 'zL71J', 'xL9J', 'xL6J', 'xL7J', 'zL6J', 'zL7J', 'zL69J'}
| | +-- , 45 , {49, 47} , {'xL0J', 'xL4J', 'yL8J', 'xL3J', 'zL77J', 'zL78J', 'xL5J', 'zL71J', 'xL9J', 'zL32J', 'zL34J', 'xL6J', 'xL7J', 'zL35J', 'zL7J'}
| | | +-- , 49 , {65, 51, 53, 55, 59, 61, 63} , {'zL27J', 'xL0J', 'xL3J', 'zL77J', 'zL15J', 'w6', 'xL5J', 'zL24J', 'zL71J', 'xL9J', 'zL76J', 'w9', 'zL25J', 'xL6J', 'xL7J', 'zL35J', 'zL7J', 'xL1J'}
| | | | +-- , 65 , set() , {'w4', 'zL7J', 'xL1J'}
| | | | +-- , 51 , set() , {'yL6J', 'xL7J', 'zL24J'}
| | | | +-- , 53 , set() , {'zL71J', 'xL1J', 'w20'}
| | | | +-- , 55 , {57} , {'zL14J', 'xL6J', 'xL7J', 'zL15J', 'xL5J', 'xL1J'}
| | | | | +-- , 57 , set() , {'zL14J', 'yL3J', 'xL7J', 'zL12J', 'zL13J', 'xL5J', 'xL1J'}
| | | | +-- , 59 , set() , {'zL27J', 'xL0J', 'zL25J', 'zL26J', 'xL1J'}
| | | | +-- , 61 , set() , {'yL19J', 'xL9J', 'zL76J'}
| | | | +-- , 63 , set() , {'zL35J', 'w11', 'xL1J'}
| | | +-- , 47 , set() , {'zL34J', 'xL3J', 'xL5J', 'zL33J', 'zL32J'}
| +-- , 77 , set() , {'xL7J', 'w5', 'zL11J'}
| +-- , 79 , {81} , {'zL3J', 'xL0J', 'w3', 'xL6J', 'xL3J', 'xL5J', 'zL2J', 'xL8J'}
| | +-- , 81 , {83} , {'zL1J', 'xL5J', 'xL6J', 'zL2J', 'xL3J'}
| | | +-- , 83 , {85} , {'zL0J', 'zL1J', 'xL6J', 'xL3J'}
| | | | +-- , 85 , set() , {'zL0J', 'yL0J', 'xL3J'}
| +-- , 87 , set() , {'xL4J', 'zL18J', 'xL3J', 'xL6J', 'zL19J', 'zL16J', 'w7', 'xL9J', 'zL17J', 'yL4J', 'xL8J'}
| +-- , 89 , set() , {'yL14J', 'zL56J', 'xL4J', 'zL58J', 'xL6J', 'xL7J', 'w17', 'zL57J', 'xL5J', 'xL8J', 'zL59J'}
| +-- , 91 , {93} , {'zL49J', 'zL50J', 'xL9J', 'xL3J', 'xL7J'}
| | +-- , 93 , {95} , {'zL49J', 'xL9J', 'zL48J', 'xL3J'}
| | | +-- , 95 , set() , {'yL12J', 'xL9J', 'zL48J'}


Max number of edges with non zero Y: 64
Max number of iterations of outer rounding loop: 2
Max number of candidate sets: 2
Time spent rounding: 8.058
Time spent solving Separator LP: 0.042
Total time spent solving: 12.542

LP Solver: gammaPlusFractionalCoverHeuristic
Lower Bound Witness = ({'zL20J', 'zL26J', 'yL18J', 'zL58J', 'zL79J', 'yL5J', 'w20', 'zL13J', 'zL66J', 'zL43J', 'w8', 'yL3J', 'w7', 'zL54J', 'yL12J', 'zL3J', 'zL27J', 'zL14J', 'zL22J', 'zL67J', 'zL15J', 'yL2J', 'zL17J', 'zL48J', 'zL31J', 'w11', 'xL2J', 'yL7J', 'zL1J', 'w14', 'w5', 'yL19J', 'zL0J', 'w21', 'xL0J', 'w22', 'w18', 'zL77J', 'zL78J', 'zL40J', 'zL64J', 'w16', 'xL7J', 'zL57J', 'zL45J', 'zL11J', 'zL8J', 'yL9J', 'yL4J', 'zL30J', 'zL19J', 'yL6J', 'yL0J', 'zL16J', 'xL9J', 'xL8J', 'zL28J', 'xL6J', 'w17', 'zL47J', 'zL10J', 'zL46J', 'yL8J', 'yL1J', 'zL50J', 'zL70J', 'zL24J', 'zL76J', 'zL33J', 'zL32J', 'w19', 'w10', 'zL12J', 'zL2J', 'w12', 'w13', 'yL11J', 'xL4J', 'zL63J', 'xL3J', 'w6', 'zL42J', 'zL55J', 'zL23J', 'zL71J', 'w15', 'zL21J', 'zL34J', 'zL25J', 'zL65J', 'zL61J', 'zL35J', 'zL6J', 'zL7J', 'yL16J', 'zL37J', 'zL36J', 'yL14J', 'yL10J', 'yL13J', 'zL5J', 'xL5J', 'zL75J', 'zL59J', 'zL52J', 'zL72J', 'yL15J', 'zL41J', 'zL69J', 'zL4J', 'zL39J', 'zL56J', 'zL53J', 'zL44J', 'yL17J', 'zL51J', 'w9', 'zL29J', 'zL62J', 'zL38J', 'zL74J', 'w3', 'zL68J', 'zL9J', 'zL18J', 'zL73J', 'zL49J', 'w4', 'xL1J', 'zL60J'}, {'xL0J', 'w5', 'xL2J', 'yL15J'})