24, 1, 4.0, 4
+-- , 7 , {32, 34, 5, 9, 28} , {'53', '6', '22', '38', '31', '20', '41'}
| +-- , 32 , {33} , {'53', '38', '41'}
| | +-- , 33 , set() , {'47', '48', '28'}
| +-- , 34 , {35} , {'53', '38', '41'}
| | +-- , 35 , set() , {'3', '24', '26'}
| +-- , 5 , {3} , {'11', '6', '38', '31', '20', '1', '41'}
| | +-- , 3 , {0, 24} , {'11', '6', '32', '31', '38', '30', '1', '41'}
| | | +-- , 0 , {21} , {'52', '11', '27', '32', '38', '30', '1'}
| | | | +-- , 21 , {23} , {'39', '16', '30', '32'}
| | | | | +-- , 23 , set() , {'30', '39', '44'}
| | | +-- , 24 , {25} , {'31', '41', '30'}
| | | | +-- , 25 , set() , {'2', '41', '30'}
| +-- , 9 , {26, 11} , {'6', '22', '31', '18', '8', '45'}
| | +-- , 26 , {27} , {'22', '18', '31'}
| | | +-- , 27 , {30} , {'31', '7', '43'}
| | | | +-- , 30 , {31} , {'31', '7', '43'}
| | | | | +-- , 31 , set() , {'31', '7', '13'}
| | +-- , 11 , {17, 13} , {'22', '18', '8', '33', '45'}
| | | +-- , 17 , {19} , {'18', '12', '8', '33'}
| | | | +-- , 19 , set() , {'18', '12', '21'}
| | | +-- , 13 , {15} , {'22', '5', '18', '33', '42'}
| | | | +-- , 15 , set() , {'15', '22', '18', '42', '36', '23'}
| +-- , 28 , {29} , {'22', '53', '20'}
| | +-- , 29 , set() , {'22', '53', '19'}


Max number of edges with non zero Y: 11
Max number of iterations of outer rounding loop: 1
Max number of candidate sets: 2
Time spent rounding: 0.224
Time spent solving Separator LP: 0.011
Total time spent solving: 0.533

LP Solver: gammaPlusFractionalCoverHeuristic
Number of Rounding Attemps: 8
Lower Bound Witness = ({'52', '39', '11', '15', '22', '31', '8', '42', '36', '32', '30', '20', '23', '1', '12', '44', '53', '5', '45', '21', '16', '27', '6', '38', '18', '33', '41'}, {'44', '27', '18', '30', '42'})