23, 1, 3.5, 4
+-- , 11 , {32, 34, 9, 13, 24, 28} , {'53', '32', '22', '38', '31', '30', '20', '41'}
| +-- , 32 , {33} , {'53', '38', '41'}
| | +-- , 33 , set() , {'47', '48', '28'}
| +-- , 34 , {35} , {'53', '38', '41'}
| | +-- , 35 , set() , {'3', '24', '26'}
| +-- , 9 , {17, 7} , {'11', '6', '32', '22', '31', '38', '20', '1'}
| | +-- , 17 , set() , {'52', '11', '27', '38', '1'}
| | +-- , 7 , {5} , {'11', '6', '22', '31', '8', '45', '20', '1'}
| | | +-- , 5 , {0} , {'11', '22', '31', '33', '8', '45', '20', '1'}
| | | | +-- , 0 , {26, 19, 21} , {'12', '11', '22', '31', '18', '8', '33', '20', '1'}
| | | | | +-- , 26 , {27} , {'22', '18', '31'}
| | | | | | +-- , 27 , {30} , {'31', '7', '43'}
| | | | | | | +-- , 30 , {31} , {'31', '7', '43'}
| | | | | | | | +-- , 31 , set() , {'31', '7', '13'}
| | | | | +-- , 19 , set() , {'18', '12', '21'}
| | | | | +-- , 21 , {23} , {'22', '5', '18', '33', '42'}
| | | | | | +-- , 23 , set() , {'15', '22', '18', '42', '36', '23'}
| +-- , 13 , {15} , {'39', '16', '30', '32'}
| | +-- , 15 , set() , {'30', '39', '44'}
| +-- , 24 , {25} , {'31', '41', '30'}
| | +-- , 25 , set() , {'2', '41', '30'}
| +-- , 28 , {29} , {'22', '53', '20'}
| | +-- , 29 , set() , {'22', '53', '19'}


Max number of edges with non zero Y: 13
Max number of iterations of outer rounding loop: 2
Max number of candidate sets: 2
Time spent rounding: 0.343
Time spent solving Separator LP: 0.010
Total time spent solving: 0.712

LP Solver: gammaPlusFractionalCoverHeuristic
Number of Rounding Attemps: 8
Lower Bound Witness = ({'52', '39', '11', '15', '22', '31', '8', '42', '36', '32', '30', '20', '23', '1', '12', '44', '53', '5', '45', '21', '16', '27', '6', '38', '18', '33', '41'}, {'39', '8', '33', '42', '1'})