23, 2.6620214901274455, 8.0, 8
+-- , 0 , {48, 3, 46} , {'xL6J', 'xL30J', 'xL39J', 'xL12J', 'xL1J', 'xL5J', 'xL34J', 'xL10J', 'xL33J', 'xL29J', 'xL21J', 'xL35J'}
| +-- , 48 , set() , {'xL39J', 'xL13J', 'xL34J', 'xL10J', 'xL35J'}
| +-- , 3 , {5} , {'xL6J', 'xL30J', 'xL39J', 'xL9J', 'xL1J', 'xL22J', 'xL34J', 'xL10J', 'xL29J', 'xL21J', 'xL35J', 'xL33J', 'xL12J'}
| | +-- , 5 , {7} , {'xL6J', 'xL0J', 'xL39J', 'xL9J', 'xL1J', 'xL22J', 'xL34J', 'xL10J', 'xL29J', 'xL21J', 'xL35J', 'xL33J', 'xL12J'}
| | | +-- , 7 , {9} , {'xL6J', 'xL0J', 'xL39J', 'xL9J', 'xL1J', 'xL22J', 'xL7J', 'xL34J', 'xL10J', 'xL29J', 'xL21J', 'xL35J', 'xL25J', 'xL33J'}
| | | | +-- , 9 , {11} , {'xL6J', 'xL0J', 'xL39J', 'xL9J', 'xL1J', 'xL22J', 'xL7J', 'xL34J', 'xL10J', 'xL29J', 'xL21J', 'xL35J', 'xL11J', 'xL33J'}
| | | | | +-- , 11 , {14} , {'xL6J', 'xL39J', 'xL9J', 'xL1J', 'xL22J', 'xL7J', 'xL34J', 'xL10J', 'xL29J', 'xL21J', 'xL35J', 'xL16J', 'xL11J', 'xL38J', 'xL33J'}
| | | | | | +-- , 14 , {16} , {'xL6J', 'xL39J', 'xL9J', 'xL1J', 'xL22J', 'xL7J', 'xL19J', 'xL34J', 'xL29J', 'xL21J', 'xL35J', 'xL16J', 'xL11J', 'xL15J', 'xL38J', 'xL33J'}
| | | | | | | +-- , 16 , {20, 44} , {'xL6J', 'xL39J', 'xL9J', 'xL26J', 'xL1J', 'xL22J', 'xL7J', 'xL19J', 'xL34J', 'xL29J', 'xL16J', 'xL11J', 'xL3J', 'xL15J', 'xL38J', 'xL33J'}
| | | | | | | | +-- , 20 , {22} , {'xL6J', 'xL39J', 'xL20J', 'xL9J', 'xL26J', 'xL1J', 'xL22J', 'xL7J', 'xL19J', 'xL34J', 'xL29J', 'xL16J', 'xL11J', 'xL3J', 'xL15J'}
| | | | | | | | | +-- , 22 , {24} , {'xL6J', 'xL39J', 'xL20J', 'xL36J', 'xL9J', 'xL26J', 'xL1J', 'xL22J', 'xL7J', 'xL19J', 'xL34J', 'xL4J', 'xL29J', 'xL16J', 'xL11J', 'xL3J'}
| | | | | | | | | | +-- , 24 , {26, 42} , {'xL6J', 'xL11J', 'xL3J', 'xL39J', 'xL20J', 'xL36J', 'xL9J', 'xL1J', 'xL22J', 'xL7J', 'xL19J', 'xL34J', 'xL4J', 'xL37J', 'xL29J'}
| | | | | | | | | | | +-- , 26 , {28} , {'xL39J', 'xL20J', 'xL9J', 'xL1J', 'xL22J', 'xL7J', 'xL19J', 'xL34J', 'xL4J', 'xL29J', 'xL23J', 'xL11J', 'xL3J', 'xL37J'}
| | | | | | | | | | | | +-- , 28 , {30} , {'xL39J', 'xL20J', 'xL9J', 'xL1J', 'xL22J', 'xL7J', 'xL19J', 'xL34J', 'xL4J', 'xL23J', 'xL11J', 'xL3J', 'xL24J', 'xL37J'}
| | | | | | | | | | | | | +-- , 30 , {32} , {'xL39J', 'xL20J', 'xL9J', 'xL1J', 'xL22J', 'xL7J', 'xL27J', 'xL34J', 'xL4J', 'xL23J', 'xL11J', 'xL3J', 'xL24J', 'xL37J'}
| | | | | | | | | | | | | | +-- , 32 , {40, 34} , {'xL11J', 'xL39J', 'xL20J', 'xL1J', 'xL22J', 'xL28J', 'xL27J', 'xL34J', 'xL4J', 'xL37J', 'xL23J'}
| | | | | | | | | | | | | | | +-- , 40 , set() , {'xL28J', 'xL20J', 'xL14J'}
| | | | | | | | | | | | | | | +-- , 34 , {36} , {'xL11J', 'xL39J', 'xL37J', 'xL1J', 'xL22J', 'xL28J', 'xL27J', 'xL2J'}
| | | | | | | | | | | | | | | | +-- , 36 , {38} , {'xL11J', 'xL37J', 'xL1J', 'xL22J', 'xL28J', 'xL27J', 'xL8J', 'xL2J'}
| | | | | | | | | | | | | | | | | +-- , 38 , set() , {'xL8J', 'xL28J', 'xL2J', 'xL18J'}
| | | | | | | | | | | +-- , 42 , set() , {'xL7J', 'xL37J', 'xL19J', 'xL32J'}
| | | | | | | | +-- , 44 , set() , {'xL6J', 'xL3J', 'xL39J', 'xL17J', 'xL38J'}
| +-- , 46 , set() , {'xL31J', 'xL29J', 'xL21J', 'xL35J'}


Max number of edges with non zero Y: 20
Max number of iterations of outer rounding loop: 7
Max number of candidate sets: 2
Time spent rounding: 36.334
Time spent solving Separator LP: 0.697

LP Solver: GaifmanNormal