16, 2.975157139243992, 8.5, 9
+-- , 0 , {39, 41, 9} , {'xL39J', 'xL20J', 'xL1J', 'xL32J', 'xL19J', 'xL28J', 'xL7J', 'xL27J', 'xL13J', 'xL22J', 'xL34J', 'xL8J', 'xL29J', 'xL23J', 'xL11J', 'xL24J', 'xL2J'}
| +-- , 39 , set() , {'xL28J', 'xL20J', 'xL14J'}
| +-- , 41 , set() , {'xL8J', 'xL28J', 'xL2J', 'xL18J'}
| +-- , 9 , {35, 37, 12} , {'xL39J', 'xL20J', 'xL1J', 'xL22J', 'xL7J', 'xL32J', 'xL19J', 'xL27J', 'xL28J', 'xL13J', 'xL34J', 'xL10J', 'xL8J', 'xL29J', 'xL23J', 'xL11J', 'xL3J'}
| | +-- , 35 , set() , {'xL1J', 'xL19J', 'xL29J', 'xL13J', 'xL34J', 'xL10J', 'xL31J', 'xL21J', 'xL35J'}
| | +-- , 37 , set() , {'xL30J', 'xL10J', 'xL22J'}
| | +-- , 12 , {16, 33} , {'xL0J', 'xL39J', 'xL20J', 'xL1J', 'xL32J', 'xL7J', 'xL19J', 'xL28J', 'xL27J', 'xL10J', 'xL4J', 'xL8J', 'xL29J', 'xL23J', 'xL11J', 'xL3J'}
| | | +-- , 16 , {18} , {'xL0J', 'xL39J', 'xL20J', 'xL1J', 'xL32J', 'xL7J', 'xL27J', 'xL10J', 'xL4J', 'xL8J', 'xL29J', 'xL23J', 'xL11J', 'xL3J', 'xL37J'}
| | | | +-- , 18 , {21} , {'xL0J', 'xL39J', 'xL20J', 'xL36J', 'xL1J', 'xL7J', 'xL27J', 'xL10J', 'xL4J', 'xL29J', 'xL11J', 'xL3J', 'xL15J', 'xL25J', 'xL37J'}
| | | | | +-- , 21 , {23, 27, 29} , {'xL39J', 'xL20J', 'xL36J', 'xL1J', 'xL27J', 'xL10J', 'xL4J', 'xL29J', 'xL11J', 'xL3J', 'xL15J', 'xL25J', 'xL38J', 'xL37J'}
| | | | | | +-- , 23 , {25} , {'xL20J', 'xL9J', 'xL26J', 'xL25J', 'xL38J', 'xL27J', 'xL4J', 'xL29J'}
| | | | | | | +-- , 25 , set() , {'xL9J', 'xL33J', 'xL25J', 'xL26J'}
| | | | | | +-- , 27 , set() , {'xL16J', 'xL20J', 'xL36J', 'xL15J', 'xL38J', 'xL10J'}
| | | | | | +-- , 29 , {31} , {'xL6J', 'xL3J', 'xL39J', 'xL36J', 'xL1J', 'xL17J', 'xL38J', 'xL37J'}
| | | | | | | +-- , 31 , set() , {'xL6J', 'xL5J'}
| | | +-- , 33 , set() , {'xL12J', 'xL0J', 'xL1J'}


Max number of edges with non zero Y: 37
Max number of iterations of outer rounding loop: 7
Max number of candidate sets: 2
Time spent rounding: 54.256
Time spent solving Separator LP: 1.517

LP Solver: GaifmanBoosted