19, 2.5, 4.5, 5
+-- , 0 , {35, 39, 11, 43, 47, 17, 23, 27, 31} , {'xL1J', 'xL8J', 'xL0J', 'xL3J', 'xL6J', 'xL4J', 'xL7J', 'xL5J', 'xL2J'}
| +-- , 35 , {37} , {'xL3J', 'yL21J'}
| | +-- , 37 , set() , {'yL27J', 'yL23J', 'yL21J', 'yL26J', 'yL25J', 'yL24J', 'yL22J'}
| +-- , 39 , {41} , {'yL49J', 'xL7J'}
| | +-- , 41 , set() , {'yL53J', 'yL51J', 'yL50J', 'yL55J', 'yL52J', 'yL54J', 'yL49J'}
| +-- , 11 , {13} , {'xL0J', 'yL0J'}
| | +-- , 13 , set() , {'yL4J', 'yL1J', 'yL6J', 'yL3J', 'yL2J', 'yL5J', 'yL0J'}
| +-- , 43 , {45} , {'yL28J', 'xL4J'}
| | +-- , 45 , set() , {'yL34J', 'yL32J', 'yL29J', 'yL30J', 'yL28J', 'yL31J', 'yL33J'}
| +-- , 47 , {49} , {'xL1J', 'yL7J'}
| | +-- , 49 , set() , {'yL7J', 'yL10J', 'yL8J', 'yL11J', 'yL9J', 'yL12J', 'yL13J'}
| +-- , 17 , {19} , {'yL35J', 'xL5J'}
| | +-- , 19 , set() , {'yL35J', 'yL37J', 'yL40J', 'yL39J', 'yL38J', 'yL41J', 'yL36J'}
| +-- , 23 , {25} , {'xL2J', 'yL14J'}
| | +-- , 25 , set() , {'yL17J', 'yL16J', 'yL19J', 'yL20J', 'yL18J', 'yL15J', 'yL14J'}
| +-- , 27 , {29} , {'xL8J', 'yL56J'}
| | +-- , 29 , set() , {'yL57J', 'yL59J', 'yL62J', 'yL58J', 'yL56J', 'yL61J', 'yL60J'}
| +-- , 31 , {33} , {'yL42J', 'xL6J'}
| | +-- , 33 , set() , {'yL43J', 'yL48J', 'yL42J', 'yL45J', 'yL46J', 'yL44J', 'yL47J'}


Max number of edges with non zero Y: 4
Max number of iterations of outer rounding loop: 0
Max number of candidate sets: 0
Time spent rounding: 0.000
Time spent solving Separator LP: 2.859
Total time spent solving: 3.768

LP Solver: GaifmanNormalILP
Lower Bound Witness = ({'xL8J', 'yL17J', 'yL16J', 'yL19J', 'yL20J', 'yL39J', 'xL6J', 'yL15J', 'yL36J', 'xL1J', 'yL35J', 'yL1J', 'yL3J', 'yL2J', 'yL5J', 'yL14J', 'yL0J', 'yL4J', 'xL3J', 'yL40J', 'yL38J', 'xL4J', 'xL7J', 'xL5J', 'xL2J', 'yL37J', 'xL0J', 'yL6J', 'yL18J', 'yL41J'}, {'xL1J', 'xL8J', 'xL3J', 'xL6J', 'xL4J', 'xL7J'})