20, 1.5454539696969696, 5.5, 6
+-- , 0 , {35, 6, 39, 43, 47} , {'xL7J', 'xL1J', 'yL27J', 'xL8J', 'yL25J', 'xL9J', 'yL24J', 'yL26J'}
| +-- , 35 , {37} , {'yL32J', 'xL8J'}
| | +-- , 37 , set() , {'yL34J', 'yL32J', 'yL35J', 'yL33J'}
| +-- , 6 , {8} , {'xL6J', 'xL7J', 'xL1J', 'xL8J', 'xL9J', 'yL24J'}
| | +-- , 8 , {11} , {'xL6J', 'xL7J', 'xL1J', 'xL8J', 'yL1J', 'xL9J', 'yL3J', 'yL0J', 'yL2J'}
| | | +-- , 11 , {13} , {'xL6J', 'xL7J', 'xL1J', 'xL0J', 'xL8J', 'xL9J', 'yL0J'}
| | | | +-- , 13 , {33, 17} , {'xL6J', 'xL7J', 'xL3J', 'xL1J', 'xL0J', 'xL8J', 'yL12J', 'xL9J'}
| | | | | +-- , 33 , set() , {'yL15J', 'yL14J', 'yL13J', 'yL12J'}
| | | | | +-- , 17 , {20} , {'yL17J', 'xL1J', 'xL0J', 'yL18J', 'yL16J', 'xL9J', 'yL19J', 'xL6J', 'xL7J', 'xL3J', 'xL8J'}
| | | | | | +-- , 20 , {22} , {'xL6J', 'xL7J', 'xL3J', 'xL1J', 'xL0J', 'xL8J', 'yL16J', 'xL9J', 'xL4J'}
| | | | | | | +-- , 22 , {24, 31} , {'xL6J', 'yL11J', 'xL7J', 'xL3J', 'xL1J', 'yL10J', 'xL0J', 'yL9J', 'xL8J', 'yL8J', 'xL5J', 'xL9J', 'xL4J'}
| | | | | | | | +-- , 24 , {26} , {'xL5J', 'yL20J'}
| | | | | | | | | +-- , 26 , set() , {'yL22J', 'yL21J', 'yL23J', 'yL20J'}
| | | | | | | | +-- , 31 , set() , {'xL6J', 'xL7J', 'xL3J', 'xL1J', 'xL0J', 'xL8J', 'yL8J', 'xL5J', 'xL9J', 'xL2J', 'xL4J'}
| +-- , 39 , {41} , {'yL36J', 'xL9J'}
| | +-- , 41 , set() , {'yL36J', 'yL38J', 'yL37J', 'yL39J'}
| +-- , 43 , {45} , {'xL1J', 'yL4J'}
| | +-- , 45 , set() , {'yL7J', 'yL5J', 'yL6J', 'yL4J'}
| +-- , 47 , {49} , {'xL7J', 'yL28J'}
| | +-- , 49 , set() , {'yL29J', 'yL31J', 'yL30J', 'yL28J'}


Max number of edges with non zero Y: 9
Max number of iterations of outer rounding loop: 3
Max number of candidate sets: 2
Time spent rounding: 15.649
Time spent solving Separator LP: 0.549

LP Solver: GaifmanNormal