20, 1.5454545454545454, 5.5, 6
+-- , 0 , {3, 37, 39, 43, 11, 47} , {'xL6J', 'yL8J', 'xL3J', 'xL9J', 'xL2J', 'xL4J'}
| +-- , 3 , {5} , {'yL16J', 'xL4J'}
| | +-- , 5 , set() , {'yL18J', 'yL16J', 'yL17J', 'yL19J'}
| +-- , 37 , set() , {'yL11J', 'yL9J', 'yL8J', 'yL10J'}
| +-- , 39 , {41} , {'yL12J', 'xL3J'}
| | +-- , 41 , set() , {'yL15J', 'yL14J', 'yL13J', 'yL12J'}
| +-- , 43 , {45} , {'xL6J', 'yL24J'}
| | +-- , 45 , set() , {'yL24J', 'yL26J', 'yL25J', 'yL27J'}
| +-- , 11 , {13, 20} , {'xL6J', 'xL3J', 'xL4J', 'xL8J', 'yL1J', 'xL9J', 'yL3J', 'xL2J', 'yL0J', 'yL2J'}
| | +-- , 13 , {15} , {'yL32J', 'xL8J'}
| | | +-- , 15 , set() , {'yL34J', 'yL32J', 'yL35J', 'yL33J'}
| | +-- , 20 , {22} , {'xL6J', 'xL3J', 'xL0J', 'xL8J', 'xL9J', 'xL2J', 'yL0J', 'xL4J'}
| | | +-- , 22 , {25} , {'xL0J', 'yL31J', 'yL30J', 'xL9J', 'xL2J', 'xL6J', 'yL28J', 'xL3J', 'xL8J', 'yL29J', 'xL4J'}
| | | | +-- , 25 , {27} , {'xL6J', 'xL7J', 'yL28J', 'xL3J', 'xL0J', 'xL8J', 'xL9J', 'xL2J', 'xL4J'}
| | | | | +-- , 27 , {30} , {'yL7J', 'yL5J', 'xL0J', 'yL6J', 'yL4J', 'xL9J', 'xL2J', 'xL6J', 'xL7J', 'xL3J', 'xL8J', 'xL4J'}
| | | | | | +-- , 30 , {32} , {'xL1J', 'xL0J', 'yL4J', 'xL9J', 'xL2J', 'xL6J', 'xL7J', 'xL3J', 'xL8J', 'xL4J'}
| | | | | | | +-- , 32 , {35} , {'yL22J', 'xL1J', 'xL0J', 'xL9J', 'yL21J', 'xL2J', 'yL23J', 'xL6J', 'xL7J', 'xL3J', 'xL8J', 'xL4J', 'yL20J'}
| | | | | | | | +-- , 35 , set() , {'xL6J', 'xL7J', 'xL3J', 'xL1J', 'xL0J', 'xL8J', 'xL5J', 'xL9J', 'xL2J', 'xL4J', 'yL20J'}
| +-- , 47 , {49} , {'yL36J', 'xL9J'}
| | +-- , 49 , set() , {'yL36J', 'yL38J', 'yL37J', 'yL39J'}


Max number of edges with non zero Y: 10
Max number of iterations of outer rounding loop: 3
Max number of candidate sets: 2
Time spent rounding: 13.921
Time spent solving Separator LP: 0.601

LP Solver: GaifmanBoosted