21, 1.5643558514851486, 5.0, 5
+-- , 0 , {49, 35, 37, 7, 41, 45} , {'xL6J', 'xL7J', 'xL9J', 'yL24J', 'xL2J', 'xL0J'}
| +-- , 49 , {51} , {'xL7J', 'yL28J'}
| | +-- , 51 , set() , {'yL29J', 'yL31J', 'yL30J', 'yL28J'}
| +-- , 35 , set() , {'yL24J', 'yL26J', 'yL25J', 'yL27J'}
| +-- , 37 , {39} , {'yL36J', 'xL9J'}
| | +-- , 39 , set() , {'yL36J', 'yL38J', 'yL37J', 'yL39J'}
| +-- , 7 , {33, 11, 29} , {'xL6J', 'xL7J', 'xL1J', 'xL0J', 'yL4J', 'xL5J', 'xL9J', 'xL2J'}
| | +-- , 33 , set() , {'yL7J', 'yL5J', 'yL6J', 'yL4J'}
| | +-- , 11 , {27, 15} , {'xL6J', 'xL7J', 'yL32J', 'xL1J', 'xL0J', 'xL8J', 'xL5J', 'xL9J', 'xL2J'}
| | | +-- , 27 , set() , {'yL34J', 'yL32J', 'yL35J', 'yL33J'}
| | | +-- , 15 , {17, 23} , {'xL6J', 'xL7J', 'xL3J', 'xL1J', 'xL0J', 'xL8J', 'xL5J', 'xL9J', 'xL2J', 'xL4J'}
| | | | +-- , 17 , {19} , {'yL16J', 'xL4J'}
| | | | | +-- , 19 , set() , {'yL18J', 'yL16J', 'yL17J', 'yL19J'}
| | | | +-- , 23 , {25} , {'yL12J', 'xL3J'}
| | | | | +-- , 25 , set() , {'yL15J', 'yL14J', 'yL13J', 'yL12J'}
| | +-- , 29 , {31} , {'xL5J', 'yL20J'}
| | | +-- , 31 , set() , {'yL22J', 'yL21J', 'yL23J', 'yL20J'}
| +-- , 41 , {43} , {'xL2J', 'yL8J'}
| | +-- , 43 , set() , {'yL11J', 'yL9J', 'yL8J', 'yL10J'}
| +-- , 45 , {47} , {'yL0J', 'xL0J'}
| | +-- , 47 , set() , {'yL3J', 'yL1J', 'yL0J', 'yL2J'}


Max number of edges with non zero Y: 9
Max number of iterations of outer rounding loop: 3
Max number of candidate sets: 2
Time spent rounding: 13.119
Time spent solving Separator LP: 0.594

LP Solver: GaifmanNormal