22, 2.949164826303868, 7.0, 7
+-- , 0 , {40, 3} , {'xL3J', 'xL31J', 'xL1J', 'xL56J', 'xL0J', 'xL14J', 'xL40J', 'xL30J', 'xL5J', 'xL32J', 'xL4J', 'xL2J', 'xL35J'}
| +-- , 40 , {42} , {'xL41J', 'xL56J', 'xL6J', 'xL29J', 'xL35J', 'xL14J', 'xL40J', 'xL52J', 'xL3J'}
| | +-- , 42 , {44} , {'xL41J', 'xL8J', 'xL6J', 'xL51J', 'xL29J', 'xL26J', 'xL7J', 'xL52J'}
| | | +-- , 44 , {47} , {'xL8J', 'xL51J', 'xL29J', 'xL27J', 'xL26J', 'xL28J', 'xL7J', 'xL24J', 'xL52J'}
| | | | +-- , 47 , set() , {'xL8J', 'xL51J', 'xL27J', 'xL49J', 'xL26J', 'xL25J', 'xL50J', 'xL7J', 'xL24J'}
| +-- , 3 , {24, 7} , {'xL10J', 'xL56J', 'xL14J', 'xL40J', 'xL17J', 'xL16J', 'xL32J', 'xL4J', 'xL15J', 'xL11J', 'xL31J', 'xL0J', 'xL1J', 'xL35J', 'xL30J', 'xL5J', 'xL2J'}
| | +-- , 24 , {26} , {'xL15J', 'xL11J', 'xL1J', 'xL10J', 'xL17J', 'xL14J', 'xL40J', 'xL16J', 'xL9J', 'xL2J'}
| | | +-- , 26 , {28} , {'xL15J', 'xL1J', 'xL17J', 'xL14J', 'xL40J', 'xL16J', 'xL9J', 'xL43J', 'xL2J'}
| | | | +-- , 28 , {30} , {'xL15J', 'xL39J', 'xL36J', 'xL1J', 'xL14J', 'xL40J', 'xL16J', 'xL12J', 'xL43J', 'xL2J'}
| | | | | +-- , 30 , {32} , {'xL42J', 'xL39J', 'xL36J', 'xL1J', 'xL14J', 'xL40J', 'xL12J', 'xL13J', 'xL2J'}
| | | | | | +-- , 32 , {34} , {'xL42J', 'xL39J', 'xL36J', 'xL1J', 'xL59J', 'xL38J', 'xL2J'}
| | | | | | | +-- , 34 , {36} , {'xL39J', 'xL36J', 'xL1J', 'xL37J', 'xL59J', 'xL38J', 'xL2J'}
| | | | | | | | +-- , 36 , {38} , {'xL39J', 'xL58J', 'xL1J', 'xL37J', 'xL59J', 'xL2J'}
| | | | | | | | | +-- , 38 , set() , {'xL39J', 'xL58J', 'xL1J', 'xL57J', 'xL2J'}
| | +-- , 7 , {9} , {'xL10J', 'xL56J', 'xL32J', 'xL4J', 'xL11J', 'xL31J', 'xL48J', 'xL0J', 'xL30J', 'xL5J', 'xL23J', 'xL35J'}
| | | +-- , 9 , {11, 18} , {'xL11J', 'xL31J', 'xL10J', 'xL56J', 'xL48J', 'xL47J', 'xL30J', 'xL5J', 'xL32J', 'xL4J', 'xL23J', 'xL35J'}
| | | | +-- , 11 , {13} , {'xL20J', 'xL48J', 'xL47J', 'xL46J', 'xL5J', 'xL23J', 'xL4J'}
| | | | | +-- , 13 , {16} , {'xL20J', 'xL48J', 'xL46J', 'xL5J', 'xL18J', 'xL19J', 'xL45J', 'xL4J', 'xL23J'}
| | | | | | +-- , 16 , set() , {'xL48J', 'xL44J', 'xL5J', 'xL18J', 'xL45J', 'xL23J', 'xL4J', 'xL21J', 'xL22J'}
| | | | +-- , 18 , {20} , {'xL11J', 'xL31J', 'xL10J', 'xL56J', 'xL55J', 'xL47J', 'xL30J', 'xL32J', 'xL35J'}
| | | | | +-- , 20 , {22} , {'xL11J', 'xL31J', 'xL10J', 'xL56J', 'xL55J', 'xL30J', 'xL34J', 'xL35J', 'xL54J'}
| | | | | | +-- , 22 , set() , {'xL11J', 'xL10J', 'xL34J', 'xL53J', 'xL33J', 'xL35J', 'xL54J'}


Max number of edges with non zero Y: 15
Max number of iterations of outer rounding loop: 4
Max number of candidate sets: 2
Time spent rounding: 8.735
Time spent solving Separator LP: 1.277
Total time spent solving: 13.061

LP Solver: GaifmanBoosted
Lower Bound Witness = ({'xL41J', 'xL10J', 'xL6J', 'xL51J', 'xL47J', 'xL28J', 'xL19J', 'xL50J', 'xL7J', 'xL9J', 'xL13J', 'xL43J', 'xL36J', 'xL48J', 'xL55J', 'xL35J', 'xL46J', 'xL30J', 'xL45J', 'xL23J', 'xL3J', 'xL54J', 'xL2J', 'xL42J', 'xL20J', 'xL8J', 'xL56J', 'xL29J', 'xL14J', 'xL40J', 'xL34J', 'xL26J', 'xL16J', 'xL17J', 'xL37J', 'xL32J', 'xL4J', 'xL21J', 'xL38J', 'xL33J', 'xL57J', 'xL15J', 'xL39J', 'xL11J', 'xL58J', 'xL31J', 'xL0J', 'xL44J', 'xL1J', 'xL27J', 'xL49J', 'xL18J', 'xL53J', 'xL25J', 'xL5J', 'xL12J', 'xL59J', 'xL24J', 'xL52J', 'xL22J'}, {'xL41J', 'xL51J', 'xL28J', 'xL19J', 'xL9J', 'xL43J', 'xL30J', 'xL23J', 'xL3J', 'xL54J', 'xL20J', 'xL56J', 'xL29J', 'xL14J', 'xL26J', 'xL16J', 'xL32J', 'xL4J', 'xL57J', 'xL33J', 'xL15J', 'xL58J', 'xL31J', 'xL1J', 'xL27J', 'xL49J', 'xL5J', 'xL25J', 'xL24J', 'xL52J'})