22, 3.40115652402493, 8.0, 9
+-- , 0 , {48, 32, 34, 8, 44, 46} , {'xL11J', 'xL20J', 'xL4J', 'xL1J', 'xL25J', 'xL14J', 'xL0J', 'xL16J', 'xL30J', 'xL12J', 'xL29J', 'xL8J', 'xL3J', 'xL37J', 'xL35J', 'xL23J'}
| +-- , 48 , set() , {'xL37J', 'xL13J'}
| +-- , 32 , set() , {'xL37J', 'xL24J', 'xL25J', 'xL8J'}
| +-- , 34 , {36, 40, 42} , {'xL12J', 'xL4J', 'xL7J', 'xL25J', 'xL14J', 'xL35J', 'xL23J', 'xL30J'}
| | +-- , 36 , {38} , {'xL12J', 'xL31J', 'xL7J', 'xL25J', 'xL14J', 'xL35J', 'xL30J'}
| | | +-- , 38 , set() , {'xL14J', 'xL17J', 'xL31J', 'xL25J'}
| | +-- , 40 , set() , {'xL14J', 'xL36J', 'xL7J', 'xL30J'}
| | +-- , 42 , set() , {'xL12J', 'xL18J', 'xL4J', 'xL7J', 'xL21J', 'xL14J'}
| +-- , 8 , {10} , {'xL11J', 'xL20J', 'xL1J', 'xL25J', 'xL14J', 'xL0J', 'xL16J', 'xL30J', 'xL12J', 'xL22J', 'xL8J', 'xL29J', 'xL3J', 'xL37J', 'xL35J', 'xL23J'}
| | +-- , 10 , {12, 14} , {'xL11J', 'xL20J', 'xL26J', 'xL1J', 'xL25J', 'xL14J', 'xL0J', 'xL16J', 'xL12J', 'xL22J', 'xL8J', 'xL29J', 'xL3J', 'xL37J', 'xL35J', 'xL23J'}
| | | +-- , 12 , set() , {'xL26J', 'xL39J', 'xL35J', 'xL20J'}
| | | +-- , 14 , {24, 16} , {'xL38J', 'xL11J', 'xL20J', 'xL26J', 'xL1J', 'xL25J', 'xL14J', 'xL0J', 'xL16J', 'xL12J', 'xL8J', 'xL3J', 'xL37J', 'xL22J', 'xL23J'}
| | | | +-- , 24 , {26, 30} , {'xL38J', 'xL12J', 'xL37J', 'xL11J', 'xL20J', 'xL9J', 'xL3J', 'xL1J', 'xL14J', 'xL16J'}
| | | | | +-- , 26 , {28} , {'xL38J', 'xL12J', 'xL11J', 'xL20J', 'xL9J', 'xL5J', 'xL14J', 'xL16J'}
| | | | | | +-- , 28 , set() , {'xL27J', 'xL11J', 'xL5J', 'xL14J', 'xL16J'}
| | | | | +-- , 30 , set() , {'xL9J', 'xL37J', 'xL32J'}
| | | | +-- , 16 , {18, 22} , {'xL38J', 'xL12J', 'xL2J', 'xL11J', 'xL8J', 'xL26J', 'xL3J', 'xL19J', 'xL25J', 'xL0J', 'xL33J', 'xL23J'}
| | | | | +-- , 18 , {20} , {'xL2J', 'xL8J', 'xL3J', 'xL19J', 'xL25J', 'xL6J'}
| | | | | | +-- , 20 , set() , {'xL34J', 'xL19J', 'xL6J', 'xL2J'}
| | | | | +-- , 22 , set() , {'xL26J', 'xL19J', 'xL15J'}
| +-- , 44 , set() , {'xL28J', 'xL20J', 'xL29J', 'xL25J', 'xL35J', 'xL23J'}
| +-- , 46 , set() , {'xL14J', 'xL10J', 'xL20J', 'xL4J'}


Max number of edges with non zero Y: 51
Max number of iterations of outer rounding loop: 7
Max number of candidate sets: 2
Time spent rounding: 26.462
Time spent solving Separator LP: 1.832

LP Solver: GaifmanBoosted