30, 1.7627082443400255, 4.0, 4
+-- , 0 , {3, 53, 55, 41, 60} , {'50', '55', '81', '46', '30', '35'}
| +-- , 3 , {5} , {'50', '55', '75', '81', '46', '35', '15'}
| | +-- , 5 , {39, 37, 9, 11} , {'50', '55', '6', '81', '46', '35', '2', '15'}
| | | +-- , 39 , set() , {'72', '55', '2'}
| | | +-- , 37 , set() , {'6', '81', '26'}
| | | +-- , 9 , set() , {'6', '2', '71'}
| | | +-- , 11 , {13} , {'50', '55', '23', '37', '6', '46', '35', '2', '15'}
| | | | +-- , 13 , {15} , {'55', '23', '6', '46', '1', '35', '31', '2', '15'}
| | | | | +-- , 15 , {17, 35} , {'55', '6', '67', '46', '1', '35', '0', '31', '2', '15'}
| | | | | | +-- , 17 , {33, 19, 29, 31} , {'6', '67', '46', '65', '0', '68', '2', '15'}
| | | | | | | +-- , 33 , set() , {'74', '65', '61'}
| | | | | | | +-- , 19 , {21} , {'46', '0', '68', '2', '20'}
| | | | | | | | +-- , 21 , {25, 23} , {'66', '63', '46', '76', '49', '0', '68', '20'}
| | | | | | | | | +-- , 25 , {27} , {'49', '63', '39', '46'}
| | | | | | | | | | +-- , 27 , set() , {'59', '39', '46'}
| | | | | | | | | +-- , 23 , set() , {'56', '66', '0'}
| | | | | | | +-- , 29 , set() , {'12', '65', '19'}
| | | | | | | +-- , 31 , set() , {'6', '68', '29'}
| | | | | | +-- , 35 , set() , {'4', '0', '35'}
| +-- , 53 , set() , {'79', '46'}
| +-- , 55 , {57} , {'50', '13', '81', '30'}
| | +-- , 57 , {59} , {'43', '50', '81', '77', '13', '17'}
| | | +-- , 59 , set() , {'43', '77', '9'}
| +-- , 41 , {43, 45} , {'48', '81', '41', '35', '80', '3'}
| | +-- , 43 , set() , {'11', '52', '80'}
| | +-- , 45 , {47} , {'48', '80', '3', '33'}
| | | +-- , 47 , {49, 51} , {'48', '45', '38', '33'}
| | | | +-- , 49 , set() , {'48', '45', '10'}
| | | | +-- , 51 , set() , {'73', '45'}
| +-- , 60 , set() , {'53', '60', '5'}


Max number of edges with non zero Y: 11
Max number of iterations of outer rounding loop: 3
Max number of candidate sets: 2
Time spent rounding: 7.527
Time spent solving Separator LP: 0.230

LP Solver: GaifmanBoosted