27, 0, 4.5, 5
+-- , 0 , {32, 50, 54, 55, 6, 30} , {'50', '66', '6', '81', '39', '77', '63', '29', '0', '68'}
| +-- , 32 , {34, 36, 38, 46, 48} , {'81', '41', '65', '35', '4', '0', '80', '68', '15'}
| | +-- , 34 , set() , {'12', '65', '19'}
| | +-- , 36 , set() , {'11', '52', '80'}
| | +-- , 38 , {40} , {'48', '80', '3', '33', '35'}
| | | +-- , 40 , {42, 44} , {'48', '45', '38', '33'}
| | | | +-- , 42 , set() , {'48', '45', '10'}
| | | | +-- , 44 , set() , {'73', '45'}
| | +-- , 46 , set() , {'75', '15', '35'}
| | +-- , 48 , set() , {'74', '65', '61'}
| +-- , 50 , {52} , {'49', '68', '39', '63'}
| | +-- , 52 , set() , {'68', '76', '49'}
| +-- , 54 , set() , {'56', '66', '0'}
| +-- , 55 , set() , {'53', '60', '5'}
| +-- , 6 , {8, 26, 28} , {'50', '66', '6', '39', '81', '0', '68', '77', '63', '46'}
| | +-- , 8 , {10} , {'50', '66', '6', '81', '0', '68', '20', '77', '63', '46', '31'}
| | | +-- , 10 , {24, 12, 14} , {'50', '23', '6', '81', '77', '46', '1', '68', '31', '2', '20'}
| | | | +-- , 24 , set() , {'50', '37', '23'}
| | | | +-- , 12 , set() , {'6', '2', '71'}
| | | | +-- , 14 , {16, 22} , {'55', '81', '77', '67', '46', '1', '68', '2'}
| | | | | +-- , 16 , {18} , {'55', '81', '77', '46', '30'}
| | | | | | +-- , 18 , {20} , {'43', '13', '9', '81', '77', '30'}
| | | | | | | +-- , 20 , set() , {'43', '17', '13'}
| | | | | +-- , 22 , set() , {'72', '55', '2'}
| | +-- , 26 , set() , {'79', '46'}
| | +-- , 28 , set() , {'59', '39', '46'}
| +-- , 30 , set() , {'6', '81', '26'}


Max number of edges with non zero Y: 26
Max number of iterations of outer rounding loop: 7
Max number of candidate sets: 2
Time spent rounding: 5.445
Time spent solving Separator LP: 0.029

LP Solver: gammaPlusFractionalCoverHeuristic