13, 1.9692307692307691, 6.0, 6
+-- , 0 , {11, 7} , {'xL11J', 'xL14J', 'xL23J', 'xL8J', 'xL21J', 'xL13J', 'xL20J', 'xL9J', 'xL19J', 'xL2J', 'xL15J', 'xL7J'}
| +-- , 11 , {13} , {'xL11J', 'xL14J', 'xL23J', 'xL8J', 'xL21J', 'xL17J', 'xL13J', 'xL20J', 'xL9J', 'xL2J', 'xL15J', 'xL7J'}
| | +-- , 13 , {15} , {'xL11J', 'xL23J', 'xL8J', 'xL21J', 'xL17J', 'xL13J', 'xL20J', 'xL9J', 'xL16J', 'xL2J', 'xL6J', 'xL7J'}
| | | +-- , 15 , {17} , {'xL11J', 'xL23J', 'xL17J', 'xL13J', 'xL20J', 'xL9J', 'xL16J', 'xL6J', 'xL4J', 'xL7J'}
| | | | +-- , 17 , {19} , {'xL11J', 'xL23J', 'xL17J', 'xL13J', 'xL20J', 'xL16J', 'xL6J', 'xL4J', 'xL0J', 'xL7J'}
| | | | | +-- , 19 , {25, 21} , {'xL11J', 'xL23J', 'xL17J', 'xL20J', 'xL6J', 'xL13J', 'xL4J', 'xL0J', 'xL7J', 'xL3J'}
| | | | | | +-- , 25 , {27, 29} , {'xL11J', 'xL7J', 'xL13J', 'xL4J', 'xL20J', 'xL12J', 'xL3J'}
| | | | | | | +-- , 27 , set() , {'xL12J', 'xL5J'}
| | | | | | | +-- , 29 , set() , {'xL13J', 'xL4J', 'xL22J', 'xL12J', 'xL3J'}
| | | | | | +-- , 21 , {23} , {'xL11J', 'xL23J', 'xL10J', 'xL17J', 'xL6J', 'xL0J', 'xL7J', 'xL3J'}
| | | | | | | +-- , 23 , set() , {'xL23J', 'xL1J', 'xL10J', 'xL17J', 'xL6J', 'xL7J', 'xL3J'}
| +-- , 7 , {9} , {'xL18J', 'xL11J', 'xL14J', 'xL23J', 'xL21J', 'xL13J', 'xL7J', 'xL9J'}
| | +-- , 9 , set() , {'xL18J', 'xL21J', 'xL24J', 'xL7J', 'xL9J'}


Max number of edges with non zero Y: 15
Max number of iterations of outer rounding loop: 4
Max number of candidate sets: 2
Time spent rounding: 16.840
Time spent solving Separator LP: 0.326
Total time spent solving: 20.343

LP Solver: GaifmanBoosted
Lower Bound Witness = ({'xL14J', 'xL21J', 'xL18J', 'xL19J', 'xL22J', 'xL7J', 'xL12J', 'xL3J', 'xL11J', 'xL23J', 'xL8J', 'xL24J', 'xL17J', 'xL13J', 'xL20J', 'xL9J', 'xL16J', 'xL5J', 'xL1J', 'xL10J', 'xL2J', 'xL6J', 'xL4J', 'xL0J', 'xL15J'}, {'xL14J', 'xL19J', 'xL5J', 'xL8J', 'xL21J', 'xL6J', 'xL13J', 'xL4J', 'xL15J', 'xL9J', 'xL3J'})