12, 1.8314543606557374, 6.0, 6
+-- , 0 , {7, 27, 29} , {'xL11J', 'xL19J', 'xL23J', 'xL1J', 'xL7J', 'xL0J', 'xL3J', 'xL20J', 'xL9J', 'xL12J', 'xL16J'}
| +-- , 7 , {9} , {'xL11J', 'xL23J', 'xL20J', 'xL9J', 'xL16J', 'xL19J', 'xL1J', 'xL2J', 'xL7J', 'xL12J', 'xL3J'}
| | +-- , 9 , {12, 23} , {'xL11J', 'xL23J', 'xL1J', 'xL7J', 'xL2J', 'xL6J', 'xL13J', 'xL3J', 'xL20J', 'xL9J', 'xL12J', 'xL16J'}
| | | +-- , 12 , {15} , {'xL11J', 'xL23J', 'xL8J', 'xL13J', 'xL9J', 'xL16J', 'xL18J', 'xL1J', 'xL2J', 'xL6J', 'xL15J', 'xL7J'}
| | | | +-- , 15 , {17, 19} , {'xL11J', 'xL23J', 'xL8J', 'xL17J', 'xL13J', 'xL9J', 'xL16J', 'xL18J', 'xL1J', 'xL6J', 'xL15J', 'xL7J'}
| | | | | +-- , 17 , set() , {'xL18J', 'xL11J', 'xL14J', 'xL8J', 'xL17J', 'xL13J'}
| | | | | +-- , 19 , {21} , {'xL18J', 'xL23J', 'xL21J', 'xL17J', 'xL13J', 'xL7J', 'xL9J', 'xL16J'}
| | | | | | +-- , 21 , set() , {'xL18J', 'xL21J', 'xL24J', 'xL7J', 'xL9J'}
| | | +-- , 23 , {25} , {'xL11J', 'xL13J', 'xL4J', 'xL7J', 'xL9J', 'xL12J', 'xL3J'}
| | | | +-- , 25 , set() , {'xL13J', 'xL4J', 'xL22J', 'xL12J', 'xL3J'}
| +-- , 27 , set() , {'xL0J', 'xL1J', 'xL10J', 'xL11J'}
| +-- , 29 , set() , {'xL12J', 'xL5J'}


Max number of edges with non zero Y: 18
Max number of iterations of outer rounding loop: 6
Max number of candidate sets: 2
Time spent rounding: 27.593
Time spent solving Separator LP: 0.332
Total time spent solving: 31.344

LP Solver: GaifmanNormal
Lower Bound Witness = ({'xL14J', 'xL21J', 'xL18J', 'xL22J', 'xL7J', 'xL12J', 'xL3J', 'xL11J', 'xL23J', 'xL8J', 'xL24J', 'xL17J', 'xL13J', 'xL20J', 'xL9J', 'xL16J', 'xL1J', 'xL2J', 'xL6J', 'xL4J', 'xL15J'}, {'xL11J', 'xL23J', 'xL1J', 'xL20J', 'xL2J', 'xL6J', 'xL3J', 'xL7J', 'xL9J', 'xL12J', 'xL16J'})