78, 2.0, 3.0, 3
+-- , 0 , {160, 5, 109} , {'FLOWINATP2_PROF3___23_', 'PRESSUREATP2B_LV7___14_', 'PRESSUREATP2_PROF3___23_', 'FLOWOUTATP2B_LV7___14_', 'PROF3_S_LV7__27_', 'FLOWINATP2_LV1___3_', 'PRESSUREATP2_LV1___3_'}
| +-- , 160 , set() , {'FLOWOUTATP2B_LV7___14_', 'FLOWINATP2B_LV7___14_'}
| +-- , 5 , {7, 23, 107} , {'PRESSUREATP2_PROF3___23_', 'FLOWINATPIN_TANK1___18_', 'FLOWINATP2_LV1___3_', 'PRESSUREATPIN_TANK1___18_', 'FLOWINATP2_PROF3___23_', 'PRESSUREATP2_LV1___3_'}
| | +-- , 7 , {9, 15} , {'FLOWINATPIN_TANK1___18_', 'FLOWINATP2_LV1___3_', 'PRESSUREATPIN_TANK1___18_', 'FLOWINATP1_LV1___3_', 'PRESSUREATP2_LV1___3_', 'PRESSUREATP1_LV1___3_'}
| | | +-- , 9 , {11, 13} , {'PRESSUREATP1_LV1___3_', 'FLOWINATPOUT_TANK1___18_', 'FLOWINATP1_LV1___3_', 'FLOWINATPIN_TANK1___18_', 'PRESSUREATPOUT_TANK1___18_', 'PRESSUREATPIN_TANK1___18_'}
| | | | +-- , 11 , set() , {'TANK1_S_LV1__13_', 'PRESSUREATPOUT_TANK1___18_', 'FLOWOUTATP1_LV1___3_', 'FLOWINATPOUT_TANK1___18_', 'FLOWINATP1_LV1___3_', 'PRESSUREATP1_LV1___3_'}
| | | | +-- , 13 , set() , {'FLOWOUTATPOUT_TANK1___18_', 'FLOWINATPOUT_TANK1___18_', 'FLOWINATPIN_TANK1___18_'}
| | | +-- , 15 , {17, 19, 21} , {'PRESSUREATP2_LV1___3_', 'FLOWOUTATP2_LV1___3_', 'FLOWINATP2_LV1___3_', 'FLOWINATP1_LV1___3_', 'RESISTANCEATINTERN_LV1___3_', 'POSITIONATINTERN_LV1___3_', 'PRESSUREATP1_LV1___3_'}
| | | | +-- , 17 , set() , {'COMMANDATP3_LV1___3_', 'LV1__3_', 'POSITIONATINTERN_LV1___3_'}
| | | | +-- , 19 , set() , {'POSITIONATINTERN_LV1___3_', 'MEASUREDPOSITIONATINTERN_LV1___3_'}
| | | | +-- , 21 , set() , {'POSITIONATINTERN_LV1___3_', 'RESINTCONST_LV1___3_', 'RESISTANCEATINTERN_LV1___3_'}
| | +-- , 23 , {25} , {'PRESSUREATP2_PROF3___23_', 'FLOWINATPIN_TANK1___18_', 'PRESSUREATP3_N1___16_', 'PRESSUREATPIN_TANK1___18_', 'TANK1_S_N1__21_', 'FLOWINATP2_PROF3___23_', 'FLOWOUTATP3_N1___16_'}
| | | +-- , 25 , {83, 27} , {'PRESSUREATP2_PROF3___23_', 'PRESSUREATP3_N1___16_', 'PRESSUREATPOUT_TANK2___19_', 'FLOWINATPOUT_TANK2___19_', 'FLOWINATP2_PROF3___23_', 'FLOWOUTATP3_N1___16_'}
| | | | +-- , 83 , {85} , {'PRESSUREATP2_PROF3___23_', 'PRESSUREATP1_LV3___9_', 'PRESSUREATPOUT_TANK2___19_', 'FLOWINATPOUT_TANK2___19_', 'FLOWINATP2_PROF3___23_', 'TANK2_S_LV3__15_', 'FLOWOUTATP1_LV3___9_'}
| | | | | +-- , 85 , {87} , {'PRESSUREATP2_PROF3___23_', 'FLOWINATP1_LV3___9_', 'PRESSUREATP1_LV3___9_', 'FLOWINATP2_PROF3___23_', 'FLOWOUTATP1_LV3___9_'}
| | | | | | +-- , 87 , {105, 103, 89, 91} , {'FLOWOUTATP2_LV3___9_', 'PRESSUREATP2_LV3___9_', 'PRESSUREATP2_PROF3___23_', 'FLOWINATP1_LV3___9_', 'PRESSUREATP1_LV3___9_', 'POSITIONATINTERN_LV3___9_', 'FLOWINATP2_PROF3___23_', 'RESISTANCEATINTERN_LV3___9_'}
| | | | | | | +-- , 105 , set() , {'POSITIONATINTERN_LV3___9_', 'RESISTANCEATINTERN_LV3___9_', 'RESINTCONST_LV3___9_'}
| | | | | | | +-- , 103 , set() , {'MEASUREDPOSITIONATINTERN_LV3___9_', 'POSITIONATINTERN_LV3___9_'}
| | | | | | | +-- , 89 , set() , {'COMMANDATP3_LV3___9_', 'POSITIONATINTERN_LV3___9_', 'LV3__9_'}
| | | | | | | +-- , 91 , {93, 101} , {'FLOWOUTATP2_LV3___9_', 'PRESSUREATP2_LV3___9_', 'PRESSUREATP2_PROF3___23_', 'PRESSUREATP1_PROF3___23_', 'FLOWINATP2_PROF3___23_', 'FLOWOUTATP1_PROF3___23_'}
| | | | | | | | +-- , 93 , {99, 95} , {'PRESSUREATP1_PROF3___23_', 'FLOWINATP2_PROF3___23_', 'PRESSUREATP2_PROF3___23_', 'FLOWINATP1_PROF3___23_', 'RESISTANCEATINTERN_PROF3___23_', 'FLOWOUTATP1_PROF3___23_'}
| | | | | | | | | +-- , 99 , set() , {'FLOWINATP1_PROF3___23_', 'FLOWINATP2_PROF3___23_', 'FLOWOUTATP2_PROF3___23_'}
| | | | | | | | | +-- , 95 , set() , {'PROF3__23_', 'RESISTANCEATINTERN_PROF3___23_', 'RESINTCONST_PROF3___23_'}
| | | | | | | | +-- , 101 , set() , {'FLOWOUTATP2_LV3___9_', 'PRESSUREATP2_LV3___9_', 'LV3_S_PROF3__25_', 'FLOWINATP2_LV3___9_', 'PRESSUREATP1_PROF3___23_', 'FLOWOUTATP1_PROF3___23_'}
| | | | +-- , 27 , {77, 29} , {'PRESSUREATP3_N1___16_', 'PRESSUREATPOUT_TANK2___19_', 'PRESSUREATP2_N1___16_', 'FLOWINATPOUT_TANK2___19_', 'FLOWOUTATP3_N1___16_', 'FLOWOUTATP2_N1___16_'}
| | | | | +-- , 77 , {81, 79} , {'TANK2_S_N1__20_', 'PRESSUREATPOUT_TANK2___19_', 'PRESSUREATPIN_TANK2___19_', 'PRESSUREATP2_N1___16_', 'FLOWINATPOUT_TANK2___19_', 'FLOWOUTATP2_N1___16_', 'FLOWINATPIN_TANK2___19_'}
| | | | | | +-- , 81 , set() , {'FLOWOUTATPIN_TANK2___19_', 'FLOWINATPIN_TANK2___19_'}
| | | | | | +-- , 79 , set() , {'FLOWOUTATPOUT_TANK2___19_', 'FLOWINATPOUT_TANK2___19_', 'FLOWINATPIN_TANK2___19_'}
| | | | | +-- , 29 , {31} , {'PRESSUREATP1_N1___16_', 'PRESSUREATP2_N1___16_', 'FLOWOUTATP3_N1___16_', 'FLOWOUTATP2_N1___16_', 'PRESSUREATP3_N1___16_'}
| | | | | | +-- , 31 , {33} , {'PRESSUREATP1_N1___16_', 'FLOWINATP3_N1___16_', 'FLOWOUTATP3_N1___16_', 'FLOWOUTATP2_N1___16_'}
| | | | | | | +-- , 33 , {75, 35} , {'PRESSUREATP1_N1___16_', 'FLOWINATP3_N1___16_', 'FLOWINATP2_N1___16_', 'FLOWOUTATP2_N1___16_', 'FLOWINATP1_N1___16_'}
| | | | | | | | +-- , 75 , set() , {'FLOWINATP1_N1___16_', 'FLOWOUTATP1_N1___16_'}
| | | | | | | | +-- , 35 , {73, 37} , {'PRESSUREATP1_N1___16_', 'PRESSUREATP2_PR1___7_', 'N1_S_PR1__17_', 'FLOWINATP1_N1___16_', 'FLOWOUTATP2_PR1___7_'}
| | | | | | | | | +-- , 73 , set() , {'FLOWOUTATP2_PR1___7_', 'FLOWINATP2_PR1___7_'}
| | | | | | | | | +-- , 37 , {39} , {'PRESSUREATP1_PR1___7_', 'PRESSUREATP2_PR1___7_', 'REGULATEDPRESSURECONST_PR1___7_', 'PR1__7_', 'DEGRADEDPRESSURECONST_PR1___7_'}
| | | | | | | | | | +-- , 39 , {69, 71, 41} , {'PRESSUREATP1_PR1___7_', 'FLOWOUTATP2_LV2___4_', 'PR1_S_LV2__8_', 'PRESSUREATP2_LV2___4_', 'FLOWINATP1_PR1___7_'}
| | | | | | | | | | | +-- , 69 , set() , {'FLOWOUTATP1_PR1___7_', 'FLOWINATP1_PR1___7_'}
| | | | | | | | | | | +-- , 71 , set() , {'FLOWOUTATP2_LV2___4_', 'FLOWINATP2_LV2___4_'}
| | | | | | | | | | | +-- , 41 , {65, 67, 43, 45, 63} , {'FLOWOUTATP2_LV2___4_', 'POSITIONATINTERN_LV2___4_', 'PRESSUREATP2_LV2___4_', 'RESISTANCEATINTERN_LV2___4_', 'PRESSUREATP1_LV2___4_', 'FLOWINATP1_LV2___4_'}
| | | | | | | | | | | | +-- , 65 , set() , {'POSITIONATINTERN_LV2___4_', 'RESISTANCEATINTERN_LV2___4_', 'RESINTCONST_LV2___4_'}
| | | | | | | | | | | | +-- , 67 , set() , {'POSITIONATINTERN_LV2___4_', 'MEASUREDPOSITIONATINTERN_LV2___4_'}
| | | | | | | | | | | | +-- , 43 , set() , {'POSITIONATINTERN_LV2___4_', 'COMMANDATP3_LV2___4_', 'LV2__4_'}
| | | | | | | | | | | | +-- , 45 , {49, 47} , {'PRESSUREATP2_PROF1___2_', 'FLOWOUTATP2_PROF1___2_', 'PRESSUREATP1_LV2___4_', 'LV2_S_PROF1__6_', 'FLOWINATP1_LV2___4_'}
| | | | | | | | | | | | | +-- , 49 , {51, 61} , {'PRESSUREATP2_PROF1___2_', 'FLOWINATP1_PROF1___2_', 'FLOWOUTATP2_PROF1___2_'}
| | | | | | | | | | | | | | +-- , 51 , {53, 55} , {'PRESSUREATP2_PROF1___2_', 'RESISTANCEATINTERN_PROF1___2_', 'FLOWINATP1_PROF1___2_', 'PRESSUREATP1_PROF1___2_'}
| | | | | | | | | | | | | | | +-- , 53 , set() , {'RESINTCONST_PROF1___2_', 'RESISTANCEATINTERN_PROF1___2_', 'PROF1__2_'}
| | | | | | | | | | | | | | | +-- , 55 , {57, 59} , {'FLOWOUTATP1_PRES1___1_', 'PROF1_S_PRES1__5_', 'FLOWINATP1_PROF1___2_', 'PRESSUREATP1_PROF1___2_', 'PRESSUREATP1_PRES1___1_'}
| | | | | | | | | | | | | | | | +-- , 57 , set() , {'FLOWOUTATP1_PRES1___1_', 'FLOWINATP1_PRES1___1_'}
| | | | | | | | | | | | | | | | +-- , 59 , set() , {'PRESSUREATP1_PRES1___1_', 'LOADPRESCONST_PRES1___1_'}
| | | | | | | | | | | | | | +-- , 61 , set() , {'FLOWINATP1_PROF1___2_', 'FLOWOUTATP1_PROF1___2_'}
| | | | | | | | | | | | | +-- , 47 , set() , {'FLOWINATP2_PROF1___2_', 'FLOWOUTATP2_PROF1___2_'}
| | | | | | | | | | | | +-- , 63 , set() , {'FLOWOUTATP1_LV2___4_', 'FLOWINATP1_LV2___4_'}
| | +-- , 107 , set() , {'FLOWINATPIN_TANK1___18_', 'FLOWOUTATPIN_TANK1___18_'}
| +-- , 109 , {111} , {'FLOWOUTATP1_PROF2___22_', 'PRESSUREATP2B_LV7___14_', 'LV1_S_PROF2__24_', 'FLOWINATP2_LV1___3_', 'FLOWOUTATP2B_LV7___14_', 'PRESSUREATP1_PROF2___22_', 'PRESSUREATP2_LV1___3_'}
| | +-- , 111 , {113, 154, 156, 158} , {'FLOWOUTATP1_PROF2___22_', 'RESISTANCEATINTERN_LV7___14_', 'PRESSUREATP2B_LV7___14_', 'PRESSUREATP1B_LV7___14_', 'POSITIONATINTERN_LV7___14_', 'FLOWOUTATP2B_LV7___14_', 'PRESSUREATP1_PROF2___22_', 'FLOWINATP1B_LV7___14_'}
| | | +-- , 113 , {115, 152, 125} , {'FLOWOUTATP1_PROF2___22_', 'RESISTANCEATINTERN_LV7___14_', 'PRESSUREATP2A_LV7___14_', 'FLOWINATP2_PROF2___22_', 'PRESSUREATP1B_LV7___14_', 'POSITIONATINTERN_LV7___14_', 'FLOWOUTATP2A_LV7___14_', 'PRESSUREATP1_PROF2___22_', 'FLOWINATP1B_LV7___14_'}
| | | | +-- , 115 , {117} , {'FLOWOUTATP1_PROF2___22_', 'PRESSUREATP2A_LV7___14_', 'PRESSUREATP2_PROF2___22_', 'FLOWINATP2_PROF2___22_', 'PROF2_S_LV7__26_', 'FLOWOUTATP2A_LV7___14_', 'PRESSUREATP1_PROF2___22_'}
| | | | | +-- , 117 , {121, 119} , {'FLOWOUTATP1_PROF2___22_', 'PRESSUREATP1_PROF2___22_', 'FLOWINATP2_PROF2___22_', 'FLOWINATP1_PROF2___22_', 'PRESSUREATP2_PROF2___22_'}
| | | | | | +-- , 121 , {123} , {'RESISTANCEATINTERN_PROF2___22_', 'PRESSUREATP1_PROF2___22_', 'FLOWINATP1_PROF2___22_', 'PRESSUREATP2_PROF2___22_'}
| | | | | | | +-- , 123 , set() , {'RESISTANCEATINTERN_PROF2___22_', 'PROF2__22_', 'RESINTCONST_PROF2___22_'}
| | | | | | +-- , 119 , set() , {'FLOWOUTATP2_PROF2___22_', 'FLOWINATP1_PROF2___22_', 'FLOWINATP2_PROF2___22_'}
| | | | +-- , 152 , set() , {'FLOWOUTATP2A_LV7___14_', 'FLOWINATP2A_LV7___14_'}
| | | | +-- , 125 , {127} , {'RESISTANCEATINTERN_LV7___14_', 'PRESSUREATP2A_LV7___14_', 'FLOWINATP1A_LV7___14_', 'PRESSUREATP1B_LV7___14_', 'POSITIONATINTERN_LV7___14_', 'PRESSUREATP1A_LV7___14_', 'FLOWOUTATP2A_LV7___14_', 'FLOWINATP1B_LV7___14_'}
| | | | | +-- , 127 , {129} , {'FLOWOUTATP1A_LV7___14_', 'PRESSUREATP1_TT1___10_', 'FLOWINATP1A_LV7___14_', 'PRESSUREATP1B_LV7___14_', 'PRESSUREATP1A_LV7___14_', 'FLOWINATP1B_LV7___14_'}
| | | | | | +-- , 129 , {131, 150} , {'PRESSUREATP1A_LV7___14_', 'PRESSUREATP1B_LV7___14_', 'FLOWOUTATP1A_LV7___14_', 'TT1_S_LV7__11_', 'FLOWINATP1_TT1___10_', 'FLOWINATP1B_LV7___14_', 'PRESSUREATP1_TT1___10_'}
| | | | | | | +-- , 131 , {138, 134} , {'R1ATINTERN_TT1___10_', 'PRESSUREATP1B_LV7___14_', 'PRESSUREATP1_TT1___10_', 'PRESSUREATP2_TT1___10_', 'FLOWINATP1_TT1___10_', 'FLOWINATP1B_LV7___14_'}
| | | | | | | | +-- , 138 , {140, 148} , {'FLOWOUTATP1B_LV7___14_', 'R1ATINTERN_TT1___10_', 'PRESSUREATP1B_LV7___14_', 'FLOWINATP2_TT1___10_', 'PRESSUREATP2_TT1___10_', 'FLOWINATP1_TT1___10_', 'TT1_S_LV7__12_', 'FLOWINATP1B_LV7___14_'}
| | | | | | | | | +-- , 140 , {142} , {'R2ATINTERN_TT1___10_', 'R1ATINTERN_TT1___10_', 'FLOWINATP2_TT1___10_', 'PRESSUREATP2_TT1___10_', 'FLOWINATP1_TT1___10_'}
| | | | | | | | | | +-- , 142 , {144, 146} , {'R1ATINTERN_TT1___10_', 'FLOWINATP2_TT1___10_', 'FLOWINATP1_TT1___10_', 'R2ATINTERN_TT1___10_', 'BOTHFLOWSPRESENTATINTERN_TT1___10_'}
| | | | | | | | | | | +-- , 144 , set() , {'INTRES1CONST_TT1___10_', 'R1ATINTERN_TT1___10_', 'BOTHFLOWSPRESENTATINTERN_TT1___10_'}
| | | | | | | | | | | +-- , 146 , set() , {'R2ATINTERN_TT1___10_', 'BOTHFLOWSPRESENTATINTERN_TT1___10_', 'INTRES2CONST_TT1___10_'}
| | | | | | | | | +-- , 148 , set() , {'FLOWOUTATP2_TT1___10_', 'FLOWINATP2_TT1___10_'}
| | | | | | | | +-- , 134 , {136} , {'PRESSUREATP2_TT1___10_', 'PRESSUREATP3_TT1___10_', 'PRESSUREATP1_TT1___10_'}
| | | | | | | | | +-- , 136 , set() , {'TEMPERATUREATP4_TT1___10_', 'PRESSUREATP3_TT1___10_'}
| | | | | | | +-- , 150 , set() , {'FLOWINATP1_TT1___10_', 'FLOWOUTATP1_TT1___10_'}
| | | +-- , 154 , set() , {'MEASUREDPOSITIONATINTERN_LV7___14_', 'POSITIONATINTERN_LV7___14_'}
| | | +-- , 156 , set() , {'RESISTANCEATINTERN_LV7___14_', 'RESINTCONST_LV7___14_', 'POSITIONATINTERN_LV7___14_'}
| | | +-- , 158 , set() , {'LV7__14_', 'COMMANDATP3_LV7___14_', 'POSITIONATINTERN_LV7___14_'}


Max number of edges with non zero Y: 3
Max number of iterations of outer rounding loop: 0
Max number of candidate sets: 0
Time spent rounding: 0.000
Time spent solving Separator LP: 6.563
Total time spent solving: 9.690

LP Solver: GaifmanNormalILP
Lower Bound Witness = ({'PROF3__23_', 'FLOWOUTATP1_LV2___4_', 'COMMANDATP3_LV7___14_', 'FLOWINATP2_PROF1___2_', 'POSITIONATINTERN_LV2___4_', 'PRESSUREATP2_PR1___7_', 'RESISTANCEATINTERN_PROF3___23_', 'TT1_S_LV7__12_', 'FLOWOUTATP2_PROF2___22_', 'PR1_S_LV2__8_', 'FLOWOUTATP2_PROF1___2_', 'PRESSUREATP2_N1___16_', 'PRESSUREATP1B_LV7___14_', 'FLOWINATP1_PROF1___2_', 'FLOWOUTATP2_LV3___9_', 'PRESSUREATP2B_LV7___14_', 'FLOWINATP1_PROF3___23_', 'FLOWINATP2_LV2___4_', 'POSITIONATINTERN_LV3___9_', 'PRESSUREATPIN_TANK1___18_', 'TEMPERATUREATP4_TT1___10_', 'PROF3_S_LV7__27_', 'FLOWINATPIN_TANK2___19_', 'RESINTCONST_PROF1___2_', 'RESINTCONST_PROF3___23_', 'FLOWINATP2_PROF2___22_', 'RESISTANCEATINTERN_PROF2___22_', 'FLOWINATPOUT_TANK1___18_', 'FLOWOUTATPOUT_TANK2___19_', 'FLOWOUTATP2A_LV7___14_', 'LV1_S_PROF2__24_', 'POSITIONATINTERN_LV1___3_', 'MEASUREDPOSITIONATINTERN_LV7___14_', 'FLOWOUTATP2_LV2___4_', 'RESISTANCEATINTERN_LV7___14_', 'PRESSUREATP2_PROF3___23_', 'R2ATINTERN_TT1___10_', 'FLOWOUTATP1_LV1___3_', 'FLOWOUTATP1_N1___16_', 'POSITIONATINTERN_LV7___14_', 'PRESSUREATP2_TT1___10_', 'PRESSUREATP1_PROF2___22_', 'PRESSUREATP1_LV1___3_', 'PRESSUREATP1_PR1___7_', 'FLOWOUTATP1_PR1___7_', 'FLOWOUTATP2_PROF3___23_', 'PRESSUREATP1_LV2___4_', 'FLOWINATPOUT_TANK2___19_', 'FLOWOUTATPIN_TANK2___19_', 'FLOWINATP2_PROF3___23_', 'RESISTANCEATINTERN_LV1___3_', 'FLOWOUTATPOUT_TANK1___18_', 'FLOWOUTATP1_PROF3___23_', 'MEASUREDPOSITIONATINTERN_LV2___4_', 'PRESSUREATP3_N1___16_', 'INTRES1CONST_TT1___10_', 'FLOWOUTATP2_N1___16_', 'FLOWINATP1_PR1___7_', 'DEGRADEDPRESSURECONST_PR1___7_', 'COMMANDATP3_LV2___4_', 'TANK2_S_N1__20_', 'RESISTANCEATINTERN_LV2___4_', 'BOTHFLOWSPRESENTATINTERN_TT1___10_', 'PRESSUREATP1_PRES1___1_', 'INTRES2CONST_TT1___10_', 'PRESSUREATP2_PROF1___2_', 'LV2__4_', 'FLOWOUTATP3_N1___16_', 'FLOWINATP1_PRES1___1_', 'FLOWINATP3_N1___16_', 'LOADPRESCONST_PRES1___1_', 'TT1_S_LV7__11_', 'FLOWINATP2A_LV7___14_', 'FLOWINATP2_LV3___9_', 'N1_S_PR1__17_', 'FLOWINATP2B_LV7___14_', 'FLOWINATP1B_LV7___14_', 'FLOWOUTATP1_PROF2___22_', 'RESINTCONST_LV1___3_', 'PROF1_S_PRES1__5_', 'LV3_S_PROF3__25_', 'FLOWINATP1_PROF2___22_', 'FLOWINATP2_LV1___3_', 'RESINTCONST_LV7___14_', 'FLOWOUTATP2_TT1___10_', 'PR1__7_', 'MEASUREDPOSITIONATINTERN_LV1___3_', 'FLOWOUTATP1A_LV7___14_', 'COMMANDATP3_LV1___3_', 'RESISTANCEATINTERN_PROF1___2_', 'FLOWOUTATP1_TT1___10_', 'PRESSUREATP1_LV3___9_', 'MEASUREDPOSITIONATINTERN_LV3___9_', 'PRESSUREATPOUT_TANK1___18_', 'FLOWOUTATP2_LV1___3_', 'R1ATINTERN_TT1___10_', 'PRESSUREATP1_TT1___10_', 'FLOWINATP1_TT1___10_', 'PRESSUREATP1_PROF1___2_', 'PRESSUREATP1_N1___16_', 'PRESSUREATPOUT_TANK2___19_', 'PRESSUREATP2_PROF2___22_', 'FLOWOUTATP1_PRES1___1_', 'FLOWOUTATP2B_LV7___14_', 'RESINTCONST_LV2___4_', 'TANK2_S_LV3__15_', 'FLOWOUTATP1_PROF1___2_', 'FLOWOUTATP1_LV3___9_', 'LV1__3_', 'FLOWINATPIN_TANK1___18_', 'PRESSUREATP2A_LV7___14_', 'FLOWINATP1_N1___16_', 'LV7__14_', 'PRESSUREATPIN_TANK2___19_', 'FLOWINATP2_PR1___7_', 'LV3__9_', 'PROF1__2_', 'FLOWINATP1A_LV7___14_', 'FLOWOUTATP1B_LV7___14_', 'TANK1_S_N1__21_', 'PROF2_S_LV7__26_', 'FLOWINATP2_N1___16_', 'FLOWOUTATP2_PR1___7_', 'PRESSUREATP2_LV2___4_', 'FLOWINATP1_LV3___9_', 'LV2_S_PROF1__6_', 'PRESSUREATP3_TT1___10_', 'PRESSUREATP1_PROF3___23_', 'PROF2__22_', 'FLOWOUTATPIN_TANK1___18_', 'RESISTANCEATINTERN_LV3___9_', 'PRESSUREATP1A_LV7___14_', 'REGULATEDPRESSURECONST_PR1___7_', 'RESINTCONST_LV3___9_', 'PRESSUREATP2_LV1___3_', 'PRESSUREATP2_LV3___9_', 'TANK1_S_LV1__13_', 'RESINTCONST_PROF2___22_', 'FLOWINATP1_LV2___4_', 'FLOWINATP1_LV1___3_', 'FLOWINATP2_TT1___10_', 'COMMANDATP3_LV3___9_'}, {'PRESSUREATP2_LV3___9_', 'FLOWINATP1_PROF2___22_', 'FLOWINATP1A_LV7___14_', 'FLOWINATPOUT_TANK2___19_', 'FLOWINATP2B_LV7___14_'})