66, 1.142857142857143, 4.0, 4
+-- , 0 , {131, 3, 36, 133, 135, 137, 139} , {'RESISTANCEATINTERN_LV7___14_', 'FLOWINATPIN_TANK1___18_', 'BOTHFLOWSPRESENTATINTERN_TT1___10_', 'PRESSUREATPIN_TANK1___18_', 'INTRES1CONST_TT1___10_', 'R1ATINTERN_TT1___10_', 'TANK1_S_N1__21_', 'POSITIONATINTERN_LV7___14_', 'PRESSUREATP1_TT1___10_', 'FLOWINATP1_TT1___10_', 'FLOWOUTATP3_N1___16_'}
| +-- , 131 , set() , {'FLOWINATPIN_TANK1___18_', 'FLOWOUTATPIN_TANK1___18_'}
| +-- , 3 , {34, 5} , {'RESISTANCEATINTERN_LV7___14_', 'FLOWOUTATP1A_LV7___14_', 'TT1_S_LV7__11_', 'FLOWINATPIN_TANK1___18_', 'PRESSUREATP2A_LV7___14_', 'PRESSUREATPIN_TANK1___18_', 'FLOWINATP1A_LV7___14_', 'PRESSUREATP1A_LV7___14_', 'POSITIONATINTERN_LV7___14_', 'PRESSUREATP1_TT1___10_', 'FLOWOUTATP2A_LV7___14_', 'FLOWINATP1_TT1___10_'}
| | +-- , 34 , set() , {'FLOWOUTATP2A_LV7___14_', 'FLOWINATP2A_LV7___14_'}
| | +-- , 5 , {7} , {'PRESSUREATP2A_LV7___14_', 'FLOWINATPIN_TANK1___18_', 'PRESSUREATP2_PROF2___22_', 'FLOWINATP2_PROF2___22_', 'PRESSUREATPIN_TANK1___18_', 'PROF2_S_LV7__26_', 'FLOWOUTATP2A_LV7___14_'}
| | | +-- , 7 , {10, 26} , {'FLOWOUTATP1_PROF2___22_', 'FLOWINATPIN_TANK1___18_', 'FLOWINATP2_PROF2___22_', 'PRESSUREATP2_PROF2___22_', 'PRESSUREATPIN_TANK1___18_', 'FLOWINATP2_LV1___3_', 'LV1_S_PROF2__24_', 'PRESSUREATP1_PROF2___22_', 'PRESSUREATP2_LV1___3_'}
| | | | +-- , 10 , {12} , {'FLOWINATPIN_TANK1___18_', 'PRESSUREATPOUT_TANK1___18_', 'FLOWINATP2_LV1___3_', 'PRESSUREATPIN_TANK1___18_', 'PRESSUREATP2_LV1___3_'}
| | | | | +-- , 12 , {24, 14} , {'TANK1_S_LV1__13_', 'FLOWINATPIN_TANK1___18_', 'PRESSUREATPOUT_TANK1___18_', 'FLOWOUTATP1_LV1___3_', 'FLOWINATP2_LV1___3_', 'FLOWINATPOUT_TANK1___18_', 'PRESSUREATP2_LV1___3_', 'PRESSUREATP1_LV1___3_'}
| | | | | | +-- , 24 , set() , {'FLOWOUTATPOUT_TANK1___18_', 'FLOWINATPOUT_TANK1___18_', 'FLOWINATPIN_TANK1___18_'}
| | | | | | +-- , 14 , {16} , {'PRESSUREATP1_LV1___3_', 'FLOWOUTATP1_LV1___3_', 'FLOWINATP2_LV1___3_', 'FLOWINATP1_LV1___3_', 'PRESSUREATP2_LV1___3_'}
| | | | | | | +-- , 16 , {18, 20, 22} , {'PRESSUREATP2_LV1___3_', 'FLOWOUTATP2_LV1___3_', 'FLOWINATP2_LV1___3_', 'FLOWINATP1_LV1___3_', 'RESISTANCEATINTERN_LV1___3_', 'POSITIONATINTERN_LV1___3_', 'PRESSUREATP1_LV1___3_'}
| | | | | | | | +-- , 18 , set() , {'COMMANDATP3_LV1___3_', 'LV1__3_', 'POSITIONATINTERN_LV1___3_'}
| | | | | | | | +-- , 20 , set() , {'POSITIONATINTERN_LV1___3_', 'MEASUREDPOSITIONATINTERN_LV1___3_'}
| | | | | | | | +-- , 22 , set() , {'POSITIONATINTERN_LV1___3_', 'RESINTCONST_LV1___3_', 'RESISTANCEATINTERN_LV1___3_'}
| | | | +-- , 26 , {28, 30} , {'FLOWOUTATP1_PROF2___22_', 'PRESSUREATP1_PROF2___22_', 'FLOWINATP2_PROF2___22_', 'FLOWINATP1_PROF2___22_', 'PRESSUREATP2_PROF2___22_'}
| | | | | +-- , 28 , set() , {'FLOWOUTATP2_PROF2___22_', 'FLOWINATP1_PROF2___22_', 'FLOWINATP2_PROF2___22_'}
| | | | | +-- , 30 , {32} , {'RESISTANCEATINTERN_PROF2___22_', 'PRESSUREATP1_PROF2___22_', 'FLOWINATP1_PROF2___22_', 'PRESSUREATP2_PROF2___22_'}
| | | | | | +-- , 32 , set() , {'RESISTANCEATINTERN_PROF2___22_', 'PROF2__22_', 'RESINTCONST_PROF2___22_'}
| +-- , 36 , {129, 119, 38} , {'RESISTANCEATINTERN_LV7___14_', 'PRESSUREATP2B_LV7___14_', 'FLOWINATPIN_TANK1___18_', 'R2ATINTERN_TT1___10_', 'PRESSUREATP3_N1___16_', 'PRESSUREATPIN_TANK1___18_', 'POSITIONATINTERN_LV7___14_', 'PRESSUREATP1_TT1___10_', 'FLOWINATP1_TT1___10_', 'FLOWINATP1B_LV7___14_', 'BOTHFLOWSPRESENTATINTERN_TT1___10_', 'INTRES2CONST_TT1___10_', 'PRESSUREATP1B_LV7___14_', 'TANK1_S_N1__21_', 'FLOWOUTATP3_N1___16_', 'FLOWOUTATP2B_LV7___14_'}
| | +-- , 129 , set() , {'FLOWOUTATP2B_LV7___14_', 'FLOWINATP2B_LV7___14_'}
| | +-- , 119 , {121, 127} , {'PRESSUREATP1B_LV7___14_', 'FLOWINATP2_TT1___10_', 'PRESSUREATP1_TT1___10_', 'FLOWINATP1_TT1___10_', 'R2ATINTERN_TT1___10_', 'BOTHFLOWSPRESENTATINTERN_TT1___10_', 'FLOWINATP1B_LV7___14_'}
| | | +-- , 121 , {123, 125} , {'PRESSUREATP1B_LV7___14_', 'FLOWINATP2_TT1___10_', 'PRESSUREATP1_TT1___10_', 'PRESSUREATP2_TT1___10_', 'R2ATINTERN_TT1___10_', 'FLOWINATP1B_LV7___14_', 'PRESSUREATP3_TT1___10_'}
| | | | +-- , 123 , set() , {'FLOWOUTATP1B_LV7___14_', 'PRESSUREATP1B_LV7___14_', 'FLOWINATP2_TT1___10_', 'PRESSUREATP2_TT1___10_', 'TT1_S_LV7__12_', 'FLOWINATP1B_LV7___14_'}
| | | | +-- , 125 , set() , {'TEMPERATUREATP4_TT1___10_', 'PRESSUREATP3_TT1___10_'}
| | | +-- , 127 , set() , {'FLOWOUTATP2_TT1___10_', 'FLOWINATP2_TT1___10_'}
| | +-- , 38 , {40} , {'PRESSUREATP2B_LV7___14_', 'PRESSUREATP2_PROF3___23_', 'PRESSUREATP3_N1___16_', 'FLOWINATP2_PROF3___23_', 'FLOWOUTATP3_N1___16_', 'FLOWOUTATP2B_LV7___14_', 'PROF3_S_LV7__27_'}
| | | +-- , 40 , {115, 117, 43} , {'FLOWINATP2_PROF3___23_', 'RESISTANCEATINTERN_LV3___9_', 'PRESSUREATP2_PROF3___23_', 'FLOWOUTATP3_N1___16_', 'PRESSUREATP3_N1___16_', 'POSITIONATINTERN_LV3___9_', 'RESINTCONST_LV3___9_'}
| | | | +-- , 115 , set() , {'MEASUREDPOSITIONATINTERN_LV3___9_', 'POSITIONATINTERN_LV3___9_'}
| | | | +-- , 117 , set() , {'COMMANDATP3_LV3___9_', 'POSITIONATINTERN_LV3___9_', 'LV3__9_'}
| | | | +-- , 43 , {45, 103} , {'FLOWOUTATP2_LV3___9_', 'PRESSUREATP2_LV3___9_', 'PRESSUREATP2_PROF3___23_', 'FLOWINATP1_LV3___9_', 'PRESSUREATP1_LV3___9_', 'PRESSUREATP3_N1___16_', 'POSITIONATINTERN_LV3___9_', 'FLOWINATP2_PROF3___23_', 'RESISTANCEATINTERN_LV3___9_', 'FLOWOUTATP3_N1___16_'}
| | | | | +-- , 45 , {50, 101} , {'FLOWINATP1_LV3___9_', 'PRESSUREATP1_LV3___9_', 'PRESSUREATP3_N1___16_', 'FLOWOUTATPOUT_TANK2___19_', 'FLOWOUTATP3_N1___16_', 'FLOWINATPIN_TANK2___19_', 'FLOWOUTATP1_LV3___9_'}
| | | | | | +-- , 50 , {52} , {'PRESSUREATP1_LV3___9_', 'PRESSUREATP3_N1___16_', 'PRESSUREATPOUT_TANK2___19_', 'FLOWINATPOUT_TANK2___19_', 'FLOWOUTATPOUT_TANK2___19_', 'FLOWOUTATP3_N1___16_', 'TANK2_S_LV3__15_', 'FLOWINATPIN_TANK2___19_', 'FLOWOUTATP1_LV3___9_'}
| | | | | | | +-- , 52 , {54} , {'PRESSUREATP3_N1___16_', 'PRESSUREATPOUT_TANK2___19_', 'PRESSUREATPIN_TANK2___19_', 'FLOWOUTATP3_N1___16_', 'FLOWINATPIN_TANK2___19_'}
| | | | | | | | +-- , 54 , {56} , {'TANK2_S_N1__20_', 'PRESSUREATP3_N1___16_', 'PRESSUREATPIN_TANK2___19_', 'PRESSUREATP2_N1___16_', 'FLOWOUTATP3_N1___16_', 'FLOWOUTATP2_N1___16_', 'FLOWINATPIN_TANK2___19_'}
| | | | | | | | | +-- , 56 , {97, 99, 69, 59} , {'PRESSUREATP1_PR1___7_', 'FLOWOUTATP2_LV2___4_', 'PR1_S_LV2__8_', 'PRESSUREATP2_LV2___4_', 'PRESSUREATP3_N1___16_', 'PRESSUREATP2_N1___16_', 'FLOWOUTATP3_N1___16_', 'FLOWOUTATP2_N1___16_', 'FLOWINATP1_PR1___7_'}
| | | | | | | | | | +-- , 97 , set() , {'FLOWOUTATP1_PR1___7_', 'FLOWINATP1_PR1___7_'}
| | | | | | | | | | +-- , 99 , set() , {'FLOWOUTATP2_LV2___4_', 'FLOWINATP2_LV2___4_'}
| | | | | | | | | | +-- , 69 , {71, 73, 91, 93, 95} , {'FLOWOUTATP2_LV2___4_', 'POSITIONATINTERN_LV2___4_', 'PRESSUREATP2_LV2___4_', 'RESISTANCEATINTERN_LV2___4_', 'PRESSUREATP1_LV2___4_', 'FLOWINATP1_LV2___4_'}
| | | | | | | | | | | +-- , 71 , set() , {'POSITIONATINTERN_LV2___4_', 'COMMANDATP3_LV2___4_', 'LV2__4_'}
| | | | | | | | | | | +-- , 73 , {75, 77} , {'PRESSUREATP2_PROF1___2_', 'FLOWOUTATP2_PROF1___2_', 'PRESSUREATP1_LV2___4_', 'LV2_S_PROF1__6_', 'FLOWINATP1_LV2___4_'}
| | | | | | | | | | | | +-- , 75 , set() , {'FLOWINATP2_PROF1___2_', 'FLOWOUTATP2_PROF1___2_'}
| | | | | | | | | | | | +-- , 77 , {89, 79} , {'PRESSUREATP2_PROF1___2_', 'FLOWINATP1_PROF1___2_', 'FLOWOUTATP2_PROF1___2_'}
| | | | | | | | | | | | | +-- , 89 , set() , {'FLOWINATP1_PROF1___2_', 'FLOWOUTATP1_PROF1___2_'}
| | | | | | | | | | | | | +-- , 79 , {81, 83} , {'PRESSUREATP2_PROF1___2_', 'RESISTANCEATINTERN_PROF1___2_', 'FLOWINATP1_PROF1___2_', 'PRESSUREATP1_PROF1___2_'}
| | | | | | | | | | | | | | +-- , 81 , set() , {'RESINTCONST_PROF1___2_', 'RESISTANCEATINTERN_PROF1___2_', 'PROF1__2_'}
| | | | | | | | | | | | | | +-- , 83 , {85, 87} , {'FLOWOUTATP1_PRES1___1_', 'PROF1_S_PRES1__5_', 'FLOWINATP1_PROF1___2_', 'PRESSUREATP1_PROF1___2_', 'PRESSUREATP1_PRES1___1_'}
| | | | | | | | | | | | | | | +-- , 85 , set() , {'FLOWOUTATP1_PRES1___1_', 'FLOWINATP1_PRES1___1_'}
| | | | | | | | | | | | | | | +-- , 87 , set() , {'PRESSUREATP1_PRES1___1_', 'LOADPRESCONST_PRES1___1_'}
| | | | | | | | | | | +-- , 91 , set() , {'FLOWOUTATP1_LV2___4_', 'FLOWINATP1_LV2___4_'}
| | | | | | | | | | | +-- , 93 , set() , {'POSITIONATINTERN_LV2___4_', 'RESISTANCEATINTERN_LV2___4_', 'RESINTCONST_LV2___4_'}
| | | | | | | | | | | +-- , 95 , set() , {'POSITIONATINTERN_LV2___4_', 'MEASUREDPOSITIONATINTERN_LV2___4_'}
| | | | | | | | | | +-- , 59 , {61} , {'PRESSUREATP1_PR1___7_', 'PRESSUREATP3_N1___16_', 'PRESSUREATP2_N1___16_', 'PRESSUREATP2_PR1___7_', 'FLOWOUTATP3_N1___16_', 'REGULATEDPRESSURECONST_PR1___7_', 'PR1__7_', 'DEGRADEDPRESSURECONST_PR1___7_', 'FLOWOUTATP2_N1___16_'}
| | | | | | | | | | | +-- , 61 , {65, 67, 63} , {'PRESSUREATP1_N1___16_', 'FLOWINATP1_N1___16_', 'PRESSUREATP3_N1___16_', 'PRESSUREATP2_N1___16_', 'PRESSUREATP2_PR1___7_', 'N1_S_PR1__17_', 'FLOWOUTATP3_N1___16_', 'FLOWOUTATP2_N1___16_', 'FLOWOUTATP2_PR1___7_'}
| | | | | | | | | | | | +-- , 65 , set() , {'FLOWOUTATP2_PR1___7_', 'FLOWINATP2_PR1___7_'}
| | | | | | | | | | | | +-- , 67 , set() , {'FLOWINATP3_N1___16_', 'FLOWINATP1_N1___16_', 'FLOWINATP2_N1___16_', 'FLOWOUTATP3_N1___16_', 'FLOWOUTATP2_N1___16_'}
| | | | | | | | | | | | +-- , 63 , set() , {'FLOWINATP1_N1___16_', 'FLOWOUTATP1_N1___16_'}
| | | | | | +-- , 101 , set() , {'FLOWOUTATPIN_TANK2___19_', 'FLOWINATPIN_TANK2___19_'}
| | | | | +-- , 103 , {105} , {'FLOWOUTATP2_LV3___9_', 'PRESSUREATP2_LV3___9_', 'PRESSUREATP2_PROF3___23_', 'FLOWINATP2_LV3___9_', 'FLOWINATP2_PROF3___23_'}
| | | | | | +-- , 105 , {107} , {'PRESSUREATP2_LV3___9_', 'PRESSUREATP2_PROF3___23_', 'LV3_S_PROF3__25_', 'FLOWINATP2_LV3___9_', 'PRESSUREATP1_PROF3___23_', 'FLOWINATP2_PROF3___23_', 'FLOWOUTATP1_PROF3___23_'}
| | | | | | | +-- , 107 , {113, 109} , {'PRESSUREATP1_PROF3___23_', 'FLOWINATP2_PROF3___23_', 'PRESSUREATP2_PROF3___23_', 'FLOWINATP1_PROF3___23_', 'RESISTANCEATINTERN_PROF3___23_', 'FLOWOUTATP1_PROF3___23_'}
| | | | | | | | +-- , 113 , set() , {'FLOWINATP1_PROF3___23_', 'FLOWINATP2_PROF3___23_', 'FLOWOUTATP2_PROF3___23_'}
| | | | | | | | +-- , 109 , set() , {'PROF3__23_', 'RESISTANCEATINTERN_PROF3___23_', 'RESINTCONST_PROF3___23_'}
| +-- , 133 , set() , {'MEASUREDPOSITIONATINTERN_LV7___14_', 'POSITIONATINTERN_LV7___14_'}
| +-- , 135 , set() , {'RESISTANCEATINTERN_LV7___14_', 'RESINTCONST_LV7___14_', 'POSITIONATINTERN_LV7___14_'}
| +-- , 137 , set() , {'LV7__14_', 'COMMANDATP3_LV7___14_', 'POSITIONATINTERN_LV7___14_'}
| +-- , 139 , set() , {'FLOWINATP1_TT1___10_', 'FLOWOUTATP1_TT1___10_'}


Max number of edges with non zero Y: 4
Max number of iterations of outer rounding loop: 2
Max number of candidate sets: 2
Time spent rounding: 11.983
Time spent solving Separator LP: 0.618
Total time spent solving: 18.023

LP Solver: GaifmanBoosted
Lower Bound Witness = ({'PROF3__23_', 'FLOWOUTATP1_LV2___4_', 'COMMANDATP3_LV7___14_', 'FLOWINATP2_PROF1___2_', 'POSITIONATINTERN_LV2___4_', 'PRESSUREATP2_PR1___7_', 'RESISTANCEATINTERN_PROF3___23_', 'TT1_S_LV7__12_', 'FLOWOUTATP2_PROF2___22_', 'PR1_S_LV2__8_', 'FLOWOUTATP2_PROF1___2_', 'PRESSUREATP2_N1___16_', 'PRESSUREATP1B_LV7___14_', 'FLOWINATP1_PROF1___2_', 'FLOWOUTATP2_LV3___9_', 'PRESSUREATP2B_LV7___14_', 'FLOWINATP1_PROF3___23_', 'FLOWINATP2_LV2___4_', 'POSITIONATINTERN_LV3___9_', 'PRESSUREATPIN_TANK1___18_', 'TEMPERATUREATP4_TT1___10_', 'PROF3_S_LV7__27_', 'FLOWINATPIN_TANK2___19_', 'RESINTCONST_PROF1___2_', 'RESINTCONST_PROF3___23_', 'FLOWINATP2_PROF2___22_', 'RESISTANCEATINTERN_PROF2___22_', 'FLOWINATPOUT_TANK1___18_', 'FLOWOUTATPOUT_TANK2___19_', 'FLOWOUTATP2A_LV7___14_', 'LV1_S_PROF2__24_', 'POSITIONATINTERN_LV1___3_', 'MEASUREDPOSITIONATINTERN_LV7___14_', 'FLOWOUTATP2_LV2___4_', 'RESISTANCEATINTERN_LV7___14_', 'PRESSUREATP2_PROF3___23_', 'R2ATINTERN_TT1___10_', 'FLOWOUTATP1_LV1___3_', 'FLOWOUTATP1_N1___16_', 'POSITIONATINTERN_LV7___14_', 'PRESSUREATP2_TT1___10_', 'PRESSUREATP1_PROF2___22_', 'PRESSUREATP1_LV1___3_', 'PRESSUREATP1_PR1___7_', 'FLOWOUTATP1_PR1___7_', 'FLOWOUTATP2_PROF3___23_', 'PRESSUREATP1_LV2___4_', 'FLOWINATPOUT_TANK2___19_', 'FLOWOUTATPIN_TANK2___19_', 'FLOWINATP2_PROF3___23_', 'RESISTANCEATINTERN_LV1___3_', 'FLOWOUTATPOUT_TANK1___18_', 'FLOWOUTATP1_PROF3___23_', 'MEASUREDPOSITIONATINTERN_LV2___4_', 'PRESSUREATP3_N1___16_', 'INTRES1CONST_TT1___10_', 'FLOWOUTATP2_N1___16_', 'FLOWINATP1_PR1___7_', 'DEGRADEDPRESSURECONST_PR1___7_', 'COMMANDATP3_LV2___4_', 'TANK2_S_N1__20_', 'RESISTANCEATINTERN_LV2___4_', 'BOTHFLOWSPRESENTATINTERN_TT1___10_', 'PRESSUREATP1_PRES1___1_', 'INTRES2CONST_TT1___10_', 'PRESSUREATP2_PROF1___2_', 'LV2__4_', 'FLOWOUTATP3_N1___16_', 'FLOWINATP1_PRES1___1_', 'FLOWINATP3_N1___16_', 'LOADPRESCONST_PRES1___1_', 'TT1_S_LV7__11_', 'FLOWINATP2A_LV7___14_', 'FLOWINATP2_LV3___9_', 'N1_S_PR1__17_', 'FLOWINATP2B_LV7___14_', 'FLOWINATP1B_LV7___14_', 'FLOWOUTATP1_PROF2___22_', 'RESINTCONST_LV1___3_', 'PROF1_S_PRES1__5_', 'LV3_S_PROF3__25_', 'FLOWINATP1_PROF2___22_', 'FLOWINATP2_LV1___3_', 'RESINTCONST_LV7___14_', 'FLOWOUTATP2_TT1___10_', 'PR1__7_', 'MEASUREDPOSITIONATINTERN_LV1___3_', 'FLOWOUTATP1A_LV7___14_', 'COMMANDATP3_LV1___3_', 'RESISTANCEATINTERN_PROF1___2_', 'FLOWOUTATP1_TT1___10_', 'PRESSUREATP1_LV3___9_', 'MEASUREDPOSITIONATINTERN_LV3___9_', 'PRESSUREATPOUT_TANK1___18_', 'FLOWOUTATP2_LV1___3_', 'R1ATINTERN_TT1___10_', 'PRESSUREATP1_TT1___10_', 'FLOWINATP1_TT1___10_', 'PRESSUREATP1_PROF1___2_', 'PRESSUREATP1_N1___16_', 'PRESSUREATPOUT_TANK2___19_', 'PRESSUREATP2_PROF2___22_', 'FLOWOUTATP1_PRES1___1_', 'FLOWOUTATP2B_LV7___14_', 'RESINTCONST_LV2___4_', 'TANK2_S_LV3__15_', 'FLOWOUTATP1_PROF1___2_', 'FLOWOUTATP1_LV3___9_', 'LV1__3_', 'FLOWINATPIN_TANK1___18_', 'PRESSUREATP2A_LV7___14_', 'FLOWINATP1_N1___16_', 'LV7__14_', 'PRESSUREATPIN_TANK2___19_', 'FLOWINATP2_PR1___7_', 'LV3__9_', 'PROF1__2_', 'FLOWINATP1A_LV7___14_', 'FLOWOUTATP1B_LV7___14_', 'TANK1_S_N1__21_', 'PROF2_S_LV7__26_', 'FLOWINATP2_N1___16_', 'FLOWOUTATP2_PR1___7_', 'PRESSUREATP2_LV2___4_', 'FLOWINATP1_LV3___9_', 'LV2_S_PROF1__6_', 'PRESSUREATP3_TT1___10_', 'PRESSUREATP1_PROF3___23_', 'PROF2__22_', 'FLOWOUTATPIN_TANK1___18_', 'RESISTANCEATINTERN_LV3___9_', 'PRESSUREATP1A_LV7___14_', 'REGULATEDPRESSURECONST_PR1___7_', 'RESINTCONST_LV3___9_', 'PRESSUREATP2_LV1___3_', 'PRESSUREATP2_LV3___9_', 'TANK1_S_LV1__13_', 'RESINTCONST_PROF2___22_', 'FLOWINATP1_LV2___4_', 'FLOWINATP1_LV1___3_', 'FLOWINATP2_TT1___10_', 'COMMANDATP3_LV3___9_'}, {'FLOWINATP1_PROF3___23_', 'FLOWINATP2A_LV7___14_', 'PRESSUREATP2_N1___16_', 'INTRES1CONST_TT1___10_', 'FLOWOUTATP2A_LV7___14_'})