27, 1.8333333333333335, 4.0, 4
+-- , 0 , {3, 36} , {'xL2JL5J', 'xL5JL9J', 'xL5JL5J', 'xL7JL9J', 'xL6JL9J', 'xL4JL5J', 'xL3JL5J', 'xL8JL9J'}
| +-- , 3 , {8, 32} , {'xL7JL1J', 'xL7JL2J', 'xL9JL7J', 'xL8JL9J', 'xL6JL7J', 'xL7JL3J', 'xL5JL5J', 'xL7JL9J', 'xL4JL5J', 'xL7JL4J', 'xL7JL7J', 'xL8JL7J', 'xL7JL5J'}
| | +-- , 8 , {10} , {'xL7JL3J', 'xL5JL5J', 'xL7JL1J', 'xL4JL5J', 'xL7JL4J', 'xL7JL2J', 'xL6JL6J', 'xL6JL7J'}
| | | +-- , 10 , {12} , {'xL7JL3J', 'xL5JL6J', 'xL5JL5J', 'xL7JL1J', 'xL4JL5J', 'xL7JL4J', 'xL7JL2J', 'xL6JL6J'}
| | | | +-- , 12 , {14} , {'xL5JL4J', 'xL7JL3J', 'xL5JL6J', 'xL5JL5J', 'xL7JL1J', 'xL4JL5J', 'xL7JL4J', 'xL7JL2J'}
| | | | | +-- , 14 , {16, 26} , {'xL5JL4J', 'xL4JL1J', 'xL7JL3J', 'xL4JL3J', 'xL4JL4J', 'xL7JL1J', 'xL4JL5J', 'xL7JL4J', 'xL7JL2J', 'xL4JL2J'}
| | | | | | +-- , 16 , {18} , {'xL5JL4J', 'xL7JL3J', 'xL4JL4J', 'xL7JL1J', 'xL7JL4J', 'xL7JL2J', 'xL6JL4J'}
| | | | | | | +-- , 18 , {20} , {'xL7JL3J', 'xL6JL3J', 'xL7JL1J', 'xL7JL2J', 'xL6JL4J'}
| | | | | | | | +-- , 20 , {22} , {'xL8JL3J', 'xL7JL3J', 'xL6JL3J', 'xL7JL1J', 'xL7JL2J', 'xL9JL3J'}
| | | | | | | | | +-- , 22 , {24} , {'xL8JL3J', 'xL7JL1J', 'xL7JL2J', 'xL9JL3J', 'xL9JL2J'}
| | | | | | | | | | +-- , 24 , set() , {'xL8JL3J', 'xL7JL1J', 'xL7JL2J', 'xL8JL2J', 'xL8JL1J', 'xL9JL2J'}
| | | | | | +-- , 26 , set() , {'xL5JL2J', 'xL2JL1J', 'xL1JL3J', 'xL5JL1J', 'xL2JL2J', 'xL4JL1J', 'xL3JL3J', 'xL4JL3J', 'xL1JL2J', 'xL3JL1J', 'xL3JL2J', 'xL4JL2J', 'xL2JL3J'}
| | +-- , 32 , {34} , {'xL8JL5J', 'xL7JL9J', 'xL7JL7J', 'xL8JL7J', 'xL9JL7J', 'xL9JL5J', 'xL7JL5J', 'xL8JL9J'}
| | | +-- , 34 , set() , {'xL8JL5J', 'xL8JL8J', 'xL7JL9J', 'xL8JL6J', 'xL7JL7J', 'xL8JL7J', 'xL9JL7J', 'xL9JL5J', 'xL8JL9J', 'xL9JL6J', 'xL7JL8J'}
| +-- , 36 , {41} , {'xL2JL9J', 'xL2JL7J', 'xL2JL6J', 'xL6JL9J', 'xL2JL8J', 'xL3JL7J', 'xL3JL6J', 'xL1JL9J', 'xL2JL5J', 'xL5JL9J', 'xL3JL5J', 'xL3JL9J'}
| | +-- , 41 , {67, 43} , {'xL2JL8J', 'xL2JL7J', 'xL5JL9J', 'xL6JL9J', 'xL4JL7J', 'xL1JL7J', 'xL3JL7J', 'xL3JL9J', 'xL1JL9J'}
| | | +-- , 67 , set() , {'xL2JL8J', 'xL1JL8J', 'xL1JL9J', 'xL1JL7J'}
| | | +-- , 43 , {45} , {'xL3JL11J', 'xL5JL9J', 'xL3JL12J', 'xL6JL9J', 'xL3JL13J', 'xL4JL8J', 'xL4JL7J', 'xL3JL10J', 'xL3JL9J'}
| | | | +-- , 45 , {47} , {'xL3JL11J', 'xL5JL8J', 'xL5JL9J', 'xL3JL12J', 'xL6JL9J', 'xL3JL13J', 'xL4JL8J', 'xL3JL10J'}
| | | | | +-- , 47 , {49, 55} , {'xL6JL13J', 'xL3JL11J', 'xL6JL11J', 'xL5JL8J', 'xL5JL9J', 'xL3JL12J', 'xL6JL12J', 'xL6JL9J', 'xL3JL13J', 'xL5JL10J', 'xL6JL10J', 'xL3JL10J'}
| | | | | | +-- , 49 , set() , {'xL6JL13J', 'xL7JL12J', 'xL7JL13J', 'xL9JL12J', 'xL8JL12J', 'xL9JL11J', 'xL8JL11J', 'xL7JL11J', 'xL5JL13J', 'xL6JL11J', 'xL5JL12J', 'xL6JL12J', 'xL8JL13J'}
| | | | | | +-- , 55 , {57} , {'xL3JL11J', 'xL3JL12J', 'xL3JL13J', 'xL5JL10J', 'xL6JL10J', 'xL4JL10J', 'xL3JL10J'}
| | | | | | | +-- , 57 , {59} , {'xL3JL11J', 'xL4JL11J', 'xL3JL12J', 'xL3JL13J', 'xL4JL10J'}
| | | | | | | | +-- , 59 , {61} , {'xL3JL11J', 'xL4JL11J', 'xL1JL11J', 'xL3JL12J', 'xL3JL13J', 'xL2JL11J'}
| | | | | | | | | +-- , 61 , {65, 63} , {'xL2JL12J', 'xL1JL11J', 'xL3JL12J', 'xL3JL13J', 'xL2JL11J'}
| | | | | | | | | | +-- , 65 , set() , {'xL2JL11J', 'xL2JL12J', 'xL3JL13J', 'xL2JL13J'}
| | | | | | | | | | +-- , 63 , set() , {'xL1JL12J', 'xL2JL12J', 'xL1JL11J', 'xL3JL12J'}


Max number of edges with non zero Y: 5
Max number of iterations of outer rounding loop: 3
Max number of candidate sets: 2
Time spent rounding: 16.519
Time spent solving Separator LP: 0.778
Total time spent solving: 22.130

LP Solver: GaifmanBoosted
Lower Bound Witness = ({'xL7JL1J', 'xL2JL8J', 'xL3JL7J', 'xL3JL3J', 'xL7JL3J', 'xL4JL3J', 'xL1JL2J', 'xL7JL9J', 'xL2JL12J', 'xL1JL7J', 'xL8JL1J', 'xL3JL9J', 'xL5JL6J', 'xL5JL10J', 'xL4JL7J', 'xL8JL11J', 'xL5JL1J', 'xL9JL7J', 'xL8JL9J', 'xL6JL7J', 'xL3JL11J', 'xL1JL11J', 'xL3JL12J', 'xL9JL2J', 'xL2JL1J', 'xL8JL2J', 'xL4JL1J', 'xL6JL11J', 'xL8JL13J', 'xL3JL1J', 'xL3JL2J', 'xL2JL11J', 'xL8JL8J', 'xL4JL4J', 'xL3JL10J', 'xL8JL3J', 'xL5JL12J', 'xL5JL5J', 'xL7JL4J', 'xL6JL12J', 'xL4JL10J', 'xL2JL6J', 'xL2JL3J', 'xL5JL8J', 'xL7JL2J', 'xL9JL11J', 'xL9JL3J', 'xL5JL13J', 'xL4JL11J', 'xL7JL12J', 'xL8JL5J', 'xL7JL13J', 'xL5JL2J', 'xL6JL3J', 'xL9JL12J', 'xL6JL9J', 'xL2JL13J', 'xL8JL12J', 'xL6JL6J', 'xL1JL3J', 'xL9JL5J', 'xL2JL5J', 'xL1JL8J', 'xL3JL13J', 'xL8JL7J', 'xL4JL2J', 'xL3JL5J', 'xL6JL13J', 'xL2JL7J', 'xL4JL8J', 'xL1JL12J', 'xL3JL6J', 'xL7JL11J', 'xL1JL9J', 'xL6JL4J', 'xL5JL4J', 'xL5JL9J', 'xL4JL5J', 'xL8JL6J', 'xL7JL7J', 'xL7JL5J', 'xL7JL8J', 'xL9JL6J', 'xL2JL9J', 'xL6JL10J', 'xL2JL2J'}, {'xL3JL11J', 'xL7JL12J', 'xL8JL5J', 'xL7JL13J', 'xL4JL11J', 'xL4JL3J', 'xL1JL2J', 'xL5JL9J', 'xL5JL12J', 'xL7JL1J', 'xL8JL12J', 'xL3JL5J', 'xL3JL9J', 'xL7JL8J'})