20, 0.978722914893616, 3.0, 3
+-- , 0 , {3, 19} , {'xL13J', 'xL41J', 'xL48J', 'xL6J', 'xL12J', 'xL5J', 'xL27J', 'xL42J', 'xL26J'}
| +-- , 3 , {5} , {'xL41J', 'xL4J', 'xL40J', 'xL28J', 'xL5J', 'xL27J'}
| | +-- , 5 , {7} , {'xL3J', 'xL39J', 'xL4J', 'xL40J', 'xL28J', 'xL29J'}
| | | +-- , 7 , {9} , {'xL29J', 'xL30J', 'xL3J', 'xL39J'}
| | | | +-- , 9 , {11} , {'xL38J', 'xL30J', 'xL31J', 'xL3J', 'xL2J'}
| | | | | +-- , 11 , {13} , {'xL32J', 'xL31J', 'xL37J', 'xL2J', 'xL1J'}
| | | | | | +-- , 13 , {15} , {'xL32J', 'xL0J', 'xL33J', 'xL36J', 'xL1J'}
| | | | | | | +-- , 15 , set() , {'xL35J', 'xL34J', 'xL33J', 'xL0J'}
| +-- , 19 , {21} , {'xL43J', 'xL13J', 'xL48J', 'xL7J', 'xL6J', 'xL12J', 'xL25J', 'xL42J', 'xL26J'}
| | +-- , 21 , {23} , {'xL43J', 'xL24J', 'xL13J', 'xL8J', 'xL48J', 'xL7J', 'xL12J', 'xL25J', 'xL44J'}
| | | +-- , 23 , {25} , {'xL24J', 'xL13J', 'xL8J', 'xL45J', 'xL48J', 'xL9J', 'xL12J', 'xL23J', 'xL44J'}
| | | | +-- , 25 , {27} , {'xL13J', 'xL48J', 'xL45J', 'xL12J', 'xL9J', 'xL10J', 'xL23J'}
| | | | | +-- , 27 , {29} , {'xL13J', 'xL48J', 'xL12J', 'xL46J', 'xL10J', 'xL22J', 'xL23J'}
| | | | | | +-- , 29 , {31} , {'xL13J', 'xL21J', 'xL48J', 'xL12J', 'xL46J', 'xL10J', 'xL47J', 'xL22J', 'xL11J'}
| | | | | | | +-- , 31 , {33} , {'xL13J', 'xL21J', 'xL48J', 'xL20J'}
| | | | | | | | +-- , 33 , {35} , {'xL14J', 'xL13J', 'xL19J', 'xL49J', 'xL20J'}
| | | | | | | | | +-- , 35 , {37} , {'xL14J', 'xL15J', 'xL19J', 'xL50J', 'xL18J'}
| | | | | | | | | | +-- , 37 , {39} , {'xL15J', 'xL17J', 'xL51J', 'xL18J'}
| | | | | | | | | | | +-- , 39 , {41} , {'xL15J', 'xL16J', 'xL17J', 'xL51J'}
| | | | | | | | | | | | +-- , 41 , set() , {'xL52J', 'xL53J', 'xL17J', 'xL16J'}


Max number of edges with non zero Y: 9
Max number of iterations of outer rounding loop: 2
Max number of candidate sets: 2
Time spent rounding: 1.287
Time spent solving Separator LP: 0.157

LP Solver: GaifmanNormal