24, 0, 8.0, 8
+-- , 0 , {48, 50, 52, 54, 5} , {'xL0J', 'xL10J', 'xL28J', 'xL11J', 'xL33J', 'xL8J', 'xL37J', 'xL7J', 'xL35J', 'xL16J', 'xL13J', 'xL14J'}
| +-- , 48 , set() , {'xL10J', 'xL12J'}
| +-- , 50 , set() , {'xL35J', 'xL11J', 'xL5J'}
| +-- , 52 , set() , {'xL11J', 'xL26J', 'xL33J'}
| +-- , 54 , set() , {'xL36J', 'xL11J', 'xL8J'}
| +-- , 5 , {8} , {'xL10J', 'xL0J', 'xL28J', 'xL20J', 'xL32J', 'xL7J', 'xL16J', 'xL13J', 'xL14J', 'xL11J', 'xL33J', 'xL37J', 'xL35J'}
| | +-- , 8 , {10} , {'xL10J', 'xL28J', 'xL20J', 'xL32J', 'xL7J', 'xL15J', 'xL16J', 'xL13J', 'xL14J', 'xL11J', 'xL33J', 'xL35J'}
| | | +-- , 10 , {13} , {'xL10J', 'xL28J', 'xL20J', 'xL6J', 'xL32J', 'xL7J', 'xL15J', 'xL16J', 'xL13J', 'xL14J', 'xL33J', 'xL35J', 'xL9J'}
| | | | +-- , 13 , {18, 44} , {'xL10J', 'xL21J', 'xL28J', 'xL20J', 'xL6J', 'xL32J', 'xL7J', 'xL15J', 'xL16J', 'xL13J', 'xL14J', 'xL33J', 'xL23J', 'xL22J', 'xL24J', 'xL9J'}
| | | | | +-- , 18 , {20} , {'xL10J', 'xL21J', 'xL20J', 'xL6J', 'xL32J', 'xL17J', 'xL7J', 'xL15J', 'xL16J', 'xL14J', 'xL13J', 'xL33J', 'xL23J', 'xL22J', 'xL24J', 'xL9J'}
| | | | | | +-- , 20 , {22} , {'xL10J', 'xL21J', 'xL20J', 'xL6J', 'xL32J', 'xL17J', 'xL7J', 'xL15J', 'xL19J', 'xL16J', 'xL14J', 'xL33J', 'xL23J', 'xL22J', 'xL24J', 'xL9J'}
| | | | | | | +-- , 22 , {24} , {'xL10J', 'xL21J', 'xL20J', 'xL6J', 'xL32J', 'xL17J', 'xL7J', 'xL15J', 'xL19J', 'xL14J', 'xL33J', 'xL23J', 'xL22J', 'xL30J', 'xL24J', 'xL9J'}
| | | | | | | | +-- , 24 , {26, 42} , {'xL10J', 'xL21J', 'xL20J', 'xL6J', 'xL32J', 'xL17J', 'xL15J', 'xL19J', 'xL33J', 'xL23J', 'xL22J', 'xL30J', 'xL25J', 'xL24J', 'xL9J'}
| | | | | | | | | +-- , 26 , {40, 28} , {'xL21J', 'xL6J', 'xL17J', 'xL33J', 'xL29J', 'xL23J', 'xL22J', 'xL19J', 'xL30J', 'xL25J', 'xL24J', 'xL9J'}
| | | | | | | | | | +-- , 40 , set() , {'xL21J', 'xL29J', 'xL1J', 'xL9J'}
| | | | | | | | | | +-- , 28 , {30} , {'xL17J', 'xL39J', 'xL33J', 'xL29J', 'xL23J', 'xL22J', 'xL30J', 'xL25J', 'xL24J', 'xL9J'}
| | | | | | | | | | | +-- , 30 , {32, 34} , {'xL3J', 'xL39J', 'xL17J', 'xL33J', 'xL29J', 'xL23J', 'xL22J', 'xL30J', 'xL25J', 'xL24J'}
| | | | | | | | | | | | +-- , 32 , set() , {'xL3J', 'xL22J', 'xL30J', 'xL2J', 'xL24J'}
| | | | | | | | | | | | +-- , 34 , {36, 38} , {'xL3J', 'xL17J', 'xL33J', 'xL27J', 'xL23J', 'xL24J'}
| | | | | | | | | | | | | +-- , 36 , set() , {'xL33J', 'xL31J', 'xL24J', 'xL27J'}
| | | | | | | | | | | | | +-- , 38 , set() , {'xL3J', 'xL38J', 'xL23J', 'xL27J'}
| | | | | | | | | +-- , 42 , set() , {'xL10J', 'xL17J', 'xL30J', 'xL25J', 'xL34J'}
| | | | | +-- , 44 , {46} , {'xL28J', 'xL20J', 'xL22J', 'xL18J'}
| | | | | | +-- , 46 , set() , {'xL20J', 'xL18J', 'xL4J', 'xL22J'}


Max number of edges with non zero Y: 32
Max number of iterations of outer rounding loop: 12
Max number of candidate sets: 2
Time spent rounding: 67.098
Time spent solving Separator LP: 0.154

LP Solver: gammaPlusFractionalCoverHeuristic