21, 2.8809302225741296, 8.0, 8
+-- , 0 , {10, 6, 42, 44, 46} , {'xL10J', 'xL11J', 'xL20J', 'xL18J', 'xL17J', 'xL4J', 'xL27J', 'xL31J', 'xL15J', 'xL35J', 'xL30J', 'xL25J', 'xL14J', 'xL34J'}
| +-- , 10 , {38, 14} , {'xL10J', 'xL20J', 'xL17J', 'xL7J', 'xL15J', 'xL14J', 'xL11J', 'xL26J', 'xL33J', 'xL4J', 'xL27J', 'xL31J', 'xL35J', 'xL30J', 'xL25J', 'xL24J'}
| | +-- , 38 , {40} , {'xL7J', 'xL11J', 'xL36J'}
| | | +-- , 40 , set() , {'xL7J', 'xL36J', 'xL8J'}
| | +-- , 14 , {16} , {'xL10J', 'xL20J', 'xL17J', 'xL7J', 'xL15J', 'xL14J', 'xL33J', 'xL4J', 'xL27J', 'xL35J', 'xL30J', 'xL25J', 'xL24J', 'xL9J'}
| | | +-- , 16 , {18, 36} , {'xL10J', 'xL20J', 'xL17J', 'xL7J', 'xL14J', 'xL33J', 'xL29J', 'xL4J', 'xL27J', 'xL35J', 'xL30J', 'xL25J', 'xL24J', 'xL9J'}
| | | | +-- , 18 , {20, 30} , {'xL10J', 'xL20J', 'xL7J', 'xL14J', 'xL33J', 'xL29J', 'xL4J', 'xL27J', 'xL38J', 'xL30J', 'xL25J', 'xL24J', 'xL9J'}
| | | | | +-- , 20 , {22, 24, 26} , {'xL10J', 'xL20J', 'xL33J', 'xL29J', 'xL27J', 'xL38J', 'xL7J', 'xL14J', 'xL16J', 'xL24J', 'xL9J'}
| | | | | | +-- , 22 , set() , {'xL33J', 'xL29J', 'xL27J', 'xL38J', 'xL23J', 'xL19J', 'xL16J', 'xL24J'}
| | | | | | +-- , 24 , set() , {'xL10J', 'xL20J', 'xL37J', 'xL16J', 'xL14J'}
| | | | | | +-- , 26 , {28} , {'xL21J', 'xL20J', 'xL33J', 'xL29J', 'xL7J', 'xL16J', 'xL9J'}
| | | | | | | +-- , 28 , set() , {'xL21J', 'xL29J', 'xL1J', 'xL9J'}
| | | | | +-- , 30 , {32, 34} , {'xL3J', 'xL29J', 'xL4J', 'xL38J', 'xL22J', 'xL30J', 'xL25J', 'xL24J', 'xL9J'}
| | | | | | +-- , 32 , set() , {'xL3J', 'xL22J', 'xL30J', 'xL2J', 'xL24J'}
| | | | | | +-- , 34 , set() , {'xL3J', 'xL39J', 'xL9J'}
| | | | +-- , 36 , set() , {'xL20J', 'xL6J', 'xL17J', 'xL29J', 'xL7J', 'xL35J'}
| +-- , 6 , {8} , {'xL0J', 'xL11J', 'xL20J', 'xL18J', 'xL17J', 'xL13J'}
| | +-- , 8 , set() , {'xL0J', 'xL18J', 'xL28J', 'xL13J'}
| +-- , 42 , set() , {'xL10J', 'xL32J', 'xL25J'}
| +-- , 44 , set() , {'xL10J', 'xL12J'}
| +-- , 46 , set() , {'xL35J', 'xL11J', 'xL5J'}


Max number of edges with non zero Y: 25
Max number of iterations of outer rounding loop: 4
Max number of candidate sets: 2
Time spent rounding: 21.327
Time spent solving Separator LP: 1.481

LP Solver: GaifmanBoosted