15, 1.551179705517119, 4.0, 4
+-- , 0 , {32, 5, 24, 26, 28, 30} , {'5', '1', '3', '15', '30', '21', '23', '25', '26', '18'}
| +-- , 32 , set() , {'5', '15', '21', '2', '18'}
| +-- , 5 , {8, 22} , {'4', '1', '3', '15', '30', '23', '25', '18', '20'}
| | +-- , 8 , {10, 18} , {'4', '1', '15', '30', '19', '23', '20'}
| | | +-- , 10 , {12, 14} , {'4', '15', '30', '19', '23', '29', '20'}
| | | | +-- , 12 , set() , {'4', '7', '15', '29', '20'}
| | | | +-- , 14 , {16} , {'28', '29', '30', '14', '10'}
| | | | | +-- , 16 , set() , {'12', '13', '28'}
| | | +-- , 18 , {20} , {'19', '15', '30', '6'}
| | | | +-- , 20 , set() , {'15', '8', '6'}
| | +-- , 22 , set() , {'16', '4', '3', '25', '18'}
| +-- , 24 , set() , {'21', '1', '17'}
| +-- , 26 , set() , {'25', '18', '24'}
| +-- , 28 , set() , {'5', '31', '11'}
| +-- , 30 , set() , {'21', '0'}


Max number of edges with non zero Y: 7
Max number of iterations of outer rounding loop: 2
Max number of candidate sets: 2
Time spent rounding: 5.684
Time spent solving Separator LP: 0.179
Total time spent solving: 7.518

LP Solver: GaifmanBoosted
Lower Bound Witness = ({'28', '12', '30', '21', '25', '8', '14', '18', '13', '3', '31', '17', '20', '6', '4', '16', '1', '7', '10', '23', '29', '5', '15', '11', '0', '19', '24', '26', '2'}, {'16', '4', '2', '5', '31', '0', '19', '23', '8', '29', '14', '18'})