63, 3.0038828576579526, 11.0, 11
+-- , 0 , {5, 73, 75, 83, 85, 89, 91, 95, 101, 103, 105, 107, 109, 111, 117, 121, 123} , {'xL7J', 'xL6J', 'zL28J', 'xL4J', 'zL13J', 'zL33J', 'zL65J', 'zL29J', 'xL9J', 'zL23J', 'zL18J', 'zL15J', 'zL10J', 'xL2J', 'zL9J', 'zL8J', 'xL8J', 'zL22J', 'zL21J', 'xL0J', 'xL3J'}
| +-- , 5 , {65, 69, 7, 59} , {'xL7J', 'xL6J', 'zL28J', 'xL4J', 'zL13J', 'zL14J', 'zL33J', 'zL65J', 'zL29J', 'xL9J', 'zL23J', 'zL18J', 'zL15J', 'zL10J', 'xL2J', 'zL9J', 'xL8J', 'xL5J', 'zL22J', 'zL21J', 'xL0J', 'xL3J'}
| | +-- , 65 , {67} , {'zL20J', 'xL5J', 'zL21J', 'xL0J'}
| | | +-- , 67 , set() , {'zL20J', 'yL5J', 'xL5J'}
| | +-- , 69 , {71} , {'xL5J', 'zL65J', 'xL6J', 'zL64J'}
| | | +-- , 71 , set() , {'xL6J', 'zL64J', 'yL16J'}
| | +-- , 7 , {9, 57} , {'xL7J', 'xL6J', 'xL4J', 'zL13J', 'yL19J', 'zL14J', 'zL33J', 'zL18J', 'xL9J', 'zL23J', 'zL68J', 'yL17J', 'xL8J', 'zL42J', 'xL5J', 'zL76J', 'zL22J', 'xL2J', 'xL0J', 'xL3J', 'zL43J'}
| | | +-- , 9 , {33, 41, 11, 13, 45, 15, 51, 25} , {'xL7J', 'xL6J', 'xL1J', 'xL4J', 'zL13J', 'zL14J', 'zL33J', 'zL18J', 'xL9J', 'zL23J', 'zL68J', 'zL42J', 'xL8J', 'xL5J', 'zL76J', 'zL22J', 'xL2J', 'xL0J', 'xL3J'}
| | | | +-- , 33 , {35} , {'xL7J', 'zL77J', 'xL1J', 'xL5J', 'zL76J', 'xL2J'}
| | | | | +-- , 35 , {37} , {'xL5J', 'zL78J', 'xL2J', 'zL77J', 'xL1J'}
| | | | | | +-- , 37 , {39} , {'xL5J', 'zL79J', 'zL78J', 'xL1J'}
| | | | | | | +-- , 39 , set() , {'zL79J', 'w22', 'xL1J'}
| | | | +-- , 41 , {43} , {'zL18J', 'xL0J', 'xL1J', 'zL19J'}
| | | | | +-- , 43 , set() , {'w7', 'xL1J', 'zL19J'}
| | | | +-- , 11 , set() , {'zL63J', 'zL62J', 'xL7J', 'xL9J', 'yL15J', 'zL61J', 'xL1J', 'xL2J', 'zL60J', 'xL3J', 'w18'}
| | | | +-- , 13 , set() , {'zL52J', 'yL13J', 'zL55J', 'xL1J', 'xL8J', 'xL4J', 'w16', 'zL54J', 'xL2J', 'xL0J', 'zL53J'}
| | | | +-- , 45 , {47} , {'xL9J', 'xL1J', 'zL41J', 'zL42J', 'xL8J'}
| | | | | +-- , 47 , {49} , {'xL9J', 'zL41J', 'zL40J', 'xL1J'}
| | | | | | +-- , 49 , set() , {'yL10J', 'zL40J', 'xL9J'}
| | | | +-- , 15 , {17, 19} , {'xL9J', 'zL50J', 'zL51J', 'xL1J', 'xL4J', 'xL8J', 'xL5J'}
| | | | | +-- , 17 , set() , {'w15', 'zL51J', 'xL8J'}
| | | | | +-- , 19 , {21} , {'xL5J', 'xL9J', 'zL49J', 'zL50J', 'xL4J'}
| | | | | | +-- , 21 , {23} , {'xL5J', 'xL9J', 'zL48J', 'zL49J'}
| | | | | | | +-- , 23 , set() , {'yL12J', 'xL5J', 'zL48J'}
| | | | +-- , 51 , {53} , {'zL33J', 'xL6J', 'zL34J', 'xL1J', 'xL8J'}
| | | | | +-- , 53 , {55} , {'xL6J', 'zL35J', 'zL34J', 'xL8J'}
| | | | | | +-- , 55 , set() , {'w11', 'xL6J', 'zL35J'}
| | | | +-- , 25 , {27} , {'zL69J', 'xL1J', 'xL4J', 'xL2J', 'xL0J', 'zL68J'}
| | | | | +-- , 27 , {29} , {'xL2J', 'xL0J', 'zL69J', 'zL70J', 'xL1J'}
| | | | | | +-- , 29 , {31} , {'xL2J', 'xL0J', 'zL71J', 'zL70J'}
| | | | | | | +-- , 31 , set() , {'xL0J', 'zL71J', 'w20'}
| | | +-- , 57 , set() , {'xL0J', 'w13', 'zL43J'}
| | +-- , 59 , {61} , {'xL9J', 'xL6J', 'xL2J', 'xL5J', 'w9', 'zL27J', 'xL3J'}
| | | +-- , 61 , {63} , {'xL6J', 'xL2J', 'xL5J', 'zL27J', 'xL3J', 'zL26J'}
| | | | +-- , 63 , set() , {'zL24J', 'xL6J', 'yL6J', 'xL5J', 'zL25J', 'xL3J', 'zL26J'}
| +-- , 73 , set() , {'yL1J', 'xL6J', 'zL7J', 'xL4J', 'xL8J', 'zL6J', 'w4', 'zL5J', 'xL0J', 'xL3J', 'zL4J'}
| +-- , 75 , {77} , {'xL7J', 'xL9J', 'xL6J', 'xL4J', 'zL58J', 'xL2J', 'zL59J', 'w17'}
| | +-- , 77 , {79} , {'zL58J', 'xL7J', 'xL9J', 'zL57J', 'xL4J'}
| | | +-- , 79 , {81} , {'xL9J', 'zL56J', 'zL57J', 'xL4J'}
| | | | +-- , 81 , set() , {'yL14J', 'zL56J', 'xL4J'}
| +-- , 83 , set() , {'zL2J', 'yL0J', 'xL9J', 'xL6J', 'zL0J', 'w3', 'xL4J', 'zL3J', 'zL1J', 'xL0J', 'xL3J'}
| +-- , 85 , {87} , {'zL13J', 'zL12J', 'xL9J', 'xL6J'}
| | +-- , 87 , set() , {'xL6J', 'zL12J', 'yL3J'}
| +-- , 89 , set() , {'zL15J', 'xL3J', 'w6'}
| +-- , 91 , {93} , {'xL7J', 'xL9J', 'zL10J', 'zL11J'}
| | +-- , 93 , set() , {'w5', 'xL7J', 'zL11J'}
| +-- , 95 , {97} , {'xL7J', 'zL29J', 'zL30J', 'xL0J', 'xL3J'}
| | +-- , 97 , {99} , {'zL31J', 'xL7J', 'zL30J', 'xL0J'}
| | | +-- , 99 , set() , {'xL0J', 'zL31J', 'w10'}
| +-- , 101 , set() , {'w8', 'xL7J', 'zL23J'}
| +-- , 103 , set() , {'yL9J', 'zL36J', 'xL7J', 'zL39J', 'xL6J', 'xL4J', 'xL8J', 'zL37J', 'w12', 'zL38J', 'xL3J'}
| +-- , 105 , set() , {'zL47J', 'yL11J', 'xL7J', 'xL6J', 'zL44J', 'zL46J', 'xL4J', 'xL8J', 'zL45J', 'w14', 'xL3J'}
| +-- , 107 , set() , {'zL74J', 'zL75J', 'xL9J', 'xL7J', 'yL18J', 'xL4J', 'xL8J', 'w21', 'zL73J', 'xL0J', 'zL72J'}
| +-- , 109 , set() , {'zL8J', 'yL2J', 'xL2J'}
| +-- , 111 , {113} , {'zL65J', 'zL66J', 'xL0J', 'xL8J', 'xL4J'}
| | +-- , 113 , {115} , {'zL66J', 'xL0J', 'xL8J', 'zL67J'}
| | | +-- , 115 , set() , {'xL8J', 'w19', 'zL67J'}
| +-- , 117 , {119} , {'zL33J', 'xL2J', 'zL32J', 'xL4J'}
| | +-- , 119 , set() , {'zL32J', 'yL8J', 'xL4J'}
| +-- , 121 , set() , {'xL6J', 'zL28J', 'yL7J'}
| +-- , 123 , {125} , {'zL17J', 'xL7J', 'zL18J', 'xL3J', 'xL8J'}
| | +-- , 125 , {127} , {'zL16J', 'zL17J', 'xL7J', 'xL3J'}
| | | +-- , 127 , set() , {'zL16J', 'xL3J', 'yL4J'}


Max number of edges with non zero Y: 36
Max number of iterations of outer rounding loop: 8
Max number of candidate sets: 2
Time spent rounding: 14.828
Time spent solving Separator LP: 10.897
Total time spent solving: 32.330

LP Solver: GaifmanNormal
Lower Bound Witness = ({'yL9J', 'zL78J', 'zL56J', 'yL18J', 'zL28J', 'zL17J', 'w6', 'zL45J', 'yL5J', 'zL66J', 'zL38J', 'zL53J', 'zL33J', 'w20', 'zL15J', 'zL64J', 'zL46J', 'xL5J', 'zL37J', 'zL6J', 'w15', 'yL13J', 'zL63J', 'zL62J', 'yL12J', 'zL0J', 'zL51J', 'xL1J', 'w9', 'zL32J', 'zL7J', 'zL19J', 'yL11J', 'xL8J', 'zL58J', 'zL12J', 'zL68J', 'zL35J', 'zL13J', 'zL73J', 'yL0J', 'zL74J', 'xL9J', 'zL22J', 'w19', 'zL27J', 'w11', 'yL10J', 'zL44J', 'zL67J', 'zL16J', 'yL14J', 'zL20J', 'w12', 'yL4J', 'zL29J', 'zL42J', 'zL54J', 'zL10J', 'zL5J', 'zL21J', 'zL11J', 'zL43J', 'yL1J', 'xL7J', 'yL8J', 'yL15J', 'zL50J', 'yL2J', 'yL3J', 'zL14J', 'zL2J', 'zL79J', 'zL75J', 'zL57J', 'zL9J', 'zL76J', 'xL2J', 'zL47J', 'zL39J', 'xL6J', 'zL77J', 'w5', 'w22', 'zL71J', 'zL72J', 'zL65J', 'zL18J', 'yL16J', 'w8', 'w3', 'zL40J', 'yL17J', 'zL30J', 'yL7J', 'zL55J', 'zL69J', 'xL4J', 'w18', 'zL26J', 'zL4J', 'zL24J', 'zL23J', 'w16', 'zL8J', 'yL6J', 'zL25J', 'zL59J', 'zL60J', 'zL41J', 'w17', 'zL52J', 'zL31J', 'zL36J', 'w7', 'zL34J', 'zL49J', 'zL70J', 'w13', 'w14', 'yL19J', 'zL48J', 'zL61J', 'zL3J', 'zL1J', 'w4', 'w21', 'xL0J', 'xL3J', 'w10'}, {'xL7J', 'yL18J', 'zL50J', 'zL28J', 'zL66J', 'yL2J', 'zL4J', 'zL23J', 'zL15J', 'zL37J', 'w17', 'zL39J', 'yL10J', 'zL0J', 'zL51J', 'xL1J', 'zL16J', 'w22', 'w12', 'zL32J', 'zL19J', 'zL40J', 'yL17J', 'w4', 'zL58J', 'zL12J', 'zL11J'})