217, 0, 7.0, 7
+-- , 0 , {153, 3, 474, 271} , {'FLOWOUTATP2_N5___15_', 'PRESSUREATP2_N5___15_', 'MEASUREDPOSITIONATINTERN_LV8___64_', 'PRESSUREATP2_LV5___34_', 'FLOWINATP2_LV5___34_', 'PRESSUREATP3_N2___37_', 'POSITIONATINTERN_LV8___64_', 'FLOWOUTATP3_N2___37_'}
| +-- , 153 , {155} , {'PRESSUREATP2_LV5___34_', 'PRESSUREATP2_LV4___9_', 'LV4_S_N2__40_', 'FLOWINATP2_LV5___34_', 'PRESSUREATP3_N2___37_', 'FLOWINATP2_LV4___9_', 'FLOWOUTATP3_N2___37_'}
| | +-- , 155 , {265, 267, 269, 159} , {'PRESSUREATP1_LV4___9_', 'PRESSUREATP2_LV5___34_', 'FLOWOUTATP2_LV4___9_', 'PRESSUREATP2_LV4___9_', 'FLOWINATP2_LV5___34_', 'POSITIONATINTERN_LV4___9_', 'FLOWINATP1_LV4___9_', 'FLOWINATP2_LV4___9_', 'RESISTANCEATINTERN_LV4___9_'}
| | | +-- , 265 , set() , {'POSITIONATINTERN_LV4___9_', 'RESINTCONST_LV4___9_', 'RESISTANCEATINTERN_LV4___9_'}
| | | +-- , 267 , set() , {'MEASUREDPOSITIONATINTERN_LV4___9_', 'POSITIONATINTERN_LV4___9_'}
| | | +-- , 269 , set() , {'POSITIONATINTERN_LV4___9_', 'COMMANDATP3_LV4___9_', 'LV4__9_'}
| | | +-- , 159 , {162, 263} , {'PRESSUREATP1_LV4___9_', 'FLOWOUTATP1B_LV6___62_', 'TT2_S_LV6__71_', 'PRESSUREATP2_LV5___34_', 'FLOWINATP2_LV5___34_', 'FLOWINATP2_TT2___53_', 'PRESSUREATP1B_LV6___62_', 'FLOWINATP1_LV4___9_', 'PRESSUREATP2_TT2___53_'}
| | | | +-- , 162 , {257, 259, 165, 261, 183} , {'PRESSUREATP2_LV5___34_', 'FLOWINATP2_LV5___34_', 'FLOWINATP1_LV4___9_', 'POSITIONATINTERN_LV6___62_', 'PRESSUREATP2_TT2___53_', 'FLOWOUTATP2A_LV6___62_', 'RESISTANCEATINTERN_LV6___62_', 'PRESSUREATP1_LV4___9_', 'FLOWINATP1A_LV6___62_', 'FLOWOUTATP1B_LV6___62_', 'FLOWINATP2_TT2___53_', 'PRESSUREATP1B_LV6___62_', 'PRESSUREATP2A_LV6___62_', 'PRESSUREATP1A_LV6___62_'}
| | | | | +-- , 257 , set() , {'MEASUREDPOSITIONATINTERN_LV6___62_', 'POSITIONATINTERN_LV6___62_'}
| | | | | +-- , 259 , set() , {'RESINTCONST_LV6___62_', 'RESISTANCEATINTERN_LV6___62_', 'POSITIONATINTERN_LV6___62_'}
| | | | | +-- , 165 , {168} , {'FLOWINATP1A_LV6___62_', 'FLOWINATP2_TT2___53_', 'PRESSUREATP2_TT2___53_', 'R2ATINTERN_TT2___53_', 'PRESSUREATP1A_LV6___62_', 'FLOWOUTATP1A_LV6___62_'}
| | | | | | +-- , 168 , {177, 181, 170} , {'FLOWINATP1_TT2___53_', 'TT2_S_LV6__68_', 'FLOWINATP2_TT2___53_', 'PRESSUREATP1_TT2___53_', 'PRESSUREATP2_TT2___53_', 'R2ATINTERN_TT2___53_', 'PRESSUREATP1A_LV6___62_', 'FLOWOUTATP1A_LV6___62_'}
| | | | | | | +-- , 177 , {179} , {'PRESSUREATP1_TT2___53_', 'PRESSUREATP2_TT2___53_', 'PRESSUREATP3_TT2___53_'}
| | | | | | | | +-- , 179 , set() , {'PRESSUREATP3_TT2___53_', 'TEMPERATUREATP4_TT2___53_'}
| | | | | | | +-- , 181 , set() , {'FLOWINATP1_TT2___53_', 'FLOWOUTATP1_TT2___53_'}
| | | | | | | +-- , 170 , {172} , {'FLOWINATP1_TT2___53_', 'R1ATINTERN_TT2___53_', 'FLOWINATP2_TT2___53_', 'PRESSUREATP1_TT2___53_', 'R2ATINTERN_TT2___53_'}
| | | | | | | | +-- , 172 , {175} , {'FLOWINATP2_TT2___53_', 'FLOWINATP1_TT2___53_', 'R1ATINTERN_TT2___53_', 'INTRES1CONST_TT2___53_', 'BOTHFLOWSPRESENTATINTERN_TT2___53_', 'R2ATINTERN_TT2___53_'}
| | | | | | | | | +-- , 175 , set() , {'R2ATINTERN_TT2___53_', 'INTRES2CONST_TT2___53_', 'BOTHFLOWSPRESENTATINTERN_TT2___53_'}
| | | | | +-- , 261 , set() , {'COMMANDATP3_LV6___62_', 'LV6__62_', 'POSITIONATINTERN_LV6___62_'}
| | | | | +-- , 183 , {188} , {'PRESSUREATP2_LV5___34_', 'FLOWINATP2_LV5___34_', 'FLOWINATP1_LV4___9_', 'POSITIONATINTERN_LV6___62_', 'FLOWOUTATP2A_LV6___62_', 'FLOWINATP2_N10___74_', 'TEMPERATUREATP4_TT1___61_', 'RESISTANCEATINTERN_LV6___62_', 'PRESSUREATP1_LV4___9_', 'FLOWOUTATP1B_LV6___62_', 'PRESSUREATP1B_LV6___62_', 'PRESSUREATP2A_LV6___62_', 'PRESSUREATP3_TT1___61_', 'FLOWOUTATP2_N10___74_'}
| | | | | | +-- , 188 , {190} , {'PRESSUREATP2_LV5___34_', 'FLOWINATP2_LV5___34_', 'PRESSUREATP1_TT1___61_', 'FLOWINATP1_LV4___9_', 'POSITIONATINTERN_LV6___62_', 'FLOWOUTATP2A_LV6___62_', 'FLOWINATP2_N10___74_', 'RESISTANCEATINTERN_LV6___62_', 'PRESSUREATP1_LV4___9_', 'FLOWOUTATP1B_LV6___62_', 'PRESSUREATP1B_LV6___62_', 'PRESSUREATP2_TT1___61_', 'PRESSUREATP2A_LV6___62_', 'PRESSUREATP3_TT1___61_', 'FLOWOUTATP2_N10___74_'}
| | | | | | | +-- , 190 , {192} , {'PRESSUREATP2_LV5___34_', 'FLOWINATP2_LV5___34_', 'PRESSUREATP1_TT1___61_', 'FLOWINATP2A_LV6___62_', 'FLOWINATP1_LV4___9_', 'POSITIONATINTERN_LV6___62_', 'FLOWOUTATP2A_LV6___62_', 'FLOWINATP2_N10___74_', 'RESISTANCEATINTERN_LV6___62_', 'PRESSUREATP1_LV4___9_', 'FLOWOUTATP1B_LV6___62_', 'PRESSUREATP1B_LV6___62_', 'PRESSUREATP2_TT1___61_', 'PRESSUREATP2A_LV6___62_', 'FLOWOUTATP2_N10___74_'}
| | | | | | | | +-- , 192 , {194} , {'PRESSUREATP2_LV5___34_', 'LV6_S_N11__78_', 'FLOWINATP2_LV5___34_', 'PRESSUREATP1_TT1___61_', 'FLOWINATP2A_LV6___62_', 'FLOWINATP1_LV4___9_', 'POSITIONATINTERN_LV6___62_', 'FLOWINATP2_N10___74_', 'RESISTANCEATINTERN_LV6___62_', 'PRESSUREATP1_LV4___9_', 'FLOWOUTATP1B_LV6___62_', 'PRESSUREATP1B_LV6___62_', 'PRESSUREATP2_TT1___61_', 'PRESSUREATP2A_LV6___62_', 'FLOWOUTATP2_N10___74_', 'PRESSUREATP2_N11___75_', 'FLOWOUTATP2_N11___75_'}
| | | | | | | | | +-- , 194 , {196} , {'PRESSUREATP2_LV5___34_', 'FLOWINATP2_LV5___34_', 'PRESSUREATP1_TT1___61_', 'FLOWINATP1_LV4___9_', 'POSITIONATINTERN_LV6___62_', 'FLOWINATP2_N10___74_', 'FLOWOUTATP2B_LV6___62_', 'RESISTANCEATINTERN_LV6___62_', 'PRESSUREATP1_LV4___9_', 'FLOWINATP1B_LV6___62_', 'FLOWOUTATP1B_LV6___62_', 'PRESSUREATP1B_LV6___62_', 'PRESSUREATP2_TT1___61_', 'PRESSUREATP2B_LV6___62_', 'FLOWOUTATP2_N10___74_', 'PRESSUREATP2_N11___75_', 'FLOWOUTATP2_N11___75_'}
| | | | | | | | | | +-- , 196 , {198} , {'PRESSUREATP2_LV5___34_', 'FLOWINATP2_LV5___34_', 'PRESSUREATP1_TT1___61_', 'FLOWINATP1_LV4___9_', 'FLOWINATP2_N10___74_', 'FLOWOUTATP2B_LV6___62_', 'PRESSUREATP1_LV4___9_', 'PRESSUREATP2_TT1___61_', 'PRESSUREATP2B_LV6___62_', 'FLOWOUTATP2_LV5___34_', 'FLOWOUTATP2_N10___74_', 'PRESSUREATP2_N11___75_', 'FLOWOUTATP2_N11___75_'}
| | | | | | | | | | | +-- , 198 , {200, 251, 253, 255} , {'PRESSUREATP2_LV5___34_', 'PRESSUREATP1_TT1___61_', 'FLOWINATP1_LV4___9_', 'PRESSUREATP1_LV5___34_', 'FLOWINATP2_N10___74_', 'FLOWOUTATP2B_LV6___62_', 'PRESSUREATP1_LV4___9_', 'POSITIONATINTERN_LV5___34_', 'FLOWINATP1_LV5___34_', 'RESISTANCEATINTERN_LV5___34_', 'PRESSUREATP2_TT1___61_', 'PRESSUREATP2B_LV6___62_', 'FLOWOUTATP2_LV5___34_', 'FLOWOUTATP2_N10___74_', 'PRESSUREATP2_N11___75_', 'FLOWOUTATP2_N11___75_'}
| | | | | | | | | | | | +-- , 200 , {202} , {'FLOWOUTATP1_LV5___34_', 'PRESSUREATP1_TT1___61_', 'FLOWINATP1_LV4___9_', 'PRESSUREATP1_LV5___34_', 'FLOWINATP2_N10___74_', 'FLOWOUTATP2B_LV6___62_', 'PRESSUREATP1_LV4___9_', 'FLOWINATP1_LV5___34_', 'PRESSUREATP2_TT1___61_', 'PRESSUREATP2B_LV6___62_', 'FLOWOUTATP2_N10___74_', 'PRESSUREATP2_N11___75_', 'FLOWOUTATP2_N11___75_'}
| | | | | | | | | | | | | +-- , 202 , {249, 204} , {'FLOWOUTATP1_LV5___34_', 'PRESSUREATP1_TT1___61_', 'FLOWINATP1_N11___75_', 'FLOWINATP1_LV4___9_', 'PRESSUREATP1_N11___75_', 'PRESSUREATP1_LV5___34_', 'FLOWINATP2_N10___74_', 'FLOWOUTATP2B_LV6___62_', 'PRESSUREATP1_LV4___9_', 'N11_S_LV5__76_', 'PRESSUREATP2_TT1___61_', 'PRESSUREATP2B_LV6___62_', 'FLOWOUTATP2_N10___74_', 'PRESSUREATP2_N11___75_', 'FLOWOUTATP2_N11___75_'}
| | | | | | | | | | | | | | +-- , 249 , set() , {'FLOWINATP1_N11___75_', 'FLOWOUTATP1_N11___75_'}
| | | | | | | | | | | | | | +-- , 204 , {206} , {'PRESSUREATP1_TT1___61_', 'FLOWINATP1_N11___75_', 'FLOWINATP2B_LV6___62_', 'FLOWINATP1_LV4___9_', 'PRESSUREATP1_N11___75_', 'FLOWINATP2_N10___74_', 'FLOWOUTATP2B_LV6___62_', 'PRESSUREATP1_LV4___9_', 'PRESSUREATP2_TT1___61_', 'PRESSUREATP2B_LV6___62_', 'FLOWOUTATP2_N10___74_', 'PRESSUREATP2_N11___75_', 'FLOWOUTATP2_N11___75_'}
| | | | | | | | | | | | | | | +-- , 206 , {208, 247} , {'FLOWINATP3_N10___74_', 'PRESSUREATP1_TT1___61_', 'FLOWINATP1_N11___75_', 'FLOWINATP2B_LV6___62_', 'FLOWINATP1_LV4___9_', 'PRESSUREATP1_N11___75_', 'FLOWINATP1_N10___74_', 'FLOWINATP2_N10___74_', 'LV6_S_N10__80_', 'PRESSUREATP1_LV4___9_', 'PRESSUREATP2_TT1___61_', 'PRESSUREATP2B_LV6___62_', 'FLOWOUTATP2_N10___74_', 'PRESSUREATP2_N10___74_', 'PRESSUREATP2_N11___75_', 'FLOWOUTATP2_N11___75_'}
| | | | | | | | | | | | | | | | +-- , 208 , {210, 245} , {'PRESSUREATP1_N10___74_', 'PRESSUREATP1_LV4___9_', 'FLOWINATP3_N10___74_', 'PRESSUREATP1_TT1___61_', 'FLOWINATP1_N11___75_', 'PRESSUREATP2_TT1___61_', 'FLOWINATP1_LV4___9_', 'PRESSUREATP1_N11___75_', 'FLOWINATP1_N10___74_', 'PRESSUREATP3_N10___74_', 'PRESSUREATP2_N10___74_', 'PRESSUREATP2_N11___75_', 'FLOWOUTATP2_N11___75_'}
| | | | | | | | | | | | | | | | | +-- , 210 , {212} , {'FLOWINATP3_N10___74_', 'PRESSUREATP1_TT1___61_', 'FLOWINATP1_N11___75_', 'PRESSUREATP1_N11___75_', 'FLOWINATP2A_LV1___60_', 'LV1_S_N10__81_', 'FLOWOUTATP3_N10___74_', 'PRESSUREATP2A_LV1___60_', 'PRESSUREATP2_TT1___61_', 'PRESSUREATP3_N10___74_', 'PRESSUREATP2_N11___75_', 'FLOWOUTATP2_N11___75_'}
| | | | | | | | | | | | | | | | | | +-- , 212 , {217, 215} , {'FLOWINATP2B_LV1___60_', 'LV1_S_N11__77_', 'PRESSUREATP3_N11___75_', 'PRESSUREATP1_TT1___61_', 'FLOWINATP1_N11___75_', 'PRESSUREATP2A_LV1___60_', 'PRESSUREATP2_TT1___61_', 'PRESSUREATP2B_LV1___60_', 'PRESSUREATP1_N11___75_', 'FLOWOUTATP3_N11___75_', 'FLOWINATP2A_LV1___60_', 'PRESSUREATP2_N11___75_', 'FLOWOUTATP2_N11___75_'}
| | | | | | | | | | | | | | | | | | | +-- , 217 , {220, 243} , {'FLOWINATP2B_LV1___60_', 'COMMANDATP3_LV1___60_', 'LV1__60_', 'POSITIONATINTERN_LV1___60_', 'PRESSUREATP1_TT1___61_', 'PRESSUREATP2A_LV1___60_', 'PRESSUREATP2_TT1___61_', 'PRESSUREATP2B_LV1___60_', 'FLOWINATP2A_LV1___60_'}
| | | | | | | | | | | | | | | | | | | | +-- , 220 , {241, 222} , {'FLOWINATP2B_LV1___60_', 'FLOWINATP1A_LV1___60_', 'PRESSUREATP1_TT1___61_', 'FLOWOUTATP2A_LV1___60_', 'FLOWINATP2A_LV1___60_', 'PRESSUREATP1A_LV1___60_', 'RESISTANCEATINTERN_LV1___60_', 'POSITIONATINTERN_LV1___60_', 'PRESSUREATP2A_LV1___60_', 'PRESSUREATP2_TT1___61_', 'PRESSUREATP2B_LV1___60_'}
| | | | | | | | | | | | | | | | | | | | | +-- , 241 , set() , {'RESISTANCEATINTERN_LV1___60_', 'RESINTCONST_LV1___60_', 'POSITIONATINTERN_LV1___60_'}
| | | | | | | | | | | | | | | | | | | | | +-- , 222 , {225, 227, 235, 237, 239} , {'R1ATINTERN_TT1___61_', 'FLOWINATP2B_LV1___60_', 'FLOWINATP1A_LV1___60_', 'PRESSUREATP1B_LV1___60_', 'PRESSUREATP1A_LV1___60_', 'FLOWOUTATP1B_LV1___60_', 'RESISTANCEATINTERN_LV1___60_', 'POSITIONATINTERN_LV1___60_', 'PRESSUREATP1_TT1___61_', 'FLOWINATP2_TT1___61_', 'PRESSUREATP2_TT1___61_', 'PRESSUREATP2B_LV1___60_', 'TT1_S_LV1__55_', 'FLOWINATP1_TT1___61_'}
| | | | | | | | | | | | | | | | | | | | | | +-- , 225 , set() , {'FLOWOUTATP2_TT1___61_', 'FLOWINATP2_TT1___61_'}
| | | | | | | | | | | | | | | | | | | | | | +-- , 227 , {229} , {'R1ATINTERN_TT1___61_', 'R2ATINTERN_TT1___61_', 'FLOWINATP2_TT1___61_', 'PRESSUREATP2_TT1___61_', 'FLOWINATP1_TT1___61_'}
| | | | | | | | | | | | | | | | | | | | | | | +-- , 229 , {233, 231} , {'R1ATINTERN_TT1___61_', 'FLOWINATP2_TT1___61_', 'BOTHFLOWSPRESENTATINTERN_TT1___61_', 'FLOWINATP1_TT1___61_', 'R2ATINTERN_TT1___61_'}
| | | | | | | | | | | | | | | | | | | | | | | | +-- , 233 , set() , {'R1ATINTERN_TT1___61_', 'BOTHFLOWSPRESENTATINTERN_TT1___61_', 'INTRES1CONST_TT1___61_'}
| | | | | | | | | | | | | | | | | | | | | | | | +-- , 231 , set() , {'BOTHFLOWSPRESENTATINTERN_TT1___61_', 'R2ATINTERN_TT1___61_', 'INTRES2CONST_TT1___61_'}
| | | | | | | | | | | | | | | | | | | | | | +-- , 235 , set() , {'FLOWOUTATP1_TT1___61_', 'FLOWINATP1_TT1___61_'}
| | | | | | | | | | | | | | | | | | | | | | +-- , 237 , set() , {'FLOWINATP2B_LV1___60_', 'PRESSUREATP1B_LV1___60_', 'RESISTANCEATINTERN_LV1___60_', 'POSITIONATINTERN_LV1___60_', 'FLOWOUTATP2B_LV1___60_', 'PRESSUREATP2B_LV1___60_', 'FLOWOUTATP1B_LV1___60_', 'FLOWINATP1B_LV1___60_'}
| | | | | | | | | | | | | | | | | | | | | | +-- , 239 , set() , {'FLOWINATP1A_LV1___60_', 'PRESSUREATP1A_LV1___60_', 'PRESSUREATP1_TT1___61_', 'FLOWOUTATP1A_LV1___60_', 'TT1_S_LV1__67_', 'FLOWINATP1_TT1___61_'}
| | | | | | | | | | | | | | | | | | | | +-- , 243 , set() , {'MEASUREDPOSITIONATINTERN_LV1___60_', 'POSITIONATINTERN_LV1___60_'}
| | | | | | | | | | | | | | | | | | | +-- , 215 , set() , {'FLOWINATP3_N11___75_', 'FLOWINATP1_N11___75_', 'FLOWINATP2_N11___75_', 'FLOWOUTATP3_N11___75_', 'FLOWOUTATP2_N11___75_'}
| | | | | | | | | | | | | | | | | +-- , 245 , set() , {'PRESSUREATP1_N10___74_', 'N10_S_LV4__79_', 'PRESSUREATP1_LV4___9_', 'FLOWOUTATP1_LV4___9_', 'FLOWINATP1_N10___74_', 'FLOWINATP1_LV4___9_'}
| | | | | | | | | | | | | | | | +-- , 247 , set() , {'FLOWOUTATP1_N10___74_', 'FLOWINATP1_N10___74_'}
| | | | | | | | | | | | +-- , 251 , set() , {'POSITIONATINTERN_LV5___34_', 'LV5__34_', 'COMMANDATP3_LV5___34_'}
| | | | | | | | | | | | +-- , 253 , set() , {'POSITIONATINTERN_LV5___34_', 'MEASUREDPOSITIONATINTERN_LV5___34_'}
| | | | | | | | | | | | +-- , 255 , set() , {'RESISTANCEATINTERN_LV5___34_', 'RESINTCONST_LV5___34_', 'POSITIONATINTERN_LV5___34_'}
| | | | +-- , 263 , set() , {'FLOWINATP2_TT2___53_', 'FLOWOUTATP2_TT2___53_'}
| +-- , 3 , {5, 151} , {'PRESSUREATP1_N7___18_', 'FLOWOUTATP2_N5___15_', 'N7_S_N5__7_', 'PRESSUREATP2_N5___15_', 'FLOWINATP1_N7___18_'}
| | +-- , 5 , {8} , {'PRESSUREATP1_PR1___14_', 'REGULATEDPRESSURECONST_PR1___14_', 'FLOWINATP1_N7___18_', 'PRESSUREATP2_PR1___14_', 'PR1__14_', 'PRESSUREATP1_N7___18_', 'DEGRADEDPRESSURECONST_PR1___14_'}
| | | +-- , 8 , {147, 149, 12} , {'PRESSUREATP1_PR1___14_', 'FLOWOUTATP2_PV2___12_', 'FLOWINATP1_N7___18_', 'PRESSUREATP2_PR1___14_', 'POSITIONATINTERN_PV2___12_', 'PRESSUREATP1_N7___18_', 'RESISTANCEATINTERN_PV2___12_', 'PRESSUREATP2_PV2___12_', 'PRESSUREATP1_PV2___12_', 'FLOWINATP1_PV2___12_'}
| | | | +-- , 147 , set() , {'RESISTANCEATINTERN_PV2___12_', 'POSITIONATINTERN_PV2___12_', 'RESINTCONST_PV2___12_'}
| | | | +-- , 149 , set() , {'COMMANDATCMD_PV2___12_', 'PV2__12_', 'POSITIONATINTERN_PV2___12_'}
| | | | +-- , 12 , {15} , {'FLOWOUTATP2_PV2___12_', 'POSITIONATINTERN_PV1___21_', 'FLOWINATP1_N7___18_', 'PRESSUREATP2_PR1___14_', 'FLOWINATP1_PV2___12_', 'PRESSUREATP1_PR1___14_', 'PRESSUREATP1_N7___18_', 'COMMANDATCMD_PV1___21_', 'PRESSUREATP2_PV2___12_', 'PRESSUREATP1_PV2___12_', 'PV1__21_'}
| | | | | +-- , 15 , {17} , {'FLOWOUTATP2_PV2___12_', 'RESINTCONST_PV1___21_', 'POSITIONATINTERN_PV1___21_', 'FLOWINATP1_N7___18_', 'PRESSUREATP2_PR1___14_', 'FLOWINATP1_PV2___12_', 'PRESSUREATP1_PR1___14_', 'PRESSUREATP1_N7___18_', 'PRESSUREATP2_PV2___12_', 'RESISTANCEATINTERN_PV1___21_', 'PRESSUREATP1_PV2___12_'}
| | | | | | +-- , 17 , {128, 19} , {'FLOWOUTATP2_PV2___12_', 'PRESSUREATP1_PR1___14_', 'POSITIONATINTERN_PV1___21_', 'FLOWOUTATP2_PV1___21_', 'FLOWINATP1_N7___18_', 'PRESSUREATP2_PR1___14_', 'FLOWINATP1_PV1___21_', 'PRESSUREATP1_N7___18_', 'PRESSUREATP2_PV2___12_', 'RESISTANCEATINTERN_PV1___21_', 'PRESSUREATP1_PV2___12_', 'FLOWINATP1_PV2___12_', 'PRESSUREATP2_PV1___21_', 'PRESSUREATP1_PV1___21_'}
| | | | | | | +-- , 128 , {131} , {'FLOWOUTATP2_PV2___12_', 'PRESSUREATP2_N8___19_', 'FLOWOUTATP2_PV1___21_', 'N8_S_PV2__43_', 'PRESSUREATP2_PV2___12_', 'FLOWOUTATP2_N8___19_', 'PRESSUREATP2_PV1___21_', 'FLOWINATP2_PV2___12_'}
| | | | | | | | +-- , 131 , {133} , {'PRESSUREATP2_N8___19_', 'FLOWOUTATP2_PV1___21_', 'FLOWOUTATP2_N8___19_', 'FLOWINATP2_PV1___21_', 'PRESSUREATP2_PV1___21_'}
| | | | | | | | | +-- , 133 , {135} , {'PRESSUREATP2_N8___19_', 'FLOWOUTATP2_N8___19_', 'FLOWINATP2_PV1___21_', 'PRESSUREATP2_PV1___21_', 'PRESSUREATP3_N8___19_', 'N8_S_PV1__42_', 'FLOWOUTATP3_N8___19_'}
| | | | | | | | | | +-- , 135 , {145, 137, 141, 143} , {'PRESSUREATP2_N8___19_', 'PRESSUREATP1_HELIUM1___11_', 'FLOWOUTATP1_HELIUM1___11_', 'PRESSUREATP1_N8___19_', 'FLOWOUTATP2_N8___19_', 'FLOWOUTATP3_N8___19_', 'N8_S_HELIUM1__10_', 'FLOWINATP1_N8___19_', 'PRESSUREATP3_N8___19_'}
| | | | | | | | | | | +-- , 145 , set() , {'FLOWINATP1_HELIUM1___11_', 'FLOWOUTATP1_HELIUM1___11_'}
| | | | | | | | | | | +-- , 137 , set() , {'LOADPRESCONST_HELIUM1___11_', 'PRESSUREATP1_HELIUM1___11_'}
| | | | | | | | | | | +-- , 141 , set() , {'FLOWINATP3_N8___19_', 'FLOWOUTATP2_N8___19_', 'FLOWINATP2_N8___19_', 'FLOWINATP1_N8___19_', 'FLOWOUTATP3_N8___19_'}
| | | | | | | | | | | +-- , 143 , set() , {'FLOWOUTATP1_N8___19_', 'FLOWINATP1_N8___19_'}
| | | | | | | +-- , 19 , {22} , {'FLOWINATP1_N7___18_', 'PRESSUREATP2_PR1___14_', 'FLOWINATP1_PV1___21_', 'FLOWINATP1_PV2___12_', 'FLOWINATP2_LV101___23_', 'PRESSUREATP1_PR1___14_', 'PRESSUREATP1_N7___18_', 'PRESSUREATP1_PV2___12_', 'FLOWOUTATP2_LV101___23_', 'PRESSUREATP1_PV1___21_'}
| | | | | | | | +-- , 22 , {66, 124, 24, 122, 120, 126} , {'PRESSUREATP1_PR1___14_', 'PRESSUREATP2_LV101___23_', 'FLOWINATP1_N7___18_', 'PRESSUREATP2_PR1___14_', 'FLOWINATP1_LV101___23_', 'FLOWINATP1_PV1___21_', 'RESISTANCEATINTERN_LV101___23_', 'PRESSUREATP1_LV101___23_', 'PRESSUREATP1_N7___18_', 'FLOWINATP1_PV2___12_', 'PRESSUREATP1_PV2___12_', 'POSITIONATINTERN_LV101___23_', 'FLOWOUTATP2_LV101___23_', 'PRESSUREATP1_PV1___21_'}
| | | | | | | | | +-- , 66 , {116, 68, 118} , {'PRESSUREATP1_PR1___14_', 'PRESSUREATP2_LV301___24_', 'FLOWOUTATP2_LV301___24_', 'FLOWINATP1_LV101___23_', 'FLOWINATP1_PV1___21_', 'PRESSUREATP1_LV101___23_', 'PR1_S_LV301__25_', 'FLOWOUTATP3_N6___17_', 'PRESSUREATP1_PV2___12_', 'FLOWINATP1_PR1___14_', 'N6_S_LV101__48_', 'FLOWINATP1_PV2___12_', 'PRESSUREATP1_PV1___21_', 'PRESSUREATP3_N6___17_'}
| | | | | | | | | | +-- , 116 , set() , {'FLOWINATP1_PR1___14_', 'FLOWOUTATP1_PR1___14_'}
| | | | | | | | | | +-- , 68 , {70, 108, 110, 112, 114} , {'FLOWOUTATP2_LV301___24_', 'PRESSUREATP1_LV301___24_', 'PRESSUREATP2_LV301___24_', 'FLOWINATP1_LV301___24_', 'FLOWINATP1_PV1___21_', 'POSITIONATINTERN_LV301___24_', 'RESISTANCEATINTERN_LV301___24_', 'FLOWOUTATP3_N6___17_', 'PRESSUREATP1_PV2___12_', 'FLOWINATP1_PV2___12_', 'PRESSUREATP1_PV1___21_', 'PRESSUREATP3_N6___17_'}
| | | | | | | | | | | +-- , 70 , {72} , {'N6_S_LV301__49_', 'PRESSUREATP2_N6___17_', 'FLOWINATP1_PV1___21_', 'FLOWINATP1_PV2___12_', 'PRESSUREATP1_LV301___24_', 'FLOWOUTATP2_N6___17_', 'FLOWINATP1_LV301___24_', 'FLOWOUTATP3_N6___17_', 'PRESSUREATP1_PV2___12_', 'PRESSUREATP3_N6___17_', 'PRESSUREATP1_PV1___21_'}
| | | | | | | | | | | | +-- , 72 , {74} , {'FLOWOUTATP2_N6___17_', 'FLOWOUTATP1_PV2___12_', 'PRESSUREATP2_N6___17_', 'FLOWINATP1_PV1___21_', 'FLOWOUTATP3_N6___17_', 'PRESSUREATP1_PV2___12_', 'FLOWINATP1_PV2___12_', 'PRESSUREATP1_PV1___21_', 'PRESSUREATP3_N6___17_'}
| | | | | | | | | | | | | +-- , 74 , {106, 76} , {'FLOWINATP3_N9___20_', 'FLOWOUTATP1_PV2___12_', 'PRESSUREATP2_N6___17_', 'FLOWINATP1_PV1___21_', 'PV2_S_N9__44_', 'FLOWOUTATP2_N6___17_', 'PRESSUREATP3_N9___20_', 'FLOWOUTATP3_N6___17_', 'PRESSUREATP1_PV2___12_', 'PRESSUREATP3_N6___17_', 'PRESSUREATP1_PV1___21_'}
| | | | | | | | | | | | | | +-- , 106 , set() , {'FLOWINATP3_N9___20_', 'FLOWOUTATP3_N9___20_'}
| | | | | | | | | | | | | | +-- , 76 , {78} , {'FLOWINATP3_N9___20_', 'FLOWOUTATP2_N6___17_', 'PRESSUREATP2_N6___17_', 'FLOWINATP1_PV1___21_', 'PRESSUREATP3_N9___20_', 'FLOWOUTATP3_N6___17_', 'PRESSUREATP3_N6___17_', 'PRESSUREATP1_PV1___21_', 'FLOWOUTATP1_PV1___21_'}
| | | | | | | | | | | | | | | +-- , 78 , {104, 80} , {'FLOWINATP3_N9___20_', 'PRESSUREATP2_N6___17_', 'FLOWINATP2_N9___20_', 'FLOWOUTATP1_PV1___21_', 'PRESSUREATP2_N9___20_', 'FLOWOUTATP2_N6___17_', 'PRESSUREATP3_N9___20_', 'FLOWOUTATP3_N6___17_', 'PV1_S_N9__45_', 'PRESSUREATP3_N6___17_', 'PRESSUREATP1_PV1___21_'}
| | | | | | | | | | | | | | | | +-- , 104 , set() , {'FLOWOUTATP2_N9___20_', 'FLOWINATP2_N9___20_'}
| | | | | | | | | | | | | | | | +-- , 80 , {82} , {'FLOWINATP1_N9___20_', 'FLOWINATP3_N9___20_', 'PRESSUREATP2_N9___20_', 'FLOWOUTATP2_N6___17_', 'PRESSUREATP2_N6___17_', 'FLOWINATP2_N9___20_', 'PRESSUREATP3_N9___20_', 'FLOWOUTATP3_N6___17_', 'PRESSUREATP3_N6___17_', 'PRESSUREATP1_N9___20_'}
| | | | | | | | | | | | | | | | | +-- , 82 , {84} , {'FLOWINATP1_N9___20_', 'FLOWOUTATP2_N6___17_', 'PRESSUREATP2_N6___17_', 'FLOWOUTATP3_N6___17_', 'PRESSUREATP3_N6___17_', 'PRESSUREATP1_N9___20_', 'FLOWOUTATP1_N9___20_'}
| | | | | | | | | | | | | | | | | | +-- , 84 , {86, 102} , {'FLOWOUTATP2_N6___17_', 'PRESSUREATP2_N6___17_', 'FLOWINATP1_HF01___16_', 'N9_S_HF01__46_', 'PRESSUREATP1_HF01___16_', 'FLOWOUTATP3_N6___17_', 'PRESSUREATP3_N6___17_', 'PRESSUREATP1_N9___20_', 'FLOWOUTATP1_N9___20_'}
| | | | | | | | | | | | | | | | | | | +-- , 86 , {88, 100} , {'FLOWOUTATP2_N6___17_', 'PRESSUREATP2_N6___17_', 'FLOWINATP1_HF01___16_', 'PRESSUREATP2_HF01___16_', 'RESISTANCEATINTERN_HF01___16_', 'PRESSUREATP1_HF01___16_', 'FLOWOUTATP3_N6___17_', 'PRESSUREATP3_N6___17_'}
| | | | | | | | | | | | | | | | | | | | +-- , 88 , {90, 92} , {'FLOWOUTATP2_HF01___16_', 'FLOWOUTATP2_N6___17_', 'PRESSUREATP2_N6___17_', 'FLOWINATP1_HF01___16_', 'PRESSUREATP2_HF01___16_', 'FLOWOUTATP3_N6___17_', 'PRESSUREATP3_N6___17_'}
| | | | | | | | | | | | | | | | | | | | | +-- , 90 , set() , {'FLOWOUTATP2_HF01___16_', 'FLOWINATP2_HF01___16_'}
| | | | | | | | | | | | | | | | | | | | | +-- , 92 , {98, 94} , {'FLOWOUTATP2_HF01___16_', 'FLOWINATP1_N6___17_', 'FLOWOUTATP2_N6___17_', 'PRESSUREATP2_N6___17_', 'PRESSUREATP2_HF01___16_', 'HF01_S_N6__47_', 'FLOWOUTATP3_N6___17_', 'PRESSUREATP3_N6___17_', 'PRESSUREATP1_N6___17_'}
| | | | | | | | | | | | | | | | | | | | | | +-- , 98 , set() , {'FLOWOUTATP1_N6___17_', 'FLOWINATP1_N6___17_'}
| | | | | | | | | | | | | | | | | | | | | | +-- , 94 , {96} , {'FLOWOUTATP3_N6___17_', 'FLOWINATP1_N6___17_', 'FLOWOUTATP2_N6___17_', 'FLOWINATP2_N6___17_'}
| | | | | | | | | | | | | | | | | | | | | | | +-- , 96 , set() , {'FLOWINATP2_N6___17_', 'FLOWOUTATP3_N6___17_', 'FLOWINATP3_N6___17_', 'FLOWINATP1_N6___17_'}
| | | | | | | | | | | | | | | | | | | | +-- , 100 , set() , {'RESINTCONST_HF01___16_', 'RESISTANCEATINTERN_HF01___16_', 'HF01__16_'}
| | | | | | | | | | | | | | | | | | | +-- , 102 , set() , {'FLOWOUTATP1_HF01___16_', 'FLOWINATP1_HF01___16_'}
| | | | | | | | | | | +-- , 108 , set() , {'MEASUREDPOSITIONATINTERN_LV301___24_', 'POSITIONATINTERN_LV301___24_'}
| | | | | | | | | | | +-- , 110 , set() , {'FLOWINATP1_LV301___24_', 'FLOWOUTATP1_LV301___24_'}
| | | | | | | | | | | +-- , 112 , set() , {'POSITIONATINTERN_LV301___24_', 'RESISTANCEATINTERN_LV301___24_', 'RESINTCONST_LV301___24_'}
| | | | | | | | | | | +-- , 114 , set() , {'COMMANDATP3_LV301___24_', 'LV301__24_', 'POSITIONATINTERN_LV301___24_'}
| | | | | | | | | | +-- , 118 , set() , {'FLOWOUTATP2_LV301___24_', 'FLOWINATP2_LV301___24_'}
| | | | | | | | | +-- , 124 , set() , {'POSITIONATINTERN_LV101___23_', 'MEASUREDPOSITIONATINTERN_LV101___23_'}
| | | | | | | | | +-- , 24 , {64, 26, 60, 62} , {'PRESSUREATP1_LV402___28_', 'FLOWOUTATP2_PR1___14_', 'PRESSUREATP2_LV101___23_', 'FLOWINATP1_LV402___28_', 'FLOWINATP1_N7___18_', 'FLOWINATP1_PR2___22_', 'PRESSUREATP2_PR1___14_', 'PRESSUREATP1_N7___18_', 'LV402_S_PR1__26_', 'PRESSUREATP1_PR2___22_', 'PR2_S_LV101__31_', 'FLOWOUTATP2_LV101___23_'}
| | | | | | | | | | +-- , 64 , set() , {'FLOWINATP1_PR2___22_', 'FLOWOUTATP1_PR2___22_'}
| | | | | | | | | | +-- , 26 , {28} , {'REGULATEDPRESSURECONST_PR2___22_', 'PRESSUREATP1_LV402___28_', 'FLOWINATP1_LV402___28_', 'DEGRADEDPRESSURECONST_PR2___22_', 'PRESSUREATP2_PR2___22_', 'FLOWINATP1_N7___18_', 'PRESSUREATP1_N7___18_', 'PR2__22_', 'PRESSUREATP1_PR2___22_'}
| | | | | | | | | | | +-- , 28 , {52, 54, 56, 58, 30} , {'PRESSUREATP2_LV402___28_', 'PRESSUREATP1_LV402___28_', 'RESISTANCEATINTERN_LV402___28_', 'FLOWINATP1_LV402___28_', 'PRESSUREATP2_PR2___22_', 'FLOWINATP1_N7___18_', 'PRESSUREATP1_N7___18_', 'POSITIONATINTERN_LV402___28_', 'FLOWOUTATP2_LV402___28_'}
| | | | | | | | | | | | +-- , 52 , set() , {'FLOWOUTATP2_LV402___28_', 'FLOWINATP2_LV402___28_'}
| | | | | | | | | | | | +-- , 54 , set() , {'POSITIONATINTERN_LV402___28_', 'RESISTANCEATINTERN_LV402___28_', 'RESINTCONST_LV402___28_'}
| | | | | | | | | | | | +-- , 56 , set() , {'POSITIONATINTERN_LV402___28_', 'MEASUREDPOSITIONATINTERN_LV402___28_'}
| | | | | | | | | | | | +-- , 58 , set() , {'COMMANDATP3_LV402___28_', 'POSITIONATINTERN_LV402___28_', 'LV402__28_'}
| | | | | | | | | | | | +-- , 30 , {32, 48, 50, 46} , {'PRESSUREATP2_LV402___28_', 'PRESSUREATP3_N7___18_', 'FLOWOUTATP2_PR2___22_', 'PRESSUREATP2_PR2___22_', 'LV202_S_PR2__29_', 'FLOWINATP1_N7___18_', 'PRESSUREATP1_N7___18_', 'FLOWINATP1_LV202___27_', 'FLOWOUTATP2_LV402___28_', 'FLOWINATP3_N7___18_', 'LV402_S_N7__56_', 'PRESSUREATP1_LV202___27_'}
| | | | | | | | | | | | | +-- , 32 , {34, 36, 40, 42, 44} , {'RESISTANCEATINTERN_LV202___27_', 'PRESSUREATP3_N7___18_', 'POSITIONATINTERN_LV202___27_', 'PRESSUREATP2_LV202___27_', 'FLOWINATP1_N7___18_', 'PRESSUREATP1_N7___18_', 'FLOWINATP1_LV202___27_', 'FLOWOUTATP2_LV202___27_', 'FLOWINATP3_N7___18_', 'PRESSUREATP1_LV202___27_'}
| | | | | | | | | | | | | | +-- , 34 , set() , {'MEASUREDPOSITIONATINTERN_LV202___27_', 'POSITIONATINTERN_LV202___27_'}
| | | | | | | | | | | | | | +-- , 36 , {38} , {'PRESSUREATP3_N7___18_', 'PRESSUREATP2_N7___18_', 'PRESSUREATP2_LV202___27_', 'FLOWINATP1_N7___18_', 'PRESSUREATP1_N7___18_', 'FLOWINATP2_N7___18_', 'FLOWOUTATP2_LV202___27_', 'FLOWINATP3_N7___18_', 'LV202_S_N7__52_'}
| | | | | | | | | | | | | | | +-- , 38 , set() , {'FLOWOUTATP2_N7___18_', 'FLOWINATP2_N7___18_'}
| | | | | | | | | | | | | | +-- , 40 , set() , {'RESINTCONST_LV202___27_', 'RESISTANCEATINTERN_LV202___27_', 'POSITIONATINTERN_LV202___27_'}
| | | | | | | | | | | | | | +-- , 42 , set() , {'COMMANDATP3_LV202___27_', 'LV202__27_', 'POSITIONATINTERN_LV202___27_'}
| | | | | | | | | | | | | | +-- , 44 , set() , {'FLOWINATP2_LV202___27_', 'FLOWOUTATP2_LV202___27_'}
| | | | | | | | | | | | | +-- , 48 , set() , {'FLOWOUTATP1_LV202___27_', 'FLOWINATP1_LV202___27_'}
| | | | | | | | | | | | | +-- , 50 , set() , {'FLOWINATP3_N7___18_', 'FLOWOUTATP3_N7___18_'}
| | | | | | | | | | | | | +-- , 46 , set() , {'FLOWOUTATP2_PR2___22_', 'FLOWINATP2_PR2___22_'}
| | | | | | | | | | +-- , 60 , set() , {'FLOWOUTATP2_PR1___14_', 'FLOWINATP2_PR1___14_'}
| | | | | | | | | | +-- , 62 , set() , {'FLOWOUTATP1_LV402___28_', 'FLOWINATP1_LV402___28_'}
| | | | | | | | | +-- , 122 , set() , {'POSITIONATINTERN_LV101___23_', 'COMMANDATP3_LV101___23_', 'LV101__23_'}
| | | | | | | | | +-- , 120 , set() , {'POSITIONATINTERN_LV101___23_', 'RESISTANCEATINTERN_LV101___23_', 'RESINTCONST_LV101___23_'}
| | | | | | | | | +-- , 126 , set() , {'FLOWOUTATP1_LV101___23_', 'FLOWINATP1_LV101___23_'}
| | +-- , 151 , set() , {'FLOWOUTATP1_N7___18_', 'FLOWINATP1_N7___18_'}
| +-- , 474 , set() , {'POSITIONATINTERN_LV8___64_', 'LV8__64_', 'COMMANDATP3_LV8___64_'}
| +-- , 271 , {273} , {'FLOWOUTATP2_N5___15_', 'PRESSUREATP2_LV5___34_', 'FLOWINATP2_LV5___34_', 'FLOWOUTATP3_N2___37_', 'PRESSUREATP2_N5___15_', 'FLOWOUTATP3_N1___35_', 'LV5_S_N1__51_', 'RESINTCONST_LV8___64_', 'PRESSUREATP3_N1___35_', 'PRESSUREATP3_N2___37_', 'POSITIONATINTERN_LV8___64_', 'RESISTANCEATINTERN_LV8___64_'}
| | +-- , 273 , {277} , {'FLOWOUTATP2_N5___15_', 'PRESSUREATP2A_LV8___64_', 'FLOWOUTATP1_N1___35_', 'FLOWOUTATP2A_LV8___64_', 'PRESSUREATP1A_LV8___64_', 'FLOWOUTATP3_N2___37_', 'FLOWINATP1A_LV8___64_', 'PRESSUREATP2_N5___15_', 'FLOWOUTATP3_N1___35_', 'FLOWINATP1_N1___35_', 'PRESSUREATP3_N1___35_', 'PRESSUREATP3_N2___37_', 'POSITIONATINTERN_LV8___64_', 'RESISTANCEATINTERN_LV8___64_'}
| | | +-- , 277 , {279} , {'FLOWOUTATP2_N5___15_', 'PRESSUREATP2A_LV8___64_', 'FLOWOUTATP2A_LV8___64_', 'PRESSUREATP1A_LV8___64_', 'FLOWOUTATP3_N2___37_', 'FLOWINATP1A_LV8___64_', 'PRESSUREATP2_N5___15_', 'FLOWOUTATP3_N1___35_', 'FLOWINATP1_N1___35_', 'FLOWINATP2_N1___35_', 'PRESSUREATP3_N1___35_', 'PRESSUREATP3_N2___37_', 'POSITIONATINTERN_LV8___64_', 'RESISTANCEATINTERN_LV8___64_', 'FLOWINATP3_N1___35_'}
| | | | +-- , 279 , {281} , {'FLOWOUTATP2_N5___15_', 'PRESSUREATP1_N1___35_', 'PRESSUREATP2A_LV8___64_', 'FLOWOUTATP2A_LV8___64_', 'PRESSUREATP1A_LV8___64_', 'FLOWOUTATP3_N2___37_', 'FLOWINATP1A_LV8___64_', 'PRESSUREATP2_N5___15_', 'PRESSUREATP2_N1___35_', 'FLOWINATP1_N1___35_', 'FLOWINATP2_N1___35_', 'PRESSUREATP3_N1___35_', 'PRESSUREATP3_N2___37_', 'POSITIONATINTERN_LV8___64_', 'RESISTANCEATINTERN_LV8___64_'}
| | | | | +-- , 281 , {385, 468, 470, 472, 285} , {'RESISTANCEATINTERN_LV3___8_', 'FLOWOUTATP2_N5___15_', 'PRESSUREATP2A_LV8___64_', 'PRESSUREATP1_N1___35_', 'FLOWOUTATP2A_LV8___64_', 'PRESSUREATP1_LV3___8_', 'PRESSUREATP1A_LV8___64_', 'FLOWOUTATP3_N2___37_', 'FLOWOUTATP2_LV3___8_', 'FLOWINATP1A_LV8___64_', 'PRESSUREATP2_N5___15_', 'PRESSUREATP2_N1___35_', 'FLOWINATP1_N1___35_', 'FLOWINATP1_LV3___8_', 'FLOWINATP2_N1___35_', 'PRESSUREATP3_N2___37_', 'POSITIONATINTERN_LV3___8_', 'PRESSUREATP2_LV3___8_', 'POSITIONATINTERN_LV8___64_', 'RESISTANCEATINTERN_LV8___64_'}
| | | | | | +-- , 385 , {387} , {'FLOWOUTATP2_N5___15_', 'PRESSUREATP1_N1___35_', 'PRESSUREATP1_LV304___36_', 'FLOWOUTATP3_N2___37_', 'FLOWOUTATP2_LV3___8_', 'PRESSUREATP2_N5___15_', 'FLOWINATP1_N1___35_', 'FLOWOUTATP1_LV304___36_', 'PRESSUREATP3_N2___37_', 'PRESSUREATP2_LV3___8_', 'N1_S_LV304__38_'}
| | | | | | | +-- , 387 , {466, 390} , {'FLOWOUTATP2_N5___15_', 'PRESSUREATP1_LV304___36_', 'POSITIONATINTERN_LV203___5_', 'FLOWOUTATP3_N2___37_', 'FLOWOUTATP2_LV3___8_', 'MEASUREDPOSITIONATINTERN_LV203___5_', 'PRESSUREATP2_N5___15_', 'FLOWOUTATP1_LV304___36_', 'PRESSUREATP3_N2___37_', 'PRESSUREATP2_LV3___8_'}
| | | | | | | | +-- , 466 , set() , {'POSITIONATINTERN_LV203___5_', 'LV203__5_', 'COMMANDATP3_LV203___5_'}
| | | | | | | | +-- , 390 , {464, 404, 392, 462} , {'FLOWOUTATP2_N5___15_', 'PRESSUREATP1_LV304___36_', 'PRESSUREATP2_N5___15_', 'POSITIONATINTERN_LV203___5_', 'FLOWOUTATP2_LV203___5_', 'FLOWOUTATP1_LV304___36_', 'PRESSUREATP3_N2___37_', 'PRESSUREATP1_LV203___5_', 'PRESSUREATP2_LV3___8_', 'PRESSUREATP2_LV203___5_', 'RESISTANCEATINTERN_LV203___5_', 'FLOWOUTATP3_N2___37_', 'FLOWINATP1_LV203___5_', 'FLOWOUTATP2_LV3___8_'}
| | | | | | | | | +-- , 464 , set() , {'POSITIONATINTERN_LV203___5_', 'RESISTANCEATINTERN_LV203___5_', 'RESINTCONST_LV203___5_'}
| | | | | | | | | +-- , 404 , {406} , {'FLOWOUTATP2_N5___15_', 'PRESSUREATP1_LV304___36_', 'PRESSUREATP2_N5___15_', 'PRESSUREATP2_PF01___13_', 'PF01_S_LV203__4_', 'FLOWOUTATP2_LV203___5_', 'FLOWOUTATP1_LV304___36_', 'FLOWINATP2_PF01___13_', 'PRESSUREATP2_LV203___5_'}
| | | | | | | | | | +-- , 406 , {452, 409, 460} , {'FLOWOUTATP2_N5___15_', 'PRESSUREATP1_LV304___36_', 'PRESSUREATP2_LV304___36_', 'PRESSUREATP2_PF01___13_', 'PRESSUREATP2_N5___15_', 'PF02_S_LV304__3_', 'FLOWOUTATP2_LV304___36_', 'FLOWOUTATP1_LV304___36_', 'FLOWINATP2_PF01___13_', 'PRESSUREATP2_PF02___30_', 'FLOWINATP2_PF02___30_'}
| | | | | | | | | | | +-- , 452 , {454, 456, 458} , {'POSITIONATINTERN_LV304___36_', 'PRESSUREATP1_LV304___36_', 'PRESSUREATP2_LV304___36_', 'FLOWINATP1_LV304___36_', 'RESISTANCEATINTERN_LV304___36_', 'FLOWOUTATP2_LV304___36_', 'FLOWOUTATP1_LV304___36_'}
| | | | | | | | | | | | +-- , 454 , set() , {'POSITIONATINTERN_LV304___36_', 'RESINTCONST_LV304___36_', 'RESISTANCEATINTERN_LV304___36_'}
| | | | | | | | | | | | +-- , 456 , set() , {'LV304__36_', 'POSITIONATINTERN_LV304___36_', 'COMMANDATP3_LV304___36_'}
| | | | | | | | | | | | +-- , 458 , set() , {'MEASUREDPOSITIONATINTERN_LV304___36_', 'POSITIONATINTERN_LV304___36_'}
| | | | | | | | | | | +-- , 409 , {450, 412} , {'FLOWOUTATP2_N5___15_', 'PRESSUREATP2_N5___15_', 'PRESSUREATP2_PF02___30_', 'PRESSUREATP2_PF01___13_', 'FLOWINATP2_PF01___13_', 'FLOWOUTATP1_PF01___13_', 'FLOWINATP2_PF02___30_', 'FLOWINATP1_PF01___13_'}
| | | | | | | | | | | | +-- , 450 , set() , {'FLOWOUTATP2_PF01___13_', 'FLOWINATP2_PF01___13_', 'FLOWINATP1_PF01___13_'}
| | | | | | | | | | | | +-- , 412 , {448, 414} , {'FLOWOUTATP2_N5___15_', 'PRESSUREATP2_N5___15_', 'PRESSUREATP1_PF01___13_', 'PRESSUREATP2_PF01___13_', 'RESISTANCEATINTERN_PF01___13_', 'PRESSUREATP2_PF02___30_', 'FLOWINATP2_PF02___30_', 'FLOWINATP1_PF01___13_'}
| | | | | | | | | | | | | +-- , 448 , set() , {'PF01__13_', 'RESINTCONST_PF01___13_', 'RESISTANCEATINTERN_PF01___13_'}
| | | | | | | | | | | | | +-- , 414 , {416, 446} , {'FLOWOUTATP2_N5___15_', 'FLOWOUTATPOUT_MON52___1_', 'PRESSUREATP2_N5___15_', 'PRESSUREATP1_PF01___13_', 'PRESSUREATP2_PF02___30_', 'MON52_S_PF01__32_', 'PRESSUREATPOUT_MON52___1_', 'FLOWINATP2_PF02___30_', 'FLOWINATP1_PF01___13_'}
| | | | | | | | | | | | | | +-- , 416 , {432, 420, 444} , {'FLOWOUTATP2_N5___15_', 'FLOWOUTATPOUT_MON52___1_', 'FLOWINATPIN_MON74___2_', 'FLOWOUTATP3_N5___15_', 'N5_S_MON74__58_', 'PRESSUREATP2_N5___15_', 'PRESSUREATP2_PF02___30_', 'PRESSUREATPOUT_MON52___1_', 'PRESSUREATP3_N5___15_', 'FLOWINATP2_PF02___30_', 'PRESSUREATPIN_MON74___2_'}
| | | | | | | | | | | | | | | +-- , 432 , {436, 440, 442} , {'FLOWINATPIN_MON74___2_', 'RESISTANCEATINTERN_PF02___30_', 'PRESSUREATP1_PF02___30_', 'FLOWINATP1_PF02___30_', 'PRESSUREATP2_PF02___30_', 'FLOWOUTATP2_PF02___30_', 'FLOWINATP2_PF02___30_', 'PRESSUREATPIN_MON74___2_'}
| | | | | | | | | | | | | | | | +-- , 436 , {438} , {'PRESSUREATPOUT_MON74___2_', 'MON74_S_PF02__33_', 'FLOWINATPIN_MON74___2_', 'FLOWINATP1_PF02___30_', 'FLOWOUTATPOUT_MON74___2_', 'PRESSUREATP1_PF02___30_', 'PRESSUREATPIN_MON74___2_'}
| | | | | | | | | | | | | | | | | +-- , 438 , set() , {'FLOWOUTATPOUT_MON74___2_', 'FLOWINATPOUT_MON74___2_'}
| | | | | | | | | | | | | | | | +-- , 440 , set() , {'FLOWOUTATP1_PF02___30_', 'FLOWINATP1_PF02___30_'}
| | | | | | | | | | | | | | | | +-- , 442 , set() , {'RESINTCONST_PF02___30_', 'RESISTANCEATINTERN_PF02___30_', 'PF02__30_'}
| | | | | | | | | | | | | | | +-- , 420 , {428, 422} , {'FLOWOUTATP2_N5___15_', 'FLOWOUTATPOUT_MON52___1_', 'FLOWOUTATP3_N5___15_', 'PRESSUREATP2_N5___15_', 'FLOWOUTATP1_N5___15_', 'PRESSUREATPOUT_MON52___1_', 'PRESSUREATP3_N5___15_'}
| | | | | | | | | | | | | | | | +-- , 428 , {430} , {'FLOWOUTATP2_N5___15_', 'FLOWOUTATP3_N5___15_', 'FLOWOUTATP1_N5___15_', 'FLOWINATP1_N5___15_'}
| | | | | | | | | | | | | | | | | +-- , 430 , set() , {'FLOWOUTATP2_N5___15_', 'FLOWOUTATP3_N5___15_', 'FLOWINATP2_N5___15_', 'FLOWINATP1_N5___15_', 'FLOWINATP3_N5___15_'}
| | | | | | | | | | | | | | | | +-- , 422 , {424} , {'FLOWOUTATPOUT_MON52___1_', 'PRESSUREATP2_N5___15_', 'PRESSUREATP1_N5___15_', 'FLOWOUTATP1_N5___15_', 'PRESSUREATPOUT_MON52___1_', 'PRESSUREATP3_N5___15_'}
| | | | | | | | | | | | | | | | | +-- , 424 , {426} , {'FLOWOUTATPOUT_MON52___1_', 'PRESSUREATPIN_MON52___1_', 'FLOWOUTATP1_N5___15_', 'PRESSUREATPOUT_MON52___1_', 'N5_S_MON52__57_', 'PRESSUREATP1_N5___15_', 'FLOWINATPIN_MON52___1_'}
| | | | | | | | | | | | | | | | | | +-- , 426 , set() , {'FLOWOUTATPIN_MON52___1_', 'FLOWINATPIN_MON52___1_'}
| | | | | | | | | | | | | | | +-- , 444 , set() , {'FLOWOUTATPIN_MON74___2_', 'FLOWINATPIN_MON74___2_'}
| | | | | | | | | | | | | | +-- , 446 , set() , {'FLOWOUTATPOUT_MON52___1_', 'FLOWINATPOUT_MON52___1_'}
| | | | | | | | | | | +-- , 460 , set() , {'FLOWOUTATP2_LV304___36_', 'FLOWINATP2_LV304___36_'}
| | | | | | | | | +-- , 392 , {394} , {'FLOWINATP2_LV3___8_', 'PRESSUREATP3_N2___37_', 'PRESSUREATP1_LV203___5_', 'PRESSUREATP2_LV3___8_', 'FLOWOUTATP3_N2___37_', 'FLOWINATP1_LV203___5_', 'FLOWOUTATP2_LV3___8_'}
| | | | | | | | | | +-- , 394 , {396} , {'FLOWINATP2_LV3___8_', 'LV3_S_N2__41_', 'FLOWOUTATP2_N2___37_', 'PRESSUREATP2_N2___37_', 'PRESSUREATP3_N2___37_', 'PRESSUREATP1_LV203___5_', 'PRESSUREATP2_LV3___8_', 'FLOWOUTATP3_N2___37_', 'FLOWINATP1_LV203___5_'}
| | | | | | | | | | | +-- , 396 , {400, 402, 398} , {'FLOWINATP1_N2___37_', 'FLOWOUTATP2_N2___37_', 'PRESSUREATP2_N2___37_', 'PRESSUREATP3_N2___37_', 'PRESSUREATP1_LV203___5_', 'FLOWOUTATP3_N2___37_', 'FLOWINATP1_LV203___5_'}
| | | | | | | | | | | | +-- , 400 , set() , {'FLOWINATP1_N2___37_', 'PRESSUREATP1_N2___37_', 'PRESSUREATP2_N2___37_', 'N2_S_LV203__39_', 'FLOWOUTATP1_LV203___5_', 'PRESSUREATP3_N2___37_', 'PRESSUREATP1_LV203___5_', 'FLOWINATP1_LV203___5_'}
| | | | | | | | | | | | +-- , 402 , set() , {'FLOWINATP1_N2___37_', 'FLOWOUTATP1_N2___37_'}
| | | | | | | | | | | | +-- , 398 , set() , {'FLOWINATP1_N2___37_', 'FLOWINATP2_N2___37_', 'FLOWINATP3_N2___37_', 'FLOWOUTATP3_N2___37_', 'FLOWOUTATP2_N2___37_'}
| | | | | | | | | +-- , 462 , set() , {'FLOWOUTATP2_LV203___5_', 'FLOWINATP2_LV203___5_'}
| | | | | | +-- , 468 , set() , {'RESISTANCEATINTERN_LV3___8_', 'POSITIONATINTERN_LV3___8_', 'RESINTCONST_LV3___8_'}
| | | | | | +-- , 470 , set() , {'MEASUREDPOSITIONATINTERN_LV3___8_', 'POSITIONATINTERN_LV3___8_'}
| | | | | | +-- , 472 , set() , {'POSITIONATINTERN_LV3___8_', 'LV3__8_', 'COMMANDATP3_LV3___8_'}
| | | | | | +-- , 285 , {287} , {'FLOWOUTATP2_N1___35_', 'PRESSUREATP2A_LV8___64_', 'FLOWOUTATP2A_LV8___64_', 'PRESSUREATP1_LV3___8_', 'PRESSUREATP1A_LV8___64_', 'PRESSUREATP2_LV2___6_', 'FLOWINATP1A_LV8___64_', 'LV2_S_N1__50_', 'PRESSUREATP2_N1___35_', 'FLOWINATP2_LV2___6_', 'FLOWINATP2_N1___35_', 'FLOWINATP1_LV3___8_', 'POSITIONATINTERN_LV8___64_', 'RESISTANCEATINTERN_LV8___64_'}
| | | | | | | +-- , 287 , {290} , {'PRESSUREATP2A_LV8___64_', 'FLOWOUTATP2A_LV8___64_', 'PRESSUREATP1_LV3___8_', 'PRESSUREATP1A_LV8___64_', 'INTRES2CONST_TT4___59_', 'PRESSUREATP2_LV2___6_', 'FLOWINATP1A_LV8___64_', 'BOTHFLOWSPRESENTATINTERN_TT4___59_', 'R2ATINTERN_TT4___59_', 'FLOWINATP2_LV2___6_', 'FLOWINATP1_LV3___8_', 'POSITIONATINTERN_LV8___64_', 'RESISTANCEATINTERN_LV8___64_'}
| | | | | | | | +-- , 290 , {293, 381, 383} , {'FLOWINATP1A_LV8___64_', 'PRESSUREATP2A_LV8___64_', 'BOTHFLOWSPRESENTATINTERN_TT4___59_', 'FLOWOUTATP2A_LV8___64_', 'POSITIONATINTERN_LV7___63_', 'PRESSUREATP1_LV3___8_', 'R2ATINTERN_TT4___59_', 'FLOWINATP2_LV2___6_', 'RESINTCONST_LV7___63_', 'FLOWINATP1_LV3___8_', 'PRESSUREATP1A_LV8___64_', 'POSITIONATINTERN_LV8___64_', 'RESISTANCEATINTERN_LV8___64_', 'RESISTANCEATINTERN_LV7___63_', 'PRESSUREATP2_LV2___6_'}
| | | | | | | | | +-- , 293 , {356, 295} , {'PRESSUREATP2A_LV8___64_', 'FLOWOUTATP2A_LV8___64_', 'POSITIONATINTERN_LV7___63_', 'PRESSUREATP1_LV3___8_', 'PRESSUREATP1A_LV8___64_', 'RESISTANCEATINTERN_LV7___63_', 'FLOWOUTATP2B_LV7___63_', 'PRESSUREATP2_LV2___6_', 'FLOWINATP1A_LV8___64_', 'PRESSUREATP2B_LV7___63_', 'BOTHFLOWSPRESENTATINTERN_TT4___59_', 'R2ATINTERN_TT4___59_', 'FLOWINATP2_LV2___6_', 'FLOWINATP1_LV3___8_', 'FLOWINATP1B_LV7___63_', 'PRESSUREATP1B_LV7___63_', 'RESISTANCEATINTERN_LV8___64_', 'POSITIONATINTERN_LV8___64_'}
| | | | | | | | | | +-- , 356 , {359, 377, 379, 361} , {'RESISTANCEATINTERN_LV2___6_', 'PRESSUREATP2A_LV8___64_', 'PRESSUREATP2B_LV7___63_', 'FLOWOUTATP2A_LV8___64_', 'FLOWINATP1_LV2___6_', 'FLOWINATP2_LV2___6_', 'PRESSUREATP1_LV2___6_', 'POSITIONATINTERN_LV2___6_', 'FLOWOUTATP2_LV2___6_', 'FLOWOUTATP2B_LV7___63_', 'PRESSUREATP2_LV2___6_'}
| | | | | | | | | | | +-- , 359 , set() , {'RESISTANCEATINTERN_LV2___6_', 'POSITIONATINTERN_LV2___6_', 'RESINTCONST_LV2___6_'}
| | | | | | | | | | | +-- , 377 , set() , {'LV2__6_', 'POSITIONATINTERN_LV2___6_', 'COMMANDATP3_LV2___6_'}
| | | | | | | | | | | +-- , 379 , set() , {'POSITIONATINTERN_LV2___6_', 'MEASUREDPOSITIONATINTERN_LV2___6_'}
| | | | | | | | | | | +-- , 361 , {363} , {'PRESSUREATP2A_LV8___64_', 'FLOWOUTATP2B_LV7___63_', 'PRESSUREATP2B_LV7___63_', 'FLOWOUTATP2A_LV8___64_', 'FLOWINATP1_LV2___6_', 'PRESSUREATP1_LV2___6_', 'FLOWINATP2A_LV8___64_'}
| | | | | | | | | | | | +-- , 363 , {365} , {'PRESSUREATP2A_LV8___64_', 'FLOWOUTATP2B_LV7___63_', 'PRESSUREATP2B_LV7___63_', 'PRESSUREATP2_N4___73_', 'FLOWINATP1_LV2___6_', 'LV8_S_N4__86_', 'PRESSUREATP1_LV2___6_', 'FLOWINATP2A_LV8___64_', 'FLOWOUTATP2_N4___73_'}
| | | | | | | | | | | | | +-- , 365 , {367} , {'FLOWOUTATP2B_LV7___63_', 'PRESSUREATP2B_LV7___63_', 'PRESSUREATP2_N4___73_', 'PRESSUREATP1_LV2___6_', 'FLOWINATP2_N4___73_', 'FLOWINATP1_LV2___6_', 'FLOWOUTATP2_N4___73_'}
| | | | | | | | | | | | | | +-- , 367 , {369} , {'FLOWOUTATP2B_LV7___63_', 'PRESSUREATP2B_LV7___63_', 'PRESSUREATP2_N4___73_', 'PRESSUREATP3_N4___73_', 'PRESSUREATP1_N4___73_', 'PRESSUREATP1_LV2___6_', 'FLOWINATP2_N4___73_', 'FLOWINATP1_LV2___6_'}
| | | | | | | | | | | | | | | +-- , 369 , {371, 373, 375} , {'FLOWINATP3_N4___73_', 'FLOWINATP1_N4___73_', 'FLOWOUTATP2B_LV7___63_', 'PRESSUREATP2B_LV7___63_', 'PRESSUREATP3_N4___73_', 'PRESSUREATP1_N4___73_', 'PRESSUREATP1_LV2___6_', 'FLOWINATP2_N4___73_', 'FLOWINATP1_LV2___6_'}
| | | | | | | | | | | | | | | | +-- , 371 , set() , {'FLOWOUTATP3_N4___73_', 'FLOWINATP3_N4___73_', 'PRESSUREATP2B_LV7___63_', 'PRESSUREATP3_N4___73_', 'FLOWINATP2B_LV7___63_', 'LV7_S_N4__87_', 'FLOWOUTATP2B_LV7___63_'}
| | | | | | | | | | | | | | | | +-- , 373 , set() , {'FLOWINATP1_N4___73_', 'PRESSUREATP1_N4___73_', 'PRESSUREATP1_LV2___6_', 'N4_S_LV2__85_', 'FLOWOUTATP1_LV2___6_', 'FLOWINATP1_LV2___6_'}
| | | | | | | | | | | | | | | | +-- , 375 , set() , {'FLOWOUTATP1_N4___73_', 'FLOWINATP1_N4___73_'}
| | | | | | | | | | +-- , 295 , {352, 354, 338, 302} , {'FLOWINATP3_N3___72_', 'POSITIONATINTERN_LV7___63_', 'PRESSUREATP1_LV3___8_', 'PRESSUREATP1A_LV8___64_', 'FLOWINATP2_N3___72_', 'PRESSUREATP1B_LV7___63_', 'RESISTANCEATINTERN_LV7___63_', 'PRESSUREATP2_TT4___59_', 'FLOWINATP2_TT4___59_', 'FLOWINATP1A_LV8___64_', 'BOTHFLOWSPRESENTATINTERN_TT4___59_', 'R2ATINTERN_TT4___59_', 'FLOWINATP1_LV3___8_', 'FLOWINATP1B_LV7___63_', 'FLOWINATP1_N3___72_', 'POSITIONATINTERN_LV8___64_', 'RESISTANCEATINTERN_LV8___64_'}
| | | | | | | | | | | +-- , 352 , set() , {'FLOWINATP2_TT4___59_', 'FLOWOUTATP2_TT4___59_'}
| | | | | | | | | | | +-- , 354 , set() , {'FLOWINATP1_N3___72_', 'FLOWOUTATP1_N3___72_'}
| | | | | | | | | | | +-- , 338 , {340} , {'FLOWINATP1A_LV8___64_', 'BOTHFLOWSPRESENTATINTERN_TT4___59_', 'PRESSUREATP1A_LV8___64_', 'INTRES1CONST_TT4___59_', 'PRESSUREATP2_TT4___59_', 'R1ATINTERN_TT4___59_', 'FLOWINATP2_TT4___59_'}
| | | | | | | | | | | | +-- , 340 , {342, 350} , {'FLOWINATP1_TT4___59_', 'FLOWINATP1A_LV8___64_', 'BOTHFLOWSPRESENTATINTERN_TT4___59_', 'PRESSUREATP1A_LV8___64_', 'PRESSUREATP2_TT4___59_', 'R1ATINTERN_TT4___59_', 'FLOWINATP2_TT4___59_'}
| | | | | | | | | | | | | +-- , 342 , {344, 348} , {'FLOWINATP1_TT4___59_', 'FLOWINATP1A_LV8___64_', 'PRESSUREATP1A_LV8___64_', 'PRESSUREATP2_TT4___59_', 'R1ATINTERN_TT4___59_', 'PRESSUREATP1_TT4___59_'}
| | | | | | | | | | | | | | +-- , 344 , {346} , {'PRESSUREATP3_TT4___59_', 'PRESSUREATP2_TT4___59_', 'PRESSUREATP1_TT4___59_'}
| | | | | | | | | | | | | | | +-- , 346 , set() , {'PRESSUREATP3_TT4___59_', 'TEMPERATUREATP4_TT4___59_'}
| | | | | | | | | | | | | | +-- , 348 , set() , {'FLOWINATP1_TT4___59_', 'FLOWINATP1A_LV8___64_', 'TT4_S_LV8__65_', 'FLOWOUTATP1A_LV8___64_', 'PRESSUREATP1A_LV8___64_', 'PRESSUREATP1_TT4___59_'}
| | | | | | | | | | | | | +-- , 350 , set() , {'FLOWINATP1_TT4___59_', 'FLOWOUTATP1_TT4___59_'}
| | | | | | | | | | | +-- , 302 , {304} , {'FLOWOUTATP1B_LV8___64_', 'FLOWINATP3_N3___72_', 'FLOWOUTATP2B_LV8___64_', 'POSITIONATINTERN_LV7___63_', 'PRESSUREATP1B_LV8___64_', 'PRESSUREATP1_LV3___8_', 'FLOWINATP2_N3___72_', 'RESISTANCEATINTERN_LV7___63_', 'FLOWINATP1B_LV8___64_', 'PRESSUREATP2_TT4___59_', 'FLOWINATP2_TT4___59_', 'TT4_S_LV8__70_', 'FLOWINATP1_LV3___8_', 'FLOWINATP1B_LV7___63_', 'FLOWINATP1_N3___72_', 'PRESSUREATP1B_LV7___63_', 'RESISTANCEATINTERN_LV8___64_', 'POSITIONATINTERN_LV8___64_', 'PRESSUREATP2B_LV8___64_'}
| | | | | | | | | | | | +-- , 304 , {307} , {'FLOWINATP3_N3___72_', 'FLOWOUTATP2B_LV8___64_', 'PRESSUREATP3_TT3___54_', 'TEMPERATUREATP4_TT3___54_', 'POSITIONATINTERN_LV7___63_', 'PRESSUREATP1_LV3___8_', 'FLOWINATP2_N3___72_', 'RESISTANCEATINTERN_LV7___63_', 'FLOWINATP1_LV3___8_', 'FLOWINATP1B_LV7___63_', 'FLOWINATP1_N3___72_', 'PRESSUREATP1B_LV7___63_', 'PRESSUREATP2B_LV8___64_'}
| | | | | | | | | | | | | +-- , 307 , {309} , {'FLOWINATP3_N3___72_', 'FLOWOUTATP2B_LV8___64_', 'PRESSUREATP3_TT3___54_', 'POSITIONATINTERN_LV7___63_', 'PRESSUREATP1_LV3___8_', 'FLOWINATP2_N3___72_', 'RESISTANCEATINTERN_LV7___63_', 'PRESSUREATP1_TT3___54_', 'PRESSUREATP2_TT3___54_', 'FLOWINATP1_LV3___8_', 'FLOWINATP1B_LV7___63_', 'FLOWINATP1_N3___72_', 'PRESSUREATP1B_LV7___63_', 'PRESSUREATP2B_LV8___64_'}
| | | | | | | | | | | | | | +-- , 309 , {311} , {'FLOWINATP3_N3___72_', 'FLOWOUTATP2B_LV8___64_', 'POSITIONATINTERN_LV7___63_', 'PRESSUREATP1_LV3___8_', 'FLOWINATP2_N3___72_', 'RESISTANCEATINTERN_LV7___63_', 'FLOWOUTATP1_LV3___8_', 'PRESSUREATP1_TT3___54_', 'PRESSUREATP2_TT3___54_', 'FLOWINATP1_LV3___8_', 'FLOWINATP1B_LV7___63_', 'FLOWINATP1_N3___72_', 'PRESSUREATP1B_LV7___63_', 'PRESSUREATP2B_LV8___64_'}
| | | | | | | | | | | | | | | +-- , 311 , {313} , {'FLOWINATP3_N3___72_', 'FLOWOUTATP2B_LV8___64_', 'N3_S_LV3__82_', 'POSITIONATINTERN_LV7___63_', 'PRESSUREATP1_LV3___8_', 'FLOWINATP2_N3___72_', 'RESISTANCEATINTERN_LV7___63_', 'FLOWOUTATP1_LV3___8_', 'PRESSUREATP1_TT3___54_', 'PRESSUREATP2_TT3___54_', 'PRESSUREATP1_N3___72_', 'FLOWINATP1B_LV7___63_', 'FLOWINATP1_N3___72_', 'PRESSUREATP1B_LV7___63_', 'PRESSUREATP2B_LV8___64_'}
| | | | | | | | | | | | | | | | +-- , 313 , {315, 334} , {'PRESSUREATP1_TT3___54_', 'FLOWINATP3_N3___72_', 'FLOWOUTATP2B_LV8___64_', 'PRESSUREATP2_N3___72_', 'PRESSUREATP2_TT3___54_', 'POSITIONATINTERN_LV7___63_', 'PRESSUREATP1_N3___72_', 'PRESSUREATP3_N3___72_', 'FLOWINATP1B_LV7___63_', 'PRESSUREATP1B_LV7___63_', 'FLOWINATP2_N3___72_', 'RESISTANCEATINTERN_LV7___63_', 'PRESSUREATP2B_LV8___64_'}
| | | | | | | | | | | | | | | | | +-- , 315 , {317} , {'PRESSUREATP1_TT3___54_', 'FLOWINATP3_N3___72_', 'PRESSUREATP2_TT3___54_', 'FLOWOUTATP3_N3___72_', 'POSITIONATINTERN_LV7___63_', 'PRESSUREATP3_N3___72_', 'FLOWINATP1B_LV7___63_', 'PRESSUREATP1B_LV7___63_', 'RESISTANCEATINTERN_LV7___63_'}
| | | | | | | | | | | | | | | | | | +-- , 317 , {319} , {'LV7_S_N3__83_', 'FLOWOUTATP3_N3___72_', 'POSITIONATINTERN_LV7___63_', 'PRESSUREATP3_N3___72_', 'RESISTANCEATINTERN_LV7___63_', 'PRESSUREATP1_TT3___54_', 'FLOWINATP2A_LV7___63_', 'PRESSUREATP2_TT3___54_', 'FLOWINATP1B_LV7___63_', 'PRESSUREATP1B_LV7___63_', 'PRESSUREATP2A_LV7___63_'}
| | | | | | | | | | | | | | | | | | | +-- , 319 , {322, 324, 326, 328, 330, 332} , {'BOTHFLOWSPRESENTATINTERN_TT3___54_', 'PRESSUREATP1_TT3___54_', 'FLOWINATP2A_LV7___63_', 'PRESSUREATP2_TT3___54_', 'POSITIONATINTERN_LV7___63_', 'FLOWINATP2_TT3___54_', 'FLOWINATP1B_LV7___63_', 'PRESSUREATP1B_LV7___63_', 'FLOWINATP1_TT3___54_', 'RESISTANCEATINTERN_LV7___63_', 'PRESSUREATP2A_LV7___63_'}
| | | | | | | | | | | | | | | | | | | | +-- , 322 , set() , {'PRESSUREATP2_TT3___54_', 'FLOWOUTATP1B_LV7___63_', 'FLOWINATP2_TT3___54_', 'FLOWINATP1B_LV7___63_', 'TT3_S_LV7__69_', 'PRESSUREATP1B_LV7___63_'}
| | | | | | | | | | | | | | | | | | | | +-- , 324 , set() , {'PRESSUREATP1_TT3___54_', 'FLOWINATP2A_LV7___63_', 'FLOWINATP1A_LV7___63_', 'RESISTANCEATINTERN_LV7___63_', 'POSITIONATINTERN_LV7___63_', 'FLOWOUTATP1A_LV7___63_', 'FLOWOUTATP2A_LV7___63_', 'FLOWINATP1_TT3___54_', 'TT3_S_LV7__66_', 'PRESSUREATP2A_LV7___63_', 'PRESSUREATP1A_LV7___63_'}
| | | | | | | | | | | | | | | | | | | | +-- , 326 , set() , {'PRESSUREATP1_TT3___54_', 'INTRES1CONST_TT3___54_', 'BOTHFLOWSPRESENTATINTERN_TT3___54_', 'FLOWINATP1_TT3___54_', 'R1ATINTERN_TT3___54_'}
| | | | | | | | | | | | | | | | | | | | +-- , 328 , set() , {'FLOWOUTATP1_TT3___54_', 'FLOWINATP1_TT3___54_'}
| | | | | | | | | | | | | | | | | | | | +-- , 330 , set() , {'PRESSUREATP2_TT3___54_', 'INTRES2CONST_TT3___54_', 'FLOWINATP2_TT3___54_', 'R2ATINTERN_TT3___54_', 'BOTHFLOWSPRESENTATINTERN_TT3___54_'}
| | | | | | | | | | | | | | | | | | | | +-- , 332 , set() , {'FLOWINATP2_TT3___54_', 'FLOWOUTATP2_TT3___54_'}
| | | | | | | | | | | | | | | | | +-- , 334 , {336} , {'FLOWOUTATP2B_LV8___64_', 'PRESSUREATP2_N3___72_', 'FLOWOUTATP2_N3___72_', 'FLOWINATP2_N3___72_', 'PRESSUREATP2B_LV8___64_'}
| | | | | | | | | | | | | | | | | | +-- , 336 , set() , {'FLOWOUTATP2B_LV8___64_', 'PRESSUREATP2_N3___72_', 'FLOWINATP2B_LV8___64_', 'FLOWOUTATP2_N3___72_', 'LV8_S_N3__84_', 'PRESSUREATP2B_LV8___64_'}
| | | | | | | | | +-- , 381 , set() , {'POSITIONATINTERN_LV7___63_', 'COMMANDATP3_LV7___63_', 'LV7__63_'}
| | | | | | | | | +-- , 383 , set() , {'POSITIONATINTERN_LV7___63_', 'MEASUREDPOSITIONATINTERN_LV7___63_'}


Max number of edges with non zero Y: 187
Max number of iterations of outer rounding loop: 8
Max number of candidate sets: 2
Time spent rounding: 74.720
Time spent solving Separator LP: 0.554
Total time spent solving: 92.301

LP Solver: gammaPlusFractionalCoverHeuristic
Lower Bound Witness = ({'MEASUREDPOSITIONATINTERN_LV301___24_', 'FLOWOUTATP3_N3___72_', 'FLOWINATP1_LV304___36_', 'FLOWINATP2_N9___20_', 'RESISTANCEATINTERN_PV2___12_', 'FLOWOUTATP1_LV203___5_', 'MEASUREDPOSITIONATINTERN_LV5___34_', 'FLOWOUTATP3_N11___75_', 'N8_S_PV1__42_', 'COMMANDATP3_LV4___9_', 'PRESSUREATPOUT_MON74___2_', 'FLOWINATPIN_MON74___2_', 'REGULATEDPRESSURECONST_PR1___14_', 'FLOWOUTATP2_PV1___21_', 'LV202_S_PR2__29_', 'PRESSUREATP1B_LV7___63_', 'PRESSUREATP1_PV1___21_', 'FLOWINATP3_N9___20_', 'FLOWOUTATP1_N1___35_', 'R1ATINTERN_TT1___61_', 'FLOWOUTATP1_LV301___24_', 'PRESSUREATP2_TT3___54_', 'PRESSUREATP2_N1___35_', 'RESINTCONST_LV301___24_', 'FLOWINATP3_N7___18_', 'FLOWINATP2_PF02___30_', 'INTRES1CONST_TT1___61_', 'FLOWINATP1_TT2___53_', 'FLOWOUTATPOUT_MON52___1_', 'FLOWINATP2_N5___15_', 'N7_S_N5__7_', 'PRESSUREATPOUT_MON52___1_', 'RESISTANCEATINTERN_LV7___63_', 'FLOWOUTATP2_LV301___24_', 'PRESSUREATP2B_LV7___63_', 'PRESSUREATP2_N5___15_', 'LV5_S_N1__51_', 'FLOWINATPOUT_MON74___2_', 'PRESSUREATP1A_LV7___63_', 'FLOWINATP1_N2___37_', 'PRESSUREATP2_N6___17_', 'FLOWOUTATP1_LV5___34_', 'RESISTANCEATINTERN_LV301___24_', 'FLOWINATP3_N8___19_', 'INTRES2CONST_TT4___59_', 'COMMANDATP3_LV5___34_', 'PRESSUREATP1_TT2___53_', 'PRESSUREATP2_TT4___59_', 'FLOWOUTATP2B_LV6___62_', 'FLOWINATP3_N4___73_', 'FLOWOUTATP1_HELIUM1___11_', 'PRESSUREATP1_PF02___30_', 'PRESSUREATP3_N9___20_', 'PR1_S_LV301__25_', 'POSITIONATINTERN_LV402___28_', 'PRESSUREATP2_PV2___12_', 'FLOWOUTATP1_N5___15_', 'BOTHFLOWSPRESENTATINTERN_TT3___54_', 'COMMANDATCMD_PV2___12_', 'PRESSUREATPIN_MON74___2_', 'FLOWOUTATP1B_LV8___64_', 'PRESSUREATP1_LV304___36_', 'PRESSUREATP2_N4___73_', 'PRESSUREATP3_TT2___53_', 'PF02_S_LV304__3_', 'MEASUREDPOSITIONATINTERN_LV4___9_', 'FLOWINATP1_LV101___23_', 'FLOWOUTATP1_PR1___14_', 'FLOWOUTATP2_PF01___13_', 'FLOWINATPIN_MON52___1_', 'FLOWINATP1A_LV8___64_', 'RESISTANCEATINTERN_LV2___6_', 'BOTHFLOWSPRESENTATINTERN_TT4___59_', 'LV8_S_N4__86_', 'RESISTANCEATINTERN_PV1___21_', 'FLOWOUTATP2_PR2___22_', 'PRESSUREATP2B_LV8___64_', 'FLOWOUTATP1_N9___20_', 'FLOWINATP1_TT1___61_', 'N1_S_LV304__38_', 'PRESSUREATPIN_MON52___1_', 'INTRES2CONST_TT1___61_', 'INTRES1CONST_TT4___59_', 'FLOWOUTATP2_PR1___14_', 'PF01_S_LV203__4_', 'PRESSUREATP1_N8___19_', 'FLOWOUTATP3_N8___19_', 'PV1_S_N9__45_', 'RESINTCONST_LV203___5_', 'FLOWOUTATP2_PV2___12_', 'PRESSUREATP1_N10___74_', 'FLOWINATP1_PR2___22_', 'RESINTCONST_LV1___60_', 'TT3_S_LV7__69_', 'TT3_S_LV7__66_', 'RESINTCONST_LV101___23_', 'FLOWINATP1_N9___20_', 'PRESSUREATP1_LV301___24_', 'PRESSUREATP1_N3___72_', 'FLOWINATP1_N1___35_', 'FLOWINATP1_LV3___8_', 'FLOWINATP1_N3___72_', 'BOTHFLOWSPRESENTATINTERN_TT2___53_', 'PRESSUREATP1A_LV6___62_', 'FLOWOUTATP2_N1___35_', 'POSITIONATINTERN_PV1___21_', 'FLOWINATP1_N6___17_', 'PRESSUREATP2_N7___18_', 'LV6_S_N11__78_', 'FLOWOUTATP1B_LV7___63_', 'POSITIONATINTERN_LV4___9_', 'N9_S_HF01__46_', 'FLOWINATP2_N7___18_', 'PRESSUREATP3_N5___15_', 'PRESSUREATP1_N9___20_', 'FLOWINATP2_N6___17_', 'RESINTCONST_LV402___28_', 'TT2_S_LV6__68_', 'RESISTANCEATINTERN_LV1___60_', 'LV8__64_', 'COMMANDATCMD_PV1___21_', 'PRESSUREATP1B_LV6___62_', 'PRESSUREATP2A_LV6___62_', 'RESISTANCEATINTERN_LV8___64_', 'POSITIONATINTERN_LV304___36_', 'PV1__21_', 'FLOWINATP1_LV2___6_', 'FLOWOUTATP2_LV4___9_', 'FLOWOUTATP1_N11___75_', 'FLOWOUTATP1_N3___72_', 'FLOWINATP1_PR1___14_', 'FLOWINATP2_LV4___9_', 'FLOWOUTATP2_LV2___6_', 'RESISTANCEATINTERN_LV6___62_', 'LV6_S_N10__80_', 'LV3__8_', 'PRESSUREATP3_TT4___59_', 'FLOWOUTATPIN_MON52___1_', 'FLOWOUTATP1_LV304___36_', 'INTRES2CONST_TT2___53_', 'FLOWOUTATP2_TT3___54_', 'TT1_S_LV1__55_', 'PRESSUREATP3_N10___74_', 'FLOWOUTATP2_N4___73_', 'PRESSUREATP2A_LV7___63_', 'LV7_S_N3__83_', 'FLOWINATPOUT_MON52___1_', 'MEASUREDPOSITIONATINTERN_LV8___64_', 'N4_S_LV2__85_', 'N6_S_LV101__48_', 'PRESSUREATP2_PV1___21_', 'FLOWINATP1A_LV6___62_', 'TT4_S_LV8__70_', 'COMMANDATP3_LV402___28_', 'PRESSUREATP2B_LV1___60_', 'FLOWOUTATP2A_LV7___63_', 'PRESSUREATP2_LV402___28_', 'FLOWOUTATP3_N9___20_', 'MEASUREDPOSITIONATINTERN_LV2___6_', 'FLOWINATP2_LV202___27_', 'FLOWOUTATP1_TT4___59_', 'FLOWINATP2_TT4___59_', 'POSITIONATINTERN_LV1___60_', 'FLOWINATP2_TT2___53_', 'RESISTANCEATINTERN_PF01___13_', 'FLOWINATP2_LV203___5_', 'PRESSUREATP2A_LV1___60_', 'RESINTCONST_LV304___36_', 'FLOWINATP2_PR1___14_', 'R2ATINTERN_TT3___54_', 'FLOWINATP2_PF01___13_', 'PRESSUREATP2_LV304___36_', 'N8_S_PV2__43_', 'FLOWINATP1_PF01___13_', 'COMMANDATP3_LV304___36_', 'PV2_S_N9__44_', 'INTRES1CONST_TT3___54_', 'LV304__36_', 'PRESSUREATP1_LV4___9_', 'COMMANDATP3_LV6___62_', 'FLOWINATP2_LV2___6_', 'POSITIONATINTERN_LV3___8_', 'FLOWOUTATP2_LV5___34_', 'R1ATINTERN_TT4___59_', 'PRESSUREATP1_TT4___59_', 'FLOWOUTATP2_N5___15_', 'FLOWINATP1A_LV7___63_', 'FLOWINATP2_LV3___8_', 'FLOWOUTATP1_HF01___16_', 'LV101__23_', 'FLOWINATP2_LV304___36_', 'FLOWINATP1_PV2___12_', 'FLOWOUTATP1_PF02___30_', 'FLOWOUTATP2B_LV7___63_', 'TEMPERATUREATP4_TT1___61_', 'FLOWOUTATP1_LV4___9_', 'RESISTANCEATINTERN_LV5___34_', 'LV3_S_N2__41_', 'FLOWOUTATP2_LV203___5_', 'PRESSUREATP1_LV101___23_', 'POSITIONATINTERN_LV2___6_', 'FLOWINATP1_PF02___30_', 'LV6__62_', 'TT1_S_LV1__67_', 'FLOWINATP1_TT4___59_', 'FLOWINATP2_LV402___28_', 'FLOWINATP1_LV402___28_', 'PRESSUREATP1_N2___37_', 'PRESSUREATP2_PF01___13_', 'POSITIONATINTERN_LV7___63_', 'PRESSUREATP3_N4___73_', 'PRESSUREATP2_LV4___9_', 'FLOWINATP1_PV1___21_', 'RESINTCONST_LV4___9_', 'FLOWOUTATP3_N1___35_', 'RESISTANCEATINTERN_LV101___23_', 'MEASUREDPOSITIONATINTERN_LV6___62_', 'PRESSUREATP2A_LV8___64_', 'PRESSUREATP3_TT3___54_', 'PRESSUREATP1_N5___15_', 'FLOWOUTATP1A_LV7___63_', 'COMMANDATP3_LV202___27_', 'FLOWINATP1_N11___75_', 'FLOWINATP2_TT1___61_', 'PRESSUREATP2_TT2___53_', 'RESISTANCEATINTERN_LV4___9_', 'PRESSUREATP1_N6___17_', 'FLOWINATP2_LV301___24_', 'FLOWINATP3_N11___75_', 'R1ATINTERN_TT2___53_', 'FLOWOUTATP1_PR2___22_', 'BOTHFLOWSPRESENTATINTERN_TT1___61_', 'PRESSUREATP1_N7___18_', 'PRESSUREATP3_N1___35_', 'PRESSUREATP2B_LV6___62_', 'R2ATINTERN_TT2___53_', 'FLOWINATP1_N8___19_', 'DEGRADEDPRESSURECONST_PR1___14_', 'RESISTANCEATINTERN_LV3___8_', 'LV5__34_', 'TEMPERATUREATP4_TT3___54_', 'PRESSUREATP1_TT1___61_', 'PRESSUREATP1A_LV8___64_', 'FLOWINATP2_N11___75_', 'FLOWINATP2_N3___72_', 'RESISTANCEATINTERN_LV202___27_', 'FLOWINATP2_HF01___16_', 'N11_S_LV5__76_', 'FLOWINATP1B_LV6___62_', 'PRESSUREATP2_LV202___27_', 'PRESSUREATP2_LV3___8_', 'LV8_S_N3__84_', 'PRESSUREATP3_N6___17_', 'FLOWINATP1_LV203___5_', 'FLOWINATP3_N3___72_', 'FLOWOUTATP2B_LV8___64_', 'PF02__30_', 'LV4_S_N2__40_', 'RESINTCONST_LV202___27_', 'FLOWOUTATP2_N2___37_', 'FLOWOUTATP2_LV3___8_', 'HF01__16_', 'PRESSUREATP1B_LV1___60_', 'POSITIONATINTERN_LV5___34_', 'PRESSUREATP1_PF01___13_', 'MEASUREDPOSITIONATINTERN_LV203___5_', 'N2_S_LV203__39_', 'LV402_S_PR1__26_', 'FLOWOUTATPIN_MON74___2_', 'POSITIONATINTERN_LV8___64_', 'MEASUREDPOSITIONATINTERN_LV304___36_', 'FLOWOUTATP2_PF02___30_', 'FLOWOUTATP1_LV202___27_', 'FLOWOUTATP1_TT1___61_', 'FLOWOUTATP2_N9___20_', 'FLOWOUTATP2_TT2___53_', 'FLOWINATP1_HF01___16_', 'RESISTANCEATINTERN_HF01___16_', 'FLOWOUTATP2B_LV1___60_', 'FLOWINATP2_N4___73_', 'LV301__24_', 'FLOWINATP2_PR2___22_', 'FLOWOUTATP1_N8___19_', 'PV2__12_', 'FLOWOUTATP2_N3___72_', 'COMMANDATP3_LV8___64_', 'TT4_S_LV8__65_', 'PRESSUREATP1_N11___75_', 'FLOWOUTATP2_N8___19_', 'PRESSUREATP1_LV5___34_', 'FLOWINATP2A_LV7___63_', 'COMMANDATP3_LV203___5_', 'N10_S_LV4__79_', 'FLOWOUTATP1B_LV6___62_', 'COMMANDATP3_LV1___60_', 'RESISTANCEATINTERN_LV304___36_', 'FLOWOUTATP2_LV304___36_', 'PRESSUREATP2_TT1___61_', 'RESINTCONST_PV2___12_', 'FLOWINATP2_N8___19_', 'FLOWOUTATP1_PF01___13_', 'LV402_S_N7__56_', 'PRESSUREATP2_N10___74_', 'FLOWINATP2A_LV8___64_', 'FLOWOUTATP2A_LV1___60_', 'FLOWINATP2_LV101___23_', 'FLOWOUTATP1_LV3___8_', 'FLOWINATP1_N4___73_', 'LV202__27_', 'LV203__5_', 'HF01_S_N6__47_', 'FLOWINATP3_N1___35_', 'RESINTCONST_PV1___21_', 'N3_S_LV3__82_', 'INTRES1CONST_TT2___53_', 'DEGRADEDPRESSURECONST_PR2___22_', 'FLOWOUTATP2_TT1___61_', 'FLOWINATP2_N2___37_', 'FLOWINATP2_LV5___34_', 'PRESSUREATP3_N3___72_', 'FLOWINATP1_N10___74_', 'RESINTCONST_LV3___8_', 'FLOWOUTATP1A_LV6___62_', 'PRESSUREATP3_N7___18_', 'PR2__22_', 'FLOWOUTATP1B_LV1___60_', 'COMMANDATP3_LV101___23_', 'COMMANDATP3_LV2___6_', 'RESINTCONST_LV7___63_', 'FLOWOUTATPOUT_MON74___2_', 'LV4__9_', 'MEASUREDPOSITIONATINTERN_LV202___27_', 'RESISTANCEATINTERN_PF02___30_', 'FLOWINATP2_N1___35_', 'RESINTCONST_PF02___30_', 'FLOWINATP3_N5___15_', 'PRESSUREATP1_HF01___16_', 'RESINTCONST_LV6___62_', 'LOADPRESCONST_HELIUM1___11_', 'FLOWOUTATP1_N2___37_', 'FLOWOUTATP3_N5___15_', 'FLOWOUTATP1_PV2___12_', 'POSITIONATINTERN_LV301___24_', 'FLOWOUTATP1A_LV1___60_', 'POSITIONATINTERN_LV101___23_', 'FLOWINATP2A_LV1___60_', 'FLOWINATP2_N10___74_', 'FLOWINATP1_LV5___34_', 'FLOWOUTATP3_N7___18_', 'PRESSUREATP2_N2___37_', 'PRESSUREATP2_HF01___16_', 'FLOWOUTATP1_LV402___28_', 'FLOWINATP1B_LV7___63_', 'LV2__6_', 'FLOWOUTATP1_N10___74_', 'FLOWINATP1B_LV1___60_', 'PRESSUREATP1_N1___35_', 'PRESSUREATP2_N3___72_', 'LV7__63_', 'FLOWINATP1B_LV8___64_', 'PRESSUREATP1_PR1___14_', 'PRESSUREATP2_PF02___30_', 'FLOWOUTATP2_HF01___16_', 'FLOWOUTATP2_TT4___59_', 'POSITIONATINTERN_LV203___5_', 'PRESSUREATP2_N8___19_', 'FLOWOUTATP1_TT3___54_', 'LV1_S_N11__77_', 'N5_S_MON52__57_', 'FLOWOUTATP1_TT2___53_', 'PRESSUREATP1_LV402___28_', 'RESISTANCEATINTERN_LV402___28_', 'FLOWINATP2B_LV8___64_', 'FLOWINATP1_LV301___24_', 'PRESSUREATP3_N11___75_', 'PRESSUREATP3_N2___37_', 'COMMANDATP3_LV7___63_', 'MEASUREDPOSITIONATINTERN_LV1___60_', 'FLOWOUTATP2_LV101___23_', 'FLOWOUTATP1A_LV8___64_', 'PRESSUREATP1_PR2___22_', 'PRESSUREATP1A_LV1___60_', 'N5_S_MON74__58_', 'R2ATINTERN_TT1___61_', 'PRESSUREATP1_LV203___5_', 'PRESSUREATP3_TT1___61_', 'PRESSUREATP1_LV202___27_', 'FLOWOUTATP2_N11___75_', 'FLOWOUTATP2A_LV8___64_', 'PRESSUREATP2_LV5___34_', 'PRESSUREATP2_PR1___14_', 'FLOWINATP1_N5___15_', 'PRESSUREATP2_LV101___23_', 'POSITIONATINTERN_LV202___27_', 'PRESSUREATP1_HELIUM1___11_', 'COMMANDATP3_LV3___8_', 'RESINTCONST_PF01___13_', 'FLOWOUTATP1_LV101___23_', 'FLOWOUTATP2_LV402___28_', 'PRESSUREATP2_LV203___5_', 'TEMPERATUREATP4_TT4___59_', 'FLOWINATP2_PV2___12_', 'FLOWINATP2B_LV1___60_', 'PRESSUREATP2_PR2___22_', 'FLOWINATP3_N10___74_', 'FLOWINATP2A_LV6___62_', 'FLOWINATP3_N2___37_', 'FLOWOUTATP3_N2___37_', 'FLOWINATP3_N6___17_', 'R1ATINTERN_TT3___54_', 'PRESSUREATP1_TT3___54_', 'FLOWOUTATP2_N6___17_', 'COMMANDATP3_LV301___24_', 'FLOWOUTATP2_N7___18_', 'PR1__14_', 'FLOWOUTATP3_N6___17_', 'TEMPERATUREATP4_TT2___53_', 'RESISTANCEATINTERN_LV203___5_', 'LV402__28_', 'FLOWOUTATP2_N10___74_', 'FLOWINATP1_HELIUM1___11_', 'FLOWINATP1A_LV1___60_', 'MEASUREDPOSITIONATINTERN_LV7___63_', 'N6_S_LV301__49_', 'LV1__60_', 'POSITIONATINTERN_PV2___12_', 'FLOWINATP2B_LV6___62_', 'MON52_S_PF01__32_', 'LV1_S_N10__81_', 'MEASUREDPOSITIONATINTERN_LV101___23_', 'MON74_S_PF02__33_', 'N8_S_HELIUM1__10_', 'PRESSUREATP2_N11___75_', 'LV202_S_N7__52_', 'FLOWOUTATP1_N6___17_', 'TT2_S_LV6__71_', 'FLOWINATP1_N7___18_', 'RESINTCONST_HF01___16_', 'FLOWINATP2_PV1___21_', 'FLOWINATP1_TT3___54_', 'R2ATINTERN_TT4___59_', 'FLOWINATP2B_LV7___63_', 'PF01__13_', 'RESINTCONST_LV2___6_', 'MEASUREDPOSITIONATINTERN_LV402___28_', 'FLOWOUTATP1_N4___73_', 'FLOWINATP1_LV4___9_', 'FLOWOUTATP2A_LV6___62_', 'PRESSUREATP2_LV2___6_', 'FLOWOUTATP3_N4___73_', 'PRESSUREATP2_N9___20_', 'INTRES2CONST_TT3___54_', 'MEASUREDPOSITIONATINTERN_LV3___8_', 'RESINTCONST_LV8___64_', 'PRESSUREATP1_N4___73_', 'LV7_S_N4__87_', 'FLOWOUTATP1_LV2___6_', 'RESINTCONST_LV5___34_', 'PRESSUREATP3_N8___19_', 'REGULATEDPRESSURECONST_PR2___22_', 'PRESSUREATP1B_LV8___64_', 'PRESSUREATP1_LV3___8_', 'FLOWINATP1_LV202___27_', 'FLOWINATP2_TT3___54_', 'PRESSUREATP1_LV2___6_', 'POSITIONATINTERN_LV6___62_', 'FLOWOUTATP1_PV1___21_', 'FLOWOUTATP3_N10___74_', 'PRESSUREATP2_LV301___24_', 'LV2_S_N1__50_', 'PR2_S_LV101__31_', 'FLOWOUTATP2_LV202___27_', 'PRESSUREATP1_PV2___12_', 'FLOWOUTATP1_N7___18_'}, {'COMMANDATP3_LV6___62_', 'FLOWINATP1_N1___35_', 'POSITIONATINTERN_LV1___60_', 'PRESSUREATP2B_LV8___64_', 'FLOWINATP1_LV203___5_'})