23, 2.602358276514403, 7.0, 7
+-- , 0 , {3, 40, 42, 44, 47, 46, 14} , {'xL10J', 'xL11J', 'xL25J', 'xL22J', 'xL29J', 'xL5J', 'xL21J', 'xL18J', 'xL37J', 'xL12J', 'xL7J', 'xL26J', 'xL31J', 'xL28J'}
| +-- , 3 , {5, 7} , {'xL24J', 'xL5J', 'xL25J'}
| | +-- , 5 , set() , {'xL24J', 'xL5J', 'xL39J'}
| | +-- , 7 , {9} , {'xL24J', 'xL5J', 'xL9J'}
| | | +-- , 9 , set() , {'xL16J', 'xL9J'}
| +-- , 40 , set() , {'xL26J', 'xL28J', 'xL8J'}
| +-- , 42 , set() , {'xL18J', 'xL26J', 'xL33J', 'xL10J'}
| +-- , 44 , set() , {'xL10J', 'xL25J', 'xL29J', 'xL31J', 'xL36J'}
| +-- , 47 , set() , {'xL23J', 'xL20J'}
| +-- , 46 , set() , {'xL26J', 'xL31J', 'xL29J', 'xL6J'}
| +-- , 14 , {16, 34, 36} , {'xL10J', 'xL11J', 'xL25J', 'xL22J', 'xL21J', 'xL18J', 'xL3J', 'xL37J', 'xL12J', 'xL7J', 'xL28J', 'xL27J'}
| | +-- , 16 , {18} , {'xL10J', 'xL11J', 'xL21J', 'xL18J', 'xL3J', 'xL37J', 'xL12J', 'xL7J', 'xL0J', 'xL28J', 'xL27J'}
| | | +-- , 18 , {20} , {'xL10J', 'xL11J', 'xL21J', 'xL18J', 'xL3J', 'xL37J', 'xL12J', 'xL7J', 'xL0J', 'xL34J', 'xL27J'}
| | | | +-- , 20 , {22} , {'xL10J', 'xL11J', 'xL21J', 'xL18J', 'xL3J', 'xL12J', 'xL7J', 'xL0J', 'xL1J', 'xL34J', 'xL27J'}
| | | | | +-- , 22 , {32, 24} , {'xL10J', 'xL11J', 'xL19J', 'xL21J', 'xL18J', 'xL13J', 'xL3J', 'xL12J', 'xL7J', 'xL1J', 'xL34J', 'xL27J'}
| | | | | | +-- , 32 , set() , {'xL7J', 'xL14J', 'xL19J'}
| | | | | | +-- , 24 , {26} , {'xL18J', 'xL12J', 'xL10J', 'xL11J', 'xL19J', 'xL17J', 'xL13J', 'xL34J', 'xL3J'}
| | | | | | | +-- , 26 , {28, 30} , {'xL2J', 'xL12J', 'xL10J', 'xL11J', 'xL19J', 'xL17J', 'xL35J', 'xL13J', 'xL34J', 'xL3J'}
| | | | | | | | +-- , 28 , set() , {'xL35J', 'xL13J', 'xL34J', 'xL15J'}
| | | | | | | | +-- , 30 , set() , {'xL2J', 'xL34J', 'xL30J', 'xL10J'}
| | +-- , 34 , set() , {'xL38J', 'xL27J'}
| | +-- , 36 , {38} , {'xL11J', 'xL32J', 'xL27J'}
| | | +-- , 38 , set() , {'xL4J', 'xL32J', 'xL11J'}


Max number of edges with non zero Y: 27
Max number of iterations of outer rounding loop: 6
Max number of candidate sets: 2
Time spent rounding: 36.688
Time spent solving Separator LP: 0.495

LP Solver: GaifmanNormal