26, 4.0, 5.5, 6
+-- , 0 , {50, 5, 54, 55, 29} , {'xL12J', 'xL10J', 'xL11J', 'xL0J', 'xL37J', 'xL18J', 'xL34J', 'xL3J', 'xL27J'}
| +-- , 50 , {52} , {'xL11J', 'xL32J', 'xL27J'}
| | +-- , 52 , set() , {'xL4J', 'xL32J', 'xL11J'}
| +-- , 5 , {8, 21} , {'xL10J', 'xL11J', 'xL25J', 'xL5J', 'xL18J', 'xL3J', 'xL37J', 'xL12J', 'xL0J', 'xL27J'}
| | +-- , 8 , {11, 13} , {'xL12J', 'xL10J', 'xL11J', 'xL25J', 'xL5J', 'xL31J', 'xL0J', 'xL18J', 'xL3J', 'xL28J', 'xL37J'}
| | | +-- , 11 , set() , {'xL25J', 'xL22J', 'xL5J', 'xL3J', 'xL28J'}
| | | +-- , 13 , {15} , {'xL12J', 'xL10J', 'xL8J', 'xL11J', 'xL25J', 'xL31J', 'xL18J', 'xL28J'}
| | | | +-- , 15 , {17} , {'xL12J', 'xL36J', 'xL10J', 'xL8J', 'xL11J', 'xL25J', 'xL26J', 'xL31J', 'xL18J', 'xL33J'}
| | | | | +-- , 17 , {19} , {'xL12J', 'xL11J', 'xL29J', 'xL26J', 'xL31J', 'xL36J'}
| | | | | | +-- , 19 , set() , {'xL26J', 'xL31J', 'xL29J', 'xL6J'}
| | +-- , 21 , {25, 23} , {'xL24J', 'xL5J', 'xL25J'}
| | | +-- , 25 , {27} , {'xL24J', 'xL5J', 'xL9J'}
| | | | +-- , 27 , set() , {'xL16J', 'xL9J'}
| | | +-- , 23 , set() , {'xL24J', 'xL5J', 'xL39J'}
| +-- , 54 , set() , {'xL38J', 'xL27J'}
| +-- , 55 , set() , {'xL23J', 'xL20J'}
| +-- , 29 , {32, 48} , {'xL2J', 'xL12J', 'xL30J', 'xL10J', 'xL11J', 'xL0J', 'xL18J', 'xL34J', 'xL3J', 'xL27J'}
| | +-- , 32 , {34} , {'xL2J', 'xL10J', 'xL11J', 'xL18J', 'xL3J', 'xL12J', 'xL0J', 'xL1J', 'xL34J', 'xL27J'}
| | | +-- , 34 , {36, 42, 46} , {'xL2J', 'xL12J', 'xL10J', 'xL11J', 'xL1J', 'xL19J', 'xL18J', 'xL34J', 'xL3J', 'xL27J'}
| | | | +-- , 36 , {38} , {'xL2J', 'xL12J', 'xL10J', 'xL19J', 'xL35J', 'xL1J', 'xL34J', 'xL3J'}
| | | | | +-- , 38 , {40} , {'xL2J', 'xL12J', 'xL10J', 'xL1J', 'xL35J', 'xL13J', 'xL34J'}
| | | | | | +-- , 40 , set() , {'xL35J', 'xL13J', 'xL34J', 'xL15J'}
| | | | +-- , 42 , {44} , {'xL7J', 'xL18J', 'xL19J', 'xL1J', 'xL27J'}
| | | | | +-- , 44 , set() , {'xL7J', 'xL14J', 'xL19J'}
| | | | +-- , 46 , set() , {'xL12J', 'xL10J', 'xL11J', 'xL19J', 'xL21J'}
| | +-- , 48 , set() , {'xL2J', 'xL18J', 'xL17J', 'xL10J'}


Max number of edges with non zero Y: 5
Max number of iterations of outer rounding loop: 0
Max number of candidate sets: 0
Time spent rounding: 0.000
Time spent solving Separator LP: 4.677

LP Solver: GaifmanNormalILP