23, 2.13552211009348, 7.5, 8
+-- , 0 , {51, 52, 6, 41, 43, 47} , {'xL24J', 'xL12J', 'xL11J', 'xL25J', 'xL29J', 'xL5J', 'xL0J', 'xL6J', 'xL13J', 'xL15J', 'xL27J'}
| +-- , 51 , set() , {'xL38J', 'xL27J'}
| +-- , 52 , set() , {'xL23J', 'xL20J'}
| +-- , 6 , {10} , {'xL11J', 'xL25J', 'xL29J', 'xL5J', 'xL6J', 'xL13J', 'xL37J', 'xL12J', 'xL26J', 'xL31J', 'xL0J', 'xL15J', 'xL27J'}
| | +-- , 10 , {33, 39, 15} , {'xL11J', 'xL19J', 'xL25J', 'xL29J', 'xL5J', 'xL18J', 'xL13J', 'xL37J', 'xL12J', 'xL26J', 'xL31J', 'xL0J', 'xL15J', 'xL28J', 'xL27J'}
| | | +-- , 33 , {35} , {'xL18J', 'xL1J', 'xL19J', 'xL0J', 'xL13J', 'xL27J'}
| | | | +-- , 35 , {37} , {'xL7J', 'xL18J', 'xL19J', 'xL1J', 'xL27J'}
| | | | | +-- , 37 , set() , {'xL7J', 'xL14J', 'xL19J'}
| | | +-- , 39 , set() , {'xL26J', 'xL28J', 'xL8J'}
| | | +-- , 15 , {17} , {'xL11J', 'xL19J', 'xL25J', 'xL29J', 'xL5J', 'xL18J', 'xL13J', 'xL36J', 'xL37J', 'xL12J', 'xL26J', 'xL31J', 'xL15J', 'xL28J', 'xL27J'}
| | | | +-- , 17 , {19} , {'xL33J', 'xL11J', 'xL19J', 'xL25J', 'xL5J', 'xL18J', 'xL13J', 'xL36J', 'xL37J', 'xL12J', 'xL26J', 'xL15J', 'xL28J', 'xL27J'}
| | | | | +-- , 19 , {21, 31} , {'xL12J', 'xL36J', 'xL10J', 'xL11J', 'xL19J', 'xL13J', 'xL25J', 'xL27J', 'xL15J', 'xL5J', 'xL18J', 'xL33J', 'xL28J', 'xL37J'}
| | | | | | +-- , 21 , {23} , {'xL10J', 'xL11J', 'xL19J', 'xL25J', 'xL22J', 'xL5J', 'xL18J', 'xL13J', 'xL37J', 'xL12J', 'xL15J', 'xL28J', 'xL27J'}
| | | | | | | +-- , 23 , {25} , {'xL10J', 'xL11J', 'xL19J', 'xL25J', 'xL22J', 'xL18J', 'xL13J', 'xL3J', 'xL37J', 'xL12J', 'xL15J', 'xL27J'}
| | | | | | | | +-- , 25 , {27} , {'xL18J', 'xL12J', 'xL10J', 'xL11J', 'xL19J', 'xL37J', 'xL35J', 'xL13J', 'xL34J', 'xL3J', 'xL15J', 'xL27J'}
| | | | | | | | | +-- , 27 , {29} , {'xL2J', 'xL18J', 'xL10J', 'xL11J', 'xL17J', 'xL35J', 'xL13J', 'xL34J'}
| | | | | | | | | | +-- , 29 , set() , {'xL2J', 'xL34J', 'xL30J', 'xL10J'}
| | | | | | +-- , 31 , set() , {'xL12J', 'xL10J', 'xL11J', 'xL19J', 'xL21J'}
| +-- , 41 , set() , {'xL24J', 'xL5J', 'xL39J'}
| +-- , 43 , {45} , {'xL24J', 'xL5J', 'xL9J'}
| | +-- , 45 , set() , {'xL16J', 'xL9J'}
| +-- , 47 , {49} , {'xL11J', 'xL32J', 'xL27J'}
| | +-- , 49 , set() , {'xL4J', 'xL32J', 'xL11J'}


Max number of edges with non zero Y: 21
Max number of iterations of outer rounding loop: 5
Max number of candidate sets: 2
Time spent rounding: 33.677
Time spent solving Separator LP: 0.668

LP Solver: GaifmanBoosted