21, 2.908629870931787, 8.0, 8
+-- , 0 , {37, 6, 41, 45} , {'xL20J', 'xL7J', 'xL36J', 'xL35J', 'xL19J', 'xL24J', 'xL29J', 'xL22J', 'xL10J', 'xL14J', 'xL26J', 'xL0J', 'xL39J', 'xL38J', 'xL37J', 'xL15J'}
| +-- , 37 , {39} , {'xL5J', 'xL35J', 'xL15J'}
| | +-- , 39 , set() , {'xL2J', 'xL35J', 'xL5J'}
| +-- , 6 , {8, 27} , {'xL20J', 'xL7J', 'xL36J', 'xL35J', 'xL19J', 'xL24J', 'xL29J', 'xL22J', 'xL10J', 'xL14J', 'xL26J', 'xL39J', 'xL38J', 'xL9J', 'xL37J', 'xL15J'}
| | +-- , 8 , {10} , {'xL20J', 'xL33J', 'xL7J', 'xL36J', 'xL35J', 'xL19J', 'xL21J', 'xL24J', 'xL22J', 'xL10J', 'xL26J', 'xL39J', 'xL38J', 'xL9J', 'xL37J', 'xL15J'}
| | | +-- , 10 , {25, 13, 15} , {'xL20J', 'xL30J', 'xL33J', 'xL7J', 'xL36J', 'xL35J', 'xL19J', 'xL21J', 'xL6J', 'xL22J', 'xL10J', 'xL26J', 'xL39J', 'xL9J', 'xL37J'}
| | | | +-- , 25 , set() , {'xL17J', 'xL6J', 'xL22J', 'xL10J', 'xL26J', 'xL39J'}
| | | | +-- , 13 , set() , {'xL30J', 'xL32J', 'xL6J'}
| | | | +-- , 15 , {17} , {'xL30J', 'xL33J', 'xL7J', 'xL36J', 'xL21J', 'xL6J', 'xL10J', 'xL26J', 'xL16J', 'xL9J', 'xL37J'}
| | | | | +-- , 17 , {19, 21} , {'xL4J', 'xL6J', 'xL11J', 'xL10J', 'xL7J', 'xL33J', 'xL26J', 'xL16J', 'xL9J', 'xL37J'}
| | | | | | +-- , 19 , set() , {'xL4J', 'xL16J', 'xL8J'}
| | | | | | +-- , 21 , {23} , {'xL11J', 'xL33J', 'xL7J', 'xL10J', 'xL26J', 'xL1J', 'xL37J'}
| | | | | | | +-- , 23 , set() , {'xL7J', 'xL1J', 'xL25J', 'xL11J'}
| | +-- , 27 , {35, 29} , {'xL22J', 'xL10J', 'xL14J', 'xL29J', 'xL9J', 'xL23J', 'xL19J'}
| | | +-- , 35 , set() , {'xL31J', 'xL23J'}
| | | +-- , 29 , {33, 31} , {'xL14J', 'xL23J', 'xL9J', 'xL22J', 'xL3J'}
| | | | +-- , 33 , set() , {'xL28J', 'xL3J'}
| | | | +-- , 31 , set() , {'xL14J', 'xL12J', 'xL23J', 'xL3J'}
| +-- , 41 , {43} , {'xL13J', 'xL29J', 'xL22J', 'xL19J'}
| | +-- , 43 , set() , {'xL27J', 'xL13J', 'xL29J'}
| +-- , 45 , set() , {'xL34J', 'xL20J', 'xL18J', 'xL39J', 'xL22J', 'xL29J', 'xL35J', 'xL15J'}


Max number of edges with non zero Y: 35
Max number of iterations of outer rounding loop: 5
Max number of candidate sets: 2
Time spent rounding: 10.132
Time spent solving Separator LP: 0.637

LP Solver: GaifmanBoosted