22, 1.8571423265306122, 7.0, 8
+-- , 0 , {6, 41, 45, 47} , {'xL34J', 'xL20J', 'xL37J', 'xL18J', 'xL29J', 'xL15J', 'xL22J', 'xL27J', 'xL12J', 'xL13J', 'xL19J', 'xL35J', 'xL23J', 'xL3J'}
| +-- , 6 , {9, 11} , {'xL20J', 'xL18J', 'xL12J', 'xL36J', 'xL35J', 'xL23J', 'xL3J', 'xL19J', 'xL22J', 'xL14J', 'xL29J', 'xL37J', 'xL15J'}
| | +-- , 9 , set() , {'xL14J', 'xL36J', 'xL0J'}
| | +-- , 11 , {13} , {'xL20J', 'xL18J', 'xL36J', 'xL35J', 'xL23J', 'xL19J', 'xL3J', 'xL22J', 'xL10J', 'xL14J', 'xL29J', 'xL37J', 'xL15J'}
| | | +-- , 13 , {15} , {'xL20J', 'xL18J', 'xL36J', 'xL35J', 'xL23J', 'xL19J', 'xL3J', 'xL22J', 'xL10J', 'xL26J', 'xL29J', 'xL9J', 'xL37J', 'xL15J'}
| | | | +-- , 15 , {17, 39} , {'xL20J', 'xL18J', 'xL36J', 'xL35J', 'xL19J', 'xL6J', 'xL22J', 'xL10J', 'xL26J', 'xL29J', 'xL9J', 'xL37J', 'xL15J'}
| | | | | +-- , 17 , {19, 23} , {'xL36J', 'xL35J', 'xL19J', 'xL6J', 'xL22J', 'xL10J', 'xL26J', 'xL16J', 'xL29J', 'xL9J', 'xL37J', 'xL15J'}
| | | | | | +-- , 19 , {21} , {'xL16J', 'xL30J', 'xL6J', 'xL35J'}
| | | | | | | +-- , 21 , set() , {'xL30J', 'xL32J', 'xL6J'}
| | | | | | +-- , 23 , {25, 37} , {'xL21J', 'xL15J', 'xL6J', 'xL22J', 'xL10J', 'xL26J', 'xL16J', 'xL29J', 'xL9J', 'xL37J', 'xL19J'}
| | | | | | | +-- , 25 , {35, 27} , {'xL21J', 'xL15J', 'xL6J', 'xL22J', 'xL33J', 'xL10J', 'xL26J', 'xL16J', 'xL9J', 'xL37J', 'xL19J'}
| | | | | | | | +-- , 35 , set() , {'xL33J', 'xL24J', 'xL15J', 'xL19J'}
| | | | | | | | +-- , 27 , {29, 31} , {'xL4J', 'xL6J', 'xL22J', 'xL10J', 'xL33J', 'xL26J', 'xL16J', 'xL1J', 'xL9J', 'xL37J'}
| | | | | | | | | +-- , 29 , set() , {'xL4J', 'xL16J', 'xL8J'}
| | | | | | | | | +-- , 31 , {33} , {'xL4J', 'xL22J', 'xL11J', 'xL10J', 'xL7J', 'xL33J', 'xL26J', 'xL1J', 'xL37J'}
| | | | | | | | | | +-- , 33 , set() , {'xL7J', 'xL1J', 'xL25J', 'xL11J'}
| | | | | | | +-- , 37 , set() , {'xL38J', 'xL21J', 'xL29J'}
| | | | | +-- , 39 , set() , {'xL18J', 'xL17J', 'xL6J', 'xL22J', 'xL10J', 'xL26J', 'xL39J', 'xL37J'}
| +-- , 41 , {43} , {'xL5J', 'xL35J', 'xL15J'}
| | +-- , 43 , set() , {'xL2J', 'xL35J', 'xL5J'}
| +-- , 45 , set() , {'xL31J', 'xL23J'}
| +-- , 47 , set() , {'xL28J', 'xL3J'}


Max number of edges with non zero Y: 20
Max number of iterations of outer rounding loop: 6
Max number of candidate sets: 2
Time spent rounding: 32.285
Time spent solving Separator LP: 0.524

LP Solver: GaifmanNormal