19, 0, 7.333333333333333, 8
+-- , 0 , {3, 37, 39} , {'2', '12', '6', '39', '45', '4', '52', '57', '3', '40', '23', '34', '46', '41', '51', '43'}
| +-- , 3 , {5} , {'2', '12', '56', '39', '45', '4', '52', '57', '3', '40', '22', '23', '34', '46', '41', '51', '43'}
| | +-- , 5 , {7} , {'2', '12', '56', '10', '39', '45', '4', '52', '57', '3', '40', '22', '23', '34', '46', '51', '43'}
| | | +-- , 7 , {11, 23} , {'12', '43', '56', '10', '39', '45', '4', '24', '52', '57', '3', '40', '22', '23', '33', '34', '46', '51', '31', '5'}
| | | | +-- , 11 , {19, 21, 13} , {'12', '56', '11', '28', '10', '39', '45', '4', '13', '37', '24', '52', '57', '3', '40', '22', '33', '48', '46', '31', '16', '5'}
| | | | | +-- , 19 , set() , {'48', '28', '16', '50'}
| | | | | +-- , 21 , set() , {'42', '24', '28', '11', '10', '46', '45'}
| | | | | +-- , 13 , {15} , {'12', '17', '39', '45', '37', '7', '20', '57', '3', '40', '48', '46', '31', '5'}
| | | | | | +-- , 15 , {17} , {'20', '57', '12', '29', '35', '17', '46', '45', '15', '5'}
| | | | | | | +-- , 17 , set() , {'46', '35', '15', '0'}
| | | | +-- , 23 , {25, 31} , {'24', '57', '12', '53', '40', '23', '34', '10', '45', '51', '31', '43'}
| | | | | +-- , 25 , {27} , {'57', '53', '23', '34', '45', '8', '31', '43'}
| | | | | | +-- , 27 , {29} , {'54', '57', '53', '23', '45', '8', '31'}
| | | | | | | +-- , 29 , set() , {'47', '54', '57', '44', '30', '45', '31'}
| | | | | +-- , 31 , {33} , {'55', '12', '53', '40', '21', '45', '31'}
| | | | | | +-- , 33 , {35} , {'25', '55', '45', '31'}
| | | | | | | +-- , 35 , set() , {'1', '25', '55', '36'}
| +-- , 37 , set() , {'26', '52', '57', '49', '6', '3', '9', '38', '34', '46', '41', '39', '51', '4'}
| +-- , 39 , set() , {'34', '3', '23', '32'}


Max number of edges with non zero Y: 27
Max number of iterations of outer rounding loop: 5
Max number of candidate sets: 2
Time spent rounding: 19.536
Time spent solving Separator LP: 0.045

LP Solver: gammaPlusFractionalCoverHeuristic