23, 1.9925466383894521, 7.5, 8
+-- , 0 , {3, 41, 47} , {'52', '54', '57', '12', '6', '53', '9', '40', '23', '45', '8', '31'}
| +-- , 3 , {5} , {'12', '6', '53', '38', '39', '45', '13', '37', '52', '57', '49', '9', '40', '23', '8', '31'}
| | +-- , 5 , {9, 39} , {'12', '53', '6', '35', '38', '39', '45', '37', '52', '57', '49', '20', '9', '40', '23', '33', '34', '8', '31', '5'}
| | | +-- , 9 , {11} , {'12', '53', '6', '35', '38', '39', '45', '4', '37', '20', '57', '49', '52', '9', '40', '23', '33', '34', '8'}
| | | | +-- , 11 , {37, 13} , {'12', '53', '35', '28', '39', '45', '4', '37', '20', '57', '49', '52', '9', '40', '23', '33', '34', '48', '8'}
| | | | | +-- , 37 , set() , {'48', '37', '7', '20'}
| | | | | +-- , 13 , {15} , {'12', '53', '35', '28', '39', '45', '20', '57', '49', '52', '9', '40', '23', '34', '48', '50', '8', '16'}
| | | | | | +-- , 15 , {17} , {'12', '53', '35', '28', '39', '45', '20', '57', '49', '52', '9', '40', '23', '34', '8', '16', '43'}
| | | | | | | +-- , 17 , {33, 19, 35, 21} , {'12', '53', '35', '28', '10', '39', '45', '20', '57', '49', '52', '9', '3', '40', '23', '34', '16', '43'}
| | | | | | | | +-- , 33 , set() , {'34', '3', '26', '49'}
| | | | | | | | +-- , 19 , set() , {'2', '57', '3', '23', '10', '43'}
| | | | | | | | +-- , 35 , set() , {'34', '3', '23', '32'}
| | | | | | | | +-- , 21 , {23} , {'12', '53', '35', '28', '10', '45', '24', '52', '57', '49', '9', '3', '40', '51', '16'}
| | | | | | | | | +-- , 23 , {25, 27, 31} , {'12', '35', '28', '10', '45', '24', '52', '57', '49', '9', '3', '40', '46', '51', '16'}
| | | | | | | | | | +-- , 25 , set() , {'57', '12', '35', '46', '15', '0'}
| | | | | | | | | | +-- , 27 , {29} , {'42', '24', '3', '40', '28', '11', '10', '46', '45'}
| | | | | | | | | | | +-- , 29 , set() , {'24', '3', '40', '56', '11', '46'}
| | | | | | | | | | +-- , 31 , set() , {'52', '12', '9', '22', '10', '41', '46', '45', '51', '16'}
| | | +-- , 39 , set() , {'29', '35', '17', '31', '5'}
| +-- , 41 , {43} , {'55', '12', '53', '40', '21', '45', '31'}
| | +-- , 43 , {45} , {'25', '55', '45', '31'}
| | | +-- , 45 , set() , {'1', '25', '55', '36'}
| +-- , 47 , set() , {'47', '54', '57', '44', '30', '45', '31'}


Max number of edges with non zero Y: 18
Max number of iterations of outer rounding loop: 6
Max number of candidate sets: 2
Time spent rounding: 13.634
Time spent solving Separator LP: 0.694

LP Solver: GaifmanNormal