17, 3.425072556788988, 10.0, 10
+-- , 0 , {33, 35, 37, 6, 25, 27, 31} , {'xL15J', 'xL12J', 'xL16J', 'xL14J', 'xL18J', 'xL7J', 'xL36J', 'xL29J', 'xL22J', 'xL32J', 'xL11J', 'xL4J', 'xL33J', 'xL37J', 'xL1J', 'xL39J', 'xL26J', 'xL0J'}
| +-- , 33 , set() , {'xL8J', 'xL15J', 'xL16J', 'xL14J', 'xL22J'}
| +-- , 35 , set() , {'xL32J', 'xL16J', 'xL33J', 'xL10J'}
| +-- , 37 , set() , {'xL32J', 'xL19J', 'xL1J', 'xL39J', 'xL22J'}
| +-- , 6 , {9} , {'xL15J', 'xL12J', 'xL16J', 'xL14J', 'xL18J', 'xL7J', 'xL36J', 'xL29J', 'xL22J', 'xL32J', 'xL11J', 'xL33J', 'xL37J', 'xL1J', 'xL5J', 'xL39J', 'xL26J', 'xL25J', 'xL0J'}
| | +-- , 9 , {11, 13} , {'xL15J', 'xL16J', 'xL14J', 'xL18J', 'xL7J', 'xL22J', 'xL32J', 'xL5J', 'xL1J', 'xL13J', 'xL34J', 'xL36J', 'xL29J', 'xL11J', 'xL33J', 'xL37J', 'xL39J', 'xL26J', 'xL25J', 'xL0J'}
| | | +-- , 11 , set() , {'xL3J', 'xL11J', 'xL37J', 'xL13J', 'xL29J', 'xL22J'}
| | | +-- , 13 , {15, 23} , {'xL34J', 'xL15J', 'xL16J', 'xL14J', 'xL18J', 'xL2J', 'xL7J', 'xL36J', 'xL29J', 'xL32J', 'xL11J', 'xL33J', 'xL5J', 'xL1J', 'xL37J', 'xL39J', 'xL13J', 'xL26J', 'xL0J', 'xL17J'}
| | | | +-- , 15 , {17, 21} , {'xL11J', 'xL15J', 'xL37J', 'xL14J', 'xL1J', 'xL2J', 'xL9J', 'xL13J', 'xL36J', 'xL0J', 'xL35J', 'xL17J'}
| | | | | +-- , 17 , {19} , {'xL31J', 'xL37J', 'xL28J', 'xL1J', 'xL9J', 'xL13J', 'xL2J', 'xL30J', 'xL36J', 'xL0J', 'xL35J'}
| | | | | | +-- , 19 , set() , {'xL38J', 'xL37J', 'xL9J', 'xL30J', 'xL36J', 'xL0J'}
| | | | | +-- , 21 , set() , {'xL23J', 'xL2J', 'xL9J', 'xL13J', 'xL17J'}
| | | | +-- , 23 , set() , {'xL2J', 'xL27J', 'xL5J', 'xL18J'}
| +-- , 25 , set() , {'xL24J', 'xL0J', 'xL12J'}
| +-- , 27 , {29} , {'xL12J', 'xL16J', 'xL1J', 'xL6J', 'xL29J', 'xL22J'}
| | +-- , 29 , set() , {'xL20J', 'xL1J', 'xL6J', 'xL29J', 'xL22J'}
| +-- , 31 , set() , {'xL4J', 'xL0J', 'xL14J', 'xL26J', 'xL21J'}


Max number of edges with non zero Y: 37
Max number of iterations of outer rounding loop: 7
Max number of candidate sets: 2
Time spent rounding: 16.918
Time spent solving Separator LP: 0.989

LP Solver: GaifmanBoosted