53, 0.9999990000000001, 4.0, 4
+-- , 0 , {3, 62} , {'xL1JL9J', 'xL2JL9J', 'xL4JL9J', 'xL11JL7J', 'xL9JL7J', 'xL10JL7J', 'xL5JL9J', 'xL3JL9J'}
| +-- , 3 , {5} , {'xL1JL9J', 'xL2JL9J', 'xL9JL7J', 'xL11JL7J', 'xL10JL7J', 'xL3JL9J', 'xL7JL7J', 'xL8JL7J'}
| | +-- , 5 , {49, 7} , {'xL1JL9J', 'xL2JL9J', 'xL5JL7J', 'xL3JL9J', 'xL4JL7J', 'xL7JL7J', 'xL8JL7J'}
| | | +-- , 49 , {51} , {'xL1JL7J', 'xL1JL9J', 'xL2JL9J', 'xL2JL7J', 'xL5JL7J', 'xL4JL7J', 'xL3JL9J', 'xL3JL7J'}
| | | | +-- , 51 , {54, 56, 58} , {'xL1JL7J', 'xL1JL9J', 'xL2JL9J', 'xL2JL6J', 'xL2JL5J', 'xL2JL7J', 'xL2JL10J', 'xL2JL11J', 'xL3JL9J', 'xL2JL8J', 'xL3JL7J'}
| | | | | +-- , 54 , set() , {'xL1JL11J', 'xL1JL9J', 'xL2JL10J', 'xL2JL11J', 'xL1JL10J'}
| | | | | +-- , 56 , set() , {'xL1JL7J', 'xL1JL5J', 'xL2JL6J', 'xL2JL5J', 'xL1JL6J'}
| | | | | +-- , 58 , set() , {'xL3JL7J', 'xL3JL8J', 'xL3JL9J', 'xL2JL8J'}
| | | +-- , 7 , {10, 37} , {'xL4JL6J', 'xL4JL4J', 'xL5JL3J', 'xL7JL7J', 'xL8JL7J', 'xL4JL5J', 'xL5JL7J', 'xL5JL2J', 'xL5JL1J', 'xL4JL7J', 'xL5JL6J', 'xL5JL5J', 'xL5JL4J'}
| | | | +-- , 10 , {27, 13, 15} , {'xL7JL4J', 'xL4JL6J', 'xL5JL3J', 'xL7JL5J', 'xL5JL6J', 'xL7JL1J', 'xL8JL4J', 'xL7JL6J', 'xL5JL5J', 'xL8JL6J', 'xL4JL5J', 'xL7JL3J', 'xL5JL2J', 'xL5JL1J', 'xL8JL5J', 'xL7JL2J', 'xL7JL7J', 'xL8JL7J'}
| | | | | +-- , 27 , {35, 29} , {'xL5JL3J', 'xL8JL2J', 'xL7JL3J', 'xL5JL2J', 'xL5JL1J', 'xL7JL1J', 'xL7JL2J'}
| | | | | | +-- , 35 , set() , {'xL8JL1J', 'xL7JL1J', 'xL8JL2J'}
| | | | | | +-- , 29 , {33, 31} , {'xL5JL3J', 'xL4JL2J', 'xL8JL2J', 'xL7JL3J', 'xL5JL2J', 'xL5JL1J', 'xL7JL2J', 'xL6JL2J'}
| | | | | | | +-- , 33 , set() , {'xL4JL1J', 'xL4JL2J', 'xL5JL1J'}
| | | | | | | +-- , 31 , set() , {'xL7JL3J', 'xL6JL3J', 'xL5JL3J', 'xL6JL2J'}
| | | | | +-- , 13 , set() , {'xL4JL6J', 'xL4JL5J', 'xL8JL6J', 'xL6JL5J', 'xL7JL5J', 'xL5JL6J', 'xL8JL5J', 'xL6JL6J', 'xL7JL6J', 'xL5JL5J'}
| | | | | +-- , 15 , {17} , {'xL7JL4J', 'xL9JL4J', 'xL8JL4J'}
| | | | | | +-- , 17 , {19} , {'xL9JL4J', 'xL9JL3J'}
| | | | | | | +-- , 19 , {21} , {'xL10JL3J', 'xL9JL3J'}
| | | | | | | | +-- , 21 , {23} , {'xL10JL1J', 'xL10JL3J', 'xL10JL2J'}
| | | | | | | | | +-- , 23 , {25} , {'xL11JL1J', 'xL10JL1J', 'xL10JL2J'}
| | | | | | | | | | +-- , 25 , set() , {'xL11JL1J', 'xL11JL2J', 'xL10JL2J'}
| | | | +-- , 37 , {39} , {'xL3JL4J', 'xL4JL4J', 'xL5JL4J'}
| | | | | +-- , 39 , {41} , {'xL3JL3J', 'xL3JL4J'}
| | | | | | +-- , 41 , {43} , {'xL3JL3J', 'xL2JL3J'}
| | | | | | | +-- , 43 , {45} , {'xL2JL2J', 'xL2JL3J', 'xL2JL1J'}
| | | | | | | | +-- , 45 , {47} , {'xL1JL2J', 'xL2JL2J', 'xL2JL1J'}
| | | | | | | | | +-- , 47 , set() , {'xL1JL1J', 'xL1JL2J', 'xL2JL1J'}
| +-- , 62 , {64, 70} , {'xL10JL9J', 'xL4JL9J', 'xL11JL9J', 'xL11JL7J', 'xL9JL7J', 'xL5JL9J', 'xL10JL7J', 'xL9JL9J'}
| | +-- , 64 , {66, 68} , {'xL10JL8J', 'xL10JL9J', 'xL9JL7J', 'xL11JL7J', 'xL11JL9J', 'xL10JL7J', 'xL9JL9J'}
| | | +-- , 66 , set() , {'xL11JL6J', 'xL10JL8J', 'xL10JL9J', 'xL10JL5J', 'xL11JL5J', 'xL11JL10J', 'xL11JL9J', 'xL11JL7J', 'xL10JL11J', 'xL10JL7J', 'xL11JL11J', 'xL10JL6J', 'xL10JL10J'}
| | | +-- , 68 , set() , {'xL10JL8J', 'xL9JL7J', 'xL9JL9J', 'xL9JL8J'}
| | +-- , 70 , {72} , {'xL10JL9J', 'xL4JL9J', 'xL8JL9J', 'xL11JL9J', 'xL5JL9J', 'xL7JL9J', 'xL9JL9J'}
| | | +-- , 72 , {104, 75} , {'xL5JL9J', 'xL7JL9J', 'xL7JL12J', 'xL4JL9J', 'xL8JL12J', 'xL8JL9J', 'xL9JL12J'}
| | | | +-- , 104 , {106} , {'xL9JL13J', 'xL9JL12J'}
| | | | | +-- , 106 , {108} , {'xL10JL13J', 'xL9JL13J'}
| | | | | | +-- , 108 , {110} , {'xL10JL13J', 'xL10JL15J', 'xL10JL14J'}
| | | | | | | +-- , 110 , {112} , {'xL11JL14J', 'xL10JL15J', 'xL10JL14J'}
| | | | | | | | +-- , 112 , set() , {'xL11JL14J', 'xL10JL15J', 'xL11JL15J'}
| | | | +-- , 75 , {77} , {'xL7JL13J', 'xL5JL9J', 'xL7JL9J', 'xL7JL14J', 'xL7JL11J', 'xL7JL15J', 'xL7JL12J', 'xL7JL10J', 'xL4JL9J', 'xL8JL9J', 'xL8JL10J', 'xL8JL11J', 'xL8JL12J'}
| | | | | +-- , 77 , {80} , {'xL5JL10J', 'xL7JL13J', 'xL5JL9J', 'xL4JL11J', 'xL7JL14J', 'xL4JL10J', 'xL5JL11J', 'xL7JL11J', 'xL7JL15J', 'xL6JL11J', 'xL7JL10J', 'xL4JL9J', 'xL8JL10J', 'xL8JL11J', 'xL6JL10J'}
| | | | | | +-- , 80 , {82, 94} , {'xL5JL10J', 'xL7JL13J', 'xL5JL9J', 'xL4JL11J', 'xL7JL14J', 'xL4JL10J', 'xL5JL11J', 'xL5JL14J', 'xL7JL15J', 'xL5JL13J', 'xL4JL12J', 'xL4JL9J', 'xL5JL12J', 'xL5JL15J'}
| | | | | | | +-- , 82 , {84} , {'xL5JL12J', 'xL4JL12J', 'xL3JL12J'}
| | | | | | | | +-- , 84 , {86} , {'xL3JL13J', 'xL3JL12J'}
| | | | | | | | | +-- , 86 , {88} , {'xL3JL13J', 'xL2JL13J'}
| | | | | | | | | | +-- , 88 , {90} , {'xL2JL13J', 'xL2JL14J', 'xL2JL15J'}
| | | | | | | | | | | +-- , 90 , {92} , {'xL1JL15J', 'xL2JL14J', 'xL2JL15J'}
| | | | | | | | | | | | +-- , 92 , set() , {'xL1JL14J', 'xL1JL15J', 'xL2JL14J'}
| | | | | | | +-- , 94 , {96, 98} , {'xL5JL14J', 'xL7JL15J', 'xL5JL13J', 'xL7JL13J', 'xL8JL14J', 'xL7JL14J', 'xL5JL15J'}
| | | | | | | | +-- , 96 , set() , {'xL8JL15J', 'xL7JL15J', 'xL8JL14J'}
| | | | | | | | +-- , 98 , {100, 102} , {'xL5JL13J', 'xL5JL14J', 'xL6JL14J', 'xL4JL14J', 'xL7JL13J', 'xL8JL14J', 'xL7JL14J', 'xL5JL15J'}
| | | | | | | | | +-- , 100 , set() , {'xL5JL13J', 'xL7JL13J', 'xL6JL13J', 'xL6JL14J'}
| | | | | | | | | +-- , 102 , set() , {'xL4JL15J', 'xL5JL15J', 'xL4JL14J'}


Max number of edges with non zero Y: 5
Max number of iterations of outer rounding loop: 2
Max number of candidate sets: 2
Time spent rounding: 16.938
Time spent solving Separator LP: 0.696
Total time spent solving: 24.523

LP Solver: GaifmanNormal
Lower Bound Witness = ({'xL10JL1J', 'xL11JL2J', 'xL11JL1J', 'xL10JL2J'}, {'xL10JL1J', 'xL10JL2J'})