27, 3.346898235853884, 11.0, 11
+-- , 0 , {5, 51, 53, 47} , {'X59', 'X27', 'X67', 'X15', 'X14', 'X6', 'X7', 'X17', 'X23', 'X10', 'X35', 'X40', 'X36', 'X71', 'X43', 'X37', 'X4', 'X34', 'X38', 'X50', 'X5', 'X2', 'X56', 'X55', 'X33', 'X11', 'X13'}
| +-- , 5 , {7, 41, 43} , {'X14', 'X7', 'X47', 'X71', 'X43', 'X38', 'X41', 'X50', 'X16', 'X20', 'X55', 'X33', 'X27', 'X8', 'X15', 'X6', 'X17', 'X23', 'X22', 'X10', 'X35', 'X40', 'X9', 'X37', 'X45', 'X5', 'X11', 'X13'}
| | +-- , 7 , {9, 35} , {'X27', 'X18', 'X47', 'X22', 'X35', 'X40', 'X9', 'X71', 'X43', 'X37', 'X38', 'X41', 'X50', 'X19', 'X16', 'X42', 'X20', 'X33', 'X48'}
| | | +-- , 9 , {33, 11, 21, 25, 27} , {'X27', 'X18', 'X70', 'X47', 'X63', 'X22', 'X51', 'X35', 'X40', 'X71', 'X43', 'X49', 'X37', 'X24', 'X29', 'X39', 'X38', 'X25', 'X50', 'X21', 'X42', 'X20', 'X33', 'X48'}
| | | | +-- , 33 , set() , {'X44', 'X27', 'X39', 'X42', 'X40'}
| | | | +-- , 11 , {13} , {'X24', 'X39', 'X29', 'X27', 'X26', 'X72', 'X47', 'X35', 'X37', 'X43'}
| | | | | +-- , 13 , {15} , {'X39', 'X29', 'X28', 'X26', 'X72', 'X47', 'X35', 'X37', 'X43'}
| | | | | | +-- , 15 , {17} , {'X30', 'X39', 'X28', 'X72', 'X47', 'X35', 'X73', 'X37', 'X31', 'X43'}
| | | | | | | +-- , 17 , {19} , {'X39', 'X74', 'X35', 'X73', 'X37', 'X43'}
| | | | | | | | +-- , 19 , set() , {'X39', 'X43', 'X75', 'X74', 'X37'}
| | | | +-- , 21 , {23} , {'X39', 'X25', 'X35', 'X40', 'X68', 'X43'}
| | | | | +-- , 23 , set() , {'X39', 'X69', 'X40', 'X68', 'X43'}
| | | | +-- , 25 , set() , {'X27', 'X52', 'X39', 'X51', 'X43'}
| | | | +-- , 27 , {29} , {'X27', 'X39', 'X47', 'X63', 'X64', 'X35', 'X37'}
| | | | | +-- , 29 , {31} , {'X27', 'X39', 'X64', 'X65', 'X35', 'X37'}
| | | | | | +-- , 31 , set() , {'X27', 'X39', 'X66', 'X65', 'X37'}
| | | +-- , 35 , {37} , {'X27', 'X19', 'X60', 'X37', 'X35', 'X33', 'X43'}
| | | | +-- , 37 , {39} , {'X27', 'X43', 'X60', 'X61', 'X35', 'X37'}
| | | | | +-- , 39 , set() , {'X27', 'X43', 'X62', 'X61', 'X37'}
| | +-- , 41 , set() , {'X45', 'X47', 'X46', 'X35', 'X40'}
| | +-- , 43 , {45} , {'X27', 'X53', 'X47', 'X40', 'X13', 'X43'}
| | | +-- , 45 , set() , {'X27', 'X53', 'X40', 'X54', 'X43'}
| +-- , 51 , set() , {'X12', 'X15', 'X14', 'X10', 'X13'}
| +-- , 53 , {55} , {'X2', 'X34', 'X32', 'X35', 'X33'}
| | +-- , 55 , set() , {'X32', 'X2', 'X1', 'X33', 'X3'}
| +-- , 47 , {49} , {'X27', 'X43', 'X57', 'X56', 'X40', 'X37'}
| | +-- , 49 , set() , {'X27', 'X57', 'X40', 'X58', 'X43'}


Max number of edges with non zero Y: 24
Max number of iterations of outer rounding loop: 1
Max number of candidate sets: 2
Time spent rounding: 4.247
Time spent solving Separator LP: 1.746
Total time spent solving: 9.541

LP Solver: GaifmanBoosted
Lower Bound Witness = ({'X59', 'X52', 'X18', 'X14', 'X7', 'X53', 'X70', 'X47', 'X57', 'X75', 'X46', 'X65', 'X51', 'X31', 'X71', 'X68', 'X43', 'X69', 'X4', 'X24', 'X29', 'X39', 'X32', 'X38', 'X41', 'X62', 'X25', 'X26', 'X50', 'X19', 'X16', 'X2', 'X42', 'X20', 'X55', 'X33', 'X3', 'X30', 'X12', 'X67', 'X15', 'X27', 'X17', 'X28', 'X6', 'X8', 'X72', 'X23', 'X22', 'X10', 'X60', 'X64', 'X63', 'X35', 'X40', 'X36', 'X61', 'X58', 'X9', 'X54', 'X37', 'X49', 'X44', 'X34', 'X66', 'X45', 'X21', 'X5', 'X56', 'X74', 'X1', 'X73', 'X11', 'X13', 'X48'}, {'X59', 'X52', 'X14', 'X7', 'X70', 'X47', 'X75', 'X69', 'X4', 'X24', 'X39', 'X32', 'X41', 'X25', 'X50', 'X55', 'X3', 'X30', 'X12', 'X67', 'X27', 'X6', 'X23', 'X10', 'X63', 'X34', 'X5', 'X11'})