38, 0, 13.0, 13
+-- , 0 , {5, 9, 43} , {'xL9JL7J', 'xL6JL9J', 'xL7JL1J', 'xL9JL11J', 'xL7JL7J', 'xL9JL9J', 'xL7JL5J', 'xL7JL2J', 'xL7JL4J', 'xL6JL7J', 'xL9JL12J', 'xL9JL13J', 'xL7JL9J', 'xL10JL9J', 'xL8JL7J', 'xL9JL15J', 'xL7JL3J', 'xL9JL14J', 'xL8JL9J', 'xL10JL7J'}
| +-- , 5 , {7} , {'xL9JL7J', 'xL9JL9J', 'xL7JL7J', 'xL8JL9J', 'xL7JL8J', 'xL7JL9J', 'xL8JL7J'}
| | +-- , 7 , set() , {'xL9JL7J', 'xL8JL8J', 'xL9JL9J', 'xL8JL9J', 'xL7JL8J', 'xL9JL8J', 'xL8JL7J'}
| +-- , 9 , {11} , {'xL9JL15J', 'xL7JL3J', 'xL9JL11J', 'xL9JL14J', 'xL7JL4J', 'xL10JL5J', 'xL10JL9J', 'xL10JL7J', 'xL10JL6J'}
| | +-- , 11 , {13} , {'xL10JL11J', 'xL9JL11J', 'xL7JL4J', 'xL10JL5J', 'xL10JL9J', 'xL9JL15J', 'xL7JL3J', 'xL9JL14J', 'xL10JL10J', 'xL10JL6J'}
| | | +-- , 13 , {36, 38, 15} , {'xL10JL15J', 'xL10JL11J', 'xL9JL11J', 'xL14JL6J', 'xL7JL4J', 'xL10JL5J', 'xL15JL10J', 'xL11JL6J', 'xL9JL5J', 'xL15JL6J', 'xL14JL11J', 'xL14JL7J', 'xL15JL14J', 'xL11JL10J', 'xL9JL14J', 'xL13JL6J', 'xL15JL11J', 'xL10JL6J', 'xL11JL15J', 'xL11JL5J', 'xL11JL11J', 'xL13JL14J', 'xL13JL1J', 'xL13JL10J', 'xL10JL1J', 'xL9JL1J', 'xL14JL14J', 'xL13JL7J', 'xL14JL10J', 'xL9JL15J', 'xL7JL3J', 'xL13JL2J', 'xL14JL8J', 'xL13JL8J', 'xL10JL10J', 'xL12JL10J', 'xL11JL1J'}
| | | | +-- , 36 , set() , {'xL12JL7J', 'xL14JL7J', 'xL12JL6J', 'xL13JL6J', 'xL14JL6J', 'xL11JL6J', 'xL15JL6J', 'xL10JL6J', 'xL13JL7J'}
| | | | +-- , 38 , {41} , {'xL14JL2J', 'xL13JL1J', 'xL13JL2J', 'xL15JL2J'}
| | | | | +-- , 41 , set() , {'xL13JL1J', 'xL15JL1J', 'xL14JL2J', 'xL14JL1J', 'xL15JL2J'}
| | | | +-- , 15 , {17, 34, 28} , {'xL10JL15J', 'xL13JL3J', 'xL14JL6J', 'xL7JL4J', 'xL15JL10J', 'xL11JL6J', 'xL9JL5J', 'xL11JL14J', 'xL15JL6J', 'xL14JL11J', 'xL14JL7J', 'xL15JL14J', 'xL11JL10J', 'xL9JL14J', 'xL13JL6J', 'xL13JL9J', 'xL11JL13J', 'xL10JL14J', 'xL15JL11J', 'xL11JL15J', 'xL11JL5J', 'xL11JL11J', 'xL13JL14J', 'xL13JL1J', 'xL13JL10J', 'xL10JL1J', 'xL9JL1J', 'xL14JL5J', 'xL13JL4J', 'xL14JL14J', 'xL13JL7J', 'xL14JL10J', 'xL7JL3J', 'xL13JL2J', 'xL14JL8J', 'xL13JL8J', 'xL11JL12J', 'xL14JL4J', 'xL12JL10J', 'xL11JL1J', 'xL14JL12J', 'xL14JL9J'}
| | | | | +-- , 17 , {26, 20} , {'xL11JL5J', 'xL15JL5J', 'xL13JL3J', 'xL7JL4J', 'xL10JL1J', 'xL9JL1J', 'xL11JL6J', 'xL14JL5J', 'xL9JL5J', 'xL15JL6J', 'xL13JL4J', 'xL11JL2J', 'xL15JL4J', 'xL7JL3J', 'xL11JL4J', 'xL14JL4J', 'xL11JL3J', 'xL11JL1J'}
| | | | | | +-- , 26 , set() , {'xL13JL3J', 'xL15JL4J', 'xL12JL4J', 'xL12JL3J', 'xL11JL4J', 'xL14JL4J', 'xL11JL3J', 'xL13JL4J'}
| | | | | | +-- , 20 , {24, 22} , {'xL7JL3J', 'xL9JL2J', 'xL10JL1J', 'xL7JL4J', 'xL9JL3J', 'xL9JL1J', 'xL11JL2J', 'xL9JL5J', 'xL9JL4J'}
| | | | | | | +-- , 24 , set() , {'xL11JL2J', 'xL10JL2J', 'xL10JL1J', 'xL9JL2J'}
| | | | | | | +-- , 22 , set() , {'xL8JL3J', 'xL7JL3J', 'xL8JL4J', 'xL7JL4J', 'xL9JL3J', 'xL9JL4J'}
| | | | | +-- , 34 , set() , {'xL12JL9J', 'xL13JL9J', 'xL14JL9J', 'xL12JL10J'}
| | | | | +-- , 28 , {30} , {'xL13JL14J', 'xL13JL13J', 'xL13JL12J', 'xL15JL14J', 'xL15JL12J', 'xL11JL12J', 'xL12JL13J', 'xL11JL13J', 'xL12JL12J', 'xL15JL10J', 'xL14JL12J', 'xL15JL11J', 'xL14JL14J'}
| | | | | | +-- , 30 , {32} , {'xL13JL15J', 'xL13JL12J', 'xL13JL13J', 'xL15JL14J', 'xL13JL14J', 'xL14JL14J'}
| | | | | | | +-- , 32 , set() , {'xL14JL15J', 'xL13JL15J', 'xL15JL14J', 'xL15JL15J', 'xL14JL14J'}
| +-- , 43 , {45} , {'xL6JL9J', 'xL7JL1J', 'xL6JL6J', 'xL7JL5J', 'xL7JL2J', 'xL6JL7J', 'xL9JL12J', 'xL9JL13J', 'xL6JL10J', 'xL6JL5J', 'xL6JL11J'}
| | +-- , 45 , {47} , {'xL7JL1J', 'xL6JL6J', 'xL7JL5J', 'xL7JL2J', 'xL9JL12J', 'xL9JL13J', 'xL6JL10J', 'xL8JL12J', 'xL6JL5J', 'xL5JL4J', 'xL6JL11J', 'xL3JL4J', 'xL1JL4J', 'xL7JL12J', 'xL4JL4J', 'xL2JL4J'}
| | | +-- , 47 , {49} , {'xL7JL1J', 'xL8JL13J', 'xL7JL13J', 'xL6JL6J', 'xL7JL5J', 'xL7JL2J', 'xL9JL13J', 'xL6JL10J', 'xL8JL12J', 'xL6JL5J', 'xL5JL4J', 'xL6JL11J', 'xL3JL4J', 'xL1JL4J', 'xL7JL12J', 'xL4JL4J', 'xL2JL4J'}
| | | | +-- , 49 , {51} , {'xL7JL1J', 'xL7JL13J', 'xL6JL6J', 'xL7JL5J', 'xL7JL2J', 'xL6JL10J', 'xL6JL5J', 'xL5JL4J', 'xL6JL11J', 'xL3JL4J', 'xL1JL4J', 'xL7JL12J', 'xL7JL11J', 'xL4JL4J', 'xL7JL14J', 'xL7JL15J', 'xL2JL4J'}
| | | | | +-- , 51 , {55} , {'xL1JL12J', 'xL5JL11J', 'xL6JL6J', 'xL7JL5J', 'xL7JL2J', 'xL5JL1J', 'xL6JL1J', 'xL6JL5J', 'xL5JL4J', 'xL3JL4J', 'xL1JL4J', 'xL7JL11J', 'xL4JL4J', 'xL7JL15J', 'xL7JL1J', 'xL6JL10J', 'xL6JL11J', 'xL7JL14J', 'xL2JL4J', 'xL1JL11J', 'xL1JL10J'}
| | | | | | +-- , 55 , {57} , {'xL4JL10J', 'xL5JL11J', 'xL1JL12J', 'xL6JL6J', 'xL7JL5J', 'xL7JL2J', 'xL5JL1J', 'xL6JL1J', 'xL6JL5J', 'xL5JL4J', 'xL3JL10J', 'xL3JL4J', 'xL1JL4J', 'xL4JL4J', 'xL7JL15J', 'xL6JL10J', 'xL7JL14J', 'xL2JL10J', 'xL2JL4J', 'xL1JL11J', 'xL1JL10J', 'xL5JL10J'}
| | | | | | | +-- , 57 , {59, 86} , {'xL5JL15J', 'xL4JL10J', 'xL5JL11J', 'xL1JL12J', 'xL6JL6J', 'xL7JL5J', 'xL7JL2J', 'xL5JL1J', 'xL6JL1J', 'xL5JL13J', 'xL5JL14J', 'xL6JL5J', 'xL5JL4J', 'xL3JL4J', 'xL1JL4J', 'xL5JL12J', 'xL2JL10J', 'xL4JL4J', 'xL7JL14J', 'xL7JL15J', 'xL3JL10J', 'xL2JL4J', 'xL1JL11J', 'xL5JL10J'}
| | | | | | | | +-- , 59 , {78, 63} , {'xL4JL10J', 'xL1JL12J', 'xL6JL6J', 'xL7JL5J', 'xL7JL2J', 'xL5JL1J', 'xL6JL1J', 'xL5JL13J', 'xL6JL5J', 'xL5JL4J', 'xL3JL10J', 'xL3JL4J', 'xL1JL4J', 'xL4JL4J', 'xL4JL7J', 'xL5JL3J', 'xL5JL12J', 'xL3JL7J', 'xL2JL10J', 'xL2JL4J', 'xL1JL11J', 'xL2JL7J'}
| | | | | | | | | +-- , 78 , {80} , {'xL5JL3J', 'xL3JL4J', 'xL4JL4J', 'xL3JL3J', 'xL4JL3J'}
| | | | | | | | | | +-- , 80 , {82} , {'xL3JL1J', 'xL3JL4J', 'xL3JL2J', 'xL3JL3J'}
| | | | | | | | | | | +-- , 82 , set() , {'xL2JL1J', 'xL3JL1J', 'xL2JL2J', 'xL1JL2J', 'xL3JL2J', 'xL1JL1J'}
| | | | | | | | | +-- , 63 , {65} , {'xL4JL10J', 'xL1JL12J', 'xL6JL6J', 'xL7JL5J', 'xL7JL2J', 'xL5JL1J', 'xL6JL1J', 'xL5JL13J', 'xL6JL5J', 'xL5JL4J', 'xL3JL10J', 'xL1JL4J', 'xL4JL7J', 'xL5JL5J', 'xL6JL2J', 'xL5JL3J', 'xL5JL6J', 'xL5JL2J', 'xL5JL12J', 'xL3JL7J', 'xL2JL10J', 'xL2JL4J', 'xL1JL11J', 'xL2JL7J'}
| | | | | | | | | | +-- , 65 , {67} , {'xL4JL6J', 'xL4JL10J', 'xL1JL12J', 'xL6JL6J', 'xL3JL6J', 'xL1JL6J', 'xL2JL6J', 'xL5JL13J', 'xL5JL6J', 'xL3JL10J', 'xL5JL12J', 'xL1JL4J', 'xL3JL7J', 'xL4JL7J', 'xL2JL10J', 'xL2JL4J', 'xL1JL11J', 'xL2JL7J'}
| | | | | | | | | | | +-- , 67 , {69, 76} , {'xL2JL11J', 'xL1JL5J', 'xL4JL10J', 'xL2JL12J', 'xL1JL12J', 'xL3JL6J', 'xL1JL6J', 'xL2JL9J', 'xL2JL6J', 'xL5JL13J', 'xL2JL7J', 'xL3JL8J', 'xL5JL12J', 'xL1JL4J', 'xL2JL10J', 'xL3JL7J', 'xL2JL5J', 'xL3JL9J', 'xL3JL10J', 'xL2JL4J', 'xL1JL11J', 'xL2JL8J'}
| | | | | | | | | | | | +-- , 69 , {71} , {'xL3JL12J', 'xL2JL12J', 'xL3JL13J', 'xL5JL12J', 'xL4JL13J', 'xL1JL12J', 'xL5JL13J', 'xL4JL12J'}
| | | | | | | | | | | | | +-- , 71 , {73} , {'xL3JL12J', 'xL3JL13J', 'xL3JL14J', 'xL3JL15J'}
| | | | | | | | | | | | | | +-- , 73 , set() , {'xL2JL15J', 'xL1JL15J', 'xL1JL14J', 'xL2JL14J', 'xL3JL14J', 'xL3JL15J'}
| | | | | | | | | | | | +-- , 76 , set() , {'xL4JL9J', 'xL2JL9J', 'xL4JL10J', 'xL3JL9J'}
| | | | | | | | +-- , 86 , set() , {'xL5JL15J', 'xL6JL14J', 'xL7JL14J', 'xL7JL15J', 'xL5JL14J', 'xL6JL15J'}


Max number of edges with non zero Y: 54
Max number of iterations of outer rounding loop: 12
Max number of candidate sets: 2
Time spent rounding: 28.791
Time spent solving Separator LP: 0.179
Total time spent solving: 34.189

LP Solver: gammaPlusFractionalCoverHeuristic
Lower Bound Witness = ({'xL9JL4J', 'xL4JL10J', 'xL2JL12J', 'xL9JL9J', 'xL8JL13J', 'xL6JL6J', 'xL13JL3J', 'xL1JL2J', 'xL6JL1J', 'xL4JL12J', 'xL11JL6J', 'xL9JL5J', 'xL15JL6J', 'xL14JL11J', 'xL6JL14J', 'xL13JL9J', 'xL15JL1J', 'xL7JL15J', 'xL9JL8J', 'xL10JL6J', 'xL3JL14J', 'xL11JL15J', 'xL7JL1J', 'xL13JL14J', 'xL9JL1J', 'xL5JL3J', 'xL10JL9J', 'xL13JL4J', 'xL8JL12J', 'xL14JL10J', 'xL13JL15J', 'xL11JL12J', 'xL3JL7J', 'xL3JL3J', 'xL14JL2J', 'xL7JL14J', 'xL2JL10J', 'xL10JL7J', 'xL1JL10J', 'xL2JL7J', 'xL10JL15J', 'xL15JL5J', 'xL10JL11J', 'xL9JL11J', 'xL7JL13J', 'xL1JL6J', 'xL2JL9J', 'xL5JL13J', 'xL8JL7J', 'xL11JL14J', 'xL5JL4J', 'xL15JL2J', 'xL3JL15J', 'xL12JL9J', 'xL15JL14J', 'xL3JL4J', 'xL13JL6J', 'xL7JL11J', 'xL4JL4J', 'xL11JL4J', 'xL14JL15J', 'xL4JL13J', 'xL13JL1J', 'xL13JL10J', 'xL10JL1J', 'xL9JL3J', 'xL7JL8J', 'xL3JL8J', 'xL12JL7J', 'xL8JL3J', 'xL7JL3J', 'xL12JL4J', 'xL14JL8J', 'xL4JL9J', 'xL13JL8J', 'xL11JL1J', 'xL1JL11J', 'xL6JL9J', 'xL2JL11J', 'xL1JL12J', 'xL7JL5J', 'xL7JL2J', 'xL15JL15J', 'xL10JL5J', 'xL2JL6J', 'xL12JL12J', 'xL14JL7J', 'xL15JL4J', 'xL9JL14J', 'xL4JL7J', 'xL5JL5J', 'xL11JL3J', 'xL14JL1J', 'xL1JL1J', 'xL6JL2J', 'xL5JL15J', 'xL11JL11J', 'xL8JL8J', 'xL6JL10J', 'xL11JL2J', 'xL10JL2J', 'xL6JL11J', 'xL2JL1J', 'xL9JL15J', 'xL2JL15J', 'xL8JL9J', 'xL12JL3J', 'xL13JL2J', 'xL1JL15J', 'xL9JL2J', 'xL1JL14J', 'xL10JL10J', 'xL2JL14J', 'xL3JL10J', 'xL2JL4J', 'xL1JL5J', 'xL13JL13J', 'xL5JL11J', 'xL7JL7J', 'xL14JL6J', 'xL7JL4J', 'xL5JL1J', 'xL3JL6J', 'xL6JL7J', 'xL9JL13J', 'xL5JL14J', 'xL15JL10J', 'xL6JL5J', 'xL3JL12J', 'xL11JL10J', 'xL7JL12J', 'xL1JL4J', 'xL8JL4J', 'xL11JL13J', 'xL6JL15J', 'xL3JL9J', 'xL10JL14J', 'xL15JL11J', 'xL2JL8J', 'xL9JL7J', 'xL11JL5J', 'xL4JL6J', 'xL12JL6J', 'xL15JL12J', 'xL2JL2J', 'xL9JL12J', 'xL7JL9J', 'xL3JL2J', 'xL14JL5J', 'xL5JL6J', 'xL14JL14J', 'xL13JL7J', 'xL13JL12J', 'xL3JL13J', 'xL5JL2J', 'xL3JL1J', 'xL5JL12J', 'xL12JL13J', 'xL14JL4J', 'xL2JL5J', 'xL12JL10J', 'xL4JL3J', 'xL14JL12J', 'xL14JL9J', 'xL5JL10J'}, {'xL3JL8J', 'xL11JL15J', 'xL6JL11J', 'xL15JL5J', 'xL1JL12J'})