19, 0, 8.0, 8
+-- , 0 , {37, 5, 41} , {'xL3J', 'xL33J', 'xL34J', 'xL6J', 'xL15J', 'xL7J', 'xL20J', 'xL36J', 'xL27J', 'xL37J', 'xL5J', 'xL28J', 'xL22J', 'xL16J'}
| +-- , 37 , {39} , {'xL14J', 'xL3J', 'xL33J', 'xL6J', 'xL15J', 'xL20J', 'xL37J', 'xL27J', 'xL5J', 'xL28J', 'xL4J', 'xL22J', 'xL16J'}
| | +-- , 39 , set() , {'xL14J', 'xL28J', 'xL33J', 'xL38J', 'xL4J', 'xL20J', 'xL30J', 'xL37J'}
| +-- , 5 , {8} , {'xL3J', 'xL33J', 'xL34J', 'xL6J', 'xL15J', 'xL36J', 'xL20J', 'xL7J', 'xL37J', 'xL27J', 'xL0J', 'xL28J', 'xL22J', 'xL16J', 'xL32J'}
| | +-- , 8 , {10} , {'xL3J', 'xL33J', 'xL34J', 'xL6J', 'xL15J', 'xL36J', 'xL7J', 'xL37J', 'xL27J', 'xL0J', 'xL28J', 'xL31J', 'xL22J', 'xL16J', 'xL32J'}
| | | +-- , 10 , {12} , {'xL3J', 'xL33J', 'xL34J', 'xL6J', 'xL15J', 'xL36J', 'xL7J', 'xL27J', 'xL37J', 'xL0J', 'xL39J', 'xL28J', 'xL31J', 'xL22J', 'xL16J'}
| | | | +-- , 12 , {29, 14} , {'xL26J', 'xL3J', 'xL33J', 'xL34J', 'xL6J', 'xL15J', 'xL36J', 'xL7J', 'xL27J', 'xL0J', 'xL39J', 'xL28J', 'xL31J', 'xL22J', 'xL21J', 'xL16J'}
| | | | | +-- , 29 , {33, 35, 31} , {'xL2J', 'xL26J', 'xL0J', 'xL3J', 'xL6J', 'xL22J', 'xL16J', 'xL36J', 'xL7J', 'xL23J'}
| | | | | | +-- , 33 , set() , {'xL2J', 'xL12J'}
| | | | | | +-- , 35 , set() , {'xL2J', 'xL36J', 'xL25J'}
| | | | | | +-- , 31 , set() , {'xL2J', 'xL3J', 'xL17J', 'xL22J', 'xL7J', 'xL23J'}
| | | | | +-- , 14 , {16} , {'xL26J', 'xL13J', 'xL3J', 'xL33J', 'xL34J', 'xL6J', 'xL15J', 'xL36J', 'xL7J', 'xL27J', 'xL0J', 'xL39J', 'xL28J', 'xL31J', 'xL21J', 'xL16J'}
| | | | | | +-- , 16 , {18} , {'xL26J', 'xL13J', 'xL3J', 'xL33J', 'xL34J', 'xL6J', 'xL15J', 'xL36J', 'xL7J', 'xL27J', 'xL0J', 'xL39J', 'xL18J', 'xL31J', 'xL21J', 'xL16J'}
| | | | | | | +-- , 18 , {21, 25, 27} , {'xL26J', 'xL3J', 'xL34J', 'xL6J', 'xL15J', 'xL36J', 'xL7J', 'xL27J', 'xL0J', 'xL39J', 'xL18J', 'xL31J', 'xL21J', 'xL16J', 'xL24J', 'xL1J'}
| | | | | | | | +-- , 21 , {23} , {'xL26J', 'xL0J', 'xL39J', 'xL34J', 'xL18J', 'xL36J', 'xL35J', 'xL24J'}
| | | | | | | | | +-- , 23 , set() , {'xL26J', 'xL10J', 'xL34J', 'xL18J', 'xL35J'}
| | | | | | | | +-- , 25 , set() , {'xL11J', 'xL3J', 'xL15J', 'xL16J', 'xL9J', 'xL29J', 'xL24J', 'xL27J', 'xL1J'}
| | | | | | | | +-- , 27 , set() , {'xL24J', 'xL19J'}
| +-- , 41 , set() , {'xL8J', 'xL33J', 'xL6J'}


Max number of edges with non zero Y: 29
Max number of iterations of outer rounding loop: 11
Max number of candidate sets: 2
Time spent rounding: 23.971
Time spent solving Separator LP: 0.058

LP Solver: gammaPlusFractionalCoverHeuristic