24, 2.167426156578657, 7.5, 8
+-- , 0 , {49, 3, 51, 45, 47} , {'xL2J', 'xL26J', 'xL0J', 'xL10J', 'xL22J', 'xL16J', 'xL36J', 'xL23J', 'xL24J'}
| +-- , 49 , set() , {'xL24J', 'xL19J'}
| +-- , 3 , {6} , {'xL2J', 'xL11J', 'xL3J', 'xL10J', 'xL36J', 'xL23J', 'xL0J', 'xL18J', 'xL17J', 'xL22J', 'xL16J', 'xL24J'}
| | +-- , 6 , {8} , {'xL11J', 'xL3J', 'xL10J', 'xL6J', 'xL36J', 'xL23J', 'xL0J', 'xL18J', 'xL17J', 'xL22J', 'xL16J', 'xL24J'}
| | | +-- , 8 , {11} , {'xL11J', 'xL3J', 'xL34J', 'xL10J', 'xL6J', 'xL36J', 'xL7J', 'xL0J', 'xL18J', 'xL17J', 'xL22J', 'xL16J', 'xL24J'}
| | | | +-- , 11 , {14} , {'xL11J', 'xL14J', 'xL3J', 'xL34J', 'xL10J', 'xL6J', 'xL36J', 'xL7J', 'xL37J', 'xL0J', 'xL18J', 'xL22J', 'xL16J', 'xL24J'}
| | | | | +-- , 14 , {16} , {'xL11J', 'xL14J', 'xL13J', 'xL3J', 'xL34J', 'xL10J', 'xL6J', 'xL36J', 'xL7J', 'xL35J', 'xL37J', 'xL0J', 'xL18J', 'xL16J', 'xL24J'}
| | | | | | +-- , 16 , {18} , {'xL11J', 'xL14J', 'xL13J', 'xL3J', 'xL34J', 'xL6J', 'xL15J', 'xL36J', 'xL7J', 'xL35J', 'xL37J', 'xL18J', 'xL16J', 'xL24J'}
| | | | | | | +-- , 18 , {21} , {'xL11J', 'xL14J', 'xL13J', 'xL3J', 'xL6J', 'xL15J', 'xL9J', 'xL36J', 'xL7J', 'xL35J', 'xL29J', 'xL37J', 'xL18J', 'xL16J', 'xL24J'}
| | | | | | | | +-- , 21 , {23} , {'xL14J', 'xL13J', 'xL3J', 'xL6J', 'xL15J', 'xL9J', 'xL36J', 'xL29J', 'xL35J', 'xL7J', 'xL37J', 'xL28J', 'xL18J', 'xL16J', 'xL24J'}
| | | | | | | | | +-- , 23 , {25} , {'xL14J', 'xL3J', 'xL6J', 'xL15J', 'xL9J', 'xL36J', 'xL29J', 'xL35J', 'xL7J', 'xL37J', 'xL28J', 'xL18J', 'xL16J', 'xL24J', 'xL1J'}
| | | | | | | | | | +-- , 25 , {27} , {'xL14J', 'xL3J', 'xL6J', 'xL15J', 'xL9J', 'xL36J', 'xL7J', 'xL35J', 'xL37J', 'xL27J', 'xL28J', 'xL18J', 'xL16J', 'xL24J', 'xL1J'}
| | | | | | | | | | | +-- , 27 , {29, 39} , {'xL14J', 'xL3J', 'xL6J', 'xL15J', 'xL36J', 'xL20J', 'xL35J', 'xL7J', 'xL27J', 'xL37J', 'xL28J', 'xL18J', 'xL16J', 'xL24J', 'xL1J'}
| | | | | | | | | | | | +-- , 29 , {35, 31} , {'xL14J', 'xL28J', 'xL18J', 'xL38J', 'xL6J', 'xL15J', 'xL16J', 'xL37J', 'xL36J', 'xL20J', 'xL27J'}
| | | | | | | | | | | | | +-- , 35 , {37} , {'xL14J', 'xL38J', 'xL4J', 'xL15J', 'xL16J', 'xL36J', 'xL30J', 'xL37J'}
| | | | | | | | | | | | | | +-- , 37 , set() , {'xL5J', 'xL36J', 'xL4J'}
| | | | | | | | | | | | | +-- , 31 , {33} , {'xL8J', 'xL18J', 'xL38J', 'xL6J', 'xL36J', 'xL27J'}
| | | | | | | | | | | | | | +-- , 33 , set() , {'xL8J', 'xL33J', 'xL18J', 'xL38J', 'xL36J', 'xL27J'}
| | | | | | | | | | | | +-- , 39 , {41} , {'xL39J', 'xL20J', 'xL35J', 'xL24J', 'xL37J', 'xL1J'}
| | | | | | | | | | | | | +-- , 41 , {43} , {'xL39J', 'xL20J', 'xL24J', 'xL37J', 'xL32J'}
| | | | | | | | | | | | | | +-- , 43 , set() , {'xL39J', 'xL31J', 'xL24J', 'xL37J', 'xL32J'}
| +-- , 51 , set() , {'xL2J', 'xL12J'}
| +-- , 45 , set() , {'xL21J', 'xL26J', 'xL24J'}
| +-- , 47 , set() , {'xL2J', 'xL36J', 'xL25J'}


Max number of edges with non zero Y: 23
Max number of iterations of outer rounding loop: 7
Max number of candidate sets: 2
Time spent rounding: 57.919
Time spent solving Separator LP: 0.728

LP Solver: GaifmanNormal