11, 0, 8.0, 10
+-- , 9 , {11, 7} , {'16', '31', '67', '11', '53', '0', '4', '24', '45', '19', '8', '17', '20', '9', '62', '41', '63', '35', '30', '43', '1', '28', '33', '44', '25', '3', '64', '48', '37', '54', '27', '57', '29', '38', '12', '32', '50', '23', '66', '59', '21', '34', '49'}
| +-- , 11 , {13, 15} , {'16', '31', '1', '67', '28', '33', '44', '25', '11', '3', '64', '48', '53', '37', '54', '27', '0', '57', '15', '29', '4', '24', '45', '19', '38', '12', '56', '8', '20', '32', '50', '23', '66', '9', '62', '41', '63', '59', '21', '35', '34', '49', '30', '43'}
| | +-- , 13 , set() , {'1', '67', '33', '48', '53', '15', '45', '19', '42', '56', '8', '20', '66', '23', '9', '65', '34', '49', '43'}
| | +-- , 15 , set() , {'16', '31', '48', '25', '11', '3', '29', '4', '45', '19', '38', '56', '20', '32', '62', '41', '22', '35', '30', '43'}
| +-- , 7 , {5} , {'16', '31', '67', '11', '55', '53', '0', '61', '2', '4', '24', '45', '8', '17', '20', '9', '62', '41', '63', '58', '35', '30', '18', '1', '28', '33', '44', '25', '3', '64', '48', '37', '54', '27', '47', '57', '29', '38', '12', '32', '50', '23', '66', '59', '21', '34', '49'}
| | +-- , 5 , {0} , {'16', '31', '67', '11', '55', '53', '0', '61', '2', '4', '24', '45', '14', '5', '8', '20', '9', '62', '41', '63', '58', '26', '52', '35', '13', '18', '1', '28', '40', '33', '44', '25', '3', '64', '48', '37', '54', '27', '47', '57', '29', '38', '12', '46', '32', '50', '23', '66', '59', '21', '34', '49'}
| | | +-- , 0 , {17, 3, 19, 21} , {'16', '18', '31', '1', '67', '28', '40', '33', '44', '11', '25', '3', '64', '48', '55', '53', '37', '54', '27', '0', '47', '57', '61', '29', '2', '4', '24', '45', '51', '14', '38', '12', '5', '8', '46', '20', '32', '66', '9', '62', '41', '58', '7', '26', '59', '21', '52', '35', '39', '34', '49', '13'}
| | | | +-- , 17 , set() , {'54', '16', '18', '0', '10', '45', '21', '25', '48', '64', '32', '55'}
| | | | +-- , 3 , set() , {'27', '62', '57', '5', '25', '66', '36', '44', '11', '55', '53', '37'}
| | | | +-- , 19 , set() , {'18', '28', '40', '33', '44', '48', '25', '11', '3', '0', '4', '51', '38', '5', '8', '46', '9', '62', '41', '58', '7', '26', '60', '21', '39', '35', '34', '49'}
| | | | +-- , 21 , set() , {'31', '1', '12', '28', '5', '46', '44', '49', '6', '64', '55'}


Max number of edges with non zero Y: 13
Max number of iterations of outer rounding loop: 1
Max number of candidate sets: 2
Time spent rounding: 0.146
Time spent solving Separator LP: 0.007
Total time spent solving: 0.377

LP Solver: gammaPlusFractionalCoverHeuristic
Number of Rounding Attemps: 8
Lower Bound Witness = ({'16', '18', '31', '10', '1', '67', '28', '33', '40', '44', '11', '25', '3', '64', '48', '55', '53', '37', '54', '27', '0', '47', '57', '61', '15', '29', '2', '4', '24', '45', '19', '51', '14', '38', '12', '42', '56', '5', '8', '46', '17', '6', '20', '32', '50', '23', '66', '9', '65', '62', '41', '63', '58', '7', '26', '59', '60', '21', '39', '35', '52', '34', '49', '30', '22', '36', '43', '13'}, {'9', '0', '1', '7', '6'})