48, 0.9999994999999998, 3.0, 3
+-- , 0 , {75, 3} , {'xL11JL7J', 'xL10JL6J', 'xL9JL6J', 'xL12JL6J', 'xL11JL6J', 'xL13JL6J', 'xL6JL4J', 'xL8JL6J'}
| +-- , 75 , {77} , {'xL10JL7J', 'xL11JL7J', 'xL10JL6J', 'xL9JL6J', 'xL12JL6J', 'xL13JL6J', 'xL6JL4J', 'xL8JL6J'}
| | +-- , 77 , {79} , {'xL10JL6J', 'xL7JL4J', 'xL9JL6J', 'xL9JL4J', 'xL12JL6J', 'xL8JL6J', 'xL10JL7J', 'xL8JL4J', 'xL13JL6J', 'xL6JL4J'}
| | | +-- , 79 , {81} , {'xL13JL6J', 'xL10JL7J', 'xL10JL6J', 'xL7JL4J', 'xL9JL6J', 'xL10JL5J', 'xL9JL4J', 'xL8JL4J', 'xL12JL6J', 'xL8JL6J'}
| | | | +-- , 81 , {83} , {'xL8JL5J', 'xL7JL4J', 'xL9JL6J', 'xL10JL5J', 'xL9JL4J', 'xL7JL5J', 'xL12JL6J', 'xL8JL6J', 'xL9JL5J', 'xL8JL4J', 'xL13JL6J'}
| | | | | +-- , 83 , {85} , {'xL13JL6J', 'xL9JL5J', 'xL9JL2J', 'xL8JL5J', 'xL8JL4J', 'xL9JL6J', 'xL8JL3J', 'xL9JL4J', 'xL9JL3J', 'xL12JL6J', 'xL8JL6J'}
| | | | | | +-- , 85 , {87} , {'xL10JL2J', 'xL13JL2J', 'xL13JL6J', 'xL9JL2J', 'xL11JL2J', 'xL12JL2J', 'xL12JL6J'}
| | | | | | | +-- , 87 , {89, 95} , {'xL10JL2J', 'xL12JL4J', 'xL13JL2J', 'xL12JL3J', 'xL11JL2J', 'xL12JL6J', 'xL12JL2J', 'xL13JL6J'}
| | | | | | | | +-- , 89 , {91, 93} , {'xL10JL2J', 'xL12JL4J', 'xL13JL2J', 'xL12JL3J', 'xL11JL2J', 'xL11JL4J', 'xL11JL3J'}
| | | | | | | | | +-- , 91 , set() , {'xL10JL2J', 'xL10JL1J', 'xL11JL2J', 'xL11JL4J', 'xL11JL3J', 'xL11JL1J'}
| | | | | | | | | +-- , 93 , set() , {'xL13JL3J', 'xL13JL2J', 'xL11JL3J', 'xL12JL3J'}
| | | | | | | | +-- , 95 , set() , {'xL12JL4J', 'xL12JL3J', 'xL13JL6J', 'xL12JL5J', 'xL12JL2J', 'xL12JL6J', 'xL13JL5J'}
| +-- , 3 , {5} , {'xL11JL7J', 'xL11JL8J', 'xL11JL6J', 'xL6JL4J'}
| | +-- , 5 , {7} , {'xL6JL2J', 'xL6JL1J', 'xL11JL8J', 'xL6JL3J', 'xL6JL4J'}
| | | +-- , 7 , {9} , {'xL6JL2J', 'xL6JL1J', 'xL12JL8J', 'xL11JL8J', 'xL13JL8J', 'xL6JL3J'}
| | | | +-- , 9 , {57, 11} , {'xL7JL8J', 'xL6JL2J', 'xL6JL8J', 'xL6JL1J', 'xL12JL8J', 'xL13JL8J', 'xL5JL8J', 'xL6JL3J'}
| | | | | +-- , 57 , {59} , {'xL7JL8J', 'xL6JL8J', 'xL12JL8J', 'xL13JL8J', 'xL5JL8J', 'xL8JL8J'}
| | | | | | +-- , 59 , {61} , {'xL8JL10J', 'xL12JL8J', 'xL8JL9J', 'xL8JL11J', 'xL13JL8J', 'xL8JL8J'}
| | | | | | | +-- , 61 , {63, 71} , {'xL12JL10J', 'xL8JL10J', 'xL12JL8J', 'xL8JL9J', 'xL8JL11J', 'xL13JL8J'}
| | | | | | | | +-- , 63 , {65, 69} , {'xL12JL10J', 'xL9JL10J', 'xL7JL10J', 'xL11JL10J', 'xL8JL10J', 'xL8JL9J', 'xL8JL11J', 'xL10JL10J'}
| | | | | | | | | +-- , 65 , {67} , {'xL9JL10J', 'xL10JL9J', 'xL11JL10J', 'xL8JL9J', 'xL9JL9J', 'xL10JL10J'}
| | | | | | | | | | +-- , 67 , set() , {'xL10JL11J', 'xL10JL9J', 'xL11JL10J', 'xL10JL10J', 'xL11JL11J'}
| | | | | | | | | +-- , 69 , set() , {'xL7JL10J', 'xL7JL11J', 'xL8JL11J'}
| | | | | | | | +-- , 71 , {73} , {'xL12JL10J', 'xL12JL8J', 'xL12JL9J', 'xL13JL8J'}
| | | | | | | | | +-- , 73 , set() , {'xL13JL9J', 'xL12JL9J', 'xL13JL8J'}
| | | | | +-- , 11 , {13, 47} , {'xL7JL8J', 'xL6JL2J', 'xL6JL8J', 'xL6JL1J', 'xL2JL2J', 'xL5JL8J', 'xL6JL3J'}
| | | | | | +-- , 13 , {15} , {'xL2JL3J', 'xL7JL8J', 'xL2JL4J', 'xL6JL8J', 'xL2JL2J', 'xL5JL8J'}
| | | | | | | +-- , 15 , {17, 45} , {'xL2JL3J', 'xL7JL8J', 'xL2JL4J', 'xL6JL8J', 'xL3JL4J', 'xL5JL8J'}
| | | | | | | | +-- , 17 , {19} , {'xL7JL8J', 'xL6JL8J', 'xL3JL5J', 'xL3JL4J', 'xL5JL8J', 'xL3JL6J'}
| | | | | | | | | +-- , 19 , {21} , {'xL7JL8J', 'xL6JL8J', 'xL4JL5J', 'xL3JL5J', 'xL5JL8J', 'xL3JL6J'}
| | | | | | | | | | +-- , 21 , {23} , {'xL4JL7J', 'xL7JL8J', 'xL4JL6J', 'xL6JL8J', 'xL4JL5J', 'xL5JL8J', 'xL3JL6J'}
| | | | | | | | | | | +-- , 23 , {25} , {'xL4JL7J', 'xL7JL8J', 'xL4JL6J', 'xL6JL8J', 'xL2JL6J', 'xL6JL6J', 'xL1JL6J', 'xL5JL8J', 'xL3JL6J', 'xL5JL6J'}
| | | | | | | | | | | | +-- , 25 , {27} , {'xL7JL7J', 'xL6JL8J', 'xL5JL7J', 'xL5JL6J', 'xL4JL7J', 'xL7JL8J', 'xL6JL7J', 'xL6JL6J', 'xL1JL6J', 'xL5JL8J', 'xL2JL6J'}
| | | | | | | | | | | | | +-- , 27 , {29} , {'xL5JL10J', 'xL6JL9J', 'xL5JL9J', 'xL6JL7J', 'xL6JL8J', 'xL2JL6J', 'xL5JL7J', 'xL6JL6J', 'xL1JL6J', 'xL5JL8J', 'xL5JL6J'}
| | | | | | | | | | | | | | +-- , 29 , {31} , {'xL5JL10J', 'xL3JL10J', 'xL1JL10J', 'xL4JL10J', 'xL1JL6J', 'xL2JL10J', 'xL2JL6J'}
| | | | | | | | | | | | | | | +-- , 31 , {33} , {'xL1JL7J', 'xL3JL10J', 'xL1JL10J', 'xL4JL10J', 'xL1JL6J', 'xL2JL10J', 'xL2JL6J'}
| | | | | | | | | | | | | | | | +-- , 33 , {35} , {'xL1JL7J', 'xL3JL10J', 'xL1JL10J', 'xL4JL10J', 'xL2JL7J', 'xL2JL10J', 'xL2JL6J'}
| | | | | | | | | | | | | | | | | +-- , 35 , {37} , {'xL3JL10J', 'xL1JL10J', 'xL4JL10J', 'xL2JL7J', 'xL2JL9J', 'xL2JL8J', 'xL2JL10J', 'xL2JL6J'}
| | | | | | | | | | | | | | | | | | +-- , 37 , {43, 39} , {'xL3JL9J', 'xL3JL10J', 'xL1JL10J', 'xL4JL10J', 'xL2JL9J', 'xL2JL8J'}
| | | | | | | | | | | | | | | | | | | +-- , 43 , set() , {'xL3JL9J', 'xL2JL9J', 'xL1JL9J', 'xL1JL10J'}
| | | | | | | | | | | | | | | | | | | +-- , 39 , {41} , {'xL3JL8J', 'xL3JL9J', 'xL2JL8J', 'xL3JL10J', 'xL4JL10J', 'xL3JL11J'}
| | | | | | | | | | | | | | | | | | | | +-- , 41 , set() , {'xL4JL10J', 'xL4JL11J', 'xL3JL11J'}
| | | | | | | | +-- , 45 , set() , {'xL2JL3J', 'xL2JL4J', 'xL1JL4J', 'xL3JL4J', 'xL1JL3J'}
| | | | | | +-- , 47 , {49, 55} , {'xL5JL2J', 'xL7JL2J', 'xL4JL2J', 'xL6JL2J', 'xL3JL2J', 'xL6JL1J', 'xL2JL2J', 'xL6JL3J'}
| | | | | | | +-- , 49 , {51} , {'xL5JL2J', 'xL5JL3J', 'xL4JL2J', 'xL3JL2J', 'xL4JL3J', 'xL6JL3J'}
| | | | | | | | +-- , 51 , {53} , {'xL4JL1J', 'xL4JL2J', 'xL3JL2J', 'xL4JL3J'}
| | | | | | | | | +-- , 53 , set() , {'xL4JL1J', 'xL3JL1J', 'xL3JL2J'}
| | | | | | | +-- , 55 , set() , {'xL7JL2J', 'xL6JL1J', 'xL7JL1J'}


Max number of edges with non zero Y: 4
Max number of iterations of outer rounding loop: 3
Max number of candidate sets: 2
Time spent rounding: 24.240
Time spent solving Separator LP: 0.781
Total time spent solving: 34.290

LP Solver: GaifmanNormal
Lower Bound Witness = ({'xL12JL10J', 'xL7JL10J', 'xL5JL10J', 'xL12JL2J', 'xL13JL9J', 'xL10JL9J', 'xL10JL7J', 'xL10JL1J', 'xL7JL11J', 'xL2JL10J', 'xL11JL7J', 'xL8JL10J', 'xL7JL4J', 'xL11JL3J', 'xL4JL5J', 'xL5JL9J', 'xL13JL5J', 'xL8JL6J', 'xL10JL11J', 'xL12JL3J', 'xL6JL2J', 'xL4JL6J', 'xL9JL5J', 'xL11JL6J', 'xL10JL10J', 'xL10JL6J', 'xL3JL2J', 'xL8JL3J', 'xL1JL4J', 'xL13JL8J', 'xL2JL3J', 'xL1JL7J', 'xL7JL8J', 'xL6JL1J', 'xL6JL6J', 'xL13JL3J', 'xL1JL6J', 'xL9JL3J', 'xL8JL4J', 'xL13JL6J', 'xL2JL6J', 'xL7JL2J', 'xL9JL2J', 'xL6JL8J', 'xL4JL10J', 'xL3JL8J', 'xL9JL6J', 'xL8JL9J', 'xL9JL4J', 'xL3JL9J', 'xL5JL3J', 'xL2JL9J', 'xL5JL8J', 'xL1JL3J', 'xL3JL11J', 'xL11JL2J', 'xL4JL3J', 'xL5JL7J', 'xL7JL5J', 'xL12JL6J', 'xL9JL9J', 'xL11JL11J', 'xL4JL7J', 'xL6JL7J', 'xL12JL5J', 'xL12JL8J', 'xL3JL4J', 'xL6JL4J', 'xL7JL7J', 'xL8JL5J', 'xL1JL9J', 'xL2JL8J', 'xL5JL6J', 'xL8JL8J', 'xL2JL4J', 'xL11JL8J', 'xL2JL2J', 'xL3JL5J', 'xL1JL10J', 'xL3JL1J', 'xL8JL11J', 'xL7JL1J', 'xL3JL6J', 'xL4JL2J', 'xL4JL11J', 'xL11JL4J', 'xL4JL1J', 'xL5JL2J', 'xL9JL10J', 'xL10JL2J', 'xL13JL2J', 'xL11JL10J', 'xL2JL7J', 'xL10JL5J', 'xL6JL3J', 'xL12JL4J', 'xL6JL9J', 'xL3JL10J', 'xL12JL9J', 'xL11JL1J'}, {'xL9JL6J', 'xL4JL3J', 'xL2JL10J', 'xL12JL2J'})