23, 2.5471633996855623, 6.5, 7
+-- , 0 , {1} , {'xL1J', 'xL28J'}
| +-- , 1 , {3, 39, 43, 11, 45, 47} , {'xL25J', 'xL21J', 'xL10J', 'xL22J', 'xL19J', 'xL7J', 'xL23J', 'xL17J', 'xL6J', 'xL37J', 'xL33J', 'xL13J', 'xL26J'}
| | +-- , 3 , {5} , {'xL21J', 'xL10J', 'xL22J', 'xL16J', 'xL17J', 'xL23J', 'xL26J'}
| | | +-- , 5 , set() , {'xL10J', 'xL16J', 'xL38J', 'xL21J'}
| | +-- , 39 , {41} , {'xL21J', 'xL10J', 'xL22J', 'xL7J', 'xL17J', 'xL6J', 'xL8J', 'xL33J', 'xL13J', 'xL36J'}
| | | +-- , 41 , set() , {'xL21J', 'xL2J', 'xL22J', 'xL7J', 'xL8J', 'xL36J'}
| | +-- , 43 , set() , {'xL10J', 'xL22J', 'xL21J', 'xL27J'}
| | +-- , 11 , {37, 13} , {'xL25J', 'xL21J', 'xL19J', 'xL7J', 'xL17J', 'xL6J', 'xL37J', 'xL23J', 'xL13J', 'xL29J', 'xL26J'}
| | | +-- , 37 , set() , {'xL25J', 'xL14J', 'xL29J', 'xL23J'}
| | | +-- , 13 , {15} , {'xL25J', 'xL7J', 'xL31J', 'xL21J', 'xL19J', 'xL0J', 'xL17J', 'xL6J', 'xL37J', 'xL23J', 'xL13J', 'xL29J'}
| | | | +-- , 15 , {17, 21} , {'xL25J', 'xL7J', 'xL15J', 'xL31J', 'xL21J', 'xL19J', 'xL0J', 'xL17J', 'xL6J', 'xL23J', 'xL13J'}
| | | | | +-- , 17 , {19} , {'xL15J', 'xL31J', 'xL17J', 'xL6J', 'xL39J', 'xL20J'}
| | | | | | +-- , 19 , set() , {'xL39J', 'xL18J'}
| | | | | +-- , 21 , {23} , {'xL34J', 'xL21J', 'xL0J', 'xL7J', 'xL15J', 'xL31J', 'xL6J', 'xL23J', 'xL13J'}
| | | | | | +-- , 23 , {25} , {'xL34J', 'xL21J', 'xL12J', 'xL0J', 'xL7J', 'xL15J', 'xL31J', 'xL23J'}
| | | | | | | +-- , 25 , {33, 35, 27, 31} , {'xL21J', 'xL12J', 'xL0J', 'xL7J', 'xL15J', 'xL31J', 'xL23J', 'xL35J'}
| | | | | | | | +-- , 33 , set() , {'xL5J', 'xL35J'}
| | | | | | | | +-- , 35 , set() , {'xL4J', 'xL35J'}
| | | | | | | | +-- , 27 , {29} , {'xL21J', 'xL32J', 'xL11J', 'xL0J', 'xL15J', 'xL31J', 'xL23J', 'xL35J'}
| | | | | | | | | +-- , 29 , set() , {'xL11J', 'xL0J', 'xL35J', 'xL24J'}
| | | | | | | | +-- , 31 , set() , {'xL12J', 'xL9J', 'xL35J'}
| | +-- , 45 , set() , {'xL33J', 'xL25J', 'xL22J', 'xL30J'}
| | +-- , 47 , set() , {'xL3J', 'xL33J'}


Max number of edges with non zero Y: 23
Max number of iterations of outer rounding loop: 7
Max number of candidate sets: 2
Time spent rounding: 23.760
Time spent solving Separator LP: 0.364

LP Solver: GaifmanNormal