20, 5.0, 7.0, 7
+-- , 0 , {32, 34, 7, 36, 43, 38, 40, 42} , {'xL21J', 'xL16J', 'xL39J', 'xL11J', 'xL12J', 'xL0J', 'xL7J', 'xL15J', 'xL23J', 'xL17J', 'xL33J', 'xL35J', 'xL26J'}
| +-- , 32 , set() , {'xL11J', 'xL0J', 'xL35J', 'xL24J'}
| +-- , 34 , set() , {'xL4J', 'xL35J'}
| +-- , 7 , {9, 30} , {'xL23J', 'xL21J', 'xL16J', 'xL39J', 'xL20J', 'xL11J', 'xL12J', 'xL0J', 'xL7J', 'xL15J', 'xL17J', 'xL31J', 'xL33J', 'xL26J'}
| | +-- , 9 , {11} , {'xL16J', 'xL12J', 'xL7J', 'xL15J', 'xL31J', 'xL33J', 'xL34J', 'xL21J', 'xL20J', 'xL0J', 'xL17J', 'xL6J', 'xL23J', 'xL26J'}
| | | +-- , 11 , {18, 14} , {'xL25J', 'xL16J', 'xL7J', 'xL15J', 'xL31J', 'xL33J', 'xL34J', 'xL21J', 'xL19J', 'xL0J', 'xL17J', 'xL6J', 'xL23J', 'xL26J'}
| | | | +-- , 18 , {28, 20} , {'xL25J', 'xL16J', 'xL7J', 'xL33J', 'xL30J', 'xL34J', 'xL21J', 'xL2J', 'xL22J', 'xL19J', 'xL17J', 'xL6J'}
| | | | | +-- , 28 , set() , {'xL17J', 'xL6J', 'xL36J', 'xL2J'}
| | | | | +-- , 20 , {22} , {'xL34J', 'xL25J', 'xL21J', 'xL2J', 'xL16J', 'xL22J', 'xL19J', 'xL7J', 'xL33J', 'xL13J'}
| | | | | | +-- , 22 , {24, 26} , {'xL33J', 'xL21J', 'xL2J', 'xL10J', 'xL16J', 'xL22J', 'xL19J', 'xL7J', 'xL8J', 'xL13J'}
| | | | | | | +-- , 24 , set() , {'xL10J', 'xL22J', 'xL21J', 'xL27J'}
| | | | | | | +-- , 26 , set() , {'xL10J', 'xL16J', 'xL38J', 'xL21J'}
| | | | +-- , 14 , {16} , {'xL25J', 'xL0J', 'xL23J', 'xL31J', 'xL6J', 'xL37J', 'xL14J', 'xL26J'}
| | | | | +-- , 16 , set() , {'xL0J', 'xL37J', 'xL14J', 'xL29J', 'xL26J'}
| | +-- , 30 , set() , {'xL11J', 'xL32J', 'xL21J', 'xL31J'}
| +-- , 36 , set() , {'xL12J', 'xL9J', 'xL35J'}
| +-- , 43 , set() , {'xL1J', 'xL28J'}
| +-- , 38 , set() , {'xL3J', 'xL33J'}
| +-- , 40 , set() , {'xL39J', 'xL18J'}
| +-- , 42 , set() , {'xL5J', 'xL35J'}


Max number of edges with non zero Y: 5
Max number of iterations of outer rounding loop: 0
Max number of candidate sets: 0
Time spent rounding: 0.000
Time spent solving Separator LP: 8.584

LP Solver: GaifmanNormalILP