13, 2.1202883652180318, 6.0, 6
+-- , 0 , {5, 22, 24, 26, 28, 30} , {'68', '28', '11', '30', '65', '67', '1', '59', '24', '0', '36', '73', '22', '44', '25', '63', '12', '45', '43', '4', '60', '39', '57', '62', '70', '69', '27'}
| +-- , 5 , {7} , {'68', '28', '11', '73', '4', '39', '57', '45', '70', '1', '30', '9', '65', '0', '24', '59', '22', '25', '63', '12', '43', '27', '62'}
| | +-- , 7 , {9, 20} , {'28', '11', '9', '2', '65', '0', '24', '59', '72', '73', '22', '25', '63', '12', '43', '4', '39', '57', '62', '70', '27'}
| | | +-- , 9 , {16, 18, 14} , {'28', '32', '11', '74', '75', '9', '2', '65', '0', '24', '59', '72', '73', '25', '63', '12', '43', '4', '21', '39', '57', '62', '70', '27'}
| | | | +-- , 16 , set() , {'28', '3', '2', '72', '34', '8', '39', '57', '7', '70', '62', '32', '75', '58', '0', '59', '66', '12', '26'}
| | | | +-- , 18 , set() , {'31', '63', '9', '21', '62', '70'}
| | | | +-- , 14 , set() , {'46', '41', '32', '74', '63', '11', '14', '9', '35', '6', '54', '65', '4', '0', '43', '39', '62', '73'}
| | | +-- , 20 , set() , {'53', '22', '28', '2', '39', '72'}
| +-- , 22 , set() , {'22', '37', '45', '56', '65', '57'}
| +-- , 24 , set() , {'25', '15', '59', '43', '61', '1'}
| +-- , 26 , set() , {'52', '45', '65', '43', '57', '33'}
| +-- , 28 , set() , {'25', '49', '30', '20', '47', '60'}
| +-- , 30 , set() , {'64', '40', '59', '45', '1', '27'}


Max number of edges with non zero Y: 15
Max number of iterations of outer rounding loop: 7
Max number of candidate sets: 2
Time spent rounding: 26.910
Time spent solving Separator LP: 3.496

LP Solver: GaifmanBoosted19, 2.0491506095306775, 6.5, 7
+-- , 0 , {3, 36, 38} , {'34', '7', '11', '9', '0', '59', '27', '31', '72', '32', '28', '70', '21', '40', '46', '4', '64', '60', '1', '45', '75', '57', '65', '62'}
| +-- , 3 , {5} , {'7', '11', '9', '27', '70', '21', '4', '1', '45', '75', '57', '65', '34', '0', '59', '31', '72', '54', '32', '63', '46', '60', '28', '62'}
| | +-- , 5 , {34, 7} , {'7', '11', '9', '27', '70', '4', '1', '45', '75', '57', '65', '34', '0', '59', '39', '72', '54', '32', '12', '63', '46', '8', '60', '28', '62'}
| | | +-- , 34 , set() , {'46', '41', '39', '32', '65', '14'}
| | | +-- , 7 , {10} , {'7', '11', '9', '27', '70', '4', '1', '45', '75', '57', '65', '34', '0', '59', '39', '72', '54', '12', '63', '25', '60', '24', '74', '28', '62'}
| | | | +-- , 10 , {32, 20, 12} , {'34', '7', '11', '9', '0', '59', '30', '39', '72', '54', '28', '70', '12', '63', '4', '25', '60', '1', '24', '45', '74', '57', '65', '62'}
| | | | | +-- , 32 , set() , {'49', '60', '25', '47', '30', '20'}
| | | | | +-- , 20 , {22} , {'34', '68', '7', '9', '30', '39', '72', '70', '65', '1', '45', '57', '28', '62'}
| | | | | | +-- , 22 , {24, 26, 28, 30} , {'34', '68', '7', '28', '45', '22', '39', '2', '72', '57', '65', '70'}
| | | | | | | +-- , 24 , set() , {'68', '44', '67', '36', '22', '65'}
| | | | | | | +-- , 26 , set() , {'34', '7', '2', '58', '28', '70'}
| | | | | | | +-- , 28 , set() , {'37', '56', '45', '22', '57', '65'}
| | | | | | | +-- , 30 , set() , {'53', '22', '39', '2', '72', '28'}
| | | | | +-- , 12 , {16, 18, 14} , {'43', '11', '9', '0', '59', '30', '39', '54', '70', '33', '12', '63', '4', '25', '1', '24', '45', '74', '52', '57', '65', '62'}
| | | | | | +-- , 16 , set() , {'43', '61', '15', '25', '1', '59'}
| | | | | | +-- , 18 , set() , {'63', '43', '30', '39', '69', '70'}
| | | | | | +-- , 14 , set() , {'12', '63', '35', '43', '4', '25', '11', '73', '0', '74', '9', '24', '6', '54', '62'}
| +-- , 36 , set() , {'3', '7', '66', '32', '62', '70'}
| +-- , 38 , set() , {'34', '26', '72', '75', '57'}


Max number of edges with non zero Y: 15
Max number of iterations of outer rounding loop: 6
Max number of candidate sets: 2
Time spent rounding: 7.886
Time spent solving Separator LP: 1.025

LP Solver: GaifmanBoosted