21, 4.0, 4.428571428571429, 5
+-- , 0 , {3, 39, 25, 41} , {'62', '68', '74', '70', '30', '75', '9', '65', '0', '24', '59', '8', '25', '12', '57', '60', '39', '45', '7', '1'}
| +-- , 3 , {5, 23} , {'62', '52', '74', '70', '30', '9', '65', '0', '24', '59', '33', '25', '12', '57', '43', '39', '45', '7', '1'}
| | +-- , 5 , {21, 7} , {'74', '30', '9', '0', '65', '24', '59', '7', '25', '63', '12', '43', '39', '62', '70'}
| | | +-- , 21 , set() , {'63', '30', '43', '39', '70', '69'}
| | | +-- , 7 , {9} , {'31', '74', '9', '0', '65', '24', '59', '7', '25', '63', '12', '43', '21', '39', '62', '70'}
| | | | +-- , 9 , {11, 19} , {'32', '74', '9', '0', '65', '24', '59', '7', '25', '63', '12', '43', '21', '39', '62', '70'}
| | | | | +-- , 11 , {13} , {'32', '74', '11', '9', '65', '0', '24', '59', '73', '25', '63', '12', '6', '43', '21', '39', '62'}
| | | | | | +-- , 13 , {17, 15} , {'46', '32', '74', '11', '65', '0', '24', '73', '25', '63', '12', '6', '54', '4', '39', '62'}
| | | | | | | +-- , 17 , set() , {'46', '41', '32', '14', '65', '39'}
| | | | | | | +-- , 15 , set() , {'74', '63', '35', '6', '54', '62'}
| | | | | +-- , 19 , set() , {'32', '3', '66', '62', '70', '7'}
| | +-- , 23 , set() , {'25', '15', '59', '43', '61', '1'}
| +-- , 39 , set() , {'64', '25', '74', '75', '40', '59', '1', '24', '45', '70', '27'}
| +-- , 25 , {27} , {'68', '28', '75', '0', '65', '7', '57', '60', '39', '45', '62', '70'}
| | +-- , 27 , {33, 35, 37, 29, 31} , {'34', '22', '68', '28', '75', '45', '2', '65', '39', '57', '7', '70', '72'}
| | | +-- , 33 , set() , {'22', '68', '44', '65', '67', '36'}
| | | +-- , 35 , set() , {'34', '28', '58', '2', '7', '70'}
| | | +-- , 37 , set() , {'53', '22', '28', '2', '39', '72'}
| | | +-- , 29 , set() , {'22', '37', '45', '56', '65', '57'}
| | | +-- , 31 , set() , {'34', '75', '57', '26', '72'}
| +-- , 41 , set() , {'25', '49', '30', '20', '47', '60'}


Max number of edges with non zero Y: 5
Max number of iterations of outer rounding loop: 0
Max number of candidate sets: 0
Time spent rounding: 0.000
Time spent solving Separator LP: 14.665

LP Solver: GaifmanNormalILP20, 4.0, 7.0, 7
+-- , 0 , {7, 41, 43, 45} , {'43', '11', '73', '9', '59', '0', '27', '28', '12', '63', '4', '25', '60', '1', '24', '45', '6', '57', '65', '62'}
| +-- , 7 , {10} , {'43', '11', '41', '9', '27', '4', '1', '45', '6', '57', '65', '0', '59', '39', '32', '12', '63', '46', '25', '60', '24', '14', '28', '62'}
| | +-- , 10 , {13} , {'43', '11', '9', '27', '4', '1', '45', '6', '75', '57', '65', '34', '26', '0', '59', '39', '72', '32', '12', '63', '46', '25', '60', '24', '28', '62'}
| | | +-- , 13 , {17, 39, 15} , {'43', '11', '9', '27', '70', '4', '1', '45', '6', '75', '57', '65', '34', '0', '59', '39', '72', '32', '12', '63', '46', '25', '60', '24', '28', '62'}
| | | | +-- , 17 , {33, 35, 37, 19, 31} , {'34', '43', '7', '9', '0', '59', '30', '39', '72', '32', '28', '70', '12', '63', '25', '60', '1', '45', '57', '65', '62'}
| | | | | +-- , 33 , set() , {'12', '7', '8', '0', '59', '39'}
| | | | | +-- , 35 , set() , {'3', '7', '66', '32', '62', '70'}
| | | | | +-- , 37 , set() , {'49', '60', '25', '47', '30', '20'}
| | | | | +-- , 19 , {21} , {'34', '68', '7', '9', '30', '39', '72', '70', '65', '1', '45', '57', '28', '62'}
| | | | | | +-- , 21 , {23, 25, 27, 29} , {'34', '68', '7', '28', '45', '22', '39', '2', '72', '57', '65', '70'}
| | | | | | | +-- , 23 , set() , {'68', '44', '67', '36', '22', '65'}
| | | | | | | +-- , 25 , set() , {'34', '7', '2', '58', '28', '70'}
| | | | | | | +-- , 27 , set() , {'37', '56', '45', '22', '57', '65'}
| | | | | | | +-- , 29 , set() , {'53', '22', '39', '2', '72', '28'}
| | | | | +-- , 31 , set() , {'63', '43', '30', '39', '69', '70'}
| | | | +-- , 39 , set() , {'63', '65', '21', '11', '9', '59', '31', '32', '62', '70'}
| | | | +-- , 15 , set() , {'63', '46', '35', '4', '25', '11', '0', '74', '24', '6', '27', '54', '75', '32', '62', '70'}
| +-- , 41 , set() , {'43', '61', '15', '25', '1', '59'}
| +-- , 43 , set() , {'43', '45', '52', '57', '65', '33'}
| +-- , 45 , set() , {'40', '64', '1', '59', '45', '27'}


Max number of edges with non zero Y: 4
Max number of iterations of outer rounding loop: 0
Max number of candidate sets: 0
Time spent rounding: 0.000
Time spent solving Separator LP: 9.448

LP Solver: GaifmanNormalILP