23, 2.942312053920221, 7.0, 7
+-- , 0 , {3, 37, 41, 43, 45} , {'xL4J', 'xL30J', 'xL5J', 'xL32J', 'xL13J', 'xL38J', 'xL19J', 'xL22J', 'xL16J', 'xL20J', 'xL12J', 'xL2J', 'xL29J'}
| +-- , 3 , {5} , {'xL30J', 'xL13J', 'xL19J', 'xL16J', 'xL20J', 'xL12J', 'xL4J', 'xL32J', 'xL38J', 'xL22J', 'xL2J', 'xL35J', 'xL29J'}
| | +-- , 5 , {9, 11, 15} , {'xL30J', 'xL13J', 'xL19J', 'xL16J', 'xL6J', 'xL20J', 'xL12J', 'xL32J', 'xL28J', 'xL38J', 'xL26J', 'xL2J', 'xL35J', 'xL29J'}
| | | +-- , 9 , set() , {'xL1J', 'xL28J', 'xL13J', 'xL29J'}
| | | +-- , 11 , {13} , {'xL30J', 'xL28J', 'xL26J', 'xL10J', 'xL20J', 'xL12J', 'xL2J'}
| | | | +-- , 13 , set() , {'xL10J', 'xL28J', 'xL26J', 'xL8J'}
| | | +-- , 15 , {17, 35} , {'xL30J', 'xL13J', 'xL19J', 'xL16J', 'xL6J', 'xL12J', 'xL28J', 'xL32J', 'xL38J', 'xL26J', 'xL35J', 'xL2J', 'xL0J', 'xL29J'}
| | | | +-- , 17 , {33, 19, 25} , {'xL30J', 'xL0J', 'xL28J', 'xL32J', 'xL38J', 'xL19J', 'xL12J', 'xL9J', 'xL16J', 'xL35J', 'xL6J', 'xL2J', 'xL11J', 'xL13J'}
| | | | | +-- , 33 , set() , {'xL25J', 'xL0J', 'xL11J', 'xL12J', 'xL35J'}
| | | | | +-- , 19 , {21, 23} , {'xL30J', 'xL28J', 'xL32J', 'xL3J', 'xL19J', 'xL9J', 'xL12J', 'xL16J', 'xL11J'}
| | | | | | +-- , 21 , set() , {'xL28J', 'xL3J', 'xL9J', 'xL16J', 'xL34J'}
| | | | | | +-- , 23 , set() , {'xL12J', 'xL3J', 'xL39J'}
| | | | | +-- , 25 , {27} , {'xL28J', 'xL38J', 'xL31J', 'xL9J', 'xL12J', 'xL13J'}
| | | | | | +-- , 27 , {29} , {'xL9J', 'xL38J', 'xL31J', 'xL13J', 'xL27J'}
| | | | | | | +-- , 29 , {31} , {'xL9J', 'xL7J', 'xL38J', 'xL27J'}
| | | | | | | | +-- , 31 , set() , {'xL36J', 'xL7J'}
| | | | +-- , 35 , set() , {'xL30J', 'xL28J', 'xL37J', 'xL12J', 'xL18J', 'xL16J', 'xL6J', 'xL2J', 'xL0J'}
| +-- , 37 , {39} , {'xL4J', 'xL17J', 'xL13J'}
| | +-- , 39 , set() , {'xL21J', 'xL17J'}
| +-- , 41 , set() , {'xL24J', 'xL38J', 'xL33J', 'xL12J', 'xL2J'}
| +-- , 43 , set() , {'xL14J', 'xL22J', 'xL16J', 'xL20J', 'xL12J', 'xL29J'}
| +-- , 45 , {47} , {'xL4J', 'xL30J', 'xL23J', 'xL19J', 'xL22J', 'xL13J'}
| | +-- , 47 , set() , {'xL23J', 'xL19J', 'xL15J', 'xL30J'}


Max number of edges with non zero Y: 35
Max number of iterations of outer rounding loop: 5
Max number of candidate sets: 2
Time spent rounding: 25.980
Time spent solving Separator LP: 1.179

LP Solver: GaifmanBoosted