70, 3.354180752835093, 11.0, 11
+-- , 0 , {129, 133, 5, 137, 141, 143, 91, 99, 103, 105, 107, 111, 117, 123, 125} , {'zL62J', 'zL74J', 'xL3J', 'zL31J', 'xL4J', 'zL4J', 'zL36J', 'zL6J', 'xL5J', 'zL61J', 'xL8J', 'zL34J', 'zL33J', 'xL2J', 'zL42J', 'xL7J', 'xL9J', 'zL17J', 'zL60J', 'zL37J', 'zL58J'}
| +-- , 129 , {131} , {'zL62J', 'xL5J', 'zL63J', 'xL8J'}
| | +-- , 131 , set() , {'zL63J', 'xL5J', 'w18'}
| +-- , 133 , {135} , {'zL34J', 'xL2J', 'xL4J', 'zL35J'}
| | +-- , 135 , set() , {'zL35J', 'w11', 'xL4J'}
| +-- , 5 , {89, 7} , {'zL74J', 'xL3J', 'xL4J', 'zL4J', 'zL36J', 'zL6J', 'xL5J', 'xL8J', 'zL33J', 'zL66J', 'xL2J', 'xL7J', 'zL17J', 'xL9J', 'zL5J', 'zL67J', 'zL58J'}
| | +-- , 89 , set() , {'w19', 'xL7J', 'zL67J'}
| | +-- , 7 , {9, 87} , {'zL74J', 'xL3J', 'zL18J', 'xL1J', 'xL4J', 'zL2J', 'zL4J', 'zL36J', 'xL5J', 'xL8J', 'zL33J', 'zL66J', 'xL2J', 'zL3J', 'xL7J', 'xL9J', 'zL17J', 'zL5J', 'zL58J'}
| | | +-- , 9 , {11} , {'zL18J', 'xL3J', 'zL74J', 'xL1J', 'xL4J', 'zL36J', 'xL5J', 'yL6J', 'xL8J', 'zL24J', 'zL33J', 'zL66J', 'xL2J', 'zL3J', 'xL7J', 'xL9J', 'zL58J'}
| | | | +-- , 11 , {81, 83, 85, 15, 79} , {'zL18J', 'zL74J', 'xL3J', 'xL1J', 'xL4J', 'yL9J', 'zL36J', 'xL5J', 'xL6J', 'xL8J', 'zL24J', 'zL33J', 'zL66J', 'xL2J', 'zL3J', 'xL7J', 'xL9J', 'zL56J', 'zL58J'}
| | | | | +-- , 81 , set() , {'yL5J', 'xL2J', 'zL21J', 'xL1J', 'xL4J', 'w8', 'zL20J', 'zL23J', 'xL6J', 'zL22J', 'xL8J'}
| | | | | +-- , 83 , set() , {'w3', 'zL3J', 'xL6J'}
| | | | | +-- , 85 , set() , {'yL14J', 'xL5J', 'zL56J'}
| | | | | +-- , 15 , {17} , {'zL65J', 'zL74J', 'xL3J', 'xL1J', 'xL4J', 'xL5J', 'xL6J', 'xL8J', 'zL24J', 'zL33J', 'zL57J', 'zL66J', 'xL2J', 'xL7J', 'xL9J', 'zL25J', 'zL56J', 'zL58J'}
| | | | | | +-- , 17 , {19} , {'zL65J', 'zL74J', 'xL3J', 'xL1J', 'xL4J', 'xL5J', 'zL73J', 'zL64J', 'xL6J', 'xL8J', 'zL33J', 'zL57J', 'xL2J', 'xL7J', 'xL9J', 'zL25J', 'zL58J'}
| | | | | | | +-- , 19 , {77, 21} , {'xL3J', 'xL1J', 'xL4J', 'yL2J', 'xL5J', 'zL45J', 'zL73J', 'zL64J', 'xL6J', 'xL8J', 'zL33J', 'zL57J', 'zL8J', 'xL2J', 'zL55J', 'zL25J', 'xL9J', 'xL7J', 'w16', 'zL44J', 'zL58J'}
| | | | | | | | +-- , 77 , set() , {'xL1J', 'zL44J', 'yL11J'}
| | | | | | | | +-- , 21 , {65, 35, 67, 41, 49, 29, 23, 59, 61, 31} , {'xL0J', 'xL3J', 'xL1J', 'xL4J', 'xL5J', 'zL45J', 'zL73J', 'zL64J', 'xL6J', 'xL8J', 'zL33J', 'zL57J', 'zL8J', 'xL2J', 'zL55J', 'zL25J', 'xL9J', 'xL7J', 'zL58J'}
| | | | | | | | | +-- , 65 , set() , {'zL64J', 'xL0J', 'yL16J'}
| | | | | | | | | +-- , 35 , {37} , {'zL26J', 'xL0J', 'xL7J', 'xL3J', 'zL25J'}
| | | | | | | | | | +-- , 37 , {39} , {'zL26J', 'xL7J', 'xL3J', 'zL27J'}
| | | | | | | | | | | +-- , 39 , set() , {'w9', 'zL27J', 'xL3J'}
| | | | | | | | | +-- , 67 , {73, 69} , {'xL0J', 'zL13J', 'xL1J', 'xL4J', 'zL14J', 'xL7J', 'xL8J'}
| | | | | | | | | | +-- , 73 , {75} , {'zL14J', 'zL15J', 'xL7J', 'xL8J'}
| | | | | | | | | | | +-- , 75 , set() , {'zL15J', 'w6', 'xL8J'}
| | | | | | | | | | +-- , 69 , {71} , {'zL13J', 'xL1J', 'xL4J', 'zL12J'}
| | | | | | | | | | | +-- , 71 , set() , {'xL1J', 'yL3J', 'zL12J'}
| | | | | | | | | +-- , 41 , {43} , {'xL0J', 'xL3J', 'xL2J', 'xL1J', 'zL55J', 'zL54J'}
| | | | | | | | | | +-- , 43 , {45} , {'zL53J', 'xL0J', 'xL3J', 'xL1J', 'zL54J'}
| | | | | | | | | | | +-- , 45 , {47} , {'zL53J', 'xL0J', 'zL52J', 'xL1J'}
| | | | | | | | | | | | +-- , 47 , set() , {'yL13J', 'xL1J', 'zL52J'}
| | | | | | | | | +-- , 49 , {51, 55} , {'zL70J', 'xL0J', 'xL3J', 'xL1J', 'xL4J', 'zL69J', 'xL5J'}
| | | | | | | | | | +-- , 51 , {53} , {'xL0J', 'zL68J', 'xL1J', 'zL69J'}
| | | | | | | | | | | +-- , 53 , set() , {'zL68J', 'yL17J', 'xL0J'}
| | | | | | | | | | +-- , 55 , {57} , {'zL70J', 'xL5J', 'xL3J', 'zL71J'}
| | | | | | | | | | | +-- , 57 , set() , {'w20', 'zL71J', 'xL3J'}
| | | | | | | | | +-- , 29 , set() , {'zL33J', 'xL0J', 'yL8J', 'zL32J', 'xL8J'}
| | | | | | | | | +-- , 23 , {25} , {'xL0J', 'zL45J', 'zL46J', 'xL4J', 'xL8J'}
| | | | | | | | | | +-- , 25 , {27} , {'zL46J', 'xL4J', 'zL47J', 'xL8J'}
| | | | | | | | | | | +-- , 27 , set() , {'xL4J', 'zL47J', 'w14'}
| | | | | | | | | +-- , 59 , set() , {'zL51J', 'xL0J', 'yL12J', 'xL2J', 'zL50J', 'w15', 'zL48J', 'xL9J', 'xL5J', 'zL49J', 'xL8J'}
| | | | | | | | | +-- , 61 , {63} , {'xL0J', 'zL72J', 'xL9J', 'zL73J'}
| | | | | | | | | | +-- , 63 , set() , {'yL18J', 'xL0J', 'zL72J'}
| | | | | | | | | +-- , 31 , {33} , {'xL0J', 'zL8J', 'zL11J', 'w5', 'xL7J', 'xL6J', 'zL9J', 'xL8J'}
| | | | | | | | | | +-- , 33 , set() , {'zL11J', 'zL10J', 'xL6J', 'zL9J', 'xL8J'}
| | | | | +-- , 79 , set() , {'zL19J', 'zL18J', 'xL3J', 'xL6J', 'w7'}
| | | +-- , 87 , set() , {'zL1J', 'xL2J', 'zL2J', 'xL1J', 'zL0J', 'yL0J', 'xL8J'}
| +-- , 137 , {139} , {'zL6J', 'xL5J', 'zL7J', 'xL4J'}
| | +-- , 139 , set() , {'w4', 'zL7J', 'xL4J'}
| +-- , 141 , set() , {'zL60J', 'yL15J', 'xL4J'}
| +-- , 143 , set() , {'xL2J', 'zL31J', 'w10'}
| +-- , 91 , {93} , {'xL3J', 'zL31J', 'xL4J', 'zL30J', 'xL5J', 'xL8J'}
| | +-- , 93 , {95} , {'zL29J', 'xL8J', 'xL5J', 'xL4J', 'zL30J'}
| | | +-- , 95 , {97} , {'zL29J', 'xL4J', 'zL28J', 'xL8J'}
| | | | +-- , 97 , set() , {'xL4J', 'zL28J', 'yL7J'}
| +-- , 99 , {101} , {'zL42J', 'xL9J', 'xL3J', 'zL43J'}
| | +-- , 101 , set() , {'w13', 'xL9J', 'zL43J'}
| +-- , 103 , set() , {'yL4J', 'zL16J', 'zL17J', 'xL5J', 'xL9J'}
| +-- , 105 , set() , {'yL19J', 'zL78J', 'w22', 'xL4J', 'zL79J', 'xL8J', 'zL76J', 'xL7J', 'xL9J', 'xL5J', 'zL77J'}
| +-- , 107 , {109} , {'zL74J', 'zL75J', 'xL4J', 'xL8J'}
| | +-- , 109 , set() , {'zL75J', 'w21', 'xL4J'}
| +-- , 111 , {113} , {'zL42J', 'xL5J', 'zL41J', 'xL2J', 'xL4J'}
| | +-- , 113 , {115} , {'xL5J', 'zL40J', 'zL41J', 'xL2J'}
| | | +-- , 115 , set() , {'xL5J', 'yL10J', 'zL40J'}
| +-- , 117 , {119} , {'zL38J', 'xL9J', 'xL2J', 'zL37J', 'xL8J'}
| | +-- , 119 , {121} , {'zL38J', 'xL9J', 'xL2J', 'zL39J'}
| | | +-- , 121 , set() , {'zL39J', 'xL9J', 'w12'}
| +-- , 123 , set() , {'xL2J', 'yL1J', 'zL4J'}
| +-- , 125 , {127} , {'xL7J', 'zL59J', 'xL4J', 'zL58J'}
| | +-- , 127 , set() , {'w17', 'xL4J', 'zL59J'}


Max number of edges with non zero Y: 34
Max number of iterations of outer rounding loop: 5
Max number of candidate sets: 2
Time spent rounding: 28.758
Time spent solving Separator LP: 11.626
Total time spent solving: 53.261

LP Solver: GaifmanBoosted
Lower Bound Witness = ({'zL65J', 'xL3J', 'zL1J', 'w20', 'zL7J', 'yL1J', 'zL36J', 'zL45J', 'w10', 'zL63J', 'zL44J', 'zL77J', 'zL19J', 'zL15J', 'zL2J', 'yL11J', 'zL57J', 'zL66J', 'yL16J', 'w5', 'zL53J', 'zL17J', 'yL0J', 'zL71J', 'w4', 'zL38J', 'zL74J', 'yL4J', 'w9', 'zL39J', 'zL31J', 'zL4J', 'yL14J', 'yL2J', 'zL14J', 'w13', 'w17', 'zL49J', 'zL21J', 'zL10J', 'zL40J', 'xL2J', 'zL79J', 'zL55J', 'zL69J', 'zL42J', 'xL9J', 'zL5J', 'zL43J', 'yL15J', 'xL0J', 'w22', 'xL1J', 'zL50J', 'zL29J', 'zL6J', 'zL35J', 'zL64J', 'xL6J', 'zL68J', 'zL32J', 'xL8J', 'zL51J', 'w14', 'yL5J', 'yL12J', 'zL8J', 'zL13J', 'zL27J', 'zL76J', 'zL72J', 'yL3J', 'xL4J', 'zL48J', 'zL16J', 'zL30J', 'zL73J', 'w6', 'zL34J', 'zL70J', 'w15', 'zL20J', 'zL75J', 'zL62J', 'w3', 'yL13J', 'yL17J', 'zL61J', 'zL52J', 'zL11J', 'w11', 'xL7J', 'w16', 'yL7J', 'zL58J', 'zL78J', 'yL19J', 'zL18J', 'yL18J', 'xL5J', 'zL23J', 'w21', 'zL54J', 'w7', 'zL24J', 'zL33J', 'zL26J', 'zL3J', 'zL25J', 'zL46J', 'zL37J', 'zL12J', 'w19', 'w8', 'zL0J', 'yL9J', 'yL10J', 'w12', 'yL8J', 'yL6J', 'zL59J', 'zL22J', 'zL41J', 'w18', 'zL28J', 'zL67J', 'zL56J', 'zL60J', 'zL9J', 'zL47J'}, {'zL38J', 'zL74J', 'zL31J', 'xL4J', 'zL4J', 'zL48J', 'zL36J', 'w17', 'zL49J', 'zL34J', 'zL33J', 'zL79J', 'zL55J', 'zL69J', 'zL42J', 'zL63J', 'zL44J', 'xL1J', 'w8', 'yL17J', 'zL6J', 'zL35J', 'zL68J', 'xL8J', 'zL41J', 'zL66J', 'zL8J', 'zL53J', 'zL17J', 'w16', 'zL60J', 'zL58J', 'zL78J'})