19, 2.9211599488907187, 8.0, 8
+-- , 0 , {33, 3, 19, 37, 21} , {'xL11J', 'xL30J', 'xL15J', 'xL6J', 'xL0J', 'xL29J', 'xL2J', 'xL21J', 'xL24J', 'xL19J', 'xL26J', 'xL25J', 'xL33J', 'xL4J'}
| +-- , 33 , {35} , {'xL2J', 'xL6J', 'xL0J', 'xL11J', 'xL3J'}
| | +-- , 35 , set() , {'xL3J', 'xL11J', 'xL23J'}
| +-- , 3 , {5, 9, 13, 15, 17} , {'xL2J', 'xL11J', 'xL13J', 'xL30J', 'xL21J', 'xL24J', 'xL19J', 'xL15J', 'xL26J', 'xL7J', 'xL6J', 'xL0J', 'xL29J', 'xL33J', 'xL4J'}
| | +-- , 5 , {7} , {'xL2J', 'xL11J', 'xL26J', 'xL30J', 'xL15J', 'xL7J', 'xL33J', 'xL8J'}
| | | +-- , 7 , set() , {'xL11J', 'xL26J', 'xL15J', 'xL18J', 'xL7J', 'xL37J', 'xL33J', 'xL8J'}
| | +-- , 9 , {11} , {'xL16J', 'xL13J', 'xL24J', 'xL30J', 'xL21J', 'xL28J', 'xL15J', 'xL6J', 'xL0J', 'xL35J', 'xL29J', 'xL33J', 'xL4J'}
| | | +-- , 11 , set() , {'xL16J', 'xL24J', 'xL14J', 'xL28J', 'xL35J'}
| | +-- , 13 , set() , {'xL7J', 'xL21J', 'xL19J', 'xL1J'}
| | +-- , 15 , set() , {'xL13J', 'xL5J', 'xL26J', 'xL20J', 'xL7J', 'xL6J', 'xL0J', 'xL34J'}
| | +-- , 17 , set() , {'xL4J', 'xL13J', 'xL9J'}
| +-- , 19 , set() , {'xL19J', 'xL0J', 'xL25J', 'xL27J', 'xL33J', 'xL4J'}
| +-- , 37 , set() , {'xL15J', 'xL10J'}
| +-- , 21 , {23, 31} , {'xL11J', 'xL30J', 'xL15J', 'xL6J', 'xL29J', 'xL2J', 'xL21J', 'xL24J', 'xL19J', 'xL26J', 'xL25J', 'xL33J', 'xL4J', 'xL36J'}
| | +-- , 23 , {25, 27, 29} , {'xL2J', 'xL11J', 'xL30J', 'xL21J', 'xL24J', 'xL19J', 'xL26J', 'xL6J', 'xL25J', 'xL17J', 'xL29J', 'xL33J', 'xL36J', 'xL32J'}
| | | +-- , 25 , set() , {'xL11J', 'xL19J', 'xL39J', 'xL6J', 'xL33J', 'xL32J'}
| | | +-- , 27 , set() , {'xL2J', 'xL21J', 'xL26J', 'xL17J', 'xL29J', 'xL38J'}
| | | +-- , 29 , set() , {'xL22J', 'xL32J', 'xL11J'}
| | +-- , 31 , set() , {'xL11J', 'xL15J', 'xL6J', 'xL31J', 'xL33J', 'xL36J'}


Max number of edges with non zero Y: 31
Max number of iterations of outer rounding loop: 6
Max number of candidate sets: 2
Time spent rounding: 5.985
Time spent solving Separator LP: 0.398

LP Solver: GaifmanNormal