96, 1.8738905412395375, 7.0, 7
+-- , 0 , {3, 212, 119, 141} , {'R2CVAD1NF', 'C2_CO', 'C2_QN2', 'Y1CVAD1NF', 'TCOMB_YA1', 'CLRB', 'TCOMB_RA2', 'TCOMB_FE'}
| +-- , 3 , {5} , {'TCOMB_RA2VOR2NF', 'C2_CO', 'TCOMB_RA2VOR3NF', 'TCOMB_YA1', 'TCOMB_RA2VOR1NF', 'CLRB', 'TCOMB_RA2', 'TCOMB_FE'}
| | +-- , 5 , {7} , {'CO2', 'TCOMB_RA2VOR2NF', 'C2_CO', 'TCOMB_RA2VOR3NF', 'TCOMB_YA1', 'TCOMB_RA2VOR1NF', 'CLRB', 'TCOMB_FE'}
| | | +-- , 7 , {11} , {'CLRB', 'UC_25', 'CO2', 'TCOMBVNFM', 'TCOMBVNQC', 'UC_26', 'TCOMB_RA2VOR2NF', 'TCOMBVNODE15', 'C3VCO1', 'TCOMB_RA2VOR3NF', 'TCOMB_YA1', 'C3_Q1', 'TCOMB_RA2VOR1NF', 'TCOMB_FE'}
| | | | +-- , 11 , {18, 115, 117} , {'TCOMBVNQA', 'C3_Q2', 'TCOMBVNODE6', 'CLRB', 'TCOMBVNODE16', 'UC_25', 'CO2', 'TCOMBVNFM', 'TCOMBVNQC', 'TCOMB_RA2VOR2NF', 'UC_26', 'TCOMBVNODE15', 'TCOMB_GA1VAD1NF', 'OLATCH_FEL', 'TCOMB_RA1VOR1NF', 'C3VCO1', 'TCOMB_YA1', 'C3_Q1', 'TCOMB_RA2VOR1NF', 'TCOMB_FE'}
| | | | | +-- , 18 , {20} , {'C3_Q3', 'C3_Q2', 'TCOMBVNODE6', 'TCOMBVNODE16', 'CLRB', 'UC_25', 'TCOMB_RA2VOR2NF', 'OLATCH_FEL', 'C3VCO1', 'TCOMBVNODE3', 'TCOMBVNQA', 'CO2', 'TCOMBVNFM', 'TCOMBVNQC', 'UC_26', 'TCOMB_GA1VAD1NF', 'TCOMBVNODE4VOR1NF', 'TCOMB_RA1VOR1NF', 'TCOMB_YA1', 'C3_Q1', 'TCOMB_RA2VOR1NF'}
| | | | | | +-- , 20 , {30, 22} , {'TCOMBVNQA', 'C3_Q3', 'C3_Q2', 'TCOMBVNCLR', 'TCOMBVNODE6', 'TCOMBVNODE16', 'CLRB', 'UC_25', 'CO2', 'TCOMBVNFM', 'TCOMBVNQC', 'TCOMB_RA2VOR2NF', 'UC_26', 'TCOMB_GA1VAD1NF', 'OLATCH_FEL', 'TCOMBVNODE4VOR1NF', 'C3VCO1', 'TCOMB_RA1VOR1NF', 'TCOMBVNODE3', 'C3_Q1', 'TCOMB_RA2VOR1NF'}
| | | | | | | +-- , 30 , {34, 105, 60} , {'C3_Q3', 'C3_Q2', 'TCOMBVNCLR', 'C3_Q0', 'TCOMBVNODE6', 'TCOMBVNODE16', 'CLRB', 'UC_25', 'TCOMB_GA2VAD2NF', 'TCOMB_RA2VOR2NF', 'OLATCH_FEL', 'C3VCO1', 'TCOMBVNODE3', 'TCOMBVNQA', 'CO2', 'TCOMBVNFM', 'TCOMBVNQC', 'UC_26', 'TCOMB_GA1VAD1NF', 'TCOMBVNODE4VOR1NF', 'C3_Q1', 'TCOMB_RA2VOR1NF'}
| | | | | | | | +-- , 34 , {50, 52, 38, 56, 58, 43} , {'C3_Q3', 'C3_Q2', 'C3_Q0', 'C3_Q0VZ', 'CLRB', 'UC_25', 'CO2', 'UC_26', 'C3_Q0VD', 'C3_Q3VUC_0', 'C3VCO2', 'C3VCIA', 'C3VCO1', 'C3_Q1', 'UC_27'}
| | | | | | | | | +-- , 50 , set() , {'CO2', 'C3_Q0VZVOR1NF', 'C3_Q0VUC_0', 'C3_Q0', 'C3_Q0VZ', 'C3VINHN'}
| | | | | | | | | +-- , 52 , {54} , {'C3_Q3VD', 'C3_Q3', 'C3_Q3VUC_0', 'C3VCO2', 'C3_Q3VZ', 'CLRB', 'UC_27'}
| | | | | | | | | | +-- , 54 , set() , {'C3_Q3', 'C3_Q3VUC_0', 'C3VCO2', 'C3_Q3VZVOR1NF', 'C3_Q3VZ'}
| | | | | | | | | +-- , 38 , {41} , {'C3_Q2VD', 'C3_Q2VZ', 'C3_Q2', 'C3VCO1', 'CLRB', 'UC_27', 'C3_Q2VUC_0'}
| | | | | | | | | | +-- , 41 , set() , {'C3_Q2', 'C3VCO1', 'C3_Q2VZVOR1NF', 'C3_Q2VZ', 'C3_Q2VUC_0'}
| | | | | | | | | +-- , 56 , set() , {'UC_25', 'CO2', 'UC_24', 'UC_26', 'C3_Q2', 'C3VCO2'}
| | | | | | | | | +-- , 58 , set() , {'CO2', 'C3_Q3', 'C3VCIA', 'UC_23', 'UC_27'}
| | | | | | | | | +-- , 43 , {45} , {'CO2', 'UC_26', 'C3_Q1VZ', 'C3_Q1', 'CLRB', 'UC_27', 'C3_Q1VD'}
| | | | | | | | | | +-- , 45 , {47} , {'CO2', 'C3_Q1VZ', 'C3_Q1', 'UC_26', 'C3VCO0'}
| | | | | | | | | | | +-- , 47 , set() , {'C3_Q1VUC_0', 'C3VCO0', 'C3_Q1VZVOR1NF', 'C3_Q1VZ', 'C3_Q1'}
| | | | | | | | +-- , 105 , {107} , {'TCOMBVNQA', 'TCOMB_GA2VAD2NF', 'C3_Q3', 'C3_Q2', 'TCOMBVNCLR', 'OLATCH_FEL', 'TCOMB_GA2VAD1NF'}
| | | | | | | | | +-- , 107 , {109} , {'TCOMB_GA2VAD2NF', 'TCOMBVNCLR', 'C3_Q2', 'OLATCH_FEL', 'TCOMB_GA2VAD4NF', 'TCOMB_GA2', 'TCOMB_GA2VAD1NF', 'TCOMB_GA2VAD3NF'}
| | | | | | | | | | +-- , 109 , {111} , {'OLATCH_G2L', 'TCOMB_GA2'}
| | | | | | | | | | | +-- , 111 , {113} , {'OUTBUFVBUFG2VIR1', 'OLATCH_G2L'}
| | | | | | | | | | | | +-- , 113 , set() , {'GRN2', 'OUTBUFVBUFG2VIR1'}
| | | | | | | | +-- , 60 , {97, 62} , {'TCOMBVNODE8', 'TCOMBVNQA', 'C3_Q3', 'C3_Q2', 'TCOMBVNCLR', 'C3_Q0', 'TCOMBVNODE8VOR1NF', 'TCOMBVNODE6', 'TCOMBVNODE16', 'CLRB', 'TCOMBVNFM', 'TCOMBVNQC', 'TCOMB_RA2VOR2NF', 'TCOMB_GA1VAD1NF', 'OLATCH_FEL', 'TCOMBVNODE4VOR1NF', 'TCOMBVNODE3', 'C3_Q1', 'TCOMB_RA2VOR1NF'}
| | | | | | | | | +-- , 97 , {99} , {'TCOMBVNODE8', 'TCOMB_GA1VAD1NF', 'TCOMB_GA1'}
| | | | | | | | | | +-- , 99 , {101} , {'TCOMB_GA1', 'OLATCH_G1L'}
| | | | | | | | | | | +-- , 101 , {103} , {'OUTBUFVBUFG1VIR1', 'OLATCH_G1L'}
| | | | | | | | | | | | +-- , 103 , set() , {'OUTBUFVBUFG1VIR1', 'GRN1'}
| | | | | | | | | +-- , 62 , {64, 95} , {'TCOMBVNODE8', 'TCOMBVNQA', 'C3_Q3', 'C3_Q2', 'TCOMBVNCLR', 'C3_Q0', 'TCOMBVNODE8VOR2NF', 'TCOMBVNODE8VOR1NF', 'TCOMBVNODE6', 'TCOMBVNODE16', 'CLRB', 'TCOMBVNQB', 'TCOMBVNFM', 'TCOMBVNQC', 'TCOMB_RA2VOR2NF', 'OLATCH_FEL', 'TCOMBVNQD', 'TCOMBVNODE4VOR1NF', 'TCOMBVNODE3', 'C3_Q1', 'TCOMB_RA2VOR1NF'}
| | | | | | | | | | +-- , 64 , {66, 85} , {'TCOMBVNFM', 'TCOMBVNQA', 'TCOMBVNFEL', 'C3_Q3', 'TCOMBVNCLR', 'TCOMBVNQC', 'TCOMB_RA2VOR2NF', 'OLATCH_FEL', 'C3_Q0', 'C3_Q1', 'TCOMBVNODE16', 'CLRB', 'TCOMBVNQB'}
| | | | | | | | | | | +-- , 66 , {68} , {'TCOMBVNFM', 'TCOMBVNODE18', 'C3_Q3', 'TCOMBVNQC', 'TCOMBVNFEL', 'C3_Q0', 'TCOMBVNODE16', 'CLRB', 'TCOMBVNODE19', 'TCOMBVNQB', 'TCOMBVNODE16VOR1NF'}
| | | | | | | | | | | | +-- , 68 , {70} , {'TCOMBVNFM', 'TCOMBVNQC', 'TCOMBVNODE18', 'C3_Q3', 'FML', 'CLRB', 'TCOMBVNODE16VOR1NF'}
| | | | | | | | | | | | | +-- , 70 , {73} , {'FML', 'CLRB', 'FMLVINLATCHN', 'FMLVINLATCHVCDN'}
| | | | | | | | | | | | | | +-- , 73 , {75} , {'FML', 'FMLVINLATCHN', 'FMLVINLATCHVCDAD', 'FMLVINLATCHVCDN', 'FMLVINMUX'}
| | | | | | | | | | | | | | | +-- , 75 , {77} , {'FML', 'FMLVINMUXVND1', 'FMLVINLATCHN', 'FMLVINMUX'}
| | | | | | | | | | | | | | | | +-- , 77 , {79} , {'FMLVINMUXVOR2NF', 'FMLVINMUXVND1', 'FML', 'FMLVINMUXVOR1NF', 'FMLVINLATCHN'}
| | | | | | | | | | | | | | | | | +-- , 79 , {81} , {'FML', 'FMLVINMUXVIR1', 'FMLVINMUXVOR2NF', 'FMLVINMUXVOR1NF', 'FMB', 'FMLVINLATCHN'}
| | | | | | | | | | | | | | | | | | +-- , 81 , {83} , {'FMB', 'FMBVIR1'}
| | | | | | | | | | | | | | | | | | | +-- , 83 , set() , {'FM', 'FMBVIR1'}
| | | | | | | | | | | +-- , 85 , {87} , {'TCOMBVNQA', 'TCOMBVNQC', 'TCOMBVNCLR', 'TCOMBVNFEL', 'C3_Q1', 'TCOMBVNODE12'}
| | | | | | | | | | | | +-- , 87 , {89} , {'TCOMBVNODE12', 'TCOMBVNQA', 'TCOMB_YA2'}
| | | | | | | | | | | | | +-- , 89 , {91} , {'OLATCH_Y2L', 'TCOMB_YA2'}
| | | | | | | | | | | | | | +-- , 91 , {93} , {'OLATCH_Y2L', 'OUTBUFVBUFY2VIR1'}
| | | | | | | | | | | | | | | +-- , 93 , set() , {'OUTBUFVBUFY2VIR1', 'YLW2'}
| | | | | | | | | | +-- , 95 , set() , {'TCOMBVNQA', 'TCOMBVNODE4', 'C3_Q2', 'TCOMBVNQD', 'TCOMBVNODE4VOR1NF', 'TCOMBVNODE3', 'CLRB', 'TCOMBVNODE4VOR2NF', 'TCOMBVNQB'}
| | | | | | | +-- , 22 , {24} , {'C3_Q2', 'TCOMBVNCLR', 'C3_Q3', 'TCOMB_RA1VOR2NF', 'TCOMB_RA1', 'OLATCH_FEL', 'TCOMB_RA1VOR1NF'}
| | | | | | | | +-- , 24 , {26} , {'OLATCH_R1L', 'TCOMB_RA1'}
| | | | | | | | | +-- , 26 , {28} , {'OLATCH_R1L', 'OUTBUFVBUFR1VIR1'}
| | | | | | | | | | +-- , 28 , set() , {'OUTBUFVBUFR1VIR1', 'RED1'}
| | | | | +-- , 115 , set() , {'TCOMBVNQA', 'TCOMBVNODE15', 'TCOMBVNODE14', 'TCOMBVNODE16', 'TCOMB_FE'}
| | | | | +-- , 117 , set() , {'TCOMB_FE', 'I84', 'OLATCH_FEL', 'TCOMB_FE_BF'}
| +-- , 212 , {214} , {'CLRB', 'CLRBVIR1'}
| | +-- , 214 , set() , {'CLRBVIR1', 'CLR'}
| +-- , 119 , {121, 131} , {'R2CVAD1NF', 'FEN', 'Y1CVAD1NF', 'TCOMB_YA1', 'TCOMB_RA2', 'TCOMB_FE'}
| | +-- , 121 , {123} , {'R2C', 'R2CVAD2NF', 'R2CVAD1NF', 'TCOMB_RA2', 'FEN'}
| | | +-- , 123 , {125} , {'R2C', 'OLATCHVUC_5'}
| | | | +-- , 125 , {127} , {'OLATCH_R2L', 'OLATCHVUC_5'}
| | | | | +-- , 127 , {129} , {'OLATCH_R2L', 'OUTBUFVBUFR2VIR1'}
| | | | | | +-- , 129 , set() , {'OUTBUFVBUFR2VIR1', 'RED2'}
| | +-- , 131 , {133} , {'Y1CVAD1NF', 'Y1C', 'TCOMB_YA1', 'FEN', 'Y1CVAD2NF'}
| | | +-- , 133 , {135} , {'Y1C', 'OLATCHVUC_6'}
| | | | +-- , 135 , {137} , {'OLATCHVUC_6', 'OLATCH_Y1L'}
| | | | | +-- , 137 , {139} , {'OUTBUFVBUFY1VIR1', 'OLATCH_Y1L'}
| | | | | | +-- , 139 , set() , {'OUTBUFVBUFY1VIR1', 'YLW1'}
| +-- , 141 , {187, 205, 143} , {'UC_18VD', 'C2_CO', 'C2_QN2', 'UC_18VZ', 'UC_21', 'UC_17', 'UC_22', 'C2VCO2', 'CTST', 'CLRB'}
| | +-- , 187 , {195, 201, 189} , {'UC_18VD', 'UC_18', 'C2_CO', 'UC_18VZ', 'UC_19', 'C2VCIA', 'UC_21', 'UC_17', 'UC_22', 'C2VCO2', 'CTST', 'CLRB'}
| | | +-- , 195 , {197} , {'C2_CO', 'UC_19', 'UC_19VUC_0', 'CTST', 'CLRB', 'C2VINHN'}
| | | | +-- , 197 , {199} , {'UC_19VZ', 'UC_19VD', 'C2_CO', 'UC_19', 'UC_19VUC_0', 'CLRB', 'C2VINHN'}
| | | | | +-- , 199 , set() , {'UC_19VZ', 'UC_19VZVOR1NF', 'UC_19', 'UC_19VUC_0', 'C2VINHN'}
| | | +-- , 201 , {203} , {'C2VCO0', 'UC_18', 'UC_18VZ', 'UC_18VUC_0', 'UC_22', 'CTST'}
| | | | +-- , 203 , set() , {'C2VCO0', 'UC_18', 'UC_18VUC_0', 'UC_18VZVOR1NF', 'UC_18VZ'}
| | | +-- , 189 , {191} , {'UC_16VUC_0', 'UC_16', 'C2_CO', 'C2VCIA', 'UC_20', 'C2VCO2', 'CTST', 'CLRB'}
| | | | +-- , 191 , {193} , {'UC_16VUC_0', 'UC_16', 'C2_CO', 'C2VCO2', 'UC_16VZ', 'CLRB', 'UC_16VD'}
| | | | | +-- , 193 , set() , {'UC_16VUC_0', 'UC_16VZVOR1NF', 'UC_16', 'C2VCO2', 'UC_16VZ'}
| | +-- , 205 , {208} , {'UC_17VD', 'C2_CO', 'UC_17VZ', 'UC_21', 'UC_17', 'UC_22', 'CTST', 'CLRB'}
| | | +-- , 208 , {210} , {'C2VCO1', 'UC_17VZ', 'UC_21', 'UC_17', 'UC_22', 'CTST', 'UC_17VZVOR1NF'}
| | | | +-- , 210 , set() , {'C2VCO1', 'UC_17VZ', 'UC_17VUC_0', 'UC_17', 'UC_17VZVOR1NF'}
| | +-- , 143 , {145, 173} , {'TESTLVINLATCHVCDN', 'TESTL', 'C1_CO', 'CTST', 'CLRB'}
| | | +-- , 145 , {168, 150} , {'UC_11VZ', 'UC_11VD', 'UC_15', 'UC_10', 'C1VCO0', 'C1_CO', 'CLRB'}
| | | | +-- , 168 , {171} , {'UC_10VZVOR1NF', 'UC_10VZ', 'UC_10VD', 'UC_10', 'C1VCO0', 'C1_CO', 'CLRB'}
| | | | | +-- , 171 , set() , {'UC_10VZVOR1NF', 'UC_10VZ', 'UC_10', 'C1VCO0', 'UC_10VUC_0'}
| | | | +-- , 150 , {160, 153, 155} , {'C1VCIA', 'C1VCO1', 'UC_9', 'UC_11VZ', 'UC_11VD', 'UC_15', 'UC_10', 'C1_CO', 'CLRB', 'UC_14', 'UC_11'}
| | | | | +-- , 160 , {162} , {'C1VCO2', 'C1VCIA', 'UC_9', 'UC_15', 'UC_8VD', 'UC_13', 'C1_CO', 'CLRB', 'UC_14', 'UC_8VZ'}
| | | | | | +-- , 162 , {164, 166} , {'UC_8', 'C1VCO2', 'C1VCIA', 'UC_8VUC_0', 'UC_8VD', 'C1_CO', 'UC_8VZ'}
| | | | | | | +-- , 164 , set() , {'UC_8', 'C1VCO2', 'UC_8VUC_0', 'UC_8VZVOR1NF', 'UC_8VZ'}
| | | | | | | +-- , 166 , set() , {'C1_CO', 'UC_8', 'C1VCIA', 'UC_12'}
| | | | | +-- , 153 , set() , {'UC_11VUC_0', 'UC_11VZ', 'UC_11'}
| | | | | +-- , 155 , {158} , {'C1VCO1', 'UC_9', 'UC_9VD', 'UC_9VZVOR1NF', 'C1_CO', 'UC_9VZ', 'CLRB'}
| | | | | | +-- , 158 , set() , {'C1VCO1', 'UC_9', 'UC_9VUC_0', 'UC_9VZVOR1NF', 'UC_9VZ'}
| | | +-- , 173 , {175} , {'TESTLVINLATCHVCDN', 'TESTL', 'TESTLVINLATCHVCDAD', 'TESTLVINMUX'}
| | | | +-- , 175 , {177} , {'TESTLVINMUXVND1', 'TESTL', 'TESTLVINLATCHN', 'TESTLVINMUX'}
| | | | | +-- , 177 , {179} , {'TESTLVINMUXVOR1NF', 'TESTLVINMUXVND1', 'TESTL', 'TESTLVINLATCHN', 'TESTLVINMUXVOR2NF'}
| | | | | | +-- , 179 , {181} , {'TESTLVINMUXVOR2NF', 'TESTLVINMUXVOR1NF', 'TESTLVINMUXVIR1', 'TESTL', 'TESTLVINLATCHN', 'TESTB'}
| | | | | | | +-- , 181 , {183} , {'TESTBVIR1', 'TESTB'}
| | | | | | | | +-- , 183 , set() , {'TESTBVIR1', 'TEST'}


Max number of edges with non zero Y: 13
Max number of iterations of outer rounding loop: 6
Max number of candidate sets: 2
Time spent rounding: 73.819
Time spent solving Separator LP: 13.580
Total time spent solving: 103.444

LP Solver: GaifmanBoosted
Lower Bound Witness = ({'OUTBUFVBUFY2VIR1', 'FMLVINMUXVOR2NF', 'TCOMBVNODE18', 'TCOMBVNCLR', 'FMB', 'FM', 'C3VINHN', 'TCOMBVNODE16', 'CLRB', 'C3_Q3VZVOR1NF', 'TCOMB_GA2', 'TCOMBVNQA', 'C3_Q1VZ', 'TCOMB_GA2VAD3NF', 'CO2', 'TCOMB_GA1', 'C3_Q1', 'C3_Q2VD', 'UC_23', 'TCOMB_GA2VAD2NF', 'C3_Q1VZVOR1NF', 'C3VCIA', 'TCOMBVNODE3', 'TCOMBVNODE16VOR1NF', 'TCOMBVNODE8', 'C3_Q0VZ', 'FMBVIR1', 'GRN1', 'TCOMBVNQB', 'FMLVINLATCHVCDN', 'TCOMBVNFM', 'UC_26', 'TCOMBVNQD', 'C3VCO2', 'FMLVINMUX', 'TCOMB_YA2', 'TCOMBVNODE4VOR1NF', 'C3_Q3VZ', 'TCOMB_RA2VOR1NF', 'YLW2', 'TCOMB_GA2VAD4NF', 'FMLVINMUXVOR1NF', 'C3_Q2VZVOR1NF', 'TCOMBVNODE8VOR1NF', 'UC_25', 'C3_Q1VUC_0', 'C3VCO0', 'TCOMB_RA2VOR2NF', 'C3_Q0VD', 'TCOMBVNODE12', 'OLATCH_FEL', 'FMLVINLATCHN', 'TCOMBVNODE4VOR2NF', 'OLATCH_G2L', 'OLATCH_G1L', 'TCOMBVNFEL', 'FMLVINMUXVIR1', 'TCOMBVNODE8VOR2NF', 'OLATCH_Y2L', 'GRN2', 'TCOMB_GA1VAD1NF', 'C3_Q3VUC_0', 'FML', 'TCOMB_GA2VAD1NF', 'C3_Q2VZ', 'OUTBUFVBUFG1VIR1', 'UC_24', 'C3_Q3', 'C3_Q2', 'C3_Q0VUC_0', 'C3_Q0', 'TCOMBVNODE6', 'C3_Q1VD', 'TCOMBVNODE4', 'FMLVINLATCHVCDAD', 'C3VCO1', 'TCOMBVNODE19', 'UC_27', 'C3_Q2VUC_0', 'C3_Q3VD', 'OUTBUFVBUFG2VIR1', 'TCOMBVNQC', 'C3_Q0VZVOR1NF', 'FMLVINMUXVND1'}, {'C3_Q3', 'C3_Q2', 'TCOMBVNCLR', 'TCOMBVNODE6', 'TCOMBVNODE16', 'CLRB', 'UC_25', 'TCOMB_RA2VOR2NF', 'OLATCH_FEL', 'C3VCO1', 'TCOMBVNODE3', 'TCOMBVNQA', 'CO2', 'TCOMBVNFM', 'TCOMBVNQC', 'UC_26', 'TCOMB_GA1VAD1NF', 'TCOMBVNODE4VOR1NF', 'C3_Q1', 'TCOMB_RA2VOR1NF'})