53, 0, 10.0, 10
+-- , 0 , {69, 101, 103, 5, 71, 73, 105, 109, 79, 81, 91} , {'xL2J', 'xL1J', 'w8', 'zL57J', 'xL0J', 'xL6J', 'zL16J', 'zL19J', 'zL60J', 'xL8J', 'xL9J', 'xL3J', 'w7', 'xL5J', 'zL23J', 'xL4J', 'yL4J', 'zL55J', 'zL58J', 'yL15J'}
| +-- , 69 , set() , {'xL2J', 'xL1J', 'zL6J', 'zL5J', 'xL3J', 'yL1J', 'xL0J', 'w4', 'zL7J', 'zL4J', 'xL8J'}
| +-- , 101 , set() , {'xL9J', 'zL49J', 'zL48J', 'xL0J', 'xL6J', 'w15', 'xL4J', 'yL12J', 'xL8J', 'zL50J', 'zL51J'}
| +-- , 103 , set() , {'xL2J', 'w9', 'zL24J', 'xL3J', 'xL5J', 'xL0J', 'xL6J', 'yL6J', 'zL26J', 'zL25J', 'zL27J'}
| +-- , 5 , {67, 7} , {'xL2J', 'xL1J', 'zL9J', 'zL59J', 'zL17J', 'xL0J', 'xL6J', 'zL16J', 'zL19J', 'zL60J', 'zL8J', 'xL8J', 'xL9J', 'xL3J', 'xL5J', 'zL23J', 'xL4J', 'zL55J', 'zL58J'}
| | +-- , 67 , set() , {'zL8J', 'xL3J', 'yL2J'}
| | +-- , 7 , {65, 9} , {'xL2J', 'xL1J', 'zL9J', 'zL59J', 'zL22J', 'zL17J', 'xL0J', 'zL62J', 'xL6J', 'zL19J', 'zL60J', 'xL8J', 'xL9J', 'xL3J', 'xL5J', 'zL23J', 'xL4J', 'zL63J', 'zL55J'}
| | | +-- , 65 , set() , {'xL2J', 'zL63J', 'w18'}
| | | +-- , 9 , {11, 63} , {'xL2J', 'xL1J', 'zL9J', 'zL59J', 'zL22J', 'zL72J', 'xL0J', 'zL17J', 'xL6J', 'zL62J', 'zL19J', 'zL60J', 'zL54J', 'xL8J', 'xL9J', 'xL3J', 'zL10J', 'xL5J', 'xL4J', 'zL55J', 'zL73J'}
| | | | +-- , 11 , {33, 39, 41, 45, 15, 51, 53, 55, 27, 61, 25, 57} , {'xL2J', 'xL1J', 'zL47J', 'zL59J', 'zL22J', 'zL17J', 'xL0J', 'zL62J', 'xL6J', 'zL19J', 'zL60J', 'zL54J', 'xL8J', 'xL9J', 'xL3J', 'zL10J', 'zL46J', 'xL7J', 'zL61J', 'xL5J', 'xL4J', 'zL73J'}
| | | | | +-- , 33 , {35} , {'zL21J', 'xL7J', 'xL8J', 'zL22J', 'xL0J'}
| | | | | | +-- , 35 , {37} , {'zL21J', 'xL7J', 'zL20J', 'xL0J'}
| | | | | | | +-- , 37 , set() , {'zL20J', 'xL0J', 'yL5J'}
| | | | | +-- , 39 , set() , {'zL59J', 'w17', 'xL7J'}
| | | | | +-- , 41 , {43} , {'xL3J', 'zL74J', 'xL7J', 'xL8J', 'zL73J'}
| | | | | | +-- , 43 , set() , {'zL74J', 'xL7J', 'w21', 'xL8J', 'zL75J'}
| | | | | +-- , 45 , {47} , {'xL7J', 'zL54J', 'zL53J', 'xL0J', 'xL6J'}
| | | | | | +-- , 47 , {49} , {'zL52J', 'xL7J', 'zL53J', 'xL6J'}
| | | | | | | +-- , 49 , set() , {'zL52J', 'yL13J', 'xL6J'}
| | | | | +-- , 15 , {17, 23} , {'xL1J', 'xL9J', 'xL3J', 'zL34J', 'xL7J', 'xL6J', 'zL35J'}
| | | | | | +-- , 17 , {19} , {'xL9J', 'xL3J', 'zL34J', 'zL33J', 'xL7J'}
| | | | | | | +-- , 19 , {21} , {'xL9J', 'zL32J', 'xL3J', 'zL33J'}
| | | | | | | | +-- , 21 , set() , {'xL9J', 'yL8J', 'zL32J'}
| | | | | | +-- , 23 , set() , {'w11', 'xL6J', 'zL35J'}
| | | | | +-- , 51 , set() , {'xL3J', 'xL7J', 'zL17J', 'zL19J', 'zL18J'}
| | | | | +-- , 53 , set() , {'xL3J', 'xL7J', 'zL39J', 'w12', 'zL36J', 'xL0J', 'zL37J', 'xL6J', 'zL38J', 'yL9J', 'xL8J'}
| | | | | +-- , 55 , set() , {'xL1J', 'zL40J', 'xL3J', 'zL41J', 'xL7J', 'zL43J', 'w13', 'xL6J', 'xL4J', 'yL10J', 'zL42J'}
| | | | | +-- , 27 , {29} , {'zL45J', 'zL46J', 'xL7J', 'xL8J', 'xL5J'}
| | | | | | +-- , 29 , {31} , {'zL45J', 'xL7J', 'zL44J', 'xL8J'}
| | | | | | | +-- , 31 , set() , {'zL44J', 'xL8J', 'yL11J'}
| | | | | +-- , 61 , set() , {'xL9J', 'zL47J', 'w14'}
| | | | | +-- , 25 , set() , {'xL1J', 'yL0J', 'zL2J', 'xL3J', 'w3', 'xL7J', 'xL6J', 'zL1J', 'zL0J', 'zL3J', 'xL8J'}
| | | | | +-- , 57 , {59} , {'xL2J', 'zL10J', 'xL7J', 'zL11J'}
| | | | | | +-- , 59 , set() , {'xL2J', 'w5', 'zL11J'}
| | | | +-- , 63 , set() , {'xL4J', 'zL72J', 'yL18J'}
| +-- , 71 , set() , {'xL1J', 'xL9J', 'w20', 'xL5J', 'xL0J', 'zL71J', 'xL4J', 'yL17J', 'zL70J', 'zL68J', 'zL69J'}
| +-- , 73 , {75, 77} , {'xL2J', 'xL9J', 'xL3J', 'zL13J', 'xL0J', 'zL12J', 'xL8J'}
| | +-- , 75 , set() , {'yL3J', 'xL3J', 'zL12J'}
| | +-- , 77 , set() , {'xL2J', 'xL9J', 'zL14J', 'zL13J', 'w6', 'xL8J', 'zL15J'}
| +-- , 105 , {107} , {'xL1J', 'zL57J', 'zL56J', 'xL6J'}
| | +-- , 107 , set() , {'yL14J', 'zL56J', 'xL6J'}
| +-- , 109 , set() , {'xL9J', 'zL55J', 'w16'}
| +-- , 79 , set() , {'xL2J', 'xL1J', 'zL78J', 'zL76J', 'zL77J', 'yL19J', 'xL6J', 'xL0J', 'zL79J', 'xL4J', 'w22'}
| +-- , 81 , {89, 83} , {'xL2J', 'xL1J', 'zL64J', 'xL5J', 'xL6J', 'xL4J', 'zL65J'}
| | +-- , 89 , set() , {'zL64J', 'yL16J', 'xL6J'}
| | +-- , 83 , {85} , {'xL1J', 'xL4J', 'zL65J', 'zL66J', 'xL5J'}
| | | +-- , 85 , {87} , {'xL1J', 'xL4J', 'zL66J', 'zL67J'}
| | | | +-- , 87 , set() , {'w19', 'xL4J', 'zL67J'}
| +-- , 91 , {93, 95} , {'xL3J', 'xL5J', 'xL6J', 'zL29J', 'zL28J', 'xL4J', 'xL8J'}
| | +-- , 93 , set() , {'yL7J', 'zL28J', 'xL6J'}
| | +-- , 95 , {97} , {'xL4J', 'zL29J', 'zL30J', 'xL8J', 'xL5J'}
| | | +-- , 97 , {99} , {'zL31J', 'zL30J', 'xL8J', 'xL5J'}
| | | | +-- , 99 , set() , {'zL31J', 'xL8J', 'w10'}


Max number of edges with non zero Y: 62
Max number of iterations of outer rounding loop: 9
Max number of candidate sets: 2
Time spent rounding: 43.663
Time spent solving Separator LP: 0.083
Total time spent solving: 53.446

LP Solver: gammaPlusFractionalCoverHeuristic
Lower Bound Witness = ({'zL77J', 'yL9J', 'zL28J', 'w4', 'yL10J', 'zL32J', 'zL5J', 'xL3J', 'zL24J', 'xL7J', 'zL39J', 'zL26J', 'zL23J', 'w5', 'zL68J', 'zL73J', 'zL78J', 'w11', 'zL17J', 'xL6J', 'yL18J', 'w21', 'yL3J', 'yL5J', 'zL20J', 'yL7J', 'w19', 'w9', 'yL0J', 'zL40J', 'zL41J', 'w20', 'w12', 'zL61J', 'zL33J', 'w14', 'zL0J', 'zL18J', 'zL75J', 'xL2J', 'zL2J', 'zL76J', 'zL22J', 'xL0J', 'yL2J', 'zL65J', 'yL16J', 'zL10J', 'zL30J', 'zL63J', 'yL12J', 'yL15J', 'zL6J', 'zL16J', 'zL12J', 'zL3J', 'xL8J', 'zL15J', 'zL27J', 'xL9J', 'w17', 'zL31J', 'w3', 'zL50J', 'zL69J', 'yL8J', 'yL14J', 'zL66J', 'zL45J', 'w22', 'zL7J', 'zL11J', 'zL53J', 'zL25J', 'zL51J', 'zL14J', 'zL48J', 'zL36J', 'zL56J', 'xL5J', 'w16', 'xL4J', 'zL55J', 'xL1J', 'zL9J', 'zL47J', 'w18', 'yL1J', 'zL72J', 'zL67J', 'zL43J', 'yL13J', 'yL6J', 'zL21J', 'zL38J', 'w15', 'zL60J', 'zL42J', 'zL49J', 'zL46J', 'zL52J', 'w7', 'zL13J', 'zL44J', 'zL37J', 'zL79J', 'w6', 'zL29J', 'zL64J', 'zL35J', 'zL34J', 'zL57J', 'w13', 'zL54J', 'zL8J', 'zL70J', 'w10', 'yL19J', 'yL17J', 'zL4J', 'w8', 'zL74J', 'zL59J', 'zL62J', 'zL19J', 'zL71J', 'yL11J', 'zL1J', 'yL4J', 'zL58J'}, {'zL57J', 'w13', 'zL60J', 'zL55J', 'zL51J'})