19, 2.5420075522142485, 8.0, 8
+-- , 0 , {3, 23, 27} , {'xL38J', 'xL20J', 'xL31J', 'xL4J', 'xL14J', 'xL22J', 'xL2J', 'xL39J', 'xL29J', 'xL28J', 'xL24J', 'xL33J'}
| +-- , 3 , {11, 5} , {'xL38J', 'xL16J', 'xL20J', 'xL31J', 'xL4J', 'xL3J', 'xL14J', 'xL22J', 'xL39J', 'xL30J', 'xL29J', 'xL28J', 'xL24J', 'xL33J'}
| | +-- , 11 , {19, 13} , {'xL38J', 'xL19J', 'xL16J', 'xL20J', 'xL31J', 'xL34J', 'xL3J', 'xL6J', 'xL22J', 'xL14J', 'xL39J', 'xL30J', 'xL29J', 'xL28J', 'xL24J', 'xL33J'}
| | | +-- , 19 , {21} , {'xL26J', 'xL6J', 'xL19J', 'xL14J', 'xL37J', 'xL20J', 'xL5J', 'xL39J', 'xL30J', 'xL24J', 'xL31J', 'xL34J'}
| | | | +-- , 21 , set() , {'xL37J', 'xL26J', 'xL15J'}
| | | +-- , 13 , {17, 15} , {'xL19J', 'xL6J', 'xL25J', 'xL14J', 'xL20J', 'xL29J', 'xL28J', 'xL33J', 'xL18J'}
| | | | +-- , 17 , set() , {'xL11J', 'xL23J', 'xL14J', 'xL25J', 'xL29J', 'xL33J', 'xL18J'}
| | | | +-- , 15 , set() , {'xL1J', 'xL25J'}
| | +-- , 5 , {7} , {'xL38J', 'xL3J', 'xL16J', 'xL7J', 'xL30J', 'xL24J', 'xL28J'}
| | | +-- , 7 , {9} , {'xL7J', 'xL36J', 'xL3J', 'xL24J'}
| | | | +-- , 9 , set() , {'xL7J', 'xL36J', 'xL21J', 'xL3J'}
| +-- , 23 , {25} , {'xL31J', 'xL13J'}
| | +-- , 25 , set() , {'xL13J', 'xL9J'}
| +-- , 27 , {37, 29} , {'xL4J', 'xL38J', 'xL10J', 'xL14J', 'xL22J', 'xL27J', 'xL2J', 'xL35J', 'xL39J', 'xL29J', 'xL28J', 'xL31J', 'xL24J', 'xL33J'}
| | +-- , 37 , set() , {'xL27J', 'xL0J', 'xL22J'}
| | +-- , 29 , {35, 31} , {'xL38J', 'xL22J', 'xL27J', 'xL2J', 'xL35J', 'xL32J', 'xL24J', 'xL28J', 'xL31J'}
| | | +-- , 35 , set() , {'xL32J', 'xL12J', 'xL28J'}
| | | +-- , 31 , {33} , {'xL38J', 'xL22J', 'xL27J', 'xL2J', 'xL35J', 'xL32J', 'xL24J', 'xL17J'}
| | | | +-- , 33 , set() , {'xL35J', 'xL17J', 'xL8J', 'xL24J'}


Max number of edges with non zero Y: 21
Max number of iterations of outer rounding loop: 2
Max number of candidate sets: 2
Time spent rounding: 4.132
Time spent solving Separator LP: 0.377

LP Solver: GaifmanNormal