71, 1.2222219999999995, 3.0, 3
+-- , 0 , {144, 146, 3, 148, 91, 142} , {'PRESSUREATP2_PR1___8_', 'FLOWOUTATP2_LV2___4_', 'FLOWINATP1_LV6___21_', 'FLOWOUTATP2_PR1___8_', 'PRESSUREATP2_LV2___4_'}
| +-- , 144 , set() , {'FLOWOUTATP1_LV6___21_', 'FLOWINATP1_LV6___21_'}
| +-- , 146 , set() , {'FLOWINATP2_LV2___4_', 'FLOWOUTATP2_LV2___4_'}
| +-- , 3 , {89, 5} , {'FLOWINATP1_LV6___21_', 'FLOWOUTATP2_LV2___4_', 'PR2_S_LV2__10_', 'PRESSUREATP2_PR1___8_', 'FLOWINATP1_PR2___9_', 'PRESSUREATP2_LV2___4_'}
| | +-- , 89 , set() , {'FLOWOUTATP1_PR2___9_', 'FLOWINATP1_PR2___9_'}
| | +-- , 5 , {67, 85, 8, 87} , {'PRESSUREATP1A_LV7___14_', 'FLOWINATP1_LV6___21_', 'RESISTANCEATINTERN_LV7___14_', 'PRESSUREATP2A_LV7___14_', 'PRESSUREATP2_PR1___8_', 'FLOWINATP1A_LV7___14_', 'FLOWINATP1_PR2___9_', 'POSITIONATINTERN_LV7___14_', 'PRESSUREATP2_LV2___4_'}
| | | +-- , 67 , {69} , {'PRESSUREATP1_LV6___21_', 'FLOWINATP1_LV6___21_', 'PRESSUREATP2A_LV7___14_', 'PRESSUREATP2_PR1___8_', 'FLOWINATP1A_LV7___14_'}
| | | | +-- , 69 , {81, 83, 71, 73} , {'PRESSUREATP1_LV6___21_', 'POSITIONATINTERN_LV6___21_', 'FLOWINATP1_LV6___21_', 'PRESSUREATP2A_LV7___14_', 'PRESSUREATP2_LV6___21_', 'FLOWINATP1A_LV7___14_', 'RESISTANCEATINTERN_LV6___21_'}
| | | | | +-- , 81 , set() , {'POSITIONATINTERN_LV6___21_', 'COMMANDATP3_LV6___21_', 'LV6__21_'}
| | | | | +-- , 83 , set() , {'MEASUREDPOSITIONATINTERN_LV6___21_', 'POSITIONATINTERN_LV6___21_'}
| | | | | +-- , 71 , set() , {'POSITIONATINTERN_LV6___21_', 'RESISTANCEATINTERN_LV6___21_', 'RESINTCONST_LV6___21_', 'FLOWINATP1_LV6___21_'}
| | | | | +-- , 73 , {75} , {'FLOWINATP1A_LV7___14_', 'FLOWOUTATP2A_LV7___14_', 'FLOWINATP1_LV6___21_', 'PRESSUREATP2_LV6___21_'}
| | | | | | +-- , 75 , {77} , {'FLOWOUTATP2A_LV7___14_', 'FLOWINATP2A_LV7___14_', 'FLOWINATP1_LV6___21_', 'PRESSUREATP2_LV6___21_'}
| | | | | | | +-- , 77 , {79} , {'FLOWOUTATP2_LV6___21_', 'LV7_S_LV6__16_', 'FLOWINATP2A_LV7___14_', 'FLOWINATP1_LV6___21_', 'PRESSUREATP2_LV6___21_'}
| | | | | | | | +-- , 79 , set() , {'FLOWOUTATP2_LV6___21_', 'FLOWINATP2_LV6___21_'}
| | | +-- , 85 , set() , {'POSITIONATINTERN_LV7___14_', 'MEASUREDPOSITIONATINTERN_LV7___14_'}
| | | +-- , 8 , {65, 11, 61} , {'PRESSUREATP1A_LV7___14_', 'PRESSUREATP1_LV5___20_', 'RESISTANCEATINTERN_LV7___14_', 'PR2_S_LV5__13_', 'FLOWINATP1A_LV7___14_', 'FLOWOUTATP1_LV5___20_', 'FLOWINATP1_PR2___9_', 'POSITIONATINTERN_LV7___14_', 'FLOWINATP2_PR2___9_', 'PRESSUREATP2_LV2___4_'}
| | | | +-- , 65 , set() , {'FLOWOUTATP2_PR2___9_', 'FLOWINATP1_PR2___9_', 'FLOWINATP2_PR2___9_'}
| | | | +-- , 11 , {53, 13} , {'PRESSUREATP1A_LV7___14_', 'PRESSUREATP1_LV5___20_', 'FLOWINATP1_LV5___20_', 'RESISTANCEATINTERN_LV7___14_', 'PRESSUREATP2_LV5___20_', 'FLOWINATP1A_LV7___14_', 'FLOWOUTATP1_LV5___20_', 'POSITIONATINTERN_LV7___14_'}
| | | | | +-- , 53 , {55, 57, 59} , {'PRESSUREATP1_LV5___20_', 'FLOWINATP1_LV5___20_', 'POSITIONATINTERN_LV5___20_', 'RESISTANCEATINTERN_LV5___20_', 'PRESSUREATP2_LV5___20_'}
| | | | | | +-- , 55 , set() , {'RESINTCONST_LV5___20_', 'POSITIONATINTERN_LV5___20_', 'RESISTANCEATINTERN_LV5___20_', 'FLOWINATP1_LV5___20_'}
| | | | | | +-- , 57 , set() , {'POSITIONATINTERN_LV5___20_', 'MEASUREDPOSITIONATINTERN_LV5___20_'}
| | | | | | +-- , 59 , set() , {'POSITIONATINTERN_LV5___20_', 'LV5__20_', 'COMMANDATP3_LV5___20_'}
| | | | | +-- , 13 , {17, 45, 15} , {'PRESSUREATP1B_LV7___14_', 'PRESSUREATP1A_LV7___14_', 'FLOWINATP1_LV5___20_', 'RESISTANCEATINTERN_LV7___14_', 'PRESSUREATP2_LV5___20_', 'FLOWINATP1A_LV7___14_', 'FLOWINATP1B_LV7___14_', 'POSITIONATINTERN_LV7___14_'}
| | | | | | +-- , 17 , {20} , {'PRESSUREATP1B_LV7___14_', 'PRESSUREATP1A_LV7___14_', 'FLOWOUTATP1B_LV7___14_', 'RESISTANCEATINTERN_LV7___14_', 'RESINTCONST_LV7___14_', 'FLOWINATP1A_LV7___14_', 'FLOWINATP1B_LV7___14_', 'POSITIONATINTERN_LV7___14_'}
| | | | | | | +-- , 20 , {43, 22} , {'PRESSUREATP1A_LV7___14_', 'PRESSUREATP1B_LV7___14_', 'FLOWOUTATP1B_LV7___14_', 'TT1_S_LV7__19_', 'RESISTANCEATINTERN_LV7___14_', 'RESINTCONST_LV7___14_', 'FLOWINATP1A_LV7___14_', 'FLOWINATP2_TT1___17_', 'POSITIONATINTERN_LV7___14_', 'FLOWOUTATP1A_LV7___14_'}
| | | | | | | | +-- , 43 , set() , {'FLOWINATP2_TT1___17_', 'FLOWOUTATP2_TT1___17_'}
| | | | | | | | +-- , 22 , {24, 41} , {'PRESSUREATP1A_LV7___14_', 'PRESSUREATP1B_LV7___14_', 'FLOWINATP1_TT1___17_', 'TT1_S_LV7__18_', 'FLOWINATP2_TT1___17_', 'FLOWOUTATP1A_LV7___14_'}
| | | | | | | | | +-- , 24 , {27, 29} , {'PRESSUREATP1A_LV7___14_', 'PRESSUREATP1B_LV7___14_', 'FLOWINATP1_TT1___17_', 'BOTHFLOWSPRESENTATINTERN_TT1___17_', 'FLOWINATP2_TT1___17_', 'PRESSUREATP2_TT1___17_'}
| | | | | | | | | | +-- , 27 , set() , {'BOTHFLOWSPRESENTATINTERN_TT1___17_', 'FLOWINATP2_TT1___17_', 'INTRES2CONST_TT1___17_', 'R2ATINTERN_TT1___17_', 'PRESSUREATP2_TT1___17_'}
| | | | | | | | | | +-- , 29 , {33, 31} , {'PRESSUREATP1A_LV7___14_', 'FLOWINATP1_TT1___17_', 'PRESSUREATP1_TT1___17_', 'BOTHFLOWSPRESENTATINTERN_TT1___17_', 'PRESSUREATP2_TT1___17_'}
| | | | | | | | | | | +-- , 33 , {35, 37} , {'PRESSUREATP3_TT1___17_', 'PRESSUREATP1_TT1___17_', 'PRESSUREATP2_TT1___17_'}
| | | | | | | | | | | | +-- , 35 , set() , {'PT1__23_', 'PRESSUREATP3_TT1___17_', 'MEASUREDPRESSUREATINTERN_PT1___23_'}
| | | | | | | | | | | | +-- , 37 , {39} , {'TEMPERATUREATP4_TT1___17_', 'PRESSUREATP3_TT1___17_'}
| | | | | | | | | | | | | +-- , 39 , set() , {'MEASUREDTEMPERATUREATINTERN_T1___22_', 'T1__22_', 'TEMPERATUREATP4_TT1___17_'}
| | | | | | | | | | | +-- , 31 , set() , {'FLOWINATP1_TT1___17_', 'INTRES1CONST_TT1___17_', 'PRESSUREATP1_TT1___17_', 'BOTHFLOWSPRESENTATINTERN_TT1___17_', 'R1ATINTERN_TT1___17_'}
| | | | | | | | | +-- , 41 , set() , {'FLOWINATP1_TT1___17_', 'FLOWOUTATP1_TT1___17_'}
| | | | | | +-- , 45 , {47} , {'FLOWOUTATP2B_LV7___14_', 'FLOWINATP1_LV5___20_', 'FLOWINATP1B_LV7___14_', 'PRESSUREATP2_LV5___20_'}
| | | | | | | +-- , 47 , {49} , {'FLOWOUTATP2B_LV7___14_', 'FLOWINATP1_LV5___20_', 'PRESSUREATP2_LV5___20_', 'FLOWINATP2B_LV7___14_'}
| | | | | | | | +-- , 49 , {51} , {'FLOWOUTATP2_LV5___20_', 'LV7_S_LV5__15_', 'FLOWINATP1_LV5___20_', 'PRESSUREATP2_LV5___20_', 'FLOWINATP2B_LV7___14_'}
| | | | | | | | | +-- , 51 , set() , {'FLOWINATP2_LV5___20_', 'FLOWOUTATP2_LV5___20_'}
| | | | | | +-- , 15 , set() , {'PRESSUREATP1B_LV7___14_', 'PRESSUREATP2B_LV7___14_', 'RESISTANCEATINTERN_LV7___14_', 'PRESSUREATP2_LV5___20_', 'FLOWINATP1B_LV7___14_', 'POSITIONATINTERN_LV7___14_'}
| | | | +-- , 61 , {63} , {'PRESSUREATP1_PR2___9_', 'PRESSUREATP1_LV5___20_', 'PRESSUREATP2_PR2___9_', 'PRESSUREATP2_LV2___4_'}
| | | | | +-- , 63 , set() , {'PRESSUREATP1_PR2___9_', 'DEGRADEDPRESSURECONST_PR2___9_', 'PRESSUREATP2_PR2___9_', 'REGULATEDPRESSURECONST_PR2___9_', 'PR2__9_'}
| | | +-- , 87 , set() , {'COMMANDATP3_LV7___14_', 'POSITIONATINTERN_LV7___14_', 'LV7__14_'}
| +-- , 148 , set() , {'FLOWOUTATP2_PR1___8_', 'PRESSUREATP2_PR1___8_', 'LV6_S_PR1__12_', 'FLOWINATP1_LV6___21_'}
| +-- , 91 , {97, 138, 140, 93} , {'FLOWOUTATP2_LV2___4_', 'PRESSUREATP2_PR1___8_', 'FLOWINATP1_LV2___4_', 'PRESSUREATP1_LV2___4_', 'RESISTANCEATINTERN_LV2___4_', 'POSITIONATINTERN_LV2___4_', 'FLOWOUTATP2_PR1___8_', 'PRESSUREATP2_LV2___4_'}
| | +-- , 97 , {136, 100, 102, 134, 126} , {'POSITIONATINTERN_LV1___3_', 'FLOWINATP1_LV1___3_', 'PRESSUREATP1_LV1___3_', 'RESISTANCEATINTERN_LV1___3_', 'PRESSUREATP2_PR1___8_', 'FLOWINATP1_LV2___4_', 'PRESSUREATP1_LV2___4_', 'PRESSUREATP2_LV1___3_', 'FLOWOUTATP2_PR1___8_'}
| | | +-- , 136 , set() , {'POSITIONATINTERN_LV1___3_', 'MEASUREDPOSITIONATINTERN_LV1___3_'}
| | | +-- , 100 , set() , {'RESISTANCEATINTERN_LV1___3_', 'RESINTCONST_LV1___3_', 'POSITIONATINTERN_LV1___3_', 'FLOWINATP1_LV1___3_'}
| | | +-- , 102 , {104, 122, 124} , {'FLOWINATP2_N1___2_', 'FLOWINATP1_LV1___3_', 'PRESSUREATP1_LV1___3_', 'FLOWINATP1_LV2___4_', 'PRESSUREATP1_LV2___4_'}
| | | | +-- , 104 , {118, 120, 106} , {'FLOWINATP3_N1___2_', 'FLOWINATP2_N1___2_', 'PRESSUREATP1_LV2___4_', 'FLOWINATP1_LV1___3_', 'PRESSUREATP1_LV1___3_'}
| | | | | +-- , 118 , set() , {'FLOWINATP3_N1___2_', 'FLOWINATP1_LV1___3_', 'PRESSUREATP1_LV1___3_', 'N1_S_LV1__6_', 'FLOWOUTATP1_LV1___3_'}
| | | | | +-- , 120 , set() , {'FLOWINATP3_N1___2_', 'FLOWOUTATP3_N1___2_'}
| | | | | +-- , 106 , {114, 108, 110} , {'FLOWINATP3_N1___2_', 'FLOWINATP2_N1___2_', 'PRESSUREATP2_N1___2_', 'PRESSUREATP1_LV1___3_', 'PRESSUREATP1_N1___2_', 'PRESSUREATP1_LV2___4_'}
| | | | | | +-- , 114 , {116} , {'PRESSUREATP1_N1___2_', 'PRESSUREATP1_PRES1___1_'}
| | | | | | | +-- , 116 , set() , {'PRESSUREATP1_PRES1___1_', 'LOADPRESCONST_PRES1___1_'}
| | | | | | +-- , 108 , set() , {'PRESSUREATP3_N1___2_', 'PRESSUREATP1_LV1___3_', 'PRESSUREATP1_N1___2_', 'PRESSUREATP2_N1___2_'}
| | | | | | +-- , 110 , {112} , {'FLOWINATP1_PRES1___1_', 'FLOWINATP1_N1___2_', 'FLOWINATP3_N1___2_', 'PRESSUREATP1_N1___2_', 'FLOWINATP2_N1___2_', 'PRES1_S_N1__5_', 'FLOWOUTATP1_N1___2_'}
| | | | | | | +-- , 112 , set() , {'FLOWINATP1_PRES1___1_', 'FLOWOUTATP1_PRES1___1_'}
| | | | +-- , 122 , set() , {'FLOWOUTATP2_N1___2_', 'FLOWINATP2_N1___2_'}
| | | | +-- , 124 , set() , {'FLOWINATP2_N1___2_', 'N1_S_LV2__7_', 'FLOWINATP1_LV2___4_', 'PRESSUREATP1_LV2___4_', 'FLOWOUTATP1_LV2___4_'}
| | | +-- , 134 , set() , {'LV1__3_', 'POSITIONATINTERN_LV1___3_', 'COMMANDATP3_LV1___3_'}
| | | +-- , 126 , {128, 132} , {'FLOWINATP1_LV1___3_', 'PRESSUREATP2_PR1___8_', 'FLOWOUTATP1_PR1___8_', 'PRESSUREATP2_LV1___3_', 'FLOWOUTATP2_PR1___8_'}
| | | | +-- , 128 , {130} , {'PRESSUREATP1_PR1___8_', 'FLOWINATP1_LV1___3_', 'PR1__8_', 'REGULATEDPRESSURECONST_PR1___8_', 'LV1_S_PR1__11_', 'PRESSUREATP2_PR1___8_', 'DEGRADEDPRESSURECONST_PR1___8_', 'FLOWOUTATP1_PR1___8_', 'FLOWINATP2_LV1___3_', 'PRESSUREATP2_LV1___3_'}
| | | | | +-- , 130 , set() , {'FLOWOUTATP2_LV1___3_', 'FLOWINATP2_LV1___3_', 'FLOWINATP1_LV1___3_'}
| | | | +-- , 132 , set() , {'FLOWINATP1_PR1___8_', 'FLOWOUTATP2_PR1___8_', 'FLOWOUTATP1_PR1___8_'}
| | +-- , 138 , set() , {'FLOWINATP1_LV2___4_', 'RESINTCONST_LV2___4_', 'RESISTANCEATINTERN_LV2___4_', 'POSITIONATINTERN_LV2___4_'}
| | +-- , 140 , set() , {'COMMANDATP3_LV2___4_', 'POSITIONATINTERN_LV2___4_', 'LV2__4_'}
| | +-- , 93 , set() , {'MEASUREDPOSITIONATINTERN_LV2___4_', 'POSITIONATINTERN_LV2___4_'}
| +-- , 142 , set() , {'FLOWINATP2_PR1___8_', 'FLOWOUTATP2_PR1___8_'}


Max number of edges with non zero Y: 5
Max number of iterations of outer rounding loop: 3
Max number of candidate sets: 2
Time spent rounding: 31.993
Time spent solving Separator LP: 2.551
Total time spent solving: 46.864

LP Solver: GaifmanNormal
Lower Bound Witness = ({'FLOWINATP1_N1___2_', 'FLOWINATP1_LV1___3_', 'PR1__8_', 'PRESSUREATP2_PR1___8_', 'LV2__4_', 'PR2__9_', 'MEASUREDPOSITIONATINTERN_LV7___14_', 'MEASUREDPOSITIONATINTERN_LV1___3_', 'LV6_S_PR1__12_', 'RESINTCONST_LV7___14_', 'FLOWOUTATP1_PR2___9_', 'LV6__21_', 'TEMPERATUREATP4_TT1___17_', 'LV1__3_', 'POSITIONATINTERN_LV2___4_', 'PRESSUREATP2_TT1___17_', 'PRESSUREATP1_LV6___21_', 'DEGRADEDPRESSURECONST_PR2___9_', 'LV5__20_', 'N1_S_LV2__7_', 'PRESSUREATP1_N1___2_', 'MEASUREDPOSITIONATINTERN_LV5___20_', 'PRESSUREATP2_LV1___3_', 'FLOWOUTATP1A_LV7___14_', 'FLOWINATP2_LV6___21_', 'FLOWINATP2_N1___2_', 'COMMANDATP3_LV7___14_', 'FLOWOUTATP2B_LV7___14_', 'PRESSUREATP1_LV2___4_', 'FLOWOUTATP1_LV5___20_', 'DEGRADEDPRESSURECONST_PR1___8_', 'PRESSUREATP3_N1___2_', 'COMMANDATP3_LV5___20_', 'MEASUREDPOSITIONATINTERN_LV6___21_', 'PRESSUREATP2B_LV7___14_', 'PT1__23_', 'PRESSUREATP1_TT1___17_', 'MEASUREDTEMPERATUREATINTERN_T1___22_', 'RESINTCONST_LV2___4_', 'N1_S_LV1__6_', 'PRESSUREATP1_PR1___8_', 'PRESSUREATP2_PR2___9_', 'PRESSUREATP2_LV5___20_', 'REGULATEDPRESSURECONST_PR1___8_', 'FLOWOUTATP2_LV5___20_', 'PRESSUREATP1_PRES1___1_', 'FLOWINATP1_PR2___9_', 'FLOWINATP1B_LV7___14_', 'INTRES2CONST_TT1___17_', 'POSITIONATINTERN_LV5___20_', 'FLOWOUTATP2_LV1___3_', 'PRESSUREATP1A_LV7___14_', 'FLOWOUTATP1_N1___2_', 'RESISTANCEATINTERN_LV2___4_', 'FLOWOUTATP1_LV6___21_', 'PRESSUREATP1_PR2___9_', 'LV7_S_LV6__16_', 'POSITIONATINTERN_LV6___21_', 'REGULATEDPRESSURECONST_PR2___9_', 'COMMANDATP3_LV2___4_', 'FLOWOUTATP2_TT1___17_', 'PRESSUREATP2_LV2___4_', 'PRESSUREATP1_LV5___20_', 'PRESSUREATP2_LV6___21_', 'FLOWINATP2_TT1___17_', 'RESISTANCEATINTERN_LV5___20_', 'POSITIONATINTERN_LV1___3_', 'T1__22_', 'RESISTANCEATINTERN_LV1___3_', 'RESINTCONST_LV6___21_', 'COMMANDATP3_LV1___3_', 'COMMANDATP3_LV6___21_', 'FLOWOUTATP2_PR1___8_', 'PRES1_S_N1__5_', 'PRESSUREATP1_LV1___3_', 'FLOWINATP1_LV2___4_', 'LV7_S_LV5__15_', 'FLOWOUTATP1_PR1___8_', 'POSITIONATINTERN_LV7___14_', 'RESINTCONST_LV1___3_', 'FLOWINATP2B_LV7___14_', 'FLOWINATP1_PRES1___1_', 'FLOWINATP2_LV2___4_', 'FLOWINATP1_TT1___17_', 'FLOWINATP1_LV6___21_', 'LOADPRESCONST_PRES1___1_', 'PRESSUREATP2A_LV7___14_', 'PRESSUREATP3_TT1___17_', 'BOTHFLOWSPRESENTATINTERN_TT1___17_', 'FLOWOUTATP1_PRES1___1_', 'FLOWOUTATP1_TT1___17_', 'LV7__14_', 'FLOWINATP2_LV1___3_', 'FLOWINATP2_PR1___8_', 'FLOWOUTATP1B_LV7___14_', 'FLOWOUTATP2_PR2___9_', 'FLOWINATP2_LV5___20_', 'INTRES1CONST_TT1___17_', 'FLOWINATP1_PR1___8_', 'PR2_S_LV2__10_', 'LV1_S_PR1__11_', 'FLOWINATP3_N1___2_', 'PRESSUREATP2_N1___2_', 'FLOWOUTATP2_LV2___4_', 'FLOWINATP1_LV5___20_', 'MEASUREDPOSITIONATINTERN_LV2___4_', 'FLOWOUTATP1_LV2___4_', 'PRESSUREATP1B_LV7___14_', 'FLOWOUTATP2_LV6___21_', 'TT1_S_LV7__19_', 'RESISTANCEATINTERN_LV7___14_', 'FLOWOUTATP2_N1___2_', 'TT1_S_LV7__18_', 'PR2_S_LV5__13_', 'FLOWOUTATP2A_LV7___14_', 'MEASUREDPRESSUREATINTERN_PT1___23_', 'R2ATINTERN_TT1___17_', 'RESISTANCEATINTERN_LV6___21_', 'FLOWOUTATP3_N1___2_', 'RESINTCONST_LV5___20_', 'FLOWINATP2A_LV7___14_', 'FLOWINATP1A_LV7___14_', 'R1ATINTERN_TT1___17_', 'FLOWOUTATP1_LV1___3_', 'FLOWINATP2_PR2___9_'}, {'FLOWINATP2_LV2___4_', 'PRESSUREATP1A_LV7___14_', 'FLOWINATP1_LV1___3_', 'PT1__23_', 'FLOWOUTATP1_LV2___4_', 'PRESSUREATP3_TT1___17_', 'TT1_S_LV7__18_', 'RESINTCONST_LV6___21_', 'PRESSUREATP2_PR1___8_', 'PRESSUREATP1_N1___2_', 'LV7_S_LV5__15_', 'FLOWOUTATP2_TT1___17_', 'PRESSUREATP3_N1___2_', 'POSITIONATINTERN_LV2___4_'})