67, 0, 5.0, 5
+-- , 0 , {5, 90, 139, 141} , {'FLOWINATP1_PRES1___1_', 'PRESSUREATP1B_LV7___14_', 'FLOWOUTATP1B_LV7___14_', 'RESISTANCEATINTERN_LV7___14_', 'FLOWINATP1_PR1___8_', 'RESINTCONST_LV7___14_', 'FLOWOUTATP1_PRES1___1_', 'PRESSUREATP2_PR1___8_', 'FLOWINATP1B_LV7___14_', 'POSITIONATINTERN_LV7___14_'}
| +-- , 5 , {7} , {'FLOWINATP1_PRES1___1_', 'PRESSUREATP1B_LV7___14_', 'PRESSUREATP2B_LV7___14_', 'RESISTANCEATINTERN_LV7___14_', 'FLOWINATP1_PR1___8_', 'PRESSUREATP2_PR1___8_', 'FLOWINATP1B_LV7___14_', 'POSITIONATINTERN_LV7___14_'}
| | +-- , 7 , {9, 86} , {'FLOWINATP1_PRES1___1_', 'PRES1_S_N1__5_', 'PRESSUREATP2B_LV7___14_', 'PR1__8_', 'FLOWINATP1B_LV7___14_', 'FLOWINATP1_PR1___8_', 'PRESSUREATP2_PR1___8_', 'REGULATEDPRESSURECONST_PR1___8_', 'PRESSUREATP1_N1___2_', 'DEGRADEDPRESSURECONST_PR1___8_', 'FLOWOUTATP1_N1___2_', 'PRESSUREATP1_PR1___8_', 'FLOWOUTATP1_PR1___8_'}
| | | +-- , 9 , {11} , {'PRESSUREATP2B_LV7___14_', 'LV1_S_PR1__11_', 'PRESSUREATP1_N1___2_', 'FLOWINATP1B_LV7___14_', 'FLOWOUTATP1_N1___2_', 'FLOWINATP2_LV1___3_', 'PRESSUREATP1_PR1___8_', 'FLOWOUTATP1_PR1___8_'}
| | | | +-- , 11 , {17, 84, 82, 52, 13} , {'PRESSUREATP2B_LV7___14_', 'FLOWINATP1B_LV7___14_', 'PRESSUREATP1_N1___2_', 'FLOWINATP1_LV2___4_', 'PRESSUREATP1_LV2___4_', 'FLOWINATP2_LV1___3_', 'FLOWOUTATP1_N1___2_', 'RESISTANCEATINTERN_LV2___4_', 'PRESSUREATP1_PR1___8_', 'POSITIONATINTERN_LV2___4_', 'PRESSUREATP2_LV2___4_'}
| | | | | +-- , 17 , {50, 20} , {'PRESSUREATP2B_LV7___14_', 'FLOWINATP1_LV2___4_', 'FLOWINATP1B_LV7___14_', 'POSITIONATINTERN_LV5___20_', 'MEASUREDPOSITIONATINTERN_LV5___20_', 'PRESSUREATP2_LV2___4_'}
| | | | | | +-- , 50 , set() , {'POSITIONATINTERN_LV5___20_', 'LV5__20_', 'COMMANDATP3_LV5___20_'}
| | | | | | +-- , 20 , {48, 36, 22, 44} , {'PRESSUREATP1_LV5___20_', 'PRESSUREATP2B_LV7___14_', 'FLOWINATP1_LV5___20_', 'PRESSUREATP2_LV5___20_', 'FLOWINATP1_LV2___4_', 'FLOWINATP1B_LV7___14_', 'POSITIONATINTERN_LV5___20_', 'RESISTANCEATINTERN_LV5___20_', 'PRESSUREATP2_LV2___4_'}
| | | | | | | +-- , 48 , set() , {'RESINTCONST_LV5___20_', 'POSITIONATINTERN_LV5___20_', 'RESISTANCEATINTERN_LV5___20_', 'FLOWINATP1_LV5___20_'}
| | | | | | | +-- , 36 , {38} , {'FLOWOUTATP2B_LV7___14_', 'FLOWINATP1_LV5___20_', 'FLOWINATP1B_LV7___14_', 'PRESSUREATP2_LV5___20_'}
| | | | | | | | +-- , 38 , {40} , {'FLOWOUTATP2B_LV7___14_', 'FLOWINATP1_LV5___20_', 'PRESSUREATP2_LV5___20_', 'FLOWINATP2B_LV7___14_'}
| | | | | | | | | +-- , 40 , {42} , {'FLOWOUTATP2_LV5___20_', 'LV7_S_LV5__15_', 'FLOWINATP1_LV5___20_', 'PRESSUREATP2_LV5___20_', 'FLOWINATP2B_LV7___14_'}
| | | | | | | | | | +-- , 42 , set() , {'FLOWINATP2_LV5___20_', 'FLOWOUTATP2_LV5___20_'}
| | | | | | | +-- , 22 , {32, 24} , {'FLOWINATP1_LV2___4_', 'FLOWOUTATP2_PR2___9_', 'PRESSUREATP1_LV5___20_', 'FLOWINATP1_LV5___20_', 'PRESSUREATP2_LV2___4_'}
| | | | | | | | +-- , 32 , {34} , {'FLOWOUTATP2_PR2___9_', 'PRESSUREATP1_LV5___20_', 'FLOWINATP1_LV5___20_', 'FLOWINATP2_PR2___9_'}
| | | | | | | | | +-- , 34 , set() , {'PRESSUREATP1_LV5___20_', 'FLOWINATP1_LV5___20_', 'PR2_S_LV5__13_', 'FLOWOUTATP1_LV5___20_', 'FLOWINATP2_PR2___9_'}
| | | | | | | | +-- , 24 , {26, 30} , {'FLOWINATP1_LV2___4_', 'FLOWOUTATP2_PR2___9_', 'FLOWINATP1_PR2___9_', 'PRESSUREATP2_LV2___4_'}
| | | | | | | | | +-- , 26 , {28} , {'FLOWINATP1_LV2___4_', 'PRESSUREATP2_LV2___4_', 'FLOWOUTATP2_LV2___4_', 'FLOWINATP1_PR2___9_', 'PR2_S_LV2__10_'}
| | | | | | | | | | +-- , 28 , set() , {'FLOWINATP2_LV2___4_', 'FLOWOUTATP2_LV2___4_'}
| | | | | | | | | +-- , 30 , set() , {'FLOWOUTATP1_PR2___9_', 'FLOWINATP1_PR2___9_'}
| | | | | | | +-- , 44 , {46} , {'PRESSUREATP1_PR2___9_', 'PRESSUREATP1_LV5___20_', 'PRESSUREATP2_PR2___9_', 'PRESSUREATP2_LV2___4_'}
| | | | | | | | +-- , 46 , set() , {'PRESSUREATP1_PR2___9_', 'DEGRADEDPRESSURECONST_PR2___9_', 'PRESSUREATP2_PR2___9_', 'REGULATEDPRESSURECONST_PR2___9_', 'PR2__9_'}
| | | | | +-- , 84 , set() , {'COMMANDATP3_LV2___4_', 'POSITIONATINTERN_LV2___4_', 'LV2__4_'}
| | | | | +-- , 82 , set() , {'FLOWINATP1_LV2___4_', 'RESINTCONST_LV2___4_', 'RESISTANCEATINTERN_LV2___4_', 'POSITIONATINTERN_LV2___4_'}
| | | | | +-- , 52 , {54} , {'PRESSUREATP1_PR1___8_', 'PRESSUREATP1_N1___2_', 'FLOWINATP1_LV2___4_', 'PRESSUREATP1_LV2___4_', 'FLOWOUTATP1_N1___2_', 'FLOWINATP2_LV1___3_', 'FLOWOUTATP1_LV2___4_'}
| | | | | | +-- , 54 , {80, 56} , {'PRESSUREATP1_PR1___8_', 'FLOWINATP2_N1___2_', 'N1_S_LV2__7_', 'PRESSUREATP1_N1___2_', 'PRESSUREATP1_LV2___4_', 'FLOWOUTATP1_N1___2_', 'FLOWINATP2_LV1___3_', 'FLOWOUTATP1_LV2___4_'}
| | | | | | | +-- , 80 , set() , {'FLOWOUTATP2_N1___2_', 'FLOWINATP2_N1___2_'}
| | | | | | | +-- , 56 , {58} , {'FLOWOUTATP2_LV1___3_', 'FLOWINATP2_N1___2_', 'PRESSUREATP1_N1___2_', 'PRESSUREATP1_LV2___4_', 'FLOWOUTATP1_N1___2_', 'FLOWINATP2_LV1___3_', 'PRESSUREATP1_PR1___8_'}
| | | | | | | | +-- , 58 , {60} , {'PRESSUREATP1_PR1___8_', 'FLOWOUTATP2_LV1___3_', 'FLOWINATP2_N1___2_', 'FLOWINATP1_LV1___3_', 'PRESSUREATP1_N1___2_', 'PRESSUREATP1_LV2___4_', 'FLOWOUTATP1_N1___2_', 'PRESSUREATP2_LV1___3_'}
| | | | | | | | | +-- , 60 , {64, 68, 70, 78, 62} , {'FLOWINATP2_N1___2_', 'POSITIONATINTERN_LV1___3_', 'FLOWINATP1_LV1___3_', 'PRESSUREATP1_LV1___3_', 'RESISTANCEATINTERN_LV1___3_', 'PRESSUREATP1_N1___2_', 'PRESSUREATP1_LV2___4_', 'FLOWOUTATP1_N1___2_', 'PRESSUREATP2_LV1___3_'}
| | | | | | | | | | +-- , 64 , {66} , {'PRESSUREATP1_N1___2_', 'PRESSUREATP1_LV2___4_', 'PRESSUREATP3_N1___2_', 'PRESSUREATP1_LV1___3_'}
| | | | | | | | | | | +-- , 66 , set() , {'PRESSUREATP3_N1___2_', 'PRESSUREATP1_LV2___4_', 'PRESSUREATP1_N1___2_', 'PRESSUREATP2_N1___2_'}
| | | | | | | | | | +-- , 68 , set() , {'POSITIONATINTERN_LV1___3_', 'MEASUREDPOSITIONATINTERN_LV1___3_'}
| | | | | | | | | | +-- , 70 , {72} , {'FLOWINATP1_N1___2_', 'FLOWINATP2_N1___2_', 'FLOWINATP1_LV1___3_', 'PRESSUREATP1_LV1___3_', 'FLOWOUTATP1_N1___2_'}
| | | | | | | | | | | +-- , 72 , {74, 76} , {'FLOWINATP1_N1___2_', 'FLOWINATP3_N1___2_', 'FLOWINATP2_N1___2_', 'FLOWINATP1_LV1___3_', 'PRESSUREATP1_LV1___3_'}
| | | | | | | | | | | | +-- , 74 , set() , {'FLOWINATP3_N1___2_', 'FLOWOUTATP3_N1___2_'}
| | | | | | | | | | | | +-- , 76 , set() , {'FLOWINATP3_N1___2_', 'FLOWINATP1_LV1___3_', 'PRESSUREATP1_LV1___3_', 'N1_S_LV1__6_', 'FLOWOUTATP1_LV1___3_'}
| | | | | | | | | | +-- , 78 , set() , {'LV1__3_', 'POSITIONATINTERN_LV1___3_', 'COMMANDATP3_LV1___3_'}
| | | | | | | | | | +-- , 62 , set() , {'RESISTANCEATINTERN_LV1___3_', 'RESINTCONST_LV1___3_', 'POSITIONATINTERN_LV1___3_', 'FLOWINATP1_LV1___3_'}
| | | | | +-- , 13 , set() , {'MEASUREDPOSITIONATINTERN_LV2___4_', 'POSITIONATINTERN_LV2___4_'}
| | | +-- , 86 , {88} , {'PRESSUREATP1_N1___2_', 'PRESSUREATP1_PRES1___1_'}
| | | | +-- , 88 , set() , {'PRESSUREATP1_PRES1___1_', 'LOADPRESCONST_PRES1___1_'}
| +-- , 90 , {135, 137, 92} , {'PRESSUREATP1B_LV7___14_', 'FLOWOUTATP1B_LV7___14_', 'PRESSUREATP1_LV6___21_', 'TT1_S_LV7__19_', 'RESISTANCEATINTERN_LV7___14_', 'FLOWINATP1_PR1___8_', 'RESINTCONST_LV7___14_', 'PRESSUREATP2_PR1___8_', 'FLOWINATP2_TT1___17_', 'POSITIONATINTERN_LV7___14_', 'FLOWOUTATP2_PR1___8_'}
| | +-- , 135 , set() , {'FLOWINATP2_PR1___8_', 'FLOWOUTATP2_PR1___8_'}
| | +-- , 137 , set() , {'FLOWINATP2_TT1___17_', 'FLOWOUTATP2_TT1___17_'}
| | +-- , 92 , {129, 131, 133, 94, 127} , {'FLOWOUTATP2_PR1___8_', 'PRESSUREATP1B_LV7___14_', 'PRESSUREATP1_LV6___21_', 'POSITIONATINTERN_LV6___21_', 'FLOWINATP1_LV6___21_', 'RESISTANCEATINTERN_LV7___14_', 'PRESSUREATP2_LV6___21_', 'LV6_S_PR1__12_', 'RESINTCONST_LV7___14_', 'PRESSUREATP2_PR1___8_', 'FLOWINATP2_TT1___17_', 'RESISTANCEATINTERN_LV6___21_', 'POSITIONATINTERN_LV7___14_', 'FLOWOUTATP1A_LV7___14_'}
| | | +-- , 129 , set() , {'FLOWOUTATP1_LV6___21_', 'FLOWINATP1_LV6___21_'}
| | | +-- , 131 , set() , {'MEASUREDPOSITIONATINTERN_LV6___21_', 'POSITIONATINTERN_LV6___21_'}
| | | +-- , 133 , set() , {'POSITIONATINTERN_LV6___21_', 'COMMANDATP3_LV6___21_', 'LV6__21_'}
| | | +-- , 94 , {96, 115} , {'PRESSUREATP1A_LV7___14_', 'PRESSUREATP1B_LV7___14_', 'FLOWINATP1_LV6___21_', 'RESISTANCEATINTERN_LV7___14_', 'PRESSUREATP2_LV6___21_', 'FLOWINATP2_TT1___17_', 'POSITIONATINTERN_LV7___14_', 'FLOWOUTATP1A_LV7___14_'}
| | | | +-- , 96 , {98, 113} , {'PRESSUREATP1A_LV7___14_', 'PRESSUREATP1B_LV7___14_', 'FLOWINATP1_TT1___17_', 'TT1_S_LV7__18_', 'FLOWINATP2_TT1___17_', 'FLOWOUTATP1A_LV7___14_'}
| | | | | +-- , 98 , {102, 107, 111} , {'PRESSUREATP1A_LV7___14_', 'PRESSUREATP1B_LV7___14_', 'FLOWINATP1_TT1___17_', 'FLOWINATP2_TT1___17_', 'PRESSUREATP3_TT1___17_', 'PRESSUREATP1_TT1___17_', 'PRESSUREATP2_TT1___17_'}
| | | | | | +-- , 102 , {104} , {'FLOWINATP1_TT1___17_', 'PRESSUREATP1_TT1___17_', 'R1ATINTERN_TT1___17_', 'FLOWINATP2_TT1___17_', 'R2ATINTERN_TT1___17_', 'PRESSUREATP2_TT1___17_'}
| | | | | | | +-- , 104 , set() , {'FLOWINATP1_TT1___17_', 'INTRES1CONST_TT1___17_', 'BOTHFLOWSPRESENTATINTERN_TT1___17_', 'R1ATINTERN_TT1___17_', 'FLOWINATP2_TT1___17_', 'INTRES2CONST_TT1___17_', 'R2ATINTERN_TT1___17_'}
| | | | | | +-- , 107 , {109} , {'TEMPERATUREATP4_TT1___17_', 'PRESSUREATP3_TT1___17_'}
| | | | | | | +-- , 109 , set() , {'MEASUREDTEMPERATUREATINTERN_T1___22_', 'T1__22_', 'TEMPERATUREATP4_TT1___17_'}
| | | | | | +-- , 111 , set() , {'PT1__23_', 'PRESSUREATP3_TT1___17_', 'MEASUREDPRESSUREATINTERN_PT1___23_'}
| | | | | +-- , 113 , set() , {'FLOWINATP1_TT1___17_', 'FLOWOUTATP1_TT1___17_'}
| | | | +-- , 115 , {117, 125} , {'PRESSUREATP1A_LV7___14_', 'FLOWINATP1_LV6___21_', 'RESISTANCEATINTERN_LV7___14_', 'PRESSUREATP2_LV6___21_', 'FLOWINATP1A_LV7___14_', 'POSITIONATINTERN_LV7___14_', 'FLOWOUTATP1A_LV7___14_'}
| | | | | +-- , 117 , {119} , {'FLOWINATP1A_LV7___14_', 'FLOWOUTATP2A_LV7___14_', 'FLOWINATP1_LV6___21_', 'PRESSUREATP2_LV6___21_'}
| | | | | | +-- , 119 , {121} , {'FLOWOUTATP2A_LV7___14_', 'FLOWINATP2A_LV7___14_', 'FLOWINATP1_LV6___21_', 'PRESSUREATP2_LV6___21_'}
| | | | | | | +-- , 121 , {123} , {'FLOWOUTATP2_LV6___21_', 'LV7_S_LV6__16_', 'FLOWINATP2A_LV7___14_', 'FLOWINATP1_LV6___21_', 'PRESSUREATP2_LV6___21_'}
| | | | | | | | +-- , 123 , set() , {'FLOWOUTATP2_LV6___21_', 'FLOWINATP2_LV6___21_'}
| | | | | +-- , 125 , set() , {'PRESSUREATP1A_LV7___14_', 'RESISTANCEATINTERN_LV7___14_', 'PRESSUREATP2A_LV7___14_', 'PRESSUREATP2_LV6___21_', 'FLOWINATP1A_LV7___14_', 'POSITIONATINTERN_LV7___14_'}
| | | +-- , 127 , set() , {'POSITIONATINTERN_LV6___21_', 'RESISTANCEATINTERN_LV6___21_', 'RESINTCONST_LV6___21_', 'FLOWINATP1_LV6___21_'}
| +-- , 139 , set() , {'POSITIONATINTERN_LV7___14_', 'MEASUREDPOSITIONATINTERN_LV7___14_'}
| +-- , 141 , set() , {'COMMANDATP3_LV7___14_', 'POSITIONATINTERN_LV7___14_', 'LV7__14_'}


Max number of edges with non zero Y: 57
Max number of iterations of outer rounding loop: 4
Max number of candidate sets: 2
Time spent rounding: 19.288
Time spent solving Separator LP: 0.159
Total time spent solving: 26.857

LP Solver: gammaPlusFractionalCoverHeuristic
Lower Bound Witness = ({'FLOWINATP1_N1___2_', 'FLOWINATP1_LV1___3_', 'PR1__8_', 'PRESSUREATP2_PR1___8_', 'LV2__4_', 'PR2__9_', 'MEASUREDPOSITIONATINTERN_LV7___14_', 'MEASUREDPOSITIONATINTERN_LV1___3_', 'LV6_S_PR1__12_', 'RESINTCONST_LV7___14_', 'FLOWOUTATP1_PR2___9_', 'LV6__21_', 'TEMPERATUREATP4_TT1___17_', 'LV1__3_', 'POSITIONATINTERN_LV2___4_', 'PRESSUREATP2_TT1___17_', 'PRESSUREATP1_LV6___21_', 'DEGRADEDPRESSURECONST_PR2___9_', 'LV5__20_', 'N1_S_LV2__7_', 'PRESSUREATP1_N1___2_', 'MEASUREDPOSITIONATINTERN_LV5___20_', 'PRESSUREATP2_LV1___3_', 'FLOWOUTATP1A_LV7___14_', 'FLOWINATP2_LV6___21_', 'FLOWINATP2_N1___2_', 'COMMANDATP3_LV7___14_', 'FLOWOUTATP2B_LV7___14_', 'PRESSUREATP1_LV2___4_', 'FLOWOUTATP1_LV5___20_', 'DEGRADEDPRESSURECONST_PR1___8_', 'PRESSUREATP3_N1___2_', 'COMMANDATP3_LV5___20_', 'MEASUREDPOSITIONATINTERN_LV6___21_', 'PRESSUREATP2B_LV7___14_', 'PT1__23_', 'PRESSUREATP1_TT1___17_', 'MEASUREDTEMPERATUREATINTERN_T1___22_', 'RESINTCONST_LV2___4_', 'N1_S_LV1__6_', 'PRESSUREATP1_PR1___8_', 'PRESSUREATP2_PR2___9_', 'PRESSUREATP2_LV5___20_', 'REGULATEDPRESSURECONST_PR1___8_', 'FLOWOUTATP2_LV5___20_', 'PRESSUREATP1_PRES1___1_', 'FLOWINATP1_PR2___9_', 'FLOWINATP1B_LV7___14_', 'INTRES2CONST_TT1___17_', 'POSITIONATINTERN_LV5___20_', 'FLOWOUTATP2_LV1___3_', 'PRESSUREATP1A_LV7___14_', 'FLOWOUTATP1_N1___2_', 'RESISTANCEATINTERN_LV2___4_', 'FLOWOUTATP1_LV6___21_', 'PRESSUREATP1_PR2___9_', 'LV7_S_LV6__16_', 'POSITIONATINTERN_LV6___21_', 'REGULATEDPRESSURECONST_PR2___9_', 'COMMANDATP3_LV2___4_', 'FLOWOUTATP2_TT1___17_', 'PRESSUREATP2_LV2___4_', 'PRESSUREATP1_LV5___20_', 'PRESSUREATP2_LV6___21_', 'FLOWINATP2_TT1___17_', 'RESISTANCEATINTERN_LV5___20_', 'POSITIONATINTERN_LV1___3_', 'T1__22_', 'RESISTANCEATINTERN_LV1___3_', 'RESINTCONST_LV6___21_', 'COMMANDATP3_LV1___3_', 'COMMANDATP3_LV6___21_', 'FLOWOUTATP2_PR1___8_', 'PRES1_S_N1__5_', 'PRESSUREATP1_LV1___3_', 'FLOWINATP1_LV2___4_', 'LV7_S_LV5__15_', 'FLOWOUTATP1_PR1___8_', 'POSITIONATINTERN_LV7___14_', 'RESINTCONST_LV1___3_', 'FLOWINATP2B_LV7___14_', 'FLOWINATP1_PRES1___1_', 'FLOWINATP2_LV2___4_', 'FLOWINATP1_TT1___17_', 'FLOWINATP1_LV6___21_', 'LOADPRESCONST_PRES1___1_', 'PRESSUREATP2A_LV7___14_', 'PRESSUREATP3_TT1___17_', 'BOTHFLOWSPRESENTATINTERN_TT1___17_', 'FLOWOUTATP1_PRES1___1_', 'FLOWOUTATP1_TT1___17_', 'LV7__14_', 'FLOWINATP2_LV1___3_', 'FLOWINATP2_PR1___8_', 'FLOWOUTATP1B_LV7___14_', 'FLOWOUTATP2_PR2___9_', 'FLOWINATP2_LV5___20_', 'INTRES1CONST_TT1___17_', 'FLOWINATP1_PR1___8_', 'PR2_S_LV2__10_', 'LV1_S_PR1__11_', 'FLOWINATP3_N1___2_', 'PRESSUREATP2_N1___2_', 'FLOWOUTATP2_LV2___4_', 'FLOWINATP1_LV5___20_', 'MEASUREDPOSITIONATINTERN_LV2___4_', 'FLOWOUTATP1_LV2___4_', 'PRESSUREATP1B_LV7___14_', 'FLOWOUTATP2_LV6___21_', 'TT1_S_LV7__19_', 'RESISTANCEATINTERN_LV7___14_', 'FLOWOUTATP2_N1___2_', 'TT1_S_LV7__18_', 'PR2_S_LV5__13_', 'FLOWOUTATP2A_LV7___14_', 'MEASUREDPRESSUREATINTERN_PT1___23_', 'R2ATINTERN_TT1___17_', 'RESISTANCEATINTERN_LV6___21_', 'FLOWOUTATP3_N1___2_', 'RESINTCONST_LV5___20_', 'FLOWINATP2A_LV7___14_', 'FLOWINATP1A_LV7___14_', 'R1ATINTERN_TT1___17_', 'FLOWOUTATP1_LV1___3_', 'FLOWINATP2_PR2___9_'}, {'TT1_S_LV7__19_', 'RESINTCONST_LV7___14_', 'FLOWOUTATP1_PRES1___1_', 'FLOWINATP1_LV2___4_', 'FLOWOUTATP1_LV2___4_'})