11, 2.282443713635214, 7.0, 7
+-- , 0 , {5, 28} , {'xL11J', 'xL14J', 'xL8J', 'xL19J', 'xL9J', 'xL17J', 'xL3J', 'xL15J', 'xL21J', 'xL24J', 'xL1J'}
| +-- , 5 , {17, 9, 13} , {'xL18J', 'xL11J', 'xL20J', 'xL14J', 'xL8J', 'xL19J', 'xL9J', 'xL17J', 'xL3J', 'xL21J', 'xL12J', 'xL22J', 'xL24J', 'xL1J'}
| | +-- , 17 , {19} , {'xL11J', 'xL0J', 'xL14J', 'xL8J', 'xL19J', 'xL9J', 'xL3J', 'xL21J', 'xL12J', 'xL22J', 'xL24J', 'xL1J'}
| | | +-- , 19 , {24, 22} , {'xL9J', 'xL3J', 'xL2J', 'xL21J', 'xL4J', 'xL11J', 'xL0J', 'xL14J', 'xL8J', 'xL1J', 'xL19J'}
| | | | +-- , 24 , {26} , {'xL21J', 'xL10J', 'xL4J', 'xL11J', 'xL2J'}
| | | | | +-- , 26 , set() , {'xL13J', 'xL10J', 'xL4J', 'xL11J', 'xL2J'}
| | | | +-- , 22 , set() , {'xL4J', 'xL6J', 'xL11J', 'xL0J', 'xL8J', 'xL1J'}
| | +-- , 9 , set() , {'xL18J', 'xL17J', 'xL22J', 'xL11J', 'xL20J', 'xL24J', 'xL14J', 'xL7J'}
| | +-- , 13 , {15} , {'xL18J', 'xL17J', 'xL9J', 'xL12J', 'xL20J', 'xL23J'}
| | | +-- , 15 , set() , {'xL9J', 'xL18J', 'xL16J', 'xL20J', 'xL23J'}
| +-- , 28 , set() , {'xL5J', 'xL3J', 'xL14J'}


Max number of edges with non zero Y: 24
Max number of iterations of outer rounding loop: 6
Max number of candidate sets: 2
Time spent rounding: 25.060
Time spent solving Separator LP: 0.879
Total time spent solving: 29.385

LP Solver: GaifmanBoosted
Lower Bound Witness = ({'xL18J', 'xL16J', 'xL23J', 'xL14J', 'xL17J', 'xL15J', 'xL21J', 'xL12J', 'xL22J', 'xL6J', 'xL2J', 'xL1J', 'xL10J', 'xL4J', 'xL11J', 'xL20J', 'xL0J', 'xL8J', 'xL5J', 'xL19J', 'xL7J', 'xL9J', 'xL13J', 'xL3J', 'xL24J'}, {'xL9J', 'xL17J', 'xL3J', 'xL16J', 'xL15J', 'xL21J', 'xL10J', 'xL4J', 'xL22J', 'xL6J', 'xL11J', 'xL20J', 'xL23J', 'xL24J', 'xL14J', 'xL5J', 'xL1J', 'xL19J'})