100, 1.9028301660853997, 8.0, 8
+-- , 0 , {3, 205, 213, 184, 217, 94, 191} , {'G77', 'G19', 'G125', 'G161', 'G23', 'G136', 'G76', 'G133', 'G144', 'G162', 'G139', 'G147', 'G79', 'G93', 'G95', 'G165', 'G20', 'G74', 'G78', 'G152', 'G163', 'G75', 'G22'}
| +-- , 3 , {5} , {'G58', 'G79', 'G97', 'G152', 'G161', 'G17', 'G59'}
| | +-- , 5 , {29, 8, 78} , {'G58', 'G55', 'G56', 'G72', 'G97', 'G152', 'G161', 'G57', 'G17', 'G59'}
| | | +-- , 29 , {65, 31} , {'G42', 'G98', 'G152', 'G41', 'G31', 'G57'}
| | | | +-- , 65 , {68} , {'G155', 'G31', 'G153', 'G152'}
| | | | | +-- , 68 , {70} , {'G155', 'G154', 'G31', 'G153'}
| | | | | | +-- , 70 , {72} , {'G158', 'G154', 'G31', 'G159'}
| | | | | | | +-- , 72 , {74} , {'G158', 'G157', 'G31', 'G159', 'G156', 'G160'}
| | | | | | | | +-- , 74 , {76} , {'I382', 'G160'}
| | | | | | | | | +-- , 76 , set() , {'G1', 'I382'}
| | | | +-- , 31 , {59, 34} , {'G42', 'G98', 'G12', 'G152', 'G41', 'G11', 'G33', 'G13'}
| | | | | +-- , 59 , {61} , {'I180', 'G98', 'G152', 'G37', 'G38', 'G11', 'I181'}
| | | | | | +-- , 61 , {63} , {'G38', 'I180', 'I181', 'G40'}
| | | | | | | +-- , 63 , set() , {'I182', 'I180', 'I181', 'G40'}
| | | | | +-- , 34 , {57, 37} , {'G42', 'G98', 'I190', 'G12', 'G43', 'G152', 'I192', 'G11', 'G33', 'G13'}
| | | | | | +-- , 57 , set() , {'G42', 'I190', 'I191', 'G12', 'G44', 'I192'}
| | | | | | +-- , 37 , {39} , {'G98', 'G12', 'G50', 'G43', 'G49', 'G152', 'G34', 'G11', 'G33', 'G13'}
| | | | | | | +-- , 39 , {41, 49} , {'G35', 'G98', 'G36', 'G50', 'G12', 'G49', 'G152', 'G51', 'G34', 'G33', 'G13'}
| | | | | | | | +-- , 41 , {43} , {'G35', 'G47', 'G98', 'G152', 'G34', 'I200', 'G13'}
| | | | | | | | | +-- , 43 , {45} , {'G47', 'G45', 'G98', 'G46', 'G152', 'I200', 'G13'}
| | | | | | | | | | +-- , 45 , {47} , {'G47', 'G46', 'I200', 'G48', 'G13'}
| | | | | | | | | | | +-- , 47 , set() , {'G47', 'I201', 'I200', 'I202', 'G48', 'G13'}
| | | | | | | | +-- , 49 , {51, 55} , {'G98', 'I210', 'G50', 'G49', 'G51', 'G14', 'G33'}
| | | | | | | | | +-- , 51 , {53} , {'I210', 'G50', 'G52', 'G51', 'G14'}
| | | | | | | | | | +-- , 53 , set() , {'I210', 'G52', 'G51', 'I211', 'I212', 'G14'}
| | | | | | | | | +-- , 55 , set() , {'G32', 'G14', 'G98', 'G33'}
| | | +-- , 8 , {19, 10, 25} , {'G58', 'G15', 'G16', 'G55', 'G56', 'G72', 'G97', 'G54', 'G152', 'G57', 'G17', 'G59'}
| | | | +-- , 19 , {21} , {'I255', 'G72', 'G97', 'G152', 'I257', 'G54', 'G57', 'G53'}
| | | | | +-- , 21 , {23} , {'I255', 'G70', 'G72', 'G97', 'G152', 'I257', 'G18', 'G71', 'G53'}
| | | | | | +-- , 23 , set() , {'I255', 'I256', 'I257', 'G18', 'G71', 'G73'}
| | | | +-- , 10 , {12} , {'G16', 'G55', 'G97', 'G152', 'G57', 'G64'}
| | | | | +-- , 12 , {15} , {'G16', 'G97', 'G152', 'G63', 'G62', 'I235', 'G64'}
| | | | | | +-- , 15 , {17} , {'G16', 'G63', 'G65', 'I235', 'G64'}
| | | | | | | +-- , 17 , set() , {'G16', 'I236', 'I237', 'G65', 'I235', 'G64'}
| | | | +-- , 25 , {27} , {'G15', 'I226', 'I225', 'G61', 'G57', 'G60', 'G59'}
| | | | | +-- , 27 , set() , {'I226', 'I225', 'G61', 'I227', 'G60'}
| | | +-- , 78 , {80} , {'G55', 'G56', 'G66', 'G97', 'G152', 'G67', 'G57', 'G17'}
| | | | +-- , 80 , {82} , {'G55', 'G56', 'G69', 'G67', 'G57', 'G17'}
| | | | | +-- , 82 , {84} , {'G55', 'G56', 'G68', 'G69', 'I245', 'G57', 'G17'}
| | | | | | +-- , 84 , set() , {'I247', 'G68', 'G69', 'I245', 'I246', 'G17'}
| +-- , 205 , {211, 207} , {'G19', 'G81', 'G79', 'G93', 'G152'}
| | +-- , 211 , set() , {'G19', 'G81', 'G93', 'G80', 'G152'}
| | +-- , 207 , {209} , {'G19', 'G83', 'G82', 'G81', 'G79'}
| | | +-- , 209 , set() , {'G19', 'G83', 'G82', 'I272', 'I271', 'I273'}
| +-- , 213 , {215} , {'I282', 'G84', 'G86', 'G79', 'G93', 'G152', 'G76', 'G20', 'I281', 'G85'}
| | +-- , 215 , set() , {'I282', 'I283', 'G86', 'G87', 'I281', 'G85'}
| +-- , 184 , {187} , {'G94', 'G93', 'G152', 'G95', 'G92', 'G22', 'I302'}
| | +-- , 187 , {189} , {'G94', 'G96', 'G95', 'G22', 'I302'}
| | | +-- , 189 , set() , {'I303', 'G96', 'G95', 'I304', 'G22', 'I302'}
| +-- , 217 , {219} , {'I372', 'G152'}
| | +-- , 219 , set() , {'I372', 'G0'}
| +-- , 94 , {96, 114} , {'G77', 'G19', 'G117', 'G147', 'G79', 'G93', 'G125', 'G23', 'G161', 'G165', 'G136', 'G76', 'G20', 'G146', 'G145', 'G129', 'G78', 'G152', 'G133', 'G144', 'G163', 'G162', 'G75', 'G22', 'G131', 'G139'}
| | +-- , 96 , {98} , {'G117', 'G115', 'G163', 'G161', 'G165', 'G162'}
| | | +-- , 98 , {110, 102} , {'G112', 'G166', 'G117', 'G115', 'G163', 'G165', 'G116', 'G162'}
| | | | +-- , 110 , {112} , {'G112', 'G28'}
| | | | | +-- , 112 , set() , {'G28', 'G119'}
| | | | +-- , 102 , {104} , {'G163', 'G165', 'G164', 'G166'}
| | | | | +-- , 104 , {106} , {'G163', 'G113', 'G164'}
| | | | | | +-- , 106 , {108} , {'G29', 'G113'}
| | | | | | | +-- , 108 , set() , {'G29', 'G167'}
| | +-- , 114 , {118} , {'G77', 'G19', 'G125', 'G149', 'G136', 'G76', 'G146', 'G129', 'G133', 'G144', 'G162', 'G131', 'G139', 'G148', 'G120', 'G79', 'G93', 'G165', 'G20', 'G145', 'G78', 'G152', 'G75', 'G22'}
| | | +-- , 118 , {120, 182} , {'G77', 'G19', 'G125', 'G149', 'G136', 'G76', 'G146', 'G129', 'G150', 'G133', 'G144', 'G162', 'G131', 'G139', 'G148', 'G120', 'G79', 'G93', 'G135', 'G132', 'G20', 'G145', 'G78', 'G152', 'G75', 'G22'}
| | | | +-- , 120 , {122} , {'G77', 'G19', 'G125', 'G149', 'G136', 'G76', 'G146', 'G150', 'G133', 'G144', 'G162', 'G130', 'G131', 'G139', 'G79', 'G93', 'G135', 'G132', 'G20', 'G145', 'G78', 'G152', 'G75', 'G22'}
| | | | | +-- , 122 , {124} , {'G77', 'G19', 'G125', 'G136', 'G76', 'G146', 'G150', 'G133', 'G144', 'G162', 'G130', 'G139', 'I105', 'G79', 'G93', 'G135', 'G132', 'G20', 'G145', 'G78', 'G152', 'G75', 'G22'}
| | | | | | +-- , 124 , {126} , {'G77', 'G19', 'G162BF', 'G125', 'G136', 'G76', 'G146', 'G150', 'G133', 'G144', 'G130', 'G139', 'I105', 'G79', 'G93', 'G135', 'G132', 'G20', 'G145', 'G78', 'G152', 'G75', 'G22'}
| | | | | | | +-- , 126 , {128, 138} , {'G77', 'G19', 'G162BF', 'G143', 'G79', 'G93', 'G125', 'G135', 'G136', 'G76', 'G132', 'G24', 'G146', 'G20', 'G145', 'G78', 'G150', 'G152', 'G133', 'G144', 'G75', 'G130', 'G22', 'G139'}
| | | | | | | | +-- , 128 , {130} , {'G151', 'G144', 'G143', 'G150', 'G139', 'G20'}
| | | | | | | | | +-- , 130 , {132} , {'G151', 'G150', 'G114'}
| | | | | | | | | | +-- , 132 , {134} , {'G30', 'G114'}
| | | | | | | | | | | +-- , 134 , {136} , {'I392', 'G30'}
| | | | | | | | | | | | +-- , 136 , set() , {'G168', 'I392'}
| | | | | | | | +-- , 138 , {144, 154, 140, 174} , {'G77', 'G19', 'G79', 'G93', 'G125', 'G135', 'G136', 'G21', 'G76', 'G132', 'G20', 'G24', 'G145', 'G78', 'G150', 'G152', 'G133', 'G144', 'G75', 'G140', 'G22', 'G139'}
| | | | | | | | | +-- , 144 , {146} , {'G150', 'G125', 'G124', 'G21', 'G22', 'G139', 'G24'}
| | | | | | | | | | +-- , 146 , {148} , {'G110', 'G125', 'G126', 'G124', 'G21', 'G127', 'G139', 'G24'}
| | | | | | | | | | | +-- , 148 , {150} , {'G26', 'G110'}
| | | | | | | | | | | | +-- , 150 , {152} , {'G26', 'I324'}
| | | | | | | | | | | | | +-- , 152 , set() , {'G108', 'I324'}
| | | | | | | | | +-- , 154 , {156, 158} , {'G19', 'G142', 'G135', 'G136', 'G21', 'G132', 'G24', 'G20', 'G145', 'G152', 'G133', 'G22', 'G139'}
| | | | | | | | | | +-- , 156 , set() , {'G142', 'G152', 'G133', 'G134', 'G21', 'G132'}
| | | | | | | | | | +-- , 158 , {160} , {'G19', 'G121', 'G142', 'G135', 'G136', 'G21', 'G20', 'G139', 'G24'}
| | | | | | | | | | | +-- , 160 , {162} , {'G19', 'G121', 'G142', 'G138', 'G136', 'G21', 'G20', 'G139', 'G24'}
| | | | | | | | | | | | +-- , 162 , {164} , {'G19', 'G121', 'G123', 'G138', 'G136', 'G21', 'G20', 'G137', 'G139', 'G24'}
| | | | | | | | | | | | | +-- , 164 , {166} , {'G121', 'G123', 'G122', 'G24'}
| | | | | | | | | | | | | | +-- , 166 , {168} , {'G122', 'G109', 'G123'}
| | | | | | | | | | | | | | | +-- , 168 , {170} , {'G25', 'G109'}
| | | | | | | | | | | | | | | | +-- , 170 , {172} , {'G25', 'I321'}
| | | | | | | | | | | | | | | | | +-- , 172 , set() , {'I321', 'G107'}
| | | | | | | | | +-- , 140 , {142} , {'I291', 'G77', 'I292', 'G89', 'G79', 'G93', 'G152', 'G21', 'G76', 'G88', 'G90'}
| | | | | | | | | | +-- , 142 , set() , {'I291', 'I292', 'G89', 'G91', 'I293', 'G90'}
| | | | | | | | | +-- , 174 , {176} , {'G141', 'G111', 'G140', 'G21', 'G22', 'G139', 'G24'}
| | | | | | | | | | +-- , 176 , {178} , {'G27', 'G111'}
| | | | | | | | | | | +-- , 178 , {180} , {'I336', 'G27'}
| | | | | | | | | | | | +-- , 180 , set() , {'I336', 'G118'}
| | | | +-- , 182 , set() , {'G128', 'G120', 'G150', 'G152', 'G144', 'G136', 'G20'}
| +-- , 191 , {201, 195} , {'G23', 'G104', 'G99', 'G106', 'G152'}
| | +-- , 201 , {203} , {'G106', 'I318'}
| | | +-- , 203 , set() , {'G2', 'I318'}
| | +-- , 195 , {197} , {'G101', 'G100', 'G23', 'G104', 'G99', 'G106'}
| | | +-- , 197 , {199} , {'G100', 'G105', 'G23', 'G104', 'G106'}
| | | | +-- , 199 , set() , {'G103', 'G105', 'G23', 'G102', 'G106'}


Max number of edges with non zero Y: 30
Max number of iterations of outer rounding loop: 6
Max number of candidate sets: 2
Time spent rounding: 43.479
Time spent solving Separator LP: 6.187
Total time spent solving: 61.000

LP Solver: GaifmanNormal
Lower Bound Witness = ({'I291', 'G16', 'G115', 'G82', 'G97', 'G157', 'I336', 'G149', 'I200', 'G136', 'G29', 'G35', 'G141', 'G56', 'G81', 'G49', 'G54', 'I245', 'G130', 'G17', 'I302', 'G109', 'G139', 'I283', 'G148', 'G120', 'G147', 'G12', 'G79', 'G153', 'G95', 'I324', 'G25', 'I293', 'G40', 'G33', 'G59', 'I282', 'G111', 'I225', 'G50', 'G75', 'G154', 'G92', 'I271', 'G140', 'G62', 'G0', 'G19', 'G128', 'G162BF', 'I236', 'G69', 'G52', 'G32', 'G23', 'I235', 'G64', 'G129', 'I190', 'G123', 'G89', 'G118', 'G150', 'G44', 'G144', 'G167', 'G124', 'G106', 'G108', 'G48', 'I182', 'I227', 'G84', 'G42', 'G98', 'G55', 'G36', 'G135', 'G103', 'G105', 'G34', 'G102', 'G37', 'G38', 'G137', 'G90', 'G61', 'I255', 'G27', 'G45', 'G15', 'I210', 'G78', 'G159', 'G156', 'G43', 'I257', 'G41', 'G99', 'G127', 'G126', 'G13', 'G77', 'G142', 'I247', 'I237', 'G125', 'G161', 'I382', 'G107', 'G164', 'I212', 'G76', 'G53', 'G85', 'G146', 'G121', 'G166', 'G66', 'G70', 'G28', 'I256', 'G133', 'I246', 'G162', 'G65', 'G31', 'G14', 'I321', 'G122', 'G86', 'I105', 'I292', 'I180', 'G46', 'G101', 'G1', 'G119', 'I272', 'G93', 'G165', 'G11', 'G168', 'G132', 'I202', 'G88', 'I273', 'G24', 'G145', 'G72', 'G152', 'G96', 'G67', 'G116', 'I192', 'G163', 'G22', 'G60', 'G160', 'G47', 'I201', 'G110', 'G30', 'I304', 'G71', 'G73', 'I281', 'I191', 'G68', 'G2', 'I372', 'G57', 'G131', 'G112', 'G151', 'G83', 'G143', 'G117', 'G94', 'G51', 'G113', 'G100', 'G155', 'G134', 'G63', 'I211', 'G104', 'G21', 'G87', 'I392', 'G18', 'I226', 'G20', 'G158', 'G74', 'I303', 'G58', 'G26', 'G80', 'I318', 'G138', 'I181', 'G91', 'G114'}, {'G147', 'G20', 'G68', 'I256', 'G135', 'G34', 'G90', 'G63', 'I324', 'I281', 'I392', 'I321', 'G126', 'G85'})