19, 2.7175599435825104, 9.0, 9
+-- , 0 , {40, 42, 44, 9} , {'xL26J', 'xL0J', 'xL25J', 'xL33J', 'xL34J', 'xL8J', 'xL1J', 'xL28J', 'xL39J', 'xL16J', 'xL5J', 'xL20J', 'xL19J', 'xL13J', 'xL30J', 'xL9J', 'xL15J', 'xL17J'}
| +-- , 40 , set() , {'xL26J', 'xL32J', 'xL13J', 'xL30J', 'xL25J'}
| +-- , 42 , set() , {'xL6J', 'xL1J', 'xL9J'}
| +-- , 44 , set() , {'xL37J', 'xL9J'}
| +-- , 9 , {11} , {'xL26J', 'xL23J', 'xL25J', 'xL17J', 'xL33J', 'xL34J', 'xL8J', 'xL1J', 'xL28J', 'xL16J', 'xL5J', 'xL20J', 'xL19J', 'xL13J', 'xL30J', 'xL9J'}
| | +-- , 11 , {14} , {'xL23J', 'xL25J', 'xL17J', 'xL33J', 'xL34J', 'xL8J', 'xL1J', 'xL28J', 'xL16J', 'xL5J', 'xL22J', 'xL20J', 'xL19J', 'xL13J', 'xL30J', 'xL9J', 'xL11J'}
| | | +-- , 14 , {16, 36} , {'xL23J', 'xL25J', 'xL17J', 'xL33J', 'xL34J', 'xL28J', 'xL14J', 'xL16J', 'xL5J', 'xL22J', 'xL20J', 'xL19J', 'xL13J', 'xL30J', 'xL9J', 'xL11J'}
| | | | +-- , 16 , {18, 34, 30} , {'xL23J', 'xL25J', 'xL17J', 'xL33J', 'xL34J', 'xL28J', 'xL14J', 'xL16J', 'xL5J', 'xL12J', 'xL27J', 'xL20J', 'xL19J', 'xL30J', 'xL9J', 'xL11J'}
| | | | | +-- , 18 , {20, 26, 28} , {'xL38J', 'xL31J', 'xL23J', 'xL25J', 'xL17J', 'xL33J', 'xL34J', 'xL28J', 'xL16J', 'xL5J', 'xL12J', 'xL27J', 'xL30J', 'xL9J'}
| | | | | | +-- , 20 , {24, 22} , {'xL38J', 'xL5J', 'xL31J', 'xL23J', 'xL12J', 'xL17J', 'xL36J', 'xL25J'}
| | | | | | | +-- , 24 , set() , {'xL7J', 'xL5J', 'xL12J', 'xL36J', 'xL17J'}
| | | | | | | +-- , 22 , set() , {'xL38J', 'xL4J', 'xL36J', 'xL23J'}
| | | | | | +-- , 26 , set() , {'xL38J', 'xL35J', 'xL16J', 'xL30J', 'xL25J'}
| | | | | | +-- , 28 , set() , {'xL31J', 'xL27J', 'xL10J', 'xL34J', 'xL17J'}
| | | | | +-- , 34 , set() , {'xL14J', 'xL23J', 'xL27J', 'xL11J', 'xL34J', 'xL21J', 'xL2J', 'xL28J'}
| | | | | +-- , 30 , {32} , {'xL27J', 'xL20J', 'xL3J', 'xL34J', 'xL9J', 'xL28J'}
| | | | | | +-- , 32 , set() , {'xL24J', 'xL20J', 'xL3J', 'xL34J', 'xL28J'}
| | | | +-- , 36 , {38} , {'xL18J', 'xL14J', 'xL5J', 'xL22J', 'xL19J', 'xL30J', 'xL9J', 'xL28J'}
| | | | | +-- , 38 , set() , {'xL18J', 'xL14J', 'xL5J', 'xL19J', 'xL29J', 'xL9J'}


Max number of edges with non zero Y: 24
Max number of iterations of outer rounding loop: 5
Max number of candidate sets: 2
Time spent rounding: 25.315
Time spent solving Separator LP: 0.827

LP Solver: GaifmanBoosted