25, 5.0, 6.0, 6
+-- , 0 , {6, 50, 52, 54, 56, 27, 29} , {'xL0J', 'xL20J', 'xL4J', 'xL25J', 'xL17J', 'xL13J', 'xL8J', 'xL2J', 'xL28J', 'xL38J', 'xL29J'}
| +-- , 6 , {9, 21} , {'xL0J', 'xL28J', 'xL20J', 'xL4J', 'xL33J', 'xL25J', 'xL17J', 'xL38J', 'xL36J', 'xL29J', 'xL8J'}
| | +-- , 9 , {11, 19} , {'xL0J', 'xL20J', 'xL4J', 'xL33J', 'xL25J', 'xL38J', 'xL29J', 'xL22J'}
| | | +-- , 11 , {13, 15} , {'xL4J', 'xL20J', 'xL33J', 'xL7J', 'xL25J', 'xL38J', 'xL29J', 'xL22J'}
| | | | +-- , 13 , set() , {'xL7J', 'xL33J', 'xL10J'}
| | | | +-- , 15 , {17} , {'xL38J', 'xL20J', 'xL4J', 'xL7J', 'xL34J', 'xL22J'}
| | | | | +-- , 17 , set() , {'xL38J', 'xL15J', 'xL34J'}
| | | +-- , 19 , set() , {'xL22J', 'xL4J', 'xL32J', 'xL33J'}
| | +-- , 21 , {25, 23} , {'xL20J', 'xL4J', 'xL33J', 'xL23J', 'xL17J', 'xL36J', 'xL29J', 'xL8J'}
| | | +-- , 25 , set() , {'xL20J', 'xL4J', 'xL39J', 'xL33J', 'xL31J', 'xL23J', 'xL17J', 'xL29J'}
| | | +-- , 23 , set() , {'xL18J', 'xL36J', 'xL23J'}
| +-- , 50 , set() , {'xL29J', 'xL28J', 'xL0J', 'xL19J'}
| +-- , 52 , set() , {'xL2J', 'xL26J'}
| +-- , 54 , set() , {'xL0J', 'xL28J', 'xL20J', 'xL21J'}
| +-- , 56 , set() , {'xL9J', 'xL20J'}
| +-- , 27 , set() , {'xL16J', 'xL28J', 'xL13J', 'xL8J'}
| +-- , 29 , {48, 32, 36, 38, 44, 46} , {'xL0J', 'xL28J', 'xL20J', 'xL2J', 'xL17J', 'xL38J', 'xL27J', 'xL3J', 'xL29J', 'xL11J', 'xL13J'}
| | +-- , 48 , set() , {'xL3J', 'xL2J', 'xL27J', 'xL30J'}
| | +-- , 32 , set() , {'xL35J', 'xL2J', 'xL38J', 'xL29J', 'xL11J'}
| | +-- , 36 , set() , {'xL0J', 'xL3J', 'xL27J', 'xL6J', 'xL13J'}
| | +-- , 38 , {40, 42} , {'xL20J', 'xL17J', 'xL38J', 'xL3J', 'xL27J', 'xL29J', 'xL5J'}
| | | +-- , 40 , set() , {'xL20J', 'xL12J', 'xL38J', 'xL3J', 'xL5J'}
| | | +-- , 42 , set() , {'xL24J', 'xL17J', 'xL3J', 'xL29J', 'xL5J'}
| | +-- , 44 , set() , {'xL28J', 'xL14J', 'xL3J'}
| | +-- , 46 , set() , {'xL37J', 'xL3J', 'xL27J', 'xL11J', 'xL1J', 'xL13J'}


Max number of edges with non zero Y: 5
Max number of iterations of outer rounding loop: 0
Max number of candidate sets: 0
Time spent rounding: 0.000
Time spent solving Separator LP: 16.500

LP Solver: GaifmanNormalILP