27, 2.6027994665655325, 5.0, 5
+-- , 0 , {3, 52, 35, 54, 56, 58} , {'xL0J', 'xL2J', 'xL20J', 'xL28J', 'xL24J', 'xL38J', 'xL29J', 'xL6J', 'xL13J'}
| +-- , 3 , {31, 7} , {'xL0J', 'xL28J', 'xL20J', 'xL2J', 'xL24J', 'xL17J', 'xL8J', 'xL38J', 'xL29J', 'xL13J'}
| | +-- , 31 , set() , {'xL16J', 'xL28J', 'xL13J', 'xL8J'}
| | +-- , 7 , {9} , {'xL0J', 'xL28J', 'xL20J', 'xL2J', 'xL33J', 'xL17J', 'xL38J', 'xL29J', 'xL8J'}
| | | +-- , 9 , {25, 11} , {'xL0J', 'xL2J', 'xL20J', 'xL39J', 'xL33J', 'xL25J', 'xL17J', 'xL38J', 'xL29J', 'xL8J'}
| | | | +-- , 25 , {27} , {'xL20J', 'xL39J', 'xL33J', 'xL31J', 'xL25J', 'xL17J', 'xL8J'}
| | | | | +-- , 27 , {29} , {'xL20J', 'xL31J', 'xL25J', 'xL17J', 'xL36J', 'xL8J'}
| | | | | | +-- , 29 , set() , {'xL18J', 'xL23J', 'xL31J', 'xL36J', 'xL8J'}
| | | | +-- , 11 , {13} , {'xL0J', 'xL20J', 'xL4J', 'xL39J', 'xL33J', 'xL25J', 'xL38J', 'xL29J'}
| | | | | +-- , 13 , {15, 23} , {'xL0J', 'xL20J', 'xL4J', 'xL33J', 'xL25J', 'xL38J', 'xL29J', 'xL22J'}
| | | | | | +-- , 15 , {17, 19} , {'xL4J', 'xL20J', 'xL33J', 'xL7J', 'xL25J', 'xL38J', 'xL29J', 'xL22J'}
| | | | | | | +-- , 17 , set() , {'xL7J', 'xL33J', 'xL10J'}
| | | | | | | +-- , 19 , {21} , {'xL38J', 'xL20J', 'xL4J', 'xL7J', 'xL34J', 'xL22J'}
| | | | | | | | +-- , 21 , set() , {'xL38J', 'xL15J', 'xL34J'}
| | | | | | +-- , 23 , set() , {'xL22J', 'xL4J', 'xL32J', 'xL33J'}
| +-- , 52 , set() , {'xL29J', 'xL28J', 'xL0J', 'xL19J'}
| +-- , 35 , {38} , {'xL14J', 'xL20J', 'xL13J', 'xL28J', 'xL2J', 'xL24J', 'xL38J', 'xL27J', 'xL29J', 'xL6J'}
| | +-- , 38 , {48, 40, 46} , {'xL14J', 'xL20J', 'xL2J', 'xL24J', 'xL38J', 'xL3J', 'xL27J', 'xL29J', 'xL6J', 'xL13J'}
| | | +-- , 48 , {50} , {'xL20J', 'xL24J', 'xL38J', 'xL3J', 'xL27J', 'xL5J'}
| | | | +-- , 50 , set() , {'xL20J', 'xL12J', 'xL38J', 'xL3J', 'xL5J'}
| | | +-- , 40 , {42, 44} , {'xL35J', 'xL2J', 'xL38J', 'xL3J', 'xL27J', 'xL29J', 'xL1J', 'xL13J'}
| | | | +-- , 42 , set() , {'xL29J', 'xL35J', 'xL1J', 'xL11J'}
| | | | +-- , 44 , set() , {'xL37J', 'xL1J', 'xL27J', 'xL13J'}
| | | +-- , 46 , set() , {'xL3J', 'xL2J', 'xL27J', 'xL30J'}
| +-- , 54 , set() , {'xL2J', 'xL26J'}
| +-- , 56 , set() , {'xL0J', 'xL28J', 'xL20J', 'xL21J'}
| +-- , 58 , set() , {'xL9J', 'xL20J'}


Max number of edges with non zero Y: 26
Max number of iterations of outer rounding loop: 4
Max number of candidate sets: 2
Time spent rounding: 10.345
Time spent solving Separator LP: 1.164

LP Solver: GaifmanNormal