24, 4.5, 6.0, 6
+-- , 0 , {49, 5, 39, 45, 47} , {'xL2J', 'xL20J', 'xL39J', 'xL33J', 'xL7J', 'xL12J', 'xL17J', 'xL38J', 'xL3J', 'xL5J', 'xL8J'}
| +-- , 49 , set() , {'xL9J', 'xL20J'}
| +-- , 5 , {37, 7, 15} , {'xL0J', 'xL20J', 'xL39J', 'xL7J', 'xL17J', 'xL8J', 'xL2J', 'xL33J', 'xL38J', 'xL3J', 'xL29J', 'xL5J'}
| | +-- , 37 , set() , {'xL24J', 'xL17J', 'xL3J', 'xL29J', 'xL5J'}
| | +-- , 7 , {9} , {'xL0J', 'xL20J', 'xL4J', 'xL39J', 'xL33J', 'xL7J', 'xL38J', 'xL29J'}
| | | +-- , 9 , {11} , {'xL0J', 'xL20J', 'xL4J', 'xL32J', 'xL33J', 'xL7J', 'xL38J', 'xL22J'}
| | | | +-- , 11 , {13} , {'xL38J', 'xL20J', 'xL4J', 'xL7J', 'xL34J', 'xL22J'}
| | | | | +-- , 13 , set() , {'xL38J', 'xL15J', 'xL34J'}
| | +-- , 15 , {17, 33, 35, 31} , {'xL0J', 'xL35J', 'xL28J', 'xL20J', 'xL2J', 'xL33J', 'xL17J', 'xL38J', 'xL3J', 'xL29J', 'xL5J', 'xL8J'}
| | | +-- , 17 , {19, 29} , {'xL0J', 'xL35J', 'xL28J', 'xL2J', 'xL17J', 'xL3J', 'xL13J', 'xL29J', 'xL5J', 'xL8J'}
| | | | +-- , 19 , {21} , {'xL0J', 'xL35J', 'xL2J', 'xL3J', 'xL29J', 'xL11J', 'xL5J', 'xL13J'}
| | | | | +-- , 21 , {23, 25, 27} , {'xL0J', 'xL2J', 'xL3J', 'xL27J', 'xL29J', 'xL11J', 'xL5J', 'xL13J'}
| | | | | | +-- , 23 , set() , {'xL37J', 'xL3J', 'xL27J', 'xL11J', 'xL1J', 'xL13J'}
| | | | | | +-- , 25 , set() , {'xL0J', 'xL3J', 'xL27J', 'xL6J', 'xL13J'}
| | | | | | +-- , 27 , set() , {'xL3J', 'xL2J', 'xL27J', 'xL30J'}
| | | | +-- , 29 , set() , {'xL16J', 'xL28J', 'xL13J', 'xL8J'}
| | | +-- , 33 , set() , {'xL29J', 'xL28J', 'xL0J', 'xL19J'}
| | | +-- , 35 , set() , {'xL28J', 'xL14J', 'xL3J'}
| | | +-- , 31 , set() , {'xL0J', 'xL28J', 'xL20J', 'xL21J'}
| +-- , 39 , {41} , {'xL2J', 'xL20J', 'xL39J', 'xL33J', 'xL7J', 'xL25J', 'xL17J', 'xL38J', 'xL8J'}
| | +-- , 41 , {43} , {'xL20J', 'xL39J', 'xL33J', 'xL31J', 'xL25J', 'xL17J', 'xL36J', 'xL8J'}
| | | +-- , 43 , set() , {'xL18J', 'xL23J', 'xL31J', 'xL36J', 'xL8J'}
| +-- , 45 , set() , {'xL7J', 'xL33J', 'xL10J'}
| +-- , 47 , set() , {'xL2J', 'xL26J'}


Max number of edges with non zero Y: 6
Max number of iterations of outer rounding loop: 0
Max number of candidate sets: 0
Time spent rounding: 0.000
Time spent solving Separator LP: 12.824

LP Solver: GaifmanNormalILP