14, 3.5, 6.0, 7
+-- , 0 , {16, 32, 8} , {'xL16J', 'xL9J', 'xL18J', 'xL23J', 'xL5J', 'xL6J', 'xL24J', 'xL1J', 'xL8J', 'xL3J', 'xL0J'}
| +-- , 16 , {18, 20} , {'xL9J', 'xL18J', 'xL23J', 'xL6J', 'xL1J', 'xL8J', 'xL3J', 'xL16J', 'xL5J', 'xL24J', 'xL15J', 'xL4J'}
| | +-- , 18 , set() , {'xL16J', 'xL12J', 'xL24J', 'xL15J', 'xL4J'}
| | +-- , 20 , {30, 22} , {'xL9J', 'xL18J', 'xL23J', 'xL6J', 'xL1J', 'xL7J', 'xL3J', 'xL16J', 'xL5J', 'xL24J', 'xL15J', 'xL4J'}
| | | +-- , 30 , set() , {'xL7J', 'xL14J', 'xL5J', 'xL4J'}
| | | +-- , 22 , {24} , {'xL20J', 'xL9J', 'xL3J', 'xL5J', 'xL6J', 'xL24J', 'xL1J', 'xL7J', 'xL15J', 'xL4J'}
| | | | +-- , 24 , {26} , {'xL20J', 'xL9J', 'xL3J', 'xL5J', 'xL17J', 'xL6J', 'xL7J', 'xL15J', 'xL4J'}
| | | | | +-- , 26 , {28} , {'xL20J', 'xL9J', 'xL3J', 'xL17J', 'xL6J', 'xL22J', 'xL7J', 'xL15J'}
| | | | | | +-- , 28 , set() , {'xL15J', 'xL11J', 'xL22J', 'xL20J'}
| +-- , 32 , set() , {'xL16J', 'xL18J', 'xL23J', 'xL24J', 'xL10J'}
| +-- , 8 , {10, 14} , {'xL9J', 'xL18J', 'xL23J', 'xL5J', 'xL6J', 'xL24J', 'xL3J', 'xL0J', 'xL19J'}
| | +-- , 10 , {12} , {'xL9J', 'xL2J', 'xL23J', 'xL6J', 'xL24J', 'xL3J', 'xL0J', 'xL19J'}
| | | +-- , 12 , set() , {'xL9J', 'xL23J', 'xL24J', 'xL21J', 'xL2J', 'xL0J'}
| | +-- , 14 , set() , {'xL18J', 'xL13J', 'xL24J', 'xL0J', 'xL19J'}


Max number of edges with non zero Y: 7
Max number of iterations of outer rounding loop: 0
Max number of candidate sets: 0
Time spent rounding: 0.000
Time spent solving Separator LP: 2.534

LP Solver: GaifmanNormalILP