24, 2.3598693291166586, 6.0, 6
+-- , 0 , {32, 3} , {'xL5JL3J', 'xL8JL10J', 'xL3JL4J', 'xL7JL10J', 'xL1JL6J', 'xL1JL4J', 'xL7JL6J', 'xL2JL6J', 'xL5JL4J', 'xL2JL5J', 'xL7JL7J', 'xL1JL5J', 'xL9JL10J'}
| +-- , 32 , {34} , {'xL5JL3J', 'xL3JL4J', 'xL7JL4J', 'xL7JL6J', 'xL7JL5J', 'xL5JL4J', 'xL7JL7J'}
| | +-- , 34 , {36} , {'xL5JL3J', 'xL3JL4J', 'xL3JL3J', 'xL3JL1J', 'xL7JL4J', 'xL3JL2J', 'xL7JL5J', 'xL5JL4J'}
| | | +-- , 36 , {44, 38} , {'xL5JL3J', 'xL3JL3J', 'xL3JL1J', 'xL7JL4J', 'xL3JL2J', 'xL7JL5J', 'xL6JL3J', 'xL5JL4J'}
| | | | +-- , 44 , {46} , {'xL5JL3J', 'xL3JL3J', 'xL3JL1J', 'xL4JL3J', 'xL3JL2J', 'xL6JL3J'}
| | | | | +-- , 46 , {48} , {'xL4JL3J', 'xL3JL2J', 'xL4JL2J', 'xL3JL1J'}
| | | | | | +-- , 48 , set() , {'xL1JL1J', 'xL4JL2J', 'xL3JL1J', 'xL2JL2J', 'xL2JL1J', 'xL3JL2J', 'xL1JL2J'}
| | | | +-- , 38 , {40} , {'xL8JL5J', 'xL9JL4J', 'xL7JL4J', 'xL7JL5J', 'xL6JL3J', 'xL5JL4J', 'xL6JL4J', 'xL8JL4J'}
| | | | | +-- , 40 , {42} , {'xL6JL2J', 'xL8JL5J', 'xL8JL2J', 'xL9JL4J', 'xL8JL1J', 'xL8JL3J', 'xL6JL3J', 'xL9JL3J', 'xL6JL4J', 'xL8JL4J'}
| | | | | | +-- , 42 , set() , {'xL6JL2J', 'xL8JL2J', 'xL8JL1J', 'xL7JL1J', 'xL7JL2J'}
| +-- , 3 , {5} , {'xL5JL3J', 'xL7JL10J', 'xL2JL7J', 'xL2JL6J', 'xL5JL6J', 'xL2JL5J', 'xL2JL4J', 'xL9JL10J', 'xL8JL10J', 'xL3JL4J', 'xL5JL5J', 'xL1JL4J', 'xL7JL6J', 'xL5JL4J', 'xL7JL7J'}
| | +-- , 5 , {7} , {'xL7JL10J', 'xL4JL7J', 'xL2JL7J', 'xL5JL6J', 'xL9JL10J', 'xL8JL10J', 'xL5JL5J', 'xL3JL7J', 'xL7JL6J', 'xL7JL7J'}
| | | +-- , 7 , {10} , {'xL7JL10J', 'xL3JL8J', 'xL4JL7J', 'xL4JL6J', 'xL3JL10J', 'xL5JL6J', 'xL3JL9J', 'xL4JL5J', 'xL9JL10J', 'xL8JL10J', 'xL5JL5J', 'xL3JL7J', 'xL7JL6J', 'xL4JL8J', 'xL7JL7J'}
| | | | +-- , 10 , {12, 30} , {'xL7JL10J', 'xL3JL8J', 'xL4JL6J', 'xL3JL10J', 'xL5JL6J', 'xL3JL9J', 'xL6JL7J', 'xL6JL6J', 'xL9JL10J', 'xL8JL10J', 'xL5JL8J', 'xL8JL7J', 'xL6JL8J', 'xL7JL6J', 'xL4JL8J', 'xL7JL7J'}
| | | | | +-- , 12 , {14} , {'xL7JL10J', 'xL5JL10J', 'xL5JL9J', 'xL6JL9J', 'xL5JL8J', 'xL6JL8J', 'xL3JL10J', 'xL3JL9J', 'xL6JL7J', 'xL6JL6J', 'xL5JL11J'}
| | | | | | +-- , 14 , {16} , {'xL7JL10J', 'xL5JL10J', 'xL7JL11J', 'xL7JL13J', 'xL3JL10J', 'xL3JL9J', 'xL7JL12J', 'xL5JL11J'}
| | | | | | | +-- , 16 , {24, 18} , {'xL7JL11J', 'xL5JL10J', 'xL4JL11J', 'xL7JL13J', 'xL3JL10J', 'xL3JL9J', 'xL7JL12J', 'xL5JL11J'}
| | | | | | | | +-- , 24 , {26} , {'xL7JL11J', 'xL4JL11J', 'xL7JL13J', 'xL6JL11J', 'xL7JL12J', 'xL5JL11J'}
| | | | | | | | | +-- , 26 , {28} , {'xL6JL11J', 'xL7JL12J', 'xL7JL13J', 'xL6JL12J'}
| | | | | | | | | | +-- , 28 , set() , {'xL8JL12J', 'xL8JL13J', 'xL7JL13J', 'xL6JL12J', 'xL9JL12J', 'xL7JL12J', 'xL9JL13J'}
| | | | | | | | +-- , 18 , {20} , {'xL5JL10J', 'xL4JL11J', 'xL4JL10J', 'xL4JL12J', 'xL3JL10J', 'xL3JL9J'}
| | | | | | | | | +-- , 20 , {22} , {'xL2JL10J', 'xL3JL12J', 'xL5JL10J', 'xL2JL12J', 'xL4JL10J', 'xL4JL12J', 'xL3JL10J', 'xL3JL9J', 'xL1JL10J', 'xL2JL9J'}
| | | | | | | | | | +-- , 22 , set() , {'xL2JL10J', 'xL3JL12J', 'xL2JL12J', 'xL3JL13J', 'xL2JL11J', 'xL1JL10J', 'xL2JL9J', 'xL1JL11J', 'xL2JL13J'}
| | | | | +-- , 30 , set() , {'xL8JL10J', 'xL8JL7J', 'xL9JL8J', 'xL8JL9J', 'xL9JL9J', 'xL8JL8J', 'xL9JL10J'}


Max number of edges with non zero Y: 13
Max number of iterations of outer rounding loop: 3
Max number of candidate sets: 2
Time spent rounding: 3.007
Time spent solving Separator LP: 0.761
Total time spent solving: 5.054

LP Solver: GaifmanBoosted
Lower Bound Witness = ({'xL9JL8J', 'xL6JL12J', 'xL8JL9J', 'xL6JL7J', 'xL9JL13J', 'xL8JL3J', 'xL7JL10J', 'xL3JL8J', 'xL3JL1J', 'xL4JL3J', 'xL6JL6J', 'xL2JL4J', 'xL8JL4J', 'xL4JL2J', 'xL7JL12J', 'xL4JL7J', 'xL2JL7J', 'xL7JL5J', 'xL1JL2J', 'xL5JL5J', 'xL8JL7J', 'xL5JL8J', 'xL7JL6J', 'xL5JL4J', 'xL2JL9J', 'xL1JL11J', 'xL2JL13J', 'xL6JL9J', 'xL4JL6J', 'xL3JL10J', 'xL6JL3J', 'xL1JL10J', 'xL2JL5J', 'xL1JL6J', 'xL1JL1J', 'xL4JL12J', 'xL9JL12J', 'xL4JL8J', 'xL9JL4J', 'xL8JL1J', 'xL7JL4J', 'xL5JL6J', 'xL4JL5J', 'xL2JL10J', 'xL2JL12J', 'xL3JL7J', 'xL4JL10J', 'xL7JL2J', 'xL5JL3J', 'xL8JL5J', 'xL2JL1J', 'xL9JL3J', 'xL5JL11J', 'xL1JL5J', 'xL9JL10J', 'xL8JL10J', 'xL3JL4J', 'xL8JL12J', 'xL5JL9J', 'xL1JL4J', 'xL7JL1J', 'xL7JL7J', 'xL6JL4J', 'xL3JL12J', 'xL4JL11J', 'xL3JL9J', 'xL5JL10J', 'xL6JL8J', 'xL3JL13J', 'xL8JL13J', 'xL2JL2J', 'xL3JL2J', 'xL6JL2J', 'xL3JL3J', 'xL2JL11J', 'xL2JL6J', 'xL6JL11J', 'xL9JL9J', 'xL8JL8J', 'xL7JL11J', 'xL8JL2J', 'xL7JL13J'}, {'xL8JL10J', 'xL3JL12J', 'xL6JL8J', 'xL9JL4J', 'xL1JL4J', 'xL3JL7J', 'xL3JL1J', 'xL4JL3J', 'xL7JL5J', 'xL1JL10J', 'xL2JL5J', 'xL2JL9J', 'xL2JL13J'})