20, 2.7169189087717345, 9.0, 9
+-- , 0 , {4} , {'xL36J', 'xL5J', 'xL24J', 'xL27J', 'xL8J', 'xL3J', 'xL10J', 'xL13J', 'xL28J', 'xL31J', 'xL32J', 'xL26J', 'xL18J', 'xL9J', 'xL1J'}
| +-- , 4 , {13, 8, 43, 45} , {'xL36J', 'xL5J', 'xL37J', 'xL20J', 'xL27J', 'xL29J', 'xL3J', 'xL8J', 'xL10J', 'xL13J', 'xL28J', 'xL31J', 'xL17J', 'xL32J', 'xL9J', 'xL18J', 'xL24J', 'xL1J'}
| | +-- , 13 , {21, 15} , {'xL36J', 'xL5J', 'xL37J', 'xL20J', 'xL27J', 'xL29J', 'xL3J', 'xL8J', 'xL10J', 'xL13J', 'xL28J', 'xL31J', 'xL32J', 'xL9J', 'xL2J', 'xL18J', 'xL24J', 'xL1J'}
| | | +-- , 21 , {41, 23} , {'xL36J', 'xL5J', 'xL39J', 'xL12J', 'xL29J', 'xL3J', 'xL8J', 'xL28J', 'xL32J', 'xL2J', 'xL18J', 'xL9J', 'xL1J'}
| | | | +-- , 41 , set() , {'xL36J', 'xL21J', 'xL39J'}
| | | | +-- , 23 , {37, 39, 25, 29} , {'xL36J', 'xL5J', 'xL39J', 'xL12J', 'xL29J', 'xL8J', 'xL3J', 'xL25J', 'xL16J', 'xL28J', 'xL18J', 'xL9J', 'xL35J', 'xL1J'}
| | | | | +-- , 37 , set() , {'xL3J', 'xL35J', 'xL14J'}
| | | | | +-- , 39 , set() , {'xL34J', 'xL39J', 'xL18J', 'xL29J', 'xL35J'}
| | | | | +-- , 25 , {27} , {'xL25J', 'xL3J', 'xL36J', 'xL16J', 'xL0J', 'xL29J', 'xL35J'}
| | | | | | +-- , 27 , set() , {'xL4J', 'xL36J', 'xL16J', 'xL0J', 'xL29J', 'xL35J'}
| | | | | +-- , 29 , {31} , {'xL35J', 'xL3J', 'xL36J', 'xL5J', 'xL16J', 'xL12J', 'xL18J', 'xL29J', 'xL23J', 'xL8J'}
| | | | | | +-- , 31 , {33, 35} , {'xL8J', 'xL16J', 'xL18J', 'xL23J', 'xL7J', 'xL35J'}
| | | | | | | +-- , 33 , set() , {'xL15J', 'xL16J', 'xL7J', 'xL18J'}
| | | | | | | +-- , 35 , set() , {'xL23J', 'xL7J', 'xL35J', 'xL19J'}
| | | +-- , 15 , {17, 19} , {'xL10J', 'xL13J', 'xL2J', 'xL36J', 'xL31J', 'xL37J', 'xL20J', 'xL29J', 'xL22J'}
| | | | +-- , 17 , set() , {'xL36J', 'xL22J', 'xL38J', 'xL31J'}
| | | | +-- , 19 , set() , {'xL10J', 'xL13J', 'xL37J', 'xL30J', 'xL29J', 'xL22J'}
| | +-- , 8 , set() , {'xL36J', 'xL1J', 'xL11J', 'xL37J'}
| | +-- , 43 , set() , {'xL20J', 'xL6J', 'xL27J', 'xL37J'}
| | +-- , 45 , set() , {'xL13J', 'xL31J', 'xL17J', 'xL27J', 'xL33J'}


Max number of edges with non zero Y: 32
Max number of iterations of outer rounding loop: 6
Max number of candidate sets: 2
Time spent rounding: 36.164
Time spent solving Separator LP: 1.030

LP Solver: GaifmanBoosted