13, 2.995557382202947, 8.693693693693694, 11
+-- , 0 , {32, 5, 30} , {'57', '25', '46', '1', '11', '68', '51', '84', '7', '73', '82', '41', '50', '74', '24', '83', '3', '63', '12', '29', '5', '67', '19', '15', '71', '30', '66', '45', '9', '53', '2', '62', '76', '18', '75', '56', '10', '22', '81', '47', '40'}
| +-- , 32 , set() , {'15', '57', '18', '46', '10', '82', '28', '63', '22', '53'}
| +-- , 5 , {11, 28} , {'25', '46', '27', '43', '1', '11', '68', '51', '35', '84', '0', '7', '73', '82', '41', '50', '74', '24', '6', '83', '3', '60', '63', '55', '29', '69', '5', '44', '67', '19', '15', '77', '33', '71', '72', '32', '30', '66', '34', '85', '8', '45', '9', '53', '2', '62', '76', '18', '75', '56', '10', '79', '64', '22', '81', '47', '40'}
| | +-- , 11 , {26, 14} , {'43', '73', '82', '41', '83', '60', '63', '55', '29', '69', '5', '26', '38', '33', '39', '30', '34', '85', '45', '9', '75', '81', '47', '52', '46', '27', '1', '11', '68', '35', '84', '0', '50', '74', '6', '61', '3', '44', '67', '14', '19', '15', '77', '71', '72', '32', '66', '8', '53', '31', '62', '56', '10', '64', '79', '22', '25'}
| | | +-- , 26 , set() , {'46', '43', '11', '48', '74', '41', '6', '61', '3', '52', '55', '29', '14', '26', '67', '38', '39', '8', '45', '53', '31', '64', '47', '21'}
| | | +-- , 14 , {16, 22, 24} , {'43', '73', '82', '41', '83', '60', '63', '55', '29', '69', '5', '26', '38', '33', '39', '30', '34', '85', '9', '75', '81', '47', '52', '46', '27', '1', '11', '68', '35', '84', '0', '50', '74', '6', '61', '3', '14', '67', '44', '19', '15', '77', '71', '72', '32', '66', '70', '8', '53', '31', '62', '56', '10', '64', '79', '25'}
| | | | +-- , 16 , {18, 20} , {'25', '27', '36', '1', '11', '68', '35', '84', '73', '74', '41', '50', '61', '83', '3', '23', '29', '14', '26', '44', '19', '38', '77', '33', '72', '32', '70', '85', '8', '17', '31', '62', '56', '80', '64', '79', '47', '52'}
| | | | | +-- , 18 , set() , {'77', '83', '3', '68', '1', '11', '23', '85', '54', '73'}
| | | | | +-- , 20 , set() , {'80', '64', '35', '70', '26', '84', '13', '8', '47', '31'}
| | | | +-- , 22 , set() , {'46', '27', '1', '84', '50', '6', '61', '63', '29', '49', '14', '67', '44', '77', '33', '39', '32', '30', '70', '34', '8', '58', '31', '62', '75', '52'}
| | | | +-- , 24 , set() , {'25', '46', '27', '43', '1', '35', '0', '50', '74', '41', '82', '61', '83', '3', '60', '37', '4', '55', '69', '5', '26', '15', '71', '33', '42', '72', '66', '70', '34', '53', '31', '9', '10', '78', '81', '47'}
| | +-- , 28 , set() , {'77', '3', '75', '43', '11', '35', '63', '76', '5', '65'}
| +-- , 30 , set() , {'2', '18', '3', '56', '1', '30', '16', '84', '5', '7'}


Max number of edges with non zero Y: 28
Max number of iterations of outer rounding loop: 7
Max number of candidate sets: 2
Time spent rounding: 25.859
Time spent solving Separator LP: 10.695
Total time spent solving: 41.370

LP Solver: GaifmanNormal
Lower Bound Witness = ({'46', '27', '36', '43', '1', '11', '68', '35', '84', '0', '13', '48', '49', '73', '74', '41', '50', '82', '6', '61', '83', '3', '60', '37', '63', '23', '4', '55', '29', '69', '14', '67', '54', '5', '26', '19', '15', '77', '44', '38', '71', '33', '42', '72', '32', '39', '30', '66', '70', '34', '85', '8', '17', '47', '58', '45', '53', '31', '9', '62', '75', '56', '10', '78', '80', '21', '64', '79', '22', '81', '25', '52'}, {'46', '27', '43', '1', '11', '68', '35', '84', '0', '73', '74', '41', '50', '82', '6', '83', '3', '60', '63', '55', '29', '69', '5', '67', '44', '19', '15', '77', '71', '33', '72', '32', '30', '66', '34', '85', '8', '47', '45', '53', '9', '62', '75', '56', '10', '64', '79', '22', '81', '25', '52'})