18, 3.2618671935385546, 8.90625, 12
+-- , 0 , {3, 38} , {'57', '25', '46', '27', '36', '68', '35', '0', '73', '82', '41', '50', '74', '24', '6', '83', '60', '29', '69', '14', '26', '44', '19', '77', '71', '72', '32', '34', '85', '9', '53', '62', '18', '75', '10', '80', '64', '79', '47', '40'}
| +-- , 3 , {6} , {'36', '43', '73', '82', '41', '83', '60', '55', '29', '69', '26', '34', '85', '9', '75', '78', '81', '47', '57', '46', '27', '68', '1', '35', '0', '50', '74', '24', '6', '61', '23', '14', '44', '19', '77', '71', '72', '32', '53', '62', '18', '10', '80', '64', '79', '25'}
| | +-- , 6 , {10} , {'43', '73', '82', '41', '83', '60', '55', '29', '69', '26', '33', '34', '85', '9', '75', '78', '81', '47', '57', '46', '27', '1', '68', '35', '0', '50', '74', '24', '6', '61', '37', '23', '14', '44', '19', '77', '71', '42', '72', '32', '66', '70', '53', '31', '62', '18', '10', '80', '64', '79', '25'}
| | | +-- , 10 , {36, 12} , {'43', '73', '82', '41', '83', '60', '55', '29', '69', '26', '33', '34', '85', '9', '75', '78', '81', '47', '57', '46', '27', '1', '68', '35', '50', '74', '24', '6', '61', '3', '37', '23', '14', '44', '19', '77', '71', '42', '72', '32', '66', '70', '53', '31', '62', '18', '10', '80', '64', '79', '25'}
| | | | +-- , 36 , set() , {'42', '31', '3', '82', '70', '37', '4', '69', '25', '74'}
| | | | +-- , 12 , {34, 14} , {'43', '73', '82', '41', '83', '60', '55', '29', '69', '26', '33', '34', '85', '9', '75', '78', '81', '47', '57', '46', '27', '1', '11', '68', '35', '50', '74', '24', '6', '61', '3', '23', '14', '44', '19', '77', '71', '72', '32', '66', '70', '53', '31', '62', '18', '10', '80', '64', '79', '25'}
| | | | | +-- , 34 , set() , {'77', '83', '3', '68', '1', '11', '23', '85', '54', '73'}
| | | | | +-- , 14 , {16} , {'43', '73', '82', '41', '83', '60', '55', '29', '69', '26', '33', '34', '85', '45', '9', '75', '78', '81', '47', '52', '57', '46', '27', '1', '11', '68', '51', '35', '50', '74', '24', '6', '61', '3', '14', '67', '44', '19', '15', '77', '71', '72', '32', '66', '70', '8', '53', '31', '62', '18', '10', '80', '64', '79', '25'}
| | | | | | +-- , 16 , {32, 18, 20, 30} , {'57', '25', '46', '27', '43', '1', '11', '68', '51', '35', '73', '82', '41', '50', '74', '24', '6', '61', '83', '3', '60', '63', '55', '29', '69', '49', '26', '14', '67', '44', '19', '38', '15', '77', '33', '71', '39', '72', '32', '30', '70', '34', '85', '8', '45', '9', '53', '31', '62', '18', '75', '10', '78', '80', '64', '79', '81', '47', '52'}
| | | | | | | +-- , 32 , set() , {'62', '6', '33', '39', '27', '1', '30', '63', '49', '8', '58', '29', '44', '67', '31'}
| | | | | | | +-- , 18 , set() , {'38', '15', '71', '18', '57', '46', '10', '68', '79', '82', '35', '28', '63', '22', '50', '53', '19'}
| | | | | | | +-- , 20 , {22} , {'43', '73', '41', '83', '60', '63', '55', '29', '69', '5', '26', '49', '38', '33', '30', '34', '85', '9', '75', '78', '81', '47', '52', '46', '27', '1', '11', '51', '35', '74', '24', '61', '3', '14', '67', '44', '15', '77', '71', '72', '32', '70', '8', '31', '62', '18', '10', '80', '64', '79', '25'}
| | | | | | | | +-- , 22 , {24, 28} , {'43', '73', '41', '83', '60', '63', '55', '29', '69', '5', '26', '49', '38', '33', '30', '34', '85', '9', '75', '81', '47', '52', '46', '27', '1', '11', '51', '35', '84', '74', '24', '61', '3', '14', '67', '44', '15', '77', '71', '72', '32', '70', '8', '31', '62', '18', '10', '80', '64', '79', '25'}
| | | | | | | | | +-- , 24 , {26} , {'43', '73', '41', '83', '60', '63', '55', '69', '5', '26', '38', '33', '30', '34', '85', '9', '2', '75', '81', '47', '52', '46', '27', '1', '11', '51', '35', '84', '74', '24', '3', '44', '67', '15', '77', '71', '72', '8', '17', '62', '18', '10', '80', '64', '79', '25'}
| | | | | | | | | | +-- , 26 , set() , {'46', '27', '43', '1', '11', '81', '51', '35', '16', '84', '7', '41', '24', '83', '3', '63', '69', '5', '67', '44', '15', '77', '71', '33', '72', '30', '85', '8', '17', '47', '65', '9', '2', '62', '18', '75', '56', '80', '79', '76', '25', '52'}
| | | | | | | | | +-- , 28 , set() , {'80', '64', '35', '70', '26', '84', '13', '8', '47', '31'}
| | | | | | | +-- , 30 , set() , {'46', '43', '11', '48', '74', '41', '6', '61', '3', '52', '55', '29', '14', '26', '67', '38', '39', '8', '45', '53', '31', '64', '47', '21'}
| +-- , 38 , set() , {'62', '71', '83', '57', '75', '10', '68', '12', '40', '74'}


Max number of edges with non zero Y: 28
Max number of iterations of outer rounding loop: 6
Max number of candidate sets: 2
Time spent rounding: 25.794
Time spent solving Separator LP: 18.351
Total time spent solving: 49.969

LP Solver: GaifmanBoosted
Lower Bound Witness = ({'57', '46', '27', '43', '1', '11', '68', '51', '35', '81', '16', '84', '13', '7', '48', '49', '73', '74', '41', '50', '24', '82', '6', '61', '83', '3', '60', '63', '55', '29', '69', '14', '67', '5', '26', '44', '19', '15', '77', '38', '71', '33', '72', '32', '39', '30', '70', '28', '34', '85', '8', '17', '47', '58', '45', '65', '53', '2', '62', '31', '9', '18', '75', '56', '10', '78', '80', '21', '64', '79', '22', '76', '25', '52'}, {'57', '46', '27', '43', '1', '11', '68', '51', '35', '73', '74', '41', '50', '24', '82', '6', '61', '83', '3', '60', '55', '29', '69', '14', '67', '26', '44', '19', '15', '77', '71', '33', '72', '32', '70', '34', '85', '8', '47', '45', '53', '31', '9', '62', '18', '75', '10', '78', '80', '64', '79', '81', '25', '52'})