13, 1, 6.0, 7
+-- , 15 , {8, 17} , {'7', '14', '15', '8', '18', '1', '17', '27', '23', '21', '29', '25', '6', '24', '22', '9', '11', '19', '28', '33'}
| +-- , 8 , {5, 10, 28} , {'7', '15', '8', '18', '1', '27', '17', '21', '29', '25', '6', '24', '9', '16', '11', '19', '28', '33'}
| | +-- , 5 , {0} , {'7', '8', '1', '17', '21', '29', '20', '25', '6', '24', '9', '16', '11', '19', '28', '33'}
| | | +-- , 0 , {27} , {'3', '7', '8', '1', '17', '21', '29', '25', '6', '24', '9', '16', '11', '19', '33'}
| | | | +-- , 27 , set() , {'7', '6', '8', '16', '1', '17', '11', '19', '5', '29'}
| | +-- , 10 , set() , {'26', '16', '27', '9'}
| | +-- , 28 , {29} , {'16', '7', '27', '15'}
| | | +-- , 29 , set() , {'16', '7', '2', '32'}
| +-- , 17 , {25, 19} , {'7', '10', '14', '15', '8', '18', '1', '27', '17', '21', '29', '25', '6', '24', '22', '9', '19', '28'}
| | +-- , 25 , set() , {'4', '9', '22', '10'}
| | +-- , 19 , {21} , {'7', '10', '14', '15', '8', '18', '17', '21', '29', '31', '25', '6', '24', '22', '9', '19', '28', '0'}
| | | +-- , 21 , {23} , {'7', '10', '14', '18', '13', '12', '29', '31', '6', '22', '9', '19', '28', '0'}
| | | | +-- , 23 , set() , {'7', '10', '30', '18', '19', '12', '28', '0'}


Max number of edges with non zero Y: 21
Max number of iterations of outer rounding loop: 4
Max number of candidate sets: 2
Time spent rounding: 0.994
Time spent solving Separator LP: 0.030
Total time spent solving: 1.633

LP Solver: gammaPlusFractionalCoverHeuristic
Number of Rounding Attemps: 4
Lower Bound Witness = ({'3', '17', '4', '21', '29', '20', '31', '22', '9', '16', '11', '19', '28', '33', '7', '10', '14', '15', '8', '18', '1', '13', '27', '23', '12', '25', '26', '6', '24', '5', '30', '0'}, {'3', '6', '10', '19', '29'})