12, 1, 6.25, 7
+-- , 7 , {5} , {'3', '7', '14', '8', '17', '21', '28', '20', '33'}
| +-- , 5 , {9, 0} , {'3', '7', '10', '14', '15', '8', '18', '1', '17', '21', '29', '22', '9', '16', '11', '19', '28', '0'}
| | +-- , 9 , {11} , {'7', '10', '14', '15', '8', '18', '1', '17', '21', '29', '6', '22', '9', '16', '11', '19', '5', '28', '0'}
| | | +-- , 11 , {13} , {'7', '10', '14', '15', '18', '28', '21', '29', '31', '6', '22', '9', '19', '30', '0'}
| | | | +-- , 13 , set() , {'7', '6', '10', '14', '30', '22', '9', '13', '19', '12', '28', '29', '31', '0'}
| | +-- , 0 , {17, 21, 22, 15} , {'3', '7', '10', '14', '15', '8', '18', '1', '27', '17', '29', '22', '9', '16', '11', '19', '28', '0'}
| | | +-- , 17 , {19} , {'3', '7', '14', '15', '18', '1', '27', '17', '29', '24', '22', '9', '16', '11', '19', '0'}
| | | | +-- , 19 , set() , {'25', '7', '24', '9', '22', '1', '17', '23', '0'}
| | | +-- , 21 , set() , {'4', '9', '22', '10'}
| | | +-- , 22 , {23} , {'16', '7', '27', '15'}
| | | | +-- , 23 , set() , {'16', '7', '2', '32'}
| | | +-- , 15 , set() , {'26', '16', '27', '9'}


Max number of edges with non zero Y: 19
Max number of iterations of outer rounding loop: 4
Max number of candidate sets: 2
Time spent rounding: 0.185
Time spent solving Separator LP: 0.014
Total time spent solving: 0.459

LP Solver: gammaPlusFractionalCoverHeuristic
Number of Rounding Attemps: 2
Lower Bound Witness = ({'3', '17', '4', '21', '29', '20', '31', '22', '9', '16', '11', '19', '28', '33', '7', '10', '14', '15', '8', '18', '1', '13', '27', '23', '12', '25', '26', '6', '24', '5', '30', '0'}, {'6', '16', '23', '4', '33'})