19, 2.517451851851852, 9.5, 10
+-- , 0 , {8, 4} , {'xL25J', 'xL37J', 'xL12J', 'xL2J', 'xL14J', 'xL29J', 'xL19J', 'xL22J', 'xL17J', 'xL3J', 'xL39J', 'xL36J', 'xL15J', 'xL7J', 'xL21J'}
| +-- , 8 , {10, 43, 41} , {'xL25J', 'xL37J', 'xL12J', 'xL2J', 'xL14J', 'xL29J', 'xL19J', 'xL27J', 'xL17J', 'xL22J', 'xL16J', 'xL39J', 'xL36J', 'xL15J', 'xL7J', 'xL21J'}
| | +-- , 10 , {13} , {'xL25J', 'xL37J', 'xL12J', 'xL2J', 'xL14J', 'xL29J', 'xL27J', 'xL17J', 'xL22J', 'xL16J', 'xL39J', 'xL36J', 'xL15J', 'xL7J', 'xL6J', 'xL21J', 'xL26J'}
| | | +-- , 13 , {15} , {'xL25J', 'xL37J', 'xL12J', 'xL2J', 'xL14J', 'xL29J', 'xL27J', 'xL17J', 'xL22J', 'xL16J', 'xL39J', 'xL36J', 'xL15J', 'xL7J', 'xL31J', 'xL6J', 'xL26J'}
| | | | +-- , 15 , {18} , {'xL25J', 'xL37J', 'xL12J', 'xL24J', 'xL14J', 'xL29J', 'xL27J', 'xL17J', 'xL22J', 'xL16J', 'xL39J', 'xL36J', 'xL15J', 'xL7J', 'xL31J', 'xL6J', 'xL26J', 'xL38J'}
| | | | | +-- , 18 , {20, 39} , {'xL25J', 'xL37J', 'xL12J', 'xL24J', 'xL14J', 'xL29J', 'xL27J', 'xL17J', 'xL16J', 'xL39J', 'xL36J', 'xL15J', 'xL7J', 'xL31J', 'xL6J', 'xL26J', 'xL38J', 'xL1J'}
| | | | | | +-- , 20 , {23} , {'xL25J', 'xL37J', 'xL24J', 'xL14J', 'xL29J', 'xL27J', 'xL17J', 'xL16J', 'xL35J', 'xL39J', 'xL34J', 'xL36J', 'xL15J', 'xL7J', 'xL31J', 'xL6J', 'xL26J', 'xL38J', 'xL1J'}
| | | | | | | +-- , 23 , {25, 33} , {'xL25J', 'xL37J', 'xL24J', 'xL14J', 'xL29J', 'xL8J', 'xL27J', 'xL17J', 'xL16J', 'xL35J', 'xL39J', 'xL10J', 'xL34J', 'xL7J', 'xL6J', 'xL38J', 'xL1J'}
| | | | | | | | +-- , 25 , {27} , {'xL25J', 'xL24J', 'xL14J', 'xL29J', 'xL8J', 'xL27J', 'xL17J', 'xL35J', 'xL18J', 'xL20J', 'xL34J', 'xL7J'}
| | | | | | | | | +-- , 27 , {29, 31} , {'xL34J', 'xL7J', 'xL14J', 'xL29J', 'xL33J', 'xL27J', 'xL23J', 'xL35J', 'xL18J', 'xL20J'}
| | | | | | | | | | +-- , 29 , set() , {'xL33J', 'xL14J', 'xL32J'}
| | | | | | | | | | +-- , 31 , set() , {'xL5J', 'xL7J', 'xL33J', 'xL27J', 'xL23J'}
| | | | | | | | +-- , 33 , {35} , {'xL34J', 'xL37J', 'xL7J', 'xL24J', 'xL14J', 'xL6J', 'xL8J', 'xL16J', 'xL28J', 'xL39J', 'xL10J', 'xL38J'}
| | | | | | | | | +-- , 35 , {37} , {'xL24J', 'xL7J', 'xL6J', 'xL4J', 'xL8J', 'xL28J'}
| | | | | | | | | | +-- , 37 , set() , {'xL28J', 'xL30J', 'xL24J', 'xL4J'}
| | | | | | +-- , 39 , set() , {'xL13J', 'xL7J', 'xL31J', 'xL26J', 'xL1J'}
| | +-- , 43 , set() , {'xL16J', 'xL9J'}
| | +-- , 41 , set() , {'xL11J', 'xL22J', 'xL37J', 'xL16J'}
| +-- , 4 , set() , {'xL0J', 'xL36J', 'xL29J'}


Max number of edges with non zero Y: 35
Max number of iterations of outer rounding loop: 6
Max number of candidate sets: 2
Time spent rounding: 48.627
Time spent solving Separator LP: 1.137

LP Solver: GaifmanBoosted