18, 2.8950456323337677, 9.5, 11
+-- , 0 , {6, 11, 43} , {'xL25J', 'xL13J', 'xL14J', 'xL29J', 'xL4J', 'xL33J', 'xL8J', 'xL17J', 'xL16J', 'xL32J', 'xL10J', 'xL20J', 'xL36J', 'xL15J', 'xL7J', 'xL31J', 'xL6J', 'xL26J'}
| +-- , 6 , set() , {'xL0J', 'xL36J', 'xL29J'}
| +-- , 11 , {14} , {'xL25J', 'xL13J', 'xL14J', 'xL29J', 'xL4J', 'xL33J', 'xL8J', 'xL17J', 'xL16J', 'xL35J', 'xL10J', 'xL18J', 'xL20J', 'xL36J', 'xL15J', 'xL7J', 'xL31J', 'xL6J', 'xL26J'}
| | +-- , 14 , {16, 41} , {'xL25J', 'xL13J', 'xL14J', 'xL29J', 'xL4J', 'xL33J', 'xL8J', 'xL27J', 'xL17J', 'xL16J', 'xL35J', 'xL10J', 'xL18J', 'xL20J', 'xL36J', 'xL7J', 'xL31J', 'xL6J', 'xL26J'}
| | | +-- , 16 , {18} , {'xL25J', 'xL13J', 'xL14J', 'xL29J', 'xL4J', 'xL33J', 'xL8J', 'xL27J', 'xL17J', 'xL16J', 'xL10J', 'xL20J', 'xL34J', 'xL36J', 'xL31J', 'xL6J', 'xL26J'}
| | | | +-- , 18 , {20} , {'xL25J', 'xL13J', 'xL14J', 'xL29J', 'xL4J', 'xL8J', 'xL27J', 'xL17J', 'xL16J', 'xL28J', 'xL10J', 'xL20J', 'xL34J', 'xL36J', 'xL31J', 'xL6J', 'xL26J'}
| | | | | +-- , 20 , {39, 22, 26} , {'xL25J', 'xL13J', 'xL29J', 'xL4J', 'xL8J', 'xL27J', 'xL17J', 'xL22J', 'xL16J', 'xL28J', 'xL10J', 'xL20J', 'xL34J', 'xL36J', 'xL31J', 'xL6J', 'xL26J'}
| | | | | | +-- , 39 , set() , {'xL6J', 'xL22J', 'xL17J', 'xL26J', 'xL28J', 'xL38J'}
| | | | | | +-- , 22 , {24} , {'xL34J', 'xL24J', 'xL6J', 'xL4J', 'xL22J', 'xL17J', 'xL28J', 'xL20J'}
| | | | | | | +-- , 24 , set() , {'xL28J', 'xL30J', 'xL24J', 'xL4J'}
| | | | | | +-- , 26 , {29, 31} , {'xL25J', 'xL13J', 'xL29J', 'xL8J', 'xL27J', 'xL17J', 'xL22J', 'xL16J', 'xL28J', 'xL3J', 'xL39J', 'xL10J', 'xL36J', 'xL31J', 'xL6J'}
| | | | | | | +-- , 29 , set() , {'xL36J', 'xL31J', 'xL2J', 'xL17J', 'xL39J'}
| | | | | | | +-- , 31 , {33} , {'xL25J', 'xL13J', 'xL29J', 'xL27J', 'xL22J', 'xL16J', 'xL28J', 'xL3J', 'xL39J', 'xL10J', 'xL36J', 'xL6J', 'xL1J'}
| | | | | | | | +-- , 33 , {35} , {'xL25J', 'xL12J', 'xL29J', 'xL11J', 'xL27J', 'xL22J', 'xL16J', 'xL28J', 'xL3J', 'xL39J', 'xL6J', 'xL1J'}
| | | | | | | | | +-- , 35 , {37} , {'xL25J', 'xL37J', 'xL12J', 'xL6J', 'xL11J', 'xL27J', 'xL21J', 'xL28J', 'xL3J'}
| | | | | | | | | | +-- , 37 , set() , {'xL27J', 'xL21J', 'xL19J'}
| | | +-- , 41 , set() , {'xL5J', 'xL7J', 'xL33J', 'xL27J', 'xL23J', 'xL35J', 'xL20J'}
| +-- , 43 , set() , {'xL16J', 'xL9J'}


Max number of edges with non zero Y: 25
Max number of iterations of outer rounding loop: 5
Max number of candidate sets: 2
Time spent rounding: 39.045
Time spent solving Separator LP: 1.148

LP Solver: GaifmanBoosted