19, 2.5542044056329365, 9.0, 9
+-- , 0 , {33, 35, 39, 9, 41, 43, 25, 29, 31} , {'xL30J', 'xL17J', 'xL6J', 'xL21J', 'xL14J', 'xL15J', 'xL13J', 'xL25J', 'xL39J', 'xL22J', 'xL2J', 'xL5J', 'xL3J', 'xL12J', 'xL16J', 'xL4J', 'xL38J', 'xL10J'}
| +-- , 33 , set() , {'xL6J', 'xL31J', 'xL15J'}
| +-- , 35 , {37} , {'xL11J', 'xL13J', 'xL4J', 'xL36J', 'xL16J'}
| | +-- , 37 , set() , {'xL4J', 'xL11J', 'xL9J', 'xL16J'}
| +-- , 39 , set() , {'xL30J', 'xL38J', 'xL22J', 'xL28J'}
| +-- , 9 , {11} , {'xL30J', 'xL17J', 'xL21J', 'xL14J', 'xL15J', 'xL18J', 'xL25J', 'xL39J', 'xL22J', 'xL2J', 'xL5J', 'xL12J', 'xL3J', 'xL4J', 'xL38J'}
| | +-- , 11 , {13, 23} , {'xL30J', 'xL17J', 'xL7J', 'xL21J', 'xL14J', 'xL15J', 'xL18J', 'xL25J', 'xL39J', 'xL22J', 'xL12J', 'xL3J', 'xL4J', 'xL38J'}
| | | +-- , 13 , {15} , {'xL30J', 'xL17J', 'xL7J', 'xL8J', 'xL14J', 'xL12J', 'xL15J', 'xL25J', 'xL38J', 'xL33J'}
| | | | +-- , 15 , {17} , {'xL30J', 'xL32J', 'xL17J', 'xL8J', 'xL12J', 'xL15J'}
| | | | | +-- , 17 , {19} , {'xL30J', 'xL32J', 'xL17J', 'xL12J', 'xL15J', 'xL27J'}
| | | | | | +-- , 19 , {21} , {'xL27J', 'xL32J', 'xL15J', 'xL29J'}
| | | | | | | +-- , 21 , set() , {'xL24J', 'xL29J'}
| | | +-- , 23 , set() , {'xL39J', 'xL22J', 'xL7J', 'xL21J', 'xL3J', 'xL19J'}
| +-- , 41 , set() , {'xL26J', 'xL25J', 'xL6J'}
| +-- , 43 , set() , {'xL0J', 'xL16J'}
| +-- , 25 , {27} , {'xL2J', 'xL1J', 'xL21J', 'xL23J', 'xL5J', 'xL38J', 'xL12J', 'xL3J', 'xL25J', 'xL34J', 'xL10J'}
| | +-- , 27 , set() , {'xL34J', 'xL3J', 'xL1J', 'xL35J'}
| +-- , 29 , set() , {'xL37J', 'xL12J'}
| +-- , 31 , set() , {'xL20J', 'xL39J', 'xL13J'}


Max number of edges with non zero Y: 28
Max number of iterations of outer rounding loop: 4
Max number of candidate sets: 2
Time spent rounding: 4.783
Time spent solving Separator LP: 0.465

LP Solver: GaifmanNormal