8, 2.318633708784865, 5.1013779527559056, 8
+-- , 0 , {18, 20, 26, 30} , {'xL25J', 'xL17J', 'xL27J', 'xL35J', 'xL34J', 'xL6J', 'xL5J', 'xL38J', 'xL23J', 'xL13J', 'xL12J', 'xL26J', 'xL0J', 'xL21J', 'xL37J', 'xL10J', 'xL32J', 'xL22J', 'xL2J', 'xL1J', 'xL33J', 'xL8J', 'xL16J', 'xL15J', 'xL29J', 'xL14J', 'xL3J', 'xL28J', 'xL4J', 'xL18J', 'xL31J', 'xL20J', 'xL11J'}
| +-- , 18 , set() , {'xL17J', 'xL35J', 'xL34J', 'xL36J', 'xL5J', 'xL23J', 'xL13J', 'xL26J', 'xL0J', 'xL21J', 'xL22J', 'xL32J', 'xL2J', 'xL1J', 'xL8J', 'xL14J', 'xL3J', 'xL28J', 'xL4J', 'xL18J', 'xL31J', 'xL20J'}
| +-- , 20 , {22} , {'xL17J', 'xL35J', 'xL34J', 'xL6J', 'xL5J', 'xL38J', 'xL9J', 'xL13J', 'xL0J', 'xL37J', 'xL22J', 'xL10J', 'xL32J', 'xL2J', 'xL1J', 'xL33J', 'xL8J', 'xL16J', 'xL15J', 'xL29J', 'xL14J', 'xL28J', 'xL4J', 'xL11J'}
| | +-- , 22 , {24} , {'xL17J', 'xL39J', 'xL35J', 'xL34J', 'xL6J', 'xL5J', 'xL38J', 'xL9J', 'xL13J', 'xL0J', 'xL37J', 'xL22J', 'xL10J', 'xL32J', 'xL1J', 'xL33J', 'xL8J', 'xL16J', 'xL15J', 'xL29J', 'xL14J', 'xL28J', 'xL4J', 'xL11J'}
| | | +-- , 24 , set() , {'xL29J', 'xL0J', 'xL9J', 'xL37J', 'xL22J', 'xL13J', 'xL39J', 'xL4J', 'xL28J', 'xL35J', 'xL32J', 'xL11J', 'xL6J', 'xL8J', 'xL16J', 'xL15J', 'xL7J'}
| +-- , 26 , {28} , {'xL0J', 'xL25J', 'xL21J', 'xL19J', 'xL37J', 'xL22J', 'xL32J', 'xL35J', 'xL1J', 'xL33J', 'xL29J', 'xL5J', 'xL38J', 'xL14J', 'xL3J', 'xL28J', 'xL23J', 'xL11J', 'xL18J', 'xL31J', 'xL20J', 'xL12J', 'xL26J'}
| | +-- , 28 , set() , {'xL29J', 'xL5J', 'xL14J', 'xL21J', 'xL30J', 'xL19J', 'xL37J', 'xL28J', 'xL22J', 'xL32J', 'xL3J', 'xL35J', 'xL1J', 'xL20J', 'xL33J'}
| +-- , 30 , set() , {'xL29J', 'xL14J', 'xL25J', 'xL3J', 'xL17J', 'xL13J', 'xL10J', 'xL32J', 'xL4J', 'xL35J', 'xL31J', 'xL24J', 'xL20J', 'xL11J', 'xL6J', 'xL26J', 'xL15J'}


Max number of edges with non zero Y: 33
Max number of iterations of outer rounding loop: 8
Max number of candidate sets: 2
Time spent rounding: 71.786
Time spent solving Separator LP: 21.159

LP Solver: GaifmanNormal8, 2.3257739512316435, 5.139621857469354, 8
+-- , 0 , {32, 19} , {'xL0J', 'xL1J', 'xL32J', 'xL39J', 'xL34J', 'xL18J', 'xL33J', 'xL10J', 'xL7J', 'xL38J', 'xL13J', 'xL29J', 'xL5J', 'xL28J', 'xL14J', 'xL15J', 'xL16J', 'xL11J', 'xL20J', 'xL22J', 'xL35J', 'xL27J', 'xL2J', 'xL21J', 'xL6J', 'xL23J', 'xL4J', 'xL37J', 'xL17J', 'xL31J', 'xL25J', 'xL8J'}
| +-- , 32 , set() , {'xL32J', 'xL16J', 'xL6J', 'xL9J', 'xL7J', 'xL4J', 'xL5J', 'xL10J', 'xL33J', 'xL2J', 'xL28J', 'xL15J', 'xL8J'}
| +-- , 19 , {22} , {'xL0J', 'xL1J', 'xL32J', 'xL34J', 'xL18J', 'xL10J', 'xL33J', 'xL38J', 'xL13J', 'xL5J', 'xL29J', 'xL28J', 'xL14J', 'xL15J', 'xL36J', 'xL16J', 'xL11J', 'xL20J', 'xL22J', 'xL26J', 'xL35J', 'xL27J', 'xL2J', 'xL21J', 'xL6J', 'xL23J', 'xL4J', 'xL37J', 'xL17J', 'xL31J', 'xL25J', 'xL8J'}
| | +-- , 22 , {24, 30} , {'xL0J', 'xL1J', 'xL32J', 'xL34J', 'xL18J', 'xL10J', 'xL33J', 'xL38J', 'xL13J', 'xL5J', 'xL29J', 'xL28J', 'xL14J', 'xL15J', 'xL36J', 'xL11J', 'xL26J', 'xL20J', 'xL22J', 'xL35J', 'xL27J', 'xL2J', 'xL21J', 'xL3J', 'xL6J', 'xL23J', 'xL4J', 'xL37J', 'xL17J', 'xL31J', 'xL25J', 'xL8J'}
| | | +-- , 24 , {26, 28} , {'xL0J', 'xL1J', 'xL32J', 'xL18J', 'xL33J', 'xL38J', 'xL13J', 'xL5J', 'xL29J', 'xL28J', 'xL14J', 'xL11J', 'xL19J', 'xL26J', 'xL22J', 'xL20J', 'xL35J', 'xL2J', 'xL21J', 'xL3J', 'xL23J', 'xL4J', 'xL37J', 'xL31J', 'xL25J'}
| | | | +-- , 26 , set() , {'xL12J', 'xL20J', 'xL26J', 'xL11J', 'xL19J', 'xL23J', 'xL4J', 'xL38J', 'xL13J', 'xL5J', 'xL29J', 'xL37J', 'xL2J', 'xL14J', 'xL25J', 'xL3J'}
| | | | +-- , 28 , set() , {'xL3J', 'xL1J', 'xL32J', 'xL20J', 'xL19J', 'xL22J', 'xL30J', 'xL35J', 'xL5J', 'xL29J', 'xL37J', 'xL28J', 'xL21J', 'xL14J', 'xL33J'}
| | | +-- , 30 , set() , {'xL3J', 'xL32J', 'xL20J', 'xL26J', 'xL24J', 'xL11J', 'xL6J', 'xL4J', 'xL13J', 'xL35J', 'xL29J', 'xL17J', 'xL31J', 'xL14J', 'xL25J', 'xL15J', 'xL10J'}


Max number of edges with non zero Y: 33
Max number of iterations of outer rounding loop: 9
Max number of candidate sets: 2
Time spent rounding: 101.154
Time spent solving Separator LP: 26.796

LP Solver: GaifmanNormal