19, 2.9975543006669043, 8.0, 8
+-- , 0 , {26, 38, 6, 40, 28} , {'xL16J', 'xL19J', 'xL8J', 'xL6J', 'xL13J', 'xL18J', 'xL34J', 'xL3J', 'xL21J', 'xL22J', 'xL0J', 'xL32J', 'xL24J', 'xL9J', 'xL7J', 'xL10J'}
| +-- , 26 , set() , {'xL16J', 'xL35J', 'xL2J', 'xL32J', 'xL9J'}
| +-- , 38 , set() , {'xL3J', 'xL38J'}
| +-- , 6 , {8} , {'xL16J', 'xL19J', 'xL8J', 'xL6J', 'xL13J', 'xL28J', 'xL18J', 'xL34J', 'xL3J', 'xL21J', 'xL22J', 'xL0J', 'xL32J', 'xL9J', 'xL7J', 'xL10J'}
| | +-- , 8 , {10} , {'xL16J', 'xL19J', 'xL8J', 'xL6J', 'xL13J', 'xL28J', 'xL18J', 'xL34J', 'xL3J', 'xL21J', 'xL0J', 'xL32J', 'xL9J', 'xL14J', 'xL7J', 'xL10J'}
| | | +-- , 10 , {16, 20, 22, 12} , {'xL19J', 'xL8J', 'xL13J', 'xL28J', 'xL18J', 'xL37J', 'xL34J', 'xL3J', 'xL21J', 'xL0J', 'xL32J', 'xL9J', 'xL14J', 'xL39J', 'xL7J', 'xL10J'}
| | | | +-- , 16 , {18} , {'xL8J', 'xL28J', 'xL37J', 'xL34J', 'xL3J', 'xL21J', 'xL32J', 'xL14J', 'xL23J', 'xL39J', 'xL7J'}
| | | | | +-- , 18 , set() , {'xL5J', 'xL21J', 'xL32J', 'xL31J', 'xL29J', 'xL17J', 'xL14J', 'xL23J', 'xL39J', 'xL37J', 'xL7J', 'xL3J'}
| | | | +-- , 20 , set() , {'xL19J', 'xL39J', 'xL12J', 'xL28J'}
| | | | +-- , 22 , {24} , {'xL37J', 'xL11J', 'xL21J', 'xL13J'}
| | | | | +-- , 24 , set() , {'xL1J', 'xL21J', 'xL11J'}
| | | | +-- , 12 , {14} , {'xL0J', 'xL32J', 'xL27J', 'xL18J', 'xL9J', 'xL37J', 'xL10J'}
| | | | | +-- , 14 , set() , {'xL25J', 'xL27J', 'xL18J', 'xL9J', 'xL37J', 'xL10J'}
| +-- , 40 , set() , {'xL33J', 'xL19J'}
| +-- , 28 , {30} , {'xL16J', 'xL19J', 'xL6J', 'xL13J', 'xL18J', 'xL34J', 'xL3J', 'xL30J', 'xL21J', 'xL22J', 'xL32J', 'xL24J', 'xL9J', 'xL7J', 'xL10J'}
| | +-- , 30 , {32} , {'xL16J', 'xL19J', 'xL6J', 'xL13J', 'xL18J', 'xL3J', 'xL36J', 'xL30J', 'xL21J', 'xL22J', 'xL32J', 'xL24J', 'xL15J', 'xL9J', 'xL7J', 'xL10J'}
| | | +-- , 32 , {34, 36} , {'xL16J', 'xL6J', 'xL18J', 'xL3J', 'xL36J', 'xL21J', 'xL22J', 'xL32J', 'xL24J', 'xL15J', 'xL9J', 'xL7J', 'xL10J', 'xL26J'}
| | | | +-- , 34 , set() , {'xL36J', 'xL4J', 'xL21J', 'xL6J', 'xL24J', 'xL3J', 'xL26J'}
| | | | +-- , 36 , set() , {'xL22J', 'xL18J', 'xL9J', 'xL7J', 'xL20J', 'xL26J'}


Max number of edges with non zero Y: 30
Max number of iterations of outer rounding loop: 2
Max number of candidate sets: 2
Time spent rounding: 3.429
Time spent solving Separator LP: 0.428

LP Solver: GaifmanNormal