24, 4.4999994999999995, 6.5, 7
+-- , 0 , {52, 6, 42, 46} , {'xL14J', 'xL5J', 'xL20J', 'xL11J', 'xL0J', 'xL39J', 'xL27J', 'xL17J', 'xL1J', 'xL16J', 'xL32J'}
| +-- , 52 , set() , {'xL5J', 'xL23J'}
| +-- , 6 , {9} , {'xL12J', 'xL14J', 'xL5J', 'xL11J', 'xL0J', 'xL27J', 'xL32J', 'xL37J', 'xL20J', 'xL16J', 'xL17J', 'xL1J'}
| | +-- , 9 , {12} , {'xL12J', 'xL14J', 'xL5J', 'xL11J', 'xL27J', 'xL32J', 'xL4J', 'xL37J', 'xL20J', 'xL26J', 'xL16J', 'xL17J', 'xL1J'}
| | | +-- , 12 , {14} , {'xL12J', 'xL14J', 'xL5J', 'xL11J', 'xL32J', 'xL18J', 'xL4J', 'xL20J', 'xL26J', 'xL16J', 'xL17J', 'xL1J'}
| | | | +-- , 14 , {16} , {'xL12J', 'xL14J', 'xL5J', 'xL11J', 'xL32J', 'xL18J', 'xL4J', 'xL20J', 'xL16J', 'xL17J', 'xL25J'}
| | | | | +-- , 16 , {18} , {'xL12J', 'xL14J', 'xL5J', 'xL11J', 'xL3J', 'xL18J', 'xL4J', 'xL20J', 'xL32J', 'xL17J', 'xL25J'}
| | | | | | +-- , 18 , {20, 30} , {'xL12J', 'xL14J', 'xL5J', 'xL3J', 'xL18J', 'xL4J', 'xL20J', 'xL6J', 'xL32J', 'xL17J', 'xL25J'}
| | | | | | | +-- , 20 , {22} , {'xL4J', 'xL20J', 'xL21J', 'xL6J', 'xL25J'}
| | | | | | | | +-- , 22 , {24} , {'xL6J', 'xL4J', 'xL38J', 'xL25J', 'xL21J'}
| | | | | | | | | +-- , 24 , {26} , {'xL6J', 'xL31J', 'xL38J', 'xL21J'}
| | | | | | | | | | +-- , 26 , {28} , {'xL28J', 'xL6J', 'xL31J', 'xL21J'}
| | | | | | | | | | | +-- , 28 , set() , {'xL28J', 'xL30J', 'xL24J', 'xL21J'}
| | | | | | | +-- , 30 , {32, 36} , {'xL34J', 'xL12J', 'xL14J', 'xL4J', 'xL5J', 'xL6J', 'xL32J', 'xL17J', 'xL25J', 'xL3J'}
| | | | | | | | +-- , 32 , {34} , {'xL10J', 'xL34J', 'xL12J', 'xL15J', 'xL14J', 'xL25J'}
| | | | | | | | | +-- , 34 , set() , {'xL22J', 'xL15J'}
| | | | | | | | +-- , 36 , {40, 38} , {'xL34J', 'xL12J', 'xL7J', 'xL4J', 'xL36J', 'xL32J', 'xL3J'}
| | | | | | | | | +-- , 40 , set() , {'xL12J', 'xL2J', 'xL7J', 'xL4J'}
| | | | | | | | | +-- , 38 , set() , {'xL33J', 'xL7J', 'xL3J'}
| +-- , 42 , {44} , {'xL39J', 'xL27J', 'xL35J', 'xL1J'}
| | +-- , 44 , set() , {'xL35J', 'xL13J'}
| +-- , 46 , {48} , {'xL5J', 'xL8J', 'xL9J', 'xL11J', 'xL32J', 'xL27J', 'xL1J', 'xL16J'}
| | +-- , 48 , {50} , {'xL9J', 'xL8J', 'xL11J', 'xL16J', 'xL19J'}
| | | +-- , 50 , set() , {'xL9J', 'xL8J', 'xL29J', 'xL16J', 'xL19J'}


Max number of edges with non zero Y: 8
Max number of iterations of outer rounding loop: 0
Max number of candidate sets: 0
Time spent rounding: 0.000
Time spent solving Separator LP: 11.724

LP Solver: GaifmanNormalILP