19, 0, 8.5, 9
+-- , 0 , {5, 45} , {'xL34J', 'xL27J', 'xL38J', 'xL19J', 'xL13J', 'xL35J', 'xL20J', 'xL29J', 'xL6J', 'xL26J', 'xL25J'}
| +-- , 5 , {8, 43} , {'xL34J', 'xL27J', 'xL38J', 'xL19J', 'xL35J', 'xL20J', 'xL29J', 'xL6J', 'xL26J', 'xL39J', 'xL25J', 'xL1J'}
| | +-- , 8 , {41, 17} , {'xL34J', 'xL14J', 'xL5J', 'xL8J', 'xL11J', 'xL27J', 'xL38J', 'xL19J', 'xL3J', 'xL10J', 'xL20J', 'xL29J', 'xL26J', 'xL39J', 'xL17J', 'xL25J', 'xL1J'}
| | | +-- , 41 , set() , {'xL5J', 'xL23J'}
| | | +-- , 17 , {19} , {'xL34J', 'xL14J', 'xL5J', 'xL9J', 'xL8J', 'xL11J', 'xL27J', 'xL38J', 'xL3J', 'xL10J', 'xL29J', 'xL26J', 'xL39J', 'xL17J', 'xL25J', 'xL1J'}
| | | | +-- , 19 , {21} , {'xL34J', 'xL14J', 'xL5J', 'xL9J', 'xL11J', 'xL38J', 'xL3J', 'xL10J', 'xL37J', 'xL29J', 'xL26J', 'xL39J', 'xL17J', 'xL25J', 'xL1J'}
| | | | | +-- , 21 , {23} , {'xL34J', 'xL14J', 'xL5J', 'xL9J', 'xL11J', 'xL38J', 'xL3J', 'xL10J', 'xL4J', 'xL37J', 'xL29J', 'xL39J', 'xL17J', 'xL25J', 'xL1J'}
| | | | | | +-- , 23 , {25} , {'xL34J', 'xL14J', 'xL5J', 'xL9J', 'xL11J', 'xL3J', 'xL10J', 'xL4J', 'xL37J', 'xL29J', 'xL39J', 'xL16J', 'xL25J', 'xL1J'}
| | | | | | | +-- , 25 , {27, 29} , {'xL34J', 'xL14J', 'xL5J', 'xL9J', 'xL11J', 'xL3J', 'xL32J', 'xL10J', 'xL4J', 'xL37J', 'xL39J', 'xL16J', 'xL25J', 'xL1J'}
| | | | | | | | +-- , 27 , set() , {'xL37J', 'xL5J', 'xL0J', 'xL39J', 'xL32J'}
| | | | | | | | +-- , 29 , {37, 31} , {'xL34J', 'xL12J', 'xL10J', 'xL14J', 'xL4J', 'xL5J', 'xL11J', 'xL32J', 'xL25J', 'xL1J', 'xL3J'}
| | | | | | | | | +-- , 37 , {39} , {'xL10J', 'xL12J', 'xL15J', 'xL25J'}
| | | | | | | | | | +-- , 39 , set() , {'xL22J', 'xL15J'}
| | | | | | | | | +-- , 31 , {33, 35} , {'xL34J', 'xL12J', 'xL7J', 'xL4J', 'xL36J', 'xL32J', 'xL3J'}
| | | | | | | | | | +-- , 33 , set() , {'xL33J', 'xL7J', 'xL3J'}
| | | | | | | | | | +-- , 35 , set() , {'xL12J', 'xL2J', 'xL7J', 'xL4J'}
| | +-- , 43 , set() , {'xL18J', 'xL6J', 'xL26J', 'xL25J', 'xL1J'}
| +-- , 45 , {47} , {'xL28J', 'xL31J', 'xL6J', 'xL38J', 'xL20J', 'xL21J'}
| | +-- , 47 , set() , {'xL28J', 'xL30J', 'xL24J', 'xL21J'}


Max number of edges with non zero Y: 27
Max number of iterations of outer rounding loop: 10
Max number of candidate sets: 2
Time spent rounding: 41.308
Time spent solving Separator LP: 0.072

LP Solver: gammaPlusFractionalCoverHeuristic