18, 1.4958212284122563, 4.0, 4
+-- , 0 , {35, 37, 5, 21, 25, 29} , {'40', '15', '9', '22', '31', '19', '14', '18', '34', '28', '5'}
| +-- , 35 , set() , {'9', '21', '17'}
| +-- , 37 , set() , {'2', '31'}
| +-- , 5 , {19, 7} , {'12', '9', '22', '31', '19', '14', '42', '18', '28', '5'}
| | +-- , 19 , set() , {'14', '42', '3'}
| | +-- , 7 , {9, 17} , {'26', '12', '1', '41', '31', '19', '6', '42', '18', '28', '22'}
| | | +-- , 9 , {11, 15} , {'26', '12', '1', '19', '47', '13', '28', '22'}
| | | | +-- , 11 , {13} , {'46', '1', '10', '47', '22'}
| | | | | +-- , 13 , set() , {'46', '24', '30'}
| | | | +-- , 15 , set() , {'26', '12', '8', '13', '28'}
| | | +-- , 17 , set() , {'1', '16', '41', '29', '6'}
| +-- , 21 , {23} , {'18', '9', '22', '36', '5'}
| | +-- , 23 , set() , {'5', '39', '11', '36', '22'}
| +-- , 25 , {27} , {'15', '14', '18', '44', '34'}
| | +-- , 27 , set() , {'15', '18', '44', '34', '0'}
| +-- , 29 , {31} , {'14', '45', '15', '9', '19'}
| | +-- , 31 , {33} , {'35', '15', '45', '19'}
| | | +-- , 33 , set() , {'35', '37', '15'}


Max number of edges with non zero Y: 9
Max number of iterations of outer rounding loop: 2
Max number of candidate sets: 2
Time spent rounding: 3.419
Time spent solving Separator LP: 0.150

LP Solver: GaifmanNormal