18, 1.3311682987012987, 5.0, 5
+-- , 0 , {33, 3, 37, 9} , {'1', '9', '47', '18', '42', '13', '34', '5', '22', '15', '19', '0'}
| +-- , 33 , {35} , {'18', '9', '22', '36', '5'}
| | +-- , 35 , set() , {'5', '39', '11', '36', '22'}
| +-- , 3 , {5} , {'46', '1', '10', '47', '22'}
| | +-- , 5 , set() , {'46', '24', '30'}
| +-- , 37 , set() , {'9', '21', '17'}
| +-- , 9 , {23, 11, 29, 31} , {'1', '9', '15', '19', '14', '42', '18', '13', '34', '0'}
| | +-- , 23 , {25} , {'14', '45', '15', '9', '19'}
| | | +-- , 25 , {27} , {'35', '15', '45', '19'}
| | | | +-- , 27 , set() , {'35', '37', '15'}
| | +-- , 11 , {17, 13} , {'1', '15', '19', '14', '6', '18', '42', '13', '34'}
| | | +-- , 17 , {19, 21} , {'12', '1', '16', '41', '15', '19', '14', '29', '6', '13', '34', '28'}
| | | | +-- , 19 , set() , {'40', '15', '19', '34', '28'}
| | | | +-- , 21 , set() , {'26', '12', '8', '13', '28'}
| | | +-- , 13 , {15} , {'6', '18', '42', '31', '19'}
| | | | +-- , 15 , set() , {'2', '31'}
| | +-- , 29 , set() , {'15', '14', '18', '44', '0'}
| | +-- , 31 , set() , {'14', '42', '3'}


Max number of edges with non zero Y: 10
Max number of iterations of outer rounding loop: 4
Max number of candidate sets: 2
Time spent rounding: 9.634
Time spent solving Separator LP: 0.281

LP Solver: GaifmanNormal