21, 0, 5.0, 5
+-- , 0 , {3, 37, 39, 11} , {'46', '40', '12', '1', '8', '18', '34', '22', '26', '15', '19', '14'}
| +-- , 3 , {5} , {'46', '40', '12', '1', '8', '10', '22', '26', '15', '19', '14'}
| | +-- , 5 , {7} , {'26', '40', '12', '15', '8', '19', '10', '47', '14', '22'}
| | | +-- , 7 , {9} , {'26', '40', '12', '15', '8', '19', '47', '14', '13'}
| | | | +-- , 9 , set() , {'26', '40', '12', '15', '8', '14', '13', '28'}
| +-- , 37 , set() , {'46', '24', '30'}
| +-- , 39 , {41} , {'15', '14', '18', '44', '34'}
| | +-- , 41 , set() , {'15', '18', '44', '34', '0'}
| +-- , 11 , {13, 35, 29} , {'12', '1', '15', '19', '14', '42', '18', '34', '22'}
| | +-- , 13 , {15} , {'15', '22', '19', '14', '18', '42', '34', '5'}
| | | +-- , 15 , {17, 21, 27} , {'15', '9', '22', '19', '14', '18', '42', '5'}
| | | | +-- , 17 , {19} , {'18', '9', '22', '36', '5'}
| | | | | +-- , 19 , set() , {'5', '39', '11', '36', '22'}
| | | | +-- , 21 , {23} , {'14', '45', '15', '9', '19'}
| | | | | +-- , 23 , {25} , {'35', '15', '45', '19'}
| | | | | | +-- , 25 , set() , {'35', '37', '15'}
| | | | +-- , 27 , set() , {'9', '21', '17'}
| | +-- , 35 , set() , {'14', '42', '3'}
| | +-- , 29 , {33, 31} , {'12', '1', '41', '31', '19', '6', '18', '42'}
| | | +-- , 33 , set() , {'2', '31'}
| | | +-- , 31 , set() , {'1', '16', '41', '29', '6'}


Max number of edges with non zero Y: 18
Max number of iterations of outer rounding loop: 3
Max number of candidate sets: 2
Time spent rounding: 6.174
Time spent solving Separator LP: 0.029

LP Solver: gammaPlusFractionalCoverHeuristic