20, 3.0, 4.0, 4
+-- , 0 , {3, 7} , {'12', '1', '16', '41', '10', '47', '14', '28', '22'}
| +-- , 3 , {5} , {'46', '10', '1'}
| | +-- , 5 , set() , {'46', '24', '30'}
| +-- , 7 , {9, 38} , {'12', '1', '16', '41', '19', '47', '14', '28', '22'}
| | +-- , 9 , {11} , {'1', '16', '19', '14', '18', '28', '22'}
| | | +-- , 11 , {13, 36} , {'16', '18', '34', '22', '5', '31', '19', '14', '29', '6', '28'}
| | | | +-- , 13 , {34, 15} , {'22', '31', '19', '14', '6', '42', '18', '34', '28', '5'}
| | | | | +-- , 34 , set() , {'14', '42', '3'}
| | | | | +-- , 15 , {32, 17, 28} , {'9', '22', '19', '14', '42', '18', '34', '28', '5'}
| | | | | | +-- , 32 , set() , {'9', '21', '17'}
| | | | | | +-- , 17 , {20, 22} , {'40', '15', '9', '19', '14', '18', '44', '34', '28'}
| | | | | | | +-- , 20 , set() , {'15', '18', '44', '34', '0'}
| | | | | | | +-- , 22 , {24} , {'14', '45', '15', '9', '19'}
| | | | | | | | +-- , 24 , {26} , {'35', '15', '45', '19'}
| | | | | | | | | +-- , 26 , set() , {'35', '37', '15'}
| | | | | | +-- , 28 , {30} , {'18', '9', '22', '36', '5'}
| | | | | | | +-- , 30 , set() , {'5', '39', '11', '36', '22'}
| | | | +-- , 36 , set() , {'2', '31'}
| | +-- , 38 , {40} , {'12', '13', '28', '19', '47'}
| | | +-- , 40 , set() , {'26', '12', '8', '13', '28'}


Max number of edges with non zero Y: 3
Max number of iterations of outer rounding loop: 0
Max number of candidate sets: 0
Time spent rounding: 0.000
Time spent solving Separator LP: 2.200

LP Solver: GaifmanNormalILP