16, 1.8619302949061662, 5.0, 5
+-- , 0 , {32, 34, 18, 6, 28} , {'12', '5', '9', '41', '10', '47', '19', '14', '42', '18', '45', '22'}
| +-- , 32 , set() , {'9', '21', '17'}
| +-- , 34 , set() , {'14', '42', '3'}
| +-- , 18 , {20} , {'12', '47', '18', '22', '5', '19', '14', '44', '0', '45'}
| | +-- , 20 , {26, 22} , {'12', '47', '13', '34', '22', '5', '26', '19', '14', '44', '0', '28', '45'}
| | | +-- , 26 , set() , {'26', '12', '8', '13', '28'}
| | | +-- , 22 , {24} , {'35', '40', '19', '14', '44', '34', '0', '28', '45'}
| | | | +-- , 24 , set() , {'35', '40', '15', '14', '37', '44', '34', '0', '28'}
| +-- , 6 , {16, 8} , {'41', '31', '19', '10', '6', '18', '42', '22'}
| | +-- , 16 , set() , {'2', '31'}
| | +-- , 8 , {10, 14} , {'1', '16', '41', '10', '6', '18', '22'}
| | | +-- , 10 , {12} , {'46', '10', '1'}
| | | | +-- , 12 , set() , {'46', '24', '30'}
| | | +-- , 14 , set() , {'16', '29', '6'}
| +-- , 28 , {30} , {'18', '9', '22', '36', '5'}
| | +-- , 30 , set() , {'5', '39', '11', '36', '22'}


Max number of edges with non zero Y: 11
Max number of iterations of outer rounding loop: 3
Max number of candidate sets: 2
Time spent rounding: 4.688
Time spent solving Separator LP: 0.291

LP Solver: GaifmanBoosted