65, 2.819712701765074, 9.0, 9
+-- , 0 , {129, 3, 131, 133, 101, 7, 107, 117, 121, 93} , {'zL40J', 'zL27J', 'xL5J', 'xL2J', 'zL18J', 'xL9J', 'xL0J', 'zL0J', 'xL8J', 'zL56J', 'xL1J', 'zL41J', 'yL14J', 'xL6J', 'xL7J', 'zL17J'}
| +-- , 129 , set() , {'zL27J', 'xL5J', 'w9'}
| +-- , 3 , set() , {'zL67J', 'w19', 'xL0J', 'zL64J', 'xL8J', 'zL66J', 'zL65J', 'xL1J', 'xL7J', 'xL6J', 'yL16J'}
| +-- , 131 , set() , {'zL40J', 'xL0J', 'yL10J'}
| +-- , 133 , set() , {'yL0J', 'zL0J', 'xL9J'}
| +-- , 101 , {105, 103} , {'xL0J', 'xL5J', 'xL9J', 'zL8J', 'xL8J', 'zL9J', 'xL7J'}
| | +-- , 105 , set() , {'xL9J', 'zL8J', 'yL2J'}
| | +-- , 103 , set() , {'xL0J', 'zL11J', 'xL5J', 'zL10J', 'zL9J', 'w5', 'xL7J'}
| +-- , 7 , {9, 91} , {'zL24J', 'zL27J', 'xL5J', 'xL2J', 'xL9J', 'zL22J', 'xL0J', 'zL23J', 'zL0J', 'xL8J', 'zL56J', 'xL1J', 'zL41J', 'xL6J', 'xL7J', 'zL17J', 'yL6J'}
| | +-- , 9 , {11} , {'zL24J', 'zL27J', 'xL5J', 'xL2J', 'xL9J', 'zL22J', 'zL48J', 'yL12J', 'xL0J', 'zL0J', 'xL8J', 'zL56J', 'xL1J', 'zL41J', 'xL6J', 'xL7J', 'zL17J'}
| | | +-- , 11 , {71, 15, 79, 81, 83, 85, 61} , {'zL24J', 'zL27J', 'xL5J', 'xL2J', 'zL25J', 'xL9J', 'zL22J', 'zL48J', 'xL4J', 'xL0J', 'zL0J', 'xL8J', 'zL56J', 'xL1J', 'zL57J', 'zL41J', 'xL6J', 'xL7J', 'zL17J'}
| | | | +-- , 71 , {73} , {'zL1J', 'xL5J', 'zL0J', 'xL6J', 'xL7J', 'xL4J'}
| | | | | +-- , 73 , {75} , {'zL1J', 'xL5J', 'xL6J', 'xL7J', 'zL2J'}
| | | | | | +-- , 75 , {77} , {'zL3J', 'xL6J', 'xL7J', 'zL2J'}
| | | | | | | +-- , 77 , set() , {'w3', 'zL3J', 'xL7J'}
| | | | +-- , 15 , {17} , {'w18', 'zL63J', 'xL5J', 'xL2J', 'xL9J', 'zL22J', 'zL48J', 'xL4J', 'xL0J', 'xL8J', 'zL56J', 'xL1J', 'zL57J', 'zL41J', 'xL6J', 'xL7J', 'zL17J'}
| | | | | +-- , 17 , {19} , {'zL63J', 'xL2J', 'yL9J', 'xL9J', 'zL41J', 'xL6J', 'zL17J', 'xL5J', 'zL21J', 'zL22J', 'zL48J', 'xL4J', 'zL36J', 'xL0J', 'zL49J', 'zL62J', 'xL8J', 'zL56J', 'xL1J', 'zL57J', 'xL7J'}
| | | | | | +-- , 19 , {59, 21} , {'zL55J', 'xL5J', 'xL2J', 'xL9J', 'zL54J', 'zL21J', 'xL4J', 'zL36J', 'xL0J', 'zL49J', 'zL62J', 'xL8J', 'zL56J', 'xL1J', 'zL57J', 'zL41J', 'xL6J', 'xL7J', 'zL17J'}
| | | | | | | +-- , 59 , set() , {'zL55J', 'xL1J', 'w16'}
| | | | | | | +-- , 21 , {33, 37, 41, 45, 51, 53, 23, 25, 29} , {'xL5J', 'xL2J', 'xL9J', 'zL54J', 'xL3J', 'zL21J', 'zL36J', 'zL53J', 'xL0J', 'zL49J', 'zL62J', 'xL8J', 'zL56J', 'xL1J', 'zL57J', 'zL41J', 'xL6J', 'xL7J', 'zL17J'}
| | | | | | | | +-- , 33 , {35} , {'zL36J', 'xL0J', 'zL37J', 'xL3J', 'xL9J', 'xL8J'}
| | | | | | | | | +-- , 35 , set() , {'zL38J', 'xL0J', 'zL37J', 'xL9J', 'xL8J', 'w12', 'zL39J'}
| | | | | | | | +-- , 37 , {39} , {'zL52J', 'xL9J', 'zL53J', 'xL5J'}
| | | | | | | | | +-- , 39 , set() , {'zL52J', 'xL9J', 'yL13J'}
| | | | | | | | +-- , 41 , {43} , {'zL16J', 'xL3J', 'xL5J', 'zL17J'}
| | | | | | | | | +-- , 43 , set() , {'zL16J', 'xL3J', 'yL4J'}
| | | | | | | | +-- , 45 , {47} , {'xL3J', 'xL1J', 'zL50J', 'zL49J', 'xL7J'}
| | | | | | | | | +-- , 47 , {49} , {'zL51J', 'xL3J', 'zL50J', 'xL7J'}
| | | | | | | | | | +-- , 49 , set() , {'zL51J', 'xL3J', 'w15'}
| | | | | | | | +-- , 51 , set() , {'yL15J', 'xL5J', 'xL2J', 'zL62J', 'xL3J', 'zL61J', 'zL60J'}
| | | | | | | | +-- , 53 , {55} , {'xL3J', 'xL8J', 'zL41J', 'zL42J', 'xL6J'}
| | | | | | | | | +-- , 55 , {57} , {'xL3J', 'xL8J', 'zL42J', 'zL43J'}
| | | | | | | | | | +-- , 57 , set() , {'w13', 'xL8J', 'zL43J'}
| | | | | | | | +-- , 23 , set() , {'zL31J', 'zL28J', 'w10', 'zL30J', 'yL7J', 'zL29J', 'xL3J', 'xL9J', 'xL1J', 'xL6J', 'xL7J'}
| | | | | | | | +-- , 25 , {27} , {'w21', 'yL18J', 'xL3J', 'xL9J', 'xL8J', 'xL6J', 'xL7J', 'zL75J', 'zL72J'}
| | | | | | | | | +-- , 27 , set() , {'zL74J', 'zL73J', 'xL9J', 'xL8J', 'xL6J', 'zL75J', 'zL72J'}
| | | | | | | | +-- , 29 , {31} , {'xL3J', 'zL21J', 'zL20J', 'xL6J'}
| | | | | | | | | +-- , 31 , set() , {'xL3J', 'yL5J', 'zL20J'}
| | | | +-- , 79 , set() , {'zL77J', 'zL76J', 'zL78J', 'xL2J', 'zL79J', 'xL9J', 'yL19J', 'w22', 'xL6J', 'xL7J', 'xL4J'}
| | | | +-- , 81 , set() , {'zL35J', 'zL33J', 'xL5J', 'w11', 'yL8J', 'xL9J', 'zL32J', 'zL34J', 'xL6J', 'xL7J', 'xL4J'}
| | | | +-- , 83 , set() , {'zL27J', 'zL26J', 'zL25J', 'xL1J', 'xL6J'}
| | | | +-- , 85 , {87} , {'xL8J', 'zL57J', 'xL0J', 'xL5J', 'zL58J'}
| | | | | +-- , 87 , {89} , {'xL8J', 'zL59J', 'xL5J', 'zL58J'}
| | | | | | +-- , 89 , set() , {'zL59J', 'xL8J', 'w17'}
| | | | +-- , 61 , {67, 63} , {'xL0J', 'xL9J', 'xL8J', 'zL69J', 'zL70J', 'xL6J', 'xL4J'}
| | | | | +-- , 67 , {69} , {'xL9J', 'zL71J', 'zL70J', 'xL6J'}
| | | | | | +-- , 69 , set() , {'w20', 'xL6J', 'zL71J'}
| | | | | +-- , 63 , {65} , {'xL8J', 'zL69J', 'xL0J', 'zL68J'}
| | | | | | +-- , 65 , set() , {'xL8J', 'zL68J', 'yL17J'}
| | +-- , 91 , set() , {'w8', 'xL5J', 'zL23J'}
| +-- , 107 , {109} , {'xL0J', 'xL2J', 'w6', 'xL8J', 'zL15J', 'xL6J', 'xL7J'}
| | +-- , 109 , {111} , {'xL0J', 'zL15J', 'xL2J', 'zL14J', 'xL6J', 'xL7J'}
| | | +-- , 111 , {113} , {'zL13J', 'xL7J', 'zL14J', 'xL6J', 'xL2J'}
| | | | +-- , 113 , {115} , {'zL12J', 'zL13J', 'xL6J', 'xL7J'}
| | | | | +-- , 115 , set() , {'yL3J', 'zL12J', 'xL7J'}
| +-- , 117 , {119} , {'zL19J', 'xL8J', 'xL9J', 'zL18J'}
| | +-- , 119 , set() , {'w7', 'zL19J', 'xL9J'}
| +-- , 121 , {123} , {'xL0J', 'xL5J', 'xL2J', 'w14', 'xL8J', 'zL46J', 'zL47J', 'xL6J'}
| | +-- , 123 , {125} , {'zL45J', 'zL46J', 'xL0J', 'xL5J', 'xL2J'}
| | | +-- , 125 , {127} , {'zL45J', 'zL44J', 'xL0J', 'xL2J'}
| | | | +-- , 127 , set() , {'yL11J', 'zL44J', 'xL2J'}
| +-- , 93 , {97, 95} , {'xL5J', 'xL2J', 'zL6J', 'xL9J', 'xL8J', 'xL6J', 'zL5J'}
| | +-- , 97 , {99} , {'zL4J', 'xL5J', 'xL6J', 'zL5J'}
| | | +-- , 99 , set() , {'zL4J', 'yL1J', 'xL6J'}
| | +-- , 95 , set() , {'zL7J', 'w4', 'zL6J', 'xL9J', 'xL8J'}


Max number of edges with non zero Y: 19
Max number of iterations of outer rounding loop: 4
Max number of candidate sets: 2
Time spent rounding: 7.913
Time spent solving Separator LP: 2.079
Total time spent solving: 14.513

LP Solver: GaifmanBoosted
Lower Bound Witness = ({'zL74J', 'w6', 'zL71J', 'zL58J', 'w4', 'zL43J', 'w13', 'zL41J', 'zL42J', 'xL6J', 'zL75J', 'zL39J', 'zL2J', 'yL2J', 'w20', 'zL70J', 'zL48J', 'zL68J', 'xL4J', 'zL12J', 'zL37J', 'zL72J', 'zL63J', 'yL7J', 'yL9J', 'w14', 'xL9J', 'zL8J', 'zL54J', 'yL3J', 'zL5J', 'zL19J', 'yL11J', 'w8', 'zL53J', 'yL13J', 'zL16J', 'zL20J', 'zL60J', 'yL0J', 'zL79J', 'zL18J', 'yL4J', 'yL17J', 'w16', 'w17', 'w19', 'zL49J', 'zL62J', 'zL66J', 'zL57J', 'w22', 'zL59J', 'zL77J', 'zL40J', 'zL1J', 'zL50J', 'zL69J', 'zL15J', 'zL31J', 'zL44J', 'zL28J', 'zL38J', 'zL35J', 'zL64J', 'w7', 'zL51J', 'w12', 'zL17J', 'zL27J', 'zL3J', 'xL5J', 'zL22J', 'w21', 'zL4J', 'yL12J', 'zL13J', 'xL0J', 'zL11J', 'zL73J', 'zL6J', 'xL8J', 'zL65J', 'zL61J', 'zL34J', 'xL7J', 'zL55J', 'w18', 'yL18J', 'zL30J', 'w11', 'xL2J', 'zL29J', 'zL25J', 'w15', 'zL76J', 'w5', 'zL47J', 'yL5J', 'w10', 'w3', 'yL1J', 'zL9J', 'yL16J', 'yL6J', 'zL7J', 'zL24J', 'yL15J', 'zL33J', 'zL26J', 'w9', 'yL8J', 'xL3J', 'zL21J', 'zL10J', 'yL19J', 'zL46J', 'zL32J', 'zL14J', 'yL10J', 'zL36J', 'zL67J', 'zL78J', 'zL23J', 'zL52J', 'zL45J', 'zL56J', 'zL0J', 'xL1J', 'yL14J'}, {'yL0J', 'zL19J', 'zL28J', 'yL1J', 'zL11J', 'zL23J', 'w9', 'zL16J', 'zL45J', 'xL3J', 'zL66J', 'zL41J', 'yL10J', 'zL2J'})