26, 2.8790901632214685, 7.0, 7
+-- , 0 , {3, 45, 47, 49, 51, 53, 25, 27} , {'xL31J', 'xL33J', 'xL18J', 'xL26J', 'xL22J', 'xL8J', 'xL28J', 'xL2J', 'xL10J', 'xL24J', 'xL0J', 'xL30J', 'xL32J'}
| +-- , 3 , {23, 7, 9} , {'xL9J', 'xL31J', 'xL33J', 'xL18J', 'xL22J', 'xL8J', 'xL28J', 'xL2J', 'xL10J', 'xL24J', 'xL0J', 'xL39J', 'xL30J', 'xL32J'}
| | +-- , 23 , set() , {'xL2J', 'xL9J', 'xL28J', 'xL11J'}
| | +-- , 7 , set() , {'xL34J', 'xL33J', 'xL24J', 'xL22J', 'xL39J', 'xL30J'}
| | +-- , 9 , {11, 21} , {'xL2J', 'xL9J', 'xL31J', 'xL10J', 'xL33J', 'xL18J', 'xL0J', 'xL22J', 'xL5J', 'xL39J', 'xL8J', 'xL28J', 'xL30J', 'xL32J'}
| | | +-- , 11 , {13} , {'xL9J', 'xL31J', 'xL33J', 'xL22J', 'xL5J', 'xL8J', 'xL28J', 'xL4J', 'xL10J', 'xL0J', 'xL39J', 'xL30J', 'xL32J'}
| | | | +-- , 13 , {17, 19, 15} , {'xL9J', 'xL17J', 'xL10J', 'xL33J', 'xL7J', 'xL0J', 'xL22J', 'xL5J', 'xL39J', 'xL28J', 'xL4J', 'xL32J'}
| | | | | +-- , 17 , set() , {'xL9J', 'xL17J', 'xL5J', 'xL21J', 'xL4J'}
| | | | | +-- , 19 , set() , {'xL17J', 'xL0J', 'xL22J', 'xL14J', 'xL28J'}
| | | | | +-- , 15 , set() , {'xL38J', 'xL33J', 'xL7J', 'xL39J', 'xL32J'}
| | | +-- , 21 , set() , {'xL1J', 'xL9J', 'xL18J', 'xL5J', 'xL28J'}
| +-- , 45 , set() , {'xL2J', 'xL24J', 'xL3J'}
| +-- , 47 , set() , {'xL25J', 'xL31J', 'xL26J'}
| +-- , 49 , set() , {'xL24J', 'xL6J'}
| +-- , 51 , set() , {'xL24J', 'xL36J', 'xL26J'}
| +-- , 53 , set() , {'xL2J', 'xL16J'}
| +-- , 25 , set() , {'xL10J', 'xL24J', 'xL23J', 'xL8J'}
| +-- , 27 , {35, 37, 29} , {'xL31J', 'xL33J', 'xL18J', 'xL26J', 'xL22J', 'xL8J', 'xL28J', 'xL2J', 'xL27J', 'xL10J', 'xL24J', 'xL0J', 'xL30J'}
| | +-- , 35 , set() , {'xL15J', 'xL27J'}
| | +-- , 37 , {43, 39} , {'xL2J', 'xL35J', 'xL27J', 'xL10J', 'xL24J', 'xL0J', 'xL22J', 'xL28J', 'xL30J'}
| | | +-- , 43 , set() , {'xL2J', 'xL35J', 'xL27J', 'xL0J', 'xL12J'}
| | | +-- , 39 , {41} , {'xL24J', 'xL27J', 'xL35J', 'xL22J', 'xL28J', 'xL29J'}
| | | | +-- , 41 , set() , {'xL29J', 'xL13J', 'xL35J'}
| | +-- , 29 , {33, 31} , {'xL27J', 'xL10J', 'xL31J', 'xL37J', 'xL33J', 'xL26J', 'xL0J', 'xL22J', 'xL8J', 'xL30J'}
| | | +-- , 33 , set() , {'xL27J', 'xL10J', 'xL37J', 'xL33J', 'xL26J', 'xL0J', 'xL22J', 'xL20J'}
| | | +-- , 31 , set() , {'xL37J', 'xL31J', 'xL8J', 'xL19J'}


Max number of edges with non zero Y: 27
Max number of iterations of outer rounding loop: 6
Max number of candidate sets: 2
Time spent rounding: 25.269
Time spent solving Separator LP: 0.707

LP Solver: GaifmanBoosted