20, 0, 10.0, 10
+-- , 0 , {5, 41, 43, 45, 47, 49, 51} , {'xL2J', 'xL35J', 'xL27J', 'xL34J', 'xL13J', 'xL24J', 'xL0J', 'xL22J', 'xL20J', 'xL28J'}
| +-- , 5 , {16} , {'xL35J', 'xL38J', 'xL34J', 'xL33J', 'xL7J', 'xL22J', 'xL20J', 'xL8J', 'xL28J', 'xL11J', 'xL2J', 'xL1J', 'xL32J', 'xL27J', 'xL10J', 'xL37J', 'xL24J', 'xL0J', 'xL23J'}
| | +-- , 16 , {19} , {'xL35J', 'xL33J', 'xL7J', 'xL8J', 'xL11J', 'xL1J', 'xL37J', 'xL24J', 'xL30J', 'xL38J', 'xL34J', 'xL22J', 'xL20J', 'xL28J', 'xL4J', 'xL2J', 'xL27J', 'xL10J', 'xL0J', 'xL32J'}
| | | +-- , 19 , {21} , {'xL33J', 'xL7J', 'xL8J', 'xL11J', 'xL1J', 'xL37J', 'xL24J', 'xL30J', 'xL38J', 'xL34J', 'xL22J', 'xL20J', 'xL28J', 'xL4J', 'xL2J', 'xL27J', 'xL10J', 'xL0J', 'xL19J', 'xL32J'}
| | | | +-- , 21 , {23, 39} , {'xL33J', 'xL7J', 'xL8J', 'xL11J', 'xL1J', 'xL24J', 'xL30J', 'xL17J', 'xL38J', 'xL34J', 'xL22J', 'xL20J', 'xL28J', 'xL4J', 'xL2J', 'xL27J', 'xL10J', 'xL0J', 'xL19J', 'xL32J'}
| | | | | +-- , 23 , {25, 35} , {'xL17J', 'xL38J', 'xL34J', 'xL33J', 'xL22J', 'xL5J', 'xL20J', 'xL8J', 'xL28J', 'xL4J', 'xL11J', 'xL1J', 'xL2J', 'xL27J', 'xL10J', 'xL24J', 'xL39J', 'xL19J', 'xL30J', 'xL32J'}
| | | | | | +-- , 25 , {33, 27} , {'xL1J', 'xL27J', 'xL10J', 'xL31J', 'xL24J', 'xL4J', 'xL22J', 'xL5J', 'xL20J', 'xL19J', 'xL28J', 'xL30J'}
| | | | | | | +-- , 33 , set() , {'xL1J', 'xL27J', 'xL10J', 'xL31J', 'xL18J', 'xL22J', 'xL5J'}
| | | | | | | +-- , 27 , {29, 31} , {'xL24J', 'xL20J', 'xL31J', 'xL28J', 'xL26J'}
| | | | | | | | +-- , 29 , set() , {'xL24J', 'xL36J', 'xL26J'}
| | | | | | | | +-- , 31 , set() , {'xL25J', 'xL31J', 'xL26J'}
| | | | | | +-- , 35 , {37} , {'xL1J', 'xL9J', 'xL17J', 'xL33J', 'xL24J', 'xL4J', 'xL5J', 'xL28J', 'xL30J', 'xL11J', 'xL32J'}
| | | | | | | +-- , 37 , set() , {'xL9J', 'xL17J', 'xL5J', 'xL21J', 'xL4J'}
| | | | | +-- , 39 , set() , {'xL17J', 'xL0J', 'xL22J', 'xL14J', 'xL28J'}
| +-- , 41 , set() , {'xL2J', 'xL35J', 'xL27J', 'xL0J', 'xL12J'}
| +-- , 43 , set() , {'xL2J', 'xL24J', 'xL3J'}
| +-- , 45 , set() , {'xL27J', 'xL29J', 'xL13J', 'xL24J', 'xL22J', 'xL28J'}
| +-- , 47 , set() , {'xL24J', 'xL6J'}
| +-- , 49 , set() , {'xL2J', 'xL16J'}
| +-- , 51 , set() , {'xL15J', 'xL27J'}


Max number of edges with non zero Y: 30
Max number of iterations of outer rounding loop: 12
Max number of candidate sets: 2
Time spent rounding: 87.899
Time spent solving Separator LP: 0.115

LP Solver: gammaPlusFractionalCoverHeuristic