20, 2.7627028336043282, 9.0, 9
+-- , 0 , {35, 37, 6, 41, 43, 45} , {'xL35J', 'xL17J', 'xL27J', 'xL10J', 'xL37J', 'xL18J', 'xL26J', 'xL24J', 'xL0J', 'xL22J', 'xL5J', 'xL20J', 'xL14J', 'xL8J', 'xL28J'}
| +-- , 35 , set() , {'xL10J', 'xL24J', 'xL23J', 'xL8J'}
| +-- , 37 , {39} , {'xL24J', 'xL27J', 'xL35J', 'xL22J', 'xL28J', 'xL29J'}
| | +-- , 39 , set() , {'xL29J', 'xL13J', 'xL35J'}
| +-- , 6 , {33, 11, 29, 31} , {'xL9J', 'xL35J', 'xL17J', 'xL31J', 'xL18J', 'xL26J', 'xL22J', 'xL5J', 'xL20J', 'xL8J', 'xL28J', 'xL27J', 'xL10J', 'xL37J', 'xL0J', 'xL24J', 'xL12J', 'xL39J'}
| | +-- , 33 , set() , {'xL1J', 'xL9J', 'xL18J', 'xL5J', 'xL28J'}
| | +-- , 11 , {27, 13} , {'xL9J', 'xL35J', 'xL17J', 'xL31J', 'xL22J', 'xL5J', 'xL20J', 'xL8J', 'xL28J', 'xL27J', 'xL10J', 'xL37J', 'xL0J', 'xL24J', 'xL12J', 'xL39J', 'xL30J'}
| | | +-- , 27 , set() , {'xL9J', 'xL17J', 'xL31J', 'xL4J', 'xL5J', 'xL21J', 'xL8J', 'xL30J'}
| | | +-- , 13 , {21, 15} , {'xL9J', 'xL17J', 'xL34J', 'xL33J', 'xL22J', 'xL5J', 'xL20J', 'xL8J', 'xL28J', 'xL10J', 'xL3J', 'xL0J', 'xL24J', 'xL12J', 'xL39J', 'xL30J'}
| | | | +-- , 21 , {25, 23} , {'xL2J', 'xL9J', 'xL33J', 'xL3J', 'xL12J', 'xL22J', 'xL5J', 'xL28J'}
| | | | | +-- , 25 , set() , {'xL2J', 'xL16J'}
| | | | | +-- , 23 , set() , {'xL2J', 'xL9J', 'xL28J', 'xL11J'}
| | | | +-- , 15 , {17, 19} , {'xL9J', 'xL17J', 'xL38J', 'xL10J', 'xL33J', 'xL0J', 'xL39J', 'xL8J', 'xL30J'}
| | | | | +-- , 17 , set() , {'xL9J', 'xL38J', 'xL8J', 'xL30J', 'xL32J'}
| | | | | +-- , 19 , set() , {'xL17J', 'xL38J', 'xL10J', 'xL7J', 'xL0J'}
| | +-- , 29 , set() , {'xL25J', 'xL31J', 'xL26J'}
| | +-- , 31 , set() , {'xL37J', 'xL31J', 'xL8J', 'xL19J'}
| +-- , 41 , set() , {'xL24J', 'xL6J'}
| +-- , 43 , set() , {'xL24J', 'xL36J', 'xL26J'}
| +-- , 45 , set() , {'xL15J', 'xL27J'}


Max number of edges with non zero Y: 26
Max number of iterations of outer rounding loop: 7
Max number of candidate sets: 2
Time spent rounding: 44.309
Time spent solving Separator LP: 0.879

LP Solver: GaifmanNormal