26, 0, 8.0, 8
+-- , 0 , {49, 3} , {'xL3JL13J', 'xL3JL10J', 'xL3JL12J', 'xL7JL9J', 'xL7JL8J', 'xL7JL10J'}
| +-- , 49 , {51} , {'xL3JL13J', 'xL7JL10J', 'xL3JL10J', 'xL3JL12J', 'xL2JL10J', 'xL7JL9J', 'xL1JL10J'}
| | +-- , 51 , {54} , {'xL3JL13J', 'xL2JL11J', 'xL1JL12J', 'xL3JL12J', 'xL2JL10J', 'xL2JL13J', 'xL1JL11J', 'xL2JL12J', 'xL7JL9J', 'xL1JL10J', 'xL7JL10J'}
| | | +-- , 54 , {56} , {'xL4JL12J', 'xL1JL12J', 'xL3JL12J', 'xL2JL12J', 'xL7JL9J', 'xL7JL10J'}
| | | | +-- , 56 , {58} , {'xL4JL12J', 'xL7JL10J', 'xL7JL9J', 'xL4JL11J'}
| | | | | +-- , 58 , {60} , {'xL6JL11J', 'xL4JL11J', 'xL5JL11J', 'xL7JL9J', 'xL7JL10J'}
| | | | | | +-- , 60 , {65} , {'xL6JL11J', 'xL6JL9J', 'xL6JL12J', 'xL6JL10J', 'xL5JL11J', 'xL7JL9J', 'xL7JL13J', 'xL7JL12J', 'xL7JL10J'}
| | | | | | | +-- , 65 , {67} , {'xL5JL10J', 'xL6JL12J', 'xL6JL10J', 'xL7JL12J', 'xL9JL12J', 'xL8JL10J', 'xL9JL10J', 'xL5JL11J', 'xL8JL13J', 'xL7JL13J', 'xL8JL12J', 'xL7JL10J'}
| | | | | | | | +-- , 67 , set() , {'xL8JL11J', 'xL9JL11J', 'xL9JL12J', 'xL8JL10J', 'xL9JL10J', 'xL8JL13J', 'xL8JL12J'}
| +-- , 3 , {5} , {'xL9JL8J', 'xL3JL8J', 'xL3JL10J', 'xL8JL8J', 'xL3JL9J', 'xL7JL8J'}
| | +-- , 5 , {16} , {'xL4JL2J', 'xL2JL2J', 'xL8JL8J', 'xL3JL9J', 'xL5JL4J', 'xL9JL8J', 'xL3JL6J', 'xL6JL1J', 'xL5JL7J', 'xL7JL1J', 'xL3JL2J', 'xL9JL6J', 'xL8JL1J', 'xL2JL6J', 'xL3JL8J', 'xL1JL6J', 'xL5JL3J', 'xL9JL7J', 'xL1JL2J', 'xL4JL7J', 'xL6JL7J'}
| | | +-- , 16 , {18} , {'xL4JL2J', 'xL2JL2J', 'xL8JL8J', 'xL3JL9J', 'xL5JL4J', 'xL3JL6J', 'xL6JL1J', 'xL5JL7J', 'xL7JL1J', 'xL3JL2J', 'xL9JL6J', 'xL8JL1J', 'xL8JL7J', 'xL2JL6J', 'xL3JL8J', 'xL8JL6J', 'xL1JL6J', 'xL5JL3J', 'xL9JL7J', 'xL1JL2J', 'xL4JL7J', 'xL6JL7J'}
| | | | +-- , 18 , {41, 20} , {'xL9JL6J', 'xL4JL2J', 'xL2JL2J', 'xL8JL1J', 'xL5JL6J', 'xL2JL6J', 'xL3JL9J', 'xL5JL4J', 'xL3JL8J', 'xL8JL6J', 'xL3JL6J', 'xL1JL6J', 'xL5JL3J', 'xL6JL1J', 'xL6JL6J', 'xL7JL6J', 'xL5JL7J', 'xL1JL2J', 'xL4JL7J', 'xL6JL7J', 'xL7JL1J', 'xL3JL2J'}
| | | | | +-- , 41 , {43} , {'xL5JL8J', 'xL3JL8J', 'xL4JL9J', 'xL1JL6J', 'xL4JL8J', 'xL5JL6J', 'xL2JL6J', 'xL5JL7J', 'xL4JL7J', 'xL3JL9J'}
| | | | | | +-- , 43 , {45} , {'xL5JL8J', 'xL3JL8J', 'xL2JL8J', 'xL1JL6J', 'xL4JL8J', 'xL2JL6J', 'xL1JL8J'}
| | | | | | | +-- , 45 , set() , {'xL2JL8J', 'xL1JL6J', 'xL2JL6J', 'xL2JL7J', 'xL1JL8J', 'xL1JL7J'}
| | | | | +-- , 20 , {22} , {'xL4JL2J', 'xL2JL2J', 'xL8JL1J', 'xL7JL5J', 'xL5JL4J', 'xL3JL6J', 'xL5JL3J', 'xL6JL1J', 'xL6JL6J', 'xL6JL5J', 'xL7JL6J', 'xL1JL2J', 'xL6JL7J', 'xL7JL1J', 'xL3JL2J', 'xL7JL4J'}
| | | | | | +-- , 22 , {24} , {'xL4JL2J', 'xL2JL2J', 'xL3JL4J', 'xL8JL1J', 'xL3JL5J', 'xL5JL4J', 'xL3JL6J', 'xL5JL3J', 'xL6JL1J', 'xL1JL2J', 'xL7JL1J', 'xL3JL2J', 'xL7JL4J'}
| | | | | | | +-- , 24 , {26} , {'xL4JL2J', 'xL2JL2J', 'xL3JL4J', 'xL8JL1J', 'xL3JL5J', 'xL8JL4J', 'xL9JL4J', 'xL5JL4J', 'xL5JL3J', 'xL6JL1J', 'xL1JL2J', 'xL7JL1J', 'xL3JL2J', 'xL7JL4J'}
| | | | | | | | +-- , 26 , {35, 29} , {'xL4JL2J', 'xL2JL2J', 'xL3JL4J', 'xL8JL1J', 'xL3JL5J', 'xL4JL5J', 'xL8JL4J', 'xL9JL4J', 'xL4JL4J', 'xL6JL3J', 'xL2JL4J', 'xL5JL4J', 'xL4JL3J', 'xL5JL3J', 'xL6JL1J', 'xL1JL4J', 'xL1JL2J', 'xL7JL1J', 'xL3JL2J'}
| | | | | | | | | +-- , 35 , {37} , {'xL8JL1J', 'xL6JL1J', 'xL8JL4J', 'xL9JL4J', 'xL6JL3J', 'xL6JL2J', 'xL7JL1J'}
| | | | | | | | | | +-- , 37 , {39} , {'xL9JL2J', 'xL8JL1J', 'xL8JL4J', 'xL8JL2J', 'xL9JL4J', 'xL7JL2J', 'xL6JL2J', 'xL7JL1J'}
| | | | | | | | | | | +-- , 39 , set() , {'xL9JL3J', 'xL9JL2J', 'xL8JL3J', 'xL8JL1J', 'xL8JL4J', 'xL8JL2J', 'xL9JL4J'}
| | | | | | | | | +-- , 29 , {33, 31} , {'xL2JL3J', 'xL2JL2J', 'xL1JL4J', 'xL1JL2J', 'xL2JL4J', 'xL3JL2J'}
| | | | | | | | | | +-- , 33 , set() , {'xL1JL3J', 'xL2JL3J', 'xL1JL2J', 'xL1JL4J'}
| | | | | | | | | | +-- , 31 , set() , {'xL3JL1J', 'xL2JL2J', 'xL2JL3J', 'xL2JL1J', 'xL2JL4J', 'xL3JL2J'}


Max number of edges with non zero Y: 30
Max number of iterations of outer rounding loop: 7
Max number of candidate sets: 2
Time spent rounding: 23.877
Time spent solving Separator LP: 0.127
Total time spent solving: 28.718

LP Solver: gammaPlusFractionalCoverHeuristic
Lower Bound Witness = ({'xL3JL13J', 'xL4JL9J', 'xL2JL13J', 'xL7JL8J', 'xL4JL12J', 'xL4JL3J', 'xL2JL8J', 'xL9JL2J', 'xL1JL11J', 'xL2JL1J', 'xL7JL12J', 'xL3JL1J', 'xL3JL4J', 'xL6JL10J', 'xL4JL5J', 'xL4JL4J', 'xL8JL10J', 'xL8JL6J', 'xL8JL3J', 'xL4JL11J', 'xL7JL6J', 'xL1JL3J', 'xL4JL7J', 'xL8JL13J', 'xL8JL11J', 'xL4JL2J', 'xL2JL7J', 'xL5JL4J', 'xL5JL8J', 'xL3JL6J', 'xL6JL1J', 'xL9JL11J', 'xL9JL6J', 'xL8JL1J', 'xL5JL11J', 'xL6JL3J', 'xL6JL9J', 'xL3JL8J', 'xL6JL12J', 'xL3JL12J', 'xL1JL7J', 'xL9JL4J', 'xL3JL10J', 'xL7JL5J', 'xL2JL12J', 'xL7JL9J', 'xL3JL9J', 'xL5JL10J', 'xL1JL12J', 'xL8JL12J', 'xL7JL1J', 'xL3JL2J', 'xL7JL4J', 'xL9JL3J', 'xL5JL6J', 'xL8JL7J', 'xL2JL6J', 'xL8JL4J', 'xL2JL10J', 'xL7JL2J', 'xL2JL3J', 'xL1JL6J', 'xL5JL3J', 'xL8JL2J', 'xL1JL2J', 'xL7JL13J', 'xL2JL2J', 'xL2JL11J', 'xL8JL8J', 'xL2JL4J', 'xL9JL8J', 'xL4JL8J', 'xL6JL6J', 'xL9JL12J', 'xL5JL7J', 'xL6JL2J', 'xL7JL10J', 'xL3JL5J', 'xL6JL11J', 'xL9JL7J', 'xL6JL5J', 'xL1JL4J', 'xL1JL8J', 'xL9JL10J', 'xL6JL7J', 'xL1JL10J'}, {'xL3JL13J', 'xL8JL1J', 'xL4JL8J', 'xL7JL9J', 'xL1JL10J'})