42, 1.8892733564013842, 4.0, 4
+-- , 0 , {48, 3} , {'xL9JL6J', 'xL3JL8J', 'xL8JL6J', 'xL6JL6J', 'xL5JL6J', 'xL7JL6J', 'xL3JL9J'}
| +-- , 48 , {50} , {'xL9JL6J', 'xL3JL8J', 'xL8JL6J', 'xL3JL10J', 'xL3JL9J'}
| | +-- , 50 , {52} , {'xL9JL6J', 'xL8JL6J', 'xL3JL10J', 'xL2JL10J', 'xL1JL10J'}
| | | +-- , 52 , {81, 54} , {'xL9JL6J', 'xL4JL12J', 'xL8JL6J', 'xL2JL10J', 'xL1JL10J'}
| | | | +-- , 81 , {83} , {'xL4JL12J', 'xL1JL12J', 'xL3JL12J', 'xL2JL10J', 'xL2JL12J', 'xL1JL10J'}
| | | | | +-- , 83 , {85, 87} , {'xL1JL12J', 'xL2JL11J', 'xL3JL12J', 'xL2JL10J', 'xL2JL12J', 'xL1JL10J'}
| | | | | | +-- , 85 , set() , {'xL1JL11J', 'xL1JL12J', 'xL2JL11J', 'xL1JL10J'}
| | | | | | +-- , 87 , {89} , {'xL2JL11J', 'xL3JL12J', 'xL2JL10J', 'xL2JL13J', 'xL2JL12J'}
| | | | | | | +-- , 89 , set() , {'xL3JL13J', 'xL3JL12J', 'xL2JL13J'}
| | | | +-- , 54 , {56} , {'xL9JL6J', 'xL4JL12J', 'xL8JL6J', 'xL4JL11J'}
| | | | | +-- , 56 , {58} , {'xL9JL6J', 'xL6JL11J', 'xL8JL6J', 'xL4JL11J', 'xL5JL11J'}
| | | | | | +-- , 58 , {75, 60} , {'xL9JL6J', 'xL6JL11J', 'xL8JL6J', 'xL5JL11J', 'xL7JL9J', 'xL7JL10J'}
| | | | | | | +-- , 75 , {77} , {'xL9JL6J', 'xL8JL6J', 'xL7JL9J', 'xL7JL8J', 'xL7JL10J'}
| | | | | | | | +-- , 77 , {79} , {'xL9JL6J', 'xL9JL8J', 'xL8JL6J', 'xL8JL8J', 'xL7JL8J'}
| | | | | | | | | +-- , 79 , set() , {'xL9JL6J', 'xL9JL8J', 'xL8JL6J', 'xL9JL7J', 'xL8JL7J', 'xL8JL8J'}
| | | | | | | +-- , 60 , {63} , {'xL6JL11J', 'xL5JL10J', 'xL6JL10J', 'xL8JL10J', 'xL9JL10J', 'xL5JL11J', 'xL7JL9J', 'xL7JL10J'}
| | | | | | | | +-- , 63 , {65} , {'xL6JL11J', 'xL6JL9J', 'xL6JL12J', 'xL6JL10J', 'xL9JL10J', 'xL8JL10J', 'xL7JL9J'}
| | | | | | | | | +-- , 65 , {67} , {'xL6JL12J', 'xL7JL12J', 'xL9JL12J', 'xL9JL10J', 'xL8JL10J', 'xL8JL12J'}
| | | | | | | | | | +-- , 67 , {69, 71} , {'xL7JL12J', 'xL9JL12J', 'xL8JL12J', 'xL9JL10J', 'xL8JL10J', 'xL8JL11J'}
| | | | | | | | | | | +-- , 69 , set() , {'xL9JL11J', 'xL9JL12J', 'xL8JL11J', 'xL9JL10J'}
| | | | | | | | | | | +-- , 71 , {73} , {'xL8JL11J', 'xL8JL12J', 'xL8JL13J', 'xL8JL10J', 'xL7JL12J'}
| | | | | | | | | | | | +-- , 73 , set() , {'xL8JL13J', 'xL7JL13J', 'xL7JL12J'}
| +-- , 3 , {6} , {'xL5JL8J', 'xL3JL8J', 'xL2JL8J', 'xL4JL8J', 'xL5JL6J', 'xL6JL6J', 'xL7JL6J', 'xL1JL8J', 'xL3JL9J'}
| | +-- , 6 , {8} , {'xL5JL8J', 'xL4JL9J', 'xL2JL8J', 'xL4JL8J', 'xL6JL6J', 'xL5JL6J', 'xL7JL6J', 'xL1JL8J', 'xL3JL9J'}
| | | +-- , 8 , {10} , {'xL5JL8J', 'xL4JL9J', 'xL2JL8J', 'xL4JL8J', 'xL6JL6J', 'xL5JL6J', 'xL7JL6J', 'xL1JL8J', 'xL4JL7J'}
| | | | +-- , 10 , {12} , {'xL5JL8J', 'xL2JL8J', 'xL5JL6J', 'xL6JL6J', 'xL7JL6J', 'xL5JL7J', 'xL1JL8J', 'xL4JL7J', 'xL6JL7J'}
| | | | | +-- , 12 , {14} , {'xL2JL8J', 'xL6JL6J', 'xL6JL5J', 'xL7JL6J', 'xL7JL5J', 'xL1JL8J', 'xL6JL7J', 'xL7JL4J'}
| | | | | | +-- , 14 , {16} , {'xL2JL8J', 'xL8JL4J', 'xL9JL4J', 'xL1JL8J', 'xL7JL4J'}
| | | | | | | +-- , 16 , {18, 42} , {'xL2JL8J', 'xL3JL4J', 'xL3JL5J', 'xL8JL4J', 'xL9JL4J', 'xL1JL8J'}
| | | | | | | | +-- , 18 , {33, 20} , {'xL8JL4J', 'xL9JL4J', 'xL3JL4J', 'xL6JL3J', 'xL3JL5J'}
| | | | | | | | | +-- , 33 , {35} , {'xL6JL1J', 'xL8JL4J', 'xL9JL4J', 'xL6JL3J', 'xL6JL2J'}
| | | | | | | | | | +-- , 35 , {38} , {'xL8JL1J', 'xL6JL1J', 'xL8JL4J', 'xL9JL4J', 'xL6JL2J', 'xL7JL1J'}
| | | | | | | | | | | +-- , 38 , {40} , {'xL9JL2J', 'xL8JL1J', 'xL8JL4J', 'xL8JL2J', 'xL9JL4J', 'xL7JL2J', 'xL6JL2J', 'xL7JL1J'}
| | | | | | | | | | | | +-- , 40 , set() , {'xL9JL3J', 'xL9JL2J', 'xL8JL3J', 'xL8JL1J', 'xL8JL4J', 'xL8JL2J', 'xL9JL4J'}
| | | | | | | | | +-- , 20 , {22} , {'xL4JL3J', 'xL3JL4J', 'xL5JL3J', 'xL3JL5J', 'xL6JL3J'}
| | | | | | | | | | +-- , 22 , {27} , {'xL4JL2J', 'xL2JL2J', 'xL4JL3J', 'xL3JL4J', 'xL5JL3J', 'xL3JL5J', 'xL4JL5J', 'xL1JL4J', 'xL5JL4J', 'xL4JL4J', 'xL1JL2J', 'xL2JL4J', 'xL3JL2J'}
| | | | | | | | | | | +-- , 27 , {29, 31} , {'xL2JL2J', 'xL1JL4J', 'xL1JL2J', 'xL2JL1J', 'xL2JL4J', 'xL3JL2J'}
| | | | | | | | | | | | +-- , 29 , set() , {'xL2JL1J', 'xL3JL1J', 'xL3JL2J'}
| | | | | | | | | | | | +-- , 31 , set() , {'xL2JL3J', 'xL2JL2J', 'xL1JL4J', 'xL1JL2J', 'xL1JL3J', 'xL2JL1J', 'xL2JL4J'}
| | | | | | | | +-- , 42 , {44} , {'xL1JL8J', 'xL2JL8J', 'xL3JL4J', 'xL3JL6J', 'xL3JL5J'}
| | | | | | | | | +-- , 44 , {46} , {'xL2JL8J', 'xL3JL6J', 'xL1JL6J', 'xL2JL6J', 'xL1JL8J'}
| | | | | | | | | | +-- , 46 , set() , {'xL2JL8J', 'xL1JL6J', 'xL2JL6J', 'xL2JL7J', 'xL1JL8J', 'xL1JL7J'}


Max number of edges with non zero Y: 5
Max number of iterations of outer rounding loop: 2
Max number of candidate sets: 2
Time spent rounding: 14.819
Time spent solving Separator LP: 0.944
Total time spent solving: 21.617

LP Solver: GaifmanBoosted
Lower Bound Witness = ({'xL3JL13J', 'xL4JL9J', 'xL2JL13J', 'xL7JL8J', 'xL4JL12J', 'xL4JL3J', 'xL2JL8J', 'xL9JL2J', 'xL1JL11J', 'xL2JL1J', 'xL7JL12J', 'xL3JL1J', 'xL3JL4J', 'xL6JL10J', 'xL4JL5J', 'xL4JL4J', 'xL8JL10J', 'xL8JL6J', 'xL8JL3J', 'xL4JL11J', 'xL7JL6J', 'xL1JL3J', 'xL4JL7J', 'xL8JL13J', 'xL8JL11J', 'xL4JL2J', 'xL2JL7J', 'xL5JL4J', 'xL5JL8J', 'xL3JL6J', 'xL6JL1J', 'xL9JL11J', 'xL9JL6J', 'xL8JL1J', 'xL5JL11J', 'xL6JL3J', 'xL6JL9J', 'xL3JL8J', 'xL6JL12J', 'xL3JL12J', 'xL1JL7J', 'xL9JL4J', 'xL3JL10J', 'xL7JL5J', 'xL2JL12J', 'xL7JL9J', 'xL3JL9J', 'xL5JL10J', 'xL1JL12J', 'xL8JL12J', 'xL7JL1J', 'xL3JL2J', 'xL7JL4J', 'xL9JL3J', 'xL5JL6J', 'xL8JL7J', 'xL2JL6J', 'xL8JL4J', 'xL2JL10J', 'xL7JL2J', 'xL2JL3J', 'xL1JL6J', 'xL5JL3J', 'xL8JL2J', 'xL1JL2J', 'xL7JL13J', 'xL2JL2J', 'xL2JL11J', 'xL8JL8J', 'xL2JL4J', 'xL9JL8J', 'xL4JL8J', 'xL6JL6J', 'xL9JL12J', 'xL5JL7J', 'xL6JL2J', 'xL7JL10J', 'xL3JL5J', 'xL6JL11J', 'xL9JL7J', 'xL6JL5J', 'xL1JL4J', 'xL1JL8J', 'xL9JL10J', 'xL6JL7J', 'xL1JL10J'}, {'xL8JL11J', 'xL9JL3J', 'xL5JL10J', 'xL8JL6J', 'xL2JL2J', 'xL8JL1J', 'xL4JL11J', 'xL5JL7J', 'xL1JL3J', 'xL2JL12J', 'xL8JL10J', 'xL2JL4J', 'xL7JL8J', 'xL7JL4J'})