31, 1.7580272171652283, 2.0, 2
+-- , 0 , {41, 3} , {'X11', 'X44', 'X43', 'X10', 'X64'}
| +-- , 41 , {43} , {'X63', 'X44', 'X43', 'X10', 'X9'}
| | +-- , 43 , {45} , {'X62', 'X45', 'X44', 'X8', 'X9'}
| | | +-- , 45 , {47} , {'X61', 'X45', 'X8', 'X7', 'X46'}
| | | | +-- , 47 , {49} , {'X47', 'X6', 'X60', 'X7', 'X46'}
| | | | | +-- , 49 , {51} , {'X59', 'X47', 'X6', 'X5', 'X48'}
| | | | | | +-- , 51 , {53} , {'X49', 'X5', 'X58', 'X48'}
| | | | | | | +-- , 53 , {55} , {'X57', 'X50', 'X49', 'X5', 'X58', 'X4'}
| | | | | | | | +-- , 55 , {57} , {'X57', 'X50', 'X3', 'X4'}
| | | | | | | | | +-- , 57 , {59} , {'X2', 'X50', 'X3', 'X56'}
| | | | | | | | | | +-- , 59 , {61} , {'X55', 'X50', 'X2', 'X51', 'X56', 'X1'}
| | | | | | | | | | | +-- , 61 , set() , {'X55', 'X51', 'X53', 'X54', 'X1', 'X52'}
| +-- , 3 , {5} , {'X65', 'X42', 'X64', 'X43', 'X11', 'X12'}
| | +-- , 5 , {7} , {'X42', 'X41', 'X65', 'X12'}
| | | +-- , 7 , {9} , {'X41', 'X66', 'X13', 'X12'}
| | | | +-- , 9 , {11} , {'X66', 'X41', 'X14', 'X67', 'X13', 'X40'}
| | | | | +-- , 11 , {13} , {'X68', 'X15', 'X39', 'X14', 'X67', 'X40'}
| | | | | | +-- , 13 , {15} , {'X68', 'X69', 'X15', 'X39', 'X16', 'X38'}
| | | | | | | +-- , 15 , {17} , {'X69', 'X17', 'X37', 'X70', 'X16', 'X38'}
| | | | | | | | +-- , 17 , {19} , {'X17', 'X37', 'X36', 'X70', 'X18', 'X71'}
| | | | | | | | | +-- , 19 , {21} , {'X36', 'X18', 'X19', 'X71', 'X35', 'X72'}
| | | | | | | | | | +-- , 21 , {23} , {'X20', 'X73', 'X34', 'X19', 'X35', 'X72'}
| | | | | | | | | | | +-- , 23 , {25} , {'X21', 'X33', 'X20', 'X73', 'X34', 'X74'}
| | | | | | | | | | | | +-- , 25 , {27} , {'X22', 'X21', 'X32', 'X33', 'X74', 'X75'}
| | | | | | | | | | | | | +-- , 27 , {29} , {'X22', 'X76', 'X32', 'X23', 'X31', 'X75'}
| | | | | | | | | | | | | | +-- , 29 , {31} , {'X76', 'X31', 'X30', 'X23'}
| | | | | | | | | | | | | | | +-- , 31 , {33} , {'X24', 'X30', 'X77', 'X23'}
| | | | | | | | | | | | | | | | +-- , 33 , {35} , {'X24', 'X29', 'X30', 'X77'}
| | | | | | | | | | | | | | | | | +-- , 35 , {37} , {'X24', 'X25', 'X29', 'X28', 'X78'}
| | | | | | | | | | | | | | | | | | +-- , 37 , {39} , {'X26', 'X25', 'X27', 'X28', 'X79'}
| | | | | | | | | | | | | | | | | | | +-- , 39 , set() , {'X80', 'X26', 'X27', 'X81'}


Max number of edges with non zero Y: 13
Max number of iterations of outer rounding loop: 2
Max number of candidate sets: 2
Time spent rounding: 1.577
Time spent solving Separator LP: 0.388
Total time spent solving: 3.071

LP Solver: GaifmanBoosted
Lower Bound Witness = ({'X25', 'X32', 'X33', 'X56', 'X6', 'X31', 'X2', 'X17', 'X5', 'X15', 'X40', 'X55', 'X26', 'X50', 'X3', 'X78', 'X9', 'X80', 'X76', 'X65', 'X45', 'X14', 'X72', 'X62', 'X12', 'X75', 'X57', 'X21', 'X20', 'X51', 'X44', 'X10', 'X77', 'X74', 'X81', 'X28', 'X41', 'X34', 'X11', 'X63', 'X30', 'X70', 'X60', 'X16', 'X38', 'X13', 'X49', 'X54', 'X79', 'X67', 'X35', 'X24', 'X68', 'X61', 'X66', 'X1', 'X42', 'X64', 'X43', 'X52', 'X59', 'X36', 'X8', 'X48', 'X27', 'X22', 'X46', 'X4', 'X73', 'X47', 'X69', 'X53', 'X37', 'X39', 'X19', 'X18', 'X71', 'X58', 'X7', 'X23', 'X29'}, {'X59', 'X55', 'X26', 'X50', 'X2', 'X32', 'X63', 'X15', 'X53', 'X48', 'X78', 'X27', 'X71', 'X60', 'X11'})