11, 2.1545727062245055, 5.5, 6
+-- , 0 , {4} , {'xL13J', 'xL14J', 'xL5J', 'xL4J', 'xL6J', 'xL8J', 'xL19J', 'xL10J', 'xL18J', 'xL3J'}
| +-- , 4 , {20, 6} , {'xL14J', 'xL5J', 'xL4J', 'xL6J', 'xL8J', 'xL19J', 'xL10J', 'xL16J', 'xL18J', 'xL3J'}
| | +-- , 20 , {22} , {'xL8J', 'xL14J', 'xL0J', 'xL10J', 'xL16J', 'xL18J', 'xL4J', 'xL3J'}
| | | +-- , 22 , set() , {'xL7J', 'xL0J', 'xL10J', 'xL4J'}
| | +-- , 6 , {8} , {'xL5J', 'xL4J', 'xL6J', 'xL8J', 'xL19J', 'xL10J', 'xL11J', 'xL18J', 'xL16J', 'xL3J'}
| | | +-- , 8 , {10} , {'xL5J', 'xL4J', 'xL6J', 'xL8J', 'xL19J', 'xL10J', 'xL9J', 'xL18J', 'xL11J', 'xL3J'}
| | | | +-- , 10 , {12} , {'xL18J', 'xL8J', 'xL19J', 'xL5J', 'xL12J', 'xL10J', 'xL9J', 'xL11J', 'xL4J', 'xL3J'}
| | | | | +-- , 12 , {14} , {'xL18J', 'xL8J', 'xL17J', 'xL12J', 'xL10J', 'xL9J', 'xL11J', 'xL4J', 'xL3J'}
| | | | | | +-- , 14 , {16, 18} , {'xL8J', 'xL1J', 'xL17J', 'xL12J', 'xL10J', 'xL11J', 'xL18J', 'xL4J'}
| | | | | | | +-- , 16 , set() , {'xL8J', 'xL1J', 'xL10J', 'xL11J', 'xL2J'}
| | | | | | | +-- , 18 , set() , {'xL17J', 'xL15J', 'xL12J', 'xL1J'}


Max number of edges with non zero Y: 19
Max number of iterations of outer rounding loop: 4
Max number of candidate sets: 2
Time spent rounding: 11.249
Time spent solving Separator LP: 0.387
Total time spent solving: 13.549

LP Solver: GaifmanBoosted
Lower Bound Witness = ({'xL13J', 'xL1J', 'xL15J', 'xL8J', 'xL19J', 'xL0J', 'xL9J', 'xL2J', 'xL3J', 'xL14J', 'xL17J', 'xL5J', 'xL12J', 'xL7J', 'xL4J', 'xL6J', 'xL10J', 'xL11J', 'xL18J', 'xL16J'}, {'xL3J', 'xL13J', 'xL18J', 'xL8J', 'xL1J', 'xL15J', 'xL14J', 'xL0J', 'xL19J', 'xL17J', 'xL5J', 'xL10J', 'xL11J', 'xL16J', 'xL2J', 'xL4J', 'xL6J'})