22, 3.281438688516235, 9.444444444444445, 12
+-- , 0 , {48, 50, 3} , {'45', '82', '75', '65', '15', '14', '79', '16', '46', '33', '40', '25', '38', '22', '71', '41', '24', '0', '83', '27', '69', '52', '50', '59'}
| +-- , 48 , set() , {'22', '14', '15', '79', '46', '32', '37'}
| +-- , 50 , set() , {'45', '71', '16', '0', '27', '40', '60'}
| +-- , 3 , {5} , {'28', '82', '15', '79', '16', '38', '22', '71', '13', '83', '27', '50', '59', '45', '77', '65', '14', '46', '33', '43', '40', '41', '58', '24', '6', '69', '52'}
| | +-- , 5 , {8, 46} , {'28', '82', '15', '79', '16', '78', '38', '22', '71', '13', '72', '83', '27', '50', '59', '45', '77', '65', '14', '46', '33', '43', '40', '44', '41', '58', '24', '69', '52'}
| | | +-- , 8 , {10} , {'28', '82', '15', '79', '16', '39', '38', '22', '71', '13', '72', '73', '27', '50', '59', '55', '45', '77', '65', '14', '46', '33', '43', '40', '44', '54', '41', '58', '24', '69', '52'}
| | | | +-- , 10 , {13} , {'28', '82', '15', '12', '79', '16', '23', '64', '56', '39', '38', '22', '71', '13', '73', '27', '50', '59', '55', '45', '77', '65', '46', '81', '33', '43', '40', '54', '41', '29', '58', '24', '69', '52'}
| | | | | +-- , 13 , {17} , {'28', '82', '12', '15', '79', '16', '23', '51', '64', '39', '38', '22', '71', '3', '13', '73', '27', '50', '59', '55', '45', '80', '77', '65', '46', '33', '43', '40', '85', '54', '41', '58', '24', '84', '69', '52', '49'}
| | | | | | +-- , 17 , {21, 42, 44} , {'74', '28', '82', '15', '1', '12', '79', '16', '23', '51', '64', '39', '38', '22', '71', '13', '73', '27', '50', '59', '55', '45', '80', '77', '65', '46', '33', '43', '40', '85', '62', '19', '54', '58', '41', '76', '24', '84', '69', '52', '49'}
| | | | | | | +-- , 21 , {24} , {'74', '15', '1', '79', '51', '39', '73', '80', '65', '46', '40', '85', '19', '58', '69', '52', '49', '28', '82', '12', '16', '64', '38', '22', '71', '13', '27', '7', '50', '59', '55', '45', '77', '31', '33', '43', '62', '41', '76', '24', '84'}
| | | | | | | | +-- , 24 , {40, 26} , {'74', '28', '82', '15', '1', '12', '16', '51', '64', '39', '38', '22', '71', '13', '73', '27', '7', '50', '59', '55', '45', '80', '77', '65', '31', '46', '70', '33', '43', '85', '19', '58', '41', '76', '24', '84', '9', '69', '52', '49'}
| | | | | | | | | +-- , 40 , set() , {'55', '10', '82', '12', '70', '20'}
| | | | | | | | | +-- , 26 , {36, 38, 28, 30} , {'74', '28', '82', '15', '1', '16', '51', '64', '39', '38', '22', '71', '13', '73', '27', '7', '50', '59', '55', '45', '80', '77', '65', '31', '2', '46', '70', '33', '43', '85', '41', '58', '76', '24', '9', '69', '52', '49'}
| | | | | | | | | | +-- , 36 , set() , {'80', '65', '2', '76', '24', '73', '68'}
| | | | | | | | | | +-- , 38 , set() , {'28', '45', '18', '2', '1', '41', '24', '70', '73', '33', '17', '66', '52'}
| | | | | | | | | | +-- , 28 , set() , {'55', '53', '2', '1', '76', '24', '30', '70', '8', '9', '43', '50', '49'}
| | | | | | | | | | +-- , 30 , {32, 34} , {'74', '28', '82', '15', '1', '16', '51', '64', '36', '42', '39', '38', '22', '71', '13', '27', '48', '7', '59', '45', '77', '65', '4', '31', '2', '46', '70', '85', '58', '9', '69', '52', '49'}
| | | | | | | | | | | +-- , 32 , set() , {'28', '45', '77', '82', '65', '4', '71', '63', '70', '9', '26', '42', '67', '52', '85', '39', '49'}
| | | | | | | | | | | +-- , 34 , set() , {'45', '1', '46', '27', '36', '69', '34'}
| | | | | | | +-- , 42 , set() , {'74', '19', '15', '12', '76', '27', '47'}
| | | | | | | +-- , 44 , set() , {'74', '54', '1', '79', '23', '11', '62'}
| | | +-- , 46 , set() , {'78', '61', '82', '15', '24', '13', '72'}


Max number of edges with non zero Y: 25
Max number of iterations of outer rounding loop: 7
Max number of candidate sets: 2
Time spent rounding: 47.862
Time spent solving Separator LP: 7.681
Total time spent solving: 63.015

LP Solver: GaifmanBoosted
Lower Bound Witness = ({'74', '28', '82', '12', '15', '1', '79', '53', '30', '16', '23', '51', '64', '36', '17', '42', '39', '68', '38', '22', '71', '63', '13', '73', '27', '8', '26', '48', '67', '34', '7', '11', '50', '59', '55', '45', '80', '77', '65', '4', '31', '2', '18', '46', '70', '33', '43', '40', '85', '62', '47', '19', '10', '54', '41', '58', '76', '24', '84', '66', '9', '69', '52', '20', '49'}, {'74', '28', '82', '12', '15', '1', '79', '16', '23', '51', '64', '39', '38', '22', '71', '13', '73', '27', '50', '59', '55', '45', '80', '77', '65', '46', '33', '43', '40', '85', '54', '41', '58', '24', '84', '69', '52', '49'})