13, 3.5, 6.5, 7
+-- , 0 , {7, 31} , {'xL10J', 'xL14J', 'xL15J', 'xL24J', 'xL16J', 'xL5J', 'xL21J', 'xL0J', 'xL2J', 'xL7J'}
| +-- , 7 , {9} , {'xL10J', 'xL14J', 'xL24J', 'xL15J', 'xL16J', 'xL21J', 'xL0J', 'xL18J', 'xL2J', 'xL7J'}
| | +-- , 9 , {11} , {'xL10J', 'xL24J', 'xL15J', 'xL16J', 'xL21J', 'xL0J', 'xL18J', 'xL19J', 'xL2J', 'xL7J'}
| | | +-- , 11 , {14} , {'xL10J', 'xL24J', 'xL15J', 'xL16J', 'xL9J', 'xL21J', 'xL20J', 'xL18J', 'xL19J', 'xL2J', 'xL7J'}
| | | | +-- , 14 , {16} , {'xL10J', 'xL24J', 'xL15J', 'xL16J', 'xL9J', 'xL17J', 'xL20J', 'xL18J', 'xL19J', 'xL2J', 'xL7J'}
| | | | | +-- , 16 , {19, 23, 29} , {'xL10J', 'xL23J', 'xL6J', 'xL12J', 'xL24J', 'xL15J', 'xL16J', 'xL9J', 'xL17J', 'xL20J', 'xL18J', 'xL19J', 'xL2J'}
| | | | | | +-- , 19 , {21} , {'xL23J', 'xL12J', 'xL13J', 'xL24J', 'xL16J', 'xL20J', 'xL19J', 'xL2J'}
| | | | | | | +-- , 21 , set() , {'xL24J', 'xL1J', 'xL13J', 'xL19J', 'xL23J'}
| | | | | | +-- , 23 , {25, 27} , {'xL10J', 'xL6J', 'xL15J', 'xL17J', 'xL4J', 'xL18J', 'xL19J', 'xL23J'}
| | | | | | | +-- , 25 , set() , {'xL10J', 'xL3J', 'xL17J', 'xL4J', 'xL18J', 'xL19J'}
| | | | | | | +-- , 27 , set() , {'xL8J', 'xL6J', 'xL17J', 'xL4J', 'xL23J'}
| | | | | | +-- , 29 , set() , {'xL10J', 'xL22J', 'xL23J'}
| +-- , 31 , set() , {'xL10J', 'xL16J', 'xL11J'}


Max number of edges with non zero Y: 6
Max number of iterations of outer rounding loop: 0
Max number of candidate sets: 0
Time spent rounding: 0.000
Time spent solving Separator LP: 2.442

LP Solver: GaifmanNormalILP