41, 0.9999995999999999, 5.0, 5
+-- , 0 , {80, 3, 54, 76} , {'xL2JL13J', 'xL2JL10J', 'xL8JL8J', 'xL2JL11J', 'xL2JL9J', 'xL2JL12J', 'xL8JL11J', 'xL2JL8J', 'xL8JL9J', 'xL8JL10J'}
| +-- , 80 , {82} , {'xL8JL12J', 'xL8JL10J', 'xL8JL9J', 'xL8JL11J', 'xL8JL8J', 'xL8JL13J'}
| | +-- , 82 , {84} , {'xL8JL12J', 'xL9JL13J', 'xL8JL13J'}
| | | +-- , 84 , set() , {'xL8JL12J', 'xL9JL13J', 'xL9JL12J'}
| +-- , 3 , {5} , {'xL2JL8J', 'xL7JL8J', 'xL5JL8J', 'xL4JL8J', 'xL8JL8J', 'xL3JL8J'}
| | +-- , 5 , {7} , {'xL7JL7J', 'xL7JL8J', 'xL5JL8J', 'xL7JL6J', 'xL4JL8J', 'xL3JL8J'}
| | | +-- , 7 , {10, 50} , {'xL8JL1J', 'xL8JL2J', 'xL7JL7J', 'xL8JL5J', 'xL8JL3J', 'xL8JL6J', 'xL5JL8J', 'xL7JL6J', 'xL4JL8J', 'xL8JL4J', 'xL3JL8J'}
| | | | +-- , 10 , {18, 14} , {'xL1JL2J', 'xL6JL7J', 'xL7JL7J', 'xL8JL5J', 'xL8JL3J', 'xL7JL6J', 'xL8JL4J', 'xL2JL2J', 'xL5JL7J', 'xL8JL6J', 'xL5JL8J', 'xL4JL7J', 'xL4JL8J', 'xL3JL8J'}
| | | | | +-- , 18 , {20} , {'xL6JL7J', 'xL7JL7J', 'xL2JL2J', 'xL5JL7J', 'xL8JL5J', 'xL3JL7J', 'xL8JL3J', 'xL4JL7J', 'xL1JL2J', 'xL8JL4J', 'xL3JL8J'}
| | | | | | +-- , 20 , {22} , {'xL2JL2J', 'xL8JL5J', 'xL3JL7J', 'xL8JL3J', 'xL1JL2J', 'xL8JL4J', 'xL3JL6J', 'xL3JL8J'}
| | | | | | | +-- , 22 , {24} , {'xL2JL2J', 'xL8JL5J', 'xL2JL6J', 'xL8JL3J', 'xL1JL2J', 'xL8JL4J', 'xL3JL6J'}
| | | | | | | | +-- , 24 , {26} , {'xL2JL2J', 'xL2JL3J', 'xL8JL5J', 'xL8JL4J', 'xL2JL6J', 'xL8JL3J', 'xL2JL4J', 'xL2JL1J', 'xL1JL2J', 'xL2JL5J', 'xL1JL1J'}
| | | | | | | | | +-- , 26 , {42, 28} , {'xL4JL2J', 'xL2JL3J', 'xL8JL5J', 'xL8JL3J', 'xL2JL4J', 'xL4JL1J', 'xL8JL4J', 'xL2JL5J'}
| | | | | | | | | | +-- , 42 , {44} , {'xL4JL2J', 'xL2JL3J', 'xL4JL4J', 'xL2JL4J', 'xL4JL3J', 'xL4JL1J', 'xL2JL5J'}
| | | | | | | | | | | +-- , 44 , {48, 46} , {'xL2JL3J', 'xL4JL4J', 'xL2JL4J', 'xL4JL3J', 'xL2JL5J', 'xL1JL4J'}
| | | | | | | | | | | | +-- , 48 , set() , {'xL3JL3J', 'xL2JL3J', 'xL3JL4J', 'xL4JL4J', 'xL2JL4J', 'xL4JL3J', 'xL1JL4J'}
| | | | | | | | | | | | +-- , 46 , set() , {'xL1JL5J', 'xL2JL5J', 'xL1JL4J'}
| | | | | | | | | | +-- , 28 , {38, 30} , {'xL4JL2J', 'xL8JL5J', 'xL8JL3J', 'xL4JL1J', 'xL6JL3J', 'xL8JL4J'}
| | | | | | | | | | | +-- , 38 , {40} , {'xL4JL2J', 'xL6JL2J', 'xL4JL1J', 'xL6JL1J', 'xL6JL3J'}
| | | | | | | | | | | | +-- , 40 , set() , {'xL4JL2J', 'xL6JL2J', 'xL4JL1J', 'xL6JL1J', 'xL5JL2J', 'xL5JL1J'}
| | | | | | | | | | | +-- , 30 , {32} , {'xL8JL3J', 'xL8JL5J', 'xL7JL3J', 'xL6JL3J', 'xL8JL4J'}
| | | | | | | | | | | | +-- , 32 , {34} , {'xL8JL5J', 'xL7JL3J', 'xL8JL4J', 'xL7JL4J'}
| | | | | | | | | | | | | +-- , 34 , {36} , {'xL8JL5J', 'xL8JL4J', 'xL9JL4J', 'xL7JL4J'}
| | | | | | | | | | | | | | +-- , 36 , set() , {'xL8JL5J', 'xL9JL4J', 'xL9JL5J'}
| | | | | +-- , 14 , {16} , {'xL6JL7J', 'xL5JL6J', 'xL5JL7J', 'xL8JL6J', 'xL5JL8J', 'xL7JL6J', 'xL4JL7J', 'xL4JL8J', 'xL6JL6J'}
| | | | | | +-- , 16 , set() , {'xL6JL7J', 'xL5JL6J', 'xL5JL7J', 'xL6JL5J', 'xL5JL9J', 'xL4JL9J', 'xL5JL8J', 'xL4JL7J', 'xL4JL8J', 'xL5JL5J', 'xL6JL6J'}
| | | | +-- , 50 , {52} , {'xL8JL1J', 'xL8JL2J', 'xL9JL2J'}
| | | | | +-- , 52 , set() , {'xL9JL2J', 'xL9JL1J', 'xL8JL1J'}
| +-- , 54 , {56, 70} , {'xL2JL10J', 'xL2JL11J', 'xL2JL9J', 'xL8JL11J', 'xL6JL11J', 'xL6JL10J', 'xL8JL9J', 'xL8JL10J'}
| | +-- , 56 , {58} , {'xL2JL10J', 'xL2JL11J', 'xL2JL9J', 'xL6JL11J', 'xL6JL12J', 'xL6JL10J', 'xL6JL13J'}
| | | +-- , 58 , {60, 62} , {'xL2JL10J', 'xL2JL11J', 'xL2JL9J', 'xL4JL12J', 'xL6JL12J', 'xL6JL13J', 'xL4JL13J'}
| | | | +-- , 60 , set() , {'xL4JL12J', 'xL6JL12J', 'xL5JL13J', 'xL6JL13J', 'xL5JL12J', 'xL4JL13J'}
| | | | +-- , 62 , {64} , {'xL2JL10J', 'xL2JL11J', 'xL2JL9J', 'xL4JL12J', 'xL4JL13J', 'xL4JL11J'}
| | | | | +-- , 64 , {66} , {'xL2JL10J', 'xL2JL11J', 'xL2JL9J', 'xL3JL11J', 'xL4JL11J'}
| | | | | | +-- , 66 , {68} , {'xL3JL11J', 'xL2JL10J', 'xL2JL9J', 'xL3JL10J'}
| | | | | | | +-- , 68 , set() , {'xL2JL10J', 'xL1JL10J', 'xL2JL9J', 'xL1JL9J', 'xL3JL10J'}
| | +-- , 70 , {72, 74} , {'xL8JL10J', 'xL8JL11J', 'xL6JL11J', 'xL6JL10J', 'xL8JL9J', 'xL9JL10J'}
| | | +-- , 72 , set() , {'xL9JL10J', 'xL8JL11J', 'xL6JL11J', 'xL7JL11J', 'xL6JL10J', 'xL8JL10J', 'xL7JL10J'}
| | | +-- , 74 , set() , {'xL8JL9J', 'xL9JL9J', 'xL9JL10J'}
| +-- , 76 , {78} , {'xL2JL13J', 'xL1JL13J', 'xL2JL12J'}
| | +-- , 78 , set() , {'xL2JL12J', 'xL1JL13J', 'xL1JL12J'}


Max number of edges with non zero Y: 6
Max number of iterations of outer rounding loop: 2
Max number of candidate sets: 2
Time spent rounding: 7.398
Time spent solving Separator LP: 0.315
Total time spent solving: 11.378

LP Solver: GaifmanNormal
Lower Bound Witness = ({'xL8JL5J', 'xL8JL11J', 'xL6JL12J', 'xL4JL1J', 'xL1JL9J', 'xL5JL5J', 'xL1JL12J', 'xL4JL2J', 'xL2JL4J', 'xL2JL1J', 'xL5JL8J', 'xL2JL5J', 'xL1JL1J', 'xL2JL11J', 'xL2JL12J', 'xL8JL9J', 'xL4JL11J', 'xL4JL12J', 'xL6JL11J', 'xL9JL4J', 'xL4JL3J', 'xL4JL7J', 'xL9JL2J', 'xL6JL3J', 'xL2JL9J', 'xL5JL9J', 'xL3JL11J', 'xL8JL10J', 'xL8JL1J', 'xL6JL5J', 'xL8JL6J', 'xL4JL8J', 'xL8JL13J', 'xL9JL10J', 'xL5JL7J', 'xL7JL3J', 'xL8JL8J', 'xL3JL6J', 'xL7JL4J', 'xL6JL2J', 'xL7JL8J', 'xL9JL12J', 'xL4JL13J', 'xL5JL1J', 'xL2JL13J', 'xL8JL2J', 'xL2JL2J', 'xL5JL6J', 'xL6JL6J', 'xL6JL7J', 'xL7JL7J', 'xL2JL6J', 'xL3JL4J', 'xL4JL4J', 'xL5JL13J', 'xL8JL3J', 'xL5JL2J', 'xL1JL10J', 'xL7JL11J', 'xL3JL10J', 'xL3JL8J', 'xL1JL13J', 'xL8JL4J', 'xL1JL4J', 'xL3JL3J', 'xL8JL12J', 'xL9JL13J', 'xL5JL12J', 'xL1JL2J', 'xL7JL10J', 'xL9JL9J', 'xL2JL10J', 'xL1JL5J', 'xL6JL10J', 'xL4JL9J', 'xL7JL6J', 'xL9JL1J', 'xL9JL5J', 'xL2JL3J', 'xL2JL8J', 'xL3JL7J', 'xL6JL1J', 'xL6JL13J'}, {'xL1JL10J', 'xL4JL2J', 'xL7JL11J', 'xL3JL7J', 'xL8JL9J'})