21, 2.699677804352747, 8.5, 9
+-- , 0 , {3, 43, 45} , {'xL32J', 'xL0J', 'xL36J', 'xL14J', 'xL19J', 'xL21J', 'xL37J', 'xL31J', 'xL18J', 'xL6J', 'xL4J', 'xL28J'}
| +-- , 3 , {5} , {'xL0J', 'xL8J', 'xL36J', 'xL21J', 'xL6J', 'xL4J', 'xL28J', 'xL32J', 'xL19J', 'xL31J', 'xL18J', 'xL14J'}
| | +-- , 5 , {7} , {'xL0J', 'xL8J', 'xL36J', 'xL21J', 'xL6J', 'xL4J', 'xL28J', 'xL32J', 'xL31J', 'xL18J', 'xL38J', 'xL14J'}
| | | +-- , 7 , {10} , {'xL0J', 'xL8J', 'xL36J', 'xL21J', 'xL22J', 'xL3J', 'xL6J', 'xL4J', 'xL28J', 'xL32J', 'xL31J', 'xL18J', 'xL38J'}
| | | | +-- , 10 , {12} , {'xL0J', 'xL8J', 'xL36J', 'xL21J', 'xL22J', 'xL6J', 'xL3J', 'xL28J', 'xL32J', 'xL27J', 'xL31J', 'xL18J', 'xL38J'}
| | | | | +-- , 12 , {16} , {'xL0J', 'xL8J', 'xL36J', 'xL21J', 'xL34J', 'xL22J', 'xL6J', 'xL3J', 'xL28J', 'xL7J', 'xL32J', 'xL27J', 'xL18J', 'xL24J', 'xL38J'}
| | | | | | +-- , 16 , {18} , {'xL0J', 'xL8J', 'xL36J', 'xL21J', 'xL34J', 'xL22J', 'xL6J', 'xL3J', 'xL16J', 'xL28J', 'xL7J', 'xL32J', 'xL18J', 'xL24J', 'xL38J'}
| | | | | | | +-- , 18 , {20} , {'xL0J', 'xL8J', 'xL36J', 'xL21J', 'xL34J', 'xL22J', 'xL6J', 'xL16J', 'xL3J', 'xL25J', 'xL28J', 'xL7J', 'xL32J', 'xL18J', 'xL38J'}
| | | | | | | | +-- , 20 , {22} , {'xL2J', 'xL0J', 'xL8J', 'xL36J', 'xL17J', 'xL21J', 'xL34J', 'xL22J', 'xL3J', 'xL16J', 'xL25J', 'xL28J', 'xL7J', 'xL32J', 'xL35J', 'xL38J'}
| | | | | | | | | +-- , 22 , {24} , {'xL2J', 'xL0J', 'xL8J', 'xL36J', 'xL17J', 'xL21J', 'xL34J', 'xL22J', 'xL16J', 'xL3J', 'xL28J', 'xL7J', 'xL32J', 'xL35J', 'xL38J', 'xL13J'}
| | | | | | | | | | +-- , 24 , {41, 27} , {'xL0J', 'xL8J', 'xL36J', 'xL17J', 'xL21J', 'xL34J', 'xL22J', 'xL29J', 'xL16J', 'xL3J', 'xL28J', 'xL26J', 'xL7J', 'xL32J', 'xL35J', 'xL38J', 'xL13J'}
| | | | | | | | | | | +-- , 41 , set() , {'xL9J', 'xL8J', 'xL13J', 'xL29J'}
| | | | | | | | | | | +-- , 27 , {37, 29} , {'xL0J', 'xL8J', 'xL36J', 'xL17J', 'xL20J', 'xL21J', 'xL34J', 'xL29J', 'xL3J', 'xL28J', 'xL26J', 'xL7J', 'xL32J', 'xL35J', 'xL38J'}
| | | | | | | | | | | | +-- , 37 , {39} , {'xL0J', 'xL20J', 'xL21J', 'xL39J', 'xL29J', 'xL3J'}
| | | | | | | | | | | | | +-- , 39 , set() , {'xL20J', 'xL21J', 'xL39J', 'xL29J', 'xL23J'}
| | | | | | | | | | | | +-- , 29 , {31} , {'xL8J', 'xL36J', 'xL17J', 'xL20J', 'xL21J', 'xL34J', 'xL28J', 'xL26J', 'xL7J', 'xL32J', 'xL30J', 'xL38J'}
| | | | | | | | | | | | | +-- , 31 , {33, 35} , {'xL26J', 'xL7J', 'xL32J', 'xL8J', 'xL30J', 'xL36J', 'xL10J', 'xL34J', 'xL15J', 'xL38J', 'xL28J', 'xL5J'}
| | | | | | | | | | | | | | +-- , 33 , set() , {'xL12J', 'xL15J', 'xL10J', 'xL5J'}
| | | | | | | | | | | | | | +-- , 35 , set() , {'xL32J', 'xL8J', 'xL36J', 'xL33J', 'xL5J'}
| +-- , 43 , set() , {'xL6J', 'xL31J', 'xL11J', 'xL19J'}
| +-- , 45 , set() , {'xL32J', 'xL1J', 'xL31J'}


Max number of edges with non zero Y: 27
Max number of iterations of outer rounding loop: 7
Max number of candidate sets: 2
Time spent rounding: 42.808
Time spent solving Separator LP: 0.628

LP Solver: GaifmanNormal