22, 2.7882057205720567, 8.0, 8
+-- , 0 , {49, 6, 41, 43, 45, 47} , {'xL10J', 'xL28J', 'xL11J', 'xL38J', 'xL15J', 'xL39J', 'xL9J', 'xL23J', 'xL3J', 'xL29J', 'xL16J', 'xL5J', 'xL20J'}
| +-- , 49 , set() , {'xL1J', 'xL23J'}
| +-- , 6 , {37, 39, 10} , {'xL35J', 'xL11J', 'xL9J', 'xL27J', 'xL29J', 'xL16J', 'xL5J', 'xL20J', 'xL10J', 'xL6J', 'xL38J', 'xL34J', 'xL15J', 'xL23J', 'xL3J', 'xL28J'}
| | +-- , 37 , set() , {'xL10J', 'xL21J', 'xL35J', 'xL11J'}
| | +-- , 39 , set() , {'xL34J', 'xL14J', 'xL23J'}
| | +-- , 10 , {13} , {'xL35J', 'xL27J', 'xL9J', 'xL29J', 'xL16J', 'xL5J', 'xL10J', 'xL6J', 'xL30J', 'xL38J', 'xL18J', 'xL15J', 'xL23J', 'xL3J', 'xL28J'}
| | | +-- , 13 , {35, 15} , {'xL35J', 'xL27J', 'xL9J', 'xL29J', 'xL16J', 'xL5J', 'xL10J', 'xL30J', 'xL38J', 'xL18J', 'xL15J', 'xL23J', 'xL33J', 'xL28J'}
| | | | +-- , 35 , set() , {'xL22J', 'xL30J', 'xL38J', 'xL7J', 'xL23J', 'xL33J', 'xL28J'}
| | | | +-- , 15 , {17} , {'xL35J', 'xL27J', 'xL9J', 'xL29J', 'xL16J', 'xL5J', 'xL10J', 'xL13J', 'xL30J', 'xL38J', 'xL18J', 'xL15J', 'xL23J', 'xL33J'}
| | | | | +-- , 17 , {19, 23, 31} , {'xL35J', 'xL27J', 'xL9J', 'xL29J', 'xL16J', 'xL5J', 'xL10J', 'xL13J', 'xL30J', 'xL38J', 'xL18J', 'xL15J', 'xL33J', 'xL31J'}
| | | | | | +-- , 19 , {21} , {'xL35J', 'xL18J', 'xL33J', 'xL29J', 'xL31J', 'xL0J'}
| | | | | | | +-- , 21 , set() , {'xL4J', 'xL29J', 'xL35J', 'xL0J'}
| | | | | | +-- , 23 , {25, 29} , {'xL10J', 'xL13J', 'xL35J', 'xL30J', 'xL38J', 'xL18J', 'xL15J', 'xL31J', 'xL16J', 'xL5J', 'xL17J'}
| | | | | | | +-- , 25 , {27} , {'xL10J', 'xL35J', 'xL30J', 'xL38J', 'xL18J', 'xL36J', 'xL16J', 'xL24J', 'xL17J'}
| | | | | | | | +-- , 27 , set() , {'xL36J', 'xL25J', 'xL24J', 'xL38J'}
| | | | | | | +-- , 29 , set() , {'xL32J', 'xL5J', 'xL17J'}
| | | | | | +-- , 31 , {33} , {'xL13J', 'xL30J', 'xL37J', 'xL29J', 'xL31J', 'xL16J'}
| | | | | | | +-- , 33 , set() , {'xL37J', 'xL29J', 'xL8J'}
| +-- , 41 , set() , {'xL19J', 'xL5J', 'xL38J'}
| +-- , 43 , set() , {'xL12J', 'xL38J'}
| +-- , 45 , set() , {'xL26J', 'xL5J'}
| +-- , 47 , set() , {'xL3J', 'xL2J', 'xL5J'}


Max number of edges with non zero Y: 29
Max number of iterations of outer rounding loop: 5
Max number of candidate sets: 2
Time spent rounding: 26.667
Time spent solving Separator LP: 1.308

LP Solver: GaifmanBoosted