14, 3.328211594513565, 11.571428571428571, 15
+-- , 0 , {16} , {'xL41J', 'xL10J', 'xL26J', 'xL30J', 'xL14J', 'xL22J', 'xL0J', 'xL31J', 'xL32J', 'xL25J', 'xL23J', 'xL11J', 'xL47J', 'xL46J', 'xL8J', 'xL39J', 'xL40J', 'xL1J', 'xL17J', 'xL44J', 'xL24J', 'xL43J', 'xL13J', 'xL15J', 'xL2J', 'xL18J', 'xL27J', 'xL19J', 'xL34J', 'xL36J', 'xL33J'}
| +-- , 16 , {18} , {'xL41J', 'xL10J', 'xL26J', 'xL30J', 'xL14J', 'xL22J', 'xL45J', 'xL0J', 'xL31J', 'xL32J', 'xL23J', 'xL11J', 'xL47J', 'xL46J', 'xL39J', 'xL8J', 'xL40J', 'xL1J', 'xL17J', 'xL44J', 'xL24J', 'xL43J', 'xL13J', 'xL15J', 'xL2J', 'xL18J', 'xL27J', 'xL19J', 'xL34J', 'xL36J', 'xL33J'}
| | +-- , 18 , {23} , {'xL41J', 'xL10J', 'xL26J', 'xL30J', 'xL14J', 'xL22J', 'xL45J', 'xL0J', 'xL31J', 'xL32J', 'xL21J', 'xL23J', 'xL11J', 'xL42J', 'xL47J', 'xL46J', 'xL39J', 'xL8J', 'xL40J', 'xL1J', 'xL17J', 'xL44J', 'xL24J', 'xL43J', 'xL13J', 'xL15J', 'xL18J', 'xL27J', 'xL19J', 'xL34J', 'xL36J', 'xL7J', 'xL6J', 'xL33J'}
| | | +-- , 23 , {25} , {'xL41J', 'xL10J', 'xL26J', 'xL30J', 'xL14J', 'xL22J', 'xL45J', 'xL0J', 'xL31J', 'xL32J', 'xL21J', 'xL23J', 'xL42J', 'xL11J', 'xL47J', 'xL46J', 'xL8J', 'xL39J', 'xL40J', 'xL1J', 'xL17J', 'xL44J', 'xL20J', 'xL24J', 'xL13J', 'xL18J', 'xL27J', 'xL19J', 'xL34J', 'xL36J', 'xL7J', 'xL6J', 'xL33J'}
| | | | +-- , 25 , {27} , {'xL41J', 'xL10J', 'xL26J', 'xL30J', 'xL14J', 'xL22J', 'xL45J', 'xL0J', 'xL32J', 'xL21J', 'xL23J', 'xL42J', 'xL11J', 'xL47J', 'xL46J', 'xL8J', 'xL39J', 'xL40J', 'xL49J', 'xL17J', 'xL44J', 'xL20J', 'xL24J', 'xL13J', 'xL18J', 'xL27J', 'xL19J', 'xL34J', 'xL36J', 'xL7J', 'xL6J', 'xL33J'}
| | | | | +-- , 27 , {29, 44} , {'xL41J', 'xL10J', 'xL26J', 'xL30J', 'xL14J', 'xL22J', 'xL45J', 'xL0J', 'xL32J', 'xL33J', 'xL21J', 'xL23J', 'xL42J', 'xL11J', 'xL47J', 'xL46J', 'xL8J', 'xL39J', 'xL40J', 'xL49J', 'xL17J', 'xL44J', 'xL20J', 'xL24J', 'xL5J', 'xL13J', 'xL18J', 'xL27J', 'xL19J', 'xL34J', 'xL36J', 'xL7J', 'xL4J'}
| | | | | | +-- , 29 , {31} , {'xL41J', 'xL10J', 'xL26J', 'xL30J', 'xL14J', 'xL22J', 'xL45J', 'xL0J', 'xL3J', 'xL32J', 'xL33J', 'xL21J', 'xL23J', 'xL42J', 'xL11J', 'xL47J', 'xL46J', 'xL39J', 'xL40J', 'xL49J', 'xL17J', 'xL44J', 'xL20J', 'xL24J', 'xL5J', 'xL18J', 'xL27J', 'xL19J', 'xL36J', 'xL7J', 'xL4J'}
| | | | | | | +-- , 31 , {34, 42} , {'xL41J', 'xL10J', 'xL26J', 'xL14J', 'xL22J', 'xL45J', 'xL0J', 'xL3J', 'xL32J', 'xL33J', 'xL21J', 'xL23J', 'xL42J', 'xL11J', 'xL47J', 'xL46J', 'xL39J', 'xL40J', 'xL16J', 'xL49J', 'xL17J', 'xL44J', 'xL20J', 'xL24J', 'xL29J', 'xL18J', 'xL27J', 'xL19J', 'xL36J', 'xL7J', 'xL4J'}
| | | | | | | | +-- , 34 , {40, 36} , {'xL10J', 'xL26J', 'xL17J', 'xL14J', 'xL12J', 'xL4J', 'xL20J', 'xL45J', 'xL24J', 'xL0J', 'xL3J', 'xL32J', 'xL29J', 'xL18J', 'xL23J', 'xL27J', 'xL16J', 'xL42J', 'xL47J', 'xL36J', 'xL7J', 'xL33J'}
| | | | | | | | | +-- , 40 , set() , {'xL23J', 'xL27J', 'xL38J', 'xL12J', 'xL4J', 'xL20J', 'xL0J', 'xL42J', 'xL32J', 'xL36J', 'xL33J'}
| | | | | | | | | +-- , 36 , {38} , {'xL10J', 'xL26J', 'xL12J', 'xL24J', 'xL45J', 'xL3J', 'xL32J', 'xL9J', 'xL33J', 'xL29J', 'xL18J', 'xL47J', 'xL16J'}
| | | | | | | | | | +-- , 38 , set() , {'xL10J', 'xL37J', 'xL26J', 'xL16J', 'xL24J', 'xL3J', 'xL9J', 'xL33J'}
| | | | | | | | +-- , 42 , set() , {'xL40J', 'xL41J', 'xL10J', 'xL49J', 'xL4J', 'xL22J', 'xL16J', 'xL35J', 'xL19J', 'xL3J', 'xL11J', 'xL7J', 'xL46J', 'xL39J', 'xL33J', 'xL28J'}
| | | | | | +-- , 44 , set() , {'xL30J', 'xL23J', 'xL48J', 'xL0J', 'xL5J', 'xL13J'}


Max number of edges with non zero Y: 46
Max number of iterations of outer rounding loop: 10
Max number of candidate sets: 2
Time spent rounding: 127.798
Time spent solving Separator LP: 21.016

LP Solver: GaifmanNormal