12, 1.7357654997891183, 4.5, 5
+-- , 0 , {26, 6} , {'xL9J', 'xL0J', 'xL19J', 'xL13J', 'xL11J', 'xL16J', 'xL4J', 'xL2J', 'xL14J'}
| +-- , 26 , set() , {'xL11J', 'xL9J', 'xL0J', 'xL7J'}
| +-- , 6 , {8, 22} , {'xL9J', 'xL0J', 'xL19J', 'xL13J', 'xL11J', 'xL16J', 'xL6J', 'xL2J', 'xL14J'}
| | +-- , 8 , {10, 20} , {'xL9J', 'xL0J', 'xL19J', 'xL13J', 'xL11J', 'xL6J', 'xL18J', 'xL14J'}
| | | +-- , 10 , {18, 12} , {'xL9J', 'xL17J', 'xL0J', 'xL19J', 'xL13J', 'xL11J', 'xL18J', 'xL14J'}
| | | | +-- , 18 , set() , {'xL9J', 'xL3J', 'xL17J', 'xL19J', 'xL13J'}
| | | | +-- , 12 , {14} , {'xL9J', 'xL17J', 'xL0J', 'xL5J', 'xL14J'}
| | | | | +-- , 14 , {16} , {'xL10J', 'xL9J', 'xL17J', 'xL5J', 'xL14J'}
| | | | | | +-- , 16 , set() , {'xL10J', 'xL8J', 'xL9J', 'xL17J'}
| | | +-- , 20 , set() , {'xL15J', 'xL18J', 'xL11J', 'xL6J'}
| | +-- , 22 , {24} , {'xL1J', 'xL9J', 'xL19J', 'xL11J', 'xL6J', 'xL2J', 'xL14J'}
| | | +-- , 24 , set() , {'xL1J', 'xL19J', 'xL12J', 'xL11J', 'xL6J'}


Max number of edges with non zero Y: 16
Max number of iterations of outer rounding loop: 6
Max number of candidate sets: 2
Time spent rounding: 12.303
Time spent solving Separator LP: 0.320
Total time spent solving: 15.017

LP Solver: GaifmanBoosted
Lower Bound Witness = ({'xL1J', 'xL3J', 'xL6J', 'xL7J', 'xL18J', 'xL2J', 'xL15J', 'xL14J', 'xL9J', 'xL8J', 'xL0J', 'xL19J', 'xL11J', 'xL4J', 'xL10J', 'xL13J', 'xL17J', 'xL12J', 'xL16J', 'xL5J'}, {'xL10J', 'xL9J', 'xL17J', 'xL8J', 'xL19J', 'xL13J', 'xL16J', 'xL4J', 'xL2J', 'xL15J', 'xL14J'})