11, 1.5587188612099643, 4.5, 5
+-- , 0 , {4} , {'xL10J', 'xL9J', 'xL3J', 'xL17J', 'xL8J', 'xL0J', 'xL5J', 'xL13J', 'xL18J'}
| +-- , 4 , {6} , {'xL10J', 'xL9J', 'xL17J', 'xL3J', 'xL0J', 'xL13J', 'xL5J', 'xL18J', 'xL14J'}
| | +-- , 6 , {9, 23} , {'xL1J', 'xL9J', 'xL17J', 'xL3J', 'xL0J', 'xL13J', 'xL11J', 'xL18J', 'xL14J'}
| | | +-- , 9 , {17, 21, 11} , {'xL1J', 'xL9J', 'xL3J', 'xL0J', 'xL11J', 'xL6J', 'xL18J', 'xL14J'}
| | | | +-- , 17 , {19} , {'xL1J', 'xL9J', 'xL3J', 'xL0J', 'xL12J', 'xL11J', 'xL6J', 'xL14J'}
| | | | | +-- , 19 , set() , {'xL9J', 'xL3J', 'xL0J', 'xL19J', 'xL12J', 'xL6J', 'xL14J'}
| | | | +-- , 21 , set() , {'xL15J', 'xL18J', 'xL11J', 'xL6J'}
| | | | +-- , 11 , {13, 15} , {'xL1J', 'xL9J', 'xL0J', 'xL11J', 'xL6J', 'xL2J', 'xL14J'}
| | | | | +-- , 13 , set() , {'xL2J', 'xL11J', 'xL4J', 'xL0J'}
| | | | | +-- , 15 , set() , {'xL0J', 'xL11J', 'xL6J', 'xL16J', 'xL2J'}
| | | +-- , 23 , set() , {'xL11J', 'xL9J', 'xL0J', 'xL7J'}


Max number of edges with non zero Y: 12
Max number of iterations of outer rounding loop: 3
Max number of candidate sets: 2
Time spent rounding: 14.260
Time spent solving Separator LP: 0.300
Total time spent solving: 17.703

LP Solver: GaifmanBoosted
Lower Bound Witness = ({'xL1J', 'xL3J', 'xL6J', 'xL7J', 'xL18J', 'xL2J', 'xL15J', 'xL14J', 'xL9J', 'xL8J', 'xL0J', 'xL19J', 'xL11J', 'xL4J', 'xL10J', 'xL13J', 'xL17J', 'xL12J', 'xL16J', 'xL5J'}, {'xL1J', 'xL9J', 'xL3J', 'xL8J', 'xL0J', 'xL11J', 'xL6J', 'xL7J', 'xL18J', 'xL2J', 'xL14J'})