12, 1.8983122986398213, 4.5, 5
+-- , 0 , {3, 7, 23, 9, 13, 25} , {'xL9J', 'xL17J', 'xL8J', 'xL0J', 'xL12J', 'xL11J', 'xL6J', 'xL2J', 'xL14J'}
| +-- , 3 , {5} , {'xL10J', 'xL8J', 'xL0J', 'xL14J'}
| | +-- , 5 , set() , {'xL10J', 'xL5J', 'xL0J', 'xL14J'}
| +-- , 7 , set() , {'xL2J', 'xL11J', 'xL4J', 'xL0J'}
| +-- , 23 , set() , {'xL1J', 'xL9J', 'xL12J', 'xL11J', 'xL2J', 'xL14J'}
| +-- , 9 , set() , {'xL0J', 'xL11J', 'xL6J', 'xL16J', 'xL2J'}
| +-- , 13 , {15} , {'xL9J', 'xL17J', 'xL0J', 'xL19J', 'xL12J', 'xL11J', 'xL6J', 'xL14J'}
| | +-- , 15 , {17, 21} , {'xL9J', 'xL17J', 'xL0J', 'xL19J', 'xL11J', 'xL6J', 'xL18J', 'xL14J'}
| | | +-- , 17 , {19} , {'xL9J', 'xL3J', 'xL17J', 'xL19J', 'xL11J', 'xL18J'}
| | | | +-- , 19 , set() , {'xL9J', 'xL3J', 'xL13J', 'xL11J', 'xL18J'}
| | | +-- , 21 , set() , {'xL15J', 'xL18J', 'xL11J', 'xL6J'}
| +-- , 25 , set() , {'xL11J', 'xL9J', 'xL0J', 'xL7J'}


Max number of edges with non zero Y: 18
Max number of iterations of outer rounding loop: 5
Max number of candidate sets: 2
Time spent rounding: 9.676
Time spent solving Separator LP: 0.284
Total time spent solving: 12.214

LP Solver: GaifmanBoosted
Lower Bound Witness = ({'xL1J', 'xL3J', 'xL6J', 'xL7J', 'xL18J', 'xL2J', 'xL15J', 'xL14J', 'xL9J', 'xL8J', 'xL0J', 'xL19J', 'xL11J', 'xL4J', 'xL10J', 'xL13J', 'xL17J', 'xL12J', 'xL16J', 'xL5J'}, {'xL10J', 'xL17J', 'xL3J', 'xL8J', 'xL0J', 'xL19J', 'xL12J', 'xL13J', 'xL11J', 'xL16J', 'xL4J', 'xL6J', 'xL18J', 'xL2J', 'xL14J'})