29, 1.667832167832168, 2.0, 2
+-- , 0 , {27, 3} , {'X14', 'X33', 'X32', 'X13', 'X58', 'X59'}
| +-- , 27 , {29} , {'X33', 'X34', 'X57', 'X13', 'X58', 'X12'}
| | +-- , 29 , {31} , {'X35', 'X11', 'X34', 'X57', 'X12', 'X56'}
| | | +-- , 31 , {33} , {'X35', 'X11', 'X55', 'X36', 'X56', 'X10'}
| | | | +-- , 33 , {35} , {'X55', 'X9', 'X36', 'X10'}
| | | | | +-- , 35 , {37} , {'X9', 'X54', 'X36', 'X8'}
| | | | | | +-- , 37 , {39} , {'X54', 'X37', 'X36', 'X8'}
| | | | | | | +-- , 39 , {41} , {'X38', 'X37', 'X53', 'X8'}
| | | | | | | | +-- , 41 , {43} , {'X39', 'X53', 'X7', 'X52', 'X38', 'X8'}
| | | | | | | | | +-- , 43 , {45} , {'X40', 'X6', 'X39', 'X7', 'X51', 'X52'}
| | | | | | | | | | +-- , 45 , {47} , {'X40', 'X50', 'X6', 'X5', 'X51', 'X41'}
| | | | | | | | | | | +-- , 47 , {49} , {'X5', 'X4', 'X50', 'X41'}
| | | | | | | | | | | | +-- , 49 , {51} , {'X42', 'X4', 'X41', 'X49'}
| | | | | | | | | | | | | +-- , 51 , {53} , {'X42', 'X4', 'X3', 'X49'}
| | | | | | | | | | | | | | +-- , 53 , {55} , {'X42', 'X48', 'X43', 'X2', 'X3'}
| | | | | | | | | | | | | | | +-- , 55 , {57} , {'X43', 'X2', 'X1', 'X47'}
| | | | | | | | | | | | | | | | +-- , 57 , set() , {'X45', 'X1', 'X47', 'X46', 'X43', 'X44'}
| +-- , 3 , {5} , {'X14', 'X15', 'X32', 'X60', 'X59', 'X31'}
| | +-- , 5 , {7} , {'X61', 'X15', 'X30', 'X60', 'X16', 'X31'}
| | | +-- , 7 , {9} , {'X29', 'X61', 'X30', 'X16'}
| | | | +-- , 9 , {11} , {'X62', 'X29', 'X28', 'X17', 'X16'}
| | | | | +-- , 11 , {13} , {'X63', 'X28', 'X17', 'X27'}
| | | | | | +-- , 13 , {15} , {'X17', 'X26', 'X27', 'X18', 'X64', 'X63'}
| | | | | | | +-- , 15 , {17} , {'X19', 'X18', 'X64', 'X26'}
| | | | | | | | +-- , 17 , {19} , {'X19', 'X65', 'X25', 'X26'}
| | | | | | | | | +-- , 19 , {21} , {'X19', 'X65', 'X25', 'X20', 'X66', 'X24'}
| | | | | | | | | | +-- , 21 , {23} , {'X20', 'X66', 'X67', 'X23', 'X21', 'X24'}
| | | | | | | | | | | +-- , 23 , {25} , {'X22', 'X67', 'X23', 'X21'}
| | | | | | | | | | | | +-- , 25 , set() , {'X68', 'X69', 'X22', 'X23'}


Max number of edges with non zero Y: 9
Max number of iterations of outer rounding loop: 2
Max number of candidate sets: 2
Time spent rounding: 1.746
Time spent solving Separator LP: 0.197
Total time spent solving: 3.375

LP Solver: GaifmanBoosted
Lower Bound Witness = ({'X40', 'X25', 'X15', 'X50', 'X37', 'X47', 'X30', 'X53', 'X55', 'X22', 'X9', 'X43', 'X21', 'X57', 'X2', 'X56', 'X59', 'X18', 'X63', 'X19', 'X48', 'X62', 'X64', 'X10', 'X60', 'X8', 'X61', 'X45', 'X28', 'X49', 'X7', 'X5', 'X51', 'X67', 'X23', 'X41', 'X54', 'X32', 'X39', 'X58', 'X13', 'X44', 'X42', 'X35', 'X29', 'X20', 'X14', 'X4', 'X33', 'X26', 'X11', 'X34', 'X68', 'X3', 'X52', 'X24', 'X36', 'X16', 'X27', 'X31', 'X65', 'X69', 'X66', 'X17', 'X6', 'X1', 'X46', 'X38', 'X12'}, {'X65', 'X29', 'X14', 'X6', 'X7', 'X22', 'X23', 'X43', 'X21', 'X13', 'X58', 'X59', 'X3'})