10, 1, 6.0, 6
+-- , 3 , {0, 5} , {'9', '6', '11', '1', '22', '26', '17', '25', '16', '29', '12', '13', '28', '23', '7', '8', '3'}
| +-- , 0 , {15} , {'9', '6', '15', '26', '25', '16', '20', '29', '12', '13', '28', '23', '7', '5', '8', '3'}
| | +-- , 15 , set() , {'23', '7', '9', '6', '5', '15', '25', '3', '4', '13', '18', '28'}
| +-- , 5 , {16, 7} , {'6', '1', '22', '26', '17', '25', '16', '29', '12', '13', '14', '23', '7', '8', '3', '0'}
| | +-- , 16 , {17} , {'25', '3', '14', '0'}
| | | +-- , 17 , set() , {'25', '10', '3', '0'}
| | +-- , 7 , {9, 11, 13} , {'12', '6', '0', '21', '8', '1', '26', '17', '25', '16', '29', '13', '14'}
| | | +-- , 9 , set() , {'2', '21', '8', '25', '29', '0', '12', '14'}
| | | +-- , 11 , set() , {'6', '21', '8', '1', '29', '12', '27'}
| | | +-- , 13 , set() , {'21', '26', '24'}


Max number of edges with non zero Y: 11
Max number of iterations of outer rounding loop: 1
Max number of candidate sets: 2
Time spent rounding: 0.013
Time spent solving Separator LP: 0.005
Total time spent solving: 0.146

LP Solver: gammaPlusFractionalCoverHeuristic
Number of Rounding Attemps: 1
Lower Bound Witness = ({'9', '11', '15', '1', '22', '25', '16', '20', '12', '24', '14', '28', '23', '7', '21', '8', '4', '27', '6', '2', '26', '17', '29', '13', '18', '5', '3', '0'}, {'1', '16', '20', '12', '18'})