65, 2.8473292690481484, 9.0, 9
+-- , 0 , {128, 96, 98, 132, 5, 100, 108, 110, 112, 124, 122, 126} , {'xL1J', 'xL3J', 'zL63J', 'zL61J', 'xL8J', 'xL7J', 'zL0J', 'zL40J', 'zL47J', 'zL2J', 'zL60J', 'xL5J', 'xL4J', 'zL71J', 'zL41J', 'xL9J'}
| +-- , 128 , {130} , {'xL4J', 'zL3J', 'xL5J', 'zL2J'}
| | +-- , 130 , set() , {'zL3J', 'xL5J', 'w3'}
| +-- , 96 , set() , {'yL15J', 'zL60J', 'xL9J'}
| +-- , 98 , set() , {'w12', 'xL1J', 'yL9J', 'xL3J', 'zL39J', 'zL38J', 'xL7J', 'xL4J', 'zL37J', 'xL9J', 'zL36J'}
| +-- , 132 , set() , {'xL1J', 'w18', 'zL63J'}
| +-- , 5 , {7} , {'zL46J', 'xL1J', 'xL3J', 'zL63J', 'zL61J', 'xL8J', 'xL7J', 'zL0J', 'zL40J', 'zL47J', 'zL70J', 'zL2J', 'xL5J', 'xL4J', 'zL71J', 'zL41J', 'xL9J'}
| | +-- , 7 , {9} , {'zL46J', 'xL1J', 'xL3J', 'zL63J', 'zL61J', 'xL8J', 'zL1J', 'xL7J', 'zL0J', 'zL40J', 'zL2J', 'zL70J', 'xL5J', 'xL4J', 'zL41J', 'xL9J'}
| | | +-- , 9 , {86, 88, 90, 92, 12, 76} , {'zL46J', 'xL1J', 'xL3J', 'zL63J', 'zL61J', 'xL8J', 'zL1J', 'xL7J', 'zL62J', 'zL40J', 'zL2J', 'zL70J', 'xL5J', 'xL6J', 'zL9J', 'xL4J', 'zL10J', 'zL41J', 'xL9J'}
| | | | +-- , 86 , set() , {'xL6J', 'yL10J', 'zL40J'}
| | | | +-- , 88 , set() , {'zL53J', 'xL6J', 'zL52J', 'zL55J', 'w16', 'xL8J', 'xL7J', 'xL4J', 'zL54J', 'yL13J', 'xL9J'}
| | | | +-- , 90 , set() , {'zL50J', 'xL1J', 'xL5J', 'xL6J', 'zL48J', 'zL49J', 'xL3J', 'w15', 'zL51J', 'xL4J', 'yL12J'}
| | | | +-- , 92 , {94} , {'zL8J', 'zL9J', 'xL6J', 'xL9J'}
| | | | | +-- , 94 , set() , {'zL8J', 'yL2J', 'xL9J'}
| | | | +-- , 12 , {14} , {'zL46J', 'xL1J', 'xL3J', 'zL61J', 'xL8J', 'xL7J', 'zL62J', 'zL70J', 'xL5J', 'xL6J', 'zL42J', 'xL4J', 'zL10J', 'zL41J', 'xL9J'}
| | | | | +-- , 14 , {16, 74} , {'zL46J', 'xL3J', 'xL1J', 'zL61J', 'yL17J', 'xL8J', 'xL7J', 'zL62J', 'zL70J', 'xL5J', 'xL6J', 'zL23J', 'zL69J', 'zL42J', 'zL68J', 'xL4J', 'zL22J', 'zL10J', 'xL9J'}
| | | | | | +-- , 16 , {18, 70, 60} , {'zL46J', 'xL1J', 'xL3J', 'zL61J', 'xL8J', 'xL7J', 'zL62J', 'xL0J', 'xL5J', 'xL6J', 'zL69J', 'zL42J', 'zL68J', 'xL4J', 'zL22J', 'zL10J', 'xL9J'}
| | | | | | | +-- , 18 , {20} , {'zL46J', 'xL1J', 'xL3J', 'zL45J', 'xL8J', 'xL7J', 'xL0J', 'xL5J', 'xL6J', 'zL69J', 'zL42J', 'zL68J', 'xL4J', 'zL22J', 'xL9J'}
| | | | | | | | +-- , 20 , {22, 56, 58} , {'zL4J', 'xL3J', 'xL1J', 'yL7J', 'zL45J', 'xL8J', 'zL19J', 'yL1J', 'xL7J', 'zL75J', 'zL43J', 'zL18J', 'zL28J', 'xL0J', 'xL5J', 'xL6J', 'zL69J', 'zL42J', 'zL74J', 'zL68J', 'xL4J', 'zL22J', 'xL9J'}
| | | | | | | | | +-- , 22 , {36, 40, 48, 54, 24, 30} , {'xL2J', 'zL4J', 'w13', 'xL3J', 'xL1J', 'zL45J', 'xL8J', 'zL5J', 'zL43J', 'zL18J', 'zL73J', 'zL28J', 'xL0J', 'xL5J', 'xL6J', 'zL69J', 'zL74J', 'zL68J', 'xL4J', 'zL22J', 'xL9J'}
| | | | | | | | | | +-- , 36 , {38} , {'xL2J', 'xL8J', 'zL72J', 'zL73J'}
| | | | | | | | | | | +-- , 38 , set() , {'zL72J', 'xL8J', 'yL18J'}
| | | | | | | | | | +-- , 40 , {42} , {'xL2J', 'zL29J', 'zL28J', 'xL5J', 'xL4J', 'xL9J'}
| | | | | | | | | | | +-- , 42 , {44} , {'xL2J', 'zL29J', 'xL4J', 'zL30J', 'xL9J'}
| | | | | | | | | | | | +-- , 44 , {46} , {'xL2J', 'xL4J', 'zL30J', 'zL31J'}
| | | | | | | | | | | | | +-- , 46 , set() , {'xL2J', 'w10', 'zL31J'}
| | | | | | | | | | +-- , 48 , {50} , {'xL2J', 'xL4J', 'zL21J', 'zL22J', 'xL1J'}
| | | | | | | | | | | +-- , 50 , {52} , {'xL4J', 'zL20J', 'zL21J', 'xL1J'}
| | | | | | | | | | | | +-- , 52 , set() , {'xL1J', 'zL20J', 'yL5J'}
| | | | | | | | | | +-- , 54 , set() , {'xL2J', 'xL1J', 'zL45J', 'yL11J', 'zL44J'}
| | | | | | | | | | +-- , 24 , {26} , {'xL2J', 'xL3J', 'zL6J', 'xL6J', 'zL5J'}
| | | | | | | | | | | +-- , 26 , {28} , {'xL2J', 'zL7J', 'zL6J', 'xL3J'}
| | | | | | | | | | | | +-- , 28 , set() , {'xL3J', 'zL7J', 'w4'}
| | | | | | | | | | +-- , 30 , {32} , {'xL2J', 'xL8J', 'xL4J', 'zL17J', 'zL18J'}
| | | | | | | | | | | +-- , 32 , {34} , {'xL2J', 'xL4J', 'zL17J', 'zL16J'}
| | | | | | | | | | | | +-- , 34 , set() , {'xL2J', 'zL16J', 'yL4J'}
| | | | | | | | | +-- , 56 , set() , {'xL5J', 'zL75J', 'w21'}
| | | | | | | | | +-- , 58 , set() , {'w7', 'zL19J', 'xL0J'}
| | | | | | | +-- , 70 , {72} , {'zL11J', 'xL0J', 'xL3J', 'zL10J'}
| | | | | | | | +-- , 72 , set() , {'xL0J', 'zL11J', 'w5'}
| | | | | | | +-- , 60 , {66, 62} , {'xL0J', 'xL3J', 'zL78J', 'xL5J', 'zL77J', 'xL8J', 'xL4J'}
| | | | | | | | +-- , 66 , {68} , {'zL79J', 'xL0J', 'xL5J', 'zL78J'}
| | | | | | | | | +-- , 68 , set() , {'xL5J', 'zL79J', 'w22'}
| | | | | | | | +-- , 62 , {64} , {'xL8J', 'zL77J', 'xL4J', 'zL76J'}
| | | | | | | | | +-- , 64 , set() , {'zL76J', 'yL19J', 'xL4J'}
| | | | | | +-- , 74 , set() , {'zL23J', 'xL7J', 'w8'}
| | | | +-- , 76 , {84, 78} , {'zL27J', 'xL1J', 'xL6J', 'xL5J', 'xL4J', 'zL26J', 'xL9J'}
| | | | | +-- , 84 , set() , {'xL1J', 'zL27J', 'w9'}
| | | | | +-- , 78 , {80} , {'xL4J', 'zL25J', 'zL26J', 'xL6J', 'xL9J'}
| | | | | | +-- , 80 , {82} , {'zL24J', 'xL4J', 'zL25J', 'xL9J'}
| | | | | | | +-- , 82 , set() , {'yL6J', 'zL24J', 'xL4J'}
| +-- , 100 , {102} , {'xL1J', 'xL5J', 'xL3J', 'yL3J', 'xL8J', 'zL12J', 'xL7J', 'zL13J'}
| | +-- , 102 , {104} , {'xL8J', 'xL7J', 'zL14J', 'xL3J', 'zL13J'}
| | | +-- , 104 , {106} , {'xL7J', 'zL14J', 'xL3J', 'zL15J'}
| | | | +-- , 106 , set() , {'xL3J', 'w6', 'zL15J'}
| +-- , 108 , set() , {'xL5J', 'xL3J', 'zL66J', 'w19', 'xL8J', 'zL64J', 'yL16J', 'xL4J', 'zL65J', 'xL9J', 'zL67J'}
| +-- , 110 , set() , {'w20', 'xL9J', 'zL71J'}
| +-- , 112 , {114} , {'yL8J', 'xL3J', 'xL8J', 'xL7J', 'xL4J', 'xL9J', 'zL32J'}
| | +-- , 114 , {116} , {'xL3J', 'zL33J', 'xL8J', 'xL4J', 'xL9J', 'zL32J'}
| | | +-- , 116 , {118} , {'xL8J', 'zL34J', 'xL4J', 'xL3J', 'zL33J'}
| | | | +-- , 118 , {120} , {'xL8J', 'zL34J', 'zL35J', 'xL3J'}
| | | | | +-- , 120 , set() , {'w11', 'xL8J', 'zL35J'}
| +-- , 124 , set() , {'yL0J', 'xL7J', 'zL0J'}
| +-- , 122 , set() , {'xL8J', 'zL47J', 'w14'}
| +-- , 126 , set() , {'zL58J', 'xL1J', 'xL3J', 'yL14J', 'zL56J', 'zL59J', 'xL8J', 'zL57J', 'xL4J', 'w17', 'xL9J'}


Max number of edges with non zero Y: 21
Max number of iterations of outer rounding loop: 6
Max number of candidate sets: 2
Time spent rounding: 45.151
Time spent solving Separator LP: 5.157
Total time spent solving: 60.259

LP Solver: GaifmanBoosted
Lower Bound Witness = ({'xL2J', 'zL34J', 'zL27J', 'yL18J', 'yL17J', 'xL8J', 'zL1J', 'w4', 'zL5J', 'zL76J', 'zL15J', 'zL32J', 'xL5J', 'zL49J', 'zL54J', 'w18', 'zL14J', 'w13', 'zL66J', 'w22', 'zL45J', 'zL59J', 'zL19J', 'w6', 'zL47J', 'zL70J', 'zL58J', 'zL20J', 'zL23J', 'zL79J', 'zL25J', 'yL12J', 'yL13J', 'yL5J', 'yL11J', 'yL2J', 'zL7J', 'zL55J', 'yL1J', 'w10', 'zL3J', 'zL43J', 'zL16J', 'yL8J', 'zL29J', 'zL53J', 'yL15J', 'w16', 'zL68J', 'zL71J', 'zL35J', 'zL10J', 'w7', 'zL4J', 'zL21J', 'zL38J', 'zL0J', 'zL75J', 'zL60J', 'yL0J', 'zL12J', 'zL22J', 'w17', 'zL26J', 'zL37J', 'zL31J', 'xL3J', 'w19', 'w15', 'xL7J', 'zL28J', 'w8', 'xL6J', 'zL48J', 'zL69J', 'zL52J', 'yL3J', 'zL64J', 'zL50J', 'zL24J', 'zL46J', 'zL61J', 'zL8J', 'yL16J', 'zL40J', 'w21', 'zL72J', 'zL18J', 'zL44J', 'w9', 'zL67J', 'zL73J', 'w12', 'w5', 'zL6J', 'yL10J', 'zL39J', 'zL9J', 'zL74J', 'zL78J', 'zL63J', 'zL77J', 'yL7J', 'yL4J', 'zL56J', 'zL62J', 'zL2J', 'yL6J', 'w14', 'w11', 'yL9J', 'zL33J', 'zL17J', 'zL41J', 'zL30J', 'yL19J', 'zL36J', 'zL11J', 'zL13J', 'xL1J', 'zL57J', 'zL51J', 'zL65J', 'w3', 'w20', 'xL0J', 'zL42J', 'yL14J', 'xL4J', 'xL9J'}, {'zL4J', 'w12', 'zL60J', 'w14', 'xL1J', 'zL49J', 'zL42J', 'zL39J', 'w4', 'zL0J', 'zL71J', 'w17', 'zL3J', 'w18', 'w21'})