21, 2.592522269188729, 7.0, 7
+-- , 0 , {3, 8, 14} , {'xL36J', 'xL26J', 'xL2J', 'xL5J', 'xL15J', 'xL27J', 'xL13J', 'xL9J', 'xL11J', 'xL33J', 'xL17J', 'xL30J', 'xL1J', 'xL20J'}
| +-- , 3 , set() , {'xL36J', 'xL26J', 'xL0J'}
| +-- , 8 , {10, 12} , {'xL11J', 'xL33J', 'xL2J', 'xL6J', 'xL15J', 'xL17J', 'xL28J', 'xL30J', 'xL1J'}
| | +-- , 10 , set() , {'xL33J', 'xL7J', 'xL6J'}
| | +-- , 12 , set() , {'xL11J', 'xL14J', 'xL6J'}
| +-- , 14 , {16, 46} , {'xL36J', 'xL23J', 'xL5J', 'xL27J', 'xL13J', 'xL9J', 'xL33J', 'xL17J', 'xL30J', 'xL1J', 'xL20J'}
| | +-- , 16 , {18, 40, 44} , {'xL33J', 'xL36J', 'xL23J', 'xL5J', 'xL25J', 'xL17J', 'xL30J', 'xL1J', 'xL20J', 'xL13J', 'xL9J'}
| | | +-- , 18 , {21} , {'xL36J', 'xL5J', 'xL10J', 'xL25J', 'xL13J', 'xL9J', 'xL33J', 'xL29J', 'xL34J', 'xL17J', 'xL20J', 'xL1J'}
| | | | +-- , 21 , {24, 38} , {'xL36J', 'xL10J', 'xL25J', 'xL13J', 'xL38J', 'xL9J', 'xL33J', 'xL29J', 'xL34J', 'xL17J', 'xL4J', 'xL20J', 'xL1J', 'xL21J'}
| | | | | +-- , 24 , {26} , {'xL36J', 'xL24J', 'xL25J', 'xL38J', 'xL9J', 'xL33J', 'xL29J', 'xL34J', 'xL17J', 'xL20J', 'xL21J'}
| | | | | | +-- , 26 , {28} , {'xL33J', 'xL36J', 'xL8J', 'xL29J', 'xL34J', 'xL17J', 'xL24J', 'xL25J', 'xL38J', 'xL9J'}
| | | | | | | +-- , 28 , {34, 30} , {'xL3J', 'xL8J', 'xL29J', 'xL18J', 'xL17J', 'xL25J', 'xL38J', 'xL9J'}
| | | | | | | | +-- , 34 , {36} , {'xL3J', 'xL17J', 'xL37J', 'xL29J', 'xL8J'}
| | | | | | | | | +-- , 36 , set() , {'xL8J', 'xL37J', 'xL29J', 'xL19J'}
| | | | | | | | +-- , 30 , {32} , {'xL18J', 'xL39J', 'xL38J'}
| | | | | | | | | +-- , 32 , set() , {'xL16J', 'xL38J', 'xL39J'}
| | | | | +-- , 38 , set() , {'xL12J', 'xL36J', 'xL38J', 'xL29J'}
| | | +-- , 40 , {42} , {'xL17J', 'xL25J', 'xL32J'}
| | | | +-- , 42 , set() , {'xL22J', 'xL32J'}
| | | +-- , 44 , set() , {'xL33J', 'xL35J', 'xL25J'}
| | +-- , 46 , set() , {'xL36J', 'xL23J', 'xL27J', 'xL20J', 'xL31J'}


Max number of edges with non zero Y: 25
Max number of iterations of outer rounding loop: 5
Max number of candidate sets: 2
Time spent rounding: 12.497
Time spent solving Separator LP: 0.400

LP Solver: GaifmanNormal