38, 0.9999998133843528, 3.0, 3
+-- , 0 , {58, 3} , {'xL9JL4J', 'xL3JL4J', 'xL8JL4J', 'xL3JL6J', 'xL3JL5J', 'xL7JL4J'}
| +-- , 58 , {60, 71} , {'xL4JL3J', 'xL9JL4J', 'xL3JL4J', 'xL8JL4J', 'xL5JL3J', 'xL3JL5J'}
| | +-- , 60 , {63} , {'xL4JL3J', 'xL5JL4J', 'xL3JL4J', 'xL2JL4J', 'xL5JL3J', 'xL3JL5J', 'xL4JL4J', 'xL1JL4J'}
| | | +-- , 63 , {65} , {'xL4JL3J', 'xL4JL2J', 'xL2JL4J', 'xL3JL5J', 'xL4JL5J', 'xL4JL4J', 'xL1JL4J'}
| | | | +-- , 65 , {67} , {'xL3JL2J', 'xL4JL2J', 'xL2JL2J', 'xL1JL2J', 'xL2JL4J', 'xL1JL4J'}
| | | | | +-- , 67 , {69} , {'xL3JL2J', 'xL3JL1J', 'xL2JL2J', 'xL1JL2J', 'xL2JL4J', 'xL1JL4J'}
| | | | | | +-- , 69 , set() , {'xL2JL1J', 'xL1JL3J', 'xL2JL3J', 'xL3JL1J', 'xL2JL2J', 'xL1JL2J', 'xL2JL4J', 'xL1JL4J'}
| | +-- , 71 , {73} , {'xL4JL3J', 'xL5JL3J', 'xL9JL4J', 'xL6JL3J', 'xL8JL4J'}
| | | +-- , 73 , {75} , {'xL6JL1J', 'xL9JL4J', 'xL6JL2J', 'xL6JL3J', 'xL8JL4J'}
| | | | +-- , 75 , {78} , {'xL6JL1J', 'xL9JL4J', 'xL6JL2J', 'xL8JL4J', 'xL8JL2J', 'xL8JL3J', 'xL8JL1J'}
| | | | | +-- , 78 , {80} , {'xL6JL1J', 'xL9JL4J', 'xL6JL2J', 'xL9JL3J', 'xL9JL2J', 'xL8JL2J', 'xL8JL3J', 'xL8JL1J'}
| | | | | | +-- , 80 , set() , {'xL6JL1J', 'xL7JL1J', 'xL6JL2J', 'xL9JL2J', 'xL8JL2J', 'xL7JL2J', 'xL8JL1J'}
| +-- , 3 , {5} , {'xL2JL6J', 'xL3JL6J', 'xL7JL5J', 'xL7JL6J', 'xL7JL4J', 'xL1JL6J'}
| | +-- , 5 , {8} , {'xL1JL7J', 'xL2JL6J', 'xL1JL8J', 'xL7JL5J', 'xL7JL6J', 'xL1JL6J'}
| | | +-- , 8 , {10} , {'xL2JL8J', 'xL2JL6J', 'xL1JL7J', 'xL1JL8J', 'xL7JL5J', 'xL7JL6J', 'xL2JL7J'}
| | | | +-- , 10 , {12} , {'xL3JL8J', 'xL2JL8J', 'xL5JL8J', 'xL1JL8J', 'xL4JL8J', 'xL7JL5J', 'xL7JL6J'}
| | | | | +-- , 12 , {15} , {'xL3JL8J', 'xL5JL8J', 'xL8JL6J', 'xL4JL8J', 'xL9JL6J', 'xL6JL6J', 'xL5JL6J', 'xL7JL5J', 'xL7JL6J', 'xL6JL5J'}
| | | | | | +-- , 15 , {17} , {'xL3JL8J', 'xL5JL8J', 'xL8JL6J', 'xL6JL7J', 'xL9JL6J', 'xL4JL8J', 'xL5JL6J', 'xL6JL6J', 'xL6JL5J'}
| | | | | | | +-- , 17 , {19} , {'xL4JL7J', 'xL3JL8J', 'xL5JL8J', 'xL8JL6J', 'xL6JL7J', 'xL9JL6J', 'xL4JL8J', 'xL5JL6J', 'xL5JL7J'}
| | | | | | | | +-- , 19 , {21} , {'xL4JL7J', 'xL3JL8J', 'xL3JL10J', 'xL8JL6J', 'xL4JL8J', 'xL9JL6J', 'xL3JL9J', 'xL4JL9J'}
| | | | | | | | | +-- , 21 , {23} , {'xL3JL10J', 'xL8JL6J', 'xL2JL10J', 'xL9JL6J', 'xL1JL10J'}
| | | | | | | | | | +-- , 23 , {25, 52} , {'xL7JL9J', 'xL7JL10J', 'xL8JL6J', 'xL2JL10J', 'xL9JL6J', 'xL1JL10J'}
| | | | | | | | | | | +-- , 25 , {27, 42} , {'xL1JL10J', 'xL7JL9J', 'xL7JL10J', 'xL2JL10J', 'xL4JL11J'}
| | | | | | | | | | | | +-- , 27 , {29} , {'xL7JL9J', 'xL7JL10J', 'xL6JL11J', 'xL4JL11J', 'xL5JL11J'}
| | | | | | | | | | | | | +-- , 29 , {32} , {'xL7JL9J', 'xL7JL10J', 'xL6JL11J', 'xL8JL10J', 'xL9JL10J', 'xL6JL10J', 'xL5JL11J', 'xL5JL10J'}
| | | | | | | | | | | | | | +-- , 32 , {34} , {'xL7JL9J', 'xL6JL11J', 'xL8JL10J', 'xL9JL10J', 'xL6JL12J', 'xL6JL9J', 'xL6JL10J'}
| | | | | | | | | | | | | | | +-- , 34 , {36} , {'xL8JL10J', 'xL8JL12J', 'xL9JL10J', 'xL7JL12J', 'xL6JL12J', 'xL9JL12J'}
| | | | | | | | | | | | | | | | +-- , 36 , {40, 38} , {'xL8JL10J', 'xL8JL12J', 'xL9JL10J', 'xL7JL12J', 'xL8JL13J', 'xL9JL12J'}
| | | | | | | | | | | | | | | | | +-- , 40 , set() , {'xL8JL11J', 'xL8JL10J', 'xL8JL12J', 'xL9JL10J', 'xL8JL13J', 'xL9JL12J', 'xL9JL11J'}
| | | | | | | | | | | | | | | | | +-- , 38 , set() , {'xL8JL13J', 'xL7JL13J', 'xL7JL12J'}
| | | | | | | | | | | | +-- , 42 , {44} , {'xL1JL10J', 'xL2JL10J', 'xL4JL12J', 'xL4JL11J'}
| | | | | | | | | | | | | +-- , 44 , {46} , {'xL1JL12J', 'xL3JL12J', 'xL2JL12J', 'xL2JL10J', 'xL1JL10J', 'xL4JL12J'}
| | | | | | | | | | | | | | +-- , 46 , {48, 50} , {'xL2JL13J', 'xL1JL12J', 'xL3JL12J', 'xL2JL10J', 'xL2JL12J', 'xL1JL10J'}
| | | | | | | | | | | | | | | +-- , 48 , set() , {'xL2JL13J', 'xL1JL12J', 'xL1JL11J', 'xL2JL10J', 'xL2JL12J', 'xL2JL11J', 'xL1JL10J'}
| | | | | | | | | | | | | | | +-- , 50 , set() , {'xL2JL13J', 'xL3JL12J', 'xL3JL13J'}
| | | | | | | | | | | +-- , 52 , {54} , {'xL7JL10J', 'xL7JL9J', 'xL7JL8J', 'xL8JL6J', 'xL9JL6J'}
| | | | | | | | | | | | +-- , 54 , {56} , {'xL8JL8J', 'xL7JL8J', 'xL8JL6J', 'xL9JL6J', 'xL9JL8J'}
| | | | | | | | | | | | | +-- , 56 , set() , {'xL8JL8J', 'xL9JL7J', 'xL8JL6J', 'xL8JL7J', 'xL9JL6J', 'xL9JL8J'}


Max number of edges with non zero Y: 4
Max number of iterations of outer rounding loop: 3
Max number of candidate sets: 2
Time spent rounding: 17.310
Time spent solving Separator LP: 1.891
Total time spent solving: 25.779

LP Solver: GaifmanNormal
Lower Bound Witness = ({'xL5JL4J', 'xL7JL13J', 'xL7JL8J', 'xL9JL2J', 'xL8JL13J', 'xL3JL5J', 'xL2JL8J', 'xL1JL7J', 'xL6JL7J', 'xL3JL1J', 'xL8JL10J', 'xL2JL11J', 'xL9JL8J', 'xL7JL12J', 'xL9JL6J', 'xL3JL12J', 'xL6JL3J', 'xL2JL13J', 'xL6JL2J', 'xL8JL6J', 'xL5JL6J', 'xL7JL2J', 'xL8JL3J', 'xL2JL1J', 'xL3JL10J', 'xL2JL6J', 'xL6JL11J', 'xL5JL7J', 'xL1JL6J', 'xL5JL8J', 'xL9JL3J', 'xL1JL10J', 'xL6JL1J', 'xL9JL4J', 'xL9JL7J', 'xL2JL2J', 'xL5JL3J', 'xL7JL5J', 'xL3JL9J', 'xL8JL8J', 'xL8JL7J', 'xL1JL8J', 'xL9JL10J', 'xL4JL8J', 'xL1JL2J', 'xL3JL13J', 'xL4JL4J', 'xL6JL5J', 'xL1JL4J', 'xL4JL3J', 'xL3JL6J', 'xL4JL11J', 'xL4JL9J', 'xL2JL12J', 'xL2JL10J', 'xL8JL1J', 'xL7JL6J', 'xL4JL12J', 'xL4JL7J', 'xL3JL8J', 'xL2JL4J', 'xL9JL11J', 'xL6JL9J', 'xL7JL4J', 'xL2JL7J', 'xL8JL11J', 'xL3JL2J', 'xL1JL11J', 'xL8JL4J', 'xL8JL2J', 'xL6JL12J', 'xL9JL12J', 'xL2JL3J', 'xL7JL1J', 'xL3JL4J', 'xL7JL9J', 'xL7JL10J', 'xL4JL2J', 'xL4JL5J', 'xL1JL3J', 'xL6JL6J', 'xL1JL12J', 'xL8JL12J', 'xL6JL10J', 'xL5JL11J', 'xL5JL10J'}, {'xL2JL3J', 'xL1JL6J', 'xL3JL4J', 'xL2JL6J', 'xL8JL7J', 'xL2JL10J', 'xL8JL4J', 'xL3JL1J', 'xL6JL3J', 'xL8JL12J', 'xL8JL2J', 'xL4JL5J', 'xL5JL11J', 'xL5JL10J', 'xL4JL9J'})