38, 1.136363181818182, 5.0, 5
+-- , 0 , {34, 3, 78} , {'xL4JL7J', 'xL8JL8J', 'xL3JL8J', 'xL1JL8J', 'xL4JL8J', 'xL9JL8J', 'xL7JL5J', 'xL7JL6J', 'xL3JL9J'}
| +-- , 34 , {72, 36} , {'xL4JL7J', 'xL8JL8J', 'xL3JL8J', 'xL5JL8J', 'xL2JL8J', 'xL1JL8J', 'xL4JL8J', 'xL9JL8J', 'xL7JL5J', 'xL7JL6J', 'xL7JL4J'}
| | +-- , 72 , {74} , {'xL4JL7J', 'xL8JL8J', 'xL5JL8J', 'xL6JL7J', 'xL9JL8J', 'xL5JL7J', 'xL5JL6J', 'xL7JL5J', 'xL7JL6J'}
| | | +-- , 74 , {76} , {'xL8JL8J', 'xL6JL7J', 'xL8JL6J', 'xL9JL6J', 'xL9JL8J', 'xL5JL6J', 'xL6JL6J', 'xL7JL5J', 'xL7JL6J', 'xL6JL5J'}
| | | | +-- , 76 , set() , {'xL8JL8J', 'xL9JL7J', 'xL8JL6J', 'xL8JL7J', 'xL9JL6J', 'xL9JL8J'}
| | +-- , 36 , {38} , {'xL9JL4J', 'xL2JL8J', 'xL8JL4J', 'xL1JL8J', 'xL7JL4J'}
| | | +-- , 38 , {40, 61} , {'xL4JL3J', 'xL9JL4J', 'xL2JL8J', 'xL8JL4J', 'xL1JL8J', 'xL5JL3J'}
| | | | +-- , 40 , {42, 57} , {'xL4JL3J', 'xL5JL3J', 'xL2JL8J', 'xL1JL8J', 'xL3JL6J'}
| | | | | +-- , 42 , {44} , {'xL4JL3J', 'xL3JL4J', 'xL3JL6J', 'xL5JL3J', 'xL3JL5J'}
| | | | | | +-- , 44 , {47} , {'xL4JL3J', 'xL5JL4J', 'xL3JL4J', 'xL2JL4J', 'xL5JL3J', 'xL3JL5J', 'xL4JL4J', 'xL1JL4J'}
| | | | | | | +-- , 47 , {49} , {'xL4JL3J', 'xL4JL2J', 'xL2JL4J', 'xL3JL5J', 'xL4JL5J', 'xL4JL4J', 'xL1JL4J'}
| | | | | | | | +-- , 49 , {51} , {'xL3JL2J', 'xL4JL2J', 'xL2JL2J', 'xL1JL2J', 'xL2JL4J', 'xL1JL4J'}
| | | | | | | | | +-- , 51 , {53, 55} , {'xL3JL2J', 'xL2JL1J', 'xL1JL2J', 'xL2JL4J', 'xL1JL4J', 'xL2JL2J'}
| | | | | | | | | | +-- , 53 , set() , {'xL2JL1J', 'xL1JL3J', 'xL2JL3J', 'xL2JL2J', 'xL1JL2J', 'xL2JL4J', 'xL1JL4J'}
| | | | | | | | | | +-- , 55 , set() , {'xL3JL2J', 'xL2JL1J', 'xL3JL1J'}
| | | | | +-- , 57 , {59} , {'xL2JL8J', 'xL2JL6J', 'xL1JL8J', 'xL3JL6J', 'xL1JL6J'}
| | | | | | +-- , 59 , set() , {'xL2JL8J', 'xL2JL6J', 'xL1JL7J', 'xL1JL8J', 'xL1JL6J', 'xL2JL7J'}
| | | | +-- , 61 , {63} , {'xL4JL3J', 'xL5JL3J', 'xL9JL4J', 'xL6JL3J', 'xL8JL4J'}
| | | | | +-- , 63 , {65} , {'xL6JL1J', 'xL9JL4J', 'xL6JL2J', 'xL6JL3J', 'xL8JL4J'}
| | | | | | +-- , 65 , {68} , {'xL6JL1J', 'xL9JL4J', 'xL6JL2J', 'xL8JL4J', 'xL8JL2J', 'xL8JL3J', 'xL8JL1J'}
| | | | | | | +-- , 68 , {70} , {'xL6JL1J', 'xL9JL4J', 'xL6JL2J', 'xL9JL3J', 'xL9JL2J', 'xL8JL2J', 'xL8JL3J', 'xL8JL1J'}
| | | | | | | | +-- , 70 , set() , {'xL6JL1J', 'xL7JL1J', 'xL6JL2J', 'xL9JL2J', 'xL8JL2J', 'xL7JL2J', 'xL8JL1J'}
| +-- , 3 , {5} , {'xL8JL8J', 'xL3JL8J', 'xL7JL8J', 'xL3JL10J', 'xL3JL9J', 'xL9JL8J'}
| | +-- , 5 , {7} , {'xL1JL10J', 'xL7JL8J', 'xL3JL10J', 'xL2JL10J'}
| | | +-- , 7 , {9} , {'xL7JL9J', 'xL7JL8J', 'xL7JL10J', 'xL2JL10J', 'xL1JL10J'}
| | | | +-- , 9 , {11, 26} , {'xL1JL10J', 'xL7JL9J', 'xL7JL10J', 'xL2JL10J', 'xL4JL11J'}
| | | | | +-- , 11 , {13} , {'xL7JL9J', 'xL7JL10J', 'xL6JL11J', 'xL4JL11J', 'xL5JL11J'}
| | | | | | +-- , 13 , {16} , {'xL7JL9J', 'xL7JL10J', 'xL6JL11J', 'xL8JL10J', 'xL9JL10J', 'xL6JL9J', 'xL6JL10J', 'xL5JL11J', 'xL5JL10J'}
| | | | | | | +-- , 16 , {18} , {'xL6JL11J', 'xL8JL10J', 'xL9JL10J', 'xL6JL12J', 'xL6JL9J', 'xL6JL10J'}
| | | | | | | | +-- , 18 , {20} , {'xL8JL10J', 'xL8JL12J', 'xL9JL10J', 'xL7JL12J', 'xL6JL12J', 'xL9JL12J'}
| | | | | | | | | +-- , 20 , {24, 22} , {'xL8JL10J', 'xL8JL12J', 'xL9JL10J', 'xL7JL12J', 'xL8JL13J', 'xL9JL12J'}
| | | | | | | | | | +-- , 24 , set() , {'xL8JL11J', 'xL8JL10J', 'xL8JL12J', 'xL9JL10J', 'xL8JL13J', 'xL9JL12J', 'xL9JL11J'}
| | | | | | | | | | +-- , 22 , set() , {'xL8JL13J', 'xL7JL13J', 'xL7JL12J'}
| | | | | +-- , 26 , {28} , {'xL1JL10J', 'xL2JL10J', 'xL4JL12J', 'xL4JL11J'}
| | | | | | +-- , 28 , {30} , {'xL1JL12J', 'xL3JL12J', 'xL2JL12J', 'xL2JL10J', 'xL1JL10J', 'xL4JL12J'}
| | | | | | | +-- , 30 , {32} , {'xL1JL12J', 'xL3JL12J', 'xL2JL12J', 'xL2JL10J', 'xL1JL10J', 'xL3JL13J'}
| | | | | | | | +-- , 32 , set() , {'xL2JL13J', 'xL1JL12J', 'xL1JL11J', 'xL2JL10J', 'xL2JL12J', 'xL2JL11J', 'xL1JL10J', 'xL3JL13J'}
| +-- , 78 , set() , {'xL4JL7J', 'xL4JL8J', 'xL3JL9J', 'xL4JL9J'}


Max number of edges with non zero Y: 5
Max number of iterations of outer rounding loop: 3
Max number of candidate sets: 2
Time spent rounding: 2.165
Time spent solving Separator LP: 0.327
Total time spent solving: 4.234

LP Solver: GaifmanNormal
Lower Bound Witness = ({'xL5JL4J', 'xL7JL13J', 'xL7JL8J', 'xL9JL2J', 'xL8JL13J', 'xL3JL5J', 'xL2JL8J', 'xL1JL7J', 'xL6JL7J', 'xL3JL1J', 'xL8JL10J', 'xL2JL11J', 'xL9JL8J', 'xL7JL12J', 'xL9JL6J', 'xL3JL12J', 'xL6JL3J', 'xL2JL13J', 'xL6JL2J', 'xL8JL6J', 'xL5JL6J', 'xL7JL2J', 'xL8JL3J', 'xL2JL1J', 'xL3JL10J', 'xL2JL6J', 'xL6JL11J', 'xL5JL7J', 'xL1JL6J', 'xL5JL8J', 'xL9JL3J', 'xL1JL10J', 'xL6JL1J', 'xL9JL4J', 'xL9JL7J', 'xL2JL2J', 'xL5JL3J', 'xL7JL5J', 'xL3JL9J', 'xL8JL8J', 'xL8JL7J', 'xL1JL8J', 'xL9JL10J', 'xL4JL8J', 'xL1JL2J', 'xL3JL13J', 'xL4JL4J', 'xL6JL5J', 'xL1JL4J', 'xL4JL3J', 'xL3JL6J', 'xL4JL11J', 'xL4JL9J', 'xL2JL12J', 'xL2JL10J', 'xL8JL1J', 'xL7JL6J', 'xL4JL12J', 'xL4JL7J', 'xL3JL8J', 'xL2JL4J', 'xL9JL11J', 'xL6JL9J', 'xL7JL4J', 'xL2JL7J', 'xL8JL11J', 'xL3JL2J', 'xL1JL11J', 'xL8JL4J', 'xL8JL2J', 'xL6JL12J', 'xL9JL12J', 'xL2JL3J', 'xL7JL1J', 'xL3JL4J', 'xL7JL9J', 'xL7JL10J', 'xL4JL2J', 'xL4JL5J', 'xL1JL3J', 'xL6JL6J', 'xL1JL12J', 'xL8JL12J', 'xL6JL10J', 'xL5JL11J', 'xL5JL10J'}, {'xL2JL3J', 'xL7JL9J', 'xL2JL12J', 'xL4JL8J', 'xL7JL4J'})