68, 2.9231413764512064, 9.0, 9
+-- , 0 , {129, 97, 131, 5, 101, 137, 105, 139, 115, 117, 121, 123} , {'xL8J', 'xL4J', 'zL74J', 'xL7J', 'zL77J', 'zL38J', 'zL61J', 'zL75J', 'xL9J', 'zL58J', 'xL0J', 'zL45J', 'zL78J', 'xL5J', 'xL1J', 'zL37J', 'zL59J', 'zL14J', 'zL62J'}
| +-- , 129 , set() , {'zL22J', 'yL5J', 'xL4J', 'zL21J', 'xL7J', 'xL5J', 'zL20J', 'xL1J', 'w8', 'zL23J', 'xL9J'}
| +-- , 97 , {99} , {'xL0J', 'xL4J', 'zL78J', 'zL79J'}
| | +-- , 99 , set() , {'w22', 'xL4J', 'zL79J'}
| +-- , 131 , {133} , {'xL8J', 'zL13J', 'xL7J', 'zL14J', 'xL1J'}
| | +-- , 133 , {135} , {'xL1J', 'xL8J', 'zL13J', 'zL12J'}
| | | +-- , 135 , set() , {'yL3J', 'zL12J', 'xL1J'}
| +-- , 5 , {7} , {'zL74J', 'xL4J', 'xL8J', 'xL7J', 'zL77J', 'zL60J', 'zL61J', 'zL38J', 'xL9J', 'xL0J', 'zL45J', 'xL5J', 'xL1J', 'zL37J', 'zL62J'}
| | +-- , 7 , {9, 95} , {'zL74J', 'xL4J', 'xL8J', 'xL7J', 'zL77J', 'zL60J', 'zL38J', 'xL9J', 'zL32J', 'xL0J', 'zL45J', 'xL5J', 'zL33J', 'xL1J', 'zL37J', 'zL62J'}
| | | +-- , 9 , {89, 75, 91, 13, 79} , {'zL10J', 'xL8J', 'xL4J', 'zL74J', 'xL7J', 'zL77J', 'xL3J', 'zL38J', 'zL60J', 'xL9J', 'xL0J', 'zL45J', 'zL9J', 'xL5J', 'zL33J', 'xL1J', 'zL37J', 'zL62J'}
| | | | +-- , 89 , set() , {'w4', 'xL7J', 'yL1J', 'zL7J', 'xL5J', 'xL3J', 'xL1J', 'zL4J', 'zL6J', 'xL0J', 'zL5J'}
| | | | +-- , 75 , {77} , {'zL10J', 'xL4J', 'xL9J', 'zL11J'}
| | | | | +-- , 77 , set() , {'w5', 'xL4J', 'zL11J'}
| | | | +-- , 91 , {93} , {'xL7J', 'zL8J', 'zL9J', 'xL1J'}
| | | | | +-- , 93 , set() , {'zL8J', 'yL2J', 'xL1J'}
| | | | +-- , 13 , {15} , {'xL8J', 'xL4J', 'zL74J', 'xL7J', 'w15', 'zL77J', 'xL3J', 'zL38J', 'zL60J', 'xL9J', 'zL51J', 'xL0J', 'zL45J', 'xL5J', 'zL33J', 'xL1J', 'zL37J', 'zL63J', 'zL62J'}
| | | | | +-- , 15 , {33, 67, 73, 17, 21, 29, 63} , {'xL8J', 'xL4J', 'zL74J', 'xL7J', 'zL77J', 'xL3J', 'zL38J', 'zL60J', 'xL9J', 'zL51J', 'xL6J', 'xL0J', 'zL45J', 'xL5J', 'zL50J', 'xL1J', 'zL37J', 'zL33J', 'zL63J'}
| | | | | | +-- , 33 , {35} , {'w3', 'zL74J', 'xL4J', 'xL8J', 'xL7J', 'xL3J', 'xL9J', 'xL6J', 'xL0J', 'zL3J', 'zL72J', 'xL5J', 'zL33J', 'zL37J', 'xL1J', 'yL18J', 'zL63J', 'zL34J'}
| | | | | | | +-- , 35 , {37, 39, 41, 45, 55, 57, 61} , {'zL74J', 'xL4J', 'xL8J', 'xL7J', 'xL3J', 'xL9J', 'xL2J', 'xL6J', 'zL3J', 'zL72J', 'xL5J', 'xL1J', 'zL37J', 'zL63J', 'zL34J', 'zL35J'}
| | | | | | | | +-- , 37 , set() , {'yL7J', 'w10', 'xL7J', 'zL28J', 'xL5J', 'zL29J', 'zL30J', 'xL3J', 'zL31J', 'xL9J', 'xL2J'}
| | | | | | | | +-- , 39 , set() , {'w11', 'zL35J', 'xL3J'}
| | | | | | | | +-- , 41 , {43} , {'zL3J', 'xL4J', 'zL2J', 'xL1J', 'xL2J', 'xL6J'}
| | | | | | | | | +-- , 43 , set() , {'yL0J', 'xL4J', 'xL1J', 'zL1J', 'xL2J', 'zL2J', 'zL0J'}
| | | | | | | | +-- , 45 , {53, 47} , {'xL4J', 'xL5J', 'xL3J', 'zL55J', 'xL9J', 'xL2J', 'zL54J'}
| | | | | | | | | +-- , 53 , set() , {'w16', 'xL5J', 'zL55J'}
| | | | | | | | | +-- , 47 , {49} , {'xL4J', 'zL53J', 'xL9J', 'zL54J', 'xL3J'}
| | | | | | | | | | +-- , 49 , {51} , {'xL4J', 'zL53J', 'xL9J', 'zL52J'}
| | | | | | | | | | | +-- , 51 , set() , {'xL4J', 'zL52J', 'yL13J'}
| | | | | | | | +-- , 55 , set() , {'zL63J', 'w18', 'xL2J'}
| | | | | | | | +-- , 57 , {59} , {'xL8J', 'zL36J', 'xL2J', 'zL37J'}
| | | | | | | | | +-- , 59 , set() , {'yL9J', 'xL8J', 'zL36J'}
| | | | | | | | +-- , 61 , set() , {'zL74J', 'zL72J', 'xL5J', 'zL73J', 'xL2J'}
| | | | | | +-- , 67 , {69} , {'zL46J', 'zL45J', 'xL6J', 'xL3J', 'xL1J'}
| | | | | | | +-- , 69 , {71} , {'zL46J', 'xL1J', 'zL47J', 'xL3J'}
| | | | | | | | +-- , 71 , set() , {'w14', 'xL3J', 'zL47J'}
| | | | | | +-- , 73 , set() , {'zL60J', 'xL6J', 'yL15J'}
| | | | | | +-- , 17 , {19} , {'xL8J', 'zL49J', 'xL7J', 'xL6J', 'zL48J', 'zL50J'}
| | | | | | | +-- , 19 , set() , {'yL12J', 'xL8J', 'zL48J'}
| | | | | | +-- , 21 , {25, 23} , {'xL5J', 'xL3J', 'zL24J', 'xL1J', 'zL25J', 'xL9J', 'xL6J'}
| | | | | | | +-- , 25 , {27} , {'zL26J', 'zL25J', 'xL5J', 'xL3J', 'xL1J'}
| | | | | | | | +-- , 27 , set() , {'zL27J', 'w9', 'zL26J', 'xL5J', 'xL1J'}
| | | | | | | +-- , 23 , set() , {'yL6J', 'xL9J', 'zL24J'}
| | | | | | +-- , 29 , {31} , {'zL38J', 'zL39J', 'xL6J', 'xL1J'}
| | | | | | | +-- , 31 , set() , {'zL39J', 'w12', 'xL1J'}
| | | | | | +-- , 63 , {65} , {'xL1J', 'xL6J', 'zL77J', 'zL76J'}
| | | | | | | +-- , 65 , set() , {'zL76J', 'yL19J', 'xL1J'}
| | | | +-- , 79 , {81, 87} , {'xL8J', 'xL4J', 'zL43J', 'xL5J', 'xL3J', 'zL42J', 'xL0J'}
| | | | | +-- , 81 , {83} , {'xL4J', 'zL42J', 'zL41J', 'xL0J', 'xL3J'}
| | | | | | +-- , 83 , {85} , {'xL4J', 'zL40J', 'zL41J', 'xL0J'}
| | | | | | | +-- , 85 , set() , {'xL4J', 'yL10J', 'zL40J'}
| | | | | +-- , 87 , set() , {'zL43J', 'w13', 'xL5J'}
| | | +-- , 95 , set() , {'yL8J', 'zL32J', 'xL9J'}
| +-- , 101 , {103} , {'xL9J', 'zL14J', 'xL0J', 'zL15J'}
| | +-- , 103 , set() , {'w6', 'zL15J', 'xL9J'}
| +-- , 137 , set() , {'w21', 'zL75J', 'xL1J'}
| +-- , 105 , {107} , {'xL4J', 'xL7J', 'yL17J', 'xL1J', 'zL68J', 'xL9J', 'xL0J'}
| | +-- , 107 , {109} , {'xL4J', 'xL7J', 'xL1J', 'zL68J', 'xL9J', 'zL69J'}
| | | +-- , 109 , {111} , {'zL70J', 'xL4J', 'xL7J', 'xL9J', 'zL69J'}
| | | | +-- , 111 , {113} , {'zL70J', 'xL4J', 'zL71J', 'xL7J'}
| | | | | +-- , 113 , set() , {'w20', 'zL71J', 'xL7J'}
| +-- , 139 , set() , {'w17', 'zL59J', 'xL5J'}
| +-- , 115 , set() , {'xL8J', 'zL17J', 'xL4J', 'xL7J', 'zL18J', 'xL5J', 'w7', 'zL19J', 'yL4J', 'zL16J', 'xL9J'}
| +-- , 117 , {119} , {'xL4J', 'xL7J', 'zL45J', 'zL44J'}
| | +-- , 119 , set() , {'zL44J', 'yL11J', 'xL7J'}
| +-- , 121 , set() , {'xL8J', 'xL4J', 'zL66J', 'w19', 'xL7J', 'xL5J', 'xL1J', 'yL16J', 'zL67J', 'zL65J', 'zL64J'}
| +-- , 123 , {125} , {'zL57J', 'xL8J', 'xL4J', 'zL58J', 'xL1J'}
| | +-- , 125 , {127} , {'zL57J', 'xL4J', 'zL56J', 'xL1J'}
| | | +-- , 127 , set() , {'yL14J', 'xL4J', 'zL56J'}


Max number of edges with non zero Y: 38
Max number of iterations of outer rounding loop: 7
Max number of candidate sets: 2
Time spent rounding: 65.394
Time spent solving Separator LP: 8.245
Total time spent solving: 88.596

LP Solver: GaifmanNormal
Lower Bound Witness = ({'zL39J', 'w14', 'yL15J', 'zL29J', 'zL23J', 'zL60J', 'xL0J', 'zL47J', 'w9', 'zL79J', 'zL4J', 'zL1J', 'zL69J', 'zL22J', 'zL74J', 'zL17J', 'xL7J', 'w18', 'w8', 'w22', 'zL55J', 'zL32J', 'zL26J', 'yL10J', 'zL63J', 'zL56J', 'yL8J', 'zL0J', 'zL62J', 'w4', 'yL11J', 'w6', 'zL38J', 'w20', 'yL4J', 'zL58J', 'zL3J', 'yL0J', 'zL66J', 'yL3J', 'xL1J', 'zL37J', 'zL34J', 'zL16J', 'zL52J', 'xL8J', 'xL4J', 'yL1J', 'yL12J', 'zL7J', 'zL30J', 'zL61J', 'zL75J', 'w16', 'xL6J', 'zL15J', 'zL12J', 'zL21J', 'zL45J', 'zL44J', 'zL50J', 'zL33J', 'w21', 'zL49J', 'zL42J', 'zL41J', 'zL76J', 'w10', 'zL13J', 'zL53J', 'zL20J', 'xL3J', 'zL67J', 'zL31J', 'xL9J', 'zL51J', 'zL2J', 'yL9J', 'w13', 'zL8J', 'zL9J', 'zL72J', 'zL48J', 'zL78J', 'yL16J', 'yL18J', 'w7', 'zL54J', 'zL35J', 'zL14J', 'zL5J', 'w19', 'yL6J', 'zL68J', 'yL2J', 'zL43J', 'xL5J', 'zL57J', 'zL59J', 'zL73J', 'zL10J', 'w3', 'zL28J', 'zL6J', 'zL36J', 'zL18J', 'yL14J', 'yL19J', 'zL70J', 'zL65J', 'zL64J', 'yL7J', 'yL5J', 'zL71J', 'yL13J', 'w17', 'w15', 'zL77J', 'w5', 'zL46J', 'zL11J', 'xL2J', 'zL27J', 'yL17J', 'w12', 'zL24J', 'zL40J', 'zL25J', 'zL19J', 'w11'}, {'zL13J', 'zL20J', 'zL23J', 'zL38J', 'zL67J', 'yL4J', 'zL47J', 'zL36J', 'zL78J', 'zL37J', 'yL16J', 'w7', 'zL35J', 'zL5J', 'zL52J', 'yL7J', 'zL22J', 'zL74J', 'yL5J', 'w19', 'zL61J', 'zL27J', 'zL44J', 'zL33J', 'w21', 'zL57J', 'zL59J', 'zL56J', 'zL19J', 'w11', 'zL62J'})