60, 0, 9.0, 9
+-- , 0 , {3, 5, 7, 15, 87, 25, 89, 91, 27, 29, 35, 101, 111, 113, 115, 117} , {'w4', 'xL8J', 'xL4J', 'xL7J', 'zL77J', 'zL7J', 'w18', 'xL3J', 'xL9J', 'xL2J', 'xL6J', 'zL58J', 'zL12J', 'yL3J', 'xL5J', 'yL10J', 'xL1J', 'zL57J', 'zL40J', 'zL63J', 'zL69J', 'zL76J'}
| +-- , 3 , set() , {'xL8J', 'xL4J', 'xL7J', 'w15', 'yL12J', 'zL48J', 'zL50J', 'xL1J', 'zL49J', 'zL51J', 'xL6J'}
| +-- , 5 , set() , {'xL8J', 'zL17J', 'xL4J', 'xL7J', 'zL18J', 'xL5J', 'w7', 'zL19J', 'yL4J', 'zL16J', 'xL9J'}
| +-- , 7 , {9, 11} , {'xL5J', 'xL3J', 'zL24J', 'xL1J', 'zL25J', 'xL9J', 'xL6J'}
| | +-- , 9 , set() , {'yL6J', 'xL9J', 'zL24J'}
| | +-- , 11 , {13} , {'zL26J', 'zL25J', 'xL5J', 'xL3J', 'xL1J'}
| | | +-- , 13 , set() , {'zL27J', 'w9', 'zL26J', 'xL5J', 'xL1J'}
| +-- , 15 , {17} , {'yL9J', 'xL8J', 'zL36J', 'xL5J', 'xL1J', 'xL2J', 'xL6J'}
| | +-- , 17 , {19} , {'zL36J', 'xL5J', 'zL37J', 'xL1J', 'xL2J', 'xL6J'}
| | | +-- , 19 , {21} , {'zL38J', 'zL37J', 'xL6J', 'xL5J', 'xL1J'}
| | | | +-- , 21 , {23} , {'zL38J', 'zL39J', 'xL6J', 'xL1J'}
| | | | | +-- , 23 , set() , {'zL39J', 'w12', 'xL1J'}
| +-- , 87 , set() , {'zL22J', 'yL5J', 'xL4J', 'zL21J', 'xL7J', 'xL5J', 'zL20J', 'xL1J', 'w8', 'zL23J', 'xL9J'}
| +-- , 25 , set() , {'xL4J', 'w14', 'xL7J', 'zL45J', 'zL44J', 'yL11J', 'xL3J', 'xL1J', 'zL46J', 'xL6J', 'zL47J'}
| +-- , 89 , set() , {'zL10J', 'xL4J', 'xL7J', 'zL8J', 'zL9J', 'w5', 'xL3J', 'xL1J', 'xL9J', 'zL11J', 'yL2J'}
| +-- , 91 , {93} , {'xL8J', 'xL7J', 'xL5J', 'xL1J', 'w21', 'zL75J', 'xL2J'}
| | +-- , 93 , {95} , {'zL74J', 'xL8J', 'xL7J', 'xL5J', 'zL75J', 'xL2J'}
| | | +-- , 95 , {97} , {'zL74J', 'zL73J', 'xL7J', 'xL2J', 'xL5J'}
| | | | +-- , 97 , {99} , {'zL73J', 'xL7J', 'zL72J', 'xL5J'}
| | | | | +-- , 99 , set() , {'yL18J', 'zL72J', 'xL7J'}
| +-- , 27 , set() , {'xL8J', 'xL4J', 'zL66J', 'w19', 'xL7J', 'xL5J', 'xL1J', 'yL16J', 'zL67J', 'zL65J', 'zL64J'}
| +-- , 29 , {31} , {'zL57J', 'xL4J', 'zL56J', 'xL1J'}
| | +-- , 31 , set() , {'yL14J', 'xL4J', 'zL56J'}
| +-- , 35 , {37} , {'xL8J', 'xL4J', 'xL7J', 'w17', 'zL77J', 'zL7J', 'xL3J', 'xL9J', 'xL2J', 'xL6J', 'zL58J', 'zL12J', 'xL5J', 'xL1J', 'zL59J', 'zL40J', 'zL63J', 'zL69J', 'zL62J'}
| | +-- , 37 , {85, 39} , {'xL8J', 'xL4J', 'xL7J', 'zL77J', 'zL7J', 'xL3J', 'zL35J', 'xL9J', 'xL2J', 'xL6J', 'zL58J', 'zL12J', 'xL5J', 'xL1J', 'zL59J', 'zL40J', 'zL34J', 'zL69J', 'zL62J'}
| | | +-- , 85 , set() , {'w11', 'zL35J', 'xL3J'}
| | | +-- , 39 , {69, 41, 73, 49, 81, 55, 63} , {'xL8J', 'xL4J', 'xL7J', 'zL77J', 'zL7J', 'xL3J', 'xL9J', 'xL6J', 'zL58J', 'xL0J', 'zL12J', 'xL5J', 'zL33J', 'xL1J', 'zL59J', 'zL40J', 'zL34J', 'zL69J', 'zL62J'}
| | | | +-- , 69 , {71} , {'xL7J', 'xL9J', 'zL32J', 'zL33J'}
| | | | | +-- , 71 , set() , {'yL8J', 'zL32J', 'xL9J'}
| | | | +-- , 41 , {43} , {'xL8J', 'zL13J', 'xL7J', 'xL9J', 'xL0J', 'zL12J'}
| | | | | +-- , 43 , {45} , {'zL13J', 'xL7J', 'xL9J', 'zL14J', 'xL0J'}
| | | | | | +-- , 45 , {47} , {'xL9J', 'zL14J', 'xL0J', 'zL15J'}
| | | | | | | +-- , 47 , set() , {'w6', 'zL15J', 'xL9J'}
| | | | +-- , 73 , {75} , {'xL8J', 'xL5J', 'xL3J', 'zL40J', 'zL41J', 'xL0J'}
| | | | | +-- , 75 , {77} , {'xL8J', 'zL42J', 'zL41J', 'xL5J', 'xL3J'}
| | | | | | +-- , 77 , {79} , {'xL8J', 'zL42J', 'zL43J', 'xL5J'}
| | | | | | | +-- , 79 , set() , {'zL43J', 'w13', 'xL5J'}
| | | | +-- , 49 , {51} , {'xL4J', 'xL9J', 'zL77J', 'zL78J', 'xL0J'}
| | | | | +-- , 51 , {53} , {'xL0J', 'xL4J', 'zL78J', 'zL79J'}
| | | | | | +-- , 53 , set() , {'w22', 'xL4J', 'zL79J'}
| | | | +-- , 81 , {83} , {'zL68J', 'zL69J', 'xL0J', 'xL1J'}
| | | | | +-- , 83 , set() , {'zL68J', 'yL17J', 'xL0J'}
| | | | +-- , 55 , {57} , {'zL7J', 'xL5J', 'xL3J', 'xL1J', 'zL6J', 'xL0J'}
| | | | | +-- , 57 , {59} , {'xL0J', 'zL6J', 'xL5J', 'zL5J', 'xL1J'}
| | | | | | +-- , 59 , {61} , {'xL0J', 'zL4J', 'xL5J', 'zL5J'}
| | | | | | | +-- , 61 , set() , {'yL1J', 'zL4J', 'xL5J'}
| | | | +-- , 63 , {65} , {'zL61J', 'xL6J', 'xL0J', 'zL62J', 'xL1J'}
| | | | | +-- , 65 , {67} , {'zL60J', 'zL61J', 'xL6J', 'xL0J'}
| | | | | | +-- , 67 , set() , {'zL60J', 'xL6J', 'yL15J'}
| +-- , 101 , {109, 103} , {'xL4J', 'xL5J', 'xL3J', 'zL55J', 'xL9J', 'xL2J', 'zL54J'}
| | +-- , 109 , set() , {'w16', 'zL55J', 'xL5J'}
| | +-- , 103 , {105} , {'xL4J', 'zL53J', 'xL9J', 'zL54J', 'xL3J'}
| | | +-- , 105 , {107} , {'xL4J', 'zL53J', 'xL9J', 'zL52J'}
| | | | +-- , 107 , set() , {'xL4J', 'zL52J', 'yL13J'}
| +-- , 111 , set() , {'yL0J', 'w3', 'zL3J', 'xL4J', 'xL6J', 'xL1J', 'zL1J', 'xL2J', 'xL9J', 'zL2J', 'zL0J'}
| +-- , 113 , set() , {'zL76J', 'yL19J', 'xL1J'}
| +-- , 115 , set() , {'yL7J', 'w10', 'xL7J', 'zL28J', 'xL5J', 'zL29J', 'zL30J', 'xL3J', 'zL31J', 'xL9J', 'xL2J'}
| +-- , 117 , {119} , {'zL70J', 'xL4J', 'xL7J', 'xL9J', 'zL69J'}
| | +-- , 119 , {121} , {'zL70J', 'xL4J', 'zL71J', 'xL7J'}
| | | +-- , 121 , set() , {'w20', 'zL71J', 'xL7J'}


Max number of edges with non zero Y: 63
Max number of iterations of outer rounding loop: 1
Max number of candidate sets: 2
Time spent rounding: 3.547
Time spent solving Separator LP: 0.052
Total time spent solving: 7.747

LP Solver: gammaPlusFractionalCoverHeuristic
Lower Bound Witness = ({'zL39J', 'w14', 'yL15J', 'zL29J', 'zL23J', 'zL60J', 'xL0J', 'zL47J', 'w9', 'zL79J', 'zL4J', 'zL1J', 'zL69J', 'zL22J', 'zL74J', 'zL17J', 'xL7J', 'w18', 'w8', 'w22', 'zL55J', 'zL32J', 'zL26J', 'yL10J', 'zL63J', 'zL56J', 'yL8J', 'zL0J', 'zL62J', 'w4', 'yL11J', 'w6', 'zL38J', 'w20', 'yL4J', 'zL58J', 'zL3J', 'yL0J', 'zL66J', 'yL3J', 'xL1J', 'zL37J', 'zL34J', 'zL16J', 'zL52J', 'xL8J', 'xL4J', 'yL1J', 'yL12J', 'zL7J', 'zL30J', 'zL61J', 'zL75J', 'w16', 'xL6J', 'zL15J', 'zL12J', 'zL21J', 'zL45J', 'zL44J', 'zL50J', 'zL33J', 'w21', 'zL49J', 'zL42J', 'zL41J', 'zL76J', 'w10', 'zL13J', 'zL53J', 'zL20J', 'xL3J', 'zL67J', 'zL31J', 'xL9J', 'zL51J', 'zL2J', 'yL9J', 'w13', 'zL8J', 'zL9J', 'zL72J', 'zL48J', 'zL78J', 'yL16J', 'yL18J', 'w7', 'zL54J', 'zL35J', 'zL14J', 'zL5J', 'w19', 'yL6J', 'zL68J', 'yL2J', 'zL43J', 'xL5J', 'zL57J', 'zL59J', 'zL73J', 'zL10J', 'w3', 'zL28J', 'zL6J', 'zL36J', 'zL18J', 'yL14J', 'yL19J', 'zL70J', 'zL65J', 'zL64J', 'yL7J', 'yL5J', 'zL71J', 'yL13J', 'w17', 'w15', 'zL77J', 'w5', 'zL46J', 'zL11J', 'xL2J', 'zL27J', 'yL17J', 'w12', 'zL24J', 'zL40J', 'zL25J', 'zL19J', 'w11'}, {'zL9J', 'yL16J', 'zL40J', 'zL51J', 'yL2J'})