14, 0, 11.5, 12
+-- , 0 , {3, 36, 7} , {'xL9J', 'xL22J', 'xL38J', 'xL0J', 'xL13J', 'xL27J', 'xL4J', 'xL36J', 'xL6J', 'xL12J', 'xL3J', 'xL16J', 'xL29J', 'xL28J', 'xL19J', 'xL23J'}
| +-- , 3 , set() , {'xL30J', 'xL19J'}
| +-- , 36 , set() , {'xL8J', 'xL28J', 'xL9J'}
| +-- , 7 , {13} , {'xL22J', 'xL38J', 'xL0J', 'xL16J', 'xL3J', 'xL29J', 'xL28J', 'xL34J', 'xL19J', 'xL9J', 'xL7J', 'xL13J', 'xL32J', 'xL24J', 'xL37J', 'xL27J', 'xL36J', 'xL4J', 'xL6J', 'xL21J', 'xL23J'}
| | +-- , 13 , {34, 15} , {'xL22J', 'xL38J', 'xL0J', 'xL16J', 'xL3J', 'xL29J', 'xL34J', 'xL19J', 'xL9J', 'xL7J', 'xL13J', 'xL32J', 'xL24J', 'xL37J', 'xL27J', 'xL36J', 'xL4J', 'xL17J', 'xL6J', 'xL21J', 'xL23J'}
| | | +-- , 34 , set() , {'xL17J', 'xL9J', 'xL21J', 'xL2J'}
| | | +-- , 15 , {18} , {'xL22J', 'xL38J', 'xL0J', 'xL15J', 'xL16J', 'xL3J', 'xL29J', 'xL19J', 'xL13J', 'xL32J', 'xL24J', 'xL37J', 'xL27J', 'xL36J', 'xL4J', 'xL17J', 'xL31J', 'xL6J', 'xL21J', 'xL23J'}
| | | | +-- , 18 , {22} , {'xL22J', 'xL38J', 'xL0J', 'xL15J', 'xL18J', 'xL16J', 'xL3J', 'xL29J', 'xL19J', 'xL20J', 'xL33J', 'xL13J', 'xL32J', 'xL24J', 'xL37J', 'xL27J', 'xL36J', 'xL4J', 'xL17J', 'xL31J', 'xL6J', 'xL21J'}
| | | | | +-- , 22 , {24, 26} , {'xL22J', 'xL38J', 'xL0J', 'xL33J', 'xL15J', 'xL13J', 'xL32J', 'xL24J', 'xL37J', 'xL27J', 'xL18J', 'xL36J', 'xL4J', 'xL11J', 'xL17J', 'xL21J', 'xL6J', 'xL16J', 'xL3J', 'xL29J', 'xL19J'}
| | | | | | +-- , 24 , set() , {'xL4J', 'xL11J', 'xL17J', 'xL10J', 'xL33J'}
| | | | | | +-- , 26 , {28} , {'xL22J', 'xL38J', 'xL0J', 'xL19J', 'xL33J', 'xL15J', 'xL13J', 'xL32J', 'xL24J', 'xL37J', 'xL27J', 'xL18J', 'xL35J', 'xL36J', 'xL11J', 'xL17J', 'xL21J', 'xL6J', 'xL26J', 'xL16J', 'xL3J', 'xL29J', 'xL1J'}
| | | | | | | +-- , 28 , {30} , {'xL22J', 'xL19J', 'xL33J', 'xL32J', 'xL37J', 'xL18J', 'xL35J', 'xL39J', 'xL25J', 'xL17J', 'xL26J', 'xL3J', 'xL29J', 'xL1J'}
| | | | | | | | +-- , 30 , {32} , {'xL35J', 'xL39J', 'xL22J', 'xL17J', 'xL26J', 'xL3J', 'xL5J', 'xL29J', 'xL1J'}
| | | | | | | | | +-- , 32 , set() , {'xL14J', 'xL22J', 'xL26J', 'xL5J', 'xL1J'}


Max number of edges with non zero Y: 32
Max number of iterations of outer rounding loop: 12
Max number of candidate sets: 2
Time spent rounding: 122.087
Time spent solving Separator LP: 0.167

LP Solver: gammaPlusFractionalCoverHeuristic