18, 2.82700814068825, 9.5, 10
+-- , 0 , {3, 45, 14, 43, 47} , {'xL1J', 'xL14J', 'xL9J', 'xL22J', 'xL7J', 'xL19J', 'xL33J', 'xL13J', 'xL5J', 'xL15J', 'xL37J', 'xL39J', 'xL17J', 'xL6J', 'xL10J', 'xL3J', 'xL16J', 'xL29J', 'xL21J'}
| +-- , 3 , set() , {'xL30J', 'xL19J'}
| +-- , 45 , set() , {'xL17J', 'xL34J', 'xL21J'}
| +-- , 14 , {16, 41} , {'xL14J', 'xL22J', 'xL9J', 'xL19J', 'xL7J', 'xL33J', 'xL15J', 'xL5J', 'xL37J', 'xL35J', 'xL39J', 'xL17J', 'xL21J', 'xL6J', 'xL10J', 'xL16J', 'xL3J', 'xL29J', 'xL1J'}
| | +-- , 16 , {19, 39} , {'xL14J', 'xL9J', 'xL22J', 'xL19J', 'xL7J', 'xL33J', 'xL15J', 'xL37J', 'xL27J', 'xL35J', 'xL39J', 'xL17J', 'xL21J', 'xL6J', 'xL10J', 'xL3J', 'xL29J', 'xL1J', 'xL23J'}
| | | +-- , 19 , {35, 37, 23} , {'xL14J', 'xL9J', 'xL19J', 'xL7J', 'xL33J', 'xL15J', 'xL37J', 'xL27J', 'xL39J', 'xL17J', 'xL21J', 'xL6J', 'xL26J', 'xL3J', 'xL29J', 'xL28J', 'xL1J', 'xL23J'}
| | | | +-- , 35 , set() , {'xL9J', 'xL6J', 'xL0J', 'xL12J', 'xL26J', 'xL3J', 'xL15J', 'xL23J'}
| | | | +-- , 37 , set() , {'xL8J', 'xL28J', 'xL9J'}
| | | | +-- , 23 , {25, 27} , {'xL7J', 'xL19J', 'xL33J', 'xL24J', 'xL37J', 'xL27J', 'xL39J', 'xL17J', 'xL21J', 'xL26J', 'xL3J', 'xL29J', 'xL28J', 'xL1J', 'xL23J'}
| | | | | +-- , 25 , set() , {'xL27J', 'xL39J', 'xL17J', 'xL3J', 'xL32J', 'xL24J'}
| | | | | +-- , 27 , {29} , {'xL19J', 'xL7J', 'xL33J', 'xL24J', 'xL37J', 'xL27J', 'xL39J', 'xL25J', 'xL17J', 'xL21J', 'xL26J', 'xL29J', 'xL1J', 'xL23J'}
| | | | | | +-- , 29 , {31} , {'xL1J', 'xL27J', 'xL36J', 'xL25J', 'xL17J', 'xL7J', 'xL24J', 'xL29J', 'xL37J', 'xL21J', 'xL23J'}
| | | | | | | +-- , 31 , {33} , {'xL18J', 'xL36J', 'xL20J', 'xL25J', 'xL17J', 'xL37J', 'xL21J', 'xL23J'}
| | | | | | | | +-- , 33 , set() , {'xL18J', 'xL36J', 'xL31J', 'xL23J'}
| | | +-- , 39 , set() , {'xL27J', 'xL35J', 'xL11J', 'xL10J', 'xL3J'}
| | +-- , 41 , set() , {'xL35J', 'xL22J', 'xL38J', 'xL6J', 'xL37J'}
| +-- , 43 , set() , {'xL4J', 'xL9J', 'xL10J', 'xL33J', 'xL29J'}
| +-- , 47 , set() , {'xL17J', 'xL9J', 'xL21J', 'xL2J'}


Max number of edges with non zero Y: 37
Max number of iterations of outer rounding loop: 5
Max number of candidate sets: 2
Time spent rounding: 62.614
Time spent solving Separator LP: 1.711

LP Solver: GaifmanBoosted