13, 0, 6.0, 6
+-- , 0 , {11, 3} , {'xL5J', 'xL7J', 'xL9J', 'xL4J', 'xL15J', 'xL8J', 'xL19J', 'xL23J', 'xL20J', 'xL6J', 'xL2J', 'xL17J'}
| +-- , 11 , {17, 13} , {'xL5J', 'xL7J', 'xL9J', 'xL4J', 'xL15J', 'xL8J', 'xL19J', 'xL23J', 'xL21J', 'xL20J', 'xL6J', 'xL17J'}
| | +-- , 17 , {19} , {'xL5J', 'xL7J', 'xL4J', 'xL15J', 'xL14J', 'xL8J', 'xL19J', 'xL21J', 'xL20J', 'xL6J', 'xL17J'}
| | | +-- , 19 , {25, 21} , {'xL21J', 'xL5J', 'xL7J', 'xL24J', 'xL4J', 'xL15J', 'xL14J', 'xL8J', 'xL17J', 'xL19J'}
| | | | +-- , 25 , set() , {'xL21J', 'xL24J', 'xL11J', 'xL15J', 'xL14J', 'xL17J', 'xL16J', 'xL19J'}
| | | | +-- , 21 , {23} , {'xL5J', 'xL24J', 'xL7J', 'xL4J', 'xL14J', 'xL12J', 'xL8J', 'xL17J'}
| | | | | +-- , 23 , set() , {'xL5J', 'xL24J', 'xL14J', 'xL12J', 'xL8J', 'xL0J'}
| | +-- , 13 , {15} , {'xL21J', 'xL5J', 'xL20J', 'xL7J', 'xL6J', 'xL9J', 'xL4J', 'xL15J', 'xL19J', 'xL18J'}
| | | +-- , 15 , set() , {'xL21J', 'xL5J', 'xL10J', 'xL7J', 'xL18J'}
| +-- , 3 , {5, 7} , {'xL23J', 'xL5J', 'xL7J', 'xL9J', 'xL20J', 'xL6J', 'xL15J', 'xL17J', 'xL8J', 'xL2J', 'xL3J', 'xL19J'}
| | +-- , 5 , set() , {'xL6J', 'xL20J', 'xL9J', 'xL15J', 'xL1J', 'xL17J', 'xL2J', 'xL3J'}
| | +-- , 7 , {9} , {'xL5J', 'xL7J', 'xL13J', 'xL3J', 'xL8J', 'xL17J', 'xL19J'}
| | | +-- , 9 , set() , {'xL5J', 'xL13J', 'xL22J', 'xL3J', 'xL19J'}


Max number of edges with non zero Y: 24
Max number of iterations of outer rounding loop: 3
Max number of candidate sets: 2
Time spent rounding: 7.584
Time spent solving Separator LP: 0.046

LP Solver: gammaPlusFractionalCoverHeuristic