13, 4.5, 6.0, 6
+-- , 0 , {5, 25, 29} , {'xL21J', 'xL5J', 'xL7J', 'xL24J', 'xL10J', 'xL4J', 'xL11J', 'xL14J', 'xL8J', 'xL17J'}
| +-- , 5 , {8} , {'xL5J', 'xL7J', 'xL13J', 'xL4J', 'xL11J', 'xL14J', 'xL8J', 'xL21J', 'xL10J', 'xL17J', 'xL18J'}
| | +-- , 8 , {10} , {'xL5J', 'xL7J', 'xL13J', 'xL4J', 'xL11J', 'xL14J', 'xL8J', 'xL21J', 'xL20J', 'xL17J', 'xL18J'}
| | | +-- , 10 , {12} , {'xL5J', 'xL7J', 'xL13J', 'xL4J', 'xL22J', 'xL11J', 'xL14J', 'xL19J', 'xL21J', 'xL20J', 'xL17J', 'xL18J'}
| | | | +-- , 12 , {14} , {'xL7J', 'xL22J', 'xL11J', 'xL14J', 'xL3J', 'xL19J', 'xL21J', 'xL20J', 'xL17J', 'xL18J'}
| | | | | +-- , 14 , {17} , {'xL7J', 'xL11J', 'xL14J', 'xL3J', 'xL19J', 'xL23J', 'xL21J', 'xL20J', 'xL6J', 'xL17J', 'xL18J'}
| | | | | | +-- , 17 , {19, 21, 23} , {'xL23J', 'xL6J', 'xL20J', 'xL7J', 'xL11J', 'xL1J', 'xL14J', 'xL17J', 'xL3J', 'xL19J', 'xL18J'}
| | | | | | | +-- , 19 , set() , {'xL23J', 'xL6J', 'xL7J', 'xL1J', 'xL2J', 'xL19J'}
| | | | | | | +-- , 21 , set() , {'xL1J', 'xL9J', 'xL7J', 'xL18J'}
| | | | | | | +-- , 23 , set() , {'xL6J', 'xL11J', 'xL15J', 'xL1J', 'xL14J', 'xL18J'}
| +-- , 25 , {27} , {'xL5J', 'xL24J', 'xL7J', 'xL4J', 'xL14J', 'xL12J', 'xL8J', 'xL17J'}
| | +-- , 27 , set() , {'xL5J', 'xL24J', 'xL14J', 'xL12J', 'xL8J', 'xL0J'}
| +-- , 29 , set() , {'xL17J', 'xL16J', 'xL11J', 'xL24J'}


Max number of edges with non zero Y: 7
Max number of iterations of outer rounding loop: 0
Max number of candidate sets: 0
Time spent rounding: 0.000
Time spent solving Separator LP: 3.137

LP Solver: GaifmanNormalILP