46, 1.0714281428571428, 3.0, 3
+-- , 0 , {56, 3} , {'xL13JL8J', 'xL11JL8J', 'xL12JL8J', 'xL2JL2J'}
| +-- , 56 , {58} , {'xL5JL2J', 'xL11JL8J', 'xL4JL2J', 'xL7JL2J', 'xL6JL2J', 'xL2JL2J', 'xL3JL2J'}
| | +-- , 58 , {60} , {'xL5JL2J', 'xL11JL8J', 'xL4JL2J', 'xL7JL2J', 'xL6JL2J', 'xL3JL2J', 'xL11JL6J', 'xL11JL7J'}
| | | +-- , 60 , {62, 87} , {'xL5JL2J', 'xL4JL2J', 'xL7JL2J', 'xL6JL4J', 'xL6JL2J', 'xL11JL6J', 'xL3JL2J', 'xL11JL7J'}
| | | | +-- , 62 , {64} , {'xL6JL4J', 'xL7JL4J', 'xL11JL6J', 'xL9JL4J', 'xL8JL4J', 'xL11JL7J'}
| | | | | +-- , 64 , {67} , {'xL7JL4J', 'xL8JL6J', 'xL9JL4J', 'xL13JL6J', 'xL10JL6J', 'xL9JL6J', 'xL11JL6J', 'xL8JL4J', 'xL12JL6J', 'xL11JL7J'}
| | | | | | +-- , 67 , {69} , {'xL7JL4J', 'xL8JL6J', 'xL9JL4J', 'xL13JL6J', 'xL10JL7J', 'xL10JL6J', 'xL9JL6J', 'xL8JL4J', 'xL12JL6J', 'xL11JL7J'}
| | | | | | | +-- , 69 , {71} , {'xL10JL7J', 'xL10JL5J', 'xL7JL4J', 'xL10JL6J', 'xL8JL6J', 'xL9JL6J', 'xL9JL4J', 'xL8JL4J', 'xL12JL6J', 'xL13JL6J'}
| | | | | | | | +-- , 71 , {73} , {'xL10JL5J', 'xL12JL6J', 'xL8JL5J', 'xL7JL4J', 'xL8JL6J', 'xL9JL4J', 'xL13JL6J', 'xL9JL6J', 'xL8JL4J', 'xL9JL5J', 'xL7JL5J'}
| | | | | | | | | +-- , 73 , {75} , {'xL9JL5J', 'xL8JL3J', 'xL8JL5J', 'xL8JL6J', 'xL9JL2J', 'xL9JL6J', 'xL9JL3J', 'xL9JL4J', 'xL8JL4J', 'xL12JL6J', 'xL13JL6J'}
| | | | | | | | | | +-- , 75 , {77} , {'xL12JL2J', 'xL11JL2J', 'xL10JL2J', 'xL9JL2J', 'xL13JL2J', 'xL12JL6J', 'xL13JL6J'}
| | | | | | | | | | | +-- , 77 , {85, 79} , {'xL12JL2J', 'xL11JL2J', 'xL10JL2J', 'xL12JL4J', 'xL13JL2J', 'xL12JL3J', 'xL12JL6J', 'xL13JL6J'}
| | | | | | | | | | | | +-- , 85 , set() , {'xL12JL2J', 'xL13JL5J', 'xL12JL4J', 'xL12JL5J', 'xL12JL3J', 'xL12JL6J', 'xL13JL6J'}
| | | | | | | | | | | | +-- , 79 , {81, 83} , {'xL11JL2J', 'xL10JL2J', 'xL12JL4J', 'xL11JL3J', 'xL13JL2J', 'xL12JL3J'}
| | | | | | | | | | | | | +-- , 81 , set() , {'xL11JL2J', 'xL10JL1J', 'xL10JL2J', 'xL12JL4J', 'xL11JL3J', 'xL11JL4J', 'xL11JL1J'}
| | | | | | | | | | | | | +-- , 83 , set() , {'xL12JL3J', 'xL11JL3J', 'xL13JL3J', 'xL13JL2J'}
| | | | +-- , 87 , {89, 93} , {'xL5JL2J', 'xL4JL2J', 'xL7JL2J', 'xL6JL4J', 'xL6JL2J', 'xL6JL3J', 'xL3JL2J', 'xL6JL1J'}
| | | | | +-- , 89 , {91} , {'xL5JL3J', 'xL5JL2J', 'xL4JL2J', 'xL6JL3J', 'xL4JL3J', 'xL3JL2J'}
| | | | | | +-- , 91 , set() , {'xL3JL1J', 'xL4JL2J', 'xL4JL1J', 'xL4JL3J', 'xL3JL2J'}
| | | | | +-- , 93 , set() , {'xL6JL1J', 'xL7JL1J', 'xL7JL2J'}
| +-- , 3 , {5} , {'xL2JL3J', 'xL2JL4J', 'xL12JL8J', 'xL2JL2J', 'xL13JL8J'}
| | +-- , 5 , {50, 7} , {'xL2JL3J', 'xL3JL5J', 'xL2JL4J', 'xL3JL6J', 'xL12JL8J', 'xL13JL8J'}
| | | +-- , 50 , {52} , {'xL2JL3J', 'xL3JL5J', 'xL2JL4J', 'xL3JL6J', 'xL3JL4J'}
| | | | +-- , 52 , {54} , {'xL2JL4J', 'xL2JL3J', 'xL1JL4J', 'xL3JL4J'}
| | | | | +-- , 54 , set() , {'xL1JL3J', 'xL2JL3J', 'xL1JL4J'}
| | | +-- , 7 , {9, 36} , {'xL13JL8J', 'xL3JL5J', 'xL12JL8J', 'xL3JL6J', 'xL8JL8J'}
| | | | +-- , 9 , {11} , {'xL7JL8J', 'xL5JL8J', 'xL3JL5J', 'xL3JL6J', 'xL8JL8J', 'xL6JL8J'}
| | | | | +-- , 11 , {14} , {'xL1JL6J', 'xL5JL8J', 'xL3JL6J', 'xL2JL6J', 'xL7JL8J', 'xL3JL5J', 'xL5JL6J', 'xL6JL6J', 'xL4JL6J', 'xL6JL8J'}
| | | | | | +-- , 14 , {16} , {'xL1JL6J', 'xL5JL8J', 'xL2JL6J', 'xL4JL5J', 'xL7JL8J', 'xL3JL5J', 'xL5JL6J', 'xL6JL6J', 'xL4JL6J', 'xL6JL8J'}
| | | | | | | +-- , 16 , {18} , {'xL7JL8J', 'xL1JL6J', 'xL5JL8J', 'xL5JL6J', 'xL6JL6J', 'xL4JL6J', 'xL2JL6J', 'xL4JL7J', 'xL6JL8J', 'xL4JL5J'}
| | | | | | | | +-- , 18 , {20} , {'xL1JL6J', 'xL5JL8J', 'xL2JL6J', 'xL4JL7J', 'xL7JL8J', 'xL5JL6J', 'xL6JL6J', 'xL7JL7J', 'xL5JL7J', 'xL6JL7J', 'xL6JL8J'}
| | | | | | | | | +-- , 20 , {22} , {'xL1JL6J', 'xL5JL8J', 'xL5JL6J', 'xL6JL6J', 'xL5JL7J', 'xL5JL10J', 'xL6JL7J', 'xL6JL9J', 'xL2JL6J', 'xL5JL9J', 'xL6JL8J'}
| | | | | | | | | | +-- , 22 , {24} , {'xL1JL6J', 'xL2JL10J', 'xL5JL10J', 'xL3JL10J', 'xL2JL6J', 'xL1JL10J', 'xL4JL10J'}
| | | | | | | | | | | +-- , 24 , {26, 34} , {'xL1JL6J', 'xL2JL9J', 'xL2JL10J', 'xL3JL10J', 'xL2JL8J', 'xL2JL6J', 'xL1JL10J', 'xL4JL10J'}
| | | | | | | | | | | | +-- , 26 , {32, 28} , {'xL3JL9J', 'xL2JL9J', 'xL3JL10J', 'xL2JL8J', 'xL4JL10J', 'xL1JL10J'}
| | | | | | | | | | | | | +-- , 32 , set() , {'xL2JL9J', 'xL1JL10J', 'xL3JL9J', 'xL1JL9J'}
| | | | | | | | | | | | | +-- , 28 , {30} , {'xL3JL9J', 'xL3JL10J', 'xL2JL8J', 'xL4JL10J', 'xL3JL11J', 'xL3JL8J'}
| | | | | | | | | | | | | | +-- , 30 , set() , {'xL4JL10J', 'xL3JL11J', 'xL4JL11J'}
| | | | | | | | | | | | +-- , 34 , set() , {'xL1JL6J', 'xL2JL9J', 'xL2JL10J', 'xL1JL7J', 'xL2JL8J', 'xL2JL6J', 'xL2JL7J'}
| | | | +-- , 36 , {38} , {'xL12JL8J', 'xL8JL11J', 'xL8JL8J', 'xL8JL9J', 'xL13JL8J', 'xL8JL10J'}
| | | | | +-- , 38 , {40} , {'xL12JL8J', 'xL8JL11J', 'xL8JL9J', 'xL13JL8J', 'xL13JL9J', 'xL8JL10J'}
| | | | | | +-- , 40 , {42} , {'xL12JL8J', 'xL8JL11J', 'xL12JL9J', 'xL8JL9J', 'xL12JL10J', 'xL13JL9J', 'xL8JL10J'}
| | | | | | | +-- , 42 , {48, 44} , {'xL11JL10J', 'xL8JL11J', 'xL8JL9J', 'xL12JL10J', 'xL7JL10J', 'xL10JL10J', 'xL9JL10J', 'xL8JL10J'}
| | | | | | | | +-- , 48 , set() , {'xL7JL10J', 'xL7JL11J', 'xL8JL11J'}
| | | | | | | | +-- , 44 , {46} , {'xL11JL10J', 'xL9JL9J', 'xL8JL9J', 'xL10JL10J', 'xL9JL10J', 'xL10JL9J'}
| | | | | | | | | +-- , 46 , set() , {'xL11JL10J', 'xL10JL11J', 'xL10JL10J', 'xL10JL9J', 'xL11JL11J'}


Max number of edges with non zero Y: 8
Max number of iterations of outer rounding loop: 4
Max number of candidate sets: 2
Time spent rounding: 18.261
Time spent solving Separator LP: 0.974
Total time spent solving: 24.896

LP Solver: GaifmanNormal
Lower Bound Witness = ({'xL6JL4J', 'xL8JL8J', 'xL7JL1J', 'xL10JL9J', 'xL12JL3J', 'xL1JL10J', 'xL7JL8J', 'xL11JL8J', 'xL3JL5J', 'xL5JL6J', 'xL6JL8J', 'xL7JL11J', 'xL11JL10J', 'xL2JL6J', 'xL13JL6J', 'xL4JL5J', 'xL2JL3J', 'xL8JL4J', 'xL1JL3J', 'xL12JL2J', 'xL10JL5J', 'xL7JL2J', 'xL4JL1J', 'xL8JL3J', 'xL2JL2J', 'xL13JL5J', 'xL8JL6J', 'xL6JL3J', 'xL4JL10J', 'xL2JL7J', 'xL10JL7J', 'xL10JL6J', 'xL13JL9J', 'xL11JL6J', 'xL4JL6J', 'xL12JL6J', 'xL13JL3J', 'xL1JL6J', 'xL5JL2J', 'xL6JL2J', 'xL10JL2J', 'xL7JL4J', 'xL5JL3J', 'xL13JL2J', 'xL3JL10J', 'xL3JL2J', 'xL11JL11J', 'xL9JL5J', 'xL11JL7J', 'xL12JL5J', 'xL3JL4J', 'xL5JL8J', 'xL3JL6J', 'xL2JL9J', 'xL10JL1J', 'xL6JL9J', 'xL4JL7J', 'xL3JL9J', 'xL2JL4J', 'xL4JL2J', 'xL1JL4J', 'xL10JL11J', 'xL6JL7J', 'xL3JL1J', 'xL11JL2J', 'xL12JL10J', 'xL5JL10J', 'xL9JL3J', 'xL9JL4J', 'xL6JL1J', 'xL11JL1J', 'xL12JL4J', 'xL9JL2J', 'xL11JL4J', 'xL9JL10J', 'xL4JL11J', 'xL7JL5J', 'xL3JL11J', 'xL1JL7J', 'xL13JL8J', 'xL8JL10J', 'xL5JL9J', 'xL6JL6J', 'xL7JL7J', 'xL12JL8J', 'xL3JL8J', 'xL11JL3J', 'xL10JL10J', 'xL2JL8J', 'xL9JL6J', 'xL8JL11J', 'xL9JL9J', 'xL8JL9J', 'xL8JL5J', 'xL1JL9J', 'xL7JL10J', 'xL12JL9J', 'xL2JL10J', 'xL5JL7J', 'xL4JL3J'}, {'xL5JL6J', 'xL10JL2J', 'xL13JL5J', 'xL9JL3J', 'xL3JL2J'})