8, 2.350883795301649, 5.358823529411765, 8
+-- , 0 , {16} , {'xL25J', 'xL19J', 'xL8J', 'xL37J', 'xL0J', 'xL26J', 'xL39J', 'xL24J', 'xL28J', 'xL29J', 'xL14J', 'xL20J', 'xL17J', 'xL11J', 'xL4J', 'xL18J', 'xL12J', 'xL13J', 'xL16J', 'xL32J', 'xL27J', 'xL6J', 'xL35J', 'xL22J', 'xL3J', 'xL38J', 'xL36J', 'xL7J', 'xL9J', 'xL33J', 'xL23J'}
| +-- , 16 , {18} , {'xL25J', 'xL19J', 'xL1J', 'xL8J', 'xL0J', 'xL26J', 'xL39J', 'xL24J', 'xL28J', 'xL29J', 'xL14J', 'xL20J', 'xL17J', 'xL11J', 'xL4J', 'xL18J', 'xL12J', 'xL13J', 'xL16J', 'xL32J', 'xL27J', 'xL6J', 'xL35J', 'xL22J', 'xL3J', 'xL38J', 'xL36J', 'xL7J', 'xL9J', 'xL33J', 'xL23J'}
| | +-- , 18 , {22, 30} , {'xL25J', 'xL19J', 'xL1J', 'xL8J', 'xL0J', 'xL26J', 'xL39J', 'xL24J', 'xL28J', 'xL29J', 'xL14J', 'xL30J', 'xL20J', 'xL17J', 'xL11J', 'xL4J', 'xL18J', 'xL12J', 'xL13J', 'xL16J', 'xL32J', 'xL27J', 'xL6J', 'xL31J', 'xL35J', 'xL22J', 'xL5J', 'xL3J', 'xL36J', 'xL7J', 'xL9J', 'xL33J', 'xL23J'}
| | | +-- , 22 , {24} , {'xL25J', 'xL19J', 'xL1J', 'xL8J', 'xL26J', 'xL24J', 'xL28J', 'xL29J', 'xL14J', 'xL30J', 'xL20J', 'xL17J', 'xL11J', 'xL4J', 'xL18J', 'xL12J', 'xL13J', 'xL16J', 'xL32J', 'xL27J', 'xL6J', 'xL31J', 'xL35J', 'xL22J', 'xL5J', 'xL3J', 'xL36J', 'xL7J', 'xL9J', 'xL33J', 'xL15J', 'xL23J'}
| | | | +-- , 24 , {26, 28} , {'xL25J', 'xL19J', 'xL1J', 'xL26J', 'xL24J', 'xL28J', 'xL29J', 'xL14J', 'xL30J', 'xL20J', 'xL17J', 'xL11J', 'xL4J', 'xL18J', 'xL12J', 'xL13J', 'xL16J', 'xL32J', 'xL27J', 'xL6J', 'xL21J', 'xL31J', 'xL35J', 'xL5J', 'xL3J', 'xL36J', 'xL7J', 'xL9J', 'xL33J', 'xL15J', 'xL23J'}
| | | | | +-- , 26 , set() , {'xL25J', 'xL19J', 'xL26J', 'xL34J', 'xL29J', 'xL14J', 'xL30J', 'xL20J', 'xL11J', 'xL4J', 'xL18J', 'xL12J', 'xL16J', 'xL32J', 'xL6J', 'xL21J', 'xL31J', 'xL35J', 'xL5J', 'xL36J', 'xL7J', 'xL9J', 'xL33J'}
| | | | | +-- , 28 , set() , {'xL13J', 'xL5J', 'xL2J', 'xL3J', 'xL4J', 'xL11J', 'xL32J', 'xL36J', 'xL15J', 'xL18J', 'xL21J', 'xL29J', 'xL14J'}
| | | +-- , 30 , set() , {'xL10J', 'xL13J', 'xL25J', 'xL17J', 'xL5J', 'xL22J', 'xL3J', 'xL8J', 'xL36J', 'xL7J', 'xL27J', 'xL18J', 'xL6J', 'xL33J', 'xL39J', 'xL31J'}


Max number of edges with non zero Y: 31
Max number of iterations of outer rounding loop: 7
Max number of candidate sets: 2
Time spent rounding: 62.777
Time spent solving Separator LP: 19.734

LP Solver: GaifmanNormal8, 2.3610375883425063, 5.427292010370021, 7
+-- , 0 , {10} , {'xL8J', 'xL38J', 'xL2J', 'xL29J', 'xL6J', 'xL32J', 'xL30J', 'xL3J', 'xL26J', 'xL13J', 'xL5J', 'xL1J', 'xL34J', 'xL14J', 'xL15J', 'xL21J', 'xL16J', 'xL17J', 'xL4J', 'xL11J', 'xL36J', 'xL31J', 'xL18J'}
| +-- , 10 , {15} , {'xL8J', 'xL38J', 'xL22J', 'xL23J', 'xL29J', 'xL6J', 'xL25J', 'xL32J', 'xL30J', 'xL3J', 'xL26J', 'xL13J', 'xL5J', 'xL1J', 'xL12J', 'xL34J', 'xL14J', 'xL15J', 'xL21J', 'xL16J', 'xL17J', 'xL11J', 'xL4J', 'xL36J', 'xL31J', 'xL18J'}
| | +-- , 15 , {24, 32} , {'xL8J', 'xL38J', 'xL22J', 'xL23J', 'xL7J', 'xL29J', 'xL25J', 'xL6J', 'xL32J', 'xL30J', 'xL3J', 'xL26J', 'xL9J', 'xL13J', 'xL5J', 'xL1J', 'xL12J', 'xL27J', 'xL34J', 'xL19J', 'xL14J', 'xL28J', 'xL21J', 'xL16J', 'xL33J', 'xL17J', 'xL11J', 'xL4J', 'xL24J', 'xL36J', 'xL39J', 'xL31J', 'xL18J'}
| | | +-- , 24 , {26} , {'xL8J', 'xL38J', 'xL22J', 'xL23J', 'xL7J', 'xL29J', 'xL25J', 'xL6J', 'xL32J', 'xL30J', 'xL26J', 'xL9J', 'xL13J', 'xL37J', 'xL5J', 'xL1J', 'xL12J', 'xL27J', 'xL34J', 'xL19J', 'xL14J', 'xL28J', 'xL21J', 'xL16J', 'xL33J', 'xL17J', 'xL11J', 'xL39J', 'xL24J', 'xL36J', 'xL4J', 'xL31J', 'xL18J'}
| | | | +-- , 26 , {28} , {'xL8J', 'xL38J', 'xL22J', 'xL23J', 'xL7J', 'xL29J', 'xL20J', 'xL25J', 'xL32J', 'xL30J', 'xL26J', 'xL9J', 'xL13J', 'xL37J', 'xL5J', 'xL1J', 'xL12J', 'xL27J', 'xL34J', 'xL19J', 'xL14J', 'xL28J', 'xL21J', 'xL16J', 'xL33J', 'xL17J', 'xL11J', 'xL39J', 'xL24J', 'xL36J', 'xL4J', 'xL31J', 'xL18J'}
| | | | | +-- , 28 , {30} , {'xL8J', 'xL23J', 'xL7J', 'xL29J', 'xL20J', 'xL25J', 'xL0J', 'xL32J', 'xL30J', 'xL26J', 'xL9J', 'xL13J', 'xL37J', 'xL5J', 'xL12J', 'xL27J', 'xL34J', 'xL19J', 'xL14J', 'xL28J', 'xL21J', 'xL16J', 'xL33J', 'xL4J', 'xL11J', 'xL39J', 'xL24J', 'xL36J', 'xL31J', 'xL18J'}
| | | | | | +-- , 30 , set() , {'xL23J', 'xL7J', 'xL29J', 'xL20J', 'xL25J', 'xL0J', 'xL32J', 'xL26J', 'xL13J', 'xL37J', 'xL5J', 'xL12J', 'xL27J', 'xL34J', 'xL19J', 'xL14J', 'xL35J', 'xL28J', 'xL21J', 'xL16J', 'xL33J', 'xL4J', 'xL11J', 'xL36J'}
| | | +-- , 32 , set() , {'xL17J', 'xL8J', 'xL39J', 'xL33J', 'xL36J', 'xL22J', 'xL3J', 'xL25J', 'xL7J', 'xL31J', 'xL13J', 'xL10J', 'xL5J', 'xL6J', 'xL18J', 'xL27J'}


Max number of edges with non zero Y: 29
Max number of iterations of outer rounding loop: 7
Max number of candidate sets: 2
Time spent rounding: 110.036
Time spent solving Separator LP: 34.565

LP Solver: GaifmanNormal