8, 2.310927941281122, 5.327303584733836, 8
+-- , 0 , {20} , {'xL12J', 'xL34J', 'xL32J', 'xL11J', 'xL29J', 'xL19J', 'xL8J', 'xL22J', 'xL25J', 'xL35J', 'xL21J', 'xL9J', 'xL28J', 'xL6J', 'xL5J', 'xL30J', 'xL24J', 'xL31J', 'xL36J', 'xL1J', 'xL20J', 'xL26J', 'xL15J', 'xL33J', 'xL13J', 'xL17J', 'xL4J', 'xL23J', 'xL7J', 'xL16J', 'xL18J', 'xL14J', 'xL27J'}
| +-- , 20 , {22, 24, 30} , {'xL12J', 'xL32J', 'xL11J', 'xL29J', 'xL19J', 'xL8J', 'xL22J', 'xL25J', 'xL35J', 'xL9J', 'xL21J', 'xL28J', 'xL6J', 'xL5J', 'xL30J', 'xL24J', 'xL31J', 'xL36J', 'xL20J', 'xL1J', 'xL26J', 'xL33J', 'xL15J', 'xL13J', 'xL17J', 'xL4J', 'xL39J', 'xL23J', 'xL7J', 'xL16J', 'xL18J', 'xL14J', 'xL27J'}
| | +-- , 22 , set() , {'xL12J', 'xL11J', 'xL29J', 'xL8J', 'xL25J', 'xL35J', 'xL9J', 'xL16J', 'xL30J', 'xL24J', 'xL31J', 'xL20J', 'xL26J', 'xL13J', 'xL39J', 'xL23J', 'xL7J', 'xL32J', 'xL18J', 'xL0J', 'xL14J', 'xL27J'}
| | +-- , 24 , {26, 28} , {'xL12J', 'xL11J', 'xL29J', 'xL8J', 'xL22J', 'xL25J', 'xL21J', 'xL16J', 'xL6J', 'xL5J', 'xL3J', 'xL24J', 'xL31J', 'xL36J', 'xL1J', 'xL26J', 'xL33J', 'xL15J', 'xL13J', 'xL17J', 'xL4J', 'xL39J', 'xL18J', 'xL7J', 'xL32J', 'xL14J', 'xL27J'}
| | | +-- , 26 , set() , {'xL33J', 'xL13J', 'xL8J', 'xL17J', 'xL6J', 'xL5J', 'xL3J', 'xL22J', 'xL39J', 'xL10J', 'xL18J', 'xL7J', 'xL31J', 'xL25J', 'xL36J', 'xL27J'}
| | | +-- , 28 , set() , {'xL15J', 'xL2J', 'xL13J', 'xL11J', 'xL29J', 'xL5J', 'xL4J', 'xL3J', 'xL14J', 'xL18J', 'xL32J', 'xL36J', 'xL21J'}
| | +-- , 30 , {32} , {'xL12J', 'xL29J', 'xL19J', 'xL37J', 'xL8J', 'xL22J', 'xL35J', 'xL9J', 'xL16J', 'xL28J', 'xL6J', 'xL36J', 'xL20J', 'xL1J', 'xL33J', 'xL13J', 'xL17J', 'xL4J', 'xL39J', 'xL23J', 'xL7J', 'xL32J', 'xL18J', 'xL14J', 'xL27J'}
| | | +-- , 32 , set() , {'xL19J', 'xL37J', 'xL12J', 'xL13J', 'xL8J', 'xL28J', 'xL17J', 'xL6J', 'xL36J', 'xL29J', 'xL32J', 'xL22J', 'xL18J', 'xL16J', 'xL20J', 'xL1J', 'xL9J', 'xL38J'}


Max number of edges with non zero Y: 30
Max number of iterations of outer rounding loop: 7
Max number of candidate sets: 2
Time spent rounding: 72.635
Time spent solving Separator LP: 18.876

LP Solver: GaifmanNormal8, 2.293117091709865, 5.249867934495509, 8
+-- , 0 , {29, 14} , {'xL6J', 'xL36J', 'xL18J', 'xL29J', 'xL31J', 'xL33J', 'xL21J', 'xL32J', 'xL3J', 'xL39J', 'xL15J', 'xL25J', 'xL35J', 'xL14J', 'xL12J', 'xL23J', 'xL16J', 'xL24J', 'xL28J', 'xL4J', 'xL22J', 'xL5J', 'xL10J', 'xL13J', 'xL11J', 'xL8J', 'xL17J', 'xL27J', 'xL1J', 'xL7J'}
| +-- , 29 , set() , {'xL4J', 'xL36J', 'xL18J', 'xL15J', 'xL2J', 'xL5J', 'xL29J', 'xL11J', 'xL14J', 'xL21J', 'xL32J', 'xL3J', 'xL13J'}
| +-- , 14 , {17} , {'xL6J', 'xL36J', 'xL18J', 'xL26J', 'xL29J', 'xL31J', 'xL33J', 'xL21J', 'xL37J', 'xL32J', 'xL3J', 'xL39J', 'xL15J', 'xL25J', 'xL35J', 'xL14J', 'xL12J', 'xL23J', 'xL16J', 'xL24J', 'xL4J', 'xL28J', 'xL22J', 'xL5J', 'xL13J', 'xL11J', 'xL8J', 'xL17J', 'xL27J', 'xL1J', 'xL7J'}
| | +-- , 17 , {27, 21} , {'xL6J', 'xL36J', 'xL18J', 'xL26J', 'xL29J', 'xL31J', 'xL33J', 'xL21J', 'xL37J', 'xL32J', 'xL39J', 'xL15J', 'xL25J', 'xL35J', 'xL9J', 'xL14J', 'xL12J', 'xL23J', 'xL16J', 'xL24J', 'xL4J', 'xL28J', 'xL22J', 'xL5J', 'xL13J', 'xL19J', 'xL20J', 'xL11J', 'xL8J', 'xL17J', 'xL27J', 'xL1J', 'xL7J'}
| | | +-- , 27 , set() , {'xL6J', 'xL36J', 'xL28J', 'xL18J', 'xL22J', 'xL20J', 'xL38J', 'xL29J', 'xL9J', 'xL17J', 'xL8J', 'xL1J', 'xL37J', 'xL12J', 'xL32J', 'xL13J', 'xL16J', 'xL19J'}
| | | +-- , 21 , {23} , {'xL6J', 'xL36J', 'xL18J', 'xL26J', 'xL29J', 'xL31J', 'xL33J', 'xL21J', 'xL32J', 'xL39J', 'xL15J', 'xL25J', 'xL35J', 'xL9J', 'xL14J', 'xL12J', 'xL23J', 'xL16J', 'xL24J', 'xL4J', 'xL28J', 'xL22J', 'xL5J', 'xL13J', 'xL19J', 'xL20J', 'xL11J', 'xL8J', 'xL27J', 'xL1J', 'xL7J', 'xL0J'}
| | | | +-- , 23 , {25} , {'xL6J', 'xL36J', 'xL18J', 'xL26J', 'xL29J', 'xL31J', 'xL33J', 'xL21J', 'xL32J', 'xL39J', 'xL15J', 'xL25J', 'xL35J', 'xL9J', 'xL14J', 'xL12J', 'xL16J', 'xL4J', 'xL28J', 'xL22J', 'xL5J', 'xL19J', 'xL20J', 'xL11J', 'xL30J', 'xL27J', 'xL1J', 'xL7J', 'xL0J'}
| | | | | +-- , 25 , set() , {'xL6J', 'xL36J', 'xL18J', 'xL26J', 'xL29J', 'xL31J', 'xL34J', 'xL33J', 'xL21J', 'xL32J', 'xL25J', 'xL35J', 'xL9J', 'xL14J', 'xL12J', 'xL16J', 'xL4J', 'xL5J', 'xL19J', 'xL20J', 'xL11J', 'xL30J', 'xL7J'}


Max number of edges with non zero Y: 34
Max number of iterations of outer rounding loop: 8
Max number of candidate sets: 2
Time spent rounding: 99.747
Time spent solving Separator LP: 29.434

LP Solver: GaifmanNormal