18, 1.3095232380952384, 5.0, 5
+-- , 0 , {33, 3, 37, 41} , {'xL4J', 'yL36J', 'xL7J', 'xL6J'}
| +-- , 33 , {35} , {'yL42J', 'xL7J'}
| | +-- , 35 , set() , {'yL42J', 'yL43J', 'yL47J', 'yL45J', 'yL46J', 'yL44J'}
| +-- , 3 , {6} , {'yL30J', 'yL33J', 'yL32J', 'yL35J', 'xL7J', 'yL34J', 'xL4J', 'yL31J', 'xL6J'}
| | +-- , 6 , {8} , {'yL30J', 'xL7J', 'xL5J', 'xL4J', 'xL6J'}
| | | +-- , 8 , {11} , {'yL3J', 'xL7J', 'yL2J', 'yL5J', 'yL1J', 'xL5J', 'xL4J', 'yL0J', 'xL6J', 'yL4J'}
| | | | +-- , 11 , {13} , {'xL7J', 'xL5J', 'xL4J', 'yL0J', 'xL0J', 'xL6J'}
| | | | | +-- , 13 , {16} , {'yL48J', 'yL49J', 'yL52J', 'yL53J', 'xL7J', 'yL51J', 'xL5J', 'xL4J', 'yL50J', 'xL0J', 'xL6J'}
| | | | | | +-- , 16 , {18} , {'yL48J', 'xL7J', 'xL8J', 'xL5J', 'xL4J', 'xL0J', 'xL6J'}
| | | | | | | +-- , 18 , {21} , {'xL7J', 'xL5J', 'xL0J', 'yL6J', 'yL11J', 'yL10J', 'yL8J', 'yL7J', 'xL8J', 'xL4J', 'yL9J', 'xL6J'}
| | | | | | | | +-- , 21 , {23} , {'xL1J', 'xL7J', 'xL8J', 'xL5J', 'xL4J', 'xL0J', 'yL6J', 'xL6J'}
| | | | | | | | | +-- , 23 , {26} , {'yL22J', 'yL19J', 'xL7J', 'xL5J', 'yL23J', 'xL0J', 'xL1J', 'yL21J', 'yL18J', 'xL8J', 'xL4J', 'yL20J', 'xL6J'}
| | | | | | | | | | +-- , 26 , {28} , {'xL1J', 'yL18J', 'xL7J', 'xL8J', 'xL5J', 'xL3J', 'xL4J', 'xL0J', 'xL6J'}
| | | | | | | | | | | +-- , 28 , {31} , {'xL7J', 'yL17J', 'yL16J', 'xL5J', 'xL0J', 'yL14J', 'xL1J', 'yL12J', 'xL8J', 'xL3J', 'xL4J', 'yL15J', 'yL13J', 'xL6J'}
| | | | | | | | | | | | +-- , 31 , set() , {'xL1J', 'xL7J', 'yL12J', 'xL2J', 'xL8J', 'xL3J', 'xL5J', 'xL4J', 'xL0J', 'xL6J'}
| +-- , 37 , {39} , {'yL24J', 'xL4J'}
| | +-- , 39 , set() , {'yL28J', 'yL25J', 'yL24J', 'yL29J', 'yL26J', 'yL27J'}
| +-- , 41 , set() , {'yL39J', 'yL37J', 'yL36J', 'yL40J', 'yL41J', 'yL38J'}


Max number of edges with non zero Y: 6
Max number of iterations of outer rounding loop: 2
Max number of candidate sets: 2
Time spent rounding: 17.325
Time spent solving Separator LP: 0.628
Total time spent solving: 21.786

LP Solver: GaifmanNormal
Lower Bound Witness = ({'yL14J', 'xL1J', 'xL7J', 'yL12J', 'yL16J', 'xL2J', 'yL17J', 'xL8J', 'xL3J', 'xL5J', 'xL4J', 'yL15J', 'yL13J', 'xL0J', 'xL6J'}, {'xL1J', 'xL7J', 'xL8J', 'xL5J', 'xL3J', 'xL4J', 'xL0J', 'xL6J'})