106, 0.7499990000000001, 3.0, 3
+-- , 0 , {3, 79} , {'C8', 'S9', 'I32', 'TempHa16', 'TempG9', 'I31'}
| +-- , 3 , {5} , {'C8', 'TempHb8', 'TempHa8'}
| | +-- , 5 , {75, 7} , {'TempHb8', 'TempG8', 'TempHa8'}
| | | +-- , 75 , set() , {'I16', 'TempG8', 'TempHa8', 'I15'}
| | | +-- , 7 , {73, 9} , {'TempG8', 'TempHb8', 'C7'}
| | | | +-- , 73 , set() , {'C7', 'S8', 'TempG8'}
| | | | +-- , 9 , {11} , {'TempHb7', 'C7', 'TempHa7'}
| | | | | +-- , 11 , {13, 71} , {'TempHb7', 'TempHa7', 'TempG7'}
| | | | | | +-- , 13 , {69, 15} , {'C6', 'TempHb7', 'TempG7'}
| | | | | | | +-- , 69 , set() , {'C6', 'S7', 'TempG7'}
| | | | | | | +-- , 15 , {17} , {'C6', 'TempHa6', 'TempHb6'}
| | | | | | | | +-- , 17 , {67, 19} , {'C5', 'I12', 'I11', 'TempHa6', 'TempG6', 'TempHb6'}
| | | | | | | | | +-- , 67 , set() , {'S6', 'C5', 'TempG6'}
| | | | | | | | | +-- , 19 , {21} , {'C5', 'TempHa5', 'TempHb5'}
| | | | | | | | | | +-- , 21 , {23, 63} , {'I10', 'C4', 'TempHa5', 'TempHb5', 'I9', 'TempG5'}
| | | | | | | | | | | +-- , 23 , {25} , {'TempHb4', 'C4', 'TempHa4'}
| | | | | | | | | | | | +-- , 25 , {59, 27} , {'TempHb4', 'TempG4', 'TempHa4'}
| | | | | | | | | | | | | +-- , 59 , set() , {'I8', 'I7', 'TempG4', 'TempHa4'}
| | | | | | | | | | | | | +-- , 27 , {57, 29} , {'TempHb4', 'C3', 'TempG4'}
| | | | | | | | | | | | | | +-- , 57 , set() , {'S4', 'C3', 'TempG4'}
| | | | | | | | | | | | | | +-- , 29 , {31} , {'TempHb3', 'C3', 'TempHa3'}
| | | | | | | | | | | | | | | +-- , 31 , {33, 55} , {'TempHb3', 'I6', 'TempHa3', 'I5', 'TempG3', 'C2'}
| | | | | | | | | | | | | | | | +-- , 33 , {35} , {'TempHa2', 'C2', 'TempHb2'}
| | | | | | | | | | | | | | | | | +-- , 35 , {49, 51, 37} , {'C1', 'TempHa2', 'TempHb2', 'TempG2'}
| | | | | | | | | | | | | | | | | | +-- , 49 , set() , {'TempHa2', 'I4', 'I3', 'TempG2'}
| | | | | | | | | | | | | | | | | | +-- , 51 , set() , {'S2', 'C1', 'TempG2'}
| | | | | | | | | | | | | | | | | | +-- , 37 , {39} , {'C1', 'TempHa1', 'TempHb1'}
| | | | | | | | | | | | | | | | | | | +-- , 39 , {41, 45} , {'TempHa1', 'TempG1', 'TempHb1'}
| | | | | | | | | | | | | | | | | | | | +-- , 41 , {43} , {'C0', 'TempG1', 'TempHb1'}
| | | | | | | | | | | | | | | | | | | | | +-- , 43 , set() , {'TempG1', 'S1', 'C0'}
| | | | | | | | | | | | | | | | | | | | +-- , 45 , set() , {'I1', 'I2', 'TempHa1', 'TempG1'}
| | | | | | | | | | | | | | | | +-- , 55 , set() , {'TempG3', 'C2', 'S3'}
| | | | | | | | | | | +-- , 63 , set() , {'S5', 'C4', 'TempG5'}
| | | | | | +-- , 71 , set() , {'I13', 'I14', 'TempHa7', 'TempG7'}
| +-- , 79 , {81} , {'C8', 'I32', 'TempHb9', 'TempHa16', 'TempG9', 'I31'}
| | +-- , 81 , {83, 211} , {'I32', 'TempHb9', 'TempHa16', 'TempG9', 'C11', 'I31'}
| | | +-- , 83 , {85} , {'TempG12', 'I32', 'S12', 'TempHa16', 'C11', 'I31'}
| | | | +-- , 85 , {87} , {'TempG12', 'TempHb12', 'I32', 'TempHa16', 'C11', 'I31'}
| | | | | +-- , 87 , {89, 101} , {'TempG12', 'TempHb12', 'I32', 'TempHa16', 'I31', 'C13'}
| | | | | | +-- , 89 , {91} , {'TempG12', 'TempHa13', 'TempHb12', 'TempHb13', 'C13'}
| | | | | | | +-- , 91 , {93} , {'TempG12', 'I23', 'TempHa13', 'TempHb12', 'I24', 'TempHb13'}
| | | | | | | | +-- , 93 , {95} , {'I23', 'TempHa13', 'TempHb12', 'I24', 'TempHa12', 'TempHb13'}
| | | | | | | | | +-- , 95 , {97} , {'TempHa13', 'C12', 'TempHb12', 'TempHa12', 'TempHb13'}
| | | | | | | | | | +-- , 97 , {99} , {'I25', 'TempHa13', 'I26', 'C12', 'TempG13', 'TempHb13'}
| | | | | | | | | | | +-- , 99 , set() , {'S13', 'TempG13', 'C12'}
| | | | | | +-- , 101 , {103} , {'TempG14', 'I32', 'I31', 'TempHa16', 'S14', 'C13'}
| | | | | | | +-- , 103 , {105} , {'TempHb14', 'TempG14', 'I32', 'TempHa16', 'I31', 'C13'}
| | | | | | | | +-- , 105 , {107, 199} , {'TempHb14', 'TempG14', 'I32', 'C15', 'TempHa16', 'I31'}
| | | | | | | | | +-- , 107 , {109, 197} , {'C15', 'TempHa16', 'TempG16', 'I31', 'TempHb16', 'I32'}
| | | | | | | | | | +-- , 109 , {111} , {'TempHa16', 'TempHb16', 'C16'}
| | | | | | | | | | | +-- , 111 , {113, 195} , {'TempG17', 'TempHb17', 'C16'}
| | | | | | | | | | | | +-- , 113 , {115, 117} , {'TempG17', 'TempHa17', 'TempHb17'}
| | | | | | | | | | | | | +-- , 115 , set() , {'I33', 'I34', 'TempG17', 'TempHa17'}
| | | | | | | | | | | | | +-- , 117 , {119} , {'TempHa17', 'C17', 'TempHb17'}
| | | | | | | | | | | | | | +-- , 119 , {121} , {'TempG18', 'S18', 'C17'}
| | | | | | | | | | | | | | | +-- , 121 , {123} , {'TempHb18', 'TempG18', 'C17'}
| | | | | | | | | | | | | | | | +-- , 123 , {193, 125} , {'TempHb18', 'TempG18', 'TempHa18', 'C18'}
| | | | | | | | | | | | | | | | | +-- , 193 , set() , {'TempG18', 'TempHa18', 'I35', 'I36'}
| | | | | | | | | | | | | | | | | +-- , 125 , {189, 127} , {'TempG19', 'C18', 'TempHb19'}
| | | | | | | | | | | | | | | | | | +-- , 189 , set() , {'S19', 'TempG19', 'C18'}
| | | | | | | | | | | | | | | | | | +-- , 127 , {130} , {'I37', 'TempHa19', 'TempG19', 'I38', 'TempHb19'}
| | | | | | | | | | | | | | | | | | | +-- , 130 , {132} , {'TempHa19', 'C19', 'TempHb19'}
| | | | | | | | | | | | | | | | | | | | +-- , 132 , {187, 134} , {'TempG20', 'C19', 'TempHb20'}
| | | | | | | | | | | | | | | | | | | | | +-- , 187 , set() , {'TempG20', 'S20', 'C19'}
| | | | | | | | | | | | | | | | | | | | | +-- , 134 , {136, 185} , {'TempG20', 'TempHa20', 'TempHb20'}
| | | | | | | | | | | | | | | | | | | | | | +-- , 136 , {138} , {'TempHa20', 'C20', 'TempHb20'}
| | | | | | | | | | | | | | | | | | | | | | | +-- , 138 , {140, 183} , {'TempG21', 'C20', 'TempHb21'}
| | | | | | | | | | | | | | | | | | | | | | | | +-- , 140 , {142, 181} , {'TempG21', 'TempHa21', 'TempHb21'}
| | | | | | | | | | | | | | | | | | | | | | | | | +-- , 142 , {144} , {'C21', 'TempHb21', 'TempHa21'}
| | | | | | | | | | | | | | | | | | | | | | | | | | +-- , 144 , {179, 146} , {'C21', 'TempG22', 'TempHb22'}
| | | | | | | | | | | | | | | | | | | | | | | | | | | +-- , 179 , set() , {'TempG22', 'C21', 'S22'}
| | | | | | | | | | | | | | | | | | | | | | | | | | | +-- , 146 , {177, 148} , {'TempG22', 'TempHa22', 'TempHb22'}
| | | | | | | | | | | | | | | | | | | | | | | | | | | | +-- , 177 , set() , {'TempHa22', 'I44', 'TempG22', 'I43'}
| | | | | | | | | | | | | | | | | | | | | | | | | | | | +-- , 148 , {150} , {'C22', 'TempHa22', 'TempHb22'}
| | | | | | | | | | | | | | | | | | | | | | | | | | | | | +-- , 150 , {152, 175} , {'C22', 'TempHb23', 'TempG23'}
| | | | | | | | | | | | | | | | | | | | | | | | | | | | | | +-- , 152 , {154} , {'I46', 'TempHb23', 'C23', 'I45', 'TempG23', 'TempHa23'}
| | | | | | | | | | | | | | | | | | | | | | | | | | | | | | | +-- , 154 , {156} , {'S24', 'C23', 'TempG24'}
| | | | | | | | | | | | | | | | | | | | | | | | | | | | | | | | +-- , 156 , {158} , {'TempHb24', 'C23', 'TempG24'}
| | | | | | | | | | | | | | | | | | | | | | | | | | | | | | | | | +-- , 158 , {162, 164} , {'C24', 'TempHa24', 'TempHb24', 'TempG24'}
| | | | | | | | | | | | | | | | | | | | | | | | | | | | | | | | | | +-- , 162 , set() , {'TempHa24', 'I47', 'I48', 'TempG24'}
| | | | | | | | | | | | | | | | | | | | | | | | | | | | | | | | | | +-- , 164 , {171, 166} , {'C24', 'TempHb25', 'TempG25'}
| | | | | | | | | | | | | | | | | | | | | | | | | | | | | | | | | | | +-- , 171 , set() , {'C24', 'S25', 'TempG25'}
| | | | | | | | | | | | | | | | | | | | | | | | | | | | | | | | | | | +-- , 166 , {169} , {'TempHb25', 'TempHa25', 'C25', 'TempG25'}
| | | | | | | | | | | | | | | | | | | | | | | | | | | | | | | | | | | | +-- , 169 , set() , {'TempHa25', 'I49', 'I50', 'TempG25'}
| | | | | | | | | | | | | | | | | | | | | | | | | | | | | | +-- , 175 , set() , {'C22', 'TempG23', 'S23'}
| | | | | | | | | | | | | | | | | | | | | | | | | +-- , 181 , set() , {'I42', 'TempG21', 'I41', 'TempHa21'}
| | | | | | | | | | | | | | | | | | | | | | | | +-- , 183 , set() , {'C20', 'TempG21', 'S21'}
| | | | | | | | | | | | | | | | | | | | | | +-- , 185 , set() , {'TempG20', 'TempHa20', 'I40', 'I39'}
| | | | | | | | | | | | +-- , 195 , set() , {'TempG17', 'C16', 'S17'}
| | | | | | | | | | +-- , 197 , set() , {'C15', 'S16', 'TempG16'}
| | | | | | | | | +-- , 199 , {201} , {'TempHb14', 'TempG14', 'TempHb15', 'C15', 'TempHa15'}
| | | | | | | | | | +-- , 201 , {209, 203} , {'TempHb14', 'TempG14', 'TempHa14', 'TempHb15', 'TempHa15'}
| | | | | | | | | | | +-- , 209 , set() , {'I28', 'TempHa14', 'I27', 'TempG14'}
| | | | | | | | | | | +-- , 203 , {205} , {'TempHa15', 'TempHb14', 'C14', 'TempHa14', 'TempHb15'}
| | | | | | | | | | | | +-- , 205 , {207} , {'I29', 'TempG15', 'TempHa15', 'C14', 'I30', 'TempHb15'}
| | | | | | | | | | | | | +-- , 207 , set() , {'TempG15', 'S15', 'C14'}
| | | +-- , 211 , {213} , {'TempHa11', 'TempHb9', 'TempG9', 'C11', 'TempHb11'}
| | | | +-- , 213 , {217, 215} , {'TempHa11', 'TempG9', 'TempHb11', 'TempHa9', 'TempHb9'}
| | | | | +-- , 217 , {219} , {'C9', 'TempHa11', 'TempHb11', 'TempHa9', 'TempHb9'}
| | | | | | +-- , 219 , {221} , {'C9', 'TempHa11', 'S10', 'TempG10', 'TempHb11'}
| | | | | | | +-- , 221 , {223} , {'C9', 'TempHa11', 'TempHb10', 'TempG10', 'TempHb11'}
| | | | | | | | +-- , 223 , {225} , {'I20', 'TempHa11', 'I19', 'TempHb10', 'TempG10', 'TempHb11'}
| | | | | | | | | +-- , 225 , {227} , {'I20', 'TempHa10', 'I19', 'TempHa11', 'TempHb10', 'TempHb11', 'C10'}
| | | | | | | | | | +-- , 227 , {229} , {'I21', 'I22', 'TempHa11', 'TempHb11', 'TempG11', 'C10'}
| | | | | | | | | | | +-- , 229 , set() , {'S11', 'TempG11', 'C10'}
| | | | | +-- , 215 , set() , {'I17', 'TempHa9', 'I18', 'TempG9'}


Max number of edges with non zero Y: 3
Max number of iterations of outer rounding loop: 2
Max number of candidate sets: 2
Time spent rounding: 30.497
Time spent solving Separator LP: 0.616
Total time spent solving: 40.501

LP Solver: GaifmanNormal
Lower Bound Witness = ({'I4', 'TempHb7', 'S1', 'I1', 'TempG1', 'I7', 'TempHb4', 'TempHb6', 'I14', 'TempG8', 'TempHa2', 'I15', 'C5', 'I12', 'C0', 'TempHa1', 'C7', 'I9', 'TempG7', 'I16', 'I11', 'TempHb8', 'TempHa3', 'TempHa5', 'I10', 'I8', 'TempHa4', 'TempHb3', 'S4', 'C6', 'C1', 'S5', 'TempHb1', 'S7', 'TempHa8', 'TempHb2', 'TempG2', 'TempG6', 'I6', 'I5', 'S3', 'I3', 'TempHb5', 'TempG3', 'C2', 'TempG4', 'TempHa6', 'TempHa7', 'TempG5', 'I13', 'C3', 'S2', 'C4', 'S6', 'I2', 'S8'}, {'TempHb8', 'TempHa8'})