11, 1.7657298325842699, 5.0, 5
+-- , 0 , {3, 21, 25} , {'xL18J', 'xL0J', 'xL3J', 'xL17J', 'xL12J', 'xL10J', 'xL15J', 'xL8J', 'xL6J'}
| +-- , 3 , {5} , {'xL18J', 'xL0J', 'xL3J', 'xL12J', 'xL10J', 'xL15J', 'xL5J', 'xL6J'}
| | +-- , 5 , {9, 15} , {'xL18J', 'xL0J', 'xL3J', 'xL10J', 'xL1J', 'xL15J', 'xL5J', 'xL6J', 'xL7J'}
| | | +-- , 9 , {11} , {'xL4J', 'xL0J', 'xL3J', 'xL10J', 'xL1J', 'xL15J', 'xL6J', 'xL7J'}
| | | | +-- , 11 , {13} , {'xL4J', 'xL19J', 'xL0J', 'xL3J', 'xL6J', 'xL7J'}
| | | | | +-- , 13 , set() , {'xL14J', 'xL4J', 'xL19J', 'xL0J', 'xL6J'}
| | | +-- , 15 , {17} , {'xL18J', 'xL0J', 'xL3J', 'xL1J', 'xL15J', 'xL6J', 'xL5J', 'xL2J'}
| | | | +-- , 17 , set() , {'xL18J', 'xL13J', 'xL0J', 'xL3J', 'xL15J', 'xL6J', 'xL2J'}
| +-- , 21 , {23} , {'xL11J', 'xL0J', 'xL3J', 'xL10J', 'xL8J', 'xL6J'}
| | +-- , 23 , set() , {'xL11J', 'xL16J', 'xL0J', 'xL3J', 'xL8J', 'xL6J'}
| +-- , 25 , set() , {'xL0J', 'xL6J', 'xL9J'}


Max number of edges with non zero Y: 13
Max number of iterations of outer rounding loop: 4
Max number of candidate sets: 2
Time spent rounding: 3.817
Time spent solving Separator LP: 0.100
Total time spent solving: 4.884

LP Solver: GaifmanNormal
Lower Bound Witness = ({'xL3J', 'xL5J', 'xL7J', 'xL0J', 'xL12J', 'xL10J', 'xL1J', 'xL9J', 'xL8J', 'xL14J', 'xL16J', 'xL19J', 'xL17J', 'xL2J', 'xL18J', 'xL4J', 'xL11J', 'xL13J', 'xL15J', 'xL6J'}, {'xL18J', 'xL14J', 'xL13J', 'xL16J', 'xL19J', 'xL17J', 'xL10J', 'xL15J', 'xL9J', 'xL6J', 'xL7J'})