67, 2.5446335569326877, 9.0, 9
+-- , 0 , {65, 131, 67, 5, 135, 75, 81, 85, 89, 91, 93, 99, 105, 107, 109, 115, 59, 125, 127} , {'xL5J', 'zL38J', 'zL14J', 'xL2J', 'zL25J', 'zL52J', 'xL7J', 'xL0J', 'zL37J', 'zL50J', 'xL4J', 'zL72J', 'zL40J', 'xL8J', 'zL53J', 'xL6J', 'zL69J', 'xL9J', 'zL18J', 'zL19J', 'xL1J'}
| +-- , 65 , set() , {'zL34J', 'xL8J', 'xL2J', 'xL7J', 'xL0J', 'xL1J', 'zL35J', 'w11', 'zL32J', 'yL8J', 'zL33J'}
| +-- , 131 , {133} , {'xL9J', 'zL24J', 'zL25J', 'xL1J'}
| | +-- , 133 , set() , {'xL9J', 'zL24J', 'yL6J'}
| +-- , 67 , {69} , {'xL5J', 'xL2J', 'xL6J', 'xL7J', 'xL9J', 'zL59J', 'w17', 'zL58J'}
| | +-- , 69 , {71} , {'zL57J', 'xL5J', 'xL2J', 'xL6J', 'zL58J'}
| | | +-- , 71 , {73} , {'zL57J', 'xL5J', 'zL56J', 'xL6J'}
| | | | +-- , 73 , set() , {'zL56J', 'xL6J', 'yL14J'}
| +-- , 5 , {57, 7} , {'xL5J', 'zL14J', 'xL2J', 'zL25J', 'xL7J', 'xL0J', 'zL37J', 'zL50J', 'xL4J', 'zL72J', 'xL8J', 'zL53J', 'xL6J', 'zL9J', 'xL9J', 'zL19J', 'zL8J', 'xL1J'}
| | +-- , 57 , set() , {'zL8J', 'xL9J', 'yL2J'}
| | +-- , 7 , {9} , {'xL5J', 'zL14J', 'zL25J', 'xL7J', 'xL0J', 'zL37J', 'zL50J', 'xL4J', 'zL72J', 'xL8J', 'zL53J', 'xL6J', 'zL9J', 'zL19J', 'zL54J', 'xL1J'}
| | | +-- , 9 , {41, 11, 43, 45, 47, 17, 21, 53, 55, 29, 31} , {'xL5J', 'zL14J', 'zL25J', 'xL7J', 'xL0J', 'zL37J', 'zL50J', 'xL4J', 'zL11J', 'zL72J', 'xL3J', 'xL8J', 'zL36J', 'w5', 'xL6J', 'zL9J', 'zL19J', 'zL54J', 'xL1J'}
| | | | +-- , 41 , set() , {'zL10J', 'zL9J', 'xL3J', 'zL11J', 'xL1J'}
| | | | +-- , 11 , {13} , {'xL8J', 'zL49J', 'xL0J', 'xL3J', 'zL50J'}
| | | | | +-- , 13 , {15} , {'xL8J', 'zL49J', 'zL48J', 'xL3J'}
| | | | | | +-- , 15 , set() , {'zL48J', 'yL12J', 'xL8J'}
| | | | +-- , 43 , set() , {'zL14J', 'zL15J', 'xL4J', 'w6', 'xL3J'}
| | | | +-- , 45 , set() , {'xL8J', 'zL3J', 'zL1J', 'xL7J', 'xL0J', 'xL1J', 'zL0J', 'zL2J', 'yL0J', 'w3', 'xL3J'}
| | | | +-- , 47 , {49} , {'xL5J', 'zL26J', 'zL25J', 'xL6J', 'xL3J'}
| | | | | +-- , 49 , {51} , {'xL5J', 'zL27J', 'zL26J', 'xL3J'}
| | | | | | +-- , 51 , set() , {'w9', 'zL27J', 'xL3J'}
| | | | +-- , 17 , {19} , {'xL5J', 'zL55J', 'zL54J', 'xL3J'}
| | | | | +-- , 19 , set() , {'xL5J', 'zL55J', 'w16'}
| | | | +-- , 21 , {23} , {'xL5J', 'zL73J', 'xL6J', 'xL3J', 'zL72J', 'xL1J'}
| | | | | +-- , 23 , {25} , {'xL5J', 'zL74J', 'zL73J', 'xL6J', 'xL3J'}
| | | | | | +-- , 25 , {27} , {'zL74J', 'xL6J', 'zL75J', 'xL3J'}
| | | | | | | +-- , 27 , set() , {'w21', 'zL75J', 'xL3J'}
| | | | +-- , 53 , set() , {'xL5J', 'yL9J', 'zL36J'}
| | | | +-- , 55 , set() , {'zL19J', 'xL3J', 'w7'}
| | | | +-- , 29 , set() , {'zL5J', 'xL8J', 'xL7J', 'xL0J', 'zL6J', 'zL4J', 'xL4J', 'yL1J', 'zL7J', 'w4', 'xL3J'}
| | | | +-- , 31 , {33, 39} , {'zL22J', 'xL5J', 'xL8J', 'xL1J', 'xL0J', 'zL23J', 'xL3J'}
| | | | | +-- , 33 , {35} , {'zL22J', 'xL5J', 'xL8J', 'xL3J', 'zL21J'}
| | | | | | +-- , 35 , {37} , {'xL5J', 'xL8J', 'zL20J', 'zL21J'}
| | | | | | | +-- , 37 , set() , {'yL5J', 'zL20J', 'xL8J'}
| | | | | +-- , 39 , set() , {'w8', 'xL1J', 'zL23J'}
| +-- , 135 , set() , {'xL8J', 'zL40J', 'yL10J'}
| +-- , 75 , {77} , {'xL9J', 'zL69J', 'zL70J', 'xL7J', 'xL1J'}
| | +-- , 77 , {79} , {'xL9J', 'zL71J', 'zL70J', 'xL7J'}
| | | +-- , 79 , set() , {'w20', 'xL9J', 'zL71J'}
| +-- , 81 , {83} , {'xL5J', 'xL7J', 'xL0J', 'zL41J', 'xL1J', 'zL40J'}
| | +-- , 83 , set() , {'xL5J', 'zL42J', 'xL7J', 'xL0J', 'zL43J', 'zL41J', 'w13'}
| +-- , 85 , {87} , {'zL38J', 'zL39J', 'xL6J', 'xL1J'}
| | +-- , 87 , set() , {'zL39J', 'w12', 'xL1J'}
| +-- , 89 , set() , {'zL52J', 'xL8J', 'yL13J'}
| +-- , 91 , set() , {'xL5J', 'xL8J', 'zL65J', 'xL1J', 'zL66J', 'zL64J', 'xL4J', 'xL9J', 'zL67J', 'w19', 'yL16J'}
| +-- , 93 , {95} , {'xL4J', 'zL18J', 'xL2J', 'zL17J', 'xL1J'}
| | +-- , 95 , {97} , {'xL4J', 'zL17J', 'zL16J', 'xL1J'}
| | | +-- , 97 , set() , {'xL4J', 'yL4J', 'zL16J'}
| +-- , 99 , {101} , {'xL5J', 'zL13J', 'zL14J', 'xL8J', 'xL1J'}
| | +-- , 101 , {103} , {'zL13J', 'xL8J', 'zL12J', 'xL1J'}
| | | +-- , 103 , set() , {'xL8J', 'zL12J', 'yL3J'}
| +-- , 105 , set() , {'yL15J', 'xL5J', 'xL8J', 'xL6J', 'xL0J', 'zL61J', 'w18', 'zL60J', 'zL62J', 'zL63J', 'xL1J'}
| +-- , 107 , set() , {'xL4J', 'zL72J', 'yL18J'}
| +-- , 109 , {111} , {'xL5J', 'xL2J', 'xL0J', 'zL31J', 'xL9J', 'w10', 'xL1J'}
| | +-- , 111 , {113} , {'xL2J', 'xL0J', 'zL31J', 'xL9J', 'zL30J', 'xL1J'}
| | | +-- , 113 , set() , {'zL29J', 'zL28J', 'xL2J', 'yL7J', 'xL0J', 'xL9J', 'zL30J'}
| +-- , 115 , {123, 117} , {'xL5J', 'xL6J', 'xL0J', 'zL45J', 'zL44J', 'xL4J', 'xL1J'}
| | +-- , 123 , set() , {'xL0J', 'yL11J', 'zL44J'}
| | +-- , 117 , {119} , {'xL4J', 'xL5J', 'zL46J', 'zL45J', 'xL1J'}
| | | +-- , 119 , {121} , {'zL46J', 'xL5J', 'zL47J', 'xL1J'}
| | | | +-- , 121 , set() , {'w14', 'zL47J', 'xL1J'}
| +-- , 59 , {61} , {'xL5J', 'xL6J', 'xL0J', 'xL7J', 'zL78J', 'xL4J', 'zL76J', 'zL77J', 'yL19J'}
| | +-- , 61 , {63} , {'zL79J', 'xL5J', 'xL0J', 'zL78J'}
| | | +-- , 63 , set() , {'zL79J', 'xL0J', 'w22'}
| +-- , 125 , set() , {'xL2J', 'xL0J', 'zL69J', 'yL17J', 'zL68J'}
| +-- , 127 , {129} , {'xL9J', 'zL51J', 'xL6J', 'zL50J'}
| | +-- , 129 , set() , {'w15', 'zL51J', 'xL9J'}


Max number of edges with non zero Y: 25
Max number of iterations of outer rounding loop: 5
Max number of candidate sets: 2
Time spent rounding: 13.236
Time spent solving Separator LP: 14.635
Total time spent solving: 38.626

LP Solver: GaifmanNormal
Lower Bound Witness = ({'zL38J', 'zL14J', 'xL0J', 'zL35J', 'zL39J', 'w3', 'zL34J', 'zL29J', 'zL1J', 'zL43J', 'yL14J', 'yL12J', 'yL17J', 'zL63J', 'yL19J', 'zL52J', 'zL17J', 'zL37J', 'zL61J', 'w13', 'w22', 'zL24J', 'yL7J', 'w15', 'zL66J', 'zL31J', 'zL23J', 'zL26J', 'zL7J', 'zL60J', 'zL62J', 'zL47J', 'w8', 'yL6J', 'yL3J', 'zL27J', 'zL12J', 'yL13J', 'zL44J', 'zL50J', 'zL57J', 'w10', 'w19', 'zL5J', 'w16', 'xL6J', 'zL21J', 'zL46J', 'yL16J', 'yL10J', 'zL25J', 'w20', 'zL67J', 'zL56J', 'yL5J', 'yL18J', 'zL9J', 'yL1J', 'zL49J', 'zL19J', 'zL32J', 'zL75J', 'zL58J', 'w9', 'zL30J', 'zL2J', 'zL65J', 'zL40J', 'xL8J', 'zL0J', 'yL9J', 'zL69J', 'xL1J', 'zL33J', 'zL13J', 'xL2J', 'zL71J', 'zL48J', 'zL3J', 'xL4J', 'yL4J', 'zL20J', 'zL77J', 'w17', 'w12', 'yL2J', 'zL68J', 'zL72J', 'zL11J', 'zL28J', 'zL42J', 'zL79J', 'xL9J', 'w18', 'zL54J', 'w4', 'yL8J', 'zL78J', 'zL59J', 'zL74J', 'w11', 'zL70J', 'zL10J', 'zL64J', 'zL8J', 'yL0J', 'w14', 'xL5J', 'xL7J', 'zL45J', 'zL4J', 'w21', 'zL55J', 'yL11J', 'zL16J', 'xL3J', 'zL22J', 'w7', 'yL15J', 'zL53J', 'zL36J', 'zL73J', 'w5', 'zL51J', 'zL6J', 'zL15J', 'zL41J', 'zL76J', 'zL18J', 'w6'}, {'zL38J', 'zL13J', 'zL52J', 'zL51J', 'yL6J', 'zL45J', 'zL66J', 'zL18J', 'zL26J', 'zL68J', 'zL72J', 'xL3J', 'zL40J'})