65, 0, 14.0, 14
+-- , 0 , {129, 3, 131, 5, 69, 73, 75, 13, 79, 17, 87, 89, 93, 95, 101, 103, 111, 113, 115, 119, 121, 125, 63} , {'xL5J', 'zL27J', 'zL3J', 'xL0J', 'zL45J', 'zL78J', 'zL4J', 'xL4J', 'zL39J', 'w12', 'zL72J', 'zL65J', 'xL3J', 'zL22J', 'zL5J', 'xL8J', 'zL42J', 'zL73J', 'xL6J', 'zL43J', 'zL64J', 'zL15J', 'zL21J', 'xL9J', 'zL46J', 'zL76J', 'zL60J', 'zL75J', 'yL19J', 'xL1J'}
| +-- , 129 , set() , {'w9', 'zL27J', 'xL3J'}
| +-- , 3 , set() , {'xL5J', 'xL8J', 'zL53J', 'w16', 'zL52J', 'xL0J', 'yL13J', 'xL9J', 'zL55J', 'zL54J', 'xL3J'}
| +-- , 131 , set() , {'xL6J', 'zL60J', 'yL15J'}
| +-- , 5 , {7} , {'xL5J', 'zL38J', 'xL6J', 'xL0J', 'zL39J', 'xL3J'}
| | +-- , 7 , {9} , {'xL3J', 'xL5J', 'zL38J', 'xL0J', 'zL37J'}
| | | +-- , 9 , {11} , {'xL3J', 'xL5J', 'zL36J', 'zL37J'}
| | | | +-- , 11 , set() , {'xL5J', 'yL9J', 'zL36J'}
| +-- , 69 , {71} , {'xL5J', 'xL8J', 'xL0J', 'zL61J', 'zL60J', 'zL62J', 'zL63J', 'xL1J'}
| | +-- , 71 , set() , {'w18', 'xL0J', 'zL63J'}
| +-- , 73 , set() , {'xL5J', 'xL8J', 'zL65J', 'xL1J', 'zL66J', 'zL67J', 'w19'}
| +-- , 75 , {77} , {'zL46J', 'xL5J', 'zL47J', 'xL1J'}
| | +-- , 77 , set() , {'w14', 'zL47J', 'xL1J'}
| +-- , 13 , set() , {'xL4J', 'zL64J', 'yL16J'}
| +-- , 79 , {81} , {'xL5J', 'zL27J', 'xL6J', 'xL9J', 'zL26J', 'xL1J'}
| | +-- , 81 , {83} , {'xL9J', 'zL26J', 'zL25J', 'xL6J', 'xL1J'}
| | | +-- , 83 , {85} , {'xL9J', 'zL24J', 'zL25J', 'xL1J'}
| | | | +-- , 85 , set() , {'xL9J', 'zL24J', 'yL6J'}
| +-- , 17 , {19} , {'xL5J', 'zL3J', 'xL0J', 'zL78J', 'zL4J', 'xL4J', 'zL59J', 'zL77J', 'xL3J', 'xL8J', 'zL42J', 'xL6J', 'xL9J', 'zL76J', 'zL58J', 'xL1J'}
| | +-- , 19 , {41, 45, 47, 21, 55, 61} , {'xL5J', 'zL3J', 'zL17J', 'xL7J', 'xL0J', 'zL4J', 'xL4J', 'zL59J', 'w10', 'zL77J', 'zL16J', 'xL3J', 'xL8J', 'zL42J', 'zL10J', 'xL6J', 'zL31J', 'zL9J', 'yL1J', 'xL9J', 'zL76J', 'zL58J', 'xL1J'}
| | | +-- , 41 , {43} , {'xL8J', 'zL10J', 'zL11J', 'xL1J'}
| | | | +-- , 43 , set() , {'w5', 'zL11J', 'xL8J'}
| | | +-- , 45 , set() , {'w17', 'xL7J', 'zL59J'}
| | | +-- , 47 , {49} , {'zL3J', 'xL7J', 'xL0J', 'xL3J', 'zL2J', 'xL1J'}
| | | | +-- , 49 , {51} , {'zL2J', 'zL1J', 'xL7J', 'xL1J', 'xL3J'}
| | | | | +-- , 51 , {53} , {'xL3J', 'zL1J', 'zL0J', 'xL1J'}
| | | | | | +-- , 53 , set() , {'yL0J', 'zL0J', 'xL3J'}
| | | +-- , 21 , {23} , {'xL5J', 'zL17J', 'xL7J', 'xL0J', 'zL35J', 'yL8J', 'zL58J', 'w11', 'zL56J', 'xL3J', 'xL8J', 'xL6J', 'zL31J', 'zL9J', 'xL9J', 'zL32J', 'yL14J', 'xL1J', 'zL33J'}
| | | | +-- , 23 , {33, 25, 27, 29} , {'xL5J', 'xL2J', 'zL17J', 'xL7J', 'xL0J', 'zL35J', 'zL57J', 'zL30J', 'zL56J', 'zL68J', 'xL3J', 'zL34J', 'zL31J', 'zL9J', 'xL9J', 'zL18J', 'yL17J', 'zL58J', 'xL1J', 'zL33J'}
| | | | | +-- , 33 , {35} , {'xL2J', 'xL7J', 'xL9J', 'zL69J', 'zL68J', 'xL1J'}
| | | | | | +-- , 35 , {37} , {'xL9J', 'zL69J', 'zL70J', 'xL7J', 'xL1J'}
| | | | | | | +-- , 37 , {39} , {'xL9J', 'zL71J', 'zL70J', 'xL7J'}
| | | | | | | | +-- , 39 , set() , {'w20', 'xL9J', 'zL71J'}
| | | | | +-- , 25 , set() , {'zL29J', 'zL28J', 'xL2J', 'yL7J', 'xL0J', 'xL9J', 'zL30J'}
| | | | | +-- , 27 , set() , {'xL2J', 'zL9J', 'xL9J', 'zL8J', 'yL2J'}
| | | | | +-- , 29 , {31} , {'zL18J', 'zL19J', 'xL7J', 'xL3J'}
| | | | | | +-- , 31 , set() , {'zL19J', 'xL3J', 'w7'}
| | | +-- , 55 , {57} , {'zL41J', 'xL8J', 'zL42J', 'xL7J', 'xL1J'}
| | | | +-- , 57 , {59} , {'zL41J', 'xL8J', 'xL1J', 'zL40J'}
| | | | | +-- , 59 , set() , {'xL8J', 'zL40J', 'yL10J'}
| | | +-- , 61 , set() , {'xL4J', 'yL4J', 'zL16J'}
| +-- , 87 , set() , {'xL5J', 'zL73J', 'xL6J', 'zL74J', 'zL75J'}
| +-- , 89 , {91} , {'zL22J', 'xL0J', 'xL1J', 'zL23J'}
| | +-- , 91 , set() , {'w8', 'xL1J', 'zL23J'}
| +-- , 93 , set() , {'w21', 'zL75J', 'xL3J'}
| +-- , 95 , {97} , {'zL5J', 'xL8J', 'xL0J', 'zL6J', 'xL3J'}
| | +-- , 97 , {99} , {'xL8J', 'zL7J', 'xL0J', 'zL6J'}
| | | +-- , 99 , set() , {'zL7J', 'w4', 'xL8J'}
| +-- , 101 , set() , {'xL4J', 'zL72J', 'yL18J'}
| +-- , 103 , {105} , {'xL8J', 'zL48J', 'xL6J', 'xL0J', 'xL9J', 'yL12J', 'xL3J'}
| | +-- , 105 , {107} , {'zL48J', 'xL6J', 'xL0J', 'zL50J', 'xL9J', 'zL49J', 'xL3J'}
| | | +-- , 107 , {109} , {'xL9J', 'zL51J', 'xL6J', 'zL50J'}
| | | | +-- , 109 , set() , {'w15', 'zL51J', 'xL9J'}
| +-- , 111 , set() , {'xL5J', 'zL43J', 'w13'}
| +-- , 113 , set() , {'xL4J', 'w6', 'zL15J'}
| +-- , 115 , {117} , {'xL6J', 'xL0J', 'zL45J', 'zL44J'}
| | +-- , 117 , set() , {'xL0J', 'yL11J', 'zL44J'}
| +-- , 119 , set() , {'zL3J', 'w3', 'xL8J'}
| +-- , 121 , {123} , {'xL5J', 'xL8J', 'zL20J', 'zL21J'}
| | +-- , 123 , set() , {'yL5J', 'zL20J', 'xL8J'}
| +-- , 125 , {127} , {'zL79J', 'xL5J', 'xL0J', 'zL78J'}
| | +-- , 127 , set() , {'zL79J', 'xL0J', 'w22'}
| +-- , 63 , {65} , {'xL5J', 'zL13J', 'zL14J', 'xL8J', 'zL15J', 'xL3J', 'xL1J'}
| | +-- , 65 , {67} , {'zL13J', 'xL8J', 'zL12J', 'xL1J'}
| | | +-- , 67 , set() , {'xL8J', 'zL12J', 'yL3J'}


Max number of edges with non zero Y: 62
Max number of iterations of outer rounding loop: 1
Max number of candidate sets: 2
Time spent rounding: 5.314
Time spent solving Separator LP: 0.059
Total time spent solving: 13.759

LP Solver: gammaPlusFractionalCoverHeuristic
Lower Bound Witness = ({'zL38J', 'zL14J', 'xL0J', 'zL35J', 'zL39J', 'w3', 'zL34J', 'zL29J', 'zL1J', 'zL43J', 'yL14J', 'yL12J', 'yL17J', 'zL63J', 'yL19J', 'zL52J', 'zL17J', 'zL37J', 'zL61J', 'w13', 'w22', 'zL24J', 'yL7J', 'w15', 'zL66J', 'zL31J', 'zL23J', 'zL26J', 'zL7J', 'zL60J', 'zL62J', 'zL47J', 'w8', 'yL6J', 'yL3J', 'zL27J', 'zL12J', 'yL13J', 'zL44J', 'zL50J', 'zL57J', 'w10', 'w19', 'zL5J', 'w16', 'xL6J', 'zL21J', 'zL46J', 'yL16J', 'yL10J', 'zL25J', 'w20', 'zL67J', 'zL56J', 'yL5J', 'yL18J', 'zL9J', 'yL1J', 'zL49J', 'zL19J', 'zL32J', 'zL75J', 'zL58J', 'w9', 'zL30J', 'zL2J', 'zL65J', 'zL40J', 'xL8J', 'zL0J', 'yL9J', 'zL69J', 'xL1J', 'zL33J', 'zL13J', 'xL2J', 'zL71J', 'zL48J', 'zL3J', 'xL4J', 'yL4J', 'zL20J', 'zL77J', 'w17', 'w12', 'yL2J', 'zL68J', 'zL72J', 'zL11J', 'zL28J', 'zL42J', 'zL79J', 'xL9J', 'w18', 'zL54J', 'w4', 'yL8J', 'zL78J', 'zL59J', 'zL74J', 'w11', 'zL70J', 'zL10J', 'zL64J', 'zL8J', 'yL0J', 'w14', 'xL5J', 'xL7J', 'zL45J', 'zL4J', 'w21', 'zL55J', 'yL11J', 'zL16J', 'xL3J', 'zL22J', 'w7', 'yL15J', 'zL53J', 'zL36J', 'zL73J', 'w5', 'zL51J', 'zL6J', 'zL15J', 'zL41J', 'zL76J', 'zL18J', 'w6'}, {'xL2J', 'w9', 'zL20J', 'zL39J', 'zL72J'})