49, 1.0909085454545455, 5.0, 5
+-- , 0 , {3, 67, 14} , {'xL4JL7J', 'xL3JL7J', 'xL8JL9J', 'xL2JL7J', 'xL5JL7J', 'xL8JL7J', 'xL7JL9J', 'xL1JL7J', 'xL7JL7J'}
| +-- , 3 , {5} , {'xL10JL7J', 'xL11JL7J', 'xL9JL7J', 'xL9JL9J', 'xL8JL9J', 'xL11JL9J', 'xL8JL7J', 'xL7JL9J', 'xL10JL9J', 'xL7JL7J'}
| | +-- , 5 , {8, 10, 12} , {'xL10JL7J', 'xL11JL7J', 'xL9JL9J', 'xL9JL7J', 'xL10JL6J', 'xL11JL9J', 'xL10JL11J', 'xL10JL5J', 'xL10JL8J', 'xL10JL10J', 'xL10JL9J'}
| | | +-- , 8 , set() , {'xL9JL8J', 'xL10JL8J', 'xL9JL7J', 'xL9JL9J'}
| | | +-- , 10 , set() , {'xL11JL7J', 'xL10JL6J', 'xL11JL6J', 'xL10JL5J', 'xL11JL5J'}
| | | +-- , 12 , set() , {'xL11JL9J', 'xL11JL10J', 'xL10JL11J', 'xL11JL11J', 'xL10JL10J'}
| +-- , 67 , {70} , {'xL5JL7J', 'xL8JL7J', 'xL8JL5J', 'xL8JL4J', 'xL4JL7J', 'xL8JL6J', 'xL7JL7J'}
| | +-- , 70 , {72, 97} , {'xL7JL3J', 'xL7JL1J', 'xL7JL6J', 'xL8JL6J', 'xL7JL2J', 'xL5JL7J', 'xL7JL4J', 'xL7JL5J', 'xL8JL5J', 'xL8JL4J', 'xL4JL7J', 'xL7JL7J'}
| | | +-- , 72 , {75} , {'xL4JL4J', 'xL7JL3J', 'xL7JL1J', 'xL7JL6J', 'xL8JL6J', 'xL4JL6J', 'xL7JL2J', 'xL5JL7J', 'xL7JL5J', 'xL4JL5J', 'xL8JL5J', 'xL4JL7J'}
| | | | +-- , 75 , {89, 91, 77} , {'xL4JL4J', 'xL7JL3J', 'xL7JL1J', 'xL7JL6J', 'xL5JL1J', 'xL5JL4J', 'xL8JL6J', 'xL4JL6J', 'xL5JL6J', 'xL5JL5J', 'xL5JL2J', 'xL7JL2J', 'xL5JL7J', 'xL5JL3J', 'xL7JL5J', 'xL4JL5J', 'xL8JL5J'}
| | | | | +-- , 89 , set() , {'xL5JL6J', 'xL5JL5J', 'xL7JL6J', 'xL6JL5J', 'xL6JL6J', 'xL7JL5J', 'xL4JL5J', 'xL8JL5J', 'xL8JL6J', 'xL4JL6J'}
| | | | | +-- , 91 , {93, 95} , {'xL7JL3J', 'xL5JL2J', 'xL7JL1J', 'xL7JL2J', 'xL5JL3J', 'xL4JL2J', 'xL5JL1J'}
| | | | | | +-- , 93 , set() , {'xL4JL2J', 'xL5JL1J', 'xL4JL1J'}
| | | | | | +-- , 95 , set() , {'xL8JL2J', 'xL8JL1J', 'xL7JL3J', 'xL7JL1J', 'xL5JL2J', 'xL7JL2J', 'xL6JL2J', 'xL5JL3J', 'xL4JL2J', 'xL6JL3J'}
| | | | | +-- , 77 , {79} , {'xL4JL4J', 'xL5JL4J', 'xL3JL4J'}
| | | | | | +-- , 79 , {81} , {'xL3JL3J', 'xL3JL4J'}
| | | | | | | +-- , 81 , {83} , {'xL2JL3J', 'xL3JL3J'}
| | | | | | | | +-- , 83 , {85} , {'xL2JL3J', 'xL2JL1J', 'xL2JL2J'}
| | | | | | | | | +-- , 85 , {87} , {'xL2JL1J', 'xL2JL2J', 'xL1JL1J'}
| | | | | | | | | | +-- , 87 , set() , {'xL1JL2J', 'xL2JL2J', 'xL1JL1J'}
| | | +-- , 97 , {99} , {'xL9JL4J', 'xL7JL4J', 'xL8JL4J'}
| | | | +-- , 99 , {101} , {'xL9JL4J', 'xL9JL3J'}
| | | | | +-- , 101 , {103} , {'xL10JL3J', 'xL9JL3J'}
| | | | | | +-- , 103 , {105} , {'xL10JL2J', 'xL10JL1J', 'xL10JL3J'}
| | | | | | | +-- , 105 , {107} , {'xL11JL2J', 'xL10JL2J', 'xL10JL1J'}
| | | | | | | | +-- , 107 , set() , {'xL11JL1J', 'xL11JL2J', 'xL10JL1J'}
| +-- , 14 , {56, 16} , {'xL3JL7J', 'xL8JL9J', 'xL2JL7J', 'xL4JL9J', 'xL5JL9J', 'xL7JL9J', 'xL1JL7J'}
| | +-- , 56 , {58} , {'xL3JL7J', 'xL2JL7J', 'xL4JL9J', 'xL2JL9J', 'xL5JL9J', 'xL1JL9J', 'xL1JL7J', 'xL3JL9J'}
| | | +-- , 58 , {65, 61, 63} , {'xL3JL7J', 'xL2JL8J', 'xL2JL7J', 'xL2JL10J', 'xL2JL11J', 'xL2JL9J', 'xL2JL6J', 'xL2JL5J', 'xL1JL9J', 'xL1JL7J', 'xL3JL9J'}
| | | | +-- , 65 , set() , {'xL2JL5J', 'xL1JL6J', 'xL1JL5J', 'xL2JL6J', 'xL1JL7J'}
| | | | +-- , 61 , set() , {'xL3JL8J', 'xL2JL8J', 'xL3JL7J', 'xL3JL9J'}
| | | | +-- , 63 , set() , {'xL2JL10J', 'xL2JL11J', 'xL1JL11J', 'xL1JL10J', 'xL1JL9J'}
| | +-- , 16 , {36, 22} , {'xL5JL10J', 'xL8JL9J', 'xL7JL13J', 'xL4JL9J', 'xL4JL12J', 'xL7JL9J', 'xL6JL13J', 'xL8JL10J', 'xL5JL11J', 'xL6JL10J', 'xL5JL12J', 'xL4JL11J', 'xL5JL14J', 'xL5JL15J', 'xL5JL9J', 'xL7JL10J', 'xL5JL13J', 'xL4JL10J'}
| | | +-- , 36 , {38} , {'xL8JL9J', 'xL7JL11J', 'xL7JL13J', 'xL7JL9J', 'xL6JL13J', 'xL8JL10J', 'xL5JL11J', 'xL6JL10J', 'xL4JL11J', 'xL6JL11J', 'xL5JL15J', 'xL8JL11J', 'xL7JL10J', 'xL5JL14J'}
| | | | +-- , 38 , {40, 52} , {'xL7JL15J', 'xL8JL9J', 'xL7JL11J', 'xL7JL12J', 'xL7JL13J', 'xL5JL15J', 'xL7JL14J', 'xL8JL12J', 'xL8JL11J', 'xL7JL9J', 'xL6JL14J', 'xL6JL13J', 'xL7JL10J', 'xL5JL14J', 'xL8JL10J'}
| | | | | +-- , 40 , {42} , {'xL9JL12J', 'xL8JL12J', 'xL7JL12J'}
| | | | | | +-- , 42 , {44} , {'xL9JL13J', 'xL9JL12J'}
| | | | | | | +-- , 44 , {46} , {'xL9JL13J', 'xL10JL13J'}
| | | | | | | | +-- , 46 , {48} , {'xL10JL14J', 'xL10JL15J', 'xL10JL13J'}
| | | | | | | | | +-- , 48 , {50} , {'xL10JL14J', 'xL10JL15J', 'xL11JL15J'}
| | | | | | | | | | +-- , 50 , set() , {'xL10JL14J', 'xL11JL14J', 'xL11JL15J'}
| | | | | +-- , 52 , {54} , {'xL4JL14J', 'xL7JL15J', 'xL8JL14J', 'xL5JL15J', 'xL7JL14J', 'xL6JL14J', 'xL5JL14J', 'xL4JL15J'}
| | | | | | +-- , 54 , set() , {'xL8JL15J', 'xL7JL15J', 'xL8JL14J'}
| | | +-- , 22 , {24} , {'xL4JL12J', 'xL3JL12J', 'xL5JL12J'}
| | | | +-- , 24 , {26} , {'xL3JL13J', 'xL3JL12J'}
| | | | | +-- , 26 , {28} , {'xL3JL13J', 'xL2JL13J'}
| | | | | | +-- , 28 , {30} , {'xL2JL15J', 'xL2JL14J', 'xL2JL13J'}
| | | | | | | +-- , 30 , {32} , {'xL2JL15J', 'xL2JL14J', 'xL1JL14J'}
| | | | | | | | +-- , 32 , set() , {'xL2JL15J', 'xL1JL15J', 'xL1JL14J'}


Max number of edges with non zero Y: 6
Max number of iterations of outer rounding loop: 4
Max number of candidate sets: 2
Time spent rounding: 17.217
Time spent solving Separator LP: 0.628
Total time spent solving: 23.160

LP Solver: GaifmanNormal
Lower Bound Witness = ({'xL10JL14J', 'xL9JL13J', 'xL5JL10J', 'xL8JL14J', 'xL7JL12J', 'xL7JL13J', 'xL7JL14J', 'xL10JL13J', 'xL4JL9J', 'xL7JL9J', 'xL7JL15J', 'xL6JL10J', 'xL5JL11J', 'xL6JL11J', 'xL5JL15J', 'xL8JL12J', 'xL8JL11J', 'xL1JL15J', 'xL11JL14J', 'xL5JL13J', 'xL4JL10J', 'xL5JL12J', 'xL7JL11J', 'xL8JL9J', 'xL1JL14J', 'xL9JL12J', 'xL4JL12J', 'xL2JL15J', 'xL6JL14J', 'xL6JL13J', 'xL3JL12J', 'xL11JL15J', 'xL8JL10J', 'xL3JL13J', 'xL4JL14J', 'xL4JL11J', 'xL2JL13J', 'xL5JL9J', 'xL2JL14J', 'xL7JL10J', 'xL10JL15J', 'xL5JL14J', 'xL8JL15J', 'xL4JL15J'}, {'xL6JL10J', 'xL8JL9J', 'xL5JL10J', 'xL7JL13J', 'xL4JL9J', 'xL5JL9J', 'xL7JL9J', 'xL6JL13J', 'xL7JL10J', 'xL5JL13J', 'xL4JL10J', 'xL8JL10J'})