10, 0, 7.825645637928819, 11
+-- , 0 , {17, 19, 5} , {'54', '40', '60', '25', '24', '31', '14', '10', '38', '64', '21', '12', '49', '43', '32', '55', '59', '33', '3', '1', '63', '22', '28', '2', '6', '50', '39', '0', '13', '57', '46', '62', '5', '11', '27', '30', '18', '36', '7', '65', '20', '4', '34', '8', '52', '19', '51', '61', '9'}
| +-- , 17 , set() , {'22', '54', '16', '28', '2', '50', '60', '40', '25', '0', '13', '24', '57', '14', '5', '10', '38', '21', '27', '49', '18', '36', '55', '59', '7', '20', '4', '33', '34', '41', '63', '51', '61'}
| +-- , 19 , {21} , {'22', '54', '28', '2', '6', '60', '39', '0', '35', '46', '31', '14', '62', '5', '11', '37', '10', '38', '64', '12', '49', '30', '43', '32', '55', '65', '7', '20', '3', '34', '1', '8', '52', '19', '9'}
| | +-- , 21 , set() , {'20', '31', '10', '54', '58', '3', '62', '49', '8', '19', '39', '55', '65', '11', '37', '35'}
| +-- , 5 , {7, 9, 13} , {'22', '54', '28', '2', '6', '40', '60', '50', '25', '39', '0', '13', '24', '57', '46', '31', '14', '62', '47', '5', '11', '10', '38', '64', '21', '27', '12', '49', '30', '43', '32', '18', '36', '55', '59', '7', '65', '20', '33', '45', '4', '3', '1', '8', '52', '63', '19', '51', '61', '9'}
| | +-- , 7 , set() , {'54', '28', '60', '25', '39', '23', '13', '62', '47', '64', '21', '49', '18', '36', '7', '55', '65', '59', '45', '53', '1', '8', '51', '61', '9'}
| | +-- , 9 , {11} , {'28', '6', '50', '60', '25', '39', '0', '13', '57', '46', '56', '62', '47', '11', '42', '10', '64', '21', '12', '49', '30', '43', '32', '18', '36', '7', '65', '59', '4', '45', '52', '63', '19', '51', '61', '9'}
| | | +-- , 11 , set() , {'57', '28', '56', '12', '49', '60', '30', '47', '13', '18', '36', '59', '11', '61', '26'}
| | +-- , 13 , {15} , {'54', '40', '60', '25', '24', '31', '14', '47', '10', '38', '64', '21', '12', '49', '32', '59', '33', '45', '3', '1', '63', '15', '22', '28', '2', '50', '39', '0', '13', '57', '46', '5', '11', '27', '30', '18', '36', '65', '20', '4', '8', '51', '61', '9'}
| | | +-- , 15 , set() , {'2', '50', '60', '40', '25', '39', '0', '13', '17', '24', '46', '31', '14', '47', '29', '61', '5', '10', '38', '64', '21', '27', '12', '30', '32', '18', '36', '44', '33', '45', '4', '3', '1', '8', '63', '15', '9'}


Max number of edges with non zero Y: 33
Max number of iterations of outer rounding loop: 5
Max number of candidate sets: 2
Time spent rounding: 1.428
Time spent solving Separator LP: 0.025
Total time spent solving: 2.083

LP Solver: gammaPlusFractionalCoverHeuristic
Number of Rounding Attemps: 8
Lower Bound Witness = ({'22', '54', '16', '28', '2', '6', '50', '60', '40', '25', '39', '23', '0', '13', '35', '17', '24', '57', '46', '31', '14', '56', '62', '47', '29', '61', '5', '11', '37', '42', '10', '38', '64', '21', '27', '12', '49', '30', '43', '32', '18', '36', '55', '59', '65', '7', '44', '26', '20', '33', '45', '4', '53', '58', '3', '34', '1', '8', '41', '52', '63', '19', '51', '15', '9'}, {'4', '32', '5', '53', '35'})