11, 4.0, 7.5, 8
+-- , 0 , {5, 27, 29} , {'xL15J', 'xL23J', 'xL22J', 'xL14J', 'xL5J', 'xL24J', 'xL19J', 'xL1J', 'xL11J'}
| +-- , 5 , {13} , {'xL15J', 'xL17J', 'xL18J', 'xL23J', 'xL22J', 'xL5J', 'xL24J', 'xL21J', 'xL20J', 'xL0J', 'xL14J', 'xL12J', 'xL2J', 'xL19J', 'xL1J'}
| | +-- , 13 , {17, 25, 15} , {'xL15J', 'xL18J', 'xL23J', 'xL20J', 'xL0J', 'xL22J', 'xL14J', 'xL9J', 'xL12J', 'xL2J', 'xL5J', 'xL24J', 'xL19J', 'xL1J'}
| | | +-- , 17 , {19, 23} , {'xL15J', 'xL18J', 'xL23J', 'xL0J', 'xL2J', 'xL22J', 'xL14J', 'xL9J', 'xL12J', 'xL6J', 'xL24J', 'xL19J'}
| | | | +-- , 19 , {21} , {'xL24J', 'xL0J', 'xL6J', 'xL14J', 'xL2J', 'xL4J'}
| | | | | +-- , 21 , set() , {'xL4J', 'xL14J', 'xL13J', 'xL24J'}
| | | | +-- , 23 , set() , {'xL15J', 'xL23J', 'xL6J', 'xL9J', 'xL12J', 'xL7J'}
| | | +-- , 25 , set() , {'xL10J', 'xL9J', 'xL0J', 'xL2J'}
| | | +-- , 15 , set() , {'xL0J', 'xL20J', 'xL9J', 'xL5J', 'xL3J'}
| +-- , 27 , set() , {'xL15J', 'xL22J', 'xL8J'}
| +-- , 29 , set() , {'xL15J', 'xL16J', 'xL1J', 'xL24J'}


Max number of edges with non zero Y: 7
Max number of iterations of outer rounding loop: 0
Max number of candidate sets: 0
Time spent rounding: 0.000
Time spent solving Separator LP: 6.977
Total time spent solving: 7.951

LP Solver: GaifmanNormalILP
Lower Bound Witness = ({'xL10J', 'xL8J', 'xL16J', 'xL3J', 'xL21J', 'xL6J', 'xL14J', 'xL19J', 'xL1J', 'xL15J', 'xL17J', 'xL18J', 'xL23J', 'xL22J', 'xL5J', 'xL24J', 'xL4J', 'xL11J', 'xL13J', 'xL20J', 'xL0J', 'xL9J', 'xL12J', 'xL2J', 'xL7J'}, {'xL8J', 'xL16J', 'xL21J', 'xL6J', 'xL14J', 'xL19J', 'xL1J', 'xL15J', 'xL17J', 'xL18J', 'xL23J', 'xL22J', 'xL5J', 'xL24J', 'xL4J', 'xL11J', 'xL13J', 'xL20J', 'xL0J'})