52, 1.0294117647058822, 4.0, 4
+-- , 0 , {96, 82, 3, 106} , {'xL14JL7J', 'xL12JL7J', 'xL15JL6J', 'xL14JL6J', 'xL16JL6J', 'xL13JL7J', 'xL13JL6J', 'xL17JL6J'}
| +-- , 96 , {98} , {'xL12JL7J', 'xL13JL8J', 'xL13JL6J', 'xL13JL7J', 'xL13JL9J'}
| | +-- , 98 , {100} , {'xL12JL10J', 'xL12JL7J', 'xL13JL8J', 'xL12JL8J', 'xL12JL9J', 'xL13JL9J'}
| | | +-- , 100 , {102} , {'xL10JL10J', 'xL9JL10J', 'xL11JL10J', 'xL12JL10J'}
| | | | +-- , 102 , {104} , {'xL10JL10J', 'xL10JL11J', 'xL9JL10J', 'xL11JL10J'}
| | | | | +-- , 104 , set() , {'xL10JL11J', 'xL9JL10J', 'xL11JL10J', 'xL9JL11J', 'xL11JL11J'}
| +-- , 82 , {84} , {'xL17JL7J', 'xL17JL6J'}
| | +-- , 84 , {86} , {'xL17JL7J', 'xL18JL7J', 'xL19JL7J'}
| | | +-- , 86 , {89} , {'xL18JL9J', 'xL18JL11J', 'xL18JL7J', 'xL19JL7J', 'xL18JL10J', 'xL18JL8J'}
| | | | +-- , 89 , {91} , {'xL19JL11J', 'xL18JL9J', 'xL18JL11J', 'xL19JL8J', 'xL19JL7J', 'xL19JL10J', 'xL18JL10J', 'xL19JL9J', 'xL18JL8J'}
| | | | | +-- , 91 , {93} , {'xL18JL9J', 'xL15JL9J', 'xL18JL10J', 'xL15JL10J', 'xL14JL10J', 'xL17JL10J', 'xL19JL10J', 'xL16JL9J', 'xL17JL9J', 'xL19JL9J', 'xL16JL10J'}
| | | | | | +-- , 93 , set() , {'xL14JL11J', 'xL16JL8J', 'xL15JL10J', 'xL14JL10J', 'xL16JL9J', 'xL15JL11J', 'xL15JL9J', 'xL15JL8J', 'xL16JL11J', 'xL16JL10J'}
| +-- , 3 , {5} , {'xL14JL7J', 'xL12JL7J', 'xL10JL7J', 'xL9JL7J', 'xL11JL7J', 'xL13JL7J'}
| | +-- , 5 , {10, 76} , {'xL8JL3J', 'xL6JL2J', 'xL4JL2J', 'xL8JL2J', 'xL8JL4J', 'xL10JL7J', 'xL3JL2J', 'xL1JL2J', 'xL8JL5J', 'xL2JL2J', 'xL9JL7J', 'xL11JL7J', 'xL5JL2J'}
| | | +-- , 10 , {58, 42, 13} , {'xL8JL3J', 'xL6JL2J', 'xL4JL2J', 'xL4JL6J', 'xL8JL4J', 'xL10JL7J', 'xL1JL2J', 'xL8JL5J', 'xL3JL2J', 'xL7JL6J', 'xL6JL6J', 'xL9JL7J', 'xL5JL6J', 'xL3JL6J', 'xL5JL2J', 'xL2JL2J', 'xL11JL7J'}
| | | | +-- , 58 , {60} , {'xL6JL2J', 'xL4JL2J', 'xL3JL2J', 'xL1JL2J', 'xL2JL2J', 'xL3JL6J', 'xL3JL5J', 'xL5JL2J'}
| | | | | +-- , 60 , {62} , {'xL6JL2J', 'xL4JL2J', 'xL1JL5J', 'xL2JL5J', 'xL1JL2J', 'xL3JL2J', 'xL2JL2J', 'xL3JL5J', 'xL5JL2J'}
| | | | | | +-- , 62 , {65} , {'xL2JL4J', 'xL6JL2J', 'xL4JL2J', 'xL2JL1J', 'xL2JL3J', 'xL1JL2J', 'xL3JL2J', 'xL5JL2J', 'xL1JL5J', 'xL2JL5J', 'xL2JL2J'}
| | | | | | | +-- , 65 , {67} , {'xL1JL1J', 'xL1JL3J', 'xL2JL4J', 'xL6JL2J', 'xL4JL2J', 'xL2JL1J', 'xL1JL5J', 'xL2JL3J', 'xL1JL4J', 'xL1JL2J', 'xL3JL2J', 'xL5JL2J'}
| | | | | | | | +-- , 67 , {69} , {'xL1JL3J', 'xL6JL2J', 'xL4JL2J', 'xL5JL3J', 'xL4JL3J', 'xL2JL3J', 'xL3JL3J', 'xL3JL2J', 'xL5JL2J'}
| | | | | | | | | +-- , 69 , {72} , {'xL6JL2J', 'xL4JL2J', 'xL4JL4J', 'xL5JL3J', 'xL4JL3J', 'xL4JL1J', 'xL5JL2J'}
| | | | | | | | | | +-- , 72 , {74} , {'xL6JL2J', 'xL4JL4J', 'xL5JL3J', 'xL5JL4J', 'xL5JL1J', 'xL4JL1J', 'xL5JL2J'}
| | | | | | | | | | | +-- , 74 , set() , {'xL6JL2J', 'xL6JL1J', 'xL5JL1J', 'xL4JL1J'}
| | | | +-- , 42 , {52, 46} , {'xL4JL6J', 'xL2JL11J', 'xL2JL8J', 'xL2JL7J', 'xL2JL10J', 'xL5JL6J', 'xL3JL8J', 'xL2JL9J', 'xL1JL8J'}
| | | | | +-- , 52 , {54} , {'xL4JL6J', 'xL2JL8J', 'xL1JL8J', 'xL5JL6J', 'xL3JL8J', 'xL4JL8J'}
| | | | | | +-- , 54 , {56} , {'xL4JL6J', 'xL4JL7J', 'xL5JL6J', 'xL4JL8J'}
| | | | | | | +-- , 56 , set() , {'xL4JL7J', 'xL5JL6J', 'xL5JL7J'}
| | | | | +-- , 46 , {48, 50} , {'xL2JL11J', 'xL2JL7J', 'xL1JL9J', 'xL2JL10J', 'xL3JL8J', 'xL2JL9J', 'xL1JL8J'}
| | | | | | +-- , 48 , set() , {'xL1JL7J', 'xL2JL11J', 'xL1JL11J', 'xL2JL7J', 'xL1JL9J', 'xL2JL10J', 'xL1JL10J', 'xL1JL8J'}
| | | | | | +-- , 50 , set() , {'xL1JL9J', 'xL3JL9J', 'xL3JL8J', 'xL2JL9J'}
| | | | +-- , 13 , {15} , {'xL8JL3J', 'xL8JL4J', 'xL10JL7J', 'xL6JL5J', 'xL7JL6J', 'xL8JL5J', 'xL6JL6J', 'xL9JL7J', 'xL11JL7J'}
| | | | | +-- , 15 , {17} , {'xL8JL3J', 'xL7JL3J', 'xL8JL4J', 'xL9JL5J', 'xL10JL7J', 'xL6JL5J', 'xL8JL5J', 'xL10JL5J', 'xL7JL6J', 'xL11JL5J', 'xL7JL4J', 'xL9JL7J', 'xL7JL5J', 'xL11JL7J'}
| | | | | | +-- , 17 , {32, 20} , {'xL10JL6J', 'xL9JL5J', 'xL10JL7J', 'xL10JL5J', 'xL11JL4J', 'xL10JL4J', 'xL11JL5J', 'xL10JL8J', 'xL9JL8J', 'xL9JL6J', 'xL9JL7J', 'xL11JL7J', 'xL11JL6J'}
| | | | | | | +-- , 32 , {34} , {'xL11JL4J', 'xL14JL4J', 'xL10JL4J', 'xL12JL4J', 'xL13JL4J'}
| | | | | | | | +-- , 34 , {37} , {'xL14JL4J', 'xL13JL4J', 'xL14JL3J', 'xL15JL3J', 'xL12JL4J', 'xL12JL3J', 'xL13JL3J'}
| | | | | | | | | +-- , 37 , {40} , {'xL14JL4J', 'xL13JL2J', 'xL13JL4J', 'xL14JL1J', 'xL14JL3J', 'xL15JL3J', 'xL14JL2J', 'xL13JL1J', 'xL13JL3J'}
| | | | | | | | | | +-- , 40 , set() , {'xL15JL1J', 'xL15JL2J', 'xL13JL2J', 'xL16JL2J', 'xL14JL1J', 'xL16JL1J', 'xL15JL3J', 'xL14JL2J', 'xL13JL1J'}
| | | | | | | +-- , 20 , {22} , {'xL6JL8J', 'xL8JL8J', 'xL10JL8J', 'xL7JL8J', 'xL9JL8J'}
| | | | | | | | +-- , 22 , {25} , {'xL6JL8J', 'xL8JL8J', 'xL7JL9J', 'xL5JL9J', 'xL7JL8J', 'xL6JL9J', 'xL8JL9J'}
| | | | | | | | | +-- , 25 , {28} , {'xL6JL11J', 'xL6JL8J', 'xL7JL9J', 'xL5JL9J', 'xL7JL8J', 'xL6JL9J', 'xL6JL10J'}
| | | | | | | | | | +-- , 28 , {30} , {'xL6JL10J', 'xL6JL11J', 'xL7JL9J', 'xL5JL9J', 'xL7JL8J', 'xL7JL11J', 'xL5JL10J', 'xL7JL10J', 'xL5JL11J'}
| | | | | | | | | | | +-- , 30 , set() , {'xL6JL10J', 'xL6JL11J', 'xL7JL11J', 'xL5JL10J', 'xL4JL10J', 'xL4JL11J', 'xL7JL10J', 'xL5JL11J'}
| | | +-- , 76 , {78} , {'xL9JL2J', 'xL8JL2J', 'xL10JL2J', 'xL11JL2J'}
| | | | +-- , 78 , {80} , {'xL9JL2J', 'xL10JL1J', 'xL10JL2J', 'xL11JL2J'}
| | | | | +-- , 80 , set() , {'xL11JL1J', 'xL9JL2J', 'xL9JL1J', 'xL10JL1J', 'xL11JL2J'}
| +-- , 106 , {116, 110} , {'xL19JL2J', 'xL15JL6J', 'xL18JL4J', 'xL19JL5J', 'xL16JL6J', 'xL19JL1J', 'xL19JL4J', 'xL19JL3J', 'xL17JL4J'}
| | +-- , 116 , {118} , {'xL16JL4J', 'xL15JL6J', 'xL18JL4J', 'xL16JL6J', 'xL19JL4J', 'xL17JL4J'}
| | | +-- , 118 , {120} , {'xL16JL4J', 'xL16JL6J', 'xL15JL6J', 'xL16JL5J'}
| | | | +-- , 120 , set() , {'xL16JL5J', 'xL15JL5J', 'xL15JL6J'}
| | +-- , 110 , {112} , {'xL19JL2J', 'xL18JL4J', 'xL19JL5J', 'xL19JL1J', 'xL18JL1J', 'xL19JL3J', 'xL17JL4J'}
| | | +-- , 112 , {114} , {'xL19JL2J', 'xL18JL3J', 'xL18JL4J', 'xL19JL5J', 'xL18JL5J', 'xL18JL1J', 'xL19JL3J', 'xL17JL4J', 'xL18JL2J'}
| | | | +-- , 114 , set() , {'xL17JL3J', 'xL19JL3J', 'xL17JL4J', 'xL18JL3J'}


Max number of edges with non zero Y: 4
Max number of iterations of outer rounding loop: 2
Max number of candidate sets: 2
Time spent rounding: 59.705
Time spent solving Separator LP: 5.040
Total time spent solving: 87.091

LP Solver: GaifmanBoosted
Lower Bound Witness = ({'xL8JL3J', 'xL19JL2J', 'xL2JL1J', 'xL18JL3J', 'xL17JL3J', 'xL11JL10J', 'xL7JL6J', 'xL14JL10J', 'xL15JL3J', 'xL9JL11J', 'xL9JL6J', 'xL13JL3J', 'xL12JL10J', 'xL15JL1J', 'xL1JL3J', 'xL11JL6J', 'xL16JL1J', 'xL18JL1J', 'xL18JL10J', 'xL12JL9J', 'xL10JL11J', 'xL2JL4J', 'xL18JL9J', 'xL2JL3J', 'xL9JL5J', 'xL5JL10J', 'xL4JL11J', 'xL9JL1J', 'xL12JL8J', 'xL6JL11J', 'xL4JL3J', 'xL12JL7J', 'xL5JL1J', 'xL7JL11J', 'xL14JL3J', 'xL7JL10J', 'xL18JL2J', 'xL14JL4J', 'xL7JL3J', 'xL16JL8J', 'xL11JL1J', 'xL10JL7J', 'xL6JL5J', 'xL19JL8J', 'xL3JL2J', 'xL7JL4J', 'xL10JL8J', 'xL16JL9J', 'xL1JL10J', 'xL10JL1J', 'xL15JL9J', 'xL5JL9J', 'xL15JL6J', 'xL18JL11J', 'xL17JL9J', 'xL19JL3J', 'xL1JL7J', 'xL15JL2J', 'xL7JL9J', 'xL1JL11J', 'xL19JL7J', 'xL10JL5J', 'xL11JL5J', 'xL3JL9J', 'xL19JL9J', 'xL17JL4J', 'xL1JL8J', 'xL8JL9J', 'xL5JL7J', 'xL19JL11J', 'xL16JL4J', 'xL1JL5J', 'xL3JL3J', 'xL3JL5J', 'xL11JL2J', 'xL13JL2J', 'xL5JL4J', 'xL8JL4J', 'xL16JL5J', 'xL19JL5J', 'xL15JL10J', 'xL6JL6J', 'xL6JL9J', 'xL14JL1J', 'xL16JL6J', 'xL13JL6J', 'xL5JL6J', 'xL2JL9J', 'xL5JL2J', 'xL17JL6J', 'xL5JL3J', 'xL15JL8J', 'xL2JL8J', 'xL16JL2J', 'xL16JL11J', 'xL7JL5J', 'xL6JL10J', 'xL19JL4J', 'xL11JL11J', 'xL16JL10J', 'xL14JL7J', 'xL14JL11J', 'xL1JL1J', 'xL4JL2J', 'xL8JL2J', 'xL9JL10J', 'xL18JL7J', 'xL18JL4J', 'xL14JL2J', 'xL12JL4J', 'xL15JL11J', 'xL3JL8J', 'xL1JL4J', 'xL4JL4J', 'xL8JL8J', 'xL4JL7J', 'xL2JL5J', 'xL4JL1J', 'xL18JL5J', 'xL10JL4J', 'xL9JL2J', 'xL9JL8J', 'xL4JL6J', 'xL7JL8J', 'xL4JL10J', 'xL19JL1J', 'xL12JL3J', 'xL15JL5J', 'xL13JL7J', 'xL5JL11J', 'xL2JL11J', 'xL11JL4J', 'xL17JL10J', 'xL1JL9J', 'xL11JL7J', 'xL13JL8J', 'xL18JL8J', 'xL6JL2J', 'xL10JL6J', 'xL2JL7J', 'xL1JL2J', 'xL8JL5J', 'xL13JL9J', 'xL19JL10J', 'xL13JL1J', 'xL9JL7J', 'xL3JL6J', 'xL6JL8J', 'xL13JL4J', 'xL10JL10J', 'xL14JL6J', 'xL17JL7J', 'xL2JL2J', 'xL2JL10J', 'xL6JL1J', 'xL10JL2J', 'xL4JL8J'}, {'xL15JL2J', 'xL19JL7J', 'xL3JL8J', 'xL19JL3J', 'xL13JL7J'})