50, 2.875411477986149, 7.0, 7
+-- , 0 , {97, 64, 3, 99, 102, 103, 17, 95, 89} , {'xL60J', 'xL66J', 'xL29J', 'xL0J', 'xL44J', 'xL49J', 'xL10J', 'xL8J', 'xL14J', 'xL35J', 'xL27J'}
| +-- , 97 , set() , {'xL10J', 'xL77J'}
| +-- , 64 , {67, 83, 85} , {'xL29J', 'xL20J', 'xL49J', 'xL64J', 'xL6J', 'xL8J', 'xL14J', 'xL27J'}
| | +-- , 67 , {81, 69} , {'xL20J', 'xL49J', 'xL64J', 'xL52J', 'xL6J', 'xL8J'}
| | | +-- , 81 , set() , {'xL63J', 'xL52J'}
| | | +-- , 69 , {71} , {'xL59J', 'xL11J', 'xL49J', 'xL64J', 'xL52J', 'xL6J', 'xL8J', 'xL18J'}
| | | | +-- , 71 , {73} , {'xL59J', 'xL11J', 'xL8J', 'xL58J', 'xL18J'}
| | | | | +-- , 73 , {75} , {'xL11J', 'xL12J', 'xL68J', 'xL8J', 'xL58J', 'xL18J'}
| | | | | | +-- , 75 , {77} , {'xL46J', 'xL12J', 'xL68J', 'xL8J', 'xL58J'}
| | | | | | | +-- , 77 , {79} , {'xL79J', 'xL46J', 'xL8J', 'xL58J', 'xL68J', 'xL53J'}
| | | | | | | | +-- , 79 , set() , {'xL28J', 'xL68J', 'xL53J'}
| | +-- , 83 , set() , {'xL13J', 'xL20J'}
| | +-- , 85 , {87} , {'xL64J', 'xL50J'}
| | | +-- , 87 , set() , {'xL39J', 'xL50J'}
| +-- , 3 , {5, 7} , {'xL19J', 'xL66J', 'xL10J', 'xL24J', 'xL14J', 'xL35J', 'xL27J'}
| | +-- , 5 , set() , {'xL74J', 'xL19J', 'xL66J', 'xL10J', 'xL27J'}
| | +-- , 7 , {9, 11} , {'xL19J', 'xL24J', 'xL67J', 'xL3J'}
| | | +-- , 9 , set() , {'xL67J', 'xL71J'}
| | | +-- , 11 , {13} , {'xL30J', 'xL67J'}
| | | | +-- , 13 , set() , {'xL30J', 'xL62J'}
| +-- , 99 , {101} , {'xL49J', 'xL22J'}
| | +-- , 101 , set() , {'xL5J', 'xL22J'}
| +-- , 102 , set() , {'xL36J', 'xL48J'}
| +-- , 103 , set() , {'xL26J', 'xL70J'}
| +-- , 17 , {19} , {'xL60J', 'xL29J', 'xL49J', 'xL8J', 'xL27J', 'xL66J', 'xL0J', 'xL44J', 'xL21J', 'xL10J', 'xL14J'}
| | +-- , 19 , {22} , {'xL60J', 'xL29J', 'xL49J', 'xL8J', 'xL25J', 'xL27J', 'xL66J', 'xL0J', 'xL44J', 'xL21J', 'xL10J', 'xL42J'}
| | | +-- , 22 , {24, 62} , {'xL60J', 'xL29J', 'xL49J', 'xL8J', 'xL25J', 'xL27J', 'xL33J', 'xL66J', 'xL0J', 'xL44J', 'xL10J', 'xL42J'}
| | | | +-- , 24 , {36, 54, 56, 60, 28} , {'xL60J', 'xL29J', 'xL49J', 'xL8J', 'xL25J', 'xL27J', 'xL23J', 'xL33J', 'xL66J', 'xL37J', 'xL0J', 'xL44J', 'xL10J'}
| | | | | +-- , 36 , {50, 38} , {'xL60J', 'xL29J', 'xL49J', 'xL8J', 'xL25J', 'xL23J', 'xL33J', 'xL37J', 'xL0J', 'xL44J', 'xL69J'}
| | | | | | +-- , 50 , {52} , {'xL32J', 'xL23J', 'xL37J', 'xL69J'}
| | | | | | | +-- , 52 , set() , {'xL32J', 'xL23J', 'xL37J', 'xL31J'}
| | | | | | +-- , 38 , {48, 40} , {'xL23J', 'xL60J', 'xL33J', 'xL29J', 'xL47J', 'xL44J', 'xL49J', 'xL8J', 'xL25J', 'xL69J'}
| | | | | | | +-- , 48 , set() , {'xL7J', 'xL47J', 'xL33J'}
| | | | | | | +-- , 40 , {42, 44, 46} , {'xL23J', 'xL60J', 'xL4J', 'xL29J', 'xL47J', 'xL76J', 'xL44J', 'xL49J', 'xL8J', 'xL25J', 'xL54J'}
| | | | | | | | +-- , 42 , set() , {'xL25J', 'xL54J', 'xL38J'}
| | | | | | | | +-- , 44 , set() , {'xL75J', 'xL4J', 'xL76J', 'xL44J'}
| | | | | | | | +-- , 46 , set() , {'xL4J', 'xL61J'}
| | | | | +-- , 54 , set() , {'xL23J', 'xL57J', 'xL25J', 'xL44J'}
| | | | | +-- , 56 , {58} , {'xL23J', 'xL17J'}
| | | | | | +-- , 58 , set() , {'xL40J', 'xL17J'}
| | | | | +-- , 60 , set() , {'xL45J', 'xL37J'}
| | | | | +-- , 28 , {34, 30} , {'xL23J', 'xL66J', 'xL49J', 'xL1J', 'xL10J', 'xL8J', 'xL25J', 'xL27J'}
| | | | | | +-- , 34 , set() , {'xL1J', 'xL25J', 'xL34J', 'xL27J'}
| | | | | | +-- , 30 , {32} , {'xL23J', 'xL2J', 'xL66J', 'xL65J', 'xL1J', 'xL8J'}
| | | | | | | +-- , 32 , set() , {'xL9J', 'xL8J', 'xL66J', 'xL2J'}
| | | | +-- , 62 , set() , {'xL33J', 'xL51J'}
| +-- , 95 , set() , {'xL66J', 'xL41J', 'xL27J'}
| +-- , 89 , {91, 93} , {'xL8J', 'xL15J'}
| | +-- , 91 , set() , {'xL16J', 'xL15J'}
| | +-- , 93 , set() , {'xL15J', 'xL73J'}


Max number of edges with non zero Y: 29
Max number of iterations of outer rounding loop: 7
Max number of candidate sets: 2
Time spent rounding: 10.611
Time spent solving Separator LP: 0.816
Total time spent solving: 16.399

LP Solver: GaifmanBoosted
Lower Bound Witness = ({'xL31J', 'xL15J', 'xL2J', 'xL51J', 'xL59J', 'xL46J', 'xL65J', 'xL29J', 'xL63J', 'xL47J', 'xL76J', 'xL68J', 'xL39J', 'xL62J', 'xL45J', 'xL32J', 'xL64J', 'xL24J', 'xL57J', 'xL67J', 'xL25J', 'xL58J', 'xL18J', 'xL17J', 'xL23J', 'xL4J', 'xL79J', 'xL33J', 'xL11J', 'xL37J', 'xL0J', 'xL12J', 'xL40J', 'xL10J', 'xL42J', 'xL6J', 'xL41J', 'xL14J', 'xL35J', 'xL5J', 'xL60J', 'xL13J', 'xL3J', 'xL77J', 'xL49J', 'xL38J', 'xL8J', 'xL9J', 'xL7J', 'xL28J', 'xL71J', 'xL34J', 'xL54J', 'xL27J', 'xL16J', 'xL74J', 'xL50J', 'xL19J', 'xL22J', 'xL66J', 'xL75J', 'xL73J', 'xL20J', 'xL44J', 'xL1J', 'xL30J', 'xL53J', 'xL21J', 'xL52J', 'xL61J', 'xL69J'}, {'xL15J', 'xL65J', 'xL29J', 'xL32J', 'xL64J', 'xL24J', 'xL57J', 'xL17J', 'xL11J', 'xL37J', 'xL0J', 'xL40J', 'xL6J', 'xL41J', 'xL14J', 'xL35J', 'xL5J', 'xL38J', 'xL9J', 'xL27J', 'xL50J', 'xL66J', 'xL75J', 'xL73J', 'xL20J', 'xL44J'})