8, 2.3632513808636313, 5.133319685764733, 8
+-- , 0 , {20} , {'xL3J', 'xL21J', 'xL11J', 'xL20J', 'xL32J', 'xL5J', 'xL16J', 'xL6J', 'xL28J', 'xL4J', 'xL14J', 'xL23J', 'xL34J', 'xL1J', 'xL8J', 'xL27J', 'xL15J', 'xL26J', 'xL38J', 'xL25J', 'xL31J', 'xL33J', 'xL24J', 'xL35J', 'xL36J', 'xL18J', 'xL22J', 'xL13J', 'xL2J', 'xL37J', 'xL10J', 'xL17J', 'xL0J'}
| +-- , 20 , {28, 22} , {'xL3J', 'xL21J', 'xL11J', 'xL20J', 'xL32J', 'xL5J', 'xL16J', 'xL6J', 'xL28J', 'xL4J', 'xL14J', 'xL23J', 'xL34J', 'xL1J', 'xL8J', 'xL27J', 'xL15J', 'xL26J', 'xL38J', 'xL25J', 'xL31J', 'xL33J', 'xL24J', 'xL35J', 'xL18J', 'xL22J', 'xL13J', 'xL2J', 'xL37J', 'xL10J', 'xL17J', 'xL29J', 'xL0J'}
| | +-- , 28 , {30} , {'xL11J', 'xL32J', 'xL5J', 'xL16J', 'xL9J', 'xL6J', 'xL28J', 'xL4J', 'xL14J', 'xL34J', 'xL1J', 'xL8J', 'xL15J', 'xL38J', 'xL33J', 'xL35J', 'xL22J', 'xL13J', 'xL2J', 'xL37J', 'xL10J', 'xL17J', 'xL29J', 'xL0J'}
| | | +-- , 30 , {32} , {'xL11J', 'xL32J', 'xL5J', 'xL16J', 'xL9J', 'xL6J', 'xL28J', 'xL4J', 'xL14J', 'xL34J', 'xL1J', 'xL8J', 'xL15J', 'xL38J', 'xL33J', 'xL39J', 'xL35J', 'xL22J', 'xL13J', 'xL37J', 'xL10J', 'xL17J', 'xL29J', 'xL0J'}
| | | | +-- , 32 , set() , {'xL15J', 'xL9J', 'xL7J', 'xL29J', 'xL22J', 'xL11J', 'xL6J', 'xL28J', 'xL13J', 'xL39J', 'xL4J', 'xL35J', 'xL32J', 'xL37J', 'xL0J', 'xL16J', 'xL8J'}
| | +-- , 22 , {24, 26} , {'xL3J', 'xL21J', 'xL11J', 'xL20J', 'xL32J', 'xL5J', 'xL28J', 'xL4J', 'xL14J', 'xL23J', 'xL1J', 'xL26J', 'xL38J', 'xL25J', 'xL31J', 'xL33J', 'xL35J', 'xL19J', 'xL18J', 'xL22J', 'xL13J', 'xL2J', 'xL37J', 'xL29J', 'xL0J'}
| | | +-- , 24 , set() , {'xL3J', 'xL26J', 'xL11J', 'xL20J', 'xL12J', 'xL38J', 'xL25J', 'xL13J', 'xL2J', 'xL14J', 'xL4J', 'xL5J', 'xL37J', 'xL19J', 'xL23J', 'xL29J'}
| | | +-- , 26 , set() , {'xL3J', 'xL21J', 'xL29J', 'xL22J', 'xL20J', 'xL33J', 'xL28J', 'xL32J', 'xL14J', 'xL35J', 'xL5J', 'xL37J', 'xL19J', 'xL30J', 'xL1J'}


Max number of edges with non zero Y: 33
Max number of iterations of outer rounding loop: 7
Max number of candidate sets: 2
Time spent rounding: 94.618
Time spent solving Separator LP: 23.892

LP Solver: GaifmanNormal8, 2.282251262981481, 5.1013779527559056, 8
+-- , 0 , {13} , {'xL33J', 'xL37J', 'xL19J', 'xL3J', 'xL24J', 'xL30J', 'xL35J', 'xL28J', 'xL17J', 'xL11J', 'xL8J', 'xL32J', 'xL18J', 'xL15J', 'xL5J', 'xL14J', 'xL20J', 'xL10J', 'xL22J', 'xL21J', 'xL27J', 'xL31J', 'xL29J', 'xL6J', 'xL1J', 'xL13J'}
| +-- , 13 , {19} , {'xL33J', 'xL37J', 'xL19J', 'xL3J', 'xL24J', 'xL35J', 'xL28J', 'xL11J', 'xL8J', 'xL17J', 'xL26J', 'xL32J', 'xL18J', 'xL15J', 'xL14J', 'xL5J', 'xL20J', 'xL25J', 'xL10J', 'xL4J', 'xL22J', 'xL21J', 'xL27J', 'xL31J', 'xL29J', 'xL23J', 'xL16J', 'xL6J', 'xL1J', 'xL13J'}
| | +-- , 19 , {23} , {'xL33J', 'xL37J', 'xL19J', 'xL3J', 'xL35J', 'xL28J', 'xL11J', 'xL8J', 'xL17J', 'xL26J', 'xL32J', 'xL18J', 'xL0J', 'xL12J', 'xL15J', 'xL5J', 'xL14J', 'xL20J', 'xL25J', 'xL10J', 'xL38J', 'xL4J', 'xL22J', 'xL21J', 'xL27J', 'xL31J', 'xL29J', 'xL23J', 'xL16J', 'xL6J', 'xL1J', 'xL13J'}
| | | +-- , 23 , {25, 31} , {'xL33J', 'xL34J', 'xL37J', 'xL3J', 'xL35J', 'xL28J', 'xL11J', 'xL8J', 'xL17J', 'xL26J', 'xL32J', 'xL18J', 'xL0J', 'xL12J', 'xL15J', 'xL14J', 'xL5J', 'xL20J', 'xL25J', 'xL38J', 'xL10J', 'xL13J', 'xL4J', 'xL22J', 'xL21J', 'xL27J', 'xL31J', 'xL29J', 'xL23J', 'xL16J', 'xL6J', 'xL1J', 'xL2J'}
| | | | +-- , 25 , {27} , {'xL33J', 'xL34J', 'xL37J', 'xL35J', 'xL28J', 'xL11J', 'xL8J', 'xL17J', 'xL32J', 'xL0J', 'xL2J', 'xL15J', 'xL5J', 'xL14J', 'xL38J', 'xL10J', 'xL4J', 'xL22J', 'xL29J', 'xL16J', 'xL9J', 'xL6J', 'xL1J', 'xL13J'}
| | | | | +-- , 27 , {29} , {'xL33J', 'xL34J', 'xL37J', 'xL35J', 'xL28J', 'xL11J', 'xL8J', 'xL17J', 'xL32J', 'xL0J', 'xL15J', 'xL14J', 'xL5J', 'xL38J', 'xL10J', 'xL4J', 'xL22J', 'xL29J', 'xL16J', 'xL39J', 'xL9J', 'xL6J', 'xL1J', 'xL13J'}
| | | | | | +-- , 29 , set() , {'xL37J', 'xL8J', 'xL11J', 'xL29J', 'xL32J', 'xL16J', 'xL39J', 'xL0J', 'xL35J', 'xL9J', 'xL4J', 'xL6J', 'xL15J', 'xL22J', 'xL28J', 'xL13J', 'xL7J'}
| | | | +-- , 31 , set() , {'xL34J', 'xL3J', 'xL35J', 'xL28J', 'xL17J', 'xL8J', 'xL26J', 'xL32J', 'xL18J', 'xL0J', 'xL14J', 'xL5J', 'xL20J', 'xL36J', 'xL13J', 'xL4J', 'xL22J', 'xL21J', 'xL31J', 'xL23J', 'xL1J', 'xL2J'}


Max number of edges with non zero Y: 31
Max number of iterations of outer rounding loop: 8
Max number of candidate sets: 2
Time spent rounding: 106.394
Time spent solving Separator LP: 20.128

LP Solver: GaifmanNormal