21, 2.6926530795452965, 7.5, 9
+-- , 0 , {34, 3, 28} , {'12', '10', '45', '13', '37', '24', '20', '57', '52', '40', '22', '23', '34', '46', '51', '8', '31', '16', '5'}
| +-- , 34 , {36, 38, 42} , {'24', '55', '57', '54', '12', '53', '40', '23', '10', '45', '51', '8', '31'}
| | +-- , 36 , set() , {'47', '54', '57', '44', '30', '45', '31'}
| | +-- , 38 , {40} , {'25', '55', '45', '31'}
| | | +-- , 40 , set() , {'1', '25', '55', '36'}
| | +-- , 42 , set() , {'55', '21', '45', '12'}
| +-- , 3 , {5} , {'12', '10', '39', '45', '37', '24', '57', '40', '22', '23', '33', '46', '8', '5', '6', '20', '52', '34', '51', '31', '16'}
| | +-- , 5 , {7} , {'12', '10', '39', '45', '37', '24', '57', '40', '22', '23', '33', '46', '8', '43', '6', '20', '52', '34', '51', '16'}
| | | +-- , 7 , {10, 26} , {'2', '12', '6', '10', '39', '45', '37', '24', '20', '57', '52', '40', '22', '23', '33', '34', '48', '46', '51', '16', '43'}
| | | | +-- , 10 , {24, 12} , {'2', '12', '6', '28', '10', '39', '45', '24', '20', '57', '52', '40', '22', '23', '33', '34', '48', '46', '41', '51', '16', '43'}
| | | | | +-- , 24 , set() , {'48', '28', '16', '50'}
| | | | | +-- , 12 , {14} , {'2', '11', '28', '10', '39', '45', '42', '24', '57', '9', '40', '23', '33', '46', '41', '43', '6', '20', '52', '34', '48', '51'}
| | | | | | +-- , 14 , {16, 22} , {'2', '6', '38', '11', '28', '10', '39', '24', '20', '57', '49', '9', '40', '23', '33', '34', '48', '46', '43'}
| | | | | | | +-- , 16 , {18, 20} , {'24', '26', '20', '2', '49', '3', '40', '23', '11', '34', '10', '46', '39', '43'}
| | | | | | | | +-- , 18 , set() , {'24', '3', '40', '56', '11', '46'}
| | | | | | | | +-- , 20 , set() , {'34', '3', '23', '32'}
| | | | | | | +-- , 22 , set() , {'6', '38', '28', '33', '48', '39', '4'}
| | | | +-- , 26 , set() , {'48', '37', '7', '20'}
| +-- , 28 , {32, 30} , {'20', '57', '12', '35', '46', '45', '15', '31', '5'}
| | +-- , 32 , set() , {'29', '35', '17', '31', '5'}
| | +-- , 30 , set() , {'46', '35', '15', '0'}


Max number of edges with non zero Y: 20
Max number of iterations of outer rounding loop: 6
Max number of candidate sets: 2
Time spent rounding: 10.811
Time spent solving Separator LP: 1.774

LP Solver: GaifmanBoosted