23, 2.661439580937882, 7.0, 7
+-- , 0 , {32, 34, 36, 6, 38, 40, 44, 46, 48} , {'xL37J', 'xL18J', 'xL29J', 'xL31J', 'xL25J', 'xL11J', 'xL16J', 'xL0J', 'xL21J', 'xL1J', 'xL5J', 'xL10J', 'xL28J', 'xL22J'}
| +-- , 32 , set() , {'xL37J', 'xL18J', 'xL31J', 'xL16J', 'xL6J'}
| +-- , 34 , set() , {'xL22J', 'xL0J', 'xL15J'}
| +-- , 36 , set() , {'xL37J', 'xL3J', 'xL10J', 'xL21J'}
| +-- , 6 , {8, 30} , {'xL37J', 'xL18J', 'xL31J', 'xL11J', 'xL0J', 'xL5J', 'xL28J', 'xL32J', 'xL29J', 'xL16J', 'xL21J', 'xL1J', 'xL10J', 'xL22J'}
| | +-- , 8 , {10, 20} , {'xL37J', 'xL18J', 'xL31J', 'xL11J', 'xL5J', 'xL28J', 'xL27J', 'xL32J', 'xL21J', 'xL1J', 'xL10J', 'xL22J'}
| | | +-- , 10 , {12} , {'xL37J', 'xL24J', 'xL18J', 'xL31J', 'xL28J', 'xL27J', 'xL32J', 'xL21J', 'xL1J', 'xL22J'}
| | | | +-- , 12 , {14} , {'xL37J', 'xL24J', 'xL27J', 'xL32J', 'xL18J', 'xL2J', 'xL31J', 'xL1J', 'xL28J', 'xL22J'}
| | | | | +-- , 14 , {16, 18} , {'xL37J', 'xL27J', 'xL32J', 'xL18J', 'xL2J', 'xL31J', 'xL17J', 'xL1J', 'xL23J', 'xL28J'}
| | | | | | +-- , 16 , set() , {'xL37J', 'xL23J', 'xL17J', 'xL8J'}
| | | | | | +-- , 18 , set() , {'xL12J', 'xL27J', 'xL20J', 'xL17J', 'xL23J', 'xL28J'}
| | | +-- , 20 , {28, 22} , {'xL37J', 'xL35J', 'xL27J', 'xL18J', 'xL21J', 'xL5J', 'xL10J', 'xL28J'}
| | | | +-- , 28 , set() , {'xL37J', 'xL35J', 'xL27J', 'xL5J', 'xL13J'}
| | | | +-- , 22 , {24} , {'xL37J', 'xL35J', 'xL27J', 'xL4J', 'xL28J'}
| | | | | +-- , 24 , {26} , {'xL37J', 'xL35J', 'xL4J', 'xL33J', 'xL28J'}
| | | | | | +-- , 26 , set() , {'xL4J', 'xL26J', 'xL33J'}
| | +-- , 30 , set() , {'xL38J', 'xL32J', 'xL18J', 'xL11J', 'xL16J', 'xL0J'}
| +-- , 38 , set() , {'xL7J', 'xL29J', 'xL16J'}
| +-- , 40 , {42} , {'xL37J', 'xL29J', 'xL31J', 'xL39J', 'xL5J', 'xL19J'}
| | +-- , 42 , set() , {'xL19J', 'xL31J', 'xL14J', 'xL39J'}
| +-- , 44 , set() , {'xL34J', 'xL31J', 'xL16J', 'xL36J'}
| +-- , 46 , set() , {'xL30J', 'xL21J', 'xL1J'}
| +-- , 48 , set() , {'xL9J', 'xL5J'}


Max number of edges with non zero Y: 26
Max number of iterations of outer rounding loop: 2
Max number of candidate sets: 2
Time spent rounding: 3.394
Time spent solving Separator LP: 0.396

LP Solver: GaifmanNormal