7, 2.472201767842232, 5.727459016393443, 8
+-- , 0 , {10} , {'xL39J', 'xL5J', 'xL9J', 'xL38J', 'xL1J', 'xL6J', 'xL30J', 'xL32J', 'xL20J', 'xL0J', 'xL8J', 'xL11J', 'xL15J', 'xL34J', 'xL12J', 'xL27J', 'xL29J', 'xL4J', 'xL16J', 'xL24J', 'xL21J', 'xL13J', 'xL2J', 'xL18J', 'xL31J', 'xL3J', 'xL14J', 'xL17J', 'xL36J', 'xL7J', 'xL26J', 'xL33J'}
| +-- , 10 , {14, 22} , {'xL39J', 'xL5J', 'xL9J', 'xL38J', 'xL1J', 'xL6J', 'xL30J', 'xL20J', 'xL32J', 'xL0J', 'xL8J', 'xL11J', 'xL15J', 'xL19J', 'xL34J', 'xL12J', 'xL27J', 'xL29J', 'xL4J', 'xL16J', 'xL24J', 'xL21J', 'xL13J', 'xL18J', 'xL31J', 'xL22J', 'xL3J', 'xL14J', 'xL17J', 'xL36J', 'xL7J', 'xL25J', 'xL26J', 'xL33J'}
| | +-- , 14 , {16} , {'xL39J', 'xL5J', 'xL9J', 'xL38J', 'xL1J', 'xL23J', 'xL6J', 'xL30J', 'xL20J', 'xL32J', 'xL0J', 'xL8J', 'xL11J', 'xL15J', 'xL19J', 'xL34J', 'xL12J', 'xL27J', 'xL29J', 'xL4J', 'xL16J', 'xL24J', 'xL21J', 'xL13J', 'xL31J', 'xL18J', 'xL22J', 'xL14J', 'xL17J', 'xL36J', 'xL7J', 'xL25J', 'xL26J', 'xL33J'}
| | | +-- , 16 , {18} , {'xL39J', 'xL5J', 'xL9J', 'xL38J', 'xL1J', 'xL23J', 'xL6J', 'xL30J', 'xL20J', 'xL32J', 'xL0J', 'xL8J', 'xL11J', 'xL28J', 'xL19J', 'xL34J', 'xL12J', 'xL27J', 'xL29J', 'xL4J', 'xL16J', 'xL24J', 'xL21J', 'xL13J', 'xL31J', 'xL18J', 'xL22J', 'xL14J', 'xL17J', 'xL36J', 'xL7J', 'xL25J', 'xL26J', 'xL33J'}
| | | | +-- , 18 , {20} , {'xL39J', 'xL5J', 'xL38J', 'xL23J', 'xL6J', 'xL20J', 'xL32J', 'xL0J', 'xL8J', 'xL11J', 'xL28J', 'xL19J', 'xL34J', 'xL12J', 'xL27J', 'xL29J', 'xL4J', 'xL16J', 'xL21J', 'xL13J', 'xL18J', 'xL22J', 'xL37J', 'xL14J', 'xL17J', 'xL36J', 'xL7J', 'xL25J', 'xL26J', 'xL33J'}
| | | | | +-- , 20 , set() , {'xL5J', 'xL23J', 'xL32J', 'xL20J', 'xL0J', 'xL11J', 'xL28J', 'xL19J', 'xL34J', 'xL12J', 'xL27J', 'xL29J', 'xL4J', 'xL16J', 'xL21J', 'xL13J', 'xL37J', 'xL14J', 'xL35J', 'xL36J', 'xL7J', 'xL25J', 'xL26J', 'xL33J'}
| | +-- , 22 , set() , {'xL17J', 'xL39J', 'xL5J', 'xL8J', 'xL13J', 'xL18J', 'xL36J', 'xL22J', 'xL31J', 'xL7J', 'xL27J', 'xL10J', 'xL3J', 'xL6J', 'xL25J', 'xL33J'}


Max number of edges with non zero Y: 32
Max number of iterations of outer rounding loop: 7
Max number of candidate sets: 2
Time spent rounding: 53.478
Time spent solving Separator LP: 23.340

LP Solver: GaifmanBoosted8, 2.372164606002651, 5.40753359833428, 8
+-- , 0 , {19} , {'xL5J', 'xL10J', 'xL7J', 'xL25J', 'xL23J', 'xL14J', 'xL17J', 'xL22J', 'xL34J', 'xL26J', 'xL3J', 'xL20J', 'xL0J', 'xL32J', 'xL29J', 'xL18J', 'xL35J', 'xL9J', 'xL33J', 'xL11J', 'xL12J', 'xL6J', 'xL27J', 'xL24J', 'xL8J', 'xL13J', 'xL4J', 'xL16J', 'xL36J', 'xL31J', 'xL39J', 'xL19J'}
| +-- , 19 , {22} , {'xL5J', 'xL7J', 'xL25J', 'xL23J', 'xL14J', 'xL17J', 'xL22J', 'xL34J', 'xL26J', 'xL3J', 'xL20J', 'xL0J', 'xL32J', 'xL29J', 'xL28J', 'xL18J', 'xL35J', 'xL9J', 'xL33J', 'xL11J', 'xL37J', 'xL12J', 'xL6J', 'xL27J', 'xL24J', 'xL8J', 'xL13J', 'xL4J', 'xL16J', 'xL36J', 'xL31J', 'xL39J', 'xL19J'}
| | +-- , 22 , {24} , {'xL5J', 'xL7J', 'xL25J', 'xL23J', 'xL14J', 'xL17J', 'xL22J', 'xL34J', 'xL26J', 'xL3J', 'xL20J', 'xL0J', 'xL32J', 'xL29J', 'xL28J', 'xL18J', 'xL35J', 'xL9J', 'xL30J', 'xL11J', 'xL37J', 'xL12J', 'xL6J', 'xL27J', 'xL24J', 'xL8J', 'xL13J', 'xL4J', 'xL16J', 'xL36J', 'xL31J', 'xL39J', 'xL19J'}
| | | +-- , 24 , {32, 26} , {'xL5J', 'xL7J', 'xL25J', 'xL23J', 'xL14J', 'xL17J', 'xL22J', 'xL34J', 'xL26J', 'xL1J', 'xL3J', 'xL20J', 'xL32J', 'xL29J', 'xL28J', 'xL18J', 'xL35J', 'xL9J', 'xL30J', 'xL11J', 'xL37J', 'xL12J', 'xL6J', 'xL27J', 'xL24J', 'xL8J', 'xL13J', 'xL4J', 'xL16J', 'xL36J', 'xL31J', 'xL19J'}
| | | | +-- , 32 , set() , {'xL22J', 'xL18J', 'xL38J', 'xL28J', 'xL8J', 'xL13J', 'xL1J', 'xL9J', 'xL16J', 'xL36J', 'xL20J', 'xL32J', 'xL29J', 'xL37J', 'xL17J', 'xL12J', 'xL19J', 'xL6J'}
| | | | +-- , 26 , {28} , {'xL5J', 'xL25J', 'xL23J', 'xL14J', 'xL17J', 'xL22J', 'xL34J', 'xL26J', 'xL1J', 'xL3J', 'xL32J', 'xL29J', 'xL28J', 'xL18J', 'xL35J', 'xL30J', 'xL21J', 'xL11J', 'xL12J', 'xL6J', 'xL27J', 'xL24J', 'xL8J', 'xL13J', 'xL4J', 'xL36J', 'xL31J'}
| | | | | +-- , 28 , {30} , {'xL5J', 'xL18J', 'xL30J', 'xL15J', 'xL21J', 'xL25J', 'xL23J', 'xL14J', 'xL11J', 'xL12J', 'xL22J', 'xL6J', 'xL8J', 'xL13J', 'xL1J', 'xL3J', 'xL4J', 'xL36J', 'xL31J', 'xL32J', 'xL29J'}
| | | | | | +-- , 30 , set() , {'xL5J', 'xL18J', 'xL13J', 'xL2J', 'xL15J', 'xL3J', 'xL4J', 'xL36J', 'xL21J', 'xL32J', 'xL11J', 'xL29J', 'xL14J'}


Max number of edges with non zero Y: 34
Max number of iterations of outer rounding loop: 6
Max number of candidate sets: 2
Time spent rounding: 105.484
Time spent solving Separator LP: 53.241

LP Solver: GaifmanBoosted