8, 2.4241721357232016, 5.358823529411765, 8
+-- , 0 , {13} , {'xL39J', 'xL5J', 'xL9J', 'xL1J', 'xL6J', 'xL23J', 'xL0J', 'xL8J', 'xL11J', 'xL28J', 'xL27J', 'xL4J', 'xL16J', 'xL24J', 'xL13J', 'xL18J', 'xL22J', 'xL31J', 'xL37J', 'xL3J', 'xL14J', 'xL35J', 'xL17J', 'xL36J', 'xL10J', 'xL7J', 'xL25J', 'xL26J', 'xL33J'}
| +-- , 13 , {19} , {'xL39J', 'xL5J', 'xL9J', 'xL1J', 'xL23J', 'xL6J', 'xL30J', 'xL20J', 'xL32J', 'xL0J', 'xL8J', 'xL11J', 'xL28J', 'xL27J', 'xL12J', 'xL29J', 'xL4J', 'xL16J', 'xL24J', 'xL13J', 'xL18J', 'xL22J', 'xL31J', 'xL37J', 'xL3J', 'xL14J', 'xL35J', 'xL17J', 'xL36J', 'xL7J', 'xL25J', 'xL26J', 'xL33J'}
| | +-- , 19 , {21, 29} , {'xL39J', 'xL5J', 'xL9J', 'xL1J', 'xL23J', 'xL6J', 'xL30J', 'xL20J', 'xL32J', 'xL8J', 'xL11J', 'xL28J', 'xL19J', 'xL12J', 'xL27J', 'xL29J', 'xL4J', 'xL16J', 'xL24J', 'xL13J', 'xL18J', 'xL22J', 'xL31J', 'xL37J', 'xL3J', 'xL14J', 'xL35J', 'xL17J', 'xL36J', 'xL7J', 'xL25J', 'xL26J', 'xL33J'}
| | | +-- , 21 , {23} , {'xL5J', 'xL9J', 'xL1J', 'xL23J', 'xL6J', 'xL30J', 'xL20J', 'xL32J', 'xL8J', 'xL11J', 'xL15J', 'xL19J', 'xL12J', 'xL27J', 'xL28J', 'xL29J', 'xL4J', 'xL16J', 'xL24J', 'xL13J', 'xL18J', 'xL22J', 'xL31J', 'xL3J', 'xL14J', 'xL35J', 'xL17J', 'xL36J', 'xL7J', 'xL25J', 'xL26J', 'xL33J'}
| | | | +-- , 23 , {25, 27} , {'xL5J', 'xL9J', 'xL1J', 'xL23J', 'xL6J', 'xL30J', 'xL20J', 'xL32J', 'xL11J', 'xL15J', 'xL19J', 'xL12J', 'xL27J', 'xL28J', 'xL29J', 'xL4J', 'xL16J', 'xL24J', 'xL21J', 'xL13J', 'xL18J', 'xL31J', 'xL3J', 'xL14J', 'xL35J', 'xL17J', 'xL36J', 'xL7J', 'xL25J', 'xL26J', 'xL33J'}
| | | | | +-- , 25 , set() , {'xL5J', 'xL9J', 'xL6J', 'xL30J', 'xL32J', 'xL20J', 'xL11J', 'xL19J', 'xL34J', 'xL12J', 'xL29J', 'xL4J', 'xL16J', 'xL21J', 'xL18J', 'xL31J', 'xL14J', 'xL35J', 'xL36J', 'xL7J', 'xL25J', 'xL26J', 'xL33J'}
| | | | | +-- , 27 , set() , {'xL4J', 'xL5J', 'xL21J', 'xL13J', 'xL2J', 'xL18J', 'xL36J', 'xL11J', 'xL15J', 'xL29J', 'xL3J', 'xL14J', 'xL32J'}
| | | +-- , 29 , set() , {'xL17J', 'xL16J', 'xL8J', 'xL13J', 'xL32J', 'xL18J', 'xL36J', 'xL28J', 'xL19J', 'xL22J', 'xL37J', 'xL12J', 'xL9J', 'xL29J', 'xL38J', 'xL6J', 'xL1J', 'xL20J'}


Max number of edges with non zero Y: 30
Max number of iterations of outer rounding loop: 7
Max number of candidate sets: 2
Time spent rounding: 65.637
Time spent solving Separator LP: 24.475

LP Solver: GaifmanBoosted8, 2.3815071749663623, 5.355670103092784, 8
+-- , 0 , {17} , {'xL5J', 'xL10J', 'xL7J', 'xL25J', 'xL23J', 'xL14J', 'xL17J', 'xL22J', 'xL26J', 'xL1J', 'xL3J', 'xL20J', 'xL0J', 'xL32J', 'xL29J', 'xL28J', 'xL18J', 'xL35J', 'xL30J', 'xL9J', 'xL33J', 'xL11J', 'xL12J', 'xL27J', 'xL24J', 'xL8J', 'xL13J', 'xL4J', 'xL16J', 'xL31J', 'xL36J', 'xL39J', 'xL19J'}
| +-- , 17 , {19, 27} , {'xL5J', 'xL10J', 'xL7J', 'xL25J', 'xL23J', 'xL14J', 'xL17J', 'xL22J', 'xL26J', 'xL1J', 'xL3J', 'xL20J', 'xL32J', 'xL29J', 'xL28J', 'xL18J', 'xL35J', 'xL9J', 'xL30J', 'xL33J', 'xL11J', 'xL12J', 'xL6J', 'xL27J', 'xL24J', 'xL8J', 'xL13J', 'xL4J', 'xL16J', 'xL36J', 'xL31J', 'xL39J', 'xL19J'}
| | +-- , 19 , {21} , {'xL5J', 'xL7J', 'xL25J', 'xL23J', 'xL14J', 'xL17J', 'xL22J', 'xL34J', 'xL26J', 'xL1J', 'xL3J', 'xL20J', 'xL32J', 'xL29J', 'xL28J', 'xL18J', 'xL35J', 'xL9J', 'xL30J', 'xL33J', 'xL11J', 'xL12J', 'xL6J', 'xL27J', 'xL24J', 'xL8J', 'xL13J', 'xL4J', 'xL16J', 'xL36J', 'xL31J', 'xL19J'}
| | | +-- , 21 , {23} , {'xL5J', 'xL25J', 'xL23J', 'xL14J', 'xL17J', 'xL22J', 'xL34J', 'xL26J', 'xL1J', 'xL3J', 'xL32J', 'xL29J', 'xL28J', 'xL18J', 'xL35J', 'xL30J', 'xL21J', 'xL11J', 'xL12J', 'xL6J', 'xL27J', 'xL24J', 'xL8J', 'xL13J', 'xL4J', 'xL36J', 'xL31J'}
| | | | +-- , 23 , {25} , {'xL5J', 'xL18J', 'xL30J', 'xL15J', 'xL21J', 'xL25J', 'xL23J', 'xL14J', 'xL11J', 'xL12J', 'xL22J', 'xL6J', 'xL8J', 'xL13J', 'xL1J', 'xL3J', 'xL4J', 'xL36J', 'xL31J', 'xL32J', 'xL29J'}
| | | | | +-- , 25 , set() , {'xL5J', 'xL18J', 'xL13J', 'xL2J', 'xL15J', 'xL3J', 'xL4J', 'xL36J', 'xL21J', 'xL32J', 'xL11J', 'xL29J', 'xL14J'}
| | +-- , 27 , {29} , {'xL7J', 'xL23J', 'xL14J', 'xL17J', 'xL22J', 'xL1J', 'xL20J', 'xL32J', 'xL29J', 'xL28J', 'xL18J', 'xL35J', 'xL9J', 'xL33J', 'xL37J', 'xL12J', 'xL6J', 'xL27J', 'xL8J', 'xL13J', 'xL4J', 'xL16J', 'xL36J', 'xL39J', 'xL19J'}
| | | +-- , 29 , set() , {'xL22J', 'xL18J', 'xL38J', 'xL28J', 'xL8J', 'xL13J', 'xL1J', 'xL9J', 'xL16J', 'xL36J', 'xL20J', 'xL32J', 'xL29J', 'xL37J', 'xL17J', 'xL12J', 'xL19J', 'xL6J'}


Max number of edges with non zero Y: 33
Max number of iterations of outer rounding loop: 8
Max number of candidate sets: 2
Time spent rounding: 106.920
Time spent solving Separator LP: 46.768

LP Solver: GaifmanBoosted