11, 3.0, 4.5, 5
+-- , 0 , {9, 3} , {'xL11J', 'xL15J', 'xL5J', 'xL0J', 'xL13J', 'xL3J', 'xL6J', 'xL12J', 'xL16J'}
| +-- , 9 , {25, 11} , {'xL10J', 'xL5J', 'xL15J', 'xL0J', 'xL13J', 'xL3J', 'xL6J', 'xL12J', 'xL16J'}
| | +-- , 25 , set() , {'xL10J', 'xL5J', 'xL14J', 'xL0J', 'xL13J'}
| | +-- , 11 , {13} , {'xL10J', 'xL15J', 'xL0J', 'xL13J', 'xL3J', 'xL7J', 'xL6J', 'xL12J', 'xL16J'}
| | | +-- , 13 , {19, 21, 15} , {'xL10J', 'xL15J', 'xL0J', 'xL13J', 'xL3J', 'xL7J', 'xL19J', 'xL12J', 'xL16J'}
| | | | +-- , 19 , set() , {'xL10J', 'xL2J', 'xL19J'}
| | | | +-- , 21 , {23} , {'xL8J', 'xL0J', 'xL13J', 'xL3J', 'xL7J', 'xL19J', 'xL12J', 'xL16J'}
| | | | | +-- , 23 , set() , {'xL18J', 'xL8J', 'xL13J', 'xL7J', 'xL12J'}
| | | | +-- , 15 , {17} , {'xL15J', 'xL17J', 'xL13J', 'xL3J', 'xL4J', 'xL7J', 'xL19J', 'xL16J'}
| | | | | +-- , 17 , set() , {'xL17J', 'xL13J', 'xL9J', 'xL3J', 'xL4J', 'xL16J'}
| +-- , 3 , set() , {'xL11J', 'xL15J', 'xL1J', 'xL6J', 'xL16J'}


Max number of edges with non zero Y: 4
Max number of iterations of outer rounding loop: 0
Max number of candidate sets: 0
Time spent rounding: 0.000
Time spent solving Separator LP: 1.153
Total time spent solving: 1.505

LP Solver: GaifmanNormalILP
Lower Bound Witness = ({'xL10J', 'xL11J', 'xL15J', 'xL14J', 'xL8J', 'xL9J', 'xL3J', 'xL1J', 'xL6J', 'xL7J', 'xL16J', 'xL5J', 'xL13J', 'xL12J', 'xL2J', 'xL0J', 'xL17J', 'xL4J', 'xL19J', 'xL18J'}, {'xL11J', 'xL15J', 'xL14J', 'xL17J', 'xL13J', 'xL3J', 'xL7J', 'xL12J', 'xL16J'})