31, 1.1363631818181816, 4.0, 4
+-- , 0 , {3, 27} , {'xL3JL9J', 'xL3JL10J', 'xL4JL7J', 'xL3JL12J', 'xL7JL9J', 'xL5JL7J', 'xL3JL8J', 'xL6JL7J', 'xL3JL11J', 'xL7JL8J'}
| +-- , 3 , {5} , {'xL3JL9J', 'xL3JL10J', 'xL3JL12J', 'xL7JL9J', 'xL3JL11J', 'xL7JL12J', 'xL7JL8J', 'xL7JL11J', 'xL7JL10J'}
| | +-- , 5 , {16, 7} , {'xL3JL9J', 'xL5JL11J', 'xL3JL10J', 'xL3JL12J', 'xL3JL11J', 'xL7JL12J', 'xL7JL11J', 'xL5JL10J', 'xL7JL10J'}
| | | +-- , 16 , {18} , {'xL5JL12J', 'xL5JL11J', 'xL5JL13J', 'xL7JL12J', 'xL7JL11J', 'xL5JL10J', 'xL7JL10J'}
| | | | +-- , 18 , {20, 23} , {'xL5JL12J', 'xL5JL13J', 'xL9JL12J', 'xL8JL12J', 'xL7JL12J', 'xL7JL11J', 'xL7JL10J'}
| | | | | +-- , 20 , set() , {'xL9JL11J', 'xL9JL12J', 'xL8JL10J', 'xL8JL11J', 'xL8JL12J', 'xL8JL13J', 'xL7JL11J', 'xL9JL13J', 'xL7JL10J'}
| | | | | +-- , 23 , set() , {'xL5JL12J', 'xL6JL12J', 'xL5JL13J', 'xL9JL12J', 'xL8JL12J', 'xL7JL12J', 'xL6JL13J'}
| | | +-- , 7 , {10} , {'xL3JL9J', 'xL5JL11J', 'xL3JL10J', 'xL3JL12J', 'xL2JL10J', 'xL3JL11J', 'xL5JL10J', 'xL4JL10J'}
| | | | +-- , 10 , {12, 14} , {'xL3JL9J', 'xL5JL11J', 'xL3JL12J', 'xL4JL11J', 'xL2JL11J', 'xL1JL11J', 'xL3JL11J', 'xL2JL10J', 'xL4JL10J'}
| | | | | +-- , 12 , set() , {'xL2JL12J', 'xL3JL12J', 'xL2JL13J', 'xL2JL11J', 'xL1JL11J', 'xL1JL13J', 'xL2JL10J', 'xL1JL12J'}
| | | | | +-- , 14 , set() , {'xL3JL9J', 'xL4JL10J', 'xL4JL9J', 'xL4JL11J'}
| +-- , 27 , {29} , {'xL4JL7J', 'xL7JL9J', 'xL5JL7J', 'xL3JL8J', 'xL1JL8J', 'xL6JL7J', 'xL7JL8J', 'xL2JL8J'}
| | +-- , 29 , {35, 31} , {'xL4JL7J', 'xL3JL6J', 'xL7JL9J', 'xL5JL7J', 'xL5JL6J', 'xL1JL8J', 'xL6JL7J', 'xL4JL6J', 'xL7JL8J', 'xL2JL8J'}
| | | +-- , 35 , {37} , {'xL4JL7J', 'xL3JL6J', 'xL7JL9J', 'xL5JL7J', 'xL5JL6J', 'xL6JL9J', 'xL6JL7J', 'xL4JL6J', 'xL7JL8J'}
| | | | +-- , 37 , {39} , {'xL8JL8J', 'xL4JL7J', 'xL3JL6J', 'xL5JL8J', 'xL5JL7J', 'xL6JL8J', 'xL5JL6J', 'xL6JL9J', 'xL9JL8J', 'xL6JL7J', 'xL4JL6J', 'xL7JL8J'}
| | | | | +-- , 39 , {41} , {'xL3JL4J', 'xL3JL2J', 'xL3JL3J', 'xL4JL5J', 'xL8JL8J', 'xL4JL7J', 'xL3JL6J', 'xL9JL8J', 'xL4JL6J', 'xL3JL5J'}
| | | | | | +-- , 41 , {43, 66} , {'xL3JL4J', 'xL3JL2J', 'xL8JL8J', 'xL9JL8J', 'xL7JL6J', 'xL3JL3J'}
| | | | | | | +-- , 43 , {45} , {'xL3JL4J', 'xL3JL2J', 'xL7JL2J', 'xL7JL4J', 'xL7JL5J', 'xL7JL6J', 'xL3JL3J', 'xL7JL3J'}
| | | | | | | | +-- , 45 , {57, 47} , {'xL5JL3J', 'xL5JL4J', 'xL3JL2J', 'xL3JL4J', 'xL7JL2J', 'xL7JL4J', 'xL7JL5J', 'xL3JL3J', 'xL7JL3J'}
| | | | | | | | | +-- , 57 , {60} , {'xL5JL3J', 'xL5JL4J', 'xL7JL2J', 'xL7JL4J', 'xL8JL3J', 'xL7JL5J', 'xL9JL3J', 'xL6JL3J', 'xL7JL3J'}
| | | | | | | | | | +-- , 60 , {64, 62} , {'xL5JL4J', 'xL7JL2J', 'xL7JL4J', 'xL7JL5J', 'xL8JL3J', 'xL9JL3J', 'xL6JL3J', 'xL8JL4J', 'xL6JL4J'}
| | | | | | | | | | | +-- , 64 , set() , {'xL6JL3J', 'xL6JL4J', 'xL6JL5J', 'xL7JL5J'}
| | | | | | | | | | | +-- , 62 , set() , {'xL7JL2J', 'xL8JL3J', 'xL8JL1J', 'xL9JL3J', 'xL8JL2J', 'xL9JL2J', 'xL9JL1J', 'xL8JL4J'}
| | | | | | | | | +-- , 47 , {49} , {'xL5JL3J', 'xL5JL4J', 'xL3JL2J', 'xL3JL4J', 'xL5JL1J', 'xL3JL3J', 'xL5JL2J'}
| | | | | | | | | | +-- , 49 , {51, 55} , {'xL3JL4J', 'xL2JL2J', 'xL3JL2J', 'xL5JL1J', 'xL3JL3J', 'xL5JL2J', 'xL1JL2J'}
| | | | | | | | | | | +-- , 51 , set() , {'xL3JL4J', 'xL2JL2J', 'xL2JL4J', 'xL2JL1J', 'xL3JL3J', 'xL1JL1J', 'xL2JL3J', 'xL1JL2J', 'xL1JL3J'}
| | | | | | | | | | | +-- , 55 , set() , {'xL2JL2J', 'xL3JL2J', 'xL5JL1J', 'xL4JL1J', 'xL4JL2J', 'xL5JL2J', 'xL1JL2J'}
| | | | | | | +-- , 66 , {68} , {'xL8JL8J', 'xL9JL8J', 'xL8JL6J', 'xL7JL6J', 'xL9JL6J'}
| | | | | | | | +-- , 68 , set() , {'xL8JL8J', 'xL9JL8J', 'xL8JL6J', 'xL9JL7J', 'xL9JL6J', 'xL8JL7J'}
| | | +-- , 31 , {33} , {'xL2JL6J', 'xL3JL6J', 'xL1JL6J', 'xL5JL6J', 'xL1JL8J', 'xL4JL6J', 'xL2JL8J'}
| | | | +-- , 33 , set() , {'xL2JL6J', 'xL2JL7J', 'xL1JL6J', 'xL1JL8J', 'xL2JL8J', 'xL1JL7J'}


Max number of edges with non zero Y: 5
Max number of iterations of outer rounding loop: 3
Max number of candidate sets: 2
Time spent rounding: 16.573
Time spent solving Separator LP: 0.581
Total time spent solving: 23.086

LP Solver: GaifmanNormal
Lower Bound Witness = ({'xL9JL12J', 'xL1JL11J', 'xL7JL8J', 'xL5JL10J', 'xL9JL13J', 'xL2JL6J', 'xL5JL1J', 'xL7JL9J', 'xL1JL13J', 'xL4JL2J', 'xL7JL3J', 'xL1JL3J', 'xL8JL3J', 'xL2JL1J', 'xL9JL6J', 'xL1JL7J', 'xL5JL2J', 'xL6JL9J', 'xL8JL10J', 'xL2JL4J', 'xL2JL12J', 'xL3JL8J', 'xL8JL4J', 'xL4JL5J', 'xL3JL12J', 'xL6JL8J', 'xL9JL8J', 'xL3JL11J', 'xL9JL11J', 'xL6JL13J', 'xL5JL4J', 'xL6JL12J', 'xL6JL5J', 'xL4JL10J', 'xL8JL8J', 'xL2JL13J', 'xL7JL6J', 'xL8JL2J', 'xL3JL10J', 'xL5JL13J', 'xL1JL6J', 'xL6JL3J', 'xL3JL3J', 'xL1JL2J', 'xL4JL7J', 'xL8JL7J', 'xL5JL12J', 'xL5JL3J', 'xL5JL11J', 'xL7JL2J', 'xL3JL6J', 'xL5JL6J', 'xL4JL1J', 'xL9JL7J', 'xL3JL5J', 'xL2JL3J', 'xL4JL9J', 'xL3JL2J', 'xL2JL2J', 'xL2JL11J', 'xL4JL11J', 'xL8JL1J', 'xL9JL2J', 'xL7JL10J', 'xL3JL4J', 'xL2JL7J', 'xL8JL11J', 'xL6JL7J', 'xL4JL6J', 'xL7JL12J', 'xL8JL12J', 'xL9JL3J', 'xL2JL8J', 'xL1JL1J', 'xL7JL11J', 'xL2JL10J', 'xL3JL9J', 'xL5JL8J', 'xL5JL7J', 'xL7JL4J', 'xL8JL6J', 'xL7JL5J', 'xL1JL8J', 'xL8JL13J', 'xL9JL1J', 'xL6JL4J', 'xL1JL12J'}, {'xL4JL7J', 'xL8JL1J', 'xL9JL2J', 'xL7JL10J', 'xL1JL12J'})