10, 1, 2.5, 3
+-- , 3 , {0} , {'13', '11', '1', '28'}
| +-- , 0 , {5, 7, 11} , {'26', '31', '13', '11', '15', '28'}
| | +-- , 5 , set() , {'27', '31', '26', '28'}
| | +-- , 7 , {9, 14} , {'26', '31', '13', '12', '0', '16', '15'}
| | | +-- , 9 , {12} , {'16', '29', '0'}
| | | | +-- , 12 , {13} , {'16', '29', '0'}
| | | | | +-- , 13 , set() , {'3', '17', '8', '29'}
| | | +-- , 14 , {15} , {'12', '31', '26', '0'}
| | | | +-- , 15 , set() , {'9', '26', '0'}
| | +-- , 11 , set() , {'4', '11', '15', '28'}


Max number of edges with non zero Y: 6
Max number of iterations of outer rounding loop: 1
Max number of candidate sets: 2
Time spent rounding: 0.031
Time spent solving Separator LP: 0.012
Total time spent solving: 0.158

LP Solver: gammaPlusFractionalCoverHeuristic
Number of Rounding Attemps: 1
Lower Bound Witness = ({'26', '1', '31', '13', '11', '12', '27', '0', '4', '16', '29', '15', '28'}, {'16', '31', '29', '28'})