29, 2.877832191483255, 5.0, 5
+-- , 0 , {5, 29} , {'xL3JL9J', 'xL3JL8J', 'xL5JL10J', 'xL5JL8J', 'xL5JL11J', 'xL3JL7J', 'xL3JL10J', 'xL5JL9J', 'xL8JL7J'}
| +-- , 5 , {7} , {'xL3JL9J', 'xL5JL10J', 'xL5JL11J', 'xL8JL9J', 'xL8JL8J', 'xL8JL10J', 'xL3JL10J', 'xL8JL7J'}
| | +-- , 7 , {11, 21} , {'xL5JL10J', 'xL8JL12J', 'xL4JL11J', 'xL7JL12J', 'xL6JL12J', 'xL3JL10J', 'xL5JL11J', 'xL8JL9J', 'xL8JL8J', 'xL9JL12J', 'xL8JL10J', 'xL3JL9J'}
| | | +-- , 11 , {13} , {'xL6JL11J', 'xL8JL12J', 'xL4JL11J', 'xL7JL12J', 'xL6JL12J', 'xL5JL11J', 'xL8JL9J', 'xL8JL8J', 'xL8JL10J', 'xL9JL12J', 'xL7JL11J'}
| | | | +-- , 13 , {19, 15} , {'xL8JL12J', 'xL7JL12J', 'xL8JL9J', 'xL7JL13J', 'xL8JL8J', 'xL8JL10J', 'xL9JL12J', 'xL7JL11J', 'xL7JL10J'}
| | | | | +-- , 19 , set() , {'xL8JL12J', 'xL8JL13J', 'xL7JL13J', 'xL9JL12J', 'xL9JL13J'}
| | | | | +-- , 15 , {17} , {'xL8JL9J', 'xL9JL10J', 'xL8JL8J', 'xL8JL10J', 'xL7JL10J'}
| | | | | | +-- , 17 , set() , {'xL9JL9J', 'xL9JL10J', 'xL9JL8J', 'xL8JL9J', 'xL8JL8J'}
| | | +-- , 21 , {23} , {'xL5JL10J', 'xL4JL11J', 'xL2JL10J', 'xL3JL10J', 'xL1JL10J', 'xL4JL10J', 'xL3JL9J'}
| | | | +-- , 23 , {25} , {'xL4JL11J', 'xL2JL10J', 'xL2JL9J', 'xL1JL10J', 'xL4JL10J', 'xL3JL9J'}
| | | | | +-- , 25 , {27} , {'xL2JL13J', 'xL4JL11J', 'xL2JL12J', 'xL2JL10J', 'xL1JL11J', 'xL2JL9J', 'xL2JL11J', 'xL1JL10J', 'xL4JL10J', 'xL4JL12J'}
| | | | | | +-- , 27 , set() , {'xL2JL13J', 'xL2JL12J', 'xL3JL13J', 'xL3JL12J', 'xL4JL12J'}
| +-- , 29 , {31} , {'xL3JL8J', 'xL5JL8J', 'xL7JL7J', 'xL3JL7J', 'xL5JL9J', 'xL8JL7J', 'xL6JL7J'}
| | +-- , 31 , {34} , {'xL3JL8J', 'xL5JL8J', 'xL2JL7J', 'xL4JL8J', 'xL7JL7J', 'xL3JL7J', 'xL6JL8J', 'xL5JL9J', 'xL4JL7J', 'xL6JL7J'}
| | | +-- , 34 , {36} , {'xL6JL9J', 'xL2JL7J', 'xL4JL8J', 'xL7JL7J', 'xL6JL8J', 'xL5JL9J', 'xL4JL7J', 'xL6JL7J'}
| | | | +-- , 36 , {38} , {'xL6JL6J', 'xL6JL9J', 'xL2JL7J', 'xL4JL8J', 'xL2JL5J', 'xL7JL4J', 'xL7JL7J', 'xL7JL6J', 'xL2JL6J', 'xL4JL7J', 'xL7JL5J', 'xL4JL5J', 'xL6JL8J', 'xL4JL6J', 'xL2JL4J', 'xL6JL7J'}
| | | | | +-- , 38 , {40} , {'xL7JL5J', 'xL6JL6J', 'xL7JL4J', 'xL2JL5J', 'xL4JL5J', 'xL5JL6J', 'xL7JL6J', 'xL5JL5J', 'xL2JL6J', 'xL4JL6J', 'xL2JL4J'}
| | | | | | +-- , 40 , {42} , {'xL7JL5J', 'xL2JL6J', 'xL7JL4J', 'xL2JL5J', 'xL5JL6J', 'xL5JL3J', 'xL5JL4J', 'xL5JL5J', 'xL2JL4J'}
| | | | | | | +-- , 42 , {56, 46} , {'xL7JL5J', 'xL7JL4J', 'xL2JL5J', 'xL2JL1J', 'xL4JL3J', 'xL1JL1J', 'xL3JL3J', 'xL3JL1J', 'xL5JL3J', 'xL5JL4J', 'xL2JL6J', 'xL2JL4J'}
| | | | | | | | +-- , 56 , {58} , {'xL7JL5J', 'xL8JL5J', 'xL7JL4J', 'xL6JL3J', 'xL4JL3J', 'xL3JL3J', 'xL5JL3J', 'xL9JL4J', 'xL5JL4J', 'xL8JL4J', 'xL6JL4J'}
| | | | | | | | | +-- , 58 , {64, 60} , {'xL8JL5J', 'xL6JL3J', 'xL8JL4J', 'xL8JL3J', 'xL9JL4J', 'xL8JL2J', 'xL8JL1J', 'xL6JL4J'}
| | | | | | | | | | +-- , 64 , set() , {'xL9JL3J', 'xL8JL3J', 'xL9JL4J'}
| | | | | | | | | | +-- , 60 , {62} , {'xL6JL3J', 'xL8JL2J', 'xL8JL1J', 'xL6JL4J', 'xL6JL2J'}
| | | | | | | | | | | +-- , 62 , set() , {'xL7JL1J', 'xL7JL2J', 'xL6JL2J', 'xL8JL2J', 'xL8JL1J'}
| | | | | | | | +-- , 46 , {48, 52} , {'xL2JL5J', 'xL2JL1J', 'xL4JL3J', 'xL3JL1J', 'xL3JL3J', 'xL1JL1J', 'xL2JL4J', 'xL2JL6J', 'xL3JL4J'}
| | | | | | | | | +-- , 48 , {50} , {'xL1JL4J', 'xL2JL4J', 'xL2JL5J', 'xL2JL6J', 'xL3JL4J'}
| | | | | | | | | | +-- , 50 , set() , {'xL1JL5J', 'xL2JL5J', 'xL1JL6J', 'xL1JL4J', 'xL2JL6J'}
| | | | | | | | | +-- , 52 , {54} , {'xL2JL1J', 'xL4JL3J', 'xL3JL1J', 'xL1JL1J', 'xL3JL3J', 'xL3JL2J', 'xL3JL4J'}
| | | | | | | | | | +-- , 54 , set() , {'xL2JL2J', 'xL4JL2J', 'xL2JL1J', 'xL4JL3J', 'xL1JL1J', 'xL1JL2J', 'xL3JL2J'}


Max number of edges with non zero Y: 22
Max number of iterations of outer rounding loop: 3
Max number of candidate sets: 2
Time spent rounding: 9.653
Time spent solving Separator LP: 1.576
Total time spent solving: 13.930

LP Solver: GaifmanBoosted
Lower Bound Witness = ({'xL9JL4J', 'xL4JL5J', 'xL5JL6J', 'xL7JL13J', 'xL8JL9J', 'xL8JL2J', 'xL8JL10J', 'xL3JL10J', 'xL9JL13J', 'xL7JL1J', 'xL6JL6J', 'xL7JL2J', 'xL4JL8J', 'xL5JL3J', 'xL8JL3J', 'xL1JL11J', 'xL5JL4J', 'xL7JL11J', 'xL9JL8J', 'xL3JL7J', 'xL7JL7J', 'xL3JL3J', 'xL3JL13J', 'xL1JL2J', 'xL6JL2J', 'xL7JL6J', 'xL3JL12J', 'xL4JL7J', 'xL7JL12J', 'xL1JL4J', 'xL8JL8J', 'xL1JL10J', 'xL2JL7J', 'xL4JL3J', 'xL1JL1J', 'xL9JL12J', 'xL7JL10J', 'xL2JL2J', 'xL6JL3J', 'xL6JL12J', 'xL1JL6J', 'xL6JL4J', 'xL3JL4J', 'xL8JL5J', 'xL4JL11J', 'xL2JL6J', 'xL2JL13J', 'xL5JL10J', 'xL9JL10J', 'xL9JL3J', 'xL8JL4J', 'xL4JL10J', 'xL6JL9J', 'xL7JL4J', 'xL5JL8J', 'xL2JL1J', 'xL8JL1J', 'xL5JL9J', 'xL3JL9J', 'xL7JL5J', 'xL9JL9J', 'xL2JL10J', 'xL8JL13J', 'xL6JL8J', 'xL3JL2J', 'xL5JL5J', 'xL2JL4J', 'xL4JL2J', 'xL2JL12J', 'xL2JL9J', 'xL4JL12J', 'xL5JL11J', 'xL3JL1J', 'xL6JL7J', 'xL6JL11J', 'xL3JL8J', 'xL1JL5J', 'xL2JL5J', 'xL2JL11J', 'xL8JL12J', 'xL4JL6J', 'xL8JL7J'}, {'xL8JL5J', 'xL2JL12J', 'xL6JL2J', 'xL9JL4J', 'xL4JL12J', 'xL4JL5J', 'xL5JL11J', 'xL8JL9J', 'xL7JL13J', 'xL8JL2J', 'xL3JL10J', 'xL7JL1J', 'xL6JL6J', 'xL1JL5J', 'xL6JL9J', 'xL7JL4J', 'xL4JL3J', 'xL1JL11J', 'xL7JL10J', 'xL6JL3J', 'xL9JL8J', 'xL6JL12J', 'xL1JL6J', 'xL8JL13J', 'xL3JL2J', 'xL5JL5J'})