11, 1.0, 2.5, 3
+-- , 0 , {3, 22} , {'10', '14', '9', '7', '4'}
| +-- , 3 , {20, 6} , {'7', '12', '18', '10', '6', '9'}
| | +-- , 20 , set() , {'6', '11', '12'}
| | +-- , 6 , {16, 8} , {'12', '18', '10', '6', '16'}
| | | +-- , 16 , {18} , {'10', '6', '15', '16'}
| | | | +-- , 18 , set() , {'5', '10', '15'}
| | | +-- , 8 , {10} , {'12', '18', '6', '17', '16'}
| | | | +-- , 10 , {12} , {'16', '6', '19', '17', '18'}
| | | | | +-- , 12 , {14} , {'0', '19', '18', '16'}
| | | | | | +-- , 14 , set() , {'0', '3', '16'}
| +-- , 22 , set() , {'4', '8'}


Max number of edges with non zero Y: 6
Max number of iterations of outer rounding loop: 2
Max number of candidate sets: 2
Time spent rounding: 1.855
Time spent solving Separator LP: 0.034
Total time spent solving: 2.518

LP Solver: GaifmanBoosted
Lower Bound Witness = ({'19', '11', '7', '12', '18', '3', '10', '0', '6', '17', '5', '9', '15', '16'}, {'7', '18', '10', '6', '9'})