11, 1.0555555555555556, 3.0, 3
+-- , 0 , {17, 3, 21} , {'10', '0', '9', '7', '3', '16'}
| +-- , 17 , {19} , {'10', '9', '4', '7'}
| | +-- , 19 , set() , {'4', '8'}
| +-- , 3 , {5, 11, 15} , {'7', '12', '10', '0', '6', '9', '16'}
| | +-- , 5 , {7} , {'12', '18', '10', '0', '6', '16'}
| | | +-- , 7 , {9} , {'19', '12', '18', '0', '6', '16'}
| | | | +-- , 9 , set() , {'19', '12', '18', '6', '17'}
| | +-- , 11 , {13} , {'10', '6', '15', '16'}
| | | +-- , 13 , set() , {'5', '10', '15'}
| | +-- , 15 , set() , {'6', '11', '12'}
| +-- , 21 , set() , {'9', '10', '14'}


Max number of edges with non zero Y: 6
Max number of iterations of outer rounding loop: 3
Max number of candidate sets: 2
Time spent rounding: 2.347
Time spent solving Separator LP: 0.040
Total time spent solving: 3.001

LP Solver: GaifmanBoosted
Lower Bound Witness = ({'19', '12', '18', '10', '0', '6', '17', '16'}, {'12', '10', '0', '6', '16'})