20, 2.894402988557034, 8.5, 9
+-- , 0 , {5, 40, 42} , {'xL19J', 'xL32J', 'xL16J', 'xL30J', 'xL12J', 'xL24J', 'xL18J', 'xL38J', 'xL11J', 'xL26J', 'xL2J', 'xL1J', 'xL34J', 'xL8J', 'xL6J'}
| +-- , 5 , {36, 7} , {'xL19J', 'xL32J', 'xL16J', 'xL30J', 'xL12J', 'xL17J', 'xL24J', 'xL18J', 'xL26J', 'xL11J', 'xL2J', 'xL1J', 'xL34J', 'xL8J', 'xL6J'}
| | +-- , 36 , {38} , {'xL19J', 'xL16J', 'xL24J', 'xL35J', 'xL17J'}
| | | +-- , 38 , set() , {'xL14J', 'xL35J'}
| | +-- , 7 , {34, 9} , {'xL19J', 'xL25J', 'xL32J', 'xL23J', 'xL16J', 'xL30J', 'xL12J', 'xL24J', 'xL17J', 'xL26J', 'xL11J', 'xL2J', 'xL1J', 'xL34J', 'xL8J', 'xL6J'}
| | | +-- , 34 , set() , {'xL19J', 'xL23J', 'xL11J', 'xL13J'}
| | | +-- , 9 , {32, 11} , {'xL19J', 'xL25J', 'xL32J', 'xL23J', 'xL16J', 'xL30J', 'xL12J', 'xL24J', 'xL17J', 'xL5J', 'xL26J', 'xL2J', 'xL1J', 'xL34J', 'xL8J', 'xL6J'}
| | | | +-- , 32 , set() , {'xL23J', 'xL26J', 'xL37J', 'xL5J'}
| | | | +-- , 11 , {13} , {'xL19J', 'xL32J', 'xL23J', 'xL16J', 'xL30J', 'xL20J', 'xL12J', 'xL17J', 'xL24J', 'xL5J', 'xL2J', 'xL1J', 'xL34J', 'xL8J', 'xL6J'}
| | | | | +-- , 13 , {15, 30} , {'xL19J', 'xL32J', 'xL23J', 'xL16J', 'xL30J', 'xL20J', 'xL12J', 'xL24J', 'xL17J', 'xL5J', 'xL2J', 'xL1J', 'xL10J', 'xL8J', 'xL6J'}
| | | | | | +-- , 15 , {17} , {'xL19J', 'xL33J', 'xL32J', 'xL23J', 'xL16J', 'xL20J', 'xL12J', 'xL17J', 'xL24J', 'xL5J', 'xL2J', 'xL1J', 'xL10J', 'xL8J', 'xL6J'}
| | | | | | | +-- , 17 , {20, 28} , {'xL19J', 'xL33J', 'xL32J', 'xL23J', 'xL20J', 'xL4J', 'xL12J', 'xL24J', 'xL17J', 'xL5J', 'xL2J', 'xL1J', 'xL36J', 'xL10J', 'xL21J', 'xL8J', 'xL6J'}
| | | | | | | | +-- , 20 , {26, 22} , {'xL19J', 'xL33J', 'xL32J', 'xL23J', 'xL4J', 'xL12J', 'xL17J', 'xL24J', 'xL5J', 'xL3J', 'xL1J', 'xL36J', 'xL10J', 'xL21J', 'xL8J'}
| | | | | | | | | +-- , 26 , set() , {'xL19J', 'xL27J', 'xL32J', 'xL36J', 'xL33J', 'xL12J', 'xL3J'}
| | | | | | | | | +-- , 22 , {24} , {'xL21J', 'xL15J', 'xL23J', 'xL10J', 'xL4J', 'xL3J'}
| | | | | | | | | | +-- , 24 , set() , {'xL9J', 'xL21J', 'xL10J', 'xL15J'}
| | | | | | | | +-- , 28 , set() , {'xL21J', 'xL2J', 'xL32J', 'xL31J', 'xL7J', 'xL28J', 'xL10J', 'xL20J', 'xL24J', 'xL6J', 'xL5J'}
| | | | | | +-- , 30 , set() , {'xL19J', 'xL10J', 'xL29J', 'xL1J'}
| +-- , 40 , set() , {'xL18J', 'xL19J', 'xL0J', 'xL16J', 'xL12J', 'xL24J', 'xL39J'}
| +-- , 42 , set() , {'xL18J', 'xL19J', 'xL22J', 'xL12J', 'xL8J'}


Max number of edges with non zero Y: 25
Max number of iterations of outer rounding loop: 5
Max number of candidate sets: 2
Time spent rounding: 25.143
Time spent solving Separator LP: 1.266

LP Solver: GaifmanBoosted