17, 0, 9.5, 10
+-- , 0 , {4} , {'xL19J', 'xL31J', 'xL16J', 'xL30J', 'xL20J', 'xL35J', 'xL39J', 'xL18J', 'xL13J', 'xL26J', 'xL11J', 'xL1J', 'xL29J', 'xL34J', 'xL14J', 'xL37J', 'xL6J'}
| +-- , 4 , {8} , {'xL19J', 'xL31J', 'xL23J', 'xL16J', 'xL30J', 'xL20J', 'xL12J', 'xL35J', 'xL17J', 'xL39J', 'xL18J', 'xL13J', 'xL26J', 'xL11J', 'xL1J', 'xL29J', 'xL37J', 'xL6J'}
| | +-- , 8 , {10} , {'xL19J', 'xL32J', 'xL23J', 'xL31J', 'xL16J', 'xL30J', 'xL20J', 'xL12J', 'xL35J', 'xL17J', 'xL39J', 'xL18J', 'xL26J', 'xL11J', 'xL1J', 'xL29J', 'xL37J', 'xL6J'}
| | | +-- , 10 , {12} , {'xL19J', 'xL32J', 'xL23J', 'xL31J', 'xL16J', 'xL30J', 'xL20J', 'xL12J', 'xL35J', 'xL17J', 'xL39J', 'xL5J', 'xL18J', 'xL26J', 'xL1J', 'xL29J', 'xL37J', 'xL6J'}
| | | | +-- , 12 , {17, 15} , {'xL19J', 'xL32J', 'xL23J', 'xL31J', 'xL16J', 'xL30J', 'xL20J', 'xL12J', 'xL35J', 'xL17J', 'xL39J', 'xL5J', 'xL18J', 'xL26J', 'xL15J', 'xL1J', 'xL29J', 'xL10J', 'xL6J'}
| | | | | +-- , 17 , {19} , {'xL19J', 'xL25J', 'xL32J', 'xL23J', 'xL31J', 'xL16J', 'xL20J', 'xL12J', 'xL35J', 'xL17J', 'xL39J', 'xL5J', 'xL18J', 'xL26J', 'xL15J', 'xL1J', 'xL10J', 'xL6J'}
| | | | | | +-- , 19 , {22} , {'xL19J', 'xL25J', 'xL0J', 'xL32J', 'xL31J', 'xL23J', 'xL16J', 'xL20J', 'xL12J', 'xL35J', 'xL17J', 'xL39J', 'xL5J', 'xL18J', 'xL15J', 'xL1J', 'xL9J', 'xL10J', 'xL6J'}
| | | | | | | +-- , 22 , {24, 39} , {'xL19J', 'xL25J', 'xL0J', 'xL32J', 'xL31J', 'xL23J', 'xL16J', 'xL20J', 'xL12J', 'xL35J', 'xL17J', 'xL24J', 'xL5J', 'xL18J', 'xL15J', 'xL1J', 'xL9J', 'xL10J', 'xL6J'}
| | | | | | | | +-- , 24 , {27} , {'xL19J', 'xL25J', 'xL33J', 'xL32J', 'xL31J', 'xL23J', 'xL16J', 'xL20J', 'xL12J', 'xL17J', 'xL24J', 'xL5J', 'xL18J', 'xL15J', 'xL1J', 'xL28J', 'xL9J', 'xL10J', 'xL6J'}
| | | | | | | | | +-- , 27 , {29} , {'xL19J', 'xL25J', 'xL33J', 'xL32J', 'xL31J', 'xL23J', 'xL20J', 'xL12J', 'xL17J', 'xL24J', 'xL5J', 'xL18J', 'xL2J', 'xL15J', 'xL1J', 'xL28J', 'xL9J', 'xL10J', 'xL6J'}
| | | | | | | | | | +-- , 29 , {33, 31} , {'xL19J', 'xL25J', 'xL33J', 'xL32J', 'xL31J', 'xL23J', 'xL12J', 'xL17J', 'xL24J', 'xL5J', 'xL18J', 'xL2J', 'xL15J', 'xL1J', 'xL9J', 'xL10J', 'xL8J', 'xL6J'}
| | | | | | | | | | | +-- , 33 , {35, 37} , {'xL19J', 'xL33J', 'xL32J', 'xL31J', 'xL12J', 'xL24J', 'xL17J', 'xL3J', 'xL5J', 'xL2J', 'xL15J', 'xL1J', 'xL9J', 'xL10J', 'xL8J', 'xL6J'}
| | | | | | | | | | | | +-- , 35 , set() , {'xL19J', 'xL2J', 'xL32J', 'xL36J', 'xL27J', 'xL33J', 'xL12J', 'xL6J', 'xL3J'}
| | | | | | | | | | | | +-- , 37 , set() , {'xL33J', 'xL31J', 'xL5J', 'xL9J', 'xL21J', 'xL8J', 'xL7J', 'xL3J'}
| | | | | | | | | | | +-- , 31 , set() , {'xL18J', 'xL19J', 'xL22J', 'xL12J', 'xL8J'}
| | | | | | | | +-- , 39 , set() , {'xL24J', 'xL38J', 'xL6J'}
| | | | | +-- , 15 , set() , {'xL4J', 'xL15J', 'xL10J', 'xL5J'}


Max number of edges with non zero Y: 31
Max number of iterations of outer rounding loop: 12
Max number of candidate sets: 2
Time spent rounding: 81.347
Time spent solving Separator LP: 0.142

LP Solver: gammaPlusFractionalCoverHeuristic