17, 0, 4.0, 4
+-- , 0 , {33, 37, 41, 13, 17, 21, 25, 29} , {'xL0J', 'xL4J', 'xL2J', 'xL1J', 'xL5J', 'xL6J', 'xL7J', 'xL3J'}
| +-- , 33 , {35} , {'yL3J', 'xL1J'}
| | +-- , 35 , set() , {'yL5J', 'yL3J', 'yL4J'}
| +-- , 37 , {39} , {'xL3J', 'yL9J'}
| | +-- , 39 , set() , {'yL10J', 'yL11J', 'yL9J'}
| +-- , 41 , {43} , {'xL0J', 'yL0J'}
| | +-- , 43 , set() , {'yL1J', 'yL0J', 'yL2J'}
| +-- , 13 , {15} , {'xL2J', 'yL6J'}
| | +-- , 15 , set() , {'yL8J', 'yL7J', 'yL6J'}
| +-- , 17 , {19} , {'xL6J', 'yL18J'}
| | +-- , 19 , set() , {'yL19J', 'yL18J', 'yL20J'}
| +-- , 21 , {23} , {'xL7J', 'yL21J'}
| | +-- , 23 , set() , {'yL22J', 'yL21J', 'yL23J'}
| +-- , 25 , {27} , {'xL4J', 'yL12J'}
| | +-- , 27 , set() , {'yL14J', 'yL12J', 'yL13J'}
| +-- , 29 , {31} , {'xL5J', 'yL15J'}
| | +-- , 31 , set() , {'yL16J', 'yL17J', 'yL15J'}


Max number of edges with non zero Y: 13
Max number of iterations of outer rounding loop: 2
Max number of candidate sets: 2
Time spent rounding: 10.808
Time spent solving Separator LP: 0.065

LP Solver: gammaPlusFractionalCoverHeuristic