47, 0, 9.0, 9
+-- , 0 , {5, 71, 73, 77, 79, 81, 83, 87, 89, 91, 92, 93} , {'xL16J', 'xL38J', 'xL49J', 'xL52J', 'xL70J', 'xL79J', 'xL6J', 'xL7J', 'xL77J', 'xL0J', 'xL59J', 'xL14J', 'xL32J', 'xL8J', 'xL57J', 'xL53J'}
| +-- , 5 , {65, 67, 69, 7, 63} , {'xL16J', 'xL31J', 'xL46J', 'xL38J', 'xL49J', 'xL52J', 'xL70J', 'xL79J', 'xL77J', 'xL0J', 'xL59J', 'xL47J', 'xL14J', 'xL32J', 'xL57J', 'xL43J'}
| | +-- , 65 , set() , {'xL61J', 'xL46J'}
| | +-- , 67 , set() , {'xL27J', 'xL57J', 'xL46J'}
| | +-- , 69 , set() , {'xL36J', 'xL31J'}
| | +-- , 7 , {9} , {'xL16J', 'xL31J', 'xL46J', 'xL38J', 'xL49J', 'xL52J', 'xL70J', 'xL77J', 'xL47J', 'xL14J', 'xL43J', 'xL76J'}
| | | +-- , 9 , {11} , {'xL16J', 'xL31J', 'xL46J', 'xL38J', 'xL49J', 'xL67J', 'xL70J', 'xL77J', 'xL47J', 'xL14J', 'xL43J', 'xL76J'}
| | | | +-- , 11 , {13} , {'xL16J', 'xL31J', 'xL46J', 'xL38J', 'xL49J', 'xL67J', 'xL70J', 'xL64J', 'xL77J', 'xL47J', 'xL14J', 'xL43J', 'xL19J'}
| | | | | +-- , 13 , {61, 15} , {'xL31J', 'xL46J', 'xL38J', 'xL49J', 'xL67J', 'xL70J', 'xL64J', 'xL77J', 'xL47J', 'xL14J', 'xL43J', 'xL78J', 'xL19J'}
| | | | | | +-- , 61 , set() , {'xL78J', 'xL55J', 'xL70J'}
| | | | | | +-- , 15 , {17} , {'xL31J', 'xL1J', 'xL46J', 'xL38J', 'xL49J', 'xL67J', 'xL64J', 'xL71J', 'xL77J', 'xL47J', 'xL22J', 'xL78J', 'xL43J'}
| | | | | | | +-- , 17 , {59, 19} , {'xL69J', 'xL31J', 'xL1J', 'xL47J', 'xL46J', 'xL38J', 'xL49J', 'xL22J', 'xL78J', 'xL43J', 'xL64J', 'xL71J'}
| | | | | | | | +-- , 59 , set() , {'xL69J', 'xL33J', 'xL31J', 'xL49J'}
| | | | | | | | +-- , 19 , {37, 21} , {'xL69J', 'xL1J', 'xL47J', 'xL46J', 'xL38J', 'xL17J', 'xL22J', 'xL78J', 'xL43J', 'xL64J', 'xL45J'}
| | | | | | | | | +-- , 37 , {39, 55} , {'xL72J', 'xL47J', 'xL46J', 'xL48J', 'xL17J', 'xL22J', 'xL78J', 'xL75J', 'xL45J'}
| | | | | | | | | | +-- , 39 , {41} , {'xL72J', 'xL11J', 'xL47J', 'xL17J', 'xL22J', 'xL78J', 'xL75J', 'xL45J'}
| | | | | | | | | | | +-- , 41 , {49, 51, 43, 47} , {'xL11J', 'xL47J', 'xL17J', 'xL12J', 'xL22J', 'xL78J', 'xL75J', 'xL40J'}
| | | | | | | | | | | | +-- , 49 , set() , {'xL60J', 'xL40J'}
| | | | | | | | | | | | +-- , 51 , {53} , {'xL66J', 'xL78J', 'xL40J', 'xL15J', 'xL12J'}
| | | | | | | | | | | | | +-- , 53 , set() , {'xL9J', 'xL15J'}
| | | | | | | | | | | | +-- , 43 , {45} , {'xL51J', 'xL12J', 'xL22J'}
| | | | | | | | | | | | | +-- , 45 , set() , {'xL51J', 'xL10J'}
| | | | | | | | | | | | +-- , 47 , set() , {'xL56J', 'xL40J'}
| | | | | | | | | | +-- , 55 , {57} , {'xL48J', 'xL20J', 'xL75J'}
| | | | | | | | | | | +-- , 57 , set() , {'xL20J', 'xL68J'}
| | | | | | | | | +-- , 21 , {27, 23} , {'xL69J', 'xL1J', 'xL38J', 'xL17J', 'xL43J', 'xL37J', 'xL45J'}
| | | | | | | | | | +-- , 27 , {33, 29} , {'xL69J', 'xL1J', 'xL38J', 'xL17J', 'xL37J', 'xL5J'}
| | | | | | | | | | | +-- , 33 , {35} , {'xL69J', 'xL44J', 'xL5J'}
| | | | | | | | | | | | +-- , 35 , set() , {'xL44J', 'xL3J'}
| | | | | | | | | | | +-- , 29 , {31} , {'xL1J', 'xL37J', 'xL5J', 'xL38J', 'xL41J', 'xL13J'}
| | | | | | | | | | | | +-- , 31 , set() , {'xL2J', 'xL13J'}
| | | | | | | | | | +-- , 23 , {25} , {'xL43J', 'xL65J', 'xL37J'}
| | | | | | | | | | | +-- , 25 , set() , {'xL65J', 'xL34J'}
| | +-- , 63 , set() , {'xL31J', 'xL47J', 'xL23J'}
| +-- , 71 , set() , {'xL57J', 'xL28J', 'xL7J'}
| +-- , 73 , {75} , {'xL70J', 'xL79J', 'xL63J', 'xL77J'}
| | +-- , 75 , set() , {'xL63J', 'xL70J', 'xL30J'}
| +-- , 77 , set() , {'xL57J', 'xL16J', 'xL50J'}
| +-- , 79 , set() , {'xL73J', 'xL6J'}
| +-- , 81 , set() , {'xL18J', 'xL16J'}
| +-- , 83 , {85} , {'xL74J', 'xL57J', 'xL53J'}
| | +-- , 85 , set() , {'xL74J', 'xL54J', 'xL57J'}
| +-- , 87 , set() , {'xL16J', 'xL42J'}
| +-- , 89 , set() , {'xL59J', 'xL21J'}
| +-- , 91 , set() , {'xL8J', 'xL62J'}
| +-- , 92 , set() , {'xL4J', 'xL25J'}
| +-- , 93 , set() , {'xL58J', 'xL29J'}


Max number of edges with non zero Y: 45
Max number of iterations of outer rounding loop: 2
Max number of candidate sets: 2
Time spent rounding: 4.125
Time spent solving Separator LP: 0.037
Total time spent solving: 6.643

LP Solver: gammaPlusFractionalCoverHeuristic
Lower Bound Witness = ({'xL16J', 'xL31J', 'xL11J', 'xL1J', 'xL23J', 'xL38J', 'xL66J', 'xL52J', 'xL2J', 'xL70J', 'xL64J', 'xL27J', 'xL15J', 'xL18J', 'xL71J', 'xL77J', 'xL41J', 'xL61J', 'xL59J', 'xL47J', 'xL56J', 'xL63J', 'xL44J', 'xL73J', 'xL36J', 'xL50J', 'xL78J', 'xL75J', 'xL76J', 'xL40J', 'xL20J', 'xL54J', 'xL30J', 'xL46J', 'xL3J', 'xL48J', 'xL68J', 'xL49J', 'xL28J', 'xL55J', 'xL62J', 'xL13J', 'xL65J', 'xL67J', 'xL79J', 'xL6J', 'xL7J', 'xL37J', 'xL60J', 'xL33J', 'xL42J', 'xL9J', 'xL69J', 'xL0J', 'xL72J', 'xL51J', 'xL74J', 'xL17J', 'xL14J', 'xL32J', 'xL12J', 'xL10J', 'xL8J', 'xL21J', 'xL57J', 'xL22J', 'xL43J', 'xL5J', 'xL53J', 'xL34J', 'xL45J', 'xL19J'}, {'xL10J', 'xL73J', 'xL21J', 'xL70J', 'xL19J'})