56, 3.999999728886378, 6.0, 6
+-- , 0 , {65, 7, 73, 75, 107, 109, 111, 114, 115} , {'xL31J', 'xL11J', 'xL38J', 'xL28J', 'xL12J', 'xL13J', 'xL57J', 'xL22J', 'xL70J', 'xL77J'}
| +-- , 65 , {67, 71} , {'xL57J', 'xL31J', 'xL53J'}
| | +-- , 67 , {69} , {'xL74J', 'xL57J', 'xL53J'}
| | | +-- , 69 , set() , {'xL74J', 'xL54J', 'xL57J'}
| | +-- , 71 , set() , {'xL53J', 'xL0J', 'xL31J'}
| +-- , 7 , {9, 63} , {'xL69J', 'xL31J', 'xL11J', 'xL38J', 'xL12J', 'xL13J', 'xL57J', 'xL22J', 'xL70J', 'xL77J'}
| | +-- , 9 , {13, 61, 59, 47} , {'xL69J', 'xL31J', 'xL11J', 'xL38J', 'xL44J', 'xL12J', 'xL13J', 'xL57J', 'xL78J', 'xL70J', 'xL77J'}
| | | +-- , 13 , {45, 15} , {'xL69J', 'xL31J', 'xL11J', 'xL38J', 'xL17J', 'xL44J', 'xL12J', 'xL13J', 'xL57J', 'xL78J'}
| | | | +-- , 45 , set() , {'xL17J', 'xL44J', 'xL5J', 'xL13J'}
| | | | +-- , 15 , {17, 43, 27} , {'xL69J', 'xL31J', 'xL11J', 'xL47J', 'xL38J', 'xL17J', 'xL12J', 'xL57J', 'xL78J', 'xL33J'}
| | | | | +-- , 17 , {19, 21, 23} , {'xL66J', 'xL78J', 'xL11J', 'xL47J', 'xL40J', 'xL12J'}
| | | | | | +-- , 19 , set() , {'xL56J', 'xL40J'}
| | | | | | +-- , 21 , set() , {'xL60J', 'xL40J'}
| | | | | | +-- , 23 , {25} , {'xL15J', 'xL66J', 'xL40J'}
| | | | | | | +-- , 25 , set() , {'xL9J', 'xL15J'}
| | | | | +-- , 43 , set() , {'xL31J', 'xL47J', 'xL23J'}
| | | | | +-- , 27 , {29} , {'xL72J', 'xL11J', 'xL47J', 'xL17J', 'xL57J', 'xL33J'}
| | | | | | +-- , 29 , {35, 37, 31} , {'xL57J', 'xL72J', 'xL46J', 'xL27J', 'xL33J', 'xL49J'}
| | | | | | | +-- , 35 , set() , {'xL61J', 'xL46J'}
| | | | | | | +-- , 37 , {41, 39} , {'xL49J', 'xL6J', 'xL46J'}
| | | | | | | | +-- , 41 , set() , {'xL32J', 'xL6J', 'xL46J'}
| | | | | | | | +-- , 39 , set() , {'xL73J', 'xL6J'}
| | | | | | | +-- , 31 , {33} , {'xL49J', 'xL8J'}
| | | | | | | | +-- , 33 , set() , {'xL8J', 'xL62J'}
| | | +-- , 61 , set() , {'xL44J', 'xL3J'}
| | | +-- , 59 , set() , {'xL78J', 'xL55J', 'xL70J'}
| | | +-- , 47 , {49, 51, 53, 55, 57} , {'xL57J', 'xL16J', 'xL31J', 'xL78J', 'xL77J'}
| | | | +-- , 49 , set() , {'xL18J', 'xL16J'}
| | | | +-- , 51 , set() , {'xL16J', 'xL78J', 'xL19J'}
| | | | +-- , 53 , set() , {'xL16J', 'xL42J'}
| | | | +-- , 55 , set() , {'xL14J', 'xL16J', 'xL31J', 'xL78J'}
| | | | +-- , 57 , set() , {'xL57J', 'xL16J', 'xL50J'}
| | +-- , 63 , set() , {'xL69J', 'xL71J', 'xL77J'}
| +-- , 73 , set() , {'xL38J', 'xL28J', 'xL7J'}
| +-- , 75 , {77} , {'xL1J', 'xL11J', 'xL12J', 'xL13J', 'xL22J', 'xL70J', 'xL75J', 'xL77J'}
| | +-- , 77 , {101, 79} , {'xL1J', 'xL11J', 'xL77J', 'xL13J', 'xL22J', 'xL70J', 'xL75J', 'xL45J'}
| | | +-- , 101 , {105, 103} , {'xL20J', 'xL75J', 'xL45J'}
| | | | +-- , 105 , set() , {'xL48J', 'xL20J', 'xL45J'}
| | | | +-- , 103 , set() , {'xL20J', 'xL68J'}
| | | +-- , 79 , {81} , {'xL1J', 'xL77J', 'xL13J', 'xL22J', 'xL67J', 'xL70J', 'xL64J', 'xL45J'}
| | | | +-- , 81 , {99, 83} , {'xL1J', 'xL77J', 'xL13J', 'xL67J', 'xL70J', 'xL76J', 'xL37J', 'xL45J'}
| | | | | +-- , 99 , set() , {'xL41J', 'xL37J', 'xL13J'}
| | | | | +-- , 83 , {85, 89, 93} , {'xL1J', 'xL43J', 'xL70J', 'xL76J', 'xL37J', 'xL77J'}
| | | | | | +-- , 85 , {87} , {'xL43J', 'xL65J', 'xL37J'}
| | | | | | | +-- , 87 , set() , {'xL65J', 'xL34J'}
| | | | | | +-- , 89 , {91} , {'xL43J', 'xL59J'}
| | | | | | | +-- , 91 , set() , {'xL59J', 'xL21J'}
| | | | | | +-- , 93 , {95} , {'xL52J', 'xL43J', 'xL70J', 'xL76J', 'xL79J', 'xL77J'}
| | | | | | | +-- , 95 , {97} , {'xL70J', 'xL79J', 'xL63J', 'xL77J'}
| | | | | | | | +-- , 97 , set() , {'xL63J', 'xL70J', 'xL30J'}
| +-- , 107 , set() , {'xL2J', 'xL13J'}
| +-- , 109 , set() , {'xL36J', 'xL31J'}
| +-- , 111 , {113} , {'xL51J', 'xL12J', 'xL22J'}
| | +-- , 113 , set() , {'xL51J', 'xL10J'}
| +-- , 114 , set() , {'xL4J', 'xL25J'}
| +-- , 115 , set() , {'xL58J', 'xL29J'}


Max number of edges with non zero Y: 4
Max number of iterations of outer rounding loop: 0
Max number of candidate sets: 0
Time spent rounding: 0.000
Time spent solving Separator LP: 20.250
Total time spent solving: 22.255

LP Solver: GaifmanNormalILP
Lower Bound Witness = ({'xL16J', 'xL31J', 'xL11J', 'xL1J', 'xL23J', 'xL38J', 'xL66J', 'xL52J', 'xL2J', 'xL70J', 'xL64J', 'xL27J', 'xL15J', 'xL18J', 'xL71J', 'xL77J', 'xL41J', 'xL61J', 'xL59J', 'xL47J', 'xL56J', 'xL63J', 'xL44J', 'xL73J', 'xL36J', 'xL50J', 'xL78J', 'xL75J', 'xL76J', 'xL40J', 'xL20J', 'xL54J', 'xL30J', 'xL46J', 'xL3J', 'xL48J', 'xL68J', 'xL49J', 'xL28J', 'xL55J', 'xL62J', 'xL13J', 'xL65J', 'xL67J', 'xL79J', 'xL6J', 'xL7J', 'xL37J', 'xL60J', 'xL33J', 'xL42J', 'xL9J', 'xL69J', 'xL0J', 'xL72J', 'xL51J', 'xL74J', 'xL17J', 'xL14J', 'xL32J', 'xL12J', 'xL10J', 'xL8J', 'xL21J', 'xL57J', 'xL22J', 'xL43J', 'xL5J', 'xL53J', 'xL34J', 'xL45J', 'xL19J'}, {'xL11J', 'xL38J', 'xL52J', 'xL2J', 'xL18J', 'xL15J', 'xL71J', 'xL41J', 'xL56J', 'xL73J', 'xL36J', 'xL76J', 'xL40J', 'xL20J', 'xL3J', 'xL48J', 'xL49J', 'xL13J', 'xL65J', 'xL79J', 'xL69J', 'xL0J', 'xL32J', 'xL12J', 'xL10J', 'xL21J', 'xL57J', 'xL5J', 'xL53J'})