52, 4.999999000000001, 7.0, 7
+-- , 0 , {1, 105} , {'xL4J', 'xL25J'}
| +-- , 1 , {97, 33, 37, 101, 5, 95, 93, 63} , {'xL69J', 'xL72J', 'xL11J', 'xL47J', 'xL63J', 'xL14J', 'xL12J', 'xL13J', 'xL57J', 'xL22J', 'xL5J', 'xL27J', 'xL77J'}
| | +-- , 97 , {99} , {'xL69J', 'xL44J', 'xL5J'}
| | | +-- , 99 , set() , {'xL44J', 'xL3J'}
| | +-- , 33 , {35} , {'xL57J', 'xL47J', 'xL38J', 'xL28J', 'xL13J'}
| | | +-- , 35 , set() , {'xL38J', 'xL28J', 'xL7J'}
| | +-- , 37 , {49, 39, 57} , {'xL72J', 'xL11J', 'xL47J', 'xL17J', 'xL14J', 'xL63J', 'xL12J', 'xL57J', 'xL50J', 'xL78J', 'xL5J', 'xL77J'}
| | | +-- , 49 , {51, 53, 55} , {'xL16J', 'xL50J', 'xL78J', 'xL14J', 'xL77J'}
| | | | +-- , 51 , set() , {'xL18J', 'xL16J'}
| | | | +-- , 53 , set() , {'xL16J', 'xL78J', 'xL19J'}
| | | | +-- , 55 , set() , {'xL16J', 'xL42J'}
| | | +-- , 39 , {41, 43, 45} , {'xL66J', 'xL78J', 'xL11J', 'xL47J', 'xL40J', 'xL12J'}
| | | | +-- , 41 , set() , {'xL56J', 'xL40J'}
| | | | +-- , 43 , set() , {'xL60J', 'xL40J'}
| | | | +-- , 45 , {47} , {'xL15J', 'xL66J', 'xL40J'}
| | | | | +-- , 47 , set() , {'xL9J', 'xL15J'}
| | | +-- , 57 , {59} , {'xL78J', 'xL63J', 'xL55J', 'xL77J'}
| | | | +-- , 59 , {61} , {'xL70J', 'xL63J', 'xL55J', 'xL77J'}
| | | | | +-- , 61 , set() , {'xL63J', 'xL70J', 'xL30J'}
| | +-- , 101 , {103} , {'xL51J', 'xL12J', 'xL22J'}
| | | +-- , 103 , set() , {'xL51J', 'xL10J'}
| | +-- , 5 , {7, 21, 23, 31} , {'xL69J', 'xL72J', 'xL31J', 'xL47J', 'xL14J', 'xL57J', 'xL22J', 'xL27J'}
| | | +-- , 7 , {9, 19} , {'xL69J', 'xL72J', 'xL31J', 'xL46J', 'xL27J', 'xL33J'}
| | | | +-- , 9 , {11, 15} , {'xL46J', 'xL33J', 'xL49J', 'xL32J'}
| | | | | +-- , 11 , {13} , {'xL49J', 'xL8J'}
| | | | | | +-- , 13 , set() , {'xL8J', 'xL62J'}
| | | | | +-- , 15 , {17} , {'xL32J', 'xL49J', 'xL6J'}
| | | | | | +-- , 17 , set() , {'xL73J', 'xL6J'}
| | | | +-- , 19 , set() , {'xL61J', 'xL46J'}
| | | +-- , 21 , set() , {'xL36J', 'xL31J'}
| | | +-- , 23 , {25, 29} , {'xL57J', 'xL31J', 'xL53J'}
| | | | +-- , 25 , {27} , {'xL74J', 'xL57J', 'xL53J'}
| | | | | +-- , 27 , set() , {'xL74J', 'xL54J', 'xL57J'}
| | | | +-- , 29 , set() , {'xL53J', 'xL0J', 'xL31J'}
| | | +-- , 31 , set() , {'xL31J', 'xL47J', 'xL23J'}
| | +-- , 95 , set() , {'xL69J', 'xL71J', 'xL77J'}
| | +-- , 93 , set() , {'xL2J', 'xL13J'}
| | +-- , 63 , {89, 66} , {'xL11J', 'xL63J', 'xL12J', 'xL13J', 'xL22J', 'xL67J', 'xL79J'}
| | | +-- , 89 , {91} , {'xL67J', 'xL76J', 'xL79J'}
| | | | +-- , 91 , set() , {'xL52J', 'xL76J', 'xL79J'}
| | | +-- , 66 , {83, 69, 87} , {'xL11J', 'xL12J', 'xL13J', 'xL22J', 'xL43J', 'xL67J', 'xL79J', 'xL41J'}
| | | | +-- , 83 , {85} , {'xL43J', 'xL59J'}
| | | | | +-- , 85 , set() , {'xL59J', 'xL21J'}
| | | | +-- , 69 , {73, 71} , {'xL11J', 'xL12J', 'xL22J', 'xL43J', 'xL37J', 'xL67J', 'xL65J', 'xL41J'}
| | | | | +-- , 73 , {75, 77} , {'xL11J', 'xL12J', 'xL22J', 'xL67J', 'xL37J', 'xL45J'}
| | | | | | +-- , 75 , set() , {'xL67J', 'xL45J', 'xL64J'}
| | | | | | +-- , 77 , {79} , {'xL22J', 'xL75J', 'xL48J', 'xL12J', 'xL45J'}
| | | | | | | +-- , 79 , {81} , {'xL48J', 'xL20J', 'xL75J'}
| | | | | | | | +-- , 81 , set() , {'xL20J', 'xL68J'}
| | | | | +-- , 71 , set() , {'xL65J', 'xL34J'}
| | | | +-- , 87 , set() , {'xL43J', 'xL1J', 'xL13J'}
| +-- , 105 , set() , {'xL58J', 'xL29J'}


Max number of edges with non zero Y: 5
Max number of iterations of outer rounding loop: 0
Max number of candidate sets: 0
Time spent rounding: 0.000
Time spent solving Separator LP: 24.851
Total time spent solving: 27.193

LP Solver: GaifmanNormalILP
Lower Bound Witness = ({'xL16J', 'xL31J', 'xL11J', 'xL1J', 'xL23J', 'xL38J', 'xL66J', 'xL52J', 'xL2J', 'xL70J', 'xL64J', 'xL27J', 'xL15J', 'xL18J', 'xL71J', 'xL77J', 'xL41J', 'xL61J', 'xL59J', 'xL47J', 'xL56J', 'xL63J', 'xL44J', 'xL73J', 'xL36J', 'xL50J', 'xL78J', 'xL75J', 'xL76J', 'xL40J', 'xL20J', 'xL54J', 'xL30J', 'xL46J', 'xL3J', 'xL48J', 'xL68J', 'xL49J', 'xL28J', 'xL55J', 'xL62J', 'xL13J', 'xL65J', 'xL67J', 'xL79J', 'xL6J', 'xL7J', 'xL37J', 'xL60J', 'xL33J', 'xL42J', 'xL9J', 'xL69J', 'xL0J', 'xL72J', 'xL51J', 'xL74J', 'xL17J', 'xL14J', 'xL32J', 'xL12J', 'xL10J', 'xL8J', 'xL21J', 'xL57J', 'xL22J', 'xL43J', 'xL5J', 'xL53J', 'xL34J', 'xL45J', 'xL19J'}, {'xL66J', 'xL1J', 'xL11J', 'xL27J', 'xL15J', 'xL61J', 'xL59J', 'xL56J', 'xL63J', 'xL44J', 'xL40J', 'xL68J', 'xL67J', 'xL79J', 'xL33J', 'xL42J', 'xL9J', 'xL69J', 'xL0J', 'xL72J', 'xL51J', 'xL17J', 'xL12J', 'xL57J', 'xL22J', 'xL19J'})