52, 3.999999, 6.0, 6
+-- , 0 , {70, 106, 107, 101, 5, 103, 72, 105, 58} , {'xL72J', 'xL11J', 'xL47J', 'xL13J', 'xL22J', 'xL78J', 'xL70J', 'xL5J', 'xL75J', 'xL40J', 'xL77J'}
| +-- , 70 , set() , {'xL78J', 'xL55J', 'xL70J'}
| +-- , 106 , set() , {'xL4J', 'xL25J'}
| +-- , 107 , set() , {'xL58J', 'xL29J'}
| +-- , 101 , set() , {'xL2J', 'xL13J'}
| +-- , 5 , {32, 56, 54, 24, 10, 14} , {'xL72J', 'xL31J', 'xL47J', 'xL13J', 'xL57J', 'xL22J', 'xL78J', 'xL5J', 'xL71J', 'xL77J', 'xL19J'}
| | +-- , 32 , {34, 50} , {'xL69J', 'xL72J', 'xL31J', 'xL47J', 'xL57J', 'xL22J', 'xL5J', 'xL71J'}
| | | +-- , 34 , {48, 36, 46} , {'xL69J', 'xL72J', 'xL31J', 'xL57J', 'xL46J', 'xL33J'}
| | | | +-- , 48 , set() , {'xL27J', 'xL57J', 'xL46J'}
| | | | +-- , 36 , {42, 38} , {'xL46J', 'xL33J', 'xL49J', 'xL32J'}
| | | | | +-- , 42 , {44} , {'xL32J', 'xL49J', 'xL6J'}
| | | | | | +-- , 44 , set() , {'xL73J', 'xL6J'}
| | | | | +-- , 38 , {40} , {'xL49J', 'xL8J'}
| | | | | | +-- , 40 , set() , {'xL8J', 'xL62J'}
| | | | +-- , 46 , set() , {'xL61J', 'xL46J'}
| | | +-- , 50 , {52} , {'xL69J', 'xL44J', 'xL5J'}
| | | | +-- , 52 , set() , {'xL44J', 'xL3J'}
| | +-- , 56 , set() , {'xL36J', 'xL31J'}
| | +-- , 54 , set() , {'xL31J', 'xL47J', 'xL23J'}
| | +-- , 24 , {26, 30} , {'xL57J', 'xL31J', 'xL53J'}
| | | +-- , 26 , {28} , {'xL74J', 'xL57J', 'xL53J'}
| | | | +-- , 28 , set() , {'xL74J', 'xL54J', 'xL57J'}
| | | +-- , 30 , set() , {'xL53J', 'xL0J', 'xL31J'}
| | +-- , 10 , {12} , {'xL57J', 'xL47J', 'xL38J', 'xL28J', 'xL13J'}
| | | +-- , 12 , set() , {'xL38J', 'xL28J', 'xL7J'}
| | +-- , 14 , {16, 18, 20, 22} , {'xL16J', 'xL31J', 'xL57J', 'xL78J', 'xL77J', 'xL19J'}
| | | +-- , 16 , set() , {'xL14J', 'xL16J', 'xL31J', 'xL78J'}
| | | +-- , 18 , set() , {'xL57J', 'xL16J', 'xL50J'}
| | | +-- , 20 , set() , {'xL18J', 'xL16J'}
| | | +-- , 22 , set() , {'xL16J', 'xL42J'}
| +-- , 103 , set() , {'xL56J', 'xL40J'}
| +-- , 72 , {75, 95} , {'xL11J', 'xL45J', 'xL13J', 'xL22J', 'xL70J', 'xL75J', 'xL41J', 'xL77J'}
| | +-- , 75 , {77} , {'xL77J', 'xL13J', 'xL22J', 'xL67J', 'xL70J', 'xL64J', 'xL41J', 'xL45J'}
| | | +-- , 77 , {79} , {'xL77J', 'xL13J', 'xL70J', 'xL67J', 'xL76J', 'xL37J', 'xL41J', 'xL45J'}
| | | | +-- , 79 , {81} , {'xL52J', 'xL13J', 'xL37J', 'xL76J', 'xL70J', 'xL77J'}
| | | | | +-- , 81 , {91, 83} , {'xL52J', 'xL13J', 'xL37J', 'xL70J', 'xL79J', 'xL77J'}
| | | | | | +-- , 91 , {93} , {'xL70J', 'xL79J', 'xL63J', 'xL77J'}
| | | | | | | +-- , 93 , set() , {'xL63J', 'xL70J', 'xL30J'}
| | | | | | +-- , 83 , {85, 87} , {'xL43J', 'xL1J', 'xL65J', 'xL37J', 'xL79J', 'xL13J'}
| | | | | | | +-- , 85 , set() , {'xL65J', 'xL34J'}
| | | | | | | +-- , 87 , {89} , {'xL43J', 'xL59J'}
| | | | | | | | +-- , 89 , set() , {'xL59J', 'xL21J'}
| | +-- , 95 , {97, 99} , {'xL75J', 'xL20J', 'xL45J'}
| | | +-- , 97 , set() , {'xL20J', 'xL68J'}
| | | +-- , 99 , set() , {'xL48J', 'xL20J', 'xL45J'}
| +-- , 105 , set() , {'xL60J', 'xL40J'}
| +-- , 58 , {60} , {'xL72J', 'xL11J', 'xL17J', 'xL22J', 'xL78J', 'xL5J', 'xL75J', 'xL40J'}
| | +-- , 60 , {66, 62} , {'xL11J', 'xL17J', 'xL12J', 'xL22J', 'xL78J', 'xL75J', 'xL40J'}
| | | +-- , 66 , {68} , {'xL66J', 'xL78J', 'xL40J', 'xL15J', 'xL12J'}
| | | | +-- , 68 , set() , {'xL9J', 'xL15J'}
| | | +-- , 62 , {64} , {'xL51J', 'xL12J', 'xL22J'}
| | | | +-- , 64 , set() , {'xL51J', 'xL10J'}


Max number of edges with non zero Y: 4
Max number of iterations of outer rounding loop: 0
Max number of candidate sets: 0
Time spent rounding: 0.000
Time spent solving Separator LP: 5.463
Total time spent solving: 7.716

LP Solver: GaifmanNormalILP
Lower Bound Witness = ({'xL16J', 'xL31J', 'xL11J', 'xL1J', 'xL23J', 'xL38J', 'xL66J', 'xL52J', 'xL2J', 'xL70J', 'xL64J', 'xL27J', 'xL15J', 'xL18J', 'xL71J', 'xL77J', 'xL41J', 'xL61J', 'xL59J', 'xL47J', 'xL56J', 'xL63J', 'xL44J', 'xL73J', 'xL36J', 'xL50J', 'xL78J', 'xL75J', 'xL76J', 'xL40J', 'xL20J', 'xL54J', 'xL30J', 'xL46J', 'xL3J', 'xL48J', 'xL68J', 'xL49J', 'xL28J', 'xL55J', 'xL62J', 'xL13J', 'xL65J', 'xL67J', 'xL79J', 'xL6J', 'xL7J', 'xL37J', 'xL60J', 'xL33J', 'xL42J', 'xL9J', 'xL69J', 'xL0J', 'xL72J', 'xL51J', 'xL74J', 'xL17J', 'xL14J', 'xL32J', 'xL12J', 'xL10J', 'xL8J', 'xL21J', 'xL57J', 'xL22J', 'xL43J', 'xL5J', 'xL53J', 'xL34J', 'xL45J', 'xL19J'}, {'xL16J', 'xL30J', 'xL3J', 'xL56J', 'xL17J', 'xL44J', 'xL8J', 'xL57J', 'xL67J', 'xL2J', 'xL7J', 'xL20J', 'xL45J'})