65, 7.0, 9.5, 10
+-- , 0 , {97, 129, 131, 3, 133, 103, 105, 111, 113, 119, 89, 91} , {'zL33J', 'zL25J', 'zL39J', 'xL2J', 'xL5J', 'zL47J', 'xL1J', 'zL29J', 'zL24J', 'zL51J', 'xL4J', 'xL8J', 'zL4J', 'xL7J', 'zL46J', 'xL6J'}
| +-- , 97 , {99} , {'zL33J', 'xL2J', 'xL4J', 'xL8J', 'zL34J'}
| | +-- , 99 , {101} , {'zL35J', 'xL4J', 'xL8J', 'zL34J'}
| | | +-- , 101 , set() , {'zL35J', 'w11', 'xL8J'}
| +-- , 129 , set() , {'w14', 'xL5J', 'zL47J'}
| +-- , 131 , set() , {'zL39J', 'xL2J', 'w12'}
| +-- , 3 , {5} , {'zL33J', 'zL39J', 'xL2J', 'xL5J', 'zL38J', 'xL1J', 'zL29J', 'zL24J', 'zL51J', 'xL4J', 'xL8J', 'zL4J', 'xL7J', 'zL46J', 'xL6J'}
| | +-- , 5 , {85, 87, 9} , {'zL33J', 'xL2J', 'xL5J', 'zL38J', 'xL1J', 'zL29J', 'zL32J', 'zL24J', 'zL51J', 'xL8J', 'zL4J', 'zL16J', 'xL7J', 'xL4J', 'xL9J', 'zL46J', 'xL6J'}
| | | +-- , 85 , set() , {'xL1J', 'yL8J', 'zL32J'}
| | | +-- , 87 , set() , {'yL4J', 'xL2J', 'zL16J'}
| | | +-- , 9 , {81, 11} , {'xL2J', 'xL5J', 'zL38J', 'xL1J', 'zL6J', 'zL29J', 'zL24J', 'zL51J', 'xL4J', 'xL8J', 'zL16J', 'zL5J', 'xL7J', 'zL4J', 'xL9J', 'zL46J', 'xL6J'}
| | | | +-- , 81 , {83} , {'zL7J', 'xL2J', 'xL1J', 'zL6J'}
| | | | | +-- , 83 , set() , {'zL7J', 'w4', 'xL2J'}
| | | | +-- , 11 , {79, 15} , {'xL2J', 'xL5J', 'zL38J', 'xL1J', 'zL29J', 'zL24J', 'zL51J', 'xL4J', 'xL8J', 'zL42J', 'zL43J', 'zL16J', 'zL5J', 'xL9J', 'zL4J', 'xL7J', 'zL46J', 'xL6J'}
| | | | | +-- , 79 , set() , {'zL43J', 'xL9J', 'w13'}
| | | | | +-- , 15 , {67, 69, 71, 73, 75, 77, 17, 21} , {'xL2J', 'xL5J', 'zL38J', 'xL1J', 'zL29J', 'zL24J', 'zL41J', 'zL51J', 'zL42J', 'xL8J', 'xL4J', 'zL16J', 'zL5J', 'xL7J', 'zL4J', 'xL0J', 'xL9J', 'zL46J', 'xL6J'}
| | | | | | +-- , 67 , set() , {'w17', 'zL57J', 'zL58J', 'xL5J', 'yL14J', 'zL59J', 'zL56J', 'xL1J', 'xL4J', 'xL0J', 'xL9J'}
| | | | | | +-- , 69 , set() , {'zL78J', 'yL19J', 'w22', 'xL8J', 'zL77J', 'zL79J', 'xL9J', 'xL4J', 'xL0J', 'xL7J', 'zL76J'}
| | | | | | +-- , 71 , set() , {'zL41J', 'yL10J', 'zL40J', 'xL7J', 'xL6J'}
| | | | | | +-- , 73 , set() , {'xL2J', 'yL3J', 'zL12J', 'xL8J', 'zL13J', 'zL14J', 'xL9J', 'w6', 'zL15J', 'xL0J', 'xL7J'}
| | | | | | +-- , 75 , set() , {'w15', 'zL51J', 'xL0J'}
| | | | | | +-- , 77 , set() , {'zL24J', 'xL0J', 'yL6J'}
| | | | | | +-- , 17 , {19} , {'zL28J', 'xL0J', 'xL7J', 'zL29J'}
| | | | | | | +-- , 19 , set() , {'zL28J', 'xL0J', 'yL7J'}
| | | | | | +-- , 21 , {23, 59, 61} , {'xL2J', 'xL5J', 'zL53J', 'zL38J', 'zL23J', 'xL1J', 'zL52J', 'zL45J', 'xL4J', 'xL8J', 'zL22J', 'zL16J', 'zL5J', 'xL7J', 'zL4J', 'xL0J', 'xL9J', 'zL46J', 'xL6J'}
| | | | | | | +-- , 23 , {25} , {'zL3J', 'xL2J', 'zL19J', 'xL5J', 'w7', 'w3', 'zL38J', 'xL1J', 'zL52J', 'zL45J', 'xL4J', 'xL8J', 'zL22J', 'zL16J', 'zL5J', 'xL7J', 'zL4J', 'xL0J', 'xL9J', 'xL6J'}
| | | | | | | | +-- , 25 , {27} , {'zL3J', 'xL2J', 'zL19J', 'xL5J', 'zL38J', 'xL1J', 'zL52J', 'zL45J', 'zL2J', 'xL4J', 'xL8J', 'zL22J', 'zL16J', 'zL5J', 'xL7J', 'zL4J', 'xL0J', 'xL9J'}
| | | | | | | | | +-- , 27 , {29, 31} , {'xL2J', 'zL19J', 'xL5J', 'zL38J', 'xL1J', 'zL52J', 'zL45J', 'zL2J', 'xL4J', 'zL17J', 'xL8J', 'zL22J', 'zL16J', 'zL5J', 'xL9J', 'zL4J', 'xL0J', 'xL7J'}
| | | | | | | | | | +-- , 29 , set() , {'zL19J', 'zL17J', 'zL18J', 'xL9J', 'xL7J'}
| | | | | | | | | | +-- , 31 , {33, 39, 45, 47, 53, 55} , {'xL2J', 'xL5J', 'zL38J', 'xL1J', 'zL52J', 'zL45J', 'zL2J', 'xL4J', 'zL17J', 'xL8J', 'xL3J', 'zL22J', 'zL16J', 'zL5J', 'xL7J', 'zL4J', 'xL0J', 'xL9J'}
| | | | | | | | | | | +-- , 33 , {35} , {'xL3J', 'zL38J', 'zL37J', 'xL7J', 'xL8J'}
| | | | | | | | | | | | +-- , 35 , {37} , {'xL7J', 'zL37J', 'zL36J', 'xL8J'}
| | | | | | | | | | | | | +-- , 37 , set() , {'zL36J', 'xL7J', 'yL9J'}
| | | | | | | | | | | +-- , 39 , {41} , {'xL3J', 'zL2J', 'zL1J', 'xL1J', 'xL5J'}
| | | | | | | | | | | | +-- , 41 , {43} , {'xL3J', 'xL1J', 'zL1J', 'zL0J'}
| | | | | | | | | | | | | +-- , 43 , set() , {'xL3J', 'zL0J', 'yL0J'}
| | | | | | | | | | | +-- , 45 , set() , {'zL72J', 'zL75J', 'zL74J', 'xL5J', 'zL73J', 'xL3J', 'w21', 'yL18J', 'xL9J', 'xL0J', 'xL7J'}
| | | | | | | | | | | +-- , 47 , {49} , {'xL3J', 'zL22J', 'xL4J', 'xL9J', 'zL21J'}
| | | | | | | | | | | | +-- , 49 , {51} , {'zL20J', 'xL4J', 'xL9J', 'zL21J'}
| | | | | | | | | | | | | +-- , 51 , set() , {'xL4J', 'yL5J', 'zL20J'}
| | | | | | | | | | | +-- , 53 , set() , {'xL3J', 'yL13J', 'zL52J'}
| | | | | | | | | | | +-- , 55 , {57} , {'zL45J', 'xL3J', 'xL2J', 'zL44J'}
| | | | | | | | | | | | +-- , 57 , set() , {'xL3J', 'yL11J', 'zL44J'}
| | | | | | | +-- , 59 , set() , {'zL23J', 'w8', 'xL2J'}
| | | | | | | +-- , 61 , {63} , {'zL53J', 'xL2J', 'zL54J', 'xL8J', 'xL6J'}
| | | | | | | | +-- , 63 , {65} , {'zL54J', 'xL8J', 'xL6J', 'zL55J'}
| | | | | | | | | +-- , 65 , set() , {'xL8J', 'w16', 'zL55J'}
| +-- , 133 , set() , {'yL1J', 'zL4J', 'xL5J'}
| +-- , 103 , set() , {'yL16J', 'xL2J', 'w19', 'xL7J', 'xL1J', 'zL67J', 'zL66J', 'xL4J', 'zL64J', 'zL65J', 'xL6J'}
| +-- , 105 , {107} , {'zL26J', 'zL25J', 'xL5J', 'xL7J', 'xL8J'}
| | +-- , 107 , {109} , {'zL27J', 'zL26J', 'xL7J', 'xL8J'}
| | | +-- , 109 , set() , {'zL27J', 'w9', 'xL8J'}
| +-- , 111 , set() , {'xL2J', 'zL71J', 'zL68J', 'xL7J', 'xL1J', 'w20', 'xL4J', 'yL17J', 'zL69J', 'xL6J', 'zL70J'}
| +-- , 113 , {115} , {'zL30J', 'xL4J', 'xL5J', 'xL8J', 'zL29J'}
| | +-- , 115 , {117} , {'xL5J', 'xL4J', 'zL31J', 'zL30J'}
| | | +-- , 117 , set() , {'w10', 'xL4J', 'zL31J'}
| +-- , 119 , {121, 127} , {'zL9J', 'zL8J', 'xL2J', 'xL5J', 'xL1J', 'xL7J', 'xL6J'}
| | +-- , 121 , {123} , {'zL9J', 'zL10J', 'xL1J', 'xL5J', 'xL7J'}
| | | +-- , 123 , {125} , {'zL10J', 'zL11J', 'xL1J', 'xL5J'}
| | | | +-- , 125 , set() , {'zL11J', 'xL1J', 'w5'}
| | +-- , 127 , set() , {'zL8J', 'yL2J', 'xL2J'}
| +-- , 89 , set() , {'zL62J', 'xL2J', 'w18', 'xL8J', 'zL63J', 'zL60J', 'xL1J', 'yL15J', 'zL61J', 'xL4J', 'xL6J'}
| +-- , 91 , {93} , {'xL2J', 'zL51J', 'zL50J', 'xL4J', 'xL7J', 'xL6J'}
| | +-- , 93 , {95} , {'zL48J', 'zL49J', 'xL2J', 'zL50J', 'xL4J', 'xL6J'}
| | | +-- , 95 , set() , {'zL48J', 'xL2J', 'yL12J'}


Max number of edges with non zero Y: 7
Max number of iterations of outer rounding loop: 0
Max number of candidate sets: 0
Time spent rounding: 0.000
Time spent solving Separator LP: 1609.583
Total time spent solving: 1619.842

LP Solver: GaifmanNormalILP
Lower Bound Witness = ({'zL25J', 'w8', 'zL13J', 'zL23J', 'yL1J', 'zL76J', 'zL52J', 'w5', 'w12', 'yL18J', 'zL4J', 'xL0J', 'yL14J', 'zL46J', 'yL17J', 'zL33J', 'zL10J', 'w11', 'w21', 'zL60J', 'zL61J', 'xL1J', 'zL55J', 'zL78J', 'zL51J', 'zL18J', 'xL3J', 'yL13J', 'zL69J', 'zL72J', 'w19', 'zL54J', 'zL20J', 'zL21J', 'zL53J', 'zL28J', 'zL0J', 'zL36J', 'yL2J', 'zL30J', 'zL27J', 'zL2J', 'zL75J', 'zL77J', 'zL15J', 'zL70J', 'zL12J', 'w10', 'yL8J', 'yL11J', 'zL45J', 'w13', 'zL11J', 'yL12J', 'yL0J', 'zL22J', 'yL15J', 'xL7J', 'zL8J', 'zL7J', 'xL2J', 'w17', 'zL71J', 'zL74J', 'zL68J', 'w4', 'w3', 'zL67J', 'w20', 'yL5J', 'zL6J', 'w15', 'zL57J', 'zL42J', 'xL8J', 'w16', 'zL59J', 'zL43J', 'yL10J', 'zL14J', 'zL5J', 'xL4J', 'xL9J', 'w22', 'zL65J', 'zL3J', 'yL19J', 'yL3J', 'xL5J', 'zL58J', 'zL37J', 'w7', 'zL56J', 'zL38J', 'yL6J', 'w14', 'zL24J', 'zL41J', 'zL17J', 'yL7J', 'zL50J', 'zL48J', 'zL39J', 'zL44J', 'zL31J', 'zL63J', 'zL47J', 'w9', 'zL29J', 'zL62J', 'zL26J', 'zL73J', 'zL49J', 'zL1J', 'xL6J', 'zL9J', 'zL19J', 'zL79J', 'w6', 'zL40J', 'yL9J', 'yL4J', 'zL32J', 'yL16J', 'w18', 'zL34J', 'zL35J', 'zL16J', 'zL66J', 'zL64J'}, {'zL48J', 'zL8J', 'zL25J', 'zL39J', 'zL72J', 'zL44J', 'zL71J', 'zL74J', 'w19', 'zL20J', 'zL31J', 'w4', 'zL68J', 'w8', 'zL63J', 'w9', 'zL67J', 'zL0J', 'yL1J', 'yL5J', 'zL30J', 'zL29J', 'zL62J', 'zL27J', 'zL76J', 'zL6J', 'zL57J', 'w5', 'xL8J', 'zL49J', 'zL5J', 'zL1J', 'zL15J', 'xL9J', 'zL46J', 'zL33J', 'yL19J', 'zL10J', 'zL19J', 'xL5J', 'w11', 'w10', 'yL8J', 'w6', 'zL61J', 'yL11J', 'zL40J', 'yL9J', 'yL6J', 'zL32J', 'w14', 'zL24J', 'zL11J', 'zL34J', 'yL12J', 'zL16J', 'xL7J', 'zL69J'})