11, 1, 2.0, 2
+-- , 8 , {16, 10, 6} , {'40', '0', '1', '3', '38'}
| +-- , 16 , {15} , {'1', '40', '3', '38'}
| | +-- , 15 , {17} , {'35', '33', '23', '26', '4'}
| | | +-- , 17 , {18} , {'35', '33', '23', '26', '4'}
| | | | +-- , 18 , set() , {'35', '12', '7', '10'}
| +-- , 10 , set() , {'3', '24', '5', '0'}
| +-- , 6 , {0} , {'1', '25', '0', '16', '27'}
| | +-- , 0 , {12} , {'9', '39', '0', '25', '18'}
| | | +-- , 12 , {13} , {'9', '2', '0', '37', '32'}
| | | | +-- , 13 , {14} , {'9', '2', '0', '37', '32'}
| | | | | +-- , 14 , set() , {'11', '19', '6', '37'}


Max number of edges with non zero Y: 5
Max number of iterations of outer rounding loop: 1
Max number of candidate sets: 2
Time spent rounding: 0.409
Time spent solving Separator LP: 0.010
Total time spent solving: 0.691

LP Solver: gammaPlusFractionalCoverHeuristic
Number of Rounding Attemps: 16
Lower Bound Witness = ({'9', '40', '0', '2', '16', '27', '3', '5', '39', '37', '1', '24', '32', '25', '38', '18'}, {'32', '39', '0'})