14, 2.8809518571428576, 11.0, 12
+-- , 0 , {7} , {'xL26J', 'xL39J', 'xL30J', 'xL22J', 'xL45J', 'xL31J', 'xL32J', 'xL28J', 'xL37J', 'xL40J', 'xL25J', 'xL21J', 'xL29J', 'xL49J', 'xL47J', 'xL27J', 'xL34J', 'xL46J', 'xL35J', 'xL20J', 'xL5J', 'xL3J', 'xL44J', 'xL18J', 'xL33J', 'xL43J'}
| +-- , 7 , {10} , {'xL26J', 'xL39J', 'xL8J', 'xL30J', 'xL22J', 'xL31J', 'xL32J', 'xL28J', 'xL37J', 'xL40J', 'xL25J', 'xL21J', 'xL29J', 'xL49J', 'xL47J', 'xL27J', 'xL34J', 'xL46J', 'xL35J', 'xL20J', 'xL5J', 'xL0J', 'xL3J', 'xL44J', 'xL18J', 'xL33J', 'xL43J'}
| | +-- , 10 , {16} , {'xL26J', 'xL39J', 'xL24J', 'xL8J', 'xL19J', 'xL30J', 'xL22J', 'xL31J', 'xL32J', 'xL12J', 'xL28J', 'xL37J', 'xL40J', 'xL25J', 'xL21J', 'xL29J', 'xL49J', 'xL47J', 'xL27J', 'xL34J', 'xL46J', 'xL35J', 'xL20J', 'xL5J', 'xL4J', 'xL0J', 'xL42J', 'xL3J', 'xL18J', 'xL33J', 'xL43J'}
| | | +-- , 16 , {18} , {'xL26J', 'xL39J', 'xL24J', 'xL19J', 'xL30J', 'xL22J', 'xL31J', 'xL32J', 'xL12J', 'xL28J', 'xL37J', 'xL40J', 'xL25J', 'xL21J', 'xL29J', 'xL49J', 'xL47J', 'xL27J', 'xL34J', 'xL46J', 'xL35J', 'xL20J', 'xL5J', 'xL4J', 'xL42J', 'xL0J', 'xL3J', 'xL18J', 'xL16J', 'xL33J', 'xL43J'}
| | | | +-- , 18 , {36, 20} , {'xL6J', 'xL26J', 'xL39J', 'xL24J', 'xL19J', 'xL30J', 'xL22J', 'xL31J', 'xL32J', 'xL12J', 'xL28J', 'xL37J', 'xL40J', 'xL25J', 'xL21J', 'xL29J', 'xL49J', 'xL47J', 'xL27J', 'xL34J', 'xL46J', 'xL35J', 'xL20J', 'xL5J', 'xL42J', 'xL0J', 'xL3J', 'xL18J', 'xL16J', 'xL33J', 'xL43J'}
| | | | | +-- , 36 , set() , {'xL0J', 'xL17J', 'xL6J', 'xL27J', 'xL38J', 'xL23J', 'xL34J', 'xL39J', 'xL16J', 'xL49J', 'xL22J', 'xL1J'}
| | | | | +-- , 20 , {34, 22} , {'xL6J', 'xL26J', 'xL36J', 'xL24J', 'xL19J', 'xL30J', 'xL22J', 'xL31J', 'xL32J', 'xL12J', 'xL28J', 'xL37J', 'xL40J', 'xL25J', 'xL21J', 'xL29J', 'xL49J', 'xL47J', 'xL27J', 'xL34J', 'xL46J', 'xL35J', 'xL20J', 'xL5J', 'xL42J', 'xL0J', 'xL3J', 'xL18J', 'xL33J', 'xL43J'}
| | | | | | +-- , 34 , set() , {'xL32J', 'xL14J', 'xL6J', 'xL36J', 'xL41J', 'xL46J', 'xL24J', 'xL5J', 'xL29J', 'xL20J', 'xL30J', 'xL47J'}
| | | | | | +-- , 22 , {24} , {'xL6J', 'xL26J', 'xL2J', 'xL36J', 'xL19J', 'xL30J', 'xL22J', 'xL31J', 'xL32J', 'xL12J', 'xL28J', 'xL37J', 'xL40J', 'xL25J', 'xL21J', 'xL29J', 'xL49J', 'xL47J', 'xL27J', 'xL34J', 'xL10J', 'xL46J', 'xL35J', 'xL5J', 'xL42J', 'xL0J', 'xL3J', 'xL18J', 'xL33J', 'xL43J'}
| | | | | | | +-- , 24 , {26} , {'xL6J', 'xL26J', 'xL2J', 'xL36J', 'xL19J', 'xL22J', 'xL32J', 'xL37J', 'xL25J', 'xL21J', 'xL29J', 'xL49J', 'xL47J', 'xL27J', 'xL34J', 'xL10J', 'xL46J', 'xL35J', 'xL42J', 'xL3J', 'xL18J', 'xL7J', 'xL9J', 'xL12J'}
| | | | | | | | +-- , 26 , {28, 30} , {'xL26J', 'xL34J', 'xL10J', 'xL46J', 'xL19J', 'xL13J', 'xL22J', 'xL32J', 'xL37J', 'xL3J', 'xL25J', 'xL29J', 'xL49J', 'xL9J', 'xL12J'}
| | | | | | | | | +-- , 28 , set() , {'xL11J', 'xL3J', 'xL34J', 'xL10J', 'xL25J', 'xL46J', 'xL19J', 'xL49J', 'xL13J', 'xL9J'}
| | | | | | | | | +-- , 30 , {32} , {'xL15J', 'xL26J', 'xL25J', 'xL19J', 'xL29J', 'xL49J', 'xL13J', 'xL12J', 'xL22J'}
| | | | | | | | | | +-- , 32 , set() , {'xL15J', 'xL26J', 'xL25J', 'xL48J', 'xL19J', 'xL29J', 'xL13J', 'xL12J'}


Max number of edges with non zero Y: 42
Max number of iterations of outer rounding loop: 8
Max number of candidate sets: 2
Time spent rounding: 84.548
Time spent solving Separator LP: 8.399

LP Solver: GaifmanNormal