16, 1, 4.0, 4
+-- , 0 , {5, 7, 24} , {'6', '19', '26', '30', '23', '29', '20', '15'}
| +-- , 5 , {27} , {'14', '30', '29', '28', '10'}
| | +-- , 27 , {28} , {'29', '28', '14'}
| | | +-- , 28 , set() , {'28', '12', '13'}
| +-- , 7 , {9, 25} , {'25', '19', '26', '29', '20', '5', '15'}
| | +-- , 9 , {20, 22, 13} , {'25', '18', '1', '19', '2', '29', '20', '5', '15'}
| | | +-- , 20 , {29} , {'17', '1', '2', '5', '21'}
| | | | +-- , 29 , {30} , {'21', '17', '1'}
| | | | | +-- , 30 , set() , {'0', '21'}
| | | +-- , 22 , set() , {'25', '18', '24'}
| | | +-- , 13 , {16, 18} , {'25', '18', '1', '19', '4', '3', '29', '20', '15'}
| | | | +-- , 16 , set() , {'4', '29', '20', '7', '15'}
| | | | +-- , 18 , set() , {'25', '18', '16', '4', '3'}
| | +-- , 25 , {26} , {'25', '26', '5'}
| | | +-- , 26 , set() , {'31', '11', '5'}
| +-- , 24 , set() , {'8', '6', '15'}


Max number of edges with non zero Y: 10
Max number of iterations of outer rounding loop: 2
Max number of candidate sets: 2
Time spent rounding: 1.301
Time spent solving Separator LP: 0.017
Total time spent solving: 1.829

LP Solver: gammaPlusFractionalCoverHeuristic
Number of Rounding Attemps: 16
Lower Bound Witness = ({'25', '1', '3', '23', '21', '30', '6', '17', '19', '26', '4', '16', '29', '20', '7', '5', '10', '14', '18', '24', '2', '8', '28', '15'}, {'6', '24', '8', '10', '15'})