20, 1.7298280891557394, 4.0, 4
+-- , 0 , {3, 38, 40, 28} , {'68', '48', '29', '34', '9', '38', '59', '61'}
| +-- , 3 , {26, 6} , {'22', '49', '48', '62', '29', '9', '38', '59', '61'}
| | +-- , 26 , set() , {'42', '69', '62', '61'}
| | +-- , 6 , {8} , {'49', '22', '48', '58', '29', '52', '44', '59', '54', '62', '9', '38'}
| | | +-- , 8 , {24, 10, 12} , {'49', '54', '0', '62', '58', '10', '9', '52', '18', '59', '38'}
| | | | +-- , 24 , set() , {'10', '59', '49', '55'}
| | | | +-- , 10 , set() , {'54', '0', '1', '35'}
| | | | +-- , 12 , {14} , {'49', '0', '62', '58', '65', '9', '18', '38'}
| | | | | +-- , 14 , {16, 22} , {'49', '33', '62', '58', '65', '21', '51', '38', '64', '15'}
| | | | | | +-- , 16 , {18, 20} , {'49', '33', '27', '57', '7', '30', '38', '64'}
| | | | | | | +-- , 18 , set() , {'7', '14', '50', '32'}
| | | | | | | +-- , 20 , set() , {'27', '49', '46', '45'}
| | | | | | +-- , 22 , set() , {'65', '4', '21', '53'}
| +-- , 38 , set() , {'38', '2', '47', '31'}
| +-- , 40 , set() , {'29', '70', '38'}
| +-- , 28 , {36, 30} , {'56', '13', '9', '41', '59', '38', '39'}
| | +-- , 36 , set() , {'36', '13', '24', '40'}
| | +-- , 30 , {32} , {'25', '41', '56', '66'}
| | | +-- , 32 , {34} , {'25', '11', '23', '43'}
| | | | +-- , 34 , set() , {'6', '20', '43'}


Max number of edges with non zero Y: 8
Max number of iterations of outer rounding loop: 3
Max number of candidate sets: 2
Time spent rounding: 6.482
Time spent solving Separator LP: 0.278

LP Solver: GaifmanBoosted