20, 2.637305196005141, 8.0, 8
+-- , 0 , {32, 34, 3, 36, 38, 40} , {'xL34J', 'xL28J', 'xL23J', 'xL39J', 'xL16J', 'xL2J', 'xL19J', 'xL15J', 'xL11J', 'xL24J', 'xL38J', 'xL37J', 'xL21J', 'xL14J'}
| +-- , 32 , set() , {'xL6J', 'xL16J', 'xL15J', 'xL24J', 'xL20J', 'xL37J'}
| +-- , 34 , set() , {'xL34J', 'xL17J', 'xL16J', 'xL37J', 'xL1J'}
| +-- , 3 , {5} , {'xL28J', 'xL23J', 'xL39J', 'xL2J', 'xL15J', 'xL38J', 'xL34J', 'xL16J', 'xL11J', 'xL24J', 'xL37J', 'xL21J', 'xL32J', 'xL14J'}
| | +-- , 5 , {7, 9, 28} , {'xL34J', 'xL28J', 'xL23J', 'xL33J', 'xL39J', 'xL2J', 'xL15J', 'xL11J', 'xL24J', 'xL38J', 'xL37J', 'xL21J', 'xL32J', 'xL14J'}
| | | +-- , 7 , set() , {'xL33J', 'xL37J', 'xL35J'}
| | | +-- , 9 , {12} , {'xL28J', 'xL39J', 'xL2J', 'xL15J', 'xL38J', 'xL5J', 'xL14J', 'xL34J', 'xL33J', 'xL11J', 'xL24J', 'xL37J', 'xL21J', 'xL32J', 'xL8J'}
| | | | +-- , 12 , {24, 26, 14} , {'xL28J', 'xL39J', 'xL2J', 'xL15J', 'xL38J', 'xL5J', 'xL14J', 'xL34J', 'xL33J', 'xL21J', 'xL3J', 'xL11J', 'xL24J', 'xL37J', 'xL26J', 'xL8J'}
| | | | | +-- , 24 , set() , {'xL28J', 'xL26J', 'xL13J', 'xL29J'}
| | | | | +-- , 26 , set() , {'xL34J', 'xL3J', 'xL25J', 'xL38J', 'xL37J'}
| | | | | +-- , 14 , {16} , {'xL39J', 'xL15J', 'xL38J', 'xL5J', 'xL14J', 'xL0J', 'xL34J', 'xL33J', 'xL21J', 'xL3J', 'xL26J', 'xL8J'}
| | | | | | +-- , 16 , {18} , {'xL39J', 'xL18J', 'xL15J', 'xL38J', 'xL5J', 'xL14J', 'xL0J', 'xL34J', 'xL33J', 'xL3J', 'xL21J', 'xL8J'}
| | | | | | | +-- , 18 , {20, 22} , {'xL39J', 'xL18J', 'xL15J', 'xL4J', 'xL38J', 'xL5J', 'xL14J', 'xL0J', 'xL34J', 'xL3J', 'xL21J', 'xL8J'}
| | | | | | | | +-- , 20 , set() , {'xL4J', 'xL3J', 'xL9J'}
| | | | | | | | +-- , 22 , set() , {'xL0J', 'xL34J', 'xL39J', 'xL15J', 'xL4J', 'xL27J', 'xL5J', 'xL30J', 'xL21J', 'xL12J'}
| | | +-- , 28 , {30} , {'xL33J', 'xL10J', 'xL39J'}
| | | | +-- , 30 , set() , {'xL10J', 'xL31J'}
| +-- , 36 , set() , {'xL7J', 'xL37J', 'xL28J', 'xL15J'}
| +-- , 38 , set() , {'xL36J', 'xL19J'}
| +-- , 40 , set() , {'xL21J', 'xL22J', 'xL15J'}


Max number of edges with non zero Y: 25
Max number of iterations of outer rounding loop: 7
Max number of candidate sets: 2
Time spent rounding: 18.819
Time spent solving Separator LP: 0.581

LP Solver: GaifmanNormal