12, 2.592203672634812, 6.5, 7
+-- , 0 , {5, 24, 26} , {'xL5J', 'xL12J', 'xL15J', 'xL21J', 'xL17J', 'xL14J', 'xL24J', 'xL4J', 'xL2J', 'xL18J', 'xL7J', 'xL6J'}
| +-- , 5 , {8, 22} , {'xL13J', 'xL10J', 'xL12J', 'xL14J', 'xL24J', 'xL4J', 'xL5J', 'xL15J', 'xL17J', 'xL2J', 'xL18J', 'xL7J', 'xL6J'}
| | +-- , 8 , {10, 20} , {'xL13J', 'xL10J', 'xL12J', 'xL15J', 'xL17J', 'xL16J', 'xL14J', 'xL24J', 'xL2J', 'xL7J', 'xL6J'}
| | | +-- , 10 , {12} , {'xL13J', 'xL10J', 'xL15J', 'xL12J', 'xL16J', 'xL14J', 'xL22J', 'xL7J', 'xL6J'}
| | | | +-- , 12 , {16, 14} , {'xL13J', 'xL10J', 'xL11J', 'xL12J', 'xL16J', 'xL14J', 'xL22J', 'xL7J'}
| | | | | +-- , 16 , {18} , {'xL13J', 'xL10J', 'xL11J', 'xL22J', 'xL0J', 'xL16J'}
| | | | | | +-- , 18 , set() , {'xL0J', 'xL23J', 'xL16J'}
| | | | | +-- , 14 , set() , {'xL10J', 'xL11J', 'xL12J', 'xL20J', 'xL14J'}
| | | +-- , 20 , set() , {'xL15J', 'xL16J', 'xL14J', 'xL1J', 'xL6J'}
| | +-- , 22 , set() , {'xL13J', 'xL10J', 'xL9J', 'xL12J', 'xL24J'}
| +-- , 24 , set() , {'xL17J', 'xL14J', 'xL19J', 'xL7J', 'xL8J'}
| +-- , 26 , set() , {'xL15J', 'xL24J', 'xL3J', 'xL18J'}


Max number of edges with non zero Y: 37
Max number of iterations of outer rounding loop: 3
Max number of candidate sets: 2
Time spent rounding: 16.358
Time spent solving Separator LP: 0.968
Total time spent solving: 20.547

LP Solver: GaifmanBoosted
Lower Bound Witness = ({'xL13J', 'xL3J', 'xL12J', 'xL21J', 'xL16J', 'xL1J', 'xL4J', 'xL0J', 'xL19J', 'xL18J', 'xL7J', 'xL6J', 'xL10J', 'xL11J', 'xL9J', 'xL23J', 'xL20J', 'xL14J', 'xL24J', 'xL22J', 'xL8J', 'xL5J', 'xL15J', 'xL17J', 'xL2J'}, {'xL3J', 'xL21J', 'xL1J', 'xL4J', 'xL0J', 'xL18J', 'xL7J', 'xL6J', 'xL10J', 'xL11J', 'xL9J', 'xL23J', 'xL20J', 'xL14J', 'xL24J', 'xL22J', 'xL8J', 'xL5J', 'xL15J', 'xL17J', 'xL2J'})