11, 0, 4.5, 6
+-- , 3 , {0, 6} , {'22', '49', '86', '24', '1', '41', '54', '48', '65', '26', '39', '0', '17', '19', '82', '58', '2', '69', '93', '42', '98', '52', '23', '89', '79', '50', '55', '47', '43', '18', '11', '29', '60', '5'}
| +-- , 0 , set() , {'10', '7', '49', '86', '90', '40', '24', '1', '38', '54', '48', '26', '39', '0', '17', '19', '82', '67', '2', '58', '69', '13', '93', '42', '77', '98', '52', '23', '89', '79', '87', '47', '43', '81', '46', '18', '11', '75', '64', '60', '5'}
| +-- , 6 , {9, 23} , {'30', '25', '22', '49', '86', '24', '1', '41', '54', '48', '65', '72', '39', '0', '17', '19', '2', '82', '69', '58', '53', '93', '51', '98', '89', '23', '79', '33', '50', '55', '43', '18', '11', '60', '5', '37', '12'}
| | +-- , 9 , {11, 13, 15, 17, 19, 21} , {'30', '35', '95', '91', '25', '22', '49', '86', '57', '24', '1', '41', '54', '27', '48', '83', '72', '39', '0', '17', '19', '82', '58', '69', '53', '93', '51', '33', '89', '98', '23', '79', '50', '55', '43', '99', '62', '18', '11', '61', '8', '5', '37', '12'}
| | | +-- , 11 , set() , {'53', '62', '51', '86', '41', '66', '30', '8', '35', '31', '5', '39', '0', '37', '43'}
| | | +-- , 13 , set() , {'88', '93', '24', '1', '30', '89', '0', '98', '95', '91', '55', '72', '17', '37', '43', '12'}
| | | +-- , 15 , set() , {'57', '99', '24', '51', '11', '79', '61', '48', '8', '35', '83', '95', '50', '91', '55', '0', '36'}
| | | +-- , 17 , set() , {'62', '16', '54', '33', '70', '74', '61', '30', '25', '44', '4', '49', '55', '72', '22', '19'}
| | | +-- , 19 , set() , {'57', '45', '3', '99', '34', '62', '1', '27', '63', '12', '83', '96', '58', '39', '28', '82'}
| | | +-- , 21 , set() , {'69', '21', '53', '51', '18', '27', '22', '23', '72', '48', '25', '50', '73', '68', '86', '37'}
| | +-- , 23 , set() , {'69', '76', '53', '2', '24', '33', '89', '98', '92', '25', '65', '60', '14', '58', '72', '49', '19', '12'}


Max number of edges with non zero Y: 11
Max number of iterations of outer rounding loop: 3
Max number of candidate sets: 2
Time spent rounding: 0.481
Time spent solving Separator LP: 0.019
Total time spent solving: 1.369

LP Solver: gammaPlusFractionalCoverHeuristic
Number of Rounding Attemps: 4
Lower Bound Witness = ({'30', '10', '95', '7', '90', '24', '27', '48', '65', '96', '72', '19', '82', '51', '33', '52', '23', '66', '76', '34', '18', '61', '64', '60', '49', '86', '57', '40', '26', '83', '31', '28', '17', '89', '79', '44', '55', '47', '99', '62', '46', '8', '5', '16', '37', '70', '35', '22', '21', '36', '1', '54', '39', '0', '63', '67', '88', '42', '77', '50', '81', '75', '12', '45', '74', '73', '91', '25', '3', '38', '41', '4', '2', '58', '69', '53', '13', '93', '98', '87', '14', '68', '43', '11', '29', '92'}, {'54', '26', '10', '49', '19'})