45, 2.788845922148327, 4.0, 4
+-- , 0 , {35, 3} , {'xL13JL9J', 'xL9JL9J', 'xL8JL2J', 'xL7JL7J', 'xL7JL6J', 'xL11JL9J', 'xL7JL4J', 'xL8JL9J', 'xL12JL9J', 'xL7JL8J', 'xL7JL5J', 'xL10JL9J'}
| +-- , 35 , {37} , {'xL9JL9J', 'xL8JL2J', 'xL5JL2J', 'xL7JL7J', 'xL7JL6J', 'xL8JL9J', 'xL7JL8J', 'xL7JL5J', 'xL7JL2J', 'xL6JL2J', 'xL10JL9J'}
| | +-- , 37 , {40, 88} , {'xL1JL3J', 'xL9JL9J', 'xL6JL3J', 'xL3JL3J', 'xL5JL2J', 'xL7JL7J', 'xL7JL6J', 'xL5JL3J', 'xL4JL3J', 'xL8JL9J', 'xL7JL8J', 'xL7JL5J', 'xL7JL2J', 'xL6JL2J', 'xL10JL9J', 'xL2JL3J'}
| | | +-- , 40 , {42, 86} , {'xL7JL7J', 'xL7JL6J', 'xL5JL3J', 'xL1JL3J', 'xL9JL9J', 'xL5JL4J', 'xL4JL3J', 'xL8JL9J', 'xL5JL5J', 'xL7JL8J', 'xL7JL5J', 'xL5JL2J', 'xL3JL3J', 'xL10JL9J', 'xL2JL3J'}
| | | | +-- , 42 , {44} , {'xL1JL3J', 'xL9JL9J', 'xL7JL7J', 'xL7JL6J', 'xL8JL9J', 'xL5JL5J', 'xL7JL8J', 'xL7JL5J', 'xL6JL5J', 'xL3JL3J', 'xL10JL9J', 'xL2JL3J'}
| | | | | +-- , 44 , {46} , {'xL1JL3J', 'xL9JL9J', 'xL7JL7J', 'xL7JL6J', 'xL8JL9J', 'xL7JL8J', 'xL6JL6J', 'xL6JL5J', 'xL3JL3J', 'xL10JL9J', 'xL2JL3J'}
| | | | | | +-- , 46 , {48} , {'xL1JL3J', 'xL9JL9J', 'xL8JL6J', 'xL7JL7J', 'xL7JL6J', 'xL8JL9J', 'xL7JL8J', 'xL6JL6J', 'xL3JL3J', 'xL10JL9J', 'xL2JL3J'}
| | | | | | | +-- , 48 , {50} , {'xL1JL3J', 'xL9JL9J', 'xL8JL6J', 'xL7JL7J', 'xL8JL7J', 'xL8JL9J', 'xL7JL8J', 'xL3JL3J', 'xL10JL9J', 'xL2JL3J'}
| | | | | | | | +-- , 50 , {52} , {'xL1JL3J', 'xL9JL9J', 'xL6JL8J', 'xL7JL7J', 'xL5JL8J', 'xL8JL7J', 'xL8JL9J', 'xL7JL8J', 'xL9JL7J', 'xL3JL3J', 'xL10JL9J', 'xL2JL3J'}
| | | | | | | | | +-- , 52 , {84, 54} , {'xL5JL8J', 'xL9JL10J', 'xL1JL3J', 'xL9JL9J', 'xL8JL9J', 'xL9JL8J', 'xL6JL8J', 'xL9JL7J', 'xL3JL3J', 'xL10JL9J', 'xL2JL3J'}
| | | | | | | | | | +-- , 84 , set() , {'xL9JL8J', 'xL10JL9J', 'xL10JL8J'}
| | | | | | | | | | +-- , 54 , {56} , {'xL8JL10J', 'xL5JL8J', 'xL8JL11J', 'xL9JL10J', 'xL1JL3J', 'xL8JL9J', 'xL6JL8J', 'xL3JL3J', 'xL2JL3J'}
| | | | | | | | | | | +-- , 56 , {58} , {'xL8JL10J', 'xL5JL8J', 'xL7JL11J', 'xL8JL11J', 'xL9JL10J', 'xL7JL10J', 'xL1JL3J', 'xL6JL8J', 'xL6JL10J', 'xL3JL3J', 'xL2JL3J'}
| | | | | | | | | | | | +-- , 58 , {60} , {'xL5JL8J', 'xL5JL7J', 'xL1JL3J', 'xL6JL9J', 'xL6JL8J', 'xL6JL10J', 'xL3JL3J', 'xL5JL9J', 'xL2JL3J'}
| | | | | | | | | | | | | +-- , 60 , {62} , {'xL5JL7J', 'xL1JL3J', 'xL3JL7J', 'xL6JL9J', 'xL2JL3J', 'xL4JL9J', 'xL3JL3J', 'xL5JL9J', 'xL4JL7J'}
| | | | | | | | | | | | | | +-- , 62 , {64} , {'xL4JL10J', 'xL1JL3J', 'xL3JL7J', 'xL4JL7J', 'xL4JL9J', 'xL3JL3J', 'xL2JL3J'}
| | | | | | | | | | | | | | | +-- , 64 , {66} , {'xL4JL10J', 'xL3JL10J', 'xL1JL3J', 'xL3JL7J', 'xL2JL3J', 'xL2JL10J', 'xL1JL10J', 'xL3JL3J', 'xL4JL7J'}
| | | | | | | | | | | | | | | | +-- , 66 , {68, 78} , {'xL3JL10J', 'xL1JL3J', 'xL3JL7J', 'xL2JL3J', 'xL2JL10J', 'xL2JL8J', 'xL3JL3J', 'xL1JL10J', 'xL4JL7J'}
| | | | | | | | | | | | | | | | | +-- , 68 , {70} , {'xL1JL3J', 'xL3JL7J', 'xL4JL7J', 'xL2JL8J', 'xL3JL3J', 'xL3JL8J', 'xL2JL3J'}
| | | | | | | | | | | | | | | | | | +-- , 70 , {72} , {'xL1JL3J', 'xL3JL7J', 'xL3JL5J', 'xL2JL3J', 'xL3JL6J', 'xL3JL3J', 'xL3JL8J', 'xL4JL7J'}
| | | | | | | | | | | | | | | | | | | +-- , 72 , {74} , {'xL1JL3J', 'xL3JL5J', 'xL4JL6J', 'xL2JL3J', 'xL3JL6J', 'xL3JL3J', 'xL4JL7J'}
| | | | | | | | | | | | | | | | | | | | +-- , 74 , {76} , {'xL1JL5J', 'xL1JL3J', 'xL3JL5J', 'xL2JL6J', 'xL4JL6J', 'xL3JL6J', 'xL3JL3J', 'xL2JL5J', 'xL2JL3J'}
| | | | | | | | | | | | | | | | | | | | | +-- , 76 , set() , {'xL2JL2J', 'xL2JL4J', 'xL1JL5J', 'xL3JL2J', 'xL1JL3J', 'xL1JL2J', 'xL1JL1J', 'xL2JL6J', 'xL1JL4J', 'xL3JL3J', 'xL2JL1J', 'xL2JL5J', 'xL2JL3J'}
| | | | | | | | | | | | | | | | | +-- , 78 , {80} , {'xL3JL10J', 'xL2JL9J', 'xL2JL11J', 'xL2JL10J', 'xL2JL8J', 'xL1JL10J'}
| | | | | | | | | | | | | | | | | | +-- , 80 , {82} , {'xL3JL11J', 'xL3JL10J', 'xL2JL9J', 'xL2JL11J', 'xL1JL10J'}
| | | | | | | | | | | | | | | | | | | +-- , 82 , set() , {'xL3JL11J', 'xL2JL9J', 'xL1JL9J', 'xL1JL11J', 'xL2JL11J', 'xL1JL10J'}
| | | | +-- , 86 , set() , {'xL5JL4J', 'xL4JL4J', 'xL4JL3J'}
| | | +-- , 88 , {90} , {'xL6JL3J', 'xL6JL1J', 'xL7JL2J', 'xL6JL2J'}
| | | | +-- , 90 , set() , {'xL7JL2J', 'xL7JL1J', 'xL6JL1J'}
| +-- , 3 , {5} , {'xL13JL9J', 'xL7JL4J', 'xL11JL9J', 'xL12JL9J', 'xL8JL2J', 'xL9JL4J', 'xL8JL3J', 'xL8JL4J'}
| | +-- , 5 , {7} , {'xL13JL9J', 'xL11JL9J', 'xL12JL9J', 'xL9JL5J', 'xL9JL3J', 'xL9JL4J', 'xL8JL3J'}
| | | +-- , 7 , {9} , {'xL10JL3J', 'xL13JL9J', 'xL11JL9J', 'xL12JL9J', 'xL9JL5J', 'xL9JL3J', 'xL8JL3J'}
| | | | +-- , 9 , {11} , {'xL10JL3J', 'xL13JL9J', 'xL11JL5J', 'xL11JL9J', 'xL12JL9J', 'xL10JL2J', 'xL9JL5J', 'xL10JL5J'}
| | | | | +-- , 11 , {13} , {'xL11JL2J', 'xL13JL9J', 'xL11JL5J', 'xL13JL2J', 'xL11JL9J', 'xL12JL9J', 'xL10JL2J', 'xL10JL5J', 'xL12JL2J'}
| | | | | | +-- , 13 , {27, 15} , {'xL11JL2J', 'xL13JL9J', 'xL11JL5J', 'xL13JL2J', 'xL11JL9J', 'xL12JL9J', 'xL10JL5J', 'xL12JL4J', 'xL12JL2J'}
| | | | | | | +-- , 27 , {29} , {'xL11JL2J', 'xL13JL2J', 'xL12JL3J', 'xL12JL1J', 'xL12JL4J', 'xL12JL2J'}
| | | | | | | | +-- , 29 , {33, 31} , {'xL11JL2J', 'xL12JL1J', 'xL13JL2J', 'xL13JL1J', 'xL12JL3J'}
| | | | | | | | | +-- , 33 , set() , {'xL11JL2J', 'xL11JL1J', 'xL12JL1J', 'xL13JL1J'}
| | | | | | | | | +-- , 31 , set() , {'xL12JL3J', 'xL13JL2J', 'xL13JL1J', 'xL13JL3J'}
| | | | | | | +-- , 15 , {17} , {'xL13JL9J', 'xL11JL5J', 'xL10JL5J', 'xL11JL9J', 'xL12JL9J', 'xL11JL4J', 'xL12JL4J'}
| | | | | | | | +-- , 17 , {19} , {'xL13JL9J', 'xL11JL5J', 'xL10JL5J', 'xL11JL9J', 'xL10JL6J', 'xL12JL9J', 'xL11JL4J', 'xL11JL7J', 'xL11JL6J'}
| | | | | | | | | +-- , 19 , {21} , {'xL13JL9J', 'xL11JL9J', 'xL10JL6J', 'xL12JL9J', 'xL12JL6J', 'xL11JL7J', 'xL11JL6J'}
| | | | | | | | | | +-- , 21 , {23} , {'xL12JL10J', 'xL12JL11J', 'xL13JL9J', 'xL12JL7J', 'xL11JL9J', 'xL12JL9J', 'xL12JL6J', 'xL11JL7J', 'xL12JL8J'}
| | | | | | | | | | | +-- , 23 , {25} , {'xL12JL10J', 'xL12JL11J', 'xL13JL9J', 'xL12JL7J', 'xL13JL7J', 'xL11JL9J', 'xL11JL7J', 'xL12JL8J'}
| | | | | | | | | | | | +-- , 25 , set() , {'xL12JL10J', 'xL12JL11J', 'xL13JL9J', 'xL11JL10J', 'xL13JL10J', 'xL13JL7J', 'xL11JL9J', 'xL13JL8J', 'xL12JL8J', 'xL13JL11J'}


Max number of edges with non zero Y: 21
Max number of iterations of outer rounding loop: 3
Max number of candidate sets: 2
Time spent rounding: 16.178
Time spent solving Separator LP: 2.395
Total time spent solving: 24.087

LP Solver: GaifmanBoosted
Lower Bound Witness = ({'xL11JL2J', 'xL1JL5J', 'xL3JL10J', 'xL6JL3J', 'xL11JL4J', 'xL12JL6J', 'xL12JL4J', 'xL8JL7J', 'xL6JL9J', 'xL4JL9J', 'xL7JL2J', 'xL3JL11J', 'xL13JL9J', 'xL12JL8J', 'xL4JL10J', 'xL12JL7J', 'xL12JL3J', 'xL12JL1J', 'xL2JL10J', 'xL3JL6J', 'xL3JL3J', 'xL10JL3J', 'xL12JL11J', 'xL13JL10J', 'xL5JL4J', 'xL8JL6J', 'xL1JL10J', 'xL10JL5J', 'xL9JL4J', 'xL2JL4J', 'xL7JL1J', 'xL1JL9J', 'xL11JL9J', 'xL4JL3J', 'xL8JL9J', 'xL12JL9J', 'xL9JL7J', 'xL2JL2J', 'xL8JL11J', 'xL13JL2J', 'xL11JL1J', 'xL13JL8J', 'xL1JL11J', 'xL5JL2J', 'xL7JL7J', 'xL12JL10J', 'xL8JL10J', 'xL7JL6J', 'xL13JL1J', 'xL11JL5J', 'xL7JL4J', 'xL7JL5J', 'xL8JL3J', 'xL11JL6J', 'xL2JL9J', 'xL7JL10J', 'xL9JL9J', 'xL10JL6J', 'xL8JL2J', 'xL2JL1J', 'xL12JL2J', 'xL3JL2J', 'xL3JL5J', 'xL5JL5J', 'xL2JL6J', 'xL10JL8J', 'xL9JL3J', 'xL6JL2J', 'xL10JL9J', 'xL2JL3J', 'xL5JL7J', 'xL7JL11J', 'xL9JL5J', 'xL2JL8J', 'xL3JL8J', 'xL5JL8J', 'xL7JL8J', 'xL2JL11J', 'xL9JL8J', 'xL6JL10J', 'xL1JL3J', 'xL10JL2J', 'xL6JL8J', 'xL2JL5J', 'xL8JL4J', 'xL13JL11J', 'xL9JL10J', 'xL5JL3J', 'xL6JL6J', 'xL1JL4J', 'xL13JL3J', 'xL6JL1J', 'xL13JL7J', 'xL5JL9J', 'xL3JL7J', 'xL11JL10J', 'xL1JL2J', 'xL1JL1J', 'xL4JL6J', 'xL6JL5J', 'xL11JL7J', 'xL4JL4J', 'xL4JL7J'}, {'xL10JL3J', 'xL7JL10J', 'xL1JL3J', 'xL9JL9J', 'xL10JL2J', 'xL6JL8J', 'xL12JL4J', 'xL9JL4J', 'xL13JL11J', 'xL2JL4J', 'xL7JL1J', 'xL9JL10J', 'xL5JL3J', 'xL8JL7J', 'xL2JL6J', 'xL1JL4J', 'xL7JL2J', 'xL10JL9J', 'xL2JL3J', 'xL11JL1J', 'xL3JL8J', 'xL11JL10J', 'xL12JL3J', 'xL1JL1J', 'xL7JL5J', 'xL7JL8J', 'xL6JL10J', 'xL3JL6J', 'xL4JL4J', 'xL11JL6J'})