22, 1.6060606060606062, 6.0, 6
+-- , 0 , {51, 6, 39, 43, 47} , {'yL60J', 'yL64J', 'yL61J', 'xL4J', 'yL63J', 'yL62J', 'xL8J', 'xL3J', 'yL65J', 'xL5J'}
| +-- , 51 , {53} , {'yL30J', 'xL5J'}
| | +-- , 53 , set() , {'yL31J', 'yL34J', 'yL30J', 'yL35J', 'yL33J', 'yL32J'}
| +-- , 6 , {8} , {'xL10J', 'yL60J', 'xL4J', 'xL8J', 'xL3J', 'xL5J'}
| | +-- , 8 , {11} , {'xL10J', 'yL36J', 'yL39J', 'yL41J', 'xL4J', 'yL38J', 'yL37J', 'yL40J', 'xL8J', 'xL3J', 'xL5J'}
| | | +-- , 11 , {13} , {'xL10J', 'yL36J', 'xL6J', 'xL4J', 'xL8J', 'xL3J', 'xL5J'}
| | | | +-- , 13 , {16} , {'yL2J', 'xL10J', 'yL1J', 'yL0J', 'xL8J', 'xL6J', 'yL5J', 'yL3J', 'xL4J', 'yL4J', 'xL3J', 'xL5J'}
| | | | | +-- , 16 , {18} , {'xL8J', 'xL10J', 'xL6J', 'yL0J', 'xL4J', 'xL0J', 'xL3J', 'xL5J'}
| | | | | | +-- , 18 , {21} , {'yL10J', 'xL10J', 'yL11J', 'xL0J', 'xL8J', 'yL7J', 'xL6J', 'xL4J', 'yL6J', 'yL9J', 'xL3J', 'yL8J', 'xL5J'}
| | | | | | | +-- , 21 , {23} , {'xL8J', 'xL10J', 'xL6J', 'xL4J', 'xL3J', 'xL0J', 'xL1J', 'yL6J', 'xL5J'}
| | | | | | | | +-- , 23 , {26} , {'xL10J', 'yL12J', 'yL17J', 'yL15J', 'xL0J', 'xL8J', 'yL14J', 'yL16J', 'xL6J', 'xL1J', 'xL4J', 'xL3J', 'yL13J', 'xL5J'}
| | | | | | | | | +-- , 26 , {28} , {'xL10J', 'xL2J', 'yL12J', 'xL8J', 'xL0J', 'xL6J', 'xL1J', 'xL4J', 'xL3J', 'xL5J'}
| | | | | | | | | | +-- , 28 , {31} , {'xL10J', 'xL2J', 'xL0J', 'xL8J', 'yL45J', 'yL44J', 'yL43J', 'yL47J', 'xL6J', 'xL4J', 'yL42J', 'xL3J', 'yL46J', 'xL1J', 'xL5J'}
| | | | | | | | | | | +-- , 31 , {33} , {'xL7J', 'xL10J', 'xL2J', 'xL8J', 'xL0J', 'xL6J', 'xL1J', 'yL42J', 'xL4J', 'xL3J', 'xL5J'}
| | | | | | | | | | | | +-- , 33 , {35} , {'xL9J', 'xL7J', 'xL10J', 'xL2J', 'xL0J', 'xL8J', 'xL6J', 'xL1J', 'yL54J', 'xL4J', 'xL3J', 'xL5J'}
| | | | | | | | | | | | | +-- , 35 , set() , {'yL54J', 'yL58J', 'yL56J', 'yL55J', 'yL57J', 'yL59J'}
| +-- , 39 , {41} , {'yL48J', 'xL8J'}
| | +-- , 41 , set() , {'yL53J', 'yL52J', 'yL49J', 'yL50J', 'yL48J', 'yL51J'}
| +-- , 43 , {45} , {'yL18J', 'xL3J'}
| | +-- , 45 , set() , {'yL20J', 'yL19J', 'yL18J', 'yL23J', 'yL22J', 'yL21J'}
| +-- , 47 , {49} , {'yL24J', 'xL4J'}
| | +-- , 49 , set() , {'yL28J', 'yL27J', 'yL24J', 'yL29J', 'yL26J', 'yL25J'}


Max number of edges with non zero Y: 9
Max number of iterations of outer rounding loop: 4
Max number of candidate sets: 2
Time spent rounding: 25.092
Time spent solving Separator LP: 1.373
Total time spent solving: 31.798

LP Solver: GaifmanBoosted
Lower Bound Witness = ({'xL9J', 'xL7J', 'xL8J', 'xL10J', 'xL2J', 'xL6J', 'yL54J', 'yL58J', 'xL4J', 'xL3J', 'yL56J', 'yL55J', 'yL57J', 'xL0J', 'xL1J', 'xL5J', 'yL59J'}, {'xL7J', 'xL8J', 'xL10J', 'xL2J', 'xL6J', 'xL4J', 'xL3J', 'xL0J', 'xL1J', 'xL5J'})