11, 1.9534856248453827, 4.666666666666667, 6
+-- , 0 , {3, 23} , {'50', '72', '86', '27', '79', '37', '10', '42', '17', '38', '64', '40', '25', '49', '23', '87', '67', '77', '5', '48', '92', '18', '24', '53', '60', '90', '11', '69', '43', '7', '19', '22', '13', '51', '76', '14'}
| +-- , 3 , {5} , {'72', '86', '33', '27', '79', '42', '17', '64', '25', '23', '67', '77', '82', '93', '48', '52', '53', '60', '11', '69', '43', '19', '89', '50', '98', '65', '37', '10', '26', '1', '49', '12', '5', '92', '24', '58', '7', '22', '2', '51', '76', '14'}
| | +-- , 5 , {9, 21} , {'50', '72', '86', '98', '33', '0', '27', '65', '79', '37', '10', '26', '42', '1', '17', '64', '25', '49', '39', '12', '82', '93', '5', '48', '52', '53', '24', '41', '60', '55', '11', '69', '43', '58', '19', '22', '2', '51', '54', '89'}
| | | +-- , 9 , {11, 13, 15, 17, 19} , {'50', '72', '61', '98', '33', '0', '86', '95', '27', '79', '37', '62', '30', '1', '17', '25', '49', '39', '12', '82', '93', '5', '48', '41', '53', '24', '35', '55', '11', '83', '43', '58', '19', '22', '91', '99', '51', '54', '57', '8', '89'}
| | | | +-- , 11 , set() , {'43', '62', '86', '0', '41', '53', '51', '35', '39', '66', '31', '8', '37', '5', '30'}
| | | | +-- , 13 , set() , {'1', '34', '58', '3', '28', '96', '99', '39', '27', '45', '57', '12', '63', '82', '83', '62'}
| | | | +-- , 15 , set() , {'1', '43', '17', '72', '91', '95', '0', '24', '98', '12', '55', '37', '89', '88', '93', '30'}
| | | | +-- , 17 , set() , {'50', '36', '61', '91', '95', '0', '24', '99', '51', '35', '57', '8', '79', '55', '11', '83', '48'}
| | | | +-- , 19 , set() , {'16', '74', '72', '19', '22', '33', '44', '61', '62', '25', '54', '49', '55', '4', '70', '30'}
| | | +-- , 21 , set() , {'50', '98', '0', '75', '65', '79', '10', '26', '42', '64', '39', '29', '82', '93', '48', '41', '52', '60', '81', '55', '69', '46', '58', '19', '22', '47', '2', '54', '89'}
| +-- , 23 , set() , {'50', '72', '86', '22', '18', '68', '53', '73', '25', '51', '21', '23', '27', '37', '69', '48'}


Max number of edges with non zero Y: 11
Max number of iterations of outer rounding loop: 5
Max number of candidate sets: 2
Time spent rounding: 17.632
Time spent solving Separator LP: 6.736
Total time spent solving: 28.643

LP Solver: GaifmanNormal
Lower Bound Witness = ({'50', '72', '61', '98', '33', '0', '3', '86', '95', '36', '75', '27', '45', '65', '79', '63', '37', '10', '26', '16', '42', '30', '62', '1', '17', '64', '28', '25', '49', '39', '31', '29', '12', '82', '93', '70', '5', '48', '88', '34', '41', '52', '53', '24', '96', '35', '60', '81', '66', '55', '4', '11', '69', '46', '83', '74', '44', '19', '22', '58', '43', '91', '47', '2', '99', '54', '51', '57', '8', '89'}, {'50', '72', '98', '86', '33', '0', '27', '65', '79', '37', '10', '26', '42', '1', '17', '64', '25', '49', '39', '12', '82', '93', '5', '48', '52', '53', '24', '60', '11', '69', '43', '58', '19', '22', '2', '51', '89'})