67, 3.0612034605322913, 9.0, 9
+-- , 0 , {3, 133, 9, 73, 79, 17, 81, 83, 85, 91, 29, 95, 97, 99, 103, 113, 119, 123} , {'xL3J', 'xL0J', 'xL2J', 'zL54J', 'zL42J', 'zL37J', 'xL8J', 'xL9J', 'xL4J', 'xL1J', 'xL7J', 'xL5J', 'zL43J', 'zL62J', 'zL67J', 'zL69J', 'zL57J', 'zL58J'}
| +-- , 3 , {5} , {'zL42J', 'xL8J', 'zL41J', 'xL7J', 'xL1J'}
| | +-- , 5 , {7} , {'xL8J', 'zL41J', 'xL7J', 'zL40J'}
| | | +-- , 7 , set() , {'yL10J', 'zL40J', 'xL7J'}
| +-- , 133 , {135} , {'zL57J', 'xL4J', 'zL56J', 'xL0J'}
| | +-- , 135 , set() , {'zL56J', 'xL0J', 'yL14J'}
| +-- , 9 , {11, 13} , {'xL8J', 'xL4J', 'xL7J', 'zL79J', 'xL5J', 'xL3J', 'zL77J', 'zL78J'}
| | +-- , 11 , set() , {'zL79J', 'w22', 'xL3J'}
| | +-- , 13 , {15} , {'zL76J', 'zL77J', 'xL4J', 'xL5J'}
| | | +-- , 15 , set() , {'zL76J', 'yL19J', 'xL5J'}
| +-- , 73 , {75} , {'xL9J', 'yL3J', 'xL3J', 'xL7J', 'xL1J', 'xL5J', 'zL12J'}
| | +-- , 75 , {77} , {'xL9J', 'xL7J', 'xL1J', 'xL5J', 'zL12J', 'zL13J'}
| | | +-- , 77 , set() , {'xL9J', 'w6', 'xL1J', 'xL5J', 'zL14J', 'zL15J', 'zL13J'}
| +-- , 79 , set() , {'w21', 'xL8J', 'zL72J', 'xL7J', 'xL1J', 'xL5J', 'xL2J', 'yL18J', 'zL75J', 'zL74J', 'zL73J'}
| +-- , 17 , {25, 19} , {'xL9J', 'xL4J', 'xL1J', 'zL3J', 'zL2J', 'xL0J', 'xL2J'}
| | +-- , 25 , set() , {'w3', 'zL3J', 'xL4J'}
| | +-- , 19 , {21} , {'zL2J', 'xL1J', 'zL1J', 'xL0J', 'xL2J'}
| | | +-- , 21 , {23} , {'xL1J', 'zL1J', 'zL0J', 'xL0J'}
| | | | +-- , 23 , set() , {'zL0J', 'yL0J', 'xL0J'}
| +-- , 81 , set() , {'xL8J', 'zL35J', 'xL4J', 'xL3J', 'zL33J', 'yL8J', 'xL0J', 'zL34J', 'xL2J', 'w11', 'zL32J'}
| +-- , 83 , set() , {'xL8J', 'xL9J', 'zL9J', 'xL3J', 'zL8J', 'w5', 'xL5J', 'xL0J', 'zL10J', 'yL2J', 'zL11J'}
| +-- , 85 , {89, 87} , {'xL8J', 'xL9J', 'xL3J', 'xL1J', 'zL28J', 'xL2J', 'zL29J'}
| | +-- , 89 , set() , {'yL7J', 'zL28J', 'xL9J'}
| | +-- , 87 , set() , {'zL31J', 'xL8J', 'xL3J', 'w10', 'xL2J', 'zL29J', 'zL30J'}
| +-- , 91 , {93} , {'xL8J', 'zL69J', 'xL0J', 'zL68J'}
| | +-- , 93 , set() , {'yL17J', 'xL0J', 'zL68J'}
| +-- , 29 , {67, 61, 31} , {'zL21J', 'zL59J', 'xL3J', 'xL0J', 'xL2J', 'zL26J', 'zL27J', 'zL54J', 'zL37J', 'xL8J', 'xL9J', 'xL4J', 'xL7J', 'xL1J', 'xL5J', 'zL43J', 'zL62J', 'zL67J', 'zL69J', 'zL58J', 'zL20J'}
| | +-- , 67 , {69} , {'zL26J', 'xL8J', 'zL25J', 'xL5J', 'xL0J'}
| | | +-- , 69 , {71} , {'xL8J', 'zL25J', 'zL24J', 'xL5J'}
| | | | +-- , 71 , set() , {'xL5J', 'yL6J', 'zL24J'}
| | +-- , 61 , {63} , {'zL21J', 'zL22J', 'xL7J', 'xL1J', 'xL2J'}
| | | +-- , 63 , {65} , {'zL22J', 'xL1J', 'zL23J', 'xL2J'}
| | | | +-- , 65 , set() , {'xL2J', 'zL23J', 'w8'}
| | +-- , 31 , {33, 37, 39, 41, 43, 49, 53, 57, 59} , {'w9', 'zL59J', 'xL0J', 'xL2J', 'zL27J', 'zL54J', 'xL6J', 'zL37J', 'xL8J', 'xL9J', 'xL4J', 'xL1J', 'xL5J', 'zL43J', 'zL62J', 'zL67J', 'zL69J', 'zL20J'}
| | | +-- , 33 , {35} , {'xL6J', 'xL4J', 'zL55J', 'zL54J'}
| | | | +-- , 35 , set() , {'w16', 'xL6J', 'zL55J'}
| | | +-- , 37 , set() , {'xL6J', 'zL20J', 'yL5J'}
| | | +-- , 39 , set() , {'xL6J', 'zL4J', 'xL9J', 'w4', 'xL4J', 'zL7J', 'zL6J', 'xL0J', 'yL1J', 'xL2J', 'zL5J'}
| | | +-- , 41 , set() , {'xL6J', 'w17', 'zL59J'}
| | | +-- , 43 , {45} , {'xL6J', 'zL70J', 'zL69J', 'xL1J', 'xL5J'}
| | | | +-- , 45 , {47} , {'zL70J', 'zL71J', 'xL1J', 'xL5J'}
| | | | | +-- , 47 , set() , {'w20', 'zL71J', 'xL5J'}
| | | +-- , 49 , {51} , {'xL6J', 'zL37J', 'xL8J', 'zL36J'}
| | | | +-- , 51 , set() , {'yL9J', 'xL8J', 'zL36J'}
| | | +-- , 53 , {55} , {'xL6J', 'xL8J', 'zL63J', 'zL62J'}
| | | | +-- , 55 , set() , {'xL8J', 'w18', 'zL63J'}
| | | +-- , 57 , set() , {'xL6J', 'w19', 'zL67J'}
| | | +-- , 59 , set() , {'xL6J', 'zL43J', 'w13'}
| +-- , 95 , set() , {'zL60J', 'xL4J', 'xL1J', 'zL61J', 'xL0J', 'zL62J', 'yL15J'}
| +-- , 97 , set() , {'zL51J', 'xL3J', 'xL1J', 'yL12J', 'xL5J', 'zL50J', 'zL49J', 'xL0J', 'xL2J', 'w15', 'zL48J'}
| +-- , 99 , {101} , {'zL52J', 'xL1J', 'zL53J', 'xL0J', 'zL54J', 'xL2J'}
| | +-- , 101 , set() , {'zL52J', 'yL13J', 'xL2J'}
| +-- , 103 , {105} , {'xL9J', 'xL4J', 'xL3J', 'xL7J', 'xL5J', 'zL19J', 'w7'}
| | +-- , 105 , {107} , {'xL9J', 'zL18J', 'xL3J', 'xL4J', 'xL5J', 'zL19J'}
| | | +-- , 107 , {109} , {'xL4J', 'xL9J', 'zL18J', 'xL3J', 'zL17J'}
| | | | +-- , 109 , {111} , {'xL4J', 'xL3J', 'zL17J', 'zL16J'}
| | | | | +-- , 111 , set() , {'zL16J', 'yL4J', 'xL4J'}
| +-- , 113 , {115} , {'xL8J', 'zL65J', 'xL7J', 'xL1J', 'xL5J', 'zL67J', 'zL66J'}
| | +-- , 115 , {117} , {'zL65J', 'xL1J', 'xL5J', 'zL64J'}
| | | +-- , 117 , set() , {'xL1J', 'yL16J', 'zL64J'}
| +-- , 119 , {121} , {'zL37J', 'xL9J', 'xL4J', 'zL38J', 'xL2J'}
| | +-- , 121 , set() , {'xL9J', 'xL4J', 'w12', 'zL39J', 'zL38J'}
| +-- , 123 , {125} , {'xL8J', 'xL9J', 'xL3J', 'xL4J', 'xL5J', 'zL47J', 'w14'}
| | +-- , 125 , {127} , {'xL9J', 'xL4J', 'xL3J', 'xL5J', 'zL47J', 'zL46J'}
| | | +-- , 127 , {129} , {'xL4J', 'xL9J', 'zL45J', 'xL3J', 'zL46J'}
| | | | +-- , 129 , {131} , {'xL9J', 'zL45J', 'xL3J', 'zL44J'}
| | | | | +-- , 131 , set() , {'zL44J', 'yL11J', 'xL3J'}


Max number of edges with non zero Y: 37
Max number of iterations of outer rounding loop: 3
Max number of candidate sets: 2
Time spent rounding: 8.153
Time spent solving Separator LP: 15.935
Total time spent solving: 27.809

LP Solver: GaifmanNormal
Lower Bound Witness = ({'zL35J', 'yL7J', 'zL53J', 'yL17J', 'yL9J', 'zL10J', 'zL26J', 'w15', 'zL24J', 'zL5J', 'zL73J', 'zL76J', 'w17', 'zL61J', 'yL4J', 'zL2J', 'zL70J', 'w14', 'zL58J', 'zL39J', 'zL38J', 'zL29J', 'zL23J', 'zL63J', 'w9', 'zL60J', 'zL59J', 'xL3J', 'zL25J', 'zL7J', 'w20', 'zL36J', 'w11', 'zL66J', 'zL42J', 'xL6J', 'w21', 'zL71J', 'yL14J', 'zL0J', 'xL5J', 'zL12J', 'zL62J', 'yL6J', 'zL20J', 'zL32J', 'zL56J', 'zL6J', 'zL27J', 'zL4J', 'zL72J', 'yL3J', 'zL49J', 'zL1J', 'zL47J', 'w16', 'zL65J', 'w8', 'xL0J', 'xL2J', 'yL2J', 'yL16J', 'zL52J', 'zL31J', 'xL8J', 'xL7J', 'w13', 'zL16J', 'zL79J', 'yL8J', 'w10', 'zL43J', 'w7', 'zL34J', 'w22', 'zL30J', 'yL10J', 'zL45J', 'zL8J', 'w19', 'w18', 'zL75J', 'zL13J', 'zL37J', 'zL18J', 'yL0J', 'zL33J', 'yL19J', 'zL22J', 'w3', 'yL11J', 'zL15J', 'w12', 'zL77J', 'zL55J', 'yL15J', 'yL12J', 'zL28J', 'zL50J', 'zL68J', 'yL18J', 'zL57J', 'zL21J', 'w4', 'zL19J', 'yL1J', 'xL9J', 'xL4J', 'zL44J', 'yL13J', 'zL11J', 'zL69J', 'zL67J', 'zL17J', 'zL51J', 'zL41J', 'w6', 'zL3J', 'zL14J', 'yL5J', 'zL46J', 'zL78J', 'zL48J', 'zL54J', 'zL9J', 'xL1J', 'w5', 'zL40J', 'zL64J', 'zL74J'}, {'yL10J', 'w4', 'yL0J', 'zL61J', 'zL44J', 'zL2J', 'zL67J', 'zL69J', 'w14', 'zL38J', 'w9', 'zL41J', 'w6', 'xL3J', 'zL7J', 'zL77J', 'yL16J', 'zL55J', 'zL9J', 'zL0J', 'yL8J', 'w5', 'zL50J', 'zL43J', 'zL40J', 'zL62J', 'yL18J', 'zL56J', 'zL30J'})