41, 0.5952378571428567, 10.0, 10
+-- , 0 , {3, 5, 7, 9, 11, 13, 15, 17, 19, 21, 23, 25, 27, 29, 31, 33, 35, 37, 39, 41, 43, 45, 47, 49, 51, 53, 55, 57, 59, 61, 63, 65, 67, 69, 71, 73, 75, 77, 79, 81} , {'X21', 'X19', 'X11', 'X2', 'X9', 'X7', 'X5', 'X23', 'X15', 'X0', 'X17', 'X4', 'X3', 'X1', 'X13'}
| +-- , 3 , set() , {'X0', 'X25'}
| +-- , 5 , set() , {'X0', 'X27'}
| +-- , 7 , set() , {'X0', 'X29'}
| +-- , 9 , set() , {'X0', 'X31'}
| +-- , 11 , set() , {'X0', 'X33'}
| +-- , 13 , set() , {'X35', 'X0'}
| +-- , 15 , set() , {'X0', 'X37'}
| +-- , 17 , set() , {'X0', 'X39'}
| +-- , 19 , set() , {'X0', 'X41'}
| +-- , 21 , set() , {'X43', 'X0'}
| +-- , 23 , set() , {'X0', 'X45'}
| +-- , 25 , set() , {'X0', 'X47'}
| +-- , 27 , set() , {'X0', 'X49'}
| +-- , 29 , set() , {'X0', 'X51'}
| +-- , 31 , set() , {'X0', 'X53'}
| +-- , 33 , set() , {'X0', 'X55'}
| +-- , 35 , set() , {'X0', 'X57'}
| +-- , 37 , set() , {'X0', 'X59'}
| +-- , 39 , set() , {'X0', 'X61'}
| +-- , 41 , set() , {'X0', 'X63'}
| +-- , 43 , set() , {'X0', 'X65'}
| +-- , 45 , set() , {'X67', 'X0'}
| +-- , 47 , set() , {'X0', 'X69'}
| +-- , 49 , set() , {'X71', 'X0'}
| +-- , 51 , set() , {'X0', 'X73'}
| +-- , 53 , set() , {'X0', 'X75'}
| +-- , 55 , set() , {'X0', 'X77'}
| +-- , 57 , set() , {'X0', 'X79'}
| +-- , 59 , set() , {'X0', 'X81'}
| +-- , 61 , set() , {'X0', 'X83'}
| +-- , 63 , set() , {'X0', 'X85'}
| +-- , 65 , set() , {'X0', 'X87'}
| +-- , 67 , set() , {'X0', 'X89'}
| +-- , 69 , set() , {'X91', 'X0'}
| +-- , 71 , set() , {'X93', 'X0'}
| +-- , 73 , set() , {'X0', 'X95'}
| +-- , 75 , set() , {'X0', 'X97'}
| +-- , 77 , set() , {'X0', 'X99'}
| +-- , 79 , set() , {'X0', 'X101'}
| +-- , 81 , set() , {'X0', 'X103'}


Max number of edges with non zero Y: 5
Max number of iterations of outer rounding loop: 1
Max number of candidate sets: 2
Time spent rounding: 1.118
Time spent solving Separator LP: 0.033

LP Solver: GaifmanNormal