10, 1, 1, 1
+-- , 0 , {1, 2, 4, 6, 8} , {'impulse_hp_14_nl0_ce0__HP14FR1_from_5000_to_9999_fork_hp_14_nl0_ae4', 'impulse_hp_14_nl0_ce0__HP14FR1_from_5000_to_9999_full_hp_14_nl0_ae2', 'impulse_hp_14_nl0_ce0__HP14FR1_from_5000_to_9999_complex_hp_14_nl0_ae3', 'impulse_hp_14_nl0_ce0__HP14FR1_from_5000_to_9999_produce_hp_14_nl0_ae1', 'impulse_hp_14_nl0_ce0__HP14FR1_from_5000_to_9999_get_hp_14_nl0_ae0'}
| +-- , 1 , set() , {'moon_hp_32_nl0_ce0__HP32FR1_from_5000_to_9999_solid_hp_32_nl0_ae5', 'moon_hp_32_nl0_ce0__HP32FR1_from_5000_to_9999_boy_hp_32_nl0_ae4', 'moon_hp_32_nl0_ce0__HP32FR1_from_5000_to_9999_hide_hp_32_nl0_ae7', 'impulse_hp_14_nl0_ce0__HP14FR1_from_5000_to_9999_produce_hp_14_nl0_ae1', 'moon_hp_32_nl0_ce0__HP32FR1_from_5000_to_9999_improve_hp_32_nl0_ae0', 'moon_hp_32_nl0_ce0__HP32FR1_from_5000_to_9999_violent_hp_32_nl0_ae6', 'moon_hp_32_nl0_ce0__HP32FR1_from_5000_to_9999_band_hp_32_nl0_ae2', 'moon_hp_32_nl0_ce0__HP32FR1_from_5000_to_9999_sail_hp_32_nl0_ae3'}
| +-- , 2 , {3} , {'impulse_hp_14_nl0_ce0__HP14FR1_from_5000_to_9999_fork_hp_14_nl0_ae4', 'impulse_hp_14_nl0_ce0__HP14FR1_from_5000_to_9999_full_hp_14_nl0_ae2', 'impulse_hp_14_nl0_ce0__HP14FR1_from_5000_to_9999_complex_hp_14_nl0_ae3', 'impulse_hp_14_nl0_ce0__HP14FR1_from_5000_to_9999_produce_hp_14_nl0_ae1', 'impulse_hp_14_nl0_ce0__HP14FR1_from_5000_to_9999_get_hp_14_nl0_ae0'}
| | +-- , 3 , set() , {'begin_hp_27_nl0_ce0__HP27FR0_from_0_to_4999_shoe_hp_27_nl0_ae1', 'begin_hp_27_nl0_ce0__HP27FR0_from_0_to_4999_ornament_hp_27_nl0_ae2', 'impulse_hp_14_nl0_ce0__HP14FR1_from_5000_to_9999_produce_hp_14_nl0_ae1'}
| +-- , 4 , {5} , {'impulse_hp_14_nl0_ce0__HP14FR1_from_5000_to_9999_fork_hp_14_nl0_ae4', 'impulse_hp_14_nl0_ce0__HP14FR1_from_5000_to_9999_full_hp_14_nl0_ae2', 'impulse_hp_14_nl0_ce0__HP14FR1_from_5000_to_9999_complex_hp_14_nl0_ae3', 'impulse_hp_14_nl0_ce0__HP14FR1_from_5000_to_9999_produce_hp_14_nl0_ae1', 'impulse_hp_14_nl0_ce0__HP14FR1_from_5000_to_9999_get_hp_14_nl0_ae0'}
| | +-- , 5 , set() , {'buy_vp_32_nl0_ce1_full_hp_14_nl0_ae2', 'buy_vp_32_nl0_ce1_agencies_vp_32_nl0_ae0JoinAttrRef', 'buy_vp_32_nl0_ce1_complex_hp_14_nl0_ae3', 'impulse_hp_14_nl0_ce0__HP14FR1_from_5000_to_9999_fork_hp_14_nl0_ae4'}
| +-- , 6 , {7} , {'impulse_hp_14_nl0_ce0__HP14FR1_from_5000_to_9999_fork_hp_14_nl0_ae4', 'impulse_hp_14_nl0_ce0__HP14FR1_from_5000_to_9999_full_hp_14_nl0_ae2', 'impulse_hp_14_nl0_ce0__HP14FR1_from_5000_to_9999_complex_hp_14_nl0_ae3', 'impulse_hp_14_nl0_ce0__HP14FR1_from_5000_to_9999_produce_hp_14_nl0_ae1', 'impulse_hp_14_nl0_ce0__HP14FR1_from_5000_to_9999_get_hp_14_nl0_ae0'}
| | +-- , 7 , set() , {'wave_vp_32_nl0_ce0_agencies_vp_32_nl0_ae0JoinAttr', 'wave_vp_32_nl0_ce0_selectorhp14', 'wave_vp_32_nl0_ce0_get_hp_14_nl0_ae0', 'impulse_hp_14_nl0_ce0__HP14FR1_from_5000_to_9999_produce_hp_14_nl0_ae1'}
| +-- , 8 , {9} , {'impulse_hp_14_nl0_ce0__HP14FR1_from_5000_to_9999_fork_hp_14_nl0_ae4', 'impulse_hp_14_nl0_ce0__HP14FR1_from_5000_to_9999_full_hp_14_nl0_ae2', 'impulse_hp_14_nl0_ce0__HP14FR1_from_5000_to_9999_complex_hp_14_nl0_ae3', 'impulse_hp_14_nl0_ce0__HP14FR1_from_5000_to_9999_produce_hp_14_nl0_ae1', 'impulse_hp_14_nl0_ce0__HP14FR1_from_5000_to_9999_get_hp_14_nl0_ae0'}
| | +-- , 9 , set() , {'impulse_hp_14_nl0_ce0__HP14FR1_from_5000_to_9999_fork_hp_14_nl0_ae4', 'impulse_hp_14_nl0_ce0__HP14FR0_from_0_to_4999_complex_hp_14_nl0_ae3', 'impulse_hp_14_nl0_ce0__HP14FR0_from_0_to_4999_full_hp_14_nl0_ae2', 'impulse_hp_14_nl0_ce0__HP14FR0_from_0_to_4999_produce_hp_14_nl0_ae1', 'impulse_hp_14_nl0_ce0__HP14FR0_from_0_to_4999_get_hp_14_nl0_ae0'}


Max number of edges with non zero Y: 0
Max number of iterations of outer rounding loop: 0
Max number of candidate sets: 0
Time spent rounding: 0.000
Time spent solving Separator LP: 0.000
Total time spent solving: 0.001

LP Solver: gammaPlusFractionalCoverHeuristic
Number of Rounding Attemps: 1
Lower Bound Witness = None