20, 2.152173913043477, 7.0, 8
+-- , 0 , {48, 5, 42, 44} , {'xL26J', 'xL32J', 'xL14J', 'xL35J', 'xL11J', 'xL5J', 'xL9J', 'xL1J', 'xL0J'}
| +-- , 48 , set() , {'xL5J', 'xL2J', 'xL11J'}
| +-- , 5 , {40, 9} , {'xL26J', 'xL32J', 'xL39J', 'xL33J', 'xL35J', 'xL11J', 'xL22J', 'xL5J', 'xL9J', 'xL1J', 'xL0J'}
| | +-- , 40 , set() , {'xL22J', 'xL4J'}
| | +-- , 9 , {19, 13} , {'xL37J', 'xL39J', 'xL33J', 'xL11J', 'xL23J', 'xL6J', 'xL1J', 'xL0J', 'xL26J', 'xL32J', 'xL10J', 'xL22J', 'xL5J', 'xL9J'}
| | | +-- , 19 , {21, 38} , {'xL25J', 'xL17J', 'xL26J', 'xL32J', 'xL33J', 'xL10J', 'xL11J', 'xL9J', 'xL37J', 'xL6J', 'xL1J', 'xL0J'}
| | | | +-- , 21 , {23} , {'xL17J', 'xL33J', 'xL29J', 'xL6J', 'xL0J', 'xL25J', 'xL36J', 'xL32J', 'xL10J', 'xL37J'}
| | | | | +-- , 23 , {26} , {'xL17J', 'xL18J', 'xL33J', 'xL29J', 'xL6J', 'xL0J', 'xL7J', 'xL36J', 'xL32J', 'xL10J', 'xL37J'}
| | | | | | +-- , 26 , {28} , {'xL17J', 'xL18J', 'xL33J', 'xL16J', 'xL29J', 'xL0J', 'xL7J', 'xL36J', 'xL32J', 'xL10J', 'xL13J', 'xL37J'}
| | | | | | | +-- , 28 , {32, 34, 36} , {'xL17J', 'xL18J', 'xL7J', 'xL36J', 'xL34J', 'xL33J', 'xL13J', 'xL16J', 'xL29J', 'xL12J', 'xL21J'}
| | | | | | | | +-- , 32 , set() , {'xL18J', 'xL34J', 'xL33J', 'xL16J', 'xL30J', 'xL29J'}
| | | | | | | | +-- , 34 , set() , {'xL34J', 'xL33J', 'xL38J', 'xL12J', 'xL21J'}
| | | | | | | | +-- , 36 , set() , {'xL15J', 'xL21J'}
| | | | +-- , 38 , set() , {'xL25J', 'xL9J', 'xL1J', 'xL3J'}
| | | +-- , 13 , {17, 15} , {'xL32J', 'xL23J', 'xL39J', 'xL10J', 'xL31J', 'xL11J', 'xL1J'}
| | | | +-- , 17 , set() , {'xL10J', 'xL31J', 'xL20J'}
| | | | +-- , 15 , set() , {'xL31J', 'xL19J'}
| +-- , 42 , set() , {'xL24J', 'xL14J', 'xL1J', 'xL0J'}
| +-- , 44 , {46} , {'xL27J', 'xL28J', 'xL26J', 'xL35J', 'xL5J', 'xL1J'}
| | +-- , 46 , set() , {'xL8J', 'xL27J', 'xL1J', 'xL28J'}


Max number of edges with non zero Y: 13
Max number of iterations of outer rounding loop: 4
Max number of candidate sets: 2
Time spent rounding: 36.871
Time spent solving Separator LP: 1.457

LP Solver: GaifmanBoosted