56, 0, 9.0, 9
+-- , 0 , {3, 67, 69, 71, 73, 13, 77, 15, 19, 87, 89, 91, 95, 99, 101, 107, 109, 47, 113, 57} , {'zL53J', 'zL77J', 'zL3J', 'zL28J', 'xL2J', 'zL33J', 'xL3J', 'zL45J', 'zL78J', 'xL8J', 'xL4J', 'xL6J', 'zL4J', 'xL9J', 'zL5J', 'xL1J', 'zL61J', 'xL0J', 'zL29J', 'zL60J', 'zL2J', 'zL34J', 'xL7J'}
| +-- , 3 , {9, 5} , {'xL9J', 'zL42J', 'xL1J', 'xL3J', 'zL41J', 'xL0J', 'xL4J'}
| | +-- , 9 , {11} , {'xL3J', 'zL41J', 'zL40J', 'xL4J'}
| | | +-- , 11 , set() , {'yL10J', 'zL40J', 'xL4J'}
| | +-- , 5 , {7} , {'xL9J', 'zL42J', 'zL43J', 'xL0J'}
| | | +-- , 7 , set() , {'zL43J', 'xL9J', 'w13'}
| +-- , 67 , set() , {'zL59J', 'xL9J', 'w17', 'zL56J', 'xL4J', 'xL2J', 'yL14J', 'xL3J', 'zL58J', 'xL7J', 'zL57J'}
| +-- , 69 , set() , {'zL70J', 'yL17J', 'xL1J', 'xL0J', 'zL68J', 'zL69J', 'xL3J', 'w20', 'zL71J', 'xL7J', 'xL8J'}
| +-- , 71 , set() , {'w6', 'yL3J', 'zL14J', 'xL3J', 'zL15J', 'xL8J', 'zL12J', 'xL7J', 'xL6J', 'xL4J', 'zL13J'}
| +-- , 73 , {75} , {'xL3J', 'xL1J', 'zL61J', 'xL7J', 'zL62J'}
| | +-- , 75 , set() , {'zL62J', 'xL3J', 'zL63J', 'w18', 'xL7J'}
| +-- , 13 , set() , {'zL64J', 'xL9J', 'yL16J', 'xL2J', 'zL67J', 'zL65J', 'w19', 'zL66J', 'xL0J', 'xL6J', 'xL4J'}
| +-- , 77 , {85, 79} , {'zL36J', 'xL0J', 'xL2J', 'zL37J', 'xL3J', 'xL7J', 'xL4J'}
| | +-- , 85 , set() , {'zL36J', 'xL7J', 'yL9J'}
| | +-- , 79 , {81} , {'xL3J', 'zL38J', 'xL0J', 'xL2J', 'zL37J'}
| | | +-- , 81 , {83} , {'zL39J', 'zL38J', 'xL0J', 'xL2J'}
| | | | +-- , 83 , set() , {'zL39J', 'w12', 'xL0J'}
| +-- , 15 , set() , {'zL72J', 'xL9J', 'zL73J', 'zL75J', 'zL74J', 'xL1J', 'w21', 'xL3J', 'yL18J', 'xL0J', 'xL4J'}
| +-- , 19 , {33, 35, 37, 39, 43, 45, 21, 23, 27} , {'xL5J', 'zL53J', 'zL77J', 'zL54J', 'zL28J', 'xL2J', 'zL45J', 'zL47J', 'zL1J', 'xL8J', 'xL4J', 'zL35J', 'xL6J', 'xL9J', 'zL5J', 'xL1J', 'xL7J', 'zL2J', 'zL60J', 'w14', 'zL34J', 'xL0J'}
| | +-- , 33 , set() , {'yL15J', 'zL60J', 'xL5J'}
| | +-- , 35 , set() , {'xL5J', 'w4', 'zL5J', 'xL1J', 'zL7J', 'zL6J', 'xL0J'}
| | +-- , 37 , set() , {'xL5J', 'zL28J', 'yL7J'}
| | +-- , 39 , {41} , {'xL5J', 'zL54J', 'zL55J', 'xL6J'}
| | | +-- , 41 , set() , {'xL5J', 'zL55J', 'w16'}
| | +-- , 43 , set() , {'xL5J', 'zL77J', 'zL76J', 'yL19J', 'xL4J'}
| | +-- , 45 , set() , {'xL8J', 'zL35J', 'w11'}
| | +-- , 21 , set() , {'xL5J', 'xL1J', 'zL45J', 'zL46J', 'zL47J'}
| | +-- , 23 , {25} , {'xL5J', 'zL0J', 'zL1J', 'xL7J'}
| | | +-- , 25 , set() , {'zL0J', 'xL7J', 'yL0J'}
| | +-- , 27 , {29} , {'xL5J', 'xL9J', 'xL1J', 'xL2J', 'yL6J', 'xL0J', 'zL24J'}
| | | +-- , 29 , {31} , {'xL5J', 'w9', 'xL1J', 'xL2J', 'zL27J', 'zL25J', 'xL0J', 'zL24J'}
| | | | +-- , 31 , set() , {'xL5J', 'xL1J', 'zL27J', 'zL25J', 'zL26J'}
| +-- , 87 , set() , {'zL21J', 'xL1J', 'w8', 'xL2J', 'zL20J', 'xL3J', 'zL23J', 'zL22J', 'yL5J', 'xL6J', 'xL4J'}
| +-- , 89 , set() , {'yL2J', 'zL11J', 'w5', 'xL1J', 'zL9J', 'xL2J', 'zL10J', 'zL8J', 'xL8J', 'xL6J', 'xL4J'}
| +-- , 91 , {93} , {'xL3J', 'zL53J', 'zL52J', 'xL4J'}
| | +-- , 93 , set() , {'xL3J', 'zL52J', 'yL13J'}
| +-- , 95 , {97} , {'xL3J', 'xL9J', 'zL78J', 'zL79J'}
| | +-- , 97 , set() , {'xL3J', 'w22', 'zL79J'}
| +-- , 99 , set() , {'xL9J', 'yL11J', 'zL45J', 'zL44J', 'xL7J'}
| +-- , 101 , {103} , {'zL29J', 'xL9J', 'xL7J', 'xL4J', 'zL30J'}
| | +-- , 103 , {105} , {'xL9J', 'xL4J', 'zL31J', 'zL30J'}
| | | +-- , 105 , set() , {'xL9J', 'w10', 'zL31J'}
| +-- , 107 , set() , {'yL1J', 'zL4J', 'xL4J'}
| +-- , 109 , {111} , {'xL1J', 'zL32J', 'xL6J', 'zL33J'}
| | +-- , 111 , set() , {'zL32J', 'xL6J', 'yL8J'}
| +-- , 47 , {49} , {'xL9J', 'xL1J', 'w7', 'zL19J', 'xL2J', 'xL3J', 'xL8J'}
| | +-- , 49 , {51} , {'xL9J', 'zL18J', 'xL1J', 'zL19J', 'xL2J', 'xL8J'}
| | | +-- , 51 , {53} , {'zL18J', 'xL1J', 'zL17J', 'xL8J', 'xL2J'}
| | | | +-- , 53 , {55} , {'xL1J', 'zL16J', 'zL17J', 'xL8J'}
| | | | | +-- , 55 , set() , {'xL1J', 'zL16J', 'yL4J'}
| +-- , 113 , set() , {'zL3J', 'xL6J', 'w3'}
| +-- , 57 , {65, 59} , {'xL9J', 'zL51J', 'xL2J', 'xL3J', 'zL50J', 'xL7J', 'xL8J'}
| | +-- , 65 , set() , {'zL51J', 'w15', 'xL2J'}
| | +-- , 59 , {61} , {'xL3J', 'xL9J', 'zL49J', 'zL50J', 'xL7J'}
| | | +-- , 61 , {63} , {'xL3J', 'zL49J', 'xL7J', 'zL48J'}
| | | | +-- , 63 , set() , {'xL3J', 'yL12J', 'zL48J'}


Max number of edges with non zero Y: 69
Max number of iterations of outer rounding loop: 3
Max number of candidate sets: 2
Time spent rounding: 2.881
Time spent solving Separator LP: 0.022
Total time spent solving: 5.924

LP Solver: gammaPlusFractionalCoverHeuristic
Lower Bound Witness = ({'zL21J', 'zL70J', 'yL17J', 'zL54J', 'zL32J', 'w8', 'zL27J', 'zL46J', 'w18', 'zL72J', 'zL73J', 'yL3J', 'w21', 'w3', 'zL29J', 'zL79J', 'zL34J', 'yL18J', 'xL5J', 'zL3J', 'w5', 'xL3J', 'w15', 'zL22J', 'yL13J', 'xL6J', 'zL35J', 'zL11J', 'w7', 'yL14J', 'zL10J', 'yL10J', 'yL19J', 'zL57J', 'zL64J', 'zL59J', 'zL36J', 'zL14J', 'xL2J', 'yL12J', 'w20', 'zL78J', 'zL47J', 'xL4J', 'zL13J', 'w17', 'zL61J', 'zL40J', 'zL69J', 'zL12J', 'zL76J', 'yL7J', 'zL26J', 'zL53J', 'zL77J', 'zL19J', 'zL28J', 'zL62J', 'zL67J', 'zL9J', 'zL63J', 'zL45J', 'yL6J', 'w19', 'zL49J', 'zL8J', 'xL8J', 'w6', 'w9', 'zL74J', 'zL7J', 'zL65J', 'yL8J', 'zL44J', 'zL17J', 'w11', 'w4', 'zL42J', 'zL71J', 'zL24J', 'zL5J', 'zL51J', 'zL16J', 'zL66J', 'yL5J', 'yL16J', 'w22', 'zL75J', 'zL18J', 'zL30J', 'zL33J', 'zL0J', 'yL11J', 'w12', 'zL15J', 'w16', 'zL4J', 'zL56J', 'yL15J', 'yL4J', 'xL7J', 'xL0J', 'zL52J', 'w13', 'yL2J', 'yL0J', 'yL1J', 'zL6J', 'zL25J', 'w10', 'xL9J', 'xL1J', 'zL60J', 'zL50J', 'zL55J', 'zL58J', 'zL31J', 'zL43J', 'zL37J', 'zL20J', 'yL9J', 'zL39J', 'zL1J', 'zL38J', 'zL48J', 'zL68J', 'zL2J', 'w14', 'zL23J', 'zL41J'}, {'zL18J', 'zL28J', 'zL40J', 'zL33J', 'zL12J'})