60, 3.7204613865363627, 9.0, 9
+-- , 0 , {97, 3, 101, 103, 113, 115, 85, 117, 91, 95} , {'xL2J', 'zL30J', 'zL6J', 'xL3J', 'xL6J', 'xL8J', 'xL4J', 'zL5J', 'xL1J', 'xL7J', 'zL17J', 'zL66J', 'zL34J', 'xL0J'}
| +-- , 97 , {99} , {'xL1J', 'zL16J', 'zL17J', 'xL8J'}
| | +-- , 99 , set() , {'xL1J', 'zL16J', 'yL4J'}
| +-- , 3 , {5, 79} , {'w4', 'zL54J', 'xL2J', 'zL67J', 'zL6J', 'zL30J', 'xL3J', 'xL8J', 'xL4J', 'xL6J', 'xL1J', 'xL7J', 'zL7J', 'zL29J', 'zL66J', 'zL17J', 'zL55J', 'zL34J', 'xL0J'}
| | +-- , 5 , {7} , {'xL2J', 'zL67J', 'zL30J', 'xL3J', 'zL6J', 'xL8J', 'xL4J', 'xL6J', 'xL1J', 'xL7J', 'zL7J', 'zL29J', 'zL17J', 'zL55J', 'zL34J', 'xL0J', 'zL31J'}
| | | +-- , 7 , {65, 69, 73, 11, 77, 51, 57} , {'xL5J', 'zL42J', 'zL43J', 'xL2J', 'zL67J', 'zL6J', 'xL3J', 'zL45J', 'zL46J', 'xL8J', 'xL4J', 'xL6J', 'xL1J', 'xL0J', 'zL7J', 'zL29J', 'zL17J', 'zL55J', 'zL34J', 'xL7J', 'zL31J'}
| | | | +-- , 65 , {67} , {'xL5J', 'zL34J', 'xL8J', 'zL35J'}
| | | | | +-- , 67 , set() , {'xL8J', 'zL35J', 'w11'}
| | | | +-- , 69 , {71} , {'zL29J', 'xL5J', 'zL28J', 'xL0J'}
| | | | | +-- , 71 , set() , {'xL5J', 'zL28J', 'yL7J'}
| | | | +-- , 73 , {75} , {'xL5J', 'zL46J', 'zL47J', 'xL6J'}
| | | | | +-- , 75 , set() , {'w14', 'zL47J', 'xL6J'}
| | | | +-- , 11 , {13} , {'xL5J', 'zL43J', 'xL2J', 'zL67J', 'xL3J', 'yL12J', 'zL45J', 'xL8J', 'xL4J', 'zL48J', 'xL1J', 'xL7J', 'zL17J', 'xL0J', 'zL31J'}
| | | | | +-- , 13 , {15} , {'xL5J', 'zL43J', 'zL19J', 'xL2J', 'zL67J', 'xL3J', 'zL45J', 'zL49J', 'xL8J', 'xL4J', 'zL48J', 'xL1J', 'xL7J', 'w7', 'zL17J', 'xL0J', 'zL31J'}
| | | | | | +-- , 15 , {17} , {'xL5J', 'zL43J', 'zL19J', 'xL2J', 'zL67J', 'xL3J', 'zL45J', 'zL49J', 'xL8J', 'xL4J', 'xL1J', 'yL15J', 'xL7J', 'zL60J', 'zL17J', 'xL0J', 'zL31J'}
| | | | | | | +-- , 17 , {19} , {'xL5J', 'zL18J', 'zL43J', 'zL19J', 'xL2J', 'zL67J', 'xL3J', 'zL45J', 'zL49J', 'xL8J', 'xL4J', 'xL1J', 'xL0J', 'zL60J', 'zL17J', 'xL7J', 'zL31J'}
| | | | | | | | +-- , 19 , {33, 37, 43, 45, 47, 49, 21, 23, 25, 31} , {'xL5J', 'w22', 'zL18J', 'zL43J', 'zL19J', 'xL2J', 'zL67J', 'xL3J', 'zL45J', 'zL49J', 'xL8J', 'xL4J', 'xL9J', 'xL1J', 'zL51J', 'xL7J', 'zL60J', 'zL79J', 'zL50J', 'xL0J', 'zL31J'}
| | | | | | | | | +-- , 33 , {35} , {'xL5J', 'xL9J', 'zL77J', 'xL2J', 'zL78J', 'zL79J', 'xL4J'}
| | | | | | | | | | +-- , 35 , set() , {'xL5J', 'zL77J', 'zL76J', 'yL19J', 'xL4J'}
| | | | | | | | | +-- , 37 , {39} , {'xL5J', 'xL9J', 'xL1J', 'xL2J', 'yL6J', 'xL0J', 'zL24J'}
| | | | | | | | | | +-- , 39 , {41} , {'xL5J', 'w9', 'xL1J', 'xL2J', 'zL27J', 'zL25J', 'xL0J', 'zL24J'}
| | | | | | | | | | | +-- , 41 , set() , {'xL5J', 'xL1J', 'zL27J', 'zL25J', 'zL26J'}
| | | | | | | | | +-- , 43 , set() , {'xL9J', 'yL11J', 'zL45J', 'zL44J', 'xL7J'}
| | | | | | | | | +-- , 45 , set() , {'zL43J', 'xL9J', 'w13'}
| | | | | | | | | +-- , 47 , set() , {'xL9J', 'w10', 'zL31J'}
| | | | | | | | | +-- , 49 , set() , {'zL51J', 'w15', 'xL2J'}
| | | | | | | | | +-- , 21 , set() , {'zL72J', 'xL9J', 'zL73J', 'zL75J', 'zL74J', 'xL1J', 'w21', 'xL3J', 'yL18J', 'xL0J', 'xL4J'}
| | | | | | | | | +-- , 23 , set() , {'xL9J', 'w19', 'zL67J'}
| | | | | | | | | +-- , 25 , {27} , {'xL9J', 'xL1J', 'zL61J', 'xL3J', 'zL60J', 'xL7J'}
| | | | | | | | | | +-- , 27 , {29} , {'xL3J', 'xL1J', 'zL61J', 'xL7J', 'zL62J'}
| | | | | | | | | | | +-- , 29 , set() , {'zL62J', 'xL3J', 'zL63J', 'w18', 'xL7J'}
| | | | | | | | | +-- , 31 , set() , {'zL59J', 'xL9J', 'w17', 'zL56J', 'xL4J', 'xL2J', 'yL14J', 'xL3J', 'zL58J', 'xL7J', 'zL57J'}
| | | | +-- , 77 , set() , {'xL5J', 'zL55J', 'w16'}
| | | | +-- , 51 , {53} , {'xL3J', 'zL41J', 'zL42J', 'xL1J', 'xL4J'}
| | | | | +-- , 53 , {55} , {'xL3J', 'zL41J', 'zL40J', 'xL4J'}
| | | | | | +-- , 55 , set() , {'yL10J', 'zL40J', 'xL4J'}
| | | | +-- , 57 , {59} , {'xL5J', 'yL0J', 'xL1J', 'zL0J', 'zL1J', 'xL7J', 'xL6J', 'xL4J'}
| | | | | +-- , 59 , {61} , {'zL2J', 'xL1J', 'zL1J', 'xL6J', 'xL4J'}
| | | | | | +-- , 61 , {63} , {'zL2J', 'zL3J', 'xL1J', 'xL6J'}
| | | | | | | +-- , 63 , set() , {'zL3J', 'xL6J', 'w3'}
| | +-- , 79 , {81} , {'zL53J', 'xL3J', 'xL1J', 'zL54J', 'xL4J'}
| | | +-- , 81 , {83} , {'xL3J', 'zL53J', 'zL52J', 'xL4J'}
| | | | +-- , 83 , set() , {'xL3J', 'zL52J', 'yL13J'}
| +-- , 101 , set() , {'w6', 'yL3J', 'zL14J', 'xL3J', 'zL15J', 'xL8J', 'zL12J', 'xL7J', 'xL6J', 'xL4J', 'zL13J'}
| +-- , 103 , {105, 111} , {'zL36J', 'xL0J', 'xL2J', 'zL37J', 'xL3J', 'xL7J', 'xL4J'}
| | +-- , 105 , {107} , {'xL3J', 'zL38J', 'xL0J', 'xL2J', 'zL37J'}
| | | +-- , 107 , {109} , {'zL39J', 'zL38J', 'xL0J', 'xL2J'}
| | | | +-- , 109 , set() , {'zL39J', 'w12', 'xL0J'}
| | +-- , 111 , set() , {'zL36J', 'xL7J', 'yL9J'}
| +-- , 113 , set() , {'zL21J', 'xL1J', 'w8', 'xL2J', 'zL20J', 'xL3J', 'zL23J', 'zL22J', 'yL5J', 'xL6J', 'xL4J'}
| +-- , 115 , set() , {'yL2J', 'zL11J', 'w5', 'xL1J', 'zL9J', 'xL2J', 'zL10J', 'zL8J', 'xL8J', 'xL6J', 'xL4J'}
| +-- , 85 , {87} , {'zL65J', 'zL66J', 'xL0J', 'xL6J', 'xL4J'}
| | +-- , 87 , {89} , {'zL64J', 'zL65J', 'xL0J', 'xL4J'}
| | | +-- , 89 , set() , {'zL64J', 'yL16J', 'xL0J'}
| +-- , 117 , {119} , {'xL3J', 'xL1J', 'zL34J', 'xL6J', 'zL33J'}
| | +-- , 119 , {121} , {'xL1J', 'zL32J', 'xL6J', 'zL33J'}
| | | +-- , 121 , set() , {'zL32J', 'xL6J', 'yL8J'}
| +-- , 91 , {93} , {'zL4J', 'zL5J', 'xL8J', 'xL4J'}
| | +-- , 93 , set() , {'yL1J', 'zL4J', 'xL4J'}
| +-- , 95 , set() , {'zL70J', 'yL17J', 'xL1J', 'xL0J', 'zL68J', 'zL69J', 'xL3J', 'w20', 'zL71J', 'xL7J', 'xL8J'}


Max number of edges with non zero Y: 42
Max number of iterations of outer rounding loop: 4
Max number of candidate sets: 2
Time spent rounding: 33.768
Time spent solving Separator LP: 20.760
Total time spent solving: 64.914

LP Solver: GaifmanBoosted
Lower Bound Witness = ({'zL21J', 'zL70J', 'yL17J', 'zL54J', 'zL32J', 'w8', 'zL27J', 'zL46J', 'w18', 'zL72J', 'zL73J', 'yL3J', 'w21', 'w3', 'zL29J', 'zL79J', 'zL34J', 'yL18J', 'xL5J', 'zL3J', 'w5', 'xL3J', 'w15', 'zL22J', 'yL13J', 'xL6J', 'zL35J', 'zL11J', 'w7', 'yL14J', 'zL10J', 'yL10J', 'yL19J', 'zL57J', 'zL64J', 'zL59J', 'zL36J', 'zL14J', 'xL2J', 'yL12J', 'w20', 'zL78J', 'zL47J', 'xL4J', 'zL13J', 'w17', 'zL61J', 'zL40J', 'zL69J', 'zL12J', 'zL76J', 'yL7J', 'zL26J', 'zL53J', 'zL77J', 'zL19J', 'zL28J', 'zL62J', 'zL67J', 'zL9J', 'zL63J', 'zL45J', 'yL6J', 'w19', 'zL49J', 'zL8J', 'xL8J', 'w6', 'w9', 'zL74J', 'zL7J', 'zL65J', 'yL8J', 'zL44J', 'zL17J', 'w11', 'w4', 'zL42J', 'zL71J', 'zL24J', 'zL5J', 'zL51J', 'zL16J', 'zL66J', 'yL5J', 'yL16J', 'w22', 'zL75J', 'zL18J', 'zL30J', 'zL33J', 'zL0J', 'yL11J', 'w12', 'zL15J', 'w16', 'zL4J', 'zL56J', 'yL15J', 'yL4J', 'xL7J', 'xL0J', 'zL52J', 'w13', 'yL2J', 'yL0J', 'yL1J', 'zL6J', 'zL25J', 'w10', 'xL9J', 'xL1J', 'zL60J', 'zL50J', 'zL55J', 'zL58J', 'zL31J', 'zL43J', 'zL37J', 'zL20J', 'yL9J', 'zL39J', 'zL1J', 'zL38J', 'zL48J', 'zL68J', 'zL2J', 'w14', 'zL23J', 'zL41J'}, {'zL21J', 'zL64J', 'zL70J', 'w4', 'yL0J', 'zL36J', 'yL1J', 'zL54J', 'zL32J', 'zL14J', 'xL2J', 'zL6J', 'yL12J', 'w20', 'zL25J', 'xL4J', 'zL13J', 'zL72J', 'xL9J', 'yL3J', 'w17', 'zL51J', 'zL40J', 'zL69J', 'zL29J', 'zL60J', 'zL50J', 'zL55J', 'zL66J', 'zL34J', 'yL7J', 'yL5J', 'zL31J', 'zL53J', 'zL75J', 'zL9J', 'zL33J', 'zL20J', 'xL3J', 'zL22J', 'yL4J', 'zL8J', 'zL49J', 'zL39J', 'zL38J', 'xL6J', 'w16', 'zL74J', 'zL56J', 'w7', 'zL68J', 'zL65J', 'zL23J', 'yL8J', 'zL44J', 'zL17J', 'xL7J', 'zL57J'})