15, 3.178615041784986, 8.75, 12
+-- , 0 , {3} , {'1', '59', '43', '70', '18', '4', '8', '25', '28', '69', '15', '19', '20', '0', '17', '78', '41', '5', '31', '55', '30', '36', '40', '29', '74', '66', '54', '56', '32', '9', '77', '3', '44', '68', '35', '63', '47', '67', '86', '11', '38', '2'}
| +-- , 3 , {13, 38} , {'1', '59', '45', '22', '50', '54', '43', '56', '70', '18', '57', '82', '32', '4', '9', '8', '77', '25', '28', '3', '33', '24', '44', '15', '19', '20', '26', '68', '35', '63', '0', '47', '85', '67', '49', '14', '86', '17', '11', '78', '12', '41', '5', '31', '38', '30', '36', '40', '39', '72', '29', '2', '74', '34', '66', '61'}
| | +-- , 13 , {32, 34, 36, 15} , {'1', '16', '59', '50', '43', '75', '70', '18', '82', '4', '8', '25', '28', '53', '15', '19', '26', '20', '0', '13', '49', '14', '17', '78', '42', '41', '5', '31', '30', '36', '39', '72', '40', '29', '74', '66', '61', '48', '45', '22', '54', '7', '56', '57', '32', '79', '9', '65', '77', '3', '33', '24', '44', '68', '35', '63', '85', '47', '67', '86', '11', '38', '2', '34'}
| | | +-- , 32 , set() , {'1', '38', '0', '85', '36', '75', '25', '24', '21', '61'}
| | | +-- , 34 , set() , {'16', '22', '50', '3', '24', '15', '68', '26', '49', '14', '11', '42', '27', '36', '40', '39', '2', '74', '34'}
| | | +-- , 36 , set() , {'48', '22', '46', '50', '43', '18', '79', '9', '77', '25', '33', '28', '53', '19', '68', '35', '63', '78', '42', '41', '5', '31', '38', '36', '29', '66'}
| | | +-- , 15 , {18} , {'16', '59', '50', '43', '75', '70', '18', '82', '4', '8', '25', '28', '53', '26', '20', '0', '13', '49', '14', '17', '78', '42', '41', '5', '31', '30', '40', '39', '72', '29', '74', '61', '48', '45', '22', '54', '7', '56', '57', '32', '79', '9', '81', '65', '77', '33', '24', '44', '68', '35', '63', '37', '85', '47', '67', '86', '11', '38', '2', '34'}
| | | | +-- , 18 , {20, 26, 28, 30} , {'48', '16', '59', '45', '50', '54', '43', '7', '75', '56', '70', '18', '57', '82', '32', '79', '9', '8', '81', '65', '77', '51', '25', '28', '33', '53', '24', '44', '68', '26', '20', '37', '63', '0', '35', '85', '47', '67', '13', '49', '14', '86', '17', '11', '78', '42', '80', '41', '5', '31', '38', '30', '40', '39', '29', '2', '74', '34', '61'}
| | | | | +-- , 20 , {24, 22} , {'48', '45', '59', '50', '54', '7', '75', '56', '70', '64', '23', '84', '82', '79', '9', '8', '65', '77', '51', '25', '33', '28', '53', '24', '68', '26', '37', '35', '0', '47', '13', '49', '60', '14', '86', '17', '11', '78', '80', '41', '31', '38', '30', '2', '74', '34'}
| | | | | | +-- , 24 , set() , {'31', '59', '73', '60', '86', '77', '54', '74', '33', '68'}
| | | | | | +-- , 22 , set() , {'52', '7', '75', '56', '82', '8', '28', '37', '0', '13', '60', '14', '86', '11', '80', '41', '31', '38', '71'}
| | | | | +-- , 26 , set() , {'16', '59', '50', '56', '70', '18', '57', '82', '32', '79', '65', '51', '33', '28', '44', '68', '26', '67', '6', '11', '42', '80', '5', '39', '29', '2', '58'}
| | | | | +-- , 28 , set() , {'32', '63', '67', '76', '86', '7', '80', '5', '68'}
| | | | | +-- , 30 , set() , {'85', '45', '8', '81', '10', '51', '43', '56', '61', '26'}
| | +-- , 38 , set() , {'30', '22', '72', '50', '34', '11', '28', '12', '83', '24', '26'}


Max number of edges with non zero Y: 30
Max number of iterations of outer rounding loop: 5
Max number of candidate sets: 2
Time spent rounding: 31.603
Time spent solving Separator LP: 19.795
Total time spent solving: 57.524

LP Solver: GaifmanBoosted
Lower Bound Witness = ({'46', '10', '50', '43', '70', '18', '82', '76', '8', '15', '26', '20', '0', '13', '6', '14', '17', '42', '41', '5', '36', '39', '29', '66', '71', '48', '54', '52', '7', '64', '23', '9', '81', '51', '33', '24', '44', '37', '63', '35', '85', '67', '11', '21', '2', '1', '16', '59', '75', '4', '25', '28', '53', '19', '49', '60', '78', '27', '31', '30', '40', '72', '74', '58', '61', '45', '22', '56', '57', '84', '32', '79', '73', '65', '77', '3', '68', '47', '86', '80', '38', '34'}, {'1', '45', '59', '22', '50', '54', '43', '56', '70', '18', '57', '82', '32', '4', '9', '8', '77', '3', '33', '25', '28', '24', '44', '15', '68', '26', '19', '20', '35', '63', '0', '85', '47', '67', '49', '14', '86', '17', '11', '78', '41', '5', '31', '38', '30', '36', '39', '72', '40', '29', '2', '74', '34', '66', '61'})