13, 3.055702986831025, 9.193211488250652, 13
+-- , 0 , {7} , {'56', '26', '54', '40', '62', '19', '21', '39', '41', '63', '11', '31', '44', '38', '13', '51', '64', '27', '1', '71', '72', '24', '57', '35', '34', '58', '28', '3', '65', '14', '59', '25', '70', '50', '48', '22', '2', '17', '7', '68', '37', '10', '0'}
| +-- , 7 , {32, 34, 13, 30} , {'56', '58', '28', '3', '74', '26', '65', '55', '61', '14', '59', '54', '40', '62', '19', '25', '70', '50', '21', '39', '48', '22', '41', '63', '11', '31', '2', '44', '17', '38', '53', '7', '68', '13', '51', '64', '27', '1', '71', '6', '72', '24', '57', '37', '10', '0', '34'}
| | +-- , 32 , set() , {'56', '21', '38', '70', '18', '6', '65', '57'}
| | +-- , 34 , set() , {'31', '63', '59', '11', '54', '53', '68', '13', '64', '26', '34', '29', '50'}
| | +-- , 13 , {28, 15} , {'56', '26', '55', '61', '54', '40', '62', '19', '21', '39', '41', '63', '11', '31', '44', '38', '53', '13', '51', '64', '27', '1', '71', '6', '72', '24', '57', '34', '58', '74', '3', '65', '14', '59', '25', '70', '50', '48', '22', '2', '17', '7', '68', '37', '10', '49', '0'}
| | | +-- , 28 , set() , {'56', '36', '10', '7', '49', '13', '70', '64', '27', '30', '6', '65', '55'}
| | | +-- , 15 , {18, 26} , {'56', '8', '58', '9', '74', '3', '26', '65', '55', '61', '14', '59', '54', '40', '62', '19', '25', '70', '50', '21', '39', '48', '22', '41', '63', '11', '31', '2', '44', '17', '38', '53', '7', '68', '13', '51', '64', '27', '1', '71', '6', '72', '24', '57', '42', '67', '37', '49', '0', '34', '43'}
| | | | +-- , 18 , {20, 22, 24} , {'56', '26', '55', '61', '15', '54', '40', '62', '19', '21', '39', '45', '41', '31', '11', '44', '38', '53', '13', '51', '64', '27', '1', '71', '72', '24', '57', '42', '34', '8', '58', '9', '74', '3', '65', '14', '59', '25', '70', '50', '48', '69', '22', '2', '17', '32', '7', '68', '67', '37', '49', '0', '43'}
| | | | | +-- , 20 , set() , {'56', '74', '4', '66', '55', '15', '59', '40', '19', '70', '60', '50', '48', '39', '45', '69', '43', '44', '32', '7', '68', '13', '27', '1', '71', '67', '37', '49', '0', '34', '47'}
| | | | | +-- , 22 , set() , {'56', '58', '55', '23', '62', '50', '21', '39', '22', '31', '11', '32', '38', '68', '42', '57', '37', '34', '5'}
| | | | | +-- , 24 , set() , {'56', '8', '58', '9', '33', '3', '55', '14', '61', '15', '73', '54', '25', '70', '39', '45', '69', '22', '41', '2', '32', '51', '64', '27', '12', '71', '72', '57', '37', '46', '0', '34', '43'}
| | | | +-- , 26 , set() , {'8', '2', '63', '54', '9', '62', '68', '49', '13', '51', '67', '42', '16'}
| | +-- , 30 , set() , {'41', '17', '52', '26', '6', '72', '24', '37'}


Max number of edges with non zero Y: 35
Max number of iterations of outer rounding loop: 6
Max number of candidate sets: 2
Time spent rounding: 54.659
Time spent solving Separator LP: 19.968
Total time spent solving: 83.112

LP Solver: GaifmanNormal
Lower Bound Witness = ({'56', '8', '58', '9', '74', '4', '33', '3', '66', '26', '65', '55', '14', '61', '15', '59', '73', '54', '23', '40', '62', '19', '25', '70', '60', '50', '21', '39', '45', '69', '48', '22', '41', '43', '11', '17', '2', '44', '32', '31', '7', '68', '53', '38', '13', '51', '64', '27', '1', '71', '12', '72', '24', '67', '57', '37', '42', '46', '49', '0', '34', '47', '5'}, {'56', '8', '58', '9', '74', '3', '26', '65', '55', '14', '61', '59', '54', '40', '62', '19', '25', '70', '50', '21', '39', '48', '22', '41', '2', '11', '17', '31', '44', '7', '68', '53', '38', '13', '51', '64', '27', '1', '71', '72', '24', '67', '57', '37', '42', '49', '0', '34', '43'})