48, 2.114763989331921, 8.0, 8
+-- , 0 , {96, 97, 3, 7, 11, 43, 86, 90, 92} , {'xL11J', 'xL77J', 'xL32J', 'xL54J', 'xL24J', 'xL16J', 'xL64J', 'xL67J', 'xL7J', 'xL25J'}
| +-- , 96 , set() , {'xL35J', 'xL67J', 'xL24J'}
| +-- , 97 , set() , {'xL33J', 'xL15J'}
| +-- , 3 , {5} , {'xL16J', 'xL55J', 'xL67J'}
| | +-- , 5 , set() , {'xL55J', 'xL41J', 'xL67J'}
| +-- , 7 , {9} , {'xL64J', 'xL77J', 'xL51J'}
| | +-- , 9 , set() , {'xL58J', 'xL77J', 'xL51J'}
| +-- , 11 , {35, 37, 41, 13} , {'xL11J', 'xL32J', 'xL54J', 'xL16J', 'xL64J', 'xL72J', 'xL67J', 'xL79J'}
| | +-- , 35 , set() , {'xL72J', 'xL34J'}
| | +-- , 37 , {39} , {'xL11J', 'xL54J', 'xL45J', 'xL64J', 'xL72J', 'xL13J', 'xL44J'}
| | | +-- , 39 , set() , {'xL44J', 'xL45J', 'xL20J'}
| | +-- , 41 , set() , {'xL12J', 'xL79J'}
| | +-- , 13 , {15} , {'xL11J', 'xL32J', 'xL3J', 'xL16J', 'xL72J', 'xL67J', 'xL79J'}
| | | +-- , 15 , {17, 33} , {'xL11J', 'xL32J', 'xL3J', 'xL28J', 'xL8J', 'xL72J', 'xL67J', 'xL79J'}
| | | | +-- , 17 , {19, 29, 31} , {'xL11J', 'xL32J', 'xL3J', 'xL28J', 'xL8J', 'xL36J', 'xL72J', 'xL79J'}
| | | | | +-- , 19 , {21} , {'xL11J', 'xL59J', 'xL3J', 'xL28J', 'xL8J', 'xL36J', 'xL72J', 'xL79J'}
| | | | | | +-- , 21 , {27, 23} , {'xL11J', 'xL59J', 'xL3J', 'xL28J', 'xL36J', 'xL72J', 'xL50J', 'xL79J'}
| | | | | | | +-- , 27 , set() , {'xL50J', 'xL27J', 'xL59J', 'xL79J'}
| | | | | | | +-- , 23 , {25} , {'xL69J', 'xL72J', 'xL11J', 'xL50J', 'xL28J'}
| | | | | | | | +-- , 25 , set() , {'xL69J', 'xL28J', 'xL72J', 'xL18J', 'xL63J'}
| | | | | +-- , 29 , set() , {'xL71J', 'xL36J'}
| | | | | +-- , 31 , set() , {'xL32J', 'xL26J', 'xL36J'}
| | | | +-- , 33 , set() , {'xL8J', 'xL21J'}
| +-- , 43 , {70, 45, 80, 82, 84} , {'xL11J', 'xL32J', 'xL77J', 'xL14J', 'xL54J', 'xL24J', 'xL43J', 'xL16J', 'xL64J', 'xL67J', 'xL7J', 'xL66J', 'xL76J'}
| | +-- , 70 , {72, 76, 78} , {'xL40J', 'xL66J', 'xL76J', 'xL38J'}
| | | +-- , 72 , {74} , {'xL40J', 'xL10J'}
| | | | +-- , 74 , set() , {'xL10J', 'xL70J'}
| | | +-- , 76 , set() , {'xL5J', 'xL40J', 'xL38J'}
| | | +-- , 78 , set() , {'xL40J', 'xL56J'}
| | +-- , 45 , {66, 68, 50} , {'xL11J', 'xL77J', 'xL54J', 'xL24J', 'xL1J', 'xL43J', 'xL30J', 'xL19J', 'xL67J', 'xL14J', 'xL68J', 'xL16J', 'xL7J', 'xL66J'}
| | | +-- , 66 , set() , {'xL11J', 'xL37J', 'xL68J', 'xL65J', 'xL43J'}
| | | +-- , 68 , set() , {'xL48J', 'xL66J', 'xL1J'}
| | | +-- , 50 , {56, 52} , {'xL53J', 'xL77J', 'xL54J', 'xL24J', 'xL1J', 'xL30J', 'xL19J', 'xL52J', 'xL14J', 'xL68J', 'xL7J', 'xL66J'}
| | | | +-- , 56 , {64, 58} , {'xL53J', 'xL77J', 'xL24J', 'xL75J', 'xL1J', 'xL30J', 'xL19J', 'xL7J', 'xL52J'}
| | | | | +-- , 64 , set() , {'xL75J', 'xL62J', 'xL77J'}
| | | | | +-- , 58 , {60, 62} , {'xL23J', 'xL24J', 'xL75J', 'xL2J', 'xL30J', 'xL19J', 'xL7J', 'xL73J'}
| | | | | | +-- , 60 , set() , {'xL73J', 'xL74J', 'xL23J'}
| | | | | | +-- , 62 , set() , {'xL24J', 'xL9J', 'xL2J'}
| | | | +-- , 52 , {54} , {'xL53J', 'xL54J', 'xL42J'}
| | | | | +-- , 54 , set() , {'xL42J', 'xL60J', 'xL54J'}
| | +-- , 80 , set() , {'xL78J', 'xL14J'}
| | +-- , 82 , set() , {'xL66J', 'xL49J'}
| | +-- , 84 , set() , {'xL61J', 'xL14J'}
| +-- , 86 , {88} , {'xL54J', 'xL39J'}
| | +-- , 88 , set() , {'xL29J', 'xL39J'}
| +-- , 90 , set() , {'xL24J', 'xL6J'}
| +-- , 92 , {94} , {'xL47J', 'xL54J'}
| | +-- , 94 , set() , {'xL0J', 'xL47J'}


Max number of edges with non zero Y: 23
Max number of iterations of outer rounding loop: 4
Max number of candidate sets: 2
Time spent rounding: 7.871
Time spent solving Separator LP: 0.331
Total time spent solving: 10.985

LP Solver: GaifmanNormal
Lower Bound Witness = ({'xL11J', 'xL37J', 'xL34J', 'xL54J', 'xL3J', 'xL75J', 'xL74J', 'xL56J', 'xL24J', 'xL65J', 'xL21J', 'xL35J', 'xL13J', 'xL6J', 'xL67J', 'xL63J', 'xL44J', 'xL12J', 'xL10J', 'xL78J', 'xL25J', 'xL27J', 'xL58J', 'xL14J', 'xL68J', 'xL61J', 'xL8J', 'xL36J', 'xL16J', 'xL40J', 'xL7J', 'xL66J', 'xL73J', 'xL49J', 'xL26J', 'xL47J', 'xL53J', 'xL76J', 'xL32J', 'xL41J', 'xL77J', 'xL39J', 'xL28J', 'xL0J', 'xL45J', 'xL1J', 'xL30J', 'xL43J', 'xL70J', 'xL72J', 'xL19J', 'xL52J', 'xL50J', 'xL5J', 'xL51J', 'xL79J', 'xL69J', 'xL59J', 'xL23J', 'xL48J', 'xL42J', 'xL2J', 'xL62J', 'xL71J', 'xL60J', 'xL64J', 'xL9J', 'xL55J', 'xL18J', 'xL29J', 'xL20J', 'xL38J'}, {'xL59J', 'xL77J', 'xL32J', 'xL37J', 'xL39J', 'xL42J', 'xL45J', 'xL56J', 'xL16J', 'xL6J', 'xL47J', 'xL67J', 'xL44J', 'xL79J', 'xL26J'})