14, 1.8846148461538461, 5.5, 6
+-- , 0 , {3} , {'xL4J', 'xL3J', 'xL5J', 'xL7J', 'xL6J', 'xL10J', 'xL24J', 'xL17J', 'xL12J'}
| +-- , 3 , {10, 6} , {'xL4J', 'xL5J', 'xL8J', 'xL15J', 'xL3J', 'xL7J', 'xL10J', 'xL24J', 'xL16J', 'xL17J', 'xL12J'}
| | +-- , 10 , {32, 24, 14} , {'xL4J', 'xL18J', 'xL3J', 'xL5J', 'xL8J', 'xL24J', 'xL16J', 'xL17J', 'xL12J', 'xL15J', 'xL14J'}
| | | +-- , 32 , set() , {'xL18J', 'xL24J', 'xL20J'}
| | | +-- , 24 , {26} , {'xL4J', 'xL5J', 'xL8J', 'xL15J', 'xL18J', 'xL3J', 'xL11J', 'xL17J', 'xL12J', 'xL14J'}
| | | | +-- , 26 , {28} , {'xL18J', 'xL4J', 'xL3J', 'xL8J', 'xL11J', 'xL17J', 'xL12J', 'xL15J', 'xL14J', 'xL23J'}
| | | | | +-- , 28 , {30} , {'xL18J', 'xL4J', 'xL3J', 'xL21J', 'xL8J', 'xL17J', 'xL15J', 'xL23J'}
| | | | | | +-- , 30 , set() , {'xL18J', 'xL21J', 'xL9J', 'xL8J', 'xL15J'}
| | | +-- , 14 , {16, 18} , {'xL18J', 'xL3J', 'xL8J', 'xL24J', 'xL16J', 'xL17J', 'xL14J', 'xL19J'}
| | | | +-- , 16 , set() , {'xL19J', 'xL0J'}
| | | | +-- , 18 , {20, 22} , {'xL18J', 'xL2J', 'xL8J', 'xL24J', 'xL17J', 'xL14J', 'xL19J'}
| | | | | +-- , 20 , set() , {'xL2J', 'xL22J', 'xL14J'}
| | | | | +-- , 22 , set() , {'xL24J', 'xL2J', 'xL1J'}
| | +-- , 6 , set() , {'xL5J', 'xL7J', 'xL16J', 'xL13J', 'xL24J', 'xL12J'}


Max number of edges with non zero Y: 13
Max number of iterations of outer rounding loop: 6
Max number of candidate sets: 2
Time spent rounding: 14.617
Time spent solving Separator LP: 0.126

LP Solver: GaifmanNormal