35, 0.9999990000000001, 5.0, 5
+-- , 0 , {56, 5} , {'xL5JL9J', 'xL6JL3J', 'xL5JL5J', 'xL3JL6J', 'xL3JL7J', 'xL5JL7J', 'xL8JL3J', 'xL5JL8J', 'xL5JL6J', 'xL3JL8J', 'xL7JL3J'}
| +-- , 56 , {58} , {'xL6JL3J', 'xL6JL2J', 'xL3JL6J', 'xL2JL6J', 'xL6JL1J'}
| | +-- , 58 , {60, 70} , {'xL2JL4J', 'xL2JL2J', 'xL2JL3J', 'xL2JL1J', 'xL6JL2J', 'xL2JL5J', 'xL2JL6J', 'xL6JL1J'}
| | | +-- , 60 , {68, 62} , {'xL2JL4J', 'xL1JL4J', 'xL2JL3J', 'xL6JL2J', 'xL2JL5J', 'xL6JL1J'}
| | | | +-- , 68 , set() , {'xL2JL5J', 'xL1JL5J', 'xL1JL4J'}
| | | | +-- , 62 , {64} , {'xL2JL4J', 'xL1JL4J', 'xL3JL3J', 'xL2JL3J', 'xL4JL4J', 'xL4JL3J', 'xL6JL2J', 'xL3JL4J', 'xL6JL1J'}
| | | | | +-- , 64 , {66} , {'xL4JL4J', 'xL4JL3J', 'xL4JL1J', 'xL4JL2J', 'xL6JL2J', 'xL6JL1J'}
| | | | | | +-- , 66 , set() , {'xL5JL2J', 'xL4JL1J', 'xL4JL2J', 'xL5JL1J', 'xL6JL2J', 'xL6JL1J'}
| | | +-- , 70 , {72} , {'xL1JL2J', 'xL2JL1J', 'xL2JL2J'}
| | | | +-- , 72 , set() , {'xL1JL2J', 'xL2JL1J', 'xL1JL1J'}
| +-- , 5 , {8} , {'xL5JL9J', 'xL6JL7J', 'xL5JL7J', 'xL6JL6J', 'xL3JL8J', 'xL6JL5J', 'xL5JL5J', 'xL3JL7J', 'xL8JL3J', 'xL5JL8J', 'xL5JL6J', 'xL7JL3J'}
| | +-- , 8 , {10, 44} , {'xL5JL9J', 'xL4JL7J', 'xL6JL7J', 'xL3JL7J', 'xL7JL7J', 'xL5JL7J', 'xL7JL3J', 'xL6JL6J', 'xL8JL3J', 'xL7JL6J', 'xL5JL8J', 'xL3JL8J', 'xL5JL6J'}
| | | +-- , 10 , {12} , {'xL5JL9J', 'xL4JL9J', 'xL4JL7J', 'xL4JL8J', 'xL7JL7J', 'xL5JL8J', 'xL7JL6J', 'xL3JL8J', 'xL7JL8J', 'xL2JL8J'}
| | | | +-- , 12 , {40, 14} , {'xL2JL9J', 'xL8JL8J', 'xL2JL13J', 'xL2JL12J', 'xL7JL8J', 'xL2JL10J', 'xL2JL11J', 'xL2JL8J'}
| | | | | +-- , 40 , {42} , {'xL2JL12J', 'xL2JL13J', 'xL1JL12J'}
| | | | | | +-- , 42 , set() , {'xL1JL13J', 'xL2JL13J', 'xL1JL12J'}
| | | | | +-- , 14 , {16, 20} , {'xL2JL9J', 'xL8JL12J', 'xL8JL13J', 'xL8JL8J', 'xL8JL11J', 'xL8JL10J', 'xL2JL10J', 'xL2JL11J', 'xL8JL9J'}
| | | | | | +-- , 16 , {18} , {'xL9JL12J', 'xL8JL12J', 'xL8JL13J'}
| | | | | | | +-- , 18 , set() , {'xL8JL13J', 'xL9JL12J', 'xL9JL13J'}
| | | | | | +-- , 20 , {38, 22} , {'xL9JL10J', 'xL7JL10J', 'xL2JL9J', 'xL8JL11J', 'xL8JL10J', 'xL2JL10J', 'xL2JL11J', 'xL8JL9J'}
| | | | | | | +-- , 38 , set() , {'xL9JL10J', 'xL9JL9J', 'xL8JL9J'}
| | | | | | | +-- , 22 , {24} , {'xL9JL10J', 'xL7JL10J', 'xL7JL11J', 'xL2JL9J', 'xL8JL11J', 'xL8JL10J', 'xL6JL11J', 'xL6JL10J', 'xL2JL10J', 'xL2JL11J'}
| | | | | | | | +-- , 24 , {26} , {'xL6JL12J', 'xL2JL9J', 'xL6JL11J', 'xL6JL13J', 'xL6JL10J', 'xL2JL10J', 'xL2JL11J'}
| | | | | | | | | +-- , 26 , {36, 28} , {'xL6JL12J', 'xL4JL13J', 'xL2JL9J', 'xL2JL10J', 'xL6JL13J', 'xL4JL12J', 'xL2JL11J'}
| | | | | | | | | | +-- , 36 , set() , {'xL6JL12J', 'xL4JL13J', 'xL5JL13J', 'xL6JL13J', 'xL4JL12J', 'xL5JL12J'}
| | | | | | | | | | +-- , 28 , {30} , {'xL4JL13J', 'xL2JL9J', 'xL2JL10J', 'xL4JL11J', 'xL4JL12J', 'xL2JL11J'}
| | | | | | | | | | | +-- , 30 , {32} , {'xL3JL11J', 'xL2JL9J', 'xL2JL10J', 'xL2JL11J', 'xL4JL11J'}
| | | | | | | | | | | | +-- , 32 , {34} , {'xL3JL11J', 'xL2JL9J', 'xL3JL10J', 'xL2JL10J'}
| | | | | | | | | | | | | +-- , 34 , set() , {'xL2JL9J', 'xL1JL10J', 'xL1JL9J', 'xL3JL10J', 'xL2JL10J'}
| | | +-- , 44 , {46} , {'xL6JL6J', 'xL8JL3J', 'xL7JL6J', 'xL5JL6J', 'xL8JL6J', 'xL7JL3J'}
| | | | +-- , 46 , {48, 52} , {'xL8JL4J', 'xL8JL1J', 'xL8JL5J', 'xL8JL2J', 'xL8JL3J', 'xL8JL6J', 'xL7JL3J'}
| | | | | +-- , 48 , {50} , {'xL8JL2J', 'xL9JL2J', 'xL8JL1J'}
| | | | | | +-- , 50 , set() , {'xL9JL1J', 'xL9JL2J', 'xL8JL1J'}
| | | | | +-- , 52 , {54} , {'xL8JL5J', 'xL8JL4J', 'xL7JL4J', 'xL7JL3J'}
| | | | | | +-- , 54 , set() , {'xL8JL4J', 'xL7JL4J', 'xL8JL5J', 'xL9JL5J', 'xL9JL4J'}


Max number of edges with non zero Y: 4
Max number of iterations of outer rounding loop: 2
Max number of candidate sets: 2
Time spent rounding: 5.615
Time spent solving Separator LP: 0.253
Total time spent solving: 8.081

LP Solver: GaifmanNormal
Lower Bound Witness = ({'xL8JL12J', 'xL8JL13J', 'xL9JL12J', 'xL9JL13J'}, {'xL8JL12J', 'xL8JL13J'})