23, 0, 7.5, 8
+-- , 0 , {48, 3, 30, 44, 46} , {'xL33J', 'xL4J', 'xL31J', 'xL0J', 'xL6J', 'xL12J', 'xL28J', 'xL20J', 'xL25J', 'xL16J', 'xL39J', 'xL34J', 'xL9J', 'xL37J', 'xL36J'}
| +-- , 48 , set() , {'xL12J', 'xL4J', 'xL9J', 'xL35J'}
| +-- , 3 , {5, 22, 24} , {'xL0J', 'xL18J', 'xL16J', 'xL36J', 'xL4J', 'xL31J', 'xL38J', 'xL28J', 'xL20J', 'xL25J', 'xL34J', 'xL9J'}
| | +-- , 5 , {8, 16} , {'xL15J', 'xL31J', 'xL18J', 'xL8J', 'xL38J', 'xL20J', 'xL28J', 'xL14J', 'xL9J', 'xL36J'}
| | | +-- , 8 , {10, 14} , {'xL15J', 'xL31J', 'xL21J', 'xL18J', 'xL38J', 'xL28J', 'xL9J', 'xL36J'}
| | | | +-- , 10 , {12} , {'xL15J', 'xL30J', 'xL9J', 'xL21J'}
| | | | | +-- , 12 , set() , {'xL15J', 'xL30J', 'xL21J', 'xL23J'}
| | | | +-- , 14 , set() , {'xL28J', 'xL21J', 'xL17J'}
| | | +-- , 16 , {18, 20} , {'xL15J', 'xL14J', 'xL29J'}
| | | | +-- , 18 , set() , {'xL15J', 'xL5J', 'xL29J'}
| | | | +-- , 20 , set() , {'xL14J', 'xL3J', 'xL29J'}
| | +-- , 22 , set() , {'xL18J', 'xL38J', 'xL10J'}
| | +-- , 24 , {26} , {'xL31J', 'xL18J', 'xL38J', 'xL20J', 'xL25J', 'xL34J', 'xL16J', 'xL27J'}
| | | +-- , 26 , set() , {'xL31J', 'xL18J', 'xL38J', 'xL19J', 'xL25J', 'xL34J', 'xL16J', 'xL27J'}
| +-- , 30 , {32} , {'xL2J', 'xL39J', 'xL16J', 'xL37J', 'xL36J', 'xL33J', 'xL31J', 'xL6J', 'xL12J', 'xL20J', 'xL34J', 'xL9J'}
| | +-- , 32 , {34} , {'xL13J', 'xL31J', 'xL37J', 'xL6J', 'xL2J', 'xL12J', 'xL20J', 'xL34J', 'xL9J', 'xL39J', 'xL36J'}
| | | +-- , 34 , {36} , {'xL13J', 'xL31J', 'xL11J', 'xL20J', 'xL34J', 'xL9J', 'xL39J'}
| | | | +-- , 36 , {38} , {'xL13J', 'xL31J', 'xL22J', 'xL11J', 'xL20J', 'xL39J', 'xL9J'}
| | | | | +-- , 38 , {40, 42} , {'xL7J', 'xL20J', 'xL31J', 'xL39J', 'xL9J', 'xL22J'}
| | | | | | +-- , 40 , set() , {'xL26J', 'xL7J', 'xL9J'}
| | | | | | +-- , 42 , set() , {'xL7J', 'xL20J', 'xL31J', 'xL1J'}
| +-- , 44 , set() , {'xL39J', 'xL4J', 'xL32J'}
| +-- , 46 , set() , {'xL4J', 'xL24J'}


Max number of edges with non zero Y: 31
Max number of iterations of outer rounding loop: 8
Max number of candidate sets: 2
Time spent rounding: 19.838
Time spent solving Separator LP: 0.104

LP Solver: gammaPlusFractionalCoverHeuristic