19, 2.3999439778865144, 8.0, 8
+-- , 0 , {32, 34, 36, 38, 40, 8, 30} , {'xL2J', 'xL21J', 'xL19J', 'xL14J', 'xL39J', 'xL16J', 'xL37J', 'xL36J', 'xL33J', 'xL15J', 'xL4J', 'xL31J', 'xL12J', 'xL28J', 'xL3J', 'xL34J'}
| +-- , 32 , set() , {'xL28J', 'xL21J', 'xL17J'}
| +-- , 34 , set() , {'xL8J', 'xL14J', 'xL36J', 'xL28J'}
| +-- , 36 , set() , {'xL39J', 'xL4J', 'xL32J'}
| +-- , 38 , set() , {'xL4J', 'xL24J'}
| +-- , 40 , {42} , {'xL4J', 'xL0J', 'xL21J', 'xL18J', 'xL12J', 'xL38J', 'xL19J', 'xL39J'}
| | +-- , 42 , set() , {'xL18J', 'xL38J', 'xL10J'}
| +-- , 8 , {10, 12} , {'xL2J', 'xL21J', 'xL19J', 'xL39J', 'xL16J', 'xL37J', 'xL36J', 'xL15J', 'xL33J', 'xL4J', 'xL31J', 'xL12J', 'xL28J', 'xL20J', 'xL34J'}
| | +-- , 10 , set() , {'xL31J', 'xL19J', 'xL20J', 'xL25J', 'xL39J', 'xL34J', 'xL27J', 'xL16J'}
| | +-- , 12 , {18, 28, 14} , {'xL7J', 'xL2J', 'xL21J', 'xL39J', 'xL16J', 'xL37J', 'xL36J', 'xL15J', 'xL33J', 'xL4J', 'xL31J', 'xL12J', 'xL28J', 'xL20J', 'xL34J'}
| | | +-- , 18 , {20} , {'xL15J', 'xL33J', 'xL7J', 'xL4J', 'xL35J', 'xL21J', 'xL12J', 'xL28J', 'xL39J'}
| | | | +-- , 20 , {22} , {'xL15J', 'xL33J', 'xL7J', 'xL35J', 'xL21J', 'xL26J', 'xL28J', 'xL39J'}
| | | | | +-- , 22 , {24} , {'xL15J', 'xL33J', 'xL35J', 'xL21J', 'xL26J', 'xL28J', 'xL39J', 'xL9J'}
| | | | | | +-- , 24 , {26} , {'xL15J', 'xL30J', 'xL9J', 'xL21J'}
| | | | | | | +-- , 26 , set() , {'xL15J', 'xL30J', 'xL21J', 'xL23J'}
| | | +-- , 28 , set() , {'xL7J', 'xL20J', 'xL31J', 'xL1J'}
| | | +-- , 14 , {16} , {'xL7J', 'xL13J', 'xL31J', 'xL37J', 'xL6J', 'xL2J', 'xL22J', 'xL12J', 'xL28J', 'xL34J', 'xL16J', 'xL36J'}
| | | | +-- , 16 , set() , {'xL22J', 'xL34J', 'xL11J'}
| +-- , 30 , set() , {'xL15J', 'xL5J', 'xL3J', 'xL29J'}


Max number of edges with non zero Y: 21
Max number of iterations of outer rounding loop: 7
Max number of candidate sets: 2
Time spent rounding: 26.301
Time spent solving Separator LP: 0.676

LP Solver: GaifmanNormal