15, 0, 10.5, 11
+-- , 0 , {33, 35, 6, 27, 11} , {'xL26J', 'xL12J', 'xL25J', 'xL5J', 'xL17J', 'xL36J', 'xL16J', 'xL18J', 'xL9J', 'xL3J', 'xL38J', 'xL29J', 'xL0J', 'xL31J', 'xL13J', 'xL32J', 'xL7J', 'xL21J', 'xL28J', 'xL4J', 'xL22J'}
| +-- , 33 , set() , {'xL3J', 'xL21J', 'xL17J', 'xL6J'}
| +-- , 35 , set() , {'xL39J', 'xL26J'}
| +-- , 6 , set() , {'xL31J', 'xL33J', 'xL28J', 'xL16J', 'xL4J'}
| +-- , 27 , {29, 31} , {'xL12J', 'xL38J', 'xL18J', 'xL0J', 'xL15J', 'xL13J', 'xL23J', 'xL10J', 'xL14J', 'xL5J', 'xL4J', 'xL9J'}
| | +-- , 29 , set() , {'xL0J', 'xL30J', 'xL23J', 'xL14J', 'xL18J'}
| | +-- , 31 , set() , {'xL14J', 'xL34J', 'xL13J'}
| +-- , 11 , {25, 13} , {'xL26J', 'xL8J', 'xL5J', 'xL17J', 'xL9J', 'xL31J', 'xL13J', 'xL32J', 'xL21J', 'xL4J', 'xL12J', 'xL25J', 'xL36J', 'xL16J', 'xL18J', 'xL38J', 'xL29J', 'xL0J', 'xL7J', 'xL28J', 'xL22J'}
| | +-- , 25 , set() , {'xL20J', 'xL8J', 'xL5J', 'xL28J'}
| | +-- , 13 , {17, 15} , {'xL26J', 'xL12J', 'xL19J', 'xL8J', 'xL25J', 'xL36J', 'xL17J', 'xL16J', 'xL18J', 'xL9J', 'xL38J', 'xL29J', 'xL0J', 'xL31J', 'xL13J', 'xL32J', 'xL7J', 'xL21J', 'xL4J', 'xL22J'}
| | | +-- , 17 , {19, 21, 23} , {'xL26J', 'xL12J', 'xL19J', 'xL8J', 'xL25J', 'xL36J', 'xL17J', 'xL16J', 'xL18J', 'xL9J', 'xL38J', 'xL29J', 'xL0J', 'xL31J', 'xL13J', 'xL32J', 'xL7J', 'xL27J', 'xL21J', 'xL4J'}
| | | | +-- , 19 , set() , {'xL38J', 'xL0J', 'xL35J', 'xL31J', 'xL24J', 'xL13J', 'xL7J', 'xL32J', 'xL11J', 'xL27J', 'xL25J', 'xL21J', 'xL36J', 'xL16J', 'xL18J', 'xL9J'}
| | | | +-- , 21 , set() , {'xL26J', 'xL12J', 'xL0J', 'xL27J', 'xL37J', 'xL17J', 'xL16J'}
| | | | +-- , 23 , set() , {'xL29J', 'xL8J', 'xL1J', 'xL7J', 'xL27J', 'xL4J'}
| | | +-- , 15 , set() , {'xL2J', 'xL25J', 'xL8J', 'xL19J'}


Max number of edges with non zero Y: 28
Max number of iterations of outer rounding loop: 10
Max number of candidate sets: 2
Time spent rounding: 23.394
Time spent solving Separator LP: 0.036

LP Solver: gammaPlusFractionalCoverHeuristic