20, 2.3823524117647055, 8.0, 8
+-- , 0 , {47, 6} , {'xL12J', 'xL38J', 'xL24J', 'xL8J', 'xL10J', 'xL32J', 'xL11J', 'xL27J', 'xL37J', 'xL36J', 'xL21J', 'xL6J', 'xL18J'}
| +-- , 47 , set() , {'xL17J', 'xL37J', 'xL21J', 'xL6J'}
| +-- , 6 , {8} , {'xL12J', 'xL8J', 'xL37J', 'xL36J', 'xL18J', 'xL3J', 'xL38J', 'xL24J', 'xL10J', 'xL32J', 'xL11J', 'xL27J', 'xL6J'}
| | +-- , 8 , {11} , {'xL12J', 'xL8J', 'xL37J', 'xL36J', 'xL18J', 'xL3J', 'xL38J', 'xL24J', 'xL35J', 'xL10J', 'xL32J', 'xL11J', 'xL27J', 'xL28J'}
| | | +-- , 11 , {43, 14} , {'xL12J', 'xL8J', 'xL25J', 'xL37J', 'xL36J', 'xL18J', 'xL3J', 'xL38J', 'xL24J', 'xL35J', 'xL7J', 'xL11J', 'xL10J', 'xL27J', 'xL28J'}
| | | | +-- , 43 , {45} , {'xL19J', 'xL8J', 'xL25J', 'xL27J', 'xL36J', 'xL28J', 'xL22J'}
| | | | | +-- , 45 , set() , {'xL2J', 'xL25J', 'xL8J', 'xL19J'}
| | | | +-- , 14 , {41, 18} , {'xL12J', 'xL8J', 'xL25J', 'xL37J', 'xL36J', 'xL18J', 'xL38J', 'xL24J', 'xL35J', 'xL0J', 'xL7J', 'xL11J', 'xL10J', 'xL27J', 'xL28J', 'xL33J'}
| | | | | +-- , 41 , set() , {'xL12J', 'xL24J', 'xL31J', 'xL11J', 'xL33J'}
| | | | | +-- , 18 , {20} , {'xL12J', 'xL8J', 'xL25J', 'xL37J', 'xL18J', 'xL38J', 'xL0J', 'xL35J', 'xL24J', 'xL7J', 'xL10J', 'xL14J', 'xL27J', 'xL28J', 'xL33J'}
| | | | | | +-- , 20 , {23, 39} , {'xL12J', 'xL8J', 'xL25J', 'xL37J', 'xL18J', 'xL0J', 'xL35J', 'xL30J', 'xL24J', 'xL7J', 'xL10J', 'xL13J', 'xL14J', 'xL27J', 'xL28J', 'xL33J'}
| | | | | | | +-- , 23 , {37, 25, 27} , {'xL8J', 'xL25J', 'xL37J', 'xL18J', 'xL0J', 'xL35J', 'xL30J', 'xL24J', 'xL13J', 'xL7J', 'xL23J', 'xL14J', 'xL27J', 'xL10J', 'xL28J', 'xL33J'}
| | | | | | | | +-- , 37 , set() , {'xL20J', 'xL0J', 'xL8J', 'xL7J', 'xL23J', 'xL25J', 'xL5J', 'xL28J'}
| | | | | | | | +-- , 25 , set() , {'xL23J', 'xL18J', 'xL15J', 'xL10J'}
| | | | | | | | +-- , 27 , {33, 35, 29} , {'xL8J', 'xL25J', 'xL37J', 'xL9J', 'xL24J', 'xL35J', 'xL7J', 'xL23J', 'xL13J', 'xL14J', 'xL27J', 'xL10J', 'xL28J', 'xL33J', 'xL4J'}
| | | | | | | | | +-- , 33 , set() , {'xL24J', 'xL33J', 'xL37J', 'xL16J', 'xL9J'}
| | | | | | | | | +-- , 35 , set() , {'xL29J', 'xL8J', 'xL1J', 'xL13J', 'xL7J', 'xL27J', 'xL4J', 'xL9J'}
| | | | | | | | | +-- , 29 , {31} , {'xL25J', 'xL26J', 'xL37J', 'xL28J', 'xL9J'}
| | | | | | | | | | +-- , 31 , set() , {'xL39J', 'xL26J'}
| | | | | | | +-- , 39 , set() , {'xL14J', 'xL34J', 'xL13J'}


Max number of edges with non zero Y: 27
Max number of iterations of outer rounding loop: 8
Max number of candidate sets: 2
Time spent rounding: 52.876
Time spent solving Separator LP: 0.743

LP Solver: GaifmanNormal