16, 2.974660002340777, 9.5, 10
+-- , 0 , {35, 37, 8, 27, 29, 31} , {'xL26J', 'xL19J', 'xL8J', 'xL25J', 'xL5J', 'xL18J', 'xL9J', 'xL3J', 'xL38J', 'xL0J', 'xL35J', 'xL30J', 'xL15J', 'xL13J', 'xL23J', 'xL7J', 'xL21J', 'xL28J', 'xL22J'}
| +-- , 35 , set() , {'xL35J', 'xL21J', 'xL38J', 'xL32J'}
| +-- , 37 , set() , {'xL39J', 'xL26J'}
| +-- , 8 , {10} , {'xL26J', 'xL19J', 'xL8J', 'xL25J', 'xL18J', 'xL9J', 'xL3J', 'xL38J', 'xL0J', 'xL35J', 'xL15J', 'xL7J', 'xL10J', 'xL13J', 'xL21J', 'xL28J', 'xL22J'}
| | +-- , 10 , {23, 25, 13} , {'xL26J', 'xL12J', 'xL19J', 'xL8J', 'xL25J', 'xL37J', 'xL9J', 'xL3J', 'xL38J', 'xL0J', 'xL35J', 'xL13J', 'xL7J', 'xL10J', 'xL21J', 'xL28J', 'xL4J', 'xL22J'}
| | | +-- , 23 , set() , {'xL3J', 'xL21J', 'xL37J', 'xL17J', 'xL6J'}
| | | +-- , 25 , set() , {'xL29J', 'xL19J', 'xL8J', 'xL35J', 'xL1J', 'xL13J', 'xL7J', 'xL27J', 'xL37J', 'xL4J', 'xL9J'}
| | | +-- , 13 , {21, 15} , {'xL12J', 'xL25J', 'xL37J', 'xL9J', 'xL38J', 'xL0J', 'xL35J', 'xL24J', 'xL7J', 'xL11J', 'xL21J', 'xL28J', 'xL4J', 'xL22J'}
| | | | +-- , 21 , set() , {'xL0J', 'xL24J', 'xL7J', 'xL11J', 'xL36J', 'xL22J'}
| | | | +-- , 15 , {17, 19} , {'xL12J', 'xL24J', 'xL11J', 'xL37J', 'xL28J', 'xL33J', 'xL4J', 'xL9J'}
| | | | | +-- , 17 , set() , {'xL24J', 'xL33J', 'xL37J', 'xL16J', 'xL9J'}
| | | | | +-- , 19 , set() , {'xL12J', 'xL24J', 'xL31J', 'xL11J', 'xL33J'}
| +-- , 27 , set() , {'xL20J', 'xL8J', 'xL5J', 'xL28J'}
| +-- , 29 , set() , {'xL2J', 'xL25J', 'xL8J', 'xL19J'}
| +-- , 31 , {33} , {'xL14J', 'xL38J', 'xL30J', 'xL9J', 'xL13J'}
| | +-- , 33 , set() , {'xL14J', 'xL34J', 'xL13J'}


Max number of edges with non zero Y: 32
Max number of iterations of outer rounding loop: 5
Max number of candidate sets: 2
Time spent rounding: 22.672
Time spent solving Separator LP: 0.720

LP Solver: GaifmanNormal