15, 3.2480012487527845, 8.520787746170678, 13
+-- , 0 , {37, 7} , {'22', '80', '67', '12', '9', '19', '48', '93', '68', '47', '53', '71', '87', '84', '29', '83', '45', '11', '74', '82', '56', '0', '43', '95', '25', '32', '90', '58', '46', '26', '27', '89', '40', '42', '23', '57', '63', '10', '88', '73', '24', '60', '52', '59', '65', '31', '61', '86', '55', '66', '50', '94', '51', '69', '91', '92', '77', '18', '85', '21', '78', '62', '34', '96', '54', '41', '2', '70', '30', '36'}
| +-- , 37 , set() , {'93', '78', '65', '47', '90', '12', '76', '87', '83', '0', '9', '11', '63', '85'}
| +-- , 7 , {9, 35} , {'22', '80', '67', '12', '9', '19', '48', '93', '68', '33', '47', '53', '71', '87', '84', '29', '83', '45', '11', '74', '82', '56', '0', '43', '95', '32', '90', '25', '58', '46', '26', '27', '49', '89', '40', '42', '23', '57', '63', '10', '88', '73', '24', '60', '52', '64', '65', '31', '86', '59', '55', '66', '50', '94', '51', '69', '91', '92', '77', '18', '85', '21', '78', '62', '34', '96', '54', '41', '2', '70', '30', '36'}
| | +-- , 9 , {33, 12} , {'22', '80', '17', '14', '67', '12', '9', '19', '48', '93', '68', '33', '47', '53', '71', '87', '84', '29', '83', '45', '11', '74', '82', '56', '95', '32', '90', '25', '58', '46', '26', '27', '49', '1', '89', '40', '42', '23', '57', '63', '10', '88', '73', '24', '60', '4', '52', '64', '65', '31', '86', '59', '55', '66', '50', '94', '51', '72', '69', '20', '91', '92', '77', '18', '85', '21', '78', '62', '34', '96', '54', '41', '2', '70', '30', '36'}
| | | +-- , 33 , set() , {'27', '1', '17', '14', '40', '42', '88', '24', '60', '4', '33', '52', '65', '86', '71', '8', '84', '11', '94', '20', '18', '78', '95', '30'}
| | | +-- , 12 , {16, 31} , {'22', '17', '14', '80', '67', '12', '9', '19', '48', '13', '93', '68', '33', '47', '53', '71', '87', '84', '29', '83', '45', '11', '74', '82', '37', '56', '95', '25', '32', '90', '58', '46', '26', '27', '49', '1', '89', '40', '42', '23', '57', '63', '10', '88', '73', '24', '60', '4', '64', '59', '65', '52', '31', '55', '7', '66', '50', '94', '51', '72', '69', '20', '91', '3', '92', '77', '18', '85', '21', '78', '62', '34', '96', '54', '41', '2', '70', '30', '36'}
| | | | +-- , 16 , {19} , {'17', '14', '67', '12', '48', '13', '68', '33', '47', '87', '84', '45', '11', '74', '82', '37', '56', '25', '58', '26', '27', '1', '23', '57', '10', '4', '64', '59', '65', '66', '50', '94', '51', '72', '20', '91', '3', '92', '21', '62', '5', '96', '41', '2', '36', '22', '80', '9', '19', '93', '53', '71', '29', '83', '39', '95', '90', '46', '49', '89', '40', '42', '63', '88', '73', '24', '60', '52', '31', '55', '7', '77', '18', '85', '78', '34', '54', '70', '30'}
| | | | | +-- , 19 , {21} , {'17', '14', '67', '12', '48', '13', '68', '33', '47', '87', '84', '45', '11', '74', '82', '37', '56', '25', '58', '26', '27', '1', '23', '10', '4', '64', '59', '65', '66', '50', '94', '51', '72', '20', '91', '3', '92', '21', '62', '5', '96', '41', '2', '36', '22', '80', '9', '19', '93', '53', '71', '29', '83', '39', '95', '90', '46', '6', '49', '89', '40', '42', '63', '88', '73', '24', '60', '52', '31', '55', '7', '77', '18', '78', '34', '54', '70', '30'}
| | | | | | +-- , 21 , {23} , {'22', '17', '14', '80', '67', '12', '9', '19', '48', '13', '93', '68', '33', '47', '53', '71', '87', '84', '29', '83', '45', '11', '39', '74', '82', '37', '56', '95', '25', '90', '58', '46', '6', '26', '81', '27', '49', '1', '89', '40', '42', '23', '63', '10', '88', '73', '24', '38', '60', '4', '64', '59', '65', '52', '31', '55', '7', '66', '50', '94', '51', '72', '20', '91', '3', '92', '77', '18', '21', '78', '62', '5', '34', '96', '41', '2', '70', '30', '36'}
| | | | | | | +-- , 23 , {25, 29} , {'22', '17', '14', '80', '67', '12', '9', '19', '48', '13', '93', '68', '33', '47', '53', '71', '87', '84', '29', '83', '45', '11', '16', '39', '74', '82', '37', '56', '95', '90', '25', '58', '46', '6', '26', '35', '81', '27', '49', '1', '89', '40', '42', '23', '10', '88', '73', '24', '38', '52', '31', '65', '7', '66', '50', '94', '51', '20', '3', '92', '77', '18', '21', '62', '5', '34', '96', '41', '2', '70', '30', '36'}
| | | | | | | | +-- , 25 , {27} , {'22', '17', '80', '67', '12', '9', '19', '48', '13', '93', '33', '47', '53', '71', '87', '84', '83', '11', '16', '39', '82', '37', '95', '90', '58', '46', '6', '26', '35', '81', '27', '49', '89', '40', '23', '88', '73', '24', '38', '52', '7', '66', '28', '51', '20', '3', '77', '18', '21', '62', '5', '34', '96', '41', '2', '15', '70', '30', '36'}
| | | | | | | | | +-- , 27 , set() , {'22', '80', '67', '12', '9', '38', '24', '48', '71', '87', '84', '28', '39', '82', '97', '37', '18', '34', '58', '96', '2', '15'}
| | | | | | | | +-- , 29 , set() , {'1', '22', '80', '67', '12', '40', '88', '19', '38', '93', '44', '33', '52', '65', '47', '84', '7', '45', '74', '94', '82', '20', '3', '56', '92', '62', '90', '58', '96', '35', '36'}
| | | | +-- , 31 , set() , {'60', '51', '89', '20', '32', '90', '37', '91', '75', '7', '2', '63', '19', '13'}
| | +-- , 35 , set() , {'49', '22', '23', '9', '57', '63', '33', '64', '47', '86', '66', '74', '94', '91', '77', '0', '79', '43', '96', '2', '26', '70', '36'}


Max number of edges with non zero Y: 38
Max number of iterations of outer rounding loop: 7
Max number of candidate sets: 2
Time spent rounding: 68.222
Time spent solving Separator LP: 113.630
Total time spent solving: 193.227

LP Solver: GaifmanNormal
Lower Bound Witness = ({'17', '14', '67', '12', '48', '13', '68', '33', '47', '87', '84', '45', '11', '74', '82', '37', '56', '25', '58', '26', '27', '1', '23', '57', '10', '4', '44', '64', '59', '65', '66', '28', '50', '94', '51', '72', '20', '91', '3', '92', '21', '62', '5', '96', '41', '2', '36', '22', '80', '9', '19', '93', '53', '71', '8', '29', '83', '75', '16', '39', '97', '0', '43', '95', '32', '90', '46', '6', '35', '81', '49', '89', '40', '42', '63', '88', '73', '24', '38', '60', '52', '31', '86', '55', '7', '69', '77', '18', '79', '85', '78', '34', '54', '15', '70', '30'}, {'27', '22', '80', '89', '67', '12', '40', '42', '23', '9', '57', '63', '10', '88', '73', '24', '19', '48', '93', '60', '68', '52', '31', '65', '47', '53', '86', '71', '59', '55', '87', '84', '29', '83', '45', '66', '11', '50', '74', '94', '51', '82', '69', '91', '56', '92', '77', '18', '0', '85', '21', '78', '43', '95', '62', '32', '90', '25', '58', '96', '54', '41', '34', '46', '2', '26', '70', '30', '36'})