16, 0, 4.0, 4
+-- , 0 , {32, 3, 30} , {'21', '22', '15', '19', '23', '16'}
| +-- , 32 , set() , {'24', '19', '23'}
| +-- , 3 , {5} , {'18', '23', '22', '15', '19', '16'}
| | +-- , 5 , {7} , {'18', '22', '15', '19', '17', '16'}
| | | +-- , 7 , {9} , {'18', '10', '15', '19', '17', '16'}
| | | | +-- , 9 , {12} , {'5', '18', '10', '19', '11', '17', '16'}
| | | | | +-- , 12 , {14} , {'12', '5', '18', '14', '19', '11', '17'}
| | | | | | +-- , 14 , {16} , {'12', '5', '18', '14', '6', '13', '11'}
| | | | | | | +-- , 16 , {18} , {'12', '5', '14', '6', '13', '7'}
| | | | | | | | +-- , 18 , {20} , {'5', '8', '14', '6', '13', '7'}
| | | | | | | | | +-- , 20 , {22} , {'5', '8', '14', '6', '9', '7'}
| | | | | | | | | | +-- , 22 , {24} , {'5', '8', '4', '6', '9', '7'}
| | | | | | | | | | | +-- , 24 , {26} , {'5', '8', '4', '3', '6', '7'}
| | | | | | | | | | | | +-- , 26 , {28} , {'0', '5', '2', '3', '6', '7'}
| | | | | | | | | | | | | +-- , 28 , set() , {'6', '2', '0', '1'}
| +-- , 30 , set() , {'15', '20', '21'}


Max number of edges with non zero Y: 18
Max number of iterations of outer rounding loop: 5
Max number of candidate sets: 2
Time spent rounding: 3.490
Time spent solving Separator LP: 0.015
Total time spent solving: 4.700

LP Solver: gammaPlusFractionalCoverHeuristic
Lower Bound Witness = ({'21', '0', '8', '18', '1', '14', '19', '7', '20', '3', '15', '11', '17', '5', '10', '6', '23', '22', '24', '13', '16', '12', '4', '2', '9'}, {'20', '2', '6', '15', '16'})