53, 3.0, 4.0, 4
+-- , 0 , {3, 51, 100} , {'xL1JL6J', 'xL8JL7J', 'xL8JL8J', 'xL2JL6J', 'xL3JL6J'}
| +-- , 3 , {5, 39, 22} , {'xL10JL5J', 'xL10JL4J', 'xL2JL6J', 'xL1JL6J', 'xL10JL6J', 'xL7JL3J'}
| | +-- , 5 , {11, 7} , {'xL10JL1J', 'xL10JL5J', 'xL10JL4J', 'xL10JL2J', 'xL10JL3J', 'xL10JL7J', 'xL10JL8J', 'xL10JL6J'}
| | | +-- , 11 , {14} , {'xL10JL1J', 'xL8JL1J', 'xL10JL2J', 'xL10JL3J', 'xL9JL1J', 'xL11JL1J'}
| | | | +-- , 14 , {16} , {'xL8JL1J', 'xL10JL2J', 'xL10JL3J', 'xL11JL2J', 'xL9JL1J', 'xL11JL1J', 'xL8JL2J'}
| | | | | +-- , 16 , {18} , {'xL10JL2J', 'xL10JL3J', 'xL11JL2J', 'xL8JL2J', 'xL9JL1J', 'xL9JL2J'}
| | | | | | +-- , 18 , set() , {'xL9JL3J', 'xL10JL3J', 'xL9JL1J', 'xL9JL2J'}
| | | +-- , 7 , {9} , {'xL10JL8J', 'xL10JL7J', 'xL11JL7J'}
| | | | +-- , 9 , set() , {'xL10JL8J', 'xL11JL8J', 'xL11JL7J'}
| | +-- , 39 , {41} , {'xL10JL5J', 'xL10JL4J', 'xL7JL4J', 'xL10JL6J', 'xL7JL3J'}
| | | +-- , 41 , {43} , {'xL10JL5J', 'xL10JL4J', 'xL7JL4J', 'xL10JL6J', 'xL8JL4J'}
| | | | +-- , 43 , {45} , {'xL10JL5J', 'xL10JL4J', 'xL8JL5J', 'xL10JL6J', 'xL8JL4J'}
| | | | | +-- , 45 , {49, 47} , {'xL11JL5J', 'xL10JL5J', 'xL8JL5J', 'xL10JL4J', 'xL10JL6J', 'xL9JL5J'}
| | | | | | +-- , 49 , set() , {'xL9JL6J', 'xL9JL5J', 'xL10JL6J'}
| | | | | | +-- , 47 , set() , {'xL10JL4J', 'xL11JL5J', 'xL11JL4J'}
| | +-- , 22 , {24} , {'xL1JL6J', 'xL2JL6J', 'xL6JL3J', 'xL7JL3J'}
| | | +-- , 24 , {26} , {'xL2JL6J', 'xL6JL3J', 'xL6JL1J', 'xL1JL6J', 'xL6JL2J'}
| | | | +-- , 26 , {37, 28} , {'xL2JL1J', 'xL2JL3J', 'xL2JL4J', 'xL2JL2J', 'xL2JL6J', 'xL6JL1J', 'xL1JL6J', 'xL6JL2J'}
| | | | | +-- , 37 , set() , {'xL2JL5J', 'xL2JL3J', 'xL2JL1J', 'xL2JL4J', 'xL2JL2J', 'xL2JL6J', 'xL1JL6J', 'xL1JL5J'}
| | | | | +-- , 28 , {31} , {'xL3JL1J', 'xL2JL3J', 'xL6JL1J', 'xL6JL2J', 'xL5JL2J', 'xL2JL1J', 'xL5JL1J', 'xL2JL4J', 'xL2JL2J', 'xL1JL2J', 'xL4JL2J', 'xL4JL1J', 'xL3JL2J'}
| | | | | | +-- , 31 , {33, 35} , {'xL3JL1J', 'xL2JL3J', 'xL2JL4J', 'xL1JL2J', 'xL4JL2J', 'xL3JL3J', 'xL4JL1J', 'xL3JL2J'}
| | | | | | | +-- , 33 , set() , {'xL3JL1J', 'xL2JL4J', 'xL3JL4J', 'xL3JL3J', 'xL3JL2J'}
| | | | | | | +-- , 35 , set() , {'xL1JL3J', 'xL2JL3J', 'xL1JL2J', 'xL4JL2J', 'xL4JL3J', 'xL3JL3J', 'xL4JL1J'}
| +-- , 51 , {53} , {'xL8JL9J', 'xL8JL8J', 'xL8JL7J'}
| | +-- , 53 , {55} , {'xL9JL9J', 'xL8JL9J'}
| | | +-- , 55 , {57} , {'xL9JL9J', 'xL9JL10J'}
| | | | +-- , 57 , {59} , {'xL9JL10J', 'xL10JL10J', 'xL11JL10J'}
| | | | | +-- , 59 , {96, 63} , {'xL9JL12J', 'xL10JL10J', 'xL10JL15J', 'xL11JL10J', 'xL9JL13J', 'xL9JL15J', 'xL9JL14J', 'xL10JL11J'}
| | | | | | +-- , 96 , set() , {'xL11JL10J', 'xL11JL11J', 'xL10JL11J'}
| | | | | | +-- , 63 , {65} , {'xL9JL12J', 'xL10JL10J', 'xL10JL14J', 'xL10JL15J', 'xL9JL13J', 'xL10JL12J', 'xL9JL15J', 'xL9JL14J', 'xL10JL13J', 'xL10JL11J'}
| | | | | | | +-- , 65 , {68} , {'xL8JL14J', 'xL7JL15J', 'xL8JL15J', 'xL10JL15J', 'xL10JL14J', 'xL8JL13J', 'xL9JL13J', 'xL9JL15J', 'xL11JL14J', 'xL6JL15J', 'xL9JL14J', 'xL6JL14J', 'xL11JL13J', 'xL7JL14J', 'xL10JL13J'}
| | | | | | | | +-- , 68 , {70} , {'xL6JL15J', 'xL6JL13J', 'xL6JL14J'}
| | | | | | | | | +-- , 70 , {72} , {'xL5JL13J', 'xL6JL13J'}
| | | | | | | | | | +-- , 72 , {74} , {'xL5JL13J', 'xL5JL12J'}
| | | | | | | | | | | +-- , 74 , {76} , {'xL4JL12J', 'xL5JL12J'}
| | | | | | | | | | | | +-- , 76 , {78} , {'xL4JL12J', 'xL4JL11J'}
| | | | | | | | | | | | | +-- , 78 , {80} , {'xL3JL11J', 'xL2JL11J', 'xL1JL11J', 'xL4JL11J'}
| | | | | | | | | | | | | | +-- , 80 , {84, 94} , {'xL2JL11J', 'xL3JL13J', 'xL1JL11J', 'xL2JL15J', 'xL2JL14J', 'xL3JL15J', 'xL3JL11J', 'xL3JL14J'}
| | | | | | | | | | | | | | | +-- , 84 , {86, 90, 92} , {'xL2JL11J', 'xL3JL13J', 'xL2JL9J', 'xL2JL10J', 'xL2JL13J', 'xL2JL15J', 'xL2JL14J', 'xL1JL11J', 'xL3JL11J', 'xL2JL8J', 'xL2JL12J'}
| | | | | | | | | | | | | | | | +-- , 86 , {88} , {'xL1JL8J', 'xL2JL8J', 'xL2JL9J'}
| | | | | | | | | | | | | | | | | +-- , 88 , set() , {'xL2JL9J', 'xL1JL8J', 'xL1JL9J'}
| | | | | | | | | | | | | | | | +-- , 90 , set() , {'xL2JL10J', 'xL3JL11J', 'xL3JL10J'}
| | | | | | | | | | | | | | | | +-- , 92 , set() , {'xL1JL12J', 'xL2JL12J', 'xL1JL11J'}
| | | | | | | | | | | | | | | +-- , 94 , set() , {'xL4JL15J', 'xL2JL15J', 'xL2JL14J', 'xL3JL15J', 'xL4JL14J', 'xL1JL15J', 'xL1JL14J', 'xL3JL14J'}
| +-- , 100 , {102} , {'xL8JL8J', 'xL8JL7J', 'xL3JL7J', 'xL3JL6J'}
| | +-- , 102 , {104} , {'xL8JL8J', 'xL8JL7J', 'xL3JL7J', 'xL4JL7J'}
| | | +-- , 104 , {106} , {'xL8JL7J', 'xL4JL8J', 'xL4JL7J', 'xL4JL9J', 'xL8JL8J'}
| | | | +-- , 106 , {109} , {'xL7JL8J', 'xL8JL7J', 'xL7JL7J', 'xL6JL8J', 'xL6JL7J', 'xL4JL8J', 'xL4JL9J', 'xL8JL8J', 'xL5JL8J'}
| | | | | +-- , 109 , {111} , {'xL7JL8J', 'xL7JL7J', 'xL6JL8J', 'xL6JL7J', 'xL5JL9J', 'xL4JL9J', 'xL6JL9J', 'xL5JL8J'}
| | | | | | +-- , 111 , {113, 115} , {'xL6JL6J', 'xL7JL8J', 'xL7JL7J', 'xL6JL8J', 'xL6JL10J', 'xL6JL7J', 'xL7JL6J', 'xL5JL9J', 'xL6JL5J', 'xL5JL10J', 'xL6JL11J', 'xL6JL9J', 'xL5JL8J'}
| | | | | | | +-- , 113 , set() , {'xL7JL11J', 'xL7JL10J', 'xL5JL10J', 'xL6JL11J', 'xL6JL10J'}
| | | | | | | +-- , 115 , {117} , {'xL6JL5J', 'xL6JL6J', 'xL5JL6J', 'xL7JL6J'}
| | | | | | | | +-- , 117 , set() , {'xL6JL5J', 'xL5JL6J', 'xL5JL5J'}


Max number of edges with non zero Y: 3
Max number of iterations of outer rounding loop: 0
Max number of candidate sets: 0
Time spent rounding: 0.000
Time spent solving Separator LP: 4.406
Total time spent solving: 8.745

LP Solver: GaifmanNormalILP
Lower Bound Witness = ({'xL1JL3J', 'xL3JL1J', 'xL2JL3J', 'xL2JL4J', 'xL1JL2J', 'xL3JL4J', 'xL4JL2J', 'xL4JL3J', 'xL3JL3J', 'xL4JL1J', 'xL3JL2J'}, {'xL3JL1J', 'xL2JL3J', 'xL2JL4J', 'xL1JL2J', 'xL4JL2J', 'xL4JL1J', 'xL3JL2J'})