19, 2.6665090065405206, 8.0, 8
+-- , 0 , {36, 7, 44} , {'xL2J', 'xL39J', 'xL8J', 'xL35J', 'xL18J', 'xL16J', 'xL3J', 'xL21J', 'xL23J', 'xL27J', 'xL1J', 'xL20J', 'xL5J', 'xL14J'}
| +-- , 36 , {38} , {'xL39J', 'xL15J', 'xL35J', 'xL1J', 'xL5J'}
| | +-- , 38 , {40} , {'xL15J', 'xL35J', 'xL25J', 'xL1J', 'xL5J'}
| | | +-- , 40 , {42} , {'xL13J', 'xL1J', 'xL35J', 'xL25J', 'xL5J'}
| | | | +-- , 42 , set() , {'xL1J', 'xL36J', 'xL13J', 'xL5J'}
| +-- , 7 , {11} , {'xL2J', 'xL39J', 'xL10J', 'xL21J', 'xL23J', 'xL1J', 'xL5J', 'xL14J', 'xL8J', 'xL33J', 'xL16J', 'xL3J', 'xL35J', 'xL12J', 'xL27J'}
| | +-- , 11 , {20, 14} , {'xL2J', 'xL39J', 'xL10J', 'xL21J', 'xL23J', 'xL1J', 'xL5J', 'xL14J', 'xL8J', 'xL33J', 'xL16J', 'xL35J', 'xL9J', 'xL12J', 'xL27J', 'xL22J'}
| | | +-- , 20 , {32, 34, 22, 28} , {'xL2J', 'xL39J', 'xL33J', 'xL8J', 'xL10J', 'xL16J', 'xL35J', 'xL9J', 'xL12J', 'xL23J', 'xL34J', 'xL1J', 'xL22J', 'xL5J', 'xL14J'}
| | | | +-- , 32 , set() , {'xL1J', 'xL4J', 'xL34J', 'xL14J'}
| | | | +-- , 34 , set() , {'xL24J', 'xL35J', 'xL34J'}
| | | | +-- , 22 , {24, 26} , {'xL39J', 'xL17J', 'xL28J', 'xL16J', 'xL10J', 'xL35J', 'xL9J', 'xL23J', 'xL34J', 'xL22J', 'xL5J', 'xL14J'}
| | | | | +-- , 24 , set() , {'xL17J', 'xL31J', 'xL16J', 'xL35J', 'xL34J', 'xL14J'}
| | | | | +-- , 26 , set() , {'xL23J', 'xL39J', 'xL17J', 'xL30J'}
| | | | +-- , 28 , {30} , {'xL2J', 'xL8J', 'xL33J', 'xL29J', 'xL10J', 'xL16J', 'xL12J', 'xL19J', 'xL34J', 'xL5J'}
| | | | | +-- , 30 , set() , {'xL19J', 'xL38J', 'xL16J'}
| | | +-- , 14 , {16, 18} , {'xL2J', 'xL39J', 'xL10J', 'xL22J', 'xL21J', 'xL23J', 'xL1J', 'xL5J', 'xL8J', 'xL33J', 'xL9J', 'xL12J', 'xL27J', 'xL32J'}
| | | | +-- , 16 , set() , {'xL0J', 'xL39J', 'xL32J', 'xL8J', 'xL33J', 'xL37J', 'xL11J', 'xL12J', 'xL23J', 'xL6J', 'xL22J', 'xL5J'}
| | | | +-- , 18 , set() , {'xL7J', 'xL2J', 'xL32J', 'xL8J', 'xL10J', 'xL23J', 'xL27J', 'xL22J', 'xL5J'}
| +-- , 44 , set() , {'xL21J', 'xL26J', 'xL27J', 'xL14J'}


Max number of edges with non zero Y: 21
Max number of iterations of outer rounding loop: 6
Max number of candidate sets: 2
Time spent rounding: 24.245
Time spent solving Separator LP: 0.528

LP Solver: GaifmanNormal