14, 2.99787354179374, 8.14441416893733, 12
+-- , 0 , {3} , {'53', '57', '88', '64', '56', '47', '77', '4', '40', '35', '71', '2', '25', '6', '91', '86', '67', '31', '52', '95', '49', '34', '10', '50', '17', '69', '8', '93', '54', '7', '15', '0', '60', '89', '68', '45', '42', '9', '39', '1', '87', '83', '79', '18', '12', '63', '30', '41', '62'}
| +-- , 3 , {5} , {'53', '57', '88', '64', '56', '47', '77', '4', '40', '22', '35', '71', '2', '25', '6', '91', '86', '67', '31', '52', '95', '49', '43', '34', '10', '50', '17', '69', '8', '24', '93', '54', '7', '92', '15', '60', '89', '68', '45', '42', '73', '9', '33', '39', '1', '5', '87', '83', '79', '18', '12', '63', '30', '41', '62'}
| | +-- , 5 , {16, 35, 37} , {'53', '57', '88', '11', '48', '64', '56', '47', '44', '77', '4', '22', '35', '20', '36', '71', '2', '25', '6', '91', '86', '66', '51', '37', '67', '31', '52', '82', '58', '95', '49', '43', '34', '10', '81', '50', '17', '69', '8', '46', '24', '19', '93', '7', '54', '15', '92', '80', '23', '60', '89', '68', '27', '45', '42', '73', '9', '33', '39', '1', '5', '87', '83', '79', '29', '18', '32', '12', '85', '38', '63', '30', '41', '62'}
| | | +-- , 16 , {33, 19} , {'88', '11', '36', '71', '2', '25', '6', '51', '31', '95', '49', '34', '10', '81', '50', '7', '15', '80', '23', '60', '89', '68', '45', '42', '73', '33', '39', '1', '87', '83', '79', '29', '18', '12', '38', '63', '30', '41', '26', '53', '57', '44', '64', '48', '56', '47', '77', '4', '35', '20', '14', '91', '86', '66', '37', '67', '52', '82', '58', '43', '17', '69', '8', '46', '74', '24', '19', '93', '54', '92', '27', '9', '5', '32', '85', '55', '62'}
| | | | +-- , 33 , set() , {'81', '69', '57', '88', '64', '11', '74', '77', '19', '54', '7', '71', '28', '89', '45', '14', '86', '42', '9', '5', '31', '82', '58', '29', '18', '32', '34', '55', '10', '41', '50', '26'}
| | | | +-- , 19 , {21} , {'88', '11', '36', '71', '2', '25', '6', '51', '31', '95', '49', '65', '34', '10', '81', '50', '15', '80', '23', '60', '89', '68', '45', '42', '73', '33', '39', '1', '87', '83', '79', '29', '18', '12', '38', '63', '30', '41', '26', '53', '57', '44', '64', '48', '56', '47', '77', '4', '35', '20', '14', '91', '86', '66', '37', '67', '52', '82', '58', '43', '17', '69', '8', '46', '74', '24', '19', '93', '54', '92', '27', '9', '5', '70', '32', '85', '55', '62'}
| | | | | +-- , 21 , {23} , {'53', '57', '88', '11', '44', '64', '48', '56', '47', '77', '4', '35', '20', '36', '71', '2', '25', '14', '6', '91', '86', '51', '37', '67', '31', '52', '82', '58', '95', '49', '65', '43', '34', '10', '81', '50', '17', '69', '8', '46', '74', '24', '19', '93', '54', '15', '92', '80', '23', '60', '89', '68', '27', '45', '42', '73', '9', '33', '39', '1', '5', '87', '83', '79', '29', '70', '18', '32', '12', '85', '55', '38', '63', '30', '41', '94', '26', '62'}
| | | | | | +-- , 23 , {25} , {'53', '44', '64', '11', '48', '56', '88', '47', '77', '4', '35', '20', '36', '2', '25', '14', '6', '91', '86', '51', '67', '31', '52', '82', '58', '95', '49', '65', '43', '34', '10', '81', '50', '17', '69', '8', '46', '74', '24', '19', '93', '54', '92', '15', '3', '80', '23', '60', '89', '27', '68', '45', '42', '73', '9', '33', '39', '1', '5', '87', '83', '79', '70', '29', '18', '32', '85', '55', '38', '63', '30', '41', '94', '26', '62'}
| | | | | | | +-- , 25 , {27} , {'53', '44', '64', '11', '48', '56', '88', '47', '4', '35', '20', '36', '2', '25', '14', '6', '91', '86', '51', '67', '31', '52', '82', '58', '95', '49', '65', '43', '34', '10', '81', '50', '17', '76', '69', '8', '46', '74', '24', '19', '93', '54', '92', '15', '3', '80', '23', '60', '89', '68', '45', '78', '42', '73', '9', '33', '39', '1', '5', '70', '29', '18', '32', '85', '55', '38', '63', '30', '41', '94', '26', '62'}
| | | | | | | | +-- , 27 , {29, 31} , {'53', '44', '64', '11', '48', '47', '4', '35', '20', '36', '2', '25', '14', '6', '91', '86', '51', '90', '67', '31', '52', '82', '58', '95', '49', '65', '43', '34', '10', '81', '17', '76', '69', '8', '74', '24', '93', '54', '92', '15', '3', '80', '23', '60', '89', '68', '45', '78', '42', '73', '9', '33', '1', '5', '70', '18', '32', '85', '55', '38', '63', '30', '41', '94', '26', '62'}
| | | | | | | | | +-- , 29 , set() , {'76', '44', '64', '48', '24', '4', '93', '54', '92', '36', '3', '80', '20', '15', '23', '2', '60', '89', '25', '13', '14', '91', '78', '86', '33', '51', '5', '90', '67', '31', '52', '82', '58', '18', '32', '65', '34', '10', '21', '94', '26'}
| | | | | | | | | +-- , 31 , set() , {'53', '81', '16', '69', '8', '17', '48', '64', '11', '47', '74', '35', '92', '36', '20', '15', '89', '25', '68', '45', '14', '6', '91', '78', '42', '73', '9', '33', '51', '41', '5', '1', '90', '59', '31', '52', '58', '70', '95', '18', '32', '65', '43', '34', '49', '85', '55', '38', '63', '10', '30', '26', '62'}
| | | +-- , 35 , set() , {'81', '44', '56', '24', '22', '54', '7', '36', '80', '71', '2', '60', '89', '25', '27', '91', '9', '37', '1', '75', '67', '58', '29', '49', '43', '63', '10', '41'}
| | | +-- , 37 , set() , {'46', '48', '11', '56', '88', '24', '19', '93', '54', '35', '20', '2', '23', '89', '61', '27', '84', '6', '91', '86', '42', '66', '9', '51', '37', '82', '58', '95', '32', '43', '85', '38', '63', '30', '41'}


Max number of edges with non zero Y: 31
Max number of iterations of outer rounding loop: 7
Max number of candidate sets: 2
Time spent rounding: 60.172
Time spent solving Separator LP: 60.318
Total time spent solving: 132.231

LP Solver: GaifmanNormal
Lower Bound Witness = ({'88', '11', '36', '71', '2', '25', '6', '51', '59', '31', '95', '49', '65', '34', '10', '81', '50', '76', '7', '15', '3', '80', '23', '60', '89', '68', '45', '42', '73', '33', '39', '1', '87', '83', '79', '29', '18', '12', '38', '63', '41', '30', '26', '53', '16', '57', '44', '64', '48', '56', '47', '77', '4', '35', '20', '13', '14', '91', '86', '66', '37', '90', '67', '52', '82', '58', '43', '21', '17', '69', '8', '46', '74', '24', '19', '93', '54', '92', '28', '27', '78', '9', '5', '70', '32', '85', '55', '94', '62'}, {'53', '81', '69', '8', '17', '46', '57', '44', '64', '11', '48', '24', '56', '88', '77', '47', '19', '4', '93', '54', '7', '35', '92', '36', '80', '20', '15', '71', '23', '2', '60', '89', '25', '27', '68', '45', '6', '91', '86', '42', '73', '66', '9', '33', '39', '51', '37', '41', '5', '1', '87', '83', '31', '67', '52', '82', '79', '58', '29', '95', '18', '32', '49', '43', '34', '12', '85', '55', '38', '63', '10', '30', '50', '62'})