12, 0, 9.0, 9
+-- , 21 , {0} , {'59', '63', '55', '81', '64', '79', '46', '24', '15', '74', '43', '56', '75', '73', '9', '51', '31', '49', '5', '53', '60', '71', '78', '0', '57', '41', '62', '54', '25', '36', '17', '23', '6', '32', '90', '19', '50', '68', '67', '77', '4', '18', '30', '2', '88', '85', '93', '13', '37', '91', '1', '27', '28', '11', '35', '20', '14', '87', '83', '40', '61', '12', '45'}
| +-- , 0 , {3, 23} , {'59', '63', '55', '81', '64', '79', '43', '15', '74', '56', '75', '9', '51', '31', '5', '49', '53', '60', '71', '0', '78', '57', '41', '62', '54', '25', '36', '17', '23', '6', '32', '58', '90', '50', '4', '77', '68', '67', '30', '18', '2', '88', '85', '93', '13', '37', '91', '1', '27', '28', '11', '35', '48', '20', '14', '87', '83', '40', '61', '12', '45'}
| | +-- , 3 , {19, 5} , {'63', '81', '43', '74', '31', '5', '60', '0', '57', '25', '36', '23', '50', '4', '77', '30', '37', '27', '28', '11', '48', '14', '87', '80', '61', '12', '59', '55', '64', '79', '15', '56', '9', '76', '49', '53', '71', '78', '41', '54', '17', '6', '32', '58', '90', '68', '67', '18', '2', '88', '85', '93', '13', '91', '1', '35', '83', '45'}
| | | +-- , 19 , set() , {'53', '17', '71', '77', '41', '57', '18', '56', '36', '85', '80', '23', '70', '76'}
| | | +-- , 5 , {7, 9, 11, 13, 15, 17} , {'59', '63', '26', '55', '42', '81', '64', '79', '43', '15', '74', '9', '76', '31', '5', '49', '60', '71', '0', '78', '57', '65', '54', '25', '36', '17', '23', '6', '32', '58', '90', '38', '50', '4', '77', '68', '67', '30', '2', '88', '93', '13', '37', '91', '1', '27', '28', '11', '35', '48', '14', '87', '83', '80', '69', '61', '12', '45'}
| | | | +-- , 7 , set() , {'91', '26', '72', '55', '42', '11', '35', '39', '8', '80', '69', '9', '31'}
| | | | +-- , 9 , set() , {'63', '26', '81', '64', '79', '43', '15', '66', '76', '71', '78', '57', '65', '54', '36', '23', '90', '50', '68', '77', '2', '93', '37', '1', '27', '28', '94', '14', '86', '87', '33', '29', '83', '69', '61', '12'}
| | | | +-- , 11 , set() , {'58', '38', '50', '82', '65', '79', '14', '88', '25', '6', '17', '9', '93', '45'}
| | | | +-- , 13 , set() , {'59', '42', '81', '64', '79', '15', '49', '71', '0', '10', '34', '17', '58', '90', '38', '68', '4', '2', '89', '13', '1', '52', '48'}
| | | | +-- , 15 , set() , {'5', '1', '60', '22', '68', '42', '67', '30', '15', '74', '25', '47', '69', '45'}
| | | | +-- , 17 , set() , {'59', '61', '26', '13', '77', '48', '83', '92', '16', '80', '32', '76', '58'}
| | +-- , 23 , set() , {'90', '7', '61', '50', '0', '64', '3', '56', '36', '6', '51', '12', '91'}


Max number of edges with non zero Y: 15
Max number of iterations of outer rounding loop: 1
Max number of candidate sets: 2
Time spent rounding: 0.088
Time spent solving Separator LP: 0.009
Total time spent solving: 0.330

LP Solver: gammaPlusFractionalCoverHeuristic
Number of Rounding Attemps: 4
Lower Bound Witness = ({'63', '72', '81', '24', '43', '39', '66', '31', '5', '57', '25', '38', '50', '4', '77', '47', '16', '82', '11', '48', '14', '86', '80', '69', '61', '12', '59', '22', '55', '42', '79', '78', '41', '10', '8', '54', '34', '92', '6', '32', '58', '90', '19', '18', '89', '88', '85', '93', '13', '91', '33', '83', '40', '26', '46', '74', '75', '73', '70', '51', '60', '0', '36', '23', '30', '37', '7', '27', '52', '28', '94', '87', '64', '15', '56', '9', '76', '49', '53', '71', '65', '62', '17', '68', '67', '2', '1', '35', '20', '3', '29', '45'}, {'7', '50', '8', '23', '13'})