11, 2.4665444394362606, 6.424242424242424, 9
+-- , 0 , {3} , {'xL4J', 'xL11J', 'xL50J', 'xL57J', 'xL35J', 'xL20J', 'xL33J', 'xL44J', 'xL55J', 'xL49J', 'xL45J', 'xL58J', 'xL40J', 'xL23J', 'xL18J', 'xL41J', 'xL29J', 'xL21J', 'xL34J', 'xL16J', 'xL0J', 'xL27J', 'xL13J', 'xL6J', 'xL36J', 'xL19J', 'xL37J'}
| +-- , 3 , {33, 35, 37, 20} , {'xL4J', 'xL22J', 'xL17J', 'xL50J', 'xL35J', 'xL54J', 'xL53J', 'xL44J', 'xL55J', 'xL12J', 'xL40J', 'xL18J', 'xL41J', 'xL21J', 'xL16J', 'xL56J', 'xL6J', 'xL26J', 'xL15J', 'xL48J', 'xL37J', 'xL3J', 'xL57J', 'xL20J', 'xL33J', 'xL49J', 'xL45J', 'xL58J', 'xL59J', 'xL51J', 'xL1J', 'xL23J', 'xL29J', 'xL34J', 'xL0J', 'xL14J', 'xL27J', 'xL46J', 'xL8J', 'xL42J', 'xL25J', 'xL36J', 'xL19J', 'xL52J', 'xL38J', 'xL31J'}
| | +-- , 33 , set() , {'xL29J', 'xL22J', 'xL42J', 'xL54J', 'xL21J', 'xL8J', 'xL19J', 'xL14J', 'xL5J', 'xL58J', 'xL48J', 'xL1J', 'xL27J', 'xL6J', 'xL31J'}
| | +-- , 35 , set() , {'xL29J', 'xL17J', 'xL54J', 'xL25J', 'xL8J', 'xL28J', 'xL14J', 'xL1J', 'xL31J', 'xL41J'}
| | +-- , 37 , set() , {'xL33J', 'xL21J', 'xL49J', 'xL56J', 'xL19J', 'xL15J', 'xL2J', 'xL1J', 'xL27J', 'xL8J'}
| | +-- , 20 , {22} , {'xL22J', 'xL4J', 'xL50J', 'xL47J', 'xL35J', 'xL54J', 'xL53J', 'xL44J', 'xL55J', 'xL12J', 'xL40J', 'xL18J', 'xL41J', 'xL21J', 'xL16J', 'xL56J', 'xL6J', 'xL26J', 'xL15J', 'xL48J', 'xL37J', 'xL3J', 'xL43J', 'xL57J', 'xL20J', 'xL33J', 'xL49J', 'xL45J', 'xL58J', 'xL59J', 'xL51J', 'xL1J', 'xL23J', 'xL29J', 'xL34J', 'xL14J', 'xL0J', 'xL27J', 'xL46J', 'xL8J', 'xL42J', 'xL25J', 'xL36J', 'xL19J', 'xL52J', 'xL38J', 'xL31J'}
| | | +-- , 22 , {25} , {'xL22J', 'xL4J', 'xL50J', 'xL47J', 'xL35J', 'xL54J', 'xL53J', 'xL44J', 'xL55J', 'xL12J', 'xL40J', 'xL41J', 'xL21J', 'xL16J', 'xL56J', 'xL6J', 'xL9J', 'xL26J', 'xL48J', 'xL37J', 'xL3J', 'xL43J', 'xL57J', 'xL32J', 'xL20J', 'xL33J', 'xL49J', 'xL45J', 'xL58J', 'xL59J', 'xL51J', 'xL1J', 'xL23J', 'xL34J', 'xL14J', 'xL0J', 'xL27J', 'xL46J', 'xL8J', 'xL42J', 'xL25J', 'xL36J', 'xL19J', 'xL52J', 'xL38J', 'xL31J'}
| | | | +-- , 25 , {27, 31} , {'xL22J', 'xL4J', 'xL43J', 'xL50J', 'xL47J', 'xL57J', 'xL32J', 'xL35J', 'xL20J', 'xL54J', 'xL33J', 'xL53J', 'xL44J', 'xL55J', 'xL49J', 'xL59J', 'xL58J', 'xL12J', 'xL51J', 'xL1J', 'xL40J', 'xL23J', 'xL41J', 'xL21J', 'xL34J', 'xL16J', 'xL56J', 'xL14J', 'xL0J', 'xL27J', 'xL46J', 'xL6J', 'xL8J', 'xL9J', 'xL25J', 'xL31J', 'xL26J', 'xL36J', 'xL30J', 'xL19J', 'xL52J', 'xL48J', 'xL38J', 'xL37J', 'xL3J'}
| | | | | +-- , 27 , {29} , {'xL22J', 'xL4J', 'xL3J', 'xL43J', 'xL50J', 'xL47J', 'xL57J', 'xL32J', 'xL54J', 'xL33J', 'xL53J', 'xL44J', 'xL55J', 'xL59J', 'xL58J', 'xL12J', 'xL1J', 'xL23J', 'xL41J', 'xL21J', 'xL34J', 'xL16J', 'xL14J', 'xL27J', 'xL46J', 'xL24J', 'xL6J', 'xL8J', 'xL9J', 'xL25J', 'xL26J', 'xL36J', 'xL30J', 'xL19J', 'xL52J', 'xL48J', 'xL38J', 'xL37J', 'xL31J'}
| | | | | | +-- , 29 , set() , {'xL4J', 'xL43J', 'xL50J', 'xL47J', 'xL57J', 'xL32J', 'xL54J', 'xL33J', 'xL53J', 'xL44J', 'xL55J', 'xL59J', 'xL58J', 'xL12J', 'xL1J', 'xL10J', 'xL23J', 'xL41J', 'xL21J', 'xL34J', 'xL16J', 'xL14J', 'xL27J', 'xL46J', 'xL24J', 'xL7J', 'xL6J', 'xL8J', 'xL9J', 'xL25J', 'xL26J', 'xL36J', 'xL30J', 'xL19J', 'xL52J', 'xL38J', 'xL3J'}
| | | | | +-- , 31 , set() , {'xL22J', 'xL57J', 'xL35J', 'xL33J', 'xL44J', 'xL49J', 'xL59J', 'xL51J', 'xL12J', 'xL1J', 'xL40J', 'xL23J', 'xL56J', 'xL14J', 'xL0J', 'xL46J', 'xL39J', 'xL9J', 'xL25J', 'xL36J', 'xL30J', 'xL38J', 'xL3J'}


Max number of edges with non zero Y: 27
Max number of iterations of outer rounding loop: 9
Max number of candidate sets: 2
Time spent rounding: 66.020
Time spent solving Separator LP: 32.957

LP Solver: GaifmanNormal11, 2.5548918467395767, 6.514285714285714, 9
+-- , 0 , {36, 15} , {'xL26J', 'xL59J', 'xL57J', 'xL40J', 'xL25J', 'xL12J', 'xL23J', 'xL50J', 'xL39J', 'xL44J', 'xL53J', 'xL0J', 'xL56J', 'xL33J', 'xL52J', 'xL11J', 'xL27J', 'xL51J', 'xL55J', 'xL15J', 'xL3J', 'xL54J', 'xL34J', 'xL30J', 'xL36J', 'xL48J', 'xL22J', 'xL1J', 'xL35J', 'xL38J', 'xL41J', 'xL21J', 'xL31J', 'xL16J', 'xL46J', 'xL37J', 'xL49J', 'xL19J', 'xL4J', 'xL6J', 'xL42J', 'xL9J', 'xL20J', 'xL43J', 'xL58J'}
| +-- , 36 , set() , {'xL34J', 'xL13J', 'xL35J', 'xL6J', 'xL33J', 'xL20J', 'xL55J', 'xL11J', 'xL19J', 'xL4J'}
| +-- , 15 , {32, 34, 19, 30} , {'xL34J', 'xL26J', 'xL48J', 'xL59J', 'xL36J', 'xL30J', 'xL8J', 'xL57J', 'xL22J', 'xL29J', 'xL1J', 'xL35J', 'xL38J', 'xL40J', 'xL41J', 'xL21J', 'xL25J', 'xL12J', 'xL31J', 'xL23J', 'xL50J', 'xL14J', 'xL16J', 'xL39J', 'xL46J', 'xL37J', 'xL44J', 'xL53J', 'xL49J', 'xL19J', 'xL4J', 'xL0J', 'xL56J', 'xL33J', 'xL6J', 'xL52J', 'xL42J', 'xL27J', 'xL9J', 'xL20J', 'xL51J', 'xL55J', 'xL15J', 'xL43J', 'xL58J', 'xL3J', 'xL54J'}
| | +-- , 32 , set() , {'xL34J', 'xL26J', 'xL36J', 'xL12J', 'xL31J', 'xL8J', 'xL28J', 'xL29J', 'xL1J', 'xL51J', 'xL14J', 'xL50J', 'xL17J', 'xL42J', 'xL19J', 'xL41J', 'xL25J', 'xL54J'}
| | +-- , 34 , set() , {'xL27J', 'xL2J', 'xL8J', 'xL56J', 'xL33J', 'xL1J', 'xL15J', 'xL49J', 'xL19J', 'xL21J'}
| | +-- , 19 , {22} , {'xL26J', 'xL59J', 'xL8J', 'xL57J', 'xL24J', 'xL40J', 'xL25J', 'xL12J', 'xL23J', 'xL50J', 'xL44J', 'xL53J', 'xL0J', 'xL56J', 'xL33J', 'xL52J', 'xL27J', 'xL51J', 'xL55J', 'xL15J', 'xL3J', 'xL54J', 'xL34J', 'xL48J', 'xL36J', 'xL30J', 'xL22J', 'xL29J', 'xL1J', 'xL35J', 'xL38J', 'xL41J', 'xL21J', 'xL31J', 'xL14J', 'xL16J', 'xL46J', 'xL37J', 'xL49J', 'xL19J', 'xL4J', 'xL6J', 'xL42J', 'xL9J', 'xL47J', 'xL20J', 'xL43J', 'xL58J'}
| | | +-- , 22 , {24, 26} , {'xL34J', 'xL26J', 'xL30J', 'xL59J', 'xL36J', 'xL8J', 'xL57J', 'xL22J', 'xL45J', 'xL29J', 'xL1J', 'xL35J', 'xL38J', 'xL24J', 'xL40J', 'xL41J', 'xL21J', 'xL25J', 'xL12J', 'xL31J', 'xL23J', 'xL50J', 'xL14J', 'xL16J', 'xL46J', 'xL37J', 'xL44J', 'xL53J', 'xL49J', 'xL19J', 'xL4J', 'xL0J', 'xL56J', 'xL33J', 'xL6J', 'xL52J', 'xL42J', 'xL27J', 'xL9J', 'xL47J', 'xL20J', 'xL51J', 'xL55J', 'xL15J', 'xL43J', 'xL58J', 'xL3J', 'xL54J'}
| | | | +-- , 24 , set() , {'xL34J', 'xL26J', 'xL36J', 'xL8J', 'xL45J', 'xL57J', 'xL29J', 'xL40J', 'xL25J', 'xL18J', 'xL14J', 'xL50J', 'xL16J', 'xL37J', 'xL44J', 'xL53J', 'xL49J', 'xL0J', 'xL6J', 'xL33J', 'xL27J', 'xL47J', 'xL20J', 'xL51J', 'xL15J'}
| | | | +-- , 26 , {28} , {'xL34J', 'xL30J', 'xL36J', 'xL26J', 'xL59J', 'xL8J', 'xL22J', 'xL45J', 'xL57J', 'xL1J', 'xL35J', 'xL38J', 'xL24J', 'xL41J', 'xL21J', 'xL25J', 'xL12J', 'xL31J', 'xL23J', 'xL14J', 'xL50J', 'xL16J', 'xL46J', 'xL44J', 'xL53J', 'xL19J', 'xL4J', 'xL56J', 'xL6J', 'xL33J', 'xL52J', 'xL42J', 'xL27J', 'xL9J', 'xL47J', 'xL55J', 'xL32J', 'xL43J', 'xL58J', 'xL3J', 'xL54J'}
| | | | | +-- , 28 , set() , {'xL34J', 'xL30J', 'xL36J', 'xL10J', 'xL26J', 'xL59J', 'xL8J', 'xL57J', 'xL1J', 'xL38J', 'xL24J', 'xL41J', 'xL21J', 'xL25J', 'xL12J', 'xL7J', 'xL23J', 'xL14J', 'xL50J', 'xL16J', 'xL46J', 'xL44J', 'xL53J', 'xL19J', 'xL4J', 'xL6J', 'xL33J', 'xL52J', 'xL27J', 'xL9J', 'xL47J', 'xL55J', 'xL32J', 'xL43J', 'xL58J', 'xL3J', 'xL54J'}
| | +-- , 30 , set() , {'xL5J', 'xL27J', 'xL48J', 'xL31J', 'xL8J', 'xL22J', 'xL21J', 'xL29J', 'xL1J', 'xL6J', 'xL14J', 'xL42J', 'xL19J', 'xL58J', 'xL54J'}


Max number of edges with non zero Y: 28
Max number of iterations of outer rounding loop: 6
Max number of candidate sets: 2
Time spent rounding: 54.142
Time spent solving Separator LP: 19.688

LP Solver: GaifmanNormal