10, 0, 6.945945945945946, 10
+-- , 0 , {29, 3, 13, 25, 27} , {'xL22J', 'xL4J', 'xL17J', 'xL50J', 'xL47J', 'xL35J', 'xL54J', 'xL53J', 'xL44J', 'xL55J', 'xL10J', 'xL40J', 'xL41J', 'xL21J', 'xL16J', 'xL56J', 'xL24J', 'xL6J', 'xL9J', 'xL30J', 'xL15J', 'xL48J', 'xL3J', 'xL11J', 'xL57J', 'xL32J', 'xL20J', 'xL33J', 'xL49J', 'xL59J', 'xL1J', 'xL23J', 'xL29J', 'xL34J', 'xL14J', 'xL27J', 'xL46J', 'xL8J', 'xL42J', 'xL25J', 'xL19J', 'xL52J', 'xL38J', 'xL31J'}
| +-- , 29 , set() , {'xL29J', 'xL17J', 'xL54J', 'xL25J', 'xL8J', 'xL28J', 'xL14J', 'xL1J', 'xL31J', 'xL41J'}
| +-- , 3 , set() , {'xL22J', 'xL11J', 'xL5J', 'xL47J', 'xL57J', 'xL32J', 'xL35J', 'xL54J', 'xL33J', 'xL53J', 'xL44J', 'xL49J', 'xL58J', 'xL1J', 'xL10J', 'xL40J', 'xL23J', 'xL41J', 'xL29J', 'xL21J', 'xL34J', 'xL16J', 'xL14J', 'xL27J', 'xL46J', 'xL24J', 'xL6J', 'xL8J', 'xL42J', 'xL25J', 'xL9J', 'xL19J', 'xL15J', 'xL52J', 'xL48J', 'xL38J', 'xL31J'}
| +-- , 13 , {17, 19} , {'xL22J', 'xL4J', 'xL17J', 'xL50J', 'xL47J', 'xL35J', 'xL54J', 'xL53J', 'xL44J', 'xL55J', 'xL10J', 'xL40J', 'xL41J', 'xL21J', 'xL16J', 'xL56J', 'xL24J', 'xL6J', 'xL9J', 'xL26J', 'xL30J', 'xL15J', 'xL48J', 'xL37J', 'xL3J', 'xL57J', 'xL32J', 'xL20J', 'xL33J', 'xL49J', 'xL59J', 'xL51J', 'xL1J', 'xL23J', 'xL29J', 'xL34J', 'xL14J', 'xL0J', 'xL27J', 'xL46J', 'xL8J', 'xL42J', 'xL25J', 'xL36J', 'xL19J', 'xL52J', 'xL38J', 'xL31J'}
| | +-- , 17 , set() , {'xL50J', 'xL47J', 'xL57J', 'xL32J', 'xL35J', 'xL20J', 'xL54J', 'xL33J', 'xL53J', 'xL44J', 'xL49J', 'xL45J', 'xL51J', 'xL1J', 'xL40J', 'xL23J', 'xL18J', 'xL29J', 'xL34J', 'xL16J', 'xL14J', 'xL0J', 'xL27J', 'xL46J', 'xL6J', 'xL8J', 'xL25J', 'xL26J', 'xL36J', 'xL15J', 'xL52J', 'xL38J', 'xL37J'}
| | +-- , 19 , {21} , {'xL22J', 'xL4J', 'xL17J', 'xL50J', 'xL47J', 'xL35J', 'xL54J', 'xL53J', 'xL44J', 'xL55J', 'xL10J', 'xL40J', 'xL41J', 'xL21J', 'xL56J', 'xL9J', 'xL26J', 'xL30J', 'xL48J', 'xL37J', 'xL3J', 'xL57J', 'xL32J', 'xL20J', 'xL33J', 'xL49J', 'xL59J', 'xL51J', 'xL1J', 'xL23J', 'xL29J', 'xL34J', 'xL14J', 'xL0J', 'xL27J', 'xL46J', 'xL39J', 'xL8J', 'xL42J', 'xL25J', 'xL36J', 'xL19J', 'xL52J', 'xL38J', 'xL31J'}
| | | +-- , 21 , {23} , {'xL4J', 'xL3J', 'xL17J', 'xL43J', 'xL50J', 'xL47J', 'xL57J', 'xL32J', 'xL20J', 'xL54J', 'xL33J', 'xL53J', 'xL44J', 'xL55J', 'xL49J', 'xL59J', 'xL51J', 'xL12J', 'xL1J', 'xL10J', 'xL40J', 'xL41J', 'xL29J', 'xL21J', 'xL34J', 'xL56J', 'xL14J', 'xL0J', 'xL27J', 'xL46J', 'xL39J', 'xL8J', 'xL42J', 'xL25J', 'xL9J', 'xL26J', 'xL36J', 'xL19J', 'xL52J', 'xL48J', 'xL38J', 'xL37J', 'xL31J'}
| | | | +-- , 23 , set() , {'xL4J', 'xL43J', 'xL47J', 'xL57J', 'xL54J', 'xL33J', 'xL53J', 'xL55J', 'xL59J', 'xL12J', 'xL1J', 'xL10J', 'xL41J', 'xL21J', 'xL34J', 'xL14J', 'xL7J', 'xL27J', 'xL46J', 'xL8J', 'xL9J', 'xL52J', 'xL3J'}
| +-- , 25 , set() , {'xL4J', 'xL20J', 'xL11J', 'xL33J', 'xL55J', 'xL34J', 'xL19J', 'xL13J', 'xL6J', 'xL35J'}
| +-- , 27 , set() , {'xL33J', 'xL21J', 'xL49J', 'xL56J', 'xL19J', 'xL15J', 'xL2J', 'xL1J', 'xL27J', 'xL8J'}


Max number of edges with non zero Y: 28
Max number of iterations of outer rounding loop: 5
Max number of candidate sets: 2
Time spent rounding: 49.732
Time spent solving Separator LP: 0.168

LP Solver: gammaPlusFractionalCoverHeuristic9, 0, 7.214285714285714, 10
+-- , 0 , {5, 21} , {'xL26J', 'xL59J', 'xL8J', 'xL40J', 'xL25J', 'xL17J', 'xL12J', 'xL23J', 'xL44J', 'xL5J', 'xL56J', 'xL33J', 'xL52J', 'xL11J', 'xL27J', 'xL55J', 'xL15J', 'xL32J', 'xL3J', 'xL54J', 'xL34J', 'xL48J', 'xL13J', 'xL22J', 'xL45J', 'xL29J', 'xL1J', 'xL35J', 'xL38J', 'xL41J', 'xL21J', 'xL31J', 'xL14J', 'xL49J', 'xL19J', 'xL4J', 'xL6J', 'xL42J', 'xL2J', 'xL9J', 'xL20J'}
| +-- , 5 , {7} , {'xL26J', 'xL59J', 'xL8J', 'xL57J', 'xL40J', 'xL25J', 'xL17J', 'xL12J', 'xL23J', 'xL50J', 'xL44J', 'xL53J', 'xL5J', 'xL56J', 'xL33J', 'xL52J', 'xL11J', 'xL27J', 'xL51J', 'xL55J', 'xL15J', 'xL32J', 'xL3J', 'xL54J', 'xL34J', 'xL48J', 'xL36J', 'xL22J', 'xL45J', 'xL29J', 'xL1J', 'xL35J', 'xL38J', 'xL41J', 'xL21J', 'xL31J', 'xL14J', 'xL46J', 'xL49J', 'xL19J', 'xL4J', 'xL6J', 'xL42J', 'xL9J', 'xL47J', 'xL20J', 'xL58J'}
| | +-- , 7 , {9} , {'xL26J', 'xL59J', 'xL8J', 'xL57J', 'xL40J', 'xL25J', 'xL12J', 'xL23J', 'xL50J', 'xL44J', 'xL53J', 'xL56J', 'xL33J', 'xL52J', 'xL27J', 'xL51J', 'xL55J', 'xL15J', 'xL32J', 'xL3J', 'xL54J', 'xL34J', 'xL48J', 'xL36J', 'xL22J', 'xL45J', 'xL29J', 'xL1J', 'xL35J', 'xL38J', 'xL41J', 'xL21J', 'xL31J', 'xL14J', 'xL16J', 'xL46J', 'xL49J', 'xL19J', 'xL4J', 'xL6J', 'xL42J', 'xL9J', 'xL47J', 'xL20J', 'xL58J'}
| | | +-- , 9 , {19, 12} , {'xL34J', 'xL26J', 'xL48J', 'xL59J', 'xL36J', 'xL30J', 'xL8J', 'xL57J', 'xL22J', 'xL45J', 'xL29J', 'xL1J', 'xL35J', 'xL38J', 'xL40J', 'xL41J', 'xL21J', 'xL25J', 'xL12J', 'xL31J', 'xL23J', 'xL50J', 'xL14J', 'xL16J', 'xL46J', 'xL44J', 'xL53J', 'xL49J', 'xL19J', 'xL4J', 'xL0J', 'xL56J', 'xL33J', 'xL6J', 'xL52J', 'xL27J', 'xL9J', 'xL47J', 'xL20J', 'xL51J', 'xL55J', 'xL15J', 'xL32J', 'xL58J', 'xL3J', 'xL54J'}
| | | | +-- , 19 , set() , {'xL30J', 'xL36J', 'xL59J', 'xL22J', 'xL57J', 'xL1J', 'xL35J', 'xL38J', 'xL40J', 'xL25J', 'xL12J', 'xL23J', 'xL14J', 'xL46J', 'xL39J', 'xL44J', 'xL49J', 'xL0J', 'xL56J', 'xL33J', 'xL9J', 'xL51J', 'xL3J'}
| | | | +-- , 12 , {17, 15} , {'xL26J', 'xL59J', 'xL8J', 'xL57J', 'xL24J', 'xL40J', 'xL25J', 'xL12J', 'xL23J', 'xL50J', 'xL44J', 'xL53J', 'xL0J', 'xL56J', 'xL33J', 'xL52J', 'xL27J', 'xL51J', 'xL55J', 'xL15J', 'xL32J', 'xL3J', 'xL54J', 'xL34J', 'xL48J', 'xL36J', 'xL30J', 'xL22J', 'xL45J', 'xL29J', 'xL1J', 'xL38J', 'xL41J', 'xL21J', 'xL31J', 'xL14J', 'xL16J', 'xL46J', 'xL49J', 'xL19J', 'xL4J', 'xL6J', 'xL9J', 'xL47J', 'xL20J', 'xL43J', 'xL58J'}
| | | | | +-- , 17 , set() , {'xL34J', 'xL30J', 'xL36J', 'xL10J', 'xL26J', 'xL59J', 'xL8J', 'xL57J', 'xL1J', 'xL38J', 'xL24J', 'xL41J', 'xL21J', 'xL25J', 'xL12J', 'xL7J', 'xL23J', 'xL14J', 'xL50J', 'xL16J', 'xL46J', 'xL44J', 'xL53J', 'xL19J', 'xL4J', 'xL6J', 'xL33J', 'xL52J', 'xL27J', 'xL9J', 'xL47J', 'xL55J', 'xL32J', 'xL43J', 'xL58J', 'xL3J', 'xL54J'}
| | | | | +-- , 15 , set() , {'xL34J', 'xL48J', 'xL36J', 'xL30J', 'xL26J', 'xL59J', 'xL8J', 'xL45J', 'xL57J', 'xL29J', 'xL24J', 'xL41J', 'xL40J', 'xL25J', 'xL18J', 'xL14J', 'xL50J', 'xL16J', 'xL37J', 'xL44J', 'xL53J', 'xL49J', 'xL0J', 'xL56J', 'xL6J', 'xL33J', 'xL27J', 'xL47J', 'xL20J', 'xL51J', 'xL55J', 'xL15J', 'xL43J', 'xL3J'}
| +-- , 21 , set() , {'xL31J', 'xL8J', 'xL28J', 'xL29J', 'xL1J', 'xL14J', 'xL17J', 'xL41J', 'xL25J', 'xL54J'}


Max number of edges with non zero Y: 28
Max number of iterations of outer rounding loop: 5
Max number of candidate sets: 2
Time spent rounding: 19.855
Time spent solving Separator LP: 0.059

LP Solver: gammaPlusFractionalCoverHeuristic