26, 2.7497533867376505, 6.5, 7
+-- , 0 , {3, 35, 55} , {'xL9J', 'xL47J', 'xL20J', 'xL19J', 'xL55J', 'xL23J', 'xL41J', 'xL22J', 'xL48J', 'xL44J', 'xL32J'}
| +-- , 3 , {5} , {'xL47J', 'xL55J', 'xL4J', 'xL22J', 'xL11J', 'xL9J', 'xL20J', 'xL19J', 'xL23J', 'xL21J', 'xL41J', 'xL10J', 'xL44J', 'xL32J'}
| | +-- , 5 , {7} , {'xL47J', 'xL55J', 'xL4J', 'xL26J', 'xL11J', 'xL51J', 'xL20J', 'xL19J', 'xL41J', 'xL10J', 'xL44J', 'xL32J'}
| | | +-- , 7 , {9, 27} , {'xL47J', 'xL55J', 'xL4J', 'xL52J', 'xL26J', 'xL11J', 'xL51J', 'xL20J', 'xL19J', 'xL29J', 'xL10J', 'xL44J', 'xL32J'}
| | | | +-- , 9 , {11, 18} , {'xL51J', 'xL6J', 'xL11J', 'xL55J', 'xL52J', 'xL29J', 'xL26J', 'xL10J', 'xL32J'}
| | | | | +-- , 11 , {13} , {'xL35J', 'xL6J', 'xL55J', 'xL10J', 'xL56J', 'xL11J', 'xL32J'}
| | | | | | +-- , 13 , {16} , {'xL35J', 'xL55J', 'xL10J', 'xL30J', 'xL56J', 'xL34J', 'xL11J', 'xL33J', 'xL32J'}
| | | | | | | +-- , 16 , set() , {'xL11J', 'xL55J', 'xL54J', 'xL31J', 'xL30J', 'xL10J', 'xL33J', 'xL53J', 'xL32J'}
| | | | | +-- , 18 , {20} , {'xL8J', 'xL51J', 'xL6J', 'xL7J', 'xL52J', 'xL29J', 'xL26J'}
| | | | | | +-- , 20 , {23} , {'xL8J', 'xL51J', 'xL49J', 'xL7J', 'xL29J', 'xL52J', 'xL50J', 'xL26J', 'xL27J'}
| | | | | | | +-- , 23 , {25} , {'xL25J', 'xL51J', 'xL29J', 'xL24J', 'xL52J', 'xL50J', 'xL26J', 'xL27J'}
| | | | | | | | +-- , 25 , set() , {'xL28J', 'xL24J', 'xL52J', 'xL29J', 'xL27J'}
| | | | +-- , 27 , {29} , {'xL20J', 'xL47J', 'xL19J', 'xL4J', 'xL52J', 'xL29J', 'xL44J', 'xL3J'}
| | | | | +-- , 29 , {31} , {'xL47J', 'xL20J', 'xL19J', 'xL4J', 'xL5J', 'xL44J', 'xL3J'}
| | | | | | +-- , 31 , {33} , {'xL20J', 'xL47J', 'xL19J', 'xL45J', 'xL5J', 'xL44J'}
| | | | | | | +-- , 33 , set() , {'xL46J', 'xL20J', 'xL47J', 'xL19J', 'xL45J'}
| +-- , 35 , {37} , {'xL9J', 'xL23J', 'xL17J', 'xL41J', 'xL43J', 'xL48J', 'xL0J'}
| | +-- , 37 , {39} , {'xL40J', 'xL17J', 'xL14J', 'xL41J', 'xL43J', 'xL0J'}
| | | +-- , 39 , {41} , {'xL40J', 'xL1J', 'xL2J', 'xL17J', 'xL14J', 'xL43J', 'xL0J'}
| | | | +-- , 41 , {51, 45} , {'xL15J', 'xL40J', 'xL1J', 'xL2J', 'xL38J', 'xL17J', 'xL14J', 'xL43J', 'xL59J', 'xL36J', 'xL39J'}
| | | | | +-- , 51 , {53} , {'xL15J', 'xL40J', 'xL42J', 'xL38J', 'xL17J', 'xL14J', 'xL43J', 'xL59J', 'xL16J', 'xL12J'}
| | | | | | +-- , 53 , set() , {'xL40J', 'xL42J', 'xL14J', 'xL13J', 'xL12J'}
| | | | | +-- , 45 , {49, 47} , {'xL58J', 'xL1J', 'xL2J', 'xL38J', 'xL59J', 'xL36J', 'xL39J'}
| | | | | | +-- , 49 , set() , {'xL58J', 'xL1J', 'xL57J', 'xL2J', 'xL39J'}
| | | | | | +-- , 47 , set() , {'xL58J', 'xL38J', 'xL59J', 'xL37J', 'xL36J'}
| +-- , 55 , set() , {'xL20J', 'xL19J', 'xL22J', 'xL18J', 'xL48J'}


Max number of edges with non zero Y: 16
Max number of iterations of outer rounding loop: 3
Max number of candidate sets: 2
Time spent rounding: 7.276
Time spent solving Separator LP: 0.774
Total time spent solving: 11.090

LP Solver: GaifmanBoosted
Lower Bound Witness = ({'xL40J', 'xL57J', 'xL7J', 'xL54J', 'xL17J', 'xL31J', 'xL45J', 'xL38J', 'xL30J', 'xL52J', 'xL13J', 'xL50J', 'xL26J', 'xL11J', 'xL27J', 'xL48J', 'xL33J', 'xL39J', 'xL35J', 'xL15J', 'xL8J', 'xL51J', 'xL49J', 'xL20J', 'xL1J', 'xL23J', 'xL14J', 'xL21J', 'xL41J', 'xL24J', 'xL43J', 'xL44J', 'xL46J', 'xL47J', 'xL42J', 'xL6J', 'xL55J', 'xL4J', 'xL22J', 'xL18J', 'xL56J', 'xL37J', 'xL36J', 'xL3J', 'xL0J', 'xL16J', 'xL53J', 'xL9J', 'xL25J', 'xL28J', 'xL58J', 'xL19J', 'xL2J', 'xL5J', 'xL29J', 'xL34J', 'xL10J', 'xL59J', 'xL32J', 'xL12J'}, {'xL40J', 'xL57J', 'xL38J', 'xL17J', 'xL45J', 'xL27J', 'xL33J', 'xL35J', 'xL8J', 'xL51J', 'xL20J', 'xL21J', 'xL41J', 'xL43J', 'xL6J', 'xL55J', 'xL4J', 'xL18J', 'xL56J', 'xL3J', 'xL0J', 'xL9J', 'xL2J', 'xL59J', 'xL10J', 'xL32J', 'xL12J'})