13, 4.0, 5.0, 5
+-- , 0 , {20, 6, 24, 28} , {'31', '14', '8', '12', '13', '9', '3', '15', '30', '16', '11', '23', '20', '2', '10', '33', '5'}
| +-- , 20 , {22} , {'31', '29', '18', '3', '15', '10', '30', '33'}
| | +-- , 22 , set() , {'18', '31', '25', '10'}
| +-- , 6 , {16, 18, 8} , {'14', '12', '13', '9', '3', '15', '30', '16', '27', '23', '20', '2', '17', '10', '33', '22', '5'}
| | +-- , 16 , set() , {'16', '6', '27', '13', '3', '2', '10', '33'}
| | +-- , 18 , set() , {'16', '9', '2', '17', '30', '24'}
| | +-- , 8 , {10} , {'12', '13', '9', '3', '15', '30', '16', '1', '27', '23', '20', '2', '17', '0', '33', '10', '22', '5'}
| | | +-- , 10 , {12} , {'12', '13', '9', '15', '30', '21', '16', '1', '27', '23', '2', '0', '10', '22', '20'}
| | | | +-- , 12 , {14} , {'12', '13', '9', '15', '30', '32', '21', '7', '16', '1', '27', '2', '0', '10', '22', '20'}
| | | | | +-- , 14 , set() , {'7', '12', '13', '9', '15', '26', '32'}
| +-- , 24 , {26} , {'31', '19', '11', '5'}
| | +-- , 26 , set() , {'19', '28', '11'}
| +-- , 28 , set() , {'3', '4', '9', '15'}


Max number of edges with non zero Y: 4
Max number of iterations of outer rounding loop: 0
Max number of candidate sets: 0
Time spent rounding: 0.000
Time spent solving Separator LP: 5.375
Total time spent solving: 5.967

LP Solver: GaifmanNormalILP
Lower Bound Witness = ({'31', '8', '14', '13', '19', '28', '30', '26', '18', '32', '21', '1', '2', '17', '0', '33', '22', '12', '4', '9', '3', '15', '7', '16', '6', '24', '27', '11', '5', '23', '29', '10', '25', '20'}, {'8', '14', '13', '19', '28', '18', '21', '1', '2', '17', '0', '33', '4', '3', '7', '16', '6', '27', '11', '23', '20', '10', '5'})