14, 1.7607765367657064, 6.0, 6
+-- , 0 , {8, 32} , {'13', '9', '3', '15', '30', '32', '7', '16', '6', '1', '27', '11', '29', '20', '2', '0', '33', '22', '5'}
| +-- , 8 , {10, 30} , {'12', '13', '9', '3', '15', '30', '32', '7', '16', '6', '1', '27', '11', '5', '29', '2', '0', '33', '20'}
| | +-- , 10 , {12} , {'14', '12', '13', '9', '3', '15', '30', '32', '16', '6', '1', '27', '11', '29', '2', '0', '33', '5'}
| | | +-- , 12 , {16, 14} , {'14', '13', '9', '3', '30', '32', '16', '6', '1', '27', '11', '23', '29', '2', '0', '33', '5'}
| | | | +-- , 16 , {18} , {'13', '9', '3', '30', '18', '32', '16', '6', '1', '27', '11', '23', '29', '2', '33', '5'}
| | | | | +-- , 18 , {28, 20} , {'13', '9', '3', '30', '18', '32', '16', '6', '1', '27', '11', '23', '2', '10', '33', '5'}
| | | | | | +-- , 28 , set() , {'16', '1', '27', '13', '9', '2', '17', '10', '30', '24'}
| | | | | | +-- , 20 , {24, 22} , {'31', '11', '23', '13', '2', '10', '18', '25', '5'}
| | | | | | | +-- , 24 , {26} , {'31', '19', '11', '5'}
| | | | | | | | +-- , 26 , set() , {'19', '28', '11'}
| | | | | | | +-- , 22 , set() , {'31', '8', '23', '13', '2', '10'}
| | | | +-- , 14 , set() , {'21', '1', '27', '23', '2', '0', '32'}
| | +-- , 30 , set() , {'7', '12', '13', '9', '15', '26', '32'}
| +-- , 32 , set() , {'3', '4', '9', '15'}


Max number of edges with non zero Y: 19
Max number of iterations of outer rounding loop: 6
Max number of candidate sets: 2
Time spent rounding: 23.458
Time spent solving Separator LP: 0.794
Total time spent solving: 27.465

LP Solver: GaifmanNormal
Lower Bound Witness = ({'31', '8', '14', '13', '19', '28', '30', '26', '18', '32', '21', '1', '2', '17', '0', '33', '12', '9', '3', '15', '7', '16', '6', '24', '27', '11', '5', '23', '29', '10', '25', '20'}, {'7', '16', '6', '1', '27', '11', '5', '29', '13', '9', '3', '2', '15', '0', '30', '33', '32', '20'})