17, 3.037889630273455, 9.0, 10
+-- , 0 , {34, 3, 24} , {'xL1J', 'xL3J', 'xL32J', 'xL7J', 'xL6J', 'xL27J', 'xL30J', 'xL23J', 'xL8J', 'xL25J', 'xL35J', 'xL38J', 'xL28J', 'xL16J', 'xL11J', 'xL18J'}
| +-- , 34 , set() , {'xL35J', 'xL11J', 'xL33J'}
| +-- , 3 , {8, 6} , {'xL12J', 'xL1J', 'xL3J', 'xL32J', 'xL6J', 'xL30J', 'xL27J', 'xL23J', 'xL8J', 'xL25J', 'xL35J', 'xL38J', 'xL28J', 'xL10J', 'xL16J', 'xL11J', 'xL18J'}
| | +-- , 8 , {10, 22} , {'xL12J', 'xL3J', 'xL32J', 'xL6J', 'xL30J', 'xL23J', 'xL8J', 'xL25J', 'xL35J', 'xL38J', 'xL28J', 'xL10J', 'xL0J', 'xL16J', 'xL11J', 'xL18J'}
| | | +-- , 10 , {20, 12} , {'xL12J', 'xL3J', 'xL32J', 'xL6J', 'xL23J', 'xL8J', 'xL25J', 'xL35J', 'xL38J', 'xL21J', 'xL28J', 'xL10J', 'xL0J', 'xL16J', 'xL39J', 'xL18J'}
| | | | +-- , 20 , set() , {'xL34J', 'xL35J', 'xL3J', 'xL15J', 'xL10J', 'xL39J', 'xL23J'}
| | | | +-- , 12 , {16, 14} , {'xL12J', 'xL3J', 'xL32J', 'xL6J', 'xL36J', 'xL23J', 'xL8J', 'xL25J', 'xL28J', 'xL0J', 'xL39J', 'xL18J'}
| | | | | +-- , 16 , {18} , {'xL8J', 'xL12J', 'xL3J', 'xL28J', 'xL6J', 'xL36J', 'xL24J', 'xL23J'}
| | | | | | +-- , 18 , set() , {'xL8J', 'xL3J', 'xL24J', 'xL14J'}
| | | | | +-- , 14 , set() , {'xL25J', 'xL3J', 'xL2J', 'xL32J', 'xL0J', 'xL36J', 'xL20J', 'xL39J'}
| | | +-- , 22 , set() , {'xL8J', 'xL35J', 'xL30J', 'xL0J', 'xL13J'}
| | +-- , 6 , set() , {'xL12J', 'xL25J', 'xL32J', 'xL38J', 'xL17J'}
| +-- , 24 , {32, 26} , {'xL5J', 'xL1J', 'xL3J', 'xL32J', 'xL7J', 'xL6J', 'xL30J', 'xL27J', 'xL23J', 'xL8J', 'xL25J', 'xL29J', 'xL35J', 'xL28J', 'xL16J', 'xL11J', 'xL18J', 'xL26J'}
| | +-- , 32 , set() , {'xL1J', 'xL19J', 'xL29J'}
| | +-- , 26 , {28, 30} , {'xL8J', 'xL5J', 'xL25J', 'xL29J', 'xL31J', 'xL3J', 'xL32J', 'xL28J', 'xL37J', 'xL27J', 'xL26J'}
| | | +-- , 28 , set() , {'xL5J', 'xL26J', 'xL3J', 'xL32J', 'xL9J', 'xL37J'}
| | | +-- , 30 , set() , {'xL8J', 'xL25J', 'xL29J', 'xL31J', 'xL4J', 'xL32J', 'xL28J', 'xL22J', 'xL37J'}


Max number of edges with non zero Y: 30
Max number of iterations of outer rounding loop: 6
Max number of candidate sets: 2
Time spent rounding: 10.402
Time spent solving Separator LP: 0.441

LP Solver: GaifmanNormal