21, 2.0973885314307226, 7.5, 8
+-- , 0 , {49, 6, 12, 47} , {'xL23J', 'xL19J', 'xL1J', 'xL29J', 'xL11J', 'xL15J', 'xL38J', 'xL35J', 'xL25J', 'xL24J', 'xL9J', 'xL12J'}
| +-- , 49 , set() , {'xL27J', 'xL19J', 'xL0J', 'xL15J', 'xL24J', 'xL9J'}
| +-- , 6 , {8} , {'xL23J', 'xL38J', 'xL17J', 'xL24J', 'xL9J', 'xL12J'}
| | +-- , 8 , {10} , {'xL23J', 'xL6J', 'xL38J', 'xL17J', 'xL24J', 'xL12J'}
| | | +-- , 10 , set() , {'xL23J', 'xL36J', 'xL6J', 'xL17J', 'xL24J'}
| +-- , 12 , {14} , {'xL38J', 'xL31J', 'xL24J', 'xL9J', 'xL12J', 'xL23J', 'xL19J', 'xL1J', 'xL15J', 'xL35J', 'xL25J'}
| | +-- , 14 , {18} , {'xL39J', 'xL38J', 'xL2J', 'xL31J', 'xL24J', 'xL9J', 'xL23J', 'xL19J', 'xL1J', 'xL15J', 'xL35J', 'xL33J', 'xL25J'}
| | | +-- , 18 , {21} , {'xL39J', 'xL38J', 'xL2J', 'xL31J', 'xL24J', 'xL26J', 'xL9J', 'xL23J', 'xL19J', 'xL10J', 'xL15J', 'xL35J', 'xL33J', 'xL25J'}
| | | | +-- , 21 , {23} , {'xL4J', 'xL39J', 'xL38J', 'xL2J', 'xL31J', 'xL26J', 'xL9J', 'xL23J', 'xL19J', 'xL10J', 'xL15J', 'xL35J', 'xL33J'}
| | | | | +-- , 23 , {25} , {'xL3J', 'xL4J', 'xL39J', 'xL38J', 'xL2J', 'xL26J', 'xL9J', 'xL23J', 'xL19J', 'xL10J', 'xL15J', 'xL35J', 'xL33J'}
| | | | | | +-- , 25 , {41, 43, 29} , {'xL3J', 'xL4J', 'xL18J', 'xL39J', 'xL38J', 'xL2J', 'xL20J', 'xL14J', 'xL26J', 'xL9J', 'xL19J', 'xL10J', 'xL15J', 'xL35J', 'xL33J'}
| | | | | | | +-- , 41 , set() , {'xL4J', 'xL34J', 'xL14J', 'xL19J'}
| | | | | | | +-- , 43 , {45} , {'xL8J', 'xL4J', 'xL14J', 'xL9J'}
| | | | | | | | +-- , 45 , set() , {'xL8J', 'xL5J'}
| | | | | | | +-- , 29 , {33, 35, 31} , {'xL26J', 'xL19J', 'xL4J', 'xL18J', 'xL16J', 'xL39J', 'xL10J', 'xL15J', 'xL38J', 'xL35J', 'xL33J', 'xL2J', 'xL20J', 'xL14J', 'xL9J'}
| | | | | | | | +-- , 33 , set() , {'xL19J', 'xL16J', 'xL22J', 'xL2J', 'xL26J'}
| | | | | | | | +-- , 35 , {37} , {'xL37J', 'xL4J', 'xL18J', 'xL39J', 'xL38J', 'xL2J', 'xL20J', 'xL14J', 'xL26J', 'xL9J', 'xL32J', 'xL16J', 'xL10J', 'xL35J'}
| | | | | | | | | +-- , 37 , {39} , {'xL37J', 'xL4J', 'xL35J', 'xL39J', 'xL10J', 'xL21J', 'xL30J', 'xL20J', 'xL14J', 'xL9J'}
| | | | | | | | | | +-- , 39 , set() , {'xL7J', 'xL30J', 'xL39J'}
| | | | | | | | +-- , 31 , set() , {'xL16J', 'xL13J', 'xL14J'}
| +-- , 47 , set() , {'xL28J', 'xL24J', 'xL9J'}


Max number of edges with non zero Y: 21
Max number of iterations of outer rounding loop: 7
Max number of candidate sets: 2
Time spent rounding: 65.057
Time spent solving Separator LP: 1.258

LP Solver: GaifmanNormal