18, 3.014975657616934, 9.0, 10
+-- , 0 , {41, 3} , {'81', '0', '30', '29', '9', '64', '72', '73', '25', '68', '39', '56', '17', '31', '63', '1', '61', '13', '47', '27', '74', '58', '43', '59', '54'}
| +-- , 41 , set() , {'30', '47', '28', '43', '39', '73', '17', '31'}
| +-- , 3 , {5} , {'0', '49', '30', '29', '9', '15', '64', '72', '73', '25', '77', '3', '21', '68', '76', '39', '56', '17', '31', '1', '63', '62', '61', '13', '47', '27', '74', '58', '43', '59', '54'}
| | +-- , 5 , {8} , {'0', '49', '41', '30', '29', '9', '15', '64', '72', '73', '25', '77', '3', '21', '24', '68', '76', '39', '56', '17', '31', '1', '67', '63', '62', '14', '61', '13', '47', '27', '44', '16', '58', '43', '59', '54'}
| | | +-- , 8 , {35, 15} , {'0', '10', '49', '41', '5', '15', '2', '73', '25', '3', '69', '68', '39', '67', '1', '61', '47', '27', '58', '59', '54', '19', '30', '35', '29', '9', '64', '72', '77', '24', '21', '38', '76', '56', '17', '31', '63', '52', '46', '62', '23', '14', '84', '80', '44', '16', '43'}
| | | | +-- , 35 , {37, 39} , {'10', '49', '30', '22', '35', '5', '2', '64', '72', '25', '77', '69', '24', '21', '38', '76', '39', '56', '31', '67', '1', '63', '46', '62', '23', '84', '61', '78', '47', '27', '80', '37', '44', '43', '59', '54', '19', '51'}
| | | | | +-- , 37 , set() , {'27', '69', '32', '12', '22', '44', '57', '51'}
| | | | | +-- , 39 , set() , {'35', '5', '25', '77', '21', '48', '38', '39', '67', '1', '46', '8', '84', '61', '80', '37', '43', '54', '19'}
| | | | +-- , 15 , {17, 33} , {'0', '10', '49', '41', '30', '35', '29', '5', '9', '15', '2', '64', '72', '73', '25', '77', '69', '3', '6', '24', '21', '68', '38', '39', '76', '56', '17', '31', '67', '63', '52', '46', '62', '23', '14', '84', '61', '47', '42', '80', '44', '16', '58', '43', '59', '54', '19'}
| | | | | +-- , 17 , {19, 21} , {'0', '10', '49', '41', '5', '15', '2', '73', '25', '69', '3', '68', '39', '67', '66', '60', '61', '47', '42', '58', '59', '54', '19', '30', '35', '29', '9', '64', '72', '77', '6', '24', '21', '38', '56', '17', '31', '63', '52', '46', '62', '23', '14', '84', '80', '44', '16', '43', '71'}
| | | | | | +-- , 19 , set() , {'0', '10', '41', '29', '9', '20', '15', '2', '72', '73', '25', '83', '6', '21', '68', '39', '75', '17', '31', '52', '46', '62', '66', '14', '84', '60', '45', '47', '42', '65', '16', '58', '71', '59', '54'}
| | | | | | +-- , 21 , {23, 25, 27} , {'10', '49', '41', '30', '34', '9', '5', '64', '72', '73', '25', '77', '69', '3', '24', '21', '68', '39', '56', '31', '67', '52', '63', '62', '23', '66', '14', '60', '61', '47', '42', '80', '44', '16', '58', '43', '71', '59', '54', '19'}
| | | | | | | +-- , 23 , set() , {'25', '4', '23', '34', '44', '7', '58', '24', '60', '43', '56', '64', '73', '42'}
| | | | | | | +-- , 25 , set() , {'52', '77', '30', '66', '14', '34', '24', '58', '40', '68', '9', '54', '19', '31'}
| | | | | | | +-- , 27 , {29, 31} , {'10', '49', '41', '34', '5', '64', '72', '73', '77', '69', '3', '24', '21', '18', '68', '39', '56', '67', '52', '63', '53', '62', '50', '23', '61', '47', '55', '80', '44', '16', '71', '59', '19'}
| | | | | | | | +-- , 29 , set() , {'63', '55', '79', '77', '62', '50', '16', '26', '18', '71', '59', '5', '19', '72', '47'}
| | | | | | | | +-- , 31 , set() , {'62', '41', '23', '21', '18', '5', '61', '82'}
| | | | | +-- , 33 , set() , {'33', '84', '6', '21', '43', '76', '64', '73'}


Max number of edges with non zero Y: 30
Max number of iterations of outer rounding loop: 6
Max number of candidate sets: 2
Time spent rounding: 37.206
Time spent solving Separator LP: 9.778
Total time spent solving: 53.454

LP Solver: GaifmanNormal
Lower Bound Witness = ({'10', '41', '7', '15', '25', '69', '3', '39', '1', '50', '33', '4', '66', '60', '45', '61', '27', '55', '58', '54', '40', '30', '35', '57', '29', '72', '77', '6', '24', '48', '38', '75', '56', '17', '31', '63', '46', '62', '8', '23', '14', '44', '16', '43', '0', '49', '22', '34', '5', '2', '73', '83', '68', '82', '67', '78', '47', '42', '65', '59', '19', '79', '12', '9', '20', '64', '21', '18', '76', '52', '53', '84', '26', '80', '37', '32', '71', '51'}, {'0', '49', '41', '30', '35', '29', '9', '5', '15', '64', '72', '73', '25', '77', '3', '24', '21', '38', '68', '39', '56', '76', '17', '31', '67', '52', '1', '63', '46', '62', '14', '84', '61', '47', '27', '80', '44', '16', '58', '43', '59', '54', '19'})