24, 3.0127818743466404, 9.416666666666666, 12
+-- , 0 , {3, 53} , {'10', '79', '41', '22', '29', '9', '5', '20', '64', '72', '73', '77', '6', '21', '48', '39', '56', '17', '31', '63', '8', '23', '84', '26', '61', '78', '47', '55', '80', '37', '65', '19'}
| +-- , 3 , {51, 7} , {'10', '41', '22', '29', '9', '5', '15', '20', '64', '72', '73', '77', '6', '21', '48', '39', '56', '17', '31', '63', '52', '62', '8', '23', '50', '84', '26', '61', '78', '47', '55', '80', '37', '65', '16', '71', '59', '19'}
| | +-- , 51 , set() , {'62', '41', '23', '50', '16', '21', '26', '18', '71', '61', '59', '5', '19', '82'}
| | +-- , 7 , {12} , {'10', '41', '22', '34', '5', '15', '73', '69', '39', '67', '50', '61', '78', '47', '55', '65', '59', '19', '35', '29', '9', '20', '64', '72', '77', '6', '24', '21', '48', '56', '17', '31', '63', '52', '46', '62', '8', '23', '84', '80', '37', '16', '71', '43'}
| | | +-- , 12 , {49, 14} , {'10', '49', '41', '22', '34', '5', '15', '73', '69', '39', '67', '50', '61', '78', '47', '55', '65', '59', '54', '19', '30', '35', '29', '9', '20', '64', '72', '77', '6', '24', '21', '56', '17', '31', '63', '52', '46', '62', '8', '23', '84', '80', '37', '16', '43', '71'}
| | | | +-- , 49 , set() , {'31', '30', '47', '28', '43', '39', '17', '73'}
| | | | +-- , 14 , {16} , {'10', '49', '41', '22', '34', '5', '15', '73', '25', '69', '39', '67', '1', '50', '61', '47', '55', '65', '59', '54', '19', '30', '35', '29', '9', '20', '64', '72', '77', '6', '24', '21', '38', '56', '17', '31', '63', '52', '46', '62', '8', '23', '84', '80', '37', '16', '43', '71'}
| | | | | +-- , 16 , {18} , {'10', '49', '41', '22', '34', '5', '15', '73', '25', '69', '39', '67', '1', '50', '61', '47', '55', '65', '59', '54', '19', '30', '35', '29', '9', '20', '64', '72', '77', '6', '24', '21', '38', '56', '17', '31', '63', '52', '46', '62', '23', '84', '80', '44', '16', '43', '71'}
| | | | | | +-- , 18 , {21} , {'10', '49', '41', '22', '34', '7', '5', '15', '73', '25', '69', '39', '67', '1', '61', '47', '42', '55', '65', '58', '59', '54', '19', '30', '35', '29', '9', '20', '64', '72', '77', '6', '24', '21', '38', '56', '17', '31', '63', '52', '46', '62', '23', '84', '80', '44', '16', '43', '71'}
| | | | | | | +-- , 21 , {23, 47} , {'10', '49', '41', '22', '34', '7', '5', '15', '73', '25', '69', '39', '67', '1', '60', '61', '47', '42', '55', '65', '58', '59', '54', '19', '30', '35', '29', '9', '20', '64', '72', '77', '6', '24', '21', '38', '56', '17', '31', '63', '52', '46', '62', '84', '80', '44', '16', '43', '71'}
| | | | | | | | +-- , 23 , {25, 27} , {'10', '49', '41', '22', '34', '5', '15', '73', '25', '69', '39', '67', '1', '60', '45', '61', '47', '42', '55', '65', '58', '59', '54', '19', '30', '35', '29', '9', '20', '64', '72', '77', '6', '24', '21', '38', '56', '17', '31', '63', '52', '46', '62', '84', '80', '44', '16', '43', '71'}
| | | | | | | | | +-- , 25 , set() , {'83', '62', '84', '58', '45', '39', '15'}
| | | | | | | | | +-- , 27 , {29} , {'10', '49', '41', '22', '34', '5', '15', '73', '25', '69', '67', '1', '66', '60', '45', '61', '47', '42', '55', '65', '58', '59', '54', '19', '30', '35', '29', '9', '20', '64', '72', '77', '6', '24', '21', '38', '56', '17', '31', '63', '52', '46', '62', '84', '80', '44', '16', '43', '71'}
| | | | | | | | | | +-- , 29 , {45, 31} , {'0', '10', '49', '41', '22', '34', '5', '15', '73', '25', '69', '67', '1', '66', '60', '45', '61', '47', '42', '55', '65', '58', '59', '54', '19', '30', '29', '9', '20', '64', '72', '77', '6', '24', '21', '56', '17', '31', '63', '52', '46', '62', '14', '84', '80', '44', '16', '43', '71'}
| | | | | | | | | | | +-- , 45 , set() , {'0', '25', '67', '1', '41', '14', '44', '16', '24', '59', '17', '61', '13'}
| | | | | | | | | | | +-- , 31 , {33, 43} , {'0', '10', '49', '41', '30', '22', '34', '29', '5', '9', '15', '20', '64', '72', '73', '25', '77', '69', '6', '24', '21', '68', '56', '17', '31', '67', '1', '63', '52', '46', '62', '66', '14', '84', '60', '45', '47', '42', '55', '80', '65', '44', '16', '58', '43', '71', '59', '54', '19'}
| | | | | | | | | | | | +-- , 33 , {35} , {'0', '10', '49', '41', '22', '29', '20', '15', '2', '64', '73', '25', '77', '69', '6', '21', '68', '75', '56', '17', '67', '63', '46', '62', '66', '14', '84', '60', '45', '47', '42', '55', '80', '65', '44', '16', '58', '43', '71', '54'}
| | | | | | | | | | | | | +-- , 35 , {37, 39, 41} , {'10', '49', '22', '15', '2', '64', '73', '77', '69', '3', '6', '21', '68', '76', '56', '67', '63', '53', '62', '84', '47', '55', '80', '44', '16', '58', '43', '54'}
| | | | | | | | | | | | | | +-- , 37 , set() , {'49', '62', '3', '74', '21', '76', '56', '15'}
| | | | | | | | | | | | | | +-- , 39 , set() , {'10', '12', '22', '57', '2', '64', '77', '69', '68', '76', '56', '63', '62', '47', '27', '32', '44', '58', '54', '51'}
| | | | | | | | | | | | | | +-- , 41 , set() , {'33', '84', '6', '21', '43', '76', '64', '73'}
| | | | | | | | | | | | +-- , 43 , set() , {'52', '77', '30', '66', '14', '34', '24', '58', '40', '68', '9', '54', '19', '31'}
| | | | | | | | +-- , 47 , set() , {'25', '4', '34', '44', '7', '60', '43', '64'}
| +-- , 53 , set() , {'81', '64', '29', '9', '56', '61', '17', '72'}


Max number of edges with non zero Y: 31
Max number of iterations of outer rounding loop: 11
Max number of candidate sets: 2
Time spent rounding: 49.856
Time spent solving Separator LP: 17.524
Total time spent solving: 76.116

LP Solver: GaifmanNormal
Lower Bound Witness = ({'0', '10', '49', '41', '30', '12', '22', '34', '35', '57', '7', '29', '9', '5', '15', '2', '64', '20', '72', '73', '25', '77', '83', '69', '3', '6', '24', '21', '40', '38', '68', '39', '75', '56', '76', '17', '31', '67', '52', '1', '63', '46', '53', '62', '33', '23', '4', '66', '14', '84', '60', '45', '61', '13', '47', '42', '27', '55', '80', '65', '32', '74', '44', '16', '58', '43', '71', '59', '54', '19', '51'}, {'10', '49', '41', '30', '22', '34', '35', '29', '9', '5', '15', '20', '64', '72', '73', '25', '77', '69', '6', '24', '21', '38', '39', '56', '17', '31', '67', '52', '1', '63', '46', '62', '23', '84', '61', '47', '55', '80', '65', '44', '16', '43', '71', '59', '54', '19'})