11, 0, 7.0, 9
+-- , 0 , {3, 23} , {'74', '79', '78', '30', '81', '49', '69', '44', '27', '26', '22', '11', '29', '52', '43', '28', '50', '66', '62', '32', '18', '31', '58', '16', '90', '12', '1', '39', '84', '2', '72', '60', '94', '20', '85', '82', '40', '5', '65', '41', '47', '76', '33', '56', '91', '3', '6', '83', '88', '24', '45', '75', '46', '17', '0', '54', '13', '89', '51', '57', '4', '92'}
| +-- , 3 , {21, 6} , {'74', '78', '81', '49', '69', '44', '27', '26', '22', '11', '29', '52', '43', '28', '50', '66', '62', '32', '18', '31', '58', '16', '90', '12', '1', '39', '84', '2', '72', '60', '94', '80', '20', '85', '82', '40', '5', '65', '41', '47', '76', '33', '56', '91', '3', '6', '87', '83', '88', '24', '45', '75', '46', '17', '0', '54', '13', '89', '51', '57', '4', '92'}
| | +-- , 21 , set() , {'88', '1', '17', '39', '50', '28', '69', '44', '33', '48', '41', '94', '58', '31', '90', '12', '87'}
| | +-- , 6 , {17, 19, 9} , {'42', '74', '78', '81', '49', '4', '59', '67', '44', '27', '26', '22', '52', '11', '29', '43', '70', '28', '50', '66', '62', '32', '18', '58', '90', '12', '16', '1', '39', '84', '53', '2', '72', '60', '36', '80', '10', '20', '86', '85', '82', '40', '9', '5', '65', '41', '61', '47', '76', '33', '56', '91', '3', '87', '83', '88', '15', '95', '45', '24', '75', '46', '17', '0', '54', '64', '13', '89', '51', '37', '57', '6', '92'}
| | | +-- , 17 , set() , {'20', '42', '10', '86', '55', '40', '9', '74', '5', '65', '41', '78', '34', '61', '47', '4', '49', '59', '67', '44', '33', '80', '29', '11', '52', '83', '88', '15', '95', '43', '8', '66', '62', '32', '45', '18', '75', '90', '23', '16', '12', '46', '1', '39', '84', '0', '64', '53', '13', '89', '51', '37', '36', '57', '6', '92'}
| | | +-- , 19 , set() , {'10', '42', '82', '41', '61', '59', '67', '44', '27', '33', '56', '25', '3', '87', '29', '70', '28', '18', '75', '16', '46', '39', '17', '84', '0', '54', '7', '89', '72', '60', '37', '36', '4'}
| | | +-- , 9 , {11, 13, 15} , {'42', '74', '81', '49', '59', '67', '44', '27', '26', '22', '11', '29', '52', '43', '70', '50', '66', '62', '58', '12', '1', '39', '84', '53', '2', '60', '36', '80', '10', '86', '85', '82', '40', '9', '5', '65', '41', '73', '61', '47', '76', '56', '91', '3', '68', '87', '83', '88', '15', '95', '24', '75', '71', '64', '13', '89', '51', '37', '6', '92'}
| | | | +-- , 11 , set() , {'43', '42', '83', '88', '59', '24', '62', '82', '11', '74', '53', '22', '64', '52', '38', '73', '47', '12'}
| | | | +-- , 13 , set() , {'82', '40', '9', '35', '5', '65', '73', '47', '67', '44', '26', '3', '87', '29', '88', '43', '50', '24', '66', '84', '53', '89', '60', '37', '36', '80'}
| | | | +-- , 15 , set() , {'10', '86', '74', '81', '59', '67', '27', '93', '22', '56', '77', '91', '68', '80', '52', '29', '70', '15', '50', '75', '1', '39', '71', '84', '64', '89', '51', '36', '6', '92'}
| +-- , 23 , set() , {'21', '82', '40', '74', '5', '41', '78', '79', '30', '81', '49', '4', '76', '69', '27', '33', '26', '56', '91', '11', '29', '52', '88', '83', '28', '43', '50', '24', '66', '62', '32', '45', '18', '31', '58', '75', '16', '12', '46', '14', '1', '39', '84', '0', '54', '63', '13', '2', '72', '51', '60', '94', '57', '6', '92'}


Max number of edges with non zero Y: 21
Max number of iterations of outer rounding loop: 5
Max number of candidate sets: 2
Time spent rounding: 9.863
Time spent solving Separator LP: 0.054
Total time spent solving: 12.253

LP Solver: gammaPlusFractionalCoverHeuristic
Lower Bound Witness = ({'42', '21', '74', '30', '81', '59', '67', '44', '93', '25', '52', '50', '66', '32', '18', '31', '58', '90', '12', '1', '39', '84', '53', '72', '60', '36', '10', '86', '85', '40', '9', '5', '65', '41', '73', '76', '33', '77', '91', '87', '83', '88', '15', '95', '45', '75', '46', '0', '54', '63', '48', '13', '89', '51', '6', '55', '35', '79', '78', '34', '49', '69', '27', '26', '22', '29', '11', '43', '70', '28', '62', '23', '16', '2', '94', '80', '20', '82', '61', '47', '56', '3', '68', '8', '24', '14', '17', '71', '64', '7', '37', '57', '4', '38', '92'}, {'39', '70', '69', '68', '76'})