13, 2.95408237462326, 7.633333333333334, 10
+-- , 0 , {3} , {'79', '78', '30', '81', '49', '59', '69', '93', '26', '11', '29', '52', '70', '28', '50', '32', '31', '16', '39', '84', '72', '36', '80', '86', '40', '33', '56', '77', '91', '68', '83', '88', '15', '45', '46', '14', '71', '0', '54', '63', '64', '13', '89', '51', '6', '92'}
| +-- , 3 , {5} , {'79', '78', '30', '81', '49', '59', '69', '93', '26', '11', '29', '52', '70', '28', '50', '32', '31', '16', '1', '39', '84', '72', '36', '80', '86', '40', '33', '56', '91', '68', '83', '88', '15', '45', '46', '14', '71', '0', '54', '63', '64', '13', '89', '51', '6', '92'}
| | +-- , 5 , {15} , {'74', '35', '78', '81', '49', '59', '67', '69', '44', '93', '26', '52', '11', '29', '43', '70', '28', '50', '66', '32', '31', '90', '16', '23', '1', '39', '84', '53', '72', '60', '36', '80', '10', '86', '82', '40', '9', '5', '65', '41', '73', '47', '33', '56', '91', '3', '68', '87', '83', '88', '15', '45', '24', '46', '75', '14', '71', '0', '54', '63', '64', '13', '89', '51', '37', '6', '92'}
| | | +-- , 15 , {17} , {'74', '78', '81', '49', '59', '67', '69', '44', '93', '26', '11', '29', '52', '43', '70', '28', '50', '66', '32', '31', '58', '90', '23', '16', '1', '39', '84', '53', '2', '72', '60', '36', '80', '10', '86', '82', '40', '9', '5', '65', '41', '73', '47', '33', '56', '91', '3', '68', '87', '83', '88', '15', '95', '24', '45', '75', '46', '14', '71', '0', '54', '63', '64', '13', '89', '51', '37', '6', '92'}
| | | | +-- , 17 , {39, 25, 27} , {'42', '74', '78', '81', '49', '59', '67', '69', '44', '93', '26', '22', '25', '11', '29', '52', '43', '70', '28', '50', '66', '62', '32', '18', '31', '58', '90', '23', '16', '12', '1', '39', '84', '53', '2', '72', '60', '36', '10', '86', '82', '40', '9', '5', '65', '41', '73', '61', '47', '33', '56', '91', '3', '68', '87', '83', '88', '15', '95', '24', '45', '75', '46', '14', '71', '17', '0', '54', '63', '64', '13', '89', '51', '37', '6', '92'}
| | | | | +-- , 39 , set() , {'17', '39', '28', '44', '0', '82', '18', '33', '56', '7', '37', '60', '25', '36', '61', '29'}
| | | | | +-- , 25 , set() , {'43', '42', '83', '88', '59', '24', '62', '82', '11', '74', '53', '22', '64', '52', '38', '73', '47', '12'}
| | | | | +-- , 27 , {29} , {'42', '74', '78', '81', '49', '59', '67', '69', '44', '27', '93', '26', '22', '25', '52', '11', '29', '43', '70', '28', '50', '66', '62', '32', '18', '31', '58', '90', '12', '23', '16', '1', '39', '84', '53', '2', '72', '60', '36', '10', '86', '82', '40', '9', '5', '65', '41', '61', '47', '76', '33', '56', '91', '3', '68', '87', '83', '88', '15', '95', '45', '24', '75', '46', '14', '17', '71', '0', '54', '63', '64', '13', '89', '51', '37', '6', '92'}
| | | | | | +-- , 29 , {31} , {'42', '74', '78', '49', '59', '67', '69', '44', '27', '26', '22', '25', '11', '29', '52', '43', '70', '28', '50', '66', '62', '32', '18', '31', '58', '90', '23', '16', '12', '1', '39', '84', '53', '2', '72', '60', '36', '10', '86', '82', '40', '9', '5', '65', '41', '61', '47', '76', '33', '56', '91', '3', '6', '87', '83', '88', '15', '95', '24', '45', '75', '46', '14', '17', '71', '0', '54', '63', '64', '13', '89', '51', '37', '4', '92'}
| | | | | | | +-- , 31 , {33, 37} , {'42', '21', '74', '78', '49', '59', '67', '69', '44', '27', '26', '22', '11', '29', '52', '43', '28', '50', '66', '62', '32', '18', '31', '58', '90', '23', '16', '12', '1', '39', '84', '53', '2', '60', '36', '10', '86', '82', '40', '9', '5', '65', '41', '61', '47', '76', '33', '56', '91', '3', '6', '87', '83', '88', '15', '95', '24', '45', '75', '46', '14', '17', '71', '0', '63', '64', '13', '89', '51', '37', '4', '92'}
| | | | | | | | +-- , 33 , {35} , {'42', '21', '55', '74', '78', '49', '59', '67', '44', '27', '22', '11', '29', '52', '43', '66', '62', '32', '18', '31', '58', '90', '23', '16', '12', '1', '39', '84', '53', '60', '36', '20', '10', '86', '85', '82', '40', '9', '5', '65', '41', '61', '47', '76', '33', '56', '91', '3', '6', '83', '88', '15', '95', '8', '24', '45', '75', '46', '17', '71', '0', '64', '13', '89', '51', '37', '57', '4', '92'}
| | | | | | | | | +-- , 35 , set() , {'10', '42', '55', '40', '9', '74', '65', '78', '34', '61', '44', '11', '29', '83', '88', '15', '95', '8', '62', '18', '90', '23', '16', '12', '1', '64', '13', '51', '36', '57', '6', '92'}
| | | | | | | | +-- , 37 , set() , {'21', '5', '41', '78', '69', '44', '27', '33', '26', '91', '87', '29', '88', '43', '28', '50', '66', '31', '58', '46', '16', '90', '12', '1', '39', '17', '48', '2', '51', '94', '4', '92'}


Max number of edges with non zero Y: 21
Max number of iterations of outer rounding loop: 5
Max number of candidate sets: 2
Time spent rounding: 64.504
Time spent solving Separator LP: 51.467
Total time spent solving: 127.588

LP Solver: GaifmanBoosted
Lower Bound Witness = ({'42', '21', '74', '81', '59', '67', '44', '93', '25', '52', '50', '66', '32', '18', '31', '58', '90', '12', '1', '39', '84', '53', '72', '60', '36', '10', '86', '85', '40', '9', '5', '65', '41', '73', '76', '33', '91', '87', '83', '88', '15', '95', '45', '75', '46', '0', '54', '63', '48', '13', '89', '51', '6', '55', '78', '34', '49', '69', '27', '26', '22', '29', '11', '43', '70', '28', '62', '23', '16', '2', '94', '20', '82', '61', '47', '56', '3', '68', '8', '24', '14', '17', '71', '64', '7', '37', '57', '4', '38', '92'}, {'10', '42', '86', '82', '40', '9', '74', '5', '65', '41', '78', '81', '73', '49', '47', '59', '67', '69', '44', '33', '93', '26', '56', '25', '91', '3', '68', '87', '11', '29', '52', '83', '88', '15', '95', '28', '43', '24', '66', '70', '50', '32', '18', '45', '31', '58', '75', '90', '23', '16', '14', '46', '1', '39', '17', '71', '84', '0', '54', '63', '64', '53', '13', '2', '89', '51', '72', '60', '37', '36', '6', '92'})