24, 3.014957630357615, 6.0, 6
+-- , 0 , {3, 39, 9} , {'xL3JL4J', 'xL6JL10J', 'xL4JL5J', 'xL5JL9J', 'xL7JL2J', 'xL10JL2J', 'xL5JL8J', 'xL3JL5J', 'xL4JL3J'}
| +-- , 3 , {5} , {'xL3JL4J', 'xL3JL7J', 'xL6JL10J', 'xL3JL6J', 'xL4JL6J', 'xL3JL5J', 'xL5JL7J', 'xL4JL5J', 'xL5JL9J', 'xL5JL10J', 'xL4JL7J', 'xL5JL8J', 'xL5JL11J'}
| | +-- , 5 , {7} , {'xL1JL7J', 'xL3JL7J', 'xL6JL10J', 'xL3JL6J', 'xL4JL6J', 'xL3JL11J', 'xL2JL10J', 'xL2JL7J', 'xL5JL11J', 'xL4JL10J', 'xL5JL7J', 'xL5JL10J', 'xL2JL6J', 'xL4JL7J', 'xL4JL11J', 'xL3JL10J'}
| | | +-- , 7 , set() , {'xL1JL7J', 'xL3JL9J', 'xL2JL8J', 'xL2JL6J', 'xL1JL8J', 'xL3JL11J', 'xL2JL9J', 'xL2JL10J', 'xL1JL9J', 'xL2JL7J', 'xL3JL10J'}
| +-- , 39 , {41} , {'xL3JL4J', 'xL4JL2J', 'xL4JL3J'}
| | +-- , 41 , {43} , {'xL3JL4J', 'xL4JL2J', 'xL3JL2J', 'xL2JL2J', 'xL1JL2J', 'xL2JL4J'}
| | | +-- , 43 , {45} , {'xL3JL2J', 'xL2JL2J', 'xL1JL2J', 'xL2JL4J', 'xL2JL1J', 'xL2JL3J'}
| | | | +-- , 45 , {47} , {'xL3JL1J', 'xL3JL2J', 'xL1JL2J', 'xL2JL1J', 'xL2JL3J'}
| | | | | +-- , 47 , set() , {'xL3JL1J', 'xL1JL2J', 'xL2JL1J', 'xL1JL3J', 'xL2JL3J', 'xL1JL1J'}
| +-- , 9 , {11} , {'xL6JL8J', 'xL6JL10J', 'xL6JL2J', 'xL8JL2J', 'xL7JL2J', 'xL10JL2J', 'xL9JL2J', 'xL3JL5J', 'xL6JL9J', 'xL4JL5J', 'xL5JL9J', 'xL5JL8J', 'xL5JL5J', 'xL4JL3J'}
| | +-- , 11 , {13} , {'xL6JL8J', 'xL6JL2J', 'xL7JL9J', 'xL8JL2J', 'xL7JL2J', 'xL10JL2J', 'xL5JL3J', 'xL9JL2J', 'xL5JL4J', 'xL6JL9J', 'xL5JL9J', 'xL5JL8J', 'xL8JL9J', 'xL7JL8J', 'xL5JL5J', 'xL4JL3J'}
| | | +-- , 13 , {15} , {'xL6JL2J', 'xL7JL9J', 'xL8JL2J', 'xL7JL2J', 'xL10JL2J', 'xL5JL3J', 'xL9JL2J', 'xL5JL4J', 'xL6JL3J', 'xL8JL9J', 'xL7JL8J', 'xL6JL4J', 'xL7JL4J', 'xL7JL3J', 'xL4JL3J'}
| | | | +-- , 15 , {17} , {'xL7JL9J', 'xL8JL2J', 'xL7JL2J', 'xL10JL2J', 'xL7JL1J', 'xL9JL2J', 'xL7JL5J', 'xL8JL9J', 'xL7JL8J', 'xL7JL4J', 'xL7JL3J'}
| | | | | +-- , 17 , {19} , {'xL8JL10J', 'xL7JL5J', 'xL7JL9J', 'xL7JL7J', 'xL8JL2J', 'xL10JL2J', 'xL7JL1J', 'xL8JL9J', 'xL7JL8J', 'xL9JL2J'}
| | | | | | +-- , 19 , {21} , {'xL8JL10J', 'xL9JL7J', 'xL7JL5J', 'xL7JL7J', 'xL8JL2J', 'xL10JL2J', 'xL8JL7J', 'xL7JL1J', 'xL9JL2J'}
| | | | | | | +-- , 21 , {23} , {'xL8JL2J', 'xL10JL2J', 'xL8JL7J', 'xL7JL1J', 'xL9JL2J', 'xL8JL10J', 'xL9JL7J', 'xL7JL5J', 'xL10JL10J', 'xL9JL10J', 'xL11JL10J'}
| | | | | | | | +-- , 23 , {25, 33} , {'xL9JL7J', 'xL7JL5J', 'xL10JL10J', 'xL8JL2J', 'xL10JL8J', 'xL10JL2J', 'xL8JL7J', 'xL7JL1J', 'xL9JL2J', 'xL9JL10J', 'xL11JL10J'}
| | | | | | | | | +-- , 25 , {27} , {'xL9JL7J', 'xL7JL5J', 'xL8JL2J', 'xL10JL8J', 'xL10JL2J', 'xL8JL7J', 'xL9JL8J', 'xL7JL1J', 'xL9JL2J'}
| | | | | | | | | | +-- , 27 , {29} , {'xL8JL2J', 'xL10JL2J', 'xL8JL7J', 'xL9JL6J', 'xL9JL8J', 'xL7JL1J', 'xL9JL2J', 'xL9JL7J', 'xL8JL6J', 'xL7JL5J', 'xL8JL5J', 'xL9JL5J'}
| | | | | | | | | | | +-- , 29 , {31} , {'xL10JL6J', 'xL8JL2J', 'xL10JL2J', 'xL11JL5J', 'xL9JL6J', 'xL10JL5J', 'xL7JL1J', 'xL9JL2J', 'xL8JL6J', 'xL7JL5J', 'xL8JL5J', 'xL8JL1J', 'xL9JL1J', 'xL9JL5J'}
| | | | | | | | | | | | +-- , 31 , set() , {'xL10JL4J', 'xL10JL6J', 'xL11JL3J', 'xL10JL3J', 'xL11JL4J', 'xL10JL2J', 'xL11JL5J', 'xL10JL5J', 'xL9JL1J', 'xL9JL2J', 'xL9JL3J'}
| | | | | | | | | +-- , 33 , {35} , {'xL10JL10J', 'xL10JL11J', 'xL10JL8J', 'xL10JL9J', 'xL9JL10J', 'xL11JL10J'}
| | | | | | | | | | +-- , 35 , {37} , {'xL10JL11J', 'xL11JL9J', 'xL10JL9J', 'xL9JL10J', 'xL11JL10J'}
| | | | | | | | | | | +-- , 37 , set() , {'xL9JL11J', 'xL10JL11J', 'xL11JL9J', 'xL9JL10J', 'xL11JL10J', 'xL11JL11J'}


Max number of edges with non zero Y: 23
Max number of iterations of outer rounding loop: 3
Max number of candidate sets: 2
Time spent rounding: 8.238
Time spent solving Separator LP: 2.038
Total time spent solving: 13.111

LP Solver: GaifmanBoosted
Lower Bound Witness = ({'xL10JL4J', 'xL6JL10J', 'xL3JL9J', 'xL3JL6J', 'xL10JL3J', 'xL9JL6J', 'xL3JL5J', 'xL10JL11J', 'xL9JL3J', 'xL1JL1J', 'xL3JL7J', 'xL7JL9J', 'xL8JL1J', 'xL2JL6J', 'xL9JL1J', 'xL7JL8J', 'xL7JL4J', 'xL7JL3J', 'xL9JL10J', 'xL11JL5J', 'xL10JL5J', 'xL9JL8J', 'xL5JL4J', 'xL10JL10J', 'xL2JL1J', 'xL2JL8J', 'xL7JL2J', 'xL4JL6J', 'xL3JL11J', 'xL1JL3J', 'xL6JL9J', 'xL2JL7J', 'xL4JL10J', 'xL5JL7J', 'xL4JL2J', 'xL9JL11J', 'xL4JL7J', 'xL8JL9J', 'xL1JL9J', 'xL5JL11J', 'xL4JL3J', 'xL1JL7J', 'xL7JL7J', 'xL1JL8J', 'xL6JL3J', 'xL5JL10J', 'xL10JL8J', 'xL4JL11J', 'xL6JL8J', 'xL10JL6J', 'xL8JL2J', 'xL8JL7J', 'xL11JL11J', 'xL4JL5J', 'xL5JL9J', 'xL8JL5J', 'xL1JL2J', 'xL10JL2J', 'xL7JL1J', 'xL5JL3J', 'xL10JL9J', 'xL8JL6J', 'xL2JL2J', 'xL5JL8J', 'xL9JL5J', 'xL6JL4J', 'xL5JL5J', 'xL3JL1J', 'xL3JL4J', 'xL6JL2J', 'xL3JL2J', 'xL2JL9J', 'xL9JL2J', 'xL2JL10J', 'xL11JL9J', 'xL8JL10J', 'xL9JL7J', 'xL11JL3J', 'xL7JL5J', 'xL11JL4J', 'xL2JL4J', 'xL2JL3J', 'xL3JL10J', 'xL11JL10J'}, {'xL10JL4J', 'xL1JL7J', 'xL6JL10J', 'xL3JL9J', 'xL10JL3J', 'xL10JL2J', 'xL10JL5J', 'xL10JL11J', 'xL5JL8J', 'xL3JL4J', 'xL6JL2J', 'xL7JL9J', 'xL2JL8J', 'xL7JL2J', 'xL4JL6J', 'xL2JL10J', 'xL6JL9J', 'xL8JL10J', 'xL4JL10J', 'xL5JL7J', 'xL5JL9J', 'xL11JL3J', 'xL8JL1J', 'xL8JL9J', 'xL2JL3J', 'xL3JL10J', 'xL4JL3J'})