59, 1.3707789571920355, 5.0, 5
+-- , 0 , {3, 86} , {'xL17JL5J', 'xL13JL6J', 'xL14JL5J', 'xL16JL5J', 'xL15JL1J', 'xL15JL2J', 'xL15JL5J'}
| +-- , 3 , {5} , {'xL14JL5J', 'xL15JL2J', 'xL15JL1J', 'xL13JL6J', 'xL15JL3J'}
| | +-- , 5 , {7} , {'xL12JL6J', 'xL8JL6J', 'xL11JL6J', 'xL10JL6J', 'xL13JL6J', 'xL14JL5J', 'xL9JL6J', 'xL7JL6J', 'xL15JL3J'}
| | | +-- , 7 , {9} , {'xL8JL6J', 'xL11JL6J', 'xL10JL6J', 'xL14JL5J', 'xL9JL6J', 'xL12JL6J', 'xL15JL3J', 'xL7JL6J', 'xL14JL4J', 'xL14JL3J'}
| | | | +-- , 9 , {11} , {'xL8JL6J', 'xL11JL6J', 'xL10JL6J', 'xL13JL3J', 'xL9JL6J', 'xL13JL4J', 'xL12JL6J', 'xL12JL3J', 'xL12JL4J', 'xL15JL3J', 'xL7JL6J', 'xL14JL4J', 'xL14JL3J'}
| | | | | +-- , 11 , {13} , {'xL8JL6J', 'xL11JL6J', 'xL10JL6J', 'xL13JL3J', 'xL9JL6J', 'xL13JL4J', 'xL12JL2J', 'xL13JL2J', 'xL12JL5J', 'xL13JL1J', 'xL12JL6J', 'xL12JL3J', 'xL12JL4J', 'xL12JL1J', 'xL7JL6J'}
| | | | | | +-- , 13 , {16} , {'xL8JL6J', 'xL11JL6J', 'xL10JL6J', 'xL11JL5J', 'xL9JL2J', 'xL9JL1J', 'xL10JL5J', 'xL9JL6J', 'xL12JL2J', 'xL13JL2J', 'xL12JL5J', 'xL11JL1J', 'xL13JL1J', 'xL12JL1J', 'xL10JL1J', 'xL10JL2J', 'xL7JL6J', 'xL11JL2J'}
| | | | | | | +-- , 16 , {18} , {'xL8JL6J', 'xL9JL2J', 'xL10JL6J', 'xL9JL4J', 'xL9JL1J', 'xL10JL5J', 'xL9JL6J', 'xL7JL6J', 'xL9JL3J'}
| | | | | | | | +-- , 18 , {80, 20} , {'xL8JL6J', 'xL10JL6J', 'xL9JL4J', 'xL10JL5J', 'xL10JL4J', 'xL9JL6J', 'xL10JL8J', 'xL7JL6J', 'xL10JL7J', 'xL9JL3J'}
| | | | | | | | | +-- , 80 , {82} , {'xL10JL4J', 'xL9JL4J', 'xL8JL4J', 'xL9JL3J'}
| | | | | | | | | | +-- , 82 , set() , {'xL8JL4J', 'xL8JL3J', 'xL9JL3J'}
| | | | | | | | | +-- , 20 , {78, 22} , {'xL8JL7J', 'xL8JL6J', 'xL9JL6J', 'xL10JL8J', 'xL7JL6J', 'xL10JL7J'}
| | | | | | | | | | +-- , 78 , set() , {'xL8JL7J', 'xL9JL6J', 'xL10JL7J', 'xL9JL7J'}
| | | | | | | | | | +-- , 22 , {24} , {'xL8JL7J', 'xL8JL6J', 'xL8JL8J', 'xL8JL11J', 'xL10JL8J', 'xL8JL9J', 'xL7JL6J', 'xL12JL8J', 'xL8JL10J', 'xL11JL8J'}
| | | | | | | | | | | +-- , 24 , {26} , {'xL8JL8J', 'xL8JL11J', 'xL7JL5J', 'xL8JL9J', 'xL7JL6J', 'xL12JL8J', 'xL8JL10J', 'xL11JL8J'}
| | | | | | | | | | | | +-- , 26 , {28} , {'xL5JL5J', 'xL8JL8J', 'xL8JL11J', 'xL1JL5J', 'xL3JL5J', 'xL6JL5J', 'xL12JL8J', 'xL2JL5J', 'xL4JL5J', 'xL7JL5J', 'xL8JL9J', 'xL8JL10J', 'xL11JL8J'}
| | | | | | | | | | | | | +-- , 28 , {76, 30} , {'xL5JL5J', 'xL8JL8J', 'xL8JL11J', 'xL1JL5J', 'xL3JL5J', 'xL6JL5J', 'xL12JL8J', 'xL2JL5J', 'xL11JL10J', 'xL4JL5J', 'xL8JL9J', 'xL11JL11J', 'xL8JL10J', 'xL11JL8J'}
| | | | | | | | | | | | | | +-- , 76 , set() , {'xL11JL10J', 'xL11JL9J', 'xL11JL11J', 'xL12JL8J', 'xL12JL9J', 'xL11JL8J'}
| | | | | | | | | | | | | | +-- , 30 , {33} , {'xL8JL8J', 'xL5JL5J', 'xL9JL11J', 'xL8JL11J', 'xL1JL5J', 'xL3JL5J', 'xL6JL5J', 'xL2JL5J', 'xL10JL11J', 'xL7JL11J', 'xL11JL10J', 'xL10JL10J', 'xL4JL5J', 'xL11JL11J', 'xL8JL9J', 'xL7JL10J', 'xL8JL10J', 'xL9JL10J'}
| | | | | | | | | | | | | | | +-- , 33 , {35} , {'xL7JL8J', 'xL5JL5J', 'xL8JL8J', 'xL1JL5J', 'xL7JL9J', 'xL3JL5J', 'xL6JL5J', 'xL2JL5J', 'xL7JL11J', 'xL4JL5J', 'xL8JL9J', 'xL7JL10J'}
| | | | | | | | | | | | | | | | +-- , 35 , {37} , {'xL7JL8J', 'xL5JL5J', 'xL8JL8J', 'xL6JL8J', 'xL1JL5J', 'xL5JL9J', 'xL7JL9J', 'xL3JL5J', 'xL6JL5J', 'xL2JL5J', 'xL4JL5J', 'xL6JL9J', 'xL8JL9J'}
| | | | | | | | | | | | | | | | | +-- , 37 , {39} , {'xL5JL5J', 'xL6JL8J', 'xL1JL5J', 'xL5JL9J', 'xL3JL5J', 'xL6JL5J', 'xL2JL5J', 'xL5JL11J', 'xL5JL10J', 'xL6JL7J', 'xL4JL5J', 'xL6JL9J'}
| | | | | | | | | | | | | | | | | | +-- , 39 , {41} , {'xL3JL7J', 'xL5JL5J', 'xL5JL7J', 'xL1JL5J', 'xL4JL7J', 'xL3JL5J', 'xL6JL5J', 'xL2JL5J', 'xL5JL11J', 'xL5JL10J', 'xL6JL7J', 'xL4JL5J'}
| | | | | | | | | | | | | | | | | | | +-- , 41 , {44} , {'xL3JL7J', 'xL5JL5J', 'xL5JL7J', 'xL3JL11J', 'xL1JL5J', 'xL1JL10J', 'xL3JL10J', 'xL4JL7J', 'xL3JL5J', 'xL6JL5J', 'xL2JL5J', 'xL1JL11J', 'xL5JL11J', 'xL5JL10J', 'xL4JL11J', 'xL4JL10J', 'xL4JL5J', 'xL2JL11J', 'xL2JL10J'}
| | | | | | | | | | | | | | | | | | | | +-- , 44 , {46} , {'xL3JL7J', 'xL5JL5J', 'xL5JL7J', 'xL3JL11J', 'xL1JL5J', 'xL1JL10J', 'xL3JL10J', 'xL4JL7J', 'xL3JL5J', 'xL6JL5J', 'xL2JL5J', 'xL1JL11J', 'xL1JL9J', 'xL4JL5J', 'xL2JL11J', 'xL2JL10J'}
| | | | | | | | | | | | | | | | | | | | | +-- , 46 , {48} , {'xL3JL7J', 'xL5JL5J', 'xL5JL7J', 'xL3JL11J', 'xL1JL5J', 'xL3JL9J', 'xL3JL10J', 'xL4JL7J', 'xL3JL5J', 'xL2JL9J', 'xL6JL5J', 'xL2JL5J', 'xL2JL8J', 'xL1JL9J', 'xL4JL5J', 'xL3JL8J', 'xL2JL11J', 'xL2JL10J'}
| | | | | | | | | | | | | | | | | | | | | | +-- , 48 , {50} , {'xL5JL5J', 'xL5JL7J', 'xL1JL5J', 'xL4JL7J', 'xL3JL5J', 'xL6JL5J', 'xL2JL5J', 'xL2JL8J', 'xL4JL8J', 'xL4JL5J', 'xL3JL8J'}
| | | | | | | | | | | | | | | | | | | | | | | +-- , 50 , {52} , {'xL5JL5J', 'xL5JL7J', 'xL4JL6J', 'xL4JL8J', 'xL1JL5J', 'xL4JL5J', 'xL4JL7J', 'xL3JL5J', 'xL6JL5J', 'xL2JL5J'}
| | | | | | | | | | | | | | | | | | | | | | | | +-- , 52 , {54} , {'xL5JL5J', 'xL5JL6J', 'xL5JL7J', 'xL4JL6J', 'xL1JL5J', 'xL3JL5J', 'xL6JL5J', 'xL2JL5J'}
| | | | | | | | | | | | | | | | | | | | | | | | | +-- , 54 , {56, 74} , {'xL5JL4J', 'xL5JL5J', 'xL5JL6J', 'xL5JL7J', 'xL2JL5J', 'xL5JL2J', 'xL1JL5J', 'xL3JL5J', 'xL6JL5J', 'xL5JL3J'}
| | | | | | | | | | | | | | | | | | | | | | | | | | +-- , 56 , {64, 58} , {'xL6JL2J', 'xL5JL2J', 'xL2JL5J', 'xL1JL2J', 'xL1JL5J', 'xL3JL2J', 'xL4JL3J', 'xL4JL2J', 'xL3JL5J', 'xL7JL2J', 'xL2JL2J', 'xL5JL3J'}
| | | | | | | | | | | | | | | | | | | | | | | | | | | +-- , 64 , {66} , {'xL3JL1J', 'xL1JL2J', 'xL1JL5J', 'xL3JL2J', 'xL3JL5J', 'xL2JL2J', 'xL2JL5J'}
| | | | | | | | | | | | | | | | | | | | | | | | | | | | +-- , 66 , {68} , {'xL3JL1J', 'xL1JL2J', 'xL1JL5J', 'xL3JL5J', 'xL2JL1J', 'xL2JL2J', 'xL2JL5J'}
| | | | | | | | | | | | | | | | | | | | | | | | | | | | | +-- , 68 , {72, 70} , {'xL2JL3J', 'xL2JL4J', 'xL1JL2J', 'xL1JL5J', 'xL2JL6J', 'xL3JL5J', 'xL2JL1J', 'xL2JL2J', 'xL2JL5J', 'xL1JL3J'}
| | | | | | | | | | | | | | | | | | | | | | | | | | | | | | +-- , 72 , set() , {'xL2JL4J', 'xL3JL4J', 'xL3JL5J'}
| | | | | | | | | | | | | | | | | | | | | | | | | | | | | | +-- , 70 , set() , {'xL2JL6J', 'xL1JL6J', 'xL1JL5J'}
| | | | | | | | | | | | | | | | | | | | | | | | | | | +-- , 58 , {60} , {'xL6JL2J', 'xL7JL1J', 'xL7JL2J'}
| | | | | | | | | | | | | | | | | | | | | | | | | | | | +-- , 60 , set() , {'xL6JL1J', 'xL6JL2J', 'xL7JL1J'}
| | | | | | | | | | | | | | | | | | | | | | | | | | +-- , 74 , set() , {'xL6JL5J', 'xL5JL4J', 'xL6JL4J'}
| +-- , 86 , {88} , {'xL17JL5J', 'xL13JL6J', 'xL16JL5J', 'xL15JL1J', 'xL13JL7J', 'xL15JL2J', 'xL15JL5J'}
| | +-- , 88 , {90} , {'xL18JL7J', 'xL16JL7J', 'xL17JL5J', 'xL14JL7J', 'xL13JL7J', 'xL17JL7J', 'xL19JL7J', 'xL16JL5J', 'xL15JL7J', 'xL15JL2J', 'xL15JL1J', 'xL15JL5J'}
| | | +-- , 90 , {93} , {'xL18JL7J', 'xL19JL2J', 'xL16JL7J', 'xL17JL5J', 'xL14JL7J', 'xL17JL2J', 'xL18JL2J', 'xL17JL7J', 'xL16JL2J', 'xL19JL7J', 'xL17JL1J', 'xL16JL5J', 'xL15JL7J', 'xL16JL1J', 'xL15JL2J', 'xL15JL1J', 'xL18JL1J', 'xL19JL1J', 'xL15JL5J'}
| | | | +-- , 93 , {121, 95} , {'xL19JL2J', 'xL18JL7J', 'xL16JL7J', 'xL17JL5J', 'xL14JL7J', 'xL16JL6J', 'xL17JL2J', 'xL18JL2J', 'xL17JL7J', 'xL19JL7J', 'xL17JL1J', 'xL16JL5J', 'xL15JL7J', 'xL15JL5J', 'xL18JL1J', 'xL19JL1J'}
| | | | | +-- , 121 , {123} , {'xL19JL2J', 'xL16JL7J', 'xL17JL5J', 'xL16JL6J', 'xL17JL2J', 'xL18JL2J', 'xL16JL4J', 'xL17JL1J', 'xL16JL5J', 'xL18JL1J', 'xL19JL1J'}
| | | | | | +-- , 123 , {125} , {'xL19JL2J', 'xL17JL5J', 'xL16JL4J', 'xL17JL1J', 'xL17JL2J', 'xL18JL4J', 'xL18JL2J', 'xL18JL1J', 'xL17JL3J', 'xL19JL1J', 'xL17JL4J'}
| | | | | | | +-- , 125 , set() , {'xL19JL3J', 'xL19JL2J', 'xL18JL4J', 'xL18JL2J', 'xL18JL1J', 'xL17JL3J', 'xL19JL1J', 'xL18JL3J'}
| | | | | +-- , 95 , {97} , {'xL18JL7J', 'xL15JL6J', 'xL14JL7J', 'xL16JL6J', 'xL15JL7J', 'xL15JL5J', 'xL17JL7J', 'xL19JL7J'}
| | | | | | +-- , 97 , {99, 119} , {'xL18JL7J', 'xL15JL8J', 'xL15JL10J', 'xL15JL6J', 'xL14JL7J', 'xL15JL7J', 'xL15JL9J', 'xL15JL5J', 'xL17JL7J', 'xL19JL7J'}
| | | | | | | +-- , 99 , {113, 101} , {'xL18JL7J', 'xL17JL10J', 'xL15JL10J', 'xL18JL10J', 'xL19JL10J', 'xL15JL9J', 'xL17JL7J', 'xL19JL7J'}
| | | | | | | | +-- , 113 , {115} , {'xL17JL10J', 'xL15JL10J', 'xL18JL10J', 'xL19JL10J', 'xL16JL9J', 'xL13JL10J', 'xL15JL9J', 'xL14JL10J', 'xL16JL10J'}
| | | | | | | | | +-- , 115 , {117} , {'xL13JL11J', 'xL13JL10J', 'xL14JL10J'}
| | | | | | | | | | +-- , 117 , set() , {'xL13JL11J', 'xL14JL10J', 'xL14JL11J'}
| | | | | | | | +-- , 101 , {105, 103} , {'xL18JL7J', 'xL17JL10J', 'xL18JL10J', 'xL19JL10J', 'xL18JL11J', 'xL17JL7J', 'xL19JL7J'}
| | | | | | | | | +-- , 105 , {107, 109, 111} , {'xL18JL7J', 'xL18JL10J', 'xL19JL10J', 'xL18JL9J', 'xL18JL8J', 'xL18JL11J', 'xL18JL6J', 'xL17JL7J', 'xL19JL7J'}
| | | | | | | | | | +-- , 107 , set() , {'xL17JL7J', 'xL17JL8J', 'xL18JL8J'}
| | | | | | | | | | +-- , 109 , set() , {'xL19JL10J', 'xL18JL9J', 'xL19JL9J'}
| | | | | | | | | | +-- , 111 , set() , {'xL19JL6J', 'xL18JL6J', 'xL19JL7J'}
| | | | | | | | | +-- , 103 , set() , {'xL17JL11J', 'xL17JL10J', 'xL18JL11J'}
| | | | | | | +-- , 119 , set() , {'xL14JL7J', 'xL14JL8J', 'xL15JL8J'}


Max number of edges with non zero Y: 9
Max number of iterations of outer rounding loop: 2
Max number of candidate sets: 2
Time spent rounding: 41.201
Time spent solving Separator LP: 7.876
Total time spent solving: 61.100

LP Solver: GaifmanNormal
Lower Bound Witness = ({'xL6JL4J', 'xL19JL10J', 'xL9JL7J', 'xL18JL8J', 'xL17JL2J', 'xL12JL2J', 'xL2JL1J', 'xL12JL8J', 'xL17JL4J', 'xL17JL7J', 'xL19JL6J', 'xL17JL11J', 'xL19JL9J', 'xL12JL3J', 'xL13JL11J', 'xL4JL3J', 'xL15JL9J', 'xL3JL8J', 'xL5JL4J', 'xL18JL7J', 'xL11JL5J', 'xL5JL5J', 'xL4JL7J', 'xL3JL5J', 'xL5JL3J', 'xL10JL7J', 'xL12JL5J', 'xL14JL8J', 'xL5JL6J', 'xL15JL10J', 'xL17JL3J', 'xL6JL9J', 'xL10JL2J', 'xL15JL2J', 'xL15JL5J', 'xL14JL3J', 'xL18JL3J', 'xL9JL2J', 'xL11JL6J', 'xL2JL4J', 'xL10JL5J', 'xL16JL6J', 'xL14JL11J', 'xL3JL9J', 'xL14JL7J', 'xL1JL2J', 'xL6JL5J', 'xL13JL2J', 'xL2JL5J', 'xL1JL3J', 'xL19JL7J', 'xL12JL6J', 'xL6JL2J', 'xL16JL4J', 'xL4JL10J', 'xL11JL9J', 'xL16JL1J', 'xL11JL11J', 'xL12JL9J', 'xL15JL3J', 'xL7JL8J', 'xL8JL7J', 'xL8JL3J', 'xL3JL11J', 'xL8JL11J', 'xL1JL10J', 'xL18JL11J', 'xL7JL9J', 'xL11JL2J', 'xL7JL11J', 'xL19JL3J', 'xL4JL11J', 'xL8JL4J', 'xL18JL9J', 'xL7JL5J', 'xL18JL1J', 'xL18JL6J', 'xL19JL2J', 'xL8JL6J', 'xL15JL8J', 'xL13JL6J', 'xL14JL5J', 'xL5JL9J', 'xL17JL8J', 'xL18JL4J', 'xL1JL6J', 'xL9JL6J', 'xL11JL1J', 'xL1JL11J', 'xL10JL11J', 'xL9JL3J', 'xL3JL4J', 'xL18JL10J', 'xL10JL8J', 'xL7JL10J', 'xL19JL1J', 'xL9JL10J', 'xL3JL7J', 'xL6JL1J', 'xL16JL7J', 'xL4JL6J', 'xL15JL6J', 'xL9JL1J', 'xL5JL2J', 'xL10JL4J', 'xL13JL4J', 'xL13JL10J', 'xL13JL7J', 'xL2JL9J', 'xL5JL11J', 'xL13JL1J', 'xL2JL8J', 'xL11JL10J', 'xL17JL10J', 'xL12JL4J', 'xL16JL9J', 'xL6JL7J', 'xL16JL5J', 'xL12JL1J', 'xL10JL1J', 'xL8JL9J', 'xL8JL10J', 'xL14JL4J', 'xL11JL8J', 'xL8JL8J', 'xL5JL7J', 'xL17JL5J', 'xL3JL1J', 'xL9JL11J', 'xL6JL8J', 'xL1JL5J', 'xL13JL3J', 'xL3JL10J', 'xL7JL1J', 'xL7JL2J', 'xL16JL2J', 'xL5JL10J', 'xL10JL10J', 'xL2JL3J', 'xL17JL1J', 'xL4JL8J', 'xL3JL2J', 'xL2JL11J', 'xL7JL6J', 'xL2JL10J', 'xL10JL6J', 'xL2JL6J', 'xL18JL2J', 'xL1JL9J', 'xL9JL4J', 'xL15JL7J', 'xL4JL5J', 'xL4JL2J', 'xL15JL1J', 'xL2JL2J', 'xL14JL10J', 'xL16JL10J'}, {'xL7JL8J', 'xL18JL7J', 'xL18JL1J', 'xL17JL5J', 'xL13JL6J', 'xL14JL5J', 'xL13JL11J', 'xL16JL1J', 'xL7JL2J', 'xL13JL2J', 'xL17JL4J', 'xL5JL11J', 'xL13JL1J'})