11, 1, 4.0, 4
+-- , 3 , {0, 5} , {'56', '22', '4', '52', '20', '6', '3', '25', '73', '68', '41', '17'}
| +-- , 0 , {7} , {'32', '2', '3', '57', '17', '42', '67', '25', '63', '41', '20'}
| | +-- , 7 , {9} , {'80', '32', '2', '54', '38', '31', '76', '57', '20', '17', '8', '42', '66', '67', '25', '63', '41', '18'}
| | | +-- , 9 , {11} , {'80', '38', '31', '57', '17', '79', '8', '66', '67', '62', '18', '37'}
| | | | +-- , 11 , {13, 15} , {'80', '38', '36', '31', '77', '57', '17', '70', '89', '79', '10', '67', '62', '47', '18', '43', '37'}
| | | | | +-- , 13 , set() , {'33', '77', '67', '24', '70'}
| | | | | +-- , 15 , {17} , {'71', '21', '31', '69', '17', '23', '70', '89', '79', '81', '83', '84', '10', '67', '47', '13'}
| | | | | | +-- , 17 , {18} , {'27', '88', '79', '74', '30', '83', '21', '10', '67', '13'}
| | | | | | | +-- , 18 , {19} , {'88', '74', '21', '13'}
| | | | | | | | +-- , 19 , set() , {'86', '74', '12', '26', '78'}
| +-- , 5 , set() , {'56', '4', '6', '85', '17'}


Max number of edges with non zero Y: 16
Max number of iterations of outer rounding loop: 1
Max number of candidate sets: 2
Time spent rounding: 0.064
Time spent solving Separator LP: 0.006
Total time spent solving: 0.251

LP Solver: gammaPlusFractionalCoverHeuristic
Number of Rounding Attemps: 4
Lower Bound Witness = ({'80', '33', '71', '4', '54', '52', '21', '36', '85', '17', '70', '23', '27', '88', '79', '22', '8', '42', '81', '83', '84', '6', '10', '25', '63', '68', '73', '20', '47', '24', '13', '41', '32', '2', '56', '74', '30', '38', '31', '3', '77', '69', '76', '57', '89', '66', '67', '62', '18', '43', '37'}, {'81', '42', '25', '47', '41'})