13, 3.4300267496986017, 10.666666666666666, 12
+-- , 0 , {7} , {'xL41J', 'xL3J', 'xL21J', 'xL9J', 'xL7J', 'xL26J', 'xL33J', 'xL23J', 'xL10J', 'xL49J', 'xL11J', 'xL0J', 'xL12J', 'xL1J', 'xL48J', 'xL35J', 'xL4J', 'xL45J', 'xL39J', 'xL43J', 'xL19J', 'xL44J', 'xL2J', 'xL40J', 'xL29J', 'xL25J', 'xL34J', 'xL18J', 'xL42J', 'xL16J'}
| +-- , 7 , {9} , {'xL41J', 'xL3J', 'xL9J', 'xL7J', 'xL26J', 'xL23J', 'xL10J', 'xL49J', 'xL11J', 'xL0J', 'xL12J', 'xL1J', 'xL48J', 'xL4J', 'xL45J', 'xL39J', 'xL43J', 'xL19J', 'xL44J', 'xL2J', 'xL40J', 'xL15J', 'xL29J', 'xL25J', 'xL34J', 'xL18J', 'xL42J', 'xL16J'}
| | +-- , 9 , {11} , {'xL41J', 'xL3J', 'xL9J', 'xL7J', 'xL28J', 'xL26J', 'xL23J', 'xL10J', 'xL49J', 'xL11J', 'xL0J', 'xL12J', 'xL1J', 'xL38J', 'xL48J', 'xL46J', 'xL4J', 'xL45J', 'xL39J', 'xL43J', 'xL19J', 'xL44J', 'xL2J', 'xL40J', 'xL15J', 'xL29J', 'xL25J', 'xL34J', 'xL18J', 'xL42J'}
| | | +-- , 11 , {13} , {'xL41J', 'xL3J', 'xL9J', 'xL7J', 'xL6J', 'xL28J', 'xL26J', 'xL23J', 'xL10J', 'xL11J', 'xL0J', 'xL12J', 'xL1J', 'xL38J', 'xL48J', 'xL46J', 'xL4J', 'xL45J', 'xL39J', 'xL43J', 'xL19J', 'xL44J', 'xL2J', 'xL40J', 'xL15J', 'xL25J', 'xL34J', 'xL18J', 'xL42J'}
| | | | +-- , 13 , {15} , {'xL41J', 'xL3J', 'xL7J', 'xL6J', 'xL28J', 'xL26J', 'xL23J', 'xL10J', 'xL32J', 'xL11J', 'xL0J', 'xL12J', 'xL1J', 'xL38J', 'xL48J', 'xL46J', 'xL45J', 'xL39J', 'xL43J', 'xL19J', 'xL44J', 'xL2J', 'xL40J', 'xL15J', 'xL25J', 'xL34J', 'xL18J', 'xL42J'}
| | | | | +-- , 15 , {17, 29} , {'xL1J', 'xL41J', 'xL48J', 'xL3J', 'xL46J', 'xL7J', 'xL6J', 'xL45J', 'xL28J', 'xL39J', 'xL43J', 'xL26J', 'xL19J', 'xL36J', 'xL23J', 'xL44J', 'xL2J', 'xL10J', 'xL12J', 'xL15J', 'xL32J', 'xL25J', 'xL11J', 'xL34J', 'xL18J', 'xL42J', 'xL0J', 'xL38J'}
| | | | | | +-- , 17 , {19} , {'xL41J', 'xL7J', 'xL6J', 'xL28J', 'xL26J', 'xL23J', 'xL10J', 'xL32J', 'xL0J', 'xL12J', 'xL1J', 'xL38J', 'xL46J', 'xL43J', 'xL19J', 'xL36J', 'xL44J', 'xL8J', 'xL27J', 'xL15J', 'xL20J', 'xL18J', 'xL42J'}
| | | | | | | +-- , 19 , {21} , {'xL41J', 'xL7J', 'xL6J', 'xL28J', 'xL26J', 'xL30J', 'xL10J', 'xL32J', 'xL0J', 'xL12J', 'xL1J', 'xL38J', 'xL46J', 'xL43J', 'xL19J', 'xL36J', 'xL44J', 'xL8J', 'xL27J', 'xL15J', 'xL20J', 'xL31J', 'xL18J', 'xL42J'}
| | | | | | | | +-- , 21 , {25, 23} , {'xL1J', 'xL41J', 'xL46J', 'xL37J', 'xL6J', 'xL28J', 'xL43J', 'xL26J', 'xL19J', 'xL36J', 'xL44J', 'xL8J', 'xL30J', 'xL10J', 'xL27J', 'xL15J', 'xL32J', 'xL31J', 'xL47J', 'xL18J', 'xL42J', 'xL12J', 'xL38J'}
| | | | | | | | | +-- , 25 , {27} , {'xL41J', 'xL46J', 'xL37J', 'xL26J', 'xL36J', 'xL44J', 'xL8J', 'xL13J', 'xL27J', 'xL10J', 'xL32J', 'xL31J', 'xL47J', 'xL18J', 'xL42J', 'xL5J', 'xL38J'}
| | | | | | | | | | +-- , 27 , set() , {'xL46J', 'xL27J', 'xL10J', 'xL13J', 'xL31J', 'xL26J', 'xL44J', 'xL24J', 'xL47J', 'xL14J', 'xL18J', 'xL8J', 'xL5J', 'xL38J'}
| | | | | | | | | +-- , 23 , set() , {'xL1J', 'xL37J', 'xL30J', 'xL15J', 'xL17J', 'xL32J', 'xL12J'}
| | | | | | +-- , 29 , set() , {'xL2J', 'xL48J', 'xL3J', 'xL22J', 'xL39J', 'xL25J', 'xL36J', 'xL11J', 'xL34J'}


Max number of edges with non zero Y: 36
Max number of iterations of outer rounding loop: 9
Max number of candidate sets: 2
Time spent rounding: 37.018
Time spent solving Separator LP: 9.243

LP Solver: GaifmanBoosted