16, 1.230392156862745, 4.5, 5
+-- , 0 , {3, 35, 31} , {'xL0J', 'yL26J', 'yL24J', 'yL27J', 'yL28J', 'yL25J', 'xL7J', 'yL29J'}
| +-- , 3 , {5} , {'xL0J', 'yL24J', 'xL7J', 'xL4J'}
| | +-- , 5 , {8} , {'yL30J', 'xL0J', 'yL35J', 'yL31J', 'yL33J', 'xL7J', 'xL4J', 'yL32J', 'yL34J'}
| | | +-- , 8 , {10} , {'yL30J', 'xL0J', 'xL5J', 'xL7J', 'xL4J'}
| | | | +-- , 10 , {29, 14} , {'xL0J', 'xL5J', 'yL6J', 'xL7J', 'xL4J', 'xL1J'}
| | | | | +-- , 29 , set() , {'yL8J', 'yL11J', 'yL9J', 'yL10J', 'yL6J', 'yL7J'}
| | | | | +-- , 14 , {17} , {'xL0J', 'yL15J', 'xL5J', 'yL12J', 'yL17J', 'yL14J', 'xL7J', 'xL4J', 'yL13J', 'yL16J', 'xL1J'}
| | | | | | +-- , 17 , {19} , {'xL0J', 'xL5J', 'xL2J', 'yL12J', 'xL7J', 'xL4J', 'xL1J'}
| | | | | | | +-- , 19 , {22} , {'xL0J', 'yL19J', 'yL20J', 'xL7J', 'xL4J', 'yL21J', 'xL5J', 'yL23J', 'xL2J', 'yL18J', 'yL22J', 'xL1J'}
| | | | | | | | +-- , 22 , {24} , {'xL0J', 'xL5J', 'xL3J', 'xL2J', 'xL7J', 'xL4J', 'yL18J', 'xL1J'}
| | | | | | | | | +-- , 24 , {27} , {'xL0J', 'yL38J', 'yL41J', 'yL40J', 'xL3J', 'yL37J', 'xL7J', 'xL4J', 'xL5J', 'yL36J', 'xL2J', 'yL39J', 'xL1J'}
| | | | | | | | | | +-- , 27 , set() , {'xL6J', 'xL0J', 'xL5J', 'yL36J', 'xL3J', 'xL2J', 'xL7J', 'xL4J', 'xL1J'}
| +-- , 35 , {37} , {'yL42J', 'xL7J'}
| | +-- , 37 , set() , {'yL44J', 'yL43J', 'yL42J', 'yL47J', 'yL45J', 'yL46J'}
| +-- , 31 , {33} , {'yL0J', 'xL0J'}
| | +-- , 33 , set() , {'yL0J', 'yL3J', 'yL1J', 'yL2J', 'yL4J', 'yL5J'}


Max number of edges with non zero Y: 10
Max number of iterations of outer rounding loop: 2
Max number of candidate sets: 2
Time spent rounding: 13.995
Time spent solving Separator LP: 0.981

LP Solver: GaifmanBoosted