12, 0, 6.363636363636363, 8
+-- , 21 , {19} , {'4', '47', '34', '48', '31', '1', '5', '13', '53', '37', '16', '3', '51', '24', '27', '8', '50', '2'}
| +-- , 19 , {16} , {'23', '41', '38', '9', '28', '29', '7', '47', '6', '34', '20', '48', '31', '1', '45', '37', '16', '3', '36', '19', '30', '8', '32', '51', '50', '21', '39', '49', '12', '5', '0', '27', '35', '2'}
| | +-- , 16 , {23, 25, 14} , {'23', '9', '28', '29', '7', '47', '6', '34', '20', '48', '31', '45', '16', '3', '54', '36', '19', '30', '8', '17', '50', '51', '32', '21', '18', '39', '49', '12', '5', '0', '27', '35'}
| | | +-- , 23 , set() , {'6', '48', '45', '30', '52', '39', '51', '17'}
| | | +-- , 25 , set() , {'49', '47', '6', '48', '15', '31', '18', '54', '36', '51', '39', '50', '17'}
| | | +-- , 14 , {27, 11} , {'40', '23', '9', '28', '29', '7', '47', '20', '31', '45', '16', '3', '54', '36', '19', '30', '8', '17', '50', '51', '32', '21', '18', '39', '49', '12', '5', '0', '27', '35'}
| | | | +-- , 27 , set() , {'31', '45', '40', '18', '23', '28', '27', '42'}
| | | | +-- , 11 , {8, 29} , {'22', '40', '23', '9', '28', '29', '7', '47', '20', '45', '16', '3', '54', '36', '19', '30', '8', '17', '50', '51', '32', '21', '18', '46', '39', '49', '12', '5', '0', '27', '35'}
| | | | | +-- , 8 , {0} , {'22', '40', '23', '9', '28', '26', '29', '7', '47', '20', '16', '3', '36', '19', '30', '8', '17', '51', '50', '32', '21', '18', '46', '49', '12', '44', '5', '27'}
| | | | | | +-- , 0 , {31} , {'22', '40', '23', '9', '26', '29', '7', '47', '20', '16', '3', '36', '8', '17', '50', '51', '32', '21', '18', '46', '49', '12', '5', '33', '27'}
| | | | | | | +-- , 31 , set() , {'7', '47', '12', '22', '5', '21', '10', '18', '23', '3', '14', '33', '36', '8', '27', '29', '17'}
| | | | | +-- , 29 , set() , {'20', '25', '22', '5', '0', '46', '27', '39', '35'}


Max number of edges with non zero Y: 16
Max number of iterations of outer rounding loop: 5
Max number of candidate sets: 2
Time spent rounding: 3.012
Time spent solving Separator LP: 0.042
Total time spent solving: 4.269

LP Solver: gammaPlusFractionalCoverHeuristic
Number of Rounding Attemps: 8
Lower Bound Witness = ({'4', '15', '22', '53', '40', '23', '41', '38', '9', '28', '26', '29', '7', '47', '6', '34', '20', '48', '31', '1', '13', '45', '10', '37', '16', '3', '54', '36', '19', '30', '8', '52', '17', '51', '32', '50', '25', '21', '18', '14', '46', '42', '39', '49', '12', '44', '5', '0', '33', '24', '27', '35', '2'}, {'3', '14', '38', '36', '8'})