31, 1.8934426229508194, 4.0, 4
+-- , 0 , {3, 30} , {'xL8JL6J', 'xL7JL10J', 'xL9JL6J', 'xL7JL6J', 'xL7JL9J', 'xL3JL4J', 'xL7JL8J'}
| +-- , 3 , {5} , {'xL3JL4J', 'xL1JL4J', 'xL2JL4J', 'xL7JL6J', 'xL7JL5J', 'xL7JL4J'}
| | +-- , 5 , {21, 7} , {'xL7JL4J', 'xL7JL5J', 'xL4JL3J', 'xL2JL4J', 'xL1JL4J'}
| | | +-- , 21 , {23} , {'xL4JL3J', 'xL2JL4J', 'xL4JL2J', 'xL1JL4J', 'xL4JL1J'}
| | | | +-- , 23 , {26} , {'xL2JL4J', 'xL1JL3J', 'xL1JL2J', 'xL4JL2J', 'xL1JL4J', 'xL4JL1J'}
| | | | | +-- , 26 , {28} , {'xL2JL1J', 'xL2JL4J', 'xL2JL3J', 'xL2JL2J', 'xL1JL2J', 'xL1JL3J', 'xL4JL2J', 'xL4JL1J'}
| | | | | | +-- , 28 , set() , {'xL3JL1J', 'xL2JL1J', 'xL2JL2J', 'xL1JL2J', 'xL3JL2J', 'xL4JL2J', 'xL4JL1J'}
| | | +-- , 7 , {9} , {'xL6JL3J', 'xL4JL3J', 'xL7JL5J', 'xL5JL3J', 'xL7JL4J'}
| | | | +-- , 9 , {12} , {'xL6JL4J', 'xL6JL3J', 'xL6JL2J', 'xL6JL5J', 'xL7JL5J', 'xL6JL1J', 'xL5JL3J', 'xL7JL4J'}
| | | | | +-- , 12 , {14} , {'xL5JL3J', 'xL8JL4J', 'xL6JL2J', 'xL9JL4J', 'xL6JL1J', 'xL5JL4J', 'xL6JL4J', 'xL7JL4J'}
| | | | | | +-- , 14 , {17} , {'xL8JL4J', 'xL6JL2J', 'xL9JL4J', 'xL8JL3J', 'xL6JL1J', 'xL8JL2J', 'xL8JL1J'}
| | | | | | | +-- , 17 , {19} , {'xL9JL2J', 'xL6JL2J', 'xL9JL4J', 'xL9JL3J', 'xL8JL3J', 'xL8JL2J', 'xL8JL1J', 'xL6JL1J'}
| | | | | | | | +-- , 19 , set() , {'xL7JL2J', 'xL9JL2J', 'xL7JL1J', 'xL6JL2J', 'xL8JL2J', 'xL6JL1J', 'xL8JL1J'}
| +-- , 30 , {32} , {'xL3JL5J', 'xL3JL6J', 'xL7JL8J', 'xL7JL10J', 'xL9JL6J', 'xL7JL9J', 'xL3JL4J', 'xL8JL6J'}
| | +-- , 32 , {35, 69} , {'xL3JL5J', 'xL3JL6J', 'xL7JL8J', 'xL7JL10J', 'xL5JL8J', 'xL9JL6J', 'xL9JL8J', 'xL8JL8J', 'xL7JL9J', 'xL6JL8J', 'xL8JL6J'}
| | | +-- , 35 , {38} , {'xL3JL5J', 'xL3JL6J', 'xL6JL9J', 'xL6JL7J', 'xL7JL10J', 'xL5JL8J', 'xL5JL7J', 'xL5JL6J', 'xL7JL9J', 'xL6JL8J'}
| | | | +-- , 38 , {40} , {'xL3JL5J', 'xL3JL6J', 'xL6JL7J', 'xL4JL6J', 'xL7JL10J', 'xL9JL10J', 'xL4JL7J', 'xL8JL10J', 'xL4JL5J', 'xL5JL7J', 'xL5JL6J', 'xL1JL6J', 'xL2JL6J'}
| | | | | +-- , 40 , {42, 47} , {'xL9JL10J', 'xL8JL10J', 'xL1JL6J', 'xL6JL12J', 'xL6JL13J', 'xL2JL6J'}
| | | | | | +-- , 42 , {45} , {'xL7JL13J', 'xL9JL10J', 'xL7JL12J', 'xL8JL10J', 'xL9JL12J', 'xL8JL12J', 'xL6JL12J', 'xL6JL13J', 'xL8JL13J'}
| | | | | | | +-- , 45 , set() , {'xL9JL10J', 'xL8JL10J', 'xL9JL12J', 'xL8JL11J', 'xL8JL12J', 'xL9JL11J', 'xL8JL13J'}
| | | | | | +-- , 47 , {49} , {'xL1JL6J', 'xL6JL12J', 'xL6JL13J', 'xL2JL6J', 'xL6JL11J'}
| | | | | | | +-- , 49 , {51} , {'xL4JL11J', 'xL5JL11J', 'xL1JL6J', 'xL2JL6J', 'xL6JL11J'}
| | | | | | | | +-- , 51 , {65, 53} , {'xL5JL11J', 'xL1JL6J', 'xL3JL8J', 'xL4JL11J', 'xL2JL6J'}
| | | | | | | | | +-- , 65 , {67} , {'xL1JL8J', 'xL2JL8J', 'xL1JL6J', 'xL3JL8J', 'xL2JL6J'}
| | | | | | | | | | +-- , 67 , set() , {'xL1JL8J', 'xL2JL8J', 'xL2JL7J', 'xL1JL6J', 'xL2JL6J', 'xL1JL7J'}
| | | | | | | | | +-- , 53 , {55} , {'xL4JL11J', 'xL3JL9J', 'xL5JL11J', 'xL3JL8J', 'xL3JL10J'}
| | | | | | | | | | +-- , 55 , {58} , {'xL2JL10J', 'xL4JL11J', 'xL4JL10J', 'xL3JL9J', 'xL5JL11J', 'xL1JL10J', 'xL5JL10J', 'xL3JL10J'}
| | | | | | | | | | | +-- , 58 , {60} , {'xL4JL9J', 'xL4JL12J', 'xL2JL10J', 'xL4JL11J', 'xL4JL10J', 'xL3JL9J', 'xL1JL10J', 'xL4JL13J'}
| | | | | | | | | | | | +-- , 60 , {63} , {'xL4JL12J', 'xL2JL10J', 'xL1JL12J', 'xL2JL12J', 'xL1JL10J', 'xL3JL13J', 'xL2JL13J', 'xL3JL12J', 'xL4JL13J'}
| | | | | | | | | | | | | +-- , 63 , set() , {'xL2JL10J', 'xL1JL12J', 'xL2JL12J', 'xL1JL10J', 'xL2JL13J', 'xL2JL11J', 'xL1JL11J'}
| | | +-- , 69 , set() , {'xL9JL7J', 'xL9JL8J', 'xL9JL6J', 'xL8JL7J', 'xL8JL8J', 'xL8JL6J'}


Max number of edges with non zero Y: 8
Max number of iterations of outer rounding loop: 2
Max number of candidate sets: 2
Time spent rounding: 24.626
Time spent solving Separator LP: 2.114
Total time spent solving: 35.290

LP Solver: GaifmanBoosted
Lower Bound Witness = ({'xL4JL9J', 'xL2JL12J', 'xL5JL8J', 'xL3JL13J', 'xL7JL4J', 'xL7JL2J', 'xL4JL3J', 'xL9JL12J', 'xL9JL4J', 'xL5JL6J', 'xL3JL4J', 'xL8JL7J', 'xL7JL9J', 'xL1JL3J', 'xL1JL11J', 'xL1JL4J', 'xL8JL13J', 'xL6JL7J', 'xL7JL10J', 'xL9JL10J', 'xL8JL4J', 'xL7JL1J', 'xL4JL1J', 'xL9JL2J', 'xL5JL4J', 'xL6JL9J', 'xL1JL8J', 'xL7JL6J', 'xL8JL3J', 'xL3JL5J', 'xL4JL12J', 'xL4JL6J', 'xL2JL10J', 'xL2JL11J', 'xL4JL10J', 'xL2JL4J', 'xL1JL2J', 'xL2JL13J', 'xL9JL11J', 'xL5JL10J', 'xL6JL2J', 'xL2JL7J', 'xL9JL8J', 'xL4JL2J', 'xL6JL3J', 'xL9JL7J', 'xL2JL3J', 'xL5JL11J', 'xL8JL11J', 'xL8JL2J', 'xL6JL11J', 'xL3JL10J', 'xL4JL7J', 'xL9JL6J', 'xL8JL8J', 'xL6JL13J', 'xL2JL6J', 'xL3JL1J', 'xL1JL6J', 'xL3JL2J', 'xL6JL1J', 'xL1JL10J', 'xL7JL12J', 'xL8JL12J', 'xL7JL8J', 'xL4JL11J', 'xL1JL7J', 'xL8JL6J', 'xL2JL8J', 'xL8JL10J', 'xL2JL2J', 'xL3JL8J', 'xL6JL4J', 'xL1JL12J', 'xL2JL1J', 'xL6JL5J', 'xL3JL9J', 'xL9JL3J', 'xL6JL8J', 'xL4JL13J', 'xL7JL13J', 'xL3JL6J', 'xL4JL5J', 'xL5JL7J', 'xL7JL5J', 'xL6JL12J', 'xL8JL1J', 'xL5JL3J', 'xL3JL12J'}, {'xL3JL1J', 'xL1JL7J', 'xL7JL12J', 'xL9JL6J', 'xL5JL6J', 'xL1JL3J', 'xL1JL6J', 'xL8JL2J', 'xL6JL13J', 'xL3JL13J', 'xL2JL13J', 'xL4JL1J', 'xL6JL1J', 'xL1JL4J', 'xL7JL8J'})