18, 0, 8.446808510638299, 11
+-- , 16 , {14} , {'39', '29', '55', '13', '18', '48', '5', '2', '56', '17', '10'}
| +-- , 14 , {12} , {'29', '55', '48', '56', '17', '10', '39', '16', '41', '5', '2'}
| | +-- , 12 , {18, 10} , {'57', '29', '4', '43', '48', '47', '38', '56', '3', '17', '10', '9', '39', '16', '51', '41', '5', '2', '19', '22', '36', '34'}
| | | +-- , 18 , set() , {'57', '43', '47', '38', '15', '3', '16', '41', '19', '22', '33', '32', '4', '17', '9', '51', '5', '2', '31', '34'}
| | | +-- , 10 , {20, 22, 8} , {'26', '57', '29', '11', '4', '43', '48', '47', '38', '56', '3', '17', '10', '9', '39', '51', '41', '5', '30', '19', '22', '36', '34', '27', '50'}
| | | | +-- , 20 , set() , {'26', '39', '46', '11', '51', '4', '48', '41', '30', '54', '19', '47', '3', '10', '50'}
| | | | +-- , 22 , set() , {'39', '4', '25', '27', '50'}
| | | | +-- , 8 , {6} , {'57', '29', '11', '43', '47', '38', '56', '3', '41', '19', '22', '27', '50', '26', '35', '7', '48', '17', '10', '9', '39', '51', '5', '30', '36', '34'}
| | | | | +-- , 6 , {3, 24, 26} , {'57', '29', '11', '43', '47', '38', '56', '3', '28', '41', '19', '22', '27', '50', '26', '37', '35', '7', '21', '48', '17', '10', '9', '39', '5', '30', '12', '36', '34'}
| | | | | | +-- , 3 , {0, 28, 30} , {'26', '57', '29', '35', '7', '11', '42', '43', '21', '48', '47', '38', '17', '50', '10', '9', '39', '28', '44', '52', '41', '5', '12', '30', '19', '22', '36', '34', '27', '40', '37'}
| | | | | | | +-- , 0 , {32, 36} , {'57', '29', '11', '42', '43', '47', '38', '28', '44', '19', '22', '27', '40', '50', '26', '37', '35', '7', '0', '21', '48', '17', '10', '9', '39', '24', '52', '5', '12', '36', '34'}
| | | | | | | | +-- , 32 , {34} , {'57', '29', '7', '11', '0', '42', '43', '21', '47', '38', '17', '10', '9', '39', '28', '24', '1', '5', '12', '19', '22', '36', '23', '34', '27', '40', '50'}
| | | | | | | | | +-- , 34 , set() , {'24', '1', '0', '20', '23'}
| | | | | | | | +-- , 36 , set() , {'8', '5', '44', '50'}
| | | | | | | +-- , 28 , set() , {'6', '35', '44', '52', '42', '12', '30', '47', '40'}
| | | | | | | +-- , 30 , set() , {'29', '48', '30', '38', '53'}
| | | | | | +-- , 24 , set() , {'45', '29', '7', '56', '12', '19', '34', '3', '37'}
| | | | | | +-- , 26 , set() , {'29', '28', '56', '49', '50', '21', '41', '34', '3', '10', '9'}


Max number of edges with non zero Y: 35
Max number of iterations of outer rounding loop: 10
Max number of candidate sets: 2
Time spent rounding: 8.067
Time spent solving Separator LP: 0.038
Total time spent solving: 9.240

LP Solver: gammaPlusFractionalCoverHeuristic
Number of Rounding Attemps: 16
Lower Bound Witness = ({'57', '29', '55', '11', '42', '43', '54', '47', '20', '25', '38', '15', '56', '3', '45', '6', '16', '46', '28', '1', '44', '41', '19', '22', '23', '33', '27', '40', '50', '26', '37', '35', '32', '7', '13', '4', '0', '49', '21', '48', '53', '17', '10', '9', '39', '24', '52', '51', '8', '18', '5', '2', '30', '36', '31', '12', '34'}, {'52', '51', '20', '27', '37'})