11, 0, 11.0, 12
+-- , 0 , {23, 21, 5} , {'29', '11', '42', '43', '54', '47', '25', '38', '15', '6', '16', '46', '28', '1', '44', '41', '22', '23', '33', '27', '40', '50', '26', '35', '32', '7', '13', '0', '4', '21', '48', '53', '17', '10', '9', '39', '52', '51', '18', '5', '2', '30', '36', '12'}
| +-- , 23 , set() , {'8', '5', '44', '50'}
| +-- , 21 , set() , {'39', '16', '55', '13', '41', '17', '10'}
| +-- , 5 , {7} , {'11', '42', '43', '54', '1', '41', '22', '23', '50', '26', '32', '0', '10', '9', '52', '36', '29', '47', '38', '15', '56', '46', '28', '44', '33', '27', '35', '7', '13', '4', '21', '48', '17', '39', '51', '18', '5', '2', '30', '12'}
| | +-- , 7 , {9} , {'29', '11', '42', '43', '54', '47', '38', '15', '56', '3', '46', '28', '1', '44', '41', '22', '23', '33', '27', '50', '26', '35', '32', '7', '4', '0', '21', '48', '17', '10', '9', '39', '52', '51', '5', '2', '30', '36', '12'}
| | | +-- , 9 , {11, 19} , {'29', '11', '42', '43', '47', '38', '56', '3', '46', '28', '1', '44', '41', '19', '22', '23', '33', '50', '26', '35', '32', '7', '4', '0', '21', '48', '17', '10', '9', '39', '24', '52', '51', '5', '12', '36'}
| | | | +-- , 11 , {13} , {'29', '42', '43', '47', '38', '56', '3', '28', '44', '1', '41', '19', '33', '50', '26', '35', '32', '7', '4', '0', '21', '48', '17', '10', '9', '24', '51', '5', '31', '12', '36'}
| | | | | +-- , 13 , {17, 15} , {'57', '29', '42', '43', '47', '56', '3', '28', '44', '1', '41', '19', '50', '26', '37', '35', '7', '4', '0', '21', '48', '17', '10', '9', '24', '51', '5', '31', '12', '36', '34'}
| | | | | | +-- , 17 , set() , {'29', '28', '56', '49', '50', '21', '41', '34', '3', '10', '9'}
| | | | | | +-- , 15 , set() , {'45', '29', '7', '56', '12', '19', '34', '3', '37'}
| | | | +-- , 19 , set() , {'24', '1', '0', '20', '23'}


Max number of edges with non zero Y: 17
Max number of iterations of outer rounding loop: 1
Max number of candidate sets: 2
Time spent rounding: 0.015
Time spent solving Separator LP: 0.007
Total time spent solving: 0.306

LP Solver: gammaPlusFractionalCoverHeuristic
Number of Rounding Attemps: 1
Lower Bound Witness = ({'57', '29', '55', '11', '42', '43', '54', '47', '20', '25', '38', '15', '56', '3', '45', '6', '16', '46', '28', '1', '44', '41', '19', '22', '23', '33', '27', '40', '50', '26', '37', '35', '32', '7', '13', '4', '0', '49', '21', '48', '53', '17', '10', '9', '39', '24', '52', '51', '8', '18', '5', '2', '30', '36', '31', '12', '34'}, {'29', '7', '55', '43', '5'})