32, 0, 7.0, 7
+-- , 0 , {41, 3} , {'xL8JL8J', 'xL5JL2J', 'xL8JL4J', 'xL8JL5J', 'xL8JL6J', 'xL8JL7J', 'xL5JL1J', 'xL9JL10J', 'xL9JL11J'}
| +-- , 41 , {43} , {'xL5JL2J', 'xL5JL3J', 'xL8JL5J', 'xL8JL6J', 'xL8JL7J', 'xL5JL4J', 'xL5JL1J', 'xL9JL10J', 'xL9JL11J'}
| | +-- , 43 , {47} , {'xL5JL11J', 'xL8JL5J', 'xL8JL6J', 'xL8JL10J', 'xL6JL11J', 'xL8JL7J', 'xL6JL10J', 'xL5JL4J', 'xL8JL11J', 'xL9JL11J', 'xL5JL3J', 'xL5JL10J', 'xL7JL10J', 'xL7JL11J', 'xL9JL10J'}
| | | +-- , 47 , {49} , {'xL5JL3J', 'xL5JL11J', 'xL5JL10J', 'xL8JL5J', 'xL5JL8J', 'xL8JL6J', 'xL8JL7J', 'xL5JL4J', 'xL5JL9J'}
| | | | +-- , 49 , {72, 54} , {'xL5JL8J', 'xL8JL5J', 'xL8JL6J', 'xL2JL10J', 'xL2JL9J', 'xL6JL8J', 'xL8JL7J', 'xL5JL4J', 'xL4JL9J', 'xL5JL9J', 'xL5JL3J', 'xL1JL9J', 'xL3JL10J', 'xL4JL8J', 'xL3JL9J'}
| | | | | +-- , 72 , {74, 76} , {'xL2JL10J', 'xL2JL9J', 'xL1JL9J', 'xL2JL11J', 'xL3JL10J', 'xL3JL9J'}
| | | | | | +-- , 74 , set() , {'xL2JL10J', 'xL2JL9J', 'xL1JL9J', 'xL2JL11J', 'xL2JL8J', 'xL1JL8J'}
| | | | | | +-- , 76 , set() , {'xL3JL11J', 'xL2JL11J', 'xL3JL10J', 'xL3JL9J'}
| | | | | +-- , 54 , {56, 68} , {'xL6JL4J', 'xL5JL3J', 'xL8JL5J', 'xL4JL7J', 'xL8JL6J', 'xL6JL5J', 'xL6JL6J', 'xL6JL8J', 'xL8JL7J', 'xL4JL8J', 'xL6JL7J', 'xL5JL4J', 'xL4JL9J'}
| | | | | | +-- , 56 , {58} , {'xL6JL4J', 'xL5JL3J', 'xL4JL7J', 'xL5JL4J', 'xL4JL4J'}
| | | | | | | +-- , 58 , {60} , {'xL5JL3J', 'xL4JL7J', 'xL2JL3J', 'xL4JL5J', 'xL1JL3J', 'xL3JL3J', 'xL4JL4J', 'xL4JL3J'}
| | | | | | | | +-- , 60 , {62} , {'xL2JL3J', 'xL4JL7J', 'xL2JL5J', 'xL1JL5J', 'xL4JL5J', 'xL1JL3J', 'xL3JL5J', 'xL3JL3J', 'xL3JL7J'}
| | | | | | | | | +-- , 62 , {64} , {'xL2JL3J', 'xL2JL5J', 'xL1JL5J', 'xL1JL3J', 'xL3JL5J', 'xL3JL3J', 'xL3JL7J', 'xL3JL6J'}
| | | | | | | | | | +-- , 64 , {66} , {'xL2JL3J', 'xL2JL5J', 'xL1JL5J', 'xL1JL3J', 'xL2JL6J', 'xL1JL6J', 'xL3JL3J', 'xL3JL6J'}
| | | | | | | | | | | +-- , 66 , set() , {'xL2JL4J', 'xL3JL2J', 'xL2JL3J', 'xL2JL5J', 'xL1JL5J', 'xL2JL2J', 'xL1JL3J', 'xL2JL6J', 'xL1JL6J', 'xL1JL4J', 'xL3JL3J'}
| | | | | | +-- , 68 , {70} , {'xL8JL5J', 'xL6JL5J', 'xL8JL6J', 'xL7JL7J', 'xL6JL6J', 'xL8JL7J', 'xL6JL7J', 'xL7JL6J'}
| | | | | | | +-- , 70 , set() , {'xL8JL5J', 'xL6JL5J', 'xL7JL7J', 'xL7JL5J', 'xL7JL6J'}
| +-- , 3 , {5} , {'xL8JL8J', 'xL5JL2J', 'xL8JL4J', 'xL9JL9J', 'xL9JL8J', 'xL5JL1J', 'xL9JL10J', 'xL9JL11J'}
| | +-- , 5 , {8} , {'xL5JL2J', 'xL7JL2J', 'xL6JL2J', 'xL9JL9J', 'xL9JL8J', 'xL8JL8J', 'xL8JL4J', 'xL9JL2J', 'xL8JL2J', 'xL5JL1J'}
| | | +-- , 8 , {10} , {'xL8JL1J', 'xL7JL1J', 'xL7JL2J', 'xL6JL2J', 'xL9JL9J', 'xL9JL1J', 'xL9JL8J', 'xL6JL1J', 'xL8JL8J', 'xL8JL4J', 'xL9JL2J', 'xL8JL2J', 'xL5JL1J'}
| | | | +-- , 10 , {12} , {'xL8JL8J', 'xL8JL4J', 'xL9JL2J', 'xL9JL9J', 'xL9JL1J', 'xL9JL8J', 'xL9JL4J', 'xL9JL3J'}
| | | | | +-- , 12 , {19} , {'xL10JL7J', 'xL9JL9J', 'xL13JL9J', 'xL11JL9J', 'xL9JL8J', 'xL13JL8J', 'xL12JL7J', 'xL8JL8J', 'xL8JL4J', 'xL11JL7J', 'xL13JL7J', 'xL13JL6J', 'xL11JL10J', 'xL9JL4J', 'xL9JL3J'}
| | | | | | +-- , 19 , {37, 21} , {'xL10JL7J', 'xL9JL9J', 'xL13JL9J', 'xL11JL9J', 'xL9JL8J', 'xL13JL8J', 'xL12JL7J', 'xL8JL8J', 'xL11JL7J', 'xL8JL4J', 'xL13JL6J', 'xL11JL10J', 'xL9JL4J', 'xL11JL5J', 'xL9JL3J'}
| | | | | | | +-- , 37 , {39} , {'xL10JL7J', 'xL9JL9J', 'xL13JL9J', 'xL11JL9J', 'xL9JL8J', 'xL13JL8J', 'xL12JL7J', 'xL8JL8J', 'xL11JL7J', 'xL10JL8J', 'xL10JL9J', 'xL13JL6J', 'xL12JL9J', 'xL11JL10J', 'xL11JL5J'}
| | | | | | | | +-- , 39 , set() , {'xL11JL7J', 'xL12JL6J', 'xL13JL6J', 'xL12JL8J', 'xL11JL6J', 'xL13JL8J', 'xL12JL9J', 'xL11JL10J', 'xL11JL5J', 'xL12JL10J', 'xL12JL7J'}
| | | | | | | +-- , 21 , {23} , {'xL8JL4J', 'xL10JL4J', 'xL10JL5J', 'xL9JL4J', 'xL11JL5J', 'xL9JL3J'}
| | | | | | | | +-- , 23 , {25} , {'xL10JL5J', 'xL10JL4J', 'xL10JL3J', 'xL9JL3J'}
| | | | | | | | | +-- , 25 , {27} , {'xL11JL3J', 'xL12JL3J', 'xL10JL3J', 'xL9JL3J', 'xL13JL3J'}
| | | | | | | | | | +-- , 27 , {35, 31} , {'xL12JL2J', 'xL12JL1J', 'xL11JL3J', 'xL12JL3J', 'xL11JL1J', 'xL13JL3J'}
| | | | | | | | | | | +-- , 35 , set() , {'xL11JL2J', 'xL12JL2J', 'xL11JL3J', 'xL11JL1J'}
| | | | | | | | | | | +-- , 31 , {33} , {'xL12JL3J', 'xL12JL2J', 'xL13JL3J', 'xL12JL1J', 'xL12JL4J'}
| | | | | | | | | | | | +-- , 33 , set() , {'xL13JL3J', 'xL13JL4J', 'xL12JL4J'}


Max number of edges with non zero Y: 31
Max number of iterations of outer rounding loop: 4
Max number of candidate sets: 2
Time spent rounding: 17.143
Time spent solving Separator LP: 0.205
Total time spent solving: 22.069

LP Solver: gammaPlusFractionalCoverHeuristic
Lower Bound Witness = ({'xL5JL11J', 'xL10JL7J', 'xL8JL6J', 'xL2JL9J', 'xL9JL11J', 'xL8JL8J', 'xL5JL10J', 'xL4JL7J', 'xL12JL2J', 'xL13JL6J', 'xL11JL6J', 'xL3JL5J', 'xL11JL5J', 'xL9JL1J', 'xL13JL8J', 'xL8JL11J', 'xL5JL3J', 'xL2JL4J', 'xL1JL5J', 'xL9JL3J', 'xL13JL4J', 'xL2JL3J', 'xL8JL10J', 'xL2JL10J', 'xL12JL7J', 'xL2JL5J', 'xL10JL9J', 'xL4JL8J', 'xL11JL2J', 'xL3JL6J', 'xL5JL2J', 'xL8JL5J', 'xL6JL2J', 'xL11JL9J', 'xL1JL4J', 'xL5JL4J', 'xL2JL8J', 'xL5JL9J', 'xL10JL8J', 'xL1JL9J', 'xL3JL10J', 'xL8JL2J', 'xL10JL5J', 'xL7JL5J', 'xL10JL3J', 'xL8JL1J', 'xL7JL1J', 'xL3JL2J', 'xL10JL4J', 'xL6JL11J', 'xL6JL6J', 'xL8JL7J', 'xL11JL3J', 'xL4JL4J', 'xL7JL6J', 'xL4JL9J', 'xL9JL2J', 'xL7JL10J', 'xL7JL7J', 'xL12JL1J', 'xL7JL11J', 'xL12JL8J', 'xL11JL10J', 'xL13JL3J', 'xL11JL1J', 'xL5JL8J', 'xL6JL7J', 'xL12JL3J', 'xL6JL1J', 'xL4JL5J', 'xL12JL6J', 'xL2JL2J', 'xL9JL4J', 'xL12JL4J', 'xL7JL2J', 'xL6JL5J', 'xL9JL9J', 'xL1JL3J', 'xL2JL6J', 'xL3JL7J', 'xL12JL10J', 'xL4JL3J', 'xL6JL4J', 'xL13JL7J', 'xL3JL11J', 'xL2JL11J', 'xL3JL9J', 'xL13JL9J', 'xL6JL8J', 'xL9JL8J', 'xL6JL10J', 'xL3JL3J', 'xL11JL7J', 'xL8JL4J', 'xL12JL9J', 'xL1JL6J', 'xL5JL1J', 'xL9JL10J', 'xL1JL8J'}, {'xL5JL2J', 'xL4JL7J', 'xL8JL6J', 'xL10JL9J', 'xL11JL3J'})