23, 4.0, 7.5, 8
+-- , 0 , {33, 35, 55, 12, 47, 31} , {'xL14J', 'xL24J', 'xL13J', 'xL33J', 'xL18J', 'xL28J', 'xL3J', 'xL6J', 'xL22J', 'xL19J', 'xL4J', 'xL37J', 'xL17J', 'xL7J'}
| +-- , 33 , set() , {'xL12J', 'xL28J', 'xL4J'}
| +-- , 35 , {45, 37} , {'xL9J', 'xL14J', 'xL33J', 'xL3J', 'xL6J', 'xL35J', 'xL19J', 'xL4J'}
| | +-- , 45 , set() , {'xL3J', 'xL31J', 'xL9J'}
| | +-- , 37 , {39} , {'xL9J', 'xL14J', 'xL33J', 'xL3J', 'xL6J', 'xL35J', 'xL23J', 'xL4J'}
| | | +-- , 39 , {41} , {'xL3J', 'xL6J', 'xL35J', 'xL26J', 'xL23J', 'xL4J'}
| | | | +-- , 41 , {43} , {'xL35J', 'xL26J', 'xL39J', 'xL3J', 'xL6J'}
| | | | | +-- , 43 , set() , {'xL35J', 'xL10J', 'xL6J', 'xL39J'}
| +-- , 55 , set() , {'xL14J', 'xL1J'}
| +-- , 12 , {29, 15} , {'xL14J', 'xL28J', 'xL6J', 'xL0J', 'xL5J', 'xL22J', 'xL4J', 'xL7J', 'xL13J', 'xL33J', 'xL18J', 'xL3J', 'xL19J', 'xL37J', 'xL17J'}
| | +-- , 29 , set() , {'xL5J', 'xL19J', 'xL33J', 'xL21J'}
| | +-- , 15 , {17, 27} , {'xL14J', 'xL13J', 'xL33J', 'xL28J', 'xL3J', 'xL6J', 'xL0J', 'xL5J', 'xL20J', 'xL22J', 'xL19J', 'xL4J', 'xL37J', 'xL17J', 'xL7J'}
| | | +-- , 17 , {19, 21, 23} , {'xL14J', 'xL28J', 'xL0J', 'xL20J', 'xL22J', 'xL4J', 'xL7J', 'xL13J', 'xL33J', 'xL3J', 'xL17J', 'xL32J', 'xL37J', 'xL5J'}
| | | | +-- , 19 , set() , {'xL14J', 'xL32J', 'xL15J', 'xL4J', 'xL7J'}
| | | | +-- , 21 , set() , {'xL33J', 'xL28J', 'xL38J', 'xL32J', 'xL5J', 'xL2J', 'xL4J', 'xL37J', 'xL17J', 'xL34J'}
| | | | +-- , 23 , {25} , {'xL13J', 'xL3J', 'xL0J', 'xL32J', 'xL29J', 'xL37J'}
| | | | | +-- , 25 , set() , {'xL13J', 'xL3J', 'xL0J', 'xL29J', 'xL25J'}
| | | +-- , 27 , set() , {'xL20J', 'xL27J', 'xL6J', 'xL19J'}
| +-- , 47 , {49, 53} , {'xL4J', 'xL18J', 'xL6J', 'xL30J'}
| | +-- , 49 , {51} , {'xL18J', 'xL8J', 'xL6J', 'xL30J'}
| | | +-- , 51 , set() , {'xL8J', 'xL6J', 'xL11J', 'xL30J'}
| | +-- , 53 , set() , {'xL16J', 'xL30J', 'xL4J'}
| +-- , 31 , set() , {'xL36J', 'xL28J', 'xL18J'}


Max number of edges with non zero Y: 7
Max number of iterations of outer rounding loop: 0
Max number of candidate sets: 0
Time spent rounding: 0.000
Time spent solving Separator LP: 9.404

LP Solver: GaifmanNormalILP