41, 2.8171247357293874, 10.0, 10
+-- , 0 , {82, 12} , {'xL2JL7J', 'xL4JL1J', 'xL13JL8J', 'xL13JL10J', 'xL9JL13J', 'xL13JL12J', 'xL13JL11J', 'xL2JL9J', 'xL7JL3J', 'xL5JL6J', 'xL6JL3J', 'xL6JL1J', 'xL1JL6J', 'xL5JL3J', 'xL6JL13J', 'xL3JL6J', 'xL10JL13J', 'xL7JL13J', 'xL3JL1J', 'xL13JL9J', 'xL3JL9J', 'xL12JL13J', 'xL11JL13J', 'xL8JL3J', 'xL5JL1J', 'xL4JL7J', 'xL5JL11J', 'xL2JL6J', 'xL5JL12J', 'xL4JL6J', 'xL11JL15J', 'xL11JL14J', 'xL8JL13J', 'xL3JL7J', 'xL4JL3J'}
| +-- , 82 , {84} , {'xL13JL12J', 'xL13JL11J', 'xL10JL3J', 'xL7JL3J', 'xL13JL7J', 'xL13JL9J', 'xL9JL3J', 'xL5JL3J', 'xL6JL3J', 'xL13JL8J', 'xL13JL10J', 'xL13JL6J', 'xL8JL3J', 'xL4JL3J'}
| | +-- , 84 , {87} , {'xL10JL3J', 'xL9JL3J', 'xL13JL7J', 'xL12JL2J', 'xL10JL2J', 'xL9JL2J', 'xL13JL2J', 'xL13JL6J', 'xL11JL2J'}
| | | +-- , 87 , {89} , {'xL10JL3J', 'xL12JL2J', 'xL10JL4J', 'xL13JL7J', 'xL10JL2J', 'xL13JL2J', 'xL13JL6J', 'xL11JL2J', 'xL10JL1J'}
| | | | +-- , 89 , {92, 94} , {'xL12JL2J', 'xL10JL4J', 'xL13JL7J', 'xL14JL3J', 'xL13JL3J', 'xL12JL3J', 'xL13JL2J', 'xL13JL6J', 'xL11JL2J', 'xL10JL1J'}
| | | | | +-- , 92 , set() , {'xL12JL2J', 'xL11JL1J', 'xL12JL3J', 'xL12JL1J', 'xL10JL1J', 'xL11JL2J'}
| | | | | +-- , 94 , {96} , {'xL14JL5J', 'xL10JL4J', 'xL13JL7J', 'xL14JL4J', 'xL14JL7J', 'xL13JL4J', 'xL14JL3J', 'xL14JL6J', 'xL13JL3J', 'xL13JL2J', 'xL13JL6J'}
| | | | | | +-- , 96 , {98} , {'xL15JL4J', 'xL14JL5J', 'xL15JL6J', 'xL12JL6J', 'xL10JL4J', 'xL14JL4J', 'xL13JL4J', 'xL11JL4J', 'xL14JL6J', 'xL15JL5J', 'xL13JL6J'}
| | | | | | | +-- , 98 , set() , {'xL11JL5J', 'xL12JL6J', 'xL11JL4J', 'xL12JL5J'}
| +-- , 12 , {28, 14} , {'xL2JL7J', 'xL3JL4J', 'xL4JL1J', 'xL13JL8J', 'xL13JL10J', 'xL3JL8J', 'xL3JL5J', 'xL9JL13J', 'xL13JL12J', 'xL2JL9J', 'xL13JL11J', 'xL7JL3J', 'xL5JL6J', 'xL6JL3J', 'xL6JL1J', 'xL1JL6J', 'xL5JL3J', 'xL6JL13J', 'xL3JL6J', 'xL10JL13J', 'xL7JL13J', 'xL3JL1J', 'xL13JL9J', 'xL3JL9J', 'xL12JL13J', 'xL8JL3J', 'xL5JL1J', 'xL4JL7J', 'xL5JL11J', 'xL2JL6J', 'xL5JL12J', 'xL11JL14J', 'xL11JL15J', 'xL8JL13J', 'xL4JL6J', 'xL3JL7J', 'xL4JL3J'}
| | +-- , 28 , {32, 44} , {'xL2JL7J', 'xL3JL4J', 'xL4JL1J', 'xL13JL8J', 'xL13JL10J', 'xL3JL8J', 'xL3JL5J', 'xL9JL13J', 'xL8JL4J', 'xL13JL12J', 'xL13JL11J', 'xL7JL3J', 'xL5JL6J', 'xL8JL11J', 'xL6JL3J', 'xL6JL1J', 'xL1JL6J', 'xL5JL3J', 'xL10JL13J', 'xL3JL1J', 'xL13JL9J', 'xL12JL13J', 'xL5JL1J', 'xL8JL3J', 'xL4JL7J', 'xL7JL11J', 'xL2JL6J', 'xL11JL14J', 'xL11JL15J', 'xL8JL13J', 'xL4JL6J', 'xL4JL3J'}
| | | +-- , 32 , {34} , {'xL2JL7J', 'xL3JL4J', 'xL4JL1J', 'xL3JL5J', 'xL8JL4J', 'xL7JL3J', 'xL5JL6J', 'xL6JL3J', 'xL7JL4J', 'xL6JL1J', 'xL1JL6J', 'xL5JL3J', 'xL2JL3J', 'xL3JL1J', 'xL2JL4J', 'xL6JL4J', 'xL2JL5J', 'xL2JL2J', 'xL5JL1J', 'xL2JL6J', 'xL4JL3J'}
| | | | +-- , 34 , {42, 36} , {'xL3JL1J', 'xL4JL2J', 'xL2JL4J', 'xL6JL4J', 'xL3JL4J', 'xL2JL5J', 'xL4JL1J', 'xL2JL2J', 'xL3JL5J', 'xL5JL1J', 'xL7JL3J', 'xL5JL6J', 'xL6JL3J', 'xL7JL4J', 'xL6JL1J', 'xL1JL6J', 'xL5JL3J', 'xL2JL3J', 'xL4JL3J'}
| | | | | +-- , 42 , set() , {'xL1JL4J', 'xL4JL2J', 'xL1JL3J', 'xL2JL4J', 'xL4JL4J', 'xL3JL4J', 'xL2JL5J', 'xL4JL1J', 'xL1JL5J', 'xL1JL6J', 'xL3JL5J', 'xL2JL3J', 'xL4JL3J'}
| | | | | +-- , 36 , {38} , {'xL3JL1J', 'xL4JL2J', 'xL6JL2J', 'xL3JL2J', 'xL5JL2J', 'xL6JL4J', 'xL2JL2J', 'xL5JL1J', 'xL7JL3J', 'xL5JL6J', 'xL7JL2J', 'xL6JL3J', 'xL7JL4J', 'xL6JL1J', 'xL5JL3J'}
| | | | | | +-- , 38 , {40} , {'xL6JL1J', 'xL6JL5J', 'xL5JL6J', 'xL6JL2J', 'xL6JL4J', 'xL6JL3J'}
| | | | | | | +-- , 40 , set() , {'xL5JL5J', 'xL6JL5J', 'xL5JL6J'}
| | | +-- , 44 , {46} , {'xL13JL8J', 'xL13JL10J', 'xL3JL8J', 'xL8JL4J', 'xL9JL13J', 'xL13JL12J', 'xL13JL11J', 'xL8JL11J', 'xL4JL8J', 'xL8JL5J', 'xL10JL13J', 'xL8JL6J', 'xL13JL9J', 'xL12JL13J', 'xL8JL3J', 'xL4JL7J', 'xL7JL11J', 'xL11JL14J', 'xL11JL15J', 'xL8JL13J', 'xL4JL6J'}
| | | | +-- , 46 , {48} , {'xL6JL8J', 'xL8JL6J', 'xL13JL9J', 'xL12JL13J', 'xL13JL8J', 'xL13JL10J', 'xL3JL8J', 'xL9JL13J', 'xL7JL11J', 'xL13JL12J', 'xL13JL11J', 'xL8JL11J', 'xL4JL8J', 'xL8JL5J', 'xL11JL14J', 'xL11JL15J', 'xL8JL13J', 'xL5JL8J', 'xL10JL13J'}
| | | | | +-- , 48 , {52, 70} , {'xL6JL8J', 'xL8JL10J', 'xL11JL8J', 'xL8JL6J', 'xL13JL9J', 'xL12JL13J', 'xL10JL8J', 'xL13JL8J', 'xL13JL10J', 'xL9JL13J', 'xL7JL11J', 'xL10JL7J', 'xL13JL12J', 'xL13JL11J', 'xL8JL11J', 'xL10JL9J', 'xL8JL5J', 'xL11JL14J', 'xL11JL15J', 'xL8JL13J', 'xL10JL6J', 'xL5JL8J', 'xL10JL13J'}
| | | | | | +-- , 52 , {54} , {'xL8JL10J', 'xL11JL8J', 'xL13JL9J', 'xL12JL13J', 'xL10JL8J', 'xL13JL8J', 'xL13JL10J', 'xL9JL13J', 'xL13JL12J', 'xL13JL11J', 'xL8JL11J', 'xL8JL12J', 'xL11JL14J', 'xL11JL15J', 'xL8JL13J', 'xL12JL8J', 'xL10JL13J'}
| | | | | | | +-- , 54 , {56} , {'xL13JL9J', 'xL12JL13J', 'xL13JL10J', 'xL9JL13J', 'xL13JL12J', 'xL13JL11J', 'xL12JL9J', 'xL8JL12J', 'xL11JL14J', 'xL11JL15J', 'xL12JL10J', 'xL12JL8J', 'xL10JL13J'}
| | | | | | | | +-- , 56 , {58} , {'xL9JL12J', 'xL13JL9J', 'xL12JL13J', 'xL13JL10J', 'xL9JL13J', 'xL13JL12J', 'xL13JL11J', 'xL12JL9J', 'xL8JL12J', 'xL11JL14J', 'xL11JL15J', 'xL12JL10J', 'xL10JL12J', 'xL10JL13J'}
| | | | | | | | | +-- , 58 , {61} , {'xL9JL12J', 'xL14JL14J', 'xL13JL9J', 'xL12JL13J', 'xL13JL10J', 'xL14JL12J', 'xL9JL13J', 'xL14JL10J', 'xL13JL12J', 'xL13JL11J', 'xL12JL9J', 'xL14JL11J', 'xL14JL9J', 'xL11JL14J', 'xL11JL15J', 'xL12JL10J', 'xL10JL12J', 'xL14JL13J', 'xL10JL13J'}
| | | | | | | | | | +-- , 61 , {63} , {'xL9JL12J', 'xL14JL14J', 'xL12JL13J', 'xL13JL10J', 'xL14JL12J', 'xL9JL13J', 'xL14JL10J', 'xL13JL12J', 'xL13JL11J', 'xL14JL11J', 'xL10JL12J', 'xL11JL14J', 'xL15JL10J', 'xL11JL15J', 'xL12JL10J', 'xL11JL10J', 'xL14JL13J', 'xL10JL13J'}
| | | | | | | | | | | +-- , 63 , {66, 68} , {'xL9JL12J', 'xL14JL14J', 'xL12JL13J', 'xL14JL12J', 'xL9JL14J', 'xL9JL13J', 'xL10JL14J', 'xL10JL15J', 'xL13JL12J', 'xL13JL11J', 'xL14JL11J', 'xL10JL12J', 'xL11JL14J', 'xL11JL15J', 'xL15JL10J', 'xL10JL11J', 'xL11JL10J', 'xL14JL13J', 'xL10JL13J'}
| | | | | | | | | | | | +-- , 66 , set() , {'xL10JL11J', 'xL11JL11J', 'xL11JL10J'}
| | | | | | | | | | | | +-- , 68 , set() , {'xL12JL12J', 'xL14JL14J', 'xL15JL11J', 'xL9JL14J', 'xL10JL14J', 'xL12JL15J', 'xL13JL12J', 'xL13JL11J', 'xL14JL11J', 'xL15JL10J', 'xL13JL15J', 'xL12JL13J', 'xL13JL14J', 'xL14JL12J', 'xL10JL15J', 'xL15JL13J', 'xL12JL14J', 'xL11JL14J', 'xL11JL15J', 'xL15JL12J', 'xL14JL13J'}
| | | | | | +-- , 70 , {80, 72} , {'xL6JL8J', 'xL8JL10J', 'xL8JL6J', 'xL11JL8J', 'xL7JL9J', 'xL6JL10J', 'xL7JL11J', 'xL10JL7J', 'xL10JL9J', 'xL8JL5J', 'xL7JL10J', 'xL10JL6J', 'xL9JL10J', 'xL5JL8J'}
| | | | | | | +-- , 80 , set() , {'xL9JL9J', 'xL10JL9J', 'xL9JL10J'}
| | | | | | | +-- , 72 , {74} , {'xL6JL8J', 'xL8JL6J', 'xL11JL8J', 'xL7JL9J', 'xL6JL10J', 'xL5JL9J', 'xL10JL7J', 'xL11JL7J', 'xL8JL5J', 'xL10JL6J', 'xL6JL9J', 'xL5JL8J'}
| | | | | | | | +-- , 74 , {76} , {'xL6JL8J', 'xL10JL7J', 'xL11JL7J', 'xL8JL6J', 'xL8JL5J', 'xL6JL10J', 'xL10JL6J', 'xL6JL7J', 'xL9JL7J', 'xL6JL9J'}
| | | | | | | | | +-- , 76 , {78} , {'xL8JL6J', 'xL8JL5J', 'xL10JL6J', 'xL6JL7J', 'xL9JL7J', 'xL7JL7J'}
| | | | | | | | | | +-- , 78 , set() , {'xL8JL6J', 'xL7JL6J', 'xL8JL5J', 'xL10JL6J', 'xL9JL5J', 'xL9JL7J', 'xL7JL7J', 'xL9JL6J'}
| | +-- , 14 , {16} , {'xL3JL4J', 'xL3JL9J', 'xL3JL8J', 'xL3JL10J', 'xL3JL5J', 'xL2JL11J', 'xL2JL10J', 'xL2JL9J', 'xL5JL11J', 'xL2JL13J', 'xL2JL12J', 'xL5JL12J', 'xL3JL7J', 'xL6JL13J', 'xL3JL6J', 'xL7JL13J'}
| | | +-- , 16 , {18, 26} , {'xL6JL13J', 'xL5JL11J', 'xL1JL10J', 'xL2JL13J', 'xL2JL12J', 'xL4JL10J', 'xL5JL12J', 'xL3JL10J', 'xL2JL11J', 'xL2JL10J', 'xL7JL13J'}
| | | | +-- , 18 , {20} , {'xL1JL10J', 'xL2JL13J', 'xL2JL12J', 'xL1JL12J', 'xL5JL12J', 'xL6JL12J', 'xL1JL11J', 'xL2JL11J', 'xL6JL13J', 'xL7JL13J'}
| | | | | +-- , 20 , {22} , {'xL6JL15J', 'xL6JL14J', 'xL2JL13J', 'xL2JL12J', 'xL1JL12J', 'xL6JL12J', 'xL7JL14J', 'xL3JL12J', 'xL6JL13J', 'xL7JL13J'}
| | | | | | +-- , 22 , {24} , {'xL3JL13J', 'xL6JL15J', 'xL3JL14J', 'xL6JL14J', 'xL2JL13J', 'xL7JL14J', 'xL3JL12J'}
| | | | | | | +-- , 24 , set() , {'xL4JL13J', 'xL3JL13J', 'xL6JL15J', 'xL4JL15J', 'xL4JL14J', 'xL6JL14J', 'xL2JL13J', 'xL3JL14J', 'xL7JL14J', 'xL5JL15J', 'xL5JL14J'}
| | | | +-- , 26 , set() , {'xL4JL11J', 'xL4JL10J', 'xL5JL11J'}


Max number of edges with non zero Y: 15
Max number of iterations of outer rounding loop: 4
Max number of candidate sets: 2
Time spent rounding: 54.966
Time spent solving Separator LP: 10.983
Total time spent solving: 77.146

LP Solver: GaifmanBoosted
Lower Bound Witness = ({'xL12JL12J', 'xL4JL13J', 'xL10JL3J', 'xL3JL13J', 'xL12JL5J', 'xL9JL2J', 'xL3JL8J', 'xL13JL10J', 'xL7JL7J', 'xL13JL11J', 'xL8JL11J', 'xL5JL6J', 'xL14JL3J', 'xL12JL3J', 'xL5JL14J', 'xL3JL6J', 'xL7JL13J', 'xL11JL2J', 'xL3JL14J', 'xL13JL9J', 'xL6JL2J', 'xL2JL2J', 'xL1JL5J', 'xL5JL15J', 'xL13JL3J', 'xL9JL5J', 'xL3JL12J', 'xL8JL3J', 'xL5JL1J', 'xL7JL11J', 'xL15JL13J', 'xL10JL9J', 'xL10JL4J', 'xL6JL14J', 'xL4JL6J', 'xL11JL15J', 'xL15JL12J', 'xL1JL11J', 'xL3JL7J', 'xL13JL6J', 'xL4JL3J', 'xL8JL10J', 'xL12JL2J', 'xL14JL14J', 'xL4JL14J', 'xL3JL2J', 'xL11JL5J', 'xL12JL1J', 'xL6JL5J', 'xL3JL5J', 'xL2JL11J', 'xL9JL7J', 'xL9JL13J', 'xL8JL4J', 'xL10JL14J', 'xL12JL6J', 'xL9JL3J', 'xL2JL12J', 'xL7JL14J', 'xL14JL6J', 'xL11JL1J', 'xL5JL3J', 'xL3JL1J', 'xL8JL6J', 'xL13JL7J', 'xL3JL9J', 'xL4JL10J', 'xL11JL13J', 'xL14JL12J', 'xL15JL4J', 'xL7JL10J', 'xL6JL12J', 'xL8JL13J', 'xL11JL14J', 'xL12JL10J', 'xL9JL9J', 'xL2JL10J', 'xL6JL8J', 'xL9JL12J', 'xL4JL2J', 'xL4JL4J', 'xL13JL4J', 'xL6JL10J', 'xL4JL1J', 'xL11JL4J', 'xL15JL11J', 'xL5JL9J', 'xL10JL7J', 'xL1JL4J', 'xL13JL12J', 'xL7JL3J', 'xL14JL11J', 'xL2JL13J', 'xL8JL5J', 'xL7JL2J', 'xL6JL3J', 'xL7JL4J', 'xL10JL11J', 'xL15JL10J', 'xL1JL6J', 'xL2JL3J', 'xL10JL12J', 'xL6JL13J', 'xL10JL13J', 'xL7JL6J', 'xL7JL9J', 'xL12JL13J', 'xL1JL12J', 'xL10JL15J', 'xL14JL13J', 'xL12JL9J', 'xL12JL14J', 'xL4JL15J', 'xL14JL9J', 'xL10JL6J', 'xL11JL11J', 'xL2JL7J', 'xL11JL8J', 'xL3JL4J', 'xL13JL8J', 'xL9JL14J', 'xL15JL5J', 'xL14JL10J', 'xL12JL15J', 'xL11JL7J', 'xL2JL9J', 'xL14JL4J', 'xL4JL8J', 'xL14JL7J', 'xL5JL5J', 'xL6JL1J', 'xL4JL11J', 'xL9JL10J', 'xL12JL8J', 'xL13JL2J', 'xL11JL10J', 'xL6JL9J', 'xL1JL3J', 'xL15JL6J', 'xL1JL10J', 'xL2JL4J', 'xL5JL2J', 'xL2JL5J', 'xL6JL4J', 'xL13JL15J', 'xL10JL8J', 'xL13JL14J', 'xL6JL7J', 'xL3JL10J', 'xL4JL7J', 'xL9JL6J', 'xL14JL5J', 'xL6JL15J', 'xL5JL11J', 'xL2JL6J', 'xL8JL12J', 'xL5JL12J', 'xL10JL2J', 'xL5JL8J', 'xL10JL1J'}, {'xL6JL8J', 'xL8JL11J', 'xL14JL14J', 'xL10JL4J', 'xL7JL3J', 'xL5JL1J', 'xL14JL3J', 'xL5JL9J', 'xL4JL1J', 'xL5JL12J', 'xL4JL6J', 'xL9JL10J', 'xL15JL5J', 'xL8JL4J'})