70, 2.995516161577836, 10.0, 10
+-- , 0 , {133, 5, 135, 9, 141, 77, 79, 85, 89, 91, 93, 95, 101, 107, 111, 115, 119, 121, 127} , {'zL46J', 'zL62J', 'zL61J', 'zL47J', 'zL78J', 'xL0J', 'xL2J', 'xL9J', 'zL70J', 'zL29J', 'xL8J', 'zL50J', 'zL26J', 'zL15J', 'zL41J', 'zL51J', 'xL4J', 'xL1J', 'zL79J', 'xL6J', 'zL21J', 'xL7J', 'xL3J'}
| +-- , 133 , set() , {'w6', 'zL15J', 'xL7J'}
| +-- , 5 , {7} , {'xL6J', 'xL8J', 'zL27J', 'zL26J'}
| | +-- , 7 , set() , {'zL27J', 'xL6J', 'w9'}
| +-- , 135 , {137} , {'xL7J', 'zL50J', 'zL49J', 'xL1J', 'xL2J'}
| | +-- , 137 , {139} , {'zL48J', 'xL7J', 'zL49J', 'xL1J'}
| | | +-- , 139 , set() , {'zL48J', 'xL1J', 'yL12J'}
| +-- , 9 , {67, 71, 41, 11, 45, 63, 51, 21, 55, 59, 61, 31} , {'zL62J', 'zL78J', 'xL0J', 'zL67J', 'xL2J', 'xL9J', 'zL70J', 'xL8J', 'w19', 'zL41J', 'zL51J', 'xL4J', 'xL1J', 'zL77J', 'xL5J', 'xL6J', 'zL21J', 'xL7J', 'xL3J'}
| | +-- , 67 , {69} , {'xL5J', 'zL62J', 'zL63J', 'xL2J'}
| | | +-- , 69 , set() , {'xL2J', 'zL63J', 'w18'}
| | +-- , 71 , {73} , {'xL9J', 'xL5J', 'zL21J', 'xL8J', 'zL22J'}
| | | +-- , 73 , {75} , {'xL9J', 'xL5J', 'zL22J', 'zL23J'}
| | | | +-- , 75 , set() , {'xL9J', 'w8', 'zL23J'}
| | +-- , 41 , {43} , {'xL4J', 'yL8J', 'xL9J', 'xL5J', 'xL6J', 'zL32J', 'xL7J'}
| | | +-- , 43 , set() , {'w11', 'zL34J', 'zL33J', 'xL9J', 'xL5J', 'zL32J', 'xL7J', 'xL6J', 'zL35J'}
| | +-- , 11 , {19, 13} , {'zL6J', 'xL4J', 'xL0J', 'xL1J', 'xL5J', 'zL7J', 'xL8J'}
| | | +-- , 19 , set() , {'w4', 'xL0J', 'zL7J'}
| | | +-- , 13 , {15} , {'xL5J', 'zL6J', 'xL4J', 'zL5J', 'xL8J'}
| | | | +-- , 15 , {17} , {'xL5J', 'xL8J', 'zL4J', 'zL5J'}
| | | | | +-- , 17 , set() , {'zL4J', 'xL5J', 'yL1J'}
| | +-- , 45 , {47} , {'zL70J', 'xL5J', 'xL6J', 'zL69J', 'xL2J'}
| | | +-- , 47 , {49} , {'zL68J', 'xL5J', 'xL6J', 'zL69J'}
| | | | +-- , 49 , set() , {'zL68J', 'xL5J', 'yL17J'}
| | +-- , 63 , {65} , {'zL64J', 'xL0J', 'zL67J', 'zL66J', 'xL1J', 'xL5J', 'yL16J', 'xL3J'}
| | | +-- , 65 , set() , {'zL64J', 'zL65J', 'xL1J', 'zL66J', 'xL3J'}
| | +-- , 51 , {53} , {'xL5J', 'zL41J', 'xL0J', 'zL40J'}
| | | +-- , 53 , set() , {'yL10J', 'xL5J', 'zL40J'}
| | +-- , 21 , {27, 23} , {'zL37J', 'zL38J', 'xL0J', 'xL1J', 'xL5J', 'xL8J', 'xL3J'}
| | | +-- , 27 , {29} , {'xL5J', 'zL37J', 'zL36J', 'xL3J'}
| | | | +-- , 29 , set() , {'xL3J', 'zL36J', 'yL9J'}
| | | +-- , 23 , {25} , {'xL1J', 'zL38J', 'xL0J', 'zL39J'}
| | | | +-- , 25 , set() , {'xL1J', 'zL39J', 'w12'}
| | +-- , 55 , {57} , {'zL77J', 'xL6J', 'zL76J', 'xL3J'}
| | | +-- , 57 , set() , {'yL19J', 'zL76J', 'xL3J'}
| | +-- , 59 , set() , {'w15', 'xL5J', 'zL51J'}
| | +-- , 61 , set() , {'w17', 'zL56J', 'yL14J', 'xL1J', 'xL9J', 'xL5J', 'zL59J', 'xL6J', 'xL8J', 'zL57J', 'zL58J'}
| | +-- , 31 , {33, 39} , {'xL1J', 'zL8J', 'xL9J', 'zL9J', 'xL5J', 'xL7J', 'xL2J'}
| | | +-- , 33 , {35} , {'zL10J', 'zL9J', 'xL5J', 'xL7J', 'xL1J'}
| | | | +-- , 35 , {37} , {'zL11J', 'zL10J', 'xL5J', 'xL1J'}
| | | | | +-- , 37 , set() , {'zL11J', 'w5', 'xL1J'}
| | | +-- , 39 , set() , {'zL8J', 'xL2J', 'yL2J'}
| +-- , 141 , set() , {'w22', 'xL1J', 'zL79J'}
| +-- , 77 , set() , {'zL47J', 'w14', 'xL0J'}
| +-- , 79 , {81} , {'zL29J', 'xL6J', 'xL7J', 'zL30J', 'xL8J'}
| | +-- , 81 , {83} , {'xL6J', 'xL8J', 'zL30J', 'zL31J'}
| | | +-- , 83 , set() , {'xL6J', 'w10', 'zL31J'}
| +-- , 85 , {87} , {'zL15J', 'xL4J', 'xL1J', 'xL8J', 'xL3J', 'zL14J'}
| | +-- , 87 , set() , {'yL3J', 'xL1J', 'zL12J', 'zL13J', 'xL3J', 'xL8J', 'zL14J'}
| +-- , 89 , set() , {'zL71J', 'xL4J', 'xL0J', 'w20', 'zL70J'}
| +-- , 91 , set() , {'zL0J', 'yL0J', 'xL4J', 'xL1J', 'w3', 'xL9J', 'zL2J', 'xL6J', 'zL1J', 'xL3J', 'zL3J'}
| +-- , 93 , set() , {'zL73J', 'zL75J', 'zL74J', 'xL4J', 'xL0J', 'xL1J', 'yL18J', 'w21', 'xL7J', 'zL72J', 'xL2J'}
| +-- , 95 , {97} , {'xL9J', 'xL4J', 'zL25J', 'zL26J', 'xL3J'}
| | +-- , 97 , {99} , {'xL9J', 'xL4J', 'zL25J', 'zL24J'}
| | | +-- , 99 , set() , {'xL4J', 'yL6J', 'zL24J'}
| +-- , 101 , {103} , {'zL46J', 'xL7J', 'zL45J', 'xL1J', 'xL2J'}
| | +-- , 103 , {105} , {'zL44J', 'zL45J', 'xL1J', 'xL2J'}
| | | +-- , 105 , set() , {'yL11J', 'xL1J', 'zL44J'}
| +-- , 107 , {109} , {'zL60J', 'zL61J', 'xL4J', 'xL3J'}
| | +-- , 109 , set() , {'zL60J', 'xL3J', 'yL15J'}
| +-- , 111 , {113} , {'zL21J', 'xL7J', 'zL20J', 'xL1J'}
| | +-- , 113 , set() , {'xL7J', 'yL5J', 'zL20J'}
| +-- , 115 , {117} , {'zL29J', 'xL4J', 'zL28J', 'xL3J'}
| | +-- , 117 , set() , {'zL28J', 'xL3J', 'yL7J'}
| +-- , 119 , set() , {'zL52J', 'xL0J', 'zL53J', 'w16', 'xL9J', 'xL6J', 'xL7J', 'zL55J', 'zL54J', 'yL13J', 'xL3J'}
| +-- , 121 , {123, 125} , {'zL16J', 'xL4J', 'xL0J', 'xL3J', 'zL17J', 'zL19J', 'xL9J', 'w7', 'xL2J'}
| | +-- , 123 , set() , {'zL18J', 'zL17J', 'zL19J', 'xL9J', 'xL3J'}
| | +-- , 125 , set() , {'xL4J', 'zL16J', 'yL4J'}
| +-- , 127 , {129} , {'xL6J', 'zL41J', 'xL7J', 'xL2J', 'zL42J'}
| | +-- , 129 , {131} , {'xL6J', 'xL7J', 'zL43J', 'zL42J'}
| | | +-- , 131 , set() , {'zL43J', 'w13', 'xL7J'}


Max number of edges with non zero Y: 36
Max number of iterations of outer rounding loop: 2
Max number of candidate sets: 2
Time spent rounding: 6.062
Time spent solving Separator LP: 6.235
Total time spent solving: 16.615

LP Solver: GaifmanNormal
Lower Bound Witness = ({'zL60J', 'w6', 'yL6J', 'zL6J', 'zL78J', 'zL28J', 'zL65J', 'yL7J', 'zL17J', 'yL11J', 'zL29J', 'zL13J', 'zL15J', 'yL17J', 'zL22J', 'zL68J', 'zL59J', 'w5', 'zL61J', 'zL33J', 'w20', 'yL9J', 'yL14J', 'zL23J', 'w13', 'zL72J', 'zL42J', 'zL38J', 'zL66J', 'w8', 'zL21J', 'zL43J', 'zL76J', 'xL0J', 'w9', 'xL9J', 'zL50J', 'w10', 'zL0J', 'yL1J', 'xL1J', 'zL9J', 'zL2J', 'zL7J', 'w7', 'zL45J', 'zL25J', 'zL24J', 'w11', 'zL73J', 'yL2J', 'yL18J', 'zL57J', 'zL54J', 'zL5J', 'zL34J', 'yL10J', 'zL69J', 'w16', 'zL31J', 'xL7J', 'w12', 'zL55J', 'zL36J', 'zL40J', 'w17', 'zL46J', 'zL18J', 'zL53J', 'zL30J', 'w21', 'zL32J', 'zL58J', 'w18', 'w14', 'zL4J', 'xL6J', 'zL1J', 'xL3J', 'yL3J', 'zL56J', 'zL10J', 'w22', 'zL75J', 'zL37J', 'yL8J', 'yL4J', 'xL8J', 'zL26J', 'zL35J', 'zL63J', 'zL48J', 'zL44J', 'zL51J', 'zL74J', 'yL12J', 'zL77J', 'yL15J', 'yL5J', 'zL3J', 'zL62J', 'yL19J', 'zL70J', 'xL4J', 'zL8J', 'w3', 'w15', 'zL19J', 'yL16J', 'yL13J', 'zL27J', 'zL39J', 'zL64J', 'yL0J', 'zL20J', 'zL47J', 'zL49J', 'zL67J', 'w4', 'w19', 'zL71J', 'zL16J', 'zL41J', 'zL52J', 'zL79J', 'zL11J', 'xL5J', 'zL12J', 'xL2J', 'zL14J'}, {'zL46J', 'w6', 'zL28J', 'xL9J', 'zL70J', 'zL29J', 'yL1J', 'zL4J', 'w3', 'xL6J', 'xL3J', 'zL73J', 'w22', 'zL75J', 'zL20J', 'zL61J', 'yL2J', 'zL23J', 'w4', 'xL8J', 'zL54J', 'zL26J', 'zL44J', 'zL51J', 'zL52J', 'zL69J', 'w16', 'zL21J', 'yL15J', 'zL3J', 'zL40J'})