66, 3.3475420161851583, 9.0, 9
+-- , 0 , {3, 101, 133, 103, 135, 109, 111, 113, 119, 91, 125} , {'zL46J', 'xL0J', 'zL67J', 'xL2J', 'xL9J', 'zL71J', 'xL4J', 'zL66J', 'xL1J', 'xL5J', 'xL7J', 'zL12J', 'zL36J', 'xL3J', 'zL24J'}
| +-- , 3 , {5, 87} , {'zL46J', 'xL0J', 'zL67J', 'xL2J', 'xL9J', 'zL70J', 'zL42J', 'zL71J', 'zL41J', 'xL4J', 'xL1J', 'xL5J', 'xL7J', 'zL12J', 'zL25J', 'zL36J', 'xL3J', 'zL24J'}
| | +-- , 5 , {7} , {'zL46J', 'yL8J', 'xL0J', 'zL67J', 'xL2J', 'xL9J', 'zL70J', 'zL32J', 'zL42J', 'xL4J', 'xL1J', 'xL5J', 'xL7J', 'zL12J', 'zL25J', 'zL36J', 'xL3J'}
| | | +-- , 7 , {65, 71, 11, 77, 81, 83, 85, 61, 63} , {'zL46J', 'xL0J', 'zL67J', 'xL3J', 'xL9J', 'zL70J', 'zL32J', 'zL63J', 'zL42J', 'xL4J', 'xL1J', 'xL5J', 'xL6J', 'xL7J', 'zL12J', 'zL43J', 'zL25J', 'zL36J', 'xL2J'}
| | | | +-- , 65 , {67} , {'zL70J', 'xL5J', 'xL6J', 'zL69J', 'xL2J'}
| | | | | +-- , 67 , {69} , {'zL68J', 'xL5J', 'xL6J', 'zL69J'}
| | | | | | +-- , 69 , set() , {'zL68J', 'xL5J', 'yL17J'}
| | | | +-- , 71 , {73, 75} , {'w22', 'zL76J', 'xL0J', 'xL1J', 'zL79J', 'zL77J', 'xL5J', 'xL6J', 'xL3J'}
| | | | | +-- , 73 , set() , {'yL19J', 'zL76J', 'xL3J'}
| | | | | +-- , 75 , set() , {'zL78J', 'xL0J', 'zL79J', 'zL77J', 'xL5J'}
| | | | +-- , 11 , {59, 13} , {'zL46J', 'xL0J', 'zL67J', 'w4', 'xL9J', 'zL58J', 'xL4J', 'xL1J', 'xL5J', 'xL6J', 'xL7J', 'zL12J', 'zL7J', 'zL59J', 'zL25J', 'zL36J', 'xL3J'}
| | | | | +-- , 59 , set() , {'w17', 'xL5J', 'zL59J'}
| | | | | +-- , 13 , {15} , {'zL46J', 'zL6J', 'xL0J', 'zL67J', 'xL9J', 'zL5J', 'zL58J', 'xL4J', 'xL1J', 'xL5J', 'xL6J', 'xL7J', 'zL12J', 'zL7J', 'zL25J', 'zL36J', 'xL3J'}
| | | | | | +-- , 15 , {17} , {'zL46J', 'zL47J', 'xL0J', 'zL67J', 'xL9J', 'zL5J', 'zL58J', 'w14', 'xL4J', 'xL1J', 'xL5J', 'xL6J', 'xL7J', 'zL12J', 'zL25J', 'zL36J', 'xL3J'}
| | | | | | | +-- , 17 , {35, 39, 41, 43, 47, 55, 21, 53, 27} , {'zL46J', 'zL47J', 'xL0J', 'zL67J', 'xL9J', 'xL8J', 'zL5J', 'zL58J', 'xL4J', 'xL1J', 'zL22J', 'xL5J', 'xL6J', 'xL7J', 'zL12J', 'zL21J', 'zL25J', 'zL36J', 'xL3J'}
| | | | | | | | +-- , 35 , {37} , {'xL5J', 'xL8J', 'zL4J', 'zL5J'}
| | | | | | | | | +-- , 37 , set() , {'zL4J', 'xL5J', 'yL1J'}
| | | | | | | | +-- , 39 , set() , {'w19', 'zL67J', 'xL8J'}
| | | | | | | | +-- , 41 , set() , {'xL8J', 'xL4J', 'zL28J', 'zL30J', 'yL7J', 'zL31J', 'zL29J', 'xL6J', 'xL7J', 'xL3J', 'w10'}
| | | | | | | | +-- , 43 , {45} , {'zL21J', 'xL7J', 'zL20J', 'xL1J'}
| | | | | | | | | +-- , 45 , set() , {'xL7J', 'yL5J', 'zL20J'}
| | | | | | | | +-- , 47 , {49} , {'xL9J', 'xL8J', 'zL57J', 'xL1J', 'zL58J'}
| | | | | | | | | +-- , 49 , {51} , {'zL56J', 'xL8J', 'zL57J', 'xL1J'}
| | | | | | | | | | +-- , 51 , set() , {'zL56J', 'yL14J', 'xL1J'}
| | | | | | | | +-- , 55 , {57} , {'xL9J', 'xL5J', 'zL22J', 'zL23J'}
| | | | | | | | | +-- , 57 , set() , {'xL9J', 'w8', 'zL23J'}
| | | | | | | | +-- , 21 , {23} , {'xL6J', 'xL8J', 'zL25J', 'zL26J', 'xL3J'}
| | | | | | | | | +-- , 23 , {25} , {'xL6J', 'xL8J', 'zL27J', 'zL26J'}
| | | | | | | | | | +-- , 25 , set() , {'zL27J', 'xL6J', 'w9'}
| | | | | | | | +-- , 53 , set() , {'yL3J', 'xL8J', 'zL12J'}
| | | | | | | | +-- , 27 , {29} , {'zL37J', 'xL0J', 'xL1J', 'xL5J', 'xL8J', 'zL36J'}
| | | | | | | | | +-- , 29 , {31} , {'zL37J', 'xL8J', 'zL38J', 'xL0J', 'xL1J'}
| | | | | | | | | | +-- , 31 , {33} , {'xL1J', 'zL38J', 'xL0J', 'zL39J'}
| | | | | | | | | | | +-- , 33 , set() , {'xL1J', 'zL39J', 'w12'}
| | | | +-- , 77 , {79} , {'zL62J', 'xL4J', 'xL3J', 'xL5J', 'xL6J', 'zL63J'}
| | | | | +-- , 79 , set() , {'zL60J', 'zL62J', 'zL61J', 'xL4J', 'xL6J', 'yL15J', 'xL3J'}
| | | | +-- , 81 , set() , {'zL52J', 'xL0J', 'zL53J', 'w16', 'xL9J', 'xL6J', 'xL7J', 'zL55J', 'zL54J', 'yL13J', 'xL3J'}
| | | | +-- , 83 , set() , {'zL43J', 'w13', 'xL7J'}
| | | | +-- , 85 , set() , {'xL2J', 'zL63J', 'w18'}
| | | | +-- , 61 , set() , {'zL0J', 'yL0J', 'xL4J', 'xL1J', 'w3', 'xL9J', 'zL2J', 'xL6J', 'zL1J', 'xL3J', 'zL3J'}
| | | | +-- , 63 , set() , {'w11', 'zL34J', 'zL33J', 'xL9J', 'xL5J', 'zL32J', 'xL7J', 'xL6J', 'zL35J'}
| | +-- , 87 , {89} , {'xL5J', 'zL41J', 'xL0J', 'zL40J'}
| | | +-- , 89 , set() , {'yL10J', 'xL5J', 'zL40J'}
| +-- , 101 , set() , {'zL73J', 'zL75J', 'zL74J', 'xL4J', 'xL0J', 'xL1J', 'yL18J', 'w21', 'xL7J', 'zL72J', 'xL2J'}
| +-- , 133 , set() , {'zL71J', 'w20', 'xL4J'}
| +-- , 103 , {105} , {'zL46J', 'xL7J', 'zL45J', 'xL1J', 'xL2J'}
| | +-- , 105 , {107} , {'zL44J', 'zL45J', 'xL1J', 'xL2J'}
| | | +-- , 107 , set() , {'yL11J', 'xL1J', 'zL44J'}
| +-- , 135 , set() , {'xL4J', 'yL6J', 'zL24J'}
| +-- , 109 , set() , {'xL3J', 'zL36J', 'yL9J'}
| +-- , 111 , set() , {'zL48J', 'zL51J', 'zL49J', 'xL1J', 'yL12J', 'xL9J', 'xL5J', 'w15', 'xL7J', 'zL50J', 'xL2J'}
| +-- , 113 , {115, 117} , {'zL16J', 'xL4J', 'xL0J', 'xL3J', 'zL17J', 'zL19J', 'xL9J', 'w7', 'xL2J'}
| | +-- , 115 , set() , {'zL18J', 'zL17J', 'zL19J', 'xL9J', 'xL3J'}
| | +-- , 117 , set() , {'xL4J', 'zL16J', 'yL4J'}
| +-- , 119 , {121} , {'xL1J', 'xL0J', 'zL65J', 'zL66J', 'xL3J'}
| | +-- , 121 , {123} , {'zL64J', 'xL0J', 'zL65J', 'xL3J'}
| | | +-- , 123 , set() , {'zL64J', 'xL0J', 'yL16J'}
| +-- , 91 , {99, 93} , {'xL1J', 'zL8J', 'xL9J', 'zL9J', 'xL5J', 'xL7J', 'xL2J'}
| | +-- , 99 , set() , {'zL8J', 'xL2J', 'yL2J'}
| | +-- , 93 , {95} , {'zL10J', 'zL9J', 'xL5J', 'xL7J', 'xL1J'}
| | | +-- , 95 , {97} , {'zL11J', 'zL10J', 'xL5J', 'xL1J'}
| | | | +-- , 97 , set() , {'zL11J', 'w5', 'xL1J'}
| +-- , 125 , {127} , {'xL4J', 'xL1J', 'xL7J', 'zL12J', 'zL13J', 'xL3J'}
| | +-- , 127 , {129} , {'xL7J', 'xL4J', 'zL13J', 'xL3J', 'zL14J'}
| | | +-- , 129 , {131} , {'zL15J', 'xL7J', 'xL4J', 'zL14J'}
| | | | +-- , 131 , set() , {'w6', 'zL15J', 'xL7J'}


Max number of edges with non zero Y: 30
Max number of iterations of outer rounding loop: 4
Max number of candidate sets: 2
Time spent rounding: 31.811
Time spent solving Separator LP: 10.671
Total time spent solving: 51.484

LP Solver: GaifmanBoosted
Lower Bound Witness = ({'zL60J', 'w6', 'yL6J', 'zL6J', 'zL78J', 'zL28J', 'zL65J', 'yL7J', 'zL17J', 'yL11J', 'zL29J', 'zL13J', 'zL15J', 'yL17J', 'zL22J', 'zL68J', 'zL59J', 'w5', 'zL61J', 'zL33J', 'w20', 'yL9J', 'yL14J', 'zL23J', 'w13', 'zL72J', 'zL42J', 'zL38J', 'zL66J', 'w8', 'zL21J', 'zL43J', 'zL76J', 'xL0J', 'w9', 'xL9J', 'zL50J', 'w10', 'zL0J', 'yL1J', 'xL1J', 'zL9J', 'zL2J', 'zL7J', 'w7', 'zL45J', 'zL25J', 'zL24J', 'w11', 'zL73J', 'yL2J', 'yL18J', 'zL57J', 'zL54J', 'zL5J', 'zL34J', 'yL10J', 'zL69J', 'w16', 'zL31J', 'xL7J', 'w12', 'zL55J', 'zL36J', 'zL40J', 'w17', 'zL46J', 'zL18J', 'zL53J', 'zL30J', 'w21', 'zL32J', 'zL58J', 'w18', 'w14', 'zL4J', 'xL6J', 'zL1J', 'xL3J', 'yL3J', 'zL56J', 'zL10J', 'w22', 'zL75J', 'zL37J', 'yL8J', 'yL4J', 'xL8J', 'zL26J', 'zL35J', 'zL63J', 'zL48J', 'zL44J', 'zL51J', 'zL74J', 'yL12J', 'zL77J', 'yL15J', 'yL5J', 'zL3J', 'zL62J', 'yL19J', 'zL70J', 'xL4J', 'zL8J', 'w3', 'w15', 'zL19J', 'yL16J', 'yL13J', 'zL27J', 'zL39J', 'zL64J', 'yL0J', 'zL20J', 'zL47J', 'zL49J', 'zL67J', 'w4', 'w19', 'zL71J', 'zL16J', 'zL41J', 'zL52J', 'zL79J', 'zL11J', 'xL5J', 'zL12J', 'xL2J', 'zL14J'}, {'zL46J', 'yL6J', 'zL6J', 'yL19J', 'zL30J', 'zL70J', 'zL50J', 'w10', 'zL58J', 'zL15J', 'w15', 'zL7J', 'yL16J', 'zL24J', 'zL56J', 'zL64J', 'zL10J', 'zL20J', 'zL67J', 'w20', 'yL9J', 'yL4J', 'zL52J', 'zL66J', 'zL79J', 'zL11J', 'xL7J', 'zL12J', 'zL36J', 'zL40J'})