49, 0, 9.0, 9
+-- , 0 , {5, 73, 79, 81, 85, 87, 89, 95, 99, 39, 45, 55, 57, 59, 63} , {'w17', 'xL0J', 'zL30J', 'yL11J', 'w4', 'xL9J', 'xL2J', 'zL29J', 'zL15J', 'zL44J', 'xL4J', 'xL1J', 'xL5J', 'xL6J', 'zL7J', 'zL59J', 'xL7J', 'zL25J', 'xL3J', 'zL14J'}
| +-- , 5 , {7} , {'xL0J', 'zL30J', 'xL2J', 'xL9J', 'zL13J', 'zL58J', 'zL44J', 'xL4J', 'xL1J', 'xL5J', 'xL6J', 'xL7J', 'zL7J', 'zL59J', 'zL25J', 'xL3J', 'zL14J'}
| | +-- , 7 , {9} , {'zL6J', 'xL0J', 'zL30J', 'w9', 'xL9J', 'zL13J', 'zL58J', 'yL1J', 'xL4J', 'zL4J', 'xL1J', 'xL6J', 'zL7J', 'zL45J', 'zL27J', 'zL25J', 'xL3J', 'zL57J', 'zL26J', 'zL5J', 'zL44J', 'xL5J', 'xL7J', 'zL12J', 'xL2J'}
| | | +-- , 9 , {33, 37, 11, 21, 23, 27, 31} , {'zL46J', 'xL0J', 'zL30J', 'xL9J', 'xL8J', 'zL57J', 'zL26J', 'zL5J', 'zL4J', 'xL1J', 'xL5J', 'xL6J', 'xL7J', 'zL12J', 'zL45J', 'zL27J', 'xL3J'}
| | | | +-- , 33 , {35} , {'zL56J', 'xL8J', 'zL57J', 'xL1J'}
| | | | | +-- , 35 , set() , {'zL56J', 'yL14J', 'xL1J'}
| | | | +-- , 37 , set() , {'yL3J', 'xL8J', 'zL12J'}
| | | | +-- , 11 , {17, 13} , {'zL37J', 'zL38J', 'xL0J', 'xL1J', 'xL5J', 'xL8J', 'xL3J'}
| | | | | +-- , 17 , {19} , {'xL5J', 'zL37J', 'zL36J', 'xL3J'}
| | | | | | +-- , 19 , set() , {'xL3J', 'zL36J', 'yL9J'}
| | | | | +-- , 13 , {15} , {'xL1J', 'zL38J', 'xL0J', 'zL39J'}
| | | | | | +-- , 15 , set() , {'xL1J', 'zL39J', 'w12'}
| | | | +-- , 21 , set() , {'zL64J', 'xL0J', 'zL65J', 'zL66J', 'zL67J', 'xL1J', 'xL5J', 'yL16J', 'xL8J', 'w19', 'xL3J'}
| | | | +-- , 23 , {25} , {'xL6J', 'xL8J', 'zL30J', 'zL31J'}
| | | | | +-- , 25 , set() , {'xL6J', 'w10', 'zL31J'}
| | | | +-- , 27 , {29} , {'zL46J', 'xL8J', 'zL47J', 'xL0J'}
| | | | | +-- , 29 , set() , {'zL47J', 'w14', 'xL0J'}
| | | | +-- , 31 , set() , {'zL20J', 'xL1J', 'zL23J', 'zL22J', 'xL9J', 'xL5J', 'w8', 'zL21J', 'xL7J', 'xL8J', 'yL5J'}
| +-- , 73 , {75, 77} , {'w22', 'zL76J', 'xL0J', 'xL1J', 'zL79J', 'zL77J', 'xL5J', 'xL6J', 'xL3J'}
| | +-- , 75 , set() , {'yL19J', 'zL76J', 'xL3J'}
| | +-- , 77 , set() , {'zL78J', 'xL0J', 'zL79J', 'zL77J', 'xL5J'}
| +-- , 79 , set() , {'zL60J', 'zL62J', 'w18', 'xL4J', 'zL61J', 'xL3J', 'xL2J', 'xL5J', 'xL6J', 'yL15J', 'zL63J'}
| +-- , 81 , {83} , {'zL29J', 'xL4J', 'zL28J', 'xL3J'}
| | +-- , 83 , set() , {'zL28J', 'xL3J', 'yL7J'}
| +-- , 85 , set() , {'zL48J', 'zL51J', 'zL49J', 'xL1J', 'yL12J', 'xL9J', 'xL5J', 'w15', 'xL7J', 'zL50J', 'xL2J'}
| +-- , 87 , set() , {'zL52J', 'xL0J', 'zL53J', 'w16', 'xL9J', 'xL6J', 'xL7J', 'zL55J', 'zL54J', 'yL13J', 'xL3J'}
| +-- , 89 , {91, 93} , {'zL16J', 'xL4J', 'xL0J', 'xL3J', 'zL17J', 'zL19J', 'xL9J', 'w7', 'xL2J'}
| | +-- , 91 , set() , {'zL18J', 'zL17J', 'zL19J', 'xL9J', 'xL3J'}
| | +-- , 93 , set() , {'xL4J', 'zL16J', 'yL4J'}
| +-- , 95 , {97} , {'xL9J', 'xL4J', 'zL25J', 'zL24J'}
| | +-- , 97 , set() , {'xL4J', 'yL6J', 'zL24J'}
| +-- , 99 , set() , {'w6', 'zL15J', 'xL7J'}
| +-- , 39 , {41} , {'xL4J', 'xL0J', 'yL17J', 'zL68J', 'xL5J', 'xL6J', 'xL2J'}
| | +-- , 41 , {43} , {'xL4J', 'xL0J', 'zL69J', 'zL68J', 'zL70J', 'xL6J', 'xL2J'}
| | | +-- , 43 , set() , {'zL71J', 'xL4J', 'xL0J', 'w20', 'zL70J'}
| +-- , 45 , {53, 47} , {'xL1J', 'zL8J', 'xL9J', 'zL9J', 'xL5J', 'xL7J', 'xL2J'}
| | +-- , 53 , set() , {'zL8J', 'xL2J', 'yL2J'}
| | +-- , 47 , {49} , {'zL10J', 'zL9J', 'xL5J', 'xL7J', 'xL1J'}
| | | +-- , 49 , {51} , {'zL11J', 'zL10J', 'xL5J', 'xL1J'}
| | | | +-- , 51 , set() , {'zL11J', 'w5', 'xL1J'}
| +-- , 55 , set() , {'zL0J', 'yL0J', 'xL4J', 'xL1J', 'w3', 'xL9J', 'zL2J', 'xL6J', 'zL1J', 'xL3J', 'zL3J'}
| +-- , 57 , set() , {'zL73J', 'zL75J', 'zL74J', 'xL4J', 'xL0J', 'xL1J', 'yL18J', 'w21', 'xL7J', 'zL72J', 'xL2J'}
| +-- , 59 , {61} , {'xL4J', 'yL8J', 'xL9J', 'xL5J', 'xL6J', 'zL32J', 'xL7J'}
| | +-- , 61 , set() , {'w11', 'zL34J', 'zL33J', 'xL9J', 'xL5J', 'zL32J', 'xL7J', 'xL6J', 'zL35J'}
| +-- , 63 , {65, 71} , {'zL41J', 'xL0J', 'xL5J', 'xL6J', 'xL7J', 'xL2J', 'zL40J'}
| | +-- , 65 , {67} , {'xL6J', 'zL41J', 'xL7J', 'xL2J', 'zL42J'}
| | | +-- , 67 , {69} , {'xL6J', 'xL7J', 'zL43J', 'zL42J'}
| | | | +-- , 69 , set() , {'zL43J', 'w13', 'xL7J'}
| | +-- , 71 , set() , {'yL10J', 'xL5J', 'zL40J'}


Max number of edges with non zero Y: 62
Max number of iterations of outer rounding loop: 1
Max number of candidate sets: 2
Time spent rounding: 7.204
Time spent solving Separator LP: 0.069
Total time spent solving: 11.664

LP Solver: gammaPlusFractionalCoverHeuristic
Lower Bound Witness = ({'zL60J', 'w6', 'yL6J', 'zL6J', 'zL78J', 'zL28J', 'zL65J', 'yL7J', 'zL17J', 'yL11J', 'zL29J', 'zL13J', 'zL15J', 'yL17J', 'zL22J', 'zL68J', 'zL59J', 'w5', 'zL61J', 'zL33J', 'w20', 'yL9J', 'yL14J', 'zL23J', 'w13', 'zL72J', 'zL42J', 'zL38J', 'zL66J', 'w8', 'zL21J', 'zL43J', 'zL76J', 'xL0J', 'w9', 'xL9J', 'zL50J', 'w10', 'zL0J', 'yL1J', 'xL1J', 'zL9J', 'zL2J', 'zL7J', 'w7', 'zL45J', 'zL25J', 'zL24J', 'w11', 'zL73J', 'yL2J', 'yL18J', 'zL57J', 'zL54J', 'zL5J', 'zL34J', 'yL10J', 'zL69J', 'w16', 'zL31J', 'xL7J', 'w12', 'zL55J', 'zL36J', 'zL40J', 'w17', 'zL46J', 'zL18J', 'zL53J', 'zL30J', 'w21', 'zL32J', 'zL58J', 'w18', 'w14', 'zL4J', 'xL6J', 'zL1J', 'xL3J', 'yL3J', 'zL56J', 'zL10J', 'w22', 'zL75J', 'zL37J', 'yL8J', 'yL4J', 'xL8J', 'zL26J', 'zL35J', 'zL63J', 'zL48J', 'zL44J', 'zL51J', 'zL74J', 'yL12J', 'zL77J', 'yL15J', 'yL5J', 'zL3J', 'zL62J', 'yL19J', 'zL70J', 'xL4J', 'zL8J', 'w3', 'w15', 'zL19J', 'yL16J', 'yL13J', 'zL27J', 'zL39J', 'zL64J', 'yL0J', 'zL20J', 'zL47J', 'zL49J', 'zL67J', 'w4', 'w19', 'zL71J', 'zL16J', 'zL41J', 'zL52J', 'zL79J', 'zL11J', 'xL5J', 'zL12J', 'xL2J', 'zL14J'}, {'zL69J', 'xL5J', 'zL29J', 'w19', 'xL2J'})