10, 1, 1, 1
+-- , 0 , {1, 2, 4, 6, 8} , {'X2', 'X1', 'X5', 'X0', 'X3'}
| +-- , 1 , set() , {'X7', 'X8', 'X6', 'X10', 'X0'}
| +-- , 2 , {3} , {'X2', 'X1', 'X5', 'X0', 'X3'}
| | +-- , 3 , set() , {'X12', 'X15', 'X11', 'X13', 'X0'}
| +-- , 4 , {5} , {'X2', 'X1', 'X5', 'X0', 'X3'}
| | +-- , 5 , set() , {'X20', 'X18', 'X17', 'X16', 'X0'}
| +-- , 6 , {7} , {'X2', 'X1', 'X5', 'X0', 'X3'}
| | +-- , 7 , set() , {'X25', 'X22', 'X23', 'X0', 'X21'}
| +-- , 8 , {9} , {'X2', 'X1', 'X5', 'X0', 'X3'}
| | +-- , 9 , set() , {'X26', 'X30', 'X0', 'X28', 'X27'}


Max number of edges with non zero Y: 0
Max number of iterations of outer rounding loop: 0
Max number of candidate sets: 0
Time spent rounding: 0.000
Time spent solving Separator LP: 0.000
Total time spent solving: 0.004

LP Solver: gammaPlusFractionalCoverHeuristic
Number of Rounding Attemps: 2
Lower Bound Witness = None