21, 2.7750076861587867, 8.5, 9
+-- , 0 , {48, 50, 52, 5} , {'xL5J', 'xL14J', 'xL16J', 'xL26J', 'xL11J', 'xL6J', 'xL39J', 'xL37J', 'xL34J', 'xL23J', 'xL0J', 'xL22J'}
| +-- , 48 , set() , {'xL5J', 'xL14J', 'xL16J', 'xL13J', 'xL23J'}
| +-- , 50 , set() , {'xL16J', 'xL39J', 'xL34J', 'xL9J', 'xL0J'}
| +-- , 52 , set() , {'xL39J', 'xL14J', 'xL12J'}
| +-- , 5 , {10, 46} , {'xL5J', 'xL14J', 'xL16J', 'xL39J', 'xL37J', 'xL32J', 'xL19J', 'xL31J', 'xL0J', 'xL22J', 'xL11J', 'xL6J', 'xL34J'}
| | +-- , 10 , {13} , {'xL5J', 'xL14J', 'xL16J', 'xL39J', 'xL37J', 'xL19J', 'xL32J', 'xL31J', 'xL22J', 'xL28J', 'xL11J', 'xL6J', 'xL34J', 'xL35J'}
| | | +-- , 13 , {19, 38, 44} , {'xL5J', 'xL14J', 'xL39J', 'xL37J', 'xL19J', 'xL32J', 'xL31J', 'xL22J', 'xL2J', 'xL28J', 'xL11J', 'xL6J', 'xL36J', 'xL34J', 'xL35J', 'xL3J', 'xL17J'}
| | | | +-- , 19 , {36, 22} , {'xL5J', 'xL14J', 'xL37J', 'xL32J', 'xL31J', 'xL22J', 'xL2J', 'xL30J', 'xL28J', 'xL11J', 'xL6J', 'xL36J', 'xL34J', 'xL35J', 'xL27J', 'xL3J', 'xL17J'}
| | | | | +-- , 36 , set() , {'xL29J', 'xL22J', 'xL27J'}
| | | | | +-- , 22 , {24} , {'xL5J', 'xL37J', 'xL33J', 'xL32J', 'xL31J', 'xL2J', 'xL30J', 'xL28J', 'xL11J', 'xL6J', 'xL36J', 'xL34J', 'xL27J', 'xL35J'}
| | | | | | +-- , 24 , {32, 26} , {'xL5J', 'xL33J', 'xL32J', 'xL31J', 'xL2J', 'xL30J', 'xL10J', 'xL28J', 'xL11J', 'xL6J', 'xL36J', 'xL34J', 'xL27J', 'xL35J'}
| | | | | | | +-- , 32 , {34} , {'xL30J', 'xL10J', 'xL33J', 'xL32J', 'xL34J', 'xL31J', 'xL8J', 'xL2J'}
| | | | | | | | +-- , 34 , set() , {'xL30J', 'xL10J', 'xL33J', 'xL34J', 'xL7J', 'xL31J', 'xL8J'}
| | | | | | | +-- , 26 , {28} , {'xL25J', 'xL10J', 'xL28J', 'xL11J', 'xL6J', 'xL27J'}
| | | | | | | | +-- , 28 , {30} , {'xL25J', 'xL1J', 'xL10J', 'xL11J'}
| | | | | | | | | +-- , 30 , set() , {'xL21J', 'xL1J', 'xL10J', 'xL11J'}
| | | | +-- , 38 , {40, 42} , {'xL5J', 'xL28J', 'xL11J', 'xL39J', 'xL18J', 'xL36J', 'xL19J', 'xL22J', 'xL2J'}
| | | | | +-- , 40 , set() , {'xL38J', 'xL28J', 'xL11J', 'xL18J', 'xL19J', 'xL24J'}
| | | | | +-- , 42 , set() , {'xL5J', 'xL18J', 'xL20J', 'xL36J'}
| | | | +-- , 44 , set() , {'xL3J', 'xL37J', 'xL32J', 'xL15J'}
| | +-- , 46 , set() , {'xL4J', 'xL32J'}


Max number of edges with non zero Y: 28
Max number of iterations of outer rounding loop: 5
Max number of candidate sets: 2
Time spent rounding: 54.657
Time spent solving Separator LP: 1.672

LP Solver: GaifmanBoosted