18, 3.02046775724772, 9.0, 9
+-- , 0 , {7, 35, 37} , {'xL5J', 'xL39J', 'xL18J', 'xL19J', 'xL21J', 'xL23J', 'xL20J', 'xL26J', 'xL1J', 'xL28J', 'xL11J', 'xL36J', 'xL34J', 'xL27J', 'xL3J', 'xL17J', 'xL9J', 'xL12J'}
| +-- , 7 , {9} , {'xL5J', 'xL14J', 'xL39J', 'xL18J', 'xL19J', 'xL21J', 'xL23J', 'xL25J', 'xL1J', 'xL28J', 'xL11J', 'xL36J', 'xL34J', 'xL27J', 'xL3J', 'xL17J', 'xL9J', 'xL12J'}
| | +-- , 9 , {33, 11} , {'xL5J', 'xL14J', 'xL39J', 'xL18J', 'xL19J', 'xL21J', 'xL23J', 'xL25J', 'xL28J', 'xL11J', 'xL6J', 'xL36J', 'xL34J', 'xL3J', 'xL17J', 'xL9J'}
| | | +-- , 33 , set() , {'xL14J', 'xL6J', 'xL19J', 'xL9J', 'xL0J'}
| | | +-- , 11 , {13} , {'xL5J', 'xL14J', 'xL39J', 'xL18J', 'xL21J', 'xL23J', 'xL2J', 'xL30J', 'xL28J', 'xL11J', 'xL6J', 'xL36J', 'xL34J', 'xL3J', 'xL17J', 'xL9J'}
| | | | +-- , 13 , {29, 15} , {'xL5J', 'xL14J', 'xL39J', 'xL21J', 'xL23J', 'xL2J', 'xL30J', 'xL28J', 'xL11J', 'xL6J', 'xL36J', 'xL34J', 'xL35J', 'xL3J', 'xL9J', 'xL17J'}
| | | | | +-- , 29 , {31} , {'xL5J', 'xL14J', 'xL28J', 'xL6J', 'xL34J', 'xL35J', 'xL13J', 'xL9J', 'xL23J'}
| | | | | | +-- , 31 , set() , {'xL16J', 'xL28J', 'xL6J', 'xL34J', 'xL35J', 'xL13J', 'xL9J'}
| | | | | +-- , 15 , {17, 27} , {'xL5J', 'xL30J', 'xL11J', 'xL39J', 'xL36J', 'xL32J', 'xL34J', 'xL35J', 'xL21J', 'xL3J', 'xL31J', 'xL17J', 'xL2J'}
| | | | | | +-- , 17 , {25, 19} , {'xL5J', 'xL39J', 'xL32J', 'xL21J', 'xL31J', 'xL2J', 'xL30J', 'xL11J', 'xL36J', 'xL34J', 'xL35J', 'xL7J', 'xL3J'}
| | | | | | | +-- , 25 , set() , {'xL5J', 'xL10J', 'xL11J', 'xL36J', 'xL32J', 'xL35J', 'xL21J', 'xL7J'}
| | | | | | | +-- , 19 , {21, 23} , {'xL30J', 'xL39J', 'xL36J', 'xL37J', 'xL33J', 'xL32J', 'xL35J', 'xL7J', 'xL3J', 'xL2J'}
| | | | | | | | +-- , 21 , set() , {'xL33J', 'xL32J', 'xL7J', 'xL8J', 'xL2J'}
| | | | | | | | +-- , 23 , set() , {'xL3J', 'xL37J', 'xL32J', 'xL15J'}
| | | | | | +-- , 27 , set() , {'xL4J', 'xL32J'}
| +-- , 35 , set() , {'xL38J', 'xL28J', 'xL11J', 'xL18J', 'xL19J', 'xL24J'}
| +-- , 37 , {39} , {'xL11J', 'xL18J', 'xL22J', 'xL27J'}
| | +-- , 39 , set() , {'xL29J', 'xL22J', 'xL27J'}


Max number of edges with non zero Y: 33
Max number of iterations of outer rounding loop: 7
Max number of candidate sets: 2
Time spent rounding: 22.271
Time spent solving Separator LP: 1.627

LP Solver: GaifmanNormal