67, 3.052962778090165, 9.0, 9
+-- , 0 , {69, 133, 5, 73, 75, 77, 81, 85, 91, 93, 95, 105, 107, 113, 123} , {'zL66J', 'zL1J', 'zL51J', 'zL78J', 'zL29J', 'xL7J', 'xL1J', 'xL2J', 'xL5J', 'zL2J', 'xL8J', 'yL3J', 'xL6J', 'w15', 'zL12J', 'xL9J', 'zL62J', 'xL3J', 'zL30J'}
| +-- , 69 , {71} , {'zL3J', 'zL2J', 'xL6J', 'xL3J'}
| | +-- , 71 , set() , {'zL3J', 'xL3J', 'w3'}
| +-- , 133 , {135} , {'xL9J', 'zL78J', 'xL6J', 'zL79J'}
| | +-- , 135 , set() , {'zL79J', 'w22', 'xL9J'}
| +-- , 5 , {7} , {'zL66J', 'zL1J', 'zL51J', 'zL67J', 'zL78J', 'zL31J', 'xL7J', 'xL2J', 'xL1J', 'xL5J', 'xL6J', 'xL8J', 'zL12J', 'xL9J', 'zL62J', 'xL3J', 'zL30J'}
| | +-- , 7 , {9} , {'zL1J', 'zL51J', 'zL67J', 'zL78J', 'zL31J', 'zL61J', 'xL7J', 'xL2J', 'xL1J', 'xL5J', 'xL6J', 'xL8J', 'zL12J', 'xL9J', 'zL62J', 'xL3J', 'zL60J'}
| | | +-- , 9 , {11} , {'zL1J', 'zL51J', 'zL67J', 'zL78J', 'zL31J', 'xL7J', 'xL2J', 'xL1J', 'xL5J', 'xL6J', 'xL8J', 'zL12J', 'xL9J', 'xL3J', 'zL60J', 'zL77J'}
| | | | +-- , 11 , {67, 13} , {'zL1J', 'zL51J', 'zL67J', 'zL31J', 'zL14J', 'zL15J', 'xL7J', 'xL2J', 'xL1J', 'xL5J', 'xL6J', 'xL8J', 'zL12J', 'xL9J', 'xL3J', 'zL60J', 'zL77J'}
| | | | | +-- , 67 , set() , {'xL9J', 'w6', 'zL15J'}
| | | | | +-- , 13 , {65, 15, 51, 53, 55, 59, 61} , {'zL1J', 'zL51J', 'zL31J', 'zL67J', 'zL14J', 'xL7J', 'xL1J', 'xL2J', 'xL5J', 'xL6J', 'xL8J', 'xL9J', 'zL12J', 'xL3J', 'zL73J', 'xL0J', 'zL60J', 'zL77J'}
| | | | | | +-- , 65 , set() , {'zL12J', 'zL14J', 'xL3J', 'xL0J', 'zL13J'}
| | | | | | +-- , 15 , {17, 45, 47} , {'zL51J', 'zL18J', 'xL7J', 'xL2J', 'xL1J', 'xL5J', 'xL6J', 'xL8J', 'zL19J', 'xL9J', 'zL22J', 'xL3J', 'zL73J', 'xL0J', 'zL21J', 'zL74J', 'zL77J'}
| | | | | | | +-- , 17 , {33, 37, 39, 43, 19, 27} , {'zL17J', 'zL52J', 'zL20J', 'zL18J', 'zL51J', 'xL7J', 'xL1J', 'xL5J', 'xL6J', 'zL76J', 'yL13J', 'xL9J', 'xL4J', 'xL3J', 'xL0J', 'zL21J', 'zL74J', 'zL77J', 'zL53J'}
| | | | | | | | +-- , 33 , {35} , {'xL4J', 'zL74J', 'zL75J', 'xL3J'}
| | | | | | | | | +-- , 35 , set() , {'w21', 'zL75J', 'xL3J'}
| | | | | | | | +-- , 37 , set() , {'yL5J', 'zL20J', 'xL5J'}
| | | | | | | | +-- , 39 , {41} , {'zL17J', 'xL7J', 'zL16J', 'xL4J'}
| | | | | | | | | +-- , 41 , set() , {'yL4J', 'zL16J', 'xL4J'}
| | | | | | | | +-- , 43 , set() , {'zL76J', 'yL19J', 'xL4J'}
| | | | | | | | +-- , 19 , {21} , {'zL51J', 'xL4J', 'zL50J', 'xL1J', 'xL5J', 'xL6J'}
| | | | | | | | | +-- , 21 , {23} , {'xL1J', 'zL50J', 'zL49J', 'xL5J', 'xL6J'}
| | | | | | | | | | +-- , 23 , {25} , {'xL1J', 'zL48J', 'xL5J', 'zL49J'}
| | | | | | | | | | | +-- , 25 , set() , {'yL12J', 'xL1J', 'zL48J'}
| | | | | | | | +-- , 27 , {29} , {'xL0J', 'zL54J', 'xL6J', 'xL4J', 'zL53J'}
| | | | | | | | | +-- , 29 , {31} , {'zL55J', 'zL54J', 'xL6J', 'xL4J'}
| | | | | | | | | | +-- , 31 , set() , {'xL6J', 'w16', 'zL55J'}
| | | | | | | +-- , 45 , set() , {'w7', 'xL2J', 'zL19J'}
| | | | | | | +-- , 47 , {49} , {'xL9J', 'zL23J', 'zL22J', 'xL3J'}
| | | | | | | | +-- , 49 , set() , {'zL23J', 'w8', 'xL9J'}
| | | | | | +-- , 51 , set() , {'w10', 'xL0J', 'zL31J'}
| | | | | | +-- , 53 , set() , {'zL60J', 'yL15J', 'xL0J'}
| | | | | | +-- , 55 , {57} , {'xL0J', 'zL1J', 'zL0J', 'xL7J'}
| | | | | | | +-- , 57 , set() , {'xL0J', 'zL0J', 'yL0J'}
| | | | | | +-- , 59 , set() , {'xL0J', 'w19', 'zL67J'}
| | | | | | +-- , 61 , {63} , {'zL73J', 'xL2J', 'xL9J', 'zL72J'}
| | | | | | | +-- , 63 , set() , {'xL2J', 'zL72J', 'yL18J'}
| +-- , 73 , set() , {'zL70J', 'xL6J', 'zL69J', 'xL7J', 'zL71J', 'xL3J', 'xL2J', 'xL8J', 'zL68J', 'w20', 'yL17J'}
| +-- , 75 , set() , {'w14', 'xL9J', 'xL7J', 'zL45J', 'zL44J', 'xL3J', 'yL11J', 'zL47J', 'xL5J', 'xL8J', 'zL46J'}
| +-- , 77 , {79} , {'xL6J', 'xL9J', 'zL29J', 'zL28J'}
| | +-- , 79 , set() , {'yL7J', 'zL28J', 'xL9J'}
| +-- , 81 , {83} , {'zL63J', 'xL2J', 'xL6J', 'zL62J'}
| | +-- , 83 , set() , {'xL6J', 'zL63J', 'w18'}
| +-- , 85 , {87} , {'zL66J', 'zL65J', 'xL5J', 'xL6J', 'xL7J'}
| | +-- , 87 , {89} , {'zL65J', 'zL64J', 'xL6J', 'xL7J'}
| | | +-- , 89 , set() , {'zL64J', 'yL16J', 'xL7J'}
| +-- , 91 , set() , {'zL8J', 'xL6J', 'yL2J', 'zL10J', 'xL7J', 'xL3J', 'zL9J', 'xL2J', 'w5', 'xL8J', 'zL11J'}
| +-- , 93 , set() , {'yL1J', 'xL9J', 'w4', 'zL4J', 'xL7J', 'zL7J', 'xL3J', 'zL5J', 'zL6J', 'xL5J', 'xL8J'}
| +-- , 95 , {97} , {'xL6J', 'w17', 'xL7J', 'zL59J', 'xL2J', 'xL5J', 'xL8J'}
| | +-- , 97 , {99} , {'xL6J', 'zL58J', 'zL59J', 'xL2J', 'xL5J', 'xL8J'}
| | | +-- , 99 , {101} , {'zL57J', 'xL2J', 'xL5J', 'xL6J', 'zL58J'}
| | | | +-- , 101 , {103} , {'zL57J', 'xL5J', 'xL6J', 'zL56J'}
| | | | | +-- , 103 , set() , {'yL14J', 'zL56J', 'xL5J'}
| +-- , 105 , set() , {'zL40J', 'zL42J', 'xL7J', 'xL3J', 'yL10J', 'w13', 'xL1J', 'xL5J', 'zL43J', 'xL8J', 'zL41J'}
| +-- , 107 , {109, 111} , {'xL6J', 'xL7J', 'zL35J', 'xL1J', 'zL32J', 'xL5J', 'xL8J', 'zL34J', 'zL33J'}
| | +-- , 109 , set() , {'zL35J', 'w11', 'xL8J'}
| | +-- , 111 , set() , {'yL8J', 'xL7J', 'zL32J'}
| +-- , 113 , {115} , {'w9', 'xL9J', 'xL7J', 'xL3J', 'xL1J', 'xL5J', 'zL27J'}
| | +-- , 115 , {117} , {'xL9J', 'xL7J', 'zL26J', 'xL1J', 'xL5J', 'zL27J'}
| | | +-- , 117 , {119} , {'zL26J', 'xL9J', 'zL25J', 'xL5J', 'xL7J'}
| | | | +-- , 119 , {121} , {'xL9J', 'zL24J', 'xL5J', 'zL25J'}
| | | | | +-- , 121 , set() , {'zL24J', 'xL5J', 'yL6J'}
| +-- , 123 , {129, 125} , {'zL38J', 'xL9J', 'xL7J', 'zL37J', 'xL2J', 'xL5J', 'xL8J'}
| | +-- , 129 , {131} , {'zL39J', 'zL38J', 'xL8J', 'xL7J'}
| | | +-- , 131 , set() , {'xL8J', 'zL39J', 'w12'}
| | +-- , 125 , {127} , {'xL2J', 'xL9J', 'zL37J', 'zL36J'}
| | | +-- , 127 , set() , {'yL9J', 'xL9J', 'zL36J'}


Max number of edges with non zero Y: 45
Max number of iterations of outer rounding loop: 7
Max number of candidate sets: 2
Time spent rounding: 28.271
Time spent solving Separator LP: 24.425
Total time spent solving: 64.007

LP Solver: GaifmanNormal
Lower Bound Witness = ({'zL66J', 'zL20J', 'zL79J', 'zL5J', 'zL35J', 'zL27J', 'zL76J', 'zL19J', 'xL4J', 'xL3J', 'zL9J', 'w13', 'yL5J', 'zL52J', 'yL19J', 'yL2J', 'zL51J', 'zL31J', 'zL1J', 'zL72J', 'zL71J', 'zL37J', 'zL2J', 'zL41J', 'zL36J', 'w17', 'zL10J', 'zL22J', 'zL60J', 'w12', 'zL53J', 'zL17J', 'w9', 'zL14J', 'zL61J', 'zL15J', 'zL39J', 'yL12J', 'xL1J', 'w5', 'zL68J', 'zL13J', 'zL8J', 'zL40J', 'yL15J', 'zL56J', 'w4', 'xL7J', 'xL2J', 'zL26J', 'zL49J', 'yL3J', 'zL4J', 'zL45J', 'zL57J', 'zL24J', 'zL75J', 'zL55J', 'zL11J', 'yL9J', 'zL18J', 'zL67J', 'zL29J', 'zL78J', 'w8', 'zL50J', 'zL38J', 'w16', 'zL0J', 'zL62J', 'yL16J', 'zL30J', 'zL47J', 'w14', 'zL77J', 'zL48J', 'zL69J', 'zL63J', 'zL59J', 'w19', 'zL32J', 'xL6J', 'yL17J', 'zL70J', 'zL25J', 'zL28J', 'xL0J', 'w7', 'zL6J', 'w21', 'zL54J', 'w20', 'yL1J', 'w6', 'yL11J', 'zL58J', 'xL5J', 'yL18J', 'xL8J', 'zL34J', 'zL46J', 'yL13J', 'zL12J', 'w3', 'zL44J', 'zL21J', 'yL14J', 'zL23J', 'zL16J', 'yL8J', 'zL7J', 'yL10J', 'zL43J', 'yL6J', 'w11', 'w18', 'yL4J', 'zL33J', 'yL7J', 'w10', 'zL3J', 'zL65J', 'w15', 'xL9J', 'zL42J', 'zL73J', 'zL64J', 'w22', 'yL0J', 'zL74J'}, {'zL66J', 'zL67J', 'w6', 'zL29J', 'zL61J', 'zL35J', 'zL27J', 'zL46J', 'zL12J', 'zL9J', 'zL21J', 'w13', 'zL47J', 'yL14J', 'zL23J', 'zL77J', 'yL10J', 'zL2J', 'yL6J', 'w11', 'w18', 'yL7J', 'zL70J', 'zL3J', 'w15', 'xL0J', 'w7', 'w22', 'zL6J', 'w21', 'yL9J'})