191, 0, 19.0, 19
+-- , 0 , {216, 3} , {'P_5', 'C_14', 'II1596', 'II1_5', 'II2037_1', 'C_19', 'II1974', 'Clear', 'II1290', 'P_7', 'II1553', 'P_15', 'II2070_2', 'II1219_1', 'P_21', 'Y_8', 'II2070_1', 'II1357', 'P_11', 'P_17', 'II2017_2', 'P_6', 'II1280', 'P_14', 'II2047_1', 'II1425', 'II192'}
| +-- , 216 , {218} , {'P_5', 'II1596', 'II1_5', 'II1600', 'II1282', 'P_19', 'C_19', 'II1974', 'Clear', 'II1532', 'II1324', 'II1290', 'P_7', 'II1553', 'P_15', 'II2070_2', 'II1219_1', 'II1601', 'P_21', 'Y_8', 'II2070_1', 'II1356', 'II1357', 'II704', 'II1485', 'P_11', 'P_17', 'II2017_2', 'Y_16', 'II1426', 'P_6', 'II1328', 'II265', 'II1280', 'II1358', 'II2047_1', 'P_14', 'Y_12', 'II1425', 'II192', 'II649'}
| | +-- , 218 , {220, 405} , {'P_5', 'II1600', 'II1219_5', 'P_10', 'II1552', 'II1282', 'P_19', 'C_10', 'II1974', 'Clear', 'II1532', 'II1324', 'II1290', 'P_7', 'P_15', 'II2070_2', 'Y_8', 'II2070_1', 'II1356', 'II704', 'II1485', 'Y_16', 'II1426', 'II1328', 'II265', 'II1358', 'II2047_1', 'P_14', 'Y_12', 'II1281', 'II1418', 'II1460', 'II649'}
| | | +-- , 220 , {222} , {'II1219_5', 'P_10', 'II1552', 'II1282', 'P_19', 'II1392', 'II1974', 'Clear', 'II1532', 'II1324', 'II1290', 'P_7', 'P_15', 'II2070_2', 'Y_8', 'II2070_1', 'II1356', 'II704', 'II1485', 'Y_16', 'II1426', 'II265', 'II1358', 'II1350', 'Y_12', 'II1281', 'II1418', 'II1460', 'Y_6', 'II649'}
| | | | +-- , 222 , {224} , {'II1219_5', 'II1552', 'P_19', 'II1392', 'II1974', 'II2043_1', 'II1532', 'Clear', 'II1324', 'II1290', 'P_7', 'II1389', 'P_15', 'II2070_2', 'Y_5', 'II1288', 'Y_8', 'II2070_1', 'II1356', 'II704', 'II1485', 'Y_16', 'II1424', 'II244', 'II1426', 'II265', 'II1358', 'II1350', 'Y_12', 'II1281', 'II1418', 'Y_11', 'II2043_2', 'II1460', 'Y_6', 'II649'}
| | | | | +-- , 224 , {226} , {'II1219_5', 'II1552', 'P_19', 'II1392', 'II2043_1', 'II1532', 'Clear', 'II1324', 'II1290', 'Y_7', 'II1389', 'II2070_2', 'Y_5', 'II1288', 'Y_8', 'II2070_1', 'II704', 'II1485', 'Y_16', 'II1424', 'II244', 'II1321', 'II1426', 'II265', 'II1358', 'II1350', 'Y_12', 'II1418', 'Y_11', 'II2043_2', 'II1460', 'Y_6', 'II649'}
| | | | | | +-- , 226 , {228, 399} , {'II1457', 'II1219_5', 'II1552', 'P_19', 'II1392', 'Y_15', 'II2043_1', 'II1532', 'Clear', 'II1290', 'Y_7', 'II1389', 'II2070_2', 'Y_5', 'Y_8', 'II2070_1', 'II704', 'II1485', 'Y_16', 'II1424', 'II244', 'II1321', 'II1426', 'II265', 'II1358', 'II1350', 'Y_12', 'II1418', 'Y_11', 'II1492', 'II2043_2', 'II1460', 'Y_6', 'II649'}
| | | | | | | +-- , 228 , {231} , {'II1457', 'II1219_5', 'II1552', 'II1392', 'Y_15', 'II1525', 'II2043_1', 'II1532', 'Clear', 'II1290', 'Y_19', 'Y_7', 'II1389', 'II2070_2', 'Y_5', 'Y_8', 'II2070_1', 'II704', 'II1485', 'Y_16', 'II244', 'II1321', 'II265', 'II1358', 'II1350', 'Y_12', 'II1418', 'Y_11', 'II497', 'II1492', 'II2043_2', 'II1460', 'Y_6', 'II649'}
| | | | | | | | +-- , 231 , {233, 369} , {'II1457', 'II1219_5', 'II1552', 'II1392', 'Y_15', 'II417', 'II1525', 'II2043_1', 'II1532', 'Clear', 'Y_19', 'II1290', 'Y_7', 'II1389', 'II2070_2', 'Y_5', 'Y_8', 'II2070_1', 'II704', 'II1485', 'Y_16', 'II244', 'II1321', 'II265', 'II1358', 'II1350', 'Y_12', 'II1418', 'Y_11', 'II497', 'II2043_2', 'II1460', 'Y_6', 'II649'}
| | | | | | | | | +-- , 233 , {329, 235} , {'II1457', 'II1219_5', 'II1552', 'II1392', 'Y_15', 'II417', 'II1525', 'II2043_1', 'II1532', 'Clear', 'Y_19', 'II1290', 'Y_7', 'II1389', 'II2070_2', 'Y_8', 'II2070_1', 'II704', 'II1485', 'Y_16', 'II721', 'II1321', 'II1358', 'Y_12', 'II1418', 'Y_11', 'II497', 'II2043_2', 'II1460', 'II1350', 'II649'}
| | | | | | | | | | +-- , 329 , {361, 331} , {'II1219_5', 'II1552', 'II704', 'II1485', 'II1525', 'II2043_1', 'II721', 'II1532', 'Y_20', 'Y_19', 'II2043_2', 'II735_2', 'II649'}
| | | | | | | | | | | +-- , 361 , {363, 367} , {'Y_20', 'Y_19', 'II1219_5', 'II2043_2', 'C_20', 'II1520', 'II1525', 'P_20'}
| | | | | | | | | | | | +-- , 363 , {365} , {'Y_20', 'P_20', 'II1520', 'II1493'}
| | | | | | | | | | | | | +-- , 365 , set() , {'Y_20', 'II1493', 'II1494', 'II1520'}
| | | | | | | | | | | | +-- , 367 , set() , {'II1525', 'Y_19', 'II1520', 'II1487'}
| | | | | | | | | | | +-- , 331 , {333} , {'II704', 'P_18', 'II1485', 'II1525', 'II2043_1', 'II721', 'II1532', 'Y_20', 'Y_19', 'C_18', 'II735_2', 'II649'}
| | | | | | | | | | | | +-- , 333 , {337, 359, 335} , {'Y_20', 'Y_19', 'Y_18', 'II704', 'II1486', 'II649', 'P_18', 'II717', 'II1485', 'II1532', 'II1528', 'II735_1', 'II1525', 'II735_2', 'II721'}
| | | | | | | | | | | | | +-- , 337 , {339, 357, 347} , {'Y_19', 'Y_17', 'II700', 'II704', 'II717', 'II1485', 'Y_18', 'II721'}
| | | | | | | | | | | | | | +-- , 339 , {341} , {'II717', 'Y_19', 'II700', 'II721', 'II739_1'}
| | | | | | | | | | | | | | | +-- , 341 , {345, 343} , {'II717', 'Y_19', 'II739_2', 'II655', 'II739_1'}
| | | | | | | | | | | | | | | | +-- , 345 , set() , {'II717', 'Y_19', 'II739_2', 'II650'}
| | | | | | | | | | | | | | | | +-- , 343 , set() , {'Y_19', 'II612', 'II655'}
| | | | | | | | | | | | | | +-- , 357 , set() , {'II658', 'II700', 'Y_19', 'II704'}
| | | | | | | | | | | | | | +-- , 347 , {355, 349} , {'II712', 'Y_17', 'II717', 'II652', 'Y_18', 'II721'}
| | | | | | | | | | | | | | | +-- , 355 , set() , {'II712', 'II614', 'Y_17'}
| | | | | | | | | | | | | | | +-- , 349 , {351} , {'II712', 'Y_17', 'II651', 'II717', 'Y_18', 'II708', 'II721'}
| | | | | | | | | | | | | | | | +-- , 351 , {353} , {'II712', 'Y_18', 'II743_1', 'II651', 'II743_2', 'II708'}
| | | | | | | | | | | | | | | | | +-- , 353 , set() , {'II743_2', 'Y_18', 'II743_1', 'II613'}
| | | | | | | | | | | | | +-- , 359 , set() , {'II1485', 'II1533', 'II1532', 'II1528'}
| | | | | | | | | | | | | +-- , 335 , set() , {'Y_20', 'II654', 'II611', 'II735_1', 'II735_2'}
| | | | | | | | | | +-- , 235 , {249, 237} , {'Y_8', 'II648', 'II1457', 'II2070_1', 'Y_9', 'II1392', 'Y_15', 'II417', 'Y_16', 'Clear', 'II721', 'II1321', 'II404', 'II1290', 'II1358', 'Y_7', 'Y_12', 'II1389', 'II1418', 'Y_11', 'II497', 'II2070_2', 'II1460', 'II1350'}
| | | | | | | | | | | +-- , 249 , {251} , {'II648', 'II1457', 'II1392', 'P_13', 'Y_15', 'II417', 'Clear', 'C_13', 'II1389', 'II2070_1', 'Y_9', 'Y_16', 'II404', 'II1358', 'Y_12', 'II1418', 'Y_11', 'II497', 'II1460', 'II1350'}
| | | | | | | | | | | | +-- , 251 , {321, 327, 253} , {'II648', 'II1457', 'Y_9', 'II1392', 'P_13', 'Y_15', 'II417', 'II1464', 'Y_16', 'Clear', 'II404', 'II1358', 'II1417', 'Y_12', 'II1389', 'II1418', 'Y_11', 'II497', 'II1460', 'II1350'}
| | | | | | | | | | | | | +-- , 321 , {323} , {'II1358', 'II1219_3', 'Y_12', 'II1389', 'Y_11', 'II1464', 'II1416'}
| | | | | | | | | | | | | | +-- , 323 , {325} , {'Y_11', 'II1384', 'II1358', 'II1219_3', 'II1389'}
| | | | | | | | | | | | | | | +-- , 325 , set() , {'II1351', 'Y_11', 'II1384', 'II1389'}
| | | | | | | | | | | | | +-- , 327 , set() , {'II1465', 'II1417', 'II1460', 'II1464'}
| | | | | | | | | | | | | +-- , 253 , {255} , {'II1457', 'II648', 'Y_9', 'Y_13', 'II1392', 'Y_15', 'II417', 'Y_16', 'Clear', 'II404', 'II1417', 'Y_12', 'II1389', 'II1418', 'Y_11', 'II497', 'II1460', 'II1350'}
| | | | | | | | | | | | | | +-- , 255 , {259} , {'II1457', 'II648', 'Y_10', 'Y_9', 'Y_13', 'II1392', 'Y_15', 'II417', 'Y_16', 'Clear', 'II404', 'II500', 'Y_12', 'II1389', 'II1418', 'Y_11', 'II497', 'II1460', 'II345', 'II1350'}
| | | | | | | | | | | | | | | +-- , 259 , {264} , {'II648', 'II1457', 'Y_13', 'Y_15', 'II417', 'Clear', 'II565', 'II435_1', 'II396', 'II345', 'Y_10', 'Y_9', 'II587_2', 'Y_16', 'II404', 'II498', 'II500', 'Y_12', 'II1418', 'Y_11', 'II497', 'II1460'}
| | | | | | | | | | | | | | | | +-- , 264 , {266, 284} , {'II648', 'II1457', 'Y_13', 'Y_15', 'II417', 'Clear', 'II565', 'II435_1', 'II396', 'II345', 'Y_10', 'Y_9', 'II587_2', 'Y_16', 'II431_1', 'II404', 'II500', 'Y_12', 'II1418', 'Y_11', 'II497', 'II1460'}
| | | | | | | | | | | | | | | | | +-- , 266 , {268, 278} , {'II404', 'Y_10', 'Y_9', 'II345', 'Y_11', 'II435_1', 'II417', 'II413', 'II431_1'}
| | | | | | | | | | | | | | | | | | +-- , 268 , {270} , {'II404', 'Y_10', 'Y_9', 'II439_2', 'II347', 'II417', 'II413'}
| | | | | | | | | | | | | | | | | | | +-- , 270 , {272} , {'Y_10', 'Y_9', 'II309', 'II439_2', 'II347', 'II417', 'II439_1'}
| | | | | | | | | | | | | | | | | | | | +-- , 272 , {274, 276} , {'II347', 'Y_9', 'II417', 'II439_1', 'II408'}
| | | | | | | | | | | | | | | | | | | | | +-- , 274 , set() , {'II310', 'II408', 'Y_9'}
| | | | | | | | | | | | | | | | | | | | | +-- , 276 , set() , {'II408', 'II417', 'II348', 'Y_9'}
| | | | | | | | | | | | | | | | | | +-- , 278 , {280, 282} , {'Y_11', 'II435_2', 'II435_1', 'II351', 'II413'}
| | | | | | | | | | | | | | | | | | | +-- , 280 , set() , {'II308', 'Y_11', 'II351'}
| | | | | | | | | | | | | | | | | | | +-- , 282 , set() , {'Y_11', 'II435_2', 'II346', 'II413'}
| | | | | | | | | | | | | | | | | +-- , 284 , {319, 315, 286} , {'II648', 'II1457', 'II431_2', 'Y_13', 'Y_15', 'II587_2', 'II417', 'Y_16', 'Clear', 'II431_1', 'II565', 'II500', 'Y_12', 'II1418', 'Y_11', 'II497', 'II400', 'II396', 'II345', 'II1460'}
| | | | | | | | | | | | | | | | | | +-- , 319 , set() , {'Y_11', 'II400', 'II354', 'II396'}
| | | | | | | | | | | | | | | | | | +-- , 315 , {317} , {'Y_12', 'II350', 'II431_2', 'II431_1'}
| | | | | | | | | | | | | | | | | | | +-- , 317 , set() , {'II350', 'II307', 'Y_12'}
| | | | | | | | | | | | | | | | | | +-- , 286 , {288} , {'II648', 'II1457', 'Y_13', 'Y_15', 'II587_2', 'Y_16', 'Clear', 'II565', 'II500', 'II1_3', 'II1418', 'II497', 'II400', 'II1460', 'II345'}
| | | | | | | | | | | | | | | | | | | +-- , 288 , {290} , {'II648', 'II1457', 'Y_13', 'Y_15', 'II587_2', 'Y_16', 'Clear', 'II565', 'II500', 'II1_3', 'II496', 'II1418', 'II497', 'II1460'}
| | | | | | | | | | | | | | | | | | | | +-- , 290 , {292} , {'II648', 'II1457', 'Y_13', 'Y_15', 'II587_2', 'Y_16', 'Clear', 'II565', 'II500', 'II496', 'II1418', 'II497', 'II569', 'II1460'}
| | | | | | | | | | | | | | | | | | | | | +-- , 292 , {294} , {'II648', 'II1457', 'Y_13', 'Y_15', 'II587_2', 'Y_16', 'II565', 'II500', 'II1_4', 'II1418', 'II497', 'II569', 'II1460'}
| | | | | | | | | | | | | | | | | | | | | | +-- , 294 , {296, 311} , {'II1457', 'Y_13', 'II583_2', 'Y_15', 'II587_2', 'II552', 'Y_16', 'II565', 'II500', 'II1_4', 'II1418', 'II497', 'II569', 'II1460'}
| | | | | | | | | | | | | | | | | | | | | | | +-- , 296 , {301} , {'II1457', 'II556', 'Y_13', 'II461', 'II506', 'II591_1', 'Y_15', 'II587_2', 'II552', 'II591_2', 'II565', 'II500', 'II1418', 'II569', 'II1460'}
| | | | | | | | | | | | | | | | | | | | | | | | +-- , 301 , {307, 309, 303} , {'II1457', 'II556', 'II548', 'Y_13', 'II461', 'II506', 'II591_1', 'Y_15', 'II587_2', 'II591_2', 'II565', 'II500', 'II1418', 'II569', 'II1460', 'II560'}
| | | | | | | | | | | | | | | | | | | | | | | | | +-- , 307 , set() , {'II462', 'Y_13', 'II560'}
| | | | | | | | | | | | | | | | | | | | | | | | | +-- , 309 , set() , {'II591_2', 'II1457', 'II565', 'II556', 'II548', 'Y_13', 'II461', 'II1418', 'II591_1', 'II1460', 'II499', 'Y_14', 'II560'}
| | | | | | | | | | | | | | | | | | | | | | | | | +-- , 303 , {305} , {'II503', 'II587_1', 'Y_15', 'II569', 'II587_2', 'II548'}
| | | | | | | | | | | | | | | | | | | | | | | | | | +-- , 305 , set() , {'Y_15', 'II503', 'II460'}
| | | | | | | | | | | | | | | | | | | | | | | +-- , 311 , {313} , {'II565', 'II583_2', 'II497', 'Y_15', 'Y_16', 'II583_1'}
| | | | | | | | | | | | | | | | | | | | | | | | +-- , 313 , set() , {'II459', 'II583_2', 'Y_16', 'II502', 'II583_1'}
| | | | | | | | | | | +-- , 237 , {239} , {'II1321', 'Y_8', 'II1290', 'Y_9', 'Y_7', 'P_9', 'II1392', 'II2070_2', 'C_9'}
| | | | | | | | | | | | +-- , 239 , {241, 247} , {'II1321', 'Y_8', 'II1290', 'Y_9', 'Y_7', 'P_9', 'II1392', 'II1349', 'II1396'}
| | | | | | | | | | | | | +-- , 241 , {243} , {'II1321', 'Y_8', 'II1290', 'Y_7', 'II1219_2', 'II1348', 'II1396'}
| | | | | | | | | | | | | | +-- , 243 , {245} , {'II1321', 'II1290', 'II1316', 'Y_7', 'II1219_2'}
| | | | | | | | | | | | | | | +-- , 245 , set() , {'II1321', 'Y_7', 'II1316', 'II1283'}
| | | | | | | | | | | | | +-- , 247 , set() , {'II1349', 'II1396', 'II1392', 'II1397'}
| | | | | | | | | +-- , 369 , {371} , {'Y_8', 'II265', 'II344', 'Y_7', 'Y_6', 'II283_1', 'II417', 'Y_5', 'Clear', 'II244'}
| | | | | | | | | | +-- , 371 , {373} , {'Y_8', 'II155', 'II344', 'II1_2', 'II244', 'II265', 'Y_7', 'II283_1', 'Y_5', 'Y_6'}
| | | | | | | | | | | +-- , 373 , {397, 375} , {'Y_8', 'II155', 'II1_2', 'II244', 'II265', 'Y_7', 'II248', 'II283_1', 'Y_5', 'Y_6', 'II193'}
| | | | | | | | | | | | +-- , 397 , set() , {'II248', 'II202', 'Y_7', 'II244'}
| | | | | | | | | | | | +-- , 375 , {385, 389, 379} , {'Y_8', 'II155', 'II265', 'II287_2', 'II158', 'II252', 'Y_7', 'II261', 'II248', 'II283_1', 'Y_5', 'Y_6', 'II193'}
| | | | | | | | | | | | | +-- , 385 , {387} , {'Y_8', 'II279_1', 'II155', 'II265', 'Y_7', 'II261', 'II248', 'II279_2', 'II193'}
| | | | | | | | | | | | | | +-- , 387 , set() , {'II279_1', 'II155', 'II279_2', 'II198'}
| | | | | | | | | | | | | +-- , 389 , {393, 391} , {'II265', 'II287_2', 'II158', 'II252', 'II261', 'II195', 'II256', 'Y_5', 'Y_6'}
| | | | | | | | | | | | | | +-- , 393 , {395} , {'II287_1', 'II256', 'II287_2', 'Y_6', 'II195'}
| | | | | | | | | | | | | | | +-- , 395 , set() , {'II287_2', 'II287_1', 'II157', 'Y_6'}
| | | | | | | | | | | | | | +-- , 391 , set() , {'II265', 'II256', 'II196', 'Y_5'}
| | | | | | | | | | | | | +-- , 379 , {381, 383} , {'II283_1', 'II283_2', 'Y_7', 'II199', 'II261'}
| | | | | | | | | | | | | | +-- , 381 , set() , {'II156', 'Y_7', 'II199'}
| | | | | | | | | | | | | | +-- , 383 , set() , {'II283_2', 'Y_7', 'II194', 'II261'}
| | | | | | | +-- , 399 , {401} , {'II1426', 'II1457', 'Y_15', 'II1219_4', 'Y_16', 'II1484', 'II1532'}
| | | | | | | | +-- , 401 , {403} , {'II1426', 'II1457', 'Y_15', 'II1452', 'II1219_4'}
| | | | | | | | | +-- , 403 , set() , {'II1457', 'Y_15', 'II1452', 'II1419'}
| | | +-- , 405 , set() , {'II1281', 'II1329', 'II1328', 'II1324'}
| +-- , 3 , {5} , {'P_5', 'II1596', 'II1_5', 'II2037_1', 'II1974', 'Clear', 'II1290', 'P_7', 'II2040_1', 'II1553', 'P_15', 'II2008', 'II2070_2', 'II1219_1', 'C_7', 'P_21', 'Y_8', 'II2070_1', 'II1357', 'II2063_2', 'II1289', 'P_11', 'P_17', 'II2017_2', 'II1997', 'P_6', 'C_5', 'II1280', 'II2047_1', 'II800', 'II1425', 'II192', 'II1973'}
| | +-- , 5 , {212, 7} , {'II1596', 'II1972', 'II2063_1', 'II2037_1', 'II1_1', 'II1948', 'Clear', 'II1990', 'II2040_1', 'II1553', 'II1885', 'P_15', 'II2008', 'II1219_1', 'P_21', 'II1947', 'II1357', 'II2063_2', 'II1289', 'P_11', 'P_17', 'II2017_2', 'P_12', 'II1997', 'P_6', 'II1280', 'C_17', 'II873', 'II2047_1', 'II800', 'II1425', 'II2017_1', 'II192', 'II1973'}
| | | +-- , 212 , {214} , {'P_16', 'II1425', 'II2063_1'}
| | | | +-- , 214 , set() , {'C_16', 'P_16', 'II2063_1'}
| | | +-- , 7 , {9} , {'II2032_3', 'II1972', 'II1596', 'II1865', 'II2037_1', 'II1971', 'II1_1', 'Clear', 'II1995', 'II1955', 'II1966', 'C_12', 'II1990', 'C_29', 'II1553', 'II1885', 'P_15', 'II2008', 'II1219_1', 'II1982', 'P_21', 'II1289', 'P_11', 'II1986', 'C_15', 'P_12', 'II1997', 'P_6', 'P_29', 'II1280', 'II873', 'II2047_1', 'II2017_1'}
| | | | +-- , 9 , {11, 210} , {'II2032_3', 'II1596', 'II1729', 'II1865', 'P_8', 'II1971', 'II1_1', 'Clear', 'II1689', 'II1955', 'II1995', 'II1966', 'II2051_2', 'II2032_1', 'II1553', 'II2008', 'II2051_1', 'II1219_1', 'II1978', 'II1982', 'P_21', 'II1964', 'II1289', 'P_11', 'II1986', 'II1997', 'II41', 'P_6', 'P_29', 'II1280', 'II873', 'II2047_1', 'C_11', 'II2032_2', 'II96'}
| | | | | +-- , 11 , {208, 13, 204, 206} , {'II1963', 'II1596', 'II1729', 'C_27', 'II1865', 'II2001', 'P_27', 'Clear', 'II1689', 'II1955', 'II1995', 'II1966', 'II2051_2', 'II2032_1', 'II1553', 'II2008', 'II1219_1', 'II1978', 'II1982', 'P_21', 'II1964', 'II1976', 'II2047_2', 'II1841', 'II1986', 'II1997', 'II41', 'P_6', 'II1280', 'II873', 'II2047_1', 'II1901', 'II96'}
| | | | | | +-- , 208 , set() , {'C_6', 'P_6', 'II1841'}
| | | | | | +-- , 13 , {15} , {'II1596', 'II1729', 'P_27', 'Clear', 'II1689', 'II1955', 'II1966', 'II1821', 'II2032_1', 'II1553', 'II1219_1', 'II1982', 'II1833', 'II1905', 'II2047_2', 'II1986', 'II1997', 'II41', 'II1280', 'II873', 'C_28', 'II1950', 'II96', 'P_28'}
| | | | | | | +-- , 15 , {17} , {'II1596', 'II1729', 'P_27', 'Clear', 'II1689', 'II1955', 'II1966', 'II1821', 'II1553', 'II1219_1', 'II1982', 'II1833', 'II1905', 'II2047_2', 'II1986', 'II1629', 'II41', 'II1280', 'II873', 'II1950', 'II96', 'P_28'}
| | | | | | | | +-- , 17 , {19} , {'II1596', 'II1729', 'P_27', 'Clear', 'II1689', 'II1955', 'II1966', 'II1821', 'II1628', 'II1553', 'II1219_1', 'II1982', 'II1833', 'II1905', 'II2047_2', 'II1986', 'II1629', 'Y_28', 'II41', 'II1630', 'II1280', 'II873', 'II1950', 'II96'}
| | | | | | | | | +-- , 19 , {21, 198} , {'II1596', 'II1729', 'II1905', 'Y_27', 'II2047_2', 'C_3', 'II1833', 'II1986', 'P_3', 'Clear', 'II1689', 'II1955', 'Y_28', 'II41', 'II1966', 'II1821', 'II1661', 'II1630', 'II1280', 'II873', 'II1628', 'II1553', 'II1950', 'II1219_1', 'II96', 'II1982'}
| | | | | | | | | | +-- , 21 , {23} , {'II1596', 'II1729', 'Y_27', 'P_3', 'Clear', 'II1689', 'II1955', 'II1966', 'II1821', 'II1661', 'II1553', 'II1219_1', 'II1982', 'II1833', 'II1905', 'II1228', 'II1986', 'Y_28', 'II41', 'II1280', 'II873', 'II1950', 'II96'}
| | | | | | | | | | | +-- , 23 , {26} , {'II1596', 'II1729', 'Y_27', 'Clear', 'II1689', 'II1955', 'II1966', 'II1821', 'II1661', 'II1553', 'II1219_1', 'II1008', 'II1833', 'II1982', 'II1025', 'II1905', 'II1228', 'II1986', 'Y_28', 'II41', 'II1280', 'II873', 'Y_3', 'II1950', 'II1259', 'II1039_2', 'II96'}
| | | | | | | | | | | | +-- , 26 , {34, 194} , {'II1596', 'II1729', 'Y_27', 'II1226', 'Clear', 'II1689', 'II1955', 'II1966', 'II1821', 'II1661', 'II1553', 'II1_7', 'II1191_1', 'II1219_1', 'II1008', 'Y_1', 'II1833', 'II1982', 'X', 'II1025', 'II1905', 'II1110', 'II1986', 'II806', 'Y_28', 'II41', 'II1280', 'II1191_2', 'II873', 'II953', 'Y_3', 'II1259', 'II1950', 'II763', 'II1039_2', 'II96'}
| | | | | | | | | | | | | +-- , 34 , {192, 36} , {'II1596', 'II1729', 'Y_27', 'Clear', 'II1689', 'II1955', 'II1966', 'II1661', 'II1553', 'II1_7', 'II1191_1', 'II1039_2', 'II1039_1', 'II1219_1', 'II1008', 'Y_1', 'II1833', 'II1982', 'X', 'II1025', 'II1905', 'II1986', 'II806', 'Y_28', 'II41', 'II1280', 'II1191_2', 'II873', 'II953', 'Y_3', 'II1259', 'II1950', 'II763', 'II1110', 'II96'}
| | | | | | | | | | | | | | +-- , 192 , set() , {'II958', 'II1039_1', 'II915', 'II1039_2', 'Y_28'}
| | | | | | | | | | | | | | +-- , 36 , {133, 38, 184, 174} , {'II1596', 'II1729', 'Y_27', 'II1012', 'Clear', 'II1689', 'II1955', 'II1966', 'II1661', 'II1553', 'II1_7', 'II1191_1', 'II1039_1', 'Y_26', 'II1219_1', 'II1008', 'Y_1', 'II1833', 'II1982', 'II1664', 'X', 'II1025', 'II1905', 'II1021', 'II1986', 'II806', 'Y_25', 'II41', 'II1280', 'II1191_2', 'II873', 'II953', 'Y_3', 'II1259', 'II1950', 'II763', 'II1110', 'II96'}
| | | | | | | | | | | | | | | +-- , 133 , {170, 135} , {'II1664', 'Y_1', 'X', 'II2055_1', 'II1833', 'II113', 'C_4', 'Clear', 'II41', 'II1966', 'II1280', 'Y_3', 'P_4', 'II1965', 'II1259', 'Y_26', 'II1219_1', 'II40', 'II2055_2', 'II96', 'II1982'}
| | | | | | | | | | | | | | | | +-- , 170 , {172} , {'II1664', 'C_26', 'Y_26', 'P_26', 'II2055_1'}
| | | | | | | | | | | | | | | | | +-- , 172 , set() , {'II1664', 'II1622', 'P_26', 'Y_26'}
| | | | | | | | | | | | | | | | +-- , 135 , {137, 166} , {'X', 'Y_4', 'II127_2', 'II1229', 'II113', 'II41', 'II1280', 'Y_3', 'P_2', 'II96', 'P_4', 'II1259', 'II1219_1', 'II2055_2', 'Y_1', 'C_2'}
| | | | | | | | | | | | | | | | | +-- , 137 , {162, 164, 152, 139} , {'X', 'Y_4', 'II127_1', 'II1222', 'II1262', 'II127_2', 'II113', 'II109', 'II41', 'Y_2', 'Y_3', 'P_2', 'II96', 'II1259', 'Y_1'}
| | | | | | | | | | | | | | | | | | +-- , 162 , set() , {'II3', 'Y_4', 'II127_1', 'II46', 'II127_2'}
| | | | | | | | | | | | | | | | | | +-- , 164 , set() , {'II1262', 'II1221', 'Y_1', 'X'}
| | | | | | | | | | | | | | | | | | +-- , 152 , {154, 156} , {'Y_1', 'Y_2', 'II96', 'II113', 'II92', 'II109', 'Y_3'}
| | | | | | | | | | | | | | | | | | | +-- , 154 , set() , {'Y_3', 'II50', 'II92', 'II96'}
| | | | | | | | | | | | | | | | | | | +-- , 156 , {158} , {'II131_2', 'II131_1', 'II42', 'II113', 'II92', 'II109', 'Y_3'}
| | | | | | | | | | | | | | | | | | | | +-- , 158 , {160} , {'II131_2', 'II131_1', 'II47', 'Y_3'}
| | | | | | | | | | | | | | | | | | | | | +-- , 160 , set() , {'II4', 'II47', 'Y_3'}
| | | | | | | | | | | | | | | | | | +-- , 139 , {142} , {'II43', 'Y_2', 'II100', 'II113', 'II109', 'Y_1'}
| | | | | | | | | | | | | | | | | | | +-- , 142 , {144, 148, 150} , {'II43', 'Y_2', 'II100', 'II104', 'II113', 'Y_1'}
| | | | | | | | | | | | | | | | | | | | +-- , 144 , {146} , {'II43', 'II135_2', 'Y_2', 'II100', 'II104', 'II135_1'}
| | | | | | | | | | | | | | | | | | | | | +-- , 146 , set() , {'II5', 'II135_1', 'II135_2', 'Y_2'}
| | | | | | | | | | | | | | | | | | | | +-- , 148 , set() , {'Y_1', 'II104', 'II6'}
| | | | | | | | | | | | | | | | | | | | +-- , 150 , set() , {'II113', 'II104', 'Y_1', 'II44'}
| | | | | | | | | | | | | | | | | +-- , 166 , {168} , {'II1253', 'Y_4', 'II1259', 'II1229', 'II1219_1', 'II1230', 'Y_3'}
| | | | | | | | | | | | | | | | | | +-- , 168 , set() , {'II1223', 'II1253', 'Y_3', 'II1259'}
| | | | | | | | | | | | | | | +-- , 38 , {40, 131} , {'II1596', 'II1729', 'II1669', 'II2059_1', 'Clear', 'II1689', 'II1955', 'II1956', 'II1553', 'II1_7', 'II2059_2', 'II1191_1', 'II1664', 'X', 'II1025', 'II1905', 'II1986', 'II806', 'Y_25', 'II1621', 'II1191_2', 'II873', 'II1950', 'II763', 'II1110'}
| | | | | | | | | | | | | | | | +-- , 40 , {42} , {'II1951', 'II1596', 'II1729', 'II1669', 'II1104', 'Clear', 'II1689', 'II2029_1', 'II1956', 'II1553', 'II1_7', 'II2059_2', 'II1191_1', 'II1025', 'II1905', 'II806', 'II1621', 'II1191_2', 'II873', 'II1950', 'II763', 'II1110'}
| | | | | | | | | | | | | | | | | +-- , 42 , {44} , {'II1177', 'II1951', 'II1596', 'II1729', 'II1669', 'II1104', 'Clear', 'II1689', 'II2029_1', 'II1553', 'II2059_2', 'II1191_1', 'II860', 'P_25', 'Y_21', 'II1025', 'II952', 'II1905', 'II806', 'C_25', 'II1621', 'II1191_2', 'II873', 'II1950', 'II763', 'II1110'}
| | | | | | | | | | | | | | | | | | +-- , 44 , {129, 46} , {'II1177', 'II1951', 'II1596', 'II1729', 'II1669', 'II1554', 'II1689', 'II2029_1', 'II1191_1', 'II860', 'P_25', 'II1668', 'Y_21', 'II952', 'II1905', 'II1_6', 'II806', 'P_22', 'II1621', 'II1191_2', 'II873', 'II1950', 'II763', 'II1110'}
| | | | | | | | | | | | | | | | | | | +-- , 129 , set() , {'II1905', 'P_22', 'C_22'}
| | | | | | | | | | | | | | | | | | | +-- , 46 , {48} , {'II1177', 'II1951', 'II1596', 'II1729', 'II1554', 'II1168', 'II1689', 'II2029_1', 'II2021_1', 'II1191_1', 'II860', 'II1668', 'Y_21', 'II1_6', 'II806', 'II1108', 'II1191_2', 'II2021_2', 'II873', 'II1950', 'II763', 'II1110'}
| | | | | | | | | | | | | | | | | | | | +-- , 48 , {50} , {'II1177', 'II1951', 'II1596', 'II1729', 'II1554', 'II1168', 'II856', 'II1689', 'II2029_1', 'II2021_1', 'II1191_1', 'II860', 'II1668', 'Y_21', 'II1_6', 'II806', 'II1108', 'II1191_2', 'II2021_2', 'II873', 'II763', 'II801', 'II1110'}
| | | | | | | | | | | | | | | | | | | | | +-- , 50 , {52} , {'II1219_6', 'II1177', 'II1951', 'II1596', 'II1729', 'II1554', 'II1168', 'II856', 'II1689', 'II2029_1', 'II2021_1', 'II1191_1', 'II860', 'II1668', 'Y_21', 'II806', 'II1108', 'II1191_2', 'II2021_2', 'II873', 'II1620', 'II763', 'II801', 'II1110'}
| | | | | | | | | | | | | | | | | | | | | | +-- , 52 , {57, 123, 127} , {'II1219_6', 'II1177', 'II1596', 'II1729', 'II1951', 'II891_2', 'II1554', 'II1168', 'II869', 'II806', 'II856', 'II1689', 'Y_23', 'II1108', 'II2029_1', 'II852', 'II1191_2', 'II2021_1', 'II891_1', 'II2021_2', 'II873', 'II1620', 'II1191_1', 'II860', 'II763', 'II801', 'II802', 'II1110', 'Y_21'}
| | | | | | | | | | | | | | | | | | | | | | | +-- , 57 , {121, 59} , {'II1219_6', 'II1177', 'II1951', 'II1596', 'II1729', 'II1554', 'II1168', 'II869', 'II856', 'Y_23', 'II1689', 'II2029_1', 'II2021_1', 'P_30', 'II1191_1', 'II860', 'Y_21', 'II806', 'II1108', 'II852', 'II1191_2', 'II2021_2', 'II873', 'II1620', 'II763', 'II801', 'II1110'}
| | | | | | | | | | | | | | | | | | | | | | | | +-- , 121 , set() , {'II2021_1', 'P_30', 'C_30'}
| | | | | | | | | | | | | | | | | | | | | | | | +-- , 59 , {61} , {'II1219_6', 'II1177', 'II1951', 'II1596', 'II1729', 'II1554', 'II1168', 'II869', 'II856', 'Y_23', 'II1689', 'II2029_1', 'P_30', 'II1191_1', 'II860', 'Y_21', 'II1694', 'II806', 'II1108', 'II852', 'II1191_2', 'II2021_2', 'II873', 'P_31', 'II1620', 'C_31', 'II763', 'II801', 'II1110'}
| | | | | | | | | | | | | | | | | | | | | | | | | +-- , 61 , {63, 119} , {'II1219_6', 'II1177', 'II1951', 'II1596', 'II1729', 'II1691', 'II1554', 'II1168', 'II869', 'II856', 'Y_23', 'II1689', 'II2029_1', 'II1191_1', 'II860', 'Y_21', 'II1698', 'II1694', 'II1726', 'II806', 'II1108', 'II852', 'II1191_2', 'II873', 'P_31', 'II1620', 'II763', 'II801', 'Y_30', 'II1110'}
| | | | | | | | | | | | | | | | | | | | | | | | | | +-- , 63 , {65, 91} , {'II1219_6', 'II1177', 'II1596', 'II1729', 'II1951', 'II1691', 'II1554', 'II1168', 'II869', 'II856', 'Y_23', 'II1689', 'II2029_1', 'II1191_1', 'II860', 'P_32', 'Y_21', 'II1698', 'II1726', 'II806', 'II1108', 'II852', 'II1191_2', 'II873', 'II1620', 'II763', 'II801', 'Y_30', 'II1110'}
| | | | | | | | | | | | | | | | | | | | | | | | | | | +-- , 65 , {67} , {'II1177', 'II1729', 'II1698', 'II1691', 'II1168', 'II1726', 'II1689', 'II1108', 'II1191_2', 'II1191_1', 'II1692', 'Y_30', 'II1110', 'Y_31', 'P_32'}
| | | | | | | | | | | | | | | | | | | | | | | | | | | | +-- , 67 , {89, 70} , {'II1177', 'Y_29', 'II1729', 'II1156', 'II1168', 'II1726', 'II1689', 'II1108', 'II1191_2', 'II1191_1', 'II1692', 'Y_30', 'II1110', 'Y_31'}
| | | | | | | | | | | | | | | | | | | | | | | | | | | | | +-- , 89 , set() , {'II1168', 'Y_29', 'II1070'}
| | | | | | | | | | | | | | | | | | | | | | | | | | | | | +-- , 70 , {73} , {'II1199_1', 'II1177', 'Y_29', 'II1107', 'II1156', 'II1168', 'II1191_2', 'II1191_1', 'II1692', 'Y_30', 'II1110', 'Y_31'}
| | | | | | | | | | | | | | | | | | | | | | | | | | | | | | +-- , 73 , {75, 87} , {'II1199_1', 'II1177', 'Y_29', 'II1191_2', 'II1107', 'II1156', 'Y_32', 'II1191_1', 'II1195_1', 'II1692', 'Y_30', 'II1110', 'Y_31'}
| | | | | | | | | | | | | | | | | | | | | | | | | | | | | | | +-- , 75 , {77, 79, 81, 83, 85} , {'II1199_1', 'II1177', 'Y_29', 'II1160', 'II1195_2', 'II1107', 'Y_32', 'II1156', 'II1111', 'II1173', 'II1191_2', 'II1195_1', 'II1191_1', 'Y_30', 'Y_31', 'II1105'}
| | | | | | | | | | | | | | | | | | | | | | | | | | | | | | | | +-- , 77 , set() , {'Y_31', 'II1173', 'II1195_2', 'II1106'}
| | | | | | | | | | | | | | | | | | | | | | | | | | | | | | | | +-- , 79 , set() , {'II1199_1', 'II1177', 'Y_29', 'II1107', 'II1173', 'Y_30', 'II1069', 'II1199_2', 'II1164'}
| | | | | | | | | | | | | | | | | | | | | | | | | | | | | | | | +-- , 81 , set() , {'II1160', 'II1105', 'W'}
| | | | | | | | | | | | | | | | | | | | | | | | | | | | | | | | +-- , 83 , set() , {'Y_31', 'II1068', 'II1111'}
| | | | | | | | | | | | | | | | | | | | | | | | | | | | | | | | +-- , 85 , set() , {'II1160', 'Y_31', 'II1114', 'II1156'}
| | | | | | | | | | | | | | | | | | | | | | | | | | | | | | | +-- , 87 , set() , {'II1110', 'Y_32', 'II1067'}
| | | | | | | | | | | | | | | | | | | | | | | | | | | +-- , 91 , {93} , {'II1219_6', 'II1951', 'II1596', 'C_32', 'II1554', 'II869', 'II806', 'II856', 'Y_23', 'II852', 'II2029_1', 'II873', 'II1620', 'II860', 'II763', 'II801', 'II2025_1', 'P_32', 'Y_21'}
| | | | | | | | | | | | | | | | | | | | | | | | | | | | +-- , 93 , {95} , {'II1219_6', 'II1951', 'II1596', 'II1952', 'II1554', 'II869', 'II806', 'II856', 'Y_23', 'II852', 'II2029_1', 'II873', 'II1620', 'II860', 'II763', 'II801', 'II2025_1', 'II2025_2', 'Y_21'}
| | | | | | | | | | | | | | | | | | | | | | | | | | | | | +-- , 95 , {97} , {'II1219_6', 'II1596', 'II1554', 'II869', 'II806', 'II856', 'Y_23', 'II852', 'II2029_1', 'P_23', 'II873', 'II1620', 'P_24', 'C_24', 'II860', 'II763', 'II801', 'C_23', 'II2025_2', 'Y_21'}
| | | | | | | | | | | | | | | | | | | | | | | | | | | | | | +-- , 97 , {99} , {'II1219_6', 'II1596', 'II1561', 'II1554', 'II869', 'II806', 'II856', 'Y_23', 'II852', 'P_23', 'II873', 'II1620', 'P_24', 'II860', 'II763', 'II801', 'Y_21'}
| | | | | | | | | | | | | | | | | | | | | | | | | | | | | | | +-- , 99 , {101, 117} , {'II1219_6', 'II1596', 'II1561', 'II1562', 'II1554', 'II869', 'II806', 'II856', 'Y_23', 'II852', 'Y_24', 'P_23', 'II873', 'II1620', 'II860', 'II763', 'II801', 'Y_21'}
| | | | | | | | | | | | | | | | | | | | | | | | | | | | | | | | +-- , 101 , {103} , {'II1219_6', 'II1596', 'II1588', 'II1562', 'II1554', 'II869', 'Y_23', 'II852', 'P_23', 'II873', 'II1560', 'II860', 'Y_21'}
| | | | | | | | | | | | | | | | | | | | | | | | | | | | | | | | | +-- , 103 , {105} , {'II803', 'II1596', 'II1588', 'II1554', 'II1593', 'II869', 'Y_23', 'II852', 'II1555', 'II873', 'II1560', 'II860', 'Y_21'}
| | | | | | | | | | | | | | | | | | | | | | | | | | | | | | | | | | +-- , 105 , {107} , {'II852', 'II803', 'II1596', 'II873', 'II1554', 'Y_22', 'II860', 'II1593', 'Y_21'}
| | | | | | | | | | | | | | | | | | | | | | | | | | | | | | | | | | | +-- , 107 , {109} , {'II803', 'II895_2', 'II873', 'Y_22', 'II860', 'Y_21'}
| | | | | | | | | | | | | | | | | | | | | | | | | | | | | | | | | | | | +-- , 109 , {113, 115, 111} , {'II803', 'II895_2', 'II873', 'Y_22', 'II895_1', 'II864', 'Y_21'}
| | | | | | | | | | | | | | | | | | | | | | | | | | | | | | | | | | | | | +-- , 113 , set() , {'Y_22', 'II895_1', 'II895_2', 'II765'}
| | | | | | | | | | | | | | | | | | | | | | | | | | | | | | | | | | | | | +-- , 115 , set() , {'II873', 'II804', 'II864', 'Y_21'}
| | | | | | | | | | | | | | | | | | | | | | | | | | | | | | | | | | | | | +-- , 111 , set() , {'II766', 'II864', 'Y_21'}
| | | | | | | | | | | | | | | | | | | | | | | | | | | | | | | | +-- , 117 , set() , {'II887_1', 'Y_24', 'II873', 'II887_2', 'II869', 'II801', 'II806', 'II856', 'Y_23'}
| | | | | | | | | | | | | | | | | | | | | | | | | | +-- , 119 , set() , {'II1698', 'II1690', 'II1726', 'Y_30'}
| | | | | | | | | | | | | | | | | | | | | | | +-- , 123 , {125} , {'II891_2', 'II891_1', 'II807', 'Y_23'}
| | | | | | | | | | | | | | | | | | | | | | | | +-- , 125 , set() , {'II764', 'II807', 'Y_23'}
| | | | | | | | | | | | | | | | | | | | | | | +-- , 127 , set() , {'II852', 'II856', 'Y_23', 'II810'}
| | | | | | | | | | | | | | | | +-- , 131 , set() , {'II2059_1', 'X', 'C_0'}
| | | | | | | | | | | | | | | +-- , 184 , {186, 188} , {'II1016', 'II1025', 'II1021', 'II956', 'II1012', 'II955', 'Y_26', 'Y_25'}
| | | | | | | | | | | | | | | | +-- , 186 , set() , {'II1016', 'Y_25', 'II918'}
| | | | | | | | | | | | | | | | +-- , 188 , {190} , {'II1016', 'II1047_1', 'II1012', 'II955', 'Y_26', 'II1047_2'}
| | | | | | | | | | | | | | | | | +-- , 190 , set() , {'II1047_2', 'II917', 'Y_26', 'II1047_1'}
| | | | | | | | | | | | | | | +-- , 174 , {176, 182} , {'II1025', 'Y_27', 'II1004', 'II1021', 'Y_26', 'II1008', 'Y_25'}
| | | | | | | | | | | | | | | | +-- , 176 , {178} , {'II1025', 'II1004', 'Y_27', 'II1043_2', 'II1021', 'II954', 'II1043_1'}
| | | | | | | | | | | | | | | | | +-- , 178 , {180} , {'II959', 'Y_27', 'II1043_2', 'II1043_1'}
| | | | | | | | | | | | | | | | | | +-- , 180 , set() , {'Y_27', 'II959', 'II916'}
| | | | | | | | | | | | | | | | +-- , 182 , set() , {'II1008', 'II1004', 'II962', 'Y_27'}
| | | | | | | | | | | | | +-- , 194 , {196} , {'P_1', 'II1821', 'II1226'}
| | | | | | | | | | | | | | +-- , 196 , set() , {'C_1', 'P_1', 'II1821'}
| | | | | | | | | | +-- , 198 , {200} , {'II1729', 'II1661', 'Y_27', 'II1688', 'II1219_7', 'Y_28', 'II1630'}
| | | | | | | | | | | +-- , 200 , {202} , {'II1656', 'II1661', 'II1219_7', 'Y_27', 'II1630'}
| | | | | | | | | | | | +-- , 202 , set() , {'II1623', 'Y_27', 'II1661', 'II1656'}
| | | | | | +-- , 204 , set() , {'C_21', 'II1901', 'P_21'}
| | | | | | +-- , 206 , set() , {'Z', 'II1996', 'II1976', 'II2008', 'II2001', 'II2002', 'II1995'}
| | | | | +-- , 210 , set() , {'C_8', 'P_8', 'II2051_1'}


Max number of edges with non zero Y: 196
Max number of iterations of outer rounding loop: 15
Max number of candidate sets: 2
Time spent rounding: 15.182
Time spent solving Separator LP: 0.432
Total time spent solving: 28.909

LP Solver: gammaPlusFractionalCoverHeuristic
Lower Bound Witness = ({'II1219_6', 'II1669', 'II131_1', 'II1562', 'II650', 'II1971', 'II1525', 'II202', 'Y_14', 'II1995', 'II1_7', 'II1885', 'II44', 'II1219_1', 'II1982', 'II1664', 'II1025', 'II952', 'II1357', 'II158', 'II651', 'II50', 'II1986', 'P_17', 'II1528', 'II1219_7', 'Y_16', 'II244', 'II307', 'II1620', 'II2032_2', 'II2002', 'P_5', 'II1457', 'P_18', 'II1865', 'P_13', 'II1230', 'II1553', 'II283_1', 'II954', 'II548', 'II1107', 'II916', 'II887_1', 'Y_24', 'II1425', 'II2025_1', 'II743_1', 'P_10', 'II439_2', 'P_8', 'II1396', 'II1966', 'II503', 'II1956', 'C_8', 'II196', 'C_18', 'II895_1', 'P_32', 'II1164', 'II1221', 'II127_1', 'II1219_3', 'C_4', 'II739_2', 'C_17', 'P_14', 'C_28', 'II460', 'Y_11', 'II917', 'II1692', 'II92', 'II802', 'II700', 'II43', 'II1729', 'II1552', 'II1554', 'II347', 'II417', 'II2043_1', 'Clear', 'II1043_1', 'II287_1', 'II1389', 'II860', 'Y_26', 'C_2', 'C_32', 'II2063_2', 'II1588', 'C_26', 'II655', 'II350', 'Y_28', 'Y_20', 'II135_2', 'II765', 'II1358', 'P_24', 'C_16', 'II1349', 'II1487', 'II803', 'C_27', 'II1282', 'P_3', 'II1106', 'C_19', 'II1324', 'II1290', 'II3', 'II565', 'II1004', 'II496', 'II1628', 'Y_1', 'II1356', 'II431_2', 'II1841', 'P_11', 'II1494', 'II1108', 'II498', 'II265', 'II918', 'II346', 'II614', 'C_31', 'II1460', 'II1039_2', 'II1963', 'II1168', 'II869', 'Y_19', 'II1253', 'P_2', 'II1195_1', 'II2070_2', 'II2051_1', 'C_23', 'Y_29', 'Y_4', 'Y_9', 'II1905', 'C_3', 'W', 'II612', 'II712', 'P_31', 'II763', 'II1419', 'II1901', 'II1416', 'C_1', 'II310', 'II1691', 'II1600', 'II287_2', 'Y_32', 'II2063_1', 'II2037_1', 'II1974', 'II856', 'II1533', 'II2032_1', 'II400', 'C_20', 'II502', 'II708', 'II1833', 'II1694', 'II2055_1', 'II587_2', 'II953', 'II100', 'II654', 'II1348', 'II649', 'C_14', 'II2032_3', 'II1972', 'II764', 'II1283', 'II2001', 'II1012', 'Y_23', 'II1_3', 'Y_22', 'II2008', 'II1105', 'C_7', 'X', 'Y_10', 'C_22', 'II2047_2', 'II195', 'II915', 'II354', 'II431_1', 'II1630', 'P_29', 'II500', 'II1950', 'II248', 'II569', 'II2043_2', 'C_11', 'II351', 'Z', 'II131_2', 'II804', 'II1486', 'II1043_2', 'Y_15', 'P_27', 'II2059_1', 'II739_1', 'II1_2', 'II1821', 'C_13', 'II2021_1', 'P_30', 'II2051_2', 'II1965', 'II1191_1', 'II435_1', 'II40', 'II1493', 'II1160', 'Y_17', 'II1698', 'II1976', 'II611', 'II1_6', 'II743_2', 'P_26', 'II587_1', 'Y_2', 'II1350', 'II1418', 'II1492', 'II766', 'Y_13', 'II1593', 'II1532', 'C_12', 'II1661', 'P_23', 'II1417', 'C_29', 'II1219_4', 'C_9', 'II279_2', 'II895_2', 'II155', 'II1688', 'C_25', 'II1997', 'II1426', 'II800', 'II1_4', 'II1384', 'II1_5', 'II962', 'II344', 'C_10', 'II1689', 'II2040_1', 'II2059_2', 'II1978', 'II1668', 'II199', 'II1601', 'II1947', 'II1068', 'II104', 'II1485', 'II1173', 'II198', 'II806', 'II1424', 'II1621', 'II404', 'II157', 'II1259', 'II956', 'II801', 'II1219_2', 'II1177', 'II47', 'P_19', 'C_21', 'II1990', 'P_4', 'II1622', 'Y_18', 'II2055_2', 'II1156', 'II810', 'II113', 'C_6', 'II499', 'II591_2', 'C_30', 'II194', 'II959', 'II891_1', 'II1623', 'II1560', 'II497', 'II192', 'II1110', 'Y_31', 'Y_6', 'II807', 'II1973', 'II1223', 'P_1', 'II5', 'II308', 'II6', 'II1955', 'II1114', 'II958', 'II1465', 'II1070', 'II42', 'Y_5', 'P_16', 'II193', 'II560', 'Y_8', 'II1262', 'II1229', 'C_15', 'P_12', 'II109', 'II721', 'II1199_2', 'II41', 'II852', 'II1452', 'P_6', 'II873', 'II2047_1', 'II2021_2', 'P_9', 'II1329', 'II256', 'C_0', 'II283_2', 'II135_1', 'II1199_1', 'II1016', 'II1047_1', 'II1596', 'II435_2', 'II1952', 'II1067', 'Y_27', 'II1222', 'II1392', 'II1226', 'II1_1', 'II459', 'II2029_1', 'Y_7', 'II408', 'II396', 'II658', 'Y_21', 'II1656', 'P_21', 'II704', 'II1111', 'II1021', 'II156', 'II506', 'II1726', 'II1464', 'P_22', 'II1629', 'II279_1', 'II1328', 'II462', 'II2017_1', 'II1397', 'Y_3', 'II1690', 'II864', 'II583_1', 'II648', 'II1951', 'II556', 'II891_2', 'II252', 'II583_2', 'II955', 'II46', 'P_15', 'II1520', 'II1008', 'II1288', 'P_25', 'II345', 'II2070_1', 'II1195_2', 'II1561', 'II887_2', 'II4', 'II1964', 'II261', 'II127_2', 'II591_1', 'II1289', 'II1228', 'II2017_2', 'II1484', 'Y_25', 'C_5', 'II1996', 'Y_12', 'II1281', 'Y_30', 'II735_2', 'P_20', 'II96', 'C_24', 'P_28', 'II1219_5', 'II552', 'II439_1', 'II735_1', 'II1104', 'II1948', 'II413', 'P_7', 'II309', 'II1039_1', 'II1316', 'II1351', 'II461', 'II348', 'II717', 'II1047_2', 'II1069', 'II1321', 'II1555', 'II613', 'II1280', 'II1191_2', 'II652', 'II2025_2'}, {'II435_2', 'II131_2', 'II1553', 'II1_7', 'II1528'})