17, 0, 8.0, 8
+-- , 0 , {3, 38} , {'xL30J', 'xL19J', 'xL6J', 'xL31J', 'xL2J', 'xL25J', 'xL21J', 'xL38J', 'xL7J', 'xL0J', 'xL16J', 'xL36J', 'xL23J', 'xL8J'}
| +-- , 3 , {34, 6} , {'xL19J', 'xL6J', 'xL31J', 'xL2J', 'xL25J', 'xL21J', 'xL38J', 'xL7J', 'xL27J', 'xL0J', 'xL5J', 'xL36J', 'xL29J', 'xL8J'}
| | +-- , 34 , set() , {'xL0J', 'xL5J', 'xL3J', 'xL25J', 'xL29J'}
| | +-- , 6 , {10} , {'xL19J', 'xL1J', 'xL10J', 'xL6J', 'xL31J', 'xL2J', 'xL21J', 'xL38J', 'xL7J', 'xL27J', 'xL0J', 'xL5J', 'xL17J', 'xL9J', 'xL36J', 'xL29J'}
| | | +-- , 10 , {32, 12} , {'xL19J', 'xL24J', 'xL1J', 'xL6J', 'xL31J', 'xL2J', 'xL21J', 'xL38J', 'xL7J', 'xL27J', 'xL5J', 'xL17J', 'xL9J', 'xL36J', 'xL29J', 'xL12J'}
| | | | +-- , 32 , set() , {'xL24J', 'xL18J', 'xL2J', 'xL36J', 'xL12J'}
| | | | +-- , 12 , {14} , {'xL24J', 'xL1J', 'xL21J', 'xL38J', 'xL7J', 'xL27J', 'xL5J', 'xL37J', 'xL17J', 'xL9J', 'xL36J', 'xL29J', 'xL14J', 'xL12J'}
| | | | | +-- , 14 , {16, 26, 30} , {'xL24J', 'xL1J', 'xL32J', 'xL21J', 'xL7J', 'xL5J', 'xL34J', 'xL37J', 'xL17J', 'xL9J', 'xL36J', 'xL29J', 'xL14J', 'xL12J'}
| | | | | | +-- , 16 , {18, 22} , {'xL24J', 'xL1J', 'xL32J', 'xL21J', 'xL7J', 'xL33J', 'xL5J', 'xL34J', 'xL37J', 'xL17J', 'xL29J', 'xL14J', 'xL12J', 'xL11J'}
| | | | | | | +-- , 18 , {20} , {'xL33J', 'xL24J', 'xL1J', 'xL29J', 'xL32J', 'xL21J', 'xL14J', 'xL28J'}
| | | | | | | | +-- , 20 , set() , {'xL24J', 'xL15J', 'xL29J', 'xL32J', 'xL28J'}
| | | | | | | +-- , 22 , {24} , {'xL33J', 'xL1J', 'xL5J', 'xL37J', 'xL17J', 'xL29J', 'xL12J', 'xL39J', 'xL11J'}
| | | | | | | | +-- , 24 , set() , {'xL1J', 'xL26J', 'xL17J', 'xL12J', 'xL39J', 'xL11J'}
| | | | | | +-- , 26 , {28} , {'xL24J', 'xL34J', 'xL17J', 'xL9J', 'xL32J', 'xL22J'}
| | | | | | | +-- , 28 , set() , {'xL17J', 'xL32J', 'xL22J', 'xL13J'}
| | | | | | +-- , 30 , set() , {'xL20J', 'xL5J', 'xL35J', 'xL34J', 'xL9J', 'xL29J'}
| +-- , 38 , set() , {'xL6J', 'xL2J', 'xL23J', 'xL38J', 'xL4J', 'xL7J'}


Max number of edges with non zero Y: 26
Max number of iterations of outer rounding loop: 8
Max number of candidate sets: 2
Time spent rounding: 34.222
Time spent solving Separator LP: 0.065

LP Solver: gammaPlusFractionalCoverHeuristic