15, 0, 9.5, 11
+-- , 0 , {3, 37, 10} , {'xL19J', 'xL24J', 'xL10J', 'xL6J', 'xL22J', 'xL21J', 'xL28J', 'xL39J', 'xL27J', 'xL15J', 'xL37J', 'xL17J', 'xL16J', 'xL9J', 'xL29J', 'xL23J', 'xL14J'}
| +-- , 3 , set() , {'xL24J', 'xL15J', 'xL37J', 'xL17J', 'xL13J', 'xL32J', 'xL22J'}
| +-- , 37 , set() , {'xL30J', 'xL23J', 'xL6J'}
| +-- , 10 , {35, 12} , {'xL19J', 'xL24J', 'xL10J', 'xL6J', 'xL22J', 'xL28J', 'xL39J', 'xL7J', 'xL27J', 'xL37J', 'xL17J', 'xL9J', 'xL16J', 'xL29J', 'xL23J', 'xL12J'}
| | +-- , 35 , set() , {'xL19J', 'xL24J', 'xL10J', 'xL6J', 'xL31J', 'xL16J', 'xL7J'}
| | +-- , 12 , {16} , {'xL8J', 'xL24J', 'xL10J', 'xL6J', 'xL26J', 'xL22J', 'xL28J', 'xL39J', 'xL7J', 'xL27J', 'xL37J', 'xL17J', 'xL9J', 'xL16J', 'xL29J', 'xL23J', 'xL12J', 'xL11J'}
| | | +-- , 16 , {33, 19, 21} , {'xL24J', 'xL10J', 'xL12J', 'xL6J', 'xL26J', 'xL22J', 'xL28J', 'xL39J', 'xL7J', 'xL0J', 'xL5J', 'xL37J', 'xL17J', 'xL9J', 'xL16J', 'xL29J', 'xL23J', 'xL8J', 'xL11J'}
| | | | +-- , 33 , set() , {'xL0J', 'xL1J', 'xL5J', 'xL10J', 'xL26J', 'xL28J', 'xL11J'}
| | | | +-- , 19 , set() , {'xL0J', 'xL5J', 'xL3J', 'xL25J', 'xL16J', 'xL29J', 'xL7J'}
| | | | +-- , 21 , {23, 29, 31} , {'xL24J', 'xL12J', 'xL6J', 'xL22J', 'xL28J', 'xL39J', 'xL7J', 'xL5J', 'xL34J', 'xL37J', 'xL17J', 'xL9J', 'xL36J', 'xL29J', 'xL23J', 'xL8J'}
| | | | | +-- , 23 , {25, 27} , {'xL8J', 'xL24J', 'xL5J', 'xL6J', 'xL2J', 'xL37J', 'xL9J', 'xL36J', 'xL23J', 'xL12J', 'xL7J'}
| | | | | | +-- , 25 , set() , {'xL6J', 'xL2J', 'xL37J', 'xL23J', 'xL38J', 'xL4J', 'xL7J'}
| | | | | | +-- , 27 , set() , {'xL24J', 'xL18J', 'xL2J', 'xL36J', 'xL12J'}
| | | | | +-- , 29 , set() , {'xL33J', 'xL28J', 'xL34J', 'xL39J'}
| | | | | +-- , 31 , set() , {'xL20J', 'xL5J', 'xL35J', 'xL34J', 'xL9J', 'xL29J'}


Max number of edges with non zero Y: 30
Max number of iterations of outer rounding loop: 9
Max number of candidate sets: 2
Time spent rounding: 45.273
Time spent solving Separator LP: 0.138

LP Solver: gammaPlusFractionalCoverHeuristic