5, 2.338695775100492, 5.557114228456914, 8
+-- , 0 , {12, 6} , {'xL3J', 'xL26J', 'xL0J', 'xL33J', 'xL6J', 'xL1J', 'xL36J', 'xL25J', 'xL24J', 'xL7J', 'xL29J', 'xL37J', 'xL5J', 'xL22J', 'xL15J', 'xL21J', 'xL38J', 'xL10J', 'xL18J', 'xL28J', 'xL39J', 'xL27J', 'xL20J', 'xL12J', 'xL4J', 'xL17J', 'xL35J', 'xL14J', 'xL19J', 'xL13J', 'xL32J', 'xL9J', 'xL8J', 'xL2J', 'xL23J'}
| +-- , 12 , set() , {'xL26J', 'xL0J', 'xL33J', 'xL1J', 'xL36J', 'xL24J', 'xL30J', 'xL29J', 'xL37J', 'xL22J', 'xL15J', 'xL38J', 'xL10J', 'xL18J', 'xL27J', 'xL20J', 'xL4J', 'xL17J', 'xL35J', 'xL14J', 'xL13J', 'xL9J', 'xL8J', 'xL23J', 'xL16J'}
| +-- , 6 , {8, 10} , {'xL3J', 'xL26J', 'xL0J', 'xL33J', 'xL6J', 'xL34J', 'xL1J', 'xL36J', 'xL25J', 'xL7J', 'xL29J', 'xL37J', 'xL5J', 'xL22J', 'xL15J', 'xL21J', 'xL38J', 'xL10J', 'xL18J', 'xL28J', 'xL39J', 'xL27J', 'xL20J', 'xL12J', 'xL4J', 'xL17J', 'xL35J', 'xL14J', 'xL13J', 'xL19J', 'xL32J', 'xL9J', 'xL8J', 'xL2J', 'xL23J'}
| | +-- , 8 , set() , {'xL26J', 'xL33J', 'xL6J', 'xL34J', 'xL1J', 'xL29J', 'xL37J', 'xL5J', 'xL15J', 'xL21J', 'xL10J', 'xL38J', 'xL39J', 'xL27J', 'xL31J', 'xL4J', 'xL35J', 'xL14J', 'xL13J', 'xL19J', 'xL8J'}
| | +-- , 10 , set() , {'xL0J', 'xL34J', 'xL36J', 'xL25J', 'xL7J', 'xL37J', 'xL22J', 'xL21J', 'xL38J', 'xL10J', 'xL18J', 'xL39J', 'xL20J', 'xL12J', 'xL4J', 'xL17J', 'xL35J', 'xL11J', 'xL13J', 'xL32J', 'xL9J'}


Max number of edges with non zero Y: 31
Max number of iterations of outer rounding loop: 4
Max number of candidate sets: 2
Time spent rounding: 9.272
Time spent solving Separator LP: 5.413

LP Solver: GaifmanNormal5, 2.4031492041048677, 5.611553784860558, 8
+-- , 0 , {21, 15} , {'xL32J', 'xL12J', 'xL19J', 'xL1J', 'xL13J', 'xL26J', 'xL39J', 'xL27J', 'xL15J', 'xL37J', 'xL10J', 'xL34J', 'xL0J', 'xL35J', 'xL6J', 'xL14J', 'xL17J', 'xL18J', 'xL33J', 'xL29J', 'xL20J', 'xL36J', 'xL22J', 'xL23J', 'xL28J', 'xL21J', 'xL38J', 'xL2J', 'xL11J', 'xL31J', 'xL9J', 'xL24J', 'xL8J', 'xL4J', 'xL3J'}
| +-- , 21 , set() , {'xL1J', 'xL13J', 'xL26J', 'xL27J', 'xL15J', 'xL37J', 'xL10J', 'xL0J', 'xL35J', 'xL14J', 'xL16J', 'xL17J', 'xL18J', 'xL33J', 'xL29J', 'xL20J', 'xL36J', 'xL22J', 'xL23J', 'xL38J', 'xL30J', 'xL9J', 'xL24J', 'xL8J', 'xL4J'}
| +-- , 15 , {17} , {'xL32J', 'xL12J', 'xL19J', 'xL1J', 'xL13J', 'xL26J', 'xL39J', 'xL27J', 'xL15J', 'xL37J', 'xL10J', 'xL34J', 'xL0J', 'xL35J', 'xL14J', 'xL17J', 'xL18J', 'xL33J', 'xL29J', 'xL25J', 'xL20J', 'xL36J', 'xL22J', 'xL23J', 'xL28J', 'xL21J', 'xL38J', 'xL2J', 'xL11J', 'xL31J', 'xL9J', 'xL24J', 'xL8J', 'xL4J', 'xL3J'}
| | +-- , 17 , {19} , {'xL32J', 'xL12J', 'xL19J', 'xL1J', 'xL13J', 'xL39J', 'xL27J', 'xL15J', 'xL37J', 'xL10J', 'xL34J', 'xL35J', 'xL14J', 'xL17J', 'xL18J', 'xL33J', 'xL25J', 'xL20J', 'xL36J', 'xL22J', 'xL7J', 'xL28J', 'xL38J', 'xL2J', 'xL11J', 'xL31J', 'xL9J', 'xL24J', 'xL8J', 'xL4J', 'xL3J'}
| | | +-- , 19 , set() , {'xL19J', 'xL1J', 'xL13J', 'xL39J', 'xL27J', 'xL37J', 'xL34J', 'xL35J', 'xL5J', 'xL17J', 'xL18J', 'xL33J', 'xL25J', 'xL20J', 'xL22J', 'xL7J', 'xL28J', 'xL38J', 'xL31J', 'xL24J', 'xL8J', 'xL4J'}


Max number of edges with non zero Y: 32
Max number of iterations of outer rounding loop: 9
Max number of candidate sets: 2
Time spent rounding: 85.343
Time spent solving Separator LP: 32.651

LP Solver: GaifmanNormal