5, 2.3854426004195397, 5.856613102595798, 8
+-- , 0 , {11} , {'xL0J', 'xL33J', 'xL26J', 'xL34J', 'xL1J', 'xL36J', 'xL25J', 'xL24J', 'xL30J', 'xL7J', 'xL29J', 'xL37J', 'xL5J', 'xL22J', 'xL15J', 'xL10J', 'xL38J', 'xL18J', 'xL39J', 'xL27J', 'xL31J', 'xL20J', 'xL12J', 'xL4J', 'xL35J', 'xL17J', 'xL11J', 'xL14J', 'xL13J', 'xL19J', 'xL32J', 'xL9J', 'xL8J', 'xL2J', 'xL23J', 'xL16J'}
| +-- , 11 , {13} , {'xL26J', 'xL0J', 'xL33J', 'xL34J', 'xL1J', 'xL36J', 'xL25J', 'xL24J', 'xL7J', 'xL29J', 'xL37J', 'xL5J', 'xL22J', 'xL15J', 'xL21J', 'xL38J', 'xL10J', 'xL18J', 'xL39J', 'xL27J', 'xL31J', 'xL20J', 'xL12J', 'xL4J', 'xL17J', 'xL35J', 'xL11J', 'xL14J', 'xL13J', 'xL19J', 'xL32J', 'xL9J', 'xL8J', 'xL2J', 'xL23J'}
| | +-- , 13 , {15} , {'xL26J', 'xL0J', 'xL33J', 'xL6J', 'xL34J', 'xL1J', 'xL36J', 'xL25J', 'xL24J', 'xL7J', 'xL29J', 'xL37J', 'xL5J', 'xL22J', 'xL15J', 'xL21J', 'xL38J', 'xL10J', 'xL18J', 'xL39J', 'xL27J', 'xL31J', 'xL20J', 'xL12J', 'xL4J', 'xL17J', 'xL35J', 'xL14J', 'xL13J', 'xL19J', 'xL32J', 'xL8J', 'xL2J', 'xL23J'}
| | | +-- , 15 , {17} , {'xL26J', 'xL0J', 'xL6J', 'xL34J', 'xL1J', 'xL36J', 'xL25J', 'xL24J', 'xL7J', 'xL29J', 'xL37J', 'xL5J', 'xL22J', 'xL15J', 'xL21J', 'xL38J', 'xL10J', 'xL18J', 'xL28J', 'xL39J', 'xL27J', 'xL20J', 'xL12J', 'xL4J', 'xL17J', 'xL35J', 'xL14J', 'xL13J', 'xL19J', 'xL32J', 'xL8J', 'xL2J'}
| | | | +-- , 17 , set() , {'xL3J', 'xL26J', 'xL0J', 'xL6J', 'xL34J', 'xL1J', 'xL36J', 'xL25J', 'xL7J', 'xL29J', 'xL37J', 'xL22J', 'xL15J', 'xL21J', 'xL38J', 'xL10J', 'xL18J', 'xL28J', 'xL39J', 'xL27J', 'xL20J', 'xL4J', 'xL17J', 'xL35J', 'xL14J', 'xL13J', 'xL32J', 'xL8J', 'xL2J'}


Max number of edges with non zero Y: 30
Max number of iterations of outer rounding loop: 8
Max number of candidate sets: 2
Time spent rounding: 38.325
Time spent solving Separator LP: 19.213

LP Solver: GaifmanNormal6, 2.356524590642572, 5.262452107279693, 8
+-- , 0 , {17} , {'xL32J', 'xL12J', 'xL19J', 'xL1J', 'xL13J', 'xL26J', 'xL39J', 'xL27J', 'xL15J', 'xL37J', 'xL10J', 'xL34J', 'xL0J', 'xL35J', 'xL14J', 'xL17J', 'xL18J', 'xL29J', 'xL25J', 'xL20J', 'xL36J', 'xL22J', 'xL7J', 'xL28J', 'xL21J', 'xL38J', 'xL2J', 'xL11J', 'xL9J', 'xL4J', 'xL3J'}
| +-- , 17 , {21} , {'xL32J', 'xL12J', 'xL19J', 'xL1J', 'xL13J', 'xL26J', 'xL39J', 'xL27J', 'xL15J', 'xL37J', 'xL10J', 'xL34J', 'xL0J', 'xL35J', 'xL5J', 'xL6J', 'xL14J', 'xL17J', 'xL18J', 'xL29J', 'xL25J', 'xL20J', 'xL36J', 'xL22J', 'xL7J', 'xL28J', 'xL21J', 'xL38J', 'xL2J', 'xL9J', 'xL8J', 'xL4J', 'xL3J'}
| | +-- , 21 , {24} , {'xL32J', 'xL12J', 'xL19J', 'xL1J', 'xL13J', 'xL26J', 'xL39J', 'xL27J', 'xL15J', 'xL37J', 'xL10J', 'xL34J', 'xL0J', 'xL35J', 'xL5J', 'xL6J', 'xL14J', 'xL17J', 'xL18J', 'xL33J', 'xL29J', 'xL25J', 'xL20J', 'xL36J', 'xL22J', 'xL7J', 'xL28J', 'xL21J', 'xL38J', 'xL2J', 'xL31J', 'xL9J', 'xL8J', 'xL4J'}
| | | +-- , 24 , {26} , {'xL32J', 'xL12J', 'xL19J', 'xL1J', 'xL13J', 'xL26J', 'xL39J', 'xL27J', 'xL15J', 'xL37J', 'xL10J', 'xL34J', 'xL0J', 'xL35J', 'xL5J', 'xL6J', 'xL14J', 'xL17J', 'xL18J', 'xL33J', 'xL29J', 'xL25J', 'xL20J', 'xL36J', 'xL22J', 'xL28J', 'xL21J', 'xL38J', 'xL2J', 'xL9J', 'xL24J', 'xL8J', 'xL4J'}
| | | | +-- , 26 , {28} , {'xL32J', 'xL12J', 'xL1J', 'xL13J', 'xL26J', 'xL27J', 'xL15J', 'xL37J', 'xL10J', 'xL34J', 'xL0J', 'xL35J', 'xL6J', 'xL14J', 'xL17J', 'xL18J', 'xL33J', 'xL29J', 'xL25J', 'xL20J', 'xL36J', 'xL22J', 'xL23J', 'xL38J', 'xL9J', 'xL24J', 'xL8J', 'xL4J'}
| | | | | +-- , 28 , set() , {'xL1J', 'xL13J', 'xL26J', 'xL27J', 'xL15J', 'xL37J', 'xL10J', 'xL0J', 'xL35J', 'xL14J', 'xL16J', 'xL17J', 'xL18J', 'xL33J', 'xL29J', 'xL20J', 'xL36J', 'xL22J', 'xL23J', 'xL38J', 'xL30J', 'xL9J', 'xL24J', 'xL8J', 'xL4J'}


Max number of edges with non zero Y: 32
Max number of iterations of outer rounding loop: 10
Max number of candidate sets: 2
Time spent rounding: 117.330
Time spent solving Separator LP: 37.615

LP Solver: GaifmanNormal