39, 1.7602459016393444, 4.0, 4
+-- , 0 , {57, 3} , {'xL7JL4J', 'xL3JL5J', 'xL8JL4J', 'xL3JL4J', 'xL3JL6J'}
| +-- , 57 , {59} , {'xL8JL1J', 'xL8JL4J', 'xL3JL5J', 'xL8JL3J', 'xL3JL4J', 'xL8JL2J'}
| | +-- , 59 , {77, 61} , {'xL8JL1J', 'xL6JL3J', 'xL3JL5J', 'xL3JL4J', 'xL8JL3J', 'xL8JL2J'}
| | | +-- , 77 , {79} , {'xL8JL1J', 'xL6JL3J', 'xL6JL2J', 'xL8JL3J', 'xL8JL2J'}
| | | | +-- , 79 , {81, 83} , {'xL9JL2J', 'xL8JL1J', 'xL7JL2J', 'xL6JL2J', 'xL8JL3J', 'xL8JL2J'}
| | | | | +-- , 81 , set() , {'xL9JL3J', 'xL8JL3J', 'xL9JL2J'}
| | | | | +-- , 83 , set() , {'xL7JL2J', 'xL8JL1J', 'xL7JL1J'}
| | | +-- , 61 , {63} , {'xL5JL3J', 'xL6JL3J', 'xL3JL5J', 'xL3JL4J', 'xL4JL3J'}
| | | | +-- , 63 , {75, 67} , {'xL2JL4J', 'xL5JL3J', 'xL4JL4J', 'xL2JL3J', 'xL3JL5J', 'xL2JL1J', 'xL3JL4J', 'xL2JL2J', 'xL4JL3J'}
| | | | | +-- , 75 , set() , {'xL2JL4J', 'xL5JL3J', 'xL4JL4J', 'xL5JL4J', 'xL3JL4J'}
| | | | | +-- , 67 , {69} , {'xL4JL5J', 'xL4JL2J', 'xL4JL4J', 'xL2JL3J', 'xL3JL5J', 'xL2JL1J', 'xL2JL2J', 'xL4JL3J'}
| | | | | | +-- , 69 , {73, 71} , {'xL3JL2J', 'xL2JL2J', 'xL2JL3J', 'xL2JL1J', 'xL1JL2J', 'xL4JL2J'}
| | | | | | | +-- , 73 , set() , {'xL1JL3J', 'xL2JL3J', 'xL1JL2J'}
| | | | | | | +-- , 71 , set() , {'xL3JL2J', 'xL2JL1J', 'xL3JL1J'}
| +-- , 3 , {5} , {'xL7JL4J', 'xL7JL6J', 'xL2JL6J', 'xL7JL5J', 'xL3JL6J', 'xL1JL6J'}
| | +-- , 5 , {8, 55} , {'xL5JL8J', 'xL1JL8J', 'xL2JL8J', 'xL3JL8J', 'xL7JL6J', 'xL2JL6J', 'xL7JL5J', 'xL4JL8J', 'xL1JL6J'}
| | | +-- , 8 , {11} , {'xL5JL8J', 'xL6JL5J', 'xL6JL7J', 'xL3JL8J', 'xL7JL6J', 'xL6JL6J', 'xL7JL5J', 'xL4JL8J'}
| | | | +-- , 11 , {13} , {'xL5JL8J', 'xL9JL6J', 'xL8JL6J', 'xL5JL6J', 'xL6JL7J', 'xL3JL8J', 'xL7JL6J', 'xL6JL6J', 'xL4JL8J'}
| | | | | +-- , 13 , {15} , {'xL4JL7J', 'xL5JL8J', 'xL5JL7J', 'xL9JL6J', 'xL8JL6J', 'xL5JL6J', 'xL6JL7J', 'xL3JL8J', 'xL4JL8J'}
| | | | | | +-- , 15 , {17} , {'xL4JL7J', 'xL9JL6J', 'xL8JL6J', 'xL3JL8J', 'xL3JL9J', 'xL3JL10J', 'xL4JL8J', 'xL4JL9J'}
| | | | | | | +-- , 17 , {19} , {'xL9JL6J', 'xL3JL10J', 'xL8JL6J', 'xL2JL10J'}
| | | | | | | | +-- , 19 , {21} , {'xL9JL6J', 'xL8JL6J', 'xL2JL13J', 'xL2JL12J', 'xL2JL11J', 'xL2JL10J'}
| | | | | | | | | +-- , 21 , {27, 23} , {'xL9JL6J', 'xL7JL8J', 'xL8JL6J', 'xL2JL13J', 'xL2JL12J', 'xL2JL11J'}
| | | | | | | | | | +-- , 27 , {29} , {'xL7JL9J', 'xL7JL8J', 'xL7JL10J', 'xL2JL13J', 'xL2JL12J', 'xL2JL11J'}
| | | | | | | | | | | +-- , 29 , {45, 31} , {'xL7JL9J', 'xL5JL11J', 'xL7JL10J', 'xL2JL11J', 'xL2JL13J', 'xL2JL12J', 'xL6JL11J'}
| | | | | | | | | | | | +-- , 45 , {47} , {'xL4JL11J', 'xL5JL11J', 'xL2JL11J', 'xL2JL13J', 'xL2JL12J', 'xL6JL11J'}
| | | | | | | | | | | | | +-- , 47 , {49} , {'xL4JL11J', 'xL4JL12J', 'xL2JL13J', 'xL2JL12J', 'xL2JL11J'}
| | | | | | | | | | | | | | +-- , 49 , {51, 53} , {'xL1JL12J', 'xL4JL12J', 'xL2JL13J', 'xL3JL12J', 'xL2JL12J', 'xL2JL11J'}
| | | | | | | | | | | | | | | +-- , 51 , set() , {'xL1JL12J', 'xL1JL11J', 'xL2JL11J'}
| | | | | | | | | | | | | | | +-- , 53 , set() , {'xL2JL13J', 'xL3JL13J', 'xL3JL12J'}
| | | | | | | | | | | | +-- , 31 , {43, 35} , {'xL7JL9J', 'xL8JL13J', 'xL5JL11J', 'xL7JL10J', 'xL6JL10J', 'xL8JL11J', 'xL8JL10J', 'xL8JL12J', 'xL6JL11J'}
| | | | | | | | | | | | | +-- , 43 , set() , {'xL5JL10J', 'xL5JL11J', 'xL7JL10J', 'xL6JL10J', 'xL8JL10J'}
| | | | | | | | | | | | | +-- , 35 , {37} , {'xL7JL9J', 'xL6JL9J', 'xL8JL13J', 'xL6JL10J', 'xL8JL11J', 'xL6JL12J', 'xL8JL12J', 'xL6JL11J'}
| | | | | | | | | | | | | | +-- , 37 , {41, 39} , {'xL8JL11J', 'xL7JL12J', 'xL9JL12J', 'xL8JL13J', 'xL6JL12J', 'xL8JL12J'}
| | | | | | | | | | | | | | | +-- , 41 , set() , {'xL8JL11J', 'xL9JL12J', 'xL9JL11J'}
| | | | | | | | | | | | | | | +-- , 39 , set() , {'xL7JL12J', 'xL8JL13J', 'xL7JL13J'}
| | | | | | | | | | +-- , 23 , {25} , {'xL9JL8J', 'xL9JL6J', 'xL7JL8J', 'xL8JL6J', 'xL8JL8J'}
| | | | | | | | | | | +-- , 25 , set() , {'xL9JL8J', 'xL9JL7J', 'xL9JL6J', 'xL8JL6J', 'xL8JL7J', 'xL8JL8J'}
| | | +-- , 55 , set() , {'xL2JL7J', 'xL1JL8J', 'xL1JL7J', 'xL2JL8J', 'xL2JL6J', 'xL1JL6J'}


Max number of edges with non zero Y: 6
Max number of iterations of outer rounding loop: 2
Max number of candidate sets: 2
Time spent rounding: 15.949
Time spent solving Separator LP: 0.621
Total time spent solving: 21.916

LP Solver: GaifmanBoosted
Lower Bound Witness = ({'xL4JL7J', 'xL4JL2J', 'xL1JL12J', 'xL3JL5J', 'xL2JL6J', 'xL9JL11J', 'xL5JL8J', 'xL7JL9J', 'xL7JL8J', 'xL8JL11J', 'xL6JL12J', 'xL3JL6J', 'xL7JL1J', 'xL2JL10J', 'xL4JL9J', 'xL4JL8J', 'xL4JL11J', 'xL2JL7J', 'xL7JL10J', 'xL4JL5J', 'xL2JL1J', 'xL7JL6J', 'xL3JL1J', 'xL8JL13J', 'xL3JL2J', 'xL9JL8J', 'xL6JL7J', 'xL7JL13J', 'xL8JL10J', 'xL3JL9J', 'xL1JL11J', 'xL7JL5J', 'xL9JL2J', 'xL8JL1J', 'xL6JL9J', 'xL6JL10J', 'xL3JL8J', 'xL4JL3J', 'xL8JL8J', 'xL6JL5J', 'xL2JL8J', 'xL7JL12J', 'xL8JL2J', 'xL9JL7J', 'xL9JL6J', 'xL8JL4J', 'xL8JL7J', 'xL3JL12J', 'xL5JL4J', 'xL1JL6J', 'xL9JL3J', 'xL1JL2J', 'xL7JL2J', 'xL8JL6J', 'xL2JL12J', 'xL6JL2J', 'xL5JL7J', 'xL4JL12J', 'xL1JL8J', 'xL5JL6J', 'xL6JL3J', 'xL3JL13J', 'xL6JL6J', 'xL3JL4J', 'xL2JL4J', 'xL5JL10J', 'xL3JL10J', 'xL8JL3J', 'xL2JL11J', 'xL7JL4J', 'xL5JL11J', 'xL5JL3J', 'xL9JL12J', 'xL1JL7J', 'xL2JL3J', 'xL2JL13J', 'xL8JL12J', 'xL6JL11J', 'xL1JL3J', 'xL4JL4J', 'xL2JL2J'}, {'xL3JL2J', 'xL9JL2J', 'xL9JL12J', 'xL9JL6J', 'xL7JL4J', 'xL7JL8J', 'xL1JL7J', 'xL6JL3J', 'xL6JL12J', 'xL7JL12J', 'xL2JL13J', 'xL3JL5J', 'xL2JL1J', 'xL2JL11J', 'xL4JL3J'})