20, 2.663410280718363, 7.0, 7
+-- , 0 , {3, 21, 39, 38} , {'xL22J', 'xL11J', 'xL7J', 'xL27J', 'xL15J', 'xL21J', 'xL26J', 'xL20J', 'xL17J', 'xL4J', 'xL1J', 'xL34J', 'xL25J'}
| +-- , 3 , {5} , {'xL11J', 'xL7J', 'xL6J', 'xL17J', 'xL25J', 'xL27J', 'xL15J', 'xL21J', 'xL20J', 'xL34J'}
| | +-- , 5 , {9, 7} , {'xL11J', 'xL7J', 'xL27J', 'xL15J', 'xL21J', 'xL6J', 'xL17J', 'xL34J', 'xL25J', 'xL32J'}
| | | +-- , 9 , {11} , {'xL27J', 'xL7J', 'xL15J', 'xL8J', 'xL21J', 'xL6J', 'xL17J', 'xL34J', 'xL25J', 'xL32J'}
| | | | +-- , 11 , {19, 13} , {'xL32J', 'xL7J', 'xL15J', 'xL8J', 'xL21J', 'xL6J', 'xL17J', 'xL14J', 'xL34J', 'xL23J'}
| | | | | +-- , 19 , set() , {'xL19J', 'xL23J', 'xL21J', 'xL6J', 'xL32J'}
| | | | | +-- , 13 , {15} , {'xL15J', 'xL10J', 'xL6J', 'xL17J', 'xL14J', 'xL23J'}
| | | | | | +-- , 15 , {17} , {'xL0J', 'xL10J', 'xL15J', 'xL23J'}
| | | | | | | +-- , 17 , set() , {'xL15J', 'xL10J', 'xL0J', 'xL31J'}
| | | +-- , 7 , set() , {'xL32J', 'xL13J', 'xL6J'}
| +-- , 21 , {24, 34} , {'xL11J', 'xL7J', 'xL28J', 'xL17J', 'xL1J', 'xL25J', 'xL22J', 'xL27J', 'xL15J', 'xL30J', 'xL21J', 'xL26J', 'xL20J', 'xL34J'}
| | +-- , 24 , {32, 26} , {'xL33J', 'xL27J', 'xL7J', 'xL28J', 'xL5J', 'xL15J', 'xL30J', 'xL3J', 'xL21J', 'xL20J', 'xL17J', 'xL1J', 'xL34J', 'xL25J'}
| | | +-- , 32 , set() , {'xL12J', 'xL15J', 'xL3J'}
| | | +-- , 26 , {28, 30} , {'xL7J', 'xL29J', 'xL17J', 'xL1J', 'xL25J', 'xL33J', 'xL5J', 'xL39J', 'xL30J', 'xL3J', 'xL21J', 'xL20J', 'xL34J', 'xL37J'}
| | | | +-- , 28 , set() , {'xL30J', 'xL29J', 'xL18J', 'xL1J', 'xL37J'}
| | | | +-- , 30 , set() , {'xL5J', 'xL39J', 'xL30J', 'xL24J', 'xL16J', 'xL20J', 'xL34J'}
| | +-- , 34 , {36} , {'xL22J', 'xL27J', 'xL11J', 'xL30J', 'xL26J', 'xL20J', 'xL2J'}
| | | +-- , 36 , set() , {'xL22J', 'xL36J', 'xL27J', 'xL26J', 'xL2J'}
| +-- , 39 , set() , {'xL35J', 'xL9J'}
| +-- , 38 , set() , {'xL15J', 'xL38J', 'xL21J'}


Max number of edges with non zero Y: 25
Max number of iterations of outer rounding loop: 4
Max number of candidate sets: 2
Time spent rounding: 15.031
Time spent solving Separator LP: 0.400

LP Solver: GaifmanBoosted