17, 5.0, 7.666666666666667, 8
+-- , 0 , {3, 36} , {'4', '13', '14', '57', '2', '0', '21', '8', '43', '17', '27', '49', '11', '26', '23', '25', '1', '5'}
| +-- , 3 , {5} , {'4', '46', '13', '57', '7', '2', '0', '21', '8', '43', '59', '17', '27', '49', '11', '23', '1', '5'}
| | +-- , 5 , {34, 9} , {'4', '46', '13', '57', '7', '2', '0', '21', '47', '51', '8', '43', '59', '17', '50', '24', '27', '49', '11', '33', '23', '1'}
| | | +-- , 34 , set() , {'50', '24', '15'}
| | | +-- , 9 , {11} , {'46', '7', '0', '21', '47', '60', '43', '18', '17', '50', '49', '33', '4', '13', '57', '2', '51', '8', '59', '27', '11', '23', '1'}
| | | | +-- , 11 , {32, 13} , {'4', '46', '13', '57', '7', '2', '0', '21', '47', '51', '60', '48', '43', '18', '59', '17', '27', '49', '11', '33', '23'}
| | | | | +-- , 32 , set() , {'48', '40', '0', '60'}
| | | | | +-- , 13 , {15} , {'46', '7', '0', '21', '47', '48', '43', '18', '17', '49', '33', '53', '4', '13', '57', '2', '51', '59', '27', '11', '23'}
| | | | | | +-- , 15 , {18, 28, 30} , {'4', '46', '13', '57', '7', '2', '0', '21', '47', '51', '9', '48', '43', '18', '59', '17', '55', '20', '27', '11', '33', '23', '53'}
| | | | | | | +-- , 18 , {20} , {'4', '13', '45', '7', '2', '21', '47', '9', '48', '19', '43', '59', '55', '11', '23', '53', '61', '44'}
| | | | | | | | +-- , 20 , {26, 22} , {'4', '13', '45', '7', '2', '21', '9', '16', '48', '19', '59', '34', '30', '11', '56', '53', '61'}
| | | | | | | | | +-- , 26 , set() , {'41', '16', '12', '61'}
| | | | | | | | | +-- , 22 , {24} , {'4', '13', '42', '58', '45', '2', '21', '9', '6', '16', '59', '35', '30', '11', '38', '53'}
| | | | | | | | | | +-- , 24 , set() , {'35', '4', '30', '13', '42', '45', '32'}
| | | | | | | +-- , 28 , set() , {'46', '20', '10', '27', '2', '36', '3'}
| | | | | | | +-- , 30 , set() , {'4', '46', '52', '9', '54', '17'}
| +-- , 36 , set() , {'13', '14', '21', '22'}


Max number of edges with non zero Y: 7
Max number of iterations of outer rounding loop: 0
Max number of candidate sets: 0
Time spent rounding: 0.000
Time spent solving Separator LP: 50.776

LP Solver: GaifmanNormalILP