20, 5.749999555555538, 7.0, 7
+-- , 0 , {5, 39, 41, 31} , {'4', '46', '57', '7', '2', '47', '8', '9', '16', '48', '19', '18', '43', '17', '55', '11', '33', '56'}
| +-- , 5 , {7} , {'4', '46', '57', '7', '2', '8', '9', '16', '48', '19', '43', '18', '17', '55', '11', '33', '56', '1'}
| | +-- , 7 , {9} , {'4', '46', '57', '7', '2', '8', '9', '16', '48', '19', '43', '18', '17', '55', '20', '11', '56', '1'}
| | | +-- , 9 , {11} , {'4', '46', '57', '7', '2', '21', '8', '9', '16', '48', '19', '43', '59', '17', '20', '11', '56', '1'}
| | | | +-- , 11 , {13, 29} , {'4', '46', '57', '7', '2', '21', '8', '9', '16', '48', '43', '59', '17', '20', '27', '11', '26', '23', '1'}
| | | | | +-- , 13 , {21, 15} , {'4', '46', '13', '45', '7', '2', '21', '8', '9', '16', '48', '43', '59', '17', '49', '11', '26', '38', '23', '1'}
| | | | | | +-- , 21 , {23} , {'4', '13', '42', '45', '21', '9', '6', '48', '59', '17', '49', '11', '38', '23', '53'}
| | | | | | | +-- , 23 , {25, 27} , {'4', '13', '42', '45', '9', '32', '53', '48', '59'}
| | | | | | | | +-- , 25 , set() , {'34', '30', '42', '9', '32', '48'}
| | | | | | | | +-- , 27 , set() , {'35', '42', '58', '45', '32', '53', '59'}
| | | | | | +-- , 15 , {17, 19} , {'4', '46', '13', '14', '49', '2', '7', '21', '8', '26', '5', '59', '17'}
| | | | | | | +-- , 17 , set() , {'13', '14', '21', '22'}
| | | | | | | +-- , 19 , set() , {'4', '14', '26', '8', '25', '5'}
| | | | | +-- , 29 , set() , {'46', '20', '10', '27', '2', '36', '3'}
| +-- , 39 , set() , {'55', '41', '11', '12', '16', '61', '44'}
| +-- , 41 , set() , {'4', '46', '52', '9', '54', '17'}
| +-- , 31 , {33} , {'7', '2', '47', '9', '60', '48', '18', '17', '55', '50', '11', '33'}
| | +-- , 33 , {35, 37} , {'55', '50', '2', '11', '51', '47', '0', '33', '9', '60', '48', '17'}
| | | +-- , 35 , set() , {'48', '40', '0', '60'}
| | | +-- , 37 , set() , {'50', '24', '15', '51', '47', '33'}


Max number of edges with non zero Y: 12
Max number of iterations of outer rounding loop: 0
Max number of candidate sets: 0
Time spent rounding: 0.000
Time spent solving Separator LP: 56.086

LP Solver: GaifmanNormalILP