17, 2.8385483681796706, 8.0, 9
+-- , 0 , {33, 35, 5, 29, 31} , {'4', '46', '42', '13', '10', '57', '2', '21', '9', '32', '3', '48', '17', '55', '27', '49', '11', '26', '38', '23', '53', '61'}
| +-- , 33 , set() , {'13', '42', '11', '38', '21', '9', '6'}
| +-- , 35 , set() , {'4', '46', '52', '9', '54', '17'}
| +-- , 5 , {27, 7} , {'46', '21', '32', '48', '18', '17', '49', '53', '61', '4', '42', '13', '57', '2', '9', '3', '55', '27', '11', '26', '38', '23'}
| | +-- , 27 , set() , {'55', '20', '27', '36', '9', '3', '18'}
| | +-- , 7 , {9, 25} , {'4', '46', '42', '13', '57', '2', '21', '9', '16', '32', '48', '18', '17', '55', '49', '11', '26', '38', '23', '53', '61'}
| | | +-- , 9 , {11} , {'46', '21', '16', '32', '48', '18', '17', '49', '33', '53', '4', '42', '13', '45', '57', '2', '9', '55', '11', '26', '38', '23', '1'}
| | | | +-- , 11 , {13} , {'46', '21', '16', '32', '48', '18', '43', '17', '49', '33', '53', '4', '42', '13', '45', '57', '2', '9', '55', '11', '26', '23', '1'}
| | | | | +-- , 13 , {15} , {'46', '21', '16', '32', '48', '18', '43', '17', '49', '33', '53', '4', '42', '13', '45', '57', '2', '8', '9', '55', '11', '26', '23'}
| | | | | | +-- , 15 , {17} , {'46', '0', '21', '16', '32', '48', '18', '43', '17', '49', '33', '53', '4', '42', '13', '45', '2', '51', '8', '9', '55', '11', '26', '23'}
| | | | | | | +-- , 17 , {19} , {'46', '0', '21', '22', '16', '32', '48', '18', '43', '17', '49', '33', '53', '4', '42', '13', '14', '45', '2', '51', '8', '35', '26', '23'}
| | | | | | | | +-- , 19 , {21} , {'4', '46', '58', '45', '14', '2', '0', '51', '47', '8', '16', '60', '48', '18', '43', '59', '35', '24', '40', '26', '33', '25', '23', '53'}
| | | | | | | | | +-- , 21 , {23} , {'46', '14', '7', '2', '47', '16', '60', '48', '19', '43', '18', '59', '50', '24', '15', '26', '25', '5'}
| | | | | | | | | | +-- , 23 , set() , {'7', '16', '56', '48', '19', '59'}
| | | +-- , 25 , set() , {'41', '16', '12', '61'}
| +-- , 29 , set() , {'34', '30', '42', '9', '32', '48'}
| +-- , 31 , set() , {'55', '11', '44', '61'}


Max number of edges with non zero Y: 24
Max number of iterations of outer rounding loop: 7
Max number of candidate sets: 2
Time spent rounding: 27.082
Time spent solving Separator LP: 3.018

LP Solver: GaifmanBoosted