21, 4.5, 7.5, 8
+-- , 0 , {37, 39, 41, 11, 43, 49, 45, 47} , {'xL37J', 'xL15J', 'xL30J', 'xL21J', 'xL18J', 'xL35J', 'xL1J', 'xL17J', 'xL10J', 'xL4J', 'xL23J', 'xL8J', 'xL22J', 'xL20J', 'xL9J'}
| +-- , 37 , set() , {'xL21J', 'xL9J', 'xL30J', 'xL39J'}
| +-- , 39 , set() , {'xL34J', 'xL35J', 'xL4J', 'xL22J', 'xL20J', 'xL9J'}
| +-- , 41 , set() , {'xL15J', 'xL24J', 'xL35J', 'xL30J'}
| +-- , 11 , {35, 27, 13} , {'xL37J', 'xL15J', 'xL30J', 'xL21J', 'xL18J', 'xL1J', 'xL28J', 'xL17J', 'xL10J', 'xL4J', 'xL23J', 'xL8J', 'xL22J', 'xL20J', 'xL9J'}
| | +-- , 35 , set() , {'xL38J', 'xL28J', 'xL10J', 'xL4J', 'xL1J'}
| | +-- , 27 , {29} , {'xL37J', 'xL28J', 'xL21J', 'xL10J', 'xL29J', 'xL23J', 'xL8J', 'xL22J', 'xL1J', 'xL9J'}
| | | +-- , 29 , {33, 31} , {'xL37J', 'xL31J', 'xL21J', 'xL10J', 'xL29J', 'xL23J', 'xL8J', 'xL22J', 'xL1J', 'xL25J'}
| | | | +-- , 33 , set() , {'xL37J', 'xL6J', 'xL31J', 'xL10J', 'xL22J', 'xL1J', 'xL25J'}
| | | | +-- , 31 , set() , {'xL31J', 'xL3J', 'xL10J'}
| | +-- , 13 , {15} , {'xL37J', 'xL15J', 'xL16J', 'xL21J', 'xL18J', 'xL1J', 'xL28J', 'xL17J', 'xL23J', 'xL8J', 'xL22J', 'xL20J'}
| | | +-- , 15 , {17} , {'xL37J', 'xL15J', 'xL16J', 'xL18J', 'xL1J', 'xL26J', 'xL28J', 'xL23J', 'xL8J', 'xL22J', 'xL20J'}
| | | | +-- , 17 , {19} , {'xL37J', 'xL15J', 'xL16J', 'xL18J', 'xL26J', 'xL28J', 'xL12J', 'xL23J', 'xL8J', 'xL22J', 'xL20J'}
| | | | | +-- , 19 , {21} , {'xL33J', 'xL37J', 'xL11J', 'xL28J', 'xL15J', 'xL12J', 'xL16J', 'xL23J', 'xL18J', 'xL22J', 'xL20J', 'xL26J'}
| | | | | | +-- , 21 , {23} , {'xL33J', 'xL11J', 'xL7J', 'xL15J', 'xL18J', 'xL22J', 'xL20J'}
| | | | | | | +-- , 23 , {25} , {'xL33J', 'xL5J', 'xL0J', 'xL11J', 'xL15J', 'xL7J', 'xL13J', 'xL18J', 'xL22J'}
| | | | | | | | +-- , 25 , set() , {'xL14J', 'xL5J', 'xL13J', 'xL0J', 'xL15J'}
| +-- , 43 , set() , {'xL17J', 'xL32J', 'xL23J'}
| +-- , 49 , set() , {'xL27J', 'xL18J'}
| +-- , 45 , set() , {'xL36J', 'xL35J'}
| +-- , 47 , set() , {'xL19J', 'xL15J', 'xL2J', 'xL23J', 'xL8J'}


Max number of edges with non zero Y: 7
Max number of iterations of outer rounding loop: 0
Max number of candidate sets: 0
Time spent rounding: 0.000
Time spent solving Separator LP: 13.493

LP Solver: GaifmanNormalILP