23, 2.852981883637703, 7.5, 8
+-- , 0 , {49, 39, 6, 47} , {'xL37J', 'xL6J', 'xL0J', 'xL11J', 'xL15J', 'xL31J', 'xL16J', 'xL3J', 'xL18J', 'xL23J', 'xL8J', 'xL20J', 'xL1J', 'xL26J'}
| +-- , 49 , set() , {'xL27J', 'xL18J'}
| +-- , 39 , {41, 43} , {'xL14J', 'xL0J', 'xL15J', 'xL18J', 'xL20J'}
| | +-- , 41 , set() , {'xL0J', 'xL14J', 'xL18J', 'xL13J'}
| | +-- , 43 , {45} , {'xL14J', 'xL5J', 'xL0J', 'xL15J', 'xL20J'}
| | | +-- , 45 , set() , {'xL7J', 'xL20J', 'xL5J', 'xL0J'}
| +-- , 6 , {9} , {'xL37J', 'xL0J', 'xL11J', 'xL15J', 'xL16J', 'xL21J', 'xL18J', 'xL1J', 'xL6J', 'xL31J', 'xL3J', 'xL10J', 'xL23J', 'xL8J', 'xL20J'}
| | +-- , 9 , {11} , {'xL37J', 'xL0J', 'xL11J', 'xL15J', 'xL16J', 'xL21J', 'xL18J', 'xL1J', 'xL6J', 'xL28J', 'xL31J', 'xL10J', 'xL23J', 'xL8J', 'xL20J'}
| | | +-- , 11 , {13, 15} , {'xL37J', 'xL0J', 'xL15J', 'xL16J', 'xL21J', 'xL18J', 'xL1J', 'xL6J', 'xL28J', 'xL31J', 'xL10J', 'xL23J', 'xL8J', 'xL22J', 'xL20J'}
| | | | +-- , 13 , set() , {'xL33J', 'xL37J', 'xL0J', 'xL28J', 'xL15J', 'xL12J', 'xL16J', 'xL23J', 'xL8J', 'xL22J'}
| | | | +-- , 15 , {17} , {'xL15J', 'xL16J', 'xL21J', 'xL18J', 'xL1J', 'xL6J', 'xL28J', 'xL31J', 'xL10J', 'xL23J', 'xL22J', 'xL20J', 'xL25J'}
| | | | | +-- , 17 , {19} , {'xL15J', 'xL16J', 'xL21J', 'xL29J', 'xL18J', 'xL1J', 'xL28J', 'xL10J', 'xL23J', 'xL22J', 'xL20J', 'xL25J'}
| | | | | | +-- , 19 , {37, 21} , {'xL15J', 'xL28J', 'xL16J', 'xL21J', 'xL10J', 'xL29J', 'xL18J', 'xL4J', 'xL23J', 'xL22J', 'xL20J', 'xL1J'}
| | | | | | | +-- , 37 , set() , {'xL38J', 'xL28J', 'xL10J', 'xL4J', 'xL1J'}
| | | | | | | +-- , 21 , {23} , {'xL15J', 'xL16J', 'xL21J', 'xL29J', 'xL18J', 'xL28J', 'xL10J', 'xL4J', 'xL23J', 'xL22J', 'xL20J', 'xL9J'}
| | | | | | | | +-- , 23 , {25, 27} , {'xL15J', 'xL16J', 'xL21J', 'xL18J', 'xL28J', 'xL17J', 'xL10J', 'xL4J', 'xL23J', 'xL22J', 'xL20J', 'xL9J'}
| | | | | | | | | +-- , 25 , set() , {'xL17J', 'xL32J', 'xL23J'}
| | | | | | | | | +-- , 27 , {33, 35, 29} , {'xL28J', 'xL15J', 'xL17J', 'xL35J', 'xL21J', 'xL4J', 'xL23J', 'xL22J', 'xL20J', 'xL9J'}
| | | | | | | | | | +-- , 33 , set() , {'xL34J', 'xL35J', 'xL4J', 'xL22J', 'xL20J', 'xL9J'}
| | | | | | | | | | +-- , 35 , set() , {'xL36J', 'xL35J'}
| | | | | | | | | | +-- , 29 , {31} , {'xL39J', 'xL28J', 'xL15J', 'xL30J', 'xL21J', 'xL23J', 'xL35J', 'xL9J'}
| | | | | | | | | | | +-- , 31 , set() , {'xL15J', 'xL24J', 'xL35J', 'xL30J'}
| +-- , 47 , set() , {'xL19J', 'xL15J', 'xL2J', 'xL23J', 'xL8J'}


Max number of edges with non zero Y: 37
Max number of iterations of outer rounding loop: 9
Max number of candidate sets: 2
Time spent rounding: 39.375
Time spent solving Separator LP: 1.523

LP Solver: GaifmanBoosted