24, 4.0, 7.0, 7
+-- , 0 , {41, 11, 43, 45, 49, 51, 53, 55} , {'xL14J', 'xL23J', 'xL35J', 'xL28J', 'xL29J', 'xL33J', 'xL7J', 'xL3J', 'xL36J', 'xL38J', 'xL24J', 'xL12J', 'xL16J', 'xL22J'}
| +-- , 41 , set() , {'xL20J', 'xL13J', 'xL29J', 'xL22J'}
| +-- , 11 , {13} , {'xL14J', 'xL9J', 'xL28J', 'xL29J', 'xL3J', 'xL24J', 'xL16J', 'xL22J', 'xL35J', 'xL33J', 'xL7J', 'xL36J', 'xL38J', 'xL12J'}
| | +-- , 13 , {15, 39} , {'xL14J', 'xL9J', 'xL26J', 'xL28J', 'xL29J', 'xL3J', 'xL24J', 'xL16J', 'xL22J', 'xL35J', 'xL33J', 'xL7J', 'xL36J', 'xL12J'}
| | | +-- , 15 , {17} , {'xL9J', 'xL26J', 'xL28J', 'xL29J', 'xL3J', 'xL24J', 'xL16J', 'xL22J', 'xL6J', 'xL35J', 'xL7J', 'xL36J', 'xL12J'}
| | | | +-- , 17 , {19, 37} , {'xL6J', 'xL35J', 'xL28J', 'xL29J', 'xL7J', 'xL3J', 'xL36J', 'xL24J', 'xL12J', 'xL16J', 'xL17J', 'xL22J'}
| | | | | +-- , 19 , {21} , {'xL28J', 'xL25J', 'xL29J', 'xL24J', 'xL16J', 'xL22J', 'xL6J', 'xL35J', 'xL7J', 'xL36J', 'xL12J', 'xL17J'}
| | | | | | +-- , 21 , {23} , {'xL28J', 'xL25J', 'xL29J', 'xL31J', 'xL24J', 'xL16J', 'xL6J', 'xL35J', 'xL7J', 'xL36J', 'xL12J', 'xL8J'}
| | | | | | | +-- , 23 , {25, 29} , {'xL35J', 'xL28J', 'xL32J', 'xL29J', 'xL7J', 'xL8J', 'xL36J', 'xL12J', 'xL16J'}
| | | | | | | | +-- , 25 , {27} , {'xL30J', 'xL32J', 'xL7J'}
| | | | | | | | | +-- , 27 , set() , {'xL30J', 'xL34J'}
| | | | | | | | +-- , 29 , {33, 31} , {'xL21J', 'xL35J', 'xL32J', 'xL28J', 'xL36J', 'xL12J', 'xL16J'}
| | | | | | | | | +-- , 33 , {35} , {'xL21J', 'xL32J', 'xL35J', 'xL11J', 'xL36J', 'xL12J'}
| | | | | | | | | | +-- , 35 , set() , {'xL21J', 'xL0J', 'xL32J', 'xL11J', 'xL36J'}
| | | | | | | | | +-- , 31 , set() , {'xL28J', 'xL37J', 'xL21J'}
| | | | | +-- , 37 , set() , {'xL17J', 'xL35J', 'xL27J', 'xL22J'}
| | | +-- , 39 , set() , {'xL26J', 'xL9J', 'xL1J', 'xL3J', 'xL5J'}
| +-- , 43 , set() , {'xL15J', 'xL23J', 'xL29J'}
| +-- , 45 , {47} , {'xL36J', 'xL4J', 'xL12J'}
| | +-- , 47 , set() , {'xL12J', 'xL10J', 'xL4J'}
| +-- , 49 , set() , {'xL39J', 'xL14J', 'xL16J', 'xL22J'}
| +-- , 51 , set() , {'xL12J', 'xL2J', 'xL7J'}
| +-- , 53 , set() , {'xL19J', 'xL23J'}
| +-- , 55 , set() , {'xL23J', 'xL18J'}


Max number of edges with non zero Y: 7
Max number of iterations of outer rounding loop: 0
Max number of candidate sets: 0
Time spent rounding: 0.000
Time spent solving Separator LP: 9.443

LP Solver: GaifmanNormalILP