23, 2.9539489802009657, 7.0, 7
+-- , 0 , {3, 19, 47} , {'xL6J', 'xL34J', 'xL10J', 'xL0J', 'xL28J', 'xL30J', 'xL38J', 'xL24J', 'xL20J', 'xL22J', 'xL26J', 'xL19J', 'xL27J', 'xL3J'}
| +-- , 3 , {5, 13, 15} , {'xL6J', 'xL10J', 'xL12J', 'xL0J', 'xL28J', 'xL30J', 'xL23J', 'xL38J', 'xL22J', 'xL26J', 'xL19J', 'xL27J'}
| | +-- , 5 , {9, 7} , {'xL0J', 'xL28J', 'xL17J', 'xL38J', 'xL26J', 'xL12J', 'xL27J'}
| | | +-- , 9 , {11} , {'xL26J', 'xL28J', 'xL17J', 'xL38J', 'xL2J'}
| | | | +-- , 11 , set() , {'xL28J', 'xL15J', 'xL38J', 'xL2J'}
| | | +-- , 7 , set() , {'xL0J', 'xL32J', 'xL17J', 'xL38J', 'xL12J'}
| | +-- , 13 , set() , {'xL9J', 'xL10J', 'xL12J', 'xL30J', 'xL19J'}
| | +-- , 15 , set() , {'xL12J', 'xL23J', 'xL25J', 'xL22J'}
| +-- , 19 , {21} , {'xL6J', 'xL34J', 'xL0J', 'xL30J', 'xL20J', 'xL19J', 'xL28J', 'xL36J', 'xL38J', 'xL22J', 'xL26J', 'xL10J', 'xL27J', 'xL3J'}
| | +-- , 21 , {23} , {'xL6J', 'xL34J', 'xL0J', 'xL30J', 'xL20J', 'xL36J', 'xL38J', 'xL4J', 'xL22J', 'xL26J', 'xL10J', 'xL27J', 'xL3J'}
| | | +-- , 23 , {25} , {'xL6J', 'xL34J', 'xL0J', 'xL30J', 'xL20J', 'xL13J', 'xL36J', 'xL38J', 'xL4J', 'xL22J', 'xL26J', 'xL10J', 'xL27J'}
| | | | +-- , 25 , {27, 45} , {'xL6J', 'xL34J', 'xL0J', 'xL36J', 'xL38J', 'xL4J', 'xL20J', 'xL11J', 'xL22J', 'xL26J', 'xL10J', 'xL13J', 'xL27J'}
| | | | | +-- , 27 , {43, 29} , {'xL6J', 'xL33J', 'xL34J', 'xL0J', 'xL20J', 'xL11J', 'xL13J', 'xL36J', 'xL4J', 'xL22J', 'xL26J', 'xL10J', 'xL27J'}
| | | | | | +-- , 43 , set() , {'xL33J', 'xL37J', 'xL14J', 'xL27J'}
| | | | | | +-- , 29 , {31} , {'xL6J', 'xL33J', 'xL0J', 'xL20J', 'xL11J', 'xL13J', 'xL36J', 'xL5J', 'xL4J', 'xL31J', 'xL22J', 'xL26J', 'xL10J', 'xL27J'}
| | | | | | | +-- , 31 , {33, 41} , {'xL6J', 'xL33J', 'xL0J', 'xL20J', 'xL11J', 'xL13J', 'xL1J', 'xL36J', 'xL5J', 'xL31J', 'xL22J', 'xL26J', 'xL10J', 'xL27J'}
| | | | | | | | +-- , 33 , {35, 39} , {'xL33J', 'xL0J', 'xL36J', 'xL5J', 'xL11J', 'xL22J', 'xL26J', 'xL10J', 'xL1J', 'xL27J', 'xL18J'}
| | | | | | | | | +-- , 35 , {37} , {'xL8J', 'xL33J', 'xL0J', 'xL11J', 'xL22J', 'xL10J', 'xL1J', 'xL18J'}
| | | | | | | | | | +-- , 37 , set() , {'xL8J', 'xL0J', 'xL21J', 'xL11J', 'xL10J'}
| | | | | | | | | +-- , 39 , set() , {'xL36J', 'xL5J', 'xL35J', 'xL27J', 'xL18J'}
| | | | | | | | +-- , 41 , set() , {'xL39J', 'xL36J', 'xL5J', 'xL20J', 'xL13J', 'xL1J'}
| | | | | +-- , 45 , set() , {'xL20J', 'xL11J', 'xL38J', 'xL7J'}
| +-- , 47 , set() , {'xL0J', 'xL30J', 'xL29J', 'xL16J', 'xL3J'}


Max number of edges with non zero Y: 34
Max number of iterations of outer rounding loop: 4
Max number of candidate sets: 2
Time spent rounding: 13.759
Time spent solving Separator LP: 0.587

LP Solver: GaifmanBoosted