19, 5.0, 8.0, 9
+-- , 0 , {6, 40, 42, 44} , {'xL9J', 'xL10J', 'xL0J', 'xL30J', 'xL29J', 'xL22J', 'xL26J', 'xL12J', 'xL13J', 'xL1J', 'xL18J'}
| +-- , 6 , {11} , {'xL9J', 'xL39J', 'xL0J', 'xL13J', 'xL1J', 'xL18J', 'xL8J', 'xL12J', 'xL28J', 'xL38J', 'xL29J', 'xL22J', 'xL26J', 'xL10J'}
| | +-- , 11 , {36, 38, 14} , {'xL9J', 'xL39J', 'xL0J', 'xL21J', 'xL13J', 'xL1J', 'xL18J', 'xL8J', 'xL12J', 'xL28J', 'xL38J', 'xL24J', 'xL4J', 'xL29J', 'xL26J', 'xL10J'}
| | | +-- , 36 , set() , {'xL38J', 'xL4J', 'xL29J', 'xL10J', 'xL3J'}
| | | +-- , 38 , set() , {'xL4J', 'xL1J', 'xL31J'}
| | | +-- , 14 , {16} , {'xL9J', 'xL39J', 'xL0J', 'xL21J', 'xL13J', 'xL1J', 'xL18J', 'xL8J', 'xL28J', 'xL36J', 'xL38J', 'xL24J', 'xL4J', 'xL26J', 'xL12J'}
| | | | +-- , 16 , {32, 18} , {'xL9J', 'xL39J', 'xL0J', 'xL21J', 'xL20J', 'xL13J', 'xL1J', 'xL18J', 'xL8J', 'xL28J', 'xL36J', 'xL38J', 'xL24J', 'xL26J', 'xL12J'}
| | | | | +-- , 32 , {34} , {'xL0J', 'xL21J', 'xL38J', 'xL7J', 'xL20J', 'xL13J'}
| | | | | | +-- , 34 , set() , {'xL0J', 'xL21J', 'xL11J', 'xL7J', 'xL13J'}
| | | | | +-- , 18 , {20, 28, 30} , {'xL8J', 'xL34J', 'xL39J', 'xL9J', 'xL0J', 'xL28J', 'xL17J', 'xL36J', 'xL38J', 'xL20J', 'xL26J', 'xL12J', 'xL2J', 'xL18J'}
| | | | | | +-- , 20 , {22, 24, 26} , {'xL8J', 'xL34J', 'xL39J', 'xL9J', 'xL33J', 'xL17J', 'xL36J', 'xL35J', 'xL20J', 'xL12J', 'xL27J', 'xL18J'}
| | | | | | | +-- , 22 , set() , {'xL33J', 'xL37J', 'xL14J', 'xL27J'}
| | | | | | | +-- , 24 , set() , {'xL9J', 'xL36J', 'xL20J', 'xL19J', 'xL27J'}
| | | | | | | +-- , 26 , set() , {'xL5J', 'xL35J', 'xL39J', 'xL33J'}
| | | | | | +-- , 28 , set() , {'xL28J', 'xL15J', 'xL38J', 'xL2J'}
| | | | | | +-- , 30 , set() , {'xL0J', 'xL32J', 'xL17J', 'xL38J', 'xL12J'}
| +-- , 40 , set() , {'xL0J', 'xL23J', 'xL22J', 'xL12J', 'xL25J'}
| +-- , 42 , set() , {'xL30J', 'xL29J', 'xL16J'}
| +-- , 44 , set() , {'xL26J', 'xL12J', 'xL1J', 'xL6J'}


Max number of edges with non zero Y: 5
Max number of iterations of outer rounding loop: 0
Max number of candidate sets: 0
Time spent rounding: 0.000
Time spent solving Separator LP: 21.095

LP Solver: GaifmanNormalILP