18, 0, 4.0, 4
+-- , 0 , {3, 36, 38, 24, 28, 30} , {'55', '28', '58', '68', '41', '51', '61', '17', '11', '1', '18', '50'}
| +-- , 3 , {5} , {'28', '47', '58', '68', '65', '41', '51', '7', '57', '21', '1', '18'}
| | +-- , 5 , {11, 7} , {'47', '38', '68', '41', '7', '21', '1'}
| | | +-- , 11 , {13, 20} , {'47', '38', '68', '41', '24', '7', '54', '21', '63'}
| | | | +-- , 13 , {16, 18} , {'38', '62', '66', '63', '20'}
| | | | | +-- , 16 , set() , {'66', '39', '63', '32'}
| | | | | +-- , 18 , set() , {'66', '38', '14', '5'}
| | | | +-- , 20 , set() , {'68', '31', '3', '24', '7', '46', '21'}
| | | +-- , 7 , {9} , {'33', '38', '59', '1'}
| | | | +-- , 9 , set() , {'33', '16', '34', '0'}
| +-- , 36 , set() , {'6', '61', '18', '11'}
| +-- , 38 , set() , {'26', '53', '18', '56'}
| +-- , 24 , {26} , {'55', '8', '48', '43'}
| | +-- , 26 , set() , {'10', '45', '37', '43'}
| +-- , 28 , set() , {'29', '28', '40', '11'}
| +-- , 30 , {32, 34} , {'13', '44', '68', '73', '30', '72', '50'}
| | +-- , 32 , set() , {'22', '71', '72', '50'}
| | +-- , 34 , set() , {'44', '68', '72', '27'}


Max number of edges with non zero Y: 22
Max number of iterations of outer rounding loop: 4
Max number of candidate sets: 2
Time spent rounding: 4.971
Time spent solving Separator LP: 0.017

LP Solver: gammaPlusFractionalCoverHeuristic