30, 3.999998703147333, 4.0, 4
+-- , 0 , {33, 3} , {'xL5JL6J', 'xL6JL6J', 'xL3JL8J', 'xL7JL6J', 'xL8JL9J', 'xL7JL4J', 'xL6JL9J', 'xL3JL9J', 'xL7JL9J', 'xL5JL9J'}
| +-- , 33 , {35} , {'xL5JL6J', 'xL3JL8J', 'xL8JL9J', 'xL7JL4J', 'xL8JL6J', 'xL9JL6J', 'xL6JL9J', 'xL6JL6J', 'xL7JL6J', 'xL3JL10J', 'xL3JL9J', 'xL7JL9J'}
| | +-- , 35 , {37} , {'xL9JL6J', 'xL7JL6J', 'xL3JL10J', 'xL8JL9J', 'xL7JL4J', 'xL8JL6J', 'xL4JL10J', 'xL6JL9J', 'xL7JL9J'}
| | | +-- , 37 , {39} , {'xL8JL9J', 'xL7JL4J', 'xL8JL6J', 'xL4JL10J', 'xL9JL6J', 'xL6JL9J', 'xL4JL12J', 'xL7JL6J', 'xL4JL11J', 'xL4JL13J', 'xL7JL9J'}
| | | | +-- , 39 , {41} , {'xL8JL9J', 'xL7JL4J', 'xL8JL6J', 'xL9JL6J', 'xL6JL9J', 'xL4JL12J', 'xL7JL6J', 'xL4JL11J', 'xL4JL13J', 'xL7JL5J', 'xL7JL9J'}
| | | | | +-- , 41 , {43} , {'xL8JL9J', 'xL8JL6J', 'xL9JL6J', 'xL6JL9J', 'xL4JL12J', 'xL4JL11J', 'xL4JL13J', 'xL7JL5J', 'xL9JL5J', 'xL7JL9J', 'xL8JL5J'}
| | | | | | +-- , 43 , {45} , {'xL8JL7J', 'xL8JL9J', 'xL8JL6J', 'xL9JL6J', 'xL6JL9J', 'xL8JL8J', 'xL4JL12J', 'xL9JL8J', 'xL9JL7J', 'xL4JL11J', 'xL4JL13J', 'xL9JL5J', 'xL7JL9J', 'xL8JL5J'}
| | | | | | | +-- , 45 , {47} , {'xL4JL12J', 'xL9JL8J', 'xL7JL8J', 'xL4JL11J', 'xL4JL13J', 'xL6JL9J', 'xL7JL9J', 'xL8JL8J'}
| | | | | | | | +-- , 47 , {49} , {'xL7JL13J', 'xL7JL11J', 'xL7JL10J', 'xL6JL9J', 'xL6JL11J', 'xL4JL12J', 'xL6JL10J', 'xL7JL8J', 'xL4JL11J', 'xL4JL13J', 'xL7JL9J', 'xL7JL12J'}
| | | | | | | | | +-- , 49 , {57, 51} , {'xL4JL12J', 'xL5JL11J', 'xL7JL13J', 'xL7JL11J', 'xL6JL11J', 'xL8JL11J', 'xL4JL11J', 'xL4JL13J', 'xL7JL12J', 'xL9JL11J'}
| | | | | | | | | | +-- , 57 , {59} , {'xL7JL13J', 'xL8JL11J', 'xL9JL12J', 'xL7JL12J', 'xL9JL11J'}
| | | | | | | | | | | +-- , 59 , set() , {'xL7JL13J', 'xL8JL13J', 'xL8JL12J', 'xL8JL11J', 'xL9JL12J', 'xL7JL12J'}
| | | | | | | | | | +-- , 51 , {53} , {'xL4JL12J', 'xL5JL11J', 'xL5JL12J', 'xL5JL13J', 'xL4JL13J'}
| | | | | | | | | | | +-- , 53 , {55} , {'xL4JL12J', 'xL2JL13J', 'xL5JL12J', 'xL1JL12J', 'xL2JL12J', 'xL5JL13J', 'xL4JL13J', 'xL3JL13J', 'xL3JL12J'}
| | | | | | | | | | | | +-- , 55 , set() , {'xL2JL11J', 'xL2JL13J', 'xL1JL12J', 'xL2JL12J', 'xL1JL11J'}
| +-- , 3 , {5} , {'xL6JL6J', 'xL5JL6J', 'xL3JL8J', 'xL6JL7J', 'xL6JL4J', 'xL7JL4J', 'xL5JL5J', 'xL3JL9J', 'xL5JL8J', 'xL5JL7J', 'xL5JL9J'}
| | +-- , 5 , {7} , {'xL6JL3J', 'xL3JL8J', 'xL5JL5J', 'xL6JL2J', 'xL5JL8J', 'xL3JL9J', 'xL6JL4J', 'xL6JL1J', 'xL6JL7J', 'xL5JL7J'}
| | | +-- , 7 , {9} , {'xL6JL3J', 'xL3JL8J', 'xL6JL7J', 'xL4JL7J', 'xL5JL5J', 'xL6JL1J', 'xL6JL2J', 'xL5JL8J', 'xL5JL7J', 'xL3JL9J'}
| | | | +-- , 9 , {11} , {'xL6JL3J', 'xL3JL8J', 'xL4JL7J', 'xL4JL8J', 'xL5JL5J', 'xL6JL1J', 'xL6JL2J', 'xL5JL8J', 'xL3JL9J'}
| | | | | +-- , 11 , {13} , {'xL6JL3J', 'xL2JL8J', 'xL3JL8J', 'xL4JL5J', 'xL5JL5J', 'xL1JL9J', 'xL2JL5J', 'xL6JL2J', 'xL5JL8J', 'xL2JL9J', 'xL4JL8J', 'xL6JL1J', 'xL1JL8J', 'xL3JL5J', 'xL3JL9J'}
| | | | | | +-- , 13 , {15} , {'xL6JL3J', 'xL2JL8J', 'xL4JL5J', 'xL1JL7J', 'xL1JL9J', 'xL2JL5J', 'xL6JL2J', 'xL2JL9J', 'xL2JL6J', 'xL6JL1J', 'xL1JL8J', 'xL1JL6J', 'xL3JL5J', 'xL2JL7J'}
| | | | | | | +-- , 15 , {17} , {'xL6JL3J', 'xL4JL5J', 'xL2JL6J', 'xL3JL6J', 'xL6JL1J', 'xL1JL6J', 'xL3JL5J', 'xL6JL2J'}
| | | | | | | | +-- , 17 , {19} , {'xL6JL3J', 'xL4JL5J', 'xL3JL6J', 'xL4JL4J', 'xL6JL2J', 'xL3JL4J', 'xL3JL3J', 'xL3JL1J', 'xL6JL1J', 'xL3JL2J', 'xL3JL5J', 'xL4JL3J'}
| | | | | | | | | +-- , 19 , {21, 29} , {'xL6JL3J', 'xL3JL1J', 'xL6JL1J', 'xL3JL2J', 'xL2JL3J', 'xL5JL3J', 'xL1JL3J', 'xL6JL2J', 'xL4JL3J', 'xL3JL3J'}
| | | | | | | | | | +-- , 21 , {23} , {'xL5JL2J', 'xL6JL1J', 'xL5JL3J', 'xL6JL2J', 'xL5JL1J'}
| | | | | | | | | | | +-- , 23 , {25} , {'xL5JL1J', 'xL8JL2J', 'xL5JL2J', 'xL8JL1J', 'xL7JL2J', 'xL6JL1J', 'xL6JL2J', 'xL7JL1J', 'xL9JL2J'}
| | | | | | | | | | | | +-- , 25 , {27} , {'xL8JL3J', 'xL8JL2J', 'xL8JL1J', 'xL9JL2J'}
| | | | | | | | | | | | | +-- , 27 , set() , {'xL8JL3J', 'xL9JL2J', 'xL9JL3J'}
| | | | | | | | | | +-- , 29 , {31} , {'xL1JL2J', 'xL3JL1J', 'xL2JL1J', 'xL3JL2J', 'xL2JL3J', 'xL1JL3J'}
| | | | | | | | | | | +-- , 31 , set() , {'xL1JL2J', 'xL2JL1J', 'xL2JL2J', 'xL3JL2J', 'xL2JL3J'}


Max number of edges with non zero Y: 4
Max number of iterations of outer rounding loop: 0
Max number of candidate sets: 0
Time spent rounding: 0.000
Time spent solving Separator LP: 80.504
Total time spent solving: 83.302

LP Solver: GaifmanNormalILP
Lower Bound Witness = ({'xL8JL13J', 'xL7JL11J', 'xL4JL4J', 'xL4JL10J', 'xL2JL5J', 'xL9JL12J', 'xL2JL9J', 'xL9JL11J', 'xL2JL6J', 'xL5JL13J', 'xL5JL3J', 'xL4JL3J', 'xL7JL13J', 'xL1JL2J', 'xL1JL12J', 'xL1JL7J', 'xL3JL3J', 'xL8JL3J', 'xL7JL2J', 'xL4JL7J', 'xL5JL1J', 'xL3JL12J', 'xL8JL5J', 'xL8JL9J', 'xL8JL6J', 'xL2JL3J', 'xL5JL8J', 'xL6JL4J', 'xL9JL7J', 'xL3JL2J', 'xL1JL6J', 'xL6JL7J', 'xL3JL13J', 'xL7JL9J', 'xL8JL2J', 'xL5JL5J', 'xL6JL9J', 'xL3JL4J', 'xL6JL11J', 'xL5JL12J', 'xL8JL12J', 'xL6JL1J', 'xL4JL11J', 'xL2JL7J', 'xL5JL6J', 'xL3JL8J', 'xL4JL5J', 'xL2JL12J', 'xL2JL2J', 'xL9JL6J', 'xL7JL1J', 'xL8JL11J', 'xL7JL8J', 'xL3JL5J', 'xL1JL9J', 'xL8JL1J', 'xL5JL7J', 'xL2JL8J', 'xL3JL6J', 'xL1JL11J', 'xL4JL8J', 'xL9JL5J', 'xL1JL8J', 'xL5JL2J', 'xL8JL7J', 'xL2JL1J', 'xL7JL10J', 'xL9JL3J', 'xL8JL8J', 'xL6JL6J', 'xL9JL8J', 'xL2JL13J', 'xL3JL10J', 'xL6JL10J', 'xL3JL1J', 'xL4JL13J', 'xL7JL5J', 'xL5JL9J', 'xL7JL12J', 'xL6JL3J', 'xL2JL11J', 'xL7JL4J', 'xL6JL2J', 'xL9JL2J', 'xL4JL12J', 'xL5JL11J', 'xL7JL6J', 'xL1JL3J', 'xL3JL9J'}, {'xL4JL5J', 'xL8JL13J', 'xL8JL7J', 'xL2JL5J', 'xL2JL7J', 'xL2JL3J', 'xL9JL3J', 'xL7JL1J', 'xL9JL8J', 'xL2JL13J', 'xL6JL10J', 'xL5JL13J', 'xL7JL5J', 'xL8JL1J', 'xL6JL7J', 'xL3JL13J', 'xL5JL9J', 'xL7JL12J', 'xL1JL7J', 'xL7JL4J', 'xL6JL2J', 'xL6JL11J', 'xL1JL11J', 'xL4JL12J', 'xL8JL3J', 'xL7JL6J', 'xL8JL12J', 'xL3JL9J', 'xL5JL1J', 'xL3JL12J'})