38, 3.83461409009154, 6.0, 6
+-- , 0 , {5, 45} , {'X11:5', 'X0:12', 'X7:7', 'X6:8', 'X13:5', 'X9:7', 'X3:9', 'X11:7', 'X2:10', 'X1:11', 'X8:6', 'X5:7', 'X12:6', 'X4:8', 'X14:6', 'X14:4', 'X10:6', 'X1:9', 'X2:8', 'X0:10'}
| +-- , 5 , {7} , {'X6:6', 'X11:5', 'X3:7', 'X6:8', 'X7:7', 'X13:5', 'X9:7', 'X3:9', 'X8:6', 'X5:7', 'X13:3', 'X12:6', 'X4:8', 'X12:4', 'X14:4', 'X10:6', 'X1:9', 'X2:8', 'X0:10'}
| | +-- , 7 , {9} , {'X6:6', 'X3:7', 'X11:5', 'X7:7', 'X9:7', 'X5:5', 'X8:6', 'X5:7', 'X13:3', 'X4:6', 'X4:8', 'X12:4', 'X14:4', 'X10:6', 'X1:9', 'X2:8', 'X0:10'}
| | | +-- , 9 , {11} , {'X6:6', 'X3:7', 'X11:5', 'X7:7', 'X9:7', 'X10:4', 'X5:5', 'X8:6', 'X13:3', 'X4:6', 'X12:4', 'X14:4', 'X9:5', 'X10:6', 'X1:9', 'X2:8', 'X0:10'}
| | | | +-- , 11 , {13} , {'X6:6', 'X11:5', 'X3:7', 'X3:5', 'X7:7', 'X0:8', 'X10:4', 'X5:5', 'X8:6', 'X7:5', 'X13:3', 'X4:6', 'X12:4', 'X4:4', 'X9:5', 'X14:4', 'X1:9', 'X2:8', 'X0:10'}
| | | | | +-- , 13 , {15} , {'X2:6', 'X6:6', 'X3:7', 'X11:5', 'X3:5', 'X5:3', 'X1:7', 'X0:8', 'X10:4', 'X5:5', 'X8:6', 'X7:5', 'X13:3', 'X4:6', 'X6:4', 'X4:4', 'X12:4', 'X9:5', 'X14:4', 'X1:9', 'X2:8'}
| | | | | | +-- , 15 , {17} , {'X0:6', 'X2:6', 'X11:5', 'X3:5', 'X5:3', 'X1:7', 'X0:8', 'X2:4', 'X10:4', 'X14:2', 'X8:6', 'X7:5', 'X1:5', 'X8:4', 'X13:3', 'X6:4', 'X4:4', 'X12:4', 'X9:5', 'X14:4', 'X11:3'}
| | | | | | | +-- , 17 , {19} , {'X0:6', 'X3:5', 'X5:3', 'X3:3', 'X2:4', 'X10:4', 'X14:2', 'X0:4', 'X7:5', 'X8:4', 'X1:5', 'X13:3', 'X6:4', 'X4:4', 'X13:1', 'X9:5', 'X12:4', 'X12:2', 'X11:3'}
| | | | | | | | +-- , 19 , {21} , {'X4:2', 'X5:3', 'X1:3', 'X3:3', 'X2:4', 'X10:4', 'X14:2', 'X10:2', 'X0:4', 'X7:5', 'X8:4', 'X1:5', 'X9:3', 'X6:4', 'X4:4', 'X13:1', 'X9:5', 'X12:2', 'X11:3'}
| | | | | | | | | +-- , 21 , {23} , {'X4:2', 'X5:3', 'X1:3', 'X3:3', 'X2:4', 'X14:2', 'X10:2', 'X7:5', 'X0:4', 'X8:4', 'X9:3', 'X6:4', 'X13:1', 'X7:3', 'X12:2', 'X11:3'}
| | | | | | | | | | +-- , 23 , {25} , {'X4:2', 'X5:3', 'X1:3', 'X3:3', 'X2:4', 'X14:2', 'X10:2', 'X0:4', 'X8:4', 'X9:3', 'X8:2', 'X6:4', 'X13:1', 'X7:3', 'X12:2', 'X11:3'}
| | | | | | | | | | | +-- , 25 , {27} , {'X4:2', 'X5:3', 'X1:3', 'X2:2', 'X3:3', 'X2:4', 'X3:1', 'X14:2', 'X10:2', 'X0:4', 'X9:3', 'X6:2', 'X8:2', 'X11:1', 'X6:4', 'X13:1', 'X7:3', 'X12:2', 'X11:3'}
| | | | | | | | | | | | +-- , 27 , {41, 29} , {'X4:2', 'X5:3', 'X1:3', 'X2:2', 'X10:0', 'X3:1', 'X14:2', 'X10:2', 'X0:4', 'X9:3', 'X6:2', 'X8:2', 'X11:1', 'X13:1', 'X9:1', 'X7:3', 'X12:2'}
| | | | | | | | | | | | | +-- , 41 , {43} , {'X12:0', 'X11:1', 'X13:1', 'X12:2', 'X10:0', 'X14:2'}
| | | | | | | | | | | | | | +-- , 43 , set() , {'X14:2', 'X13:1', 'X12:0', 'X14:0'}
| | | | | | | | | | | | | +-- , 29 , {31} , {'X4:2', 'X8:0', 'X1:3', 'X2:2', 'X5:3', 'X10:0', 'X3:1', 'X0:4', 'X6:2', 'X8:2', 'X7:1', 'X9:1', 'X7:3'}
| | | | | | | | | | | | | | +-- , 31 , {33} , {'X4:2', 'X8:0', 'X1:3', 'X2:2', 'X5:3', 'X3:1', 'X0:2', 'X0:4', 'X6:2', 'X7:1'}
| | | | | | | | | | | | | | | +-- , 33 , {35} , {'X4:2', 'X8:0', 'X1:3', 'X2:2', 'X5:3', 'X3:1', 'X0:2', 'X6:2', 'X7:1', 'X6:0'}
| | | | | | | | | | | | | | | | +-- , 35 , {37, 39} , {'X5:1', 'X4:2', 'X6:2', 'X5:3', 'X1:3', 'X2:2', 'X1:1', 'X7:1', 'X2:0', 'X3:1', 'X6:0', 'X0:2'}
| | | | | | | | | | | | | | | | | +-- , 37 , set() , {'X0:0', 'X2:0', 'X1:1', 'X0:2'}
| | | | | | | | | | | | | | | | | +-- , 39 , set() , {'X5:1', 'X4:2', 'X4:0', 'X2:0', 'X3:1', 'X6:0'}
| +-- , 45 , {47} , {'X3:11', 'X0:12', 'X6:8', 'X7:7', 'X13:5', 'X9:7', 'X3:9', 'X11:7', 'X2:10', 'X8:6', 'X8:8', 'X5:7', 'X12:6', 'X13:7', 'X4:8', 'X14:6', 'X5:9', 'X10:6', 'X4:10', 'X1:11'}
| | +-- , 47 , {49} , {'X10:8', 'X3:11', 'X6:8', 'X7:7', 'X0:12', 'X9:7', 'X11:7', 'X2:10', 'X8:8', 'X6:10', 'X12:6', 'X13:7', 'X14:6', 'X7:9', 'X5:9', 'X10:6', 'X4:10', 'X1:11'}
| | | +-- , 49 , {51} , {'X10:8', 'X3:11', 'X0:12', 'X9:7', 'X11:7', 'X2:10', 'X8:8', 'X6:10', 'X9:9', 'X12:6', 'X2:12', 'X1:13', 'X13:7', 'X14:6', 'X7:9', 'X5:9', 'X4:10', 'X1:11'}
| | | | +-- , 51 , {53} , {'X4:12', 'X10:8', 'X0:12', 'X3:11', 'X5:11', 'X0:14', 'X11:7', 'X8:8', 'X6:10', 'X12:8', 'X11:9', 'X12:6', 'X9:9', 'X2:12', 'X13:7', 'X1:13', 'X14:6', 'X7:9', 'X8:10', 'X3:13', 'X5:9', 'X4:10'}
| | | | | +-- , 53 , {55} , {'X4:12', 'X14:8', 'X10:8', 'X0:14', 'X5:11', 'X6:10', 'X12:8', 'X11:9', 'X9:9', 'X2:12', 'X1:13', 'X13:7', 'X14:6', 'X7:9', 'X8:10', 'X3:13'}
| | | | | | +-- , 55 , {57} , {'X4:12', 'X14:8', 'X10:8', 'X0:14', 'X5:11', 'X13:9', 'X6:10', 'X10:10', 'X12:8', 'X11:9', 'X9:9', 'X2:12', 'X1:13', 'X13:7', 'X7:9', 'X8:10', 'X3:13'}
| | | | | | | +-- , 57 , {59} , {'X4:12', 'X14:8', 'X0:14', 'X5:11', 'X13:9', 'X6:12', 'X6:10', 'X10:10', 'X12:8', 'X11:9', 'X2:14', 'X9:9', 'X2:12', 'X1:13', 'X7:9', 'X8:10', 'X3:13', 'X7:11'}
| | | | | | | | +-- , 59 , {61} , {'X4:12', 'X14:8', 'X5:11', 'X8:12', 'X9:11', 'X13:9', 'X5:13', 'X6:12', 'X10:10', 'X12:8', 'X11:9', 'X2:14', 'X9:9', 'X8:10', 'X3:13', 'X7:11'}
| | | | | | | | | +-- , 61 , {63} , {'X4:12', 'X14:8', 'X8:12', 'X9:11', 'X13:9', 'X5:13', 'X6:12', 'X10:10', 'X12:8', 'X11:9', 'X2:14', 'X3:13', 'X4:14', 'X7:11'}
| | | | | | | | | | +-- , 63 , {65} , {'X14:8', 'X12:10', 'X7:13', 'X8:12', 'X9:11', 'X13:9', 'X5:13', 'X6:12', 'X10:10', 'X12:8', 'X11:9', 'X4:14', 'X6:14', 'X7:11'}
| | | | | | | | | | | +-- , 65 , {67} , {'X14:8', 'X12:10', 'X7:13', 'X8:12', 'X9:11', 'X13:9', 'X10:10', 'X11:9', 'X11:11', 'X6:14'}
| | | | | | | | | | | | +-- , 67 , {69} , {'X14:8', 'X12:10', 'X8:14', 'X7:13', 'X8:12', 'X9:11', 'X13:9', 'X10:10', 'X11:11', 'X6:14'}
| | | | | | | | | | | | | +-- , 69 , {71} , {'X14:8', 'X13:11', 'X12:10', 'X12:12', 'X8:14', 'X7:13', 'X10:12', 'X8:12', 'X14:10', 'X9:11', 'X13:9', 'X10:10', 'X9:13', 'X11:11'}
| | | | | | | | | | | | | | +-- , 71 , {73} , {'X9:13', 'X14:12', 'X11:13', 'X13:11', 'X12:12', 'X8:14', 'X11:11', 'X10:12', 'X14:10'}
| | | | | | | | | | | | | | | +-- , 73 , {75} , {'X9:13', 'X14:12', 'X11:13', 'X13:11', 'X13:13', 'X12:12', 'X10:14', 'X8:14', 'X10:12'}
| | | | | | | | | | | | | | | | +-- , 75 , {77} , {'X12:14', 'X11:13', 'X14:12', 'X13:13', 'X12:12', 'X10:14'}
| | | | | | | | | | | | | | | | | +-- , 77 , set() , {'X12:14', 'X14:12', 'X14:14', 'X13:13'}


Max number of edges with non zero Y: 69
Max number of iterations of outer rounding loop: 3
Max number of candidate sets: 2
Time spent rounding: 9.422
Time spent solving Separator LP: 6.470
Total time spent solving: 19.151

LP Solver: GaifmanBoosted
Lower Bound Witness = ({'X1:7', 'X8:8', 'X6:12', 'X6:10', 'X10:10', 'X5:7', 'X2:12', 'X13:7', 'X4:6', 'X6:14', 'X7:11', 'X0:6', 'X0:14', 'X0:8', 'X10:12', 'X2:10', 'X8:12', 'X5:5', 'X0:2', 'X11:13', 'X9:9', 'X1:13', 'X2:0', 'X11:3', 'X4:12', 'X14:8', 'X3:7', 'X3:11', 'X6:8', 'X2:2', 'X13:13', 'X10:14', 'X8:6', 'X1:5', 'X5:1', 'X11:9', 'X13:3', 'X6:2', 'X5:9', 'X7:3', 'X4:14', 'X2:8', 'X6:6', 'X4:2', 'X3:5', 'X13:5', 'X9:7', 'X11:7', 'X14:10', 'X0:0', 'X10:0', 'X14:2', 'X14:12', 'X14:6', 'X14:4', 'X12:2', 'X10:6', 'X4:10', 'X14:14', 'X11:5', 'X10:4', 'X9:11', 'X0:4', 'X11:1', 'X4:4', 'X9:5', 'X14:0', 'X10:8', 'X7:7', 'X5:3', 'X3:3', 'X8:14', 'X3:9', 'X1:1', 'X10:2', 'X5:13', 'X2:14', 'X9:13', 'X12:6', 'X8:10', 'X12:4', 'X9:1', 'X7:1', 'X1:11', 'X0:10', 'X0:12', 'X8:0', 'X12:0', 'X12:12', 'X2:4', 'X13:9', 'X7:5', 'X8:4', 'X12:14', 'X12:8', 'X9:3', 'X3:13', 'X13:1', 'X11:11', 'X1:9', 'X6:0', 'X2:6', 'X5:11', 'X1:3', 'X13:11', 'X12:10', 'X7:13', 'X3:1', 'X4:8', 'X8:2', 'X7:9', 'X4:0', 'X6:4'}, {'X4:12', 'X3:7', 'X6:8', 'X8:0', 'X2:2', 'X1:7', 'X12:0', 'X13:9', 'X8:6', 'X8:8', 'X6:12', 'X0:4', 'X12:14', 'X5:1', 'X13:3', 'X9:3', 'X4:6', 'X6:2', 'X4:4', 'X13:1', 'X5:9', 'X11:11', 'X14:0', 'X1:9', 'X4:14', 'X6:0', 'X0:6', 'X5:11', 'X1:3', 'X12:10', 'X1:1', 'X11:7', 'X7:13', 'X2:10', 'X8:12', 'X0:0', 'X14:10', 'X10:2', 'X5:13', 'X14:2', 'X2:14', 'X9:13', 'X14:12', 'X12:6', 'X1:13', 'X8:2', 'X14:6', 'X4:0', 'X6:4', 'X12:4', 'X7:1', 'X1:11', 'X14:14'})