60, 0.9999998333333332, 3.0, 3
+-- , 0 , {3, 92} , {'xL6JL3J', 'xL6JL5J', 'xL6JL7J', 'xL6JL4J'}
| +-- , 3 , {5} , {'xL7JL7J', 'xL6JL7J', 'xL8JL7J', 'xL6JL5J', 'xL9JL7J'}
| | +-- , 5 , {90, 7} , {'xL7JL7J', 'xL9JL5J', 'xL8JL7J', 'xL6JL5J', 'xL9JL7J', 'xL8JL5J', 'xL7JL5J'}
| | | +-- , 90 , set() , {'xL7JL6J', 'xL7JL7J', 'xL8JL7J', 'xL8JL6J', 'xL8JL5J', 'xL7JL5J'}
| | | +-- , 7 , {9} , {'xL9JL3J', 'xL9JL4J', 'xL9JL5J', 'xL9JL2J', 'xL9JL7J'}
| | | | +-- , 9 , {11} , {'xL9JL3J', 'xL9JL10J', 'xL9JL8J', 'xL9JL4J', 'xL9JL2J', 'xL9JL7J', 'xL9JL9J'}
| | | | | +-- , 11 , {74, 13} , {'xL9JL3J', 'xL9JL10J', 'xL9JL8J', 'xL9JL4J', 'xL12JL7J', 'xL9JL2J', 'xL14JL7J', 'xL13JL7J', 'xL9JL9J'}
| | | | | | +-- , 74 , {76} , {'xL9JL10J', 'xL11JL7J', 'xL9JL8J', 'xL12JL7J', 'xL14JL7J', 'xL13JL7J', 'xL9JL9J'}
| | | | | | | +-- , 76 , {78} , {'xL9JL10J', 'xL11JL7J', 'xL9JL8J', 'xL11JL9J', 'xL11JL10J', 'xL11JL8J', 'xL9JL9J'}
| | | | | | | | +-- , 78 , {80, 84} , {'xL9JL10J', 'xL12JL9J', 'xL9JL8J', 'xL11JL9J', 'xL11JL10J', 'xL11JL8J', 'xL9JL9J'}
| | | | | | | | | +-- , 80 , {82} , {'xL11JL10J', 'xL12JL11J', 'xL12JL9J', 'xL13JL10J', 'xL12JL10J'}
| | | | | | | | | | +-- , 82 , set() , {'xL13JL10J', 'xL13JL11J', 'xL12JL11J'}
| | | | | | | | | +-- , 84 , {86} , {'xL8JL10J', 'xL9JL10J', 'xL7JL10J', 'xL12JL9J', 'xL9JL8J', 'xL11JL9J', 'xL10JL9J', 'xL10JL8J', 'xL8JL9J', 'xL11JL8J', 'xL9JL9J'}
| | | | | | | | | | +-- , 86 , {88} , {'xL8JL10J', 'xL7JL10J', 'xL8JL11J', 'xL8JL9J'}
| | | | | | | | | | | +-- , 88 , set() , {'xL7JL11J', 'xL7JL10J', 'xL8JL11J'}
| | | | | | +-- , 13 , {72, 15} , {'xL9JL3J', 'xL12JL5J', 'xL9JL4J', 'xL12JL7J', 'xL13JL5J', 'xL9JL2J', 'xL14JL7J', 'xL13JL7J'}
| | | | | | | +-- , 72 , set() , {'xL13JL6J', 'xL12JL5J', 'xL12JL7J', 'xL13JL5J', 'xL12JL6J', 'xL13JL7J'}
| | | | | | | +-- , 15 , {17, 54} , {'xL9JL3J', 'xL11JL5J', 'xL12JL5J', 'xL14JL5J', 'xL14JL9J', 'xL9JL4J', 'xL13JL5J', 'xL9JL2J', 'xL14JL8J', 'xL14JL7J'}
| | | | | | | | +-- , 17 , {19} , {'xL14JL5J', 'xL14JL9J', 'xL14JL3J', 'xL14JL8J', 'xL14JL4J'}
| | | | | | | | | +-- , 19 , {33, 21} , {'xL18JL7J', 'xL19JL7J', 'xL14JL9J', 'xL14JL3J', 'xL14JL8J', 'xL14JL4J'}
| | | | | | | | | | +-- , 33 , {35} , {'xL16JL7J', 'xL18JL7J', 'xL19JL7J', 'xL14JL3J', 'xL14JL4J', 'xL17JL7J'}
| | | | | | | | | | | +-- , 35 , {48, 37} , {'xL16JL7J', 'xL14JL3J', 'xL19JL2J', 'xL17JL2J', 'xL14JL4J', 'xL18JL2J', 'xL17JL7J'}
| | | | | | | | | | | | +-- , 48 , {50} , {'xL15JL2J', 'xL16JL2J', 'xL14JL3J', 'xL19JL2J', 'xL17JL2J', 'xL14JL4J', 'xL18JL2J'}
| | | | | | | | | | | | | +-- , 50 , {52} , {'xL15JL2J', 'xL16JL2J', 'xL14JL3J', 'xL16JL1J', 'xL14JL4J'}
| | | | | | | | | | | | | | +-- , 52 , set() , {'xL15JL2J', 'xL15JL3J', 'xL14JL3J', 'xL16JL1J', 'xL14JL4J', 'xL15JL4J', 'xL15JL1J'}
| | | | | | | | | | | | +-- , 37 , {44, 39} , {'xL16JL7J', 'xL19JL5J', 'xL19JL2J', 'xL18JL5J', 'xL17JL2J', 'xL18JL2J', 'xL17JL7J'}
| | | | | | | | | | | | | +-- , 44 , {46} , {'xL16JL7J', 'xL17JL5J', 'xL19JL5J', 'xL18JL5J', 'xL16JL5J', 'xL17JL7J'}
| | | | | | | | | | | | | | +-- , 46 , set() , {'xL16JL7J', 'xL17JL5J', 'xL17JL6J', 'xL16JL5J', 'xL16JL6J', 'xL17JL7J'}
| | | | | | | | | | | | | +-- , 39 , {42} , {'xL18JL3J', 'xL18JL4J', 'xL19JL1J', 'xL18JL1J', 'xL19JL3J', 'xL19JL5J', 'xL19JL2J', 'xL18JL5J', 'xL17JL2J', 'xL19JL4J', 'xL18JL2J'}
| | | | | | | | | | | | | | +-- , 42 , set() , {'xL18JL3J', 'xL17JL3J', 'xL19JL3J', 'xL17JL2J'}
| | | | | | | | | | +-- , 21 , {23, 31} , {'xL15JL11J', 'xL18JL7J', 'xL19JL7J', 'xL14JL9J', 'xL14JL8J', 'xL15JL10J'}
| | | | | | | | | | | +-- , 23 , {26} , {'xL16JL10J', 'xL15JL11J', 'xL18JL10J', 'xL18JL7J', 'xL19JL7J', 'xL19JL10J', 'xL17JL10J', 'xL16JL11J', 'xL15JL10J'}
| | | | | | | | | | | | +-- , 26 , {29} , {'xL18JL10J', 'xL18JL9J', 'xL19JL7J', 'xL18JL7J', 'xL19JL11J', 'xL18JL8J', 'xL19JL8J', 'xL19JL10J', 'xL17JL10J', 'xL18JL11J', 'xL19JL9J'}
| | | | | | | | | | | | | +-- , 29 , set() , {'xL17JL10J', 'xL17JL9J', 'xL18JL9J', 'xL19JL9J'}
| | | | | | | | | | | +-- , 31 , set() , {'xL15JL8J', 'xL15JL11J', 'xL14JL9J', 'xL14JL8J', 'xL15JL10J', 'xL15JL9J'}
| | | | | | | | +-- , 54 , {56} , {'xL9JL3J', 'xL11JL5J', 'xL9JL4J', 'xL11JL2J', 'xL9JL2J', 'xL11JL4J', 'xL11JL3J'}
| | | | | | | | | +-- , 56 , {58, 62} , {'xL9JL3J', 'xL9JL4J', 'xL11JL2J', 'xL9JL2J', 'xL11JL4J', 'xL8JL3J', 'xL11JL3J'}
| | | | | | | | | | +-- , 58 , {60} , {'xL9JL2J', 'xL8JL3J', 'xL8JL1J', 'xL8JL2J'}
| | | | | | | | | | | +-- , 60 , set() , {'xL9JL2J', 'xL7JL2J', 'xL8JL1J', 'xL7JL1J', 'xL8JL2J'}
| | | | | | | | | | +-- , 62 , {64, 70} , {'xL9JL3J', 'xL9JL4J', 'xL11JL2J', 'xL11JL4J', 'xL10JL3J', 'xL8JL3J', 'xL12JL3J', 'xL11JL3J'}
| | | | | | | | | | | +-- , 64 , {66} , {'xL12JL2J', 'xL13JL2J', 'xL12JL3J', 'xL11JL2J'}
| | | | | | | | | | | | +-- , 66 , {68} , {'xL12JL2J', 'xL13JL2J', 'xL12JL3J', 'xL12JL1J'}
| | | | | | | | | | | | | +-- , 68 , set() , {'xL13JL2J', 'xL13JL1J', 'xL12JL1J'}
| | | | | | | | | | | +-- , 70 , set() , {'xL9JL4J', 'xL10JL4J', 'xL11JL4J', 'xL10JL3J'}
| +-- , 92 , {94} , {'xL6JL3J', 'xL6JL8J', 'xL6JL7J', 'xL6JL4J', 'xL6JL9J'}
| | +-- , 94 , {96, 107} , {'xL6JL3J', 'xL6JL8J', 'xL6JL4J', 'xL6JL9J', 'xL1JL7J', 'xL2JL7J'}
| | | +-- , 96 , {98, 101} , {'xL6JL8J', 'xL2JL10J', 'xL2JL7J', 'xL6JL9J', 'xL1JL7J', 'xL3JL10J', 'xL1JL10J'}
| | | | +-- , 98 , set() , {'xL1JL10J', 'xL2JL10J', 'xL2JL8J', 'xL1JL8J', 'xL2JL9J', 'xL2JL11J', 'xL3JL10J', 'xL3JL9J', 'xL1JL11J', 'xL1JL9J', 'xL1JL7J', 'xL2JL7J'}
| | | | +-- , 101 , {103} , {'xL6JL8J', 'xL2JL10J', 'xL5JL10J', 'xL6JL9J', 'xL4JL10J', 'xL3JL10J', 'xL1JL10J'}
| | | | | +-- , 103 , {105} , {'xL6JL8J', 'xL4JL11J', 'xL5JL10J', 'xL6JL9J', 'xL4JL10J'}
| | | | | | +-- , 105 , set() , {'xL6JL8J', 'xL5JL9J', 'xL4JL11J', 'xL5JL10J', 'xL6JL9J', 'xL5JL8J', 'xL5JL11J'}
| | | +-- , 107 , {109} , {'xL6JL3J', 'xL4JL7J', 'xL3JL7J', 'xL6JL4J', 'xL1JL7J', 'xL2JL7J'}
| | | | +-- , 109 , {122, 111} , {'xL6JL3J', 'xL2JL5J', 'xL4JL7J', 'xL6JL4J', 'xL3JL7J', 'xL1JL5J'}
| | | | | +-- , 122 , {124} , {'xL2JL5J', 'xL3JL5J', 'xL4JL7J', 'xL3JL7J', 'xL1JL5J', 'xL4JL5J'}
| | | | | | +-- , 124 , set() , {'xL4JL6J', 'xL3JL5J', 'xL4JL7J', 'xL3JL7J', 'xL4JL5J', 'xL3JL6J'}
| | | | | +-- , 111 , {113, 116} , {'xL6JL3J', 'xL2JL5J', 'xL1JL2J', 'xL6JL4J', 'xL1JL5J', 'xL3JL2J', 'xL2JL2J'}
| | | | | | +-- , 113 , set() , {'xL2JL5J', 'xL1JL2J', 'xL3JL3J', 'xL2JL1J', 'xL2JL4J', 'xL1JL1J', 'xL1JL3J', 'xL1JL4J', 'xL1JL5J', 'xL3JL2J', 'xL2JL3J', 'xL2JL2J'}
| | | | | | +-- , 116 , {118} , {'xL6JL3J', 'xL5JL2J', 'xL1JL2J', 'xL6JL4J', 'xL3JL2J', 'xL2JL2J', 'xL4JL2J'}
| | | | | | | +-- , 118 , {120} , {'xL6JL3J', 'xL5JL2J', 'xL5JL3J', 'xL6JL4J', 'xL4JL2J'}
| | | | | | | | +-- , 120 , set() , {'xL5JL2J', 'xL4JL1J', 'xL6JL4J', 'xL5JL3J', 'xL5JL4J', 'xL4JL2J', 'xL5JL1J'}


Max number of edges with non zero Y: 4
Max number of iterations of outer rounding loop: 2
Max number of candidate sets: 2
Time spent rounding: 35.187
Time spent solving Separator LP: 3.646
Total time spent solving: 51.701

LP Solver: GaifmanNormal
Lower Bound Witness = ({'xL2JL9J', 'xL3JL3J', 'xL14JL7J', 'xL19JL4J', 'xL8JL1J', 'xL15JL4J', 'xL7JL5J', 'xL10JL8J', 'xL18JL3J', 'xL18JL10J', 'xL9JL4J', 'xL19JL10J', 'xL16JL1J', 'xL3JL9J', 'xL8JL6J', 'xL19JL9J', 'xL9JL9J', 'xL16JL6J', 'xL19JL11J', 'xL1JL8J', 'xL12JL7J', 'xL14JL8J', 'xL11JL10J', 'xL12JL3J', 'xL1JL3J', 'xL11JL3J', 'xL4JL6J', 'xL7JL11J', 'xL12JL10J', 'xL11JL4J', 'xL8JL11J', 'xL6JL9J', 'xL1JL9J', 'xL3JL2J', 'xL4JL5J', 'xL2JL2J', 'xL1JL11J', 'xL5JL1J', 'xL15JL11J', 'xL2JL5J', 'xL2JL8J', 'xL14JL3J', 'xL9JL2J', 'xL10JL3J', 'xL10JL9J', 'xL2JL4J', 'xL14JL5J', 'xL12JL9J', 'xL9JL8J', 'xL15JL2J', 'xL6JL4J', 'xL5JL10J', 'xL1JL5J', 'xL17JL6J', 'xL11JL9J', 'xL16JL11J', 'xL11JL8J', 'xL6JL3J', 'xL13JL2J', 'xL5JL9J', 'xL17JL9J', 'xL8JL7J', 'xL13JL5J', 'xL6JL5J', 'xL8JL9J', 'xL3JL10J', 'xL1JL1J', 'xL1JL4J', 'xL7JL7J', 'xL18JL1J', 'xL9JL5J', 'xL16JL2J', 'xL18JL5J', 'xL19JL1J', 'xL15JL10J', 'xL2JL7J', 'xL5JL11J', 'xL8JL10J', 'xL19JL7J', 'xL13JL11J', 'xL19JL2J', 'xL2JL1J', 'xL7JL2J', 'xL18JL2J', 'xL7JL1J', 'xL16JL10J', 'xL13JL6J', 'xL3JL5J', 'xL4JL7J', 'xL3JL7J', 'xL16JL5J', 'xL9JL3J', 'xL15JL8J', 'xL7JL10J', 'xL9JL7J', 'xL12JL6J', 'xL18JL11J', 'xL4JL2J', 'xL7JL6J', 'xL8JL2J', 'xL18JL7J', 'xL18JL4J', 'xL9JL10J', 'xL19JL8J', 'xL4JL11J', 'xL17JL10J', 'xL8JL5J', 'xL1JL7J', 'xL14JL4J', 'xL5JL3J', 'xL3JL6J', 'xL15JL9J', 'xL10JL4J', 'xL2JL10J', 'xL6JL7J', 'xL15JL3J', 'xL11JL2J', 'xL1JL2J', 'xL5JL4J', 'xL13JL7J', 'xL16JL7J', 'xL6JL8J', 'xL12JL5J', 'xL13JL10J', 'xL19JL5J', 'xL12JL2J', 'xL12JL11J', 'xL11JL7J', 'xL15JL1J', 'xL11JL5J', 'xL14JL9J', 'xL5JL2J', 'xL4JL1J', 'xL13JL1J', 'xL17JL3J', 'xL2JL11J', 'xL17JL2J', 'xL4JL10J', 'xL12JL1J', 'xL17JL5J', 'xL18JL9J', 'xL18JL8J', 'xL19JL3J', 'xL8JL3J', 'xL5JL8J', 'xL2JL3J', 'xL17JL7J', 'xL1JL10J'}, {'xL6JL8J', 'xL18JL7J', 'xL5JL9J', 'xL15JL11J', 'xL9JL10J', 'xL18JL8J', 'xL1JL4J', 'xL4JL1J', 'xL6JL4J', 'xL19JL5J', 'xL19JL3J', 'xL3JL7J', 'xL14JL7J', 'xL2JL1J', 'xL5JL11J'})