64, 2.999999318337905, 4.0, 4
+-- , 0 , {3, 83, 118} , {'xL11JL7J', 'xL5JL2J', 'xL6JL7J', 'xL5JL4J', 'xL9JL7J', 'xL5JL3J', 'xL5JL1J'}
| +-- , 3 , {5} , {'xL7JL7J', 'xL6JL7J', 'xL8JL7J', 'xL5JL4J', 'xL9JL7J', 'xL5JL3J', 'xL11JL7J'}
| | +-- , 5 , {7} , {'xL12JL7J', 'xL5JL3J', 'xL7JL7J', 'xL8JL7J', 'xL14JL7J', 'xL5JL4J', 'xL13JL7J', 'xL11JL7J'}
| | | +-- , 7 , {9, 11} , {'xL7JL7J', 'xL12JL7J', 'xL8JL7J', 'xL14JL7J', 'xL13JL7J', 'xL5JL4J', 'xL6JL5J', 'xL5JL3J'}
| | | | +-- , 9 , set() , {'xL6JL3J', 'xL6JL4J', 'xL5JL4J', 'xL6JL5J', 'xL5JL3J'}
| | | | +-- , 11 , {81, 13} , {'xL12JL7J', 'xL9JL5J', 'xL7JL7J', 'xL8JL7J', 'xL14JL7J', 'xL6JL5J', 'xL8JL5J', 'xL7JL5J', 'xL13JL7J'}
| | | | | +-- , 81 , set() , {'xL7JL6J', 'xL7JL7J', 'xL8JL7J', 'xL8JL6J', 'xL8JL5J', 'xL7JL5J'}
| | | | | +-- , 13 , {15} , {'xL9JL3J', 'xL12JL7J', 'xL9JL4J', 'xL9JL5J', 'xL14JL7J', 'xL9JL2J', 'xL13JL7J'}
| | | | | | +-- , 15 , {17, 63} , {'xL9JL3J', 'xL11JL5J', 'xL9JL4J', 'xL12JL7J', 'xL9JL2J', 'xL14JL7J', 'xL13JL7J'}
| | | | | | | +-- , 17 , {19, 21} , {'xL11JL5J', 'xL12JL5J', 'xL14JL5J', 'xL12JL7J', 'xL13JL5J', 'xL14JL7J', 'xL13JL7J'}
| | | | | | | | +-- , 19 , set() , {'xL13JL6J', 'xL12JL5J', 'xL12JL7J', 'xL13JL5J', 'xL12JL6J', 'xL13JL7J'}
| | | | | | | | +-- , 21 , {23} , {'xL14JL8J', 'xL14JL5J', 'xL14JL9J', 'xL14JL7J'}
| | | | | | | | | +-- , 23 , {25} , {'xL14JL5J', 'xL14JL9J', 'xL14JL3J', 'xL14JL8J', 'xL14JL4J'}
| | | | | | | | | | +-- , 25 , {27, 46} , {'xL17JL5J', 'xL14JL9J', 'xL14JL3J', 'xL14JL8J', 'xL14JL4J', 'xL16JL5J'}
| | | | | | | | | | | +-- , 27 , {42, 29} , {'xL16JL10J', 'xL17JL5J', 'xL18JL10J', 'xL14JL9J', 'xL14JL8J', 'xL17JL10J', 'xL16JL5J', 'xL15JL10J'}
| | | | | | | | | | | | +-- , 42 , {44} , {'xL15JL8J', 'xL16JL10J', 'xL14JL9J', 'xL14JL8J', 'xL15JL10J', 'xL15JL9J'}
| | | | | | | | | | | | | +-- , 44 , set() , {'xL16JL10J', 'xL15JL11J', 'xL15JL8J', 'xL16JL11J', 'xL15JL10J', 'xL15JL9J'}
| | | | | | | | | | | | +-- , 29 , {31} , {'xL16JL10J', 'xL17JL5J', 'xL18JL10J', 'xL19JL10J', 'xL17JL10J', 'xL16JL5J', 'xL15JL10J'}
| | | | | | | | | | | | | +-- , 31 , {33, 38} , {'xL17JL5J', 'xL18JL10J', 'xL18JL7J', 'xL19JL7J', 'xL19JL10J', 'xL17JL10J', 'xL16JL5J'}
| | | | | | | | | | | | | | +-- , 33 , {36} , {'xL18JL10J', 'xL18JL9J', 'xL19JL7J', 'xL18JL7J', 'xL19JL11J', 'xL18JL8J', 'xL19JL8J', 'xL19JL10J', 'xL17JL10J', 'xL18JL11J', 'xL19JL9J'}
| | | | | | | | | | | | | | | +-- , 36 , set() , {'xL17JL10J', 'xL17JL9J', 'xL18JL9J', 'xL19JL9J'}
| | | | | | | | | | | | | | +-- , 38 , {40} , {'xL16JL7J', 'xL17JL5J', 'xL18JL7J', 'xL19JL7J', 'xL16JL5J', 'xL17JL7J'}
| | | | | | | | | | | | | | | +-- , 40 , set() , {'xL16JL7J', 'xL17JL5J', 'xL17JL6J', 'xL16JL5J', 'xL16JL6J', 'xL17JL7J'}
| | | | | | | | | | | +-- , 46 , {48} , {'xL17JL5J', 'xL14JL3J', 'xL19JL5J', 'xL18JL5J', 'xL14JL4J', 'xL16JL5J'}
| | | | | | | | | | | | +-- , 48 , {50, 58} , {'xL14JL3J', 'xL19JL5J', 'xL19JL2J', 'xL18JL5J', 'xL17JL2J', 'xL14JL4J', 'xL18JL2J'}
| | | | | | | | | | | | | +-- , 50 , {52} , {'xL15JL2J', 'xL16JL2J', 'xL14JL3J', 'xL19JL2J', 'xL17JL2J', 'xL14JL4J', 'xL18JL2J'}
| | | | | | | | | | | | | | +-- , 52 , {56, 54} , {'xL15JL2J', 'xL16JL2J', 'xL14JL3J', 'xL14JL4J', 'xL15JL1J'}
| | | | | | | | | | | | | | | +-- , 56 , set() , {'xL15JL2J', 'xL15JL3J', 'xL14JL3J', 'xL14JL4J', 'xL15JL4J', 'xL15JL1J'}
| | | | | | | | | | | | | | | +-- , 54 , set() , {'xL15JL1J', 'xL16JL2J', 'xL16JL1J'}
| | | | | | | | | | | | | +-- , 58 , {61} , {'xL18JL3J', 'xL18JL4J', 'xL19JL1J', 'xL18JL1J', 'xL19JL3J', 'xL19JL5J', 'xL19JL2J', 'xL18JL5J', 'xL17JL2J', 'xL19JL4J', 'xL18JL2J'}
| | | | | | | | | | | | | | +-- , 61 , set() , {'xL18JL3J', 'xL17JL3J', 'xL19JL3J', 'xL17JL2J'}
| | | | | | | +-- , 63 , {65} , {'xL9JL3J', 'xL11JL5J', 'xL9JL4J', 'xL11JL2J', 'xL9JL2J', 'xL11JL4J', 'xL11JL3J'}
| | | | | | | | +-- , 65 , {67, 71} , {'xL9JL3J', 'xL9JL4J', 'xL11JL2J', 'xL9JL2J', 'xL11JL4J', 'xL8JL3J', 'xL11JL3J'}
| | | | | | | | | +-- , 67 , {69} , {'xL9JL2J', 'xL8JL3J', 'xL8JL1J', 'xL8JL2J'}
| | | | | | | | | | +-- , 69 , set() , {'xL9JL2J', 'xL7JL2J', 'xL8JL1J', 'xL7JL1J', 'xL8JL2J'}
| | | | | | | | | +-- , 71 , {73, 79} , {'xL9JL3J', 'xL9JL4J', 'xL11JL2J', 'xL11JL4J', 'xL10JL3J', 'xL8JL3J', 'xL12JL3J', 'xL11JL3J'}
| | | | | | | | | | +-- , 73 , {75} , {'xL12JL2J', 'xL13JL2J', 'xL12JL3J', 'xL11JL2J'}
| | | | | | | | | | | +-- , 75 , {77} , {'xL12JL2J', 'xL13JL2J', 'xL12JL3J', 'xL12JL1J'}
| | | | | | | | | | | | +-- , 77 , set() , {'xL13JL2J', 'xL13JL1J', 'xL12JL1J'}
| | | | | | | | | | +-- , 79 , set() , {'xL9JL4J', 'xL10JL4J', 'xL11JL4J', 'xL10JL3J'}
| +-- , 83 , {85} , {'xL6JL8J', 'xL5JL2J', 'xL6JL7J', 'xL6JL9J', 'xL5JL1J'}
| | +-- , 85 , {116, 87} , {'xL6JL8J', 'xL5JL2J', 'xL5JL10J', 'xL6JL9J', 'xL5JL1J', 'xL5JL11J'}
| | | +-- , 116 , set() , {'xL6JL8J', 'xL5JL9J', 'xL5JL10J', 'xL6JL9J', 'xL5JL8J', 'xL5JL11J'}
| | | +-- , 87 , {98, 89} , {'xL5JL2J', 'xL4JL7J', 'xL5JL10J', 'xL3JL7J', 'xL1JL7J', 'xL5JL1J', 'xL5JL11J'}
| | | | +-- , 98 , {112, 100} , {'xL5JL2J', 'xL4JL7J', 'xL1JL2J', 'xL3JL7J', 'xL3JL2J', 'xL2JL2J', 'xL5JL1J'}
| | | | | +-- , 112 , {114} , {'xL3JL2J', 'xL5JL2J', 'xL1JL2J', 'xL2JL2J', 'xL4JL2J', 'xL5JL1J'}
| | | | | | +-- , 114 , set() , {'xL4JL1J', 'xL4JL2J', 'xL5JL1J'}
| | | | | +-- , 100 , {102, 110} , {'xL3JL5J', 'xL1JL2J', 'xL4JL7J', 'xL3JL7J', 'xL3JL2J', 'xL4JL5J', 'xL2JL2J'}
| | | | | | +-- , 102 , {104} , {'xL2JL5J', 'xL3JL5J', 'xL1JL2J', 'xL1JL5J', 'xL3JL2J', 'xL4JL5J', 'xL2JL2J'}
| | | | | | | +-- , 104 , {106, 108} , {'xL2JL5J', 'xL1JL2J', 'xL1JL5J', 'xL3JL2J', 'xL2JL3J', 'xL1JL3J', 'xL2JL2J'}
| | | | | | | | +-- , 106 , set() , {'xL2JL5J', 'xL1JL4J', 'xL1JL2J', 'xL1JL5J', 'xL1JL1J', 'xL2JL1J', 'xL2JL3J', 'xL2JL4J', 'xL1JL3J', 'xL2JL2J'}
| | | | | | | | +-- , 108 , set() , {'xL3JL2J', 'xL2JL3J', 'xL1JL3J', 'xL3JL3J'}
| | | | | | +-- , 110 , set() , {'xL4JL6J', 'xL3JL5J', 'xL4JL7J', 'xL3JL7J', 'xL4JL5J', 'xL3JL6J'}
| | | | +-- , 89 , {91} , {'xL4JL7J', 'xL3JL7J', 'xL5JL10J', 'xL1JL7J', 'xL2JL7J', 'xL5JL11J'}
| | | | | +-- , 91 , {96, 93} , {'xL2JL10J', 'xL2JL7J', 'xL5JL10J', 'xL1JL7J', 'xL3JL10J', 'xL1JL10J', 'xL5JL11J'}
| | | | | | +-- , 96 , set() , {'xL2JL10J', 'xL4JL11J', 'xL5JL10J', 'xL4JL10J', 'xL3JL10J', 'xL1JL10J', 'xL5JL11J'}
| | | | | | +-- , 93 , set() , {'xL2JL10J', 'xL2JL8J', 'xL2JL7J', 'xL1JL8J', 'xL2JL9J', 'xL2JL11J', 'xL3JL10J', 'xL3JL9J', 'xL1JL11J', 'xL1JL9J', 'xL1JL7J', 'xL1JL10J'}
| +-- , 118 , {120} , {'xL11JL9J', 'xL11JL10J', 'xL9JL7J', 'xL11JL8J', 'xL11JL7J'}
| | +-- , 120 , {122} , {'xL9JL10J', 'xL9JL8J', 'xL11JL9J', 'xL11JL10J', 'xL9JL7J', 'xL11JL8J', 'xL9JL9J'}
| | | +-- , 122 , {131, 125} , {'xL8JL10J', 'xL9JL10J', 'xL9JL8J', 'xL11JL9J', 'xL11JL10J', 'xL8JL11J', 'xL8JL9J', 'xL11JL8J', 'xL9JL9J'}
| | | | +-- , 131 , set() , {'xL8JL10J', 'xL9JL10J', 'xL7JL10J', 'xL7JL11J', 'xL8JL11J'}
| | | | +-- , 125 , {127} , {'xL12JL9J', 'xL9JL8J', 'xL11JL9J', 'xL10JL9J', 'xL11JL10J', 'xL10JL8J', 'xL8JL9J', 'xL11JL8J', 'xL9JL9J'}
| | | | | +-- , 127 , {129} , {'xL11JL10J', 'xL12JL11J', 'xL12JL9J', 'xL13JL10J', 'xL12JL10J'}
| | | | | | +-- , 129 , set() , {'xL13JL10J', 'xL13JL11J', 'xL12JL11J'}


Max number of edges with non zero Y: 3
Max number of iterations of outer rounding loop: 0
Max number of candidate sets: 0
Time spent rounding: 0.000
Time spent solving Separator LP: 5.612
Total time spent solving: 8.879

LP Solver: GaifmanNormalILP
Lower Bound Witness = ({'xL2JL9J', 'xL3JL3J', 'xL14JL7J', 'xL19JL4J', 'xL8JL1J', 'xL15JL4J', 'xL7JL5J', 'xL10JL8J', 'xL18JL3J', 'xL18JL10J', 'xL9JL4J', 'xL19JL10J', 'xL16JL1J', 'xL3JL9J', 'xL8JL6J', 'xL19JL9J', 'xL9JL9J', 'xL16JL6J', 'xL19JL11J', 'xL1JL8J', 'xL12JL7J', 'xL14JL8J', 'xL11JL10J', 'xL12JL3J', 'xL1JL3J', 'xL11JL3J', 'xL4JL6J', 'xL7JL11J', 'xL12JL10J', 'xL11JL4J', 'xL8JL11J', 'xL6JL9J', 'xL1JL9J', 'xL3JL2J', 'xL4JL5J', 'xL2JL2J', 'xL1JL11J', 'xL5JL1J', 'xL15JL11J', 'xL2JL5J', 'xL2JL8J', 'xL14JL3J', 'xL9JL2J', 'xL10JL3J', 'xL10JL9J', 'xL2JL4J', 'xL14JL5J', 'xL12JL9J', 'xL9JL8J', 'xL15JL2J', 'xL6JL4J', 'xL5JL10J', 'xL1JL5J', 'xL17JL6J', 'xL11JL9J', 'xL16JL11J', 'xL11JL8J', 'xL6JL3J', 'xL13JL2J', 'xL5JL9J', 'xL17JL9J', 'xL8JL7J', 'xL13JL5J', 'xL6JL5J', 'xL8JL9J', 'xL3JL10J', 'xL1JL1J', 'xL1JL4J', 'xL7JL7J', 'xL18JL1J', 'xL9JL5J', 'xL16JL2J', 'xL18JL5J', 'xL19JL1J', 'xL15JL10J', 'xL2JL7J', 'xL5JL11J', 'xL8JL10J', 'xL19JL7J', 'xL13JL11J', 'xL19JL2J', 'xL2JL1J', 'xL7JL2J', 'xL18JL2J', 'xL7JL1J', 'xL16JL10J', 'xL13JL6J', 'xL3JL5J', 'xL4JL7J', 'xL3JL7J', 'xL16JL5J', 'xL9JL3J', 'xL15JL8J', 'xL7JL10J', 'xL9JL7J', 'xL12JL6J', 'xL18JL11J', 'xL4JL2J', 'xL7JL6J', 'xL8JL2J', 'xL18JL7J', 'xL18JL4J', 'xL9JL10J', 'xL19JL8J', 'xL4JL11J', 'xL17JL10J', 'xL8JL5J', 'xL1JL7J', 'xL14JL4J', 'xL5JL3J', 'xL3JL6J', 'xL15JL9J', 'xL10JL4J', 'xL2JL10J', 'xL6JL7J', 'xL15JL3J', 'xL11JL2J', 'xL1JL2J', 'xL5JL4J', 'xL13JL7J', 'xL16JL7J', 'xL6JL8J', 'xL12JL5J', 'xL13JL10J', 'xL19JL5J', 'xL12JL2J', 'xL12JL11J', 'xL11JL7J', 'xL15JL1J', 'xL11JL5J', 'xL14JL9J', 'xL5JL2J', 'xL4JL1J', 'xL13JL1J', 'xL17JL3J', 'xL2JL11J', 'xL17JL2J', 'xL4JL10J', 'xL12JL1J', 'xL17JL5J', 'xL18JL9J', 'xL18JL8J', 'xL19JL3J', 'xL8JL3J', 'xL5JL8J', 'xL2JL3J', 'xL17JL7J', 'xL1JL10J'}, {'xL7JL10J', 'xL9JL4J', 'xL19JL3J', 'xL1JL5J', 'xL12JL10J'})