12, 0, 7.5, 9
+-- , 16 , {5} , {'9', '2', '70', '72', '32', '66', '5', '82', '1', '10', '35', '59', '21', '75', '76', '80', '61', '22', '31', '78', '40', '41', '63', '64'}
| +-- , 5 , {0, 18, 8} , {'9', '46', '2', '70', '45', '72', '3', '32', '7', '24', '66', '5', '67', '82', '53', '1', '6', '59', '50', '38', '54', '69', '75', '81', '76', '58', '4', '12', '80', '44', '14', '74', '22', '31', '8', '78', '23', '29', '41', '63', '56', '79', '64', '42'}
| | +-- , 0 , {20, 22, 24, 26} , {'9', '11', '46', '2', '45', '72', '3', '32', '7', '24', '66', '15', '67', '82', '53', '6', '59', '50', '17', '20', '54', '69', '12', '81', '58', '76', '4', '80', '44', '14', '74', '22', '37', '8', '78', '23', '29', '36', '41', '63', '56', '79', '64', '42'}
| | | +-- , 20 , set() , {'9', '17', '54', '29', '47', '0', '36', '53', '51', '79', '3', '13', '42', '24', '62'}
| | | +-- , 22 , set() , {'9', '69', '12', '71', '41', '2', '50', '45', '60'}
| | | +-- , 24 , set() , {'19', '54', '29', '53', '44', '57', '63', '79', '7'}
| | | +-- , 26 , set() , {'17', '54', '30', '29', '12', '6', '14', '79', '3', '42'}
| | +-- , 18 , set() , {'28', '78', '81', '58', '1', '44', '43', '48', '64', '24'}
| | +-- , 8 , {10, 12, 14} , {'18', '46', '26', '70', '45', '25', '72', '3', '66', '7', '5', '52', '67', '53', '6', '59', '50', '38', '54', '69', '12', '81', '76', '75', '4', '80', '44', '14', '74', '22', '31', '8', '23', '29', '73', '41', '56', '79', '42'}
| | | +-- , 10 , set() , {'8', '54', '69', '52', '53', '44', '50', '6', '66', '49'}
| | | +-- , 12 , set() , {'39', '75', '67', '4', '16', '14', '25', '65', '31', '7'}
| | | +-- , 14 , set() , {'68', '18', '33', '46', '12', '76', '53', '59', '79'}


Max number of edges with non zero Y: 17
Max number of iterations of outer rounding loop: 4
Max number of candidate sets: 2
Time spent rounding: 0.187
Time spent solving Separator LP: 0.016
Total time spent solving: 0.731

LP Solver: gammaPlusFractionalCoverHeuristic
Number of Rounding Attemps: 2
Lower Bound Witness = ({'70', '25', '7', '52', '53', '50', '17', '20', '39', '81', '76', '58', '80', '74', '31', '37', '78', '73', '56', '60', '49', '11', '2', '45', '3', '32', '66', '15', '5', '82', '0', '6', '21', '28', '12', '44', '16', '48', '23', '29', '47', '71', '36', '9', '18', '57', '72', '13', '33', '67', '35', '59', '65', '54', '69', '75', '4', '14', '61', '8', '68', '41', '43', '63', '64', '19', '46', '26', '24', '1', '10', '38', '30', '22', '62', '40', '79', '42', '51'}, {'78', '73', '2', '63', '56'})