20, 5.0, 8.0, 8
+-- , 0 , {35, 7} , {'xL5J', 'xL24J', 'xL33J', 'xL15J', 'xL21J', 'xL22J', 'xL23J', 'xL2J', 'xL14J', 'xL16J', 'xL34J', 'xL26J', 'xL3J'}
| +-- , 35 , {45, 37} , {'xL5J', 'xL10J', 'xL20J', 'xL2J', 'xL24J', 'xL14J', 'xL15J', 'xL21J', 'xL22J', 'xL34J', 'xL23J', 'xL3J'}
| | +-- , 45 , set() , {'xL4J', 'xL10J', 'xL21J'}
| | +-- , 37 , {39} , {'xL5J', 'xL10J', 'xL20J', 'xL35J', 'xL24J', 'xL34J', 'xL21J', 'xL23J', 'xL3J'}
| | | +-- , 39 , {41} , {'xL5J', 'xL10J', 'xL6J', 'xL29J', 'xL20J', 'xL35J', 'xL24J', 'xL34J', 'xL23J', 'xL3J'}
| | | | +-- , 41 , {43} , {'xL10J', 'xL32J', 'xL37J', 'xL6J', 'xL29J', 'xL20J', 'xL24J', 'xL23J', 'xL3J'}
| | | | | +-- , 43 , set() , {'xL32J', 'xL37J', 'xL27J', 'xL24J', 'xL23J'}
| +-- , 7 , {11} , {'xL5J', 'xL31J', 'xL24J', 'xL33J', 'xL21J', 'xL22J', 'xL23J', 'xL12J', 'xL25J', 'xL2J', 'xL14J', 'xL16J', 'xL30J', 'xL34J', 'xL26J', 'xL3J'}
| | +-- , 11 , {13} , {'xL5J', 'xL31J', 'xL24J', 'xL33J', 'xL21J', 'xL22J', 'xL12J', 'xL25J', 'xL14J', 'xL1J', 'xL16J', 'xL30J', 'xL26J', 'xL23J', 'xL3J'}
| | | +-- , 13 , {33, 25, 15, 31} , {'xL5J', 'xL31J', 'xL39J', 'xL33J', 'xL21J', 'xL22J', 'xL12J', 'xL25J', 'xL14J', 'xL1J', 'xL16J', 'xL30J', 'xL26J', 'xL23J', 'xL3J'}
| | | | +-- , 33 , set() , {'xL23J', 'xL39J', 'xL30J', 'xL0J'}
| | | | +-- , 25 , {27, 29} , {'xL12J', 'xL31J', 'xL25J', 'xL39J', 'xL33J', 'xL21J', 'xL22J', 'xL38J', 'xL23J'}
| | | | | +-- , 27 , set() , {'xL17J', 'xL25J', 'xL38J'}
| | | | | +-- , 29 , set() , {'xL12J', 'xL7J', 'xL39J', 'xL38J', 'xL23J'}
| | | | +-- , 15 , {17, 21} , {'xL5J', 'xL25J', 'xL39J', 'xL14J', 'xL1J', 'xL16J', 'xL23J', 'xL26J', 'xL36J', 'xL3J'}
| | | | | +-- , 17 , {19} , {'xL5J', 'xL11J', 'xL25J', 'xL13J', 'xL14J', 'xL23J', 'xL26J', 'xL36J'}
| | | | | | +-- , 19 , set() , {'xL9J', 'xL11J', 'xL25J'}
| | | | | +-- , 21 , {23} , {'xL5J', 'xL39J', 'xL1J', 'xL16J', 'xL8J', 'xL36J', 'xL3J', 'xL28J'}
| | | | | | +-- , 23 , set() , {'xL19J', 'xL8J', 'xL36J', 'xL3J', 'xL28J'}
| | | | +-- , 31 , set() , {'xL39J', 'xL18J'}


Max number of edges with non zero Y: 6
Max number of iterations of outer rounding loop: 0
Max number of candidate sets: 0
Time spent rounding: 0.000
Time spent solving Separator LP: 11.100

LP Solver: GaifmanNormalILP