206, 0.7499990000000001, 2.0, 2
+-- , 0 , {267, 3} , {'C22', 'TempHb22', 'TempHa22'}
| +-- , 267 , {464, 269} , {'TempHb22', 'TempHa22', 'I43', 'TempG22', 'C21', 'I44'}
| | +-- , 464 , set() , {'S22', 'TempG22', 'C21'}
| | +-- , 269 , {271} , {'TempHb21', 'TempHa21', 'C21'}
| | | +-- , 271 , {273, 460} , {'TempG21', 'TempHb21', 'TempHa21'}
| | | | +-- , 273 , {275, 458} , {'TempG21', 'C20', 'TempHb21'}
| | | | | +-- , 275 , {277} , {'TempHb20', 'C20', 'TempHa20'}
| | | | | | +-- , 277 , {456, 279} , {'TempHb20', 'TempG20', 'TempHa20'}
| | | | | | | +-- , 456 , set() , {'I40', 'I39', 'TempHa20', 'TempG20'}
| | | | | | | +-- , 279 , {281, 454} , {'C19', 'TempHb20', 'TempG20'}
| | | | | | | | +-- , 281 , {283} , {'C19', 'TempHa19', 'TempHb19'}
| | | | | | | | | +-- , 283 , {452, 285} , {'TempHa19', 'I38', 'TempHb19', 'TempG19', 'C18', 'I37'}
| | | | | | | | | | +-- , 452 , set() , {'TempG19', 'S19', 'C18'}
| | | | | | | | | | +-- , 285 , {287} , {'TempHb18', 'C18', 'TempHa18'}
| | | | | | | | | | | +-- , 287 , {448, 289, 446} , {'TempHb18', 'TempG18', 'C17', 'TempHa18'}
| | | | | | | | | | | | +-- , 448 , set() , {'C17', 'S18', 'TempG18'}
| | | | | | | | | | | | +-- , 289 , {291} , {'TempHb17', 'TempHa17', 'C17'}
| | | | | | | | | | | | | +-- , 291 , {442, 293} , {'TempHb17', 'I34', 'I33', 'TempG17', 'TempHa17', 'C16'}
| | | | | | | | | | | | | | +-- , 442 , set() , {'S17', 'TempG17', 'C16'}
| | | | | | | | | | | | | | +-- , 293 , {295} , {'TempHa16', 'C16', 'TempHb16'}
| | | | | | | | | | | | | | | +-- , 295 , {297, 438} , {'TempG16', 'TempHa16', 'TempHb16'}
| | | | | | | | | | | | | | | | +-- , 297 , {299, 436} , {'TempG16', 'C15', 'TempHb16'}
| | | | | | | | | | | | | | | | | +-- , 299 , {301} , {'TempHb15', 'TempHa15', 'C15'}
| | | | | | | | | | | | | | | | | | +-- , 301 , {434, 303} , {'TempG15', 'TempHb15', 'TempHa15'}
| | | | | | | | | | | | | | | | | | | +-- , 434 , set() , {'TempHa15', 'TempG15', 'I29', 'I30'}
| | | | | | | | | | | | | | | | | | | +-- , 303 , {432, 305} , {'TempG15', 'TempHb15', 'C14'}
| | | | | | | | | | | | | | | | | | | | +-- , 432 , set() , {'TempG15', 'S15', 'C14'}
| | | | | | | | | | | | | | | | | | | | +-- , 305 , {307} , {'C14', 'TempHa14', 'TempHb14'}
| | | | | | | | | | | | | | | | | | | | | +-- , 307 , {309, 430} , {'I27', 'TempHa14', 'C13', 'TempG14', 'I28', 'TempHb14'}
| | | | | | | | | | | | | | | | | | | | | | +-- , 309 , {311} , {'TempHa13', 'C13', 'TempHb13'}
| | | | | | | | | | | | | | | | | | | | | | | +-- , 311 , {313, 426} , {'I26', 'TempG13', 'C12', 'I25', 'TempHa13', 'TempHb13'}
| | | | | | | | | | | | | | | | | | | | | | | | +-- , 313 , {315} , {'C12', 'TempHa12', 'TempHb12'}
| | | | | | | | | | | | | | | | | | | | | | | | | +-- , 315 , {420, 422, 317} , {'TempG12', 'C11', 'TempHa12', 'TempHb12'}
| | | | | | | | | | | | | | | | | | | | | | | | | | +-- , 420 , set() , {'TempHa12', 'I24', 'I23', 'TempG12'}
| | | | | | | | | | | | | | | | | | | | | | | | | | +-- , 422 , set() , {'S12', 'C11', 'TempG12'}
| | | | | | | | | | | | | | | | | | | | | | | | | | +-- , 317 , {319} , {'TempHa11', 'TempHb11', 'C11'}
| | | | | | | | | | | | | | | | | | | | | | | | | | | +-- , 319 , {416, 321} , {'TempG11', 'TempHa11', 'TempHb11'}
| | | | | | | | | | | | | | | | | | | | | | | | | | | | +-- , 416 , set() , {'I21', 'TempG11', 'TempHa11', 'I22'}
| | | | | | | | | | | | | | | | | | | | | | | | | | | | +-- , 321 , {323, 414} , {'TempG11', 'C10', 'TempHb11'}
| | | | | | | | | | | | | | | | | | | | | | | | | | | | | +-- , 323 , {325} , {'C10', 'TempHb10', 'TempHa10'}
| | | | | | | | | | | | | | | | | | | | | | | | | | | | | | +-- , 325 , {412, 327} , {'TempHb10', 'C9', 'TempG10', 'S10', 'TempHa10'}
| | | | | | | | | | | | | | | | | | | | | | | | | | | | | | | +-- , 412 , set() , {'I19', 'I20', 'TempG10', 'TempHa10'}
| | | | | | | | | | | | | | | | | | | | | | | | | | | | | | | +-- , 327 , {329} , {'TempHb9', 'C9', 'TempHa9'}
| | | | | | | | | | | | | | | | | | | | | | | | | | | | | | | | +-- , 329 , {408, 331} , {'TempHb9', 'TempG9', 'TempHa9', 'S9', 'C8'}
| | | | | | | | | | | | | | | | | | | | | | | | | | | | | | | | | +-- , 408 , set() , {'I17', 'TempG9', 'I18', 'TempHa9'}
| | | | | | | | | | | | | | | | | | | | | | | | | | | | | | | | | +-- , 331 , {333} , {'C8', 'TempHb8', 'TempHa8'}
| | | | | | | | | | | | | | | | | | | | | | | | | | | | | | | | | | +-- , 333 , {404, 335} , {'I15', 'TempG8', 'C7', 'TempHa8', 'TempHb8', 'I16'}
| | | | | | | | | | | | | | | | | | | | | | | | | | | | | | | | | | | +-- , 404 , set() , {'TempG8', 'S8', 'C7'}
| | | | | | | | | | | | | | | | | | | | | | | | | | | | | | | | | | | +-- , 335 , {337} , {'TempHa7', 'C7', 'TempHb7'}
| | | | | | | | | | | | | | | | | | | | | | | | | | | | | | | | | | | | +-- , 337 , {400, 339} , {'TempHa7', 'TempG7', 'TempHb7'}
| | | | | | | | | | | | | | | | | | | | | | | | | | | | | | | | | | | | | +-- , 400 , set() , {'I14', 'TempG7', 'I13', 'TempHa7'}
| | | | | | | | | | | | | | | | | | | | | | | | | | | | | | | | | | | | | +-- , 339 , {341, 398} , {'C6', 'TempG7', 'TempHb7'}
| | | | | | | | | | | | | | | | | | | | | | | | | | | | | | | | | | | | | | +-- , 341 , {343} , {'C6', 'TempHa6', 'TempHb6'}
| | | | | | | | | | | | | | | | | | | | | | | | | | | | | | | | | | | | | | | +-- , 343 , {345, 396} , {'C5', 'TempHa6', 'S6', 'TempG6', 'TempHb6'}
| | | | | | | | | | | | | | | | | | | | | | | | | | | | | | | | | | | | | | | | +-- , 345 , {347} , {'TempHa5', 'C5', 'TempHb5'}
| | | | | | | | | | | | | | | | | | | | | | | | | | | | | | | | | | | | | | | | | +-- , 347 , {390, 392, 349} , {'TempHa5', 'C4', 'TempG5', 'TempHb5'}
| | | | | | | | | | | | | | | | | | | | | | | | | | | | | | | | | | | | | | | | | | +-- , 390 , set() , {'I10', 'I9', 'TempG5', 'TempHa5'}
| | | | | | | | | | | | | | | | | | | | | | | | | | | | | | | | | | | | | | | | | | +-- , 392 , set() , {'C4', 'TempG5', 'S5'}
| | | | | | | | | | | | | | | | | | | | | | | | | | | | | | | | | | | | | | | | | | +-- , 349 , {351} , {'C4', 'TempHa4', 'TempHb4'}
| | | | | | | | | | | | | | | | | | | | | | | | | | | | | | | | | | | | | | | | | | | +-- , 351 , {384, 353, 386} , {'TempHa4', 'TempHb4', 'C3', 'TempG4'}
| | | | | | | | | | | | | | | | | | | | | | | | | | | | | | | | | | | | | | | | | | | | +-- , 384 , set() , {'I7', 'I8', 'TempHa4', 'TempG4'}
| | | | | | | | | | | | | | | | | | | | | | | | | | | | | | | | | | | | | | | | | | | | +-- , 353 , {355} , {'TempHb3', 'TempHa3', 'C3'}
| | | | | | | | | | | | | | | | | | | | | | | | | | | | | | | | | | | | | | | | | | | | | +-- , 355 , {380, 357} , {'TempHb3', 'TempG3', 'TempHa3'}
| | | | | | | | | | | | | | | | | | | | | | | | | | | | | | | | | | | | | | | | | | | | | | +-- , 380 , set() , {'TempG3', 'TempHa3', 'I5', 'I6'}
| | | | | | | | | | | | | | | | | | | | | | | | | | | | | | | | | | | | | | | | | | | | | | +-- , 357 , {378, 359} , {'TempG3', 'TempHb3', 'C2'}
| | | | | | | | | | | | | | | | | | | | | | | | | | | | | | | | | | | | | | | | | | | | | | | +-- , 378 , set() , {'TempG3', 'C2', 'S3'}
| | | | | | | | | | | | | | | | | | | | | | | | | | | | | | | | | | | | | | | | | | | | | | | +-- , 359 , {361} , {'C2', 'TempHa2', 'TempHb2'}
| | | | | | | | | | | | | | | | | | | | | | | | | | | | | | | | | | | | | | | | | | | | | | | | +-- , 361 , {374, 376, 363} , {'TempHa2', 'TempG2', 'C1', 'TempHb2'}
| | | | | | | | | | | | | | | | | | | | | | | | | | | | | | | | | | | | | | | | | | | | | | | | | +-- , 374 , set() , {'TempG2', 'C1', 'S2'}
| | | | | | | | | | | | | | | | | | | | | | | | | | | | | | | | | | | | | | | | | | | | | | | | | +-- , 376 , set() , {'TempG2', 'I4', 'I3', 'TempHa2'}
| | | | | | | | | | | | | | | | | | | | | | | | | | | | | | | | | | | | | | | | | | | | | | | | | +-- , 363 , {365} , {'TempHa1', 'TempHb1', 'C1'}
| | | | | | | | | | | | | | | | | | | | | | | | | | | | | | | | | | | | | | | | | | | | | | | | | | +-- , 365 , {368, 370} , {'C0', 'TempHa1', 'TempG1', 'TempHb1'}
| | | | | | | | | | | | | | | | | | | | | | | | | | | | | | | | | | | | | | | | | | | | | | | | | | | +-- , 368 , set() , {'TempHa1', 'I2', 'I1', 'TempG1'}
| | | | | | | | | | | | | | | | | | | | | | | | | | | | | | | | | | | | | | | | | | | | | | | | | | | +-- , 370 , set() , {'C0', 'S1', 'TempG1'}
| | | | | | | | | | | | | | | | | | | | | | | | | | | | | | | | | | | | | | | | | | | | +-- , 386 , set() , {'S4', 'C3', 'TempG4'}
| | | | | | | | | | | | | | | | | | | | | | | | | | | | | | | | | | | | | | | | +-- , 396 , set() , {'TempHa6', 'I11', 'I12', 'TempG6'}
| | | | | | | | | | | | | | | | | | | | | | | | | | | | | | | | | | | | | | +-- , 398 , set() , {'C6', 'S7', 'TempG7'}
| | | | | | | | | | | | | | | | | | | | | | | | | | | | | +-- , 414 , set() , {'TempG11', 'S11', 'C10'}
| | | | | | | | | | | | | | | | | | | | | | | | +-- , 426 , set() , {'TempG13', 'C12', 'S13'}
| | | | | | | | | | | | | | | | | | | | | | +-- , 430 , set() , {'TempG14', 'C13', 'S14'}
| | | | | | | | | | | | | | | | | +-- , 436 , set() , {'TempG16', 'C15', 'S16'}
| | | | | | | | | | | | | | | | +-- , 438 , set() , {'TempG16', 'I32', 'TempHa16', 'I31'}
| | | | | | | | | | | | +-- , 446 , set() , {'I36', 'I35', 'TempHa18', 'TempG18'}
| | | | | | | | +-- , 454 , set() , {'S20', 'C19', 'TempG20'}
| | | | | +-- , 458 , set() , {'TempG21', 'C20', 'S21'}
| | | | +-- , 460 , set() , {'TempG21', 'TempHa21', 'I41', 'I42'}
| +-- , 3 , {265, 5} , {'C22', 'TempHb23', 'TempG23'}
| | +-- , 265 , set() , {'C22', 'S23', 'TempG23'}
| | +-- , 5 , {7, 263} , {'TempHb23', 'TempHa23', 'TempG23'}
| | | +-- , 7 , {9} , {'TempHb23', 'TempHa23', 'C23'}
| | | | +-- , 9 , {11} , {'C23', 'TempG24', 'S24'}
| | | | | +-- , 11 , {13} , {'TempHb24', 'C23', 'TempG24'}
| | | | | | +-- , 13 , {261, 15} , {'TempHb24', 'TempHa24', 'TempG24'}
| | | | | | | +-- , 261 , set() , {'TempHa24', 'I47', 'I48', 'TempG24'}
| | | | | | | +-- , 15 , {17} , {'TempHb24', 'C24', 'TempHa24'}
| | | | | | | | +-- , 17 , {19, 259} , {'TempHb25', 'C24', 'TempG25'}
| | | | | | | | | +-- , 19 , {257, 21} , {'TempHb25', 'TempG25', 'TempHa25'}
| | | | | | | | | | +-- , 257 , set() , {'I50', 'TempG25', 'TempHa25', 'I49'}
| | | | | | | | | | +-- , 21 , {23} , {'TempHb25', 'TempHa25', 'C25'}
| | | | | | | | | | | +-- , 23 , {25} , {'C25', 'S26', 'TempG26'}
| | | | | | | | | | | | +-- , 25 , {27} , {'C25', 'TempHb26', 'TempG26'}
| | | | | | | | | | | | | +-- , 27 , {29, 255} , {'C26', 'TempHa26', 'TempHb26', 'TempG26'}
| | | | | | | | | | | | | | +-- , 29 , {251, 31} , {'C26', 'TempHb27', 'TempG27'}
| | | | | | | | | | | | | | | +-- , 251 , set() , {'S27', 'C26', 'TempG27'}
| | | | | | | | | | | | | | | +-- , 31 , {249, 33} , {'TempHb27', 'TempG27', 'TempHa27'}
| | | | | | | | | | | | | | | | +-- , 249 , set() , {'TempG27', 'TempHa27', 'I54', 'I53'}
| | | | | | | | | | | | | | | | +-- , 33 , {35} , {'TempHa27', 'C27', 'TempHb27'}
| | | | | | | | | | | | | | | | | +-- , 35 , {37} , {'S28', 'TempG28', 'C27'}
| | | | | | | | | | | | | | | | | | +-- , 37 , {39} , {'TempHb28', 'TempG28', 'C27'}
| | | | | | | | | | | | | | | | | | | +-- , 39 , {41} , {'TempG28', 'TempHa28', 'TempHb28', 'I55', 'C28', 'I56'}
| | | | | | | | | | | | | | | | | | | | +-- , 41 , {43, 245} , {'TempG29', 'C28', 'TempHb29'}
| | | | | | | | | | | | | | | | | | | | | +-- , 43 , {243, 45} , {'TempHb29', 'TempG29', 'TempHa29'}
| | | | | | | | | | | | | | | | | | | | | | +-- , 243 , set() , {'I58', 'TempG29', 'TempHa29', 'I57'}
| | | | | | | | | | | | | | | | | | | | | | +-- , 45 , {47} , {'C29', 'TempHa29', 'TempHb29'}
| | | | | | | | | | | | | | | | | | | | | | | +-- , 47 , {49} , {'C29', 'S30', 'TempG30'}
| | | | | | | | | | | | | | | | | | | | | | | | +-- , 49 , {51} , {'C29', 'TempHb30', 'TempG30'}
| | | | | | | | | | | | | | | | | | | | | | | | | +-- , 51 , {53, 55} , {'TempHb30', 'TempHa30', 'TempG30'}
| | | | | | | | | | | | | | | | | | | | | | | | | | +-- , 53 , set() , {'I59', 'TempHa30', 'TempG30', 'I60'}
| | | | | | | | | | | | | | | | | | | | | | | | | | +-- , 55 , {57} , {'TempHb30', 'C30', 'TempHa30'}
| | | | | | | | | | | | | | | | | | | | | | | | | | | +-- , 57 , {241, 59} , {'C30', 'TempG31', 'TempHb31'}
| | | | | | | | | | | | | | | | | | | | | | | | | | | | +-- , 241 , set() , {'S31', 'C30', 'TempG31'}
| | | | | | | | | | | | | | | | | | | | | | | | | | | | +-- , 59 , {61, 239} , {'C31', 'TempHa31', 'TempG31', 'TempHb31'}
| | | | | | | | | | | | | | | | | | | | | | | | | | | | | +-- , 61 , {63} , {'C31', 'S32', 'TempG32'}
| | | | | | | | | | | | | | | | | | | | | | | | | | | | | | +-- , 63 , {65} , {'C31', 'TempHb32', 'TempG32'}
| | | | | | | | | | | | | | | | | | | | | | | | | | | | | | | +-- , 65 , {67, 235} , {'TempHb32', 'TempG32', 'TempHa32'}
| | | | | | | | | | | | | | | | | | | | | | | | | | | | | | | | +-- , 67 , {69} , {'TempHa32', 'TempHb32', 'C32'}
| | | | | | | | | | | | | | | | | | | | | | | | | | | | | | | | | +-- , 69 , {233, 71} , {'TempG33', 'C32', 'TempHb33'}
| | | | | | | | | | | | | | | | | | | | | | | | | | | | | | | | | | +-- , 233 , set() , {'S33', 'TempG33', 'C32'}
| | | | | | | | | | | | | | | | | | | | | | | | | | | | | | | | | | +-- , 71 , {73, 231} , {'TempHa33', 'TempG33', 'TempHb33'}
| | | | | | | | | | | | | | | | | | | | | | | | | | | | | | | | | | | +-- , 73 , {75} , {'TempHb33', 'TempHa33', 'C33'}
| | | | | | | | | | | | | | | | | | | | | | | | | | | | | | | | | | | | +-- , 75 , {229, 77} , {'TempG34', 'C33', 'TempHb34'}
| | | | | | | | | | | | | | | | | | | | | | | | | | | | | | | | | | | | | +-- , 229 , set() , {'TempG34', 'C33', 'S34'}
| | | | | | | | | | | | | | | | | | | | | | | | | | | | | | | | | | | | | +-- , 77 , {79} , {'C34', 'TempHa34', 'TempG34', 'I68', 'I67', 'TempHb34'}
| | | | | | | | | | | | | | | | | | | | | | | | | | | | | | | | | | | | | | +-- , 79 , {81} , {'TempG35', 'C34', 'S35'}
| | | | | | | | | | | | | | | | | | | | | | | | | | | | | | | | | | | | | | | +-- , 81 , {83} , {'TempG35', 'C34', 'TempHb35'}
| | | | | | | | | | | | | | | | | | | | | | | | | | | | | | | | | | | | | | | | +-- , 83 , {225, 85} , {'TempG35', 'TempHa35', 'TempHb35'}
| | | | | | | | | | | | | | | | | | | | | | | | | | | | | | | | | | | | | | | | | +-- , 225 , set() , {'I70', 'TempG35', 'TempHa35', 'I69'}
| | | | | | | | | | | | | | | | | | | | | | | | | | | | | | | | | | | | | | | | | +-- , 85 , {87} , {'C35', 'TempHa35', 'TempHb35'}
| | | | | | | | | | | | | | | | | | | | | | | | | | | | | | | | | | | | | | | | | | +-- , 87 , {89, 223} , {'TempHb36', 'C35', 'TempG36'}
| | | | | | | | | | | | | | | | | | | | | | | | | | | | | | | | | | | | | | | | | | | +-- , 89 , {91, 221} , {'C36', 'TempHa36', 'TempHb36', 'TempG36'}
| | | | | | | | | | | | | | | | | | | | | | | | | | | | | | | | | | | | | | | | | | | | +-- , 91 , {93} , {'C36', 'S37', 'TempG37'}
| | | | | | | | | | | | | | | | | | | | | | | | | | | | | | | | | | | | | | | | | | | | | +-- , 93 , {95} , {'C36', 'TempG37', 'TempHb37'}
| | | | | | | | | | | | | | | | | | | | | | | | | | | | | | | | | | | | | | | | | | | | | | +-- , 95 , {97, 217} , {'TempHa37', 'TempG37', 'TempHb37'}
| | | | | | | | | | | | | | | | | | | | | | | | | | | | | | | | | | | | | | | | | | | | | | | +-- , 97 , {99} , {'TempHa37', 'C37', 'TempHb37'}
| | | | | | | | | | | | | | | | | | | | | | | | | | | | | | | | | | | | | | | | | | | | | | | | +-- , 99 , {101} , {'TempG38', 'S38', 'C37'}
| | | | | | | | | | | | | | | | | | | | | | | | | | | | | | | | | | | | | | | | | | | | | | | | | +-- , 101 , {103} , {'TempG38', 'TempHb38', 'C37'}
| | | | | | | | | | | | | | | | | | | | | | | | | | | | | | | | | | | | | | | | | | | | | | | | | | +-- , 103 , {105, 215} , {'TempG38', 'TempHa38', 'TempHb38'}
| | | | | | | | | | | | | | | | | | | | | | | | | | | | | | | | | | | | | | | | | | | | | | | | | | | +-- , 105 , {107} , {'TempHa38', 'C38', 'TempHb38'}
| | | | | | | | | | | | | | | | | | | | | | | | | | | | | | | | | | | | | | | | | | | | | | | | | | | | +-- , 107 , {109, 213} , {'TempG39', 'C38', 'TempHb39'}
| | | | | | | | | | | | | | | | | | | | | | | | | | | | | | | | | | | | | | | | | | | | | | | | | | | | | +-- , 109 , {111} , {'C39', 'I78', 'TempG39', 'I77', 'TempHa39', 'TempHb39'}
| | | | | | | | | | | | | | | | | | | | | | | | | | | | | | | | | | | | | | | | | | | | | | | | | | | | | | +-- , 111 , {113, 209} , {'C39', 'TempG40', 'TempHb40'}
| | | | | | | | | | | | | | | | | | | | | | | | | | | | | | | | | | | | | | | | | | | | | | | | | | | | | | | +-- , 113 , {115, 207} , {'TempG40', 'TempHb40', 'TempHa40'}
| | | | | | | | | | | | | | | | | | | | | | | | | | | | | | | | | | | | | | | | | | | | | | | | | | | | | | | | +-- , 115 , {117} , {'TempHb40', 'TempHa40', 'C40'}
| | | | | | | | | | | | | | | | | | | | | | | | | | | | | | | | | | | | | | | | | | | | | | | | | | | | | | | | | +-- , 117 , {119} , {'C40', 'S41', 'TempG41'}
| | | | | | | | | | | | | | | | | | | | | | | | | | | | | | | | | | | | | | | | | | | | | | | | | | | | | | | | | | +-- , 119 , {121} , {'C40', 'TempHb41', 'TempG41'}
| | | | | | | | | | | | | | | | | | | | | | | | | | | | | | | | | | | | | | | | | | | | | | | | | | | | | | | | | | | +-- , 121 , {123, 205} , {'TempHa41', 'TempHb41', 'TempG41', 'C41'}
| | | | | | | | | | | | | | | | | | | | | | | | | | | | | | | | | | | | | | | | | | | | | | | | | | | | | | | | | | | | +-- , 123 , {125} , {'S42', 'TempG42', 'C41'}
| | | | | | | | | | | | | | | | | | | | | | | | | | | | | | | | | | | | | | | | | | | | | | | | | | | | | | | | | | | | | +-- , 125 , {127} , {'TempG42', 'TempHb42', 'C41'}
| | | | | | | | | | | | | | | | | | | | | | | | | | | | | | | | | | | | | | | | | | | | | | | | | | | | | | | | | | | | | | +-- , 127 , {129} , {'TempG42', 'C42', 'I83', 'TempHa42', 'I84', 'TempHb42'}
| | | | | | | | | | | | | | | | | | | | | | | | | | | | | | | | | | | | | | | | | | | | | | | | | | | | | | | | | | | | | | | +-- , 129 , {131, 199} , {'TempG43', 'C42', 'TempHb43'}
| | | | | | | | | | | | | | | | | | | | | | | | | | | | | | | | | | | | | | | | | | | | | | | | | | | | | | | | | | | | | | | | +-- , 131 , {133, 135} , {'TempG43', 'TempHa43', 'TempHb43'}
| | | | | | | | | | | | | | | | | | | | | | | | | | | | | | | | | | | | | | | | | | | | | | | | | | | | | | | | | | | | | | | | | +-- , 133 , set() , {'TempG43', 'I86', 'TempHa43', 'I85'}
| | | | | | | | | | | | | | | | | | | | | | | | | | | | | | | | | | | | | | | | | | | | | | | | | | | | | | | | | | | | | | | | | +-- , 135 , {137} , {'C43', 'TempHa43', 'TempHb43'}
| | | | | | | | | | | | | | | | | | | | | | | | | | | | | | | | | | | | | | | | | | | | | | | | | | | | | | | | | | | | | | | | | | +-- , 137 , {139, 197} , {'TempHb44', 'C43', 'TempG44'}
| | | | | | | | | | | | | | | | | | | | | | | | | | | | | | | | | | | | | | | | | | | | | | | | | | | | | | | | | | | | | | | | | | | +-- , 139 , {141} , {'TempHb44', 'TempHa44', 'I88', 'I87', 'C44', 'TempG44'}
| | | | | | | | | | | | | | | | | | | | | | | | | | | | | | | | | | | | | | | | | | | | | | | | | | | | | | | | | | | | | | | | | | | | +-- , 141 , {193, 143} , {'TempG45', 'TempHb45', 'C44'}
| | | | | | | | | | | | | | | | | | | | | | | | | | | | | | | | | | | | | | | | | | | | | | | | | | | | | | | | | | | | | | | | | | | | | +-- , 193 , set() , {'C44', 'S45', 'TempG45'}
| | | | | | | | | | | | | | | | | | | | | | | | | | | | | | | | | | | | | | | | | | | | | | | | | | | | | | | | | | | | | | | | | | | | | +-- , 143 , {145} , {'C45', 'TempHa45', 'TempG45', 'I89', 'TempHb45', 'I90'}
| | | | | | | | | | | | | | | | | | | | | | | | | | | | | | | | | | | | | | | | | | | | | | | | | | | | | | | | | | | | | | | | | | | | | | +-- , 145 , {147} , {'C45', 'TempG46', 'S46'}
| | | | | | | | | | | | | | | | | | | | | | | | | | | | | | | | | | | | | | | | | | | | | | | | | | | | | | | | | | | | | | | | | | | | | | | +-- , 147 , {149} , {'TempHb46', 'C45', 'TempG46'}
| | | | | | | | | | | | | | | | | | | | | | | | | | | | | | | | | | | | | | | | | | | | | | | | | | | | | | | | | | | | | | | | | | | | | | | | +-- , 149 , {189, 151} , {'TempHb46', 'TempG46', 'TempHa46'}
| | | | | | | | | | | | | | | | | | | | | | | | | | | | | | | | | | | | | | | | | | | | | | | | | | | | | | | | | | | | | | | | | | | | | | | | | +-- , 189 , set() , {'TempHa46', 'I92', 'I91', 'TempG46'}
| | | | | | | | | | | | | | | | | | | | | | | | | | | | | | | | | | | | | | | | | | | | | | | | | | | | | | | | | | | | | | | | | | | | | | | | | +-- , 151 , {153} , {'TempHb46', 'TempHa46', 'C46'}
| | | | | | | | | | | | | | | | | | | | | | | | | | | | | | | | | | | | | | | | | | | | | | | | | | | | | | | | | | | | | | | | | | | | | | | | | | +-- , 153 , {187, 155} , {'TempHb47', 'TempG47', 'C46'}
| | | | | | | | | | | | | | | | | | | | | | | | | | | | | | | | | | | | | | | | | | | | | | | | | | | | | | | | | | | | | | | | | | | | | | | | | | | +-- , 187 , set() , {'TempG47', 'S47', 'C46'}
| | | | | | | | | | | | | | | | | | | | | | | | | | | | | | | | | | | | | | | | | | | | | | | | | | | | | | | | | | | | | | | | | | | | | | | | | | | +-- , 155 , {185, 157} , {'C47', 'TempHb47', 'TempG47', 'TempHa47'}
| | | | | | | | | | | | | | | | | | | | | | | | | | | | | | | | | | | | | | | | | | | | | | | | | | | | | | | | | | | | | | | | | | | | | | | | | | | | +-- , 185 , set() , {'I94', 'I93', 'TempHa47', 'TempG47'}
| | | | | | | | | | | | | | | | | | | | | | | | | | | | | | | | | | | | | | | | | | | | | | | | | | | | | | | | | | | | | | | | | | | | | | | | | | | | +-- , 157 , {181, 159} , {'C47', 'TempHb48', 'TempG48'}
| | | | | | | | | | | | | | | | | | | | | | | | | | | | | | | | | | | | | | | | | | | | | | | | | | | | | | | | | | | | | | | | | | | | | | | | | | | | | +-- , 181 , set() , {'C47', 'S48', 'TempG48'}
| | | | | | | | | | | | | | | | | | | | | | | | | | | | | | | | | | | | | | | | | | | | | | | | | | | | | | | | | | | | | | | | | | | | | | | | | | | | | +-- , 159 , {162} , {'I96', 'I95', 'TempHb48', 'TempHa48', 'TempG48'}
| | | | | | | | | | | | | | | | | | | | | | | | | | | | | | | | | | | | | | | | | | | | | | | | | | | | | | | | | | | | | | | | | | | | | | | | | | | | | | +-- , 162 , {164} , {'TempHa48', 'C48', 'TempHb48'}
| | | | | | | | | | | | | | | | | | | | | | | | | | | | | | | | | | | | | | | | | | | | | | | | | | | | | | | | | | | | | | | | | | | | | | | | | | | | | | | +-- , 164 , {166} , {'C48', 'S49', 'TempG49'}
| | | | | | | | | | | | | | | | | | | | | | | | | | | | | | | | | | | | | | | | | | | | | | | | | | | | | | | | | | | | | | | | | | | | | | | | | | | | | | | | +-- , 166 , {168} , {'C48', 'TempG49', 'TempHb49'}
| | | | | | | | | | | | | | | | | | | | | | | | | | | | | | | | | | | | | | | | | | | | | | | | | | | | | | | | | | | | | | | | | | | | | | | | | | | | | | | | | +-- , 168 , {170, 179} , {'TempG49', 'TempHb49', 'TempHa49'}
| | | | | | | | | | | | | | | | | | | | | | | | | | | | | | | | | | | | | | | | | | | | | | | | | | | | | | | | | | | | | | | | | | | | | | | | | | | | | | | | | | +-- , 170 , {172} , {'TempHa49', 'TempHb49', 'C49'}
| | | | | | | | | | | | | | | | | | | | | | | | | | | | | | | | | | | | | | | | | | | | | | | | | | | | | | | | | | | | | | | | | | | | | | | | | | | | | | | | | | | +-- , 172 , {174} , {'S50', 'C49', 'TempG50'}
| | | | | | | | | | | | | | | | | | | | | | | | | | | | | | | | | | | | | | | | | | | | | | | | | | | | | | | | | | | | | | | | | | | | | | | | | | | | | | | | | | | | +-- , 174 , {176} , {'C49', 'TempHb50', 'TempG50'}
| | | | | | | | | | | | | | | | | | | | | | | | | | | | | | | | | | | | | | | | | | | | | | | | | | | | | | | | | | | | | | | | | | | | | | | | | | | | | | | | | | | | | +-- , 176 , set() , {'TempG50', 'I100', 'I99', 'TempHb50', 'C50', 'TempHa50'}
| | | | | | | | | | | | | | | | | | | | | | | | | | | | | | | | | | | | | | | | | | | | | | | | | | | | | | | | | | | | | | | | | | | | | | | | | | | | | | | | | | +-- , 179 , set() , {'TempG49', 'I98', 'TempHa49', 'I97'}
| | | | | | | | | | | | | | | | | | | | | | | | | | | | | | | | | | | | | | | | | | | | | | | | | | | | | | | | | | | | | | | | | | | +-- , 197 , set() , {'C43', 'TempG44', 'S44'}
| | | | | | | | | | | | | | | | | | | | | | | | | | | | | | | | | | | | | | | | | | | | | | | | | | | | | | | | | | | | | | | | +-- , 199 , set() , {'TempG43', 'C42', 'S43'}
| | | | | | | | | | | | | | | | | | | | | | | | | | | | | | | | | | | | | | | | | | | | | | | | | | | | | | | | | | | | +-- , 205 , set() , {'TempHa41', 'I81', 'TempG41', 'I82'}
| | | | | | | | | | | | | | | | | | | | | | | | | | | | | | | | | | | | | | | | | | | | | | | | | | | | | | | | +-- , 207 , set() , {'TempHa40', 'I80', 'I79', 'TempG40'}
| | | | | | | | | | | | | | | | | | | | | | | | | | | | | | | | | | | | | | | | | | | | | | | | | | | | | | | +-- , 209 , set() , {'C39', 'TempG40', 'S40'}
| | | | | | | | | | | | | | | | | | | | | | | | | | | | | | | | | | | | | | | | | | | | | | | | | | | | | +-- , 213 , set() , {'S39', 'C38', 'TempG39'}
| | | | | | | | | | | | | | | | | | | | | | | | | | | | | | | | | | | | | | | | | | | | | | | | | | | +-- , 215 , set() , {'TempHa38', 'TempG38', 'I76', 'I75'}
| | | | | | | | | | | | | | | | | | | | | | | | | | | | | | | | | | | | | | | | | | | | | | | +-- , 217 , set() , {'I74', 'TempHa37', 'TempG37', 'I73'}
| | | | | | | | | | | | | | | | | | | | | | | | | | | | | | | | | | | | | | | | | | | | +-- , 221 , set() , {'TempG36', 'TempHa36', 'I72', 'I71'}
| | | | | | | | | | | | | | | | | | | | | | | | | | | | | | | | | | | | | | | | | | | +-- , 223 , set() , {'C35', 'TempG36', 'S36'}
| | | | | | | | | | | | | | | | | | | | | | | | | | | | | | | | | | | +-- , 231 , set() , {'I66', 'TempHa33', 'TempG33', 'I65'}
| | | | | | | | | | | | | | | | | | | | | | | | | | | | | | | | +-- , 235 , set() , {'TempHa32', 'I63', 'TempG32', 'I64'}
| | | | | | | | | | | | | | | | | | | | | | | | | | | | | +-- , 239 , set() , {'TempHa31', 'I62', 'TempG31', 'I61'}
| | | | | | | | | | | | | | | | | | | | | +-- , 245 , set() , {'C28', 'TempG29', 'S29'}
| | | | | | | | | | | | | | +-- , 255 , set() , {'TempHa26', 'I51', 'I52', 'TempG26'}
| | | | | | | | | +-- , 259 , set() , {'C24', 'TempG25', 'S25'}
| | | +-- , 263 , set() , {'I45', 'TempHa23', 'I46', 'TempG23'}


Max number of edges with non zero Y: 3
Max number of iterations of outer rounding loop: 2
Max number of candidate sets: 2
Time spent rounding: 81.641
Time spent solving Separator LP: 2.153
Total time spent solving: 102.872

LP Solver: GaifmanNormal
Lower Bound Witness = ({'C29', 'TempHa41', 'S28', 'C24', 'S42', 'S27', 'I83', 'TempHa47', 'TempHa42', 'I67', 'I45', 'I55', 'S25', 'TempHa37', 'S30', 'TempHb27', 'TempHa30', 'TempHa36', 'C43', 'C32', 'TempHa40', 'I79', 'S40', 'I99', 'I61', 'I80', 'S32', 'C50', 'I68', 'I92', 'TempG26', 'C34', 'TempG39', 'I88', 'TempG27', 'S36', 'TempG33', 'I47', 'S37', 'TempHb32', 'C49', 'S39', 'C46', 'C33', 'TempG41', 'I94', 'TempHa35', 'I97', 'C39', 'TempHa49', 'TempG50', 'C41', 'TempHb37', 'C27', 'I71', 'TempG29', 'I70', 'TempG37', 'TempHa27', 'S26', 'I73', 'C31', 'TempG38', 'S35', 'I78', 'S24', 'TempG48', 'S49', 'I60', 'TempHa48', 'TempG46', 'I69', 'TempG44', 'TempG31', 'TempHa34', 'TempHb43', 'I100', 'TempHb39', 'C47', 'I84', 'S41', 'I87', 'TempG42', 'C42', 'TempHb47', 'TempHb35', 'TempG30', 'I89', 'TempG25', 'TempHb49', 'TempHa38', 'TempHa50', 'TempHb24', 'C48', 'C25', 'I54', 'I95', 'TempHb48', 'C44', 'I74', 'C28', 'I56', 'TempHa29', 'I46', 'TempHb46', 'S38', 'I96', 'I62', 'TempG32', 'I77', 'TempG28', 'S31', 'I52', 'TempHa31', 'TempHa28', 'TempHa44', 'S29', 'TempHa46', 'I98', 'S48', 'I82', 'TempHa23', 'TempHb44', 'TempHb25', 'S50', 'I90', 'C38', 'TempHb23', 'I49', 'TempG23', 'C40', 'I58', 'TempG45', 'TempHb34', 'C36', 'TempG43', 'TempHb28', 'C23', 'I64', 'TempG34', 'TempHa32', 'TempHb42', 'TempG36', 'TempG35', 'I75', 'C37', 'TempG40', 'S33', 'I50', 'TempHb29', 'S46', 'I53', 'C45', 'TempHb36', 'TempHa39', 'TempHb40', 'C30', 'I48', 'I51', 'C26', 'TempHa26', 'TempG47', 'S45', 'I65', 'I85', 'I81', 'I66', 'S47', 'TempHa43', 'TempHb50', 'TempHb33', 'TempHb30', 'TempHb45', 'I72', 'TempG24', 'I76', 'I91', 'TempHb41', 'TempHa25', 'I86', 'TempG49', 'I59', 'C35', 'TempHa33', 'S44', 'TempHa45', 'S34', 'I93', 'TempHb26', 'S43', 'I57', 'I63', 'TempHb38', 'TempHb31', 'TempHa24'}, {'TempHb23', 'TempG23'})