11, 1.6142851428571428, 5.0, 5
+-- , 0 , {28, 7} , {'xL15J', 'xL9J', 'xL6J', 'xL19J', 'xL0J', 'xL8J', 'xL1J', 'xL7J'}
| +-- , 28 , set() , {'xL8J', 'xL9J', 'xL12J', 'xL6J'}
| +-- , 7 , {9} , {'xL15J', 'xL9J', 'xL6J', 'xL19J', 'xL0J', 'xL1J', 'xL7J', 'xL3J'}
| | +-- , 9 , {12} , {'xL15J', 'xL11J', 'xL5J', 'xL6J', 'xL19J', 'xL0J', 'xL1J', 'xL7J', 'xL3J'}
| | | +-- , 12 , {14} , {'xL15J', 'xL11J', 'xL5J', 'xL6J', 'xL19J', 'xL4J', 'xL1J', 'xL7J', 'xL3J'}
| | | | +-- , 14 , {26, 18} , {'xL15J', 'xL11J', 'xL6J', 'xL19J', 'xL4J', 'xL3J', 'xL5J', 'xL2J', 'xL7J', 'xL14J'}
| | | | | +-- , 26 , set() , {'xL6J', 'xL5J', 'xL14J', 'xL13J'}
| | | | | +-- , 18 , {24, 20} , {'xL15J', 'xL5J', 'xL6J', 'xL10J', 'xL19J', 'xL3J', 'xL4J', 'xL2J', 'xL7J', 'xL14J'}
| | | | | | +-- , 24 , set() , {'xL15J', 'xL5J', 'xL17J', 'xL10J'}
| | | | | | +-- , 20 , {22} , {'xL6J', 'xL10J', 'xL19J', 'xL4J', 'xL18J', 'xL2J', 'xL7J', 'xL3J'}
| | | | | | | +-- , 22 , set() , {'xL6J', 'xL19J', 'xL4J', 'xL18J', 'xL7J', 'xL16J'}


Max number of edges with non zero Y: 13
Max number of iterations of outer rounding loop: 5
Max number of candidate sets: 2
Time spent rounding: 20.094
Time spent solving Separator LP: 0.282
Total time spent solving: 23.278

LP Solver: GaifmanNormal
Lower Bound Witness = ({'xL15J', 'xL11J', 'xL17J', 'xL6J', 'xL10J', 'xL19J', 'xL3J', 'xL5J', 'xL4J', 'xL13J', 'xL18J', 'xL1J', 'xL2J', 'xL7J', 'xL14J', 'xL16J'}, {'xL15J', 'xL11J', 'xL5J', 'xL6J', 'xL19J', 'xL1J', 'xL7J', 'xL3J'})