15, 1.8846148461538461, 7.333333333333333, 8
+-- , 0 , {3, 27, 31} , {'58', '66', '24', '89', '49', '59', '17', '82', '31', '21', '86', '9', '51', '64', '23', '28', '1', '20', '33', '78', '39', '44', '19', '50'}
| +-- , 3 , {5} , {'17', '31', '86', '9', '68', '3', '1', '33', '44', '58', '66', '24', '89', '59', '19', '21', '51', '40', '64', '23', '28', '20', '78', '39', '7', '67', '49', '48'}
| | +-- , 5 , {25, 7} , {'31', '9', '68', '77', '3', '1', '33', '44', '71', '60', '58', '66', '24', '89', '6', '49', '59', '21', '40', '51', '64', '23', '28', '20', '78', '39', '7', '67', '19', '48'}
| | | +-- , 25 , set() , {'60', '6', '18', '33', '78', '32', '7', '57'}
| | | +-- , 7 , {10} , {'31', '68', '77', '34', '3', '30', '1', '33', '44', '71', '69', '58', '66', '24', '89', '49', '59', '21', '40', '51', '64', '23', '28', '88', '20', '78', '39', '83', '67', '19', '80', '48'}
| | | | +-- , 10 , {12} , {'63', '31', '68', '77', '34', '3', '72', '33', '44', '71', '69', '58', '66', '49', '89', '24', '59', '21', '40', '51', '64', '28', '88', '43', '20', '78', '39', '70', '83', '67', '19', '80', '48'}
| | | | | +-- , 12 , {17, 15} , {'62', '63', '31', '68', '77', '34', '3', '72', '33', '44', '71', '69', '58', '66', '49', '89', '24', '59', '21', '40', '64', '28', '88', '75', '43', '20', '78', '39', '70', '83', '67', '19', '80', '48'}
| | | | | | +-- , 17 , {19, 21, 23} , {'62', '66', '24', '49', '59', '31', '16', '21', '77', '80', '34', '3', '28', '88', '75', '85', '72', '43', '20', '33', '78', '39', '70', '42', '44', '19', '83', '48'}
| | | | | | | +-- , 19 , set() , {'54', '38', '27', '16', '77', '34', '3', '33', '66', '59', '22', '84', '21', '28', '88', '73', '87', '43', '13', '36', '70', '83', '19', '8'}
| | | | | | | +-- , 21 , set() , {'29', '76', '31', '16', '15', '3', '14', '72', '55', '33', '42', '44', '37', '24', '74', '47', '79', '28', '75', '85', '20', '78', '39', '49', '80', '62'}
| | | | | | | +-- , 23 , set() , {'66', '75', '85', '33', '78', '56', '42', '48'}
| | | | | | +-- , 15 , set() , {'63', '31', '68', '34', '3', '52', '72', '33', '71', '65', '69', '58', '66', '89', '2', '40', '64', '4', '67', '62'}
| +-- , 27 , {29} , {'23', '26', '59', '61', '20', '51', '31', '45', '21', '86', '9'}
| | +-- , 29 , set() , {'10', '41', '59', '35', '20', '25', '45', '9'}
| +-- , 31 , set() , {'64', '24', '21', '78', '31', '44', '19', '46'}


Max number of edges with non zero Y: 16
Max number of iterations of outer rounding loop: 6
Max number of candidate sets: 2
Time spent rounding: 9.483
Time spent solving Separator LP: 1.257
Total time spent solving: 13.953

LP Solver: GaifmanNormal
Lower Bound Witness = ({'29', '31', '32', '15', '57', '86', '34', '3', '14', '41', '1', '72', '52', '33', '45', '69', '58', '6', '89', '40', '23', '19', '62', '8', '10', '77', '55', '42', '44', '37', '24', '59', '84', '61', '64', '88', '73', '43', '18', '7', '49', '80', '54', '35', '27', '17', '76', '16', '9', '68', '26', '74', '82', '22', '47', '2', '75', '85', '25', '4', '13', '36', '70', '83', '67', '48', '46', '63', '38', '30', '71', '65', '60', '66', '56', '21', '51', '79', '28', '87', '20', '78', '39', '50'}, {'3', '24', '21', '59', '61', '35', '25', '78', '84', '31', '49', '9', '50'})