15, 0, 6.25, 8
+-- , 0 , {5, 7} , {'59', '24', '12', '54', '3', '18', '30', '0', '44', '60', '43', '1', '42', '32', '20', '56', '8', '37', '38', '19', '36', '62', '4', '61', '23', '65', '21', '25', '33', '52', '48'}
| +-- , 5 , set() , {'32', '56', '23', '25', '40', '52', '61'}
| +-- , 7 , {9, 35} , {'1', '42', '59', '24', '37', '38', '12', '19', '36', '62', '3', '18', '4', '61', '30', '0', '44', '49', '60', '23', '43', '65', '21', '25', '33'}
| | +-- , 9 , {12} , {'59', '24', '12', '3', '18', '30', '0', '44', '49', '60', '11', '43', '1', '42', '5', '37', '38', '36', '62', '4', '61', '23', '65', '21', '25', '33'}
| | | +-- , 12 , {14} , {'28', '59', '24', '12', '3', '18', '0', '44', '49', '60', '11', '43', '1', '42', '5', '37', '38', '36', '62', '4', '61', '23', '65', '21', '25', '33'}
| | | | +-- , 14 , {16} , {'28', '59', '24', '12', '3', '18', '0', '44', '49', '60', '11', '1', '42', '5', '45', '38', '37', '36', '62', '4', '61', '23', '65', '21', '25', '33', '7'}
| | | | | +-- , 16 , {33, 21, 31} , {'28', '15', '41', '59', '24', '46', '12', '3', '18', '0', '44', '49', '60', '11', '29', '1', '34', '42', '5', '45', '38', '37', '36', '4', '61', '23', '65', '21', '25', '33', '7', '22'}
| | | | | | +-- , 33 , set() , {'1', '28', '34', '41', '46', '25', '7', '51'}
| | | | | | +-- , 21 , {23, 25, 27, 29} , {'28', '15', '41', '59', '24', '46', '3', '18', '29', '0', '44', '10', '60', '11', '16', '1', '57', '42', '5', '45', '38', '37', '36', '4', '23', '21', '25', '50', '33', '7', '22'}
| | | | | | | +-- , 23 , set() , {'1', '29', '5', '38', '26', '16', '63'}
| | | | | | | +-- , 25 , set() , {'57', '53', '23', '50', '36', '7', '4', '22'}
| | | | | | | +-- , 27 , set() , {'17', '15', '60', '25', '37', '50', '22'}
| | | | | | | +-- , 29 , set() , {'1', '28', '57', '31', '59', '29', '10', '9', '45', '3', '22', '35'}
| | | | | | +-- , 31 , set() , {'15', '41', '59', '46', '12', '3', '6', '29', '44', '49', '13', '34', '45', '27', '39', '61', '65', '25', '14', '22'}
| | +-- , 35 , set() , {'1', '42', '64', '49', '43', '19', '2', '33'}


Max number of edges with non zero Y: 19
Max number of iterations of outer rounding loop: 6
Max number of candidate sets: 2
Time spent rounding: 26.388
Time spent solving Separator LP: 0.042
Total time spent solving: 30.024

LP Solver: gammaPlusFractionalCoverHeuristic
Lower Bound Witness = ({'28', '17', '15', '53', '41', '59', '24', '31', '46', '12', '26', '54', '63', '3', '18', '6', '35', '30', '29', '0', '44', '10', '60', '9', '11', '43', '16', '49', '1', '13', '57', '42', '32', '20', '56', '64', '34', '8', '5', '45', '38', '37', '19', '27', '36', '62', '4', '51', '39', '61', '23', '65', '21', '25', '50', '14', '2', '33', '7', '40', '52', '22', '48'}, {'1', '0', '5', '4', '52'})