16, 2.5649108527497044, 6.75, 8
+-- , 0 , {3, 38, 40} , {'1', '15', '31', '59', '45', '37', '19', '35', '30', '29', '44', '23', '60', '9', '25', '50', '52', '22', '48'}
| +-- , 3 , {6} , {'28', '15', '59', '41', '46', '35', '30', '29', '44', '60', '1', '34', '45', '37', '19', '51', '23', '25', '50', '7', '52', '22', '48'}
| | +-- , 6 , {13} , {'28', '15', '41', '59', '46', '24', '3', '35', '30', '29', '44', '60', '11', '1', '34', '56', '8', '45', '37', '19', '36', '62', '61', '23', '65', '25', '50', '7', '52', '22', '48'}
| | | +-- , 13 , {16} , {'28', '15', '41', '59', '24', '46', '3', '35', '30', '29', '44', '10', '60', '11', '1', '34', '57', '56', '45', '37', '19', '36', '61', '23', '65', '25', '50', '7', '52', '22', '48'}
| | | | +-- , 16 , {34, 19, 36} , {'28', '15', '41', '59', '24', '46', '3', '30', '29', '44', '10', '60', '11', '1', '57', '34', '32', '56', '45', '37', '19', '36', '4', '61', '23', '65', '21', '25', '50', '33', '7', '52', '22', '48'}
| | | | | +-- , 34 , set() , {'57', '53', '23', '50', '36', '7', '4', '22'}
| | | | | +-- , 19 , {21} , {'28', '15', '41', '59', '24', '46', '54', '3', '6', '30', '29', '44', '10', '60', '11', '16', '1', '34', '42', '32', '45', '38', '37', '19', '4', '61', '23', '65', '21', '25', '33', '22', '48'}
| | | | | | +-- , 21 , {24, 32} , {'28', '1', '34', '42', '32', '59', '46', '24', '45', '38', '19', '54', '3', '6', '39', '61', '30', '29', '44', '49', '10', '60', '11', '23', '65', '16', '21', '25', '33'}
| | | | | | | +-- , 24 , {26, 28, 30} , {'28', '1', '34', '42', '32', '46', '24', '38', '12', '19', '54', '3', '39', '61', '30', '29', '0', '44', '10', '60', '11', '43', '49', '16', '23', '65', '21', '25', '33'}
| | | | | | | | +-- , 26 , set() , {'24', '12', '26', '63', '3', '18', '30', '29', '0', '44', '10', '60', '49', '16', '1', '42', '32', '5', '38', '23', '65', '21'}
| | | | | | | | +-- , 28 , set() , {'1', '42', '64', '49', '43', '19', '2', '33'}
| | | | | | | | +-- , 30 , set() , {'34', '46', '49', '65', '12', '27', '39', '61'}
| | | | | | | +-- , 32 , set() , {'13', '59', '49', '45', '25', '14', '6', '39'}
| | | | | +-- , 36 , set() , {'32', '56', '23', '25', '40', '52', '61'}
| +-- , 38 , set() , {'30', '20', '44', '23', '60', '19', '52', '48'}
| +-- , 40 , set() , {'17', '15', '60', '25', '37', '50', '22'}


Max number of edges with non zero Y: 20
Max number of iterations of outer rounding loop: 7
Max number of candidate sets: 2
Time spent rounding: 39.573
Time spent solving Separator LP: 7.351
Total time spent solving: 55.664

LP Solver: GaifmanBoosted
Lower Bound Witness = ({'28', '15', '53', '41', '59', '24', '46', '12', '26', '54', '63', '3', '18', '6', '30', '29', '0', '44', '10', '60', '11', '43', '49', '16', '1', '13', '57', '42', '32', '34', '56', '64', '5', '45', '38', '37', '19', '27', '36', '4', '39', '61', '23', '65', '21', '25', '50', '14', '2', '33', '7', '40', '52', '22', '48'}, {'28', '15', '41', '59', '24', '46', '3', '30', '29', '44', '10', '60', '11', '1', '57', '34', '56', '45', '37', '19', '36', '61', '23', '65', '21', '25', '50', '33', '7', '52', '22', '48'})