14, 2.3574127650517664, 6.0, 6
+-- , 0 , {32, 7, 30} , {'xL23J', 'xL6J', 'xL18J', 'xL24J', 'xL7J', 'xL8J', 'xL11J', 'xL2J', 'xL19J', 'xL4J', 'xL9J'}
| +-- , 32 , set() , {'xL11J', 'xL24J', 'xL7J', 'xL19J', 'xL3J'}
| +-- , 7 , {9} , {'xL15J', 'xL23J', 'xL7J', 'xL8J', 'xL2J', 'xL19J', 'xL4J', 'xL6J', 'xL18J', 'xL11J', 'xL9J'}
| | +-- , 9 , {12, 28} , {'xL15J', 'xL23J', 'xL6J', 'xL18J', 'xL0J', 'xL7J', 'xL8J', 'xL11J', 'xL22J', 'xL2J', 'xL19J', 'xL9J'}
| | | +-- , 12 , {16, 14} , {'xL15J', 'xL23J', 'xL7J', 'xL8J', 'xL2J', 'xL19J', 'xL6J', 'xL0J', 'xL18J', 'xL11J', 'xL22J', 'xL13J'}
| | | | +-- , 16 , {18, 20} , {'xL15J', 'xL7J', 'xL8J', 'xL1J', 'xL2J', 'xL19J', 'xL6J', 'xL0J', 'xL18J', 'xL11J', 'xL22J', 'xL13J'}
| | | | | +-- , 18 , set() , {'xL10J', 'xL19J', 'xL1J'}
| | | | | +-- , 20 , {22} , {'xL15J', 'xL0J', 'xL18J', 'xL8J', 'xL1J', 'xL22J', 'xL2J', 'xL12J'}
| | | | | | +-- , 22 , {24, 26} , {'xL15J', 'xL0J', 'xL8J', 'xL22J', 'xL2J', 'xL20J', 'xL12J'}
| | | | | | | +-- , 24 , set() , {'xL20J', 'xL22J', 'xL5J'}
| | | | | | | +-- , 26 , set() , {'xL15J', 'xL8J', 'xL21J', 'xL20J'}
| | | | +-- , 14 , set() , {'xL15J', 'xL14J', 'xL0J', 'xL8J', 'xL13J'}
| | | +-- , 28 , set() , {'xL15J', 'xL23J', 'xL0J', 'xL16J', 'xL11J'}
| +-- , 30 , set() , {'xL23J', 'xL11J', 'xL8J', 'xL17J', 'xL4J'}


Max number of edges with non zero Y: 20
Max number of iterations of outer rounding loop: 6
Max number of candidate sets: 2
Time spent rounding: 32.205
Time spent solving Separator LP: 0.517

LP Solver: GaifmanBoosted