11, 0, 7.0, 7
+-- , 0 , {9} , {'xL18J', 'xL4J', 'xL24J', 'xL15J', 'xL19J', 'xL22J', 'xL0J', 'xL5J', 'xL13J', 'xL23J', 'xL7J', 'xL8J', 'xL3J', 'xL1J'}
| +-- , 9 , {11} , {'xL18J', 'xL24J', 'xL4J', 'xL7J', 'xL15J', 'xL19J', 'xL22J', 'xL0J', 'xL5J', 'xL23J', 'xL2J', 'xL8J', 'xL3J', 'xL1J'}
| | +-- , 11 , {13} , {'xL18J', 'xL24J', 'xL4J', 'xL15J', 'xL19J', 'xL22J', 'xL0J', 'xL5J', 'xL2J', 'xL17J', 'xL7J', 'xL8J', 'xL3J', 'xL1J'}
| | | +-- , 13 , {28, 15} , {'xL18J', 'xL24J', 'xL4J', 'xL15J', 'xL19J', 'xL22J', 'xL5J', 'xL10J', 'xL17J', 'xL7J', 'xL8J', 'xL3J', 'xL1J'}
| | | | +-- , 28 , set() , {'xL24J', 'xL10J', 'xL20J', 'xL17J', 'xL3J'}
| | | | +-- , 15 , {17} , {'xL18J', 'xL24J', 'xL4J', 'xL12J', 'xL15J', 'xL19J', 'xL22J', 'xL5J', 'xL10J', 'xL7J', 'xL1J'}
| | | | | +-- , 17 , {19} , {'xL18J', 'xL24J', 'xL4J', 'xL12J', 'xL19J', 'xL22J', 'xL5J', 'xL10J', 'xL7J', 'xL1J', 'xL14J'}
| | | | | | +-- , 19 , {22} , {'xL18J', 'xL24J', 'xL4J', 'xL12J', 'xL19J', 'xL22J', 'xL5J', 'xL6J', 'xL11J', 'xL10J', 'xL7J', 'xL14J'}
| | | | | | | +-- , 22 , {24} , {'xL18J', 'xL24J', 'xL4J', 'xL12J', 'xL19J', 'xL22J', 'xL5J', 'xL11J', 'xL10J', 'xL7J', 'xL16J', 'xL14J'}
| | | | | | | | +-- , 24 , {26} , {'xL18J', 'xL24J', 'xL4J', 'xL11J', 'xL10J', 'xL9J', 'xL19J', 'xL7J', 'xL16J', 'xL22J', 'xL5J', 'xL14J'}
| | | | | | | | | +-- , 26 , set() , {'xL18J', 'xL21J', 'xL9J', 'xL19J', 'xL16J', 'xL5J'}


Max number of edges with non zero Y: 21
Max number of iterations of outer rounding loop: 7
Max number of candidate sets: 2
Time spent rounding: 41.899
Time spent solving Separator LP: 0.127
Total time spent solving: 46.875

LP Solver: gammaPlusFractionalCoverHeuristic
Lower Bound Witness = ({'xL24J', 'xL4J', 'xL15J', 'xL22J', 'xL23J', 'xL7J', 'xL1J', 'xL3J', 'xL18J', 'xL12J', 'xL21J', 'xL19J', 'xL0J', 'xL5J', 'xL13J', 'xL6J', 'xL11J', 'xL10J', 'xL9J', 'xL20J', 'xL17J', 'xL2J', 'xL8J', 'xL16J', 'xL14J'}, {'xL18J', 'xL24J', 'xL3J', 'xL0J', 'xL14J'})