13, 1.9782560044381858, 6.0, 6
+-- , 0 , {6, 30} , {'xL4J', 'xL12J', 'xL10J', 'xL15J', 'xL20J', 'xL17J', 'xL2J', 'xL1J', 'xL14J'}
| +-- , 6 , {9} , {'xL4J', 'xL12J', 'xL11J', 'xL10J', 'xL9J', 'xL20J', 'xL17J', 'xL2J', 'xL16J', 'xL1J', 'xL14J'}
| | +-- , 9 , {12, 28} , {'xL18J', 'xL4J', 'xL6J', 'xL11J', 'xL10J', 'xL9J', 'xL20J', 'xL17J', 'xL2J', 'xL16J', 'xL1J', 'xL14J'}
| | | +-- , 12 , {24, 14} , {'xL18J', 'xL4J', 'xL6J', 'xL10J', 'xL9J', 'xL23J', 'xL20J', 'xL17J', 'xL2J', 'xL16J', 'xL1J', 'xL14J'}
| | | | +-- , 24 , {26} , {'xL10J', 'xL9J', 'xL23J', 'xL20J', 'xL17J', 'xL3J'}
| | | | | +-- , 26 , set() , {'xL10J', 'xL9J', 'xL17J', 'xL22J', 'xL3J'}
| | | | +-- , 14 , {16} , {'xL18J', 'xL24J', 'xL4J', 'xL6J', 'xL10J', 'xL9J', 'xL23J', 'xL20J', 'xL17J', 'xL16J', 'xL1J', 'xL14J'}
| | | | | +-- , 16 , {18} , {'xL1J', 'xL18J', 'xL24J', 'xL13J', 'xL6J', 'xL9J', 'xL23J', 'xL17J', 'xL16J', 'xL5J', 'xL14J'}
| | | | | | +-- , 18 , {20} , {'xL1J', 'xL18J', 'xL6J', 'xL21J', 'xL9J', 'xL16J', 'xL5J'}
| | | | | | | +-- , 20 , {22} , {'xL18J', 'xL6J', 'xL21J', 'xL9J', 'xL7J', 'xL1J'}
| | | | | | | | +-- , 22 , set() , {'xL21J', 'xL9J', 'xL19J', 'xL7J', 'xL1J'}
| | | +-- , 28 , set() , {'xL18J', 'xL10J', 'xL2J', 'xL8J', 'xL1J'}
| +-- , 30 , set() , {'xL15J', 'xL0J', 'xL17J'}


Max number of edges with non zero Y: 29
Max number of iterations of outer rounding loop: 7
Max number of candidate sets: 2
Time spent rounding: 21.380
Time spent solving Separator LP: 0.545
Total time spent solving: 25.795

LP Solver: GaifmanBoosted
Lower Bound Witness = ({'xL24J', 'xL4J', 'xL22J', 'xL23J', 'xL7J', 'xL1J', 'xL3J', 'xL18J', 'xL21J', 'xL19J', 'xL5J', 'xL13J', 'xL6J', 'xL11J', 'xL10J', 'xL9J', 'xL20J', 'xL17J', 'xL2J', 'xL8J', 'xL16J', 'xL14J'}, {'xL4J', 'xL6J', 'xL11J', 'xL10J', 'xL9J', 'xL20J', 'xL17J', 'xL2J', 'xL16J', 'xL1J', 'xL14J'})