21, 2.8492007690571706, 8.5, 9
+-- , 0 , {6, 40, 42, 44} , {'xL35J', 'xL0J', 'xL21J', 'xL14J', 'xL28J', 'xL11J', 'xL31J', 'xL1J', 'xL6J', 'xL36J', 'xL39J', 'xL19J', 'xL30J', 'xL12J', 'xL27J', 'xL34J', 'xL8J'}
| +-- , 6 , {8, 10} , {'xL35J', 'xL21J', 'xL0J', 'xL14J', 'xL28J', 'xL11J', 'xL31J', 'xL1J', 'xL6J', 'xL36J', 'xL39J', 'xL30J', 'xL12J', 'xL16J', 'xL27J', 'xL34J', 'xL8J'}
| | +-- , 8 , set() , {'xL25J', 'xL16J', 'xL14J', 'xL11J'}
| | +-- , 10 , {36, 12} , {'xL35J', 'xL21J', 'xL0J', 'xL14J', 'xL28J', 'xL11J', 'xL31J', 'xL1J', 'xL3J', 'xL6J', 'xL36J', 'xL30J', 'xL12J', 'xL16J', 'xL27J', 'xL34J', 'xL8J'}
| | | +-- , 36 , {38} , {'xL0J', 'xL28J', 'xL32J', 'xL31J', 'xL30J', 'xL3J', 'xL8J'}
| | | | +-- , 38 , set() , {'xL3J', 'xL32J', 'xL24J'}
| | | +-- , 12 , {34, 14} , {'xL35J', 'xL21J', 'xL0J', 'xL14J', 'xL5J', 'xL11J', 'xL28J', 'xL31J', 'xL1J', 'xL3J', 'xL6J', 'xL30J', 'xL12J', 'xL16J', 'xL27J', 'xL34J', 'xL8J'}
| | | | +-- , 34 , set() , {'xL37J', 'xL12J', 'xL27J', 'xL5J', 'xL8J'}
| | | | +-- , 14 , {16, 32, 20, 30} , {'xL35J', 'xL0J', 'xL21J', 'xL34J', 'xL16J', 'xL14J', 'xL5J', 'xL28J', 'xL31J', 'xL1J', 'xL30J', 'xL3J', 'xL29J', 'xL6J'}
| | | | | +-- , 16 , {18} , {'xL0J', 'xL21J', 'xL16J', 'xL28J', 'xL5J', 'xL9J', 'xL30J', 'xL29J'}
| | | | | | +-- , 18 , set() , {'xL15J', 'xL0J', 'xL18J', 'xL28J', 'xL9J', 'xL30J', 'xL29J'}
| | | | | +-- , 32 , set() , {'xL29J', 'xL34J', 'xL33J'}
| | | | | +-- , 20 , {26, 22} , {'xL0J', 'xL21J', 'xL14J', 'xL7J', 'xL28J', 'xL5J', 'xL1J', 'xL34J', 'xL3J', 'xL29J'}
| | | | | | +-- , 26 , {28} , {'xL4J', 'xL21J', 'xL14J', 'xL7J', 'xL28J', 'xL34J', 'xL29J', 'xL22J'}
| | | | | | | +-- , 28 , set() , {'xL21J', 'xL23J', 'xL14J', 'xL28J', 'xL34J', 'xL29J', 'xL22J'}
| | | | | | +-- , 22 , {24} , {'xL0J', 'xL3J', 'xL38J', 'xL7J'}
| | | | | | | +-- , 24 , set() , {'xL3J', 'xL0J', 'xL2J', 'xL38J'}
| | | | | +-- , 30 , set() , {'xL35J', 'xL29J', 'xL31J', 'xL26J'}
| +-- , 40 , set() , {'xL34J', 'xL13J', 'xL11J', 'xL30J', 'xL8J', 'xL20J'}
| +-- , 42 , set() , {'xL0J', 'xL14J', 'xL28J', 'xL10J', 'xL1J'}
| +-- , 44 , set() , {'xL35J', 'xL28J', 'xL17J'}


Max number of edges with non zero Y: 28
Max number of iterations of outer rounding loop: 8
Max number of candidate sets: 2
Time spent rounding: 44.819
Time spent solving Separator LP: 1.590

LP Solver: GaifmanNormal