10, 0, 7.824120603015075, 9
+-- , 5 , {3, 7, 9, 11} , {'22', '37', '41', '45', '40', '52', '46', '54', '35', '53', '30', '6', '4', '50', '10', '26', '44', '11', '34', '2', '0', '23', '13', '24', '12', '7', '17', '16', '38', '47', '27', '1', '25', '42', '14', '9'}
| +-- , 3 , {0, 13} , {'22', '37', '41', '45', '40', '51', '52', '46', '54', '35', '53', '30', '6', '4', '50', '10', '26', '44', '11', '34', '2', '0', '23', '48', '13', '24', '5', '18', '7', '17', '16', '38', '33', '47', '27', '1', '25', '14', '32', '9'}
| | +-- , 0 , {19, 15} , {'22', '37', '41', '45', '40', '51', '52', '46', '54', '35', '53', '30', '6', '4', '50', '26', '44', '11', '34', '2', '0', '23', '48', '13', '5', '18', '7', '17', '16', '38', '33', '47', '27', '1', '25', '39', '14', '32', '29', '9'}
| | | +-- , 19 , set() , {'44', '19', '34', '27', '7', '18', '26'}
| | | +-- , 15 , {17} , {'22', '31', '37', '41', '45', '40', '52', '53', '30', '4', '50', '26', '44', '11', '34', '2', '0', '23', '48', '13', '18', '7', '17', '16', '38', '3', '33', '47', '27', '1', '25', '39', '14', '32', '29', '21', '9'}
| | | | +-- , 17 , set() , {'31', '3', '44', '33', '14', '15', '21'}
| | +-- , 13 , set() , {'38', '33', '51', '37', '34', '0', '25', '13', '24', '43', '54', '35', '40', '10', '16'}
| +-- , 7 , set() , {'38', '44', '11', '37', '27', '49', '13', '42', '30', '26'}
| +-- , 9 , set() , {'38', '22', '37', '47', '2', '0', '28', '14', '12', '20', '52', '26'}
| +-- , 11 , set() , {'8', '41', '40', '52', '53', '10', '4', '6', '50', '34', '2', '23', '24', '36', '12', '7', '1', '25', '42'}


Max number of edges with non zero Y: 37
Max number of iterations of outer rounding loop: 4
Max number of candidate sets: 2
Time spent rounding: 2.488
Time spent solving Separator LP: 0.023
Total time spent solving: 3.196

LP Solver: gammaPlusFractionalCoverHeuristic
Number of Rounding Attemps: 16
Lower Bound Witness = ({'22', '31', '37', '19', '8', '28', '41', '45', '40', '20', '51', '52', '46', '54', '35', '53', '30', '6', '4', '50', '10', '26', '44', '11', '34', '2', '0', '49', '23', '48', '13', '36', '24', '5', '12', '18', '7', '17', '15', '16', '38', '3', '33', '47', '27', '1', '25', '39', '42', '14', '43', '32', '29', '21', '9'}, {'44', '3', '23', '54', '45'})