14, 0, 7.545454545454546, 10
+-- , 5 , {3} , {'38', '11', '33', '51', '27', '23', '25', '13', '42', '14', '24', '43', '54', '6', '35', '4', '16'}
| +-- , 3 , {0, 7} , {'37', '40', '51', '46', '54', '30', '6', '4', '50', '10', '26', '44', '11', '34', '2', '0', '23', '48', '13', '24', '5', '18', '7', '16', '38', '33', '27', '25', '39', '42', '14', '43', '29', '21', '9'}
| | +-- , 0 , {9, 28} , {'22', '37', '40', '51', '46', '30', '10', '6', '4', '50', '26', '44', '34', '2', '0', '23', '48', '13', '24', '5', '18', '7', '16', '38', '33', '27', '25', '39', '42', '14', '43', '29', '21', '9'}
| | | +-- , 9 , {24, 26, 12} , {'22', '37', '28', '40', '51', '52', '46', '30', '10', '6', '4', '50', '26', '44', '34', '2', '0', '23', '48', '13', '24', '5', '36', '18', '7', '17', '16', '38', '3', '33', '27', '25', '39', '42', '14', '32', '29', '21', '9'}
| | | | +-- , 24 , set() , {'46', '3', '34', '2', '0', '1', '5', '36', '10', '7', '32', '40', '30', '6', '52', '26'}
| | | | +-- , 26 , set() , {'38', '22', '37', '2', '28', '20', '26'}
| | | | +-- , 12 , {14} , {'22', '37', '28', '40', '51', '52', '46', '30', '6', '4', '50', '10', '44', '34', '2', '0', '23', '48', '13', '36', '18', '7', '17', '16', '38', '3', '33', '47', '27', '25', '39', '42', '14', '32', '29', '21', '9'}
| | | | | +-- , 14 , {16, 22} , {'22', '31', '37', '28', '40', '51', '52', '46', '30', '6', '4', '50', '10', '44', '34', '2', '0', '23', '48', '13', '36', '18', '17', '16', '38', '3', '33', '47', '27', '25', '39', '42', '14', '29', '21', '9'}
| | | | | | +-- , 16 , {18, 20} , {'22', '31', '37', '28', '41', '40', '51', '52', '46', '30', '6', '4', '50', '10', '44', '34', '2', '0', '23', '48', '13', '36', '12', '18', '17', '16', '38', '3', '47', '27', '25', '42', '14', '29', '21', '9'}
| | | | | | | +-- , 18 , set() , {'22', '31', '37', '8', '41', '40', '52', '53', '10', '4', '6', '50', '44', '34', '23', '36', '12', '3', '47', '27', '25', '42', '21', '9'}
| | | | | | | +-- , 20 , set() , {'22', '37', '45', '51', '46', '30', '10', '6', '50', '2', '13', '12', '18', '16', '38', '47', '14', '29', '21'}
| | | | | | +-- , 22 , set() , {'31', '3', '44', '33', '14', '15', '21'}
| | | +-- , 28 , set() , {'44', '19', '34', '27', '7', '18', '26'}
| | +-- , 7 , set() , {'38', '44', '11', '37', '27', '49', '13', '42', '30', '26'}


Max number of edges with non zero Y: 34
Max number of iterations of outer rounding loop: 4
Max number of candidate sets: 2
Time spent rounding: 1.594
Time spent solving Separator LP: 0.032
Total time spent solving: 2.388

LP Solver: gammaPlusFractionalCoverHeuristic
Number of Rounding Attemps: 8
Lower Bound Witness = ({'22', '31', '37', '19', '8', '28', '41', '45', '40', '20', '51', '52', '46', '54', '35', '53', '30', '6', '4', '50', '10', '26', '44', '11', '34', '2', '0', '49', '23', '48', '13', '36', '24', '5', '12', '18', '7', '17', '15', '16', '38', '3', '33', '47', '27', '1', '25', '39', '42', '14', '43', '32', '29', '21', '9'}, {'11', '49', '1', '43', '51'})