11, 0, 8.0, 9
+-- , 0 , {19, 21, 5, 23} , {'31', '37', '41', '40', '46', '54', '35', '30', '6', '4', '50', '11', '2', '23', '13', '24', '5', '18', '3', '33', '39', '22', '8', '28', '52', '53', '10', '26', '44', '34', '36', '12', '7', '15', '38', '47', '27', '1', '25', '42', '14', '21', '9'}
| +-- , 19 , set() , {'38', '44', '11', '37', '27', '49', '13', '42', '30', '26'}
| +-- , 21 , set() , {'44', '19', '34', '27', '7', '18', '26'}
| +-- , 5 , {7} , {'37', '41', '40', '46', '54', '35', '30', '6', '4', '50', '11', '2', '23', '13', '24', '5', '18', '3', '33', '39', '22', '28', '52', '10', '26', '44', '34', '0', '12', '7', '38', '47', '27', '1', '25', '42', '14', '21', '9'}
| | +-- , 7 , {9} , {'22', '37', '41', '40', '52', '46', '54', '35', '30', '6', '4', '50', '10', '26', '44', '11', '34', '2', '0', '23', '13', '24', '5', '12', '18', '7', '38', '3', '33', '47', '27', '1', '25', '39', '42', '14', '29', '21', '9'}
| | | +-- , 9 , {11} , {'22', '37', '41', '40', '52', '46', '54', '35', '30', '6', '4', '50', '10', '26', '44', '34', '2', '0', '23', '13', '24', '12', '18', '7', '38', '3', '33', '47', '27', '1', '25', '39', '42', '14', '32', '29', '21', '9'}
| | | | +-- , 11 , {17, 13, 15} , {'22', '37', '41', '40', '51', '52', '46', '54', '35', '30', '6', '4', '50', '10', '26', '44', '34', '2', '0', '23', '13', '24', '12', '18', '7', '16', '38', '3', '33', '47', '27', '25', '39', '42', '14', '32', '29', '21', '9'}
| | | | | +-- , 17 , set() , {'22', '37', '45', '51', '46', '30', '10', '6', '50', '2', '13', '12', '18', '16', '38', '47', '14', '29', '21'}
| | | | | +-- , 13 , set() , {'38', '33', '51', '37', '34', '0', '25', '13', '24', '43', '54', '35', '40', '10', '16'}
| | | | | +-- , 15 , set() , {'37', '41', '40', '51', '52', '54', '30', '6', '4', '50', '26', '44', '34', '0', '48', '13', '24', '18', '7', '17', '16', '38', '3', '27', '39', '42', '14', '32', '29', '9'}
| +-- , 23 , set() , {'38', '22', '37', '2', '28', '20', '26'}


Max number of edges with non zero Y: 29
Max number of iterations of outer rounding loop: 4
Max number of candidate sets: 2
Time spent rounding: 0.827
Time spent solving Separator LP: 0.021
Total time spent solving: 1.333

LP Solver: gammaPlusFractionalCoverHeuristic
Number of Rounding Attemps: 8
Lower Bound Witness = ({'22', '31', '37', '19', '8', '28', '41', '45', '40', '20', '51', '52', '46', '54', '35', '53', '30', '6', '4', '50', '10', '26', '44', '11', '34', '2', '0', '49', '23', '48', '13', '36', '24', '5', '12', '18', '7', '17', '15', '16', '38', '3', '33', '47', '27', '1', '25', '39', '42', '14', '43', '32', '29', '21', '9'}, {'2', '1', '36', '5', '52'})