10, 0, 7.9058295964125564, 11
+-- , 5 , {3} , {'38', '44', '11', '37', '2', '27', '49', '13', '42', '14', '54', '7', '35', '29', '30', '4', '21', '26'}
| +-- , 3 , {0, 7, 11, 15} , {'22', '37', '41', '40', '52', '46', '54', '35', '30', '6', '4', '50', '10', '26', '44', '34', '2', '0', '23', '48', '13', '36', '24', '12', '18', '7', '17', '38', '3', '33', '47', '27', '25', '39', '42', '14', '29', '21', '9'}
| | +-- , 0 , {17, 19} , {'22', '37', '41', '40', '52', '46', '54', '35', '30', '6', '4', '50', '10', '26', '34', '2', '0', '23', '48', '13', '24', '36', '12', '18', '7', '17', '38', '3', '33', '47', '27', '25', '39', '42', '14', '43', '29', '21', '9'}
| | | +-- , 17 , set() , {'22', '37', '45', '51', '46', '54', '35', '30', '6', '4', '50', '10', '26', '34', '2', '0', '23', '48', '13', '24', '12', '18', '7', '17', '16', '38', '3', '33', '47', '27', '25', '39', '14', '43', '29', '21'}
| | | +-- , 19 , set() , {'38', '22', '37', '47', '2', '0', '28', '14', '12', '20', '52', '26'}
| | +-- , 7 , {9} , {'22', '31', '44', '37', '34', '8', '23', '41', '36', '12', '4', '6', '18', '40', '52', '3', '33', '47', '27', '25', '39', '42', '14', '53', '10', '21', '50', '9'}
| | | +-- , 9 , set() , {'31', '3', '44', '33', '14', '15', '21'}
| | +-- , 11 , {13} , {'37', '40', '52', '46', '54', '30', '6', '10', '26', '44', '34', '2', '0', '23', '48', '13', '36', '24', '18', '7', '38', '3', '33', '47', '27', '1', '14', '32', '29', '21', '9'}
| | | +-- , 13 , set() , {'46', '44', '1', '23', '13', '5', '14', '10', '54', '18', '29', '40', '6', '52', '9'}
| | +-- , 15 , set() , {'44', '19', '34', '27', '7', '18', '26'}


Max number of edges with non zero Y: 33
Max number of iterations of outer rounding loop: 5
Max number of candidate sets: 2
Time spent rounding: 1.408
Time spent solving Separator LP: 0.017
Total time spent solving: 2.010

LP Solver: gammaPlusFractionalCoverHeuristic
Number of Rounding Attemps: 16
Lower Bound Witness = ({'22', '31', '37', '19', '8', '28', '41', '45', '40', '20', '51', '52', '46', '54', '35', '53', '30', '6', '4', '50', '10', '26', '44', '11', '34', '2', '0', '49', '23', '48', '13', '36', '24', '5', '12', '18', '7', '17', '15', '16', '38', '3', '33', '47', '27', '1', '25', '39', '42', '14', '43', '32', '29', '21', '9'}, {'0', '28', '41', '51', '9'})