14, 0, 7.92, 10
+-- , 11 , {9} , {'23', '60', '41', '31', '0', '86', '27', '30', '69', '83', '59', '70', '66', '17', '73', '74', '25', '84', '4', '36', '54', '67', '68', '15', '3', '26', '81', '79', '78', '85', '77', '87', '22', '58', '5', '82', '8', '45'}
| +-- , 9 , {6, 13} , {'60', '31', '80', '76', '65', '27', '72', '59', '6', '13', '66', '17', '62', '75', '84', '4', '36', '54', '67', '88', '49', '15', '53', '26', '79', '85', '22', '58', '45', '23', '41', '34', '2', '39', '86', '30', '69', '83', '70', '73', '33', '25', '68', '47', '3', '81', '46', '24', '78', '63', '32', '77', '87', '5', '82', '8', '38'}
| | +-- , 6 , {3} , {'60', '80', '76', '65', '27', '72', '6', '13', '17', '62', '75', '84', '4', '36', '67', '88', '49', '21', '15', '53', '79', '48', '85', '22', '58', '45', '34', '2', '39', '86', '30', '83', '70', '73', '33', '68', '47', '81', '46', '24', '78', '63', '32', '77', '5', '38'}
| | | +-- , 3 , {0} , {'60', '80', '76', '65', '27', '72', '6', '44', '13', '17', '62', '75', '84', '67', '43', '88', '15', '53', '79', '48', '85', '22', '58', '45', '34', '86', '30', '83', '70', '73', '33', '47', '81', '46', '24', '78', '63', '32', '77', '5', '38'}
| | | | +-- , 0 , {29} , {'60', '42', '80', '34', '86', '76', '65', '1', '30', '72', '83', '6', '44', '70', '13', '17', '33', '62', '75', '84', '67', '43', '88', '47', '15', '53', '81', '46', '24', '63', '32', '48', '85', '22', '58', '5', '38', '45'}
| | | | | +-- , 29 , set() , {'60', '42', '80', '34', '86', '76', '65', '1', '30', '83', '70', '13', '35', '17', '33', '62', '84', '67', '61', '88', '47', '15', '81', '24', '63', '32', '14', '48', '22', '58', '5', '38', '45'}
| | +-- , 13 , {27, 15} , {'31', '80', '76', '65', '72', '59', '6', '40', '13', '66', '17', '62', '75', '4', '36', '54', '88', '49', '53', '26', '28', '50', '85', '22', '45', '23', '41', '12', '34', '2', '39', '86', '30', '69', '83', '70', '73', '33', '25', '68', '47', '3', '81', '46', '24', '78', '63', '32', '87', '5', '82', '8', '38'}
| | | +-- , 27 , set() , {'29', '54', '41', '12', '40', '70', '76', '28', '62', '75', '26', '69'}
| | | +-- , 15 , {17} , {'31', '80', '11', '76', '65', '72', '59', '6', '40', '13', '66', '17', '62', '75', '4', '36', '54', '88', '49', '53', '26', '28', '50', '85', '22', '45', '23', '12', '34', '2', '39', '86', '30', '83', '73', '33', '25', '68', '47', '3', '81', '46', '24', '78', '63', '32', '87', '5', '82', '8', '38'}
| | | | +-- , 17 , {19, 21} , {'31', '80', '11', '76', '72', '59', '6', '40', '13', '66', '17', '62', '75', '4', '36', '54', '88', '49', '53', '26', '28', '50', '52', '85', '22', '45', '12', '2', '39', '86', '83', '73', '33', '25', '68', '47', '3', '81', '46', '24', '78', '63', '32', '87', '5', '82', '8', '38'}
| | | | | +-- , 19 , set() , {'56', '31', '80', '51', '86', '76', '13', '66', '17', '33', '25', '4', '54', '88', '49', '47', '26', '81', '46', '24', '63', '32', '55', '50', '52', '22', '7', '5', '38'}
| | | | | +-- , 21 , {25, 23} , {'12', '31', '11', '2', '39', '86', '20', '72', '59', '83', '6', '40', '66', '17', '73', '33', '62', '25', '75', '10', '4', '37', '36', '54', '68', '88', '49', '47', '3', '53', '26', '28', '24', '78', '50', '52', '85', '87', '22', '5', '82', '8', '38', '45'}
| | | | | | +-- , 25 , set() , {'11', '19', '20', '72', '83', '6', '40', '62', '25', '75', '68', '28', '26', '50', '52', '87', '22', '82', '8', '45'}
| | | | | | +-- , 23 , set() , {'36', '31', '33', '57', '87', '10', '49', '64', '20', '5', '45'}


Max number of edges with non zero Y: 20
Max number of iterations of outer rounding loop: 4
Max number of candidate sets: 2
Time spent rounding: 0.367
Time spent solving Separator LP: 0.041
Total time spent solving: 1.472

LP Solver: gammaPlusFractionalCoverHeuristic
Number of Rounding Attemps: 1
Lower Bound Witness = ({'60', '31', '80', '19', '27', '59', '6', '44', '40', '17', '62', '10', '36', '67', '53', '26', '28', '14', '50', '52', '22', '58', '45', '56', '41', '12', '0', '34', '30', '37', '68', '47', '81', '46', '24', '55', '77', '5', '64', '82', '8', '11', '76', '65', '1', '72', '13', '66', '74', '75', '84', '4', '29', '54', '43', '88', '49', '21', '15', '79', '48', '85', '57', '7', '23', '42', '2', '51', '39', '86', '20', '69', '83', '70', '35', '73', '33', '25', '61', '3', '78', '63', '32', '87', '38'}, {'14', '68', '15', '53', '69'})