22, 5.0, 8.0, 8
+-- , 0 , {36, 38, 40, 9, 44, 46, 48} , {'xL11J', 'xL36J', 'xL9J', 'xL25J', 'xL21J', 'xL38J', 'xL5J', 'xL12J', 'xL31J', 'xL20J', 'xL15J', 'xL35J', 'xL2J', 'xL30J'}
| +-- , 36 , set() , {'xL29J', 'xL35J', 'xL38J', 'xL30J'}
| +-- , 38 , set() , {'xL33J', 'xL36J', 'xL12J', 'xL26J', 'xL15J'}
| +-- , 40 , {42} , {'xL9J', 'xL36J', 'xL21J', 'xL5J', 'xL7J', 'xL12J', 'xL20J', 'xL2J'}
| | +-- , 42 , set() , {'xL3J', 'xL21J', 'xL5J', 'xL7J', 'xL12J', 'xL20J', 'xL2J'}
| +-- , 9 , {11} , {'xL11J', 'xL36J', 'xL21J', 'xL5J', 'xL20J', 'xL9J', 'xL25J', 'xL38J', 'xL12J', 'xL31J', 'xL6J', 'xL15J', 'xL2J', 'xL30J'}
| | +-- , 11 , {13} , {'xL11J', 'xL36J', 'xL21J', 'xL5J', 'xL20J', 'xL9J', 'xL38J', 'xL12J', 'xL31J', 'xL16J', 'xL6J', 'xL15J', 'xL2J', 'xL30J'}
| | | +-- , 13 , {15} , {'xL36J', 'xL21J', 'xL5J', 'xL20J', 'xL14J', 'xL9J', 'xL38J', 'xL12J', 'xL31J', 'xL16J', 'xL6J', 'xL15J', 'xL2J', 'xL30J'}
| | | | +-- , 15 , {32, 18, 28, 30} , {'xL17J', 'xL36J', 'xL21J', 'xL5J', 'xL20J', 'xL14J', 'xL9J', 'xL4J', 'xL38J', 'xL12J', 'xL31J', 'xL6J', 'xL22J', 'xL15J', 'xL2J', 'xL30J'}
| | | | | +-- , 32 , {34} , {'xL24J', 'xL6J', 'xL9J', 'xL22J', 'xL12J'}
| | | | | | +-- , 34 , set() , {'xL6J', 'xL22J', 'xL19J', 'xL24J'}
| | | | | +-- , 18 , {20} , {'xL17J', 'xL21J', 'xL20J', 'xL9J', 'xL4J', 'xL38J', 'xL31J', 'xL22J', 'xL0J', 'xL15J', 'xL2J', 'xL30J'}
| | | | | | +-- , 20 , {26, 22} , {'xL17J', 'xL9J', 'xL4J', 'xL23J', 'xL38J', 'xL21J', 'xL31J', 'xL18J', 'xL22J', 'xL20J', 'xL0J', 'xL15J', 'xL2J'}
| | | | | | | +-- , 26 , set() , {'xL4J', 'xL1J', 'xL31J', 'xL18J', 'xL2J'}
| | | | | | | +-- , 22 , {24} , {'xL18J', 'xL23J', 'xL38J', 'xL21J', 'xL15J', 'xL10J'}
| | | | | | | | +-- , 24 , set() , {'xL39J', 'xL38J', 'xL10J'}
| | | | | +-- , 28 , set() , {'xL8J', 'xL36J', 'xL38J', 'xL13J', 'xL22J', 'xL14J'}
| | | | | +-- , 30 , set() , {'xL17J', 'xL34J', 'xL38J', 'xL30J'}
| +-- , 44 , set() , {'xL37J', 'xL12J', 'xL21J'}
| +-- , 46 , set() , {'xL15J', 'xL20J', 'xL32J', 'xL30J'}
| +-- , 48 , {50} , {'xL28J', 'xL9J', 'xL30J'}
| | +-- , 50 , set() , {'xL28J', 'xL27J'}


Max number of edges with non zero Y: 6
Max number of iterations of outer rounding loop: 0
Max number of candidate sets: 0
Time spent rounding: 0.000
Time spent solving Separator LP: 12.181

LP Solver: GaifmanNormalILP