357, 0.9999995000000002, 5.0, 5
+-- , 0 , {3, 475, 762, 635} , {'PRESSUREATP2_N16___124_', 'PRESSUREATP2_N17___125_', 'FLOWOUTATP2_N17___125_', 'FLOWINATP1_N1___57_', 'PRESSUREATP1_N2___58_', 'N1_S_N2__116_', 'FLOWOUTATP1_N2___58_', 'PRESSUREATP1_N1___57_', 'FLOWOUTATP2_N16___124_'}
| +-- , 3 , {469, 6, 471, 218, 473} , {'PRESSUREATP2_N16___124_', 'FLOWINATP1_LV5___34_', 'PRESSUREATP1_LV5___34_', 'FLOWOUTATP2_LV5___34_', 'PRESSUREATP2_N17___125_', 'PRESSUREATP2_LV5___34_', 'RESISTANCEATINTERN_LV5___34_', 'FLOWOUTATP2_N17___125_', 'PRESSUREATP1_N1___57_', 'FLOWINATP1_N1___57_', 'POSITIONATINTERN_LV5___34_', 'FLOWOUTATP2_N16___124_'}
| | +-- , 469 , set() , {'POSITIONATINTERN_LV5___34_', 'RESINTCONST_LV5___34_', 'RESISTANCEATINTERN_LV5___34_'}
| | +-- , 6 , {214, 216, 8} , {'PRESSUREATP2_N16___124_', 'FLOWINATP1_LV5___34_', 'PRESSUREATP1_LV5___34_', 'FLOWINATP1_N11___75_', 'FLOWINATP1_N1___57_', 'PRESSUREATP1_N11___75_', 'PRESSUREATP1_N1___57_', 'FLOWOUTATP2_N16___124_'}
| | | +-- , 214 , set() , {'PRESSUREATP1_LV5___34_', 'N11_S_LV5__76_', 'FLOWINATP1_N11___75_', 'FLOWOUTATP1_LV5___34_', 'PRESSUREATP1_N11___75_', 'FLOWINATP1_LV5___34_'}
| | | +-- , 216 , set() , {'FLOWINATP1_N11___75_', 'FLOWOUTATP1_N11___75_'}
| | | +-- , 8 , {115, 10} , {'FLOWOUTATP2_LV4___9_', 'FLOWINATP1_N11___75_', 'PRESSUREATP1_N1___57_', 'PRESSUREATP2_LV4___9_', 'FLOWINATP1_N1___57_', 'PRESSUREATP1_N11___75_', 'PRESSUREATP2_N16___124_', 'FLOWOUTATP2_N16___124_'}
| | | | +-- , 115 , {212, 117} , {'FLOWOUTATP2_LV4___9_', 'PRESSUREATP3_N15___123_', 'FLOWOUTATP3_N15___123_', 'PRESSUREATP1_N1___57_', 'PRESSUREATP2_LV4___9_', 'FLOWINATP1_N1___57_', 'PRESSUREATP2_N16___124_', 'FLOWOUTATP2_N16___124_'}
| | | | | +-- , 212 , set() , {'LV4_S_N15__135_', 'FLOWOUTATP2_LV4___9_', 'FLOWOUTATP3_N15___123_', 'FLOWINATP2_LV4___9_', 'PRESSUREATP2_LV4___9_', 'PRESSUREATP3_N15___123_'}
| | | | | +-- , 117 , {120, 210} , {'FLOWOUTATP2_PROF1___41_', 'FLOWOUTATP3_N15___123_', 'PRESSUREATP2_LV9___39_', 'FLOWOUTATP2_N16___124_', 'PRESSUREATP2_N16___124_', 'LV9_S_PROF1__122_', 'PRESSUREATP2_PROF1___41_', 'FLOWINATP2_LV9___39_', 'FLOWINATP1_N1___57_', 'PRESSUREATP3_N15___123_', 'PRESSUREATP1_N1___57_'}
| | | | | | +-- , 120 , {122, 158} , {'PRESSUREATP1_LV10___40_', 'FLOWOUTATP2_PROF1___41_', 'PRESSUREATP2_PROF1___41_', 'FLOWINATP1_LV10___40_', 'FLOWOUTATP3_N15___123_', 'PRESSUREATP1_N1___57_', 'FLOWINATP2_LV9___39_', 'FLOWINATP1_N1___57_', 'PRESSUREATP2_LV9___39_', 'PRESSUREATP3_N15___123_', 'PRESSUREATP2_N16___124_', 'FLOWOUTATP2_N16___124_'}
| | | | | | | +-- , 122 , {124, 134} , {'PRESSUREATP1_LV10___40_', 'PRESSUREATP3_N15___123_', 'FLOWINATP1_LV10___40_', 'FLOWOUTATP3_N15___123_', 'FLOWINATP2_LV9___39_', 'PRESSUREATP2_LV9___39_', 'FLOWOUTATP3_N16___124_', 'PRESSUREATP3_N16___124_', 'PRESSUREATP2_N16___124_', 'FLOWOUTATP2_N16___124_'}
| | | | | | | | +-- , 124 , {126} , {'PRESSUREATP1_LV10___40_', 'FLOWINATP2_N16___124_', 'FLOWINATP1_LV10___40_', 'FLOWOUTATP3_N16___124_', 'PRESSUREATP3_N16___124_', 'PRESSUREATP2_N16___124_', 'FLOWOUTATP2_N16___124_'}
| | | | | | | | | +-- , 126 , {128} , {'PRESSUREATP1_LV10___40_', 'FLOWINATP2_N16___124_', 'PRESSUREATP1_N16___124_', 'FLOWINATP1_LV10___40_', 'FLOWINATP3_N16___124_', 'FLOWOUTATP3_N16___124_', 'PRESSUREATP3_N16___124_', 'PRESSUREATP2_N16___124_'}
| | | | | | | | | | +-- , 128 , {130, 132} , {'PRESSUREATP1_LV10___40_', 'FLOWINATP1_LV10___40_', 'FLOWINATP3_N16___124_', 'FLOWINATP1_N16___124_', 'FLOWINATP2_N16___124_', 'PRESSUREATP1_N16___124_'}
| | | | | | | | | | | +-- , 130 , set() , {'PRESSUREATP1_LV10___40_', 'N16_S_LV10__128_', 'PRESSUREATP1_N16___124_', 'FLOWINATP1_LV10___40_', 'FLOWINATP1_N16___124_', 'FLOWOUTATP1_LV10___40_'}
| | | | | | | | | | | +-- , 132 , set() , {'FLOWOUTATP1_N16___124_', 'FLOWINATP1_N16___124_'}
| | | | | | | | +-- , 134 , {136, 156} , {'N15_S_N16__130_', 'PRESSUREATP3_N16___124_', 'FLOWOUTATP3_N15___123_', 'FLOWINATP2_LV9___39_', 'PRESSUREATP2_N15___123_', 'FLOWINATP2_N15___123_', 'PRESSUREATP2_LV9___39_', 'FLOWOUTATP3_N16___124_', 'PRESSUREATP3_N15___123_'}
| | | | | | | | | +-- , 136 , {154, 152, 138} , {'FLOWOUTATP3_N15___123_', 'FLOWINATP2_LV9___39_', 'FLOWINATP1_N15___123_', 'PRESSUREATP2_N15___123_', 'FLOWINATP2_N15___123_', 'PRESSUREATP2_LV9___39_', 'PRESSUREATP3_N15___123_'}
| | | | | | | | | | +-- , 154 , set() , {'FLOWINATP2_N15___123_', 'FLOWOUTATP3_N15___123_', 'FLOWINATP1_N15___123_', 'FLOWINATP3_N15___123_'}
| | | | | | | | | | +-- , 152 , set() , {'FLOWINATP1_N15___123_', 'FLOWOUTATP1_N15___123_'}
| | | | | | | | | | +-- , 138 , {140} , {'FLOWINATP1_N15___123_', 'PRESSUREATP1_N15___123_', 'FLOWINATP2_LV9___39_', 'PRESSUREATP2_N15___123_', 'PRESSUREATP2_LV9___39_', 'PRESSUREATP3_N15___123_'}
| | | | | | | | | | | +-- , 140 , {142} , {'FLOWINATP1_N15___123_', 'N15_S_LV9__127_', 'FLOWOUTATP1_LV9___39_', 'PRESSUREATP1_LV9___39_', 'PRESSUREATP1_N15___123_', 'FLOWINATP2_LV9___39_', 'PRESSUREATP2_LV9___39_'}
| | | | | | | | | | | | +-- , 142 , {146, 148, 150} , {'FLOWOUTATP2_LV9___39_', 'FLOWOUTATP1_LV9___39_', 'FLOWINATP1_LV9___39_', 'RESISTANCEATINTERN_LV9___39_', 'PRESSUREATP1_LV9___39_', 'POSITIONATINTERN_LV9___39_', 'FLOWINATP2_LV9___39_', 'PRESSUREATP2_LV9___39_'}
| | | | | | | | | | | | | +-- , 146 , set() , {'RESISTANCEATINTERN_LV9___39_', 'RESINTCONST_LV9___39_', 'POSITIONATINTERN_LV9___39_'}
| | | | | | | | | | | | | +-- , 148 , set() , {'POSITIONATINTERN_LV9___39_', 'LV9__39_', 'COMMANDATP3_LV9___39_'}
| | | | | | | | | | | | | +-- , 150 , set() , {'POSITIONATINTERN_LV9___39_', 'MEASUREDPOSITIONATINTERN_LV9___39_'}
| | | | | | | | | +-- , 156 , set() , {'FLOWINATP2_N15___123_', 'FLOWOUTATP2_N15___123_'}
| | | | | | | +-- , 158 , {208, 160, 162, 206} , {'PRESSUREATP1_LV10___40_', 'POSITIONATINTERN_LV10___40_', 'PRESSUREATP2_LV10___40_', 'FLOWOUTATP2_PROF1___41_', 'PRESSUREATP2_PROF1___41_', 'FLOWOUTATP2_LV10___40_', 'FLOWINATP1_LV10___40_', 'RESISTANCEATINTERN_LV10___40_', 'FLOWINATP1_N1___57_', 'PRESSUREATP1_N1___57_'}
| | | | | | | | +-- , 208 , set() , {'POSITIONATINTERN_LV10___40_', 'MEASUREDPOSITIONATINTERN_LV10___40_'}
| | | | | | | | +-- , 160 , set() , {'POSITIONATINTERN_LV10___40_', 'LV10__40_', 'COMMANDATP3_LV10___40_'}
| | | | | | | | +-- , 162 , {164, 196, 204} , {'PRESSUREATPOUT_TANK2___51_', 'FLOWOUTATPOUT_TANK2___51_', 'PRESSUREATP2_LV10___40_', 'FLOWOUTATP2_PROF1___41_', 'PRESSUREATP2_PROF1___41_', 'FLOWOUTATP2_LV10___40_', 'FLOWINATP1_N1___57_', 'PRESSUREATP1_N1___57_'}
| | | | | | | | | +-- , 164 , {170, 166} , {'FLOWOUTATP3_N1___57_', 'PRESSUREATP3_N1___57_', 'PRESSUREATPOUT_TANK2___51_', 'FLOWOUTATPOUT_TANK2___51_', 'PRESSUREATP2_LV10___40_', 'FLOWOUTATP2_LV10___40_', 'FLOWINATP1_N1___57_', 'PRESSUREATP1_N1___57_'}
| | | | | | | | | | +-- , 170 , {194, 172} , {'PRESSUREATP3_N1___57_', 'FLOWOUTATP3_N1___57_', 'PRESSUREATP2_LV10___40_', 'FLOWOUTATP2_LV10___40_', 'PRESSUREATP2_N1___57_', 'FLOWINATP2_N1___57_', 'FLOWINATP1_N1___57_', 'PRESSUREATP1_N1___57_'}
| | | | | | | | | | | +-- , 194 , set() , {'FLOWOUTATP3_N1___57_', 'FLOWINATP2_N1___57_', 'FLOWINATP1_N1___57_', 'FLOWINATP3_N1___57_'}
| | | | | | | | | | | +-- , 172 , {192, 174} , {'PRESSUREATP2_LV10___40_', 'PRESSUREATPIN_TANK1___50_', 'FLOWINATPIN_TANK1___50_', 'FLOWOUTATP2_LV10___40_', 'PRESSUREATP2_N1___57_', 'FLOWOUTATP2_N1___57_', 'FLOWINATP2_N1___57_', 'TANK1_S_N1__117_'}
| | | | | | | | | | | | +-- , 192 , set() , {'FLOWINATPIN_TANK1___50_', 'FLOWOUTATPIN_TANK1___50_'}
| | | | | | | | | | | | +-- , 174 , {176, 186, 190} , {'FLOWINATP1_PROF2___43_', 'PRESSUREATP2_LV10___40_', 'PRESSUREATPIN_TANK1___50_', 'FLOWINATPIN_TANK1___50_', 'FLOWOUTATP2_LV10___40_', 'PRESSUREATP1_PROF2___43_'}
| | | | | | | | | | | | | +-- , 176 , {184, 178} , {'FLOWINATP1_PROF2___43_', 'PRESSUREATP2_PROF2___43_', 'RESISTANCEATINTERN_PROF2___43_', 'PRESSUREATP1_PROF2___43_', 'PRESSUREATP2_LV10___40_', 'FLOWOUTATP2_LV10___40_'}
| | | | | | | | | | | | | | +-- , 184 , set() , {'RESISTANCEATINTERN_PROF2___43_', 'RESINTCONST_PROF2___43_', 'PROF2__43_'}
| | | | | | | | | | | | | | +-- , 178 , {180, 182} , {'FLOWINATP1_PROF2___43_', 'PRESSUREATP2_PROF2___43_', 'PRESSUREATP2_LV10___40_', 'FLOWOUTATP2_PROF2___43_', 'FLOWOUTATP2_LV10___40_'}
| | | | | | | | | | | | | | | +-- , 180 , set() , {'LV10_S_PROF2__121_', 'PRESSUREATP2_LV10___40_', 'FLOWOUTATP2_PROF2___43_', 'FLOWOUTATP2_LV10___40_', 'PRESSUREATP2_PROF2___43_', 'FLOWINATP2_LV10___40_'}
| | | | | | | | | | | | | | | +-- , 182 , set() , {'FLOWOUTATP2_PROF2___43_', 'FLOWINATP2_PROF2___43_'}
| | | | | | | | | | | | | +-- , 186 , {188} , {'FLOWINATP1_PROF2___43_', 'PRESSUREATPOUT_TANK1___50_', 'PRESSUREATP1_PROF2___43_', 'FLOWOUTATPOUT_TANK1___50_', 'PRESSUREATPIN_TANK1___50_', 'FLOWINATPIN_TANK1___50_', 'PROF2_S_TANK1__120_'}
| | | | | | | | | | | | | | +-- , 188 , set() , {'FLOWINATPOUT_TANK1___50_', 'FLOWOUTATPOUT_TANK1___50_'}
| | | | | | | | | | | | | +-- , 190 , set() , {'FLOWINATP1_PROF2___43_', 'FLOWOUTATP1_PROF2___43_'}
| | | | | | | | | | +-- , 166 , {168} , {'FLOWOUTATP3_N1___57_', 'PRESSUREATP3_N1___57_', 'FLOWINATPIN_TANK2___51_', 'PRESSUREATPOUT_TANK2___51_', 'FLOWOUTATPOUT_TANK2___51_', 'PRESSUREATPIN_TANK2___51_', 'TANK2_S_N1__118_'}
| | | | | | | | | | | +-- , 168 , set() , {'FLOWOUTATPIN_TANK2___51_', 'FLOWINATPIN_TANK2___51_'}
| | | | | | | | | +-- , 196 , {202, 198} , {'FLOWINATP1_PROF1___41_', 'FLOWOUTATPOUT_TANK2___51_', 'PRESSUREATP1_PROF1___41_', 'PRESSUREATPOUT_TANK2___51_', 'FLOWOUTATP2_PROF1___41_', 'PROF1_S_TANK2__119_', 'PRESSUREATP2_PROF1___41_'}
| | | | | | | | | | +-- , 202 , set() , {'FLOWINATP1_PROF1___41_', 'FLOWOUTATP1_PROF1___41_'}
| | | | | | | | | | +-- , 198 , {200} , {'FLOWINATP1_PROF1___41_', 'PRESSUREATP1_PROF1___41_', 'RESISTANCEATINTERN_PROF1___41_', 'PRESSUREATP2_PROF1___41_'}
| | | | | | | | | | | +-- , 200 , set() , {'RESINTCONST_PROF1___41_', 'RESISTANCEATINTERN_PROF1___41_', 'PROF1__41_'}
| | | | | | | | | +-- , 204 , set() , {'FLOWINATPOUT_TANK2___51_', 'FLOWOUTATPOUT_TANK2___51_'}
| | | | | | | | +-- , 206 , set() , {'RESISTANCEATINTERN_LV10___40_', 'POSITIONATINTERN_LV10___40_', 'RESINTCONST_LV10___40_'}
| | | | | | +-- , 210 , set() , {'FLOWOUTATP2_PROF1___41_', 'FLOWINATP2_PROF1___41_'}
| | | | +-- , 10 , {113, 109, 12, 111} , {'FLOWINATP1_LV4___9_', 'RESISTANCEATINTERN_LV4___9_', 'FLOWOUTATP2_LV4___9_', 'FLOWINATP1_N11___75_', 'PRESSUREATP1_LV4___9_', 'PRESSUREATP2_LV4___9_', 'PRESSUREATP1_N11___75_', 'POSITIONATINTERN_LV4___9_'}
| | | | | +-- , 113 , set() , {'LV4__9_', 'COMMANDATP3_LV4___9_', 'POSITIONATINTERN_LV4___9_'}
| | | | | +-- , 109 , set() , {'MEASUREDPOSITIONATINTERN_LV4___9_', 'POSITIONATINTERN_LV4___9_'}
| | | | | +-- , 12 , {14} , {'FLOWINATP1_LV4___9_', 'FLOWINATP1_N11___75_', 'FLOWOUTATP1_LV4___9_', 'PRESSUREATP1_LV4___9_', 'PRESSUREATP1_N11___75_'}
| | | | | | +-- , 14 , {16, 107} , {'FLOWINATP1_N11___75_', 'FLOWOUTATP1_LV4___9_', 'PRESSUREATP1_N10___74_', 'PRESSUREATP1_LV4___9_', 'FLOWINATP1_N10___74_', 'PRESSUREATP1_N11___75_', 'N10_S_LV4__79_'}
| | | | | | | +-- , 16 , {103, 101, 24, 105, 61} , {'PRESSUREATP1B_LV1___60_', 'FLOWINATP1B_LV6___62_', 'PRESSUREATP1_N10___74_', 'FLOWOUTATP1B_LV6___62_', 'FLOWINATP1_N10___74_', 'FLOWOUTATP2B_LV6___62_', 'RESISTANCEATINTERN_LV1___60_', 'PRESSUREATP2B_LV6___62_', 'POSITIONATINTERN_LV1___60_', 'FLOWINATP1_N11___75_', 'PRESSUREATP2B_LV1___60_', 'FLOWINATP1B_LV1___60_', 'FLOWOUTATP2B_LV1___60_', 'PRESSUREATP1_N11___75_'}
| | | | | | | | +-- , 103 , set() , {'LV1__60_', 'POSITIONATINTERN_LV1___60_', 'COMMANDATP3_LV1___60_'}
| | | | | | | | +-- , 101 , set() , {'POSITIONATINTERN_LV1___60_', 'RESINTCONST_LV1___60_', 'RESISTANCEATINTERN_LV1___60_'}
| | | | | | | | +-- , 24 , {26, 57} , {'PRESSUREATP1B_LV1___60_', 'POSITIONATINTERN_LV1___60_', 'FLOWINATP1B_LV1___60_', 'PRESSUREATP1_N10___74_', 'FLOWINATP3_N10___74_', 'FLOWINATP1_N10___74_', 'FLOWOUTATP2B_LV6___62_', 'RESISTANCEATINTERN_LV1___60_', 'PRESSUREATP2B_LV6___62_', 'PRESSUREATP3_N10___74_'}
| | | | | | | | | +-- , 26 , {28} , {'PRESSUREATP1B_LV1___60_', 'POSITIONATINTERN_LV1___60_', 'LV1_S_N10__81_', 'FLOWINATP3_N10___74_', 'RESISTANCEATINTERN_LV1___60_', 'FLOWINATP2A_LV1___60_', 'FLOWINATP1B_LV1___60_', 'FLOWOUTATP3_N10___74_', 'PRESSUREATP2A_LV1___60_', 'PRESSUREATP3_N10___74_'}
| | | | | | | | | | +-- , 28 , {55, 30} , {'PRESSUREATP1B_LV1___60_', 'POSITIONATINTERN_LV1___60_', 'PRESSUREATP1A_LV1___60_', 'RESISTANCEATINTERN_LV1___60_', 'FLOWINATP1A_LV1___60_', 'FLOWINATP2A_LV1___60_', 'FLOWINATP1B_LV1___60_', 'PRESSUREATP2A_LV1___60_'}
| | | | | | | | | | | +-- , 55 , set() , {'POSITIONATINTERN_LV1___60_', 'FLOWOUTATP2A_LV1___60_', 'PRESSUREATP1A_LV1___60_', 'FLOWINATP1A_LV1___60_', 'FLOWINATP2A_LV1___60_', 'RESISTANCEATINTERN_LV1___60_', 'PRESSUREATP2A_LV1___60_'}
| | | | | | | | | | | +-- , 30 , {32, 51, 53} , {'PRESSUREATP1B_LV1___60_', 'PRESSUREATP2_TT1___61_', 'PRESSUREATP1A_LV1___60_', 'FLOWINATP1A_LV1___60_', 'FLOWINATP1B_LV1___60_', 'FLOWINATP2_TT1___61_'}
| | | | | | | | | | | | +-- , 32 , {49, 37, 41} , {'FLOWINATP1_TT1___61_', 'PRESSUREATP1_TT1___61_', 'FLOWOUTATP1A_LV1___60_', 'PRESSUREATP2_TT1___61_', 'PRESSUREATP1A_LV1___60_', 'R2ATINTERN_TT1___61_', 'FLOWINATP1A_LV1___60_', 'TT1_S_LV1__67_', 'FLOWINATP2_TT1___61_'}
| | | | | | | | | | | | | +-- , 49 , set() , {'FLOWINATP1_TT1___61_', 'FLOWOUTATP1_TT1___61_'}
| | | | | | | | | | | | | +-- , 37 , {39} , {'PRESSUREATP2_TT1___61_', 'PRESSUREATP1_TT1___61_', 'PRESSUREATP3_TT1___61_'}
| | | | | | | | | | | | | | +-- , 39 , set() , {'TEMPERATUREATP4_TT1___61_', 'PRESSUREATP3_TT1___61_'}
| | | | | | | | | | | | | +-- , 41 , {43} , {'PRESSUREATP1_TT1___61_', 'FLOWINATP1_TT1___61_', 'R1ATINTERN_TT1___61_', 'R2ATINTERN_TT1___61_', 'FLOWINATP2_TT1___61_'}
| | | | | | | | | | | | | | +-- , 43 , {45, 47} , {'R2ATINTERN_TT1___61_', 'FLOWINATP2_TT1___61_', 'FLOWINATP1_TT1___61_', 'R1ATINTERN_TT1___61_', 'BOTHFLOWSPRESENTATINTERN_TT1___61_'}
| | | | | | | | | | | | | | | +-- , 45 , set() , {'R1ATINTERN_TT1___61_', 'INTRES1CONST_TT1___61_', 'BOTHFLOWSPRESENTATINTERN_TT1___61_'}
| | | | | | | | | | | | | | | +-- , 47 , set() , {'R2ATINTERN_TT1___61_', 'BOTHFLOWSPRESENTATINTERN_TT1___61_', 'INTRES2CONST_TT1___61_'}
| | | | | | | | | | | | +-- , 51 , set() , {'PRESSUREATP1B_LV1___60_', 'FLOWOUTATP1B_LV1___60_', 'PRESSUREATP2_TT1___61_', 'TT1_S_LV1__55_', 'FLOWINATP1B_LV1___60_', 'FLOWINATP2_TT1___61_'}
| | | | | | | | | | | | +-- , 53 , set() , {'FLOWINATP2_TT1___61_', 'FLOWOUTATP2_TT1___61_'}
| | | | | | | | | +-- , 57 , {59} , {'PRESSUREATP1_N10___74_', 'FLOWINATP2_N10___74_', 'FLOWINATP3_N10___74_', 'FLOWINATP1_N10___74_', 'PRESSUREATP2_N10___74_', 'FLOWOUTATP2B_LV6___62_', 'PRESSUREATP3_N10___74_', 'PRESSUREATP2B_LV6___62_'}
| | | | | | | | | | +-- , 59 , set() , {'LV6_S_N10__80_', 'FLOWINATP2_N10___74_', 'PRESSUREATP2_N10___74_', 'FLOWOUTATP2B_LV6___62_', 'FLOWINATP2B_LV6___62_', 'FLOWOUTATP2_N10___74_', 'PRESSUREATP2B_LV6___62_'}
| | | | | | | | +-- , 105 , set() , {'POSITIONATINTERN_LV1___60_', 'MEASUREDPOSITIONATINTERN_LV1___60_'}
| | | | | | | | +-- , 61 , {65, 97, 99, 63} , {'RESISTANCEATINTERN_LV6___62_', 'FLOWINATP1_N11___75_', 'FLOWINATP1B_LV6___62_', 'FLOWOUTATP1B_LV6___62_', 'PRESSUREATP2B_LV1___60_', 'FLOWOUTATP2B_LV6___62_', 'PRESSUREATP1B_LV6___62_', 'PRESSUREATP2B_LV6___62_', 'POSITIONATINTERN_LV6___62_', 'FLOWOUTATP2B_LV1___60_', 'PRESSUREATP1_N11___75_'}
| | | | | | | | | +-- , 65 , {67, 85, 95} , {'FLOWINATP1A_LV6___62_', 'POSITIONATINTERN_LV6___62_', 'RESISTANCEATINTERN_LV6___62_', 'PRESSUREATP2_TT2___53_', 'FLOWINATP1_N11___75_', 'FLOWOUTATP2A_LV6___62_', 'FLOWINATP2_TT2___53_', 'TT2_S_LV6__71_', 'FLOWOUTATP1B_LV6___62_', 'PRESSUREATP2B_LV1___60_', 'PRESSUREATP1B_LV6___62_', 'PRESSUREATP1A_LV6___62_', 'PRESSUREATP2A_LV6___62_', 'FLOWOUTATP2B_LV1___60_', 'PRESSUREATP1_N11___75_'}
| | | | | | | | | | +-- , 67 , {83, 70, 77, 79} , {'FLOWINATP1A_LV6___62_', 'PRESSUREATP2_TT2___53_', 'R2ATINTERN_TT2___53_', 'FLOWINATP2_TT2___53_', 'FLOWINATP1_TT2___53_', 'PRESSUREATP1_TT2___53_', 'PRESSUREATP1A_LV6___62_'}
| | | | | | | | | | | +-- , 83 , set() , {'FLOWOUTATP1_TT2___53_', 'FLOWINATP1_TT2___53_'}
| | | | | | | | | | | +-- , 70 , {72} , {'R1ATINTERN_TT2___53_', 'R2ATINTERN_TT2___53_', 'FLOWINATP2_TT2___53_', 'FLOWINATP1_TT2___53_', 'PRESSUREATP1_TT2___53_'}
| | | | | | | | | | | | +-- , 72 , {75} , {'R1ATINTERN_TT2___53_', 'R2ATINTERN_TT2___53_', 'FLOWINATP2_TT2___53_', 'INTRES2CONST_TT2___53_', 'FLOWINATP1_TT2___53_', 'BOTHFLOWSPRESENTATINTERN_TT2___53_'}
| | | | | | | | | | | | | +-- , 75 , set() , {'R1ATINTERN_TT2___53_', 'INTRES1CONST_TT2___53_', 'BOTHFLOWSPRESENTATINTERN_TT2___53_'}
| | | | | | | | | | | +-- , 77 , set() , {'FLOWINATP1A_LV6___62_', 'FLOWOUTATP1A_LV6___62_', 'FLOWINATP1_TT2___53_', 'TT2_S_LV6__68_', 'PRESSUREATP1_TT2___53_', 'PRESSUREATP1A_LV6___62_'}
| | | | | | | | | | | +-- , 79 , {81} , {'PRESSUREATP1_TT2___53_', 'PRESSUREATP3_TT2___53_', 'PRESSUREATP2_TT2___53_'}
| | | | | | | | | | | | +-- , 81 , set() , {'TEMPERATUREATP4_TT2___53_', 'PRESSUREATP3_TT2___53_'}
| | | | | | | | | | +-- , 85 , {93, 87} , {'PRESSUREATP2_N11___75_', 'FLOWINATP1_N11___75_', 'FLOWOUTATP2A_LV6___62_', 'PRESSUREATP2B_LV1___60_', 'FLOWOUTATP2_N11___75_', 'PRESSUREATP2A_LV6___62_', 'FLOWOUTATP2B_LV1___60_', 'PRESSUREATP1_N11___75_'}
| | | | | | | | | | | +-- , 93 , set() , {'PRESSUREATP2_N11___75_', 'FLOWOUTATP2A_LV6___62_', 'FLOWINATP2A_LV6___62_', 'FLOWOUTATP2_N11___75_', 'LV6_S_N11__78_', 'PRESSUREATP2A_LV6___62_'}
| | | | | | | | | | | +-- , 87 , {89, 91} , {'PRESSUREATP3_N11___75_', 'PRESSUREATP2_N11___75_', 'FLOWINATP1_N11___75_', 'FLOWINATP3_N11___75_', 'PRESSUREATP2B_LV1___60_', 'FLOWOUTATP2_N11___75_', 'FLOWOUTATP2B_LV1___60_', 'PRESSUREATP1_N11___75_'}
| | | | | | | | | | | | +-- , 89 , set() , {'FLOWINATP1_N11___75_', 'FLOWINATP2_N11___75_', 'FLOWOUTATP2_N11___75_', 'FLOWINATP3_N11___75_'}
| | | | | | | | | | | | +-- , 91 , set() , {'PRESSUREATP3_N11___75_', 'LV1_S_N11__77_', 'FLOWOUTATP3_N11___75_', 'FLOWINATP3_N11___75_', 'PRESSUREATP2B_LV1___60_', 'FLOWINATP2B_LV1___60_', 'FLOWOUTATP2B_LV1___60_'}
| | | | | | | | | | +-- , 95 , set() , {'FLOWOUTATP2_TT2___53_', 'FLOWINATP2_TT2___53_'}
| | | | | | | | | +-- , 97 , set() , {'MEASUREDPOSITIONATINTERN_LV6___62_', 'POSITIONATINTERN_LV6___62_'}
| | | | | | | | | +-- , 99 , set() , {'LV6__62_', 'POSITIONATINTERN_LV6___62_', 'COMMANDATP3_LV6___62_'}
| | | | | | | | | +-- , 63 , set() , {'POSITIONATINTERN_LV6___62_', 'RESINTCONST_LV6___62_', 'RESISTANCEATINTERN_LV6___62_'}
| | | | | | | +-- , 107 , set() , {'FLOWOUTATP1_N10___74_', 'FLOWINATP1_N10___74_'}
| | | | | +-- , 111 , set() , {'RESISTANCEATINTERN_LV4___9_', 'RESINTCONST_LV4___9_', 'POSITIONATINTERN_LV4___9_'}
| | +-- , 471 , set() , {'MEASUREDPOSITIONATINTERN_LV5___34_', 'POSITIONATINTERN_LV5___34_'}
| | +-- , 218 , {220, 467} , {'FLOWOUTATP2_LV5___34_', 'PRESSUREATP2_N17___125_', 'PRESSUREATP2_LV5___34_', 'FLOWOUTATP2_N17___125_', 'PRESSUREATP3_N18___126_', 'FLOWOUTATP3_N18___126_'}
| | | +-- , 220 , {223} , {'PRESSUREATP2_N17___125_', 'PRESSUREATP3_N17___125_', 'FLOWOUTATP2_N17___125_', 'PRESSUREATP1_N17___125_', 'PRESSUREATP3_N18___126_', 'FLOWOUTATP3_N18___126_'}
| | | | +-- , 223 , {225} , {'PRESSUREATP3_N17___125_', 'FLOWINATP2_N17___125_', 'FLOWOUTATP2_N17___125_', 'PRESSUREATP1_N17___125_', 'PRESSUREATP3_N18___126_', 'FLOWOUTATP3_N18___126_'}
| | | | | +-- , 225 , {465, 227, 463} , {'PRESSUREATP1_N17___125_', 'PRESSUREATP3_N18___126_', 'FLOWINATP1_N17___125_', 'PRESSUREATP3_N17___125_', 'FLOWINATP2_N17___125_', 'FLOWOUTATP3_N18___126_', 'FLOWINATP3_N17___125_'}
| | | | | | +-- , 465 , set() , {'FLOWOUTATP3_N17___125_', 'FLOWINATP3_N17___125_'}
| | | | | | +-- , 227 , {229} , {'FLOWINATP1_N17___125_', 'PRESSUREATP1_LV304___36_', 'PRESSUREATP3_N17___125_', 'FLOWOUTATP3_N18___126_', 'PRESSUREATP1_N17___125_', 'N17_S_N18__134_', 'PRESSUREATP2_N18___126_', 'N17_S_LV304__132_', 'PRESSUREATP3_N18___126_', 'FLOWOUTATP2_N18___126_', 'FLOWOUTATP1_LV304___36_', 'FLOWINATP3_N17___125_'}
| | | | | | | +-- , 229 , {439, 231, 461} , {'PRESSUREATPOUT_MON74___2_', 'PRESSUREATP1_LV304___36_', 'FLOWOUTATP3_N18___126_', 'FLOWOUTATPOUT_MON74___2_', 'PRESSUREATP2_N18___126_', 'PRESSUREATP3_N18___126_', 'FLOWOUTATP2_N18___126_', 'FLOWOUTATP1_LV304___36_'}
| | | | | | | | +-- , 439 , {441, 459} , {'FLOWOUTATPOUT_MON74___2_', 'PRESSUREATPOUT_MON74___2_', 'PRESSUREATP1_PF02___30_', 'MON74_S_PF02__33_', 'PRESSUREATP1_LV304___36_', 'FLOWINATP1_PF02___30_', 'FLOWOUTATP1_LV304___36_'}
| | | | | | | | | +-- , 441 , {457, 443} , {'PRESSUREATP1_LV304___36_', 'FLOWINATP1_PF02___30_', 'PRESSUREATP2_PF02___30_', 'PRESSUREATP1_PF02___30_', 'RESISTANCEATINTERN_PF02___30_', 'FLOWOUTATP1_LV304___36_'}
| | | | | | | | | | +-- , 457 , set() , {'RESINTCONST_PF02___30_', 'PF02__30_', 'RESISTANCEATINTERN_PF02___30_'}
| | | | | | | | | | +-- , 443 , {451, 445, 447} , {'PRESSUREATP2_PF02___30_', 'POSITIONATINTERN_LV304___36_', 'RESISTANCEATINTERN_LV304___36_', 'RESINTCONST_LV304___36_', 'PRESSUREATP1_LV304___36_', 'FLOWINATP1_PF02___30_', 'FLOWOUTATP1_LV304___36_'}
| | | | | | | | | | | +-- , 451 , {453, 455} , {'FLOWINATP1_LV304___36_', 'PRESSUREATP1_LV304___36_', 'FLOWINATP1_PF02___30_', 'PRESSUREATP2_PF02___30_', 'FLOWOUTATP2_LV304___36_', 'RESISTANCEATINTERN_LV304___36_', 'PRESSUREATP2_LV304___36_', 'POSITIONATINTERN_LV304___36_', 'FLOWOUTATP1_LV304___36_'}
| | | | | | | | | | | | +-- , 453 , set() , {'FLOWOUTATP2_PF02___30_', 'FLOWINATP1_PF02___30_', 'FLOWINATP2_PF02___30_', 'PF02_S_LV304__3_', 'FLOWOUTATP2_LV304___36_', 'PRESSUREATP2_PF02___30_', 'PRESSUREATP2_LV304___36_'}
| | | | | | | | | | | | +-- , 455 , set() , {'FLOWOUTATP2_LV304___36_', 'FLOWINATP2_LV304___36_'}
| | | | | | | | | | | +-- , 445 , set() , {'LV304__36_', 'POSITIONATINTERN_LV304___36_', 'COMMANDATP3_LV304___36_'}
| | | | | | | | | | | +-- , 447 , set() , {'MEASUREDPOSITIONATINTERN_LV304___36_', 'POSITIONATINTERN_LV304___36_'}
| | | | | | | | | +-- , 459 , set() , {'FLOWOUTATP1_PF02___30_', 'FLOWINATP1_PF02___30_'}
| | | | | | | | +-- , 231 , {437, 233, 397} , {'PRESSUREATPOUT_MON74___2_', 'PRESSUREATP3_N5___15_', 'FLOWINATP3_N5___15_', 'FLOWOUTATPOUT_MON74___2_', 'FLOWOUTATP2_N18___126_', 'PRESSUREATP2_N18___126_', 'PRESSUREATP3_N18___126_', 'FLOWOUTATP3_N18___126_'}
| | | | | | | | | +-- , 437 , set() , {'FLOWINATP3_N5___15_', 'FLOWOUTATP3_N5___15_'}
| | | | | | | | | +-- , 233 , {395, 391, 235} , {'FLOWINATP3_N5___15_', 'FLOWINATP2_N5___15_', 'FLOWOUTATPOUT_MON74___2_', 'PRESSUREATP2_N5___15_', 'PRESSUREATPOUT_MON74___2_', 'PRESSUREATP3_N5___15_'}
| | | | | | | | | | +-- , 395 , set() , {'FLOWINATP2_N5___15_', 'FLOWOUTATP2_N5___15_'}
| | | | | | | | | | +-- , 391 , {393} , {'FLOWINATP2_N5___15_', 'PRESSUREATPOUT_MON74___2_', 'N5_S_MON74__35_', 'FLOWOUTATPIN_MON74___2_', 'PRESSUREATPIN_MON74___2_', 'FLOWOUTATPOUT_MON74___2_', 'PRESSUREATP2_N5___15_'}
| | | | | | | | | | | +-- , 393 , set() , {'FLOWOUTATPOUT_MON74___2_', 'FLOWOUTATPIN_MON74___2_', 'FLOWINATPIN_MON74___2_'}
| | | | | | | | | | +-- , 235 , {237} , {'FLOWINATP3_N5___15_', 'FLOWINATP2_N5___15_', 'PRESSUREATP2_N5___15_', 'PRESSUREATP3_N5___15_', 'FLOWINATP1_N5___15_', 'PRESSUREATP1_N5___15_'}
| | | | | | | | | | | +-- , 237 , {389, 239} , {'PRESSUREATP1_N7___18_', 'PRESSUREATP1_N5___15_', 'FLOWINATP1_N5___15_', 'N7_S_N5__37_', 'FLOWOUTATP1_N5___15_', 'FLOWINATP1_N7___18_'}
| | | | | | | | | | | | +-- , 389 , set() , {'FLOWOUTATP1_N7___18_', 'FLOWINATP1_N7___18_'}
| | | | | | | | | | | | +-- , 239 , {385, 387, 243, 379, 381, 383} , {'FLOWOUTATP2_LV301___24_', 'PRESSUREATP1_N7___18_', 'FLOWINATP1_LV301___24_', 'POSITIONATINTERN_LV301___24_', 'RESISTANCEATINTERN_LV301___24_', 'PRESSUREATP2_LV301___24_', 'PRESSUREATP1_LV301___24_', 'FLOWINATP1_N7___18_'}
| | | | | | | | | | | | | +-- , 385 , set() , {'FLOWINATP1_LV301___24_', 'FLOWOUTATP1_LV301___24_'}
| | | | | | | | | | | | | +-- , 387 , set() , {'FLOWOUTATP2_LV301___24_', 'FLOWINATP2_LV301___24_'}
| | | | | | | | | | | | | +-- , 243 , {361, 377, 363, 371, 373, 246, 375} , {'FLOWOUTATP2_LV301___24_', 'PRESSUREATP1_N7___18_', 'FLOWOUTATP2_LV402___28_', 'FLOWINATP1_LV301___24_', 'PRESSUREATP2_LV402___28_', 'RESISTANCEATINTERN_LV402___28_', 'POSITIONATINTERN_LV402___28_', 'PRESSUREATP2_LV301___24_', 'FLOWINATP1_LV402___28_', 'PRESSUREATP1_LV301___24_', 'PRESSUREATP1_LV402___28_', 'FLOWINATP1_N7___18_'}
| | | | | | | | | | | | | | +-- , 361 , set() , {'FLOWOUTATP1_LV402___28_', 'FLOWINATP1_LV402___28_'}
| | | | | | | | | | | | | | +-- , 377 , set() , {'RESINTCONST_LV402___28_', 'POSITIONATINTERN_LV402___28_', 'RESISTANCEATINTERN_LV402___28_'}
| | | | | | | | | | | | | | +-- , 363 , {369, 365, 367} , {'FLOWOUTATP2_LV301___24_', 'PRESSUREATP1_PR1___14_', 'FLOWINATP1_PR1___14_', 'PRESSUREATP2_PR1___14_', 'LV402_S_PR1__26_', 'PRESSUREATP2_LV301___24_', 'FLOWINATP1_LV402___28_', 'PR1_S_LV301__25_', 'PRESSUREATP1_LV402___28_', 'FLOWOUTATP2_PR1___14_'}
| | | | | | | | | | | | | | | +-- , 369 , set() , {'PRESSUREATP1_PR1___14_', 'DEGRADEDPRESSURECONST_PR1___14_', 'PRESSUREATP2_PR1___14_', 'PR1__14_', 'REGULATEDPRESSURECONST_PR1___14_'}
| | | | | | | | | | | | | | | +-- , 365 , set() , {'FLOWINATP1_PR1___14_', 'FLOWOUTATP1_PR1___14_'}
| | | | | | | | | | | | | | | +-- , 367 , set() , {'FLOWOUTATP2_PR1___14_', 'FLOWINATP2_PR1___14_'}
| | | | | | | | | | | | | | +-- , 371 , set() , {'FLOWOUTATP2_LV402___28_', 'FLOWINATP2_LV402___28_'}
| | | | | | | | | | | | | | +-- , 373 , set() , {'POSITIONATINTERN_LV402___28_', 'MEASUREDPOSITIONATINTERN_LV402___28_'}
| | | | | | | | | | | | | | +-- , 246 , {248} , {'FLOWOUTATP2_LV402___28_', 'PRESSUREATP1_N7___18_', 'PRESSUREATP2_N6___17_', 'FLOWINATP1_LV301___24_', 'PRESSUREATP2_LV402___28_', 'FLOWOUTATP2_N6___17_', 'N6_S_LV301__49_', 'PRESSUREATP1_LV301___24_', 'FLOWINATP1_N7___18_'}
| | | | | | | | | | | | | | | +-- , 248 , {250, 359} , {'FLOWOUTATP2_LV402___28_', 'PRESSUREATP1_N7___18_', 'FLOWINATP3_N7___18_', 'PRESSUREATP2_N6___17_', 'PRESSUREATP3_N7___18_', 'PRESSUREATP2_LV402___28_', 'FLOWOUTATP2_N6___17_', 'LV402_S_N7__56_', 'FLOWINATP1_N7___18_'}
| | | | | | | | | | | | | | | | +-- , 250 , {357, 252} , {'PRESSUREATP1_N7___18_', 'PRESSUREATP2_N7___18_', 'FLOWINATP3_N7___18_', 'PRESSUREATP2_N6___17_', 'PRESSUREATP3_N7___18_', 'FLOWOUTATP2_N6___17_', 'FLOWINATP2_N7___18_', 'FLOWINATP1_N7___18_'}
| | | | | | | | | | | | | | | | | +-- , 357 , set() , {'FLOWINATP2_N7___18_', 'FLOWOUTATP2_N7___18_'}
| | | | | | | | | | | | | | | | | +-- , 252 , {355, 254} , {'PRESSUREATP2_N7___18_', 'PRESSUREATP2_N6___17_', 'FLOWOUTATP2_LV202___27_', 'PRESSUREATP2_LV202___27_', 'LV202_S_N7__52_', 'FLOWOUTATP2_N6___17_', 'FLOWINATP2_N7___18_'}
| | | | | | | | | | | | | | | | | | +-- , 355 , set() , {'FLOWOUTATP2_LV202___27_', 'FLOWINATP2_LV202___27_'}
| | | | | | | | | | | | | | | | | | +-- , 254 , {256, 353, 351, 347, 349} , {'RESISTANCEATINTERN_LV202___27_', 'PRESSUREATP2_N6___17_', 'POSITIONATINTERN_LV202___27_', 'FLOWOUTATP2_LV202___27_', 'FLOWINATP1_LV202___27_', 'PRESSUREATP2_LV202___27_', 'FLOWOUTATP2_N6___17_', 'PRESSUREATP1_LV202___27_'}
| | | | | | | | | | | | | | | | | | | +-- , 256 , {258, 345} , {'PRESSUREATP2_N6___17_', 'FLOWINATP1_LV202___27_', 'LV202_S_PR2__29_', 'PRESSUREATP2_PR2___22_', 'FLOWOUTATP2_N6___17_', 'PRESSUREATP1_LV202___27_', 'FLOWOUTATP2_PR2___22_'}
| | | | | | | | | | | | | | | | | | | | +-- , 258 , {260} , {'DEGRADEDPRESSURECONST_PR2___22_', 'REGULATEDPRESSURECONST_PR2___22_', 'PRESSUREATP2_N6___17_', 'PRESSUREATP2_PR2___22_', 'FLOWOUTATP2_N6___17_', 'PR2__22_', 'PRESSUREATP1_PR2___22_'}
| | | | | | | | | | | | | | | | | | | | | +-- , 260 , {341, 262, 343} , {'FLOWOUTATP2_LV101___23_', 'FLOWOUTATP2_N6___17_', 'PR2_S_LV101__31_', 'PRESSUREATP2_N6___17_', 'PRESSUREATP2_LV101___23_', 'FLOWINATP1_PR2___22_', 'PRESSUREATP1_PR2___22_'}
| | | | | | | | | | | | | | | | | | | | | | +-- , 341 , set() , {'FLOWOUTATP2_LV101___23_', 'FLOWINATP2_LV101___23_'}
| | | | | | | | | | | | | | | | | | | | | | +-- , 262 , {264, 333, 335, 337, 339} , {'POSITIONATINTERN_LV101___23_', 'PRESSUREATP2_N6___17_', 'PRESSUREATP2_LV101___23_', 'FLOWOUTATP2_LV101___23_', 'FLOWOUTATP2_N6___17_', 'RESISTANCEATINTERN_LV101___23_', 'FLOWINATP1_LV101___23_', 'PRESSUREATP1_LV101___23_'}
| | | | | | | | | | | | | | | | | | | | | | | +-- , 264 , {266} , {'PRESSUREATP2_N6___17_', 'PRESSUREATP3_N6___17_', 'FLOWOUTATP3_N6___17_', 'FLOWOUTATP2_N6___17_', 'FLOWINATP1_LV101___23_', 'N6_S_LV101__48_', 'PRESSUREATP1_LV101___23_'}
| | | | | | | | | | | | | | | | | | | | | | | | +-- , 266 , {268} , {'FLOWOUTATP2_N6___17_', 'PRESSUREATP2_N6___17_', 'PRESSUREATP3_N6___17_', 'PRESSUREATP1_N6___17_', 'FLOWOUTATP3_N6___17_'}
| | | | | | | | | | | | | | | | | | | | | | | | | +-- , 268 , {329, 331, 270} , {'FLOWINATP1_N6___17_', 'FLOWINATP3_N6___17_', 'PRESSUREATP2_HF01___16_', 'FLOWOUTATP3_N6___17_', 'FLOWOUTATP2_N6___17_', 'FLOWINATP2_N6___17_', 'FLOWOUTATP2_HF01___16_', 'PRESSUREATP1_N6___17_', 'HF01_S_N6__47_'}
| | | | | | | | | | | | | | | | | | | | | | | | | | +-- , 329 , set() , {'FLOWOUTATP2_HF01___16_', 'FLOWINATP2_HF01___16_'}
| | | | | | | | | | | | | | | | | | | | | | | | | | +-- , 331 , set() , {'FLOWINATP1_N6___17_', 'FLOWOUTATP1_N6___17_'}
| | | | | | | | | | | | | | | | | | | | | | | | | | +-- , 270 , {274, 325, 327} , {'POSITIONATINTERN_PV1___21_', 'RESISTANCEATINTERN_PV1___21_', 'FLOWOUTATP2_PV1___21_', 'PRESSUREATP2_HF01___16_', 'FLOWINATP1_PV1___21_', 'PRESSUREATP2_PV1___21_', 'PRESSUREATP1_PV1___21_', 'FLOWOUTATP2_HF01___16_'}
| | | | | | | | | | | | | | | | | | | | | | | | | | | +-- , 274 , {317, 276} , {'PRESSUREATP1_N9___20_', 'FLOWOUTATP2_PV1___21_', 'FLOWOUTATP1_N9___20_', 'PRESSUREATP2_HF01___16_', 'FLOWINATP1_PV1___21_', 'PRESSUREATP2_PV1___21_', 'PRESSUREATP1_PV1___21_', 'FLOWOUTATP2_HF01___16_'}
| | | | | | | | | | | | | | | | | | | | | | | | | | | | +-- , 317 , {323, 319} , {'FLOWINATP1_HF01___16_', 'PRESSUREATP1_N9___20_', 'FLOWOUTATP1_N9___20_', 'PRESSUREATP2_HF01___16_', 'PRESSUREATP1_HF01___16_', 'N9_S_HF01__46_', 'FLOWOUTATP2_HF01___16_'}
| | | | | | | | | | | | | | | | | | | | | | | | | | | | | +-- , 323 , set() , {'FLOWINATP1_HF01___16_', 'FLOWOUTATP1_HF01___16_'}
| | | | | | | | | | | | | | | | | | | | | | | | | | | | | +-- , 319 , {321} , {'PRESSUREATP2_HF01___16_', 'FLOWINATP1_HF01___16_', 'RESISTANCEATINTERN_HF01___16_', 'PRESSUREATP1_HF01___16_'}
| | | | | | | | | | | | | | | | | | | | | | | | | | | | | | +-- , 321 , set() , {'HF01__16_', 'RESINTCONST_HF01___16_', 'RESISTANCEATINTERN_HF01___16_'}
| | | | | | | | | | | | | | | | | | | | | | | | | | | | +-- , 276 , {293, 279, 313, 315} , {'PRESSUREATP1_N9___20_', 'FLOWOUTATP2_PV1___21_', 'FLOWOUTATP1_N9___20_', 'PRESSUREATP1_PV2___12_', 'FLOWINATP1_PV1___21_', 'POSITIONATINTERN_PV2___12_', 'RESISTANCEATINTERN_PV2___12_', 'FLOWINATP1_PV2___12_', 'PRESSUREATP2_PV1___21_', 'FLOWOUTATP2_PV2___12_', 'PRESSUREATP1_PV1___21_', 'PRESSUREATP2_PV2___12_'}
| | | | | | | | | | | | | | | | | | | | | | | | | | | | | +-- , 293 , {295, 311} , {'PRESSUREATP2_N8___19_', 'FLOWOUTATP2_PV1___21_', 'FLOWOUTATP2_N8___19_', 'FLOWOUTATP2_PV2___12_', 'PRESSUREATP2_PV1___21_', 'PRESSUREATP2_PV2___12_'}
| | | | | | | | | | | | | | | | | | | | | | | | | | | | | | +-- , 295 , {297, 309} , {'PRESSUREATP2_N8___19_', 'FLOWOUTATP2_PV1___21_', 'FLOWOUTATP3_N8___19_', 'PRESSUREATP3_N8___19_', 'FLOWOUTATP2_N8___19_', 'PRESSUREATP2_PV1___21_'}
| | | | | | | | | | | | | | | | | | | | | | | | | | | | | | | +-- , 297 , {299} , {'PRESSUREATP2_N8___19_', 'FLOWOUTATP3_N8___19_', 'PRESSUREATP1_N8___19_', 'PRESSUREATP3_N8___19_', 'FLOWOUTATP2_N8___19_'}
| | | | | | | | | | | | | | | | | | | | | | | | | | | | | | | | +-- , 299 , {305, 307, 301, 303} , {'N8_S_HELIUM1__10_', 'PRESSUREATP1_HELIUM1___11_', 'FLOWINATP3_N8___19_', 'FLOWOUTATP3_N8___19_', 'FLOWINATP1_N8___19_', 'FLOWOUTATP2_N8___19_', 'FLOWOUTATP1_HELIUM1___11_', 'PRESSUREATP1_N8___19_'}
| | | | | | | | | | | | | | | | | | | | | | | | | | | | | | | | | +-- , 305 , set() , {'FLOWINATP2_N8___19_', 'FLOWINATP1_N8___19_', 'FLOWINATP3_N8___19_', 'FLOWOUTATP2_N8___19_'}
| | | | | | | | | | | | | | | | | | | | | | | | | | | | | | | | | +-- , 307 , set() , {'FLOWINATP1_N8___19_', 'FLOWOUTATP1_N8___19_'}
| | | | | | | | | | | | | | | | | | | | | | | | | | | | | | | | | +-- , 301 , set() , {'FLOWOUTATP1_HELIUM1___11_', 'FLOWINATP1_HELIUM1___11_'}
| | | | | | | | | | | | | | | | | | | | | | | | | | | | | | | | | +-- , 303 , set() , {'PRESSUREATP1_HELIUM1___11_', 'LOADPRESCONST_HELIUM1___11_'}
| | | | | | | | | | | | | | | | | | | | | | | | | | | | | | | +-- , 309 , set() , {'FLOWOUTATP2_PV1___21_', 'FLOWOUTATP3_N8___19_', 'FLOWINATP2_PV1___21_', 'PRESSUREATP3_N8___19_', 'N8_S_PV1__42_', 'PRESSUREATP2_PV1___21_'}
| | | | | | | | | | | | | | | | | | | | | | | | | | | | | | +-- , 311 , set() , {'PRESSUREATP2_N8___19_', 'FLOWINATP2_PV2___12_', 'PV2_S_N8__38_', 'FLOWOUTATP2_N8___19_', 'FLOWOUTATP2_PV2___12_', 'PRESSUREATP2_PV2___12_'}
| | | | | | | | | | | | | | | | | | | | | | | | | | | | | +-- , 279 , {281} , {'PRESSUREATP1_N9___20_', 'FLOWINATP1_N9___20_', 'FLOWOUTATP1_N9___20_', 'PRESSUREATP1_PV2___12_', 'FLOWINATP1_PV1___21_', 'FLOWINATP1_PV2___12_', 'PRESSUREATP1_PV1___21_'}
| | | | | | | | | | | | | | | | | | | | | | | | | | | | | | +-- , 281 , {283, 285, 287} , {'PRESSUREATP1_N9___20_', 'FLOWINATP1_N9___20_', 'PRESSUREATP1_PV2___12_', 'FLOWINATP1_PV1___21_', 'FLOWINATP2_N9___20_', 'FLOWINATP1_PV2___12_', 'PRESSUREATP1_PV1___21_', 'FLOWINATP3_N9___20_'}
| | | | | | | | | | | | | | | | | | | | | | | | | | | | | | | +-- , 283 , set() , {'FLOWOUTATP3_N9___20_', 'FLOWINATP3_N9___20_'}
| | | | | | | | | | | | | | | | | | | | | | | | | | | | | | | +-- , 285 , set() , {'FLOWOUTATP2_N9___20_', 'FLOWINATP2_N9___20_'}
| | | | | | | | | | | | | | | | | | | | | | | | | | | | | | | +-- , 287 , {289, 291} , {'PRESSUREATP1_N9___20_', 'PRESSUREATP1_PV2___12_', 'FLOWINATP1_PV1___21_', 'FLOWINATP2_N9___20_', 'PRESSUREATP3_N9___20_', 'FLOWINATP1_PV2___12_', 'PRESSUREATP2_N9___20_', 'PRESSUREATP1_PV1___21_', 'FLOWINATP3_N9___20_'}
| | | | | | | | | | | | | | | | | | | | | | | | | | | | | | | | +-- , 289 , set() , {'PV1_S_N9__45_', 'FLOWINATP1_PV1___21_', 'FLOWINATP2_N9___20_', 'PRESSUREATP2_N9___20_', 'PRESSUREATP1_PV1___21_', 'FLOWOUTATP1_PV1___21_'}
| | | | | | | | | | | | | | | | | | | | | | | | | | | | | | | | +-- , 291 , set() , {'PV2_S_N9__44_', 'FLOWOUTATP1_PV2___12_', 'PRESSUREATP1_PV2___12_', 'PRESSUREATP3_N9___20_', 'FLOWINATP1_PV2___12_', 'FLOWINATP3_N9___20_'}
| | | | | | | | | | | | | | | | | | | | | | | | | | | | | +-- , 313 , set() , {'RESISTANCEATINTERN_PV2___12_', 'RESINTCONST_PV2___12_', 'POSITIONATINTERN_PV2___12_'}
| | | | | | | | | | | | | | | | | | | | | | | | | | | | | +-- , 315 , set() , {'COMMANDATCMD_PV2___12_', 'PV2__12_', 'POSITIONATINTERN_PV2___12_'}
| | | | | | | | | | | | | | | | | | | | | | | | | | | +-- , 325 , set() , {'RESISTANCEATINTERN_PV1___21_', 'POSITIONATINTERN_PV1___21_', 'RESINTCONST_PV1___21_'}
| | | | | | | | | | | | | | | | | | | | | | | | | | | +-- , 327 , set() , {'POSITIONATINTERN_PV1___21_', 'PV1__21_', 'COMMANDATCMD_PV1___21_'}
| | | | | | | | | | | | | | | | | | | | | | | +-- , 333 , set() , {'RESISTANCEATINTERN_LV101___23_', 'RESINTCONST_LV101___23_', 'POSITIONATINTERN_LV101___23_'}
| | | | | | | | | | | | | | | | | | | | | | | +-- , 335 , set() , {'COMMANDATP3_LV101___23_', 'POSITIONATINTERN_LV101___23_', 'LV101__23_'}
| | | | | | | | | | | | | | | | | | | | | | | +-- , 337 , set() , {'FLOWINATP1_LV101___23_', 'FLOWOUTATP1_LV101___23_'}
| | | | | | | | | | | | | | | | | | | | | | | +-- , 339 , set() , {'MEASUREDPOSITIONATINTERN_LV101___23_', 'POSITIONATINTERN_LV101___23_'}
| | | | | | | | | | | | | | | | | | | | | | +-- , 343 , set() , {'FLOWINATP1_PR2___22_', 'FLOWOUTATP1_PR2___22_'}
| | | | | | | | | | | | | | | | | | | | +-- , 345 , set() , {'FLOWINATP2_PR2___22_', 'FLOWOUTATP2_PR2___22_'}
| | | | | | | | | | | | | | | | | | | +-- , 353 , set() , {'POSITIONATINTERN_LV202___27_', 'RESISTANCEATINTERN_LV202___27_', 'RESINTCONST_LV202___27_'}
| | | | | | | | | | | | | | | | | | | +-- , 351 , set() , {'LV202__27_', 'POSITIONATINTERN_LV202___27_', 'COMMANDATP3_LV202___27_'}
| | | | | | | | | | | | | | | | | | | +-- , 347 , set() , {'POSITIONATINTERN_LV202___27_', 'MEASUREDPOSITIONATINTERN_LV202___27_'}
| | | | | | | | | | | | | | | | | | | +-- , 349 , set() , {'FLOWINATP1_LV202___27_', 'FLOWOUTATP1_LV202___27_'}
| | | | | | | | | | | | | | | | +-- , 359 , set() , {'FLOWINATP3_N7___18_', 'FLOWOUTATP3_N7___18_'}
| | | | | | | | | | | | | | +-- , 375 , set() , {'POSITIONATINTERN_LV402___28_', 'COMMANDATP3_LV402___28_', 'LV402__28_'}
| | | | | | | | | | | | | +-- , 379 , set() , {'RESISTANCEATINTERN_LV301___24_', 'POSITIONATINTERN_LV301___24_', 'RESINTCONST_LV301___24_'}
| | | | | | | | | | | | | +-- , 381 , set() , {'COMMANDATP3_LV301___24_', 'LV301__24_', 'POSITIONATINTERN_LV301___24_'}
| | | | | | | | | | | | | +-- , 383 , set() , {'MEASUREDPOSITIONATINTERN_LV301___24_', 'POSITIONATINTERN_LV301___24_'}
| | | | | | | | | +-- , 397 , {399} , {'PRESSUREATPIN_MON52___1_', 'PRESSUREATP3_N5___15_', 'FLOWOUTATP3_N18___126_', 'FLOWINATP3_N5___15_', 'PRESSUREATP2_N18___126_', 'PRESSUREATP3_N18___126_', 'FLOWOUTATPIN_MON52___1_', 'FLOWOUTATP2_N18___126_', 'N5_S_MON52__7_'}
| | | | | | | | | | +-- , 399 , {433, 435, 403, 427} , {'PRESSUREATPIN_MON52___1_', 'RESISTANCEATINTERN_PF01___13_', 'FLOWINATP1_PF01___13_', 'PRESSUREATP2_PF01___13_', 'FLOWOUTATP2_N18___126_', 'PRESSUREATP2_N18___126_', 'PRESSUREATP3_N18___126_', 'FLOWOUTATPIN_MON52___1_', 'PRESSUREATP1_PF01___13_', 'FLOWOUTATP3_N18___126_'}
| | | | | | | | | | | +-- , 433 , set() , {'RESINTCONST_PF01___13_', 'PF01__13_', 'RESISTANCEATINTERN_PF01___13_'}
| | | | | | | | | | | +-- , 435 , set() , {'FLOWOUTATP1_PF01___13_', 'FLOWINATP1_PF01___13_'}
| | | | | | | | | | | +-- , 403 , {407, 423, 425} , {'FLOWINATP1_PF01___13_', 'FLOWOUTATP2_LV203___5_', 'PRESSUREATP2_LV203___5_', 'PF01_S_LV203__4_', 'FLOWOUTATP2_N18___126_', 'PRESSUREATP2_N18___126_', 'PRESSUREATP3_N18___126_', 'FLOWINATP2_PF01___13_', 'PRESSUREATP2_PF01___13_', 'FLOWOUTATP3_N18___126_'}
| | | | | | | | | | | | +-- , 407 , {417, 419, 421, 409} , {'POSITIONATINTERN_LV203___5_', 'PRESSUREATP1_LV203___5_', 'FLOWOUTATP2_LV203___5_', 'FLOWOUTATP3_N18___126_', 'PRESSUREATP2_LV203___5_', 'PRESSUREATP2_N18___126_', 'RESISTANCEATINTERN_LV203___5_', 'PRESSUREATP3_N18___126_', 'FLOWOUTATP2_N18___126_', 'FLOWINATP1_LV203___5_'}
| | | | | | | | | | | | | +-- , 417 , set() , {'LV203__5_', 'COMMANDATP3_LV203___5_', 'POSITIONATINTERN_LV203___5_'}
| | | | | | | | | | | | | +-- , 419 , set() , {'MEASUREDPOSITIONATINTERN_LV203___5_', 'POSITIONATINTERN_LV203___5_'}
| | | | | | | | | | | | | +-- , 421 , set() , {'RESINTCONST_LV203___5_', 'RESISTANCEATINTERN_LV203___5_', 'POSITIONATINTERN_LV203___5_'}
| | | | | | | | | | | | | +-- , 409 , {411} , {'FLOWOUTATP1_LV203___5_', 'PRESSUREATP1_LV203___5_', 'FLOWOUTATP3_N18___126_', 'PRESSUREATP2_N18___126_', 'PRESSUREATP3_N18___126_', 'FLOWOUTATP2_N18___126_', 'FLOWINATP1_LV203___5_'}
| | | | | | | | | | | | | | +-- , 411 , {413, 415} , {'FLOWOUTATP1_LV203___5_', 'PRESSUREATP1_LV203___5_', 'FLOWINATP1_N18___126_', 'FLOWOUTATP3_N18___126_', 'N18_S_LV203__133_', 'PRESSUREATP2_N18___126_', 'PRESSUREATP3_N18___126_', 'FLOWOUTATP2_N18___126_', 'PRESSUREATP1_N18___126_'}
| | | | | | | | | | | | | | | +-- , 413 , set() , {'FLOWINATP3_N18___126_', 'FLOWINATP1_N18___126_', 'FLOWOUTATP3_N18___126_', 'FLOWINATP2_N18___126_', 'FLOWOUTATP2_N18___126_'}
| | | | | | | | | | | | | | | +-- , 415 , set() , {'FLOWINATP1_N18___126_', 'FLOWOUTATP1_N18___126_'}
| | | | | | | | | | | | +-- , 423 , set() , {'FLOWINATP2_PF01___13_', 'FLOWINATP1_PF01___13_', 'FLOWOUTATP2_PF01___13_'}
| | | | | | | | | | | | +-- , 425 , set() , {'FLOWINATP2_LV203___5_', 'FLOWOUTATP2_LV203___5_'}
| | | | | | | | | | | +-- , 427 , {429, 431} , {'PRESSUREATPIN_MON52___1_', 'FLOWINATP1_PF01___13_', 'FLOWOUTATPIN_MON52___1_', 'PRESSUREATPOUT_MON52___1_', 'PRESSUREATP1_PF01___13_', 'FLOWOUTATPOUT_MON52___1_', 'MON52_S_PF01__32_'}
| | | | | | | | | | | | +-- , 429 , set() , {'FLOWOUTATPIN_MON52___1_', 'FLOWINATPIN_MON52___1_', 'FLOWOUTATPOUT_MON52___1_'}
| | | | | | | | | | | | +-- , 431 , set() , {'FLOWINATPOUT_MON52___1_', 'FLOWOUTATPOUT_MON52___1_'}
| | | | | | | | +-- , 461 , set() , {'FLOWOUTATPOUT_MON74___2_', 'FLOWINATPOUT_MON74___2_'}
| | | | | | +-- , 463 , set() , {'FLOWINATP1_N17___125_', 'FLOWOUTATP1_N17___125_'}
| | | +-- , 467 , set() , {'FLOWOUTATP2_LV5___34_', 'PRESSUREATP2_LV5___34_', 'FLOWINATP2_LV5___34_', 'PRESSUREATP3_N18___126_', 'FLOWOUTATP3_N18___126_', 'LV5_S_N18__136_'}
| | +-- , 473 , set() , {'LV5__34_', 'COMMANDATP3_LV5___34_', 'POSITIONATINTERN_LV5___34_'}
| +-- , 475 , {625, 627, 629, 631, 633, 478} , {'RESISTANCEATINTERN_LV14___93_', 'FLOWOUTATP2_LV14___93_', 'FLOWINATP1_LV14___93_', 'PRESSUREATP2_LV14___93_', 'PRESSUREATP1_N2___58_', 'POSITIONATINTERN_LV14___93_', 'FLOWOUTATP1_N2___58_', 'PRESSUREATP1_LV14___93_'}
| | +-- , 625 , set() , {'FLOWINATP2_LV14___93_', 'FLOWOUTATP2_LV14___93_'}
| | +-- , 627 , set() , {'FLOWOUTATP1_LV14___93_', 'FLOWINATP1_LV14___93_'}
| | +-- , 629 , set() , {'RESINTCONST_LV14___93_', 'RESISTANCEATINTERN_LV14___93_', 'POSITIONATINTERN_LV14___93_'}
| | +-- , 631 , set() , {'POSITIONATINTERN_LV14___93_', 'MEASUREDPOSITIONATINTERN_LV14___93_'}
| | +-- , 633 , set() , {'LV14__93_', 'POSITIONATINTERN_LV14___93_', 'COMMANDATP3_LV14___93_'}
| | +-- , 478 , {482, 615, 617, 619, 621, 623, 607} , {'RESISTANCEATINTERN_LV12___89_', 'FLOWOUTATP2_LV12___89_', 'PRESSUREATP2_LV12___89_', 'FLOWOUTATP1_N2___58_', 'POSITIONATINTERN_LV12___89_', 'FLOWOUTATP2_LV14___93_', 'FLOWINATP1_LV14___93_', 'PRESSUREATP2_LV14___93_', 'PRESSUREATP1_N2___58_', 'FLOWINATP1_LV12___89_', 'PRESSUREATP1_LV14___93_', 'PRESSUREATP1_LV12___89_'}
| | | +-- , 482 , {605, 484} , {'N2_S_LV12__115_', 'FLOWINATP3_N2___58_', 'FLOWOUTATP2_LV12___89_', 'PRESSUREATP3_N2___58_', 'PRESSUREATP2_LV12___89_', 'FLOWINATP1_LV14___93_', 'PRESSUREATP1_N2___58_', 'FLOWOUTATP1_N2___58_', 'PRESSUREATP1_LV14___93_'}
| | | | +-- , 605 , set() , {'FLOWOUTATP3_N2___58_', 'FLOWINATP3_N2___58_'}
| | | | +-- , 484 , {486} , {'PRESSUREATP2_N12___94_', 'FLOWINATP3_N2___58_', 'PRESSUREATP3_N2___58_', 'FLOWINATP1_LV14___93_', 'FLOWOUTATP2_N12___94_', 'PRESSUREATP1_N2___58_', 'LV14_S_N12__108_', 'FLOWOUTATP1_N2___58_', 'PRESSUREATP1_LV14___93_'}
| | | | | +-- , 486 , {488, 530} , {'PRESSUREATP2_N12___94_', 'FLOWINATP3_N2___58_', 'FLOWOUTATP3_N12___94_', 'PRESSUREATP3_N2___58_', 'LV13_S_N12__109_', 'FLOWOUTATP2_N12___94_', 'PRESSUREATP1_N2___58_', 'FLOWOUTATP1_N2___58_', 'PRESSUREATP3_N12___94_'}
| | | | | | +-- , 488 , {528, 490} , {'PRESSUREATP1_LV13___92_', 'FLOWINATP3_N2___58_', 'FLOWOUTATP3_N12___94_', 'PRESSUREATP3_N2___58_', 'LV13_S_N12__109_', 'PRESSUREATP1_N2___58_', 'FLOWINATP1_LV13___92_', 'FLOWOUTATP1_N2___58_', 'PRESSUREATP3_N12___94_'}
| | | | | | | +-- , 528 , set() , {'FLOWINATP1_LV13___92_', 'FLOWOUTATP1_LV13___92_'}
| | | | | | | +-- , 490 , {520, 522, 524, 492, 526} , {'PRESSUREATP1_LV13___92_', 'FLOWINATP3_N2___58_', 'PRESSUREATP3_N2___58_', 'RESISTANCEATINTERN_LV13___92_', 'FLOWOUTATP2_LV13___92_', 'POSITIONATINTERN_LV13___92_', 'PRESSUREATP1_N2___58_', 'FLOWINATP1_LV13___92_', 'FLOWOUTATP1_N2___58_', 'PRESSUREATP2_LV13___92_'}
| | | | | | | | +-- , 520 , set() , {'FLOWINATP2_LV13___92_', 'FLOWOUTATP2_LV13___92_'}
| | | | | | | | +-- , 522 , set() , {'MEASUREDPOSITIONATINTERN_LV13___92_', 'POSITIONATINTERN_LV13___92_'}
| | | | | | | | +-- , 524 , set() , {'LV13__92_', 'POSITIONATINTERN_LV13___92_', 'COMMANDATP3_LV13___92_'}
| | | | | | | | +-- , 492 , {518, 494} , {'FLOWINATP3_N2___58_', 'PRESSUREATP1_PR3___90_', 'PR3_S_LV13__110_', 'PRESSUREATP3_N2___58_', 'FLOWOUTATP2_LV13___92_', 'PRESSUREATP1_N2___58_', 'FLOWINATP1_PR3___90_', 'FLOWOUTATP1_N2___58_', 'PRESSUREATP2_LV13___92_'}
| | | | | | | | | +-- , 518 , set() , {'FLOWINATP1_PR3___90_', 'FLOWOUTATP1_PR3___90_'}
| | | | | | | | | +-- , 494 , {496} , {'FLOWINATP3_N2___58_', 'PRESSUREATP1_PR3___90_', 'PRESSUREATP3_N2___58_', 'DEGRADEDPRESSURECONST_PR3___90_', 'REGULATEDPRESSURECONST_PR3___90_', 'PRESSUREATP1_N2___58_', 'PR3__90_', 'PRESSUREATP2_PR3___90_', 'FLOWOUTATP1_N2___58_'}
| | | | | | | | | | +-- , 496 , {498, 514, 516} , {'FLOWINATP1_LV11___88_', 'FLOWINATP3_N2___58_', 'PRESSUREATP3_N2___58_', 'FLOWOUTATP2_PR3___90_', 'LV11_S_PR3__113_', 'PRESSUREATP1_N2___58_', 'PRESSUREATP1_LV11___88_', 'PRESSUREATP2_PR3___90_', 'FLOWOUTATP1_N2___58_'}
| | | | | | | | | | | +-- , 498 , {512, 500, 506, 508, 510} , {'FLOWINATP1_LV11___88_', 'FLOWINATP3_N2___58_', 'FLOWOUTATP2_LV11___88_', 'RESISTANCEATINTERN_LV11___88_', 'PRESSUREATP3_N2___58_', 'POSITIONATINTERN_LV11___88_', 'PRESSUREATP2_LV11___88_', 'PRESSUREATP1_N2___58_', 'PRESSUREATP1_LV11___88_', 'FLOWOUTATP1_N2___58_'}
| | | | | | | | | | | | +-- , 512 , set() , {'RESISTANCEATINTERN_LV11___88_', 'POSITIONATINTERN_LV11___88_', 'RESINTCONST_LV11___88_'}
| | | | | | | | | | | | +-- , 500 , {504, 502} , {'FLOWINATP3_N2___58_', 'FLOWOUTATP2_LV11___88_', 'PRESSUREATP2_N2___58_', 'PRESSUREATP3_N2___58_', 'PRESSUREATP2_LV11___88_', 'FLOWINATP2_N2___58_', 'N2_S_LV11__114_', 'PRESSUREATP1_N2___58_', 'FLOWOUTATP1_N2___58_'}
| | | | | | | | | | | | | +-- , 504 , set() , {'FLOWINATP2_N2___58_', 'FLOWINATP3_N2___58_', 'FLOWOUTATP1_N2___58_', 'FLOWINATP1_N2___58_'}
| | | | | | | | | | | | | +-- , 502 , set() , {'FLOWOUTATP2_N2___58_', 'FLOWINATP2_N2___58_'}
| | | | | | | | | | | | +-- , 506 , set() , {'LV11__88_', 'POSITIONATINTERN_LV11___88_', 'COMMANDATP3_LV11___88_'}
| | | | | | | | | | | | +-- , 508 , set() , {'MEASUREDPOSITIONATINTERN_LV11___88_', 'POSITIONATINTERN_LV11___88_'}
| | | | | | | | | | | | +-- , 510 , set() , {'FLOWINATP2_LV11___88_', 'FLOWOUTATP2_LV11___88_'}
| | | | | | | | | | | +-- , 514 , set() , {'FLOWINATP1_LV11___88_', 'FLOWOUTATP1_LV11___88_'}
| | | | | | | | | | | +-- , 516 , set() , {'FLOWINATP2_PR3___90_', 'FLOWOUTATP2_PR3___90_'}
| | | | | | | | +-- , 526 , set() , {'RESISTANCEATINTERN_LV13___92_', 'RESINTCONST_LV13___92_', 'POSITIONATINTERN_LV13___92_'}
| | | | | | +-- , 530 , {532, 534, 601} , {'PRESSUREATP2_N12___94_', 'FLOWOUTATP3_N12___94_', 'FLOWOUTATP2_N12___94_', 'FLOWINATP1_N12___94_', 'PRESSUREATP3_N12___94_'}
| | | | | | | +-- , 532 , set() , {'FLOWINATP1_N12___94_', 'FLOWOUTATP1_N12___94_'}
| | | | | | | +-- , 534 , {536} , {'PRESSUREATP2_N12___94_', 'PRESSUREATP1_N12___94_', 'FLOWINATP1_N12___94_', 'PRESSUREATP3_N12___94_'}
| | | | | | | | +-- , 536 , {538, 599} , {'FLOWOUTATP2_PROF3___95_', 'PRESSUREATP2_PROF3___95_', 'PRESSUREATP1_N12___94_', 'FLOWINATP1_N12___94_', 'N12_S_PROF3__107_'}
| | | | | | | | | +-- , 538 , {593, 595, 597, 542} , {'PRESSUREATP2_PROF3___95_', 'RESISTANCEATINTERN_PY2___98_', 'PRESSUREATP2_PY2___98_', 'PRESSUREATP1_PY2___98_', 'POSITIONATINTERN_PY2___98_', 'FLOWOUTATP2_PY2___98_', 'FLOWOUTATP2_PROF3___95_', 'FLOWINATP1_PY2___98_'}
| | | | | | | | | | +-- , 593 , set() , {'FLOWINATP2_PY2___98_', 'FLOWOUTATP2_PY2___98_'}
| | | | | | | | | | +-- , 595 , set() , {'POSITIONATINTERN_PY2___98_', 'RESISTANCEATINTERN_PY2___98_', 'RESINTCONST_PY2___98_'}
| | | | | | | | | | +-- , 597 , set() , {'PY2__98_', 'POSITIONATINTERN_PY2___98_', 'COMMANDATCMD_PY2___98_'}
| | | | | | | | | | +-- , 542 , {552, 544} , {'PRESSUREATP1_N13___96_', 'PRESSUREATP2_PY2___98_', 'PRESSUREATP2_PROF3___95_', 'FLOWOUTATP1_N13___96_', 'PRESSUREATP1_PY2___98_', 'FLOWOUTATP2_PY2___98_', 'FLOWOUTATP2_PROF3___95_', 'FLOWINATP1_PY2___98_'}
| | | | | | | | | | | +-- , 552 , {591, 555, 589, 575} , {'PRESSUREATP1_N13___96_', 'PRESSUREATP2_PY2___98_', 'FLOWINATP2_N14___99_', 'FLOWOUTATP1_N13___96_', 'PRESSUREATP1_PY2___98_', 'FLOWOUTATP2_PY2___98_', 'PRESSUREATP2_PY1___97_', 'FLOWOUTATP2_PY1___97_', 'PRESSUREATP2_N14___99_', 'FLOWINATP1_PY2___98_', 'N14_S_PY1__103_'}
| | | | | | | | | | | | +-- , 591 , set() , {'FLOWINATP2_N14___99_', 'FLOWOUTATP2_N14___99_'}
| | | | | | | | | | | | +-- , 555 , {573, 571, 557} , {'PRESSUREATP1_N13___96_', 'FLOWOUTATP1_N13___96_', 'PRESSUREATP1_PY2___98_', 'PRESSUREATP2_PY1___97_', 'FLOWOUTATP2_PY1___97_', 'PRESSUREATP1_PY1___97_', 'FLOWINATP1_PY2___98_', 'FLOWINATP1_PY1___97_', 'POSITIONATINTERN_PY1___97_', 'RESISTANCEATINTERN_PY1___97_'}
| | | | | | | | | | | | | +-- , 573 , set() , {'PY1__97_', 'COMMANDATCMD_PY1___97_', 'POSITIONATINTERN_PY1___97_'}
| | | | | | | | | | | | | +-- , 571 , set() , {'RESINTCONST_PY1___97_', 'POSITIONATINTERN_PY1___97_', 'RESISTANCEATINTERN_PY1___97_'}
| | | | | | | | | | | | | +-- , 557 , {561, 569, 559} , {'PRESSUREATP1_N13___96_', 'FLOWOUTATP1_N13___96_', 'PRESSUREATP1_PY2___98_', 'PRESSUREATP2_N13___96_', 'PRESSUREATP1_PY1___97_', 'FLOWINATP1_PY2___98_', 'FLOWINATP1_PY1___97_', 'FLOWINATP2_N13___96_'}
| | | | | | | | | | | | | | +-- , 561 , {563} , {'PRESSUREATP1_N13___96_', 'FLOWOUTATP1_PY1___97_', 'FLOWOUTATP1_N13___96_', 'PRESSUREATP1_PY1___97_', 'PRESSUREATP2_N13___96_', 'FLOWINATP1_PY1___97_', 'FLOWINATP2_N13___96_'}
| | | | | | | | | | | | | | | +-- , 563 , {565, 567} , {'N13_S_PY1__104_', 'FLOWINATP3_N13___96_', 'PRESSUREATP1_N13___96_', 'FLOWOUTATP1_PY1___97_', 'FLOWOUTATP1_N13___96_', 'PRESSUREATP1_PY1___97_', 'PRESSUREATP3_N13___96_', 'PRESSUREATP2_N13___96_', 'FLOWINATP2_N13___96_'}
| | | | | | | | | | | | | | | | +-- , 565 , set() , {'FLOWINATP1_N13___96_', 'FLOWINATP3_N13___96_', 'FLOWINATP2_N13___96_', 'FLOWOUTATP1_N13___96_'}
| | | | | | | | | | | | | | | | +-- , 567 , set() , {'FLOWINATP3_N13___96_', 'FLOWOUTATP3_N13___96_'}
| | | | | | | | | | | | | | +-- , 569 , set() , {'FLOWOUTATP2_N13___96_', 'FLOWINATP2_N13___96_'}
| | | | | | | | | | | | | | +-- , 559 , set() , {'PRESSUREATP1_PY2___98_', 'PRESSUREATP2_N13___96_', 'N13_S_PY2__105_', 'FLOWINATP1_PY2___98_', 'FLOWOUTATP1_PY2___98_', 'FLOWINATP2_N13___96_'}
| | | | | | | | | | | | +-- , 589 , set() , {'FLOWINATP2_PY1___97_', 'FLOWOUTATP2_PY1___97_'}
| | | | | | | | | | | | +-- , 575 , {577, 587} , {'FLOWINATP3_N14___99_', 'PRESSUREATP3_N14___99_', 'FLOWINATP2_N14___99_', 'PRESSUREATP2_PY2___98_', 'PRESSUREATP2_N14___99_', 'N14_S_PY2__102_', 'FLOWOUTATP2_PY2___98_'}
| | | | | | | | | | | | | +-- , 577 , {585, 579} , {'FLOWINATP3_N14___99_', 'PRESSUREATP3_N14___99_', 'FLOWINATP2_N14___99_', 'PRESSUREATP2_N14___99_', 'PRESSUREATP1_N14___99_', 'FLOWINATP1_N14___99_'}
| | | | | | | | | | | | | | +-- , 585 , set() , {'FLOWOUTATP1_N14___99_', 'FLOWINATP1_N14___99_'}
| | | | | | | | | | | | | | +-- , 579 , {581, 583} , {'PRESSUREATP1_PRES1___100_', 'N14_S_PRES1__101_', 'PRESSUREATP1_N14___99_', 'FLOWOUTATP1_PRES1___100_', 'FLOWINATP1_N14___99_'}
| | | | | | | | | | | | | | | +-- , 581 , set() , {'FLOWINATP1_PRES1___100_', 'FLOWOUTATP1_PRES1___100_'}
| | | | | | | | | | | | | | | +-- , 583 , set() , {'PRESSUREATP1_PRES1___100_', 'LOADPRESCONST_PRES1___100_'}
| | | | | | | | | | | | | +-- , 587 , set() , {'FLOWINATP3_N14___99_', 'FLOWOUTATP3_N14___99_'}
| | | | | | | | | | | +-- , 544 , {546, 550} , {'FLOWINATP1_PROF3___95_', 'PRESSUREATP1_N13___96_', 'PRESSUREATP2_PROF3___95_', 'FLOWOUTATP2_PROF3___95_', 'PRESSUREATP1_PROF3___95_', 'FLOWOUTATP1_N13___96_', 'PROF3_S_N13__106_'}
| | | | | | | | | | | | +-- , 546 , {548} , {'RESISTANCEATINTERN_PROF3___95_', 'FLOWINATP1_PROF3___95_', 'PRESSUREATP2_PROF3___95_', 'PRESSUREATP1_PROF3___95_'}
| | | | | | | | | | | | | +-- , 548 , set() , {'RESINTCONST_PROF3___95_', 'RESISTANCEATINTERN_PROF3___95_', 'PROF3__95_'}
| | | | | | | | | | | | +-- , 550 , set() , {'FLOWINATP1_PROF3___95_', 'FLOWOUTATP1_PROF3___95_'}
| | | | | | | | | +-- , 599 , set() , {'FLOWOUTATP2_PROF3___95_', 'FLOWINATP2_PROF3___95_'}
| | | | | | | +-- , 601 , {603} , {'FLOWINATP2_N12___94_', 'FLOWOUTATP3_N12___94_', 'FLOWOUTATP2_N12___94_', 'FLOWINATP1_N12___94_'}
| | | | | | | | +-- , 603 , set() , {'FLOWINATP2_N12___94_', 'FLOWINATP1_N12___94_', 'FLOWOUTATP3_N12___94_', 'FLOWINATP3_N12___94_'}
| | | +-- , 615 , set() , {'RESINTCONST_LV12___89_', 'POSITIONATINTERN_LV12___89_', 'RESISTANCEATINTERN_LV12___89_'}
| | | +-- , 617 , set() , {'FLOWOUTATP1_LV12___89_', 'FLOWINATP1_LV12___89_'}
| | | +-- , 619 , set() , {'FLOWINATP2_LV12___89_', 'FLOWOUTATP2_LV12___89_'}
| | | +-- , 621 , set() , {'COMMANDATP3_LV12___89_', 'POSITIONATINTERN_LV12___89_', 'LV12__89_'}
| | | +-- , 623 , set() , {'POSITIONATINTERN_LV12___89_', 'MEASUREDPOSITIONATINTERN_LV12___89_'}
| | | +-- , 607 , {609, 611, 613} , {'PR4_S_LV14__111_', 'FLOWOUTATP2_PR4___91_', 'LV12_S_PR4__112_', 'PRESSUREATP2_PR4___91_', 'FLOWOUTATP2_LV14___93_', 'PRESSUREATP2_LV14___93_', 'PRESSUREATP1_PR4___91_', 'FLOWINATP1_PR4___91_', 'FLOWINATP1_LV12___89_', 'PRESSUREATP1_LV12___89_'}
| | | | +-- , 609 , set() , {'FLOWOUTATP2_PR4___91_', 'FLOWINATP2_PR4___91_'}
| | | | +-- , 611 , set() , {'FLOWINATP1_PR4___91_', 'FLOWOUTATP1_PR4___91_'}
| | | | +-- , 613 , set() , {'REGULATEDPRESSURECONST_PR4___91_', 'PRESSUREATP2_PR4___91_', 'PRESSUREATP1_PR4___91_', 'PR4__91_', 'DEGRADEDPRESSURECONST_PR4___91_'}
| +-- , 762 , set() , {'FLOWINATP1_N1___57_', 'FLOWOUTATP1_N1___57_'}
| +-- , 635 , {637} , {'PRESSUREATP2_N17___125_', 'FLOWINATP2_LV3___8_', 'LV2_S_N16__129_', 'FLOWOUTATP2_N17___125_', 'FLOWINATP2_LV2___6_', 'LV3_S_N17__131_', 'PRESSUREATP2_LV3___8_', 'PRESSUREATP2_LV2___6_', 'PRESSUREATP2_N16___124_', 'FLOWOUTATP2_N16___124_'}
| | +-- , 637 , {649, 639} , {'PRESSUREATP1_LV3___8_', 'FLOWOUTATP1_LV3___8_', 'FLOWINATP2_LV3___8_', 'FLOWINATP2_LV2___6_', 'PRESSUREATP2_LV2___6_', 'PRESSUREATP2_LV3___8_'}
| | | +-- , 649 , {760, 651} , {'PRESSUREATP1_LV3___8_', 'FLOWINATP2_LV2___6_', 'N3_S_LV3__82_', 'PRESSUREATP1_N3___72_', 'FLOWOUTATP1_LV3___8_', 'PRESSUREATP2_LV2___6_', 'FLOWINATP1_N3___72_'}
| | | | +-- , 760 , set() , {'FLOWINATP1_N3___72_', 'FLOWOUTATP1_N3___72_'}
| | | | +-- , 651 , {758, 746, 653} , {'FLOWINATP2_LV2___6_', 'PRESSUREATP1_N3___72_', 'PRESSUREATP1_N4___73_', 'PRESSUREATP2_LV2___6_', 'FLOWINATP1_N3___72_', 'FLOWINATP1_N4___73_'}
| | | | | +-- , 758 , set() , {'FLOWINATP1_N4___73_', 'FLOWOUTATP1_N4___73_'}
| | | | | +-- , 746 , {748} , {'PRESSUREATP1_LV2___6_', 'PRESSUREATP1_N4___73_', 'FLOWINATP2_LV2___6_', 'FLOWOUTATP1_LV2___6_', 'FLOWINATP1_N4___73_', 'PRESSUREATP2_LV2___6_', 'N4_S_LV2__85_'}
| | | | | | +-- , 748 , {752, 756, 750} , {'RESISTANCEATINTERN_LV2___6_', 'PRESSUREATP1_LV2___6_', 'FLOWINATP1_LV2___6_', 'FLOWINATP2_LV2___6_', 'FLOWOUTATP1_LV2___6_', 'FLOWOUTATP2_LV2___6_', 'PRESSUREATP2_LV2___6_', 'POSITIONATINTERN_LV2___6_'}
| | | | | | | +-- , 752 , set() , {'MEASUREDPOSITIONATINTERN_LV2___6_', 'POSITIONATINTERN_LV2___6_'}
| | | | | | | +-- , 756 , set() , {'RESISTANCEATINTERN_LV2___6_', 'RESINTCONST_LV2___6_', 'POSITIONATINTERN_LV2___6_'}
| | | | | | | +-- , 750 , set() , {'LV2__6_', 'COMMANDATP3_LV2___6_', 'POSITIONATINTERN_LV2___6_'}
| | | | | +-- , 653 , {656} , {'PRESSUREATP2A_LV8___64_', 'FLOWINATP2A_LV8___64_', 'PRESSUREATP1_N4___73_', 'LV8_S_N4__86_', 'PRESSUREATP2_N4___73_', 'PRESSUREATP1_N3___72_', 'FLOWINATP1_N4___73_', 'FLOWINATP1_N3___72_', 'FLOWOUTATP2_N4___73_'}
| | | | | | +-- , 656 , {660, 742} , {'PRESSUREATP2A_LV8___64_', 'FLOWINATP2A_LV8___64_', 'PRESSUREATP1_N4___73_', 'FLOWOUTATP2B_LV8___64_', 'PRESSUREATP2_N4___73_', 'PRESSUREATP2B_LV7___63_', 'PRESSUREATP1_N3___72_', 'FLOWINATP2B_LV7___63_', 'FLOWINATP2B_LV8___64_', 'FLOWINATP1_N4___73_', 'FLOWINATP1_N3___72_', 'FLOWOUTATP2_N4___73_'}
| | | | | | | +-- , 660 , {706, 662} , {'PRESSUREATP2A_LV8___64_', 'FLOWINATP2A_LV8___64_', 'FLOWOUTATP2B_LV8___64_', 'PRESSUREATP2B_LV7___63_', 'PRESSUREATP1_N3___72_', 'FLOWINATP2B_LV7___63_', 'FLOWINATP2B_LV8___64_', 'PRESSUREATP2_N3___72_', 'FLOWINATP1_N3___72_', 'FLOWOUTATP2_N3___72_'}
| | | | | | | | +-- , 706 , {736, 738, 708, 740} , {'PRESSUREATP2A_LV8___64_', 'PRESSUREATP1B_LV8___64_', 'FLOWINATP2A_LV8___64_', 'FLOWOUTATP2B_LV8___64_', 'PRESSUREATP2B_LV8___64_', 'RESISTANCEATINTERN_LV8___64_', 'FLOWINATP2B_LV8___64_', 'PRESSUREATP2_N3___72_', 'FLOWINATP1B_LV8___64_', 'LV8_S_N3__84_', 'POSITIONATINTERN_LV8___64_', 'FLOWOUTATP2_N3___72_'}
| | | | | | | | | +-- , 736 , set() , {'RESINTCONST_LV8___64_', 'RESISTANCEATINTERN_LV8___64_', 'POSITIONATINTERN_LV8___64_'}
| | | | | | | | | +-- , 738 , set() , {'COMMANDATP3_LV8___64_', 'LV8__64_', 'POSITIONATINTERN_LV8___64_'}
| | | | | | | | | +-- , 708 , {710, 734} , {'PRESSUREATP2A_LV8___64_', 'PRESSUREATP1A_LV8___64_', 'FLOWINATP2A_LV8___64_', 'PRESSUREATP1B_LV8___64_', 'RESISTANCEATINTERN_LV8___64_', 'FLOWINATP1A_LV8___64_', 'FLOWINATP1B_LV8___64_', 'POSITIONATINTERN_LV8___64_'}
| | | | | | | | | | +-- , 710 , {712, 730, 732} , {'PRESSUREATP1A_LV8___64_', 'PRESSUREATP1B_LV8___64_', 'PRESSUREATP1_TT4___59_', 'FLOWINATP1A_LV8___64_', 'FLOWINATP1B_LV8___64_', 'FLOWINATP1_TT4___59_'}
| | | | | | | | | | | +-- , 712 , {724, 728, 717} , {'PRESSUREATP1B_LV8___64_', 'PRESSUREATP1_TT4___59_', 'FLOWINATP2_TT4___59_', 'FLOWOUTATP1B_LV8___64_', 'FLOWINATP1B_LV8___64_', 'PRESSUREATP2_TT4___59_', 'TT4_S_LV8__70_', 'R1ATINTERN_TT4___59_', 'FLOWINATP1_TT4___59_'}
| | | | | | | | | | | | +-- , 724 , {726} , {'PRESSUREATP1_TT4___59_', 'PRESSUREATP2_TT4___59_', 'PRESSUREATP3_TT4___59_'}
| | | | | | | | | | | | | +-- , 726 , set() , {'PRESSUREATP3_TT4___59_', 'TEMPERATUREATP4_TT4___59_'}
| | | | | | | | | | | | +-- , 728 , set() , {'FLOWINATP2_TT4___59_', 'FLOWOUTATP2_TT4___59_'}
| | | | | | | | | | | | +-- , 717 , {719} , {'R2ATINTERN_TT4___59_', 'FLOWINATP2_TT4___59_', 'PRESSUREATP2_TT4___59_', 'R1ATINTERN_TT4___59_', 'FLOWINATP1_TT4___59_'}
| | | | | | | | | | | | | +-- , 719 , {722} , {'INTRES2CONST_TT4___59_', 'R1ATINTERN_TT4___59_', 'R2ATINTERN_TT4___59_', 'BOTHFLOWSPRESENTATINTERN_TT4___59_', 'FLOWINATP2_TT4___59_', 'FLOWINATP1_TT4___59_'}
| | | | | | | | | | | | | | +-- , 722 , set() , {'INTRES1CONST_TT4___59_', 'BOTHFLOWSPRESENTATINTERN_TT4___59_', 'R1ATINTERN_TT4___59_'}
| | | | | | | | | | | +-- , 730 , set() , {'TT4_S_LV8__65_', 'PRESSUREATP1A_LV8___64_', 'PRESSUREATP1_TT4___59_', 'FLOWOUTATP1A_LV8___64_', 'FLOWINATP1A_LV8___64_', 'FLOWINATP1_TT4___59_'}
| | | | | | | | | | | +-- , 732 , set() , {'FLOWOUTATP1_TT4___59_', 'FLOWINATP1_TT4___59_'}
| | | | | | | | | | +-- , 734 , set() , {'PRESSUREATP2A_LV8___64_', 'PRESSUREATP1A_LV8___64_', 'FLOWINATP2A_LV8___64_', 'FLOWOUTATP2A_LV8___64_', 'RESISTANCEATINTERN_LV8___64_', 'FLOWINATP1A_LV8___64_', 'POSITIONATINTERN_LV8___64_'}
| | | | | | | | | +-- , 740 , set() , {'POSITIONATINTERN_LV8___64_', 'MEASUREDPOSITIONATINTERN_LV8___64_'}
| | | | | | | | +-- , 662 , {664, 672} , {'PRESSUREATP2A_LV7___63_', 'PRESSUREATP2B_LV7___63_', 'PRESSUREATP1_N3___72_', 'FLOWINATP2B_LV7___63_', 'PRESSUREATP2_N3___72_', 'FLOWINATP1_N3___72_', 'FLOWOUTATP2A_LV7___63_', 'FLOWOUTATP2_N3___72_'}
| | | | | | | | | +-- , 664 , {666} , {'PRESSUREATP2A_LV7___63_', 'PRESSUREATP1_N3___72_', 'FLOWINATP2A_LV7___63_', 'PRESSUREATP2_N3___72_', 'FLOWINATP1_N3___72_', 'FLOWOUTATP2A_LV7___63_', 'FLOWOUTATP2_N3___72_'}
| | | | | | | | | | +-- , 666 , {668} , {'FLOWOUTATP3_N3___72_', 'PRESSUREATP2A_LV7___63_', 'PRESSUREATP3_N3___72_', 'PRESSUREATP1_N3___72_', 'FLOWINATP2A_LV7___63_', 'PRESSUREATP2_N3___72_', 'LV7_S_N3__83_', 'FLOWINATP1_N3___72_', 'FLOWOUTATP2_N3___72_'}
| | | | | | | | | | | +-- , 668 , {670} , {'FLOWOUTATP3_N3___72_', 'FLOWINATP3_N3___72_', 'FLOWINATP1_N3___72_', 'FLOWOUTATP2_N3___72_'}
| | | | | | | | | | | | +-- , 670 , set() , {'FLOWINATP2_N3___72_', 'FLOWINATP1_N3___72_', 'FLOWINATP3_N3___72_', 'FLOWOUTATP2_N3___72_'}
| | | | | | | | | +-- , 672 , {704, 674, 700, 702} , {'RESISTANCEATINTERN_LV7___63_', 'PRESSUREATP2A_LV7___63_', 'POSITIONATINTERN_LV7___63_', 'PRESSUREATP1A_LV7___63_', 'PRESSUREATP2B_LV7___63_', 'FLOWINATP2B_LV7___63_', 'FLOWINATP1A_LV7___63_', 'FLOWOUTATP2A_LV7___63_'}
| | | | | | | | | | +-- , 704 , set() , {'MEASUREDPOSITIONATINTERN_LV7___63_', 'POSITIONATINTERN_LV7___63_'}
| | | | | | | | | | +-- , 674 , {676, 678} , {'RESISTANCEATINTERN_LV7___63_', 'POSITIONATINTERN_LV7___63_', 'PRESSUREATP1A_LV7___63_', 'PRESSUREATP2B_LV7___63_', 'FLOWINATP2B_LV7___63_', 'FLOWINATP1B_LV7___63_', 'FLOWINATP1A_LV7___63_', 'PRESSUREATP1B_LV7___63_'}
| | | | | | | | | | | +-- , 676 , set() , {'RESISTANCEATINTERN_LV7___63_', 'POSITIONATINTERN_LV7___63_', 'FLOWOUTATP2B_LV7___63_', 'PRESSUREATP2B_LV7___63_', 'FLOWINATP2B_LV7___63_', 'FLOWINATP1B_LV7___63_', 'PRESSUREATP1B_LV7___63_'}
| | | | | | | | | | | +-- , 678 , {684, 688, 690, 692, 694, 696, 698} , {'PRESSUREATP2_TT3___54_', 'FLOWINATP1A_LV7___63_', 'FLOWINATP2_TT3___54_', 'PRESSUREATP1_TT3___54_', 'PRESSUREATP1A_LV7___63_', 'BOTHFLOWSPRESENTATINTERN_TT3___54_', 'FLOWINATP1B_LV7___63_', 'FLOWINATP1_TT3___54_', 'PRESSUREATP1B_LV7___63_'}
| | | | | | | | | | | | +-- , 684 , {686} , {'PRESSUREATP2_TT3___54_', 'PRESSUREATP3_TT3___54_', 'PRESSUREATP1_TT3___54_'}
| | | | | | | | | | | | | +-- , 686 , set() , {'TEMPERATUREATP4_TT3___54_', 'PRESSUREATP3_TT3___54_'}
| | | | | | | | | | | | +-- , 688 , set() , {'FLOWOUTATP1A_LV7___63_', 'PRESSUREATP1_TT3___54_', 'PRESSUREATP1A_LV7___63_', 'TT3_S_LV7__66_', 'FLOWINATP1_TT3___54_', 'FLOWINATP1A_LV7___63_'}
| | | | | | | | | | | | +-- , 690 , set() , {'PRESSUREATP1_TT3___54_', 'BOTHFLOWSPRESENTATINTERN_TT3___54_', 'FLOWINATP1_TT3___54_', 'INTRES1CONST_TT3___54_', 'R1ATINTERN_TT3___54_'}
| | | | | | | | | | | | +-- , 692 , set() , {'PRESSUREATP2_TT3___54_', 'R2ATINTERN_TT3___54_', 'INTRES2CONST_TT3___54_', 'FLOWINATP2_TT3___54_', 'BOTHFLOWSPRESENTATINTERN_TT3___54_'}
| | | | | | | | | | | | +-- , 694 , set() , {'PRESSUREATP2_TT3___54_', 'FLOWOUTATP1B_LV7___63_', 'FLOWINATP2_TT3___54_', 'TT3_S_LV7__69_', 'FLOWINATP1B_LV7___63_', 'PRESSUREATP1B_LV7___63_'}
| | | | | | | | | | | | +-- , 696 , set() , {'FLOWOUTATP2_TT3___54_', 'FLOWINATP2_TT3___54_'}
| | | | | | | | | | | | +-- , 698 , set() , {'FLOWOUTATP1_TT3___54_', 'FLOWINATP1_TT3___54_'}
| | | | | | | | | | +-- , 700 , set() , {'LV7__63_', 'COMMANDATP3_LV7___63_', 'POSITIONATINTERN_LV7___63_'}
| | | | | | | | | | +-- , 702 , set() , {'RESISTANCEATINTERN_LV7___63_', 'RESINTCONST_LV7___63_', 'POSITIONATINTERN_LV7___63_'}
| | | | | | | +-- , 742 , {744} , {'LV7_S_N4__87_', 'FLOWOUTATP3_N4___73_', 'PRESSUREATP1_N4___73_', 'PRESSUREATP3_N4___73_', 'PRESSUREATP2_N4___73_', 'PRESSUREATP2B_LV7___63_', 'FLOWINATP2B_LV7___63_', 'FLOWINATP1_N4___73_', 'FLOWOUTATP2_N4___73_'}
| | | | | | | | +-- , 744 , set() , {'FLOWOUTATP3_N4___73_', 'FLOWINATP3_N4___73_', 'FLOWINATP1_N4___73_', 'FLOWOUTATP2_N4___73_', 'FLOWINATP2_N4___73_'}
| | | +-- , 639 , {643, 645, 647} , {'PRESSUREATP1_LV3___8_', 'FLOWINATP1_LV3___8_', 'POSITIONATINTERN_LV3___8_', 'FLOWINATP2_LV3___8_', 'FLOWOUTATP1_LV3___8_', 'FLOWOUTATP2_LV3___8_', 'RESISTANCEATINTERN_LV3___8_', 'PRESSUREATP2_LV3___8_'}
| | | | +-- , 643 , set() , {'RESINTCONST_LV3___8_', 'RESISTANCEATINTERN_LV3___8_', 'POSITIONATINTERN_LV3___8_'}
| | | | +-- , 645 , set() , {'COMMANDATP3_LV3___8_', 'LV3__8_', 'POSITIONATINTERN_LV3___8_'}
| | | | +-- , 647 , set() , {'MEASUREDPOSITIONATINTERN_LV3___8_', 'POSITIONATINTERN_LV3___8_'}


Max number of edges with non zero Y: 7
Max number of iterations of outer rounding loop: 4
Max number of candidate sets: 2
Time spent rounding: 43.058
Time spent solving Separator LP: 4.224
Total time spent solving: 61.621

LP Solver: GaifmanNormal
Lower Bound Witness = ({'PRESSUREATP1B_LV1___60_', 'FLOWINATP1_TT1___61_', 'TT2_S_LV6__71_', 'PRESSUREATP2_TT1___61_', 'INTRES2CONST_TT1___61_', 'PRESSUREATP2_TT2___53_', 'PRESSUREATP2_N11___75_', 'LV1_S_N11__77_', 'FLOWINATP2A_LV6___62_', 'PRESSUREATP2B_LV1___60_', 'FLOWOUTATP2_N10___74_', 'FLOWINATP1B_LV1___60_', 'FLOWOUTATP3_N10___74_', 'FLOWINATP2_N10___74_', 'FLOWINATP3_N10___74_', 'FLOWOUTATP2B_LV6___62_', 'TT2_S_LV6__68_', 'FLOWINATP2B_LV1___60_', 'BOTHFLOWSPRESENTATINTERN_TT1___61_', 'FLOWINATP1_N11___75_', 'MEASUREDPOSITIONATINTERN_LV6___62_', 'LV6_S_N11__78_', 'FLOWOUTATP1A_LV6___62_', 'PRESSUREATP1A_LV1___60_', 'FLOWINATP1_TT2___53_', 'FLOWINATP2_TT1___61_', 'PRESSUREATP1A_LV6___62_', 'PRESSUREATP3_N11___75_', 'COMMANDATP3_LV6___62_', 'FLOWINATP2_TT2___53_', 'TEMPERATUREATP4_TT1___61_', 'FLOWOUTATP1B_LV6___62_', 'FLOWOUTATP2_TT1___61_', 'FLOWINATP1A_LV1___60_', 'INTRES1CONST_TT2___53_', 'FLOWOUTATP1B_LV1___60_', 'FLOWOUTATP1_TT1___61_', 'FLOWOUTATP1_TT2___53_', 'FLOWOUTATP2A_LV1___60_', 'TEMPERATUREATP4_TT2___53_', 'TT1_S_LV1__55_', 'R2ATINTERN_TT1___61_', 'FLOWINATP2A_LV1___60_', 'PRESSUREATP2B_LV6___62_', 'R1ATINTERN_TT2___53_', 'FLOWOUTATP3_N11___75_', 'PRESSUREATP1B_LV6___62_', 'PRESSUREATP2A_LV6___62_', 'FLOWOUTATP2B_LV1___60_', 'PRESSUREATP1_N11___75_', 'BOTHFLOWSPRESENTATINTERN_TT2___53_', 'INTRES1CONST_TT1___61_', 'PRESSUREATP1_N10___74_', 'INTRES2CONST_TT2___53_', 'FLOWINATP1_N10___74_', 'FLOWINATP2B_LV6___62_', 'TT1_S_LV1__67_', 'PRESSUREATP3_N10___74_', 'FLOWOUTATP1A_LV1___60_', 'FLOWINATP1A_LV6___62_', 'R2ATINTERN_TT2___53_', 'R1ATINTERN_TT1___61_', 'LV6_S_N10__80_', 'PRESSUREATP1_TT2___53_', 'FLOWOUTATP2_TT2___53_', 'PRESSUREATP3_TT1___61_', 'FLOWINATP2_N11___75_', 'LV6__62_', 'FLOWINATP1B_LV6___62_', 'FLOWOUTATP2_N11___75_', 'RESISTANCEATINTERN_LV1___60_', 'PRESSUREATP2A_LV1___60_', 'PRESSUREATP3_TT2___53_', 'RESINTCONST_LV6___62_', 'PRESSUREATP1_TT1___61_', 'FLOWINATP3_N11___75_', 'FLOWOUTATP2A_LV6___62_', 'LV1_S_N10__81_', 'PRESSUREATP2_N10___74_', 'POSITIONATINTERN_LV6___62_', 'POSITIONATINTERN_LV1___60_', 'RESISTANCEATINTERN_LV6___62_'}, {'PRESSUREATP1B_LV1___60_', 'POSITIONATINTERN_LV1___60_', 'FLOWINATP1_N11___75_', 'FLOWINATP1B_LV6___62_', 'PRESSUREATP1_N10___74_', 'FLOWOUTATP1B_LV6___62_', 'RESISTANCEATINTERN_LV1___60_', 'PRESSUREATP2B_LV1___60_', 'FLOWINATP1_N10___74_', 'FLOWINATP1B_LV1___60_', 'FLOWOUTATP2B_LV1___60_', 'PRESSUREATP1_N11___75_'})