22, 2.4705312710363176, 7.0, 7
+-- , 0 , {3, 36, 44} , {'xL32J', 'xL22J', 'xL12J', 'xL6J', 'xL34J', 'xL23J', 'xL4J', 'xL14J', 'xL13J', 'xL15J'}
| +-- , 3 , {34, 6} , {'xL32J', 'xL12J', 'xL34J', 'xL14J', 'xL13J', 'xL15J', 'xL16J', 'xL6J', 'xL23J', 'xL4J', 'xL3J'}
| | +-- , 34 , set() , {'xL4J', 'xL12J', 'xL3J', 'xL9J'}
| | +-- , 6 , {9} , {'xL37J', 'xL32J', 'xL31J', 'xL34J', 'xL14J', 'xL13J', 'xL15J', 'xL26J', 'xL6J', 'xL23J', 'xL4J', 'xL3J'}
| | | +-- , 9 , {32, 13} , {'xL37J', 'xL32J', 'xL3J', 'xL31J', 'xL39J', 'xL21J', 'xL6J', 'xL23J', 'xL4J', 'xL14J', 'xL13J', 'xL26J', 'xL30J'}
| | | | +-- , 32 , set() , {'xL0J', 'xL39J', 'xL3J'}
| | | | +-- , 13 , {15} , {'xL37J', 'xL32J', 'xL28J', 'xL31J', 'xL14J', 'xL13J', 'xL26J', 'xL30J', 'xL8J', 'xL39J', 'xL6J', 'xL23J', 'xL4J', 'xL3J'}
| | | | | +-- , 15 , {17} , {'xL37J', 'xL32J', 'xL28J', 'xL31J', 'xL29J', 'xL13J', 'xL26J', 'xL30J', 'xL8J', 'xL39J', 'xL6J', 'xL4J', 'xL3J'}
| | | | | | +-- , 17 , {19} , {'xL37J', 'xL28J', 'xL31J', 'xL29J', 'xL13J', 'xL26J', 'xL30J', 'xL8J', 'xL33J', 'xL6J', 'xL4J', 'xL3J'}
| | | | | | | +-- , 19 , {24, 22} , {'xL27J', 'xL28J', 'xL31J', 'xL29J', 'xL13J', 'xL26J', 'xL30J', 'xL8J', 'xL33J', 'xL18J', 'xL6J', 'xL4J', 'xL3J'}
| | | | | | | | +-- , 24 , {28, 30} , {'xL27J', 'xL3J', 'xL28J', 'xL33J', 'xL29J', 'xL11J', 'xL19J', 'xL6J', 'xL4J', 'xL26J', 'xL30J'}
| | | | | | | | | +-- , 28 , set() , {'xL38J', 'xL33J', 'xL11J', 'xL19J', 'xL26J', 'xL3J'}
| | | | | | | | | +-- , 30 , set() , {'xL19J', 'xL36J', 'xL3J', 'xL30J'}
| | | | | | | | +-- , 22 , set() , {'xL27J', 'xL28J', 'xL31J', 'xL17J'}
| +-- , 36 , {42, 38} , {'xL32J', 'xL20J', 'xL6J', 'xL34J', 'xL4J', 'xL14J', 'xL15J'}
| | +-- , 42 , set() , {'xL32J', 'xL20J', 'xL2J', 'xL7J', 'xL34J', 'xL4J', 'xL14J'}
| | +-- , 38 , {40} , {'xL20J', 'xL5J', 'xL6J'}
| | | +-- , 40 , set() , {'xL5J', 'xL24J'}
| +-- , 44 , {46} , {'xL25J', 'xL6J'}
| | +-- , 46 , {48} , {'xL25J', 'xL10J'}
| | | +-- , 48 , {50} , {'xL35J', 'xL10J'}
| | | | +-- , 50 , set() , {'xL35J', 'xL1J'}


Max number of edges with non zero Y: 25
Max number of iterations of outer rounding loop: 6
Max number of candidate sets: 2
Time spent rounding: 44.478
Time spent solving Separator LP: 1.161

LP Solver: GaifmanNormal