32, 1.0714281428571428, 5.0, 5
+-- , 0 , {5, 37} , {'xL4JL13J', 'xL4JL7J', 'xL3JL13J', 'xL1JL7J', 'xL3JL7J', 'xL4JL11J', 'xL2JL7J', 'xL4JL12J', 'xL6JL5J', 'xL6JL6J', 'xL6JL7J'}
| +-- , 5 , {7} , {'xL8JL7J', 'xL9JL7J', 'xL4JL7J', 'xL3JL13J', 'xL4JL11J', 'xL4JL12J', 'xL7JL7J', 'xL6JL7J'}
| | +-- , 7 , {9} , {'xL8JL7J', 'xL9JL7J', 'xL4JL8J', 'xL4JL7J', 'xL3JL13J', 'xL4JL11J', 'xL4JL12J', 'xL7JL7J', 'xL3JL12J', 'xL4JL9J'}
| | | +-- , 9 , {11} , {'xL8JL7J', 'xL9JL7J', 'xL4JL8J', 'xL2JL12J', 'xL4JL11J', 'xL4JL12J', 'xL7JL7J', 'xL3JL12J', 'xL4JL9J'}
| | | | +-- , 11 , {13} , {'xL2JL9J', 'xL8JL7J', 'xL9JL7J', 'xL4JL8J', 'xL2JL12J', 'xL6JL11J', 'xL4JL11J', 'xL7JL7J', 'xL2JL10J', 'xL4JL9J', 'xL2JL11J', 'xL5JL11J'}
| | | | | +-- , 13 , {29, 15} , {'xL8JL7J', 'xL9JL7J', 'xL5JL10J', 'xL4JL8J', 'xL6JL11J', 'xL2JL9J', 'xL7JL7J', 'xL2JL10J', 'xL4JL9J', 'xL2JL11J', 'xL5JL11J'}
| | | | | | +-- , 29 , {31} , {'xL4JL8J', 'xL5JL10J', 'xL2JL9J', 'xL5JL9J', 'xL2JL10J', 'xL5JL8J', 'xL4JL9J', 'xL2JL11J', 'xL5JL11J'}
| | | | | | | +-- , 31 , {33} , {'xL2JL9J', 'xL5JL9J', 'xL2JL10J', 'xL3JL9J', 'xL4JL9J', 'xL2JL11J'}
| | | | | | | | +-- , 33 , {35} , {'xL3JL9J', 'xL2JL10J', 'xL2JL11J', 'xL3JL10J'}
| | | | | | | | | +-- , 35 , set() , {'xL3JL10J', 'xL1JL10J', 'xL1JL11J', 'xL2JL10J', 'xL2JL11J'}
| | | | | | +-- , 15 , {17} , {'xL6JL12J', 'xL5JL10J', 'xL8JL7J', 'xL9JL7J', 'xL6JL10J', 'xL6JL11J', 'xL7JL7J', 'xL6JL13J'}
| | | | | | | +-- , 17 , {19} , {'xL7JL10J', 'xL6JL12J', 'xL5JL10J', 'xL8JL7J', 'xL9JL7J', 'xL6JL10J', 'xL7JL7J', 'xL9JL10J', 'xL8JL10J', 'xL6JL13J'}
| | | | | | | | +-- , 19 , {27, 21} , {'xL7JL10J', 'xL8JL12J', 'xL6JL12J', 'xL8JL7J', 'xL9JL7J', 'xL7JL7J', 'xL9JL10J', 'xL8JL10J', 'xL6JL13J'}
| | | | | | | | | +-- , 27 , set() , {'xL8JL12J', 'xL6JL12J', 'xL7JL12J', 'xL7JL13J', 'xL6JL13J'}
| | | | | | | | | +-- , 21 , {25, 23} , {'xL7JL10J', 'xL8JL11J', 'xL8JL12J', 'xL8JL7J', 'xL9JL7J', 'xL8JL8J', 'xL8JL9J', 'xL7JL7J', 'xL9JL10J', 'xL8JL10J'}
| | | | | | | | | | +-- , 25 , set() , {'xL8JL11J', 'xL9JL11J', 'xL9JL10J'}
| | | | | | | | | | +-- , 23 , set() , {'xL7JL10J', 'xL9JL8J', 'xL9JL7J', 'xL7JL9J', 'xL8JL8J', 'xL8JL9J', 'xL7JL8J', 'xL7JL7J'}
| +-- , 37 , {41, 63} , {'xL1JL4J', 'xL1JL7J', 'xL3JL7J', 'xL4JL4J', 'xL5JL4J', 'xL2JL7J', 'xL2JL2J', 'xL6JL5J', 'xL6JL6J', 'xL1JL3J'}
| | +-- , 41 , {43} , {'xL5JL4J', 'xL4JL4J', 'xL4JL2J', 'xL2JL2J', 'xL3JL2J', 'xL6JL5J', 'xL6JL6J'}
| | | +-- , 43 , {59, 45} , {'xL5JL4J', 'xL4JL4J', 'xL4JL2J', 'xL3JL2J', 'xL6JL5J', 'xL6JL6J', 'xL6JL3J', 'xL5JL3J'}
| | | | +-- , 59 , {61} , {'xL4JL1J', 'xL4JL4J', 'xL4JL2J', 'xL3JL2J', 'xL4JL3J', 'xL6JL3J', 'xL5JL3J'}
| | | | | +-- , 61 , set() , {'xL3JL1J', 'xL4JL1J', 'xL3JL2J'}
| | | | +-- , 45 , {47} , {'xL5JL5J', 'xL5JL4J', 'xL6JL5J', 'xL5JL6J', 'xL6JL6J', 'xL6JL3J', 'xL5JL3J'}
| | | | | +-- , 47 , {49} , {'xL6JL5J', 'xL8JL5J', 'xL5JL5J', 'xL6JL3J', 'xL7JL5J'}
| | | | | | +-- , 49 , {51} , {'xL6JL1J', 'xL7JL5J', 'xL8JL5J', 'xL6JL2J', 'xL6JL3J'}
| | | | | | | +-- , 51 , {53, 55} , {'xL8JL2J', 'xL8JL5J', 'xL6JL2J', 'xL6JL1J', 'xL7JL5J'}
| | | | | | | | +-- , 53 , set() , {'xL6JL1J', 'xL8JL2J', 'xL6JL2J', 'xL7JL2J', 'xL7JL1J'}
| | | | | | | | +-- , 55 , {57} , {'xL7JL4J', 'xL7JL5J', 'xL8JL4J', 'xL8JL2J', 'xL8JL5J', 'xL8JL3J'}
| | | | | | | | | +-- , 57 , set() , {'xL7JL4J', 'xL8JL4J', 'xL9JL3J', 'xL9JL4J', 'xL8JL3J'}
| | +-- , 63 , {65} , {'xL2JL3J', 'xL3JL4J', 'xL1JL4J', 'xL2JL4J', 'xL1JL7J', 'xL3JL7J', 'xL4JL4J', 'xL5JL4J', 'xL2JL7J', 'xL2JL2J', 'xL1JL3J'}
| | | +-- , 65 , {67} , {'xL2JL3J', 'xL3JL4J', 'xL2JL4J', 'xL1JL7J', 'xL3JL7J', 'xL2JL7J', 'xL2JL2J', 'xL2JL6J', 'xL2JL5J'}
| | | | +-- , 67 , set() , {'xL3JL4J', 'xL3JL5J', 'xL1JL7J', 'xL3JL7J', 'xL2JL6J', 'xL1JL6J', 'xL3JL6J', 'xL2JL5J'}


Max number of edges with non zero Y: 5
Max number of iterations of outer rounding loop: 4
Max number of candidate sets: 2
Time spent rounding: 9.347
Time spent solving Separator LP: 0.523
Total time spent solving: 13.175

LP Solver: GaifmanNormal
Lower Bound Witness = ({'xL8JL12J', 'xL4JL13J', 'xL3JL1J', 'xL4JL4J', 'xL9JL4J', 'xL8JL8J', 'xL2JL12J', 'xL8JL4J', 'xL4JL11J', 'xL2JL10J', 'xL8JL10J', 'xL3JL13J', 'xL3JL7J', 'xL5JL9J', 'xL1JL6J', 'xL7JL10J', 'xL9JL11J', 'xL8JL11J', 'xL3JL4J', 'xL7JL5J', 'xL4JL3J', 'xL5JL8J', 'xL6JL6J', 'xL2JL11J', 'xL8JL3J', 'xL3JL5J', 'xL9JL3J', 'xL2JL9J', 'xL1JL10J', 'xL2JL2J', 'xL4JL1J', 'xL7JL12J', 'xL7JL9J', 'xL1JL11J', 'xL7JL1J', 'xL6JL12J', 'xL4JL8J', 'xL5JL5J', 'xL1JL7J', 'xL6JL11J', 'xL8JL2J', 'xL7JL7J', 'xL9JL8J', 'xL7JL4J', 'xL2JL3J', 'xL8JL7J', 'xL8JL9J', 'xL4JL2J', 'xL5JL10J', 'xL1JL4J', 'xL2JL4J', 'xL5JL4J', 'xL5JL6J', 'xL6JL3J', 'xL6JL13J', 'xL1JL3J', 'xL3JL10J', 'xL2JL7J', 'xL7JL8J', 'xL3JL2J', 'xL3JL12J', 'xL3JL6J', 'xL4JL9J', 'xL6JL7J', 'xL4JL7J', 'xL4JL12J', 'xL3JL9J', 'xL7JL13J', 'xL9JL7J', 'xL6JL5J', 'xL2JL6J', 'xL9JL10J', 'xL6JL2J', 'xL6JL10J', 'xL8JL5J', 'xL2JL5J', 'xL5JL3J', 'xL6JL1J', 'xL7JL2J', 'xL5JL11J'}, {'xL3JL13J', 'xL8JL8J', 'xL2JL6J', 'xL1JL11J', 'xL6JL3J'})