30, 1.09999945, 5.0, 5
+-- , 0 , {32, 3} , {'xL8JL7J', 'xL9JL7J', 'xL4JL8J', 'xL4JL7J', 'xL7JL7J', 'xL4JL9J', 'xL6JL7J'}
| +-- , 32 , {34} , {'xL6JL5J', 'xL6JL6J', 'xL4JL7J', 'xL6JL7J'}
| | +-- , 34 , {36} , {'xL4JL7J', 'xL1JL7J', 'xL3JL7J', 'xL2JL7J', 'xL6JL5J', 'xL6JL6J'}
| | | +-- , 36 , {40, 62} , {'xL2JL3J', 'xL1JL7J', 'xL3JL7J', 'xL4JL4J', 'xL5JL4J', 'xL2JL7J', 'xL2JL2J', 'xL6JL5J', 'xL6JL6J', 'xL1JL3J'}
| | | | +-- , 40 , {42} , {'xL5JL4J', 'xL4JL4J', 'xL4JL2J', 'xL2JL2J', 'xL3JL2J', 'xL6JL5J', 'xL6JL6J'}
| | | | | +-- , 42 , {58, 44} , {'xL5JL4J', 'xL4JL4J', 'xL4JL2J', 'xL3JL2J', 'xL6JL5J', 'xL6JL6J', 'xL6JL3J', 'xL5JL3J'}
| | | | | | +-- , 58 , {60} , {'xL4JL1J', 'xL4JL4J', 'xL4JL2J', 'xL3JL2J', 'xL4JL3J', 'xL6JL3J', 'xL5JL3J'}
| | | | | | | +-- , 60 , set() , {'xL3JL1J', 'xL4JL1J', 'xL3JL2J'}
| | | | | | +-- , 44 , {46} , {'xL5JL5J', 'xL5JL4J', 'xL6JL5J', 'xL5JL6J', 'xL6JL6J', 'xL6JL3J', 'xL5JL3J'}
| | | | | | | +-- , 46 , {48} , {'xL6JL5J', 'xL8JL5J', 'xL5JL5J', 'xL6JL3J', 'xL7JL5J'}
| | | | | | | | +-- , 48 , {50} , {'xL6JL1J', 'xL7JL5J', 'xL8JL5J', 'xL6JL2J', 'xL6JL3J'}
| | | | | | | | | +-- , 50 , {52, 54} , {'xL8JL2J', 'xL8JL5J', 'xL6JL2J', 'xL6JL1J', 'xL7JL5J'}
| | | | | | | | | | +-- , 52 , set() , {'xL6JL1J', 'xL8JL2J', 'xL6JL2J', 'xL7JL2J', 'xL7JL1J'}
| | | | | | | | | | +-- , 54 , {56} , {'xL7JL4J', 'xL7JL5J', 'xL8JL4J', 'xL8JL2J', 'xL8JL5J', 'xL8JL3J'}
| | | | | | | | | | | +-- , 56 , set() , {'xL7JL4J', 'xL8JL4J', 'xL9JL3J', 'xL9JL4J', 'xL8JL3J'}
| | | | +-- , 62 , {64} , {'xL2JL3J', 'xL3JL4J', 'xL1JL4J', 'xL2JL4J', 'xL1JL7J', 'xL3JL7J', 'xL4JL4J', 'xL5JL4J', 'xL2JL7J', 'xL2JL2J', 'xL2JL6J', 'xL2JL5J', 'xL1JL3J'}
| | | | | +-- , 64 , set() , {'xL3JL4J', 'xL3JL5J', 'xL1JL7J', 'xL3JL7J', 'xL2JL6J', 'xL1JL6J', 'xL3JL6J', 'xL2JL5J'}
| +-- , 3 , {8, 10, 30} , {'xL7JL10J', 'xL8JL11J', 'xL8JL12J', 'xL5JL10J', 'xL8JL7J', 'xL9JL7J', 'xL6JL10J', 'xL4JL8J', 'xL8JL8J', 'xL8JL9J', 'xL7JL7J', 'xL9JL10J', 'xL4JL9J', 'xL8JL10J'}
| | +-- , 8 , set() , {'xL7JL10J', 'xL9JL8J', 'xL9JL7J', 'xL7JL9J', 'xL8JL8J', 'xL8JL9J', 'xL7JL8J', 'xL7JL7J'}
| | +-- , 10 , {12} , {'xL8JL12J', 'xL6JL12J', 'xL4JL8J', 'xL5JL10J', 'xL7JL12J', 'xL6JL10J', 'xL4JL9J'}
| | | +-- , 12 , {28, 14} , {'xL6JL12J', 'xL5JL10J', 'xL7JL12J', 'xL4JL8J', 'xL6JL10J', 'xL6JL11J', 'xL4JL9J'}
| | | | +-- , 28 , set() , {'xL6JL12J', 'xL7JL12J', 'xL6JL10J', 'xL6JL11J', 'xL7JL13J', 'xL6JL13J'}
| | | | +-- , 14 , {16} , {'xL5JL10J', 'xL4JL8J', 'xL6JL11J', 'xL5JL9J', 'xL5JL8J', 'xL4JL9J', 'xL5JL11J'}
| | | | | +-- , 16 , {18} , {'xL6JL11J', 'xL4JL11J', 'xL2JL9J', 'xL5JL9J', 'xL3JL9J', 'xL4JL9J', 'xL5JL11J'}
| | | | | | +-- , 18 , {20} , {'xL4JL13J', 'xL4JL11J', 'xL2JL9J', 'xL4JL12J', 'xL3JL9J'}
| | | | | | | +-- , 20 , {26, 22} , {'xL4JL12J', 'xL4JL13J', 'xL3JL9J', 'xL2JL12J', 'xL2JL9J'}
| | | | | | | | +-- , 26 , set() , {'xL4JL13J', 'xL3JL13J', 'xL2JL12J', 'xL4JL12J', 'xL3JL12J'}
| | | | | | | | +-- , 22 , {24} , {'xL2JL12J', 'xL3JL10J', 'xL2JL9J', 'xL3JL9J', 'xL2JL10J', 'xL2JL11J'}
| | | | | | | | | +-- , 24 , set() , {'xL3JL10J', 'xL1JL10J', 'xL1JL11J', 'xL2JL10J', 'xL2JL11J'}
| | +-- , 30 , set() , {'xL8JL11J', 'xL9JL11J', 'xL9JL10J'}


Max number of edges with non zero Y: 5
Max number of iterations of outer rounding loop: 2
Max number of candidate sets: 2
Time spent rounding: 20.795
Time spent solving Separator LP: 1.414
Total time spent solving: 29.347

LP Solver: GaifmanNormal
Lower Bound Witness = ({'xL8JL12J', 'xL4JL13J', 'xL3JL1J', 'xL4JL4J', 'xL9JL4J', 'xL8JL8J', 'xL2JL12J', 'xL8JL4J', 'xL4JL11J', 'xL2JL10J', 'xL8JL10J', 'xL3JL13J', 'xL3JL7J', 'xL5JL9J', 'xL1JL6J', 'xL7JL10J', 'xL9JL11J', 'xL8JL11J', 'xL3JL4J', 'xL7JL5J', 'xL4JL3J', 'xL5JL8J', 'xL6JL6J', 'xL2JL11J', 'xL8JL3J', 'xL3JL5J', 'xL9JL3J', 'xL2JL9J', 'xL1JL10J', 'xL2JL2J', 'xL4JL1J', 'xL7JL12J', 'xL7JL9J', 'xL1JL11J', 'xL7JL1J', 'xL6JL12J', 'xL4JL8J', 'xL5JL5J', 'xL1JL7J', 'xL6JL11J', 'xL8JL2J', 'xL7JL7J', 'xL9JL8J', 'xL7JL4J', 'xL2JL3J', 'xL8JL7J', 'xL8JL9J', 'xL4JL2J', 'xL5JL10J', 'xL1JL4J', 'xL2JL4J', 'xL5JL4J', 'xL5JL6J', 'xL6JL3J', 'xL6JL13J', 'xL1JL3J', 'xL3JL10J', 'xL2JL7J', 'xL7JL8J', 'xL3JL2J', 'xL3JL12J', 'xL3JL6J', 'xL4JL9J', 'xL6JL7J', 'xL4JL7J', 'xL4JL12J', 'xL3JL9J', 'xL7JL13J', 'xL9JL7J', 'xL6JL5J', 'xL2JL6J', 'xL9JL10J', 'xL6JL2J', 'xL6JL10J', 'xL8JL5J', 'xL2JL5J', 'xL5JL3J', 'xL6JL1J', 'xL7JL2J', 'xL5JL11J'}, {'xL1JL4J', 'xL9JL7J', 'xL3JL7J', 'xL5JL4J', 'xL4JL2J'})