10, 0, 7.0, 8
+-- , 0 , {7, 22} , {'55', '20', '6', '27', '47', '23', '54', '52', '44', '28', '31', '34', '40', '51', '24', '69', '5', '2', '8', '30', '22', '42', '60', '61', '11', '33', '63', '49', '66'}
| +-- , 7 , {10} , {'14', '55', '20', '6', '27', '47', '23', '54', '52', '44', '31', '28', '37', '51', '24', '15', '69', '5', '2', '36', '30', '22', '42', '60', '61', '11', '33', '53', '63', '66'}
| | +-- , 10 , {12} , {'14', '55', '20', '29', '7', '48', '6', '27', '47', '23', '54', '17', '52', '44', '31', '28', '51', '24', '69', '2', '30', '22', '10', '42', '60', '61', '11', '33', '63', '59', '66'}
| | | +-- , 12 , {16, 18, 20, 14} , {'20', '12', '48', '6', '9', '27', '2', '47', '23', '30', '22', '17', '42', '60', '62', '61', '52', '63', '44', '31', '51', '24', '33', '11', '59', '21', '66', '45'}
| | | | +-- , 16 , set() , {'62', '44', '9', '41', '11', '21', '22'}
| | | | +-- , 18 , set() , {'62', '31', '9', '32', '63', '59', '45'}
| | | | +-- , 20 , set() , {'65', '12', '2', '68', '23', '30', '45'}
| | | | +-- , 14 , set() , {'6', '27', '47', '46', '17', '67', '52', '31', '21', '9', '19', '30', '22', '42', '3', '60', '62', '57', '33', '18', '25', '66', '45'}
| +-- , 22 , {24} , {'20', '6', '27', '56', '35', '47', '23', '8', '43', '30', '42', '60', '63', '52', '44', '40', '24', '33', '11', '49', '66'}
| | +-- , 24 , set() , {'6', '35', '56', '0', '58', '1', '43'}


Max number of edges with non zero Y: 18
Max number of iterations of outer rounding loop: 4
Max number of candidate sets: 2
Time spent rounding: 0.271
Time spent solving Separator LP: 0.019
Total time spent solving: 0.753

LP Solver: gammaPlusFractionalCoverHeuristic
Number of Rounding Attemps: 2
Lower Bound Witness = ({'14', '55', '20', '29', '7', '65', '48', '6', '27', '56', '68', '0', '47', '23', '46', '43', '54', '17', '67', '52', '44', '28', '31', '34', '40', '37', '51', '24', '15', '58', '69', '21', '5', '1', '12', '9', '2', '35', '19', '36', '30', '22', '8', '10', '42', '3', '60', '62', '61', '57', '11', '32', '25', '41', '33', '18', '63', '59', '49', '53', '66', '45'}, {'42', '32', '37', '35', '23'})