10, 0, 8.0, 9
+-- , 19 , {17} , {'14', '55', '20', '6', '27', '54', '28', '31', '34', '40', '37', '51', '15', '69', '5', '35', '36', '30', '60', '33', '53', '11'}
| +-- , 17 , {21, 23, 14} , {'14', '55', '20', '48', '6', '27', '56', '23', '46', '54', '17', '44', '31', '28', '51', '24', '69', '21', '12', '9', '2', '35', '30', '42', '60', '62', '61', '33', '11', '59', '49', '66', '45'}
| | +-- , 21 , set() , {'6', '56', '47', '23', '46', '17', '44', '31', '9', '42', '60', '62', '32', '11', '25', '33', '63', '59', '49', '66', '45'}
| | +-- , 23 , set() , {'65', '12', '2', '68', '23', '30', '45'}
| | +-- , 14 , {11} , {'14', '55', '48', '6', '27', '56', '23', '46', '54', '17', '52', '44', '31', '28', '24', '69', '21', '9', '2', '35', '30', '42', '61', '62', '57', '33', '18', '11', '59', '49', '66', '45'}
| | | +-- , 11 , {8} , {'14', '55', '29', '48', '6', '56', '23', '46', '54', '17', '52', '44', '31', '28', '24', '69', '21', '9', '2', '35', '30', '42', '61', '62', '33', '18', '11', '59', '49', '66'}
| | | | +-- , 8 , {5} , {'7', '48', '6', '56', '23', '46', '54', '52', '44', '31', '24', '21', '9', '2', '35', '30', '10', '42', '61', '62', '33', '18', '11', '49', '66'}
| | | | | +-- , 5 , {3} , {'6', '56', '0', '23', '46', '43', '52', '44', '31', '24', '58', '1', '21', '9', '2', '35', '30', '42', '61', '62', '33', '18', '11', '49', '66'}
| | | | | | +-- , 3 , {0} , {'6', '23', '46', '43', '52', '44', '31', '24', '21', '9', '2', '30', '42', '3', '61', '62', '33', '18', '11', '49', '66'}
| | | | | | | +-- , 0 , set() , {'9', '2', '19', '23', '8', '43', '22', '42', '67', '61', '62', '52', '44', '24', '41', '33', '18', '11', '49', '21', '66'}


Max number of edges with non zero Y: 15
Max number of iterations of outer rounding loop: 4
Max number of candidate sets: 2
Time spent rounding: 0.960
Time spent solving Separator LP: 0.031
Total time spent solving: 1.784

LP Solver: gammaPlusFractionalCoverHeuristic
Number of Rounding Attemps: 4
Lower Bound Witness = ({'14', '55', '20', '29', '7', '65', '48', '6', '27', '56', '68', '0', '47', '23', '46', '43', '54', '17', '67', '52', '44', '28', '31', '34', '40', '37', '51', '24', '15', '58', '69', '21', '5', '1', '12', '9', '2', '35', '19', '36', '30', '22', '8', '10', '42', '3', '60', '62', '61', '57', '11', '32', '25', '41', '33', '18', '63', '59', '49', '53', '66', '45'}, {'42', '3', '67', '59', '49'})