19, 5.4999990001625, 8.5, 10
+-- , 0 , {5, 38, 40, 42, 44} , {'xL18J', 'xL31J', 'xL21J', 'xL34J', 'xL26J', 'xL16J', 'xL37J', 'xL3J', 'xL4J', 'xL17J', 'xL23J', 'xL29J'}
| +-- , 5 , {9} , {'xL18J', 'xL31J', 'xL21J', 'xL16J', 'xL3J', 'xL23J', 'xL29J', 'xL1J', 'xL34J', 'xL26J', 'xL9J', 'xL37J', 'xL5J', 'xL4J'}
| | +-- , 9 , {14} , {'xL18J', 'xL31J', 'xL7J', 'xL16J', 'xL27J', 'xL3J', 'xL23J', 'xL11J', 'xL29J', 'xL1J', 'xL15J', 'xL34J', 'xL26J', 'xL9J', 'xL5J', 'xL37J', 'xL4J'}
| | | +-- , 14 , {16, 20} , {'xL18J', 'xL19J', 'xL31J', 'xL7J', 'xL16J', 'xL27J', 'xL3J', 'xL23J', 'xL11J', 'xL29J', 'xL1J', 'xL15J', 'xL34J', 'xL26J', 'xL5J', 'xL37J', 'xL4J'}
| | | | +-- , 16 , {18} , {'xL27J', 'xL19J', 'xL34J', 'xL33J', 'xL11J'}
| | | | | +-- , 18 , set() , {'xL33J', 'xL6J'}
| | | | +-- , 20 , {22} , {'xL18J', 'xL19J', 'xL7J', 'xL31J', 'xL16J', 'xL27J', 'xL3J', 'xL0J', 'xL29J', 'xL11J', 'xL1J', 'xL15J', 'xL26J', 'xL5J', 'xL37J', 'xL4J'}
| | | | | +-- , 22 , {24} , {'xL18J', 'xL20J', 'xL19J', 'xL31J', 'xL7J', 'xL16J', 'xL3J', 'xL0J', 'xL4J', 'xL11J', 'xL29J', 'xL1J', 'xL15J', 'xL26J', 'xL5J', 'xL37J', 'xL30J'}
| | | | | | +-- , 24 , {26} , {'xL18J', 'xL20J', 'xL19J', 'xL31J', 'xL7J', 'xL16J', 'xL0J', 'xL25J', 'xL4J', 'xL11J', 'xL29J', 'xL1J', 'xL26J', 'xL24J', 'xL5J', 'xL37J', 'xL30J'}
| | | | | | | +-- , 26 , {36, 28} , {'xL18J', 'xL20J', 'xL31J', 'xL7J', 'xL16J', 'xL0J', 'xL25J', 'xL29J', 'xL11J', 'xL1J', 'xL26J', 'xL22J', 'xL24J', 'xL5J', 'xL4J'}
| | | | | | | | +-- , 36 , set() , {'xL20J', 'xL31J', 'xL7J', 'xL22J', 'xL5J', 'xL2J'}
| | | | | | | | +-- , 28 , {30} , {'xL18J', 'xL20J', 'xL31J', 'xL10J', 'xL16J', 'xL39J', 'xL8J', 'xL0J', 'xL25J', 'xL29J', 'xL11J', 'xL26J', 'xL22J', 'xL24J', 'xL4J'}
| | | | | | | | | +-- , 30 , {32} , {'xL20J', 'xL12J', 'xL10J', 'xL16J', 'xL39J', 'xL22J', 'xL24J', 'xL8J', 'xL0J', 'xL29J'}
| | | | | | | | | | +-- , 32 , {34} , {'xL12J', 'xL10J', 'xL39J', 'xL22J', 'xL8J', 'xL38J', 'xL0J', 'xL29J'}
| | | | | | | | | | | +-- , 34 , set() , {'xL14J', 'xL39J', 'xL8J', 'xL38J', 'xL0J', 'xL28J'}
| +-- , 38 , set() , {'xL32J', 'xL18J', 'xL31J', 'xL23J'}
| +-- , 40 , set() , {'xL17J', 'xL37J', 'xL36J', 'xL23J'}
| +-- , 42 , set() , {'xL13J', 'xL18J', 'xL34J', 'xL29J'}
| +-- , 44 , set() , {'xL4J', 'xL35J', 'xL34J'}


Max number of edges with non zero Y: 9
Max number of iterations of outer rounding loop: 0
Max number of candidate sets: 0
Time spent rounding: 0.000
Time spent solving Separator LP: 20.669

LP Solver: GaifmanNormalILP