12, 2.1774193548387095, 7.0, 7
+-- , 0 , {8, 27} , {'xL3J', 'xL21J', 'xL22J', 'xL7J', 'xL12J', 'xL13J', 'xL1J', 'xL18J', 'xL14J', 'xL10J', 'xL24J', 'xL8J', 'xL6J'}
| +-- , 8 , {10, 23} , {'xL3J', 'xL22J', 'xL7J', 'xL12J', 'xL13J', 'xL1J', 'xL18J', 'xL14J', 'xL10J', 'xL24J', 'xL11J', 'xL8J', 'xL6J'}
| | +-- , 10 , {17, 21, 13} , {'xL3J', 'xL7J', 'xL12J', 'xL13J', 'xL1J', 'xL18J', 'xL14J', 'xL19J', 'xL16J', 'xL10J', 'xL24J', 'xL11J', 'xL8J', 'xL6J'}
| | | +-- , 17 , {19} , {'xL3J', 'xL16J', 'xL19J', 'xL10J', 'xL24J', 'xL5J', 'xL13J', 'xL11J', 'xL6J'}
| | | | +-- , 19 , set() , {'xL3J', 'xL19J', 'xL17J', 'xL24J', 'xL5J', 'xL13J', 'xL11J', 'xL6J'}
| | | +-- , 21 , set() , {'xL16J', 'xL19J', 'xL24J', 'xL12J', 'xL4J'}
| | | +-- , 13 , {15} , {'xL3J', 'xL16J', 'xL0J', 'xL14J', 'xL19J', 'xL7J', 'xL11J', 'xL1J'}
| | | | +-- , 15 , set() , {'xL16J', 'xL0J', 'xL7J', 'xL9J', 'xL1J'}
| | +-- , 23 , {25} , {'xL3J', 'xL14J', 'xL15J', 'xL10J', 'xL12J', 'xL24J', 'xL11J', 'xL8J', 'xL1J', 'xL6J'}
| | | +-- , 25 , set() , {'xL3J', 'xL14J', 'xL23J', 'xL15J', 'xL10J', 'xL24J', 'xL11J', 'xL6J'}
| +-- , 27 , {29} , {'xL20J', 'xL8J', 'xL7J'}
| | +-- , 29 , set() , {'xL20J', 'xL2J'}


Max number of edges with non zero Y: 21
Max number of iterations of outer rounding loop: 6
Max number of candidate sets: 2
Time spent rounding: 29.257
Time spent solving Separator LP: 0.858
Total time spent solving: 34.677

LP Solver: GaifmanBoosted
Lower Bound Witness = ({'xL3J', 'xL21J', 'xL7J', 'xL13J', 'xL1J', 'xL2J', 'xL14J', 'xL19J', 'xL23J', 'xL17J', 'xL16J', 'xL10J', 'xL8J', 'xL22J', 'xL12J', 'xL20J', 'xL18J', 'xL0J', 'xL15J', 'xL9J', 'xL24J', 'xL5J', 'xL11J', 'xL6J', 'xL4J'}, {'xL3J', 'xL21J', 'xL22J', 'xL14J', 'xL7J', 'xL17J', 'xL18J', 'xL10J', 'xL12J', 'xL20J', 'xL24J', 'xL5J', 'xL13J', 'xL11J', 'xL2J', 'xL8J', 'xL1J', 'xL4J'})