11, 0, 7.0, 7
+-- , 0 , {26, 5} , {'xL21J', 'xL22J', 'xL12J', 'xL20J', 'xL1J', 'xL18J', 'xL16J', 'xL15J', 'xL10J', 'xL5J', 'xL8J'}
| +-- , 26 , set() , {'xL20J', 'xL2J'}
| +-- , 5 , {10} , {'xL21J', 'xL22J', 'xL12J', 'xL20J', 'xL1J', 'xL19J', 'xL16J', 'xL23J', 'xL14J', 'xL15J', 'xL10J', 'xL5J', 'xL11J', 'xL8J'}
| | +-- , 10 , {12} , {'xL3J', 'xL21J', 'xL12J', 'xL20J', 'xL1J', 'xL14J', 'xL23J', 'xL19J', 'xL16J', 'xL15J', 'xL10J', 'xL5J', 'xL11J', 'xL8J'}
| | | +-- , 12 , {14} , {'xL3J', 'xL21J', 'xL12J', 'xL20J', 'xL1J', 'xL0J', 'xL14J', 'xL23J', 'xL19J', 'xL16J', 'xL15J', 'xL5J', 'xL11J', 'xL8J'}
| | | | +-- , 14 , {16} , {'xL3J', 'xL21J', 'xL12J', 'xL20J', 'xL1J', 'xL0J', 'xL23J', 'xL19J', 'xL16J', 'xL15J', 'xL5J', 'xL11J', 'xL8J', 'xL6J'}
| | | | | +-- , 16 , {24, 18} , {'xL3J', 'xL7J', 'xL0J', 'xL23J', 'xL19J', 'xL16J', 'xL12J', 'xL20J', 'xL5J', 'xL11J', 'xL1J', 'xL6J'}
| | | | | | +-- , 24 , set() , {'xL16J', 'xL0J', 'xL7J', 'xL9J', 'xL1J'}
| | | | | | +-- , 18 , {20, 22} , {'xL3J', 'xL23J', 'xL19J', 'xL16J', 'xL7J', 'xL12J', 'xL24J', 'xL5J', 'xL11J', 'xL6J'}
| | | | | | | +-- , 20 , set() , {'xL3J', 'xL19J', 'xL7J', 'xL17J', 'xL24J', 'xL5J', 'xL13J', 'xL11J', 'xL6J'}
| | | | | | | +-- , 22 , set() , {'xL16J', 'xL19J', 'xL24J', 'xL12J', 'xL4J'}


Max number of edges with non zero Y: 19
Max number of iterations of outer rounding loop: 8
Max number of candidate sets: 2
Time spent rounding: 29.586
Time spent solving Separator LP: 0.083
Total time spent solving: 33.246

LP Solver: gammaPlusFractionalCoverHeuristic
Lower Bound Witness = ({'xL3J', 'xL21J', 'xL7J', 'xL13J', 'xL1J', 'xL2J', 'xL14J', 'xL19J', 'xL23J', 'xL17J', 'xL16J', 'xL10J', 'xL8J', 'xL22J', 'xL12J', 'xL20J', 'xL18J', 'xL0J', 'xL15J', 'xL9J', 'xL24J', 'xL5J', 'xL11J', 'xL6J', 'xL4J'}, {'xL1J', 'xL10J', 'xL24J', 'xL8J', 'xL2J'})