18, 3.0893655339268, 10.2, 12
+-- , 0 , {8, 41} , {'11', '51', '2', '47', '53', '62', '8', '7', '9', '12', '60', '26', '4', '37', '55', '0', '54', '59', '13', '21', '24', '19', '32', '41', '25', '6', '49', '27', '36', '44', '3', '18', '38', '29', '40', '17', '10'}
| +-- , 8 , {11, 39} , {'11', '51', '2', '47', '53', '62', '8', '7', '9', '22', '12', '26', '4', '37', '55', '0', '54', '59', '13', '21', '24', '28', '19', '32', '41', '25', '6', '49', '27', '36', '44', '3', '18', '63', '38', '29', '40', '16', '17', '10'}
| | +-- , 11 , {13} , {'11', '51', '31', '2', '47', '53', '62', '8', '22', '12', '26', '4', '37', '55', '0', '54', '42', '59', '13', '21', '24', '28', '19', '32', '41', '25', '6', '49', '27', '36', '44', '3', '18', '63', '38', '40', '16', '17', '10'}
| | | +-- , 13 , {15} , {'11', '51', '31', '2', '47', '53', '62', '43', '8', '22', '12', '4', '37', '55', '0', '54', '42', '59', '21', '24', '28', '19', '32', '41', '25', '6', '49', '27', '36', '44', '3', '18', '63', '38', '40', '16', '17', '10'}
| | | | +-- , 15 , {17} , {'11', '51', '31', '2', '47', '53', '62', '43', '8', '22', '12', '4', '37', '55', '0', '54', '42', '59', '21', '24', '28', '46', '19', '32', '41', '25', '6', '49', '27', '36', '44', '3', '18', '63', '38', '16', '17', '10'}
| | | | | +-- , 17 , {19} , {'11', '31', '2', '47', '53', '62', '43', '8', '22', '39', '12', '4', '37', '55', '0', '54', '42', '59', '21', '28', '46', '19', '32', '41', '25', '6', '49', '27', '36', '44', '3', '18', '63', '38', '16', '17', '10'}
| | | | | | +-- , 19 , {37, 21} , {'11', '31', '2', '47', '53', '62', '43', '8', '22', '39', '12', '4', '37', '55', '0', '54', '42', '59', '21', '28', '46', '19', '32', '41', '25', '6', '49', '27', '36', '44', '3', '63', '38', '16', '17', '34'}
| | | | | | | +-- , 37 , set() , {'11', '44', '3', '1', '55', '41', '32', '2', '42', '21', '61', '23', '34'}
| | | | | | | +-- , 21 , {33, 23, 25} , {'31', '2', '47', '53', '62', '43', '8', '22', '39', '12', '4', '37', '55', '0', '54', '42', '59', '21', '28', '46', '19', '41', '25', '6', '27', '36', '63', '38', '48', '16', '17', '34'}
| | | | | | | | +-- , 33 , {35} , {'31', '46', '28', '19', '2', '25', '47', '6', '43', '27', '39', '36', '4', '15', '37', '5', '55', '63', '38', '48', '42', '59', '17'}
| | | | | | | | | +-- , 35 , set() , {'58', '15', '46', '31', '19', '2', '48', '59', '6', '56', '43', '39'}
| | | | | | | | +-- , 23 , set() , {'41', '48', '54', '6', '53', '62', '22', '34', '52'}
| | | | | | | | +-- , 25 , {27, 29, 31} , {'31', '2', '25', '50', '47', '62', '8', '22', '27', '12', '35', '63', '0', '48', '54', '14', '59', '21', '16'}
| | | | | | | | | +-- , 27 , set() , {'35', '0', '2', '47', '16', '62', '8', '30'}
| | | | | | | | | +-- , 29 , set() , {'20', '48', '50', '14', '16'}
| | | | | | | | | +-- , 31 , set() , {'63', '25', '54', '14', '33'}
| | +-- , 39 , set() , {'28', '63', '25', '45', '27'}
| +-- , 41 , set() , {'37', '10', '9', '57', '12'}


Max number of edges with non zero Y: 35
Max number of iterations of outer rounding loop: 11
Max number of candidate sets: 2
Time spent rounding: 83.104
Time spent solving Separator LP: 24.701
Total time spent solving: 117.246

LP Solver: GaifmanNormal
Lower Bound Witness = ({'11', '51', '31', '2', '47', '56', '62', '43', '8', '22', '39', '9', '53', '23', '7', '12', '52', '35', '26', '58', '15', '37', '4', '55', '0', '54', '42', '14', '59', '21', '13', '61', '30', '24', '28', '46', '19', '20', '32', '41', '25', '50', '6', '49', '45', '33', '27', '36', '44', '3', '18', '5', '1', '63', '38', '48', '40', '29', '16', '17', '10', '34'}, {'11', '51', '2', '47', '53', '62', '8', '7', '9', '12', '26', '4', '37', '55', '0', '54', '59', '13', '21', '24', '28', '19', '32', '41', '25', '6', '49', '27', '36', '44', '3', '18', '38', '40', '29', '17', '10'})