20, 2.83931180644227, 8.5, 9
+-- , 0 , {5, 46} , {'xL35J', 'xL31J', 'xL36J', 'xL9J', 'xL14J', 'xL21J', 'xL28J', 'xL18J', 'xL32J', 'xL3J', 'xL10J'}
| +-- , 5 , {8} , {'xL35J', 'xL11J', 'xL9J', 'xL13J', 'xL18J', 'xL32J', 'xL3J', 'xL31J', 'xL27J', 'xL14J', 'xL21J', 'xL34J', 'xL28J', 'xL10J'}
| | +-- , 8 , {12} , {'xL35J', 'xL11J', 'xL9J', 'xL13J', 'xL18J', 'xL19J', 'xL31J', 'xL27J', 'xL21J', 'xL34J', 'xL22J', 'xL5J', 'xL10J'}
| | | +-- , 12 , {14} , {'xL35J', 'xL11J', 'xL9J', 'xL13J', 'xL18J', 'xL4J', 'xL19J', 'xL31J', 'xL21J', 'xL34J', 'xL22J', 'xL5J', 'xL10J'}
| | | | +-- , 14 , {16} , {'xL35J', 'xL9J', 'xL13J', 'xL18J', 'xL4J', 'xL19J', 'xL2J', 'xL31J', 'xL21J', 'xL34J', 'xL22J', 'xL5J', 'xL10J'}
| | | | | +-- , 16 , {18} , {'xL35J', 'xL9J', 'xL13J', 'xL18J', 'xL4J', 'xL19J', 'xL2J', 'xL31J', 'xL34J', 'xL25J', 'xL22J', 'xL5J', 'xL10J'}
| | | | | | +-- , 18 , {21} , {'xL35J', 'xL7J', 'xL9J', 'xL13J', 'xL18J', 'xL4J', 'xL2J', 'xL19J', 'xL31J', 'xL34J', 'xL25J', 'xL22J', 'xL26J', 'xL5J'}
| | | | | | | +-- , 21 , {26} , {'xL35J', 'xL7J', 'xL9J', 'xL38J', 'xL13J', 'xL18J', 'xL4J', 'xL15J', 'xL19J', 'xL31J', 'xL34J', 'xL25J', 'xL22J', 'xL33J', 'xL26J', 'xL23J', 'xL5J'}
| | | | | | | | +-- , 26 , {42, 28, 44} , {'xL35J', 'xL9J', 'xL38J', 'xL13J', 'xL12J', 'xL4J', 'xL15J', 'xL19J', 'xL31J', 'xL34J', 'xL25J', 'xL22J', 'xL33J', 'xL26J', 'xL23J', 'xL5J'}
| | | | | | | | | +-- , 42 , set() , {'xL16J', 'xL34J', 'xL25J', 'xL12J', 'xL6J', 'xL19J'}
| | | | | | | | | +-- , 28 , {30} , {'xL35J', 'xL9J', 'xL38J', 'xL13J', 'xL12J', 'xL4J', 'xL15J', 'xL19J', 'xL8J', 'xL31J', 'xL25J', 'xL22J', 'xL33J', 'xL26J', 'xL23J'}
| | | | | | | | | | +-- , 30 , {40, 32} , {'xL35J', 'xL9J', 'xL38J', 'xL13J', 'xL12J', 'xL4J', 'xL15J', 'xL19J', 'xL8J', 'xL31J', 'xL29J', 'xL25J', 'xL33J', 'xL26J', 'xL23J'}
| | | | | | | | | | | +-- , 40 , set() , {'xL8J', 'xL37J', 'xL29J', 'xL38J'}
| | | | | | | | | | | +-- , 32 , {34, 38} , {'xL35J', 'xL17J', 'xL9J', 'xL13J', 'xL12J', 'xL4J', 'xL15J', 'xL19J', 'xL8J', 'xL31J', 'xL29J', 'xL25J', 'xL33J', 'xL26J', 'xL23J'}
| | | | | | | | | | | | +-- , 34 , {36} , {'xL8J', 'xL31J', 'xL35J', 'xL17J', 'xL24J', 'xL25J', 'xL13J', 'xL26J', 'xL12J', 'xL4J', 'xL15J'}
| | | | | | | | | | | | | +-- , 36 , set() , {'xL31J', 'xL24J', 'xL25J', 'xL1J', 'xL4J', 'xL15J'}
| | | | | | | | | | | | +-- , 38 , set() , {'xL17J', 'xL9J', 'xL33J', 'xL23J', 'xL0J', 'xL19J'}
| | | | | | | | | +-- , 44 , set() , {'xL30J', 'xL5J', 'xL15J', 'xL12J'}
| +-- , 46 , {48} , {'xL35J', 'xL9J', 'xL18J', 'xL39J', 'xL10J'}
| | +-- , 48 , set() , {'xL9J', 'xL18J', 'xL39J', 'xL20J', 'xL10J'}


Max number of edges with non zero Y: 30
Max number of iterations of outer rounding loop: 6
Max number of candidate sets: 2
Time spent rounding: 58.558
Time spent solving Separator LP: 1.377

LP Solver: GaifmanBoosted