11, 3.010318257969961, 6.995659722222222, 11
+-- , 0 , {23} , {'16', '70', '31', '42', '0', '50', '13', '41', '28', '52', '12', '59', '71', '30', '20', '8', '72', '9', '39', '5', '21', '22', '10', '58', '35', '3', '60', '45', '26', '15', '49', '68', '53', '67', '37', '61', '14', '57', '18', '24', '40', '1', '19', '63', '27', '62', '69', '65', '29', '32', '64', '56', '43', '47', '2', '38', '54', '51', '55', '17', '25'}
| +-- , 23 , {25} , {'16', '31', '0', '42', '70', '50', '13', '41', '28', '12', '52', '59', '71', '30', '20', '8', '72', '9', '39', '5', '21', '22', '10', '58', '35', '44', '3', '60', '45', '26', '15', '49', '68', '53', '14', '37', '67', '61', '18', '57', '24', '40', '19', '1', '63', '6', '27', '62', '69', '29', '65', '32', '64', '56', '43', '47', '38', '54', '51', '55', '17', '25'}
| | +-- , 25 , {41, 27} , {'16', '31', '0', '42', '70', '50', '13', '41', '28', '12', '52', '11', '59', '71', '30', '20', '8', '72', '9', '39', '5', '21', '22', '10', '58', '35', '44', '3', '60', '45', '26', '15', '49', '68', '53', '14', '37', '67', '61', '18', '57', '24', '40', '19', '1', '63', '6', '27', '62', '69', '29', '65', '64', '56', '43', '47', '38', '54', '51', '55', '17', '25'}
| | | +-- , 41 , set() , {'16', '31', '0', '3', '26', '50', '15', '49', '37', '74', '13', '24', '33', '40', '63', '41', '6', '62', '69', '11', '29', '65', '43', '72', '9', '39', '21', '38', '35', '55', '17', '25'}
| | | +-- , 27 , {29} , {'16', '31', '0', '42', '70', '50', '13', '41', '28', '12', '52', '11', '59', '71', '30', '20', '8', '72', '9', '39', '5', '21', '22', '10', '58', '35', '44', '3', '60', '45', '26', '15', '49', '68', '53', '14', '67', '61', '18', '57', '24', '40', '19', '1', '63', '6', '27', '62', '29', '65', '64', '56', '7', '43', '47', '54', '51', '55', '17', '25'}
| | | | +-- , 29 , {37, 31} , {'16', '31', '0', '42', '70', '50', '13', '41', '28', '12', '52', '11', '59', '71', '30', '20', '8', '72', '9', '39', '5', '21', '22', '10', '58', '35', '44', '3', '60', '45', '26', '66', '15', '49', '68', '53', '14', '67', '61', '18', '57', '24', '40', '19', '1', '63', '6', '27', '62', '29', '65', '56', '7', '43', '36', '54', '51', '55', '17', '25'}
| | | | | +-- , 37 , {39} , {'16', '31', '0', '3', '42', '60', '45', '70', '26', '66', '15', '53', '14', '1', '63', '28', '12', '48', '52', '62', '11', '29', '30', '20', '36', '72', '9', '5', '21', '22', '54', '10', '51', '55', '17'}
| | | | | | +-- , 39 , set() , {'0', '3', '42', '60', '45', '15', '53', '14', '48', '12', '52', '62', '46', '30', '20', '36', '72', '5', '21', '22', '10'}
| | | | | +-- , 31 , {33, 35} , {'0', '70', '42', '50', '13', '41', '28', '12', '52', '11', '59', '71', '30', '8', '72', '9', '39', '5', '21', '22', '58', '35', '44', '60', '26', '66', '15', '49', '68', '53', '14', '67', '61', '18', '57', '34', '24', '40', '19', '73', '63', '6', '27', '62', '65', '56', '7', '43', '36', '54', '51', '55', '17', '25'}
| | | | | | +-- , 33 , set() , {'70', '23', '50', '15', '14', '34', '24', '73', '41', '28', '6', '52', '62', '11', '65', '71', '56', '30', '36', '17', '72', '9', '5', '44', '25'}
| | | | | | +-- , 35 , set() , {'0', '42', '60', '66', '15', '49', '68', '53', '14', '67', '61', '13', '18', '34', '24', '63', '28', '59', '4', '71', '43', '36', '8', '21', '22', '54', '51', '44'}


Max number of edges with non zero Y: 35
Max number of iterations of outer rounding loop: 7
Max number of candidate sets: 2
Time spent rounding: 175.250
Time spent solving Separator LP: 139.630
Total time spent solving: 338.951

LP Solver: GaifmanBoosted
Lower Bound Witness = ({'16', '31', '0', '3', '42', '60', '45', '70', '26', '66', '50', '23', '15', '49', '68', '53', '14', '37', '67', '61', '13', '57', '18', '74', '34', '24', '33', '40', '19', '73', '1', '63', '41', '28', '44', '6', '12', '48', '52', '27', '62', '69', '11', '59', '29', '65', '4', '71', '56', '64', '7', '46', '43', '30', '20', '36', '8', '47', '72', '9', '39', '5', '21', '22', '38', '54', '10', '51', '58', '35', '55', '17', '25'}, {'16', '31', '0', '3', '42', '60', '45', '70', '26', '50', '15', '49', '68', '53', '14', '37', '67', '61', '13', '18', '57', '24', '40', '19', '1', '63', '41', '28', '44', '6', '12', '52', '27', '62', '69', '59', '29', '65', '71', '56', '64', '30', '43', '20', '8', '47', '72', '9', '39', '5', '21', '22', '38', '54', '10', '51', '58', '35', '55', '17', '25'})