18, 0, 9.0, 10
+-- , 0 , {3, 38} , {'xL21J', 'xL33J', 'xL4J', 'xL1J', 'xL20J', 'xL32J', 'xL17J', 'xL29J', 'xL14J', 'xL43J', 'xL7J', 'xL16J', 'xL26J', 'xL34J', 'xL37J', 'xL27J', 'xL42J', 'xL12J', 'xL46J', 'xL35J', 'xL8J'}
| +-- , 3 , {5} , {'xL21J', 'xL33J', 'xL40J', 'xL44J', 'xL43J', 'xL47J', 'xL26J', 'xL34J', 'xL37J', 'xL42J', 'xL35J', 'xL8J', 'xL4J', 'xL1J', 'xL20J', 'xL32J', 'xL17J', 'xL29J', 'xL14J', 'xL19J', 'xL16J', 'xL27J', 'xL46J', 'xL12J'}
| | +-- , 5 , {8} , {'xL21J', 'xL33J', 'xL40J', 'xL44J', 'xL6J', 'xL13J', 'xL43J', 'xL47J', 'xL26J', 'xL34J', 'xL11J', 'xL42J', 'xL35J', 'xL8J', 'xL4J', 'xL1J', 'xL20J', 'xL32J', 'xL17J', 'xL19J', 'xL16J', 'xL27J', 'xL46J', 'xL12J'}
| | | +-- , 8 , {11} , {'xL21J', 'xL33J', 'xL40J', 'xL44J', 'xL6J', 'xL13J', 'xL43J', 'xL47J', 'xL26J', 'xL34J', 'xL11J', 'xL42J', 'xL35J', 'xL4J', 'xL1J', 'xL36J', 'xL20J', 'xL32J', 'xL17J', 'xL19J', 'xL16J', 'xL27J', 'xL46J', 'xL2J', 'xL12J'}
| | | | +-- , 11 , {36, 14} , {'xL21J', 'xL33J', 'xL40J', 'xL44J', 'xL6J', 'xL13J', 'xL24J', 'xL43J', 'xL47J', 'xL26J', 'xL34J', 'xL11J', 'xL42J', 'xL35J', 'xL4J', 'xL1J', 'xL30J', 'xL36J', 'xL17J', 'xL19J', 'xL16J', 'xL46J', 'xL2J', 'xL12J'}
| | | | | +-- , 36 , set() , {'xL21J', 'xL40J', 'xL6J', 'xL33J', 'xL24J', 'xL45J', 'xL26J'}
| | | | | +-- , 14 , {16} , {'xL21J', 'xL33J', 'xL23J', 'xL40J', 'xL44J', 'xL6J', 'xL13J', 'xL24J', 'xL43J', 'xL47J', 'xL34J', 'xL11J', 'xL42J', 'xL35J', 'xL4J', 'xL1J', 'xL30J', 'xL36J', 'xL17J', 'xL19J', 'xL16J', 'xL46J', 'xL2J', 'xL12J'}
| | | | | | +-- , 16 , {18} , {'xL33J', 'xL23J', 'xL3J', 'xL40J', 'xL44J', 'xL6J', 'xL13J', 'xL24J', 'xL43J', 'xL47J', 'xL34J', 'xL11J', 'xL42J', 'xL35J', 'xL10J', 'xL4J', 'xL1J', 'xL30J', 'xL36J', 'xL17J', 'xL19J', 'xL16J', 'xL46J', 'xL2J', 'xL12J'}
| | | | | | | +-- , 18 , {20} , {'xL33J', 'xL23J', 'xL3J', 'xL40J', 'xL44J', 'xL6J', 'xL13J', 'xL24J', 'xL47J', 'xL41J', 'xL34J', 'xL11J', 'xL35J', 'xL10J', 'xL4J', 'xL1J', 'xL30J', 'xL36J', 'xL17J', 'xL19J', 'xL16J', 'xL46J', 'xL2J', 'xL12J'}
| | | | | | | | +-- , 20 , {22} , {'xL33J', 'xL23J', 'xL3J', 'xL40J', 'xL44J', 'xL6J', 'xL13J', 'xL24J', 'xL47J', 'xL41J', 'xL34J', 'xL11J', 'xL35J', 'xL10J', 'xL4J', 'xL1J', 'xL30J', 'xL36J', 'xL28J', 'xL17J', 'xL19J', 'xL16J', 'xL46J', 'xL2J'}
| | | | | | | | | +-- , 22 , {24} , {'xL33J', 'xL23J', 'xL3J', 'xL46J', 'xL40J', 'xL44J', 'xL6J', 'xL24J', 'xL47J', 'xL41J', 'xL34J', 'xL11J', 'xL10J', 'xL4J', 'xL1J', 'xL30J', 'xL36J', 'xL28J', 'xL17J', 'xL19J', 'xL16J', 'xL18J', 'xL2J'}
| | | | | | | | | | +-- , 24 , {26} , {'xL33J', 'xL23J', 'xL3J', 'xL40J', 'xL6J', 'xL24J', 'xL47J', 'xL34J', 'xL11J', 'xL22J', 'xL10J', 'xL4J', 'xL1J', 'xL30J', 'xL36J', 'xL18J', 'xL28J', 'xL17J', 'xL16J', 'xL46J', 'xL2J'}
| | | | | | | | | | | +-- , 26 , {34, 28} , {'xL33J', 'xL9J', 'xL23J', 'xL3J', 'xL40J', 'xL6J', 'xL24J', 'xL48J', 'xL47J', 'xL34J', 'xL11J', 'xL22J', 'xL0J', 'xL38J', 'xL10J', 'xL1J', 'xL30J', 'xL36J', 'xL18J', 'xL28J', 'xL17J', 'xL16J', 'xL46J', 'xL2J'}
| | | | | | | | | | | | +-- , 34 , set() , {'xL6J', 'xL9J', 'xL38J', 'xL23J', 'xL18J', 'xL25J'}
| | | | | | | | | | | | +-- , 28 , {32, 30} , {'xL33J', 'xL9J', 'xL0J', 'xL1J', 'xL30J', 'xL36J', 'xL3J', 'xL40J', 'xL15J', 'xL28J', 'xL48J', 'xL16J', 'xL5J', 'xL11J', 'xL18J', 'xL22J'}
| | | | | | | | | | | | | +-- , 32 , set() , {'xL15J', 'xL28J', 'xL9J', 'xL16J', 'xL39J', 'xL18J', 'xL3J'}
| | | | | | | | | | | | | +-- , 30 , set() , {'xL40J', 'xL15J', 'xL9J', 'xL0J', 'xL48J', 'xL31J', 'xL22J'}
| +-- , 38 , set() , {'xL33J', 'xL26J', 'xL37J', 'xL49J', 'xL42J', 'xL8J'}


Max number of edges with non zero Y: 50
Max number of iterations of outer rounding loop: 10
Max number of candidate sets: 2
Time spent rounding: 14.101
Time spent solving Separator LP: 0.034

LP Solver: gammaPlusFractionalCoverHeuristic