17, 3.0069161010988554, 10.0, 10
+-- , 0 , {39, 37, 8} , {'xL33J', 'xL9J', 'xL23J', 'xL39J', 'xL40J', 'xL15J', 'xL6J', 'xL24J', 'xL48J', 'xL34J', 'xL37J', 'xL35J', 'xL25J', 'xL22J', 'xL0J', 'xL38J', 'xL10J', 'xL1J', 'xL36J', 'xL20J', 'xL18J', 'xL32J', 'xL14J', 'xL7J', 'xL46J', 'xL2J'}
| +-- , 39 , set() , {'xL40J', 'xL15J', 'xL9J', 'xL0J', 'xL48J', 'xL31J', 'xL22J'}
| +-- , 37 , set() , {'xL7J', 'xL1J', 'xL36J', 'xL27J', 'xL46J', 'xL2J', 'xL32J'}
| +-- , 8 , {35, 10} , {'xL33J', 'xL9J', 'xL0J', 'xL38J', 'xL10J', 'xL23J', 'xL39J', 'xL1J', 'xL36J', 'xL20J', 'xL18J', 'xL32J', 'xL40J', 'xL15J', 'xL28J', 'xL6J', 'xL14J', 'xL24J', 'xL48J', 'xL7J', 'xL34J', 'xL37J', 'xL46J', 'xL35J', 'xL2J', 'xL22J'}
| | +-- , 35 , set() , {'xL44J', 'xL28J', 'xL6J', 'xL14J', 'xL33J', 'xL23J', 'xL20J', 'xL18J', 'xL35J'}
| | +-- , 10 , {13} , {'xL33J', 'xL9J', 'xL23J', 'xL39J', 'xL46J', 'xL40J', 'xL15J', 'xL6J', 'xL24J', 'xL48J', 'xL34J', 'xL37J', 'xL22J', 'xL0J', 'xL38J', 'xL10J', 'xL4J', 'xL1J', 'xL36J', 'xL20J', 'xL32J', 'xL28J', 'xL29J', 'xL14J', 'xL7J', 'xL18J', 'xL2J'}
| | | +-- , 13 , {15} , {'xL33J', 'xL9J', 'xL23J', 'xL39J', 'xL46J', 'xL40J', 'xL15J', 'xL6J', 'xL24J', 'xL48J', 'xL34J', 'xL37J', 'xL0J', 'xL38J', 'xL10J', 'xL4J', 'xL1J', 'xL36J', 'xL20J', 'xL32J', 'xL28J', 'xL29J', 'xL14J', 'xL19J', 'xL7J', 'xL18J', 'xL2J'}
| | | | +-- , 15 , {17} , {'xL33J', 'xL9J', 'xL23J', 'xL39J', 'xL46J', 'xL40J', 'xL15J', 'xL6J', 'xL24J', 'xL48J', 'xL34J', 'xL37J', 'xL0J', 'xL38J', 'xL10J', 'xL4J', 'xL1J', 'xL30J', 'xL36J', 'xL20J', 'xL32J', 'xL28J', 'xL14J', 'xL19J', 'xL7J', 'xL18J', 'xL2J'}
| | | | | +-- , 17 , {33, 19} , {'xL33J', 'xL9J', 'xL23J', 'xL39J', 'xL46J', 'xL40J', 'xL15J', 'xL6J', 'xL24J', 'xL48J', 'xL41J', 'xL37J', 'xL0J', 'xL10J', 'xL4J', 'xL1J', 'xL30J', 'xL36J', 'xL20J', 'xL32J', 'xL28J', 'xL17J', 'xL14J', 'xL19J', 'xL7J', 'xL18J', 'xL2J'}
| | | | | | +-- , 33 , set() , {'xL15J', 'xL17J', 'xL14J', 'xL0J', 'xL48J', 'xL30J', 'xL47J', 'xL41J', 'xL37J', 'xL11J'}
| | | | | | +-- , 19 , {21} , {'xL21J', 'xL33J', 'xL9J', 'xL23J', 'xL39J', 'xL40J', 'xL15J', 'xL6J', 'xL24J', 'xL41J', 'xL37J', 'xL5J', 'xL10J', 'xL4J', 'xL1J', 'xL30J', 'xL36J', 'xL20J', 'xL32J', 'xL28J', 'xL7J', 'xL46J', 'xL2J'}
| | | | | | | +-- , 21 , {23} , {'xL21J', 'xL33J', 'xL9J', 'xL39J', 'xL40J', 'xL15J', 'xL6J', 'xL24J', 'xL41J', 'xL37J', 'xL5J', 'xL10J', 'xL4J', 'xL1J', 'xL30J', 'xL45J', 'xL36J', 'xL20J', 'xL32J', 'xL28J', 'xL7J', 'xL46J', 'xL2J', 'xL12J'}
| | | | | | | | +-- , 23 , {25} , {'xL21J', 'xL33J', 'xL9J', 'xL39J', 'xL40J', 'xL15J', 'xL13J', 'xL24J', 'xL43J', 'xL37J', 'xL5J', 'xL10J', 'xL4J', 'xL1J', 'xL30J', 'xL45J', 'xL36J', 'xL20J', 'xL28J', 'xL7J', 'xL46J', 'xL2J', 'xL12J'}
| | | | | | | | | +-- , 25 , {27} , {'xL21J', 'xL33J', 'xL9J', 'xL1J', 'xL39J', 'xL45J', 'xL40J', 'xL15J', 'xL13J', 'xL24J', 'xL43J', 'xL7J', 'xL26J', 'xL37J', 'xL49J', 'xL5J', 'xL12J'}
| | | | | | | | | | +-- , 27 , {29, 31} , {'xL21J', 'xL33J', 'xL9J', 'xL1J', 'xL39J', 'xL3J', 'xL40J', 'xL15J', 'xL13J', 'xL43J', 'xL26J', 'xL37J', 'xL49J', 'xL5J', 'xL12J'}
| | | | | | | | | | | +-- , 29 , set() , {'xL21J', 'xL8J', 'xL13J', 'xL43J', 'xL1J', 'xL26J', 'xL37J', 'xL49J', 'xL42J', 'xL3J', 'xL12J'}
| | | | | | | | | | | +-- , 31 , set() , {'xL40J', 'xL33J', 'xL9J', 'xL16J', 'xL39J', 'xL5J', 'xL3J'}


Max number of edges with non zero Y: 39
Max number of iterations of outer rounding loop: 8
Max number of candidate sets: 2
Time spent rounding: 31.340
Time spent solving Separator LP: 1.941

LP Solver: GaifmanNormal