17, 2.631578421052631, 10.0, 11
+-- , 0 , {13} , {'xL21J', 'xL44J', 'xL43J', 'xL48J', 'xL47J', 'xL41J', 'xL26J', 'xL11J', 'xL42J', 'xL35J', 'xL0J', 'xL10J', 'xL4J', 'xL1J', 'xL30J', 'xL36J', 'xL20J', 'xL32J', 'xL17J', 'xL14J', 'xL19J', 'xL27J', 'xL18J', 'xL2J', 'xL12J'}
| +-- , 13 , {15} , {'xL21J', 'xL15J', 'xL44J', 'xL43J', 'xL48J', 'xL47J', 'xL26J', 'xL11J', 'xL42J', 'xL35J', 'xL0J', 'xL10J', 'xL4J', 'xL1J', 'xL30J', 'xL36J', 'xL20J', 'xL32J', 'xL28J', 'xL17J', 'xL14J', 'xL19J', 'xL27J', 'xL18J', 'xL2J', 'xL12J'}
| | +-- , 15 , {18} , {'xL21J', 'xL39J', 'xL15J', 'xL44J', 'xL43J', 'xL48J', 'xL47J', 'xL26J', 'xL37J', 'xL42J', 'xL35J', 'xL0J', 'xL10J', 'xL4J', 'xL1J', 'xL30J', 'xL36J', 'xL20J', 'xL32J', 'xL28J', 'xL17J', 'xL14J', 'xL19J', 'xL27J', 'xL18J', 'xL2J', 'xL12J'}
| | | +-- , 18 , {20} , {'xL21J', 'xL33J', 'xL39J', 'xL15J', 'xL44J', 'xL43J', 'xL48J', 'xL26J', 'xL37J', 'xL42J', 'xL35J', 'xL0J', 'xL10J', 'xL4J', 'xL1J', 'xL30J', 'xL36J', 'xL20J', 'xL32J', 'xL28J', 'xL29J', 'xL14J', 'xL19J', 'xL27J', 'xL18J', 'xL2J', 'xL12J'}
| | | | +-- , 20 , {22} , {'xL21J', 'xL33J', 'xL39J', 'xL15J', 'xL44J', 'xL43J', 'xL48J', 'xL26J', 'xL34J', 'xL37J', 'xL42J', 'xL35J', 'xL0J', 'xL10J', 'xL4J', 'xL1J', 'xL30J', 'xL36J', 'xL20J', 'xL32J', 'xL28J', 'xL29J', 'xL19J', 'xL27J', 'xL18J', 'xL2J', 'xL12J'}
| | | | | +-- , 22 , {24} , {'xL21J', 'xL33J', 'xL39J', 'xL15J', 'xL44J', 'xL24J', 'xL43J', 'xL48J', 'xL26J', 'xL34J', 'xL37J', 'xL42J', 'xL35J', 'xL0J', 'xL4J', 'xL1J', 'xL30J', 'xL36J', 'xL20J', 'xL32J', 'xL28J', 'xL29J', 'xL19J', 'xL27J', 'xL18J', 'xL2J', 'xL12J'}
| | | | | | +-- , 24 , {26} , {'xL21J', 'xL33J', 'xL39J', 'xL15J', 'xL44J', 'xL24J', 'xL43J', 'xL48J', 'xL26J', 'xL34J', 'xL37J', 'xL42J', 'xL35J', 'xL22J', 'xL0J', 'xL4J', 'xL1J', 'xL30J', 'xL36J', 'xL20J', 'xL32J', 'xL28J', 'xL29J', 'xL27J', 'xL18J', 'xL2J', 'xL12J'}
| | | | | | | +-- , 26 , {29} , {'xL21J', 'xL33J', 'xL9J', 'xL39J', 'xL15J', 'xL44J', 'xL24J', 'xL43J', 'xL48J', 'xL26J', 'xL34J', 'xL37J', 'xL42J', 'xL35J', 'xL22J', 'xL0J', 'xL1J', 'xL30J', 'xL36J', 'xL20J', 'xL32J', 'xL28J', 'xL29J', 'xL7J', 'xL27J', 'xL18J', 'xL2J', 'xL12J'}
| | | | | | | | +-- , 29 , {43, 31} , {'xL21J', 'xL33J', 'xL9J', 'xL39J', 'xL46J', 'xL15J', 'xL44J', 'xL24J', 'xL43J', 'xL48J', 'xL26J', 'xL34J', 'xL37J', 'xL42J', 'xL35J', 'xL22J', 'xL0J', 'xL1J', 'xL30J', 'xL36J', 'xL20J', 'xL32J', 'xL28J', 'xL7J', 'xL27J', 'xL18J', 'xL2J', 'xL12J'}
| | | | | | | | | +-- , 43 , {45} , {'xL33J', 'xL36J', 'xL20J', 'xL28J', 'xL13J', 'xL43J', 'xL26J', 'xL37J', 'xL49J', 'xL42J', 'xL46J', 'xL2J', 'xL12J'}
| | | | | | | | | | +-- , 45 , set() , {'xL8J', 'xL13J', 'xL43J', 'xL26J', 'xL49J', 'xL42J', 'xL12J'}
| | | | | | | | | +-- , 31 , {33} , {'xL21J', 'xL33J', 'xL9J', 'xL39J', 'xL46J', 'xL15J', 'xL44J', 'xL24J', 'xL48J', 'xL26J', 'xL34J', 'xL37J', 'xL5J', 'xL42J', 'xL35J', 'xL22J', 'xL0J', 'xL38J', 'xL1J', 'xL30J', 'xL36J', 'xL28J', 'xL18J'}
| | | | | | | | | | +-- , 33 , {35} , {'xL21J', 'xL33J', 'xL9J', 'xL0J', 'xL38J', 'xL39J', 'xL1J', 'xL31J', 'xL15J', 'xL44J', 'xL28J', 'xL24J', 'xL48J', 'xL26J', 'xL37J', 'xL5J', 'xL42J', 'xL18J', 'xL35J', 'xL22J'}
| | | | | | | | | | | +-- , 35 , {37, 39} , {'xL21J', 'xL33J', 'xL9J', 'xL38J', 'xL1J', 'xL39J', 'xL31J', 'xL40J', 'xL44J', 'xL28J', 'xL15J', 'xL24J', 'xL26J', 'xL37J', 'xL5J', 'xL42J', 'xL18J', 'xL35J'}
| | | | | | | | | | | | +-- , 37 , set() , {'xL40J', 'xL15J', 'xL33J', 'xL9J', 'xL16J', 'xL1J', 'xL39J', 'xL5J', 'xL42J', 'xL3J'}
| | | | | | | | | | | | +-- , 39 , {41} , {'xL21J', 'xL33J', 'xL9J', 'xL38J', 'xL23J', 'xL45J', 'xL40J', 'xL44J', 'xL28J', 'xL6J', 'xL24J', 'xL26J', 'xL18J', 'xL35J'}
| | | | | | | | | | | | | +-- , 41 , set() , {'xL6J', 'xL9J', 'xL38J', 'xL23J', 'xL18J', 'xL25J'}


Max number of edges with non zero Y: 39
Max number of iterations of outer rounding loop: 9
Max number of candidate sets: 2
Time spent rounding: 79.380
Time spent solving Separator LP: 9.325

LP Solver: GaifmanNormal