18, 3.024007525724796, 9.5, 10
+-- , 0 , {39, 6} , {'xL21J', 'xL9J', 'xL0J', 'xL10J', 'xL38J', 'xL23J', 'xL4J', 'xL30J', 'xL45J', 'xL31J', 'xL3J', 'xL15J', 'xL6J', 'xL17J', 'xL24J', 'xL43J', 'xL41J', 'xL26J', 'xL5J', 'xL11J', 'xL12J', 'xL18J', 'xL2J', 'xL22J'}
| +-- , 39 , set() , {'xL6J', 'xL9J', 'xL38J', 'xL23J', 'xL18J', 'xL25J'}
| +-- , 6 , {8} , {'xL21J', 'xL9J', 'xL23J', 'xL3J', 'xL15J', 'xL6J', 'xL24J', 'xL43J', 'xL41J', 'xL26J', 'xL5J', 'xL11J', 'xL0J', 'xL38J', 'xL10J', 'xL4J', 'xL30J', 'xL45J', 'xL31J', 'xL17J', 'xL19J', 'xL18J', 'xL2J', 'xL12J'}
| | +-- , 8 , {11} , {'xL21J', 'xL9J', 'xL23J', 'xL3J', 'xL40J', 'xL15J', 'xL6J', 'xL43J', 'xL26J', 'xL34J', 'xL5J', 'xL11J', 'xL8J', 'xL0J', 'xL38J', 'xL10J', 'xL4J', 'xL30J', 'xL45J', 'xL31J', 'xL17J', 'xL19J', 'xL18J', 'xL2J', 'xL12J'}
| | | +-- , 11 , {13} , {'xL21J', 'xL9J', 'xL23J', 'xL3J', 'xL40J', 'xL15J', 'xL6J', 'xL43J', 'xL48J', 'xL26J', 'xL34J', 'xL5J', 'xL11J', 'xL8J', 'xL0J', 'xL38J', 'xL10J', 'xL4J', 'xL45J', 'xL31J', 'xL17J', 'xL19J', 'xL18J', 'xL2J', 'xL12J'}
| | | | +-- , 13 , {15} , {'xL21J', 'xL9J', 'xL23J', 'xL3J', 'xL40J', 'xL15J', 'xL6J', 'xL43J', 'xL48J', 'xL47J', 'xL26J', 'xL34J', 'xL5J', 'xL11J', 'xL8J', 'xL0J', 'xL38J', 'xL10J', 'xL4J', 'xL45J', 'xL17J', 'xL19J', 'xL18J', 'xL2J', 'xL12J'}
| | | | | +-- , 15 , {17} , {'xL21J', 'xL33J', 'xL9J', 'xL23J', 'xL3J', 'xL40J', 'xL15J', 'xL6J', 'xL43J', 'xL47J', 'xL26J', 'xL34J', 'xL5J', 'xL8J', 'xL38J', 'xL10J', 'xL4J', 'xL45J', 'xL36J', 'xL17J', 'xL19J', 'xL7J', 'xL18J', 'xL2J', 'xL12J'}
| | | | | | +-- , 17 , {19} , {'xL21J', 'xL33J', 'xL9J', 'xL23J', 'xL3J', 'xL46J', 'xL40J', 'xL15J', 'xL6J', 'xL43J', 'xL47J', 'xL26J', 'xL34J', 'xL5J', 'xL8J', 'xL38J', 'xL4J', 'xL36J', 'xL17J', 'xL19J', 'xL7J', 'xL18J', 'xL2J', 'xL12J'}
| | | | | | | +-- , 19 , {21} , {'xL21J', 'xL33J', 'xL9J', 'xL23J', 'xL3J', 'xL46J', 'xL40J', 'xL15J', 'xL6J', 'xL43J', 'xL47J', 'xL26J', 'xL34J', 'xL37J', 'xL5J', 'xL8J', 'xL4J', 'xL36J', 'xL17J', 'xL19J', 'xL7J', 'xL18J', 'xL2J', 'xL12J'}
| | | | | | | | +-- , 21 , {37, 23} , {'xL21J', 'xL33J', 'xL9J', 'xL23J', 'xL3J', 'xL46J', 'xL40J', 'xL15J', 'xL6J', 'xL43J', 'xL47J', 'xL26J', 'xL34J', 'xL37J', 'xL5J', 'xL8J', 'xL4J', 'xL1J', 'xL36J', 'xL19J', 'xL7J', 'xL18J', 'xL2J', 'xL12J'}
| | | | | | | | | +-- , 37 , set() , {'xL21J', 'xL33J', 'xL1J', 'xL26J', 'xL37J', 'xL49J', 'xL42J', 'xL3J', 'xL8J'}
| | | | | | | | | +-- , 23 , {25} , {'xL33J', 'xL9J', 'xL23J', 'xL39J', 'xL3J', 'xL46J', 'xL40J', 'xL15J', 'xL6J', 'xL43J', 'xL47J', 'xL34J', 'xL37J', 'xL5J', 'xL8J', 'xL4J', 'xL1J', 'xL36J', 'xL19J', 'xL7J', 'xL16J', 'xL18J', 'xL2J', 'xL12J'}
| | | | | | | | | | +-- , 25 , {27} , {'xL33J', 'xL23J', 'xL39J', 'xL15J', 'xL6J', 'xL43J', 'xL47J', 'xL34J', 'xL37J', 'xL8J', 'xL4J', 'xL1J', 'xL36J', 'xL18J', 'xL29J', 'xL19J', 'xL7J', 'xL46J', 'xL2J', 'xL12J'}
| | | | | | | | | | | +-- , 27 , {29} , {'xL33J', 'xL23J', 'xL39J', 'xL15J', 'xL6J', 'xL43J', 'xL47J', 'xL37J', 'xL8J', 'xL4J', 'xL1J', 'xL36J', 'xL18J', 'xL28J', 'xL29J', 'xL19J', 'xL7J', 'xL46J', 'xL2J', 'xL12J'}
| | | | | | | | | | | | +-- , 29 , {31} , {'xL33J', 'xL23J', 'xL4J', 'xL1J', 'xL36J', 'xL46J', 'xL28J', 'xL6J', 'xL29J', 'xL43J', 'xL19J', 'xL7J', 'xL47J', 'xL37J', 'xL12J', 'xL18J', 'xL35J', 'xL2J', 'xL8J'}
| | | | | | | | | | | | | +-- , 31 , {33} , {'xL33J', 'xL23J', 'xL4J', 'xL1J', 'xL36J', 'xL46J', 'xL44J', 'xL28J', 'xL6J', 'xL29J', 'xL14J', 'xL43J', 'xL19J', 'xL7J', 'xL47J', 'xL12J', 'xL18J', 'xL35J', 'xL2J', 'xL8J'}
| | | | | | | | | | | | | | +-- , 33 , {35} , {'xL33J', 'xL4J', 'xL1J', 'xL36J', 'xL20J', 'xL44J', 'xL28J', 'xL29J', 'xL13J', 'xL43J', 'xL19J', 'xL7J', 'xL27J', 'xL12J', 'xL46J', 'xL2J', 'xL8J'}
| | | | | | | | | | | | | | | +-- , 35 , set() , {'xL4J', 'xL36J', 'xL27J', 'xL20J', 'xL46J', 'xL32J', 'xL12J'}


Max number of edges with non zero Y: 29
Max number of iterations of outer rounding loop: 7
Max number of candidate sets: 2
Time spent rounding: 37.964
Time spent solving Separator LP: 5.536

LP Solver: GaifmanBoosted