6, 0, 5.863813229571984, 8
+-- , 0 , {8} , {'xL19J', 'xL0J', 'xL28J', 'xL20J', 'xL27J', 'xL17J', 'xL23J', 'xL32J', 'xL9J', 'xL26J', 'xL24J', 'xL3J', 'xL36J', 'xL35J', 'xL8J', 'xL37J', 'xL16J', 'xL14J', 'xL30J', 'xL12J', 'xL10J', 'xL39J', 'xL13J', 'xL25J', 'xL38J', 'xL29J', 'xL6J', 'xL11J', 'xL34J', 'xL5J', 'xL31J', 'xL21J', 'xL1J', 'xL7J'}
| +-- , 8 , {10} , {'xL19J', 'xL0J', 'xL28J', 'xL20J', 'xL27J', 'xL23J', 'xL17J', 'xL32J', 'xL9J', 'xL26J', 'xL24J', 'xL3J', 'xL36J', 'xL35J', 'xL8J', 'xL37J', 'xL16J', 'xL14J', 'xL30J', 'xL12J', 'xL10J', 'xL15J', 'xL39J', 'xL25J', 'xL22J', 'xL29J', 'xL38J', 'xL6J', 'xL11J', 'xL34J', 'xL5J', 'xL31J', 'xL21J', 'xL1J', 'xL7J'}
| | +-- , 10 , {12} , {'xL19J', 'xL0J', 'xL28J', 'xL20J', 'xL27J', 'xL17J', 'xL32J', 'xL9J', 'xL26J', 'xL24J', 'xL3J', 'xL36J', 'xL35J', 'xL37J', 'xL16J', 'xL14J', 'xL30J', 'xL12J', 'xL10J', 'xL15J', 'xL39J', 'xL25J', 'xL22J', 'xL29J', 'xL38J', 'xL6J', 'xL11J', 'xL34J', 'xL5J', 'xL31J', 'xL21J', 'xL1J', 'xL18J', 'xL7J'}
| | | +-- , 12 , {14} , {'xL19J', 'xL0J', 'xL28J', 'xL27J', 'xL17J', 'xL32J', 'xL9J', 'xL26J', 'xL24J', 'xL3J', 'xL36J', 'xL35J', 'xL37J', 'xL16J', 'xL33J', 'xL14J', 'xL30J', 'xL12J', 'xL10J', 'xL15J', 'xL39J', 'xL25J', 'xL22J', 'xL29J', 'xL38J', 'xL6J', 'xL11J', 'xL34J', 'xL5J', 'xL31J', 'xL21J', 'xL1J', 'xL18J', 'xL7J'}
| | | | +-- , 14 , {16} , {'xL19J', 'xL0J', 'xL28J', 'xL27J', 'xL17J', 'xL9J', 'xL26J', 'xL24J', 'xL3J', 'xL36J', 'xL35J', 'xL37J', 'xL2J', 'xL16J', 'xL33J', 'xL14J', 'xL30J', 'xL10J', 'xL15J', 'xL39J', 'xL22J', 'xL29J', 'xL38J', 'xL6J', 'xL11J', 'xL34J', 'xL5J', 'xL31J', 'xL21J', 'xL1J', 'xL18J', 'xL7J'}
| | | | | +-- , 16 , set() , {'xL19J', 'xL0J', 'xL28J', 'xL27J', 'xL3J', 'xL36J', 'xL35J', 'xL37J', 'xL33J', 'xL30J', 'xL15J', 'xL39J', 'xL29J', 'xL6J', 'xL11J', 'xL4J', 'xL5J', 'xL34J', 'xL1J', 'xL2J', 'xL7J'}


Max number of edges with non zero Y: 34
Max number of iterations of outer rounding loop: 8
Max number of candidate sets: 2
Time spent rounding: 36.767
Time spent solving Separator LP: 0.099

LP Solver: gammaPlusFractionalCoverHeuristic5, 0, 6.227817745803358, 8
+-- , 0 , {9, 3} , {'xL19J', 'xL0J', 'xL29J', 'xL9J', 'xL28J', 'xL35J', 'xL5J', 'xL1J', 'xL27J', 'xL25J', 'xL33J', 'xL26J', 'xL8J', 'xL15J', 'xL36J', 'xL3J', 'xL10J', 'xL39J', 'xL20J', 'xL22J', 'xL38J', 'xL17J', 'xL14J', 'xL7J', 'xL11J', 'xL31J', 'xL18J', 'xL6J', 'xL32J', 'xL16J', 'xL34J', 'xL24J', 'xL21J', 'xL37J', 'xL23J', 'xL12J'}
| +-- , 9 , set() , {'xL3J', 'xL31J', 'xL10J', 'xL32J', 'xL9J', 'xL13J', 'xL16J', 'xL14J', 'xL28J', 'xL26J', 'xL8J', 'xL35J', 'xL5J', 'xL36J', 'xL11J'}
| +-- , 3 , {5} , {'xL19J', 'xL0J', 'xL29J', 'xL9J', 'xL28J', 'xL35J', 'xL5J', 'xL1J', 'xL27J', 'xL33J', 'xL26J', 'xL30J', 'xL15J', 'xL36J', 'xL3J', 'xL10J', 'xL39J', 'xL20J', 'xL22J', 'xL38J', 'xL17J', 'xL14J', 'xL7J', 'xL11J', 'xL31J', 'xL18J', 'xL6J', 'xL32J', 'xL16J', 'xL34J', 'xL24J', 'xL21J', 'xL37J', 'xL23J', 'xL12J'}
| | +-- , 5 , {7} , {'xL19J', 'xL0J', 'xL29J', 'xL9J', 'xL28J', 'xL35J', 'xL5J', 'xL1J', 'xL27J', 'xL2J', 'xL33J', 'xL26J', 'xL30J', 'xL15J', 'xL36J', 'xL3J', 'xL10J', 'xL39J', 'xL22J', 'xL38J', 'xL14J', 'xL7J', 'xL11J', 'xL31J', 'xL18J', 'xL6J', 'xL34J', 'xL16J', 'xL24J', 'xL21J', 'xL37J', 'xL17J'}
| | | +-- , 7 , set() , {'xL19J', 'xL0J', 'xL29J', 'xL28J', 'xL35J', 'xL5J', 'xL1J', 'xL27J', 'xL2J', 'xL4J', 'xL33J', 'xL30J', 'xL15J', 'xL36J', 'xL3J', 'xL39J', 'xL7J', 'xL11J', 'xL6J', 'xL34J', 'xL37J'}


Max number of edges with non zero Y: 27
Max number of iterations of outer rounding loop: 4
Max number of candidate sets: 2
Time spent rounding: 4.507
Time spent solving Separator LP: 0.025

LP Solver: gammaPlusFractionalCoverHeuristic