15, 0, 8.0, 8
+-- , 3 , {0} , {'13', '67', '45', '71', '28', '38', '3', '43', '86', '66', '49', '64', '36', '33', '4', '77', '16', '8', '72', '51', '58', '39', '70', '23', '22', '26', '62', '68', '61', '59', '31', '21', '19', '54', '63', '40'}
| +-- , 0 , {5, 26, 30} , {'13', '45', '71', '28', '38', '3', '84', '20', '66', '49', '64', '36', '60', '33', '4', '77', '16', '8', '83', '72', '58', '89', '39', '23', '22', '62', '68', '59', '31', '21', '19', '54', '63', '40', '6'}
| | +-- , 5 , {7, 22, 24} , {'34', '28', '3', '84', '20', '66', '49', '2', '80', '64', '60', '33', '4', '16', '8', '83', '72', '58', '69', '88', '89', '39', '23', '65', '62', '68', '31', '87', '21', '19', '63', '40', '6', '1', '30'}
| | | +-- , 7 , {9} , {'28', '3', '20', '66', '49', '80', '60', '64', '33', '16', '55', '72', '14', '15', '39', '62', '31', '21', '19', '6', '37'}
| | | | +-- , 9 , {16, 18, 20, 12, 14} , {'28', '3', '62', '24', '20', '44', '66', '49', '60', '64', '33', '78', '75', '16', '55', '48', '31', '21', '72', '19', '14', '6', '29'}
| | | | | +-- , 16 , set() , {'44', '75', '28', '3', '31', '62', '47', '14'}
| | | | | +-- , 18 , set() , {'78', '31', '21', '24', '19', '46', '44', '64'}
| | | | | +-- , 20 , set() , {'33', '7', '78', '28', '57', '18', '3', '48', '32', '21', '60', '17', '6', '64'}
| | | | | +-- , 12 , set() , {'85', '33', '78', '75', '76', '55', '56', '48', '42', '20', '79', '49', '66', '29'}
| | | | | +-- , 14 , set() , {'78', '75', '16', '74', '62', '24', '72', '29'}
| | | +-- , 22 , set() , {'33', '50', '89', '28', '82', '58', '66', '1'}
| | | +-- , 24 , set() , {'34', '33', '4', '52', '89', '68', '2', '69'}
| | +-- , 26 , {28} , {'9', '59', '89', '77', '71', '45', '20', '6', '60'}
| | | +-- , 28 , set() , {'9', '59', '45', '41', '35', '20', '10', '25'}
| | +-- , 30 , set() , {'59', '77', '28', '27', '83', '73', '19', '84'}


Max number of edges with non zero Y: 19
Max number of iterations of outer rounding loop: 3
Max number of candidate sets: 2
Time spent rounding: 0.119
Time spent solving Separator LP: 0.017
Total time spent solving: 0.579

LP Solver: gammaPlusFractionalCoverHeuristic
Number of Rounding Attemps: 4
Lower Bound Witness = ({'34', '76', '3', '86', '44', '49', '64', '36', '60', '4', '52', '77', '8', '42', '32', '14', '69', '15', '39', '23', '65', '68', '46', '78', '41', '27', '37', '29', '30', '50', '45', '71', '28', '18', '20', '47', '66', '33', '83', '72', '26', '22', '56', '62', '24', '25', '7', '48', '19', '63', '6', '9', '13', '38', '74', '84', '2', '55', '82', '58', '79', '88', '70', '73', '10', '31', '87', '54', '85', '67', '43', '17', '80', '16', '51', '89', '57', '35', '61', '59', '75', '21', '40', '1'}, {'56', '65', '86', '66', '25'})