53, 3.0, 4.0, 4
+-- , 0 , {3, 101, 54} , {'xL8JL11J', 'xL8JL12J', 'xL11JL9J', 'xL3JL7J', 'xL12JL9J', 'xL5JL7J', 'xL10JL9J', 'xL13JL9J', 'xL2JL7J', 'xL4JL7J', 'xL8JL9J', 'xL8JL8J', 'xL8JL6J', 'xL8JL10J', 'xL8JL7J'}
| +-- , 3 , {5} , {'xL8JL11J', 'xL8JL5J', 'xL8JL12J', 'xL11JL9J', 'xL3JL7J', 'xL14JL9J', 'xL12JL9J', 'xL5JL7J', 'xL10JL9J', 'xL13JL9J', 'xL4JL7J', 'xL8JL9J', 'xL8JL4J', 'xL8JL8J', 'xL8JL6J', 'xL8JL10J', 'xL8JL7J'}
| | +-- , 5 , {7} , {'xL8JL5J', 'xL4JL7J', 'xL3JL7J', 'xL14JL9J', 'xL8JL4J', 'xL14JL8J', 'xL5JL7J', 'xL14JL7J'}
| | | +-- , 7 , {9, 28} , {'xL8JL5J', 'xL11JL4J', 'xL3JL7J', 'xL5JL5J', 'xL14JL8J', 'xL5JL7J', 'xL7JL5J', 'xL14JL7J', 'xL9JL4J', 'xL4JL7J', 'xL6JL5J', 'xL10JL4J', 'xL8JL4J', 'xL12JL4J'}
| | | | +-- , 9 , {11} , {'xL11JL4J', 'xL6JL4J', 'xL3JL7J', 'xL5JL5J', 'xL5JL7J', 'xL7JL5J', 'xL7JL4J', 'xL9JL4J', 'xL4JL7J', 'xL6JL5J', 'xL10JL4J', 'xL8JL4J', 'xL12JL4J'}
| | | | | +-- , 11 , {26, 13} , {'xL6JL4J', 'xL4JL7J', 'xL6JL5J', 'xL3JL3J', 'xL3JL7J', 'xL5JL5J', 'xL5JL7J', 'xL3JL4J', 'xL7JL5J', 'xL3JL5J', 'xL7JL4J'}
| | | | | | +-- , 26 , set() , {'xL3JL6J', 'xL4JL7J', 'xL3JL3J', 'xL3JL7J', 'xL5JL5J', 'xL4JL6J', 'xL5JL7J', 'xL5JL6J', 'xL3JL4J', 'xL3JL5J'}
| | | | | | +-- , 13 , {15} , {'xL6JL3J', 'xL6JL4J', 'xL3JL4J', 'xL7JL5J', 'xL7JL4J', 'xL7JL2J', 'xL6JL1J', 'xL7JL3J', 'xL6JL5J', 'xL7JL1J', 'xL3JL3J', 'xL3JL5J', 'xL6JL2J'}
| | | | | | | +-- , 15 , {17, 19} , {'xL4JL3J', 'xL6JL3J', 'xL5JL3J', 'xL7JL3J', 'xL7JL1J', 'xL3JL3J', 'xL7JL2J', 'xL3JL4J', 'xL3JL5J', 'xL6JL2J', 'xL6JL1J'}
| | | | | | | | +-- , 17 , set() , {'xL4JL3J', 'xL5JL3J', 'xL5JL2J', 'xL7JL1J', 'xL4JL2J', 'xL5JL1J', 'xL7JL2J', 'xL6JL2J', 'xL6JL1J'}
| | | | | | | | +-- , 19 , {21} , {'xL4JL3J', 'xL6JL3J', 'xL1JL3J', 'xL5JL3J', 'xL7JL3J', 'xL3JL3J', 'xL3JL4J', 'xL3JL5J', 'xL2JL3J'}
| | | | | | | | | +-- , 21 , {24} , {'xL1JL3J', 'xL1JL4J', 'xL3JL4J', 'xL3JL5J', 'xL2JL4J', 'xL2JL3J'}
| | | | | | | | | | +-- , 24 , set() , {'xL1JL3J', 'xL2JL5J', 'xL2JL4J', 'xL1JL5J', 'xL1JL1J', 'xL2JL1J', 'xL1JL4J', 'xL1JL2J', 'xL3JL5J', 'xL2JL2J', 'xL2JL3J'}
| | | | +-- , 28 , {52, 30} , {'xL9JL4J', 'xL11JL4J', 'xL13JL7J', 'xL14JL8J', 'xL12JL4J', 'xL12JL7J', 'xL10JL4J', 'xL14JL7J'}
| | | | | +-- , 52 , set() , {'xL15JL7J', 'xL15JL8J', 'xL13JL7J', 'xL14JL8J', 'xL12JL7J', 'xL14JL7J'}
| | | | | +-- , 30 , {32, 36} , {'xL9JL4J', 'xL11JL4J', 'xL10JL4J', 'xL13JL7J', 'xL14JL5J', 'xL12JL7J', 'xL12JL4J'}
| | | | | | +-- , 32 , {34} , {'xL12JL6J', 'xL13JL7J', 'xL13JL5J', 'xL14JL5J', 'xL12JL4J', 'xL12JL7J', 'xL12JL5J'}
| | | | | | | +-- , 34 , set() , {'xL13JL7J', 'xL13JL5J', 'xL13JL6J', 'xL12JL6J'}
| | | | | | +-- , 36 , {48, 38} , {'xL14JL3J', 'xL9JL4J', 'xL11JL4J', 'xL14JL4J', 'xL14JL5J', 'xL10JL4J', 'xL14JL2J'}
| | | | | | | +-- , 48 , {50} , {'xL15JL3J', 'xL14JL3J', 'xL14JL4J'}
| | | | | | | | +-- , 50 , set() , {'xL15JL3J', 'xL14JL4J', 'xL15JL4J'}
| | | | | | | +-- , 38 , {40} , {'xL11JL4J', 'xL9JL4J', 'xL11JL2J', 'xL9JL2J', 'xL12JL2J', 'xL13JL2J', 'xL10JL2J', 'xL10JL4J', 'xL14JL2J'}
| | | | | | | | +-- , 40 , {42} , {'xL9JL4J', 'xL11JL4J', 'xL10JL3J', 'xL11JL2J', 'xL9JL2J', 'xL12JL2J', 'xL13JL2J', 'xL10JL2J', 'xL10JL4J'}
| | | | | | | | | +-- , 42 , {44} , {'xL9JL4J', 'xL11JL4J', 'xL9JL3J', 'xL10JL3J', 'xL11JL2J', 'xL9JL2J', 'xL12JL2J', 'xL13JL2J', 'xL11JL3J'}
| | | | | | | | | | +-- , 44 , {46} , {'xL11JL4J', 'xL11JL2J', 'xL12JL2J', 'xL13JL2J', 'xL11JL3J', 'xL11JL1J'}
| | | | | | | | | | | +-- , 46 , set() , {'xL12JL1J', 'xL13JL1J', 'xL12JL2J', 'xL13JL2J', 'xL11JL1J'}
| +-- , 101 , {103} , {'xL3JL7J', 'xL10JL6J', 'xL5JL7J', 'xL10JL9J', 'xL2JL7J', 'xL10JL8J', 'xL6JL7J', 'xL4JL7J', 'xL8JL9J', 'xL8JL8J', 'xL8JL6J', 'xL8JL10J', 'xL10JL7J', 'xL8JL7J'}
| | +-- , 103 , {105} , {'xL10JL6J', 'xL6JL10J', 'xL10JL8J', 'xL6JL7J', 'xL6JL8J', 'xL8JL9J', 'xL6JL9J', 'xL8JL8J', 'xL8JL6J', 'xL8JL10J', 'xL10JL7J', 'xL8JL7J'}
| | | +-- , 105 , {107, 109} , {'xL10JL6J', 'xL6JL10J', 'xL9JL8J', 'xL10JL8J', 'xL6JL8J', 'xL8JL9J', 'xL6JL9J', 'xL8JL8J', 'xL8JL6J', 'xL8JL10J', 'xL10JL7J', 'xL8JL7J'}
| | | | +-- , 107 , set() , {'xL9JL7J', 'xL9JL6J', 'xL10JL6J', 'xL8JL6J', 'xL10JL7J', 'xL8JL7J', 'xL9JL8J'}
| | | | +-- , 109 , set() , {'xL10JL8J', 'xL7JL8J', 'xL6JL8J', 'xL8JL9J', 'xL7JL9J', 'xL6JL9J', 'xL8JL8J', 'xL8JL10J', 'xL6JL10J', 'xL9JL8J', 'xL7JL10J'}
| +-- , 54 , {56} , {'xL8JL11J', 'xL2JL7J', 'xL8JL12J', 'xL11JL9J', 'xL12JL9J', 'xL2JL8J', 'xL13JL9J', 'xL2JL9J'}
| | +-- , 56 , {99, 58} , {'xL8JL11J', 'xL8JL12J', 'xL4JL9J', 'xL11JL9J', 'xL3JL9J', 'xL12JL9J', 'xL2JL8J', 'xL13JL9J', 'xL2JL9J'}
| | | +-- , 99 , set() , {'xL4JL9J', 'xL3JL9J', 'xL1JL9J', 'xL1JL8J', 'xL2JL8J', 'xL2JL9J'}
| | | +-- , 58 , {76, 60} , {'xL8JL11J', 'xL8JL12J', 'xL9JL12J', 'xL11JL9J', 'xL3JL9J', 'xL12JL9J', 'xL13JL9J', 'xL10JL11J', 'xL11JL11J', 'xL4JL9J', 'xL9JL11J', 'xL10JL12J'}
| | | | +-- , 76 , {78} , {'xL6JL12J', 'xL8JL12J', 'xL4JL9J', 'xL9JL12J', 'xL4JL12J', 'xL3JL9J', 'xL5JL12J', 'xL10JL12J', 'xL7JL12J'}
| | | | | +-- , 78 , {81, 97} , {'xL6JL12J', 'xL4JL9J', 'xL3JL11J', 'xL4JL12J', 'xL3JL9J', 'xL5JL12J', 'xL4JL11J', 'xL2JL11J', 'xL7JL12J'}
| | | | | | +-- , 81 , {83, 93} , {'xL6JL12J', 'xL2JL13J', 'xL7JL12J', 'xL2JL12J', 'xL2JL14J', 'xL5JL12J', 'xL2JL11J'}
| | | | | | | +-- , 83 , {85} , {'xL4JL14J', 'xL6JL12J', 'xL5JL14J', 'xL7JL14J', 'xL6JL14J', 'xL2JL14J', 'xL5JL12J', 'xL3JL14J', 'xL7JL12J'}
| | | | | | | | +-- , 85 , {89, 87} , {'xL4JL14J', 'xL6JL12J', 'xL5JL14J', 'xL7JL14J', 'xL6JL14J', 'xL5JL12J', 'xL3JL14J', 'xL5JL13J', 'xL7JL12J'}
| | | | | | | | | +-- , 89 , {91} , {'xL4JL14J', 'xL5JL14J', 'xL5JL15J', 'xL5JL12J', 'xL3JL14J', 'xL5JL13J'}
| | | | | | | | | | +-- , 91 , set() , {'xL4JL14J', 'xL3JL14J', 'xL5JL15J', 'xL3JL15J', 'xL4JL15J'}
| | | | | | | | | +-- , 87 , set() , {'xL6JL12J', 'xL7JL13J', 'xL7JL14J', 'xL6JL14J', 'xL6JL13J', 'xL5JL13J', 'xL7JL12J'}
| | | | | | | +-- , 93 , {95} , {'xL1JL12J', 'xL2JL13J', 'xL2JL12J'}
| | | | | | | | +-- , 95 , set() , {'xL1JL12J', 'xL2JL13J', 'xL1JL13J'}
| | | | | | +-- , 97 , set() , {'xL4JL10J', 'xL4JL9J', 'xL4JL12J', 'xL3JL10J', 'xL3JL9J', 'xL4JL11J', 'xL3JL11J'}
| | | | +-- , 60 , {74, 62} , {'xL9JL12J', 'xL11JL9J', 'xL13JL9J', 'xL12JL9J', 'xL9JL11J', 'xL10JL12J', 'xL13JL12J', 'xL13JL10J', 'xL10JL11J', 'xL11JL11J'}
| | | | | +-- , 74 , set() , {'xL11JL9J', 'xL11JL10J', 'xL12JL9J', 'xL12JL10J', 'xL13JL10J', 'xL11JL11J'}
| | | | | +-- , 62 , {64} , {'xL9JL12J', 'xL13JL11J', 'xL13JL13J', 'xL10JL11J', 'xL9JL11J', 'xL10JL12J', 'xL13JL12J', 'xL13JL10J', 'xL13JL9J'}
| | | | | | +-- , 64 , {66} , {'xL9JL12J', 'xL9JL13J', 'xL10JL15J', 'xL9JL14J', 'xL9JL15J', 'xL10JL14J', 'xL10JL11J', 'xL13JL11J', 'xL10JL12J', 'xL9JL11J', 'xL13JL13J', 'xL13JL12J', 'xL10JL13J'}
| | | | | | | +-- , 66 , {72, 68} , {'xL14JL13J', 'xL9JL13J', 'xL10JL15J', 'xL9JL14J', 'xL9JL15J', 'xL15JL13J', 'xL10JL14J', 'xL13JL11J', 'xL13JL13J', 'xL13JL12J', 'xL10JL13J'}
| | | | | | | | +-- , 72 , set() , {'xL9JL13J', 'xL14JL13J', 'xL11JL15J', 'xL12JL14J', 'xL11JL14J', 'xL13JL13J', 'xL9JL14J', 'xL10JL14J', 'xL9JL15J', 'xL10JL15J', 'xL15JL13J', 'xL10JL13J', 'xL12JL13J', 'xL11JL13J'}
| | | | | | | | +-- , 68 , set() , {'xL14JL13J', 'xL15JL14J', 'xL15JL15J', 'xL14JL12J', 'xL15JL11J', 'xL15JL13J', 'xL14JL14J', 'xL14JL15J', 'xL14JL11J', 'xL13JL11J', 'xL13JL12J', 'xL15JL12J'}


Max number of edges with non zero Y: 3
Max number of iterations of outer rounding loop: 0
Max number of candidate sets: 0
Time spent rounding: 0.000
Time spent solving Separator LP: 28.503
Total time spent solving: 33.478

LP Solver: GaifmanNormalILP
Lower Bound Witness = ({'xL11JL9J', 'xL3JL7J', 'xL2JL12J', 'xL12JL9J', 'xL10JL6J', 'xL5JL12J', 'xL2JL1J', 'xL15JL13J', 'xL2JL8J', 'xL2JL4J', 'xL14JL14J', 'xL15JL4J', 'xL7JL10J', 'xL14JL3J', 'xL9JL4J', 'xL2JL13J', 'xL7JL1J', 'xL7JL13J', 'xL3JL3J', 'xL7JL14J', 'xL8JL8J', 'xL11JL3J', 'xL13JL6J', 'xL5JL6J', 'xL13JL12J', 'xL10JL4J', 'xL8JL5J', 'xL4JL3J', 'xL14JL13J', 'xL9JL7J', 'xL1JL5J', 'xL12JL10J', 'xL15JL11J', 'xL9JL15J', 'xL10JL14J', 'xL14JL7J', 'xL13JL9J', 'xL2JL9J', 'xL2JL7J', 'xL1JL12J', 'xL14JL4J', 'xL13JL13J', 'xL3JL15J', 'xL2JL2J', 'xL15JL7J', 'xL9JL12J', 'xL9JL6J', 'xL12JL2J', 'xL1JL2J', 'xL13JL10J', 'xL10JL9J', 'xL12JL13J', 'xL7JL12J', 'xL6JL1J', 'xL1JL8J', 'xL9JL2J', 'xL6JL9J', 'xL11JL1J', 'xL3JL5J', 'xL3JL6J', 'xL8JL12J', 'xL6JL12J', 'xL6JL4J', 'xL5JL3J', 'xL12JL7J', 'xL1JL13J', 'xL2JL11J', 'xL7JL3J', 'xL11JL10J', 'xL14JL2J', 'xL6JL2J', 'xL8JL7J', 'xL15JL3J', 'xL4JL14J', 'xL6JL3J', 'xL7JL8J', 'xL9JL13J', 'xL5JL2J', 'xL4JL12J', 'xL15JL15J', 'xL14JL12J', 'xL7JL5J', 'xL11JL14J', 'xL11JL11J', 'xL1JL1J', 'xL10JL8J', 'xL6JL7J', 'xL6JL5J', 'xL8JL9J', 'xL6JL14J', 'xL4JL6J', 'xL5JL1J', 'xL8JL10J', 'xL10JL15J', 'xL12JL5J', 'xL12JL4J', 'xL10JL13J', 'xL8JL11J', 'xL9JL3J', 'xL3JL9J', 'xL15JL14J', 'xL2JL14J', 'xL14JL8J', 'xL5JL7J', 'xL6JL10J', 'xL7JL4J', 'xL7JL2J', 'xL13JL11J', 'xL1JL9J', 'xL10JL3J', 'xL13JL7J', 'xL8JL6J', 'xL6JL13J', 'xL3JL11J', 'xL5JL13J', 'xL11JL15J', 'xL3JL10J', 'xL13JL1J', 'xL5JL15J', 'xL12JL6J', 'xL14JL9J', 'xL5JL5J', 'xL13JL5J', 'xL9JL14J', 'xL5JL14J', 'xL14JL11J', 'xL10JL11J', 'xL14JL15J', 'xL4JL9J', 'xL11JL2J', 'xL8JL4J', 'xL4JL11J', 'xL10JL12J', 'xL3JL14J', 'xL15JL12J', 'xL11JL13J', 'xL11JL4J', 'xL1JL3J', 'xL4JL2J', 'xL7JL9J', 'xL10JL2J', 'xL1JL4J', 'xL3JL4J', 'xL2JL5J', 'xL9JL8J', 'xL2JL3J', 'xL4JL10J', 'xL12JL1J', 'xL4JL7J', 'xL12JL14J', 'xL6JL8J', 'xL15JL8J', 'xL13JL2J', 'xL14JL5J', 'xL9JL11J', 'xL10JL7J', 'xL4JL15J'}, {'xL12JL13J', 'xL9JL12J', 'xL7JL3J', 'xL10JL3J', 'xL15JL14J', 'xL2JL14J', 'xL11JL3J', 'xL8JL6J', 'xL5JL7J', 'xL11JL1J', 'xL10JL2J', 'xL7JL2J', 'xL2JL4J', 'xL9JL8J', 'xL11JL13J'})