14, 2.303118738566077, 5.5, 6
+-- , 0 , {32, 5} , {'xL14J', 'xL7J', 'xL17J', 'xL22J', 'xL24J', 'xL0J', 'xL15J', 'xL19J', 'xL12J', 'xL11J'}
| +-- , 32 , set() , {'xL14J', 'xL7J', 'xL2J', 'xL0J', 'xL12J', 'xL11J'}
| +-- , 5 , {8} , {'xL7J', 'xL24J', 'xL19J', 'xL12J', 'xL11J', 'xL1J', 'xL14J', 'xL22J', 'xL18J', 'xL0J'}
| | +-- , 8 , {10, 14} , {'xL7J', 'xL24J', 'xL19J', 'xL12J', 'xL1J', 'xL14J', 'xL9J', 'xL22J', 'xL18J', 'xL0J', 'xL4J'}
| | | +-- , 10 , set() , {'xL19J', 'xL6J', 'xL24J', 'xL9J'}
| | | +-- , 14 , {16, 22, 28} , {'xL8J', 'xL1J', 'xL14J', 'xL7J', 'xL9J', 'xL22J', 'xL18J', 'xL24J', 'xL19J', 'xL4J', 'xL12J'}
| | | | +-- , 16 , {18, 20} , {'xL8J', 'xL1J', 'xL7J', 'xL3J', 'xL24J', 'xL18J', 'xL4J'}
| | | | | +-- , 18 , set() , {'xL10J', 'xL3J', 'xL24J', 'xL1J'}
| | | | | +-- , 20 , set() , {'xL21J', 'xL3J', 'xL7J', 'xL18J'}
| | | | +-- , 22 , {24, 26} , {'xL8J', 'xL1J', 'xL7J', 'xL13J', 'xL22J', 'xL18J', 'xL24J', 'xL19J'}
| | | | | +-- , 24 , set() , {'xL7J', 'xL20J', 'xL13J', 'xL22J', 'xL18J', 'xL19J'}
| | | | | +-- , 26 , set() , {'xL7J', 'xL13J', 'xL5J', 'xL18J', 'xL24J', 'xL19J'}
| | | | +-- , 28 , {30} , {'xL8J', 'xL14J', 'xL22J', 'xL4J', 'xL16J', 'xL12J'}
| | | | | +-- , 30 , set() , {'xL8J', 'xL23J', 'xL4J', 'xL16J', 'xL12J'}


Max number of edges with non zero Y: 18
Max number of iterations of outer rounding loop: 6
Max number of candidate sets: 2
Time spent rounding: 21.973
Time spent solving Separator LP: 0.472

LP Solver: GaifmanBoosted