24, 0, 9.0, 9
+-- , 0 , {35, 49, 3} , {'X33', 'X35', 'X7', 'X55', 'X23', 'X12', 'X37', 'X57', 'X24', 'X50', 'X13', 'X10', 'X39', 'X49', 'X29', 'X28', 'X58', 'X42', 'X25', 'X44', 'X22', 'X26'}
| +-- , 35 , {37} , {'X33', 'X35', 'X23', 'X12', 'X37', 'X50', 'X17', 'X20', 'X39', 'X29', 'X42', 'X52', 'X22', 'X15'}
| | +-- , 37 , {43, 39} , {'X33', 'X17', 'X35', 'X20', 'X39', 'X12', 'X29', 'X42', 'X52', 'X18', 'X15', 'X51'}
| | | +-- , 43 , {45} , {'X33', 'X20', 'X35', 'X29', 'X42', 'X18', 'X21'}
| | | | +-- , 45 , {47} , {'X33', 'X35', 'X29', 'X42', 'X53', 'X21'}
| | | | | +-- , 47 , set() , {'X33', 'X35', 'X54', 'X42', 'X53'}
| | | +-- , 39 , {41} , {'X17', 'X39', 'X12', 'X14', 'X19', 'X18', 'X15', 'X51'}
| | | | +-- , 41 , set() , {'X17', 'X16', 'X14', 'X19', 'X18'}
| +-- , 49 , set() , {'X39', 'X27', 'X24', 'X57', 'X26'}
| +-- , 3 , {5} , {'X33', 'X35', 'X59', 'X55', 'X7', 'X37', 'X10', 'X39', 'X49', 'X28', 'X58', 'X8', 'X42', 'X56', 'X44'}
| | +-- , 5 , {7} , {'X33', 'X35', 'X59', 'X7', 'X31', 'X37', 'X11', 'X10', 'X39', 'X49', 'X30', 'X28', 'X8', 'X42', 'X56', 'X44'}
| | | +-- , 7 , {9, 27, 31} , {'X33', 'X35', 'X59', 'X7', 'X31', 'X37', 'X11', 'X30', 'X39', 'X49', 'X8', 'X42', 'X36', 'X56', 'X44'}
| | | | +-- , 9 , {11} , {'X33', 'X35', 'X7', 'X31', 'X37', 'X9', 'X60', 'X62', 'X30', 'X39', 'X8', 'X42', 'X36', 'X6', 'X4'}
| | | | | +-- , 11 , {13, 21} , {'X33', 'X35', 'X2', 'X46', 'X61', 'X37', 'X9', 'X60', 'X62', 'X39', 'X42', 'X36', 'X5', 'X4'}
| | | | | | +-- , 13 , {19, 15} , {'X33', 'X62', 'X35', 'X39', 'X63', 'X43', 'X46', 'X42', 'X61', 'X36', 'X5'}
| | | | | | | +-- , 19 , set() , {'X63', 'X43', 'X42', 'X36', 'X64'}
| | | | | | | +-- , 15 , {17} , {'X39', 'X35', 'X38', 'X43', 'X42', 'X36', 'X5'}
| | | | | | | | +-- , 17 , set() , {'X35', 'X40', 'X38', 'X43', 'X41', 'X42', 'X36'}
| | | | | | +-- , 21 , {23} , {'X33', 'X3', 'X35', 'X1', 'X2', 'X36', 'X37'}
| | | | | | | +-- , 23 , {25} , {'X33', 'X3', 'X32', 'X35', 'X36', 'X37'}
| | | | | | | | +-- , 25 , set() , {'X32', 'X35', 'X34', 'X36', 'X37'}
| | | | +-- , 27 , {29} , {'X33', 'X39', 'X36', 'X47', 'X37', 'X11'}
| | | | | +-- , 29 , set() , {'X33', 'X48', 'X36', 'X47', 'X37'}
| | | | +-- , 31 , set() , {'X33', 'X36', 'X37', 'X45', 'X44'}


Max number of edges with non zero Y: 36
Max number of iterations of outer rounding loop: 1
Max number of candidate sets: 2
Time spent rounding: 6.448
Time spent solving Separator LP: 0.103
Total time spent solving: 11.257

LP Solver: gammaPlusFractionalCoverHeuristic
Lower Bound Witness = ({'X33', 'X40', 'X35', 'X38', 'X23', 'X55', 'X54', 'X7', 'X46', 'X4', 'X27', 'X14', 'X9', 'X24', 'X64', 'X11', 'X30', 'X20', 'X48', 'X29', 'X43', 'X41', 'X8', 'X42', 'X25', 'X36', 'X52', 'X47', 'X53', 'X18', 'X6', 'X22', 'X51', 'X15', 'X44', 'X16', 'X3', 'X59', 'X12', 'X2', 'X34', 'X61', 'X31', 'X37', 'X19', 'X45', 'X13', 'X60', 'X50', 'X21', 'X17', 'X10', 'X39', 'X49', 'X1', 'X32', 'X28', 'X58', 'X62', 'X63', 'X5', 'X56', 'X57', 'X26'}, {'X57', 'X18', 'X35', 'X15'})