27, 0, 9.0, 9
+-- , 0 , {3, 5, 39} , {'X33', 'X3', 'X55', 'X38', 'X54', 'X12', 'X37', 'X13', 'X21', 'X10', 'X20', 'X39', 'X29', 'X41', 'X58', 'X42', 'X36', 'X52', 'X5', 'X53', 'X18', 'X57'}
| +-- , 3 , set() , {'X33', 'X39', 'X49', 'X36', 'X13'}
| +-- , 5 , {7} , {'X33', 'X3', 'X55', 'X27', 'X37', 'X10', 'X20', 'X39', 'X29', 'X41', 'X42', 'X25', 'X36', 'X5', 'X57'}
| | +-- , 7 , {9, 35} , {'X33', 'X3', 'X10', 'X20', 'X39', 'X29', 'X41', 'X2', 'X42', 'X25', 'X27', 'X36', 'X5', 'X37', 'X4'}
| | | +-- , 9 , {11, 23} , {'X33', 'X23', 'X27', 'X37', 'X45', 'X10', 'X20', 'X39', 'X29', 'X43', 'X41', 'X42', 'X25', 'X36', 'X4'}
| | | | +-- , 11 , {13} , {'X33', 'X23', 'X61', 'X27', 'X37', 'X20', 'X39', 'X29', 'X43', 'X42', 'X25', 'X36', 'X22'}
| | | | | +-- , 13 , {15} , {'X33', 'X61', 'X27', 'X37', 'X24', 'X39', 'X29', 'X43', 'X28', 'X42', 'X25', 'X36', 'X22', 'X26'}
| | | | | | +-- , 15 , {17, 19} , {'X33', 'X62', 'X30', 'X39', 'X43', 'X28', 'X42', 'X61', 'X36', 'X31', 'X37'}
| | | | | | | +-- , 17 , set() , {'X42', 'X61', 'X31', 'X37', 'X60'}
| | | | | | | +-- , 19 , {21} , {'X33', 'X62', 'X63', 'X43', 'X42', 'X36'}
| | | | | | | | +-- , 21 , set() , {'X63', 'X43', 'X42', 'X36', 'X64'}
| | | | +-- , 23 , {25, 27} , {'X33', 'X37', 'X45', 'X11', 'X10', 'X39', 'X29', 'X43', 'X36', 'X47', 'X4'}
| | | | | +-- , 25 , set() , {'X33', 'X48', 'X36', 'X47', 'X37'}
| | | | | +-- , 27 , {29, 31} , {'X33', 'X10', 'X29', 'X43', 'X36', 'X37', 'X45', 'X6', 'X4', 'X11'}
| | | | | | +-- , 29 , set() , {'X33', 'X7', 'X29', 'X45', 'X6', 'X4', 'X44'}
| | | | | | +-- , 31 , {33} , {'X10', 'X43', 'X8', 'X36', 'X37', 'X6', 'X11'}
| | | | | | | +-- , 33 , set() , {'X43', 'X8', 'X46', 'X36', 'X37', 'X9', 'X6'}
| | | +-- , 35 , set() , {'X3', 'X2', 'X1'}
| +-- , 39 , {56, 41, 43, 47} , {'X33', 'X3', 'X35', 'X55', 'X12', 'X38', 'X54', 'X37', 'X39', 'X29', 'X58', 'X41', 'X42', 'X36', 'X52', 'X56', 'X18'}
| | +-- , 56 , set() , {'X40', 'X35', 'X38', 'X41', 'X42'}
| | +-- , 41 , set() , {'X35', 'X59', 'X58', 'X36', 'X37'}
| | +-- , 43 , {45} , {'X33', 'X3', 'X32', 'X35', 'X36', 'X37'}
| | | +-- , 45 , set() , {'X32', 'X35', 'X34', 'X36', 'X37'}
| | +-- , 47 , {50, 54} , {'X17', 'X16', 'X35', 'X39', 'X12', 'X29', 'X52', 'X37', 'X19', 'X18'}
| | | +-- , 50 , {52} , {'X16', 'X17', 'X35', 'X29', 'X12', 'X37', 'X50'}
| | | | +-- , 52 , set() , {'X16', 'X17', 'X12', 'X29', 'X14', 'X50', 'X15'}
| | | +-- , 54 , set() , {'X39', 'X35', 'X52', 'X19', 'X51'}


Max number of edges with non zero Y: 38
Max number of iterations of outer rounding loop: 1
Max number of candidate sets: 2
Time spent rounding: 5.958
Time spent solving Separator LP: 0.082
Total time spent solving: 10.042

LP Solver: gammaPlusFractionalCoverHeuristic
Lower Bound Witness = ({'X33', 'X40', 'X35', 'X38', 'X23', 'X55', 'X54', 'X7', 'X46', 'X4', 'X27', 'X14', 'X9', 'X24', 'X64', 'X11', 'X30', 'X20', 'X48', 'X29', 'X43', 'X41', 'X8', 'X42', 'X25', 'X36', 'X52', 'X47', 'X53', 'X18', 'X6', 'X22', 'X51', 'X15', 'X44', 'X16', 'X3', 'X59', 'X12', 'X2', 'X34', 'X61', 'X31', 'X37', 'X19', 'X45', 'X13', 'X60', 'X50', 'X21', 'X17', 'X10', 'X39', 'X49', 'X1', 'X32', 'X28', 'X58', 'X62', 'X63', 'X5', 'X56', 'X57', 'X26'}, {'X7', 'X38', 'X63', 'X55', 'X25'})