11, 1.6666661333333332, 5.0, 5
+-- , 0 , {23, 7, 25} , {'xL1J', 'xL7J', 'xL0J', 'xL16J', 'xL4J', 'xL19J', 'xL9J', 'xL3J', 'xL12J'}
| +-- , 23 , set() , {'xL18J', 'xL16J', 'xL1J'}
| +-- , 7 , {9} , {'xL7J', 'xL16J', 'xL19J', 'xL12J', 'xL0J', 'xL5J', 'xL4J', 'xL14J', 'xL9J', 'xL3J'}
| | +-- , 9 , {11} , {'xL16J', 'xL19J', 'xL12J', 'xL0J', 'xL5J', 'xL4J', 'xL14J', 'xL9J', 'xL3J', 'xL10J'}
| | | +-- , 11 , {13} , {'xL0J', 'xL16J', 'xL15J', 'xL5J', 'xL14J', 'xL19J', 'xL9J', 'xL3J', 'xL10J', 'xL12J'}
| | | | +-- , 13 , {15} , {'xL16J', 'xL15J', 'xL5J', 'xL14J', 'xL19J', 'xL9J', 'xL10J', 'xL8J', 'xL12J'}
| | | | | +-- , 15 , {17} , {'xL16J', 'xL14J', 'xL19J', 'xL10J', 'xL8J', 'xL12J', 'xL6J'}
| | | | | | +-- , 17 , {19, 21} , {'xL16J', 'xL14J', 'xL19J', 'xL11J', 'xL10J', 'xL12J', 'xL6J'}
| | | | | | | +-- , 19 , set() , {'xL16J', 'xL17J', 'xL11J', 'xL6J'}
| | | | | | | +-- , 21 , set() , {'xL12J', 'xL13J', 'xL19J', 'xL11J'}
| +-- , 25 , set() , {'xL0J', 'xL16J', 'xL4J', 'xL2J'}


Max number of edges with non zero Y: 14
Max number of iterations of outer rounding loop: 5
Max number of candidate sets: 2
Time spent rounding: 10.819
Time spent solving Separator LP: 0.226
Total time spent solving: 12.951

LP Solver: GaifmanNormal
Lower Bound Witness = ({'xL17J', 'xL0J', 'xL16J', 'xL15J', 'xL5J', 'xL14J', 'xL19J', 'xL9J', 'xL13J', 'xL3J', 'xL11J', 'xL10J', 'xL8J', 'xL12J', 'xL6J'}, {'xL0J', 'xL16J', 'xL5J', 'xL14J', 'xL19J', 'xL9J', 'xL3J', 'xL10J', 'xL12J'})