25, 1, 4.0, 4
+-- , 15 , {5} , {'35', '1', '0', '54'}
| +-- , 5 , {17, 3, 7} , {'48', '49', '54', '44', '62', '18', '0', '52', '38', '65', '9'}
| | +-- , 17 , {19} , {'68', '34', '62', '48', '61'}
| | | +-- , 19 , set() , {'62', '61', '42', '69'}
| | +-- , 3 , {0, 21} , {'29', '49', '54', '58', '22', '62', '38', '65'}
| | | +-- , 0 , {32, 23, 27, 30} , {'64', '27', '30', '49', '53', '7', '46', '58', '33', '62', '38', '65', '4', '21', '45'}
| | | | +-- , 32 , {33} , {'38', '30', '33', '7'}
| | | | | +-- , 33 , set() , {'32', '50', '7', '14'}
| | | | +-- , 23 , set() , {'65', '15', '51', '33'}
| | | | +-- , 27 , set() , {'30', '57', '64', '27'}
| | | | +-- , 30 , {31} , {'38', '30', '33', '7'}
| | | | | +-- , 31 , set() , {'38', '2', '31', '47'}
| | | +-- , 21 , set() , {'38', '70', '29'}
| | +-- , 7 , {9} , {'10', '49', '18', '0', '52', '38', '9'}
| | | +-- , 9 , {34, 11, 13} , {'41', '10', '49', '38', '9', '59', '13'}
| | | | +-- , 34 , {35} , {'41', '9', '59', '13'}
| | | | | +-- , 35 , set() , {'24', '36', '40', '13'}
| | | | +-- , 11 , {28} , {'38', '56', '39', '41'}
| | | | | +-- , 28 , {29} , {'38', '41', '39', '56'}
| | | | | | +-- , 29 , {37} , {'66', '56', '25', '41'}
| | | | | | | +-- , 37 , {36} , {'66', '56', '25', '41'}
| | | | | | | | +-- , 36 , {38} , {'25', '43', '11', '23'}
| | | | | | | | | +-- , 38 , {39} , {'25', '43', '11', '23'}
| | | | | | | | | | +-- , 39 , set() , {'6', '43', '20'}
| | | | +-- , 13 , set() , {'55', '10', '49', '59'}


Max number of edges with non zero Y: 16
Max number of iterations of outer rounding loop: 1
Max number of candidate sets: 2
Time spent rounding: 0.057
Time spent solving Separator LP: 0.013
Total time spent solving: 0.265

LP Solver: gammaPlusFractionalCoverHeuristic
Number of Rounding Attemps: 2
Lower Bound Witness = ({'64', '48', '49', '46', '34', '51', '59', '45', '41', '15', '7', '57', '39', '22', '4', '9', '1', '69', '10', '27', '30', '44', '70', '0', '52', '38', '65', '62', '42', '29', '53', '54', '61', '56', '68', '58', '35', '33', '18', '55', '21', '13'}, {'53', '57', '58', '62', '4'})