46, 0, 5.0, 5
+-- , 0 , {32, 97, 85, 5} , {'xL7JL4J', 'xL1JL9J', 'xL2JL9J', 'xL2JL5J', 'xL5JL9J', 'xL2JL10J', 'xL7JL1J', 'xL8JL4J', 'xL7JL5J', 'xL7JL6J', 'xL2JL8J', 'xL8JL6J', 'xL4JL9J', 'xL2JL6J', 'xL7JL3J', 'xL2JL7J', 'xL8JL5J', 'xL2JL11J', 'xL3JL9J', 'xL7JL2J', 'xL7JL7J', 'xL8JL7J'}
| +-- , 32 , {34} , {'xL4JL9J', 'xL11JL7J', 'xL9JL7J', 'xL10JL7J', 'xL5JL9J', 'xL7JL7J', 'xL8JL7J'}
| | +-- , 34 , {75, 37} , {'xL7JL12J', 'xL4JL9J', 'xL11JL7J', 'xL9JL7J', 'xL5JL9J', 'xL10JL7J', 'xL8JL12J', 'xL9JL12J'}
| | | +-- , 75 , {77} , {'xL9JL13J', 'xL9JL12J'}
| | | | +-- , 77 , {79} , {'xL10JL13J', 'xL9JL13J'}
| | | | | +-- , 79 , {81} , {'xL10JL13J', 'xL10JL15J', 'xL10JL14J'}
| | | | | | +-- , 81 , {83} , {'xL11JL14J', 'xL10JL15J', 'xL10JL14J'}
| | | | | | | +-- , 83 , set() , {'xL11JL14J', 'xL10JL15J', 'xL11JL15J'}
| | | +-- , 37 , {41} , {'xL11JL7J', 'xL5JL9J', 'xL4JL11J', 'xL4JL10J', 'xL4JL12J', 'xL6JL11J', 'xL7JL12J', 'xL4JL9J', 'xL9JL7J', 'xL10JL7J', 'xL8JL12J', 'xL6JL10J'}
| | | | +-- , 41 , {43, 63} , {'xL5JL10J', 'xL11JL7J', 'xL5JL9J', 'xL4JL11J', 'xL4JL10J', 'xL5JL11J', 'xL5JL14J', 'xL5JL13J', 'xL4JL12J', 'xL6JL11J', 'xL7JL12J', 'xL5JL12J', 'xL9JL7J', 'xL10JL7J', 'xL8JL12J', 'xL5JL15J', 'xL6JL10J'}
| | | | | +-- , 43 , {45} , {'xL5JL10J', 'xL11JL7J', 'xL4JL11J', 'xL4JL10J', 'xL5JL11J', 'xL5JL14J', 'xL5JL13J', 'xL7JL11J', 'xL6JL11J', 'xL7JL12J', 'xL7JL10J', 'xL9JL7J', 'xL10JL7J', 'xL8JL10J', 'xL8JL11J', 'xL8JL12J', 'xL5JL15J', 'xL6JL10J'}
| | | | | | +-- , 45 , {53, 47} , {'xL7JL13J', 'xL11JL7J', 'xL7JL9J', 'xL7JL14J', 'xL5JL14J', 'xL5JL13J', 'xL7JL15J', 'xL7JL11J', 'xL7JL12J', 'xL7JL10J', 'xL8JL9J', 'xL9JL7J', 'xL10JL7J', 'xL8JL10J', 'xL8JL11J', 'xL8JL12J', 'xL5JL15J'}
| | | | | | | +-- , 53 , {57, 55} , {'xL5JL14J', 'xL7JL15J', 'xL5JL13J', 'xL7JL13J', 'xL8JL14J', 'xL7JL14J', 'xL5JL15J'}
| | | | | | | | +-- , 57 , {59, 61} , {'xL5JL13J', 'xL5JL14J', 'xL6JL14J', 'xL4JL14J', 'xL7JL13J', 'xL8JL14J', 'xL7JL14J', 'xL5JL15J'}
| | | | | | | | | +-- , 59 , set() , {'xL5JL13J', 'xL7JL13J', 'xL6JL13J', 'xL6JL14J'}
| | | | | | | | | +-- , 61 , set() , {'xL4JL15J', 'xL5JL15J', 'xL4JL14J'}
| | | | | | | | +-- , 55 , set() , {'xL8JL15J', 'xL7JL15J', 'xL8JL14J'}
| | | | | | | +-- , 47 , {49} , {'xL10JL9J', 'xL8JL9J', 'xL9JL7J', 'xL11JL9J', 'xL11JL7J', 'xL10JL7J', 'xL7JL9J', 'xL9JL9J'}
| | | | | | | | +-- , 49 , {51} , {'xL11JL6J', 'xL10JL9J', 'xL11JL5J', 'xL11JL10J', 'xL11JL9J', 'xL11JL7J', 'xL9JL7J', 'xL10JL7J', 'xL11JL11J', 'xL9JL8J', 'xL9JL9J'}
| | | | | | | | | +-- , 51 , set() , {'xL11JL6J', 'xL10JL8J', 'xL10JL9J', 'xL10JL5J', 'xL11JL5J', 'xL11JL10J', 'xL10JL11J', 'xL10JL7J', 'xL11JL11J', 'xL9JL8J', 'xL10JL6J', 'xL10JL10J'}
| | | | | +-- , 63 , {65} , {'xL5JL12J', 'xL4JL12J', 'xL3JL12J'}
| | | | | | +-- , 65 , {67} , {'xL3JL13J', 'xL3JL12J'}
| | | | | | | +-- , 67 , {69} , {'xL3JL13J', 'xL2JL13J'}
| | | | | | | | +-- , 69 , {71} , {'xL2JL13J', 'xL2JL14J', 'xL2JL15J'}
| | | | | | | | | +-- , 71 , {73} , {'xL1JL15J', 'xL2JL14J', 'xL2JL15J'}
| | | | | | | | | | +-- , 73 , set() , {'xL1JL14J', 'xL1JL15J', 'xL2JL14J'}
| +-- , 97 , set() , {'xL1JL11J', 'xL1JL9J', 'xL2JL10J', 'xL2JL11J', 'xL1JL10J'}
| +-- , 85 , {87} , {'xL7JL4J', 'xL9JL4J', 'xL8JL4J'}
| | +-- , 87 , {89} , {'xL9JL4J', 'xL9JL3J'}
| | | +-- , 89 , {91} , {'xL10JL3J', 'xL9JL3J'}
| | | | +-- , 91 , {93} , {'xL10JL1J', 'xL10JL3J', 'xL10JL2J'}
| | | | | +-- , 93 , {95} , {'xL11JL1J', 'xL10JL1J', 'xL10JL2J'}
| | | | | | +-- , 95 , set() , {'xL11JL1J', 'xL11JL2J', 'xL10JL2J'}
| +-- , 5 , {7} , {'xL3JL8J', 'xL2JL5J', 'xL7JL5J', 'xL7JL1J', 'xL7JL6J', 'xL2JL8J', 'xL3JL7J', 'xL8JL6J', 'xL2JL6J', 'xL7JL3J', 'xL2JL7J', 'xL8JL5J', 'xL3JL9J', 'xL7JL2J'}
| | +-- , 7 , {9, 30} , {'xL1JL7J', 'xL2JL6J', 'xL7JL3J', 'xL2JL5J', 'xL2JL7J', 'xL5JL7J', 'xL7JL5J', 'xL7JL1J', 'xL4JL7J', 'xL8JL5J', 'xL7JL2J', 'xL7JL6J', 'xL3JL7J', 'xL8JL6J'}
| | | +-- , 9 , {12} , {'xL4JL6J', 'xL6JL5J', 'xL7JL5J', 'xL7JL1J', 'xL4JL7J', 'xL5JL6J', 'xL7JL6J', 'xL5JL5J', 'xL8JL6J', 'xL4JL5J', 'xL7JL3J', 'xL5JL7J', 'xL8JL5J', 'xL6JL6J', 'xL7JL2J'}
| | | | +-- , 12 , {26, 14} , {'xL4JL6J', 'xL4JL4J', 'xL5JL3J', 'xL4JL5J', 'xL7JL3J', 'xL5JL7J', 'xL5JL2J', 'xL5JL1J', 'xL7JL1J', 'xL5JL6J', 'xL4JL7J', 'xL7JL2J', 'xL5JL5J', 'xL5JL4J'}
| | | | | +-- , 26 , {28} , {'xL5JL3J', 'xL4JL1J', 'xL7JL2J', 'xL7JL3J', 'xL5JL2J', 'xL5JL1J', 'xL7JL1J', 'xL8JL1J', 'xL6JL3J'}
| | | | | | +-- , 28 , set() , {'xL4JL2J', 'xL8JL2J', 'xL4JL1J', 'xL7JL2J', 'xL5JL2J', 'xL8JL1J', 'xL6JL2J', 'xL6JL3J'}
| | | | | +-- , 14 , {16} , {'xL3JL4J', 'xL4JL4J', 'xL5JL4J'}
| | | | | | +-- , 16 , {18} , {'xL3JL3J', 'xL3JL4J'}
| | | | | | | +-- , 18 , {20} , {'xL3JL3J', 'xL2JL3J'}
| | | | | | | | +-- , 20 , {22} , {'xL2JL2J', 'xL2JL3J', 'xL2JL1J'}
| | | | | | | | | +-- , 22 , {24} , {'xL1JL1J', 'xL2JL2J', 'xL2JL1J'}
| | | | | | | | | | +-- , 24 , set() , {'xL2JL2J', 'xL1JL1J', 'xL1JL2J'}
| | | +-- , 30 , set() , {'xL1JL7J', 'xL1JL5J', 'xL2JL6J', 'xL2JL5J', 'xL1JL6J'}


Max number of edges with non zero Y: 38
Max number of iterations of outer rounding loop: 4
Max number of candidate sets: 2
Time spent rounding: 21.098
Time spent solving Separator LP: 0.170
Total time spent solving: 27.066

LP Solver: gammaPlusFractionalCoverHeuristic
Lower Bound Witness = ({'xL11JL5J', 'xL2JL15J', 'xL1JL1J', 'xL7JL6J', 'xL8JL15J', 'xL2JL6J', 'xL10JL7J', 'xL1JL6J', 'xL6JL13J', 'xL1JL7J', 'xL1JL5J', 'xL3JL8J', 'xL5JL9J', 'xL4JL7J', 'xL9JL12J', 'xL1JL11J', 'xL3JL3J', 'xL11JL11J', 'xL6JL6J', 'xL11JL1J', 'xL5JL3J', 'xL2JL5J', 'xL6JL5J', 'xL11JL2J', 'xL7JL9J', 'xL5JL6J', 'xL10JL10J', 'xL4JL12J', 'xL4JL4J', 'xL6JL11J', 'xL4JL14J', 'xL9JL7J', 'xL9JL4J', 'xL8JL11J', 'xL8JL10J', 'xL11JL6J', 'xL10JL5J', 'xL6JL14J', 'xL7JL5J', 'xL3JL12J', 'xL3JL7J', 'xL5JL5J', 'xL3JL4J', 'xL5JL4J', 'xL2JL1J', 'xL8JL6J', 'xL7JL10J', 'xL4JL5J', 'xL8JL9J', 'xL3JL9J', 'xL9JL8J', 'xL2JL2J', 'xL7JL2J', 'xL6JL3J', 'xL8JL7J', 'xL7JL4J', 'xL10JL8J', 'xL5JL10J', 'xL4JL6J', 'xL1JL2J', 'xL8JL2J', 'xL7JL13J', 'xL3JL13J', 'xL1JL15J', 'xL7JL14J', 'xL10JL2J', 'xL5JL14J', 'xL10JL13J', 'xL7JL15J', 'xL7JL11J', 'xL11JL9J', 'xL5JL2J', 'xL8JL5J', 'xL4JL2J', 'xL4JL1J', 'xL11JL10J', 'xL11JL7J', 'xL4JL15J', 'xL2JL10J', 'xL7JL1J', 'xL8JL14J', 'xL6JL2J', 'xL2JL8J', 'xL9JL9J', 'xL2JL3J', 'xL1JL14J', 'xL10JL15J', 'xL7JL3J', 'xL10JL11J', 'xL11JL14J', 'xL1JL10J', 'xL2JL9J', 'xL4JL11J', 'xL10JL3J', 'xL5JL11J', 'xL10JL6J', 'xL5JL13J', 'xL2JL14J', 'xL7JL12J', 'xL4JL9J', 'xL5JL12J', 'xL2JL7J', 'xL2JL13J', 'xL10JL1J', 'xL5JL15J', 'xL6JL10J', 'xL11JL15J', 'xL1JL9J', 'xL9JL3J', 'xL8JL4J', 'xL10JL14J', 'xL8JL1J', 'xL4JL10J', 'xL9JL13J', 'xL10JL9J', 'xL5JL7J', 'xL5JL1J', 'xL2JL11J', 'xL8JL12J', 'xL7JL7J'}, {'xL11JL15J', 'xL7JL5J', 'xL2JL2J', 'xL7JL6J', 'xL10JL6J'})