21, 4.5, 7.0, 7
+-- , 0 , {8, 43, 13, 45, 49, 47, 51} , {'xL31J', 'xL22J', 'xL35J', 'xL14J', 'xL16J', 'xL32J', 'xL39J', 'xL33J', 'xL12J', 'xL30J', 'xL27J', 'xL13J', 'xL4J', 'xL26J'}
| +-- , 8 , set() , {'xL12J', 'xL21J', 'xL35J'}
| +-- , 43 , set() , {'xL4J', 'xL22J', 'xL20J', 'xL14J'}
| +-- , 13 , {41, 17} , {'xL22J', 'xL35J', 'xL14J', 'xL16J', 'xL32J', 'xL39J', 'xL33J', 'xL12J', 'xL30J', 'xL13J', 'xL15J', 'xL8J', 'xL4J', 'xL26J'}
| | +-- , 41 , set() , {'xL39J', 'xL15J', 'xL30J', 'xL24J'}
| | +-- , 17 , {19} , {'xL22J', 'xL35J', 'xL14J', 'xL16J', 'xL19J', 'xL32J', 'xL39J', 'xL33J', 'xL30J', 'xL13J', 'xL15J', 'xL8J', 'xL4J', 'xL26J'}
| | | +-- , 19 , {21} , {'xL22J', 'xL35J', 'xL14J', 'xL16J', 'xL19J', 'xL32J', 'xL3J', 'xL39J', 'xL30J', 'xL13J', 'xL8J', 'xL4J', 'xL26J'}
| | | | +-- , 21 , {37, 23} , {'xL22J', 'xL35J', 'xL16J', 'xL19J', 'xL11J', 'xL32J', 'xL3J', 'xL39J', 'xL30J', 'xL13J', 'xL8J', 'xL4J', 'xL26J', 'xL38J'}
| | | | | +-- , 37 , {39} , {'xL16J', 'xL11J', 'xL1J', 'xL32J', 'xL3J', 'xL26J', 'xL38J'}
| | | | | | +-- , 39 , set() , {'xL1J', 'xL32J', 'xL29J', 'xL26J', 'xL38J'}
| | | | | +-- , 23 , {25} , {'xL30J', 'xL22J', 'xL35J', 'xL17J', 'xL11J', 'xL8J', 'xL39J', 'xL4J', 'xL38J'}
| | | | | | +-- , 25 , {27} , {'xL35J', 'xL11J', 'xL23J', 'xL37J', 'xL6J', 'xL39J', 'xL30J', 'xL17J', 'xL8J', 'xL10J', 'xL4J', 'xL38J'}
| | | | | | | +-- , 27 , {33, 35, 29} , {'xL30J', 'xL35J', 'xL34J', 'xL11J', 'xL23J', 'xL8J', 'xL37J', 'xL39J', 'xL10J', 'xL4J'}
| | | | | | | | +-- , 33 , set() , {'xL35J', 'xL34J', 'xL39J', 'xL10J', 'xL0J'}
| | | | | | | | +-- , 35 , set() , {'xL23J', 'xL5J', 'xL34J'}
| | | | | | | | +-- , 29 , {31} , {'xL30J', 'xL9J', 'xL35J', 'xL34J', 'xL8J', 'xL37J', 'xL4J', 'xL28J'}
| | | | | | | | | +-- , 31 , set() , {'xL30J', 'xL9J', 'xL8J', 'xL36J', 'xL28J'}
| +-- , 45 , set() , {'xL32J', 'xL2J', 'xL13J'}
| +-- , 49 , set() , {'xL30J', 'xL22J', 'xL7J'}
| +-- , 47 , set() , {'xL30J', 'xL16J', 'xL18J'}
| +-- , 51 , set() , {'xL26J', 'xL14J', 'xL25J'}


Max number of edges with non zero Y: 6
Max number of iterations of outer rounding loop: 0
Max number of candidate sets: 0
Time spent rounding: 0.000
Time spent solving Separator LP: 10.354

LP Solver: GaifmanNormalILP