20, 2.6483642093471964, 8.0, 8
+-- , 0 , {49, 5, 47} , {'xL30J', 'xL27J', 'xL17J', 'xL11J', 'xL34J', 'xL32J', 'xL37J', 'xL39J', 'xL10J', 'xL28J', 'xL26J', 'xL0J', 'xL38J'}
| +-- , 49 , set() , {'xL34J', 'xL17J', 'xL23J', 'xL5J', 'xL37J'}
| +-- , 5 , {45, 7} , {'xL22J', 'xL35J', 'xL11J', 'xL32J', 'xL37J', 'xL39J', 'xL0J', 'xL30J', 'xL27J', 'xL17J', 'xL10J', 'xL28J', 'xL26J', 'xL38J'}
| | +-- , 45 , set() , {'xL30J', 'xL22J', 'xL7J'}
| | +-- , 7 , {11, 43} , {'xL22J', 'xL35J', 'xL11J', 'xL32J', 'xL37J', 'xL39J', 'xL30J', 'xL27J', 'xL13J', 'xL8J', 'xL10J', 'xL28J', 'xL26J', 'xL38J'}
| | | +-- , 11 , {18, 41, 13} , {'xL22J', 'xL35J', 'xL11J', 'xL32J', 'xL37J', 'xL36J', 'xL39J', 'xL12J', 'xL30J', 'xL27J', 'xL13J', 'xL8J', 'xL4J', 'xL28J', 'xL26J', 'xL38J'}
| | | | +-- , 18 , {33, 35, 39, 37, 22} , {'xL12J', 'xL30J', 'xL22J', 'xL14J', 'xL27J', 'xL11J', 'xL15J', 'xL32J', 'xL8J', 'xL39J', 'xL4J', 'xL26J', 'xL38J'}
| | | | | +-- , 33 , set() , {'xL26J', 'xL14J', 'xL25J'}
| | | | | +-- , 35 , set() , {'xL12J', 'xL30J', 'xL31J', 'xL14J', 'xL39J'}
| | | | | +-- , 39 , set() , {'xL39J', 'xL15J', 'xL30J', 'xL24J'}
| | | | | +-- , 37 , set() , {'xL4J', 'xL22J', 'xL20J', 'xL14J'}
| | | | | +-- , 22 , {25, 31} , {'xL12J', 'xL30J', 'xL14J', 'xL27J', 'xL11J', 'xL15J', 'xL32J', 'xL8J', 'xL3J', 'xL4J', 'xL26J', 'xL38J', 'xL33J'}
| | | | | | +-- , 25 , {27} , {'xL12J', 'xL30J', 'xL11J', 'xL1J', 'xL32J', 'xL8J', 'xL3J', 'xL29J', 'xL4J', 'xL26J', 'xL38J', 'xL33J'}
| | | | | | | +-- , 27 , {29} , {'xL12J', 'xL30J', 'xL16J', 'xL1J', 'xL8J', 'xL4J', 'xL33J'}
| | | | | | | | +-- , 29 , set() , {'xL30J', 'xL16J', 'xL18J'}
| | | | | | +-- , 31 , set() , {'xL19J', 'xL15J', 'xL3J', 'xL38J', 'xL33J'}
| | | | +-- , 41 , set() , {'xL30J', 'xL9J', 'xL35J', 'xL36J', 'xL4J'}
| | | | +-- , 13 , set() , {'xL12J', 'xL21J', 'xL35J'}
| | | +-- , 43 , set() , {'xL32J', 'xL2J', 'xL13J'}
| +-- , 47 , set() , {'xL39J', 'xL10J', 'xL30J', 'xL6J'}


Max number of edges with non zero Y: 26
Max number of iterations of outer rounding loop: 6
Max number of candidate sets: 2
Time spent rounding: 39.959
Time spent solving Separator LP: 1.250

LP Solver: GaifmanNormal