8, 0, 5.367788461538463, 8
+-- , 0 , {3, 20} , {'xL19J', 'xL0J', 'xL28J', 'xL20J', 'xL27J', 'xL17J', 'xL32J', 'xL9J', 'xL26J', 'xL24J', 'xL3J', 'xL36J', 'xL35J', 'xL37J', 'xL16J', 'xL14J', 'xL30J', 'xL12J', 'xL39J', 'xL25J', 'xL22J', 'xL29J', 'xL38J', 'xL6J', 'xL11J', 'xL4J', 'xL5J', 'xL34J', 'xL1J', 'xL7J'}
| +-- , 3 , {7} , {'xL19J', 'xL28J', 'xL20J', 'xL27J', 'xL17J', 'xL32J', 'xL9J', 'xL26J', 'xL24J', 'xL3J', 'xL36J', 'xL35J', 'xL37J', 'xL16J', 'xL33J', 'xL14J', 'xL30J', 'xL12J', 'xL15J', 'xL39J', 'xL25J', 'xL22J', 'xL29J', 'xL38J', 'xL6J', 'xL11J', 'xL4J', 'xL5J', 'xL34J', 'xL31J', 'xL7J'}
| | +-- , 7 , {9} , {'xL19J', 'xL28J', 'xL20J', 'xL27J', 'xL17J', 'xL32J', 'xL9J', 'xL26J', 'xL24J', 'xL3J', 'xL36J', 'xL35J', 'xL37J', 'xL16J', 'xL33J', 'xL14J', 'xL30J', 'xL15J', 'xL39J', 'xL22J', 'xL29J', 'xL38J', 'xL6J', 'xL11J', 'xL4J', 'xL5J', 'xL34J', 'xL31J', 'xL2J', 'xL7J'}
| | | +-- , 9 , {16, 12, 14} , {'xL19J', 'xL28J', 'xL20J', 'xL27J', 'xL17J', 'xL32J', 'xL9J', 'xL26J', 'xL24J', 'xL3J', 'xL36J', 'xL35J', 'xL8J', 'xL37J', 'xL16J', 'xL33J', 'xL14J', 'xL30J', 'xL15J', 'xL10J', 'xL39J', 'xL22J', 'xL29J', 'xL38J', 'xL6J', 'xL11J', 'xL34J', 'xL5J', 'xL31J', 'xL2J', 'xL7J'}
| | | | +-- , 16 , set() , {'xL20J', 'xL27J', 'xL17J', 'xL24J', 'xL3J', 'xL36J', 'xL35J', 'xL8J', 'xL37J', 'xL14J', 'xL10J', 'xL39J', 'xL29J', 'xL11J', 'xL34J', 'xL31J', 'xL21J', 'xL2J', 'xL7J'}
| | | | +-- , 12 , set() , {'xL19J', 'xL28J', 'xL20J', 'xL27J', 'xL17J', 'xL32J', 'xL9J', 'xL3J', 'xL36J', 'xL35J', 'xL37J', 'xL2J', 'xL16J', 'xL33J', 'xL14J', 'xL30J', 'xL10J', 'xL39J', 'xL29J', 'xL6J', 'xL11J', 'xL31J', 'xL18J', 'xL7J'}
| | | | +-- , 14 , set() , {'xL9J', 'xL11J', 'xL16J', 'xL28J', 'xL26J', 'xL5J', 'xL14J', 'xL31J', 'xL8J', 'xL10J', 'xL3J', 'xL36J', 'xL35J', 'xL32J', 'xL13J'}
| +-- , 20 , set() , {'xL19J', 'xL0J', 'xL20J', 'xL23J', 'xL17J', 'xL32J', 'xL24J', 'xL3J', 'xL35J', 'xL37J', 'xL16J', 'xL14J', 'xL30J', 'xL39J', 'xL22J', 'xL29J', 'xL38J', 'xL6J', 'xL11J', 'xL5J', 'xL7J'}


Max number of edges with non zero Y: 31
Max number of iterations of outer rounding loop: 6
Max number of candidate sets: 2
Time spent rounding: 24.172
Time spent solving Separator LP: 0.065

LP Solver: gammaPlusFractionalCoverHeuristic9, 0, 5.381987577639752, 8
+-- , 0 , {16, 3} , {'xL19J', 'xL29J', 'xL9J', 'xL28J', 'xL35J', 'xL5J', 'xL1J', 'xL27J', 'xL25J', 'xL4J', 'xL33J', 'xL26J', 'xL30J', 'xL36J', 'xL3J', 'xL39J', 'xL20J', 'xL22J', 'xL38J', 'xL14J', 'xL7J', 'xL11J', 'xL31J', 'xL6J', 'xL32J', 'xL16J', 'xL34J', 'xL24J', 'xL37J', 'xL17J', 'xL12J'}
| +-- , 16 , {18} , {'xL19J', 'xL0J', 'xL29J', 'xL9J', 'xL28J', 'xL35J', 'xL5J', 'xL1J', 'xL27J', 'xL25J', 'xL4J', 'xL26J', 'xL30J', 'xL36J', 'xL3J', 'xL39J', 'xL20J', 'xL22J', 'xL38J', 'xL14J', 'xL7J', 'xL11J', 'xL6J', 'xL32J', 'xL16J', 'xL34J', 'xL24J', 'xL37J', 'xL17J', 'xL12J'}
| | +-- , 18 , set() , {'xL19J', 'xL0J', 'xL29J', 'xL35J', 'xL5J', 'xL30J', 'xL3J', 'xL39J', 'xL20J', 'xL22J', 'xL38J', 'xL17J', 'xL14J', 'xL7J', 'xL11J', 'xL6J', 'xL32J', 'xL16J', 'xL24J', 'xL37J', 'xL23J'}
| +-- , 3 , {6} , {'xL19J', 'xL29J', 'xL9J', 'xL28J', 'xL35J', 'xL5J', 'xL27J', 'xL25J', 'xL4J', 'xL33J', 'xL26J', 'xL30J', 'xL15J', 'xL36J', 'xL3J', 'xL10J', 'xL39J', 'xL20J', 'xL22J', 'xL38J', 'xL14J', 'xL7J', 'xL11J', 'xL31J', 'xL6J', 'xL32J', 'xL16J', 'xL34J', 'xL24J', 'xL37J', 'xL17J', 'xL12J'}
| | +-- , 6 , {8, 10} , {'xL19J', 'xL29J', 'xL9J', 'xL28J', 'xL35J', 'xL5J', 'xL27J', 'xL2J', 'xL4J', 'xL33J', 'xL26J', 'xL30J', 'xL15J', 'xL36J', 'xL3J', 'xL10J', 'xL39J', 'xL20J', 'xL22J', 'xL38J', 'xL14J', 'xL7J', 'xL11J', 'xL31J', 'xL6J', 'xL32J', 'xL16J', 'xL34J', 'xL24J', 'xL37J', 'xL17J'}
| | | +-- , 8 , set() , {'xL19J', 'xL29J', 'xL9J', 'xL28J', 'xL35J', 'xL27J', 'xL2J', 'xL33J', 'xL30J', 'xL36J', 'xL3J', 'xL10J', 'xL39J', 'xL20J', 'xL14J', 'xL7J', 'xL11J', 'xL31J', 'xL18J', 'xL6J', 'xL32J', 'xL16J', 'xL37J', 'xL17J'}
| | | +-- , 10 , {12, 14} , {'xL29J', 'xL9J', 'xL28J', 'xL35J', 'xL5J', 'xL27J', 'xL2J', 'xL26J', 'xL8J', 'xL15J', 'xL36J', 'xL3J', 'xL10J', 'xL39J', 'xL20J', 'xL22J', 'xL14J', 'xL7J', 'xL11J', 'xL31J', 'xL32J', 'xL16J', 'xL34J', 'xL24J', 'xL37J', 'xL17J'}
| | | | +-- , 12 , set() , {'xL3J', 'xL31J', 'xL10J', 'xL32J', 'xL9J', 'xL13J', 'xL16J', 'xL14J', 'xL28J', 'xL26J', 'xL8J', 'xL35J', 'xL5J', 'xL36J', 'xL11J'}
| | | | +-- , 14 , set() , {'xL29J', 'xL35J', 'xL27J', 'xL2J', 'xL8J', 'xL36J', 'xL3J', 'xL10J', 'xL39J', 'xL20J', 'xL14J', 'xL7J', 'xL11J', 'xL31J', 'xL34J', 'xL24J', 'xL21J', 'xL37J', 'xL17J'}


Max number of edges with non zero Y: 30
Max number of iterations of outer rounding loop: 5
Max number of candidate sets: 2
Time spent rounding: 13.674
Time spent solving Separator LP: 0.098

LP Solver: gammaPlusFractionalCoverHeuristic