13, 2.4756761739320026, 6.5, 7
+-- , 0 , {6, 27, 29} , {'xL15J', 'xL2J', 'xL17J', 'xL7J', 'xL20J', 'xL6J', 'xL1J', 'xL22J', 'xL10J', 'xL24J', 'xL19J', 'xL14J'}
| +-- , 6 , {9, 11} , {'xL15J', 'xL7J', 'xL12J', 'xL20J', 'xL10J', 'xL19J', 'xL2J', 'xL17J', 'xL1J', 'xL22J', 'xL18J', 'xL24J', 'xL14J'}
| | +-- , 9 , set() , {'xL15J', 'xL17J', 'xL5J', 'xL12J', 'xL1J', 'xL22J', 'xL18J', 'xL19J'}
| | +-- , 11 , {13} , {'xL15J', 'xL7J', 'xL12J', 'xL20J', 'xL10J', 'xL19J', 'xL2J', 'xL17J', 'xL1J', 'xL18J', 'xL24J', 'xL14J', 'xL8J'}
| | | +-- , 13 , {15} , {'xL15J', 'xL13J', 'xL12J', 'xL20J', 'xL10J', 'xL19J', 'xL2J', 'xL17J', 'xL1J', 'xL18J', 'xL24J', 'xL14J', 'xL8J'}
| | | | +-- , 15 , {17, 23} , {'xL15J', 'xL13J', 'xL8J', 'xL12J', 'xL20J', 'xL10J', 'xL2J', 'xL17J', 'xL1J', 'xL18J', 'xL24J', 'xL14J', 'xL3J'}
| | | | | +-- , 17 , {19, 21} , {'xL13J', 'xL17J', 'xL20J', 'xL11J', 'xL1J', 'xL18J', 'xL10J', 'xL24J', 'xL14J', 'xL3J'}
| | | | | | +-- , 19 , set() , {'xL13J', 'xL23J', 'xL11J', 'xL1J', 'xL14J'}
| | | | | | +-- , 21 , set() , {'xL13J', 'xL0J', 'xL20J', 'xL11J', 'xL10J', 'xL24J'}
| | | | | +-- , 23 , {25} , {'xL15J', 'xL2J', 'xL17J', 'xL9J', 'xL12J', 'xL20J', 'xL3J', 'xL8J'}
| | | | | | +-- , 25 , set() , {'xL4J', 'xL15J', 'xL9J', 'xL12J'}
| +-- , 27 , set() , {'xL10J', 'xL21J'}
| +-- , 29 , set() , {'xL16J', 'xL20J', 'xL6J'}


Max number of edges with non zero Y: 23
Max number of iterations of outer rounding loop: 7
Max number of candidate sets: 2
Time spent rounding: 39.559
Time spent solving Separator LP: 0.591
Total time spent solving: 44.044

LP Solver: GaifmanNormal
Lower Bound Witness = ({'xL15J', 'xL13J', 'xL23J', 'xL7J', 'xL20J', 'xL10J', 'xL0J', 'xL6J', 'xL11J', 'xL4J', 'xL14J', 'xL8J', 'xL5J', 'xL12J', 'xL16J', 'xL19J', 'xL2J', 'xL17J', 'xL9J', 'xL21J', 'xL1J', 'xL22J', 'xL18J', 'xL24J', 'xL3J'}, {'xL13J', 'xL23J', 'xL7J', 'xL20J', 'xL0J', 'xL6J', 'xL11J', 'xL4J', 'xL14J', 'xL5J', 'xL12J', 'xL16J', 'xL2J', 'xL17J', 'xL21J', 'xL1J', 'xL22J', 'xL18J', 'xL24J', 'xL3J'})