72, 3.239681173614601, 8.0, 8
+-- , 0 , {131, 5, 133, 135, 111, 145, 147, 119, 121, 123} , {'xL6J', 'yL6J', 'zL0J', 'zL4J', 'zL24J', 'xL8J', 'zL38J', 'xL9J', 'zL1J', 'zL39J', 'xL1J', 'xL3J', 'xL0J', 'zL5J', 'zL47J', 'xL4J'}
| +-- , 131 , set() , {'xL6J', 'yL4J', 'zL17J', 'zL19J', 'xL1J', 'xL3J', 'w7', 'zL16J', 'xL8J', 'zL18J', 'xL4J'}
| +-- , 5 , {7} , {'xL6J', 'zL24J', 'xL8J', 'zL38J', 'xL9J', 'zL1J', 'xL1J', 'xL3J', 'zL5J', 'xL0J', 'zL28J', 'yL7J', 'zL47J', 'xL4J'}
| | +-- , 7 , {9, 109} , {'xL6J', 'zL24J', 'zL37J', 'zL25J', 'xL8J', 'zL38J', 'xL9J', 'zL31J', 'zL1J', 'xL1J', 'zL6J', 'zL30J', 'xL3J', 'zL5J', 'xL0J', 'zL28J', 'zL47J', 'xL4J'}
| | | +-- , 9 , {11, 103} , {'xL6J', 'zL37J', 'zL54J', 'zL25J', 'xL8J', 'xL9J', 'zL31J', 'zL1J', 'xL1J', 'zL6J', 'xL3J', 'xL0J', 'zL55J', 'zL47J', 'xL4J'}
| | | | +-- , 11 , {101, 15} , {'xL6J', 'zL37J', 'zL25J', 'xL8J', 'xL9J', 'zL75J', 'zL31J', 'zL74J', 'zL1J', 'xL3J', 'zL6J', 'xL1J', 'xL0J', 'zL55J', 'zL47J', 'xL4J'}
| | | | | +-- , 101 , set() , {'w21', 'zL75J', 'xL3J'}
| | | | | +-- , 15 , {99, 17, 87, 91, 93, 95} , {'xL6J', 'zL37J', 'zL25J', 'xL8J', 'xL9J', 'zL31J', 'zL74J', 'xL7J', 'zL1J', 'xL1J', 'zL6J', 'xL3J', 'xL0J', 'zL2J', 'zL55J', 'zL47J', 'xL4J'}
| | | | | | +-- , 99 , set() , {'w16', 'zL55J', 'xL7J'}
| | | | | | +-- , 17 , {19} , {'xL6J', 'zL59J', 'zL25J', 'xL8J', 'xL9J', 'w17', 'zL74J', 'xL7J', 'zL79J', 'xL1J', 'zL6J', 'xL3J', 'xL0J', 'zL47J', 'w22', 'xL4J'}
| | | | | | | +-- , 19 , {21} , {'xL6J', 'zL59J', 'zL25J', 'xL8J', 'zL40J', 'xL9J', 'zL58J', 'xL2J', 'zL74J', 'xL7J', 'zL79J', 'xL1J', 'zL6J', 'xL0J', 'yL10J', 'zL47J', 'xL4J'}
| | | | | | | | +-- , 21 , {85, 23} , {'zL26J', 'xL6J', 'zL8J', 'zL25J', 'xL8J', 'zL40J', 'xL9J', 'zL58J', 'xL2J', 'xL7J', 'zL74J', 'zL79J', 'zL78J', 'xL1J', 'zL6J', 'xL0J', 'zL9J', 'zL47J', 'xL4J'}
| | | | | | | | | +-- , 85 , set() , {'xL9J', 'yL2J', 'zL8J'}
| | | | | | | | | +-- , 23 , {35, 71, 43, 75, 81, 51, 25, 31, 61, 63} , {'zL26J', 'xL6J', 'xL8J', 'zL40J', 'xL9J', 'zL58J', 'xL2J', 'zL10J', 'xL7J', 'zL74J', 'xL5J', 'zL78J', 'xL1J', 'zL6J', 'xL0J', 'zL9J', 'zL47J'}
| | | | | | | | | | +-- , 35 , {37, 39} , {'zL12J', 'xL5J', 'xL1J', 'zL13J', 'xL8J', 'xL9J', 'xL2J'}
| | | | | | | | | | | +-- , 37 , set() , {'zL12J', 'xL1J', 'yL3J'}
| | | | | | | | | | | +-- , 39 , {41} , {'xL8J', 'zL15J', 'xL5J', 'zL14J', 'zL13J', 'xL2J'}
| | | | | | | | | | | | +-- , 41 , set() , {'zL15J', 'w6', 'xL5J'}
| | | | | | | | | | +-- , 71 , {73} , {'xL0J', 'zL73J', 'zL74J', 'xL5J', 'xL2J'}
| | | | | | | | | | | +-- , 73 , set() , {'zL73J', 'zL72J', 'xL0J', 'yL18J', 'xL2J'}
| | | | | | | | | | +-- , 43 , {45} , {'xL6J', 'xL5J', 'zL46J', 'xL1J', 'xL8J', 'zL47J'}
| | | | | | | | | | | +-- , 45 , {47} , {'xL6J', 'xL8J', 'zL45J', 'zL46J', 'xL1J'}
| | | | | | | | | | | | +-- , 47 , {49} , {'zL44J', 'zL45J', 'xL8J', 'xL1J'}
| | | | | | | | | | | | | +-- , 49 , set() , {'xL8J', 'zL44J', 'yL11J'}
| | | | | | | | | | +-- , 75 , {77} , {'xL0J', 'zL77J', 'xL5J', 'zL78J', 'xL1J'}
| | | | | | | | | | | +-- , 77 , {79} , {'xL0J', 'zL77J', 'xL5J', 'zL76J'}
| | | | | | | | | | | | +-- , 79 , set() , {'yL19J', 'zL76J', 'xL5J'}
| | | | | | | | | | +-- , 81 , {83} , {'zL26J', 'xL6J', 'xL5J', 'zL27J'}
| | | | | | | | | | | +-- , 83 , set() , {'zL27J', 'w9', 'xL6J'}
| | | | | | | | | | +-- , 51 , {59, 53} , {'zL62J', 'xL5J', 'xL1J', 'zL63J', 'xL0J', 'xL8J', 'xL2J'}
| | | | | | | | | | | +-- , 59 , set() , {'w18', 'xL5J', 'zL63J'}
| | | | | | | | | | | +-- , 53 , {55} , {'xL0J', 'zL61J', 'zL62J', 'xL8J', 'xL2J'}
| | | | | | | | | | | | +-- , 55 , {57} , {'zL61J', 'xL8J', 'zL60J', 'xL2J'}
| | | | | | | | | | | | | +-- , 57 , set() , {'yL15J', 'zL60J', 'xL2J'}
| | | | | | | | | | +-- , 25 , {27} , {'xL0J', 'xL6J', 'xL5J', 'zL58J', 'zL57J'}
| | | | | | | | | | | +-- , 27 , {29} , {'xL0J', 'zL56J', 'xL5J', 'zL57J'}
| | | | | | | | | | | | +-- , 29 , set() , {'yL14J', 'xL0J', 'zL56J'}
| | | | | | | | | | +-- , 31 , {33} , {'xL5J', 'zL7J', 'zL6J', 'xL2J'}
| | | | | | | | | | | +-- , 33 , set() , {'xL5J', 'w4', 'zL7J'}
| | | | | | | | | | +-- , 61 , set() , {'zL10J', 'zL11J', 'xL0J', 'xL8J', 'w5'}
| | | | | | | | | | +-- , 63 , {65} , {'xL7J', 'xL5J', 'zL41J', 'xL0J', 'zL40J', 'xL2J'}
| | | | | | | | | | | +-- , 65 , {67} , {'xL0J', 'xL2J', 'xL5J', 'zL42J', 'zL41J'}
| | | | | | | | | | | | +-- , 67 , {69} , {'xL0J', 'zL43J', 'zL42J', 'xL2J'}
| | | | | | | | | | | | | +-- , 69 , set() , {'w13', 'zL43J', 'xL2J'}
| | | | | | +-- , 87 , {89} , {'zL2J', 'xL8J', 'xL9J', 'zL3J'}
| | | | | | | +-- , 89 , set() , {'xL8J', 'w3', 'zL3J'}
| | | | | | +-- , 91 , set() , {'w10', 'zL31J', 'xL7J'}
| | | | | | +-- , 93 , set() , {'zL50J', 'zL49J', 'zL48J', 'xL7J', 'zL51J', 'xL1J', 'yL12J', 'xL0J', 'w15', 'xL9J', 'xL4J'}
| | | | | | +-- , 95 , {97} , {'zL36J', 'zL37J', 'xL7J', 'xL8J'}
| | | | | | | +-- , 97 , set() , {'xL8J', 'yL9J', 'zL36J'}
| | | | +-- , 103 , {105} , {'zL54J', 'xL8J', 'zL53J', 'xL1J', 'xL4J'}
| | | | | +-- , 105 , {107} , {'xL8J', 'zL52J', 'zL53J', 'xL1J'}
| | | | | | +-- , 107 , set() , {'xL1J', 'zL52J', 'yL13J'}
| | | +-- , 109 , set() , {'zL30J', 'xL0J', 'zL28J', 'zL29J', 'xL8J'}
| +-- , 133 , set() , {'zL39J', 'w12', 'xL4J'}
| +-- , 135 , {137, 143} , {'zL21J', 'xL6J', 'xL1J', 'xL3J', 'xL0J', 'zL20J', 'xL9J'}
| | +-- , 137 , {139} , {'zL21J', 'xL6J', 'zL22J', 'xL1J', 'xL3J'}
| | | +-- , 139 , {141} , {'xL6J', 'zL22J', 'zL23J', 'xL3J'}
| | | | +-- , 141 , set() , {'w8', 'zL23J', 'xL3J'}
| | +-- , 143 , set() , {'xL9J', 'yL5J', 'zL20J'}
| +-- , 111 , {113, 117} , {'zL66J', 'xL3J', 'zL67J', 'xL0J', 'xL8J', 'xL9J', 'xL4J'}
| | +-- , 113 , {115} , {'zL66J', 'xL0J', 'zL65J', 'zL64J', 'xL8J', 'xL3J'}
| | | +-- , 115 , set() , {'xL3J', 'yL16J', 'zL64J'}
| | +-- , 117 , set() , {'xL9J', 'w19', 'zL67J'}
| +-- , 145 , set() , {'yL1J', 'xL4J', 'zL4J'}
| +-- , 147 , set() , {'zL0J', 'xL4J', 'yL0J'}
| +-- , 119 , set() , {'xL6J', 'xL8J', 'xL3J', 'yL17J', 'zL70J', 'xL0J', 'zL69J', 'zL71J', 'w20', 'zL68J', 'xL4J'}
| +-- , 121 , set() , {'xL0J', 'zL47J', 'w14'}
| +-- , 123 , {129, 125} , {'zL35J', 'xL6J', 'xL1J', 'xL0J', 'zL34J', 'xL8J', 'xL9J'}
| | +-- , 129 , set() , {'zL35J', 'xL9J', 'w11'}
| | +-- , 125 , {127} , {'xL0J', 'zL32J', 'xL6J', 'zL34J', 'zL33J', 'xL1J'}
| | | +-- , 127 , set() , {'yL8J', 'zL32J', 'xL1J'}


Max number of edges with non zero Y: 30
Max number of iterations of outer rounding loop: 4
Max number of candidate sets: 2
Time spent rounding: 11.440
Time spent solving Separator LP: 9.593
Total time spent solving: 27.435

LP Solver: GaifmanBoosted
Lower Bound Witness = ({'yL15J', 'zL50J', 'zL65J', 'w19', 'zL37J', 'zL71J', 'zL40J', 'zL39J', 'xL0J', 'zL22J', 'yL2J', 'w10', 'zL23J', 'zL44J', 'zL49J', 'w6', 'zL17J', 'zL0J', 'yL18J', 'w3', 'w13', 'xL9J', 'zL75J', 'zL21J', 'w8', 'yL19J', 'zL6J', 'zL63J', 'w7', 'zL55J', 'yL0J', 'zL47J', 'zL26J', 'yL4J', 'zL46J', 'zL24J', 'zL64J', 'w12', 'zL76J', 'xL2J', 'w11', 'yL11J', 'zL77J', 'zL60J', 'zL1J', 'w5', 'xL6J', 'yL5J', 'zL7J', 'zL45J', 'yL14J', 'w15', 'zL3J', 'zL12J', 'xL7J', 'zL74J', 'zL11J', 'xL3J', 'yL17J', 'zL5J', 'yL16J', 'w16', 'zL67J', 'zL62J', 'zL27J', 'zL4J', 'w4', 'yL12J', 'zL32J', 'zL43J', 'zL54J', 'zL33J', 'zL35J', 'xL5J', 'zL51J', 'xL1J', 'zL13J', 'zL30J', 'zL78J', 'zL42J', 'xL4J', 'zL57J', 'yL6J', 'zL52J', 'zL72J', 'w9', 'zL8J', 'zL70J', 'zL36J', 'zL25J', 'w20', 'xL8J', 'yL3J', 'zL14J', 'zL19J', 'yL8J', 'zL61J', 'yL10J', 'zL2J', 'zL56J', 'zL68J', 'yL13J', 'w21', 'w18', 'zL29J', 'zL20J', 'zL18J', 'zL48J', 'zL66J', 'zL10J', 'zL31J', 'w17', 'yL9J', 'zL69J', 'zL28J', 'zL9J', 'yL7J', 'w14', 'w22', 'zL15J', 'zL41J', 'zL59J', 'zL34J', 'yL1J', 'zL38J', 'zL58J', 'zL73J', 'zL79J', 'zL53J', 'zL16J'}, {'zL27J', 'zL24J', 'zL71J', 'w12', 'zL76J', 'zL39J', 'xL1J', 'zL13J', 'zL30J', 'zL60J', 'w14', 'xL4J', 'xL6J', 'zL15J', 'w6', 'yL14J', 'zL70J', 'zL34J', 'zL25J', 'xL8J', 'yL1J', 'w20', 'w13', 'zL21J', 'w7', 'zL55J', 'yL0J', 'zL68J'})