69, 3.339313264708976, 8.0, 8
+-- , 0 , {97, 129, 99, 5, 137, 107, 117, 119, 85, 87, 125, 95} , {'xL6J', 'zL17J', 'xL8J', 'xL9J', 'zL75J', 'xL2J', 'zL21J', 'xL7J', 'xL5J', 'xL1J', 'zL6J', 'xL0J', 'zL5J', 'zL16J'}
| +-- , 97 , set() , {'zL44J', 'xL6J', 'zL45J', 'zL46J', 'xL5J', 'xL1J', 'yL11J', 'xL0J', 'xL8J', 'zL47J', 'w14'}
| +-- , 129 , {131, 133} , {'xL7J', 'xL5J', 'zL78J', 'xL1J', 'xL0J', 'zL77J', 'xL9J'}
| | +-- , 131 , set() , {'xL7J', 'zL79J', 'zL78J', 'w22', 'xL9J'}
| | +-- , 133 , {135} , {'xL0J', 'zL77J', 'xL5J', 'zL76J'}
| | | +-- , 135 , set() , {'yL19J', 'zL76J', 'xL5J'}
| +-- , 99 , {105, 101} , {'zL35J', 'xL6J', 'xL1J', 'xL0J', 'zL34J', 'xL8J', 'xL9J'}
| | +-- , 105 , set() , {'zL35J', 'xL9J', 'w11'}
| | +-- , 101 , {103} , {'xL0J', 'zL32J', 'xL6J', 'zL34J', 'zL33J', 'xL1J'}
| | | +-- , 103 , set() , {'yL8J', 'zL32J', 'xL1J'}
| +-- , 5 , {83, 7} , {'xL6J', 'zL17J', 'zL36J', 'zL37J', 'xL8J', 'xL9J', 'zL75J', 'xL2J', 'zL21J', 'xL7J', 'xL5J', 'xL1J', 'zL5J', 'xL0J'}
| | +-- , 83 , set() , {'xL8J', 'yL9J', 'zL36J'}
| | +-- , 7 , {9, 11} , {'xL6J', 'zL17J', 'zL37J', 'xL8J', 'zL38J', 'xL9J', 'zL75J', 'xL2J', 'zL21J', 'xL7J', 'xL5J', 'zL39J', 'xL1J', 'zL5J', 'xL0J', 'zL56J', 'zL57J'}
| | | +-- , 9 , set() , {'yL14J', 'xL0J', 'zL56J'}
| | | +-- , 11 , {13} , {'xL6J', 'zL17J', 'zL37J', 'zL59J', 'xL8J', 'zL38J', 'xL9J', 'zL75J', 'zL58J', 'xL2J', 'zL21J', 'xL7J', 'xL5J', 'zL39J', 'xL1J', 'zL5J', 'xL0J', 'zL57J'}
| | | | +-- , 13 , {75, 77, 15} , {'xL6J', 'zL17J', 'zL37J', 'zL59J', 'xL8J', 'zL38J', 'xL9J', 'zL75J', 'zL21J', 'w17', 'xL7J', 'xL5J', 'zL39J', 'xL1J', 'xL3J', 'zL5J', 'xL0J'}
| | | | | +-- , 75 , set() , {'w21', 'zL75J', 'xL3J'}
| | | | | +-- , 77 , {79} , {'zL21J', 'xL6J', 'zL22J', 'xL1J', 'xL3J'}
| | | | | | +-- , 79 , {81} , {'xL6J', 'zL22J', 'zL23J', 'xL3J'}
| | | | | | | +-- , 81 , set() , {'w8', 'zL23J', 'xL3J'}
| | | | | +-- , 15 , {17} , {'xL6J', 'zL17J', 'zL4J', 'yL12J', 'zL71J', 'xL8J', 'w20', 'zL48J', 'xL9J', 'xL7J', 'xL5J', 'zL39J', 'xL1J', 'xL3J', 'zL5J', 'xL0J'}
| | | | | | +-- , 17 , {19, 23} , {'xL6J', 'zL17J', 'zL4J', 'zL71J', 'xL8J', 'zL48J', 'xL9J', 'xL7J', 'xL5J', 'zL39J', 'xL1J', 'xL3J', 'xL0J', 'zL2J', 'zL1J'}
| | | | | | | +-- , 19 , {21} , {'zL2J', 'xL8J', 'xL9J', 'zL3J'}
| | | | | | | | +-- , 21 , set() , {'xL8J', 'w3', 'zL3J'}
| | | | | | | +-- , 23 , {73, 25} , {'xL6J', 'zL17J', 'zL4J', 'zL71J', 'xL8J', 'zL48J', 'xL9J', 'zL10J', 'xL7J', 'xL5J', 'zL11J', 'zL39J', 'xL1J', 'xL3J', 'xL0J', 'zL9J', 'zL1J'}
| | | | | | | | +-- , 73 , set() , {'xL0J', 'zL11J', 'w5'}
| | | | | | | | +-- , 25 , {35, 69, 37, 71, 27, 43, 45, 53, 55, 59} , {'xL6J', 'zL17J', 'zL4J', 'zL8J', 'zL71J', 'xL8J', 'zL48J', 'xL9J', 'xL7J', 'zL39J', 'xL1J', 'xL3J', 'xL0J', 'zL9J', 'zL1J', 'xL4J'}
| | | | | | | | | +-- , 35 , set() , {'xL6J', 'zL31J', 'xL7J', 'xL8J', 'zL30J', 'xL0J', 'zL28J', 'zL29J', 'w10', 'yL7J', 'xL4J'}
| | | | | | | | | +-- , 69 , set() , {'yL1J', 'xL4J', 'zL4J'}
| | | | | | | | | +-- , 37 , {39} , {'zL50J', 'zL49J', 'zL48J', 'xL7J', 'xL0J', 'xL9J', 'xL4J'}
| | | | | | | | | | +-- , 39 , {41} , {'zL50J', 'xL7J', 'zL51J', 'xL9J'}
| | | | | | | | | | | +-- , 41 , set() , {'zL51J', 'xL7J', 'w15'}
| | | | | | | | | +-- , 71 , set() , {'xL9J', 'yL2J', 'zL8J'}
| | | | | | | | | +-- , 27 , {33, 29} , {'zL66J', 'xL3J', 'zL67J', 'xL0J', 'xL8J', 'xL9J', 'xL4J'}
| | | | | | | | | | +-- , 33 , set() , {'xL9J', 'w19', 'zL67J'}
| | | | | | | | | | +-- , 29 , {31} , {'zL66J', 'xL0J', 'zL65J', 'zL64J', 'xL8J', 'xL3J'}
| | | | | | | | | | | +-- , 31 , set() , {'xL3J', 'yL16J', 'zL64J'}
| | | | | | | | | +-- , 43 , set() , {'zL17J', 'zL19J', 'xL3J', 'w7', 'xL8J', 'zL18J', 'xL4J'}
| | | | | | | | | +-- , 45 , {47} , {'xL6J', 'xL3J', 'zL70J', 'zL71J', 'xL8J', 'xL4J'}
| | | | | | | | | | +-- , 47 , {49} , {'zL70J', 'zL69J', 'xL6J', 'xL8J', 'xL3J'}
| | | | | | | | | | | +-- , 49 , {51} , {'zL69J', 'xL6J', 'xL8J', 'zL68J'}
| | | | | | | | | | | | +-- , 51 , set() , {'xL8J', 'zL68J', 'yL17J'}
| | | | | | | | | +-- , 53 , set() , {'zL39J', 'w12', 'xL4J'}
| | | | | | | | | +-- , 55 , {57} , {'xL1J', 'zL1J', 'zL0J', 'xL4J'}
| | | | | | | | | | +-- , 57 , set() , {'zL0J', 'xL4J', 'yL0J'}
| | | | | | | | | +-- , 59 , {67, 61} , {'xL6J', 'xL7J', 'xL1J', 'zL54J', 'zL55J', 'xL8J', 'xL4J'}
| | | | | | | | | | +-- , 67 , set() , {'w16', 'zL55J', 'xL7J'}
| | | | | | | | | | +-- , 61 , {63} , {'zL54J', 'xL8J', 'zL53J', 'xL1J', 'xL4J'}
| | | | | | | | | | | +-- , 63 , {65} , {'xL8J', 'zL52J', 'zL53J', 'xL1J'}
| | | | | | | | | | | | +-- , 65 , set() , {'xL1J', 'zL52J', 'yL13J'}
| +-- , 137 , {139} , {'xL0J', 'zL21J', 'zL20J', 'xL9J'}
| | +-- , 139 , set() , {'xL9J', 'yL5J', 'zL20J'}
| +-- , 107 , {115, 109} , {'zL62J', 'xL5J', 'xL1J', 'zL63J', 'xL0J', 'xL8J', 'xL2J'}
| | +-- , 115 , set() , {'w18', 'xL5J', 'zL63J'}
| | +-- , 109 , {111} , {'xL0J', 'zL61J', 'zL62J', 'xL8J', 'xL2J'}
| | | +-- , 111 , {113} , {'zL61J', 'xL8J', 'zL60J', 'xL2J'}
| | | | +-- , 113 , set() , {'yL15J', 'zL60J', 'xL2J'}
| +-- , 117 , set() , {'zL26J', 'yL6J', 'xL6J', 'xL7J', 'xL5J', 'zL27J', 'w9', 'zL24J', 'zL25J', 'xL8J', 'xL9J'}
| +-- , 119 , {121} , {'zL74J', 'xL5J', 'xL1J', 'xL0J', 'zL75J', 'xL2J'}
| | +-- , 121 , {123} , {'xL0J', 'zL73J', 'zL74J', 'xL5J', 'xL2J'}
| | | +-- , 123 , set() , {'zL73J', 'zL72J', 'xL0J', 'yL18J', 'xL2J'}
| +-- , 85 , set() , {'xL1J', 'yL4J', 'zL16J'}
| +-- , 87 , {89, 91} , {'zL12J', 'xL5J', 'xL1J', 'zL13J', 'xL8J', 'xL9J', 'xL2J'}
| | +-- , 89 , set() , {'zL12J', 'xL1J', 'yL3J'}
| | +-- , 91 , {93} , {'xL8J', 'zL15J', 'xL5J', 'zL14J', 'zL13J', 'xL2J'}
| | | +-- , 93 , set() , {'zL15J', 'w6', 'xL5J'}
| +-- , 125 , {127} , {'xL5J', 'zL7J', 'zL6J', 'xL2J'}
| | +-- , 127 , set() , {'xL5J', 'w4', 'zL7J'}
| +-- , 95 , set() , {'xL6J', 'xL7J', 'xL5J', 'zL40J', 'zL41J', 'xL0J', 'yL10J', 'zL43J', 'w13', 'zL42J', 'xL2J'}


Max number of edges with non zero Y: 31
Max number of iterations of outer rounding loop: 1
Max number of candidate sets: 2
Time spent rounding: 6.019
Time spent solving Separator LP: 7.006
Total time spent solving: 17.159

LP Solver: GaifmanBoosted
Lower Bound Witness = ({'yL15J', 'zL50J', 'zL65J', 'w19', 'zL37J', 'zL71J', 'zL40J', 'zL39J', 'xL0J', 'zL22J', 'yL2J', 'w10', 'zL23J', 'zL44J', 'zL49J', 'w6', 'zL17J', 'zL0J', 'yL18J', 'w3', 'w13', 'xL9J', 'zL75J', 'zL21J', 'w8', 'yL19J', 'zL6J', 'zL63J', 'w7', 'zL55J', 'yL0J', 'zL47J', 'zL26J', 'yL4J', 'zL46J', 'zL24J', 'zL64J', 'w12', 'zL76J', 'xL2J', 'w11', 'yL11J', 'zL77J', 'zL60J', 'zL1J', 'w5', 'xL6J', 'yL5J', 'zL7J', 'zL45J', 'yL14J', 'w15', 'zL3J', 'zL12J', 'xL7J', 'zL74J', 'zL11J', 'xL3J', 'yL17J', 'zL5J', 'yL16J', 'w16', 'zL67J', 'zL62J', 'zL27J', 'zL4J', 'w4', 'yL12J', 'zL32J', 'zL43J', 'zL54J', 'zL33J', 'zL35J', 'xL5J', 'zL51J', 'xL1J', 'zL13J', 'zL30J', 'zL78J', 'zL42J', 'xL4J', 'zL57J', 'yL6J', 'zL52J', 'zL72J', 'w9', 'zL8J', 'zL70J', 'zL36J', 'zL25J', 'w20', 'xL8J', 'yL3J', 'zL14J', 'zL19J', 'yL8J', 'zL61J', 'yL10J', 'zL2J', 'zL56J', 'zL68J', 'yL13J', 'w21', 'w18', 'zL29J', 'zL20J', 'zL18J', 'zL48J', 'zL66J', 'zL10J', 'zL31J', 'w17', 'yL9J', 'zL69J', 'zL28J', 'zL9J', 'yL7J', 'w14', 'w22', 'zL15J', 'zL41J', 'zL59J', 'zL34J', 'yL1J', 'zL38J', 'zL58J', 'zL73J', 'zL79J', 'zL53J', 'zL16J'}, {'zL20J', 'zL33J', 'zL76J', 'zL66J', 'zL35J', 'w17', 'xL5J', 'xL1J', 'zL28J', 'yL2J', 'zL60J', 'w22', 'xL6J', 'zL52J', 'zL7J', 'w9', 'zL70J', 'zL36J', 'zL59J', 'w15', 'zL25J', 'yL1J', 'zL75J', 'zL74J', 'zL19J', 'yL8J', 'yL19J', 'w7', 'yL10J', 'w16', 'yL13J'})