59, 3.8462799656486624, 14.0, 14
+-- , 0 , {3, 7, 13, 79, 17, 81, 83, 85, 87, 89, 93, 99, 101, 103, 105, 111, 115, 117, 119} , {'zL26J', 'zL65J', 'zL49J', 'zL15J', 'zL7J', 'zL17J', 'zL0J', 'zL20J', 'zL64J', 'xL8J', 'zL18J', 'zL48J', 'xL9J', 'xL2J', 'zL66J', 'zL10J', 'zL31J', 'xL7J', 'xL5J', 'zL1J', 'zL14J', 'zL78J', 'xL1J', 'xL3J', 'zL6J', 'zL61J', 'zL9J', 'zL60J', 'zL23J', 'xL4J'}
| +-- , 3 , {5} , {'zL2J', 'xL7J', 'xL8J', 'zL1J', 'xL9J', 'zL3J'}
| | +-- , 5 , set() , {'xL8J', 'w3', 'zL3J'}
| +-- , 7 , {9} , {'zL66J', 'xL9J', 'xL4J', 'zL67J'}
| | +-- , 9 , set() , {'xL9J', 'w19', 'zL67J'}
| +-- , 13 , {15} , {'zL12J', 'zL14J', 'xL9J', 'xL1J', 'zL13J', 'xL2J'}
| | +-- , 15 , set() , {'zL12J', 'xL1J', 'yL3J'}
| +-- , 79 , set() , {'xL1J', 'zL48J', 'yL12J'}
| +-- , 17 , {67, 73, 75, 19, 59, 61} , {'zL65J', 'zL26J', 'zL49J', 'zL17J', 'zL20J', 'zL64J', 'xL8J', 'xL9J', 'xL2J', 'zL10J', 'zL31J', 'xL7J', 'xL5J', 'zL78J', 'xL1J', 'xL3J', 'xL0J', 'zL61J', 'zL77J', 'zL23J', 'xL4J'}
| | +-- , 67 , {69} , {'xL0J', 'zL61J', 'xL5J', 'xL1J', 'zL62J'}
| | | +-- , 69 , {71} , {'zL63J', 'xL5J', 'xL1J', 'zL62J'}
| | | | +-- , 71 , set() , {'w18', 'xL5J', 'zL63J'}
| | +-- , 73 , set() , {'zL10J', 'zL11J', 'xL0J', 'xL8J', 'w5'}
| | +-- , 75 , {77} , {'xL0J', 'zL77J', 'xL5J', 'zL76J'}
| | | +-- , 77 , set() , {'yL19J', 'zL76J', 'xL5J'}
| | +-- , 19 , {57, 21} , {'zL26J', 'zL52J', 'zL47J', 'zL17J', 'zL46J', 'zL20J', 'xL8J', 'xL9J', 'xL2J', 'zL21J', 'zL31J', 'xL7J', 'xL5J', 'xL1J', 'xL3J', 'zL30J', 'xL0J', 'zL23J', 'xL4J', 'yL13J'}
| | | +-- , 57 , set() , {'xL0J', 'zL47J', 'w14'}
| | | +-- , 21 , {23} , {'zL26J', 'zL52J', 'zL17J', 'zL46J', 'xL8J', 'xL9J', 'xL2J', 'zL21J', 'xL7J', 'xL5J', 'zL53J', 'xL1J', 'xL3J', 'zL30J', 'xL0J', 'zL23J', 'xL4J'}
| | | | +-- , 23 , {33, 37, 43, 45, 47, 51, 55, 25, 29, 31} , {'zL26J', 'xL6J', 'zL17J', 'zL46J', 'yL14J', 'zL54J', 'zL59J', 'zL29J', 'xL8J', 'xL9J', 'zL58J', 'xL2J', 'zL21J', 'zL35J', 'w11', 'xL7J', 'xL5J', 'zL53J', 'xL1J', 'xL3J', 'zL30J', 'xL0J', 'zL22J', 'zL16J', 'zL56J', 'zL23J', 'xL4J'}
| | | | | +-- , 33 , {35} , {'zL35J', 'xL6J', 'xL1J', 'yL8J', 'xL0J', 'zL32J', 'zL34J', 'xL8J'}
| | | | | | +-- , 35 , set() , {'xL6J', 'xL0J', 'zL32J', 'zL34J', 'zL33J'}
| | | | | +-- , 37 , {39} , {'xL6J', 'xL8J', 'zL45J', 'zL46J', 'xL1J'}
| | | | | | +-- , 39 , {41} , {'zL44J', 'zL45J', 'xL8J', 'xL1J'}
| | | | | | | +-- , 41 , set() , {'xL8J', 'zL44J', 'yL11J'}
| | | | | +-- , 43 , set() , {'xL1J', 'yL4J', 'zL16J'}
| | | | | +-- , 45 , set() , {'xL6J', 'xL5J', 'zL56J', 'zL58J', 'zL57J'}
| | | | | +-- , 47 , {49} , {'zL54J', 'xL6J', 'zL55J', 'xL7J'}
| | | | | | +-- , 49 , set() , {'w16', 'zL55J', 'xL7J'}
| | | | | +-- , 51 , {53} , {'zL26J', 'xL6J', 'xL5J', 'zL27J'}
| | | | | | +-- , 53 , set() , {'zL27J', 'w9', 'xL6J'}
| | | | | +-- , 55 , set() , {'zL59J', 'w17', 'xL3J'}
| | | | | +-- , 25 , {27} , {'xL0J', 'zL28J', 'zL29J', 'xL6J'}
| | | | | | +-- , 27 , set() , {'yL7J', 'zL28J', 'xL6J'}
| | | | | +-- , 29 , set() , {'xL6J', 'xL7J', 'xL5J', 'zL40J', 'zL41J', 'xL0J', 'yL10J', 'zL43J', 'w13', 'zL42J', 'xL2J'}
| | | | | +-- , 31 , set() , {'xL6J', 'xL8J', 'xL3J', 'yL17J', 'zL70J', 'xL0J', 'zL69J', 'zL71J', 'w20', 'zL68J', 'xL4J'}
| | +-- , 59 , set() , {'zL73J', 'zL72J', 'zL74J', 'xL5J', 'xL1J', 'xL3J', 'w21', 'xL0J', 'yL18J', 'zL75J', 'xL2J'}
| | +-- , 61 , {63} , {'zL50J', 'xL0J', 'zL49J', 'xL7J', 'xL9J'}
| | | +-- , 63 , {65} , {'zL50J', 'xL7J', 'zL51J', 'xL9J'}
| | | | +-- , 65 , set() , {'zL51J', 'xL7J', 'w15'}
| +-- , 81 , set() , {'zL15J', 'w6', 'xL5J'}
| +-- , 83 , set() , {'xL5J', 'w4', 'zL7J'}
| +-- , 85 , set() , {'w10', 'zL31J', 'xL7J'}
| +-- , 87 , set() , {'xL3J', 'yL16J', 'zL64J'}
| +-- , 89 , {91} , {'xL8J', 'zL18J', 'zL19J', 'xL4J'}
| | +-- , 91 , set() , {'w7', 'zL19J', 'xL4J'}
| +-- , 93 , {95} , {'zL26J', 'xL7J', 'zL25J', 'xL8J', 'xL9J'}
| | +-- , 95 , {97} , {'zL25J', 'xL8J', 'xL9J', 'zL24J'}
| | | +-- , 97 , set() , {'xL8J', 'yL6J', 'zL24J'}
| +-- , 99 , set() , {'xL7J', 'zL39J', 'yL9J', 'xL3J', 'zL36J', 'zL37J', 'w12', 'xL8J', 'zL38J', 'xL9J', 'xL4J'}
| +-- , 101 , set() , {'xL7J', 'zL79J', 'zL78J', 'w22', 'xL9J'}
| +-- , 103 , set() , {'yL15J', 'zL60J', 'xL2J'}
| +-- , 105 , {107} , {'zL5J', 'xL4J', 'xL8J', 'xL3J', 'zL6J'}
| | +-- , 107 , {109} , {'zL5J', 'xL3J', 'xL4J', 'zL4J'}
| | | +-- , 109 , set() , {'yL1J', 'xL4J', 'zL4J'}
| +-- , 111 , {113} , {'zL9J', 'xL9J', 'xL4J', 'zL8J'}
| | +-- , 113 , set() , {'xL9J', 'yL2J', 'zL8J'}
| +-- , 115 , set() , {'w8', 'zL23J', 'xL3J'}
| +-- , 117 , set() , {'xL9J', 'yL5J', 'zL20J'}
| +-- , 119 , set() , {'zL0J', 'xL4J', 'yL0J'}


Max number of edges with non zero Y: 56
Max number of iterations of outer rounding loop: 3
Max number of candidate sets: 2
Time spent rounding: 11.532
Time spent solving Separator LP: 13.584
Total time spent solving: 32.075

LP Solver: GaifmanBoosted
Lower Bound Witness = ({'yL15J', 'zL50J', 'zL65J', 'w19', 'zL37J', 'zL71J', 'zL40J', 'zL39J', 'xL0J', 'zL22J', 'yL2J', 'w10', 'zL23J', 'zL44J', 'zL49J', 'w6', 'zL17J', 'zL0J', 'yL18J', 'w3', 'w13', 'xL9J', 'zL75J', 'zL21J', 'w8', 'yL19J', 'zL6J', 'zL63J', 'w7', 'zL55J', 'yL0J', 'zL47J', 'zL26J', 'yL4J', 'zL46J', 'zL24J', 'zL64J', 'w12', 'zL76J', 'xL2J', 'w11', 'yL11J', 'zL77J', 'zL60J', 'zL1J', 'w5', 'xL6J', 'yL5J', 'zL7J', 'zL45J', 'yL14J', 'w15', 'zL3J', 'zL12J', 'xL7J', 'zL74J', 'zL11J', 'xL3J', 'yL17J', 'zL5J', 'yL16J', 'w16', 'zL67J', 'zL62J', 'zL27J', 'zL4J', 'w4', 'yL12J', 'zL32J', 'zL43J', 'zL54J', 'zL33J', 'zL35J', 'xL5J', 'zL51J', 'xL1J', 'zL13J', 'zL30J', 'zL78J', 'zL42J', 'xL4J', 'zL57J', 'yL6J', 'zL52J', 'zL72J', 'w9', 'zL8J', 'zL70J', 'zL36J', 'zL25J', 'w20', 'xL8J', 'yL3J', 'zL14J', 'zL19J', 'yL8J', 'zL61J', 'yL10J', 'zL2J', 'zL56J', 'zL68J', 'yL13J', 'w21', 'w18', 'zL29J', 'zL20J', 'zL18J', 'zL48J', 'zL66J', 'zL10J', 'zL31J', 'w17', 'yL9J', 'zL69J', 'zL28J', 'zL9J', 'yL7J', 'w14', 'w22', 'zL15J', 'zL41J', 'zL59J', 'zL34J', 'yL1J', 'zL38J', 'zL58J', 'zL73J', 'zL79J', 'zL53J', 'zL16J'}, {'yL15J', 'yL4J', 'zL46J', 'w18', 'zL24J', 'zL32J', 'zL37J', 'zL43J', 'zL71J', 'zL64J', 'zL40J', 'zL18J', 'w12', 'zL76J', 'zL10J', 'yL9J', 'zL78J', 'xL0J', 'zL28J', 'zL9J', 'yL2J', 'w10', 'zL60J', 'zL23J', 'w14', 'w22', 'zL42J', 'yL7J', 'zL57J', 'zL44J', 'zL49J', 'yL6J', 'zL15J', 'yL5J', 'zL17J', 'zL0J', 'w9', 'yL18J', 'zL59J', 'zL25J', 'xL8J', 'zL38J', 'w3', 'xL9J', 'yL1J', 'zL58J', 'zL12J', 'zL68J', 'yL3J', 'zL11J', 'zL19J', 'yL8J', 'yL17J', 'zL6J', 'yL19J', 'yL10J', 'zL2J', 'yL16J', 'zL16J', 'zL67J', 'yL13J'})