66, 2.9757574141264294, 8.0, 8
+-- , 0 , {129, 5, 7, 13, 21, 23, 27, 31, 33, 35, 107, 109, 113, 121, 123, 127} , {'zL50J', 'xL6J', 'zL49J', 'zL41J', 'zL37J', 'zL54J', 'zL29J', 'zL36J', 'xL8J', 'xL9J', 'zL3J', 'xL7J', 'xL5J', 'xL1J', 'zL30J', 'xL0J', 'zL2J', 'zL55J', 'xL4J'}
| +-- , 129 , {131} , {'zL54J', 'xL8J', 'zL53J', 'xL1J', 'xL4J'}
| | +-- , 131 , {133} , {'xL8J', 'zL52J', 'zL53J', 'xL1J'}
| | | +-- , 133 , set() , {'xL1J', 'zL52J', 'yL13J'}
| +-- , 5 , set() , {'zL31J', 'xL7J', 'zL30J', 'w10', 'xL4J'}
| +-- , 7 , {9} , {'zL2J', 'xL7J', 'zL1J', 'xL1J', 'xL4J'}
| | +-- , 9 , {11} , {'xL1J', 'zL1J', 'zL0J', 'xL4J'}
| | | +-- , 11 , set() , {'zL0J', 'xL4J', 'yL0J'}
| +-- , 13 , {17, 15} , {'xL7J', 'xL5J', 'zL78J', 'xL1J', 'xL0J', 'zL77J', 'xL9J'}
| | +-- , 17 , {19} , {'xL0J', 'zL77J', 'xL5J', 'zL76J'}
| | | +-- , 19 , set() , {'yL19J', 'zL76J', 'xL5J'}
| | +-- , 15 , set() , {'xL7J', 'zL79J', 'zL78J', 'w22', 'xL9J'}
| +-- , 21 , set() , {'zL26J', 'yL6J', 'xL6J', 'xL7J', 'xL5J', 'zL27J', 'w9', 'zL24J', 'zL25J', 'xL8J', 'xL9J'}
| +-- , 23 , {25} , {'zL50J', 'xL7J', 'zL51J', 'xL9J'}
| | +-- , 25 , set() , {'zL51J', 'xL7J', 'w15'}
| +-- , 27 , {29} , {'xL6J', 'xL7J', 'zL40J', 'zL41J'}
| | +-- , 29 , set() , {'zL40J', 'yL10J', 'xL6J'}
| +-- , 31 , set() , {'w16', 'zL55J', 'xL7J'}
| +-- , 33 , set() , {'xL8J', 'yL9J', 'zL36J'}
| +-- , 35 , {101, 37, 105} , {'zL65J', 'xL6J', 'zL41J', 'zL37J', 'zL64J', 'xL8J', 'zL18J', 'xL9J', 'zL75J', 'zL74J', 'xL5J', 'zL19J', 'xL1J', 'xL0J', 'zL42J', 'xL4J'}
| | +-- , 101 , {103} , {'zL66J', 'zL65J', 'xL8J', 'xL9J', 'zL67J', 'xL4J'}
| | | +-- , 103 , set() , {'xL9J', 'w19', 'zL67J'}
| | +-- , 37 , {99, 39, 73, 75, 77, 79, 85, 89} , {'xL6J', 'zL17J', 'zL70J', 'zL37J', 'zL71J', 'zL64J', 'xL8J', 'zL18J', 'zL38J', 'xL9J', 'zL75J', 'zL74J', 'xL5J', 'xL1J', 'xL3J', 'xL0J', 'zL16J', 'zL42J', 'xL4J'}
| | | +-- , 99 , set() , {'xL1J', 'yL4J', 'zL16J'}
| | | +-- , 39 , {41, 71} , {'zL42J', 'xL6J', 'zL74J', 'xL5J', 'xL1J', 'xL3J', 'zL4J', 'zL5J', 'xL0J', 'zL43J', 'xL8J', 'xL9J', 'xL4J'}
| | | | +-- , 41 , {43, 47} , {'xL6J', 'zL7J', 'w4', 'zL43J', 'xL8J', 'xL9J', 'zL58J', 'zL74J', 'xL5J', 'xL1J', 'zL6J', 'xL3J', 'zL5J', 'xL0J', 'zL57J'}
| | | | | +-- , 43 , {45} , {'xL0J', 'zL56J', 'xL5J', 'zL57J'}
| | | | | | +-- , 45 , set() , {'yL14J', 'xL0J', 'zL56J'}
| | | | | +-- , 47 , {65, 69, 49, 59, 63} , {'zL7J', 'zL43J', 'zL59J', 'xL8J', 'xL9J', 'zL58J', 'xL2J', 'zL12J', 'w17', 'zL74J', 'xL5J', 'xL1J', 'zL6J', 'zL13J', 'xL3J', 'xL0J'}
| | | | | | +-- , 65 , {67} , {'xL0J', 'zL73J', 'zL74J', 'xL5J', 'xL2J'}
| | | | | | | +-- , 67 , set() , {'zL73J', 'zL72J', 'xL0J', 'yL18J', 'xL2J'}
| | | | | | +-- , 69 , set() , {'zL12J', 'xL1J', 'yL3J'}
| | | | | | +-- , 49 , {57, 51} , {'zL62J', 'xL5J', 'xL1J', 'zL63J', 'xL0J', 'xL8J', 'xL2J'}
| | | | | | | +-- , 57 , set() , {'w18', 'xL5J', 'zL63J'}
| | | | | | | +-- , 51 , {53} , {'xL0J', 'zL61J', 'zL62J', 'xL8J', 'xL2J'}
| | | | | | | | +-- , 53 , {55} , {'zL61J', 'xL8J', 'zL60J', 'xL2J'}
| | | | | | | | | +-- , 55 , set() , {'yL15J', 'zL60J', 'xL2J'}
| | | | | | +-- , 59 , {61} , {'xL8J', 'zL15J', 'xL5J', 'zL14J', 'zL13J', 'xL2J'}
| | | | | | | +-- , 61 , set() , {'zL15J', 'w6', 'xL5J'}
| | | | | | +-- , 63 , set() , {'w13', 'zL43J', 'xL2J'}
| | | | +-- , 71 , set() , {'yL1J', 'xL4J', 'zL4J'}
| | | +-- , 73 , set() , {'w20', 'xL0J', 'zL71J'}
| | | +-- , 75 , set() , {'w21', 'zL75J', 'xL3J'}
| | | +-- , 77 , set() , {'xL3J', 'yL16J', 'zL64J'}
| | | +-- , 79 , {81} , {'zL70J', 'zL69J', 'xL6J', 'xL8J', 'xL3J'}
| | | | +-- , 81 , {83} , {'zL69J', 'xL6J', 'xL8J', 'zL68J'}
| | | | | +-- , 83 , set() , {'xL8J', 'zL68J', 'yL17J'}
| | | +-- , 85 , {87} , {'zL38J', 'xL9J', 'xL4J', 'zL39J'}
| | | | +-- , 87 , set() , {'zL39J', 'w12', 'xL4J'}
| | | +-- , 89 , {97, 91} , {'zL21J', 'xL6J', 'xL1J', 'xL3J', 'xL0J', 'zL20J', 'xL9J'}
| | | | +-- , 97 , set() , {'xL9J', 'yL5J', 'zL20J'}
| | | | +-- , 91 , {93} , {'zL21J', 'xL6J', 'zL22J', 'xL1J', 'xL3J'}
| | | | | +-- , 93 , {95} , {'xL6J', 'zL22J', 'zL23J', 'xL3J'}
| | | | | | +-- , 95 , set() , {'w8', 'zL23J', 'xL3J'}
| | +-- , 105 , set() , {'w7', 'zL19J', 'xL4J'}
| +-- , 107 , set() , {'zL44J', 'xL6J', 'zL45J', 'zL46J', 'xL5J', 'xL1J', 'yL11J', 'xL0J', 'xL8J', 'zL47J', 'w14'}
| +-- , 109 , {111} , {'xL1J', 'zL49J', 'zL48J', 'xL4J'}
| | +-- , 111 , set() , {'xL1J', 'zL48J', 'yL12J'}
| +-- , 113 , {115, 119} , {'zL35J', 'xL6J', 'xL1J', 'xL0J', 'zL34J', 'xL8J', 'xL9J'}
| | +-- , 115 , {117} , {'xL0J', 'zL32J', 'xL6J', 'zL34J', 'zL33J', 'xL1J'}
| | | +-- , 117 , set() , {'yL8J', 'zL32J', 'xL1J'}
| | +-- , 119 , set() , {'zL35J', 'xL9J', 'w11'}
| +-- , 121 , set() , {'zL10J', 'xL5J', 'zL11J', 'zL8J', 'xL0J', 'zL9J', 'yL2J', 'xL4J', 'xL8J', 'xL9J', 'w5'}
| +-- , 123 , {125} , {'xL0J', 'zL28J', 'zL29J', 'xL6J'}
| | +-- , 125 , set() , {'yL7J', 'zL28J', 'xL6J'}
| +-- , 127 , set() , {'xL8J', 'w3', 'zL3J'}


Max number of edges with non zero Y: 41
Max number of iterations of outer rounding loop: 3
Max number of candidate sets: 2
Time spent rounding: 8.481
Time spent solving Separator LP: 6.645
Total time spent solving: 19.965

LP Solver: GaifmanNormal
Lower Bound Witness = ({'yL15J', 'zL50J', 'zL65J', 'w19', 'zL37J', 'zL71J', 'zL40J', 'zL39J', 'xL0J', 'zL22J', 'yL2J', 'w10', 'zL23J', 'zL44J', 'zL49J', 'w6', 'zL17J', 'zL0J', 'yL18J', 'w3', 'w13', 'xL9J', 'zL75J', 'zL21J', 'w8', 'yL19J', 'zL6J', 'zL63J', 'w7', 'zL55J', 'yL0J', 'zL47J', 'zL26J', 'yL4J', 'zL46J', 'zL24J', 'zL64J', 'w12', 'zL76J', 'xL2J', 'w11', 'yL11J', 'zL77J', 'zL60J', 'zL1J', 'w5', 'xL6J', 'yL5J', 'zL7J', 'zL45J', 'yL14J', 'w15', 'zL3J', 'zL12J', 'xL7J', 'zL74J', 'zL11J', 'xL3J', 'yL17J', 'zL5J', 'yL16J', 'w16', 'zL67J', 'zL62J', 'zL27J', 'zL4J', 'w4', 'yL12J', 'zL32J', 'zL43J', 'zL54J', 'zL33J', 'zL35J', 'xL5J', 'zL51J', 'xL1J', 'zL13J', 'zL30J', 'zL78J', 'zL42J', 'xL4J', 'zL57J', 'yL6J', 'zL52J', 'zL72J', 'w9', 'zL8J', 'zL70J', 'zL36J', 'zL25J', 'w20', 'xL8J', 'yL3J', 'zL14J', 'zL19J', 'yL8J', 'zL61J', 'yL10J', 'zL2J', 'zL56J', 'zL68J', 'yL13J', 'w21', 'w18', 'zL29J', 'zL20J', 'zL18J', 'zL48J', 'zL66J', 'zL10J', 'zL31J', 'w17', 'yL9J', 'zL69J', 'zL28J', 'zL9J', 'yL7J', 'w14', 'w22', 'zL15J', 'zL41J', 'zL59J', 'zL34J', 'yL1J', 'zL38J', 'zL58J', 'zL73J', 'zL79J', 'zL53J', 'zL16J'}, {'yL15J', 'zL50J', 'zL32J', 'zL29J', 'zL20J', 'zL18J', 'zL40J', 'zL48J', 'w11', 'yL9J', 'zL28J', 'yL2J', 'zL60J', 'zL57J', 'zL44J', 'zL49J', 'zL17J', 'zL41J', 'yL14J', 'zL34J', 'w15', 'zL38J', 'xL9J', 'zL3J', 'w8', 'yL3J', 'zL6J', 'zL2J', 'yL16J', 'zL16J', 'zL55J', 'zL47J', 'zL68J'})