66, 0, 9.0, 10
+-- , 0 , {3, 83, 5, 85, 135, 127} , {'xL2J', 'xL1J', 'zL62J', 'xL8J', 'zL41J', 'xL7J', 'xL0J', 'zL71J', 'xL3J', 'w20', 'xL6J', 'xL4J'}
| +-- , 3 , set() , {'w15', 'zL48J', 'yL12J', 'xL8J', 'zL50J', 'xL0J', 'zL49J', 'xL3J', 'zL51J', 'xL6J', 'xL4J'}
| +-- , 83 , set() , {'xL2J', 'zL27J', 'xL8J', 'zL26J', 'xL7J', 'yL6J', 'zL25J', 'xL0J', 'zL24J', 'w9', 'xL4J'}
| +-- , 5 , {81, 7} , {'xL1J', 'yL2J', 'zL62J', 'xL8J', 'zL8J', 'zL34J', 'zL35J', 'zL32J', 'yL13J', 'zL33J', 'xL3J', 'zL61J', 'xL6J', 'xL4J', 'w11', 'xL2J', 'xL7J', 'zL52J', 'zL41J', 'xL0J'}
| | +-- , 81 , set() , {'yL8J', 'zL32J', 'xL3J'}
| | +-- , 7 , {9, 77} , {'xL1J', 'xL8J', 'zL8J', 'zL34J', 'zL35J', 'xL3J', 'zL61J', 'xL6J', 'zL9J', 'xL4J', 'xL2J', 'zL52J', 'zL41J', 'xL7J', 'xL0J', 'zL58J', 'zL57J'}
| | | +-- , 9 , {11, 13} , {'xL1J', 'xL8J', 'zL65J', 'zL34J', 'zL35J', 'xL3J', 'zL61J', 'xL6J', 'zL9J', 'xL4J', 'xL2J', 'zL52J', 'zL41J', 'xL7J', 'xL0J', 'zL58J', 'zL64J'}
| | | | +-- , 11 , set() , {'xL2J', 'zL66J', 'zL65J', 'xL0J', 'zL67J', 'w19', 'xL6J'}
| | | | +-- , 13 , {33, 39, 71, 59, 75, 47, 17, 49, 27, 63, 31} , {'xL1J', 'xL8J', 'zL34J', 'zL35J', 'xL3J', 'zL61J', 'xL6J', 'zL31J', 'zL9J', 'xL4J', 'xL2J', 'zL52J', 'xL7J', 'zL41J', 'xL0J', 'zL58J', 'xL5J', 'zL64J'}
| | | | | +-- , 33 , {35} , {'xL5J', 'zL10J', 'xL8J', 'xL7J', 'zL9J'}
| | | | | | +-- , 35 , {37} , {'zL11J', 'xL5J', 'zL10J', 'xL8J'}
| | | | | | | +-- , 37 , set() , {'zL11J', 'w5', 'xL8J'}
| | | | | +-- , 39 , {41} , {'xL2J', 'xL8J', 'zL52J', 'xL5J', 'zL53J', 'xL4J'}
| | | | | | +-- , 41 , {43} , {'xL2J', 'xL5J', 'xL8J', 'zL54J', 'zL53J'}
| | | | | | | +-- , 43 , {45} , {'xL2J', 'xL5J', 'zL55J', 'zL54J'}
| | | | | | | | +-- , 45 , set() , {'xL2J', 'w16', 'zL55J'}
| | | | | +-- , 71 , {73} , {'xL5J', 'zL60J', 'zL61J', 'xL4J'}
| | | | | | +-- , 73 , set() , {'yL15J', 'xL4J', 'zL60J'}
| | | | | +-- , 59 , {61} , {'zL58J', 'zL59J', 'xL5J', 'xL7J'}
| | | | | | +-- , 61 , set() , {'zL59J', 'xL5J', 'w17'}
| | | | | +-- , 75 , set() , {'zL31J', 'w10', 'xL8J'}
| | | | | +-- , 47 , set() , {'yL16J', 'xL5J', 'zL64J'}
| | | | | +-- , 17 , {19, 21} , {'zL78J', 'xL8J', 'xL7J', 'xL0J', 'zL79J', 'xL5J', 'xL6J'}
| | | | | | +-- , 19 , set() , {'zL79J', 'xL5J', 'w22'}
| | | | | | +-- , 21 , {23} , {'zL78J', 'xL8J', 'xL7J', 'zL77J', 'xL0J'}
| | | | | | | +-- , 23 , {25} , {'xL8J', 'zL76J', 'xL7J', 'zL77J'}
| | | | | | | | +-- , 25 , set() , {'zL76J', 'yL19J', 'xL8J'}
| | | | | +-- , 49 , {51, 53} , {'xL1J', 'xL8J', 'zL13J', 'xL7J', 'zL12J', 'xL5J', 'xL6J'}
| | | | | | +-- , 51 , set() , {'xL7J', 'zL12J', 'yL3J'}
| | | | | | +-- , 53 , {55} , {'zL14J', 'xL5J', 'xL8J', 'zL13J', 'xL6J'}
| | | | | | | +-- , 55 , {57} , {'zL14J', 'xL5J', 'zL15J', 'xL6J'}
| | | | | | | | +-- , 57 , set() , {'zL15J', 'w6', 'xL5J'}
| | | | | +-- , 27 , {29} , {'xL5J', 'xL3J', 'zL42J', 'zL41J', 'xL6J', 'zL43J'}
| | | | | | +-- , 29 , set() , {'zL43J', 'xL3J', 'w13'}
| | | | | +-- , 63 , {65} , {'xL2J', 'xL1J', 'zL30J', 'xL5J', 'zL31J', 'xL4J'}
| | | | | | +-- , 65 , {67} , {'zL30J', 'xL2J', 'xL1J', 'xL5J', 'zL29J'}
| | | | | | | +-- , 67 , {69} , {'xL2J', 'xL5J', 'zL29J', 'zL28J'}
| | | | | | | | +-- , 69 , set() , {'xL5J', 'yL7J', 'zL28J'}
| | | | | +-- , 31 , set() , {'xL2J', 'xL1J', 'yL9J', 'zL38J', 'xL7J', 'zL36J', 'xL0J', 'xL5J', 'zL37J', 'w12', 'zL39J'}
| | | +-- , 77 , {79} , {'xL2J', 'zL57J', 'zL56J', 'xL4J'}
| | | | +-- , 79 , set() , {'xL2J', 'zL56J', 'yL14J'}
| +-- , 85 , {125, 87} , {'xL1J', 'zL70J', 'zL62J', 'zL68J', 'xL8J', 'zL71J', 'xL3J', 'xL6J', 'xL4J', 'xL2J', 'zL40J', 'zL41J', 'xL7J', 'xL0J', 'zL69J'}
| | +-- , 125 , set() , {'yL17J', 'zL68J', 'xL1J'}
| | +-- , 87 , {89, 123} , {'xL1J', 'zL70J', 'zL62J', 'xL8J', 'zL20J', 'yL5J', 'xL3J', 'xL6J', 'zL72J', 'xL4J', 'xL2J', 'zL40J', 'xL7J', 'xL0J', 'zL69J', 'zL73J'}
| | | +-- , 89 , {91} , {'xL1J', 'zL70J', 'zL62J', 'xL8J', 'zL21J', 'zL20J', 'xL3J', 'xL6J', 'xL2J', 'zL40J', 'xL7J', 'xL0J', 'zL69J', 'zL73J'}
| | | | +-- , 91 , {93} , {'xL1J', 'zL70J', 'zL62J', 'xL8J', 'zL21J', 'xL3J', 'zL3J', 'xL6J', 'xL2J', 'w3', 'zL40J', 'xL7J', 'xL0J', 'zL69J', 'zL73J'}
| | | | | +-- , 93 , {97, 99, 117, 101, 109, 111} , {'xL1J', 'zL70J', 'zL62J', 'zL17J', 'xL9J', 'xL8J', 'zL21J', 'xL3J', 'zL3J', 'xL6J', 'xL2J', 'zL40J', 'xL7J', 'zL16J', 'xL0J', 'zL69J', 'zL73J', 'yL10J'}
| | | | | | +-- , 97 , set() , {'xL2J', 'xL9J', 'xL7J', 'zL75J', 'zL74J', 'zL73J', 'w21'}
| | | | | | +-- , 99 , set() , {'zL16J', 'yL4J', 'xL9J'}
| | | | | | +-- , 117 , {119} , {'xL2J', 'xL1J', 'zL18J', 'zL17J', 'xL0J'}
| | | | | | | +-- , 119 , {121} , {'xL2J', 'zL18J', 'zL19J', 'xL0J'}
| | | | | | | | +-- , 121 , set() , {'w7', 'xL0J', 'zL19J'}
| | | | | | +-- , 101 , {103} , {'xL2J', 'xL1J', 'zL2J', 'xL8J', 'xL9J', 'zL3J'}
| | | | | | | +-- , 103 , {105} , {'xL1J', 'zL2J', 'xL8J', 'xL9J', 'zL1J'}
| | | | | | | | +-- , 105 , {107} , {'xL8J', 'xL9J', 'zL1J', 'zL0J'}
| | | | | | | | | +-- , 107 , set() , {'zL0J', 'yL0J', 'xL9J'}
| | | | | | +-- , 109 , set() , {'zL62J', 'xL9J', 'w18', 'zL63J', 'xL6J'}
| | | | | | +-- , 111 , {113} , {'xL3J', 'xL9J', 'zL22J', 'xL0J', 'zL21J'}
| | | | | | | +-- , 113 , {115} , {'zL23J', 'xL9J', 'zL22J', 'xL0J'}
| | | | | | | | +-- , 115 , set() , {'w8', 'zL23J', 'xL9J'}
| | | +-- , 123 , set() , {'xL3J', 'zL72J', 'yL18J'}
| +-- , 135 , set() , {'xL2J', 'yL1J', 'w4', 'xL7J', 'zL5J', 'zL7J', 'xL0J', 'zL4J', 'zL6J', 'xL3J', 'xL6J'}
| +-- , 127 , {129, 131} , {'xL2J', 'xL1J', 'zL44J', 'xL0J', 'zL45J', 'xL6J', 'xL4J'}
| | +-- , 129 , set() , {'xL2J', 'yL11J', 'zL44J'}
| | +-- , 131 , {133} , {'xL1J', 'zL45J', 'xL6J', 'zL46J', 'xL0J', 'zL47J'}
| | | +-- , 133 , set() , {'w14', 'xL0J', 'zL47J'}


Max number of edges with non zero Y: 67
Max number of iterations of outer rounding loop: 6
Max number of candidate sets: 2
Time spent rounding: 70.202
Time spent solving Separator LP: 0.196
Total time spent solving: 86.101

LP Solver: gammaPlusFractionalCoverHeuristic
Lower Bound Witness = ({'zL70J', 'zL78J', 'zL68J', 'xL9J', 'w17', 'zL19J', 'zL25J', 'xL3J', 'w22', 'zL9J', 'zL30J', 'zL60J', 'zL29J', 'zL27J', 'zL64J', 'yL2J', 'zL75J', 'zL36J', 'zL34J', 'zL74J', 'w19', 'zL20J', 'zL4J', 'zL31J', 'zL72J', 'yL3J', 'zL41J', 'zL11J', 'xL5J', 'yL10J', 'yL18J', 'w12', 'zL48J', 'yL12J', 'w4', 'xL6J', 'w16', 'zL77J', 'w3', 'zL26J', 'zL16J', 'w10', 'w5', 'zL6J', 'zL69J', 'w14', 'yL13J', 'zL21J', 'zL43J', 'zL53J', 'zL44J', 'zL0J', 'w11', 'zL52J', 'w8', 'zL39J', 'zL28J', 'zL59J', 'zL62J', 'zL18J', 'zL66J', 'w7', 'zL71J', 'w21', 'zL45J', 'yL15J', 'zL47J', 'w13', 'zL42J', 'zL1J', 'xL0J', 'yL0J', 'zL73J', 'zL23J', 'yL16J', 'zL38J', 'zL54J', 'zL8J', 'zL35J', 'zL32J', 'zL12J', 'zL33J', 'zL49J', 'yL5J', 'zL63J', 'zL55J', 'zL3J', 'zL37J', 'zL61J', 'xL4J', 'xL2J', 'zL13J', 'yL6J', 'yL19J', 'zL51J', 'zL15J', 'xL1J', 'yL11J', 'zL17J', 'zL22J', 'yL8J', 'w6', 'zL56J', 'zL7J', 'zL50J', 'yL14J', 'zL24J', 'w9', 'w15', 'zL2J', 'zL14J', 'zL10J', 'yL4J', 'zL40J', 'yL1J', 'yL7J', 'w18', 'zL58J', 'zL57J', 'zL67J', 'zL79J', 'zL76J', 'yL9J', 'xL8J', 'zL65J', 'xL7J', 'zL5J', 'yL17J', 'w20', 'zL46J'}, {'zL15J', 'w6', 'zL71J', 'w14', 'zL72J'})