33, 3.9999993333332946, 4.0, 4
+-- , 0 , {17, 3, 57} , {'xL9JL9J', 'xL6JL10J', 'xL3JL9J', 'xL4JL9J', 'xL4JL6J', 'xL9JL7J', 'xL9JL8J', 'xL5JL9J', 'xL8JL10J', 'xL6JL9J', 'xL3JL6J'}
| +-- , 17 , {19} , {'xL9JL9J', 'xL6JL10J', 'xL9JL6J', 'xL4JL6J', 'xL9JL7J', 'xL9JL8J', 'xL5JL9J', 'xL6JL9J', 'xL3JL6J'}
| | +-- , 19 , {21} , {'xL6JL10J', 'xL9JL6J', 'xL5JL8J', 'xL4JL6J', 'xL9JL7J', 'xL6JL8J', 'xL5JL9J', 'xL6JL9J', 'xL5JL7J', 'xL3JL6J'}
| | | +-- , 21 , {23} , {'xL9JL6J', 'xL7JL8J', 'xL5JL8J', 'xL4JL6J', 'xL9JL7J', 'xL6JL8J', 'xL5JL7J', 'xL4JL7J', 'xL3JL6J'}
| | | | +-- , 23 , {25} , {'xL3JL4J', 'xL3JL5J', 'xL9JL6J', 'xL7JL8J', 'xL4JL6J', 'xL9JL7J', 'xL7JL7J', 'xL4JL5J', 'xL3JL3J', 'xL4JL7J', 'xL3JL6J'}
| | | | | +-- , 25 , {27} , {'xL10JL6J', 'xL3JL4J', 'xL3JL5J', 'xL9JL6J', 'xL9JL7J', 'xL7JL7J', 'xL4JL5J', 'xL8JL6J', 'xL3JL3J', 'xL5JL5J', 'xL8JL7J'}
| | | | | | +-- , 27 , {29} , {'xL10JL6J', 'xL3JL4J', 'xL5JL5J', 'xL5JL4J', 'xL8JL5J', 'xL8JL6J', 'xL3JL3J', 'xL10JL5J', 'xL10JL4J', 'xL8JL7J'}
| | | | | | | +-- , 29 , {31} , {'xL3JL4J', 'xL7JL4J', 'xL5JL4J', 'xL6JL4J', 'xL8JL5J', 'xL3JL3J', 'xL10JL5J', 'xL10JL4J'}
| | | | | | | | +-- , 31 , {33} , {'xL7JL5J', 'xL3JL4J', 'xL7JL4J', 'xL6JL4J', 'xL8JL5J', 'xL3JL3J', 'xL10JL5J', 'xL10JL4J'}
| | | | | | | | | +-- , 33 , {35, 45} , {'xL7JL5J', 'xL3JL4J', 'xL6JL3J', 'xL7JL4J', 'xL6JL4J', 'xL6JL2J', 'xL3JL3J', 'xL7JL3J', 'xL10JL4J', 'xL10JL5J'}
| | | | | | | | | | +-- , 35 , {37} , {'xL3JL4J', 'xL5JL2J', 'xL6JL2J', 'xL4JL2J', 'xL3JL3J'}
| | | | | | | | | | | +-- , 37 , {43, 39} , {'xL3JL4J', 'xL2JL3J', 'xL5JL2J', 'xL4JL2J', 'xL4JL3J', 'xL3JL3J'}
| | | | | | | | | | | | +-- , 43 , set() , {'xL5JL2J', 'xL5JL1J', 'xL4JL3J', 'xL4JL2J', 'xL4JL1J'}
| | | | | | | | | | | | +-- , 39 , {41} , {'xL3JL4J', 'xL2JL3J', 'xL2JL4J', 'xL4JL3J', 'xL3JL3J', 'xL1JL3J'}
| | | | | | | | | | | | | +-- , 41 , set() , {'xL2JL3J', 'xL1JL1J', 'xL2JL2J', 'xL2JL4J', 'xL2JL1J', 'xL1JL3J', 'xL1JL2J'}
| | | | | | | | | | +-- , 45 , {47} , {'xL9JL3J', 'xL6JL3J', 'xL8JL3J', 'xL7JL3J', 'xL10JL4J', 'xL10JL5J'}
| | | | | | | | | | | +-- , 47 , {49, 53} , {'xL8JL3J', 'xL9JL3J', 'xL9JL4J', 'xL10JL4J', 'xL10JL5J'}
| | | | | | | | | | | | +-- , 49 , {51} , {'xL9JL1J', 'xL9JL3J', 'xL9JL4J', 'xL8JL3J', 'xL9JL2J', 'xL8JL2J'}
| | | | | | | | | | | | | +-- , 51 , set() , {'xL9JL1J', 'xL11JL2J', 'xL11JL1J', 'xL9JL2J', 'xL10JL2J', 'xL10JL1J', 'xL8JL2J'}
| | | | | | | | | | | | +-- , 53 , {55} , {'xL9JL4J', 'xL10JL5J', 'xL10JL4J', 'xL11JL4J'}
| | | | | | | | | | | | | +-- , 55 , set() , {'xL10JL5J', 'xL11JL5J', 'xL11JL4J'}
| +-- , 3 , {5} , {'xL2JL6J', 'xL3JL9J', 'xL4JL9J', 'xL4JL6J', 'xL3JL6J'}
| | +-- , 5 , {7} , {'xL2JL8J', 'xL2JL6J', 'xL3JL9J', 'xL4JL9J', 'xL2JL7J'}
| | | +-- , 7 , {9, 15} , {'xL2JL8J', 'xL3JL9J', 'xL4JL9J', 'xL2JL7J', 'xL3JL8J'}
| | | | +-- , 9 , {11} , {'xL3JL9J', 'xL3JL11J', 'xL4JL9J', 'xL3JL10J', 'xL3JL8J'}
| | | | | +-- , 11 , {13} , {'xL3JL11J', 'xL4JL9J', 'xL3JL10J', 'xL4JL10J'}
| | | | | | +-- , 13 , set() , {'xL2JL11J', 'xL1JL10J', 'xL3JL10J', 'xL1JL11J', 'xL2JL10J', 'xL3JL11J', 'xL4JL10J'}
| | | | +-- , 15 , set() , {'xL2JL8J', 'xL2JL7J', 'xL1JL8J', 'xL1JL7J', 'xL3JL8J'}
| +-- , 57 , {59} , {'xL9JL9J', 'xL6JL10J', 'xL9JL8J', 'xL8JL10J', 'xL7JL10J'}
| | +-- , 59 , {65, 61} , {'xL9JL9J', 'xL9JL8J', 'xL8JL10J', 'xL8JL9J', 'xL7JL10J'}
| | | +-- , 65 , set() , {'xL8JL9J', 'xL8JL11J', 'xL8JL10J', 'xL7JL11J', 'xL7JL10J'}
| | | +-- , 61 , {63} , {'xL9JL9J', 'xL8JL9J', 'xL10JL8J', 'xL10JL9J', 'xL9JL8J', 'xL11JL9J'}
| | | | +-- , 63 , set() , {'xL10JL11J', 'xL10JL8J', 'xL11JL11J', 'xL11JL10J', 'xL10JL9J', 'xL11JL9J', 'xL10JL10J'}


Max number of edges with non zero Y: 4
Max number of iterations of outer rounding loop: 0
Max number of candidate sets: 0
Time spent rounding: 0.000
Time spent solving Separator LP: 38.783
Total time spent solving: 40.394

LP Solver: GaifmanNormalILP
Lower Bound Witness = ({'xL3JL9J', 'xL8JL9J', 'xL7JL11J', 'xL5JL7J', 'xL8JL2J', 'xL1JL2J', 'xL1JL10J', 'xL6JL2J', 'xL5JL5J', 'xL11JL5J', 'xL3JL3J', 'xL2JL1J', 'xL8JL7J', 'xL11JL10J', 'xL6JL8J', 'xL7JL7J', 'xL1JL1J', 'xL11JL2J', 'xL5JL2J', 'xL4JL5J', 'xL8JL3J', 'xL2JL10J', 'xL7JL5J', 'xL3JL6J', 'xL2JL3J', 'xL4JL9J', 'xL9JL4J', 'xL5JL4J', 'xL1JL8J', 'xL4JL10J', 'xL11JL11J', 'xL10JL4J', 'xL7JL10J', 'xL9JL9J', 'xL8JL11J', 'xL5JL8J', 'xL6JL4J', 'xL10JL9J', 'xL11JL1J', 'xL8JL6J', 'xL10JL6J', 'xL4JL1J', 'xL6JL10J', 'xL3JL5J', 'xL10JL11J', 'xL10JL8J', 'xL3JL10J', 'xL3JL8J', 'xL9JL8J', 'xL8JL5J', 'xL6JL9J', 'xL3JL11J', 'xL9JL3J', 'xL7JL4J', 'xL4JL6J', 'xL1JL7J', 'xL11JL9J', 'xL4JL3J', 'xL7JL3J', 'xL10JL10J', 'xL2JL8J', 'xL2JL11J', 'xL2JL4J', 'xL4JL2J', 'xL7JL8J', 'xL2JL7J', 'xL5JL1J', 'xL5JL9J', 'xL9JL2J', 'xL10JL2J', 'xL2JL6J', 'xL2JL2J', 'xL4JL7J', 'xL3JL4J', 'xL6JL3J', 'xL9JL7J', 'xL10JL5J', 'xL9JL1J', 'xL9JL6J', 'xL11JL4J', 'xL1JL11J', 'xL8JL10J', 'xL1JL3J', 'xL10JL1J'}, {'xL9JL9J', 'xL1JL10J', 'xL10JL8J', 'xL1JL8J', 'xL11JL10J', 'xL5JL1J', 'xL1JL7J', 'xL7JL7J', 'xL8JL3J', 'xL8JL10J', 'xL3JL11J', 'xL1JL3J'})