23, 2.1333333333333337, 6.2, 7
+-- , 0 , {3, 46} , {'41', '49', '52', '54', '46', '32', '16', '28', '5', '55', '25', '11', '24', '43', '4', '27'}
| +-- , 3 , {5} , {'41', '49', '52', '54', '39', '16', '32', '28', '5', '55', '25', '11', '24', '43', '4', '27'}
| | +-- , 5 , {7} , {'41', '49', '52', '54', '56', '39', '16', '32', '22', '28', '5', '25', '11', '24', '43', '4', '27'}
| | | +-- , 7 , {9} , {'41', '49', '53', '52', '54', '56', '39', '32', '22', '28', '5', '25', '11', '24', '43', '4', '27'}
| | | | +-- , 9 , {11, 44} , {'49', '53', '52', '54', '56', '39', '32', '22', '28', '5', '21', '25', '11', '34', '24', '43', '4', '27'}
| | | | | +-- , 11 , {40, 13} , {'49', '53', '52', '54', '56', '39', '32', '22', '28', '5', '13', '21', '25', '11', '34', '24', '4', '27', '40'}
| | | | | | +-- , 40 , {42} , {'22', '23', '13', '49', '52', '56', '34', '3'}
| | | | | | | +-- , 42 , set() , {'8', '3', '23', '56'}
| | | | | | +-- , 13 , {36, 15} , {'2', '42', '49', '53', '52', '54', '56', '39', '32', '28', '5', '13', '21', '25', '11', '34', '4', '27'}
| | | | | | | +-- , 36 , {38} , {'52', '39', '32', '33', '42'}
| | | | | | | | +-- , 38 , set() , {'30', '42', '33', '6'}
| | | | | | | +-- , 15 , {17} , {'42', '49', '53', '52', '54', '56', '39', '32', '28', '5', '13', '21', '44', '25', '11', '34', '27'}
| | | | | | | | +-- , 17 , {19} , {'42', '49', '18', '52', '54', '56', '39', '36', '32', '28', '13', '21', '44', '25', '11', '34', '27'}
| | | | | | | | | +-- , 19 , {34, 21} , {'49', '18', '52', '54', '56', '39', '36', '32', '28', '13', '25', '11', '34', '27', '31'}
| | | | | | | | | | +-- , 34 , set() , {'54', '52', '1', '31'}
| | | | | | | | | | +-- , 21 , {32, 24, 26, 28} , {'39', '36', '32', '28', '57', '13', '18', '52', '54', '25', '11', '34', '9', '27', '31'}
| | | | | | | | | | | +-- , 32 , set() , {'27', '54', '57', '20'}
| | | | | | | | | | | +-- , 24 , set() , {'14', '36', '32', '45', '57', '25', '9'}
| | | | | | | | | | | +-- , 26 , set() , {'51', '34', '57', '11'}
| | | | | | | | | | | +-- , 28 , {30} , {'18', '52', '9', '39', '48', '28', '57', '13', '34', '27', '31', '38'}
| | | | | | | | | | | | +-- , 30 , set() , {'48', '28', '10', '57', '50', '52', '37', '34', '27', '38'}
| | | | | +-- , 44 , set() , {'56', '19', '17', '21'}
| +-- , 46 , set() , {'15', '4', '5', '47'}


Max number of edges with non zero Y: 15
Max number of iterations of outer rounding loop: 6
Max number of candidate sets: 2
Time spent rounding: 19.931
Time spent solving Separator LP: 0.894

LP Solver: GaifmanBoosted