20, 1.9062444136707977, 6.5, 7
+-- , 0 , {34, 3, 36, 38, 40} , {'41', '53', '52', '56', '3', '16', '22', '28', '57', '5', '13', '21', '10', '11', '34', '27'}
| +-- , 34 , set() , {'16', '28', '41', '5', '21', '34', '43'}
| +-- , 3 , {5, 7} , {'53', '52', '56', '3', '16', '22', '28', '10', '5', '13', '21', '57', '11', '34', '24', '27'}
| | +-- , 5 , set() , {'53', '24', '13', '40'}
| | +-- , 7 , {32, 9} , {'49', '53', '18', '52', '56', '3', '22', '28', '57', '5', '13', '21', '10', '11', '34', '24', '27'}
| | | +-- , 32 , set() , {'23', '49', '52', '8', '56', '3'}
| | | +-- , 9 , {11, 30} , {'49', '53', '18', '52', '56', '22', '28', '10', '5', '13', '57', '11', '34', '24', '4', '27'}
| | | | +-- , 11 , {14} , {'49', '53', '18', '52', '56', '32', '48', '28', '10', '5', '13', '57', '50', '11', '34', '24', '4', '27', '38'}
| | | | | +-- , 14 , {16, 28} , {'49', '53', '18', '52', '56', '9', '39', '32', '48', '28', '57', '5', '13', '11', '24', '4', '27', '31', '38'}
| | | | | | +-- , 16 , {18} , {'14', '33', '53', '52', '56', '9', '39', '32', '28', '45', '5', '13', '57', '11', '4', '27', '31'}
| | | | | | | +-- , 18 , {20, 22, 24, 26} , {'2', '33', '42', '53', '52', '54', '56', '9', '36', '28', '57', '5', '45', '13', '44', '25', '11', '4', '27', '31'}
| | | | | | | | +-- , 20 , set() , {'30', '42', '33', '6'}
| | | | | | | | +-- , 22 , set() , {'46', '54', '25', '11'}
| | | | | | | | +-- , 24 , set() , {'27', '57', '54', '20'}
| | | | | | | | +-- , 26 , set() , {'54', '52', '1', '31'}
| | | | | | +-- , 28 , set() , {'27', '24', '39', '55'}
| | | | +-- , 30 , set() , {'15', '4', '5', '47'}
| +-- , 36 , set() , {'56', '19', '17', '21'}
| +-- , 38 , set() , {'51', '34', '57', '11'}
| +-- , 40 , set() , {'37', '10', '52', '57'}


Max number of edges with non zero Y: 19
Max number of iterations of outer rounding loop: 6
Max number of candidate sets: 2
Time spent rounding: 9.812
Time spent solving Separator LP: 0.728

LP Solver: GaifmanNormal