60, 3.7812186092683575, 9.0, 9
+-- , 0 , {96, 3, 100, 70, 72, 110, 112, 82, 84, 116, 118, 94} , {'zL61J', 'xL2J', 'zL63J', 'w18', 'zL12J', 'xL7J', 'xL8J', 'xL0J', 'xL6J', 'zL49J', 'xL4J', 'zL41J', 'xL1J', 'xL3J'}
| +-- , 96 , {98} , {'xL8J', 'zL61J', 'zL60J', 'xL7J'}
| | +-- , 98 , set() , {'xL8J', 'zL60J', 'yL15J'}
| +-- , 3 , {5} , {'zL35J', 'zL50J', 'zL61J', 'zL12J', 'zL13J', 'xL7J', 'zL42J', 'w11', 'xL0J', 'xL4J', 'xL1J', 'xL3J', 'zL14J', 'zL15J', 'xL2J', 'zL63J', 'xL8J', 'xL6J', 'zL49J', 'zL41J'}
| | +-- , 5 , {68, 7} , {'zL35J', 'zL43J', 'zL50J', 'zL61J', 'xL7J', 'zL42J', 'xL0J', 'xL4J', 'xL1J', 'xL3J', 'zL15J', 'xL2J', 'zL63J', 'xL8J', 'zL62J', 'zL76J', 'xL6J', 'zL77J'}
| | | +-- , 68 , set() , {'zL76J', 'yL19J', 'xL0J'}
| | | +-- , 7 , {9} , {'zL35J', 'zL43J', 'zL50J', 'zL61J', 'zL51J', 'xL7J', 'xL0J', 'xL4J', 'xL1J', 'xL3J', 'zL15J', 'xL2J', 'w15', 'xL8J', 'zL62J', 'xL6J', 'zL77J'}
| | | | +-- , 9 , {54, 56, 62, 58, 12, 60} , {'zL35J', 'zL43J', 'zL50J', 'zL61J', 'zL51J', 'xL7J', 'xL0J', 'xL4J', 'xL1J', 'xL3J', 'xL9J', 'zL15J', 'xL2J', 'xL8J', 'zL62J', 'xL6J', 'w3', 'zL3J', 'zL77J'}
| | | | | +-- , 54 , set() , {'zL16J', 'zL18J', 'xL8J', 'zL17J', 'w7', 'xL0J', 'xL4J', 'xL1J', 'zL19J', 'yL4J', 'xL9J'}
| | | | | +-- , 56 , set() , {'xL2J', 'zL53J', 'zL55J', 'zL52J', 'zL54J', 'xL7J', 'xL8J', 'xL6J', 'xL9J', 'w16', 'yL13J'}
| | | | | +-- , 62 , {64} , {'zL77J', 'zL78J', 'xL2J', 'xL1J', 'xL9J'}
| | | | | | +-- , 64 , {66} , {'zL79J', 'xL2J', 'zL78J', 'xL9J'}
| | | | | | | +-- , 66 , set() , {'w22', 'zL79J', 'xL9J'}
| | | | | +-- , 58 , set() , {'zL15J', 'w6', 'xL9J'}
| | | | | +-- , 12 , {50, 52, 14} , {'zL35J', 'zL50J', 'zL68J', 'xL4J', 'zL29J', 'xL2J', 'zL62J', 'yL0J', 'xL6J', 'zL3J', 'zL28J', 'zL61J', 'zL51J', 'xL7J', 'xL0J', 'xL1J', 'xL3J', 'xL9J', 'zL0J', 'xL8J', 'zL69J'}
| | | | | | +-- , 50 , set() , {'yL7J', 'zL28J', 'xL9J'}
| | | | | | +-- , 52 , set() , {'yL17J', 'zL68J', 'xL9J'}
| | | | | | +-- , 14 , {16} , {'zL35J', 'zL50J', 'zL61J', 'zL51J', 'xL7J', 'xL0J', 'xL4J', 'xL1J', 'xL9J', 'zL29J', 'xL2J', 'zL0J', 'xL8J', 'zL69J', 'zL62J', 'xL6J', 'zL1J', 'zL3J'}
| | | | | | | +-- , 16 , {18} , {'zL35J', 'zL50J', 'zL61J', 'zL51J', 'xL7J', 'xL0J', 'xL1J', 'xL9J', 'zL29J', 'xL2J', 'zL2J', 'xL8J', 'zL69J', 'zL62J', 'xL6J', 'zL1J', 'zL3J'}
| | | | | | | | +-- , 18 , {34, 38, 40, 46, 20, 22, 26} , {'zL35J', 'zL50J', 'zL74J', 'zL61J', 'zL51J', 'zL73J', 'xL7J', 'zL65J', 'xL0J', 'xL1J', 'xL9J', 'zL29J', 'zL30J', 'xL2J', 'zL2J', 'xL5J', 'xL8J', 'zL69J', 'zL62J', 'zL64J', 'xL6J', 'zL3J'}
| | | | | | | | | +-- , 34 , {36} , {'xL8J', 'zL72J', 'zL73J', 'xL5J'}
| | | | | | | | | | +-- , 36 , set() , {'xL8J', 'zL72J', 'yL18J'}
| | | | | | | | | +-- , 38 , set() , {'xL8J', 'yL16J', 'zL64J'}
| | | | | | | | | +-- , 40 , {42} , {'zL69J', 'xL2J', 'xL6J', 'zL70J', 'xL5J'}
| | | | | | | | | | +-- , 42 , {44} , {'xL6J', 'zL70J', 'zL71J', 'xL5J'}
| | | | | | | | | | | +-- , 44 , set() , {'w20', 'zL71J', 'xL5J'}
| | | | | | | | | +-- , 46 , {48} , {'zL31J', 'zL30J', 'xL0J', 'xL5J'}
| | | | | | | | | | +-- , 48 , set() , {'w10', 'zL31J', 'xL5J'}
| | | | | | | | | +-- , 20 , set() , {'w19', 'zL67J', 'xL5J', 'xL0J', 'zL66J', 'xL6J', 'zL65J'}
| | | | | | | | | +-- , 22 , {24} , {'zL74J', 'zL75J', 'xL6J', 'xL1J'}
| | | | | | | | | | +-- , 24 , set() , {'zL75J', 'xL6J', 'w21'}
| | | | | | | | | +-- , 26 , {28} , {'zL35J', 'xL2J', 'xL7J', 'xL5J', 'xL8J', 'zL34J'}
| | | | | | | | | | +-- , 28 , {30} , {'xL8J', 'zL34J', 'zL33J', 'xL7J', 'xL5J'}
| | | | | | | | | | | +-- , 30 , {32} , {'xL8J', 'zL32J', 'zL33J', 'xL7J'}
| | | | | | | | | | | | +-- , 32 , set() , {'xL7J', 'zL32J', 'yL8J'}
| | | | | +-- , 60 , set() , {'w13', 'zL43J', 'xL9J'}
| +-- , 100 , {106, 102} , {'zL6J', 'zL5J', 'xL0J', 'xL6J', 'xL4J', 'xL1J', 'xL3J'}
| | +-- , 106 , {108} , {'zL6J', 'xL4J', 'zL7J', 'xL1J'}
| | | +-- , 108 , set() , {'zL7J', 'xL1J', 'w4'}
| | +-- , 102 , {104} , {'xL0J', 'zL4J', 'zL5J', 'xL3J'}
| | | +-- , 104 , set() , {'zL4J', 'yL1J', 'xL3J'}
| +-- , 70 , set() , {'zL27J', 'zL25J', 'yL6J', 'zL26J', 'xL7J', 'xL8J', 'zL24J', 'w9', 'xL6J', 'xL4J', 'xL1J'}
| +-- , 72 , {74, 76} , {'xL2J', 'zL9J', 'zL8J', 'xL7J', 'xL8J', 'xL0J', 'xL1J'}
| | +-- , 74 , set() , {'yL2J', 'xL7J', 'zL8J'}
| | +-- , 76 , {78} , {'xL8J', 'xL0J', 'xL2J', 'zL9J', 'zL10J'}
| | | +-- , 78 , {80} , {'xL8J', 'xL0J', 'zL10J', 'zL11J'}
| | | | +-- , 80 , set() , {'w5', 'xL0J', 'zL11J'}
| +-- , 110 , set() , {'zL37J', 'yL9J', 'xL3J', 'xL2J', 'zL39J', 'zL38J', 'xL7J', 'w12', 'xL0J', 'xL4J', 'zL36J'}
| +-- , 112 , {114} , {'xL8J', 'xL2J', 'zL41J', 'zL40J'}
| | +-- , 114 , set() , {'yL10J', 'zL40J', 'xL2J'}
| +-- , 82 , set() , {'zL45J', 'yL11J', 'w14', 'xL2J', 'xL7J', 'xL8J', 'zL44J', 'zL46J', 'xL4J', 'zL47J', 'xL3J'}
| +-- , 84 , {86} , {'w17', 'xL7J', 'xL8J', 'zL59J', 'xL6J', 'xL4J', 'xL1J'}
| | +-- , 86 , {88} , {'zL58J', 'xL7J', 'xL8J', 'zL59J', 'xL6J', 'xL1J'}
| | | +-- , 88 , {90} , {'xL8J', 'zL57J', 'xL6J', 'zL58J', 'xL7J'}
| | | | +-- , 90 , {92} , {'xL8J', 'zL57J', 'zL56J', 'xL7J'}
| | | | | +-- , 92 , set() , {'zL56J', 'yL14J', 'xL7J'}
| +-- , 116 , set() , {'yL3J', 'zL12J', 'xL0J'}
| +-- , 118 , {120} , {'xL8J', 'zL48J', 'xL2J', 'zL49J'}
| | +-- , 120 , set() , {'xL8J', 'zL48J', 'yL12J'}
| +-- , 94 , set() , {'zL23J', 'zL21J', 'zL22J', 'zL20J', 'xL7J', 'yL5J', 'xL8J', 'w8', 'xL4J', 'xL1J', 'xL3J'}


Max number of edges with non zero Y: 50
Max number of iterations of outer rounding loop: 4
Max number of candidate sets: 2
Time spent rounding: 14.854
Time spent solving Separator LP: 14.012
Total time spent solving: 35.316

LP Solver: GaifmanBoosted
Lower Bound Witness = ({'zL43J', 'zL37J', 'zL25J', 'zL55J', 'w10', 'zL20J', 'zL34J', 'zL70J', 'zL39J', 'w6', 'zL14J', 'zL53J', 'zL7J', 'yL16J', 'zL79J', 'zL64J', 'zL44J', 'xL6J', 'zL3J', 'zL27J', 'zL4J', 'zL60J', 'zL40J', 'zL42J', 'xL0J', 'zL66J', 'zL75J', 'w16', 'yL18J', 'zL36J', 'yL11J', 'yL2J', 'w21', 'zL63J', 'zL5J', 'zL2J', 'zL18J', 'xL5J', 'xL8J', 'zL69J', 'w9', 'w3', 'zL47J', 'zL77J', 'yL10J', 'zL73J', 'w11', 'yL3J', 'zL68J', 'w8', 'xL4J', 'zL33J', 'w15', 'zL67J', 'zL8J', 'zL11J', 'yL8J', 'zL62J', 'yL15J', 'zL57J', 'zL49J', 'zL61J', 'w17', 'w4', 'w18', 'zL51J', 'zL13J', 'w13', 'yL7J', 'zL19J', 'zL21J', 'yL1J', 'zL10J', 'yL19J', 'yL4J', 'zL35J', 'yL6J', 'zL23J', 'zL38J', 'zL12J', 'w22', 'zL31J', 'w12', 'yL14J', 'yL13J', 'yL12J', 'zL78J', 'yL5J', 'zL46J', 'zL28J', 'w19', 'zL22J', 'zL58J', 'zL17J', 'w14', 'xL9J', 'w7', 'zL16J', 'zL0J', 'zL54J', 'zL24J', 'zL59J', 'zL76J', 'w20', 'zL1J', 'zL45J', 'zL50J', 'zL74J', 'zL6J', 'zL56J', 'zL32J', 'zL29J', 'zL30J', 'xL2J', 'zL72J', 'yL0J', 'zL65J', 'zL41J', 'yL17J', 'zL52J', 'xL7J', 'zL48J', 'w5', 'xL1J', 'xL3J', 'zL15J', 'yL9J', 'zL9J', 'zL26J', 'zL71J'}, {'zL35J', 'zL43J', 'zL45J', 'zL25J', 'yL6J', 'zL23J', 'zL74J', 'zL37J', 'zL38J', 'zL12J', 'zL73J', 'w8', 'zL70J', 'zL39J', 'zL33J', 'yL13J', 'zL14J', 'xL2J', 'w15', 'zL78J', 'zL8J', 'zL11J', 'yL8J', 'zL79J', 'yL15J', 'yL0J', 'zL57J', 'xL6J', 'zL41J', 'zL28J', 'zL61J', 'w17', 'zL4J', 'zL22J', 'w18', 'zL58J', 'zL48J', 'zL17J', 'yL18J', 'zL19J', 'xL9J', 'zL16J', 'yL11J', 'zL15J', 'w21', 'zL9J', 'zL63J', 'zL5J', 'zL26J', 'xL8J', 'zL24J', 'zL69J', 'zL59J', 'w20', 'zL1J', 'w3', 'zL47J', 'zL77J'})