18, 2.982650431418396, 8.0, 8
+-- , 0 , {6, 41, 43} , {'xL0J', 'xL35J', 'xL10J', 'xL4J', 'xL18J', 'xL26J', 'xL34J', 'xL7J', 'xL37J', 'xL2J', 'xL9J', 'xL38J', 'xL22J', 'xL8J', 'xL21J'}
| +-- , 6 , {8} , {'xL35J', 'xL4J', 'xL2J', 'xL38J', 'xL22J', 'xL8J', 'xL0J', 'xL18J', 'xL23J', 'xL9J', 'xL21J', 'xL30J'}
| | +-- , 8 , {11, 39} , {'xL0J', 'xL35J', 'xL22J', 'xL18J', 'xL23J', 'xL12J', 'xL2J', 'xL9J', 'xL24J', 'xL38J', 'xL32J', 'xL30J', 'xL8J', 'xL21J'}
| | | +-- , 11 , {17, 19, 37} , {'xL35J', 'xL6J', 'xL38J', 'xL19J', 'xL32J', 'xL22J', 'xL21J', 'xL0J', 'xL18J', 'xL23J', 'xL27J', 'xL12J', 'xL9J', 'xL1J', 'xL30J', 'xL24J'}
| | | | +-- , 17 , set() , {'xL0J', 'xL6J', 'xL13J'}
| | | | +-- , 19 , {35, 21} , {'xL35J', 'xL6J', 'xL29J', 'xL38J', 'xL22J', 'xL19J', 'xL32J', 'xL21J', 'xL18J', 'xL23J', 'xL27J', 'xL12J', 'xL9J', 'xL1J', 'xL30J', 'xL24J'}
| | | | | +-- , 35 , set() , {'xL29J', 'xL28J', 'xL12J', 'xL1J', 'xL22J', 'xL24J'}
| | | | | +-- , 21 , {23} , {'xL35J', 'xL31J', 'xL29J', 'xL38J', 'xL32J', 'xL21J', 'xL16J', 'xL18J', 'xL23J', 'xL27J', 'xL12J', 'xL1J', 'xL5J', 'xL30J'}
| | | | | | +-- , 23 , {25, 27, 31} , {'xL35J', 'xL5J', 'xL23J', 'xL27J', 'xL25J', 'xL12J', 'xL1J', 'xL16J', 'xL32J', 'xL21J'}
| | | | | | | +-- , 25 , set() , {'xL14J', 'xL25J'}
| | | | | | | +-- , 27 , {29} , {'xL27J', 'xL25J', 'xL12J', 'xL20J', 'xL16J'}
| | | | | | | | +-- , 29 , set() , {'xL11J', 'xL20J', 'xL25J'}
| | | | | | | +-- , 31 , {33} , {'xL35J', 'xL33J', 'xL23J', 'xL27J', 'xL25J', 'xL12J', 'xL1J', 'xL5J', 'xL32J'}
| | | | | | | | +-- , 33 , set() , {'xL33J', 'xL39J', 'xL23J', 'xL1J', 'xL32J'}
| | | | +-- , 37 , set() , {'xL15J', 'xL27J', 'xL12J'}
| | | +-- , 39 , set() , {'xL17J', 'xL24J', 'xL8J'}
| +-- , 41 , set() , {'xL0J', 'xL10J', 'xL3J', 'xL18J'}
| +-- , 43 , set() , {'xL34J', 'xL36J', 'xL21J'}


Max number of edges with non zero Y: 27
Max number of iterations of outer rounding loop: 6
Max number of candidate sets: 2
Time spent rounding: 42.253
Time spent solving Separator LP: 0.968

LP Solver: GaifmanBoosted