21, 2.8684875163242327, 9.0, 9
+-- , 0 , {5, 42, 44} , {'xL35J', 'xL20J', 'xL31J', 'xL25J', 'xL38J', 'xL0J', 'xL5J', 'xL18J', 'xL33J', 'xL3J', 'xL26J', 'xL7J', 'xL28J', 'xL9J', 'xL1J', 'xL16J'}
| +-- , 5 , {7} , {'xL35J', 'xL20J', 'xL31J', 'xL25J', 'xL38J', 'xL21J', 'xL0J', 'xL18J', 'xL33J', 'xL3J', 'xL7J', 'xL26J', 'xL27J', 'xL28J', 'xL9J', 'xL1J', 'xL5J'}
| | +-- , 7 , {40, 10} , {'xL35J', 'xL20J', 'xL31J', 'xL29J', 'xL38J', 'xL21J', 'xL0J', 'xL18J', 'xL33J', 'xL3J', 'xL7J', 'xL26J', 'xL27J', 'xL28J', 'xL12J', 'xL9J', 'xL1J', 'xL5J'}
| | | +-- , 40 , set() , {'xL15J', 'xL27J', 'xL12J'}
| | | +-- , 10 , {16, 12} , {'xL35J', 'xL31J', 'xL29J', 'xL38J', 'xL32J', 'xL21J', 'xL0J', 'xL18J', 'xL33J', 'xL3J', 'xL7J', 'xL26J', 'xL27J', 'xL28J', 'xL12J', 'xL9J', 'xL1J', 'xL5J'}
| | | | +-- , 16 , {18, 20} , {'xL35J', 'xL31J', 'xL29J', 'xL38J', 'xL32J', 'xL21J', 'xL0J', 'xL18J', 'xL3J', 'xL7J', 'xL26J', 'xL27J', 'xL28J', 'xL12J', 'xL9J', 'xL1J', 'xL24J'}
| | | | | +-- , 18 , set() , {'xL29J', 'xL19J', 'xL35J', 'xL24J'}
| | | | | +-- , 20 , {38, 22} , {'xL31J', 'xL29J', 'xL32J', 'xL0J', 'xL18J', 'xL3J', 'xL7J', 'xL34J', 'xL26J', 'xL28J', 'xL12J', 'xL9J', 'xL21J', 'xL24J'}
| | | | | | +-- , 38 , set() , {'xL34J', 'xL36J', 'xL21J'}
| | | | | | +-- , 22 , {24} , {'xL10J', 'xL31J', 'xL29J', 'xL32J', 'xL0J', 'xL18J', 'xL3J', 'xL26J', 'xL34J', 'xL28J', 'xL12J', 'xL9J', 'xL21J', 'xL24J'}
| | | | | | | +-- , 24 , {26} , {'xL10J', 'xL31J', 'xL29J', 'xL2J', 'xL32J', 'xL0J', 'xL18J', 'xL34J', 'xL28J', 'xL12J', 'xL9J', 'xL21J', 'xL24J'}
| | | | | | | | +-- , 26 , {34, 36, 28} , {'xL0J', 'xL18J', 'xL31J', 'xL29J', 'xL28J', 'xL12J', 'xL2J', 'xL9J', 'xL24J', 'xL30J', 'xL8J', 'xL21J'}
| | | | | | | | | +-- , 34 , set() , {'xL37J', 'xL8J', 'xL21J'}
| | | | | | | | | +-- , 36 , set() , {'xL17J', 'xL24J', 'xL8J'}
| | | | | | | | | +-- , 28 , {30} , {'xL0J', 'xL4J', 'xL18J', 'xL28J', 'xL29J', 'xL12J', 'xL21J', 'xL22J', 'xL30J', 'xL8J'}
| | | | | | | | | | +-- , 30 , {32} , {'xL0J', 'xL29J', 'xL22J', 'xL6J', 'xL18J'}
| | | | | | | | | | | +-- , 32 , set() , {'xL0J', 'xL6J', 'xL13J'}
| | | | +-- , 12 , {14} , {'xL35J', 'xL5J', 'xL33J', 'xL23J', 'xL27J', 'xL1J', 'xL38J', 'xL32J'}
| | | | | +-- , 14 , set() , {'xL33J', 'xL39J', 'xL23J', 'xL1J', 'xL32J'}
| +-- , 42 , set() , {'xL14J', 'xL25J'}
| +-- , 44 , set() , {'xL11J', 'xL20J', 'xL25J'}


Max number of edges with non zero Y: 34
Max number of iterations of outer rounding loop: 8
Max number of candidate sets: 2
Time spent rounding: 60.026
Time spent solving Separator LP: 2.464

LP Solver: GaifmanBoosted