12, 0, 4.0, 4
+-- , 0 , {5, 7} , {'xL19J', 'xL0J', 'xL4J', 'xL14J', 'xL10J', 'xL13J'}
| +-- , 5 , set() , {'xL19J', 'xL0J', 'xL4J', 'xL15J', 'xL10J', 'xL13J'}
| +-- , 7 , {10} , {'xL11J', 'xL0J', 'xL4J', 'xL1J', 'xL12J', 'xL14J', 'xL10J', 'xL13J'}
| | +-- , 10 , {26, 12} , {'xL11J', 'xL9J', 'xL0J', 'xL4J', 'xL1J', 'xL12J', 'xL14J', 'xL13J'}
| | | +-- , 26 , set() , {'xL11J', 'xL9J', 'xL0J', 'xL4J', 'xL18J', 'xL14J', 'xL13J'}
| | | +-- , 12 , {14} , {'xL11J', 'xL17J', 'xL9J', 'xL2J', 'xL1J', 'xL12J', 'xL14J', 'xL13J'}
| | | | +-- , 14 , {16, 22, 24} , {'xL11J', 'xL17J', 'xL9J', 'xL2J', 'xL5J', 'xL1J', 'xL12J', 'xL14J'}
| | | | | +-- , 16 , {18} , {'xL11J', 'xL17J', 'xL2J', 'xL5J', 'xL1J', 'xL12J', 'xL14J', 'xL6J'}
| | | | | | +-- , 18 , {20} , {'xL17J', 'xL5J', 'xL3J', 'xL1J', 'xL12J', 'xL6J'}
| | | | | | | +-- , 20 , set() , {'xL17J', 'xL8J', 'xL5J', 'xL3J', 'xL1J', 'xL12J'}
| | | | | +-- , 22 , set() , {'xL9J', 'xL2J', 'xL5J', 'xL16J', 'xL1J'}
| | | | | +-- , 24 , set() , {'xL11J', 'xL5J', 'xL7J', 'xL12J', 'xL14J'}


Max number of edges with non zero Y: 15
Max number of iterations of outer rounding loop: 5
Max number of candidate sets: 2
Time spent rounding: 2.240
Time spent solving Separator LP: 0.010
Total time spent solving: 2.810

LP Solver: gammaPlusFractionalCoverHeuristic
Lower Bound Witness = ({'xL11J', 'xL17J', 'xL5J', 'xL3J', 'xL4J', 'xL16J', 'xL14J', 'xL6J', 'xL19J', 'xL9J', 'xL13J', 'xL8J', 'xL18J', 'xL15J', 'xL7J', 'xL10J', 'xL0J', 'xL2J', 'xL1J', 'xL12J'}, {'xL14J', 'xL19J', 'xL10J', 'xL7J'})