22, 1.7954545454545452, 6.0, 6
+-- , 0 , {35, 39, 43, 13, 47, 17, 51, 19, 23, 27, 31} , {'xL5J', 'xL7J', 'xL3J', 'xL0J', 'xL6J', 'xL4J', 'xL10J', 'xL1J', 'xL9J', 'yL4J', 'xL8J', 'xL2J'}
| +-- , 35 , {37} , {'yL0J', 'xL0J'}
| | +-- , 37 , set() , {'yL1J', 'yL0J'}
| +-- , 39 , {41} , {'yL16J', 'xL8J'}
| | +-- , 41 , set() , {'yL16J', 'yL17J'}
| +-- , 43 , {45} , {'yL8J', 'xL4J'}
| | +-- , 45 , set() , {'yL8J', 'yL9J'}
| +-- , 13 , {15} , {'yL6J', 'xL3J'}
| | +-- , 15 , set() , {'yL7J', 'yL6J'}
| +-- , 47 , {49} , {'yL18J', 'xL9J'}
| | +-- , 49 , set() , {'yL18J', 'yL19J'}
| +-- , 17 , set() , {'yL5J', 'yL4J'}
| +-- , 51 , {53} , {'yL14J', 'xL7J'}
| | +-- , 53 , set() , {'yL15J', 'yL14J'}
| +-- , 19 , {21} , {'xL10J', 'yL20J'}
| | +-- , 21 , set() , {'yL20J', 'yL21J'}
| +-- , 23 , {25} , {'yL2J', 'xL1J'}
| | +-- , 25 , set() , {'yL2J', 'yL3J'}
| +-- , 27 , {29} , {'xL5J', 'yL10J'}
| | +-- , 29 , set() , {'yL11J', 'yL10J'}
| +-- , 31 , {33} , {'yL12J', 'xL6J'}
| | +-- , 33 , set() , {'yL12J', 'yL13J'}


Max number of edges with non zero Y: 8
Max number of iterations of outer rounding loop: 3
Max number of candidate sets: 2
Time spent rounding: 8.465
Time spent solving Separator LP: 0.339
Total time spent solving: 11.006

LP Solver: GaifmanBoosted
Lower Bound Witness = ({'xL5J', 'yL7J', 'xL7J', 'xL3J', 'xL0J', 'yL5J', 'xL6J', 'xL10J', 'xL4J', 'yL6J', 'xL1J', 'xL9J', 'yL4J', 'xL8J', 'xL2J'}, {'xL5J', 'xL7J', 'xL0J', 'xL6J', 'xL10J', 'xL4J', 'xL1J', 'xL9J', 'xL8J'})