19, 0, 10.0, 11
+-- , 0 , {5, 39, 41, 43, 45} , {'xL38J', 'xL11J', 'xL25J', 'xL33J', 'xL9J', 'xL28J', 'xL35J', 'xL19J', 'xL10J', 'xL29J', 'xL37J', 'xL0J', 'xL27J', 'xL17J', 'xL26J'}
| +-- , 5 , {8} , {'xL38J', 'xL11J', 'xL25J', 'xL14J', 'xL9J', 'xL33J', 'xL28J', 'xL35J', 'xL19J', 'xL32J', 'xL29J', 'xL37J', 'xL0J', 'xL27J', 'xL17J', 'xL26J'}
| | +-- , 8 , {37, 14} , {'xL38J', 'xL11J', 'xL12J', 'xL25J', 'xL14J', 'xL33J', 'xL9J', 'xL28J', 'xL35J', 'xL19J', 'xL32J', 'xL29J', 'xL2J', 'xL24J', 'xL37J', 'xL27J', 'xL31J', 'xL17J', 'xL8J', 'xL26J'}
| | | +-- , 37 , set() , {'xL31J', 'xL18J', 'xL35J'}
| | | +-- , 14 , {16, 35} , {'xL38J', 'xL11J', 'xL12J', 'xL25J', 'xL14J', 'xL33J', 'xL9J', 'xL28J', 'xL35J', 'xL19J', 'xL32J', 'xL29J', 'xL2J', 'xL24J', 'xL37J', 'xL27J', 'xL1J', 'xL31J', 'xL8J', 'xL26J'}
| | | | +-- , 16 , {18} , {'xL38J', 'xL12J', 'xL11J', 'xL25J', 'xL23J', 'xL9J', 'xL33J', 'xL28J', 'xL19J', 'xL32J', 'xL29J', 'xL2J', 'xL24J', 'xL37J', 'xL27J', 'xL1J', 'xL8J', 'xL26J'}
| | | | | +-- , 18 , {33, 20, 31} , {'xL38J', 'xL12J', 'xL11J', 'xL25J', 'xL33J', 'xL36J', 'xL9J', 'xL23J', 'xL28J', 'xL32J', 'xL29J', 'xL24J', 'xL37J', 'xL27J', 'xL1J', 'xL8J', 'xL26J'}
| | | | | | +-- , 33 , set() , {'xL33J', 'xL36J', 'xL23J', 'xL1J', 'xL34J'}
| | | | | | +-- , 20 , {23} , {'xL38J', 'xL29J', 'xL25J', 'xL3J', 'xL36J', 'xL24J', 'xL37J', 'xL30J', 'xL1J', 'xL32J', 'xL8J'}
| | | | | | | +-- , 23 , {25} , {'xL3J', 'xL36J', 'xL24J', 'xL37J', 'xL30J', 'xL1J', 'xL13J', 'xL8J'}
| | | | | | | | +-- , 25 , {27} , {'xL20J', 'xL3J', 'xL24J', 'xL30J', 'xL1J', 'xL13J', 'xL8J'}
| | | | | | | | | +-- , 27 , {29} , {'xL20J', 'xL6J', 'xL3J', 'xL24J', 'xL13J', 'xL8J'}
| | | | | | | | | | +-- , 29 , set() , {'xL6J', 'xL39J', 'xL3J', 'xL24J', 'xL13J', 'xL8J'}
| | | | | | +-- , 31 , set() , {'xL12J', 'xL22J', 'xL11J', 'xL9J', 'xL36J', 'xL27J', 'xL26J'}
| | | | +-- , 35 , set() , {'xL29J', 'xL35J', 'xL1J', 'xL31J', 'xL4J', 'xL7J'}
| +-- , 39 , set() , {'xL5J', 'xL17J'}
| +-- , 41 , set() , {'xL38J', 'xL37J', 'xL15J'}
| +-- , 43 , set() , {'xL16J', 'xL9J', 'xL0J', 'xL35J'}
| +-- , 45 , set() , {'xL21J', 'xL29J', 'xL37J', 'xL35J', 'xL19J'}


Max number of edges with non zero Y: 31
Max number of iterations of outer rounding loop: 10
Max number of candidate sets: 2
Time spent rounding: 60.465
Time spent solving Separator LP: 0.143

LP Solver: gammaPlusFractionalCoverHeuristic