22, 2.231202148489785, 7.5, 8
+-- , 0 , {50, 8, 46} , {'xL21J', 'xL39J', 'xL29J', 'xL23J', 'xL9J', 'xL3J', 'xL24J', 'xL0J', 'xL1J', 'xL31J', 'xL13J', 'xL8J', 'xL7J'}
| +-- , 50 , set() , {'xL4J', 'xL1J', 'xL7J', 'xL29J'}
| +-- , 8 , {11, 42, 44} , {'xL21J', 'xL29J', 'xL23J', 'xL9J', 'xL3J', 'xL24J', 'xL37J', 'xL0J', 'xL35J', 'xL1J', 'xL31J', 'xL13J', 'xL8J', 'xL7J'}
| | +-- , 11 , {13} , {'xL21J', 'xL23J', 'xL36J', 'xL9J', 'xL35J', 'xL29J', 'xL3J', 'xL24J', 'xL37J', 'xL0J', 'xL1J', 'xL31J', 'xL13J', 'xL8J'}
| | | +-- , 13 , {16, 24, 26} , {'xL21J', 'xL23J', 'xL36J', 'xL9J', 'xL35J', 'xL29J', 'xL3J', 'xL24J', 'xL37J', 'xL0J', 'xL1J', 'xL31J', 'xL17J', 'xL8J', 'xL34J'}
| | | | +-- , 16 , {18} , {'xL23J', 'xL24J', 'xL33J', 'xL37J', 'xL0J', 'xL3J', 'xL35J', 'xL17J', 'xL8J', 'xL34J'}
| | | | | +-- , 18 , {20} , {'xL23J', 'xL24J', 'xL2J', 'xL37J', 'xL33J', 'xL3J', 'xL35J', 'xL8J'}
| | | | | | +-- , 20 , {22} , {'xL38J', 'xL3J', 'xL33J', 'xL2J', 'xL37J', 'xL35J', 'xL8J'}
| | | | | | | +-- , 22 , set() , {'xL38J', 'xL37J', 'xL15J'}
| | | | +-- , 24 , set() , {'xL5J', 'xL17J'}
| | | | +-- , 26 , {28, 38} , {'xL21J', 'xL23J', 'xL36J', 'xL9J', 'xL35J', 'xL32J', 'xL29J', 'xL3J', 'xL24J', 'xL37J', 'xL0J', 'xL1J', 'xL31J', 'xL17J'}
| | | | | +-- , 28 , {30} , {'xL9J', 'xL36J', 'xL28J', 'xL35J', 'xL32J', 'xL29J', 'xL3J', 'xL24J', 'xL37J', 'xL0J', 'xL1J', 'xL31J', 'xL17J'}
| | | | | | +-- , 30 , {32} , {'xL25J', 'xL9J', 'xL36J', 'xL28J', 'xL35J', 'xL29J', 'xL3J', 'xL24J', 'xL37J', 'xL0J', 'xL1J', 'xL31J', 'xL17J'}
| | | | | | | +-- , 32 , {34, 36} , {'xL11J', 'xL29J', 'xL25J', 'xL9J', 'xL36J', 'xL24J', 'xL0J', 'xL28J', 'xL27J', 'xL1J', 'xL31J', 'xL17J'}
| | | | | | | | +-- , 34 , set() , {'xL22J', 'xL12J', 'xL11J', 'xL29J', 'xL9J', 'xL36J', 'xL24J', 'xL27J', 'xL1J', 'xL26J'}
| | | | | | | | +-- , 36 , set() , {'xL10J', 'xL27J'}
| | | | | +-- , 38 , {40} , {'xL21J', 'xL29J', 'xL23J', 'xL14J', 'xL0J', 'xL1J', 'xL32J', 'xL17J'}
| | | | | | +-- , 40 , set() , {'xL19J', 'xL14J', 'xL21J', 'xL23J'}
| | +-- , 42 , set() , {'xL16J', 'xL9J', 'xL0J', 'xL35J'}
| | +-- , 44 , set() , {'xL31J', 'xL18J', 'xL35J'}
| +-- , 46 , {48} , {'xL30J', 'xL1J', 'xL6J', 'xL39J'}
| | +-- , 48 , set() , {'xL30J', 'xL1J', 'xL20J', 'xL6J'}


Max number of edges with non zero Y: 28
Max number of iterations of outer rounding loop: 4
Max number of candidate sets: 2
Time spent rounding: 45.760
Time spent solving Separator LP: 0.963

LP Solver: GaifmanBoosted