53, 1.25, 5.0, 5
+-- , 0 , {3, 119, 59} , {'xL9JL11J', 'xL9JL7J', 'xL12JL5J', 'xL14JL5J', 'xL13JL5J', 'xL9JL9J', 'xL9JL8J', 'xL9JL10J'}
| +-- , 3 , {6} , {'xL12JL5J', 'xL14JL5J', 'xL13JL5J', 'xL10JL8J', 'xL9JL9J', 'xL9JL8J', 'xL10JL9J', 'xL11JL8J', 'xL11JL9J'}
| | +-- , 6 , {8, 55} , {'xL12JL5J', 'xL11JL11J', 'xL11JL10J', 'xL14JL5J', 'xL11JL9J', 'xL13JL5J', 'xL11JL8J', 'xL11JL7J'}
| | | +-- , 8 , {10} , {'xL14JL7J', 'xL12JL5J', 'xL14JL5J', 'xL13JL7J', 'xL13JL5J', 'xL12JL7J', 'xL11JL7J'}
| | | | +-- , 10 , {13} , {'xL14JL7J', 'xL14JL6J', 'xL12JL5J', 'xL14JL4J', 'xL14JL5J', 'xL13JL7J', 'xL13JL5J', 'xL14JL8J', 'xL12JL7J'}
| | | | | +-- , 13 , {15} , {'xL13JL8J', 'xL12JL6J', 'xL14JL6J', 'xL13JL4J', 'xL12JL5J', 'xL13JL6J', 'xL14JL4J', 'xL13JL7J', 'xL13JL5J', 'xL14JL8J', 'xL12JL7J'}
| | | | | | +-- , 15 , {17} , {'xL14JL4J', 'xL13JL8J', 'xL15JL4J', 'xL14JL8J', 'xL13JL4J', 'xL15JL8J'}
| | | | | | | +-- , 17 , {19} , {'xL15JL4J', 'xL15JL9J', 'xL15JL8J'}
| | | | | | | | +-- , 19 , {21} , {'xL16JL9J', 'xL15JL4J', 'xL15JL9J'}
| | | | | | | | | +-- , 21 , {23} , {'xL16JL10J', 'xL16JL9J', 'xL16JL11J', 'xL15JL4J', 'xL15JL3J'}
| | | | | | | | | | +-- , 23 , {25} , {'xL16JL10J', 'xL16JL11J', 'xL16JL3J', 'xL15JL3J'}
| | | | | | | | | | | +-- , 25 , {27} , {'xL16JL10J', 'xL16JL3J', 'xL16JL1J', 'xL16JL11J', 'xL16JL2J'}
| | | | | | | | | | | | +-- , 27 , {49, 29} , {'xL16JL10J', 'xL16JL1J', 'xL18JL9J', 'xL18JL8J', 'xL18JL7J', 'xL16JL11J', 'xL16JL2J'}
| | | | | | | | | | | | | +-- , 49 , {51} , {'xL16JL10J', 'xL18JL9J', 'xL18JL8J', 'xL18JL7J', 'xL16JL11J', 'xL18JL10J'}
| | | | | | | | | | | | | | +-- , 51 , {53} , {'xL16JL10J', 'xL16JL11J', 'xL18JL10J', 'xL17JL10J'}
| | | | | | | | | | | | | | | +-- , 53 , set() , {'xL17JL11J', 'xL16JL11J', 'xL17JL10J'}
| | | | | | | | | | | | | +-- , 29 , {31, 47} , {'xL16JL1J', 'xL18JL9J', 'xL18JL8J', 'xL18JL7J', 'xL16JL2J', 'xL18JL2J'}
| | | | | | | | | | | | | | +-- , 31 , {33} , {'xL18JL3J', 'xL18JL9J', 'xL18JL8J', 'xL18JL7J', 'xL18JL5J', 'xL18JL4J', 'xL18JL2J'}
| | | | | | | | | | | | | | | +-- , 33 , {43, 35} , {'xL18JL3J', 'xL17JL5J', 'xL16JL5J', 'xL18JL9J', 'xL18JL8J', 'xL18JL7J', 'xL18JL5J', 'xL18JL4J'}
| | | | | | | | | | | | | | | | +-- , 43 , {45} , {'xL18JL3J', 'xL17JL5J', 'xL16JL5J', 'xL19JL5J', 'xL18JL5J', 'xL18JL4J'}
| | | | | | | | | | | | | | | | | +-- , 45 , set() , {'xL18JL3J', 'xL19JL5J', 'xL19JL3J', 'xL18JL4J', 'xL19JL4J'}
| | | | | | | | | | | | | | | | +-- , 35 , {37, 39} , {'xL19JL7J', 'xL17JL5J', 'xL16JL5J', 'xL18JL9J', 'xL18JL8J', 'xL18JL7J'}
| | | | | | | | | | | | | | | | | +-- , 37 , set() , {'xL19JL7J', 'xL19JL9J', 'xL19JL8J', 'xL18JL9J', 'xL18JL8J'}
| | | | | | | | | | | | | | | | | +-- , 39 , {41} , {'xL19JL7J', 'xL16JL5J', 'xL17JL5J', 'xL16JL7J', 'xL18JL7J', 'xL17JL7J'}
| | | | | | | | | | | | | | | | | | +-- , 41 , set() , {'xL16JL5J', 'xL17JL5J', 'xL16JL7J', 'xL17JL6J', 'xL17JL7J', 'xL16JL6J'}
| | | | | | | | | | | | | | +-- , 47 , set() , {'xL17JL1J', 'xL16JL1J', 'xL17JL2J', 'xL16JL2J', 'xL18JL2J'}
| | | +-- , 55 , set() , {'xL12JL10J', 'xL13JL11J', 'xL11JL11J', 'xL11JL10J', 'xL14JL11J', 'xL13JL10J', 'xL14JL10J', 'xL12JL11J'}
| +-- , 119 , set() , {'xL6JL10J', 'xL6JL11J', 'xL9JL11J', 'xL7JL11J', 'xL7JL10J', 'xL8JL11J', 'xL8JL10J', 'xL9JL10J'}
| +-- , 59 , {61} , {'xL14JL5J', 'xL13JL5J', 'xL11JL5J', 'xL9JL7J', 'xL12JL5J'}
| | +-- , 61 , {63} , {'xL8JL7J', 'xL11JL5J', 'xL9JL7J', 'xL7JL7J', 'xL6JL7J'}
| | | +-- , 63 , {65, 116} , {'xL8JL7J', 'xL11JL4J', 'xL11JL5J', 'xL7JL7J', 'xL11JL2J', 'xL11JL1J', 'xL6JL7J', 'xL11JL3J'}
| | | | +-- , 65 , {68} , {'xL8JL7J', 'xL11JL4J', 'xL10JL3J', 'xL7JL7J', 'xL6JL7J', 'xL9JL3J', 'xL11JL3J'}
| | | | | +-- , 68 , {70} , {'xL8JL7J', 'xL11JL4J', 'xL10JL3J', 'xL7JL7J', 'xL9JL4J', 'xL6JL7J', 'xL10JL4J', 'xL9JL3J'}
| | | | | | +-- , 70 , {112, 72} , {'xL8JL7J', 'xL9JL5J', 'xL9JL1J', 'xL7JL7J', 'xL9JL4J', 'xL6JL7J', 'xL9JL2J', 'xL9JL3J'}
| | | | | | | +-- , 112 , set() , {'xL8JL1J', 'xL6JL1J', 'xL9JL1J', 'xL6JL2J', 'xL7JL1J', 'xL7JL2J', 'xL9JL2J', 'xL8JL2J'}
| | | | | | | +-- , 72 , {74} , {'xL8JL7J', 'xL9JL5J', 'xL7JL7J', 'xL8JL5J', 'xL7JL5J', 'xL6JL5J', 'xL6JL7J'}
| | | | | | | | +-- , 74 , {77} , {'xL7JL4J', 'xL8JL7J', 'xL7JL8J', 'xL7JL7J', 'xL7JL5J', 'xL8JL5J', 'xL6JL5J', 'xL6JL7J', 'xL7JL6J'}
| | | | | | | | | +-- , 77 , {79} , {'xL7JL4J', 'xL8JL7J', 'xL6JL8J', 'xL7JL8J', 'xL8JL5J', 'xL8JL6J', 'xL6JL5J', 'xL6JL7J', 'xL7JL6J', 'xL6JL4J', 'xL6JL6J'}
| | | | | | | | | | +-- , 79 , {81} , {'xL7JL4J', 'xL6JL8J', 'xL7JL8J', 'xL5JL8J', 'xL5JL4J', 'xL6JL4J'}
| | | | | | | | | | | +-- , 81 , {83} , {'xL5JL3J', 'xL5JL8J', 'xL5JL4J', 'xL5JL9J'}
| | | | | | | | | | | | +-- , 83 , {85} , {'xL5JL3J', 'xL4JL9J', 'xL5JL9J'}
| | | | | | | | | | | | | +-- , 85 , {87} , {'xL5JL3J', 'xL4JL11J', 'xL4JL10J', 'xL4JL9J', 'xL4JL3J'}
| | | | | | | | | | | | | | +-- , 87 , {89} , {'xL4JL10J', 'xL4JL3J', 'xL4JL2J', 'xL4JL11J', 'xL4JL1J'}
| | | | | | | | | | | | | | | +-- , 89 , {104, 95} , {'xL4JL10J', 'xL2JL9J', 'xL3JL7J', 'xL1JL9J', 'xL1JL4J', 'xL4JL7J', 'xL4JL2J', 'xL4JL11J', 'xL4JL1J', 'xL2JL4J'}
| | | | | | | | | | | | | | | | +-- , 104 , {106} , {'xL4JL10J', 'xL2JL9J', 'xL3JL7J', 'xL1JL9J', 'xL4JL7J', 'xL4JL11J', 'xL1JL7J', 'xL2JL7J'}
| | | | | | | | | | | | | | | | | +-- , 106 , {108} , {'xL4JL10J', 'xL2JL9J', 'xL1JL9J', 'xL1JL8J', 'xL2JL8J', 'xL4JL11J', 'xL2JL10J', 'xL1JL7J', 'xL2JL7J'}
| | | | | | | | | | | | | | | | | | +-- , 108 , {110} , {'xL4JL11J', 'xL4JL10J', 'xL2JL10J', 'xL3JL10J'}
| | | | | | | | | | | | | | | | | | | +-- , 110 , set() , {'xL3JL11J', 'xL4JL11J', 'xL3JL10J'}
| | | | | | | | | | | | | | | | +-- , 95 , {98, 102} , {'xL2JL2J', 'xL2JL5J', 'xL1JL3J', 'xL3JL7J', 'xL1JL5J', 'xL4JL7J', 'xL1JL4J', 'xL4JL2J', 'xL4JL1J', 'xL2JL3J', 'xL2JL4J'}
| | | | | | | | | | | | | | | | | +-- , 98 , {100} , {'xL2JL5J', 'xL3JL7J', 'xL3JL5J', 'xL1JL5J', 'xL4JL5J', 'xL4JL7J'}
| | | | | | | | | | | | | | | | | | +-- , 100 , set() , {'xL3JL7J', 'xL3JL5J', 'xL4JL5J', 'xL4JL7J', 'xL4JL6J', 'xL3JL6J'}
| | | | | | | | | | | | | | | | | +-- , 102 , set() , {'xL2JL2J', 'xL3JL1J', 'xL3JL2J', 'xL4JL2J', 'xL4JL1J'}
| | | | +-- , 116 , set() , {'xL13JL2J', 'xL13JL1J', 'xL11JL2J', 'xL11JL1J', 'xL14JL1J', 'xL12JL2J', 'xL12JL1J', 'xL14JL2J'}


Max number of edges with non zero Y: 5
Max number of iterations of outer rounding loop: 3
Max number of candidate sets: 2
Time spent rounding: 14.607
Time spent solving Separator LP: 0.822
Total time spent solving: 21.595

LP Solver: GaifmanBoosted
Lower Bound Witness = ({'xL9JL5J', 'xL2JL9J', 'xL9JL7J', 'xL4JL11J', 'xL2JL10J', 'xL18JL10J', 'xL10JL4J', 'xL1JL7J', 'xL6JL6J', 'xL19JL7J', 'xL17JL1J', 'xL17JL5J', 'xL13JL4J', 'xL6JL5J', 'xL18JL7J', 'xL10JL8J', 'xL9JL9J', 'xL11JL3J', 'xL11JL7J', 'xL3JL7J', 'xL13JL1J', 'xL4JL3J', 'xL2JL8J', 'xL10JL9J', 'xL14JL1J', 'xL8JL10J', 'xL2JL2J', 'xL13JL2J', 'xL4JL6J', 'xL16JL11J', 'xL12JL11J', 'xL16JL5J', 'xL3JL1J', 'xL3JL2J', 'xL16JL6J', 'xL9JL10J', 'xL19JL9J', 'xL3JL5J', 'xL10JL3J', 'xL7JL10J', 'xL13JL6J', 'xL4JL1J', 'xL11JL8J', 'xL2JL5J', 'xL18JL3J', 'xL6JL11J', 'xL7JL11J', 'xL6JL1J', 'xL1JL9J', 'xL13JL7J', 'xL2JL4J', 'xL11JL9J', 'xL17JL10J', 'xL6JL10J', 'xL12JL6J', 'xL6JL8J', 'xL4JL10J', 'xL4JL9J', 'xL11JL5J', 'xL11JL4J', 'xL14JL7J', 'xL11JL10J', 'xL6JL2J', 'xL14JL5J', 'xL3JL11J', 'xL12JL1J', 'xL3JL6J', 'xL13JL11J', 'xL4JL7J', 'xL16JL2J', 'xL9JL2J', 'xL5JL4J', 'xL7JL6J', 'xL18JL2J', 'xL13JL8J', 'xL14JL6J', 'xL16JL1J', 'xL1JL5J', 'xL15JL9J', 'xL4JL5J', 'xL7JL1J', 'xL7JL2J', 'xL8JL2J', 'xL6JL4J', 'xL12JL7J', 'xL9JL3J', 'xL2JL7J', 'xL19JL4J', 'xL16JL10J', 'xL16JL3J', 'xL12JL10J', 'xL15JL8J', 'xL13JL10J', 'xL13JL5J', 'xL18JL4J', 'xL14JL10J', 'xL8JL7J', 'xL19JL5J', 'xL19JL8J', 'xL7JL7J', 'xL17JL2J', 'xL18JL8J', 'xL11JL11J', 'xL4JL2J', 'xL5JL8J', 'xL12JL2J', 'xL7JL4J', 'xL1JL4J', 'xL9JL4J', 'xL17JL11J', 'xL11JL1J', 'xL8JL11J', 'xL8JL1J', 'xL5JL9J', 'xL8JL5J', 'xL18JL9J', 'xL5JL3J', 'xL11JL2J', 'xL8JL6J', 'xL19JL3J', 'xL15JL4J', 'xL2JL3J', 'xL14JL2J', 'xL16JL9J', 'xL1JL3J', 'xL9JL11J', 'xL15JL3J', 'xL12JL5J', 'xL14JL4J', 'xL14JL8J', 'xL17JL6J', 'xL17JL7J', 'xL7JL8J', 'xL9JL1J', 'xL16JL7J', 'xL7JL5J', 'xL1JL8J', 'xL14JL11J', 'xL18JL5J', 'xL6JL7J', 'xL9JL8J', 'xL3JL10J'}, {'xL11JL5J', 'xL7JL2J', 'xL13JL7J', 'xL9JL9J', 'xL17JL7J'})