12, 1.6215463922651934, 4.5, 5
+-- , 0 , {7, 11, 29} , {'xL18J', 'xL4J', 'xL3J', 'xL1J', 'xL11J', 'xL10J', 'xL2J', 'xL6J', 'xL9J'}
| +-- , 7 , set() , {'xL16J', 'xL6J', 'xL1J', 'xL10J'}
| +-- , 11 , {27, 13} , {'xL4J', 'xL3J', 'xL17J', 'xL1J', 'xL11J', 'xL10J', 'xL2J', 'xL6J', 'xL9J'}
| | +-- , 27 , set() , {'xL17J', 'xL1J', 'xL5J', 'xL11J', 'xL2J', 'xL6J'}
| | +-- , 13 , {17, 15} , {'xL4J', 'xL3J', 'xL17J', 'xL8J', 'xL1J', 'xL11J', 'xL10J', 'xL6J', 'xL9J'}
| | | +-- , 17 , {25, 19} , {'xL4J', 'xL3J', 'xL17J', 'xL13J', 'xL8J', 'xL1J', 'xL10J', 'xL9J'}
| | | | +-- , 25 , set() , {'xL0J', 'xL4J', 'xL13J', 'xL8J', 'xL1J'}
| | | | +-- , 19 , {21} , {'xL13J', 'xL17J', 'xL8J', 'xL1J', 'xL19J', 'xL10J', 'xL9J'}
| | | | | +-- , 21 , {23} , {'xL12J', 'xL10J', 'xL8J', 'xL1J', 'xL19J'}
| | | | | | +-- , 23 , set() , {'xL12J', 'xL8J', 'xL15J'}
| | | +-- , 15 , set() , {'xL8J', 'xL3J', 'xL7J', 'xL1J'}
| +-- , 29 , set() , {'xL4J', 'xL14J', 'xL11J', 'xL10J'}


Max number of edges with non zero Y: 14
Max number of iterations of outer rounding loop: 5
Max number of candidate sets: 2
Time spent rounding: 10.284
Time spent solving Separator LP: 0.154
Total time spent solving: 11.871

LP Solver: GaifmanNormal
Lower Bound Witness = ({'xL18J', 'xL12J', 'xL4J', 'xL3J', 'xL17J', 'xL0J', 'xL13J', 'xL8J', 'xL7J', 'xL1J', 'xL15J', 'xL19J', 'xL5J', 'xL11J', 'xL10J', 'xL2J', 'xL6J', 'xL9J'}, {'xL18J', 'xL4J', 'xL3J', 'xL1J', 'xL11J', 'xL10J', 'xL2J', 'xL6J'})