10, 0, 7.333333333333333, 9
+-- , 11 , {7} , {'2', '74', '70', '19', '86', '15', '7', '28', '13', '67', '3', '51', '6', '24', '41', '61', '32', '5', '34', '42', '23', '40', '77', '71', '56', '49', '81', '80', '48', '27', '47', '25', '35', '79', '30', '17', '45', '53', '59', '31', '52', '26', '16', '22', '65', '58', '39', '63', '60', '75', '10', '43', '12', '18', '66', '68', '62', '21', '73', '46'}
| +-- , 7 , {5, 9, 13} , {'74', '70', '19', '15', '28', '13', '3', '6', '24', '41', '61', '5', '34', '42', '40', '54', '77', '56', '49', '81', '48', '27', '47', '17', '53', '72', '50', '0', '52', '16', '65', '63', '60', '12', '62', '11', '69', '2', '86', '7', '67', '51', '32', '55', '23', '71', '80', '35', '25', '30', '45', '31', '26', '22', '58', '39', '75', '43', '66', '21', '73', '46'}
| | +-- , 5 , {3, 15} , {'74', '70', '19', '15', '28', '13', '3', '6', '41', '61', '5', '34', '37', '42', '40', '54', '77', '56', '49', '81', '48', '27', '47', '83', '17', '53', '72', '50', '0', '52', '16', '9', '65', '63', '60', '12', '76', '62', '11', '69', '2', '86', '7', '67', '51', '32', '55', '23', '71', '80', '85', '35', '25', '30', '31', '26', '22', '58', '39', '75', '43', '66', '21', '73', '46'}
| | | +-- , 3 , {0, 17} , {'74', '70', '19', '15', '28', '13', '3', '6', '41', '61', '5', '34', '37', '42', '44', '40', '54', '77', '56', '49', '81', '48', '27', '47', '83', '17', '53', '72', '50', '0', '78', '52', '16', '9', '65', '63', '60', '12', '76', '33', '62', '11', '69', '2', '86', '7', '67', '29', '51', '32', '55', '87', '23', '71', '80', '85', '35', '30', '31', '26', '84', '22', '58', '39', '75', '43', '66', '21', '73', '46'}
| | | | +-- , 0 , {19} , {'74', '70', '19', '15', '28', '13', '3', '6', '61', '5', '34', '37', '42', '44', '40', '77', '56', '49', '81', '48', '27', '47', '83', '17', '53', '72', '50', '0', '78', '52', '16', '9', '65', '63', '60', '12', '76', '33', '62', '11', '69', '2', '86', '4', '67', '29', '51', '32', '55', '87', '23', '71', '85', '35', '30', '31', '26', '84', '22', '58', '39', '75', '43', '66', '21', '73', '46'}
| | | | | +-- , 19 , set() , {'69', '74', '70', '2', '19', '86', '15', '4', '28', '67', '29', '38', '8', '51', '6', '3', '32', '5', '55', '34', '87', '37', '42', '44', '23', '40', '77', '71', '56', '49', '81', '85', '48', '27', '47', '35', '83', '30', '17', '57', '72', '50', '0', '31', '78', '52', '26', '16', '9', '22', '65', '84', '58', '39', '63', '60', '75', '12', '76', '66', '33', '62', '21', '73', '11', '46'}
| | | | +-- , 17 , set() , {'41', '82', '48', '32', '39', '7', '34', '44', '23', '29', '42', '40', '33', '6', '78'}
| | | +-- , 15 , set() , {'26', '69', '41', '70', '9', '74', '47', '48', '25', '42', '64', '40', '72', '54', '51', '49'}
| | +-- , 9 , set() , {'24', '69', '2', '61', '5', '27', '32', '58', '39', '36', '54', '3', '49', '80', '52', '11'}
| | +-- , 13 , set() , {'24', '2', '69', '61', '65', '5', '55', '15', '7', '75', '17', '72', '50', '0', '14', '46'}


Max number of edges with non zero Y: 12
Max number of iterations of outer rounding loop: 1
Max number of candidate sets: 2
Time spent rounding: 0.046
Time spent solving Separator LP: 0.012
Total time spent solving: 0.392

LP Solver: gammaPlusFractionalCoverHeuristic
Number of Rounding Attemps: 2
Lower Bound Witness = ({'19', '15', '28', '8', '3', '41', '5', '54', '77', '56', '81', '17', '53', '50', '0', '9', '60', '18', '12', '62', '11', '69', '86', '4', '67', '29', '32', '23', '71', '85', '35', '25', '79', '30', '14', '84', '58', '75', '43', '64', '21', '73', '74', '70', '36', '13', '38', '6', '24', '61', '34', '37', '42', '44', '40', '49', '48', '27', '47', '83', '59', '72', '78', '52', '16', '65', '63', '10', '76', '33', '68', '2', '82', '7', '51', '55', '87', '80', '57', '45', '31', '26', '22', '39', '66', '46'}, {'9', '55', '13', '53', '0'})