10, 0, 7.25, 10
+-- , 0 , {8, 26} , {'74', '70', '19', '15', '38', '8', '3', '24', '41', '61', '5', '37', '42', '44', '40', '77', '49', '56', '48', '27', '47', '83', '17', '59', '53', '72', '50', '0', '16', '65', '60', '10', '18', '76', '68', '33', '69', '2', '86', '7', '4', '67', '51', '32', '87', '23', '71', '80', '85', '25', '30', '57', '45', '31', '22', '58', '39', '75', '66', '21', '73', '46'}
| +-- , 8 , {22, 24, 12} , {'74', '70', '19', '15', '8', '3', '38', '24', '41', '61', '5', '37', '42', '44', '40', '54', '77', '56', '49', '48', '27', '47', '83', '17', '59', '53', '72', '50', '0', '52', '16', '9', '65', '60', '18', '76', '33', '68', '11', '69', '2', '86', '7', '4', '67', '51', '32', '87', '23', '71', '80', '85', '25', '30', '57', '45', '31', '26', '22', '58', '39', '75', '66', '73', '46'}
| | +-- , 22 , set() , {'24', '69', '2', '61', '5', '27', '32', '58', '39', '36', '54', '3', '49', '80', '52', '11'}
| | +-- , 24 , set() , {'26', '69', '41', '70', '9', '74', '47', '48', '25', '42', '64', '40', '72', '54', '51', '49'}
| | +-- , 12 , {16, 14} , {'74', '70', '19', '15', '28', '13', '38', '8', '3', '41', '61', '5', '37', '42', '44', '40', '54', '77', '56', '49', '48', '27', '47', '83', '17', '59', '53', '72', '50', '0', '78', '52', '16', '9', '65', '60', '18', '12', '76', '33', '62', '68', '11', '69', '2', '86', '7', '4', '67', '51', '32', '87', '23', '71', '80', '85', '35', '25', '30', '57', '45', '31', '26', '22', '58', '39', '75', '66', '73', '46'}
| | | +-- , 16 , {18} , {'74', '70', '19', '15', '28', '13', '38', '8', '6', '41', '5', '37', '42', '44', '40', '54', '77', '56', '49', '81', '48', '27', '47', '83', '17', '59', '72', '50', '0', '78', '52', '16', '9', '65', '63', '18', '12', '76', '33', '62', '68', '11', '69', '2', '86', '7', '4', '67', '51', '32', '87', '23', '71', '80', '85', '35', '25', '30', '57', '31', '26', '22', '58', '39', '75', '66', '73', '46'}
| | | | +-- , 18 , {20} , {'69', '74', '70', '2', '19', '86', '15', '7', '4', '28', '67', '29', '38', '8', '51', '6', '41', '32', '5', '34', '87', '42', '44', '23', '40', '54', '77', '71', '56', '49', '81', '80', '85', '48', '35', '47', '83', '79', '30', '17', '57', '59', '72', '0', '31', '78', '52', '26', '16', '9', '22', '65', '84', '39', '75', '12', '33', '62', '73', '11', '46'}
| | | | | +-- , 20 , set() , {'41', '82', '48', '32', '39', '7', '34', '44', '23', '29', '42', '40', '33', '6', '78'}
| | | +-- , 14 , set() , {'2', '19', '15', '4', '28', '13', '3', '41', '61', '5', '77', '56', '35', '47', '17', '45', '53', '78', '26', '16', '22', '60', '43', '12', '18', '33', '62', '46'}
| +-- , 26 , set() , {'69', '2', '19', '15', '7', '4', '38', '8', '51', '3', '24', '32', '61', '5', '55', '87', '37', '42', '23', '40', '49', '85', '25', '83', '30', '17', '57', '53', '72', '50', '0', '31', '14', '22', '65', '75', '76', '46'}


Max number of edges with non zero Y: 19
Max number of iterations of outer rounding loop: 4
Max number of candidate sets: 2
Time spent rounding: 3.027
Time spent solving Separator LP: 0.075
Total time spent solving: 4.809

LP Solver: gammaPlusFractionalCoverHeuristic
Number of Rounding Attemps: 8
Lower Bound Witness = ({'19', '15', '28', '8', '3', '41', '5', '54', '77', '56', '81', '17', '53', '50', '0', '9', '60', '18', '12', '62', '11', '69', '86', '4', '67', '29', '32', '23', '71', '85', '35', '25', '79', '30', '14', '84', '58', '75', '43', '64', '21', '73', '74', '70', '36', '13', '38', '6', '24', '61', '34', '37', '42', '44', '40', '49', '48', '27', '47', '83', '59', '72', '78', '52', '16', '65', '63', '10', '76', '33', '68', '2', '82', '7', '51', '55', '87', '80', '57', '45', '31', '26', '22', '39', '66', '46'}, {'32', '22', '85', '8', '50'})