25, 2.605916634403206, 7.0, 7
+-- , 0 , {51, 53, 5, 55, 43} , {'xL22J', 'xL24J', 'xL1J', 'xL0J', 'xL20J', 'xL21J', 'xL37J', 'xL9J', 'xL26J', 'xL29J', 'xL15J'}
| +-- , 51 , set() , {'xL18J', 'xL0J'}
| +-- , 53 , set() , {'xL21J', 'xL14J', 'xL22J'}
| +-- , 5 , {9} , {'xL22J', 'xL24J', 'xL30J', 'xL0J', 'xL20J', 'xL37J', 'xL26J', 'xL32J', 'xL9J', 'xL15J', 'xL16J', 'xL1J', 'xL25J', 'xL21J'}
| | +-- , 9 , {41, 13} , {'xL30J', 'xL24J', 'xL22J', 'xL0J', 'xL37J', 'xL26J', 'xL32J', 'xL15J', 'xL16J', 'xL1J', 'xL27J', 'xL2J', 'xL25J'}
| | | +-- , 41 , set() , {'xL16J', 'xL1J', 'xL2J', 'xL38J', 'xL32J'}
| | | +-- , 13 , {15, 39} , {'xL30J', 'xL24J', 'xL22J', 'xL0J', 'xL37J', 'xL26J', 'xL17J', 'xL15J', 'xL16J', 'xL1J', 'xL27J', 'xL2J', 'xL25J'}
| | | | +-- , 15 , {17, 29} , {'xL30J', 'xL24J', 'xL22J', 'xL0J', 'xL37J', 'xL26J', 'xL17J', 'xL15J', 'xL35J', 'xL16J', 'xL1J', 'xL27J', 'xL25J'}
| | | | | +-- , 17 , {19, 23, 27} , {'xL35J', 'xL30J', 'xL24J', 'xL0J', 'xL25J', 'xL37J', 'xL8J', 'xL17J', 'xL36J', 'xL15J'}
| | | | | | +-- , 19 , {21} , {'xL35J', 'xL30J', 'xL25J', 'xL23J', 'xL8J', 'xL17J', 'xL36J', 'xL15J'}
| | | | | | | +-- , 21 , set() , {'xL35J', 'xL30J', 'xL23J', 'xL8J', 'xL17J', 'xL36J', 'xL15J', 'xL31J'}
| | | | | | +-- , 23 , {25} , {'xL35J', 'xL8J', 'xL25J', 'xL36J', 'xL6J'}
| | | | | | | +-- , 25 , set() , {'xL25J', 'xL33J', 'xL6J'}
| | | | | | +-- , 27 , set() , {'xL13J', 'xL37J', 'xL8J'}
| | | | | +-- , 29 , {33, 37, 31} , {'xL35J', 'xL16J', 'xL27J', 'xL1J', 'xL22J', 'xL37J', 'xL26J', 'xL15J', 'xL4J'}
| | | | | | +-- , 33 , {35} , {'xL35J', 'xL16J', 'xL1J', 'xL19J', 'xL4J'}
| | | | | | | +-- , 35 , set() , {'xL10J', 'xL19J'}
| | | | | | +-- , 37 , set() , {'xL22J', 'xL27J', 'xL1J', 'xL37J', 'xL4J', 'xL11J'}
| | | | | | +-- , 31 , set() , {'xL15J', 'xL4J', 'xL12J'}
| | | | +-- , 39 , set() , {'xL17J', 'xL28J'}
| +-- , 55 , set() , {'xL3J', 'xL22J', 'xL9J'}
| +-- , 43 , {45, 47} , {'xL22J', 'xL34J', 'xL0J', 'xL20J', 'xL21J', 'xL37J', 'xL29J', 'xL15J'}
| | +-- , 45 , set() , {'xL29J', 'xL5J', 'xL34J'}
| | +-- , 47 , {49} , {'xL21J', 'xL37J', 'xL7J', 'xL34J', 'xL15J'}
| | | +-- , 49 , set() , {'xL39J', 'xL37J', 'xL7J'}


Max number of edges with non zero Y: 26
Max number of iterations of outer rounding loop: 4
Max number of candidate sets: 2
Time spent rounding: 19.311
Time spent solving Separator LP: 1.703

LP Solver: GaifmanNormal