30, 1.0769225384615386, 5.0, 5
+-- , 0 , {3, 35, 63} , {'xL2JL4J', 'xL8JL10J', 'xL5JL4J', 'xL8JL7J', 'xL4JL4J', 'xL3JL4J'}
| +-- , 3 , {5, 31} , {'xL5JL10J', 'xL2JL7J', 'xL7JL10J', 'xL2JL4J', 'xL8JL10J', 'xL6JL10J', 'xL2JL5J', 'xL2JL6J'}
| | +-- , 5 , {7} , {'xL5JL10J', 'xL2JL7J', 'xL7JL10J', 'xL4JL7J', 'xL3JL7J', 'xL6JL10J'}
| | | +-- , 7 , {10} , {'xL5JL10J', 'xL3JL9J', 'xL3JL10J', 'xL7JL10J', 'xL4JL7J', 'xL3JL7J', 'xL6JL10J', 'xL3JL8J'}
| | | | +-- , 10 , {12} , {'xL3JL9J', 'xL5JL10J', 'xL3JL10J', 'xL7JL10J', 'xL4JL7J', 'xL6JL10J', 'xL3JL8J', 'xL4JL9J', 'xL4JL8J'}
| | | | | +-- , 12 , {14} , {'xL3JL9J', 'xL5JL8J', 'xL5JL10J', 'xL3JL10J', 'xL7JL10J', 'xL6JL10J', 'xL3JL8J', 'xL4JL9J', 'xL4JL8J'}
| | | | | | +-- , 14 , {16} , {'xL3JL9J', 'xL5JL8J', 'xL5JL11J', 'xL2JL9J', 'xL3JL10J', 'xL7JL10J', 'xL2JL10J', 'xL6JL10J', 'xL4JL9J', 'xL5JL10J', 'xL5JL9J', 'xL5JL12J', 'xL1JL10J'}
| | | | | | | +-- , 16 , {18} , {'xL1JL11J', 'xL5JL11J', 'xL2JL9J', 'xL7JL10J', 'xL2JL12J', 'xL2JL10J', 'xL2JL13J', 'xL5JL12J', 'xL6JL10J', 'xL2JL11J', 'xL1JL10J'}
| | | | | | | | +-- , 18 , {24, 20} , {'xL5JL11J', 'xL7JL10J', 'xL2JL12J', 'xL4JL11J', 'xL2JL13J', 'xL6JL10J', 'xL5JL12J'}
| | | | | | | | | +-- , 24 , {26} , {'xL6JL11J', 'xL6JL10J', 'xL7JL11J', 'xL5JL11J', 'xL7JL10J', 'xL4JL11J'}
| | | | | | | | | | +-- , 26 , {28} , {'xL7JL12J', 'xL7JL11J', 'xL7JL10J', 'xL7JL13J'}
| | | | | | | | | | | +-- , 28 , set() , {'xL9JL13J', 'xL8JL13J', 'xL7JL13J', 'xL9JL12J', 'xL7JL12J', 'xL8JL12J'}
| | | | | | | | | +-- , 20 , {22} , {'xL4JL12J', 'xL2JL12J', 'xL2JL13J', 'xL4JL11J', 'xL4JL13J', 'xL5JL12J'}
| | | | | | | | | | +-- , 22 , set() , {'xL3JL13J', 'xL3JL12J', 'xL4JL12J', 'xL2JL12J', 'xL2JL13J', 'xL4JL13J', 'xL5JL12J'}
| | +-- , 31 , {33} , {'xL2JL5J', 'xL2JL6J', 'xL1JL5J'}
| | | +-- , 33 , set() , {'xL2JL6J', 'xL1JL5J', 'xL1JL6J'}
| +-- , 35 , {37} , {'xL6JL7J', 'xL8JL7J', 'xL4JL4J', 'xL3JL4J', 'xL7JL7J', 'xL5JL4J'}
| | +-- , 37 , {61, 44} , {'xL6JL7J', 'xL8JL4J', 'xL7JL6J', 'xL5JL6J', 'xL8JL2J', 'xL8JL5J', 'xL4JL4J', 'xL3JL4J', 'xL7JL7J', 'xL6JL6J', 'xL9JL4J', 'xL5JL4J', 'xL8JL1J', 'xL7JL4J', 'xL8JL3J'}
| | | +-- , 61 , set() , {'xL9JL4J', 'xL9JL3J', 'xL8JL3J'}
| | | +-- , 44 , {46} , {'xL6JL7J', 'xL7JL6J', 'xL8JL2J', 'xL8JL5J', 'xL5JL5J', 'xL7JL7J', 'xL6JL6J', 'xL5JL4J', 'xL7JL4J', 'xL6JL5J', 'xL5JL2J', 'xL5JL6J', 'xL4JL4J', 'xL3JL4J', 'xL5JL3J', 'xL8JL1J', 'xL7JL5J'}
| | | | +-- , 46 , {48, 57} , {'xL5JL2J', 'xL8JL2J', 'xL4JL4J', 'xL3JL4J', 'xL6JL3J', 'xL5JL3J', 'xL8JL1J'}
| | | | | +-- , 48 , {50} , {'xL6JL3J', 'xL5JL3J', 'xL4JL3J', 'xL3JL3J', 'xL4JL4J', 'xL3JL4J'}
| | | | | | +-- , 50 , {52} , {'xL3JL2J', 'xL3JL3J', 'xL3JL1J', 'xL3JL4J'}
| | | | | | | +-- , 52 , {55} , {'xL3JL2J', 'xL2JL1J', 'xL1JL1J', 'xL3JL1J'}
| | | | | | | | +-- , 55 , set() , {'xL2JL1J', 'xL3JL2J', 'xL1JL2J', 'xL2JL2J', 'xL1JL1J'}
| | | | | +-- , 57 , {59} , {'xL6JL2J', 'xL5JL2J', 'xL8JL2J', 'xL6JL1J', 'xL6JL3J', 'xL8JL1J'}
| | | | | | +-- , 59 , set() , {'xL6JL2J', 'xL5JL2J', 'xL8JL2J', 'xL6JL1J', 'xL7JL1J', 'xL7JL2J', 'xL8JL1J'}
| +-- , 63 , {65} , {'xL8JL10J', 'xL8JL9J', 'xL8JL7J', 'xL8JL8J'}
| | +-- , 65 , {67} , {'xL9JL8J', 'xL8JL9J', 'xL8JL8J'}
| | | +-- , 67 , set() , {'xL9JL8J', 'xL8JL9J', 'xL9JL9J'}


Max number of edges with non zero Y: 7
Max number of iterations of outer rounding loop: 3
Max number of candidate sets: 2
Time spent rounding: 23.033
Time spent solving Separator LP: 0.586
Total time spent solving: 29.642

LP Solver: GaifmanNormal
Lower Bound Witness = ({'xL6JL2J', 'xL6JL7J', 'xL8JL4J', 'xL5JL5J', 'xL7JL4J', 'xL8JL3J', 'xL2JL1J', 'xL6JL5J', 'xL5JL6J', 'xL1JL2J', 'xL3JL1J', 'xL3JL4J', 'xL7JL1J', 'xL7JL2J', 'xL9JL3J', 'xL3JL2J', 'xL7JL6J', 'xL8JL2J', 'xL8JL5J', 'xL7JL7J', 'xL6JL6J', 'xL9JL4J', 'xL5JL4J', 'xL1JL1J', 'xL5JL2J', 'xL4JL3J', 'xL4JL4J', 'xL6JL1J', 'xL2JL2J', 'xL6JL3J', 'xL5JL3J', 'xL3JL3J', 'xL8JL1J', 'xL7JL5J'}, {'xL6JL7J', 'xL8JL4J', 'xL7JL6J', 'xL5JL6J', 'xL4JL4J', 'xL3JL4J', 'xL7JL7J', 'xL6JL6J', 'xL9JL4J', 'xL5JL4J', 'xL7JL4J'})