54, 2.7458512923514538, 10.0, 10
+-- , 0 , {5, 99, 101, 103, 105, 107, 109, 93} , {'zL40J', 'xL0J', 'zL11J', 'xL7J', 'xL8J', 'xL6J', 'xL5J', 'zL20J', 'yL10J', 'zL5J', 'zL10J', 'xL9J', 'xL2J', 'xL3J', 'zL4J', 'zL23J'}
| +-- , 5 , {7} , {'zL40J', 'xL0J', 'zL11J', 'xL7J', 'xL8J', 'xL6J', 'zL20J', 'xL5J', 'zL16J', 'zL39J', 'zL5J', 'zL10J', 'xL9J', 'xL2J', 'yL4J', 'xL3J', 'zL23J', 'zL38J'}
| | +-- , 7 , {9} , {'zL40J', 'xL0J', 'zL11J', 'xL7J', 'xL8J', 'xL6J', 'zL20J', 'xL5J', 'zL16J', 'zL39J', 'zL5J', 'yL9J', 'zL10J', 'xL9J', 'xL2J', 'xL3J', 'zL36J', 'zL23J', 'zL38J'}
| | | +-- , 9 , {91, 11} , {'zL40J', 'xL0J', 'zL11J', 'xL7J', 'xL8J', 'xL6J', 'zL20J', 'xL5J', 'zL16J', 'zL39J', 'zL5J', 'zL22J', 'zL10J', 'xL9J', 'xL2J', 'xL3J', 'zL36J', 'zL23J', 'zL38J'}
| | | | +-- , 91 , set() , {'xL0J', 'zL22J', 'xL3J', 'zL21J', 'zL20J'}
| | | | +-- , 11 , {89, 13} , {'zL40J', 'xL7J', 'zL39J', 'zL10J', 'xL9J', 'zL36J', 'zL38J', 'xL0J', 'zL11J', 'zL53J', 'xL8J', 'xL6J', 'xL5J', 'zL16J', 'zL52J', 'zL5J', 'zL22J', 'xL2J', 'xL3J', 'zL23J'}
| | | | | +-- , 89 , set() , {'zL52J', 'yL13J', 'xL0J'}
| | | | | +-- , 13 , {73, 75, 77, 15, 83, 21, 85, 87} , {'zL40J', 'xL0J', 'xL4J', 'zL11J', 'xL7J', 'zL53J', 'xL8J', 'xL6J', 'xL5J', 'zL16J', 'zL39J', 'zL5J', 'zL22J', 'zL10J', 'xL9J', 'xL2J', 'xL3J', 'zL36J', 'zL23J', 'zL38J'}
| | | | | | +-- , 73 , set() , {'xL4J', 'zL1J', 'zL2J', 'xL9J', 'zL3J', 'zL0J', 'yL0J', 'xL8J', 'xL6J', 'xL5J', 'w3'}
| | | | | | +-- , 75 , set() , {'yL6J', 'xL4J', 'xL0J', 'zL24J', 'zL25J', 'xL7J', 'xL2J', 'w9', 'xL3J', 'zL26J', 'zL27J'}
| | | | | | +-- , 77 , {79} , {'zL5J', 'xL0J', 'xL4J', 'zL6J', 'xL7J'}
| | | | | | | +-- , 79 , {81} , {'zL7J', 'xL0J', 'xL4J', 'zL6J'}
| | | | | | | | +-- , 81 , set() , {'zL7J', 'w4', 'xL0J'}
| | | | | | +-- , 15 , {17} , {'zL53J', 'zL54J', 'xL4J', 'xL9J', 'xL3J'}
| | | | | | | +-- , 17 , {19} , {'zL54J', 'zL55J', 'xL9J', 'xL3J'}
| | | | | | | | +-- , 19 , set() , {'xL9J', 'w16', 'zL55J'}
| | | | | | +-- , 83 , set() , {'xL4J', 'xL5J', 'xL7J', 'zL46J', 'zL47J', 'xL8J', 'xL6J', 'yL11J', 'zL44J', 'zL45J', 'w14'}
| | | | | | +-- , 21 , {69, 23} , {'zL40J', 'xL4J', 'xL0J', 'xL7J', 'zL17J', 'xL8J', 'xL6J', 'zL32J', 'zL30J', 'xL5J', 'yL8J', 'zL16J', 'zL31J', 'zL39J', 'zL10J', 'xL9J', 'xL2J', 'xL3J'}
| | | | | | | +-- , 69 , {71} , {'zL28J', 'xL8J', 'zL30J', 'xL5J', 'zL29J', 'xL3J'}
| | | | | | | | +-- , 71 , set() , {'zL28J', 'xL8J', 'yL7J'}
| | | | | | | +-- , 23 , {25} , {'zL40J', 'yL2J', 'xL4J', 'xL0J', 'xL7J', 'zL17J', 'xL8J', 'xL6J', 'zL32J', 'xL5J', 'zL31J', 'zL39J', 'zL8J', 'zL10J', 'xL9J', 'xL2J', 'xL3J', 'zL18J'}
| | | | | | | | +-- , 25 , {67, 27} , {'zL40J', 'xL0J', 'xL4J', 'xL7J', 'xL8J', 'xL6J', 'zL32J', 'xL5J', 'zL34J', 'zL31J', 'zL39J', 'zL33J', 'zL8J', 'zL49J', 'xL9J', 'zL10J', 'xL2J', 'xL3J', 'zL18J', 'zL48J'}
| | | | | | | | | +-- , 67 , set() , {'zL48J', 'yL12J', 'xL8J'}
| | | | | | | | | +-- , 27 , {29, 63} , {'zL40J', 'zL66J', 'xL0J', 'xL4J', 'xL7J', 'xL8J', 'xL6J', 'xL5J', 'zL34J', 'zL31J', 'zL39J', 'zL8J', 'zL49J', 'xL9J', 'zL10J', 'xL2J', 'zL65J', 'xL3J', 'zL18J'}
| | | | | | | | | | +-- , 29 , {35, 39, 45, 47, 49, 53, 55, 59, 61, 31} , {'zL40J', 'zL66J', 'xL0J', 'xL4J', 'xL7J', 'xL8J', 'xL6J', 'xL5J', 'zL34J', 'zL31J', 'zL39J', 'zL8J', 'zL49J', 'xL9J', 'zL10J', 'xL2J', 'xL3J', 'xL1J', 'zL18J'}
| | | | | | | | | | | +-- , 35 , {37} , {'zL66J', 'xL8J', 'xL1J', 'zL67J'}
| | | | | | | | | | | | +-- , 37 , set() , {'w19', 'zL67J', 'xL1J'}
| | | | | | | | | | | +-- , 39 , {41} , {'zL40J', 'zL41J', 'xL7J', 'xL9J', 'xL8J', 'xL1J'}
| | | | | | | | | | | | +-- , 41 , {43} , {'zL42J', 'xL8J', 'xL1J', 'zL41J', 'xL9J'}
| | | | | | | | | | | | | +-- , 43 , set() , {'zL42J', 'w13', 'zL43J', 'xL9J', 'xL8J'}
| | | | | | | | | | | +-- , 45 , set() , {'zL72J', 'xL7J', 'xL2J', 'xL3J', 'w21', 'xL1J', 'xL5J', 'zL75J', 'zL73J', 'zL74J', 'yL18J'}
| | | | | | | | | | | +-- , 47 , set() , {'zL12J', 'zL13J', 'xL0J', 'xL4J', 'xL7J', 'w6', 'zL14J', 'yL3J', 'xL8J', 'xL1J', 'zL15J'}
| | | | | | | | | | | +-- , 49 , {51} , {'zL50J', 'xL1J', 'zL49J', 'xL7J', 'xL3J'}
| | | | | | | | | | | | +-- , 51 , set() , {'w15', 'xL7J', 'zL51J', 'xL3J', 'zL50J'}
| | | | | | | | | | | +-- , 53 , set() , {'zL8J', 'zL10J', 'xL8J', 'xL1J', 'zL9J'}
| | | | | | | | | | | +-- , 55 , {57} , {'xL6J', 'xL1J', 'zL35J', 'zL34J'}
| | | | | | | | | | | | +-- , 57 , set() , {'xL6J', 'zL35J', 'w11'}
| | | | | | | | | | | +-- , 59 , set() , {'w10', 'zL31J', 'xL1J'}
| | | | | | | | | | | +-- , 61 , set() , {'w12', 'zL39J', 'xL1J'}
| | | | | | | | | | | +-- , 31 , {33} , {'zL18J', 'zL19J', 'xL1J', 'xL9J'}
| | | | | | | | | | | | +-- , 33 , set() , {'zL19J', 'xL9J', 'w7'}
| | | | | | | | | | +-- , 63 , {65} , {'zL64J', 'xL4J', 'xL3J', 'zL65J'}
| | | | | | | | | | | +-- , 65 , set() , {'yL16J', 'zL64J', 'xL3J'}
| | | | | | +-- , 85 , set() , {'xL4J', 'xL7J', 'zL36J', 'zL38J', 'zL37J'}
| | | | | | +-- , 87 , set() , {'zL11J', 'w5', 'xL4J'}
| +-- , 99 , set() , {'xL0J', 'xL5J', 'w20', 'xL7J', 'xL2J', 'zL71J', 'xL6J', 'yL17J', 'zL69J', 'zL70J', 'zL68J'}
| +-- , 101 , set() , {'xL7J', 'zL23J', 'w8'}
| +-- , 103 , set() , {'xL5J', 'yL5J', 'zL20J'}
| +-- , 105 , set() , {'zL59J', 'xL0J', 'zL58J', 'zL57J', 'xL9J', 'w17', 'xL7J', 'xL3J', 'xL8J', 'yL14J', 'zL56J'}
| +-- , 107 , set() , {'zL61J', 'zL60J', 'xL2J', 'xL3J', 'yL15J', 'xL8J', 'zL62J', 'xL6J', 'xL5J', 'zL63J', 'w18'}
| +-- , 109 , set() , {'zL4J', 'yL1J', 'xL3J'}
| +-- , 93 , {97, 95} , {'zL77J', 'xL0J', 'xL7J', 'xL3J', 'xL8J', 'xL6J', 'zL78J', 'zL76J', 'zL79J'}
| | +-- , 97 , set() , {'w22', 'xL0J', 'zL79J'}
| | +-- , 95 , set() , {'zL76J', 'yL19J', 'xL6J'}


Max number of edges with non zero Y: 18
Max number of iterations of outer rounding loop: 6
Max number of candidate sets: 2
Time spent rounding: 103.681
Time spent solving Separator LP: 15.378
Total time spent solving: 143.075

LP Solver: GaifmanBoosted
Lower Bound Witness = ({'yL6J', 'w17', 'zL63J', 'zL34J', 'zL79J', 'yL18J', 'zL8J', 'yL16J', 'zL49J', 'yL13J', 'yL4J', 'zL55J', 'xL1J', 'zL38J', 'zL9J', 'zL66J', 'zL59J', 'xL4J', 'zL11J', 'zL41J', 'w6', 'yL3J', 'yL15J', 'w21', 'zL35J', 'zL16J', 'zL52J', 'zL33J', 'yL1J', 'zL43J', 'zL25J', 'w11', 'xL3J', 'zL0J', 'zL27J', 'zL42J', 'w5', 'w8', 'zL46J', 'w22', 'zL45J', 'yL8J', 'zL24J', 'zL2J', 'xL9J', 'zL26J', 'zL7J', 'zL50J', 'zL36J', 'yL17J', 'zL75J', 'w14', 'w18', 'yL2J', 'w16', 'zL29J', 'xL8J', 'xL6J', 'zL30J', 'zL15J', 'zL31J', 'zL74J', 'w20', 'zL51J', 'zL14J', 'w19', 'zL76J', 'w7', 'zL72J', 'w15', 'xL7J', 'zL57J', 'zL60J', 'zL3J', 'w9', 'zL64J', 'w10', 'zL12J', 'zL77J', 'zL10J', 'zL28J', 'zL62J', 'zL6J', 'zL13J', 'xL0J', 'yL12J', 'yL0J', 'zL19J', 'zL21J', 'zL69J', 'zL56J', 'zL54J', 'yL9J', 'yL5J', 'zL5J', 'zL1J', 'zL22J', 'xL2J', 'yL11J', 'yL14J', 'zL23J', 'zL68J', 'zL73J', 'zL67J', 'zL40J', 'zL61J', 'zL71J', 'w4', 'yL19J', 'zL32J', 'yL10J', 'zL39J', 'zL58J', 'zL65J', 'zL4J', 'zL44J', 'zL18J', 'yL7J', 'zL47J', 'zL17J', 'zL53J', 'zL78J', 'xL5J', 'zL20J', 'w3', 'w13', 'w12', 'zL48J', 'zL70J', 'zL37J'}, {'zL61J', 'yL5J', 'yL2J', 'yL1J', 'zL11J', 'w20', 'zL49J', 'zL43J', 'w10', 'zL23J', 'yL8J', 'w18', 'zL9J'})