47, 0, 9.0, 9
+-- , 0 , {5, 55} , {'xL10JL5J', 'xL4JL10J', 'xL11JL5J', 'xL6JL11J', 'xL5JL9J', 'xL6JL9J', 'xL4JL11J', 'xL8JL6J', 'xL7JL6J', 'xL5JL11J', 'xL7JL9J', 'xL6JL6J', 'xL12JL5J', 'xL12JL6J', 'xL9JL6J'}
| +-- , 5 , {7} , {'xL4JL12J', 'xL11JL5J', 'xL4JL10J', 'xL6JL11J', 'xL11JL6J', 'xL4JL11J', 'xL11JL7J', 'xL11JL9J', 'xL9JL7J', 'xL7JL9J', 'xL11JL8J', 'xL12JL6J', 'xL9JL6J'}
| | +-- , 7 , {9} , {'xL4JL12J', 'xL6JL12J', 'xL6JL11J', 'xL11JL6J', 'xL2JL12J', 'xL11JL7J', 'xL11JL9J', 'xL9JL7J', 'xL7JL9J', 'xL1JL12J', 'xL11JL8J', 'xL12JL6J', 'xL3JL12J', 'xL6JL13J'}
| | | +-- , 9 , {11} , {'xL6JL12J', 'xL11JL6J', 'xL2JL12J', 'xL11JL7J', 'xL11JL9J', 'xL9JL7J', 'xL7JL9J', 'xL1JL12J', 'xL11JL8J', 'xL13JL6J', 'xL12JL6J', 'xL7JL10J', 'xL6JL13J', 'xL3JL12J', 'xL10JL7J'}
| | | | +-- , 11 , {13} , {'xL6JL12J', 'xL10JL8J', 'xL2JL12J', 'xL10JL10J', 'xL11JL9J', 'xL10JL11J', 'xL1JL12J', 'xL10JL9J', 'xL11JL8J', 'xL13JL6J', 'xL7JL10J', 'xL6JL13J', 'xL3JL12J', 'xL10JL7J'}
| | | | | +-- , 13 , {15} , {'xL6JL12J', 'xL9JL10J', 'xL10JL8J', 'xL2JL12J', 'xL10JL10J', 'xL11JL9J', 'xL8JL10J', 'xL10JL11J', 'xL1JL12J', 'xL10JL9J', 'xL11JL8J', 'xL7JL10J', 'xL6JL13J', 'xL13JL7J', 'xL3JL12J', 'xL13JL6J'}
| | | | | | +-- , 15 , {17} , {'xL6JL12J', 'xL9JL10J', 'xL10JL8J', 'xL2JL12J', 'xL11JL9J', 'xL8JL10J', 'xL10JL11J', 'xL1JL12J', 'xL10JL9J', 'xL11JL8J', 'xL13JL7J', 'xL3JL12J', 'xL15JL7J', 'xL6JL13J', 'xL14JL7J'}
| | | | | | | +-- , 17 , {19} , {'xL6JL12J', 'xL9JL10J', 'xL10JL8J', 'xL11JL9J', 'xL8JL10J', 'xL10JL11J', 'xL14JL10J', 'xL1JL12J', 'xL10JL9J', 'xL14JL8J', 'xL11JL8J', 'xL14JL7J', 'xL3JL12J', 'xL2JL12J', 'xL15JL7J', 'xL6JL13J', 'xL14JL9J'}
| | | | | | | | +-- , 19 , {21} , {'xL6JL12J', 'xL9JL10J', 'xL15JL8J', 'xL10JL8J', 'xL11JL9J', 'xL15JL9J', 'xL8JL10J', 'xL10JL11J', 'xL14JL10J', 'xL1JL12J', 'xL10JL9J', 'xL14JL8J', 'xL11JL8J', 'xL15JL10J', 'xL3JL12J', 'xL2JL12J', 'xL15JL7J', 'xL6JL13J', 'xL14JL9J'}
| | | | | | | | | +-- , 21 , {23} , {'xL8JL11J', 'xL13JL10J', 'xL9JL9J', 'xL9JL11J', 'xL12JL11J', 'xL11JL9J', 'xL8JL10J', 'xL14JL10J', 'xL12JL9J', 'xL13JL11J', 'xL2JL12J', 'xL6JL13J', 'xL13JL9J', 'xL6JL12J', 'xL12JL8J', 'xL9JL10J', 'xL10JL8J', 'xL15JL9J', 'xL10JL11J', 'xL1JL12J', 'xL10JL9J', 'xL11JL8J', 'xL15JL10J', 'xL11JL11J', 'xL3JL12J', 'xL14JL9J'}
| | | | | | | | | | +-- , 23 , {25} , {'xL13JL9J', 'xL6JL12J', 'xL9JL10J', 'xL13JL12J', 'xL13JL10J', 'xL8JL11J', 'xL9JL9J', 'xL12JL11J', 'xL9JL11J', 'xL8JL10J', 'xL1JL12J', 'xL6JL13J', 'xL11JL11J', 'xL13JL11J', 'xL2JL12J', 'xL3JL12J'}
| | | | | | | | | | | +-- , 25 , {27} , {'xL9JL12J', 'xL6JL12J', 'xL11JL12J', 'xL9JL10J', 'xL13JL12J', 'xL8JL11J', 'xL14JL12J', 'xL9JL9J', 'xL8JL13J', 'xL12JL12J', 'xL9JL11J', 'xL12JL11J', 'xL8JL10J', 'xL1JL12J', 'xL8JL12J', 'xL8JL15J', 'xL8JL14J', 'xL3JL12J', 'xL11JL11J', 'xL2JL12J', 'xL6JL13J'}
| | | | | | | | | | | | +-- , 27 , {45, 29} , {'xL6JL12J', 'xL11JL12J', 'xL14JL12J', 'xL5JL13J', 'xL8JL13J', 'xL7JL13J', 'xL2JL12J', 'xL12JL12J', 'xL12JL11J', 'xL7JL12J', 'xL1JL12J', 'xL8JL12J', 'xL8JL15J', 'xL8JL14J', 'xL3JL12J', 'xL11JL11J', 'xL9JL12J', 'xL6JL13J'}
| | | | | | | | | | | | | +-- , 45 , {47} , {'xL1JL12J', 'xL5JL14J', 'xL5JL15J', 'xL5JL13J', 'xL2JL12J', 'xL3JL12J'}
| | | | | | | | | | | | | | +-- , 47 , {49} , {'xL1JL12J', 'xL4JL14J', 'xL5JL14J', 'xL5JL15J', 'xL3JL14J', 'xL2JL14J', 'xL2JL12J', 'xL3JL12J'}
| | | | | | | | | | | | | | | +-- , 49 , {51} , {'xL1JL12J', 'xL4JL14J', 'xL5JL15J', 'xL3JL15J', 'xL3JL14J', 'xL2JL14J', 'xL2JL12J', 'xL4JL15J', 'xL3JL12J'}
| | | | | | | | | | | | | | | | +-- , 51 , {53} , {'xL1JL12J', 'xL2JL13J', 'xL3JL13J', 'xL3JL15J', 'xL3JL14J', 'xL2JL14J', 'xL2JL12J', 'xL2JL11J', 'xL3JL12J'}
| | | | | | | | | | | | | | | | | +-- , 53 , set() , {'xL1JL12J', 'xL2JL13J', 'xL3JL13J', 'xL1JL11J', 'xL1JL13J', 'xL2JL11J'}
| | | | | | | | | | | | | +-- , 29 , {31} , {'xL11JL12J', 'xL14JL12J', 'xL8JL15J', 'xL8JL14J', 'xL7JL13J', 'xL12JL12J', 'xL12JL11J', 'xL7JL14J', 'xL7JL12J', 'xL11JL11J'}
| | | | | | | | | | | | | | +-- , 31 , {33} , {'xL11JL12J', 'xL9JL14J', 'xL14JL12J', 'xL12JL12J', 'xL12JL11J', 'xL7JL14J', 'xL10JL14J', 'xL9JL15J', 'xL10JL15J', 'xL8JL15J', 'xL8JL14J', 'xL11JL11J'}
| | | | | | | | | | | | | | | +-- , 33 , {35} , {'xL11JL12J', 'xL10JL13J', 'xL12JL12J', 'xL14JL12J', 'xL10JL15J', 'xL11JL11J', 'xL12JL11J', 'xL10JL14J'}
| | | | | | | | | | | | | | | | +-- , 35 , {37} , {'xL11JL12J', 'xL10JL13J', 'xL14JL12J', 'xL12JL13J', 'xL12JL12J', 'xL12JL11J', 'xL11JL13J', 'xL11JL11J'}
| | | | | | | | | | | | | | | | | +-- , 37 , {39} , {'xL14JL15J', 'xL14JL14J', 'xL14JL12J', 'xL14JL13J', 'xL12JL13J', 'xL12JL12J', 'xL12JL11J', 'xL12JL14J'}
| | | | | | | | | | | | | | | | | | +-- , 39 , {41} , {'xL14JL15J', 'xL14JL14J', 'xL13JL14J', 'xL14JL13J', 'xL15JL14J', 'xL12JL14J'}
| | | | | | | | | | | | | | | | | | | +-- , 41 , {43} , {'xL14JL15J', 'xL15JL13J', 'xL13JL14J', 'xL14JL13J', 'xL15JL14J'}
| | | | | | | | | | | | | | | | | | | | +-- , 43 , set() , {'xL14JL15J', 'xL13JL15J', 'xL15JL13J', 'xL13JL14J', 'xL15JL14J', 'xL15JL15J'}
| +-- , 55 , {57} , {'xL10JL5J', 'xL4JL10J', 'xL5JL9J', 'xL6JL9J', 'xL8JL6J', 'xL12JL4J', 'xL7JL6J', 'xL5JL11J', 'xL6JL6J', 'xL12JL5J', 'xL12JL6J', 'xL5JL10J', 'xL3JL10J'}
| | +-- , 57 , {59} , {'xL10JL5J', 'xL5JL9J', 'xL6JL9J', 'xL8JL6J', 'xL5JL8J', 'xL12JL4J', 'xL5JL7J', 'xL7JL6J', 'xL5JL11J', 'xL6JL6J', 'xL3JL9J', 'xL5JL10J', 'xL3JL10J'}
| | | +-- , 59 , {61} , {'xL10JL5J', 'xL10JL4J', 'xL6JL9J', 'xL8JL6J', 'xL1JL9J', 'xL5JL8J', 'xL12JL4J', 'xL6JL8J', 'xL6JL5J', 'xL7JL6J', 'xL5JL7J', 'xL6JL6J', 'xL10JL3J', 'xL14JL4J', 'xL13JL4J', 'xL2JL9J', 'xL3JL9J', 'xL6JL7J', 'xL15JL4J'}
| | | | +-- , 61 , {68} , {'xL4JL5J', 'xL1JL9J', 'xL5JL8J', 'xL5JL7J', 'xL7JL6J', 'xL14JL4J', 'xL7JL2J', 'xL13JL4J', 'xL2JL9J', 'xL7JL5J', 'xL6JL7J', 'xL9JL2J', 'xL10JL4J', 'xL5JL5J', 'xL15JL5J', 'xL8JL6J', 'xL6JL8J', 'xL6JL5J', 'xL14JL5J', 'xL6JL2J', 'xL10JL3J', 'xL8JL5J', 'xL8JL2J', 'xL3JL5J', 'xL15JL4J'}
| | | | | +-- , 68 , {70} , {'xL4JL8J', 'xL15JL4J', 'xL4JL5J', 'xL1JL9J', 'xL5JL8J', 'xL7JL6J', 'xL5JL7J', 'xL2JL7J', 'xL14JL4J', 'xL7JL2J', 'xL13JL4J', 'xL7JL5J', 'xL2JL9J', 'xL6JL7J', 'xL9JL2J', 'xL10JL4J', 'xL5JL5J', 'xL15JL5J', 'xL8JL6J', 'xL7JL7J', 'xL1JL7J', 'xL6JL8J', 'xL4JL7J', 'xL14JL5J', 'xL6JL2J', 'xL10JL3J', 'xL8JL5J', 'xL8JL2J', 'xL3JL5J', 'xL3JL7J'}
| | | | | | +-- , 70 , {88, 72} , {'xL10JL4J', 'xL5JL5J', 'xL15JL5J', 'xL4JL5J', 'xL8JL6J', 'xL1JL9J', 'xL7JL7J', 'xL1JL7J', 'xL7JL6J', 'xL14JL5J', 'xL6JL3J', 'xL6JL2J', 'xL3JL7J', 'xL10JL3J', 'xL2JL7J', 'xL14JL4J', 'xL7JL2J', 'xL13JL4J', 'xL8JL5J', 'xL7JL5J', 'xL2JL9J', 'xL8JL2J', 'xL3JL5J', 'xL9JL2J', 'xL15JL4J'}
| | | | | | | +-- , 88 , {90, 101} , {'xL7JL4J', 'xL10JL4J', 'xL15JL5J', 'xL8JL1J', 'xL8JL6J', 'xL7JL7J', 'xL8JL3J', 'xL7JL6J', 'xL6JL2J', 'xL6JL3J', 'xL14JL5J', 'xL10JL3J', 'xL14JL4J', 'xL7JL2J', 'xL8JL4J', 'xL13JL4J', 'xL8JL5J', 'xL7JL5J', 'xL8JL2J', 'xL9JL2J', 'xL15JL4J'}
| | | | | | | | +-- , 90 , {92} , {'xL7JL4J', 'xL10JL4J', 'xL15JL5J', 'xL9JL3J', 'xL8JL3J', 'xL14JL5J', 'xL10JL3J', 'xL14JL4J', 'xL8JL4J', 'xL13JL4J', 'xL11JL3J', 'xL9JL4J', 'xL9JL2J', 'xL15JL4J'}
| | | | | | | | | +-- , 92 , {94} , {'xL11JL1J', 'xL11JL2J', 'xL14JL4J', 'xL15JL5J', 'xL13JL4J', 'xL11JL3J', 'xL14JL5J', 'xL15JL4J'}
| | | | | | | | | | +-- , 94 , {97} , {'xL11JL1J', 'xL11JL2J', 'xL15JL5J', 'xL13JL3J', 'xL13JL1J', 'xL14JL5J', 'xL14JL4J', 'xL13JL4J', 'xL13JL2J', 'xL15JL4J'}
| | | | | | | | | | | +-- , 97 , {99} , {'xL11JL1J', 'xL14JL3J', 'xL11JL2J', 'xL14JL4J', 'xL15JL5J', 'xL13JL3J', 'xL15JL3J', 'xL13JL1J', 'xL14JL2J', 'xL13JL2J', 'xL14JL5J', 'xL15JL4J'}
| | | | | | | | | | | | +-- , 99 , set() , {'xL12JL1J', 'xL11JL1J', 'xL11JL2J', 'xL13JL1J', 'xL14JL2J', 'xL13JL2J', 'xL12JL2J'}
| | | | | | | | +-- , 101 , set() , {'xL7JL1J', 'xL7JL2J', 'xL8JL1J', 'xL6JL1J', 'xL6JL2J', 'xL6JL3J'}
| | | | | | | +-- , 72 , {74} , {'xL5JL5J', 'xL4JL5J', 'xL1JL9J', 'xL5JL3J', 'xL1JL7J', 'xL6JL3J', 'xL2JL7J', 'xL2JL9J', 'xL4JL3J', 'xL3JL5J', 'xL3JL7J'}
| | | | | | | | +-- , 74 , {76} , {'xL5JL5J', 'xL4JL5J', 'xL1JL9J', 'xL5JL3J', 'xL1JL7J', 'xL2JL8J', 'xL2JL7J', 'xL2JL9J', 'xL4JL3J', 'xL3JL5J', 'xL2JL6J', 'xL3JL7J'}
| | | | | | | | | +-- , 76 , {78} , {'xL3JL6J', 'xL5JL5J', 'xL4JL5J', 'xL1JL9J', 'xL5JL3J', 'xL1JL7J', 'xL1JL6J', 'xL2JL8J', 'xL3JL4J', 'xL4JL3J', 'xL3JL5J', 'xL1JL8J', 'xL2JL6J', 'xL3JL7J'}
| | | | | | | | | | +-- , 78 , {80} , {'xL4JL2J', 'xL3JL4J', 'xL5JL5J', 'xL4JL5J', 'xL2JL4J', 'xL4JL3J', 'xL4JL4J', 'xL5JL3J', 'xL5JL4J'}
| | | | | | | | | | | +-- , 80 , {82} , {'xL4JL2J', 'xL2JL4J', 'xL2JL3J', 'xL2JL2J', 'xL2JL1J'}
| | | | | | | | | | | | +-- , 82 , {84} , {'xL4JL2J', 'xL3JL2J', 'xL2JL3J', 'xL1JL2J', 'xL2JL2J', 'xL2JL1J'}
| | | | | | | | | | | | | +-- , 84 , {86} , {'xL3JL2J', 'xL2JL3J', 'xL1JL2J', 'xL1JL3J', 'xL2JL1J'}
| | | | | | | | | | | | | | +-- , 86 , set() , {'xL3JL2J', 'xL1JL1J', 'xL1JL2J', 'xL3JL1J', 'xL1JL3J', 'xL2JL1J'}


Max number of edges with non zero Y: 56
Max number of iterations of outer rounding loop: 10
Max number of candidate sets: 2
Time spent rounding: 77.664
Time spent solving Separator LP: 0.348
Total time spent solving: 90.832

LP Solver: gammaPlusFractionalCoverHeuristic
Lower Bound Witness = ({'xL7JL4J', 'xL8JL11J', 'xL13JL10J', 'xL6JL9J', 'xL1JL1J', 'xL1JL9J', 'xL14JL13J', 'xL11JL7J', 'xL5JL4J', 'xL2JL2J', 'xL10JL14J', 'xL13JL4J', 'xL10JL15J', 'xL7JL10J', 'xL12JL9J', 'xL15JL14J', 'xL2JL12J', 'xL9JL3J', 'xL6JL12J', 'xL2JL13J', 'xL15JL3J', 'xL8JL6J', 'xL10JL8J', 'xL7JL13J', 'xL1JL7J', 'xL6JL5J', 'xL15JL9J', 'xL14JL5J', 'xL10JL11J', 'xL10JL3J', 'xL1JL12J', 'xL10JL9J', 'xL8JL5J', 'xL9JL4J', 'xL15JL10J', 'xL3JL15J', 'xL13JL7J', 'xL1JL8J', 'xL2JL6J', 'xL10JL7J', 'xL3JL7J', 'xL12JL1J', 'xL14JL9J', 'xL10JL5J', 'xL11JL5J', 'xL13JL12J', 'xL4JL5J', 'xL5JL13J', 'xL5JL3J', 'xL5JL8J', 'xL10JL10J', 'xL12JL4J', 'xL11JL9J', 'xL12JL14J', 'xL9JL7J', 'xL2JL1J', 'xL14JL10J', 'xL4JL14J', 'xL14JL4J', 'xL15JL13J', 'xL14JL8J', 'xL12JL6J', 'xL6JL1J', 'xL14JL2J', 'xL9JL6J', 'xL1JL11J', 'xL2JL11J', 'xL14JL7J', 'xL4JL12J', 'xL13JL15J', 'xL3JL6J', 'xL10JL4J', 'xL12JL8J', 'xL5JL5J', 'xL13JL3J', 'xL11JL6J', 'xL13JL14J', 'xL2JL14J', 'xL8JL3J', 'xL7JL7J', 'xL6JL6J', 'xL10JL13J', 'xL4JL3J', 'xL8JL2J', 'xL4JL15J', 'xL14JL3J', 'xL11JL1J', 'xL14JL15J', 'xL4JL10J', 'xL5JL9J', 'xL8JL1J', 'xL9JL9J', 'xL4JL4J', 'xL8JL13J', 'xL12JL12J', 'xL3JL1J', 'xL9JL11J', 'xL7JL6J', 'xL1JL6J', 'xL7JL12J', 'xL7JL1J', 'xL7JL2J', 'xL5JL14J', 'xL8JL4J', 'xL12JL5J', 'xL2JL9J', 'xL5JL10J', 'xL9JL2J', 'xL13JL6J', 'xL4JL2J', 'xL13JL9J', 'xL11JL12J', 'xL3JL2J', 'xL15JL8J', 'xL4JL7J', 'xL6JL2J', 'xL7JL9J', 'xL2JL8J', 'xL9JL15J', 'xL8JL12J', 'xL11JL8J', 'xL11JL11J', 'xL3JL5J', 'xL3JL12J', 'xL15JL4J', 'xL9JL12J', 'xL4JL8J', 'xL9JL14J', 'xL1JL2J', 'xL3JL14J', 'xL12JL13J', 'xL12JL11J', 'xL7JL14J', 'xL5JL11J', 'xL6JL3J', 'xL8JL10J', 'xL5JL7J', 'xL2JL7J', 'xL14JL14J', 'xL5JL15J', 'xL2JL4J', 'xL7JL5J', 'xL3JL9J', 'xL11JL3J', 'xL8JL14J', 'xL12JL2J', 'xL13JL11J', 'xL6JL7J', 'xL15JL7J', 'xL11JL13J', 'xL6JL13J', 'xL11JL2J', 'xL9JL10J', 'xL6JL11J', 'xL15JL5J', 'xL14JL12J', 'xL4JL11J', 'xL13JL1J', 'xL2JL3J', 'xL6JL8J', 'xL1JL3J', 'xL3JL4J', 'xL3JL13J', 'xL8JL15J', 'xL13JL2J', 'xL1JL13J', 'xL15JL15J', 'xL3JL10J'}, {'xL14JL15J', 'xL14JL14J', 'xL13JL12J', 'xL9JL2J', 'xL13JL6J'})