115, 1.9999981465265548, 2.0, 2
+-- , 0 , {123, 3} , {'IR4v13', 'Uqv13', 'Imv12', 'IR1v13', 'IR4v12'}
| +-- , 123 , {125} , {'IR5v12', 'Uqv13', 'Imv12', 'IR4v12'}
| | +-- , 125 , {127} , {'Umv12', 'IR5v12', 'IR3v12', 'IR4v12', 'Uqv13'}
| | | +-- , 127 , {129} , {'IR1v12', 'Umv12', 'IR5v12', 'IR2v12', 'Uqv12', 'IR3v12', 'IR4v12'}
| | | | +-- , 129 , {131} , {'IR1v12', 'Umv11', 'IR2v12', 'Uqv12', 'Iqv12'}
| | | | | +-- , 131 , {133} , {'Umv11', 'IR1v11', 'Imv11', 'IR4v11', 'Uqv11', 'Iqv12'}
| | | | | | +-- , 133 , {135} , {'IR1v11', 'Imv11', 'IR4v11', 'Uqv11', 'IR5v11'}
| | | | | | | +-- , 135 , {137} , {'IR1v11', 'IR3v11', 'IR2v11', 'IR4v11', 'Uqv11', 'IR5v11'}
| | | | | | | | +-- , 137 , {139} , {'IR1v11', 'Iqv11', 'Umv10', 'Uqv11', 'IR2v11'}
| | | | | | | | | +-- , 139 , {141} , {'Uqv10', 'Iqv11', 'Umv10', 'IR1v10', 'IR4v10'}
| | | | | | | | | | +-- , 141 , {143} , {'Uqv10', 'Iqv11', 'IR1v10', 'IR4v10', 'Imv10'}
| | | | | | | | | | | +-- , 143 , {145} , {'IR5v10', 'Uqv10', 'IR1v10', 'IR4v10', 'Imv10'}
| | | | | | | | | | | | +-- , 145 , {147} , {'IR5v10', 'Uqv10', 'IR1v10', 'IR3v10', 'IR4v10', 'IR2v10'}
| | | | | | | | | | | | | +-- , 147 , {149} , {'Umv9', 'IR2v10', 'Iqv10', 'IR1v10', 'Uqv10'}
| | | | | | | | | | | | | | +-- , 149 , {151} , {'Iqv10', 'Umv9', 'IR1v9', 'IR4v9', 'Uqv9'}
| | | | | | | | | | | | | | | +-- , 151 , {153} , {'Imv9', 'Iqv10', 'IR1v9', 'IR4v9', 'Uqv9'}
| | | | | | | | | | | | | | | | +-- , 153 , {155} , {'Imv9', 'IR5v9', 'IR1v9', 'IR4v9', 'Uqv9'}
| | | | | | | | | | | | | | | | | +-- , 155 , {157} , {'IR3v9', 'IR5v9', 'IR1v9', 'IR4v9', 'IR2v9', 'Uqv9'}
| | | | | | | | | | | | | | | | | | +-- , 157 , {159} , {'IR1v9', 'IR2v9', 'Uqv9', 'Iqv9'}
| | | | | | | | | | | | | | | | | | | +-- , 159 , {161} , {'Uqv9', 'Imv8', 'Umv8', 'Iqv9'}
| | | | | | | | | | | | | | | | | | | | +-- , 161 , {163} , {'IR1v8', 'IR4v8', 'Uqv8', 'Imv8', 'Umv8'}
| | | | | | | | | | | | | | | | | | | | | +-- , 163 , {165} , {'IR1v8', 'IR4v8', 'IR5v8', 'Imv8', 'Uqv8'}
| | | | | | | | | | | | | | | | | | | | | | +-- , 165 , {167} , {'IR2v8', 'IR1v8', 'IR4v8', 'IR5v8', 'Uqv8', 'IR3v8'}
| | | | | | | | | | | | | | | | | | | | | | | +-- , 167 , {169} , {'Uqv8', 'IR2v8', 'IR1v8', 'Umv7'}
| | | | | | | | | | | | | | | | | | | | | | | | +-- , 169 , {171} , {'IR2v8', 'IR1v8', 'Umv7', 'Iqv8'}
| | | | | | | | | | | | | | | | | | | | | | | | | +-- , 171 , {173} , {'IR1v7', 'Uqv7', 'Imv7', 'Umv7', 'IR4v7', 'Iqv8'}
| | | | | | | | | | | | | | | | | | | | | | | | | | +-- , 173 , {175} , {'IR1v7', 'Uqv7', 'Imv7', 'IR5v7', 'IR4v7'}
| | | | | | | | | | | | | | | | | | | | | | | | | | | +-- , 175 , {177} , {'IR2v7', 'IR1v7', 'Uqv7', 'IR3v7', 'IR5v7', 'IR4v7'}
| | | | | | | | | | | | | | | | | | | | | | | | | | | | +-- , 177 , {179} , {'Umv6', 'IR2v7', 'IR1v7', 'Uqv7'}
| | | | | | | | | | | | | | | | | | | | | | | | | | | | | +-- , 179 , {181} , {'Uqv6', 'IR2v7', 'IR1v7', 'Umv6', 'IR4v6', 'IR1v6', 'Iqv7'}
| | | | | | | | | | | | | | | | | | | | | | | | | | | | | | +-- , 181 , {183} , {'Uqv6', 'Imv6', 'IR4v6', 'IR1v6', 'Iqv7'}
| | | | | | | | | | | | | | | | | | | | | | | | | | | | | | | +-- , 183 , {185} , {'Uqv6', 'Imv6', 'IR5v6', 'IR4v6', 'IR1v6'}
| | | | | | | | | | | | | | | | | | | | | | | | | | | | | | | | +-- , 185 , {187} , {'Uqv6', 'IR5v6', 'IR4v6', 'IR1v6', 'IR2v6', 'IR3v6'}
| | | | | | | | | | | | | | | | | | | | | | | | | | | | | | | | | +-- , 187 , {189} , {'Uqv6', 'IR2v6', 'IR1v6', 'Umv5'}
| | | | | | | | | | | | | | | | | | | | | | | | | | | | | | | | | | +-- , 189 , {191} , {'Iqv6', 'Umv5', 'IR1v5', 'IR2v6', 'IR1v6', 'IR4v5', 'Uqv5'}
| | | | | | | | | | | | | | | | | | | | | | | | | | | | | | | | | | | +-- , 191 , {193} , {'Iqv6', 'Imv5', 'IR1v5', 'IR4v5', 'Uqv5'}
| | | | | | | | | | | | | | | | | | | | | | | | | | | | | | | | | | | | +-- , 193 , {195} , {'Imv5', 'IR5v5', 'IR1v5', 'IR4v5', 'Uqv5'}
| | | | | | | | | | | | | | | | | | | | | | | | | | | | | | | | | | | | | +-- , 195 , {197} , {'IR3v5', 'IR2v5', 'IR5v5', 'IR1v5', 'IR4v5', 'Uqv5'}
| | | | | | | | | | | | | | | | | | | | | | | | | | | | | | | | | | | | | | +-- , 197 , {199} , {'IR1v5', 'Uqv5', 'Iqv5', 'IR2v5'}
| | | | | | | | | | | | | | | | | | | | | | | | | | | | | | | | | | | | | | | +-- , 199 , {201} , {'Umv4', 'Uqv5', 'Iqv5'}
| | | | | | | | | | | | | | | | | | | | | | | | | | | | | | | | | | | | | | | | +-- , 201 , {203} , {'Umv4', 'Imv4', 'Iqv5'}
| | | | | | | | | | | | | | | | | | | | | | | | | | | | | | | | | | | | | | | | | +-- , 203 , {205} , {'Uqv4', 'Umv4', 'Imv4', 'IR1v4', 'IR5v4', 'IR4v4'}
| | | | | | | | | | | | | | | | | | | | | | | | | | | | | | | | | | | | | | | | | | +-- , 205 , {207} , {'Uqv4', 'IR2v4', 'IR1v4', 'IR5v4', 'IR3v4', 'IR4v4'}
| | | | | | | | | | | | | | | | | | | | | | | | | | | | | | | | | | | | | | | | | | | +-- , 207 , {209} , {'Iqv4', 'Uqv4', 'IR1v4', 'IR2v4'}
| | | | | | | | | | | | | | | | | | | | | | | | | | | | | | | | | | | | | | | | | | | | +-- , 209 , {211} , {'Iqv4', 'Uqv4', 'Umv3', 'Imv3'}
| | | | | | | | | | | | | | | | | | | | | | | | | | | | | | | | | | | | | | | | | | | | | +-- , 211 , {213} , {'Uqv3', 'Umv3', 'Imv3', 'IR5v3', 'IR1v3', 'IR4v3'}
| | | | | | | | | | | | | | | | | | | | | | | | | | | | | | | | | | | | | | | | | | | | | | +-- , 213 , {215} , {'Uqv3', 'IR3v3', 'IR5v3', 'IR1v3', 'IR2v3', 'IR4v3'}
| | | | | | | | | | | | | | | | | | | | | | | | | | | | | | | | | | | | | | | | | | | | | | | +-- , 215 , {217} , {'IR1v3', 'Umv2', 'Uqv3', 'IR2v3', 'Iqv3'}
| | | | | | | | | | | | | | | | | | | | | | | | | | | | | | | | | | | | | | | | | | | | | | | | +-- , 217 , {219} , {'IR1v2', 'Umv2', 'Imv2', 'IR4v2', 'Uqv2', 'Iqv3'}
| | | | | | | | | | | | | | | | | | | | | | | | | | | | | | | | | | | | | | | | | | | | | | | | | +-- , 219 , {221} , {'IR1v2', 'IR5v2', 'Imv2', 'IR4v2', 'Uqv2'}
| | | | | | | | | | | | | | | | | | | | | | | | | | | | | | | | | | | | | | | | | | | | | | | | | | +-- , 221 , {223} , {'IR1v2', 'IR2v2', 'IR5v2', 'IR3v2', 'IR4v2', 'Uqv2'}
| | | | | | | | | | | | | | | | | | | | | | | | | | | | | | | | | | | | | | | | | | | | | | | | | | | +-- , 223 , {225} , {'IR1v2', 'Umv1', 'IR2v2', 'Iqv2', 'Uqv2'}
| | | | | | | | | | | | | | | | | | | | | | | | | | | | | | | | | | | | | | | | | | | | | | | | | | | | +-- , 225 , {227} , {'Umv1', 'IR1v1', 'Iqv2', 'IR4v1', 'Imv1', 'Uqv1'}
| | | | | | | | | | | | | | | | | | | | | | | | | | | | | | | | | | | | | | | | | | | | | | | | | | | | | +-- , 227 , {229} , {'IR5v1', 'IR1v1', 'IR4v1', 'IR2v1', 'IR3v1', 'Imv1'}
| | | | | | | | | | | | | | | | | | | | | | | | | | | | | | | | | | | | | | | | | | | | | | | | | | | | | | +-- , 229 , set() , {'IR2v1', 'IR1v1', 'Iqv1'}
| +-- , 3 , {5} , {'IR4v13', 'Uqv13', 'Umv13', 'Imv12', 'IR1v13'}
| | +-- , 5 , {7} , {'IR4v13', 'Iqv13', 'Umv13', 'Imv12', 'IR1v13'}
| | | +-- , 7 , {9} , {'IR2v13', 'IR4v13', 'Iqv13', 'Umv13', 'IR1v13'}
| | | | +-- , 9 , {11} , {'IR2v13', 'IR4v13', 'IR5v13', 'IR3v13', 'Umv13', 'IR1v13'}
| | | | | +-- , 11 , {13} , {'Uqv14', 'IR4v13', 'Umv13', 'Imv13', 'IR5v13'}
| | | | | | +-- , 13 , {15} , {'Uqv14', 'Imv13', 'Iqv14'}
| | | | | | | +-- , 15 , {17} , {'IR1v14', 'IR2v14', 'Uqv14', 'IR4v14', 'Umv14', 'Iqv14'}
| | | | | | | | +-- , 17 , {19} , {'IR1v14', 'IR2v14', 'IR5v14', 'IR3v14', 'Umv14', 'IR4v14'}
| | | | | | | | | +-- , 19 , {21} , {'IR4v14', 'Umv14', 'Imv14', 'IR5v14'}
| | | | | | | | | | +-- , 21 , {23} , {'Uqv15', 'Iqv15', 'Umv14', 'Imv14'}
| | | | | | | | | | | +-- , 23 , {25} , {'Umv15', 'Uqv15', 'Iqv15', 'IR1v15', 'IR2v15', 'IR4v15'}
| | | | | | | | | | | | +-- , 25 , {27} , {'Umv15', 'IR1v15', 'IR3v15', 'IR2v15', 'IR4v15', 'IR5v15'}
| | | | | | | | | | | | | +-- , 27 , {29} , {'Umv15', 'Imv15', 'IR4v15', 'IR5v15'}
| | | | | | | | | | | | | | +-- , 29 , {31} , {'Umv15', 'Uqv16', 'Imv15', 'Iqv16'}
| | | | | | | | | | | | | | | +-- , 31 , {33} , {'Uqv16', 'IR1v16', 'Iqv16', 'Umv16', 'IR4v16'}
| | | | | | | | | | | | | | | | +-- , 33 , {35} , {'IR1v16', 'Iqv16', 'Umv16', 'IR2v16', 'IR4v16'}
| | | | | | | | | | | | | | | | | +-- , 35 , {37} , {'IR1v16', 'IR3v16', 'Umv16', 'IR5v16', 'IR2v16', 'IR4v16'}
| | | | | | | | | | | | | | | | | | +-- , 37 , {39} , {'IR4v16', 'Uqv17', 'Umv16', 'IR5v16'}
| | | | | | | | | | | | | | | | | | | +-- , 39 , {41} , {'IR1v17', 'Umv17', 'IR4v17', 'IR5v16', 'IR4v16', 'Uqv17'}
| | | | | | | | | | | | | | | | | | | | +-- , 41 , {43} , {'Imv16', 'IR1v17', 'Umv17', 'IR4v17', 'IR5v16', 'IR4v16'}
| | | | | | | | | | | | | | | | | | | | | +-- , 43 , {45} , {'Imv16', 'IR1v17', 'Iqv17', 'Umv17', 'IR4v17'}
| | | | | | | | | | | | | | | | | | | | | | +-- , 45 , {47} , {'IR1v17', 'Iqv17', 'IR2v17', 'IR4v17', 'Umv17'}
| | | | | | | | | | | | | | | | | | | | | | | +-- , 47 , {49} , {'IR3v17', 'IR1v17', 'IR5v17', 'IR4v17', 'Umv17', 'IR2v17'}
| | | | | | | | | | | | | | | | | | | | | | | | +-- , 49 , {51} , {'IR4v17', 'Imv17', 'IR5v17', 'Uqv18', 'Umv17'}
| | | | | | | | | | | | | | | | | | | | | | | | | +-- , 51 , {53} , {'Imv17', 'Uqv18', 'Iqv18'}
| | | | | | | | | | | | | | | | | | | | | | | | | | +-- , 53 , {55} , {'IR2v18', 'IR4v18', 'Uqv18', 'Iqv18', 'IR1v18', 'Umv18'}
| | | | | | | | | | | | | | | | | | | | | | | | | | | +-- , 55 , {57} , {'IR2v18', 'IR5v18', 'IR4v18', 'IR3v18', 'IR1v18', 'Umv18'}
| | | | | | | | | | | | | | | | | | | | | | | | | | | | +-- , 57 , {59} , {'Uqv19', 'Umv18', 'IR5v18', 'IR4v18', 'Imv18'}
| | | | | | | | | | | | | | | | | | | | | | | | | | | | | +-- , 59 , {61} , {'Imv18', 'IR4v19', 'IR1v19', 'Uqv19', 'Umv19'}
| | | | | | | | | | | | | | | | | | | | | | | | | | | | | | +-- , 61 , {63} , {'Imv18', 'IR4v19', 'Iqv19', 'IR1v19', 'Umv19'}
| | | | | | | | | | | | | | | | | | | | | | | | | | | | | | | +-- , 63 , {65} , {'IR4v19', 'Iqv19', 'IR1v19', 'IR2v19', 'Umv19'}
| | | | | | | | | | | | | | | | | | | | | | | | | | | | | | | | +-- , 65 , {67} , {'IR4v19', 'IR5v19', 'IR1v19', 'IR2v19', 'Umv19', 'IR3v19'}
| | | | | | | | | | | | | | | | | | | | | | | | | | | | | | | | | +-- , 67 , {69} , {'IR5v19', 'Uqv20', 'Imv19', 'Umv19', 'IR4v19'}
| | | | | | | | | | | | | | | | | | | | | | | | | | | | | | | | | | +-- , 69 , {71} , {'Uqv20', 'Imv19', 'Iqv20'}
| | | | | | | | | | | | | | | | | | | | | | | | | | | | | | | | | | | +-- , 71 , {73} , {'IR2v20', 'Iqv20', 'IR1v20', 'Uqv20', 'Umv20', 'IR4v20'}
| | | | | | | | | | | | | | | | | | | | | | | | | | | | | | | | | | | | +-- , 73 , {75} , {'IR2v20', 'IR3v20', 'IR1v20', 'Umv20', 'IR5v20', 'IR4v20'}
| | | | | | | | | | | | | | | | | | | | | | | | | | | | | | | | | | | | | +-- , 75 , {77} , {'Uqv21', 'Umv20', 'IR5v20', 'Imv20', 'IR4v20'}
| | | | | | | | | | | | | | | | | | | | | | | | | | | | | | | | | | | | | | +-- , 77 , {79} , {'Umv21', 'IR1v21', 'Iqv21', 'Uqv21', 'Imv20', 'IR4v21'}
| | | | | | | | | | | | | | | | | | | | | | | | | | | | | | | | | | | | | | | +-- , 79 , {81} , {'Umv21', 'IR1v21', 'Iqv21', 'IR4v21', 'IR2v21'}
| | | | | | | | | | | | | | | | | | | | | | | | | | | | | | | | | | | | | | | | +-- , 81 , {83} , {'Umv21', 'IR1v21', 'IR4v21', 'IR2v21', 'IR3v21'}
| | | | | | | | | | | | | | | | | | | | | | | | | | | | | | | | | | | | | | | | | +-- , 83 , {85} , {'Umv21', 'IR4v21', 'IR5v21', 'IR2v21', 'IR3v21'}
| | | | | | | | | | | | | | | | | | | | | | | | | | | | | | | | | | | | | | | | | | +-- , 85 , {87} , {'Umv21', 'IR4v21', 'IR5v21', 'Uqv22', 'Imv21'}
| | | | | | | | | | | | | | | | | | | | | | | | | | | | | | | | | | | | | | | | | | | +-- , 87 , {89} , {'Uqv22', 'Imv21', 'Iqv22', 'IR4v22', 'Umv22', 'IR1v22'}
| | | | | | | | | | | | | | | | | | | | | | | | | | | | | | | | | | | | | | | | | | | | +-- , 89 , {91} , {'Iqv22', 'IR4v22', 'Umv22', 'IR1v22', 'IR2v22'}
| | | | | | | | | | | | | | | | | | | | | | | | | | | | | | | | | | | | | | | | | | | | | +-- , 91 , {93} , {'IR3v22', 'Umv22', 'IR4v22', 'IR1v22', 'IR2v22', 'IR5v22'}
| | | | | | | | | | | | | | | | | | | | | | | | | | | | | | | | | | | | | | | | | | | | | | +-- , 93 , {95} , {'Imv22', 'IR5v22', 'Umv22', 'IR4v22', 'Uqv23'}
| | | | | | | | | | | | | | | | | | | | | | | | | | | | | | | | | | | | | | | | | | | | | | | +-- , 95 , {97} , {'IR4v23', 'Umv23', 'Uqv23', 'Imv22', 'IR1v23', 'Iqv23'}
| | | | | | | | | | | | | | | | | | | | | | | | | | | | | | | | | | | | | | | | | | | | | | | | +-- , 97 , {99} , {'IR4v23', 'Umv23', 'IR2v23', 'IR1v23', 'Iqv23'}
| | | | | | | | | | | | | | | | | | | | | | | | | | | | | | | | | | | | | | | | | | | | | | | | | +-- , 99 , {101} , {'IR4v23', 'IR5v23', 'Umv23', 'IR2v23', 'IR3v23', 'IR1v23'}
| | | | | | | | | | | | | | | | | | | | | | | | | | | | | | | | | | | | | | | | | | | | | | | | | | +-- , 101 , {103} , {'IR4v23', 'Uqv24', 'IR5v23', 'Umv23'}
| | | | | | | | | | | | | | | | | | | | | | | | | | | | | | | | | | | | | | | | | | | | | | | | | | | +-- , 103 , {105} , {'IR4v23', 'IR5v23', 'IR1v24', 'Uqv24', 'Umv24', 'Imv23', 'IR4v24'}
| | | | | | | | | | | | | | | | | | | | | | | | | | | | | | | | | | | | | | | | | | | | | | | | | | | | +-- , 105 , {107} , {'IR1v24', 'Umv24', 'Iqv24', 'Imv23', 'IR4v24'}
| | | | | | | | | | | | | | | | | | | | | | | | | | | | | | | | | | | | | | | | | | | | | | | | | | | | | +-- , 107 , {109} , {'IR2v24', 'IR1v24', 'Umv24', 'Iqv24', 'IR4v24'}
| | | | | | | | | | | | | | | | | | | | | | | | | | | | | | | | | | | | | | | | | | | | | | | | | | | | | | +-- , 109 , {111} , {'IR2v24', 'IR5v24', 'IR1v24', 'Umv24', 'IR3v24', 'IR4v24'}
| | | | | | | | | | | | | | | | | | | | | | | | | | | | | | | | | | | | | | | | | | | | | | | | | | | | | | | +-- , 111 , {113} , {'IR5v24', 'Umv24', 'Uqv25', 'Imv24', 'IR4v24'}
| | | | | | | | | | | | | | | | | | | | | | | | | | | | | | | | | | | | | | | | | | | | | | | | | | | | | | | | +-- , 113 , {121, 115} , {'Iqv25', 'Uqv25', 'IR4v25', 'Imv24', 'IR1v25', 'Umv25'}
| | | | | | | | | | | | | | | | | | | | | | | | | | | | | | | | | | | | | | | | | | | | | | | | | | | | | | | | | +-- , 121 , set() , {'Uqv26', 'Umv25'}
| | | | | | | | | | | | | | | | | | | | | | | | | | | | | | | | | | | | | | | | | | | | | | | | | | | | | | | | | +-- , 115 , {117, 119} , {'Imv25', 'IR5v25', 'IR2v25', 'Iqv25', 'IR4v25', 'IR1v25'}
| | | | | | | | | | | | | | | | | | | | | | | | | | | | | | | | | | | | | | | | | | | | | | | | | | | | | | | | | | +-- , 117 , set() , {'Iqv26', 'Imv25'}
| | | | | | | | | | | | | | | | | | | | | | | | | | | | | | | | | | | | | | | | | | | | | | | | | | | | | | | | | | +-- , 119 , set() , {'IR5v25', 'IR2v25', 'IR3v25', 'IR4v25', 'IR1v25'}


Max number of edges with non zero Y: 2
Max number of iterations of outer rounding loop: 0
Max number of candidate sets: 0
Time spent rounding: 0.000
Time spent solving Separator LP: 4.359
Total time spent solving: 9.115

LP Solver: GaifmanNormalILP
Lower Bound Witness = ({'IR3v3', 'Umv3', 'Uqv18', 'IR4v19', 'IR1v5', 'IR2v22', 'Imv24', 'IR4v15', 'IR2v1', 'Iqv8', 'IR1v12', 'Imv22', 'IR4v8', 'Umv10', 'IR3v25', 'IR3v2', 'IR1v25', 'IR4v3', 'Uqv6', 'Umv15', 'IR3v22', 'IR4v22', 'Iqv18', 'Umv17', 'Umv6', 'IR1v3', 'Imv15', 'Uqv9', 'IR3v8', 'Iqv23', 'Iqv21', 'IR1v16', 'Umv2', 'IR2v2', 'Iqv25', 'Uqv4', 'IR3v9', 'IR5v3', 'Umv5', 'IR5v14', 'IR4v25', 'IR4v10', 'Uqv19', 'IR4v7', 'IR1v21', 'Umv11', 'IR5v18', 'IR1v15', 'Uqv7', 'Iqv22', 'Uqv23', 'IR2v17', 'Umv9', 'IR2v23', 'IR2v9', 'Uqv8', 'IR3v1', 'IR4v14', 'Umv25', 'Imv25', 'Imv16', 'IR1v7', 'Uqv14', 'IR4v21', 'IR5v6', 'IR3v7', 'IR4v9', 'IR1v10', 'Iqv24', 'IR3v23', 'IR2v19', 'Umv20', 'Imv19', 'Uqv2', 'IR3v21', 'Imv14', 'Umv19', 'Iqv13', 'Uqv22', 'IR5v12', 'Iqv10', 'IR3v11', 'IR5v8', 'IR4v6', 'Umv7', 'IR2v10', 'IR4v24', 'Uqv16', 'IR4v13', 'IR5v21', 'IR1v14', 'IR3v16', 'Imv9', 'Iqv26', 'Umv22', 'IR3v20', 'Imv3', 'Uqv26', 'Uqv11', 'IR4v16', 'Imv12', 'IR2v21', 'IR2v6', 'IR4v5', 'IR3v14', 'IR3v6', 'Iqv5', 'IR4v4', 'Iqv3', 'IR1v2', 'Imv17', 'IR2v20', 'IR3v5', 'IR4v18', 'Iqv20', 'Umv16', 'IR4v11', 'IR3v15', 'IR1v18', 'IR2v11', 'Imv5', 'Uqv13', 'IR5v4', 'IR1v6', 'Iqv7', 'Umv21', 'IR4v23', 'IR1v11', 'IR2v12', 'Uqv12', 'IR3v12', 'Umv23', 'Iqv1', 'IR3v18', 'IR1v9', 'IR1v19', 'IR5v19', 'Imv13', 'IR5v11', 'Imv10', 'IR2v18', 'Imv21', 'Imv18', 'IR1v22', 'IR5v17', 'IR4v12', 'IR2v16', 'IR5v5', 'Iqv11', 'IR5v1', 'Uqv20', 'IR5v22', 'IR3v10', 'Imv2', 'Imv8', 'Iqv14', 'IR3v19', 'IR3v17', 'IR5v16', 'Iqv4', 'IR1v20', 'Uqv17', 'Umv14', 'Iqv9', 'IR2v13', 'IR5v10', 'IR5v25', 'IR5v23', 'Uqv15', 'Iqv17', 'IR2v5', 'Umv18', 'Uqv24', 'IR1v4', 'IR4v1', 'Iqv2', 'IR2v3', 'IR4v2', 'IR4v20', 'IR2v25', 'IR2v8', 'Umv4', 'IR2v4', 'IR5v2', 'IR1v8', 'IR5v9', 'Uqv10', 'Imv7', 'IR5v7', 'IR3v24', 'Umv8', 'Iqv12', 'IR2v15', 'IR5v20', 'Umv1', 'IR5v24', 'Uqv21', 'Iqv16', 'Imv11', 'Imv6', 'Imv20', 'IR3v13', 'Umv13', 'IR1v13', 'Imv23', 'IR2v24', 'Umv12', 'IR2v7', 'Uqv3', 'IR1v24', 'Iqv15', 'Imv4', 'Iqv6', 'IR1v17', 'IR2v14', 'IR5v13', 'IR4v17', 'IR1v23', 'Iqv19', 'Umv24', 'Uqv25', 'IR1v1', 'Uqv1', 'IR3v4', 'Uqv5', 'Imv1', 'IR5v15'}, {'Iqv1', 'IR2v6', 'IR1v6', 'Imv12', 'IR4v20'})