18, 0, 8.5, 9
+-- , 0 , {5, 41, 43} , {'xL24J', 'xL16J', 'xL4J', 'xL10J', 'xL5J', 'xL14J', 'xL25J', 'xL26J', 'xL35J', 'xL20J', 'xL2J', 'xL6J', 'xL9J', 'xL21J', 'xL29J', 'xL17J'}
| +-- , 5 , {7} , {'xL24J', 'xL16J', 'xL4J', 'xL10J', 'xL5J', 'xL25J', 'xL26J', 'xL35J', 'xL20J', 'xL2J', 'xL6J', 'xL9J', 'xL34J', 'xL21J', 'xL17J'}
| | +-- , 7 , {12, 39} , {'xL24J', 'xL16J', 'xL4J', 'xL10J', 'xL25J', 'xL26J', 'xL35J', 'xL20J', 'xL30J', 'xL2J', 'xL6J', 'xL9J', 'xL33J', 'xL34J', 'xL21J', 'xL39J', 'xL17J'}
| | | +-- , 12 , {14} , {'xL24J', 'xL16J', 'xL4J', 'xL10J', 'xL25J', 'xL26J', 'xL20J', 'xL30J', 'xL6J', 'xL9J', 'xL33J', 'xL34J', 'xL21J', 'xL8J', 'xL17J'}
| | | | +-- , 14 , {16, 35, 37} , {'xL24J', 'xL4J', 'xL10J', 'xL25J', 'xL20J', 'xL30J', 'xL6J', 'xL9J', 'xL11J', 'xL33J', 'xL38J', 'xL34J', 'xL21J', 'xL1J', 'xL8J', 'xL17J'}
| | | | | +-- , 16 , {33, 21} , {'xL24J', 'xL4J', 'xL12J', 'xL10J', 'xL25J', 'xL20J', 'xL37J', 'xL30J', 'xL6J', 'xL11J', 'xL33J', 'xL38J', 'xL21J', 'xL1J', 'xL8J', 'xL3J', 'xL17J'}
| | | | | | +-- , 33 , set() , {'xL15J', 'xL30J', 'xL12J', 'xL33J'}
| | | | | | +-- , 21 , {23, 31} , {'xL24J', 'xL4J', 'xL12J', 'xL10J', 'xL18J', 'xL25J', 'xL20J', 'xL37J', 'xL30J', 'xL6J', 'xL11J', 'xL33J', 'xL38J', 'xL21J', 'xL8J', 'xL1J', 'xL3J'}
| | | | | | | +-- , 23 , {25, 29} , {'xL24J', 'xL4J', 'xL12J', 'xL10J', 'xL18J', 'xL25J', 'xL20J', 'xL30J', 'xL36J', 'xL6J', 'xL11J', 'xL33J', 'xL38J', 'xL21J', 'xL8J', 'xL3J', 'xL1J'}
| | | | | | | | +-- , 25 , {27} , {'xL4J', 'xL12J', 'xL36J', 'xL18J', 'xL38J', 'xL25J', 'xL1J', 'xL22J', 'xL0J', 'xL30J'}
| | | | | | | | | +-- , 27 , set() , {'xL30J', 'xL27J', 'xL22J', 'xL0J'}
| | | | | | | | +-- , 29 , set() , {'xL24J', 'xL12J', 'xL10J', 'xL36J', 'xL6J', 'xL11J', 'xL33J', 'xL21J', 'xL20J', 'xL7J'}
| | | | | | | +-- , 31 , set() , {'xL4J', 'xL11J', 'xL18J', 'xL30J', 'xL23J'}
| | | | | +-- , 35 , set() , {'xL1J', 'xL28J', 'xL38J'}
| | | | | +-- , 37 , set() , {'xL6J', 'xL9J', 'xL38J', 'xL17J', 'xL31J'}
| | | +-- , 39 , set() , {'xL34J', 'xL32J', 'xL30J', 'xL24J'}
| +-- , 41 , set() , {'xL13J', 'xL9J', 'xL25J'}
| +-- , 43 , set() , {'xL29J', 'xL19J', 'xL25J', 'xL26J'}


Max number of edges with non zero Y: 32
Max number of iterations of outer rounding loop: 9
Max number of candidate sets: 2
Time spent rounding: 42.025
Time spent solving Separator LP: 0.110

LP Solver: gammaPlusFractionalCoverHeuristic