97, 0, 71.5, 72
+-- , 0 , {131, 5, 135, 137, 139, 141, 145, 147, 149, 155, 159, 163, 169, 171, 177, 179, 181, 185, 187, 189, 191, 193, 195, 81, 85, 107, 111, 119, 121, 123, 125} , {'I355', 'I543', 'I335', 'I326', 'I475', 'I345', 'I587', 'I1143_1', 'I27', 'I376', 'I338', 'I547', 'I814_1', 'I17', 'I610', 'I2', 'I659', 'I271', 'I15', 'I13', 'I265', 'I768', 'I789_1', 'I1056_1', 'I711', 'I514', 'I351', 'I12', 'I680', 'I717', 'WantRtHS1', 'I612', 'I1184_2', 'I735', 'I384', 'I336', 'I295', 'I1091_1', 'I1148_1', 'InDoneHS1', 'I353', 'I358', 'I367', 'I740', 'I9', 'I561', 'I283', 'I702', 'I1157_1', 'I737', 'I275', 'I19', 'Rdy2RtHS1', 'I1199_2', 'I469', 'I661', 'I673', 'I432', 'I1203_1', 'I704', 'I1121_2', 'I340', 'I344', 'I1166_2', 'I1037_1', 'I264', 'I713', 'I695', 'I708', 'I1143_2', 'I466', 'I1166_1', 'I585', 'I873_1', 'I699', 'I333', 'I3', 'I371', 'I881_2', 'I667', 'I329', 'I861_1', 'I467', 'I671', 'I1203_2', 'I669', 'I1100_1', 'I416', 'I723', 'I686', 'I7', 'I575', 'I362', 'TpArrayHS1', 'I1154_1', 'I408', 'I311', 'I1196_1', 'I595', 'I609', 'I481', 'I697', 'I364', 'I28', 'I439', 'I412', 'I1034_1', 'I328', 'I682', 'OutAvHS1', 'I377', 'I725', 'I437', 'I675', 'I771', 'I470', 'ReRtTSHS1', 'I750', 'I284', 'I1040_1', 'I655', 'I769', 'I523', 'I562', 'I399', 'I22', 'I810_1', 'I593', 'I1151_1', 'I272', 'I657', 'I455', 'I267', 'I434', 'I403', 'I410', 'I447', 'I517', 'I280', 'I1184_1', 'I719', 'Prog_0', 'I24', 'I1199_1', 'I1132_1', 'I297', 'I582', 'I323', 'I370', 'FullOHS1', 'I263', 'I322', 'I665', 'I715', 'I282', 'I354', 'I366', 'I634', 'State_0', 'I360', 'I1176_2', 'I565', 'I796_1', 'I269', 'I315', 'I881_1', 'I963_1', 'I721', 'I840_1', 'I493', 'I317', 'Rdy2BmHS1', 'I663', 'I684', 'I738', 'I1097_1', 'I398', 'I552', 'I444', 'I1103_2', 'I1163_1'}
| +-- , 131 , {133} , {'I16', 'I323'}
| | +-- , 133 , set() , {'Mode2HS1', 'I16'}
| +-- , 5 , {7} , {'I1213_1', 'I407', 'I543', 'I335', 'I498', 'I326', 'I475', 'I345', 'I1143_1', 'I625', 'I376', 'I338', 'I547', 'I17', 'I610', 'I2', 'I659', 'I271', 'I746', 'I13', 'I265', 'I789_1', 'I711', 'WantRtHS1', 'I680', 'I717', 'I612', 'I735', 'I1125_1', 'I384', 'I336', 'InDoneHS1', 'I353', 'I740', 'I367', 'I358', 'I561', 'I283', 'I910_1', 'I1157_1', 'I737', 'I275', 'I445', 'Rdy2RtHS1', 'I1199_2', 'I469', 'Prog_2', 'I673', 'I1103_1', 'I432', 'I1203_1', 'I1121_2', 'I340', 'I264', 'I1166_2', 'I466', 'I1143_2', 'I1166_1', 'I585', 'I371', 'I3', 'I580', 'I742', 'I892_2', 'I329', 'I861_1', 'I467', 'I671', 'I1203_2', 'I599', 'I744', 'I669', 'I416', 'I1100_1', 'I686', 'I362', 'I531', 'FullIHS1', 'I408', 'I596', 'I311', 'I1196_1', 'I595', 'I609', 'I481', 'I364', 'I539', 'I28', 'I1121_1', 'I412', 'I1034_1', 'I328', 'I682', 'I511', 'OutAvHS1', 'I377', 'I725', 'I437', 'I675', 'I342', 'I470', 'I415', 'I861_2', 'I284', 'I1094_1', 'I655', 'I523', 'I278', 'I399', 'I1151_1', 'I593', 'I657', 'I455', 'I267', 'I434', 'I403', 'I410', 'I280', 'I1184_1', 'I719', 'Prog_0', 'I1132_1', 'I1107_1', 'I582', 'I323', 'I263', 'FullOHS1', 'I322', 'I665', 'I422', 'I282', 'I1083_1', 'I354', 'I634', 'State_0', 'I360', 'I1176_2', 'I494', 'I269', 'I315', 'I881_1', 'I277', 'I963_1', 'I721', 'I493', 'I317', 'Rdy2BmHS1', 'I684', 'I738', 'I1110_1', 'I552', 'I444', 'I1103_2', 'I1163_1', 'I441'}
| | +-- , 7 , {9, 75, 77, 79} , {'I1213_1', 'I407', 'I543', 'I335', 'I498', 'I326', 'I475', 'I345', 'I1143_1', 'I625', 'I376', 'I338', 'I414', 'I17', 'I2', 'I271', 'I746', 'I265', 'I711', 'I680', 'I717', 'I612', 'I397', 'I735', 'I336', 'I534', 'I353', 'I740', 'I358', 'I283', 'I910_1', 'I1157_1', 'I737', 'I445', 'Rdy2RtHS1', 'I1199_2', 'I469', 'Prog_2', 'I1103_1', 'I529', 'I589', 'I432', 'I1203_1', 'I264', 'I1166_2', 'I540', 'State_2', 'I466', 'I1143_2', 'I1166_1', 'I371', 'I3', 'I580', 'I742', 'I892_2', 'I329', 'I467', 'I1203_2', 'I274', 'I599', 'I744', 'I416', 'I531', 'FullIHS1', 'I408', 'I596', 'I595', 'I1196_1', 'I481', 'I364', 'I539', 'I452', 'I1121_1', 'I412', 'I1034_1', 'I682', 'I511', 'I474', 'I377', 'I725', 'I437', 'I29', 'I374', 'I342', 'I470', 'I415', 'I861_2', 'I284', 'I1094_1', 'I655', 'I523', 'I278', 'I399', 'I1151_1', 'I593', 'I657', 'I455', 'I267', 'I434', 'I410', 'I280', 'I1184_1', 'I719', 'Prog_0', 'I1132_1', 'I1107_1', 'I263', 'I323', 'FullOHS1', 'I322', 'I665', 'I422', 'I282', 'I1083_1', 'I357', 'State_0', 'I1176_2', 'I494', 'I277', 'I963_1', 'I721', 'I493', 'I317', 'Rdy2BmHS1', 'I738', 'I1110_1', 'I552', 'I441'}
| | | +-- , 9 , {73, 11} , {'I1213_1', 'I407', 'I543', 'I335', 'I498', 'I326', 'I345', 'I404', 'I489', 'I1143_1', 'I376', 'I338', 'I414', 'I17', 'I2', 'I271', 'I746', 'I265', 'I711', 'I449', 'I461', 'I372', 'I680', 'I612', 'I397', 'I735', 'I486', 'I336', 'I534', 'I500', 'I353', 'I740', 'I358', 'I910_1', 'I737', 'I445', 'Rdy2RtHS1', 'I1199_2', 'I469', 'Prog_2', 'I294', 'I1103_1', 'I529', 'I589', 'I432', 'I1203_1', 'I264', 'I540', 'State_2', 'I466', 'I371', 'I3', 'I742', 'I892_2', 'I329', 'I467', 'I1203_2', 'I274', 'I744', 'I416', 'I731', 'I531', 'FullIHS1', 'I512', 'I535', 'I408', 'I1196_1', 'I481', 'I364', 'I539', 'I452', 'I412', 'I1034_1', 'I682', 'I511', 'I474', 'I377', 'I725', 'I437', 'I374', 'I342', 'I470', 'I415', 'I1173_1', 'I861_2', 'I284', 'State_5', 'I421', 'I655', 'I523', 'I278', 'I399', 'I1151_1', 'I593', 'I657', 'I455', 'I267', 'I434', 'I410', 'I280', 'I1184_1', 'I719', 'Prog_0', 'I418', 'I1132_1', 'I1107_1', 'I263', 'I323', 'I322', 'I422', 'I282', 'I1083_1', 'I357', 'State_0', 'I1176_2', 'I892_1', 'I473', 'I494', 'I277', 'I963_1', 'I721', 'I493', 'I317', 'Rdy2BmHS1', 'I738', 'I1110_1', 'I343', 'I552', 'I441'}
| | | | +-- , 73 , set() , {'I282', 'I423', 'I678', 'I415', 'I329', 'I408', 'I343', 'I294', 'I676', 'I422', 'I1113_1'}
| | | | +-- , 11 , {65, 69, 71, 13, 55, 57, 59, 61} , {'I1213_1', 'I539', 'I428', 'I407', 'I452', 'I733', 'I543', 'I412', 'I1034_1', 'I335', 'I682', 'I511', 'I474', 'I326', 'I377', 'I725', 'I437', 'I345', 'I404', 'I374', 'I425', 'I489', 'I5', 'I376', 'I342', 'I338', 'I470', 'I861_2', 'I414', 'I4', 'I284', 'State_5', 'I421', 'I746', 'I265', 'I655', 'I523', 'I278', 'I399', 'I711', 'I449', 'I1151_1', 'I551', 'I593', 'I1160_1', 'I461', 'I657', 'I455', 'I267', 'I680', 'I434', 'I612', 'I410', 'I397', 'I735', 'I280', 'I486', 'I532', 'I1184_1', 'I534', 'I441', 'I381', 'I500', 'Prog_0', 'I729', 'I740', 'I358', 'I418', 'I910_1', 'I1132_1', 'I737', 'I445', 'I451', 'Rdy2RtHS1', 'I1199_2', 'I469', 'I1107_1', 'I263', 'Prog_2', 'I323', 'State_1', 'I322', 'I422', 'I589', 'I432', 'I1203_1', 'I282', 'I1083_1', 'I380', 'I264', 'I357', 'State_0', 'State_2', 'I466', 'I1176_2', 'I892_1', 'I473', 'I494', 'I277', 'I371', 'I3', 'I742', 'I467', 'I1203_2', 'I274', 'I963_1', 'I744', 'I721', 'I416', 'I577', 'I436', 'I388', 'I731', 'I493', 'I317', 'Rdy2BmHS1', 'I506', 'I521', 'I738', 'I531', 'FullIHS1', 'I512', 'I1110_1', 'I343', 'I552', 'I364'}
| | | | | +-- , 65 , {67} , {'I425', 'I733', 'I1193_1', 'I342', 'I521'}
| | | | | | +-- , 67 , set() , {'I521', 'I1193_1', 'I424', 'I425'}
| | | | | +-- , 69 , set() , {'I1213_1', 'I552', 'I744', 'I553', 'State_1', 'I500'}
| | | | | +-- , 71 , set() , {'I278', 'RtTSHS1', 'I521'}
| | | | | +-- , 13 , {49, 51, 53, 15} , {'I335', 'I318', 'I326', 'I404', 'I489', 'I376', 'I746', 'I265', 'I449', 'I551', 'I1160_1', 'I461', 'I390', 'I397', 'I486', 'I532', 'I534', 'I381', 'I500', 'I405', 'I910_1', 'I451', 'Rdy2RtHS1', 'I469', 'Prog_2', 'State_1', 'I589', 'I1203_1', 'I264', 'State_2', 'I466', 'I266', 'I371', 'I3', 'I467', 'I274', 'I320', 'I416', 'I388', 'I1216_2', 'I531', 'FullIHS1', 'I512', 'I364', 'I539', 'I428', 'I452', 'I412', 'I682', 'I511', 'I463', 'I374', 'I425', 'I470', 'I861_2', 'I4', 'I284', 'State_5', 'I655', 'I523', 'I278', 'I570', 'I593', 'I1151_1', 'I657', 'I455', 'I1216_1', 'I434', 'I410', 'I280', 'I396', 'Prog_0', 'I418', 'I537', 'I1132_1', 'I1107_1', 'I263', 'I323', 'I322', 'I422', 'I282', 'I1083_1', 'I357', 'State_0', 'I1176_2', 'I892_1', 'I473', 'I494', 'I277', 'I963_1', 'I721', 'I577', 'I436', 'I493', 'Rdy2BmHS1', 'I506', 'I571', 'Rdy1BmHS1', 'I343', 'I441'}
| | | | | | +-- , 49 , set() , {'I910_1', 'I390', 'State_2', 'I391'}
| | | | | | +-- , 51 , set() , {'I277', 'I523', 'I834_1', 'FullIHS1', 'I318'}
| | | | | | +-- , 53 , set() , {'I390', 'I1216_2', 'I489', 'I465', 'I966_1', 'I335', 'I357'}
| | | | | | +-- , 15 , {17} , {'I318', 'I326', 'I376', 'I265', 'I449', 'I551', 'I1160_1', 'I461', 'I486', 'I532', 'I534', 'I500', 'I381', 'I451', 'I469', 'Prog_2', 'State_1', 'I450', 'I589', 'I1203_1', 'I264', 'I276', 'State_2', 'I466', 'I266', 'I371', 'I3', 'I467', 'I482', 'I274', 'I320', 'I416', 'I453', 'I388', 'I281', 'I531', 'FullIHS1', 'I512', 'I364', 'I539', 'I428', 'I452', 'I412', 'I682', 'I511', 'I491', 'I463', 'I374', 'I425', 'I861_2', 'I4', 'I284', 'State_5', 'I655', 'I278', 'I570', 'I593', 'I657', 'I455', 'I434', 'I410', 'I280', 'I457', 'I396', 'Prog_0', 'I418', 'I1132_1', 'I1107_1', 'I394', 'I323', 'I322', 'I422', 'I282', 'I1083_1', 'I357', 'State_0', 'I1176_2', 'I892_1', 'I494', 'I277', 'I429', 'I721', 'I436', 'I430', 'I506', 'I571', 'Rdy1BmHS1', 'I343', 'I441'}
| | | | | | | +-- , 17 , {33, 41, 45, 47, 19, 31} , {'I539', 'I682', 'I511', 'I326', 'I491', 'I374', 'I425', 'I525', 'I379', 'I376', 'I4', 'I284', 'I1132_2', 'State_5', 'I468', 'I655', 'I278', 'I570', 'I551', 'I461', 'I657', 'I455', 'I434', 'I410', 'I280', 'I457', 'I486', 'I532', 'I534', 'I396', 'I441', 'I381', 'Prog_0', 'I418', 'I1132_1', 'I690', 'I1107_1', 'I469', 'I394', 'I323', 'Prog_2', 'State_1', 'I322', 'I450', 'I422', 'I282', 'I1083_1', 'I264', 'I276', 'I357', 'I279', 'State_0', 'State_2', 'I466', 'I1176_2', 'I892_1', 'I494', 'I277', 'I429', 'I505', 'I371', 'I3', 'I467', 'I482', 'I274', 'I459', 'I320', 'I721', 'I416', 'I453', 'I436', 'I388', 'I281', 'I430', 'I506', 'I571', 'I495', 'FullIHS1', 'I512', 'Rdy1BmHS1', 'I364'}
| | | | | | | | +-- , 33 , {35, 39} , {'I277', 'I505', 'I3', 'I327', 'I570', 'I394', 'I323', 'I326', 'I721', 'I497', 'I455', 'I453', 'I436', 'I434', 'I503', 'I1176_2', 'I388', 'I281', 'I534', 'I571', 'I457', 'FullIHS1', 'I532', 'Rdy1BmHS1', 'I357', 'State_0', 'State_4', 'I1176_1', 'I466'}
| | | | | | | | | +-- , 35 , {37} , {'I388', 'I570', 'I1044_1', 'I566', 'I1176_1', 'State_4', 'I497'}
| | | | | | | | | | +-- , 37 , set() , {'I388', 'I1044_1', 'I567', 'I566'}
| | | | | | | | | +-- , 39 , set() , {'I504', 'I277', 'I505', 'I327', 'I453', 'I503'}
| | | | | | | | +-- , 41 , {43} , {'I281', 'I486', 'I376', 'I682', 'I279', 'I323', 'I479', 'State_1'}
| | | | | | | | | +-- , 43 , set() , {'I1118_1', 'I682', 'I323', 'I479', 'State_1'}
| | | | | | | | +-- , 45 , set() , {'I410', 'I411', 'I279', 'I416', 'Prog_0'}
| | | | | | | | +-- , 47 , set() , {'I374', 'I896_1', 'I461', 'I320', 'I279'}
| | | | | | | | +-- , 19 , {21, 29} , {'I539', 'I386', 'I418', 'I690', 'I1107_1', 'I487', 'I394', 'Prog_2', 'State_1', 'I422', 'I491', 'I1080_1', 'I425', 'I282', 'I525', 'I379', 'I1047_2', 'I376', 'I264', 'I4', 'I276', 'I279', 'State_3', 'State_0', 'State_2', 'State_5', 'I284', 'I431', 'I468', 'I277', 'I429', 'I590', 'I371', 'I278', 'I570', 'I551', 'I482', 'I657', 'I281', 'I410', 'I430', 'I280', 'I495', 'I486', 'FullIHS1', 'I512', 'Rdy1BmHS1', 'I396', 'I382', 'I381', 'Prog_0', 'I441'}
| | | | | | | | | +-- , 21 , {23} , {'I690', 'I487', 'I394', 'State_1', 'I1136_1', 'I425', 'I509', 'I282', 'I379', 'I1047_2', 'I376', 'I264', 'I276', 'State_3', 'I279', 'I284', 'State_2', 'I442', 'I431', 'I277', 'I590', 'I1047_1', 'I551', 'I378', 'I347', 'I281', 'I568', 'I495', 'FullIHS1', 'I508', 'I441'}
| | | | | | | | | | +-- , 23 , {25} , {'I1128_1', 'I509', 'I568', 'I495', 'I376', 'I440', 'I378', 'I690', 'I693', 'I1136_1', 'I691', 'I441'}
| | | | | | | | | | | +-- , 25 , {27} , {'I689', 'I1128_1', 'I693', 'I691', 'I21', 'I440'}
| | | | | | | | | | | | +-- , 27 , set() , {'I21', 'TxHInHS1'}
| | | | | | | | | +-- , 29 , set() , {'I548', 'I277', 'I418', 'I485', 'I512', 'I513', 'I276', 'State_3', 'I279', 'Prog_2', 'State_5', 'I382', 'I491'}
| | | | | | | | +-- , 31 , set() , {'I655', 'I1083_1', 'I506', 'I571', 'I1077_1', 'I512', 'I459', 'I458', 'I279', 'I322'}
| | | | | +-- , 55 , set() , {'I612', 'I359', 'I358', 'I432', 'I532', 'Rdy2RtHS1', 'Rdy1RtHS1', 'I274', 'I263', 'I345'}
| | | | | +-- , 57 , set() , {'I388', 'I376', 'I1188_2', 'I267', 'I1188_1', 'State_1', 'I729'}
| | | | | +-- , 59 , set() , {'I1210_1', 'I339', 'I742', 'I551', 'I338', 'I421'}
| | | | | +-- , 61 , {63} , {'I740', 'I735', 'I778', 'I738', 'I737', 'I777', 'I377', 'State_1'}
| | | | | | +-- , 63 , set() , {'I778', 'I777', 'I6', 'I377', 'State_1', 'I779'}
| | | +-- , 75 , set() , {'LdProgHS1', 'I29'}
| | | +-- , 77 , set() , {'State_2', 'I624', 'I511', 'I625'}
| | | +-- , 79 , set() , {'I393', 'I282', 'I283', 'I414', 'I1170_1', 'I322', 'I717'}
| +-- , 135 , set() , {'I435', 'I523', 'I340', 'I341', 'I408', 'I434'}
| +-- , 137 , set() , {'I28', 'ReWhBufHS1'}
| +-- , 139 , set() , {'NewTrHS1', 'I12'}
| +-- , 141 , {143} , {'I25', 'I814_1', 'I704', 'I702', 'I767'}
| | +-- , 143 , set() , {'I25', 'SeFullOHS1'}
| +-- , 145 , set() , {'I1091_1', 'I662', 'I663', 'I329'}
| +-- , 147 , set() , {'I493', 'I439', 'I857_1', 'I338', 'Prog_0'}
| +-- , 149 , {151} , {'I829_1', 'I547', 'I575', 'I351'}
| | +-- , 151 , {153} , {'I829_1', 'I351', 'I30'}
| | | +-- , 153 , set() , {'DumpIHS1', 'I30'}
| +-- , 155 , {157} , {'I8', 'I655', 'I657'}
| | +-- , 157 , set() , {'ActRtHS1', 'I8'}
| +-- , 159 , {161} , {'I20', 'I297'}
| | +-- , 161 , set() , {'I20', 'LxHInHS1'}
| +-- , 163 , {165} , {'I700', 'I300', 'I351', 'I810_1', 'I403'}
| | +-- , 165 , {167} , {'I300', 'I23'}
| | | +-- , 167 , set() , {'LoadIHHS1', 'I23'}
| +-- , 169 , set() , {'ActBmHS1', 'I9'}
| +-- , 171 , {173} , {'I287', 'I750', 'I789_1'}
| | +-- , 173 , {175} , {'I10', 'I287'}
| | | +-- , 175 , set() , {'I10', 'GoRtHS1'}
| +-- , 177 , set() , {'I771', 'I715', 'I770', 'I713'}
| +-- , 179 , set() , {'I15', 'Mode1HS1'}
| +-- , 181 , {183} , {'I295', 'I18'}
| | +-- , 183 , set() , {'I18', 'ShftORHS1'}
| +-- , 185 , set() , {'SeOutAvHS1', 'I24'}
| +-- , 187 , set() , {'TgWhBufHS1', 'I27'}
| +-- , 189 , set() , {'I17', 'NewLineHS1'}
| +-- , 191 , set() , {'LoadOHHS1', 'I22'}
| +-- , 193 , set() , {'I19', 'ShftIRHS1'}
| +-- , 195 , set() , {'I322', 'I1040_1', 'OutputHS1'}
| +-- , 81 , {83} , {'I14', 'I673', 'I671'}
| | +-- , 83 , set() , {'I14', 'Mode0HS1'}
| +-- , 85 , {101, 87} , {'I740', 'I283', 'I582', 'I1180_1', 'I1207_1', 'I322', 'WantBmHS1', 'I547', 'I1176_2', 'I271', 'I315', 'I446', 'I1056_1', 'I1180_2', 'I600', 'I1100_1', 'I351', 'I272', 'I723', 'I267', 'WantRtHS1', 'I331', 'I477', 'I840_1', 'I493', 'I362', 'Rdy2BmHS1', 'I447', 'I517', 'I384', 'I697', 'Prog_0'}
| | +-- , 101 , {105, 103} , {'I446', 'I1056_1', 'I272', 'I1207_1', 'I477', 'I362', 'I545', 'Rdy2BmHS1', 'I579', 'I517', 'WantBmHS1', 'I384', 'I1140_1', 'I271', 'I697'}
| | | +-- , 105 , set() , {'I545', 'I517', 'I573', 'I1140_1', 'I271'}
| | | +-- , 103 , set() , {'I519', 'I545', 'I579', 'Rdy2BmHS1', 'WantBmHS1', 'I1207_1', 'I476', 'I477'}
| | +-- , 87 , {89, 99} , {'I315', 'I493', 'I362', 'Rdy2BmHS1', 'WantBmHS1', 'I283', 'I350', 'I1180_2', 'I325', 'Prog_0', 'I351', 'I331', 'I477', 'I840_1'}
| | | +-- , 89 , {91} , {'I493', 'I1025_1', 'I362', 'I315', 'Rdy2BmHS1', 'WantBmHS1', 'I325', 'I1180_2', 'I330', 'I331'}
| | | | +-- , 91 , {93} , {'I315', 'I1025_1', 'I362', 'I1180_2', 'I330', 'I555'}
| | | | | +-- , 93 , {95} , {'I315', 'I362', 'I1180_2', 'I555', 'I554'}
| | | | | | +-- , 95 , {97} , {'I315', 'I362', 'I348', 'I554', 'I1180_2'}
| | | | | | | +-- , 97 , set() , {'I315', 'I363', 'I362', 'I348'}
| | | +-- , 99 , set() , {'Prog_1', 'I840_2', 'I283', 'I325', 'Prog_0', 'I840_1'}
| +-- , 107 , {109} , {'I669', 'I11', 'I475', 'I667'}
| | +-- , 109 , set() , {'GoBmHS1', 'I11'}
| +-- , 111 , {113} , {'I706', 'I1154_1', 'I708', 'I403'}
| | +-- , 113 , {115} , {'I708', 'I303', 'I706'}
| | | +-- , 115 , {117} , {'I303', 'I26'}
| | | | +-- , 117 , set() , {'I26', 'SeFullIHS1'}
| +-- , 119 , set() , {'I559', 'I317', 'Rdy2BmHS1', 'I1121_2', 'I412', 'I1031_1', 'I398'}
| +-- , 121 , set() , {'I575', 'I612', 'I333', 'I614', 'I523', 'I850_2', 'I850_1', 'I610', 'WantRtHS1'}
| +-- , 123 , set() , {'I493', 'I317', 'I556', 'I367', 'I355', 'I1097_1', 'I1028_1'}
| +-- , 125 , {127} , {'I469', 'I370', 'I416', 'I661', 'Prog_0', 'I660'}
| | +-- , 127 , {129} , {'I469', 'I1087_1', 'I370', 'I416', 'Prog_0', 'I660'}
| | | +-- , 129 , set() , {'I526', 'I1087_1', 'I370', 'I416', 'Prog_0'}


Max number of edges with non zero Y: 211
Max number of iterations of outer rounding loop: 5
Max number of candidate sets: 2
Time spent rounding: 7.851
Time spent solving Separator LP: 0.120
Total time spent solving: 10.874

LP Solver: gammaPlusFractionalCoverHeuristic
Lower Bound Witness = ({'I556', 'I327', 'I11', 'I1180_1', 'I326', 'I475', 'I345', 'I587', 'I489', 'I350', 'I5', 'I547', 'I2', 'I271', 'I15', 'I1056_1', 'I341', 'I461', 'I12', 'I1184_2', 'I532', 'I966_1', 'I20', 'I513', 'I336', 'I779', 'I295', 'I1028_1', 'I348', 'I381', 'I405', 'I367', 'I9', 'I275', 'Rdy2RtHS1', 'I693', 'I676', 'I1203_1', 'I1121_2', 'I340', 'I344', 'I1037_1', 'State_2', 'I1143_2', 'I1166_1', 'I333', 'I266', 'DumpIHS1', 'I892_2', 'I667', 'I467', 'I1203_2', 'I599', 'I331', 'I453', 'I686', 'I362', 'I1128_1', 'I850_2', 'I23', 'I535', 'I311', 'I1121_1', 'GoRtHS1', 'SeFullIHS1', 'I474', 'I377', 'I1207_1', 'I437', 'I463', 'I770', 'I1040_1', 'I421', 'I1094_1', 'I278', 'I22', 'I570', 'I678', 'I593', 'I657', 'I267', 'I434', 'I477', 'I396', 'I21', 'I418', 'I537', 'I370', 'I323', 'I322', 'I300', 'I380', 'I634', 'I357', 'I360', 'I473', 'I505', 'ActRtHS1', 'I436', 'Mode1HS1', 'TgWhBufHS1', 'I663', 'I552', 'I479', 'I580', 'I526', 'I318', 'I553', 'I404', 'I18', 'I27', 'I625', 'I338', 'I414', 'I659', 'I590', 'I777', 'I1160_1', 'LdProgHS1', 'WantRtHS1', 'I390', 'I735', 'LoadOHHS1', 'I1140_1', 'RtTSHS1', 'Rdy1RtHS1', 'I534', 'I1148_1', 'InDoneHS1', 'I500', 'I561', 'I283', 'NewTrHS1', 'I702', 'I737', 'I451', 'I706', 'Prog_2', 'I14', 'I450', 'I529', 'I1025_1', 'I432', 'I704', 'I264', 'I1176_1', 'I466', 'I873_1', 'I699', 'GoBmHS1', 'I881_2', 'I482', 'I274', 'I1100_1', 'I1113_1', 'I614', 'TpArrayHS1', 'I531', 'I8', 'I10', 'I408', 'I411', 'I609', 'I697', 'I539', 'I28', 'I386', 'I424', 'I1034_1', 'I511', 'OutAvHS1', 'I491', 'I1080_1', 'I675', 'I374', 'I342', 'I470', 'I415', 'I1173_1', 'I562', 'I399', 'I810_1', 'I1151_1', 'I272', 'I347', 'I700', 'I457', 'Prog_0', 'I767', 'I1199_1', 'ReWhBufHS1', 'I339', 'I1132_1', 'I297', 'I1107_1', 'I263', 'I282', 'I458', 'I796_1', 'I269', 'I660', 'I881_1', 'I391', 'I1047_1', 'I378', 'I317', 'I571', 'I495', 'Rdy1BmHS1', 'I1163_1', 'I1213_1', 'I407', 'Mode2HS1', 'I498', 'TxHInHS1', 'I509', 'I379', 'I1047_2', 'LoadIHHS1', 'I376', 'I814_1', 'I746', 'I13', 'I446', 'I768', 'I789_1', 'I449', 'I551', 'I514', 'I351', 'I1188_1', 'I680', 'I717', 'I612', 'SeOutAvHS1', 'I840_2', 'I397', 'I384', 'I486', 'I1091_1', 'I358', 'I465', 'I910_1', 'I1157_1', 'I445', 'I1199_2', 'I294', 'I673', 'I1136_1', 'SeFullOHS1', 'I589', 'I662', 'I485', 'I1166_2', 'I276', 'I713', 'I442', 'State_4', 'I695', 'I708', 'OutputHS1', 'I624', 'I3', 'I742', 'I329', 'I671', 'I669', 'I744', 'I566', 'I416', 'I723', 'I476', 'I281', 'I1216_2', 'I393', 'I512', 'I596', 'I595', 'I1196_1', 'I481', 'I691', 'I364', 'I359', 'I452', 'I412', 'I682', 'I725', 'I425', 'I525', 'I30', 'I861_2', 'I4', 'I1132_2', 'State_5', 'I655', 'I769', 'I523', 'I363', 'I1184_1', 'LxHInHS1', 'I24', 'Prog_1', 'I690', 'I582', 'FullOHS1', 'I665', 'I519', 'I548', 'I1083_1', 'I366', 'State_0', 'I892_1', 'I565', 'I494', 'I315', 'I277', 'I963_1', 'I577', 'ActBmHS1', 'I840_1', 'I493', 'I303', 'I857_1', 'I1210_1', 'Rdy2BmHS1', 'I430', 'I506', 'I1031_1', 'I1110_1', 'I1103_2', 'I16', 'I355', 'I850_1', 'I543', 'I335', 'I1143_1', 'I689', 'I6', 'I17', 'I610', 'I1044_1', 'I554', 'I431', 'I468', 'I504', 'I265', 'I1193_1', 'I711', 'I1180_2', 'I372', 'I1125_1', 'I1087_1', 'I1170_1', 'I353', 'I740', 'I26', 'I19', 'I469', 'I1188_2', 'I661', 'I497', 'State_1', 'I567', 'I1103_1', 'WantBmHS1', 'I440', 'I540', 'State_3', 'I555', 'I585', 'I25', 'I435', 'I371', 'I861_1', 'I600', 'I320', 'I503', 'I388', 'I7', 'I575', 'I731', 'I834_1', 'I1154_1', 'FullIHS1', 'I325', 'I287', 'I382', 'I439', 'I428', 'I733', 'I573', 'I1118_1', 'I328', 'I29', 'ShftORHS1', 'I771', 'I579', 'I423', 'ReRtTSHS1', 'I750', 'I284', 'I778', 'I1077_1', 'I455', 'I1216_1', 'I403', 'I410', 'I545', 'I447', 'I517', 'I280', 'I829_1', 'I330', 'I719', 'I729', 'I559', 'I394', 'I487', 'I715', 'I422', 'I896_1', 'ShftIRHS1', 'Mode0HS1', 'I354', 'I279', 'I1176_2', 'I429', 'I459', 'I721', 'NewLineHS1', 'I684', 'I568', 'I521', 'I738', 'I1097_1', 'I398', 'I343', 'I444', 'I508', 'I441'}, {'I771', 'I556', 'I1203_1', 'I526', 'I263'})