116, 10.575146990211119, 51.0, 51
+-- , 0 , {3, 227, 229, 107, 231} , {'I407', 'I327', 'I509', 'I489', 'I350', 'I414', 'I1056_1', 'I1180_2', 'I551', 'I777', 'I397', 'I486', 'Rdy1RtHS1', 'I779', 'I500', 'InDoneHS1', 'I740', 'I445', 'I451', 'Rdy2RtHS1', 'Prog_2', 'I497', 'State_1', 'I450', 'I1136_1', 'I1025_1', 'I432', 'I1166_2', 'I540', 'State_3', 'I276', 'I713', 'State_2', 'I466', 'I435', 'I892_2', 'I482', 'I1100_1', 'I320', 'I331', 'I731', 'I1128_1', 'I1154_1', 'FullIHS1', 'I512', 'I311', 'I359', 'I412', 'I1034_1', 'I511', 'I1207_1', 'I342', 'I470', 'I1173_1', 'I284', 'I1132_2', 'State_5', 'I1094_1', 'I523', 'I278', 'I455', 'I267', 'I434', 'I477', 'I403', 'I447', 'I280', 'Prog_0', 'I559', 'I418', 'I690', 'I582', 'I715', 'I322', 'I519', 'I548', 'I282', 'I380', 'I279', 'I360', 'State_0', 'I892_1', 'I494', 'I277', 'I429', 'I436', 'Rdy2BmHS1', 'I568', 'I506', 'I571', 'I343', 'Rdy1BmHS1'}
| +-- , 3 , {101, 5, 105} , {'I359', 'I407', 'I452', 'I733', 'I327', 'I412', 'I1034_1', 'I511', 'I1180_1', 'I377', 'I374', 'I770', 'I425', 'I509', 'I489', 'I350', 'I5', 'I342', 'I470', 'I1173_1', 'I689', 'I6', 'I414', 'I284', 'I1132_2', 'I1044_1', 'State_5', 'I278', 'I1180_2', 'I551', 'I570', 'I777', 'I267', 'I434', 'I477', 'I397', 'I447', 'I280', 'I486', 'I532', 'Rdy1RtHS1', 'I534', 'I779', 'I719', 'I500', 'Prog_0', 'I729', 'I559', 'I418', 'I445', 'Rdy2RtHS1', 'I690', 'I487', 'Prog_2', 'I497', 'State_1', 'I1103_1', 'I450', 'I1136_1', 'I715', 'I322', 'I589', 'I1025_1', 'I432', 'I548', 'I282', 'I380', 'I440', 'I1166_2', 'I276', 'State_3', 'I713', 'I279', 'State_2', 'I466', 'State_0', 'I624', 'I892_1', 'I494', 'I277', 'I371', 'I892_2', 'I600', 'I482', 'I320', 'I723', 'I331', 'I436', 'I503', 'I731', 'I1128_1', 'Rdy2BmHS1', 'I1154_1', 'I506', 'I571', 'I521', 'FullIHS1', 'I512', 'I325', 'Rdy1BmHS1', 'I1103_2'}
| | +-- , 101 , {103} , {'I425', 'I733', 'I1193_1', 'I342', 'I521'}
| | | +-- , 103 , set() , {'I521', 'I1193_1', 'I424', 'I425'}
| | +-- , 5 , {97, 7, 81, 91, 95} , {'I386', 'I452', 'I327', 'I412', 'I1034_1', 'I511', 'I377', 'I771', 'I374', 'I770', 'I425', 'I509', 'I376', 'I470', 'I689', 'I414', 'I284', 'I1132_2', 'I1044_1', 'State_5', 'I468', 'I278', 'I570', 'I551', 'I267', 'I397', 'I280', 'I486', 'I532', 'I1184_1', 'I534', 'I719', 'I500', 'I381', 'Prog_0', 'I729', 'I559', 'I418', 'I561', 'I445', 'Rdy2RtHS1', 'I690', 'I487', 'Prog_2', 'State_1', 'I1103_1', 'I450', 'I1136_1', 'I322', 'I589', 'I432', 'I548', 'I282', 'I380', 'I440', 'I276', 'State_3', 'State_4', 'I279', 'State_2', 'I466', 'State_0', 'I624', 'I1176_2', 'I892_1', 'I494', 'I277', 'I505', 'I371', 'I892_2', 'I600', 'I320', 'I723', 'I436', 'I503', 'Rdy2BmHS1', 'I506', 'I571', 'I495', 'I512', 'I325', 'I1103_2'}
| | | +-- , 97 , {99} , {'I21', 'I689', 'I690', 'I693', 'I691', 'I376', 'I1136_1'}
| | | | +-- , 99 , set() , {'I21', 'TxHInHS1'}
| | | +-- , 7 , {77, 9, 45} , {'I1103_2', 'I418', 'I500', 'I452', 'I412', 'I327', 'I445', 'I487', 'I377', 'I1188_2', 'Prog_2', 'I322', 'I1103_1', 'I567', 'State_1', 'I771', 'I374', 'I548', 'I425', 'I509', 'I282', 'I376', 'I470', 'I414', 'I276', 'I284', 'I279', 'I1132_2', 'I1044_1', 'State_5', 'State_3', 'State_0', 'State_2', 'State_4', 'I466', 'I468', 'I1176_2', 'I277', 'I505', 'I371', 'I320', 'I1188_1', 'I267', 'I723', 'I436', 'I503', 'I388', 'I506', 'I280', 'I571', 'I486', 'I495', 'I512', 'I325', 'I534', 'I719', 'I381', 'Prog_0', 'I729'}
| | | | +-- , 77 , {79} , {'I3', 'I721', 'I723', 'I1176_2', 'I567', 'State_4'}
| | | | | +-- , 79 , set() , {'I721', 'I566', 'I1176_1', 'State_4', 'I1176_2', 'I567'}
| | | | +-- , 9 , {39, 43, 11} , {'I468', 'I1103_2', 'I418', 'I277', 'I371', 'I461', 'I469', 'I320', 'I377', 'Prog_2', 'I322', 'I1103_1', 'I388', 'I374', 'I548', 'I282', 'I506', 'I571', 'I485', 'I512', 'I276', 'I279', 'I534', 'I284', 'I382', 'Prog_0'}
| | | | | +-- , 39 , {41} , {'I12', 'I469', 'I377'}
| | | | | | +-- , 41 , set() , {'NewTrHS1', 'I12'}
| | | | | +-- , 43 , set() , {'I374', 'I896_1', 'I461', 'I320', 'I279'}
| | | | | +-- , 11 , {13} , {'I1103_2', 'I371', 'I459', 'I461', 'I469', 'I320', 'I377', 'I1103_1', 'I322', 'I388', 'I506', 'I571', 'I512', 'I279', 'I534', 'I284', 'I382', 'Prog_0'}
| | | | | | +-- , 13 , {15} , {'I1103_2', 'I371', 'I1077_1', 'I459', 'I461', 'I671', 'I469', 'I377', 'I322', 'I1103_1', 'I506', 'I571', 'I512', 'I458', 'I534', 'I279', 'I284', 'I382', 'Prog_0'}
| | | | | | | +-- , 15 , {17} , {'I371', 'I1077_1', 'I461', 'I671', 'I469', 'I377', 'I322', 'I506', 'I535', 'I279', 'I534', 'I458', 'I284', 'I382', 'Prog_0'}
| | | | | | | | +-- , 17 , {19, 37, 31} , {'I655', 'I371', 'I1077_1', 'I461', 'I671', 'I469', 'I377', 'I416', 'I14', 'I673', 'I322', 'I1083_1', 'I506', 'I535', 'I279', 'I458', 'I284', 'I382', 'Prog_0'}
| | | | | | | | | +-- , 19 , {21} , {'I1083_1', 'I371', 'I469', 'I377', 'I416', 'I659', 'I322', 'Prog_0'}
| | | | | | | | | | +-- , 21 , {29, 23} , {'I9', 'I371', 'I469', 'I377', 'I416', 'I661', 'I659', 'Prog_0'}
| | | | | | | | | | | +-- , 29 , set() , {'ActBmHS1', 'I9'}
| | | | | | | | | | | +-- , 23 , {25} , {'I371', 'I469', 'I416', 'I661', 'Prog_0', 'I660'}
| | | | | | | | | | | | +-- , 25 , {27} , {'I371', 'I469', 'I1087_1', 'I416', 'Prog_0', 'I660'}
| | | | | | | | | | | | | +-- , 27 , set() , {'I526', 'I371', 'I1087_1', 'I370', 'I416', 'Prog_0'}
| | | | | | | | | +-- , 37 , set() , {'I14', 'Mode0HS1'}
| | | | | | | | | +-- , 31 , {33, 35} , {'I655', 'I8', 'I1107_1', 'I411', 'I279', 'I657', 'I416', 'I284', 'I673', 'I382', 'Prog_0'}
| | | | | | | | | | +-- , 33 , set() , {'I410', 'I1107_1', 'I411', 'I657', 'I673', 'I382', 'Prog_0', 'I1080_1'}
| | | | | | | | | | +-- , 35 , set() , {'ActRtHS1', 'I8'}
| | | | +-- , 45 , {73, 75, 47} , {'I500', 'I452', 'I412', 'I327', 'I445', 'I487', 'I322', 'State_1', 'I675', 'I771', 'I425', 'I509', 'I282', 'I376', 'I470', 'I414', 'State_3', 'I279', 'State_0', 'I2', 'State_2', 'State_4', 'State_5', 'I466', 'I284', 'I1132_2', 'I277', 'I769', 'I505', 'I371', 'I711', 'I467', 'I453', 'I436', 'I680', 'I503', 'I388', 'I281', 'I506', 'I280', 'I495', 'I486', 'I325', 'I1110_1', 'I508', 'I719', 'I381', 'Prog_0'}
| | | | | +-- , 73 , set() , {'I504', 'I277', 'I505', 'I327', 'I453', 'I503'}
| | | | | +-- , 75 , set() , {'I388', 'I281', 'I711', 'I412', 'I1160_1'}
| | | | | +-- , 47 , {65, 69, 49, 57, 61} , {'I769', 'I371', 'I768', 'I682', 'I323', 'State_1', 'I322', 'I436', 'I680', 'I717', 'I675', 'I840_1', 'I281', 'I840_2', 'I295', 'I282', 'I486', 'I376', 'I325', 'I414', 'I279', 'State_4', 'I284', 'I719', 'Prog_0'}
| | | | | | +-- , 65 , {67} , {'I295', 'I18'}
| | | | | | | +-- , 67 , set() , {'I18', 'ShftORHS1'}
| | | | | | +-- , 69 , {71} , {'I281', 'I486', 'I376', 'I682', 'I279', 'I323', 'I479', 'State_1'}
| | | | | | | +-- , 71 , set() , {'I1118_1', 'I682', 'I323', 'I479', 'State_1'}
| | | | | | +-- , 49 , {51, 55} , {'I675', 'I840_2', 'I796_1', 'I282', 'I15', 'Prog_0', 'I414', 'I284', 'I323', 'I322', 'I717', 'I840_1'}
| | | | | | | +-- , 51 , {53} , {'I840_2', 'I840_1', 'I393', 'I282', 'I283', 'I322', 'I414', 'I284', 'I323', 'I1170_1', 'I796_1', 'I717', 'Prog_0'}
| | | | | | | | +-- , 53 , set() , {'I283', 'Prog_1', 'Prog_0', 'I840_2'}
| | | | | | | +-- , 55 , set() , {'I15', 'Mode1HS1'}
| | | | | | +-- , 57 , {59} , {'I16', 'I323'}
| | | | | | | +-- , 59 , set() , {'Mode2HS1', 'I16'}
| | | | | | +-- , 61 , {63} , {'I371', 'I19', 'I323'}
| | | | | | | +-- , 63 , set() , {'I19', 'ShftIRHS1'}
| | | +-- , 81 , {89, 83} , {'I559', 'I561', 'I278', 'I1121_1', 'Rdy2RtHS1', 'I29', 'I589', 'Rdy2BmHS1', 'I1125_1', 'I1121_2', 'I376', 'I440', 'State_0', 'State_2', 'I441'}
| | | | +-- , 89 , set() , {'LdProgHS1', 'I29'}
| | | | +-- , 83 , {85} , {'I1125_1', 'I684', 'I1121_2', 'I1121_1', 'I297', 'I376', 'I686', 'I441'}
| | | | | +-- , 85 , {87} , {'I20', 'I297'}
| | | | | | +-- , 87 , set() , {'I20', 'LxHInHS1'}
| | | +-- , 91 , {93} , {'I1184_2', 'I625', 'I892_2', 'I376', 'I551', 'I4', 'I1184_1', 'I381', 'State_3', 'I725', 'I624', 'I269'}
| | | | +-- , 93 , set() , {'I269', 'TpArrayHS1'}
| | | +-- , 95 , set() , {'I397', 'I425', 'I280', 'State_3', 'I396', 'I381'}
| | +-- , 105 , set() , {'I278', 'RtTSHS1', 'I521'}
| +-- , 227 , set() , {'I437', 'I436', 'I412', 'I282'}
| +-- , 229 , set() , {'I548', 'I513', 'I512', 'State_3'}
| +-- , 107 , {225, 221, 109, 223} , {'I428', 'I359', 'I407', 'I327', 'I412', 'I1034_1', 'I335', 'I511', 'I1207_1', 'I491', 'I509', 'I489', 'I579', 'I350', 'I342', 'I470', 'I1173_1', 'I414', 'I284', 'I1132_2', 'State_5', 'I554', 'I746', 'I1094_1', 'I590', 'I446', 'I523', 'I1056_1', 'I278', 'I399', 'I1180_2', 'I551', 'I341', 'I777', 'I351', 'I455', 'I267', 'I372', 'I434', 'I477', 'I403', 'I545', 'I397', 'I447', 'I517', 'I280', 'I457', 'I486', 'Rdy1RtHS1', 'I779', 'I348', 'InDoneHS1', 'I500', 'Prog_0', 'I559', 'I740', 'I418', 'I910_1', 'I1132_1', 'I445', 'I451', 'Rdy2RtHS1', 'I690', 'I1199_2', 'I582', 'I394', 'Prog_2', 'FullOHS1', 'I497', 'State_1', 'I715', 'I450', 'I1136_1', 'I322', 'I665', 'I1025_1', 'I519', 'I548', 'I282', 'I380', 'I1166_2', 'I634', 'I540', 'State_3', 'I442', 'I276', 'State_2', 'I713', 'I466', 'I357', 'I279', 'State_0', 'I360', 'I892_1', 'I435', 'I494', 'I881_1', 'I429', 'I277', 'I742', 'I892_2', 'I378', 'I482', 'I669', 'I1100_1', 'I744', 'I320', 'I331', 'I476', 'I436', 'I317', 'I731', 'I362', 'I1128_1', 'Rdy2BmHS1', 'I568', 'I1154_1', 'I506', 'I571', 'FullIHS1', 'I512', 'I1031_1', 'I408', 'Rdy1BmHS1', 'I343', 'I311'}
| | +-- , 225 , set() , {'I509', 'I347', 'State_3', 'I394', 'I442', 'State_1'}
| | +-- , 221 , set() , {'I317', 'I399', 'I1031_1', 'I398'}
| | +-- , 109 , {111, 215} , {'I407', 'I327', 'I335', 'I489', 'I414', 'I554', 'I746', 'I590', 'I446', 'I1056_1', 'I551', 'I341', 'I777', 'I351', 'I372', 'I397', 'I486', 'I966_1', 'Rdy1RtHS1', 'I779', 'I348', 'I500', 'I740', 'I910_1', 'I1157_1', 'I445', 'I451', 'Rdy2RtHS1', 'I706', 'I1199_2', 'Prog_2', 'State_1', 'I450', 'I1025_1', 'I540', 'State_3', 'I713', 'State_2', 'I708', 'I466', 'I742', 'I482', 'I669', 'I1100_1', 'I744', 'I331', 'I731', 'I362', 'I1154_1', 'I531', 'FullIHS1', 'I512', 'I408', 'I595', 'I481', 'I359', 'I511', 'I491', 'I470', 'I1173_1', 'I284', 'I1094_1', 'I523', 'I278', 'I399', 'I593', 'I455', 'I267', 'I434', 'I403', 'I545', 'I517', 'I280', 'I457', 'Prog_0', 'I418', 'I1132_1', 'I582', 'FullOHS1', 'I322', 'I665', 'I519', 'I282', 'I634', 'I357', 'State_0', 'I360', 'I881_1', 'I429', 'I277', 'I378', 'I436', 'I317', 'I1210_1', 'Rdy2BmHS1', 'I568', 'I506', 'Rdy1BmHS1', 'I343', 'I1163_1'}
| | | +-- , 111 , {113, 213} , {'I359', 'I407', 'I327', 'I335', 'I511', 'I345', 'I491', 'I489', 'I1173_1', 'I414', 'I284', 'I554', 'I746', 'I1094_1', 'I590', 'I446', 'I523', 'I1056_1', 'I278', 'I399', 'I22', 'I341', 'I593', 'I777', 'I351', 'I455', 'I267', 'I434', 'I403', 'I545', 'I397', 'I517', 'I280', 'I457', 'I966_1', 'Rdy1RtHS1', 'I779', 'I348', 'I500', 'Prog_0', 'I740', 'I418', 'I910_1', 'I1157_1', 'I445', 'I451', 'Rdy2RtHS1', 'I1199_2', 'I582', 'Prog_2', 'FullOHS1', 'State_1', 'I322', 'I450', 'I665', 'I519', 'I1025_1', 'I282', 'I634', 'I540', 'State_3', 'I695', 'I357', 'State_2', 'I466', 'State_0', 'I360', 'I699', 'I881_1', 'I429', 'I277', 'I378', 'I482', 'I669', 'I1100_1', 'I744', 'I331', 'I436', 'I317', 'I731', 'I362', 'I1210_1', 'Rdy2BmHS1', 'I568', 'I506', 'I531', 'FullIHS1', 'I512', 'I408', 'Rdy1BmHS1', 'I343', 'I595', 'I1196_1', 'I1163_1', 'I481', 'I697'}
| | | | +-- , 113 , {115} , {'I407', 'I327', 'I335', 'I345', 'I489', 'I414', 'I554', 'I746', 'I590', 'I446', 'I1056_1', 'I341', 'I777', 'I351', 'I397', 'I966_1', 'Rdy1RtHS1', 'I779', 'I348', 'I500', 'I740', 'I910_1', 'I1157_1', 'I445', 'I451', 'Rdy2RtHS1', 'I1199_2', 'Prog_2', 'State_1', 'I450', 'I1025_1', 'I540', 'State_3', 'I695', 'State_2', 'I466', 'I699', 'I482', 'I669', 'I1100_1', 'I744', 'I331', 'I731', 'I362', 'FullIHS1', 'I512', 'I408', 'I595', 'I1196_1', 'I481', 'I697', 'I359', 'I511', 'I491', 'I1173_1', 'I284', 'I421', 'I1094_1', 'I523', 'I278', 'I399', 'I593', 'I455', 'I267', 'I434', 'I403', 'I545', 'I517', 'I280', 'I457', 'Prog_0', 'I339', 'I582', 'FullOHS1', 'I322', 'I665', 'I519', 'I282', 'I634', 'I357', 'State_0', 'I360', 'I881_1', 'I429', 'I277', 'I378', 'I436', 'I317', 'I1210_1', 'Rdy2BmHS1', 'I568', 'I506', 'Rdy1BmHS1', 'I343'}
| | | | | +-- , 115 , {211, 117} , {'I407', 'I327', 'I335', 'I326', 'I345', 'I489', 'I414', 'I554', 'I746', 'I590', 'I446', 'I1056_1', 'I449', 'I341', 'I777', 'I351', 'I397', 'I966_1', 'Rdy1RtHS1', 'I779', 'I348', 'I500', 'I740', 'I910_1', 'I1157_1', 'I445', 'I451', 'Rdy2RtHS1', 'I1199_2', 'Prog_2', 'State_1', 'I450', 'I1025_1', 'I540', 'State_3', 'I695', 'State_2', 'I466', 'I699', 'I482', 'I669', 'I1100_1', 'I744', 'I331', 'I731', 'I362', 'FullIHS1', 'I512', 'I408', 'I595', 'I1196_1', 'I481', 'I697', 'I359', 'I511', 'I491', 'I1173_1', 'I284', 'I421', 'I1094_1', 'I523', 'I778', 'I278', 'I399', 'I593', 'I455', 'I267', 'I434', 'I403', 'I545', 'I517', 'I280', 'I457', 'Prog_0', 'I339', 'I582', 'I263', 'FullOHS1', 'I322', 'I665', 'I519', 'I282', 'I634', 'I357', 'State_0', 'I360', 'I881_1', 'I429', 'I277', 'I378', 'I436', 'I317', 'Rdy2BmHS1', 'I568', 'I506', 'I738', 'Rdy1BmHS1', 'I343', 'I444'}
| | | | | | +-- , 211 , set() , {'I881_1', 'I282', 'I881_2', 'I326', 'I360'}
| | | | | | +-- , 117 , {209, 119, 203, 207} , {'I359', 'I407', 'I335', 'I318', 'I511', 'I326', 'I345', 'I587', 'I491', 'I489', 'I415', 'I414', 'I284', 'I1040_1', 'I554', 'I421', 'I746', 'I1094_1', 'I590', 'I446', 'I523', 'I778', 'I1056_1', 'I278', 'I399', 'I449', 'I341', 'I593', 'I351', 'I455', 'I267', 'I434', 'I403', 'I545', 'I397', 'I517', 'I280', 'I457', 'I966_1', 'Rdy1RtHS1', 'I330', 'I348', 'I500', 'Prog_0', 'I1199_1', 'I339', 'I910_1', 'I1157_1', 'I737', 'I451', 'Rdy2RtHS1', 'I1199_2', 'I582', 'I263', 'Prog_2', 'FullOHS1', 'State_1', 'I322', 'I450', 'I665', 'I519', 'I1025_1', 'I1203_1', 'I282', 'I634', 'I540', 'State_3', 'I555', 'I695', 'State_2', 'I357', 'State_0', 'I565', 'I699', 'I277', 'I429', 'I378', 'I482', 'I1203_2', 'I669', 'I1100_1', 'I744', 'I331', 'I436', 'I317', 'I731', 'I362', 'I430', 'Rdy2BmHS1', 'I568', 'I506', 'I738', 'FullIHS1', 'I512', 'I408', 'Rdy1BmHS1', 'I343', 'I444', 'I595', 'I1196_1', 'I481', 'I697'}
| | | | | | | +-- , 209 , set() , {'I322', 'I1040_1', 'OutputHS1'}
| | | | | | | +-- , 119 , {121} , {'I407', 'I543', 'I335', 'I318', 'I326', 'I345', 'I587', 'I489', 'I746', 'I590', 'I446', 'I1056_1', 'I449', 'I341', 'I351', 'I397', 'I735', 'I966_1', 'Rdy1RtHS1', 'I1148_1', 'I348', 'I500', 'I910_1', 'I1157_1', 'I737', 'Rdy2RtHS1', 'Prog_2', 'State_1', 'I1203_1', 'I540', 'State_3', 'I695', 'State_2', 'I699', 'I482', 'I1203_2', 'I274', 'I669', 'I744', 'I1100_1', 'I1113_1', 'I731', 'I362', 'FullIHS1', 'I512', 'I408', 'I595', 'I1196_1', 'I481', 'I697', 'I539', 'I359', 'I511', 'I491', 'I463', 'I415', 'I284', 'I421', 'I1094_1', 'I523', 'I778', 'I278', 'I399', 'I363', 'I455', 'I267', 'I434', 'I403', 'I545', 'I517', 'I280', 'I457', 'I330', 'Prog_0', 'I1199_1', 'I339', 'I582', 'I263', 'FullOHS1', 'I665', 'I519', 'I282', 'I634', 'I357', 'State_0', 'I565', 'I315', 'I277', 'I429', 'I378', 'I577', 'I436', 'I317', 'I430', 'Rdy2BmHS1', 'I568', 'I506', 'Rdy1BmHS1', 'I343'}
| | | | | | | | +-- , 121 , {201, 123} , {'I407', 'I543', 'I335', 'I326', 'I553', 'I345', 'I587', 'I489', 'I338', 'I746', 'I446', 'I1056_1', 'I449', 'I341', 'I351', 'I390', 'I397', 'I735', 'I384', 'I966_1', 'Rdy1RtHS1', 'I1148_1', 'I500', 'I702', 'I910_1', 'I1157_1', 'Rdy2RtHS1', 'Prog_2', 'State_1', 'I676', 'I540', 'State_3', 'I695', 'State_2', 'I699', 'I482', 'I274', 'I669', 'I1100_1', 'I744', 'I1113_1', 'I731', 'I362', 'FullIHS1', 'I512', 'I408', 'I1196_1', 'I609', 'I481', 'I697', 'I364', 'I539', 'I359', 'I328', 'I511', 'I474', 'I463', 'I284', 'I421', 'I1094_1', 'I523', 'I278', 'I399', 'I272', 'I455', 'I434', 'I403', 'I545', 'I517', 'I280', 'I457', 'I330', 'Prog_0', 'I1199_1', 'I339', 'I582', 'I263', 'FullOHS1', 'I665', 'I519', 'I634', 'I357', 'State_0', 'I315', 'I277', 'I378', 'I963_1', 'I577', 'I493', 'I317', 'I430', 'Rdy2BmHS1', 'I568', 'I506', 'Rdy1BmHS1', 'I343', 'I552', 'I580'}
| | | | | | | | | +-- , 201 , set() , {'I910_1', 'I390', 'State_2', 'I391'}
| | | | | | | | | +-- , 123 , {181, 197, 199, 125} , {'I1213_1', 'I359', 'I543', 'I335', 'I328', 'I474', 'I326', 'I553', 'I345', 'I587', 'I489', 'I525', 'I1143_1', 'I338', 'I284', 'I421', 'I746', 'I1094_1', 'I446', 'I523', 'I1056_1', 'I278', 'I399', 'I449', 'I341', 'I514', 'I351', 'I272', 'I455', 'I434', 'I403', 'I390', 'I545', 'I517', 'I280', 'I1140_1', 'I384', 'I457', 'I966_1', 'Rdy1RtHS1', 'I330', 'Prog_0', 'I367', 'I702', 'I465', 'I1157_1', 'Rdy2RtHS1', 'I582', 'I263', 'Prog_2', 'FullOHS1', 'I665', 'I676', 'I519', 'WantBmHS1', 'I354', 'I634', 'I357', 'State_3', 'State_0', 'State_2', 'I1143_2', 'I699', 'I315', 'I277', 'I580', 'I378', 'I482', 'I274', 'I669', 'I1100_1', 'I744', 'I493', 'I317', 'I430', 'Rdy2BmHS1', 'I568', 'I506', 'FullIHS1', 'I512', 'I408', 'Rdy1BmHS1', 'I609', 'I697', 'I364'}
| | | | | | | | | | +-- , 181 , {183} , {'I1157_1', 'FullIHS1', 'I354', 'I274', 'I599', 'I326'}
| | | | | | | | | | | +-- , 183 , {185} , {'I599', 'I326', 'FullIHS1', 'I275', 'I354'}
| | | | | | | | | | | | +-- , 185 , {193, 187, 191} , {'OutAvHS1', 'I326', 'FullIHS1', 'I275', 'I24'}
| | | | | | | | | | | | | +-- , 193 , {195} , {'I28', 'OutAvHS1', 'FullIHS1'}
| | | | | | | | | | | | | | +-- , 195 , set() , {'I28', 'ReWhBufHS1'}
| | | | | | | | | | | | | +-- , 187 , {189} , {'I27', 'OutAvHS1', 'I275'}
| | | | | | | | | | | | | | +-- , 189 , set() , {'TgWhBufHS1', 'I27'}
| | | | | | | | | | | | | +-- , 191 , set() , {'SeOutAvHS1', 'I24'}
| | | | | | | | | | +-- , 197 , set() , {'I525', 'I379', 'I378', 'I274', 'I364'}
| | | | | | | | | | +-- , 199 , set() , {'I367', 'I399', 'I335', 'I366', 'State_0'}
| | | | | | | | | | +-- , 125 , {163, 171, 141, 143, 175, 177, 179, 155, 127} , {'I1213_1', 'I439', 'I359', 'I573', 'I543', 'I11', 'I328', 'I498', 'I474', 'I475', 'I345', 'I587', 'I489', 'I525', 'I1143_1', 'I338', 'I547', 'I284', 'I271', 'I421', 'I746', 'I1094_1', 'I446', 'I523', 'I1056_1', 'I789_1', 'I278', 'I449', 'I341', 'I678', 'I514', 'I351', 'I272', 'I455', 'I1216_1', 'I434', 'I700', 'I403', 'I545', 'I517', 'I280', 'I1140_1', 'I457', 'Rdy1RtHS1', 'I767', 'Prog_0', 'I358', 'I367', 'I702', 'I465', 'Rdy2RtHS1', 'I582', 'I263', 'Prog_2', 'I294', 'FullOHS1', 'I665', 'I676', 'I422', 'WantBmHS1', 'I704', 'I354', 'I264', 'I634', 'I357', 'I1143_2', 'I266', 'I580', 'I667', 'I378', 'I274', 'I669', 'I493', 'I317', 'I1216_2', 'I430', 'Rdy2BmHS1', 'I568', 'I506', 'FullIHS1', 'I512', 'I408', 'Rdy1BmHS1', 'I609', 'I364'}
| | | | | | | | | | | +-- , 163 , {169, 165} , {'I493', 'I25', 'I317', 'I367', 'I354', 'I667', 'I1097_1', 'I814_1', 'I328', 'FullOHS1', 'I767'}
| | | | | | | | | | | | +-- , 169 , set() , {'I25', 'SeFullOHS1'}
| | | | | | | | | | | | +-- , 165 , {167} , {'I493', 'I317', 'I556', 'I367', 'I355', 'I354', 'I1097_1', 'I814_1', 'FullOHS1'}
| | | | | | | | | | | | | +-- , 167 , set() , {'I493', 'I556', 'I367', 'I355', 'I1028_1'}
| | | | | | | | | | | +-- , 171 , {173} , {'I294', 'I17'}
| | | | | | | | | | | | +-- , 173 , set() , {'I17', 'NewLineHS1'}
| | | | | | | | | | | +-- , 141 , set() , {'I568', 'I1047_2', 'I1047_1', 'I264', 'Rdy1BmHS1', 'I284', 'Prog_0'}
| | | | | | | | | | | +-- , 143 , {145, 153} , {'I439', 'I266', 'I265', 'I367', 'I543', 'I341', 'I861_1', 'I274', 'I498', 'I263', 'I473', 'I455', 'I434', 'I700', 'Rdy2BmHS1', 'I457', 'I340', 'Rdy1BmHS1', 'I596', 'I357', 'I609', 'I1143_2', 'I271', 'Prog_0', 'I364'}
| | | | | | | | | | | | +-- , 145 , {147} , {'I439', 'I367', 'Prog_0', 'I336', 'I357', 'I596', 'I473', 'I700', 'I364'}
| | | | | | | | | | | | | +-- , 147 , {149} , {'I439', 'I300', 'I562', 'I810_1', 'I1037_1', 'Prog_0', 'I336', 'I700', 'I364'}
| | | | | | | | | | | | | | +-- , 149 , {151} , {'I300', 'I23'}
| | | | | | | | | | | | | | | +-- , 151 , set() , {'LoadIHHS1', 'I23'}
| | | | | | | | | | | | +-- , 153 , set() , {'I265', 'I457', 'I340', 'I861_1', 'I861_2'}
| | | | | | | | | | | +-- , 175 , set() , {'GoBmHS1', 'I11'}
| | | | | | | | | | | +-- , 177 , set() , {'I430', 'I525', 'FullIHS1', 'I378', 'I422', 'I431'}
| | | | | | | | | | | +-- , 179 , set() , {'I493', 'I439', 'I857_1', 'I338', 'Prog_0'}
| | | | | | | | | | | +-- , 155 , {157, 159} , {'I1094_1', 'I333', 'I446', 'I523', 'I274', 'I351', 'I582', 'I272', 'Prog_2', 'WantRtHS1', 'I575', 'I30', 'I547', 'I264', 'I829_1', 'Rdy1RtHS1', 'I634', 'I284', 'I271'}
| | | | | | | | | | | | +-- , 157 , set() , {'DumpIHS1', 'I30'}
| | | | | | | | | | | | +-- , 159 , {161} , {'I575', 'I612', 'I333', 'I614', 'I523', 'I850_2', 'I850_1', 'Rdy1RtHS1', 'I274', 'I284', 'Prog_2', 'WantRtHS1'}
| | | | | | | | | | | | | +-- , 161 , set() , {'I612', 'I850_1', 'I284', 'I610', 'Prog_2'}
| | | | | | | | | | | +-- , 127 , {129, 131, 137} , {'I353', 'I537', 'I789_1', 'I449', 'I678', 'Rdy2RtHS1', 'I328', 'I263', 'I1216_1', 'I665', 'I345', 'I404', 'I587', 'I422', 'I704', 'I1143_1', 'I264', 'I287', 'I750', 'I284', 'I421'}
| | | | | | | | | | | | +-- , 129 , set() , {'I873_1', 'I353', 'I344', 'I264', 'I263', 'I345'}
| | | | | | | | | | | | +-- , 131 , {133} , {'I353', 'I537', 'I678', 'I328', 'I665', 'I422', 'I404', 'I587', 'I663', 'I704', 'I750', 'I1091_1', 'I585'}
| | | | | | | | | | | | | +-- , 133 , {135} , {'I405', 'I663', 'I704', 'I537', 'I662', 'I1151_1', 'I678', 'I329', 'I422', 'I328', 'I1091_1', 'I404'}
| | | | | | | | | | | | | | +-- , 135 , set() , {'I329', 'I423', 'I422', 'I678'}
| | | | | | | | | | | | +-- , 137 , {139} , {'I10', 'I287'}
| | | | | | | | | | | | | +-- , 139 , set() , {'I10', 'GoRtHS1'}
| | | | | | | +-- , 203 , {205} , {'I13', 'I415'}
| | | | | | | | +-- , 205 , set() , {'ReRtTSHS1', 'I13'}
| | | | | | | +-- , 207 , set() , {'I277', 'I523', 'I834_1', 'FullIHS1', 'I318'}
| | | | +-- , 213 , set() , {'LoadOHHS1', 'I22'}
| | | +-- , 215 , {217} , {'I708', 'I303', 'I706'}
| | | | +-- , 217 , {219} , {'I303', 'I26'}
| | | | | +-- , 219 , set() , {'I26', 'SeFullIHS1'}
| | +-- , 223 , set() , {'I529', 'I489', 'I399', 'I1166_2', 'I357', 'I715', 'I1166_1'}
| +-- , 231 , set() , {'I7', 'State_0', 'I311'}


Max number of edges with non zero Y: 202
Max number of iterations of outer rounding loop: 3
Max number of candidate sets: 2
Time spent rounding: 25.065
Time spent solving Separator LP: 120.896
Total time spent solving: 152.737

LP Solver: GaifmanNormal
Lower Bound Witness = ({'I556', 'I327', 'I11', 'I1180_1', 'I326', 'I475', 'I345', 'I587', 'I489', 'I350', 'I5', 'I547', 'I2', 'I271', 'I15', 'I1056_1', 'I341', 'I461', 'I12', 'I1184_2', 'I532', 'I966_1', 'I20', 'I513', 'I336', 'I779', 'I295', 'I1028_1', 'I348', 'I381', 'I405', 'I367', 'I9', 'I275', 'Rdy2RtHS1', 'I693', 'I676', 'I1203_1', 'I1121_2', 'I340', 'I344', 'I1037_1', 'State_2', 'I1143_2', 'I1166_1', 'I333', 'I266', 'DumpIHS1', 'I892_2', 'I667', 'I467', 'I1203_2', 'I599', 'I331', 'I453', 'I686', 'I362', 'I1128_1', 'I850_2', 'I23', 'I535', 'I311', 'I1121_1', 'GoRtHS1', 'SeFullIHS1', 'I474', 'I377', 'I1207_1', 'I437', 'I463', 'I770', 'I1040_1', 'I421', 'I1094_1', 'I278', 'I22', 'I570', 'I678', 'I593', 'I657', 'I267', 'I434', 'I477', 'I396', 'I21', 'I418', 'I537', 'I370', 'I323', 'I322', 'I300', 'I380', 'I634', 'I357', 'I360', 'I473', 'I505', 'ActRtHS1', 'I436', 'Mode1HS1', 'TgWhBufHS1', 'I663', 'I552', 'I479', 'I580', 'I526', 'I318', 'I553', 'I404', 'I18', 'I27', 'I625', 'I338', 'I414', 'I659', 'I590', 'I777', 'I1160_1', 'LdProgHS1', 'WantRtHS1', 'I390', 'I735', 'LoadOHHS1', 'I1140_1', 'RtTSHS1', 'Rdy1RtHS1', 'I534', 'I1148_1', 'InDoneHS1', 'I500', 'I561', 'I283', 'NewTrHS1', 'I702', 'I737', 'I451', 'I706', 'Prog_2', 'I14', 'I450', 'I529', 'I1025_1', 'I432', 'I704', 'I264', 'I1176_1', 'I466', 'I873_1', 'I699', 'GoBmHS1', 'I881_2', 'I482', 'I274', 'I1100_1', 'I1113_1', 'I614', 'TpArrayHS1', 'I531', 'I8', 'I10', 'I408', 'I411', 'I609', 'I697', 'I539', 'I28', 'I386', 'I424', 'I1034_1', 'I511', 'OutAvHS1', 'I491', 'I1080_1', 'I675', 'I374', 'I342', 'I470', 'I415', 'I1173_1', 'I562', 'I399', 'I810_1', 'I1151_1', 'I272', 'I347', 'I700', 'I457', 'Prog_0', 'I767', 'I1199_1', 'ReWhBufHS1', 'I339', 'I1132_1', 'I297', 'I1107_1', 'I263', 'I282', 'I458', 'I796_1', 'I269', 'I660', 'I881_1', 'I391', 'I1047_1', 'I378', 'I317', 'I571', 'I495', 'Rdy1BmHS1', 'I1163_1', 'I1213_1', 'I407', 'Mode2HS1', 'I498', 'TxHInHS1', 'I509', 'I379', 'I1047_2', 'LoadIHHS1', 'I376', 'I814_1', 'I746', 'I13', 'I446', 'I768', 'I789_1', 'I449', 'I551', 'I514', 'I351', 'I1188_1', 'I680', 'I717', 'I612', 'SeOutAvHS1', 'I840_2', 'I397', 'I384', 'I486', 'I1091_1', 'I358', 'I465', 'I910_1', 'I1157_1', 'I445', 'I1199_2', 'I294', 'I673', 'I1136_1', 'SeFullOHS1', 'I589', 'I662', 'I485', 'I1166_2', 'I276', 'I713', 'I442', 'State_4', 'I695', 'I708', 'OutputHS1', 'I624', 'I3', 'I742', 'I329', 'I671', 'I669', 'I744', 'I566', 'I416', 'I723', 'I476', 'I281', 'I1216_2', 'I393', 'I512', 'I596', 'I595', 'I1196_1', 'I481', 'I691', 'I364', 'I359', 'I452', 'I412', 'I682', 'I725', 'I425', 'I525', 'I30', 'I861_2', 'I4', 'I1132_2', 'State_5', 'I655', 'I769', 'I523', 'I363', 'I1184_1', 'LxHInHS1', 'I24', 'Prog_1', 'I690', 'I582', 'FullOHS1', 'I665', 'I519', 'I548', 'I1083_1', 'I366', 'State_0', 'I892_1', 'I565', 'I494', 'I315', 'I277', 'I963_1', 'I577', 'ActBmHS1', 'I840_1', 'I493', 'I303', 'I857_1', 'I1210_1', 'Rdy2BmHS1', 'I430', 'I506', 'I1031_1', 'I1110_1', 'I1103_2', 'I16', 'I355', 'I850_1', 'I543', 'I335', 'I1143_1', 'I689', 'I6', 'I17', 'I610', 'I1044_1', 'I554', 'I431', 'I468', 'I504', 'I265', 'I1193_1', 'I711', 'I1180_2', 'I372', 'I1125_1', 'I1087_1', 'I1170_1', 'I353', 'I740', 'I26', 'I19', 'I469', 'I1188_2', 'I661', 'I497', 'State_1', 'I567', 'I1103_1', 'WantBmHS1', 'I440', 'I540', 'State_3', 'I555', 'I585', 'I25', 'I435', 'I371', 'I861_1', 'I600', 'I320', 'I503', 'I388', 'I7', 'I575', 'I731', 'I834_1', 'I1154_1', 'FullIHS1', 'I325', 'I287', 'I382', 'I439', 'I428', 'I733', 'I573', 'I1118_1', 'I328', 'I29', 'ShftORHS1', 'I771', 'I579', 'I423', 'ReRtTSHS1', 'I750', 'I284', 'I778', 'I1077_1', 'I455', 'I1216_1', 'I403', 'I410', 'I545', 'I447', 'I517', 'I280', 'I829_1', 'I330', 'I719', 'I729', 'I559', 'I394', 'I487', 'I715', 'I422', 'I896_1', 'ShftIRHS1', 'Mode0HS1', 'I354', 'I279', 'I1176_2', 'I429', 'I459', 'I721', 'NewLineHS1', 'I684', 'I568', 'I521', 'I738', 'I1097_1', 'I398', 'I343', 'I444', 'I508', 'I441'}, {'I556', 'Mode2HS1', 'I335', 'I1180_1', 'I587', 'I489', 'LoadIHHS1', 'I27', 'I689', 'I17', 'I2', 'I659', 'I504', 'I590', 'I1056_1', 'I789_1', 'I1180_2', 'I341', 'I777', 'I1160_1', 'I12', 'I680', 'I717', 'I840_2', 'I1184_2', 'I532', 'I966_1', 'I336', 'I513', 'I295', 'InDoneHS1', 'I381', 'I740', 'I358', 'I283', 'I910_1', 'I702', 'I451', 'I706', 'I693', 'I1188_2', 'I661', 'I497', 'I450', 'WantBmHS1', 'I1166_2', 'I713', 'GoBmHS1', 'I371', 'I892_2', 'I742', 'I861_1', 'I600', 'I1100_1', 'I566', 'I723', 'I331', 'I503', 'I731', 'I1128_1', 'TpArrayHS1', 'I834_1', 'I1154_1', 'I535', 'I408', 'I596', 'I311', 'I595', 'I382', 'I359', 'I386', 'I1121_1', 'I424', 'SeFullIHS1', 'I1034_1', 'I328', 'I725', 'I437', 'I29', 'I374', 'I579', 'I1173_1', 'I4', 'State_5', 'I421', 'I1094_1', 'I655', 'I769', 'I562', 'I810_1', 'I570', 'I267', 'I434', 'I700', 'I403', 'I477', 'I410', 'I517', 'I280', 'I457', 'I729', 'I559', 'I297', 'I263', 'I487', 'I519', 'I548', 'I380', 'I366', 'I796_1', 'I277', 'I1047_1', 'I459', 'ActRtHS1', 'ActBmHS1', 'I493', 'I857_1', 'I430', 'I568', 'I506', 'Rdy1BmHS1', 'I1103_2', 'I1163_1', 'I441'})