12, 0, 6.0, 6
+-- , 0 , {5, 7, 25} , {'23', '24', '19', '26', '7', '2', '28', '5', '11', '27', '21', '0'}
| +-- , 5 , set() , {'12', '19', '5'}
| +-- , 7 , {9, 23} , {'23', '7', '2', '28', '5', '11', '20', '21', '19', '0'}
| | +-- , 9 , {12} , {'25', '23', '9', '16', '15', '19', '4', '2', '28', '5', '11', '20', '21', '10', '0'}
| | | +-- , 12 , {21, 15} , {'25', '23', '9', '0', '22', '16', '15', '19', '4', '2', '28', '5', '11', '20', '17', '10'}
| | | | +-- , 21 , set() , {'8', '23', '22', '19', '0'}
| | | | +-- , 15 , {17} , {'25', '23', '9', '22', '6', '16', '15', '4', '2', '3', '28', '5', '11', '20', '17', '10'}
| | | | | +-- , 17 , {19} , {'25', '23', '9', '22', '6', '16', '2', '3', '28', '13', '5', '17', '10'}
| | | | | | +-- , 19 , set() , {'23', '9', '2', '13', '5', '6', '14', '17', '10'}
| | +-- , 23 , set() , {'21', '1', '20'}
| +-- , 25 , {27} , {'23', '29', '7', '11', '24', '21', '19', '26'}
| | +-- , 27 , set() , {'11', '18', '29'}


Max number of edges with non zero Y: 26
Max number of iterations of outer rounding loop: 5
Max number of candidate sets: 2
Time spent rounding: 0.834
Time spent solving Separator LP: 0.042
Total time spent solving: 1.360

LP Solver: gammaPlusFractionalCoverHeuristic
Number of Rounding Attemps: 2
Lower Bound Witness = ({'25', '23', '29', '6', '14', '24', '16', '19', '26', '7', '4', '2', '5', '1', '11', '20', '10', '9', '22', '15', '12', '18', '8', '3', '28', '13', '27', '21', '17', '0'}, {'18', '19', '17', '0'})