13, 0, 6.5, 8
+-- , 0 , {3, 5, 27, 25, 11, 29} , {'23', '29', '9', '15', '19', '8', '7', '4', '28', '13', '5', '11', '20', '21', '17', '0'}
| +-- , 3 , set() , {'12', '19', '5'}
| +-- , 5 , set() , {'25', '23', '4', '3', '28', '13', '5', '11', '21', '17'}
| +-- , 27 , set() , {'27', '26', '29', '5'}
| +-- , 25 , set() , {'21', '1', '20'}
| +-- , 11 , {13, 23} , {'23', '29', '9', '6', '15', '19', '8', '4', '28', '13', '5', '11', '20', '21', '17', '0'}
| | +-- , 13 , {15} , {'23', '29', '9', '6', '14', '15', '19', '28', '13', '5', '11', '21', '17', '0'}
| | | +-- , 15 , {17, 21} , {'29', '2', '28', '13', '5', '6', '11', '14', '15', '21', '19', '0'}
| | | | +-- , 17 , {19} , {'2', '13', '28', '6', '14', '16', '15'}
| | | | | +-- , 19 , set() , {'2', '6', '14', '16', '10'}
| | | | +-- , 21 , set() , {'29', '2', '24', '21', '0'}
| | +-- , 23 , set() , {'8', '9', '28', '22', '13', '6', '20', '0'}
| +-- , 29 , set() , {'11', '18', '29'}


Max number of edges with non zero Y: 24
Max number of iterations of outer rounding loop: 5
Max number of candidate sets: 2
Time spent rounding: 1.248
Time spent solving Separator LP: 0.039
Total time spent solving: 1.804

LP Solver: gammaPlusFractionalCoverHeuristic
Number of Rounding Attemps: 4
Lower Bound Witness = ({'25', '23', '29', '6', '14', '24', '16', '19', '26', '7', '4', '2', '5', '1', '11', '20', '10', '9', '22', '15', '12', '18', '8', '3', '28', '13', '27', '21', '17', '0'}, {'4', '12', '17', '9'})