53, 2.0, 4.0, 4
+-- , 0 , {3, 39} , {'xL6JL10J', 'xL6JL4J', 'xL6JL11J', 'xL6JL3J', 'xL6JL5J', 'xL6JL7J', 'xL6JL8J', 'xL6JL9J'}
| +-- , 3 , {5, 30} , {'xL6JL4J', 'xL6JL3J', 'xL4JL3J', 'xL4JL2J', 'xL6JL8J', 'xL4JL4J', 'xL6JL9J', 'xL4JL1J'}
| | +-- , 5 , {7} , {'xL4JL5J', 'xL4JL3J', 'xL4JL2J', 'xL6JL8J', 'xL4JL4J', 'xL6JL9J', 'xL4JL1J'}
| | | +-- , 7 , {9} , {'xL4JL5J', 'xL3JL5J', 'xL1JL5J', 'xL6JL8J', 'xL6JL9J', 'xL2JL5J'}
| | | | +-- , 9 , {24, 11} , {'xL4JL7J', 'xL1JL5J', 'xL3JL5J', 'xL6JL8J', 'xL6JL9J', 'xL2JL5J'}
| | | | | +-- , 24 , {26} , {'xL1JL7J', 'xL4JL7J', 'xL2JL7J', 'xL3JL7J', 'xL3JL5J', 'xL1JL5J', 'xL2JL5J'}
| | | | | | +-- , 26 , {28} , {'xL1JL7J', 'xL2JL7J', 'xL3JL7J', 'xL3JL5J', 'xL1JL5J', 'xL2JL6J', 'xL2JL5J'}
| | | | | | | +-- , 28 , set() , {'xL1JL7J', 'xL1JL6J', 'xL3JL7J', 'xL3JL5J', 'xL1JL5J', 'xL2JL6J', 'xL3JL6J'}
| | | | | +-- , 11 , {13} , {'xL4JL9J', 'xL4JL10J', 'xL4JL7J', 'xL4JL8J', 'xL6JL8J', 'xL6JL9J', 'xL4JL11J'}
| | | | | | +-- , 13 , {15} , {'xL4JL9J', 'xL4JL10J', 'xL4JL8J', 'xL6JL8J', 'xL5JL8J', 'xL6JL9J', 'xL4JL11J'}
| | | | | | | +-- , 15 , {17} , {'xL4JL9J', 'xL4JL10J', 'xL5JL9J', 'xL5JL8J', 'xL6JL9J', 'xL4JL11J'}
| | | | | | | | +-- , 17 , {19} , {'xL4JL9J', 'xL4JL10J', 'xL5JL9J', 'xL6JL9J', 'xL3JL9J', 'xL4JL11J', 'xL2JL9J'}
| | | | | | | | | +-- , 19 , {22} , {'xL1JL10J', 'xL4JL10J', 'xL3JL10J', 'xL2JL10J', 'xL3JL9J', 'xL4JL11J', 'xL2JL9J'}
| | | | | | | | | | +-- , 22 , set() , {'xL1JL10J', 'xL3JL11J', 'xL1JL11J', 'xL3JL10J', 'xL2JL10J', 'xL2JL11J', 'xL3JL9J', 'xL4JL11J', 'xL2JL9J'}
| | +-- , 30 , {32, 34} , {'xL6JL4J', 'xL6JL3J', 'xL3JL3J', 'xL2JL3J', 'xL4JL3J', 'xL4JL2J', 'xL4JL4J', 'xL4JL1J'}
| | | +-- , 32 , set() , {'xL6JL4J', 'xL5JL4J', 'xL6JL3J', 'xL5JL3J', 'xL3JL3J', 'xL2JL3J', 'xL4JL3J', 'xL4JL4J'}
| | | +-- , 34 , {37} , {'xL2JL2J', 'xL3JL3J', 'xL2JL3J', 'xL4JL2J', 'xL2JL1J', 'xL4JL1J'}
| | | | +-- , 37 , set() , {'xL2JL2J', 'xL1JL1J', 'xL3JL3J', 'xL4JL1J', 'xL4JL2J', 'xL3JL1J', 'xL2JL1J', 'xL3JL2J', 'xL1JL2J'}
| +-- , 39 , {41} , {'xL6JL10J', 'xL6JL4J', 'xL6JL2J', 'xL6JL11J', 'xL6JL3J', 'xL6JL5J', 'xL6JL7J', 'xL6JL1J'}
| | +-- , 41 , {43, 100} , {'xL6JL10J', 'xL6JL2J', 'xL6JL11J', 'xL7JL7J', 'xL11JL4J', 'xL11JL3J', 'xL6JL7J', 'xL6JL5J', 'xL8JL7J', 'xL6JL1J'}
| | | +-- , 43 , {45} , {'xL11JL1J', 'xL6JL10J', 'xL6JL11J', 'xL11JL5J', 'xL7JL7J', 'xL11JL4J', 'xL11JL3J', 'xL6JL7J', 'xL11JL2J', 'xL9JL7J', 'xL8JL7J'}
| | | | +-- , 45 , {98, 47} , {'xL11JL1J', 'xL6JL10J', 'xL9JL10J', 'xL6JL11J', 'xL11JL5J', 'xL11JL2J', 'xL9JL7J', 'xL9JL9J', 'xL9JL11J', 'xL9JL8J'}
| | | | | +-- , 98 , set() , {'xL7JL10J', 'xL6JL10J', 'xL9JL10J', 'xL6JL11J', 'xL7JL11J', 'xL8JL11J', 'xL8JL10J', 'xL9JL11J'}
| | | | | +-- , 47 , {96, 49} , {'xL11JL1J', 'xL11JL8J', 'xL11JL7J', 'xL11JL5J', 'xL11JL2J', 'xL9JL9J', 'xL11JL9J', 'xL9JL8J'}
| | | | | | +-- , 96 , set() , {'xL11JL8J', 'xL10JL8J', 'xL9JL9J', 'xL10JL9J', 'xL11JL9J', 'xL9JL8J'}
| | | | | | +-- , 49 , {51} , {'xL11JL1J', 'xL11JL11J', 'xL11JL8J', 'xL11JL10J', 'xL11JL5J', 'xL11JL7J', 'xL11JL2J', 'xL11JL9J'}
| | | | | | | +-- , 51 , {74, 53} , {'xL14JL5J', 'xL11JL1J', 'xL11JL11J', 'xL11JL10J', 'xL11JL5J', 'xL11JL7J', 'xL11JL2J', 'xL19JL7J', 'xL17JL7J', 'xL18JL7J'}
| | | | | | | | +-- , 74 , {76} , {'xL14JL5J', 'xL11JL11J', 'xL13JL5J', 'xL11JL10J', 'xL11JL5J', 'xL11JL7J', 'xL16JL7J', 'xL19JL7J', 'xL12JL5J', 'xL17JL7J', 'xL18JL7J'}
| | | | | | | | | +-- , 76 , {78} , {'xL11JL11J', 'xL16JL11J', 'xL16JL10J', 'xL16JL9J', 'xL13JL5J', 'xL11JL10J', 'xL11JL7J', 'xL16JL8J', 'xL16JL7J', 'xL12JL5J'}
| | | | | | | | | | +-- , 78 , {80, 84} , {'xL11JL11J', 'xL16JL11J', 'xL13JL5J', 'xL16JL10J', 'xL11JL10J', 'xL11JL7J', 'xL16JL8J', 'xL16JL9J', 'xL12JL5J', 'xL14JL7J'}
| | | | | | | | | | | +-- , 80 , {82} , {'xL13JL7J', 'xL12JL7J', 'xL13JL5J', 'xL11JL7J', 'xL12JL5J', 'xL14JL7J'}
| | | | | | | | | | | | +-- , 82 , set() , {'xL13JL7J', 'xL12JL6J', 'xL13JL5J', 'xL12JL7J', 'xL12JL5J', 'xL13JL6J'}
| | | | | | | | | | | +-- , 84 , {86, 94} , {'xL11JL11J', 'xL16JL11J', 'xL14JL8J', 'xL14JL11J', 'xL16JL10J', 'xL14JL9J', 'xL11JL10J', 'xL16JL9J', 'xL14JL10J', 'xL16JL8J', 'xL14JL7J'}
| | | | | | | | | | | | +-- , 86 , {90, 92} , {'xL16JL11J', 'xL14JL8J', 'xL18JL9J', 'xL16JL10J', 'xL14JL9J', 'xL18JL10J', 'xL16JL9J', 'xL16JL8J', 'xL17JL9J', 'xL18JL11J'}
| | | | | | | | | | | | | +-- , 90 , set() , {'xL17JL11J', 'xL16JL11J', 'xL16JL10J', 'xL18JL10J', 'xL17JL10J', 'xL17JL9J', 'xL19JL10J', 'xL19JL11J', 'xL18JL11J'}
| | | | | | | | | | | | | +-- , 92 , set() , {'xL14JL8J', 'xL18JL9J', 'xL15JL9J', 'xL14JL9J', 'xL17JL9J', 'xL16JL9J', 'xL16JL8J', 'xL15JL8J'}
| | | | | | | | | | | | +-- , 94 , set() , {'xL11JL11J', 'xL12JL11J', 'xL14JL11J', 'xL11JL10J', 'xL12JL10J', 'xL14JL10J', 'xL13JL10J', 'xL13JL11J'}
| | | | | | | | +-- , 53 , {72, 55} , {'xL14JL5J', 'xL11JL1J', 'xL14JL2J', 'xL11JL2J', 'xL19JL7J', 'xL14JL1J', 'xL14JL3J', 'xL14JL4J', 'xL17JL7J', 'xL18JL7J'}
| | | | | | | | | +-- , 72 , set() , {'xL14JL2J', 'xL11JL1J', 'xL13JL1J', 'xL11JL2J', 'xL14JL1J', 'xL12JL2J', 'xL13JL2J', 'xL12JL1J'}
| | | | | | | | | +-- , 55 , {57, 63} , {'xL16JL5J', 'xL17JL5J', 'xL19JL7J', 'xL14JL3J', 'xL14JL4J', 'xL19JL5J', 'xL17JL7J', 'xL18JL7J'}
| | | | | | | | | | +-- , 57 , {59} , {'xL16JL5J', 'xL17JL5J', 'xL18JL5J', 'xL19JL7J', 'xL19JL5J', 'xL17JL7J', 'xL18JL7J'}
| | | | | | | | | | | +-- , 59 , {61} , {'xL19JL6J', 'xL17JL5J', 'xL18JL5J', 'xL19JL7J', 'xL19JL5J', 'xL17JL7J', 'xL18JL7J'}
| | | | | | | | | | | | +-- , 61 , set() , {'xL17JL5J', 'xL18JL5J', 'xL19JL6J', 'xL17JL7J', 'xL18JL6J', 'xL17JL6J', 'xL18JL7J'}
| | | | | | | | | | +-- , 63 , {65} , {'xL16JL5J', 'xL16JL4J', 'xL16JL1J', 'xL16JL2J', 'xL14JL3J', 'xL14JL4J', 'xL16JL3J'}
| | | | | | | | | | | +-- , 65 , {67} , {'xL16JL4J', 'xL16JL1J', 'xL15JL4J', 'xL16JL2J', 'xL14JL3J', 'xL14JL4J', 'xL16JL3J'}
| | | | | | | | | | | | +-- , 67 , {69} , {'xL16JL1J', 'xL15JL4J', 'xL16JL2J', 'xL14JL3J', 'xL17JL3J', 'xL16JL3J', 'xL15JL3J', 'xL18JL3J'}
| | | | | | | | | | | | | +-- , 69 , set() , {'xL19JL1J', 'xL19JL2J', 'xL16JL1J', 'xL16JL2J', 'xL18JL2J', 'xL17JL1J', 'xL17JL3J', 'xL18JL1J', 'xL17JL2J', 'xL18JL3J'}
| | | +-- , 100 , {102, 106, 110} , {'xL6JL2J', 'xL9JL5J', 'xL7JL7J', 'xL11JL4J', 'xL9JL4J', 'xL11JL3J', 'xL6JL5J', 'xL8JL7J', 'xL9JL3J', 'xL6JL1J'}
| | | | +-- , 102 , {104} , {'xL9JL2J', 'xL6JL2J', 'xL9JL5J', 'xL9JL1J', 'xL9JL4J', 'xL9JL3J', 'xL6JL1J'}
| | | | | +-- , 104 , set() , {'xL9JL2J', 'xL7JL2J', 'xL6JL2J', 'xL9JL1J', 'xL7JL1J', 'xL8JL1J', 'xL6JL1J', 'xL8JL2J'}
| | | | +-- , 106 , {108} , {'xL9JL5J', 'xL8JL5J', 'xL7JL5J', 'xL7JL7J', 'xL6JL5J', 'xL8JL7J'}
| | | | | +-- , 108 , set() , {'xL8JL6J', 'xL7JL6J', 'xL8JL5J', 'xL7JL5J', 'xL7JL7J', 'xL8JL7J'}
| | | | +-- , 110 , set() , {'xL10JL3J', 'xL11JL4J', 'xL11JL3J', 'xL9JL3J', 'xL10JL4J', 'xL9JL4J'}


Max number of edges with non zero Y: 2
Max number of iterations of outer rounding loop: 0
Max number of candidate sets: 0
Time spent rounding: 0.000
Time spent solving Separator LP: 4.409
Total time spent solving: 8.092

LP Solver: GaifmanNormalILP
Lower Bound Witness = ({'xL17JL5J', 'xL18JL5J', 'xL19JL6J', 'xL19JL7J', 'xL19JL5J', 'xL17JL7J', 'xL18JL6J', 'xL17JL6J', 'xL18JL7J'}, {'xL17JL5J', 'xL18JL5J', 'xL19JL7J', 'xL19JL5J', 'xL17JL7J', 'xL18JL7J'})