38, 2.0, 4.0, 4
+-- , 0 , {5, 39} , {'xL7JL3J', 'xL7JL8J', 'xL7JL2J', 'xL6JL8J', 'xL8JL8J', 'xL7JL1J', 'xL5JL8J'}
| +-- , 5 , {33, 7} , {'xL7JL3J', 'xL10JL2J', 'xL7JL8J', 'xL7JL2J', 'xL6JL8J', 'xL8JL8J', 'xL7JL1J'}
| | +-- , 33 , {35} , {'xL10JL2J', 'xL7JL3J', 'xL8JL2J', 'xL7JL2J', 'xL9JL2J', 'xL7JL1J'}
| | | +-- , 35 , {37} , {'xL7JL3J', 'xL8JL2J', 'xL8JL3J', 'xL9JL1J', 'xL9JL2J', 'xL7JL1J'}
| | | | +-- , 37 , set() , {'xL8JL2J', 'xL8JL3J', 'xL8JL1J', 'xL9JL1J', 'xL7JL1J'}
| | +-- , 7 , {9} , {'xL10JL2J', 'xL10JL4J', 'xL7JL8J', 'xL10JL5J', 'xL10JL3J', 'xL8JL8J', 'xL6JL8J'}
| | | +-- , 9 , {17, 11} , {'xL10JL4J', 'xL8JL6J', 'xL7JL8J', 'xL10JL5J', 'xL10JL3J', 'xL8JL8J', 'xL9JL7J', 'xL6JL8J', 'xL9JL6J'}
| | | | +-- , 17 , {19} , {'xL8JL6J', 'xL7JL8J', 'xL10JL7J', 'xL7JL6J', 'xL6JL8J', 'xL8JL8J', 'xL9JL7J', 'xL9JL6J'}
| | | | | +-- , 19 , {21} , {'xL7JL8J', 'xL10JL7J', 'xL10JL9J', 'xL7JL6J', 'xL6JL8J', 'xL8JL8J', 'xL10JL8J', 'xL10JL10J'}
| | | | | | +-- , 21 , {25, 23} , {'xL7JL10J', 'xL7JL9J', 'xL7JL8J', 'xL7JL7J', 'xL10JL9J', 'xL7JL6J', 'xL6JL8J', 'xL8JL8J', 'xL10JL8J', 'xL10JL10J'}
| | | | | | | +-- , 25 , {27} , {'xL7JL10J', 'xL8JL11J', 'xL7JL9J', 'xL10JL9J', 'xL8JL9J', 'xL8JL10J', 'xL8JL8J', 'xL10JL8J', 'xL10JL10J'}
| | | | | | | | +-- , 27 , {29, 31} , {'xL7JL10J', 'xL8JL11J', 'xL7JL9J', 'xL10JL9J', 'xL11JL9J', 'xL8JL9J', 'xL8JL10J', 'xL10JL8J', 'xL9JL10J', 'xL10JL10J'}
| | | | | | | | | +-- , 29 , set() , {'xL8JL11J', 'xL7JL9J', 'xL9JL11J', 'xL10JL9J', 'xL11JL9J', 'xL9JL9J', 'xL8JL9J', 'xL9JL10J'}
| | | | | | | | | +-- , 31 , set() , {'xL10JL8J', 'xL11JL9J', 'xL11JL8J'}
| | | | | | | +-- , 23 , set() , {'xL6JL7J', 'xL6JL8J', 'xL7JL7J'}
| | | | +-- , 11 , {13} , {'xL9JL5J', 'xL10JL4J', 'xL8JL6J', 'xL8JL5J', 'xL10JL5J', 'xL9JL4J', 'xL10JL3J', 'xL9JL7J', 'xL9JL6J'}
| | | | | +-- , 13 , {15} , {'xL11JL4J', 'xL10JL3J', 'xL10JL4J', 'xL9JL4J'}
| | | | | | +-- , 15 , set() , {'xL11JL4J', 'xL11JL3J', 'xL10JL3J'}
| +-- , 39 , {41} , {'xL7JL3J', 'xL5JL10J', 'xL7JL4J', 'xL7JL2J', 'xL5JL11J', 'xL5JL9J', 'xL7JL1J', 'xL5JL8J'}
| | +-- , 41 , {43} , {'xL5JL10J', 'xL7JL4J', 'xL6JL4J', 'xL5JL11J', 'xL5JL9J', 'xL4JL4J', 'xL5JL4J'}
| | | +-- , 43 , {45, 71} , {'xL5JL10J', 'xL6JL4J', 'xL5JL11J', 'xL2JL10J', 'xL5JL9J', 'xL4JL4J', 'xL5JL4J'}
| | | | +-- , 45 , {47} , {'xL2JL8J', 'xL2JL7J', 'xL6JL4J', 'xL2JL10J', 'xL2JL9J', 'xL4JL4J', 'xL5JL4J'}
| | | | | +-- , 47 , {49, 55} , {'xL2JL8J', 'xL2JL7J', 'xL6JL4J', 'xL4JL7J', 'xL3JL6J', 'xL2JL9J', 'xL4JL4J', 'xL3JL5J', 'xL5JL4J'}
| | | | | | +-- , 49 , {51} , {'xL2JL8J', 'xL2JL7J', 'xL3JL8J', 'xL4JL7J', 'xL3JL6J', 'xL2JL9J', 'xL3JL5J', 'xL3JL7J'}
| | | | | | | +-- , 51 , {53} , {'xL2JL8J', 'xL2JL9J', 'xL1JL8J', 'xL3JL8J'}
| | | | | | | | +-- , 53 , set() , {'xL1JL8J', 'xL1JL9J', 'xL2JL9J'}
| | | | | | +-- , 55 , {57} , {'xL6JL4J', 'xL4JL7J', 'xL4JL6J', 'xL3JL6J', 'xL4JL4J', 'xL3JL5J', 'xL5JL4J'}
| | | | | | | +-- , 57 , {59} , {'xL3JL5J', 'xL6JL4J', 'xL4JL6J', 'xL3JL6J', 'xL4JL4J', 'xL5JL6J', 'xL5JL4J', 'xL2JL5J'}
| | | | | | | | +-- , 59 , {69, 61} , {'xL2JL3J', 'xL6JL4J', 'xL5JL2J', 'xL5JL3J', 'xL2JL5J', 'xL2JL4J', 'xL2JL2J', 'xL4JL4J', 'xL5JL5J', 'xL5JL6J', 'xL5JL4J'}
| | | | | | | | | +-- , 69 , set() , {'xL6JL5J', 'xL6JL4J', 'xL5JL5J'}
| | | | | | | | | +-- , 61 , {63} , {'xL4JL1J', 'xL2JL3J', 'xL5JL2J', 'xL2JL2J', 'xL5JL3J', 'xL2JL4J', 'xL4JL2J', 'xL4JL4J', 'xL4JL3J'}
| | | | | | | | | | +-- , 63 , {65, 67} , {'xL4JL1J', 'xL2JL3J', 'xL1JL3J', 'xL5JL2J', 'xL2JL2J', 'xL5JL3J', 'xL2JL4J', 'xL4JL2J', 'xL3JL2J', 'xL4JL3J'}
| | | | | | | | | | | +-- , 65 , set() , {'xL3JL1J', 'xL4JL1J', 'xL2JL3J', 'xL1JL3J', 'xL5JL3J', 'xL3JL2J', 'xL4JL3J', 'xL3JL3J'}
| | | | | | | | | | | +-- , 67 , set() , {'xL1JL4J', 'xL1JL3J', 'xL2JL4J'}
| | | | +-- , 71 , {73} , {'xL5JL10J', 'xL2JL10J', 'xL5JL11J', 'xL5JL9J', 'xL4JL10J', 'xL3JL10J'}
| | | | | +-- , 73 , {75, 77} , {'xL4JL10J', 'xL4JL11J', 'xL3JL10J', 'xL5JL11J', 'xL5JL9J'}
| | | | | | +-- , 75 , set() , {'xL4JL11J', 'xL4JL9J', 'xL5JL9J', 'xL4JL10J'}
| | | | | | +-- , 77 , set() , {'xL4JL11J', 'xL3JL10J', 'xL5JL11J', 'xL3JL11J'}


Max number of edges with non zero Y: 2
Max number of iterations of outer rounding loop: 0
Max number of candidate sets: 0
Time spent rounding: 0.000
Time spent solving Separator LP: 1.879
Total time spent solving: 3.288

LP Solver: GaifmanNormalILP
Lower Bound Witness = ({'xL7JL10J', 'xL11JL8J', 'xL8JL11J', 'xL7JL9J', 'xL9JL11J', 'xL10JL9J', 'xL11JL9J', 'xL9JL9J', 'xL8JL9J', 'xL8JL10J', 'xL10JL8J', 'xL9JL10J', 'xL10JL10J'}, {'xL7JL10J', 'xL8JL11J', 'xL7JL9J', 'xL10JL9J', 'xL8JL9J', 'xL8JL10J', 'xL10JL8J', 'xL10JL10J'})