10, 0, 6.0, 7
+-- , 3 , {0} , {'23', '89', '4', '71', '35', '38', '61', '75', '65', '59', '50', '42', '12'}
| +-- , 0 , {19, 5} , {'9', '61', '50', '62', '43', '48', '86', '15', '37', '51', '57', '11', '31', '49', '46', '4', '6', '91', '63', '16', '38', '22', '17', '85', '32', '71', '60', '21', '54', '25', '89', '66', '23', '56', '40', '64', '83', '65', '35', '5', '75', '67', '12'}
| | +-- , 19 , set() , {'23', '70', '46', '16', '69', '35', '87', '9', '57', '92', '31', '8', '12', '40'}
| | +-- , 5 , {7} , {'9', '61', '26', '50', '3', '62', '43', '88', '48', '86', '15', '37', '51', '34', '57', '11', '31', '49', '46', '4', '6', '91', '63', '16', '38', '22', '17', '85', '32', '71', '60', '21', '54', '68', '25', '89', '66', '23', '56', '40', '82', '64', '7', '83', '65', '2', '5', '75', '67', '12'}
| | | +-- , 7 , {9, 17} , {'16', '38', '9', '61', '50', '22', '3', '17', '85', '32', '71', '88', '60', '21', '54', '14', '48', '68', '86', '89', '66', '23', '82', '64', '7', '83', '15', '37', '51', '34', '65', '2', '4', '5', '6', '75', '45', '12'}
| | | | +-- , 9 , {11, 13, 15} , {'16', '38', '61', '22', '50', '74', '3', '17', '85', '32', '71', '88', '60', '21', '54', '14', '48', '68', '27', '18', '86', '89', '66', '23', '82', '64', '7', '36', '15', '51', '34', '65', '10', '2', '4', '28', '5', '75', '45'}
| | | | | +-- , 11 , set() , {'32', '4', '16', '2', '28', '15', '13', '68', '54', '48', '50', '3', '84', '66'}
| | | | | +-- , 13 , set() , {'23', '20', '88', '7', '72', '73', '24', '21', '14', '34', '48', '45', '27', '33', '89'}
| | | | | +-- , 15 , set() , {'39', '71', '64', '38', '60', '21', '5', '51', '58', '22', '74', '17', '86', '81'}
| | | | +-- , 17 , set() , {'32', '4', '9', '83', '15', '61', '37', '6', '14', '50', '52', '41', '86', '12', '1'}


Max number of edges with non zero Y: 10
Max number of iterations of outer rounding loop: 1
Max number of candidate sets: 2
Time spent rounding: 0.019
Time spent solving Separator LP: 0.013
Total time spent solving: 0.192

LP Solver: gammaPlusFractionalCoverHeuristic
Number of Rounding Attemps: 1
Lower Bound Witness = ({'69', '9', '61', '26', '81', '62', '43', '88', '14', '48', '52', '86', '37', '13', '34', '57', '59', '11', '31', '1', '49', '4', '28', '6', '84', '63', '38', '73', '42', '41', '17', '32', '71', '21', '58', '25', '66', '23', '56', '40', '83', '65', '70', '2', '35', '67', '12', '50', '74', '3', '72', '27', '18', '36', '15', '51', '33', '46', '20', '91', '16', '24', '22', '39', '85', '60', '54', '68', '89', '82', '64', '7', '87', '92', '10', '5', '75', '45', '8'}, {'20', '9', '45', '59', '49'})