32, 1.0483866774193549, 4.0, 4
+-- , 0 , {48, 3, 56} , {'xL7JL5J', 'xL5JL2J', 'xL6JL5J', 'xL3JL11J', 'xL3JL9J', 'xL4JL5J', 'xL5JL5J', 'xL3JL8J', 'xL3JL7J', 'xL6JL2J', 'xL3JL10J'}
| +-- , 48 , {50} , {'xL4JL5J', 'xL5JL5J', 'xL3JL8J', 'xL2JL8J', 'xL3JL7J'}
| | +-- , 50 , {52, 54} , {'xL4JL5J', 'xL5JL5J', 'xL1JL7J', 'xL2JL7J', 'xL2JL8J', 'xL4JL7J', 'xL3JL7J', 'xL2JL6J'}
| | | +-- , 52 , set() , {'xL1JL6J', 'xL2JL6J', 'xL1JL7J'}
| | | +-- , 54 , set() , {'xL5JL6J', 'xL4JL5J', 'xL5JL5J', 'xL4JL7J', 'xL4JL6J'}
| +-- , 3 , {5} , {'xL7JL5J', 'xL5JL1J', 'xL5JL2J', 'xL6JL5J', 'xL3JL11J', 'xL3JL9J', 'xL6JL2J', 'xL3JL10J'}
| | +-- , 5 , {44, 7} , {'xL7JL5J', 'xL7JL6J', 'xL6JL4J', 'xL6JL2J', 'xL3JL10J', 'xL6JL1J', 'xL5JL1J', 'xL6JL5J', 'xL3JL11J', 'xL3JL9J', 'xL7JL7J', 'xL7JL3J', 'xL6JL3J', 'xL7JL4J'}
| | | +-- , 44 , {46} , {'xL8JL3J', 'xL6JL4J', 'xL8JL4J', 'xL9JL3J', 'xL7JL3J', 'xL6JL3J', 'xL7JL4J'}
| | | | +-- , 46 , set() , {'xL8JL3J', 'xL8JL4J', 'xL8JL1J', 'xL8JL2J', 'xL9JL3J', 'xL9JL2J', 'xL9JL1J'}
| | | +-- , 7 , {34, 9} , {'xL7JL6J', 'xL3JL11J', 'xL7JL7J', 'xL3JL9J', 'xL6JL8J', 'xL6JL9J', 'xL3JL10J'}
| | | | +-- , 34 , {36} , {'xL7JL6J', 'xL6JL7J', 'xL6JL9J', 'xL7JL7J', 'xL6JL8J'}
| | | | | +-- , 36 , {38} , {'xL8JL7J', 'xL7JL6J', 'xL9JL7J', 'xL6JL7J', 'xL7JL7J'}
| | | | | | +-- , 38 , {40} , {'xL8JL7J', 'xL7JL6J', 'xL9JL7J', 'xL8JL6J'}
| | | | | | | +-- , 40 , {42} , {'xL8JL7J', 'xL8JL8J', 'xL9JL7J', 'xL8JL6J'}
| | | | | | | | +-- , 42 , set() , {'xL8JL8J', 'xL9JL7J', 'xL9JL8J'}
| | | | +-- , 9 , {32, 11} , {'xL4JL9J', 'xL3JL11J', 'xL3JL9J', 'xL6JL8J', 'xL7JL9J', 'xL6JL9J', 'xL3JL10J'}
| | | | | +-- , 32 , set() , {'xL4JL9J', 'xL3JL9J', 'xL6JL8J', 'xL7JL9J', 'xL5JL9J', 'xL5JL8J', 'xL6JL9J'}
| | | | | +-- , 11 , {14, 30} , {'xL4JL9J', 'xL2JL11J', 'xL2JL10J', 'xL3JL11J', 'xL1JL11J', 'xL7JL9J', 'xL4JL10J', 'xL4JL11J', 'xL3JL10J'}
| | | | | | +-- , 14 , {16} , {'xL4JL9J', 'xL4JL12J', 'xL7JL9J', 'xL7JL10J', 'xL4JL13J', 'xL7JL11J', 'xL4JL10J', 'xL4JL11J'}
| | | | | | | +-- , 16 , {18, 28} , {'xL4JL12J', 'xL7JL10J', 'xL4JL13J', 'xL7JL11J', 'xL6JL12J'}
| | | | | | | | +-- , 18 , {20} , {'xL7JL10J', 'xL6JL11J', 'xL7JL11J', 'xL6JL12J'}
| | | | | | | | | +-- , 20 , {22} , {'xL7JL10J', 'xL6JL11J', 'xL9JL11J', 'xL7JL11J', 'xL8JL11J'}
| | | | | | | | | | +-- , 22 , {24} , {'xL8JL10J', 'xL7JL10J', 'xL9JL11J', 'xL8JL11J'}
| | | | | | | | | | | +-- , 24 , {26} , {'xL8JL10J', 'xL8JL12J', 'xL9JL11J', 'xL8JL13J', 'xL8JL11J'}
| | | | | | | | | | | | +-- , 26 , set() , {'xL9JL13J', 'xL8JL12J', 'xL9JL11J', 'xL8JL13J', 'xL9JL12J'}
| | | | | | | | +-- , 28 , set() , {'xL4JL12J', 'xL5JL12J', 'xL4JL13J', 'xL6JL12J', 'xL5JL13J'}
| | | | | | +-- , 30 , set() , {'xL2JL12J', 'xL2JL11J', 'xL1JL12J', 'xL2JL10J', 'xL1JL11J', 'xL1JL13J', 'xL2JL13J'}
| +-- , 56 , {58} , {'xL7JL5J', 'xL3JL5J', 'xL5JL2J', 'xL6JL5J', 'xL4JL5J', 'xL5JL5J', 'xL4JL2J', 'xL6JL2J'}
| | +-- , 58 , {60} , {'xL3JL5J', 'xL3JL3J', 'xL3JL4J', 'xL4JL2J'}
| | | +-- , 60 , {62} , {'xL3JL3J', 'xL4JL3J', 'xL3JL4J', 'xL4JL2J'}
| | | | +-- , 62 , {64} , {'xL3JL3J', 'xL4JL3J', 'xL1JL3J', 'xL3JL4J', 'xL2JL4J', 'xL2JL3J'}
| | | | | +-- , 64 , set() , {'xL2JL2J', 'xL1JL1J', 'xL1JL2J', 'xL1JL3J', 'xL2JL1J', 'xL2JL4J', 'xL2JL3J'}


Max number of edges with non zero Y: 6
Max number of iterations of outer rounding loop: 3
Max number of candidate sets: 2
Time spent rounding: 9.045
Time spent solving Separator LP: 0.454
Total time spent solving: 13.002

LP Solver: GaifmanNormal
Lower Bound Witness = ({'xL8JL3J', 'xL8JL6J', 'xL4JL5J', 'xL9JL12J', 'xL8JL7J', 'xL2JL2J', 'xL6JL11J', 'xL3JL11J', 'xL2JL7J', 'xL6JL3J', 'xL7JL3J', 'xL8JL8J', 'xL2JL1J', 'xL4JL2J', 'xL2JL11J', 'xL6JL4J', 'xL3JL8J', 'xL1JL3J', 'xL8JL11J', 'xL2JL4J', 'xL7JL11J', 'xL1JL12J', 'xL9JL11J', 'xL1JL7J', 'xL6JL1J', 'xL3JL4J', 'xL7JL5J', 'xL2JL12J', 'xL3JL3J', 'xL5JL6J', 'xL4JL6J', 'xL1JL13J', 'xL3JL10J', 'xL8JL4J', 'xL5JL1J', 'xL8JL12J', 'xL7JL7J', 'xL7JL9J', 'xL1JL6J', 'xL4JL13J', 'xL1JL11J', 'xL5JL5J', 'xL2JL8J', 'xL9JL1J', 'xL2JL13J', 'xL4JL9J', 'xL6JL5J', 'xL3JL9J', 'xL8JL1J', 'xL8JL2J', 'xL1JL2J', 'xL4JL10J', 'xL4JL11J', 'xL8JL10J', 'xL4JL3J', 'xL4JL12J', 'xL9JL7J', 'xL5JL9J', 'xL7JL10J', 'xL5JL8J', 'xL7JL6J', 'xL4JL7J', 'xL9JL3J', 'xL6JL2J', 'xL6JL12J', 'xL5JL12J', 'xL9JL13J', 'xL6JL7J', 'xL8JL13J', 'xL3JL7J', 'xL5JL13J', 'xL2JL3J', 'xL3JL5J', 'xL9JL8J', 'xL1JL1J', 'xL6JL8J', 'xL6JL9J', 'xL9JL2J', 'xL5JL2J', 'xL2JL10J', 'xL2JL6J', 'xL7JL4J'}, {'xL5JL1J', 'xL9JL11J', 'xL1JL6J', 'xL2JL1J', 'xL4JL2J'})