57, 3.36690316308536, 9.0, 9
+-- , 0 , {3, 101, 11, 107, 109, 79, 81, 113, 91, 93, 95} , {'xL4J', 'xL9J', 'xL3J', 'xL2J', 'xL6J', 'zL78J', 'zL37J', 'xL8J', 'xL7J', 'zL24J', 'w21', 'zL75J', 'zL41J', 'xL5J', 'zL48J'}
| +-- , 3 , {9, 5} , {'zL20J', 'xL7J', 'zL21J', 'xL2J', 'xL6J', 'xL5J', 'xL8J'}
| | +-- , 9 , set() , {'zL20J', 'yL5J', 'xL5J'}
| | +-- , 5 , {7} , {'xL7J', 'xL8J', 'zL22J', 'zL21J', 'zL23J', 'xL6J'}
| | | +-- , 7 , set() , {'xL6J', 'w8', 'zL23J'}
| +-- , 101 , {103} , {'xL8J', 'xL6J', 'zL78J', 'zL77J', 'xL2J'}
| | +-- , 103 , {105} , {'zL77J', 'xL8J', 'zL76J', 'xL2J'}
| | | +-- , 105 , set() , {'xL8J', 'yL19J', 'zL76J'}
| +-- , 11 , {13} , {'xL4J', 'xL9J', 'zL69J', 'xL3J', 'zL68J', 'xL2J', 'zL74J', 'zL49J', 'xL6J', 'zL37J', 'zL78J', 'xL8J', 'zL38J', 'xL7J', 'zL40J', 'zL24J', 'zL75J', 'zL41J', 'xL5J', 'zL48J'}
| | +-- , 13 , {15} , {'xL4J', 'xL9J', 'zL69J', 'xL3J', 'zL39J', 'w16', 'zL68J', 'xL2J', 'zL74J', 'zL49J', 'xL6J', 'zL78J', 'xL8J', 'zL38J', 'xL7J', 'zL40J', 'zL24J', 'zL55J', 'xL5J'}
| | | +-- , 15 , {69, 71, 73, 75, 17, 23} , {'xL4J', 'xL9J', 'zL69J', 'xL3J', 'zL39J', 'zL68J', 'xL2J', 'zL74J', 'zL49J', 'xL6J', 'zL78J', 'xL8J', 'xL7J', 'zL40J', 'zL24J', 'zL55J', 'xL5J', 'xL0J'}
| | | | +-- , 69 , set() , {'xL7J', 'zL73J', 'yL18J', 'zL74J', 'zL72J', 'xL6J', 'xL0J'}
| | | | +-- , 71 , set() , {'xL9J', 'w20', 'zL69J', 'xL2J', 'zL70J', 'zL71J', 'xL0J'}
| | | | +-- , 73 , set() , {'xL4J', 'zL60J', 'xL3J', 'zL63J', 'zL62J', 'xL2J', 'xL5J', 'yL15J', 'w18', 'xL0J', 'zL61J'}
| | | | +-- , 75 , {77} , {'xL4J', 'xL9J', 'zL24J', 'zL25J', 'xL5J', 'xL0J'}
| | | | | +-- , 77 , set() , {'xL4J', 'w9', 'zL26J', 'zL25J', 'xL5J', 'xL0J', 'zL27J'}
| | | | +-- , 17 , {19} , {'xL4J', 'xL3J', 'zL4J', 'xL2J', 'yL1J', 'xL6J', 'xL0J'}
| | | | | +-- , 19 , {21} , {'xL4J', 'xL3J', 'zL4J', 'xL2J', 'zL7J', 'xL6J', 'zL5J', 'zL6J'}
| | | | | | +-- , 21 , set() , {'w4', 'zL7J', 'xL3J'}
| | | | +-- , 23 , {25, 67} , {'xL4J', 'xL9J', 'xL3J', 'zL39J', 'zL68J', 'xL2J', 'zL49J', 'xL6J', 'zL78J', 'zL1J', 'xL8J', 'w3', 'zL3J', 'xL7J', 'zL52J', 'zL40J', 'yL13J', 'zL55J', 'xL5J', 'xL0J', 'zL0J'}
| | | | | +-- , 25 , {27} , {'xL4J', 'xL9J', 'xL3J', 'zL39J', 'zL68J', 'xL2J', 'zL49J', 'xL6J', 'zL1J', 'zL78J', 'xL8J', 'zL3J', 'xL7J', 'zL54J', 'zL52J', 'zL40J', 'zL55J', 'xL0J'}
| | | | | | +-- , 27 , {65, 39, 49, 51, 29, 53, 59, 61, 63} , {'xL4J', 'xL9J', 'xL3J', 'zL39J', 'zL68J', 'xL2J', 'zL49J', 'xL6J', 'zL78J', 'zL1J', 'xL8J', 'zL3J', 'xL7J', 'zL52J', 'zL54J', 'zL40J', 'xL1J', 'zL53J', 'xL0J', 'w12'}
| | | | | | | +-- , 65 , set() , {'zL40J', 'xL1J', 'yL10J'}
| | | | | | | +-- , 39 , {41} , {'xL4J', 'xL9J', 'zL31J', 'xL3J', 'xL1J', 'xL8J', 'w10'}
| | | | | | | | +-- , 41 , {43} , {'xL9J', 'zL30J', 'zL31J', 'xL3J', 'xL1J', 'xL8J'}
| | | | | | | | | +-- , 43 , {45} , {'zL29J', 'zL30J', 'xL3J', 'xL8J', 'xL1J'}
| | | | | | | | | | +-- , 45 , {47} , {'zL29J', 'zL28J', 'xL8J', 'xL1J'}
| | | | | | | | | | | +-- , 47 , set() , {'yL7J', 'xL1J', 'zL28J'}
| | | | | | | +-- , 49 , set() , {'xL4J', 'xL1J', 'w22', 'zL79J', 'zL78J'}
| | | | | | | +-- , 51 , set() , {'zL3J', 'xL1J', 'xL6J', 'zL1J', 'zL2J'}
| | | | | | | +-- , 29 , {37, 31} , {'xL7J', 'zL35J', 'xL3J', 'zL34J', 'xL1J', 'xL6J', 'xL0J'}
| | | | | | | | +-- , 37 , set() , {'zL35J', 'xL0J', 'w11'}
| | | | | | | | +-- , 31 , {33} , {'xL7J', 'xL3J', 'zL34J', 'xL1J', 'zL33J'}
| | | | | | | | | +-- , 33 , {35} , {'xL3J', 'xL1J', 'zL32J', 'zL33J'}
| | | | | | | | | | +-- , 35 , set() , {'yL8J', 'xL1J', 'zL32J'}
| | | | | | | +-- , 53 , {55} , {'zL49J', 'xL3J', 'xL8J', 'xL1J', 'zL50J'}
| | | | | | | | +-- , 55 , {57} , {'zL51J', 'xL8J', 'xL1J', 'zL50J'}
| | | | | | | | | +-- , 57 , set() , {'zL51J', 'xL1J', 'w15'}
| | | | | | | +-- , 59 , set() , {'zL17J', 'xL3J', 'zL18J', 'xL1J', 'yL4J', 'xL2J', 'zL19J', 'zL16J', 'w7', 'xL6J', 'xL0J'}
| | | | | | | +-- , 61 , set() , {'zL44J', 'xL9J', 'w14', 'zL46J', 'xL1J', 'xL2J', 'zL45J', 'xL6J', 'yL11J', 'zL47J', 'xL8J'}
| | | | | | | +-- , 63 , set() , {'yL17J', 'xL1J', 'zL68J'}
| | | | | +-- , 67 , set() , {'zL0J', 'xL5J', 'yL0J'}
| +-- , 107 , set() , {'xL9J', 'yL16J', 'xL3J', 'zL64J', 'xL6J', 'xL5J', 'w19', 'zL67J', 'zL65J', 'zL66J', 'xL8J'}
| +-- , 109 , {111} , {'zL36J', 'xL8J', 'zL37J', 'xL2J'}
| | +-- , 111 , set() , {'xL8J', 'yL9J', 'zL36J'}
| +-- , 79 , set() , {'xL4J', 'xL9J', 'xL7J', 'zL12J', 'xL3J', 'zL14J', 'yL3J', 'xL2J', 'zL13J', 'w6', 'zL15J'}
| +-- , 81 , {83} , {'xL4J', 'xL9J', 'xL7J', 'xL3J', 'w5', 'zL11J', 'xL8J'}
| | +-- , 83 , {85} , {'xL9J', 'xL7J', 'xL3J', 'zL10J', 'zL11J', 'xL8J'}
| | | +-- , 85 , {87} , {'xL9J', 'xL7J', 'xL8J', 'zL10J', 'zL9J'}
| | | | +-- , 87 , {89} , {'xL9J', 'xL8J', 'zL8J', 'zL9J'}
| | | | | +-- , 89 , set() , {'yL2J', 'xL9J', 'zL8J'}
| +-- , 113 , set() , {'zL48J', 'xL9J', 'yL12J'}
| +-- , 91 , set() , {'zL59J', 'xL4J', 'xL7J', 'xL3J', 'zL57J', 'yL14J', 'w17', 'zL56J', 'xL5J', 'xL6J', 'zL58J'}
| +-- , 93 , set() , {'xL8J', 'zL24J', 'yL6J'}
| +-- , 95 , {97} , {'xL4J', 'zL41J', 'xL7J', 'xL6J', 'zL42J'}
| | +-- , 97 , {99} , {'xL7J', 'zL43J', 'xL6J', 'zL42J'}
| | | +-- , 99 , set() , {'xL6J', 'w13', 'zL43J'}


Max number of edges with non zero Y: 31
Max number of iterations of outer rounding loop: 4
Max number of candidate sets: 2
Time spent rounding: 21.862
Time spent solving Separator LP: 8.540
Total time spent solving: 38.261

LP Solver: GaifmanBoosted
Lower Bound Witness = ({'zL20J', 'zL51J', 'yL14J', 'zL68J', 'xL2J', 'w13', 'zL66J', 'zL59J', 'yL0J', 'zL75J', 'zL55J', 'zL13J', 'zL72J', 'zL2J', 'w15', 'zL33J', 'w20', 'zL18J', 'w17', 'yL6J', 'zL7J', 'yL11J', 'zL47J', 'zL12J', 'yL16J', 'w22', 'w11', 'zL19J', 'zL41J', 'w7', 'zL79J', 'w10', 'w12', 'zL46J', 'zL30J', 'zL69J', 'xL3J', 'zL39J', 'zL10J', 'yL19J', 'zL42J', 'zL26J', 'zL58J', 'w18', 'w3', 'zL38J', 'zL52J', 'w9', 'zL62J', 'zL50J', 'xL5J', 'w6', 'w16', 'zL11J', 'xL6J', 'xL8J', 'zL9J', 'zL21J', 'zL32J', 'zL45J', 'zL25J', 'yL1J', 'zL71J', 'yL15J', 'yL12J', 'zL77J', 'xL4J', 'xL9J', 'zL73J', 'zL57J', 'zL29J', 'zL74J', 'zL16J', 'zL67J', 'w19', 'zL37J', 'zL17J', 'xL7J', 'zL40J', 'yL3J', 'yL13J', 'yL18J', 'w21', 'zL15J', 'yL8J', 'w14', 'zL70J', 'zL65J', 'zL1J', 'zL78J', 'yL17J', 'zL3J', 'zL43J', 'zL54J', 'zL14J', 'xL1J', 'zL56J', 'zL23J', 'yL2J', 'zL5J', 'xL0J', 'zL27J', 'zL44J', 'zL60J', 'w5', 'yL9J', 'zL35J', 'zL22J', 'w8', 'zL76J', 'yL4J', 'zL36J', 'zL8J', 'zL0J', 'yL7J', 'zL61J', 'zL31J', 'zL4J', 'w4', 'zL49J', 'zL6J', 'yL10J', 'zL28J', 'yL5J', 'zL24J', 'zL34J', 'zL53J', 'zL63J', 'zL64J', 'zL48J'}, {'xL4J', 'yL14J', 'yL19J', 'zL42J', 'w18', 'zL66J', 'zL37J', 'zL40J', 'zL76J', 'zL55J', 'w21', 'w15', 'yL7J', 'zL31J', 'zL18J', 'zL4J', 'xL8J', 'yL6J', 'zL78J', 'zL9J', 'zL12J', 'zL53J', 'zL19J', 'yL2J', 'zL45J', 'zL25J', 'zL41J', 'w7', 'zL5J', 'zL48J'})