73, 3.5792905500440333, 11.0, 11
+-- , 0 , {129, 5, 135, 137, 139, 109, 111, 143, 115, 147, 119} , {'xL3J', 'zL10J', 'zL11J', 'zL70J', 'zL65J', 'zL66J', 'xL6J', 'zL78J', 'xL8J', 'zL9J', 'zL47J', 'zL17J', 'xL7J', 'zL40J', 'xL1J', 'xL0J', 'xL5J', 'zL72J', 'zL8J', 'zL77J', 'zL2J'}
| +-- , 129 , {131} , {'zL17J', 'zL18J', 'xL6J', 'xL1J', 'xL0J'}
| | +-- , 131 , {133} , {'zL19J', 'zL18J', 'xL1J', 'xL0J'}
| | | +-- , 133 , set() , {'zL19J', 'xL1J', 'w7'}
| +-- , 5 , {99, 7, 103, 105, 107, 15, 17, 85, 89, 95} , {'xL9J', 'zL46J', 'xL3J', 'xL2J', 'zL11J', 'zL16J', 'zL70J', 'xL6J', 'zL66J', 'zL78J', 'zL1J', 'xL8J', 'zL65J', 'zL47J', 'zL17J', 'xL7J', 'zL40J', 'xL1J', 'zL75J', 'xL0J', 'xL5J', 'zL72J', 'zL8J', 'w21', 'zL77J', 'zL2J'}
| | +-- , 99 , {101} , {'xL9J', 'zL71J', 'zL70J', 'xL2J'}
| | | +-- , 101 , set() , {'w20', 'zL71J', 'xL2J'}
| | +-- , 7 , {9, 13} , {'zL20J', 'xL7J', 'zL21J', 'xL2J', 'xL6J', 'xL5J', 'xL8J'}
| | | +-- , 9 , {11} , {'xL7J', 'xL8J', 'zL22J', 'zL21J', 'zL23J', 'xL6J'}
| | | | +-- , 11 , set() , {'xL6J', 'w8', 'zL23J'}
| | | +-- , 13 , set() , {'zL20J', 'yL5J', 'xL5J'}
| | +-- , 103 , set() , {'zL38J', 'xL3J', 'zL39J', 'yL9J', 'xL1J', 'xL2J', 'zL36J', 'xL5J', 'xL8J', 'zL37J', 'w12'}
| | +-- , 105 , set() , {'yL2J', 'xL9J', 'zL8J'}
| | +-- , 107 , set() , {'zL16J', 'xL3J', 'yL4J'}
| | +-- , 15 , set() , {'xL9J', 'zL73J', 'zL75J', 'zL74J', 'zL72J', 'xL6J', 'xL0J'}
| | +-- , 17 , {19, 79} , {'xL9J', 'zL30J', 'zL31J', 'xL3J', 'xL2J', 'zL11J', 'xL6J', 'yL6J', 'zL78J', 'xL8J', 'xL7J', 'zL40J', 'zL24J', 'xL1J', 'zL41J', 'xL5J', 'xL0J'}
| | | +-- , 19 , {21, 71, 77} , {'xL9J', 'zL31J', 'xL3J', 'xL2J', 'zL11J', 'xL6J', 'zL78J', 'xL8J', 'xL7J', 'zL24J', 'zL14J', 'zL62J', 'xL1J', 'zL63J', 'zL41J', 'xL5J', 'zL15J', 'xL0J'}
| | | | +-- , 21 , {67, 23} , {'xL9J', 'zL31J', 'xL3J', 'zL57J', 'xL2J', 'zL11J', 'zL58J', 'xL6J', 'zL78J', 'xL8J', 'xL7J', 'zL24J', 'zL62J', 'xL1J', 'zL41J', 'xL5J', 'zL15J', 'xL0J'}
| | | | | +-- , 67 , {69} , {'xL3J', 'zL57J', 'xL6J', 'zL56J'}
| | | | | | +-- , 69 , set() , {'yL14J', 'zL56J', 'xL3J'}
| | | | | +-- , 23 , {25} , {'xL9J', 'xL3J', 'xL2J', 'w13', 'zL58J', 'xL7J', 'zL62J', 'xL5J', 'zL15J', 'zL31J', 'zL11J', 'xL6J', 'zL78J', 'xL8J', 'zL43J', 'zL24J', 'xL1J', 'zL41J', 'zL79J', 'xL0J'}
| | | | | | +-- , 25 , {33, 65, 35, 39, 27, 49, 51, 57, 59, 61} , {'xL4J', 'xL9J', 'zL31J', 'xL3J', 'xL2J', 'zL11J', 'zL58J', 'xL6J', 'xL8J', 'xL7J', 'zL43J', 'zL24J', 'zL62J', 'xL1J', 'zL41J', 'xL5J', 'zL79J', 'zL15J', 'xL0J'}
| | | | | | | +-- , 33 , set() , {'xL4J', 'zL43J', 'xL7J', 'zL42J', 'zL41J'}
| | | | | | | +-- , 65 , set() , {'xL4J', 'w6', 'zL15J'}
| | | | | | | +-- , 35 , {37} , {'xL4J', 'xL9J', 'zL24J', 'zL25J', 'xL5J', 'xL0J'}
| | | | | | | | +-- , 37 , set() , {'xL4J', 'w9', 'zL26J', 'zL25J', 'xL5J', 'xL0J', 'zL27J'}
| | | | | | | +-- , 39 , {41, 45} , {'xL4J', 'xL9J', 'xL3J', 'xL1J', 'zL50J', 'zL49J', 'xL8J'}
| | | | | | | | +-- , 41 , {43} , {'zL51J', 'xL8J', 'xL1J', 'zL50J'}
| | | | | | | | | +-- , 43 , set() , {'zL51J', 'xL1J', 'w15'}
| | | | | | | | +-- , 45 , {47} , {'xL4J', 'xL9J', 'zL49J', 'zL48J'}
| | | | | | | | | +-- , 47 , set() , {'zL48J', 'xL9J', 'yL12J'}
| | | | | | | +-- , 27 , {29} , {'xL4J', 'xL3J', 'zL4J', 'xL2J', 'yL1J', 'xL6J', 'xL0J'}
| | | | | | | | +-- , 29 , {31} , {'xL4J', 'xL3J', 'zL4J', 'xL2J', 'zL7J', 'xL6J', 'zL5J', 'zL6J'}
| | | | | | | | | +-- , 31 , set() , {'w4', 'zL7J', 'xL3J'}
| | | | | | | +-- , 49 , set() , {'xL4J', 'zL79J', 'w22'}
| | | | | | | +-- , 51 , {53} , {'xL4J', 'xL3J', 'xL5J', 'zL62J', 'zL61J'}
| | | | | | | | +-- , 53 , {55} , {'xL4J', 'zL60J', 'xL3J', 'zL61J'}
| | | | | | | | | +-- , 55 , set() , {'zL60J', 'xL3J', 'yL15J'}
| | | | | | | +-- , 57 , set() , {'xL4J', 'w5', 'zL11J'}
| | | | | | | +-- , 59 , set() , {'xL4J', 'zL31J', 'w10'}
| | | | | | | +-- , 61 , {63} , {'xL4J', 'zL59J', 'xL7J', 'zL58J'}
| | | | | | | | +-- , 63 , set() , {'zL59J', 'xL7J', 'w17'}
| | | | +-- , 71 , {73} , {'xL9J', 'zL13J', 'xL3J', 'zL14J', 'xL2J'}
| | | | | +-- , 73 , {75} , {'xL9J', 'zL13J', 'zL12J', 'xL3J'}
| | | | | | +-- , 75 , set() , {'zL12J', 'yL3J', 'xL3J'}
| | | | +-- , 77 , set() , {'w18', 'zL63J', 'xL2J'}
| | | +-- , 79 , {81} , {'zL29J', 'zL30J', 'xL3J', 'xL8J', 'xL1J'}
| | | | +-- , 81 , {83} , {'zL29J', 'zL28J', 'xL8J', 'xL1J'}
| | | | | +-- , 83 , set() , {'yL7J', 'xL1J', 'zL28J'}
| | +-- , 85 , {87} , {'xL9J', 'xL5J', 'zL1J', 'zL0J'}
| | | +-- , 87 , set() , {'zL0J', 'xL5J', 'yL0J'}
| | +-- , 89 , {91} , {'zL46J', 'xL9J', 'zL45J', 'xL1J', 'xL2J'}
| | | +-- , 91 , {93} , {'zL44J', 'xL9J', 'zL45J', 'xL1J'}
| | | | +-- , 93 , set() , {'xL1J', 'zL44J', 'yL11J'}
| | +-- , 95 , {97} , {'zL77J', 'xL8J', 'zL76J', 'xL2J'}
| | | +-- , 97 , set() , {'xL8J', 'yL19J', 'zL76J'}
| +-- , 135 , set() , {'xL7J', 'yL18J', 'zL72J'}
| +-- , 137 , set() , {'xL8J', 'w14', 'zL47J'}
| +-- , 139 , {141} , {'zL67J', 'xL3J', 'xL6J', 'zL66J'}
| | +-- , 141 , set() , {'zL67J', 'xL3J', 'w19'}
| +-- , 109 , set() , {'xL3J', 'zL52J', 'zL54J', 'w16', 'yL13J', 'zL53J', 'xL1J', 'zL55J', 'xL5J', 'xL8J', 'xL0J'}
| +-- , 111 , {113} , {'xL7J', 'zL69J', 'zL70J', 'xL1J', 'xL0J'}
| | +-- , 113 , set() , {'xL7J', 'zL69J', 'xL1J', 'zL68J', 'yL17J'}
| +-- , 143 , {145} , {'xL5J', 'zL65J', 'zL64J', 'xL8J'}
| | +-- , 145 , set() , {'xL8J', 'yL16J', 'zL64J'}
| +-- , 115 , {117} , {'zL3J', 'zL2J', 'xL1J', 'xL0J'}
| | +-- , 117 , set() , {'zL3J', 'w3', 'xL0J'}
| +-- , 147 , set() , {'zL40J', 'xL1J', 'yL10J'}
| +-- , 119 , {121, 127} , {'xL7J', 'zL35J', 'xL3J', 'zL34J', 'xL1J', 'xL6J', 'xL0J'}
| | +-- , 121 , {123} , {'xL7J', 'xL3J', 'zL34J', 'xL1J', 'zL33J'}
| | | +-- , 123 , {125} , {'xL3J', 'xL1J', 'zL32J', 'zL33J'}
| | | | +-- , 125 , set() , {'yL8J', 'xL1J', 'zL32J'}
| | +-- , 127 , set() , {'zL35J', 'xL0J', 'w11'}


Max number of edges with non zero Y: 36
Max number of iterations of outer rounding loop: 6
Max number of candidate sets: 2
Time spent rounding: 20.254
Time spent solving Separator LP: 8.222
Total time spent solving: 38.109

LP Solver: GaifmanBoosted
Lower Bound Witness = ({'zL20J', 'zL51J', 'yL14J', 'zL68J', 'xL2J', 'w13', 'zL66J', 'zL59J', 'yL0J', 'zL75J', 'zL55J', 'zL13J', 'zL72J', 'zL2J', 'w15', 'zL33J', 'w20', 'zL18J', 'w17', 'yL6J', 'zL7J', 'yL11J', 'zL47J', 'zL12J', 'yL16J', 'w22', 'w11', 'zL19J', 'zL41J', 'w7', 'zL79J', 'w10', 'w12', 'zL46J', 'zL30J', 'zL69J', 'xL3J', 'zL39J', 'zL10J', 'yL19J', 'zL42J', 'zL26J', 'zL58J', 'w18', 'w3', 'zL38J', 'zL52J', 'w9', 'zL62J', 'zL50J', 'xL5J', 'w6', 'w16', 'zL11J', 'xL6J', 'xL8J', 'zL9J', 'zL21J', 'zL32J', 'zL45J', 'zL25J', 'yL1J', 'zL71J', 'yL15J', 'yL12J', 'zL77J', 'xL4J', 'xL9J', 'zL73J', 'zL57J', 'zL29J', 'zL74J', 'zL16J', 'zL67J', 'w19', 'zL37J', 'zL17J', 'xL7J', 'zL40J', 'yL3J', 'yL13J', 'yL18J', 'w21', 'zL15J', 'yL8J', 'w14', 'zL70J', 'zL65J', 'zL1J', 'zL78J', 'yL17J', 'zL3J', 'zL43J', 'zL54J', 'zL14J', 'xL1J', 'zL56J', 'zL23J', 'yL2J', 'zL5J', 'xL0J', 'zL27J', 'zL44J', 'zL60J', 'w5', 'yL9J', 'zL35J', 'zL22J', 'w8', 'zL76J', 'yL4J', 'zL36J', 'zL8J', 'zL0J', 'yL7J', 'zL61J', 'zL31J', 'zL4J', 'w4', 'zL49J', 'zL6J', 'yL10J', 'zL28J', 'yL5J', 'zL24J', 'zL34J', 'zL53J', 'zL63J', 'zL64J', 'zL48J'}, {'zL20J', 'zL60J', 'zL69J', 'yL14J', 'zL26J', 'zL29J', 'zL66J', 'w9', 'zL40J', 'zL62J', 'yL18J', 'zL72J', 'zL15J', 'w14', 'zL18J', 'w16', 'zL49J', 'zL70J', 'zL78J', 'zL7J', 'zL9J', 'zL3J', 'zL43J', 'yL10J', 'zL54J', 'zL32J', 'w11', 'zL64J', 'yL2J', 'zL25J', 'zL71J', 'zL5J', 'zL77J', 'xL0J'})