63, 3.0, 5.0, 5
+-- , 0 , {93, 5, 46} , {'xL13JL2J', 'xL5JL10J', 'xL15JL2J', 'xL11JL2J', 'xL12JL2J', 'xL10JL2J', 'xL14JL2J'}
| +-- , 93 , {95} , {'xL5JL10J', 'xL5JL9J'}
| | +-- , 95 , {97} , {'xL4JL9J', 'xL5JL9J'}
| | | +-- , 97 , {99} , {'xL4JL7J', 'xL4JL8J', 'xL4JL5J', 'xL4JL9J', 'xL4JL6J'}
| | | | +-- , 99 , {104} , {'xL1JL5J', 'xL4JL7J', 'xL4JL8J', 'xL4JL6J', 'xL2JL5J', 'xL4JL5J', 'xL2JL2J', 'xL5JL5J', 'xL3JL5J', 'xL1JL2J'}
| | | | | +-- , 104 , {107} , {'xL1JL5J', 'xL4JL7J', 'xL2JL4J', 'xL1JL1J', 'xL4JL8J', 'xL1JL3J', 'xL2JL3J', 'xL4JL6J', 'xL2JL5J', 'xL2JL6J', 'xL2JL1J', 'xL2JL2J', 'xL5JL5J', 'xL3JL5J', 'xL1JL2J'}
| | | | | | +-- , 107 , {109, 125} , {'xL1JL5J', 'xL4JL7J', 'xL2JL6J', 'xL2JL4J', 'xL4JL8J', 'xL1JL3J', 'xL3JL3J', 'xL4JL3J', 'xL2JL3J', 'xL5JL5J', 'xL4JL6J', 'xL3JL5J'}
| | | | | | | +-- , 109 , {111} , {'xL4JL3J', 'xL5JL4J', 'xL5JL5J', 'xL4JL2J', 'xL4JL1J'}
| | | | | | | | +-- , 111 , {113} , {'xL5JL4J', 'xL6JL4J', 'xL4JL2J', 'xL4JL1J'}
| | | | | | | | | +-- , 113 , {115} , {'xL6JL3J', 'xL6JL2J', 'xL6JL4J', 'xL4JL2J', 'xL4JL1J'}
| | | | | | | | | | +-- , 115 , {123, 117} , {'xL8JL2J', 'xL7JL2J', 'xL6JL2J', 'xL4JL2J', 'xL6JL3J', 'xL4JL1J'}
| | | | | | | | | | | +-- , 123 , set() , {'xL8JL2J', 'xL5JL1J', 'xL7JL2J', 'xL5JL2J', 'xL6JL2J', 'xL4JL2J', 'xL4JL1J'}
| | | | | | | | | | | +-- , 117 , {119} , {'xL7JL2J', 'xL8JL2J', 'xL7JL3J', 'xL6JL3J'}
| | | | | | | | | | | | +-- , 119 , {121} , {'xL7JL2J', 'xL8JL2J', 'xL7JL3J', 'xL7JL1J'}
| | | | | | | | | | | | | +-- , 121 , set() , {'xL7JL1J', 'xL8JL2J', 'xL8JL1J'}
| | | | | | | +-- , 125 , {127} , {'xL1JL5J', 'xL4JL7J', 'xL3JL7J', 'xL1JL6J', 'xL2JL4J', 'xL2JL6J', 'xL4JL8J', 'xL3JL6J', 'xL3JL8J', 'xL3JL3J', 'xL3JL4J', 'xL4JL6J', 'xL3JL5J'}
| | | | | | | | +-- , 127 , {129} , {'xL3JL8J', 'xL2JL8J', 'xL4JL8J'}
| | | | | | | | | +-- , 129 , {131} , {'xL2JL8J', 'xL2JL9J', 'xL2JL11J', 'xL2JL10J'}
| | | | | | | | | | +-- , 131 , {133, 135} , {'xL2JL9J', 'xL1JL10J', 'xL2JL11J', 'xL2JL10J'}
| | | | | | | | | | | +-- , 133 , set() , {'xL1JL10J', 'xL2JL9J', 'xL1JL9J'}
| | | | | | | | | | | +-- , 135 , {137} , {'xL1JL10J', 'xL3JL10J', 'xL2JL11J', 'xL2JL10J'}
| | | | | | | | | | | | +-- , 137 , set() , {'xL3JL10J', 'xL2JL11J', 'xL3JL11J'}
| +-- , 5 , {7} , {'xL10JL10J', 'xL13JL2J', 'xL8JL10J', 'xL12JL2J', 'xL5JL10J', 'xL11JL2J', 'xL7JL10J', 'xL10JL2J', 'xL6JL10J', 'xL9JL10J', 'xL14JL2J'}
| | +-- , 7 , {12} , {'xL10JL10J', 'xL13JL2J', 'xL7JL9J', 'xL8JL10J', 'xL7JL7J', 'xL8JL9J', 'xL12JL2J', 'xL11JL2J', 'xL7JL10J', 'xL7JL8J', 'xL10JL2J', 'xL7JL6J', 'xL6JL10J', 'xL9JL10J', 'xL7JL11J', 'xL14JL2J'}
| | | +-- , 12 , {14} , {'xL10JL10J', 'xL13JL2J', 'xL8JL11J', 'xL8JL10J', 'xL7JL7J', 'xL8JL9J', 'xL12JL2J', 'xL8JL8J', 'xL7JL8J', 'xL11JL2J', 'xL10JL2J', 'xL7JL6J', 'xL6JL10J', 'xL9JL10J', 'xL7JL11J', 'xL14JL2J'}
| | | | +-- , 14 , {16, 42} , {'xL10JL10J', 'xL13JL2J', 'xL8JL11J', 'xL6JL11J', 'xL7JL7J', 'xL12JL2J', 'xL8JL8J', 'xL9JL8J', 'xL7JL8J', 'xL11JL2J', 'xL10JL2J', 'xL7JL6J', 'xL6JL10J', 'xL9JL10J', 'xL7JL11J', 'xL14JL2J'}
| | | | | +-- , 16 , {18} , {'xL10JL10J', 'xL14JL2J', 'xL13JL2J', 'xL10JL11J', 'xL8JL11J', 'xL6JL11J', 'xL9JL3J', 'xL12JL2J', 'xL9JL6J', 'xL9JL7J', 'xL9JL8J', 'xL11JL2J', 'xL9JL4J', 'xL10JL2J', 'xL9JL10J', 'xL7JL11J', 'xL9JL11J', 'xL9JL5J'}
| | | | | | +-- , 18 , {20} , {'xL10JL9J', 'xL10JL10J', 'xL13JL2J', 'xL14JL2J', 'xL10JL11J', 'xL9JL3J', 'xL12JL2J', 'xL9JL6J', 'xL9JL7J', 'xL11JL2J', 'xL9JL4J', 'xL10JL2J', 'xL9JL5J'}
| | | | | | | +-- , 20 , {22} , {'xL10JL9J', 'xL14JL2J', 'xL13JL2J', 'xL9JL3J', 'xL12JL2J', 'xL9JL6J', 'xL11JL9J', 'xL9JL7J', 'xL11JL2J', 'xL9JL4J', 'xL10JL2J', 'xL9JL5J'}
| | | | | | | | +-- , 22 , {24, 34} , {'xL11JL5J', 'xL13JL2J', 'xL9JL5J', 'xL11JL8J', 'xL9JL3J', 'xL12JL2J', 'xL9JL6J', 'xL11JL9J', 'xL11JL4J', 'xL9JL7J', 'xL11JL2J', 'xL9JL4J', 'xL10JL2J', 'xL11JL6J', 'xL11JL7J', 'xL14JL2J'}
| | | | | | | | | +-- , 24 , {26} , {'xL13JL2J', 'xL13JL4J', 'xL9JL3J', 'xL14JL4J', 'xL12JL2J', 'xL11JL4J', 'xL11JL2J', 'xL10JL2J', 'xL12JL4J', 'xL14JL2J'}
| | | | | | | | | | +-- , 26 , {28} , {'xL13JL2J', 'xL13JL4J', 'xL9JL3J', 'xL10JL3J', 'xL14JL4J', 'xL12JL2J', 'xL11JL2J', 'xL10JL2J', 'xL12JL4J', 'xL14JL2J'}
| | | | | | | | | | | +-- , 28 , {30} , {'xL13JL2J', 'xL11JL2J', 'xL13JL4J', 'xL10JL2J', 'xL10JL3J', 'xL14JL4J', 'xL12JL2J', 'xL12JL4J', 'xL10JL1J', 'xL14JL2J'}
| | | | | | | | | | | | +-- , 30 , {32} , {'xL13JL2J', 'xL14JL1J', 'xL13JL1J', 'xL13JL4J', 'xL14JL4J', 'xL12JL2J', 'xL11JL2J', 'xL11JL1J', 'xL12JL4J', 'xL12JL1J', 'xL10JL1J', 'xL14JL2J'}
| | | | | | | | | | | | | +-- , 32 , set() , {'xL13JL2J', 'xL14JL6J', 'xL13JL1J', 'xL13JL4J', 'xL13JL5J', 'xL13JL6J', 'xL13JL3J', 'xL14JL5J', 'xL12JL3J', 'xL14JL4J', 'xL12JL2J', 'xL12JL4J', 'xL12JL1J'}
| | | | | | | | | +-- , 34 , {40, 36} , {'xL9JL5J', 'xL9JL4J', 'xL11JL8J', 'xL9JL6J', 'xL9JL7J', 'xL11JL6J', 'xL11JL7J', 'xL10JL5J', 'xL11JL5J'}
| | | | | | | | | | +-- , 40 , set() , {'xL8JL5J', 'xL9JL5J', 'xL9JL4J', 'xL8JL4J', 'xL10JL5J', 'xL11JL5J'}
| | | | | | | | | | +-- , 36 , {38} , {'xL11JL8J', 'xL10JL6J', 'xL9JL6J', 'xL9JL7J', 'xL11JL6J', 'xL11JL7J', 'xL10JL5J', 'xL10JL7J'}
| | | | | | | | | | | +-- , 38 , set() , {'xL11JL8J', 'xL12JL8J', 'xL12JL7J', 'xL9JL7J', 'xL11JL7J', 'xL10JL7J'}
| | | | | +-- , 42 , {44} , {'xL9JL8J', 'xL7JL8J', 'xL6JL8J', 'xL7JL6J', 'xL7JL7J', 'xL8JL8J'}
| | | | | | +-- , 44 , set() , {'xL6JL8J', 'xL7JL6J', 'xL7JL7J', 'xL6JL7J', 'xL6JL6J'}
| +-- , 46 , {48} , {'xL15JL3J', 'xL15JL2J'}
| | +-- , 48 , {50} , {'xL16JL3J', 'xL15JL3J'}
| | | +-- , 50 , {52} , {'xL16JL5J', 'xL16JL3J', 'xL16JL7J', 'xL16JL6J', 'xL16JL4J'}
| | | | +-- , 52 , {57} , {'xL16JL5J', 'xL19JL9J', 'xL19JL11J', 'xL19JL10J', 'xL16JL7J', 'xL16JL6J', 'xL16JL4J', 'xL18JL10J'}
| | | | | +-- , 57 , {59} , {'xL16JL5J', 'xL19JL11J', 'xL19JL9J', 'xL18JL7J', 'xL18JL9J', 'xL16JL7J', 'xL18JL6J', 'xL16JL4J', 'xL18JL10J', 'xL18JL8J', 'xL16JL6J', 'xL18JL11J'}
| | | | | | +-- , 59 , {61} , {'xL16JL5J', 'xL19JL9J', 'xL18JL7J', 'xL18JL9J', 'xL16JL7J', 'xL18JL6J', 'xL16JL9J', 'xL16JL4J', 'xL18JL8J', 'xL17JL9J', 'xL16JL6J'}
| | | | | | | +-- , 61 , {75, 63} , {'xL16JL5J', 'xL17JL6J', 'xL18JL7J', 'xL17JL7J', 'xL18JL8J', 'xL16JL7J', 'xL17JL9J', 'xL16JL6J', 'xL18JL6J', 'xL16JL9J', 'xL16JL4J'}
| | | | | | | | +-- , 75 , {77} , {'xL17JL6J', 'xL18JL7J', 'xL19JL7J', 'xL17JL7J', 'xL16JL7J', 'xL19JL6J', 'xL16JL6J', 'xL18JL6J', 'xL16JL9J', 'xL15JL7J'}
| | | | | | | | | +-- , 77 , {79} , {'xL16JL9J', 'xL16JL10J', 'xL16JL11J', 'xL15JL7J'}
| | | | | | | | | | +-- , 79 , {81} , {'xL15JL8J', 'xL16JL10J', 'xL16JL11J', 'xL15JL7J'}
| | | | | | | | | | | +-- , 81 , {83} , {'xL15JL8J', 'xL14JL8J', 'xL16JL10J', 'xL16JL11J'}
| | | | | | | | | | | | +-- , 83 , {85} , {'xL16JL10J', 'xL16JL11J', 'xL14JL9J', 'xL14JL10J', 'xL14JL8J'}
| | | | | | | | | | | | | +-- , 85 , {91, 87} , {'xL16JL10J', 'xL13JL10J', 'xL16JL11J', 'xL14JL9J', 'xL14JL10J', 'xL12JL10J'}
| | | | | | | | | | | | | | +-- , 91 , set() , {'xL16JL10J', 'xL16JL11J', 'xL15JL10J', 'xL13JL10J', 'xL15JL11J', 'xL14JL10J', 'xL12JL10J'}
| | | | | | | | | | | | | | +-- , 87 , {89} , {'xL13JL9J', 'xL12JL10J', 'xL13JL10J', 'xL14JL9J'}
| | | | | | | | | | | | | | | +-- , 89 , set() , {'xL13JL9J', 'xL13JL10J', 'xL13JL11J', 'xL12JL10J', 'xL12JL11J'}
| | | | | | | | +-- , 63 , {65} , {'xL16JL5J', 'xL17JL6J', 'xL17JL4J', 'xL17JL7J', 'xL18JL8J', 'xL17JL9J', 'xL16JL4J', 'xL17JL8J', 'xL17JL5J'}
| | | | | | | | | +-- , 65 , {67} , {'xL16JL4J', 'xL18JL4J', 'xL17JL4J'}
| | | | | | | | | | +-- , 67 , {69} , {'xL18JL1J', 'xL18JL3J', 'xL18JL2J', 'xL18JL4J'}
| | | | | | | | | | | +-- , 69 , {73, 71} , {'xL18JL1J', 'xL18JL3J', 'xL18JL2J', 'xL17JL2J'}
| | | | | | | | | | | | +-- , 73 , set() , {'xL18JL3J', 'xL19JL3J', 'xL18JL2J', 'xL17JL2J', 'xL19JL2J'}
| | | | | | | | | | | | +-- , 71 , set() , {'xL18JL1J', 'xL17JL1J', 'xL17JL2J'}


Max number of edges with non zero Y: 3
Max number of iterations of outer rounding loop: 0
Max number of candidate sets: 0
Time spent rounding: 0.000
Time spent solving Separator LP: 15.389
Total time spent solving: 25.823

LP Solver: GaifmanNormalILP
Lower Bound Witness = ({'xL10JL9J', 'xL10JL10J', 'xL8JL11J', 'xL14JL1J', 'xL7JL9J', 'xL13JL4J', 'xL13JL5J', 'xL11JL8J', 'xL14JL6J', 'xL14JL5J', 'xL14JL4J', 'xL11JL9J', 'xL9JL6J', 'xL8JL8J', 'xL8JL4J', 'xL8JL5J', 'xL7JL8J', 'xL11JL1J', 'xL7JL6J', 'xL12JL4J', 'xL10JL6J', 'xL6JL7J', 'xL9JL10J', 'xL12JL1J', 'xL7JL11J', 'xL6JL6J', 'xL11JL7J', 'xL10JL1J', 'xL11JL5J', 'xL14JL2J', 'xL13JL2J', 'xL10JL11J', 'xL13JL1J', 'xL6JL11J', 'xL6JL8J', 'xL13JL6J', 'xL8JL10J', 'xL7JL7J', 'xL9JL3J', 'xL10JL3J', 'xL12JL7J', 'xL12JL2J', 'xL8JL9J', 'xL11JL4J', 'xL9JL7J', 'xL9JL8J', 'xL11JL2J', 'xL13JL3J', 'xL7JL10J', 'xL9JL4J', 'xL10JL2J', 'xL12JL8J', 'xL10JL7J', 'xL12JL3J', 'xL6JL10J', 'xL11JL6J', 'xL10JL5J', 'xL9JL11J', 'xL9JL5J'}, {'xL10JL10J', 'xL13JL2J', 'xL11JL2J', 'xL7JL10J', 'xL7JL9J', 'xL10JL2J', 'xL8JL10J', 'xL6JL10J', 'xL12JL2J', 'xL8JL9J', 'xL9JL10J', 'xL14JL2J'})