46, 2.8754300976219285, 9.0, 9
+-- , 0 , {5, 67, 69, 71, 73, 75, 77, 85, 87, 89, 47, 49, 53, 55, 57} , {'xL3J', 'zL70J', 'xL2J', 'xL4J', 'zL8J', 'zL28J', 'xL0J', 'xL5J', 'xL8J', 'xL1J', 'zL29J', 'zL26J', 'xL6J', 'zL71J', 'xL9J'}
| +-- , 5 , {45, 7} , {'zL67J', 'xL4J', 'xL5J', 'xL1J', 'zL26J', 'xL6J', 'zL27J', 'zL51J', 'zL9J', 'w19', 'xL3J', 'zL8J', 'xL2J', 'xL0J', 'xL8J', 'zL29J', 'zL50J', 'zL59J', 'zL71J', 'xL9J', 'w17', 'zL15J', 'w6'}
| | +-- , 45 , set() , {'xL1J', 'zL51J', 'w15'}
| | +-- , 7 , {9} , {'xL3J', 'zL67J', 'xL2J', 'xL4J', 'xL5J', 'xL0J', 'xL8J', 'xL1J', 'zL29J', 'zL66J', 'xL6J', 'zL50J', 'zL59J', 'zL27J', 'zL9J', 'zL71J', 'xL9J', 'zL15J', 'zL65J'}
| | | +-- , 9 , {37, 39, 11, 43, 19, 23, 25, 27, 29, 31} , {'xL3J', 'xL7J', 'xL4J', 'xL2J', 'xL5J', 'xL0J', 'xL1J', 'zL29J', 'zL64J', 'xL6J', 'zL50J', 'zL48J', 'zL59J', 'zL27J', 'zL9J', 'yL12J', 'zL71J', 'xL9J', 'zL15J', 'zL65J'}
| | | | +-- , 37 , set() , {'xL3J', 'zL50J', 'xL7J', 'zL48J', 'zL49J'}
| | | | +-- , 39 , {41} , {'xL1J', 'zL11J', 'xL7J', 'zL10J', 'zL9J', 'xL5J'}
| | | | | +-- , 41 , set() , {'xL1J', 'zL11J', 'w5'}
| | | | +-- , 11 , {13} , {'xL3J', 'xL7J', 'xL4J', 'xL9J', 'zL15J', 'zL14J'}
| | | | | +-- , 13 , {15} , {'xL3J', 'zL13J', 'zL14J', 'xL7J', 'xL4J'}
| | | | | | +-- , 15 , {17} , {'xL3J', 'zL13J', 'zL12J', 'xL4J'}
| | | | | | | +-- , 17 , set() , {'xL3J', 'yL3J', 'zL12J'}
| | | | +-- , 43 , set() , {'xL7J', 'zL27J', 'w9'}
| | | | +-- , 19 , {21} , {'xL3J', 'zL56J', 'zL57J', 'xL7J', 'xL2J', 'zL59J', 'xL5J', 'zL58J'}
| | | | | +-- , 21 , set() , {'xL7J', 'zL56J', 'yL14J'}
| | | | +-- , 23 , set() , {'w22', 'xL3J', 'xL6J', 'xL7J', 'zL79J', 'xL5J', 'zL76J', 'xL1J', 'yL19J', 'zL78J', 'zL77J'}
| | | | +-- , 25 , set() , {'xL3J', 'w3', 'xL7J', 'xL4J', 'zL3J', 'xL5J', 'xL1J', 'zL2J', 'zL0J', 'zL1J', 'yL0J'}
| | | | +-- , 27 , set() , {'zL64J', 'xL5J', 'yL16J'}
| | | | +-- , 29 , set() , {'xL7J', 'zL71J', 'w20'}
| | | | +-- , 31 , {33} , {'zL29J', 'xL1J', 'zL30J', 'xL7J', 'xL5J'}
| | | | | +-- , 33 , {35} , {'xL1J', 'zL30J', 'zL31J', 'xL7J'}
| | | | | | +-- , 35 , set() , {'w10', 'xL1J', 'zL31J'}
| +-- , 67 , set() , {'w21', 'xL3J', 'zL74J', 'xL2J', 'xL4J', 'yL18J', 'zL73J', 'xL5J', 'xL9J', 'zL75J', 'zL72J'}
| +-- , 69 , set() , {'zL8J', 'xL3J', 'yL2J'}
| +-- , 71 , set() , {'w8', 'xL4J', 'xL0J', 'xL8J', 'zL21J', 'xL9J', 'zL22J', 'xL1J', 'zL23J', 'zL20J', 'yL5J'}
| +-- , 73 , set() , {'xL3J', 'zL41J', 'xL2J', 'xL0J', 'xL5J', 'xL9J', 'zL40J', 'yL10J', 'zL43J', 'zL42J', 'w13'}
| +-- , 75 , set() , {'xL3J', 'zL28J', 'yL7J'}
| +-- , 77 , {79} , {'xL6J', 'xL4J', 'xL0J', 'xL8J', 'xL1J', 'zL16J', 'yL4J'}
| | +-- , 79 , {81} , {'xL6J', 'zL18J', 'zL17J', 'xL4J', 'xL8J', 'xL1J', 'zL16J'}
| | | +-- , 81 , {83} , {'xL1J', 'zL18J', 'xL4J', 'zL19J'}
| | | | +-- , 83 , set() , {'xL1J', 'zL19J', 'w7'}
| +-- , 85 , set() , {'xL6J', 'xL4J', 'w14', 'xL5J', 'xL8J', 'zL46J', 'xL1J', 'zL44J', 'yL11J', 'zL45J', 'zL47J'}
| +-- , 87 , set() , {'zL32J', 'xL4J', 'xL0J', 'xL5J', 'zL35J', 'xL9J', 'yL8J', 'w11', 'xL1J', 'zL33J', 'zL34J'}
| +-- , 89 , {91} , {'zL25J', 'xL1J', 'zL26J', 'xL4J', 'xL5J'}
| | +-- , 91 , {93} , {'zL25J', 'xL4J', 'zL24J', 'xL5J'}
| | | +-- , 93 , set() , {'xL4J', 'zL24J', 'yL6J'}
| +-- , 47 , set() , {'xL3J', 'zL55J', 'zL53J', 'xL2J', 'xL4J', 'xL0J', 'yL13J', 'xL1J', 'w16', 'zL52J', 'zL54J'}
| +-- , 49 , {51} , {'xL9J', 'zL69J', 'zL68J', 'zL70J', 'xL0J', 'xL8J'}
| | +-- , 51 , set() , {'yL17J', 'zL68J', 'xL0J'}
| +-- , 53 , set() , {'xL3J', 'zL4J', 'xL6J', 'zL6J', 'zL5J', 'xL4J', 'yL1J', 'w4', 'zL7J', 'xL9J', 'xL1J'}
| +-- , 55 , set() , {'zL61J', 'xL3J', 'xL6J', 'zL63J', 'xL4J', 'xL0J', 'zL60J', 'yL15J', 'xL1J', 'w18', 'zL62J'}
| +-- , 57 , {65, 59} , {'xL6J', 'zL37J', 'xL2J', 'xL4J', 'zL36J', 'xL8J', 'xL1J'}
| | +-- , 65 , set() , {'xL2J', 'yL9J', 'zL36J'}
| | +-- , 59 , {61} , {'zL37J', 'xL1J', 'zL38J', 'xL4J', 'xL8J'}
| | | +-- , 61 , {63} , {'zL38J', 'xL4J', 'zL39J', 'xL8J'}
| | | | +-- , 63 , set() , {'zL39J', 'xL8J', 'w12'}


Max number of edges with non zero Y: 35
Max number of iterations of outer rounding loop: 5
Max number of candidate sets: 2
Time spent rounding: 18.419
Time spent solving Separator LP: 14.844
Total time spent solving: 41.487

LP Solver: GaifmanNormal
Lower Bound Witness = ({'zL69J', 'zL70J', 'xL4J', 'zL39J', 'zL28J', 'zL72J', 'zL23J', 'w10', 'w12', 'zL25J', 'yL18J', 'w19', 'zL78J', 'zL19J', 'xL3J', 'zL56J', 'zL57J', 'zL8J', 'xL2J', 'zL35J', 'zL45J', 'zL47J', 'w14', 'zL73J', 'w17', 'zL16J', 'zL0J', 'zL20J', 'zL62J', 'zL6J', 'zL46J', 'zL34J', 'xL1J', 'w11', 'zL26J', 'zL1J', 'yL3J', 'zL17J', 'zL27J', 'zL21J', 'yL19J', 'zL2J', 'zL43J', 'zL30J', 'zL55J', 'zL41J', 'xL7J', 'xL8J', 'zL40J', 'zL12J', 'zL66J', 'w13', 'zL4J', 'zL18J', 'w8', 'yL17J', 'zL71J', 'xL9J', 'zL65J', 'yL0J', 'zL32J', 'zL37J', 'zL36J', 'xL5J', 'zL68J', 'zL24J', 'zL53J', 'zL74J', 'zL48J', 'zL51J', 'zL9J', 'w4', 'w15', 'yL12J', 'zL13J', 'yL10J', 'zL61J', 'zL79J', 'yL15J', 'zL29J', 'zL75J', 'yL16J', 'w21', 'zL11J', 'zL3J', 'zL60J', 'yL8J', 'w6', 'zL42J', 'zL52J', 'zL10J', 'w7', 'zL67J', 'yL6J', 'zL5J', 'zL38J', 'zL76J', 'zL31J', 'zL64J', 'w9', 'yL7J', 'zL49J', 'yL4J', 'xL6J', 'yL1J', 'yL13J', 'yL11J', 'zL44J', 'yL14J', 'zL14J', 'w18', 'zL77J', 'w22', 'zL63J', 'xL0J', 'zL22J', 'zL33J', 'yL5J', 'w20', 'w3', 'zL50J', 'w5', 'yL2J', 'zL59J', 'yL9J', 'zL7J', 'zL15J', 'w16', 'zL58J', 'zL54J'}, {'zL69J', 'yL6J', 'zL5J', 'xL4J', 'zL36J', 'zL34J', 'xL1J', 'yL4J', 'zL49J', 'w12', 'yL7J', 'xL6J', 'zL17J', 'zL51J', 'zL9J', 'zL27J', 'yL12J', 'yL11J', 'xL7J', 'xL0J', 'xL8J', 'zL22J', 'zL33J', 'zL4J', 'w8', 'yL9J', 'zL3J', 'yL8J', 'zL42J', 'zL54J'})