296, 0, 6.0, 6
+-- , 0 , {403, 578, 3} , {'C8', 'TempHa29', 'S9', 'TempHb29', 'TempG9', 'C29'}
| +-- , 403 , {405} , {'C8', 'TempHa29', 'TempHb29', 'TempG9', 'TempHb9'}
| | +-- , 405 , {576, 410} , {'TempHa29', 'I51', 'TempG10', 'TempHb29', 'I52', 'C9', 'TempG26', 'S10', 'TempG9', 'TempHb9'}
| | | +-- , 576 , set() , {'TempHa9', 'C9', 'I18', 'TempG9', 'TempHb9', 'I17'}
| | | +-- , 410 , {412} , {'TempHa29', 'I51', 'TempG10', 'TempHb29', 'TempHb10', 'C9', 'TempG26', 'I52'}
| | | | +-- , 412 , {555, 414} , {'TempHa29', 'I51', 'TempHb29', 'TempHb10', 'I52', 'TempG26', 'C12', 'TempG10'}
| | | | | +-- , 555 , {557} , {'TempHb12', 'TempHa12', 'TempHb10', 'C12', 'TempG10'}
| | | | | | +-- , 557 , {572, 559} , {'TempHa12', 'TempHb10', 'TempG10', 'C10', 'TempHb12'}
| | | | | | | +-- , 572 , {574} , {'TempHb10', 'TempHa10', 'TempG10', 'C10'}
| | | | | | | | +-- , 574 , set() , {'I19', 'TempG10', 'I20', 'TempHa10'}
| | | | | | | +-- , 559 , {570, 561} , {'TempHa12', 'TempHb11', 'TempHb12', 'C10', 'TempG11'}
| | | | | | | | +-- , 570 , set() , {'S11', 'C10', 'TempG11'}
| | | | | | | | +-- , 561 , {568, 564} , {'S12', 'C11', 'TempHb12', 'TempG11', 'TempHa12', 'TempHb11', 'TempG12'}
| | | | | | | | | +-- , 568 , set() , {'I23', 'TempHa12', 'I24', 'TempG12'}
| | | | | | | | | +-- , 564 , {566} , {'C11', 'TempHb11', 'TempHa11', 'TempG11'}
| | | | | | | | | | +-- , 566 , set() , {'TempHa11', 'I21', 'I22', 'TempG11'}
| | | | | +-- , 414 , {416, 553} , {'TempG13', 'TempHa29', 'TempHb13', 'I51', 'TempHb29', 'TempG26', 'C12', 'I52'}
| | | | | | +-- , 416 , {418, 539} , {'TempG13', 'TempHa29', 'TempHb13', 'I51', 'TempHb29', 'TempG26', 'I52', 'C14'}
| | | | | | | +-- , 418 , {537, 420} , {'TempHb15', 'TempHa29', 'TempG15', 'I51', 'TempHb29', 'TempG26', 'I52', 'C14'}
| | | | | | | | +-- , 537 , set() , {'TempG15', 'S15', 'C14'}
| | | | | | | | +-- , 420 , {499, 423} , {'C19', 'TempHb15', 'TempHa19', 'TempHa29', 'TempG15', 'I51', 'TempHb19', 'TempHb29', 'TempG26', 'I52'}
| | | | | | | | | +-- , 499 , {512, 502} , {'TempHb15', 'C16', 'TempHa19', 'TempG15', 'TempHb19', 'TempHa16', 'TempHb16'}
| | | | | | | | | | +-- , 512 , {514} , {'C16', 'TempHa19', 'TempHb19', 'S17', 'TempG17'}
| | | | | | | | | | | +-- , 514 , {516} , {'C16', 'TempHb17', 'TempHa19', 'TempHb19', 'TempG17'}
| | | | | | | | | | | | +-- , 516 , {519} , {'I37', 'TempHb17', 'TempHa19', 'TempHb19', 'I38', 'TempG17', 'TempG19'}
| | | | | | | | | | | | | +-- , 519 , {521, 535} , {'C18', 'TempHb17', 'TempG17', 'TempHb19', 'TempG19'}
| | | | | | | | | | | | | | +-- , 521 , {523} , {'TempHb17', 'C18', 'TempHa18', 'TempHb18', 'TempG17'}
| | | | | | | | | | | | | | | +-- , 523 , {529, 525} , {'C17', 'TempHb17', 'TempHa18', 'TempHb18', 'TempG17'}
| | | | | | | | | | | | | | | | +-- , 529 , {531, 533} , {'TempHb18', 'TempG18', 'TempHa18', 'C17'}
| | | | | | | | | | | | | | | | | +-- , 531 , set() , {'S18', 'TempG18', 'C17'}
| | | | | | | | | | | | | | | | | +-- , 533 , set() , {'I36', 'TempHa18', 'TempG18', 'I35'}
| | | | | | | | | | | | | | | | +-- , 525 , {527} , {'C17', 'TempHb17', 'TempHa17', 'TempG17'}
| | | | | | | | | | | | | | | | | +-- , 527 , set() , {'TempHa17', 'I34', 'TempG17', 'I33'}
| | | | | | | | | | | | | | +-- , 535 , set() , {'C18', 'TempG19', 'S19'}
| | | | | | | | | | +-- , 502 , {504, 510} , {'TempHb15', 'TempG15', 'TempHa16', 'TempHb16', 'TempHa15'}
| | | | | | | | | | | +-- , 504 , {506} , {'TempHa16', 'TempHa15', 'TempHb16', 'TempHb15', 'C15'}
| | | | | | | | | | | | +-- , 506 , {508} , {'TempG16', 'TempHa16', 'TempHb16', 'I32', 'I31', 'C15'}
| | | | | | | | | | | | | +-- , 508 , set() , {'TempG16', 'S16', 'C15'}
| | | | | | | | | | | +-- , 510 , set() , {'I29', 'I30', 'TempHa15', 'TempG15'}
| | | | | | | | | +-- , 423 , {425} , {'C19', 'TempG20', 'S20', 'TempHa29', 'I51', 'TempHb29', 'TempG26', 'I52'}
| | | | | | | | | | +-- , 425 , {427} , {'C19', 'TempG20', 'TempHa29', 'I51', 'TempHb29', 'TempHb20', 'TempG26', 'I52'}
| | | | | | | | | | | +-- , 427 , {433, 485} , {'TempG20', 'TempHa27', 'I54', 'TempHa21', 'TempHa29', 'I51', 'TempHb29', 'TempHb27', 'TempG26', 'TempHb20', 'I41', 'I42', 'I52', 'I53'}
| | | | | | | | | | | | +-- , 433 , {435, 483} , {'TempG20', 'I41', 'I54', 'TempHa21', 'I51', 'TempG27', 'C26', 'TempHb27', 'TempHb20', 'TempG26', 'I42', 'I52', 'I53'}
| | | | | | | | | | | | | +-- , 435 , {437} , {'TempG20', 'TempHa21', 'I51', 'C26', 'TempG26', 'I52', 'TempHb20', 'I41', 'I42', 'TempHb26', 'TempHa26'}
| | | | | | | | | | | | | | +-- , 437 , {481, 439} , {'TempG20', 'TempHa21', 'TempG26', 'TempHb20', 'C25', 'I41', 'I42', 'TempHb26'}
| | | | | | | | | | | | | | | +-- , 481 , set() , {'S26', 'C25', 'TempG26'}
| | | | | | | | | | | | | | | +-- , 439 , {441} , {'TempG20', 'TempHa21', 'TempHb25', 'TempHb20', 'C25', 'I41', 'I42', 'TempHa25'}
| | | | | | | | | | | | | | | | +-- , 441 , {444, 477} , {'TempHa24', 'TempG20', 'TempHa21', 'TempHb25', 'TempHb20', 'I41', 'I42', 'C24', 'TempHa25', 'TempHb24'}
| | | | | | | | | | | | | | | | | +-- , 444 , {475, 446} , {'TempHa24', 'TempG20', 'TempHa21', 'TempHb20', 'I41', 'TempG24', 'I42', 'TempHb24'}
| | | | | | | | | | | | | | | | | | +-- , 475 , set() , {'I48', 'TempG24', 'I47', 'TempHa24'}
| | | | | | | | | | | | | | | | | | +-- , 446 , {448, 473} , {'TempG20', 'TempHa21', 'TempHb20', 'I41', 'TempG24', 'I42', 'C23', 'TempHb24'}
| | | | | | | | | | | | | | | | | | | +-- , 448 , {450} , {'TempG20', 'TempHa21', 'TempHa23', 'TempHb20', 'I41', 'I42', 'TempHb23', 'C23'}
| | | | | | | | | | | | | | | | | | | | +-- , 450 , {469, 453} , {'S21', 'TempG20', 'TempG21', 'TempHa21', 'C20', 'TempHa23', 'TempHb20', 'I41', 'I42', 'TempHb23'}
| | | | | | | | | | | | | | | | | | | | | +-- , 469 , {471} , {'C20', 'TempHb20', 'TempG20', 'TempHa20'}
| | | | | | | | | | | | | | | | | | | | | | +-- , 471 , set() , {'I39', 'TempHa20', 'TempG20', 'I40'}
| | | | | | | | | | | | | | | | | | | | | +-- , 453 , {455} , {'TempG21', 'C21', 'TempHa21', 'TempHb21', 'C20', 'TempHa23', 'TempHb23'}
| | | | | | | | | | | | | | | | | | | | | | +-- , 455 , {457, 459} , {'C21', 'TempHa23', 'TempHb22', 'TempG22', 'TempHb23'}
| | | | | | | | | | | | | | | | | | | | | | | +-- , 457 , set() , {'TempG22', 'S22', 'C21'}
| | | | | | | | | | | | | | | | | | | | | | | +-- , 459 , {467, 461} , {'TempG23', 'TempHa23', 'TempHb22', 'TempG22', 'TempHb23'}
| | | | | | | | | | | | | | | | | | | | | | | | +-- , 467 , set() , {'TempHa23', 'TempG23', 'I46', 'I45'}
| | | | | | | | | | | | | | | | | | | | | | | | +-- , 461 , {465, 463} , {'TempG23', 'TempHb23', 'TempHb22', 'TempG22', 'C22'}
| | | | | | | | | | | | | | | | | | | | | | | | | +-- , 465 , set() , {'S23', 'C22', 'TempG23'}
| | | | | | | | | | | | | | | | | | | | | | | | | +-- , 463 , set() , {'I44', 'C22', 'I43', 'TempHa22', 'TempHb22', 'TempG22'}
| | | | | | | | | | | | | | | | | | | +-- , 473 , set() , {'S24', 'TempG24', 'C23'}
| | | | | | | | | | | | | | | | | +-- , 477 , {479} , {'TempHb25', 'S25', 'TempG25', 'C24', 'TempHa25'}
| | | | | | | | | | | | | | | | | | +-- , 479 , set() , {'I50', 'TempG25', 'TempHa25', 'I49'}
| | | | | | | | | | | | | +-- , 483 , set() , {'S27', 'C26', 'TempG27'}
| | | | | | | | | | | | +-- , 485 , {487} , {'TempHb27', 'TempHa27', 'TempHa29', 'TempHb29', 'C27'}
| | | | | | | | | | | | | +-- , 487 , {497, 489} , {'TempG28', 'TempHb28', 'TempHa29', 'TempHb29', 'C27'}
| | | | | | | | | | | | | | +-- , 497 , set() , {'TempG28', 'S28', 'C27'}
| | | | | | | | | | | | | | +-- , 489 , {491} , {'I55', 'TempHb28', 'TempHa29', 'TempHb29', 'I56', 'TempG28'}
| | | | | | | | | | | | | | | +-- , 491 , {493} , {'I55', 'TempHb28', 'TempHa28', 'TempHa29', 'TempHb29', 'I56', 'C28'}
| | | | | | | | | | | | | | | | +-- , 493 , {495} , {'TempHa29', 'C28', 'S29', 'TempG29', 'TempHb29'}
| | | | | | | | | | | | | | | | | +-- , 495 , set() , {'TempHa29', 'I57', 'TempG29', 'I58'}
| | | | | | | +-- , 539 , {541} , {'TempHb14', 'TempHb13', 'TempHa14', 'TempG13', 'C14'}
| | | | | | | | +-- , 541 , {543, 551} , {'TempG14', 'TempHb14', 'TempHb13', 'TempHa14', 'TempG13'}
| | | | | | | | | +-- , 543 , {545, 549} , {'TempG14', 'TempHb14', 'TempHb13', 'C13', 'TempG13'}
| | | | | | | | | | +-- , 545 , {547} , {'TempHa13', 'TempHb13', 'C13', 'TempG13'}
| | | | | | | | | | | +-- , 547 , set() , {'TempHa13', 'I25', 'TempG13', 'I26'}
| | | | | | | | | | +-- , 549 , set() , {'S14', 'C13', 'TempG14'}
| | | | | | | | | +-- , 551 , set() , {'TempG14', 'I28', 'TempHa14', 'I27'}
| | | | | | +-- , 553 , set() , {'S13', 'C12', 'TempG13'}
| +-- , 578 , {580} , {'TempHb8', 'C8', 'TempHa8'}
| | +-- , 580 , {587} , {'TempHb8', 'TempG8', 'I15', 'TempHa7', 'I8', 'I7', 'TempG4', 'I13', 'I16', 'TempHa8', 'I14'}
| | | +-- , 587 , {643, 589} , {'TempHb8', 'TempG8', 'C7', 'TempHa7', 'I8', 'I13', 'I14', 'I7', 'TempG4'}
| | | | +-- , 643 , set() , {'C7', 'TempG8', 'S8'}
| | | | +-- , 589 , {591} , {'TempG7', 'TempHb7', 'C7', 'TempHa7', 'I8', 'I13', 'I14', 'I7', 'TempG4'}
| | | | | +-- , 591 , {593, 641} , {'I8', 'TempG4', 'C6', 'I7', 'TempG7', 'TempHb7'}
| | | | | | +-- , 593 , {595} , {'C6', 'TempHa6', 'I8', 'TempHb6', 'I7', 'TempG4'}
| | | | | | | +-- , 595 , {634, 598} , {'S2', 'TempG2', 'TempHa6', 'I8', 'C1', 'TempHb6', 'I7', 'TempG4'}
| | | | | | | | +-- , 634 , {636} , {'C1', 'TempHa1', 'TempHb1'}
| | | | | | | | | +-- , 636 , {639} , {'C0', 'TempHa1', 'S1', 'TempG1', 'TempHb1'}
| | | | | | | | | | +-- , 639 , set() , {'I2', 'I1', 'TempHa1', 'TempG1'}
| | | | | | | | +-- , 598 , {600} , {'TempHb2', 'TempG2', 'TempHa6', 'I8', 'C1', 'TempHb6', 'I7', 'TempG4'}
| | | | | | | | | +-- , 600 , {632, 603, 622} , {'TempHb2', 'TempHb3', 'TempG2', 'TempHa6', 'I8', 'TempHb6', 'C3', 'TempHa3', 'I7', 'TempG4'}
| | | | | | | | | | +-- , 632 , set() , {'C3', 'S4', 'TempG4'}
| | | | | | | | | | +-- , 603 , {605} , {'TempHb4', 'TempHa6', 'I8', 'TempHa4', 'TempHb6', 'C3', 'I7', 'TempG4'}
| | | | | | | | | | | +-- , 605 , {607} , {'TempHa6', 'TempHa4', 'TempHb4', 'TempHb6', 'C4'}
| | | | | | | | | | | | +-- , 607 , {609, 620} , {'TempHa6', 'TempG5', 'TempHb5', 'TempHb6', 'C4'}
| | | | | | | | | | | | | +-- , 609 , {612} , {'I10', 'TempG5', 'TempHb5', 'TempHb6', 'I9', 'TempHa6'}
| | | | | | | | | | | | | | +-- , 612 , {614} , {'I10', 'TempHa5', 'TempHb5', 'TempHb6', 'I9', 'TempHa6'}
| | | | | | | | | | | | | | | +-- , 614 , {616} , {'TempHb5', 'TempHa5', 'TempHb6', 'C5', 'TempHa6'}
| | | | | | | | | | | | | | | | +-- , 616 , {618} , {'TempG6', 'TempHb6', 'I11', 'C5', 'I12', 'TempHa6'}
| | | | | | | | | | | | | | | | | +-- , 618 , set() , {'TempG6', 'S6', 'C5'}
| | | | | | | | | | | | | +-- , 620 , set() , {'S5', 'TempG5', 'C4'}
| | | | | | | | | | +-- , 622 , {624, 628} , {'TempHb2', 'TempHb3', 'C2', 'TempG2', 'TempHa3'}
| | | | | | | | | | | +-- , 624 , {626} , {'TempHb2', 'C2', 'TempG2', 'TempHa2'}
| | | | | | | | | | | | +-- , 626 , set() , {'TempG2', 'I3', 'TempHa2', 'I4'}
| | | | | | | | | | | +-- , 628 , {630} , {'TempHb3', 'C2', 'TempG3', 'TempHa3', 'S3'}
| | | | | | | | | | | | +-- , 630 , set() , {'I6', 'TempHa3', 'I5', 'TempG3'}
| | | | | | +-- , 641 , set() , {'C6', 'S7', 'TempG7'}
| +-- , 3 , {5} , {'TempG30', 'S30', 'C29'}
| | +-- , 5 , {7} , {'TempG30', 'TempHb30', 'C29'}
| | | +-- , 7 , {10, 87} , {'S67', 'TempG67', 'TempG30', 'C66', 'TempHb30'}
| | | | +-- , 10 , {12} , {'C66', 'TempG67', 'TempHb67'}
| | | | | +-- , 12 , {72, 18} , {'TempG67', 'I140', 'TempHb67', 'I138', 'I137', 'I139', 'TempG69', 'TempHa70', 'C69'}
| | | | | | +-- , 72 , {74} , {'TempG67', 'TempHb67', 'I138', 'TempHb69', 'TempHa69', 'TempG69', 'I137', 'C69'}
| | | | | | | +-- , 74 , {85, 76} , {'TempG67', 'TempG69', 'C68', 'TempHb67', 'TempHb69'}
| | | | | | | | +-- , 85 , set() , {'S69', 'TempG69', 'C68'}
| | | | | | | | +-- , 76 , {78} , {'TempHa68', 'TempG67', 'TempHb68', 'TempHb67', 'C68'}
| | | | | | | | | +-- , 78 , {81} , {'TempHa68', 'TempG67', 'I134', 'I133', 'TempHb68', 'TempHb67', 'C67', 'TempHa67'}
| | | | | | | | | | +-- , 81 , {83} , {'TempHa68', 'C67', 'TempHb68', 'S68', 'TempG68'}
| | | | | | | | | | | +-- , 83 , set() , {'I136', 'TempHa68', 'I135', 'TempG68'}
| | | | | | +-- , 18 , {20, 70} , {'I140', 'I139', 'TempHb70', 'TempG70', 'TempHa70', 'C69'}
| | | | | | | +-- , 20 , {22} , {'C70', 'TempHa70', 'TempHb70'}
| | | | | | | | +-- , 22 , {24, 68} , {'TempHb71', 'C70', 'TempG71'}
| | | | | | | | | +-- , 24 , {27} , {'TempHb71', 'TempHa75', 'TempG71', 'C75', 'TempHb75'}
| | | | | | | | | | +-- , 27 , {56, 29} , {'TempHb71', 'TempHa75', 'TempHb75', 'C72', 'TempG71'}
| | | | | | | | | | | +-- , 56 , {58} , {'TempHb71', 'TempG71', 'TempHa72', 'TempHb72', 'C72'}
| | | | | | | | | | | | +-- , 58 , {64, 60} , {'TempHb71', 'TempG71', 'C71', 'TempHa72', 'TempHb72'}
| | | | | | | | | | | | | +-- , 64 , {66} , {'I144', 'C71', 'I143', 'TempHa72', 'TempG72', 'TempHb72'}
| | | | | | | | | | | | | | +-- , 66 , set() , {'C71', 'S72', 'TempG72'}
| | | | | | | | | | | | | +-- , 60 , {62} , {'TempHb71', 'TempG71', 'C71', 'TempHa71'}
| | | | | | | | | | | | | | +-- , 62 , set() , {'TempHa71', 'I141', 'I142', 'TempG71'}
| | | | | | | | | | | +-- , 29 , {31} , {'TempHa75', 'TempHb75', 'C72', 'S73', 'TempG73'}
| | | | | | | | | | | | +-- , 31 , {33} , {'TempHa75', 'TempHb75', 'C72', 'TempHb73', 'TempG73'}
| | | | | | | | | | | | | +-- , 33 , {35, 50} , {'TempHa75', 'TempHb75', 'TempHb73', 'C74', 'TempG73'}
| | | | | | | | | | | | | | +-- , 35 , {37} , {'TempHa74', 'C74', 'TempHb74', 'TempHb73', 'TempG73'}
| | | | | | | | | | | | | | | +-- , 37 , {40} , {'I148', 'TempHa74', 'TempHb74', 'I147', 'TempHb73', 'TempG73'}
| | | | | | | | | | | | | | | | +-- , 40 , {42} , {'I148', 'TempG74', 'TempHb74', 'I147', 'TempHb73', 'TempG73'}
| | | | | | | | | | | | | | | | | +-- , 42 , {44, 46} , {'TempG74', 'TempHb74', 'TempHb73', 'C73', 'TempG73'}
| | | | | | | | | | | | | | | | | | +-- , 44 , set() , {'TempG74', 'S74', 'C73'}
| | | | | | | | | | | | | | | | | | +-- , 46 , {48} , {'C73', 'TempHa73', 'TempHb73', 'TempG73'}
| | | | | | | | | | | | | | | | | | | +-- , 48 , set() , {'TempHa73', 'I146', 'TempG73', 'I145'}
| | | | | | | | | | | | | | +-- , 50 , {52, 54} , {'TempHb75', 'TempG75', 'TempHa75', 'C74'}
| | | | | | | | | | | | | | | +-- , 52 , set() , {'TempG75', 'TempHa75', 'I149', 'I150'}
| | | | | | | | | | | | | | | +-- , 54 , set() , {'TempG75', 'S75', 'C74'}
| | | | | | | | | +-- , 68 , set() , {'S71', 'C70', 'TempG71'}
| | | | | | | +-- , 70 , set() , {'S70', 'TempG70', 'C69'}
| | | | +-- , 87 , {89} , {'TempHa66', 'TempG30', 'C66', 'TempHb66', 'TempHb30'}
| | | | | +-- , 89 , {263, 95} , {'TempHa66', 'TempG30', 'TempHb66', 'TempHb47', 'I94', 'I90', 'I89', 'TempG45', 'I93', 'TempHb30', 'TempHa47'}
| | | | | | +-- , 263 , {265} , {'TempG30', 'TempHb47', 'I93', 'I94', 'I90', 'TempG47', 'I89', 'TempHb30', 'TempG45'}
| | | | | | | +-- , 265 , {267, 399} , {'C46', 'TempG30', 'TempHb47', 'I90', 'TempG47', 'I89', 'TempHb30', 'TempG45'}
| | | | | | | | +-- , 267 , {269} , {'C46', 'TempG30', 'I90', 'TempHb46', 'I89', 'TempHb30', 'TempG45', 'TempHa46'}
| | | | | | | | | +-- , 269 , {272, 374} , {'TempG30', 'C42', 'S43', 'TempG43', 'I90', 'TempHb46', 'I89', 'TempHb30', 'TempG45', 'TempHa46'}
| | | | | | | | | | +-- , 272 , {274} , {'TempG30', 'C42', 'TempHb42', 'TempHb30', 'TempHa42'}
| | | | | | | | | | | +-- , 274 , {276, 358} , {'TempG30', 'TempHb42', 'TempHb30', 'C40', 'TempHa42'}
| | | | | | | | | | | | +-- , 276 , {278} , {'TempG30', 'TempHb40', 'TempHa40', 'C40', 'TempHb30'}
| | | | | | | | | | | | | +-- , 278 , {280, 346} , {'TempG30', 'TempHb40', 'C38', 'TempHb30', 'TempHa40'}
| | | | | | | | | | | | | | +-- , 280 , {282} , {'TempG30', 'C38', 'TempHb38', 'TempHa38', 'TempHb30'}
| | | | | | | | | | | | | | | +-- , 282 , {285, 311} , {'TempG30', 'TempHb38', 'TempHa38', 'TempHb34', 'TempHb30', 'TempHa34', 'C34'}
| | | | | | | | | | | | | | | | +-- , 285 , {287} , {'TempHb38', 'TempHa38', 'TempG35', 'S35', 'C34'}
| | | | | | | | | | | | | | | | | +-- , 287 , {289} , {'TempHb38', 'TempHa38', 'TempHb35', 'TempG35', 'C34'}
| | | | | | | | | | | | | | | | | | +-- , 289 , {309, 292} , {'TempHb38', 'TempHa38', 'TempHb35', 'TempG36', 'TempG35', 'C35', 'S36'}
| | | | | | | | | | | | | | | | | | | +-- , 309 , set() , {'TempHb35', 'TempG35', 'I69', 'C35', 'TempHa35', 'I70'}
| | | | | | | | | | | | | | | | | | | +-- , 292 , {294} , {'TempHb38', 'TempHa38', 'TempG36', 'C35', 'TempHb36'}
| | | | | | | | | | | | | | | | | | | | +-- , 294 , {307, 299} , {'S38', 'TempHb38', 'I74', 'TempHa38', 'I73', 'TempG38', 'TempG36', 'C37', 'TempG37', 'TempHb36'}
| | | | | | | | | | | | | | | | | | | | | +-- , 307 , set() , {'TempG38', 'I76', 'I75', 'TempHa38'}
| | | | | | | | | | | | | | | | | | | | | +-- , 299 , {301} , {'TempHb37', 'I73', 'I74', 'TempG36', 'C37', 'TempG37', 'TempHa37', 'TempHb36'}
| | | | | | | | | | | | | | | | | | | | | | +-- , 301 , {305, 303} , {'TempHb37', 'C36', 'TempHb36', 'TempG37', 'TempG36'}
| | | | | | | | | | | | | | | | | | | | | | | +-- , 305 , set() , {'C36', 'I72', 'TempHa36', 'I71', 'TempHb36', 'TempG36'}
| | | | | | | | | | | | | | | | | | | | | | | +-- , 303 , set() , {'TempG37', 'S37', 'C36'}
| | | | | | | | | | | | | | | | +-- , 311 , {314} , {'TempG30', 'I59', 'TempHa30', 'TempHb34', 'C30', 'TempHb30', 'TempHa34', 'I60'}
| | | | | | | | | | | | | | | | | +-- , 314 , {344, 316} , {'C30', 'TempG31', 'TempHa34', 'TempHb34', 'TempHb31'}
| | | | | | | | | | | | | | | | | | +-- , 344 , set() , {'S31', 'TempG31', 'C30'}
| | | | | | | | | | | | | | | | | | +-- , 316 , {319} , {'I68', 'TempG31', 'TempHb31', 'TempHb34', 'I67', 'TempG34', 'TempHa34'}
| | | | | | | | | | | | | | | | | | | +-- , 319 , {321, 342} , {'TempG34', 'TempG31', 'C33', 'TempHb34', 'TempHb31'}
| | | | | | | | | | | | | | | | | | | | +-- , 321 , {323} , {'TempG31', 'TempHb31', 'C33', 'TempHa33', 'TempHb33'}
| | | | | | | | | | | | | | | | | | | | | +-- , 323 , {325} , {'TempG31', 'TempHb31', 'TempHa33', 'I62', 'TempHb33', 'I61'}
| | | | | | | | | | | | | | | | | | | | | | +-- , 325 , {327} , {'TempHb31', 'TempHa33', 'I62', 'TempHb33', 'I61', 'TempHa31'}
| | | | | | | | | | | | | | | | | | | | | | | +-- , 327 , {329} , {'TempHa33', 'C31', 'TempHb33', 'TempHb31', 'TempHa31'}
| | | | | | | | | | | | | | | | | | | | | | | | +-- , 329 , {331, 340} , {'TempHb32', 'TempHa33', 'TempG32', 'C31', 'TempHb33'}
| | | | | | | | | | | | | | | | | | | | | | | | | +-- , 331 , {334} , {'TempHb32', 'I66', 'TempHa33', 'TempG32', 'TempHb33', 'I65'}
| | | | | | | | | | | | | | | | | | | | | | | | | | +-- , 334 , {336, 338} , {'TempHb32', 'I66', 'TempG33', 'C32', 'TempG32', 'TempHb33', 'I65'}
| | | | | | | | | | | | | | | | | | | | | | | | | | | +-- , 336 , set() , {'TempHb32', 'I64', 'I63', 'TempG32', 'C32', 'TempHa32'}
| | | | | | | | | | | | | | | | | | | | | | | | | | | +-- , 338 , set() , {'C32', 'TempG33', 'S33'}
| | | | | | | | | | | | | | | | | | | | | | | | | +-- , 340 , set() , {'S32', 'TempG32', 'C31'}
| | | | | | | | | | | | | | | | | | | | +-- , 342 , set() , {'TempG34', 'S34', 'C33'}
| | | | | | | | | | | | | | +-- , 346 , {348} , {'TempG39', 'TempHb40', 'C38', 'TempHa40', 'S39'}
| | | | | | | | | | | | | | | +-- , 348 , {350} , {'TempG39', 'TempHb40', 'C38', 'TempHa40', 'TempHb39'}
| | | | | | | | | | | | | | | | +-- , 350 , {352, 354} , {'TempG39', 'TempHb40', 'TempHb39', 'TempHa40', 'C39'}
| | | | | | | | | | | | | | | | | +-- , 352 , set() , {'TempG39', 'I78', 'C39', 'TempHa39', 'TempHb39', 'I77'}
| | | | | | | | | | | | | | | | | +-- , 354 , {356} , {'TempHb40', 'C39', 'S40', 'TempHa40', 'TempG40'}
| | | | | | | | | | | | | | | | | | +-- , 356 , set() , {'I79', 'I80', 'TempHa40', 'TempG40'}
| | | | | | | | | | | | +-- , 358 , {360, 372} , {'C40', 'TempHb41', 'TempG41', 'TempHb42', 'TempHa42'}
| | | | | | | | | | | | | +-- , 360 , {362, 370} , {'TempHb41', 'TempG41', 'TempG42', 'TempHb42', 'TempHa42'}
| | | | | | | | | | | | | | +-- , 362 , {368, 364} , {'TempHb41', 'TempG41', 'TempG42', 'TempHb42', 'C41'}
| | | | | | | | | | | | | | | +-- , 368 , set() , {'S42', 'C41', 'TempG42'}
| | | | | | | | | | | | | | | +-- , 364 , {366} , {'TempHb41', 'TempHa41', 'TempG41', 'C41'}
| | | | | | | | | | | | | | | | +-- , 366 , set() , {'TempHa41', 'I81', 'TempG41', 'I82'}
| | | | | | | | | | | | | | +-- , 370 , set() , {'I84', 'I83', 'TempG42', 'TempHa42'}
| | | | | | | | | | | | | +-- , 372 , set() , {'S41', 'TempG41', 'C40'}
| | | | | | | | | | +-- , 374 , {376} , {'C42', 'TempG43', 'I90', 'TempHb46', 'I89', 'TempG45', 'TempHb43', 'TempHa46'}
| | | | | | | | | | | +-- , 376 , {379} , {'I85', 'TempG43', 'I90', 'C43', 'TempHb46', 'TempHa43', 'I89', 'I86', 'TempG45', 'TempHb43', 'TempHa46'}
| | | | | | | | | | | | +-- , 379 , {381, 397} , {'C43', 'I90', 'TempHb46', 'I89', 'TempG44', 'TempHb44', 'TempG45', 'TempHa46'}
| | | | | | | | | | | | | +-- , 381 , {383, 391} , {'I90', 'TempHb46', 'TempHb45', 'I89', 'TempG44', 'TempHb44', 'TempG45', 'TempHa46'}
| | | | | | | | | | | | | | +-- , 383 , {385, 387} , {'C44', 'TempHb44', 'TempG45', 'TempG44', 'TempHb45'}
| | | | | | | | | | | | | | | +-- , 385 , set() , {'C44', 'TempG45', 'S45'}
| | | | | | | | | | | | | | | +-- , 387 , {389} , {'TempHa44', 'TempG44', 'TempHb44', 'C44'}
| | | | | | | | | | | | | | | | +-- , 389 , set() , {'TempG44', 'TempHa44', 'I87', 'I88'}
| | | | | | | | | | | | | | +-- , 391 , {393} , {'C45', 'I90', 'TempHb45', 'TempHa45', 'TempHb46', 'I89', 'TempHa46'}
| | | | | | | | | | | | | | | +-- , 393 , {395} , {'TempG46', 'S46', 'C45', 'TempHa46', 'TempHb46'}
| | | | | | | | | | | | | | | | +-- , 395 , set() , {'I92', 'TempG46', 'I91', 'TempHa46'}
| | | | | | | | | | | | | +-- , 397 , set() , {'TempG44', 'C43', 'S44'}
| | | | | | | | +-- , 399 , set() , {'S47', 'C46', 'TempG47'}
| | | | | | +-- , 95 , {97} , {'TempHa66', 'C47', 'TempHb66', 'TempHb47', 'TempHa47'}
| | | | | | | +-- , 97 , {99} , {'TempG48', 'TempHa66', 'C47', 'TempHb66', 'S48'}
| | | | | | | | +-- , 99 , {101} , {'TempG48', 'TempHa66', 'C47', 'TempHb66', 'TempHb48'}
| | | | | | | | | +-- , 101 , {105, 222} , {'TempHa66', 'TempG48', 'TempHb66', 'I123', 'C52', 'TempHa62', 'I124', 'TempHb48'}
| | | | | | | | | | +-- , 105 , {107} , {'TempHa66', 'I123', 'TempHb66', 'TempG53', 'C52', 'TempHa62', 'I124', 'S53'}
| | | | | | | | | | | +-- , 107 , {109} , {'TempHa66', 'I123', 'TempHb66', 'TempG53', 'C52', 'TempHb53', 'TempHa62', 'I124'}
| | | | | | | | | | | | +-- , 109 , {210, 113} , {'TempHa66', 'I123', 'TempHb66', 'TempG53', 'TempG64', 'C54', 'TempHb53', 'TempHa62', 'I124', 'I127', 'I128'}
| | | | | | | | | | | | | +-- , 210 , {212} , {'TempG53', 'C54', 'TempHb53', 'TempHa54', 'TempHb54'}
| | | | | | | | | | | | | | +-- , 212 , {218, 214} , {'TempG53', 'C53', 'TempHb54', 'TempHa54', 'TempHb53'}
| | | | | | | | | | | | | | | +-- , 218 , {220} , {'TempG53', 'C53', 'TempHa53', 'TempHb53'}
| | | | | | | | | | | | | | | | +-- , 220 , set() , {'TempHa53', 'I105', 'TempG53', 'I106'}
| | | | | | | | | | | | | | | +-- , 214 , {216} , {'S54', 'C53', 'TempHa54', 'TempHb54', 'TempG54'}
| | | | | | | | | | | | | | | | +-- , 216 , set() , {'I108', 'TempHa54', 'I107', 'TempG54'}
| | | | | | | | | | | | | +-- , 113 , {115} , {'TempHa66', 'S55', 'TempHb66', 'I123', 'TempG64', 'C54', 'I127', 'TempG55', 'TempHa62', 'I124', 'I128'}
| | | | | | | | | | | | | | +-- , 115 , {117} , {'TempHb55', 'TempHa66', 'I123', 'TempHb66', 'TempG64', 'C54', 'I127', 'TempG55', 'TempHa62', 'I124', 'I128'}
| | | | | | | | | | | | | | | +-- , 117 , {161, 119} , {'TempHb55', 'TempHa66', 'I123', 'TempHb66', 'TempG64', 'I127', 'TempG55', 'TempHa62', 'I124', 'C60', 'I128'}
| | | | | | | | | | | | | | | | +-- , 161 , {163} , {'TempHb55', 'TempHb60', 'C60', 'TempHa60', 'TempG55'}
| | | | | | | | | | | | | | | | | +-- , 163 , {206, 165} , {'TempHb55', 'TempHb60', 'C55', 'TempHa60', 'TempG55'}
| | | | | | | | | | | | | | | | | | +-- , 206 , {208} , {'TempHb55', 'TempHa55', 'C55', 'TempG55'}
| | | | | | | | | | | | | | | | | | | +-- , 208 , set() , {'I110', 'TempG55', 'I109', 'TempHa55'}
| | | | | | | | | | | | | | | | | | +-- , 165 , {204, 167} , {'TempHb56', 'TempG56', 'TempHb60', 'C55', 'TempHa60'}
| | | | | | | | | | | | | | | | | | | +-- , 204 , set() , {'TempG56', 'C55', 'S56'}
| | | | | | | | | | | | | | | | | | | +-- , 167 , {169, 180} , {'TempHb60', 'TempHb56', 'TempHa60', 'C57', 'TempG56'}
| | | | | | | | | | | | | | | | | | | | +-- , 169 , {171} , {'TempHb56', 'TempHb57', 'TempG56', 'C57', 'TempHa57'}
| | | | | | | | | | | | | | | | | | | | | +-- , 171 , {174} , {'TempHb56', 'TempHb57', 'TempG56', 'TempHa56', 'C56', 'I111', 'I112', 'TempHa57'}
| | | | | | | | | | | | | | | | | | | | | | +-- , 174 , {176, 178} , {'C56', 'TempG57', 'TempHb57', 'TempHa57'}
| | | | | | | | | | | | | | | | | | | | | | | +-- , 176 , set() , {'C56', 'TempG57', 'S57'}
| | | | | | | | | | | | | | | | | | | | | | | +-- , 178 , set() , {'I114', 'TempG57', 'I113', 'TempHa57'}
| | | | | | | | | | | | | | | | | | | | +-- , 180 , {202, 182} , {'TempG58', 'TempHb60', 'TempHa60', 'C57', 'TempHb58'}
| | | | | | | | | | | | | | | | | | | | | +-- , 202 , set() , {'S58', 'C57', 'TempG58'}
| | | | | | | | | | | | | | | | | | | | | +-- , 182 , {200, 184} , {'TempG58', 'TempG60', 'TempHb60', 'TempHa60', 'TempHb58'}
| | | | | | | | | | | | | | | | | | | | | | +-- , 200 , set() , {'TempG60', 'I120', 'I119', 'TempHa60'}
| | | | | | | | | | | | | | | | | | | | | | +-- , 184 , {186, 198} , {'TempG58', 'TempHb60', 'C59', 'TempG60', 'TempHb58'}
| | | | | | | | | | | | | | | | | | | | | | | +-- , 186 , {188} , {'TempG58', 'TempHb59', 'TempHa59', 'C59', 'TempHb58'}
| | | | | | | | | | | | | | | | | | | | | | | | +-- , 188 , {196, 190} , {'TempG58', 'TempHb59', 'TempHa58', 'TempHa59', 'TempHb58'}
| | | | | | | | | | | | | | | | | | | | | | | | | +-- , 196 , set() , {'TempHa58', 'TempG58', 'I116', 'I115'}
| | | | | | | | | | | | | | | | | | | | | | | | | +-- , 190 , {192} , {'TempHa59', 'TempHb59', 'TempHa58', 'C58', 'TempHb58'}
| | | | | | | | | | | | | | | | | | | | | | | | | | +-- , 192 , {194} , {'TempHa59', 'TempHb59', 'I117', 'TempG59', 'I118', 'C58'}
| | | | | | | | | | | | | | | | | | | | | | | | | | | +-- , 194 , set() , {'TempG59', 'S59', 'C58'}
| | | | | | | | | | | | | | | | | | | | | | | +-- , 198 , set() , {'S60', 'C59', 'TempG60'}
| | | | | | | | | | | | | | | | +-- , 119 , {121, 159} , {'TempHa66', 'I123', 'TempHb66', 'TempG64', 'TempG61', 'TempHb61', 'TempHa62', 'I124', 'C60', 'I127', 'I128'}
| | | | | | | | | | | | | | | | | +-- , 121 , {141, 123, 157} , {'TempHa66', 'I123', 'TempHb66', 'TempG64', 'TempG61', 'TempHb61', 'TempHa62', 'I124', 'I127', 'C63', 'I128'}
| | | | | | | | | | | | | | | | | | +-- , 141 , {143} , {'I123', 'TempHb63', 'TempHa63', 'TempG61', 'TempHb61', 'TempHa62', 'I124', 'C63'}
| | | | | | | | | | | | | | | | | | | +-- , 143 , {145, 149} , {'TempHa63', 'I123', 'TempHb63', 'TempG61', 'TempHb61', 'TempHa62', 'C62', 'I124'}
| | | | | | | | | | | | | | | | | | | | +-- , 145 , {147} , {'TempHa63', 'I126', 'TempHb63', 'TempG63', 'I125', 'C62'}
| | | | | | | | | | | | | | | | | | | | | +-- , 147 , set() , {'S63', 'TempG63', 'C62'}
| | | | | | | | | | | | | | | | | | | | +-- , 149 , {151} , {'I123', 'TempG61', 'TempHb61', 'TempHb62', 'TempHa62', 'C62', 'I124'}
| | | | | | | | | | | | | | | | | | | | | +-- , 151 , {153, 155} , {'I123', 'TempG61', 'TempHb61', 'TempHb62', 'I124', 'C61', 'TempG62'}
| | | | | | | | | | | | | | | | | | | | | | +-- , 153 , set() , {'S62', 'TempG62', 'C61'}
| | | | | | | | | | | | | | | | | | | | | | +-- , 155 , set() , {'I122', 'TempG61', 'TempHb61', 'I121', 'TempHa61', 'C61'}
| | | | | | | | | | | | | | | | | | +-- , 123 , {125} , {'TempHa66', 'TempHb64', 'TempHb66', 'TempG64', 'TempHa64', 'I127', 'C63', 'I128'}
| | | | | | | | | | | | | | | | | | | +-- , 125 , {127} , {'TempHa66', 'TempHb64', 'TempHb66', 'TempHa64', 'C64'}
| | | | | | | | | | | | | | | | | | | | +-- , 127 , {129, 139} , {'TempHa66', 'TempHb66', 'TempG65', 'C64', 'TempHb65'}
| | | | | | | | | | | | | | | | | | | | | +-- , 129 , {137, 131} , {'TempHa66', 'TempHa65', 'TempHb66', 'TempG65', 'TempHb65'}
| | | | | | | | | | | | | | | | | | | | | | +-- , 137 , set() , {'I130', 'TempHa65', 'I129', 'TempG65'}
| | | | | | | | | | | | | | | | | | | | | | +-- , 131 , {133} , {'TempHa66', 'TempHa65', 'TempHb66', 'C65', 'TempHb65'}
| | | | | | | | | | | | | | | | | | | | | | | +-- , 133 , {135} , {'TempHa66', 'TempHb66', 'TempG66', 'I132', 'C65', 'I131'}
| | | | | | | | | | | | | | | | | | | | | | | | +-- , 135 , set() , {'C65', 'S66', 'TempG66'}
| | | | | | | | | | | | | | | | | | | | | +-- , 139 , set() , {'S65', 'C64', 'TempG65'}
| | | | | | | | | | | | | | | | | | +-- , 157 , set() , {'S64', 'C63', 'TempG64'}
| | | | | | | | | | | | | | | | | +-- , 159 , set() , {'S61', 'TempG61', 'C60'}
| | | | | | | | | | +-- , 222 , {224} , {'TempG48', 'C52', 'TempHa52', 'TempHb52', 'TempHb48'}
| | | | | | | | | | | +-- , 224 , {259, 226} , {'TempG48', 'TempHa52', 'TempHb52', 'C48', 'TempHb48'}
| | | | | | | | | | | | +-- , 259 , {261} , {'TempG48', 'C48', 'TempHa48', 'TempHb48'}
| | | | | | | | | | | | | +-- , 261 , set() , {'TempG48', 'I95', 'TempHa48', 'I96'}
| | | | | | | | | | | | +-- , 226 , {257, 228} , {'TempHb49', 'C48', 'TempG49', 'TempHa52', 'TempHb52'}
| | | | | | | | | | | | | +-- , 257 , set() , {'S49', 'C48', 'TempG49'}
| | | | | | | | | | | | | +-- , 228 , {253, 230} , {'TempHb49', 'TempHa52', 'C49', 'TempHb52', 'TempG49'}
| | | | | | | | | | | | | | +-- , 253 , {255} , {'TempHb49', 'TempHa49', 'C49', 'TempG49'}
| | | | | | | | | | | | | | | +-- , 255 , set() , {'I98', 'I97', 'TempHa49', 'TempG49'}
| | | | | | | | | | | | | | +-- , 230 , {232, 251} , {'TempG50', 'C49', 'TempHa52', 'TempHb52', 'TempHb50'}
| | | | | | | | | | | | | | | +-- , 232 , {234, 245} , {'TempG50', 'TempHa52', 'TempHb52', 'TempHb50', 'C51'}
| | | | | | | | | | | | | | | | +-- , 234 , {236} , {'TempG50', 'TempHa51', 'TempHb51', 'TempHb50', 'C51'}
| | | | | | | | | | | | | | | | | +-- , 236 , {239} , {'TempG50', 'I101', 'TempHa51', 'I102', 'TempHb51', 'TempG51', 'TempHb50'}
| | | | | | | | | | | | | | | | | | +-- , 239 , {241, 243} , {'TempG50', 'TempHb51', 'TempG51', 'TempHb50', 'C50'}
| | | | | | | | | | | | | | | | | | | +-- , 241 , set() , {'TempG50', 'I100', 'TempHa50', 'C50', 'TempHb50', 'I99'}
| | | | | | | | | | | | | | | | | | | +-- , 243 , set() , {'S51', 'TempG51', 'C50'}
| | | | | | | | | | | | | | | | +-- , 245 , {249, 247} , {'TempG52', 'TempHa52', 'TempHb52', 'C51'}
| | | | | | | | | | | | | | | | | +-- , 249 , set() , {'TempG52', 'S52', 'C51'}
| | | | | | | | | | | | | | | | | +-- , 247 , set() , {'I104', 'TempG52', 'TempHa52', 'I103'}
| | | | | | | | | | | | | | | +-- , 251 , set() , {'C49', 'TempG50', 'S50'}


Max number of edges with non zero Y: 226
Max number of iterations of outer rounding loop: 7
Max number of candidate sets: 2
Time spent rounding: 72.546
Time spent solving Separator LP: 0.907
Total time spent solving: 96.251

LP Solver: gammaPlusFractionalCoverHeuristic
Lower Bound Witness = ({'TempHb32', 'TempHa68', 'TempG67', 'TempG20', 'TempHb47', 'TempHa21', 'I121', 'S15', 'C32', 'I150', 'TempHa25', 'I59', 'I95', 'S75', 'TempG18', 'TempHa26', 'S34', 'I28', 'I82', 'C48', 'TempHb7', 'S37', 'I27', 'TempHa49', 'S17', 'I21', 'I112', 'TempHa73', 'C54', 'I44', 'C22', 'I19', 'C40', 'I22', 'TempG41', 'C9', 'TempG24', 'TempHb21', 'TempHa55', 'C65', 'TempHa71', 'TempG60', 'C62', 'TempHa54', 'TempG73', 'I30', 'C52', 'I71', 'I32', 'TempHb33', 'I104', 'I122', 'TempHa44', 'S22', 'C2', 'I118', 'I40', 'S30', 'I110', 'C6', 'C45', 'I103', 'I34', 'S28', 'I77', 'I99', 'S54', 'TempG5', 'S2', 'TempHa27', 'I132', 'I131', 'I74', 'TempG56', 'C37', 'TempG42', 'TempHb44', 'TempG17', 'C13', 'TempHa42', 'I10', 'I138', 'C27', 'TempG75', 'TempHb16', 'TempHa7', 'C7', 'S52', 'I89', 'S47', 'C35', 'S4', 'I66', 'TempHb40', 'TempG59', 'TempG49', 'TempHb75', 'TempHb74', 'S35', 'TempHa37', 'TempG50', 'TempHa5', 'I51', 'I94', 'C67', 'TempG63', 'I57', 'I38', 'C61', 'TempHb39', 'I12', 'TempHa3', 'C23', 'TempG40', 'TempHa57', 'I88', 'C38', 'TempG71', 'I79', 'I43', 'S50', 'C28', 'TempHa70', 'TempG4', 'TempHb64', 'C36', 'S61', 'TempHb67', 'TempHb60', 'S63', 'I13', 'TempHb30', 'I140', 'TempHb15', 'S27', 'TempHa1', 'TempHb9', 'TempG48', 'C74', 'TempHb61', 'TempHa69', 'I120', 'C53', 'TempHa60', 'I50', 'TempHb55', 'I123', 'TempHa20', 'TempG19', 'S53', 'TempHa65', 'TempHb70', 'C31', 'TempG15', 'TempHb10', 'TempHa61', 'TempHa15', 'TempHa36', 'C30', 'TempHa47', 'C69', 'S16', 'TempHa9', 'I145', 'S1', 'C56', 'I5', 'I69', 'S39', 'I17', 'I64', 'S71', 'TempHa30', 'I136', 'TempHa50', 'TempHb45', 'S58', 'I76', 'TempHb11', 'C0', 'I128', 'TempHa58', 'TempHa52', 'I9', 'C24', 'TempHa75', 'TempHb19', 'I62', 'TempHa4', 'I67', 'I16', 'TempG9', 'TempG62', 'C34', 'I75', 'C47', 'TempG64', 'TempHa19', 'I23', 'TempG74', 'TempG55', 'I42', 'C12', 'TempG43', 'C50', 'C5', 'TempHb66', 'I11', 'C20', 'TempG6', 'S7', 'S10', 'TempHb48', 'TempHb36', 'I33', 'C19', 'I47', 'C21', 'S46', 'TempG29', 'TempG61', 'I107', 'TempHa56', 'I24', 'TempG46', 'I142', 'TempG70', 'TempG10', 'TempHa63', 'C18', 'C17', 'S13', 'I83', 'TempHa2', 'I68', 'S48', 'I72', 'TempHa62', 'S67', 'S8', 'I86', 'I130', 'C64', 'I29', 'TempHa41', 'S24', 'TempG2', 'I25', 'TempHb35', 'TempHa33', 'TempG52', 'C68', 'S73', 'I20', 'C10', 'TempG68', 'I37', 'TempHb57', 'I119', 'TempHa22', 'TempG32', 'S51', 'I52', 'S5', 'I2', 'TempHa53', 'I60', 'I78', 'I101', 'S38', 'TempHb31', 'TempHa51', 'TempHb62', 'TempG11', 'C71', 'TempHb71', 'I141', 'S11', 'TempHb26', 'TempHb68', 'S18', 'C75', 'S74', 'TempHb69', 'TempHb72', 'C70', 'TempHa43', 'C63', 'I6', 'I65', 'I148', 'TempHb38', 'S23', 'C4', 'TempHa16', 'TempG57', 'TempHa18', 'TempHb6', 'TempG44', 'C59', 'S66', 'C14', 'TempHa12', 'I124', 'TempHb5', 'TempHa39', 'TempHb73', 'TempG51', 'S3', 'C58', 'I45', 'TempHa66', 'S26', 'S9', 'TempHb14', 'TempHa23', 'I46', 'TempHb43', 'S64', 'TempHa32', 'I134', 'I85', 'TempG33', 'I102', 'I105', 'C60', 'I108', 'I144', 'S25', 'TempG22', 'I1', 'I36', 'TempG72', 'I92', 'S42', 'TempHb8', 'TempHb2', 'S44', 'TempHb53', 'I125', 'C26', 'I90', 'I31', 'C25', 'TempG65', 'I137', 'TempG45', 'I80', 'TempHa48', 'TempHb65', 'I4', 'TempHa28', 'TempHa74', 'I115', 'TempHb51', 'S70', 'TempHa35', 'TempHa34', 'TempHb24', 'S21', 'S55', 'I97', 'I114', 'TempHa45', 'I96', 'TempHb58', 'C41', 'TempHa24', 'I55', 'TempG58', 'I113', 'S29', 'I3', 'TempHa72', 'TempHa64', 'I56', 'TempHa14', 'C39', 'TempHa8', 'I14', 'S20', 'C33', 'TempHa67', 'TempHa46', 'C29', 'TempHb4', 'TempHa17', 'S32', 'TempHb25', 'C43', 'TempG69', 'C46', 'I15', 'I106', 'TempHb12', 'TempHa13', 'I127', 'I49', 'TempHb17', 'I93', 'TempG54', 'TempHa38', 'I91', 'TempG47', 'TempHb41', 'I147', 'TempG13', 'S36', 'TempG30', 'TempHb28', 'S33', 'I116', 'TempG25', 'TempHb29', 'I63', 'S14', 'I87', 'TempG39', 'TempHb3', 'I126', 'C49', 'TempG35', 'I117', 'TempHb54', 'I7', 'S60', 'C66', 'I109', 'I48', 'I41', 'TempHa10', 'S68', 'I53', 'C57', 'TempHb42', 'C8', 'S6', 'TempHb56', 'TempHb13', 'C11', 'TempG1', 'TempHa59', 'TempHb27', 'TempG28', 'I8', 'I129', 'TempG34', 'TempHa31', 'I70', 'TempG36', 'TempG23', 'I146', 'S65', 'I61', 'S40', 'I81', 'I84', 'TempG14', 'C16', 'S45', 'I54', 'C44', 'TempHb34', 'S62', 'I139', 'C72', 'S49', 'S31', 'TempHa6', 'S12', 'C73', 'TempG16', 'TempG27', 'C42', 'TempG53', 'TempG31', 'TempG38', 'I73', 'S41', 'C1', 'C55', 'TempG37', 'I149', 'I135', 'C15', 'S56', 'TempHa29', 'S59', 'TempHb18', 'C3', 'TempG8', 'S43', 'TempHa11', 'TempHb1', 'TempHb52', 'C51', 'TempHb37', 'TempG21', 'I98', 'TempHb46', 'I35', 'S19', 'I18', 'I143', 'S69', 'I100', 'TempHb63', 'I58', 'I39', 'TempG3', 'TempHb23', 'TempG12', 'TempHb50', 'S57', 'TempHb49', 'TempHa40', 'TempG66', 'TempG26', 'TempHb22', 'I133', 'TempHb20', 'S72', 'TempHb59', 'TempG7', 'I111', 'I26'}, {'I138', 'I57', 'TempHa4', 'TempHa8', 'S39'})