325, 0.7499990000000001, 3.0, 3
+-- , 0 , {3, 563, 709, 477} , {'C25', 'TempG26', 'TempHb26', 'C15'}
| +-- , 3 , {475, 5} , {'TempG26', 'TempHb26', 'TempHa26'}
| | +-- , 475 , set() , {'TempHa26', 'I51', 'I52', 'TempG26'}
| | +-- , 5 , {7} , {'C26', 'TempHb26', 'TempHa26'}
| | | +-- , 7 , {9, 473} , {'TempHb27', 'TempG27', 'C26'}
| | | | +-- , 9 , {11, 471} , {'TempHb27', 'TempHa27', 'TempG27', 'C27'}
| | | | | +-- , 11 , {13} , {'TempG28', 'S28', 'C27'}
| | | | | | +-- , 13 , {15} , {'TempG28', 'TempHb28', 'C27'}
| | | | | | | +-- , 15 , {17, 467} , {'TempG28', 'TempHb28', 'TempHa28'}
| | | | | | | | +-- , 17 , {19} , {'C28', 'TempHb28', 'TempHa28'}
| | | | | | | | | +-- , 19 , {21} , {'C28', 'S29', 'TempG29'}
| | | | | | | | | | +-- , 21 , {23} , {'C28', 'TempG29', 'TempHb29'}
| | | | | | | | | | | +-- , 23 , {25, 465} , {'TempG29', 'TempHb29', 'TempHa29', 'C29'}
| | | | | | | | | | | | +-- , 25 , {27} , {'TempG30', 'S30', 'C29'}
| | | | | | | | | | | | | +-- , 27 , {29} , {'TempG30', 'TempHb30', 'C29'}
| | | | | | | | | | | | | | +-- , 29 , {461, 31} , {'C30', 'TempG30', 'TempHa30', 'TempHb30'}
| | | | | | | | | | | | | | | +-- , 461 , set() , {'TempHa30', 'I59', 'TempG30', 'I60'}
| | | | | | | | | | | | | | | +-- , 31 , {33, 457} , {'C30', 'TempG31', 'TempHb31'}
| | | | | | | | | | | | | | | | +-- , 33 , {35, 455} , {'TempG31', 'TempHa31', 'TempHb31'}
| | | | | | | | | | | | | | | | | +-- , 35 , {37} , {'TempHb31', 'TempHa31', 'C31'}
| | | | | | | | | | | | | | | | | | +-- , 37 , {453, 39} , {'TempHb32', 'TempG32', 'C31'}
| | | | | | | | | | | | | | | | | | | +-- , 453 , set() , {'S32', 'TempG32', 'C31'}
| | | | | | | | | | | | | | | | | | | +-- , 39 , {41} , {'TempHb32', 'I64', 'I63', 'C32', 'TempG32', 'TempHa32'}
| | | | | | | | | | | | | | | | | | | | +-- , 41 , {449, 43} , {'C32', 'TempHb33', 'TempG33'}
| | | | | | | | | | | | | | | | | | | | | +-- , 449 , set() , {'C32', 'TempG33', 'S33'}
| | | | | | | | | | | | | | | | | | | | | +-- , 43 , {45, 447} , {'TempHa33', 'TempHb33', 'TempG33', 'C33'}
| | | | | | | | | | | | | | | | | | | | | | +-- , 45 , {443, 47} , {'TempG34', 'C33', 'TempHb34'}
| | | | | | | | | | | | | | | | | | | | | | | +-- , 443 , set() , {'TempG34', 'S34', 'C33'}
| | | | | | | | | | | | | | | | | | | | | | | +-- , 47 , {49, 441} , {'TempG34', 'TempHa34', 'TempHb34'}
| | | | | | | | | | | | | | | | | | | | | | | | +-- , 49 , {51} , {'TempHa34', 'TempHb34', 'C34'}
| | | | | | | | | | | | | | | | | | | | | | | | | +-- , 51 , {53} , {'TempG35', 'S35', 'C34'}
| | | | | | | | | | | | | | | | | | | | | | | | | | +-- , 53 , {55} , {'TempG35', 'TempHb35', 'C34'}
| | | | | | | | | | | | | | | | | | | | | | | | | | | +-- , 55 , {57, 439} , {'TempG35', 'TempHa35', 'TempHb35'}
| | | | | | | | | | | | | | | | | | | | | | | | | | | | +-- , 57 , {59} , {'C35', 'TempHa35', 'TempHb35'}
| | | | | | | | | | | | | | | | | | | | | | | | | | | | | +-- , 59 , {61, 437} , {'TempG36', 'C35', 'TempHb36'}
| | | | | | | | | | | | | | | | | | | | | | | | | | | | | | +-- , 61 , {63} , {'TempHa36', 'C36', 'I71', 'TempHb36', 'I72', 'TempG36'}
| | | | | | | | | | | | | | | | | | | | | | | | | | | | | | | +-- , 63 , {65} , {'C36', 'TempG37', 'S37'}
| | | | | | | | | | | | | | | | | | | | | | | | | | | | | | | | +-- , 65 , {67} , {'TempHb37', 'C36', 'TempG37'}
| | | | | | | | | | | | | | | | | | | | | | | | | | | | | | | | | +-- , 67 , {69} , {'I74', 'TempHb37', 'C37', 'TempG37', 'I73', 'TempHa37'}
| | | | | | | | | | | | | | | | | | | | | | | | | | | | | | | | | | +-- , 69 , {71, 431} , {'C37', 'TempHb38', 'TempG38'}
| | | | | | | | | | | | | | | | | | | | | | | | | | | | | | | | | | | +-- , 71 , {73} , {'I75', 'C38', 'TempHb38', 'TempG38', 'TempHa38', 'I76'}
| | | | | | | | | | | | | | | | | | | | | | | | | | | | | | | | | | | | +-- , 73 , {75, 427} , {'C38', 'TempG39', 'TempHb39'}
| | | | | | | | | | | | | | | | | | | | | | | | | | | | | | | | | | | | | +-- , 75 , {425, 77} , {'TempG39', 'TempHa39', 'TempHb39'}
| | | | | | | | | | | | | | | | | | | | | | | | | | | | | | | | | | | | | | +-- , 425 , set() , {'TempG39', 'I78', 'TempHa39', 'I77'}
| | | | | | | | | | | | | | | | | | | | | | | | | | | | | | | | | | | | | | +-- , 77 , {79} , {'TempHb39', 'TempHa39', 'C39'}
| | | | | | | | | | | | | | | | | | | | | | | | | | | | | | | | | | | | | | | +-- , 79 , {81} , {'C39', 'S40', 'TempG40'}
| | | | | | | | | | | | | | | | | | | | | | | | | | | | | | | | | | | | | | | | +-- , 81 , {83} , {'TempHb40', 'C39', 'TempG40'}
| | | | | | | | | | | | | | | | | | | | | | | | | | | | | | | | | | | | | | | | | +-- , 83 , {85, 423} , {'TempHb40', 'TempHa40', 'TempG40', 'C40'}
| | | | | | | | | | | | | | | | | | | | | | | | | | | | | | | | | | | | | | | | | | +-- , 85 , {419, 87} , {'TempHb41', 'TempG41', 'C40'}
| | | | | | | | | | | | | | | | | | | | | | | | | | | | | | | | | | | | | | | | | | | +-- , 419 , set() , {'S41', 'TempG41', 'C40'}
| | | | | | | | | | | | | | | | | | | | | | | | | | | | | | | | | | | | | | | | | | | +-- , 87 , {89, 417} , {'TempHa41', 'TempHb41', 'TempG41'}
| | | | | | | | | | | | | | | | | | | | | | | | | | | | | | | | | | | | | | | | | | | | +-- , 89 , {91} , {'TempHb41', 'TempHa41', 'C41'}
| | | | | | | | | | | | | | | | | | | | | | | | | | | | | | | | | | | | | | | | | | | | | +-- , 91 , {93} , {'TempG42', 'S42', 'C41'}
| | | | | | | | | | | | | | | | | | | | | | | | | | | | | | | | | | | | | | | | | | | | | | +-- , 93 , {95} , {'TempG42', 'TempHb42', 'C41'}
| | | | | | | | | | | | | | | | | | | | | | | | | | | | | | | | | | | | | | | | | | | | | | | +-- , 95 , {97, 415} , {'TempG42', 'TempHb42', 'TempHa42'}
| | | | | | | | | | | | | | | | | | | | | | | | | | | | | | | | | | | | | | | | | | | | | | | | +-- , 97 , {99} , {'TempHb42', 'C42', 'TempHa42'}
| | | | | | | | | | | | | | | | | | | | | | | | | | | | | | | | | | | | | | | | | | | | | | | | | +-- , 99 , {101} , {'C42', 'S43', 'TempG43'}
| | | | | | | | | | | | | | | | | | | | | | | | | | | | | | | | | | | | | | | | | | | | | | | | | | +-- , 101 , {103} , {'C42', 'TempG43', 'TempHb43'}
| | | | | | | | | | | | | | | | | | | | | | | | | | | | | | | | | | | | | | | | | | | | | | | | | | | +-- , 103 , {105, 413} , {'TempHa43', 'TempG43', 'TempHb43', 'C43'}
| | | | | | | | | | | | | | | | | | | | | | | | | | | | | | | | | | | | | | | | | | | | | | | | | | | | +-- , 105 , {409, 107} , {'TempG44', 'TempHb44', 'C43'}
| | | | | | | | | | | | | | | | | | | | | | | | | | | | | | | | | | | | | | | | | | | | | | | | | | | | | +-- , 409 , set() , {'TempG44', 'C43', 'S44'}
| | | | | | | | | | | | | | | | | | | | | | | | | | | | | | | | | | | | | | | | | | | | | | | | | | | | | +-- , 107 , {109, 407} , {'TempHa44', 'TempG44', 'TempHb44'}
| | | | | | | | | | | | | | | | | | | | | | | | | | | | | | | | | | | | | | | | | | | | | | | | | | | | | | +-- , 109 , {111} , {'C44', 'TempHa44', 'TempHb44'}
| | | | | | | | | | | | | | | | | | | | | | | | | | | | | | | | | | | | | | | | | | | | | | | | | | | | | | | +-- , 111 , {113} , {'S45', 'C44', 'TempG45'}
| | | | | | | | | | | | | | | | | | | | | | | | | | | | | | | | | | | | | | | | | | | | | | | | | | | | | | | | +-- , 113 , {115} , {'C44', 'TempG45', 'TempHb45'}
| | | | | | | | | | | | | | | | | | | | | | | | | | | | | | | | | | | | | | | | | | | | | | | | | | | | | | | | | +-- , 115 , {117, 405} , {'TempHa45', 'TempG45', 'TempHb45'}
| | | | | | | | | | | | | | | | | | | | | | | | | | | | | | | | | | | | | | | | | | | | | | | | | | | | | | | | | | +-- , 117 , {119} , {'TempHb45', 'C45', 'TempHa45'}
| | | | | | | | | | | | | | | | | | | | | | | | | | | | | | | | | | | | | | | | | | | | | | | | | | | | | | | | | | | +-- , 119 , {121} , {'TempG46', 'S46', 'C45'}
| | | | | | | | | | | | | | | | | | | | | | | | | | | | | | | | | | | | | | | | | | | | | | | | | | | | | | | | | | | | +-- , 121 , {123} , {'TempG46', 'C45', 'TempHb46'}
| | | | | | | | | | | | | | | | | | | | | | | | | | | | | | | | | | | | | | | | | | | | | | | | | | | | | | | | | | | | | +-- , 123 , {403, 125} , {'TempG46', 'TempHa46', 'TempHb46'}
| | | | | | | | | | | | | | | | | | | | | | | | | | | | | | | | | | | | | | | | | | | | | | | | | | | | | | | | | | | | | | +-- , 403 , set() , {'I92', 'TempG46', 'I91', 'TempHa46'}
| | | | | | | | | | | | | | | | | | | | | | | | | | | | | | | | | | | | | | | | | | | | | | | | | | | | | | | | | | | | | | +-- , 125 , {127} , {'C46', 'TempHa46', 'TempHb46'}
| | | | | | | | | | | | | | | | | | | | | | | | | | | | | | | | | | | | | | | | | | | | | | | | | | | | | | | | | | | | | | | +-- , 127 , {129, 401} , {'C46', 'TempHb47', 'TempG47'}
| | | | | | | | | | | | | | | | | | | | | | | | | | | | | | | | | | | | | | | | | | | | | | | | | | | | | | | | | | | | | | | | +-- , 129 , {131} , {'C47', 'TempHb47', 'I93', 'I94', 'TempG47', 'TempHa47'}
| | | | | | | | | | | | | | | | | | | | | | | | | | | | | | | | | | | | | | | | | | | | | | | | | | | | | | | | | | | | | | | | | +-- , 131 , {397, 133} , {'TempG48', 'C47', 'TempHb48'}
| | | | | | | | | | | | | | | | | | | | | | | | | | | | | | | | | | | | | | | | | | | | | | | | | | | | | | | | | | | | | | | | | | +-- , 397 , set() , {'S48', 'C47', 'TempG48'}
| | | | | | | | | | | | | | | | | | | | | | | | | | | | | | | | | | | | | | | | | | | | | | | | | | | | | | | | | | | | | | | | | | +-- , 133 , {395, 135} , {'TempG48', 'TempHa48', 'TempHb48'}
| | | | | | | | | | | | | | | | | | | | | | | | | | | | | | | | | | | | | | | | | | | | | | | | | | | | | | | | | | | | | | | | | | | +-- , 395 , set() , {'TempG48', 'I95', 'TempHa48', 'I96'}
| | | | | | | | | | | | | | | | | | | | | | | | | | | | | | | | | | | | | | | | | | | | | | | | | | | | | | | | | | | | | | | | | | | +-- , 135 , {137} , {'TempHa48', 'C48', 'TempHb48'}
| | | | | | | | | | | | | | | | | | | | | | | | | | | | | | | | | | | | | | | | | | | | | | | | | | | | | | | | | | | | | | | | | | | | +-- , 137 , {139} , {'TempG49', 'C48', 'S49'}
| | | | | | | | | | | | | | | | | | | | | | | | | | | | | | | | | | | | | | | | | | | | | | | | | | | | | | | | | | | | | | | | | | | | | +-- , 139 , {141} , {'TempHb49', 'C48', 'TempG49'}
| | | | | | | | | | | | | | | | | | | | | | | | | | | | | | | | | | | | | | | | | | | | | | | | | | | | | | | | | | | | | | | | | | | | | | +-- , 141 , {393, 143} , {'TempHb49', 'TempHa49', 'TempG49'}
| | | | | | | | | | | | | | | | | | | | | | | | | | | | | | | | | | | | | | | | | | | | | | | | | | | | | | | | | | | | | | | | | | | | | | | +-- , 393 , set() , {'I98', 'I97', 'TempHa49', 'TempG49'}
| | | | | | | | | | | | | | | | | | | | | | | | | | | | | | | | | | | | | | | | | | | | | | | | | | | | | | | | | | | | | | | | | | | | | | | +-- , 143 , {145} , {'C49', 'TempHb49', 'TempHa49'}
| | | | | | | | | | | | | | | | | | | | | | | | | | | | | | | | | | | | | | | | | | | | | | | | | | | | | | | | | | | | | | | | | | | | | | | | +-- , 145 , {147, 391} , {'TempG50', 'C49', 'TempHb50'}
| | | | | | | | | | | | | | | | | | | | | | | | | | | | | | | | | | | | | | | | | | | | | | | | | | | | | | | | | | | | | | | | | | | | | | | | | +-- , 147 , {389, 149} , {'TempG50', 'TempHa50', 'TempHb50'}
| | | | | | | | | | | | | | | | | | | | | | | | | | | | | | | | | | | | | | | | | | | | | | | | | | | | | | | | | | | | | | | | | | | | | | | | | | +-- , 389 , set() , {'TempG50', 'I100', 'TempHa50', 'I99'}
| | | | | | | | | | | | | | | | | | | | | | | | | | | | | | | | | | | | | | | | | | | | | | | | | | | | | | | | | | | | | | | | | | | | | | | | | | +-- , 149 , {151} , {'TempHa50', 'TempHb50', 'C50'}
| | | | | | | | | | | | | | | | | | | | | | | | | | | | | | | | | | | | | | | | | | | | | | | | | | | | | | | | | | | | | | | | | | | | | | | | | | | +-- , 151 , {153, 387} , {'TempHb51', 'TempG51', 'C50'}
| | | | | | | | | | | | | | | | | | | | | | | | | | | | | | | | | | | | | | | | | | | | | | | | | | | | | | | | | | | | | | | | | | | | | | | | | | | | +-- , 153 , {385, 155} , {'TempHb51', 'TempG51', 'TempHa51', 'C51'}
| | | | | | | | | | | | | | | | | | | | | | | | | | | | | | | | | | | | | | | | | | | | | | | | | | | | | | | | | | | | | | | | | | | | | | | | | | | | | +-- , 385 , set() , {'I101', 'TempG51', 'TempHa51', 'I102'}
| | | | | | | | | | | | | | | | | | | | | | | | | | | | | | | | | | | | | | | | | | | | | | | | | | | | | | | | | | | | | | | | | | | | | | | | | | | | | +-- , 155 , {381, 157} , {'TempG52', 'TempHb52', 'C51'}
| | | | | | | | | | | | | | | | | | | | | | | | | | | | | | | | | | | | | | | | | | | | | | | | | | | | | | | | | | | | | | | | | | | | | | | | | | | | | | +-- , 381 , set() , {'TempG52', 'S52', 'C51'}
| | | | | | | | | | | | | | | | | | | | | | | | | | | | | | | | | | | | | | | | | | | | | | | | | | | | | | | | | | | | | | | | | | | | | | | | | | | | | | +-- , 157 , {379, 159} , {'TempG52', 'TempHa52', 'TempHb52'}
| | | | | | | | | | | | | | | | | | | | | | | | | | | | | | | | | | | | | | | | | | | | | | | | | | | | | | | | | | | | | | | | | | | | | | | | | | | | | | | +-- , 379 , set() , {'I104', 'TempG52', 'TempHa52', 'I103'}
| | | | | | | | | | | | | | | | | | | | | | | | | | | | | | | | | | | | | | | | | | | | | | | | | | | | | | | | | | | | | | | | | | | | | | | | | | | | | | | +-- , 159 , {161} , {'TempHa52', 'TempHb52', 'C52'}
| | | | | | | | | | | | | | | | | | | | | | | | | | | | | | | | | | | | | | | | | | | | | | | | | | | | | | | | | | | | | | | | | | | | | | | | | | | | | | | | +-- , 161 , {163} , {'TempG53', 'C52', 'S53'}
| | | | | | | | | | | | | | | | | | | | | | | | | | | | | | | | | | | | | | | | | | | | | | | | | | | | | | | | | | | | | | | | | | | | | | | | | | | | | | | | | +-- , 163 , {165} , {'TempG53', 'TempHb53', 'C52'}
| | | | | | | | | | | | | | | | | | | | | | | | | | | | | | | | | | | | | | | | | | | | | | | | | | | | | | | | | | | | | | | | | | | | | | | | | | | | | | | | | | +-- , 165 , {377, 167} , {'TempG53', 'C53', 'TempHa53', 'TempHb53'}
| | | | | | | | | | | | | | | | | | | | | | | | | | | | | | | | | | | | | | | | | | | | | | | | | | | | | | | | | | | | | | | | | | | | | | | | | | | | | | | | | | | +-- , 377 , set() , {'TempHa53', 'I105', 'TempG53', 'I106'}
| | | | | | | | | | | | | | | | | | | | | | | | | | | | | | | | | | | | | | | | | | | | | | | | | | | | | | | | | | | | | | | | | | | | | | | | | | | | | | | | | | | +-- , 167 , {169} , {'S54', 'C53', 'TempG54'}
| | | | | | | | | | | | | | | | | | | | | | | | | | | | | | | | | | | | | | | | | | | | | | | | | | | | | | | | | | | | | | | | | | | | | | | | | | | | | | | | | | | | +-- , 169 , {171} , {'C53', 'TempHb54', 'TempG54'}
| | | | | | | | | | | | | | | | | | | | | | | | | | | | | | | | | | | | | | | | | | | | | | | | | | | | | | | | | | | | | | | | | | | | | | | | | | | | | | | | | | | | | +-- , 171 , {373, 173} , {'TempHa54', 'TempHb54', 'TempG54'}
| | | | | | | | | | | | | | | | | | | | | | | | | | | | | | | | | | | | | | | | | | | | | | | | | | | | | | | | | | | | | | | | | | | | | | | | | | | | | | | | | | | | | | +-- , 373 , set() , {'I108', 'TempHa54', 'I107', 'TempG54'}
| | | | | | | | | | | | | | | | | | | | | | | | | | | | | | | | | | | | | | | | | | | | | | | | | | | | | | | | | | | | | | | | | | | | | | | | | | | | | | | | | | | | | | +-- , 173 , {175} , {'C54', 'TempHa54', 'TempHb54'}
| | | | | | | | | | | | | | | | | | | | | | | | | | | | | | | | | | | | | | | | | | | | | | | | | | | | | | | | | | | | | | | | | | | | | | | | | | | | | | | | | | | | | | | +-- , 175 , {177} , {'S55', 'TempG55', 'C54'}
| | | | | | | | | | | | | | | | | | | | | | | | | | | | | | | | | | | | | | | | | | | | | | | | | | | | | | | | | | | | | | | | | | | | | | | | | | | | | | | | | | | | | | | | +-- , 177 , {179} , {'TempHb55', 'TempG55', 'C54'}
| | | | | | | | | | | | | | | | | | | | | | | | | | | | | | | | | | | | | | | | | | | | | | | | | | | | | | | | | | | | | | | | | | | | | | | | | | | | | | | | | | | | | | | | | +-- , 179 , {371, 181} , {'TempHb55', 'TempHa55', 'TempG55'}
| | | | | | | | | | | | | | | | | | | | | | | | | | | | | | | | | | | | | | | | | | | | | | | | | | | | | | | | | | | | | | | | | | | | | | | | | | | | | | | | | | | | | | | | | | +-- , 371 , set() , {'I110', 'TempG55', 'I109', 'TempHa55'}
| | | | | | | | | | | | | | | | | | | | | | | | | | | | | | | | | | | | | | | | | | | | | | | | | | | | | | | | | | | | | | | | | | | | | | | | | | | | | | | | | | | | | | | | | | +-- , 181 , {183} , {'TempHb55', 'TempHa55', 'C55'}
| | | | | | | | | | | | | | | | | | | | | | | | | | | | | | | | | | | | | | | | | | | | | | | | | | | | | | | | | | | | | | | | | | | | | | | | | | | | | | | | | | | | | | | | | | | +-- , 183 , {185, 369} , {'TempHb56', 'C55', 'TempG56'}
| | | | | | | | | | | | | | | | | | | | | | | | | | | | | | | | | | | | | | | | | | | | | | | | | | | | | | | | | | | | | | | | | | | | | | | | | | | | | | | | | | | | | | | | | | | | +-- , 185 , {187, 367} , {'C56', 'TempHb56', 'TempG56', 'TempHa56'}
| | | | | | | | | | | | | | | | | | | | | | | | | | | | | | | | | | | | | | | | | | | | | | | | | | | | | | | | | | | | | | | | | | | | | | | | | | | | | | | | | | | | | | | | | | | | | +-- , 187 , {363, 189} , {'C56', 'TempG57', 'TempHb57'}
| | | | | | | | | | | | | | | | | | | | | | | | | | | | | | | | | | | | | | | | | | | | | | | | | | | | | | | | | | | | | | | | | | | | | | | | | | | | | | | | | | | | | | | | | | | | | | +-- , 363 , set() , {'C56', 'TempG57', 'S57'}
| | | | | | | | | | | | | | | | | | | | | | | | | | | | | | | | | | | | | | | | | | | | | | | | | | | | | | | | | | | | | | | | | | | | | | | | | | | | | | | | | | | | | | | | | | | | | | +-- , 189 , {361, 191} , {'TempG57', 'C57', 'TempHb57', 'TempHa57'}
| | | | | | | | | | | | | | | | | | | | | | | | | | | | | | | | | | | | | | | | | | | | | | | | | | | | | | | | | | | | | | | | | | | | | | | | | | | | | | | | | | | | | | | | | | | | | | | +-- , 361 , set() , {'I114', 'TempG57', 'I113', 'TempHa57'}
| | | | | | | | | | | | | | | | | | | | | | | | | | | | | | | | | | | | | | | | | | | | | | | | | | | | | | | | | | | | | | | | | | | | | | | | | | | | | | | | | | | | | | | | | | | | | | | +-- , 191 , {193, 357} , {'TempG58', 'C57', 'TempHb58'}
| | | | | | | | | | | | | | | | | | | | | | | | | | | | | | | | | | | | | | | | | | | | | | | | | | | | | | | | | | | | | | | | | | | | | | | | | | | | | | | | | | | | | | | | | | | | | | | | +-- , 193 , {195} , {'TempG58', 'TempHa58', 'I116', 'I115', 'C58', 'TempHb58'}
| | | | | | | | | | | | | | | | | | | | | | | | | | | | | | | | | | | | | | | | | | | | | | | | | | | | | | | | | | | | | | | | | | | | | | | | | | | | | | | | | | | | | | | | | | | | | | | | | +-- , 195 , {197} , {'S59', 'TempG59', 'C58'}
| | | | | | | | | | | | | | | | | | | | | | | | | | | | | | | | | | | | | | | | | | | | | | | | | | | | | | | | | | | | | | | | | | | | | | | | | | | | | | | | | | | | | | | | | | | | | | | | | | +-- , 197 , {199} , {'TempHb59', 'TempG59', 'C58'}
| | | | | | | | | | | | | | | | | | | | | | | | | | | | | | | | | | | | | | | | | | | | | | | | | | | | | | | | | | | | | | | | | | | | | | | | | | | | | | | | | | | | | | | | | | | | | | | | | | | +-- , 199 , {201} , {'TempHb59', 'TempG59', 'I117', 'TempHa59', 'C59', 'I118'}
| | | | | | | | | | | | | | | | | | | | | | | | | | | | | | | | | | | | | | | | | | | | | | | | | | | | | | | | | | | | | | | | | | | | | | | | | | | | | | | | | | | | | | | | | | | | | | | | | | | | +-- , 201 , {203, 351} , {'TempHb60', 'C59', 'TempG60'}
| | | | | | | | | | | | | | | | | | | | | | | | | | | | | | | | | | | | | | | | | | | | | | | | | | | | | | | | | | | | | | | | | | | | | | | | | | | | | | | | | | | | | | | | | | | | | | | | | | | | | +-- , 203 , {205} , {'TempG60', 'I119', 'TempHb60', 'I120', 'C60', 'TempHa60'}
| | | | | | | | | | | | | | | | | | | | | | | | | | | | | | | | | | | | | | | | | | | | | | | | | | | | | | | | | | | | | | | | | | | | | | | | | | | | | | | | | | | | | | | | | | | | | | | | | | | | | | +-- , 205 , {347, 207} , {'C60', 'TempG61', 'TempHb61'}
| | | | | | | | | | | | | | | | | | | | | | | | | | | | | | | | | | | | | | | | | | | | | | | | | | | | | | | | | | | | | | | | | | | | | | | | | | | | | | | | | | | | | | | | | | | | | | | | | | | | | | | +-- , 347 , set() , {'S61', 'TempG61', 'C60'}
| | | | | | | | | | | | | | | | | | | | | | | | | | | | | | | | | | | | | | | | | | | | | | | | | | | | | | | | | | | | | | | | | | | | | | | | | | | | | | | | | | | | | | | | | | | | | | | | | | | | | | | +-- , 207 , {345, 209} , {'TempHa61', 'TempG61', 'TempHb61'}
| | | | | | | | | | | | | | | | | | | | | | | | | | | | | | | | | | | | | | | | | | | | | | | | | | | | | | | | | | | | | | | | | | | | | | | | | | | | | | | | | | | | | | | | | | | | | | | | | | | | | | | | +-- , 345 , set() , {'TempHa61', 'I122', 'TempG61', 'I121'}
| | | | | | | | | | | | | | | | | | | | | | | | | | | | | | | | | | | | | | | | | | | | | | | | | | | | | | | | | | | | | | | | | | | | | | | | | | | | | | | | | | | | | | | | | | | | | | | | | | | | | | | | +-- , 209 , {211} , {'TempHa61', 'TempHb61', 'C61'}
| | | | | | | | | | | | | | | | | | | | | | | | | | | | | | | | | | | | | | | | | | | | | | | | | | | | | | | | | | | | | | | | | | | | | | | | | | | | | | | | | | | | | | | | | | | | | | | | | | | | | | | | | +-- , 211 , {213, 343} , {'TempG62', 'C61', 'TempHb62'}
| | | | | | | | | | | | | | | | | | | | | | | | | | | | | | | | | | | | | | | | | | | | | | | | | | | | | | | | | | | | | | | | | | | | | | | | | | | | | | | | | | | | | | | | | | | | | | | | | | | | | | | | | | +-- , 213 , {341, 215} , {'TempG62', 'TempHb62', 'TempHa62'}
| | | | | | | | | | | | | | | | | | | | | | | | | | | | | | | | | | | | | | | | | | | | | | | | | | | | | | | | | | | | | | | | | | | | | | | | | | | | | | | | | | | | | | | | | | | | | | | | | | | | | | | | | | | +-- , 341 , set() , {'I123', 'I124', 'TempG62', 'TempHa62'}
| | | | | | | | | | | | | | | | | | | | | | | | | | | | | | | | | | | | | | | | | | | | | | | | | | | | | | | | | | | | | | | | | | | | | | | | | | | | | | | | | | | | | | | | | | | | | | | | | | | | | | | | | | | +-- , 215 , {217} , {'C62', 'TempHb62', 'TempHa62'}
| | | | | | | | | | | | | | | | | | | | | | | | | | | | | | | | | | | | | | | | | | | | | | | | | | | | | | | | | | | | | | | | | | | | | | | | | | | | | | | | | | | | | | | | | | | | | | | | | | | | | | | | | | | | +-- , 217 , {219} , {'S63', 'TempG63', 'C62'}
| | | | | | | | | | | | | | | | | | | | | | | | | | | | | | | | | | | | | | | | | | | | | | | | | | | | | | | | | | | | | | | | | | | | | | | | | | | | | | | | | | | | | | | | | | | | | | | | | | | | | | | | | | | | | +-- , 219 , {221} , {'TempHb63', 'TempG63', 'C62'}
| | | | | | | | | | | | | | | | | | | | | | | | | | | | | | | | | | | | | | | | | | | | | | | | | | | | | | | | | | | | | | | | | | | | | | | | | | | | | | | | | | | | | | | | | | | | | | | | | | | | | | | | | | | | | | +-- , 221 , {339, 223} , {'TempHa63', 'TempHb63', 'TempG63'}
| | | | | | | | | | | | | | | | | | | | | | | | | | | | | | | | | | | | | | | | | | | | | | | | | | | | | | | | | | | | | | | | | | | | | | | | | | | | | | | | | | | | | | | | | | | | | | | | | | | | | | | | | | | | | | | +-- , 339 , set() , {'TempHa63', 'I126', 'I125', 'TempG63'}
| | | | | | | | | | | | | | | | | | | | | | | | | | | | | | | | | | | | | | | | | | | | | | | | | | | | | | | | | | | | | | | | | | | | | | | | | | | | | | | | | | | | | | | | | | | | | | | | | | | | | | | | | | | | | | | +-- , 223 , {225} , {'TempHa63', 'TempHb63', 'C63'}
| | | | | | | | | | | | | | | | | | | | | | | | | | | | | | | | | | | | | | | | | | | | | | | | | | | | | | | | | | | | | | | | | | | | | | | | | | | | | | | | | | | | | | | | | | | | | | | | | | | | | | | | | | | | | | | | +-- , 225 , {227} , {'TempG64', 'C63', 'S64'}
| | | | | | | | | | | | | | | | | | | | | | | | | | | | | | | | | | | | | | | | | | | | | | | | | | | | | | | | | | | | | | | | | | | | | | | | | | | | | | | | | | | | | | | | | | | | | | | | | | | | | | | | | | | | | | | | | +-- , 227 , {229} , {'TempHb64', 'TempG64', 'C63'}
| | | | | | | | | | | | | | | | | | | | | | | | | | | | | | | | | | | | | | | | | | | | | | | | | | | | | | | | | | | | | | | | | | | | | | | | | | | | | | | | | | | | | | | | | | | | | | | | | | | | | | | | | | | | | | | | | | +-- , 229 , {337, 231} , {'TempHb64', 'TempG64', 'TempHa64'}
| | | | | | | | | | | | | | | | | | | | | | | | | | | | | | | | | | | | | | | | | | | | | | | | | | | | | | | | | | | | | | | | | | | | | | | | | | | | | | | | | | | | | | | | | | | | | | | | | | | | | | | | | | | | | | | | | | | +-- , 337 , set() , {'I128', 'I127', 'TempHa64', 'TempG64'}
| | | | | | | | | | | | | | | | | | | | | | | | | | | | | | | | | | | | | | | | | | | | | | | | | | | | | | | | | | | | | | | | | | | | | | | | | | | | | | | | | | | | | | | | | | | | | | | | | | | | | | | | | | | | | | | | | | | +-- , 231 , {233} , {'TempHb64', 'TempHa64', 'C64'}
| | | | | | | | | | | | | | | | | | | | | | | | | | | | | | | | | | | | | | | | | | | | | | | | | | | | | | | | | | | | | | | | | | | | | | | | | | | | | | | | | | | | | | | | | | | | | | | | | | | | | | | | | | | | | | | | | | | | +-- , 233 , {235, 335} , {'TempG65', 'C64', 'TempHb65'}
| | | | | | | | | | | | | | | | | | | | | | | | | | | | | | | | | | | | | | | | | | | | | | | | | | | | | | | | | | | | | | | | | | | | | | | | | | | | | | | | | | | | | | | | | | | | | | | | | | | | | | | | | | | | | | | | | | | | | +-- , 235 , {333, 237} , {'TempHa65', 'TempG65', 'TempHb65'}
| | | | | | | | | | | | | | | | | | | | | | | | | | | | | | | | | | | | | | | | | | | | | | | | | | | | | | | | | | | | | | | | | | | | | | | | | | | | | | | | | | | | | | | | | | | | | | | | | | | | | | | | | | | | | | | | | | | | | | +-- , 333 , set() , {'I130', 'TempHa65', 'I129', 'TempG65'}
| | | | | | | | | | | | | | | | | | | | | | | | | | | | | | | | | | | | | | | | | | | | | | | | | | | | | | | | | | | | | | | | | | | | | | | | | | | | | | | | | | | | | | | | | | | | | | | | | | | | | | | | | | | | | | | | | | | | | | +-- , 237 , {239} , {'C65', 'TempHa65', 'TempHb65'}
| | | | | | | | | | | | | | | | | | | | | | | | | | | | | | | | | | | | | | | | | | | | | | | | | | | | | | | | | | | | | | | | | | | | | | | | | | | | | | | | | | | | | | | | | | | | | | | | | | | | | | | | | | | | | | | | | | | | | | | +-- , 239 , {241} , {'TempG66', 'C65', 'S66'}
| | | | | | | | | | | | | | | | | | | | | | | | | | | | | | | | | | | | | | | | | | | | | | | | | | | | | | | | | | | | | | | | | | | | | | | | | | | | | | | | | | | | | | | | | | | | | | | | | | | | | | | | | | | | | | | | | | | | | | | | +-- , 241 , {243} , {'TempHb66', 'TempG66', 'C65'}
| | | | | | | | | | | | | | | | | | | | | | | | | | | | | | | | | | | | | | | | | | | | | | | | | | | | | | | | | | | | | | | | | | | | | | | | | | | | | | | | | | | | | | | | | | | | | | | | | | | | | | | | | | | | | | | | | | | | | | | | | +-- , 243 , {331, 245} , {'TempHa66', 'C66', 'TempHb66', 'TempG66'}
| | | | | | | | | | | | | | | | | | | | | | | | | | | | | | | | | | | | | | | | | | | | | | | | | | | | | | | | | | | | | | | | | | | | | | | | | | | | | | | | | | | | | | | | | | | | | | | | | | | | | | | | | | | | | | | | | | | | | | | | | | +-- , 331 , set() , {'TempHa66', 'I132', 'TempG66', 'I131'}
| | | | | | | | | | | | | | | | | | | | | | | | | | | | | | | | | | | | | | | | | | | | | | | | | | | | | | | | | | | | | | | | | | | | | | | | | | | | | | | | | | | | | | | | | | | | | | | | | | | | | | | | | | | | | | | | | | | | | | | | | | +-- , 245 , {247, 327} , {'TempG67', 'C66', 'TempHb67'}
| | | | | | | | | | | | | | | | | | | | | | | | | | | | | | | | | | | | | | | | | | | | | | | | | | | | | | | | | | | | | | | | | | | | | | | | | | | | | | | | | | | | | | | | | | | | | | | | | | | | | | | | | | | | | | | | | | | | | | | | | | | +-- , 247 , {249} , {'TempG67', 'I133', 'I134', 'TempHb67', 'C67', 'TempHa67'}
| | | | | | | | | | | | | | | | | | | | | | | | | | | | | | | | | | | | | | | | | | | | | | | | | | | | | | | | | | | | | | | | | | | | | | | | | | | | | | | | | | | | | | | | | | | | | | | | | | | | | | | | | | | | | | | | | | | | | | | | | | | | +-- , 249 , {251} , {'C67', 'S68', 'TempG68'}
| | | | | | | | | | | | | | | | | | | | | | | | | | | | | | | | | | | | | | | | | | | | | | | | | | | | | | | | | | | | | | | | | | | | | | | | | | | | | | | | | | | | | | | | | | | | | | | | | | | | | | | | | | | | | | | | | | | | | | | | | | | | | +-- , 251 , {253} , {'C67', 'TempHb68', 'TempG68'}
| | | | | | | | | | | | | | | | | | | | | | | | | | | | | | | | | | | | | | | | | | | | | | | | | | | | | | | | | | | | | | | | | | | | | | | | | | | | | | | | | | | | | | | | | | | | | | | | | | | | | | | | | | | | | | | | | | | | | | | | | | | | | | +-- , 253 , {256} , {'TempHa68', 'TempHb68', 'I136', 'I135', 'TempG68'}
| | | | | | | | | | | | | | | | | | | | | | | | | | | | | | | | | | | | | | | | | | | | | | | | | | | | | | | | | | | | | | | | | | | | | | | | | | | | | | | | | | | | | | | | | | | | | | | | | | | | | | | | | | | | | | | | | | | | | | | | | | | | | | | +-- , 256 , {258} , {'TempHa68', 'TempHb68', 'C68'}
| | | | | | | | | | | | | | | | | | | | | | | | | | | | | | | | | | | | | | | | | | | | | | | | | | | | | | | | | | | | | | | | | | | | | | | | | | | | | | | | | | | | | | | | | | | | | | | | | | | | | | | | | | | | | | | | | | | | | | | | | | | | | | | | +-- , 258 , {260} , {'TempG69', 'C68', 'S69'}
| | | | | | | | | | | | | | | | | | | | | | | | | | | | | | | | | | | | | | | | | | | | | | | | | | | | | | | | | | | | | | | | | | | | | | | | | | | | | | | | | | | | | | | | | | | | | | | | | | | | | | | | | | | | | | | | | | | | | | | | | | | | | | | | | +-- , 260 , {262} , {'TempG69', 'C68', 'TempHb69'}
| | | | | | | | | | | | | | | | | | | | | | | | | | | | | | | | | | | | | | | | | | | | | | | | | | | | | | | | | | | | | | | | | | | | | | | | | | | | | | | | | | | | | | | | | | | | | | | | | | | | | | | | | | | | | | | | | | | | | | | | | | | | | | | | | | +-- , 262 , {264, 323} , {'TempG69', 'TempHb69', 'TempHa69'}
| | | | | | | | | | | | | | | | | | | | | | | | | | | | | | | | | | | | | | | | | | | | | | | | | | | | | | | | | | | | | | | | | | | | | | | | | | | | | | | | | | | | | | | | | | | | | | | | | | | | | | | | | | | | | | | | | | | | | | | | | | | | | | | | | | | +-- , 264 , {266} , {'C69', 'TempHb69', 'TempHa69'}
| | | | | | | | | | | | | | | | | | | | | | | | | | | | | | | | | | | | | | | | | | | | | | | | | | | | | | | | | | | | | | | | | | | | | | | | | | | | | | | | | | | | | | | | | | | | | | | | | | | | | | | | | | | | | | | | | | | | | | | | | | | | | | | | | | | | +-- , 266 , {321, 268} , {'TempHb70', 'TempG70', 'C69'}
| | | | | | | | | | | | | | | | | | | | | | | | | | | | | | | | | | | | | | | | | | | | | | | | | | | | | | | | | | | | | | | | | | | | | | | | | | | | | | | | | | | | | | | | | | | | | | | | | | | | | | | | | | | | | | | | | | | | | | | | | | | | | | | | | | | | | +-- , 321 , set() , {'S70', 'TempG70', 'C69'}
| | | | | | | | | | | | | | | | | | | | | | | | | | | | | | | | | | | | | | | | | | | | | | | | | | | | | | | | | | | | | | | | | | | | | | | | | | | | | | | | | | | | | | | | | | | | | | | | | | | | | | | | | | | | | | | | | | | | | | | | | | | | | | | | | | | | | +-- , 268 , {319, 270} , {'C70', 'TempHb70', 'TempG70', 'TempHa70'}
| | | | | | | | | | | | | | | | | | | | | | | | | | | | | | | | | | | | | | | | | | | | | | | | | | | | | | | | | | | | | | | | | | | | | | | | | | | | | | | | | | | | | | | | | | | | | | | | | | | | | | | | | | | | | | | | | | | | | | | | | | | | | | | | | | | | | | +-- , 319 , set() , {'TempG70', 'TempHa70', 'I139', 'I140'}
| | | | | | | | | | | | | | | | | | | | | | | | | | | | | | | | | | | | | | | | | | | | | | | | | | | | | | | | | | | | | | | | | | | | | | | | | | | | | | | | | | | | | | | | | | | | | | | | | | | | | | | | | | | | | | | | | | | | | | | | | | | | | | | | | | | | | | +-- , 270 , {272, 315} , {'TempHb71', 'C70', 'TempG71'}
| | | | | | | | | | | | | | | | | | | | | | | | | | | | | | | | | | | | | | | | | | | | | | | | | | | | | | | | | | | | | | | | | | | | | | | | | | | | | | | | | | | | | | | | | | | | | | | | | | | | | | | | | | | | | | | | | | | | | | | | | | | | | | | | | | | | | | | +-- , 272 , {274, 313} , {'TempHb71', 'TempG71', 'TempHa71'}
| | | | | | | | | | | | | | | | | | | | | | | | | | | | | | | | | | | | | | | | | | | | | | | | | | | | | | | | | | | | | | | | | | | | | | | | | | | | | | | | | | | | | | | | | | | | | | | | | | | | | | | | | | | | | | | | | | | | | | | | | | | | | | | | | | | | | | | | +-- , 274 , {276} , {'TempHb71', 'C71', 'TempHa71'}
| | | | | | | | | | | | | | | | | | | | | | | | | | | | | | | | | | | | | | | | | | | | | | | | | | | | | | | | | | | | | | | | | | | | | | | | | | | | | | | | | | | | | | | | | | | | | | | | | | | | | | | | | | | | | | | | | | | | | | | | | | | | | | | | | | | | | | | | | +-- , 276 , {278} , {'S72', 'C71', 'TempG72'}
| | | | | | | | | | | | | | | | | | | | | | | | | | | | | | | | | | | | | | | | | | | | | | | | | | | | | | | | | | | | | | | | | | | | | | | | | | | | | | | | | | | | | | | | | | | | | | | | | | | | | | | | | | | | | | | | | | | | | | | | | | | | | | | | | | | | | | | | | | +-- , 278 , {280} , {'C71', 'TempG72', 'TempHb72'}
| | | | | | | | | | | | | | | | | | | | | | | | | | | | | | | | | | | | | | | | | | | | | | | | | | | | | | | | | | | | | | | | | | | | | | | | | | | | | | | | | | | | | | | | | | | | | | | | | | | | | | | | | | | | | | | | | | | | | | | | | | | | | | | | | | | | | | | | | | | +-- , 280 , {282} , {'I144', 'TempHa72', 'TempHb72', 'C72', 'I143', 'TempG72'}
| | | | | | | | | | | | | | | | | | | | | | | | | | | | | | | | | | | | | | | | | | | | | | | | | | | | | | | | | | | | | | | | | | | | | | | | | | | | | | | | | | | | | | | | | | | | | | | | | | | | | | | | | | | | | | | | | | | | | | | | | | | | | | | | | | | | | | | | | | | | +-- , 282 , {309, 284} , {'C72', 'TempHb73', 'TempG73'}
| | | | | | | | | | | | | | | | | | | | | | | | | | | | | | | | | | | | | | | | | | | | | | | | | | | | | | | | | | | | | | | | | | | | | | | | | | | | | | | | | | | | | | | | | | | | | | | | | | | | | | | | | | | | | | | | | | | | | | | | | | | | | | | | | | | | | | | | | | | | | +-- , 309 , set() , {'S73', 'TempG73', 'C72'}
| | | | | | | | | | | | | | | | | | | | | | | | | | | | | | | | | | | | | | | | | | | | | | | | | | | | | | | | | | | | | | | | | | | | | | | | | | | | | | | | | | | | | | | | | | | | | | | | | | | | | | | | | | | | | | | | | | | | | | | | | | | | | | | | | | | | | | | | | | | | | +-- , 284 , {307, 286} , {'TempHa73', 'TempHb73', 'TempG73'}
| | | | | | | | | | | | | | | | | | | | | | | | | | | | | | | | | | | | | | | | | | | | | | | | | | | | | | | | | | | | | | | | | | | | | | | | | | | | | | | | | | | | | | | | | | | | | | | | | | | | | | | | | | | | | | | | | | | | | | | | | | | | | | | | | | | | | | | | | | | | | | +-- , 307 , set() , {'TempHa73', 'I146', 'TempG73', 'I145'}
| | | | | | | | | | | | | | | | | | | | | | | | | | | | | | | | | | | | | | | | | | | | | | | | | | | | | | | | | | | | | | | | | | | | | | | | | | | | | | | | | | | | | | | | | | | | | | | | | | | | | | | | | | | | | | | | | | | | | | | | | | | | | | | | | | | | | | | | | | | | | | +-- , 286 , {288} , {'TempHa73', 'TempHb73', 'C73'}
| | | | | | | | | | | | | | | | | | | | | | | | | | | | | | | | | | | | | | | | | | | | | | | | | | | | | | | | | | | | | | | | | | | | | | | | | | | | | | | | | | | | | | | | | | | | | | | | | | | | | | | | | | | | | | | | | | | | | | | | | | | | | | | | | | | | | | | | | | | | | | | +-- , 288 , {290, 305} , {'TempG74', 'TempHb74', 'C73'}
| | | | | | | | | | | | | | | | | | | | | | | | | | | | | | | | | | | | | | | | | | | | | | | | | | | | | | | | | | | | | | | | | | | | | | | | | | | | | | | | | | | | | | | | | | | | | | | | | | | | | | | | | | | | | | | | | | | | | | | | | | | | | | | | | | | | | | | | | | | | | | | | +-- , 290 , {292, 303} , {'TempG74', 'TempHb74', 'TempHa74', 'C74'}
| | | | | | | | | | | | | | | | | | | | | | | | | | | | | | | | | | | | | | | | | | | | | | | | | | | | | | | | | | | | | | | | | | | | | | | | | | | | | | | | | | | | | | | | | | | | | | | | | | | | | | | | | | | | | | | | | | | | | | | | | | | | | | | | | | | | | | | | | | | | | | | | | +-- , 292 , {299, 294} , {'TempHb75', 'TempG75', 'C74'}
| | | | | | | | | | | | | | | | | | | | | | | | | | | | | | | | | | | | | | | | | | | | | | | | | | | | | | | | | | | | | | | | | | | | | | | | | | | | | | | | | | | | | | | | | | | | | | | | | | | | | | | | | | | | | | | | | | | | | | | | | | | | | | | | | | | | | | | | | | | | | | | | | | +-- , 299 , set() , {'TempG75', 'S75', 'C74'}
| | | | | | | | | | | | | | | | | | | | | | | | | | | | | | | | | | | | | | | | | | | | | | | | | | | | | | | | | | | | | | | | | | | | | | | | | | | | | | | | | | | | | | | | | | | | | | | | | | | | | | | | | | | | | | | | | | | | | | | | | | | | | | | | | | | | | | | | | | | | | | | | | | +-- , 294 , {297} , {'TempHa75', 'TempG75', 'TempHb75', 'I150', 'I149'}
| | | | | | | | | | | | | | | | | | | | | | | | | | | | | | | | | | | | | | | | | | | | | | | | | | | | | | | | | | | | | | | | | | | | | | | | | | | | | | | | | | | | | | | | | | | | | | | | | | | | | | | | | | | | | | | | | | | | | | | | | | | | | | | | | | | | | | | | | | | | | | | | | | | +-- , 297 , set() , {'TempHb75', 'C75', 'TempHa75'}
| | | | | | | | | | | | | | | | | | | | | | | | | | | | | | | | | | | | | | | | | | | | | | | | | | | | | | | | | | | | | | | | | | | | | | | | | | | | | | | | | | | | | | | | | | | | | | | | | | | | | | | | | | | | | | | | | | | | | | | | | | | | | | | | | | | | | | | | | | | | | | | | | +-- , 303 , set() , {'TempG74', 'I148', 'I147', 'TempHa74'}
| | | | | | | | | | | | | | | | | | | | | | | | | | | | | | | | | | | | | | | | | | | | | | | | | | | | | | | | | | | | | | | | | | | | | | | | | | | | | | | | | | | | | | | | | | | | | | | | | | | | | | | | | | | | | | | | | | | | | | | | | | | | | | | | | | | | | | | | | | | | | | | | +-- , 305 , set() , {'TempG74', 'S74', 'C73'}
| | | | | | | | | | | | | | | | | | | | | | | | | | | | | | | | | | | | | | | | | | | | | | | | | | | | | | | | | | | | | | | | | | | | | | | | | | | | | | | | | | | | | | | | | | | | | | | | | | | | | | | | | | | | | | | | | | | | | | | | | | | | | | | | | | | | | | | | +-- , 313 , set() , {'TempHa71', 'I141', 'I142', 'TempG71'}
| | | | | | | | | | | | | | | | | | | | | | | | | | | | | | | | | | | | | | | | | | | | | | | | | | | | | | | | | | | | | | | | | | | | | | | | | | | | | | | | | | | | | | | | | | | | | | | | | | | | | | | | | | | | | | | | | | | | | | | | | | | | | | | | | | | | | | | +-- , 315 , set() , {'S71', 'C70', 'TempG71'}
| | | | | | | | | | | | | | | | | | | | | | | | | | | | | | | | | | | | | | | | | | | | | | | | | | | | | | | | | | | | | | | | | | | | | | | | | | | | | | | | | | | | | | | | | | | | | | | | | | | | | | | | | | | | | | | | | | | | | | | | | | | | | | | | | | | +-- , 323 , set() , {'TempHa69', 'I137', 'I138', 'TempG69'}
| | | | | | | | | | | | | | | | | | | | | | | | | | | | | | | | | | | | | | | | | | | | | | | | | | | | | | | | | | | | | | | | | | | | | | | | | | | | | | | | | | | | | | | | | | | | | | | | | | | | | | | | | | | | | | | | | | | | | | | | | | | +-- , 327 , set() , {'TempG67', 'S67', 'C66'}
| | | | | | | | | | | | | | | | | | | | | | | | | | | | | | | | | | | | | | | | | | | | | | | | | | | | | | | | | | | | | | | | | | | | | | | | | | | | | | | | | | | | | | | | | | | | | | | | | | | | | | | | | | | | | | | | | | | | | +-- , 335 , set() , {'S65', 'C64', 'TempG65'}
| | | | | | | | | | | | | | | | | | | | | | | | | | | | | | | | | | | | | | | | | | | | | | | | | | | | | | | | | | | | | | | | | | | | | | | | | | | | | | | | | | | | | | | | | | | | | | | | | | | | | | | | | | +-- , 343 , set() , {'S62', 'TempG62', 'C61'}
| | | | | | | | | | | | | | | | | | | | | | | | | | | | | | | | | | | | | | | | | | | | | | | | | | | | | | | | | | | | | | | | | | | | | | | | | | | | | | | | | | | | | | | | | | | | | | | | | | | | | +-- , 351 , set() , {'S60', 'C59', 'TempG60'}
| | | | | | | | | | | | | | | | | | | | | | | | | | | | | | | | | | | | | | | | | | | | | | | | | | | | | | | | | | | | | | | | | | | | | | | | | | | | | | | | | | | | | | | | | | | | | | | | +-- , 357 , set() , {'S58', 'C57', 'TempG58'}
| | | | | | | | | | | | | | | | | | | | | | | | | | | | | | | | | | | | | | | | | | | | | | | | | | | | | | | | | | | | | | | | | | | | | | | | | | | | | | | | | | | | | | | | | | | | | +-- , 367 , set() , {'I111', 'I112', 'TempG56', 'TempHa56'}
| | | | | | | | | | | | | | | | | | | | | | | | | | | | | | | | | | | | | | | | | | | | | | | | | | | | | | | | | | | | | | | | | | | | | | | | | | | | | | | | | | | | | | | | | | | | +-- , 369 , set() , {'TempG56', 'C55', 'S56'}
| | | | | | | | | | | | | | | | | | | | | | | | | | | | | | | | | | | | | | | | | | | | | | | | | | | | | | | | | | | | | | | | | | | | | | | | | | | | +-- , 387 , set() , {'S51', 'TempG51', 'C50'}
| | | | | | | | | | | | | | | | | | | | | | | | | | | | | | | | | | | | | | | | | | | | | | | | | | | | | | | | | | | | | | | | | | | | | | | | | +-- , 391 , set() , {'C49', 'TempG50', 'S50'}
| | | | | | | | | | | | | | | | | | | | | | | | | | | | | | | | | | | | | | | | | | | | | | | | | | | | | | | | | | | | | | | | +-- , 401 , set() , {'S47', 'C46', 'TempG47'}
| | | | | | | | | | | | | | | | | | | | | | | | | | | | | | | | | | | | | | | | | | | | | | | | | | | | | | | | | | +-- , 405 , set() , {'TempG45', 'I89', 'I90', 'TempHa45'}
| | | | | | | | | | | | | | | | | | | | | | | | | | | | | | | | | | | | | | | | | | | | | | | | | | | | | | +-- , 407 , set() , {'TempG44', 'TempHa44', 'I87', 'I88'}
| | | | | | | | | | | | | | | | | | | | | | | | | | | | | | | | | | | | | | | | | | | | | | | | | | | | +-- , 413 , set() , {'I86', 'I85', 'TempHa43', 'TempG43'}
| | | | | | | | | | | | | | | | | | | | | | | | | | | | | | | | | | | | | | | | | | | | | | | | +-- , 415 , set() , {'I84', 'I83', 'TempG42', 'TempHa42'}
| | | | | | | | | | | | | | | | | | | | | | | | | | | | | | | | | | | | | | | | | | | | +-- , 417 , set() , {'TempHa41', 'I81', 'TempG41', 'I82'}
| | | | | | | | | | | | | | | | | | | | | | | | | | | | | | | | | | | | | | | | | | +-- , 423 , set() , {'I79', 'I80', 'TempHa40', 'TempG40'}
| | | | | | | | | | | | | | | | | | | | | | | | | | | | | | | | | | | | | +-- , 427 , set() , {'TempG39', 'S39', 'C38'}
| | | | | | | | | | | | | | | | | | | | | | | | | | | | | | | | | | | +-- , 431 , set() , {'TempG38', 'C37', 'S38'}
| | | | | | | | | | | | | | | | | | | | | | | | | | | | | | +-- , 437 , set() , {'C35', 'S36', 'TempG36'}
| | | | | | | | | | | | | | | | | | | | | | | | | | | | +-- , 439 , set() , {'TempHa35', 'I70', 'TempG35', 'I69'}
| | | | | | | | | | | | | | | | | | | | | | | | +-- , 441 , set() , {'TempG34', 'TempHa34', 'I68', 'I67'}
| | | | | | | | | | | | | | | | | | | | | | +-- , 447 , set() , {'TempHa33', 'I66', 'TempG33', 'I65'}
| | | | | | | | | | | | | | | | | +-- , 455 , set() , {'TempG31', 'TempHa31', 'I61', 'I62'}
| | | | | | | | | | | | | | | | +-- , 457 , set() , {'S31', 'TempG31', 'C30'}
| | | | | | | | | | | | +-- , 465 , set() , {'TempHa29', 'I57', 'TempG29', 'I58'}
| | | | | | | | +-- , 467 , set() , {'I56', 'TempG28', 'I55', 'TempHa28'}
| | | | | +-- , 471 , set() , {'I54', 'TempG27', 'I53', 'TempHa27'}
| | | | +-- , 473 , set() , {'S27', 'C26', 'TempG27'}
| +-- , 563 , {565} , {'TempHa15', 'TempHb15', 'C15'}
| | +-- , 565 , {705, 707, 567} , {'TempHa15', 'TempHb15', 'TempG15', 'C14'}
| | | +-- , 705 , set() , {'I29', 'I30', 'TempHa15', 'TempG15'}
| | | +-- , 707 , set() , {'TempG15', 'S15', 'C14'}
| | | +-- , 567 , {569} , {'TempHa14', 'TempHb14', 'C14'}
| | | | +-- , 569 , {571, 701} , {'TempG14', 'TempHa14', 'TempHb14'}
| | | | | +-- , 571 , {699, 573} , {'TempHb14', 'C13', 'TempG14'}
| | | | | | +-- , 699 , set() , {'S14', 'C13', 'TempG14'}
| | | | | | +-- , 573 , {575} , {'TempHa13', 'TempHb13', 'C13'}
| | | | | | | +-- , 575 , {577, 697} , {'TempHa13', 'C12', 'TempHb13', 'I25', 'TempG13', 'I26'}
| | | | | | | | +-- , 577 , {579} , {'TempHa12', 'C12', 'TempHb12'}
| | | | | | | | | +-- , 579 , {581, 693} , {'TempHa12', 'TempG12', 'TempHb12'}
| | | | | | | | | | +-- , 581 , {691, 583} , {'C11', 'TempG12', 'TempHb12'}
| | | | | | | | | | | +-- , 691 , set() , {'C11', 'S12', 'TempG12'}
| | | | | | | | | | | +-- , 583 , {585} , {'TempHb11', 'TempHa11', 'C11'}
| | | | | | | | | | | | +-- , 585 , {689, 587} , {'TempHb11', 'TempHa11', 'TempG11'}
| | | | | | | | | | | | | +-- , 689 , set() , {'TempHa11', 'I21', 'I22', 'TempG11'}
| | | | | | | | | | | | | +-- , 587 , {589, 687} , {'TempHb11', 'C10', 'TempG11'}
| | | | | | | | | | | | | | +-- , 589 , {591} , {'TempHb10', 'TempHa10', 'C10'}
| | | | | | | | | | | | | | | +-- , 591 , {593, 685} , {'TempHb10', 'TempHa10', 'TempG10'}
| | | | | | | | | | | | | | | | +-- , 593 , {595, 683} , {'TempHb10', 'TempG10', 'C9'}
| | | | | | | | | | | | | | | | | +-- , 595 , {597} , {'TempHa9', 'C9', 'TempHb9'}
| | | | | | | | | | | | | | | | | | +-- , 597 , {681, 599} , {'TempHa9', 'TempG9', 'TempHb9'}
| | | | | | | | | | | | | | | | | | | +-- , 681 , set() , {'I17', 'TempG9', 'TempHa9', 'I18'}
| | | | | | | | | | | | | | | | | | | +-- , 599 , {601, 679} , {'C8', 'TempG9', 'TempHb9'}
| | | | | | | | | | | | | | | | | | | | +-- , 601 , {603} , {'TempHb8', 'C8', 'TempHa8'}
| | | | | | | | | | | | | | | | | | | | | +-- , 603 , {675, 677, 605} , {'TempG8', 'C7', 'TempHb8', 'TempHa8'}
| | | | | | | | | | | | | | | | | | | | | | +-- , 675 , set() , {'C7', 'TempG8', 'S8'}
| | | | | | | | | | | | | | | | | | | | | | +-- , 677 , set() , {'I16', 'TempG8', 'TempHa8', 'I15'}
| | | | | | | | | | | | | | | | | | | | | | +-- , 605 , {607} , {'C7', 'TempHa7', 'TempHb7'}
| | | | | | | | | | | | | | | | | | | | | | | +-- , 607 , {609, 671} , {'TempHa7', 'TempG7', 'TempHb7'}
| | | | | | | | | | | | | | | | | | | | | | | | +-- , 609 , {611, 669} , {'C6', 'TempG7', 'TempHb7'}
| | | | | | | | | | | | | | | | | | | | | | | | | +-- , 611 , {613} , {'TempHb6', 'C6', 'TempHa6'}
| | | | | | | | | | | | | | | | | | | | | | | | | | +-- , 613 , {667, 615} , {'TempG6', 'TempHb6', 'TempHa6'}
| | | | | | | | | | | | | | | | | | | | | | | | | | | +-- , 667 , set() , {'I11', 'TempG6', 'I12', 'TempHa6'}
| | | | | | | | | | | | | | | | | | | | | | | | | | | +-- , 615 , {617, 665} , {'TempG6', 'TempHb6', 'C5'}
| | | | | | | | | | | | | | | | | | | | | | | | | | | | +-- , 617 , {619} , {'TempHb5', 'TempHa5', 'C5'}
| | | | | | | | | | | | | | | | | | | | | | | | | | | | | +-- , 619 , {661, 663, 621} , {'TempG5', 'TempHb5', 'TempHa5', 'C4'}
| | | | | | | | | | | | | | | | | | | | | | | | | | | | | | +-- , 661 , set() , {'I10', 'TempG5', 'I9', 'TempHa5'}
| | | | | | | | | | | | | | | | | | | | | | | | | | | | | | +-- , 663 , set() , {'S5', 'TempG5', 'C4'}
| | | | | | | | | | | | | | | | | | | | | | | | | | | | | | +-- , 621 , {623} , {'TempHa4', 'TempHb4', 'C4'}
| | | | | | | | | | | | | | | | | | | | | | | | | | | | | | | +-- , 623 , {625, 657, 655} , {'TempHa4', 'TempHb4', 'C3', 'TempG4'}
| | | | | | | | | | | | | | | | | | | | | | | | | | | | | | | | +-- , 625 , {627} , {'TempHb3', 'C3', 'TempHa3'}
| | | | | | | | | | | | | | | | | | | | | | | | | | | | | | | | | +-- , 627 , {651, 629} , {'TempHb3', 'TempG3', 'TempHa3'}
| | | | | | | | | | | | | | | | | | | | | | | | | | | | | | | | | | +-- , 651 , set() , {'I6', 'TempHa3', 'I5', 'TempG3'}
| | | | | | | | | | | | | | | | | | | | | | | | | | | | | | | | | | +-- , 629 , {649, 631} , {'TempG3', 'C2', 'TempHb3'}
| | | | | | | | | | | | | | | | | | | | | | | | | | | | | | | | | | | +-- , 649 , set() , {'C2', 'S3', 'TempG3'}
| | | | | | | | | | | | | | | | | | | | | | | | | | | | | | | | | | | +-- , 631 , {633} , {'TempHb2', 'C2', 'TempHa2'}
| | | | | | | | | | | | | | | | | | | | | | | | | | | | | | | | | | | | +-- , 633 , {637, 639} , {'TempHb2', 'C1', 'I4', 'TempG2', 'I3', 'TempHa2'}
| | | | | | | | | | | | | | | | | | | | | | | | | | | | | | | | | | | | | +-- , 637 , set() , {'TempG2', 'C1', 'S2'}
| | | | | | | | | | | | | | | | | | | | | | | | | | | | | | | | | | | | | +-- , 639 , {641} , {'C1', 'TempHa1', 'TempHb1'}
| | | | | | | | | | | | | | | | | | | | | | | | | | | | | | | | | | | | | | +-- , 641 , {643, 645} , {'TempHa1', 'TempG1', 'TempHb1'}
| | | | | | | | | | | | | | | | | | | | | | | | | | | | | | | | | | | | | | | +-- , 643 , set() , {'I2', 'I1', 'TempHa1', 'TempG1'}
| | | | | | | | | | | | | | | | | | | | | | | | | | | | | | | | | | | | | | | +-- , 645 , {647} , {'C0', 'TempG1', 'TempHb1'}
| | | | | | | | | | | | | | | | | | | | | | | | | | | | | | | | | | | | | | | | +-- , 647 , set() , {'S1', 'TempG1', 'C0'}
| | | | | | | | | | | | | | | | | | | | | | | | | | | | | | | | +-- , 657 , set() , {'I8', 'I7', 'TempHa4', 'TempG4'}
| | | | | | | | | | | | | | | | | | | | | | | | | | | | | | | | +-- , 655 , set() , {'C3', 'S4', 'TempG4'}
| | | | | | | | | | | | | | | | | | | | | | | | | | | | +-- , 665 , set() , {'TempG6', 'S6', 'C5'}
| | | | | | | | | | | | | | | | | | | | | | | | | +-- , 669 , set() , {'C6', 'S7', 'TempG7'}
| | | | | | | | | | | | | | | | | | | | | | | | +-- , 671 , set() , {'TempHa7', 'I14', 'TempG7', 'I13'}
| | | | | | | | | | | | | | | | | | | | +-- , 679 , set() , {'S9', 'C8', 'TempG9'}
| | | | | | | | | | | | | | | | | +-- , 683 , set() , {'S10', 'TempG10', 'C9'}
| | | | | | | | | | | | | | | | +-- , 685 , set() , {'I19', 'TempG10', 'I20', 'TempHa10'}
| | | | | | | | | | | | | | +-- , 687 , set() , {'S11', 'C10', 'TempG11'}
| | | | | | | | | | +-- , 693 , set() , {'I23', 'TempHa12', 'I24', 'TempG12'}
| | | | | | | | +-- , 697 , set() , {'S13', 'C12', 'TempG13'}
| | | | | +-- , 701 , set() , {'TempG14', 'I28', 'TempHa14', 'I27'}
| +-- , 709 , set() , {'S26', 'C25', 'TempG26'}
| +-- , 477 , {479} , {'TempHb25', 'C15', 'TempG16', 'C25', 'S16', 'TempHa25'}
| | +-- , 479 , {481} , {'TempHb25', 'C15', 'TempG16', 'TempHb16', 'TempHa25'}
| | | +-- , 481 , {483, 535} , {'TempG16', 'TempHb16', 'C21', 'TempHb25', 'TempHa25'}
| | | | +-- , 483 , {485} , {'C21', 'TempHa21', 'TempG16', 'TempHb16', 'TempHb21'}
| | | | | +-- , 485 , {515, 487} , {'TempHa21', 'TempHb19', 'TempG16', 'TempHb16', 'TempHb21', 'TempG19'}
| | | | | | +-- , 515 , {517} , {'I37', 'TempHa21', 'TempHb19', 'I38', 'TempHb21', 'TempG19'}
| | | | | | | +-- , 517 , {519} , {'C19', 'I37', 'TempHa19', 'TempHa21', 'TempHb19', 'I38', 'TempHb21'}
| | | | | | | | +-- , 519 , {521, 523} , {'C19', 'TempG20', 'TempHa21', 'TempHb20', 'TempHb21'}
| | | | | | | | | +-- , 521 , set() , {'C19', 'TempG20', 'S20'}
| | | | | | | | | +-- , 523 , {525, 527} , {'TempG20', 'TempG21', 'TempHa21', 'TempHb20', 'TempHb21'}
| | | | | | | | | | +-- , 525 , set() , {'TempHa21', 'I42', 'TempG21', 'I41'}
| | | | | | | | | | +-- , 527 , {529, 533} , {'C20', 'TempG20', 'TempG21', 'TempHb20', 'TempHb21'}
| | | | | | | | | | | +-- , 529 , {531} , {'C20', 'TempHb20', 'TempG20', 'TempHa20'}
| | | | | | | | | | | | +-- , 531 , set() , {'I39', 'TempHa20', 'TempG20', 'I40'}
| | | | | | | | | | | +-- , 533 , set() , {'C20', 'S21', 'TempG21'}
| | | | | | +-- , 487 , {489, 513} , {'TempG16', 'C18', 'TempHb16', 'TempHb19', 'TempG19'}
| | | | | | | +-- , 489 , {491} , {'TempG16', 'C18', 'TempHb16', 'TempHa18', 'TempHb18'}
| | | | | | | | +-- , 491 , {493, 495} , {'TempG16', 'TempHa16', 'TempHb16', 'TempHa18', 'TempHb18'}
| | | | | | | | | +-- , 493 , set() , {'TempG16', 'I31', 'TempHa16', 'I32'}
| | | | | | | | | +-- , 495 , {497} , {'TempHa16', 'TempHb16', 'C16', 'TempHa18', 'TempHb18'}
| | | | | | | | | | +-- , 497 , {499} , {'C16', 'S17', 'TempHa18', 'TempHb18', 'TempG17'}
| | | | | | | | | | | +-- , 499 , {501} , {'C16', 'TempHb17', 'TempHa18', 'TempHb18', 'TempG17'}
| | | | | | | | | | | | +-- , 501 , {507, 503} , {'C17', 'TempHb17', 'TempHa18', 'TempHb18', 'TempG17'}
| | | | | | | | | | | | | +-- , 507 , {509, 511} , {'TempHb18', 'TempG18', 'TempHa18', 'C17'}
| | | | | | | | | | | | | | +-- , 509 , set() , {'S18', 'TempG18', 'C17'}
| | | | | | | | | | | | | | +-- , 511 , set() , {'I36', 'TempHa18', 'TempG18', 'I35'}
| | | | | | | | | | | | | +-- , 503 , {505} , {'C17', 'TempHb17', 'TempHa17', 'TempG17'}
| | | | | | | | | | | | | | +-- , 505 , set() , {'TempHa17', 'I34', 'TempG17', 'I33'}
| | | | | | | +-- , 513 , set() , {'C18', 'TempG19', 'S19'}
| | | | +-- , 535 , {537, 539} , {'C21', 'TempHb25', 'TempHb22', 'TempG22', 'TempHa25'}
| | | | | +-- , 537 , set() , {'TempG22', 'S22', 'C21'}
| | | | | +-- , 539 , {557, 541} , {'TempHa24', 'TempHb25', 'TempHb22', 'TempG22', 'TempHa25', 'TempHb24'}
| | | | | | +-- , 557 , {559} , {'TempHa24', 'TempHb25', 'C24', 'TempHa25', 'TempHb24'}
| | | | | | | +-- , 559 , {561} , {'TempHb25', 'S25', 'TempG25', 'C24', 'TempHa25'}
| | | | | | | | +-- , 561 , set() , {'I50', 'TempG25', 'TempHa25', 'I49'}
| | | | | | +-- , 541 , {543, 551} , {'TempHa24', 'TempG23', 'TempHb22', 'TempG22', 'TempHb23', 'TempHb24'}
| | | | | | | +-- , 543 , {545, 547} , {'TempHa24', 'TempG23', 'TempHb23', 'C23', 'TempHb24'}
| | | | | | | | +-- , 545 , set() , {'TempG23', 'TempHa23', 'I46', 'TempHb23', 'C23', 'I45'}
| | | | | | | | +-- , 547 , {549} , {'TempHa24', 'I48', 'I47', 'TempG24', 'C23', 'TempHb24'}
| | | | | | | | | +-- , 549 , set() , {'S24', 'TempG24', 'C23'}
| | | | | | | +-- , 551 , {553, 555} , {'TempG23', 'TempHb23', 'TempHb22', 'TempG22', 'C22'}
| | | | | | | | +-- , 553 , set() , {'I44', 'C22', 'I43', 'TempHa22', 'TempHb22', 'TempG22'}
| | | | | | | | +-- , 555 , set() , {'S23', 'C22', 'TempG23'}


Max number of edges with non zero Y: 3
Max number of iterations of outer rounding loop: 2
Max number of candidate sets: 2
Time spent rounding: 121.662
Time spent solving Separator LP: 4.858
Total time spent solving: 153.504

LP Solver: GaifmanNormal
Lower Bound Witness = ({'TempHb32', 'TempHa68', 'TempG67', 'TempHb47', 'I121', 'C32', 'I150', 'I59', 'I95', 'S75', 'TempHa26', 'S34', 'I82', 'C48', 'S37', 'TempHa49', 'I112', 'TempHa73', 'C54', 'C40', 'TempG41', 'TempHa55', 'C65', 'TempHa71', 'TempG60', 'C62', 'TempHa54', 'TempG73', 'C52', 'I71', 'TempHb33', 'I104', 'I122', 'TempHa44', 'I118', 'S30', 'I110', 'C45', 'I103', 'S28', 'I77', 'I99', 'S54', 'TempHa27', 'I132', 'I131', 'I74', 'TempG56', 'C37', 'TempG42', 'TempHb44', 'TempHa42', 'I138', 'C27', 'TempG75', 'S47', 'S52', 'I89', 'C35', 'I66', 'TempHb40', 'TempG59', 'TempG49', 'TempHb75', 'TempHb74', 'S35', 'TempHa37', 'TempG50', 'I51', 'I94', 'C67', 'TempG63', 'I57', 'C61', 'TempHb39', 'TempG40', 'TempHa57', 'I88', 'C38', 'TempG71', 'I79', 'S50', 'C28', 'TempHa70', 'TempHb64', 'C36', 'S61', 'TempHb67', 'TempHb60', 'S63', 'TempHb30', 'I140', 'S27', 'TempG48', 'C74', 'TempHb61', 'TempHa69', 'I120', 'C53', 'TempHa60', 'TempHb55', 'I123', 'S53', 'TempHa65', 'TempHb70', 'C31', 'TempHa61', 'TempHa36', 'C30', 'TempHa47', 'C69', 'I145', 'C56', 'I69', 'S39', 'I64', 'S71', 'TempHa30', 'I136', 'TempHa50', 'TempHb45', 'S58', 'I76', 'I128', 'TempHa58', 'TempHa52', 'TempHa75', 'I62', 'I67', 'TempG62', 'C34', 'I75', 'C47', 'TempG64', 'TempG74', 'TempG55', 'TempG43', 'C50', 'TempHb66', 'TempHb48', 'TempHb36', 'S46', 'TempG29', 'TempG61', 'I107', 'TempHa56', 'TempG46', 'I142', 'TempG70', 'TempHa63', 'I83', 'I68', 'S48', 'I72', 'TempHa62', 'S67', 'I86', 'I130', 'C64', 'TempHa41', 'TempHb35', 'TempHa33', 'TempG52', 'C68', 'S73', 'TempG68', 'TempHb57', 'I119', 'TempG32', 'S51', 'I52', 'TempHa53', 'I60', 'I78', 'I101', 'S38', 'TempHb31', 'TempHa51', 'TempHb62', 'C71', 'TempHb71', 'I141', 'TempHb26', 'TempHb68', 'C75', 'S74', 'TempHb69', 'TempHb72', 'C70', 'TempHa43', 'C63', 'I65', 'I148', 'TempHb38', 'TempG57', 'TempG44', 'C59', 'S66', 'I124', 'TempHa39', 'TempHb73', 'TempG51', 'C58', 'TempHa66', 'TempHb43', 'S64', 'TempHa32', 'I134', 'I85', 'TempG33', 'I102', 'I105', 'C60', 'I108', 'I144', 'I92', 'S42', 'TempG72', 'S44', 'TempHb53', 'I125', 'C26', 'I90', 'TempG65', 'I137', 'TempG45', 'I80', 'TempHa48', 'TempHb65', 'TempHa28', 'TempHa74', 'I115', 'TempHb51', 'S70', 'TempHa35', 'TempHa34', 'S55', 'I97', 'I114', 'TempHa45', 'I96', 'TempHb58', 'C41', 'I55', 'TempG58', 'I113', 'S29', 'TempHa72', 'TempHa64', 'I56', 'C39', 'C33', 'TempHa67', 'TempHa46', 'C29', 'S32', 'C43', 'TempG69', 'C46', 'I106', 'I127', 'I93', 'TempG54', 'TempHa38', 'I91', 'TempG47', 'TempHb41', 'I147', 'S36', 'TempG30', 'TempHb28', 'S33', 'I116', 'TempHb29', 'I63', 'I87', 'TempG39', 'I126', 'C49', 'TempG35', 'I117', 'TempHb54', 'S60', 'C66', 'I109', 'S68', 'I53', 'C57', 'TempHb42', 'TempHb56', 'TempHa59', 'TempHb27', 'TempG28', 'I129', 'TempG34', 'TempHa31', 'I70', 'TempG36', 'I146', 'S65', 'I61', 'S40', 'I81', 'I84', 'S45', 'I54', 'C44', 'TempHb34', 'S62', 'I139', 'C72', 'S49', 'S31', 'C73', 'TempG27', 'C42', 'TempG53', 'TempG31', 'TempG38', 'I73', 'S41', 'C55', 'TempG37', 'I149', 'I135', 'S56', 'TempHa29', 'S59', 'S43', 'TempHb52', 'C51', 'TempHb37', 'I98', 'TempHb46', 'I143', 'S69', 'I100', 'TempHb63', 'I58', 'TempHb50', 'S57', 'TempHb49', 'TempHa40', 'TempG66', 'TempG26', 'I133', 'S72', 'TempHb59', 'I111'}, {'TempHb26', 'TempG26'})