7, 2.256487631772446, 5.334378527530416, 8
+-- , 0 , {4} , {'xL5J', 'xL36J', 'xL17J', 'xL24J', 'xL3J', 'xL29J', 'xL35J', 'xL9J', 'xL19J', 'xL22J', 'xL1J', 'xL4J', 'xL39J', 'xL7J', 'xL23J', 'xL34J', 'xL25J', 'xL10J', 'xL33J', 'xL14J', 'xL30J', 'xL27J'}
| +-- , 4 , {8} , {'xL5J', 'xL36J', 'xL17J', 'xL24J', 'xL3J', 'xL29J', 'xL2J', 'xL35J', 'xL6J', 'xL18J', 'xL32J', 'xL9J', 'xL19J', 'xL22J', 'xL1J', 'xL4J', 'xL39J', 'xL7J', 'xL23J', 'xL26J', 'xL25J', 'xL10J', 'xL33J', 'xL14J', 'xL30J', 'xL27J'}
| | +-- , 8 , {14} , {'xL12J', 'xL5J', 'xL36J', 'xL17J', 'xL24J', 'xL3J', 'xL29J', 'xL2J', 'xL0J', 'xL28J', 'xL8J', 'xL35J', 'xL6J', 'xL18J', 'xL32J', 'xL9J', 'xL11J', 'xL22J', 'xL1J', 'xL4J', 'xL39J', 'xL7J', 'xL23J', 'xL26J', 'xL25J', 'xL10J', 'xL33J', 'xL14J', 'xL30J', 'xL27J'}
| | | +-- , 14 , {20} , {'xL12J', 'xL36J', 'xL17J', 'xL24J', 'xL3J', 'xL29J', 'xL21J', 'xL0J', 'xL2J', 'xL28J', 'xL8J', 'xL38J', 'xL35J', 'xL6J', 'xL13J', 'xL18J', 'xL32J', 'xL31J', 'xL9J', 'xL11J', 'xL22J', 'xL1J', 'xL16J', 'xL4J', 'xL39J', 'xL7J', 'xL23J', 'xL26J', 'xL25J', 'xL10J', 'xL33J', 'xL14J', 'xL30J', 'xL27J'}
| | | | +-- , 20 , {22} , {'xL12J', 'xL36J', 'xL24J', 'xL3J', 'xL29J', 'xL21J', 'xL0J', 'xL2J', 'xL28J', 'xL8J', 'xL38J', 'xL20J', 'xL35J', 'xL6J', 'xL13J', 'xL18J', 'xL32J', 'xL31J', 'xL9J', 'xL11J', 'xL22J', 'xL1J', 'xL16J', 'xL4J', 'xL39J', 'xL7J', 'xL23J', 'xL26J', 'xL10J', 'xL33J', 'xL14J', 'xL30J', 'xL27J'}
| | | | | +-- , 22 , {24} , {'xL12J', 'xL24J', 'xL3J', 'xL29J', 'xL21J', 'xL0J', 'xL28J', 'xL8J', 'xL38J', 'xL20J', 'xL35J', 'xL6J', 'xL37J', 'xL13J', 'xL18J', 'xL31J', 'xL32J', 'xL11J', 'xL22J', 'xL16J', 'xL39J', 'xL7J', 'xL23J', 'xL33J', 'xL14J', 'xL30J', 'xL27J'}
| | | | | | +-- , 24 , set() , {'xL12J', 'xL15J', 'xL24J', 'xL29J', 'xL21J', 'xL0J', 'xL28J', 'xL8J', 'xL38J', 'xL35J', 'xL6J', 'xL37J', 'xL13J', 'xL18J', 'xL31J', 'xL11J', 'xL22J', 'xL39J', 'xL7J', 'xL23J', 'xL14J', 'xL30J'}


Max number of edges with non zero Y: 30
Max number of iterations of outer rounding loop: 9
Max number of candidate sets: 2
Time spent rounding: 69.201
Time spent solving Separator LP: 18.968

LP Solver: GaifmanNormal7, 2.309597313598055, 5.254305090565714, 7
+-- , 0 , {17} , {'xL39J', 'xL23J', 'xL8J', 'xL11J', 'xL32J', 'xL15J', 'xL25J', 'xL7J', 'xL19J', 'xL12J', 'xL36J', 'xL3J', 'xL2J', 'xL1J', 'xL21J', 'xL4J', 'xL26J', 'xL35J', 'xL33J', 'xL9J', 'xL28J', 'xL0J', 'xL6J', 'xL22J', 'xL20J', 'xL38J', 'xL14J', 'xL13J', 'xL29J', 'xL24J', 'xL30J', 'xL16J'}
| +-- , 17 , {19, 27} , {'xL17J', 'xL39J', 'xL23J', 'xL8J', 'xL11J', 'xL32J', 'xL15J', 'xL25J', 'xL7J', 'xL19J', 'xL12J', 'xL36J', 'xL3J', 'xL2J', 'xL1J', 'xL21J', 'xL4J', 'xL35J', 'xL33J', 'xL28J', 'xL9J', 'xL0J', 'xL6J', 'xL22J', 'xL20J', 'xL38J', 'xL14J', 'xL13J', 'xL18J', 'xL29J', 'xL24J', 'xL30J', 'xL16J'}
| | +-- , 19 , {25, 21} , {'xL27J', 'xL17J', 'xL39J', 'xL23J', 'xL8J', 'xL11J', 'xL32J', 'xL15J', 'xL25J', 'xL7J', 'xL12J', 'xL36J', 'xL3J', 'xL2J', 'xL1J', 'xL21J', 'xL4J', 'xL35J', 'xL33J', 'xL28J', 'xL9J', 'xL0J', 'xL6J', 'xL22J', 'xL20J', 'xL38J', 'xL14J', 'xL13J', 'xL18J', 'xL29J', 'xL24J', 'xL30J', 'xL16J'}
| | | +-- , 25 , set() , {'xL27J', 'xL23J', 'xL11J', 'xL32J', 'xL12J', 'xL3J', 'xL1J', 'xL4J', 'xL35J', 'xL10J', 'xL28J', 'xL9J', 'xL0J', 'xL6J', 'xL22J', 'xL20J', 'xL14J', 'xL18J', 'xL29J', 'xL30J', 'xL5J'}
| | | +-- , 21 , {23} , {'xL27J', 'xL17J', 'xL39J', 'xL23J', 'xL8J', 'xL32J', 'xL15J', 'xL25J', 'xL7J', 'xL12J', 'xL3J', 'xL2J', 'xL1J', 'xL21J', 'xL35J', 'xL33J', 'xL28J', 'xL9J', 'xL0J', 'xL6J', 'xL22J', 'xL20J', 'xL38J', 'xL31J', 'xL14J', 'xL13J', 'xL18J', 'xL29J', 'xL24J', 'xL16J'}
| | | | +-- , 23 , set() , {'xL27J', 'xL39J', 'xL23J', 'xL8J', 'xL32J', 'xL15J', 'xL3J', 'xL21J', 'xL35J', 'xL33J', 'xL28J', 'xL0J', 'xL6J', 'xL22J', 'xL20J', 'xL31J', 'xL14J', 'xL18J', 'xL13J', 'xL29J', 'xL24J', 'xL37J', 'xL16J'}
| | +-- , 27 , set() , {'xL17J', 'xL30J', 'xL24J', 'xL22J', 'xL25J', 'xL34J', 'xL3J'}


Max number of edges with non zero Y: 32
Max number of iterations of outer rounding loop: 7
Max number of candidate sets: 2
Time spent rounding: 80.635
Time spent solving Separator LP: 24.168

LP Solver: GaifmanNormal