187, 10.258861128655886, 32.0, 32
+-- , 0 , {368, 212, 5, 376, 378, 380} , {'G529', 'G37', 'G196', 'G172', 'G460', 'G0', 'G281', 'G38', 'G322', 'G521', 'G308', 'G248', 'G209', 'G60', 'G212', 'G523', 'G125', 'G528', 'G249', 'G505', 'G6', 'G187', 'G181', 'G204', 'G339', 'G246', 'G226', 'G450', 'G186', 'G252', 'G545', 'G524', 'G541', 'G4', 'G105', 'G215', 'G330', 'G77', 'G54', 'G55', 'G242', 'G543', 'G474', 'G306', 'G216', 'G522', 'G12', 'G87', 'G426', 'G199', 'G155', 'G11', 'G5', 'G35', 'G498', 'G13', 'G122', 'G183', 'G134', 'G179', 'G165', 'G3', 'G533', 'G78', 'G527', 'G163', 'G455', 'G171', 'G135', 'G92', 'G415', 'G416', 'G534', 'G162', 'G154', 'G2', 'G553', 'G499', 'G62', 'G206', 'G195', 'G353'}
| +-- , 368 , {370} , {'G470', 'G528', 'G469', 'G242', 'G3', 'G163', 'G206', 'G124'}
| | +-- , 370 , {372} , {'G149', 'G470', 'I502', 'G528', 'G124'}
| | | +-- , 372 , {374} , {'G468', 'I502', 'G149'}
| | | | +-- , 374 , set() , {'I529', 'G468', 'G149'}
| +-- , 212 , {214, 362, 364, 366} , {'G529', 'G172', 'G460', 'G0', 'G281', 'G182', 'G418', 'G521', 'G185', 'G308', 'G307', 'G209', 'G60', 'G523', 'G125', 'G528', 'G505', 'G184', 'G6', 'G141', 'G187', 'G181', 'G246', 'G226', 'G450', 'G186', 'G518', 'G545', 'G524', 'G541', 'G4', 'G215', 'G77', 'G115', 'G55', 'G354', 'G543', 'G306', 'G522', 'G12', 'G87', 'G59', 'G155', 'G152', 'G5', 'G402', 'G498', 'G13', 'G122', 'G417', 'G183', 'I272', 'G179', 'G134', 'G3', 'G366', 'G527', 'G301', 'G135', 'G311', 'G81', 'G415', 'G416', 'G162', 'G300', 'G453', 'G154', 'G128', 'G178', 'G2', 'G553', 'G499', 'G62', 'G206', 'G353'}
| | +-- , 214 , {216} , {'G529', 'G0', 'G281', 'G182', 'G521', 'G185', 'G307', 'G209', 'G523', 'G528', 'G184', 'G6', 'G141', 'G187', 'G181', 'G226', 'G186', 'G219', 'G524', 'G541', 'G4', 'G77', 'G115', 'G55', 'G451', 'G543', 'G401', 'G522', 'G12', 'G87', 'G59', 'G155', 'G152', 'G5', 'G402', 'G122', 'G417', 'I272', 'G134', 'G3', 'G366', 'G527', 'G530', 'G301', 'G135', 'G311', 'G81', 'G300', 'G554', 'G128', 'G453', 'G2', 'G553', 'G13', 'G525'}
| | | +-- , 216 , {218} , {'G529', 'G0', 'G281', 'G182', 'G521', 'G307', 'G209', 'G523', 'G528', 'G184', 'G6', 'G141', 'G181', 'G226', 'G186', 'G219', 'G524', 'G541', 'G4', 'G77', 'G115', 'G55', 'G110', 'G451', 'G543', 'G401', 'G522', 'G12', 'G87', 'G59', 'G155', 'G152', 'G5', 'G122', 'G417', 'I272', 'G134', 'G3', 'G366', 'G527', 'G301', 'G135', 'G311', 'G81', 'G300', 'G453', 'G128', 'G2', 'G13', 'G525'}
| | | | +-- , 218 , {360, 220} , {'G529', 'G522', 'G365', 'G87', 'G12', 'G0', 'G59', 'G281', 'G182', 'G155', 'G152', 'G521', 'G5', 'G307', 'G209', 'G367', 'G523', 'G122', 'G417', 'G528', 'I272', 'G134', 'G3', 'G366', 'G527', 'G184', 'G6', 'G141', 'G181', 'G301', 'G552', 'G1', 'G135', 'G226', 'G311', 'G81', 'G186', 'G219', 'G524', 'G541', 'G4', 'G300', 'G453', 'G128', 'G2', 'G77', 'G115', 'G55', 'G110', 'G451', 'G526', 'G543', 'G13', 'G525'}
| | | | | +-- , 360 , set() , {'G452', 'G539', 'G451', 'G526', 'G184', 'G453'}
| | | | | +-- , 220 , {354, 222} , {'G529', 'G0', 'G281', 'G182', 'G521', 'G458', 'G307', 'G367', 'G523', 'G528', 'G6', 'G181', 'G1', 'G226', 'G186', 'G219', 'G254', 'G524', 'G4', 'G541', 'G77', 'G115', 'G55', 'G110', 'G140', 'G104', 'G543', 'G522', 'G365', 'G87', 'G12', 'G59', 'G155', 'G152', 'G5', 'G122', 'G417', 'I272', 'G134', 'G3', 'G527', 'G276', 'G205', 'G310', 'G301', 'G135', 'G311', 'G81', 'G300', 'G128', 'G2', 'G13'}
| | | | | | +-- , 354 , {356} , {'G33', 'G311', 'G182', 'G140', 'G180', 'G181'}
| | | | | | | +-- , 356 , {358} , {'G182', 'G33', 'G312', 'G311', 'G180'}
| | | | | | | | +-- , 358 , set() , {'G312', 'G311', 'G33', 'G506'}
| | | | | | +-- , 222 , {224} , {'G529', 'G0', 'G281', 'G182', 'G521', 'G458', 'G367', 'G523', 'G528', 'G6', 'G181', 'G1', 'G226', 'G186', 'G219', 'G524', 'G254', 'G4', 'G541', 'G77', 'G115', 'G55', 'G110', 'G104', 'G543', 'G522', 'G240', 'G365', 'G87', 'G12', 'G59', 'G155', 'G5', 'G122', 'G417', 'G134', 'G3', 'G288', 'G527', 'G276', 'G205', 'G457', 'G310', 'G301', 'G459', 'G135', 'G81', 'G300', 'G128', 'G2', 'G13'}
| | | | | | | +-- , 224 , {226} , {'G529', 'G0', 'G281', 'G182', 'G521', 'G367', 'G523', 'G528', 'G294', 'G6', 'G181', 'G1', 'G226', 'G186', 'G219', 'G254', 'G524', 'G4', 'G541', 'G77', 'G55', 'G110', 'G104', 'G543', 'G522', 'G240', 'G365', 'G87', 'G12', 'G59', 'G117', 'G155', 'G5', 'G122', 'G417', 'G134', 'G3', 'G527', 'G276', 'G205', 'G457', 'G310', 'G301', 'G208', 'G459', 'G135', 'G81', 'G255', 'G300', 'G128', 'G2', 'G13'}
| | | | | | | | +-- , 226 , {228, 350} , {'G529', 'G522', 'G240', 'G365', 'G87', 'G12', 'G422', 'G0', 'G59', 'G281', 'G182', 'G117', 'G155', 'G521', 'G5', 'G367', 'G122', 'G417', 'G528', 'G134', 'G3', 'G294', 'G527', 'G6', 'G276', 'G205', 'G181', 'G457', 'G310', 'G301', 'G208', 'G1', 'G459', 'G135', 'G226', 'G81', 'G186', 'G219', 'G255', 'G524', 'G541', 'G4', 'G300', 'G128', 'G80', 'G2', 'G77', 'G55', 'G110', 'G104', 'G543', 'G13'}
| | | | | | | | | +-- , 228 , {344, 230} , {'G529', 'G522', 'G240', 'G365', 'G87', 'G12', 'G0', 'G59', 'G281', 'G182', 'G117', 'G155', 'G521', 'G5', 'G367', 'G122', 'G417', 'G528', 'G134', 'G3', 'G294', 'G527', 'G6', 'G276', 'G205', 'G181', 'G457', 'G310', 'G301', 'G208', 'G1', 'G282', 'G459', 'G135', 'G226', 'G81', 'G186', 'G219', 'G255', 'G524', 'G4', 'G300', 'G80', 'G2', 'G70', 'G77', 'G55', 'G110', 'G104', 'G543', 'G13'}
| | | | | | | | | | +-- , 344 , {346} , {'G529', 'G208', 'G1', 'G59', 'G117', 'G409', 'G70', 'G207', 'G77', 'G528', 'G55', 'G3', 'G407', 'G6', 'G205', 'G43'}
| | | | | | | | | | | +-- , 346 , {348} , {'G529', 'G412', 'G1', 'G59', 'G48', 'G408', 'G409', 'G207', 'G77', 'G410', 'G3', 'G407', 'G205', 'G43'}
| | | | | | | | | | | | +-- , 348 , set() , {'G48', 'G412', 'G411', 'G59', 'G410', 'G516', 'G43'}
| | | | | | | | | | +-- , 230 , {232} , {'G529', 'G0', 'G281', 'G182', 'G521', 'G367', 'G528', 'G294', 'G6', 'G181', 'G1', 'G282', 'G226', 'G186', 'G219', 'G524', 'G4', 'G80', 'G77', 'G55', 'G110', 'G104', 'G543', 'G522', 'G240', 'G365', 'G87', 'G12', 'G59', 'G117', 'G155', 'G5', 'G122', 'G501', 'G134', 'G3', 'G527', 'G276', 'G205', 'G457', 'G310', 'G301', 'G208', 'G459', 'G135', 'G81', 'G255', 'G300', 'G2', 'G13'}
| | | | | | | | | | | +-- , 232 , {234} , {'G529', 'G0', 'G281', 'G182', 'G521', 'G367', 'G483', 'G528', 'G294', 'G6', 'G181', 'G1', 'G282', 'G226', 'G219', 'G524', 'G4', 'G80', 'G77', 'G55', 'G110', 'G104', 'G543', 'G522', 'G240', 'G365', 'G87', 'G12', 'G59', 'G117', 'G157', 'G155', 'G5', 'G122', 'G501', 'G134', 'G3', 'G527', 'G276', 'G205', 'G457', 'G310', 'G301', 'G208', 'G459', 'G135', 'G81', 'G255', 'G300', 'G2', 'G13'}
| | | | | | | | | | | | +-- , 234 , {236} , {'G529', 'G0', 'G281', 'G521', 'G367', 'G528', 'G294', 'G6', 'G181', 'G1', 'G282', 'G226', 'G219', 'G524', 'G4', 'G80', 'G77', 'G55', 'G110', 'G104', 'G543', 'G522', 'G240', 'G365', 'G87', 'G12', 'G59', 'G117', 'G157', 'G155', 'G5', 'G122', 'G501', 'G134', 'G3', 'G527', 'G290', 'G276', 'G205', 'G457', 'G310', 'G301', 'G208', 'G459', 'G135', 'G81', 'G255', 'G300', 'G2'}
| | | | | | | | | | | | | +-- , 236 , {238} , {'G529', 'G0', 'G281', 'G521', 'G367', 'G528', 'G294', 'G6', 'G181', 'G1', 'G282', 'G226', 'G219', 'G524', 'G4', 'G80', 'G77', 'G55', 'G110', 'G104', 'G543', 'G522', 'G240', 'G365', 'G87', 'G12', 'G59', 'G157', 'G155', 'G5', 'G122', 'G501', 'G134', 'G3', 'G527', 'G290', 'G485', 'G276', 'G205', 'G457', 'G310', 'G301', 'G208', 'G459', 'G135', 'G81', 'G255', 'G300', 'G2', 'G156'}
| | | | | | | | | | | | | | +-- , 238 , {240} , {'G529', 'G550', 'G0', 'G281', 'G521', 'G367', 'G528', 'G294', 'G6', 'G181', 'G1', 'G282', 'G226', 'G291', 'G219', 'G524', 'G4', 'G80', 'G77', 'G55', 'G110', 'G104', 'G126', 'G522', 'G240', 'G365', 'G87', 'G59', 'G137', 'G157', 'G155', 'G5', 'G122', 'G134', 'G3', 'G527', 'G290', 'G485', 'G205', 'G276', 'G457', 'G310', 'G301', 'G208', 'G459', 'G135', 'G81', 'G255', 'G300', 'G289', 'G2', 'G156'}
| | | | | | | | | | | | | | | +-- , 240 , {242} , {'G529', 'G477', 'G0', 'G281', 'G521', 'G528', 'G294', 'G6', 'G181', 'G1', 'G226', 'G291', 'G219', 'G524', 'G4', 'G80', 'G77', 'G55', 'G110', 'G104', 'G126', 'G522', 'G240', 'G87', 'G59', 'G137', 'G157', 'G155', 'G5', 'G122', 'G134', 'G3', 'G527', 'G205', 'G276', 'G457', 'G310', 'G301', 'G208', 'G459', 'G135', 'G81', 'G255', 'G300', 'G289', 'G2', 'G156'}
| | | | | | | | | | | | | | | | +-- , 242 , {244} , {'G529', 'G477', 'G0', 'G281', 'G521', 'G549', 'G528', 'G294', 'G396', 'G6', 'G181', 'G1', 'G226', 'G291', 'G219', 'G524', 'G4', 'G80', 'G77', 'G55', 'G110', 'G104', 'G397', 'G398', 'G126', 'G522', 'G240', 'G87', 'G59', 'G137', 'G157', 'G155', 'G5', 'G122', 'G134', 'G3', 'G527', 'G205', 'G457', 'G310', 'G301', 'G208', 'G459', 'G135', 'G81', 'G255', 'G300', 'G289', 'G2', 'G156'}
| | | | | | | | | | | | | | | | | +-- , 244 , {334, 246} , {'G529', 'G0', 'G281', 'G521', 'G528', 'G294', 'G396', 'G6', 'G181', 'G1', 'G226', 'G291', 'G219', 'G524', 'G4', 'G80', 'G77', 'G55', 'G110', 'G104', 'G397', 'G398', 'G126', 'G522', 'G240', 'G87', 'G59', 'G137', 'G157', 'G155', 'G5', 'G122', 'G134', 'G3', 'G527', 'G158', 'G205', 'G457', 'G310', 'G301', 'G208', 'G459', 'G135', 'G81', 'G255', 'G300', 'G289', 'G2', 'G156'}
| | | | | | | | | | | | | | | | | | +-- , 334 , {336} , {'G240', 'G94', 'G219', 'G524', 'G238', 'G122', 'G2', 'G528', 'G156', 'G527', 'G104', 'G158', 'G398', 'G181'}
| | | | | | | | | | | | | | | | | | | +-- , 336 , {338} , {'G262', 'G122', 'G528', 'G283', 'G94', 'G527', 'G219', 'G261', 'G181', 'G238'}
| | | | | | | | | | | | | | | | | | | | +-- , 338 , {340} , {'G262', 'G528', 'I276', 'G278', 'G527', 'G238'}
| | | | | | | | | | | | | | | | | | | | | +-- , 340 , {342} , {'G332', 'G278', 'G528', 'G333', 'I276'}
| | | | | | | | | | | | | | | | | | | | | | +-- , 342 , set() , {'I218', 'G528', 'G333'}
| | | | | | | | | | | | | | | | | | +-- , 246 , {320, 248, 314, 332} , {'G529', 'G126', 'G522', 'G277', 'G397', 'G87', 'G0', 'G59', 'G281', 'G137', 'G157', 'G155', 'G521', 'G5', 'G122', 'G528', 'G134', 'G349', 'G52', 'G3', 'G294', 'G527', 'G396', 'G6', 'G158', 'G205', 'G457', 'G310', 'G301', 'G208', 'G1', 'G459', 'G135', 'G226', 'G81', 'G291', 'G219', 'G255', 'G524', 'G4', 'G300', 'G289', 'G80', 'G108', 'G2', 'G77', 'G394', 'G55', 'G110', 'G304', 'G156', 'G395'}
| | | | | | | | | | | | | | | | | | | +-- , 320 , {330, 322} , {'G1', 'G135', 'G108', 'G2', 'G346', 'G347', 'G4'}
| | | | | | | | | | | | | | | | | | | | +-- , 330 , set() , {'G347', 'I287', 'G135'}
| | | | | | | | | | | | | | | | | | | | +-- , 322 , {324} , {'G82', 'G1', 'G2', 'G346', 'G4'}
| | | | | | | | | | | | | | | | | | | | | +-- , 324 , {328, 326} , {'G334', 'G82', 'G1', 'G335', 'G4'}
| | | | | | | | | | | | | | | | | | | | | | +-- , 328 , set() , {'G1', 'I371', 'G335'}
| | | | | | | | | | | | | | | | | | | | | | +-- , 326 , set() , {'G334', 'I156', 'G4'}
| | | | | | | | | | | | | | | | | | | +-- , 248 , {250} , {'G529', 'G277', 'G0', 'G281', 'G521', 'G528', 'G349', 'G294', 'G396', 'G1', 'G226', 'G291', 'G219', 'G524', 'G4', 'G80', 'G77', 'G55', 'G110', 'G397', 'G126', 'G522', 'G87', 'G59', 'G137', 'G157', 'G155', 'G5', 'G119', 'G122', 'G3', 'G527', 'G205', 'G457', 'G310', 'G301', 'G348', 'G208', 'G459', 'G135', 'G255', 'G300', 'G289', 'G2', 'G304', 'G156'}
| | | | | | | | | | | | | | | | | | | | +-- , 250 , {252} , {'G529', 'G277', 'G0', 'G281', 'G521', 'G138', 'G528', 'G294', 'G396', 'G1', 'G226', 'G291', 'G219', 'G524', 'G4', 'G80', 'G77', 'G55', 'G110', 'G397', 'G126', 'G522', 'G87', 'G59', 'G157', 'G155', 'G5', 'G119', 'G122', 'G3', 'G527', 'G205', 'G457', 'G310', 'G301', 'G348', 'G208', 'G459', 'G135', 'G255', 'G300', 'G2', 'G304', 'G156'}
| | | | | | | | | | | | | | | | | | | | | +-- , 252 , {312, 254} , {'G529', 'G126', 'G419', 'G522', 'G277', 'G87', 'G0', 'G59', 'G281', 'G157', 'G155', 'G521', 'G138', 'G5', 'G150', 'G119', 'G256', 'G122', 'G528', 'G303', 'G3', 'G400', 'G294', 'G527', 'G396', 'G205', 'G457', 'G310', 'G301', 'G348', 'G208', 'G1', 'G459', 'G135', 'G226', 'G219', 'G255', 'G524', 'G4', 'G300', 'G80', 'G2', 'G77', 'G304', 'G55', 'G110', 'G156', 'G397', 'G421'}
| | | | | | | | | | | | | | | | | | | | | | +-- , 312 , set() , {'G228', 'G2', 'G521', 'G421', 'G524'}
| | | | | | | | | | | | | | | | | | | | | | +-- , 254 , {256} , {'G529', 'G0', 'G281', 'G521', 'G138', 'G528', 'G294', 'G396', 'G1', 'G399', 'G219', 'G524', 'G4', 'G77', 'G55', 'G110', 'G397', 'G126', 'G419', 'G522', 'G87', 'G59', 'G157', 'G155', 'G5', 'G150', 'G119', 'G256', 'G122', 'G303', 'G3', 'G400', 'G527', 'G205', 'G457', 'G310', 'G301', 'G348', 'G208', 'G459', 'G135', 'G255', 'G300', 'G2', 'G156'}
| | | | | | | | | | | | | | | | | | | | | | | +-- , 256 , {258, 306, 310, 278} , {'G529', 'G97', 'G0', 'G281', 'G521', 'G138', 'G528', 'G294', 'G396', 'G1', 'G399', 'G219', 'G524', 'G4', 'G77', 'G69', 'G55', 'G397', 'G520', 'G126', 'G419', 'G522', 'G87', 'G59', 'G157', 'G155', 'G5', 'G150', 'G119', 'G256', 'G122', 'G303', 'G3', 'G527', 'G205', 'G457', 'G310', 'G301', 'G348', 'G208', 'G459', 'G135', 'G99', 'G255', 'G263', 'G300', 'G2', 'G156'}
| | | | | | | | | | | | | | | | | | | | | | | | +-- , 258 , {260} , {'G126', 'G529', 'G522', 'G29', 'G97', 'G157', 'G5', 'G122', 'G528', 'G3', 'G527', 'G205', 'G301', 'G208', 'G1', 'G98', 'G99', 'G219', 'G101', 'G4', 'G2', 'G77', 'G397'}
| | | | | | | | | | | | | | | | | | | | | | | | | +-- , 260 , {262, 266, 270} , {'G126', 'G529', 'G522', 'G301', 'G208', 'G364', 'G1', 'G29', 'G363', 'G5', 'G129', 'G219', 'G101', 'G4', 'G122', 'G229', 'G2', 'G528', 'G77', 'G527', 'G205'}
| | | | | | | | | | | | | | | | | | | | | | | | | | +-- , 262 , {264} , {'G529', 'G301', 'G208', 'G229', 'G122', 'G528', 'G486', 'G68', 'G4'}
| | | | | | | | | | | | | | | | | | | | | | | | | | | +-- , 264 , set() , {'G529', 'G528', 'G302', 'G68', 'G4'}
| | | | | | | | | | | | | | | | | | | | | | | | | | +-- , 266 , {268} , {'G529', 'G364', 'G2', 'G77', 'G109', 'G362', 'G129', 'G219'}
| | | | | | | | | | | | | | | | | | | | | | | | | | | +-- , 268 , set() , {'G529', 'G269', 'G109', 'G362', 'G219'}
| | | | | | | | | | | | | | | | | | | | | | | | | | +-- , 270 , {272} , {'G29', 'G66', 'G122', 'G229', 'G77', 'G129', 'G101'}
| | | | | | | | | | | | | | | | | | | | | | | | | | | +-- , 272 , {274} , {'G29', 'G66', 'G122', 'G229', 'G77', 'G437'}
| | | | | | | | | | | | | | | | | | | | | | | | | | | | +-- , 274 , {276} , {'G502', 'G122', 'G29', 'G436', 'G77', 'G437'}
| | | | | | | | | | | | | | | | | | | | | | | | | | | | | +-- , 276 , set() , {'G122', 'G123', 'G77', 'G436'}
| | | | | | | | | | | | | | | | | | | | | | | | +-- , 306 , {308} , {'G107', 'G520', 'G4', 'G457'}
| | | | | | | | | | | | | | | | | | | | | | | | | +-- , 308 , set() , {'G456', 'G107', 'I374', 'G520'}
| | | | | | | | | | | | | | | | | | | | | | | | +-- , 310 , set() , {'G459', 'G3', 'I295', 'G198', 'G520'}
| | | | | | | | | | | | | | | | | | | | | | | | +-- , 278 , {304, 288, 280, 286} , {'G419', 'G529', 'G522', 'G0', 'G59', 'G281', 'G157', 'G155', 'G521', 'G5', 'G138', 'G150', 'G119', 'G309', 'G122', 'G233', 'G528', 'G420', 'G3', 'G303', 'G294', 'G527', 'G396', 'G327', 'G310', 'G1', 'G272', 'G135', 'G76', 'G255', 'G524', 'G263', 'G4', 'G2', 'G69', 'G39', 'G465', 'G156', 'G520'}
| | | | | | | | | | | | | | | | | | | | | | | | | +-- , 304 , set() , {'G233', 'G512', 'G39', 'G310'}
| | | | | | | | | | | | | | | | | | | | | | | | | +-- , 288 , {290} , {'G272', 'G328', 'G0', 'G155', 'G5', 'G521', 'G76', 'G150', 'G524', 'G551', 'G2', 'G210', 'G465', 'G329', 'G156', 'G527', 'G327', 'G520'}
| | | | | | | | | | | | | | | | | | | | | | | | | | +-- , 290 , {292} , {'G272', 'G328', 'G0', 'G155', 'G5', 'G521', 'G76', 'G524', 'G57', 'G2', 'G210', 'G527', 'G102'}
| | | | | | | | | | | | | | | | | | | | | | | | | | | +-- , 292 , {294} , {'G57', 'G272', 'G210', 'G314', 'G527', 'G521', 'G76', 'G524', 'G102'}
| | | | | | | | | | | | | | | | | | | | | | | | | | | | +-- , 294 , {296} , {'G272', 'G57', 'G210', 'G320', 'G314', 'G521', 'G76', 'G524', 'G102'}
| | | | | | | | | | | | | | | | | | | | | | | | | | | | | +-- , 296 , {298} , {'G57', 'G210', 'G320', 'G314', 'G266', 'G521', 'G524', 'G102'}
| | | | | | | | | | | | | | | | | | | | | | | | | | | | | | +-- , 298 , {300} , {'G57', 'G314', 'G266', 'G521', 'G96', 'G524'}
| | | | | | | | | | | | | | | | | | | | | | | | | | | | | | | +-- , 300 , {302} , {'G57', 'G313', 'G521', 'G314', 'G96'}
| | | | | | | | | | | | | | | | | | | | | | | | | | | | | | | | +-- , 302 , set() , {'G313', 'G475', 'G57', 'G521'}
| | | | | | | | | | | | | | | | | | | | | | | | | +-- , 280 , {282} , {'G1', 'G272', 'G285', 'G281', 'G5', 'G119', 'G4', 'G122', 'G528', 'G303', 'G294', 'G284'}
| | | | | | | | | | | | | | | | | | | | | | | | | | +-- , 282 , {284} , {'G271', 'G1', 'G272', 'G491', 'G285', 'G281', 'G5', 'G479', 'G4', 'G120', 'G122', 'G303', 'G295', 'G294', 'I624'}
| | | | | | | | | | | | | | | | | | | | | | | | | | | +-- , 284 , set() , {'G271', 'G491', 'G281', 'G479', 'G194'}
| | | | | | | | | | | | | | | | | | | | | | | | | +-- , 286 , set() , {'I280', 'G309', 'G272'}
| | | | | | | | | | | | | | | | | | | +-- , 314 , {316, 318} , {'G77', 'G52', 'G205', 'G298', 'G5', 'G219', 'G299'}
| | | | | | | | | | | | | | | | | | | | +-- , 316 , set() , {'G299', 'G77', 'I352'}
| | | | | | | | | | | | | | | | | | | | +-- , 318 , set() , {'G205', 'G298', 'G497', 'G5'}
| | | | | | | | | | | | | | | | | | | +-- , 332 , set() , {'G1', 'G394', 'G59', 'G3', 'G58', 'G5'}
| | | | | | | | | +-- , 350 , {352} , {'G128', 'G422', 'G423', 'G541'}
| | | | | | | | | | +-- , 352 , set() , {'G532', 'G422', 'G423'}
| | +-- , 362 , set() , {'G522', 'G287', 'G81', 'G206', 'G524'}
| | +-- , 364 , set() , {'G45', 'G518'}
| | +-- , 366 , set() , {'G354', 'G215', 'G214', 'G0'}
| +-- , 5 , {7} , {'G529', 'G37', 'G196', 'G172', 'G460', 'G0', 'G38', 'G322', 'G521', 'G308', 'G248', 'G151', 'G60', 'G212', 'G523', 'G125', 'G528', 'G249', 'G505', 'G6', 'G544', 'G204', 'G339', 'G246', 'G226', 'G186', 'G201', 'G252', 'G545', 'G524', 'G541', 'G4', 'G105', 'G215', 'G54', 'G77', 'G55', 'G474', 'G543', 'G522', 'G12', 'G87', 'G426', 'G199', 'G155', 'G250', 'G11', 'G5', 'G35', 'G32', 'G122', 'G183', 'G179', 'G165', 'G3', 'G78', 'G533', 'G527', 'G455', 'G163', 'G171', 'G135', 'G92', 'G415', 'G416', 'G534', 'G162', 'G154', 'G2', 'G553', 'G499', 'G62', 'G195', 'G13'}
| | +-- , 7 , {9} , {'G529', 'G37', 'G196', 'G172', 'G460', 'G0', 'G38', 'G322', 'G521', 'G315', 'G248', 'G151', 'G60', 'G212', 'G125', 'G528', 'G249', 'G6', 'G544', 'G204', 'G339', 'G226', 'G201', 'G252', 'G524', 'G541', 'G4', 'G105', 'G215', 'G54', 'G77', 'G55', 'G474', 'G543', 'G522', 'G12', 'G87', 'G426', 'G199', 'G155', 'G250', 'G11', 'G5', 'G35', 'G32', 'G122', 'G183', 'G179', 'G165', 'G3', 'G78', 'G533', 'G527', 'G455', 'G163', 'G171', 'G135', 'G92', 'G415', 'G416', 'G534', 'G162', 'G154', 'G2', 'G553', 'G499', 'G251', 'G195'}
| | | +-- , 9 , {11} , {'G529', 'G37', 'G196', 'G172', 'G460', 'G0', 'G38', 'G322', 'G521', 'G315', 'G248', 'G151', 'G60', 'G212', 'G125', 'G528', 'G249', 'G343', 'G6', 'G544', 'G204', 'G339', 'G226', 'G201', 'G252', 'G524', 'G541', 'G4', 'G105', 'G215', 'G54', 'G77', 'G55', 'G344', 'G474', 'G543', 'G522', 'G12', 'G87', 'G426', 'G199', 'G155', 'G11', 'G5', 'G35', 'G122', 'G183', 'G179', 'G165', 'G3', 'G78', 'G533', 'G527', 'G455', 'G163', 'G171', 'G189', 'G135', 'G92', 'G111', 'G415', 'G416', 'G534', 'G162', 'G154', 'G2', 'G553', 'G499', 'G195'}
| | | | +-- , 11 , {210, 14} , {'G529', 'G37', 'G188', 'G196', 'G172', 'G460', 'G0', 'G297', 'G167', 'G38', 'G322', 'G521', 'G315', 'G248', 'G151', 'G60', 'G212', 'G125', 'G528', 'G249', 'G343', 'G6', 'G544', 'G213', 'G204', 'G339', 'G226', 'G217', 'G201', 'G252', 'G524', 'G541', 'G4', 'G105', 'G215', 'G77', 'G55', 'G474', 'G543', 'G522', 'G12', 'G87', 'G426', 'G487', 'G199', 'G155', 'G11', 'G5', 'G493', 'G35', 'G122', 'G183', 'G507', 'G179', 'G165', 'G3', 'G78', 'G533', 'G527', 'G455', 'G163', 'G61', 'G171', 'G135', 'G92', 'G111', 'G142', 'G166', 'G415', 'G416', 'G534', 'G162', 'G154', 'G2', 'G553', 'G296', 'G499', 'G146'}
| | | | | +-- , 210 , set() , {'G171', 'G188', 'G336', 'I631', 'G170', 'G146'}
| | | | | +-- , 14 , {208, 16} , {'G529', 'G37', 'G188', 'G196', 'G172', 'G460', 'G0', 'G297', 'G167', 'G38', 'G322', 'G521', 'G248', 'G151', 'G60', 'G212', 'G125', 'G528', 'G249', 'G519', 'G343', 'G6', 'G454', 'G213', 'G204', 'G339', 'G226', 'G34', 'G217', 'G201', 'G252', 'G524', 'G541', 'G4', 'G463', 'G105', 'G215', 'G77', 'G55', 'G474', 'G522', 'G87', 'G36', 'G273', 'G426', 'G199', 'G155', 'G461', 'G11', 'G5', 'G35', 'G462', 'G122', 'G183', 'G507', 'G179', 'G165', 'G3', 'G78', 'G533', 'G527', 'G455', 'G163', 'G61', 'G147', 'G135', 'G92', 'G142', 'G166', 'G162', 'G154', 'G2', 'G553', 'G296', 'G499', 'G146'}
| | | | | | +-- , 208 , set() , {'G148', 'G521', 'G0', 'G455', 'G454', 'G463'}
| | | | | | +-- , 16 , {19, 206} , {'G529', 'G37', 'G188', 'G196', 'G172', 'G297', 'G167', 'G38', 'G322', 'G151', 'G472', 'G60', 'G212', 'G125', 'G528', 'G519', 'G6', 'G213', 'G204', 'G339', 'G226', 'G471', 'G34', 'G217', 'G201', 'G252', 'G524', 'G541', 'G4', 'G105', 'G473', 'G215', 'G55', 'G474', 'G522', 'G87', 'G36', 'G273', 'G426', 'G199', 'G155', 'G461', 'G11', 'G5', 'G35', 'G462', 'G183', 'G247', 'G179', 'G165', 'G3', 'G78', 'G533', 'G527', 'G163', 'G61', 'G147', 'G135', 'G92', 'G142', 'G166', 'G162', 'G154', 'G2', 'G553', 'G296', 'G499', 'G373', 'G160', 'G146'}
| | | | | | | +-- , 19 , {21} , {'G529', 'G37', 'G188', 'G427', 'G172', 'G196', 'G297', 'G167', 'G38', 'G324', 'G322', 'G151', 'G472', 'G60', 'G212', 'G125', 'G528', 'G6', 'G213', 'G204', 'G339', 'G226', 'G471', 'G34', 'G217', 'G95', 'G201', 'G252', 'G524', 'G541', 'G4', 'G105', 'G473', 'G215', 'G55', 'G522', 'G87', 'G323', 'G36', 'G273', 'G211', 'G426', 'G199', 'G155', 'G461', 'G11', 'G5', 'G35', 'G462', 'G183', 'G165', 'G3', 'G78', 'G533', 'G527', 'G163', 'G61', 'G147', 'G444', 'G135', 'G92', 'G142', 'G166', 'G162', 'G154', 'G2', 'G64', 'G553', 'G296', 'G373', 'G160', 'G496', 'G146'}
| | | | | | | | +-- , 21 , {23, 198, 202} , {'G529', 'G37', 'G427', 'G172', 'G196', 'G297', 'G167', 'G38', 'G433', 'G151', 'G472', 'G60', 'G212', 'G125', 'G528', 'G91', 'G6', 'G213', 'G204', 'G339', 'G226', 'G471', 'G34', 'G217', 'G95', 'G201', 'G252', 'G524', 'G541', 'G4', 'G105', 'G473', 'G215', 'G55', 'G174', 'G522', 'G87', 'G323', 'G36', 'G273', 'G211', 'G426', 'G199', 'G155', 'G461', 'G11', 'G5', 'G35', 'G462', 'G165', 'G3', 'G78', 'G533', 'G527', 'G163', 'G61', 'G147', 'G444', 'G135', 'G92', 'G142', 'G166', 'G162', 'G154', 'G2', 'G64', 'G296', 'G373', 'G160', 'G496', 'G146'}
| | | | | | | | | +-- , 23 , {26, 196} , {'G529', 'G175', 'G37', 'G196', 'G297', 'G167', 'G38', 'G151', 'G472', 'G60', 'G212', 'G125', 'G528', 'G91', 'G6', 'G213', 'G204', 'G339', 'G226', 'G471', 'G34', 'G217', 'G95', 'G439', 'G201', 'G252', 'G524', 'G541', 'G4', 'G105', 'G473', 'G215', 'G55', 'G174', 'G337', 'G522', 'G87', 'G323', 'G36', 'G273', 'G211', 'G270', 'G199', 'G155', 'G461', 'G11', 'G5', 'G35', 'G462', 'G165', 'G3', 'G78', 'G533', 'G527', 'G163', 'G147', 'G444', 'G144', 'G135', 'G92', 'G142', 'G166', 'G162', 'G154', 'G2', 'G64', 'G296', 'G373', 'G160', 'G146'}
| | | | | | | | | | +-- , 26 , {194, 28} , {'G529', 'G175', 'G37', 'G196', 'G297', 'G167', 'G38', 'G151', 'G472', 'G60', 'G212', 'G125', 'G528', 'G91', 'G6', 'G213', 'G204', 'G339', 'G471', 'G34', 'G217', 'G95', 'G439', 'G201', 'G252', 'G524', 'G541', 'G4', 'G105', 'G473', 'G215', 'G55', 'G174', 'G337', 'G522', 'G87', 'G36', 'G273', 'G211', 'G270', 'G199', 'G155', 'G461', 'G11', 'G5', 'G35', 'G462', 'G165', 'G200', 'G3', 'G78', 'G533', 'G527', 'G163', 'G147', 'G444', 'G144', 'G253', 'G135', 'G92', 'G142', 'G166', 'G162', 'G154', 'G64', 'G296', 'G373', 'G160', 'G146'}
| | | | | | | | | | | +-- , 194 , set() , {'G55', 'G200', 'G305', 'G524', 'G151'}
| | | | | | | | | | | +-- , 28 , {30} , {'G529', 'G175', 'G37', 'G196', 'G297', 'G167', 'G38', 'G472', 'G60', 'G212', 'G125', 'G528', 'G91', 'G6', 'G213', 'G204', 'G339', 'G471', 'G34', 'G217', 'G95', 'G439', 'G201', 'G524', 'G541', 'G4', 'G105', 'G473', 'G55', 'G174', 'G227', 'G337', 'G522', 'G87', 'G36', 'G273', 'G211', 'G270', 'G199', 'G155', 'G461', 'G11', 'G5', 'G35', 'G462', 'G165', 'G200', 'G3', 'G78', 'G533', 'G163', 'G203', 'G147', 'G444', 'G253', 'G135', 'G92', 'G142', 'G166', 'G218', 'G162', 'G154', 'G64', 'G296', 'G373', 'G160', 'G146'}
| | | | | | | | | | | | +-- , 30 , {32} , {'G529', 'G175', 'G37', 'G196', 'G297', 'G167', 'G38', 'G202', 'G472', 'G60', 'G212', 'G125', 'G528', 'G91', 'G6', 'G213', 'G339', 'G471', 'G34', 'G217', 'G95', 'G439', 'G201', 'G524', 'G541', 'G4', 'G105', 'G473', 'G55', 'G174', 'G227', 'G337', 'G522', 'G87', 'G36', 'G273', 'G211', 'G270', 'G199', 'G155', 'G461', 'G11', 'G5', 'G35', 'G462', 'G165', 'G3', 'G78', 'G533', 'G163', 'G203', 'G338', 'G147', 'G444', 'G135', 'G92', 'G142', 'G166', 'G218', 'G162', 'G154', 'G64', 'G296', 'G373', 'G160', 'G146'}
| | | | | | | | | | | | | +-- , 32 , {34, 184, 188, 190} , {'G529', 'G175', 'G37', 'G196', 'G297', 'G167', 'G38', 'G202', 'G472', 'G60', 'G212', 'G125', 'G528', 'G91', 'G6', 'G213', 'G339', 'G471', 'G34', 'G217', 'G95', 'G439', 'G201', 'G524', 'G541', 'G4', 'G105', 'G473', 'G55', 'G174', 'G227', 'G337', 'G522', 'G87', 'G36', 'G273', 'G211', 'G270', 'G199', 'G176', 'G155', 'G461', 'G11', 'G5', 'G35', 'G462', 'G165', 'G3', 'G533', 'G78', 'G163', 'G338', 'G147', 'G513', 'G444', 'G135', 'G92', 'G540', 'G142', 'G166', 'G153', 'G218', 'G162', 'G274', 'G154', 'G64', 'G296', 'G373', 'G160', 'G146'}
| | | | | | | | | | | | | | +-- , 34 , {36} , {'G529', 'G175', 'G37', 'G196', 'G167', 'G38', 'G202', 'G472', 'G60', 'G212', 'G528', 'G91', 'G6', 'G213', 'G339', 'G471', 'G34', 'G217', 'G95', 'G439', 'G201', 'G524', 'G541', 'G105', 'G473', 'G361', 'G174', 'G227', 'G337', 'G360', 'G159', 'G36', 'G273', 'G211', 'G270', 'G199', 'G176', 'G155', 'G461', 'G11', 'G5', 'G35', 'G462', 'G508', 'G425', 'G165', 'G78', 'G533', 'G163', 'G338', 'G147', 'G513', 'G444', 'G135', 'G92', 'G540', 'G166', 'G153', 'G428', 'G162', 'G321', 'G274', 'G154', 'G64', 'G296', 'G373', 'G160', 'G146'}
| | | | | | | | | | | | | | | +-- , 36 , {38} , {'G529', 'G175', 'G37', 'G196', 'G167', 'G38', 'G202', 'G472', 'G60', 'I327', 'G528', 'G91', 'G106', 'G139', 'G6', 'G213', 'G339', 'G471', 'G34', 'G217', 'G95', 'G439', 'G201', 'G524', 'G541', 'G473', 'G174', 'G227', 'G337', 'G360', 'G8', 'G159', 'G448', 'G36', 'G273', 'G211', 'G270', 'G199', 'G155', 'G461', 'G11', 'G5', 'G462', 'G508', 'G425', 'G165', 'G78', 'G533', 'G163', 'G338', 'G147', 'G444', 'G135', 'G92', 'G540', 'G166', 'G153', 'G428', 'G162', 'G321', 'G274', 'G154', 'G64', 'G296', 'G373', 'G160', 'G146'}
| | | | | | | | | | | | | | | | +-- , 38 , {40} , {'G529', 'G175', 'G37', 'G196', 'G167', 'G38', 'G202', 'G472', 'G60', 'I327', 'G528', 'G91', 'G106', 'G139', 'G6', 'G90', 'G213', 'G339', 'G471', 'G34', 'G217', 'G95', 'G439', 'G201', 'G524', 'G541', 'G473', 'G174', 'G227', 'G337', 'G8', 'G159', 'G448', 'G36', 'G273', 'G211', 'G270', 'G199', 'G155', 'G461', 'G11', 'G5', 'G462', 'G508', 'G425', 'G165', 'G78', 'G533', 'G163', 'G338', 'G147', 'G444', 'G135', 'G92', 'G540', 'G166', 'G428', 'G50', 'G162', 'G321', 'G274', 'G154', 'G64', 'G296', 'G373', 'G160', 'G146'}
| | | | | | | | | | | | | | | | | +-- , 40 , {42, 182} , {'G529', 'G175', 'G37', 'G196', 'G319', 'G167', 'G38', 'G202', 'G472', 'G60', 'I327', 'G528', 'G91', 'G106', 'G139', 'G6', 'G90', 'G213', 'G339', 'G471', 'G34', 'G217', 'G95', 'G439', 'G201', 'G524', 'G541', 'G473', 'G318', 'G174', 'G227', 'G337', 'G8', 'G159', 'G448', 'G36', 'G273', 'G211', 'G270', 'G199', 'G155', 'G461', 'G11', 'G5', 'G462', 'G508', 'G425', 'G165', 'G78', 'G533', 'G163', 'G338', 'G147', 'G444', 'G135', 'G92', 'G540', 'G166', 'G428', 'G50', 'G162', 'G274', 'G154', 'G64', 'G296', 'G373', 'G160', 'G146'}
| | | | | | | | | | | | | | | | | | +-- , 42 , {44} , {'G529', 'G175', 'G37', 'G196', 'G167', 'G38', 'G202', 'G472', 'G60', 'I327', 'G528', 'G91', 'G106', 'G139', 'G6', 'G90', 'G213', 'G339', 'G471', 'G34', 'G217', 'G95', 'G439', 'G201', 'G524', 'G541', 'G473', 'G318', 'G174', 'G227', 'G337', 'G8', 'G232', 'G159', 'G448', 'G36', 'G273', 'G211', 'G270', 'G199', 'G155', 'G461', 'G11', 'G5', 'G462', 'G425', 'G165', 'G78', 'G533', 'G163', 'G338', 'G147', 'G444', 'G135', 'G92', 'G540', 'G166', 'G428', 'G50', 'G162', 'G274', 'G154', 'G64', 'G296', 'G373', 'G160', 'G146'}
| | | | | | | | | | | | | | | | | | | +-- , 44 , {46} , {'G529', 'G175', 'G37', 'G196', 'G167', 'G38', 'G202', 'G472', 'G60', 'I327', 'G528', 'G91', 'G106', 'G139', 'G6', 'G90', 'G213', 'G339', 'G471', 'G34', 'G217', 'G95', 'G439', 'G201', 'G524', 'G541', 'G473', 'G174', 'G227', 'G337', 'G8', 'G232', 'G159', 'G448', 'G36', 'G273', 'G211', 'G270', 'G199', 'G10', 'G155', 'G461', 'G11', 'G5', 'G462', 'G358', 'G425', 'G165', 'G78', 'G533', 'G163', 'G338', 'G147', 'G444', 'G135', 'G92', 'G540', 'G166', 'G428', 'G50', 'G162', 'G274', 'G154', 'G7', 'G359', 'G64', 'G296', 'G373', 'G160', 'G146'}
| | | | | | | | | | | | | | | | | | | | +-- , 46 , {170, 172, 48, 178, 180, 156} , {'G529', 'G175', 'G37', 'G196', 'G167', 'G38', 'G89', 'G202', 'G472', 'G60', 'I327', 'G528', 'G91', 'G191', 'G103', 'G139', 'G6', 'G90', 'G213', 'G339', 'G471', 'G34', 'G217', 'G95', 'G439', 'G201', 'G524', 'G541', 'G473', 'G174', 'G227', 'G337', 'G8', 'G232', 'G159', 'G448', 'G234', 'G36', 'G273', 'G211', 'G270', 'G199', 'G10', 'G155', 'G461', 'G11', 'G5', 'G531', 'G164', 'G30', 'G462', 'G425', 'G165', 'G358', 'G78', 'G533', 'G163', 'G338', 'G221', 'G147', 'G444', 'G260', 'G135', 'G92', 'G540', 'G166', 'G428', 'G50', 'G162', 'G274', 'G154', 'G7', 'G359', 'G64', 'G296', 'G373', 'G160', 'G146'}
| | | | | | | | | | | | | | | | | | | | | +-- , 170 , set() , {'G511', 'G38', 'G164', 'G163'}
| | | | | | | | | | | | | | | | | | | | | +-- , 172 , {176, 174} , {'G340', 'G414', 'G8', 'G232', 'G339', 'G540', 'G270', 'G199', 'G201', 'G197', 'G531', 'G60', 'G118', 'G413', 'G337', 'G338', 'G147'}
| | | | | | | | | | | | | | | | | | | | | | +-- , 176 , set() , {'G340', 'G342', 'G339', 'G118', 'G197', 'G73', 'G531', 'G341', 'G147'}
| | | | | | | | | | | | | | | | | | | | | | +-- , 174 , set() , {'G414', 'G199', 'I386'}
| | | | | | | | | | | | | | | | | | | | | +-- , 48 , {50} , {'G529', 'G175', 'G37', 'G196', 'G192', 'G167', 'G89', 'G202', 'G472', 'G91', 'G326', 'G191', 'G537', 'G103', 'G6', 'G90', 'G213', 'G471', 'G34', 'G217', 'G95', 'G538', 'G201', 'G524', 'G473', 'G174', 'G227', 'G8', 'G232', 'G159', 'G449', 'G448', 'G36', 'G234', 'G273', 'G211', 'G10', 'G155', 'G11', 'G5', 'G531', 'G164', 'G30', 'G462', 'G358', 'G425', 'G78', 'G533', 'G221', 'G444', 'G260', 'G509', 'G540', 'G166', 'G428', 'G50', 'G274', 'G154', 'G7', 'G359', 'G64', 'G424', 'G373', 'G160'}
| | | | | | | | | | | | | | | | | | | | | | +-- , 50 , {154, 52} , {'G529', 'G175', 'G37', 'G196', 'G192', 'G167', 'G89', 'G202', 'G168', 'G472', 'G91', 'G326', 'G191', 'G177', 'G103', 'G6', 'G90', 'G213', 'G471', 'G34', 'G217', 'G538', 'G201', 'G524', 'G473', 'G174', 'G227', 'G8', 'G232', 'G159', 'G449', 'G234', 'G273', 'G211', 'G10', 'G155', 'G11', 'G5', 'G531', 'G164', 'G30', 'G358', 'G78', 'G533', 'G221', 'G444', 'G260', 'G509', 'G540', 'G166', 'G428', 'G50', 'G274', 'G154', 'G7', 'G359', 'G64', 'G424', 'G373', 'G160'}
| | | | | | | | | | | | | | | | | | | | | | | +-- , 154 , set() , {'G232', 'G357', 'G177', 'G50', 'G265'}
| | | | | | | | | | | | | | | | | | | | | | | +-- , 52 , {54} , {'G529', 'G175', 'G37', 'G196', 'G192', 'G89', 'G202', 'G168', 'G472', 'G91', 'G326', 'G191', 'G177', 'G103', 'G6', 'G90', 'G213', 'G471', 'G34', 'G217', 'G538', 'G201', 'G524', 'G473', 'G430', 'G227', 'G8', 'G232', 'G159', 'G449', 'G234', 'G273', 'G211', 'G10', 'G155', 'G11', 'G5', 'G531', 'G164', 'G30', 'G358', 'I576', 'G533', 'G221', 'G444', 'G260', 'G509', 'G540', 'G166', 'G428', 'G50', 'G274', 'G154', 'G7', 'G64', 'G359', 'G373', 'G160'}
| | | | | | | | | | | | | | | | | | | | | | | | +-- , 54 , {56} , {'G529', 'G37', 'G192', 'G89', 'G202', 'G168', 'G472', 'G91', 'G326', 'G191', 'G103', 'G6', 'G88', 'G331', 'G90', 'G213', 'G471', 'G34', 'G217', 'G538', 'G201', 'G524', 'G473', 'G430', 'G227', 'G293', 'G8', 'G232', 'G159', 'G449', 'G234', 'G273', 'G211', 'G10', 'G155', 'G11', 'G5', 'G531', 'G164', 'G30', 'G358', 'I576', 'G533', 'G221', 'G444', 'G260', 'G509', 'G540', 'G166', 'G428', 'G50', 'G274', 'G154', 'G7', 'G431', 'G359', 'G64', 'G373', 'G160'}
| | | | | | | | | | | | | | | | | | | | | | | | | +-- , 56 , {58} , {'G529', 'G37', 'G192', 'G89', 'G202', 'G168', 'G472', 'G326', 'G191', 'G103', 'G6', 'G88', 'G331', 'G90', 'G213', 'G471', 'G257', 'G34', 'G217', 'G538', 'G201', 'G524', 'G473', 'G227', 'G293', 'G8', 'G232', 'G159', 'G234', 'G273', 'G446', 'G211', 'G10', 'G155', 'G11', 'G531', 'G164', 'G30', 'G358', 'I576', 'G533', 'G221', 'G444', 'G260', 'G540', 'G166', 'G428', 'G50', 'G274', 'G447', 'G7', 'G431', 'G359', 'G64', 'G67', 'G373', 'G160'}
| | | | | | | | | | | | | | | | | | | | | | | | | | +-- , 58 , {60} , {'G529', 'G37', 'G192', 'G89', 'G202', 'G168', 'G472', 'G230', 'G267', 'G326', 'G191', 'G103', 'G6', 'G371', 'G90', 'G213', 'G471', 'G257', 'G34', 'G217', 'G538', 'G193', 'G201', 'G473', 'G227', 'G293', 'G8', 'G232', 'G159', 'G234', 'G273', 'G446', 'G211', 'G10', 'G155', 'G11', 'G44', 'G531', 'G164', 'G30', 'G358', 'G533', 'G221', 'G444', 'G260', 'G540', 'G166', 'G428', 'G50', 'G274', 'G161', 'G7', 'G359', 'G64', 'G67', 'G373', 'G160'}
| | | | | | | | | | | | | | | | | | | | | | | | | | | +-- , 60 , {62} , {'G529', 'G37', 'G89', 'G202', 'G168', 'G472', 'G230', 'G267', 'G326', 'G191', 'G103', 'G6', 'G371', 'G90', 'G213', 'G471', 'G34', 'G538', 'G193', 'G201', 'G473', 'G227', 'G293', 'G8', 'G232', 'G159', 'G234', 'G273', 'G446', 'G211', 'G10', 'G155', 'G11', 'G44', 'G531', 'G275', 'G164', 'G30', 'G358', 'G533', 'G221', 'G444', 'G260', 'G540', 'G166', 'G428', 'G50', 'G274', 'G161', 'G7', 'G359', 'G64', 'G373', 'I536'}
| | | | | | | | | | | | | | | | | | | | | | | | | | | | +-- , 62 , {64} , {'G529', 'G37', 'G89', 'G202', 'G168', 'G472', 'G230', 'G267', 'G326', 'G191', 'G103', 'G6', 'G371', 'G90', 'G471', 'G34', 'G538', 'G517', 'G193', 'G201', 'G63', 'G473', 'G227', 'G293', 'G8', 'G232', 'G159', 'G234', 'G273', 'G211', 'G10', 'G155', 'G11', 'G44', 'G531', 'G112', 'G275', 'G164', 'G30', 'G358', 'G533', 'G221', 'G444', 'G260', 'G540', 'G166', 'G428', 'G50', 'G274', 'G161', 'G7', 'G359', 'G64', 'G373', 'I536', 'G79'}
| | | | | | | | | | | | | | | | | | | | | | | | | | | | | +-- , 64 , {66, 148} , {'G529', 'G37', 'G8', 'G232', 'G372', 'G445', 'G159', 'G234', 'G273', 'G211', 'G10', 'G155', 'G11', 'G89', 'G531', 'G112', 'G275', 'G168', 'G472', 'G164', 'G30', 'G230', 'G358', 'G267', 'G326', 'G191', 'G533', 'G103', 'G6', 'G371', 'G221', 'G90', 'G444', 'G260', 'G34', 'G540', 'G538', 'G166', 'G517', 'G193', 'G201', 'G116', 'G428', 'G50', 'G274', 'G79', 'G161', 'G63', 'G7', 'G473', 'G359', 'G373', 'G227', 'G293'}
| | | | | | | | | | | | | | | | | | | | | | | | | | | | | | +-- , 66 , {68} , {'G529', 'G37', 'G317', 'G372', 'G89', 'G168', 'G472', 'G51', 'G230', 'G267', 'G326', 'G191', 'G103', 'G6', 'G371', 'G90', 'G31', 'G34', 'G538', 'G517', 'G193', 'G201', 'G225', 'G429', 'G63', 'G473', 'G53', 'G227', 'G293', 'G8', 'G232', 'G445', 'G159', 'G234', 'G273', 'G211', 'G10', 'G155', 'G11', 'G237', 'G531', 'G112', 'G241', 'G275', 'G164', 'G30', 'G264', 'G533', 'G245', 'G221', 'G260', 'G540', 'G166', 'G116', 'G428', 'G50', 'G274', 'G161', 'G7', 'G359', 'G373'}
| | | | | | | | | | | | | | | | | | | | | | | | | | | | | | | +-- , 68 , {71} , {'G529', 'G37', 'G317', 'G372', 'G75', 'G89', 'G168', 'G472', 'G325', 'G230', 'G267', 'G130', 'G326', 'G191', 'G103', 'G6', 'G371', 'G90', 'G504', 'G31', 'G34', 'G538', 'G193', 'G201', 'G225', 'G63', 'G473', 'G293', 'G8', 'G232', 'G159', 'G234', 'G273', 'G211', 'G10', 'G155', 'G11', 'G237', 'G531', 'G275', 'G241', 'G164', 'G292', 'G30', 'G224', 'G259', 'G533', 'G221', 'G540', 'G166', 'G116', 'G50', 'G274', 'G161', 'G7', 'G373'}
| | | | | | | | | | | | | | | | | | | | | | | | | | | | | | | | +-- , 71 , {73, 132, 138} , {'G529', 'G37', 'G317', 'G8', 'G232', 'G372', 'G159', 'G234', 'G211', 'G10', 'G155', 'G75', 'G11', 'G89', 'G531', 'G275', 'G241', 'G472', 'G164', 'G30', 'G224', 'G325', 'G230', 'G259', 'G267', 'G130', 'G191', 'G533', 'G103', 'G74', 'G6', 'G371', 'G221', 'G90', 'G222', 'G536', 'G34', 'G540', 'G538', 'G166', 'G193', 'G116', 'G50', 'G274', 'G161', 'G7', 'G473', 'G373'}
| | | | | | | | | | | | | | | | | | | | | | | | | | | | | | | | | +-- , 73 , {128, 130, 75, 114, 124} , {'G529', 'G8', 'G211', 'G10', 'G155', 'G11', 'G75', 'G89', 'G531', 'G241', 'G472', 'G30', 'G224', 'G230', 'G136', 'G259', 'G267', 'G130', 'G533', 'G191', 'G382', 'G74', 'G103', 'G9', 'G6', 'G90', 'G222', 'G536', 'G34', 'G540', 'G538', 'G193', 'G116', 'G100', 'G50', 'G274', 'G161', 'G7', 'G473'}
| | | | | | | | | | | | | | | | | | | | | | | | | | | | | | | | | | +-- , 128 , set() , {'G9', 'G482', 'G191', 'G241'}
| | | | | | | | | | | | | | | | | | | | | | | | | | | | | | | | | | +-- , 130 , set() , {'G472', 'G490', 'G7', 'G8', 'G230', 'G136', 'G190', 'G11', 'G9'}
| | | | | | | | | | | | | | | | | | | | | | | | | | | | | | | | | | +-- , 75 , {77} , {'G529', 'G8', 'G10', 'G155', 'G11', 'G75', 'G89', 'G531', 'G224', 'G259', 'G267', 'G533', 'G103', 'G74', 'G6', 'G9', 'G536', 'G34', 'G143', 'G538', 'G193', 'G100', 'G50', 'G274', 'G161', 'G7', 'G473', 'G258'}
| | | | | | | | | | | | | | | | | | | | | | | | | | | | | | | | | | | +-- , 77 , {79} , {'G529', 'G223', 'G8', 'G10', 'G155', 'G11', 'G464', 'G75', 'G89', 'G531', 'G224', 'G267', 'G533', 'G103', 'G74', 'G6', 'G9', 'G536', 'G34', 'G538', 'G100', 'G50', 'G274', 'G161', 'G7', 'G258'}
| | | | | | | | | | | | | | | | | | | | | | | | | | | | | | | | | | | | +-- , 79 , {112, 81} , {'G529', 'G8', 'G536', 'G34', 'G10', 'G538', 'G155', 'G11', 'G464', 'G75', 'G9', 'G89', 'G531', 'G100', 'G50', 'G274', 'G161', 'G7', 'G72', 'G390', 'G267', 'G533', 'G74', 'G6'}
| | | | | | | | | | | | | | | | | | | | | | | | | | | | | | | | | | | | | +-- , 112 , set() , {'G161', 'G72', 'G316', 'G536', 'G531'}
| | | | | | | | | | | | | | | | | | | | | | | | | | | | | | | | | | | | | +-- , 81 , {83} , {'G529', 'G8', 'G10', 'G155', 'G11', 'G75', 'G72', 'G390', 'G267', 'G533', 'G74', 'G6', 'G9', 'G84', 'G536', 'G34', 'G538', 'G100', 'G50', 'G274', 'G7', 'G71'}
| | | | | | | | | | | | | | | | | | | | | | | | | | | | | | | | | | | | | | +-- , 83 , {98, 86, 90} , {'G529', 'G84', 'G132', 'G239', 'I249', 'G536', 'G34', 'G387', 'G538', 'G155', 'G11', 'G75', 'G9', 'G100', 'G50', 'G274', 'G7', 'G390', 'G392', 'G533', 'G71', 'G74', 'G384', 'G6'}
| | | | | | | | | | | | | | | | | | | | | | | | | | | | | | | | | | | | | | | +-- , 98 , {100, 110} , {'G274', 'G7', 'G220', 'G34', 'G74', 'G390', 'G392', 'G11', 'G71', 'G9', 'G100'}
| | | | | | | | | | | | | | | | | | | | | | | | | | | | | | | | | | | | | | | | +-- , 100 , {102} , {'G274', 'G220', 'G389', 'G34', 'G113', 'G390', 'G392', 'G391', 'G11', 'G74', 'G9'}
| | | | | | | | | | | | | | | | | | | | | | | | | | | | | | | | | | | | | | | | | +-- , 102 , {104} , {'G34', 'G113', 'G392', 'G391', 'G11', 'G268'}
| | | | | | | | | | | | | | | | | | | | | | | | | | | | | | | | | | | | | | | | | | +-- , 104 , {106} , {'G392', 'G391', 'G268', 'G34', 'G127'}
| | | | | | | | | | | | | | | | | | | | | | | | | | | | | | | | | | | | | | | | | | | +-- , 106 , {108} , {'G392', 'G393', 'G34', 'G127'}
| | | | | | | | | | | | | | | | | | | | | | | | | | | | | | | | | | | | | | | | | | | | +-- , 108 , set() , {'G392', 'G548', 'G393'}
| | | | | | | | | | | | | | | | | | | | | | | | | | | | | | | | | | | | | | | | +-- , 110 , set() , {'G7', 'G220', 'G71', 'G100', 'G381'}
| | | | | | | | | | | | | | | | | | | | | | | | | | | | | | | | | | | | | | | +-- , 86 , {88} , {'G84', 'I249', 'G239', 'I316'}
| | | | | | | | | | | | | | | | | | | | | | | | | | | | | | | | | | | | | | | | +-- , 88 , set() , {'G369', 'G84', 'I249', 'I316', 'G370'}
| | | | | | | | | | | | | | | | | | | | | | | | | | | | | | | | | | | | | | | +-- , 90 , {92} , {'G529', 'G132', 'G239', 'G42', 'G536', 'G387', 'G538', 'G11', 'G50', 'G7', 'G85', 'G384', 'G9'}
| | | | | | | | | | | | | | | | | | | | | | | | | | | | | | | | | | | | | | | | +-- , 92 , {94} , {'G529', 'G386', 'G42', 'G536', 'G387', 'G538', 'G11', 'G50', 'G7', 'G85', 'G9', 'G49'}
| | | | | | | | | | | | | | | | | | | | | | | | | | | | | | | | | | | | | | | | | +-- , 94 , {96} , {'G529', 'G7', 'G386', 'G42', 'G387', 'G515', 'G11', 'G385', 'G49'}
| | | | | | | | | | | | | | | | | | | | | | | | | | | | | | | | | | | | | | | | | | +-- , 96 , set() , {'G114', 'G386', 'G388', 'G387', 'G515', 'G11', 'G385'}
| | | | | | | | | | | | | | | | | | | | | | | | | | | | | | | | | | +-- , 114 , {116} , {'G90', 'G536', 'G540', 'G211', 'G10', 'G547', 'G538', 'G155', 'G75', 'G375', 'G89', 'G50', 'G6', 'G383', 'G379', 'G533', 'G382', 'G9'}
| | | | | | | | | | | | | | | | | | | | | | | | | | | | | | | | | | | +-- , 116 , {118} , {'G90', 'G536', 'G538', 'G155', 'G75', 'G375', 'G89', 'G131', 'G50', 'G383', 'G379', 'G533', 'G6'}
| | | | | | | | | | | | | | | | | | | | | | | | | | | | | | | | | | | | +-- , 118 , {120} , {'G380', 'G90', 'G536', 'G538', 'G75', 'G375', 'G89', 'G131', 'G50', 'G379', 'G533', 'G6'}
| | | | | | | | | | | | | | | | | | | | | | | | | | | | | | | | | | | | | +-- , 120 , {122} , {'G380', 'G90', 'G536', 'G538', 'G75', 'G375', 'G89', 'G50', 'G93', 'G56', 'G533', 'G6', 'G374'}
| | | | | | | | | | | | | | | | | | | | | | | | | | | | | | | | | | | | | | +-- , 122 , set() , {'G90', 'G378', 'G93', 'G56', 'G533', 'G75', 'G89', 'G377', 'G50', 'G376'}
| | | | | | | | | | | | | | | | | | | | | | | | | | | | | | | | | | +-- , 124 , {126} , {'G538', 'G30', 'G9', 'G286', 'G540'}
| | | | | | | | | | | | | | | | | | | | | | | | | | | | | | | | | | | +-- , 126 , set() , {'G503', 'G538', 'G286', 'G30'}
| | | | | | | | | | | | | | | | | | | | | | | | | | | | | | | | | +-- , 132 , {134} , {'G37', 'G234', 'G536', 'G235', 'G6'}
| | | | | | | | | | | | | | | | | | | | | | | | | | | | | | | | | | +-- , 134 , {136} , {'G37', 'G510', 'G536', 'G235', 'G6'}
| | | | | | | | | | | | | | | | | | | | | | | | | | | | | | | | | | | +-- , 136 , set() , {'G510', 'G536', 'G235', 'G6', 'G350'}
| | | | | | | | | | | | | | | | | | | | | | | | | | | | | | | | | +-- , 138 , {140, 142} , {'G279', 'G368', 'G317', 'G372', 'G244', 'G159', 'G536', 'G34', 'G166', 'G533', 'G373', 'G275', 'G371'}
| | | | | | | | | | | | | | | | | | | | | | | | | | | | | | | | | | +-- , 140 , set() , {'G279', 'G368', 'G244', 'G34', 'G542', 'G243', 'G275'}
| | | | | | | | | | | | | | | | | | | | | | | | | | | | | | | | | | +-- , 142 , {144} , {'G279', 'G373', 'G514', 'G372', 'G478'}
| | | | | | | | | | | | | | | | | | | | | | | | | | | | | | | | | | | +-- , 144 , {146} , {'G41', 'G514'}
| | | | | | | | | | | | | | | | | | | | | | | | | | | | | | | | | | | | +-- , 146 , set() , {'G41', 'G546'}
| | | | | | | | | | | | | | | | | | | | | | | | | | | | | | +-- , 148 , {150} , {'G30', 'G7', 'G83', 'G358', 'G355', 'G11', 'G6', 'G116'}
| | | | | | | | | | | | | | | | | | | | | | | | | | | | | | | +-- , 150 , {152} , {'G355', 'G30', 'G83', 'G6', 'G356'}
| | | | | | | | | | | | | | | | | | | | | | | | | | | | | | | | +-- , 152 , set() , {'G476', 'G356', 'G30', 'G6'}
| | | | | | | | | | | | | | | | | | | | | +-- , 178 , set() , {'G164', 'G37', 'G8', 'G234', 'G7', 'G135', 'G92', 'G169', 'G351', 'G5', 'G352', 'G524', 'G221'}
| | | | | | | | | | | | | | | | | | | | | +-- , 180 , set() , {'G296', 'G89', 'G30', 'G484'}
| | | | | | | | | | | | | | | | | | | | | +-- , 156 , {166, 158} , {'G435', 'G8', 'G234', 'G232', 'G133', 'G442', 'G439', 'G38', 'G443', 'G541', 'G162', 'G274', 'I327', 'G165', 'G438', 'G139', 'G121', 'G146'}
| | | | | | | | | | | | | | | | | | | | | | +-- , 166 , {168} , {'G435', 'G232', 'G133', 'G434', 'G165'}
| | | | | | | | | | | | | | | | | | | | | | | +-- , 168 , set() , {'G434', 'G232', 'G165', 'G231'}
| | | | | | | | | | | | | | | | | | | | | | +-- , 158 , {160} , {'G274', 'G234', 'G440', 'G47', 'G443', 'G38', 'G162'}
| | | | | | | | | | | | | | | | | | | | | | | +-- , 160 , {162} , {'G274', 'G47', 'G441', 'G440'}
| | | | | | | | | | | | | | | | | | | | | | | | +-- , 162 , {164} , {'G274', 'G441', 'I330'}
| | | | | | | | | | | | | | | | | | | | | | | | | +-- , 164 , set() , {'G274', 'G236', 'I330'}
| | | | | | | | | | | | | | | | | | +-- , 182 , set() , {'G529', 'G273', 'G489', 'G319'}
| | | | | | | | | | | | | | +-- , 184 , {186} , {'G142', 'G176', 'I493', 'G218'}
| | | | | | | | | | | | | | | +-- , 186 , set() , {'G404', 'I493', 'G403', 'I573', 'G142', 'G176'}
| | | | | | | | | | | | | | +-- , 188 , set() , {'G513', 'G40', 'G125'}
| | | | | | | | | | | | | | +-- , 190 , {192} , {'G175', 'G196', 'G87', 'G494', 'G273', 'G540', 'G55', 'G495', 'G176', 'G3', 'G86', 'G5', 'G4'}
| | | | | | | | | | | | | | | +-- , 192 , set() , {'G175', 'G494', 'G495', 'G173', 'G86', 'G500'}
| | | | | | | | | | +-- , 196 , set() , {'G529', 'G204', 'G345', 'G226', 'G270'}
| | | | | | | | | +-- , 198 , {200} , {'G145', 'G427', 'G433', 'G432', 'G426', 'G535'}
| | | | | | | | | | +-- , 200 , set() , {'I692', 'G145', 'G432'}
| | | | | | | | | +-- , 202 , {204} , {'G174', 'G406', 'G172', 'G87', 'G61'}
| | | | | | | | | | +-- , 204 , set() , {'G174', 'G406', 'I662', 'G61', 'G405'}
| | | | | | | +-- , 206 , set() , {'G247', 'G179', 'G519', 'G46', 'G499', 'G280', 'G541'}
| +-- , 376 , set() , {'G62', 'G187', 'G492', 'G13'}
| +-- , 378 , set() , {'G13', 'G155', 'G179', 'G480'}
| +-- , 380 , set() , {'G154', 'G172', 'G488', 'G12'}


Max number of edges with non zero Y: 207
Max number of iterations of outer rounding loop: 20
Max number of candidate sets: 2
Time spent rounding: 34.110
Time spent solving Separator LP: 84.477
Total time spent solving: 138.700

LP Solver: GaifmanNormal
Lower Bound Witness = ({'G477', 'G239', 'G167', 'G138', 'G352', 'G441', 'G230', 'G549', 'G93', 'G267', 'G349', 'G537', 'G177', 'G103', 'G6', 'G374', 'G49', 'G222', 'G399', 'G536', 'G34', 'I287', 'G133', 'G257', 'G443', 'G124', 'G492', 'G318', 'G53', 'G85', 'G39', 'G474', 'G293', 'G271', 'G522', 'G510', 'G12', 'G448', 'G487', 'G152', 'G531', 'G265', 'G45', 'G235', 'G527', 'I502', 'G348', 'G171', 'G189', 'G208', 'G132', 'I330', 'G416', 'G131', 'G279', 'G33', 'G368', 'G244', 'G56', 'I280', 'G364', 'G440', 'G182', 'G456', 'G94', 'G322', 'I316', 'G523', 'G345', 'G51', 'I327', 'G423', 'G334', 'G130', 'G407', 'G377', 'G544', 'G331', 'G414', 'G490', 'G114', 'G511', 'G291', 'G225', 'G541', 'G207', 'G41', 'G337', 'G395', 'G126', 'G8', 'G445', 'G266', 'G426', 'G176', 'G402', 'I156', 'G119', 'G292', 'G32', 'G57', 'G224', 'G409', 'G417', 'G247', 'G497', 'I374', 'G530', 'G485', 'G457', 'G148', 'G502', 'G109', 'G143', 'G142', 'I218', 'G347', 'G406', 'G96', 'G437', 'G100', 'I493', 'G2', 'G359', 'G351', 'G305', 'G195', 'G335', 'G196', 'G460', 'G281', 'G38', 'G375', 'G482', 'G151', 'G483', 'G125', 'G325', 'G83', 'G169', 'G329', 'G488', 'G454', 'G84', 'G31', 'G339', 'G246', 'G439', 'G363', 'G518', 'G385', 'G516', 'G262', 'G342', 'G63', 'G228', 'G77', 'G55', 'G280', 'G104', 'G520', 'G398', 'G216', 'G401', 'G240', 'G365', 'G475', 'G469', 'G59', 'G145', 'G309', 'G383', 'G508', 'G72', 'G183', 'G411', 'I272', 'G113', 'G366', 'I631', 'G432', 'G301', 'G444', 'G356', 'G539', 'G129', 'G428', 'G101', 'G116', 'G436', 'G154', 'G495', 'G465', 'G526', 'G373', 'G160', 'G284', 'G353', 'G146', 'G278', 'G175', 'G223', 'G317', 'G550', 'G40', 'G320', 'G418', 'G75', 'G458', 'G68', 'G484', 'G403', 'G91', 'G355', 'G73', 'G141', 'G327', 'G187', 'G504', 'G450', 'G201', 'G252', 'G76', 'G524', 'G405', 'G105', 'G220', 'G47', 'G118', 'G295', 'G384', 'G421', 'G500', 'G419', 'G332', 'G155', 'G241', 'G269', 'G462', 'G507', 'G358', 'G390', 'G3', 'I576', 'G514', 'G163', 'G61', 'G338', 'G147', 'G513', 'G311', 'G283', 'G99', 'G255', 'G263', 'G480', 'G321', 'G369', 'G554', 'G551', 'G370', 'G313', 'G70', 'G304', 'G499', 'G62', 'I536', 'G251', 'G194', 'G188', 'G427', 'G97', 'G319', 'G464', 'G48', 'G209', 'G506', 'G214', 'G528', 'G519', 'G139', 'G181', 'G213', 'G272', 'G226', 'G471', 'G538', 'G186', 'G391', 'G193', 'G4', 'G54', 'G215', 'G115', 'G69', 'G242', 'G392', 'G535', 'G110', 'G140', 'G393', 'G397', 'G378', 'G87', 'G389', 'G137', 'G199', 'G46', 'G157', 'G117', 'G381', 'G498', 'G30', 'G287', 'G233', 'G388', 'G425', 'G165', 'G264', 'G200', 'G52', 'G533', 'G158', 'G205', 'G509', 'I371', 'G286', 'G178', 'G7', 'G108', 'G210', 'G67', 'G422', 'G376', 'G529', 'G503', 'G468', 'G29', 'G149', 'G297', 'G346', 'G362', 'G185', 'G433', 'G479', 'G379', 'G212', 'G357', 'G420', 'G106', 'G478', 'G184', 'G396', 'G88', 'G552', 'G435', 'G204', 'G66', 'G328', 'G442', 'I352', 'G86', 'I662', 'G219', 'G254', 'G473', 'G80', 'G361', 'G486', 'G174', 'G227', 'G123', 'G543', 'G232', 'G386', 'G231', 'G449', 'G211', 'G273', 'G461', 'G44', 'G5', 'G164', 'G35', 'G408', 'G136', 'G179', 'G400', 'G245', 'G190', 'G290', 'G221', 'G253', 'G314', 'G285', 'G166', 'G532', 'G415', 'G173', 'G534', 'G50', 'G300', 'G120', 'G161', 'G107', 'G553', 'G206', 'G341', 'G299', 'G79', 'G380', 'G37', 'G277', 'G372', 'G172', 'G333', 'G192', 'G308', 'G315', 'G82', 'G367', 'I276', 'G326', 'G294', 'G413', 'G1', 'G98', 'G491', 'G217', 'G517', 'G268', 'G180', 'G476', 'G470', 'G330', 'G344', 'G306', 'G127', 'G546', 'G159', 'G494', 'G446', 'G270', 'G58', 'I295', 'G250', 'G197', 'G493', 'G112', 'G238', 'G256', 'G452', 'I573', 'G501', 'G134', 'G259', 'I692', 'G198', 'G276', 'G350', 'G310', 'G404', 'G459', 'G92', 'G81', 'G236', 'G111', 'G153', 'G312', 'G218', 'G162', 'G447', 'G289', 'G431', 'G258', 'G424', 'G296', 'G156', 'G496', 'G13', 'G525', 'G43', 'G340', 'G0', 'G302', 'G324', 'G521', 'G89', 'G202', 'G542', 'G248', 'G307', 'G168', 'G472', 'G60', 'G249', 'G505', 'G515', 'G191', 'G343', 'G74', 'G382', 'G9', 'G261', 'G371', 'G90', 'G412', 'G282', 'I249', 'G42', 'G95', 'G298', 'G545', 'G463', 'G429', 'I529', 'G430', 'G394', 'G438', 'G451', 'G354', 'I624', 'G360', 'G170', 'G234', 'G323', 'G36', 'G434', 'G10', 'G336', 'G11', 'G237', 'G150', 'G275', 'I386', 'G122', 'G316', 'G303', 'G512', 'G78', 'G288', 'G455', 'G121', 'G203', 'G489', 'G102', 'G144', 'G260', 'G135', 'G540', 'G387', 'G548', 'G547', 'G453', 'G274', 'G128', 'G229', 'G64', 'G410', 'G71', 'G243'}, {'G126', 'G37', 'G510', 'G277', 'G365', 'G231', 'G36', 'G10', 'G199', 'G38', 'G44', 'G521', 'G185', 'G241', 'G306', 'G269', 'G483', 'G30', 'G83', 'G93', 'G183', 'G411', 'G358', 'G267', 'G505', 'G366', 'G349', 'G288', 'G245', 'G488', 'G74', 'I374', 'G141', 'G187', 'G338', 'G260', 'G66', 'G92', 'G42', 'G236', 'G285', 'I352', 'G538', 'G186', 'G517', 'G415', 'G201', 'G252', 'G255', 'G96', 'G124', 'G300', 'G128', 'G105', 'G2', 'G330', 'G486', 'G242', 'G392', 'G56', 'G118', 'G499', 'G43', 'I624', 'G123', 'G360', 'G299', 'G525', 'G127', 'G194'})