134, 0, 73.0, 73
+-- , 0 , {5, 263, 265, 267, 269, 235, 237, 109, 111, 113, 243, 115, 249, 251, 253, 255} , {'G427', 'G277', 'G97', 'G372', 'G172', 'G196', 'G319', 'G281', 'G308', 'G315', 'G151', 'G441', 'G528', 'G329', 'G413', 'G177', 'G103', 'G6', 'G181', 'G1', 'G98', 'G226', 'G471', 'I287', 'G443', 'G517', 'G268', 'G341', 'G4', 'G262', 'G342', 'G228', 'G470', 'G215', 'G54', 'G318', 'G115', 'G69', 'G242', 'G392', 'G77', 'G55', 'G344', 'G393', 'G280', 'G306', 'G216', 'G522', 'G240', 'G12', 'G87', 'G475', 'G59', 'G469', 'G487', 'G117', 'G157', 'G46', 'G270', 'G152', 'G145', 'G112', 'G498', 'G233', 'G183', 'G113', 'G165', 'G200', 'G52', 'G527', 'G158', 'G205', 'G310', 'G348', 'G404', 'G132', 'G189', 'G459', 'G81', 'G111', 'G129', 'G416', 'G428', 'G101', 'G162', 'G279', 'G178', 'G7', 'G424', 'G296', 'G373', 'G353', 'G278', 'G529', 'G175', 'G317', 'G440', 'G0', 'G418', 'G362', 'G322', 'G458', 'G521', 'G185', 'G89', 'G479', 'G248', 'G307', 'G60', 'G484', 'G523', 'I327', 'G420', 'G191', 'G106', 'G478', 'G141', 'G327', 'G414', 'G204', 'G66', 'G328', 'G42', 'G86', 'G298', 'G225', 'G252', 'G219', 'G524', 'G405', 'G429', 'G105', 'G473', 'G430', 'G361', 'G394', 'G47', 'G174', 'G354', 'G395', 'G360', 'G421', 'G500', 'G419', 'G8', 'G231', 'G36', 'G434', 'G426', 'G155', 'G11', 'G5', 'G35', 'G32', 'G57', 'G122', 'G409', 'G417', 'G247', 'G507', 'G358', 'G3', 'G78', 'G290', 'G457', 'G102', 'G147', 'G513', 'G144', 'G253', 'G135', 'G314', 'G285', 'G143', 'G548', 'G166', 'G173', 'G415', 'G406', 'G534', 'G300', 'G128', 'G551', 'G313', 'G2', 'G359', 'G305', 'G62', 'G206', 'G195', 'G299', 'G79', 'G194'}
| +-- , 5 , {7, 105, 107} , {'G37', 'G196', 'G372', 'G460', 'G319', 'G38', 'G441', 'G528', 'G413', 'G177', 'G103', 'G6', 'G454', 'G1', 'G471', 'G268', 'G4', 'G342', 'G330', 'G54', 'G77', 'G215', 'G55', 'G242', 'G318', 'G115', 'G393', 'G87', 'G469', 'G270', 'G46', 'G112', 'G183', 'I272', 'G113', 'G200', 'G404', 'G444', 'G92', 'G81', 'G111', 'G416', 'G428', 'G218', 'G162', 'G279', 'G7', 'G296', 'G373', 'G353', 'G529', 'G317', 'G440', 'G0', 'G521', 'G458', 'G89', 'G248', 'G212', 'G484', 'G191', 'G414', 'G204', 'G42', 'G86', 'G225', 'G524', 'G405', 'G429', 'G105', 'G473', 'G361', 'G8', 'G445', 'G231', 'G36', 'G273', 'G426', 'G155', 'G11', 'G5', 'G122', 'G247', 'G507', 'G358', 'G3', 'G78', 'G163', 'G61', 'G253', 'G135', 'G540', 'G143', 'G166', 'G173', 'G406', 'G534', 'G321', 'I493', 'G2', 'G359', 'G206', 'G341', 'G79'}
| | +-- , 7 , {9, 103} , {'G529', 'G37', 'G317', 'G372', 'G440', 'G460', 'G0', 'G167', 'G38', 'G521', 'G89', 'G352', 'G248', 'G441', 'G212', 'G484', 'G51', 'G528', 'G519', 'G191', 'G413', 'G177', 'G103', 'G6', 'G454', 'G414', 'G1', 'G204', 'G42', 'G471', 'G34', 'G217', 'G225', 'G268', 'G524', 'G463', 'G342', 'G429', 'G473', 'G330', 'G54', 'G77', 'G318', 'G361', 'G242', 'G393', 'G227', 'G474', 'G293', 'G127', 'G8', 'G445', 'G231', 'G36', 'G273', 'G270', 'G46', 'G155', 'G461', 'G11', 'G5', 'G112', 'G164', 'G462', 'I272', 'G247', 'G113', 'G507', 'G200', 'G358', 'G78', 'G163', 'G455', 'G61', 'G148', 'G444', 'G135', 'G92', 'G540', 'G111', 'G143', 'G166', 'G416', 'G534', 'G428', 'G218', 'G321', 'G279', 'G7', 'G359', 'G296', 'G373', 'G206', 'G341'}
| | | +-- , 9 , {11, 101} , {'G529', 'G37', 'G317', 'G372', 'G440', 'G167', 'G38', 'G89', 'G202', 'G352', 'G248', 'G472', 'G209', 'G441', 'G212', 'G484', 'G51', 'G528', 'G515', 'G191', 'G413', 'G177', 'G103', 'G6', 'G414', 'G213', 'G1', 'G204', 'G42', 'G471', 'G34', 'G217', 'G201', 'G225', 'G268', 'G524', 'G342', 'G473', 'G330', 'G54', 'G318', 'G361', 'G227', 'G337', 'G474', 'G293', 'G127', 'G8', 'G234', 'G445', 'G231', 'G36', 'G273', 'G270', 'G155', 'G461', 'G11', 'G5', 'G112', 'G164', 'G462', 'I272', 'G247', 'G113', 'G358', 'G200', 'G78', 'G444', 'G92', 'G540', 'G111', 'G143', 'G166', 'G534', 'G321', 'G279', 'G7', 'G359', 'G296', 'G373', 'G341'}
| | | | +-- , 11 , {13} , {'G529', 'G37', 'G317', 'G372', 'G167', 'G89', 'G202', 'G352', 'G472', 'G209', 'G441', 'G484', 'G51', 'G528', 'G169', 'G515', 'G191', 'G413', 'G177', 'G103', 'G6', 'G9', 'G414', 'G213', 'G204', 'G34', 'G217', 'G201', 'G225', 'G268', 'G524', 'G342', 'G318', 'G227', 'G337', 'G293', 'G127', 'G8', 'G232', 'G445', 'G231', 'G234', 'G36', 'G273', 'G270', 'G155', 'G461', 'G11', 'G5', 'G112', 'G383', 'G164', 'G462', 'G136', 'G113', 'G358', 'G200', 'G78', 'G190', 'G203', 'G221', 'G444', 'I330', 'G92', 'G540', 'G143', 'G166', 'G534', 'G131', 'G321', 'G279', 'G7', 'G359', 'G351', 'G296', 'G373', 'G341'}
| | | | | +-- , 13 , {97, 99, 95, 15} , {'G529', 'G37', 'G317', 'G372', 'G167', 'G89', 'G202', 'G209', 'G484', 'G51', 'G528', 'G515', 'G191', 'G413', 'G177', 'G103', 'G9', 'G6', 'G414', 'G213', 'G339', 'G34', 'G217', 'G193', 'G201', 'G225', 'G268', 'G342', 'G227', 'G337', 'G293', 'G127', 'G8', 'G232', 'G445', 'G234', 'G36', 'G273', 'G270', 'G199', 'G155', 'G461', 'G11', 'G5', 'G112', 'G383', 'G164', 'G462', 'G136', 'G358', 'G259', 'G113', 'G200', 'G78', 'G533', 'G190', 'G203', 'G338', 'G221', 'G444', 'I330', 'G540', 'G143', 'G166', 'G534', 'G131', 'G321', 'G279', 'G7', 'G258', 'G359', 'G296', 'G373', 'G341'}
| | | | | | +-- , 97 , set() , {'G414', 'G199', 'I386'}
| | | | | | +-- , 99 , set() , {'G130', 'G9', 'G259', 'G225'}
| | | | | | +-- , 95 , set() , {'G340', 'G342', 'G8', 'G232', 'G339', 'G540', 'G270', 'G413', 'G201', 'G197', 'G73'}
| | | | | | +-- , 15 , {17} , {'G529', 'G37', 'G317', 'G372', 'G167', 'G89', 'G202', 'G484', 'G51', 'G528', 'G326', 'G515', 'G191', 'G177', 'G103', 'G9', 'G6', 'G213', 'G31', 'G34', 'G217', 'G193', 'G201', 'G225', 'G268', 'G227', 'G337', 'G293', 'G127', 'G8', 'G232', 'G445', 'G234', 'G36', 'G273', 'G155', 'G461', 'G11', 'G5', 'G112', 'G383', 'G164', 'G462', 'G388', 'G136', 'G358', 'G113', 'G78', 'G533', 'G190', 'G338', 'G221', 'G444', 'I330', 'G540', 'G387', 'G166', 'G534', 'G131', 'G321', 'G279', 'G7', 'G258', 'G359', 'G296', 'G373', 'G341'}
| | | | | | | +-- , 17 , {19} , {'G529', 'G37', 'G317', 'G372', 'G167', 'G89', 'G202', 'G484', 'G51', 'G528', 'G326', 'G191', 'G177', 'G103', 'G9', 'G6', 'G213', 'G31', 'G34', 'G217', 'G193', 'G201', 'G225', 'G268', 'G118', 'G227', 'G337', 'G293', 'G127', 'G8', 'G232', 'G445', 'G234', 'G36', 'G273', 'G155', 'G461', 'G11', 'G5', 'G531', 'G383', 'G164', 'G462', 'G388', 'G136', 'G358', 'G113', 'G78', 'G533', 'G190', 'G338', 'G221', 'G444', 'I330', 'G540', 'G387', 'G166', 'G534', 'G131', 'G321', 'G279', 'G7', 'G258', 'G296', 'G373', 'G341'}
| | | | | | | | +-- , 19 , {21} , {'G529', 'G37', 'G317', 'G372', 'G167', 'G89', 'G202', 'G484', 'G83', 'G51', 'G528', 'G326', 'G191', 'G177', 'G103', 'G9', 'G6', 'G213', 'G504', 'G31', 'G34', 'G217', 'G193', 'G201', 'G225', 'G268', 'G227', 'G293', 'G127', 'G8', 'G232', 'G445', 'G234', 'G36', 'G273', 'G155', 'G11', 'G5', 'G531', 'G383', 'G164', 'G462', 'G388', 'G136', 'G358', 'G113', 'G78', 'G533', 'G190', 'G221', 'G444', 'I330', 'G540', 'G236', 'G387', 'G166', 'G534', 'G131', 'G321', 'G279', 'G7', 'G258', 'G296', 'G373'}
| | | | | | | | | +-- , 21 , {23} , {'G529', 'G37', 'G317', 'G372', 'G167', 'G89', 'G202', 'G168', 'G484', 'G83', 'G51', 'G528', 'G326', 'G191', 'G177', 'G103', 'G9', 'G6', 'G213', 'G504', 'G31', 'G34', 'G217', 'G193', 'G201', 'G225', 'G268', 'G227', 'G293', 'G127', 'G8', 'G232', 'G445', 'G234', 'G36', 'G273', 'G10', 'G155', 'G11', 'G5', 'G531', 'G383', 'G164', 'G462', 'G388', 'G136', 'G113', 'G78', 'G533', 'G190', 'G221', 'G444', 'G540', 'G236', 'G387', 'G166', 'G534', 'G131', 'G321', 'G274', 'G279', 'G7', 'G258', 'G296', 'G373'}
| | | | | | | | | | +-- , 23 , {87, 25, 91, 93} , {'G529', 'G37', 'G317', 'G372', 'G192', 'G75', 'G89', 'G202', 'G168', 'G484', 'G83', 'G51', 'G528', 'G267', 'G326', 'G191', 'G177', 'G103', 'G9', 'G6', 'G371', 'G213', 'G504', 'G31', 'G34', 'G217', 'G538', 'G193', 'G201', 'G225', 'G268', 'G63', 'G227', 'G293', 'G127', 'G8', 'G232', 'G445', 'G234', 'G36', 'G273', 'G10', 'G155', 'G11', 'G5', 'G531', 'G383', 'G164', 'G462', 'G388', 'G136', 'G113', 'G78', 'G533', 'G190', 'G221', 'G444', 'G540', 'G387', 'G166', 'G534', 'G131', 'G321', 'G274', 'G279', 'G161', 'G7', 'G258', 'G296', 'G373'}
| | | | | | | | | | | +-- , 87 , {89} , {'G529', 'G260', 'G445', 'G10', 'G201', 'G75', 'G11', 'G237', 'G225', 'G51', 'G53', 'G528', 'G191', 'G227', 'G9'}
| | | | | | | | | | | | +-- , 89 , set() , {'G53', 'G264', 'G10', 'G191', 'G11', 'G227', 'G237', 'G9', 'G482', 'G241'}
| | | | | | | | | | | +-- , 25 , {81, 85, 27} , {'G529', 'G37', 'G317', 'G8', 'G232', 'G372', 'G234', 'G36', 'G273', 'G211', 'G10', 'G155', 'G75', 'G11', 'G5', 'G89', 'G531', 'G383', 'G164', 'G30', 'G484', 'G83', 'G388', 'G136', 'G113', 'G267', 'G326', 'G78', 'G533', 'G177', 'G103', 'G190', 'G9', 'G6', 'G49', 'G371', 'G221', 'G213', 'G444', 'G31', 'G509', 'G34', 'G217', 'G540', 'G538', 'G166', 'G193', 'G268', 'G534', 'G131', 'G321', 'G274', 'G279', 'G161', 'G63', 'G7', 'G258', 'G64', 'G296', 'G127'}
| | | | | | | | | | | | +-- , 81 , {83} , {'G538', 'G30', 'G9', 'G286', 'G540'}
| | | | | | | | | | | | | +-- , 83 , set() , {'G503', 'G538', 'G286', 'G30'}
| | | | | | | | | | | | +-- , 85 , set() , {'G274', 'G64', 'G297', 'G296', 'G166', 'G534'}
| | | | | | | | | | | | +-- , 27 , {29} , {'G529', 'G37', 'G317', 'G372', 'G75', 'G375', 'G89', 'G83', 'G357', 'G267', 'G326', 'G177', 'G103', 'G9', 'G6', 'G49', 'G331', 'G371', 'G213', 'G31', 'G34', 'G217', 'G538', 'G268', 'G127', 'G8', 'G232', 'G234', 'G273', 'G211', 'G10', 'G155', 'G11', 'G5', 'G531', 'G383', 'G164', 'G30', 'G388', 'G136', 'G113', 'G533', 'G190', 'G221', 'G509', 'G540', 'G166', 'G131', 'G321', 'G274', 'G279', 'G161', 'G7', 'G258', 'G64'}
| | | | | | | | | | | | | +-- , 29 , {77, 75, 31, 79} , {'G529', 'G37', 'G317', 'G8', 'G232', 'G372', 'G234', 'G273', 'G211', 'G10', 'G155', 'G75', 'G11', 'G375', 'G89', 'G531', 'G383', 'G164', 'G30', 'G83', 'G230', 'G388', 'G136', 'G113', 'G357', 'G267', 'G326', 'G533', 'G103', 'G190', 'G9', 'G6', 'G49', 'G331', 'G371', 'G221', 'G213', 'G31', 'G257', 'G34', 'G217', 'G538', 'G166', 'G268', 'G131', 'G50', 'G321', 'G274', 'G279', 'G161', 'G7', 'G258', 'G64', 'G127'}
| | | | | | | | | | | | | | +-- , 77 , set() , {'G274', 'G389', 'G113', 'G390', 'G9', 'G89', 'G50'}
| | | | | | | | | | | | | | +-- , 75 , set() , {'G357', 'G265', 'G50', 'G232'}
| | | | | | | | | | | | | | +-- , 31 , {33, 67} , {'G529', 'G37', 'G317', 'G8', 'G232', 'G372', 'G234', 'G273', 'G211', 'G10', 'G155', 'G75', 'G11', 'G375', 'G89', 'G531', 'G275', 'G383', 'G164', 'G30', 'G83', 'G388', 'G136', 'G267', 'G326', 'G533', 'G103', 'G9', 'G6', 'G49', 'G371', 'G221', 'G213', 'G114', 'G31', 'G34', 'G538', 'G268', 'G131', 'G50', 'G321', 'G274', 'G279', 'G161', 'G7', 'G258', 'G64', 'G127'}
| | | | | | | | | | | | | | | +-- , 33 , {65, 35} , {'G529', 'G223', 'G37', 'G317', 'G464', 'G75', 'G375', 'G89', 'G379', 'G267', 'G326', 'G103', 'G9', 'G6', 'G49', 'G371', 'G114', 'G31', 'G34', 'G538', 'G391', 'G268', 'G127', 'G8', 'G232', 'G234', 'G273', 'G211', 'G10', 'G155', 'G11', 'G531', 'G275', 'G383', 'G164', 'G136', 'G533', 'G221', 'G131', 'G50', 'G321', 'G279', 'G161', 'G368', 'G7', 'G258', 'G243'}
| | | | | | | | | | | | | | | | +-- , 65 , set() , {'G279', 'G317', 'G8', 'G244', 'G159', 'G34', 'G155', 'G245', 'G6', 'G542', 'G243', 'G371'}
| | | | | | | | | | | | | | | | +-- , 35 , {37} , {'G529', 'G223', 'G37', 'G8', 'G232', 'G234', 'G273', 'G10', 'G11', 'G464', 'G75', 'G375', 'G89', 'G531', 'G383', 'G164', 'G379', 'G136', 'G267', 'G326', 'G533', 'G74', 'G9', 'G6', 'G49', 'G221', 'G114', 'G31', 'G34', 'G538', 'G391', 'G131', 'G50', 'G321', 'G161', 'G368', 'G7', 'G220'}
| | | | | | | | | | | | | | | | | +-- , 37 , {61, 39} , {'G529', 'G223', 'G37', 'G8', 'G386', 'G232', 'G234', 'G273', 'G10', 'G464', 'G75', 'G375', 'G89', 'G531', 'G383', 'G164', 'G379', 'G136', 'G267', 'G326', 'G533', 'G9', 'G6', 'G49', 'G221', 'G114', 'G31', 'G34', 'G538', 'G385', 'G131', 'G50', 'G321', 'G161', 'G368', 'G7', 'G220', 'G71'}
| | | | | | | | | | | | | | | | | | +-- , 61 , {63} , {'G7', 'G220', 'G34', 'G547', 'G71', 'G382', 'G9', 'G100', 'G383'}
| | | | | | | | | | | | | | | | | | | +-- , 63 , set() , {'G7', 'G220', 'G71', 'G100', 'G381'}
| | | | | | | | | | | | | | | | | | +-- , 39 , {41, 45, 49, 53, 59} , {'G529', 'G380', 'G223', 'G37', 'G232', 'G386', 'G234', 'G273', 'G10', 'G464', 'G75', 'G375', 'G89', 'G531', 'G164', 'G379', 'G136', 'G267', 'G326', 'G533', 'G9', 'G6', 'G221', 'G31', 'G536', 'G538', 'G131', 'G50', 'G321', 'G161', 'G368', 'G7', 'G85', 'G71', 'G384'}
| | | | | | | | | | | | | | | | | | | +-- , 41 , {43} , {'G84', 'G7', 'G239', 'G536', 'G85', 'G267', 'G538', 'G533', 'G384'}
| | | | | | | | | | | | | | | | | | | | +-- , 43 , set() , {'G369', 'G84', 'I249', 'G239', 'G538', 'I316', 'G370'}
| | | | | | | | | | | | | | | | | | | +-- , 45 , {47} , {'G380', 'G90', 'G536', 'G538', 'G75', 'G375', 'G89', 'G50', 'G321', 'G93', 'G533', 'G6', 'G374', 'G376'}
| | | | | | | | | | | | | | | | | | | | +-- , 47 , set() , {'G90', 'G374', 'G378', 'G93', 'G56', 'G375', 'G89', 'G377', 'G50', 'G376'}
| | | | | | | | | | | | | | | | | | | +-- , 49 , {51} , {'G223', 'G31', 'G536', 'G273', 'G10', 'G224', 'G7', 'G325', 'G136', 'G326', 'G533', 'G221'}
| | | | | | | | | | | | | | | | | | | | +-- , 51 , set() , {'G7', 'G224', 'G222', 'G325', 'G536', 'G136', 'G10', 'G533', 'G221'}
| | | | | | | | | | | | | | | | | | | +-- , 53 , {55} , {'G37', 'G234', 'G536', 'G235', 'G6'}
| | | | | | | | | | | | | | | | | | | | +-- , 55 , {57} , {'G37', 'G510', 'G536', 'G235', 'G6'}
| | | | | | | | | | | | | | | | | | | | | +-- , 57 , set() , {'G510', 'G536', 'G235', 'G6', 'G350'}
| | | | | | | | | | | | | | | | | | | +-- , 59 , set() , {'G161', 'G72', 'G316', 'G536', 'G71', 'G464', 'G531'}
| | | | | | | | | | | | | | | +-- , 67 , {69} , {'G30', 'G372', 'G83', 'G155', 'G11', 'G9', 'G6', 'G116', 'G275'}
| | | | | | | | | | | | | | | | +-- , 69 , {71} , {'G30', 'G83', 'G355', 'G11', 'G6', 'G116'}
| | | | | | | | | | | | | | | | | +-- , 71 , {73} , {'G355', 'G30', 'G83', 'G6', 'G356'}
| | | | | | | | | | | | | | | | | | +-- , 73 , set() , {'G476', 'G356', 'G30', 'G6'}
| | | | | | | | | | | | | | +-- , 79 , set() , {'G230', 'G490', 'G8', 'G190'}
| | | | | | | | | | | +-- , 91 , set() , {'G161', 'G373', 'G160', 'G34'}
| | | | | | | | | | | +-- , 93 , set() , {'G292', 'G504', 'G538', 'G75', 'G293'}
| | | | +-- , 101 , set() , {'G330', 'G273', 'G249', 'G201', 'G11', 'G248'}
| | | +-- , 103 , set() , {'G511', 'G38', 'G164', 'G163'}
| | +-- , 105 , set() , {'G495', 'G173', 'G273'}
| | +-- , 107 , set() , {'G529', 'G273', 'G489', 'G319'}
| +-- , 263 , set() , {'I662', 'G174', 'G405'}
| +-- , 265 , set() , {'G35', 'G318', 'G508', 'G319'}
| +-- , 267 , set() , {'G354', 'G215', 'G214', 'G0'}
| +-- , 269 , set() , {'G299', 'G77', 'I352'}
| +-- , 235 , set() , {'G522', 'G287', 'G81', 'G206', 'G524'}
| +-- , 237 , {239} , {'G373', 'G514', 'G372', 'G478'}
| | +-- , 239 , {241} , {'G41', 'G514'}
| | | +-- , 241 , set() , {'G41', 'G546'}
| +-- , 109 , set() , {'G240', 'G135', 'G521', 'G134', 'G3', 'G5', 'G395', 'G195', 'G4'}
| +-- , 111 , set() , {'G1', 'G394', 'G59', 'G3', 'G58', 'G5'}
| +-- , 113 , set() , {'G205', 'G298', 'G497', 'G5'}
| +-- , 243 , {245, 247} , {'G240', 'G122', 'G2', 'G528', 'G333', 'G238', 'G332', 'G307', 'G104', 'G6', 'G524', 'G278'}
| | +-- , 245 , set() , {'G332', 'G238', 'I276'}
| | +-- , 247 , set() , {'I218', 'G528', 'G333'}
| +-- , 115 , {227, 117, 217} , {'G427', 'G172', 'G277', 'G281', 'G315', 'G528', 'G349', 'G329', 'G139', 'G6', 'G181', 'G1', 'G98', 'G226', 'I287', 'G439', 'G443', 'G517', 'G363', 'G4', 'G262', 'G77', 'G69', 'G344', 'G280', 'G271', 'G522', 'G12', 'G494', 'G59', 'G137', 'G117', 'G157', 'G152', 'G145', 'G256', 'G183', 'G425', 'G165', 'G52', 'G158', 'G205', 'G301', 'G348', 'G404', 'G208', 'G459', 'G101', 'G178', 'G424', 'G156', 'G284', 'G529', 'G175', 'G0', 'G362', 'G322', 'G185', 'G523', 'I327', 'G505', 'G141', 'G66', 'G442', 'G95', 'G219', 'G524', 'G254', 'G430', 'G174', 'G421', 'G8', 'G434', 'G155', 'G150', 'G119', 'G269', 'G32', 'G122', 'G409', 'G417', 'G179', 'G3', 'G290', 'G102', 'G147', 'G513', 'G457', 'G144', 'G311', 'G314', 'G285', 'G283', 'G347', 'G415', 'G173', 'G255', 'G96', 'G300', 'G128', 'G313', 'G2', 'G304', 'G499', 'G62', 'G79', 'G194'}
| | +-- , 227 , {229} , {'G1', 'G122', 'G304', 'G281', 'G117', 'G303', 'G294', 'G150', 'G194'}
| | | +-- , 229 , {233, 231} , {'G303', 'G120', 'G295', 'G294', 'G122', 'G194'}
| | | | +-- , 233 , set() , {'G122', 'G491', 'G295', 'G194'}
| | | | +-- , 231 , set() , {'I624', 'G303', 'G120'}
| | +-- , 117 , {205, 209, 213, 119, 215} , {'G427', 'G172', 'G277', 'G281', 'G315', 'G48', 'G528', 'G139', 'G6', 'G181', 'G1', 'G98', 'G246', 'G226', 'G439', 'G517', 'G363', 'G518', 'G4', 'G262', 'G77', 'G344', 'G280', 'G271', 'G522', 'G12', 'G365', 'G494', 'G59', 'G137', 'G117', 'G157', 'G145', 'G256', 'G183', 'G411', 'G425', 'G165', 'G158', 'G205', 'G301', 'G404', 'G171', 'G208', 'G459', 'G101', 'G431', 'G156', 'G284', 'G529', 'G175', 'G40', 'G0', 'G322', 'G94', 'G185', 'G523', 'I327', 'G91', 'G141', 'G261', 'G282', 'G66', 'G442', 'G450', 'G95', 'G219', 'G524', 'G80', 'G430', 'G174', 'G421', 'G8', 'G323', 'G266', 'G434', 'G155', 'G119', 'G269', 'G32', 'G122', 'G409', 'G417', 'G179', 'G3', 'G290', 'G102', 'G147', 'G513', 'G457', 'G144', 'G311', 'G283', 'G415', 'G255', 'G96', 'G128', 'G2', 'G499', 'G62', 'I536', 'G79'}
| | | +-- , 205 , {207} , {'G126', 'G552', 'G367', 'G269', 'G364', 'G365', 'G2', 'G40', 'G109', 'G157', 'G366', 'G155', 'G363', 'G219'}
| | | | +-- , 207 , set() , {'G366', 'G40', 'G155', 'G125'}
| | | +-- , 209 , {211} , {'G517', 'G431', 'G67', 'G524'}
| | | | +-- , 211 , set() , {'G517', 'G67', 'G44'}
| | | +-- , 213 , set() , {'G45', 'G518'}
| | | +-- , 119 , {121, 203, 125} , {'G427', 'G172', 'G277', 'G281', 'G315', 'G528', 'G139', 'G181', 'G1', 'G98', 'G246', 'G439', 'G186', 'G4', 'G77', 'G344', 'G280', 'G397', 'G398', 'G271', 'G522', 'G12', 'G494', 'G157', 'G145', 'G501', 'G183', 'G411', 'G425', 'G165', 'G158', 'G205', 'G301', 'G404', 'G171', 'G208', 'G459', 'G101', 'G210', 'G526', 'G156', 'G284', 'G422', 'G529', 'G175', 'G320', 'G0', 'G324', 'G322', 'G94', 'G185', 'G523', 'G403', 'I327', 'G91', 'G343', 'G141', 'G544', 'G435', 'G282', 'G66', 'G442', 'G95', 'G524', 'G80', 'G174', 'G8', 'G323', 'G266', 'G434', 'G176', 'G155', 'G119', 'G32', 'G122', 'G417', 'G179', 'G3', 'G290', 'G102', 'G147', 'G457', 'G311', 'G142', 'G415', 'G255', 'G437', 'G128', 'G229', 'G2', 'G553', 'G499', 'G62', 'I536'}
| | | | +-- , 121 , {123} , {'G529', 'G301', 'G208', 'G229', 'G122', 'G528', 'G486', 'G68', 'G4'}
| | | | | +-- , 123 , set() , {'G529', 'G528', 'G302', 'G68', 'G4'}
| | | | +-- , 203 , set() , {'G176', 'I573', 'G403'}
| | | | +-- , 125 , {159, 195, 199, 201, 189, 127} , {'G529', 'G175', 'G477', 'G427', 'G172', 'G277', 'G422', 'G320', 'G0', 'G281', 'G185', 'G315', 'G523', 'G549', 'G528', 'G91', 'G139', 'G396', 'G184', 'G187', 'G544', 'G181', 'G1', 'G412', 'G435', 'G282', 'G133', 'G442', 'G95', 'G439', 'G186', 'G516', 'G524', 'G541', 'G4', 'G525', 'G77', 'G174', 'G280', 'G397', 'G398', 'G271', 'G522', 'G8', 'G12', 'G434', 'G446', 'G157', 'G176', 'G155', 'G145', 'G119', 'G32', 'G122', 'G183', 'G411', 'G425', 'G165', 'G417', 'G179', 'G3', 'G290', 'G205', 'G457', 'G171', 'G208', 'G459', 'G311', 'G142', 'G415', 'G255', 'G437', 'G128', 'G2', 'G210', 'G553', 'G410', 'G526', 'G156', 'G499', 'G62', 'I536', 'G284', 'G146'}
| | | | | +-- , 159 , {161, 185, 187} , {'G529', 'G175', 'G271', 'G522', 'G277', 'G172', 'G12', 'G320', 'G446', 'G0', 'G281', 'G155', 'G145', 'G309', 'G183', 'G528', 'G91', 'G3', 'G400', 'G139', 'G396', 'G88', 'G457', 'G1', 'G272', 'G459', 'G76', 'G255', 'G4', 'G447', 'G2', 'G210', 'G284'}
| | | | | | +-- , 161 , {163, 165, 171, 175, 179, 183} , {'G401', 'G522', 'G1', 'G272', 'G459', 'G172', 'G12', 'G0', 'G155', 'G145', 'G4', 'G154', 'G2', 'G210', 'G183', 'G91', 'G110', 'G3', 'G400', 'I692', 'G488', 'G139', 'G88', 'G520', 'G457'}
| | | | | | | +-- , 163 , set() , {'G459', 'G3', 'I295', 'G198', 'G520'}
| | | | | | | +-- , 165 , {167} , {'G154', 'G522', 'G139', 'G449', 'G88'}
| | | | | | | | +-- , 167 , {169} , {'G522', 'G139', 'G448', 'G449', 'G153'}
| | | | | | | | | +-- , 169 , set() , {'G449', 'G537', 'G448'}
| | | | | | | +-- , 171 , {173} , {'G401', 'G154', 'G402', 'G183'}
| | | | | | | | +-- , 173 , set() , {'G402', 'G401', 'G530'}
| | | | | | | +-- , 175 , {177} , {'G107', 'G520', 'G4', 'G457'}
| | | | | | | | +-- , 177 , set() , {'G456', 'G107', 'I374', 'G520'}
| | | | | | | +-- , 179 , {181} , {'G154', 'I692', 'G432', 'G433', 'G91'}
| | | | | | | | +-- , 181 , set() , {'G433', 'G432', 'G535'}
| | | | | | | +-- , 183 , set() , {'G1', 'G399', 'G110', 'G400', 'G520'}
| | | | | | +-- , 185 , set() , {'I280', 'G309', 'G272'}
| | | | | | +-- , 187 , set() , {'G175', 'G447', 'I576'}
| | | | | +-- , 195 , {197} , {'G128', 'G422', 'G423', 'G541'}
| | | | | | +-- , 197 , set() , {'G532', 'G422', 'G423'}
| | | | | +-- , 199 , set() , {'G3', 'G207', 'G208', 'G412'}
| | | | | +-- , 201 , set() , {'G8', 'G133', 'G442', 'G438', 'G439', 'G121', 'G146', 'G541'}
| | | | | +-- , 189 , {191} , {'G554', 'G452', 'G553', 'G451', 'G186', 'G526', 'G184', 'G187', 'G544', 'G541'}
| | | | | | +-- , 191 , {193} , {'G452', 'G539', 'G451', 'G186', 'G544', 'G453'}
| | | | | | | +-- , 193 , set() , {'G186', 'G545', 'G544', 'G453'}
| | | | | +-- , 127 , {129, 131, 157} , {'G477', 'G12', 'G0', 'G157', 'G155', 'G119', 'G315', 'G32', 'G523', 'G122', 'G417', 'G179', 'G3', 'G184', 'G290', 'G187', 'G544', 'G181', 'G171', 'G282', 'G311', 'G516', 'G524', 'G541', 'G437', 'G289', 'G2', 'G70', 'G210', 'G77', 'G174', 'G499', 'G156', 'G465', 'G62', 'G13', 'G146', 'G43'}
| | | | | | +-- , 129 , set() , {'G13', 'G155', 'G179', 'G480'}
| | | | | | +-- , 131 , {133} , {'G477', 'G12', 'G0', 'G157', 'G155', 'G250', 'G315', 'G32', 'G523', 'G122', 'G3', 'G290', 'G544', 'G251', 'G181', 'G171', 'G311', 'G437', 'G289', 'G77', 'G174', 'G465', 'G156', 'G62', 'G496', 'G13', 'G146'}
| | | | | | | +-- , 133 , {151, 135, 155, 143} , {'G477', 'G171', 'G12', 'G311', 'G0', 'G157', 'G155', 'G496', 'G138', 'G493', 'G263', 'G437', 'G32', 'G289', 'G13', 'G122', 'G77', 'G62', 'G3', 'G465', 'G156', 'G544', 'G290', 'G251', 'G543', 'G276', 'G146', 'G181'}
| | | | | | | | +-- , 151 , {153} , {'G188', 'G171', 'G493', 'G496', 'G543', 'G146'}
| | | | | | | | | +-- , 153 , set() , {'G171', 'G188', 'G336', 'I631', 'G170', 'G146'}
| | | | | | | | +-- , 135 , {137} , {'G276', 'G483', 'G12', 'G311', 'G182', 'G157', 'G3', 'G140', 'G62', 'G543', 'G13', 'G181'}
| | | | | | | | | +-- , 137 , {139} , {'G33', 'G311', 'G182', 'G140', 'G180', 'G181'}
| | | | | | | | | | +-- , 139 , {141} , {'G182', 'G33', 'G312', 'G311', 'G180'}
| | | | | | | | | | | +-- , 141 , set() , {'G312', 'G311', 'G33', 'G506'}
| | | | | | | | +-- , 155 , set() , {'G289', 'G290', 'G550', 'G291', 'G155', 'G138', 'G485', 'G276'}
| | | | | | | | +-- , 143 , {145} , {'G437', 'G122', 'G77', 'G0', 'G99', 'G263'}
| | | | | | | | | +-- , 145 , {147, 149} , {'G436', 'G502', 'G122', 'G77', 'G437', 'G99'}
| | | | | | | | | | +-- , 147 , set() , {'G122', 'G123', 'G77', 'G436'}
| | | | | | | | | | +-- , 149 , set() , {'G29', 'G502', 'G99'}
| | | | | | +-- , 157 , set() , {'G62', 'G187', 'G492', 'G13'}
| | | +-- , 215 , set() , {'G48', 'G529', 'G408', 'G409', 'G77', 'G117', 'G407', 'G6'}
| | +-- , 217 , {219} , {'G1', 'G108', 'G2', 'G346', 'G349', 'G347', 'G6', 'G4'}
| | | +-- , 219 , {221} , {'G82', 'G1', 'G2', 'G346', 'G4'}
| | | | +-- , 221 , {225, 223} , {'G334', 'G82', 'G1', 'G335', 'G4'}
| | | | | +-- , 225 , set() , {'G1', 'I371', 'G335'}
| | | | | +-- , 223 , set() , {'G334', 'I156', 'G4'}
| +-- , 249 , set() , {'G1', 'G240', 'G81', 'G528', 'G288'}
| +-- , 251 , set() , {'G310', 'G233', 'G39', 'G157', 'G512', 'G327', 'G4'}
| +-- , 253 , set() , {'G529', 'G204', 'G345', 'G226', 'G270'}
| +-- , 255 , {257} , {'G149', 'G470', 'G206', 'G528'}
| | +-- , 257 , {259} , {'G206', 'G149', 'G124'}
| | | +-- , 259 , {261} , {'I529', 'I502', 'G149', 'G124'}
| | | | +-- , 261 , set() , {'I529', 'G468', 'I502'}


Max number of edges with non zero Y: 237
Max number of iterations of outer rounding loop: 3
Max number of candidate sets: 2
Time spent rounding: 29.261
Time spent solving Separator LP: 0.296
Total time spent solving: 37.135

LP Solver: gammaPlusFractionalCoverHeuristic
Lower Bound Witness = ({'G477', 'G239', 'G167', 'G138', 'G352', 'G441', 'G230', 'G549', 'G93', 'G267', 'G349', 'G537', 'G177', 'G103', 'G6', 'G374', 'G49', 'G222', 'G399', 'G536', 'G34', 'I287', 'G133', 'G257', 'G443', 'G124', 'G492', 'G318', 'G53', 'G85', 'G39', 'G474', 'G293', 'G271', 'G522', 'G510', 'G12', 'G448', 'G487', 'G152', 'G531', 'G265', 'G45', 'G235', 'G527', 'I502', 'G348', 'G171', 'G189', 'G208', 'G132', 'I330', 'G416', 'G131', 'G279', 'G33', 'G368', 'G244', 'G56', 'I280', 'G364', 'G440', 'G182', 'G456', 'G94', 'G322', 'I316', 'G523', 'G345', 'G51', 'I327', 'G423', 'G334', 'G130', 'G407', 'G377', 'G544', 'G331', 'G414', 'G490', 'G114', 'G511', 'G291', 'G225', 'G541', 'G207', 'G41', 'G337', 'G395', 'G126', 'G8', 'G445', 'G266', 'G426', 'G176', 'G402', 'I156', 'G119', 'G292', 'G32', 'G57', 'G224', 'G409', 'G417', 'G247', 'G497', 'I374', 'G530', 'G485', 'G457', 'G148', 'G502', 'G109', 'G143', 'G142', 'I218', 'G347', 'G406', 'G96', 'G437', 'G100', 'I493', 'G2', 'G359', 'G351', 'G305', 'G195', 'G335', 'G196', 'G460', 'G281', 'G38', 'G375', 'G482', 'G151', 'G483', 'G125', 'G325', 'G83', 'G169', 'G329', 'G488', 'G454', 'G84', 'G31', 'G339', 'G246', 'G439', 'G363', 'G518', 'G385', 'G516', 'G262', 'G342', 'G63', 'G228', 'G77', 'G55', 'G280', 'G104', 'G520', 'G398', 'G216', 'G401', 'G240', 'G365', 'G475', 'G469', 'G59', 'G145', 'G309', 'G383', 'G508', 'G72', 'G183', 'G411', 'I272', 'G113', 'G366', 'I631', 'G432', 'G301', 'G444', 'G356', 'G539', 'G129', 'G428', 'G101', 'G116', 'G436', 'G154', 'G495', 'G465', 'G526', 'G373', 'G160', 'G284', 'G353', 'G146', 'G278', 'G175', 'G223', 'G317', 'G550', 'G40', 'G320', 'G418', 'G75', 'G458', 'G68', 'G484', 'G403', 'G91', 'G355', 'G73', 'G141', 'G327', 'G187', 'G504', 'G450', 'G201', 'G252', 'G76', 'G524', 'G405', 'G105', 'G220', 'G47', 'G118', 'G295', 'G384', 'G421', 'G500', 'G419', 'G332', 'G155', 'G241', 'G269', 'G462', 'G507', 'G358', 'G390', 'G3', 'I576', 'G514', 'G163', 'G61', 'G338', 'G147', 'G513', 'G311', 'G283', 'G99', 'G255', 'G263', 'G480', 'G321', 'G369', 'G554', 'G551', 'G370', 'G313', 'G70', 'G304', 'G499', 'G62', 'I536', 'G251', 'G194', 'G188', 'G427', 'G97', 'G319', 'G464', 'G48', 'G209', 'G506', 'G214', 'G528', 'G519', 'G139', 'G181', 'G213', 'G272', 'G226', 'G471', 'G538', 'G186', 'G391', 'G193', 'G4', 'G54', 'G215', 'G115', 'G69', 'G242', 'G392', 'G535', 'G110', 'G140', 'G393', 'G397', 'G378', 'G87', 'G389', 'G137', 'G199', 'G46', 'G157', 'G117', 'G381', 'G498', 'G30', 'G287', 'G233', 'G388', 'G425', 'G165', 'G264', 'G200', 'G52', 'G533', 'G158', 'G205', 'G509', 'I371', 'G286', 'G178', 'G7', 'G108', 'G210', 'G67', 'G422', 'G376', 'G529', 'G503', 'G468', 'G29', 'G149', 'G297', 'G346', 'G362', 'G185', 'G433', 'G479', 'G379', 'G212', 'G357', 'G420', 'G106', 'G478', 'G184', 'G396', 'G88', 'G552', 'G435', 'G204', 'G66', 'G328', 'G442', 'I352', 'G86', 'I662', 'G219', 'G254', 'G473', 'G80', 'G361', 'G486', 'G174', 'G227', 'G123', 'G543', 'G232', 'G386', 'G231', 'G449', 'G211', 'G273', 'G461', 'G44', 'G5', 'G164', 'G35', 'G408', 'G136', 'G179', 'G400', 'G245', 'G190', 'G290', 'G221', 'G253', 'G314', 'G285', 'G166', 'G532', 'G415', 'G173', 'G534', 'G50', 'G300', 'G120', 'G161', 'G107', 'G553', 'G206', 'G341', 'G299', 'G79', 'G380', 'G37', 'G277', 'G372', 'G172', 'G333', 'G192', 'G308', 'G315', 'G82', 'G367', 'I276', 'G326', 'G294', 'G413', 'G1', 'G98', 'G491', 'G217', 'G517', 'G268', 'G180', 'G476', 'G470', 'G330', 'G344', 'G306', 'G127', 'G546', 'G159', 'G494', 'G446', 'G270', 'G58', 'I295', 'G250', 'G197', 'G493', 'G112', 'G238', 'G256', 'G452', 'I573', 'G501', 'G134', 'G259', 'I692', 'G198', 'G276', 'G350', 'G310', 'G404', 'G459', 'G92', 'G81', 'G236', 'G111', 'G153', 'G312', 'G218', 'G162', 'G447', 'G289', 'G431', 'G258', 'G424', 'G296', 'G156', 'G496', 'G13', 'G525', 'G43', 'G340', 'G0', 'G302', 'G324', 'G521', 'G89', 'G202', 'G542', 'G248', 'G307', 'G168', 'G472', 'G60', 'G249', 'G505', 'G515', 'G191', 'G343', 'G74', 'G382', 'G9', 'G261', 'G371', 'G90', 'G412', 'G282', 'I249', 'G42', 'G95', 'G298', 'G545', 'G463', 'G429', 'I529', 'G430', 'G394', 'G438', 'G451', 'G354', 'I624', 'G360', 'G170', 'G234', 'G323', 'G36', 'G434', 'G10', 'G336', 'G11', 'G237', 'G150', 'G275', 'I386', 'G122', 'G316', 'G303', 'G512', 'G78', 'G288', 'G455', 'G121', 'G203', 'G489', 'G102', 'G144', 'G260', 'G135', 'G540', 'G387', 'G548', 'G547', 'G453', 'G274', 'G128', 'G229', 'G64', 'G410', 'G71', 'G243'}, {'G120', 'G359', 'G191', 'G347', 'G284'})