53, 0, 11.0, 11
+-- , 0 , {65, 67, 69, 5, 103, 105, 107, 77, 79, 81, 87, 89, 91, 93} , {'zL40J', 'zL5J', 'zL4J', 'yL0J', 'zL64J', 'xL8J', 'yL6J', 'xL4J', 'xL1J', 'xL7J', 'zL51J', 'zL49J', 'xL2J', 'zL48J', 'xL5J', 'xL3J', 'w14', 'zL47J', 'zL24J', 'zL0J', 'zL15J', 'yL18J', 'xL0J', 'zL72J', 'zL65J', 'w15'}
| +-- , 65 , set() , {'yL1J', 'zL4J', 'xL8J'}
| +-- , 67 , set() , {'zL19J', 'w7', 'zL18J', 'yL4J', 'zL17J', 'xL8J', 'xL4J', 'xL7J', 'zL16J', 'xL2J', 'xL5J'}
| +-- , 69 , {75, 71} , {'xL3J', 'zL58J', 'xL8J', 'xL1J', 'xL4J', 'zL56J', 'xL5J', 'zL57J'}
| | +-- , 75 , set() , {'yL14J', 'zL56J', 'xL4J'}
| | +-- , 71 , {73} , {'zL58J', 'zL59J', 'xL8J', 'xL1J'}
| | | +-- , 73 , set() , {'zL59J', 'w17', 'xL1J'}
| +-- , 5 , {7} , {'xL8J', 'xL7J', 'xL2J', 'xL3J', 'zL14J', 'zL0J', 'zL72J', 'zL65J', 'zL25J', 'zL46J', 'zL5J', 'zL50J', 'xL4J', 'xL1J', 'zL51J', 'zL49J', 'xL5J', 'zL47J', 'zL24J', 'xL0J', 'zL15J', 'zL40J'}
| | +-- , 7 , {9, 43, 49, 53, 55, 61} , {'zL40J', 'zL66J', 'zL46J', 'zL5J', 'zL50J', 'zL26J', 'xL8J', 'xL4J', 'xL1J', 'xL7J', 'zL51J', 'xL2J', 'zL13J', 'xL5J', 'xL3J', 'zL14J', 'zL0J', 'xL0J', 'xL9J', 'zL72J', 'zL65J', 'zL25J'}
| | | +-- , 9 , {39, 41, 11} , {'zL5J', 'zL77J', 'zL26J', 'xL8J', 'xL4J', 'xL1J', 'xL7J', 'xL2J', 'zL32J', 'xL5J', 'xL3J', 'zL76J', 'zL2J', 'zL27J', 'zL0J', 'xL0J', 'xL9J', 'yL8J', 'zL3J', 'zL40J'}
| | | | +-- , 39 , set() , {'zL76J', 'yL19J', 'xL8J'}
| | | | +-- , 41 , set() , {'xL3J', 'zL2J', 'zL0J', 'xL1J', 'zL1J'}
| | | | +-- , 11 , {33, 13, 15, 23, 27} , {'zL5J', 'zL77J', 'w9', 'xL8J', 'xL4J', 'xL7J', 'xL6J', 'xL2J', 'zL32J', 'xL3J', 'zL41J', 'zL27J', 'zL78J', 'xL0J', 'xL9J', 'zL3J', 'zL40J'}
| | | | | +-- , 33 , {35} , {'zL41J', 'xL7J', 'xL6J', 'zL42J', 'xL8J'}
| | | | | | +-- , 35 , {37} , {'zL43J', 'xL6J', 'zL42J', 'xL8J'}
| | | | | | | +-- , 37 , set() , {'zL43J', 'xL6J', 'w13'}
| | | | | +-- , 13 , set() , {'w3', 'xL6J', 'zL3J'}
| | | | | +-- , 15 , {17} , {'zL33J', 'xL4J', 'xL7J', 'xL6J', 'xL2J', 'zL32J'}
| | | | | | +-- , 17 , {19} , {'xL7J', 'zL33J', 'xL2J', 'zL34J', 'xL4J'}
| | | | | | | +-- , 19 , {21} , {'xL4J', 'xL2J', 'zL34J', 'zL35J'}
| | | | | | | | +-- , 21 , set() , {'w11', 'xL2J', 'zL35J'}
| | | | | +-- , 23 , {25} , {'zL78J', 'xL9J', 'xL6J', 'zL79J'}
| | | | | | +-- , 25 , set() , {'xL9J', 'zL79J', 'w22'}
| | | | | +-- , 27 , {29} , {'xL3J', 'zL5J', 'xL6J', 'zL6J', 'xL4J'}
| | | | | | +-- , 29 , {31} , {'xL3J', 'zL7J', 'zL6J', 'xL4J'}
| | | | | | | +-- , 31 , set() , {'xL3J', 'w4', 'zL7J'}
| | | +-- , 43 , {45} , {'xL3J', 'xL4J', 'xL9J', 'zL73J', 'zL72J', 'xL2J'}
| | | | +-- , 45 , {47} , {'xL9J', 'zL73J', 'xL2J', 'zL74J', 'xL4J'}
| | | | | +-- , 47 , set() , {'zL74J', 'xL4J', 'xL9J', 'zL75J', 'w21'}
| | | +-- , 49 , {51} , {'zL66J', 'xL9J', 'zL67J', 'xL8J'}
| | | | +-- , 51 , set() , {'w19', 'xL8J', 'zL67J'}
| | | +-- , 53 , set() , {'zL20J', 'xL8J', 'xL4J', 'zL23J', 'yL5J', 'xL9J', 'xL7J', 'w8', 'zL22J', 'zL21J', 'xL5J'}
| | | +-- , 55 , {57} , {'zL45J', 'zL46J', 'xL0J', 'xL9J', 'xL5J'}
| | | | +-- , 57 , {59} , {'zL45J', 'xL0J', 'zL44J', 'xL5J'}
| | | | | +-- , 59 , set() , {'xL0J', 'yL11J', 'zL44J'}
| | | +-- , 61 , {63} , {'xL9J', 'zL12J', 'zL13J', 'xL1J'}
| | | | +-- , 63 , set() , {'xL9J', 'yL3J', 'zL12J'}
| +-- , 103 , set() , {'xL0J', 'yL16J', 'zL64J'}
| +-- , 105 , set() , {'zL40J', 'yL10J', 'xL1J'}
| +-- , 107 , set() , {'w6', 'xL5J', 'zL15J'}
| +-- , 77 , set() , {'w20', 'zL70J', 'zL68J', 'xL8J', 'xL1J', 'yL17J', 'zL69J', 'xL4J', 'xL7J', 'zL71J', 'xL2J'}
| +-- , 79 , set() , {'xL3J', 'zL11J', 'xL1J', 'w5', 'zL10J', 'yL2J', 'xL7J', 'zL8J', 'zL9J', 'xL2J', 'xL5J'}
| +-- , 81 , {83} , {'xL3J', 'zL30J', 'zL29J', 'xL8J', 'yL7J', 'xL4J', 'xL0J', 'zL28J', 'xL2J'}
| | +-- , 83 , {85} , {'xL3J', 'zL30J', 'zL31J', 'xL8J'}
| | | +-- , 85 , set() , {'xL3J', 'zL31J', 'w10'}
| +-- , 87 , set() , {'xL3J', 'yL15J', 'zL62J', 'zL63J', 'zL60J', 'w18', 'xL8J', 'xL4J', 'zL61J', 'xL7J', 'xL2J'}
| +-- , 89 , set() , {'xL3J', 'zL38J', 'zL39J', 'xL4J', 'xL8J', 'zL37J', 'xL0J', 'yL9J', 'xL7J', 'zL36J', 'w12'}
| +-- , 91 , set() , {'zL48J', 'xL5J', 'yL12J'}
| +-- , 93 , {99, 95} , {'xL8J', 'xL4J', 'xL7J', 'zL54J', 'zL53J', 'xL2J', 'xL5J'}
| | +-- , 99 , {101} , {'zL55J', 'xL7J', 'zL54J', 'xL4J'}
| | | +-- , 101 , set() , {'xL7J', 'zL55J', 'w16'}
| | +-- , 95 , {97} , {'zL53J', 'zL52J', 'xL8J', 'xL5J'}
| | | +-- , 97 , set() , {'zL52J', 'yL13J', 'xL5J'}


Max number of edges with non zero Y: 65
Max number of iterations of outer rounding loop: 2
Max number of candidate sets: 2
Time spent rounding: 2.998
Time spent solving Separator LP: 0.024
Total time spent solving: 5.472

LP Solver: gammaPlusFractionalCoverHeuristic
Lower Bound Witness = ({'zL66J', 'yL1J', 'w4', 'zL58J', 'yL0J', 'yL6J', 'yL5J', 'zL75J', 'zL8J', 'zL14J', 'zL17J', 'zL23J', 'zL0J', 'zL69J', 'zL61J', 'zL55J', 'yL17J', 'zL65J', 'zL57J', 'w7', 'zL6J', 'zL10J', 'w19', 'yL2J', 'zL49J', 'zL16J', 'w17', 'w14', 'zL33J', 'zL60J', 'yL7J', 'w13', 'zL53J', 'yL3J', 'zL4J', 'xL8J', 'w9', 'yL9J', 'zL71J', 'xL2J', 'xL6J', 'zL13J', 'zL27J', 'zL9J', 'zL63J', 'zL52J', 'zL46J', 'zL50J', 'zL70J', 'zL56J', 'zL79J', 'yL19J', 'zL35J', 'xL5J', 'yL14J', 'zL39J', 'zL76J', 'zL30J', 'zL18J', 'zL47J', 'zL29J', 'zL24J', 'w5', 'zL37J', 'yL18J', 'xL0J', 'zL40J', 'w3', 'w10', 'zL7J', 'yL15J', 'w16', 'xL7J', 'zL1J', 'xL3J', 'zL45J', 'yL11J', 'zL11J', 'w18', 'xL9J', 'zL22J', 'zL25J', 'zL59J', 'w11', 'w20', 'zL26J', 'xL1J', 'zL28J', 'zL67J', 'zL48J', 'zL20J', 'zL68J', 'zL62J', 'zL74J', 'zL78J', 'zL15J', 'w15', 'zL3J', 'zL34J', 'w21', 'zL38J', 'zL77J', 'zL43J', 'zL31J', 'w22', 'w12', 'zL41J', 'zL12J', 'yL8J', 'zL73J', 'zL72J', 'yL12J', 'zL5J', 'yL10J', 'zL19J', 'zL42J', 'yL13J', 'zL64J', 'xL4J', 'w6', 'zL54J', 'zL51J', 'zL32J', 'zL21J', 'zL44J', 'zL2J', 'yL4J', 'w8', 'yL16J', 'zL36J'}, {'zL41J', 'zL30J', 'zL17J', 'w10', 'yL19J'})