64, 2.9643612344990387, 13.0, 13
+-- , 0 , {3, 67, 9, 75, 79, 81, 87, 89, 93, 29, 57, 99, 35, 101, 37, 39, 105, 59, 43, 113, 115, 53, 119, 121, 123, 61, 127} , {'zL50J', 'zL70J', 'zL77J', 'zL58J', 'zL42J', 'zL64J', 'xL8J', 'xL4J', 'zL10J', 'yL9J', 'xL7J', 'xL6J', 'xL2J', 'zL31J', 'xL5J', 'xL3J', 'zL30J', 'zL33J', 'zL74J', 'zL14J', 'zL69J', 'zL78J', 'xL9J', 'zL73J', 'zL55J', 'zL9J', 'zL65J', 'xL0J', 'zL36J'}
| +-- , 3 , {5} , {'xL3J', 'zL73J', 'zL72J', 'xL5J'}
| | +-- , 5 , set() , {'yL18J', 'zL72J', 'xL5J'}
| +-- , 67 , {69} , {'xL4J', 'xL8J', 'zL55J', 'zL54J', 'xL2J', 'xL5J'}
| | +-- , 69 , {71} , {'zL54J', 'zL53J', 'xL2J', 'xL5J', 'xL8J'}
| | | +-- , 71 , {73} , {'zL53J', 'zL52J', 'xL8J', 'xL5J'}
| | | | +-- , 73 , set() , {'zL52J', 'yL13J', 'xL5J'}
| +-- , 9 , {11} , {'zL58J', 'zL42J', 'xL8J', 'xL4J', 'zL10J', 'xL7J', 'xL6J', 'xL2J', 'xL3J', 'zL41J', 'zL11J', 'zL68J', 'zL14J', 'zL69J', 'xL9J', 'zL3J', 'w3', 'zL59J'}
| | +-- , 11 , {21, 23, 13, 15} , {'xL8J', 'xL1J', 'xL4J', 'xL2J', 'xL3J', 'zL41J', 'zL2J', 'zL11J', 'zL68J', 'zL14J', 'w5', 'yL17J', 'xL9J', 'zL3J', 'zL40J', 'zL59J'}
| | | +-- , 21 , set() , {'zL40J', 'yL10J', 'xL1J'}
| | | +-- , 23 , {25} , {'xL3J', 'zL1J', 'zL2J', 'xL2J', 'xL1J'}
| | | | +-- , 25 , {27} , {'xL3J', 'xL2J', 'zL0J', 'zL1J'}
| | | | | +-- , 27 , set() , {'xL2J', 'yL0J', 'zL0J'}
| | | +-- , 13 , set() , {'zL59J', 'w17', 'xL1J'}
| | | +-- , 15 , {17} , {'xL9J', 'zL14J', 'zL13J', 'xL8J', 'xL1J'}
| | | | +-- , 17 , {19} , {'xL9J', 'zL12J', 'zL13J', 'xL1J'}
| | | | | +-- , 19 , set() , {'xL9J', 'yL3J', 'zL12J'}
| +-- , 75 , {77} , {'xL3J', 'zL27J', 'zL24J', 'w9', 'xL4J', 'yL6J', 'xL0J', 'zL25J', 'xL6J', 'xL2J'}
| | +-- , 77 , set() , {'zL27J', 'zL26J', 'xL4J', 'xL0J', 'zL25J'}
| +-- , 79 , set() , {'xL0J', 'yL16J', 'zL64J'}
| +-- , 81 , {83} , {'xL3J', 'zL57J', 'zL58J', 'xL5J', 'xL4J'}
| | +-- , 83 , {85} , {'xL3J', 'zL57J', 'zL56J', 'xL4J'}
| | | +-- , 85 , set() , {'yL14J', 'zL56J', 'xL4J'}
| +-- , 87 , set() , {'xL3J', 'zL5J', 'w4', 'zL4J', 'yL1J', 'zL7J', 'zL6J', 'xL8J', 'xL4J', 'xL7J', 'xL6J'}
| +-- , 89 , {91} , {'xL3J', 'xL6J', 'zL33J', 'zL32J'}
| | +-- , 91 , set() , {'xL3J', 'yL8J', 'zL32J'}
| +-- , 93 , {95} , {'xL3J', 'zL66J', 'xL9J', 'zL65J', 'xL8J'}
| | +-- , 95 , {97} , {'zL66J', 'xL9J', 'zL67J', 'xL8J'}
| | | +-- , 97 , set() , {'w19', 'xL8J', 'zL67J'}
| +-- , 29 , {31} , {'xL7J', 'zL33J', 'xL2J', 'zL34J', 'xL4J'}
| | +-- , 31 , {33} , {'xL4J', 'xL2J', 'zL34J', 'zL35J'}
| | | +-- , 33 , set() , {'w11', 'xL2J', 'zL35J'}
| +-- , 57 , set() , {'zL30J', 'zL29J', 'xL4J', 'yL7J', 'xL0J', 'zL28J', 'xL2J'}
| +-- , 99 , set() , {'zL50J', 'w15', 'xL8J', 'xL9J', 'zL51J'}
| +-- , 35 , set() , {'zL74J', 'xL4J', 'xL9J', 'zL75J', 'w21'}
| +-- , 101 , {103} , {'xL3J', 'zL15J', 'zL14J', 'xL5J'}
| | +-- , 103 , set() , {'w6', 'xL5J', 'zL15J'}
| +-- , 37 , set() , {'zL19J', 'w7', 'zL18J', 'yL4J', 'zL17J', 'xL8J', 'xL4J', 'xL7J', 'zL16J', 'xL2J', 'xL5J'}
| +-- , 39 , {41} , {'zL70J', 'zL71J', 'xL2J', 'xL8J'}
| | +-- , 41 , set() , {'w20', 'zL71J', 'xL8J'}
| +-- , 105 , {107} , {'xL3J', 'xL4J', 'xL8J', 'zL37J', 'xL7J', 'zL36J'}
| | +-- , 107 , {109} , {'zL38J', 'xL7J', 'xL4J', 'xL8J', 'zL37J'}
| | | +-- , 109 , {111} , {'zL38J', 'zL39J', 'xL4J', 'xL8J'}
| | | | +-- , 111 , set() , {'zL39J', 'xL4J', 'w12'}
| +-- , 59 , set() , {'xL3J', 'yL15J', 'zL62J', 'zL63J', 'zL60J', 'w18', 'xL8J', 'xL4J', 'zL61J', 'xL7J', 'xL2J'}
| +-- , 43 , {45, 47} , {'zL45J', 'xL3J', 'xL4J', 'xL0J', 'xL9J', 'xL5J', 'zL44J'}
| | +-- , 45 , set() , {'xL0J', 'yL11J', 'zL44J'}
| | +-- , 47 , {49} , {'zL45J', 'zL46J', 'xL3J', 'xL9J', 'xL4J'}
| | | +-- , 49 , {51} , {'xL3J', 'zL46J', 'zL47J', 'xL4J'}
| | | | +-- , 51 , set() , {'xL3J', 'zL47J', 'w14'}
| +-- , 113 , set() , {'zL20J', 'xL8J', 'xL4J', 'zL23J', 'yL5J', 'xL9J', 'xL7J', 'w8', 'zL22J', 'zL21J', 'xL5J'}
| +-- , 115 , {117} , {'zL76J', 'zL77J', 'xL8J', 'xL5J'}
| | +-- , 117 , set() , {'zL76J', 'yL19J', 'xL8J'}
| +-- , 53 , {55} , {'xL3J', 'zL9J', 'xL2J', 'zL8J'}
| | +-- , 55 , set() , {'xL3J', 'zL8J', 'yL2J'}
| +-- , 119 , set() , {'xL3J', 'zL31J', 'w10'}
| +-- , 121 , set() , {'xL7J', 'zL55J', 'w16'}
| +-- , 123 , {125} , {'zL78J', 'xL9J', 'xL6J', 'zL79J'}
| | +-- , 125 , set() , {'xL9J', 'zL79J', 'w22'}
| +-- , 61 , {63} , {'xL0J', 'zL50J', 'zL49J', 'xL2J', 'xL5J'}
| | +-- , 63 , {65} , {'zL49J', 'xL2J', 'xL5J', 'zL48J'}
| | | +-- , 65 , set() , {'zL48J', 'xL5J', 'yL12J'}
| +-- , 127 , {129} , {'zL43J', 'xL6J', 'zL42J', 'xL8J'}
| | +-- , 129 , set() , {'zL43J', 'xL6J', 'w13'}


Max number of edges with non zero Y: 39
Max number of iterations of outer rounding loop: 2
Max number of candidate sets: 2
Time spent rounding: 5.636
Time spent solving Separator LP: 7.677
Total time spent solving: 17.673

LP Solver: GaifmanNormal
Lower Bound Witness = ({'zL66J', 'yL1J', 'w4', 'zL58J', 'yL0J', 'yL6J', 'yL5J', 'zL75J', 'zL8J', 'zL14J', 'zL17J', 'zL23J', 'zL0J', 'zL69J', 'zL61J', 'zL55J', 'yL17J', 'zL65J', 'zL57J', 'w7', 'zL6J', 'zL10J', 'w19', 'yL2J', 'zL49J', 'zL16J', 'w17', 'w14', 'zL33J', 'zL60J', 'yL7J', 'w13', 'zL53J', 'yL3J', 'zL4J', 'xL8J', 'w9', 'yL9J', 'zL71J', 'xL2J', 'xL6J', 'zL13J', 'zL27J', 'zL9J', 'zL63J', 'zL52J', 'zL46J', 'zL50J', 'zL70J', 'zL56J', 'zL79J', 'yL19J', 'zL35J', 'xL5J', 'yL14J', 'zL39J', 'zL76J', 'zL30J', 'zL18J', 'zL47J', 'zL29J', 'zL24J', 'w5', 'zL37J', 'yL18J', 'xL0J', 'zL40J', 'w3', 'w10', 'zL7J', 'yL15J', 'w16', 'xL7J', 'zL1J', 'xL3J', 'zL45J', 'yL11J', 'zL11J', 'w18', 'xL9J', 'zL22J', 'zL25J', 'zL59J', 'w11', 'w20', 'zL26J', 'xL1J', 'zL28J', 'zL67J', 'zL48J', 'zL20J', 'zL68J', 'zL62J', 'zL74J', 'zL78J', 'zL15J', 'w15', 'zL3J', 'zL34J', 'w21', 'zL38J', 'zL77J', 'zL43J', 'zL31J', 'w22', 'w12', 'zL41J', 'zL12J', 'yL8J', 'zL73J', 'zL72J', 'yL12J', 'zL5J', 'yL10J', 'zL19J', 'zL42J', 'yL13J', 'zL64J', 'xL4J', 'w6', 'zL54J', 'zL51J', 'zL32J', 'zL21J', 'zL44J', 'zL2J', 'yL4J', 'w8', 'yL16J', 'zL36J'}, {'zL66J', 'w4', 'zL58J', 'yL0J', 'yL6J', 'zL34J', 'zL31J', 'w12', 'zL41J', 'w18', 'yL17J', 'zL69J', 'zL72J', 'zL9J', 'zL57J', 'zL5J', 'xL4J', 'w19', 'zL54J', 'zL67J', 'zL51J', 'zL16J', 'zL56J', 'zL32J', 'yL19J', 'zL39J', 'zL74J', 'yL4J', 'zL37J', 'zL78J', 'zL15J', 'w10'})