14, 0, 6.034810126582278, 9
+-- , 0 , {3, 26, 28} , {'xL49J', 'xL30J', 'xL26J', 'xL53J', 'xL48J', 'xL20J', 'xL3J', 'xL28J', 'xL27J', 'xL15J', 'xL35J', 'xL57J', 'xL18J', 'xL8J', 'xL5J', 'xL58J', 'xL33J', 'xL45J', 'xL25J', 'xL22J', 'xL34J', 'xL7J', 'xL43J', 'xL21J', 'xL17J', 'xL24J', 'xL55J', 'xL52J', 'xL42J', 'xL40J', 'xL44J', 'xL2J', 'xL9J', 'xL38J', 'xL41J', 'xL23J', 'xL1J', 'xL37J'}
| +-- , 3 , {5} , {'xL49J', 'xL30J', 'xL53J', 'xL48J', 'xL3J', 'xL10J', 'xL28J', 'xL27J', 'xL35J', 'xL57J', 'xL8J', 'xL33J', 'xL45J', 'xL25J', 'xL7J', 'xL43J', 'xL21J', 'xL17J', 'xL55J', 'xL52J', 'xL42J', 'xL40J', 'xL9J', 'xL23J', 'xL1J', 'xL37J', 'xL6J', 'xL26J', 'xL13J', 'xL20J', 'xL18J', 'xL5J', 'xL58J', 'xL54J', 'xL22J', 'xL12J', 'xL34J', 'xL24J', 'xL44J', 'xL2J', 'xL39J', 'xL38J', 'xL41J'}
| | +-- , 5 , {9, 7} , {'xL49J', 'xL30J', 'xL14J', 'xL6J', 'xL26J', 'xL48J', 'xL13J', 'xL20J', 'xL3J', 'xL10J', 'xL27J', 'xL35J', 'xL57J', 'xL18J', 'xL8J', 'xL5J', 'xL58J', 'xL54J', 'xL33J', 'xL45J', 'xL25J', 'xL22J', 'xL12J', 'xL34J', 'xL7J', 'xL43J', 'xL21J', 'xL17J', 'xL24J', 'xL55J', 'xL52J', 'xL42J', 'xL40J', 'xL44J', 'xL2J', 'xL9J', 'xL39J', 'xL23J', 'xL41J', 'xL1J', 'xL37J'}
| | | +-- , 9 , {24, 12} , {'xL49J', 'xL30J', 'xL14J', 'xL6J', 'xL26J', 'xL46J', 'xL48J', 'xL13J', 'xL20J', 'xL3J', 'xL10J', 'xL4J', 'xL27J', 'xL35J', 'xL57J', 'xL18J', 'xL8J', 'xL5J', 'xL58J', 'xL54J', 'xL33J', 'xL45J', 'xL25J', 'xL36J', 'xL12J', 'xL34J', 'xL7J', 'xL43J', 'xL21J', 'xL17J', 'xL24J', 'xL55J', 'xL52J', 'xL42J', 'xL40J', 'xL44J', 'xL2J', 'xL9J', 'xL39J', 'xL23J', 'xL41J', 'xL1J', 'xL11J', 'xL37J'}
| | | | +-- , 24 , set() , {'xL14J', 'xL6J', 'xL46J', 'xL48J', 'xL20J', 'xL47J', 'xL10J', 'xL4J', 'xL5J', 'xL58J', 'xL54J', 'xL45J', 'xL36J', 'xL34J', 'xL7J', 'xL43J', 'xL21J', 'xL17J', 'xL52J', 'xL40J', 'xL44J', 'xL2J', 'xL41J', 'xL1J', 'xL11J'}
| | | | +-- , 12 , {22, 14} , {'xL49J', 'xL51J', 'xL30J', 'xL6J', 'xL26J', 'xL46J', 'xL48J', 'xL13J', 'xL3J', 'xL10J', 'xL4J', 'xL27J', 'xL35J', 'xL57J', 'xL18J', 'xL8J', 'xL5J', 'xL58J', 'xL54J', 'xL33J', 'xL45J', 'xL25J', 'xL12J', 'xL36J', 'xL34J', 'xL7J', 'xL43J', 'xL21J', 'xL17J', 'xL24J', 'xL55J', 'xL52J', 'xL42J', 'xL40J', 'xL44J', 'xL9J', 'xL39J', 'xL23J', 'xL11J', 'xL37J'}
| | | | | +-- , 22 , set() , {'xL0J', 'xL51J', 'xL6J', 'xL7J', 'xL43J', 'xL21J', 'xL17J', 'xL57J', 'xL18J', 'xL55J', 'xL48J', 'xL8J', 'xL11J', 'xL40J', 'xL3J', 'xL25J', 'xL10J', 'xL37J'}
| | | | | +-- , 14 , {16} , {'xL49J', 'xL51J', 'xL30J', 'xL26J', 'xL46J', 'xL48J', 'xL13J', 'xL3J', 'xL10J', 'xL50J', 'xL4J', 'xL27J', 'xL35J', 'xL57J', 'xL18J', 'xL8J', 'xL58J', 'xL54J', 'xL33J', 'xL45J', 'xL25J', 'xL12J', 'xL36J', 'xL34J', 'xL7J', 'xL43J', 'xL24J', 'xL52J', 'xL42J', 'xL40J', 'xL39J', 'xL23J', 'xL11J', 'xL37J'}
| | | | | | +-- , 16 , {18, 20} , {'xL49J', 'xL51J', 'xL26J', 'xL46J', 'xL48J', 'xL13J', 'xL59J', 'xL3J', 'xL50J', 'xL4J', 'xL27J', 'xL35J', 'xL57J', 'xL18J', 'xL8J', 'xL58J', 'xL54J', 'xL33J', 'xL45J', 'xL25J', 'xL12J', 'xL36J', 'xL34J', 'xL43J', 'xL24J', 'xL52J', 'xL42J', 'xL40J', 'xL39J', 'xL23J', 'xL11J', 'xL37J'}
| | | | | | | +-- , 18 , set() , {'xL49J', 'xL51J', 'xL46J', 'xL13J', 'xL59J', 'xL3J', 'xL31J', 'xL50J', 'xL4J', 'xL18J', 'xL58J', 'xL54J', 'xL33J', 'xL25J', 'xL36J', 'xL43J', 'xL42J', 'xL40J', 'xL23J', 'xL37J'}
| | | | | | | +-- , 20 , set() , {'xL49J', 'xL36J', 'xL34J', 'xL12J', 'xL39J', 'xL4J', 'xL27J', 'xL35J', 'xL26J', 'xL33J', 'xL59J', 'xL43J', 'xL57J', 'xL48J', 'xL52J', 'xL45J', 'xL25J', 'xL29J'}
| | | +-- , 7 , set() , {'xL39J', 'xL14J', 'xL17J', 'xL19J', 'xL41J', 'xL22J', 'xL5J', 'xL1J', 'xL25J', 'xL9J'}
| +-- , 26 , set() , {'xL49J', 'xL30J', 'xL16J', 'xL17J', 'xL18J', 'xL55J', 'xL58J', 'xL33J', 'xL44J', 'xL37J'}
| +-- , 28 , set() , {'xL49J', 'xL30J', 'xL56J', 'xL48J', 'xL20J', 'xL32J', 'xL3J', 'xL27J', 'xL15J', 'xL35J', 'xL57J', 'xL18J', 'xL8J', 'xL5J', 'xL58J', 'xL33J', 'xL45J', 'xL22J', 'xL34J', 'xL43J', 'xL17J', 'xL24J', 'xL55J', 'xL42J', 'xL44J', 'xL2J', 'xL9J', 'xL38J', 'xL41J', 'xL23J', 'xL1J', 'xL37J'}


Max number of edges with non zero Y: 29
Max number of iterations of outer rounding loop: 5
Max number of candidate sets: 2
Time spent rounding: 16.715
Time spent solving Separator LP: 0.048

LP Solver: gammaPlusFractionalCoverHeuristic