13, 2.5500814277296597, 6.281512605042017, 10
+-- , 0 , {8, 33} , {'xL49J', 'xL53J', 'xL48J', 'xL3J', 'xL10J', 'xL28J', 'xL27J', 'xL35J', 'xL15J', 'xL45J', 'xL25J', 'xL36J', 'xL7J', 'xL43J', 'xL21J', 'xL17J', 'xL42J', 'xL40J', 'xL9J', 'xL23J', 'xL1J', 'xL37J', 'xL6J', 'xL56J', 'xL46J', 'xL13J', 'xL20J', 'xL47J', 'xL31J', 'xL4J', 'xL5J', 'xL58J', 'xL54J', 'xL22J', 'xL12J', 'xL34J', 'xL2J', 'xL39J', 'xL38J', 'xL41J', 'xL11J'}
| +-- , 8 , {13, 29, 31} , {'xL49J', 'xL6J', 'xL26J', 'xL56J', 'xL14J', 'xL53J', 'xL46J', 'xL48J', 'xL13J', 'xL59J', 'xL3J', 'xL47J', 'xL10J', 'xL31J', 'xL28J', 'xL4J', 'xL27J', 'xL15J', 'xL35J', 'xL57J', 'xL18J', 'xL5J', 'xL58J', 'xL54J', 'xL45J', 'xL33J', 'xL25J', 'xL22J', 'xL36J', 'xL12J', 'xL34J', 'xL7J', 'xL43J', 'xL21J', 'xL17J', 'xL52J', 'xL42J', 'xL40J', 'xL2J', 'xL9J', 'xL39J', 'xL38J', 'xL23J', 'xL41J', 'xL1J', 'xL11J', 'xL37J'}
| | +-- , 13 , {15} , {'xL49J', 'xL53J', 'xL48J', 'xL59J', 'xL3J', 'xL10J', 'xL28J', 'xL27J', 'xL15J', 'xL35J', 'xL57J', 'xL8J', 'xL33J', 'xL45J', 'xL25J', 'xL36J', 'xL7J', 'xL43J', 'xL21J', 'xL17J', 'xL52J', 'xL42J', 'xL40J', 'xL9J', 'xL23J', 'xL1J', 'xL37J', 'xL14J', 'xL6J', 'xL56J', 'xL26J', 'xL46J', 'xL13J', 'xL47J', 'xL31J', 'xL4J', 'xL18J', 'xL5J', 'xL58J', 'xL54J', 'xL12J', 'xL34J', 'xL24J', 'xL2J', 'xL38J', 'xL41J', 'xL11J'}
| | | +-- , 15 , {17} , {'xL49J', 'xL48J', 'xL59J', 'xL3J', 'xL10J', 'xL27J', 'xL15J', 'xL35J', 'xL57J', 'xL8J', 'xL33J', 'xL45J', 'xL25J', 'xL36J', 'xL7J', 'xL43J', 'xL21J', 'xL17J', 'xL55J', 'xL52J', 'xL42J', 'xL40J', 'xL9J', 'xL23J', 'xL1J', 'xL37J', 'xL14J', 'xL6J', 'xL56J', 'xL26J', 'xL46J', 'xL13J', 'xL47J', 'xL31J', 'xL4J', 'xL18J', 'xL5J', 'xL58J', 'xL54J', 'xL12J', 'xL34J', 'xL24J', 'xL2J', 'xL38J', 'xL41J', 'xL11J'}
| | | | +-- , 17 , {19} , {'xL49J', 'xL48J', 'xL59J', 'xL3J', 'xL10J', 'xL27J', 'xL35J', 'xL57J', 'xL8J', 'xL33J', 'xL45J', 'xL25J', 'xL36J', 'xL7J', 'xL43J', 'xL21J', 'xL17J', 'xL55J', 'xL52J', 'xL42J', 'xL40J', 'xL9J', 'xL23J', 'xL1J', 'xL37J', 'xL14J', 'xL6J', 'xL56J', 'xL26J', 'xL46J', 'xL13J', 'xL47J', 'xL31J', 'xL4J', 'xL18J', 'xL5J', 'xL58J', 'xL54J', 'xL12J', 'xL34J', 'xL24J', 'xL44J', 'xL2J', 'xL41J', 'xL11J'}
| | | | | +-- , 19 , {27, 21} , {'xL49J', 'xL48J', 'xL59J', 'xL3J', 'xL10J', 'xL27J', 'xL35J', 'xL57J', 'xL8J', 'xL33J', 'xL45J', 'xL25J', 'xL36J', 'xL7J', 'xL43J', 'xL21J', 'xL17J', 'xL55J', 'xL52J', 'xL42J', 'xL40J', 'xL9J', 'xL23J', 'xL1J', 'xL37J', 'xL51J', 'xL6J', 'xL26J', 'xL56J', 'xL46J', 'xL13J', 'xL31J', 'xL4J', 'xL18J', 'xL5J', 'xL58J', 'xL54J', 'xL12J', 'xL34J', 'xL24J', 'xL44J', 'xL2J', 'xL41J', 'xL11J'}
| | | | | | +-- , 27 , set() , {'xL0J', 'xL51J', 'xL6J', 'xL7J', 'xL43J', 'xL21J', 'xL17J', 'xL57J', 'xL18J', 'xL55J', 'xL48J', 'xL8J', 'xL11J', 'xL40J', 'xL3J', 'xL25J', 'xL10J', 'xL37J'}
| | | | | | +-- , 21 , {25, 23} , {'xL49J', 'xL51J', 'xL30J', 'xL56J', 'xL46J', 'xL48J', 'xL13J', 'xL59J', 'xL3J', 'xL10J', 'xL31J', 'xL4J', 'xL35J', 'xL57J', 'xL18J', 'xL8J', 'xL58J', 'xL54J', 'xL33J', 'xL25J', 'xL34J', 'xL7J', 'xL43J', 'xL21J', 'xL17J', 'xL24J', 'xL55J', 'xL52J', 'xL42J', 'xL40J', 'xL44J', 'xL2J', 'xL41J', 'xL23J', 'xL1J', 'xL11J', 'xL37J'}
| | | | | | | +-- , 25 , set() , {'xL49J', 'xL51J', 'xL30J', 'xL46J', 'xL48J', 'xL13J', 'xL59J', 'xL3J', 'xL10J', 'xL31J', 'xL50J', 'xL4J', 'xL35J', 'xL18J', 'xL8J', 'xL58J', 'xL33J', 'xL25J', 'xL34J', 'xL7J', 'xL43J', 'xL24J', 'xL52J', 'xL42J', 'xL40J', 'xL23J', 'xL11J', 'xL37J'}
| | | | | | | +-- , 23 , set() , {'xL49J', 'xL30J', 'xL16J', 'xL17J', 'xL18J', 'xL55J', 'xL58J', 'xL33J', 'xL44J', 'xL37J'}
| | +-- , 29 , set() , {'xL39J', 'xL14J', 'xL17J', 'xL19J', 'xL41J', 'xL22J', 'xL5J', 'xL1J', 'xL25J', 'xL9J'}
| | +-- , 31 , set() , {'xL49J', 'xL36J', 'xL34J', 'xL12J', 'xL39J', 'xL4J', 'xL27J', 'xL35J', 'xL26J', 'xL33J', 'xL59J', 'xL43J', 'xL57J', 'xL48J', 'xL52J', 'xL45J', 'xL25J', 'xL29J'}
| +-- , 33 , set() , {'xL49J', 'xL27J', 'xL15J', 'xL56J', 'xL48J', 'xL20J', 'xL5J', 'xL1J', 'xL32J', 'xL22J'}


Max number of edges with non zero Y: 28
Max number of iterations of outer rounding loop: 6
Max number of candidate sets: 2
Time spent rounding: 32.194
Time spent solving Separator LP: 15.255

LP Solver: GaifmanNormal