22, 2.836442137228267, 8.0, 9
+-- , 0 , {48, 50, 6} , {'xL13J', 'xL28J', 'xL1J', 'xL38J', 'xL33J', 'xL2J', 'xL14J', 'xL27J', 'xL6J', 'xL12J', 'xL21J', 'xL11J', 'xL15J', 'xL17J'}
| +-- , 48 , set() , {'xL12J', 'xL9J', 'xL1J'}
| +-- , 50 , set() , {'xL28J', 'xL1J', 'xL31J', 'xL2J', 'xL15J'}
| +-- , 6 , {44, 12, 46} , {'xL13J', 'xL38J', 'xL14J', 'xL6J', 'xL34J', 'xL15J', 'xL23J', 'xL28J', 'xL37J', 'xL33J', 'xL39J', 'xL27J', 'xL12J', 'xL21J', 'xL11J', 'xL17J'}
| | +-- , 44 , set() , {'xL14J', 'xL4J', 'xL34J'}
| | +-- , 12 , {14} , {'xL13J', 'xL38J', 'xL14J', 'xL6J', 'xL34J', 'xL15J', 'xL36J', 'xL23J', 'xL28J', 'xL37J', 'xL39J', 'xL27J', 'xL12J', 'xL21J', 'xL11J', 'xL17J'}
| | | +-- , 14 , {16, 38} , {'xL3J', 'xL13J', 'xL38J', 'xL14J', 'xL6J', 'xL34J', 'xL15J', 'xL36J', 'xL23J', 'xL28J', 'xL37J', 'xL39J', 'xL27J', 'xL12J', 'xL21J', 'xL17J'}
| | | | +-- , 16 , {18} , {'xL3J', 'xL13J', 'xL38J', 'xL14J', 'xL6J', 'xL34J', 'xL36J', 'xL23J', 'xL28J', 'xL37J', 'xL25J', 'xL39J', 'xL27J', 'xL12J', 'xL21J', 'xL17J'}
| | | | | +-- , 18 , {20} , {'xL3J', 'xL13J', 'xL38J', 'xL19J', 'xL14J', 'xL34J', 'xL36J', 'xL23J', 'xL28J', 'xL37J', 'xL25J', 'xL39J', 'xL27J', 'xL12J', 'xL21J', 'xL17J'}
| | | | | | +-- , 20 , {34, 36, 22} , {'xL3J', 'xL13J', 'xL38J', 'xL19J', 'xL14J', 'xL34J', 'xL36J', 'xL23J', 'xL8J', 'xL30J', 'xL37J', 'xL25J', 'xL18J', 'xL27J', 'xL12J', 'xL17J'}
| | | | | | | +-- , 34 , set() , {'xL35J', 'xL30J', 'xL34J'}
| | | | | | | +-- , 36 , set() , {'xL8J', 'xL18J', 'xL27J', 'xL14J', 'xL10J'}
| | | | | | | +-- , 22 , {24} , {'xL3J', 'xL13J', 'xL19J', 'xL14J', 'xL34J', 'xL36J', 'xL8J', 'xL24J', 'xL30J', 'xL37J', 'xL25J', 'xL18J', 'xL27J', 'xL17J'}
| | | | | | | | +-- , 24 , {32, 26, 30} , {'xL3J', 'xL22J', 'xL24J', 'xL30J', 'xL37J', 'xL25J', 'xL18J', 'xL19J', 'xL27J', 'xL34J', 'xL17J', 'xL36J'}
| | | | | | | | | +-- , 32 , set() , {'xL22J', 'xL37J', 'xL19J', 'xL5J', 'xL17J'}
| | | | | | | | | +-- , 26 , {28} , {'xL3J', 'xL22J', 'xL24J', 'xL30J', 'xL18J', 'xL27J', 'xL7J', 'xL36J'}
| | | | | | | | | | +-- , 28 , set() , {'xL3J', 'xL30J', 'xL18J', 'xL27J', 'xL7J', 'xL32J', 'xL36J'}
| | | | | | | | | +-- , 30 , set() , {'xL22J', 'xL25J', 'xL34J', 'xL26J'}
| | | | +-- , 38 , {40} , {'xL23J', 'xL3J', 'xL28J', 'xL39J', 'xL12J', 'xL6J', 'xL34J', 'xL29J'}
| | | | | +-- , 40 , {42} , {'xL23J', 'xL3J', 'xL28J', 'xL34J', 'xL29J', 'xL20J'}
| | | | | | +-- , 42 , set() , {'xL23J', 'xL28J', 'xL0J', 'xL34J', 'xL20J'}
| | +-- , 46 , set() , {'xL16J', 'xL12J', 'xL34J', 'xL13J'}


Max number of edges with non zero Y: 30
Max number of iterations of outer rounding loop: 5
Max number of candidate sets: 2
Time spent rounding: 42.479
Time spent solving Separator LP: 1.104

LP Solver: GaifmanBoosted