65, 0, 9.0, 9
+-- , 0 , {100, 5, 122, 88, 110, 124, 116, 120, 90, 118, 126} , {'xL3J', 'zL56J', 'xL7J', 'xL4J', 'zL28J', 'xL5J', 'xL0J', 'zL35J', 'w11', 'xL1J', 'zL29J', 'zL40J', 'zL53J', 'zL74J', 'zL59J', 'zL73J', 'xL9J', 'w17', 'yL14J', 'zL52J', 'zL72J'}
| +-- , 100 , {102} , {'xL3J', 'zL11J', 'w5', 'xL7J', 'xL4J', 'xL5J', 'xL1J'}
| | +-- , 102 , {104} , {'xL3J', 'zL11J', 'xL7J', 'xL4J', 'xL5J', 'zL10J'}
| | | +-- , 104 , {106} , {'xL3J', 'zL10J', 'xL7J', 'xL4J', 'zL9J'}
| | | | +-- , 106 , {108} , {'xL3J', 'zL8J', 'xL4J', 'zL9J'}
| | | | | +-- , 108 , set() , {'zL8J', 'xL3J', 'yL2J'}
| +-- , 5 , {7} , {'xL3J', 'zL56J', 'zL41J', 'xL7J', 'xL4J', 'xL0J', 'xL5J', 'xL1J', 'zL40J', 'zL53J', 'zL74J', 'zL59J', 'xL9J', 'zL58J'}
| | +-- , 7 , {9} , {'xL3J', 'zL56J', 'zL41J', 'xL7J', 'xL4J', 'xL0J', 'xL5J', 'xL1J', 'yL5J', 'zL53J', 'zL74J', 'xL9J', 'zL20J', 'zL58J', 'zL19J', 'w7'}
| | | +-- , 9 , {64, 66, 72, 11, 78, 84} , {'xL3J', 'zL56J', 'zL41J', 'xL7J', 'xL4J', 'xL2J', 'xL0J', 'xL5J', 'xL1J', 'zL53J', 'zL74J', 'xL9J', 'zL20J', 'zL58J', 'zL77J', 'zL19J'}
| | | | +-- , 64 , set() , {'zL56J', 'xL3J', 'zL57J', 'xL2J', 'zL58J'}
| | | | +-- , 66 , {68} , {'xL3J', 'xL1J', 'zL53J', 'xL2J', 'zL54J'}
| | | | | +-- , 68 , {70} , {'xL3J', 'zL55J', 'xL2J', 'zL54J'}
| | | | | | +-- , 70 , set() , {'w16', 'xL3J', 'zL55J'}
| | | | +-- , 72 , {74} , {'xL3J', 'zL78J', 'xL7J', 'zL77J', 'xL5J'}
| | | | | +-- , 74 , {76} , {'zL78J', 'xL7J', 'zL79J', 'xL5J'}
| | | | | | +-- , 76 , set() , {'w22', 'zL79J', 'xL5J'}
| | | | +-- , 11 , {56, 13, 62} , {'xL3J', 'xL7J', 'xL4J', 'zL36J', 'xL2J', 'xL5J', 'xL0J', 'zL46J', 'xL1J', 'zL68J', 'zL64J', 'zL47J', 'yL9J', 'yL17J', 'xL9J', 'zL15J', 'zL20J', 'zL14J', 'zL65J', 'zL77J', 'zL19J'}
| | | | | +-- , 56 , {58} , {'xL3J', 'zL13J', 'zL14J', 'xL7J', 'xL4J'}
| | | | | | +-- , 58 , {60} , {'xL3J', 'zL13J', 'zL12J', 'xL4J'}
| | | | | | | +-- , 60 , set() , {'xL3J', 'yL3J', 'zL12J'}
| | | | | +-- , 13 , {16, 18, 50, 52, 54, 46} , {'xL3J', 'xL7J', 'xL4J', 'zL36J', 'xL2J', 'xL0J', 'zL46J', 'xL1J', 'zL76J', 'zL68J', 'zL47J', 'xL6J', 'w4', 'zL7J', 'xL9J', 'zL15J', 'zL20J', 'zL65J', 'zL77J', 'zL19J'}
| | | | | | +-- , 16 , set() , {'xL6J', 'w6', 'zL15J'}
| | | | | | +-- , 18 , {32, 34, 40, 44, 20, 28} , {'zL37J', 'xL7J', 'xL4J', 'zL36J', 'xL2J', 'xL0J', 'xL8J', 'zL46J', 'zL22J', 'xL1J', 'zL68J', 'zL23J', 'zL45J', 'xL6J', 'zL18J', 'zL21J', 'xL9J', 'zL20J', 'zL65J', 'zL19J'}
| | | | | | | +-- , 32 , set() , {'zL67J', 'xL0J', 'xL8J', 'w19', 'xL1J', 'zL66J', 'zL65J'}
| | | | | | | +-- , 34 , {36} , {'zL37J', 'xL1J', 'zL38J', 'xL4J', 'xL8J'}
| | | | | | | | +-- , 36 , {38} , {'zL38J', 'xL4J', 'zL39J', 'xL8J'}
| | | | | | | | | +-- , 38 , set() , {'zL39J', 'xL8J', 'w12'}
| | | | | | | +-- , 40 , {42} , {'zL44J', 'zL45J', 'xL4J', 'xL8J'}
| | | | | | | | +-- , 42 , set() , {'xL4J', 'yL11J', 'zL44J'}
| | | | | | | +-- , 44 , set() , {'w8', 'zL23J', 'xL0J'}
| | | | | | | +-- , 20 , {22} , {'zL69J', 'xL2J', 'xL7J', 'xL8J', 'xL9J', 'zL68J'}
| | | | | | | | +-- , 22 , {24} , {'xL9J', 'zL69J', 'zL70J', 'xL2J', 'xL7J'}
| | | | | | | | | +-- , 24 , {26} , {'zL70J', 'xL7J', 'xL2J', 'zL71J'}
| | | | | | | | | | +-- , 26 , set() , {'xL7J', 'zL71J', 'w20'}
| | | | | | | +-- , 28 , {30} , {'xL6J', 'zL18J', 'zL17J', 'xL0J', 'xL8J'}
| | | | | | | | +-- , 30 , set() , {'xL6J', 'zL17J', 'xL0J', 'zL16J', 'yL4J'}
| | | | | | +-- , 50 , set() , {'zL61J', 'xL3J', 'xL6J', 'zL63J', 'xL4J', 'xL0J', 'zL60J', 'yL15J', 'xL1J', 'w18', 'zL62J'}
| | | | | | +-- , 52 , set() , {'xL1J', 'yL19J', 'zL76J'}
| | | | | | +-- , 54 , set() , {'xL6J', 'zL47J', 'w14'}
| | | | | | +-- , 46 , {48} , {'zL4J', 'xL6J', 'zL6J', 'zL5J', 'xL4J', 'zL7J', 'xL9J', 'xL1J'}
| | | | | | | +-- , 48 , set() , {'xL9J', 'zL4J', 'yL1J'}
| | | | | +-- , 62 , set() , {'zL64J', 'xL5J', 'yL16J'}
| | | | +-- , 78 , {80} , {'xL3J', 'zL41J', 'xL2J', 'zL42J', 'xL0J'}
| | | | | +-- , 80 , {82} , {'zL43J', 'zL42J', 'xL2J', 'xL0J'}
| | | | | | +-- , 82 , set() , {'zL43J', 'w13', 'xL0J'}
| | | | +-- , 84 , {86} , {'xL9J', 'zL75J', 'zL74J', 'xL2J'}
| | | | | +-- , 86 , set() , {'xL9J', 'w21', 'zL75J'}
| +-- , 122 , set() , {'xL3J', 'w3', 'xL7J', 'xL4J', 'zL3J', 'xL5J', 'xL1J', 'zL2J', 'zL0J', 'zL1J', 'yL0J'}
| +-- , 88 , set() , {'yL18J', 'xL4J', 'zL72J'}
| +-- , 110 , {112} , {'zL29J', 'xL1J', 'zL30J', 'xL7J', 'xL5J'}
| | +-- , 112 , {114} , {'xL1J', 'zL30J', 'zL31J', 'xL7J'}
| | | +-- , 114 , set() , {'w10', 'xL1J', 'zL31J'}
| +-- , 124 , set() , {'yL13J', 'xL4J', 'zL52J'}
| +-- , 116 , set() , {'zL40J', 'yL10J', 'xL5J'}
| +-- , 120 , set() , {'xL3J', 'zL28J', 'yL7J'}
| +-- , 90 , {96, 92} , {'xL3J', 'zL50J', 'xL7J', 'xL5J', 'xL0J', 'xL1J', 'zL49J'}
| | +-- , 96 , {98} , {'zL48J', 'xL7J', 'xL0J', 'zL49J'}
| | | +-- , 98 , set() , {'zL48J', 'yL12J', 'xL0J'}
| | +-- , 92 , {94} , {'xL1J', 'zL50J', 'zL51J', 'xL5J'}
| | | +-- , 94 , set() , {'xL1J', 'zL51J', 'w15'}
| +-- , 118 , set() , {'xL3J', 'zL25J', 'yL6J', 'xL7J', 'xL4J', 'zL27J', 'xL5J', 'xL1J', 'zL26J', 'zL24J', 'w9'}
| +-- , 126 , {128} , {'xL4J', 'xL0J', 'xL5J', 'zL35J', 'zL34J', 'xL1J'}
| | +-- , 128 , {130} , {'xL0J', 'zL34J', 'xL1J', 'zL33J', 'xL5J'}
| | | +-- , 130 , {132} , {'zL32J', 'xL1J', 'zL33J', 'xL5J'}
| | | | +-- , 132 , set() , {'zL32J', 'yL8J', 'xL5J'}


Max number of edges with non zero Y: 62
Max number of iterations of outer rounding loop: 11
Max number of candidate sets: 2
Time spent rounding: 72.127
Time spent solving Separator LP: 0.145
Total time spent solving: 82.724

LP Solver: gammaPlusFractionalCoverHeuristic
Lower Bound Witness = ({'zL69J', 'zL70J', 'xL4J', 'zL39J', 'zL28J', 'zL72J', 'zL23J', 'w10', 'w12', 'zL25J', 'yL18J', 'w19', 'zL78J', 'zL19J', 'xL3J', 'zL56J', 'zL57J', 'zL8J', 'xL2J', 'zL35J', 'zL45J', 'zL47J', 'w14', 'zL73J', 'w17', 'zL16J', 'zL0J', 'zL20J', 'zL62J', 'zL6J', 'zL46J', 'zL34J', 'xL1J', 'w11', 'zL26J', 'zL1J', 'yL3J', 'zL17J', 'zL27J', 'zL21J', 'yL19J', 'zL2J', 'zL43J', 'zL30J', 'zL55J', 'zL41J', 'xL7J', 'xL8J', 'zL40J', 'zL12J', 'zL66J', 'w13', 'zL4J', 'zL18J', 'w8', 'yL17J', 'zL71J', 'xL9J', 'zL65J', 'yL0J', 'zL32J', 'zL37J', 'zL36J', 'xL5J', 'zL68J', 'zL24J', 'zL53J', 'zL74J', 'zL48J', 'zL51J', 'zL9J', 'w4', 'w15', 'yL12J', 'zL13J', 'yL10J', 'zL61J', 'zL79J', 'yL15J', 'zL29J', 'zL75J', 'yL16J', 'w21', 'zL11J', 'zL3J', 'zL60J', 'yL8J', 'w6', 'zL42J', 'zL52J', 'zL10J', 'w7', 'zL67J', 'yL6J', 'zL5J', 'zL38J', 'zL76J', 'zL31J', 'zL64J', 'w9', 'yL7J', 'zL49J', 'yL4J', 'xL6J', 'yL1J', 'yL13J', 'yL11J', 'zL44J', 'yL14J', 'zL14J', 'w18', 'zL77J', 'w22', 'zL63J', 'xL0J', 'zL22J', 'zL33J', 'yL5J', 'w20', 'w3', 'zL50J', 'w5', 'yL2J', 'zL59J', 'yL9J', 'zL7J', 'zL15J', 'w16', 'zL58J', 'zL54J'}, {'zL34J', 'zL29J', 'zL31J', 'zL72J', 'w7'})