28, 0.9999998000000001, 2.0, 2
+-- , 0 , {27, 5} , {'xL34J', 'xL55J', 'xL9J', 'xL33J'}
| +-- , 27 , {29} , {'xL55J', 'xL9J', 'xL10J', 'xL33J'}
| | +-- , 29 , {31} , {'xL56J', 'xL10J', 'xL33J', 'xL11J'}
| | | +-- , 31 , {33} , {'xL56J', 'xL32J', 'xL12J', 'xL33J', 'xL11J', 'xL57J'}
| | | | +-- , 33 , {35} , {'xL32J', 'xL31J', 'xL12J', 'xL57J', 'xL13J', 'xL58J'}
| | | | | +-- , 35 , {37} , {'xL31J', 'xL14J', 'xL30J', 'xL13J', 'xL59J', 'xL58J'}
| | | | | | +-- , 37 , {39} , {'xL29J', 'xL14J', 'xL30J', 'xL60J', 'xL15J', 'xL59J'}
| | | | | | | +-- , 39 , {41} , {'xL29J', 'xL60J', 'xL28J', 'xL15J'}
| | | | | | | | +-- , 41 , {43} , {'xL61J', 'xL16J', 'xL28J', 'xL15J'}
| | | | | | | | | +-- , 43 , {45} , {'xL61J', 'xL16J', 'xL28J', 'xL27J', 'xL17J', 'xL62J'}
| | | | | | | | | | +-- , 45 , {47} , {'xL26J', 'xL27J', 'xL18J', 'xL63J', 'xL17J', 'xL62J'}
| | | | | | | | | | | +-- , 47 , {49} , {'xL18J', 'xL26J', 'xL63J', 'xL25J'}
| | | | | | | | | | | | +-- , 49 , {51} , {'xL19J', 'xL24J', 'xL64J', 'xL18J', 'xL25J'}
| | | | | | | | | | | | | +-- , 51 , {53} , {'xL65J', 'xL19J', 'xL20J', 'xL24J'}
| | | | | | | | | | | | | | +-- , 53 , {55} , {'xL65J', 'xL20J', 'xL23J', 'xL24J'}
| | | | | | | | | | | | | | | +-- , 55 , {57} , {'xL20J', 'xL66J', 'xL23J', 'xL22J'}
| | | | | | | | | | | | | | | | +-- , 57 , set() , {'xL67J', 'xL21J', 'xL68J', 'xL20J', 'xL66J', 'xL22J'}
| +-- , 5 , {7} , {'xL34J', 'xL8J', 'xL54J', 'xL9J', 'xL35J'}
| | +-- , 7 , {9} , {'xL7J', 'xL8J', 'xL35J', 'xL36J', 'xL53J'}
| | | +-- , 9 , {11} , {'xL7J', 'xL52J', 'xL36J', 'xL37J'}
| | | | +-- , 11 , {13} , {'xL7J', 'xL6J', 'xL37J', 'xL51J', 'xL52J', 'xL38J'}
| | | | | +-- , 13 , {15} , {'xL5J', 'xL6J', 'xL50J', 'xL38J', 'xL51J', 'xL39J'}
| | | | | | +-- , 15 , {17} , {'xL5J', 'xL40J', 'xL50J', 'xL4J', 'xL49J', 'xL39J'}
| | | | | | | +-- , 17 , {19} , {'xL4J', 'xL40J', 'xL49J', 'xL3J'}
| | | | | | | | +-- , 19 , {21} , {'xL40J', 'xL41J', 'xL2J', 'xL3J', 'xL48J'}
| | | | | | | | | +-- , 21 , {23} , {'xL41J', 'xL2J', 'xL1J', 'xL47J', 'xL42J'}
| | | | | | | | | | +-- , 23 , {25} , {'xL43J', 'xL46J', 'xL1J', 'xL0J', 'xL42J'}
| | | | | | | | | | | +-- , 25 , set() , {'xL44J', 'xL43J', 'xL0J', 'xL45J'}


Max number of edges with non zero Y: 6
Max number of iterations of outer rounding loop: 1
Max number of candidate sets: 2
Time spent rounding: 3.117
Time spent solving Separator LP: 0.443
Total time spent solving: 5.599

LP Solver: GaifmanNormal
Lower Bound Witness = ({'xL56J', 'xL34J', 'xL63J', 'xL23J', 'xL18J', 'xL25J', 'xL37J', 'xL32J', 'xL47J', 'xL24J', 'xL48J', 'xL29J', 'xL55J', 'xL30J', 'xL20J', 'xL60J', 'xL13J', 'xL11J', 'xL54J', 'xL16J', 'xL27J', 'xL0J', 'xL1J', 'xL59J', 'xL31J', 'xL14J', 'xL12J', 'xL49J', 'xL39J', 'xL58J', 'xL61J', 'xL42J', 'xL8J', 'xL26J', 'xL40J', 'xL41J', 'xL68J', 'xL65J', 'xL9J', 'xL38J', 'xL64J', 'xL66J', 'xL46J', 'xL33J', 'xL15J', 'xL53J', 'xL2J', 'xL22J', 'xL36J', 'xL5J', 'xL43J', 'xL6J', 'xL7J', 'xL45J', 'xL10J', 'xL28J', 'xL67J', 'xL21J', 'xL35J', 'xL44J', 'xL50J', 'xL17J', 'xL4J', 'xL19J', 'xL52J', 'xL62J', 'xL3J', 'xL51J', 'xL57J'}, {'xL5J', 'xL34J', 'xL54J', 'xL67J', 'xL18J', 'xL23J', 'xL68J', 'xL31J', 'xL55J', 'xL12J', 'xL52J', 'xL49J', 'xL36J'})