12, 1.3888888888888888, 3.5, 4
+-- , 0 , {3, 19, 21, 23} , {'31', '26', '21', '8', '24', '19', '0'}
| +-- , 3 , {5} , {'22', '21', '24', '31', '18', '8', '2', '19', '14', '0'}
| | +-- , 5 , {7} , {'24', '36', '2', '19', '30', '22', '35', '18', '14', '0'}
| | | +-- , 7 , {9} , {'30', '22', '24', '36', '18', '2', '19', '7', '14', '0'}
| | | | +-- , 9 , {11} , {'30', '22', '3', '24', '18', '2', '38', '7', '14', '0'}
| | | | | +-- , 11 , {13} , {'22', '3', '9', '20', '2', '38', '7', '14'}
| | | | | | +-- , 13 , {17, 15} , {'3', '14', '23', '38', '20'}
| | | | | | | +-- , 17 , set() , {'3', '4', '20', '23', '5', '14'}
| | | | | | | +-- , 15 , set() , {'23', '37', '13', '38'}
| +-- , 19 , set() , {'21', '25', '24', '31', '26'}
| +-- , 21 , set() , {'32', '26', '29', '33'}
| +-- , 23 , set() , {'11', '8', '1', '6'}


Max number of edges with non zero Y: 6
Max number of iterations of outer rounding loop: 3
Max number of candidate sets: 2
Time spent rounding: 2.572
Time spent solving Separator LP: 0.117
Total time spent solving: 3.783

LP Solver: GaifmanBoosted
Lower Bound Witness = ({'32', '9', '36', '13', '19', '30', '4', '20', '35', '37', '33', '11', '7', '14', '0', '21', '24', '31', '2', '38', '5', '29', '22', '25', '3', '26', '18', '8', '23', '1', '6'}, {'21', '35', '2', '19', '6'})