17, 1.9867443592044163, 4.88, 6
+-- , 0 , {40, 3} , {'19', '31', '43', '30', '33', '28', '6', '13', '12', '44', '0', '17', '18', '23'}
| +-- , 40 , set() , {'19', '38', '17', '23'}
| +-- , 3 , {5} , {'30', '6', '13', '12', '17', '18', '29', '31', '43', '33', '28', '0', '23'}
| | +-- , 5 , {8} , {'35', '30', '6', '17', '18', '29', '20', '31', '43', '33', '28', '3', '0', '23'}
| | | +-- , 8 , {12, 38} , {'40', '35', '30', '6', '46', '17', '18', '36', '29', '20', '31', '43', '33', '28', '3', '0'}
| | | | +-- , 12 , {15} , {'35', '8', '30', '6', '46', '17', '18', '36', '20', '31', '43', '33', '28', '21', '3', '0'}
| | | | | +-- , 15 , {18, 36} , {'35', '16', '8', '30', '6', '46', '18', '36', '20', '31', '43', '33', '28', '21', '3', '0', '34'}
| | | | | | +-- , 18 , {20} , {'35', '16', '8', '30', '46', '18', '36', '20', '37', '31', '21', '33', '28', '3', '0', '11'}
| | | | | | | +-- , 20 , {24, 34} , {'35', '16', '30', '46', '5', '18', '36', '37', '31', '42', '4', '33', '28', '27', '3', '0', '11'}
| | | | | | | | +-- , 24 , {26} , {'35', '16', '30', '46', '5', '18', '36', '42', '31', '4', '32', '33', '28', '27', '3', '11'}
| | | | | | | | | +-- , 26 , {28} , {'35', '16', '30', '46', '5', '15', '18', '36', '42', '32', '33', '28', '27', '3', '11'}
| | | | | | | | | | +-- , 28 , {30} , {'25', '35', '16', '22', '30', '46', '5', '15', '18', '42', '33', '28', '27', '39', '3', '11'}
| | | | | | | | | | | +-- , 30 , {32} , {'25', '35', '33', '28', '27', '3', '2', '41', '5', '18'}
| | | | | | | | | | | | +-- , 32 , set() , {'28', '2', '26', '18'}
| | | | | | | | +-- , 34 , set() , {'37', '4', '24', '46', '0'}
| | | | | | +-- , 36 , set() , {'16', '6', '31', '7'}
| | | | +-- , 38 , set() , {'36', '40', '20', '31', '9'}


Max number of edges with non zero Y: 14
Max number of iterations of outer rounding loop: 5
Max number of candidate sets: 2
Time spent rounding: 20.270
Time spent solving Separator LP: 1.428

LP Solver: GaifmanBoosted