13, 1.8412519257539666, 7.0, 7
+-- , 0 , {5, 23, 25, 27, 29} , {'19', '25', '35', '16', '8', '22', '30', '6', '46', '5', '17', '15', '18', '29', '42', '31', '4', '32', '43', '27', '21', '33', '3', '11'}
| +-- , 5 , {8} , {'19', '16', '2', '46', '41', '5', '17', '18', '4', '32', '43', '27', '25', '35', '8', '30', '15', '29', '42', '31', '21', '33', '3', '11'}
| | +-- , 8 , {10, 21} , {'19', '35', '16', '8', '30', '2', '46', '41', '5', '17', '15', '18', '29', '42', '31', '4', '32', '43', '27', '28', '21', '33', '3', '11'}
| | | +-- , 10 , {19, 13, 15} , {'19', '16', '46', '5', '17', '18', '20', '4', '32', '43', '28', '0', '23', '35', '8', '30', '15', '29', '42', '31', '21', '33', '3', '11'}
| | | | +-- , 19 , set() , {'19', '38', '17', '23'}
| | | | +-- , 13 , set() , {'20', '37', '4', '16', '24', '8', '21', '46', '0', '11'}
| | | | +-- , 15 , {17} , {'35', '16', '8', '30', '46', '5', '17', '15', '18', '36', '20', '29', '42', '31', '32', '43', '33', '28', '3', '34'}
| | | | | +-- , 17 , set() , {'36', '40', '29', '20', '31', '3', '9', '46', '17'}
| | | +-- , 21 , set() , {'28', '2', '26', '18'}
| +-- , 23 , set() , {'19', '31', '30', '33', '44'}
| +-- , 25 , set() , {'29', '43', '6', '13', '12'}
| +-- , 27 , set() , {'16', '30', '22', '39', '11'}
| +-- , 29 , set() , {'16', '6', '31', '7'}


Max number of edges with non zero Y: 15
Max number of iterations of outer rounding loop: 5
Max number of candidate sets: 2
Time spent rounding: 8.812
Time spent solving Separator LP: 0.595

LP Solver: GaifmanNormal