54, 3.3447894054721603, 9.0, 9
+-- , 0 , {65, 3, 67, 69, 7, 75, 77, 87, 89, 99, 101, 103, 105, 109, 59} , {'yL4J', 'zL19J', 'xL9J', 'xL2J', 'zL48J', 'zL18J', 'zL46J', 'zL42J', 'xL3J', 'xL7J', 'zL47J', 'xL8J', 'zL43J', 'zL16J', 'xL0J', 'yL12J', 'xL6J', 'xL5J', 'xL4J', 'zL2J'}
| +-- , 65 , set() , {'zL43J', 'xL8J', 'w13'}
| +-- , 3 , set() , {'w16', 'yL13J', 'xL3J', 'zL54J', 'zL52J', 'zL55J', 'zL53J', 'xL0J', 'xL2J', 'xL6J', 'xL4J'}
| +-- , 67 , set() , {'zL71J', 'w20', 'zL70J', 'xL3J', 'xL8J', 'xL9J', 'zL69J', 'yL17J', 'zL68J', 'xL6J', 'xL5J'}
| +-- , 69 , {71} , {'yL3J', 'xL3J', 'xL7J', 'zL12J', 'xL0J', 'xL2J', 'xL6J'}
| | +-- , 71 , {73} , {'xL3J', 'xL7J', 'zL12J', 'zL14J', 'zL15J', 'xL0J', 'xL6J', 'zL13J'}
| | | +-- , 73 , set() , {'xL7J', 'zL15J', 'w6'}
| +-- , 7 , {9} , {'xL4J', 'yL14J', 'xL9J', 'xL2J', 'zL48J', 'zL18J', 'zL42J', 'xL3J', 'zL47J', 'xL7J', 'zL41J', 'xL8J', 'zL16J', 'zL56J', 'xL0J', 'xL6J', 'xL5J', 'zL49J', 'zL2J'}
| | +-- , 9 , {11} , {'xL4J', 'xL9J', 'xL2J', 'zL18J', 'xL3J', 'xL7J', 'zL47J', 'zL41J', 'xL8J', 'zL50J', 'zL17J', 'zL56J', 'xL0J', 'zL16J', 'xL5J', 'zL49J', 'zL2J'}
| | | +-- , 11 , {13} , {'zL51J', 'xL9J', 'xL2J', 'zL18J', 'xL3J', 'xL7J', 'zL47J', 'zL41J', 'xL8J', 'zL50J', 'zL17J', 'zL56J', 'xL0J', 'w15', 'xL5J', 'xL4J', 'zL2J'}
| | | | +-- , 13 , {15} , {'zL57J', 'zL51J', 'xL9J', 'xL2J', 'zL18J', 'xL3J', 'xL7J', 'zL47J', 'zL41J', 'xL8J', 'zL50J', 'zL17J', 'zL56J', 'xL0J', 'xL5J', 'xL4J', 'zL2J'}
| | | | | +-- , 15 , {37, 39, 45, 17, 51, 55, 57, 27} , {'zL57J', 'zL51J', 'xL9J', 'zL11J', 'xL2J', 'zL18J', 'zL10J', 'xL3J', 'zL47J', 'xL7J', 'zL41J', 'xL8J', 'zL50J', 'w14', 'zL17J', 'xL0J', 'xL5J', 'xL4J', 'zL2J', 'xL1J'}
| | | | | | +-- , 37 , set() , {'zL34J', 'zL35J', 'xL7J', 'zL33J', 'yL8J', 'w11', 'xL8J', 'zL32J', 'xL5J', 'xL4J', 'xL1J'}
| | | | | | +-- , 39 , {41} , {'xL9J', 'zL10J', 'xL1J', 'xL4J', 'zL9J'}
| | | | | | | +-- , 41 , {43} , {'zL8J', 'zL9J', 'xL1J', 'xL9J'}
| | | | | | | | +-- , 43 , set() , {'xL1J', 'yL2J', 'zL8J'}
| | | | | | +-- , 45 , {47} , {'zL57J', 'xL5J', 'xL4J', 'zL58J', 'xL1J'}
| | | | | | | +-- , 47 , {49} , {'zL59J', 'xL5J', 'zL58J', 'xL1J'}
| | | | | | | | +-- , 49 , set() , {'zL59J', 'xL5J', 'w17'}
| | | | | | +-- , 17 , {19} , {'xL3J', 'xL8J', 'xL9J', 'w8', 'zL23J', 'xL4J', 'xL1J'}
| | | | | | | +-- , 19 , {21} , {'zL22J', 'xL8J', 'xL9J', 'zL23J', 'xL4J', 'xL1J'}
| | | | | | | | +-- , 21 , {23} , {'zL22J', 'xL4J', 'xL8J', 'zL21J', 'xL9J'}
| | | | | | | | | +-- , 23 , {25} , {'zL20J', 'xL4J', 'xL8J', 'zL21J'}
| | | | | | | | | | +-- , 25 , set() , {'xL4J', 'zL20J', 'yL5J'}
| | | | | | +-- , 51 , {53} , {'zL40J', 'zL41J', 'xL4J', 'xL1J'}
| | | | | | | +-- , 53 , set() , {'zL40J', 'xL4J', 'yL10J'}
| | | | | | +-- , 55 , set() , {'xL7J', 'zL11J', 'w5'}
| | | | | | +-- , 57 , set() , {'yL0J', 'xL3J', 'zL1J', 'zL0J', 'xL2J', 'zL2J', 'xL1J'}
| | | | | | +-- , 27 , {35, 29} , {'xL7J', 'zL77J', 'xL8J', 'zL76J', 'xL0J', 'xL5J', 'xL1J'}
| | | | | | | +-- , 35 , set() , {'zL76J', 'xL7J', 'yL19J'}
| | | | | | | +-- , 29 , {31} , {'xL0J', 'xL5J', 'zL77J', 'xL1J', 'zL78J'}
| | | | | | | | +-- , 31 , {33} , {'xL0J', 'zL78J', 'xL5J', 'zL79J'}
| | | | | | | | | +-- , 33 , set() , {'w22', 'xL5J', 'zL79J'}
| +-- , 75 , set() , {'zL63J', 'zL62J', 'yL15J', 'xL7J', 'xL8J', 'xL9J', 'zL60J', 'zL61J', 'xL0J', 'xL6J', 'w18'}
| +-- , 77 , {79} , {'xL3J', 'xL8J', 'w4', 'zL7J', 'xL0J', 'xL2J', 'xL4J'}
| | +-- , 79 , {81} , {'zL6J', 'xL3J', 'xL8J', 'zL7J', 'xL2J', 'xL4J'}
| | | +-- , 81 , {83} , {'zL5J', 'zL6J', 'xL3J', 'xL4J', 'xL8J'}
| | | | +-- , 83 , {85} , {'zL5J', 'xL3J', 'xL4J', 'zL4J'}
| | | | | +-- , 85 , set() , {'yL1J', 'xL4J', 'zL4J'}
| +-- , 87 , set() , {'w12', 'xL7J', 'xL9J', 'yL9J', 'xL0J', 'zL36J', 'zL37J', 'zL38J', 'zL39J', 'xL5J', 'xL4J'}
| +-- , 89 , {91, 95} , {'xL3J', 'xL7J', 'zL26J', 'zL25J', 'xL0J', 'xL5J', 'xL4J'}
| | +-- , 91 , {93} , {'xL7J', 'zL24J', 'xL5J', 'zL25J'}
| | | +-- , 93 , set() , {'xL7J', 'zL24J', 'yL6J'}
| | +-- , 95 , {97} , {'xL3J', 'zL27J', 'zL26J', 'xL4J'}
| | | +-- , 97 , set() , {'xL3J', 'zL27J', 'w9'}
| +-- , 99 , set() , {'zL66J', 'w19', 'xL3J', 'xL7J', 'zL67J', 'yL16J', 'xL9J', 'zL64J', 'xL2J', 'xL4J', 'zL65J'}
| +-- , 101 , set() , {'zL28J', 'zL30J', 'xL7J', 'zL31J', 'zL29J', 'yL7J', 'xL8J', 'xL0J', 'xL2J', 'w10', 'xL5J'}
| +-- , 103 , set() , {'yL18J', 'xL3J', 'w21', 'zL75J', 'zL74J', 'xL9J', 'zL73J', 'xL0J', 'zL72J', 'xL2J', 'xL6J'}
| +-- , 105 , {107} , {'xL7J', 'zL3J', 'xL5J', 'zL2J'}
| | +-- , 107 , set() , {'zL3J', 'w3', 'xL5J'}
| +-- , 109 , set() , {'w7', 'zL19J', 'xL9J'}
| +-- , 59 , {61} , {'xL4J', 'zL46J', 'xL2J', 'xL6J', 'zL45J'}
| | +-- , 61 , {63} , {'zL44J', 'xL2J', 'xL4J', 'zL45J'}
| | | +-- , 63 , set() , {'yL11J', 'zL44J', 'xL4J'}


Max number of edges with non zero Y: 36
Max number of iterations of outer rounding loop: 2
Max number of candidate sets: 2
Time spent rounding: 10.585
Time spent solving Separator LP: 6.385
Total time spent solving: 25.804

LP Solver: GaifmanBoosted
Lower Bound Witness = ({'zL71J', 'zL6J', 'zL19J', 'yL14J', 'zL20J', 'zL32J', 'w20', 'xL2J', 'zL48J', 'zL15J', 'zL18J', 'zL4J', 'xL3J', 'zL14J', 'zL43J', 'zL56J', 'zL64J', 'w15', 'yL4J', 'yL15J', 'zL33J', 'zL29J', 'zL45J', 'zL21J', 'zL0J', 'yL19J', 'yL18J', 'w12', 'xL7J', 'yL1J', 'w11', 'zL7J', 'zL17J', 'zL76J', 'zL69J', 'yL12J', 'xL1J', 'zL65J', 'zL24J', 'xL9J', 'zL55J', 'zL72J', 'zL73J', 'zL23J', 'w18', 'zL10J', 'w22', 'zL25J', 'zL40J', 'w3', 'zL1J', 'yL17J', 'w5', 'zL36J', 'w17', 'zL35J', 'zL66J', 'w6', 'yL8J', 'zL22J', 'w21', 'zL51J', 'zL74J', 'w7', 'zL37J', 'zL39J', 'zL26J', 'yL5J', 'yL3J', 'w13', 'zL50J', 'yL9J', 'xL0J', 'yL11J', 'w14', 'xL4J', 'zL28J', 'yL0J', 'yL6J', 'zL61J', 'zL38J', 'yL13J', 'zL47J', 'zL77J', 'zL41J', 'yL16J', 'zL5J', 'zL8J', 'zL2J', 'w19', 'zL57J', 'zL12J', 'w4', 'zL44J', 'zL27J', 'zL46J', 'zL34J', 'xL8J', 'zL60J', 'zL3J', 'w10', 'xL6J', 'yL10J', 'zL9J', 'zL78J', 'zL58J', 'zL11J', 'zL53J', 'zL68J', 'zL70J', 'zL62J', 'zL54J', 'w8', 'zL13J', 'xL5J', 'zL59J', 'zL30J', 'zL63J', 'w9', 'zL67J', 'yL2J', 'zL79J', 'zL42J', 'w16', 'zL31J', 'zL75J', 'yL7J', 'zL52J', 'zL16J', 'zL49J'}, {'zL20J', 'xL9J', 'zL55J', 'zL11J', 'zL53J', 'zL18J', 'w18', 'zL10J', 'zL5J', 'zL1J', 'w8', 'zL36J', 'xL5J', 'zL13J', 'zL2J', 'zL66J', 'w19', 'yL15J', 'yL8J', 'zL67J', 'zL45J', 'zL44J', 'w7', 'zL0J', 'yL19J', 'yL5J', 'yL18J', 'yL3J', 'xL8J', 'yL9J', 'zL49J'})