55, 0, 9.0, 9
+-- , 0 , {97, 99, 5, 101, 71, 75, 111, 85, 87, 89, 91, 93, 95} , {'zL66J', 'zL24J', 'zL67J', 'zL20J', 'xL9J', 'zL68J', 'xL2J', 'yL5J', 'xL7J', 'xL8J', 'zL1J', 'xL0J', 'yL17J', 'xL6J', 'xL5J', 'xL4J', 'zL2J', 'xL1J'}
| +-- , 97 , set() , {'zL46J', 'zL47J', 'zL45J', 'xL8J', 'xL2J', 'zL44J', 'yL11J', 'xL6J', 'w14', 'xL4J', 'xL1J'}
| +-- , 99 , set() , {'zL59J', 'zL57J', 'yL14J', 'xL8J', 'zL58J', 'zL56J', 'w17', 'xL6J', 'xL5J', 'xL4J', 'xL1J'}
| +-- , 5 , {65, 69, 7, 61} , {'zL71J', 'zL66J', 'w6', 'zL24J', 'zL20J', 'xL9J', 'zL53J', 'zL68J', 'xL2J', 'zL15J', 'zL18J', 'zL70J', 'xL7J', 'zL54J', 'xL8J', 'zL25J', 'zL1J', 'zL17J', 'xL0J', 'xL6J', 'xL5J', 'xL4J', 'xL1J'}
| | +-- , 65 , {67} , {'zL53J', 'xL4J', 'xL6J', 'zL52J'}
| | | +-- , 67 , set() , {'yL13J', 'zL52J', 'xL4J'}
| | +-- , 69 , set() , {'zL71J', 'xL5J', 'w20'}
| | +-- , 7 , {37, 39, 27, 9, 43, 47, 49, 19, 51, 55, 59} , {'zL66J', 'zL20J', 'xL9J', 'zL55J', 'zL68J', 'xL2J', 'zL15J', 'zL26J', 'zL70J', 'xL3J', 'xL7J', 'zL54J', 'xL8J', 'zL25J', 'zL1J', 'zL17J', 'xL0J', 'xL6J', 'xL4J', 'xL1J'}
| | | +-- , 37 , set() , {'yL18J', 'xL3J', 'w21', 'zL75J', 'zL74J', 'xL9J', 'zL73J', 'xL0J', 'zL72J', 'xL2J', 'xL6J'}
| | | +-- , 39 , {41} , {'zL17J', 'xL3J', 'xL2J', 'zL16J'}
| | | | +-- , 41 , set() , {'xL2J', 'zL16J', 'yL4J'}
| | | +-- , 27 , {29} , {'xL3J', 'xL8J', 'w4', 'zL7J', 'xL0J', 'xL2J', 'xL4J'}
| | | | +-- , 29 , {31} , {'zL6J', 'xL3J', 'xL8J', 'zL7J', 'xL2J', 'xL4J'}
| | | | | +-- , 31 , {33} , {'zL5J', 'zL6J', 'xL3J', 'xL4J', 'xL8J'}
| | | | | | +-- , 33 , {35} , {'zL5J', 'xL3J', 'xL4J', 'zL4J'}
| | | | | | | +-- , 35 , set() , {'yL1J', 'xL4J', 'zL4J'}
| | | +-- , 9 , {11} , {'xL3J', 'xL6J', 'xL9J', 'yL12J', 'xL2J', 'zL48J', 'xL1J'}
| | | | +-- , 11 , {13} , {'xL3J', 'xL9J', 'xL2J', 'zL48J', 'zL49J', 'xL1J'}
| | | | | +-- , 13 , {15} , {'xL2J', 'xL1J', 'zL49J', 'zL50J', 'xL9J'}
| | | | | | +-- , 15 , {17} , {'xL2J', 'zL51J', 'zL50J', 'xL1J'}
| | | | | | | +-- , 17 , set() , {'xL2J', 'zL51J', 'w15'}
| | | +-- , 43 , {45} , {'xL3J', 'zL22J', 'zL20J', 'zL21J', 'xL9J', 'xL8J', 'zL23J', 'xL1J'}
| | | | +-- , 45 , set() , {'xL3J', 'zL23J', 'w8'}
| | | +-- , 47 , set() , {'zL55J', 'w16', 'xL2J'}
| | | +-- , 49 , set() , {'zL70J', 'xL3J', 'xL9J', 'zL69J', 'zL68J'}
| | | +-- , 19 , {21} , {'xL3J', 'zL14J', 'xL6J', 'xL0J', 'xL2J', 'zL15J'}
| | | | +-- , 21 , {23} , {'xL0J', 'zL13J', 'xL2J', 'xL6J', 'zL14J'}
| | | | | +-- , 23 , {25} , {'xL0J', 'zL12J', 'zL13J', 'xL2J'}
| | | | | | +-- , 25 , set() , {'zL12J', 'xL2J', 'yL3J'}
| | | +-- , 51 , {53} , {'zL66J', 'zL64J', 'xL3J', 'xL7J', 'xL2J', 'zL65J'}
| | | | +-- , 53 , set() , {'xL7J', 'zL64J', 'yL16J'}
| | | +-- , 55 , {57} , {'xL3J', 'zL27J', 'zL26J', 'xL4J'}
| | | | +-- , 57 , set() , {'xL3J', 'zL27J', 'w9'}
| | | +-- , 59 , set() , {'yL0J', 'xL3J', 'zL1J', 'zL0J', 'xL1J'}
| | +-- , 61 , {63} , {'zL19J', 'zL18J', 'xL4J', 'xL9J'}
| | | +-- , 63 , set() , {'w7', 'zL19J', 'xL9J'}
| +-- , 101 , {103} , {'xL8J', 'yL10J', 'zL40J', 'xL0J', 'xL5J', 'xL4J', 'xL1J'}
| | +-- , 103 , {105} , {'zL41J', 'xL8J', 'zL40J', 'xL0J', 'xL5J', 'xL1J'}
| | | +-- , 105 , {107} , {'xL0J', 'xL5J', 'zL41J', 'xL8J', 'zL42J'}
| | | | +-- , 107 , {109} , {'zL43J', 'xL0J', 'xL8J', 'zL42J'}
| | | | | +-- , 109 , set() , {'zL43J', 'xL8J', 'w13'}
| +-- , 71 , {73} , {'xL7J', 'zL3J', 'xL5J', 'zL2J'}
| | +-- , 73 , set() , {'zL3J', 'w3', 'xL5J'}
| +-- , 75 , {83, 77} , {'xL7J', 'zL77J', 'xL8J', 'zL76J', 'xL0J', 'xL5J', 'xL1J'}
| | +-- , 83 , set() , {'zL76J', 'xL7J', 'yL19J'}
| | +-- , 77 , {79} , {'xL0J', 'xL5J', 'zL77J', 'xL1J', 'zL78J'}
| | | +-- , 79 , {81} , {'xL0J', 'zL78J', 'xL5J', 'zL79J'}
| | | | +-- , 81 , set() , {'w22', 'xL5J', 'zL79J'}
| +-- , 111 , set() , {'zL67J', 'xL4J', 'w19'}
| +-- , 85 , set() , {'zL34J', 'zL35J', 'xL7J', 'zL33J', 'yL8J', 'w11', 'xL8J', 'zL32J', 'xL5J', 'xL4J', 'xL1J'}
| +-- , 87 , set() , {'zL10J', 'xL7J', 'xL9J', 'zL9J', 'zL11J', 'xL0J', 'w5', 'zL8J', 'xL4J', 'yL2J', 'xL1J'}
| +-- , 89 , set() , {'zL63J', 'zL62J', 'yL15J', 'xL7J', 'xL8J', 'xL9J', 'zL60J', 'zL61J', 'xL0J', 'xL6J', 'w18'}
| +-- , 91 , set() , {'w12', 'xL7J', 'xL9J', 'yL9J', 'xL0J', 'zL36J', 'zL37J', 'zL38J', 'zL39J', 'xL5J', 'xL4J'}
| +-- , 93 , set() , {'xL7J', 'zL24J', 'yL6J'}
| +-- , 95 , set() , {'zL28J', 'zL30J', 'xL7J', 'zL31J', 'zL29J', 'yL7J', 'xL8J', 'xL0J', 'xL2J', 'w10', 'xL5J'}


Max number of edges with non zero Y: 62
Max number of iterations of outer rounding loop: 1
Max number of candidate sets: 2
Time spent rounding: 7.290
Time spent solving Separator LP: 0.103
Total time spent solving: 20.627

LP Solver: gammaPlusFractionalCoverHeuristic
Lower Bound Witness = ({'zL71J', 'zL6J', 'zL19J', 'yL14J', 'zL20J', 'zL32J', 'w20', 'xL2J', 'zL48J', 'zL15J', 'zL18J', 'zL4J', 'xL3J', 'zL14J', 'zL43J', 'zL56J', 'zL64J', 'w15', 'yL4J', 'yL15J', 'zL33J', 'zL29J', 'zL45J', 'zL21J', 'zL0J', 'yL19J', 'yL18J', 'w12', 'xL7J', 'yL1J', 'w11', 'zL7J', 'zL17J', 'zL76J', 'zL69J', 'yL12J', 'xL1J', 'zL65J', 'zL24J', 'xL9J', 'zL55J', 'zL72J', 'zL73J', 'zL23J', 'w18', 'zL10J', 'w22', 'zL25J', 'zL40J', 'w3', 'zL1J', 'yL17J', 'w5', 'zL36J', 'w17', 'zL35J', 'zL66J', 'w6', 'yL8J', 'zL22J', 'w21', 'zL51J', 'zL74J', 'w7', 'zL37J', 'zL39J', 'zL26J', 'yL5J', 'yL3J', 'w13', 'zL50J', 'yL9J', 'xL0J', 'yL11J', 'w14', 'xL4J', 'zL28J', 'yL0J', 'yL6J', 'zL61J', 'zL38J', 'yL13J', 'zL47J', 'zL77J', 'zL41J', 'yL16J', 'zL5J', 'zL8J', 'zL2J', 'w19', 'zL57J', 'zL12J', 'w4', 'zL44J', 'zL27J', 'zL46J', 'zL34J', 'xL8J', 'zL60J', 'zL3J', 'w10', 'xL6J', 'yL10J', 'zL9J', 'zL78J', 'zL58J', 'zL11J', 'zL53J', 'zL68J', 'zL70J', 'zL62J', 'zL54J', 'w8', 'zL13J', 'xL5J', 'zL59J', 'zL30J', 'zL63J', 'w9', 'zL67J', 'yL2J', 'zL79J', 'zL42J', 'w16', 'zL31J', 'zL75J', 'yL7J', 'zL52J', 'zL16J', 'zL49J'}, {'zL24J', 'zL77J', 'xL9J', 'zL68J', 'w18'})