12, 0, 6.285714285714286, 8
+-- , 7 , {9, 5} , {'60', '12', '37', '1', '0', '44', '5', '45', '29', '28', '7', '18', '36', '30', '32', '56', '11', '48', '49', '22', '25', '33', '3', '50', '61', '21', '16', '65', '59', '10'}
| +-- , 9 , {12, 20} , {'60', '57', '37', '1', '0', '44', '5', '45', '29', '28', '7', '18', '36', '30', '32', '56', '23', '11', '48', '49', '22', '25', '33', '3', '50', '61', '21', '16', '59', '10'}
| | +-- , 12 , {18, 14} , {'60', '57', '37', '1', '0', '44', '5', '29', '28', '7', '18', '36', '30', '32', '56', '23', '11', '48', '49', '4', '22', '25', '33', '3', '50', '61', '21', '16', '10'}
| | | +-- , 18 , set() , {'50', '36', '57', '53', '23', '4', '22', '7'}
| | | +-- , 14 , {16} , {'60', '37', '1', '26', '0', '52', '44', '5', '29', '28', '18', '54', '30', '32', '56', '23', '11', '48', '40', '49', '4', '25', '42', '33', '3', '63', '61', '21', '38', '16', '10'}
| | | | +-- , 16 , set() , {'60', '64', '1', '0', '52', '20', '44', '28', '54', '2', '30', '32', '23', '11', '48', '49', '25', '42', '33', '3', '21', '43', '19'}
| | +-- , 20 , set() , {'3', '9', '57', '45', '29', '28', '1', '22', '31', '59', '35', '10'}
| +-- , 5 , {3} , {'60', '12', '37', '1', '0', '46', '44', '5', '45', '29', '28', '7', '18', '36', '30', '56', '11', '48', '49', '22', '25', '33', '3', '50', '61', '21', '16', '65', '59', '10'}
| | +-- , 3 , {0, 22} , {'60', '36', '30', '56', '12', '37', '15', '11', '48', '1', '49', '22', '25', '0', '33', '46', '3', '50', '44', '61', '5', '45', '29', '28', '7', '16', '65', '59', '18'}
| | | +-- , 0 , {26} , {'60', '12', '15', '1', '0', '46', '41', '44', '34', '5', '45', '29', '28', '7', '51', '18', '8', '36', '30', '56', '6', '11', '48', '49', '22', '25', '33', '3', '24', '61', '62', '16', '65', '59'}
| | | | +-- , 26 , set() , {'27', '61', '34', '45', '6', '12', '49', '14', '25', '13', '65', '46', '59', '39'}
| | | +-- , 22 , set() , {'50', '60', '37', '15', '22', '25', '17'}


Max number of edges with non zero Y: 19
Max number of iterations of outer rounding loop: 7
Max number of candidate sets: 2
Time spent rounding: 1.612
Time spent solving Separator LP: 0.031
Total time spent solving: 2.547

LP Solver: gammaPlusFractionalCoverHeuristic
Number of Rounding Attemps: 8
Lower Bound Witness = ({'60', '57', '64', '12', '19', '15', '37', '1', '26', '0', '46', '31', '41', '52', '20', '44', '9', '34', '5', '45', '29', '28', '7', '51', '13', '18', '8', '54', '2', '36', '30', '27', '32', '56', '23', '6', '11', '48', '40', '49', '4', '22', '25', '42', '33', '17', '3', '50', '24', '61', '63', '53', '21', '62', '43', '38', '16', '14', '65', '59', '35', '10', '39'}, {'60', '11', '37', '48', '62'})