11, 1, 2.0, 2
+-- , 1 , {0, 12, 6} , {'X18', 'X16', 'X17', 'X19', 'X20', 'X62', 'X12', 'X14', 'X13', 'X11', 'X10', 'X56'}
| +-- , 0 , {2, 4} , {'X22', 'X60', 'X21', 'X53', 'X25', 'X23', 'X62'}
| | +-- , 2 , {3} , {'X22', 'X60', 'X21', 'X53', 'X25', 'X23', 'X62'}
| | | +-- , 3 , set() , {'X32', 'X30', 'X53', 'X29', 'X31', 'X34', 'X28'}
| | +-- , 4 , {5} , {'X22', 'X60', 'X21', 'X53', 'X25', 'X23', 'X62'}
| | | +-- , 5 , set() , {'X51', 'X50', 'X43', 'X46', 'X60', 'X44', 'X45', 'X48', 'X47'}
| +-- , 12 , {13} , {'X18', 'X16', 'X17', 'X19', 'X20', 'X62', 'X12', 'X14', 'X13', 'X11', 'X10', 'X56'}
| | +-- , 13 , set() , {'X52', 'X7', 'X5', 'X62', 'X3', 'X63'}
| +-- , 6 , {9, 11} , {'X18', 'X16', 'X54', 'X17', 'X19', 'X20', 'X62', 'X12', 'X14', 'X13', 'X11', 'X10', 'X56'}
| | +-- , 9 , set() , {'X54', 'X62', 'X41'}
| | +-- , 11 , set() , {'X54', 'X39', 'X35', 'X37', 'X56'}


Max number of edges with non zero Y: 3
Max number of iterations of outer rounding loop: 1
Max number of candidate sets: 2
Time spent rounding: 0.026
Time spent solving Separator LP: 0.010
Total time spent solving: 0.087

LP Solver: gammaPlusFractionalCoverHeuristic
Number of Rounding Attemps: 1
Lower Bound Witness = None