11, 1.7229642195220738, 5.0, 6
+-- , 0 , {25, 6} , {'xL14J', 'xL8J', 'xL15J', 'xL5J', 'xL2J', 'xL4J', 'xL9J', 'xL7J', 'xL17J'}
| +-- , 25 , set() , {'xL14J', 'xL19J', 'xL9J', 'xL15J'}
| +-- , 6 , {9} , {'xL4J', 'xL9J', 'xL17J', 'xL8J', 'xL13J', 'xL15J', 'xL5J', 'xL2J', 'xL12J', 'xL7J'}
| | +-- , 9 , {11} , {'xL4J', 'xL17J', 'xL8J', 'xL13J', 'xL15J', 'xL5J', 'xL2J', 'xL12J', 'xL16J', 'xL7J'}
| | | +-- , 11 , {17, 23, 13} , {'xL8J', 'xL13J', 'xL15J', 'xL10J', 'xL2J', 'xL4J', 'xL12J', 'xL16J', 'xL7J', 'xL17J'}
| | | | +-- , 17 , {19} , {'xL15J', 'xL10J', 'xL3J', 'xL2J', 'xL4J', 'xL7J'}
| | | | | +-- , 19 , {21} , {'xL10J', 'xL6J', 'xL3J', 'xL7J'}
| | | | | | +-- , 21 , set() , {'xL6J', 'xL10J', 'xL18J'}
| | | | +-- , 23 , set() , {'xL13J', 'xL1J', 'xL12J', 'xL16J', 'xL7J', 'xL10J'}
| | | | +-- , 13 , {15} , {'xL8J', 'xL13J', 'xL15J', 'xL0J', 'xL2J', 'xL4J', 'xL16J', 'xL10J', 'xL17J'}
| | | | | +-- , 15 , set() , {'xL15J', 'xL0J', 'xL2J', 'xL11J', 'xL4J', 'xL16J', 'xL17J'}


Max number of edges with non zero Y: 15
Max number of iterations of outer rounding loop: 5
Max number of candidate sets: 2
Time spent rounding: 8.991
Time spent solving Separator LP: 0.215
Total time spent solving: 10.627

LP Solver: GaifmanNormal
Lower Bound Witness = ({'xL8J', 'xL13J', 'xL15J', 'xL10J', 'xL5J', 'xL6J', 'xL0J', 'xL3J', 'xL1J', 'xL2J', 'xL11J', 'xL4J', 'xL12J', 'xL16J', 'xL18J', 'xL7J', 'xL17J'}, {'xL8J', 'xL13J', 'xL15J', 'xL5J', 'xL2J', 'xL4J', 'xL12J', 'xL7J', 'xL17J'})