13, 2.4991045295139815, 7.0, 9
+-- , 0 , {3, 10, 31} , {'57', '54', '60', '62', '29', '48', '42', '65', '47', '18', '40', '34', '2', '25', '61', '7', '21', '9', '49', '8', '58', '0', '27', '10', '55', '35', '63', '3', '26', '44', '15', '50', '32', '56', '37', '33', '36', '31', '5', '64', '38'}
| +-- , 3 , set() , {'54', '60', '25', '35', '33', '14', '65', '34', '2'}
| +-- , 10 , {12} , {'57', '62', '29', '42', '65', '18', '40', '34', '2', '25', '21', '8', '58', '3', '44', '50', '23', '56', '37', '33', '5', '38', '54', '60', '48', '47', '61', '7', '9', '49', '0', '27', '10', '55', '35', '63', '15', '13', '59', '36', '31', '64', '32'}
| | +-- , 12 , {29, 14} , {'57', '62', '29', '42', '65', '18', '40', '34', '2', '25', '21', '8', '58', '3', '44', '50', '23', '56', '19', '37', '33', '5', '38', '20', '54', '60', '48', '47', '39', '61', '7', '9', '49', '0', '27', '10', '35', '63', '15', '13', '59', '36', '31', '64', '32'}
| | | +-- , 29 , set() , {'20', '60', '62', '29', '48', '65', '39', '47', '40', '34', '61', '17', '8', '58', '46', '0', '27', '63', '44', '15', '50', '56', '19', '37', '33', '31', '5', '64'}
| | | +-- , 14 , {17, 27} , {'57', '54', '60', '62', '29', '48', '42', '47', '39', '18', '40', '34', '2', '25', '61', '7', '9', '49', '8', '45', '58', '0', '27', '10', '35', '63', '3', '44', '13', '50', '23', '32', '56', '19', '37', '59', '33', '36', '31', '5', '64', '38', '43'}
| | | | +-- , 17 , {25, 19} , {'57', '54', '60', '62', '29', '48', '47', '39', '18', '40', '34', '2', '25', '61', '7', '16', '9', '49', '8', '45', '58', '0', '27', '10', '35', '63', '3', '44', '23', '32', '56', '19', '59', '33', '31', '5', '64', '38', '43'}
| | | | | +-- , 25 , set() , {'27', '10', '54', '62', '29', '33', '16', '59', '48', '41', '9', '49', '64', '18', '34', '58'}
| | | | | +-- , 19 , {21} , {'57', '54', '60', '62', '29', '47', '39', '40', '28', '2', '25', '61', '7', '16', '9', '8', '45', '58', '1', '0', '27', '10', '35', '63', '3', '44', '23', '32', '56', '19', '33', '31', '5', '38', '43'}
| | | | | | +-- , 21 , {23} , {'51', '60', '54', '62', '47', '39', '40', '28', '2', '61', '7', '16', '9', '8', '45', '58', '1', '0', '27', '35', '3', '44', '23', '32', '56', '6', '19', '33', '31', '52', '38', '43'}
| | | | | | | +-- , 23 , set() , {'23', '51', '56', '61', '35', '31', '4', '39', '38'}
| | | | +-- , 27 , set() , {'11', '60', '42', '47', '39', '40', '61', '22', '45', '58', '10', '13', '50', '23', '56', '19', '37', '59', '33', '36', '31', '43'}
| +-- , 31 , set() , {'0', '54', '33', '36', '48', '26', '42', '5', '30'}


Max number of edges with non zero Y: 28
Max number of iterations of outer rounding loop: 4
Max number of candidate sets: 2
Time spent rounding: 48.355
Time spent solving Separator LP: 34.040
Total time spent solving: 90.819

LP Solver: GaifmanNormal
Lower Bound Witness = ({'57', '51', '54', '60', '11', '62', '29', '48', '41', '42', '47', '39', '18', '40', '34', '28', '2', '25', '61', '7', '16', '9', '49', '22', '8', '45', '58', '1', '0', '27', '10', '35', '63', '3', '4', '44', '13', '50', '23', '32', '56', '6', '19', '37', '59', '33', '36', '31', '5', '64', '52', '38', '43'}, {'57', '54', '60', '62', '29', '48', '42', '47', '39', '18', '40', '34', '2', '25', '61', '7', '9', '49', '8', '58', '0', '27', '10', '35', '63', '3', '44', '13', '50', '23', '32', '56', '19', '37', '59', '33', '36', '31', '5', '64', '38', '43'})