24, 4.0, 6.5, 7
+-- , 0 , {3, 51, 5, 53, 10} , {'xL4J', 'xL18J', 'xL26J', 'xL22J', 'xL33J', 'xL24J', 'xL14J', 'xL25J', 'xL3J', 'xL1J'}
| +-- , 3 , set() , {'xL4J', 'xL18J', 'xL16J', 'xL17J', 'xL3J'}
| +-- , 51 , set() , {'xL38J', 'xL4J'}
| +-- , 5 , set() , {'xL1J', 'xL12J', 'xL33J'}
| +-- , 53 , set() , {'xL22J', 'xL15J'}
| +-- , 10 , {13} , {'xL20J', 'xL4J', 'xL26J', 'xL21J', 'xL22J', 'xL3J', 'xL33J', 'xL24J', 'xL14J', 'xL25J', 'xL1J'}
| | +-- , 13 , {49, 15} , {'xL20J', 'xL4J', 'xL35J', 'xL26J', 'xL21J', 'xL22J', 'xL3J', 'xL33J', 'xL24J', 'xL14J', 'xL25J'}
| | | +-- , 49 , set() , {'xL35J', 'xL24J', 'xL19J'}
| | | +-- , 15 , {17, 47} , {'xL5J', 'xL20J', 'xL4J', 'xL33J', 'xL35J', 'xL24J', 'xL14J', 'xL26J', 'xL3J', 'xL21J', 'xL22J'}
| | | | +-- , 17 , {20} , {'xL5J', 'xL20J', 'xL35J', 'xL27J', 'xL26J', 'xL21J', 'xL22J', 'xL36J', 'xL33J', 'xL24J', 'xL14J', 'xL3J'}
| | | | | +-- , 20 , {33, 23} , {'xL31J', 'xL5J', 'xL20J', 'xL9J', 'xL35J', 'xL27J', 'xL26J', 'xL21J', 'xL22J', 'xL36J', 'xL33J', 'xL24J', 'xL3J'}
| | | | | | +-- , 33 , {35, 41, 45} , {'xL31J', 'xL30J', 'xL9J', 'xL20J', 'xL5J', 'xL33J', 'xL35J', 'xL24J', 'xL27J', 'xL3J', 'xL21J', 'xL22J', 'xL36J'}
| | | | | | | +-- , 35 , {37} , {'xL30J', 'xL39J', 'xL5J', 'xL9J', 'xL33J', 'xL27J', 'xL3J'}
| | | | | | | | +-- , 37 , {39} , {'xL27J', 'xL39J', 'xL3J', 'xL11J', 'xL6J'}
| | | | | | | | | +-- , 39 , set() , {'xL11J', 'xL6J', 'xL32J'}
| | | | | | | +-- , 41 , {43} , {'xL24J', 'xL30J', 'xL27J', 'xL21J', 'xL0J'}
| | | | | | | | +-- , 43 , set() , {'xL24J', 'xL0J', 'xL8J'}
| | | | | | | +-- , 45 , set() , {'xL35J', 'xL31J', 'xL30J', 'xL7J'}
| | | | | | +-- , 23 , {25, 27, 31} , {'xL10J', 'xL37J', 'xL9J', 'xL20J', 'xL5J', 'xL24J', 'xL13J', 'xL26J', 'xL3J', 'xL21J'}
| | | | | | | +-- , 25 , set() , {'xL37J', 'xL13J', 'xL20J', 'xL28J'}
| | | | | | | +-- , 27 , {29} , {'xL10J', 'xL37J', 'xL5J', 'xL2J', 'xL24J', 'xL26J', 'xL21J'}
| | | | | | | | +-- , 29 , set() , {'xL10J', 'xL23J', 'xL2J', 'xL24J', 'xL21J'}
| | | | | | | +-- , 31 , set() , {'xL13J', 'xL34J'}
| | | | +-- , 47 , set() , {'xL21J', 'xL29J', 'xL5J'}


Max number of edges with non zero Y: 6
Max number of iterations of outer rounding loop: 0
Max number of candidate sets: 0
Time spent rounding: 0.000
Time spent solving Separator LP: 7.932

LP Solver: GaifmanNormalILP