24, 1.9900763358778621, 7.5, 8
+-- , 0 , {3, 46} , {'xL31J', 'xL28J', 'xL39J', 'xL18J', 'xL19J', 'xL35J', 'xL24J', 'xL16J', 'xL27J', 'xL26J', 'xL36J'}
| +-- , 3 , {6} , {'xL31J', 'xL39J', 'xL20J', 'xL18J', 'xL35J', 'xL16J', 'xL27J', 'xL26J', 'xL36J', 'xL28J', 'xL37J', 'xL24J', 'xL6J'}
| | +-- , 6 , {8, 42} , {'xL31J', 'xL39J', 'xL20J', 'xL18J', 'xL35J', 'xL16J', 'xL27J', 'xL26J', 'xL36J', 'xL37J', 'xL24J', 'xL3J', 'xL6J'}
| | | +-- , 8 , {40, 10, 12} , {'xL31J', 'xL37J', 'xL39J', 'xL20J', 'xL4J', 'xL18J', 'xL33J', 'xL35J', 'xL24J', 'xL16J', 'xL27J', 'xL26J', 'xL3J', 'xL36J'}
| | | | +-- , 40 , set() , {'xL38J', 'xL4J'}
| | | | +-- , 10 , set() , {'xL16J', 'xL17J', 'xL4J'}
| | | | +-- , 12 , {19, 38, 15} , {'xL31J', 'xL30J', 'xL39J', 'xL20J', 'xL4J', 'xL18J', 'xL35J', 'xL27J', 'xL26J', 'xL36J', 'xL37J', 'xL3J', 'xL33J', 'xL24J', 'xL25J'}
| | | | | +-- , 19 , {22} , {'xL30J', 'xL10J', 'xL39J', 'xL20J', 'xL4J', 'xL18J', 'xL27J', 'xL26J', 'xL36J', 'xL37J', 'xL3J', 'xL33J', 'xL24J', 'xL14J', 'xL25J'}
| | | | | | +-- , 22 , {34, 24, 28} , {'xL30J', 'xL10J', 'xL37J', 'xL39J', 'xL20J', 'xL4J', 'xL33J', 'xL24J', 'xL14J', 'xL27J', 'xL26J', 'xL3J', 'xL21J'}
| | | | | | | +-- , 34 , {36} , {'xL24J', 'xL30J', 'xL27J', 'xL21J', 'xL0J'}
| | | | | | | | +-- , 36 , set() , {'xL24J', 'xL0J', 'xL8J'}
| | | | | | | +-- , 24 , {26} , {'xL14J', 'xL1J', 'xL3J', 'xL21J', 'xL20J', 'xL33J'}
| | | | | | | | +-- , 26 , set() , {'xL1J', 'xL12J', 'xL33J'}
| | | | | | | +-- , 28 , {32, 30} , {'xL10J', 'xL37J', 'xL39J', 'xL5J', 'xL20J', 'xL4J', 'xL23J', 'xL24J', 'xL26J', 'xL21J'}
| | | | | | | | +-- , 32 , set() , {'xL37J', 'xL5J', 'xL23J', 'xL2J', 'xL26J', 'xL21J'}
| | | | | | | | +-- , 30 , set() , {'xL21J', 'xL29J', 'xL5J'}
| | | | | +-- , 38 , set() , {'xL35J', 'xL31J', 'xL30J', 'xL7J'}
| | | | | +-- , 15 , {17} , {'xL24J', 'xL22J', 'xL30J', 'xL26J', 'xL3J', 'xL20J'}
| | | | | | +-- , 17 , set() , {'xL22J', 'xL15J'}
| | | +-- , 42 , {44} , {'xL27J', 'xL32J', 'xL3J', 'xL6J'}
| | | | +-- , 44 , set() , {'xL3J', 'xL11J', 'xL27J', 'xL32J'}
| +-- , 46 , {48} , {'xL31J', 'xL28J', 'xL39J', 'xL9J', 'xL35J', 'xL27J', 'xL26J', 'xL36J'}
| | +-- , 48 , {50} , {'xL13J', 'xL28J', 'xL26J', 'xL9J'}
| | | +-- , 50 , set() , {'xL13J', 'xL34J'}


Max number of edges with non zero Y: 18
Max number of iterations of outer rounding loop: 5
Max number of candidate sets: 2
Time spent rounding: 23.564
Time spent solving Separator LP: 0.455

LP Solver: GaifmanBoosted