23, 1.9353972746637098, 7.0, 7
+-- , 0 , {9, 3} , {'STATE_REG_2_', 'U72', 'U85', 'U56', 'U68', 'U65', 'U82', 'U66', 'CC_MUX_REG_1_', 'U58', 'U81'}
| +-- , 9 , {11} , {'U72', 'U64', 'U85', 'U65', 'U82', 'U66', 'U58', 'STATE_REG_2_', 'U56', 'U68', 'U81'}
| | +-- , 11 , {13} , {'U64', 'U85', 'U65', 'U82', 'U66', 'U92', 'U58', 'U88', 'STATE_REG_2_', 'U56', 'U68', 'U69', 'U81', 'U91'}
| | | +-- , 13 , {15, 47} , {'U64', 'U85', 'U65', 'U82', 'U66', 'U86', 'U92', 'U59', 'U88', 'STATE_REG_2_', 'U56', 'U68', 'U70', 'U69', 'U81', 'U91'}
| | | | +-- , 15 , {18, 43, 45} , {'U64', 'U84', 'U65', 'U82', 'U66', 'U92', 'U86', 'U88', 'STATE_REG_2_', 'U56', 'U68', 'U83', 'U70', 'U62', 'U69', 'U81', 'U91'}
| | | | | +-- , 18 , {20} , {'U64', 'U84', 'U65', 'U82', 'U66', 'U86', 'U92', 'U88', 'STATE_REG_2_', 'U56', 'EQL', 'U68', 'U83', 'U70', 'U69', 'U81', 'U91'}
| | | | | | +-- , 20 , {41, 22} , {'U54', 'U64', 'U84', 'U65', 'U82', 'U66', 'U92', 'U86', 'U88', 'STATE_REG_2_', 'U76', 'U56', 'EQL', 'U60', 'U68', 'U83', 'U70', 'U69', 'U81'}
| | | | | | | +-- , 41 , set() , {'U60', 'USCITE_REG_1_'}
| | | | | | | +-- , 22 , {25} , {'U54', 'U64', 'U84', 'U65', 'U82', 'U92', 'U86', 'U67', 'STATE_REG_0_', 'U88', 'STATE_REG_2_', 'U81', 'U76', 'U56', 'EQL', 'U68', 'U83', 'U70', 'U69', 'U66'}
| | | | | | | | +-- , 25 , {35, 37, 27} , {'U54', 'U64', 'U84', 'U65', 'U82', 'U92', 'U86', 'STATE_REG_0_', 'STATE_REG_2_', 'U87', 'U76', 'U56', 'EQL', 'U68', 'STATE_REG_1_', 'U83', 'U70', 'U69', 'U66'}
| | | | | | | | | +-- , 35 , set() , {'STATE_REG_2_', 'STATE_REG_1_', 'U84', 'CONT_EQL', 'U63', 'STATE_REG_0_'}
| | | | | | | | | +-- , 37 , {39} , {'U54', 'STATE_REG_1_', 'U64', 'U83', 'U82', 'U65', 'U69', 'U73', 'STATE_REG_0_'}
| | | | | | | | | | +-- , 39 , set() , {'U54', 'STATE_REG_1_', 'U64', 'U90', 'U89', 'U73', 'STATE_REG_0_'}
| | | | | | | | | +-- , 27 , {33, 29} , {'U54', 'STATE_REG_2_', 'STATE_REG_1_', 'U65', 'U70', 'U55', 'U74', 'U78', 'U86', 'U79', 'STATE_REG_0_'}
| | | | | | | | | | +-- , 33 , set() , {'STATE_REG_1_', 'U65', 'U77', 'U78', 'STATE_REG_0_'}
| | | | | | | | | | +-- , 29 , {31} , {'U80', 'U78', 'STATE_REG_2_', 'U79'}
| | | | | | | | | | | +-- , 31 , set() , {'U80', 'U57', 'U79', 'STATE_REG_2_'}
| | | | | +-- , 43 , set() , {'U62', 'ENABLE_COUNT_REG'}
| | | | | +-- , 45 , set() , {'U62', 'ACKOUT_REG'}
| | | | +-- , 47 , set() , {'CC_MUX_REG_2_', 'U59'}
| +-- , 3 , {5} , {'U75', 'U72', 'STATE_REG_2_', 'U85', 'U68', 'U71', 'U66'}
| | +-- , 5 , {7} , {'U75', 'U72', 'U61'}
| | | +-- , 7 , set() , {'U61', 'USCITE_REG_2_'}


Max number of edges with non zero Y: 12
Max number of iterations of outer rounding loop: 4
Max number of candidate sets: 2
Time spent rounding: 9.838
Time spent solving Separator LP: 0.664

LP Solver: GaifmanBoosted