20, 2.8969083679058847, 9.5, 10
+-- , 0 , {3, 42, 10, 40} , {'xL29J', 'xL21J', 'xL26J', 'xL3J', 'xL28J', 'xL13J', 'xL23J', 'xL5J', 'xL31J', 'xL32J', 'xL11J', 'xL24J', 'xL33J', 'xL15J', 'xL14J', 'xL17J', 'xL38J', 'xL9J', 'xL25J'}
| +-- , 3 , {5} , {'xL8J', 'xL31J', 'xL32J', 'xL21J', 'xL24J', 'xL33J', 'xL14J', 'xL38J', 'xL28J', 'xL20J'}
| | +-- , 5 , set() , {'xL8J', 'xL32J', 'xL24J', 'xL38J', 'xL12J'}
| +-- , 42 , set() , {'xL32J', 'xL2J', 'xL33J', 'xL31J'}
| +-- , 10 , {36, 38, 12} , {'xL29J', 'xL21J', 'xL26J', 'xL10J', 'xL28J', 'xL13J', 'xL23J', 'xL5J', 'xL31J', 'xL32J', 'xL11J', 'xL24J', 'xL33J', 'xL15J', 'xL14J', 'xL17J', 'xL38J', 'xL9J', 'xL25J'}
| | +-- , 36 , set() , {'xL29J', 'xL32J', 'xL11J', 'xL10J', 'xL33J', 'xL15J', 'xL14J', 'xL25J', 'xL22J'}
| | +-- , 38 , set() , {'xL7J', 'xL14J', 'xL10J', 'xL28J'}
| | +-- , 12 , {34, 14} , {'xL29J', 'xL21J', 'xL26J', 'xL10J', 'xL13J', 'xL23J', 'xL5J', 'xL31J', 'xL32J', 'xL11J', 'xL24J', 'xL33J', 'xL15J', 'xL14J', 'xL38J', 'xL17J', 'xL25J', 'xL0J'}
| | | +-- , 34 , set() , {'xL30J', 'xL32J', 'xL24J', 'xL39J', 'xL23J', 'xL0J', 'xL5J'}
| | | +-- , 14 , {16, 32, 28, 30} , {'xL29J', 'xL21J', 'xL26J', 'xL10J', 'xL13J', 'xL18J', 'xL5J', 'xL31J', 'xL32J', 'xL11J', 'xL24J', 'xL33J', 'xL15J', 'xL14J', 'xL38J', 'xL17J', 'xL25J', 'xL0J'}
| | | | +-- , 16 , {24, 18} , {'xL29J', 'xL26J', 'xL10J', 'xL36J', 'xL13J', 'xL18J', 'xL5J', 'xL31J', 'xL32J', 'xL11J', 'xL24J', 'xL15J', 'xL14J', 'xL38J', 'xL17J', 'xL0J'}
| | | | | +-- , 24 , {26} , {'xL4J', 'xL29J', 'xL32J', 'xL26J', 'xL10J', 'xL36J', 'xL17J', 'xL38J', 'xL13J', 'xL0J', 'xL18J'}
| | | | | | +-- , 26 , set() , {'xL4J', 'xL29J', 'xL36J', 'xL17J', 'xL13J', 'xL37J', 'xL0J'}
| | | | | +-- , 18 , {20} , {'xL27J', 'xL31J', 'xL11J', 'xL10J', 'xL36J', 'xL24J', 'xL15J', 'xL14J'}
| | | | | | +-- , 20 , {22} , {'xL15J', 'xL35J', 'xL27J', 'xL31J', 'xL11J', 'xL36J'}
| | | | | | | +-- , 22 , set() , {'xL15J', 'xL6J', 'xL35J'}
| | | | +-- , 32 , set() , {'xL38J', 'xL19J', 'xL18J', 'xL33J'}
| | | | +-- , 28 , set() , {'xL15J', 'xL14J', 'xL1J', 'xL18J'}
| | | | +-- , 30 , set() , {'xL29J', 'xL21J', 'xL13J', 'xL16J', 'xL18J'}
| +-- , 40 , set() , {'xL34J', 'xL21J', 'xL15J'}


Max number of edges with non zero Y: 31
Max number of iterations of outer rounding loop: 8
Max number of candidate sets: 2
Time spent rounding: 27.172
Time spent solving Separator LP: 0.617

LP Solver: GaifmanNormal