22, 2.895876275531942, 9.0, 9
+-- , 0 , {48, 7, 46} , {'xL27J', 'xL29J', 'xL21J', 'xL35J', 'xL23J', 'xL22J', 'xL31J', 'xL11J', 'xL32J', 'xL24J', 'xL33J', 'xL15J', 'xL9J', 'xL25J', 'xL2J', 'xL19J'}
| +-- , 48 , set() , {'xL15J', 'xL6J', 'xL35J'}
| +-- , 7 , {9, 44} , {'xL27J', 'xL29J', 'xL21J', 'xL35J', 'xL23J', 'xL22J', 'xL5J', 'xL30J', 'xL31J', 'xL32J', 'xL11J', 'xL24J', 'xL33J', 'xL15J', 'xL9J', 'xL25J', 'xL19J'}
| | +-- , 9 , {11} , {'xL27J', 'xL29J', 'xL21J', 'xL35J', 'xL22J', 'xL5J', 'xL30J', 'xL31J', 'xL32J', 'xL11J', 'xL24J', 'xL33J', 'xL15J', 'xL9J', 'xL20J', 'xL19J', 'xL25J'}
| | | +-- , 11 , {14} , {'xL27J', 'xL29J', 'xL21J', 'xL10J', 'xL35J', 'xL22J', 'xL5J', 'xL30J', 'xL31J', 'xL32J', 'xL11J', 'xL24J', 'xL15J', 'xL38J', 'xL9J', 'xL20J', 'xL19J', 'xL25J'}
| | | | +-- , 14 , {16} , {'xL27J', 'xL29J', 'xL21J', 'xL10J', 'xL35J', 'xL22J', 'xL18J', 'xL5J', 'xL30J', 'xL32J', 'xL11J', 'xL24J', 'xL15J', 'xL38J', 'xL20J', 'xL19J', 'xL25J'}
| | | | | +-- , 16 , {18} , {'xL27J', 'xL29J', 'xL21J', 'xL10J', 'xL35J', 'xL22J', 'xL18J', 'xL5J', 'xL30J', 'xL32J', 'xL11J', 'xL24J', 'xL15J', 'xL38J', 'xL1J', 'xL20J'}
| | | | | | +-- , 18 , {24, 20} , {'xL27J', 'xL29J', 'xL21J', 'xL10J', 'xL35J', 'xL22J', 'xL18J', 'xL5J', 'xL30J', 'xL32J', 'xL11J', 'xL24J', 'xL14J', 'xL38J', 'xL1J', 'xL20J'}
| | | | | | | +-- , 24 , {26} , {'xL29J', 'xL21J', 'xL3J', 'xL36J', 'xL10J', 'xL35J', 'xL18J', 'xL5J', 'xL30J', 'xL32J', 'xL11J', 'xL14J', 'xL38J', 'xL20J'}
| | | | | | | | +-- , 26 , {42, 28} , {'xL29J', 'xL21J', 'xL3J', 'xL36J', 'xL10J', 'xL13J', 'xL18J', 'xL5J', 'xL30J', 'xL32J', 'xL14J', 'xL38J', 'xL20J'}
| | | | | | | | | +-- , 42 , set() , {'xL29J', 'xL21J', 'xL13J', 'xL16J', 'xL18J'}
| | | | | | | | | +-- , 28 , {34, 30} , {'xL29J', 'xL10J', 'xL36J', 'xL13J', 'xL18J', 'xL30J', 'xL32J', 'xL14J', 'xL38J', 'xL20J', 'xL37J'}
| | | | | | | | | | +-- , 34 , {36} , {'xL30J', 'xL37J', 'xL32J', 'xL10J', 'xL14J', 'xL20J', 'xL0J'}
| | | | | | | | | | | +-- , 36 , {38} , {'xL37J', 'xL10J', 'xL7J', 'xL14J', 'xL20J', 'xL0J'}
| | | | | | | | | | | | +-- , 38 , {40} , {'xL7J', 'xL20J', 'xL28J', 'xL37J', 'xL0J'}
| | | | | | | | | | | | | +-- , 40 , set() , {'xL37J', 'xL17J', 'xL0J', 'xL28J'}
| | | | | | | | | | +-- , 30 , {32} , {'xL4J', 'xL32J', 'xL10J', 'xL36J', 'xL14J', 'xL38J', 'xL13J', 'xL37J', 'xL18J'}
| | | | | | | | | | | +-- , 32 , set() , {'xL13J', 'xL26J', 'xL14J', 'xL4J'}
| | | | | | | +-- , 20 , {22} , {'xL8J', 'xL32J', 'xL21J', 'xL24J', 'xL14J', 'xL38J', 'xL20J'}
| | | | | | | | +-- , 22 , set() , {'xL8J', 'xL32J', 'xL24J', 'xL38J', 'xL12J'}
| | +-- , 44 , set() , {'xL39J', 'xL30J', 'xL23J'}
| +-- , 46 , set() , {'xL34J', 'xL21J', 'xL15J'}


Max number of edges with non zero Y: 28
Max number of iterations of outer rounding loop: 8
Max number of candidate sets: 2
Time spent rounding: 47.077
Time spent solving Separator LP: 1.028

LP Solver: GaifmanNormal