38, 0.5952378571428567, 10.0, 10
+-- , 0 , {3, 5, 7, 9, 11, 13, 15, 17, 19, 21, 23, 25, 27, 29, 31, 33, 35, 37, 39, 41, 43, 45, 47, 49, 51, 53, 55, 57, 59, 61, 63, 65, 67, 69, 71, 73, 75} , {'X6', 'X30', 'X24', 'X23', 'X29', 'X5', 'X3', 'X27', 'X15', 'X11', 'X12', 'X20', 'X9', 'X0', 'X2', 'X18', 'X8', 'X21', 'X17', 'X26', 'X14'}
| +-- , 3 , set() , {'X0', 'X33', 'X32'}
| +-- , 5 , set() , {'X0', 'X36', 'X35'}
| +-- , 7 , set() , {'X0', 'X38', 'X39'}
| +-- , 9 , set() , {'X0', 'X42', 'X41'}
| +-- , 11 , set() , {'X0', 'X44', 'X45'}
| +-- , 13 , set() , {'X0', 'X47', 'X48'}
| +-- , 15 , set() , {'X0', 'X51', 'X50'}
| +-- , 17 , set() , {'X53', 'X0', 'X54'}
| +-- , 19 , set() , {'X0', 'X56', 'X57'}
| +-- , 21 , set() , {'X0', 'X60', 'X59'}
| +-- , 23 , set() , {'X62', 'X0', 'X63'}
| +-- , 25 , set() , {'X0', 'X65', 'X66'}
| +-- , 27 , set() , {'X68', 'X0', 'X69'}
| +-- , 29 , set() , {'X71', 'X0', 'X72'}
| +-- , 31 , set() , {'X0', 'X74', 'X75'}
| +-- , 33 , set() , {'X0', 'X78', 'X77'}
| +-- , 35 , set() , {'X0', 'X80', 'X81'}
| +-- , 37 , set() , {'X0', 'X83', 'X84'}
| +-- , 39 , set() , {'X0', 'X87', 'X86'}
| +-- , 41 , set() , {'X90', 'X0', 'X89'}
| +-- , 43 , set() , {'X0', 'X93', 'X92'}
| +-- , 45 , set() , {'X0', 'X96', 'X95'}
| +-- , 47 , set() , {'X0', 'X98', 'X99'}
| +-- , 49 , set() , {'X0', 'X102', 'X101'}
| +-- , 51 , set() , {'X104', 'X0', 'X105'}
| +-- , 53 , set() , {'X0', 'X107', 'X108'}
| +-- , 55 , set() , {'X0', 'X110', 'X111'}
| +-- , 57 , set() , {'X0', 'X113', 'X114'}
| +-- , 59 , set() , {'X0', 'X117', 'X116'}
| +-- , 61 , set() , {'X0', 'X119', 'X120'}
| +-- , 63 , set() , {'X0', 'X123', 'X122'}
| +-- , 65 , set() , {'X0', 'X125', 'X126'}
| +-- , 67 , set() , {'X0', 'X129', 'X128'}
| +-- , 69 , set() , {'X0', 'X131', 'X132'}
| +-- , 71 , set() , {'X0', 'X135', 'X134'}
| +-- , 73 , set() , {'X0', 'X137', 'X138'}
| +-- , 75 , set() , {'X140', 'X0', 'X141'}


Max number of edges with non zero Y: 5
Max number of iterations of outer rounding loop: 1
Max number of candidate sets: 2
Time spent rounding: 1.118
Time spent solving Separator LP: 0.211
Total time spent solving: 3.536

LP Solver: GaifmanNormal
Lower Bound Witness = ({'X99', 'X27', 'X119', 'X98', 'X63', 'X9', 'X95', 'X0', 'X51', 'X110', 'X126', 'X23', 'X96', 'X62', 'X33', 'X75', 'X135', 'X92', 'X101', 'X117', 'X60', 'X84', 'X8', 'X65', 'X36', 'X83', 'X14', 'X122', 'X57', 'X42', 'X48', 'X44', 'X39', 'X77', 'X140', 'X15', 'X137', 'X74', 'X131', 'X111', 'X6', 'X80', 'X108', 'X5', 'X107', 'X113', 'X78', 'X12', 'X20', 'X35', 'X72', 'X89', 'X21', 'X17', 'X93', 'X24', 'X86', 'X50', 'X54', 'X116', 'X87', 'X128', 'X32', 'X132', 'X66', 'X41', 'X30', 'X38', 'X104', 'X129', 'X81', 'X26', 'X125', 'X120', 'X29', 'X90', 'X56', 'X102', 'X2', 'X105', 'X141', 'X123', 'X45', 'X47', 'X138', 'X71', 'X69', 'X68', 'X3', 'X59', 'X134', 'X11', 'X114', 'X53', 'X18'}, {'X90', 'X125', 'X33', 'X56', 'X92'})