28, 0, 3.0, 3
+-- , 0 , {33, 3, 43, 45, 46, 47, 52, 53, 27} , {'32', '0', '55', '12', '78', '62'}
| +-- , 33 , {41, 35} , {'55', '36', '32', '0', '18', '78', '62'}
| | +-- , 41 , set() , {'18', '0', '72'}
| | +-- , 35 , {37, 39} , {'18', '75', '7', '36', '78'}
| | | +-- , 37 , set() , {'18', '53', '75'}
| | | +-- , 39 , set() , {'70', '78', '75'}
| +-- , 3 , {5} , {'55', '0', '12', '69', '78', '62'}
| | +-- , 5 , {7} , {'55', '0', '15', '12', '69', '78', '2'}
| | | +-- , 7 , {9, 25} , {'55', '0', '69', '78', '2', '49', '66'}
| | | | +-- , 9 , {11, 23} , {'41', '55', '69', '78', '2', '50', '49'}
| | | | | +-- , 11 , {13, 21} , {'41', '63', '56', '69', '78', '2', '49'}
| | | | | | +-- , 13 , {19, 15} , {'19', '63', '38', '69', '78', '61', '49'}
| | | | | | | +-- , 19 , set() , {'64', '61', '11'}
| | | | | | | +-- , 15 , {17} , {'9', '38', '69', '78', '21', '22'}
| | | | | | | | +-- , 17 , set() , {'9', '45', '22'}
| | | | | | +-- , 21 , set() , {'2', '63', '68'}
| | | | | +-- , 23 , set() , {'4', '17', '8', '78', '50'}
| | | | +-- , 25 , set() , {'0', '20', '66'}
| +-- , 43 , set() , {'32', '77', '12'}
| +-- , 45 , set() , {'12', '37', '14'}
| +-- , 46 , set() , {'1', '52', '31'}
| +-- , 47 , {51} , {'35', '29', '24'}
| | +-- , 51 , set() , {'59', '35', '65'}
| +-- , 52 , set() , {'40', '60', '43'}
| +-- , 53 , set() , {'27', '25', '28'}
| +-- , 27 , {29, 31} , {'78', '6', '42'}
| | +-- , 29 , set() , {'57', '76', '42'}
| | +-- , 31 , set() , {'26', '6', '48'}


Max number of edges with non zero Y: 21
Max number of iterations of outer rounding loop: 2
Max number of candidate sets: 2
Time spent rounding: 4.755
Time spent solving Separator LP: 0.050

LP Solver: gammaPlusFractionalCoverHeuristic