16, 1, 4.0, 5
+-- , 0 , {9, 5} , {'33', '27', '18', '12', '41', '21', '2', '26', '29', '53', '0', '45', '64'}
| +-- , 9 , {13} , {'33', '36', '18', '63', '28', '12', '55', '0', '27', '19', '37', '2', '66', '11', '32', '40'}
| | +-- , 13 , {15} , {'33', '63', '12', '55', '0', '60', '27', '19', '37', '2', '66', '32', '40'}
| | | +-- , 15 , {17} , {'33', '63', '12', '55', '0', '60', '27', '24', '3', '2', '37', '66', '32', '40'}
| | | | +-- , 17 , {19, 31} , {'33', '27', '63', '12', '24', '37', '55', '2', '66', '56', '16', '9', '0', '40'}
| | | | | +-- , 19 , {21, 25, 27, 29} , {'15', '61', '63', '37', '2', '55', '66', '6', '52', '16', '9', '0', '68'}
| | | | | | +-- , 21 , {23} , {'62', '50', '6', '61', '0', '68'}
| | | | | | | +-- , 23 , set() , {'50', '61', '57', '51', '1'}
| | | | | | +-- , 25 , set() , {'43', '37', '55', '6', '16'}
| | | | | | +-- , 27 , set() , {'66', '47', '15', '61'}
| | | | | | +-- , 29 , set() , {'35', '63', '52', '16', '68'}
| | | | | +-- , 31 , {32} , {'33', '23', '12', '69', '17', '56', '44', '40'}
| | | | | | +-- , 32 , {33} , {'23', '12', '69', '44', '40'}
| | | | | | | +-- , 33 , set() , {'30', '5', '8', '40'}
| +-- , 5 , {7} , {'54', '13', '26', '46', '58', '53'}
| | +-- , 7 , set() , {'39', '46', '53', '70'}


Max number of edges with non zero Y: 16
Max number of iterations of outer rounding loop: 2
Max number of candidate sets: 2
Time spent rounding: 0.188
Time spent solving Separator LP: 0.013
Total time spent solving: 0.678

LP Solver: gammaPlusFractionalCoverHeuristic
Number of Rounding Attemps: 4
Lower Bound Witness = ({'36', '28', '41', '55', '6', '0', '68', '44', '60', '50', '62', '46', '43', '21', '24', '69', '2', '66', '11', '17', '53', '56', '52', '16', '32', '1', '45', '64', '33', '23', '54', '18', '35', '70', '63', '12', '47', '13', '58', '51', '9', '27', '19', '15', '61', '39', '3', '37', '57', '26', '29', '40'}, {'24', '21', '3', '13', '1'})