18, 2.5342248595181025, 8.0, 8
+-- , 0 , {3, 36, 38} , {'xL21J', 'xL23J', 'xL30J', 'xL17J', 'xL11J', 'xL4J', 'xL7J', 'xL24J', 'xL33J', 'xL18J'}
| +-- , 3 , {32, 34, 5} , {'xL21J', 'xL23J', 'xL1J', 'xL17J', 'xL30J', 'xL4J', 'xL11J', 'xL15J', 'xL27J', 'xL24J', 'xL33J', 'xL18J', 'xL38J'}
| | +-- , 32 , set() , {'xL21J', 'xL23J', 'xL30J', 'xL11J', 'xL26J', 'xL38J'}
| | +-- , 34 , set() , {'xL15J', 'xL14J'}
| | +-- , 5 , {8} , {'xL1J', 'xL17J', 'xL24J', 'xL38J', 'xL21J', 'xL23J', 'xL4J', 'xL11J', 'xL8J', 'xL34J', 'xL27J', 'xL15J', 'xL18J', 'xL2J'}
| | | +-- , 8 , {11} , {'xL1J', 'xL31J', 'xL22J', 'xL38J', 'xL21J', 'xL23J', 'xL25J', 'xL36J', 'xL4J', 'xL11J', 'xL8J', 'xL34J', 'xL27J', 'xL15J', 'xL18J', 'xL2J'}
| | | | +-- , 11 , {13} , {'xL31J', 'xL22J', 'xL38J', 'xL21J', 'xL23J', 'xL25J', 'xL36J', 'xL11J', 'xL4J', 'xL8J', 'xL27J', 'xL18J', 'xL28J', 'xL2J'}
| | | | | +-- , 13 , {16} , {'xL31J', 'xL22J', 'xL32J', 'xL13J', 'xL38J', 'xL21J', 'xL23J', 'xL36J', 'xL11J', 'xL4J', 'xL6J', 'xL8J', 'xL27J', 'xL18J', 'xL28J', 'xL2J'}
| | | | | | +-- , 16 , {18, 20} , {'xL10J', 'xL31J', 'xL32J', 'xL13J', 'xL38J', 'xL21J', 'xL23J', 'xL36J', 'xL11J', 'xL6J', 'xL27J', 'xL28J', 'xL2J'}
| | | | | | | +-- , 18 , set() , {'xL10J', 'xL21J', 'xL36J', 'xL31J', 'xL0J', 'xL28J', 'xL2J'}
| | | | | | | +-- , 20 , {22, 26, 30} , {'xL10J', 'xL31J', 'xL32J', 'xL13J', 'xL19J', 'xL38J', 'xL21J', 'xL23J', 'xL16J', 'xL36J', 'xL11J', 'xL27J', 'xL28J', 'xL2J'}
| | | | | | | | +-- , 22 , {24} , {'xL21J', 'xL16J', 'xL36J', 'xL31J', 'xL32J', 'xL13J', 'xL19J', 'xL37J', 'xL2J'}
| | | | | | | | | +-- , 24 , set() , {'xL21J', 'xL16J', 'xL36J', 'xL31J', 'xL32J', 'xL13J', 'xL5J', 'xL12J', 'xL19J', 'xL37J'}
| | | | | | | | +-- , 26 , {28} , {'xL21J', 'xL23J', 'xL16J', 'xL36J', 'xL35J', 'xL19J', 'xL38J'}
| | | | | | | | | +-- , 28 , set() , {'xL21J', 'xL35J', 'xL20J', 'xL38J'}
| | | | | | | | +-- , 30 , set() , {'xL16J', 'xL39J'}
| +-- , 36 , set() , {'xL3J', 'xL30J', 'xL33J', 'xL18J', 'xL9J'}
| +-- , 38 , set() , {'xL4J', 'xL24J', 'xL23J', 'xL29J'}


Max number of edges with non zero Y: 17
Max number of iterations of outer rounding loop: 8
Max number of candidate sets: 2
Time spent rounding: 28.199
Time spent solving Separator LP: 0.474

LP Solver: GaifmanNormal