19, 0, 8.0, 8
+-- , 0 , {23, 6, 39, 41, 27} , {'xL10J', 'xL1J', 'xL31J', 'xL0J', 'xL32J', 'xL33J', 'xL29J', 'xL38J', 'xL9J', 'xL23J', 'xL16J', 'xL3J', 'xL36J', 'xL6J', 'xL12J', 'xL2J'}
| +-- , 23 , {25} , {'xL36J', 'xL1J', 'xL6J', 'xL32J', 'xL24J', 'xL29J', 'xL38J'}
| | +-- , 25 , set() , {'xL36J', 'xL6J', 'xL8J', 'xL32J', 'xL24J', 'xL38J'}
| +-- , 6 , {9, 21} , {'xL10J', 'xL31J', 'xL0J', 'xL26J', 'xL32J', 'xL33J', 'xL38J', 'xL9J', 'xL23J', 'xL16J', 'xL36J', 'xL3J', 'xL27J', 'xL12J', 'xL2J'}
| | +-- , 9 , {11} , {'xL10J', 'xL31J', 'xL0J', 'xL26J', 'xL32J', 'xL38J', 'xL21J', 'xL23J', 'xL16J', 'xL36J', 'xL27J', 'xL12J', 'xL2J'}
| | | +-- , 11 , {13, 15} , {'xL10J', 'xL31J', 'xL26J', 'xL32J', 'xL38J', 'xL21J', 'xL23J', 'xL16J', 'xL36J', 'xL27J', 'xL5J', 'xL12J', 'xL2J'}
| | | | +-- , 13 , set() , {'xL21J', 'xL36J', 'xL5J', 'xL37J', 'xL2J'}
| | | | +-- , 15 , {17, 19} , {'xL10J', 'xL21J', 'xL23J', 'xL16J', 'xL36J', 'xL35J', 'xL11J', 'xL26J', 'xL27J', 'xL5J', 'xL19J', 'xL38J'}
| | | | | +-- , 17 , set() , {'xL21J', 'xL11J', 'xL7J'}
| | | | | +-- , 19 , set() , {'xL21J', 'xL35J', 'xL20J', 'xL38J'}
| | +-- , 21 , set() , {'xL3J', 'xL30J', 'xL26J', 'xL27J', 'xL9J'}
| +-- , 39 , set() , {'xL33J', 'xL17J', 'xL38J', 'xL2J'}
| +-- , 41 , set() , {'xL16J', 'xL39J'}
| +-- , 27 , {29} , {'xL1J', 'xL31J', 'xL0J', 'xL32J', 'xL29J', 'xL38J', 'xL9J', 'xL23J', 'xL16J', 'xL4J', 'xL6J', 'xL12J', 'xL2J'}
| | +-- , 29 , {33, 31} , {'xL23J', 'xL16J', 'xL1J', 'xL31J', 'xL0J', 'xL22J', 'xL4J', 'xL32J', 'xL6J', 'xL9J', 'xL15J', 'xL18J', 'xL12J', 'xL38J', 'xL2J'}
| | | +-- , 33 , {35, 37} , {'xL16J', 'xL4J', 'xL0J', 'xL28J', 'xL34J', 'xL15J', 'xL18J', 'xL12J'}
| | | | +-- , 35 , set() , {'xL4J', 'xL12J', 'xL13J', 'xL28J'}
| | | | +-- , 37 , set() , {'xL34J', 'xL15J', 'xL25J', 'xL28J'}
| | | +-- , 31 , set() , {'xL15J', 'xL14J'}


Max number of edges with non zero Y: 28
Max number of iterations of outer rounding loop: 7
Max number of candidate sets: 2
Time spent rounding: 13.592
Time spent solving Separator LP: 0.042

LP Solver: gammaPlusFractionalCoverHeuristic