12, 1.0833333333333335, 3.5, 4
+-- , 0 , {3, 10, 26} , {'xL2J', 'xL4J', 'yL2J', 'yL1J', 'yL0J'}
| +-- , 3 , {5} , {'xL2J', 'yL6J'}
| | +-- , 5 , set() , {'yL6J', 'yL7J', 'yL8J'}
| +-- , 10 , {12} , {'xL2J', 'xL4J', 'yL0J', 'xL0J'}
| | +-- , 12 , {16, 18, 22} , {'xL2J', 'xL1J', 'yL17J', 'xL0J', 'xL3J', 'yL16J', 'yL15J', 'xL4J'}
| | | +-- , 16 , set() , {'xL2J', 'xL1J', 'xL0J', 'xL3J', 'yL15J', 'xL5J', 'xL4J'}
| | | +-- , 18 , {20} , {'yL9J', 'xL3J'}
| | | | +-- , 20 , set() , {'yL10J', 'yL9J', 'yL11J'}
| | | +-- , 22 , {24} , {'yL3J', 'xL1J'}
| | | | +-- , 24 , set() , {'yL3J', 'yL4J', 'yL5J'}
| +-- , 26 , {28} , {'yL12J', 'xL4J'}
| | +-- , 28 , set() , {'yL14J', 'yL13J', 'yL12J'}


Max number of edges with non zero Y: 4
Max number of iterations of outer rounding loop: 2
Max number of candidate sets: 2
Time spent rounding: 3.177
Time spent solving Separator LP: 0.049
Total time spent solving: 4.467

LP Solver: GaifmanBoosted
Lower Bound Witness = ({'yL3J', 'xL2J', 'xL1J', 'yL17J', 'yL5J', 'xL0J', 'yL9J', 'xL3J', 'yL11J', 'yL10J', 'yL4J', 'yL15J', 'xL5J', 'xL4J', 'yL16J'}, {'xL2J', 'xL0J', 'xL4J'})