21, 0.642856714285714, 4.0, 4
+-- , 0 , {3, 5, 7, 9, 11, 13, 15, 17, 19, 21, 23, 25, 27, 29, 31, 33, 35, 37, 39, 41} , {'X8', 'X2', 'X4', 'X47', 'X6'}
| +-- , 3 , set() , {'X47', 'X10'}
| +-- , 5 , set() , {'X12', 'X47'}
| +-- , 7 , set() , {'X47', 'X14'}
| +-- , 9 , set() , {'X47', 'X16'}
| +-- , 11 , set() , {'X18', 'X47'}
| +-- , 13 , set() , {'X47', 'X20'}
| +-- , 15 , set() , {'X47', 'X22'}
| +-- , 17 , set() , {'X47', 'X24'}
| +-- , 19 , set() , {'X47', 'X26'}
| +-- , 21 , set() , {'X47', 'X28'}
| +-- , 23 , set() , {'X47', 'X30'}
| +-- , 25 , set() , {'X47', 'X32'}
| +-- , 27 , set() , {'X47', 'X34'}
| +-- , 29 , set() , {'X47', 'X36'}
| +-- , 31 , set() , {'X47', 'X38'}
| +-- , 33 , set() , {'X47', 'X40'}
| +-- , 35 , set() , {'X47', 'X42'}
| +-- , 37 , set() , {'X47', 'X44'}
| +-- , 39 , set() , {'X47', 'X46'}
| +-- , 41 , set() , {'X48', 'X47'}


Max number of edges with non zero Y: 3
Max number of iterations of outer rounding loop: 1
Max number of candidate sets: 2
Time spent rounding: 1.200
Time spent solving Separator LP: 0.014

LP Solver: GaifmanNormal