11, 2.4065147538323193, 5.909090909090909, 8
+-- , 0 , {3} , {'38', '35', '12', '59', '29', '4', '47', '64', '49', '55', '54', '24', '20', '37', '36', '11', '27', '15', '50', '45', '62', '44', '43', '56', '57', '7', '5', '25', '66', '53'}
| +-- , 3 , {32, 9} , {'38', '35', '12', '63', '0', '59', '29', '4', '47', '30', '49', '64', '55', '19', '54', '24', '20', '37', '11', '27', '15', '1', '32', '50', '45', '28', '62', '44', '43', '56', '46', '31', '5', '57', '7', '25', '66', '53', '48'}
| | +-- , 32 , set() , {'28', '64', '49', '44', '12', '6', '55', '31', '46', '5', '1'}
| | +-- , 9 , {18, 28, 30} , {'39', '38', '0', '59', '4', '47', '30', '49', '24', '27', '9', '32', '50', '44', '46', '5', '33', '25', '35', '8', '23', '29', '21', '64', '16', '55', '19', '54', '20', '34', '37', '11', '3', '15', '1', '41', '45', '28', '62', '43', '56', '31', '57', '7', '63', '66', '53', '48'}
| | | +-- , 18 , {20, 24, 26} , {'39', '38', '35', '0', '59', '8', '23', '18', '29', '4', '47', '21', '30', '49', '64', '16', '58', '55', '19', '54', '17', '24', '20', '34', '37', '60', '11', '3', '27', '1', '9', '41', '32', '50', '45', '28', '62', '44', '46', '31', '5', '7', '33', '25', '66', '53', '48'}
| | | | +-- , 20 , {22} , {'39', '38', '0', '59', '18', '47', '30', '49', '58', '17', '61', '27', '9', '32', '50', '44', '46', '5', '33', '35', '8', '23', '29', '21', '64', '55', '54', '20', '34', '37', '60', '11', '3', '1', '41', '45', '28', '62', '31', '7', '66', '53', '48'}
| | | | | +-- , 22 , set() , {'39', '38', '35', '13', '0', '59', '52', '23', '18', '29', '47', '21', '26', '64', '49', '54', '2', '17', '20', '34', '61', '37', '60', '11', '3', '27', '1', '9', '41', '32', '50', '45', '28', '62', '44', '46', '40', '7', '5', '33', '66', '53', '48'}
| | | | +-- , 24 , set() , {'45', '21', '10', '64', '16', '55', '54', '0', '18', '25', '48', '32'}
| | | | +-- , 26 , set() , {'51', '60', '48', '35', '58', '3', '55', '8', '24', '20', '34', '25', '29', '9', '41', '53', '4'}
| | | +-- , 28 , set() , {'8', '59', '23', '29', '21', '64', '49', '55', '19', '67', '24', '20', '34', '65', '11', '15', '14', '1', '9', '41', '50', '45', '28', '43', '56', '46', '57', '42', '5', '33', '63', '66', '53', '48'}
| | | +-- , 30 , set() , {'38', '35', '29', '4', '30', '16', '19', '20', '22', '11', '3', '41', '32', '45', '62', '43', '56', '31', '25', '48'}


Max number of edges with non zero Y: 20
Max number of iterations of outer rounding loop: 8
Max number of candidate sets: 2
Time spent rounding: 43.134
Time spent solving Separator LP: 23.641
Total time spent solving: 74.048

LP Solver: GaifmanBoosted
Lower Bound Witness = ({'51', '39', '38', '35', '13', '8', '59', '0', '23', '52', '18', '29', '4', '47', '21', '30', '26', '64', '49', '16', '58', '55', '19', '54', '2', '17', '20', '34', '24', '61', '37', '60', '11', '3', '27', '1', '9', '41', '32', '50', '45', '28', '62', '10', '44', '31', '46', '7', '5', '33', '40', '25', '66', '53', '48'}, {'39', '38', '35', '8', '59', '0', '23', '29', '4', '47', '21', '30', '64', '49', '16', '55', '19', '54', '24', '20', '34', '37', '11', '3', '27', '1', '9', '41', '32', '50', '45', '28', '62', '44', '31', '46', '7', '5', '33', '25', '66', '53', '48'})