13, 2.4862796390348487, 5.857142857142857, 7
+-- , 0 , {5} , {'38', '35', '8', '59', '29', '4', '30', '16', '55', '67', '24', '20', '34', '65', '22', '15', '14', '41', '32', '45', '62', '56', '31', '46', '5', '33', '63', '66', '53'}
| +-- , 5 , {10} , {'38', '35', '8', '59', '23', '29', '4', '30', '49', '16', '55', '19', '67', '24', '20', '34', '65', '22', '15', '1', '9', '41', '32', '45', '62', '43', '56', '46', '42', '5', '31', '33', '63', '66', '53', '48'}
| | +-- , 10 , {16, 34, 18} , {'38', '35', '12', '63', '8', '59', '23', '29', '4', '30', '49', '64', '16', '55', '19', '67', '24', '20', '34', '37', '22', '11', '27', '15', '1', '9', '41', '32', '50', '45', '28', '62', '44', '43', '56', '46', '31', '5', '57', '33', '25', '66', '53', '48'}
| | | +-- , 16 , set() , {'62', '44', '36', '11', '55', '27', '57', '5', '25', '66', '53', '37'}
| | | +-- , 34 , set() , {'28', '64', '49', '44', '12', '6', '55', '31', '46', '5', '1'}
| | | +-- , 18 , {20} , {'38', '59', '4', '30', '49', '67', '24', '27', '9', '32', '50', '44', '46', '5', '33', '25', '35', '8', '23', '29', '21', '64', '16', '55', '19', '20', '34', '37', '22', '11', '15', '1', '41', '45', '28', '62', '43', '56', '31', '57', '63', '66', '53', '48'}
| | | | +-- , 20 , {22} , {'38', '0', '59', '4', '30', '49', '24', '27', '9', '32', '50', '44', '46', '5', '33', '25', '35', '8', '23', '29', '21', '64', '16', '55', '19', '54', '20', '34', '37', '22', '11', '15', '1', '41', '45', '28', '62', '43', '56', '31', '57', '63', '66', '53', '48'}
| | | | | +-- , 22 , {24} , {'38', '0', '59', '4', '30', '49', '24', '27', '9', '32', '50', '44', '46', '5', '33', '25', '35', '8', '23', '29', '21', '64', '16', '55', '19', '54', '20', '34', '37', '22', '11', '3', '1', '41', '45', '28', '62', '43', '56', '31', '57', '66', '53', '48'}
| | | | | | +-- , 24 , {32, 26} , {'38', '35', '0', '59', '8', '23', '18', '29', '4', '21', '30', '49', '64', '16', '58', '55', '19', '54', '17', '24', '20', '34', '61', '37', '11', '3', '27', '1', '9', '41', '32', '50', '45', '28', '62', '44', '46', '31', '5', '57', '33', '7', '25', '66', '53', '48'}
| | | | | | | +-- , 32 , set() , {'45', '21', '10', '64', '16', '55', '54', '0', '18', '25', '48', '32'}
| | | | | | | +-- , 26 , {28, 30} , {'39', '38', '35', '0', '59', '8', '23', '18', '29', '4', '47', '21', '49', '64', '16', '58', '55', '54', '17', '24', '20', '34', '61', '37', '60', '11', '3', '27', '1', '9', '41', '32', '50', '45', '28', '62', '44', '46', '57', '5', '7', '33', '25', '66', '53', '48'}
| | | | | | | | +-- , 28 , set() , {'39', '38', '35', '13', '0', '59', '52', '23', '18', '29', '47', '21', '26', '64', '49', '54', '2', '17', '20', '34', '61', '37', '60', '11', '3', '27', '1', '9', '41', '32', '50', '45', '28', '62', '44', '46', '40', '7', '5', '33', '66', '53', '48'}
| | | | | | | | +-- , 30 , set() , {'51', '60', '48', '35', '58', '3', '55', '8', '24', '20', '34', '25', '29', '9', '41', '53', '4'}


Max number of edges with non zero Y: 20
Max number of iterations of outer rounding loop: 9
Max number of candidate sets: 2
Time spent rounding: 35.955
Time spent solving Separator LP: 16.636
Total time spent solving: 60.772

LP Solver: GaifmanBoosted
Lower Bound Witness = ({'51', '39', '38', '35', '13', '63', '8', '59', '0', '23', '52', '18', '29', '4', '47', '21', '30', '26', '64', '49', '16', '58', '55', '19', '54', '2', '17', '20', '34', '24', '61', '37', '22', '60', '11', '3', '27', '15', '1', '9', '41', '32', '50', '45', '28', '62', '10', '44', '43', '56', '31', '57', '7', '46', '33', '5', '40', '25', '66', '53', '48'}, {'38', '35', '63', '8', '59', '23', '29', '4', '21', '30', '64', '49', '16', '55', '19', '24', '20', '34', '37', '22', '11', '27', '15', '1', '9', '41', '32', '50', '45', '28', '62', '44', '43', '56', '31', '57', '46', '5', '33', '25', '66', '53', '48'})