11, 5.307228915662651, 6.542168674698796, 9
+-- , 0 , {3} , {'39', '0', '59', '29', '47', '49', '16', '55', '67', '24', '20', '34', '3', '14', '62', '46', '7', '5', '63', '66', '53', '48'}
| +-- , 3 , {14} , {'39', '38', '0', '59', '18', '4', '47', '30', '49', '67', '2', '24', '17', '9', '50', '32', '44', '46', '5', '33', '35', '8', '29', '21', '26', '16', '55', '54', '19', '20', '34', '37', '22', '60', '11', '3', '1', '41', '45', '28', '62', '31', '40', '7', '63', '66', '53', '48'}
| | +-- , 14 , {16, 26, 30} , {'38', '0', '59', '18', '4', '47', '30', '49', '67', '2', '17', '24', '27', '9', '32', '50', '44', '46', '5', '33', '25', '35', '8', '23', '29', '21', '26', '64', '16', '55', '19', '54', '20', '34', '37', '22', '60', '11', '3', '1', '41', '45', '28', '62', '31', '40', '7', '63', '66', '53', '48'}
| | | +-- , 16 , {18, 20} , {'38', '0', '59', '4', '47', '30', '49', '67', '24', '27', '9', '32', '50', '44', '46', '5', '33', '25', '35', '8', '23', '29', '21', '64', '55', '19', '54', '20', '34', '37', '22', '11', '3', '1', '41', '45', '28', '62', '56', '31', '7', '63', '66', '53', '48'}
| | | | +-- , 18 , set() , {'38', '35', '8', '59', '23', '4', '47', '21', '64', '55', '67', '37', '36', '11', '27', '41', '50', '45', '28', '62', '44', '56', '57', '7', '5', '25', '66', '53'}
| | | | +-- , 20 , {24, 22} , {'63', '8', '59', '0', '23', '29', '30', '64', '49', '55', '19', '54', '67', '24', '20', '34', '37', '22', '11', '3', '27', '1', '9', '41', '32', '50', '45', '28', '44', '43', '56', '31', '46', '5', '33', '25', '66', '53', '48'}
| | | | | +-- , 24 , set() , {'28', '64', '49', '43', '44', '12', '6', '55', '27', '56', '46', '31', '5', '24', '1', '20', '29', '50'}
| | | | | +-- , 22 , set() , {'8', '59', '0', '23', '30', '49', '19', '54', '67', '20', '34', '37', '65', '15', '1', '9', '32', '45', '43', '56', '42', '33', '63', '66', '53', '48'}
| | | +-- , 26 , {28} , {'51', '35', '8', '52', '23', '18', '29', '4', '21', '30', '26', '64', '58', '55', '2', '17', '20', '34', '24', '61', '60', '3', '27', '1', '9', '41', '32', '50', '45', '62', '31', '40', '33', '25', '66', '53', '48'}
| | | | +-- , 28 , set() , {'45', '27', '13', '52', '23', '1', '33', '34', '20', '29', '61'}
| | | +-- , 30 , set() , {'45', '21', '10', '64', '16', '55', '54', '0', '18', '25', '48', '32'}


Max number of edges with non zero Y: 19
Max number of iterations of outer rounding loop: 0
Max number of candidate sets: 0
Time spent rounding: 0.000
Time spent solving Separator LP: 380.671
Total time spent solving: 383.911

LP Solver: GaifmanNormalILP
Lower Bound Witness = ({'51', '38', '35', '12', '13', '63', '8', '59', '0', '23', '52', '18', '29', '4', '47', '21', '30', '26', '64', '49', '16', '58', '55', '19', '54', '67', '2', '17', '20', '34', '24', '61', '37', '65', '22', '60', '36', '11', '3', '27', '15', '1', '9', '41', '32', '50', '45', '28', '62', '10', '44', '43', '6', '56', '31', '57', '7', '42', '33', '46', '5', '25', '66', '40', '53', '48'}, {'38', '35', '8', '59', '0', '18', '29', '4', '47', '21', '30', '26', '49', '16', '55', '19', '54', '67', '2', '17', '20', '34', '24', '37', '22', '60', '11', '3', '1', '9', '41', '32', '50', '45', '28', '62', '44', '31', '46', '7', '5', '33', '40', '63', '66', '53', '48'})