57, 1.0714281428571428, 6.0, 6
+-- , 0 , {3, 89, 44} , {'xL6JL3J', 'xL6JL9J', 'xL13JL7J', 'xL8JL9J', 'xL13JL8J', 'xL17JL7J', 'xL7JL3J', 'xL7JL9J', 'xL16JL7J', 'xL9JL9J'}
| +-- , 3 , {5} , {'xL6JL3J', 'xL13JL7J', 'xL12JL7J', 'xL9JL3J', 'xL17JL7J', 'xL8JL3J', 'xL7JL3J', 'xL11JL7J', 'xL16JL7J'}
| | +-- , 5 , {25, 7} , {'xL14JL2J', 'xL13JL4J', 'xL16JL2J', 'xL12JL7J', 'xL9JL3J', 'xL17JL7J', 'xL15JL2J', 'xL14JL4J', 'xL8JL3J', 'xL11JL7J', 'xL16JL7J'}
| | | +-- , 25 , {34, 40, 27} , {'xL14JL3J', 'xL14JL2J', 'xL13JL4J', 'xL16JL2J', 'xL13JL3J', 'xL12JL7J', 'xL9JL3J', 'xL15JL2J', 'xL14JL4J', 'xL8JL3J', 'xL11JL7J'}
| | | | +-- , 34 , {36} , {'xL13JL5J', 'xL13JL4J', 'xL11JL7J', 'xL13JL3J', 'xL12JL7J'}
| | | | | +-- , 36 , {38} , {'xL12JL5J', 'xL12JL7J', 'xL13JL5J', 'xL11JL7J', 'xL11JL5J'}
| | | | | | +-- , 38 , set() , {'xL12JL6J', 'xL12JL5J', 'xL12JL7J', 'xL11JL6J', 'xL11JL7J', 'xL11JL5J'}
| | | | +-- , 40 , {42} , {'xL14JL3J', 'xL14JL2J', 'xL16JL2J', 'xL15JL2J', 'xL14JL4J', 'xL14JL1J'}
| | | | | +-- , 42 , set() , {'xL15JL1J', 'xL16JL2J', 'xL15JL2J', 'xL16JL1J', 'xL14JL1J'}
| | | | +-- , 27 , {29} , {'xL14JL3J', 'xL12JL3J', 'xL13JL3J', 'xL9JL3J', 'xL8JL3J', 'xL11JL3J'}
| | | | | +-- , 29 , {32} , {'xL12JL3J', 'xL9JL3J', 'xL9JL1J', 'xL8JL2J', 'xL8JL3J', 'xL11JL3J', 'xL9JL2J'}
| | | | | | +-- , 32 , set() , {'xL10JL2J', 'xL11JL2J', 'xL12JL3J', 'xL10JL1J', 'xL9JL1J', 'xL8JL2J', 'xL12JL2J', 'xL11JL3J', 'xL11JL1J', 'xL9JL2J'}
| | | +-- , 7 , {9} , {'xL18JL2J', 'xL14JL2J', 'xL13JL4J', 'xL19JL2J', 'xL16JL2J', 'xL17JL7J', 'xL15JL2J', 'xL14JL4J', 'xL17JL2J', 'xL15JL4J', 'xL16JL7J'}
| | | | +-- , 9 , {11} , {'xL18JL2J', 'xL19JL2J', 'xL15JL5J', 'xL17JL7J', 'xL17JL2J', 'xL15JL4J', 'xL16JL7J'}
| | | | | +-- , 11 , {13, 23} , {'xL19JL5J', 'xL18JL2J', 'xL17JL5J', 'xL19JL2J', 'xL16JL5J', 'xL15JL5J', 'xL17JL7J', 'xL18JL5J', 'xL17JL2J', 'xL16JL7J'}
| | | | | | +-- , 13 , {21, 15} , {'xL19JL5J', 'xL18JL2J', 'xL19JL2J', 'xL18JL5J', 'xL18JL4J', 'xL17JL2J'}
| | | | | | | +-- , 21 , set() , {'xL19JL5J', 'xL19JL4J', 'xL18JL4J'}
| | | | | | | +-- , 15 , {17, 19} , {'xL18JL2J', 'xL19JL2J', 'xL18JL3J', 'xL18JL5J', 'xL18JL4J', 'xL17JL2J', 'xL18JL1J'}
| | | | | | | | +-- , 17 , set() , {'xL18JL1J', 'xL19JL1J', 'xL19JL2J'}
| | | | | | | | +-- , 19 , set() , {'xL17JL3J', 'xL17JL2J', 'xL18JL3J'}
| | | | | | +-- , 23 , set() , {'xL17JL5J', 'xL17JL6J', 'xL16JL5J', 'xL16JL6J', 'xL17JL7J', 'xL16JL7J'}
| +-- , 89 , {91} , {'xL18JL7J', 'xL13JL7J', 'xL8JL9J', 'xL13JL8J', 'xL17JL7J', 'xL15JL7J', 'xL19JL7J', 'xL16JL7J', 'xL9JL9J', 'xL13JL9J'}
| | +-- , 91 , {113, 93} , {'xL18JL7J', 'xL14JL9J', 'xL8JL9J', 'xL13JL8J', 'xL15JL7J', 'xL19JL7J', 'xL9JL9J', 'xL13JL9J'}
| | | +-- , 113 , {115} , {'xL12JL9J', 'xL14JL9J', 'xL8JL9J', 'xL11JL9J', 'xL9JL9J', 'xL13JL9J'}
| | | | +-- , 115 , {118} , {'xL12JL9J', 'xL8JL10J', 'xL9JL10J', 'xL9JL11J', 'xL8JL9J', 'xL11JL9J', 'xL9JL9J'}
| | | | | +-- , 118 , set() , {'xL8JL10J', 'xL12JL9J', 'xL10JL11J', 'xL11JL10J', 'xL11JL11J', 'xL9JL10J', 'xL9JL11J', 'xL11JL9J', 'xL12JL10J', 'xL10JL10J'}
| | | +-- , 93 , {95, 111} , {'xL18JL7J', 'xL14JL10J', 'xL14JL9J', 'xL13JL8J', 'xL14JL11J', 'xL15JL7J', 'xL14JL8J', 'xL19JL7J'}
| | | | +-- , 95 , {97, 99} , {'xL18JL7J', 'xL14JL10J', 'xL18JL8J', 'xL14JL11J', 'xL19JL7J'}
| | | | | +-- , 97 , set() , {'xL19JL7J', 'xL19JL8J', 'xL18JL8J'}
| | | | | +-- , 99 , {101} , {'xL18JL10J', 'xL18JL9J', 'xL18JL7J', 'xL14JL10J', 'xL18JL8J', 'xL18JL11J', 'xL14JL11J'}
| | | | | | +-- , 101 , {109, 103} , {'xL18JL10J', 'xL18JL9J', 'xL14JL10J', 'xL15JL10J', 'xL18JL11J', 'xL14JL11J', 'xL16JL10J'}
| | | | | | | +-- , 109 , set() , {'xL15JL10J', 'xL16JL11J', 'xL14JL11J', 'xL16JL10J', 'xL15JL11J'}
| | | | | | | +-- , 103 , {105, 107} , {'xL18JL10J', 'xL18JL9J', 'xL14JL10J', 'xL15JL10J', 'xL17JL10J', 'xL18JL11J', 'xL19JL10J', 'xL16JL10J'}
| | | | | | | | +-- , 105 , set() , {'xL17JL10J', 'xL18JL9J', 'xL17JL9J'}
| | | | | | | | +-- , 107 , set() , {'xL18JL11J', 'xL19JL11J', 'xL19JL10J'}
| | | | +-- , 111 , set() , {'xL14JL8J', 'xL13JL8J', 'xL15JL8J', 'xL15JL7J'}
| +-- , 44 , {47} , {'xL6JL3J', 'xL6JL1J', 'xL6JL9J', 'xL7JL3J', 'xL7JL9J', 'xL6JL4J', 'xL6JL2J'}
| | +-- , 47 , {49} , {'xL7JL4J', 'xL6JL1J', 'xL7JL5J', 'xL6JL9J', 'xL7JL3J', 'xL7JL9J', 'xL6JL4J', 'xL6JL2J'}
| | | +-- , 49 , {65, 83, 53} , {'xL6JL9J', 'xL7JL9J', 'xL5JL7J', 'xL5JL11J', 'xL4JL11J', 'xL6JL11J', 'xL3JL7J', 'xL6JL4J', 'xL6JL2J', 'xL6JL8J', 'xL7JL4J', 'xL6JL1J', 'xL4JL7J', 'xL7JL5J'}
| | | | +-- , 65 , {67} , {'xL7JL4J', 'xL6JL1J', 'xL5JL4J', 'xL4JL7J', 'xL3JL7J', 'xL6JL4J', 'xL6JL2J'}
| | | | | +-- , 67 , {69} , {'xL5JL5J', 'xL5JL4J', 'xL6JL1J', 'xL4JL7J', 'xL3JL7J', 'xL6JL2J'}
| | | | | | +-- , 69 , {73, 71} , {'xL5JL5J', 'xL6JL1J', 'xL3JL5J', 'xL4JL7J', 'xL2JL5J', 'xL1JL5J', 'xL3JL7J', 'xL4JL5J', 'xL6JL2J'}
| | | | | | | +-- , 73 , {75} , {'xL6JL1J', 'xL2JL5J', 'xL1JL5J', 'xL4JL1J', 'xL5JL1J', 'xL6JL2J'}
| | | | | | | | +-- , 75 , {77} , {'xL2JL2J', 'xL4JL2J', 'xL2JL5J', 'xL1JL5J', 'xL5JL2J', 'xL4JL1J', 'xL3JL2J', 'xL1JL2J', 'xL5JL1J', 'xL6JL2J'}
| | | | | | | | | +-- , 77 , {81, 79} , {'xL2JL5J', 'xL1JL5J', 'xL2JL2J', 'xL2JL1J', 'xL3JL2J', 'xL1JL2J'}
| | | | | | | | | | +-- , 81 , set() , {'xL3JL3J', 'xL2JL2J', 'xL1JL4J', 'xL2JL1J', 'xL2JL5J', 'xL1JL5J', 'xL2JL4J', 'xL3JL2J', 'xL2JL3J'}
| | | | | | | | | | +-- , 79 , set() , {'xL1JL1J', 'xL1JL2J', 'xL2JL1J'}
| | | | | | | +-- , 71 , set() , {'xL3JL6J', 'xL4JL6J', 'xL3JL5J', 'xL4JL7J', 'xL3JL7J', 'xL4JL5J'}
| | | | +-- , 83 , {85} , {'xL7JL7J', 'xL7JL5J', 'xL9JL5J', 'xL5JL7J', 'xL7JL8J', 'xL5JL8J', 'xL8JL5J', 'xL7JL9J', 'xL6JL8J'}
| | | | | +-- , 85 , {87} , {'xL8JL7J', 'xL7JL7J', 'xL9JL5J', 'xL9JL7J', 'xL8JL5J'}
| | | | | | +-- , 87 , set() , {'xL9JL6J', 'xL8JL7J', 'xL9JL5J', 'xL9JL7J', 'xL8JL6J', 'xL8JL5J'}
| | | | +-- , 53 , {55} , {'xL6JL10J', 'xL6JL9J', 'xL5JL7J', 'xL5JL11J', 'xL4JL11J', 'xL4JL7J', 'xL2JL7J', 'xL6JL11J', 'xL3JL7J', 'xL6JL8J', 'xL1JL7J'}
| | | | | +-- , 55 , {57} , {'xL6JL10J', 'xL3JL10J', 'xL1JL10J', 'xL4JL10J', 'xL5JL11J', 'xL5JL10J', 'xL4JL11J', 'xL2JL7J', 'xL2JL10J', 'xL1JL7J'}
| | | | | | +-- , 57 , {59} , {'xL3JL10J', 'xL1JL10J', 'xL2JL7J', 'xL1JL8J', 'xL2JL10J', 'xL1JL7J'}
| | | | | | | +-- , 59 , {61, 63} , {'xL2JL8J', 'xL3JL10J', 'xL1JL10J', 'xL2JL9J', 'xL2JL7J', 'xL1JL8J', 'xL2JL10J', 'xL2JL11J'}
| | | | | | | | +-- , 61 , set() , {'xL1JL10J', 'xL2JL11J', 'xL1JL11J'}
| | | | | | | | +-- , 63 , set() , {'xL3JL10J', 'xL3JL9J', 'xL2JL9J'}


Max number of edges with non zero Y: 8
Max number of iterations of outer rounding loop: 3
Max number of candidate sets: 2
Time spent rounding: 12.840
Time spent solving Separator LP: 1.143
Total time spent solving: 18.037

LP Solver: GaifmanNormal
Lower Bound Witness = ({'xL8JL10J', 'xL1JL4J', 'xL9JL10J', 'xL10JL1J', 'xL5JL7J', 'xL2JL9J', 'xL11JL6J', 'xL19JL8J', 'xL12JL10J', 'xL6JL4J', 'xL2JL11J', 'xL9JL6J', 'xL14JL3J', 'xL17JL6J', 'xL14JL2J', 'xL8JL6J', 'xL18JL3J', 'xL8JL2J', 'xL1JL8J', 'xL14JL4J', 'xL17JL2J', 'xL9JL9J', 'xL18JL2J', 'xL11JL10J', 'xL19JL11J', 'xL1JL5J', 'xL4JL1J', 'xL11JL3J', 'xL1JL11J', 'xL2JL8J', 'xL17JL9J', 'xL16JL10J', 'xL2JL1J', 'xL9JL5J', 'xL1JL1J', 'xL16JL5J', 'xL19JL4J', 'xL4JL11J', 'xL15JL7J', 'xL6JL11J', 'xL11JL5J', 'xL12JL9J', 'xL14JL10J', 'xL1JL10J', 'xL4JL7J', 'xL7JL5J', 'xL7JL7J', 'xL6JL10J', 'xL17JL5J', 'xL3JL6J', 'xL9JL7J', 'xL15JL10J', 'xL8JL9J', 'xL2JL5J', 'xL3JL7J', 'xL12JL2J', 'xL11JL7J', 'xL10JL10J', 'xL4JL5J', 'xL15JL11J', 'xL5JL1J', 'xL6JL1J', 'xL5JL5J', 'xL3JL9J', 'xL18JL8J', 'xL18JL11J', 'xL9JL3J', 'xL9JL11J', 'xL7JL3J', 'xL11JL1J', 'xL18JL1J', 'xL15JL8J', 'xL19JL2J', 'xL17JL3J', 'xL15JL5J', 'xL14JL11J', 'xL14JL1J', 'xL2JL3J', 'xL6JL2J', 'xL10JL2J', 'xL3JL10J', 'xL18JL7J', 'xL5JL4J', 'xL13JL4J', 'xL17JL10J', 'xL16JL1J', 'xL7JL9J', 'xL6JL9J', 'xL15JL1J', 'xL12JL7J', 'xL13JL8J', 'xL2JL7J', 'xL12JL3J', 'xL12JL5J', 'xL13JL7J', 'xL7JL8J', 'xL5JL10J', 'xL3JL2J', 'xL14JL8J', 'xL9JL2J', 'xL10JL11J', 'xL11JL11J', 'xL5JL11J', 'xL17JL7J', 'xL15JL2J', 'xL6JL8J', 'xL6JL3J', 'xL18JL9J', 'xL3JL3J', 'xL12JL6J', 'xL4JL6J', 'xL16JL2J', 'xL16JL11J', 'xL2JL4J', 'xL18JL5J', 'xL13JL5J', 'xL19JL10J', 'xL8JL3J', 'xL11JL9J', 'xL19JL7J', 'xL15JL4J', 'xL2JL10J', 'xL16JL7J', 'xL1JL7J', 'xL8JL7J', 'xL2JL2J', 'xL4JL2J', 'xL14JL9J', 'xL13JL3J', 'xL5JL8J', 'xL16JL6J', 'xL5JL2J', 'xL4JL10J', 'xL7JL4J', 'xL18JL10J', 'xL19JL5J', 'xL11JL2J', 'xL3JL5J', 'xL19JL1J', 'xL9JL1J', 'xL8JL5J', 'xL1JL2J', 'xL18JL4J', 'xL13JL9J'}, {'xL10JL1J', 'xL2JL4J', 'xL11JL9J', 'xL19JL7J', 'xL1JL11J'})