15, 2.010755600879569, 6.666666666666667, 8
+-- , 0 , {34, 5} , {'53', '63', '36', '49', '11', '5', '56', '15', '12', '14', '2', '55', '45', '37', '60', '23', '33', '30'}
| +-- , 34 , set() , {'12', '65', '2', '45', '23', '30', '68'}
| +-- , 5 , {8} , {'51', '63', '49', '28', '34', '69', '59', '14', '2', '45', '23', '29', '11', '5', '6', '56', '54', '12', '40', '55', '60', '33', '30', '17'}
| | +-- , 8 , {11} , {'51', '63', '49', '28', '34', '9', '31', '69', '59', '2', '45', '23', '62', '32', '11', '6', '56', '54', '12', '40', '55', '60', '33', '30', '17'}
| | | +-- , 11 , {13} , {'51', '63', '66', '49', '47', '9', '31', '2', '25', '45', '23', '62', '11', '6', '56', '54', '12', '40', '42', '60', '46', '33', '30', '17'}
| | | | +-- , 13 , {32, 15} , {'51', '63', '66', '49', '47', '11', '33', '9', '31', '6', '56', '54', '18', '12', '40', '42', '2', '45', '60', '46', '23', '62', '30', '17'}
| | | | | +-- , 32 , set() , {'18', '30', '3', '46', '6', '31', '62'}
| | | | | +-- , 15 , {17, 30} , {'51', '52', '63', '66', '49', '47', '11', '33', '9', '31', '6', '56', '54', '27', '18', '12', '40', '42', '2', '45', '60', '23', '62', '30', '17'}
| | | | | | +-- , 17 , {20} , {'51', '63', '61', '66', '49', '47', '9', '31', '18', '2', '23', '62', '52', '8', '11', '6', '56', '54', '27', '12', '40', '42', '22', '60', '33', '30'}
| | | | | | | +-- , 20 , {22, 24, 26, 28} , {'48', '51', '52', '63', '61', '66', '8', '47', '11', '20', '33', '43', '9', '31', '6', '56', '54', '27', '18', '12', '40', '42', '21', '44', '22', '24', '60', '23', '62', '30'}
| | | | | | | | +-- , 22 , set() , {'27', '58', '35', '40', '6', '1', '0', '20', '43', '33', '30', '56'}
| | | | | | | | +-- , 24 , set() , {'41', '21', '44', '22', '11', '9', '62'}
| | | | | | | | +-- , 26 , set() , {'19', '18', '21', '22', '67', '9', '33'}
| | | | | | | | +-- , 28 , set() , {'48', '54', '61', '10', '7', '11', '31'}
| | | | | | +-- , 30 , set() , {'27', '52', '57', '18', '45', '17'}


Max number of edges with non zero Y: 16
Max number of iterations of outer rounding loop: 6
Max number of candidate sets: 2
Time spent rounding: 20.522
Time spent solving Separator LP: 1.523
Total time spent solving: 25.578

LP Solver: GaifmanBoosted
Lower Bound Witness = ({'48', '51', '58', '63', '61', '35', '66', '49', '67', '47', '43', '9', '31', '18', '2', '44', '0', '23', '62', '52', '10', '7', '41', '8', '1', '11', '20', '6', '56', '19', '54', '27', '12', '40', '42', '21', '22', '24', '60', '33', '30'}, {'51', '63', '66', '49', '47', '9', '31', '18', '2', '23', '62', '52', '8', '11', '6', '56', '54', '27', '12', '40', '42', '60', '33', '30'})