16, 0, 6.0, 8
+-- , 0 , {33, 3} , {'52', '63', '66', '49', '8', '47', '11', '20', '6', '56', '27', '40', '42', '44', '24', '60', '23', '33', '30'}
| +-- , 33 , {35} , {'52', '35', '66', '8', '20', '43', '6', '56', '27', '40', '42', '24', '23', '33', '30'}
| | +-- , 35 , set() , {'58', '35', '1', '0', '43', '6', '56'}
| +-- , 3 , {8, 31} , {'48', '63', '61', '66', '49', '47', '31', '2', '44', '23', '52', '8', '11', '20', '6', '27', '54', '40', '42', '24', '22', '60', '33', '30'}
| | +-- , 8 , {11, 29} , {'48', '51', '52', '63', '61', '66', '47', '11', '20', '31', '6', '54', '27', '40', '42', '21', '2', '44', '45', '22', '24', '60', '23', '33', '30'}
| | | +-- , 11 , {13, 19, 21, 23, 25, 27} , {'51', '52', '63', '66', '47', '11', '33', '34', '5', '9', '31', '6', '54', '27', '18', '40', '42', '21', '44', '45', '22', '60', '46', '62', '30', '17'}
| | | | +-- , 13 , {15} , {'63', '62', '59', '5', '45', '32', '60', '34', '9', '31', '17'}
| | | | | +-- , 15 , {17} , {'69', '59', '29', '14', '55', '5', '28', '60', '34', '31', '17'}
| | | | | | +-- , 17 , set() , {'15', '53', '36', '14', '55', '37', '5'}
| | | | +-- , 19 , set() , {'41', '21', '44', '22', '11', '9', '62'}
| | | | +-- , 21 , set() , {'18', '30', '3', '46', '6', '31', '62'}
| | | | +-- , 23 , set() , {'27', '52', '57', '18', '45', '17'}
| | | | +-- , 25 , set() , {'19', '18', '21', '22', '67', '9', '33'}
| | | | +-- , 27 , set() , {'42', '66', '25', '47', '60', '46', '17'}
| | | +-- , 29 , set() , {'48', '51', '61', '12', '65', '21', '2', '24', '45', '20', '23', '30', '68'}
| | +-- , 31 , set() , {'48', '54', '61', '10', '7', '11', '31'}


Max number of edges with non zero Y: 17
Max number of iterations of outer rounding loop: 7
Max number of candidate sets: 2
Time spent rounding: 11.771
Time spent solving Separator LP: 0.052
Total time spent solving: 14.272

LP Solver: gammaPlusFractionalCoverHeuristic
Lower Bound Witness = ({'48', '51', '58', '63', '61', '36', '35', '66', '49', '28', '67', '47', '34', '43', '9', '31', '69', '15', '18', '59', '57', '14', '2', '44', '45', '25', '37', '0', '23', '62', '52', '53', '10', '3', '7', '41', '65', '29', '8', '32', '11', '20', '5', '1', '6', '56', '19', '54', '27', '12', '40', '42', '21', '55', '22', '24', '60', '46', '17', '33', '30', '68'}, {'47', '63', '51', '1'})