13, 0, 6.333333333333334, 8
+-- , 0 , {3, 5, 7} , {'66', '49', '28', '47', '34', '9', '31', '69', '59', '44', '45', '25', '23', '62', '32', '11', '6', '56', '42', '21', '55', '22', '46', '33', '17'}
| +-- , 3 , set() , {'63', '66', '49', '28', '47', '34', '9', '31', '69', '59', '44', '45', '25', '23', '62', '32', '11', '6', '56', '42', '55', '60', '46', '33', '17'}
| +-- , 5 , set() , {'41', '21', '44', '22', '11', '9', '62'}
| +-- , 7 , {9} , {'66', '49', '28', '67', '34', '9', '31', '69', '18', '59', '45', '23', '62', '11', '6', '56', '19', '42', '21', '55', '22', '3', '46', '33', '30', '17'}
| | +-- , 9 , {15, 30} , {'66', '49', '28', '34', '43', '31', '69', '18', '59', '2', '45', '23', '52', '8', '11', '6', '56', '12', '42', '21', '55', '22', '24', '33', '30', '17'}
| | | +-- , 15 , {17, 28} , {'52', '49', '28', '8', '11', '34', '43', '31', '6', '56', '69', '18', '59', '12', '14', '2', '21', '55', '45', '22', '24', '33', '30', '17'}
| | | | +-- , 17 , {19} , {'61', '49', '34', '43', '31', '18', '14', '2', '45', '52', '8', '11', '6', '56', '12', '21', '55', '22', '24', '33', '30', '17'}
| | | | | +-- , 19 , {26, 22} , {'51', '52', '61', '11', '34', '43', '31', '6', '56', '27', '18', '12', '14', '21', '55', '45', '24', '33', '30', '17'}
| | | | | | +-- , 26 , set() , {'27', '52', '57', '18', '45', '17'}
| | | | | | +-- , 22 , {24} , {'48', '51', '58', '61', '36', '53', '35', '1', '11', '20', '34', '43', '5', '31', '6', '56', '15', '54', '27', '12', '40', '14', '21', '55', '24', '37', '0', '33', '30'}
| | | | | | | +-- , 24 , set() , {'48', '54', '61', '10', '7', '11', '31'}
| | | | +-- , 28 , set() , {'69', '59', '29', '14', '55', '28', '17'}
| | | +-- , 30 , set() , {'12', '65', '2', '45', '23', '30', '68'}


Max number of edges with non zero Y: 19
Max number of iterations of outer rounding loop: 7
Max number of candidate sets: 2
Time spent rounding: 21.993
Time spent solving Separator LP: 0.033
Total time spent solving: 25.150

LP Solver: gammaPlusFractionalCoverHeuristic
Lower Bound Witness = ({'48', '51', '58', '63', '61', '36', '35', '66', '49', '28', '67', '47', '34', '43', '9', '31', '69', '15', '18', '59', '57', '14', '2', '44', '45', '25', '37', '0', '23', '62', '52', '53', '10', '3', '7', '41', '65', '29', '8', '32', '11', '20', '5', '1', '6', '56', '19', '54', '27', '12', '40', '42', '21', '55', '22', '24', '60', '46', '17', '33', '30', '68'}, {'48', '58', '63', '66', '22'})