13, 2.1333333333333337, 6.2, 7
+-- , 0 , {3, 25, 27} , {'48', '52', '63', '61', '41', '29', '49', '8', '33', '11', '9', '31', '54', '59', '14', '2', '21', '44', '45', '22', '62', '17'}
| +-- , 3 , {5} , {'48', '63', '61', '49', '28', '9', '31', '69', '59', '14', '2', '44', '45', '62', '52', '29', '8', '11', '54', '21', '55', '22', '33', '17'}
| | +-- , 5 , {9} , {'48', '51', '63', '61', '49', '28', '9', '31', '69', '14', '2', '44', '45', '62', '52', '8', '11', '20', '6', '54', '12', '21', '55', '22', '24', '33', '17'}
| | | +-- , 9 , {11} , {'51', '63', '49', '28', '47', '9', '31', '69', '14', '2', '44', '45', '62', '52', '8', '11', '20', '6', '56', '54', '12', '21', '55', '22', '24', '60', '33', '17'}
| | | | +-- , 11 , {13, 23} , {'51', '52', '63', '49', '28', '8', '47', '11', '20', '34', '5', '33', '9', '31', '6', '56', '69', '54', '12', '40', '14', '2', '21', '55', '45', '22', '24', '60', '62', '17'}
| | | | | +-- , 13 , {15} , {'63', '66', '49', '47', '9', '31', '2', '25', '45', '23', '62', '52', '8', '11', '20', '6', '56', '12', '40', '42', '21', '22', '24', '60', '46', '33', '17'}
| | | | | | +-- , 15 , {17, 21} , {'52', '35', '66', '8', '33', '20', '9', '31', '6', '56', '12', '40', '42', '21', '2', '45', '22', '24', '46', '23', '62', '17'}
| | | | | | | +-- , 17 , {19} , {'52', '35', '65', '33', '20', '9', '31', '6', '27', '18', '57', '12', '40', '21', '2', '45', '22', '3', '46', '23', '17', '62', '30', '68'}
| | | | | | | | +-- , 19 , set() , {'19', '18', '21', '22', '67', '9', '33'}
| | | | | | | +-- , 21 , set() , {'52', '58', '35', '43', '42', '66', '24', '8', '1', '0', '23', '6', '56'}
| | | | | +-- , 23 , set() , {'15', '53', '36', '14', '55', '37', '5'}
| +-- , 25 , set() , {'48', '54', '61', '10', '7', '11', '31'}
| +-- , 27 , set() , {'63', '59', '45', '32', '9', '31', '62'}


Max number of edges with non zero Y: 11
Max number of iterations of outer rounding loop: 5
Max number of candidate sets: 2
Time spent rounding: 11.681
Time spent solving Separator LP: 1.244
Total time spent solving: 15.405

LP Solver: GaifmanBoosted
Lower Bound Witness = ({'48', '51', '58', '63', '61', '36', '35', '66', '49', '28', '67', '47', '34', '43', '9', '31', '69', '15', '18', '59', '57', '14', '2', '44', '45', '25', '37', '0', '23', '62', '52', '53', '10', '3', '7', '41', '65', '29', '8', '32', '11', '20', '5', '1', '6', '56', '19', '54', '27', '12', '40', '42', '21', '55', '22', '24', '60', '46', '17', '33', '30', '68'}, {'51', '52', '59', '41', '7', '42', '21', '49', '28', '32', '11', '3', '46'})