11, 2.227648898608317, 7.0, 7
+-- , 0 , {27, 6} , {'xL13J', 'xL8J', 'xL15J', 'xL21J', 'xL18J', 'xL0J', 'xL9J', 'xL6J', 'xL2J', 'xL16J', 'xL24J', 'xL7J', 'xL10J'}
| +-- , 27 , set() , {'xL0J', 'xL21J', 'xL22J'}
| +-- , 6 , {23, 25, 11} , {'xL12J', 'xL8J', 'xL18J', 'xL21J', 'xL0J', 'xL9J', 'xL6J', 'xL2J', 'xL16J', 'xL14J', 'xL24J', 'xL19J', 'xL7J', 'xL10J'}
| | +-- , 23 , set() , {'xL5J', 'xL14J', 'xL12J'}
| | +-- , 25 , set() , {'xL2J', 'xL20J', 'xL14J', 'xL21J', 'xL24J', 'xL7J', 'xL6J'}
| | +-- , 11 , {13, 21} , {'xL12J', 'xL8J', 'xL18J', 'xL0J', 'xL9J', 'xL6J', 'xL4J', 'xL2J', 'xL16J', 'xL14J', 'xL19J', 'xL7J', 'xL10J'}
| | | +-- , 13 , {15} , {'xL12J', 'xL8J', 'xL18J', 'xL0J', 'xL9J', 'xL6J', 'xL4J', 'xL23J', 'xL19J', 'xL7J'}
| | | | +-- , 15 , {17} , {'xL12J', 'xL8J', 'xL18J', 'xL9J', 'xL6J', 'xL4J', 'xL23J', 'xL19J', 'xL7J', 'xL1J'}
| | | | | +-- , 17 , {19} , {'xL3J', 'xL4J', 'xL23J', 'xL12J', 'xL8J', 'xL18J', 'xL19J', 'xL9J', 'xL1J', 'xL6J'}
| | | | | | +-- , 19 , set() , {'xL3J', 'xL4J', 'xL19J', 'xL17J'}
| | | +-- , 21 , set() , {'xL4J', 'xL11J', 'xL8J', 'xL14J', 'xL0J', 'xL19J', 'xL9J'}


Max number of edges with non zero Y: 31
Max number of iterations of outer rounding loop: 7
Max number of candidate sets: 2
Time spent rounding: 31.132
Time spent solving Separator LP: 1.181
Total time spent solving: 36.064

LP Solver: GaifmanBoosted
Lower Bound Witness = ({'xL12J', 'xL11J', 'xL8J', 'xL18J', 'xL21J', 'xL0J', 'xL6J', 'xL4J', 'xL23J', 'xL16J', 'xL14J', 'xL24J', 'xL10J', 'xL3J', 'xL17J', 'xL9J', 'xL2J', 'xL5J', 'xL19J', 'xL7J', 'xL1J'}, {'xL2J', 'xL16J', 'xL8J', 'xL14J', 'xL21J', 'xL18J', 'xL24J', 'xL0J', 'xL19J', 'xL7J', 'xL9J', 'xL10J', 'xL6J'})