11, 0, 7.0, 7
+-- , 0 , {5, 7, 25} , {'xL3J', 'xL17J', 'xL12J', 'xL8J', 'xL18J', 'xL21J', 'xL0J', 'xL9J', 'xL20J', 'xL7J', 'xL1J'}
| +-- , 5 , set() , {'xL3J', 'xL23J', 'xL20J', 'xL18J', 'xL21J', 'xL0J', 'xL7J', 'xL9J', 'xL1J', 'xL6J'}
| +-- , 7 , {19, 23, 11} , {'xL17J', 'xL12J', 'xL8J', 'xL18J', 'xL21J', 'xL0J', 'xL9J', 'xL4J', 'xL2J', 'xL20J', 'xL14J', 'xL7J', 'xL10J', 'xL1J'}
| | +-- , 19 , {21} , {'xL4J', 'xL17J', 'xL11J', 'xL8J', 'xL14J', 'xL0J', 'xL7J', 'xL9J', 'xL1J'}
| | | +-- , 21 , set() , {'xL17J', 'xL11J', 'xL14J', 'xL19J', 'xL7J', 'xL9J', 'xL1J'}
| | +-- , 23 , set() , {'xL5J', 'xL14J', 'xL12J'}
| | +-- , 11 , {13} , {'xL12J', 'xL8J', 'xL15J', 'xL21J', 'xL18J', 'xL0J', 'xL9J', 'xL4J', 'xL2J', 'xL20J', 'xL14J', 'xL7J', 'xL10J'}
| | | +-- , 13 , {15} , {'xL12J', 'xL8J', 'xL15J', 'xL21J', 'xL18J', 'xL0J', 'xL9J', 'xL4J', 'xL2J', 'xL16J', 'xL20J', 'xL14J', 'xL7J'}
| | | | +-- , 15 , {17} , {'xL2J', 'xL12J', 'xL16J', 'xL8J', 'xL20J', 'xL14J', 'xL21J', 'xL15J', 'xL24J'}
| | | | | +-- , 17 , set() , {'xL13J', 'xL16J', 'xL8J', 'xL21J', 'xL24J'}
| +-- , 25 , set() , {'xL0J', 'xL21J', 'xL22J'}


Max number of edges with non zero Y: 17
Max number of iterations of outer rounding loop: 5
Max number of candidate sets: 2
Time spent rounding: 13.655
Time spent solving Separator LP: 0.038
Total time spent solving: 15.695

LP Solver: gammaPlusFractionalCoverHeuristic
Lower Bound Witness = ({'xL22J', 'xL12J', 'xL11J', 'xL8J', 'xL15J', 'xL21J', 'xL18J', 'xL0J', 'xL6J', 'xL4J', 'xL23J', 'xL16J', 'xL14J', 'xL24J', 'xL10J', 'xL3J', 'xL17J', 'xL13J', 'xL9J', 'xL2J', 'xL5J', 'xL20J', 'xL19J', 'xL7J', 'xL1J'}, {'xL3J', 'xL11J', 'xL14J', 'xL7J', 'xL6J'})