14, 4.0, 5.5, 6
+-- , 0 , {33, 7, 27, 31} , {'xL10J', 'xL4J', 'xL6J', 'xL8J', 'xL20J', 'xL5J', 'xL22J', 'xL16J', 'xL13J', 'xL7J'}
| +-- , 33 , set() , {'xL22J', 'xL5J', 'xL6J', 'xL11J'}
| +-- , 7 , {9, 13, 25} , {'xL6J', 'xL8J', 'xL20J', 'xL5J', 'xL16J', 'xL13J', 'xL15J', 'xL10J', 'xL4J', 'xL0J', 'xL7J'}
| | +-- , 9 , set() , {'xL10J', 'xL4J', 'xL8J', 'xL12J', 'xL0J', 'xL13J'}
| | +-- , 13 , {17, 15} , {'xL10J', 'xL1J', 'xL4J', 'xL6J', 'xL8J', 'xL20J', 'xL5J', 'xL16J', 'xL13J', 'xL15J', 'xL7J'}
| | | +-- , 17 , {19} , {'xL3J', 'xL6J', 'xL8J', 'xL20J', 'xL5J', 'xL13J', 'xL15J', 'xL4J', 'xL1J', 'xL7J'}
| | | | +-- , 19 , {21, 23} , {'xL24J', 'xL1J', 'xL4J', 'xL6J', 'xL8J', 'xL20J', 'xL5J', 'xL13J', 'xL3J', 'xL7J'}
| | | | | +-- , 21 , set() , {'xL24J', 'xL1J', 'xL23J', 'xL8J', 'xL5J', 'xL13J', 'xL3J'}
| | | | | +-- , 23 , set() , {'xL4J', 'xL19J', 'xL6J', 'xL20J', 'xL24J'}
| | | +-- , 15 , set() , {'xL10J', 'xL15J', 'xL21J', 'xL6J', 'xL14J', 'xL1J'}
| | +-- , 25 , set() , {'xL17J', 'xL6J', 'xL5J', 'xL0J', 'xL13J', 'xL15J', 'xL7J'}
| +-- , 27 , {29} , {'xL18J', 'xL20J', 'xL8J'}
| | +-- , 29 , set() , {'xL18J', 'xL9J'}
| +-- , 31 , set() , {'xL2J', 'xL5J', 'xL6J', 'xL8J'}


Max number of edges with non zero Y: 6
Max number of iterations of outer rounding loop: 0
Max number of candidate sets: 0
Time spent rounding: 0.000
Time spent solving Separator LP: 2.451

LP Solver: GaifmanNormalILP