11, 1, 2.0, 2
+-- , 0 , {3, 5, 8, 13} , {'35', '1', '14', '19', '32'}
| +-- , 3 , {6} , {'35', '27', '32', '45'}
| | +-- , 6 , {7} , {'35', '27', '32', '45'}
| | | +-- , 7 , set() , {'38', '33', '32', '18'}
| +-- , 5 , set() , {'8', '19', '20', '32'}
| +-- , 8 , {9} , {'35', '19', '1', '14'}
| | +-- , 9 , set() , {'34', '12', '40', '41'}
| +-- , 13 , {10} , {'35', '1', '11', '19', '28', '25', '14'}
| | +-- , 10 , {17, 15} , {'5', '25', '1', '11', '28'}
| | | +-- , 17 , set() , {'2', '5', '22', '28'}
| | | +-- , 15 , set() , {'4', '5', '1', '39'}


Max number of edges with non zero Y: 4
Max number of iterations of outer rounding loop: 1
Max number of candidate sets: 2
Time spent rounding: 0.025
Time spent solving Separator LP: 0.009
Total time spent solving: 0.175

LP Solver: gammaPlusFractionalCoverHeuristic
Number of Rounding Attemps: 1
Lower Bound Witness = ({'35', '45', '1', '19', '32', '20', '8', '27', '14'}, {'35', '45', '1', '32', '8'})