18, 0, 8.5, 9
+-- , 0 , {42, 6} , {'xL22J', 'xL6J', 'xL11J', 'xL17J', 'xL13J', 'xL5J', 'xL28J', 'xL4J', 'xL15J', 'xL33J', 'xL32J', 'xL21J', 'xL35J', 'xL9J', 'xL39J', 'xL30J'}
| +-- , 42 , set() , {'xL20J', 'xL21J', 'xL28J', 'xL17J'}
| +-- , 6 , {9} , {'xL22J', 'xL6J', 'xL11J', 'xL17J', 'xL13J', 'xL5J', 'xL28J', 'xL15J', 'xL4J', 'xL27J', 'xL33J', 'xL7J', 'xL32J', 'xL21J', 'xL35J', 'xL9J', 'xL39J'}
| | +-- , 9 , {11} , {'xL22J', 'xL6J', 'xL14J', 'xL11J', 'xL17J', 'xL13J', 'xL5J', 'xL28J', 'xL15J', 'xL27J', 'xL33J', 'xL7J', 'xL32J', 'xL21J', 'xL35J', 'xL9J'}
| | | +-- , 11 , {13} , {'xL22J', 'xL6J', 'xL14J', 'xL11J', 'xL13J', 'xL28J', 'xL5J', 'xL15J', 'xL27J', 'xL19J', 'xL33J', 'xL7J', 'xL21J', 'xL35J', 'xL9J'}
| | | | +-- , 13 , {16} , {'xL22J', 'xL6J', 'xL14J', 'xL11J', 'xL13J', 'xL16J', 'xL28J', 'xL15J', 'xL12J', 'xL27J', 'xL19J', 'xL33J', 'xL7J', 'xL21J', 'xL35J', 'xL9J'}
| | | | | +-- , 16 , {18} , {'xL22J', 'xL6J', 'xL14J', 'xL11J', 'xL16J', 'xL28J', 'xL15J', 'xL29J', 'xL12J', 'xL27J', 'xL19J', 'xL33J', 'xL7J', 'xL21J', 'xL35J', 'xL9J'}
| | | | | | +-- , 18 , {38, 22, 40} , {'xL22J', 'xL18J', 'xL6J', 'xL11J', 'xL16J', 'xL28J', 'xL15J', 'xL29J', 'xL12J', 'xL27J', 'xL19J', 'xL33J', 'xL7J', 'xL1J', 'xL21J', 'xL35J', 'xL9J'}
| | | | | | | +-- , 38 , set() , {'xL22J', 'xL18J', 'xL24J', 'xL1J', 'xL21J', 'xL15J'}
| | | | | | | +-- , 22 , {24} , {'xL18J', 'xL6J', 'xL36J', 'xL11J', 'xL34J', 'xL8J', 'xL16J', 'xL29J', 'xL12J', 'xL27J', 'xL19J', 'xL33J', 'xL7J', 'xL1J', 'xL35J', 'xL9J'}
| | | | | | | | +-- , 24 , {36, 26, 28} , {'xL18J', 'xL6J', 'xL36J', 'xL11J', 'xL34J', 'xL8J', 'xL16J', 'xL2J', 'xL29J', 'xL12J', 'xL27J', 'xL33J', 'xL7J', 'xL1J', 'xL35J', 'xL9J'}
| | | | | | | | | +-- , 36 , set() , {'xL6J', 'xL10J', 'xL36J', 'xL26J', 'xL2J', 'xL27J'}
| | | | | | | | | +-- , 26 , set() , {'xL2J', 'xL31J', 'xL8J', 'xL29J'}
| | | | | | | | | +-- , 28 , {30} , {'xL18J', 'xL6J', 'xL11J', 'xL34J', 'xL8J', 'xL16J', 'xL2J', 'xL29J', 'xL3J', 'xL33J', 'xL7J', 'xL1J', 'xL35J'}
| | | | | | | | | | +-- , 30 , {32, 34} , {'xL3J', 'xL33J', 'xL18J', 'xL6J', 'xL11J', 'xL8J', 'xL16J', 'xL35J', 'xL2J', 'xL29J', 'xL37J'}
| | | | | | | | | | | +-- , 32 , set() , {'xL3J', 'xL38J', 'xL11J', 'xL8J', 'xL16J', 'xL29J', 'xL0J', 'xL37J'}
| | | | | | | | | | | +-- , 34 , set() , {'xL23J', 'xL18J', 'xL37J'}
| | | | | | | +-- , 40 , set() , {'xL22J', 'xL25J', 'xL18J', 'xL19J'}


Max number of edges with non zero Y: 29
Max number of iterations of outer rounding loop: 9
Max number of candidate sets: 2
Time spent rounding: 27.784
Time spent solving Separator LP: 0.066

LP Solver: gammaPlusFractionalCoverHeuristic