16, 0, 10.0, 10
+-- , 0 , {32, 34, 5, 28, 30} , {'xL28J', 'xL19J', 'xL1J', 'xL29J', 'xL10J', 'xL24J', 'xL0J', 'xL23J', 'xL4J', 'xL39J', 'xL34J', 'xL25J', 'xL27J', 'xL18J', 'xL16J', 'xL26J', 'xL2J', 'xL31J', 'xL33J'}
| +-- , 32 , set() , {'xL37J', 'xL19J'}
| +-- , 34 , set() , {'xL10J', 'xL13J'}
| +-- , 5 , {8} , {'xL28J', 'xL19J', 'xL29J', 'xL24J', 'xL4J', 'xL34J', 'xL16J', 'xL26J', 'xL1J', 'xL10J', 'xL0J', 'xL23J', 'xL39J', 'xL25J', 'xL27J', 'xL14J', 'xL2J', 'xL3J', 'xL31J', 'xL33J'}
| | +-- , 8 , {10} , {'xL28J', 'xL19J', 'xL33J', 'xL1J', 'xL29J', 'xL10J', 'xL24J', 'xL0J', 'xL34J', 'xL39J', 'xL14J', 'xL27J', 'xL16J', 'xL26J', 'xL2J', 'xL3J', 'xL31J', 'xL4J', 'xL36J'}
| | | +-- , 10 , {12} , {'xL28J', 'xL19J', 'xL29J', 'xL24J', 'xL8J', 'xL4J', 'xL34J', 'xL16J', 'xL26J', 'xL1J', 'xL10J', 'xL15J', 'xL39J', 'xL14J', 'xL27J', 'xL2J', 'xL3J', 'xL31J', 'xL33J', 'xL36J'}
| | | | +-- , 12 , {14} , {'xL28J', 'xL19J', 'xL1J', 'xL29J', 'xL10J', 'xL15J', 'xL8J', 'xL34J', 'xL39J', 'xL14J', 'xL27J', 'xL16J', 'xL26J', 'xL2J', 'xL11J', 'xL3J', 'xL31J', 'xL33J', 'xL36J'}
| | | | | +-- , 14 , {16, 18} , {'xL28J', 'xL19J', 'xL1J', 'xL29J', 'xL10J', 'xL35J', 'xL15J', 'xL8J', 'xL34J', 'xL39J', 'xL14J', 'xL27J', 'xL16J', 'xL26J', 'xL11J', 'xL3J', 'xL31J', 'xL33J', 'xL36J'}
| | | | | | +-- , 16 , set() , {'xL19J', 'xL27J', 'xL1J', 'xL10J', 'xL35J', 'xL7J'}
| | | | | | +-- , 18 , {20, 24, 26} , {'xL28J', 'xL19J', 'xL1J', 'xL29J', 'xL10J', 'xL35J', 'xL15J', 'xL8J', 'xL34J', 'xL39J', 'xL14J', 'xL16J', 'xL26J', 'xL11J', 'xL12J', 'xL3J', 'xL31J', 'xL30J', 'xL33J', 'xL36J'}
| | | | | | | +-- , 20 , {22} , {'xL28J', 'xL29J', 'xL35J', 'xL15J', 'xL5J', 'xL8J', 'xL34J', 'xL22J', 'xL17J', 'xL16J', 'xL26J', 'xL11J', 'xL12J', 'xL3J', 'xL31J', 'xL30J', 'xL36J', 'xL21J'}
| | | | | | | | +-- , 22 , set() , {'xL28J', 'xL22J', 'xL34J', 'xL6J', 'xL29J', 'xL5J'}
| | | | | | | +-- , 24 , set() , {'xL12J', 'xL30J', 'xL9J', 'xL29J'}
| | | | | | | +-- , 26 , set() , {'xL34J', 'xL19J', 'xL20J', 'xL11J', 'xL12J', 'xL10J', 'xL31J', 'xL30J'}
| +-- , 28 , set() , {'xL32J', 'xL34J', 'xL4J', 'xL33J'}
| +-- , 30 , set() , {'xL34J', 'xL23J', 'xL38J', 'xL33J'}


Max number of edges with non zero Y: 30
Max number of iterations of outer rounding loop: 11
Max number of candidate sets: 2
Time spent rounding: 26.792
Time spent solving Separator LP: 0.040

LP Solver: gammaPlusFractionalCoverHeuristic