46, 0, 11.0, 11
+-- , 0 , {3, 38, 40, 72, 44, 80, 82, 84, 21, 86, 87, 25, 60} , {'xL9J', 'xL37J', 'xL31J', 'xL3J', 'xL63J', 'xL22J', 'xL74J', 'xL49J', 'xL13J', 'xL56J', 'xL16J', 'xL40J', 'xL39J', 'xL78J', 'xL4J', 'xL28J', 'xL45J', 'xL10J'}
| +-- , 3 , {19, 5} , {'xL39J', 'xL3J', 'xL78J', 'xL55J', 'xL4J', 'xL56J'}
| | +-- , 19 , set() , {'xL55J', 'xL79J'}
| | +-- , 5 , {17, 7} , {'xL39J', 'xL78J', 'xL55J', 'xL71J', 'xL48J', 'xL4J', 'xL56J', 'xL7J'}
| | | +-- , 17 , set() , {'xL60J', 'xL71J'}
| | | +-- , 7 , {9, 13, 15} , {'xL71J', 'xL4J', 'xL44J', 'xL56J', 'xL26J', 'xL7J'}
| | | | +-- , 9 , {11} , {'xL47J', 'xL44J', 'xL0J', 'xL26J'}
| | | | | +-- , 11 , set() , {'xL24J', 'xL0J', 'xL47J'}
| | | | +-- , 13 , set() , {'xL44J', 'xL61J'}
| | | | +-- , 15 , set() , {'xL44J', 'xL4J', 'xL76J'}
| +-- , 38 , set() , {'xL78J', 'xL9J', 'xL21J'}
| +-- , 40 , {42} , {'xL63J', 'xL35J'}
| | +-- , 42 , set() , {'xL17J', 'xL35J'}
| +-- , 72 , {74, 76} , {'xL13J', 'xL4J', 'xL56J', 'xL10J', 'xL68J'}
| | +-- , 74 , set() , {'xL59J', 'xL56J', 'xL19J', 'xL68J'}
| | +-- , 76 , {78} , {'xL13J', 'xL4J', 'xL68J', 'xL65J'}
| | | +-- , 78 , set() , {'xL68J', 'xL65J', 'xL13J', 'xL41J'}
| +-- , 44 , {56, 46} , {'xL74J', 'xL33J', 'xL13J', 'xL45J', 'xL16J'}
| | +-- , 56 , {58} , {'xL33J', 'xL12J'}
| | | +-- , 58 , set() , {'xL42J', 'xL12J'}
| | +-- , 46 , {48, 54} , {'xL23J', 'xL74J', 'xL33J', 'xL45J', 'xL2J', 'xL16J'}
| | | +-- , 48 , {50} , {'xL74J', 'xL70J', 'xL23J', 'xL2J'}
| | | | +-- , 50 , {52} , {'xL6J', 'xL74J', 'xL46J', 'xL70J'}
| | | | | +-- , 52 , set() , {'xL73J', 'xL46J'}
| | | +-- , 54 , set() , {'xL34J', 'xL23J', 'xL16J'}
| +-- , 80 , set() , {'xL1J', 'xL10J'}
| +-- , 82 , set() , {'xL18J', 'xL63J'}
| +-- , 84 , set() , {'xL69J', 'xL13J'}
| +-- , 21 , set() , {'xL72J', 'xL63J'}
| +-- , 86 , set() , {'xL20J', 'xL49J'}
| +-- , 87 , {89, 93} , {'xL58J', 'xL52J'}
| | +-- , 89 , {91} , {'xL38J', 'xL58J'}
| | | +-- , 91 , set() , {'xL43J', 'xL38J'}
| | +-- , 93 , set() , {'xL36J', 'xL52J'}
| +-- , 25 , {27, 29, 31} , {'xL9J', 'xL37J', 'xL29J', 'xL40J', 'xL39J', 'xL3J', 'xL63J', 'xL62J', 'xL28J', 'xL10J'}
| | +-- , 27 , set() , {'xL29J', 'xL40J', 'xL64J', 'xL28J'}
| | +-- , 29 , set() , {'xL29J', 'xL39J', 'xL63J', 'xL75J', 'xL62J', 'xL15J', 'xL10J', 'xL32J'}
| | +-- , 31 , {34, 36} , {'xL9J', 'xL37J', 'xL67J', 'xL29J', 'xL25J'}
| | | +-- , 34 , set() , {'xL29J', 'xL9J', 'xL5J', 'xL25J'}
| | | +-- , 36 , set() , {'xL25J', 'xL67J', 'xL8J'}
| +-- , 60 , {62, 70} , {'xL78J', 'xL14J', 'xL4J'}
| | +-- , 62 , {64, 68} , {'xL14J', 'xL66J'}
| | | +-- , 64 , {66} , {'xL57J', 'xL66J'}
| | | | +-- , 66 , set() , {'xL27J', 'xL57J'}
| | | +-- , 68 , set() , {'xL53J', 'xL66J'}
| | +-- , 70 , set() , {'xL77J', 'xL14J', 'xL4J'}


Max number of edges with non zero Y: 47
Max number of iterations of outer rounding loop: 2
Max number of candidate sets: 2
Time spent rounding: 5.824
Time spent solving Separator LP: 0.013
Total time spent solving: 8.664

LP Solver: gammaPlusFractionalCoverHeuristic
Lower Bound Witness = ({'xL34J', 'xL17J', 'xL3J', 'xL63J', 'xL41J', 'xL74J', 'xL49J', 'xL13J', 'xL56J', 'xL73J', 'xL35J', 'xL2J', 'xL7J', 'xL8J', 'xL18J', 'xL27J', 'xL79J', 'xL20J', 'xL72J', 'xL39J', 'xL61J', 'xL23J', 'xL75J', 'xL77J', 'xL78J', 'xL62J', 'xL48J', 'xL4J', 'xL59J', 'xL68J', 'xL1J', 'xL19J', 'xL53J', 'xL26J', 'xL10J', 'xL32J', 'xL15J', 'xL9J', 'xL37J', 'xL6J', 'xL66J', 'xL14J', 'xL31J', 'xL69J', 'xL22J', 'xL33J', 'xL70J', 'xL60J', 'xL25J', 'xL65J', 'xL57J', 'xL42J', 'xL40J', 'xL21J', 'xL47J', 'xL5J', 'xL12J', 'xL29J', 'xL76J', 'xL24J', 'xL55J', 'xL67J', 'xL64J', 'xL71J', 'xL46J', 'xL44J', 'xL0J', 'xL28J', 'xL45J', 'xL16J'}, {'xL5J', 'xL77J', 'xL72J', 'xL44J', 'xL10J'})