12, 2.01233552631579, 6.5, 7
+-- , 0 , {6} , {'xL21J', 'xL5J', 'xL1J', 'xL8J', 'xL15J', 'xL13J', 'xL16J', 'xL3J', 'xL0J', 'xL17J', 'xL22J', 'xL14J'}
| +-- , 6 , {9} , {'xL21J', 'xL5J', 'xL8J', 'xL15J', 'xL13J', 'xL9J', 'xL16J', 'xL2J', 'xL3J', 'xL0J', 'xL17J', 'xL22J', 'xL14J'}
| | +-- , 9 , {11, 21} , {'xL21J', 'xL16J', 'xL7J', 'xL2J', 'xL3J', 'xL8J', 'xL15J', 'xL22J', 'xL0J', 'xL17J', 'xL13J', 'xL9J', 'xL14J'}
| | | +-- , 11 , {13} , {'xL21J', 'xL16J', 'xL7J', 'xL2J', 'xL8J', 'xL12J', 'xL17J', 'xL13J', 'xL22J', 'xL14J'}
| | | | +-- , 13 , {19, 15} , {'xL10J', 'xL16J', 'xL2J', 'xL8J', 'xL12J', 'xL23J', 'xL17J', 'xL13J', 'xL22J', 'xL14J'}
| | | | | +-- , 19 , set() , {'xL18J', 'xL23J'}
| | | | | +-- , 15 , {17} , {'xL10J', 'xL8J', 'xL23J', 'xL17J', 'xL13J', 'xL14J', 'xL24J'}
| | | | | | +-- , 17 , set() , {'xL8J', 'xL17J', 'xL13J', 'xL24J', 'xL19J'}
| | | +-- , 21 , {27, 23} , {'xL21J', 'xL20J', 'xL7J', 'xL0J', 'xL17J', 'xL9J'}
| | | | +-- , 27 , set() , {'xL21J', 'xL20J', 'xL7J', 'xL17J', 'xL6J', 'xL9J'}
| | | | +-- , 23 , {25} , {'xL21J', 'xL0J', 'xL20J', 'xL7J', 'xL4J'}
| | | | | +-- , 25 , set() , {'xL0J', 'xL4J', 'xL11J'}


Max number of edges with non zero Y: 22
Max number of iterations of outer rounding loop: 5
Max number of candidate sets: 2
Time spent rounding: 26.671
Time spent solving Separator LP: 0.678
Total time spent solving: 30.765

LP Solver: GaifmanBoosted
Lower Bound Witness = ({'xL5J', 'xL12J', 'xL6J', 'xL9J', 'xL10J', 'xL4J', 'xL2J', 'xL17J', 'xL14J', 'xL24J', 'xL19J', 'xL21J', 'xL20J', 'xL7J', 'xL11J', 'xL8J', 'xL15J', 'xL13J', 'xL16J', 'xL3J', 'xL0J', 'xL23J', 'xL18J', 'xL22J'}, {'xL21J', 'xL5J', 'xL16J', 'xL2J', 'xL3J', 'xL8J', 'xL15J', 'xL0J', 'xL17J', 'xL13J', 'xL22J', 'xL14J'})