11, 1.7362711387283238, 5.0, 6
+-- , 0 , {4} , {'xL12J', 'xL14J', 'xL8J', 'xL5J', 'xL10J', 'xL13J', 'xL7J', 'xL1J', 'xL3J'}
| +-- , 4 , {9, 7} , {'xL14J', 'xL8J', 'xL5J', 'xL11J', 'xL15J', 'xL10J', 'xL13J', 'xL7J', 'xL1J', 'xL3J'}
| | +-- , 9 , {11} , {'xL14J', 'xL8J', 'xL11J', 'xL15J', 'xL13J', 'xL10J', 'xL7J', 'xL1J', 'xL3J', 'xL17J'}
| | | +-- , 11 , {13, 21} , {'xL14J', 'xL8J', 'xL11J', 'xL15J', 'xL13J', 'xL10J', 'xL1J', 'xL18J', 'xL17J'}
| | | | +-- , 13 , {17, 15} , {'xL14J', 'xL11J', 'xL15J', 'xL13J', 'xL1J', 'xL9J', 'xL18J', 'xL17J'}
| | | | | +-- , 17 , {19} , {'xL0J', 'xL11J', 'xL15J', 'xL13J', 'xL9J', 'xL18J', 'xL17J'}
| | | | | | +-- , 19 , set() , {'xL0J', 'xL2J', 'xL11J', 'xL15J', 'xL13J'}
| | | | | +-- , 15 , set() , {'xL9J', 'xL6J', 'xL14J', 'xL17J'}
| | | | +-- , 21 , {23} , {'xL19J', 'xL8J', 'xL18J', 'xL11J', 'xL10J'}
| | | | | +-- , 23 , set() , {'xL4J', 'xL19J', 'xL18J', 'xL8J'}
| | +-- , 7 , set() , {'xL11J', 'xL5J', 'xL1J', 'xL16J'}


Max number of edges with non zero Y: 16
Max number of iterations of outer rounding loop: 5
Max number of candidate sets: 2
Time spent rounding: 16.381
Time spent solving Separator LP: 0.256
Total time spent solving: 19.379

LP Solver: GaifmanNormal
Lower Bound Witness = ({'xL0J', 'xL17J', 'xL5J', 'xL2J', 'xL16J', 'xL10J', 'xL1J', 'xL12J', 'xL14J', 'xL15J', 'xL19J', 'xL7J', 'xL9J', 'xL6J', 'xL18J', 'xL8J', 'xL4J', 'xL11J', 'xL13J', 'xL3J'}, {'xL12J', 'xL8J', 'xL10J', 'xL13J', 'xL7J', 'xL1J', 'xL9J', 'xL3J', 'xL6J', 'xL17J'})