33, 0.9999997766990276, 2.0, 2
+-- , 0 , {49, 3} , {'xL18J', 'xL17J', 'xL33J', 'xL71J', 'xL72J'}
| +-- , 49 , {51} , {'xL18J', 'xL33J', 'xL72J', 'xL32J'}
| | +-- , 51 , {53} , {'xL31J', 'xL19J', 'xL73J', 'xL32J', 'xL18J', 'xL72J'}
| | | +-- , 53 , {55} , {'xL20J', 'xL31J', 'xL19J', 'xL73J'}
| | | | +-- , 55 , {57} , {'xL20J', 'xL74J', 'xL30J', 'xL31J', 'xL21J'}
| | | | | +-- , 57 , {59} , {'xL29J', 'xL75J', 'xL30J', 'xL21J'}
| | | | | | +-- , 59 , {61} , {'xL76J', 'xL29J', 'xL75J', 'xL22J', 'xL28J', 'xL21J'}
| | | | | | | +-- , 61 , {63} , {'xL76J', 'xL22J', 'xL23J', 'xL28J', 'xL77J', 'xL27J'}
| | | | | | | | +-- , 63 , {65} , {'xL78J', 'xL23J', 'xL26J', 'xL77J', 'xL24J', 'xL27J'}
| | | | | | | | | +-- , 65 , set() , {'xL79J', 'xL78J', 'xL80J', 'xL25J', 'xL26J', 'xL24J'}
| +-- , 3 , {5} , {'xL17J', 'xL70J', 'xL33J', 'xL34J', 'xL71J', 'xL16J'}
| | +-- , 5 , {7} , {'xL34J', 'xL35J', 'xL70J', 'xL16J'}
| | | +-- , 7 , {9} , {'xL35J', 'xL36J', 'xL16J', 'xL69J'}
| | | | +-- , 9 , {11} , {'xL37J', 'xL36J', 'xL68J', 'xL69J', 'xL15J', 'xL16J'}
| | | | | +-- , 11 , {13} , {'xL67J', 'xL37J', 'xL68J', 'xL38J', 'xL14J', 'xL15J'}
| | | | | | +-- , 13 , {15} , {'xL13J', 'xL67J', 'xL38J', 'xL14J'}
| | | | | | | +-- , 15 , {17} , {'xL13J', 'xL38J', 'xL12J', 'xL66J', 'xL39J'}
| | | | | | | | +-- , 17 , {19} , {'xL11J', 'xL12J', 'xL39J', 'xL65J', 'xL40J'}
| | | | | | | | | +-- , 19 , {21} , {'xL40J', 'xL10J', 'xL11J', 'xL41J', 'xL64J'}
| | | | | | | | | | +-- , 21 , {23} , {'xL42J', 'xL10J', 'xL63J', 'xL41J', 'xL9J'}
| | | | | | | | | | | +-- , 23 , {25} , {'xL42J', 'xL43J', 'xL62J', 'xL8J', 'xL9J'}
| | | | | | | | | | | | +-- , 25 , {27} , {'xL61J', 'xL43J', 'xL8J', 'xL44J'}
| | | | | | | | | | | | | +-- , 27 , {29} , {'xL61J', 'xL7J', 'xL8J', 'xL44J'}
| | | | | | | | | | | | | | +-- , 29 , {31} , {'xL7J', 'xL60J', 'xL44J', 'xL6J', 'xL45J'}
| | | | | | | | | | | | | | | +-- , 31 , {33} , {'xL46J', 'xL59J', 'xL6J', 'xL45J'}
| | | | | | | | | | | | | | | | +-- , 33 , {35} , {'xL46J', 'xL5J', 'xL59J', 'xL6J', 'xL58J', 'xL47J'}
| | | | | | | | | | | | | | | | | +-- , 35 , {37} , {'xL5J', 'xL58J', 'xL4J', 'xL47J', 'xL48J', 'xL57J'}
| | | | | | | | | | | | | | | | | | +-- , 37 , {39} , {'xL49J', 'xL3J', 'xL56J', 'xL4J', 'xL48J', 'xL57J'}
| | | | | | | | | | | | | | | | | | | +-- , 39 , {41} , {'xL49J', 'xL50J', 'xL3J', 'xL56J', 'xL55J', 'xL2J'}
| | | | | | | | | | | | | | | | | | | | +-- , 41 , {43} , {'xL1J', 'xL50J', 'xL2J', 'xL55J'}
| | | | | | | | | | | | | | | | | | | | | +-- , 43 , {45} , {'xL54J', 'xL1J', 'xL50J', 'xL0J'}
| | | | | | | | | | | | | | | | | | | | | | +-- , 45 , {47} , {'xL51J', 'xL54J', 'xL50J', 'xL0J'}
| | | | | | | | | | | | | | | | | | | | | | | +-- , 47 , set() , {'xL52J', 'xL0J', 'xL53J', 'xL51J'}


Max number of edges with non zero Y: 4
Max number of iterations of outer rounding loop: 2
Max number of candidate sets: 2
Time spent rounding: 2.792
Time spent solving Separator LP: 0.831
Total time spent solving: 5.231

LP Solver: GaifmanNormal
Lower Bound Witness = ({'xL7J', 'xL73J', 'xL74J', 'xL12J', 'xL2J', 'xL64J', 'xL6J', 'xL30J', 'xL44J', 'xL28J', 'xL43J', 'xL4J', 'xL14J', 'xL50J', 'xL8J', 'xL70J', 'xL72J', 'xL51J', 'xL40J', 'xL42J', 'xL60J', 'xL67J', 'xL78J', 'xL5J', 'xL25J', 'xL77J', 'xL16J', 'xL29J', 'xL62J', 'xL61J', 'xL65J', 'xL52J', 'xL79J', 'xL26J', 'xL54J', 'xL10J', 'xL33J', 'xL34J', 'xL71J', 'xL9J', 'xL19J', 'xL0J', 'xL55J', 'xL39J', 'xL49J', 'xL63J', 'xL56J', 'xL45J', 'xL69J', 'xL58J', 'xL13J', 'xL15J', 'xL48J', 'xL24J', 'xL57J', 'xL23J', 'xL53J', 'xL32J', 'xL38J', 'xL35J', 'xL68J', 'xL18J', 'xL46J', 'xL59J', 'xL47J', 'xL75J', 'xL37J', 'xL22J', 'xL3J', 'xL66J', 'xL17J', 'xL1J', 'xL36J', 'xL20J', 'xL27J', 'xL76J', 'xL11J', 'xL21J', 'xL31J', 'xL80J', 'xL41J'}, {'xL17J', 'xL1J', 'xL76J', 'xL23J', 'xL53J', 'xL28J', 'xL26J', 'xL10J', 'xL33J', 'xL39J', 'xL71J', 'xL72J'})