50, 1.0999999999999996, 5.0, 5
+-- , 0 , {3, 44} , {'xL12JL1J', 'xL12JL5J', 'xL12JL4J', 'xL12JL2J', 'xL12JL3J'}
| +-- , 3 , {8, 38} , {'xL12JL1J', 'xL4JL5J', 'xL2JL5J', 'xL8JL4J', 'xL12JL2J', 'xL3JL5J', 'xL8JL1J', 'xL1JL5J', 'xL8JL2J', 'xL8JL5J', 'xL8JL3J'}
| | +-- , 8 , {11} , {'xL2JL5J', 'xL8JL4J', 'xL6JL4J', 'xL4JL4J', 'xL3JL5J', 'xL6JL5J', 'xL1JL5J', 'xL7JL5J', 'xL4JL5J', 'xL7JL4J', 'xL5JL4J', 'xL8JL5J'}
| | | +-- , 11 , {25, 13} , {'xL4JL5J', 'xL2JL5J', 'xL6JL4J', 'xL4JL4J', 'xL3JL5J', 'xL6JL5J', 'xL1JL5J', 'xL5JL4J', 'xL6JL3J', 'xL6JL6J'}
| | | | +-- , 25 , {27, 36} , {'xL5JL6J', 'xL4JL5J', 'xL4JL4J', 'xL3JL5J', 'xL3JL6J', 'xL4JL9J', 'xL4JL6J', 'xL6JL6J', 'xL4JL7J', 'xL4JL8J'}
| | | | | +-- , 27 , {34} , {'xL3JL11J', 'xL2JL9J', 'xL2JL7J', 'xL1JL9J', 'xL4JL9J', 'xL3JL10J', 'xL3JL8J', 'xL1JL7J', 'xL4JL8J', 'xL3JL9J'}
| | | | | | +-- , 34 , set() , {'xL2JL11J', 'xL3JL11J', 'xL2JL9J', 'xL1JL8J', 'xL2JL7J', 'xL1JL9J', 'xL3JL10J', 'xL2JL10J', 'xL3JL8J', 'xL1JL7J', 'xL4JL8J', 'xL2JL8J'}
| | | | | +-- , 36 , set() , {'xL5JL6J', 'xL5JL7J', 'xL4JL7J'}
| | | | +-- , 13 , {15} , {'xL5JL2J', 'xL2JL5J', 'xL5JL3J', 'xL1JL5J', 'xL5JL4J', 'xL6JL3J', 'xL5JL1J'}
| | | | | +-- , 15 , {18, 23} , {'xL5JL2J', 'xL2JL5J', 'xL4JL2J', 'xL3JL2J', 'xL1JL5J', 'xL1JL2J', 'xL2JL2J', 'xL5JL1J'}
| | | | | | +-- , 18 , {21} , {'xL2JL1J', 'xL2JL5J', 'xL2JL4J', 'xL2JL2J', 'xL1JL5J', 'xL1JL2J', 'xL2JL3J', 'xL3JL2J'}
| | | | | | | +-- , 21 , set() , {'xL1JL3J', 'xL2JL1J', 'xL1JL4J', 'xL1JL1J', 'xL1JL5J', 'xL3JL3J', 'xL2JL3J', 'xL2JL4J', 'xL1JL2J', 'xL3JL2J'}
| | | | | | +-- , 23 , set() , {'xL4JL1J', 'xL4JL2J', 'xL5JL1J'}
| | +-- , 38 , {40, 42} , {'xL12JL1J', 'xL12JL2J', 'xL7JL2J', 'xL8JL1J', 'xL8JL2J', 'xL8JL3J'}
| | | +-- , 40 , set() , {'xL11JL1J', 'xL12JL1J', 'xL11JL2J', 'xL12JL2J', 'xL7JL2J', 'xL10JL3J', 'xL9JL3J', 'xL8JL2J', 'xL10JL2J', 'xL8JL3J', 'xL9JL2J'}
| | | +-- , 42 , set() , {'xL8JL1J', 'xL7JL1J', 'xL7JL2J'}
| +-- , 44 , {52, 92} , {'xL12JL5J', 'xL13JL10J', 'xL6JL8J', 'xL12JL3J', 'xL9JL8J', 'xL9JL10J', 'xL9JL11J', 'xL8JL8J', 'xL13JL11J', 'xL12JL4J', 'xL7JL8J', 'xL8JL10J'}
| | +-- , 52 , {54} , {'xL11JL10J', 'xL13JL10J', 'xL13JL11J', 'xL9JL10J', 'xL8JL10J', 'xL12JL10J', 'xL10JL10J', 'xL12JL11J'}
| | | +-- , 54 , {56, 90} , {'xL12JL7J', 'xL12JL9J', 'xL12JL10J', 'xL12JL8J', 'xL11JL10J', 'xL10JL10J', 'xL12JL11J'}
| | | | +-- , 56 , {59} , {'xL13JL7J', 'xL12JL7J', 'xL13JL8J', 'xL14JL8J', 'xL12JL8J', 'xL15JL8J', 'xL16JL8J', 'xL14JL7J'}
| | | | | +-- , 59 , {61} , {'xL14JL9J', 'xL14JL6J', 'xL14JL8J', 'xL15JL8J', 'xL16JL8J', 'xL14JL7J'}
| | | | | | +-- , 61 , {64} , {'xL14JL9J', 'xL14JL6J', 'xL17JL6J', 'xL16JL6J', 'xL15JL8J', 'xL16JL8J', 'xL15JL6J'}
| | | | | | | +-- , 64 , {66} , {'xL14JL9J', 'xL15JL9J', 'xL17JL6J', 'xL16JL6J', 'xL15JL8J', 'xL16JL8J', 'xL15JL6J'}
| | | | | | | | +-- , 66 , {80, 68, 88} , {'xL16JL5J', 'xL15JL11J', 'xL15JL9J', 'xL17JL6J', 'xL16JL7J', 'xL15JL8J', 'xL15JL10J', 'xL16JL4J', 'xL16JL6J', 'xL16JL3J', 'xL16JL8J', 'xL15JL6J'}
| | | | | | | | | +-- , 80 , {84} , {'xL19JL5J', 'xL16JL4J', 'xL16JL3J', 'xL18JL5J', 'xL19JL3J', 'xL19JL4J'}
| | | | | | | | | | +-- , 84 , {86} , {'xL18JL1J', 'xL18JL2J', 'xL18JL4J', 'xL17JL4J', 'xL16JL4J', 'xL16JL3J', 'xL18JL5J', 'xL17JL3J', 'xL19JL3J', 'xL18JL3J', 'xL19JL4J'}
| | | | | | | | | | | +-- , 86 , set() , {'xL17JL2J', 'xL18JL1J', 'xL17JL1J', 'xL18JL2J', 'xL17JL4J', 'xL17JL3J'}
| | | | | | | | | +-- , 68 , {70} , {'xL15JL11J', 'xL17JL6J', 'xL16JL7J', 'xL15JL10J', 'xL17JL7J'}
| | | | | | | | | | +-- , 70 , {72} , {'xL15JL11J', 'xL16JL7J', 'xL15JL10J', 'xL18JL7J', 'xL19JL7J', 'xL17JL7J'}
| | | | | | | | | | | +-- , 72 , {76, 78} , {'xL18JL10J', 'xL15JL11J', 'xL19JL10J', 'xL15JL10J', 'xL17JL10J', 'xL18JL7J', 'xL17JL9J', 'xL19JL7J'}
| | | | | | | | | | | | +-- , 76 , set() , {'xL16JL10J', 'xL18JL10J', 'xL15JL11J', 'xL19JL10J', 'xL15JL10J', 'xL17JL10J', 'xL16JL11J'}
| | | | | | | | | | | | +-- , 78 , set() , {'xL18JL8J', 'xL18JL10J', 'xL19JL8J', 'xL19JL10J', 'xL19JL9J', 'xL18JL11J', 'xL18JL7J', 'xL17JL9J', 'xL19JL11J', 'xL19JL7J', 'xL18JL9J'}
| | | | | | | | | +-- , 88 , set() , {'xL15JL5J', 'xL15JL6J', 'xL16JL5J'}
| | | | +-- , 90 , set() , {'xL11JL10J', 'xL11JL9J', 'xL12JL9J', 'xL10JL10J', 'xL10JL9J'}
| | +-- , 92 , {94} , {'xL12JL5J', 'xL6JL8J', 'xL12JL3J', 'xL9JL8J', 'xL9JL11J', 'xL8JL8J', 'xL8JL11J', 'xL12JL4J', 'xL8JL10J', 'xL7JL8J'}
| | | +-- , 94 , {96} , {'xL12JL5J', 'xL6JL8J', 'xL8JL7J', 'xL12JL3J', 'xL9JL8J', 'xL8JL8J', 'xL8JL11J', 'xL8JL9J', 'xL12JL4J', 'xL7JL8J', 'xL8JL10J'}
| | | | +-- , 96 , {98, 114} , {'xL12JL5J', 'xL7JL7J', 'xL8JL9J', 'xL6JL8J', 'xL8JL7J', 'xL12JL3J', 'xL9JL8J', 'xL12JL4J', 'xL7JL8J'}
| | | | | +-- , 98 , {100} , {'xL9JL7J', 'xL12JL5J', 'xL7JL7J', 'xL8JL7J', 'xL10JL7J', 'xL12JL3J', 'xL9JL8J', 'xL12JL4J'}
| | | | | | +-- , 100 , {102} , {'xL9JL7J', 'xL9JL6J', 'xL12JL5J', 'xL10JL7J', 'xL12JL3J', 'xL9JL8J', 'xL12JL4J'}
| | | | | | | +-- , 102 , {104} , {'xL9JL6J', 'xL12JL5J', 'xL10JL7J', 'xL10JL6J', 'xL12JL3J', 'xL11JL6J', 'xL12JL4J'}
| | | | | | | | +-- , 104 , {106} , {'xL12JL5J', 'xL10JL6J', 'xL10JL7J', 'xL12JL3J', 'xL11JL4J', 'xL10JL5J', 'xL11JL6J', 'xL12JL4J', 'xL11JL5J'}
| | | | | | | | | +-- , 106 , {108} , {'xL12JL5J', 'xL12JL3J', 'xL10JL5J', 'xL11JL4J', 'xL13JL5J', 'xL14JL4J', 'xL12JL4J', 'xL13JL3J', 'xL11JL5J', 'xL13JL4J', 'xL14JL3J'}
| | | | | | | | | | +-- , 108 , {110} , {'xL14JL2J', 'xL14JL1J', 'xL14JL4J', 'xL14JL3J'}
| | | | | | | | | | | +-- , 110 , {112} , {'xL14JL2J', 'xL14JL1J', 'xL15JL1J'}
| | | | | | | | | | | | +-- , 112 , set() , {'xL14JL2J', 'xL15JL2J', 'xL15JL1J'}
| | | | | +-- , 114 , {116} , {'xL7JL9J', 'xL7JL7J', 'xL8JL9J', 'xL6JL8J', 'xL7JL8J'}
| | | | | | +-- , 116 , {118} , {'xL7JL9J', 'xL6JL8J', 'xL6JL9J', 'xL8JL9J'}
| | | | | | | +-- , 118 , {120} , {'xL6JL8J', 'xL6JL10J', 'xL6JL9J', 'xL6JL11J'}
| | | | | | | | +-- , 120 , {122} , {'xL6JL10J', 'xL6JL11J', 'xL5JL11J'}
| | | | | | | | | +-- , 122 , set() , {'xL6JL10J', 'xL5JL11J', 'xL5JL10J'}


Max number of edges with non zero Y: 5
Max number of iterations of outer rounding loop: 2
Max number of candidate sets: 2
Time spent rounding: 47.598
Time spent solving Separator LP: 3.790
Total time spent solving: 70.279

LP Solver: GaifmanBoosted
Lower Bound Witness = ({'xL14JL1J', 'xL6JL11J', 'xL9JL8J', 'xL11JL6J', 'xL15JL1J', 'xL13JL3J', 'xL9JL7J', 'xL7JL7J', 'xL5JL10J', 'xL10JL7J', 'xL11JL4J', 'xL13JL5J', 'xL7JL9J', 'xL7JL8J', 'xL11JL5J', 'xL9JL6J', 'xL12JL5J', 'xL6JL8J', 'xL6JL9J', 'xL8JL7J', 'xL12JL3J', 'xL10JL5J', 'xL14JL4J', 'xL13JL4J', 'xL5JL11J', 'xL14JL2J', 'xL8JL9J', 'xL10JL6J', 'xL15JL2J', 'xL12JL4J', 'xL6JL10J', 'xL14JL3J'}, {'xL12JL5J', 'xL6JL8J', 'xL8JL9J', 'xL8JL7J', 'xL12JL3J', 'xL9JL8J', 'xL12JL4J', 'xL7JL8J'})