44, 3.1292864425179956, 9.0, 9
+-- , 0 , {65, 3, 67, 69, 71, 73, 75, 77, 17, 81, 19, 23, 87, 53, 55} , {'zL68J', 'xL5J', 'zL49J', 'zL77J', 'xL2J', 'zL50J', 'xL4J', 'zL51J', 'zL45J', 'xL8J', 'zL48J', 'zL54J', 'xL3J', 'zL67J', 'zL46J', 'xL6J', 'xL0J', 'xL1J', 'zL76J'}
| +-- , 65 , set() , {'xL3J', 'zL10J', 'xL5J', 'xL2J', 'xL6J', 'xL4J', 'zL9J', 'zL8J', 'w5', 'yL2J', 'zL11J'}
| +-- , 3 , {5} , {'xL5J', 'xL2J', 'zL19J', 'xL4J', 'zL45J', 'xL8J', 'xL3J', 'zL44J', 'xL6J', 'xL1J', 'zL76J', 'w7'}
| | +-- , 5 , {7, 9, 11, 13, 15} , {'zL63J', 'zL20J', 'zL16J', 'xL5J', 'zL60J', 'xL2J', 'zL19J', 'xL4J', 'yL4J', 'xL8J', 'yL15J', 'w18', 'xL3J', 'yL19J', 'xL9J', 'yL5J', 'zL44J', 'xL6J', 'zL18J', 'xL1J', 'zL76J', 'w8', 'zL23J'}
| | | +-- , 7 , set() , {'w9', 'xL9J', 'zL26J', 'xL6J', 'xL4J', 'xL1J', 'xL8J', 'zL24J', 'zL25J', 'zL27J', 'yL6J'}
| | | +-- , 9 , set() , {'xL9J', 'zL16J', 'zL18J', 'xL8J', 'zL17J'}
| | | +-- , 11 , set() , {'xL3J', 'xL9J', 'zL63J', 'zL60J', 'xL2J', 'zL61J', 'zL62J'}
| | | +-- , 13 , set() , {'xL9J', 'zL20J', 'xL2J', 'xL4J', 'zL21J', 'zL22J', 'zL23J'}
| | | +-- , 15 , set() , {'zL44J', 'xL9J', 'yL11J'}
| +-- , 67 , set() , {'zL68J', 'yL17J', 'xL0J'}
| +-- , 69 , set() , {'zL51J', 'w15', 'xL5J'}
| +-- , 71 , set() , {'xL8J', 'w19', 'zL67J'}
| +-- , 73 , set() , {'zL35J', 'zL34J', 'xL2J', 'xL6J', 'yL8J', 'zL32J', 'xL4J', 'xL0J', 'xL1J', 'zL33J', 'w11'}
| +-- , 75 , set() , {'yL9J', 'xL3J', 'zL38J', 'w12', 'xL6J', 'zL36J', 'xL4J', 'xL1J', 'xL8J', 'zL39J', 'zL37J'}
| +-- , 77 , {79} , {'xL3J', 'zL46J', 'zL47J', 'xL0J'}
| | +-- , 79 , set() , {'zL47J', 'xL3J', 'w14'}
| +-- , 17 , set() , {'xL3J', 'zL5J', 'xL5J', 'zL7J', 'w4', 'xL4J', 'xL1J', 'xL8J', 'zL4J', 'zL6J', 'yL1J'}
| +-- , 81 , {83} , {'xL3J', 'zL78J', 'zL77J', 'xL2J', 'xL1J'}
| | +-- , 83 , {85} , {'xL3J', 'zL79J', 'zL78J', 'xL2J'}
| | | +-- , 85 , set() , {'xL2J', 'zL79J', 'w22'}
| +-- , 19 , {21} , {'xL3J', 'zL54J', 'xL6J', 'zL55J'}
| | +-- , 21 , set() , {'w16', 'xL3J', 'zL55J'}
| +-- , 23 , {25, 47} , {'zL56J', 'zL68J', 'zL57J', 'zL70J', 'xL5J', 'zL12J', 'xL2J', 'xL4J', 'xL8J', 'zL71J', 'zL54J', 'zL41J', 'yL10J', 'yL3J', 'xL3J', 'zL67J', 'xL6J', 'xL0J', 'xL1J', 'zL40J', 'zL69J', 'zL53J'}
| | +-- , 25 , {27} , {'zL56J', 'xL5J', 'zL12J', 'xL2J', 'xL8J', 'zL71J', 'zL41J', 'zL42J', 'xL3J', 'zL67J', 'xL6J', 'xL0J', 'zL52J', 'xL1J', 'zL66J', 'zL53J'}
| | | +-- , 27 , {35, 37, 39, 41, 43, 29} , {'zL56J', 'zL65J', 'xL5J', 'zL12J', 'xL2J', 'xL8J', 'xL7J', 'zL71J', 'yL13J', 'zL42J', 'xL3J', 'xL0J', 'zL52J', 'xL1J', 'zL66J', 'w6', 'zL15J'}
| | | | +-- , 35 , set() , {'zL13J', 'xL5J', 'zL12J', 'zL14J', 'xL8J', 'xL7J', 'zL15J'}
| | | | +-- , 37 , set() , {'zL56J', 'xL7J', 'yL14J'}
| | | | +-- , 39 , set() , {'xL5J', 'w13', 'xL7J', 'zL42J', 'zL43J'}
| | | | +-- , 41 , set() , {'zL71J', 'xL7J', 'w20'}
| | | | +-- , 43 , {45} , {'zL65J', 'zL64J', 'xL7J', 'xL1J'}
| | | | | +-- , 45 , set() , {'zL64J', 'yL16J', 'xL1J'}
| | | | +-- , 29 , {33, 31} , {'xL3J', 'xL5J', 'zL1J', 'xL2J', 'xL1J', 'xL7J', 'zL0J'}
| | | | | +-- , 33 , set() , {'yL0J', 'zL0J', 'xL1J'}
| | | | | +-- , 31 , set() , {'xL5J', 'zL1J', 'xL2J', 'zL3J', 'w3', 'xL7J', 'zL2J'}
| | +-- , 47 , {49} , {'zL58J', 'xL3J', 'zL57J', 'xL6J', 'xL1J'}
| | | +-- , 49 , {51} , {'zL58J', 'xL6J', 'xL1J', 'zL59J'}
| | | | +-- , 51 , set() , {'w17', 'xL1J', 'zL59J'}
| +-- , 87 , set() , {'yL12J', 'zL48J', 'xL8J'}
| +-- , 53 , set() , {'zL31J', 'xL5J', 'zL29J', 'xL6J', 'w10', 'xL4J', 'xL1J', 'xL8J', 'yL7J', 'zL28J', 'zL30J'}
| +-- , 55 , {57, 63} , {'xL3J', 'xL6J', 'zL72J', 'xL4J', 'xL1J', 'xL8J', 'zL73J'}
| | +-- , 57 , {59} , {'xL8J', 'xL3J', 'zL74J', 'zL73J', 'xL1J'}
| | | +-- , 59 , {61} , {'xL8J', 'zL74J', 'zL75J', 'xL1J'}
| | | | +-- , 61 , set() , {'zL75J', 'w21', 'xL1J'}
| | +-- , 63 , set() , {'zL72J', 'xL4J', 'yL18J'}


Max number of edges with non zero Y: 47
Max number of iterations of outer rounding loop: 5
Max number of candidate sets: 2
Time spent rounding: 25.210
Time spent solving Separator LP: 18.641
Total time spent solving: 55.076

LP Solver: GaifmanNormal
Lower Bound Witness = ({'zL68J', 'xL5J', 'zL60J', 'zL35J', 'zL19J', 'yL11J', 'zL74J', 'yL19J', 'zL34J', 'xL0J', 'xL1J', 'zL62J', 'zL3J', 'zL69J', 'zL38J', 'zL25J', 'w17', 'yL3J', 'zL64J', 'xL9J', 'zL7J', 'zL29J', 'yL17J', 'zL14J', 'zL44J', 'zL66J', 'zL0J', 'zL63J', 'zL70J', 'zL61J', 'zL51J', 'zL48J', 'zL30J', 'xL3J', 'zL46J', 'zL52J', 'zL24J', 'zL53J', 'zL2J', 'zL58J', 'w9', 'zL5J', 'w13', 'xL2J', 'w4', 'yL4J', 'zL79J', 'zL71J', 'zL39J', 'zL54J', 'yL1J', 'zL22J', 'zL43J', 'yL5J', 'w12', 'zL26J', 'zL37J', 'w16', 'zL21J', 'zL65J', 'zL56J', 'zL57J', 'zL16J', 'zL10J', 'w14', 'yL0J', 'zL32J', 'xL7J', 'yL10J', 'yL6J', 'zL42J', 'zL1J', 'xL6J', 'zL28J', 'w6', 'zL15J', 'zL77J', 'zL50J', 'yL8J', 'yL7J', 'w18', 'zL41J', 'w11', 'w10', 'zL11J', 'zL13J', 'zL67J', 'yL2J', 'zL23J', 'zL20J', 'zL31J', 'zL47J', 'zL8J', 'w21', 'zL78J', 'yL18J', 'yL13J', 'zL6J', 'zL72J', 'zL18J', 'zL36J', 'zL55J', 'zL76J', 'w8', 'zL4J', 'yL9J', 'w19', 'yL14J', 'zL49J', 'zL12J', 'zL75J', 'yL16J', 'xL4J', 'zL9J', 'xL8J', 'zL45J', 'w22', 'yL15J', 'yL12J', 'w20', 'w5', 'zL73J', 'zL17J', 'zL59J', 'zL40J', 'w3', 'zL33J', 'w7', 'zL27J', 'w15'}, {'zL68J', 'zL63J', 'zL31J', 'zL16J', 'zL60J', 'zL35J', 'w14', 'zL19J', 'yL11J', 'zL74J', 'zL48J', 'xL7J', 'zL78J', 'yL13J', 'yL10J', 'yL19J', 'zL46J', 'zL72J', 'zL18J', 'zL36J', 'zL3J', 'zL76J', 'w6', 'w9', 'w19', 'zL5J', 'zL38J', 'zL12J', 'zL77J', 'xL2J', 'zL50J', 'yL16J', 'xL4J', 'zL9J', 'zL79J', 'w20', 'zL39J', 'zL54J', 'zL73J', 'w11', 'yL1J', 'w10', 'zL59J', 'yL3J', 'zL13J', 'xL9J', 'zL64J', 'zL67J', 'zL7J', 'w12', 'zL14J', 'zL40J', 'w3', 'zL66J', 'w7', 'yL2J', 'w15'})