19, 3.0562986947695374, 9.5, 10
+-- , 0 , {5, 46} , {'xL23J', 'xL19J', 'xL18J', 'xL14J', 'xL13J', 'xL20J', 'xL1J', 'xL8J', 'xL39J', 'xL16J', 'xL29J', 'xL32J', 'xL26J'}
| +-- , 5 , {44, 7} , {'xL7J', 'xL13J', 'xL20J', 'xL1J', 'xL39J', 'xL16J', 'xL29J', 'xL32J', 'xL26J', 'xL23J', 'xL19J', 'xL18J', 'xL8J'}
| | +-- , 44 , set() , {'xL6J', 'xL7J', 'xL1J'}
| | +-- , 7 , {42, 13} , {'xL7J', 'xL35J', 'xL13J', 'xL20J', 'xL28J', 'xL39J', 'xL16J', 'xL29J', 'xL32J', 'xL26J', 'xL23J', 'xL19J', 'xL18J', 'xL8J', 'xL12J', 'xL31J'}
| | | +-- , 42 , set() , {'xL7J', 'xL39J', 'xL31J', 'xL9J', 'xL26J'}
| | | +-- , 13 , {15} , {'xL7J', 'xL35J', 'xL13J', 'xL20J', 'xL28J', 'xL39J', 'xL16J', 'xL10J', 'xL29J', 'xL32J', 'xL26J', 'xL23J', 'xL19J', 'xL8J', 'xL12J', 'xL31J'}
| | | | +-- , 15 , {19} , {'xL7J', 'xL35J', 'xL13J', 'xL37J', 'xL20J', 'xL28J', 'xL34J', 'xL16J', 'xL10J', 'xL29J', 'xL32J', 'xL26J', 'xL23J', 'xL19J', 'xL22J', 'xL8J', 'xL12J', 'xL31J'}
| | | | | +-- , 19 , {22} , {'xL7J', 'xL35J', 'xL13J', 'xL37J', 'xL20J', 'xL24J', 'xL34J', 'xL16J', 'xL10J', 'xL29J', 'xL32J', 'xL26J', 'xL23J', 'xL22J', 'xL19J', 'xL15J', 'xL8J', 'xL12J', 'xL31J'}
| | | | | | +-- , 22 , {40, 24, 26} , {'xL7J', 'xL35J', 'xL13J', 'xL37J', 'xL20J', 'xL24J', 'xL34J', 'xL16J', 'xL10J', 'xL29J', 'xL26J', 'xL22J', 'xL23J', 'xL19J', 'xL17J', 'xL15J', 'xL8J', 'xL12J', 'xL31J'}
| | | | | | | +-- , 40 , set() , {'xL17J', 'xL29J', 'xL10J', 'xL25J'}
| | | | | | | +-- , 24 , set() , {'xL17J', 'xL15J', 'xL22J', 'xL2J'}
| | | | | | | +-- , 26 , {28} , {'xL7J', 'xL13J', 'xL37J', 'xL20J', 'xL24J', 'xL34J', 'xL16J', 'xL10J', 'xL29J', 'xL26J', 'xL22J', 'xL23J', 'xL19J', 'xL17J', 'xL15J', 'xL8J', 'xL12J', 'xL31J', 'xL21J'}
| | | | | | | | +-- , 28 , {30} , {'xL7J', 'xL13J', 'xL37J', 'xL20J', 'xL24J', 'xL34J', 'xL38J', 'xL16J', 'xL10J', 'xL26J', 'xL23J', 'xL22J', 'xL19J', 'xL17J', 'xL8J', 'xL12J', 'xL31J', 'xL21J'}
| | | | | | | | | +-- , 30 , {32, 38} , {'xL7J', 'xL13J', 'xL37J', 'xL20J', 'xL24J', 'xL38J', 'xL16J', 'xL10J', 'xL0J', 'xL26J', 'xL17J', 'xL23J', 'xL22J', 'xL19J', 'xL8J', 'xL12J', 'xL31J', 'xL21J'}
| | | | | | | | | | +-- , 32 , {34} , {'xL27J', 'xL13J', 'xL37J', 'xL24J', 'xL38J', 'xL16J', 'xL10J', 'xL0J', 'xL26J', 'xL23J', 'xL22J', 'xL19J', 'xL8J', 'xL31J', 'xL21J'}
| | | | | | | | | | | +-- , 34 , {36} , {'xL27J', 'xL13J', 'xL37J', 'xL33J', 'xL24J', 'xL38J', 'xL16J', 'xL10J', 'xL0J', 'xL4J', 'xL30J', 'xL26J', 'xL23J', 'xL22J', 'xL19J', 'xL11J', 'xL8J', 'xL21J'}
| | | | | | | | | | | | +-- , 36 , set() , {'xL10J', 'xL11J', 'xL3J', 'xL30J'}
| | | | | | | | | | +-- , 38 , set() , {'xL17J', 'xL7J', 'xL5J', 'xL12J', 'xL21J', 'xL0J'}
| +-- , 46 , set() , {'xL16J', 'xL36J'}


Max number of edges with non zero Y: 29
Max number of iterations of outer rounding loop: 7
Max number of candidate sets: 2
Time spent rounding: 70.138
Time spent solving Separator LP: 2.283

LP Solver: GaifmanBoosted