66, 6.999998969574935, 9.0, 9
+-- , 0 , {129, 3, 131, 101, 103, 7, 105, 107, 117, 123, 127} , {'xL6J', 'xL5J', 'xL8J', 'xL2J', 'zL53J', 'zL46J', 'xL9J', 'xL4J', 'xL3J', 'zL38J', 'zL14J', 'zL55J', 'zL54J', 'zL15J', 'zL18J', 'zL63J'}
| +-- , 129 , set() , {'xL3J', 'zL63J', 'w18'}
| +-- , 3 , {5} , {'xL6J', 'zL46J', 'xL9J', 'zL47J'}
| | +-- , 5 , set() , {'xL9J', 'zL47J', 'w14'}
| +-- , 131 , {133} , {'xL2J', 'xL5J', 'zL18J', 'zL17J', 'xL4J'}
| | +-- , 133 , {135} , {'xL5J', 'zL16J', 'zL17J', 'xL4J'}
| | | +-- , 135 , set() , {'yL4J', 'xL5J', 'zL16J'}
| +-- , 101 , set() , {'xL6J', 'zL26J', 'xL8J', 'yL6J', 'zL27J', 'zL25J', 'zL24J', 'xL9J', 'xL3J', 'xL4J', 'w9'}
| +-- , 103 , set() , {'xL5J', 'xL3J', 'zL72J', 'xL8J', 'zL73J', 'xL2J', 'yL18J', 'zL75J', 'w21', 'zL74J', 'xL4J'}
| +-- , 7 , {99, 89, 11} , {'xL6J', 'xL5J', 'xL8J', 'xL2J', 'zL53J', 'zL46J', 'xL9J', 'xL4J', 'xL3J', 'zL38J', 'zL48J', 'w6', 'zL45J', 'zL55J', 'zL54J', 'zL15J', 'zL18J', 'xL7J', 'zL63J'}
| | +-- , 99 , set() , {'xL6J', 'zL48J', 'yL12J'}
| | +-- , 89 , {91, 95} , {'zL2J', 'xL8J', 'zL1J', 'xL9J', 'xL3J', 'xL4J', 'xL7J'}
| | | +-- , 91 , {93} , {'zL0J', 'zL1J', 'xL7J', 'xL8J'}
| | | | +-- , 93 , set() , {'xL7J', 'yL0J', 'zL0J'}
| | | +-- , 95 , {97} , {'zL2J', 'xL3J', 'xL4J', 'zL3J'}
| | | | +-- , 97 , set() , {'w3', 'xL4J', 'zL3J'}
| | +-- , 11 , {85, 13} , {'xL6J', 'xL5J', 'xL8J', 'xL2J', 'zL53J', 'zL28J', 'zL29J', 'xL9J', 'xL3J', 'xL4J', 'zL38J', 'zL48J', 'zL45J', 'zL55J', 'zL54J', 'zL18J', 'xL7J', 'zL63J'}
| | | +-- , 85 , {87} , {'xL6J', 'zL30J', 'zL29J', 'xL3J', 'xL4J'}
| | | | +-- , 87 , set() , {'xL3J', 'w10', 'zL30J', 'zL31J', 'xL4J'}
| | | +-- , 13 , {67, 83, 21, 71, 73, 15} , {'xL6J', 'xL5J', 'xL8J', 'xL1J', 'xL2J', 'zL53J', 'zL28J', 'xL9J', 'xL3J', 'xL4J', 'zL38J', 'zL48J', 'zL45J', 'zL78J', 'zL55J', 'zL54J', 'zL18J', 'zL19J', 'xL7J', 'zL63J'}
| | | | +-- , 67 , {69} , {'xL6J', 'zL39J', 'zL38J', 'xL1J'}
| | | | | +-- , 69 , set() , {'w12', 'zL39J', 'xL1J'}
| | | | +-- , 83 , set() , {'xL7J', 'w7', 'zL19J'}
| | | | +-- , 21 , {23} , {'xL6J', 'xL5J', 'xL8J', 'xL1J', 'zL43J', 'xL2J', 'zL53J', 'w13', 'zL28J', 'xL9J', 'xL3J', 'xL4J', 'zL48J', 'zL45J', 'zL78J', 'xL7J', 'zL63J'}
| | | | | +-- , 23 , {65, 37, 43, 63, 51, 55, 25, 59, 29, 57} , {'xL6J', 'xL5J', 'xL8J', 'zL43J', 'zL42J', 'xL2J', 'zL53J', 'zL28J', 'xL9J', 'xL3J', 'xL4J', 'zL48J', 'zL45J', 'zL78J', 'xL0J', 'xL7J', 'zL63J'}
| | | | | | +-- , 65 , set() , {'yL7J', 'xL0J', 'zL28J'}
| | | | | | +-- , 37 , {41, 39} , {'w4', 'xL5J', 'xL8J', 'xL0J', 'zL7J', 'xL7J', 'xL4J', 'zL4J', 'zL5J'}
| | | | | | | +-- , 41 , set() , {'zL6J', 'xL0J', 'zL7J', 'xL7J', 'zL5J'}
| | | | | | | +-- , 39 , set() , {'yL1J', 'xL5J', 'zL4J'}
| | | | | | +-- , 43 , {45} , {'xL5J', 'xL0J', 'xL2J', 'zL49J', 'xL9J', 'zL48J'}
| | | | | | | +-- , 45 , {47} , {'xL2J', 'zL50J', 'zL49J', 'xL9J', 'xL0J'}
| | | | | | | | +-- , 47 , {49} , {'zL50J', 'xL9J', 'zL51J', 'xL0J'}
| | | | | | | | | +-- , 49 , set() , {'zL51J', 'xL0J', 'w15'}
| | | | | | +-- , 63 , set() , {'yL5J', 'xL3J', 'xL8J', 'xL0J', 'zL20J', 'xL7J', 'xL4J', 'zL23J', 'zL22J', 'w8', 'zL21J'}
| | | | | | +-- , 51 , {53} , {'xL6J', 'zL77J', 'xL4J', 'zL78J', 'zL76J', 'xL0J'}
| | | | | | | +-- , 53 , set() , {'xL4J', 'yL19J', 'zL76J'}
| | | | | | +-- , 55 , set() , {'xL6J', 'zL35J', 'zL34J', 'zL32J', 'xL3J', 'xL0J', 'zL33J', 'w11', 'yL8J', 'xL9J', 'xL7J'}
| | | | | | +-- , 25 , {27} , {'zL53J', 'xL7J', 'zL52J', 'xL0J'}
| | | | | | | +-- , 27 , set() , {'zL52J', 'xL0J', 'yL13J'}
| | | | | | +-- , 59 , {61} , {'zL41J', 'zL42J', 'xL6J', 'zL40J', 'xL7J', 'xL8J'}
| | | | | | | +-- , 61 , set() , {'zL40J', 'xL7J', 'yL10J'}
| | | | | | +-- , 29 , {31} , {'zL62J', 'xL8J', 'xL0J', 'xL9J', 'xL7J', 'zL63J'}
| | | | | | | +-- , 31 , {33} , {'zL62J', 'xL9J', 'xL7J', 'zL61J', 'xL0J'}
| | | | | | | | +-- , 33 , {35} , {'xL9J', 'zL61J', 'xL0J', 'zL60J'}
| | | | | | | | | +-- , 35 , set() , {'yL15J', 'xL0J', 'zL60J'}
| | | | | | +-- , 57 , set() , {'zL45J', 'xL5J', 'yL11J', 'xL0J', 'zL44J'}
| | | | +-- , 71 , set() , {'zL68J', 'xL3J', 'xL8J', 'yL17J', 'xL1J', 'w20', 'xL2J', 'zL69J', 'zL70J', 'xL7J', 'zL71J'}
| | | | +-- , 73 , {75, 79} , {'xL5J', 'zL66J', 'xL8J', 'xL1J', 'zL65J', 'xL7J', 'xL4J'}
| | | | | +-- , 75 , {77} , {'zL65J', 'zL64J', 'xL4J', 'xL7J'}
| | | | | | +-- , 77 , set() , {'zL64J', 'yL16J', 'xL7J'}
| | | | | +-- , 79 , {81} , {'zL67J', 'zL66J', 'xL8J', 'xL1J'}
| | | | | | +-- , 81 , set() , {'zL67J', 'xL8J', 'w19'}
| | | | +-- , 15 , {17} , {'xL2J', 'xL3J', 'zL78J', 'zL79J'}
| | | | | +-- , 17 , set() , {'xL3J', 'w22', 'zL79J'}
| +-- , 105 , set() , {'xL6J', 'zL57J', 'xL5J', 'zL56J', 'w17', 'zL59J', 'xL2J', 'zL58J', 'xL3J', 'xL4J', 'yL14J'}
| +-- , 107 , {115, 109} , {'xL5J', 'zL8J', 'xL8J', 'xL2J', 'xL9J', 'xL4J', 'zL9J'}
| | +-- , 115 , set() , {'yL2J', 'xL8J', 'zL8J'}
| | +-- , 109 , {111} , {'xL5J', 'xL9J', 'xL4J', 'zL10J', 'zL9J'}
| | | +-- , 111 , {113} , {'xL5J', 'zL11J', 'xL9J', 'zL10J'}
| | | | +-- , 113 , set() , {'w5', 'xL5J', 'zL11J'}
| +-- , 117 , {119} , {'zL13J', 'xL5J', 'xL3J', 'xL4J', 'zL14J'}
| | +-- , 119 , {121} , {'zL13J', 'xL5J', 'xL4J', 'zL12J'}
| | | +-- , 121 , set() , {'yL3J', 'xL4J', 'zL12J'}
| +-- , 123 , {125} , {'zL38J', 'xL3J', 'xL4J', 'xL8J', 'zL37J'}
| | +-- , 125 , set() , {'zL36J', 'xL8J', 'yL9J', 'xL3J', 'zL37J'}
| +-- , 127 , set() , {'xL9J', 'zL55J', 'w16'}


Max number of edges with non zero Y: 7
Max number of iterations of outer rounding loop: 0
Max number of candidate sets: 0
Time spent rounding: 0.000
Time spent solving Separator LP: 1015.950
Total time spent solving: 1020.829

LP Solver: GaifmanNormalILP
Lower Bound Witness = ({'zL6J', 'zL32J', 'zL66J', 'xL8J', 'zL25J', 'zL30J', 'yL15J', 'w15', 'xL4J', 'zL41J', 'yL3J', 'zL57J', 'zL35J', 'zL79J', 'yL4J', 'zL18J', 'zL70J', 'zL19J', 'zL58J', 'zL16J', 'zL52J', 'zL2J', 'zL62J', 'yL16J', 'zL10J', 'yL6J', 'w22', 'zL20J', 'zL51J', 'zL47J', 'zL12J', 'zL48J', 'yL2J', 'zL17J', 'xL0J', 'zL54J', 'zL15J', 'w9', 'zL63J', 'zL71J', 'zL13J', 'zL56J', 'yL12J', 'zL76J', 'yL17J', 'yL10J', 'zL74J', 'zL38J', 'zL61J', 'zL55J', 'yL0J', 'zL33J', 'zL31J', 'zL37J', 'zL44J', 'xL6J', 'zL72J', 'w18', 'zL43J', 'zL50J', 'zL29J', 'xL9J', 'xL3J', 'zL14J', 'zL23J', 'zL68J', 'yL13J', 'zL64J', 'yL9J', 'zL24J', 'zL1J', 'yL8J', 'zL11J', 'zL34J', 'yL7J', 'yL19J', 'w3', 'zL8J', 'zL3J', 'w13', 'zL4J', 'zL45J', 'zL78J', 'zL69J', 'w7', 'w21', 'w14', 'w20', 'zL73J', 'zL27J', 'xL2J', 'zL67J', 'yL14J', 'zL9J', 'zL39J', 'w5', 'zL60J', 'zL75J', 'yL18J', 'yL1J', 'zL49J', 'zL22J', 'w8', 'zL21J', 'zL77J', 'xL5J', 'zL0J', 'xL1J', 'zL40J', 'zL42J', 'w19', 'zL28J', 'w16', 'w6', 'w4', 'zL36J', 'w10', 'zL59J', 'w11', 'yL5J', 'zL26J', 'zL7J', 'zL53J', 'zL65J', 'zL46J', 'zL5J', 'w17', 'w12', 'xL7J', 'yL11J'}, {'zL13J', 'zL56J', 'zL34J', 'yL7J', 'zL76J', 'zL8J', 'zL3J', 'zL40J', 'zL30J', 'yL15J', 'zL42J', 'zL61J', 'zL41J', 'yL3J', 'zL45J', 'w4', 'zL55J', 'yL0J', 'zL18J', 'w7', 'zL16J', 'w21', 'zL52J', 'zL37J', 'zL44J', 'xL6J', 'zL26J', 'yL16J', 'zL10J', 'w18', 'zL73J', 'zL43J', 'xL2J', 'zL53J', 'zL20J', 'xL9J', 'zL51J', 'zL47J', 'zL12J', 'zL14J', 'zL23J', 'yL13J', 'w5', 'zL64J', 'yL9J', 'zL15J', 'zL75J', 'zL24J', 'yL18J', 'zL11J', 'w12', 'xL7J', 'yL19J', 'zL22J', 'w8'})