14, 1, 6.0, 6
+-- , 3 , {0} , {'14', '56', '33', '36', '20', '77', '82', '5', '76'}
| +-- , 0 , {7, 13, 15, 19, 23, 25} , {'3', '66', '37', '72', '28', '56', '77', '59', '13', '73', '40', '34', '24', '65', '53', '81', '58', '35', '38', '20', '5'}
| | +-- , 7 , {9, 11} , {'3', '81', '37', '78', '72', '17', '28', '35', '56', '38', '5', '40', '34'}
| | | +-- , 9 , set() , {'3', '81', '5', '37', '78', '72', '35', '21', '12', '57', '64', '67'}
| | | +-- , 11 , set() , {'78', '28', '38', '79', '6'}
| | +-- , 13 , set() , {'66', '8', '72', '35', '50'}
| | +-- , 15 , {17, 26} , {'74', '63', '56', '69', '59', '13', '0', '5', '40', '24'}
| | | +-- , 17 , set() , {'75', '25', '31', '62', '49', '69', '22', '0', '24'}
| | | +-- , 26 , {27} , {'63', '69', '59', '0', '40'}
| | | | +-- , 27 , set() , {'52', '18', '0', '47', '40'}
| | +-- , 19 , {21} , {'38', '53', '29', '55', '35', '65'}
| | | +-- , 21 , set() , {'27', '53', '46', '29', '44'}
| | +-- , 23 , set() , {'66', '37', '56', '43', '34'}
| | +-- , 25 , set() , {'10', '71', '70', '73', '34'}


Max number of edges with non zero Y: 18
Max number of iterations of outer rounding loop: 1
Max number of candidate sets: 2
Time spent rounding: 0.125
Time spent solving Separator LP: 0.012
Total time spent solving: 0.381

LP Solver: gammaPlusFractionalCoverHeuristic
Number of Rounding Attemps: 4
Lower Bound Witness = ({'27', '66', '25', '74', '28', '56', '50', '59', '13', '29', '22', '70', '57', '67', '65', '34', '81', '75', '24', '8', '14', '58', '35', '21', '20', '55', '79', '5', '6', '3', '31', '37', '72', '63', '46', '10', '71', '12', '36', '43', '77', '0', '82', '73', '40', '53', '78', '62', '17', '49', '44', '33', '38', '69', '64', '76'}, {'17', '5', '31', '73'})