23, 2.138748263370332, 7.0, 7
+-- , 0 , {48, 50, 7, 40, 46} , {'xL21J', 'xL19J', 'xL7J', 'xL8J', 'xL18J', 'xL22J', 'xL33J', 'xL36J', 'xL3J', 'xL26J', 'xL34J', 'xL37J'}
| +-- , 48 , set() , {'xL7J', 'xL39J', 'xL36J'}
| +-- , 50 , {52} , {'xL21J', 'xL26J', 'xL13J'}
| | +-- , 52 , set() , {'xL20J', 'xL13J', 'xL21J'}
| +-- , 7 , {9} , {'xL19J', 'xL8J', 'xL33J', 'xL3J', 'xL36J', 'xL34J', 'xL7J', 'xL18J', 'xL22J', 'xL26J', 'xL28J', 'xL37J'}
| | +-- , 9 , {36, 38, 12} , {'xL30J', 'xL19J', 'xL9J', 'xL7J', 'xL8J', 'xL22J', 'xL33J', 'xL3J', 'xL36J', 'xL26J', 'xL34J', 'xL28J', 'xL37J', 'xL23J'}
| | | +-- , 36 , set() , {'xL33J', 'xL1J', 'xL26J', 'xL23J'}
| | | +-- , 38 , set() , {'xL30J', 'xL25J', 'xL22J'}
| | | +-- , 12 , {16, 34} , {'xL24J', 'xL19J', 'xL9J', 'xL8J', 'xL36J', 'xL3J', 'xL34J', 'xL38J', 'xL28J', 'xL7J', 'xL22J', 'xL30J', 'xL37J', 'xL23J'}
| | | | +-- , 16 , {18, 30} , {'xL11J', 'xL24J', 'xL30J', 'xL19J', 'xL9J', 'xL8J', 'xL22J', 'xL36J', 'xL38J', 'xL34J', 'xL28J', 'xL37J', 'xL23J'}
| | | | | +-- , 18 , {28, 20} , {'xL11J', 'xL24J', 'xL27J', 'xL30J', 'xL19J', 'xL9J', 'xL8J', 'xL22J', 'xL28J', 'xL37J', 'xL23J', 'xL16J'}
| | | | | | +-- , 28 , set() , {'xL30J', 'xL31J', 'xL16J'}
| | | | | | +-- , 20 , {22, 24, 26} , {'xL24J', 'xL27J', 'xL9J', 'xL14J', 'xL8J', 'xL12J', 'xL28J', 'xL16J'}
| | | | | | | +-- , 22 , set() , {'xL29J', 'xL27J', 'xL14J'}
| | | | | | | +-- , 24 , set() , {'xL32J', 'xL12J', 'xL24J'}
| | | | | | | +-- , 26 , set() , {'xL5J', 'xL28J', 'xL9J', 'xL14J'}
| | | | | +-- , 30 , {32} , {'xL11J', 'xL36J', 'xL34J', 'xL4J'}
| | | | | | +-- , 32 , set() , {'xL35J', 'xL4J'}
| | | | +-- , 34 , set() , {'xL2J', 'xL24J', 'xL28J', 'xL19J'}
| +-- , 40 , {42, 44} , {'xL3J', 'xL26J', 'xL15J', 'xL8J', 'xL22J', 'xL17J'}
| | +-- , 42 , set() , {'xL8J', 'xL15J', 'xL0J', 'xL17J'}
| | +-- , 44 , set() , {'xL15J', 'xL6J'}
| +-- , 46 , set() , {'xL10J', 'xL33J', 'xL8J'}


Max number of edges with non zero Y: 18
Max number of iterations of outer rounding loop: 6
Max number of candidate sets: 2
Time spent rounding: 24.288
Time spent solving Separator LP: 0.335

LP Solver: GaifmanNormal