62, 3.704557960962256, 9.0, 9
+-- , 0 , {128, 96, 5, 102, 104, 112, 114, 124, 116, 120, 94} , {'xL1J', 'xL8J', 'xL5J', 'zL54J', 'zL9J', 'zL53J', 'xL0J', 'xL4J', 'xL2J', 'xL3J', 'zL10J', 'xL9J', 'zL30J'}
| +-- , 128 , set() , {'xL1J', 'zL5J', 'zL4J', 'w4', 'zL6J', 'xL5J', 'xL4J', 'zL7J', 'xL9J', 'yL1J', 'xL3J'}
| +-- , 96 , {98} , {'xL1J', 'w6', 'xL5J', 'zL14J', 'zL15J', 'zL13J', 'xL2J', 'xL3J', 'xL9J'}
| | +-- , 98 , {100} , {'zL13J', 'xL2J', 'zL12J', 'xL9J'}
| | | +-- , 100 , set() , {'zL12J', 'yL3J', 'xL2J'}
| +-- , 5 , {8, 92} , {'xL1J', 'zL25J', 'zL54J', 'xL2J', 'xL3J', 'zL24J', 'zL30J', 'xL8J', 'xL5J', 'zL9J', 'zL79J', 'xL4J', 'xL0J', 'xL9J', 'zL78J'}
| | +-- , 8 , {10} , {'xL1J', 'zL25J', 'zL26J', 'zL54J', 'xL2J', 'xL3J', 'zL34J', 'zL33J', 'zL30J', 'xL8J', 'xL5J', 'zL9J', 'zL79J', 'xL4J', 'xL0J', 'xL9J', 'zL78J'}
| | | +-- , 10 , {12} , {'xL1J', 'zL26J', 'zL54J', 'xL2J', 'zL16J', 'xL3J', 'zL77J', 'yL4J', 'zL34J', 'zL33J', 'zL76J', 'zL30J', 'xL8J', 'xL5J', 'zL9J', 'zL79J', 'xL4J', 'xL0J', 'xL9J', 'zL78J'}
| | | | +-- , 12 , {68, 72, 74, 76, 16, 82, 86, 88} , {'xL1J', 'zL26J', 'zL54J', 'zL27J', 'xL2J', 'zL16J', 'xL3J', 'zL34J', 'zL33J', 'zL76J', 'xL8J', 'xL5J', 'zL9J', 'zL79J', 'xL4J', 'zL46J', 'xL0J', 'xL6J', 'xL9J', 'zL30J'}
| | | | | +-- , 68 , {70} , {'zL54J', 'xL4J', 'zL55J', 'xL6J'}
| | | | | | +-- , 70 , set() , {'w16', 'xL6J', 'zL55J'}
| | | | | +-- , 72 , set() , {'xL1J', 'zL27J', 'w9'}
| | | | | +-- , 74 , set() , {'zL39J', 'w12', 'yL9J', 'zL36J', 'xL8J', 'zL38J', 'xL4J', 'xL3J', 'zL37J', 'xL6J', 'xL9J'}
| | | | | +-- , 76 , {78} , {'xL1J', 'zL60J', 'xL5J', 'yL15J', 'xL0J', 'xL3J', 'xL6J'}
| | | | | | +-- , 78 , {80} , {'xL1J', 'zL61J', 'zL60J', 'w18', 'xL5J', 'zL63J', 'xL3J', 'xL6J'}
| | | | | | | +-- , 80 , set() , {'zL61J', 'xL5J', 'zL62J', 'zL63J', 'xL3J'}
| | | | | +-- , 16 , {18} , {'xL1J', 'xL2J', 'zL16J', 'xL3J', 'zL33J', 'zL76J', 'xL8J', 'xL5J', 'zL9J', 'zL46J', 'xL4J', 'xL0J', 'xL6J', 'xL9J', 'zL30J', 'zL17J'}
| | | | | | +-- , 18 , {66, 20, 62} , {'xL1J', 'zL29J', 'xL2J', 'xL3J', 'zL33J', 'zL1J', 'zL76J', 'zL58J', 'zL30J', 'zL2J', 'xL8J', 'xL5J', 'zL9J', 'xL0J', 'xL4J', 'zL46J', 'zL59J', 'xL6J', 'xL9J', 'zL28J', 'zL17J'}
| | | | | | | +-- , 66 , set() , {'zL59J', 'xL4J', 'w17'}
| | | | | | | +-- , 20 , {34, 58, 40, 44, 48, 30, 22, 54, 24} , {'xL1J', 'zL66J', 'xL2J', 'yL7J', 'xL3J', 'zL33J', 'zL1J', 'zL76J', 'zL58J', 'zL65J', 'xL8J', 'zL9J', 'xL7J', 'xL4J', 'zL46J', 'xL0J', 'xL6J', 'xL9J', 'zL28J', 'zL17J'}
| | | | | | | | +-- , 34 , {36} , {'zL57J', 'xL7J', 'xL2J', 'zL58J', 'xL9J'}
| | | | | | | | | +-- , 36 , {38} , {'zL56J', 'zL57J', 'xL2J', 'xL9J'}
| | | | | | | | | | +-- , 38 , set() , {'zL56J', 'yL14J', 'xL9J'}
| | | | | | | | +-- , 58 , {60} , {'zL9J', 'zL8J', 'xL7J', 'xL3J'}
| | | | | | | | | +-- , 60 , set() , {'zL8J', 'xL7J', 'yL2J'}
| | | | | | | | +-- , 40 , {42} , {'zL0J', 'xL7J', 'xL4J', 'zL1J'}
| | | | | | | | | +-- , 42 , set() , {'zL0J', 'yL0J', 'xL7J'}
| | | | | | | | +-- , 44 , {46} , {'xL7J', 'zL33J', 'xL4J', 'zL32J'}
| | | | | | | | | +-- , 46 , set() , {'xL4J', 'zL32J', 'yL8J'}
| | | | | | | | +-- , 48 , {50} , {'xL7J', 'zL46J', 'xL2J', 'xL3J', 'zL45J'}
| | | | | | | | | +-- , 50 , {52} , {'xL2J', 'xL3J', 'zL45J', 'zL44J'}
| | | | | | | | | | +-- , 52 , set() , {'xL3J', 'zL44J', 'yL11J'}
| | | | | | | | +-- , 30 , {32} , {'zL67J', 'xL7J', 'xL3J', 'zL66J'}
| | | | | | | | | +-- , 32 , set() , {'zL67J', 'xL7J', 'w19'}
| | | | | | | | +-- , 22 , set() , {'zL76J', 'xL7J', 'yL19J'}
| | | | | | | | +-- , 54 , {56} , {'zL64J', 'xL6J', 'zL65J', 'xL8J'}
| | | | | | | | | +-- , 56 , set() , {'yL16J', 'zL64J', 'xL8J'}
| | | | | | | | +-- , 24 , {26} , {'xL1J', 'xL7J', 'zL18J', 'xL4J', 'zL17J'}
| | | | | | | | | +-- , 26 , {28} , {'xL1J', 'zL19J', 'zL18J', 'xL4J'}
| | | | | | | | | | +-- , 28 , set() , {'zL19J', 'w7', 'xL4J'}
| | | | | | | +-- , 62 , {64} , {'zL3J', 'xL1J', 'xL0J', 'zL2J'}
| | | | | | | | +-- , 64 , set() , {'xL0J', 'zL3J', 'w3'}
| | | | | +-- , 82 , {84} , {'zL34J', 'xL6J', 'xL9J', 'zL35J'}
| | | | | | +-- , 84 , set() , {'w11', 'xL6J', 'zL35J'}
| | | | | +-- , 86 , set() , {'w22', 'zL79J', 'xL6J'}
| | | | | +-- , 88 , {90} , {'xL4J', 'zL46J', 'xL0J', 'zL47J'}
| | | | | | +-- , 90 , set() , {'xL0J', 'w14', 'zL47J'}
| | +-- , 92 , set() , {'xL0J', 'yL6J', 'zL24J'}
| +-- , 102 , set() , {'zL23J', 'xL1J', 'zL22J', 'zL21J', 'yL5J', 'zL20J', 'xL8J', 'w8', 'xL4J', 'xL2J', 'xL3J'}
| +-- , 104 , {106, 110} , {'xL1J', 'zL48J', 'xL8J', 'xL4J', 'xL2J', 'xL9J', 'zL49J'}
| | +-- , 106 , {108} , {'xL1J', 'zL50J', 'xL2J', 'zL49J', 'xL8J'}
| | | +-- , 108 , set() , {'zL51J', 'xL8J', 'zL50J', 'xL2J', 'w15'}
| | +-- , 110 , set() , {'yL12J', 'zL48J', 'xL9J'}
| +-- , 112 , set() , {'xL1J', 'zL41J', 'zL42J', 'yL10J', 'xL8J', 'xL5J', 'w13', 'zL43J', 'xL3J', 'xL9J', 'zL40J'}
| +-- , 114 , set() , {'yL18J', 'xL1J', 'zL73J', 'xL8J', 'xL5J', 'zL72J', 'w21', 'xL3J', 'xL9J', 'zL75J', 'zL74J'}
| +-- , 124 , {126} , {'xL0J', 'xL9J', 'zL31J', 'zL30J'}
| | +-- , 126 , set() , {'w10', 'xL9J', 'zL31J'}
| +-- , 116 , {118} , {'zL11J', 'xL4J', 'zL10J', 'xL8J'}
| | +-- , 118 , set() , {'zL11J', 'xL8J', 'w5'}
| +-- , 120 , {122} , {'zL53J', 'zL52J', 'xL2J', 'xL3J'}
| | +-- , 122 , set() , {'yL13J', 'zL52J', 'xL2J'}
| +-- , 94 , set() , {'xL1J', 'zL71J', 'zL68J', 'xL5J', 'zL70J', 'w20', 'yL17J', 'xL2J', 'xL0J', 'zL69J', 'xL3J'}


Max number of edges with non zero Y: 49
Max number of iterations of outer rounding loop: 4
Max number of candidate sets: 2
Time spent rounding: 23.926
Time spent solving Separator LP: 17.979
Total time spent solving: 52.693

LP Solver: GaifmanBoosted
Lower Bound Witness = ({'w11', 'zL71J', 'zL51J', 'yL11J', 'zL12J', 'xL2J', 'zL77J', 'w6', 'zL34J', 'w9', 'zL65J', 'w20', 'zL13J', 'yL13J', 'yL19J', 'zL47J', 'zL19J', 'zL5J', 'zL32J', 'w17', 'zL43J', 'w14', 'yL6J', 'w12', 'w18', 'zL4J', 'zL8J', 'zL50J', 'yL17J', 'yL1J', 'yL12J', 'zL66J', 'zL48J', 'zL68J', 'yL7J', 'zL35J', 'zL0J', 'zL41J', 'zL58J', 'zL36J', 'xL5J', 'zL78J', 'yL3J', 'zL57J', 'zL73J', 'zL20J', 'zL14J', 'xL3J', 'zL7J', 'zL23J', 'zL18J', 'zL33J', 'zL55J', 'zL6J', 'yL2J', 'zL64J', 'zL52J', 'zL30J', 'zL39J', 'w16', 'yL16J', 'zL56J', 'zL61J', 'yL15J', 'zL3J', 'zL54J', 'zL15J', 'yL4J', 'w10', 'yL14J', 'zL76J', 'w21', 'xL0J', 'zL37J', 'xL6J', 'zL69J', 'zL59J', 'zL72J', 'zL17J', 'w15', 'w19', 'zL29J', 'zL25J', 'zL26J', 'w4', 'zL63J', 'zL53J', 'zL27J', 'w13', 'zL16J', 'yL18J', 'zL11J', 'yL10J', 'zL2J', 'zL70J', 'zL79J', 'zL38J', 'yL9J', 'zL28J', 'zL74J', 'xL1J', 'yL0J', 'zL60J', 'w7', 'zL31J', 'w5', 'zL49J', 'zL24J', 'zL42J', 'zL45J', 'xL8J', 'zL9J', 'zL67J', 'xL7J', 'xL9J', 'zL40J', 'yL8J', 'yL5J', 'w8', 'zL10J', 'w3', 'zL22J', 'zL1J', 'zL21J', 'zL62J', 'xL4J', 'zL46J', 'w22', 'zL75J', 'zL44J'}, {'w16', 'yL16J', 'zL51J', 'yL11J', 'zL12J', 'zL66J', 'zL48J', 'zL68J', 'zL31J', 'yL15J', 'zL3J', 'zL54J', 'xL2J', 'yL4J', 'zL24J', 'w6', 'yL14J', 'zL76J', 'zL42J', 'zL65J', 'xL8J', 'xL5J', 'w20', 'zL13J', 'yL13J', 'w21', 'xL0J', 'zL37J', 'zL59J', 'xL9J', 'yL19J', 'zL17J', 'w15', 'yL3J', 'zL29J', 'zL57J', 'zL25J', 'w4', 'zL14J', 'w17', 'w13', 'zL43J', 'zL10J', 'zL23J', 'zL75J', 'zL11J', 'zL21J', 'yL10J', 'zL2J', 'zL6J', 'yL2J', 'zL8J', 'yL1J', 'xL4J', 'zL64J', 'zL50J', 'yL17J', 'zL28J', 'zL74J'})