61, 3.705160862115785, 9.0, 9
+-- , 0 , {89, 3, 5, 103, 9, 123, 113, 125, 87, 119, 121, 91, 93, 95} , {'xL0J', 'zL3J', 'zL7J', 'zL8J', 'zL24J', 'xL2J', 'zL6J', 'xL1J', 'xL7J', 'xL9J', 'zL38J', 'zL35J', 'zL72J', 'zL32J', 'xL5J', 'xL4J', 'xL3J'}
| +-- , 89 , set() , {'zL7J', 'w4', 'xL0J'}
| +-- , 3 , set() , {'w7', 'zL16J', 'xL0J', 'zL19J', 'xL7J', 'xL9J', 'yL4J', 'xL5J', 'xL3J', 'zL17J', 'zL18J'}
| +-- , 5 , set() , {'xL2J', 'xL0J', 'xL1J', 'xL7J', 'xL9J', 'zL12J', 'zL14J', 'yL3J', 'zL15J', 'zL13J', 'w6'}
| +-- , 103 , {105} , {'xL2J', 'xL0J', 'xL1J', 'xL7J', 'zL23J', 'xL5J', 'w8'}
| | +-- , 105 , {107} , {'zL22J', 'xL2J', 'xL0J', 'xL1J', 'zL23J', 'xL5J'}
| | | +-- , 107 , {109} , {'zL22J', 'xL2J', 'xL5J', 'xL0J', 'zL21J'}
| | | | +-- , 109 , {111} , {'xL2J', 'zL20J', 'xL0J', 'zL21J'}
| | | | | +-- , 111 , set() , {'yL5J', 'zL20J', 'xL0J'}
| +-- , 9 , {11} , {'zL39J', 'xL0J', 'zL3J', 'zL5J', 'xL4J', 'zL8J', 'zL24J', 'xL2J', 'zL6J', 'xL1J', 'xL7J', 'xL9J', 'zL38J', 'zL35J', 'zL72J', 'zL32J', 'xL5J', 'zL33J', 'xL3J'}
| | +-- , 11 , {85, 13} , {'zL39J', 'xL0J', 'zL2J', 'zL3J', 'zL5J', 'zL26J', 'xL4J', 'zL8J', 'zL24J', 'xL2J', 'xL1J', 'xL7J', 'xL9J', 'zL35J', 'zL72J', 'xL5J', 'zL33J', 'xL3J'}
| | | +-- , 85 , set() , {'zL24J', 'xL9J', 'zL26J', 'zL25J', 'xL3J'}
| | | +-- , 13 , {15} , {'zL39J', 'xL0J', 'zL2J', 'zL5J', 'zL26J', 'zL9J', 'zL8J', 'xL2J', 'xL1J', 'xL7J', 'xL9J', 'zL27J', 'zL33J', 'zL35J', 'zL72J', 'xL5J', 'xL4J', 'xL3J'}
| | | | +-- , 15 , {67, 69, 73, 75, 77, 79, 81, 19, 51, 53, 57} , {'zL39J', 'xL0J', 'zL2J', 'zL5J', 'zL1J', 'xL8J', 'zL9J', 'xL4J', 'xL2J', 'xL1J', 'xL7J', 'xL9J', 'zL27J', 'zL70J', 'zL35J', 'zL72J', 'xL5J', 'zL33J', 'xL3J'}
| | | | | +-- , 67 , set() , {'xL2J', 'zL35J', 'zL34J', 'zL33J', 'xL8J'}
| | | | | +-- , 69 , {71} , {'zL0J', 'xL5J', 'zL1J', 'xL7J'}
| | | | | | +-- , 71 , set() , {'yL0J', 'zL0J', 'xL5J'}
| | | | | +-- , 73 , set() , {'xL2J', 'zL60J', 'xL1J', 'xL7J', 'yL15J', 'zL62J', 'zL63J', 'xL4J', 'w18', 'xL8J', 'zL61J'}
| | | | | +-- , 75 , set() , {'zL27J', 'w9', 'xL8J'}
| | | | | +-- , 77 , set() , {'zL72J', 'xL8J', 'yL18J'}
| | | | | +-- , 79 , set() , {'w12', 'zL39J', 'xL8J'}
| | | | | +-- , 81 , {83} , {'xL2J', 'zL70J', 'zL71J', 'xL9J'}
| | | | | | +-- , 83 , set() , {'w20', 'zL71J', 'xL9J'}
| | | | | +-- , 19 , {49, 21, 45} , {'zL11J', 'w5', 'xL0J', 'zL53J', 'zL54J', 'zL43J', 'xL8J', 'zL9J', 'xL2J', 'zL41J', 'zL69J', 'yL13J', 'xL1J', 'xL7J', 'zL68J', 'zL42J', 'zL52J', 'zL70J', 'xL5J', 'xL4J', 'xL3J', 'w13'}
| | | | | | +-- , 49 , set() , {'xL3J', 'yL17J', 'zL68J'}
| | | | | | +-- , 21 , {33, 23, 27, 43} , {'zL11J', 'xL0J', 'zL53J', 'zL10J', 'xL8J', 'zL9J', 'xL2J', 'xL6J', 'zL41J', 'zL69J', 'zL67J', 'xL1J', 'xL7J', 'zL52J', 'zL70J', 'xL4J', 'zL66J', 'xL3J'}
| | | | | | | +-- , 33 , {35, 39} , {'xL6J', 'xL0J', 'xL1J', 'zL45J', 'zL46J', 'xL3J', 'xL8J'}
| | | | | | | | +-- , 35 , {37} , {'zL47J', 'xL3J', 'xL1J', 'zL46J'}
| | | | | | | | | +-- , 37 , set() , {'xL3J', 'w14', 'zL47J'}
| | | | | | | | +-- , 39 , {41} , {'zL44J', 'xL0J', 'zL45J', 'xL8J'}
| | | | | | | | | +-- , 41 , set() , {'zL44J', 'yL11J', 'xL0J'}
| | | | | | | +-- , 23 , {25} , {'zL41J', 'xL6J', 'zL40J', 'xL3J'}
| | | | | | | | +-- , 25 , set() , {'yL10J', 'zL40J', 'xL3J'}
| | | | | | | +-- , 27 , {29} , {'xL2J', 'xL6J', 'zL66J', 'zL65J', 'xL8J'}
| | | | | | | | +-- , 29 , {31} , {'xL6J', 'zL64J', 'zL65J', 'xL8J'}
| | | | | | | | | +-- , 31 , set() , {'yL16J', 'zL64J', 'xL8J'}
| | | | | | | +-- , 43 , set() , {'xL4J', 'w19', 'zL67J'}
| | | | | | +-- , 45 , {47} , {'xL2J', 'zL54J', 'xL0J', 'zL55J'}
| | | | | | | +-- , 47 , set() , {'w16', 'zL55J', 'xL0J'}
| | | | | +-- , 51 , set() , {'yL7J', 'xL0J', 'zL30J', 'xL7J', 'w10', 'xL9J', 'zL29J', 'zL31J', 'xL5J', 'zL28J', 'xL8J'}
| | | | | +-- , 53 , {55} , {'zL4J', 'xL9J', 'xL8J', 'zL5J'}
| | | | | | +-- , 55 , set() , {'yL1J', 'zL4J', 'xL8J'}
| | | | | +-- , 57 , {59} , {'zL76J', 'xL7J', 'xL9J', 'xL5J', 'yL19J', 'xL3J', 'xL8J'}
| | | | | | +-- , 59 , {61} , {'zL77J', 'zL76J', 'xL7J', 'xL5J', 'xL3J', 'xL8J'}
| | | | | | | +-- , 61 , {63} , {'zL77J', 'xL5J', 'xL3J', 'xL8J', 'zL78J'}
| | | | | | | | +-- , 63 , {65} , {'xL5J', 'zL79J', 'xL3J', 'zL78J'}
| | | | | | | | | +-- , 65 , set() , {'zL79J', 'w22', 'xL5J'}
| +-- , 123 , set() , {'zL32J', 'yL8J', 'xL4J'}
| +-- , 113 , {115, 117} , {'xL2J', 'zL50J', 'xL0J', 'xL7J', 'zL51J', 'zL48J', 'xL5J', 'xL4J', 'yL12J'}
| | +-- , 115 , set() , {'xL5J', 'zL51J', 'w15'}
| | +-- , 117 , set() , {'zL49J', 'xL2J', 'zL50J', 'xL0J', 'zL48J'}
| +-- , 125 , set() , {'w11', 'zL35J', 'xL5J'}
| +-- , 87 , set() , {'xL3J', 'zL3J', 'w3'}
| +-- , 119 , set() , {'zL24J', 'xL2J', 'yL6J'}
| +-- , 121 , set() , {'zL8J', 'yL2J', 'xL0J'}
| +-- , 91 , set() , {'zL56J', 'xL0J', 'zL59J', 'xL1J', 'zL57J', 'xL9J', 'zL58J', 'yL14J', 'xL5J', 'w17', 'xL3J'}
| +-- , 93 , set() , {'zL37J', 'xL1J', 'yL9J', 'zL38J', 'zL36J', 'xL4J', 'xL3J'}
| +-- , 95 , {97} , {'xL0J', 'xL7J', 'xL9J', 'zL72J', 'xL5J', 'zL73J'}
| | +-- , 97 , {99} , {'zL74J', 'xL5J', 'xL0J', 'zL73J', 'xL7J'}
| | | +-- , 99 , {101} , {'zL74J', 'zL75J', 'xL0J', 'xL7J'}
| | | | +-- , 101 , set() , {'w21', 'xL7J', 'zL75J'}


Max number of edges with non zero Y: 45
Max number of iterations of outer rounding loop: 4
Max number of candidate sets: 2
Time spent rounding: 49.881
Time spent solving Separator LP: 23.085
Total time spent solving: 89.448

LP Solver: GaifmanBoosted
Lower Bound Witness = ({'zL47J', 'zL65J', 'zL45J', 'zL57J', 'zL26J', 'yL10J', 'zL55J', 'zL1J', 'w20', 'w7', 'zL16J', 'zL75J', 'yL8J', 'yL0J', 'xL3J', 'zL77J', 'zL37J', 'zL50J', 'zL2J', 'yL2J', 'w4', 'yL4J', 'zL67J', 'yL13J', 'yL15J', 'zL23J', 'zL52J', 'zL12J', 'zL70J', 'w22', 'zL20J', 'w15', 'yL19J', 'zL79J', 'zL71J', 'zL61J', 'yL18J', 'w3', 'zL60J', 'zL4J', 'zL54J', 'w17', 'zL28J', 'xL8J', 'zL8J', 'zL24J', 'xL6J', 'zL19J', 'zL46J', 'w10', 'zL35J', 'zL15J', 'zL62J', 'yL5J', 'zL36J', 'zL7J', 'w6', 'zL43J', 'zL9J', 'yL16J', 'zL6J', 'yL17J', 'zL68J', 'yL11J', 'xL4J', 'zL40J', 'zL17J', 'zL49J', 'w5', 'zL39J', 'zL44J', 'zL21J', 'w16', 'zL14J', 'yL14J', 'zL34J', 'w18', 'zL41J', 'zL69J', 'zL30J', 'xL1J', 'xL9J', 'zL51J', 'zL31J', 'zL63J', 'yL1J', 'zL33J', 'zL66J', 'w13', 'zL22J', 'w11', 'yL9J', 'zL74J', 'w19', 'zL64J', 'zL59J', 'w14', 'zL42J', 'zL72J', 'zL25J', 'zL13J', 'yL12J', 'zL18J', 'xL0J', 'zL3J', 'zL29J', 'zL53J', 'zL10J', 'zL73J', 'zL0J', 'yL7J', 'w21', 'xL7J', 'zL38J', 'zL48J', 'w8', 'yL6J', 'zL11J', 'zL76J', 'zL5J', 'w9', 'xL2J', 'zL56J', 'zL58J', 'zL78J', 'zL27J', 'yL3J', 'zL32J', 'xL5J', 'w12'}, {'zL49J', 'w5', 'w3', 'zL65J', 'zL3J', 'zL26J', 'zL53J', 'zL10J', 'zL54J', 'yL10J', 'zL55J', 'zL73J', 'w18', 'xL8J', 'zL24J', 'zL69J', 'zL75J', 'zL19J', 'xL1J', 'xL9J', 'zL51J', 'zL38J', 'zL48J', 'zL35J', 'zL31J', 'zL63J', 'xL3J', 'yL6J', 'zL37J', 'zL11J', 'zL2J', 'yL9J', 'yL2J', 'w4', 'w19', 'w6', 'zL9J', 'yL16J', 'zL59J', 'zL67J', 'yL13J', 'zL68J', 'zL78J', 'zL23J', 'zL52J', 'w14', 'zL70J', 'zL32J', 'yL3J', 'zL20J', 'yL18J', 'zL25J', 'zL13J'})