66, 3.2342470183625096, 9.0, 9
+-- , 0 , {129, 99, 5, 101, 133, 107, 109, 111, 113, 117, 119} , {'zL2J', 'zL45J', 'xL8J', 'xL2J', 'xL6J', 'zL41J', 'xL1J', 'xL7J', 'zL68J', 'zL46J', 'zL23J', 'zL48J', 'zL35J', 'xL4J', 'xL3J'}
| +-- , 129 , {131} , {'zL47J', 'xL3J', 'xL1J', 'zL46J'}
| | +-- , 131 , set() , {'xL3J', 'w14', 'zL47J'}
| +-- , 99 , set() , {'xL2J', 'w3', 'zL2J', 'zL3J', 'xL3J'}
| +-- , 5 , {93, 7} , {'zL22J', 'zL44J', 'zL2J', 'w11', 'zL45J', 'xL8J', 'xL2J', 'zL16J', 'xL6J', 'zL41J', 'xL1J', 'xL7J', 'zL68J', 'zL23J', 'zL48J', 'zL35J', 'xL5J', 'xL4J', 'xL3J', 'zL17J'}
| | +-- , 93 , {95} , {'xL5J', 'zL2J', 'zL1J', 'xL7J', 'xL8J'}
| | | +-- , 95 , {97} , {'zL0J', 'xL5J', 'zL1J', 'xL7J'}
| | | | +-- , 97 , set() , {'yL0J', 'zL0J', 'xL5J'}
| | +-- , 7 , {9} , {'zL22J', 'zL44J', 'xL8J', 'xL2J', 'zL16J', 'xL6J', 'zL41J', 'xL1J', 'xL7J', 'zL68J', 'zL48J', 'xL5J', 'xL4J', 'xL3J', 'zL17J', 'zL18J'}
| | | +-- , 9 , {89, 11} , {'zL22J', 'zL44J', 'zL14J', 'xL8J', 'xL2J', 'zL16J', 'xL6J', 'zL41J', 'xL1J', 'xL7J', 'zL68J', 'zL48J', 'xL5J', 'xL4J', 'zL13J', 'xL3J', 'zL18J'}
| | | | +-- , 89 , {91} , {'zL12J', 'zL13J', 'xL1J', 'xL7J'}
| | | | | +-- , 91 , set() , {'zL12J', 'yL3J', 'xL7J'}
| | | | +-- , 11 , {13} , {'zL22J', 'zL44J', 'zL14J', 'xL8J', 'xL2J', 'zL16J', 'xL6J', 'zL41J', 'xL1J', 'xL7J', 'zL68J', 'zL42J', 'zL48J', 'xL5J', 'xL4J', 'xL3J', 'zL18J'}
| | | | | +-- , 13 , {65, 73, 79, 15, 83, 85, 87, 61} , {'zL22J', 'zL44J', 'xL0J', 'zL14J', 'zL43J', 'xL8J', 'xL2J', 'zL16J', 'xL6J', 'zL69J', 'xL1J', 'xL7J', 'zL68J', 'zL42J', 'zL48J', 'zL70J', 'xL5J', 'xL4J', 'xL3J', 'zL18J'}
| | | | | | +-- , 65 , {67, 71} , {'zL9J', 'zL8J', 'xL2J', 'xL6J', 'xL0J', 'xL5J', 'xL3J'}
| | | | | | | +-- , 67 , {69} , {'zL9J', 'zL11J', 'xL2J', 'xL6J', 'zL10J', 'xL5J'}
| | | | | | | | +-- , 69 , set() , {'zL11J', 'w5', 'xL5J'}
| | | | | | | +-- , 71 , set() , {'zL8J', 'yL2J', 'xL0J'}
| | | | | | +-- , 73 , {75} , {'zL22J', 'xL2J', 'xL5J', 'xL0J', 'zL21J'}
| | | | | | | +-- , 75 , {77} , {'xL2J', 'zL20J', 'xL0J', 'zL21J'}
| | | | | | | | +-- , 77 , set() , {'yL5J', 'zL20J', 'xL0J'}
| | | | | | +-- , 79 , {81} , {'zL49J', 'xL2J', 'xL0J', 'w15', 'xL7J', 'zL51J', 'zL48J', 'xL5J'}
| | | | | | | +-- , 81 , set() , {'zL49J', 'xL2J', 'zL50J', 'xL7J', 'zL51J'}
| | | | | | +-- , 15 , {17} , {'xL0J', 'zL14J', 'yL14J', 'xL8J', 'xL2J', 'zL56J', 'xL1J', 'xL7J', 'zL70J', 'xL5J', 'xL4J', 'zL71J', 'xL3J', 'zL18J'}
| | | | | | | +-- , 17 , {35, 37, 41, 19, 51, 23, 25, 59, 57} , {'xL2J', 'zL56J', 'xL0J', 'xL7J', 'zL57J', 'xL9J', 'zL14J', 'xL5J', 'xL4J', 'zL71J', 'xL3J', 'xL8J', 'zL18J'}
| | | | | | | | +-- , 35 , set() , {'xL4J', 'xL0J', 'zL6J', 'xL7J', 'xL9J', 'zL4J', 'zL5J', 'w4', 'yL1J', 'zL7J', 'xL8J'}
| | | | | | | | +-- , 37 , {39} , {'zL18J', 'zL19J', 'xL3J', 'xL9J'}
| | | | | | | | | +-- , 39 , set() , {'zL19J', 'w7', 'xL3J'}
| | | | | | | | +-- , 41 , {43} , {'zL76J', 'xL7J', 'xL9J', 'xL5J', 'yL19J', 'xL3J', 'xL8J'}
| | | | | | | | | +-- , 43 , {45} , {'zL77J', 'zL76J', 'xL7J', 'xL5J', 'xL3J', 'xL8J'}
| | | | | | | | | | +-- , 45 , {47} , {'zL77J', 'xL5J', 'xL3J', 'xL8J', 'zL78J'}
| | | | | | | | | | | +-- , 47 , {49} , {'xL5J', 'zL79J', 'xL3J', 'zL78J'}
| | | | | | | | | | | | +-- , 49 , set() , {'zL79J', 'w22', 'xL5J'}
| | | | | | | | +-- , 19 , {21} , {'zL14J', 'zL15J', 'xL0J', 'xL9J'}
| | | | | | | | | +-- , 21 , set() , {'w6', 'zL15J', 'xL0J'}
| | | | | | | | +-- , 51 , {53} , {'xL5J', 'xL0J', 'xL3J', 'zL57J', 'zL58J'}
| | | | | | | | | +-- , 53 , {55} , {'xL0J', 'xL3J', 'zL58J', 'zL59J'}
| | | | | | | | | | +-- , 55 , set() , {'xL0J', 'w17', 'zL59J'}
| | | | | | | | +-- , 23 , set() , {'yL7J', 'xL0J', 'zL30J', 'xL7J', 'w10', 'xL9J', 'zL29J', 'zL31J', 'xL5J', 'zL28J', 'xL8J'}
| | | | | | | | +-- , 25 , {27, 29} , {'zL24J', 'xL2J', 'xL0J', 'xL9J', 'zL25J', 'xL3J', 'xL8J'}
| | | | | | | | | +-- , 27 , set() , {'zL24J', 'xL2J', 'yL6J'}
| | | | | | | | | +-- , 29 , {31} , {'zL26J', 'xL0J', 'zL25J', 'xL3J', 'xL8J'}
| | | | | | | | | | +-- , 31 , {33} , {'zL27J', 'zL26J', 'xL0J', 'xL8J'}
| | | | | | | | | | | +-- , 33 , set() , {'zL27J', 'w9', 'xL8J'}
| | | | | | | | +-- , 59 , set() , {'w20', 'zL71J', 'xL9J'}
| | | | | | | | +-- , 57 , set() , {'yL18J', 'zL75J', 'xL0J', 'w21', 'xL7J', 'xL9J', 'zL74J', 'zL72J', 'xL5J', 'zL73J', 'xL8J'}
| | | | | | +-- , 83 , set() , {'zL16J', 'yL4J', 'xL0J'}
| | | | | | +-- , 85 , set() , {'zL44J', 'yL11J', 'xL0J'}
| | | | | | +-- , 87 , set() , {'w13', 'zL43J', 'xL7J'}
| | | | | | +-- , 61 , {63} , {'xL2J', 'xL6J', 'xL0J', 'yL13J', 'xL1J', 'zL52J', 'zL53J', 'xL8J'}
| | | | | | | +-- , 63 , set() , {'xL2J', 'xL0J', 'xL1J', 'w16', 'zL53J', 'zL54J', 'zL55J'}
| +-- , 101 , {103} , {'xL4J', 'xL2J', 'xL1J', 'zL35J', 'zL34J', 'zL33J', 'xL8J'}
| | +-- , 103 , {105} , {'xL4J', 'zL32J', 'zL33J', 'xL1J'}
| | | +-- , 105 , set() , {'zL32J', 'yL8J', 'xL4J'}
| +-- , 133 , set() , {'xL3J', 'yL17J', 'zL68J'}
| +-- , 107 , set() , {'zL37J', 'zL39J', 'w12', 'xL1J', 'xL7J', 'yL9J', 'zL38J', 'zL36J', 'xL4J', 'xL3J', 'xL8J'}
| +-- , 109 , set() , {'zL23J', 'w8', 'xL7J'}
| +-- , 111 , set() , {'xL2J', 'zL60J', 'xL1J', 'xL7J', 'yL15J', 'zL62J', 'zL63J', 'xL4J', 'w18', 'xL8J', 'zL61J'}
| +-- , 113 , {115} , {'zL41J', 'xL6J', 'zL40J', 'xL3J'}
| | +-- , 115 , set() , {'yL10J', 'zL40J', 'xL3J'}
| +-- , 117 , set() , {'xL4J', 'zL48J', 'yL12J'}
| +-- , 119 , {121, 127} , {'xL2J', 'xL6J', 'zL67J', 'xL7J', 'xL4J', 'zL66J', 'xL8J'}
| | +-- , 121 , {123} , {'xL2J', 'xL6J', 'zL66J', 'zL65J', 'xL8J'}
| | | +-- , 123 , {125} , {'xL6J', 'zL64J', 'zL65J', 'xL8J'}
| | | | +-- , 125 , set() , {'yL16J', 'zL64J', 'xL8J'}
| | +-- , 127 , set() , {'xL4J', 'w19', 'zL67J'}


Max number of edges with non zero Y: 27
Max number of iterations of outer rounding loop: 4
Max number of candidate sets: 2
Time spent rounding: 47.323
Time spent solving Separator LP: 14.265
Total time spent solving: 76.206

LP Solver: GaifmanBoosted
Lower Bound Witness = ({'zL47J', 'zL65J', 'zL45J', 'zL57J', 'zL26J', 'yL10J', 'zL55J', 'zL1J', 'w20', 'w7', 'zL16J', 'zL75J', 'yL8J', 'yL0J', 'xL3J', 'zL77J', 'zL37J', 'zL50J', 'zL2J', 'yL2J', 'w4', 'yL4J', 'zL67J', 'yL13J', 'yL15J', 'zL23J', 'zL52J', 'zL12J', 'zL70J', 'w22', 'zL20J', 'w15', 'yL19J', 'zL79J', 'zL71J', 'zL61J', 'yL18J', 'w3', 'zL60J', 'zL4J', 'zL54J', 'w17', 'zL28J', 'xL8J', 'zL8J', 'zL24J', 'xL6J', 'zL19J', 'zL46J', 'w10', 'zL35J', 'zL15J', 'zL62J', 'yL5J', 'zL36J', 'zL7J', 'w6', 'zL43J', 'zL9J', 'yL16J', 'zL6J', 'yL17J', 'zL68J', 'yL11J', 'xL4J', 'zL40J', 'zL17J', 'zL49J', 'w5', 'zL39J', 'zL44J', 'zL21J', 'w16', 'zL14J', 'yL14J', 'zL34J', 'w18', 'zL41J', 'zL69J', 'zL30J', 'xL1J', 'xL9J', 'zL51J', 'zL31J', 'zL63J', 'yL1J', 'zL33J', 'zL66J', 'w13', 'zL22J', 'w11', 'yL9J', 'zL74J', 'w19', 'zL64J', 'zL59J', 'w14', 'zL42J', 'zL72J', 'zL25J', 'zL13J', 'yL12J', 'zL18J', 'xL0J', 'zL3J', 'zL29J', 'zL53J', 'zL10J', 'zL73J', 'zL0J', 'yL7J', 'w21', 'xL7J', 'zL38J', 'zL48J', 'w8', 'yL6J', 'zL11J', 'zL76J', 'zL5J', 'w9', 'xL2J', 'zL56J', 'zL58J', 'zL78J', 'zL27J', 'yL3J', 'zL32J', 'xL5J', 'w12'}, {'w5', 'xL0J', 'zL60J', 'zL3J', 'yL14J', 'zL73J', 'xL8J', 'w20', 'xL6J', 'xL1J', 'xL7J', 'zL46J', 'zL38J', 'zL48J', 'zL35J', 'zL63J', 'zL33J', 'w8', 'yL2J', 'w19', 'zL7J', 'xL2J', 'zL59J', 'zL6J', 'yL17J', 'zL68J', 'yL15J', 'zL23J', 'zL78J', 'zL72J', 'zL40J', 'yL12J'})