21, 2.8254526551447765, 9.0, 9
+-- , 0 , {5, 45, 47} , {'xL6J', 'xL5J', 'xL37J', 'xL34J', 'xL8J', 'xL38J', 'xL22J', 'xL26J', 'xL39J', 'xL11J', 'xL23J', 'xL33J', 'xL32J', 'xL28J'}
| +-- , 5 , {43, 7} , {'xL6J', 'xL5J', 'xL37J', 'xL12J', 'xL8J', 'xL38J', 'xL26J', 'xL23J', 'xL33J', 'xL32J', 'xL34J', 'xL22J', 'xL39J', 'xL28J'}
| | +-- , 43 , set() , {'xL22J', 'xL12J', 'xL9J', 'xL33J'}
| | +-- , 7 , {41, 11} , {'xL6J', 'xL5J', 'xL37J', 'xL12J', 'xL8J', 'xL0J', 'xL38J', 'xL26J', 'xL23J', 'xL33J', 'xL32J', 'xL34J', 'xL22J', 'xL39J', 'xL27J'}
| | | +-- , 41 , set() , {'xL19J', 'xL6J', 'xL0J'}
| | | +-- , 11 , {35, 39, 15} , {'xL6J', 'xL5J', 'xL37J', 'xL10J', 'xL12J', 'xL8J', 'xL0J', 'xL21J', 'xL26J', 'xL23J', 'xL33J', 'xL32J', 'xL36J', 'xL34J', 'xL22J', 'xL7J', 'xL39J', 'xL27J'}
| | | | +-- , 35 , {37} , {'xL36J', 'xL34J', 'xL8J', 'xL21J', 'xL22J', 'xL15J', 'xL7J'}
| | | | | +-- , 37 , set() , {'xL8J', 'xL21J', 'xL22J', 'xL15J', 'xL16J'}
| | | | +-- , 39 , set() , {'xL24J', 'xL6J', 'xL36J'}
| | | | +-- , 15 , {17, 33, 31} , {'xL37J', 'xL10J', 'xL12J', 'xL0J', 'xL21J', 'xL26J', 'xL23J', 'xL35J', 'xL33J', 'xL32J', 'xL36J', 'xL30J', 'xL22J', 'xL7J', 'xL39J', 'xL27J'}
| | | | | +-- , 17 , {19} , {'xL37J', 'xL10J', 'xL12J', 'xL23J', 'xL35J', 'xL32J', 'xL17J', 'xL30J', 'xL22J', 'xL7J', 'xL39J'}
| | | | | | +-- , 19 , {21, 23, 27} , {'xL37J', 'xL20J', 'xL4J', 'xL10J', 'xL17J', 'xL30J', 'xL22J', 'xL23J', 'xL35J', 'xL39J', 'xL32J', 'xL7J'}
| | | | | | | +-- , 21 , set() , {'xL31J', 'xL37J', 'xL17J', 'xL4J'}
| | | | | | | +-- , 23 , {25} , {'xL2J', 'xL37J', 'xL20J', 'xL4J', 'xL30J', 'xL39J', 'xL32J'}
| | | | | | | | +-- , 25 , set() , {'xL32J', 'xL18J', 'xL2J', 'xL30J'}
| | | | | | | +-- , 27 , {29} , {'xL39J', 'xL17J', 'xL10J', 'xL4J', 'xL3J'}
| | | | | | | | +-- , 29 , set() , {'xL3J', 'xL17J', 'xL1J', 'xL10J'}
| | | | | +-- , 33 , set() , {'xL26J', 'xL25J', 'xL30J', 'xL33J'}
| | | | | +-- , 31 , set() , {'xL14J', 'xL30J'}
| +-- , 45 , set() , {'xL22J', 'xL13J'}
| +-- , 47 , set() , {'xL26J', 'xL11J', 'xL29J'}


Max number of edges with non zero Y: 26
Max number of iterations of outer rounding loop: 7
Max number of candidate sets: 2
Time spent rounding: 31.457
Time spent solving Separator LP: 1.334

LP Solver: GaifmanBoosted