15, 3.9999989967500005, 5.333333333333333, 6
+-- , 0 , {33, 3} , {'29', '38', '73', '55', '52', '27', '80', '44', '25', '43', '45', '35', '58', '87', '88', '13', '28', '71', '5', '46', '2', '4', '42', '0'}
| +-- , 33 , set() , {'2', '29', '4', '38', '73', '60', '55', '43', '0', '71', '5', '88'}
| +-- , 3 , {6} , {'29', '73', '76', '55', '52', '78', '27', '44', '8', '57', '25', '90', '43', '45', '48', '35', '58', '87', '88', '13', '28', '71', '5', '46', '26', '2', '4', '42', '24', '68', '0', '17'}
| | +-- , 6 , {9} , {'29', '73', '72', '1', '84', '76', '55', '62', '52', '78', '27', '69', '44', '8', '57', '25', '90', '43', '45', '48', '35', '58', '65', '87', '88', '54', '64', '13', '28', '71', '5', '46', '26', '2', '4', '42', '81', '24', '0'}
| | | +-- , 9 , {12, 31} , {'29', '72', '1', '73', '84', '76', '55', '62', '52', '78', '27', '44', '8', '57', '25', '90', '43', '48', '11', '58', '21', '87', '88', '54', '13', '28', '71', '5', '59', '46', '26', '2', '4', '42', '81', '24', '36', '3', '0'}
| | | | +-- , 12 , {29, 15} , {'29', '72', '1', '73', '84', '76', '55', '62', '78', '44', '8', '57', '25', '90', '43', '48', '58', '21', '87', '88', '10', '82', '54', '13', '28', '71', '5', '59', '46', '26', '2', '4', '42', '81', '24'}
| | | | | +-- , 29 , set() , {'82', '6', '33', '42', '84', '40', '90', '13', '28', '58', '26', '10'}
| | | | | +-- , 15 , {17, 27} , {'29', '72', '1', '73', '37', '76', '55', '62', '78', '44', '8', '57', '25', '90', '83', '43', '48', '58', '89', '21', '87', '88', '10', '82', '54', '13', '71', '5', '59', '46', '2', '4', '81', '24'}
| | | | | | +-- , 17 , {19, 21, 23, 25} , {'29', '1', '73', '82', '12', '76', '55', '54', '62', '71', '78', '5', '59', '46', '34', '25', '2', '4', '61', '81', '90', '24', '58', '89', '21', '88', '10'}
| | | | | | | +-- , 19 , set() , {'4', '12', '61', '91', '76', '62', '9', '39', '58', '89', '79', '59'}
| | | | | | | +-- , 21 , set() , {'2', '51', '1', '61', '34', '21', '24', '76', '71', '5', '46', '88'}
| | | | | | | +-- , 23 , set() , {'25', '73', '15', '12', '81', '56', '24', '71', '78', '59', '92'}
| | | | | | | +-- , 25 , set() , {'34', '82', '29', '90', '55', '54', '14', '23', '63', '74', '59', '10'}
| | | | | | +-- , 27 , set() , {'1', '31', '8', '66', '83', '76', '13', '62', '22', '48', '58', '44', '57'}
| | | | +-- , 31 , set() , {'25', '1', '73', '21', '72', '90', '36', '67', '11', '27', '70'}


Max number of edges with non zero Y: 6
Max number of iterations of outer rounding loop: 0
Max number of candidate sets: 0
Time spent rounding: 0.000
Time spent solving Separator LP: 39.748
Total time spent solving: 42.593

LP Solver: GaifmanNormalILP
Lower Bound Witness = ({'29', '72', '1', '73', '37', '84', '91', '76', '55', '62', '23', '14', '63', '78', '44', '8', '57', '25', '6', '33', '90', '83', '43', '48', '58', '74', '89', '21', '87', '88', '10', '82', '12', '66', '15', '56', '54', '13', '28', '71', '79', '5', '59', '46', '26', '34', '2', '4', '61', '51', '42', '81', '24', '31', '40', '22', '9', '39', '92'}, {'29', '72', '1', '73', '84', '76', '55', '62', '78', '44', '8', '57', '25', '90', '43', '48', '58', '21', '87', '88', '10', '54', '13', '28', '71', '5', '59', '46', '26', '2', '4', '42', '81', '24'})