12, 1.9649678865604288, 5.5, 8
+-- , 0 , {27, 3} , {'72', '1', '73', '84', '76', '54', '62', '64', '78', '27', '69', '5', '46', '2', '25', '51', '61', '81', '90', '24', '36', '45', '11', '35', '65', '21', '88'}
| +-- , 27 , set() , {'25', '1', '73', '21', '72', '90', '36', '67', '11', '27', '70'}
| +-- , 3 , {5} , {'72', '1', '73', '84', '76', '62', '78', '27', '25', '90', '45', '11', '35', '21', '88', '54', '71', '5', '46', '34', '2', '61', '51', '81', '24', '36'}
| | +-- , 5 , {8} , {'72', '1', '73', '84', '76', '62', '78', '27', '25', '6', '33', '90', '45', '11', '35', '58', '21', '88', '10', '82', '54', '13', '28', '71', '5', '46', '26', '34', '2', '61', '42', '81', '24', '36', '40'}
| | | +-- , 8 , {11, 13} , {'72', '1', '73', '76', '62', '78', '27', '25', '90', '45', '11', '35', '58', '89', '21', '88', '10', '82', '54', '13', '28', '71', '5', '59', '46', '26', '34', '2', '61', '42', '81', '4', '24', '36'}
| | | | +-- , 11 , set() , {'73', '91', '76', '62', '78', '25', '58', '89', '12', '15', '56', '71', '79', '59', '4', '61', '81', '24', '9', '39', '92'}
| | | | +-- , 13 , {17, 25} , {'29', '72', '1', '73', '76', '62', '78', '27', '25', '90', '45', '43', '11', '35', '58', '89', '21', '88', '10', '82', '54', '13', '28', '71', '5', '59', '46', '26', '34', '2', '4', '42', '24', '36', '0'}
| | | | | +-- , 17 , {19, 21, 23} , {'29', '72', '1', '73', '37', '76', '62', '52', '78', '27', '44', '25', '90', '83', '43', '45', '48', '11', '35', '58', '89', '21', '87', '10', '13', '28', '59', '46', '26', '42', '24', '36', '0'}
| | | | | | +-- , 19 , set() , {'1', '73', '76', '62', '78', '44', '57', '8', '90', '83', '48', '58', '66', '13', '26', '31', '24', '68', '0', '22', '17'}
| | | | | | +-- , 21 , set() , {'25', '42', '45', '13', '35', '28', '58', '52', '27', '87', '80', '46', '44'}
| | | | | | +-- , 23 , set() , {'25', '90', '36', '3', '13', '0', '11', '52', '21', '59', '46'}
| | | | | +-- , 25 , set() , {'29', '38', '73', '55', '14', '23', '63', '90', '43', '74', '88', '10', '82', '54', '71', '5', '59', '34', '2', '4', '60', '0'}


Max number of edges with non zero Y: 12
Max number of iterations of outer rounding loop: 5
Max number of candidate sets: 2
Time spent rounding: 22.829
Time spent solving Separator LP: 4.070
Total time spent solving: 31.781

LP Solver: GaifmanNormal
Lower Bound Witness = ({'29', '72', '1', '38', '37', '73', '76', '55', '14', '62', '23', '63', '52', '78', '27', '80', '44', '8', '57', '25', '90', '83', '43', '45', '48', '11', '35', '58', '74', '89', '21', '87', '88', '10', '82', '66', '54', '13', '28', '71', '5', '59', '46', '26', '34', '2', '4', '42', '31', '24', '60', '36', '3', '68', '0', '22', '17'}, {'29', '72', '1', '73', '76', '62', '78', '27', '25', '90', '45', '11', '35', '58', '89', '21', '88', '10', '82', '54', '13', '28', '71', '5', '59', '46', '26', '34', '2', '4', '42', '24', '36', '0'})