19, 2.6219208651617887, 9.5, 11
+-- , 0 , {9, 44, 46} , {'xL27J', 'xL9J', 'xL39J', 'xL19J', 'xL16J', 'xL37J', 'xL6J', 'xL21J', 'xL36J', 'xL28J', 'xL3J', 'xL5J', 'xL32J', 'xL10J', 'xL33J', 'xL17J'}
| +-- , 9 , {12} , {'xL27J', 'xL9J', 'xL39J', 'xL16J', 'xL37J', 'xL6J', 'xL21J', 'xL29J', 'xL28J', 'xL36J', 'xL4J', 'xL3J', 'xL5J', 'xL32J', 'xL10J', 'xL33J', 'xL17J'}
| | +-- , 12 , {16} , {'xL27J', 'xL9J', 'xL39J', 'xL31J', 'xL16J', 'xL37J', 'xL6J', 'xL21J', 'xL29J', 'xL28J', 'xL36J', 'xL4J', 'xL3J', 'xL1J', 'xL22J', 'xL5J', 'xL32J', 'xL10J', 'xL17J'}
| | | +-- , 16 , {18, 42} , {'xL27J', 'xL39J', 'xL31J', 'xL16J', 'xL37J', 'xL6J', 'xL21J', 'xL29J', 'xL1J', 'xL28J', 'xL36J', 'xL3J', 'xL24J', 'xL4J', 'xL22J', 'xL5J', 'xL32J', 'xL10J', 'xL17J'}
| | | | +-- , 18 , {40, 20} , {'xL27J', 'xL39J', 'xL16J', 'xL37J', 'xL21J', 'xL29J', 'xL28J', 'xL36J', 'xL1J', 'xL4J', 'xL3J', 'xL11J', 'xL24J', 'xL22J', 'xL5J', 'xL32J', 'xL10J', 'xL17J'}
| | | | | +-- , 40 , set() , {'xL11J', 'xL12J', 'xL16J', 'xL29J', 'xL17J', 'xL28J'}
| | | | | +-- , 20 , {28, 22} , {'xL27J', 'xL39J', 'xL23J', 'xL16J', 'xL37J', 'xL21J', 'xL29J', 'xL1J', 'xL4J', 'xL3J', 'xL24J', 'xL11J', 'xL22J', 'xL5J', 'xL32J', 'xL10J', 'xL17J'}
| | | | | | +-- , 28 , {30} , {'xL27J', 'xL39J', 'xL23J', 'xL37J', 'xL18J', 'xL29J', 'xL1J', 'xL4J', 'xL3J', 'xL24J', 'xL11J', 'xL22J', 'xL5J', 'xL32J', 'xL17J'}
| | | | | | | +-- , 30 , {32} , {'xL27J', 'xL23J', 'xL37J', 'xL18J', 'xL29J', 'xL1J', 'xL4J', 'xL3J', 'xL11J', 'xL32J', 'xL17J', 'xL26J'}
| | | | | | | | +-- , 32 , {34, 36} , {'xL26J', 'xL27J', 'xL30J', 'xL23J', 'xL37J', 'xL32J', 'xL18J', 'xL29J', 'xL17J', 'xL1J', 'xL4J'}
| | | | | | | | | +-- , 34 , set() , {'xL27J', 'xL23J', 'xL13J', 'xL18J', 'xL30J'}
| | | | | | | | | +-- , 36 , {38} , {'xL26J', 'xL0J', 'xL30J', 'xL37J', 'xL34J', 'xL29J', 'xL17J', 'xL1J', 'xL4J'}
| | | | | | | | | | +-- , 38 , set() , {'xL0J', 'xL37J', 'xL14J', 'xL34J', 'xL4J'}
| | | | | | +-- , 22 , {24} , {'xL11J', 'xL20J', 'xL22J', 'xL23J', 'xL16J', 'xL10J', 'xL21J', 'xL17J', 'xL24J'}
| | | | | | | +-- , 24 , {26} , {'xL11J', 'xL20J', 'xL15J', 'xL23J', 'xL21J', 'xL17J', 'xL24J'}
| | | | | | | | +-- , 26 , set() , {'xL20J', 'xL15J', 'xL38J', 'xL23J', 'xL21J'}
| | | | +-- , 42 , set() , {'xL31J', 'xL37J', 'xL32J', 'xL28J', 'xL2J', 'xL35J', 'xL29J', 'xL36J', 'xL25J', 'xL24J'}
| +-- , 44 , set() , {'xL7J', 'xL6J'}
| +-- , 46 , set() , {'xL37J', 'xL8J'}


Max number of edges with non zero Y: 30
Max number of iterations of outer rounding loop: 5
Max number of candidate sets: 2
Time spent rounding: 54.171
Time spent solving Separator LP: 1.465

LP Solver: GaifmanBoosted