21, 2.6272045939911797, 8.0, 8
+-- , 0 , {3, 7, 43, 45} , {'xL27J', 'xL11J', 'xL1J', 'xL38J', 'xL31J', 'xL29J', 'xL37J', 'xL2J', 'xL36J', 'xL6J', 'xL21J', 'xL17J', 'xL30J', 'xL4J', 'xL24J'}
| +-- , 3 , set() , {'xL37J', 'xL2J', 'xL25J'}
| +-- , 7 , {10} , {'xL27J', 'xL38J', 'xL31J', 'xL37J', 'xL2J', 'xL6J', 'xL29J', 'xL30J', 'xL1J', 'xL4J', 'xL24J', 'xL11J', 'xL20J', 'xL15J', 'xL32J', 'xL17J'}
| | +-- , 10 , {12} , {'xL27J', 'xL38J', 'xL13J', 'xL31J', 'xL37J', 'xL2J', 'xL6J', 'xL29J', 'xL30J', 'xL1J', 'xL4J', 'xL24J', 'xL11J', 'xL20J', 'xL32J', 'xL17J'}
| | | +-- , 12 , {18, 14} , {'xL38J', 'xL13J', 'xL31J', 'xL37J', 'xL2J', 'xL6J', 'xL29J', 'xL1J', 'xL4J', 'xL30J', 'xL24J', 'xL11J', 'xL20J', 'xL32J', 'xL17J', 'xL26J'}
| | | | +-- , 18 , {41, 21} , {'xL38J', 'xL13J', 'xL31J', 'xL37J', 'xL2J', 'xL18J', 'xL6J', 'xL29J', 'xL28J', 'xL4J', 'xL24J', 'xL11J', 'xL20J', 'xL32J', 'xL17J', 'xL26J'}
| | | | | +-- , 41 , set() , {'xL2J', 'xL35J', 'xL29J', 'xL28J', 'xL24J'}
| | | | | +-- , 21 , {23} , {'xL38J', 'xL23J', 'xL13J', 'xL31J', 'xL37J', 'xL18J', 'xL6J', 'xL29J', 'xL28J', 'xL4J', 'xL24J', 'xL11J', 'xL20J', 'xL32J', 'xL17J', 'xL26J'}
| | | | | | +-- , 23 , {25} , {'xL23J', 'xL31J', 'xL37J', 'xL18J', 'xL6J', 'xL29J', 'xL28J', 'xL4J', 'xL24J', 'xL11J', 'xL20J', 'xL22J', 'xL32J', 'xL17J', 'xL26J'}
| | | | | | | +-- , 25 , {27, 39} , {'xL23J', 'xL37J', 'xL18J', 'xL6J', 'xL29J', 'xL28J', 'xL4J', 'xL24J', 'xL11J', 'xL20J', 'xL22J', 'xL5J', 'xL32J', 'xL33J', 'xL17J', 'xL26J'}
| | | | | | | | +-- , 27 , {29} , {'xL39J', 'xL23J', 'xL18J', 'xL6J', 'xL29J', 'xL28J', 'xL4J', 'xL11J', 'xL20J', 'xL22J', 'xL5J', 'xL32J', 'xL33J', 'xL17J', 'xL26J'}
| | | | | | | | | +-- , 29 , {37, 31} , {'xL39J', 'xL19J', 'xL23J', 'xL6J', 'xL29J', 'xL28J', 'xL4J', 'xL11J', 'xL20J', 'xL22J', 'xL32J', 'xL33J', 'xL17J', 'xL26J'}
| | | | | | | | | | +-- , 37 , set() , {'xL22J', 'xL9J', 'xL19J', 'xL29J', 'xL33J'}
| | | | | | | | | | +-- , 31 , {33, 35} , {'xL26J', 'xL11J', 'xL20J', 'xL39J', 'xL19J', 'xL23J', 'xL16J', 'xL32J', 'xL29J', 'xL17J', 'xL28J', 'xL4J'}
| | | | | | | | | | | +-- , 33 , set() , {'xL11J', 'xL12J', 'xL16J', 'xL29J', 'xL17J', 'xL28J'}
| | | | | | | | | | | +-- , 35 , set() , {'xL39J', 'xL23J', 'xL16J', 'xL26J', 'xL3J'}
| | | | | | | | +-- , 39 , set() , {'xL20J', 'xL22J', 'xL5J', 'xL10J', 'xL33J'}
| | | | +-- , 14 , {16} , {'xL26J', 'xL0J', 'xL30J', 'xL37J', 'xL34J', 'xL29J', 'xL17J', 'xL1J', 'xL4J'}
| | | | | +-- , 16 , set() , {'xL0J', 'xL37J', 'xL14J', 'xL34J', 'xL4J'}
| +-- , 43 , set() , {'xL37J', 'xL8J'}
| +-- , 45 , set() , {'xL7J', 'xL6J'}


Max number of edges with non zero Y: 24
Max number of iterations of outer rounding loop: 6
Max number of candidate sets: 2
Time spent rounding: 31.920
Time spent solving Separator LP: 0.630

LP Solver: GaifmanNormal