21, 5.499999, 8.0, 8
+-- , 0 , {35, 37, 5, 43, 45} , {'xL20J', 'xL22J', 'xL39J', 'xL5J', 'xL19J', 'xL31J', 'xL16J', 'xL37J', 'xL32J', 'xL14J', 'xL6J', 'xL29J'}
| +-- , 35 , set() , {'xL7J', 'xL6J'}
| +-- , 37 , {41, 39} , {'xL20J', 'xL22J', 'xL5J', 'xL19J', 'xL29J', 'xL33J'}
| | +-- , 41 , set() , {'xL20J', 'xL22J', 'xL5J', 'xL10J', 'xL33J'}
| | +-- , 39 , set() , {'xL22J', 'xL9J', 'xL19J', 'xL29J', 'xL33J'}
| +-- , 5 , {7} , {'xL39J', 'xL31J', 'xL16J', 'xL37J', 'xL18J', 'xL6J', 'xL29J', 'xL24J', 'xL20J', 'xL22J', 'xL5J', 'xL32J', 'xL14J'}
| | +-- , 7 , {10} , {'xL39J', 'xL31J', 'xL16J', 'xL37J', 'xL18J', 'xL6J', 'xL29J', 'xL28J', 'xL3J', 'xL24J', 'xL20J', 'xL22J', 'xL32J', 'xL14J'}
| | | +-- , 10 , {12} , {'xL31J', 'xL16J', 'xL37J', 'xL18J', 'xL6J', 'xL29J', 'xL28J', 'xL3J', 'xL24J', 'xL20J', 'xL22J', 'xL32J', 'xL14J', 'xL17J'}
| | | | +-- , 12 , {15} , {'xL23J', 'xL13J', 'xL31J', 'xL16J', 'xL37J', 'xL18J', 'xL6J', 'xL29J', 'xL28J', 'xL3J', 'xL24J', 'xL20J', 'xL32J', 'xL14J', 'xL17J', 'xL26J'}
| | | | | +-- , 15 , {17, 33} , {'xL23J', 'xL13J', 'xL31J', 'xL16J', 'xL37J', 'xL6J', 'xL29J', 'xL36J', 'xL28J', 'xL24J', 'xL20J', 'xL32J', 'xL14J', 'xL17J', 'xL26J'}
| | | | | | +-- , 17 , {19, 29, 31} , {'xL23J', 'xL13J', 'xL31J', 'xL16J', 'xL34J', 'xL29J', 'xL28J', 'xL36J', 'xL1J', 'xL24J', 'xL20J', 'xL32J', 'xL14J', 'xL17J', 'xL26J'}
| | | | | | | +-- , 19 , {21, 23} , {'xL23J', 'xL13J', 'xL16J', 'xL29J', 'xL1J', 'xL28J', 'xL36J', 'xL24J', 'xL11J', 'xL20J', 'xL32J', 'xL17J', 'xL26J'}
| | | | | | | | +-- , 21 , set() , {'xL11J', 'xL12J', 'xL16J', 'xL29J', 'xL17J', 'xL28J'}
| | | | | | | | +-- , 23 , {25} , {'xL11J', 'xL20J', 'xL15J', 'xL23J', 'xL13J', 'xL32J', 'xL17J', 'xL36J', 'xL24J'}
| | | | | | | | | +-- , 25 , {27} , {'xL27J', 'xL20J', 'xL15J', 'xL23J', 'xL13J', 'xL32J', 'xL21J', 'xL17J', 'xL36J'}
| | | | | | | | | | +-- , 27 , set() , {'xL20J', 'xL15J', 'xL38J', 'xL23J', 'xL21J'}
| | | | | | | +-- , 29 , set() , {'xL14J', 'xL1J', 'xL26J', 'xL0J'}
| | | | | | | +-- , 31 , set() , {'xL1J', 'xL13J', 'xL32J', 'xL34J', 'xL30J'}
| | | | | | +-- , 33 , set() , {'xL31J', 'xL37J', 'xL32J', 'xL28J', 'xL2J', 'xL35J', 'xL29J', 'xL36J', 'xL25J', 'xL24J'}
| +-- , 43 , set() , {'xL37J', 'xL8J'}
| +-- , 45 , set() , {'xL39J', 'xL16J', 'xL14J', 'xL37J', 'xL4J'}


Max number of edges with non zero Y: 7
Max number of iterations of outer rounding loop: 0
Max number of candidate sets: 0
Time spent rounding: 0.000
Time spent solving Separator LP: 12.968

LP Solver: GaifmanNormalILP