17, 3.006311223986712, 8.238095238095239, 9
+-- , 0 , {33, 3, 27, 29, 31} , {'52', '3', '57', '7', '14', '30', '33', '46', '48', '29', '68', '15', '69', '47', '20', '19', '56', '18', '21', '32', '51', '16', '10', '2', '4', '62', '42', '55', '8', '67', '40', '36', '22', '23', '26'}
| +-- , 33 , set() , {'39', '69', '36', '32', '68', '56', '26'}
| +-- , 3 , {23, 5, 21, 25} , {'52', '3', '57', '26', '7', '14', '30', '33', '46', '48', '29', '68', '15', '69', '47', '20', '19', '56', '18', '21', '32', '51', '38', '70', '16', '10', '72', '6', '5', '2', '4', '62', '42', '55', '8', '40', '36', '22', '23', '35'}
| | +-- , 23 , set() , {'42', '69', '64', '6', '34', '48'}
| | +-- , 5 , {7} , {'52', '57', '7', '14', '30', '33', '46', '29', '68', '15', '69', '47', '20', '19', '18', '21', '32', '51', '38', '70', '16', '72', '6', '5', '2', '4', '62', '42', '12', '55', '8', '40', '36', '22', '23', '35'}
| | | +-- , 7 , {9} , {'52', '7', '41', '14', '30', '33', '13', '46', '68', '29', '15', '69', '47', '20', '18', '49', '21', '11', '51', '38', '70', '16', '72', '6', '2', '4', '42', '12', '8', '40', '36', '22', '23', '35'}
| | | | +-- , 9 , {11} , {'52', '41', '14', '30', '33', '46', '29', '68', '15', '69', '47', '49', '21', '16', '51', '38', '70', '72', '6', '2', '4', '27', '42', '12', '8', '40', '36', '22', '23', '35'}
| | | | | +-- , 11 , {13} , {'41', '14', '30', '33', '50', '46', '29', '68', '15', '69', '47', '49', '21', '51', '38', '70', '72', '6', '2', '4', '27', '42', '12', '8', '40', '36', '22', '23', '35'}
| | | | | | +-- , 13 , {15} , {'41', '14', '30', '33', '9', '50', '46', '29', '68', '69', '49', '21', '51', '38', '70', '72', '6', '2', '4', '27', '42', '12', '8', '40', '36', '22', '23', '35'}
| | | | | | | +-- , 15 , {17, 19} , {'41', '14', '30', '33', '9', '63', '50', '29', '68', '69', '49', '21', '61', '51', '38', '70', '72', '6', '2', '4', '27', '42', '12', '8', '40', '22', '23', '35'}
| | | | | | | | +-- , 17 , set() , {'59', '8', '14', '4', '30', '21', '50', '63', '40', '27', '28', '35'}
| | | | | | | | +-- , 19 , set() , {'41', '45', '33', '30', '63', '29', '69', '65', '21', '61', '51', '38', '70', '72', '6', '2', '1', '44', '42', '37', '60', '8', '0', '40', '25'}
| | +-- , 21 , set() , {'66', '23', '15', '10', '72', '3', '5', '24', '40', '68', '16', '38'}
| | +-- , 25 , set() , {'10', '69', '3', '2', '17', '18', '58', '48', '32', '29', '35', '70'}
| +-- , 27 , set() , {'10', '20', '7', '54', '18', '46', '62'}
| +-- , 29 , set() , {'22', '55', '2', '53', '46', '48', '16'}
| +-- , 31 , set() , {'15', '42', '55', '43', '8', '14', '22'}


Max number of edges with non zero Y: 26
Max number of iterations of outer rounding loop: 6
Max number of candidate sets: 2
Time spent rounding: 17.880
Time spent solving Separator LP: 9.328
Total time spent solving: 30.533

LP Solver: GaifmanBoosted
Lower Bound Witness = ({'52', '3', '57', '26', '7', '41', '14', '45', '30', '33', '9', '63', '50', '46', '13', '48', '68', '29', '66', '15', '69', '64', '47', '65', '20', '19', '56', '24', '18', '49', '21', '61', '34', '11', '32', '28', '51', '38', '70', '16', '10', '72', '6', '5', '2', '1', '44', '4', '58', '27', '62', '42', '12', '37', '59', '55', '60', '8', '17', '0', '40', '36', '22', '23', '35', '25'}, {'52', '3', '57', '7', '14', '30', '33', '46', '48', '29', '68', '15', '69', '47', '20', '19', '56', '18', '21', '32', '51', '16', '10', '2', '4', '62', '42', '55', '8', '40', '36', '22', '23', '26'})