13, 1.9253426922196826, 6.5, 7
+-- , 0 , {7, 27, 29} , {'xL1J', 'xL10J', 'xL2J', 'xL19J', 'xL22J', 'xL23J', 'xL12J', 'xL9J', 'xL3J', 'xL17J', 'xL21J', 'xL8J'}
| +-- , 7 , {9} , {'xL5J', 'xL10J', 'xL19J', 'xL23J', 'xL17J', 'xL8J', 'xL1J', 'xL2J', 'xL22J', 'xL12J', 'xL9J', 'xL3J'}
| | +-- , 9 , {11, 15} , {'xL5J', 'xL10J', 'xL19J', 'xL13J', 'xL23J', 'xL15J', 'xL17J', 'xL8J', 'xL1J', 'xL2J', 'xL22J', 'xL12J', 'xL3J'}
| | | +-- , 11 , {13} , {'xL2J', 'xL22J', 'xL13J', 'xL15J', 'xL6J', 'xL8J'}
| | | | +-- , 13 , set() , {'xL8J', 'xL22J', 'xL18J', 'xL6J'}
| | | +-- , 15 , {17} , {'xL11J', 'xL13J', 'xL23J', 'xL15J', 'xL17J', 'xL8J', 'xL1J', 'xL2J', 'xL22J', 'xL12J', 'xL3J'}
| | | | +-- , 17 , {19, 23} , {'xL11J', 'xL1J', 'xL0J', 'xL2J', 'xL22J', 'xL13J', 'xL12J', 'xL15J', 'xL17J', 'xL8J'}
| | | | | +-- , 19 , {21} , {'xL7J', 'xL0J', 'xL2J', 'xL22J', 'xL12J', 'xL15J', 'xL8J'}
| | | | | | +-- , 21 , set() , {'xL7J', 'xL12J', 'xL4J', 'xL2J'}
| | | | | +-- , 23 , {25} , {'xL24J', 'xL1J', 'xL0J', 'xL12J'}
| | | | | | +-- , 25 , set() , {'xL24J', 'xL14J'}
| +-- , 27 , set() , {'xL1J', 'xL12J', 'xL20J', 'xL2J'}
| +-- , 29 , set() , {'xL17J', 'xL16J'}


Max number of edges with non zero Y: 19
Max number of iterations of outer rounding loop: 6
Max number of candidate sets: 2
Time spent rounding: 41.667
Time spent solving Separator LP: 0.796

LP Solver: GaifmanNormal