14, 0, 12.0, 14
+-- , 0 , {13, 38} , {'xL16J', 'xL45J', 'xL41J', 'xL49J', 'xL18J', 'xL2J', 'xL32J', 'xL23J', 'xL24J', 'xL26J', 'xL17J', 'xL22J', 'xL13J', 'xL29J', 'xL1J', 'xL33J', 'xL11J', 'xL25J', 'xL36J', 'xL43J', 'xL34J', 'xL38J', 'xL27J', 'xL19J', 'xL10J', 'xL37J', 'xL44J', 'xL12J', 'xL8J', 'xL14J', 'xL4J', 'xL39J'}
| +-- , 13 , {16, 36} , {'xL45J', 'xL41J', 'xL49J', 'xL18J', 'xL2J', 'xL32J', 'xL23J', 'xL24J', 'xL26J', 'xL17J', 'xL42J', 'xL13J', 'xL29J', 'xL1J', 'xL20J', 'xL33J', 'xL11J', 'xL25J', 'xL36J', 'xL43J', 'xL34J', 'xL38J', 'xL27J', 'xL19J', 'xL9J', 'xL10J', 'xL37J', 'xL44J', 'xL12J', 'xL8J', 'xL14J', 'xL46J', 'xL4J', 'xL39J'}
| | +-- , 16 , {18, 34} , {'xL45J', 'xL49J', 'xL18J', 'xL2J', 'xL32J', 'xL23J', 'xL24J', 'xL26J', 'xL17J', 'xL42J', 'xL13J', 'xL29J', 'xL1J', 'xL20J', 'xL33J', 'xL11J', 'xL25J', 'xL15J', 'xL36J', 'xL43J', 'xL34J', 'xL38J', 'xL27J', 'xL19J', 'xL9J', 'xL10J', 'xL37J', 'xL12J', 'xL8J', 'xL14J', 'xL46J', 'xL4J', 'xL39J'}
| | | +-- , 18 , {20} , {'xL47J', 'xL45J', 'xL49J', 'xL18J', 'xL2J', 'xL32J', 'xL23J', 'xL24J', 'xL26J', 'xL35J', 'xL42J', 'xL13J', 'xL29J', 'xL20J', 'xL33J', 'xL11J', 'xL25J', 'xL15J', 'xL36J', 'xL43J', 'xL34J', 'xL38J', 'xL27J', 'xL9J', 'xL10J', 'xL37J', 'xL12J', 'xL8J', 'xL14J', 'xL46J', 'xL4J', 'xL39J'}
| | | | +-- , 20 , {22} , {'xL47J', 'xL45J', 'xL2J', 'xL32J', 'xL23J', 'xL24J', 'xL6J', 'xL26J', 'xL35J', 'xL42J', 'xL13J', 'xL29J', 'xL20J', 'xL33J', 'xL11J', 'xL25J', 'xL15J', 'xL36J', 'xL43J', 'xL34J', 'xL38J', 'xL27J', 'xL9J', 'xL10J', 'xL37J', 'xL12J', 'xL8J', 'xL14J', 'xL46J', 'xL4J', 'xL39J'}
| | | | | +-- , 22 , {24, 26} , {'xL47J', 'xL2J', 'xL32J', 'xL23J', 'xL24J', 'xL6J', 'xL26J', 'xL35J', 'xL42J', 'xL13J', 'xL29J', 'xL20J', 'xL48J', 'xL11J', 'xL25J', 'xL15J', 'xL36J', 'xL43J', 'xL34J', 'xL38J', 'xL27J', 'xL9J', 'xL10J', 'xL37J', 'xL12J', 'xL8J', 'xL14J', 'xL46J', 'xL4J', 'xL39J'}
| | | | | | +-- , 24 , set() , {'xL48J', 'xL11J', 'xL15J', 'xL25J', 'xL10J', 'xL9J', 'xL36J', 'xL42J', 'xL12J', 'xL23J', 'xL38J', 'xL3J', 'xL5J'}
| | | | | | +-- , 26 , {28} , {'xL47J', 'xL2J', 'xL32J', 'xL6J', 'xL26J', 'xL35J', 'xL42J', 'xL13J', 'xL29J', 'xL20J', 'xL48J', 'xL15J', 'xL43J', 'xL34J', 'xL9J', 'xL37J', 'xL7J', 'xL46J', 'xL8J', 'xL14J', 'xL4J', 'xL39J'}
| | | | | | | +-- , 28 , {32, 30} , {'xL48J', 'xL47J', 'xL30J', 'xL43J', 'xL34J', 'xL6J', 'xL26J', 'xL9J', 'xL37J', 'xL35J', 'xL7J', 'xL42J', 'xL13J', 'xL29J', 'xL8J', 'xL14J', 'xL4J', 'xL39J', 'xL20J'}
| | | | | | | | +-- , 32 , set() , {'xL6J', 'xL47J', 'xL37J', 'xL30J', 'xL42J', 'xL34J', 'xL8J', 'xL4J', 'xL28J'}
| | | | | | | | +-- , 30 , set() , {'xL48J', 'xL0J', 'xL9J', 'xL35J', 'xL7J', 'xL30J', 'xL13J', 'xL14J', 'xL4J', 'xL20J'}
| | | +-- , 34 , set() , {'xL19J', 'xL15J', 'xL26J', 'xL45J', 'xL37J', 'xL17J', 'xL43J', 'xL32J', 'xL46J', 'xL40J', 'xL1J', 'xL39J'}
| | +-- , 36 , set() , {'xL41J', 'xL21J', 'xL36J', 'xL2J', 'xL46J', 'xL14J', 'xL13J', 'xL29J', 'xL44J', 'xL20J'}
| +-- , 38 , set() , {'xL24J', 'xL11J', 'xL25J', 'xL37J', 'xL12J', 'xL31J', 'xL38J'}


Max number of edges with non zero Y: 57
Max number of iterations of outer rounding loop: 15
Max number of candidate sets: 2
Time spent rounding: 109.847
Time spent solving Separator LP: 0.137

LP Solver: gammaPlusFractionalCoverHeuristic