15, 0, 4.333333333333333, 5
+-- , 12 , {10} , {'3', '2', '17', '19', '31', '44'}
| +-- , 10 , {8, 14} , {'21', '30', '3', '25', '18', '14', '44', '26', '16', '2', '5', '22', '17', '0', '32', '1', '45'}
| | +-- , 8 , {5} , {'21', '10', '30', '3', '25', '13', '18', '14', '26', '16', '2', '5', '22', '17', '0', '32', '1', '45'}
| | | +-- , 5 , {3} , {'38', '21', '10', '3', '25', '13', '18', '14', '26', '16', '2', '22', '7', '0', '32', '1', '45'}
| | | | +-- , 3 , {0} , {'21', '10', '3', '25', '13', '24', '18', '14', '26', '16', '22', '0', '1', '45'}
| | | | | +-- , 0 , {26, 30} , {'21', '16', '13', '0', '4', '18', '1', '45'}
| | | | | | +-- , 26 , {28} , {'34', '29', '21', '11', '0', '6', '18', '4', '12', '8', '1', '45'}
| | | | | | | +-- , 28 , set() , {'11', '0', '8', '1', '41'}
| | | | | | +-- , 30 , set() , {'16', '13', '35', '15', '4'}
| | +-- , 14 , {24, 16} , {'21', '30', '3', '43', '25', '14', '44', '26', '2', '5', '22', '0', '1', '45'}
| | | +-- , 24 , set() , {'26', '21', '43', '5', '9'}
| | | +-- , 16 , {18, 20} , {'21', '30', '3', '43', '25', '40', '14', '44', '26', '2', '22', '0', '1', '45'}
| | | | +-- , 18 , set() , {'21', '2', '40', '22', '42'}
| | | | +-- , 20 , {22} , {'30', '3', '43', '25', '40', '33', '14', '44', '26', '0', '1', '45'}
| | | | | +-- , 22 , set() , {'26', '3', '25', '0', '33', '28', '14', '1', '45'}


Max number of edges with non zero Y: 15
Max number of iterations of outer rounding loop: 4
Max number of candidate sets: 2
Time spent rounding: 1.414
Time spent solving Separator LP: 0.026
Total time spent solving: 1.984

LP Solver: gammaPlusFractionalCoverHeuristic
Number of Rounding Attemps: 8
Lower Bound Witness = ({'43', '40', '13', '24', '28', '4', '8', '14', '41', '9', '29', '16', '11', '5', '17', '15', '32', '19', '1', '34', '38', '21', '10', '30', '3', '25', '33', '6', '18', '12', '31', '44', '26', '2', '22', '7', '35', '0', '42', '45'}, {'16', '25', '17', '15', '41'})