26, 4.5, 6.5, 7
+-- , 0 , {51, 53, 55, 6, 31} , {'xL14J', 'xL0J', 'xL16J', 'xL12J', 'xL36J', 'xL8J', 'xL37J', 'xL32J', 'xL25J', 'xL26J', 'xL11J'}
| +-- , 51 , set() , {'xL29J', 'xL16J'}
| +-- , 53 , set() , {'xL28J', 'xL16J'}
| +-- , 55 , set() , {'xL11J', 'xL34J'}
| +-- , 6 , {19, 23, 9} , {'xL14J', 'xL8J', 'xL0J', 'xL16J', 'xL32J', 'xL12J', 'xL25J', 'xL26J', 'xL31J', 'xL11J', 'xL2J', 'xL36J', 'xL33J'}
| | +-- , 19 , {21} , {'xL21J', 'xL8J', 'xL16J', 'xL33J', 'xL12J', 'xL25J', 'xL31J', 'xL9J'}
| | | +-- , 21 , set() , {'xL21J', 'xL8J', 'xL16J', 'xL19J', 'xL12J', 'xL33J'}
| | +-- , 23 , {25} , {'xL14J', 'xL16J', 'xL32J', 'xL11J', 'xL17J', 'xL33J'}
| | | +-- , 25 , {27} , {'xL14J', 'xL16J', 'xL32J', 'xL11J', 'xL17J', 'xL5J'}
| | | | +-- , 27 , {29} , {'xL14J', 'xL11J', 'xL5J', 'xL3J'}
| | | | | +-- , 29 , set() , {'xL14J', 'xL10J', 'xL3J'}
| | +-- , 9 , {11} , {'xL14J', 'xL8J', 'xL0J', 'xL16J', 'xL32J', 'xL20J', 'xL26J', 'xL31J', 'xL33J'}
| | | +-- , 11 , {13, 15} , {'xL14J', 'xL0J', 'xL39J', 'xL16J', 'xL32J', 'xL20J', 'xL30J', 'xL26J', 'xL31J', 'xL33J'}
| | | | +-- , 13 , set() , {'xL39J', 'xL33J', 'xL27J', 'xL30J'}
| | | | +-- , 15 , {17} , {'xL24J', 'xL14J', 'xL0J', 'xL39J', 'xL20J', 'xL26J'}
| | | | | +-- , 17 , set() , {'xL24J', 'xL7J', 'xL0J', 'xL20J'}
| +-- , 31 , {33, 49} , {'xL14J', 'xL8J', 'xL37J', 'xL16J', 'xL32J', 'xL25J', 'xL26J', 'xL11J', 'xL18J', 'xL36J'}
| | +-- , 33 , {35} , {'xL14J', 'xL16J', 'xL38J', 'xL36J', 'xL37J', 'xL32J', 'xL25J', 'xL26J', 'xL11J', 'xL18J'}
| | | +-- , 35 , {37} , {'xL14J', 'xL16J', 'xL38J', 'xL36J', 'xL23J', 'xL37J', 'xL32J', 'xL25J', 'xL26J', 'xL11J'}
| | | | +-- , 37 , {45, 39} , {'xL14J', 'xL37J', 'xL32J', 'xL25J', 'xL26J', 'xL11J', 'xL38J', 'xL36J', 'xL23J', 'xL6J'}
| | | | | +-- , 45 , {47} , {'xL37J', 'xL15J', 'xL23J', 'xL6J', 'xL25J', 'xL26J'}
| | | | | | +-- , 47 , set() , {'xL23J', 'xL15J', 'xL13J'}
| | | | | +-- , 39 , {41} , {'xL14J', 'xL35J', 'xL32J', 'xL25J', 'xL11J', 'xL38J', 'xL36J', 'xL6J'}
| | | | | | +-- , 41 , {43} , {'xL14J', 'xL35J', 'xL32J', 'xL4J', 'xL6J', 'xL25J'}
| | | | | | | +-- , 43 , set() , {'xL4J', 'xL22J'}
| | +-- , 49 , set() , {'xL18J', 'xL37J', 'xL1J'}


Max number of edges with non zero Y: 7
Max number of iterations of outer rounding loop: 0
Max number of candidate sets: 0
Time spent rounding: 0.000
Time spent solving Separator LP: 5.697

LP Solver: GaifmanNormalILP