34, 1.1324781794871797, 4.0, 4
+-- , 0 , {41, 3} , {'xL5JL6J', 'xL4JL7J', 'xL6JL6J', 'xL6JL5J'}
| +-- , 41 , {43} , {'xL5JL3J', 'xL5JL6J', 'xL5JL4J', 'xL4JL7J', 'xL5JL5J', 'xL6JL5J'}
| | +-- , 43 , {45} , {'xL1JL7J', 'xL5JL3J', 'xL8JL5J', 'xL5JL4J', 'xL2JL7J', 'xL7JL5J', 'xL3JL7J', 'xL4JL7J', 'xL5JL5J', 'xL6JL5J'}
| | | +-- , 45 , {51, 47} , {'xL1JL7J', 'xL5JL3J', 'xL8JL2J', 'xL8JL5J', 'xL5JL4J', 'xL2JL7J', 'xL7JL5J', 'xL3JL7J'}
| | | | +-- , 51 , {53} , {'xL1JL7J', 'xL5JL3J', 'xL8JL2J', 'xL6JL2J', 'xL5JL4J', 'xL7JL2J', 'xL2JL7J', 'xL3JL7J'}
| | | | | +-- , 53 , {67, 55} , {'xL1JL4J', 'xL5JL3J', 'xL5JL4J', 'xL4JL3J', 'xL3JL7J', 'xL3JL4J', 'xL1JL7J', 'xL6JL2J', 'xL2JL4J', 'xL4JL4J', 'xL7JL2J', 'xL2JL7J'}
| | | | | | +-- , 67 , {69} , {'xL5JL3J', 'xL6JL2J', 'xL4JL3J', 'xL7JL2J', 'xL6JL3J'}
| | | | | | | +-- , 69 , set() , {'xL6JL2J', 'xL7JL2J', 'xL7JL1J', 'xL6JL1J', 'xL6JL3J'}
| | | | | | +-- , 55 , {57} , {'xL1JL7J', 'xL1JL4J', 'xL2JL4J', 'xL4JL3J', 'xL4JL4J', 'xL2JL7J', 'xL3JL7J', 'xL4JL2J', 'xL3JL4J', 'xL4JL1J'}
| | | | | | | +-- , 57 , {65, 59} , {'xL1JL7J', 'xL1JL4J', 'xL2JL2J', 'xL2JL4J', 'xL2JL7J', 'xL3JL7J', 'xL4JL2J', 'xL3JL4J', 'xL4JL1J'}
| | | | | | | | +-- , 65 , set() , {'xL2JL2J', 'xL3JL2J', 'xL4JL2J', 'xL4JL1J', 'xL3JL1J'}
| | | | | | | | +-- , 59 , {61, 63} , {'xL1JL7J', 'xL1JL4J', 'xL2JL2J', 'xL2JL4J', 'xL2JL5J', 'xL2JL7J', 'xL3JL7J', 'xL2JL6J', 'xL3JL4J', 'xL2JL3J'}
| | | | | | | | | +-- , 61 , set() , {'xL1JL4J', 'xL2JL3J', 'xL1JL3J'}
| | | | | | | | | +-- , 63 , set() , {'xL1JL7J', 'xL3JL5J', 'xL2JL5J', 'xL3JL7J', 'xL2JL6J', 'xL3JL4J', 'xL1JL6J', 'xL3JL6J'}
| | | | +-- , 47 , {49} , {'xL8JL2J', 'xL8JL5J', 'xL8JL3J', 'xL7JL5J', 'xL8JL4J', 'xL7JL4J'}
| | | | | +-- , 49 , set() , {'xL9JL4J', 'xL9JL3J', 'xL8JL3J', 'xL8JL4J', 'xL7JL4J'}
| +-- , 3 , {5} , {'xL4JL9J', 'xL6JL6J', 'xL4JL7J', 'xL6JL7J', 'xL4JL8J', 'xL6JL5J'}
| | +-- , 5 , {7} , {'xL4JL9J', 'xL7JL7J', 'xL8JL7J', 'xL9JL7J', 'xL6JL7J', 'xL4JL8J'}
| | | +-- , 7 , {17, 11} , {'xL8JL12J', 'xL4JL9J', 'xL6JL10J', 'xL5JL10J', 'xL9JL10J', 'xL7JL7J', 'xL8JL7J', 'xL9JL7J', 'xL8JL10J', 'xL7JL10J', 'xL4JL8J'}
| | | | +-- , 17 , {19} , {'xL8JL12J', 'xL4JL9J', 'xL6JL10J', 'xL5JL10J', 'xL7JL12J', 'xL6JL12J', 'xL4JL8J'}
| | | | | +-- , 19 , {21, 39, 37} , {'xL4JL9J', 'xL6JL10J', 'xL5JL10J', 'xL6JL11J', 'xL7JL12J', 'xL5JL9J', 'xL5JL11J', 'xL6JL12J', 'xL4JL8J'}
| | | | | | +-- , 21 , {23} , {'xL4JL9J', 'xL6JL11J', 'xL3JL9J', 'xL2JL9J', 'xL5JL9J', 'xL5JL11J', 'xL4JL11J'}
| | | | | | | +-- , 23 , {25} , {'xL4JL12J', 'xL3JL9J', 'xL2JL9J', 'xL4JL13J', 'xL4JL11J'}
| | | | | | | | +-- , 25 , {27} , {'xL4JL12J', 'xL3JL13J', 'xL3JL9J', 'xL2JL9J', 'xL4JL13J'}
| | | | | | | | | +-- , 27 , {29} , {'xL4JL12J', 'xL3JL13J', 'xL3JL9J', 'xL2JL9J', 'xL3JL12J'}
| | | | | | | | | | +-- , 29 , {31} , {'xL4JL12J', 'xL3JL12J', 'xL3JL9J', 'xL2JL9J', 'xL2JL12J'}
| | | | | | | | | | | +-- , 31 , {33} , {'xL2JL11J', 'xL3JL9J', 'xL2JL9J', 'xL2JL10J', 'xL2JL12J'}
| | | | | | | | | | | | +-- , 33 , {35} , {'xL2JL11J', 'xL3JL9J', 'xL2JL10J', 'xL3JL10J'}
| | | | | | | | | | | | | +-- , 35 , set() , {'xL2JL11J', 'xL1JL11J', 'xL2JL10J', 'xL3JL10J', 'xL1JL10J'}
| | | | | | +-- , 39 , set() , {'xL5JL10J', 'xL5JL9J', 'xL5JL8J', 'xL5JL11J', 'xL4JL8J'}
| | | | | | +-- , 37 , set() , {'xL6JL13J', 'xL6JL10J', 'xL6JL11J', 'xL7JL12J', 'xL7JL13J', 'xL6JL12J'}
| | | | +-- , 11 , {13, 15} , {'xL8JL12J', 'xL9JL10J', 'xL7JL7J', 'xL8JL9J', 'xL8JL7J', 'xL9JL7J', 'xL8JL8J', 'xL8JL11J', 'xL8JL10J', 'xL7JL10J'}
| | | | | +-- , 13 , set() , {'xL9JL11J', 'xL8JL11J', 'xL9JL10J'}
| | | | | +-- , 15 , set() , {'xL9JL8J', 'xL7JL7J', 'xL7JL10J', 'xL8JL9J', 'xL9JL7J', 'xL8JL8J', 'xL7JL9J', 'xL7JL8J'}


Max number of edges with non zero Y: 7
Max number of iterations of outer rounding loop: 3
Max number of candidate sets: 2
Time spent rounding: 15.985
Time spent solving Separator LP: 0.496
Total time spent solving: 21.316

LP Solver: GaifmanNormal
Lower Bound Witness = ({'xL1JL4J', 'xL5JL3J', 'xL5JL6J', 'xL9JL11J', 'xL7JL8J', 'xL4JL8J', 'xL6JL2J', 'xL7JL2J', 'xL7JL1J', 'xL8JL7J', 'xL7JL4J', 'xL2JL12J', 'xL8JL12J', 'xL7JL5J', 'xL1JL7J', 'xL3JL13J', 'xL8JL10J', 'xL6JL12J', 'xL4JL1J', 'xL4JL11J', 'xL8JL2J', 'xL4JL9J', 'xL5JL4J', 'xL4JL3J', 'xL5JL9J', 'xL5JL5J', 'xL2JL2J', 'xL7JL9J', 'xL9JL10J', 'xL8JL3J', 'xL3JL2J', 'xL3JL7J', 'xL4JL2J', 'xL3JL10J', 'xL6JL3J', 'xL5JL8J', 'xL2JL7J', 'xL6JL7J', 'xL6JL5J', 'xL1JL10J', 'xL2JL11J', 'xL1JL11J', 'xL7JL12J', 'xL4JL13J', 'xL7JL13J', 'xL7JL10J', 'xL8JL5J', 'xL2JL4J', 'xL5JL11J', 'xL2JL6J', 'xL8JL4J', 'xL9JL3J', 'xL3JL6J', 'xL9JL4J', 'xL6JL11J', 'xL5JL10J', 'xL3JL5J', 'xL4JL4J', 'xL8JL8J', 'xL1JL6J', 'xL6JL10J', 'xL6JL6J', 'xL6JL1J', 'xL4JL7J', 'xL8JL11J', 'xL4JL12J', 'xL7JL7J', 'xL2JL9J', 'xL8JL9J', 'xL3JL12J', 'xL2JL3J', 'xL3JL9J', 'xL9JL7J', 'xL3JL4J', 'xL1JL3J', 'xL2JL10J', 'xL3JL1J', 'xL6JL13J', 'xL9JL8J', 'xL2JL5J'}, {'xL5JL6J', 'xL8JL9J', 'xL2JL3J', 'xL4JL8J', 'xL3JL1J'})