32, 1.89247311827957, 4.0, 4
+-- , 0 , {3, 36} , {'xL4JL9J', 'xL6JL6J', 'xL4JL7J', 'xL6JL7J', 'xL4JL8J', 'xL6JL5J'}
| +-- , 3 , {5} , {'xL4JL9J', 'xL7JL7J', 'xL8JL7J', 'xL9JL7J', 'xL6JL7J', 'xL4JL8J'}
| | +-- , 5 , {8} , {'xL4JL9J', 'xL9JL8J', 'xL7JL7J', 'xL8JL7J', 'xL9JL7J', 'xL8JL8J', 'xL7JL8J', 'xL4JL8J'}
| | | +-- , 8 , {10} , {'xL8JL12J', 'xL4JL9J', 'xL7JL7J', 'xL7JL10J', 'xL8JL9J', 'xL8JL7J', 'xL8JL8J', 'xL8JL11J', 'xL8JL10J', 'xL7JL9J', 'xL7JL8J', 'xL4JL8J'}
| | | | +-- , 10 , {12, 14} , {'xL8JL12J', 'xL4JL9J', 'xL6JL10J', 'xL5JL10J', 'xL9JL10J', 'xL8JL11J', 'xL8JL10J', 'xL7JL10J', 'xL4JL8J'}
| | | | | +-- , 12 , set() , {'xL9JL11J', 'xL8JL11J', 'xL9JL10J'}
| | | | | +-- , 14 , {16} , {'xL8JL12J', 'xL4JL9J', 'xL6JL10J', 'xL5JL10J', 'xL7JL12J', 'xL6JL12J', 'xL4JL8J'}
| | | | | | +-- , 16 , {18, 34} , {'xL4JL9J', 'xL6JL10J', 'xL5JL10J', 'xL6JL11J', 'xL7JL12J', 'xL6JL12J', 'xL4JL8J'}
| | | | | | | +-- , 18 , {20} , {'xL4JL9J', 'xL5JL10J', 'xL6JL11J', 'xL5JL8J', 'xL5JL9J', 'xL5JL11J', 'xL4JL8J', 'xL4JL11J'}
| | | | | | | | +-- , 20 , {22} , {'xL4JL9J', 'xL2JL9J', 'xL3JL9J', 'xL5JL9J', 'xL4JL11J'}
| | | | | | | | | +-- , 22 , {24} , {'xL4JL12J', 'xL3JL9J', 'xL2JL9J', 'xL4JL13J', 'xL4JL11J'}
| | | | | | | | | | +-- , 24 , {26, 28} , {'xL4JL12J', 'xL3JL9J', 'xL2JL9J', 'xL4JL13J', 'xL2JL12J'}
| | | | | | | | | | | +-- , 26 , set() , {'xL4JL12J', 'xL3JL13J', 'xL4JL13J', 'xL3JL12J', 'xL2JL12J'}
| | | | | | | | | | | +-- , 28 , {30} , {'xL2JL11J', 'xL3JL9J', 'xL2JL9J', 'xL2JL10J', 'xL2JL12J'}
| | | | | | | | | | | | +-- , 30 , {32} , {'xL2JL11J', 'xL3JL9J', 'xL2JL10J', 'xL3JL10J'}
| | | | | | | | | | | | | +-- , 32 , set() , {'xL2JL11J', 'xL1JL11J', 'xL2JL10J', 'xL3JL10J', 'xL1JL10J'}
| | | | | | | +-- , 34 , set() , {'xL6JL13J', 'xL6JL10J', 'xL6JL11J', 'xL7JL12J', 'xL7JL13J', 'xL6JL12J'}
| +-- , 36 , {38} , {'xL1JL7J', 'xL6JL6J', 'xL3JL7J', 'xL2JL7J', 'xL4JL7J', 'xL6JL5J'}
| | +-- , 38 , {43} , {'xL1JL4J', 'xL5JL4J', 'xL6JL6J', 'xL3JL7J', 'xL3JL4J', 'xL1JL3J', 'xL1JL7J', 'xL2JL4J', 'xL4JL4J', 'xL2JL7J', 'xL2JL3J', 'xL6JL5J'}
| | | +-- , 43 , {67, 45} , {'xL1JL7J', 'xL2JL2J', 'xL2JL4J', 'xL5JL4J', 'xL4JL4J', 'xL2JL5J', 'xL6JL6J', 'xL2JL7J', 'xL3JL7J', 'xL2JL6J', 'xL3JL4J', 'xL2JL3J', 'xL6JL5J'}
| | | | +-- , 67 , set() , {'xL1JL7J', 'xL3JL5J', 'xL2JL5J', 'xL3JL7J', 'xL2JL6J', 'xL3JL4J', 'xL1JL6J', 'xL3JL6J'}
| | | | +-- , 45 , {47} , {'xL2JL2J', 'xL5JL4J', 'xL4JL4J', 'xL3JL2J', 'xL6JL6J', 'xL4JL2J', 'xL6JL5J'}
| | | | | +-- , 47 , {65, 49} , {'xL5JL4J', 'xL4JL3J', 'xL4JL4J', 'xL3JL2J', 'xL6JL6J', 'xL4JL2J', 'xL6JL5J'}
| | | | | | +-- , 65 , set() , {'xL4JL3J', 'xL4JL4J', 'xL3JL2J', 'xL4JL2J', 'xL4JL1J', 'xL3JL1J'}
| | | | | | +-- , 49 , {51} , {'xL5JL3J', 'xL5JL4J', 'xL4JL3J', 'xL6JL6J', 'xL6JL3J', 'xL6JL5J'}
| | | | | | | +-- , 51 , {53} , {'xL5JL3J', 'xL6JL2J', 'xL5JL6J', 'xL5JL4J', 'xL6JL5J', 'xL6JL6J', 'xL6JL1J', 'xL5JL5J', 'xL6JL3J'}
| | | | | | | | +-- , 53 , {55} , {'xL6JL2J', 'xL8JL5J', 'xL7JL5J', 'xL6JL1J', 'xL5JL5J', 'xL6JL5J'}
| | | | | | | | | +-- , 55 , {57, 61} , {'xL6JL2J', 'xL8JL5J', 'xL8JL3J', 'xL7JL5J', 'xL8JL4J', 'xL6JL1J'}
| | | | | | | | | | +-- , 57 , {59} , {'xL8JL4J', 'xL8JL3J', 'xL7JL4J', 'xL7JL5J'}
| | | | | | | | | | | +-- , 59 , set() , {'xL9JL4J', 'xL9JL3J', 'xL8JL3J', 'xL8JL4J', 'xL7JL4J'}
| | | | | | | | | | +-- , 61 , {63} , {'xL8JL2J', 'xL6JL2J', 'xL8JL5J', 'xL8JL3J', 'xL8JL4J', 'xL6JL1J'}
| | | | | | | | | | | +-- , 63 , set() , {'xL8JL2J', 'xL6JL2J', 'xL7JL2J', 'xL7JL1J', 'xL6JL1J'}


Max number of edges with non zero Y: 8
Max number of iterations of outer rounding loop: 3
Max number of candidate sets: 2
Time spent rounding: 17.874
Time spent solving Separator LP: 3.210
Total time spent solving: 27.770

LP Solver: GaifmanBoosted
Lower Bound Witness = ({'xL1JL4J', 'xL5JL3J', 'xL5JL6J', 'xL9JL11J', 'xL7JL8J', 'xL4JL8J', 'xL6JL2J', 'xL7JL2J', 'xL7JL1J', 'xL8JL7J', 'xL7JL4J', 'xL2JL12J', 'xL8JL12J', 'xL7JL5J', 'xL1JL7J', 'xL3JL13J', 'xL8JL10J', 'xL6JL12J', 'xL4JL1J', 'xL4JL11J', 'xL8JL2J', 'xL4JL9J', 'xL5JL4J', 'xL4JL3J', 'xL5JL9J', 'xL5JL5J', 'xL2JL2J', 'xL7JL9J', 'xL9JL10J', 'xL8JL3J', 'xL3JL2J', 'xL3JL7J', 'xL4JL2J', 'xL3JL10J', 'xL6JL3J', 'xL5JL8J', 'xL2JL7J', 'xL6JL7J', 'xL6JL5J', 'xL1JL10J', 'xL2JL11J', 'xL1JL11J', 'xL7JL12J', 'xL4JL13J', 'xL7JL13J', 'xL7JL10J', 'xL8JL5J', 'xL2JL4J', 'xL5JL11J', 'xL2JL6J', 'xL8JL4J', 'xL9JL3J', 'xL3JL6J', 'xL9JL4J', 'xL6JL11J', 'xL5JL10J', 'xL3JL5J', 'xL4JL4J', 'xL8JL8J', 'xL1JL6J', 'xL6JL10J', 'xL6JL6J', 'xL6JL1J', 'xL4JL7J', 'xL8JL11J', 'xL4JL12J', 'xL7JL7J', 'xL2JL9J', 'xL8JL9J', 'xL3JL12J', 'xL2JL3J', 'xL3JL9J', 'xL9JL7J', 'xL3JL4J', 'xL1JL3J', 'xL2JL10J', 'xL3JL1J', 'xL6JL13J', 'xL9JL8J', 'xL2JL5J'}, {'xL6JL13J', 'xL6JL10J', 'xL9JL10J', 'xL3JL9J', 'xL5JL11J', 'xL7JL13J', 'xL9JL7J', 'xL6JL1J', 'xL4JL1J', 'xL7JL8J', 'xL4JL11J', 'xL3JL1J'})