13, 0, 6.0, 6
+-- , 0 , {29, 9, 27, 15, 25, 31} , {'xL10J', 'xL24J', 'xL11J', 'xL17J', 'xL21J', 'xL19J', 'xL6J', 'xL23J', 'xL1J', 'xL9J', 'xL5J', 'xL3J'}
| +-- , 29 , set() , {'xL10J', 'xL5J', 'xL12J', 'xL24J'}
| +-- , 9 , {11} , {'xL10J', 'xL14J', 'xL16J', 'xL24J', 'xL6J', 'xL11J', 'xL21J', 'xL19J', 'xL23J', 'xL1J', 'xL9J', 'xL3J'}
| | +-- , 11 , {13} , {'xL14J', 'xL4J', 'xL21J', 'xL19J', 'xL23J', 'xL1J'}
| | | +-- , 13 , set() , {'xL14J', 'xL4J', 'xL21J', 'xL23J', 'xL1J', 'xL8J'}
| +-- , 27 , set() , {'xL10J', 'xL24J', 'xL18J', 'xL6J', 'xL11J', 'xL19J', 'xL3J'}
| +-- , 15 , {17} , {'xL11J', 'xL17J', 'xL21J', 'xL19J', 'xL23J', 'xL9J', 'xL20J', 'xL6J', 'xL1J', 'xL5J'}
| | +-- , 17 , {19, 23} , {'xL11J', 'xL17J', 'xL21J', 'xL19J', 'xL23J', 'xL1J', 'xL9J', 'xL22J', 'xL5J', 'xL20J'}
| | | +-- , 19 , {21} , {'xL15J', 'xL17J', 'xL21J', 'xL19J', 'xL22J', 'xL5J', 'xL20J'}
| | | | +-- , 21 , set() , {'xL15J', 'xL21J', 'xL19J', 'xL0J', 'xL5J'}
| | | +-- , 23 , set() , {'xL11J', 'xL1J', 'xL9J', 'xL22J', 'xL7J'}
| +-- , 25 , set() , {'xL21J', 'xL23J', 'xL1J', 'xL2J', 'xL3J'}
| +-- , 31 , set() , {'xL10J', 'xL13J'}


Max number of edges with non zero Y: 17
Max number of iterations of outer rounding loop: 8
Max number of candidate sets: 2
Time spent rounding: 8.283
Time spent solving Separator LP: 0.037

LP Solver: gammaPlusFractionalCoverHeuristic