5, 2.374254235985343, 5.8655462184873945, 9
+-- , 0 , {22} , {'xL5J', 'xL11J', 'xL4J', 'xL35J', 'xL7J', 'xL23J', 'xL31J', 'xL36J', 'xL21J', 'xL3J', 'xL0J', 'xL22J', 'xL10J', 'xL28J', 'xL34J', 'xL39J', 'xL20J', 'xL2J', 'xL32J', 'xL26J', 'xL29J', 'xL27J', 'xL1J', 'xL33J', 'xL12J', 'xL16J', 'xL6J', 'xL13J', 'xL9J', 'xL25J', 'xL38J', 'xL24J', 'xL18J', 'xL37J', 'xL14J', 'xL19J'}
| +-- , 22 , {24} , {'xL5J', 'xL4J', 'xL11J', 'xL35J', 'xL7J', 'xL23J', 'xL31J', 'xL36J', 'xL21J', 'xL3J', 'xL0J', 'xL22J', 'xL10J', 'xL28J', 'xL34J', 'xL39J', 'xL20J', 'xL2J', 'xL32J', 'xL29J', 'xL26J', 'xL27J', 'xL1J', 'xL33J', 'xL12J', 'xL16J', 'xL9J', 'xL13J', 'xL6J', 'xL25J', 'xL38J', 'xL18J', 'xL37J', 'xL15J', 'xL14J', 'xL19J'}
| | +-- , 24 , {26} , {'xL5J', 'xL11J', 'xL35J', 'xL23J', 'xL31J', 'xL36J', 'xL21J', 'xL8J', 'xL3J', 'xL0J', 'xL22J', 'xL10J', 'xL28J', 'xL34J', 'xL39J', 'xL20J', 'xL2J', 'xL32J', 'xL26J', 'xL27J', 'xL1J', 'xL33J', 'xL12J', 'xL16J', 'xL9J', 'xL13J', 'xL6J', 'xL25J', 'xL38J', 'xL18J', 'xL37J', 'xL15J', 'xL4J', 'xL19J'}
| | | +-- , 26 , {28} , {'xL5J', 'xL17J', 'xL11J', 'xL35J', 'xL23J', 'xL36J', 'xL21J', 'xL8J', 'xL3J', 'xL0J', 'xL22J', 'xL10J', 'xL28J', 'xL34J', 'xL39J', 'xL20J', 'xL2J', 'xL32J', 'xL26J', 'xL27J', 'xL1J', 'xL16J', 'xL9J', 'xL13J', 'xL6J', 'xL25J', 'xL38J', 'xL18J', 'xL37J', 'xL15J', 'xL4J'}
| | | | +-- , 28 , set() , {'xL36J', 'xL10J', 'xL17J', 'xL35J', 'xL18J', 'xL23J', 'xL15J', 'xL27J', 'xL37J', 'xL26J', 'xL4J', 'xL16J', 'xL1J', 'xL30J', 'xL9J', 'xL22J', 'xL13J'}


Max number of edges with non zero Y: 31
Max number of iterations of outer rounding loop: 8
Max number of candidate sets: 2
Time spent rounding: 91.859
Time spent solving Separator LP: 22.549

LP Solver: GaifmanNormal6, 2.348800774555863, 5.645058786145535, 9
+-- , 0 , {19} , {'xL11J', 'xL13J', 'xL35J', 'xL28J', 'xL14J', 'xL2J', 'xL24J', 'xL37J', 'xL38J', 'xL36J', 'xL7J', 'xL27J', 'xL32J', 'xL10J', 'xL18J', 'xL17J', 'xL30J', 'xL0J', 'xL22J', 'xL4J', 'xL15J', 'xL19J', 'xL1J', 'xL34J', 'xL39J', 'xL12J', 'xL9J', 'xL20J', 'xL29J', 'xL21J', 'xL25J', 'xL26J', 'xL3J'}
| +-- , 19 , {21} , {'xL13J', 'xL35J', 'xL28J', 'xL2J', 'xL14J', 'xL24J', 'xL37J', 'xL38J', 'xL36J', 'xL7J', 'xL27J', 'xL32J', 'xL17J', 'xL18J', 'xL10J', 'xL30J', 'xL0J', 'xL6J', 'xL22J', 'xL15J', 'xL4J', 'xL19J', 'xL1J', 'xL34J', 'xL39J', 'xL12J', 'xL9J', 'xL20J', 'xL29J', 'xL25J', 'xL21J', 'xL26J', 'xL3J'}
| | +-- , 21 , {23} , {'xL13J', 'xL35J', 'xL28J', 'xL14J', 'xL24J', 'xL37J', 'xL38J', 'xL36J', 'xL7J', 'xL27J', 'xL32J', 'xL17J', 'xL18J', 'xL10J', 'xL30J', 'xL0J', 'xL6J', 'xL22J', 'xL15J', 'xL4J', 'xL19J', 'xL1J', 'xL34J', 'xL39J', 'xL12J', 'xL9J', 'xL20J', 'xL29J', 'xL25J', 'xL21J', 'xL23J', 'xL26J', 'xL3J'}
| | | +-- , 23 , {25} , {'xL13J', 'xL35J', 'xL28J', 'xL14J', 'xL24J', 'xL37J', 'xL38J', 'xL36J', 'xL7J', 'xL27J', 'xL17J', 'xL18J', 'xL10J', 'xL30J', 'xL0J', 'xL6J', 'xL22J', 'xL15J', 'xL4J', 'xL16J', 'xL19J', 'xL1J', 'xL34J', 'xL39J', 'xL12J', 'xL9J', 'xL20J', 'xL29J', 'xL25J', 'xL21J', 'xL23J', 'xL26J', 'xL3J'}
| | | | +-- , 25 , {28} , {'xL13J', 'xL35J', 'xL28J', 'xL14J', 'xL24J', 'xL37J', 'xL38J', 'xL36J', 'xL7J', 'xL27J', 'xL17J', 'xL18J', 'xL10J', 'xL0J', 'xL6J', 'xL22J', 'xL15J', 'xL4J', 'xL16J', 'xL19J', 'xL1J', 'xL34J', 'xL8J', 'xL39J', 'xL12J', 'xL33J', 'xL9J', 'xL20J', 'xL29J', 'xL25J', 'xL21J', 'xL23J', 'xL26J', 'xL3J'}
| | | | | +-- , 28 , set() , {'xL13J', 'xL35J', 'xL28J', 'xL14J', 'xL24J', 'xL37J', 'xL38J', 'xL7J', 'xL27J', 'xL17J', 'xL18J', 'xL10J', 'xL6J', 'xL31J', 'xL22J', 'xL15J', 'xL4J', 'xL19J', 'xL1J', 'xL34J', 'xL8J', 'xL39J', 'xL33J', 'xL20J', 'xL5J', 'xL29J', 'xL25J', 'xL21J', 'xL26J'}


Max number of edges with non zero Y: 30
Max number of iterations of outer rounding loop: 7
Max number of candidate sets: 2
Time spent rounding: 99.550
Time spent solving Separator LP: 34.825

LP Solver: GaifmanNormal