4, 2.346977351231872, 5.777777777777778, 8
+-- , 0 , {17} , {'xL5J', 'xL17J', 'xL11J', 'xL35J', 'xL30J', 'xL23J', 'xL7J', 'xL31J', 'xL36J', 'xL8J', 'xL21J', 'xL0J', 'xL22J', 'xL10J', 'xL34J', 'xL39J', 'xL20J', 'xL2J', 'xL32J', 'xL29J', 'xL26J', 'xL27J', 'xL16J', 'xL1J', 'xL12J', 'xL33J', 'xL9J', 'xL13J', 'xL6J', 'xL25J', 'xL38J', 'xL18J', 'xL37J', 'xL15J', 'xL4J', 'xL19J'}
| +-- , 17 , {19} , {'xL5J', 'xL17J', 'xL4J', 'xL35J', 'xL7J', 'xL31J', 'xL36J', 'xL21J', 'xL8J', 'xL0J', 'xL22J', 'xL10J', 'xL34J', 'xL39J', 'xL20J', 'xL2J', 'xL32J', 'xL29J', 'xL26J', 'xL27J', 'xL1J', 'xL33J', 'xL12J', 'xL16J', 'xL9J', 'xL13J', 'xL6J', 'xL25J', 'xL38J', 'xL18J', 'xL37J', 'xL15J', 'xL14J', 'xL19J'}
| | +-- , 19 , {22} , {'xL5J', 'xL17J', 'xL4J', 'xL35J', 'xL7J', 'xL36J', 'xL21J', 'xL8J', 'xL3J', 'xL0J', 'xL22J', 'xL10J', 'xL28J', 'xL34J', 'xL39J', 'xL20J', 'xL2J', 'xL32J', 'xL29J', 'xL26J', 'xL27J', 'xL1J', 'xL16J', 'xL12J', 'xL9J', 'xL13J', 'xL6J', 'xL25J', 'xL38J', 'xL18J', 'xL37J', 'xL15J', 'xL14J', 'xL19J'}
| | | +-- , 22 , set() , {'xL5J', 'xL4J', 'xL21J', 'xL0J', 'xL22J', 'xL10J', 'xL28J', 'xL39J', 'xL20J', 'xL2J', 'xL32J', 'xL29J', 'xL27J', 'xL1J', 'xL16J', 'xL12J', 'xL9J', 'xL6J', 'xL38J', 'xL24J', 'xL18J', 'xL37J', 'xL14J', 'xL19J'}


Max number of edges with non zero Y: 31
Max number of iterations of outer rounding loop: 8
Max number of candidate sets: 2
Time spent rounding: 63.727
Time spent solving Separator LP: 15.073

LP Solver: GaifmanNormal6, 2.3636970268977566, 5.605972086984745, 8
+-- , 0 , {18} , {'xL35J', 'xL13J', 'xL28J', 'xL14J', 'xL2J', 'xL37J', 'xL24J', 'xL38J', 'xL36J', 'xL7J', 'xL27J', 'xL32J', 'xL17J', 'xL18J', 'xL31J', 'xL22J', 'xL15J', 'xL4J', 'xL16J', 'xL19J', 'xL1J', 'xL34J', 'xL8J', 'xL39J', 'xL33J', 'xL9J', 'xL20J', 'xL5J', 'xL29J', 'xL25J', 'xL26J', 'xL3J'}
| +-- , 18 , {23} , {'xL13J', 'xL35J', 'xL28J', 'xL2J', 'xL14J', 'xL24J', 'xL37J', 'xL38J', 'xL36J', 'xL7J', 'xL27J', 'xL32J', 'xL17J', 'xL18J', 'xL10J', 'xL0J', 'xL6J', 'xL31J', 'xL22J', 'xL15J', 'xL4J', 'xL16J', 'xL19J', 'xL1J', 'xL34J', 'xL8J', 'xL39J', 'xL33J', 'xL9J', 'xL20J', 'xL29J', 'xL25J', 'xL21J', 'xL26J', 'xL3J'}
| | +-- , 23 , {25, 29} , {'xL13J', 'xL35J', 'xL28J', 'xL24J', 'xL37J', 'xL38J', 'xL36J', 'xL7J', 'xL27J', 'xL32J', 'xL17J', 'xL18J', 'xL10J', 'xL0J', 'xL6J', 'xL22J', 'xL15J', 'xL4J', 'xL16J', 'xL19J', 'xL1J', 'xL34J', 'xL8J', 'xL39J', 'xL33J', 'xL9J', 'xL20J', 'xL29J', 'xL25J', 'xL21J', 'xL23J', 'xL26J'}
| | | +-- , 25 , {27} , {'xL13J', 'xL35J', 'xL28J', 'xL24J', 'xL37J', 'xL38J', 'xL36J', 'xL7J', 'xL32J', 'xL17J', 'xL18J', 'xL10J', 'xL0J', 'xL6J', 'xL22J', 'xL4J', 'xL19J', 'xL1J', 'xL34J', 'xL8J', 'xL39J', 'xL12J', 'xL33J', 'xL9J', 'xL20J', 'xL29J', 'xL25J', 'xL21J', 'xL23J'}
| | | | +-- , 27 , set() , {'xL13J', 'xL11J', 'xL35J', 'xL37J', 'xL38J', 'xL36J', 'xL7J', 'xL32J', 'xL17J', 'xL18J', 'xL10J', 'xL0J', 'xL22J', 'xL4J', 'xL34J', 'xL39J', 'xL12J', 'xL9J', 'xL20J', 'xL25J', 'xL21J'}
| | | +-- , 29 , set() , {'xL1J', 'xL13J', 'xL10J', 'xL18J', 'xL17J', 'xL35J', 'xL30J', 'xL37J', 'xL22J', 'xL23J', 'xL9J', 'xL36J', 'xL16J', 'xL15J', 'xL4J', 'xL26J', 'xL27J'}


Max number of edges with non zero Y: 31
Max number of iterations of outer rounding loop: 8
Max number of candidate sets: 2
Time spent rounding: 90.605
Time spent solving Separator LP: 24.509

LP Solver: GaifmanNormal