49, 2.7036568529436087, 8.0, 8
+-- , 0 , {3, 53} , {'xL6JL8J', 'xL11JL8J', 'xL11JL12J', 'xL10JL8J', 'xL8JL8J', 'xL11JL13J', 'xL6JL4J', 'xL8JL11J', 'xL10JL12J', 'xL5JL8J', 'xL8JL10J', 'xL4JL3J', 'xL9JL12J', 'xL7JL8J', 'xL9JL8J', 'xL7JL4J', 'xL4JL4J', 'xL5JL2J', 'xL6JL2J'}
| +-- , 3 , {49, 51, 5} , {'xL9JL2J', 'xL11JL8J', 'xL11JL12J', 'xL13JL12J', 'xL11JL13J', 'xL12JL12J', 'xL6JL4J', 'xL8JL11J', 'xL12JL13J', 'xL8JL7J', 'xL7JL8J', 'xL10JL2J', 'xL9JL8J', 'xL8JL9J', 'xL6JL2J', 'xL14JL13J', 'xL10JL8J', 'xL8JL8J', 'xL13JL13J', 'xL8JL6J', 'xL7JL2J', 'xL10JL12J', 'xL8JL2J', 'xL8JL10J', 'xL9JL12J', 'xL7JL4J', 'xL5JL2J', 'xL8JL5J', 'xL11JL2J'}
| | +-- , 49 , set() , {'xL7JL9J', 'xL8JL9J', 'xL7JL8J'}
| | +-- , 51 , set() , {'xL9JL7J', 'xL8JL7J', 'xL9JL8J'}
| | +-- , 5 , {45, 7} , {'xL14JL13J', 'xL9JL2J', 'xL11JL8J', 'xL10JL8J', 'xL13JL12J', 'xL13JL13J', 'xL12JL12J', 'xL6JL4J', 'xL8JL6J', 'xL12JL13J', 'xL7JL2J', 'xL8JL2J', 'xL13JL14J', 'xL10JL2J', 'xL7JL4J', 'xL8JL5J', 'xL11JL2J'}
| | | +-- , 45 , {47} , {'xL14JL13J', 'xL14JL15J', 'xL15JL14J', 'xL14JL14J', 'xL13JL14J'}
| | | | +-- , 47 , set() , {'xL14JL15J', 'xL15JL14J', 'xL15JL15J'}
| | | +-- , 7 , {9} , {'xL9JL2J', 'xL12JL9J', 'xL11JL8J', 'xL10JL8J', 'xL13JL12J', 'xL13JL13J', 'xL13JL11J', 'xL12JL12J', 'xL12JL10J', 'xL6JL4J', 'xL8JL6J', 'xL12JL13J', 'xL7JL2J', 'xL8JL2J', 'xL13JL14J', 'xL10JL2J', 'xL7JL4J', 'xL12JL11J', 'xL8JL5J', 'xL11JL2J'}
| | | | +-- , 9 , {11} , {'xL9JL2J', 'xL12JL9J', 'xL11JL8J', 'xL10JL8J', 'xL13JL11J', 'xL12JL10J', 'xL6JL4J', 'xL8JL6J', 'xL7JL2J', 'xL8JL2J', 'xL15JL11J', 'xL10JL2J', 'xL7JL4J', 'xL12JL11J', 'xL14JL11J', 'xL8JL5J', 'xL11JL2J'}
| | | | | +-- , 11 , {13} , {'xL12JL9J', 'xL9JL2J', 'xL11JL8J', 'xL10JL8J', 'xL7JL5J', 'xL12JL10J', 'xL6JL4J', 'xL8JL6J', 'xL7JL2J', 'xL8JL2J', 'xL15JL11J', 'xL10JL2J', 'xL7JL6J', 'xL7JL4J', 'xL14JL11J', 'xL8JL5J', 'xL11JL2J'}
| | | | | | +-- , 13 , {15} , {'xL9JL2J', 'xL12JL9J', 'xL11JL8J', 'xL7JL3J', 'xL6JL5J', 'xL10JL8J', 'xL7JL5J', 'xL12JL10J', 'xL6JL4J', 'xL7JL2J', 'xL8JL2J', 'xL15JL11J', 'xL10JL2J', 'xL7JL6J', 'xL7JL4J', 'xL14JL11J', 'xL8JL5J', 'xL11JL2J'}
| | | | | | | +-- , 15 , {17} , {'xL9JL3J', 'xL9JL2J', 'xL12JL9J', 'xL11JL8J', 'xL7JL3J', 'xL6JL5J', 'xL10JL8J', 'xL7JL5J', 'xL10JL5J', 'xL12JL10J', 'xL9JL5J', 'xL8JL2J', 'xL15JL11J', 'xL10JL2J', 'xL8JL3J', 'xL14JL11J', 'xL8JL5J', 'xL11JL2J'}
| | | | | | | | +-- , 17 , {19} , {'xL9JL3J', 'xL9JL2J', 'xL12JL9J', 'xL11JL8J', 'xL9JL4J', 'xL10JL8J', 'xL10JL5J', 'xL10JL4J', 'xL12JL10J', 'xL9JL5J', 'xL15JL11J', 'xL10JL2J', 'xL10JL6J', 'xL14JL11J', 'xL11JL2J'}
| | | | | | | | | +-- , 19 , {21} , {'xL12JL9J', 'xL9JL4J', 'xL11JL8J', 'xL10JL8J', 'xL10JL4J', 'xL12JL10J', 'xL13JL4J', 'xL12JL4J', 'xL11JL4J', 'xL12JL6J', 'xL15JL11J', 'xL10JL2J', 'xL11JL2J', 'xL10JL6J', 'xL14JL11J', 'xL11JL6J'}
| | | | | | | | | | +-- , 21 , {23, 43, 29} , {'xL12JL9J', 'xL12JL7J', 'xL11JL8J', 'xL10JL8J', 'xL14JL7J', 'xL14JL6J', 'xL12JL10J', 'xL13JL4J', 'xL12JL4J', 'xL11JL4J', 'xL12JL6J', 'xL15JL11J', 'xL10JL2J', 'xL14JL10J', 'xL14JL5J', 'xL11JL2J', 'xL14JL11J', 'xL11JL6J'}
| | | | | | | | | | | +-- , 23 , {25} , {'xL12JL9J', 'xL12JL7J', 'xL11JL8J', 'xL10JL8J', 'xL14JL7J', 'xL14JL6J', 'xL12JL10J', 'xL11JL9J', 'xL14JL9J', 'xL11JL10J', 'xL14JL8J', 'xL14JL5J', 'xL14JL10J', 'xL11JL7J', 'xL14JL11J', 'xL10JL9J', 'xL11JL6J'}
| | | | | | | | | | | | +-- , 25 , {27} , {'xL13JL7J', 'xL12JL9J', 'xL14JL8J', 'xL12JL7J', 'xL13JL9J', 'xL14JL7J', 'xL11JL7J', 'xL11JL9J', 'xL10JL9J', 'xL14JL9J'}
| | | | | | | | | | | | | +-- , 27 , set() , {'xL14JL8J', 'xL13JL7J', 'xL13JL9J', 'xL13JL8J'}
| | | | | | | | | | | +-- , 43 , set() , {'xL14JL10J', 'xL15JL10J', 'xL15JL11J'}
| | | | | | | | | | | +-- , 29 , {31} , {'xL12JL7J', 'xL14JL6J', 'xL13JL4J', 'xL12JL5J', 'xL12JL4J', 'xL12JL3J', 'xL11JL4J', 'xL12JL6J', 'xL10JL2J', 'xL14JL5J', 'xL11JL2J'}
| | | | | | | | | | | | +-- , 31 , {33, 37} , {'xL15JL2J', 'xL11JL4J', 'xL14JL6J', 'xL10JL2J', 'xL14JL5J', 'xL11JL2J', 'xL14JL2J', 'xL13JL4J', 'xL12JL3J', 'xL13JL3J', 'xL12JL5J'}
| | | | | | | | | | | | | +-- , 33 , {35} , {'xL15JL2J', 'xL13JL5J', 'xL13JL2J', 'xL14JL6J', 'xL14JL5J', 'xL15JL5J', 'xL14JL2J', 'xL13JL4J', 'xL13JL3J', 'xL12JL5J'}
| | | | | | | | | | | | | | +-- , 35 , set() , {'xL15JL5J', 'xL15JL6J', 'xL14JL6J'}
| | | | | | | | | | | | | +-- , 37 , {41, 39} , {'xL15JL2J', 'xL11JL4J', 'xL11JL3J', 'xL14JL3J', 'xL10JL2J', 'xL14JL2J', 'xL12JL3J', 'xL13JL3J', 'xL11JL2J'}
| | | | | | | | | | | | | | +-- , 41 , set() , {'xL11JL4J', 'xL11JL1J', 'xL11JL3J', 'xL10JL2J', 'xL10JL1J', 'xL11JL2J'}
| | | | | | | | | | | | | | +-- , 39 , set() , {'xL15JL2J', 'xL14JL1J', 'xL14JL3J', 'xL14JL2J', 'xL15JL1J'}
| +-- , 53 , {55, 95} , {'xL6JL8J', 'xL11JL12J', 'xL5JL4J', 'xL11JL13J', 'xL3JL4J', 'xL5JL3J', 'xL6JL4J', 'xL8JL11J', 'xL10JL12J', 'xL5JL8J', 'xL8JL10J', 'xL4JL3J', 'xL9JL12J', 'xL2JL3J', 'xL3JL3J', 'xL7JL4J', 'xL4JL4J', 'xL5JL2J', 'xL6JL2J'}
| | +-- , 55 , {57} , {'xL6JL8J', 'xL11JL12J', 'xL11JL13J', 'xL3JL4J', 'xL8JL11J', 'xL10JL12J', 'xL5JL8J', 'xL8JL10J', 'xL4JL3J', 'xL9JL12J', 'xL2JL3J', 'xL11JL15J', 'xL3JL3J', 'xL4JL4J', 'xL11JL14J'}
| | | +-- , 57 , {59, 93} , {'xL6JL8J', 'xL9JL13J', 'xL7JL11J', 'xL3JL4J', 'xL11JL14J', 'xL8JL11J', 'xL9JL14J', 'xL10JL12J', 'xL5JL8J', 'xL8JL10J', 'xL11JL15J', 'xL9JL12J', 'xL4JL3J', 'xL2JL3J', 'xL3JL3J', 'xL4JL4J', 'xL6JL11J'}
| | | | +-- , 59 , {91, 61} , {'xL6JL8J', 'xL6JL14J', 'xL9JL13J', 'xL8JL14J', 'xL7JL11J', 'xL3JL4J', 'xL5JL14J', 'xL11JL14J', 'xL9JL14J', 'xL7JL14J', 'xL5JL8J', 'xL11JL15J', 'xL4JL3J', 'xL2JL3J', 'xL3JL3J', 'xL4JL4J', 'xL6JL11J'}
| | | | | +-- , 91 , set() , {'xL10JL15J', 'xL7JL14J', 'xL6JL14J', 'xL8JL14J', 'xL11JL15J', 'xL10JL14J', 'xL5JL14J', 'xL11JL14J', 'xL9JL14J'}
| | | | | +-- , 61 , {63} , {'xL6JL8J', 'xL6JL14J', 'xL9JL13J', 'xL8JL14J', 'xL7JL11J', 'xL7JL13J', 'xL3JL4J', 'xL8JL13J', 'xL5JL14J', 'xL7JL14J', 'xL5JL8J', 'xL4JL3J', 'xL2JL3J', 'xL3JL3J', 'xL4JL4J', 'xL6JL11J'}
| | | | | | +-- , 63 , {65} , {'xL6JL8J', 'xL6JL14J', 'xL7JL11J', 'xL7JL13J', 'xL3JL4J', 'xL5JL14J', 'xL7JL14J', 'xL5JL8J', 'xL4JL3J', 'xL2JL3J', 'xL3JL3J', 'xL4JL4J', 'xL6JL11J', 'xL7JL12J'}
| | | | | | | +-- , 65 , {67} , {'xL6JL8J', 'xL4JL12J', 'xL6JL14J', 'xL3JL12J', 'xL3JL4J', 'xL5JL14J', 'xL5JL8J', 'xL4JL3J', 'xL2JL3J', 'xL3JL3J', 'xL5JL12J', 'xL6JL10J', 'xL4JL4J', 'xL6JL11J', 'xL6JL12J', 'xL7JL12J'}
| | | | | | | | +-- , 67 , {69} , {'xL6JL8J', 'xL4JL12J', 'xL6JL14J', 'xL3JL12J', 'xL3JL4J', 'xL5JL14J', 'xL4JL10J', 'xL5JL10J', 'xL5JL8J', 'xL4JL3J', 'xL2JL3J', 'xL3JL3J', 'xL5JL12J', 'xL6JL10J', 'xL4JL4J'}
| | | | | | | | | +-- , 69 , {85, 71} , {'xL6JL8J', 'xL4JL12J', 'xL6JL14J', 'xL3JL12J', 'xL3JL4J', 'xL5JL14J', 'xL4JL10J', 'xL5JL10J', 'xL4JL13J', 'xL5JL8J', 'xL4JL3J', 'xL3JL11J', 'xL2JL3J', 'xL3JL3J', 'xL5JL12J', 'xL4JL4J', 'xL4JL11J'}
| | | | | | | | | | +-- , 85 , {87} , {'xL4JL13J', 'xL6JL14J', 'xL3JL14J', 'xL6JL15J', 'xL5JL15J', 'xL5JL13J', 'xL3JL11J', 'xL3JL12J', 'xL5JL12J', 'xL5JL14J', 'xL3JL13J'}
| | | | | | | | | | | +-- , 87 , {89} , {'xL4JL13J', 'xL2JL14J', 'xL3JL14J', 'xL1JL14J', 'xL5JL13J', 'xL3JL13J', 'xL2JL13J'}
| | | | | | | | | | | | +-- , 89 , set() , {'xL2JL14J', 'xL2JL15J', 'xL1JL14J', 'xL2JL13J', 'xL1JL15J'}
| | | | | | | | | | +-- , 71 , {73} , {'xL6JL8J', 'xL4JL12J', 'xL3JL4J', 'xL4JL10J', 'xL5JL10J', 'xL4JL13J', 'xL5JL8J', 'xL4JL3J', 'xL3JL11J', 'xL2JL3J', 'xL3JL3J', 'xL5JL9J', 'xL5JL6J', 'xL6JL7J', 'xL5JL7J', 'xL4JL9J', 'xL4JL4J', 'xL4JL11J'}
| | | | | | | | | | | +-- , 73 , {75} , {'xL4JL6J', 'xL3JL4J', 'xL2JL9J', 'xL1JL11J', 'xL2JL11J', 'xL2JL7J', 'xL4JL3J', 'xL4JL7J', 'xL3JL11J', 'xL2JL3J', 'xL3JL7J', 'xL3JL3J', 'xL5JL9J', 'xL5JL6J', 'xL3JL9J', 'xL5JL7J', 'xL6JL7J', 'xL4JL9J', 'xL4JL4J', 'xL4JL11J'}
| | | | | | | | | | | | +-- , 75 , {81, 77} , {'xL3JL4J', 'xL2JL9J', 'xL3JL5J', 'xL4JL5J', 'xL4JL4J', 'xL1JL11J', 'xL2JL11J', 'xL2JL7J', 'xL4JL3J', 'xL4JL7J', 'xL2JL3J', 'xL3JL3J', 'xL3JL9J', 'xL3JL2J', 'xL3JL7J', 'xL4JL6J'}
| | | | | | | | | | | | | +-- , 81 , {83} , {'xL2JL7J', 'xL1JL5J', 'xL2JL5J', 'xL4JL5J', 'xL3JL9J', 'xL2JL9J', 'xL3JL5J', 'xL3JL7J', 'xL1JL11J', 'xL2JL11J'}
| | | | | | | | | | | | | | +-- , 83 , set() , {'xL2JL7J', 'xL2JL8J', 'xL1JL6J', 'xL1JL10J', 'xL1JL5J', 'xL2JL5J', 'xL3JL8J', 'xL3JL9J', 'xL2JL9J', 'xL2JL6J', 'xL3JL7J', 'xL1JL11J', 'xL2JL10J', 'xL2JL11J'}
| | | | | | | | | | | | | +-- , 77 , {79} , {'xL2JL2J', 'xL3JL2J', 'xL2JL3J', 'xL2JL1J'}
| | | | | | | | | | | | | | +-- , 79 , set() , {'xL1JL2J', 'xL2JL2J', 'xL3JL2J', 'xL1JL1J', 'xL2JL1J'}
| | | | +-- , 93 , set() , {'xL10JL12J', 'xL8JL11J', 'xL9JL13J', 'xL8JL10J', 'xL7JL11J', 'xL9JL12J', 'xL9JL11J', 'xL10JL11J', 'xL9JL10J', 'xL6JL11J', 'xL9JL14J'}
| | +-- , 95 , {97} , {'xL5JL1J', 'xL5JL3J', 'xL5JL4J', 'xL5JL2J', 'xL6JL2J'}
| | | +-- , 97 , set() , {'xL6JL1J', 'xL6JL2J', 'xL5JL1J'}


Max number of edges with non zero Y: 35
Max number of iterations of outer rounding loop: 4
Max number of candidate sets: 2
Time spent rounding: 44.475
Time spent solving Separator LP: 15.775
Total time spent solving: 72.087

LP Solver: GaifmanNormal
Lower Bound Witness = ({'xL11JL8J', 'xL14JL15J', 'xL2JL5J', 'xL13JL12J', 'xL14JL6J', 'xL5JL3J', 'xL8JL13J', 'xL12JL12J', 'xL6JL4J', 'xL1JL15J', 'xL9JL14J', 'xL8JL11J', 'xL11JL10J', 'xL5JL8J', 'xL1JL14J', 'xL13JL9J', 'xL5JL6J', 'xL6JL11J', 'xL13JL3J', 'xL9JL3J', 'xL4JL12J', 'xL15JL14J', 'xL13JL11J', 'xL7JL5J', 'xL5JL14J', 'xL12JL4J', 'xL1JL11J', 'xL8JL6J', 'xL12JL3J', 'xL7JL14J', 'xL1JL10J', 'xL8JL2J', 'xL12JL6J', 'xL9JL12J', 'xL13JL14J', 'xL3JL7J', 'xL1JL1J', 'xL8JL5J', 'xL10JL9J', 'xL15JL2J', 'xL9JL2J', 'xL2JL8J', 'xL11JL12J', 'xL15JL5J', 'xL5JL1J', 'xL13JL4J', 'xL4JL10J', 'xL2JL7J', 'xL4JL13J', 'xL1JL2J', 'xL8JL7J', 'xL11JL15J', 'xL3JL2J', 'xL11JL7J', 'xL10JL6J', 'xL4JL9J', 'xL7JL12J', 'xL12JL9J', 'xL7JL3J', 'xL5JL4J', 'xL9JL7J', 'xL9JL13J', 'xL10JL8J', 'xL1JL6J', 'xL14JL7J', 'xL9JL11J', 'xL13JL13J', 'xL3JL4J', 'xL10JL4J', 'xL2JL9J', 'xL9JL5J', 'xL9JL10J', 'xL3JL5J', 'xL2JL13J', 'xL14JL9J', 'xL13JL2J', 'xL8JL10J', 'xL3JL11J', 'xL14JL3J', 'xL5JL15J', 'xL3JL3J', 'xL14JL5J', 'xL14JL10J', 'xL3JL13J', 'xL14JL2J', 'xL6JL10J', 'xL5JL2J', 'xL11JL14J', 'xL14JL11J', 'xL2JL10J', 'xL11JL2J', 'xL6JL12J', 'xL2JL15J', 'xL6JL14J', 'xL6JL5J', 'xL3JL8J', 'xL2JL2J', 'xL12JL10J', 'xL10JL11J', 'xL12JL13J', 'xL14JL8J', 'xL7JL9J', 'xL11JL3J', 'xL6JL15J', 'xL4JL7J', 'xL5JL7J', 'xL5JL12J', 'xL8JL3J', 'xL12JL11J', 'xL7JL6J', 'xL4JL11J', 'xL14JL14J', 'xL6JL2J', 'xL10JL15J', 'xL1JL5J', 'xL7JL11J', 'xL14JL1J', 'xL5JL13J', 'xL3JL12J', 'xL4JL5J', 'xL15JL1J', 'xL10JL12J', 'xL7JL2J', 'xL11JL4J', 'xL3JL14J', 'xL4JL3J', 'xL15JL11J', 'xL2JL3J', 'xL10JL14J', 'xL15JL6J', 'xL7JL4J', 'xL2JL6J', 'xL12JL5J', 'xL11JL6J', 'xL12JL7J', 'xL9JL4J', 'xL6JL8J', 'xL2JL14J', 'xL15JL15J', 'xL11JL13J', 'xL11JL9J', 'xL2JL11J', 'xL10JL1J', 'xL6JL1J', 'xL13JL8J', 'xL7JL8J', 'xL10JL2J', 'xL9JL8J', 'xL3JL9J', 'xL8JL9J', 'xL14JL13J', 'xL11JL1J', 'xL8JL14J', 'xL13JL5J', 'xL8JL8J', 'xL7JL13J', 'xL10JL5J', 'xL5JL10J', 'xL13JL7J', 'xL15JL10J', 'xL5JL9J', 'xL6JL7J', 'xL4JL4J', 'xL4JL6J', 'xL2JL1J'}, {'xL9JL2J', 'xL2JL15J', 'xL14JL15J', 'xL11JL13J', 'xL12JL10J', 'xL13JL4J', 'xL11JL9J', 'xL2JL11J', 'xL11JL10J', 'xL13JL8J', 'xL7JL9J', 'xL10JL2J', 'xL5JL6J', 'xL12JL11J', 'xL4JL11J', 'xL6JL2J', 'xL9JL3J', 'xL7JL11J', 'xL13JL11J', 'xL4JL5J', 'xL13JL2J', 'xL15JL11J', 'xL5JL15J', 'xL2JL3J', 'xL10JL14J', 'xL15JL6J', 'xL3JL13J', 'xL6JL10J', 'xL14JL11J', 'xL12JL5J'})