21, 2.7874583940817286, 9.0, 9
+-- , 0 , {48, 5} , {'xL27J', 'xL6J', 'xL36J', 'xL26J', 'xL11J', 'xL34J', 'xL16J', 'xL28J', 'xL2J', 'xL29J', 'xL12J', 'xL30J', 'xL15J'}
| +-- , 48 , set() , {'xL36J', 'xL6J', 'xL10J', 'xL26J'}
| +-- , 5 , {8, 46} , {'xL6J', 'xL36J', 'xL11J', 'xL34J', 'xL8J', 'xL16J', 'xL28J', 'xL2J', 'xL29J', 'xL15J', 'xL12J', 'xL27J', 'xL39J', 'xL30J'}
| | +-- , 8 , {10} , {'xL22J', 'xL6J', 'xL11J', 'xL34J', 'xL8J', 'xL16J', 'xL28J', 'xL2J', 'xL15J', 'xL29J', 'xL12J', 'xL27J', 'xL39J', 'xL30J'}
| | | +-- , 10 , {12} , {'xL22J', 'xL6J', 'xL11J', 'xL34J', 'xL8J', 'xL16J', 'xL28J', 'xL2J', 'xL15J', 'xL29J', 'xL27J', 'xL19J', 'xL39J', 'xL30J'}
| | | | +-- , 12 , {15} , {'xL22J', 'xL6J', 'xL14J', 'xL11J', 'xL34J', 'xL8J', 'xL16J', 'xL28J', 'xL5J', 'xL2J', 'xL29J', 'xL15J', 'xL19J', 'xL7J', 'xL32J', 'xL39J', 'xL30J'}
| | | | | +-- , 15 , {20, 44} , {'xL22J', 'xL18J', 'xL6J', 'xL14J', 'xL11J', 'xL34J', 'xL8J', 'xL13J', 'xL16J', 'xL28J', 'xL5J', 'xL2J', 'xL29J', 'xL15J', 'xL19J', 'xL33J', 'xL7J', 'xL24J'}
| | | | | | +-- , 20 , {22} , {'xL18J', 'xL6J', 'xL14J', 'xL11J', 'xL34J', 'xL8J', 'xL13J', 'xL16J', 'xL5J', 'xL28J', 'xL2J', 'xL29J', 'xL33J', 'xL7J', 'xL24J', 'xL9J'}
| | | | | | | +-- , 22 , {24, 36} , {'xL18J', 'xL6J', 'xL14J', 'xL11J', 'xL34J', 'xL8J', 'xL16J', 'xL5J', 'xL28J', 'xL2J', 'xL29J', 'xL33J', 'xL7J', 'xL24J', 'xL1J', 'xL9J'}
| | | | | | | | +-- , 24 , {26} , {'xL18J', 'xL6J', 'xL11J', 'xL34J', 'xL8J', 'xL16J', 'xL2J', 'xL29J', 'xL33J', 'xL38J', 'xL7J', 'xL1J', 'xL9J'}
| | | | | | | | | +-- , 26 , {28} , {'xL18J', 'xL6J', 'xL34J', 'xL2J', 'xL0J', 'xL33J', 'xL38J', 'xL7J', 'xL1J', 'xL9J'}
| | | | | | | | | | +-- , 28 , {30} , {'xL3J', 'xL33J', 'xL18J', 'xL6J', 'xL7J', 'xL1J', 'xL34J', 'xL9J', 'xL2J', 'xL0J'}
| | | | | | | | | | | +-- , 30 , {32, 34} , {'xL3J', 'xL33J', 'xL18J', 'xL6J', 'xL9J', 'xL2J', 'xL0J', 'xL37J'}
| | | | | | | | | | | | +-- , 32 , set() , {'xL23J', 'xL18J', 'xL37J'}
| | | | | | | | | | | | +-- , 34 , set() , {'xL37J', 'xL3J', 'xL35J', 'xL9J'}
| | | | | | | | +-- , 36 , {40, 38} , {'xL33J', 'xL6J', 'xL7J', 'xL24J', 'xL14J', 'xL1J', 'xL5J', 'xL28J', 'xL20J'}
| | | | | | | | | +-- , 40 , {42} , {'xL33J', 'xL7J', 'xL24J', 'xL1J', 'xL21J', 'xL5J', 'xL20J'}
| | | | | | | | | | +-- , 42 , set() , {'xL4J', 'xL7J', 'xL21J'}
| | | | | | | | | +-- , 38 , set() , {'xL20J', 'xL14J', 'xL17J', 'xL6J'}
| | | | | | +-- , 44 , set() , {'xL22J', 'xL25J', 'xL18J', 'xL19J'}
| | +-- , 46 , set() , {'xL2J', 'xL31J', 'xL8J', 'xL29J'}


Max number of edges with non zero Y: 25
Max number of iterations of outer rounding loop: 8
Max number of candidate sets: 2
Time spent rounding: 37.301
Time spent solving Separator LP: 0.735

LP Solver: GaifmanNormal