15, 0, 11.0, 12
+-- , 0 , {10, 38} , {'xL14J', 'xL13J', 'xL5J', 'xL2J', 'xL20J', 'xL27J', 'xL24J', 'xL35J', 'xL18J', 'xL6J', 'xL25J', 'xL17J', 'xL15J', 'xL37J', 'xL19J', 'xL3J', 'xL33J', 'xL1J', 'xL21J', 'xL39J', 'xL30J'}
| +-- , 10 , {13} , {'xL22J', 'xL14J', 'xL13J', 'xL5J', 'xL2J', 'xL20J', 'xL27J', 'xL24J', 'xL32J', 'xL35J', 'xL18J', 'xL6J', 'xL25J', 'xL15J', 'xL37J', 'xL19J', 'xL3J', 'xL33J', 'xL1J', 'xL21J', 'xL39J', 'xL30J'}
| | +-- , 13 , {16, 32} , {'xL22J', 'xL18J', 'xL6J', 'xL14J', 'xL8J', 'xL13J', 'xL5J', 'xL2J', 'xL20J', 'xL12J', 'xL15J', 'xL27J', 'xL37J', 'xL19J', 'xL3J', 'xL33J', 'xL1J', 'xL32J', 'xL21J', 'xL35J', 'xL39J', 'xL30J'}
| | | +-- , 16 , {18, 22, 24} , {'xL22J', 'xL18J', 'xL6J', 'xL14J', 'xL11J', 'xL8J', 'xL13J', 'xL5J', 'xL2J', 'xL15J', 'xL29J', 'xL12J', 'xL27J', 'xL37J', 'xL3J', 'xL33J', 'xL35J'}
| | | | +-- , 18 , {20} , {'xL6J', 'xL26J', 'xL8J', 'xL2J', 'xL29J', 'xL27J'}
| | | | | +-- , 20 , set() , {'xL6J', 'xL10J', 'xL36J', 'xL26J', 'xL8J', 'xL2J', 'xL29J'}
| | | | +-- , 22 , set() , {'xL2J', 'xL31J', 'xL8J', 'xL29J'}
| | | | +-- , 24 , {26} , {'xL22J', 'xL11J', 'xL34J', 'xL8J', 'xL13J', 'xL5J', 'xL2J', 'xL29J', 'xL12J', 'xL27J', 'xL37J', 'xL3J', 'xL33J', 'xL35J'}
| | | | | +-- , 26 , {28, 30} , {'xL22J', 'xL3J', 'xL33J', 'xL38J', 'xL11J', 'xL34J', 'xL8J', 'xL13J', 'xL5J', 'xL35J', 'xL2J', 'xL29J', 'xL37J'}
| | | | | | +-- , 28 , set() , {'xL22J', 'xL33J', 'xL38J', 'xL34J', 'xL13J', 'xL16J', 'xL5J', 'xL35J', 'xL9J', 'xL2J'}
| | | | | | +-- , 30 , set() , {'xL38J', 'xL0J', 'xL3J', 'xL37J'}
| | | +-- , 32 , {34, 36} , {'xL3J', 'xL33J', 'xL6J', 'xL7J', 'xL20J', 'xL1J', 'xL32J', 'xL8J', 'xL21J', 'xL39J', 'xL30J'}
| | | | +-- , 34 , set() , {'xL7J', 'xL20J', 'xL1J', 'xL32J', 'xL28J', 'xL39J', 'xL30J'}
| | | | +-- , 36 , set() , {'xL4J', 'xL7J', 'xL21J'}
| +-- , 38 , set() , {'xL23J', 'xL18J', 'xL37J'}


Max number of edges with non zero Y: 31
Max number of iterations of outer rounding loop: 9
Max number of candidate sets: 2
Time spent rounding: 72.685
Time spent solving Separator LP: 0.113

LP Solver: gammaPlusFractionalCoverHeuristic