13, 1.9738170728967552, 4.8999999999999995, 5
+-- , 0 , {33, 11, 29, 31} , {'11', '50', '36', '51', '31', '30', '8', '10', '44', '46', '0', '34', '35', '7', '26', '15', '12', '22', '39', '19', '9', '5', '40', '47', '37', '43', '25', '33', '4', '17', '3', '52', '23', '32', '2'}
| +-- , 33 , set() , {'11', '5', '50', '25', '33', '17', '14', '46', '9'}
| +-- , 11 , {19, 13} , {'11', '50', '36', '51', '31', '30', '8', '44', '0', '34', '35', '7', '26', '15', '12', '20', '22', '39', '19', '9', '5', '40', '47', '37', '25', '33', '4', '17', '3', '52', '32', '23', '46', '2'}
| | +-- , 19 , {21, 23, 25, 27} , {'5', '50', '51', '40', '31', '42', '8', '47', '9', '37', '0', '25', '35', '4', '17', '26', '15', '32', '12', '20', '39', '19', '2', '27'}
| | | +-- , 21 , set() , {'21', '35', '51', '26', '15', '42', '8', '47', '32', '27'}
| | | +-- , 23 , set() , {'19', '5', '51', '4', '15', '8', '39', '29', '2', '27'}
| | | +-- , 25 , set() , {'24', '0', '50', '28', '40', '27', '42', '12', '20', '9'}
| | | +-- , 27 , set() , {'5', '25', '40', '17', '31', '49', '42', '39', '37'}
| | +-- , 13 , {17, 15} , {'11', '50', '20', '36', '40', '31', '30', '8', '44', '46', '37', '16', '0', '18', '33', '3', '7', '52', '22', '23', '32', '2', '9'}
| | | +-- , 17 , set() , {'16', '11', '13', '0', '50', '36', '40', '31', '30', '52', '44', '20', '32', '2', '9'}
| | | +-- , 15 , set() , {'38', '16', '18', '22', '40', '3', '7', '6', '23', '37'}
| +-- , 29 , set() , {'0', '43', '51', '4', '17', '7', '45', '3', '48', '8'}
| +-- , 31 , set() , {'19', '25', '34', '35', '51', '17', '3', '31', '1', '15', '8', '10', '39', '46', '22'}


Max number of edges with non zero Y: 16
Max number of iterations of outer rounding loop: 7
Max number of candidate sets: 2
Time spent rounding: 20.959
Time spent solving Separator LP: 2.557

LP Solver: GaifmanNormal