11, 3.5, 5.0, 5
+-- , 0 , {23, 7, 25} , {'xL8J', 'xL2J', 'xL4J', 'xL18J', 'xL3J', 'xL5J', 'xL9J', 'xL19J', 'xL14J', 'xL10J'}
| +-- , 23 , set() , {'xL15J', 'xL9J', 'xL14J', 'xL3J'}
| +-- , 7 , {9} , {'xL8J', 'xL5J', 'xL10J', 'xL2J', 'xL4J', 'xL19J', 'xL14J', 'xL6J', 'xL18J', 'xL3J'}
| | +-- , 9 , {11} , {'xL8J', 'xL10J', 'xL2J', 'xL19J', 'xL14J', 'xL0J', 'xL6J', 'xL18J', 'xL3J'}
| | | +-- , 11 , {13} , {'xL1J', 'xL8J', 'xL10J', 'xL2J', 'xL14J', 'xL0J', 'xL6J', 'xL18J', 'xL3J'}
| | | | +-- , 13 , {17, 21, 15} , {'xL8J', 'xL7J', 'xL2J', 'xL18J', 'xL14J', 'xL0J', 'xL6J', 'xL1J', 'xL3J'}
| | | | | +-- , 17 , {19} , {'xL12J', 'xL7J', 'xL0J', 'xL6J', 'xL18J'}
| | | | | | +-- , 19 , set() , {'xL12J', 'xL6J', 'xL11J'}
| | | | | +-- , 21 , set() , {'xL17J', 'xL8J', 'xL7J', 'xL2J', 'xL6J', 'xL3J'}
| | | | | +-- , 15 , set() , {'xL7J', 'xL8J', 'xL1J', 'xL16J'}
| +-- , 25 , set() , {'xL13J', 'xL19J'}


Max number of edges with non zero Y: 5
Max number of iterations of outer rounding loop: 0
Max number of candidate sets: 0
Time spent rounding: 0.000
Time spent solving Separator LP: 1.680
Total time spent solving: 2.041

LP Solver: GaifmanNormalILP
Lower Bound Witness = ({'xL15J', 'xL1J', 'xL7J', 'xL5J', 'xL0J', 'xL6J', 'xL10J', 'xL11J', 'xL8J', 'xL2J', 'xL4J', 'xL12J', 'xL18J', 'xL3J', 'xL17J', 'xL13J', 'xL9J', 'xL19J', 'xL14J', 'xL16J'}, {'xL17J', 'xL7J', 'xL5J', 'xL15J', 'xL9J', 'xL10J', 'xL4J', 'xL12J', 'xL19J', 'xL14J', 'xL16J', 'xL6J', 'xL1J', 'xL3J'})