23, 2.7895760453297602, 8.0, 8
+-- , 0 , {5, 37, 41, 43, 45, 47} , {'xL30J', 'xL24J', 'xL35J', 'xL16J', 'xL28J', 'xL8J', 'xL22J', 'xL37J', 'xL12J', 'xL17J', 'xL0J', 'xL25J', 'xL4J', 'xL21J', 'xL34J'}
| +-- , 5 , {9, 7} , {'xL35J', 'xL8J', 'xL22J', 'xL37J', 'xL17J', 'xL4J', 'xL24J', 'xL16J', 'xL28J', 'xL12J', 'xL0J', 'xL25J', 'xL9J', 'xL21J', 'xL34J'}
| | +-- , 9 , {33, 35, 11} , {'xL35J', 'xL22J', 'xL37J', 'xL19J', 'xL17J', 'xL4J', 'xL24J', 'xL16J', 'xL28J', 'xL12J', 'xL0J', 'xL25J', 'xL9J', 'xL21J', 'xL34J'}
| | | +-- , 33 , set() , {'xL19J', 'xL35J', 'xL1J', 'xL25J'}
| | | +-- , 35 , set() , {'xL22J', 'xL19J', 'xL9J', 'xL21J', 'xL32J'}
| | | +-- , 11 , {13, 29, 25} , {'xL37J', 'xL19J', 'xL17J', 'xL4J', 'xL2J', 'xL24J', 'xL16J', 'xL28J', 'xL12J', 'xL0J', 'xL9J', 'xL21J', 'xL34J'}
| | | | +-- , 13 , {17, 15} , {'xL28J', 'xL17J', 'xL4J', 'xL34J', 'xL29J', 'xL2J'}
| | | | | +-- , 17 , {19} , {'xL3J', 'xL4J', 'xL28J', 'xL29J'}
| | | | | | +-- , 19 , {21, 23} , {'xL3J', 'xL4J', 'xL26J', 'xL29J'}
| | | | | | | +-- , 21 , set() , {'xL26J', 'xL10J'}
| | | | | | | +-- , 23 , set() , {'xL7J', 'xL4J', 'xL26J', 'xL29J'}
| | | | | +-- , 15 , set() , {'xL38J', 'xL2J', 'xL17J', 'xL29J'}
| | | | +-- , 29 , {31} , {'xL16J', 'xL28J', 'xL20J', 'xL37J', 'xL36J', 'xL19J', 'xL0J', 'xL21J', 'xL4J', 'xL34J', 'xL2J', 'xL27J'}
| | | | | +-- , 31 , set() , {'xL5J', 'xL16J', 'xL27J'}
| | | | +-- , 25 , {27} , {'xL24J', 'xL12J', 'xL17J', 'xL0J', 'xL9J', 'xL31J', 'xL2J'}
| | | | | +-- , 27 , set() , {'xL9J', 'xL33J', 'xL17J', 'xL31J'}
| | +-- , 7 , set() , {'xL24J', 'xL39J', 'xL8J', 'xL22J', 'xL37J', 'xL9J'}
| +-- , 37 , {39} , {'xL30J', 'xL24J', 'xL16J', 'xL37J', 'xL14J', 'xL17J', 'xL21J', 'xL23J'}
| | +-- , 39 , set() , {'xL16J', 'xL14J', 'xL11J', 'xL23J'}
| +-- , 41 , set() , {'xL6J', 'xL0J'}
| +-- , 43 , set() , {'xL13J', 'xL16J'}
| +-- , 45 , set() , {'xL15J', 'xL25J'}
| +-- , 47 , set() , {'xL30J', 'xL8J', 'xL18J'}


Max number of edges with non zero Y: 28
Max number of iterations of outer rounding loop: 7
Max number of candidate sets: 2
Time spent rounding: 31.569
Time spent solving Separator LP: 2.125

LP Solver: GaifmanBoosted