60, 3.053714472903502, 10.0, 10
+-- , 0 , {97, 3, 99, 103, 105, 75, 45, 47, 81, 51, 115, 87} , {'zL46J', 'xL9J', 'xL8J', 'xL0J', 'zL9J', 'xL3J', 'xL4J', 'zL77J', 'zL71J', 'xL6J', 'zL78J', 'zL19J', 'zL70J', 'zL0J', 'zL7J', 'xL5J', 'xL2J'}
| +-- , 97 , set() , {'w20', 'zL71J', 'xL6J'}
| +-- , 3 , {33, 35, 5, 7, 41, 43, 13, 21, 27, 31} , {'zL46J', 'xL9J', 'xL8J', 'xL0J', 'zL27J', 'zL74J', 'zL75J', 'xL3J', 'w9', 'zL77J', 'xL2J', 'zL18J', 'zL19J', 'zL0J', 'xL5J', 'xL6J', 'xL1J'}
| | +-- , 33 , set() , {'xL2J', 'xL8J', 'w6', 'xL0J', 'zL15J', 'yL3J', 'zL13J', 'xL5J', 'zL14J', 'xL1J', 'zL12J'}
| | +-- , 35 , {37} , {'xL8J', 'xL0J', 'zL17J', 'zL18J', 'xL3J'}
| | | +-- , 37 , {39} , {'zL16J', 'xL8J', 'zL17J', 'xL3J'}
| | | | +-- , 39 , set() , {'zL16J', 'yL4J', 'xL8J'}
| | +-- , 5 , set() , {'w15', 'xL9J', 'yL12J', 'zL49J', 'zL48J', 'xL0J', 'zL51J', 'zL50J', 'xL5J', 'xL2J', 'xL1J'}
| | +-- , 7 , {9} , {'zL60J', 'xL9J', 'zL61J', 'zL62J', 'xL3J', 'yL15J', 'xL5J', 'xL6J', 'xL1J'}
| | | +-- , 9 , {11} , {'zL63J', 'xL5J', 'zL62J', 'xL3J'}
| | | | +-- , 11 , set() , {'w18', 'zL63J', 'xL3J'}
| | +-- , 41 , set() , {'w21', 'xL1J', 'zL75J'}
| | +-- , 43 , set() , {'zL0J', 'yL0J', 'xL1J'}
| | +-- , 13 , {15} , {'xL9J', 'xL0J', 'zL27J', 'zL26J', 'xL3J', 'xL1J'}
| | | +-- , 15 , {17} , {'xL9J', 'zL25J', 'zL26J', 'xL1J', 'xL3J'}
| | | | +-- , 17 , {19} , {'xL9J', 'xL1J', 'zL25J', 'zL24J'}
| | | | | +-- , 19 , set() , {'yL6J', 'xL9J', 'zL24J'}
| | +-- , 21 , {23} , {'xL2J', 'xL8J', 'zL73J', 'xL6J', 'zL74J'}
| | | +-- , 23 , {25} , {'xL8J', 'zL73J', 'zL72J', 'xL6J'}
| | | | +-- , 25 , set() , {'xL6J', 'zL72J', 'yL18J'}
| | +-- , 27 , {29} , {'zL76J', 'zL77J', 'xL6J', 'xL1J'}
| | | +-- , 29 , set() , {'zL76J', 'xL6J', 'yL19J'}
| | +-- , 31 , set() , {'zL46J', 'xL9J', 'zL45J', 'zL44J', 'xL3J', 'yL11J', 'xL1J'}
| +-- , 99 , {101} , {'zL79J', 'xL9J', 'zL78J', 'xL3J'}
| | +-- , 101 , set() , {'zL79J', 'w22', 'xL3J'}
| +-- , 103 , set() , {'xL8J', 'xL0J', 'w17', 'xL3J', 'zL57J', 'yL14J', 'zL59J', 'zL56J', 'zL58J', 'xL5J', 'xL4J'}
| +-- , 105 , {107, 111} , {'xL2J', 'xL8J', 'xL9J', 'zL53J', 'xL3J', 'xL4J', 'zL54J'}
| | +-- , 107 , {109} , {'xL8J', 'zL55J', 'xL2J', 'zL54J'}
| | | +-- , 109 , set() , {'xL2J', 'zL55J', 'w16'}
| | +-- , 111 , {113} , {'xL9J', 'zL52J', 'zL53J', 'xL4J'}
| | | +-- , 113 , set() , {'yL13J', 'xL4J', 'zL52J'}
| +-- , 75 , {77} , {'xL9J', 'xL0J', 'yL16J', 'zL64J', 'xL3J', 'xL5J', 'xL4J'}
| | +-- , 77 , {79} , {'xL9J', 'zL67J', 'zL65J', 'zL66J', 'xL0J', 'zL64J', 'xL5J', 'xL4J'}
| | | +-- , 79 , set() , {'zL67J', 'w19', 'xL0J'}
| +-- , 45 , set() , {'zL21J', 'xL8J', 'xL9J', 'zL22J', 'zL23J', 'xL6J', 'yL5J', 'zL20J', 'w8', 'xL3J', 'xL4J'}
| +-- , 47 , {49} , {'xL2J', 'xL8J', 'zL6J', 'xL3J', 'zL5J', 'zL4J', 'zL7J', 'xL4J'}
| | +-- , 49 , set() , {'zL4J', 'yL1J', 'xL3J'}
| +-- , 81 , {83} , {'zL10J', 'xL9J', 'xL4J', 'zL9J', 'xL2J'}
| | +-- , 83 , {85} , {'zL10J', 'xL9J', 'xL4J', 'zL11J'}
| | | +-- , 85 , set() , {'w5', 'xL9J', 'zL11J'}
| +-- , 51 , {65, 67, 69, 53, 55, 57, 59, 63} , {'zL46J', 'xL8J', 'xL9J', 'xL0J', 'zL9J', 'xL3J', 'zL8J', 'zL36J', 'zL71J', 'w4', 'xL6J', 'xL2J', 'zL1J', 'zL37J', 'zL19J', 'zL70J', 'xL7J', 'zL47J', 'zL7J', 'zL0J', 'xL5J', 'xL4J'}
| | +-- , 65 , set() , {'w7', 'xL7J', 'zL19J'}
| | +-- , 67 , set() , {'zL47J', 'xL7J', 'w14'}
| | +-- , 69 , {71} , {'zL1J', 'xL9J', 'xL7J', 'zL2J', 'xL3J'}
| | | +-- , 71 , {73} , {'zL3J', 'xL9J', 'zL2J', 'xL3J'}
| | | | +-- , 73 , set() , {'zL3J', 'xL9J', 'w3'}
| | +-- , 53 , set() , {'xL6J', 'xL8J', 'xL9J', 'zL29J', 'zL30J', 'yL7J', 'xL7J', 'w10', 'zL28J', 'zL31J', 'xL4J'}
| | +-- , 55 , set() , {'xL6J', 'xL2J', 'xL0J', 'zL40J', 'xL7J', 'w13', 'zL42J', 'zL41J', 'zL43J', 'yL10J', 'xL4J'}
| | +-- , 57 , set() , {'zL8J', 'yL2J', 'xL7J'}
| | +-- , 59 , {61} , {'xL6J', 'zL38J', 'zL37J', 'xL4J', 'xL7J'}
| | | +-- , 61 , set() , {'zL38J', 'w12', 'xL7J', 'zL39J', 'xL4J'}
| | +-- , 63 , set() , {'xL5J', 'yL9J', 'zL36J'}
| +-- , 115 , {117} , {'xL9J', 'zL69J', 'xL4J', 'zL70J', 'xL3J'}
| | +-- , 117 , {119} , {'zL68J', 'xL4J', 'zL69J', 'xL3J'}
| | | +-- , 119 , set() , {'zL68J', 'yL17J', 'xL4J'}
| +-- , 87 , {89, 91} , {'xL6J', 'xL0J', 'zL35J', 'xL4J', 'zL34J', 'xL5J', 'xL2J'}
| | +-- , 89 , set() , {'w11', 'xL4J', 'zL35J'}
| | +-- , 91 , {93} , {'xL6J', 'xL0J', 'zL34J', 'zL33J', 'xL2J'}
| | | +-- , 93 , {95} , {'xL6J', 'zL33J', 'xL2J', 'zL32J'}
| | | | +-- , 95 , set() , {'yL8J', 'xL6J', 'zL32J'}


Max number of edges with non zero Y: 40
Max number of iterations of outer rounding loop: 3
Max number of candidate sets: 2
Time spent rounding: 12.315
Time spent solving Separator LP: 16.576
Total time spent solving: 37.129

LP Solver: GaifmanNormal
Lower Bound Witness = ({'zL20J', 'zL9J', 'yL4J', 'zL40J', 'zL75J', 'zL8J', 'w10', 'w18', 'w5', 'zL77J', 'zL25J', 'yL18J', 'zL70J', 'yL2J', 'zL39J', 'xL1J', 'zL13J', 'zL65J', 'zL52J', 'w6', 'yL3J', 'w13', 'yL15J', 'zL48J', 'zL22J', 'zL16J', 'zL41J', 'zL34J', 'zL31J', 'yL16J', 'xL2J', 'xL6J', 'zL60J', 'zL29J', 'zL64J', 'zL58J', 'zL14J', 'w4', 'w14', 'w3', 'yL5J', 'yL13J', 'zL19J', 'zL44J', 'yL14J', 'yL19J', 'zL55J', 'w20', 'xL4J', 'xL8J', 'xL9J', 'zL76J', 'zL35J', 'zL4J', 'yL17J', 'zL36J', 'zL24J', 'zL61J', 'w21', 'zL7J', 'zL0J', 'zL53J', 'w19', 'w22', 'zL74J', 'zL50J', 'zL38J', 'zL63J', 'zL51J', 'zL56J', 'zL33J', 'zL18J', 'zL32J', 'zL67J', 'zL30J', 'yL12J', 'zL62J', 'zL11J', 'w8', 'zL57J', 'w12', 'zL12J', 'zL23J', 'zL37J', 'w17', 'zL15J', 'zL26J', 'xL7J', 'yL1J', 'zL59J', 'yL9J', 'zL21J', 'zL46J', 'zL49J', 'yL0J', 'zL72J', 'xL3J', 'zL17J', 'w9', 'zL1J', 'zL79J', 'zL66J', 'zL78J', 'zL10J', 'zL47J', 'zL43J', 'w11', 'yL10J', 'xL5J', 'yL11J', 'zL73J', 'yL8J', 'zL69J', 'xL0J', 'zL68J', 'zL27J', 'yL7J', 'zL45J', 'zL71J', 'w15', 'zL3J', 'yL6J', 'w7', 'zL6J', 'w16', 'zL5J', 'zL42J', 'zL28J', 'zL2J', 'zL54J'}, {'zL46J', 'zL9J', 'yL4J', 'zL64J', 'zL50J', 'w9', 'zL77J', 'zL58J', 'zL14J', 'yL18J', 'zL19J', 'yL14J', 'yL19J', 'w11', 'w20', 'yL11J', 'zL13J', 'xL8J', 'zL67J', 'zL52J', 'xL0J', 'yL3J', 'zL3J', 'zL22J', 'zL6J', 'w16', 'w17', 'zL7J', 'zL0J', 'xL2J', 'zL69J'})