10, 0, 5.125, 7
+-- , 10 , {8} , {'66', '71', '63', '13', '23', '25', '69', '53', '8', '62', '55'}
| +-- , 8 , {0, 12} , {'33', '41', '42', '61', '64', '66', '71', '63', '10', '23', '22', '27', '7', '15', '13', '8', '37', '55', '70', '19', '38', '44', '57', '16', '31', '25', '69', '9', '36', '2', '4', '45', '1', '30', '0', '49'}
| | +-- , 0 , {22, 24} , {'21', '33', '41', '42', '0', '26', '61', '66', '71', '10', '23', '22', '27', '7', '15', '13', '8', '37', '55', '70', '19', '38', '44', '57', '16', '25', '9', '69', '58', '2', '4', '1', '18', '30', '36', '49', '60'}
| | | +-- , 22 , set() , {'2', '21', '1', '36', '57', '18', '58', '24', '0', '26', '39', '70', '3'}
| | | +-- , 24 , set() , {'14', '21', '29', '67', '0', '42', '41', '61', '66', '71', '10', '27', '15', '13', '8', '37', '38', '44', '25', '9', '2', '28', '18', '36', '49', '60'}
| | +-- , 12 , {20, 14} , {'33', '41', '0', '42', '61', '66', '71', '40', '10', '23', '35', '22', '50', '15', '7', '13', '37', '55', '70', '19', '38', '44', '57', '16', '31', '25', '69', '9', '2', '4', '45', '47', '1', '30', '36', '49'}
| | | +-- , 20 , set() , {'66', '45', '47', '2', '40', '23', '35', '16', '34', '50', '69', '0', '70'}
| | | +-- , 14 , {16, 18} , {'33', '41', '42', '0', '61', '71', '40', '10', '35', '22', '7', '15', '50', '13', '37', '55', '19', '38', '44', '57', '31', '9', '25', '69', '47', '4', '1', '30', '17', '36', '49'}
| | | | +-- , 16 , set() , {'6', '43', '41', '42', '61', '71', '32', '72', '40', '10', '50', '7', '13', '37', '55', '19', '38', '46', '57', '56', '31', '68', '25', '69', '36', '47', '4', '48', '54', '1', '30', '17', '0', '49'}
| | | | +-- , 18 , set() , {'33', '44', '35', '22', '31', '9', '15', '20', '42', '17', '37', '55', '59'}


Max number of edges with non zero Y: 14
Max number of iterations of outer rounding loop: 4
Max number of candidate sets: 2
Time spent rounding: 3.113
Time spent solving Separator LP: 0.034
Total time spent solving: 4.283

LP Solver: gammaPlusFractionalCoverHeuristic
Number of Rounding Attemps: 16
Lower Bound Witness = ({'14', '21', '29', '33', '6', '34', '43', '67', '42', '20', '62', '26', '61', '59', '41', '66', '71', '63', '32', '72', '64', '40', '10', '23', '35', '22', '27', '50', '15', '53', '13', '8', '7', '37', '55', '70', '39', '19', '38', '46', '44', '57', '56', '16', '31', '68', '25', '69', '9', '36', '58', '3', '2', '4', '45', '28', '47', '48', '1', '30', '54', '18', '24', '17', '0', '49', '60'}, {'66', '46', '27', '41', '0'})