14, 1.0250000000000001, 4.0, 4
+-- , 0 , {19, 6, 23, 27, 31} , {'yL10J', 'xL3J', 'yL11J', 'xL2J', 'yL12J', 'yL9J', 'xL0J', 'yL13J', 'xL6J', 'yL15J', 'yL8J', 'yL14J'}
| +-- , 19 , {21} , {'xL2J', 'yL16J'}
| | +-- , 21 , set() , {'yL22J', 'yL16J', 'yL23J', 'yL18J', 'yL21J', 'yL17J', 'yL20J', 'yL19J'}
| +-- , 6 , {8} , {'xL3J', 'xL2J', 'xL0J', 'xL6J', 'yL8J', 'xL1J'}
| | +-- , 8 , {17, 12} , {'xL3J', 'xL2J', 'yL40J', 'xL5J', 'xL0J', 'xL6J', 'xL1J'}
| | | +-- , 17 , set() , {'yL47J', 'yL42J', 'yL40J', 'yL43J', 'yL41J', 'yL46J', 'yL45J', 'yL44J'}
| | | +-- , 12 , {15} , {'yL34J', 'yL32J', 'yL36J', 'xL5J', 'yL35J', 'xL0J', 'yL37J', 'xL3J', 'xL2J', 'yL38J', 'yL39J', 'xL6J', 'yL33J', 'xL1J'}
| | | | +-- , 15 , set() , {'xL3J', 'xL2J', 'yL32J', 'xL4J', 'xL5J', 'xL0J', 'xL6J', 'xL1J'}
| +-- , 23 , {25} , {'yL48J', 'xL6J'}
| | +-- , 25 , set() , {'yL54J', 'yL51J', 'yL49J', 'yL55J', 'yL53J', 'yL48J', 'yL52J', 'yL50J'}
| +-- , 27 , {29} , {'xL0J', 'yL0J'}
| | +-- , 29 , set() , {'yL1J', 'yL2J', 'yL7J', 'yL4J', 'yL0J', 'yL5J', 'yL6J', 'yL3J'}
| +-- , 31 , {33} , {'yL24J', 'xL3J'}
| | +-- , 33 , set() , {'yL25J', 'yL27J', 'yL26J', 'yL30J', 'yL28J', 'yL31J', 'yL24J', 'yL29J'}


Max number of edges with non zero Y: 7
Max number of iterations of outer rounding loop: 2
Max number of candidate sets: 2
Time spent rounding: 7.505
Time spent solving Separator LP: 0.272
Total time spent solving: 10.109

LP Solver: GaifmanBoosted
Lower Bound Witness = ({'xL3J', 'xL2J', 'yL32J', 'yL34J', 'yL38J', 'xL4J', 'yL39J', 'xL5J', 'yL36J', 'yL35J', 'xL0J', 'yL37J', 'xL6J', 'yL33J', 'xL1J'}, {'xL3J', 'xL2J', 'xL5J', 'xL0J', 'xL6J', 'xL1J'})