14, 1.6363636363636378, 6.0, 7
+-- , 0 , {6, 26, 28, 30} , {'xL0J', 'xL16J', 'xL7J', 'xL2J', 'xL14J', 'xL3J', 'xL5J', 'xL8J', 'xL24J', 'xL22J', 'xL15J', 'xL20J'}
| +-- , 6 , {20, 24, 8} , {'xL0J', 'xL7J', 'xL8J', 'xL5J', 'xL22J', 'xL15J', 'xL17J', 'xL3J', 'xL2J', 'xL20J'}
| | +-- , 20 , {22} , {'xL9J', 'xL7J', 'xL17J', 'xL3J'}
| | | +-- , 22 , set() , {'xL9J', 'xL4J', 'xL7J'}
| | +-- , 24 , set() , {'xL17J', 'xL5J', 'xL2J', 'xL22J', 'xL15J', 'xL19J'}
| | +-- , 8 , {10} , {'xL0J', 'xL1J', 'xL8J', 'xL5J', 'xL22J', 'xL15J', 'xL17J', 'xL3J', 'xL2J', 'xL20J'}
| | | +-- , 10 , {12} , {'xL0J', 'xL2J', 'xL1J', 'xL3J', 'xL8J', 'xL5J', 'xL21J', 'xL22J', 'xL15J', 'xL20J'}
| | | | +-- , 12 , {14} , {'xL2J', 'xL1J', 'xL3J', 'xL8J', 'xL5J', 'xL21J', 'xL22J', 'xL15J', 'xL12J'}
| | | | | +-- , 14 , {16, 18} , {'xL23J', 'xL2J', 'xL1J', 'xL8J', 'xL21J', 'xL22J', 'xL15J', 'xL12J'}
| | | | | | +-- , 16 , set() , {'xL1J', 'xL23J', 'xL2J', 'xL12J', 'xL18J'}
| | | | | | +-- , 18 , set() , {'xL11J', 'xL12J', 'xL21J', 'xL23J'}
| +-- , 26 , set() , {'xL0J', 'xL6J', 'xL14J', 'xL24J', 'xL15J'}
| +-- , 28 , set() , {'xL0J', 'xL22J', 'xL3J', 'xL13J'}
| +-- , 30 , set() , {'xL10J', 'xL16J'}


Max number of edges with non zero Y: 9
Max number of iterations of outer rounding loop: 4
Max number of candidate sets: 2
Time spent rounding: 6.048
Time spent solving Separator LP: 0.231
Total time spent solving: 7.836

LP Solver: GaifmanBoosted
Lower Bound Witness = ({'xL0J', 'xL4J', 'xL7J', 'xL1J', 'xL13J', 'xL5J', 'xL11J', 'xL9J', 'xL21J', 'xL22J', 'xL16J', 'xL17J', 'xL14J', 'xL23J', 'xL18J', 'xL20J', 'xL6J', 'xL8J', 'xL15J', 'xL12J', 'xL19J', 'xL3J', 'xL24J', 'xL2J'}, {'xL0J', 'xL16J', 'xL7J', 'xL14J', 'xL3J', 'xL5J', 'xL24J', 'xL2J', 'xL20J'})