11, 2.217039409319614, 7.0, 8
+-- , 0 , {5, 22, 24} , {'xL4J', 'xL16J', 'xL1J', 'xL17J', 'xL3J', 'xL13J', 'xL8J', 'xL9J', 'xL24J', 'xL22J', 'xL2J', 'xL12J', 'xL19J'}
| +-- , 5 , {7} , {'xL0J', 'xL4J', 'xL1J', 'xL13J', 'xL8J', 'xL22J', 'xL12J', 'xL19J', 'xL16J', 'xL17J', 'xL3J', 'xL24J', 'xL2J'}
| | +-- , 7 , {9} , {'xL0J', 'xL4J', 'xL7J', 'xL1J', 'xL8J', 'xL22J', 'xL12J', 'xL19J', 'xL16J', 'xL17J', 'xL3J', 'xL24J', 'xL2J'}
| | | +-- , 9 , {11} , {'xL0J', 'xL7J', 'xL1J', 'xL8J', 'xL22J', 'xL12J', 'xL19J', 'xL16J', 'xL17J', 'xL3J', 'xL24J', 'xL2J', 'xL18J'}
| | | | +-- , 11 , {13} , {'xL0J', 'xL7J', 'xL1J', 'xL8J', 'xL22J', 'xL12J', 'xL19J', 'xL16J', 'xL17J', 'xL14J', 'xL3J', 'xL24J', 'xL18J'}
| | | | | +-- , 13 , {16} , {'xL0J', 'xL7J', 'xL1J', 'xL6J', 'xL8J', 'xL22J', 'xL15J', 'xL12J', 'xL19J', 'xL17J', 'xL14J', 'xL3J', 'xL24J', 'xL18J'}
| | | | | | +-- , 16 , {18, 20} , {'xL0J', 'xL7J', 'xL1J', 'xL8J', 'xL21J', 'xL22J', 'xL15J', 'xL12J', 'xL23J', 'xL17J', 'xL3J', 'xL24J', 'xL18J'}
| | | | | | | +-- , 18 , set() , {'xL11J', 'xL12J', 'xL21J', 'xL23J'}
| | | | | | | +-- , 20 , set() , {'xL7J', 'xL1J', 'xL17J', 'xL21J', 'xL3J', 'xL24J', 'xL20J'}
| +-- , 22 , set() , {'xL1J', 'xL5J', 'xL2J', 'xL12J', 'xL19J'}
| +-- , 24 , set() , {'xL10J', 'xL16J'}


Max number of edges with non zero Y: 21
Max number of iterations of outer rounding loop: 7
Max number of candidate sets: 2
Time spent rounding: 28.394
Time spent solving Separator LP: 0.538
Total time spent solving: 32.303

LP Solver: GaifmanNormal
Lower Bound Witness = ({'xL0J', 'xL4J', 'xL7J', 'xL1J', 'xL13J', 'xL5J', 'xL11J', 'xL9J', 'xL21J', 'xL22J', 'xL10J', 'xL16J', 'xL17J', 'xL14J', 'xL23J', 'xL18J', 'xL20J', 'xL6J', 'xL8J', 'xL15J', 'xL12J', 'xL19J', 'xL3J', 'xL24J', 'xL2J'}, {'xL0J', 'xL4J', 'xL1J', 'xL13J', 'xL5J', 'xL9J', 'xL21J', 'xL22J', 'xL10J', 'xL14J', 'xL18J', 'xL6J', 'xL8J', 'xL15J', 'xL12J', 'xL19J', 'xL3J', 'xL24J', 'xL2J'})