11, 1.9018746800039803, 6.5, 7
+-- , 0 , {20, 6, 24} , {'xL7J', 'xL6J', 'xL8J', 'xL22J', 'xL15J', 'xL19J', 'xL16J', 'xL17J', 'xL14J', 'xL3J', 'xL2J'}
| +-- , 20 , {22} , {'xL4J', 'xL7J', 'xL17J', 'xL3J'}
| | +-- , 22 , set() , {'xL9J', 'xL17J', 'xL3J', 'xL4J'}
| +-- , 6 , {8, 18} , {'xL0J', 'xL7J', 'xL6J', 'xL8J', 'xL22J', 'xL15J', 'xL12J', 'xL19J', 'xL23J', 'xL17J', 'xL3J', 'xL24J', 'xL2J'}
| | +-- , 8 , {16, 10} , {'xL0J', 'xL23J', 'xL7J', 'xL2J', 'xL17J', 'xL3J', 'xL24J', 'xL22J', 'xL15J', 'xL12J', 'xL19J', 'xL20J'}
| | | +-- , 16 , set() , {'xL0J', 'xL23J', 'xL11J', 'xL21J', 'xL15J', 'xL12J', 'xL20J'}
| | | +-- , 10 , {12, 14} , {'xL2J', 'xL1J', 'xL17J', 'xL23J', 'xL22J', 'xL15J', 'xL12J', 'xL19J', 'xL20J'}
| | | | +-- , 12 , set() , {'xL1J', 'xL23J', 'xL2J', 'xL12J', 'xL18J'}
| | | | +-- , 14 , set() , {'xL1J', 'xL5J', 'xL2J', 'xL12J', 'xL19J'}
| | +-- , 18 , set() , {'xL0J', 'xL22J', 'xL3J', 'xL13J'}
| +-- , 24 , set() , {'xL10J', 'xL16J'}


Max number of edges with non zero Y: 20
Max number of iterations of outer rounding loop: 6
Max number of candidate sets: 2
Time spent rounding: 17.201
Time spent solving Separator LP: 0.473
Total time spent solving: 20.048

LP Solver: GaifmanBoosted
Lower Bound Witness = ({'xL0J', 'xL20J', 'xL24J', 'xL7J', 'xL2J', 'xL1J', 'xL17J', 'xL21J', 'xL3J', 'xL5J', 'xL11J', 'xL23J', 'xL22J', 'xL15J', 'xL12J', 'xL19J', 'xL18J'}, {'xL0J', 'xL23J', 'xL7J', 'xL2J', 'xL17J', 'xL3J', 'xL24J', 'xL22J', 'xL15J', 'xL12J', 'xL19J'})