20, 3.2059799093856918, 8.916666666666666, 12
+-- , 0 , {3, 37, 39, 41} , {'66', '23', '44', '30', '20', '72', '31', '14', '46', '69', '73', '22', '58', '28', '74', '60', '18', '3', '62', '54', '17', '65', '79', '25', '51', '32', '24', '41', '39', '77', '9'}
| +-- , 3 , {5} , {'66', '44', '30', '31', '46', '69', '28', '74', '60', '18', '3', '62', '51', '32', '41', '14', '23', '20', '72', '36', '73', '80', '58', '54', '17', '25', '24', '65', '22', '77', '9'}
| | +-- , 5 , {8, 35} , {'66', '44', '30', '11', '31', '46', '69', '70', '28', '74', '60', '18', '3', '62', '32', '41', '23', '20', '72', '36', '73', '80', '58', '24', '54', '17', '25', '71', '82', '14', '65', '22', '77', '9'}
| | | +-- , 8 , {10} , {'66', '44', '11', '30', '31', '46', '69', '37', '70', '28', '74', '60', '18', '3', '62', '32', '41', '23', '20', '72', '36', '73', '80', '58', '54', '17', '25', '82', '24', '65', '22', '77', '9'}
| | | | +-- , 10 , {13, 15} , {'66', '11', '30', '31', '46', '69', '37', '70', '28', '74', '60', '18', '3', '62', '32', '41', '23', '20', '36', '73', '80', '54', '17', '6', '57', '82', '24', '65', '22', '77', '9'}
| | | | | +-- , 13 , set() , {'17', '41', '30', '20', '57', '19', '50', '24', '65', '60', '7', '3', '67'}
| | | | | +-- , 15 , {17} , {'66', '11', '30', '31', '46', '69', '1', '37', '70', '28', '74', '18', '3', '62', '32', '41', '23', '36', '73', '80', '54', '17', '6', '57', '82', '65', '22', '77', '9'}
| | | | | | +-- , 17 , {33, 19} , {'66', '11', '30', '31', '46', '69', '1', '37', '70', '28', '40', '18', '3', '62', '32', '41', '23', '36', '80', '54', '17', '6', '57', '82', '29', '65', '22', '77', '9'}
| | | | | | | +-- , 33 , set() , {'23', '46', '29', '43', '28', '40'}
| | | | | | | +-- , 19 , {21, 31} , {'66', '23', '11', '30', '31', '9', '69', '36', '1', '80', '37', '70', '40', '18', '3', '62', '56', '54', '17', '65', '57', '82', '32', '29', '41', '22', '77', '6'}
| | | | | | | | +-- , 21 , {23} , {'11', '30', '31', '69', '1', '37', '33', '70', '40', '18', '3', '62', '32', '41', '23', '26', '36', '80', '5', '15', '56', '54', '17', '6', '55', '57', '82', '29', '65', '22', '77', '9'}
| | | | | | | | | +-- , 23 , {25, 27, 29} , {'31', '69', '37', '33', '70', '40', '34', '3', '62', '32', '53', '41', '63', '23', '36', '80', '5', '15', '56', '64', '54', '17', '6', '55', '13', '29', '82', '4', '47', '22', '77', '9'}
| | | | | | | | | | +-- , 25 , set() , {'23', '31', '34', '78', '47', '9'}
| | | | | | | | | | +-- , 27 , set() , {'63', '40', '75', '36', '80', '34'}
| | | | | | | | | | +-- , 29 , set() , {'63', '36', '32', '2', '29', '53'}
| | | | | | | | +-- , 31 , set() , {'66', '30', '45', '56', '6'}
| | | +-- , 35 , set() , {'25', '71', '42', '36', '82', '69', '70', '14', '74', '9'}
| +-- , 37 , set() , {'17', '66', '23', '16', '35', '58'}
| +-- , 39 , set() , {'77', '44', '74', '41', '54', '21'}
| +-- , 41 , set() , {'30', '25', '61', '73', '62'}


Max number of edges with non zero Y: 27
Max number of iterations of outer rounding loop: 8
Max number of candidate sets: 2
Time spent rounding: 37.803
Time spent solving Separator LP: 11.690
Total time spent solving: 55.341

LP Solver: GaifmanBoosted
Lower Bound Witness = ({'66', '44', '11', '30', '31', '42', '46', '69', '2', '1', '37', '33', '28', '70', '40', '34', '74', '60', '18', '3', '62', '7', '67', '19', '45', '32', '53', '41', '78', '63', '23', '20', '72', '26', '36', '73', '80', '58', '24', '5', '15', '56', '64', '54', '17', '6', '55', '57', '25', '75', '71', '13', '29', '82', '43', '50', '4', '47', '14', '65', '22', '77', '9'}, {'66', '44', '30', '31', '46', '69', '28', '74', '60', '18', '3', '62', '32', '41', '23', '20', '72', '36', '73', '80', '58', '24', '54', '17', '25', '71', '14', '65', '22', '77', '9'})