22, 2.9745440977011093, 8.6875, 10
+-- , 0 , {3, 51, 53} , {'20', '42', '46', '69', '36', '73', '80', '70', '28', '58', '7', '3', '67', '54', '65', '71', '82', '41', '9'}
| +-- , 3 , {6} , {'42', '46', '69', '70', '28', '7', '3', '41', '20', '36', '73', '80', '58', '5', '54', '55', '71', '82', '29', '4', '47', '65', '77', '9'}
| | +-- , 6 , {11} , {'42', '46', '69', '70', '28', '40', '7', '3', '53', '41', '23', '20', '36', '73', '80', '58', '5', '54', '17', '6', '55', '71', '82', '29', '43', '47', '65', '22', '77', '9'}
| | | +-- , 11 , {49, 14} , {'42', '69', '37', '70', '28', '40', '74', '7', '3', '53', '41', '23', '20', '36', '73', '80', '58', '5', '54', '17', '6', '55', '25', '71', '82', '29', '47', '65', '22', '77', '9'}
| | | | +-- , 49 , set() , {'77', '44', '80', '37', '70', '58', '74', '41', '54', '21'}
| | | | +-- , 14 , {20, 47} , {'30', '11', '1', '37', '70', '28', '40', '74', '7', '3', '62', '53', '41', '23', '20', '26', '36', '73', '80', '58', '5', '56', '54', '17', '6', '55', '25', '71', '82', '29', '47', '65', '22', '77', '9'}
| | | | | +-- , 20 , {22, 43, 45} , {'66', '11', '30', '1', '37', '70', '28', '40', '74', '7', '3', '62', '53', '41', '23', '20', '36', '73', '80', '58', '5', '56', '54', '17', '6', '25', '71', '82', '29', '47', '65', '22', '77', '9'}
| | | | | | +-- , 22 , {24} , {'66', '11', '30', '1', '37', '70', '28', '40', '74', '18', '3', '62', '7', '53', '41', '23', '20', '36', '73', '80', '5', '56', '54', '17', '6', '25', '71', '82', '29', '47', '65', '22', '77', '9'}
| | | | | | | +-- , 24 , {41, 27} , {'30', '1', '37', '70', '40', '74', '34', '18', '3', '62', '7', '53', '41', '23', '20', '36', '73', '80', '5', '15', '56', '54', '17', '6', '25', '82', '29', '47', '65', '22', '77', '9'}
| | | | | | | | +-- , 41 , set() , {'17', '6', '15', '18', '13', '56', '64', '37', '33', '70', '53', '34', '41', '54', '3', '62', '9'}
| | | | | | | | +-- , 27 , {29, 39} , {'23', '30', '20', '31', '36', '73', '1', '80', '37', '40', '34', '74', '5', '18', '3', '7', '56', '17', '65', '25', '82', '29', '53', '47', '41', '22', '77', '9'}
| | | | | | | | | +-- , 29 , {33, 35, 37, 31} , {'30', '31', '1', '37', '40', '34', '74', '18', '3', '7', '32', '53', '41', '63', '20', '72', '36', '73', '80', '5', '56', '17', '57', '25', '75', '82', '29', '24', '65', '22', '77', '9'}
| | | | | | | | | | +-- , 33 , set() , {'17', '57', '31', '19', '7', '24', '65', '60', '18', '22'}
| | | | | | | | | | +-- , 35 , set() , {'63', '36', '32', '2', '29', '53'}
| | | | | | | | | | +-- , 37 , set() , {'79', '72', '20', '32', '24', '39'}
| | | | | | | | | | +-- , 31 , set() , {'30', '57', '50', '24', '41', '7'}
| | | | | | | | | +-- , 39 , set() , {'23', '31', '34', '78', '47', '9'}
| | | | | | +-- , 43 , set() , {'17', '66', '23', '16', '35', '58'}
| | | | | | +-- , 45 , set() , {'66', '30', '45', '56', '6'}
| | | | | +-- , 47 , set() , {'30', '25', '61', '73', '62'}
| +-- , 51 , set() , {'71', '46', '42', '82', '36', '73', '70', '58', '14', '9'}
| +-- , 53 , set() , {'51', '69', '80', '28', '54', '3'}


Max number of edges with non zero Y: 23
Max number of iterations of outer rounding loop: 8
Max number of candidate sets: 2
Time spent rounding: 61.419
Time spent solving Separator LP: 16.997
Total time spent solving: 86.954

LP Solver: GaifmanBoosted
Lower Bound Witness = ({'66', '11', '30', '31', '16', '61', '2', '1', '37', '33', '28', '70', '40', '34', '74', '60', '18', '3', '62', '7', '19', '45', '32', '53', '41', '78', '63', '23', '20', '72', '26', '36', '73', '80', '58', '39', '5', '15', '56', '64', '54', '17', '6', '79', '55', '57', '25', '75', '71', '35', '13', '29', '82', '50', '47', '24', '65', '22', '77', '9'}, {'1', '37', '70', '28', '40', '74', '7', '3', '62', '53', '41', '23', '20', '26', '36', '73', '80', '58', '5', '56', '54', '17', '6', '55', '25', '71', '82', '29', '47', '65', '22', '77', '9'})