56, 3.3758838315050355, 9.0, 9
+-- , 0 , {3, 69, 103, 9, 75, 73, 113, 85, 87, 89, 93} , {'xL3J', 'w3', 'xL4J', 'zL1J', 'zL54J', 'xL9J', 'xL1J', 'zL64J', 'zL2J', 'zL3J', 'zL61J', 'zL53J', 'xL7J', 'zL7J', 'zL6J', 'xL0J', 'xL8J', 'zL62J', 'xL6J'}
| +-- , 3 , {5} , {'xL3J', 'xL4J', 'xL0J', 'zL27J', 'xL9J', 'w9', 'yL6J', 'zL24J', 'xL6J'}
| | +-- , 5 , set() , {'xL3J', 'xL4J', 'zL25J', 'zL27J', 'zL24J', 'zL26J', 'xL6J'}
| +-- , 69 , {71} , {'xL3J', 'xL9J', 'zL62J', 'zL63J'}
| | +-- , 71 , set() , {'w18', 'xL3J', 'zL63J'}
| +-- , 103 , {105} , {'zL28J', 'xL3J', 'xL7J', 'xL0J', 'xL9J', 'xL1J', 'yL7J'}
| | +-- , 105 , {107} , {'zL28J', 'xL3J', 'xL7J', 'zL29J', 'xL9J', 'xL1J'}
| | | +-- , 107 , {109} , {'zL29J', 'xL3J', 'xL9J', 'xL7J', 'zL30J'}
| | | | +-- , 109 , {111} , {'xL3J', 'xL7J', 'zL31J', 'zL30J'}
| | | | | +-- , 111 , set() , {'xL3J', 'zL31J', 'w10'}
| +-- , 9 , {67, 11} , {'xL3J', 'xL4J', 'zL1J', 'zL54J', 'zL76J', 'xL9J', 'xL1J', 'zL64J', 'zL61J', 'xL7J', 'zL6J', 'xL0J', 'xL8J', 'zL60J', 'xL6J', 'zL77J'}
| | +-- , 67 , set() , {'zL76J', 'xL4J', 'yL19J'}
| | +-- , 11 , {13} , {'xL3J', 'zL55J', 'xL4J', 'zL1J', 'zL79J', 'zL54J', 'w16', 'w22', 'xL9J', 'xL1J', 'zL64J', 'xL7J', 'zL6J', 'xL0J', 'xL6J', 'xL8J', 'zL60J', 'zL77J'}
| | | +-- , 13 , {65, 15} , {'xL3J', 'xL4J', 'zL55J', 'zL1J', 'zL79J', 'zL54J', 'xL9J', 'xL1J', 'zL64J', 'xL7J', 'zL6J', 'xL0J', 'xL8J', 'zL60J', 'zL23J', 'xL6J', 'zL77J'}
| | | | +-- , 65 , set() , {'xL0J', 'w8', 'zL23J'}
| | | | +-- , 15 , {45, 17, 51, 53, 59, 63} , {'zL18J', 'xL3J', 'xL4J', 'zL55J', 'zL1J', 'zL79J', 'zL54J', 'yL15J', 'xL9J', 'xL1J', 'zL64J', 'xL7J', 'zL6J', 'zL65J', 'xL6J', 'xL8J', 'zL60J', 'zL23J', 'zL22J', 'zL77J', 'zL19J', 'xL2J'}
| | | | | +-- , 45 , {47} , {'zL5J', 'xL8J', 'xL6J', 'xL2J', 'zL6J'}
| | | | | | +-- , 47 , {49} , {'zL5J', 'xL8J', 'xL6J', 'zL4J'}
| | | | | | | +-- , 49 , set() , {'xL6J', 'yL1J', 'zL4J'}
| | | | | +-- , 17 , {19, 41, 43} , {'zL18J', 'xL3J', 'zL37J', 'xL4J', 'zL79J', 'xL9J', 'xL1J', 'xL7J', 'zL36J', 'zL39J', 'zL65J', 'xL8J', 'zL38J', 'xL6J', 'zL78J', 'zL77J', 'xL2J'}
| | | | | | +-- , 19 , {21, 39} , {'zL18J', 'xL3J', 'zL17J', 'zL16J', 'zL37J', 'xL4J', 'zL79J', 'xL9J', 'xL1J', 'xL7J', 'zL15J', 'w6', 'zL65J', 'zL38J', 'xL8J', 'xL6J', 'zL78J', 'xL2J'}
| | | | | | | +-- , 21 , {33, 23, 25, 29, 31} , {'zL18J', 'xL3J', 'xL5J', 'zL17J', 'zL37J', 'xL4J', 'zL79J', 'xL9J', 'xL1J', 'xL7J', 'zL15J', 'zL65J', 'zL38J', 'xL8J', 'xL6J', 'zL78J', 'xL2J'}
| | | | | | | | +-- , 33 , {35} , {'zL65J', 'xL5J', 'xL7J', 'xL2J', 'zL66J'}
| | | | | | | | | +-- , 35 , {37} , {'xL5J', 'xL7J', 'zL67J', 'zL66J'}
| | | | | | | | | | +-- , 37 , set() , {'zL67J', 'w19', 'xL7J'}
| | | | | | | | +-- , 23 , set() , {'xL5J', 'zL73J', 'zL75J', 'zL72J', 'w21', 'yL18J', 'xL8J', 'xL1J', 'xL6J', 'zL74J', 'xL2J'}
| | | | | | | | +-- , 25 , {27} , {'zL12J', 'xL5J', 'zL15J', 'xL6J', 'xL9J', 'zL14J', 'zL13J', 'xL2J'}
| | | | | | | | | +-- , 27 , set() , {'yL3J', 'xL9J', 'zL12J'}
| | | | | | | | +-- , 29 , set() , {'zL32J', 'xL3J', 'xL5J', 'xL7J', 'w11', 'xL6J', 'zL35J', 'zL33J', 'yL8J', 'zL34J', 'xL2J'}
| | | | | | | | +-- , 31 , set() , {'zL8J', 'xL5J', 'xL7J', 'zL11J', 'xL4J', 'yL2J', 'zL10J', 'zL9J', 'xL8J', 'w5', 'xL2J'}
| | | | | | | +-- , 39 , set() , {'xL6J', 'yL4J', 'zL16J'}
| | | | | | +-- , 41 , set() , {'zL39J', 'w12', 'xL7J'}
| | | | | | +-- , 43 , set() , {'zL36J', 'xL9J', 'yL9J'}
| | | | | +-- , 51 , set() , {'zL45J', 'yL11J', 'xL3J', 'zL44J', 'xL7J', 'zL47J', 'xL4J', 'w14', 'zL46J', 'xL6J', 'xL2J'}
| | | | | +-- , 53 , {55} , {'xL8J', 'zL22J', 'zL21J', 'xL6J', 'xL2J'}
| | | | | | +-- , 55 , {57} , {'zL21J', 'xL6J', 'zL20J', 'xL2J'}
| | | | | | | +-- , 57 , set() , {'xL6J', 'zL20J', 'yL5J'}
| | | | | +-- , 59 , {61} , {'zL0J', 'xL7J', 'zL1J', 'xL2J'}
| | | | | | +-- , 61 , set() , {'zL0J', 'yL0J', 'xL2J'}
| | | | | +-- , 63 , set() , {'w7', 'xL3J', 'zL19J'}
| +-- , 75 , {83, 77} , {'xL3J', 'xL7J', 'zL57J', 'xL0J', 'xL9J', 'zL56J', 'xL6J'}
| | +-- , 83 , set() , {'xL6J', 'zL56J', 'yL14J'}
| | +-- , 77 , {79} , {'xL0J', 'xL9J', 'zL58J', 'xL7J', 'zL57J'}
| | | +-- , 79 , {81} , {'xL9J', 'zL58J', 'xL7J', 'zL59J'}
| | | | +-- , 81 , set() , {'w17', 'xL9J', 'zL59J'}
| +-- , 73 , set() , {'xL3J', 'w4', 'zL7J'}
| +-- , 113 , set() , {'xL8J', 'zL64J', 'yL16J'}
| +-- , 85 , set() , {'xL3J', 'xL7J', 'yL17J', 'xL0J', 'w20', 'xL9J', 'xL1J', 'zL70J', 'zL68J', 'zL71J', 'zL69J'}
| +-- , 87 , set() , {'xL7J', 'zL50J', 'zL51J', 'zL48J', 'xL4J', 'w15', 'xL0J', 'xL1J', 'yL12J', 'xL6J', 'zL49J'}
| +-- , 89 , {91} , {'zL53J', 'xL7J', 'xL4J', 'zL52J'}
| | +-- , 91 , set() , {'zL52J', 'xL7J', 'yL13J'}
| +-- , 93 , {99, 95} , {'xL3J', 'xL7J', 'xL4J', 'zL41J', 'xL9J', 'zL42J', 'xL1J'}
| | +-- , 99 , {101} , {'xL9J', 'zL42J', 'xL7J', 'zL43J'}
| | | +-- , 101 , set() , {'zL43J', 'xL9J', 'w13'}
| | +-- , 95 , {97} , {'zL41J', 'xL3J', 'xL1J', 'zL40J'}
| | | +-- , 97 , set() , {'xL3J', 'yL10J', 'zL40J'}


Max number of edges with non zero Y: 32
Max number of iterations of outer rounding loop: 4
Max number of candidate sets: 2
Time spent rounding: 79.634
Time spent solving Separator LP: 36.999
Total time spent solving: 143.224

LP Solver: GaifmanBoosted
Lower Bound Witness = ({'zL8J', 'zL5J', 'yL11J', 'zL11J', 'yL2J', 'xL1J', 'zL24J', 'yL1J', 'zL61J', 'zL32J', 'zL47J', 'w19', 'zL50J', 'zL65J', 'zL25J', 'zL62J', 'zL14J', 'w17', 'xL2J', 'xL5J', 'zL51J', 'zL37J', 'xL4J', 'zL55J', 'yL15J', 'yL3J', 'zL46J', 'yL17J', 'zL29J', 'zL38J', 'zL35J', 'zL42J', 'w12', 'zL0J', 'zL18J', 'zL12J', 'yL16J', 'zL20J', 'zL54J', 'xL9J', 'zL58J', 'zL70J', 'yL12J', 'zL43J', 'yL10J', 'yL4J', 'zL44J', 'zL73J', 'w7', 'w8', 'zL57J', 'zL41J', 'zL77J', 'zL19J', 'w16', 'w15', 'zL2J', 'w5', 'zL69J', 'zL28J', 'w21', 'zL30J', 'xL0J', 'zL22J', 'w9', 'zL26J', 'zL21J', 'xL6J', 'zL71J', 'w4', 'zL63J', 'w11', 'zL27J', 'zL33J', 'zL13J', 'yL0J', 'zL15J', 'zL36J', 'zL72J', 'zL39J', 'w20', 'zL23J', 'yL19J', 'yL5J', 'zL17J', 'zL75J', 'zL76J', 'w18', 'zL34J', 'xL7J', 'zL59J', 'w6', 'zL6J', 'yL18J', 'zL60J', 'zL56J', 'zL68J', 'w10', 'yL13J', 'zL31J', 'zL78J', 'xL3J', 'zL79J', 'w22', 'zL64J', 'yL6J', 'zL52J', 'zL3J', 'zL66J', 'zL45J', 'zL53J', 'zL48J', 'zL67J', 'w13', 'yL8J', 'zL16J', 'w3', 'zL1J', 'zL9J', 'yL9J', 'zL74J', 'zL40J', 'zL4J', 'zL7J', 'zL10J', 'xL8J', 'yL14J', 'yL7J', 'w14', 'zL49J'}, {'xL3J', 'yL16J', 'zL20J', 'yL2J', 'w14', 'w22', 'xL1J', 'zL58J', 'yL12J', 'zL61J', 'zL32J', 'zL45J', 'zL53J', 'zL50J', 'zL73J', 'zL65J', 'w20', 'zL25J', 'zL14J', 'w17', 'xL4J', 'zL46J', 'zL40J', 'zL59J', 'zL7J', 'yL18J', 'zL29J', 'zL56J', 'zL42J', 'yL14J', 'xL6J', 'zL49J', 'zL31J'})