64, 3.366491313031948, 9.0, 9
+-- , 0 , {128, 96, 130, 3, 100, 104, 106, 124, 114, 120, 126} , {'zL8J', 'xL4J', 'zL76J', 'xL9J', 'xL1J', 'zL66J', 'xL7J', 'zL59J', 'zL36J', 'zL30J', 'xL0J', 'zL65J', 'xL8J', 'zL38J', 'zL21J', 'zL62J', 'xL2J'}
| +-- , 128 , set() , {'zL36J', 'xL9J', 'yL9J'}
| +-- , 96 , {98} , {'xL0J', 'zL60J', 'xL1J', 'zL62J', 'zL61J', 'xL2J'}
| | +-- , 98 , set() , {'zL60J', 'yL15J', 'xL2J'}
| +-- , 130 , set() , {'w17', 'xL9J', 'zL59J'}
| +-- , 3 , {5} , {'zL8J', 'xL4J', 'zL9J', 'zL76J', 'xL9J', 'xL1J', 'zL58J', 'zL66J', 'xL7J', 'zL59J', 'zL36J', 'zL30J', 'xL0J', 'zL38J', 'xL8J', 'zL21J', 'zL62J', 'zL31J', 'xL2J'}
| | +-- , 5 , {7} , {'zL63J', 'zL37J', 'xL4J', 'zL9J', 'zL76J', 'xL9J', 'xL1J', 'zL58J', 'zL66J', 'xL7J', 'zL36J', 'zL10J', 'zL57J', 'xL0J', 'zL38J', 'xL8J', 'zL21J', 'zL62J', 'zL31J', 'xL2J'}
| | | +-- , 7 , {9} , {'zL63J', 'zL37J', 'xL4J', 'zL20J', 'zL76J', 'xL9J', 'xL1J', 'zL66J', 'xL7J', 'zL10J', 'zL57J', 'xL0J', 'zL38J', 'xL8J', 'zL21J', 'zL31J', 'xL2J'}
| | | | +-- , 9 , {90, 11, 92} , {'xL5J', 'zL63J', 'zL37J', 'xL4J', 'zL20J', 'zL76J', 'xL9J', 'xL1J', 'zL66J', 'xL7J', 'zL67J', 'zL10J', 'zL57J', 'xL0J', 'zL38J', 'xL8J', 'zL31J', 'xL2J'}
| | | | | +-- , 90 , set() , {'zL67J', 'w19', 'xL7J'}
| | | | | +-- , 11 , {88, 13} , {'xL5J', 'xL7J', 'zL63J', 'zL75J', 'xL4J', 'zL20J', 'zL57J', 'xL0J', 'zL76J', 'xL9J', 'xL1J', 'xL8J', 'zL74J', 'zL31J', 'xL2J'}
| | | | | | +-- , 88 , set() , {'zL75J', 'w21', 'xL2J'}
| | | | | | +-- , 13 , {15} , {'xL5J', 'zL51J', 'zL63J', 'xL4J', 'zL20J', 'w15', 'zL76J', 'xL9J', 'xL1J', 'zL74J', 'xL7J', 'zL57J', 'xL0J', 'xL8J', 'zL31J', 'xL2J'}
| | | | | | | +-- , 15 , {84, 20, 86, 74, 76, 78} , {'zL18J', 'xL3J', 'xL5J', 'zL17J', 'zL63J', 'zL51J', 'xL4J', 'zL20J', 'zL76J', 'xL9J', 'xL1J', 'zL43J', 'zL74J', 'xL7J', 'zL57J', 'xL0J', 'xL8J', 'zL42J', 'w10', 'zL31J', 'xL2J'}
| | | | | | | | +-- , 84 , set() , {'w18', 'xL3J', 'zL63J'}
| | | | | | | | +-- , 20 , {72, 22} , {'xL3J', 'zL12J', 'xL5J', 'zL17J', 'zL16J', 'zL51J', 'xL4J', 'zL20J', 'zL76J', 'xL9J', 'xL1J', 'zL74J', 'zL13J', 'xL7J', 'zL50J', 'zL57J', 'xL0J', 'xL8J', 'zL56J', 'xL2J'}
| | | | | | | | | +-- , 72 , set() , {'yL3J', 'xL9J', 'zL12J'}
| | | | | | | | | +-- , 22 , {24} , {'xL3J', 'xL5J', 'zL16J', 'xL4J', 'zL20J', 'zL76J', 'zL27J', 'xL9J', 'xL1J', 'zL74J', 'zL13J', 'xL7J', 'zL50J', 'zL72J', 'xL0J', 'yL18J', 'xL8J', 'zL56J', 'w9', 'xL2J'}
| | | | | | | | | | +-- , 24 , {26} , {'xL3J', 'xL5J', 'zL16J', 'xL4J', 'zL20J', 'zL76J', 'zL27J', 'zL74J', 'zL13J', 'xL7J', 'zL50J', 'zL73J', 'zL72J', 'xL0J', 'xL8J', 'zL56J', 'zL26J', 'zL77J', 'xL2J'}
| | | | | | | | | | | +-- , 26 , {64, 34, 66, 38, 70, 40, 42, 48, 52, 28, 62} , {'zL5J', 'xL3J', 'xL5J', 'zL16J', 'zL78J', 'xL4J', 'zL20J', 'zL74J', 'zL13J', 'xL7J', 'zL50J', 'zL73J', 'zL4J', 'xL0J', 'xL6J', 'xL8J', 'zL56J', 'zL26J', 'zL77J', 'yL5J', 'xL2J'}
| | | | | | | | | | | | +-- , 64 , set() , {'xL6J', 'zL56J', 'yL14J'}
| | | | | | | | | | | | +-- , 34 , {36} , {'xL6J', 'xL7J', 'zL50J', 'zL48J', 'zL49J', 'xL4J'}
| | | | | | | | | | | | | +-- , 36 , set() , {'zL48J', 'yL12J', 'xL7J'}
| | | | | | | | | | | | +-- , 66 , {68} , {'xL5J', 'xL6J', 'zL78J', 'zL79J'}
| | | | | | | | | | | | | +-- , 68 , set() , {'xL6J', 'w22', 'zL79J'}
| | | | | | | | | | | | +-- , 38 , set() , {'zL32J', 'xL3J', 'xL5J', 'xL7J', 'w11', 'xL6J', 'zL35J', 'zL33J', 'yL8J', 'zL34J', 'xL2J'}
| | | | | | | | | | | | +-- , 70 , set() , {'xL6J', 'yL1J', 'zL4J'}
| | | | | | | | | | | | +-- , 40 , set() , {'xL6J', 'yL4J', 'zL16J'}
| | | | | | | | | | | | +-- , 42 , {44} , {'zL5J', 'xL3J', 'xL7J', 'xL2J', 'zL6J'}
| | | | | | | | | | | | | +-- , 44 , {46} , {'xL3J', 'xL7J', 'zL7J', 'zL6J'}
| | | | | | | | | | | | | | +-- , 46 , set() , {'xL3J', 'w4', 'zL7J'}
| | | | | | | | | | | | +-- , 48 , {50} , {'xL0J', 'xL3J', 'zL25J', 'zL24J', 'zL26J', 'xL6J'}
| | | | | | | | | | | | | +-- , 50 , set() , {'xL0J', 'zL24J', 'yL6J'}
| | | | | | | | | | | | +-- , 52 , {54} , {'zL0J', 'xL3J', 'yL0J', 'xL7J', 'xL4J', 'xL6J', 'xL2J'}
| | | | | | | | | | | | | +-- , 54 , {56} , {'zL0J', 'xL3J', 'xL7J', 'xL4J', 'zL1J', 'xL6J'}
| | | | | | | | | | | | | | +-- , 56 , {58} , {'xL3J', 'zL2J', 'xL6J', 'xL4J', 'zL1J'}
| | | | | | | | | | | | | | | +-- , 58 , {60} , {'xL3J', 'zL2J', 'xL6J', 'zL3J'}
| | | | | | | | | | | | | | | | +-- , 60 , set() , {'xL6J', 'w3', 'zL3J'}
| | | | | | | | | | | | +-- , 28 , {30} , {'xL3J', 'xL6J', 'zL14J', 'zL13J', 'xL2J'}
| | | | | | | | | | | | | +-- , 30 , {32} , {'xL3J', 'zL15J', 'zL14J', 'xL2J'}
| | | | | | | | | | | | | | +-- , 32 , set() , {'xL3J', 'w6', 'zL15J'}
| | | | | | | | | | | | +-- , 62 , set() , {'zL45J', 'yL11J', 'xL3J', 'zL44J', 'xL7J', 'zL47J', 'xL4J', 'w14', 'zL46J', 'xL6J', 'xL2J'}
| | | | | | | | +-- , 86 , set() , {'zL43J', 'xL9J', 'w13'}
| | | | | | | | +-- , 74 , set() , {'xL3J', 'xL7J', 'yL17J', 'xL0J', 'w20', 'xL9J', 'xL1J', 'zL70J', 'zL68J', 'zL71J', 'zL69J'}
| | | | | | | | +-- , 76 , set() , {'zL18J', 'xL3J', 'w7', 'xL8J', 'zL19J'}
| | | | | | | | +-- , 78 , {80} , {'zL41J', 'xL3J', 'zL42J', 'xL1J', 'xL4J'}
| | | | | | | | | +-- , 80 , {82} , {'zL41J', 'xL3J', 'xL1J', 'zL40J'}
| | | | | | | | | | +-- , 82 , set() , {'xL3J', 'yL10J', 'zL40J'}
| | | | | +-- , 92 , {94} , {'xL5J', 'zL11J', 'zL10J', 'xL2J'}
| | | | | | +-- , 94 , set() , {'w5', 'zL11J', 'xL2J'}
| +-- , 100 , {102} , {'zL65J', 'xL8J', 'xL9J', 'zL64J'}
| | +-- , 102 , set() , {'xL8J', 'zL64J', 'yL16J'}
| +-- , 104 , set() , {'xL7J', 'zL39J', 'zL38J', 'xL1J', 'w12'}
| +-- , 106 , {112, 108} , {'zL53J', 'xL7J', 'xL4J', 'zL54J', 'xL0J', 'xL9J', 'xL2J'}
| | +-- , 112 , set() , {'zL55J', 'w16', 'zL54J', 'xL0J', 'xL2J'}
| | +-- , 108 , {110} , {'zL53J', 'xL7J', 'xL4J', 'zL52J'}
| | | +-- , 110 , set() , {'zL52J', 'xL7J', 'yL13J'}
| +-- , 124 , set() , {'zL8J', 'yL2J', 'xL7J'}
| +-- , 114 , {116} , {'xL0J', 'xL8J', 'zL22J', 'zL21J', 'xL1J'}
| | +-- , 116 , {118} , {'xL0J', 'zL22J', 'xL1J', 'zL23J'}
| | | +-- , 118 , set() , {'xL0J', 'w8', 'zL23J'}
| +-- , 120 , {122} , {'zL29J', 'xL0J', 'xL9J', 'xL1J', 'zL30J'}
| | +-- , 122 , set() , {'zL28J', 'zL29J', 'xL0J', 'xL1J', 'yL7J'}
| +-- , 126 , set() , {'zL76J', 'xL4J', 'yL19J'}


Max number of edges with non zero Y: 34
Max number of iterations of outer rounding loop: 4
Max number of candidate sets: 2
Time spent rounding: 30.006
Time spent solving Separator LP: 22.996
Total time spent solving: 69.582

LP Solver: GaifmanBoosted
Lower Bound Witness = ({'zL8J', 'zL5J', 'yL11J', 'zL11J', 'yL2J', 'xL1J', 'zL24J', 'yL1J', 'zL61J', 'zL32J', 'zL47J', 'w19', 'zL50J', 'zL65J', 'zL25J', 'zL62J', 'zL14J', 'w17', 'xL2J', 'xL5J', 'zL51J', 'zL37J', 'xL4J', 'zL55J', 'yL15J', 'yL3J', 'zL46J', 'yL17J', 'zL29J', 'zL38J', 'zL35J', 'zL42J', 'w12', 'zL0J', 'zL18J', 'zL12J', 'yL16J', 'zL20J', 'zL54J', 'xL9J', 'zL58J', 'zL70J', 'yL12J', 'zL43J', 'yL10J', 'yL4J', 'zL44J', 'zL73J', 'w7', 'w8', 'zL57J', 'zL41J', 'zL77J', 'zL19J', 'w16', 'w15', 'zL2J', 'w5', 'zL69J', 'zL28J', 'w21', 'zL30J', 'xL0J', 'zL22J', 'w9', 'zL26J', 'zL21J', 'xL6J', 'zL71J', 'w4', 'zL63J', 'w11', 'zL27J', 'zL33J', 'zL13J', 'yL0J', 'zL15J', 'zL36J', 'zL72J', 'zL39J', 'w20', 'zL23J', 'yL19J', 'yL5J', 'zL17J', 'zL75J', 'zL76J', 'w18', 'zL34J', 'xL7J', 'zL59J', 'w6', 'zL6J', 'yL18J', 'zL60J', 'zL56J', 'zL68J', 'w10', 'yL13J', 'zL31J', 'zL78J', 'xL3J', 'zL79J', 'w22', 'zL64J', 'yL6J', 'zL52J', 'zL3J', 'zL66J', 'zL45J', 'zL53J', 'zL48J', 'zL67J', 'w13', 'yL8J', 'zL16J', 'w3', 'zL1J', 'zL9J', 'yL9J', 'zL74J', 'zL40J', 'zL4J', 'zL7J', 'zL10J', 'xL8J', 'yL14J', 'yL7J', 'w14', 'zL49J'}, {'zL0J', 'zL5J', 'zL8J', 'zL20J', 'yL1J', 'zL66J', 'zL45J', 'yL4J', 'zL53J', 'yL0J', 'zL73J', 'zL65J', 'zL39J', 'zL62J', 'yL19J', 'w17', 'yL5J', 'zL19J', 'zL55J', 'yL15J', 'yL9J', 'zL46J', 'w5', 'zL74J', 'zL69J', 'xL7J', 'zL4J', 'zL10J', 'zL30J', 'zL35J', 'zL21J', 'w10', 'yL13J'})