22, 2.1347266471925765, 7.0, 8
+-- , 0 , {48, 50, 3, 8} , {'xL7J', 'xL34J', 'xL32J', 'xL16J', 'xL21J', 'xL0J', 'xL3J', 'xL25J', 'xL9J', 'xL26J', 'xL11J'}
| +-- , 48 , set() , {'xL19J', 'xL11J'}
| +-- , 50 , set() , {'xL34J', 'xL20J'}
| +-- , 3 , set() , {'xL7J', 'xL30J', 'xL11J'}
| +-- , 8 , {12, 46} , {'xL7J', 'xL27J', 'xL34J', 'xL32J', 'xL16J', 'xL31J', 'xL35J', 'xL18J', 'xL0J', 'xL26J', 'xL3J', 'xL25J', 'xL9J', 'xL11J'}
| | +-- , 12 , {15} , {'xL7J', 'xL34J', 'xL18J', 'xL0J', 'xL27J', 'xL4J', 'xL16J', 'xL5J', 'xL31J', 'xL35J', 'xL3J', 'xL26J', 'xL9J', 'xL25J'}
| | | +-- , 15 , {18, 44} , {'xL7J', 'xL4J', 'xL34J', 'xL16J', 'xL5J', 'xL31J', 'xL18J', 'xL0J', 'xL3J', 'xL25J', 'xL9J', 'xL1J', 'xL36J'}
| | | | +-- , 18 , {20, 22, 24, 26, 28} , {'xL7J', 'xL34J', 'xL18J', 'xL0J', 'xL4J', 'xL16J', 'xL5J', 'xL31J', 'xL10J', 'xL25J', 'xL9J', 'xL1J', 'xL36J'}
| | | | | +-- , 20 , set() , {'xL10J', 'xL37J', 'xL5J'}
| | | | | +-- , 22 , set() , {'xL7J', 'xL31J', 'xL10J', 'xL0J', 'xL12J'}
| | | | | +-- , 24 , set() , {'xL10J', 'xL0J', 'xL14J', 'xL36J'}
| | | | | +-- , 26 , set() , {'xL34J', 'xL17J', 'xL10J', 'xL18J', 'xL0J', 'xL36J'}
| | | | | +-- , 28 , {42, 30} , {'xL7J', 'xL18J', 'xL0J', 'xL4J', 'xL16J', 'xL5J', 'xL31J', 'xL10J', 'xL23J', 'xL25J', 'xL9J', 'xL1J', 'xL36J'}
| | | | | | +-- , 42 , set() , {'xL39J', 'xL23J', 'xL25J', 'xL36J'}
| | | | | | +-- , 30 , {32, 38, 40} , {'xL7J', 'xL5J', 'xL28J', 'xL31J', 'xL10J', 'xL18J', 'xL23J', 'xL9J', 'xL13J', 'xL1J', 'xL36J'}
| | | | | | | +-- , 32 , {34, 36} , {'xL18J', 'xL13J', 'xL31J', 'xL24J', 'xL15J', 'xL8J'}
| | | | | | | | +-- , 34 , set() , {'xL6J', 'xL24J', 'xL15J', 'xL8J'}
| | | | | | | | +-- , 36 , set() , {'xL22J', 'xL8J'}
| | | | | | | +-- , 38 , set() , {'xL9J', 'xL5J', 'xL38J', 'xL13J'}
| | | | | | | +-- , 40 , set() , {'xL29J', 'xL28J', 'xL36J', 'xL13J'}
| | | | +-- , 44 , set() , {'xL3J', 'xL5J', 'xL36J', 'xL2J'}
| | +-- , 46 , set() , {'xL33J', 'xL31J'}


Max number of edges with non zero Y: 19
Max number of iterations of outer rounding loop: 7
Max number of candidate sets: 2
Time spent rounding: 47.526
Time spent solving Separator LP: 0.749

LP Solver: GaifmanNormal