22, 0, 8.0, 8
+-- , 0 , {32, 3, 36, 38, 42, 44, 46} , {'xL27J', 'xL34J', 'xL5J', 'xL2J', 'xL31J', 'xL10J', 'xL38J', 'xL15J', 'xL18J', 'xL35J', 'xL0J', 'xL25J', 'xL13J', 'xL37J', 'xL36J'}
| +-- , 32 , {34} , {'xL18J', 'xL13J', 'xL6J', 'xL24J', 'xL15J', 'xL8J'}
| | +-- , 34 , set() , {'xL22J', 'xL8J'}
| +-- , 3 , {6, 22, 26} , {'xL27J', 'xL4J', 'xL34J', 'xL16J', 'xL31J', 'xL10J', 'xL38J', 'xL35J', 'xL0J', 'xL25J', 'xL13J', 'xL36J'}
| | +-- , 6 , {18, 20, 8} , {'xL7J', 'xL34J', 'xL0J', 'xL13J', 'xL27J', 'xL4J', 'xL16J', 'xL31J', 'xL10J', 'xL38J', 'xL35J', 'xL36J'}
| | | +-- , 18 , set() , {'xL7J', 'xL31J', 'xL10J', 'xL0J', 'xL12J'}
| | | +-- , 20 , set() , {'xL7J', 'xL35J', 'xL38J', 'xL9J', 'xL36J'}
| | | +-- , 8 , {10} , {'xL7J', 'xL27J', 'xL4J', 'xL16J', 'xL34J', 'xL31J', 'xL30J', 'xL35J'}
| | | | +-- , 10 , {12, 14} , {'xL27J', 'xL4J', 'xL16J', 'xL34J', 'xL31J', 'xL30J', 'xL35J', 'xL11J'}
| | | | | +-- , 12 , set() , {'xL19J', 'xL11J'}
| | | | | +-- , 14 , {16} , {'xL4J', 'xL16J', 'xL34J', 'xL26J', 'xL35J', 'xL11J'}
| | | | | | +-- , 16 , set() , {'xL26J', 'xL21J', 'xL11J'}
| | +-- , 22 , {24} , {'xL4J', 'xL36J', 'xL28J', 'xL29J', 'xL10J', 'xL13J'}
| | | +-- , 24 , set() , {'xL4J', 'xL1J', 'xL28J'}
| | +-- , 26 , {28} , {'xL4J', 'xL16J', 'xL23J', 'xL0J', 'xL25J', 'xL13J', 'xL36J'}
| | | +-- , 28 , set() , {'xL39J', 'xL23J', 'xL25J', 'xL36J'}
| +-- , 36 , set() , {'xL34J', 'xL17J', 'xL10J', 'xL18J', 'xL0J', 'xL36J'}
| +-- , 38 , {40} , {'xL34J', 'xL2J', 'xL31J', 'xL35J', 'xL3J', 'xL25J'}
| | +-- , 40 , set() , {'xL3J', 'xL32J', 'xL35J', 'xL31J'}
| +-- , 42 , set() , {'xL33J', 'xL31J'}
| +-- , 44 , set() , {'xL34J', 'xL20J'}
| +-- , 46 , set() , {'xL10J', 'xL0J', 'xL14J', 'xL36J'}


Max number of edges with non zero Y: 24
Max number of iterations of outer rounding loop: 3
Max number of candidate sets: 2
Time spent rounding: 2.732
Time spent solving Separator LP: 0.066

LP Solver: gammaPlusFractionalCoverHeuristic