16, 0, 6.0, 7
+-- , 0 , {3, 11} , {'43', '48', '61', '55', '51', '42', '40', '0', '20', '44', '27', '22', '5', '18', '35', '50', '37', '12', '33', '3', '14', '16'}
| +-- , 3 , {5, 7} , {'43', '48', '61', '3', '26', '35', '25', '55', '50', '51', '42', '54', '40', '0', '4', '20', '47', '28', '44', '27', '12', '34', '33', '5', '14'}
| | +-- , 5 , set() , {'4', '38', '28', '44', '21', '13'}
| | +-- , 7 , set() , {'48', '20', '28', '27', '39', '3'}
| +-- , 11 , {33, 13, 31} , {'43', '61', '3', '57', '35', '55', '50', '51', '42', '40', '0', '37', '20', '23', '44', '27', '12', '22', '33', '5', '14', '18'}
| | +-- , 33 , set() , {'23', '8', '41', '57', '27', '55'}
| | +-- , 13 , {29, 15} , {'43', '55', '51', '42', '40', '0', '20', '23', '44', '27', '22', '5', '35', '50', '45', '37', '12', '33', '3', '14'}
| | | +-- , 29 , set() , {'45', '40', '31', '37', '23', '55'}
| | | +-- , 15 , {17} , {'43', '51', '42', '40', '0', '20', '23', '44', '27', '22', '5', '35', '50', '9', '45', '37', '12', '33', '3', '14'}
| | | | +-- , 17 , {19} , {'43', '59', '32', '51', '40', '0', '20', '23', '17', '27', '44', '22', '5', '10', '35', '9', '45', '37', '60', '12', '33', '3', '14'}
| | | | | +-- , 19 , {21, 23} , {'43', '59', '3', '35', '51', '40', '0', '37', '45', '23', '17', '12', '27', '44', '22', '46', '5', '10'}
| | | | | | +-- , 21 , set() , {'43', '59', '0', '37', '52', '5', '36', '23', '17', '27', '6', '46', '3', '49'}
| | | | | | +-- , 23 , {25, 27} , {'58', '35', '51', '7', '29', '40', '45', '37', '0', '44', '12', '22', '46', '10'}
| | | | | | | +-- , 25 , set() , {'29', '22', '35', '10', '19'}
| | | | | | | +-- , 27 , set() , {'45', '44', '12', '56', '58', '51'}
| | +-- , 31 , set() , {'61', '20', '57', '30', '18'}


Max number of edges with non zero Y: 19
Max number of iterations of outer rounding loop: 6
Max number of candidate sets: 2
Time spent rounding: 9.768
Time spent solving Separator LP: 0.048

LP Solver: gammaPlusFractionalCoverHeuristic