16, 4.0, 6.0, 6
+-- , 0 , {3, 35, 5, 31} , {'61', '3', '26', '57', '58', '35', '25', '55', '7', '40', '0', '4', '20', '23', '8', '28', '27', '34', '46', '5', '14'}
| +-- , 3 , set() , {'4', '61', '20', '35', '14', '54'}
| +-- , 35 , set() , {'23', '8', '41', '57', '27', '55'}
| +-- , 5 , {10, 29} , {'43', '61', '26', '58', '55', '40', '0', '20', '23', '28', '27', '34', '46', '5', '49', '36', '35', '25', '6', '7', '4', '45', '37', '3', '14'}
| | +-- , 10 , {23, 27, 25, 13} , {'43', '61', '26', '58', '55', '51', '40', '0', '20', '23', '28', '44', '27', '34', '46', '5', '49', '35', '25', '7', '4', '45', '37', '12', '3', '14'}
| | | +-- , 23 , set() , {'43', '4', '47', '44', '35', '51'}
| | | +-- , 27 , set() , {'45', '44', '12', '56', '58', '51'}
| | | +-- , 25 , set() , {'4', '38', '28', '44', '21', '13'}
| | | +-- , 13 , {21, 15} , {'59', '61', '52', '3', '35', '50', '51', '42', '7', '0', '37', '20', '23', '44', '27', '12', '34', '46', '5', '14', '49'}
| | | | +-- , 21 , set() , {'59', '0', '52', '23', '60', '17', '44', '35', '50', '46', '5', '14', '9', '42'}
| | | | +-- , 15 , {17} , {'61', '3', '35', '50', '42', '7', '51', '29', '0', '37', '20', '44', '12', '27', '34', '5'}
| | | | | +-- , 17 , {19} , {'61', '3', '35', '50', '42', '51', '19', '29', '0', '37', '20', '12', '27', '22', '34', '33', '5', '10'}
| | | | | | +-- , 19 , set() , {'37', '20', '27', '33', '32', '10'}
| | +-- , 29 , set() , {'45', '40', '31', '37', '23', '55'}
| +-- , 31 , {33} , {'48', '0', '61', '30', '20', '28', '57', '27', '39', '3', '14', '18'}
| | +-- , 33 , set() , {'48', '0', '27', '14', '18', '16'}


Max number of edges with non zero Y: 9
Max number of iterations of outer rounding loop: 0
Max number of candidate sets: 0
Time spent rounding: 0.000
Time spent solving Separator LP: 42.496

LP Solver: GaifmanNormalILP