19, 0, 10.0, 10
+-- , 0 , {5, 40, 42, 46} , {'xL12J', 'xL14J', 'xL26J', 'xL3J', 'xL2J', 'xL31J', 'xL21J', 'xL24J', 'xL8J', 'xL38J', 'xL35J', 'xL36J', 'xL18J', 'xL27J', 'xL25J'}
| +-- , 5 , {8} , {'xL12J', 'xL14J', 'xL31J', 'xL35J', 'xL36J', 'xL18J', 'xL25J', 'xL33J', 'xL26J', 'xL3J', 'xL2J', 'xL21J', 'xL24J', 'xL8J', 'xL19J', 'xL27J'}
| | +-- , 8 , {10} , {'xL12J', 'xL14J', 'xL31J', 'xL13J', 'xL35J', 'xL36J', 'xL18J', 'xL25J', 'xL33J', 'xL26J', 'xL3J', 'xL2J', 'xL24J', 'xL8J', 'xL19J', 'xL27J'}
| | | +-- , 10 , {16, 38} , {'xL12J', 'xL14J', 'xL9J', 'xL31J', 'xL13J', 'xL35J', 'xL36J', 'xL18J', 'xL28J', 'xL25J', 'xL33J', 'xL26J', 'xL3J', 'xL11J', 'xL24J', 'xL8J', 'xL15J', 'xL19J', 'xL27J'}
| | | | +-- , 16 , {18, 36, 22, 28} , {'xL14J', 'xL12J', 'xL16J', 'xL9J', 'xL31J', 'xL13J', 'xL35J', 'xL18J', 'xL28J', 'xL25J', 'xL33J', 'xL26J', 'xL3J', 'xL1J', 'xL11J', 'xL24J', 'xL8J', 'xL15J', 'xL19J', 'xL27J'}
| | | | | +-- , 18 , set() , {'xL10J', 'xL16J', 'xL33J', 'xL3J'}
| | | | | +-- , 36 , set() , {'xL14J', 'xL16J', 'xL1J', 'xL26J', 'xL29J', 'xL15J', 'xL19J', 'xL27J'}
| | | | | +-- , 22 , {24} , {'xL12J', 'xL16J', 'xL9J', 'xL37J', 'xL35J', 'xL18J', 'xL28J', 'xL33J', 'xL1J', 'xL3J', 'xL8J'}
| | | | | | +-- , 24 , {26} , {'xL12J', 'xL16J', 'xL33J', 'xL1J', 'xL37J', 'xL39J', 'xL6J', 'xL8J', 'xL35J', 'xL18J'}
| | | | | | | +-- , 26 , set() , {'xL4J', 'xL1J', 'xL39J'}
| | | | | +-- , 28 , {30} , {'xL17J', 'xL16J', 'xL31J', 'xL13J', 'xL35J', 'xL28J', 'xL25J', 'xL1J', 'xL3J', 'xL11J', 'xL24J', 'xL19J'}
| | | | | | +-- , 30 , {32, 34} , {'xL17J', 'xL16J', 'xL1J', 'xL3J', 'xL11J', 'xL24J', 'xL13J', 'xL35J', 'xL28J', 'xL34J', 'xL25J'}
| | | | | | | +-- , 32 , set() , {'xL35J', 'xL25J', 'xL34J', 'xL5J'}
| | | | | | | +-- , 34 , set() , {'xL17J', 'xL3J', 'xL1J', 'xL11J', 'xL24J', 'xL13J', 'xL23J', 'xL34J'}
| | | | +-- , 38 , set() , {'xL14J', 'xL9J', 'xL3J', 'xL32J'}
| +-- , 40 , set() , {'xL35J', 'xL7J', 'xL2J', 'xL8J'}
| +-- , 42 , {44} , {'xL12J', 'xL30J', 'xL24J', 'xL8J', 'xL20J', 'xL35J'}
| | +-- , 44 , set() , {'xL30J', 'xL0J'}
| +-- , 46 , set() , {'xL36J', 'xL22J', 'xL8J', 'xL31J'}


Max number of edges with non zero Y: 27
Max number of iterations of outer rounding loop: 10
Max number of candidate sets: 2
Time spent rounding: 43.945
Time spent solving Separator LP: 0.091

LP Solver: gammaPlusFractionalCoverHeuristic