16, 1.6070535708539953, 4.75, 5
+-- , 0 , {37, 7, 31} , {'21', '17', '27', '8', '20', '11', '19', '15', '14', '2', '9', '25'}
| +-- , 37 , set() , {'27', '9', '6'}
| +-- , 7 , {29, 10, 12} , {'21', '17', '27', '8', '11', '19', '15', '14', '2', '28', '20', '5', '25'}
| | +-- , 29 , set() , {'26', '15', '14', '28', '5', '25'}
| | +-- , 10 , set() , {'0', '20', '28'}
| | +-- , 12 , {25, 27, 14} , {'17', '27', '11', '15', '2', '20', '16', '21', '8', '19', '28', '5'}
| | | +-- , 25 , set() , {'16', '10', '2'}
| | | +-- , 27 , set() , {'18', '28', '16', '5'}
| | | +-- , 14 , {17} , {'29', '17', '27', '11', '15', '20', '24', '16', '21', '8', '19', '28'}
| | | | +-- , 17 , {19, 23} , {'29', '4', '17', '27', '8', '11', '19', '15', '28', '20', '24'}
| | | | | +-- , 19 , {21} , {'29', '4', '17', '19', '15', '7', '20'}
| | | | | | +-- , 21 , set() , {'7', '1', '4'}
| | | | | +-- , 23 , set() , {'4', '17', '27', '8', '22'}
| +-- , 31 , {33} , {'19', '21', '8', '23', '25'}
| | +-- , 33 , {35} , {'30', '19', '23'}
| | | +-- , 35 , set() , {'30', '19', '3'}


Max number of edges with non zero Y: 17
Max number of iterations of outer rounding loop: 4
Max number of candidate sets: 2
Time spent rounding: 11.731
Time spent solving Separator LP: 0.509
Total time spent solving: 14.545

LP Solver: GaifmanNormal
Lower Bound Witness = ({'0', '29', '17', '1', '11', '15', '2', '20', '24', '26', '10', '28', '25', '4', '27', '14', '22', '7', '16', '21', '8', '19', '18', '5'}, {'21', '17', '27', '8', '11', '19', '15', '14', '2', '20', '5', '25'})