11, 2.5, 5.0, 5
+-- , 0 , {5, 24, 26} , {'xL18J', 'xL3J', 'xL4J', 'xL1J', 'xL13J', 'xL16J'}
| +-- , 5 , {10, 22} , {'xL3J', 'xL2J', 'xL14J', 'xL16J', 'xL15J', 'xL18J', 'xL17J', 'xL1J', 'xL4J'}
| | +-- , 10 , {12} , {'xL3J', 'xL2J', 'xL16J', 'xL15J', 'xL18J', 'xL17J', 'xL1J', 'xL11J', 'xL4J'}
| | | +-- , 12 , {14} , {'xL3J', 'xL9J', 'xL16J', 'xL12J', 'xL15J', 'xL18J', 'xL17J', 'xL1J', 'xL11J', 'xL4J'}
| | | | +-- , 14 , {16} , {'xL3J', 'xL9J', 'xL16J', 'xL12J', 'xL15J', 'xL1J', 'xL4J', 'xL10J'}
| | | | | +-- , 16 , {18, 20} , {'xL9J', 'xL16J', 'xL12J', 'xL15J', 'xL7J', 'xL4J', 'xL10J'}
| | | | | | +-- , 18 , set() , {'xL0J', 'xL7J', 'xL16J', 'xL9J'}
| | | | | | +-- , 20 , set() , {'xL15J', 'xL19J', 'xL7J', 'xL4J', 'xL10J'}
| | +-- , 22 , set() , {'xL14J', 'xL6J', 'xL15J', 'xL17J', 'xL1J'}
| +-- , 24 , set() , {'xL18J', 'xL8J'}
| +-- , 26 , set() , {'xL5J', 'xL3J', 'xL4J'}


Max number of edges with non zero Y: 5
Max number of iterations of outer rounding loop: 0
Max number of candidate sets: 0
Time spent rounding: 0.000
Time spent solving Separator LP: 0.596
Total time spent solving: 1.025

LP Solver: GaifmanNormalILP
Lower Bound Witness = ({'xL2J', 'xL14J', 'xL3J', 'xL13J', 'xL16J', 'xL15J', 'xL6J', 'xL17J', 'xL19J', 'xL10J', 'xL5J', 'xL8J', 'xL12J', 'xL18J', 'xL0J', 'xL9J', 'xL1J', 'xL7J', 'xL11J', 'xL4J'}, {'xL5J', 'xL13J', 'xL16J', 'xL6J', 'xL11J'})