16, 2.4588521772163006, 8.0, 9
+-- , 0 , {32, 34, 3, 30} , {'84', '61', '14', '39', '54', '55', '66', '34', '80', '77', '68', '63', '69', '11', '2', '26', '18', '31', '23', '6', '47', '1', '22', '60', '85', '44', '32'}
| +-- , 32 , set() , {'36', '44', '1', '6', '80', '77'}
| +-- , 34 , set() , {'42', '31', '47', '39', '15', '34'}
| +-- , 3 , {5} , {'39', '55', '34', '68', '11', '69', '18', '23', '47', '22', '60', '85', '44', '3', '84', '61', '14', '54', '80', '77', '2', '26', '31', '1', '6', '32'}
| | +-- , 5 , {8} , {'39', '5', '55', '34', '68', '11', '69', '23', '47', '22', '60', '85', '44', '3', '84', '61', '14', '54', '17', '80', '10', '77', '2', '26', '31', '4', '1', '6', '13', '32'}
| | | +-- , 8 , {10} , {'39', '55', '34', '68', '11', '69', '23', '47', '22', '60', '44', '3', '84', '54', '17', '80', '77', '2', '26', '31', '4', '6', '13', '73', '32'}
| | | | +-- , 10 , {14} , {'39', '52', '55', '68', '11', '69', '23', '47', '22', '60', '44', '3', '84', '54', '17', '80', '26', '31', '4', '56', '6', '28', '13', '73', '32'}
| | | | | +-- , 14 , {16} , {'52', '55', '68', '69', '23', '47', '22', '60', '44', '3', '84', '54', '17', '80', '64', '31', '4', '56', '6', '28', '13', '73', '32'}
| | | | | | +-- , 16 , {18} , {'52', '55', '40', '68', '69', '23', '47', '22', '60', '75', '44', '3', '84', '41', '54', '17', '80', '64', '31', '56', '6', '28', '73', '32'}
| | | | | | | +-- , 18 , {20, 26, 28} , {'62', '40', '68', '69', '0', '43', '47', '22', '60', '75', '44', '3', '84', '24', '41', '54', '17', '80', '64', '31', '56', '6', '28', '73', '32'}
| | | | | | | | +-- , 20 , {24, 22} , {'84', '58', '7', '62', '33', '72', '21', '41', '54', '80', '40', '64', '68', '69', '6', '43', '47', '29', '56', '22', '60', '35', '28', '32'}
| | | | | | | | | +-- , 24 , set() , {'7', '20', '29', '54', '35', '40'}
| | | | | | | | | +-- , 22 , set() , {'64', '84', '53', '49', '19', '57', '25', '21', '56', '27', '32'}
| | | | | | | | +-- , 26 , set() , {'79', '68', '24', '31', '17', '3'}
| | | | | | | | +-- , 28 , set() , {'0', '65', '75', '44', '40'}
| +-- , 30 , set() , {'11', '67', '69', '48', '45', '22'}


Max number of edges with non zero Y: 16
Max number of iterations of outer rounding loop: 6
Max number of candidate sets: 2
Time spent rounding: 29.587
Time spent solving Separator LP: 2.547
Total time spent solving: 37.027

LP Solver: GaifmanBoosted
Lower Bound Witness = ({'53', '7', '19', '62', '39', '52', '55', '40', '68', '11', '69', '49', '0', '23', '65', '43', '47', '22', '60', '35', '75', '44', '3', '84', '58', '24', '33', '72', '57', '21', '41', '27', '54', '17', '80', '79', '64', '26', '31', '4', '25', '20', '29', '56', '6', '28', '13', '73', '32'}, {'39', '52', '55', '68', '11', '69', '23', '47', '22', '60', '44', '3', '84', '54', '17', '80', '26', '31', '4', '6', '28', '13', '73', '32'})