13, 1.8846148461538461, 7.5, 8
+-- , 0 , {25, 3} , {'7', '19', '52', '63', '69', '75', '84', '61', '72', '41', '27', '54', '17', '66', '64', '2', '26', '4', '25', '29', '1', '6', '28', '13', '32'}
| +-- , 25 , set() , {'4', '5', '1', '17', '13', '10'}
| +-- , 3 , {5} , {'7', '19', '52', '55', '68', '63', '69', '60', '75', '84', '61', '14', '72', '21', '41', '27', '54', '17', '66', '64', '2', '26', '4', '25', '29', '1', '6', '13', '32'}
| | +-- , 5 , {7} , {'7', '52', '55', '68', '69', '22', '60', '75', '84', '61', '14', '72', '21', '41', '27', '54', '17', '64', '2', '26', '4', '29', '1', '6', '13', '32'}
| | | +-- , 7 , {9} , {'7', '55', '40', '68', '69', '22', '60', '75', '84', '61', '14', '72', '21', '41', '27', '54', '17', '64', '2', '26', '4', '29', '1', '6', '32'}
| | | | +-- , 9 , {11} , {'7', '55', '40', '68', '11', '69', '22', '60', '75', '35', '84', '61', '14', '45', '21', '41', '27', '54', '17', '64', '67', '2', '48', '26', '4', '20', '29', '1', '6', '32'}
| | | | | +-- , 11 , {13, 23} , {'84', '61', '7', '14', '39', '75', '21', '41', '27', '54', '17', '55', '40', '64', '68', '11', '2', '26', '6', '4', '1', '56', '60', '35', '44', '32'}
| | | | | | +-- , 13 , {15} , {'7', '39', '55', '40', '68', '60', '35', '75', '85', '44', '61', '14', '21', '41', '54', '17', '64', '2', '26', '4', '1', '6'}
| | | | | | | +-- , 15 , {17} , {'7', '39', '55', '34', '40', '68', '18', '23', '60', '35', '75', '85', '44', '3', '21', '41', '17', '80', '77', '64', '2', '36', '1', '6', '73'}
| | | | | | | | +-- , 17 , {19, 21} , {'7', '39', '21', '41', '17', '55', '35', '80', '34', '40', '64', '68', '31', '23', '75', '73', '44', '3'}
| | | | | | | | | +-- , 19 , set() , {'68', '58', '80', '31', '42', '47', '39', '15', '35', '34'}
| | | | | | | | | +-- , 21 , set() , {'79', '68', '7', '40', '24', '0', '31', '33', '43', '62', '65', '21', '41', '75', '17', '73', '44', '3'}
| | | | | | +-- , 23 , set() , {'53', '49', '57', '56', '27', '32'}


Max number of edges with non zero Y: 18
Max number of iterations of outer rounding loop: 7
Max number of candidate sets: 2
Time spent rounding: 11.348
Time spent solving Separator LP: 1.225
Total time spent solving: 15.331

LP Solver: GaifmanNormal
Lower Bound Witness = ({'53', '7', '19', '62', '5', '39', '52', '55', '34', '40', '68', '63', '69', '11', '49', '0', '18', '23', '65', '43', '47', '22', '60', '35', '75', '85', '44', '3', '84', '61', '58', '24', '42', '33', '14', '45', '72', '21', '41', '15', '54', '57', '17', '27', '66', '10', '77', '80', '79', '64', '67', '2', '48', '36', '26', '31', '4', '25', '20', '29', '1', '56', '6', '28', '13', '73', '32'}, {'68', '58', '7', '69', '61', '4', '14', '25', '1', '52', '75', '80', '32'})