19, 1, 9.0, 9
+-- , 0 , {3, 23} , {'21', '20', '51', '48', '2', '49', '47', '28', '24', '3', '43', '22', '46', '26', '12'}
| +-- , 3 , {5, 21, 11} , {'21', '20', '51', '43', '48', '45', '44', '46', '47', '38', '42', '12', '32', '3'}
| | +-- , 5 , {7} , {'20', '51', '8', '46', '47', '33', '12', '32'}
| | | +-- , 7 , {9, 26} , {'51', '36', '47', '33', '12', '31', '32', '1'}
| | | | +-- , 9 , set() , {'31', '32', '5'}
| | | | +-- , 26 , {27} , {'51', '36', '1'}
| | | | | +-- , 27 , set() , {'37', '36', '1'}
| | +-- , 21 , set() , {'39', '20', '42'}
| | +-- , 11 , {19, 13} , {'15', '34', '43', '48', '46', '47', '30', '50', '45', '38', '32'}
| | | +-- , 19 , set() , {'34', '32', '16'}
| | | +-- , 13 , {29, 15} , {'27', '47', '15', '43', '30'}
| | | | +-- , 29 , {28} , {'27', '30', '15'}
| | | | | +-- , 28 , {30} , {'15', '9', '13'}
| | | | | | +-- , 30 , {31} , {'15', '9', '13'}
| | | | | | | +-- , 31 , set() , {'41', '9', '29'}
| | | | +-- , 15 , {17} , {'27', '47', '18', '43', '52'}
| | | | | +-- , 17 , set() , {'27', '23', '52'}
| +-- , 23 , {25} , {'21', '20', '48', '49', '47', '28', '7', '3', '25', '43', '22', '26', '12', '17', '0'}
| | +-- , 25 , set() , {'21', '43', '17', '14', '28', '7', '10'}


Max number of edges with non zero Y: 19
Max number of iterations of outer rounding loop: 1
Max number of candidate sets: 2
Time spent rounding: 0.056
Time spent solving Separator LP: 0.006
Total time spent solving: 0.277

LP Solver: gammaPlusFractionalCoverHeuristic
Number of Rounding Attemps: 4
Lower Bound Witness = ({'20', '51', '0', '48', '49', '47', '18', '30', '7', '38', '24', '3', '25', '34', '43', '16', '46', '26', '31', '17', '27', '21', '15', '36', '23', '2', '28', '50', '8', '39', '32', '52', '5', '44', '22', '14', '33', '42', '45', '12', '10', '1'}, {'34', '24', '17', '46'})