11, 1.8421052631578947, 5.0, 5
+-- , 0 , {3} , {'xL9J', 'xL1J', 'xL15J', 'xL8J', 'xL2J', 'xL12J', 'xL7J', 'xL14J', 'xL0J'}
| +-- , 3 , {16, 6, 8} , {'xL9J', 'xL1J', 'xL15J', 'xL19J', 'xL14J', 'xL8J', 'xL17J', 'xL12J', 'xL7J', 'xL0J'}
| | +-- , 16 , {18} , {'xL18J', 'xL9J', 'xL1J', 'xL19J', 'xL8J', 'xL17J', 'xL12J', 'xL0J'}
| | | +-- , 18 , {20} , {'xL18J', 'xL11J', 'xL1J', 'xL19J', 'xL17J', 'xL8J', 'xL0J'}
| | | | +-- , 20 , {22} , {'xL11J', 'xL18J', 'xL1J', 'xL19J', 'xL17J', 'xL5J', 'xL0J'}
| | | | | +-- , 22 , set() , {'xL18J', 'xL0J', 'xL3J', 'xL5J'}
| | +-- , 6 , set() , {'xL9J', 'xL16J', 'xL19J', 'xL8J', 'xL17J'}
| | +-- , 8 , {10} , {'xL9J', 'xL15J', 'xL19J', 'xL12J', 'xL8J', 'xL14J', 'xL7J', 'xL0J', 'xL13J'}
| | | +-- , 10 , {12, 14} , {'xL9J', 'xL15J', 'xL19J', 'xL12J', 'xL7J', 'xL0J', 'xL13J', 'xL10J'}
| | | | +-- , 12 , set() , {'xL6J', 'xL19J', 'xL10J', 'xL0J'}
| | | | +-- , 14 , set() , {'xL15J', 'xL19J', 'xL12J', 'xL7J', 'xL4J', 'xL13J', 'xL10J'}


Max number of edges with non zero Y: 13
Max number of iterations of outer rounding loop: 3
Max number of candidate sets: 2
Time spent rounding: 5.292
Time spent solving Separator LP: 0.165
Total time spent solving: 6.774

LP Solver: GaifmanBoosted
Lower Bound Witness = ({'xL15J', 'xL19J', 'xL14J', 'xL5J', 'xL0J', 'xL13J', 'xL10J', 'xL9J', 'xL1J', 'xL16J', 'xL2J', 'xL3J', 'xL11J', 'xL4J', 'xL18J', 'xL17J', 'xL8J', 'xL12J', 'xL7J', 'xL6J'}, {'xL18J', 'xL3J', 'xL9J', 'xL1J', 'xL11J', 'xL15J', 'xL19J', 'xL8J', 'xL12J', 'xL14J', 'xL7J', 'xL6J', 'xL0J'})