10, 0, 4.5, 5
+-- , 10 , {5} , {'91', '90', '69', '84', '35', '77', '80', '82', '87', '12', '75', '62', '56', '34', '55', '33'}
| +-- , 5 , {3, 8, 12, 14} , {'91', '42', '64', '24', '59', '38', '4', '83', '30', '17', '70', '72', '20', '94', '18', '75', '23', '13', '77', '21', '57', '79', '12', '16', '78', '19', '29', '33', '81', '14', '26', '60', '27', '11', '35', '47', '28', '74', '3', '62', '34', '22', '39', '46', '5', '88', '80', '10', '87', '37', '67', '56'}
| | +-- , 3 , {16, 0} , {'91', '59', '38', '83', '30', '17', '70', '72', '20', '18', '75', '94', '23', '77', '21', '78', '19', '33', '9', '14', '26', '27', '35', '47', '74', '3', '62', '22', '39', '46', '7', '80', '10', '67', '56'}
| | | +-- , 16 , set() , {'22', '9', '27', '7', '53', '35', '77', '52', '74', '83', '30', '63', '20', '62', '56', '75', '19'}
| | | +-- , 0 , {18, 20} , {'91', '59', '38', '83', '17', '20', '72', '70', '94', '18', '23', '21', '36', '78', '19', '33', '9', '14', '26', '27', '47', '50', '3', '39', '46', '7', '80', '10', '0', '67', '56'}
| | | | +-- , 18 , set() , {'38', '83', '54', '17', '70', '72', '51', '18', '94', '40', '23', '93', '21', '36', '78', '19', '33', '27', '47', '50', '3', '39', '7', '80', '10', '0', '67', '49', '41', '61'}
| | | | +-- , 20 , set() , {'9', '91', '26', '39', '14', '46', '56', '27', '59', '47', '43', '0', '21', '50', '20', '18', '78', '19'}
| | +-- , 8 , set() , {'39', '42', '60', '26', '58', '24', '38', '74', '1', '30', '37', '57', '85', '4', '70', '72', '78', '29'}
| | +-- , 12 , set() , {'22', '42', '60', '27', '5', '59', '47', '4', '83', '37', '3', '16', '20', '62', '18', '31', '19'}
| | +-- , 14 , set() , {'2', '91', '46', '80', '38', '28', '87', '71', '10', '21', '12', '57', '17', '62', '34', '13'}


Max number of edges with non zero Y: 9
Max number of iterations of outer rounding loop: 2
Max number of candidate sets: 2
Time spent rounding: 1.596
Time spent solving Separator LP: 0.019
Total time spent solving: 2.646

LP Solver: gammaPlusFractionalCoverHeuristic
Number of Rounding Attemps: 16
Lower Bound Witness = ({'83', '70', '20', '93', '90', '71', '79', '36', '19', '9', '14', '39', '46', '7', '5', '88', '42', '4', '1', '54', '18', '23', '13', '77', '82', '29', '33', '58', '62', '22', '80', '0', '67', '41', '91', '24', '64', '43', '38', '72', '51', '94', '40', '53', '84', '52', '12', '16', '26', '27', '47', '85', '28', '50', '3', '34', '69', '37', '59', '30', '17', '75', '55', '21', '57', '78', '81', '2', '60', '11', '35', '74', '87', '10', '63', '49', '56', '31', '61'}, {'49', '24', '47', '43'})