90, 3.0758185912707825, 6.0, 6
+-- , 0 , {3, 107, 188} , {'START', 'AMVS0N', 'AD3N', 'S0', 'AX3', 'ADSH', 'P0'}
| +-- , 3 , {5} , {'START', 'AMVS0N', 'AD3N', 'S0', 'AMVG2VS0P', 'ADSH', 'ACVPCN', 'P0'}
| | +-- , 5 , {8, 101} , {'AMVS0N', 'S0', 'AMVG2VS0P', 'ADSH', 'ACVPCN', 'ACVG2VD1', 'AX0', 'SM1', 'AD3N', 'P0'}
| | | +-- , 8 , {12, 92} , {'AMVS0N', 'AD0N', 'SM1', 'AD3N', 'P0', 'S0', 'AX1', 'AD3', 'ADSH', 'ACVPCN', 'ACVG2VD1', 'AX0'}
| | | | +-- , 12 , {16, 84} , {'AMVS0N', 'AD0N', 'AD2', 'ADDVC3', 'S0', 'AX1', 'ADSH', 'ACVPCN', 'ACVG2VD1', 'SM1', 'ADDVG4VCNVAD4NF', 'P6', 'AD3', 'P7', 'ADDVG3VCNVAD1NF', 'P0'}
| | | | | +-- , 16 , {18} , {'AD2', 'AD0N', 'ADDVC3', 'AD0', 'S0', 'AX1', 'ADSH', 'ACVPCN', 'ACVG2VD1', 'SM1', 'ADDVG4VCNVAD4NF', 'AD1N', 'P6', 'ADDVG3VCNVAD1NF', 'AD3', 'P7', 'P0'}
| | | | | | +-- , 18 , {80, 20} , {'AD2', 'ADDVC3', 'AD0', 'S0', 'ADSH', 'ACVPCN', 'ACVG2VD1', 'P4', 'SM1', 'ADDVG4VCNVAD4NF', 'P6', 'ADDVG1VCN', 'ADDVG3VCNVAD1NF', 'AD3', 'P7', 'AD1N'}
| | | | | | | +-- , 80 , {82} , {'AD0', 'S0', 'ADDVG1VCN', 'ADDVG1VP', 'P4'}
| | | | | | | | +-- , 82 , set() , {'AD0', 'ADDVG1VCN', 'ADDVG1VP', 'P4', 'ADDVG1VPVOR1NF'}
| | | | | | | +-- , 20 , {22} , {'AD2', 'ADDVC3', 'ADSH', 'ACVPCN', 'ACVG2VD1', 'P4', 'SM1', 'ADDVG4VCNVAD4NF', 'P6', 'ADDVG1VCN', 'AD1', 'ADDVG3VCNVAD1NF', 'AD3', 'P7', 'AD1N'}
| | | | | | | | +-- , 22 , {56, 24, 78} , {'P5', 'AD2', 'ADDVC3', 'ADSH', 'ACVPCN', 'ACVG2VD1', 'SM1', 'ADDVG4VCNVAD4NF', 'ADDVC1', 'ADDVG2VCNVOR2NF', 'P6', 'ADDVG1VCN', 'AD1', 'ADDVG3VCNVAD1NF', 'AD3', 'P7', 'SMVS0N', 'P4'}
| | | | | | | | | +-- , 56 , {58, 76} , {'ACVG3VD1', 'ADDVC3', 'SMVG4VG1VAD1NF', 'ADDVG4VCNVAD4NF', 'P6', 'AD3', 'SM2', 'P7', 'SMVS0N', 'ACVPCN'}
| | | | | | | | | | +-- , 58 , {60, 70} , {'CO', 'ADDVC3', 'SMVG4VG1VAD1NF', 'ADDVG4VCNVAD4NF', 'AD3', 'SM2', 'P7', 'SMVS0N', 'ACVPCN'}
| | | | | | | | | | | +-- , 60 , {66, 62} , {'CO', 'ADDVC3', 'SMVG4VG1VAD1NF', 'ADDVG4VCNVAD4NF', 'SMVG4VX', 'AD3', 'ADDVG4VCN', 'SM2', 'SMVS0N', 'P7'}
| | | | | | | | | | | | +-- , 66 , {68} , {'ADDVC3', 'AD3', 'ADDVG4VCN', 'P7', 'ADDVG4VCNVAD2NF', 'ADDVG4VCNVAD1NF'}
| | | | | | | | | | | | | +-- , 68 , set() , {'ADDVC3', 'ADDVG4VCNVOR1NF', 'AD3', 'P7', 'ADDVG4VCNVAD2NF'}
| | | | | | | | | | | | +-- , 62 , {64} , {'ADDVG4VCNVAD3NF', 'SMVG4VG1VAD1NF', 'ADDVG4VCNVAD4NF', 'ADDVC3', 'SMVG4VX', 'AD3', 'ADDVG4VCN', 'ADDVG4VCNVOR2NF', 'SMVS0N', 'P7', 'SMVG4VG1VAD2NF'}
| | | | | | | | | | | | | +-- , 64 , set() , {'ADDVG4VCNVAD3NF', 'ADDVG4VCNVAD4NF', 'SMVS0N', 'SMVG4VS0P', 'ADDVG4VSN', 'SMVG4VG1VAD2NF', 'S3'}
| | | | | | | | | | | +-- , 70 , {72} , {'CO', 'SMVG5VG1VAD1NF', 'SMVG5VG1VAD2NF', 'SMVG5VS0P', 'P7', 'SMVS0N', 'ACVPCN'}
| | | | | | | | | | | | +-- , 72 , {74} , {'SMVG5VG1VAD1NF', 'SMVG5VG1VAD2NF', 'ACVG4VD1', 'P7', 'SMVG5VX', 'ACVPCN', 'SM3'}
| | | | | | | | | | | | | +-- , 74 , set() , {'P7', 'ACVQN3', 'ACVG4VD1'}
| | | | | | | | | | +-- , 76 , set() , {'ACVG3VD1', 'P6', 'ACVQN2'}
| | | | | | | | | +-- , 24 , {27} , {'P5', 'AD2', 'ADDVC3', 'ADDVG3VCN', 'ACVPCN', 'SM1', 'ADDVC1', 'ADDVG2VCNVOR2NF', 'P6', 'AD1', 'ADDVG3VCNVAD1NF', 'SMVS0N', 'P4', 'SMVG2VG1VAD1NF'}
| | | | | | | | | | +-- , 27 , {52, 44, 30} , {'P5', 'AD2', 'ADDVG3VCN', 'ACVPCN', 'ADDVG3VCNVAD3NF', 'SM1', 'ADDVC1', 'ADDVG2VCNVOR2NF', 'P6', 'AD1', 'ADDVC2', 'ADDVG3VCNVAD1NF', 'ADDVG3VCNVOR2NF', 'SMVS0N', 'P4', 'SMVG2VG1VAD1NF'}
| | | | | | | | | | | +-- , 52 , {54} , {'AD2', 'ADDVG3VCNVAD2NF', 'ADDVG3VCN', 'P6', 'ADDVC2', 'ADDVG3VCNVAD1NF'}
| | | | | | | | | | | | +-- , 54 , set() , {'ADDVG3VCNVOR1NF', 'AD2', 'ADDVG3VCNVAD2NF', 'P6', 'ADDVC2'}
| | | | | | | | | | | +-- , 44 , {46} , {'P5', 'AD2', 'P6', 'ADDVC2', 'ADDVG3VSN', 'SMVS0N', 'SMVG3VG1VAD1NF', 'ADDVG3VCNVAD4NF', 'ADDVG3VCNVAD3NF', 'SM1'}
| | | | | | | | | | | | +-- , 46 , {48} , {'ADDVG3VSN', 'SMVS0N', 'SMVG3VG1VAD1NF', 'S2', 'SM1'}
| | | | | | | | | | | | | +-- , 48 , {50} , {'SMVG3VG1VAD2NF', 'SMVS0N', 'SMVG3VG1VAD1NF', 'SMVG3VS0P', 'S2', 'SM1'}
| | | | | | | | | | | | | | +-- , 50 , set() , {'SMVG3VX', 'SMVG3VG1VAD2NF', 'SMVG3VG1VAD1NF', 'SM1'}
| | | | | | | | | | | +-- , 30 , {32, 38, 42} , {'P5', 'SM0', 'ADDVG2VCN', 'ACVPCN', 'ACVG1VD1', 'ADDVC1', 'ADDVG2VCNVOR2NF', 'AD1', 'ADDVC2', 'SMVS0N', 'P4', 'SMVG2VG1VAD1NF'}
| | | | | | | | | | | | +-- , 32 , {34} , {'SMVG2VX', 'SM0', 'P5', 'ADDVC1', 'ADDVG2VCNVOR2NF', 'AD1', 'SMVS0N', 'ADDVG2VCN', 'SMVG2VG1VAD1NF'}
| | | | | | | | | | | | | +-- , 34 , {36} , {'SMVG2VX', 'P5', 'ADDVG2VCNVAD4NF', 'SMVG2VS0P', 'ADDVC1', 'ADDVG2VCNVOR2NF', 'AD1', 'ADDVG2VCNVAD3NF', 'SMVS0N', 'SMVG2VG1VAD2NF', 'ADDVG2VCN', 'SMVG2VG1VAD1NF'}
| | | | | | | | | | | | | | +-- , 36 , set() , {'ADDVG2VCNVAD4NF', 'S1', 'SMVG2VS0P', 'ADDVG2VCNVAD3NF', 'SMVG2VG1VAD2NF', 'ADDVG2VSN'}
| | | | | | | | | | | | +-- , 38 , {40} , {'P5', 'ADDVC1', 'ADDVG2VCNVAD2NF', 'AD1', 'ADDVG2VCNVAD1NF', 'ADDVG2VCN'}
| | | | | | | | | | | | | +-- , 40 , set() , {'P5', 'ADDVG2VCNVOR1NF', 'ADDVC1', 'ADDVG2VCNVAD2NF', 'AD1'}
| | | | | | | | | | | | +-- , 42 , set() , {'P4', 'ACVG1VD1', 'ACVQN0'}
| | | | | | | | | +-- , 78 , set() , {'P5', 'ACVG2VD1', 'ACVQN1'}
| | | | | +-- , 84 , {86} , {'AMVS0N', 'AD2', 'P0', 'AD2N', 'AX2'}
| | | | | | +-- , 86 , {90} , {'AMVS0N', 'AMVG4VG1VAD2NF', 'A2', 'AMVG4VG1VAD1NF', 'AMVG4VS0P', 'AX2'}
| | | | | | | +-- , 90 , set() , {'AM2', 'AMVG4VG1VAD2NF', 'AMVG4VG1VAD1NF', 'AMVG4VX', 'AX2'}
| | | | +-- , 92 , {97, 95} , {'AMVG3VG1VAD2NF', 'AMVS0N', 'AX1', 'AMVG3VG1VAD1NF'}
| | | | | +-- , 97 , {99} , {'AMVG3VG1VAD2NF', 'AMVG3VX', 'AX1', 'AMVG3VG1VAD1NF'}
| | | | | | +-- , 99 , set() , {'AX1', 'AMVG3VX', 'AM1'}
| | | | | +-- , 95 , set() , {'AMVG3VG1VAD2NF', 'AMVS0N', 'A1', 'AMVG3VS0P'}
| | | +-- , 101 , {103} , {'AMVS0N', 'AMVG2VG1VAD2NF', 'AMVG2VS0P', 'AMVG2VG1VAD1NF', 'A0', 'AX0'}
| | | | +-- , 103 , {105} , {'AMVG2VX', 'AMVG2VG1VAD2NF', 'AMVG2VG1VAD1NF', 'AX0'}
| | | | | +-- , 105 , set() , {'AMVG2VX', 'AX0', 'AM0'}
| +-- , 107 , {109} , {'START', 'AMVS0N', 'CNTVG1VZ', 'S0', 'MRVG4VDVAD1NF', 'CNTVG1VD', 'ADSH', 'P0'}
| | +-- , 109 , {111} , {'START', 'INIT', 'AMVS0N', 'CNTVG1VZ', 'MRVG4VDVAD1NF', 'MRVQN0', 'CNTVG1VD', 'ADSH', 'P0'}
| | | +-- , 111 , {114} , {'START', 'MRVG4VD', 'CNTVG1VD', 'ADSH', 'INIT', 'READY', 'CNTVG1VZ', 'MRVG4VDVAD1NF', 'MRVQN0', 'P0', 'MRVG4VDVAD2NF'}
| | | | +-- , 114 , {138, 118} , {'START', 'MRVG4VD', 'CT1N', 'CNTVG1VD', 'ADSH', 'CT1', 'INIT', 'READY', 'CNTVG1VZ', 'MRVQN0', 'READYN', 'P0', 'MRVG4VDVAD2NF'}
| | | | | +-- , 138 , {186, 140} , {'P3', 'MRVG4VD', 'MRVQN0', 'READYN', 'MRVG3VDVAD1NF', 'ADSH', 'BMVS0N', 'P0', 'MRVG4VDVAD2NF'}
| | | | | | +-- , 186 , set() , {'MRVQN3', 'P3', 'MRVG4VD'}
| | | | | | +-- , 140 , {178, 142} , {'P3', 'BM3', 'MRVG1VD', 'MRVQN0', 'MRVSHLDN', 'BMVG2VG1VAD1NF', 'ADSH', 'MRVG3VDVAD1NF', 'BMVS0N', 'P0', 'MRVG4VDVAD2NF'}
| | | | | | | +-- , 178 , {180} , {'P3', 'BMVG5VG1VAD1NF', 'BMVG5VX', 'BMVS0N', 'BM3'}
| | | | | | | | +-- , 180 , {182} , {'BMVG5VG1VAD1NF', 'BMVG5VX', 'BMVS0N', 'BMVG5VG1VAD2NF'}
| | | | | | | | | +-- , 182 , {184} , {'BMVS0N', 'BMVG5VG1VAD2NF', 'BMVG5VS0P'}
| | | | | | | | | | +-- , 184 , set() , {'B3', 'BMVG5VG1VAD2NF', 'BMVG5VS0P'}
| | | | | | | +-- , 142 , {144, 172} , {'MRVG1VDVAD1NF', 'MRVG1VD', 'MRVSHLDN', 'BMVG2VG1VAD1NF', 'ADSH', 'MRVG3VDVAD1NF', 'BMVS0N', 'MRVG1VDVAD2NF', 'BM0'}
| | | | | | | | +-- , 144 , {146, 162, 166} , {'MRVG1VDVAD1NF', 'BM2', 'BMVG4VG1VAD1NF', 'MRVSHLDN', 'MRVG3VDVAD1NF', 'ADSH', 'BMVS0N', 'MRVG3VDVAD2NF', 'P2'}
| | | | | | | | | +-- , 146 , {148} , {'MRVG1VDVAD1NF', 'MRVSHLDN', 'ADSH', 'BMVS0N', 'P1', 'P2'}
| | | | | | | | | | +-- , 148 , {158, 150} , {'MRVSHLDN', 'ADSH', 'BMVS0N', 'MRVG2VDVAD2NF', 'BM1', 'P1', 'P2'}
| | | | | | | | | | | +-- , 158 , {160} , {'ADSH', 'MRVG2VDVAD1NF', 'MRVG2VDVAD2NF', 'P1', 'P2'}
| | | | | | | | | | | | +-- , 160 , set() , {'MRVG2VDVAD1NF', 'MRVQN1', 'MRVG2VDVAD2NF', 'MRVG2VD', 'P1'}
| | | | | | | | | | | +-- , 150 , {152} , {'P1', 'BMVS0N', 'BM1', 'BMVG3VG1VAD1NF'}
| | | | | | | | | | | | +-- , 152 , {154} , {'BMVS0N', 'BM1', 'BMVG3VX', 'BMVG3VG1VAD1NF'}
| | | | | | | | | | | | | +-- , 154 , {156} , {'BMVS0N', 'BMVG3VG1VAD2NF', 'BMVG3VS0P', 'BMVG3VX', 'BMVG3VG1VAD1NF'}
| | | | | | | | | | | | | | +-- , 156 , set() , {'BMVG3VG1VAD2NF', 'BMVG3VS0P', 'B1'}
| | | | | | | | | +-- , 162 , {164} , {'MRVG3VDVAD1NF', 'MRVG3VDVAD2NF', 'MRVG3VD', 'P2'}
| | | | | | | | | | +-- , 164 , set() , {'MRVG3VD', 'P2', 'MRVQN2'}
| | | | | | | | | +-- , 166 , {168} , {'BM2', 'BMVS0N', 'BMVG4VX', 'BMVG4VG1VAD1NF'}
| | | | | | | | | | +-- , 168 , {170} , {'BMVS0N', 'BMVG4VX', 'BMVG4VG1VAD1NF', 'BMVG4VG1VAD2NF'}
| | | | | | | | | | | +-- , 170 , set() , {'B2', 'BMVG4VS0P', 'BMVS0N', 'BMVG4VG1VAD2NF'}
| | | | | | | | +-- , 172 , {174} , {'BMVG2VG1VAD1NF', 'BMVS0N', 'BMVG2VX', 'BM0'}
| | | | | | | | | +-- , 174 , {176} , {'BMVG2VG1VAD2NF', 'BMVG2VG1VAD1NF', 'BMVS0N', 'BMVG2VS0P', 'BMVG2VX'}
| | | | | | | | | | +-- , 176 , set() , {'BMVG2VG1VAD2NF', 'BMVG2VS0P', 'B0'}
| | | | | +-- , 118 , {128, 136, 120} , {'START', 'INIT', 'READY', 'CNTVG1VZ', 'READYN', 'CT1N', 'CT1', 'CNTVG1VD', 'CT0', 'CT2'}
| | | | | | +-- , 128 , {130, 132} , {'START', 'READY', 'CNTVG2VD', 'CNTVG2VZ', 'CT2', 'CT1', 'CNTVCON0', 'CT0', 'CNTVG2VD1'}
| | | | | | | +-- , 130 , set() , {'CNTVG2VZ', 'CNTVG2VZ1', 'CT1', 'CNTVG2VG2VOR1NF', 'CNTVG2VD1'}
| | | | | | | +-- , 132 , {134} , {'CT1', 'CNTVCON0', 'CNTVCO1', 'CNTVG2VQN', 'CT2'}
| | | | | | | | +-- , 134 , set() , {'CNTVCON2', 'CNTVCO1', 'CT2'}
| | | | | | +-- , 136 , set() , {'READY', 'CNTVG1VZ1', 'CNTVG1VZ', 'CNTVG1VG2VOR1NF', 'CNTVG1VD1', 'CT0'}
| | | | | | +-- , 120 , {122, 124, 126} , {'START', 'READY', 'CNTVG3VZ', 'CNTVCON1', 'CT1', 'CNTVG3VD', 'CT0', 'CT2', 'CNTVG3VD1'}
| | | | | | | +-- , 122 , set() , {'CNTVG3VZ1', 'CNTVG3VZ', 'CNTVG3VD1', 'CT2', 'CNTVG3VG2VOR1NF'}
| | | | | | | +-- , 124 , set() , {'CT2', 'CNTVCON1', 'CNTVG3VQN', 'CNTVCO2'}
| | | | | | | +-- , 126 , set() , {'CNTVCON1', 'CNTVCO0', 'CT1', 'CNTVG1VQN', 'CT0'}
| +-- , 188 , {191} , {'AMVS0N', 'AX3', 'AMVG5VS0P', 'AMVG5VG1VAD1NF'}
| | +-- , 191 , {193} , {'A3', 'AMVG5VS0P', 'AMVG5VG1VAD1NF', 'AX3', 'AMVG5VG1VAD2NF'}
| | | +-- , 193 , set() , {'AX3', 'AMVG5VG1VAD2NF', 'AMVG5VX', 'AMVG5VG1VAD1NF', 'AM3'}


Max number of edges with non zero Y: 31
Max number of iterations of outer rounding loop: 3
Max number of candidate sets: 2
Time spent rounding: 45.277
Time spent solving Separator LP: 11.514
Total time spent solving: 70.501

LP Solver: GaifmanBoosted
Lower Bound Witness = ({'AMVG4VG1VAD2NF', 'ACVG4VD1', 'ADDVG2VSN', 'ADDVG4VCNVAD1NF', 'MRVG2VD', 'AMVG3VX', 'ADDVG2VCNVOR2NF', 'MRVG4VDVAD1NF', 'CNTVCO1', 'BMVG4VX', 'ACVQN2', 'AD3', 'AM1', 'ADDVG4VCNVOR2NF', 'SMVS0N', 'CNTVG1VQN', 'P2', 'B1', 'AMVS0N', 'BMVG2VS0P', 'ACVQN1', 'SMVG4VX', 'S0', 'CNTVG2VQN', 'AMVG4VS0P', 'MRVQN1', 'SMVG3VX', 'AMVG2VG1VAD1NF', 'BMVG5VG1VAD2NF', 'CT2', 'CNTVG3VZ1', 'CO', 'ACVG1VD1', 'SMVG2VS0P', 'CNTVG2VZ1', 'AD2N', 'READYN', 'A2', 'SMVG5VS0P', 'ADDVG4VCN', 'MRVQN3', 'B0', 'MRVG3VD', 'MRVG1VDVAD1NF', 'AD0N', 'MRVG4VD', 'AD0', 'AM2', 'ADDVG3VCN', 'CNTVG1VD', 'BMVS0N', 'ADDVG3VCNVAD3NF', 'CNTVG3VD', 'AX2', 'CNTVG3VD1', 'SMVG2VX', 'AX0', 'BMVG5VX', 'SMVG5VG1VAD1NF', 'ADDVG4VCNVAD4NF', 'ADDVC1', 'MRVG1VD', 'P6', 'AD1', 'MRVSHLDN', 'ADDVG2VCNVAD3NF', 'CNTVG2VG2VOR1NF', 'AM3', 'AD1N', 'AMVG5VG1VAD1NF', 'CNTVCO2', 'SM0', 'AD2', 'ADDVC3', 'S1', 'AX1', 'CT1N', 'SMVG2VG1VAD2NF', 'ADDVG1VP', 'SMVG4VG1VAD2NF', 'BMVG3VG1VAD2NF', 'S3', 'SMVG3VS0P', 'P1', 'CNTVG3VG2VOR1NF', 'BMVG2VG1VAD2NF', 'P3', 'CNTVCON1', 'ADDVC2', 'AMVG4VG1VAD1NF', 'ADDVG3VCNVAD1NF', 'CNTVCON2', 'CNTVG1VG2VOR1NF', 'P7', 'BMVG2VG1VAD1NF', 'MRVG3VDVAD2NF', 'ADDVG3VCNVAD2NF', 'ADDVG2VCNVAD4NF', 'A3', 'MRVG2VDVAD1NF', 'ADDVG2VCNVOR1NF', 'MRVG3VDVAD1NF', 'SMVG4VS0P', 'MRVG1VDVAD2NF', 'ACVG2VD1', 'BMVG5VG1VAD1NF', 'READY', 'CNTVG3VZ', 'BMVG3VS0P', 'MRVQN0', 'ADDVG2VCNVAD1NF', 'AMVG3VG1VAD2NF', 'SMVG5VX', 'SMVG3VG1VAD1NF', 'AMVG5VS0P', 'CNTVCON0', 'P4', 'MRVG4VDVAD2NF', 'AMVG3VG1VAD1NF', 'SMVG2VG1VAD1NF', 'BMVG2VX', 'BMVG4VG1VAD2NF', 'SM2', 'ADSH', 'ADDVG2VCN', 'BM1', 'BMVG3VX', 'A0', 'CNTVG2VD1', 'MRVQN2', 'SM1', 'CNTVG1VZ', 'BM3', 'ADDVG4VCNVOR1NF', 'BMVG3VG1VAD1NF', 'ADDVG3VSN', 'BMVG4VS0P', 'AMVG5VX', 'AMVG4VX', 'B2', 'P5', 'ADDVG3VCNVOR1NF', 'CNTVG1VZ1', 'AMVG5VG1VAD2NF', 'CNTVG3VQN', 'AM0', 'CT1', 'ADDVG4VSN', 'ACVPCN', 'ADDVG1VPVOR1NF', 'ACVG3VD1', 'CNTVG2VD', 'ACVQN0', 'AMVG2VG1VAD2NF', 'AMVG3VS0P', 'AMVG2VX', 'ADDVG1VCN', 'CNTVCO0', 'SMVG3VG1VAD2NF', 'A1', 'BMVG5VS0P', 'ADDVG4VCNVAD2NF', 'START', 'ADDVG4VCNVAD3NF', 'ACVQN3', 'AX3', 'AMVG2VS0P', 'B3', 'ADDVG3VCNVAD4NF', 'S2', 'CNTVG1VD1', 'CT0', 'BM0', 'INIT', 'AD3N', 'BM2', 'SMVG4VG1VAD1NF', 'CNTVG2VZ', 'SMVG5VG1VAD2NF', 'BMVG4VG1VAD1NF', 'ADDVG2VCNVAD2NF', 'ADDVG3VCNVOR2NF', 'MRVG2VDVAD2NF', 'SM3', 'P0'}, {'P5', 'MRVG1VDVAD1NF', 'CNTVG3VQN', 'AM0', 'CNTVG1VD', 'ADDVG4VCNVAD1NF', 'ADDVG3VCNVAD3NF', 'BMVG5VG1VAD1NF', 'READY', 'AMVG2VX', 'ACVQN0', 'CNTVG3VZ', 'ADDVC1', 'BMVG4VX', 'MRVQN0', 'AD1', 'AD3', 'ADDVG4VCNVOR2NF', 'AMVG3VG1VAD1NF', 'SMVG2VG1VAD1NF', 'CNTVCO2', 'ADDVC3', 'AX3', 'AMVG4VS0P', 'SMVG3VS0P', 'CT0', 'CT2', 'BM0', 'CNTVG3VZ1', 'ACVG1VD1', 'ADDVG4VCNVOR1NF', 'ADDVG4VCN', 'MRVG3VDVAD2NF'})