11, 1, 4.0, 4
+-- , 5 , {3} , {'5', '4', '3', '23', '13', '38', '37'}
| +-- , 3 , {0} , {'4', '38', '3', '14', '20'}
| | +-- , 0 , {11, 9} , {'0', '18', '3', '7', '19', '24', '30', '14', '20', '9', '38', '22'}
| | | +-- , 11 , {13} , {'0', '18', '3', '9', '19', '24', '22', '14', '26', '20'}
| | | | +-- , 13 , {15} , {'18', '3', '9', '31', '2', '24', '22', '14', '26', '20'}
| | | | | +-- , 15 , {16, 18} , {'18', '25', '8', '31', '22', '24', '21', '26'}
| | | | | | +-- , 16 , {17} , {'21', '8', '18', '22'}
| | | | | | | +-- , 17 , set() , {'1', '8', '11', '6'}
| | | | | | +-- , 18 , {19} , {'25', '24', '26'}
| | | | | | | +-- , 19 , set() , {'32', '29', '33', '26'}
| | | +-- , 9 , set() , {'0', '18', '36', '7', '30', '22', '35'}


Max number of edges with non zero Y: 9
Max number of iterations of outer rounding loop: 1
Max number of candidate sets: 2
Time spent rounding: 0.675
Time spent solving Separator LP: 0.016
Total time spent solving: 1.077

LP Solver: gammaPlusFractionalCoverHeuristic
Number of Rounding Attemps: 16
Lower Bound Witness = ({'0', '3', '19', '24', '13', '4', '8', '38', '22', '35', '18', '36', '7', '31', '30', '14', '20', '5', '25', '9', '2', '23', '21', '37', '26'}, {'22', '31', '35', '36'})