14, 1, 4.166666666666667, 5
+-- , 3 , {0} , {'23', '13', '37', '38'}
| +-- , 0 , {24, 25, 10} , {'18', '36', '21', '31', '30', '14', '8', '2', '23', '38', '22'}
| | +-- , 24 , set() , {'30', '18', '35', '36'}
| | +-- , 25 , {26} , {'21', '8', '18', '22'}
| | | +-- , 26 , set() , {'1', '8', '11', '6'}
| | +-- , 10 , {12} , {'18', '36', '31', '22', '30', '14', '25', '2', '23', '38', '21'}
| | | +-- , 12 , {27, 14} , {'18', '36', '24', '30', '14', '25', '2', '23', '38', '22', '26'}
| | | | +-- , 27 , {28} , {'25', '24', '26'}
| | | | | +-- , 28 , set() , {'32', '29', '33', '26'}
| | | | +-- , 14 , {16} , {'0', '18', '36', '19', '24', '30', '14', '2', '23', '38', '22', '26'}
| | | | | +-- , 16 , {18} , {'0', '18', '36', '3', '19', '24', '14', '5', '4', '2', '23', '22'}
| | | | | | +-- , 18 , {20} , {'0', '18', '36', '3', '19', '24', '14', '20', '4', '2', '22'}
| | | | | | | +-- , 20 , {22} , {'0', '18', '36', '3', '19', '24', '20', '9', '2', '22'}
| | | | | | | | +-- , 22 , set() , {'0', '18', '36', '7', '9', '3', '19', '24', '22', '20'}


Max number of edges with non zero Y: 12
Max number of iterations of outer rounding loop: 2
Max number of candidate sets: 2
Time spent rounding: 0.232
Time spent solving Separator LP: 0.023
Total time spent solving: 0.604

LP Solver: gammaPlusFractionalCoverHeuristic
Number of Rounding Attemps: 2
Lower Bound Witness = ({'0', '3', '19', '24', '13', '4', '8', '38', '22', '35', '18', '36', '7', '31', '30', '14', '20', '5', '25', '9', '2', '23', '21', '37', '26'}, {'2', '23', '13', '14', '20'})