68, 0.7499990000000001, 2.0, 2
+-- , 0 , {3, 101} , {'TempHa5', 'C5', 'TempHb5'}
| +-- , 3 , {5} , {'C5', 'S6', 'TempG6'}
| | +-- , 5 , {7} , {'C5', 'TempHb6', 'TempG6'}
| | | +-- , 7 , {9, 99} , {'TempHa6', 'TempHb6', 'TempG6'}
| | | | +-- , 9 , {11} , {'TempHa6', 'C6', 'TempHb6'}
| | | | | +-- , 11 , {97, 13} , {'TempHb7', 'C6', 'TempG7'}
| | | | | | +-- , 97 , set() , {'S7', 'C6', 'TempG7'}
| | | | | | +-- , 13 , {15, 95} , {'TempHb7', 'TempG7', 'TempHa7'}
| | | | | | | +-- , 15 , {17} , {'TempHb7', 'C7', 'TempHa7'}
| | | | | | | | +-- , 17 , {19, 93} , {'C7', 'TempG8', 'TempHb8'}
| | | | | | | | | +-- , 19 , {91, 21} , {'TempHa8', 'TempG8', 'TempHb8'}
| | | | | | | | | | +-- , 91 , set() , {'I15', 'TempG8', 'TempHa8', 'I16'}
| | | | | | | | | | +-- , 21 , {23} , {'TempHa8', 'C8', 'TempHb8'}
| | | | | | | | | | | +-- , 23 , {89, 25} , {'TempG9', 'C8', 'TempHb9'}
| | | | | | | | | | | | +-- , 89 , set() , {'TempG9', 'C8', 'S9'}
| | | | | | | | | | | | +-- , 25 , {27, 87} , {'TempG9', 'TempHa9', 'TempHb9'}
| | | | | | | | | | | | | +-- , 27 , {29} , {'TempHa9', 'C9', 'TempHb9'}
| | | | | | | | | | | | | | +-- , 29 , {31} , {'TempG10', 'C9', 'S10'}
| | | | | | | | | | | | | | | +-- , 31 , {33} , {'TempG10', 'C9', 'TempHb10'}
| | | | | | | | | | | | | | | | +-- , 33 , {35, 85} , {'TempHa10', 'TempG10', 'TempHb10'}
| | | | | | | | | | | | | | | | | +-- , 35 , {37} , {'TempHb10', 'C10', 'TempHa10'}
| | | | | | | | | | | | | | | | | | +-- , 37 , {83, 39} , {'TempHb11', 'TempG11', 'C10'}
| | | | | | | | | | | | | | | | | | | +-- , 83 , set() , {'S11', 'C10', 'TempG11'}
| | | | | | | | | | | | | | | | | | | +-- , 39 , {41} , {'TempHb11', 'TempHa11', 'I22', 'I21', 'C11', 'TempG11'}
| | | | | | | | | | | | | | | | | | | | +-- , 41 , {43} , {'C11', 'TempG12', 'S12'}
| | | | | | | | | | | | | | | | | | | | | +-- , 43 , {45} , {'C11', 'TempG12', 'TempHb12'}
| | | | | | | | | | | | | | | | | | | | | | +-- , 45 , {47, 79} , {'TempHb12', 'C12', 'TempG12', 'TempHa12'}
| | | | | | | | | | | | | | | | | | | | | | | +-- , 47 , {49} , {'C12', 'TempG13', 'S13'}
| | | | | | | | | | | | | | | | | | | | | | | | +-- , 49 , {51} , {'C12', 'TempHb13', 'TempG13'}
| | | | | | | | | | | | | | | | | | | | | | | | | +-- , 51 , {75, 53} , {'TempHb13', 'TempHa13', 'TempG13', 'C13'}
| | | | | | | | | | | | | | | | | | | | | | | | | | +-- , 75 , set() , {'TempHa13', 'TempG13', 'I26', 'I25'}
| | | | | | | | | | | | | | | | | | | | | | | | | | +-- , 53 , {55} , {'TempG14', 'S14', 'C13'}
| | | | | | | | | | | | | | | | | | | | | | | | | | | +-- , 55 , {57} , {'TempG14', 'C13', 'TempHb14'}
| | | | | | | | | | | | | | | | | | | | | | | | | | | | +-- , 57 , {59, 71} , {'TempHa14', 'TempG14', 'TempHb14'}
| | | | | | | | | | | | | | | | | | | | | | | | | | | | | +-- , 59 , {61} , {'TempHa14', 'C14', 'TempHb14'}
| | | | | | | | | | | | | | | | | | | | | | | | | | | | | | +-- , 61 , {63} , {'TempG15', 'S15', 'C14'}
| | | | | | | | | | | | | | | | | | | | | | | | | | | | | | | +-- , 63 , {65} , {'TempG15', 'TempHb15', 'C14'}
| | | | | | | | | | | | | | | | | | | | | | | | | | | | | | | | +-- , 65 , {67, 69} , {'TempHa15', 'TempG15', 'TempHb15'}
| | | | | | | | | | | | | | | | | | | | | | | | | | | | | | | | | +-- , 67 , set() , {'TempHa15', 'I30', 'TempG15', 'I29'}
| | | | | | | | | | | | | | | | | | | | | | | | | | | | | | | | | +-- , 69 , set() , {'TempHa15', 'TempHb15', 'C15'}
| | | | | | | | | | | | | | | | | | | | | | | | | | | | | +-- , 71 , set() , {'TempHa14', 'I27', 'TempG14', 'I28'}
| | | | | | | | | | | | | | | | | | | | | | | +-- , 79 , set() , {'TempHa12', 'TempG12', 'I24', 'I23'}
| | | | | | | | | | | | | | | | | +-- , 85 , set() , {'I20', 'TempG10', 'I19', 'TempHa10'}
| | | | | | | | | | | | | +-- , 87 , set() , {'TempG9', 'TempHa9', 'I18', 'I17'}
| | | | | | | | | +-- , 93 , set() , {'TempG8', 'C7', 'S8'}
| | | | | | | +-- , 95 , set() , {'I14', 'I13', 'TempG7', 'TempHa7'}
| | | | +-- , 99 , set() , {'TempHa6', 'TempG6', 'I12', 'I11'}
| +-- , 101 , {144, 103, 142} , {'C4', 'TempHa5', 'TempHb5', 'TempG5'}
| | +-- , 144 , set() , {'TempHa5', 'TempG5', 'I10', 'I9'}
| | +-- , 103 , {105} , {'C4', 'TempHa4', 'TempHb4'}
| | | +-- , 105 , {107, 138} , {'TempG4', 'TempHa4', 'TempHb4'}
| | | | +-- , 107 , {136, 109} , {'TempG4', 'C3', 'TempHb4'}
| | | | | +-- , 136 , set() , {'TempG4', 'C3', 'S4'}
| | | | | +-- , 109 , {111} , {'TempHb3', 'C3', 'TempHa3'}
| | | | | | +-- , 111 , {113, 134} , {'TempG3', 'TempHb3', 'TempHa3'}
| | | | | | | +-- , 113 , {115, 132} , {'C2', 'TempG3', 'TempHb3'}
| | | | | | | | +-- , 115 , {117} , {'C2', 'TempHb2', 'TempHa2'}
| | | | | | | | | +-- , 117 , {130, 119} , {'TempHb2', 'TempG2', 'TempHa2'}
| | | | | | | | | | +-- , 130 , set() , {'I4', 'I3', 'TempG2', 'TempHa2'}
| | | | | | | | | | +-- , 119 , {128, 121} , {'TempHb2', 'C1', 'TempG2'}
| | | | | | | | | | | +-- , 128 , set() , {'S2', 'C1', 'TempG2'}
| | | | | | | | | | | +-- , 121 , {123} , {'TempHa1', 'TempHb1', 'C1'}
| | | | | | | | | | | | +-- , 123 , {126} , {'C0', 'TempG1', 'TempHb1', 'TempHa1', 'I2', 'I1'}
| | | | | | | | | | | | | +-- , 126 , set() , {'TempG1', 'S1', 'C0'}
| | | | | | | | +-- , 132 , set() , {'S3', 'TempG3', 'C2'}
| | | | | | | +-- , 134 , set() , {'I6', 'TempG3', 'TempHa3', 'I5'}
| | | | +-- , 138 , set() , {'TempHa4', 'TempG4', 'I7', 'I8'}
| | +-- , 142 , set() , {'TempG5', 'C4', 'S5'}


Max number of edges with non zero Y: 3
Max number of iterations of outer rounding loop: 2
Max number of candidate sets: 2
Time spent rounding: 44.713
Time spent solving Separator LP: 1.780
Total time spent solving: 58.103

LP Solver: GaifmanNormal
Lower Bound Witness = ({'TempG12', 'I17', 'TempG10', 'TempHa13', 'C8', 'C9', 'S12', 'TempHa6', 'TempG9', 'I20', 'S9', 'TempHb6', 'I19', 'TempG7', 'TempHa8', 'I15', 'TempHa9', 'TempHb12', 'TempHb15', 'TempG13', 'TempHb8', 'TempHa11', 'C15', 'C14', 'I28', 'I12', 'TempHb13', 'S10', 'I13', 'S11', 'I21', 'TempG11', 'TempG6', 'I11', 'TempHb14', 'I25', 'I29', 'TempHa7', 'I27', 'I22', 'I23', 'C10', 'S13', 'C13', 'TempHb9', 'TempHa15', 'C11', 'C6', 'TempG14', 'S8', 'TempG15', 'TempG8', 'TempHa12', 'I14', 'I26', 'TempHa14', 'C12', 'TempHb7', 'TempHb11', 'I16', 'S7', 'I30', 'TempHb10', 'C7', 'TempHa10', 'S15', 'S14', 'I18', 'I24'}, {'TempG6', 'TempHb6'})