66, 0.7499990000000001, 3.0, 3
+-- , 0 , {83, 3, 132, 120} , {'TempHb7', 'C6', 'C4', 'TempHa7'}
| +-- , 83 , {85} , {'C4', 'TempHa4', 'TempHb4'}
| | +-- , 85 , {118, 87} , {'TempG4', 'TempHa4', 'TempHb4'}
| | | +-- , 118 , set() , {'TempHa4', 'TempG4', 'I7', 'I8'}
| | | +-- , 87 , {89, 116} , {'TempG4', 'C3', 'TempHb4'}
| | | | +-- , 89 , {91} , {'TempHb3', 'C3', 'TempHa3'}
| | | | | +-- , 91 , {114, 93} , {'TempG3', 'TempHb3', 'TempHa3'}
| | | | | | +-- , 114 , set() , {'I6', 'TempG3', 'TempHa3', 'I5'}
| | | | | | +-- , 93 , {112, 95} , {'C2', 'TempG3', 'TempHb3'}
| | | | | | | +-- , 112 , set() , {'S3', 'TempG3', 'C2'}
| | | | | | | +-- , 95 , {97} , {'C2', 'TempHb2', 'TempHa2'}
| | | | | | | | +-- , 97 , {99, 110} , {'TempHb2', 'TempG2', 'TempHa2'}
| | | | | | | | | +-- , 99 , {108, 101} , {'TempHb2', 'C1', 'TempG2'}
| | | | | | | | | | +-- , 108 , set() , {'S2', 'C1', 'TempG2'}
| | | | | | | | | | +-- , 101 , {103} , {'TempHa1', 'TempHb1', 'C1'}
| | | | | | | | | | | +-- , 103 , {106} , {'C0', 'TempG1', 'TempHb1', 'TempHa1', 'I2', 'I1'}
| | | | | | | | | | | | +-- , 106 , set() , {'TempG1', 'S1', 'C0'}
| | | | | | | | | +-- , 110 , set() , {'I4', 'I3', 'TempG2', 'TempHa2'}
| | | | +-- , 116 , set() , {'TempG4', 'C3', 'S4'}
| +-- , 3 , {5} , {'TempHb7', 'C7', 'TempHa7'}
| | +-- , 5 , {81, 7} , {'C7', 'TempG8', 'TempHb8'}
| | | +-- , 81 , set() , {'TempG8', 'C7', 'S8'}
| | | +-- , 7 , {9, 79} , {'TempHa8', 'TempG8', 'TempHb8'}
| | | | +-- , 9 , {11} , {'TempHa8', 'C8', 'TempHb8'}
| | | | | +-- , 11 , {77, 13} , {'TempG9', 'C8', 'TempHb9'}
| | | | | | +-- , 77 , set() , {'TempG9', 'C8', 'S9'}
| | | | | | +-- , 13 , {75, 15} , {'TempG9', 'TempHa9', 'TempHb9'}
| | | | | | | +-- , 75 , set() , {'TempG9', 'TempHa9', 'I18', 'I17'}
| | | | | | | +-- , 15 , {17} , {'TempHa9', 'C9', 'TempHb9'}
| | | | | | | | +-- , 17 , {19} , {'TempG10', 'C9', 'S10'}
| | | | | | | | | +-- , 19 , {21} , {'TempG10', 'C9', 'TempHb10'}
| | | | | | | | | | +-- , 21 , {73, 23} , {'TempHa10', 'TempG10', 'TempHb10'}
| | | | | | | | | | | +-- , 73 , set() , {'I20', 'TempG10', 'I19', 'TempHa10'}
| | | | | | | | | | | +-- , 23 , {25} , {'TempHb10', 'C10', 'TempHa10'}
| | | | | | | | | | | | +-- , 25 , {27, 71} , {'TempHb11', 'TempG11', 'C10'}
| | | | | | | | | | | | | +-- , 27 , {29} , {'TempHb11', 'TempHa11', 'I22', 'I21', 'C11', 'TempG11'}
| | | | | | | | | | | | | | +-- , 29 , {31} , {'C11', 'TempG12', 'S12'}
| | | | | | | | | | | | | | | +-- , 31 , {33} , {'C11', 'TempG12', 'TempHb12'}
| | | | | | | | | | | | | | | | +-- , 33 , {67, 35} , {'TempHb12', 'TempG12', 'TempHa12'}
| | | | | | | | | | | | | | | | | +-- , 67 , set() , {'TempHa12', 'TempG12', 'I24', 'I23'}
| | | | | | | | | | | | | | | | | +-- , 35 , {37} , {'TempHa12', 'TempHb12', 'C12'}
| | | | | | | | | | | | | | | | | | +-- , 37 , {39} , {'C12', 'TempG13', 'S13'}
| | | | | | | | | | | | | | | | | | | +-- , 39 , {41} , {'C12', 'TempHb13', 'TempG13'}
| | | | | | | | | | | | | | | | | | | | +-- , 41 , {65, 43} , {'TempHb13', 'TempHa13', 'TempG13', 'C13'}
| | | | | | | | | | | | | | | | | | | | | +-- , 65 , set() , {'TempHa13', 'TempG13', 'I26', 'I25'}
| | | | | | | | | | | | | | | | | | | | | +-- , 43 , {45} , {'TempG14', 'S14', 'C13'}
| | | | | | | | | | | | | | | | | | | | | | +-- , 45 , {47} , {'TempG14', 'C13', 'TempHb14'}
| | | | | | | | | | | | | | | | | | | | | | | +-- , 47 , {49, 61} , {'TempHa14', 'TempG14', 'TempHb14'}
| | | | | | | | | | | | | | | | | | | | | | | | +-- , 49 , {51} , {'TempHa14', 'C14', 'TempHb14'}
| | | | | | | | | | | | | | | | | | | | | | | | | +-- , 51 , {53} , {'TempG15', 'S15', 'C14'}
| | | | | | | | | | | | | | | | | | | | | | | | | | +-- , 53 , {55} , {'TempG15', 'TempHb15', 'C14'}
| | | | | | | | | | | | | | | | | | | | | | | | | | | +-- , 55 , {57, 59} , {'TempHa15', 'TempG15', 'TempHb15'}
| | | | | | | | | | | | | | | | | | | | | | | | | | | | +-- , 57 , set() , {'TempHa15', 'I30', 'TempG15', 'I29'}
| | | | | | | | | | | | | | | | | | | | | | | | | | | | +-- , 59 , set() , {'TempHa15', 'TempHb15', 'C15'}
| | | | | | | | | | | | | | | | | | | | | | | | +-- , 61 , set() , {'TempHa14', 'I27', 'TempG14', 'I28'}
| | | | | | | | | | | | | +-- , 71 , set() , {'S11', 'C10', 'TempG11'}
| | | | +-- , 79 , set() , {'I15', 'TempG8', 'TempHa8', 'I16'}
| +-- , 132 , {136, 134} , {'TempHb7', 'C6', 'TempG7', 'TempHa7'}
| | +-- , 136 , set() , {'S7', 'C6', 'TempG7'}
| | +-- , 134 , set() , {'I14', 'I13', 'TempG7', 'TempHa7'}
| +-- , 120 , {122} , {'C4', 'TempG5', 'S5', 'TempHa6', 'C6', 'TempHb6'}
| | +-- , 122 , {124} , {'C4', 'TempG5', 'TempHa6', 'TempHb6', 'TempHb5'}
| | | +-- , 124 , {126} , {'I9', 'TempG5', 'TempHa6', 'TempHb6', 'TempHb5', 'I10'}
| | | | +-- , 126 , {128} , {'I9', 'TempHa6', 'C5', 'TempHb6', 'TempHa5', 'TempHb5', 'I10'}
| | | | | +-- , 128 , {130} , {'TempHa6', 'C5', 'TempHb6', 'TempG6', 'I12', 'I11'}
| | | | | | +-- , 130 , set() , {'TempG6', 'C5', 'S6'}


Max number of edges with non zero Y: 3
Max number of iterations of outer rounding loop: 2
Max number of candidate sets: 2
Time spent rounding: 29.098
Time spent solving Separator LP: 0.367
Total time spent solving: 38.573

LP Solver: GaifmanNormal
Lower Bound Witness = ({'TempG12', 'I17', 'TempG10', 'TempHa13', 'C8', 'C9', 'S12', 'I20', 'TempG9', 'S9', 'I19', 'TempHa8', 'I15', 'TempHa9', 'TempHb12', 'TempHb15', 'TempG13', 'TempHb8', 'TempHa11', 'C15', 'C14', 'I28', 'TempHb13', 'S11', 'S10', 'I21', 'TempG11', 'TempHb14', 'I25', 'I29', 'I27', 'I22', 'I23', 'C10', 'S13', 'C13', 'TempHb9', 'TempHa15', 'C11', 'TempG15', 'TempG14', 'TempG8', 'TempHa12', 'I26', 'TempHa14', 'C12', 'TempHb11', 'I16', 'I30', 'TempHb10', 'TempHa10', 'S15', 'S14', 'I18', 'I24'}, {'TempG8', 'TempHb8'})