22, 1.588888888888889, 6.0, 6
+-- , 0 , {34, 38, 6, 42, 46, 50, 30} , {'xL9J', 'xL7J', 'yL21J', 'xL8J', 'yL23J', 'yL24J', 'xL5J', 'xL0J', 'xL2J', 'yL22J', 'yL20J'}
| +-- , 34 , {36} , {'xL2J', 'yL10J'}
| | +-- , 36 , set() , {'yL12J', 'yL13J', 'yL11J', 'yL14J', 'yL10J'}
| +-- , 38 , {40} , {'yL45J', 'xL9J'}
| | +-- , 40 , set() , {'yL45J', 'yL47J', 'yL46J', 'yL48J', 'yL49J'}
| +-- , 6 , {8} , {'xL9J', 'xL7J', 'xL8J', 'xL5J', 'xL0J', 'xL2J', 'xL4J', 'yL20J'}
| | +-- , 8 , {11} , {'xL9J', 'xL7J', 'yL15J', 'xL8J', 'xL5J', 'yL16J', 'yL19J', 'yL18J', 'yL17J', 'xL0J', 'xL2J', 'xL4J'}
| | | +-- , 11 , {13} , {'xL9J', 'xL7J', 'yL15J', 'xL8J', 'xL5J', 'xL0J', 'xL2J', 'xL4J', 'xL3J'}
| | | | +-- , 13 , {17, 28} , {'xL9J', 'xL10J', 'xL7J', 'xL8J', 'xL5J', 'yL50J', 'xL0J', 'xL2J', 'xL4J', 'xL3J'}
| | | | | +-- , 17 , {20} , {'xL9J', 'xL10J', 'xL7J', 'xL8J', 'yL5J', 'yL8J', 'xL5J', 'yL6J', 'yL9J', 'yL7J', 'xL0J', 'xL2J', 'xL4J', 'xL3J'}
| | | | | | +-- , 20 , {22} , {'xL9J', 'xL10J', 'xL7J', 'xL8J', 'yL5J', 'xL1J', 'xL5J', 'xL0J', 'xL2J', 'xL4J', 'xL3J'}
| | | | | | | +-- , 22 , {24} , {'xL9J', 'xL10J', 'xL7J', 'xL8J', 'xL6J', 'xL5J', 'xL1J', 'xL0J', 'xL2J', 'xL4J', 'yL30J', 'xL3J'}
| | | | | | | | +-- , 24 , set() , {'yL32J', 'yL33J', 'yL34J', 'yL31J', 'yL30J'}
| | | | | +-- , 28 , set() , {'yL52J', 'yL54J', 'yL53J', 'yL51J', 'yL50J'}
| +-- , 42 , {44} , {'yL25J', 'xL5J'}
| | +-- , 44 , set() , {'yL25J', 'yL27J', 'yL29J', 'yL26J', 'yL28J'}
| +-- , 46 , {48} , {'xL0J', 'yL0J'}
| | +-- , 48 , set() , {'yL1J', 'yL4J', 'yL0J', 'yL2J', 'yL3J'}
| +-- , 50 , {52} , {'xL7J', 'yL35J'}
| | +-- , 52 , set() , {'yL38J', 'yL36J', 'yL39J', 'yL37J', 'yL35J'}
| +-- , 30 , {32} , {'xL8J', 'yL40J'}
| | +-- , 32 , set() , {'yL42J', 'yL43J', 'yL44J', 'yL40J', 'yL41J'}


Max number of edges with non zero Y: 7
Max number of iterations of outer rounding loop: 3
Max number of candidate sets: 2
Time spent rounding: 17.444
Time spent solving Separator LP: 0.830
Total time spent solving: 21.941

LP Solver: GaifmanBoosted
Lower Bound Witness = ({'xL9J', 'xL10J', 'yL32J', 'xL7J', 'xL6J', 'xL8J', 'yL33J', 'yL34J', 'xL2J', 'xL1J', 'xL5J', 'xL0J', 'yL31J', 'xL4J', 'yL30J', 'xL3J'}, {'xL9J', 'xL10J', 'xL7J', 'xL8J', 'xL5J', 'xL1J', 'xL0J', 'xL2J', 'xL4J', 'xL3J'})