15, 2.2142857142857144, 8.0, 9
+-- , 0 , {3, 28, 30} , {'64', '38', '21', '43', '41', '16', '51', '55', '66', '23', '57', '52', '25', '68', '20', '9', '17', '7', '29', '53', '0', '11', '42', '31', '33'}
| +-- , 3 , {5} , {'64', '16', '66', '57', '52', '0', '65', '17', '67', '7', '33', '14', '38', '21', '43', '51', '23', '25', '20', '9', '29', '53', '55', '11', '42', '31'}
| | +-- , 5 , {22, 8, 26} , {'64', '1', '16', '57', '52', '0', '65', '17', '67', '33', '14', '38', '21', '43', '59', '23', '20', '9', '29', '53', '55', '11', '42', '31'}
| | | +-- , 22 , {24} , {'44', '5', '20', '1', '17', '16', '53', '65', '11'}
| | | | +-- , 24 , set() , {'54', '11', '44', '8'}
| | | +-- , 8 , {10} , {'64', '1', '52', '65', '0', '17', '67', '33', '14', '45', '38', '21', '43', '59', '23', '20', '9', '29', '53', '6', '55', '11', '42', '31'}
| | | | +-- , 10 , {20, 12} , {'64', '1', '52', '65', '0', '17', '67', '33', '14', '45', '38', '21', '43', '59', '23', '20', '9', '56', '29', '53', '55', '11', '42', '31'}
| | | | | +-- , 20 , set() , {'31', '21', '22', '9', '56', '49', '55', '42', '23'}
| | | | | +-- , 12 , {14} , {'64', '46', '39', '1', '62', '52', '65', '17', '67', '37', '33', '14', '45', '38', '21', '43', '59', '24', '20', '56', '29', '53', '0', '11'}
| | | | | | +-- , 14 , {16, 18} , {'19', '10', '45', '64', '15', '38', '21', '39', '26', '13', '43', '24', '58', '62', '36', '34', '28', '20', '17', '56', '67', '29', '18', '0'}
| | | | | | | +-- , 16 , set() , {'19', '30', '48', '18'}
| | | | | | | +-- , 18 , set() , {'47', '21', '24', '18', '0'}
| | | +-- , 26 , set() , {'57', '1', '59', '27', '55'}
| +-- , 28 , set() , {'32', '57', '3', '0', '38', '63', '29', '53', '7', '55', '11'}
| +-- , 30 , set() , {'64', '20', '35', '17', '42'}


Max number of edges with non zero Y: 9
Max number of iterations of outer rounding loop: 6
Max number of candidate sets: 2
Time spent rounding: 14.943
Time spent solving Separator LP: 0.856
Total time spent solving: 18.953

LP Solver: GaifmanBoosted
Lower Bound Witness = ({'10', '44', '64', '46', '47', '15', '39', '1', '48', '54', '16', '62', '49', '66', '30', '57', '3', '52', '0', '28', '35', '17', '67', '7', '37', '11', '8', '33', '19', '14', '45', '38', '21', '26', '13', '43', '41', '59', '24', '27', '58', '36', '51', '55', '23', '32', '34', '25', '22', '68', '20', '9', '56', '63', '29', '18', '53', '6', '65', '5', '42', '31'}, {'32', '3', '31', '28', '38', '68', '67', '41', '7', '58', '65', '42', '23'})