11, 4.5, 7.5, 8
+-- , 0 , {25, 27, 9} , {'xL17J', 'xL18J', 'xL4J', 'xL22J', 'xL2J', 'xL8J', 'xL19J', 'xL13J', 'xL9J', 'xL12J', 'xL20J', 'xL1J', 'xL0J', 'xL21J', 'xL15J'}
| +-- , 25 , set() , {'xL19J', 'xL11J', 'xL1J', 'xL4J'}
| +-- , 27 , set() , {'xL17J', 'xL8J', 'xL13J', 'xL20J', 'xL1J', 'xL21J', 'xL14J'}
| +-- , 9 , {19, 23, 11} , {'xL4J', 'xL2J', 'xL19J', 'xL8J', 'xL13J', 'xL7J', 'xL12J', 'xL20J', 'xL21J', 'xL18J', 'xL22J', 'xL9J', 'xL1J', 'xL0J', 'xL15J'}
| | +-- , 19 , {21} , {'xL18J', 'xL2J', 'xL13J', 'xL7J', 'xL10J', 'xL20J', 'xL0J', 'xL21J'}
| | | +-- , 21 , set() , {'xL2J', 'xL7J', 'xL10J', 'xL0J', 'xL21J', 'xL6J'}
| | +-- , 23 , set() , {'xL3J', 'xL4J', 'xL22J', 'xL2J', 'xL13J', 'xL7J', 'xL1J'}
| | +-- , 11 , {17, 13} , {'xL22J', 'xL2J', 'xL19J', 'xL9J', 'xL7J', 'xL12J', 'xL20J', 'xL0J', 'xL21J', 'xL15J', 'xL5J'}
| | | +-- , 17 , set() , {'xL16J', 'xL19J', 'xL12J', 'xL15J', 'xL5J'}
| | | +-- , 13 , {15} , {'xL24J', 'xL19J', 'xL7J', 'xL20J', 'xL0J', 'xL15J', 'xL5J'}
| | | | +-- , 15 , set() , {'xL24J', 'xL19J', 'xL7J', 'xL20J', 'xL23J', 'xL15J'}


Max number of edges with non zero Y: 7
Max number of iterations of outer rounding loop: 0
Max number of candidate sets: 0
Time spent rounding: 0.000
Time spent solving Separator LP: 7.697
Total time spent solving: 8.299

LP Solver: GaifmanNormalILP
Lower Bound Witness = ({'xL4J', 'xL8J', 'xL7J', 'xL12J', 'xL20J', 'xL18J', 'xL9J', 'xL1J', 'xL0J', 'xL23J', 'xL6J', 'xL15J', 'xL16J', 'xL17J', 'xL2J', 'xL19J', 'xL24J', 'xL13J', 'xL21J', 'xL11J', 'xL5J', 'xL3J', 'xL22J', 'xL10J', 'xL14J'}, {'xL17J', 'xL11J', 'xL22J', 'xL2J', 'xL19J', 'xL8J', 'xL13J', 'xL9J', 'xL7J', 'xL10J', 'xL20J', 'xL1J', 'xL21J', 'xL14J', 'xL6J', 'xL15J', 'xL5J'})