24, 2.158685294010555, 7.0, 7
+-- , 0 , {33, 3, 37, 41, 43, 45, 47, 49, 21} , {'69', '72', '81', '4', '48', '11', '70', '26', '78', '6', '53', '34', '5', '22', '23', '31', '76', '56', '0', '33', '19', '42', '29', '87', '14'}
| +-- , 33 , {35} , {'33', '60', '5', '4', '53'}
| | +-- , 35 , set() , {'33', '60', '73', '71'}
| +-- , 3 , {5, 9, 11, 15, 17} , {'69', '81', '4', '48', '11', '70', '87', '53', '32', '44', '23', '63', '3', '19', '42', '64', '6', '14'}
| | +-- , 5 , {7} , {'49', '87', '42', '70', '63', '12', '14'}
| | | +-- , 7 , set() , {'67', '12', '82', '27'}
| | +-- , 9 , set() , {'88', '44', '63', '81'}
| | +-- , 11 , {13} , {'11', '23', '47', '63', '19', '45', '84', '32'}
| | | +-- , 13 , set() , {'57', '23', '63', '45'}
| | +-- , 15 , set() , {'75', '69', '32', '4'}
| | +-- , 17 , set() , {'3', '68', '11', '48'}
| +-- , 37 , {39} , {'33', '11', '20', '23', '28'}
| | +-- , 39 , set() , {'20', '85', '11', '13'}
| +-- , 41 , set() , {'22', '90', '48', '76', '0', '36', '89'}
| +-- , 43 , set() , {'31', '54', '87', '42'}
| +-- , 45 , set() , {'0', '29', '83', '21'}
| +-- , 47 , set() , {'10', '70', '43', '53'}
| +-- , 49 , set() , {'81', '80', '17', '78', '19', '8', '14'}
| +-- , 21 , {23, 25, 31} , {'69', '4', '48', '65', '5', '22', '23', '31', '40', '33', '58', '79', '29', '9', '1', '6', '14'}
| | +-- , 23 , set() , {'65', '69', '25', '1'}
| | +-- , 25 , {27, 29} , {'24', '5', '22', '4', '31', '79', '55', '59', '61', '1', '2', '29'}
| | | +-- , 27 , set() , {'24', '91', '31', '62', '61', '2'}
| | | +-- , 29 , set() , {'24', '22', '39', '18'}
| | +-- , 31 , set() , {'69', '92', '4', '40', '86', '14'}


Max number of edges with non zero Y: 21
Max number of iterations of outer rounding loop: 3
Max number of candidate sets: 2
Time spent rounding: 4.230
Time spent solving Separator LP: 0.474
Total time spent solving: 7.021

LP Solver: GaifmanNormal
Lower Bound Witness = ({'71', '20', '47', '40', '29', '81', '4', '26', '55', '78', '8', '45', '1', '87', '83', '6', '60', '62', '2', '57', '34', '5', '56', '17', '79', '14', '92', '75', '84', '28', '31', '63', '73', '80', '86', '24', '69', '65', '61', '32', '18', '10', '90', '33', '58', '11', '91', '12', '53', '44', '22', '49', '23', '27', '36', '19', '72', '13', '85', '21', '0', '68', '89', '88', '9', '43', '48', '67', '70', '54', '39', '25', '76', '82', '3', '59', '42', '64'}, {'34', '69', '22', '44', '31', '62', '63', '82', '65', '80', '17', '19', '64', '43', '29'})