22, 0, 9.0, 9
+-- , 0 , {3, 7, 39, 41, 43} , {'60', '24', '69', '72', '4', '48', '91', '62', '78', '53', '32', '22', '23', '40', '76', '33', '3', '68', '79', '29'}
| +-- , 3 , {5} , {'24', '69', '72', '60', '4', '48', '91', '62', '1', '78', '61', '53', '32', '5', '22', '23', '40', '76', '33', '58', '3', '79', '29', '6'}
| | +-- , 5 , set() , {'69', '25', '22', '65', '9', '1', '6'}
| +-- , 7 , {35, 37, 9, 13, 15} , {'24', '69', '32', '57', '40', '56', '33', '0', '68', '79', '29', '4', '48', '11', '91', '70', '78', '53', '22', '23', '63', '76', '3', '45'}
| | +-- , 35 , set() , {'10', '70', '43', '53'}
| | +-- , 37 , set() , {'0', '29', '83', '21'}
| | +-- , 9 , {11} , {'33', '11', '20', '23', '28'}
| | | +-- , 11 , set() , {'20', '85', '11', '13'}
| | +-- , 13 , set() , {'22', '90', '48', '76', '0', '36', '89'}
| | +-- , 15 , {17, 33, 25, 29} , {'24', '69', '81', '4', '48', '11', '91', '70', '78', '32', '49', '23', '47', '40', '63', '33', '17', '79', '80', '42', '45', '14'}
| | | +-- , 17 , {19, 21, 23} , {'24', '49', '81', '4', '91', '31', '79', '59', '42', '87', '12', '2', '14'}
| | | | +-- , 19 , set() , {'67', '12', '82', '27'}
| | | | +-- , 21 , set() , {'31', '24', '55', '4'}
| | | | +-- , 23 , set() , {'31', '54', '87', '42'}
| | | +-- , 33 , set() , {'69', '92', '4', '40', '86', '14'}
| | | +-- , 25 , {27} , {'44', '81', '11', '4', '63', '88'}
| | | | +-- , 27 , set() , {'4', '44', '11', '64'}
| | | +-- , 29 , {31} , {'47', '14', '33', '80', '19', '84', '32', '8'}
| | | | +-- , 31 , set() , {'33', '26', '19', '34'}
| +-- , 39 , set() , {'24', '22', '39', '18'}
| +-- , 41 , set() , {'33', '60', '73', '71'}
| +-- , 43 , set() , {'75', '69', '32', '4'}


Max number of edges with non zero Y: 29
Max number of iterations of outer rounding loop: 1
Max number of candidate sets: 2
Time spent rounding: 1.769
Time spent solving Separator LP: 0.042
Total time spent solving: 3.358

LP Solver: gammaPlusFractionalCoverHeuristic
Lower Bound Witness = ({'71', '20', '47', '40', '29', '81', '4', '26', '55', '78', '8', '45', '1', '87', '83', '6', '60', '62', '2', '57', '34', '5', '56', '17', '79', '14', '92', '75', '84', '28', '31', '63', '73', '80', '86', '24', '69', '65', '61', '32', '18', '10', '90', '33', '58', '11', '91', '12', '53', '44', '22', '49', '23', '27', '36', '19', '72', '13', '85', '21', '0', '68', '89', '88', '9', '43', '48', '67', '70', '54', '39', '25', '76', '82', '3', '59', '42', '64'}, {'24', '25', '75', '28', '39'})