29, 2.9479976210496983, 8.0, 8
+-- , 0 , {3, 53, 55, 57, 29} , {'69', '81', '4', '48', '11', '65', '78', '32', '5', '49', '3', '33', '42', '29', '1', '6', '14'}
| +-- , 3 , {5, 9, 27, 13} , {'69', '81', '4', '48', '11', '70', '1', '78', '32', '5', '49', '63', '33', '3', '17', '80', '42', '29', '6', '14'}
| | +-- , 5 , {7} , {'60', '5', '71', '4', '70', '73', '3', '33', '6', '53', '32'}
| | | +-- , 7 , set() , {'10', '70', '43', '53'}
| | +-- , 9 , {11} , {'44', '81', '11', '4', '63', '88'}
| | | +-- , 11 , set() , {'4', '44', '11', '64'}
| | +-- , 27 , set() , {'70', '69', '29', '56'}
| | +-- , 13 , {19, 23, 25, 15} , {'11', '48', '23', '14', '63', '33', '80', '19', '42', '1', '32', '8'}
| | | +-- , 19 , {21} , {'33', '11', '20', '23', '28'}
| | | | +-- , 21 , set() , {'20', '85', '11', '13'}
| | | +-- , 23 , set() , {'58', '23', '1', '48'}
| | | +-- , 25 , set() , {'33', '26', '19', '34'}
| | | +-- , 15 , {17} , {'11', '23', '47', '63', '19', '45', '84', '32'}
| | | | +-- , 17 , set() , {'57', '23', '63', '45'}
| +-- , 53 , set() , {'3', '68', '11', '48'}
| +-- , 55 , set() , {'65', '69', '25', '1'}
| +-- , 57 , set() , {'75', '69', '32', '4'}
| +-- , 29 , {43, 47, 49, 51, 31} , {'69', '81', '4', '48', '11', '1', '65', '78', '61', '5', '22', '49', '40', '33', '0', '79', '42', '29', '6', '14'}
| | +-- , 43 , {45} , {'5', '22', '72', '48', '76', '0', '78', '89'}
| | | +-- , 45 , set() , {'22', '36', '90', '89'}
| | +-- , 47 , set() , {'9', '22', '6', '65'}
| | +-- , 49 , set() , {'0', '29', '83', '21'}
| | +-- , 51 , set() , {'69', '92', '4', '40', '86', '14'}
| | +-- , 31 , {33, 35, 37, 39, 41} , {'24', '49', '22', '81', '4', '91', '31', '62', '79', '42', '61', '12', '87', '14'}
| | | +-- , 33 , set() , {'67', '12', '82', '27'}
| | | +-- , 35 , set() , {'24', '22', '39', '18'}
| | | +-- , 37 , set() , {'31', '24', '55', '4'}
| | | +-- , 39 , set() , {'4', '91', '31', '79', '59', '2'}
| | | +-- , 41 , set() , {'31', '54', '87', '42'}


Max number of edges with non zero Y: 25
Max number of iterations of outer rounding loop: 1
Max number of candidate sets: 2
Time spent rounding: 6.352
Time spent solving Separator LP: 8.537
Total time spent solving: 18.682

LP Solver: GaifmanBoosted
Lower Bound Witness = ({'71', '20', '47', '40', '29', '81', '4', '26', '55', '78', '8', '45', '1', '87', '83', '6', '60', '62', '2', '57', '34', '5', '56', '17', '79', '14', '92', '75', '84', '28', '31', '63', '73', '80', '86', '24', '69', '65', '61', '32', '18', '10', '90', '33', '58', '11', '91', '12', '53', '44', '22', '49', '23', '27', '36', '19', '72', '13', '85', '21', '0', '68', '89', '88', '9', '43', '48', '67', '70', '54', '39', '25', '76', '82', '3', '59', '42', '64'}, {'24', '62', '86', '5', '47', '40', '56', '33', '68', '79', '9', '29', '4', '91', '70', '78', '53', '44', '25', '49', '73', '82', '3', '19', '45', '59', '6'})