22, 2.8717924809536157, 8.0, 8
+-- , 0 , {3, 10, 46} , {'xL23J', 'xL17J', 'xL36J', 'xL15J', 'xL2J', 'xL20J', 'xL1J', 'xL12J', 'xL13J', 'xL6J', 'xL28J', 'xL11J', 'xL26J', 'xL18J'}
| +-- , 3 , {6} , {'xL23J', 'xL20J', 'xL2J', 'xL13J', 'xL11J', 'xL22J', 'xL26J', 'xL16J', 'xL18J'}
| | +-- , 6 , set() , {'xL20J', 'xL2J', 'xL7J', 'xL11J', 'xL22J', 'xL18J'}
| +-- , 10 , {12} , {'xL17J', 'xL27J', 'xL36J', 'xL12J', 'xL13J', 'xL6J', 'xL28J', 'xL23J', 'xL15J', 'xL20J', 'xL1J', 'xL11J', 'xL26J', 'xL18J'}
| | +-- , 12 , {14} , {'xL27J', 'xL36J', 'xL12J', 'xL13J', 'xL6J', 'xL28J', 'xL23J', 'xL15J', 'xL20J', 'xL1J', 'xL29J', 'xL11J', 'xL26J', 'xL18J'}
| | | +-- , 14 , {16} , {'xL27J', 'xL12J', 'xL13J', 'xL6J', 'xL28J', 'xL23J', 'xL15J', 'xL20J', 'xL1J', 'xL29J', 'xL11J', 'xL19J', 'xL26J', 'xL18J'}
| | | | +-- , 16 , {18, 44} , {'xL23J', 'xL27J', 'xL15J', 'xL20J', 'xL1J', 'xL12J', 'xL13J', 'xL6J', 'xL28J', 'xL32J', 'xL11J', 'xL19J', 'xL26J', 'xL18J'}
| | | | | +-- , 18 , {20, 38, 40, 42} , {'xL27J', 'xL21J', 'xL12J', 'xL13J', 'xL6J', 'xL32J', 'xL23J', 'xL15J', 'xL20J', 'xL38J', 'xL1J', 'xL0J', 'xL11J', 'xL19J', 'xL26J', 'xL18J'}
| | | | | | +-- , 20 , {24, 22} , {'xL21J', 'xL39J', 'xL12J', 'xL6J', 'xL32J', 'xL20J', 'xL38J', 'xL0J', 'xL11J', 'xL19J', 'xL26J'}
| | | | | | | +-- , 24 , {32, 34, 36, 26} , {'xL20J', 'xL21J', 'xL39J', 'xL38J', 'xL34J', 'xL12J', 'xL0J', 'xL4J', 'xL6J', 'xL11J', 'xL32J', 'xL26J'}
| | | | | | | | +-- , 32 , set() , {'xL4J', 'xL37J'}
| | | | | | | | +-- , 34 , set() , {'xL26J', 'xL34J', 'xL14J'}
| | | | | | | | +-- , 36 , set() , {'xL4J', 'xL33J', 'xL21J', 'xL34J'}
| | | | | | | | +-- , 26 , {28} , {'xL20J', 'xL39J', 'xL4J', 'xL6J', 'xL32J', 'xL31J', 'xL24J', 'xL26J'}
| | | | | | | | | +-- , 28 , {30} , {'xL8J', 'xL31J', 'xL24J', 'xL20J'}
| | | | | | | | | | +-- , 30 , set() , {'xL8J', 'xL20J', 'xL25J', 'xL31J'}
| | | | | | | +-- , 22 , set() , {'xL20J', 'xL30J', 'xL39J', 'xL38J'}
| | | | | | +-- , 38 , set() , {'xL21J', 'xL5J', 'xL38J'}
| | | | | | +-- , 40 , set() , {'xL23J', 'xL3J', 'xL0J', 'xL32J', 'xL19J'}
| | | | | | +-- , 42 , set() , {'xL35J', 'xL38J', 'xL1J'}
| | | | | +-- , 44 , set() , {'xL23J', 'xL15J', 'xL32J', 'xL10J'}
| +-- , 46 , set() , {'xL12J', 'xL15J', 'xL9J', 'xL28J'}


Max number of edges with non zero Y: 34
Max number of iterations of outer rounding loop: 4
Max number of candidate sets: 2
Time spent rounding: 9.139
Time spent solving Separator LP: 0.434

LP Solver: GaifmanBoosted