11, 1.6428565714285717, 4.5, 5
+-- , 0 , {26, 28, 9} , {'xL4J', 'xL1J', 'xL15J', 'xL16J', 'xL12J', 'xL5J', 'xL7J', 'xL18J', 'xL17J'}
| +-- , 26 , set() , {'xL16J', 'xL5J', 'xL9J'}
| +-- , 28 , set() , {'xL16J', 'xL18J', 'xL3J'}
| +-- , 9 , {11} , {'xL4J', 'xL1J', 'xL15J', 'xL16J', 'xL12J', 'xL7J', 'xL19J', 'xL18J', 'xL17J'}
| | +-- , 11 , {13} , {'xL4J', 'xL1J', 'xL8J', 'xL15J', 'xL16J', 'xL12J', 'xL19J', 'xL18J', 'xL17J'}
| | | +-- , 13 , {24, 15} , {'xL4J', 'xL0J', 'xL8J', 'xL15J', 'xL16J', 'xL12J', 'xL19J', 'xL17J'}
| | | | +-- , 24 , set() , {'xL4J', 'xL0J', 'xL15J', 'xL11J', 'xL12J'}
| | | | +-- , 15 , {18, 22} , {'xL4J', 'xL0J', 'xL14J', 'xL15J', 'xL16J', 'xL12J', 'xL13J', 'xL19J', 'xL17J'}
| | | | | +-- , 18 , {20} , {'xL2J', 'xL4J', 'xL14J', 'xL17J'}
| | | | | | +-- , 20 , set() , {'xL2J', 'xL4J', 'xL10J'}
| | | | | +-- , 22 , set() , {'xL4J', 'xL6J', 'xL0J', 'xL14J', 'xL15J', 'xL16J'}


Max number of edges with non zero Y: 13
Max number of iterations of outer rounding loop: 4
Max number of candidate sets: 2
Time spent rounding: 8.446
Time spent solving Separator LP: 0.154
Total time spent solving: 9.953

LP Solver: GaifmanNormal
Lower Bound Witness = ({'xL2J', 'xL4J', 'xL6J', 'xL10J', 'xL0J', 'xL14J', 'xL1J', 'xL8J', 'xL15J', 'xL16J', 'xL11J', 'xL12J', 'xL13J', 'xL19J', 'xL18J', 'xL17J'}, {'xL4J', 'xL1J', 'xL15J', 'xL16J', 'xL12J', 'xL19J', 'xL18J', 'xL17J'})