12, 1.6176465, 4.5, 5
+-- , 0 , {5, 25, 27} , {'xL2J', 'xL4J', 'xL16J', 'xL5J', 'xL10J', 'xL18J', 'xL17J'}
| +-- , 5 , {8} , {'xL2J', 'xL4J', 'xL6J', 'xL14J', 'xL16J', 'xL5J', 'xL18J', 'xL17J'}
| | +-- , 8 , {10} , {'xL4J', 'xL6J', 'xL14J', 'xL15J', 'xL16J', 'xL5J', 'xL18J', 'xL17J'}
| | | +-- , 10 , {13, 23} , {'xL4J', 'xL6J', 'xL14J', 'xL15J', 'xL16J', 'xL13J', 'xL19J', 'xL18J', 'xL17J'}
| | | | +-- , 13 , {15} , {'xL4J', 'xL6J', 'xL14J', 'xL15J', 'xL16J', 'xL11J', 'xL13J', 'xL19J', 'xL18J'}
| | | | | +-- , 15 , {17} , {'xL6J', 'xL0J', 'xL14J', 'xL16J', 'xL11J', 'xL13J', 'xL19J', 'xL18J'}
| | | | | | +-- , 17 , {19} , {'xL0J', 'xL14J', 'xL16J', 'xL11J', 'xL12J', 'xL19J', 'xL18J'}
| | | | | | | +-- , 19 , {21} , {'xL0J', 'xL16J', 'xL12J', 'xL19J', 'xL18J', 'xL8J'}
| | | | | | | | +-- , 21 , set() , {'xL1J', 'xL16J', 'xL12J', 'xL19J', 'xL8J'}
| | | | +-- , 23 , set() , {'xL4J', 'xL15J', 'xL16J', 'xL7J', 'xL19J', 'xL17J'}
| +-- , 25 , set() , {'xL16J', 'xL5J', 'xL9J'}
| +-- , 27 , set() , {'xL16J', 'xL18J', 'xL3J'}


Max number of edges with non zero Y: 13
Max number of iterations of outer rounding loop: 4
Max number of candidate sets: 2
Time spent rounding: 11.220
Time spent solving Separator LP: 0.239
Total time spent solving: 13.397

LP Solver: GaifmanNormal
Lower Bound Witness = ({'xL4J', 'xL6J', 'xL0J', 'xL14J', 'xL1J', 'xL8J', 'xL15J', 'xL16J', 'xL11J', 'xL12J', 'xL7J', 'xL13J', 'xL19J', 'xL18J', 'xL17J'}, {'xL4J', 'xL6J', 'xL14J', 'xL15J', 'xL16J', 'xL13J', 'xL18J', 'xL17J'})