12, 2.5, 4.5, 5
+-- , 0 , {25, 5} , {'xL4J', 'xL14J', 'xL15J', 'xL16J', 'xL7J', 'xL19J', 'xL17J'}
| +-- , 25 , {27} , {'xL2J', 'xL4J', 'xL14J', 'xL17J'}
| | +-- , 27 , set() , {'xL2J', 'xL4J', 'xL10J'}
| +-- , 5 , {19, 7, 23} , {'xL4J', 'xL14J', 'xL15J', 'xL16J', 'xL19J', 'xL18J', 'xL17J'}
| | +-- , 19 , {21} , {'xL16J', 'xL4J', 'xL5J', 'xL15J', 'xL18J'}
| | | +-- , 21 , set() , {'xL16J', 'xL5J', 'xL9J'}
| | +-- , 7 , {11} , {'xL4J', 'xL14J', 'xL1J', 'xL15J', 'xL16J', 'xL12J', 'xL19J', 'xL18J', 'xL8J'}
| | | +-- , 11 , {17, 13, 15} , {'xL4J', 'xL0J', 'xL14J', 'xL15J', 'xL16J', 'xL12J', 'xL19J', 'xL8J'}
| | | | +-- , 17 , set() , {'xL4J', 'xL6J', 'xL0J', 'xL14J', 'xL15J', 'xL16J'}
| | | | +-- , 13 , set() , {'xL0J', 'xL14J', 'xL16J', 'xL13J', 'xL19J'}
| | | | +-- , 15 , set() , {'xL4J', 'xL0J', 'xL15J', 'xL11J', 'xL12J'}
| | +-- , 23 , set() , {'xL16J', 'xL18J', 'xL3J'}


Max number of edges with non zero Y: 5
Max number of iterations of outer rounding loop: 0
Max number of candidate sets: 0
Time spent rounding: 0.000
Time spent solving Separator LP: 0.392
Total time spent solving: 0.689

LP Solver: GaifmanNormalILP
Lower Bound Witness = ({'xL4J', 'xL6J', 'xL0J', 'xL14J', 'xL1J', 'xL8J', 'xL15J', 'xL9J', 'xL16J', 'xL11J', 'xL12J', 'xL5J', 'xL7J', 'xL13J', 'xL19J', 'xL18J', 'xL3J', 'xL17J'}, {'xL4J', 'xL14J', 'xL7J', 'xL19J', 'xL17J'})