12, 1.3888883333333333, 4.666666666666667, 6
+-- , 0 , {3, 22, 24} , {'27', '0', '32', '10', '11', '42', '58', '38', '79', '8', '2', '49', '22', '51', '44', '18', '70', '83', '16', '17', '37', '45'}
| +-- , 3 , {5} , {'0', '34', '10', '38', '8', '68', '44', '82', '16', '17', '72', '32', '11', '42', '58', '79', '49', '67', '70', '83', '37', '22', '20'}
| | +-- , 5 , {8, 20} , {'0', '34', '10', '38', '21', '8', '68', '82', '16', '48', '17', '72', '32', '11', '42', '49', '67', '83', '37', '22', '20'}
| | | +-- , 8 , {16, 18, 10, 12} , {'0', '34', '72', '10', '42', '31', '15', '38', '21', '8', '49', '67', '56', '12', '83', '75', '82', '48', '17', '37', '22', '20'}
| | | | +-- , 16 , set() , {'6', '0', '41', '10', '42', '83', '75', '84', '30', '65'}
| | | | +-- , 18 , set() , {'49', '13', '55', '12', '82', '48', '15', '21', '8', '61'}
| | | | +-- , 10 , set() , {'49', '81', '33', '34', '67', '12', '75', '37', '22', '20'}
| | | | +-- , 12 , {14} , {'54', '72', '34', '52', '1', '31', '17', '15', '38', '21', '56', '63', '53', '48', '66', '69'}
| | | | | +-- , 14 , set() , {'54', '71', '36', '56', '57', '1', '77', '21'}
| | | +-- , 20 , set() , {'68', '0', '32', '60', '14', '59', '11', '48', '16', '21'}
| +-- , 22 , set() , {'27', '49', '32', '42', '83', '80', '5', '22', '8'}
| +-- , 24 , set() , {'7', '0', '10', '11', '76', '50', '38', '22', '25'}


Max number of edges with non zero Y: 10
Max number of iterations of outer rounding loop: 4
Max number of candidate sets: 2
Time spent rounding: 11.494
Time spent solving Separator LP: 2.313
Total time spent solving: 17.748

LP Solver: GaifmanNormal
Lower Bound Witness = ({'0', '34', '10', '1', '76', '80', '38', '21', '8', '81', '68', '33', '45', '41', '51', '44', '55', '18', '63', '75', '82', '16', '84', '30', '48', '17', '2', '25', '61', '27', '7', '54', '72', '32', '60', '71', '52', '11', '42', '58', '31', '15', '79', '65', '49', '6', '67', '13', '36', '56', '14', '70', '59', '12', '83', '57', '50', '53', '77', '5', '66', '37', '22', '69', '20'}, {'7', '49', '22', '72', '32', '45', '44', '42', '63', '80', '5', '17', '2'})