20, 2.328417713136729, 8.5, 9
+-- , 0 , {8, 42, 44, 46} , {'xL35J', 'xL33J', 'xL19J', 'xL1J', 'xL18J', 'xL29J', 'xL28J', 'xL4J', 'xL23J', 'xL37J', 'xL21J', 'xL10J', 'xL3J', 'xL11J', 'xL9J', 'xL32J', 'xL12J'}
| +-- , 8 , {38, 40, 11} , {'xL35J', 'xL33J', 'xL1J', 'xL19J', 'xL18J', 'xL29J', 'xL26J', 'xL28J', 'xL4J', 'xL23J', 'xL37J', 'xL27J', 'xL3J', 'xL11J', 'xL9J', 'xL32J', 'xL12J'}
| | +-- , 38 , set() , {'xL19J', 'xL27J', 'xL9J', 'xL30J', 'xL32J'}
| | +-- , 40 , set() , {'xL1J', 'xL38J', 'xL27J', 'xL3J', 'xL12J', 'xL0J'}
| | +-- , 11 , {17, 13} , {'xL35J', 'xL33J', 'xL1J', 'xL19J', 'xL18J', 'xL29J', 'xL26J', 'xL4J', 'xL23J', 'xL37J', 'xL39J', 'xL27J', 'xL11J', 'xL9J', 'xL32J', 'xL12J'}
| | | +-- , 17 , {19} , {'xL35J', 'xL33J', 'xL1J', 'xL19J', 'xL18J', 'xL29J', 'xL26J', 'xL4J', 'xL23J', 'xL16J', 'xL37J', 'xL39J', 'xL27J', 'xL9J', 'xL32J'}
| | | | +-- , 19 , {34, 36, 22, 30} , {'xL35J', 'xL33J', 'xL18J', 'xL29J', 'xL26J', 'xL23J', 'xL4J', 'xL16J', 'xL34J', 'xL39J', 'xL25J', 'xL27J', 'xL9J', 'xL32J'}
| | | | | +-- , 34 , set() , {'xL25J', 'xL6J', 'xL34J'}
| | | | | +-- , 36 , set() , {'xL35J', 'xL25J', 'xL29J', 'xL36J', 'xL26J', 'xL23J'}
| | | | | +-- , 22 , {24} , {'xL7J', 'xL4J', 'xL25J', 'xL18J', 'xL29J', 'xL23J', 'xL32J', 'xL34J'}
| | | | | | +-- , 24 , {26, 28} , {'xL7J', 'xL2J', 'xL25J', 'xL18J', 'xL23J', 'xL32J', 'xL34J'}
| | | | | | | +-- , 26 , set() , {'xL24J', 'xL32J', 'xL2J', 'xL34J'}
| | | | | | | +-- , 28 , set() , {'xL20J', 'xL2J', 'xL18J'}
| | | | | +-- , 30 , {32} , {'xL35J', 'xL39J', 'xL25J', 'xL9J', 'xL31J', 'xL16J'}
| | | | | | +-- , 32 , set() , {'xL13J', 'xL31J', 'xL9J', 'xL25J'}
| | | +-- , 13 , {15} , {'xL39J', 'xL14J', 'xL19J', 'xL12J', 'xL9J', 'xL26J', 'xL17J'}
| | | | +-- , 15 , set() , {'xL15J', 'xL17J', 'xL26J'}
| +-- , 42 , set() , {'xL35J', 'xL22J', 'xL37J', 'xL18J'}
| +-- , 44 , set() , {'xL5J', 'xL28J', 'xL23J', 'xL32J'}
| +-- , 46 , set() , {'xL3J', 'xL19J', 'xL8J'}


Max number of edges with non zero Y: 22
Max number of iterations of outer rounding loop: 7
Max number of candidate sets: 2
Time spent rounding: 26.191
Time spent solving Separator LP: 0.598

LP Solver: GaifmanNormal