24, 5.5, 7.0, 7
+-- , 0 , {32, 34, 51, 6, 30} , {'xL35J', 'xL39J', 'xL32J', 'xL19J', 'xL18J', 'xL28J', 'xL25J', 'xL9J', 'xL13J', 'xL31J', 'xL23J', 'xL17J', 'xL34J'}
| +-- , 32 , set() , {'xL25J', 'xL6J', 'xL34J'}
| +-- , 34 , {36} , {'xL35J', 'xL19J', 'xL18J', 'xL23J', 'xL34J', 'xL21J', 'xL15J', 'xL25J', 'xL9J', 'xL32J', 'xL17J'}
| | +-- , 36 , {38} , {'xL35J', 'xL21J', 'xL15J', 'xL25J', 'xL18J', 'xL23J', 'xL9J', 'xL26J', 'xL32J', 'xL34J'}
| | | +-- , 38 , {41} , {'xL35J', 'xL21J', 'xL32J', 'xL4J', 'xL18J', 'xL25J', 'xL36J', 'xL26J', 'xL23J', 'xL34J'}
| | | | +-- , 41 , {49, 43, 45} , {'xL4J', 'xL2J', 'xL25J', 'xL18J', 'xL23J', 'xL36J', 'xL26J', 'xL32J', 'xL34J'}
| | | | | +-- , 49 , set() , {'xL20J', 'xL2J', 'xL18J'}
| | | | | +-- , 43 , set() , {'xL24J', 'xL32J', 'xL2J', 'xL34J'}
| | | | | +-- , 45 , {47} , {'xL7J', 'xL32J', 'xL4J', 'xL2J', 'xL36J', 'xL26J', 'xL23J'}
| | | | | | +-- , 47 , set() , {'xL7J', 'xL29J', 'xL36J', 'xL26J', 'xL32J'}
| +-- , 51 , set() , {'xL17J', 'xL19J', 'xL9J', 'xL14J'}
| +-- , 6 , {8} , {'xL35J', 'xL17J', 'xL19J', 'xL18J', 'xL28J', 'xL23J', 'xL31J', 'xL34J', 'xL39J', 'xL25J', 'xL9J', 'xL32J', 'xL12J'}
| | +-- , 8 , {10, 28} , {'xL35J', 'xL39J', 'xL32J', 'xL19J', 'xL18J', 'xL25J', 'xL31J', 'xL27J', 'xL9J', 'xL12J', 'xL28J', 'xL23J', 'xL16J', 'xL34J'}
| | | +-- , 10 , {26, 12} , {'xL35J', 'xL33J', 'xL19J', 'xL18J', 'xL23J', 'xL16J', 'xL34J', 'xL39J', 'xL25J', 'xL27J', 'xL3J', 'xL9J', 'xL32J', 'xL12J'}
| | | | +-- , 26 , set() , {'xL3J', 'xL19J', 'xL8J'}
| | | | +-- , 12 , {14} , {'xL35J', 'xL33J', 'xL18J', 'xL23J', 'xL16J', 'xL39J', 'xL27J', 'xL3J', 'xL11J', 'xL9J', 'xL32J', 'xL12J'}
| | | | | +-- , 14 , {16, 18} , {'xL35J', 'xL37J', 'xL33J', 'xL16J', 'xL18J', 'xL27J', 'xL3J', 'xL11J', 'xL23J', 'xL12J'}
| | | | | | +-- , 16 , set() , {'xL35J', 'xL22J', 'xL37J', 'xL18J'}
| | | | | | +-- , 18 , {24, 20} , {'xL37J', 'xL33J', 'xL38J', 'xL27J', 'xL3J', 'xL12J', 'xL23J', 'xL16J'}
| | | | | | | +-- , 24 , set() , {'xL38J', 'xL27J', 'xL3J', 'xL12J', 'xL0J'}
| | | | | | | +-- , 20 , {22} , {'xL37J', 'xL33J', 'xL1J', 'xL38J', 'xL23J', 'xL16J'}
| | | | | | | | +-- , 22 , set() , {'xL33J', 'xL37J', 'xL1J', 'xL10J'}
| | | +-- , 28 , set() , {'xL19J', 'xL27J', 'xL9J', 'xL30J', 'xL32J'}
| +-- , 30 , set() , {'xL5J', 'xL28J', 'xL23J', 'xL32J'}


Max number of edges with non zero Y: 7
Max number of iterations of outer rounding loop: 0
Max number of candidate sets: 0
Time spent rounding: 0.000
Time spent solving Separator LP: 12.618

LP Solver: GaifmanNormalILP