21, 3.180944229048845, 7.5, 8
+-- , 0 , {35, 5, 25, 27, 29} , {'xL35J', 'xL33J', 'xL14J', 'xL2J', 'xL18J', 'xL13J', 'xL4J', 'xL23J', 'xL16J', 'xL37J', 'xL25J', 'xL11J', 'xL9J', 'xL32J', 'xL17J'}
| +-- , 35 , {37} , {'xL35J', 'xL15J', 'xL4J', 'xL2J', 'xL25J', 'xL23J', 'xL9J', 'xL32J', 'xL17J'}
| | +-- , 37 , {39} , {'xL35J', 'xL15J', 'xL4J', 'xL2J', 'xL25J', 'xL23J', 'xL9J', 'xL26J', 'xL32J'}
| | | +-- , 39 , {41, 43} , {'xL35J', 'xL4J', 'xL2J', 'xL25J', 'xL29J', 'xL23J', 'xL26J', 'xL32J'}
| | | | +-- , 41 , set() , {'xL7J', 'xL2J', 'xL29J', 'xL23J', 'xL4J'}
| | | | +-- , 43 , set() , {'xL35J', 'xL25J', 'xL29J', 'xL36J', 'xL26J', 'xL23J'}
| +-- , 5 , {7, 23} , {'xL35J', 'xL33J', 'xL14J', 'xL18J', 'xL13J', 'xL23J', 'xL4J', 'xL16J', 'xL37J', 'xL25J', 'xL27J', 'xL11J', 'xL9J', 'xL32J', 'xL17J'}
| | +-- , 7 , {9} , {'xL35J', 'xL33J', 'xL14J', 'xL18J', 'xL4J', 'xL16J', 'xL23J', 'xL37J', 'xL27J', 'xL9J', 'xL30J', 'xL32J', 'xL17J'}
| | | +-- , 9 , {17, 11} , {'xL35J', 'xL33J', 'xL14J', 'xL18J', 'xL23J', 'xL4J', 'xL16J', 'xL0J', 'xL37J', 'xL27J', 'xL30J', 'xL32J', 'xL17J'}
| | | | +-- , 17 , {19, 21} , {'xL35J', 'xL21J', 'xL33J', 'xL14J', 'xL4J', 'xL19J', 'xL18J', 'xL27J', 'xL3J', 'xL23J', 'xL30J', 'xL32J', 'xL16J', 'xL0J'}
| | | | | +-- , 19 , set() , {'xL19J', 'xL5J', 'xL27J', 'xL23J', 'xL28J', 'xL32J'}
| | | | | +-- , 21 , set() , {'xL3J', 'xL19J', 'xL8J'}
| | | | +-- , 11 , {13} , {'xL37J', 'xL33J', 'xL16J', 'xL38J', 'xL23J', 'xL12J', 'xL32J', 'xL17J', 'xL0J'}
| | | | | +-- , 13 , {15} , {'xL37J', 'xL33J', 'xL1J', 'xL38J', 'xL23J', 'xL16J'}
| | | | | | +-- , 15 , set() , {'xL33J', 'xL37J', 'xL1J', 'xL10J'}
| | +-- , 23 , set() , {'xL35J', 'xL39J', 'xL16J', 'xL25J', 'xL18J', 'xL27J', 'xL11J', 'xL13J', 'xL31J', 'xL17J'}
| +-- , 25 , set() , {'xL35J', 'xL22J', 'xL37J', 'xL18J'}
| +-- , 27 , set() , {'xL20J', 'xL2J', 'xL18J'}
| +-- , 29 , {33, 31} , {'xL33J', 'xL2J', 'xL25J', 'xL23J', 'xL32J', 'xL16J', 'xL34J'}
| | +-- , 33 , set() , {'xL24J', 'xL32J', 'xL2J', 'xL34J'}
| | +-- , 31 , set() , {'xL25J', 'xL6J', 'xL34J'}


Max number of edges with non zero Y: 36
Max number of iterations of outer rounding loop: 5
Max number of candidate sets: 2
Time spent rounding: 22.728
Time spent solving Separator LP: 0.937

LP Solver: GaifmanBoosted