20, 2.9645925547168175, 9.0, 9
+-- , 0 , {5, 43, 45} , {'xL35J', 'xL7J', 'xL20J', 'xL1J', 'xL18J', 'xL38J', 'xL29J', 'xL36J', 'xL13J', 'xL23J', 'xL34J', 'xL0J', 'xL37J', 'xL10J', 'xL25J', 'xL12J'}
| +-- , 5 , {8} , {'xL35J', 'xL7J', 'xL20J', 'xL1J', 'xL18J', 'xL29J', 'xL36J', 'xL13J', 'xL23J', 'xL16J', 'xL0J', 'xL34J', 'xL37J', 'xL10J', 'xL25J', 'xL11J', 'xL12J'}
| | +-- , 8 , {10} , {'xL35J', 'xL7J', 'xL33J', 'xL20J', 'xL18J', 'xL29J', 'xL36J', 'xL13J', 'xL23J', 'xL16J', 'xL0J', 'xL34J', 'xL10J', 'xL25J', 'xL11J', 'xL12J'}
| | | +-- , 10 , {41, 15} , {'xL35J', 'xL7J', 'xL33J', 'xL20J', 'xL18J', 'xL29J', 'xL36J', 'xL13J', 'xL23J', 'xL16J', 'xL0J', 'xL34J', 'xL39J', 'xL25J', 'xL3J', 'xL11J', 'xL9J', 'xL12J'}
| | | | +-- , 41 , set() , {'xL35J', 'xL39J', 'xL25J', 'xL13J', 'xL31J', 'xL16J'}
| | | | +-- , 15 , {17, 37} , {'xL35J', 'xL7J', 'xL33J', 'xL20J', 'xL18J', 'xL29J', 'xL36J', 'xL23J', 'xL16J', 'xL0J', 'xL34J', 'xL39J', 'xL25J', 'xL3J', 'xL11J', 'xL9J', 'xL32J', 'xL12J'}
| | | | | +-- , 17 , {19, 21} , {'xL35J', 'xL7J', 'xL33J', 'xL29J', 'xL36J', 'xL12J', 'xL23J', 'xL16J', 'xL0J', 'xL39J', 'xL25J', 'xL3J', 'xL9J', 'xL32J', 'xL17J'}
| | | | | | +-- , 19 , set() , {'xL15J', 'xL29J', 'xL36J', 'xL9J', 'xL26J', 'xL17J'}
| | | | | | +-- , 21 , {33, 23, 29, 31} , {'xL35J', 'xL17J', 'xL7J', 'xL33J', 'xL39J', 'xL32J', 'xL19J', 'xL25J', 'xL3J', 'xL9J', 'xL23J', 'xL16J', 'xL0J'}
| | | | | | | +-- , 33 , {35} , {'xL35J', 'xL21J', 'xL7J', 'xL19J', 'xL23J', 'xL32J'}
| | | | | | | | +-- , 35 , set() , {'xL35J', 'xL7J', 'xL21J', 'xL23J', 'xL4J'}
| | | | | | | +-- , 23 , {25} , {'xL33J', 'xL39J', 'xL32J', 'xL19J', 'xL25J', 'xL9J', 'xL30J', 'xL23J', 'xL0J'}
| | | | | | | | +-- , 25 , {27} , {'xL33J', 'xL39J', 'xL32J', 'xL19J', 'xL25J', 'xL27J', 'xL30J', 'xL23J', 'xL0J'}
| | | | | | | | | +-- , 27 , set() , {'xL19J', 'xL5J', 'xL27J', 'xL23J', 'xL28J', 'xL32J'}
| | | | | | | +-- , 29 , set() , {'xL3J', 'xL19J', 'xL8J'}
| | | | | | | +-- , 31 , set() , {'xL17J', 'xL19J', 'xL9J', 'xL14J'}
| | | | | +-- , 37 , {39} , {'xL7J', 'xL20J', 'xL2J', 'xL25J', 'xL23J', 'xL32J', 'xL34J'}
| | | | | | +-- , 39 , set() , {'xL24J', 'xL32J', 'xL2J', 'xL34J'}
| +-- , 43 , set() , {'xL35J', 'xL22J', 'xL37J', 'xL18J'}
| +-- , 45 , set() , {'xL25J', 'xL6J', 'xL34J'}


Max number of edges with non zero Y: 41
Max number of iterations of outer rounding loop: 7
Max number of candidate sets: 2
Time spent rounding: 32.255
Time spent solving Separator LP: 1.154

LP Solver: GaifmanBoosted