18, 2.4907536979054137, 8.75, 10
+-- , 0 , {43, 5} , {'xL23J', 'xL11J', 'xL8J', 'xL6J', 'xL42J', 'xL7J', 'xL46J', 'xL10J', 'xL12J', 'xL32J', 'xL33J', 'xL16J', 'xL35J', 'xL48J', 'xL36J', 'xL22J', 'xL21J', 'xL4J'}
| +-- , 43 , set() , {'xL32J', 'xL37J', 'xL36J', 'xL22J', 'xL21J'}
| +-- , 5 , {7} , {'xL23J', 'xL11J', 'xL8J', 'xL6J', 'xL42J', 'xL7J', 'xL46J', 'xL10J', 'xL12J', 'xL33J', 'xL19J', 'xL16J', 'xL35J', 'xL48J', 'xL36J', 'xL22J', 'xL21J', 'xL4J'}
| | +-- , 7 , {11} , {'xL23J', 'xL6J', 'xL42J', 'xL7J', 'xL19J', 'xL29J', 'xL13J', 'xL48J', 'xL21J', 'xL34J', 'xL11J', 'xL17J', 'xL46J', 'xL10J', 'xL43J', 'xL33J', 'xL35J', 'xL36J', 'xL22J', 'xL8J', 'xL4J'}
| | | +-- , 11 , {16, 41} , {'xL23J', 'xL8J', 'xL6J', 'xL42J', 'xL7J', 'xL26J', 'xL19J', 'xL29J', 'xL13J', 'xL48J', 'xL30J', 'xL34J', 'xL11J', 'xL17J', 'xL46J', 'xL10J', 'xL15J', 'xL35J', 'xL1J', 'xL36J', 'xL22J', 'xL47J', 'xL21J', 'xL4J'}
| | | | +-- , 16 , {18} , {'xL23J', 'xL8J', 'xL6J', 'xL42J', 'xL18J', 'xL29J', 'xL13J', 'xL30J', 'xL34J', 'xL11J', 'xL17J', 'xL46J', 'xL15J', 'xL35J', 'xL1J', 'xL36J', 'xL47J', 'xL22J', 'xL21J', 'xL4J'}
| | | | | +-- , 18 , {21} , {'xL23J', 'xL6J', 'xL42J', 'xL18J', 'xL29J', 'xL13J', 'xL30J', 'xL41J', 'xL34J', 'xL11J', 'xL17J', 'xL46J', 'xL28J', 'xL15J', 'xL35J', 'xL1J', 'xL36J', 'xL47J', 'xL22J', 'xL8J', 'xL4J'}
| | | | | | +-- , 21 , {23} , {'xL23J', 'xL6J', 'xL42J', 'xL18J', 'xL44J', 'xL29J', 'xL13J', 'xL30J', 'xL24J', 'xL41J', 'xL34J', 'xL5J', 'xL11J', 'xL17J', 'xL46J', 'xL28J', 'xL35J', 'xL1J', 'xL36J', 'xL47J', 'xL8J', 'xL4J'}
| | | | | | | +-- , 23 , {25} , {'xL23J', 'xL6J', 'xL42J', 'xL18J', 'xL27J', 'xL44J', 'xL29J', 'xL13J', 'xL30J', 'xL24J', 'xL41J', 'xL34J', 'xL5J', 'xL17J', 'xL46J', 'xL28J', 'xL35J', 'xL1J', 'xL47J', 'xL31J', 'xL8J', 'xL4J'}
| | | | | | | | +-- , 25 , {27} , {'xL23J', 'xL2J', 'xL6J', 'xL42J', 'xL18J', 'xL44J', 'xL29J', 'xL13J', 'xL30J', 'xL24J', 'xL41J', 'xL34J', 'xL5J', 'xL17J', 'xL46J', 'xL28J', 'xL35J', 'xL1J', 'xL47J', 'xL31J', 'xL8J', 'xL4J'}
| | | | | | | | | +-- , 27 , {37, 39, 29} , {'xL23J', 'xL2J', 'xL34J', 'xL5J', 'xL6J', 'xL17J', 'xL42J', 'xL46J', 'xL28J', 'xL18J', 'xL40J', 'xL44J', 'xL29J', 'xL35J', 'xL1J', 'xL13J', 'xL30J', 'xL24J', 'xL47J', 'xL31J', 'xL41J', 'xL4J'}
| | | | | | | | | | +-- , 37 , set() , {'xL44J', 'xL5J', 'xL29J', 'xL42J', 'xL24J', 'xL9J', 'xL4J', 'xL40J'}
| | | | | | | | | | +-- , 39 , set() , {'xL6J', 'xL25J', 'xL28J', 'xL41J', 'xL40J'}
| | | | | | | | | | +-- , 29 , {31} , {'xL23J', 'xL2J', 'xL34J', 'xL5J', 'xL17J', 'xL42J', 'xL46J', 'xL28J', 'xL18J', 'xL40J', 'xL35J', 'xL1J', 'xL13J', 'xL47J', 'xL30J', 'xL31J', 'xL3J'}
| | | | | | | | | | | +-- , 31 , {33} , {'xL23J', 'xL2J', 'xL5J', 'xL14J', 'xL49J', 'xL17J', 'xL42J', 'xL20J', 'xL46J', 'xL28J', 'xL18J', 'xL40J', 'xL35J', 'xL13J', 'xL47J', 'xL30J', 'xL31J', 'xL3J'}
| | | | | | | | | | | | +-- , 33 , {35} , {'xL23J', 'xL14J', 'xL49J', 'xL17J', 'xL20J', 'xL31J', 'xL0J', 'xL40J'}
| | | | | | | | | | | | | +-- , 35 , set() , {'xL14J', 'xL20J', 'xL31J', 'xL0J', 'xL45J', 'xL40J'}
| | | | +-- , 41 , set() , {'xL26J', 'xL39J', 'xL15J', 'xL19J', 'xL35J', 'xL17J', 'xL7J', 'xL46J', 'xL10J', 'xL38J'}


Max number of edges with non zero Y: 30
Max number of iterations of outer rounding loop: 7
Max number of candidate sets: 2
Time spent rounding: 62.685
Time spent solving Separator LP: 3.901

LP Solver: GaifmanBoosted