17, 2.826096579267478, 11.0, 12
+-- , 0 , {5, 39} , {'xL23J', 'xL14J', 'xL5J', 'xL49J', 'xL17J', 'xL7J', 'xL20J', 'xL46J', 'xL0J', 'xL18J', 'xL40J', 'xL32J', 'xL15J', 'xL44J', 'xL19J', 'xL43J', 'xL35J', 'xL30J', 'xL47J', 'xL22J', 'xL31J', 'xL9J', 'xL21J', 'xL8J', 'xL41J', 'xL4J', 'xL3J'}
| +-- , 5 , {7} , {'xL23J', 'xL49J', 'xL7J', 'xL18J', 'xL40J', 'xL44J', 'xL19J', 'xL30J', 'xL24J', 'xL21J', 'xL9J', 'xL41J', 'xL5J', 'xL17J', 'xL20J', 'xL46J', 'xL32J', 'xL15J', 'xL43J', 'xL35J', 'xL47J', 'xL31J', 'xL22J', 'xL8J', 'xL4J', 'xL3J'}
| | +-- , 7 , {25, 13} , {'xL23J', 'xL49J', 'xL7J', 'xL18J', 'xL40J', 'xL38J', 'xL39J', 'xL44J', 'xL19J', 'xL30J', 'xL48J', 'xL24J', 'xL21J', 'xL9J', 'xL41J', 'xL34J', 'xL11J', 'xL17J', 'xL20J', 'xL46J', 'xL32J', 'xL15J', 'xL43J', 'xL35J', 'xL47J', 'xL31J', 'xL22J', 'xL8J', 'xL4J', 'xL3J'}
| | | +-- , 25 , {27} , {'xL23J', 'xL49J', 'xL42J', 'xL18J', 'xL40J', 'xL19J', 'xL30J', 'xL48J', 'xL24J', 'xL9J', 'xL41J', 'xL34J', 'xL11J', 'xL17J', 'xL20J', 'xL15J', 'xL43J', 'xL8J', 'xL4J', 'xL3J'}
| | | | +-- , 27 , {29} , {'xL23J', 'xL2J', 'xL49J', 'xL42J', 'xL18J', 'xL40J', 'xL19J', 'xL30J', 'xL48J', 'xL9J', 'xL41J', 'xL34J', 'xL11J', 'xL17J', 'xL20J', 'xL15J', 'xL43J', 'xL8J', 'xL4J', 'xL3J'}
| | | | | +-- , 29 , {35, 31} , {'xL23J', 'xL2J', 'xL34J', 'xL11J', 'xL49J', 'xL17J', 'xL42J', 'xL20J', 'xL28J', 'xL18J', 'xL40J', 'xL15J', 'xL43J', 'xL19J', 'xL30J', 'xL48J', 'xL9J', 'xL8J', 'xL41J', 'xL4J'}
| | | | | | +-- , 35 , {37} , {'xL29J', 'xL11J', 'xL25J', 'xL17J', 'xL42J', 'xL30J', 'xL9J', 'xL28J', 'xL41J', 'xL4J', 'xL40J'}
| | | | | | | +-- , 37 , set() , {'xL29J', 'xL11J', 'xL6J', 'xL25J', 'xL42J', 'xL28J'}
| | | | | | +-- , 31 , {33} , {'xL23J', 'xL2J', 'xL34J', 'xL15J', 'xL43J', 'xL19J', 'xL49J', 'xL13J', 'xL48J', 'xL28J'}
| | | | | | | +-- , 33 , set() , {'xL23J', 'xL43J', 'xL33J', 'xL13J', 'xL48J'}
| | | +-- , 13 , {17, 15} , {'xL11J', 'xL7J', 'xL46J', 'xL18J', 'xL10J', 'xL38J', 'xL32J', 'xL39J', 'xL44J', 'xL19J', 'xL35J', 'xL1J', 'xL30J', 'xL48J', 'xL24J', 'xL47J', 'xL31J', 'xL22J', 'xL21J', 'xL8J', 'xL41J', 'xL4J', 'xL3J'}
| | | | +-- , 17 , {19} , {'xL11J', 'xL10J', 'xL38J', 'xL32J', 'xL39J', 'xL44J', 'xL19J', 'xL16J', 'xL35J', 'xL1J', 'xL48J', 'xL22J', 'xL21J', 'xL8J', 'xL41J', 'xL4J'}
| | | | | +-- , 19 , {21, 23} , {'xL10J', 'xL38J', 'xL26J', 'xL32J', 'xL39J', 'xL44J', 'xL19J', 'xL16J', 'xL35J', 'xL1J', 'xL36J', 'xL22J', 'xL21J', 'xL41J'}
| | | | | | +-- , 21 , set() , {'xL32J', 'xL37J', 'xL36J', 'xL22J', 'xL21J'}
| | | | | | +-- , 23 , set() , {'xL19J', 'xL16J', 'xL35J', 'xL36J', 'xL21J', 'xL12J'}
| | | | +-- , 15 , set() , {'xL27J', 'xL1J', 'xL47J', 'xL31J', 'xL24J'}
| +-- , 39 , set() , {'xL14J', 'xL20J', 'xL31J', 'xL0J', 'xL45J', 'xL40J'}


Max number of edges with non zero Y: 38
Max number of iterations of outer rounding loop: 8
Max number of candidate sets: 2
Time spent rounding: 48.445
Time spent solving Separator LP: 4.431

LP Solver: GaifmanNormal