13, 2.442557773128735, 6.333333333333334, 9
+-- , 0 , {7} , {'xL40J', 'xL50J', 'xL11J', 'xL56J', 'xL5J', 'xL32J', 'xL15J', 'xL58J', 'xL47J', 'xL12J', 'xL21J', 'xL8J', 'xL49J', 'xL16J', 'xL53J', 'xL42J', 'xL34J', 'xL30J', 'xL13J', 'xL6J', 'xL51J', 'xL52J', 'xL23J', 'xL4J', 'xL19J', 'xL14J', 'xL31J', 'xL38J', 'xL0J', 'xL43J', 'xL27J', 'xL29J', 'xL18J', 'xL39J', 'xL7J'}
| +-- , 7 , {13} , {'xL44J', 'xL11J', 'xL32J', 'xL58J', 'xL15J', 'xL8J', 'xL16J', 'xL53J', 'xL42J', 'xL34J', 'xL30J', 'xL13J', 'xL51J', 'xL48J', 'xL52J', 'xL17J', 'xL19J', 'xL10J', 'xL14J', 'xL24J', 'xL38J', 'xL33J', 'xL18J', 'xL39J', 'xL7J', 'xL28J', 'xL40J', 'xL35J', 'xL50J', 'xL56J', 'xL5J', 'xL47J', 'xL12J', 'xL22J', 'xL49J', 'xL6J', 'xL23J', 'xL4J', 'xL31J', 'xL0J', 'xL43J', 'xL27J', 'xL29J'}
| | +-- , 13 , {33, 15} , {'xL44J', 'xL11J', 'xL32J', 'xL58J', 'xL15J', 'xL8J', 'xL16J', 'xL53J', 'xL42J', 'xL34J', 'xL13J', 'xL51J', 'xL48J', 'xL52J', 'xL17J', 'xL19J', 'xL10J', 'xL14J', 'xL24J', 'xL38J', 'xL33J', 'xL18J', 'xL39J', 'xL7J', 'xL28J', 'xL40J', 'xL35J', 'xL50J', 'xL56J', 'xL5J', 'xL47J', 'xL12J', 'xL22J', 'xL49J', 'xL6J', 'xL23J', 'xL4J', 'xL31J', 'xL0J', 'xL43J', 'xL25J', 'xL27J', 'xL29J'}
| | | +-- , 33 , set() , {'xL40J', 'xL49J', 'xL31J', 'xL52J', 'xL20J', 'xL25J', 'xL33J', 'xL27J', 'xL50J', 'xL11J', 'xL10J', 'xL5J', 'xL14J', 'xL32J', 'xL58J', 'xL47J', 'xL51J', 'xL28J'}
| | | +-- , 15 , {17} , {'xL44J', 'xL11J', 'xL32J', 'xL58J', 'xL15J', 'xL8J', 'xL16J', 'xL53J', 'xL57J', 'xL42J', 'xL34J', 'xL13J', 'xL51J', 'xL48J', 'xL52J', 'xL17J', 'xL19J', 'xL14J', 'xL24J', 'xL38J', 'xL33J', 'xL18J', 'xL39J', 'xL7J', 'xL28J', 'xL40J', 'xL35J', 'xL36J', 'xL50J', 'xL56J', 'xL5J', 'xL47J', 'xL12J', 'xL22J', 'xL49J', 'xL6J', 'xL23J', 'xL26J', 'xL4J', 'xL31J', 'xL0J', 'xL43J', 'xL25J', 'xL27J', 'xL29J'}
| | | | +-- , 17 , {19} , {'xL3J', 'xL44J', 'xL11J', 'xL32J', 'xL58J', 'xL15J', 'xL8J', 'xL16J', 'xL53J', 'xL57J', 'xL45J', 'xL42J', 'xL34J', 'xL51J', 'xL48J', 'xL52J', 'xL17J', 'xL19J', 'xL14J', 'xL24J', 'xL38J', 'xL33J', 'xL18J', 'xL39J', 'xL7J', 'xL28J', 'xL40J', 'xL35J', 'xL36J', 'xL50J', 'xL56J', 'xL5J', 'xL47J', 'xL12J', 'xL22J', 'xL49J', 'xL6J', 'xL23J', 'xL26J', 'xL4J', 'xL31J', 'xL0J', 'xL43J', 'xL25J', 'xL27J', 'xL29J'}
| | | | | +-- , 19 , {21} , {'xL3J', 'xL44J', 'xL11J', 'xL32J', 'xL58J', 'xL15J', 'xL8J', 'xL16J', 'xL53J', 'xL57J', 'xL45J', 'xL42J', 'xL34J', 'xL51J', 'xL48J', 'xL52J', 'xL19J', 'xL14J', 'xL24J', 'xL38J', 'xL33J', 'xL18J', 'xL39J', 'xL7J', 'xL28J', 'xL40J', 'xL35J', 'xL36J', 'xL50J', 'xL56J', 'xL5J', 'xL47J', 'xL12J', 'xL22J', 'xL49J', 'xL6J', 'xL23J', 'xL26J', 'xL4J', 'xL54J', 'xL31J', 'xL0J', 'xL43J', 'xL25J', 'xL27J', 'xL29J'}
| | | | | | +-- , 21 , {23, 31} , {'xL40J', 'xL35J', 'xL3J', 'xL36J', 'xL50J', 'xL44J', 'xL11J', 'xL56J', 'xL5J', 'xL32J', 'xL58J', 'xL15J', 'xL47J', 'xL12J', 'xL22J', 'xL8J', 'xL49J', 'xL16J', 'xL53J', 'xL57J', 'xL45J', 'xL42J', 'xL34J', 'xL6J', 'xL51J', 'xL48J', 'xL52J', 'xL23J', 'xL26J', 'xL4J', 'xL19J', 'xL14J', 'xL24J', 'xL54J', 'xL31J', 'xL38J', 'xL0J', 'xL43J', 'xL25J', 'xL33J', 'xL27J', 'xL29J', 'xL18J', 'xL39J', 'xL28J', 'xL41J'}
| | | | | | | +-- , 23 , {25, 27, 29} , {'xL35J', 'xL3J', 'xL36J', 'xL50J', 'xL44J', 'xL11J', 'xL56J', 'xL5J', 'xL15J', 'xL12J', 'xL8J', 'xL49J', 'xL16J', 'xL53J', 'xL57J', 'xL45J', 'xL42J', 'xL34J', 'xL6J', 'xL51J', 'xL48J', 'xL23J', 'xL26J', 'xL4J', 'xL19J', 'xL14J', 'xL24J', 'xL54J', 'xL31J', 'xL0J', 'xL38J', 'xL46J', 'xL43J', 'xL25J', 'xL33J', 'xL9J', 'xL27J', 'xL29J', 'xL18J', 'xL28J', 'xL41J'}
| | | | | | | | +-- , 25 , set() , {'xL0J', 'xL46J', 'xL31J', 'xL53J', 'xL57J', 'xL2J', 'xL45J', 'xL23J', 'xL27J', 'xL36J', 'xL26J', 'xL34J', 'xL25J', 'xL12J', 'xL14J', 'xL54J', 'xL28J'}
| | | | | | | | +-- , 27 , set() , {'xL38J', 'xL0J', 'xL46J', 'xL49J', 'xL1J', 'xL35J', 'xL16J', 'xL43J', 'xL3J', 'xL45J', 'xL9J', 'xL36J', 'xL42J', 'xL18J', 'xL24J', 'xL15J', 'xL12J', 'xL41J'}
| | | | | | | | +-- , 29 , set() , {'xL3J', 'xL36J', 'xL50J', 'xL11J', 'xL56J', 'xL5J', 'xL16J', 'xL53J', 'xL57J', 'xL42J', 'xL34J', 'xL48J', 'xL23J', 'xL37J', 'xL19J', 'xL31J', 'xL38J', 'xL46J', 'xL43J', 'xL25J', 'xL33J', 'xL29J', 'xL18J', 'xL28J'}
| | | | | | | +-- , 31 , set() , {'xL40J', 'xL35J', 'xL44J', 'xL11J', 'xL32J', 'xL58J', 'xL47J', 'xL8J', 'xL49J', 'xL53J', 'xL45J', 'xL42J', 'xL51J', 'xL48J', 'xL52J', 'xL55J', 'xL24J', 'xL54J', 'xL0J', 'xL38J', 'xL25J', 'xL27J', 'xL28J', 'xL41J'}


Max number of edges with non zero Y: 29
Max number of iterations of outer rounding loop: 7
Max number of candidate sets: 2
Time spent rounding: 30.403
Time spent solving Separator LP: 7.390

LP Solver: GaifmanNormal