22, 2.9205827414180243, 8.0, 8
+-- , 0 , {3, 38, 40, 42, 44, 46, 48} , {'xL11J', 'xL10J', 'xL16J', 'xL29J', 'xL24J', 'xL3J', 'xL25J', 'xL5J', 'xL34J', 'xL26J', 'xL39J', 'xL30J'}
| +-- , 3 , {8} , {'xL22J', 'xL11J', 'xL10J', 'xL24J', 'xL3J', 'xL5J', 'xL34J', 'xL30J', 'xL15J', 'xL16J', 'xL0J', 'xL29J', 'xL25J', 'xL20J', 'xL26J'}
| | +-- , 8 , {10} , {'xL22J', 'xL11J', 'xL10J', 'xL5J', 'xL34J', 'xL30J', 'xL15J', 'xL0J', 'xL16J', 'xL29J', 'xL32J', 'xL25J', 'xL20J', 'xL26J'}
| | | +-- , 10 , {12} , {'xL22J', 'xL11J', 'xL10J', 'xL13J', 'xL5J', 'xL34J', 'xL30J', 'xL28J', 'xL15J', 'xL16J', 'xL29J', 'xL32J', 'xL25J', 'xL20J', 'xL26J', 'xL38J'}
| | | | +-- , 12 , {14} , {'xL22J', 'xL11J', 'xL18J', 'xL10J', 'xL13J', 'xL5J', 'xL28J', 'xL15J', 'xL16J', 'xL29J', 'xL25J', 'xL26J', 'xL38J'}
| | | | | +-- , 14 , {18, 36, 30} , {'xL22J', 'xL23J', 'xL11J', 'xL18J', 'xL13J', 'xL6J', 'xL5J', 'xL28J', 'xL15J', 'xL16J', 'xL29J', 'xL25J', 'xL26J', 'xL38J'}
| | | | | | +-- , 18 , {28, 20} , {'xL23J', 'xL22J', 'xL11J', 'xL33J', 'xL18J', 'xL13J', 'xL6J', 'xL17J', 'xL25J', 'xL5J', 'xL26J', 'xL38J'}
| | | | | | | +-- , 28 , set() , {'xL17J', 'xL25J', 'xL18J', 'xL19J'}
| | | | | | | +-- , 20 , {22} , {'xL23J', 'xL11J', 'xL13J', 'xL26J', 'xL17J', 'xL27J'}
| | | | | | | | +-- , 22 , {24, 26} , {'xL23J', 'xL11J', 'xL31J', 'xL26J', 'xL27J'}
| | | | | | | | | +-- , 24 , set() , {'xL12J', 'xL11J', 'xL23J', 'xL31J'}
| | | | | | | | | +-- , 26 , set() , {'xL7J', 'xL31J', 'xL26J'}
| | | | | | +-- , 36 , set() , {'xL38J', 'xL1J', 'xL6J'}
| | | | | | +-- , 30 , {32, 34} , {'xL23J', 'xL15J', 'xL38J', 'xL4J', 'xL13J', 'xL16J', 'xL6J'}
| | | | | | | +-- , 32 , set() , {'xL35J', 'xL4J'}
| | | | | | | +-- , 34 , set() , {'xL23J', 'xL21J', 'xL13J', 'xL4J', 'xL38J'}
| +-- , 38 , set() , {'xL3J', 'xL29J', 'xL14J'}
| +-- , 40 , set() , {'xL34J', 'xL2J'}
| +-- , 42 , set() , {'xL29J', 'xL37J'}
| +-- , 44 , set() , {'xL36J', 'xL11J', 'xL39J'}
| +-- , 46 , set() , {'xL9J', 'xL3J', 'xL39J'}
| +-- , 48 , set() , {'xL3J', 'xL8J'}


Max number of edges with non zero Y: 38
Max number of iterations of outer rounding loop: 6
Max number of candidate sets: 2
Time spent rounding: 46.738
Time spent solving Separator LP: 1.531

LP Solver: GaifmanBoosted