27, 4.5, 6.0, 6
+-- , 0 , {6, 45, 47, 49, 53, 55, 57} , {'xL15J', 'xL13J', 'xL29J', 'xL32J', 'xL3J', 'xL25J', 'xL34J', 'xL39J', 'xL9J', 'xL38J'}
| +-- , 6 , {8} , {'xL13J', 'xL3J', 'xL34J', 'xL15J', 'xL16J', 'xL29J', 'xL32J', 'xL25J', 'xL39J', 'xL38J'}
| | +-- , 8 , {11} , {'xL13J', 'xL5J', 'xL34J', 'xL15J', 'xL16J', 'xL29J', 'xL32J', 'xL25J', 'xL26J', 'xL39J', 'xL38J'}
| | | +-- , 11 , {43, 13} , {'xL23J', 'xL13J', 'xL5J', 'xL34J', 'xL15J', 'xL16J', 'xL29J', 'xL25J', 'xL26J', 'xL39J', 'xL38J'}
| | | | +-- , 43 , set() , {'xL23J', 'xL13J', 'xL25J', 'xL34J', 'xL28J'}
| | | | +-- , 13 , {37, 39, 41, 15} , {'xL23J', 'xL11J', 'xL13J', 'xL5J', 'xL15J', 'xL16J', 'xL29J', 'xL25J', 'xL26J', 'xL4J', 'xL38J', 'xL39J'}
| | | | | +-- , 37 , set() , {'xL35J', 'xL4J'}
| | | | | +-- , 39 , set() , {'xL23J', 'xL21J', 'xL13J', 'xL4J', 'xL38J'}
| | | | | +-- , 41 , set() , {'xL36J', 'xL11J', 'xL39J'}
| | | | | +-- , 15 , {17, 23, 29} , {'xL23J', 'xL11J', 'xL13J', 'xL5J', 'xL17J', 'xL16J', 'xL29J', 'xL25J', 'xL26J', 'xL4J', 'xL38J'}
| | | | | | +-- , 17 , {19, 21} , {'xL17J', 'xL11J', 'xL4J', 'xL38J', 'xL6J'}
| | | | | | | +-- , 19 , set() , {'xL17J', 'xL33J', 'xL6J'}
| | | | | | | +-- , 21 , set() , {'xL38J', 'xL1J', 'xL6J'}
| | | | | | +-- , 23 , {25} , {'xL23J', 'xL10J', 'xL16J', 'xL29J', 'xL17J', 'xL25J', 'xL5J', 'xL26J', 'xL38J'}
| | | | | | | +-- , 25 , {27} , {'xL23J', 'xL22J', 'xL18J', 'xL10J', 'xL16J', 'xL17J', 'xL25J', 'xL38J'}
| | | | | | | | +-- , 27 , set() , {'xL17J', 'xL25J', 'xL18J', 'xL19J'}
| | | | | | +-- , 29 , {31} , {'xL23J', 'xL11J', 'xL13J', 'xL26J', 'xL17J', 'xL27J'}
| | | | | | | +-- , 31 , {33, 35} , {'xL23J', 'xL11J', 'xL31J', 'xL26J', 'xL27J'}
| | | | | | | | +-- , 33 , set() , {'xL12J', 'xL11J', 'xL23J', 'xL31J'}
| | | | | | | | +-- , 35 , set() , {'xL7J', 'xL31J', 'xL26J'}
| +-- , 45 , set() , {'xL13J', 'xL15J', 'xL34J', 'xL20J'}
| +-- , 47 , set() , {'xL3J', 'xL29J', 'xL14J'}
| +-- , 49 , {51} , {'xL15J', 'xL0J', 'xL29J', 'xL32J', 'xL3J', 'xL25J', 'xL30J', 'xL38J'}
| | +-- , 51 , set() , {'xL24J', 'xL0J', 'xL3J', 'xL30J'}
| +-- , 53 , set() , {'xL34J', 'xL2J'}
| +-- , 55 , set() , {'xL29J', 'xL37J'}
| +-- , 57 , set() , {'xL3J', 'xL8J'}


Max number of edges with non zero Y: 7
Max number of iterations of outer rounding loop: 0
Max number of candidate sets: 0
Time spent rounding: 0.000
Time spent solving Separator LP: 5.406

LP Solver: GaifmanNormalILP