22, 0, 8.0, 8
+-- , 0 , {49, 5, 43, 45} , {'xL37J', 'xL29J', 'xL3J', 'xL19J', 'xL26J', 'xL17J', 'xL7J', 'xL27J', 'xL22J', 'xL30J', 'xL31J', 'xL2J'}
| +-- , 49 , set() , {'xL31J', 'xL14J'}
| +-- , 5 , {9, 39} , {'xL37J', 'xL3J', 'xL29J', 'xL19J', 'xL26J', 'xL5J', 'xL17J', 'xL34J', 'xL7J', 'xL22J', 'xL31J', 'xL2J', 'xL15J'}
| | +-- , 9 , {11} , {'xL37J', 'xL3J', 'xL19J', 'xL26J', 'xL5J', 'xL17J', 'xL34J', 'xL7J', 'xL22J', 'xL31J', 'xL2J', 'xL15J', 'xL8J'}
| | | +-- , 11 , {13} , {'xL37J', 'xL3J', 'xL19J', 'xL26J', 'xL5J', 'xL34J', 'xL7J', 'xL22J', 'xL9J', 'xL2J', 'xL15J', 'xL8J'}
| | | | +-- , 13 , {17, 37} , {'xL37J', 'xL3J', 'xL19J', 'xL26J', 'xL5J', 'xL34J', 'xL22J', 'xL9J', 'xL4J', 'xL13J', 'xL2J', 'xL15J', 'xL8J'}
| | | | | +-- , 17 , {19, 23} , {'xL37J', 'xL3J', 'xL19J', 'xL26J', 'xL5J', 'xL34J', 'xL22J', 'xL36J', 'xL9J', 'xL4J', 'xL13J', 'xL15J', 'xL8J'}
| | | | | | +-- , 19 , {21} , {'xL13J', 'xL28J', 'xL36J', 'xL26J', 'xL34J'}
| | | | | | | +-- , 21 , set() , {'xL26J', 'xL28J', 'xL10J', 'xL34J'}
| | | | | | +-- , 23 , {25} , {'xL37J', 'xL19J', 'xL26J', 'xL5J', 'xL34J', 'xL22J', 'xL36J', 'xL9J', 'xL13J', 'xL39J', 'xL15J', 'xL8J'}
| | | | | | | +-- , 25 , {33, 35, 27} , {'xL22J', 'xL33J', 'xL36J', 'xL9J', 'xL15J', 'xL19J', 'xL13J', 'xL39J', 'xL26J', 'xL5J', 'xL34J', 'xL8J'}
| | | | | | | | +-- , 33 , set() , {'xL22J', 'xL33J', 'xL18J', 'xL13J', 'xL8J'}
| | | | | | | | +-- , 35 , set() , {'xL33J', 'xL20J', 'xL39J', 'xL15J', 'xL5J', 'xL34J'}
| | | | | | | | +-- , 27 , {29} , {'xL12J', 'xL38J', 'xL36J', 'xL33J', 'xL9J', 'xL19J', 'xL13J', 'xL39J', 'xL5J', 'xL8J'}
| | | | | | | | | +-- , 29 , {31} , {'xL6J', 'xL12J', 'xL38J', 'xL36J', 'xL19J', 'xL11J', 'xL13J', 'xL39J', 'xL5J', 'xL8J'}
| | | | | | | | | | +-- , 31 , set() , {'xL39J', 'xL11J', 'xL1J'}
| | | | | +-- , 37 , set() , {'xL13J', 'xL21J'}
| | +-- , 39 , {41} , {'xL34J', 'xL17J', 'xL25J'}
| | | +-- , 41 , set() , {'xL25J', 'xL35J'}
| +-- , 43 , set() , {'xL3J', 'xL0J'}
| +-- , 45 , {47} , {'xL27J', 'xL23J', 'xL22J', 'xL37J', 'xL30J', 'xL31J', 'xL29J', 'xL32J', 'xL2J', 'xL24J', 'xL26J', 'xL17J'}
| | +-- , 47 , set() , {'xL24J', 'xL23J', 'xL16J', 'xL2J'}


Max number of edges with non zero Y: 23
Max number of iterations of outer rounding loop: 4
Max number of candidate sets: 2
Time spent rounding: 8.760
Time spent solving Separator LP: 0.043

LP Solver: gammaPlusFractionalCoverHeuristic