24, 0, 7.5, 8
+-- , 0 , {52, 5, 54, 46} , {'xL7J', 'xL36J', 'xL1J', 'xL4J', 'xL25J', 'xL2J', 'xL39J', 'xL24J', 'xL17J', 'xL34J'}
| +-- , 52 , set() , {'xL7J', 'xL27J', 'xL17J', 'xL24J'}
| +-- , 5 , {8} , {'xL1J', 'xL29J', 'xL24J', 'xL17J', 'xL34J', 'xL7J', 'xL36J', 'xL9J', 'xL4J', 'xL2J', 'xL39J'}
| | +-- , 8 , {12, 44} , {'xL12J', 'xL36J', 'xL1J', 'xL29J', 'xL9J', 'xL4J', 'xL13J', 'xL2J', 'xL39J', 'xL24J', 'xL5J', 'xL17J', 'xL34J'}
| | | +-- , 12 , {16, 42} , {'xL1J', 'xL29J', 'xL19J', 'xL24J', 'xL5J', 'xL17J', 'xL34J', 'xL6J', 'xL36J', 'xL9J', 'xL13J', 'xL2J', 'xL39J', 'xL12J', 'xL8J'}
| | | | +-- , 16 , {18} , {'xL29J', 'xL19J', 'xL24J', 'xL5J', 'xL17J', 'xL34J', 'xL6J', 'xL36J', 'xL9J', 'xL13J', 'xL2J', 'xL39J', 'xL15J', 'xL8J'}
| | | | | +-- , 18 , {20, 22} , {'xL19J', 'xL10J', 'xL24J', 'xL5J', 'xL17J', 'xL34J', 'xL6J', 'xL36J', 'xL9J', 'xL13J', 'xL2J', 'xL39J', 'xL15J', 'xL8J'}
| | | | | | +-- , 20 , set() , {'xL36J', 'xL10J', 'xL13J', 'xL28J', 'xL34J'}
| | | | | | +-- , 22 , {24} , {'xL37J', 'xL19J', 'xL10J', 'xL24J', 'xL5J', 'xL17J', 'xL34J', 'xL6J', 'xL9J', 'xL13J', 'xL2J', 'xL39J', 'xL15J', 'xL8J'}
| | | | | | | +-- , 24 , {40, 26} , {'xL6J', 'xL23J', 'xL37J', 'xL9J', 'xL10J', 'xL13J', 'xL2J', 'xL39J', 'xL24J', 'xL15J', 'xL5J', 'xL17J', 'xL34J', 'xL8J'}
| | | | | | | | +-- , 40 , set() , {'xL24J', 'xL23J', 'xL16J', 'xL2J'}
| | | | | | | | +-- , 26 , {32, 28} , {'xL23J', 'xL10J', 'xL5J', 'xL17J', 'xL34J', 'xL6J', 'xL22J', 'xL20J', 'xL9J', 'xL13J', 'xL32J', 'xL39J', 'xL15J', 'xL8J'}
| | | | | | | | | +-- , 32 , {34} , {'xL18J', 'xL10J', 'xL5J', 'xL6J', 'xL22J', 'xL20J', 'xL13J', 'xL32J', 'xL39J', 'xL8J'}
| | | | | | | | | | +-- , 34 , {36} , {'xL6J', 'xL20J', 'xL18J', 'xL10J', 'xL13J', 'xL32J', 'xL39J', 'xL26J', 'xL5J', 'xL8J'}
| | | | | | | | | | | +-- , 36 , {38} , {'xL6J', 'xL33J', 'xL20J', 'xL18J', 'xL39J', 'xL26J'}
| | | | | | | | | | | | +-- , 38 , set() , {'xL39J', 'xL6J', 'xL33J', 'xL38J'}
| | | | | | | | | +-- , 28 , {30} , {'xL32J', 'xL15J', 'xL31J', 'xL34J', 'xL8J'}
| | | | | | | | | | +-- , 30 , set() , {'xL31J', 'xL14J'}
| | | | +-- , 42 , set() , {'xL6J', 'xL12J', 'xL1J', 'xL19J', 'xL11J', 'xL5J', 'xL8J'}
| | | +-- , 44 , set() , {'xL13J', 'xL21J'}
| +-- , 54 , set() , {'xL25J', 'xL35J'}
| +-- , 46 , {48, 50} , {'xL36J', 'xL2J', 'xL24J', 'xL3J'}
| | +-- , 48 , set() , {'xL24J', 'xL30J', 'xL3J'}
| | +-- , 50 , set() , {'xL3J', 'xL0J'}


Max number of edges with non zero Y: 27
Max number of iterations of outer rounding loop: 9
Max number of candidate sets: 2
Time spent rounding: 51.966
Time spent solving Separator LP: 0.133

LP Solver: gammaPlusFractionalCoverHeuristic