20, 3.1566315384338464, 9.0, 9
+-- , 0 , {3, 11, 41, 43} , {'xL2J', 'xL26J', 'xL29J', 'xL25J', 'xL12J', 'xL13J', 'xL30J', 'xL3J', 'xL31J', 'xL23J', 'xL5J', 'xL20J', 'xL15J', 'xL38J', 'xL1J'}
| +-- , 3 , {5, 7} , {'xL2J', 'xL29J', 'xL25J', 'xL12J', 'xL30J', 'xL3J', 'xL31J', 'xL23J', 'xL5J', 'xL20J', 'xL37J', 'xL15J', 'xL38J', 'xL1J'}
| | +-- , 5 , set() , {'xL38J', 'xL36J', 'xL37J', 'xL15J', 'xL30J', 'xL1J'}
| | +-- , 7 , {9} , {'xL2J', 'xL29J', 'xL25J', 'xL23J', 'xL5J', 'xL37J', 'xL7J', 'xL3J', 'xL31J'}
| | | +-- , 9 , set() , {'xL7J', 'xL21J'}
| +-- , 11 , {15} , {'xL2J', 'xL26J', 'xL16J', 'xL29J', 'xL25J', 'xL12J', 'xL13J', 'xL39J', 'xL3J', 'xL31J', 'xL23J', 'xL5J', 'xL20J', 'xL14J', 'xL15J', 'xL38J', 'xL1J'}
| | +-- , 15 , {19, 39} , {'xL2J', 'xL28J', 'xL26J', 'xL16J', 'xL29J', 'xL25J', 'xL12J', 'xL13J', 'xL39J', 'xL3J', 'xL31J', 'xL4J', 'xL23J', 'xL5J', 'xL20J', 'xL14J', 'xL15J', 'xL1J'}
| | | +-- , 19 , {21, 37, 23} , {'xL26J', 'xL28J', 'xL16J', 'xL29J', 'xL25J', 'xL12J', 'xL13J', 'xL39J', 'xL11J', 'xL3J', 'xL8J', 'xL4J', 'xL23J', 'xL20J', 'xL14J', 'xL15J', 'xL1J'}
| | | | +-- , 21 , set() , {'xL11J', 'xL27J', 'xL28J', 'xL8J'}
| | | | +-- , 37 , set() , {'xL11J', 'xL34J'}
| | | | +-- , 23 , {25, 35} , {'xL4J', 'xL26J', 'xL16J', 'xL25J', 'xL23J', 'xL20J', 'xL14J', 'xL13J', 'xL11J', 'xL1J', 'xL24J'}
| | | | | +-- , 25 , {33, 27, 29} , {'xL4J', 'xL26J', 'xL16J', 'xL23J', 'xL20J', 'xL17J', 'xL14J', 'xL13J', 'xL6J', 'xL11J', 'xL1J', 'xL24J'}
| | | | | | +-- , 33 , set() , {'xL0J', 'xL17J', 'xL14J', 'xL11J', 'xL24J'}
| | | | | | +-- , 27 , set() , {'xL26J', 'xL16J', 'xL35J', 'xL6J', 'xL1J'}
| | | | | | +-- , 29 , {31} , {'xL4J', 'xL17J', 'xL11J', 'xL22J', 'xL20J'}
| | | | | | | +-- , 31 , set() , {'xL4J', 'xL33J', 'xL22J'}
| | | | | +-- , 35 , set() , {'xL19J', 'xL24J', 'xL20J'}
| | | +-- , 39 , set() , {'xL28J', 'xL3J', 'xL10J'}
| +-- , 41 , set() , {'xL2J', 'xL26J', 'xL29J', 'xL12J', 'xL32J', 'xL18J', 'xL3J'}
| +-- , 43 , set() , {'xL9J', 'xL23J'}


Max number of edges with non zero Y: 39
Max number of iterations of outer rounding loop: 7
Max number of candidate sets: 2
Time spent rounding: 30.173
Time spent solving Separator LP: 0.937

LP Solver: GaifmanBoosted