32, 2.0, 3.0, 3
+-- , 0 , {2, 60, 63} , {'81', '3', '34'}
| +-- , 2 , {4, 10, 47, 16, 59} , {'12', '56', '20'}
| | +-- , 4 , {6} , {'54', '2', '20'}
| | | +-- , 6 , {8} , {'2', '33'}
| | | | +-- , 8 , set() , {'87', '49', '33'}
| | +-- , 10 , {12} , {'12', '25', '72'}
| | | +-- , 12 , {14} , {'72', '63', '22'}
| | | | +-- , 14 , set() , {'59', '45', '22'}
| | +-- , 47 , {49} , {'20', '7', '15'}
| | | +-- , 49 , {51, 53} , {'15', '5', '86'}
| | | | +-- , 51 , set() , {'23', '14', '5'}
| | | | +-- , 53 , {55} , {'6', '17', '86'}
| | | | | +-- , 55 , set() , {'6', '70', '36'}
| | +-- , 16 , {18} , {'16', '58', '20'}
| | | +-- , 18 , {20} , {'58', '61', '92'}
| | | | +-- , 20 , {22} , {'58', '61', '89'}
| | | | | +-- , 22 , {25, 45} , {'38', '61', '89', '51', '0'}
| | | | | | +-- , 25 , {27} , {'24', '38', '89', '13', '0'}
| | | | | | | +-- , 27 , {29} , {'24', '38', '73', '46', '0'}
| | | | | | | | +-- , 29 , {31} , {'65', '38', '73', '66', '0'}
| | | | | | | | | +-- , 31 , {33} , {'38', '40', '66', '0'}
| | | | | | | | | | +-- , 33 , {35} , {'38', '39', '0', '40', '43'}
| | | | | | | | | | | +-- , 35 , {37, 39} , {'43', '38', '80', '39', '0'}
| | | | | | | | | | | | +-- , 37 , set() , {'38', '93', '47', '53', '80'}
| | | | | | | | | | | | +-- , 39 , {41, 43} , {'80', '91', '67', '43'}
| | | | | | | | | | | | | +-- , 41 , set() , {'41', '26', '91'}
| | | | | | | | | | | | | +-- , 43 , set() , {'67', '80', '19'}
| | | | | | +-- , 45 , set() , {'28', '61', '0'}
| | +-- , 59 , set() , {'12', '29', '68'}
| +-- , 60 , {62} , {'30', '88', '85'}
| | +-- , 62 , set() , {'8', '57', '85'}
| +-- , 63 , set() , {'21', '4', '79'}


Max number of edges with non zero Y: 2
Max number of iterations of outer rounding loop: 0
Max number of candidate sets: 0
Time spent rounding: 0.000
Time spent solving Separator LP: 0.600
Total time spent solving: 4.055

LP Solver: GaifmanNormalILP
Lower Bound Witness = ({'73', '91', '89', '0', '53', '41', '51', '26', '65', '38', '13', '67', '61', '80', '66', '19', '93', '47', '39', '24', '28', '40', '46', '43'}, {'89', '61'})