11, 4.0, 6.0, 6
+-- , 0 , {23, 21, 6, 25} , {'xL4J', 'xL17J', 'xL8J', 'xL3J', 'xL21J', 'xL6J', 'xL16J', 'xL5J', 'xL22J', 'xL20J', 'xL9J'}
| +-- , 23 , set() , {'xL8J', 'xL17J', 'xL5J', 'xL18J'}
| +-- , 21 , set() , {'xL8J', 'xL17J', 'xL7J', 'xL22J', 'xL20J', 'xL9J'}
| +-- , 6 , {9} , {'xL2J', 'xL3J', 'xL10J', 'xL5J', 'xL9J', 'xL4J', 'xL17J', 'xL21J', 'xL6J', 'xL22J', 'xL16J'}
| | +-- , 9 , {11} , {'xL2J', 'xL3J', 'xL10J', 'xL5J', 'xL9J', 'xL4J', 'xL17J', 'xL21J', 'xL14J', 'xL6J', 'xL16J'}
| | | +-- , 11 , {13} , {'xL2J', 'xL10J', 'xL5J', 'xL9J', 'xL4J', 'xL17J', 'xL15J', 'xL21J', 'xL14J', 'xL6J', 'xL16J'}
| | | | +-- , 13 , {17, 19, 15} , {'xL4J', 'xL2J', 'xL17J', 'xL15J', 'xL21J', 'xL14J', 'xL6J', 'xL10J', 'xL5J', 'xL11J', 'xL16J', 'xL13J'}
| | | | | +-- , 17 , set() , {'xL4J', 'xL2J', 'xL15J', 'xL0J', 'xL21J', 'xL14J', 'xL5J', 'xL11J', 'xL23J'}
| | | | | +-- , 19 , set() , {'xL16J', 'xL24J', 'xL10J', 'xL13J'}
| | | | | +-- , 15 , set() , {'xL2J', 'xL12J', 'xL15J', 'xL11J', 'xL19J', 'xL13J'}
| +-- , 25 , set() , {'xL1J', 'xL5J'}


Max number of edges with non zero Y: 4
Max number of iterations of outer rounding loop: 0
Max number of candidate sets: 0
Time spent rounding: 0.000
Time spent solving Separator LP: 2.186
Total time spent solving: 3.118

LP Solver: GaifmanNormalILP
Lower Bound Witness = ({'xL2J', 'xL3J', 'xL5J', 'xL9J', 'xL23J', 'xL4J', 'xL15J', 'xL18J', 'xL14J', 'xL16J', 'xL19J', 'xL0J', 'xL1J', 'xL7J', 'xL10J', 'xL24J', 'xL11J', 'xL20J', 'xL17J', 'xL8J', 'xL12J', 'xL21J', 'xL6J', 'xL22J', 'xL13J'}, {'xL4J', 'xL17J', 'xL8J', 'xL3J', 'xL18J', 'xL20J', 'xL6J', 'xL24J', 'xL5J', 'xL16J', 'xL9J', 'xL23J', 'xL19J'})