53, 1.1400000000000001, 4.0, 4
+-- , 0 , {3, 115, 73} , {'xL2JL3J', 'xL2JL4J', 'xL2JL1J', 'xL2JL2J', 'xL2JL5J', 'xL3JL6J', 'xL2JL6J'}
| +-- , 3 , {5} , {'xL3JL6J', 'xL3JL7J'}
| | +-- , 5 , {7} , {'xL4JL7J', 'xL3JL7J'}
| | | +-- , 7 , {9} , {'xL4JL7J', 'xL4JL8J', 'xL4JL9J'}
| | | | +-- , 9 , {64, 69, 12} , {'xL4JL8J', 'xL4JL9J', 'xL2JL13J', 'xL2JL11J', 'xL2JL14J', 'xL2JL15J', 'xL2JL8J', 'xL2JL9J', 'xL2JL10J', 'xL2JL12J'}
| | | | | +-- , 64 , {67} , {'xL3JL14J', 'xL2JL13J', 'xL2JL14J', 'xL3JL13J', 'xL2JL15J', 'xL3JL15J'}
| | | | | | +-- , 67 , set() , {'xL3JL14J', 'xL1JL14J', 'xL1JL15J', 'xL2JL14J', 'xL4JL14J', 'xL2JL15J', 'xL4JL15J', 'xL3JL15J'}
| | | | | +-- , 69 , {71} , {'xL2JL8J', 'xL2JL9J', 'xL1JL8J'}
| | | | | | +-- , 71 , set() , {'xL2JL9J', 'xL1JL8J', 'xL1JL9J'}
| | | | | +-- , 12 , {16, 43} , {'xL4JL8J', 'xL4JL9J', 'xL10JL10J', 'xL2JL11J', 'xL10JL11J', 'xL2JL10J', 'xL2JL12J', 'xL11JL11J'}
| | | | | | +-- , 16 , {18} , {'xL10JL13J', 'xL10JL10J', 'xL10JL12J', 'xL2JL11J', 'xL10JL15J', 'xL10JL11J', 'xL2JL10J', 'xL2JL12J', 'xL10JL14J'}
| | | | | | | +-- , 18 , {34, 20} , {'xL10JL13J', 'xL10JL12J', 'xL2JL11J', 'xL10JL15J', 'xL2JL10J', 'xL6JL13J', 'xL2JL12J', 'xL10JL14J'}
| | | | | | | | +-- , 34 , {36} , {'xL10JL13J', 'xL6JL14J', 'xL10JL12J', 'xL6JL15J', 'xL10JL15J', 'xL6JL13J', 'xL10JL14J'}
| | | | | | | | | +-- , 36 , {41} , {'xL10JL13J', 'xL6JL14J', 'xL6JL15J', 'xL11JL14J', 'xL8JL15J', 'xL8JL14J', 'xL7JL14J', 'xL9JL15J', 'xL10JL12J', 'xL9JL14J', 'xL10JL15J', 'xL8JL13J', 'xL7JL15J', 'xL10JL14J'}
| | | | | | | | | | +-- , 41 , set() , {'xL10JL13J', 'xL9JL13J', 'xL9JL12J', 'xL10JL12J', 'xL9JL14J', 'xL11JL13J', 'xL11JL14J', 'xL8JL13J', 'xL9JL15J'}
| | | | | | | | +-- , 20 , {22} , {'xL5JL13J', 'xL2JL11J', 'xL2JL10J', 'xL6JL13J', 'xL2JL12J'}
| | | | | | | | | +-- , 22 , {24} , {'xL5JL12J', 'xL5JL13J', 'xL2JL11J', 'xL2JL10J', 'xL2JL12J'}
| | | | | | | | | | +-- , 24 , {26} , {'xL4JL12J', 'xL5JL12J', 'xL2JL11J', 'xL2JL10J', 'xL2JL12J'}
| | | | | | | | | | | +-- , 26 , {28} , {'xL4JL12J', 'xL2JL11J', 'xL4JL11J', 'xL2JL10J', 'xL2JL12J'}
| | | | | | | | | | | | +-- , 28 , {32, 30} , {'xL1JL11J', 'xL3JL11J', 'xL4JL11J', 'xL2JL10J', 'xL2JL12J', 'xL2JL11J'}
| | | | | | | | | | | | | +-- , 32 , set() , {'xL2JL10J', 'xL3JL10J', 'xL3JL11J'}
| | | | | | | | | | | | | +-- , 30 , set() , {'xL1JL12J', 'xL1JL11J', 'xL2JL12J'}
| | | | | | +-- , 43 , {45} , {'xL4JL8J', 'xL4JL9J', 'xL11JL10J', 'xL10JL10J', 'xL11JL11J'}
| | | | | | | +-- , 45 , {47} , {'xL4JL8J', 'xL4JL9J', 'xL11JL10J', 'xL10JL10J', 'xL9JL10J'}
| | | | | | | | +-- , 47 , {49} , {'xL4JL8J', 'xL9JL9J', 'xL4JL9J', 'xL9JL10J'}
| | | | | | | | | +-- , 49 , {51} , {'xL4JL8J', 'xL9JL9J', 'xL4JL9J', 'xL8JL9J'}
| | | | | | | | | | +-- , 51 , {53} , {'xL4JL8J', 'xL4JL9J', 'xL8JL9J', 'xL8JL8J', 'xL8JL7J'}
| | | | | | | | | | | +-- , 53 , {56} , {'xL4JL8J', 'xL7JL8J', 'xL5JL8J', 'xL4JL9J', 'xL6JL9J', 'xL8JL8J', 'xL5JL9J', 'xL6JL8J', 'xL8JL7J'}
| | | | | | | | | | | | +-- , 56 , {58} , {'xL7JL8J', 'xL5JL8J', 'xL6JL9J', 'xL5JL9J', 'xL6JL8J', 'xL8JL7J', 'xL6JL7J', 'xL7JL7J'}
| | | | | | | | | | | | | +-- , 58 , {60, 62} , {'xL7JL8J', 'xL5JL8J', 'xL6JL10J', 'xL6JL9J', 'xL6JL5J', 'xL5JL10J', 'xL5JL9J', 'xL6JL8J', 'xL7JL6J', 'xL6JL6J', 'xL6JL11J', 'xL6JL7J', 'xL7JL7J'}
| | | | | | | | | | | | | | +-- , 60 , set() , {'xL6JL5J', 'xL5JL6J', 'xL7JL6J', 'xL6JL6J', 'xL5JL5J'}
| | | | | | | | | | | | | | +-- , 62 , set() , {'xL6JL10J', 'xL7JL11J', 'xL5JL10J', 'xL7JL10J', 'xL6JL11J'}
| +-- , 115 , set() , {'xL1JL6J', 'xL1JL5J', 'xL2JL5J', 'xL3JL6J', 'xL2JL6J'}
| +-- , 73 , {105, 76, 111} , {'xL10JL8J', 'xL10JL5J', 'xL2JL3J', 'xL10JL3J', 'xL2JL4J', 'xL10JL4J', 'xL2JL1J', 'xL10JL1J', 'xL10JL6J', 'xL10JL7J', 'xL2JL2J', 'xL10JL2J'}
| | +-- , 105 , {107} , {'xL10JL3J', 'xL10JL1J', 'xL10JL2J', 'xL9JL3J'}
| | | +-- , 107 , {109} , {'xL10JL1J', 'xL9JL3J', 'xL9JL2J', 'xL10JL2J', 'xL9JL1J'}
| | | | +-- , 109 , set() , {'xL11JL1J', 'xL8JL2J', 'xL10JL1J', 'xL9JL2J', 'xL10JL2J', 'xL8JL1J', 'xL11JL2J', 'xL9JL1J'}
| | +-- , 76 , {99, 78} , {'xL10JL5J', 'xL2JL3J', 'xL2JL4J', 'xL10JL4J', 'xL2JL1J', 'xL10JL6J', 'xL2JL2J', 'xL8JL5J'}
| | | +-- , 99 , {101, 103} , {'xL10JL5J', 'xL9JL5J', 'xL11JL5J', 'xL10JL4J', 'xL8JL5J', 'xL10JL6J'}
| | | | +-- , 101 , set() , {'xL9JL5J', 'xL9JL6J', 'xL10JL6J'}
| | | | +-- , 103 , set() , {'xL10JL4J', 'xL11JL5J', 'xL11JL4J'}
| | | +-- , 78 , {80} , {'xL2JL3J', 'xL2JL4J', 'xL2JL1J', 'xL2JL2J', 'xL8JL4J', 'xL8JL5J'}
| | | | +-- , 80 , {82} , {'xL2JL3J', 'xL7JL4J', 'xL2JL4J', 'xL2JL1J', 'xL2JL2J', 'xL8JL4J'}
| | | | | +-- , 82 , {84} , {'xL2JL3J', 'xL7JL3J', 'xL7JL4J', 'xL2JL4J', 'xL2JL1J', 'xL2JL2J'}
| | | | | | +-- , 84 , {86} , {'xL2JL3J', 'xL7JL3J', 'xL2JL4J', 'xL2JL1J', 'xL2JL2J', 'xL6JL3J'}
| | | | | | | +-- , 86 , {88} , {'xL2JL3J', 'xL2JL4J', 'xL2JL1J', 'xL2JL2J', 'xL6JL2J', 'xL6JL1J', 'xL6JL3J'}
| | | | | | | | +-- , 88 , {91} , {'xL2JL3J', 'xL2JL4J', 'xL2JL1J', 'xL5JL1J', 'xL3JL1J', 'xL4JL1J', 'xL2JL2J', 'xL6JL2J', 'xL6JL1J'}
| | | | | | | | | +-- , 91 , {93} , {'xL2JL3J', 'xL2JL4J', 'xL4JL2J', 'xL4JL1J', 'xL5JL1J', 'xL5JL2J', 'xL3JL2J', 'xL2JL2J', 'xL6JL2J', 'xL3JL1J', 'xL1JL2J'}
| | | | | | | | | | +-- , 93 , {97, 95} , {'xL2JL3J', 'xL2JL4J', 'xL4JL2J', 'xL4JL1J', 'xL3JL2J', 'xL3JL3J', 'xL3JL1J', 'xL1JL2J'}
| | | | | | | | | | | +-- , 97 , set() , {'xL2JL4J', 'xL3JL2J', 'xL3JL4J', 'xL3JL3J', 'xL3JL1J'}
| | | | | | | | | | | +-- , 95 , set() , {'xL1JL3J', 'xL2JL3J', 'xL4JL2J', 'xL4JL1J', 'xL3JL3J', 'xL4JL3J', 'xL1JL2J'}
| | +-- , 111 , {113} , {'xL10JL7J', 'xL11JL8J', 'xL10JL8J'}
| | | +-- , 113 , set() , {'xL10JL7J', 'xL11JL8J', 'xL11JL7J'}


Max number of edges with non zero Y: 6
Max number of iterations of outer rounding loop: 2
Max number of candidate sets: 2
Time spent rounding: 18.193
Time spent solving Separator LP: 1.115
Total time spent solving: 27.596

LP Solver: GaifmanBoosted
Lower Bound Witness = ({'xL1JL3J', 'xL2JL3J', 'xL2JL4J', 'xL4JL2J', 'xL4JL1J', 'xL3JL4J', 'xL3JL2J', 'xL4JL3J', 'xL3JL3J', 'xL3JL1J', 'xL1JL2J'}, {'xL2JL3J', 'xL2JL4J', 'xL4JL2J', 'xL4JL1J', 'xL3JL2J', 'xL3JL1J', 'xL1JL2J'})