17, 3.279514249117142, 10.314125650260104, 13
+-- , 0 , {33, 35, 37, 5, 29, 31} , {'19', '42', '69', '67', '51', '55', '60', '33', '5', '34', '23', '1', '6', '8', '27', '50', '48', '39', '31', '62', '20', '21', '56', '47', '29', '14', '63', '70', '25', '17', '58', '68', '45', '28', '30', '40', '11', '13', '41', '52', '61', '2', '49', '26'}
| +-- , 33 , set() , {'17', '66', '20', '58', '67', '23', '11', '51', '33', '49'}
| +-- , 35 , set() , {'68', '56', '11', '51', '60', '16'}
| +-- , 37 , set() , {'19', '21', '45', '3', '67', '1', '28', '8', '47', '41', '14', '70', '6', '49', '59'}
| +-- , 5 , {7} , {'19', '32', '69', '67', '60', '5', '34', '23', '1', '27', '48', '31', '56', '47', '58', '28', '30', '40', '41', '52', '61', '2', '18', '6', '49', '42', '51', '55', '33', '8', '50', '39', '62', '20', '21', '29', '14', '63', '25', '17', '68', '11', '13', '26'}
| | +-- , 7 , {11, 27} , {'19', '32', '69', '42', '67', '51', '55', '36', '60', '33', '5', '34', '23', '1', '6', '8', '50', '48', '39', '31', '62', '57', '20', '21', '56', '47', '43', '29', '53', '14', '63', '25', '18', '17', '58', '68', '28', '30', '40', '11', '13', '41', '52', '61', '65', '2', '49', '26'}
| | | +-- , 11 , {25, 13} , {'19', '32', '36', '60', '5', '34', '23', '1', '48', '31', '22', '57', '56', '47', '53', '58', '9', '28', '30', '40', '52', '61', '2', '18', '6', '49', '42', '51', '55', '8', '50', '39', '62', '20', '21', '43', '29', '14', '63', '25', '17', '68', '11', '13', '26'}
| | | | +-- , 25 , set() , {'58', '9', '13', '50', '48', '15'}
| | | | +-- , 13 , {17, 15} , {'19', '32', '42', '51', '55', '60', '5', '34', '23', '1', '6', '8', '50', '48', '39', '31', '22', '62', '57', '20', '21', '56', '43', '29', '53', '14', '63', '25', '7', '17', '58', '68', '9', '28', '30', '40', '11', '52', '61', '18', '49', '26'}
| | | | | +-- , 17 , {19} , {'19', '42', '32', '51', '55', '60', '5', '34', '23', '1', '8', '50', '48', '39', '31', '22', '62', '57', '20', '56', '37', '43', '29', '53', '14', '63', '7', '18', '17', '68', '9', '28', '30', '40', '52', '61', '6', '49', '26'}
| | | | | | +-- , 19 , {21, 23} , {'19', '42', '32', '51', '55', '60', '5', '34', '23', '1', '8', '50', '48', '38', '39', '31', '22', '62', '57', '20', '56', '37', '43', '29', '53', '14', '63', '18', '17', '68', '9', '30', '40', '52', '61', '6', '49', '26'}
| | | | | | | +-- , 21 , set() , {'32', '51', '55', '60', '46', '5', '34', '23', '1', '8', '50', '48', '38', '12', '54', '39', '31', '22', '0', '62', '57', '20', '37', '29', '53', '14', '63', '18', '17', '68', '9', '30', '40', '10', '6', '49', '26'}
| | | | | | | +-- , 23 , set() , {'19', '56', '8', '24', '61', '38'}
| | | | | +-- , 15 , set() , {'64', '21', '58', '30', '40', '29', '53', '48', '7', '57'}
| | | +-- , 27 , set() , {'4', '67', '1', '65', '43', '5', '50', '36', '18', '33', '49'}
| +-- , 29 , set() , {'17', '35', '34', '67', '47', '51', '41', '55', '31', '62'}
| +-- , 31 , set() , {'17', '69', '56', '34', '1', '47', '14', '39', '6', '44'}


Max number of edges with non zero Y: 40
Max number of iterations of outer rounding loop: 9
Max number of candidate sets: 2
Time spent rounding: 42.140
Time spent solving Separator LP: 19.415
Total time spent solving: 67.871

LP Solver: GaifmanNormal
Lower Bound Witness = ({'19', '42', '69', '32', '67', '51', '55', '36', '60', '46', '33', '5', '34', '23', '1', '8', '50', '24', '48', '38', '12', '54', '39', '31', '22', '0', '62', '2', '57', '20', '64', '21', '56', '37', '43', '47', '29', '53', '14', '63', '25', '4', '7', '18', '17', '58', '68', '9', '28', '30', '40', '11', '65', '41', '52', '61', '13', '10', '15', '6', '49', '26'}, {'19', '42', '69', '32', '67', '51', '55', '36', '60', '33', '5', '34', '23', '1', '8', '50', '48', '39', '31', '62', '2', '57', '20', '21', '56', '47', '29', '53', '14', '63', '25', '18', '17', '58', '68', '28', '30', '40', '11', '65', '41', '52', '61', '13', '6', '49', '26'})