11, 0, 8.05019305019305, 10
+-- , 5 , {18, 3, 20, 10} , {'75', '39', '30', '61', '33', '43', '71', '32', '36', '53', '31', '20', '21', '65', '19', '38', '2', '24', '72', '42', '49', '69', '4', '12', '29', '6', '13', '14', '73', '8', '50', '25', '56', '60', '66', '77', '74', '47', '63', '52', '62', '45', '28', '46', '40', '70', '1', '76', '5', '54', '10', '41', '57', '11', '27', '22', '16', '35', '58', '17', '3', '44', '67', '0', '9'}
| +-- , 18 , set() , {'75', '66', '63', '52', '62', '45', '36', '20', '31', '70', '1', '76', '5', '54', '21', '65', '10', '41', '24', '58', '29', '6', '13', '0', '14', '26', '8', '25'}
| +-- , 3 , {0, 22} , {'75', '56', '39', '60', '66', '77', '30', '74', '61', '47', '63', '52', '33', '62', '43', '32', '28', '36', '46', '40', '53', '31', '20', '1', '76', '5', '54', '21', '65', '19', '38', '2', '41', '57', '9', '24', '11', '27', '42', '49', '22', '69', '4', '16', '35', '17', '12', '3', '44', '23', '67', '14', '73', '8', '50'}
| | +-- , 0 , {24} , {'75', '39', '30', '61', '33', '43', '32', '36', '53', '31', '20', '21', '65', '19', '2', '24', '42', '49', '69', '4', '12', '34', '14', '73', '8', '50', '56', '60', '66', '77', '74', '47', '63', '52', '62', '28', '46', '40', '1', '76', '5', '54', '57', '11', '27', '22', '16', '17', '3', '44', '23', '67', '9'}
| | | +-- , 24 , set() , {'56', '75', '39', '18', '77', '30', '74', '61', '47', '63', '33', '62', '43', '32', '46', '53', '31', '20', '5', '21', '65', '57', '24', '11', '27', '69', '16', '17', '48', '3', '44', '23', '34', '73'}
| | +-- , 22 , set() , {'9', '44', '23', '5', '35', '59', '65', '17', '62', '38'}
| +-- , 20 , set() , {'2', '3', '40', '72', '11', '1', '42', '54', '50', '51', '71'}
| +-- , 10 , {12} , {'75', '39', '30', '15', '61', '33', '43', '71', '32', '53', '31', '21', '65', '19', '38', '24', '72', '42', '49', '69', '4', '12', '29', '14', '73', '50', '8', '25', '56', '60', '66', '77', '74', '47', '63', '52', '45', '28', '46', '40', '70', '1', '76', '5', '54', '10', '41', '57', '11', '27', '22', '16', '35', '58', '17', '3', '44', '67', '0', '9'}
| | +-- , 12 , {16, 14} , {'56', '60', '77', '30', '15', '74', '61', '47', '63', '33', '45', '43', '71', '32', '28', '46', '40', '53', '70', '1', '76', '5', '54', '21', '65', '38', '10', '41', '57', '9', '72', '11', '27', '64', '22', '49', '69', '4', '16', '35', '58', '12', '29', '44', '67', '55', '14', '0', '73', '8', '50', '25'}
| | | +-- , 16 , set() , {'56', '77', '30', '47', '63', '33', '32', '46', '40', '53', '21', '37', '10', '22', '49', '35', '7', '55', '14', '9'}
| | | +-- , 14 , set() , {'56', '60', '77', '74', '61', '47', '43', '71', '46', '1', '5', '68', '38', '41', '57', '11', '27', '64', '49', '29', '67', '55', '0', '73', '8', '50'}


Max number of edges with non zero Y: 29
Max number of iterations of outer rounding loop: 3
Max number of candidate sets: 2
Time spent rounding: 0.384
Time spent solving Separator LP: 0.026
Total time spent solving: 0.995

LP Solver: gammaPlusFractionalCoverHeuristic
Number of Rounding Attemps: 2
Lower Bound Witness = ({'30', '61', '33', '51', '43', '32', '36', '53', '31', '65', '19', '2', '24', '42', '6', '34', '14', '50', '8', '25', '66', '47', '52', '62', '45', '28', '40', '76', '5', '68', '41', '57', '11', '27', '22', '35', '58', '17', '3', '7', '44', '55', '9', '75', '39', '15', '71', '20', '21', '38', '37', '72', '49', '69', '4', '12', '29', '48', '13', '59', '73', '56', '60', '18', '77', '74', '63', '46', '70', '1', '54', '10', '64', '16', '23', '67', '0', '26'}, {'46', '53', '44', '76', '21'})