16, 1, 5.0, 5
+-- , 30 , {29} , {'28', '20', '0'}
| +-- , 29 , {12} , {'28', '4', '20'}
| | +-- , 12 , {16, 9, 14} , {'22', '11', '7', '4', '28', '20', '8', '17'}
| | | +-- , 16 , set() , {'7', '1', '4'}
| | | +-- , 9 , {18, 7} , {'25', '22', '11', '7', '28', '27', '20', '21', '15', '8', '17'}
| | | | +-- , 18 , {20} , {'25', '19', '11', '7', '28', '27', '8', '20', '15', '21', '17'}
| | | | | +-- , 20 , {27} , {'25', '19', '23', '30', '21', '8'}
| | | | | | +-- , 27 , {28} , {'30', '19', '23'}
| | | | | | | +-- , 28 , set() , {'30', '19', '3'}
| | | | +-- , 7 , {22, 5, 24} , {'25', '11', '7', '9', '28', '27', '20', '15', '16', '21', '17'}
| | | | | +-- , 22 , set() , {'7', '29', '27', '20', '16', '21', '17'}
| | | | | +-- , 5 , {0} , {'25', '11', '7', '26', '9', '20', '15', '17', '18', '28', '16', '21'}
| | | | | | +-- , 0 , {26} , {'25', '11', '7', '5', '26', '9', '20', '15', '17', '18', '16', '21'}
| | | | | | | +-- , 26 , set() , {'2', '25', '10', '5', '26', '9', '14', '20', '15', '16', '21', '17'}
| | | | | +-- , 24 , set() , {'9', '27', '6'}
| | | +-- , 14 , set() , {'11', '4', '24', '20', '17'}


Max number of edges with non zero Y: 19
Max number of iterations of outer rounding loop: 7
Max number of candidate sets: 2
Time spent rounding: 0.466
Time spent solving Separator LP: 0.016
Total time spent solving: 0.870

LP Solver: gammaPlusFractionalCoverHeuristic
Number of Rounding Attemps: 4
Lower Bound Witness = ({'11', '7', '9', '27', '23', '14', '30', '15', '17', '2', '22', '28', '24', '10', '25', '19', '4', '5', '26', '20', '1', '8', '18', '6', '29', '16', '21'}, {'25', '15', '20', '1', '10'})