11, 2.068103399439353, 5.0, 5
+-- , 0 , {3, 22, 24, 9} , {'xL18J', 'xL2J', 'xL3J', 'xL4J', 'xL14J', 'xL10J', 'xL5J', 'xL19J', 'xL15J'}
| +-- , 3 , {5} , {'xL13J', 'xL14J', 'xL3J', 'xL15J'}
| | +-- , 5 , set() , {'xL13J', 'xL7J', 'xL15J'}
| +-- , 22 , set() , {'xL17J', 'xL5J', 'xL14J', 'xL10J'}
| +-- , 24 , set() , {'xL19J', 'xL16J', 'xL15J'}
| +-- , 9 , {12} , {'xL18J', 'xL0J', 'xL2J', 'xL4J', 'xL14J', 'xL9J', 'xL10J', 'xL5J', 'xL19J', 'xL15J'}
| | +-- , 12 , {14} , {'xL18J', 'xL12J', 'xL0J', 'xL9J', 'xL14J', 'xL10J', 'xL5J'}
| | | +-- , 14 , {16} , {'xL18J', 'xL12J', 'xL0J', 'xL9J', 'xL10J', 'xL5J', 'xL1J'}
| | | | +-- , 16 , {18} , {'xL0J', 'xL9J', 'xL10J', 'xL5J', 'xL1J', 'xL8J'}
| | | | | +-- , 18 , {20} , {'xL11J', 'xL0J', 'xL9J', 'xL10J', 'xL8J'}
| | | | | | +-- , 20 , set() , {'xL11J', 'xL0J', 'xL6J', 'xL10J', 'xL8J'}


Max number of edges with non zero Y: 22
Max number of iterations of outer rounding loop: 5
Max number of candidate sets: 2
Time spent rounding: 5.887
Time spent solving Separator LP: 0.231
Total time spent solving: 7.390

LP Solver: GaifmanBoosted
Lower Bound Witness = ({'xL18J', 'xL0J', 'xL11J', 'xL9J', 'xL1J', 'xL19J', 'xL12J', 'xL2J', 'xL3J', 'xL15J', 'xL13J', 'xL7J', 'xL10J', 'xL6J', 'xL4J', 'xL14J', 'xL17J', 'xL5J', 'xL16J', 'xL8J'}, {'xL11J', 'xL17J', 'xL18J', 'xL13J', 'xL0J', 'xL16J', 'xL2J', 'xL3J', 'xL6J', 'xL4J', 'xL14J', 'xL9J', 'xL10J', 'xL5J', 'xL1J', 'xL19J', 'xL15J'})