65, 6.999999800457566, 9.0, 9
+-- , 0 , {129, 3, 99, 5, 101, 7, 103, 109, 119, 125, 95} , {'xL0J', 'zL37J', 'zL30J', 'xL4J', 'zL62J', 'xL6J', 'zL15J', 'zL14J', 'xL7J', 'zL75J', 'xL8J', 'xL1J', 'zL26J', 'zL45J', 'zL25J', 'xL3J'}
| +-- , 129 , {131} , {'xL8J', 'xL0J', 'zL63J', 'zL62J'}
| | +-- , 131 , set() , {'w18', 'xL0J', 'zL63J'}
| +-- , 3 , set() , {'xL0J', 'zL69J', 'xL1J', 'xL8J', 'zL70J', 'xL6J', 'w20', 'yL17J', 'xL7J', 'zL68J', 'zL71J'}
| +-- , 99 , set() , {'zL5J', 'w4', 'xL1J', 'zL4J', 'xL4J', 'zL7J', 'xL6J', 'yL1J', 'xL7J', 'zL6J', 'xL3J'}
| +-- , 5 , set() , {'w21', 'xL3J', 'zL75J'}
| +-- , 101 , set() , {'xL0J', 'w7', 'xL4J', 'zL18J', 'zL16J', 'xL6J', 'zL17J', 'zL19J', 'xL7J', 'yL4J', 'xL3J'}
| +-- , 7 , {9} , {'xL0J', 'zL38J', 'zL37J', 'zL30J', 'xL4J', 'zL62J', 'xL6J', 'zL15J', 'zL14J', 'xL7J', 'zL75J', 'xL8J', 'xL1J', 'zL45J', 'zL25J', 'xL3J'}
| | +-- , 9 , {93, 13} , {'xL0J', 'zL38J', 'zL30J', 'xL4J', 'zL62J', 'xL6J', 'zL15J', 'zL14J', 'xL7J', 'zL50J', 'zL75J', 'xL8J', 'xL1J', 'zL45J', 'zL24J', 'zL25J', 'zL74J', 'xL3J'}
| | | +-- , 93 , set() , {'xL0J', 'w15', 'xL3J', 'zL50J', 'zL51J'}
| | | +-- , 13 , {85, 87, 89, 15} , {'xL0J', 'zL38J', 'zL30J', 'xL4J', 'xL3J', 'xL9J', 'zL62J', 'xL6J', 'zL15J', 'zL14J', 'zL50J', 'xL7J', 'xL8J', 'xL1J', 'zL45J', 'zL24J', 'zL74J', 'yL6J'}
| | | | +-- , 85 , set() , {'xL8J', 'xL1J', 'zL40J', 'xL4J', 'zL43J', 'xL9J', 'w13', 'zL41J', 'yL10J', 'xL6J', 'zL42J'}
| | | | +-- , 87 , set() , {'xL0J', 'xL8J', 'zL22J', 'zL23J', 'w8', 'xL9J', 'xL6J', 'zL20J', 'xL7J', 'yL5J', 'zL21J'}
| | | | +-- , 89 , {91} , {'zL38J', 'xL1J', 'zL39J', 'xL9J'}
| | | | | +-- , 91 , set() , {'zL39J', 'xL9J', 'w12'}
| | | | +-- , 15 , {81, 17} , {'xL0J', 'zL30J', 'xL4J', 'xL9J', 'zL62J', 'xL6J', 'zL15J', 'w10', 'zL14J', 'xL7J', 'zL50J', 'xL8J', 'xL1J', 'zL31J', 'zL45J', 'zL74J', 'zL2J', 'zL1J', 'xL3J'}
| | | | | +-- , 81 , {83} , {'zL0J', 'xL9J', 'zL1J', 'xL3J'}
| | | | | | +-- , 83 , set() , {'zL0J', 'xL9J', 'yL0J'}
| | | | | +-- , 17 , {73, 75, 79, 19, 57, 63} , {'xL0J', 'zL30J', 'xL4J', 'xL9J', 'zL62J', 'xL6J', 'zL15J', 'zL14J', 'xL7J', 'zL50J', 'zL2J', 'xL8J', 'xL1J', 'zL31J', 'zL45J', 'zL74J', 'xL5J', 'xL3J'}
| | | | | | +-- , 73 , set() , {'xL0J', 'xL8J', 'zL52J', 'xL4J', 'zL54J', 'xL9J', 'zL53J', 'zL55J', 'xL5J', 'w16', 'yL13J'}
| | | | | | +-- , 75 , {77} , {'xL5J', 'xL4J', 'zL2J', 'zL3J'}
| | | | | | | +-- , 77 , set() , {'xL5J', 'w3', 'zL3J'}
| | | | | | +-- , 79 , set() , {'w6', 'xL5J', 'zL15J'}
| | | | | | +-- , 19 , {21} , {'zL73J', 'zL30J', 'xL4J', 'xL9J', 'xL6J', 'zL13J', 'zL14J', 'zL50J', 'xL7J', 'xL8J', 'xL1J', 'zL31J', 'zL45J', 'zL74J', 'xL5J', 'xL3J'}
| | | | | | | +-- , 21 , {23} , {'zL73J', 'zL30J', 'xL4J', 'xL9J', 'xL6J', 'zL13J', 'zL50J', 'xL7J', 'xL8J', 'xL1J', 'zL31J', 'yL3J', 'zL12J', 'zL45J', 'xL5J', 'xL3J'}
| | | | | | | | +-- , 23 , {25} , {'zL73J', 'zL30J', 'zL11J', 'xL4J', 'xL9J', 'xL6J', 'zL13J', 'zL50J', 'xL7J', 'xL8J', 'xL1J', 'zL31J', 'zL12J', 'zL45J', 'w5', 'xL5J', 'xL3J'}
| | | | | | | | | +-- , 25 , {37, 41, 43, 47, 53, 27} , {'zL73J', 'zL30J', 'zL11J', 'xL4J', 'xL9J', 'xL6J', 'zL13J', 'xL7J', 'xL2J', 'zL50J', 'xL8J', 'xL1J', 'zL31J', 'zL12J', 'zL45J', 'xL5J', 'xL3J'}
| | | | | | | | | | +-- , 37 , {39} , {'zL44J', 'xL2J', 'xL9J', 'zL45J'}
| | | | | | | | | | | +-- , 39 , set() , {'yL11J', 'xL9J', 'zL44J'}
| | | | | | | | | | +-- , 41 , set() , {'xL8J', 'xL1J', 'zL35J', 'xL4J', 'yL8J', 'zL33J', 'zL34J', 'w11', 'xL2J', 'zL32J', 'xL3J'}
| | | | | | | | | | +-- , 43 , {45} , {'zL72J', 'xL1J', 'zL73J', 'xL2J'}
| | | | | | | | | | | +-- , 45 , set() , {'zL72J', 'yL18J', 'xL1J'}
| | | | | | | | | | +-- , 47 , {49} , {'xL8J', 'xL7J', 'zL50J', 'zL49J', 'xL2J'}
| | | | | | | | | | | +-- , 49 , {51} , {'xL8J', 'xL7J', 'zL49J', 'zL48J'}
| | | | | | | | | | | | +-- , 51 , set() , {'yL12J', 'zL48J', 'xL7J'}
| | | | | | | | | | +-- , 53 , {55} , {'zL8J', 'zL11J', 'xL4J', 'xL9J', 'zL10J', 'yL2J', 'xL2J', 'xL5J'}
| | | | | | | | | | | +-- , 55 , set() , {'zL9J', 'zL8J', 'xL9J', 'zL10J', 'xL2J'}
| | | | | | | | | | +-- , 27 , {33, 29} , {'xL1J', 'xL9J', 'xL6J', 'xL2J', 'zL57J', 'xL5J', 'zL58J'}
| | | | | | | | | | | +-- , 33 , {35} , {'xL1J', 'zL59J', 'xL5J', 'zL58J'}
| | | | | | | | | | | | +-- , 35 , set() , {'zL59J', 'xL5J', 'w17'}
| | | | | | | | | | | +-- , 29 , {31} , {'xL2J', 'zL57J', 'zL56J', 'xL9J'}
| | | | | | | | | | | | +-- , 31 , set() , {'zL56J', 'xL9J', 'yL14J'}
| | | | | | +-- , 57 , {59} , {'xL5J', 'zL61J', 'xL9J', 'zL62J', 'xL6J'}
| | | | | | | +-- , 59 , {61} , {'zL60J', 'zL61J', 'xL9J', 'xL6J'}
| | | | | | | | +-- , 61 , set() , {'zL60J', 'yL15J', 'xL6J'}
| | | | | | +-- , 63 , {65, 71} , {'zL77J', 'xL4J', 'xL9J', 'zL76J', 'xL7J', 'xL5J', 'xL3J'}
| | | | | | | +-- , 65 , {67} , {'zL77J', 'zL78J', 'xL4J', 'xL5J', 'xL9J'}
| | | | | | | | +-- , 67 , {69} , {'zL78J', 'xL5J', 'xL9J', 'zL79J'}
| | | | | | | | | +-- , 69 , set() , {'xL5J', 'zL79J', 'w22'}
| | | | | | | +-- , 71 , set() , {'yL19J', 'xL3J', 'zL76J'}
| +-- , 103 , {105} , {'xL1J', 'zL29J', 'zL30J', 'xL4J', 'xL3J'}
| | +-- , 105 , {107} , {'xL1J', 'zL29J', 'zL28J', 'xL3J'}
| | | +-- , 107 , set() , {'xL3J', 'zL28J', 'yL7J'}
| +-- , 109 , {115, 111} , {'xL0J', 'xL8J', 'zL65J', 'xL6J', 'xL7J', 'xL3J', 'zL66J'}
| | +-- , 115 , {117} , {'xL8J', 'zL67J', 'zL66J', 'xL6J'}
| | | +-- , 117 , set() , {'xL8J', 'zL67J', 'w19'}
| | +-- , 111 , {113} , {'xL0J', 'zL64J', 'zL65J', 'xL3J'}
| | | +-- , 113 , set() , {'xL0J', 'yL16J', 'zL64J'}
| +-- , 119 , {121} , {'xL0J', 'xL8J', 'xL1J', 'zL46J', 'zL45J'}
| | +-- , 121 , {123} , {'xL8J', 'xL0J', 'zL47J', 'zL46J'}
| | | +-- , 123 , set() , {'xL8J', 'w14', 'zL47J'}
| +-- , 125 , {127} , {'xL0J', 'zL37J', 'xL4J', 'zL36J'}
| | +-- , 127 , set() , {'xL4J', 'yL9J', 'zL36J'}
| +-- , 95 , {97} , {'xL8J', 'zL27J', 'xL7J', 'zL26J'}
| | +-- , 97 , set() , {'xL8J', 'zL27J', 'w9'}


Max number of edges with non zero Y: 7
Max number of iterations of outer rounding loop: 0
Max number of candidate sets: 0
Time spent rounding: 0.000
Time spent solving Separator LP: 1499.885
Total time spent solving: 1507.438

LP Solver: GaifmanNormalILP
Lower Bound Witness = ({'zL77J', 'zL35J', 'zL14J', 'zL55J', 'zL66J', 'zL27J', 'w15', 'zL67J', 'w21', 'yL18J', 'zL36J', 'zL25J', 'zL1J', 'zL72J', 'zL30J', 'zL15J', 'zL50J', 'yL5J', 'zL59J', 'xL8J', 'xL1J', 'zL31J', 'zL56J', 'zL3J', 'zL76J', 'zL64J', 'zL29J', 'yL2J', 'xL5J', 'zL39J', 'yL6J', 'w17', 'w11', 'zL69J', 'zL5J', 'zL70J', 'zL7J', 'zL20J', 'zL24J', 'zL47J', 'zL2J', 'zL38J', 'zL11J', 'zL62J', 'zL19J', 'zL46J', 'zL79J', 'zL21J', 'w7', 'zL65J', 'zL28J', 'zL54J', 'yL3J', 'yL19J', 'yL9J', 'yL15J', 'zL57J', 'zL58J', 'yL13J', 'zL42J', 'xL0J', 'zL40J', 'zL37J', 'zL4J', 'yL0J', 'yL10J', 'yL14J', 'xL2J', 'yL4J', 'w9', 'zL43J', 'zL61J', 'zL53J', 'yL1J', 'zL60J', 'zL48J', 'zL9J', 'zL22J', 'zL52J', 'zL18J', 'w14', 'xL9J', 'zL33J', 'xL6J', 'zL34J', 'zL16J', 'w3', 'zL78J', 'w19', 'zL6J', 'zL49J', 'zL71J', 'w22', 'zL8J', 'zL26J', 'zL63J', 'zL12J', 'zL45J', 'yL8J', 'zL10J', 'w12', 'yL11J', 'yL16J', 'zL74J', 'zL68J', 'zL51J', 'xL3J', 'zL73J', 'w8', 'zL13J', 'zL17J', 'yL12J', 'zL0J', 'xL7J', 'zL44J', 'zL32J', 'w18', 'zL41J', 'w5', 'w20', 'w16', 'yL7J', 'xL4J', 'zL23J', 'w13', 'w10', 'w6', 'zL75J', 'w4', 'yL17J'}, {'xL0J', 'zL40J', 'zL37J', 'w8', 'w17', 'zL0J', 'xL7J', 'xL2J', 'zL44J', 'yL4J', 'w9', 'zL66J', 'zL69J', 'zL5J', 'zL70J', 'w18', 'zL67J', 'yL13J', 'zL7J', 'w21', 'zL20J', 'zL47J', 'w16', 'zL48J', 'zL72J', 'yL7J', 'xL4J', 'zL23J', 'xL9J', 'zL33J', 'zL16J', 'zL15J', 'w10', 'zL46J', 'w19', 'zL71J', 'zL79J', 'zL75J', 'zL21J', 'xL1J', 'w4', 'zL31J', 'zL65J', 'zL28J', 'zL26J', 'yL8J', 'zL3J', 'zL76J', 'zL64J', 'yL9J', 'yL17J', 'zL29J', 'yL2J', 'zL68J', 'zL51J', 'zL58J'})