28, 1.1363631818181816, 5.0, 5
+-- , 0 , {27, 3} , {'xL4JL2J', 'xL4JL5J', 'xL8JL8J', 'xL4JL1J', 'xL3JL3J', 'xL4JL4J', 'xL4JL3J'}
| +-- , 27 , {33, 29} , {'xL8JL8J', 'xL8JL11J', 'xL3JL3J', 'xL8JL10J', 'xL2JL3J', 'xL8JL9J', 'xL4JL3J'}
| | +-- , 33 , {56, 35} , {'xL2JL4J', 'xL6JL11J', 'xL8JL11J', 'xL2JL6J', 'xL2JL5J', 'xL7JL11J', 'xL2JL3J'}
| | | +-- , 56 , {58} , {'xL2JL4J', 'xL1JL4J', 'xL2JL5J'}
| | | | +-- , 58 , set() , {'xL2JL5J', 'xL1JL4J', 'xL1JL5J'}
| | | +-- , 35 , {37} , {'xL2JL6J', 'xL6JL11J', 'xL3JL6J', 'xL7JL11J'}
| | | | +-- , 37 , {39} , {'xL3JL8J', 'xL3JL7J', 'xL6JL11J', 'xL3JL6J', 'xL7JL11J'}
| | | | | +-- , 39 , {42} , {'xL3JL8J', 'xL5JL12J', 'xL3JL12J', 'xL3JL7J', 'xL7JL12J', 'xL6JL11J', 'xL6JL12J', 'xL4JL12J', 'xL7JL11J'}
| | | | | | +-- , 42 , {44} , {'xL3JL8J', 'xL5JL12J', 'xL3JL12J', 'xL6JL13J', 'xL3JL7J', 'xL6JL10J', 'xL6JL11J', 'xL6JL12J', 'xL6JL9J', 'xL4JL12J'}
| | | | | | | +-- , 44 , {48, 52} , {'xL3JL8J', 'xL3JL12J', 'xL5JL12J', 'xL6JL13J', 'xL2JL9J', 'xL4JL8J', 'xL3JL7J', 'xL6JL10J', 'xL6JL9J', 'xL4JL12J', 'xL1JL9J', 'xL5JL8J'}
| | | | | | | | +-- , 48 , {50} , {'xL4JL8J', 'xL3JL7J', 'xL6JL10J', 'xL4JL7J', 'xL6JL9J', 'xL5JL8J'}
| | | | | | | | | +-- , 50 , set() , {'xL5JL9J', 'xL4JL8J', 'xL6JL10J', 'xL5JL10J', 'xL4JL9J', 'xL4JL7J', 'xL6JL9J', 'xL5JL8J'}
| | | | | | | | +-- , 52 , {54} , {'xL3JL8J', 'xL5JL12J', 'xL4JL13J', 'xL5JL13J', 'xL2JL9J', 'xL2JL8J', 'xL4JL8J', 'xL6JL13J', 'xL3JL12J', 'xL4JL12J', 'xL1JL9J', 'xL5JL8J'}
| | | | | | | | | +-- , 54 , set() , {'xL3JL10J', 'xL3JL12J', 'xL2JL9J', 'xL2JL8J', 'xL4JL11J', 'xL2JL10J', 'xL3JL11J', 'xL2JL11J', 'xL4JL12J', 'xL1JL9J', 'xL4JL13J', 'xL1JL10J'}
| | +-- , 29 , {31} , {'xL9JL9J', 'xL8JL9J', 'xL8JL10J'}
| | | +-- , 31 , set() , {'xL9JL9J', 'xL8JL10J', 'xL9JL10J'}
| +-- , 3 , {5} , {'xL4JL2J', 'xL4JL5J', 'xL8JL8J', 'xL4JL1J', 'xL3JL3J', 'xL4JL4J', 'xL3JL2J'}
| | +-- , 5 , {7} , {'xL4JL2J', 'xL4JL5J', 'xL8JL8J', 'xL4JL1J', 'xL7JL2J', 'xL6JL2J', 'xL4JL4J', 'xL3JL2J', 'xL5JL2J', 'xL7JL8J'}
| | | +-- , 7 , {9} , {'xL4JL5J', 'xL4JL1J', 'xL7JL2J', 'xL6JL2J', 'xL4JL4J', 'xL7JL6J', 'xL5JL2J', 'xL7JL7J', 'xL7JL8J'}
| | | | +-- , 9 , {17, 11} , {'xL8JL6J', 'xL4JL5J', 'xL4JL1J', 'xL7JL2J', 'xL6JL2J', 'xL4JL4J', 'xL7JL6J', 'xL5JL2J', 'xL7JL7J'}
| | | | | +-- , 17 , {19} , {'xL8JL6J', 'xL4JL1J', 'xL7JL2J', 'xL6JL2J', 'xL5JL1J', 'xL6JL1J', 'xL5JL2J'}
| | | | | | +-- , 19 , {21} , {'xL7JL2J', 'xL6JL3J', 'xL6JL2J', 'xL6JL1J', 'xL8JL6J'}
| | | | | | | +-- , 21 , {23} , {'xL7JL3J', 'xL6JL3J', 'xL8JL6J', 'xL7JL2J', 'xL8JL3J'}
| | | | | | | | +-- , 23 , {25} , {'xL7JL3J', 'xL8JL4J', 'xL8JL5J', 'xL8JL6J', 'xL7JL4J', 'xL7JL2J', 'xL8JL3J'}
| | | | | | | | | +-- , 25 , set() , {'xL8JL4J', 'xL8JL5J', 'xL9JL4J', 'xL7JL4J', 'xL9JL5J'}
| | | | | +-- , 11 , {13} , {'xL6JL6J', 'xL8JL6J', 'xL4JL5J', 'xL6JL7J', 'xL4JL4J', 'xL7JL6J', 'xL5JL6J', 'xL7JL7J'}
| | | | | | +-- , 13 , {15} , {'xL6JL6J', 'xL4JL5J', 'xL6JL7J', 'xL4JL4J', 'xL5JL6J', 'xL6JL5J'}
| | | | | | | +-- , 15 , set() , {'xL4JL5J', 'xL5JL4J', 'xL5JL5J', 'xL4JL4J', 'xL5JL6J', 'xL6JL5J'}


Max number of edges with non zero Y: 6
Max number of iterations of outer rounding loop: 3
Max number of candidate sets: 2
Time spent rounding: 13.368
Time spent solving Separator LP: 0.316
Total time spent solving: 18.278

LP Solver: GaifmanNormal
Lower Bound Witness = ({'xL3JL8J', 'xL6JL13J', 'xL5JL2J', 'xL7JL12J', 'xL8JL6J', 'xL7JL8J', 'xL5JL4J', 'xL8JL11J', 'xL4JL7J', 'xL2JL6J', 'xL7JL6J', 'xL3JL6J', 'xL6JL5J', 'xL5JL6J', 'xL4JL12J', 'xL4JL13J', 'xL5JL8J', 'xL8JL10J', 'xL2JL3J', 'xL4JL2J', 'xL5JL12J', 'xL9JL5J', 'xL5JL13J', 'xL7JL7J', 'xL4JL11J', 'xL8JL5J', 'xL2JL10J', 'xL4JL5J', 'xL6JL12J', 'xL3JL3J', 'xL4JL4J', 'xL6JL1J', 'xL3JL10J', 'xL7JL3J', 'xL6JL3J', 'xL2JL4J', 'xL4JL8J', 'xL6JL6J', 'xL8JL4J', 'xL5JL10J', 'xL6JL11J', 'xL4JL9J', 'xL7JL2J', 'xL5JL5J', 'xL2JL11J', 'xL9JL9J', 'xL1JL4J', 'xL8JL3J', 'xL6JL2J', 'xL3JL2J', 'xL6JL9J', 'xL1JL9J', 'xL2JL5J', 'xL4JL3J', 'xL3JL12J', 'xL1JL5J', 'xL9JL10J', 'xL2JL9J', 'xL2JL8J', 'xL5JL9J', 'xL3JL7J', 'xL6JL10J', 'xL9JL4J', 'xL3JL11J', 'xL8JL8J', 'xL7JL4J', 'xL4JL1J', 'xL6JL7J', 'xL5JL1J', 'xL7JL11J', 'xL8JL9J', 'xL1JL10J'}, {'xL2JL4J', 'xL9JL4J', 'xL6JL7J', 'xL4JL1J', 'xL2JL11J'})