19, 1.8762174572356543, 7.5, 8
+-- , 0 , {6, 39, 41, 43, 45} , {'xL23J', 'xL10J', 'xL18J', 'xL9J', 'xL7J', 'xL0J', 'xL15J', 'xL33J', 'xL32J', 'xL30J', 'xL37J'}
| +-- , 6 , {9} , {'xL36J', 'xL23J', 'xL7J', 'xL32J', 'xL10J', 'xL18J', 'xL9J', 'xL15J', 'xL33J', 'xL5J', 'xL30J', 'xL37J'}
| | +-- , 9 , {11} , {'xL36J', 'xL23J', 'xL7J', 'xL32J', 'xL10J', 'xL18J', 'xL8J', 'xL9J', 'xL15J', 'xL33J', 'xL5J', 'xL30J'}
| | | +-- , 11 , {13} , {'xL7J', 'xL32J', 'xL13J', 'xL10J', 'xL18J', 'xL8J', 'xL9J', 'xL15J', 'xL33J', 'xL5J', 'xL30J'}
| | | | +-- , 13 , {17, 37} , {'xL10J', 'xL18J', 'xL8J', 'xL9J', 'xL7J', 'xL14J', 'xL16J', 'xL22J', 'xL15J', 'xL33J', 'xL5J', 'xL6J', 'xL13J', 'xL30J', 'xL38J'}
| | | | | +-- , 17 , {21} , {'xL14J', 'xL16J', 'xL7J', 'xL29J', 'xL13J', 'xL38J', 'xL10J', 'xL18J', 'xL8J', 'xL28J', 'xL6J', 'xL33J', 'xL5J', 'xL12J'}
| | | | | | +-- , 21 , {23} , {'xL14J', 'xL16J', 'xL39J', 'xL7J', 'xL29J', 'xL13J', 'xL38J', 'xL10J', 'xL18J', 'xL8J', 'xL28J', 'xL6J', 'xL5J', 'xL12J'}
| | | | | | | +-- , 23 , {25} , {'xL35J', 'xL14J', 'xL16J', 'xL39J', 'xL7J', 'xL29J', 'xL13J', 'xL38J', 'xL10J', 'xL18J', 'xL28J', 'xL6J', 'xL5J', 'xL12J'}
| | | | | | | | +-- , 25 , {27, 29} , {'xL35J', 'xL14J', 'xL16J', 'xL7J', 'xL29J', 'xL13J', 'xL26J', 'xL38J', 'xL10J', 'xL18J', 'xL28J', 'xL6J', 'xL5J', 'xL12J'}
| | | | | | | | | +-- , 27 , set() , {'xL38J', 'xL21J', 'xL35J', 'xL7J', 'xL28J', 'xL6J', 'xL3J', 'xL26J', 'xL25J'}
| | | | | | | | | +-- , 29 , {33, 35, 31} , {'xL10J', 'xL35J', 'xL14J', 'xL16J', 'xL7J', 'xL28J', 'xL6J', 'xL29J', 'xL5J', 'xL12J', 'xL26J', 'xL1J', 'xL38J'}
| | | | | | | | | | +-- , 33 , set() , {'xL10J', 'xL35J', 'xL34J', 'xL14J', 'xL16J', 'xL7J', 'xL29J', 'xL12J', 'xL31J', 'xL1J', 'xL38J'}
| | | | | | | | | | +-- , 35 , set() , {'xL26J', 'xL1J', 'xL19J'}
| | | | | | | | | | +-- , 31 , set() , {'xL1J', 'xL5J', 'xL2J'}
| | | | | +-- , 37 , set() , {'xL5J', 'xL27J', 'xL16J'}
| +-- , 39 , set() , {'xL23J', 'xL17J', 'xL33J', 'xL32J', 'xL30J'}
| +-- , 41 , set() , {'xL23J', 'xL11J', 'xL18J'}
| +-- , 43 , set() , {'xL37J', 'xL24J'}
| +-- , 45 , set() , {'xL9J', 'xL0J', 'xL4J'}


Max number of edges with non zero Y: 15
Max number of iterations of outer rounding loop: 6
Max number of candidate sets: 2
Time spent rounding: 10.214
Time spent solving Separator LP: 0.300
Total time spent solving: 12.983

LP Solver: GaifmanNormal
Lower Bound Witness = ({'xL19J', 'xL7J', 'xL39J', 'xL29J', 'xL13J', 'xL26J', 'xL38J', 'xL3J', 'xL18J', 'xL8J', 'xL34J', 'xL15J', 'xL5J', 'xL12J', 'xL30J', 'xL1J', 'xL21J', 'xL35J', 'xL14J', 'xL16J', 'xL2J', 'xL25J', 'xL10J', 'xL9J', 'xL22J', 'xL28J', 'xL6J', 'xL33J', 'xL27J', 'xL31J'}, {'xL10J', 'xL18J', 'xL8J', 'xL9J', 'xL22J', 'xL15J', 'xL7J', 'xL33J', 'xL5J', 'xL13J', 'xL30J', 'xL38J'})