12, 0, 8.333333333333334, 10
+-- , 6 , {8, 25, 4} , {'33', '13', '30', '11', '26', '4', '42', '17', '6', '0', '39', '8', '47', '29', '7', '56', '19', '46', '22', '37', '48', '34', '16', '50', '54', '52', '23', '3', '28', '36', '15', '27', '21', '41', '18', '44', '38', '51', '53', '35', '49', '2'}
| +-- , 8 , {11} , {'33', '13', '30', '11', '26', '4', '1', '42', '17', '6', '0', '39', '8', '47', '29', '7', '19', '46', '22', '37', '48', '34', '16', '54', '52', '23', '3', '28', '36', '15', '27', '21', '41', '20', '18', '44', '38', '51', '53', '35', '49', '2'}
| | +-- , 11 , {21, 23, 13} , {'33', '13', '30', '11', '26', '16', '52', '4', '23', '14', '1', '42', '3', '17', '6', '0', '39', '28', '15', '8', '27', '29', '7', '21', '41', '19', '46', '20', '18', '44', '22', '38', '37', '51', '53', '35', '48', '49', '2', '34'}
| | | +-- , 21 , set() , {'13', '30', '27', '1', '26', '42', '44', '38', '37', '51', '41', '39', '34', '12', '14'}
| | | +-- , 23 , set() , {'13', '30', '16', '52', '23', '14', '1', '42', '32', '6', '0', '28', '8', '27', '7', '21', '41', '44', '38', '49', '2'}
| | | +-- , 13 , {19, 15} , {'33', '30', '11', '26', '16', '25', '4', '14', '1', '3', '17', '6', '0', '39', '28', '15', '8', '27', '29', '7', '21', '41', '19', '20', '18', '44', '22', '37', '51', '53', '35', '48', '49', '34'}
| | | | +-- , 19 , set() , {'33', '26', '16', '25', '4', '14', '1', '24', '6', '39', '27', '29', '7', '21', '19', '44', '22', '51', '53', '35', '49', '34'}
| | | | +-- , 15 , {17} , {'30', '11', '7', '21', '16', '25', '31', '4', '19', '14', '20', '55', '18', '8', '3', '22', '51', '0', '35', '39', '48', '28', '15'}
| | | | | +-- , 17 , set() , {'18', '11', '7', '22', '3', '21', '35', '31', '15', '40', '20', '8'}
| +-- , 25 , set() , {'27', '11', '42', '26', '22', '38', '17', '3', '16', '36', '5', '48', '19', '28', '52', '49', '50', '46'}
| +-- , 4 , {0} , {'33', '13', '30', '26', '4', '17', '6', '0', '39', '8', '47', '29', '7', '56', '19', '22', '37', '48', '34', '16', '50', '54', '52', '23', '3', '28', '45', '36', '15', '27', '21', '41', '18', '44', '38', '51', '53', '35', '49', '2'}
| | +-- , 0 , set() , {'33', '13', '30', '26', '17', '6', '0', '39', '8', '47', '29', '7', '56', '19', '22', '10', '37', '48', '34', '16', '50', '54', '52', '23', '3', '28', '9', '36', '45', '15', '27', '21', '41', '43', '18', '44', '38', '51', '53', '35', '49', '2'}


Max number of edges with non zero Y: 36
Max number of iterations of outer rounding loop: 6
Max number of candidate sets: 2
Time spent rounding: 4.754
Time spent solving Separator LP: 0.041
Total time spent solving: 6.095

LP Solver: gammaPlusFractionalCoverHeuristic
Number of Rounding Attemps: 16
Lower Bound Witness = ({'33', '13', '30', '11', '26', '16', '25', '50', '5', '54', '40', '4', '52', '23', '14', '1', '42', '3', '17', '24', '32', '6', '0', '39', '28', '9', '36', '45', '12', '15', '8', '27', '47', '29', '7', '56', '21', '41', '31', '19', '46', '20', '55', '43', '18', '44', '22', '38', '10', '37', '51', '53', '35', '48', '49', '2', '34'}, {'33', '30', '23', '20', '15'})