18, 2.7969467622691817, 10.0, 11
+-- , 0 , {5} , {'xL12J', 'xL5J', 'xL17J', 'xL35J', 'xL16J', 'xL0J', 'xL14J', 'xL7J', 'xL6J', 'xL29J', 'xL13J', 'xL10J', 'xL37J', 'xL28J', 'xL18J', 'xL2J', 'xL19J', 'xL31J'}
| +-- , 5 , {9, 41} , {'xL12J', 'xL5J', 'xL0J', 'xL35J', 'xL17J', 'xL16J', 'xL7J', 'xL6J', 'xL29J', 'xL10J', 'xL19J', 'xL37J', 'xL9J', 'xL18J', 'xL15J', 'xL26J', 'xL2J', 'xL31J', 'xL28J', 'xL25J'}
| | +-- , 9 , {13, 39} , {'xL12J', 'xL5J', 'xL0J', 'xL35J', 'xL17J', 'xL16J', 'xL7J', 'xL3J', 'xL29J', 'xL10J', 'xL19J', 'xL28J', 'xL37J', 'xL9J', 'xL18J', 'xL15J', 'xL26J', 'xL2J', 'xL1J', 'xL25J'}
| | | +-- , 13 , {35, 37, 15} , {'xL12J', 'xL0J', 'xL35J', 'xL3J', 'xL29J', 'xL9J', 'xL18J', 'xL15J', 'xL28J', 'xL25J', 'xL10J', 'xL5J', 'xL17J', 'xL16J', 'xL7J', 'xL27J', 'xL37J', 'xL26J', 'xL2J', 'xL1J'}
| | | | +-- , 35 , set() , {'xL16J', 'xL38J', 'xL27J'}
| | | | +-- , 37 , set() , {'xL17J', 'xL4J', 'xL27J'}
| | | | +-- , 15 , {17} , {'xL12J', 'xL0J', 'xL35J', 'xL3J', 'xL29J', 'xL9J', 'xL18J', 'xL15J', 'xL28J', 'xL25J', 'xL10J', 'xL5J', 'xL17J', 'xL7J', 'xL27J', 'xL37J', 'xL20J', 'xL26J', 'xL2J', 'xL1J'}
| | | | | +-- , 17 , {33, 19, 21} , {'xL12J', 'xL0J', 'xL35J', 'xL39J', 'xL3J', 'xL29J', 'xL9J', 'xL18J', 'xL15J', 'xL28J', 'xL25J', 'xL10J', 'xL5J', 'xL17J', 'xL7J', 'xL27J', 'xL37J', 'xL20J', 'xL26J', 'xL1J'}
| | | | | | +-- , 33 , set() , {'xL35J', 'xL0J', 'xL39J', 'xL11J', 'xL15J', 'xL3J'}
| | | | | | +-- , 19 , set() , {'xL18J', 'xL8J', 'xL28J', 'xL39J'}
| | | | | | +-- , 21 , {23, 27, 29, 31} , {'xL12J', 'xL5J', 'xL0J', 'xL35J', 'xL17J', 'xL39J', 'xL7J', 'xL30J', 'xL1J', 'xL3J', 'xL29J', 'xL25J', 'xL37J', 'xL9J', 'xL20J', 'xL15J', 'xL26J', 'xL28J', 'xL10J'}
| | | | | | | +-- , 23 , {25} , {'xL32J', 'xL0J', 'xL39J', 'xL9J', 'xL30J', 'xL20J', 'xL3J', 'xL28J'}
| | | | | | | | +-- , 25 , set() , {'xL32J', 'xL22J', 'xL39J', 'xL9J', 'xL3J', 'xL24J'}
| | | | | | | +-- , 27 , set() , {'xL26J', 'xL30J', 'xL33J', 'xL25J'}
| | | | | | | +-- , 29 , set() , {'xL12J', 'xL28J', 'xL9J', 'xL30J', 'xL36J', 'xL1J', 'xL10J'}
| | | | | | | +-- , 31 , set() , {'xL12J', 'xL29J', 'xL17J', 'xL35J', 'xL7J', 'xL39J', 'xL30J', 'xL21J'}
| | | +-- , 39 , set() , {'xL9J', 'xL34J', 'xL3J'}
| | +-- , 41 , set() , {'xL23J', 'xL25J'}


Max number of edges with non zero Y: 31
Max number of iterations of outer rounding loop: 9
Max number of candidate sets: 2
Time spent rounding: 73.488
Time spent solving Separator LP: 2.708

LP Solver: GaifmanNormal