10, 0, 9.333333333333334, 10
+-- , 12 , {20, 10, 14} , {'47', '33', '27', '32', '25', '11', '30', '34', '23', '42', '2', '37', '35', '10', '8', '58', '20', '41', '26', '17', '46', '40'}
| +-- , 20 , set() , {'47', '31', '41', '34', '28', '25', '46'}
| +-- , 10 , {7} , {'47', '32', '27', '19', '25', '11', '55', '18', '30', '34', '56', '23', '2', '37', '35', '10', '8', '58', '20', '41', '26', '17', '40'}
| | +-- , 7 , {5} , {'47', '32', '27', '24', '19', '25', '48', '15', '11', '55', '18', '30', '34', '56', '6', '23', '37', '2', '44', '35', '10', '8', '58', '20', '41', '17', '26'}
| | | +-- , 5 , {0} , {'47', '32', '27', '24', '19', '25', '15', '55', '18', '29', '30', '34', '56', '51', '6', '45', '23', '2', '37', '44', '35', '10', '8', '58', '20', '41', '26'}
| | | | +-- , 0 , {22} , {'32', '27', '19', '25', '16', '15', '53', '55', '18', '29', '22', '30', '34', '1', '51', '56', '6', '45', '23', '9', '37', '2', '44', '21', '43', '35', '5', '10', '8', '20', '41', '57', '4', '26'}
| | | | | +-- , 22 , set() , {'27', '3', '29', '30', '6'}
| +-- , 14 , {16, 18} , {'12', '33', '27', '32', '47', '54', '35', '0', '7', '11', '52', '10', '8', '58', '20', '30', '46', '23', '2', '26', '37'}
| | +-- , 16 , set() , {'47', '14', '7', '39', '2'}
| | +-- , 18 , set() , {'13', '30', '20', '0'}


Max number of edges with non zero Y: 17
Max number of iterations of outer rounding loop: 1
Max number of candidate sets: 2
Time spent rounding: 0.549
Time spent solving Separator LP: 0.014
Total time spent solving: 1.081

LP Solver: gammaPlusFractionalCoverHeuristic
Number of Rounding Attemps: 16
Lower Bound Witness = ({'12', '33', '27', '32', '47', '3', '24', '39', '19', '25', '16', '48', '54', '15', '0', '53', '11', '31', '55', '18', '13', '29', '22', '30', '34', '1', '56', '51', '45', '6', '23', '9', '42', '2', '37', '44', '21', '43', '35', '5', '7', '52', '10', '8', '14', '58', '20', '41', '26', '28', '17', '57', '46', '4', '40'}, {'32', '29', '6', '23', '9'})