19, 1.0, 1.0, 1
+-- , 0 , {5, 7, 9, 11, 13, 15, 17, 19, 21, 23, 25, 27, 29, 31, 33, 35, 37, 39} , {'X2', 'X0', 'X3'}
| +-- , 5 , set() , {'X6', 'X0', 'X5'}
| +-- , 7 , set() , {'X9', 'X0', 'X8'}
| +-- , 9 , set() , {'X12', 'X11', 'X0'}
| +-- , 11 , set() , {'X14', 'X0', 'X15'}
| +-- , 13 , set() , {'X18', 'X17', 'X0'}
| +-- , 15 , set() , {'X0', 'X20', 'X21'}
| +-- , 17 , set() , {'X24', 'X0', 'X23'}
| +-- , 19 , set() , {'X26', 'X0', 'X27'}
| +-- , 21 , set() , {'X29', 'X30', 'X0'}
| +-- , 23 , set() , {'X33', 'X0', 'X32'}
| +-- , 25 , set() , {'X36', 'X0', 'X35'}
| +-- , 27 , set() , {'X38', 'X0', 'X39'}
| +-- , 29 , set() , {'X42', 'X0', 'X41'}
| +-- , 31 , set() , {'X45', 'X44', 'X0'}
| +-- , 33 , set() , {'X48', 'X0', 'X47'}
| +-- , 35 , set() , {'X50', 'X0', 'X51'}
| +-- , 37 , set() , {'X53', 'X54', 'X0'}
| +-- , 39 , set() , {'X57', 'X0', 'X56'}


Max number of edges with non zero Y: 1
Max number of iterations of outer rounding loop: 0
Max number of candidate sets: 0
Time spent rounding: 0.000
Time spent solving Separator LP: 0.026

LP Solver: GaifmanNormalILP