14, 0, 6.5, 8
+-- , 11 , {9} , {'73', '51', '1', '23', '45', '56', '0'}
| +-- , 9 , {5, 15} , {'51', '14', '18', '41', '52', '59', '10', '27', '26', '67', '22', '17', '46', '30', '0', '4', '54', '1', '29', '19', '48', '23', '56', '12', '28', '39'}
| | +-- , 5 , {3} , {'51', '18', '41', '52', '59', '10', '27', '67', '22', '46', '30', '0', '4', '54', '1', '29', '19', '48', '42', '23', '49', '12', '28', '39'}
| | | +-- , 3 , {0} , {'51', '18', '41', '52', '59', '27', '67', '22', '46', '30', '0', '4', '1', '29', '19', '8', '48', '12', '28', '39'}
| | | | +-- , 0 , {30} , {'51', '18', '41', '12', '52', '59', '29', '19', '46', '27', '0', '48', '39', '67', '2', '70', '30', '22', '57'}
| | | | | +-- , 30 , {32} , {'53', '51', '18', '41', '12', '52', '15', '59', '19', '46', '34', '48', '39', '16', '22', '2', '9', '70', '0', '33'}
| | | | | | +-- , 32 , set() , {'53', '48', '64', '41', '12', '70', '22'}
| | +-- , 15 , {18, 20} , {'25', '51', '14', '18', '41', '52', '10', '26', '67', '11', '17', '22', '46', '30', '0', '4', '1', '20', '29', '19', '48', '23', '56', '65', '12', '28', '39'}
| | | +-- , 18 , set() , {'55', '4', '65', '24', '20', '46', '61'}
| | | +-- , 20 , {28, 22} , {'25', '51', '14', '18', '41', '52', '10', '40', '26', '11', '17', '22', '46', '30', '1', '60', '20', '29', '19', '48', '23', '56', '21', '36', '12', '28', '39'}
| | | | +-- , 28 , set() , {'40', '60', '66', '17', '56', '36', '13', '28'}
| | | | +-- , 22 , {24} , {'25', '51', '14', '41', '52', '10', '43', '26', '11', '22', '30', '1', '60', '29', '19', '48', '6', '23', '37', '21', '36', '28', '3', '39'}
| | | | | +-- , 24 , {26} , {'25', '71', '69', '51', '14', '41', '52', '62', '29', '19', '10', '7', '43', '48', '26', '39', '68', '11', '35', '37', '21', '36', '30', '28', '3', '22', '32'}
| | | | | | +-- , 26 , set() , {'72', '71', '5', '14', '35', '21', '31', '28'}


Max number of edges with non zero Y: 18
Max number of iterations of outer rounding loop: 6
Max number of candidate sets: 2
Time spent rounding: 3.671
Time spent solving Separator LP: 0.030
Total time spent solving: 4.913

LP Solver: gammaPlusFractionalCoverHeuristic
Number of Rounding Attemps: 16
Lower Bound Witness = ({'25', '53', '71', '69', '51', '66', '14', '18', '41', '12', '24', '52', '62', '59', '10', '27', '43', '34', '40', '26', '67', '57', '16', '11', '22', '17', '46', '70', '30', '31', '13', '0', '9', '33', '61', '72', '55', '4', '54', '1', '5', '60', '45', '20', '15', '29', '19', '7', '73', '8', '48', '42', '6', '68', '23', '2', '64', '56', '35', '37', '21', '65', '36', '49', '28', '3', '39', '32'}, {'1', '37', '29', '39', '33'})