31, 1.3888888888888888, 5.0, 5
+-- , 0 , {34, 5} , {'xL5JL6J', 'xL6JL7J', 'xL6JL5J', 'xL5JL2J', 'xL4JL2J', 'xL3JL2J', 'xL3JL6J', 'xL6JL2J', 'xL2JL2J', 'xL6JL6J', 'xL3JL5J'}
| +-- , 34 , {36} , {'xL3JL6J', 'xL5JL6J', 'xL6JL7J', 'xL5JL8J', 'xL3JL5J', 'xL5JL7J', 'xL3JL7J'}
| | +-- , 36 , {38} , {'xL6JL7J', 'xL4JL7J', 'xL5JL8J', 'xL7JL7J', 'xL5JL7J', 'xL3JL7J'}
| | | +-- , 38 , {40} , {'xL7JL7J', 'xL4JL8J', 'xL5JL8J', 'xL4JL7J'}
| | | | +-- , 40 , {42} , {'xL4JL7J', 'xL7JL7J', 'xL4JL8J', 'xL7JL8J', 'xL4JL9J', 'xL7JL9J'}
| | | | | +-- , 42 , {44} , {'xL3JL9J', 'xL1JL9J', 'xL2JL9J', 'xL7JL8J', 'xL4JL9J', 'xL7JL9J'}
| | | | | | +-- , 44 , {48, 59} , {'xL5JL11J', 'xL5JL13J', 'xL4JL11J', 'xL3JL9J', 'xL1JL9J', 'xL2JL9J', 'xL5JL10J', 'xL7JL8J', 'xL5JL12J', 'xL7JL9J'}
| | | | | | | +-- , 48 , {50} , {'xL5JL11J', 'xL2JL11J', 'xL3JL11J', 'xL4JL11J', 'xL2JL9J', 'xL1JL9J', 'xL3JL9J'}
| | | | | | | | +-- , 50 , {57, 53} , {'xL2JL10J', 'xL2JL11J', 'xL3JL10J', 'xL2JL12J', 'xL3JL11J', 'xL3JL9J', 'xL1JL9J', 'xL2JL9J', 'xL2JL13J'}
| | | | | | | | | +-- , 57 , set() , {'xL1JL9J', 'xL3JL10J', 'xL2JL10J', 'xL1JL10J'}
| | | | | | | | | +-- , 53 , {55} , {'xL2JL13J', 'xL1JL13J', 'xL2JL12J'}
| | | | | | | | | | +-- , 55 , set() , {'xL2JL12J', 'xL1JL12J', 'xL1JL13J'}
| | | | | | | +-- , 59 , {61} , {'xL5JL13J', 'xL4JL11J', 'xL5JL10J', 'xL7JL8J', 'xL5JL12J', 'xL7JL9J', 'xL4JL12J'}
| | | | | | | | +-- , 61 , {63} , {'xL6JL12J', 'xL5JL13J', 'xL5JL10J', 'xL7JL8J', 'xL8JL12J', 'xL7JL12J', 'xL5JL12J', 'xL7JL9J', 'xL4JL12J'}
| | | | | | | | | +-- , 63 , {66, 68} , {'xL9JL9J', 'xL6JL12J', 'xL5JL13J', 'xL8JL8J', 'xL5JL10J', 'xL8JL9J', 'xL7JL8J', 'xL8JL12J', 'xL7JL12J', 'xL7JL9J', 'xL6JL9J'}
| | | | | | | | | | +-- , 66 , set() , {'xL5JL10J', 'xL6JL10J', 'xL6JL9J'}
| | | | | | | | | | +-- , 68 , {70} , {'xL7JL13J', 'xL9JL9J', 'xL8JL11J', 'xL6JL12J', 'xL9JL11J', 'xL6JL13J', 'xL5JL13J', 'xL8JL10J', 'xL8JL8J', 'xL8JL9J', 'xL9JL10J', 'xL8JL12J', 'xL7JL12J'}
| | | | | | | | | | | +-- , 70 , set() , {'xL7JL13J', 'xL8JL11J', 'xL9JL11J', 'xL7JL12J', 'xL7JL11J'}
| +-- , 5 , {7} , {'xL6JL5J', 'xL5JL2J', 'xL4JL2J', 'xL3JL2J', 'xL7JL5J', 'xL3JL6J', 'xL9JL5J', 'xL6JL2J', 'xL8JL5J', 'xL2JL2J', 'xL3JL5J'}
| | +-- , 7 , {9, 21} , {'xL3JL6J', 'xL5JL3J', 'xL9JL5J', 'xL6JL2J', 'xL8JL5J', 'xL2JL2J', 'xL5JL2J', 'xL4JL2J', 'xL3JL2J', 'xL3JL5J', 'xL7JL5J'}
| | | +-- , 9 , {11} , {'xL7JL3J', 'xL5JL3J', 'xL9JL5J', 'xL6JL2J', 'xL6JL3J', 'xL8JL3J', 'xL8JL5J', 'xL7JL5J'}
| | | | +-- , 11 , {13} , {'xL7JL3J', 'xL9JL5J', 'xL8JL3J', 'xL8JL5J', 'xL7JL4J', 'xL7JL5J'}
| | | | | +-- , 13 , {17, 15} , {'xL9JL5J', 'xL8JL3J', 'xL8JL1J', 'xL8JL5J', 'xL8JL4J', 'xL7JL4J', 'xL8JL2J'}
| | | | | | +-- , 17 , {19} , {'xL9JL2J', 'xL8JL2J', 'xL8JL1J'}
| | | | | | | +-- , 19 , set() , {'xL9JL1J', 'xL9JL2J', 'xL8JL1J'}
| | | | | | +-- , 15 , set() , {'xL9JL5J', 'xL8JL4J', 'xL9JL4J', 'xL7JL4J'}
| | | +-- , 21 , {23} , {'xL3JL6J', 'xL5JL3J', 'xL2JL2J', 'xL5JL4J', 'xL5JL2J', 'xL5JL1J', 'xL3JL2J', 'xL3JL5J', 'xL4JL2J'}
| | | | +-- , 23 , {28, 30} , {'xL1JL4J', 'xL2JL4J', 'xL5JL4J', 'xL4JL2J', 'xL1JL5J', 'xL3JL2J', 'xL2JL5J', 'xL3JL6J', 'xL4JL5J', 'xL2JL2J', 'xL5JL1J', 'xL3JL5J'}
| | | | | +-- , 28 , set() , {'xL5JL4J', 'xL4JL4J', 'xL4JL5J'}
| | | | | +-- , 30 , {32} , {'xL1JL4J', 'xL3JL1J', 'xL2JL4J', 'xL1JL5J', 'xL4JL2J', 'xL3JL2J', 'xL4JL1J', 'xL2JL5J', 'xL3JL6J', 'xL2JL6J', 'xL2JL2J', 'xL5JL1J'}
| | | | | | +-- , 32 , set() , {'xL1JL4J', 'xL2JL3J', 'xL3JL1J', 'xL2JL4J', 'xL2JL6J', 'xL2JL2J', 'xL1JL5J', 'xL1JL3J', 'xL3JL2J', 'xL3JL3J', 'xL2JL5J'}


Max number of edges with non zero Y: 6
Max number of iterations of outer rounding loop: 3
Max number of candidate sets: 2
Time spent rounding: 12.315
Time spent solving Separator LP: 0.331
Total time spent solving: 16.254

LP Solver: GaifmanBoosted
Lower Bound Witness = ({'xL8JL1J', 'xL4JL8J', 'xL3JL6J', 'xL2JL3J', 'xL7JL7J', 'xL8JL10J', 'xL1JL13J', 'xL7JL13J', 'xL2JL12J', 'xL6JL13J', 'xL4JL11J', 'xL9JL10J', 'xL7JL4J', 'xL6JL9J', 'xL9JL9J', 'xL1JL10J', 'xL6JL6J', 'xL8JL12J', 'xL7JL9J', 'xL6JL5J', 'xL6JL3J', 'xL8JL8J', 'xL3JL9J', 'xL5JL7J', 'xL4JL1J', 'xL4JL12J', 'xL5JL11J', 'xL5JL10J', 'xL7JL11J', 'xL8JL2J', 'xL1JL4J', 'xL5JL6J', 'xL2JL9J', 'xL1JL3J', 'xL5JL1J', 'xL7JL3J', 'xL3JL10J', 'xL1JL5J', 'xL2JL13J', 'xL9JL5J', 'xL5JL13J', 'xL8JL5J', 'xL9JL2J', 'xL4JL9J', 'xL3JL3J', 'xL9JL1J', 'xL3JL1J', 'xL3JL11J', 'xL5JL2J', 'xL9JL4J', 'xL2JL4J', 'xL5JL8J', 'xL1JL9J', 'xL4JL2J', 'xL8JL9J', 'xL6JL10J', 'xL8JL11J', 'xL6JL12J', 'xL5JL3J', 'xL4JL5J', 'xL2JL6J', 'xL8JL4J', 'xL3JL5J', 'xL5JL12J', 'xL1JL12J', 'xL3JL7J', 'xL4JL4J', 'xL6JL7J', 'xL5JL4J', 'xL3JL2J', 'xL7JL8J', 'xL7JL5J', 'xL7JL12J', 'xL2JL5J', 'xL2JL10J', 'xL2JL11J', 'xL9JL11J', 'xL4JL7J', 'xL6JL2J', 'xL8JL3J', 'xL2JL2J'}, {'xL7JL13J', 'xL8JL10J', 'xL4JL2J', 'xL7JL5J', 'xL8JL2J'})