50, 1.7024793388429753, 8.0, 8
+-- , 0 , {3, 99, 38} , {'xL8JL6J', 'xL12JL5J', 'xL7JL6J', 'xL8JL5J', 'xL7JL7J', 'xL1JL7J', 'xL5JL5J', 'xL10JL5J', 'xL3JL4J', 'xL5JL4J', 'xL7JL5J', 'xL4JL5J', 'xL3JL7J', 'xL3JL9J', 'xL2JL7J', 'xL3JL5J', 'xL4JL4J', 'xL2JL4J', 'xL8JL4J', 'xL12JL6J'}
| +-- , 3 , {5} , {'xL10JL4J', 'xL8JL6J', 'xL12JL5J', 'xL12JL4J', 'xL7JL6J', 'xL8JL5J', 'xL8JL3J', 'xL7JL7J', 'xL5JL5J', 'xL10JL5J', 'xL8JL2J', 'xL7JL4J', 'xL5JL4J', 'xL7JL5J', 'xL4JL5J', 'xL8JL1J', 'xL4JL4J', 'xL2JL4J', 'xL10JL3J', 'xL8JL4J', 'xL12JL6J'}
| | +-- , 5 , {7} , {'xL10JL4J', 'xL12JL4J', 'xL8JL3J', 'xL5JL5J', 'xL8JL2J', 'xL7JL4J', 'xL9JL4J', 'xL5JL4J', 'xL8JL1J', 'xL4JL5J', 'xL4JL4J', 'xL10JL3J', 'xL2JL4J', 'xL8JL4J'}
| | | +-- , 7 , {9} , {'xL12JL4J', 'xL8JL3J', 'xL5JL5J', 'xL8JL2J', 'xL14JL4J', 'xL15JL4J', 'xL9JL4J', 'xL5JL4J', 'xL13JL4J', 'xL8JL1J', 'xL4JL5J', 'xL4JL4J', 'xL10JL3J', 'xL2JL4J'}
| | | | +-- , 9 , {11, 22} , {'xL9JL3J', 'xL8JL3J', 'xL5JL5J', 'xL8JL2J', 'xL14JL4J', 'xL15JL4J', 'xL9JL4J', 'xL5JL4J', 'xL13JL4J', 'xL8JL1J', 'xL4JL5J', 'xL9JL2J', 'xL4JL4J', 'xL10JL3J', 'xL2JL4J'}
| | | | | +-- , 11 , {13} , {'xL14JL4J', 'xL15JL4J', 'xL9JL3J', 'xL13JL4J', 'xL8JL3J', 'xL11JL3J', 'xL10JL3J'}
| | | | | | +-- , 13 , {15} , {'xL14JL4J', 'xL15JL4J', 'xL13JL4J', 'xL11JL1J', 'xL11JL3J', 'xL11JL2J'}
| | | | | | | +-- , 15 , {18} , {'xL14JL4J', 'xL15JL4J', 'xL12JL1J', 'xL13JL4J', 'xL11JL1J', 'xL13JL1J', 'xL12JL2J', 'xL14JL2J', 'xL11JL2J', 'xL13JL2J'}
| | | | | | | | +-- , 18 , {20} , {'xL14JL4J', 'xL15JL4J', 'xL13JL4J', 'xL13JL1J', 'xL13JL3J', 'xL14JL2J', 'xL14JL3J', 'xL14JL5J', 'xL13JL2J'}
| | | | | | | | | +-- , 20 , set() , {'xL15JL4J', 'xL15JL5J', 'xL13JL3J', 'xL14JL3J', 'xL14JL5J', 'xL15JL3J'}
| | | | | +-- , 22 , {24} , {'xL7JL1J', 'xL6JL1J', 'xL5JL5J', 'xL8JL2J', 'xL5JL4J', 'xL8JL1J', 'xL4JL5J', 'xL9JL2J', 'xL4JL4J', 'xL6JL2J', 'xL2JL4J', 'xL7JL2J'}
| | | | | | +-- , 24 , {26} , {'xL5JL4J', 'xL4JL5J', 'xL6JL3J', 'xL4JL4J', 'xL6JL2J', 'xL2JL4J', 'xL6JL1J', 'xL5JL5J'}
| | | | | | | +-- , 26 , {28} , {'xL5JL4J', 'xL4JL5J', 'xL6JL3J', 'xL5JL3J', 'xL4JL3J', 'xL4JL4J', 'xL2JL4J', 'xL5JL5J'}
| | | | | | | | +-- , 28 , {30} , {'xL4JL2J', 'xL2JL1J', 'xL4JL5J', 'xL4JL3J', 'xL4JL4J', 'xL2JL4J', 'xL2JL3J', 'xL2JL2J'}
| | | | | | | | | +-- , 30 , {32} , {'xL3JL2J', 'xL4JL2J', 'xL2JL1J', 'xL2JL3J', 'xL2JL2J', 'xL1JL2J'}
| | | | | | | | | | +-- , 32 , {34, 36} , {'xL3JL2J', 'xL2JL1J', 'xL2JL3J', 'xL1JL2J', 'xL1JL1J'}
| | | | | | | | | | | +-- , 34 , set() , {'xL3JL2J', 'xL1JL1J', 'xL2JL1J', 'xL3JL1J'}
| | | | | | | | | | | +-- , 36 , set() , {'xL1JL3J', 'xL1JL1J', 'xL2JL3J', 'xL1JL2J'}
| +-- , 99 , {101} , {'xL3JL4J', 'xL3JL7J', 'xL3JL9J', 'xL2JL7J', 'xL3JL5J', 'xL3JL6J', 'xL1JL7J'}
| | +-- , 101 , {103} , {'xL2JL6J', 'xL3JL9J', 'xL1JL6J', 'xL2JL7J', 'xL3JL6J', 'xL1JL7J'}
| | | +-- , 103 , set() , {'xL2JL6J', 'xL2JL8J', 'xL2JL9J', 'xL1JL8J', 'xL1JL6J', 'xL3JL9J', 'xL2JL7J', 'xL1JL7J', 'xL1JL9J'}
| +-- , 38 , {40} , {'xL8JL6J', 'xL12JL5J', 'xL4JL7J', 'xL7JL6J', 'xL3JL10J', 'xL8JL5J', 'xL7JL7J', 'xL1JL7J', 'xL5JL5J', 'xL10JL5J', 'xL6JL7J', 'xL7JL5J', 'xL4JL5J', 'xL3JL7J', 'xL6JL5J', 'xL3JL9J', 'xL2JL7J', 'xL3JL5J', 'xL9JL6J', 'xL5JL7J', 'xL12JL6J', 'xL6JL6J'}
| | +-- , 40 , {42} , {'xL12JL5J', 'xL4JL7J', 'xL3JL10J', 'xL5JL10J', 'xL10JL5J', 'xL6JL7J', 'xL6JL5J', 'xL4JL10J', 'xL9JL6J', 'xL5JL7J', 'xL12JL6J', 'xL6JL6J'}
| | | +-- , 42 , {44} , {'xL6JL9J', 'xL12JL5J', 'xL4JL7J', 'xL5JL10J', 'xL6JL8J', 'xL9JL7J', 'xL10JL5J', 'xL11JL5J', 'xL6JL7J', 'xL11JL6J', 'xL6JL5J', 'xL4JL10J', 'xL13JL6J', 'xL9JL6J', 'xL5JL7J', 'xL12JL6J', 'xL6JL6J'}
| | | | +-- , 44 , {46} , {'xL6JL9J', 'xL10JL7J', 'xL4JL7J', 'xL11JL8J', 'xL5JL10J', 'xL13JL7J', 'xL6JL8J', 'xL9JL7J', 'xL11JL5J', 'xL11JL6J', 'xL11JL7J', 'xL4JL10J', 'xL13JL6J', 'xL11JL9J', 'xL5JL7J'}
| | | | | +-- , 46 , {48} , {'xL6JL9J', 'xL10JL7J', 'xL4JL7J', 'xL11JL8J', 'xL5JL10J', 'xL13JL7J', 'xL6JL8J', 'xL10JL11J', 'xL10JL8J', 'xL10JL10J', 'xL4JL10J', 'xL11JL9J', 'xL10JL9J', 'xL5JL7J'}
| | | | | | +-- , 48 , {50} , {'xL6JL9J', 'xL4JL7J', 'xL11JL8J', 'xL5JL10J', 'xL13JL7J', 'xL6JL8J', 'xL14JL7J', 'xL10JL11J', 'xL10JL8J', 'xL10JL10J', 'xL4JL10J', 'xL11JL9J', 'xL10JL9J', 'xL5JL7J', 'xL15JL7J'}
| | | | | | | +-- , 50 , {53} , {'xL6JL9J', 'xL9JL9J', 'xL4JL7J', 'xL11JL8J', 'xL5JL10J', 'xL6JL8J', 'xL14JL7J', 'xL10JL11J', 'xL14JL9J', 'xL10JL8J', 'xL15JL9J', 'xL13JL9J', 'xL12JL8J', 'xL10JL10J', 'xL4JL10J', 'xL11JL9J', 'xL10JL9J', 'xL12JL9J', 'xL5JL7J', 'xL15JL7J'}
| | | | | | | | +-- , 53 , {56, 97} , {'xL6JL9J', 'xL4JL12J', 'xL9JL9J', 'xL4JL7J', 'xL5JL10J', 'xL6JL8J', 'xL14JL7J', 'xL10JL11J', 'xL14JL9J', 'xL15JL9J', 'xL13JL9J', 'xL4JL11J', 'xL10JL10J', 'xL4JL10J', 'xL5JL8J', 'xL5JL7J', 'xL5JL11J', 'xL15JL7J', 'xL5JL9J'}
| | | | | | | | | +-- , 56 , {58} , {'xL6JL9J', 'xL4JL12J', 'xL9JL9J', 'xL14JL7J', 'xL10JL11J', 'xL14JL9J', 'xL15JL9J', 'xL13JL9J', 'xL7JL9J', 'xL4JL11J', 'xL10JL10J', 'xL5JL9J', 'xL5JL11J', 'xL15JL7J'}
| | | | | | | | | | +-- , 58 , {60} , {'xL2JL12J', 'xL4JL12J', 'xL9JL9J', 'xL6JL11J', 'xL1JL12J', 'xL14JL7J', 'xL10JL11J', 'xL14JL9J', 'xL15JL9J', 'xL13JL9J', 'xL7JL9J', 'xL4JL11J', 'xL10JL10J', 'xL3JL12J', 'xL5JL11J', 'xL15JL7J', 'xL7JL10J'}
| | | | | | | | | | | +-- , 60 , {62} , {'xL9JL9J', 'xL6JL11J', 'xL1JL12J', 'xL14JL7J', 'xL6JL13J', 'xL6JL12J', 'xL11JL11J', 'xL10JL10J', 'xL12JL11J', 'xL7JL10J', 'xL2JL12J', 'xL13JL11J', 'xL8JL10J', 'xL9JL10J', 'xL10JL11J', 'xL8JL11J', 'xL14JL9J', 'xL9JL11J', 'xL15JL9J', 'xL13JL9J', 'xL3JL12J', 'xL15JL7J'}
| | | | | | | | | | | | +-- , 62 , {64, 66} , {'xL2JL12J', 'xL9JL9J', 'xL13JL11J', 'xL1JL12J', 'xL8JL10J', 'xL9JL10J', 'xL14JL7J', 'xL15JL10J', 'xL6JL13J', 'xL9JL11J', 'xL6JL12J', 'xL8JL11J', 'xL14JL9J', 'xL15JL9J', 'xL13JL9J', 'xL11JL11J', 'xL12JL11J', 'xL3JL12J', 'xL15JL7J', 'xL14JL10J'}
| | | | | | | | | | | | | +-- , 64 , set() , {'xL15JL8J', 'xL14JL8J', 'xL14JL9J', 'xL14JL7J', 'xL15JL10J', 'xL15JL7J', 'xL14JL10J', 'xL15JL9J'}
| | | | | | | | | | | | | +-- , 66 , {68} , {'xL2JL12J', 'xL9JL9J', 'xL13JL11J', 'xL8JL10J', 'xL1JL12J', 'xL9JL10J', 'xL9JL11J', 'xL8JL11J', 'xL15JL10J', 'xL6JL13J', 'xL6JL12J', 'xL13JL9J', 'xL11JL11J', 'xL12JL11J', 'xL3JL12J', 'xL13JL10J', 'xL14JL10J'}
| | | | | | | | | | | | | | +-- , 68 , {70} , {'xL2JL12J', 'xL9JL9J', 'xL13JL11J', 'xL8JL10J', 'xL1JL12J', 'xL9JL10J', 'xL9JL11J', 'xL8JL11J', 'xL6JL13J', 'xL6JL12J', 'xL13JL9J', 'xL11JL11J', 'xL13JL12J', 'xL12JL11J', 'xL3JL12J', 'xL13JL10J'}
| | | | | | | | | | | | | | | +-- , 70 , {72} , {'xL2JL12J', 'xL9JL9J', 'xL8JL14J', 'xL1JL12J', 'xL8JL10J', 'xL9JL10J', 'xL8JL15J', 'xL9JL11J', 'xL8JL11J', 'xL8JL12J', 'xL8JL13J', 'xL6JL13J', 'xL6JL12J', 'xL11JL11J', 'xL13JL12J', 'xL9JL12J', 'xL12JL11J', 'xL3JL12J'}
| | | | | | | | | | | | | | | | +-- , 72 , {74, 81} , {'xL2JL12J', 'xL5JL13J', 'xL8JL14J', 'xL7JL13J', 'xL1JL12J', 'xL8JL15J', 'xL8JL13J', 'xL6JL13J', 'xL8JL12J', 'xL6JL12J', 'xL7JL12J', 'xL11JL11J', 'xL13JL12J', 'xL9JL12J', 'xL14JL12J', 'xL11JL12J', 'xL12JL12J', 'xL12JL11J', 'xL3JL12J'}
| | | | | | | | | | | | | | | | | +-- , 74 , {76} , {'xL2JL12J', 'xL5JL14J', 'xL5JL13J', 'xL1JL12J', 'xL5JL15J', 'xL3JL12J'}
| | | | | | | | | | | | | | | | | | +-- , 76 , {79} , {'xL2JL12J', 'xL2JL14J', 'xL5JL14J', 'xL3JL15J', 'xL4JL15J', 'xL4JL14J', 'xL1JL12J', 'xL5JL15J', 'xL3JL12J', 'xL3JL14J'}
| | | | | | | | | | | | | | | | | | | +-- , 79 , set() , {'xL2JL11J', 'xL2JL12J', 'xL2JL14J', 'xL1JL11J', 'xL3JL15J', 'xL3JL13J', 'xL1JL13J', 'xL1JL12J', 'xL2JL13J', 'xL3JL12J', 'xL3JL14J'}
| | | | | | | | | | | | | | | | | +-- , 81 , {83} , {'xL11JL11J', 'xL7JL14J', 'xL8JL14J', 'xL14JL12J', 'xL7JL13J', 'xL12JL12J', 'xL11JL12J', 'xL8JL15J', 'xL12JL11J', 'xL7JL12J'}
| | | | | | | | | | | | | | | | | | +-- , 83 , {85} , {'xL8JL14J', 'xL9JL14J', 'xL8JL15J', 'xL10JL14J', 'xL11JL11J', 'xL7JL14J', 'xL14JL12J', 'xL11JL12J', 'xL9JL15J', 'xL12JL12J', 'xL12JL11J', 'xL10JL15J'}
| | | | | | | | | | | | | | | | | | | +-- , 85 , {87} , {'xL10JL14J', 'xL11JL11J', 'xL14JL12J', 'xL11JL12J', 'xL12JL12J', 'xL12JL11J', 'xL10JL13J', 'xL10JL15J'}
| | | | | | | | | | | | | | | | | | | | +-- , 87 , {89} , {'xL11JL11J', 'xL11JL13J', 'xL14JL12J', 'xL11JL12J', 'xL12JL12J', 'xL12JL11J', 'xL12JL13J', 'xL10JL13J'}
| | | | | | | | | | | | | | | | | | | | | +-- , 89 , {91} , {'xL14JL15J', 'xL12JL14J', 'xL14JL14J', 'xL14JL12J', 'xL12JL12J', 'xL14JL13J', 'xL12JL11J', 'xL12JL13J'}
| | | | | | | | | | | | | | | | | | | | | | +-- , 91 , {93} , {'xL14JL15J', 'xL12JL14J', 'xL14JL14J', 'xL13JL14J', 'xL15JL14J', 'xL14JL13J'}
| | | | | | | | | | | | | | | | | | | | | | | +-- , 93 , {95} , {'xL14JL15J', 'xL13JL14J', 'xL15JL14J', 'xL13JL15J', 'xL14JL13J'}
| | | | | | | | | | | | | | | | | | | | | | | | +-- , 95 , set() , {'xL14JL15J', 'xL15JL14J', 'xL13JL15J', 'xL14JL13J', 'xL15JL15J', 'xL15JL13J'}
| | | | | | | | | +-- , 97 , set() , {'xL6JL8J', 'xL4JL7J', 'xL4JL8J', 'xL5JL8J'}


Max number of edges with non zero Y: 9
Max number of iterations of outer rounding loop: 3
Max number of candidate sets: 2
Time spent rounding: 9.994
Time spent solving Separator LP: 1.520
Total time spent solving: 15.098

LP Solver: GaifmanBoosted
Lower Bound Witness = ({'xL14JL8J', 'xL9JL14J', 'xL7JL13J', 'xL1JL12J', 'xL10JL13J', 'xL10JL10J', 'xL4JL10J', 'xL14JL12J', 'xL4JL14J', 'xL11JL12J', 'xL12JL13J', 'xL5JL7J', 'xL3JL14J', 'xL13JL10J', 'xL2JL12J', 'xL14JL13J', 'xL9JL10J', 'xL8JL12J', 'xL9JL11J', 'xL14JL9J', 'xL13JL9J', 'xL2JL14J', 'xL4JL11J', 'xL7JL14J', 'xL4JL15J', 'xL15JL7J', 'xL9JL9J', 'xL4JL7J', 'xL8JL14J', 'xL1JL13J', 'xL3JL15J', 'xL6JL9J', 'xL5JL14J', 'xL5JL13J', 'xL13JL11J', 'xL5JL15J', 'xL5JL8J', 'xL4JL8J', 'xL4JL12J', 'xL14JL14J', 'xL13JL14J', 'xL6JL8J', 'xL2JL13J', 'xL8JL15J', 'xL8JL13J', 'xL6JL12J', 'xL14JL15J', 'xL11JL11J', 'xL1JL11J', 'xL15JL14J', 'xL15JL15J', 'xL7JL10J', 'xL7JL12J', 'xL15JL9J', 'xL7JL9J', 'xL13JL12J', 'xL3JL13J', 'xL5JL11J', 'xL5JL10J', 'xL13JL15J', 'xL6JL11J', 'xL14JL7J', 'xL15JL10J', 'xL6JL13J', 'xL10JL14J', 'xL15JL8J', 'xL9JL15J', 'xL12JL11J', 'xL15JL13J', 'xL10JL15J', 'xL8JL10J', 'xL10JL11J', 'xL8JL11J', 'xL2JL11J', 'xL12JL14J', 'xL9JL12J', 'xL11JL13J', 'xL12JL12J', 'xL5JL9J', 'xL3JL12J', 'xL14JL10J'}, {'xL6JL9J', 'xL13JL9J', 'xL9JL9J', 'xL10JL10J', 'xL4JL10J', 'xL4JL7J', 'xL5JL10J', 'xL6JL8J', 'xL14JL9J', 'xL5JL7J', 'xL14JL7J', 'xL10JL11J', 'xL15JL7J', 'xL15JL9J'})