21, 0.6153843076923078, 2.0, 2
+-- , 0 , {3, 5, 7, 9, 11, 13, 15, 17, 19, 21, 23, 25, 27, 29, 31, 33, 35, 37, 39, 41} , {'X0', 'X6', 'X5', 'X3', 'X2'}
| +-- , 3 , set() , {'X0', 'X9', 'X8'}
| +-- , 5 , set() , {'X0', 'X11', 'X12'}
| +-- , 7 , set() , {'X0', 'X15', 'X14'}
| +-- , 9 , set() , {'X0', 'X17', 'X18'}
| +-- , 11 , set() , {'X0', 'X20', 'X21'}
| +-- , 13 , set() , {'X23', 'X0', 'X24'}
| +-- , 15 , set() , {'X0', 'X26', 'X27'}
| +-- , 17 , set() , {'X0', 'X30', 'X29'}
| +-- , 19 , set() , {'X33', 'X0', 'X32'}
| +-- , 21 , set() , {'X35', 'X0', 'X36'}
| +-- , 23 , set() , {'X0', 'X39', 'X38'}
| +-- , 25 , set() , {'X0', 'X41', 'X42'}
| +-- , 27 , set() , {'X44', 'X0', 'X45'}
| +-- , 29 , set() , {'X0', 'X47', 'X48'}
| +-- , 31 , set() , {'X0', 'X50', 'X51'}
| +-- , 33 , set() , {'X0', 'X53', 'X54'}
| +-- , 35 , set() , {'X0', 'X56', 'X57'}
| +-- , 37 , set() , {'X59', 'X0', 'X60'}
| +-- , 39 , set() , {'X0', 'X62', 'X63'}
| +-- , 41 , set() , {'X0', 'X65', 'X66'}


Max number of edges with non zero Y: 4
Max number of iterations of outer rounding loop: 1
Max number of candidate sets: 2
Time spent rounding: 0.692
Time spent solving Separator LP: 0.034

LP Solver: GaifmanNormal