18, 1.9291502057054255, 5.5, 6
+-- , 0 , {33, 3, 35, 7, 37, 31} , {'63', '34', '39', '44', '37', '54', '47', '61', '58', '53', '1', '14', '13', '57', '16', '60', '32'}
| +-- , 33 , set() , {'56', '19', '16'}
| +-- , 3 , set() , {'39', '16', '60', '50'}
| +-- , 35 , set() , {'31', '44', '21', '61'}
| +-- , 7 , {9} , {'63', '39', '44', '37', '54', '47', '53', '1', '14', '13', '57', '16', '32', '60', '9'}
| | +-- , 9 , {23, 25, 11} , {'48', '63', '39', '44', '37', '54', '47', '53', '1', '45', '14', '57', '16', '60', '20', '62', '32', '9'}
| | | +-- , 23 , set() , {'48', '53', '11', '1', '16', '32', '37'}
| | | +-- , 25 , {27, 29} , {'55', '48', '39', '57', '32', '12'}
| | | | +-- , 27 , set() , {'55', '48', '33', '32'}
| | | | +-- , 29 , set() , {'55', '39', '46'}
| | | +-- , 11 , {13} , {'63', '30', '37', '54', '14', '8', '16', '60', '20', '62', '9'}
| | | | +-- , 13 , {15} , {'63', '24', '30', '37', '54', '7', '22', '8', '16', '60', '20', '62', '9'}
| | | | | +-- , 15 , {17, 19, 21} , {'7', '63', '22', '3', '65', '24', '30', '15', '16', '60', '20', '37', '9'}
| | | | | | +-- , 17 , set() , {'36', '35', '3', '30'}
| | | | | | +-- , 19 , set() , {'40', '63', '10', '65'}
| | | | | | +-- , 21 , set() , {'7', '37', '3', '59', '64', '52'}
| +-- , 37 , set() , {'43', '44', '17', '13'}
| +-- , 31 , set() , {'57', '25', '0', '61'}


Max number of edges with non zero Y: 13
Max number of iterations of outer rounding loop: 3
Max number of candidate sets: 2
Time spent rounding: 6.256
Time spent solving Separator LP: 0.722

LP Solver: GaifmanBoosted