18, 1.6767236588669951, 7.0, 7
+-- , 0 , {35, 37, 5, 19, 21, 23, 25} , {'63', '65', '24', '34', '44', '37', '52', '54', '47', '61', '58', '53', '3', '14', '57', '15', '16', '9'}
| +-- , 35 , set() , {'40', '63', '10', '65'}
| +-- , 37 , set() , {'31', '44', '21', '61'}
| +-- , 5 , {7} , {'37', '54', '47', '61', '53', '3', '14', '57', '16', '60', '20', '9'}
| | +-- , 7 , {9} , {'48', '37', '54', '47', '61', '53', '14', '57', '16', '60', '20', '9'}
| | | +-- , 9 , {11} , {'48', '11', '37', '54', '47', '61', '53', '14', '57', '16', '60'}
| | | | +-- , 11 , {17, 13, 15} , {'55', '48', '11', '1', '14', '39', '57', '16', '60', '32', '61', '54', '47', '12'}
| | | | | +-- , 17 , set() , {'55', '39', '46'}
| | | | | +-- , 13 , set() , {'39', '16', '60', '50'}
| | | | | +-- , 15 , set() , {'55', '48', '33', '32'}
| +-- , 19 , set() , {'56', '19', '16'}
| +-- , 21 , set() , {'57', '25', '0', '61'}
| +-- , 23 , set() , {'43', '17', '13', '44', '16', '9'}
| +-- , 25 , {27} , {'63', '24', '44', '52', '54', '47', '3', '45', '14', '15', '62', '9'}
| | +-- , 27 , {29, 31} , {'63', '22', '3', '24', '14', '30', '8', '15', '62', '9', '54', '52'}
| | | +-- , 29 , set() , {'36', '35', '3', '30'}
| | | +-- , 31 , {33} , {'7', '22', '52', '54', '30'}
| | | | +-- , 33 , set() , {'7', '64', '52', '59'}


Max number of edges with non zero Y: 15
Max number of iterations of outer rounding loop: 2
Max number of candidate sets: 2
Time spent rounding: 1.662
Time spent solving Separator LP: 0.191

LP Solver: GaifmanNormal