33, 1.4667017298523308, 4.0, 4
+-- , 0 , {49, 3, 10} , {'xL10JL3J', 'xL13JL3J', 'xL9JL4J', 'xL12JL3J', 'xL9JL3J', 'xL5JL10J', 'xL8JL8J', 'xL8JL4J', 'xL11JL3J', 'xL5JL11J'}
| +-- , 49 , {51} , {'xL10JL3J', 'xL9JL4J', 'xL10JL4J', 'xL5JL10J', 'xL8JL8J', 'xL8JL4J', 'xL5JL11J', 'xL10JL5J'}
| | +-- , 51 , {53} , {'xL9JL8J', 'xL5JL10J', 'xL8JL8J', 'xL5JL11J', 'xL10JL5J', 'xL10JL8J'}
| | | +-- , 53 , {55} , {'xL9JL8J', 'xL5JL10J', 'xL5JL11J', 'xL10JL5J', 'xL11JL5J', 'xL10JL8J'}
| | | | +-- , 55 , {57} , {'xL9JL8J', 'xL5JL10J', 'xL11JL7J', 'xL5JL11J', 'xL11JL5J', 'xL11JL6J', 'xL10JL8J'}
| | | | | +-- , 57 , {67, 59} , {'xL9JL9J', 'xL10JL9J', 'xL9JL8J', 'xL10JL7J', 'xL5JL10J', 'xL11JL7J', 'xL5JL11J', 'xL11JL6J', 'xL10JL8J'}
| | | | | | +-- , 67 , {69} , {'xL9JL9J', 'xL9JL8J', 'xL9JL11J', 'xL5JL10J', 'xL5JL11J', 'xL9JL10J'}
| | | | | | | +-- , 69 , set() , {'xL6JL11J', 'xL8JL10J', 'xL9JL11J', 'xL5JL10J', 'xL8JL11J', 'xL5JL11J', 'xL9JL10J', 'xL7JL11J', 'xL7JL10J', 'xL6JL10J'}
| | | | | | +-- , 59 , {61} , {'xL9JL9J', 'xL10JL9J', 'xL11JL9J', 'xL11JL7J', 'xL11JL6J', 'xL12JL9J', 'xL13JL7J', 'xL13JL9J', 'xL12JL7J', 'xL10JL7J'}
| | | | | | | +-- , 61 , {63} , {'xL13JL6J', 'xL11JL9J', 'xL12JL6J', 'xL11JL6J', 'xL12JL9J', 'xL13JL7J', 'xL13JL9J', 'xL12JL7J'}
| | | | | | | | +-- , 63 , {65} , {'xL13JL6J', 'xL11JL9J', 'xL12JL6J', 'xL13JL7J', 'xL12JL9J', 'xL13JL8J', 'xL12JL8J', 'xL13JL9J', 'xL12JL7J', 'xL12JL10J'}
| | | | | | | | | +-- , 65 , set() , {'xL11JL10J', 'xL12JL10J', 'xL11JL9J'}
| +-- , 3 , {8, 6} , {'xL13JL3J', 'xL12JL1J', 'xL12JL4J', 'xL12JL3J', 'xL12JL2J', 'xL11JL3J'}
| | +-- , 8 , set() , {'xL12JL1J', 'xL11JL1J', 'xL12JL2J', 'xL11JL3J', 'xL11JL2J'}
| | +-- , 6 , set() , {'xL13JL3J', 'xL12JL4J', 'xL13JL4J'}
| +-- , 10 , {12} , {'xL9JL4J', 'xL8JL7J', 'xL9JL3J', 'xL5JL10J', 'xL8JL8J', 'xL8JL6J', 'xL9JL2J', 'xL5JL11J', 'xL5JL9J', 'xL8JL5J', 'xL8JL4J', 'xL5JL8J', 'xL9JL1J'}
| | +-- , 12 , {16, 14} , {'xL5JL1J', 'xL5JL9J', 'xL8JL7J', 'xL8JL5J', 'xL8JL6J', 'xL9JL2J', 'xL5JL8J', 'xL9JL1J', 'xL5JL2J'}
| | | +-- , 16 , {18} , {'xL5JL1J', 'xL5JL9J', 'xL8JL7J', 'xL8JL5J', 'xL8JL6J', 'xL5JL8J', 'xL5JL3J', 'xL5JL4J', 'xL5JL2J'}
| | | | +-- , 18 , {43, 20} , {'xL6JL8J', 'xL5JL9J', 'xL8JL7J', 'xL8JL5J', 'xL8JL6J', 'xL5JL8J', 'xL5JL3J', 'xL5JL4J', 'xL6JL4J'}
| | | | | +-- , 43 , {45} , {'xL6JL8J', 'xL6JL6J', 'xL6JL5J', 'xL8JL7J', 'xL8JL5J', 'xL8JL6J', 'xL6JL7J', 'xL6JL4J'}
| | | | | | +-- , 45 , {47} , {'xL6JL6J', 'xL6JL5J', 'xL8JL7J', 'xL8JL5J', 'xL8JL6J', 'xL7JL5J', 'xL6JL7J'}
| | | | | | | +-- , 47 , set() , {'xL6JL6J', 'xL8JL7J', 'xL8JL6J', 'xL7JL5J', 'xL7JL6J', 'xL6JL7J', 'xL7JL7J'}
| | | | | +-- , 20 , {31, 23} , {'xL6JL8J', 'xL5JL9J', 'xL1JL9J', 'xL4JL9J', 'xL5JL8J', 'xL5JL3J', 'xL5JL4J', 'xL2JL9J', 'xL3JL9J', 'xL6JL4J'}
| | | | | | +-- , 31 , {33} , {'xL6JL8J', 'xL4JL8J', 'xL4JL9J', 'xL5JL8J', 'xL5JL3J', 'xL4JL7J', 'xL5JL4J', 'xL6JL4J'}
| | | | | | | +-- , 33 , {35} , {'xL3JL7J', 'xL4JL3J', 'xL3JL3J', 'xL1JL3J', 'xL5JL3J', 'xL5JL4J', 'xL4JL7J', 'xL2JL3J', 'xL4JL4J', 'xL6JL4J'}
| | | | | | | | +-- , 35 , {37} , {'xL3JL7J', 'xL3JL6J', 'xL4JL3J', 'xL3JL3J', 'xL1JL3J', 'xL4JL5J', 'xL3JL5J', 'xL2JL3J', 'xL4JL4J'}
| | | | | | | | | +-- , 37 , {39} , {'xL3JL6J', 'xL1JL5J', 'xL3JL3J', 'xL1JL3J', 'xL4JL5J', 'xL3JL5J', 'xL2JL5J', 'xL2JL3J'}
| | | | | | | | | | +-- , 39 , {41} , {'xL3JL6J', 'xL1JL5J', 'xL3JL3J', 'xL1JL3J', 'xL1JL6J', 'xL2JL5J', 'xL2JL3J', 'xL2JL6J'}
| | | | | | | | | | | +-- , 41 , set() , {'xL2JL4J', 'xL3JL2J', 'xL1JL5J', 'xL3JL3J', 'xL1JL3J', 'xL1JL6J', 'xL2JL2J', 'xL2JL5J', 'xL2JL3J', 'xL1JL4J', 'xL2JL6J'}
| | | | | | +-- , 23 , {27, 29} , {'xL3JL11J', 'xL2JL8J', 'xL2JL11J', 'xL1JL9J', 'xL3JL9J', 'xL2JL9J'}
| | | | | | | +-- , 27 , set() , {'xL1JL8J', 'xL1JL9J', 'xL2JL8J'}
| | | | | | | +-- , 29 , set() , {'xL2JL10J', 'xL3JL11J', 'xL2JL8J', 'xL3JL10J', 'xL2JL11J', 'xL3JL9J', 'xL2JL9J'}
| | | +-- , 14 , set() , {'xL5JL1J', 'xL9JL2J', 'xL6JL2J', 'xL6JL1J', 'xL9JL1J', 'xL8JL2J', 'xL7JL2J', 'xL7JL1J', 'xL8JL1J', 'xL5JL2J'}


Max number of edges with non zero Y: 16
Max number of iterations of outer rounding loop: 3
Max number of candidate sets: 2
Time spent rounding: 13.748
Time spent solving Separator LP: 0.884
Total time spent solving: 19.276

LP Solver: GaifmanNormal
Lower Bound Witness = ({'xL10JL3J', 'xL12JL4J', 'xL3JL2J', 'xL5JL11J', 'xL2JL2J', 'xL2JL5J', 'xL5JL3J', 'xL6JL7J', 'xL8JL1J', 'xL2JL6J', 'xL13JL3J', 'xL10JL9J', 'xL10JL4J', 'xL6JL2J', 'xL7JL5J', 'xL5JL8J', 'xL12JL7J', 'xL5JL2J', 'xL4JL8J', 'xL9JL3J', 'xL9JL2J', 'xL1JL3J', 'xL12JL9J', 'xL3JL11J', 'xL12JL2J', 'xL7JL2J', 'xL6JL5J', 'xL3JL10J', 'xL7JL10J', 'xL11JL1J', 'xL8JL4J', 'xL1JL8J', 'xL13JL8J', 'xL3JL9J', 'xL2JL11J', 'xL4JL7J', 'xL5JL1J', 'xL8JL10J', 'xL9JL8J', 'xL9JL11J', 'xL5JL4J', 'xL7JL1J', 'xL6JL4J', 'xL9JL10J', 'xL9JL4J', 'xL1JL9J', 'xL3JL3J', 'xL11JL3J', 'xL11JL10J', 'xL4JL5J', 'xL3JL5J', 'xL13JL9J', 'xL12JL10J', 'xL3JL7J', 'xL5JL9J', 'xL13JL4J', 'xL8JL11J', 'xL4JL9J', 'xL7JL6J', 'xL10JL5J', 'xL11JL6J', 'xL9JL9J', 'xL8JL7J', 'xL1JL5J', 'xL5JL10J', 'xL8JL2J', 'xL2JL3J', 'xL2JL10J', 'xL13JL7J', 'xL12JL8J', 'xL4JL4J', 'xL7JL7J', 'xL12JL1J', 'xL4JL3J', 'xL13JL6J', 'xL8JL8J', 'xL7JL11J', 'xL6JL1J', 'xL8JL5J', 'xL12JL6J', 'xL11JL5J', 'xL1JL4J', 'xL6JL10J', 'xL2JL4J', 'xL6JL11J', 'xL3JL6J', 'xL2JL8J', 'xL11JL9J', 'xL11JL7J', 'xL8JL6J', 'xL1JL6J', 'xL2JL9J', 'xL10JL8J', 'xL10JL7J', 'xL6JL8J', 'xL6JL6J', 'xL12JL3J', 'xL11JL2J', 'xL9JL1J'}, {'xL2JL4J', 'xL10JL3J', 'xL13JL6J', 'xL8JL6J', 'xL11JL10J', 'xL12JL9J', 'xL6JL1J', 'xL5JL3J', 'xL12JL8J', 'xL2JL3J', 'xL7JL10J', 'xL12JL7J'})