37, 1.0606058484848484, 5.0, 5
+-- , 0 , {42, 3} , {'xL5JL7J', 'xL7JL3J', 'xL7JL4J', 'xL5JL10J', 'xL5JL8J', 'xL7JL2J', 'xL5JL9J', 'xL7JL5J'}
| +-- , 42 , {45} , {'xL5JL7J', 'xL7JL4J', 'xL7JL3J', 'xL5JL10J', 'xL5JL4J', 'xL5JL3J', 'xL4JL3J', 'xL3JL3J', 'xL6JL4J', 'xL6JL3J'}
| | +-- , 45 , {47} , {'xL5JL2J', 'xL5JL7J', 'xL5JL10J', 'xL5JL4J', 'xL5JL1J', 'xL5JL3J', 'xL4JL3J', 'xL3JL3J', 'xL5JL5J'}
| | | +-- , 47 , {50, 54} , {'xL3JL7J', 'xL4JL3J', 'xL3JL3J', 'xL4JL7J', 'xL5JL2J', 'xL4JL10J', 'xL5JL7J', 'xL5JL10J', 'xL5JL1J', 'xL5JL5J', 'xL2JL10J', 'xL3JL10J'}
| | | | +-- , 50 , {52} , {'xL4JL10J', 'xL4JL11J', 'xL3JL10J'}
| | | | | +-- , 52 , set() , {'xL3JL10J', 'xL3JL11J', 'xL4JL11J'}
| | | | +-- , 54 , {56} , {'xL3JL7J', 'xL4JL3J', 'xL3JL3J', 'xL2JL9J', 'xL4JL7J', 'xL2JL8J', 'xL5JL2J', 'xL5JL1J', 'xL5JL5J', 'xL2JL10J'}
| | | | | +-- , 56 , {58, 76} , {'xL5JL2J', 'xL3JL7J', 'xL5JL1J', 'xL4JL3J', 'xL3JL3J', 'xL5JL5J', 'xL2JL9J', 'xL4JL7J', 'xL3JL6J', 'xL2JL8J'}
| | | | | | +-- , 58 , {60} , {'xL5JL2J', 'xL5JL1J', 'xL4JL3J', 'xL4JL6J', 'xL3JL3J', 'xL2JL6J', 'xL5JL5J', 'xL4JL7J', 'xL3JL6J', 'xL4JL5J'}
| | | | | | | +-- , 60 , {62} , {'xL5JL2J', 'xL2JL5J', 'xL5JL1J', 'xL4JL3J', 'xL3JL3J', 'xL2JL6J', 'xL2JL4J'}
| | | | | | | | +-- , 62 , {72, 64} , {'xL5JL2J', 'xL2JL5J', 'xL3JL2J', 'xL5JL1J', 'xL4JL3J', 'xL3JL3J', 'xL2JL4J'}
| | | | | | | | | +-- , 72 , {74} , {'xL2JL4J', 'xL2JL5J', 'xL3JL2J', 'xL3JL4J', 'xL3JL3J'}
| | | | | | | | | | +-- , 74 , set() , {'xL2JL5J', 'xL2JL4J', 'xL3JL4J', 'xL1JL4J', 'xL1JL5J'}
| | | | | | | | | +-- , 64 , {66, 68} , {'xL5JL2J', 'xL1JL2J', 'xL3JL2J', 'xL5JL1J', 'xL4JL3J', 'xL4JL2J', 'xL2JL2J'}
| | | | | | | | | | +-- , 66 , set() , {'xL4JL2J', 'xL5JL1J', 'xL4JL3J', 'xL4JL1J'}
| | | | | | | | | | +-- , 68 , {70} , {'xL1JL2J', 'xL2JL1J', 'xL2JL2J'}
| | | | | | | | | | | +-- , 70 , set() , {'xL1JL2J', 'xL2JL1J', 'xL1JL1J'}
| | | | | | +-- , 76 , {78} , {'xL2JL9J', 'xL3JL8J', 'xL3JL7J', 'xL3JL6J', 'xL2JL8J'}
| | | | | | | +-- , 78 , set() , {'xL2JL8J', 'xL1JL8J', 'xL2JL9J', 'xL1JL9J', 'xL3JL8J'}
| +-- , 3 , {8, 38} , {'xL9JL10J', 'xL9JL8J', 'xL5JL8J', 'xL7JL2J', 'xL5JL9J', 'xL9JL9J', 'xL10JL2J', 'xL9JL2J', 'xL7JL5J', 'xL8JL2J'}
| | +-- , 8 , {10} , {'xL10JL3J', 'xL9JL8J', 'xL5JL8J', 'xL9JL5J', 'xL5JL9J', 'xL10JL2J', 'xL9JL10J', 'xL8JL5J', 'xL9JL9J', 'xL7JL5J', 'xL10JL4J'}
| | | +-- , 10 , {32, 16, 12} , {'xL9JL10J', 'xL10JL3J', 'xL8JL5J', 'xL9JL6J', 'xL9JL8J', 'xL5JL8J', 'xL9JL5J', 'xL5JL9J', 'xL9JL9J', 'xL8JL6J', 'xL10JL4J'}
| | | | +-- , 32 , {34} , {'xL10JL3J', 'xL9JL4J', 'xL9JL6J', 'xL10JL4J', 'xL9JL5J'}
| | | | | +-- , 34 , {36} , {'xL10JL3J', 'xL9JL4J', 'xL10JL4J', 'xL11JL4J'}
| | | | | | +-- , 36 , set() , {'xL10JL3J', 'xL11JL3J', 'xL11JL4J'}
| | | | +-- , 16 , {18} , {'xL9JL10J', 'xL8JL5J', 'xL8JL7J', 'xL5JL8J', 'xL5JL9J', 'xL9JL9J', 'xL8JL6J'}
| | | | | +-- , 18 , {20} , {'xL9JL10J', 'xL8JL7J', 'xL7JL7J', 'xL5JL8J', 'xL5JL9J', 'xL9JL9J'}
| | | | | | +-- , 20 , {22} , {'xL9JL10J', 'xL7JL7J', 'xL7JL11J', 'xL5JL8J', 'xL7JL10J', 'xL5JL9J', 'xL9JL9J', 'xL7JL8J', 'xL7JL9J'}
| | | | | | | +-- , 22 , {24, 30} , {'xL9JL10J', 'xL8JL9J', 'xL7JL11J', 'xL5JL8J', 'xL7JL10J', 'xL5JL9J', 'xL9JL9J', 'xL7JL8J', 'xL7JL9J'}
| | | | | | | | +-- , 24 , {26} , {'xL9JL10J', 'xL8JL9J', 'xL7JL11J', 'xL10JL10J', 'xL8JL11J', 'xL7JL10J', 'xL11JL10J', 'xL8JL10J'}
| | | | | | | | | +-- , 26 , {28} , {'xL11JL10J', 'xL11JL11J', 'xL10JL10J'}
| | | | | | | | | | +-- , 28 , set() , {'xL11JL11J', 'xL10JL10J', 'xL10JL11J'}
| | | | | | | | +-- , 30 , set() , {'xL8JL9J', 'xL5JL8J', 'xL6JL9J', 'xL5JL9J', 'xL9JL9J', 'xL7JL8J', 'xL7JL9J', 'xL6JL8J'}
| | | | +-- , 12 , {14} , {'xL11JL8J', 'xL9JL6J', 'xL9JL8J', 'xL10JL6J', 'xL10JL8J', 'xL8JL6J'}
| | | | | +-- , 14 , set() , {'xL11JL8J', 'xL10JL6J', 'xL11JL7J', 'xL10JL7J', 'xL10JL8J'}
| | +-- , 38 , {40} , {'xL9JL2J', 'xL9JL1J', 'xL8JL2J'}
| | | +-- , 40 , set() , {'xL9JL1J', 'xL8JL2J', 'xL8JL1J'}


Max number of edges with non zero Y: 6
Max number of iterations of outer rounding loop: 3
Max number of candidate sets: 2
Time spent rounding: 15.092
Time spent solving Separator LP: 0.685
Total time spent solving: 20.546

LP Solver: GaifmanNormal
Lower Bound Witness = ({'xL3JL11J', 'xL8JL11J', 'xL2JL4J', 'xL4JL11J', 'xL7JL8J', 'xL1JL4J', 'xL8JL7J', 'xL6JL4J', 'xL10JL3J', 'xL9JL4J', 'xL10JL7J', 'xL8JL5J', 'xL10JL6J', 'xL9JL9J', 'xL2JL1J', 'xL9JL1J', 'xL7JL2J', 'xL3JL3J', 'xL11JL4J', 'xL4JL1J', 'xL5JL9J', 'xL2JL9J', 'xL10JL2J', 'xL6JL3J', 'xL1JL5J', 'xL8JL1J', 'xL5JL2J', 'xL5JL7J', 'xL11JL10J', 'xL7JL9J', 'xL1JL1J', 'xL7JL7J', 'xL4JL6J', 'xL4JL2J', 'xL2JL2J', 'xL11JL8J', 'xL2JL6J', 'xL4JL5J', 'xL3JL10J', 'xL10JL4J', 'xL8JL2J', 'xL4JL3J', 'xL5JL8J', 'xL3JL8J', 'xL1JL2J', 'xL6JL9J', 'xL9JL2J', 'xL3JL4J', 'xL1JL9J', 'xL2JL5J', 'xL9JL8J', 'xL8JL6J', 'xL2JL8J', 'xL10JL10J', 'xL3JL6J', 'xL2JL10J', 'xL7JL5J', 'xL7JL3J', 'xL10JL11J', 'xL5JL3J', 'xL11JL3J', 'xL8JL10J', 'xL4JL7J', 'xL6JL8J', 'xL3JL2J', 'xL11JL11J', 'xL9JL6J', 'xL5JL1J', 'xL5JL5J', 'xL11JL7J', 'xL3JL7J', 'xL7JL4J', 'xL7JL11J', 'xL1JL8J', 'xL9JL5J', 'xL7JL10J', 'xL10JL8J', 'xL9JL10J', 'xL4JL10J', 'xL8JL9J', 'xL5JL10J', 'xL5JL4J'}, {'xL5JL2J', 'xL9JL10J', 'xL4JL10J', 'xL3JL11J', 'xL3JL2J', 'xL5JL7J', 'xL4JL6J', 'xL11JL4J', 'xL11JL10J', 'xL10JL2J', 'xL4JL11J', 'xL10JL7J', 'xL8JL1J'})