57, 2.730459925660898, 9.0, 9
+-- , 0 , {5, 103, 105, 111, 113, 115, 83, 89, 91, 93} , {'xL9J', 'xL0J', 'xL8J', 'zL70J', 'zL71J', 'zL58J', 'xL3J', 'xL1J', 'zL59J', 'zL79J', 'zL76J', 'yL19J', 'zL33J', 'zL66J', 'w22', 'zL67J', 'xL2J', 'xL7J'}
| +-- , 5 , {77, 7} , {'xL9J', 'xL0J', 'xL8J', 'zL71J', 'zL58J', 'xL3J', 'xL1J', 'zL79J', 'zL76J', 'zL66J', 'zL33J', 'zL7J', 'xL2J', 'xL7J', 'zL6J'}
| | +-- , 77 , {79} , {'xL3J', 'xL2J', 'xL7J', 'zL6J', 'zL5J'}
| | | +-- , 79 , {81} , {'xL3J', 'zL5J', 'xL2J', 'zL4J'}
| | | | +-- , 81 , set() , {'yL1J', 'zL4J', 'xL2J'}
| | +-- , 7 , {71, 9, 75} , {'xL9J', 'xL4J', 'xL0J', 'xL8J', 'zL71J', 'zL58J', 'xL3J', 'xL1J', 'zL79J', 'zL76J', 'zL66J', 'zL33J', 'zL7J', 'xL2J', 'xL7J'}
| | | +-- , 71 , {73} , {'xL4J', 'xL9J', 'xL0J', 'zL19J', 'zL16J', 'yL4J', 'zL18J', 'zL17J', 'xL3J', 'xL7J'}
| | | | +-- , 73 , set() , {'zL19J', 'xL0J', 'w7'}
| | | +-- , 9 , {11} , {'xL4J', 'xL9J', 'xL0J', 'zL57J', 'zL27J', 'xL8J', 'zL58J', 'xL3J', 'w9', 'xL1J', 'zL79J', 'zL56J', 'zL76J', 'zL66J', 'zL33J', 'zL7J', 'xL2J', 'xL7J'}
| | | | +-- , 11 , {13} , {'xL4J', 'xL9J', 'xL0J', 'zL27J', 'zL57J', 'xL8J', 'zL58J', 'xL3J', 'xL1J', 'zL79J', 'zL56J', 'zL76J', 'zL66J', 'zL33J', 'zL78J', 'zL7J', 'xL2J', 'xL7J'}
| | | | | +-- , 13 , {65, 67, 69, 15, 21, 27} , {'xL9J', 'xL0J', 'xL4J', 'zL57J', 'zL27J', 'xL8J', 'zL1J', 'zL0J', 'zL58J', 'xL3J', 'xL1J', 'zL56J', 'zL77J', 'zL76J', 'zL66J', 'zL33J', 'xL6J', 'zL78J', 'zL7J', 'xL2J', 'xL7J'}
| | | | | | +-- , 65 , set() , {'xL4J', 'xL9J', 'xL8J', 'yL13J', 'xL6J', 'zL53J', 'zL55J', 'zL52J', 'w16', 'xL7J', 'zL54J'}
| | | | | | +-- , 67 , set() , {'xL9J', 'zL0J', 'yL0J'}
| | | | | | +-- , 69 , set() , {'w4', 'zL7J', 'xL6J'}
| | | | | | +-- , 15 , {17, 19} , {'xL4J', 'xL8J', 'xL6J', 'zL51J', 'zL50J', 'xL3J', 'zL49J', 'xL7J', 'zL48J'}
| | | | | | | +-- , 17 , set() , {'xL8J', 'w15', 'zL51J'}
| | | | | | | +-- , 19 , set() , {'xL7J', 'yL12J', 'zL48J'}
| | | | | | +-- , 21 , {23} , {'xL9J', 'zL65J', 'zL66J', 'xL8J', 'xL6J'}
| | | | | | | +-- , 23 , {25} , {'xL9J', 'zL65J', 'xL8J', 'zL64J'}
| | | | | | | | +-- , 25 , set() , {'zL64J', 'xL9J', 'yL16J'}
| | | | | | +-- , 27 , {61, 29, 63} , {'xL4J', 'xL9J', 'xL0J', 'zL27J', 'xL8J', 'zL1J', 'zL63J', 'xL3J', 'zL2J', 'xL1J', 'zL39J', 'zL38J', 'zL56J', 'zL33J', 'zL62J', 'xL6J', 'xL2J', 'xL7J'}
| | | | | | | +-- , 61 , set() , {'w12', 'zL39J', 'xL0J'}
| | | | | | | +-- , 29 , {33, 31} , {'xL9J', 'xL0J', 'xL4J', 'zL27J', 'xL8J', 'zL74J', 'zL41J', 'xL3J', 'zL2J', 'xL1J', 'yL10J', 'zL38J', 'zL32J', 'zL56J', 'zL61J', 'zL40J', 'zL75J', 'zL33J', 'zL62J', 'zL42J', 'xL6J', 'xL2J', 'zL37J', 'xL7J', 'zL26J'}
| | | | | | | | +-- , 33 , {35} , {'xL4J', 'xL9J', 'xL0J', 'zL25J', 'zL74J', 'xL3J', 'zL2J', 'zL32J', 'zL56J', 'zL61J', 'zL42J', 'xL2J', 'zL37J', 'xL7J', 'zL26J'}
| | | | | | | | | +-- , 35 , {37, 43, 45, 47, 49, 53, 57} , {'xL4J', 'xL0J', 'zL25J', 'zL74J', 'xL3J', 'zL2J', 'zL32J', 'zL56J', 'zL61J', 'yL14J', 'xL5J', 'zL42J', 'xL2J', 'zL37J', 'xL7J', 'zL36J'}
| | | | | | | | | | +-- , 37 , {39} , {'zL73J', 'xL4J', 'xL0J', 'xL5J', 'zL74J'}
| | | | | | | | | | | +-- , 39 , {41} , {'zL73J', 'xL4J', 'xL0J', 'zL72J'}
| | | | | | | | | | | | +-- , 41 , set() , {'yL18J', 'xL0J', 'zL72J'}
| | | | | | | | | | +-- , 43 , set() , {'xL5J', 'zL3J', 'zL2J', 'xL2J', 'w3'}
| | | | | | | | | | +-- , 45 , set() , {'zL36J', 'xL2J', 'yL9J'}
| | | | | | | | | | +-- , 47 , set() , {'yL8J', 'xL5J', 'zL32J'}
| | | | | | | | | | +-- , 49 , {51} , {'xL2J', 'xL5J', 'zL42J', 'zL43J'}
| | | | | | | | | | | +-- , 51 , set() , {'xL5J', 'zL43J', 'w13'}
| | | | | | | | | | +-- , 53 , {55} , {'xL5J', 'zL60J', 'zL61J', 'xL7J'}
| | | | | | | | | | | +-- , 55 , set() , {'zL60J', 'yL15J', 'xL7J'}
| | | | | | | | | | +-- , 57 , {59} , {'zL24J', 'xL3J', 'zL25J', 'xL5J'}
| | | | | | | | | | | +-- , 59 , set() , {'zL24J', 'xL3J', 'yL6J'}
| | | | | | | | +-- , 31 , set() , {'zL75J', 'xL2J', 'w21'}
| | | | | | | +-- , 63 , set() , {'w18', 'zL63J', 'xL8J'}
| | | +-- , 75 , set() , {'xL4J', 'zL71J', 'w20'}
| +-- , 103 , set() , {'xL9J', 'xL0J', 'yL11J', 'zL44J', 'zL47J', 'xL3J', 'xL1J', 'xL2J', 'zL45J', 'zL46J', 'w14'}
| +-- , 105 , {107} , {'zL34J', 'xL0J', 'zL33J', 'xL2J', 'xL7J'}
| | +-- , 107 , {109} , {'xL0J', 'zL34J', 'xL7J', 'zL35J'}
| | | +-- , 109 , set() , {'xL7J', 'w11', 'zL35J'}
| +-- , 111 , set() , {'xL9J', 'xL0J', 'xL8J', 'zL23J', 'zL22J', 'yL5J', 'xL2J', 'zL20J', 'xL7J', 'zL21J', 'w8'}
| +-- , 113 , set() , {'zL11J', 'xL9J', 'xL8J', 'w5', 'zL9J', 'xL3J', 'xL2J', 'zL8J', 'xL7J', 'zL10J', 'yL2J'}
| +-- , 115 , set() , {'xL9J', 'zL29J', 'xL0J', 'zL30J', 'w10', 'zL28J', 'zL31J', 'xL1J', 'xL2J', 'xL7J', 'yL7J'}
| +-- , 83 , {85} , {'xL0J', 'zL69J', 'xL1J', 'xL8J', 'zL70J'}
| | +-- , 85 , {87} , {'xL0J', 'zL69J', 'xL1J', 'zL68J'}
| | | +-- , 87 , set() , {'xL0J', 'zL68J', 'yL17J'}
| +-- , 89 , set() , {'w19', 'zL67J', 'xL2J'}
| +-- , 91 , set() , {'w17', 'zL59J', 'xL8J'}
| +-- , 93 , {95} , {'xL0J', 'xL8J', 'yL3J', 'xL1J', 'xL2J', 'xL7J', 'zL12J'}
| | +-- , 95 , {97} , {'xL0J', 'zL13J', 'xL1J', 'xL2J', 'xL7J', 'zL12J'}
| | | +-- , 97 , {99} , {'xL0J', 'xL2J', 'xL1J', 'zL14J', 'zL13J'}
| | | | +-- , 99 , {101} , {'xL0J', 'xL1J', 'zL15J', 'zL14J'}
| | | | | +-- , 101 , set() , {'zL15J', 'w6', 'xL0J'}


Max number of edges with non zero Y: 21
Max number of iterations of outer rounding loop: 4
Max number of candidate sets: 2
Time spent rounding: 14.129
Time spent solving Separator LP: 2.939
Total time spent solving: 22.196

LP Solver: GaifmanBoosted
Lower Bound Witness = ({'xL9J', 'zL65J', 'zL69J', 'xL8J', 'zL70J', 'w10', 'xL3J', 'xL1J', 'zL20J', 'zL35J', 'xL5J', 'zL53J', 'w15', 'zL50J', 'yL17J', 'zL73J', 'zL31J', 'yL16J', 'xL7J', 'yL9J', 'yL13J', 'w21', 'w5', 'yL3J', 'w4', 'yL5J', 'zL45J', 'zL43J', 'zL21J', 'zL34J', 'xL6J', 'zL26J', 'yL7J', 'yL0J', 'zL19J', 'zL1J', 'zL58J', 'zL28J', 'zL2J', 'zL44J', 'zL38J', 'zL42J', 'w13', 'w22', 'xL2J', 'zL12J', 'xL4J', 'zL60J', 'zL22J', 'zL13J', 'zL51J', 'zL52J', 'zL17J', 'yL8J', 'zL39J', 'w14', 'zL56J', 'yL14J', 'yL11J', 'zL66J', 'zL33J', 'yL18J', 'yL15J', 'zL18J', 'zL49J', 'w8', 'zL11J', 'zL57J', 'zL63J', 'zL41J', 'yL19J', 'zL75J', 'w19', 'w20', 'zL62J', 'w18', 'zL37J', 'w3', 'yL6J', 'zL46J', 'zL48J', 'zL54J', 'zL24J', 'zL27J', 'yL1J', 'zL25J', 'zL47J', 'zL74J', 'zL55J', 'w7', 'zL72J', 'zL8J', 'zL77J', 'zL76J', 'zL29J', 'zL15J', 'yL4J', 'w11', 'zL5J', 'xL0J', 'w12', 'zL16J', 'zL0J', 'zL68J', 'w9', 'yL10J', 'zL32J', 'yL2J', 'zL40J', 'zL23J', 'zL64J', 'zL78J', 'zL67J', 'w17', 'zL10J', 'zL36J', 'zL14J', 'zL30J', 'zL4J', 'zL71J', 'zL3J', 'w16', 'zL59J', 'w6', 'zL79J', 'zL61J', 'zL9J', 'zL7J', 'zL6J', 'yL12J'}, {'zL6J', 'w12', 'zL66J', 'zL57J', 'yL0J', 'zL33J', 'zL47J', 'zL55J', 'zL28J', 'zL20J', 'zL79J', 'zL44J', 'zL10J', 'w11', 'w8'})