58, 3.3658304689402194, 9.0, 9
+-- , 0 , {65, 5, 75, 81, 83, 85, 87, 97, 101, 103, 113, 49, 51, 115, 53, 117, 63} , {'xL4J', 'xL9J', 'xL0J', 'xL8J', 'zL19J', 'zL16J', 'yL4J', 'zL47J', 'zL63J', 'zL58J', 'xL1J', 'zL34J', 'zL33J', 'xL5J', 'xL6J', 'xL2J', 'xL7J', 'zL46J'}
| +-- , 65 , {67} , {'xL4J', 'xL9J', 'xL0J', 'w20', 'xL8J', 'zL71J', 'xL1J'}
| | +-- , 67 , {69} , {'xL9J', 'xL0J', 'xL8J', 'zL70J', 'zL71J', 'xL1J'}
| | | +-- , 69 , {71} , {'xL0J', 'zL69J', 'xL1J', 'xL8J', 'zL70J'}
| | | | +-- , 71 , {73} , {'xL0J', 'zL69J', 'xL1J', 'zL68J'}
| | | | | +-- , 73 , set() , {'xL0J', 'zL68J', 'yL17J'}
| +-- , 5 , {33, 37, 7, 41, 43, 13, 47, 21, 25, 29} , {'xL9J', 'xL4J', 'zL6J', 'zL27J', 'xL8J', 'zL16J', 'zL19J', 'zL63J', 'zL58J', 'xL3J', 'zL17J', 'w9', 'zL45J', 'zL33J', 'xL5J', 'xL6J', 'xL2J', 'xL7J', 'zL46J', 'zL5J'}
| | +-- , 33 , {35} , {'xL9J', 'xL2J', 'zL45J', 'zL44J'}
| | | +-- , 35 , set() , {'zL44J', 'yL11J', 'xL2J'}
| | +-- , 37 , {39} , {'xL3J', 'zL33J', 'xL5J', 'zL32J'}
| | | +-- , 39 , set() , {'yL8J', 'xL5J', 'zL32J'}
| | +-- , 7 , {9, 11} , {'xL4J', 'xL8J', 'xL6J', 'zL51J', 'zL50J', 'xL3J', 'zL49J', 'xL7J', 'zL48J'}
| | | +-- , 9 , set() , {'xL8J', 'w15', 'zL51J'}
| | | +-- , 11 , set() , {'xL7J', 'yL12J', 'zL48J'}
| | +-- , 41 , set() , {'zL11J', 'xL9J', 'xL8J', 'w5', 'zL9J', 'xL3J', 'xL2J', 'zL8J', 'xL7J', 'zL10J', 'yL2J'}
| | +-- , 43 , {45} , {'xL3J', 'zL5J', 'xL2J', 'zL4J'}
| | | +-- , 45 , set() , {'yL1J', 'zL4J', 'xL2J'}
| | +-- , 13 , {15} , {'xL9J', 'zL27J', 'xL8J', 'xL5J', 'xL3J', 'zL26J'}
| | | +-- , 15 , {17} , {'xL9J', 'xL3J', 'zL25J', 'xL5J', 'zL26J'}
| | | | +-- , 17 , {19} , {'zL24J', 'xL3J', 'zL25J', 'xL5J'}
| | | | | +-- , 19 , set() , {'zL24J', 'xL3J', 'yL6J'}
| | +-- , 47 , set() , {'zL19J', 'zL18J', 'zL17J', 'xL3J', 'xL7J'}
| | +-- , 21 , {23} , {'zL7J', 'xL8J', 'zL6J', 'xL6J'}
| | | +-- , 23 , set() , {'w4', 'zL7J', 'xL6J'}
| | +-- , 25 , {27} , {'zL58J', 'xL3J', 'xL8J', 'zL59J'}
| | | +-- , 27 , set() , {'w17', 'zL59J', 'xL8J'}
| | +-- , 29 , {31} , {'zL62J', 'xL5J', 'zL60J', 'zL63J', 'xL3J', 'xL2J', 'xL7J', 'zL61J'}
| | | +-- , 31 , set() , {'zL60J', 'yL15J', 'xL7J'}
| +-- , 75 , {77} , {'xL9J', 'zL58J', 'zL57J', 'xL5J', 'xL6J'}
| | +-- , 77 , {79} , {'xL9J', 'zL57J', 'xL5J', 'zL56J'}
| | | +-- , 79 , set() , {'xL5J', 'zL56J', 'yL14J'}
| +-- , 81 , set() , {'xL9J', 'xL0J', 'xL8J', 'zL23J', 'zL22J', 'yL5J', 'xL2J', 'zL20J', 'xL7J', 'zL21J', 'w8'}
| +-- , 83 , set() , {'xL9J', 'xL0J', 'yL0J', 'xL5J', 'zL1J', 'zL0J', 'zL3J', 'zL2J', 'xL1J', 'xL2J', 'w3'}
| +-- , 85 , set() , {'xL4J', 'xL9J', 'xL8J', 'yL13J', 'xL6J', 'zL53J', 'zL55J', 'zL52J', 'w16', 'xL7J', 'zL54J'}
| +-- , 87 , {89, 93} , {'xL4J', 'xL5J', 'zL42J', 'zL41J', 'xL1J', 'xL2J', 'xL7J'}
| | +-- , 89 , {91} , {'xL2J', 'xL5J', 'zL42J', 'zL43J'}
| | | +-- , 91 , set() , {'xL5J', 'zL43J', 'w13'}
| | +-- , 93 , {95} , {'zL40J', 'zL41J', 'xL1J', 'xL7J'}
| | | +-- , 95 , set() , {'yL10J', 'zL40J', 'xL1J'}
| +-- , 97 , {99} , {'xL0J', 'zL34J', 'xL7J', 'zL35J'}
| | +-- , 99 , set() , {'xL7J', 'w11', 'zL35J'}
| +-- , 101 , set() , {'zL76J', 'xL4J', 'yL19J', 'xL0J', 'xL6J', 'zL78J', 'w22', 'xL1J', 'xL2J', 'zL79J', 'zL77J'}
| +-- , 103 , {105, 111} , {'xL4J', 'xL0J', 'xL5J', 'zL73J', 'zL72J', 'xL2J', 'xL7J'}
| | +-- , 105 , {107} , {'zL73J', 'xL2J', 'xL5J', 'xL7J', 'zL74J'}
| | | +-- , 107 , {109} , {'zL75J', 'xL2J', 'xL7J', 'zL74J'}
| | | | +-- , 109 , set() , {'zL75J', 'xL2J', 'w21'}
| | +-- , 111 , set() , {'yL18J', 'xL0J', 'zL72J'}
| +-- , 113 , set() , {'xL9J', 'zL29J', 'xL0J', 'zL30J', 'w10', 'zL28J', 'zL31J', 'xL1J', 'xL2J', 'xL7J', 'yL7J'}
| +-- , 49 , set() , {'xL0J', 'zL47J', 'w14'}
| +-- , 51 , set() , {'xL9J', 'zL65J', 'zL66J', 'w19', 'xL8J', 'zL64J', 'xL6J', 'zL67J', 'yL16J', 'xL2J', 'xL7J'}
| +-- , 115 , set() , {'zL19J', 'xL0J', 'w7'}
| +-- , 53 , {55} , {'xL0J', 'xL8J', 'yL3J', 'xL1J', 'xL2J', 'xL7J', 'zL12J'}
| | +-- , 55 , {57} , {'xL0J', 'zL13J', 'xL1J', 'xL2J', 'xL7J', 'zL12J'}
| | | +-- , 57 , {59} , {'xL0J', 'xL2J', 'xL1J', 'zL14J', 'zL13J'}
| | | | +-- , 59 , {61} , {'xL0J', 'xL1J', 'zL15J', 'zL14J'}
| | | | | +-- , 61 , set() , {'zL15J', 'w6', 'xL0J'}
| +-- , 117 , set() , {'w18', 'zL63J', 'xL8J'}
| +-- , 63 , set() , {'xL0J', 'w12', 'xL5J', 'xL6J', 'xL2J', 'zL37J', 'xL7J', 'zL36J', 'zL39J', 'zL38J', 'yL9J'}


Max number of edges with non zero Y: 34
Max number of iterations of outer rounding loop: 1
Max number of candidate sets: 2
Time spent rounding: 5.027
Time spent solving Separator LP: 9.886
Total time spent solving: 18.916

LP Solver: GaifmanBoosted
Lower Bound Witness = ({'xL9J', 'zL65J', 'zL69J', 'xL8J', 'zL70J', 'w10', 'xL3J', 'xL1J', 'zL20J', 'zL35J', 'xL5J', 'zL53J', 'w15', 'zL50J', 'yL17J', 'zL73J', 'zL31J', 'yL16J', 'xL7J', 'yL9J', 'yL13J', 'w21', 'w5', 'yL3J', 'w4', 'yL5J', 'zL45J', 'zL43J', 'zL21J', 'zL34J', 'xL6J', 'zL26J', 'yL7J', 'yL0J', 'zL19J', 'zL1J', 'zL58J', 'zL28J', 'zL2J', 'zL44J', 'zL38J', 'zL42J', 'w13', 'w22', 'xL2J', 'zL12J', 'xL4J', 'zL60J', 'zL22J', 'zL13J', 'zL51J', 'zL52J', 'zL17J', 'yL8J', 'zL39J', 'w14', 'zL56J', 'yL14J', 'yL11J', 'zL66J', 'zL33J', 'yL18J', 'yL15J', 'zL18J', 'zL49J', 'w8', 'zL11J', 'zL57J', 'zL63J', 'zL41J', 'yL19J', 'zL75J', 'w19', 'w20', 'zL62J', 'w18', 'zL37J', 'w3', 'yL6J', 'zL46J', 'zL48J', 'zL54J', 'zL24J', 'zL27J', 'yL1J', 'zL25J', 'zL47J', 'zL74J', 'zL55J', 'w7', 'zL72J', 'zL8J', 'zL77J', 'zL76J', 'zL29J', 'zL15J', 'yL4J', 'w11', 'zL5J', 'xL0J', 'w12', 'zL16J', 'zL0J', 'zL68J', 'w9', 'yL10J', 'zL32J', 'yL2J', 'zL40J', 'zL23J', 'zL64J', 'zL78J', 'zL67J', 'w17', 'zL10J', 'zL36J', 'zL14J', 'zL30J', 'zL4J', 'zL71J', 'zL3J', 'w16', 'zL59J', 'w6', 'zL79J', 'zL61J', 'zL9J', 'zL7J', 'zL6J', 'yL12J'}, {'xL0J', 'zL57J', 'zL19J', 'zL1J', 'zL63J', 'zL70J', 'zL58J', 'zL35J', 'w19', 'w18', 'zL73J', 'w22', 'xL2J', 'w17', 'zL37J', 'xL7J', 'zL46J', 'zL30J', 'yL3J', 'yL5J', 'zL52J', 'zL3J', 'zL59J', 'w6', 'zL56J', 'zL29J', 'yL11J', 'zL66J', 'yL18J', 'zL9J', 'zL5J', 'w8'})