60, 2.9650316800458825, 9.0, 9
+-- , 0 , {97, 3, 101, 103, 73, 105, 77, 79, 81, 115, 119, 85, 117, 87} , {'xL4J', 'xL9J', 'xL0J', 'zL47J', 'zL22J', 'w7', 'zL71J', 'xL1J', 'zL45J', 'zL44J', 'zL34J', 'xL5J', 'xL6J', 'xL2J', 'xL7J', 'zL14J', 'zL54J'}
| +-- , 97 , {99} , {'xL0J', 'zL34J', 'xL7J', 'zL35J'}
| | +-- , 99 , set() , {'xL7J', 'w11', 'zL35J'}
| +-- , 3 , {5} , {'xL9J', 'xL0J', 'zL19J', 'xL1J', 'xL5J', 'zL53J', 'xL2J', 'xL7J', 'zL46J', 'zL14J', 'zL54J', 'zL24J', 'xL4J', 'zL25J', 'zL47J', 'zL22J', 'w7', 'zL71J', 'zL45J', 'zL34J', 'zL33J', 'xL6J'}
| | +-- , 5 , {7} , {'zL24J', 'xL9J', 'xL0J', 'xL4J', 'zL25J', 'zL19J', 'zL22J', 'zL13J', 'zL71J', 'xL1J', 'zL45J', 'zL33J', 'xL5J', 'xL6J', 'zL53J', 'xL2J', 'xL7J', 'zL46J', 'zL14J'}
| | | +-- , 7 , {67, 69, 9, 63} , {'zL24J', 'xL9J', 'xL0J', 'xL4J', 'zL25J', 'zL19J', 'zL22J', 'zL13J', 'zL71J', 'xL3J', 'xL1J', 'zL45J', 'zL21J', 'zL33J', 'xL5J', 'xL6J', 'zL53J', 'zL18J', 'xL2J', 'xL7J', 'zL46J', 'zL12J'}
| | | | +-- , 67 , set() , {'zL24J', 'xL3J', 'yL6J'}
| | | | +-- , 69 , {71} , {'xL3J', 'zL33J', 'xL5J', 'zL32J'}
| | | | | +-- , 71 , set() , {'yL8J', 'xL5J', 'zL32J'}
| | | | +-- , 9 , {59, 11, 61} , {'xL9J', 'xL0J', 'zL69J', 'xL4J', 'zL25J', 'zL68J', 'zL71J', 'xL3J', 'xL1J', 'zL8J', 'zL21J', 'w19', 'xL5J', 'zL9J', 'xL6J', 'zL53J', 'zL67J', 'xL2J', 'xL7J', 'zL26J', 'zL12J'}
| | | | | +-- , 59 , set() , {'xL0J', 'zL68J', 'yL17J'}
| | | | | +-- , 11 , {37, 39, 13, 45, 49, 19, 51, 53, 23, 27} , {'xL4J', 'xL9J', 'zL69J', 'xL8J', 'zL70J', 'zL71J', 'xL3J', 'zL20J', 'zL21J', 'xL5J', 'zL9J', 'xL6J', 'zL53J', 'zL67J', 'xL2J', 'xL7J', 'zL26J', 'zL12J'}
| | | | | | +-- , 37 , set() , {'xL9J', 'zL57J', 'xL8J', 'xL5J', 'xL6J', 'zL58J', 'xL3J', 'w17', 'zL59J', 'zL56J', 'yL14J'}
| | | | | | +-- , 39 , {41} , {'xL8J', 'xL5J', 'w18', 'zL63J', 'xL3J', 'xL2J', 'xL7J'}
| | | | | | | +-- , 41 , {43} , {'zL62J', 'xL5J', 'zL60J', 'zL63J', 'xL3J', 'xL2J', 'xL7J', 'zL61J'}
| | | | | | | | +-- , 43 , set() , {'zL60J', 'yL15J', 'xL7J'}
| | | | | | +-- , 13 , {17, 15} , {'xL4J', 'xL8J', 'xL6J', 'zL51J', 'zL50J', 'xL3J', 'zL49J', 'xL7J', 'zL48J'}
| | | | | | | +-- , 17 , set() , {'xL7J', 'yL12J', 'zL48J'}
| | | | | | | +-- , 15 , set() , {'xL8J', 'w15', 'zL51J'}
| | | | | | +-- , 45 , {47} , {'zL52J', 'xL4J', 'xL8J', 'zL53J'}
| | | | | | | +-- , 47 , set() , {'zL52J', 'xL4J', 'yL13J'}
| | | | | | +-- , 49 , set() , {'zL20J', 'xL9J', 'yL5J'}
| | | | | | +-- , 19 , {21} , {'xL4J', 'zL27J', 'xL8J', 'zL26J'}
| | | | | | | +-- , 21 , set() , {'xL4J', 'zL27J', 'w9'}
| | | | | | +-- , 51 , set() , {'yL3J', 'zL12J', 'xL8J'}
| | | | | | +-- , 53 , {55} , {'xL9J', 'zL10J', 'xL8J', 'xL7J', 'zL9J'}
| | | | | | | +-- , 55 , {57} , {'zL11J', 'xL9J', 'xL8J', 'zL10J'}
| | | | | | | | +-- , 57 , set() , {'zL11J', 'w5', 'xL9J'}
| | | | | | +-- , 23 , {25} , {'xL9J', 'zL65J', 'zL66J', 'xL8J', 'zL64J', 'xL6J', 'zL67J', 'xL7J'}
| | | | | | | +-- , 25 , set() , {'zL64J', 'xL9J', 'yL16J'}
| | | | | | +-- , 27 , {33, 29} , {'xL8J', 'xL6J', 'xL3J', 'xL2J', 'xL7J', 'zL6J', 'zL5J'}
| | | | | | | +-- , 33 , {35} , {'xL3J', 'zL5J', 'xL2J', 'zL4J'}
| | | | | | | | +-- , 35 , set() , {'yL1J', 'zL4J', 'xL2J'}
| | | | | | | +-- , 29 , {31} , {'zL7J', 'xL8J', 'zL6J', 'xL6J'}
| | | | | | | | +-- , 31 , set() , {'w4', 'zL7J', 'xL6J'}
| | | | | +-- , 61 , set() , {'yL2J', 'xL2J', 'zL8J'}
| | | | +-- , 63 , {65} , {'xL4J', 'xL9J', 'zL18J', 'zL17J', 'zL16J', 'xL7J'}
| | | | | +-- , 65 , set() , {'zL16J', 'yL4J', 'xL4J'}
| +-- , 101 , set() , {'xL9J', 'zL55J', 'w16', 'xL7J', 'zL54J'}
| +-- , 103 , set() , {'zL76J', 'xL4J', 'yL19J', 'xL0J', 'xL6J', 'zL78J', 'w22', 'xL1J', 'xL2J', 'zL79J', 'zL77J'}
| +-- , 73 , {75} , {'xL0J', 'xL1J', 'zL15J', 'zL14J'}
| | +-- , 75 , set() , {'zL15J', 'w6', 'xL0J'}
| +-- , 105 , {113, 107} , {'xL4J', 'xL0J', 'xL5J', 'zL73J', 'zL72J', 'xL2J', 'xL7J'}
| | +-- , 113 , set() , {'yL18J', 'xL0J', 'zL72J'}
| | +-- , 107 , {109} , {'zL73J', 'xL2J', 'xL5J', 'xL7J', 'zL74J'}
| | | +-- , 109 , {111} , {'zL75J', 'xL2J', 'xL7J', 'zL74J'}
| | | | +-- , 111 , set() , {'zL75J', 'xL2J', 'w21'}
| +-- , 77 , set() , {'xL0J', 'zL47J', 'w14'}
| +-- , 79 , set() , {'xL0J', 'w12', 'xL5J', 'xL6J', 'xL2J', 'zL37J', 'xL7J', 'zL36J', 'zL39J', 'zL38J', 'yL9J'}
| +-- , 81 , {83} , {'xL2J', 'zL23J', 'xL7J', 'zL22J'}
| | +-- , 83 , set() , {'w8', 'xL2J', 'zL23J'}
| +-- , 115 , set() , {'xL9J', 'zL29J', 'xL0J', 'zL30J', 'w10', 'zL28J', 'zL31J', 'xL1J', 'xL2J', 'xL7J', 'yL7J'}
| +-- , 119 , set() , {'zL44J', 'yL11J', 'xL2J'}
| +-- , 85 , set() , {'xL9J', 'xL0J', 'yL0J', 'xL5J', 'zL1J', 'zL0J', 'zL3J', 'zL2J', 'xL1J', 'xL2J', 'w3'}
| +-- , 117 , set() , {'xL4J', 'zL71J', 'w20'}
| +-- , 87 , {89, 93} , {'xL4J', 'xL5J', 'zL42J', 'zL41J', 'xL1J', 'xL2J', 'xL7J'}
| | +-- , 89 , {91} , {'xL2J', 'xL5J', 'zL42J', 'zL43J'}
| | | +-- , 91 , set() , {'xL5J', 'zL43J', 'w13'}
| | +-- , 93 , {95} , {'zL40J', 'zL41J', 'xL1J', 'xL7J'}
| | | +-- , 95 , set() , {'yL10J', 'zL40J', 'xL1J'}


Max number of edges with non zero Y: 42
Max number of iterations of outer rounding loop: 3
Max number of candidate sets: 2
Time spent rounding: 7.958
Time spent solving Separator LP: 9.807
Total time spent solving: 22.802

LP Solver: GaifmanNormal
Lower Bound Witness = ({'xL9J', 'zL65J', 'zL69J', 'xL8J', 'zL70J', 'w10', 'xL3J', 'xL1J', 'zL20J', 'zL35J', 'xL5J', 'zL53J', 'w15', 'zL50J', 'yL17J', 'zL73J', 'zL31J', 'yL16J', 'xL7J', 'yL9J', 'yL13J', 'w21', 'w5', 'yL3J', 'w4', 'yL5J', 'zL45J', 'zL43J', 'zL21J', 'zL34J', 'xL6J', 'zL26J', 'yL7J', 'yL0J', 'zL19J', 'zL1J', 'zL58J', 'zL28J', 'zL2J', 'zL44J', 'zL38J', 'zL42J', 'w13', 'w22', 'xL2J', 'zL12J', 'xL4J', 'zL60J', 'zL22J', 'zL13J', 'zL51J', 'zL52J', 'zL17J', 'yL8J', 'zL39J', 'w14', 'zL56J', 'yL14J', 'yL11J', 'zL66J', 'zL33J', 'yL18J', 'yL15J', 'zL18J', 'zL49J', 'w8', 'zL11J', 'zL57J', 'zL63J', 'zL41J', 'yL19J', 'zL75J', 'w19', 'w20', 'zL62J', 'w18', 'zL37J', 'w3', 'yL6J', 'zL46J', 'zL48J', 'zL54J', 'zL24J', 'zL27J', 'yL1J', 'zL25J', 'zL47J', 'zL74J', 'zL55J', 'w7', 'zL72J', 'zL8J', 'zL77J', 'zL76J', 'zL29J', 'zL15J', 'yL4J', 'w11', 'zL5J', 'xL0J', 'w12', 'zL16J', 'zL0J', 'zL68J', 'w9', 'yL10J', 'zL32J', 'yL2J', 'zL40J', 'zL23J', 'zL64J', 'zL78J', 'zL67J', 'w17', 'zL10J', 'zL36J', 'zL14J', 'zL30J', 'zL4J', 'zL71J', 'zL3J', 'w16', 'zL59J', 'w6', 'zL79J', 'zL61J', 'zL9J', 'zL7J', 'zL6J', 'yL12J'}, {'xL9J', 'xL8J', 'zL19J', 'zL1J', 'zL70J', 'zL28J', 'zL38J', 'zL75J', 'w20', 'w18', 'zL73J', 'yL16J', 'w3', 'xL7J', 'zL36J', 'zL10J', 'w4', 'yL5J', 'w7', 'zL55J', 'zL45J', 'w14', 'zL34J', 'zL29J', 'zL15J', 'yL15J', 'zL9J', 'zL6J', 'yL7J', 'w8'})