11, 2.3217742459810706, 7.6000000000000005, 8
+-- , 0 , {3, 5, 7, 9, 11, 13, 22} , {'23', '9', '37', '48', '46', '13', '64', '52', '34', '41', '6', '36', '58', '53', '18', '40', '71', '31', '4', '66', '63', '16', '28', '35', '33', '42', '27', '7', '47', '22', '30', '11', '29', '60', '55', '26', '12', '39', '0'}
| +-- , 3 , set() , {'57', '63', '60', '50', '36', '27', '7', '2', '12', '11'}
| +-- , 5 , set() , {'35', '36', '42', '34', '18', '25', '22', '52'}
| +-- , 7 , set() , {'16', '33', '15', '37', '48', '46', '47', '13', '30', '0'}
| +-- , 9 , set() , {'66', '23', '26', '58', '7', '59', '13', '39', '41'}
| +-- , 11 , set() , {'6', '29', '28', '55', '33', '26', '24', '32', '46', '39'}
| +-- , 13 , {15} , {'23', '46', '13', '64', '52', '34', '6', '36', '58', '71', '31', '4', '63', '28', '42', '27', '21', '22', '11', '8', '29', '12', '9', '37', '48', '67', '41', '56', '53', '18', '40', '66', '51', '16', '35', '33', '7', '47', '30', '17', '60', '55', '26', '0'}
| | +-- , 15 , {18, 20} , {'23', '9', '37', '48', '46', '13', '64', '52', '34', '41', '6', '56', '36', '58', '53', '18', '40', '71', '31', '4', '20', '66', '63', '16', '28', '35', '33', '42', '27', '21', '7', '47', '22', '30', '11', '8', '29', '17', '60', '55', '69', '26', '12', '0'}
| | | +-- , 18 , set() , {'23', '62', '37', '48', '46', '10', '13', '64', '52', '49', '56', '58', '53', '43', '40', '4', '20', '66', '63', '16', '28', '33', '35', '19', '42', '27', '7', '47', '22', '30', '11', '8', '17', '55', '5', '69', '45', '61', '0'}
| | | +-- , 20 , set() , {'9', '34', '41', '6', '36', '58', '18', '71', '31', '4', '20', '66', '3', '35', '42', '27', '21', '1', '44', '29', '60', '55', '26', '69'}
| +-- , 22 , set() , {'66', '16', '27', '46', '71', '31', '64', '14', '52'}


Max number of edges with non zero Y: 17
Max number of iterations of outer rounding loop: 8
Max number of candidate sets: 2
Time spent rounding: 11.016
Time spent solving Separator LP: 1.963
Total time spent solving: 14.935

LP Solver: GaifmanNormal
Lower Bound Witness = ({'23', '62', '9', '37', '48', '46', '10', '13', '64', '52', '34', '41', '49', '6', '56', '36', '58', '53', '18', '43', '40', '71', '31', '4', '20', '66', '3', '63', '16', '28', '33', '35', '19', '42', '27', '21', '7', '47', '1', '22', '30', '44', '11', '8', '29', '17', '60', '55', '26', '69', '5', '45', '61', '12', '0'}, {'23', '9', '37', '48', '46', '13', '64', '52', '34', '41', '6', '56', '36', '58', '53', '18', '40', '71', '31', '4', '20', '66', '63', '16', '28', '33', '35', '42', '27', '21', '7', '47', '22', '30', '11', '8', '29', '17', '60', '55', '26', '12', '0'})