11, 0, 8.09, 10
+-- , 17 , {15} , {'8', '45', '60', '0', '72', '9', '39', '44', '28', '16', '50', '51', '61', '33', '75', '32', '10', '22', '53'}
| +-- , 15 , {13} , {'8', '45', '48', '60', '19', '0', '72', '35', '9', '18', '56', '39', '70', '44', '67', '28', '6', '16', '15', '52', '69', '73', '76', '50', '62', '63', '23', '51', '61', '1', '34', '43', '71', '33', '77', '75', '32', '12', '24', '25', '2', '74', '22', '53', '36', '30', '58', '4'}
| | +-- , 13 , {11} , {'45', '48', '19', '72', '35', '9', '18', '70', '44', '16', '73', '50', '63', '23', '61', '1', '43', '77', '12', '24', '65', '25', '2', '74', '22', '7', '8', '60', '0', '56', '39', '6', '15', '69', '76', '62', '51', '71', '34', '54', '33', '32', '53', '36', '30', '5', '58', '4'}
| | | +-- , 11 , {0} , {'45', '48', '19', '72', '35', '9', '18', '41', '70', '44', '16', '66', '31', '73', '50', '63', '23', '61', '1', '43', '77', '12', '24', '65', '25', '2', '74', '7', '8', '60', '0', '56', '39', '6', '15', '40', '76', '62', '51', '71', '34', '54', '33', '32', '20', '53', '36', '30', '5', '58', '4'}
| | | | +-- , 0 , {19, 3, 21} , {'45', '48', '19', '72', '35', '9', '18', '41', '70', '44', '16', '66', '31', '73', '50', '23', '61', '1', '43', '77', '12', '24', '65', '25', '74', '7', '8', '60', '0', '29', '56', '39', '6', '15', '11', '40', '13', '76', '62', '51', '71', '34', '54', '26', '33', '32', '20', '53', '36', '30', '5', '58', '4', '42'}
| | | | | +-- , 19 , set() , {'8', '17', '48', '19', '72', '35', '9', '18', '56', '64', '39', '70', '44', '6', '15', '11', '31', '73', '13', '46', '50', '62', '51', '71', '26', '32', '57', '24', '65', '74', '53', '30', '5', '58', '4', '42'}
| | | | | +-- , 3 , {5, 7, 9} , {'8', '45', '48', '60', '19', '68', '72', '35', '9', '29', '56', '41', '59', '70', '6', '16', '15', '11', '66', '31', '40', '13', '55', '1', '34', '43', '26', '71', '47', '77', '54', '33', '32', '24', '38', '65', '25', '74', '58', '7', '42'}
| | | | | | +-- , 5 , set() , {'34', '48', '33', '38', '16', '47', '27', '56', '58', '42'}
| | | | | | +-- , 7 , set() , {'45', '25', '47', '11', '29', '31', '13', '41', '59', '49'}
| | | | | | +-- , 9 , set() , {'8', '34', '6', '77', '66', '9', '40', '3', '41', '58', '55', '70'}
| | | | | +-- , 21 , set() , {'71', '48', '26', '60', '77', '35', '12', '76', '14', '62', '24'}


Max number of edges with non zero Y: 19
Max number of iterations of outer rounding loop: 1
Max number of candidate sets: 2
Time spent rounding: 0.142
Time spent solving Separator LP: 0.006
Total time spent solving: 0.397

LP Solver: gammaPlusFractionalCoverHeuristic
Number of Rounding Attemps: 8
Lower Bound Witness = ({'8', '45', '48', '17', '60', '19', '68', '0', '72', '35', '9', '29', '18', '56', '4', '64', '41', '59', '39', '49', '70', '3', '44', '67', '28', '6', '16', '15', '11', '66', '52', '69', '31', '40', '13', '73', '46', '76', '50', '14', '62', '63', '23', '51', '61', '55', '1', '34', '43', '26', '71', '47', '77', '54', '33', '75', '32', '12', '20', '57', '27', '24', '10', '38', '65', '25', '2', '74', '22', '53', '36', '30', '5', '58', '7', '42'}, {'43', '52', '32', '64', '23'})