14, 0, 7.041322314049587, 10
+-- , 0 , {34, 5} , {'63', '1', '28', '11', '43', '45', '26', '36', '56', '62', '5', '55', '58', '73', '0', '4', '53', '71', '51', '18', '6', '48', '34', '70', '31', '46', '39', '24', '64', '8', '29', '15', '7', '32', '54', '30', '19', '16', '42', '41', '9', '77', '40', '23'}
| +-- , 34 , set() , {'63', '51', '6', '11', '34', '70', '31', '43', '26', '8', '36', '29', '15', '56', '62', '7', '5', '55', '54', '58', '73', '3', '66', '16', '42', '41', '9', '0', '77', '53', '40', '18', '23'}
| +-- , 5 , {32, 28, 12, 30} , {'1', '63', '28', '6', '11', '47', '25', '48', '34', '70', '40', '31', '46', '43', '39', '45', '26', '24', '8', '36', '29', '13', '15', '56', '62', '5', '33', '7', '32', '55', '54', '30', '58', '73', '44', '19', '38', '16', '72', '41', '42', '9', '0', '59', '4', '53', '71', '51', '77', '18', '23'}
| | +-- , 32 , set() , {'56', '33', '27', '47', '48', '34', '58', '38', '16', '42'}
| | +-- , 28 , set() , {'49', '45', '25', '11', '47', '59', '31', '29', '13', '41'}
| | +-- , 12 , {14} , {'1', '63', '28', '11', '43', '45', '26', '36', '56', '62', '5', '55', '58', '73', '44', '0', '4', '53', '71', '51', '18', '6', '25', '48', '34', '70', '46', '39', '24', '8', '29', '13', '15', '33', '7', '32', '54', '30', '65', '19', '38', '16', '72', '41', '42', '9', '59', '77', '40', '23'}
| | | +-- , 14 , {16, 26} , {'1', '63', '28', '43', '45', '26', '36', '60', '56', '62', '5', '55', '58', '73', '44', '0', '4', '53', '71', '51', '18', '6', '25', '48', '34', '70', '46', '39', '24', '8', '29', '17', '13', '15', '33', '7', '35', '32', '54', '30', '22', '65', '19', '38', '16', '72', '41', '42', '9', '59', '77', '40', '23'}
| | | | +-- , 16 , {18} , {'1', '63', '28', '43', '45', '26', '36', '60', '74', '62', '5', '58', '73', '44', '0', '4', '53', '71', '51', '18', '6', '25', '48', '34', '70', '46', '39', '24', '8', '17', '15', '33', '7', '35', '32', '54', '22', '16', '72', '41', '42', '9', '59', '77', '40', '23'}
| | | | | +-- , 18 , {20} , {'63', '28', '45', '26', '36', '52', '60', '74', '62', '5', '58', '73', '44', '75', '0', '4', '53', '71', '51', '18', '69', '6', '25', '48', '34', '70', '46', '39', '50', '24', '8', '17', '15', '33', '7', '35', '32', '54', '22', '2', '16', '72', '41', '42', '9', '77', '40', '23'}
| | | | | | +-- , 20 , {24, 22} , {'63', '69', '28', '25', '48', '67', '61', '39', '45', '50', '24', '26', '10', '8', '36', '52', '60', '74', '62', '5', '33', '35', '12', '32', '76', '54', '22', '44', '2', '16', '72', '41', '9', '75', '0', '77', '71', '51', '53', '18'}
| | | | | | | +-- , 24 , set() , {'62', '35', '12', '26', '24', '48', '76', '77', '71', '60', '14'}
| | | | | | | +-- , 22 , set() , {'45', '74', '5', '20', '32', '76', '54', '53', '61', '2', '72', '41'}
| | | | +-- , 26 , set() , {'48', '70', '43', '45', '24', '26', '8', '60', '29', '56', '33', '32', '55', '54', '65', '19', '38', '72', '41', '68', '71'}
| | +-- , 30 , set() , {'15', '5', '26', '11', '57', '4', '19', '44', '51', '46', '71', '72'}


Max number of edges with non zero Y: 25
Max number of iterations of outer rounding loop: 6
Max number of candidate sets: 2
Time spent rounding: 26.598
Time spent solving Separator LP: 0.079
Total time spent solving: 31.455

LP Solver: gammaPlusFractionalCoverHeuristic
Lower Bound Witness = ({'1', '63', '69', '27', '6', '25', '11', '47', '48', '34', '70', '28', '40', '67', '31', '46', '14', '43', '61', '39', '45', '50', '24', '26', '20', '10', '64', '8', '36', '52', '60', '29', '17', '13', '49', '15', '74', '7', '62', '56', '35', '5', '12', '33', '32', '55', '76', '54', '30', '22', '65', '58', '73', '44', '19', '66', '38', '3', '2', '16', '72', '41', '42', '9', '75', '0', '59', '57', '68', '4', '77', '71', '51', '53', '18', '23'}, {'49', '55', '54', '23', '16'})