45, 3.2201214331716796, 7.0, 7
+-- , 0 , {67, 3} , {'xL7JL6J', 'xL8JL13J', 'xL10JL13J', 'xL6JL7J', 'xL7JL13J', 'xL11JL6J', 'xL6JL13J', 'xL10JL7J', 'xL11JL7J', 'xL10JL6J', 'xL7JL7J', 'xL5JL13J', 'xL14JL2J', 'xL4JL13J', 'xL9JL13J', 'xL9JL6J', 'xL8JL6J'}
| +-- , 67 , {69} , {'xL12JL6J', 'xL13JL6J', 'xL7JL6J', 'xL10JL13J', 'xL11JL6J', 'xL13JL7J', 'xL10JL7J', 'xL14JL7J', 'xL11JL7J', 'xL10JL6J', 'xL14JL2J', 'xL9JL13J', 'xL9JL6J', 'xL15JL7J', 'xL8JL6J', 'xL12JL7J'}
| | +-- , 69 , {71} , {'xL14JL3J', 'xL12JL6J', 'xL13JL6J', 'xL10JL13J', 'xL14JL4J', 'xL13JL7J', 'xL14JL7J', 'xL14JL2J', 'xL9JL13J', 'xL14JL5J', 'xL15JL7J', 'xL12JL7J'}
| | | +-- , 71 , {96, 74, 94} , {'xL13JL8J', 'xL14JL3J', 'xL13JL5J', 'xL12JL6J', 'xL13JL6J', 'xL10JL13J', 'xL13JL9J', 'xL14JL4J', 'xL13JL7J', 'xL14JL7J', 'xL13JL4J', 'xL9JL13J', 'xL14JL5J', 'xL15JL7J', 'xL13JL10J', 'xL12JL7J'}
| | | | +-- , 96 , {98} , {'xL14JL3J', 'xL13JL5J', 'xL12JL6J', 'xL13JL4J', 'xL12JL5J', 'xL14JL4J', 'xL14JL5J', 'xL12JL7J'}
| | | | | +-- , 98 , set() , {'xL14JL3J', 'xL13JL5J', 'xL15JL4J', 'xL15JL3J', 'xL13JL4J', 'xL12JL5J', 'xL14JL4J', 'xL14JL5J', 'xL15JL5J'}
| | | | +-- , 74 , {77} , {'xL12JL10J', 'xL11JL10J', 'xL15JL10J', 'xL12JL9J', 'xL13JL9J', 'xL10JL13J', 'xL9JL13J', 'xL14JL10J', 'xL13JL10J'}
| | | | | +-- , 77 , {79} , {'xL12JL10J', 'xL11JL10J', 'xL15JL10J', 'xL12JL9J', 'xL10JL13J', 'xL12JL11J', 'xL9JL13J', 'xL14JL10J'}
| | | | | | +-- , 79 , {81} , {'xL11JL10J', 'xL11JL11J', 'xL15JL10J', 'xL10JL13J', 'xL12JL11J', 'xL9JL13J', 'xL10JL11J', 'xL14JL10J'}
| | | | | | | +-- , 81 , {83, 92} , {'xL11JL10J', 'xL11JL11J', 'xL15JL10J', 'xL10JL15J', 'xL10JL13J', 'xL9JL13J', 'xL10JL14J', 'xL10JL11J', 'xL14JL10J'}
| | | | | | | | +-- , 83 , {86} , {'xL14JL12J', 'xL14JL11J', 'xL15JL10J', 'xL15JL11J', 'xL15JL12J', 'xL10JL15J', 'xL14JL14J', 'xL10JL14J', 'xL14JL10J', 'xL14JL13J'}
| | | | | | | | | +-- , 86 , {88} , {'xL14JL12J', 'xL15JL12J', 'xL10JL15J', 'xL14JL14J', 'xL10JL14J', 'xL13JL12J', 'xL14JL13J'}
| | | | | | | | | | +-- , 88 , {90} , {'xL13JL13J', 'xL13JL14J', 'xL10JL15J', 'xL14JL14J', 'xL10JL14J', 'xL13JL12J', 'xL14JL13J'}
| | | | | | | | | | | +-- , 90 , set() , {'xL12JL15J', 'xL12JL14J', 'xL13JL13J', 'xL13JL14J', 'xL10JL15J', 'xL14JL14J', 'xL11JL15J', 'xL11JL14J', 'xL10JL14J', 'xL12JL13J', 'xL14JL13J'}
| | | | | | | | +-- , 92 , set() , {'xL9JL12J', 'xL11JL10J', 'xL11JL11J', 'xL11JL12J', 'xL10JL15J', 'xL10JL13J', 'xL9JL13J', 'xL10JL12J', 'xL10JL14J', 'xL10JL11J'}
| | | | +-- , 94 , set() , {'xL14JL7J', 'xL13JL8J', 'xL14JL8J', 'xL15JL8J', 'xL15JL7J'}
| +-- , 3 , {5} , {'xL7JL6J', 'xL8JL13J', 'xL6JL7J', 'xL7JL13J', 'xL11JL6J', 'xL6JL13J', 'xL10JL7J', 'xL11JL7J', 'xL8JL6J', 'xL10JL6J', 'xL7JL7J', 'xL11JL2J', 'xL5JL13J', 'xL14JL2J', 'xL4JL13J', 'xL9JL6J', 'xL12JL2J', 'xL13JL2J', 'xL8JL7J'}
| | +-- , 5 , {9, 61} , {'xL12JL2J', 'xL8JL3J', 'xL7JL6J', 'xL8JL13J', 'xL9JL3J', 'xL6JL7J', 'xL7JL13J', 'xL11JL6J', 'xL6JL13J', 'xL10JL7J', 'xL10JL4J', 'xL7JL3J', 'xL9JL4J', 'xL11JL7J', 'xL6JL3J', 'xL10JL6J', 'xL7JL7J', 'xL11JL2J', 'xL11JL3J', 'xL5JL13J', 'xL4JL13J', 'xL10JL3J', 'xL9JL6J', 'xL12JL3J', 'xL8JL6J', 'xL13JL2J', 'xL8JL7J'}
| | | +-- , 9 , {11, 13} , {'xL9JL3J', 'xL7JL13J', 'xL11JL6J', 'xL6JL13J', 'xL10JL7J', 'xL10JL4J', 'xL9JL4J', 'xL6JL3J', 'xL10JL6J', 'xL7JL7J', 'xL10JL5J', 'xL4JL13J', 'xL9JL6J', 'xL8JL6J', 'xL8JL3J', 'xL7JL6J', 'xL8JL13J', 'xL6JL7J', 'xL11JL7J', 'xL10JL3J', 'xL5JL13J', 'xL7JL3J', 'xL8JL7J'}
| | | | +-- , 11 , set() , {'xL9JL4J', 'xL8JL1J', 'xL8JL2J', 'xL8JL3J', 'xL8JL5J', 'xL9JL3J', 'xL10JL5J', 'xL9JL6J', 'xL9JL2J', 'xL9JL5J', 'xL9JL1J', 'xL8JL6J', 'xL8JL7J'}
| | | | +-- , 13 , {15} , {'xL10JL9J', 'xL7JL6J', 'xL8JL13J', 'xL6JL7J', 'xL7JL13J', 'xL11JL6J', 'xL6JL13J', 'xL10JL7J', 'xL10JL4J', 'xL11JL7J', 'xL6JL3J', 'xL10JL6J', 'xL7JL7J', 'xL11JL8J', 'xL10JL3J', 'xL10JL5J', 'xL4JL13J', 'xL10JL8J', 'xL5JL13J', 'xL7JL3J'}
| | | | | +-- , 15 , {17} , {'xL6JL9J', 'xL10JL9J', 'xL7JL6J', 'xL6JL11J', 'xL8JL13J', 'xL6JL7J', 'xL6JL12J', 'xL6JL8J', 'xL6JL10J', 'xL7JL13J', 'xL6JL13J', 'xL6JL3J', 'xL7JL8J', 'xL7JL7J', 'xL11JL8J', 'xL5JL13J', 'xL4JL13J', 'xL10JL8J', 'xL7JL3J'}
| | | | | | +-- , 17 , {19} , {'xL6JL9J', 'xL10JL9J', 'xL6JL11J', 'xL8JL13J', 'xL6JL12J', 'xL6JL8J', 'xL6JL10J', 'xL7JL13J', 'xL8JL9J', 'xL9JL8J', 'xL6JL3J', 'xL5JL8J', 'xL7JL8J', 'xL11JL8J', 'xL5JL13J', 'xL9JL9J', 'xL10JL8J', 'xL4JL13J', 'xL7JL3J'}
| | | | | | | +-- , 19 , {21} , {'xL6JL9J', 'xL8JL11J', 'xL6JL11J', 'xL8JL13J', 'xL6JL12J', 'xL6JL10J', 'xL7JL13J', 'xL8JL9J', 'xL9JL8J', 'xL6JL3J', 'xL5JL8J', 'xL5JL13J', 'xL9JL9J', 'xL4JL13J', 'xL8JL10J', 'xL9JL10J', 'xL7JL3J'}
| | | | | | | | +-- , 21 , {23} , {'xL6JL9J', 'xL4JL10J', 'xL8JL11J', 'xL3JL10J', 'xL6JL11J', 'xL8JL13J', 'xL6JL12J', 'xL6JL10J', 'xL7JL13J', 'xL7JL3J', 'xL5JL9J', 'xL6JL3J', 'xL5JL8J', 'xL7JL11J', 'xL5JL13J', 'xL7JL10J', 'xL4JL13J', 'xL8JL10J', 'xL9JL10J', 'xL5JL10J'}
| | | | | | | | | +-- , 23 , {25, 59} , {'xL6JL9J', 'xL4JL9J', 'xL4JL10J', 'xL3JL10J', 'xL8JL13J', 'xL6JL12J', 'xL7JL13J', 'xL1JL9J', 'xL7JL14J', 'xL5JL9J', 'xL6JL3J', 'xL7JL15J', 'xL7JL11J', 'xL7JL12J', 'xL7JL10J', 'xL5JL12J', 'xL4JL13J', 'xL5JL13J', 'xL3JL9J', 'xL2JL9J', 'xL7JL3J'}
| | | | | | | | | | +-- , 25 , {27} , {'xL5JL15J', 'xL4JL9J', 'xL4JL10J', 'xL4JL14J', 'xL3JL10J', 'xL4JL15J', 'xL5JL14J', 'xL1JL9J', 'xL6JL3J', 'xL5JL13J', 'xL5JL12J', 'xL4JL13J', 'xL3JL9J', 'xL2JL9J', 'xL7JL3J'}
| | | | | | | | | | | +-- , 27 , {29} , {'xL5JL15J', 'xL3JL15J', 'xL4JL9J', 'xL2JL14J', 'xL4JL10J', 'xL4JL14J', 'xL3JL10J', 'xL4JL15J', 'xL5JL14J', 'xL3JL14J', 'xL1JL9J', 'xL6JL3J', 'xL3JL9J', 'xL2JL9J', 'xL7JL3J'}
| | | | | | | | | | | | +-- , 29 , {31} , {'xL4JL9J', 'xL2JL14J', 'xL4JL10J', 'xL3JL10J', 'xL2JL13J', 'xL1JL9J', 'xL2JL12J', 'xL6JL3J', 'xL2JL11J', 'xL3JL9J', 'xL2JL9J', 'xL7JL3J'}
| | | | | | | | | | | | | +-- , 31 , {34, 53, 55} , {'xL4JL9J', 'xL4JL10J', 'xL3JL6J', 'xL3JL10J', 'xL2JL13J', 'xL3JL12J', 'xL3JL11J', 'xL3JL7J', 'xL1JL9J', 'xL4JL11J', 'xL2JL12J', 'xL6JL3J', 'xL2JL11J', 'xL3JL8J', 'xL3JL9J', 'xL2JL9J', 'xL7JL3J'}
| | | | | | | | | | | | | | +-- , 34 , {51, 38} , {'xL3JL6J', 'xL5JL6J', 'xL6JL3J', 'xL6JL2J', 'xL5JL4J', 'xL5JL5J', 'xL6JL5J', 'xL7JL3J', 'xL3JL7J', 'xL6JL1J'}
| | | | | | | | | | | | | | | +-- , 51 , set() , {'xL6JL3J', 'xL6JL2J', 'xL5JL4J', 'xL6JL5J', 'xL6JL4J', 'xL7JL4J', 'xL7JL3J', 'xL6JL1J'}
| | | | | | | | | | | | | | | +-- , 38 , {40, 49} , {'xL2JL6J', 'xL3JL6J', 'xL1JL6J', 'xL5JL6J', 'xL6JL2J', 'xL5JL5J', 'xL6JL5J', 'xL3JL7J', 'xL6JL1J'}
| | | | | | | | | | | | | | | | +-- , 40 , {43} , {'xL2JL6J', 'xL5JL1J', 'xL1JL6J', 'xL4JL1J', 'xL6JL2J', 'xL2JL2J', 'xL3JL2J', 'xL5JL2J', 'xL6JL1J', 'xL4JL2J'}
| | | | | | | | | | | | | | | | | +-- , 43 , {45} , {'xL2JL6J', 'xL1JL6J', 'xL4JL1J', 'xL4JL3J', 'xL2JL2J', 'xL3JL2J', 'xL4JL2J'}
| | | | | | | | | | | | | | | | | | +-- , 45 , {47} , {'xL2JL6J', 'xL1JL6J', 'xL4JL3J', 'xL2JL2J', 'xL3JL2J', 'xL2JL3J', 'xL3JL3J'}
| | | | | | | | | | | | | | | | | | | +-- , 47 , set() , {'xL2JL6J', 'xL2JL5J', 'xL1JL6J', 'xL3JL4J', 'xL2JL4J', 'xL1JL5J', 'xL1JL4J', 'xL2JL2J', 'xL3JL2J', 'xL2JL3J', 'xL3JL3J'}
| | | | | | | | | | | | | | | | +-- , 49 , set() , {'xL2JL6J', 'xL4JL6J', 'xL3JL6J', 'xL1JL6J', 'xL5JL6J', 'xL5JL5J', 'xL6JL5J', 'xL4JL7J', 'xL4JL5J', 'xL3JL7J'}
| | | | | | | | | | | | | | +-- , 53 , set() , {'xL1JL9J', 'xL1JL8J', 'xL2JL8J', 'xL3JL8J', 'xL2JL9J'}
| | | | | | | | | | | | | | +-- , 55 , {57} , {'xL4JL11J', 'xL2JL12J', 'xL1JL11J', 'xL2JL11J', 'xL2JL13J', 'xL3JL11J', 'xL3JL12J'}
| | | | | | | | | | | | | | | +-- , 57 , set() , {'xL1JL12J', 'xL2JL12J', 'xL1JL13J', 'xL1JL11J', 'xL2JL13J', 'xL3JL12J'}
| | | | | | | | | | +-- , 59 , set() , {'xL7JL14J', 'xL8JL14J', 'xL8JL13J', 'xL7JL15J', 'xL8JL15J'}
| | | +-- , 61 , {63} , {'xL10JL4J', 'xL9JL4J', 'xL11JL2J', 'xL11JL4J', 'xL11JL3J', 'xL12JL3J', 'xL12JL2J', 'xL13JL2J'}
| | | | +-- , 63 , {65} , {'xL12JL1J', 'xL11JL2J', 'xL11JL4J', 'xL11JL3J', 'xL12JL3J', 'xL12JL2J', 'xL13JL2J', 'xL11JL1J'}
| | | | | +-- , 65 , set() , {'xL13JL1J', 'xL13JL2J', 'xL12JL1J', 'xL11JL1J'}


Max number of edges with non zero Y: 16
Max number of iterations of outer rounding loop: 5
Max number of candidate sets: 2
Time spent rounding: 61.766
Time spent solving Separator LP: 23.596
Total time spent solving: 99.441

LP Solver: GaifmanBoosted
Lower Bound Witness = ({'xL12JL1J', 'xL15JL8J', 'xL14JL8J', 'xL3JL10J', 'xL3JL2J', 'xL15JL5J', 'xL10JL7J', 'xL10JL4J', 'xL4JL1J', 'xL11JL2J', 'xL11JL8J', 'xL7JL11J', 'xL14JL2J', 'xL10JL8J', 'xL2JL2J', 'xL9JL6J', 'xL10JL12J', 'xL3JL8J', 'xL9JL5J', 'xL12JL13J', 'xL14JL3J', 'xL5JL15J', 'xL4JL14J', 'xL8JL13J', 'xL4JL15J', 'xL3JL7J', 'xL14JL12J', 'xL14JL11J', 'xL2JL6J', 'xL15JL11J', 'xL2JL8J', 'xL6JL5J', 'xL13JL1J', 'xL1JL4J', 'xL13JL12J', 'xL8JL15J', 'xL3JL15J', 'xL3JL4J', 'xL1JL11J', 'xL12JL6J', 'xL14JL14J', 'xL9JL3J', 'xL6JL12J', 'xL6JL4J', 'xL3JL11J', 'xL11JL6J', 'xL5JL14J', 'xL9JL12J', 'xL9JL8J', 'xL5JL9J', 'xL5JL1J', 'xL1JL6J', 'xL13JL13J', 'xL2JL5J', 'xL10JL6J', 'xL7JL7J', 'xL7JL8J', 'xL10JL5J', 'xL5JL12J', 'xL8JL10J', 'xL2JL3J', 'xL15JL7J', 'xL9JL1J', 'xL6JL1J', 'xL2JL14J', 'xL11JL11J', 'xL8JL3J', 'xL6JL11J', 'xL10JL15J', 'xL13JL9J', 'xL5JL2J', 'xL2JL13J', 'xL4JL5J', 'xL14JL7J', 'xL1JL12J', 'xL1JL8J', 'xL7JL14J', 'xL8JL2J', 'xL11JL12J', 'xL7JL12J', 'xL4JL3J', 'xL7JL3J', 'xL3JL3J', 'xL8JL7J', 'xL11JL10J', 'xL4JL10J', 'xL3JL6J', 'xL5JL5J', 'xL13JL7J', 'xL1JL9J', 'xL9JL4J', 'xL15JL4J', 'xL2JL12J', 'xL5JL6J', 'xL6JL3J', 'xL15JL3J', 'xL6JL2J', 'xL13JL14J', 'xL13JL4J', 'xL4JL13J', 'xL11JL14J', 'xL2JL9J', 'xL8JL6J', 'xL12JL2J', 'xL14JL13J', 'xL4JL2J', 'xL12JL7J', 'xL10JL9J', 'xL13JL8J', 'xL13JL5J', 'xL8JL14J', 'xL8JL1J', 'xL8JL11J', 'xL12JL9J', 'xL11JL4J', 'xL3JL12J', 'xL9JL2J', 'xL3JL14J', 'xL4JL6J', 'xL11JL7J', 'xL15JL10J', 'xL1JL13J', 'xL4JL7J', 'xL10JL3J', 'xL12JL11J', 'xL13JL2J', 'xL6JL9J', 'xL13JL6J', 'xL15JL12J', 'xL6JL10J', 'xL7JL13J', 'xL14JL4J', 'xL11JL1J', 'xL6JL13J', 'xL12JL10J', 'xL5JL8J', 'xL8JL5J', 'xL2JL4J', 'xL7JL10J', 'xL9JL9J', 'xL9JL13J', 'xL11JL15J', 'xL3JL9J', 'xL10JL14J', 'xL9JL10J', 'xL12JL3J', 'xL2JL11J', 'xL13JL10J', 'xL12JL14J', 'xL4JL9J', 'xL7JL6J', 'xL5JL4J', 'xL10JL13J', 'xL6JL7J', 'xL12JL5J', 'xL6JL8J', 'xL8JL9J', 'xL10JL11J', 'xL14JL10J', 'xL7JL4J', 'xL4JL11J', 'xL12JL15J', 'xL7JL15J', 'xL1JL5J', 'xL11JL3J', 'xL5JL13J', 'xL5JL10J', 'xL14JL5J'}, {'xL11JL10J', 'xL6JL9J', 'xL15JL8J', 'xL13JL6J', 'xL9JL3J', 'xL6JL12J', 'xL14JL4J', 'xL7JL13J', 'xL6JL4J', 'xL13JL7J', 'xL10JL7J', 'xL9JL12J', 'xL6JL2J', 'xL10JL6J', 'xL7JL8J', 'xL13JL4J', 'xL8JL6J', 'xL12JL2J', 'xL14JL13J', 'xL6JL1J', 'xL4JL2J', 'xL12JL7J', 'xL12JL14J', 'xL6JL11J', 'xL8JL13J', 'xL5JL4J', 'xL4JL15J', 'xL12JL5J', 'xL7JL4J', 'xL4JL5J', 'xL14JL12J', 'xL12JL11J', 'xL14JL5J', 'xL13JL12J', 'xL8JL7J'})