53, 1.2040816326530615, 5.0, 5
+-- , 0 , {3, 68} , {'xL8JL8J', 'xL7JL8J', 'xL10JL8J', 'xL6JL8J', 'xL9JL8J', 'xL5JL8J'}
| +-- , 3 , {5, 62} , {'xL10JL4J', 'xL10JL5J', 'xL10JL6J', 'xL10JL7J', 'xL10JL8J'}
| | +-- , 5 , {7} , {'xL10JL4J', 'xL12JL4J', 'xL15JL4J', 'xL11JL4J', 'xL14JL4J', 'xL13JL4J'}
| | | +-- , 7 , {14} , {'xL19JL6J', 'xL19JL2J', 'xL18JL5J', 'xL18JL2J', 'xL15JL4J', 'xL16JL2J', 'xL14JL4J', 'xL17JL2J', 'xL19JL3J', 'xL12JL4J', 'xL19JL4J', 'xL19JL5J', 'xL11JL4J', 'xL13JL4J'}
| | | | +-- , 14 , {16} , {'xL19JL6J', 'xL18JL4J', 'xL18JL5J', 'xL18JL2J', 'xL15JL4J', 'xL18JL1J', 'xL16JL2J', 'xL14JL4J', 'xL17JL2J', 'xL19JL3J', 'xL18JL3J', 'xL12JL4J', 'xL19JL4J', 'xL11JL4J', 'xL13JL4J', 'xL18JL6J'}
| | | | | +-- , 16 , {18, 60} , {'xL19JL6J', 'xL15JL3J', 'xL18JL1J', 'xL15JL4J', 'xL16JL2J', 'xL14JL4J', 'xL17JL2J', 'xL19JL3J', 'xL18JL3J', 'xL12JL4J', 'xL11JL4J', 'xL13JL4J', 'xL18JL6J'}
| | | | | | +-- , 18 , {20} , {'xL19JL6J', 'xL15JL3J', 'xL15JL4J', 'xL16JL6J', 'xL14JL4J', 'xL12JL4J', 'xL15JL6J', 'xL17JL6J', 'xL14JL6J', 'xL11JL4J', 'xL13JL4J', 'xL18JL6J'}
| | | | | | | +-- , 20 , {22} , {'xL15JL3J', 'xL15JL4J', 'xL15JL5J', 'xL16JL6J', 'xL14JL4J', 'xL12JL4J', 'xL15JL6J', 'xL17JL6J', 'xL14JL6J', 'xL11JL4J', 'xL13JL4J'}
| | | | | | | | +-- , 22 , {24, 53} , {'xL12JL4J', 'xL17JL6J', 'xL14JL5J', 'xL13JL5J', 'xL15JL5J', 'xL11JL4J', 'xL16JL5J', 'xL14JL6J', 'xL16JL6J', 'xL14JL4J', 'xL13JL4J'}
| | | | | | | | | +-- , 24 , {26} , {'xL17JL6J', 'xL14JL5J', 'xL14JL7J', 'xL16JL5J', 'xL14JL6J', 'xL16JL6J', 'xL14JL4J'}
| | | | | | | | | | +-- , 26 , {28} , {'xL13JL7J', 'xL17JL6J', 'xL14JL7J', 'xL16JL5J', 'xL16JL6J'}
| | | | | | | | | | | +-- , 28 , {43, 30} , {'xL13JL9J', 'xL13JL7J', 'xL17JL6J', 'xL13JL10J', 'xL16JL5J', 'xL16JL6J', 'xL13JL8J'}
| | | | | | | | | | | | +-- , 43 , {51, 47} , {'xL11JL9J', 'xL13JL9J', 'xL11JL10J', 'xL10JL10J', 'xL13JL8J'}
| | | | | | | | | | | | | +-- , 51 , set() , {'xL13JL9J', 'xL11JL9J', 'xL12JL8J', 'xL12JL9J', 'xL13JL8J'}
| | | | | | | | | | | | | +-- , 47 , {49} , {'xL11JL11J', 'xL11JL9J', 'xL11JL10J', 'xL10JL10J'}
| | | | | | | | | | | | | | +-- , 49 , set() , {'xL11JL11J', 'xL10JL10J', 'xL10JL11J'}
| | | | | | | | | | | | +-- , 30 , {32} , {'xL14JL10J', 'xL17JL7J', 'xL17JL8J', 'xL17JL6J', 'xL13JL10J', 'xL16JL8J', 'xL16JL7J', 'xL16JL5J', 'xL15JL10J', 'xL16JL6J', 'xL16JL9J'}
| | | | | | | | | | | | | +-- , 32 , {34, 36} , {'xL14JL10J', 'xL17JL8J', 'xL15JL8J', 'xL18JL8J', 'xL16JL8J', 'xL15JL9J', 'xL15JL10J', 'xL16JL9J'}
| | | | | | | | | | | | | | +-- , 34 , set() , {'xL14JL10J', 'xL15JL8J', 'xL15JL11J', 'xL15JL9J', 'xL15JL10J', 'xL14JL11J'}
| | | | | | | | | | | | | | +-- , 36 , {38} , {'xL18JL9J', 'xL18JL8J', 'xL18JL10J', 'xL18JL11J'}
| | | | | | | | | | | | | | | +-- , 38 , {41} , {'xL18JL9J', 'xL19JL11J', 'xL18JL11J', 'xL19JL10J', 'xL18JL10J', 'xL19JL9J'}
| | | | | | | | | | | | | | | | +-- , 41 , set() , {'xL19JL11J', 'xL17JL10J', 'xL18JL11J', 'xL18JL10J', 'xL19JL10J', 'xL17JL11J'}
| | | | | | | | | +-- , 53 , {55} , {'xL13JL1J', 'xL12JL4J', 'xL13JL3J', 'xL13JL5J', 'xL13JL2J', 'xL11JL4J', 'xL13JL4J'}
| | | | | | | | | | +-- , 55 , {58} , {'xL13JL1J', 'xL11JL3J', 'xL12JL4J', 'xL13JL3J', 'xL12JL2J', 'xL12JL1J', 'xL12JL3J', 'xL13JL2J', 'xL11JL4J'}
| | | | | | | | | | | +-- , 58 , set() , {'xL13JL1J', 'xL12JL2J', 'xL12JL1J', 'xL14JL1J', 'xL14JL2J', 'xL13JL2J'}
| | | | | | +-- , 60 , set() , {'xL17JL2J', 'xL19JL3J', 'xL18JL3J', 'xL15JL3J', 'xL17JL3J', 'xL18JL1J', 'xL16JL2J', 'xL17JL1J', 'xL16JL3J'}
| | +-- , 62 , {64, 66} , {'xL10JL5J', 'xL10JL6J', 'xL10JL7J', 'xL9JL6J'}
| | | +-- , 64 , set() , {'xL10JL7J', 'xL11JL6J', 'xL9JL6J', 'xL11JL7J', 'xL10JL6J'}
| | | +-- , 66 , set() , {'xL10JL5J', 'xL9JL5J', 'xL9JL6J'}
| +-- , 68 , {73} , {'xL2JL7J', 'xL1JL6J', 'xL8JL8J', 'xL6JL8J', 'xL1JL7J', 'xL9JL8J', 'xL5JL8J', 'xL7JL8J', 'xL1JL8J', 'xL1JL9J', 'xL1JL10J'}
| | +-- , 73 , {75} , {'xL2JL7J', 'xL1JL6J', 'xL8JL8J', 'xL2JL8J', 'xL6JL8J', 'xL2JL10J', 'xL9JL8J', 'xL2JL11J', 'xL2JL9J', 'xL5JL8J', 'xL7JL8J', 'xL1JL8J', 'xL1JL9J', 'xL1JL10J', 'xL2JL6J'}
| | | +-- , 75 , {121, 78} , {'xL1JL6J', 'xL8JL8J', 'xL6JL8J', 'xL2JL10J', 'xL4JL9J', 'xL3JL9J', 'xL9JL8J', 'xL2JL11J', 'xL2JL9J', 'xL5JL8J', 'xL7JL8J', 'xL5JL9J', 'xL1JL9J', 'xL1JL10J', 'xL2JL6J'}
| | | | +-- , 121 , set() , {'xL3JL10J', 'xL3JL11J', 'xL2JL10J', 'xL4JL9J', 'xL3JL9J', 'xL1JL10J', 'xL2JL11J', 'xL4JL10J'}
| | | | +-- , 78 , {80} , {'xL6JL6J', 'xL1JL6J', 'xL8JL8J', 'xL6JL8J', 'xL5JL6J', 'xL9JL8J', 'xL5JL8J', 'xL7JL8J', 'xL4JL6J', 'xL5JL9J', 'xL3JL6J', 'xL2JL6J'}
| | | | | +-- , 80 , {82} , {'xL6JL6J', 'xL5JL7J', 'xL8JL8J', 'xL6JL8J', 'xL5JL6J', 'xL9JL8J', 'xL5JL8J', 'xL7JL8J', 'xL4JL6J', 'xL5JL9J', 'xL3JL6J'}
| | | | | | +-- , 82 , {112, 84} , {'xL3JL6J', 'xL5JL7J', 'xL8JL8J', 'xL7JL8J', 'xL4JL7J', 'xL4JL6J', 'xL6JL8J', 'xL7JL7J', 'xL9JL8J', 'xL6JL6J', 'xL6JL7J'}
| | | | | | | +-- , 112 , {114} , {'xL7JL11J', 'xL7JL9J', 'xL8JL8J', 'xL7JL8J', 'xL7JL10J', 'xL7JL7J', 'xL9JL8J'}
| | | | | | | | +-- , 114 , {117} , {'xL6JL10J', 'xL7JL11J', 'xL8JL10J', 'xL7JL9J', 'xL8JL8J', 'xL7JL10J', 'xL9JL8J'}
| | | | | | | | | +-- , 117 , {119} , {'xL6JL10J', 'xL7JL9J', 'xL7JL11J', 'xL8JL10J', 'xL8JL8J', 'xL9JL9J', 'xL9JL8J'}
| | | | | | | | | | +-- , 119 , set() , {'xL6JL10J', 'xL7JL9J', 'xL7JL11J', 'xL8JL10J', 'xL8JL8J', 'xL6JL11J', 'xL8JL9J', 'xL9JL9J', 'xL8JL11J'}
| | | | | | | +-- , 84 , {86} , {'xL3JL6J', 'xL4JL7J', 'xL4JL6J', 'xL6JL8J', 'xL6JL5J', 'xL6JL6J', 'xL6JL7J'}
| | | | | | | | +-- , 86 , {88} , {'xL4JL5J', 'xL4JL7J', 'xL4JL6J', 'xL3JL4J', 'xL4JL4J', 'xL6JL5J', 'xL7JL5J', 'xL4JL3J', 'xL3JL5J', 'xL3JL6J'}
| | | | | | | | | +-- , 88 , {98, 90, 108} , {'xL7JL3J', 'xL5JL3J', 'xL3JL4J', 'xL4JL4J', 'xL5JL4J', 'xL7JL4J', 'xL7JL5J', 'xL2JL4J', 'xL7JL2J', 'xL4JL3J'}
| | | | | | | | | | +-- , 98 , {106, 102} , {'xL7JL3J', 'xL7JL4J', 'xL9JL1J', 'xL9JL2J', 'xL10JL2J'}
| | | | | | | | | | | +-- , 106 , set() , {'xL10JL2J', 'xL9JL1J', 'xL10JL1J'}
| | | | | | | | | | | +-- , 102 , {104} , {'xL7JL4J', 'xL9JL1J', 'xL9JL3J', 'xL9JL2J', 'xL7JL3J'}
| | | | | | | | | | | | +-- , 104 , set() , {'xL8JL4J', 'xL8JL3J', 'xL7JL3J', 'xL7JL4J', 'xL9JL3J'}
| | | | | | | | | | +-- , 90 , {92} , {'xL2JL3J', 'xL2JL4J', 'xL2JL1J', 'xL2JL2J'}
| | | | | | | | | | | +-- , 92 , {94} , {'xL1JL3J', 'xL2JL3J', 'xL2JL1J', 'xL2JL2J'}
| | | | | | | | | | | | +-- , 94 , {96} , {'xL1JL3J', 'xL1JL2J', 'xL1JL1J', 'xL2JL1J', 'xL2JL2J'}
| | | | | | | | | | | | | +-- , 96 , set() , {'xL3JL2J', 'xL1JL2J', 'xL1JL1J', 'xL3JL1J', 'xL2JL1J', 'xL2JL2J'}
| | | | | | | | | | +-- , 108 , {110} , {'xL5JL4J', 'xL6JL2J', 'xL5JL1J', 'xL7JL2J', 'xL5JL3J', 'xL5JL2J'}
| | | | | | | | | | | +-- , 110 , set() , {'xL6JL2J', 'xL6JL1J', 'xL5JL1J'}


Max number of edges with non zero Y: 6
Max number of iterations of outer rounding loop: 2
Max number of candidate sets: 2
Time spent rounding: 16.191
Time spent solving Separator LP: 1.036
Total time spent solving: 24.539

LP Solver: GaifmanBoosted
Lower Bound Witness = ({'xL19JL6J', 'xL15JL8J', 'xL13JL7J', 'xL17JL3J', 'xL18JL11J', 'xL15JL10J', 'xL10JL10J', 'xL14JL11J', 'xL10JL11J', 'xL16JL9J', 'xL17JL2J', 'xL11JL3J', 'xL18JL3J', 'xL12JL2J', 'xL17JL6J', 'xL13JL9J', 'xL19JL11J', 'xL16JL8J', 'xL14JL6J', 'xL11JL4J', 'xL16JL3J', 'xL13JL5J', 'xL11JL11J', 'xL14JL10J', 'xL18JL9J', 'xL13JL3J', 'xL15JL3J', 'xL18JL1J', 'xL15JL4J', 'xL12JL1J', 'xL13JL10J', 'xL18JL8J', 'xL11JL9J', 'xL16JL7J', 'xL19JL9J', 'xL15JL5J', 'xL17JL10J', 'xL16JL2J', 'xL12JL8J', 'xL11JL10J', 'xL17JL1J', 'xL16JL6J', 'xL12JL9J', 'xL13JL8J', 'xL14JL4J', 'xL15JL9J', 'xL17JL7J', 'xL13JL1J', 'xL19JL3J', 'xL17JL8J', 'xL15JL6J', 'xL12JL4J', 'xL15JL11J', 'xL14JL5J', 'xL14JL7J', 'xL19JL10J', 'xL16JL5J', 'xL17JL11J', 'xL12JL3J', 'xL14JL1J', 'xL14JL2J', 'xL18JL10J', 'xL13JL2J', 'xL13JL4J', 'xL18JL6J'}, {'xL17JL2J', 'xL19JL3J', 'xL19JL6J', 'xL18JL3J', 'xL12JL4J', 'xL18JL1J', 'xL15JL4J', 'xL11JL4J', 'xL16JL2J', 'xL14JL4J', 'xL13JL4J', 'xL18JL6J'})