57, 1.4259259259259258, 6.0, 6
+-- , 0 , {75, 3} , {'xL4JL5J', 'xL8JL8J', 'xL7JL8J', 'xL6JL8J', 'xL5JL8J', 'xL3JL5J', 'xL9JL8J', 'xL10JL8J'}
| +-- , 75 , {80} , {'xL2JL7J', 'xL4JL5J', 'xL8JL8J', 'xL2JL8J', 'xL6JL8J', 'xL2JL10J', 'xL3JL5J', 'xL9JL8J', 'xL2JL11J', 'xL2JL9J', 'xL5JL8J', 'xL7JL8J', 'xL3JL11J', 'xL2JL6J'}
| | +-- , 80 , {82} , {'xL2JL7J', 'xL4JL5J', 'xL8JL8J', 'xL2JL8J', 'xL3JL10J', 'xL6JL8J', 'xL2JL10J', 'xL3JL9J', 'xL3JL5J', 'xL9JL8J', 'xL2JL9J', 'xL5JL8J', 'xL7JL8J', 'xL3JL11J', 'xL2JL6J'}
| | | +-- , 82 , {85} , {'xL2JL7J', 'xL1JL6J', 'xL4JL5J', 'xL8JL8J', 'xL2JL8J', 'xL6JL8J', 'xL3JL10J', 'xL2JL10J', 'xL5JL6J', 'xL3JL9J', 'xL3JL5J', 'xL9JL8J', 'xL2JL9J', 'xL5JL8J', 'xL3JL6J', 'xL7JL8J', 'xL4JL6J', 'xL6JL6J', 'xL2JL6J'}
| | | | +-- , 85 , {128, 87} , {'xL2JL7J', 'xL1JL6J', 'xL4JL5J', 'xL8JL8J', 'xL2JL8J', 'xL6JL8J', 'xL3JL10J', 'xL2JL10J', 'xL5JL6J', 'xL3JL9J', 'xL3JL5J', 'xL9JL8J', 'xL2JL9J', 'xL5JL8J', 'xL3JL6J', 'xL7JL8J', 'xL4JL6J', 'xL5JL9J', 'xL6JL6J'}
| | | | | +-- , 128 , {130} , {'xL2JL7J', 'xL1JL6J', 'xL5JL9J', 'xL2JL8J', 'xL1JL9J', 'xL3JL10J', 'xL2JL10J', 'xL4JL9J', 'xL3JL9J', 'xL1JL10J', 'xL2JL9J', 'xL4JL10J'}
| | | | | | +-- , 130 , set() , {'xL2JL7J', 'xL1JL6J', 'xL1JL8J', 'xL2JL8J', 'xL1JL9J', 'xL1JL7J', 'xL1JL10J'}
| | | | | +-- , 87 , {89} , {'xL6JL6J', 'xL5JL7J', 'xL4JL5J', 'xL8JL8J', 'xL6JL8J', 'xL5JL6J', 'xL3JL5J', 'xL9JL8J', 'xL5JL8J', 'xL7JL8J', 'xL4JL6J', 'xL5JL9J', 'xL3JL6J'}
| | | | | | +-- , 89 , {91, 118} , {'xL3JL6J', 'xL5JL7J', 'xL4JL5J', 'xL8JL8J', 'xL7JL8J', 'xL4JL7J', 'xL4JL6J', 'xL6JL8J', 'xL7JL7J', 'xL3JL5J', 'xL9JL8J', 'xL6JL6J', 'xL6JL7J'}
| | | | | | | +-- , 91 , {93} , {'xL3JL6J', 'xL4JL5J', 'xL4JL7J', 'xL4JL6J', 'xL6JL8J', 'xL4JL4J', 'xL6JL5J', 'xL3JL4J', 'xL4JL3J', 'xL3JL5J', 'xL6JL6J', 'xL6JL7J'}
| | | | | | | | +-- , 93 , {95} , {'xL3JL4J', 'xL4JL4J', 'xL6JL5J', 'xL7JL5J', 'xL4JL3J'}
| | | | | | | | | +-- , 95 , {97, 114, 104} , {'xL7JL3J', 'xL5JL3J', 'xL3JL4J', 'xL4JL4J', 'xL5JL4J', 'xL7JL4J', 'xL7JL5J', 'xL2JL4J', 'xL7JL2J', 'xL4JL3J'}
| | | | | | | | | | +-- , 97 , {99} , {'xL2JL3J', 'xL2JL4J', 'xL2JL1J', 'xL2JL2J'}
| | | | | | | | | | | +-- , 99 , {102} , {'xL1JL3J', 'xL2JL3J', 'xL1JL2J', 'xL1JL1J', 'xL2JL1J', 'xL2JL2J'}
| | | | | | | | | | | | +-- , 102 , set() , {'xL3JL2J', 'xL1JL2J', 'xL1JL1J', 'xL3JL1J', 'xL2JL1J', 'xL2JL2J'}
| | | | | | | | | | +-- , 114 , {116} , {'xL5JL4J', 'xL6JL2J', 'xL5JL1J', 'xL7JL2J', 'xL5JL3J', 'xL5JL2J'}
| | | | | | | | | | | +-- , 116 , set() , {'xL6JL2J', 'xL6JL1J', 'xL5JL1J'}
| | | | | | | | | | +-- , 104 , {106} , {'xL8JL4J', 'xL8JL3J', 'xL7JL3J', 'xL7JL4J', 'xL9JL3J'}
| | | | | | | | | | | +-- , 106 , {108} , {'xL9JL1J', 'xL9JL3J', 'xL9JL2J'}
| | | | | | | | | | | | +-- , 108 , {110} , {'xL9JL1J', 'xL9JL2J', 'xL10JL1J'}
| | | | | | | | | | | | | +-- , 110 , set() , {'xL9JL2J', 'xL10JL2J', 'xL10JL1J'}
| | | | | | | +-- , 118 , {120} , {'xL7JL11J', 'xL7JL9J', 'xL8JL8J', 'xL7JL8J', 'xL7JL10J', 'xL7JL7J', 'xL9JL8J'}
| | | | | | | | +-- , 120 , {122, 126} , {'xL7JL9J', 'xL7JL11J', 'xL8JL8J', 'xL8JL9J', 'xL7JL10J', 'xL9JL8J'}
| | | | | | | | | +-- , 122 , {124} , {'xL7JL11J', 'xL8JL10J', 'xL8JL8J', 'xL8JL9J', 'xL7JL10J', 'xL8JL11J'}
| | | | | | | | | | +-- , 124 , set() , {'xL6JL10J', 'xL7JL11J', 'xL8JL10J', 'xL6JL11J', 'xL7JL10J', 'xL8JL11J'}
| | | | | | | | | +-- , 126 , set() , {'xL9JL8J', 'xL8JL9J', 'xL7JL9J', 'xL9JL9J'}
| +-- , 3 , {67, 5} , {'xL10JL4J', 'xL10JL5J', 'xL10JL6J', 'xL10JL7J', 'xL10JL8J'}
| | +-- , 67 , {69} , {'xL10JL5J', 'xL10JL6J', 'xL10JL7J', 'xL9JL5J'}
| | | +-- , 69 , {71} , {'xL10JL6J', 'xL10JL7J', 'xL9JL5J', 'xL9JL6J'}
| | | | +-- , 71 , set() , {'xL10JL7J', 'xL11JL6J', 'xL9JL6J', 'xL11JL7J', 'xL10JL6J'}
| | +-- , 5 , {7} , {'xL10JL4J', 'xL12JL4J', 'xL15JL4J', 'xL11JL4J', 'xL14JL4J', 'xL13JL4J'}
| | | +-- , 7 , {12} , {'xL19JL6J', 'xL19JL2J', 'xL18JL5J', 'xL15JL4J', 'xL14JL4J', 'xL19JL3J', 'xL12JL4J', 'xL19JL4J', 'xL19JL5J', 'xL11JL4J', 'xL13JL4J'}
| | | | +-- , 12 , {14} , {'xL19JL6J', 'xL18JL4J', 'xL19JL2J', 'xL18JL5J', 'xL18JL2J', 'xL18JL1J', 'xL15JL4J', 'xL14JL4J', 'xL19JL3J', 'xL18JL3J', 'xL12JL4J', 'xL19JL4J', 'xL11JL4J', 'xL13JL4J', 'xL18JL6J'}
| | | | | +-- , 14 , {17} , {'xL19JL6J', 'xL19JL2J', 'xL18JL2J', 'xL15JL4J', 'xL18JL1J', 'xL16JL6J', 'xL14JL4J', 'xL19JL3J', 'xL18JL3J', 'xL12JL4J', 'xL17JL6J', 'xL15JL6J', 'xL14JL6J', 'xL11JL4J', 'xL13JL4J', 'xL18JL6J'}
| | | | | | +-- , 17 , {19, 61} , {'xL19JL2J', 'xL18JL2J', 'xL18JL1J', 'xL15JL4J', 'xL15JL5J', 'xL16JL6J', 'xL14JL4J', 'xL19JL3J', 'xL18JL3J', 'xL12JL4J', 'xL15JL6J', 'xL17JL6J', 'xL14JL6J', 'xL11JL4J', 'xL13JL4J'}
| | | | | | | +-- , 19 , {50, 21} , {'xL12JL4J', 'xL17JL6J', 'xL14JL5J', 'xL13JL5J', 'xL15JL5J', 'xL11JL4J', 'xL16JL5J', 'xL14JL6J', 'xL16JL6J', 'xL14JL4J', 'xL13JL4J'}
| | | | | | | | +-- , 50 , {52} , {'xL13JL1J', 'xL12JL4J', 'xL13JL3J', 'xL13JL5J', 'xL13JL2J', 'xL11JL4J', 'xL13JL4J'}
| | | | | | | | | +-- , 52 , {55} , {'xL13JL1J', 'xL12JL4J', 'xL12JL2J', 'xL13JL3J', 'xL14JL2J', 'xL13JL2J', 'xL11JL4J'}
| | | | | | | | | | +-- , 55 , {57, 59} , {'xL13JL1J', 'xL13JL3J', 'xL12JL2J', 'xL12JL4J', 'xL12JL1J', 'xL14JL2J', 'xL11JL4J'}
| | | | | | | | | | | +-- , 57 , set() , {'xL14JL2J', 'xL13JL1J', 'xL12JL1J', 'xL14JL1J'}
| | | | | | | | | | | +-- , 59 , set() , {'xL11JL3J', 'xL12JL4J', 'xL12JL2J', 'xL13JL3J', 'xL12JL1J', 'xL12JL3J', 'xL11JL4J'}
| | | | | | | | +-- , 21 , {23} , {'xL17JL6J', 'xL14JL5J', 'xL14JL7J', 'xL16JL5J', 'xL14JL6J', 'xL16JL6J', 'xL14JL4J'}
| | | | | | | | | +-- , 23 , {25} , {'xL13JL7J', 'xL17JL6J', 'xL14JL7J', 'xL16JL5J', 'xL16JL6J'}
| | | | | | | | | | +-- , 25 , {40, 27} , {'xL13JL9J', 'xL13JL7J', 'xL17JL6J', 'xL13JL10J', 'xL16JL5J', 'xL16JL6J', 'xL13JL8J'}
| | | | | | | | | | | +-- , 40 , {48, 44} , {'xL11JL9J', 'xL13JL9J', 'xL11JL10J', 'xL10JL10J', 'xL13JL8J'}
| | | | | | | | | | | | +-- , 48 , set() , {'xL13JL9J', 'xL11JL9J', 'xL12JL8J', 'xL12JL9J', 'xL13JL8J'}
| | | | | | | | | | | | +-- , 44 , {46} , {'xL11JL11J', 'xL11JL9J', 'xL11JL10J', 'xL10JL10J'}
| | | | | | | | | | | | | +-- , 46 , set() , {'xL11JL11J', 'xL10JL10J', 'xL10JL11J'}
| | | | | | | | | | | +-- , 27 , {29} , {'xL14JL10J', 'xL17JL7J', 'xL17JL8J', 'xL17JL6J', 'xL13JL10J', 'xL16JL8J', 'xL16JL7J', 'xL16JL5J', 'xL15JL10J', 'xL16JL6J', 'xL16JL9J'}
| | | | | | | | | | | | +-- , 29 , {33, 31} , {'xL14JL10J', 'xL17JL8J', 'xL15JL8J', 'xL18JL8J', 'xL16JL8J', 'xL15JL9J', 'xL15JL10J', 'xL16JL9J'}
| | | | | | | | | | | | | +-- , 33 , {35} , {'xL18JL9J', 'xL18JL8J', 'xL18JL10J', 'xL18JL11J'}
| | | | | | | | | | | | | | +-- , 35 , {38} , {'xL18JL9J', 'xL19JL11J', 'xL18JL11J', 'xL18JL10J', 'xL19JL10J', 'xL19JL9J'}
| | | | | | | | | | | | | | | +-- , 38 , set() , {'xL19JL11J', 'xL17JL10J', 'xL18JL11J', 'xL18JL10J', 'xL19JL10J', 'xL17JL11J'}
| | | | | | | | | | | | | +-- , 31 , set() , {'xL14JL10J', 'xL15JL8J', 'xL15JL11J', 'xL15JL9J', 'xL15JL10J', 'xL14JL11J'}
| | | | | | | +-- , 61 , {63} , {'xL19JL3J', 'xL18JL3J', 'xL19JL2J', 'xL15JL3J', 'xL15JL6J', 'xL18JL2J', 'xL18JL1J', 'xL15JL4J', 'xL15JL5J'}
| | | | | | | | +-- , 63 , {65} , {'xL19JL3J', 'xL18JL3J', 'xL19JL2J', 'xL15JL3J', 'xL17JL3J', 'xL18JL2J', 'xL18JL1J', 'xL16JL3J'}
| | | | | | | | | +-- , 65 , set() , {'xL17JL2J', 'xL19JL2J', 'xL17JL3J', 'xL18JL2J', 'xL18JL1J', 'xL16JL2J', 'xL17JL1J', 'xL16JL3J'}


Max number of edges with non zero Y: 6
Max number of iterations of outer rounding loop: 2
Max number of candidate sets: 2
Time spent rounding: 20.331
Time spent solving Separator LP: 1.713
Total time spent solving: 29.505

LP Solver: GaifmanBoosted
Lower Bound Witness = ({'xL2JL7J', 'xL1JL3J', 'xL3JL2J', 'xL4JL5J', 'xL8JL3J', 'xL8JL8J', 'xL4JL7J', 'xL8JL9J', 'xL10JL1J', 'xL3JL10J', 'xL4JL4J', 'xL7JL4J', 'xL2JL10J', 'xL6JL8J', 'xL7JL2J', 'xL1JL7J', 'xL2JL1J', 'xL3JL9J', 'xL3JL5J', 'xL6JL5J', 'xL8JL11J', 'xL2JL9J', 'xL5JL1J', 'xL8JL10J', 'xL6JL11J', 'xL7JL3J', 'xL1JL8J', 'xL5JL9J', 'xL3JL1J', 'xL5JL2J', 'xL5JL4J', 'xL9JL1J', 'xL4JL3J', 'xL10JL2J', 'xL6JL6J', 'xL1JL10J', 'xL1JL6J', 'xL2JL3J', 'xL8JL4J', 'xL7JL9J', 'xL1JL2J', 'xL7JL11J', 'xL6JL2J', 'xL5JL7J', 'xL2JL8J', 'xL5JL3J', 'xL7JL10J', 'xL7JL7J', 'xL5JL6J', 'xL4JL9J', 'xL9JL3J', 'xL9JL2J', 'xL9JL8J', 'xL6JL1J', 'xL4JL10J', 'xL5JL8J', 'xL6JL7J', 'xL6JL10J', 'xL3JL6J', 'xL1JL1J', 'xL7JL8J', 'xL4JL6J', 'xL9JL9J', 'xL1JL9J', 'xL3JL4J', 'xL7JL5J', 'xL2JL4J', 'xL2JL2J'}, {'xL2JL7J', 'xL1JL6J', 'xL3JL6J', 'xL4JL5J', 'xL8JL8J', 'xL7JL8J', 'xL4JL6J', 'xL2JL8J', 'xL6JL8J', 'xL3JL10J', 'xL2JL10J', 'xL5JL6J', 'xL3JL9J', 'xL3JL5J', 'xL9JL8J', 'xL6JL6J', 'xL2JL9J', 'xL5JL8J'})