15, 4.0, 5.5, 6
+-- , 0 , {16, 3, 20, 12} , {'xL20J', 'xL13J', 'xL22J', 'xL7J', 'xL2J', 'xL21J', 'xL15J', 'xL6J', 'xL17J', 'xL0J', 'xL16J'}
| +-- , 16 , {18} , {'xL20J', 'xL13J', 'xL22J', 'xL11J', 'xL21J', 'xL6J', 'xL0J', 'xL16J'}
| | +-- , 18 , set() , {'xL20J', 'xL3J', 'xL11J', 'xL21J', 'xL6J', 'xL0J', 'xL16J'}
| +-- , 3 , {5} , {'xL20J', 'xL1J', 'xL13J', 'xL7J', 'xL15J', 'xL6J', 'xL17J', 'xL16J'}
| | +-- , 5 , {7} , {'xL20J', 'xL1J', 'xL13J', 'xL14J', 'xL7J', 'xL6J', 'xL17J'}
| | | +-- , 7 , set() , {'xL9J', 'xL14J', 'xL7J', 'xL6J', 'xL17J'}
| +-- , 20 , {22} , {'xL20J', 'xL13J', 'xL22J', 'xL21J', 'xL6J', 'xL17J', 'xL4J', 'xL0J', 'xL16J'}
| | +-- , 22 , {32, 24} , {'xL20J', 'xL13J', 'xL22J', 'xL21J', 'xL4J', 'xL17J', 'xL0J', 'xL24J', 'xL16J'}
| | | +-- , 32 , set() , {'xL24J', 'xL12J'}
| | | +-- , 24 , {26, 30} , {'xL20J', 'xL13J', 'xL22J', 'xL19J', 'xL21J', 'xL4J', 'xL17J', 'xL24J', 'xL16J'}
| | | | +-- , 26 , {28} , {'xL19J', 'xL22J', 'xL4J', 'xL24J', 'xL16J', 'xL23J'}
| | | | | +-- , 28 , set() , {'xL18J', 'xL19J', 'xL24J', 'xL16J', 'xL23J'}
| | | | +-- , 30 , set() , {'xL20J', 'xL22J', 'xL10J', 'xL21J', 'xL4J', 'xL17J', 'xL19J', 'xL16J'}
| +-- , 12 , {14} , {'xL5J', 'xL22J', 'xL21J', 'xL2J', 'xL6J', 'xL17J', 'xL0J'}
| | +-- , 14 , set() , {'xL5J', 'xL22J', 'xL8J', 'xL17J', 'xL0J'}


Max number of edges with non zero Y: 4
Max number of iterations of outer rounding loop: 0
Max number of candidate sets: 0
Time spent rounding: 0.000
Time spent solving Separator LP: 2.228
Total time spent solving: 3.097

LP Solver: GaifmanNormalILP
Lower Bound Witness = ({'xL5J', 'xL9J', 'xL22J', 'xL10J', 'xL12J', 'xL16J', 'xL23J', 'xL20J', 'xL18J', 'xL7J', 'xL11J', 'xL15J', 'xL3J', 'xL1J', 'xL13J', 'xL14J', 'xL2J', 'xL17J', 'xL24J', 'xL21J', 'xL6J', 'xL4J', 'xL8J', 'xL0J', 'xL19J'}, {'xL9J', 'xL12J', 'xL16J', 'xL23J', 'xL20J', 'xL7J', 'xL15J', 'xL3J', 'xL1J', 'xL13J', 'xL14J', 'xL2J', 'xL17J', 'xL24J', 'xL21J', 'xL6J', 'xL8J', 'xL0J', 'xL19J'})