12, 2.027712222325967, 6.5, 7
+-- , 0 , {6} , {'xL5J', 'xL3J', 'xL1J', 'xL14J', 'xL2J', 'xL16J', 'xL20J', 'xL7J', 'xL21J', 'xL15J', 'xL0J'}
| +-- , 6 , {8} , {'xL5J', 'xL9J', 'xL13J', 'xL3J', 'xL14J', 'xL2J', 'xL17J', 'xL16J', 'xL20J', 'xL7J', 'xL21J', 'xL15J', 'xL0J'}
| | +-- , 8 , {10} , {'xL5J', 'xL9J', 'xL13J', 'xL3J', 'xL17J', 'xL16J', 'xL20J', 'xL7J', 'xL21J', 'xL15J', 'xL6J', 'xL0J'}
| | | +-- , 10 , {12} , {'xL5J', 'xL3J', 'xL13J', 'xL10J', 'xL17J', 'xL16J', 'xL20J', 'xL7J', 'xL21J', 'xL15J', 'xL6J', 'xL0J'}
| | | | +-- , 12 , {24, 26, 14} , {'xL20J', 'xL5J', 'xL3J', 'xL13J', 'xL22J', 'xL10J', 'xL7J', 'xL15J', 'xL6J', 'xL17J', 'xL0J', 'xL16J'}
| | | | | +-- , 24 , set() , {'xL3J', 'xL13J', 'xL22J', 'xL11J', 'xL16J'}
| | | | | +-- , 26 , set() , {'xL5J', 'xL22J', 'xL8J', 'xL17J', 'xL0J'}
| | | | | +-- , 14 , {16, 22} , {'xL20J', 'xL13J', 'xL22J', 'xL10J', 'xL6J', 'xL17J', 'xL0J', 'xL24J', 'xL16J'}
| | | | | | +-- , 16 , {18} , {'xL20J', 'xL13J', 'xL22J', 'xL10J', 'xL19J', 'xL4J', 'xL6J', 'xL24J', 'xL16J'}
| | | | | | | +-- , 18 , {20} , {'xL19J', 'xL22J', 'xL4J', 'xL24J', 'xL16J', 'xL23J'}
| | | | | | | | +-- , 20 , set() , {'xL18J', 'xL19J', 'xL24J', 'xL16J', 'xL23J'}
| | | | | | +-- , 22 , set() , {'xL24J', 'xL12J'}


Max number of edges with non zero Y: 26
Max number of iterations of outer rounding loop: 5
Max number of candidate sets: 2
Time spent rounding: 25.765
Time spent solving Separator LP: 0.815
Total time spent solving: 29.732

LP Solver: GaifmanBoosted
Lower Bound Witness = ({'xL5J', 'xL22J', 'xL10J', 'xL12J', 'xL16J', 'xL23J', 'xL20J', 'xL18J', 'xL7J', 'xL11J', 'xL15J', 'xL3J', 'xL13J', 'xL17J', 'xL24J', 'xL21J', 'xL6J', 'xL4J', 'xL8J', 'xL0J', 'xL19J'}, {'xL20J', 'xL5J', 'xL3J', 'xL13J', 'xL7J', 'xL21J', 'xL15J', 'xL6J', 'xL17J', 'xL0J', 'xL16J'})