40, 2.7731217660076473, 11.0, 11
+-- , 0 , {1} , {'xL33J', 'xL15J'}
| +-- , 1 , {64, 66, 3, 75, 77, 79, 24, 62} , {'xL69J', 'xL68J', 'xL2J', 'xL56J', 'xL8J', 'xL72J', 'xL29J', 'xL18J', 'xL67J', 'xL40J', 'xL66J', 'xL5J', 'xL10J', 'xL0J'}
| | +-- , 64 , set() , {'xL66J', 'xL5J', 'xL38J'}
| | +-- , 66 , {69} , {'xL35J', 'xL19J', 'xL67J', 'xL2J'}
| | | +-- , 69 , {73, 71} , {'xL35J', 'xL19J', 'xL24J', 'xL2J'}
| | | | +-- , 73 , set() , {'xL24J', 'xL6J'}
| | | | +-- , 71 , set() , {'xL24J', 'xL9J', 'xL2J'}
| | +-- , 3 , {22, 6, 8, 12} , {'xL69J', 'xL59J', 'xL32J', 'xL68J', 'xL8J', 'xL16J', 'xL72J', 'xL67J', 'xL50J', 'xL66J'}
| | | +-- , 22 , set() , {'xL32J', 'xL25J'}
| | | +-- , 6 , set() , {'xL16J', 'xL50J', 'xL8J', 'xL3J'}
| | | +-- , 8 , {10} , {'xL16J', 'xL55J', 'xL67J'}
| | | | +-- , 10 , set() , {'xL55J', 'xL41J', 'xL67J'}
| | | +-- , 12 , {14} , {'xL27J', 'xL59J', 'xL32J', 'xL67J', 'xL50J'}
| | | | +-- , 14 , {16, 20} , {'xL27J', 'xL32J', 'xL67J', 'xL50J', 'xL79J', 'xL26J'}
| | | | | +-- , 16 , {18} , {'xL50J', 'xL79J', 'xL26J', 'xL36J'}
| | | | | | +-- , 18 , set() , {'xL71J', 'xL36J'}
| | | | | +-- , 20 , set() , {'xL12J', 'xL79J'}
| | +-- , 75 , set() , {'xL66J', 'xL49J'}
| | +-- , 77 , set() , {'xL8J', 'xL21J'}
| | +-- , 79 , set() , {'xL10J', 'xL70J'}
| | +-- , 24 , {58, 26, 60} , {'xL53J', 'xL39J', 'xL75J', 'xL72J', 'xL67J', 'xL69J', 'xL14J', 'xL68J', 'xL2J', 'xL8J', 'xL29J', 'xL18J', 'xL40J', 'xL66J', 'xL0J', 'xL47J'}
| | | +-- , 58 , set() , {'xL78J', 'xL14J'}
| | | +-- , 26 , {52, 56, 28} , {'xL53J', 'xL39J', 'xL54J', 'xL75J', 'xL72J', 'xL67J', 'xL69J', 'xL14J', 'xL68J', 'xL2J', 'xL8J', 'xL40J', 'xL18J', 'xL66J', 'xL47J', 'xL76J'}
| | | | +-- , 52 , {54} , {'xL53J', 'xL54J', 'xL42J'}
| | | | | +-- , 54 , set() , {'xL42J', 'xL60J', 'xL54J'}
| | | | +-- , 56 , set() , {'xL54J', 'xL48J', 'xL75J', 'xL1J', 'xL66J'}
| | | | +-- , 28 , {30} , {'xL54J', 'xL75J', 'xL72J', 'xL67J', 'xL63J', 'xL69J', 'xL14J', 'xL68J', 'xL2J', 'xL8J', 'xL18J', 'xL66J'}
| | | | | +-- , 30 , {32, 34, 50} , {'xL69J', 'xL11J', 'xL66J', 'xL14J', 'xL54J', 'xL68J', 'xL75J', 'xL2J', 'xL43J', 'xL8J', 'xL72J', 'xL13J', 'xL67J', 'xL63J'}
| | | | | | +-- , 32 , set() , {'xL28J', 'xL63J', 'xL11J', 'xL8J'}
| | | | | | +-- , 34 , {36} , {'xL11J', 'xL14J', 'xL68J', 'xL75J', 'xL2J', 'xL45J', 'xL43J', 'xL13J', 'xL67J'}
| | | | | | | +-- , 36 , {48, 38, 46} , {'xL14J', 'xL68J', 'xL75J', 'xL45J', 'xL2J', 'xL30J', 'xL43J', 'xL64J', 'xL67J', 'xL20J'}
| | | | | | | | +-- , 48 , set() , {'xL64J', 'xL44J', 'xL20J'}
| | | | | | | | +-- , 38 , {40} , {'xL75J', 'xL2J', 'xL30J', 'xL64J', 'xL73J', 'xL51J'}
| | | | | | | | | +-- , 40 , {42} , {'xL58J', 'xL75J', 'xL74J', 'xL62J', 'xL73J', 'xL51J'}
| | | | | | | | | | +-- , 42 , {44} , {'xL58J', 'xL77J', 'xL23J', 'xL74J', 'xL62J'}
| | | | | | | | | | | +-- , 44 , set() , {'xL7J', 'xL77J', 'xL23J'}
| | | | | | | | +-- , 46 , set() , {'xL14J', 'xL68J', 'xL75J', 'xL30J', 'xL52J'}
| | | | | | +-- , 50 , set() , {'xL11J', 'xL37J', 'xL68J', 'xL65J', 'xL43J'}
| | | +-- , 60 , set() , {'xL61J', 'xL14J'}
| | +-- , 62 , set() , {'xL72J', 'xL34J'}


Max number of edges with non zero Y: 31
Max number of iterations of outer rounding loop: 5
Max number of candidate sets: 2
Time spent rounding: 15.866
Time spent solving Separator LP: 1.943
Total time spent solving: 23.170

LP Solver: GaifmanBoosted
Lower Bound Witness = ({'xL11J', 'xL37J', 'xL34J', 'xL54J', 'xL3J', 'xL75J', 'xL74J', 'xL56J', 'xL24J', 'xL65J', 'xL21J', 'xL35J', 'xL13J', 'xL6J', 'xL67J', 'xL63J', 'xL44J', 'xL12J', 'xL10J', 'xL78J', 'xL25J', 'xL27J', 'xL58J', 'xL14J', 'xL68J', 'xL61J', 'xL8J', 'xL36J', 'xL16J', 'xL40J', 'xL7J', 'xL66J', 'xL73J', 'xL49J', 'xL26J', 'xL47J', 'xL53J', 'xL76J', 'xL32J', 'xL41J', 'xL77J', 'xL39J', 'xL28J', 'xL0J', 'xL45J', 'xL1J', 'xL30J', 'xL43J', 'xL70J', 'xL72J', 'xL19J', 'xL52J', 'xL50J', 'xL5J', 'xL51J', 'xL79J', 'xL69J', 'xL59J', 'xL23J', 'xL48J', 'xL42J', 'xL2J', 'xL62J', 'xL71J', 'xL60J', 'xL64J', 'xL9J', 'xL55J', 'xL18J', 'xL29J', 'xL20J', 'xL38J'}, {'xL37J', 'xL34J', 'xL24J', 'xL75J', 'xL74J', 'xL56J', 'xL65J', 'xL44J', 'xL12J', 'xL10J', 'xL25J', 'xL27J', 'xL61J', 'xL8J', 'xL16J', 'xL40J', 'xL66J', 'xL73J', 'xL41J', 'xL77J', 'xL0J', 'xL43J', 'xL5J', 'xL69J', 'xL59J', 'xL48J', 'xL42J', 'xL29J', 'xL18J', 'xL20J', 'xL38J'})