49, 2.695489370880046, 7.0, 7
+-- , 0 , {98, 99, 3, 36, 9, 74, 46, 80, 48, 50, 84, 86, 94} , {'xL11J', 'xL54J', 'xL3J', 'xL75J', 'xL74J', 'xL62J', 'xL65J', 'xL43J', 'xL8J', 'xL16J', 'xL13J', 'xL67J', 'xL66J', 'xL73J'}
| +-- , 98 , set() , {'xL66J', 'xL49J'}
| +-- , 99 , set() , {'xL33J', 'xL15J'}
| +-- , 3 , {5} , {'xL16J', 'xL55J', 'xL67J'}
| | +-- , 5 , set() , {'xL55J', 'xL41J', 'xL67J'}
| +-- , 36 , {38, 40, 44} , {'xL11J', 'xL77J', 'xL23J', 'xL45J', 'xL74J', 'xL43J', 'xL62J', 'xL64J', 'xL13J'}
| | +-- , 38 , set() , {'xL64J', 'xL44J', 'xL45J', 'xL20J'}
| | +-- , 40 , {42} , {'xL64J', 'xL77J', 'xL51J'}
| | | +-- , 42 , set() , {'xL58J', 'xL77J', 'xL51J'}
| | +-- , 44 , set() , {'xL7J', 'xL77J', 'xL23J'}
| +-- , 9 , {32, 34, 11} , {'xL11J', 'xL3J', 'xL8J', 'xL72J', 'xL13J', 'xL67J', 'xL66J', 'xL79J'}
| | +-- , 32 , set() , {'xL72J', 'xL34J'}
| | +-- , 34 , set() , {'xL12J', 'xL79J'}
| | +-- , 11 , {24, 13, 30} , {'xL11J', 'xL3J', 'xL8J', 'xL36J', 'xL72J', 'xL66J', 'xL79J'}
| | | +-- , 24 , {26} , {'xL72J', 'xL66J', 'xL26J', 'xL36J'}
| | | | +-- , 26 , {28} , {'xL72J', 'xL32J', 'xL66J', 'xL26J'}
| | | | | +-- , 28 , set() , {'xL32J', 'xL25J'}
| | | +-- , 13 , {16} , {'xL11J', 'xL59J', 'xL3J', 'xL28J', 'xL8J', 'xL36J', 'xL72J', 'xL79J'}
| | | | +-- , 16 , {18, 22} , {'xL11J', 'xL59J', 'xL3J', 'xL28J', 'xL36J', 'xL72J', 'xL50J', 'xL79J'}
| | | | | +-- , 18 , {20} , {'xL69J', 'xL72J', 'xL11J', 'xL50J', 'xL28J'}
| | | | | | +-- , 20 , set() , {'xL69J', 'xL28J', 'xL72J', 'xL18J', 'xL63J'}
| | | | | +-- , 22 , set() , {'xL50J', 'xL27J', 'xL59J', 'xL79J'}
| | | +-- , 30 , set() , {'xL71J', 'xL36J'}
| +-- , 74 , {76} , {'xL53J', 'xL54J', 'xL66J', 'xL75J'}
| | +-- , 76 , {78} , {'xL53J', 'xL54J', 'xL42J'}
| | | +-- , 78 , set() , {'xL42J', 'xL60J', 'xL54J'}
| +-- , 46 , set() , {'xL43J', 'xL37J', 'xL65J'}
| +-- , 80 , {82} , {'xL54J', 'xL39J'}
| | +-- , 82 , set() , {'xL29J', 'xL39J'}
| +-- , 48 , set() , {'xL8J', 'xL21J'}
| +-- , 50 , {52} , {'xL11J', 'xL54J', 'xL68J', 'xL75J', 'xL65J', 'xL16J', 'xL67J', 'xL66J', 'xL73J'}
| | +-- , 52 , {72, 54} , {'xL11J', 'xL54J', 'xL68J', 'xL75J', 'xL67J', 'xL52J', 'xL66J', 'xL73J'}
| | | +-- , 72 , set() , {'xL73J', 'xL30J', 'xL67J', 'xL52J'}
| | | +-- , 54 , {56, 66} , {'xL52J', 'xL11J', 'xL54J', 'xL68J', 'xL66J', 'xL76J'}
| | | | +-- , 56 , {64, 58, 62} , {'xL40J', 'xL66J', 'xL76J', 'xL38J'}
| | | | | +-- , 64 , set() , {'xL40J', 'xL56J'}
| | | | | +-- , 58 , {60} , {'xL40J', 'xL10J'}
| | | | | | +-- , 60 , set() , {'xL10J', 'xL70J'}
| | | | | +-- , 62 , set() , {'xL5J', 'xL40J', 'xL38J'}
| | | | +-- , 66 , {68, 70} , {'xL11J', 'xL14J', 'xL52J', 'xL68J', 'xL76J'}
| | | | | +-- , 68 , set() , {'xL78J', 'xL14J'}
| | | | | +-- , 70 , set() , {'xL61J', 'xL14J'}
| +-- , 84 , set() , {'xL54J', 'xL48J', 'xL75J', 'xL1J', 'xL66J'}
| +-- , 86 , {88} , {'xL73J', 'xL35J', 'xL67J', 'xL75J', 'xL2J'}
| | +-- , 88 , {90, 92} , {'xL35J', 'xL19J', 'xL24J', 'xL2J'}
| | | +-- , 90 , set() , {'xL24J', 'xL9J', 'xL2J'}
| | | +-- , 92 , set() , {'xL24J', 'xL6J'}
| +-- , 94 , {96} , {'xL47J', 'xL54J'}
| | +-- , 96 , set() , {'xL0J', 'xL47J'}


Max number of edges with non zero Y: 24
Max number of iterations of outer rounding loop: 4
Max number of candidate sets: 2
Time spent rounding: 10.924
Time spent solving Separator LP: 1.272
Total time spent solving: 16.642

LP Solver: GaifmanBoosted
Lower Bound Witness = ({'xL11J', 'xL37J', 'xL34J', 'xL54J', 'xL3J', 'xL75J', 'xL74J', 'xL56J', 'xL24J', 'xL65J', 'xL21J', 'xL35J', 'xL13J', 'xL6J', 'xL67J', 'xL63J', 'xL44J', 'xL12J', 'xL10J', 'xL78J', 'xL25J', 'xL27J', 'xL58J', 'xL14J', 'xL68J', 'xL61J', 'xL8J', 'xL36J', 'xL16J', 'xL40J', 'xL7J', 'xL66J', 'xL73J', 'xL49J', 'xL26J', 'xL47J', 'xL53J', 'xL76J', 'xL32J', 'xL41J', 'xL77J', 'xL39J', 'xL28J', 'xL0J', 'xL45J', 'xL1J', 'xL30J', 'xL43J', 'xL70J', 'xL72J', 'xL19J', 'xL52J', 'xL50J', 'xL5J', 'xL51J', 'xL79J', 'xL69J', 'xL59J', 'xL23J', 'xL48J', 'xL42J', 'xL2J', 'xL62J', 'xL71J', 'xL60J', 'xL64J', 'xL9J', 'xL55J', 'xL18J', 'xL29J', 'xL20J', 'xL38J'}, {'xL11J', 'xL54J', 'xL3J', 'xL75J', 'xL74J', 'xL65J', 'xL13J', 'xL67J', 'xL78J', 'xL27J', 'xL58J', 'xL68J', 'xL16J', 'xL49J', 'xL41J', 'xL45J', 'xL50J', 'xL5J', 'xL79J', 'xL48J', 'xL2J', 'xL64J', 'xL29J', 'xL18J', 'xL20J'})