11, 0, 7.666666666666667, 12
+-- , 18 , {16} , {'20', '23', '56', '39', '43', '26', '29', '19', '21', '48', '9', '34', '44', '16', '33', '47', '59', '51', '14', '3', '35', '5', '58', '50', '37', '27', '12', '38', '6', '53'}
| +-- , 16 , {20, 14} , {'20', '11', '13', '23', '55', '56', '6', '39', '43', '19', '21', '48', '9', '1', '45', '34', '44', '16', '33', '30', '47', '28', '51', '25', '3', '31', '35', '5', '58', '50', '37', '27', '12', '14', '53'}
| | +-- , 20 , set() , {'30', '21', '20', '48', '1', '41', '3', '6', '12', '27', '5', '44', '14', '16'}
| | +-- , 14 , {12} , {'20', '11', '13', '23', '55', '56', '6', '39', '43', '32', '19', '21', '9', '1', '45', '34', '44', '16', '33', '30', '47', '49', '28', '51', '25', '3', '57', '31', '54', '35', '5', '17', '58', '50', '27', '12', '4', '14', '53'}
| | | +-- , 12 , {10} , {'20', '13', '55', '39', '43', '18', '21', '1', '45', '47', '3', '57', '54', '5', '15', '27', '11', '23', '56', '32', '19', '9', '34', '44', '16', '33', '30', '8', '28', '49', '25', '51', '31', '35', '17', '58', '50', '12', '4', '6', '53'}
| | | | +-- , 10 , {8} , {'20', '13', '55', '39', '43', '18', '21', '45', '47', '3', '57', '54', '5', '42', '15', '27', '11', '23', '56', '32', '19', '9', '34', '44', '16', '33', '30', '8', '28', '49', '25', '31', '35', '17', '58', '50', '12', '4', '6', '53'}
| | | | | +-- , 8 , {6} , {'20', '13', '23', '55', '56', '43', '32', '18', '19', '21', '9', '45', '34', '44', '16', '33', '47', '8', '28', '49', '25', '10', '3', '57', '31', '54', '35', '5', '17', '58', '50', '42', '15', '27', '12', '4', '11', '53'}
| | | | | | +-- , 6 , {0} , {'20', '52', '13', '23', '55', '56', '32', '18', '19', '21', '9', '45', '34', '44', '16', '33', '47', '8', '28', '49', '25', '10', '3', '57', '31', '54', '35', '5', '17', '58', '50', '42', '24', '15', '27', '12', '4', '11', '53'}
| | | | | | | +-- , 0 , {22, 24} , {'0', '20', '52', '13', '55', '23', '40', '56', '32', '18', '19', '21', '9', '34', '44', '33', '16', '36', '8', '28', '49', '10', '25', '3', '57', '31', '54', '35', '5', '58', '50', '42', '24', '15', '27', '12', '4', '11', '53'}
| | | | | | | | +-- , 22 , set() , {'7', '13', '56', '54', '4', '33'}
| | | | | | | | +-- , 24 , set() , {'49', '9', '46', '3', '22', '27', '34'}


Max number of edges with non zero Y: 32
Max number of iterations of outer rounding loop: 8
Max number of candidate sets: 2
Time spent rounding: 5.453
Time spent solving Separator LP: 0.036
Total time spent solving: 6.750

LP Solver: gammaPlusFractionalCoverHeuristic
Number of Rounding Attemps: 16
Lower Bound Witness = ({'0', '20', '52', '11', '7', '13', '23', '40', '55', '46', '56', '6', '39', '43', '26', '32', '18', '29', '19', '21', '48', '9', '1', '22', '45', '34', '44', '16', '33', '30', '36', '47', '59', '8', '28', '25', '49', '51', '10', '3', '57', '31', '54', '35', '5', '17', '58', '50', '42', '24', '41', '15', '37', '27', '12', '4', '38', '14', '53'}, {'14', '4', '6', '16', '29'})