13, 0, 7.743424317617866, 11
+-- , 9 , {7} , {'20', '56', '43', '29', '19', '21', '9', '34', '44', '16', '47', '59', '51', '3', '5', '58', '50', '37', '27', '38', '14', '53'}
| +-- , 7 , {5, 11} , {'20', '11', '13', '55', '56', '6', '39', '43', '32', '18', '19', '21', '48', '9', '34', '44', '16', '33', '30', '47', '8', '51', '25', '3', '57', '31', '35', '5', '58', '50', '42', '37', '27', '12', '4', '38', '14', '53'}
| | +-- , 5 , {3, 21} , {'20', '11', '13', '55', '40', '56', '6', '39', '32', '18', '19', '21', '48', '9', '45', '34', '44', '16', '33', '30', '47', '8', '28', '25', '3', '57', '31', '35', '5', '58', '50', '42', '37', '27', '12', '4', '38', '14', '53'}
| | | +-- , 3 , {0, 23} , {'13', '23', '40', '55', '56', '39', '18', '19', '21', '48', '9', '45', '34', '44', '16', '33', '47', '28', '25', '14', '3', '57', '31', '35', '58', '37', '27', '12', '4', '38', '6', '53'}
| | | | +-- , 0 , {25} , {'13', '23', '40', '55', '46', '56', '39', '18', '19', '21', '9', '22', '45', '34', '44', '16', '33', '47', '28', '25', '14', '3', '57', '31', '35', '58', '37', '27', '12', '4', '38', '6', '53'}
| | | | | +-- , 25 , set() , {'0', '13', '23', '40', '55', '46', '56', '39', '18', '19', '21', '9', '22', '45', '34', '44', '16', '33', '36', '47', '49', '28', '25', '14', '3', '57', '31', '35', '58', '27', '12', '4', '6'}
| | | | +-- , 23 , set() , {'48', '23', '56', '37', '38', '12', '35', '39', '26', '6', '14', '33', '53'}
| | | +-- , 21 , set() , {'19', '58', '20', '50', '47', '52', '28', '32', '55', '24', '12', '27', '4', '45', '5', '44', '53', '18'}
| | +-- , 11 , {13, 15} , {'20', '11', '13', '55', '56', '6', '39', '43', '32', '18', '19', '21', '48', '1', '34', '44', '16', '33', '30', '8', '51', '25', '3', '57', '31', '35', '5', '58', '15', '37', '27', '12', '4', '14', '53'}
| | | +-- , 13 , set() , {'30', '21', '20', '48', '1', '41', '3', '6', '12', '27', '5', '44', '14', '16'}
| | | +-- , 15 , {17} , {'20', '11', '13', '55', '56', '39', '43', '32', '19', '21', '1', '34', '33', '10', '25', '3', '57', '31', '35', '5', '17', '15', '27', '12', '4', '14', '53'}
| | | | +-- , 17 , {19} , {'13', '25', '55', '3', '56', '31', '54', '39', '5', '32', '17', '21', '1', '12', '27', '4', '14', '33'}
| | | | | +-- , 19 , set() , {'7', '13', '56', '54', '4', '33'}


Max number of edges with non zero Y: 34
Max number of iterations of outer rounding loop: 5
Max number of candidate sets: 2
Time spent rounding: 9.217
Time spent solving Separator LP: 0.045
Total time spent solving: 10.344

LP Solver: gammaPlusFractionalCoverHeuristic
Number of Rounding Attemps: 16
Lower Bound Witness = ({'0', '20', '52', '11', '7', '13', '23', '40', '55', '46', '56', '6', '39', '43', '26', '32', '18', '29', '19', '21', '48', '9', '1', '22', '45', '34', '44', '16', '33', '30', '36', '47', '59', '8', '28', '25', '49', '51', '10', '3', '57', '31', '54', '35', '5', '17', '58', '50', '42', '24', '41', '15', '37', '27', '12', '4', '38', '14', '53'}, {'0', '51', '9', '1', '55'})