10, 0, 8.428571428571429, 10
+-- , 6 , {8, 0} , {'20', '13', '39', '43', '21', '45', '47', '3', '54', '5', '42', '24', '27', '11', '14', '23', '40', '56', '26', '32', '29', '19', '9', '44', '16', '33', '59', '28', '49', '51', '10', '31', '35', '17', '58', '50', '37', '12', '4', '38', '6', '53'}
| +-- , 8 , {11} , {'20', '13', '55', '39', '43', '21', '1', '45', '47', '3', '54', '5', '42', '24', '27', '14', '11', '52', '23', '40', '56', '26', '32', '19', '44', '16', '33', '49', '28', '51', '10', '25', '31', '35', '17', '58', '50', '37', '12', '4', '6', '53'}
| | +-- , 11 , {17, 13} , {'20', '52', '11', '13', '23', '40', '55', '56', '6', '39', '26', '32', '19', '21', '1', '45', '44', '16', '33', '47', '8', '28', '49', '25', '10', '3', '31', '35', '5', '58', '50', '42', '15', '37', '27', '12', '4', '14', '53'}
| | | +-- , 17 , {19} , {'20', '52', '11', '13', '23', '40', '55', '56', '39', '32', '18', '19', '21', '1', '45', '44', '33', '16', '8', '28', '49', '25', '10', '57', '31', '35', '15', '27', '12', '14', '53'}
| | | | +-- , 19 , set() , {'19', '36', '0', '21', '49', '28', '23', '40', '25', '55', '56', '57', '12', '35', '44', '16', '18'}
| | | +-- , 13 , {15} , {'20', '11', '23', '55', '6', '26', '19', '21', '48', '1', '45', '44', '30', '33', '16', '47', '8', '28', '25', '3', '35', '5', '58', '15', '37', '27', '12', '14', '53'}
| | | | +-- , 15 , set() , {'30', '21', '20', '48', '1', '41', '3', '6', '12', '27', '5', '44', '14', '16'}
| +-- , 0 , {23, 21} , {'20', '13', '23', '40', '56', '39', '43', '26', '32', '29', '19', '21', '9', '34', '16', '33', '47', '59', '28', '49', '10', '51', '3', '31', '54', '35', '5', '17', '58', '50', '42', '24', '27', '12', '4', '38', '6', '53'}
| | +-- , 23 , set() , {'49', '9', '46', '3', '22', '27', '34'}
| | +-- , 21 , set() , {'7', '13', '56', '54', '4', '33'}


Max number of edges with non zero Y: 29
Max number of iterations of outer rounding loop: 6
Max number of candidate sets: 2
Time spent rounding: 0.455
Time spent solving Separator LP: 0.024
Total time spent solving: 0.991

LP Solver: gammaPlusFractionalCoverHeuristic
Number of Rounding Attemps: 2
Lower Bound Witness = ({'0', '20', '52', '11', '7', '13', '23', '40', '55', '46', '56', '6', '39', '43', '26', '32', '18', '29', '19', '21', '48', '9', '1', '22', '45', '34', '44', '16', '33', '30', '36', '47', '59', '8', '28', '25', '49', '51', '10', '3', '57', '31', '54', '35', '5', '17', '58', '50', '42', '24', '41', '15', '37', '27', '12', '4', '38', '14', '53'}, {'50', '47', '46', '55', '26'})