11, 0, 8.516349809885932, 11
+-- , 3 , {0} , {'20', '56', '43', '29', '21', '9', '1', '34', '44', '16', '59', '51', '25', '3', '5', '58', '50', '37', '6', '53'}
| +-- , 0 , {7, 11, 13, 19, 21, 23} , {'20', '13', '23', '40', '55', '56', '6', '39', '43', '32', '18', '29', '19', '21', '48', '9', '1', '34', '44', '16', '33', '30', '36', '47', '8', '49', '25', '3', '57', '54', '35', '5', '58', '50', '42', '37', '27', '12', '4', '14', '53'}
| | +-- , 7 , {9} , {'20', '11', '13', '55', '40', '56', '39', '43', '32', '19', '21', '9', '1', '34', '44', '16', '33', '30', '8', '49', '25', '3', '57', '31', '54', '35', '5', '58', '50', '42', '37', '12', '4', '14', '53'}
| | | +-- , 9 , set() , {'20', '11', '55', '56', '39', '43', '32', '19', '21', '1', '34', '16', '30', '8', '10', '25', '3', '57', '31', '54', '35', '5', '17', '58', '15', '4', '14', '53'}
| | +-- , 11 , set() , {'23', '56', '39', '26', '29', '19', '48', '9', '33', '16', '47', '14', '35', '37', '27', '12', '38', '6', '53'}
| | +-- , 13 , {17, 15} , {'20', '13', '23', '40', '55', '32', '18', '19', '48', '9', '45', '44', '16', '33', '30', '36', '47', '49', '28', '25', '35', '5', '58', '50', '24', '37', '27', '12', '4', '6', '53'}
| | | +-- , 17 , set() , {'19', '58', '20', '52', '55', '24', '12', '27', '45', '5', '44', '53', '18'}
| | | +-- , 15 , set() , {'19', '36', '0', '49', '28', '23', '25', '40', '12', '35', '44', '16'}
| | +-- , 19 , set() , {'7', '13', '56', '54', '4', '33'}
| | +-- , 21 , set() , {'30', '21', '20', '48', '1', '41', '3', '6', '12', '27', '5', '44', '14', '16'}
| | +-- , 23 , set() , {'49', '9', '46', '3', '22', '27', '34'}


Max number of edges with non zero Y: 32
Max number of iterations of outer rounding loop: 3
Max number of candidate sets: 2
Time spent rounding: 0.301
Time spent solving Separator LP: 0.013
Total time spent solving: 0.703

LP Solver: gammaPlusFractionalCoverHeuristic
Number of Rounding Attemps: 4
Lower Bound Witness = ({'0', '20', '52', '11', '7', '13', '23', '40', '55', '46', '56', '6', '39', '43', '26', '32', '18', '29', '19', '21', '48', '9', '1', '22', '45', '34', '44', '16', '33', '30', '36', '47', '59', '8', '28', '25', '49', '51', '10', '3', '57', '31', '54', '35', '5', '17', '58', '50', '42', '24', '41', '15', '37', '27', '12', '4', '38', '14', '53'}, {'20', '59', '23', '24', '30'})