24, 3.095136554927682, 7.0, 7
+-- , 0 , {48, 52, 5, 30} , {'xL18J', 'xL29J', 'xL28J', 'xL22J', 'xL39J', 'xL38J', 'xL36J', 'xL19J', 'xL5J', 'xL11J', 'xL16J', 'xL27J'}
| +-- , 48 , {50} , {'xL11J', 'xL1J', 'xL28J', 'xL29J'}
| | +-- , 50 , set() , {'xL24J', 'xL1J', 'xL28J'}
| +-- , 52 , set() , {'xL19J', 'xL15J', 'xL22J'}
| +-- , 5 , {9, 11} , {'xL18J', 'xL29J', 'xL28J', 'xL22J', 'xL39J', 'xL21J', 'xL5J', 'xL12J', 'xL27J', 'xL8J', 'xL38J', 'xL19J', 'xL11J', 'xL16J'}
| | +-- , 9 , set() , {'xL31J', 'xL12J', 'xL27J'}
| | +-- , 11 , {13} , {'xL29J', 'xL28J', 'xL22J', 'xL39J', 'xL21J', 'xL12J', 'xL5J', 'xL27J', 'xL8J', 'xL10J', 'xL38J', 'xL19J', 'xL11J', 'xL16J'}
| | | +-- , 13 , {28, 15} , {'xL29J', 'xL28J', 'xL22J', 'xL39J', 'xL21J', 'xL5J', 'xL27J', 'xL35J', 'xL8J', 'xL10J', 'xL38J', 'xL19J', 'xL11J', 'xL16J'}
| | | | +-- , 28 , set() , {'xL35J', 'xL0J', 'xL27J'}
| | | | +-- , 15 , {17} , {'xL29J', 'xL22J', 'xL39J', 'xL20J', 'xL21J', 'xL5J', 'xL35J', 'xL8J', 'xL10J', 'xL38J', 'xL19J', 'xL11J', 'xL16J'}
| | | | | +-- , 17 , {20} , {'xL29J', 'xL22J', 'xL20J', 'xL30J', 'xL21J', 'xL5J', 'xL2J', 'xL35J', 'xL10J', 'xL38J', 'xL19J', 'xL11J', 'xL16J'}
| | | | | | +-- , 20 , {26, 22} , {'xL35J', 'xL10J', 'xL22J', 'xL17J', 'xL19J', 'xL30J', 'xL21J', 'xL5J', 'xL16J', 'xL2J', 'xL11J'}
| | | | | | | +-- , 26 , set() , {'xL35J', 'xL22J', 'xL14J', 'xL17J', 'xL2J', 'xL16J'}
| | | | | | | +-- , 22 , {24} , {'xL10J', 'xL17J', 'xL19J', 'xL30J', 'xL21J', 'xL13J'}
| | | | | | | | +-- , 24 , set() , {'xL10J', 'xL7J', 'xL19J', 'xL30J', 'xL13J'}
| +-- , 30 , {32, 42} , {'xL18J', 'xL29J', 'xL22J', 'xL39J', 'xL36J', 'xL6J', 'xL27J', 'xL4J', 'xL38J', 'xL19J', 'xL11J', 'xL16J'}
| | +-- , 32 , {34, 36} , {'xL18J', 'xL23J', 'xL39J', 'xL38J', 'xL36J', 'xL19J', 'xL6J', 'xL11J', 'xL16J', 'xL27J', 'xL4J', 'xL3J'}
| | | +-- , 34 , set() , {'xL26J', 'xL3J', 'xL38J'}
| | | +-- , 36 , {40, 38} , {'xL18J', 'xL23J', 'xL39J', 'xL37J', 'xL16J', 'xL27J', 'xL3J'}
| | | | +-- , 40 , set() , {'xL18J', 'xL33J', 'xL37J'}
| | | | +-- , 38 , set() , {'xL32J', 'xL23J', 'xL39J', 'xL37J', 'xL27J'}
| | +-- , 42 , {44} , {'xL29J', 'xL22J', 'xL6J', 'xL27J', 'xL34J'}
| | | +-- , 44 , {46} , {'xL29J', 'xL6J', 'xL27J', 'xL25J', 'xL34J'}
| | | | +-- , 46 , set() , {'xL6J', 'xL27J', 'xL25J', 'xL34J', 'xL9J'}


Max number of edges with non zero Y: 33
Max number of iterations of outer rounding loop: 4
Max number of candidate sets: 2
Time spent rounding: 22.371
Time spent solving Separator LP: 1.345

LP Solver: GaifmanBoosted