11, 0, 6.5, 8
+-- , 3 , {0} , {'40', '43', '12', '29', '13', '17', '3', '6', '46'}
| +-- , 0 , {5, 9, 25} , {'23', '18', '40', '2', '30', '22', '6', '31', '43', '19', '26', '28', '25', '16', '17', '3', '46'}
| | +-- , 5 , set() , {'38', '17', '23', '19'}
| | +-- , 9 , {12} , {'9', '18', '30', '22', '31', '43', '17', '23', '42', '40', '2', '6', '20', '19', '28', '25', '36', '16', '3', '46'}
| | | +-- , 12 , {15} , {'18', '30', '46', '22', '31', '43', '17', '23', '42', '35', '2', '6', '20', '19', '28', '25', '36', '16', '3', '33', '44'}
| | | | +-- , 15 , {17} , {'18', '30', '22', '31', '43', '17', '23', '42', '35', '34', '2', '6', '15', '20', '8', '28', '25', '36', '16', '3', '33', '46'}
| | | | | +-- , 17 , {19, 21, 23} , {'23', '21', '18', '35', '4', '2', '30', '5', '0', '22', '6', '15', '20', '31', '8', '32', '11', '28', '25', '36', '16', '17', '3', '33', '46'}
| | | | | | +-- , 19 , set() , {'20', '21', '8', '37', '4', '24', '0', '11', '16', '46'}
| | | | | | +-- , 21 , set() , {'39', '11', '30', '16', '22'}
| | | | | | +-- , 23 , set() , {'31', '35', '41', '2', '28', '25', '5', '27', '3', '33'}
| | +-- , 25 , set() , {'16', '7', '6', '31'}


Max number of edges with non zero Y: 18
Max number of iterations of outer rounding loop: 4
Max number of candidate sets: 2
Time spent rounding: 0.178
Time spent solving Separator LP: 0.018
Total time spent solving: 0.632

LP Solver: gammaPlusFractionalCoverHeuristic
Number of Rounding Attemps: 2
Lower Bound Witness = ({'9', '18', '4', '12', '30', '46', '5', '0', '22', '37', '31', '43', '41', '24', '11', '13', '17', '38', '23', '21', '42', '40', '35', '34', '2', '27', '6', '15', '20', '39', '8', '32', '19', '26', '29', '28', '25', '36', '16', '7', '3', '33', '44'}, {'38', '13', '18', '44'})