23, 2.1724213969787773, 6.5, 7
+-- , 0 , {51, 37, 5, 53, 39, 43} , {'xL13J', 'xL2J', 'xL39J', 'xL37J', 'xL33J', 'xL38J', 'xL26J', 'xL8J', 'xL11J'}
| +-- , 51 , set() , {'xL15J', 'xL8J'}
| +-- , 37 , set() , {'xL33J', 'xL3J', 'xL38J'}
| +-- , 5 , {33, 11} , {'xL2J', 'xL13J', 'xL39J', 'xL0J', 'xL26J', 'xL4J', 'xL8J', 'xL35J', 'xL16J', 'xL37J', 'xL33J', 'xL38J'}
| | +-- , 33 , {35} , {'xL35J', 'xL13J', 'xL0J', 'xL9J'}
| | | +-- , 35 , set() , {'xL25J', 'xL9J'}
| | +-- , 11 , {13} , {'xL2J', 'xL13J', 'xL39J', 'xL30J', 'xL0J', 'xL26J', 'xL4J', 'xL35J', 'xL16J', 'xL37J', 'xL33J', 'xL38J'}
| | | +-- , 13 , {16, 18} , {'xL35J', 'xL13J', 'xL34J', 'xL39J', 'xL30J', 'xL0J', 'xL37J', 'xL33J', 'xL32J', 'xL38J', 'xL4J', 'xL23J'}
| | | | +-- , 16 , set() , {'xL34J', 'xL39J', 'xL36J', 'xL22J', 'xL32J', 'xL23J'}
| | | | +-- , 18 , {21, 29, 31} , {'xL35J', 'xL34J', 'xL13J', 'xL30J', 'xL0J', 'xL37J', 'xL33J', 'xL32J', 'xL38J', 'xL4J', 'xL27J', 'xL23J', 'xL31J'}
| | | | | +-- , 21 , {23} , {'xL34J', 'xL13J', 'xL0J', 'xL4J', 'xL31J', 'xL35J', 'xL32J', 'xL5J', 'xL38J', 'xL27J', 'xL23J'}
| | | | | | +-- , 23 , {25, 27} , {'xL35J', 'xL34J', 'xL21J', 'xL0J', 'xL32J', 'xL5J', 'xL38J', 'xL1J', 'xL4J', 'xL27J', 'xL23J', 'xL31J'}
| | | | | | | +-- , 25 , set() , {'xL10J', 'xL21J', 'xL38J', 'xL4J', 'xL1J', 'xL27J'}
| | | | | | | +-- , 27 , set() , {'xL28J', 'xL35J', 'xL34J', 'xL21J', 'xL5J', 'xL20J', 'xL1J', 'xL4J'}
| | | | | +-- , 29 , set() , {'xL27J', 'xL18J'}
| | | | | +-- , 31 , set() , {'xL13J', 'xL34J', 'xL6J', 'xL33J', 'xL27J'}
| +-- , 53 , set() , {'xL33J', 'xL12J'}
| +-- , 39 , {41} , {'xL13J', 'xL39J', 'xL7J'}
| | +-- , 41 , set() , {'xL19J', 'xL7J'}
| +-- , 43 , {45} , {'xL14J', 'xL2J'}
| | +-- , 45 , {49, 47} , {'xL14J', 'xL24J'}
| | | +-- , 49 , set() , {'xL29J', 'xL24J'}
| | | +-- , 47 , set() , {'xL17J', 'xL24J'}


Max number of edges with non zero Y: 26
Max number of iterations of outer rounding loop: 5
Max number of candidate sets: 2
Time spent rounding: 42.978
Time spent solving Separator LP: 1.018

LP Solver: GaifmanBoosted