24, 0, 7.5, 8
+-- , 0 , {48, 3, 27} , {'xL35J', 'xL34J', 'xL13J', 'xL30J', 'xL0J', 'xL18J', 'xL6J', 'xL21J', 'xL37J', 'xL32J', 'xL38J', 'xL20J', 'xL1J', 'xL27J'}
| +-- , 48 , {50} , {'xL35J', 'xL13J', 'xL0J', 'xL9J'}
| | +-- , 50 , set() , {'xL25J', 'xL9J'}
| +-- , 3 , {5, 23} , {'xL35J', 'xL34J', 'xL13J', 'xL30J', 'xL36J', 'xL32J', 'xL38J', 'xL1J', 'xL23J'}
| | +-- , 5 , {19, 7, 9} , {'xL35J', 'xL13J', 'xL39J', 'xL30J', 'xL36J', 'xL32J', 'xL26J', 'xL38J'}
| | | +-- , 19 , {21} , {'xL13J', 'xL39J', 'xL7J'}
| | | | +-- , 21 , set() , {'xL19J', 'xL7J'}
| | | +-- , 7 , set() , {'xL39J', 'xL11J', 'xL26J'}
| | | +-- , 9 , {11} , {'xL13J', 'xL2J', 'xL39J', 'xL30J'}
| | | | +-- , 11 , {13} , {'xL14J', 'xL2J'}
| | | | | +-- , 13 , {17, 15} , {'xL14J', 'xL24J'}
| | | | | | +-- , 17 , set() , {'xL29J', 'xL24J'}
| | | | | | +-- , 15 , set() , {'xL17J', 'xL24J'}
| | +-- , 23 , set() , {'xL34J', 'xL22J', 'xL36J', 'xL32J', 'xL23J'}
| +-- , 27 , {30} , {'xL34J', 'xL13J', 'xL10J', 'xL30J', 'xL0J', 'xL6J', 'xL21J', 'xL20J', 'xL1J', 'xL31J', 'xL35J', 'xL38J', 'xL27J'}
| | +-- , 30 , {32, 44} , {'xL34J', 'xL10J', 'xL13J', 'xL30J', 'xL0J', 'xL6J', 'xL21J', 'xL20J', 'xL4J', 'xL31J', 'xL35J', 'xL38J', 'xL27J'}
| | | +-- , 32 , {34} , {'xL34J', 'xL30J', 'xL0J', 'xL6J', 'xL38J', 'xL4J', 'xL3J', 'xL27J', 'xL31J'}
| | | | +-- , 34 , {42, 36} , {'xL34J', 'xL30J', 'xL0J', 'xL6J', 'xL33J', 'xL4J', 'xL3J', 'xL27J', 'xL31J'}
| | | | | +-- , 42 , set() , {'xL33J', 'xL12J'}
| | | | | +-- , 36 , {40, 38} , {'xL4J', 'xL30J', 'xL8J', 'xL33J'}
| | | | | | +-- , 40 , set() , {'xL15J', 'xL8J'}
| | | | | | +-- , 38 , set() , {'xL16J', 'xL30J', 'xL8J', 'xL4J'}
| | | +-- , 44 , {46} , {'xL35J', 'xL34J', 'xL13J', 'xL21J', 'xL5J', 'xL20J', 'xL4J', 'xL27J'}
| | | | +-- , 46 , set() , {'xL28J', 'xL35J', 'xL21J', 'xL5J', 'xL20J', 'xL4J'}


Max number of edges with non zero Y: 27
Max number of iterations of outer rounding loop: 6
Max number of candidate sets: 2
Time spent rounding: 15.979
Time spent solving Separator LP: 0.076

LP Solver: gammaPlusFractionalCoverHeuristic