22, 2.494419653269947, 7.5, 8
+-- , 0 , {3, 39, 41, 43, 45} , {'xL17J', 'xL16J', 'xL33J', 'xL37J', 'xL38J', 'xL10J', 'xL32J', 'xL35J', 'xL4J', 'xL36J', 'xL0J', 'xL19J', 'xL3J', 'xL34J'}
| +-- , 3 , {37, 6} , {'xL16J', 'xL37J', 'xL38J', 'xL35J', 'xL36J', 'xL0J', 'xL3J', 'xL34J', 'xL33J', 'xL10J', 'xL32J', 'xL4J', 'xL23J', 'xL19J', 'xL8J'}
| | +-- , 37 , set() , {'xL23J', 'xL35J', 'xL5J', 'xL36J', 'xL8J'}
| | +-- , 6 , {8} , {'xL16J', 'xL37J', 'xL38J', 'xL39J', 'xL36J', 'xL0J', 'xL34J', 'xL33J', 'xL10J', 'xL32J', 'xL4J', 'xL23J', 'xL19J'}
| | | +-- , 8 , {10} , {'xL16J', 'xL38J', 'xL39J', 'xL36J', 'xL0J', 'xL34J', 'xL33J', 'xL10J', 'xL32J', 'xL4J', 'xL23J', 'xL2J', 'xL29J', 'xL19J'}
| | | | +-- , 10 , {35, 12} , {'xL16J', 'xL38J', 'xL36J', 'xL0J', 'xL15J', 'xL33J', 'xL10J', 'xL32J', 'xL4J', 'xL23J', 'xL2J', 'xL19J'}
| | | | | +-- , 35 , set() , {'xL16J', 'xL4J', 'xL23J', 'xL1J', 'xL15J'}
| | | | | +-- , 12 , {33, 15} , {'xL38J', 'xL36J', 'xL0J', 'xL15J', 'xL33J', 'xL10J', 'xL4J', 'xL23J', 'xL2J', 'xL21J', 'xL19J', 'xL14J'}
| | | | | | +-- , 33 , set() , {'xL11J', 'xL14J'}
| | | | | | +-- , 15 , {17} , {'xL24J', 'xL38J', 'xL36J', 'xL0J', 'xL31J', 'xL15J', 'xL33J', 'xL10J', 'xL4J', 'xL23J', 'xL21J', 'xL19J', 'xL14J'}
| | | | | | | +-- , 17 , {19, 21, 31} , {'xL33J', 'xL24J', 'xL10J', 'xL23J', 'xL21J', 'xL36J', 'xL0J', 'xL31J', 'xL26J', 'xL15J', 'xL14J'}
| | | | | | | | +-- , 19 , set() , {'xL10J', 'xL26J', 'xL0J', 'xL22J'}
| | | | | | | | +-- , 21 , {23} , {'xL33J', 'xL24J', 'xL21J', 'xL20J', 'xL0J', 'xL31J', 'xL26J', 'xL15J', 'xL14J'}
| | | | | | | | | +-- , 23 , {25} , {'xL33J', 'xL24J', 'xL21J', 'xL20J', 'xL31J', 'xL6J', 'xL14J'}
| | | | | | | | | | +-- , 25 , {27} , {'xL13J', 'xL24J', 'xL21J', 'xL31J', 'xL6J', 'xL14J'}
| | | | | | | | | | | +-- , 27 , {29} , {'xL13J', 'xL21J', 'xL30J', 'xL9J', 'xL31J', 'xL14J'}
| | | | | | | | | | | | +-- , 29 , set() , {'xL21J', 'xL30J', 'xL27J'}
| | | | | | | | +-- , 31 , set() , {'xL25J', 'xL33J', 'xL26J', 'xL14J'}
| +-- , 39 , set() , {'xL35J', 'xL7J', 'xL38J'}
| +-- , 41 , set() , {'xL18J', 'xL37J'}
| +-- , 43 , set() , {'xL10J', 'xL36J', 'xL12J'}
| +-- , 45 , set() , {'xL33J', 'xL28J'}


Max number of edges with non zero Y: 25
Max number of iterations of outer rounding loop: 7
Max number of candidate sets: 2
Time spent rounding: 19.692
Time spent solving Separator LP: 0.769

LP Solver: GaifmanNormal