24, 1, 10.0, 10
+-- , 3 , {0, 17, 19, 5} , {'17', '32', '70', '53', '48', '23', '33', '29', '84', '56', '81', '63', '3', '47', '65', '9', '91', '34', '80', '78', '69', '26', '42', '11', '24', '44', '68', '6', '22', '19', '88', '60', '5', '4'}
| +-- , 0 , {37, 39, 41, 43, 21, 25, 29} , {'17', '32', '48', '65', '62', '34', '91', '78', '69', '23', '26', '33', '29', '84', '61', '11', '24', '44', '68', '22', '47', '60', '5', '4'}
| | +-- , 37 , set() , {'64', '4', '44', '11'}
| | +-- , 39 , set() , {'22', '24', '18', '39'}
| | +-- , 41 , set() , {'73', '71', '60', '33'}
| | +-- , 43 , set() , {'32', '75', '69', '4'}
| | +-- , 21 , {23} , {'48', '65', '29', '69', '23', '25', '5', '1', '61'}
| | | +-- , 23 , set() , {'1', '58', '48', '23'}
| | +-- , 25 , {27} , {'33', '28', '20', '11', '23'}
| | | +-- , 27 , set() , {'13', '85', '20', '11'}
| | +-- , 29 , {33, 31} , {'0', '48', '78', '22', '29', '4', '5', '11'}
| | | +-- , 33 , {35} , {'0', '48', '76', '78', '22', '89', '72', '5'}
| | | | +-- , 35 , set() , {'22', '36', '89', '90'}
| | | +-- , 31 , set() , {'0', '29', '83', '21'}
| +-- , 17 , set() , {'10', '70', '53', '43'}
| +-- , 19 , set() , {'63', '23', '45', '47', '57', '11'}
| +-- , 5 , {7} , {'70', '80', '91', '69', '33', '40', '42', '24', '79', '81', '63', '6', '19', '4'}
| | +-- , 7 , {9, 44, 15} , {'14', '70', '80', '91', '8', '69', '49', '40', '42', '12', '24', '79', '81', '87', '63', '19', '4'}
| | | +-- , 9 , {11, 13} , {'14', '24', '79', '31', '81', '91', '87', '59', '42', '4', '2'}
| | | | +-- , 11 , set() , {'4', '31', '55', '24'}
| | | | +-- , 13 , set() , {'42', '87', '31', '54'}
| | | +-- , 44 , {45} , {'42', '12', '49', '87'}
| | | | +-- , 45 , set() , {'12', '67', '27', '82'}
| | | +-- , 15 , set() , {'14', '92', '86', '69', '40', '4'}


Max number of edges with non zero Y: 28
Max number of iterations of outer rounding loop: 1
Max number of candidate sets: 2
Time spent rounding: 0.037
Time spent solving Separator LP: 0.006
Total time spent solving: 0.398

LP Solver: gammaPlusFractionalCoverHeuristic
Number of Rounding Attemps: 2
Lower Bound Witness = ({'14', '0', '32', '70', '53', '48', '17', '71', '62', '8', '59', '23', '49', '45', '33', '25', '29', '1', '36', '12', '84', '2', '56', '55', '81', '64', '10', '63', '3', '54', '21', '73', '75', '47', '58', '65', '9', '43', '91', '34', '20', '69', '18', '78', '80', '26', '72', '40', '42', '13', '83', '57', '61', '90', '11', '24', '92', '44', '79', '31', '85', '87', '28', '68', '86', '76', '6', '22', '89', '19', '88', '39', '60', '5', '4'}, {'24', '92', '81', '25'})