16, 1, 5.0, 5
+-- , 3 , {0, 26} , {'29', '8', '16'}
| +-- , 0 , {7, 19, 23, 5} , {'27', '24', '29', '0', '21', '28', '8', '13', '4'}
| | +-- , 7 , {9} , {'27', '24', '29', '0', '28', '8', '1', '13', '23', '4'}
| | | +-- , 9 , {17, 11} , {'9', '29', '0', '28', '8', '1', '13', '23'}
| | | | +-- , 17 , set() , {'9', '18', '29'}
| | | | +-- , 11 , {13, 15} , {'25', '9', '28', '1', '13', '17', '23'}
| | | | | +-- , 13 , set() , {'25', '5', '17'}
| | | | | +-- , 15 , set() , {'25', '1', '26'}
| | +-- , 19 , {21} , {'24', '3', '4', '8', '14'}
| | | +-- , 21 , set() , {'4', '2', '14'}
| | +-- , 23 , {24} , {'15', '0', '13'}
| | | +-- , 24 , {25} , {'15', '0', '13'}
| | | | +-- , 25 , set() , {'0', '7', '10'}
| | +-- , 5 , set() , {'4', '11', '13'}
| +-- , 26 , {27} , {'29', '8', '16'}
| | +-- , 27 , set() , {'12', '8', '6'}


Max number of edges with non zero Y: 12
Max number of iterations of outer rounding loop: 4
Max number of candidate sets: 2
Time spent rounding: 1.221
Time spent solving Separator LP: 0.019
Total time spent solving: 1.691

LP Solver: gammaPlusFractionalCoverHeuristic
Number of Rounding Attemps: 16
Lower Bound Witness = ({'25', '0', '21', '3', '1', '17', '4', '16', '27', '24', '15', '26', '8', '2', '23', '9', '29', '28', '13', '11', '5', '18', '14'}, {'25', '9', '24', '15', '8'})