15, 0, 9.0, 9
+-- , 13 , {11, 15} , {'13', '14', '5', '25', '17', '8', '21', '4', '26', '49', '2'}
| +-- , 11 , {17, 9} , {'59', '5', '17', '8', '7', '21', '1', '4', '48', '49', '2', '13', '43', '30', '46', '9', '23', '26', '16', '11'}
| | +-- , 17 , {19} , {'59', '17', '21', '4', '48', '49', '53', '2', '13', '45', '30', '9', '23', '16', '11'}
| | | +-- , 19 , {21} , {'59', '6', '21', '4', '42', '58', '53', '2', '13', '45', '38', '30', '9', '35', '16', '11'}
| | | | +-- , 21 , set() , {'13', '45', '30', '4', '42', '32', '35'}
| | +-- , 9 , {7} , {'59', '17', '19', '7', '21', '1', '8', '4', '48', '2', '56', '43', '30', '46', '9', '23', '26', '16', '11'}
| | | +-- , 7 , {5} , {'17', '19', '7', '21', '1', '8', '4', '48', '2', '56', '43', '30', '46', '47', '9', '23', '26', '16', '11'}
| | | | +-- , 5 , {3} , {'51', '24', '8', '7', '21', '1', '15', '30', '9', '16', '50', '56', '11', '17', '4', '48', '2', '43', '33', '46', '47', '23', '26'}
| | | | | +-- , 3 , {0} , {'51', '34', '8', '7', '1', '41', '30', '9', '16', '50', '11', '17', '4', '48', '2', '33', '61', '46', '23', '26', '12'}
| | | | | | +-- , 0 , {23, 27, 29} , {'57', '51', '17', '34', '8', '7', '1', '4', '48', '0', '2', '60', '33', '61', '46', '10', '9', '23', '26', '50', '11', '44'}
| | | | | | | +-- , 23 , {25} , {'55', '57', '51', '3', '8', '7', '1', '4', '0', '2', '60', '33', '61', '46', '18', '10', '9', '23', '26', '27', '50', '11', '44'}
| | | | | | | | +-- , 25 , set() , {'55', '36', '3', '20', '18', '9', '27'}
| | | | | | | +-- , 27 , set() , {'0', '40', '48', '60'}
| | | | | | | +-- , 29 , set() , {'17', '46', '9', '4', '54', '52'}
| +-- , 15 , set() , {'13', '14', '22', '21'}


Max number of edges with non zero Y: 25
Max number of iterations of outer rounding loop: 1
Max number of candidate sets: 2
Time spent rounding: 0.060
Time spent solving Separator LP: 0.007
Total time spent solving: 0.407

LP Solver: gammaPlusFractionalCoverHeuristic
Number of Rounding Attemps: 4
Lower Bound Witness = ({'59', '57', '51', '24', '34', '22', '7', '21', '1', '42', '8', '19', '58', '49', '0', '40', '45', '15', '41', '25', '30', '20', '9', '54', '35', '27', '16', '52', '50', '11', '56', '44', '55', '5', '14', '36', '6', '3', '17', '4', '48', '2', '60', '53', '13', '43', '38', '61', '33', '46', '18', '10', '47', '23', '32', '26', '12'}, {'14', '34', '48', '27', '40'})