17, 0, 8.0, 9
+-- , 0 , {33, 3, 35, 29} , {'59', '5', '51', '14', '24', '3', '17', '48', '49', '2', '60', '43', '45', '38', '33', '46', '18', '16', '50'}
| +-- , 33 , set() , {'50', '15', '24'}
| +-- , 3 , {5} , {'59', '5', '51', '14', '3', '17', '1', '48', '49', '2', '60', '13', '45', '43', '38', '33', '46', '18', '16'}
| | +-- , 5 , {8} , {'59', '51', '49', '0', '40', '45', '20', '9', '27', '16', '55', '5', '14', '36', '3', '17', '48', '2', '60', '13', '43', '38', '33', '46', '18'}
| | | +-- , 8 , {10} , {'59', '57', '49', '0', '45', '9', '27', '16', '55', '5', '14', '17', '48', '2', '13', '43', '38', '33', '46', '18', '23', '26'}
| | | | +-- , 10 , {13} , {'59', '57', '34', '49', '0', '45', '30', '9', '16', '55', '5', '14', '17', '48', '2', '13', '43', '38', '46', '18', '23', '26'}
| | | | | +-- , 13 , {27, 15} , {'59', '57', '49', '0', '45', '30', '9', '16', '11', '55', '5', '14', '17', '48', '2', '13', '43', '38', '46', '18', '23', '26'}
| | | | | | +-- , 27 , set() , {'55', '41', '61', '16', '11', '12', '44'}
| | | | | | +-- , 15 , {17, 19, 23, 25} , {'59', '57', '5', '14', '6', '17', '8', '21', '4', '48', '49', '13', '45', '43', '38', '30', '46', '18', '9', '23', '26', '11'}
| | | | | | | +-- , 17 , set() , {'13', '14', '22', '21'}
| | | | | | | +-- , 19 , {21} , {'59', '6', '17', '4', '42', '48', '49', '53', '13', '45', '30', '9', '23', '32', '11'}
| | | | | | | | +-- , 21 , set() , {'59', '45', '42', '35', '32', '58', '53'}
| | | | | | | +-- , 23 , set() , {'5', '14', '25', '8', '4', '26'}
| | | | | | | +-- , 25 , set() , {'17', '46', '9', '4', '54', '52'}
| +-- , 35 , set() , {'46', '2', '10', '3'}
| +-- , 29 , {31} , {'5', '59', '51', '24', '19', '7', '48', '2', '60', '43', '33', '18', '46', '47', '16', '50'}
| | +-- , 31 , set() , {'59', '19', '7', '48', '16', '56'}


Max number of edges with non zero Y: 24
Max number of iterations of outer rounding loop: 6
Max number of candidate sets: 2
Time spent rounding: 1.983
Time spent solving Separator LP: 0.029
Total time spent solving: 2.781

LP Solver: gammaPlusFractionalCoverHeuristic
Number of Rounding Attemps: 8
Lower Bound Witness = ({'59', '57', '51', '24', '34', '22', '7', '21', '1', '42', '8', '19', '58', '49', '0', '40', '45', '15', '41', '25', '30', '20', '9', '54', '35', '27', '16', '52', '50', '11', '56', '44', '55', '5', '14', '36', '6', '3', '17', '4', '48', '2', '60', '53', '13', '43', '38', '61', '33', '46', '18', '10', '47', '23', '32', '26', '12'}, {'59', '10', '49', '56', '12'})