28, 0.8461533076923077, 3.0, 3
+-- , 0 , {3, 57, 45} , {'xL4JL4J', 'xL7JL5J', 'xL5JL5J', 'xL6JL5J', 'xL4JL6J', 'xL4JL2J', 'xL4JL5J', 'xL8JL5J', 'xL4JL3J'}
| +-- , 3 , {5} , {'xL5JL5J', 'xL2JL6J', 'xL4JL6J', 'xL5JL6J', 'xL8JL5J', 'xL3JL6J'}
| | +-- , 5 , {7} , {'xL3JL6J', 'xL8JL7J', 'xL2JL6J', 'xL8JL5J', 'xL8JL6J', 'xL8JL8J'}
| | | +-- , 7 , {9, 39} , {'xL8JL8J', 'xL8JL7J', 'xL2JL6J', 'xL2JL9J', 'xL8JL6J', 'xL3JL6J'}
| | | | +-- , 9 , {11} , {'xL8JL6J', 'xL3JL9J', 'xL4JL9J', 'xL6JL9J', 'xL2JL9J', 'xL5JL9J', 'xL8JL7J', 'xL8JL8J'}
| | | | | +-- , 11 , {33, 13} , {'xL8JL8J', 'xL8JL6J', 'xL3JL9J', 'xL4JL9J', 'xL6JL9J', 'xL5JL9J', 'xL8JL7J', 'xL6JL8J'}
| | | | | | +-- , 33 , {35} , {'xL8JL8J', 'xL8JL6J', 'xL5JL8J', 'xL7JL8J', 'xL5JL9J', 'xL8JL7J', 'xL6JL8J'}
| | | | | | | +-- , 35 , {37} , {'xL7JL8J', 'xL8JL7J', 'xL7JL7J', 'xL8JL6J'}
| | | | | | | | +-- , 37 , set() , {'xL9JL6J', 'xL8JL6J', 'xL7JL7J', 'xL9JL7J', 'xL8JL7J'}
| | | | | | +-- , 13 , {26, 15} , {'xL6JL12J', 'xL3JL9J', 'xL4JL9J', 'xL6JL11J', 'xL6JL9J', 'xL6JL8J', 'xL6JL10J'}
| | | | | | | +-- , 26 , {29} , {'xL8JL10J', 'xL8JL11J', 'xL6JL11J', 'xL9JL11J', 'xL7JL10J', 'xL7JL11J', 'xL6JL10J'}
| | | | | | | | +-- , 29 , {31} , {'xL8JL13J', 'xL8JL10J', 'xL9JL11J', 'xL8JL11J', 'xL8JL12J'}
| | | | | | | | | +-- , 31 , set() , {'xL8JL13J', 'xL9JL12J', 'xL9JL11J', 'xL9JL13J', 'xL8JL12J'}
| | | | | | | +-- , 15 , {17} , {'xL4JL12J', 'xL2JL12J', 'xL6JL12J', 'xL3JL9J', 'xL4JL9J', 'xL3JL12J', 'xL5JL12J', 'xL1JL12J'}
| | | | | | | | +-- , 17 , {24, 20} , {'xL3JL11J', 'xL4JL12J', 'xL2JL12J', 'xL3JL9J', 'xL4JL9J', 'xL3JL12J', 'xL5JL12J', 'xL2JL11J', 'xL4JL11J', 'xL1JL12J'}
| | | | | | | | | +-- , 24 , set() , {'xL3JL11J', 'xL4JL12J', 'xL4JL13J', 'xL3JL10J', 'xL3JL9J', 'xL4JL9J', 'xL3JL12J', 'xL5JL12J', 'xL4JL10J', 'xL5JL13J', 'xL4JL11J'}
| | | | | | | | | +-- , 20 , {22} , {'xL2JL12J', 'xL2JL13J', 'xL2JL11J', 'xL1JL12J'}
| | | | | | | | | | +-- , 22 , set() , {'xL1JL13J', 'xL1JL12J', 'xL2JL13J'}
| | | | +-- , 39 , {41} , {'xL3JL7J', 'xL2JL6J', 'xL2JL8J', 'xL2JL9J', 'xL2JL7J', 'xL3JL6J'}
| | | | | +-- , 41 , set() , {'xL3JL7J', 'xL1JL8J', 'xL1JL7J', 'xL2JL8J', 'xL2JL7J'}
| +-- , 57 , {60} , {'xL4JL4J', 'xL3JL4J', 'xL2JL4J', 'xL4JL3J'}
| | +-- , 60 , {62} , {'xL2JL4J', 'xL3JL4J', 'xL2JL3J', 'xL3JL3J', 'xL1JL3J', 'xL4JL3J'}
| | | +-- , 62 , set() , {'xL1JL1J', 'xL2JL2J', 'xL2JL4J', 'xL2JL3J', 'xL2JL1J', 'xL1JL3J', 'xL1JL2J'}
| +-- , 45 , {47} , {'xL9JL2J', 'xL5JL2J', 'xL7JL5J', 'xL6JL5J', 'xL4JL2J', 'xL6JL2J', 'xL7JL2J', 'xL8JL2J'}
| | +-- , 47 , {51, 55} , {'xL9JL2J', 'xL7JL4J', 'xL5JL2J', 'xL7JL5J', 'xL7JL3J', 'xL6JL5J', 'xL6JL4J', 'xL6JL2J', 'xL7JL2J', 'xL6JL3J', 'xL8JL2J', 'xL6JL1J'}
| | | +-- , 51 , {53} , {'xL9JL2J', 'xL8JL3J', 'xL7JL3J', 'xL6JL3J', 'xL8JL2J'}
| | | | +-- , 53 , set() , {'xL9JL2J', 'xL8JL3J', 'xL9JL1J', 'xL8JL1J', 'xL8JL2J'}
| | | +-- , 55 , set() , {'xL5JL1J', 'xL5JL2J', 'xL6JL1J'}


Max number of edges with non zero Y: 5
Max number of iterations of outer rounding loop: 2
Max number of candidate sets: 2
Time spent rounding: 7.352
Time spent solving Separator LP: 0.204
Total time spent solving: 10.866

LP Solver: GaifmanNormal
Lower Bound Witness = ({'xL4JL9J', 'xL5JL6J', 'xL6JL8J', 'xL4JL12J', 'xL9JL11J', 'xL1JL3J', 'xL2JL7J', 'xL9JL6J', 'xL3JL11J', 'xL8JL3J', 'xL9JL7J', 'xL3JL3J', 'xL5JL13J', 'xL8JL2J', 'xL8JL5J', 'xL3JL4J', 'xL6JL2J', 'xL9JL12J', 'xL2JL3J', 'xL6JL11J', 'xL5JL2J', 'xL2JL13J', 'xL1JL7J', 'xL1JL2J', 'xL7JL4J', 'xL6JL12J', 'xL8JL1J', 'xL1JL12J', 'xL4JL4J', 'xL1JL13J', 'xL2JL4J', 'xL5JL8J', 'xL6JL10J', 'xL9JL2J', 'xL5JL5J', 'xL6JL5J', 'xL8JL6J', 'xL7JL11J', 'xL8JL11J', 'xL2JL6J', 'xL3JL10J', 'xL3JL9J', 'xL3JL12J', 'xL2JL11J', 'xL5JL1J', 'xL7JL3J', 'xL7JL7J', 'xL7JL2J', 'xL2JL8J', 'xL5JL12J', 'xL5JL9J', 'xL4JL11J', 'xL8JL7J', 'xL8JL12J', 'xL3JL7J', 'xL9JL1J', 'xL8JL8J', 'xL6JL1J', 'xL8JL13J', 'xL7JL5J', 'xL6JL4J', 'xL2JL2J', 'xL2JL1J', 'xL7JL8J', 'xL4JL10J', 'xL8JL10J', 'xL1JL8J', 'xL4JL13J', 'xL6JL9J', 'xL4JL5J', 'xL3JL6J', 'xL4JL6J', 'xL4JL2J', 'xL2JL9J', 'xL9JL13J', 'xL7JL10J', 'xL4JL3J', 'xL1JL1J', 'xL2JL12J', 'xL6JL3J'}, {'xL4JL4J', 'xL2JL4J', 'xL2JL8J', 'xL8JL2J', 'xL3JL6J'})