10, 0, 7.6, 10
+-- , 3 , {0} , {'39', '35', '18', '25', '64', '16', '10', '57', '91', '15', '96', '19', '37', '86', '2', '79', '67', '40', '26', '24', '75', '87', '62', '13', '28', '58', '32', '88', '46', '82', '36', '53', '74', '54', '51'}
| +-- , 0 , {5} , {'39', '10', '91', '78', '23', '15', '96', '19', '37', '84', '2', '67', '75', '85', '77', '58', '46', '90', '82', '36', '11', '74', '92', '54', '38', '51', '76', '35', '18', '64', '16', '5', '57', '86', '79', '40', '20', '24', '87', '13', '32', '88', '27'}
| | +-- , 5 , {7} , {'39', '10', '91', '23', '15', '96', '19', '84', '70', '2', '67', '85', '77', '58', '46', '90', '82', '11', '65', '74', '92', '48', '38', '51', '76', '35', '18', '63', '64', '16', '5', '57', '86', '79', '8', '40', '20', '24', '87', '13', '45', '88', '93', '95', '27', '0'}
| | | +-- , 7 , {21, 9, 13} , {'39', '80', '10', '6', '91', '23', '15', '96', '19', '84', '70', '2', '67', '97', '85', '77', '58', '46', '90', '82', '11', '65', '74', '59', '92', '48', '38', '51', '76', '35', '81', '18', '64', '16', '5', '57', '86', '49', '79', '8', '40', '20', '24', '87', '13', '45', '88', '95', '27', '83', '0', '68', '71'}
| | | | +-- , 21 , set() , {'31', '76', '81', '97', '83', '96', '59', '92', '47', '58', '6', '71'}
| | | | +-- , 9 , set() , {'7', '39', '80', '81', '97', '86', '49', '59', '85', '52', '68', '58'}
| | | | +-- , 13 , {15} , {'39', '80', '10', '6', '91', '4', '23', '15', '19', '84', '70', '2', '67', '60', '85', '77', '58', '46', '90', '82', '11', '65', '74', '59', '92', '48', '38', '51', '35', '18', '64', '16', '5', '57', '86', '49', '79', '8', '40', '20', '24', '87', '13', '45', '42', '88', '95', '27', '83', '0', '68', '71'}
| | | | | +-- , 15 , {17, 19} , {'39', '80', '35', '18', '64', '16', '10', '44', '91', '5', '4', '57', '23', '15', '19', '49', '71', '84', '70', '2', '67', '79', '8', '40', '20', '60', '24', '87', '13', '85', '77', '45', '58', '42', '88', '46', '90', '82', '11', '56', '27', '65', '74', '83', '92', '0', '48', '68', '12', '94', '38', '51'}
| | | | | | +-- , 17 , set() , {'39', '72', '80', '35', '22', '16', '10', '44', '3', '5', '91', '4', '15', '19', '71', '49', '84', '70', '2', '79', '67', '8', '20', '60', '24', '17', '13', '85', '77', '61', '43', '21', '58', '42', '88', '46', '29', '82', '11', '56', '30', '27', '83', '74', '65', '41', '92', '0', '48', '68', '12', '55', '94', '51'}
| | | | | | +-- , 19 , set() , {'98', '57', '24', '64', '60', '10', '48', '12', '58', '94', '42'}


Max number of edges with non zero Y: 17
Max number of iterations of outer rounding loop: 4
Max number of candidate sets: 2
Time spent rounding: 0.588
Time spent solving Separator LP: 0.025
Total time spent solving: 1.427

LP Solver: gammaPlusFractionalCoverHeuristic
Number of Rounding Attemps: 4
Lower Bound Witness = ({'39', '22', '47', '91', '4', '19', '2', '67', '60', '7', '17', '62', '61', '43', '31', '29', '90', '82', '65', '41', '59', '54', '76', '25', '63', '64', '16', '44', '3', '57', '49', '8', '40', '20', '24', '87', '45', '52', '21', '28', '42', '88', '93', '56', '53', '27', '83', '0', '68', '12', '71', '80', '10', '6', '98', '78', '23', '15', '96', '37', '84', '70', '97', '75', '85', '77', '58', '46', '36', '11', '30', '74', '92', '48', '55', '94', '38', '51', '72', '35', '81', '18', '5', '86', '79', '26', '13', '32', '95'}, {'3', '23', '53', '15', '77'})