46, 0.9999995, 4.0, 4
+-- , 0 , {48, 3, 104} , {'xL14JL4J', 'xL12JL4J', 'xL11JL4J', 'xL9JL5J', 'xL13JL4J', 'xL10JL5J', 'xL10JL4J', 'xL11JL5J'}
| +-- , 48 , {91, 51} , {'xL9JL7J', 'xL13JL7J', 'xL14JL7J', 'xL9JL5J', 'xL11JL5J', 'xL10JL5J', 'xL10JL7J', 'xL12JL7J', 'xL11JL4J', 'xL11JL7J', 'xL10JL4J'}
| | +-- , 91 , {93} , {'xL11JL7J', 'xL10JL6J', 'xL9JL7J', 'xL11JL6J', 'xL9JL6J', 'xL10JL8J', 'xL9JL8J', 'xL11JL4J', 'xL9JL5J', 'xL11JL5J', 'xL10JL5J', 'xL10JL4J', 'xL10JL7J'}
| | | +-- , 93 , {95} , {'xL10JL8J', 'xL7JL8J', 'xL9JL8J', 'xL6JL8J', 'xL8JL8J'}
| | | | +-- , 95 , {100} , {'xL5JL9J', 'xL7JL9J', 'xL7JL8J', 'xL8JL9J', 'xL4JL11J', 'xL6JL8J', 'xL7JL11J', 'xL6JL9J', 'xL6JL11J', 'xL5JL11J', 'xL8JL8J'}
| | | | | +-- , 100 , {102} , {'xL5JL10J', 'xL4JL11J', 'xL6JL8J', 'xL6JL10J', 'xL6JL11J', 'xL7JL11J', 'xL5JL9J', 'xL6JL9J', 'xL7JL8J', 'xL7JL9J', 'xL5JL11J', 'xL7JL10J'}
| | | | | | +-- , 102 , set() , {'xL5JL10J', 'xL4JL11J', 'xL4JL10J', 'xL6JL10J', 'xL7JL10J'}
| | +-- , 51 , {63, 55} , {'xL13JL6J', 'xL13JL7J', 'xL14JL7J', 'xL16JL10J', 'xL15JL10J', 'xL17JL10J', 'xL14JL10J', 'xL19JL10J', 'xL12JL7J', 'xL18JL10J'}
| | | +-- , 63 , {65, 75} , {'xL14JL7J', 'xL15JL10J', 'xL19JL10J', 'xL15JL6J', 'xL18JL10J', 'xL14JL6J', 'xL17JL6J', 'xL13JL6J', 'xL16JL6J', 'xL16JL10J', 'xL17JL10J', 'xL14JL10J'}
| | | | +-- , 65 , {69} , {'xL19JL1J', 'xL18JL5J', 'xL18JL4J', 'xL18JL2J', 'xL15JL6J', 'xL18JL1J', 'xL19JL2J', 'xL19JL3J', 'xL19JL5J', 'xL16JL6J', 'xL18JL3J'}
| | | | | +-- , 69 , {71} , {'xL19JL2J', 'xL19JL4J', 'xL19JL3J', 'xL19JL1J', 'xL19JL5J', 'xL16JL6J', 'xL18JL4J', 'xL18JL3J', 'xL15JL6J'}
| | | | | | +-- , 71 , {73} , {'xL17JL3J', 'xL19JL4J', 'xL19JL3J', 'xL17JL4J', 'xL16JL4J', 'xL16JL6J', 'xL18JL4J', 'xL18JL3J', 'xL15JL6J'}
| | | | | | | +-- , 73 , set() , {'xL15JL5J', 'xL16JL4J', 'xL16JL6J', 'xL16JL5J', 'xL15JL6J'}
| | | | +-- , 75 , {77} , {'xL17JL6J', 'xL17JL7J', 'xL16JL10J', 'xL15JL10J', 'xL17JL10J', 'xL14JL10J', 'xL19JL10J', 'xL18JL10J'}
| | | | | +-- , 77 , {79} , {'xL18JL7J', 'xL17JL7J', 'xL16JL10J', 'xL15JL10J', 'xL17JL10J', 'xL14JL10J', 'xL19JL10J', 'xL19JL7J', 'xL18JL10J'}
| | | | | | +-- , 79 , {83} , {'xL19JL11J', 'xL18JL8J', 'xL18JL11J', 'xL18JL9J', 'xL15JL10J', 'xL19JL10J', 'xL18JL7J', 'xL19JL7J', 'xL18JL10J', 'xL19JL9J', 'xL19JL8J', 'xL16JL10J', 'xL17JL10J', 'xL14JL10J'}
| | | | | | | +-- , 83 , {85} , {'xL15JL9J', 'xL19JL9J', 'xL17JL9J', 'xL16JL9J', 'xL16JL10J', 'xL15JL10J', 'xL18JL9J', 'xL17JL10J', 'xL14JL10J'}
| | | | | | | | +-- , 85 , {89, 87} , {'xL15JL9J', 'xL16JL11J', 'xL16JL9J', 'xL16JL10J', 'xL15JL10J', 'xL15JL11J', 'xL14JL10J'}
| | | | | | | | | +-- , 89 , set() , {'xL15JL9J', 'xL16JL11J', 'xL16JL8J', 'xL16JL9J', 'xL15JL8J', 'xL15JL11J', 'xL16JL10J', 'xL15JL10J'}
| | | | | | | | | +-- , 87 , set() , {'xL14JL11J', 'xL16JL11J', 'xL14JL10J', 'xL15JL11J'}
| | | +-- , 55 , {57} , {'xL13JL9J', 'xL13JL8J', 'xL12JL10J', 'xL12JL8J', 'xL13JL6J', 'xL13JL7J', 'xL12JL9J', 'xL12JL7J'}
| | | | +-- , 57 , {59} , {'xL10JL10J', 'xL11JL10J', 'xL12JL10J', 'xL9JL10J'}
| | | | | +-- , 59 , {61} , {'xL10JL10J', 'xL11JL11J', 'xL11JL10J', 'xL9JL10J'}
| | | | | | +-- , 61 , set() , {'xL11JL11J', 'xL9JL10J', 'xL10JL11J', 'xL10JL10J', 'xL9JL11J'}
| +-- , 3 , {5} , {'xL8JL5J', 'xL7JL5J', 'xL9JL5J', 'xL11JL5J', 'xL10JL5J', 'xL6JL5J'}
| | +-- , 5 , {9, 40, 25} , {'xL8JL5J', 'xL7JL5J', 'xL4JL2J', 'xL5JL6J', 'xL7JL6J', 'xL1JL2J', 'xL4JL6J', 'xL5JL2J', 'xL6JL6J', 'xL3JL2J', 'xL3JL6J', 'xL6JL2J', 'xL2JL2J', 'xL6JL5J'}
| | | +-- , 9 , {19, 12} , {'xL1JL8J', 'xL3JL8J', 'xL4JL8J', 'xL5JL6J', 'xL2JL8J', 'xL4JL6J'}
| | | | +-- , 19 , {21} , {'xL5JL6J', 'xL4JL6J', 'xL4JL8J', 'xL4JL7J'}
| | | | | +-- , 21 , set() , {'xL4JL7J', 'xL5JL6J', 'xL5JL7J'}
| | | | +-- , 12 , {17} , {'xL1JL8J', 'xL3JL8J', 'xL1JL9J', 'xL3JL9J', 'xL2JL9J', 'xL1JL10J', 'xL2JL8J', 'xL2JL10J'}
| | | | | +-- , 17 , set() , {'xL1JL7J', 'xL2JL7J', 'xL1JL8J', 'xL1JL11J', 'xL2JL10J', 'xL1JL9J', 'xL2JL9J', 'xL1JL10J', 'xL2JL8J', 'xL2JL11J'}
| | | +-- , 40 , {42} , {'xL8JL3J', 'xL8JL5J', 'xL8JL4J', 'xL8JL2J', 'xL7JL4J', 'xL7JL3J', 'xL7JL5J', 'xL7JL6J'}
| | | | +-- , 42 , {44} , {'xL10JL2J', 'xL8JL2J', 'xL9JL2J', 'xL11JL2J'}
| | | | | +-- , 44 , {46} , {'xL10JL2J', 'xL9JL1J', 'xL9JL2J', 'xL11JL2J'}
| | | | | | +-- , 46 , set() , {'xL9JL1J', 'xL11JL2J', 'xL10JL2J', 'xL10JL1J', 'xL11JL1J'}
| | | +-- , 25 , {27} , {'xL5JL2J', 'xL3JL2J', 'xL3JL6J', 'xL4JL2J', 'xL3JL5J', 'xL6JL2J', 'xL2JL2J', 'xL1JL2J'}
| | | | +-- , 27 , {29} , {'xL5JL2J', 'xL3JL2J', 'xL4JL2J', 'xL3JL5J', 'xL6JL2J', 'xL2JL5J', 'xL2JL2J', 'xL1JL5J', 'xL1JL2J'}
| | | | | +-- , 29 , {32} , {'xL2JL3J', 'xL1JL3J', 'xL4JL2J', 'xL1JL1J', 'xL2JL5J', 'xL5JL2J', 'xL3JL2J', 'xL2JL4J', 'xL6JL2J', 'xL2JL2J', 'xL2JL1J', 'xL1JL4J', 'xL1JL5J', 'xL1JL2J'}
| | | | | | +-- , 32 , {34} , {'xL5JL3J', 'xL5JL2J', 'xL3JL2J', 'xL3JL3J', 'xL4JL3J', 'xL1JL3J', 'xL4JL2J', 'xL6JL2J', 'xL2JL3J'}
| | | | | | | +-- , 34 , {36} , {'xL5JL3J', 'xL5JL2J', 'xL4JL4J', 'xL4JL3J', 'xL4JL2J', 'xL6JL2J', 'xL4JL1J'}
| | | | | | | | +-- , 36 , {38} , {'xL5JL3J', 'xL5JL2J', 'xL4JL4J', 'xL6JL2J', 'xL4JL1J', 'xL5JL1J', 'xL5JL4J'}
| | | | | | | | | +-- , 38 , set() , {'xL6JL1J', 'xL4JL1J', 'xL6JL2J', 'xL5JL1J'}
| +-- , 104 , {107} , {'xL12JL3J', 'xL14JL3J', 'xL13JL3J', 'xL14JL4J', 'xL15JL3J', 'xL12JL4J', 'xL13JL4J'}
| | +-- , 107 , {109} , {'xL14JL3J', 'xL14JL1J', 'xL13JL3J', 'xL14JL4J', 'xL14JL2J', 'xL15JL3J', 'xL13JL4J'}
| | | +-- , 109 , {111} , {'xL14JL1J', 'xL13JL3J', 'xL13JL2J', 'xL14JL2J', 'xL15JL3J', 'xL13JL1J', 'xL13JL4J'}
| | | | +-- , 111 , set() , {'xL15JL1J', 'xL14JL1J', 'xL15JL2J', 'xL13JL2J', 'xL16JL1J', 'xL14JL2J', 'xL16JL2J', 'xL15JL3J', 'xL13JL1J'}


Max number of edges with non zero Y: 5
Max number of iterations of outer rounding loop: 3
Max number of candidate sets: 2
Time spent rounding: 39.548
Time spent solving Separator LP: 2.074
Total time spent solving: 55.507

LP Solver: GaifmanNormal
Lower Bound Witness = ({'xL5JL10J', 'xL4JL11J', 'xL4JL10J', 'xL6JL8J', 'xL6JL10J', 'xL6JL11J', 'xL7JL11J', 'xL5JL9J', 'xL6JL9J', 'xL7JL8J', 'xL7JL9J', 'xL5JL11J', 'xL7JL10J'}, {'xL4JL11J', 'xL6JL8J', 'xL6JL11J', 'xL7JL11J', 'xL5JL9J', 'xL6JL9J', 'xL7JL8J', 'xL7JL9J', 'xL5JL11J'})