35, 1.311083309441835, 4.0, 4
+-- , 0 , {48, 3, 68, 69, 42, 44} , {'1', '32', '76', '86', '37', '93', '3', '73'}
| +-- , 48 , {64, 50} , {'93', '91', '76', '3', '73'}
| | +-- , 64 , {66} , {'21', '91'}
| | | +-- , 66 , set() , {'51', '84', '21'}
| | +-- , 50 , {52, 54, 58, 60, 62} , {'88', '43', '91', '64', '76', '73'}
| | | +-- , 52 , set() , {'22', '43'}
| | | +-- , 54 , {56} , {'88', '94', '46'}
| | | | +-- , 56 , set() , {'79', '94', '45'}
| | | +-- , 58 , set() , {'88', '95', '65'}
| | | +-- , 60 , set() , {'88', '38', '91'}
| | | +-- , 62 , set() , {'88', '80', '43'}
| +-- , 3 , {40, 5} , {'1', '32', '76', '86', '41', '93', '68', '73'}
| | +-- , 40 , set() , {'57', '2', '41'}
| | +-- , 5 , {38, 7} , {'1', '32', '76', '86', '41', '93', '27', '40'}
| | | +-- , 38 , set() , {'30', '33', '40'}
| | | +-- , 7 , {32, 34, 36, 10} , {'18', '32', '1', '76', '86', '93', '36', '59', '27', '75', '40'}
| | | | +-- , 32 , set() , {'18', '89', '77'}
| | | | +-- , 34 , set() , {'76', '35', '59'}
| | | | +-- , 36 , set() , {'61', '90', '75'}
| | | | +-- , 10 , {26, 12} , {'32', '1', '20', '6', '86', '93', '36', '59', '75'}
| | | | | +-- , 26 , {28, 30} , {'20', '13', '34'}
| | | | | | +-- , 28 , set() , {'97', '13', '63'}
| | | | | | +-- , 30 , set() , {'20', '34', '48'}
| | | | | +-- , 12 , {24, 14} , {'0', '32', '1', '6', '86', '93', '36', '59', '96', '26'}
| | | | | | +-- , 24 , set() , {'74', '26', '32'}
| | | | | | +-- , 14 , {16} , {'0', '32', '1', '86', '42', '93', '96'}
| | | | | | | +-- , 16 , {18} , {'32', '1', '86', '56', '42', '24', '96'}
| | | | | | | | +-- , 18 , {20, 22} , {'42', '17', '1', '69', '82', '70', '56'}
| | | | | | | | | +-- , 20 , set() , {'19', '49', '69'}
| | | | | | | | | +-- , 22 , set() , {'9', '69'}
| +-- , 68 , set() , {'15', '32', '12'}
| +-- , 69 , set() , {'53', '55', '85'}
| +-- , 42 , set() , {'4', '1', '23'}
| +-- , 44 , {46} , {'32', '44'}
| | +-- , 46 , set() , {'28', '44'}


Max number of edges with non zero Y: 9
Max number of iterations of outer rounding loop: 3
Max number of candidate sets: 2
Time spent rounding: 7.207
Time spent solving Separator LP: 0.591
Total time spent solving: 9.857

LP Solver: GaifmanNormal
Lower Bound Witness = ({'19', '18', '88', '32', '13', '80', '64', '82', '41', '30', '43', '94', '21', '68', '59', '73', '74', '1', '44', '6', '49', '28', '84', '15', '56', '79', '90', '48', '22', '96', '97', '12', '0', '35', '20', '33', '86', '9', '93', '34', '36', '65', '4', '46', '26', '70', '27', '75', '57', '45', '38', '17', '51', '61', '77', '23', '69', '76', '95', '2', '37', '42', '24', '89', '91', '63', '3', '40'}, {'17', '80', '61', '33', '84', '86', '42', '73', '79', '89', '4', '3', '12', '75', '57'})