36, 1.2733071037467099, 4.0, 4
+-- , 0 , {64, 34, 3, 68, 66, 71, 60} , {'88', '6', '91', '59', '36', '96'}
| +-- , 64 , set() , {'88', '95', '65'}
| +-- , 34 , {52, 36, 58} , {'88', '20', '6', '36', '59', '91', '27', '75'}
| | +-- , 52 , {56, 54} , {'20', '13', '34'}
| | | +-- , 56 , set() , {'20', '34', '48'}
| | | +-- , 54 , set() , {'97', '13', '63'}
| | +-- , 36 , {48, 50, 38, 46} , {'88', '18', '91', '40', '27', '75', '41'}
| | | +-- , 48 , set() , {'57', '2', '41'}
| | | +-- , 50 , set() , {'30', '33', '40'}
| | | +-- , 38 , {40, 44} , {'88', '68', '91', '73', '41'}
| | | | +-- , 40 , {42} , {'88', '80', '43', '91', '73'}
| | | | | +-- , 42 , set() , {'22', '43'}
| | | | +-- , 44 , set() , {'73', '37'}
| | | +-- , 46 , set() , {'18', '89', '77'}
| | +-- , 58 , set() , {'61', '90', '75'}
| +-- , 3 , {5} , {'88', '0', '36', '59', '91', '96', '26'}
| | +-- , 5 , {32, 8, 26, 28} , {'88', '0', '32', '24', '91', '59', '96', '26'}
| | | +-- , 32 , set() , {'74', '26', '32'}
| | | +-- , 8 , {10} , {'88', '0', '32', '42', '24', '93', '91', '59'}
| | | | +-- , 10 , {24, 12} , {'88', '35', '32', '76', '42', '24', '93', '91', '59'}
| | | | | +-- , 24 , set() , {'76', '88', '64'}
| | | | | +-- , 12 , {14} , {'32', '76', '82', '86', '42', '24', '93', '91', '70'}
| | | | | | +-- , 14 , {16} , {'17', '32', '86', '56', '24', '93', '91', '3', '70'}
| | | | | | | +-- , 16 , {18, 20, 22} , {'17', '32', '1', '69', '3'}
| | | | | | | | +-- , 18 , set() , {'19', '49', '69'}
| | | | | | | | +-- , 20 , set() , {'4', '1', '23'}
| | | | | | | | +-- , 22 , set() , {'9', '69'}
| | | +-- , 26 , set() , {'15', '32', '12'}
| | | +-- , 28 , {30} , {'32', '44'}
| | | | +-- , 30 , set() , {'28', '44'}
| +-- , 68 , {70} , {'88', '94', '46'}
| | +-- , 70 , set() , {'79', '94', '45'}
| +-- , 66 , set() , {'88', '38', '91'}
| +-- , 71 , set() , {'53', '55', '85'}
| +-- , 60 , {62} , {'21', '91'}
| | +-- , 62 , set() , {'51', '84', '21'}


Max number of edges with non zero Y: 14
Max number of iterations of outer rounding loop: 3
Max number of candidate sets: 2
Time spent rounding: 6.092
Time spent solving Separator LP: 0.321
Total time spent solving: 8.226

LP Solver: GaifmanNormal
Lower Bound Witness = ({'19', '18', '88', '32', '13', '80', '64', '82', '41', '30', '43', '94', '21', '68', '59', '73', '74', '1', '44', '6', '49', '28', '84', '15', '56', '79', '90', '48', '22', '96', '97', '12', '0', '35', '20', '33', '86', '9', '93', '34', '36', '65', '4', '46', '26', '70', '27', '75', '57', '45', '38', '17', '51', '61', '77', '23', '69', '76', '95', '2', '37', '42', '24', '89', '91', '63', '3', '40'}, {'0', '35', '61', '6', '76', '82', '28', '57', '43', '65', '36', '77'})