13, 1, 4.0, 4
+-- , 5 , {3, 7} , {'19', '64', '45', '49', '60', '46', '35', '29', '12', '78', '73'}
| +-- , 3 , {0, 13, 15} , {'19', '50', '45', '60', '46', '39', '9'}
| | +-- , 0 , {23, 19, 21} , {'32', '34', '76', '50', '45', '60', '46', '70', '39', '79', '53', '55', '9'}
| | | +-- , 23 , set() , {'34', '74', '58', '55', '54'}
| | | +-- , 19 , set() , {'32', '70', '3', '53', '9'}
| | | +-- , 21 , set() , {'40', '46', '70', '37', '21'}
| | +-- , 13 , set() , {'19', '9', '50', '23', '42'}
| | +-- , 15 , set() , {'19', '39', '25', '9', '63'}
| +-- , 7 , {9} , {'22', '72', '49', '60', '13', '12'}
| | +-- , 9 , {11} , {'6', '38', '49', '56', '72', '11'}
| | | +-- , 11 , {24} , {'38', '36', '49', '56', '1'}
| | | | +-- , 24 , {25} , {'38', '36', '49', '56', '1'}
| | | | | +-- , 25 , set() , {'38', '4', '47', '27', '75'}


Max number of edges with non zero Y: 11
Max number of iterations of outer rounding loop: 1
Max number of candidate sets: 2
Time spent rounding: 0.062
Time spent solving Separator LP: 0.013
Total time spent solving: 0.241

LP Solver: gammaPlusFractionalCoverHeuristic
Number of Rounding Attemps: 4
Lower Bound Witness = ({'6', '32', '34', '76', '39', '35', '3', '22', '55', '29', '78', '54', '38', '40', '45', '46', '13', '72', '37', '9', '19', '64', '23', '49', '74', '70', '58', '53', '42', '21', '73', '63', '50', '36', '60', '56', '79', '25', '11', '12', '1'}, {'32', '50', '74', '22', '21'})