11, 1.551020408163265, 4.5, 5
+-- , 0 , {3} , {'xL9J', 'xL5J', 'xL10J', 'xL8J', 'xL2J', 'xL14J', 'xL0J', 'xL19J'}
| +-- , 3 , {6} , {'xL1J', 'xL5J', 'xL16J', 'xL10J', 'xL8J', 'xL2J', 'xL14J', 'xL0J', 'xL19J'}
| | +-- , 6 , {8} , {'xL1J', 'xL12J', 'xL16J', 'xL10J', 'xL8J', 'xL2J', 'xL14J', 'xL0J', 'xL19J'}
| | | +-- , 8 , {10} , {'xL1J', 'xL12J', 'xL16J', 'xL3J', 'xL2J', 'xL14J', 'xL0J', 'xL19J'}
| | | | +-- , 10 , {13} , {'xL1J', 'xL12J', 'xL16J', 'xL3J', 'xL11J', 'xL4J', 'xL2J', 'xL14J', 'xL0J'}
| | | | | +-- , 13 , {15} , {'xL1J', 'xL12J', 'xL16J', 'xL3J', 'xL11J', 'xL15J', 'xL2J', 'xL4J', 'xL0J'}
| | | | | | +-- , 15 , {17} , {'xL1J', 'xL16J', 'xL3J', 'xL11J', 'xL15J', 'xL2J', 'xL4J', 'xL17J', 'xL0J'}
| | | | | | | +-- , 17 , {19} , {'xL18J', 'xL1J', 'xL16J', 'xL3J', 'xL15J', 'xL2J', 'xL17J', 'xL0J'}
| | | | | | | | +-- , 19 , {21, 23} , {'xL18J', 'xL7J', 'xL1J', 'xL16J', 'xL3J', 'xL15J', 'xL17J', 'xL0J'}
| | | | | | | | | +-- , 21 , set() , {'xL18J', 'xL7J', 'xL1J', 'xL3J', 'xL6J', 'xL0J'}
| | | | | | | | | +-- , 23 , set() , {'xL13J', 'xL7J', 'xL16J', 'xL15J', 'xL17J'}


Max number of edges with non zero Y: 12
Max number of iterations of outer rounding loop: 5
Max number of candidate sets: 2
Time spent rounding: 17.318
Time spent solving Separator LP: 0.363
Total time spent solving: 20.785

LP Solver: GaifmanBoosted
Lower Bound Witness = ({'xL13J', 'xL18J', 'xL7J', 'xL1J', 'xL12J', 'xL16J', 'xL3J', 'xL11J', 'xL15J', 'xL2J', 'xL14J', 'xL4J', 'xL17J', 'xL6J', 'xL0J'}, {'xL1J', 'xL12J', 'xL16J', 'xL3J', 'xL11J', 'xL2J', 'xL14J', 'xL0J'})