34, 1.5804050524779731, 5.0, 5
+-- , 0 , {17, 3} , {'xL3JL5J', 'xL4JL5J', 'xL4JL4J', 'xL7JL3J', 'xL8JL4J', 'xL4JL3J', 'xL7JL6J', 'xL8JL3J'}
| +-- , 17 , {19} , {'xL3JL5J', 'xL4JL5J', 'xL8JL6J', 'xL4JL4J', 'xL7JL3J', 'xL10JL3J', 'xL4JL3J', 'xL4JL6J', 'xL7JL6J', 'xL8JL3J', 'xL9JL6J', 'xL9JL3J'}
| | +-- , 19 , {21} , {'xL3JL5J', 'xL8JL6J', 'xL10JL3J', 'xL4JL6J', 'xL3JL7J', 'xL3JL6J', 'xL9JL6J', 'xL9JL3J', 'xL5JL6J'}
| | | +-- , 21 , {23} , {'xL8JL6J', 'xL10JL3J', 'xL5JL8J', 'xL5JL10J', 'xL5JL7J', 'xL9JL6J', 'xL9JL3J', 'xL5JL9J', 'xL3JL7J', 'xL5JL6J'}
| | | | +-- , 23 , {25} , {'xL8JL6J', 'xL1JL7J', 'xL10JL3J', 'xL5JL8J', 'xL5JL10J', 'xL5JL7J', 'xL9JL6J', 'xL9JL3J', 'xL5JL9J', 'xL3JL7J', 'xL2JL7J'}
| | | | | +-- , 25 , {27, 37} , {'xL8JL6J', 'xL1JL7J', 'xL4JL8J', 'xL10JL3J', 'xL5JL8J', 'xL5JL10J', 'xL5JL7J', 'xL9JL6J', 'xL9JL3J', 'xL5JL9J', 'xL2JL7J'}
| | | | | | +-- , 27 , {29} , {'xL1JL7J', 'xL3JL9J', 'xL4JL8J', 'xL5JL9J', 'xL2JL7J', 'xL4JL9J', 'xL2JL9J'}
| | | | | | | +-- , 29 , {35, 31} , {'xL1JL7J', 'xL3JL9J', 'xL2JL10J', 'xL2JL7J', 'xL2JL11J', 'xL2JL9J'}
| | | | | | | | +-- , 35 , set() , {'xL1JL7J', 'xL1JL8J', 'xL2JL10J', 'xL2JL7J', 'xL2JL8J', 'xL2JL11J', 'xL2JL9J'}
| | | | | | | | +-- , 31 , {33} , {'xL2JL11J', 'xL3JL9J', 'xL3JL10J', 'xL2JL10J'}
| | | | | | | | | +-- , 33 , set() , {'xL3JL10J', 'xL2JL10J', 'xL2JL11J', 'xL1JL10J', 'xL1JL11J'}
| | | | | | +-- , 37 , {67, 39} , {'xL8JL6J', 'xL4JL8J', 'xL8JL8J', 'xL10JL3J', 'xL5JL8J', 'xL5JL10J', 'xL5JL7J', 'xL7JL8J', 'xL9JL6J', 'xL9JL3J', 'xL6JL8J'}
| | | | | | | +-- , 67 , set() , {'xL5JL7J', 'xL6JL7J', 'xL6JL8J'}
| | | | | | | +-- , 39 , {41} , {'xL8JL6J', 'xL8JL8J', 'xL10JL3J', 'xL6JL10J', 'xL5JL10J', 'xL7JL8J', 'xL7JL10J', 'xL9JL6J', 'xL9JL3J'}
| | | | | | | | +-- , 41 , {43, 55} , {'xL9JL5J', 'xL8JL6J', 'xL8JL8J', 'xL10JL3J', 'xL6JL10J', 'xL7JL8J', 'xL7JL10J', 'xL9JL6J', 'xL9JL3J'}
| | | | | | | | | +-- , 43 , {45} , {'xL9JL5J', 'xL10JL3J', 'xL9JL3J', 'xL11JL5J', 'xL10JL5J'}
| | | | | | | | | | +-- , 45 , {51, 47} , {'xL10JL3J', 'xL10JL2J', 'xL9JL3J', 'xL10JL1J', 'xL10JL5J', 'xL11JL5J'}
| | | | | | | | | | | +-- , 51 , {53} , {'xL10JL2J', 'xL10JL3J', 'xL10JL4J', 'xL10JL1J', 'xL10JL5J', 'xL11JL5J'}
| | | | | | | | | | | | +-- , 53 , set() , {'xL11JL5J', 'xL11JL4J', 'xL10JL4J'}
| | | | | | | | | | | +-- , 47 , {49} , {'xL10JL2J', 'xL9JL3J', 'xL10JL1J', 'xL9JL2J'}
| | | | | | | | | | | | +-- , 49 , set() , {'xL11JL2J', 'xL11JL1J', 'xL10JL2J', 'xL10JL1J', 'xL9JL2J'}
| | | | | | | | | +-- , 55 , {57} , {'xL9JL5J', 'xL8JL6J', 'xL8JL8J', 'xL8JL7J', 'xL6JL10J', 'xL7JL8J', 'xL7JL10J', 'xL8JL9J', 'xL9JL6J', 'xL9JL7J'}
| | | | | | | | | | +-- , 57 , {65, 59} , {'xL7JL9J', 'xL10JL7J', 'xL11JL9J', 'xL8JL7J', 'xL7JL11J', 'xL10JL9J', 'xL6JL10J', 'xL7JL8J', 'xL7JL10J', 'xL8JL9J', 'xL9JL7J', 'xL9JL9J'}
| | | | | | | | | | | +-- , 65 , set() , {'xL6JL11J', 'xL7JL11J', 'xL6JL10J'}
| | | | | | | | | | | +-- , 59 , {61, 63} , {'xL10JL7J', 'xL11JL9J', 'xL10JL9J', 'xL10JL10J', 'xL10JL11J', 'xL10JL8J', 'xL9JL9J'}
| | | | | | | | | | | | +-- , 61 , set() , {'xL11JL8J', 'xL10JL8J', 'xL11JL9J'}
| | | | | | | | | | | | +-- , 63 , set() , {'xL9JL11J', 'xL9JL10J', 'xL10JL10J', 'xL10JL11J', 'xL9JL9J'}
| +-- , 3 , {5} , {'xL7JL4J', 'xL3JL5J', 'xL4JL5J', 'xL7JL5J', 'xL4JL4J', 'xL7JL3J', 'xL8JL4J', 'xL4JL3J', 'xL2JL5J', 'xL7JL6J', 'xL7JL2J'}
| | +-- , 5 , {7, 11, 13, 15} , {'xL5JL3J', 'xL4JL4J', 'xL2JL4J', 'xL1JL3J', 'xL3JL3J', 'xL2JL3J', 'xL2JL5J', 'xL6JL4J', 'xL5JL4J', 'xL7JL4J', 'xL7JL5J', 'xL8JL4J', 'xL4JL3J', 'xL2JL1J', 'xL2JL2J', 'xL7JL2J'}
| | | +-- , 7 , {9} , {'xL5JL3J', 'xL7JL2J', 'xL5JL4J', 'xL5JL1J', 'xL5JL2J'}
| | | | +-- , 9 , set() , {'xL6JL1J', 'xL6JL2J', 'xL5JL1J', 'xL7JL2J', 'xL5JL2J'}
| | | +-- , 11 , set() , {'xL1JL3J', 'xL2JL4J', 'xL1JL4J'}
| | | +-- , 13 , set() , {'xL3JL2J', 'xL3JL1J', 'xL3JL3J', 'xL2JL1J', 'xL2JL2J'}
| | | +-- , 15 , set() , {'xL7JL5J', 'xL6JL4J', 'xL6JL5J'}


Max number of edges with non zero Y: 17
Max number of iterations of outer rounding loop: 4
Max number of candidate sets: 2
Time spent rounding: 9.654
Time spent solving Separator LP: 2.312
Total time spent solving: 15.245

LP Solver: GaifmanNormal
Lower Bound Witness = ({'xL1JL7J', 'xL4JL4J', 'xL2JL4J', 'xL5JL8J', 'xL11JL8J', 'xL7JL6J', 'xL6JL4J', 'xL9JL6J', 'xL6JL7J', 'xL6JL8J', 'xL9JL2J', 'xL9JL9J', 'xL2JL8J', 'xL1JL11J', 'xL11JL4J', 'xL6JL10J', 'xL5JL10J', 'xL10JL1J', 'xL5JL2J', 'xL7JL4J', 'xL11JL2J', 'xL11JL9J', 'xL10JL9J', 'xL7JL8J', 'xL6JL5J', 'xL4JL8J', 'xL6JL2J', 'xL7JL3J', 'xL10JL7J', 'xL3JL1J', 'xL2JL10J', 'xL3JL6J', 'xL5JL7J', 'xL8JL3J', 'xL9JL3J', 'xL2JL9J', 'xL7JL5J', 'xL9JL11J', 'xL8JL4J', 'xL3JL7J', 'xL2JL2J', 'xL5JL3J', 'xL1JL3J', 'xL3JL10J', 'xL2JL3J', 'xL4JL5J', 'xL7JL9J', 'xL5JL9J', 'xL2JL7J', 'xL10JL2J', 'xL4JL9J', 'xL2JL11J', 'xL7JL2J', 'xL10JL11J', 'xL10JL3J', 'xL9JL10J', 'xL7JL11J', 'xL2JL5J', 'xL6JL11J', 'xL3JL5J', 'xL3JL2J', 'xL4JL3J', 'xL6JL1J', 'xL5JL1J', 'xL3JL3J', 'xL4JL6J', 'xL11JL1J', 'xL1JL4J', 'xL10JL10J', 'xL7JL10J', 'xL11JL5J', 'xL10JL8J', 'xL5JL4J', 'xL10JL5J', 'xL9JL5J', 'xL3JL9J', 'xL2JL1J', 'xL8JL9J', 'xL5JL6J', 'xL9JL7J', 'xL8JL6J', 'xL8JL8J', 'xL10JL4J', 'xL1JL8J', 'xL8JL7J', 'xL1JL10J'}, {'xL7JL4J', 'xL6JL1J', 'xL3JL5J', 'xL7JL9J', 'xL4JL5J', 'xL4JL3J', 'xL3JL10J', 'xL7JL11J', 'xL2JL1J', 'xL2JL7J', 'xL8JL3J', 'xL1JL10J', 'xL10JL11J', 'xL9JL7J'})