23, 5.0, 6.5, 7
+-- , 0 , {51, 6, 43, 45} , {'xL21J', 'xL6J', 'xL36J', 'xL27J', 'xL22J', 'xL1J', 'xL26J', 'xL8J', 'xL9J', 'xL25J', 'xL2J'}
| +-- , 51 , set() , {'xL36J', 'xL9J', 'xL4J', 'xL6J'}
| +-- , 6 , {37, 39, 41, 11} , {'xL6J', 'xL12J', 'xL36J', 'xL27J', 'xL24J', 'xL25J', 'xL2J', 'xL26J', 'xL21J', 'xL30J', 'xL22J', 'xL1J', 'xL8J'}
| | +-- , 37 , set() , {'xL25J', 'xL5J', 'xL12J', 'xL6J'}
| | +-- , 39 , set() , {'xL12J', 'xL6J', 'xL36J', 'xL24J', 'xL19J'}
| | +-- , 41 , set() , {'xL30J', 'xL3J'}
| | +-- , 11 , {13, 29} , {'xL12J', 'xL6J', 'xL38J', 'xL27J', 'xL24J', 'xL25J', 'xL2J', 'xL26J', 'xL21J', 'xL30J', 'xL22J', 'xL1J', 'xL8J'}
| | | +-- , 13 , {15} , {'xL21J', 'xL12J', 'xL2J', 'xL30J', 'xL7J', 'xL38J', 'xL27J', 'xL8J', 'xL25J', 'xL26J'}
| | | | +-- , 15 , {17, 25, 27} , {'xL21J', 'xL12J', 'xL30J', 'xL7J', 'xL38J', 'xL14J', 'xL8J', 'xL26J'}
| | | | | +-- , 17 , {19} , {'xL12J', 'xL8J', 'xL30J', 'xL7J', 'xL14J', 'xL13J', 'xL18J', 'xL26J'}
| | | | | | +-- , 19 , {21, 23} , {'xL12J', 'xL20J', 'xL8J', 'xL30J', 'xL7J', 'xL13J', 'xL39J', 'xL18J'}
| | | | | | | +-- , 21 , set() , {'xL35J', 'xL12J', 'xL20J', 'xL7J', 'xL37J', 'xL39J'}
| | | | | | | +-- , 23 , set() , {'xL20J', 'xL30J', 'xL29J'}
| | | | | +-- , 25 , set() , {'xL21J', 'xL14J', 'xL15J'}
| | | | | +-- , 27 , set() , {'xL17J', 'xL7J', 'xL14J'}
| | | +-- , 29 , {33, 35, 31} , {'xL12J', 'xL6J', 'xL11J', 'xL2J', 'xL30J', 'xL38J', 'xL27J', 'xL24J', 'xL1J', 'xL25J', 'xL26J'}
| | | | +-- , 33 , set() , {'xL12J', 'xL6J', 'xL11J', 'xL33J', 'xL27J', 'xL24J'}
| | | | +-- , 35 , set() , {'xL11J', 'xL32J', 'xL38J', 'xL25J', 'xL26J'}
| | | | +-- , 31 , set() , {'xL12J', 'xL11J', 'xL30J', 'xL23J', 'xL1J', 'xL28J', 'xL2J'}
| +-- , 43 , set() , {'xL21J', 'xL2J', 'xL31J', 'xL27J'}
| +-- , 45 , {49, 47} , {'xL21J', 'xL36J', 'xL22J', 'xL10J', 'xL0J', 'xL9J', 'xL26J'}
| | +-- , 49 , set() , {'xL34J', 'xL0J'}
| | +-- , 47 , set() , {'xL0J', 'xL9J', 'xL16J'}


Max number of edges with non zero Y: 6
Max number of iterations of outer rounding loop: 0
Max number of candidate sets: 0
Time spent rounding: 0.000
Time spent solving Separator LP: 18.946

LP Solver: GaifmanNormalILP