22, 3.289848134881124, 12.285714285714285, 14
+-- , 0 , {4} , {'57', '14', '32', '86', '42', '17', '66', '50', '34', '1', '58', '3', '25', '27', '48', '4', '47', '51', '26', '87', '72', '10', '5', '83', '68', '60', '18', '56', '37', '31', '20', '61', '93', '44', '38', '19'}
| +-- , 4 , {12} , {'14', '86', '42', '17', '50', '67', '25', '27', '47', '51', '72', '10', '68', '18', '56', '15', '20', '61', '19', '32', '66', '76', '34', '1', '84', '58', '3', '48', '4', '26', '43', '87', '65', '5', '85', '83', '60', '46', '37', '31', '93', '38'}
| | +-- , 12 , {16, 55} , {'14', '86', '33', '42', '17', '50', '67', '25', '27', '47', '51', '72', '10', '92', '68', '64', '18', '56', '15', '71', '20', '61', '19', '32', '66', '76', '45', '34', '1', '84', '3', '48', '4', '26', '43', '87', '69', '65', '5', '85', '83', '60', '46', '37', '31', '93', '6', '38'}
| | | +-- , 16 , {19} , {'14', '86', '33', '42', '17', '50', '67', '25', '27', '47', '51', '72', '10', '92', '64', '68', '56', '15', '71', '20', '61', '19', '32', '94', '66', '76', '34', '1', '84', '3', '48', '4', '26', '43', '87', '69', '65', '5', '85', '83', '60', '37', '31', '90', '93', '6', '38'}
| | | | +-- , 19 , {23} , {'14', '33', '42', '17', '75', '50', '67', '25', '27', '47', '51', '72', '10', '92', '13', '64', '68', '56', '15', '35', '71', '20', '61', '19', '32', '94', '66', '76', '34', '1', '84', '3', '48', '4', '26', '43', '53', '69', '65', '5', '85', '2', '83', '60', '37', '31', '90', '93', '6', '38'}
| | | | | +-- , 23 , {25} , {'14', '33', '42', '17', '75', '50', '67', '25', '27', '47', '51', '72', '10', '92', '13', '68', '64', '56', '15', '35', '71', '20', '19', '32', '94', '66', '76', '34', '1', '84', '3', '48', '4', '26', '43', '53', '69', '65', '5', '85', '2', '83', '60', '37', '31', '90', '93', '6', '40', '38'}
| | | | | | +-- , 25 , {27, 53} , {'14', '32', '33', '94', '9', '42', '17', '66', '76', '75', '50', '67', '34', '1', '84', '3', '25', '27', '77', '48', '47', '4', '51', '26', '43', '53', '72', '69', '10', '65', '92', '82', '13', '5', '85', '2', '83', '64', '68', '56', '24', '15', '35', '71', '37', '31', '20', '90', '93', '6', '40', '38', '19'}
| | | | | | | +-- , 27 , {51, 29, 31} , {'14', '73', '9', '42', '17', '75', '50', '67', '25', '27', '77', '47', '72', '10', '92', '82', '13', '64', '68', '56', '15', '35', '80', '71', '74', '20', '19', '32', '94', '66', '76', '34', '1', '84', '3', '48', '4', '26', '43', '53', '69', '65', '5', '85', '2', '83', '24', '78', '37', '31', '90', '93', '6', '40', '38'}
| | | | | | | | +-- , 51 , set() , {'53', '54', '80', '42', '48', '26', '43'}
| | | | | | | | +-- , 29 , set() , {'9', '42', '92', '74', '93', '40', '89'}
| | | | | | | | +-- , 31 , {33, 49, 47} , {'14', '73', '32', '94', '9', '42', '17', '66', '75', '50', '67', '34', '1', '84', '3', '25', '27', '77', '48', '47', '4', '26', '53', '72', '69', '10', '65', '92', '82', '13', '5', '85', '2', '83', '64', '68', '56', '24', '15', '35', '80', '71', '74', '78', '20', '37', '29', '31', '90', '93', '6', '40', '38', '19'}
| | | | | | | | | +-- , 33 , {35} , {'14', '73', '9', '42', '17', '75', '50', '67', '25', '77', '47', '72', '10', '92', '82', '13', '64', '56', '15', '35', '71', '20', '19', '32', '94', '66', '34', '1', '84', '3', '48', '4', '26', '53', '69', '65', '5', '85', '2', '24', '78', '37', '29', '31', '23', '90', '93', '6', '40', '38'}
| | | | | | | | | | +-- , 35 , {37, 39, 41, 43, 45} , {'14', '73', '9', '42', '17', '75', '50', '67', '25', '77', '47', '72', '10', '92', '82', '13', '64', '56', '15', '35', '71', '30', '20', '88', '19', '32', '94', '66', '34', '1', '84', '3', '48', '4', '26', '11', '79', '53', '91', '69', '65', '5', '85', '62', '24', '78', '37', '29', '31', '23', '90', '93', '6', '40', '38'}
| | | | | | | | | | | +-- , 37 , set() , {'24', '73', '32', '78', '42', '30', '36', '41', '17', '50', '84', '19'}
| | | | | | | | | | | +-- , 39 , set() , {'91', '49', '71', '20', '64', '56'}
| | | | | | | | | | | +-- , 41 , set() , {'91', '70', '20', '85', '47', '40', '67'}
| | | | | | | | | | | +-- , 43 , set() , {'73', '3', '10', '37', '77', '81', '30', '63', '78', '17', '38', '67', '66', '28', '11', '34', '79', '56'}
| | | | | | | | | | | +-- , 45 , set() , {'14', '66', '21', '75', '67', '1', '25', '48', '26', '79', '53', '91', '72', '59', '92', '13', '24', '35', '71', '78', '37', '29', '20', '23', '6', '7', '19'}
| | | | | | | | | +-- , 49 , set() , {'73', '16', '80', '74', '29', '82', '83'}
| | | | | | | | | +-- , 47 , set() , {'0', '27', '80', '77', '29', '31', '68'}
| | | | | | | +-- , 53 , set() , {'24', '53', '12', '14', '15', '33', '35', '9', '77', '20', '5', '82', '4', '51', '66', '1'}
| | | +-- , 55 , set() , {'33', '48', '52', '17', '64', '18', '43'}


Max number of edges with non zero Y: 40
Max number of iterations of outer rounding loop: 6
Max number of candidate sets: 2
Time spent rounding: 97.006
Time spent solving Separator LP: 30.644
Total time spent solving: 142.339

LP Solver: GaifmanNormal
Lower Bound Witness = ({'73', '49', '70', '9', '17', '75', '12', '25', '51', '72', '16', '10', '13', '82', '56', '15', '80', '30', '74', '20', '66', '1', '84', '3', '48', '4', '11', '43', '79', '91', '69', '59', '65', '63', '2', '36', '62', '37', '90', '6', '40', '38', '14', '33', '42', '81', '50', '67', '54', '27', '77', '47', '92', '68', '64', '0', '35', '71', '7', '88', '19', '32', '94', '76', '21', '34', '26', '89', '53', '5', '85', '83', '28', '24', '78', '23', '29', '31', '41', '93'}, {'14', '32', '33', '94', '42', '17', '66', '76', '75', '50', '34', '1', '84', '67', '3', '25', '27', '48', '4', '47', '51', '26', '43', '53', '72', '69', '10', '65', '92', '5', '13', '2', '85', '83', '64', '68', '56', '15', '35', '71', '37', '31', '20', '90', '93', '6', '40', '38', '19'})