24, 3.838946902157203, 12.131578947368421, 14
+-- , 0 , {3, 57, 59} , {'59', '33', '10', '9', '42', '92', '17', '66', '64', '75', '50', '18', '34', '1', '62', '56', '30', '48', '74', '93', '4', '47', '26', '40', '43', '89', '88'}
| +-- , 3 , {9} , {'57', '33', '9', '42', '17', '66', '75', '50', '34', '1', '58', '48', '47', '4', '26', '43', '87', '72', '69', '59', '10', '92', '64', '68', '18', '60', '56', '62', '30', '74', '61', '93', '40', '88', '19'}
| | +-- , 9 , {11} , {'33', '9', '42', '17', '75', '50', '27', '47', '51', '72', '10', '92', '64', '68', '18', '56', '30', '74', '61', '88', '19', '66', '34', '1', '58', '48', '4', '26', '43', '87', '69', '59', '5', '60', '62', '37', '31', '93', '40'}
| | | +-- , 11 , {15, 55} , {'33', '9', '42', '81', '17', '75', '50', '27', '77', '47', '51', '72', '10', '92', '64', '68', '18', '56', '30', '74', '61', '88', '19', '66', '34', '1', '58', '48', '4', '26', '11', '43', '87', '69', '59', '5', '63', '62', '37', '78', '31', '93', '40', '38'}
| | | | +-- , 15 , {20} , {'33', '9', '42', '81', '17', '75', '50', '27', '77', '47', '51', '72', '10', '92', '64', '68', '18', '56', '15', '35', '30', '74', '61', '88', '19', '32', '94', '66', '34', '1', '84', '58', '48', '4', '26', '11', '43', '87', '69', '59', '5', '2', '62', '78', '37', '31', '23', '93', '40', '38'}
| | | | | +-- , 20 , {22} , {'73', '33', '9', '42', '81', '17', '75', '50', '27', '77', '47', '51', '72', '10', '92', '64', '68', '18', '56', '15', '35', '30', '74', '61', '88', '19', '32', '94', '66', '34', '1', '84', '58', '48', '4', '26', '43', '87', '69', '59', '5', '36', '24', '78', '37', '31', '23', '41', '93', '40', '38'}
| | | | | | +-- , 22 , {24} , {'73', '33', '9', '42', '81', '17', '75', '50', '67', '27', '77', '47', '51', '72', '10', '92', '64', '68', '18', '56', '15', '35', '30', '74', '61', '88', '19', '32', '94', '66', '34', '1', '84', '58', '48', '4', '26', '43', '87', '69', '59', '5', '24', '78', '37', '31', '23', '93', '40', '38'}
| | | | | | | +-- , 24 , {53, 28} , {'73', '32', '33', '94', '9', '42', '81', '17', '66', '75', '50', '67', '34', '1', '58', '27', '77', '48', '47', '4', '51', '26', '43', '87', '72', '16', '69', '59', '10', '92', '13', '82', '5', '83', '38', '64', '68', '18', '56', '24', '15', '35', '71', '80', '30', '74', '78', '37', '31', '23', '61', '29', '93', '7', '40', '88', '19'}
| | | | | | | | +-- , 53 , set() , {'0', '27', '80', '77', '29', '31', '68'}
| | | | | | | | +-- , 28 , {51, 31} , {'73', '33', '9', '42', '81', '17', '75', '50', '67', '25', '27', '77', '47', '51', '72', '10', '92', '82', '13', '64', '68', '18', '56', '15', '35', '80', '71', '30', '74', '61', '7', '88', '19', '32', '94', '66', '34', '1', '58', '48', '4', '26', '43', '53', '87', '69', '59', '5', '83', '24', '78', '37', '29', '31', '23', '93', '40', '38'}
| | | | | | | | | +-- , 51 , set() , {'53', '54', '80', '42', '48', '26', '43'}
| | | | | | | | | +-- , 31 , {33, 49, 47} , {'73', '32', '33', '94', '9', '42', '81', '17', '66', '75', '50', '67', '34', '1', '58', '25', '27', '77', '48', '47', '4', '51', '26', '79', '53', '87', '72', '69', '59', '10', '92', '82', '13', '5', '83', '38', '64', '68', '18', '56', '24', '15', '35', '71', '78', '30', '74', '20', '37', '29', '31', '61', '90', '93', '7', '40', '88', '19'}
| | | | | | | | | | +-- , 33 , {35, 43, 45} , {'14', '33', '9', '42', '17', '66', '75', '50', '67', '34', '1', '58', '25', '27', '77', '48', '47', '4', '51', '26', '79', '53', '72', '69', '59', '10', '65', '92', '82', '13', '5', '38', '64', '68', '18', '56', '24', '15', '35', '71', '78', '30', '74', '20', '37', '29', '31', '61', '90', '93', '7', '40', '88', '19'}
| | | | | | | | | | | +-- , 35 , {37, 39, 41} , {'14', '33', '66', '76', '75', '50', '34', '67', '58', '25', '27', '48', '4', '47', '79', '53', '91', '72', '69', '59', '10', '65', '92', '85', '64', '68', '18', '56', '15', '46', '35', '71', '37', '74', '29', '20', '31', '90', '61', '93', '6', '7', '40', '88', '19'}
| | | | | | | | | | | | +-- , 37 , set() , {'69', '71', '65', '92', '85', '45', '6'}
| | | | | | | | | | | | +-- , 39 , set() , {'91', '70', '20', '85', '47', '40', '67'}
| | | | | | | | | | | | +-- , 41 , set() , {'91', '49', '71', '20', '64', '56'}
| | | | | | | | | | | +-- , 43 , set() , {'24', '53', '12', '14', '15', '33', '35', '9', '77', '20', '5', '82', '4', '51', '66', '1'}
| | | | | | | | | | | +-- , 45 , set() , {'14', '72', '42', '17', '44', '38'}
| | | | | | | | | | +-- , 49 , set() , {'87', '72', '69', '86', '94', '48', '90', '83', '93', '50', '18'}
| | | | | | | | | | +-- , 47 , set() , {'73', '32', '3', '25', '78', '81', '20', '4', '26', '67', '1', '79'}
| | | | +-- , 55 , set() , {'37', '77', '81', '17', '28', '11', '34'}
| +-- , 57 , set() , {'59', '48', '26', '66', '21', '75', '1'}
| +-- , 59 , set() , {'33', '48', '52', '17', '64', '18', '43'}


Max number of edges with non zero Y: 38
Max number of iterations of outer rounding loop: 9
Max number of candidate sets: 2
Time spent rounding: 114.528
Time spent solving Separator LP: 37.541
Total time spent solving: 171.736

LP Solver: GaifmanBoosted
Lower Bound Witness = ({'14', '73', '32', '86', '33', '49', '70', '9', '94', '42', '81', '17', '66', '45', '75', '50', '76', '34', '1', '67', '58', '12', '3', '25', '27', '77', '48', '4', '47', '51', '26', '79', '53', '91', '87', '72', '69', '59', '10', '65', '92', '82', '5', '13', '85', '83', '38', '64', '68', '18', '56', '24', '15', '46', '35', '71', '78', '30', '74', '20', '29', '37', '31', '61', '93', '90', '44', '6', '7', '40', '88', '19'}, {'73', '32', '33', '94', '9', '42', '81', '17', '66', '75', '50', '34', '1', '67', '58', '25', '27', '77', '48', '4', '47', '51', '26', '53', '87', '72', '69', '59', '10', '92', '82', '5', '13', '83', '38', '64', '68', '18', '56', '24', '15', '35', '71', '78', '30', '74', '29', '37', '31', '61', '93', '7', '40', '88', '19'})