12, 1.928824726300038, 6.0, 6
+-- , 0 , {3, 21, 23, 25} , {'xL8J', 'xL9J', 'xL23J', 'xL5J', 'xL11J', 'xL19J', 'xL17J', 'xL2J', 'xL4J', 'xL1J'}
| +-- , 3 , {6} , {'xL12J', 'xL9J', 'xL5J', 'xL17J', 'xL2J', 'xL4J', 'xL14J', 'xL8J', 'xL11J', 'xL19J', 'xL16J', 'xL1J'}
| | +-- , 6 , {9} , {'xL12J', 'xL9J', 'xL7J', 'xL6J', 'xL17J', 'xL2J', 'xL4J', 'xL14J', 'xL11J', 'xL19J', 'xL16J', 'xL1J'}
| | | +-- , 9 , {19, 11, 15} , {'xL12J', 'xL13J', 'xL9J', 'xL7J', 'xL6J', 'xL2J', 'xL11J', 'xL19J', 'xL17J', 'xL16J', 'xL4J', 'xL1J'}
| | | | +-- , 19 , set() , {'xL13J', 'xL24J', 'xL11J', 'xL17J', 'xL16J', 'xL4J', 'xL1J'}
| | | | +-- , 11 , {13} , {'xL12J', 'xL13J', 'xL3J', 'xL2J', 'xL19J', 'xL17J', 'xL16J', 'xL15J'}
| | | | | +-- , 13 , set() , {'xL20J', 'xL16J', 'xL3J'}
| | | | +-- , 15 , {17} , {'xL13J', 'xL18J', 'xL19J', 'xL7J', 'xL17J'}
| | | | | +-- , 17 , set() , {'xL22J', 'xL17J', 'xL18J', 'xL13J'}
| +-- , 21 , set() , {'xL8J', 'xL23J', 'xL10J', 'xL5J', 'xL11J', 'xL2J'}
| +-- , 23 , set() , {'xL9J', 'xL21J'}
| +-- , 25 , set() , {'xL23J', 'xL0J'}


Max number of edges with non zero Y: 17
Max number of iterations of outer rounding loop: 6
Max number of candidate sets: 2
Time spent rounding: 23.824
Time spent solving Separator LP: 0.194
Total time spent solving: 26.870

LP Solver: GaifmanNormal
Lower Bound Witness = ({'xL9J', 'xL2J', 'xL4J', 'xL14J', 'xL13J', 'xL20J', 'xL3J', 'xL11J', 'xL19J', 'xL16J', 'xL15J', 'xL12J', 'xL7J', 'xL6J', 'xL18J', 'xL22J', 'xL17J', 'xL24J', 'xL1J'}, {'xL12J', 'xL14J', 'xL9J', 'xL6J', 'xL2J', 'xL11J', 'xL19J', 'xL17J', 'xL16J', 'xL4J', 'xL1J'})