13, 3.5, 5.5, 6
+-- , 0 , {28, 6} , {'xL12J', 'xL8J', 'xL24J', 'xL11J', 'xL19J', 'xL2J', 'xL16J', 'xL4J', 'xL1J'}
| +-- , 28 , {30} , {'xL12J', 'xL8J', 'xL10J', 'xL11J', 'xL2J', 'xL1J'}
| | +-- , 30 , {32} , {'xL12J', 'xL5J', 'xL23J', 'xL10J', 'xL1J'}
| | | +-- , 32 , set() , {'xL23J', 'xL0J'}
| +-- , 6 , {26, 10} , {'xL12J', 'xL24J', 'xL3J', 'xL6J', 'xL11J', 'xL19J', 'xL2J', 'xL16J', 'xL4J', 'xL1J'}
| | +-- , 26 , set() , {'xL20J', 'xL16J', 'xL3J'}
| | +-- , 10 , {24, 13} , {'xL12J', 'xL9J', 'xL7J', 'xL24J', 'xL3J', 'xL6J', 'xL11J', 'xL19J', 'xL16J', 'xL1J'}
| | | +-- , 24 , set() , {'xL9J', 'xL21J'}
| | | +-- , 13 , {16} , {'xL12J', 'xL9J', 'xL7J', 'xL6J', 'xL14J', 'xL13J', 'xL24J', 'xL3J', 'xL11J', 'xL19J', 'xL16J'}
| | | | +-- , 16 , {18, 20} , {'xL12J', 'xL14J', 'xL13J', 'xL7J', 'xL24J', 'xL3J', 'xL11J', 'xL19J', 'xL17J', 'xL16J'}
| | | | | +-- , 18 , set() , {'xL12J', 'xL13J', 'xL3J', 'xL17J', 'xL16J', 'xL15J'}
| | | | | +-- , 20 , {22} , {'xL13J', 'xL18J', 'xL19J', 'xL7J', 'xL17J'}
| | | | | | +-- , 22 , set() , {'xL22J', 'xL17J', 'xL18J', 'xL13J'}


Max number of edges with non zero Y: 5
Max number of iterations of outer rounding loop: 0
Max number of candidate sets: 0
Time spent rounding: 0.000
Time spent solving Separator LP: 2.836
Total time spent solving: 3.471

LP Solver: GaifmanNormalILP
Lower Bound Witness = ({'xL9J', 'xL21J', 'xL2J', 'xL4J', 'xL14J', 'xL13J', 'xL8J', 'xL0J', 'xL10J', 'xL20J', 'xL3J', 'xL11J', 'xL19J', 'xL16J', 'xL15J', 'xL12J', 'xL23J', 'xL7J', 'xL5J', 'xL6J', 'xL18J', 'xL22J', 'xL17J', 'xL24J', 'xL1J'}, {'xL14J', 'xL8J', 'xL9J', 'xL0J', 'xL23J', 'xL24J', 'xL7J', 'xL20J', 'xL3J', 'xL2J', 'xL11J', 'xL17J', 'xL4J', 'xL1J'})