11, 1.7338378080808081, 5.0, 5
+-- , 0 , {8, 26, 28} , {'xL15J', 'xL1J', 'xL19J', 'xL10J', 'xL17J', 'xL16J', 'xL6J', 'xL11J', 'xL13J'}
| +-- , 8 , {20, 22, 12} , {'xL7J', 'xL19J', 'xL1J', 'xL10J', 'xL17J', 'xL16J', 'xL6J', 'xL11J', 'xL13J', 'xL12J'}
| | +-- , 20 , set() , {'xL19J', 'xL17J', 'xL16J', 'xL6J', 'xL11J', 'xL0J', 'xL12J'}
| | +-- , 22 , {24} , {'xL17J', 'xL7J', 'xL4J', 'xL6J', 'xL19J'}
| | | +-- , 24 , set() , {'xL5J', 'xL17J', 'xL4J', 'xL7J'}
| | +-- , 12 , {14} , {'xL7J', 'xL1J', 'xL13J', 'xL10J', 'xL11J', 'xL2J', 'xL12J'}
| | | +-- , 14 , {16, 18} , {'xL3J', 'xL7J', 'xL1J', 'xL13J', 'xL10J', 'xL11J', 'xL2J'}
| | | | +-- , 16 , set() , {'xL3J', 'xL14J', 'xL11J', 'xL2J'}
| | | | +-- , 18 , set() , {'xL3J', 'xL7J', 'xL18J', 'xL10J', 'xL13J'}
| +-- , 26 , set() , {'xL15J', 'xL9J'}
| +-- , 28 , set() , {'xL8J', 'xL1J', 'xL19J', 'xL10J'}


Max number of edges with non zero Y: 13
Max number of iterations of outer rounding loop: 6
Max number of candidate sets: 2
Time spent rounding: 9.888
Time spent solving Separator LP: 0.177
Total time spent solving: 11.765

LP Solver: GaifmanNormal
Lower Bound Witness = ({'xL3J', 'xL7J', 'xL2J', 'xL1J', 'xL19J', 'xL18J', 'xL10J', 'xL17J', 'xL14J', 'xL6J', 'xL16J', 'xL11J', 'xL13J', 'xL0J', 'xL12J'}, {'xL7J', 'xL1J', 'xL19J', 'xL10J', 'xL17J', 'xL16J', 'xL6J', 'xL11J', 'xL13J'})