47, 1.2285714285714284, 5.0, 5
+-- , 0 , {83, 3} , {'xL2JL4J', 'xL2JL2J', 'xL3JL4J', 'xL4JL7J', 'xL4JL8J', 'xL8JL6J', 'xL3JL2J', 'xL5JL2J', 'xL4JL6J', 'xL7JL6J', 'xL1JL4J', 'xL3JL3J', 'xL1JL2J', 'xL4JL2J'}
| +-- , 83 , {114, 85} , {'xL2JL4J', 'xL2JL2J', 'xL4JL7J', 'xL4JL8J', 'xL8JL6J', 'xL1JL3J', 'xL5JL2J', 'xL4JL6J', 'xL4JL3J', 'xL7JL6J', 'xL1JL4J', 'xL2JL3J', 'xL5JL3J', 'xL3JL3J', 'xL1JL2J', 'xL6JL3J', 'xL4JL2J'}
| | +-- , 114 , set() , {'xL5JL2J', 'xL4JL3J', 'xL5JL1J', 'xL5JL3J', 'xL4JL1J', 'xL4JL2J'}
| | +-- , 85 , {87} , {'xL2JL4J', 'xL2JL2J', 'xL4JL7J', 'xL4JL8J', 'xL8JL6J', 'xL1JL3J', 'xL2JL5J', 'xL4JL6J', 'xL1JL5J', 'xL7JL6J', 'xL2JL1J', 'xL1JL1J', 'xL2JL3J', 'xL2JL6J', 'xL1JL4J', 'xL1JL2J', 'xL6JL3J'}
| | | +-- , 87 , {89} , {'xL4JL6J', 'xL7JL6J', 'xL4JL7J', 'xL6JL4J', 'xL4JL8J', 'xL8JL6J', 'xL2JL6J', 'xL6JL5J', 'xL6JL3J'}
| | | | +-- , 89 , {112, 91} , {'xL4JL6J', 'xL7JL6J', 'xL4JL7J', 'xL3JL6J', 'xL6JL4J', 'xL4JL8J', 'xL5JL6J', 'xL8JL6J', 'xL2JL6J', 'xL6JL5J'}
| | | | | +-- , 112 , set() , {'xL4JL7J', 'xL3JL7J', 'xL3JL6J'}
| | | | | +-- , 91 , {93} , {'xL5JL5J', 'xL7JL6J', 'xL6JL8J', 'xL6JL4J', 'xL4JL8J', 'xL5JL6J', 'xL5JL8J', 'xL8JL6J', 'xL6JL5J', 'xL7JL8J'}
| | | | | | +-- , 93 , {95} , {'xL5JL5J', 'xL7JL6J', 'xL6JL8J', 'xL6JL4J', 'xL5JL8J', 'xL8JL5J', 'xL8JL6J', 'xL7JL5J', 'xL6JL5J', 'xL7JL8J'}
| | | | | | | +-- , 95 , {97} , {'xL7JL6J', 'xL7JL7J', 'xL6JL8J', 'xL6JL4J', 'xL7JL9J', 'xL5JL8J', 'xL7JL5J', 'xL7JL4J', 'xL7JL8J'}
| | | | | | | | +-- , 97 , {105, 100} , {'xL6JL8J', 'xL7JL7J', 'xL4JL10J', 'xL3JL10J', 'xL2JL10J', 'xL7JL9J', 'xL5JL8J', 'xL5JL10J', 'xL1JL10J', 'xL6JL10J'}
| | | | | | | | | +-- , 105 , {110} , {'xL1JL11J', 'xL3JL10J', 'xL1JL9J', 'xL1JL8J', 'xL2JL11J', 'xL2JL10J', 'xL1JL10J'}
| | | | | | | | | | +-- , 110 , set() , {'xL2JL8J', 'xL2JL9J', 'xL3JL10J', 'xL1JL9J', 'xL1JL8J', 'xL3JL9J', 'xL2JL11J', 'xL2JL10J'}
| | | | | | | | | +-- , 100 , {103} , {'xL7JL7J', 'xL6JL8J', 'xL4JL10J', 'xL6JL7J', 'xL6JL9J', 'xL7JL9J', 'xL5JL8J', 'xL5JL10J', 'xL6JL11J', 'xL6JL10J'}
| | | | | | | | | | +-- , 103 , set() , {'xL4JL11J', 'xL5JL11J', 'xL6JL9J', 'xL4JL10J', 'xL7JL9J', 'xL5JL8J', 'xL5JL9J', 'xL5JL10J', 'xL6JL11J'}
| +-- , 3 , {32, 5} , {'xL13JL6J', 'xL10JL6J', 'xL7JL6J', 'xL9JL6J', 'xL12JL6J', 'xL11JL6J', 'xL8JL6J'}
| | +-- , 32 , {37} , {'xL13JL7J', 'xL14JL9J', 'xL13JL6J', 'xL12JL6J', 'xL12JL7J', 'xL13JL4J', 'xL14JL7J', 'xL13JL8J', 'xL14JL8J', 'xL13JL5J', 'xL13JL3J'}
| | | +-- , 37 , {39} , {'xL13JL7J', 'xL14JL9J', 'xL13JL4J', 'xL14JL7J', 'xL17JL9J', 'xL13JL5J', 'xL13JL3J', 'xL12JL7J', 'xL15JL9J', 'xL15JL7J', 'xL16JL9J', 'xL18JL9J', 'xL19JL9J'}
| | | | +-- , 39 , {41} , {'xL13JL4J', 'xL17JL9J', 'xL13JL5J', 'xL13JL3J', 'xL15JL9J', 'xL15JL7J', 'xL15JL6J', 'xL16JL9J', 'xL18JL9J', 'xL19JL9J'}
| | | | | +-- , 41 , {64, 43} , {'xL19JL9J', 'xL15JL9J', 'xL16JL9J', 'xL18JL6J', 'xL15JL6J', 'xL13JL4J', 'xL17JL9J', 'xL13JL5J', 'xL17JL6J', 'xL18JL9J', 'xL16JL6J', 'xL13JL3J'}
| | | | | | +-- , 64 , {66} , {'xL18JL7J', 'xL15JL9J', 'xL18JL8J', 'xL17JL9J', 'xL18JL10J', 'xL16JL9J', 'xL18JL11J', 'xL18JL9J', 'xL19JL9J', 'xL18JL6J'}
| | | | | | | +-- , 66 , {69} , {'xL18JL7J', 'xL19JL8J', 'xL18JL8J', 'xL17JL9J', 'xL18JL10J', 'xL15JL9J', 'xL17JL8J', 'xL16JL9J', 'xL18JL11J', 'xL19JL9J'}
| | | | | | | | +-- , 69 , {73, 71} , {'xL18JL7J', 'xL19JL8J', 'xL15JL9J', 'xL17JL8J', 'xL19JL10J', 'xL17JL9J', 'xL18JL10J', 'xL16JL9J', 'xL18JL11J', 'xL19JL9J'}
| | | | | | | | | +-- , 73 , {75} , {'xL17JL10J', 'xL15JL9J', 'xL17JL8J', 'xL15JL10J', 'xL17JL9J', 'xL18JL10J', 'xL16JL9J', 'xL19JL10J', 'xL16JL10J'}
| | | | | | | | | | +-- , 75 , set() , {'xL15JL9J', 'xL15JL11J', 'xL15JL10J', 'xL16JL11J', 'xL16JL9J', 'xL16JL10J'}
| | | | | | | | | +-- , 71 , set() , {'xL18JL7J', 'xL19JL8J', 'xL19JL11J', 'xL19JL7J', 'xL19JL10J', 'xL18JL11J', 'xL19JL9J'}
| | | | | | +-- , 43 , {49, 45} , {'xL13JL4J', 'xL16JL4J', 'xL13JL5J', 'xL17JL6J', 'xL16JL6J', 'xL13JL3J'}
| | | | | | | +-- , 49 , {51} , {'xL14JL4J', 'xL13JL5J', 'xL15JL4J', 'xL13JL4J', 'xL16JL4J', 'xL13JL3J'}
| | | | | | | | +-- , 51 , {54} , {'xL14JL4J', 'xL14JL2J', 'xL15JL4J', 'xL14JL3J', 'xL14JL5J', 'xL14JL1J', 'xL13JL5J', 'xL13JL3J'}
| | | | | | | | | +-- , 54 , {56} , {'xL14JL2J', 'xL15JL4J', 'xL15JL2J', 'xL14JL3J', 'xL14JL1J', 'xL15JL3J', 'xL15JL1J', 'xL13JL3J'}
| | | | | | | | | | +-- , 56 , {58} , {'xL14JL2J', 'xL19JL2J', 'xL16JL2J', 'xL16JL1J', 'xL15JL2J', 'xL18JL2J', 'xL14JL1J', 'xL15JL1J', 'xL17JL2J'}
| | | | | | | | | | | +-- , 58 , set() , {'xL19JL2J', 'xL18JL1J', 'xL18JL4J', 'xL19JL1J', 'xL19JL3J', 'xL19JL4J', 'xL18JL3J', 'xL17JL3J', 'xL18JL2J', 'xL17JL2J'}
| | | | | | | +-- , 45 , {47} , {'xL16JL4J', 'xL17JL6J', 'xL16JL5J', 'xL16JL6J'}
| | | | | | | | +-- , 47 , set() , {'xL17JL6J', 'xL17JL5J', 'xL16JL5J'}
| | +-- , 5 , {8, 20} , {'xL10JL5J', 'xL10JL8J', 'xL10JL9J', 'xL9JL6J', 'xL10JL6J', 'xL10JL3J', 'xL10JL7J', 'xL10JL4J', 'xL10JL2J', 'xL11JL6J', 'xL10JL10J'}
| | | +-- , 8 , {10} , {'xL11JL4J', 'xL10JL5J', 'xL11JL5J', 'xL10JL3J', 'xL10JL4J', 'xL10JL2J', 'xL11JL6J'}
| | | | +-- , 10 , {12} , {'xL11JL4J', 'xL10JL4J', 'xL10JL2J', 'xL9JL4J', 'xL10JL3J'}
| | | | | +-- , 12 , {14} , {'xL10JL3J', 'xL9JL3J', 'xL10JL2J', 'xL9JL1J', 'xL9JL4J', 'xL9JL2J'}
| | | | | | +-- , 14 , {16} , {'xL7JL2J', 'xL7JL1J', 'xL8JL2J', 'xL9JL1J', 'xL10JL2J', 'xL8JL1J', 'xL12JL2J', 'xL11JL2J', 'xL9JL2J'}
| | | | | | | +-- , 16 , {18} , {'xL12JL1J', 'xL12JL2J', 'xL11JL2J'}
| | | | | | | | +-- , 18 , set() , {'xL11JL1J', 'xL11JL2J', 'xL12JL1J'}
| | | +-- , 20 , {22} , {'xL9JL8J', 'xL10JL8J', 'xL10JL9J', 'xL9JL6J', 'xL10JL7J', 'xL9JL7J', 'xL10JL10J'}
| | | | +-- , 22 , {24} , {'xL9JL8J', 'xL10JL8J', 'xL10JL9J', 'xL11JL8J', 'xL10JL10J'}
| | | | | +-- , 24 , {26} , {'xL10JL9J', 'xL11JL11J', 'xL11JL9J', 'xL11JL8J', 'xL11JL10J', 'xL10JL10J'}
| | | | | | +-- , 26 , {28} , {'xL13JL11J', 'xL11JL11J', 'xL12JL11J', 'xL12JL10J', 'xL13JL10J', 'xL11JL10J', 'xL8JL10J', 'xL9JL10J', 'xL10JL10J'}
| | | | | | | +-- , 28 , {30} , {'xL8JL11J', 'xL8JL10J', 'xL9JL10J'}
| | | | | | | | +-- , 30 , set() , {'xL9JL11J', 'xL9JL10J', 'xL8JL11J'}


Max number of edges with non zero Y: 6
Max number of iterations of outer rounding loop: 2
Max number of candidate sets: 2
Time spent rounding: 21.572
Time spent solving Separator LP: 0.712
Total time spent solving: 30.933

LP Solver: GaifmanBoosted
Lower Bound Witness = ({'xL4JL11J', 'xL5JL3J', 'xL7JL5J', 'xL3JL4J', 'xL4JL7J', 'xL1JL9J', 'xL3JL9J', 'xL5JL8J', 'xL8JL6J', 'xL3JL2J', 'xL4JL1J', 'xL1JL3J', 'xL6JL10J', 'xL5JL2J', 'xL3JL7J', 'xL4JL6J', 'xL2JL8J', 'xL4JL3J', 'xL5JL5J', 'xL7JL6J', 'xL7JL7J', 'xL4JL10J', 'xL2JL1J', 'xL3JL10J', 'xL5JL6J', 'xL7JL9J', 'xL2JL10J', 'xL7JL4J', 'xL3JL3J', 'xL1JL2J', 'xL4JL2J', 'xL2JL4J', 'xL5JL11J', 'xL2JL2J', 'xL3JL6J', 'xL6JL4J', 'xL4JL8J', 'xL1JL8J', 'xL5JL9J', 'xL5JL1J', 'xL1JL10J', 'xL6JL11J', 'xL2JL5J', 'xL7JL8J', 'xL1JL5J', 'xL2JL9J', 'xL6JL7J', 'xL6JL8J', 'xL6JL9J', 'xL1JL11J', 'xL8JL5J', 'xL2JL11J', 'xL1JL1J', 'xL1JL4J', 'xL5JL10J', 'xL2JL6J', 'xL2JL3J', 'xL6JL5J', 'xL6JL3J'}, {'xL5JL2J', 'xL4JL6J', 'xL2JL4J', 'xL7JL6J', 'xL2JL2J', 'xL3JL4J', 'xL4JL7J', 'xL4JL8J', 'xL8JL6J', 'xL3JL2J', 'xL1JL4J', 'xL1JL2J', 'xL4JL2J'})