14, 1.6953488690099052, 4.416666666666667, 5
+-- , 0 , {3, 28, 30} , {'12', '16', '18', '15', '0', '3', '7', '4', '28', '23', '13'}
| +-- , 3 , {8, 26} , {'12', '16', '15', '0', '4', '13', '8', '18', '29', '3', '7', '25', '23'}
| | +-- , 8 , {10, 22} , {'12', '16', '15', '0', '4', '13', '21', '8', '18', '29', '3', '7', '25'}
| | | +-- , 10 , {18, 12} , {'21', '1', '12', '8', '18', '15', '29', '7', '4', '25'}
| | | | +-- , 18 , {20} , {'21', '1', '12', '15', '29', '7', '26'}
| | | | | +-- , 20 , set() , {'26', '21', '24'}
| | | | +-- , 12 , {16, 14} , {'21', '1', '12', '8', '18', '15', '29', '6', '4'}
| | | | | +-- , 16 , set() , {'21', '17', '11', '1', '8', '6'}
| | | | | +-- , 14 , set() , {'21', '1', '12', '8', '29', '6', '27'}
| | | +-- , 22 , {24} , {'21', '12', '8', '0', '29', '3', '2', '25'}
| | | | +-- , 24 , set() , {'12', '0', '29', '3', '2', '14', '25'}
| | +-- , 26 , set() , {'25', '0', '10', '3'}
| +-- , 28 , set() , {'18', '0', '7', '5', '28', '9', '22', '13'}
| +-- , 30 , set() , {'15', '12', '20', '16'}


Max number of edges with non zero Y: 12
Max number of iterations of outer rounding loop: 5
Max number of candidate sets: 2
Time spent rounding: 14.435
Time spent solving Separator LP: 0.515

LP Solver: GaifmanBoosted