17, 3.006802721088436, 10.0, 10
+-- , 0 , {38, 6, 40} , {'xL6J', 'xL22J', 'xL18J', 'xL3J', 'xL20J', 'xL5J', 'xL15J', 'xL33J', 'xL34J', 'xL24J', 'xL36J', 'xL26J', 'xL25J', 'xL0J', 'xL21J', 'xL23J', 'xL16J', 'xL27J'}
| +-- , 38 , set() , {'xL1J', 'xL22J', 'xL15J'}
| +-- , 6 , {32, 36, 11} , {'xL6J', 'xL31J', 'xL22J', 'xL18J', 'xL3J', 'xL20J', 'xL28J', 'xL15J', 'xL33J', 'xL30J', 'xL34J', 'xL24J', 'xL36J', 'xL25J', 'xL17J', 'xL0J', 'xL21J', 'xL23J', 'xL16J', 'xL27J'}
| | +-- , 32 , {34} , {'xL31J', 'xL6J', 'xL34J', 'xL24J', 'xL18J', 'xL39J', 'xL17J', 'xL23J'}
| | | +-- , 34 , set() , {'xL31J', 'xL6J', 'xL24J', 'xL18J', 'xL39J', 'xL17J', 'xL7J'}
| | +-- , 36 , set() , {'xL2J', 'xL30J'}
| | +-- , 11 , {13} , {'xL31J', 'xL6J', 'xL22J', 'xL18J', 'xL20J', 'xL28J', 'xL12J', 'xL21J', 'xL33J', 'xL30J', 'xL24J', 'xL36J', 'xL25J', 'xL17J', 'xL0J', 'xL15J', 'xL23J', 'xL27J'}
| | | +-- , 13 , {15, 30} , {'xL31J', 'xL6J', 'xL22J', 'xL18J', 'xL20J', 'xL28J', 'xL12J', 'xL15J', 'xL33J', 'xL30J', 'xL35J', 'xL24J', 'xL36J', 'xL25J', 'xL17J', 'xL21J', 'xL23J', 'xL27J'}
| | | | +-- , 15 , {18, 28} , {'xL31J', 'xL6J', 'xL22J', 'xL20J', 'xL28J', 'xL12J', 'xL21J', 'xL33J', 'xL30J', 'xL35J', 'xL24J', 'xL4J', 'xL36J', 'xL25J', 'xL17J', 'xL15J', 'xL32J', 'xL23J', 'xL27J'}
| | | | | +-- , 18 , {20} , {'xL6J', 'xL22J', 'xL28J', 'xL12J', 'xL33J', 'xL14J', 'xL30J', 'xL35J', 'xL4J', 'xL17J', 'xL21J', 'xL32J'}
| | | | | | +-- , 20 , {22} , {'xL19J', 'xL22J', 'xL28J', 'xL12J', 'xL33J', 'xL14J', 'xL30J', 'xL4J', 'xL17J', 'xL21J', 'xL32J'}
| | | | | | | +-- , 22 , {24} , {'xL19J', 'xL22J', 'xL28J', 'xL29J', 'xL21J', 'xL32J', 'xL14J', 'xL30J', 'xL33J'}
| | | | | | | | +-- , 24 , {26} , {'xL22J', 'xL10J', 'xL28J', 'xL29J', 'xL21J', 'xL32J', 'xL14J', 'xL30J', 'xL33J', 'xL9J'}
| | | | | | | | | +-- , 26 , set() , {'xL11J', 'xL10J', 'xL30J', 'xL29J'}
| | | | | +-- , 28 , set() , {'xL4J', 'xL8J', 'xL20J', 'xL36J', 'xL25J', 'xL17J', 'xL15J', 'xL30J', 'xL27J'}
| | | | +-- , 30 , set() , {'xL38J', 'xL35J'}
| +-- , 40 , set() , {'xL6J', 'xL34J', 'xL37J', 'xL13J', 'xL36J', 'xL0J', 'xL5J', 'xL33J', 'xL16J'}


Max number of edges with non zero Y: 21
Max number of iterations of outer rounding loop: 7
Max number of candidate sets: 2
Time spent rounding: 41.442
Time spent solving Separator LP: 1.982

LP Solver: GaifmanBoosted