18, 5.0, 8.5, 9
+-- , 0 , {33, 39, 8, 41} , {'xL19J', 'xL6J', 'xL18J', 'xL12J', 'xL7J', 'xL30J', 'xL35J', 'xL9J', 'xL24J', 'xL4J', 'xL39J', 'xL25J', 'xL17J', 'xL21J', 'xL10J', 'xL23J'}
| +-- , 33 , {35, 37} , {'xL19J', 'xL6J', 'xL29J', 'xL10J', 'xL30J', 'xL35J'}
| | +-- , 35 , set() , {'xL6J', 'xL29J', 'xL10J', 'xL14J', 'xL30J', 'xL35J'}
| | +-- , 37 , set() , {'xL11J', 'xL10J', 'xL30J', 'xL29J'}
| +-- , 39 , set() , {'xL38J', 'xL35J'}
| +-- , 8 , {10} , {'xL6J', 'xL18J', 'xL20J', 'xL12J', 'xL10J', 'xL30J', 'xL7J', 'xL9J', 'xL24J', 'xL4J', 'xL39J', 'xL25J', 'xL17J', 'xL21J', 'xL32J', 'xL23J'}
| | +-- , 10 , {12} , {'xL31J', 'xL6J', 'xL18J', 'xL20J', 'xL32J', 'xL12J', 'xL30J', 'xL7J', 'xL9J', 'xL4J', 'xL39J', 'xL25J', 'xL17J', 'xL10J', 'xL23J'}
| | | +-- , 12 , {15} , {'xL31J', 'xL6J', 'xL18J', 'xL20J', 'xL28J', 'xL12J', 'xL10J', 'xL30J', 'xL9J', 'xL4J', 'xL8J', 'xL39J', 'xL25J', 'xL17J', 'xL32J', 'xL23J', 'xL27J'}
| | | | +-- , 15 , {17} , {'xL31J', 'xL6J', 'xL18J', 'xL20J', 'xL28J', 'xL12J', 'xL33J', 'xL30J', 'xL9J', 'xL34J', 'xL8J', 'xL39J', 'xL25J', 'xL23J', 'xL27J'}
| | | | | +-- , 17 , {19} , {'xL31J', 'xL6J', 'xL18J', 'xL28J', 'xL12J', 'xL33J', 'xL30J', 'xL9J', 'xL34J', 'xL8J', 'xL25J', 'xL0J', 'xL23J', 'xL27J'}
| | | | | | +-- , 19 , {21} , {'xL31J', 'xL6J', 'xL18J', 'xL28J', 'xL33J', 'xL30J', 'xL9J', 'xL34J', 'xL8J', 'xL36J', 'xL25J', 'xL0J', 'xL23J', 'xL27J'}
| | | | | | | +-- , 21 , {23, 31} , {'xL31J', 'xL6J', 'xL34J', 'xL18J', 'xL8J', 'xL28J', 'xL36J', 'xL25J', 'xL0J', 'xL33J', 'xL30J', 'xL23J', 'xL16J', 'xL9J'}
| | | | | | | | +-- , 23 , {25, 29} , {'xL31J', 'xL6J', 'xL18J', 'xL33J', 'xL9J', 'xL34J', 'xL8J', 'xL36J', 'xL25J', 'xL0J', 'xL15J', 'xL23J', 'xL16J'}
| | | | | | | | | +-- , 25 , {27} , {'xL18J', 'xL36J', 'xL26J', 'xL25J', 'xL15J', 'xL16J', 'xL9J'}
| | | | | | | | | | +-- , 27 , set() , {'xL22J', 'xL1J', 'xL26J', 'xL25J', 'xL15J', 'xL16J', 'xL9J'}
| | | | | | | | | +-- , 29 , set() , {'xL6J', 'xL34J', 'xL15J', 'xL37J', 'xL13J', 'xL36J', 'xL25J', 'xL5J', 'xL0J', 'xL33J', 'xL16J'}
| | | | | | | | +-- , 31 , set() , {'xL3J', 'xL30J', 'xL28J', 'xL23J', 'xL16J'}
| +-- , 41 , set() , {'xL2J', 'xL30J'}


Max number of edges with non zero Y: 6
Max number of iterations of outer rounding loop: 0
Max number of candidate sets: 0
Time spent rounding: 0.000
Time spent solving Separator LP: 13.438

LP Solver: GaifmanNormalILP