29, 1, 7.0, 8
+-- , 19 , {17, 21} , {'24', '38', '7', '19', '13', '40', '21', '1', '8', '48', '50', '43', '12'}
| +-- , 17 , {23, 15} , {'24', '38', '22', '6', '19', '13', '40', '1', '8', '48', '50', '43', '12'}
| | +-- , 23 , set() , {'42', '48', '6'}
| | +-- , 15 , {25, 13} , {'24', '49', '38', '22', '32', '19', '13', '40', '37', '8', '48', '50', '43', '12'}
| | | +-- , 25 , set() , {'22', '37', '45'}
| | | +-- , 13 , {27, 11} , {'49', '36', '48', '40', '37', '8', '43', '24', '11', '44', '32', '19', '13', '38', '50', '12'}
| | | | +-- , 27 , set() , {'49', '11', '31'}
| | | | +-- , 11 , {29, 8} , {'36', '48', '40', '37', '8', '43', '24', '11', '44', '32', '27', '19', '13', '51', '38', '50', '12'}
| | | | | +-- , 29 , {31} , {'11', '23', '51', '8', '50'}
| | | | | | +-- , 31 , set() , {'11', '23', '34', '51', '8'}
| | | | | +-- , 8 , {33, 50, 6} , {'36', '33', '48', '40', '37', '8', '43', '24', '46', '44', '32', '27', '19', '13', '51', '38', '50', '12'}
| | | | | | +-- , 33 , {35} , {'14', '36', '15', '13', '51', '33', '48', '43', '12'}
| | | | | | | +-- , 35 , set() , {'14', '36', '18'}
| | | | | | +-- , 50 , {51} , {'51', '46', '12'}
| | | | | | | +-- , 51 , set() , {'30', '35', '12'}
| | | | | | +-- , 6 , {3} , {'36', '33', '48', '40', '37', '8', '9', '43', '24', '46', '32', '27', '19', '13', '38', '50', '12'}
| | | | | | | +-- , 3 , {0} , {'20', '48', '33', '40', '37', '9', '24', '46', '32', '27', '19', '13', '10', '38', '50', '12'}
| | | | | | | | +-- , 0 , {37, 43} , {'46', '38', '0', '20', '32', '27', '19', '13', '5', '40', '37', '10', '48', '12'}
| | | | | | | | | +-- , 37 , {44, 39} , {'12', '0', '20', '29', '48', '40', '41', '37', '46', '32', '17', '27', '10', '38', '5'}
| | | | | | | | | | +-- , 44 , {45} , {'10', '41', '46'}
| | | | | | | | | | | +-- , 45 , set() , {'10', '39', '46'}
| | | | | | | | | | +-- , 39 , {48, 41} , {'41', '37', '2', '17', '29'}
| | | | | | | | | | | +-- , 48 , {49} , {'37', '2', '17'}
| | | | | | | | | | | | +-- , 49 , set() , {'37', '4', '2'}
| | | | | | | | | | | +-- , 41 , set() , {'2', '41', '3'}
| | | | | | | | | +-- , 43 , set() , {'19', '25', '46', '37'}
| +-- , 21 , {46} , {'7', '47', '13', '40', '48'}
| | +-- , 46 , {47} , {'48', '13', '47'}
| | | +-- , 47 , set() , {'48', '26', '47'}


Max number of edges with non zero Y: 26
Max number of iterations of outer rounding loop: 4
Max number of candidate sets: 2
Time spent rounding: 0.376
Time spent solving Separator LP: 0.024
Total time spent solving: 0.978

LP Solver: gammaPlusFractionalCoverHeuristic
Number of Rounding Attemps: 2
Lower Bound Witness = ({'49', '36', '7', '23', '34', '0', '20', '47', '48', '40', '8', '9', '43', '24', '46', '25', '18', '32', '17', '51', '3', '45', '14', '29', '33', '5', '41', '2', '37', '31', '11', '44', '22', '15', '27', '42', '13', '19', '21', '1', '10', '38', '50', '6', '12'}, {'46', '44', '32', '27', '2'})