23, 1, 11.0, 11
+-- , 5 , {3, 7} , {'13', '1', '22', '7', '48'}
| +-- , 3 , {0, 32, 34, 38} , {'7', '47', '40', '41', '37', '9', '24', '46', '25', '22', '13', '51', '21', '10', '48', '50', '12'}
| | +-- , 0 , {13, 19, 23, 25, 27, 29, 31} , {'14', '49', '36', '0', '40', '41', '37', '2', '9', '25', '11', '44', '38', '22', '32', '19', '13', '51', '21', '3', '48', '50', '12'}
| | | +-- , 13 , {36, 15} , {'14', '0', '29', '48', '40', '41', '2', '37', '11', '32', '17', '27', '19', '51', '38', '12'}
| | | | +-- , 36 , {37} , {'37', '2', '17'}
| | | | | +-- , 37 , set() , {'37', '4', '2'}
| | | | +-- , 15 , {17} , {'14', '20', '29', '27', '51'}
| | | | | +-- , 17 , set() , {'14', '20', '27', '33', '51'}
| | | +-- , 19 , {21} , {'14', '11', '34', '51', '21', '8', '38', '50', '43'}
| | | | +-- , 21 , set() , {'23', '34', '51', '8', '50'}
| | | +-- , 23 , set() , {'14', '15', '13', '48', '12'}
| | | +-- , 25 , set() , {'40', '41', '5'}
| | | +-- , 27 , set() , {'14', '36', '18'}
| | | +-- , 29 , set() , {'22', '37', '45'}
| | | +-- , 31 , set() , {'49', '11', '31'}
| | +-- , 32 , {33} , {'10', '41', '46'}
| | | +-- , 33 , set() , {'10', '39', '46'}
| | +-- , 34 , {35} , {'48', '13', '47'}
| | | +-- , 35 , set() , {'48', '26', '47'}
| | +-- , 38 , {39} , {'51', '46', '12'}
| | | +-- , 39 , set() , {'30', '35', '12'}
| +-- , 7 , {9} , {'1', '22', '48', '6'}
| | +-- , 9 , set() , {'42', '48', '6'}


Max number of edges with non zero Y: 26
Max number of iterations of outer rounding loop: 1
Max number of candidate sets: 2
Time spent rounding: 0.016
Time spent solving Separator LP: 0.005
Total time spent solving: 0.257

LP Solver: gammaPlusFractionalCoverHeuristic
Number of Rounding Attemps: 1
Lower Bound Witness = ({'49', '36', '7', '23', '34', '0', '20', '47', '48', '40', '8', '9', '43', '24', '46', '25', '18', '32', '17', '51', '3', '45', '14', '29', '33', '5', '41', '2', '37', '31', '11', '44', '22', '15', '27', '42', '13', '19', '21', '1', '10', '38', '50', '6', '12'}, {'20', '21', '41', '10', '38'})