56, 2.942805485171733, 11.0, 11
+-- , 0 , {67, 5, 75, 77, 15, 17, 81, 85, 89, 95, 97, 99, 105, 107, 109, 111, 113} , {'zL46J', 'zL64J', 'zL65J', 'xL4J', 'zL54J', 'xL9J', 'xL1J', 'zL55J', 'zL44J', 'zL24J', 'zL50J', 'zL47J', 'xL5J', 'w3', 'zL49J', 'xL0J', 'zL45J', 'zL6J', 'xL7J', 'zL3J', 'zL74J', 'xL8J', 'zL58J', 'xL6J', 'zL59J'}
| +-- , 67 , {73, 69} , {'xL0J', 'zL16J', 'zL17J', 'xL9J', 'xL1J', 'xL5J', 'xL6J'}
| | +-- , 73 , set() , {'yL4J', 'xL9J', 'zL16J'}
| | +-- , 69 , {71} , {'xL1J', 'zL18J', 'zL17J', 'xL5J', 'xL6J'}
| | | +-- , 71 , set() , {'zL18J', 'zL19J', 'xL1J', 'xL5J', 'w7'}
| +-- , 5 , {7} , {'xL0J', 'xL4J', 'zL11J', 'xL8J', 'xL1J', 'w5', 'xL5J'}
| | +-- , 7 , {9} , {'xL0J', 'xL4J', 'zL10J', 'zL11J', 'xL8J', 'xL1J'}
| | | +-- , 9 , {11} , {'zL9J', 'xL0J', 'xL4J', 'zL10J', 'xL1J'}
| | | | +-- , 11 , {13} , {'zL9J', 'xL0J', 'xL4J', 'zL8J'}
| | | | | +-- , 13 , set() , {'yL2J', 'xL0J', 'zL8J'}
| +-- , 75 , set() , {'yL11J', 'xL1J', 'zL44J'}
| +-- , 77 , {79} , {'xL9J', 'xL1J', 'zL75J', 'zL74J'}
| | +-- , 79 , set() , {'w21', 'xL9J', 'zL75J'}
| +-- , 15 , set() , {'zL37J', 'xL4J', 'zL38J', 'zL39J', 'zL36J', 'yL9J', 'xL9J', 'xL1J', 'xL5J', 'w12', 'xL6J'}
| +-- , 17 , {47, 49, 19, 55, 21, 53, 61, 57} , {'zL2J', 'zL65J', 'xL4J', 'zL54J', 'zL5J', 'xL9J', 'xL1J', 'zL20J', 'zL24J', 'zL50J', 'zL47J', 'xL5J', 'xL0J', 'zL53J', 'zL6J', 'xL7J', 'zL3J', 'zL21J', 'zL66J', 'xL2J', 'xL8J', 'zL25J', 'xL6J', 'zL51J'}
| | +-- , 47 , set() , {'zL47J', 'w14', 'xL2J'}
| | +-- , 49 , {51} , {'zL67J', 'xL9J', 'xL0J', 'zL66J'}
| | | +-- , 51 , set() , {'zL67J', 'xL0J', 'w19'}
| | +-- , 19 , set() , {'yL5J', 'xL2J', 'zL20J'}
| | +-- , 55 , set() , {'yL17J', 'xL7J', 'zL71J', 'zL70J', 'w20', 'xL9J', 'xL2J', 'xL1J', 'zL68J', 'xL6J', 'zL69J'}
| | +-- , 21 , {23} , {'xL4J', 'zL5J', 'xL9J', 'xL1J', 'xL5J', 'zL26J', 'xL0J', 'xL7J', 'zL21J', 'xL2J', 'xL8J', 'zL25J', 'xL6J', 'zL51J'}
| | | +-- , 23 , {33, 39, 43, 45, 25, 29, 31} , {'xL3J', 'xL4J', 'yL3J', 'zL78J', 'zL5J', 'zL77J', 'zL79J', 'xL9J', 'xL1J', 'zL23J', 'xL5J', 'zL22J', 'zL26J', 'xL0J', 'xL7J', 'zL13J', 'zL12J', 'zL21J', 'xL2J', 'zL27J', 'xL8J', 'zL51J'}
| | | | +-- , 33 , {35} , {'xL3J', 'xL0J', 'xL1J', 'zL13J', 'zL14J'}
| | | | | +-- , 35 , {37} , {'zL15J', 'xL0J', 'xL1J', 'zL14J'}
| | | | | | +-- , 37 , set() , {'zL15J', 'xL0J', 'w6'}
| | | | +-- , 39 , {41} , {'xL3J', 'zL4J', 'xL1J', 'zL5J'}
| | | | | +-- , 41 , set() , {'zL4J', 'xL1J', 'yL1J'}
| | | | +-- , 43 , set() , {'zL79J', 'xL9J', 'w22'}
| | | | +-- , 45 , set() , {'w8', 'xL8J', 'zL23J'}
| | | | +-- , 25 , {27} , {'xL3J', 'xL8J', 'zL76J', 'zL77J'}
| | | | | +-- , 27 , set() , {'xL3J', 'yL19J', 'zL76J'}
| | | | +-- , 29 , set() , {'w9', 'xL2J', 'zL27J'}
| | | | +-- , 31 , set() , {'xL3J', 'w15', 'zL51J'}
| | +-- , 53 , set() , {'zL43J', 'xL7J', 'yL10J', 'zL42J', 'xL2J', 'xL8J', 'xL1J', 'zL40J', 'zL41J', 'w13', 'xL5J'}
| | +-- , 61 , {63} , {'zL2J', 'xL2J', 'xL8J', 'zL1J', 'xL7J'}
| | | +-- , 63 , {65} , {'xL2J', 'zL1J', 'xL7J', 'zL0J'}
| | | | +-- , 65 , set() , {'xL2J', 'yL0J', 'zL0J'}
| | +-- , 57 , {59} , {'xL2J', 'zL53J', 'xL8J', 'zL52J'}
| | | +-- , 59 , set() , {'yL13J', 'xL2J', 'zL52J'}
| +-- , 81 , {83} , {'zL49J', 'zL48J', 'xL5J', 'xL7J'}
| | +-- , 83 , set() , {'yL12J', 'xL5J', 'zL48J'}
| +-- , 85 , {87} , {'zL7J', 'xL8J', 'zL6J', 'xL6J'}
| | +-- , 87 , set() , {'w4', 'zL7J', 'xL6J'}
| +-- , 89 , {91} , {'xL6J', 'xL0J', 'xL4J', 'zL73J', 'zL74J'}
| | +-- , 91 , {93} , {'xL0J', 'xL4J', 'zL72J', 'zL73J'}
| | | +-- , 93 , set() , {'zL72J', 'yL18J', 'xL4J'}
| +-- , 95 , set() , {'w17', 'xL6J', 'zL59J'}
| +-- , 97 , set() , {'zL30J', 'xL0J', 'w10', 'xL4J', 'zL31J', 'yL7J', 'zL28J', 'xL8J', 'xL5J', 'xL6J', 'zL29J'}
| +-- , 99 , {101} , {'xL9J', 'xL8J', 'xL4J', 'zL58J', 'zL57J'}
| | +-- , 101 , {103} , {'xL9J', 'xL4J', 'zL56J', 'zL57J'}
| | | +-- , 103 , set() , {'zL56J', 'yL14J', 'xL4J'}
| +-- , 105 , set() , {'xL0J', 'xL4J', 'zL62J', 'zL63J', 'xL9J', 'w18', 'zL60J', 'zL61J', 'xL5J', 'xL6J', 'yL15J'}
| +-- , 107 , set() , {'yL6J', 'zL24J', 'xL0J'}
| +-- , 109 , set() , {'zL32J', 'xL0J', 'zL33J', 'zL34J', 'yL8J', 'xL6J', 'xL9J', 'xL8J', 'xL5J', 'zL35J', 'w11'}
| +-- , 111 , set() , {'yL16J', 'xL5J', 'zL64J'}
| +-- , 113 , set() , {'xL0J', 'w16', 'zL55J'}


Max number of edges with non zero Y: 36
Max number of iterations of outer rounding loop: 3
Max number of candidate sets: 2
Time spent rounding: 16.410
Time spent solving Separator LP: 19.795
Total time spent solving: 46.275

LP Solver: GaifmanNormal
Lower Bound Witness = ({'zL64J', 'yL1J', 'yL2J', 'zL50J', 'zL49J', 'yL17J', 'zL12J', 'zL21J', 'zL70J', 'zL7J', 'w18', 'zL68J', 'zL30J', 'w19', 'zL65J', 'xL4J', 'zL55J', 'zL20J', 'zL60J', 'yL14J', 'zL43J', 'xL0J', 'zL45J', 'yL0J', 'yL8J', 'w22', 'zL29J', 'w21', 'yL3J', 'zL72J', 'zL73J', 'zL63J', 'zL77J', 'xL1J', 'w12', 'w3', 'zL67J', 'yL9J', 'zL13J', 'yL7J', 'zL11J', 'yL19J', 'zL69J', 'zL51J', 'xL3J', 'yL15J', 'zL18J', 'w20', 'yL12J', 'zL15J', 'xL9J', 'w17', 'yL11J', 'zL35J', 'zL62J', 'zL16J', 'yL5J', 'zL61J', 'w13', 'zL1J', 'w4', 'w16', 'zL37J', 'zL33J', 'zL19J', 'yL4J', 'zL79J', 'zL24J', 'w5', 'yL18J', 'w14', 'zL17J', 'yL6J', 'zL3J', 'yL16J', 'zL27J', 'zL41J', 'zL36J', 'xL6J', 'zL75J', 'zL59J', 'zL32J', 'zL8J', 'zL4J', 'zL48J', 'zL5J', 'zL52J', 'zL47J', 'xL5J', 'zL57J', 'zL53J', 'zL66J', 'zL76J', 'zL25J', 'zL46J', 'zL2J', 'zL39J', 'zL0J', 'w15', 'zL71J', 'zL28J', 'w8', 'zL23J', 'zL44J', 'zL26J', 'yL13J', 'w10', 'zL6J', 'zL34J', 'xL2J', 'zL58J', 'zL54J', 'zL10J', 'zL78J', 'zL31J', 'zL38J', 'zL56J', 'zL22J', 'w6', 'xL7J', 'yL10J', 'zL74J', 'zL42J', 'zL9J', 'xL8J', 'zL40J', 'w9', 'w7', 'w11', 'zL14J'}, {'w16', 'zL33J', 'yL3J', 'zL50J', 'w3', 'zL49J', 'zL6J', 'yL6J', 'yL7J', 'zL13J', 'yL16J', 'zL7J', 'xL6J', 'zL59J', 'zL60J', 'zL47J', 'yL14J', 'zL45J', 'yL5J', 'xL7J', 'yL10J', 'yL8J', 'zL66J', 'zL74J', 'zL61J', 'w13', 'w9', 'w22', 'yL15J', 'w11'})