22, 5.5, 8.0, 9
+-- , 0 , {49, 7, 47} , {'xL26J', 'xL23J', 'xL3J', 'xL30J', 'xL35J', 'xL11J', 'xL36J', 'xL12J', 'xL10J', 'xL13J', 'xL5J', 'xL17J', 'xL31J', 'xL4J'}
| +-- , 49 , set() , {'xL14J', 'xL5J', 'xL23J'}
| +-- , 7 , {10, 45} , {'xL11J', 'xL36J', 'xL23J', 'xL3J', 'xL12J', 'xL10J', 'xL13J', 'xL5J', 'xL30J', 'xL35J', 'xL38J', 'xL25J', 'xL31J', 'xL4J', 'xL17J'}
| | +-- , 10 , {12} , {'xL23J', 'xL3J', 'xL30J', 'xL35J', 'xL38J', 'xL11J', 'xL36J', 'xL12J', 'xL10J', 'xL2J', 'xL13J', 'xL25J', 'xL5J', 'xL31J', 'xL4J'}
| | | +-- , 12 , {14} , {'xL23J', 'xL3J', 'xL30J', 'xL35J', 'xL38J', 'xL20J', 'xL11J', 'xL36J', 'xL7J', 'xL12J', 'xL10J', 'xL2J', 'xL25J', 'xL5J', 'xL31J', 'xL4J'}
| | | | +-- , 14 , {17, 33} , {'xL23J', 'xL3J', 'xL30J', 'xL35J', 'xL38J', 'xL20J', 'xL37J', 'xL36J', 'xL7J', 'xL10J', 'xL2J', 'xL19J', 'xL25J', 'xL5J', 'xL31J', 'xL4J'}
| | | | | +-- , 17 , {19} , {'xL39J', 'xL30J', 'xL37J', 'xL20J', 'xL36J', 'xL7J', 'xL10J', 'xL2J', 'xL19J', 'xL25J', 'xL5J', 'xL31J', 'xL4J'}
| | | | | | +-- , 19 , {21, 31} , {'xL39J', 'xL7J', 'xL10J', 'xL2J', 'xL6J', 'xL19J', 'xL25J', 'xL30J', 'xL20J', 'xL5J', 'xL37J', 'xL31J', 'xL4J'}
| | | | | | | +-- , 21 , {29, 23} , {'xL30J', 'xL37J', 'xL7J', 'xL2J', 'xL22J', 'xL6J', 'xL19J', 'xL25J', 'xL5J', 'xL31J', 'xL4J'}
| | | | | | | | +-- , 29 , set() , {'xL7J', 'xL22J', 'xL28J', 'xL19J', 'xL8J', 'xL31J'}
| | | | | | | | +-- , 23 , {25, 27} , {'xL0J', 'xL22J', 'xL6J', 'xL19J', 'xL25J', 'xL30J', 'xL37J', 'xL31J', 'xL4J'}
| | | | | | | | | +-- , 25 , set() , {'xL0J', 'xL16J', 'xL6J', 'xL19J', 'xL25J', 'xL30J'}
| | | | | | | | | +-- , 27 , set() , {'xL0J', 'xL32J', 'xL31J'}
| | | | | | | +-- , 31 , set() , {'xL39J', 'xL2J', 'xL6J', 'xL15J', 'xL20J'}
| | | | | +-- , 33 , {41, 35} , {'xL23J', 'xL33J', 'xL3J', 'xL30J', 'xL35J', 'xL38J', 'xL37J', 'xL36J', 'xL7J', 'xL10J', 'xL2J', 'xL34J', 'xL31J', 'xL4J'}
| | | | | | +-- , 41 , {43} , {'xL34J', 'xL18J', 'xL3J', 'xL10J', 'xL33J', 'xL38J', 'xL37J'}
| | | | | | | +-- , 43 , set() , {'xL18J', 'xL3J', 'xL33J', 'xL10J', 'xL38J', 'xL21J'}
| | | | | | +-- , 35 , {37, 39} , {'xL36J', 'xL33J', 'xL2J', 'xL24J', 'xL38J', 'xL34J', 'xL31J', 'xL4J'}
| | | | | | | +-- , 37 , set() , {'xL2J', 'xL24J', 'xL9J', 'xL31J', 'xL4J'}
| | | | | | | +-- , 39 , set() , {'xL24J', 'xL36J', 'xL29J'}
| | +-- , 45 , set() , {'xL27J', 'xL13J', 'xL25J', 'xL30J'}
| +-- , 47 , set() , {'xL26J', 'xL1J', 'xL30J', 'xL35J', 'xL31J', 'xL4J'}


Max number of edges with non zero Y: 8
Max number of iterations of outer rounding loop: 0
Max number of candidate sets: 0
Time spent rounding: 0.000
Time spent solving Separator LP: 19.453

LP Solver: GaifmanNormalILP