18, 3.118290005730552, 9.5, 10
+-- , 0 , {3, 38} , {'xL7J', 'xL12J', 'xL26J', 'xL11J', 'xL0J', 'xL15J', 'xL32J', 'xL33J', 'xL16J', 'xL28J', 'xL8J', 'xL34J', 'xL9J', 'xL3J', 'xL29J'}
| +-- , 3 , {7} , {'xL7J', 'xL10J', 'xL27J', 'xL34J', 'xL9J', 'xL3J', 'xL37J', 'xL12J', 'xL26J', 'xL11J', 'xL0J', 'xL32J', 'xL33J', 'xL16J', 'xL28J', 'xL8J', 'xL19J', 'xL29J'}
| | +-- , 7 , {9} , {'xL7J', 'xL10J', 'xL27J', 'xL34J', 'xL3J', 'xL37J', 'xL5J', 'xL12J', 'xL26J', 'xL11J', 'xL22J', 'xL0J', 'xL32J', 'xL33J', 'xL16J', 'xL28J', 'xL8J', 'xL19J', 'xL29J'}
| | | +-- , 9 , {11, 36} , {'xL10J', 'xL27J', 'xL34J', 'xL3J', 'xL37J', 'xL5J', 'xL26J', 'xL11J', 'xL22J', 'xL0J', 'xL32J', 'xL33J', 'xL16J', 'xL28J', 'xL8J', 'xL19J', 'xL4J'}
| | | | +-- , 11 , {14} , {'xL10J', 'xL27J', 'xL14J', 'xL34J', 'xL25J', 'xL3J', 'xL37J', 'xL5J', 'xL26J', 'xL11J', 'xL0J', 'xL33J', 'xL16J', 'xL28J', 'xL8J', 'xL19J', 'xL4J'}
| | | | | +-- , 14 , {16} , {'xL10J', 'xL27J', 'xL20J', 'xL14J', 'xL34J', 'xL25J', 'xL37J', 'xL5J', 'xL26J', 'xL11J', 'xL0J', 'xL33J', 'xL16J', 'xL19J', 'xL4J'}
| | | | | | +-- , 16 , {18} , {'xL10J', 'xL27J', 'xL20J', 'xL14J', 'xL34J', 'xL25J', 'xL37J', 'xL5J', 'xL26J', 'xL11J', 'xL0J', 'xL36J', 'xL19J', 'xL4J'}
| | | | | | | +-- , 18 , {20} , {'xL10J', 'xL27J', 'xL20J', 'xL6J', 'xL14J', 'xL34J', 'xL25J', 'xL5J', 'xL26J', 'xL11J', 'xL0J', 'xL36J', 'xL19J', 'xL4J'}
| | | | | | | | +-- , 20 , {32, 22} , {'xL26J', 'xL11J', 'xL10J', 'xL0J', 'xL27J', 'xL20J', 'xL6J', 'xL36J', 'xL21J', 'xL14J', 'xL34J', 'xL25J', 'xL19J', 'xL5J'}
| | | | | | | | | +-- , 32 , {34} , {'xL13J', 'xL21J', 'xL11J', 'xL36J', 'xL25J', 'xL1J'}
| | | | | | | | | | +-- , 34 , set() , {'xL38J', 'xL1J'}
| | | | | | | | | +-- , 22 , {24} , {'xL10J', 'xL27J', 'xL20J', 'xL6J', 'xL21J', 'xL14J', 'xL25J', 'xL34J', 'xL31J', 'xL26J', 'xL0J', 'xL19J'}
| | | | | | | | | | +-- , 24 , {26} , {'xL10J', 'xL27J', 'xL20J', 'xL21J', 'xL14J', 'xL25J', 'xL34J', 'xL31J', 'xL2J', 'xL26J', 'xL0J', 'xL19J'}
| | | | | | | | | | | +-- , 26 , {28} , {'xL10J', 'xL27J', 'xL21J', 'xL25J', 'xL34J', 'xL31J', 'xL2J', 'xL26J', 'xL18J', 'xL0J', 'xL19J', 'xL17J'}
| | | | | | | | | | | | +-- , 28 , {30} , {'xL18J', 'xL35J', 'xL0J', 'xL30J', 'xL27J', 'xL21J', 'xL34J', 'xL19J', 'xL31J', 'xL17J'}
| | | | | | | | | | | | | +-- , 30 , set() , {'xL24J', 'xL35J'}
| | | | +-- , 36 , set() , {'xL23J', 'xL22J', 'xL32J', 'xL34J', 'xL4J'}
| +-- , 38 , set() , {'xL28J', 'xL32J', 'xL39J'}


Max number of edges with non zero Y: 33
Max number of iterations of outer rounding loop: 8
Max number of candidate sets: 2
Time spent rounding: 46.577
Time spent solving Separator LP: 2.893

LP Solver: GaifmanBoosted