13, 0, 7.111111111111111, 10
+-- , 0 , {27, 3} , {'45', '27', '44', '0', '66', '8', '33', '36', '72', '75', '81', '40', '43', '47', '60', '59', '74', '28', '76', '62', '25', '83', '78', '65', '86', '5', '77', '84', '41', '30', '82', '85', '61', '15', '3', '70', '80', '73'}
| +-- , 27 , set() , {'45', '27', '44', '66', '8', '33', '36', '58', '72', '43', '60', '74', '76', '62', '83', '79', '78', '86', '5', '77', '84', '30', '61', '15', '3', '70', '80', '73'}
| +-- , 3 , {5} , {'22', '45', '44', '0', '8', '33', '36', '72', '81', '40', '53', '50', '59', '76', '62', '25', '83', '65', '30', '41', '82', '61', '70', '73', '11', '66', '75', '43', '47', '60', '74', '28', '78', '86', '5', '77', '84', '85', '15', '3', '80'}
| | +-- , 5 , {8, 25} , {'22', '45', '44', '0', '8', '33', '36', '31', '72', '81', '40', '54', '53', '50', '59', '76', '62', '25', '83', '17', '65', '41', '82', '61', '1', '70', '73', '11', '66', '32', '26', '75', '43', '47', '60', '74', '28', '14', '78', '69', '23', '86', '5', '77', '84', '85', '15', '3', '80', '68'}
| | | +-- , 8 , {10, 23} , {'22', '45', '44', '0', '8', '66', '33', '36', '31', '32', '26', '72', '75', '81', '12', '40', '54', '43', '53', '47', '50', '60', '59', '28', '76', '62', '25', '83', '17', '14', '78', '69', '65', '23', '86', '5', '77', '41', '82', '85', '1', '3', '70', '80', '73', '24', '11', '68'}
| | | | +-- , 10 , {21, 13} , {'22', '45', '44', '0', '8', '66', '33', '36', '31', '32', '26', '72', '75', '81', '12', '49', '40', '20', '54', '43', '53', '47', '50', '60', '59', '87', '2', '28', '76', '62', '25', '83', '39', '17', '14', '78', '65', '23', '86', '5', '77', '82', '85', '1', '3', '70', '80', '73', '24', '11', '68'}
| | | | | +-- , 21 , set() , {'10', '45', '66', '33', '36', '31', '75', '49', '12', '57', '40', '20', '53', '59', '87', '2', '39', '17', '78', '37', '86', '5', '82', '64', '3', '73', '24', '11'}
| | | | | +-- , 13 , {15} , {'22', '45', '44', '0', '8', '33', '36', '31', '34', '72', '81', '49', '40', '54', '53', '50', '59', '87', '2', '76', '62', '25', '83', '17', '65', '82', '1', '70', '48', '11', '66', '32', '26', '75', '13', '20', '43', '47', '60', '28', '39', '14', '78', '88', '86', '23', '5', '77', '85', '80', '24', '46', '68'}
| | | | | | +-- , 15 , {17, 19} , {'22', '45', '44', '0', '8', '33', '36', '31', '34', '72', '81', '49', '40', '54', '53', '50', '59', '87', '2', '76', '62', '25', '83', '17', '65', '82', '1', '70', '48', '11', '66', '32', '26', '75', '13', '20', '43', '47', '60', '4', '28', '39', '14', '78', '88', '86', '19', '5', '6', '77', '85', '80', '24', '46', '68'}
| | | | | | | +-- , 17 , set() , {'6', '22', '2', '49', '62', '36', '39', '48', '21', '78', '4', '65', '68'}
| | | | | | | +-- , 19 , set() , {'22', '44', '66', '8', '33', '34', '31', '32', '38', '26', '52', '56', '75', '72', '81', '13', '49', '7', '55', '20', '54', '43', '47', '53', '50', '4', '46', '28', '76', '62', '25', '83', '63', '17', '14', '88', '86', '19', '5', '6', '82', '85', '1', '80', '48', '24', '51', '42', '68'}
| | | | +-- , 23 , set() , {'28', '41', '76', '12', '62', '40', '70', '54', '26', '69', '75', '29'}
| | | +-- , 25 , set() , {'22', '45', '8', '31', '32', '26', '81', '54', '47', '60', '74', '17', '14', '69', '65', '23', '67', '84', '61', '15', '1', '35', '68'}


Max number of edges with non zero Y: 20
Max number of iterations of outer rounding loop: 5
Max number of candidate sets: 2
Time spent rounding: 28.994
Time spent solving Separator LP: 0.080
Total time spent solving: 35.251

LP Solver: gammaPlusFractionalCoverHeuristic
Lower Bound Witness = ({'45', '33', '36', '31', '52', '56', '81', '40', '55', '54', '59', '87', '2', '62', '17', '37', '30', '41', '61', '1', '70', '48', '73', '35', '27', '66', '32', '38', '13', '57', '43', '47', '74', '21', '78', '88', '86', '29', '19', '23', '77', '15', '64', '42', '46', '22', '10', '44', '0', '8', '34', '58', '72', '49', '12', '7', '53', '50', '76', '25', '83', '63', '65', '67', '82', '11', '26', '75', '20', '60', '4', '28', '79', '39', '14', '69', '5', '6', '84', '85', '3', '80', '24', '51', '68'}, {'44', '25', '39', '59', '58'})