384, 0.7499990000000001, 13.0, 13
+-- , 0 , {561, 866, 3, 840, 573} , {'S66', 'S71', 'TempHb71', 'I129', 'I139', 'S70', 'TempHa67', 'TempG66', 'TempHb62', 'I132', 'I130', 'I131', 'I128', 'TempG64', 'C63', 'S68', 'TempG62', 'I127', 'S65', 'TempHa71', 'I140'}
| +-- , 561 , {563} , {'TempHa63', 'TempHb63', 'C63', 'TempG62', 'TempHb62'}
| | +-- , 563 , {565, 567} , {'TempHa63', 'TempHb63', 'TempG62', 'TempHb62', 'TempHa62'}
| | | +-- , 565 , set() , {'I124', 'I123', 'TempHa62', 'TempG62'}
| | | +-- , 567 , {569} , {'TempHb62', 'TempHa63', 'C62', 'TempHa62', 'TempHb63'}
| | | | +-- , 569 , {571} , {'I126', 'TempHa63', 'I125', 'C62', 'TempG63', 'TempHb63'}
| | | | | +-- , 571 , set() , {'S63', 'C62', 'TempG63'}
| +-- , 866 , set() , {'S64', 'C63', 'TempG64'}
| +-- , 3 , {5, 559} , {'TempG62', 'TempHb62', 'C61'}
| | +-- , 5 , {7} , {'TempHb61', 'TempHa61', 'C61'}
| | | +-- , 7 , {9, 557} , {'TempHb61', 'TempG61', 'I121', 'TempHa61', 'I122', 'C60'}
| | | | +-- , 9 , {11} , {'TempHa60', 'TempHb60', 'C60'}
| | | | | +-- , 11 , {553, 13} , {'C59', 'TempG60', 'TempHa60', 'I119', 'TempHb60', 'I120'}
| | | | | | +-- , 553 , set() , {'C59', 'S60', 'TempG60'}
| | | | | | +-- , 13 , {15} , {'C59', 'TempHb59', 'TempHa59'}
| | | | | | | +-- , 15 , {17, 549} , {'I117', 'TempHb59', 'TempHa59', 'C58', 'I118', 'TempG59'}
| | | | | | | | +-- , 17 , {19} , {'TempHa58', 'C58', 'TempHb58'}
| | | | | | | | | +-- , 19 , {545, 21} , {'TempHa58', 'TempHb58', 'TempG58'}
| | | | | | | | | | +-- , 545 , set() , {'I116', 'TempHa58', 'TempG58', 'I115'}
| | | | | | | | | | +-- , 21 , {23, 543} , {'C57', 'TempHb58', 'TempG58'}
| | | | | | | | | | | +-- , 23 , {25} , {'TempHb57', 'C57', 'TempHa57'}
| | | | | | | | | | | | +-- , 25 , {27, 539, 541} , {'C56', 'TempHb57', 'TempG57', 'TempHa57'}
| | | | | | | | | | | | | +-- , 27 , {29} , {'C56', 'TempHa56', 'TempHb56'}
| | | | | | | | | | | | | | +-- , 29 , {31, 535} , {'TempHb56', 'TempHa56', 'TempG56'}
| | | | | | | | | | | | | | | +-- , 31 , {33, 533} , {'TempHb56', 'C55', 'TempG56'}
| | | | | | | | | | | | | | | | +-- , 33 , {35} , {'C55', 'TempHa55', 'TempHb55'}
| | | | | | | | | | | | | | | | | +-- , 35 , {531, 37} , {'TempHa55', 'TempHb55', 'TempG55'}
| | | | | | | | | | | | | | | | | | +-- , 531 , set() , {'I109', 'TempHa55', 'I110', 'TempG55'}
| | | | | | | | | | | | | | | | | | +-- , 37 , {529, 39} , {'C54', 'TempHb55', 'TempG55'}
| | | | | | | | | | | | | | | | | | | +-- , 529 , set() , {'S55', 'C54', 'TempG55'}
| | | | | | | | | | | | | | | | | | | +-- , 39 , {41} , {'C54', 'TempHa54', 'TempHb54'}
| | | | | | | | | | | | | | | | | | | | +-- , 41 , {43, 527} , {'TempG54', 'TempHa54', 'TempHb54'}
| | | | | | | | | | | | | | | | | | | | | +-- , 43 , {525, 45} , {'C53', 'TempG54', 'TempHb54'}
| | | | | | | | | | | | | | | | | | | | | | +-- , 525 , set() , {'C53', 'TempG54', 'S54'}
| | | | | | | | | | | | | | | | | | | | | | +-- , 45 , {47} , {'C53', 'TempHb53', 'TempHa53'}
| | | | | | | | | | | | | | | | | | | | | | | +-- , 47 , {523, 49} , {'S53', 'C52', 'TempHb53', 'TempG53', 'TempHa53'}
| | | | | | | | | | | | | | | | | | | | | | | | +-- , 523 , set() , {'I105', 'TempG53', 'TempHa53', 'I106'}
| | | | | | | | | | | | | | | | | | | | | | | | +-- , 49 , {51} , {'TempHb52', 'C52', 'TempHa52'}
| | | | | | | | | | | | | | | | | | | | | | | | | +-- , 51 , {53, 519} , {'TempHa52', 'TempHb52', 'TempG52'}
| | | | | | | | | | | | | | | | | | | | | | | | | | +-- , 53 , {517, 55} , {'C51', 'TempHb52', 'TempG52'}
| | | | | | | | | | | | | | | | | | | | | | | | | | | +-- , 517 , set() , {'C51', 'S52', 'TempG52'}
| | | | | | | | | | | | | | | | | | | | | | | | | | | +-- , 55 , {57} , {'TempHb51', 'C51', 'TempHa51'}
| | | | | | | | | | | | | | | | | | | | | | | | | | | | +-- , 57 , {515, 59} , {'C50', 'I101', 'TempG51', 'TempHb51', 'I102', 'TempHa51'}
| | | | | | | | | | | | | | | | | | | | | | | | | | | | | +-- , 515 , set() , {'C50', 'S51', 'TempG51'}
| | | | | | | | | | | | | | | | | | | | | | | | | | | | | +-- , 59 , {61} , {'C50', 'TempHa50', 'TempHb50'}
| | | | | | | | | | | | | | | | | | | | | | | | | | | | | | +-- , 61 , {511, 63} , {'TempG50', 'TempHa50', 'TempHb50'}
| | | | | | | | | | | | | | | | | | | | | | | | | | | | | | | +-- , 511 , set() , {'TempG50', 'I100', 'I99', 'TempHa50'}
| | | | | | | | | | | | | | | | | | | | | | | | | | | | | | | +-- , 63 , {65, 509} , {'TempG50', 'TempHb50', 'C49'}
| | | | | | | | | | | | | | | | | | | | | | | | | | | | | | | | +-- , 65 , {67} , {'TempHb49', 'TempHa49', 'C49'}
| | | | | | | | | | | | | | | | | | | | | | | | | | | | | | | | | +-- , 67 , {507, 69} , {'TempHb49', 'I97', 'I98', 'C48', 'TempG49', 'TempHa49'}
| | | | | | | | | | | | | | | | | | | | | | | | | | | | | | | | | | +-- , 507 , set() , {'C48', 'S49', 'TempG49'}
| | | | | | | | | | | | | | | | | | | | | | | | | | | | | | | | | | +-- , 69 , {71} , {'TempHb48', 'C48', 'TempHa48'}
| | | | | | | | | | | | | | | | | | | | | | | | | | | | | | | | | | | +-- , 71 , {73, 503} , {'TempHb48', 'C47', 'I96', 'TempG48', 'I95', 'TempHa48'}
| | | | | | | | | | | | | | | | | | | | | | | | | | | | | | | | | | | | +-- , 73 , {75} , {'C47', 'TempHa47', 'TempHb47'}
| | | | | | | | | | | | | | | | | | | | | | | | | | | | | | | | | | | | | +-- , 75 , {499, 77} , {'TempHa47', 'TempHb47', 'TempG47'}
| | | | | | | | | | | | | | | | | | | | | | | | | | | | | | | | | | | | | | +-- , 499 , set() , {'TempHa47', 'I94', 'I93', 'TempG47'}
| | | | | | | | | | | | | | | | | | | | | | | | | | | | | | | | | | | | | | +-- , 77 , {497, 79} , {'C46', 'TempHb47', 'TempG47'}
| | | | | | | | | | | | | | | | | | | | | | | | | | | | | | | | | | | | | | | +-- , 497 , set() , {'C46', 'TempG47', 'S47'}
| | | | | | | | | | | | | | | | | | | | | | | | | | | | | | | | | | | | | | | +-- , 79 , {81} , {'C46', 'TempHa46', 'TempHb46'}
| | | | | | | | | | | | | | | | | | | | | | | | | | | | | | | | | | | | | | | | +-- , 81 , {83, 495} , {'TempHa46', 'TempG46', 'TempHb46'}
| | | | | | | | | | | | | | | | | | | | | | | | | | | | | | | | | | | | | | | | | +-- , 83 , {493, 85} , {'C45', 'TempG46', 'TempHb46'}
| | | | | | | | | | | | | | | | | | | | | | | | | | | | | | | | | | | | | | | | | | +-- , 493 , set() , {'S46', 'C45', 'TempG46'}
| | | | | | | | | | | | | | | | | | | | | | | | | | | | | | | | | | | | | | | | | | +-- , 85 , {87} , {'C45', 'TempHa45', 'TempHb45'}
| | | | | | | | | | | | | | | | | | | | | | | | | | | | | | | | | | | | | | | | | | | +-- , 87 , {89, 491} , {'TempG45', 'TempHa45', 'TempHb45'}
| | | | | | | | | | | | | | | | | | | | | | | | | | | | | | | | | | | | | | | | | | | | +-- , 89 , {489, 91} , {'C44', 'TempHb45', 'TempG45'}
| | | | | | | | | | | | | | | | | | | | | | | | | | | | | | | | | | | | | | | | | | | | | +-- , 489 , set() , {'C44', 'TempG45', 'S45'}
| | | | | | | | | | | | | | | | | | | | | | | | | | | | | | | | | | | | | | | | | | | | | +-- , 91 , {93} , {'TempHa44', 'TempHb44', 'C44'}
| | | | | | | | | | | | | | | | | | | | | | | | | | | | | | | | | | | | | | | | | | | | | | +-- , 93 , {487, 95} , {'TempHb44', 'TempHa44', 'TempG44'}
| | | | | | | | | | | | | | | | | | | | | | | | | | | | | | | | | | | | | | | | | | | | | | | +-- , 487 , set() , {'I87', 'TempG44', 'I88', 'TempHa44'}
| | | | | | | | | | | | | | | | | | | | | | | | | | | | | | | | | | | | | | | | | | | | | | | +-- , 95 , {97, 485} , {'TempHb44', 'C43', 'TempG44'}
| | | | | | | | | | | | | | | | | | | | | | | | | | | | | | | | | | | | | | | | | | | | | | | | +-- , 97 , {99} , {'C43', 'TempHb43', 'TempHa43'}
| | | | | | | | | | | | | | | | | | | | | | | | | | | | | | | | | | | | | | | | | | | | | | | | | +-- , 99 , {483, 101} , {'TempG43', 'I85', 'C42', 'I86', 'TempHb43', 'TempHa43'}
| | | | | | | | | | | | | | | | | | | | | | | | | | | | | | | | | | | | | | | | | | | | | | | | | | +-- , 483 , set() , {'TempG43', 'C42', 'S43'}
| | | | | | | | | | | | | | | | | | | | | | | | | | | | | | | | | | | | | | | | | | | | | | | | | | +-- , 101 , {103} , {'C42', 'TempHb42', 'TempHa42'}
| | | | | | | | | | | | | | | | | | | | | | | | | | | | | | | | | | | | | | | | | | | | | | | | | | | +-- , 103 , {105, 477, 479} , {'TempHb42', 'TempHa42', 'TempG42', 'C41'}
| | | | | | | | | | | | | | | | | | | | | | | | | | | | | | | | | | | | | | | | | | | | | | | | | | | | +-- , 105 , {107} , {'TempHa41', 'TempHb41', 'C41'}
| | | | | | | | | | | | | | | | | | | | | | | | | | | | | | | | | | | | | | | | | | | | | | | | | | | | | +-- , 107 , {473, 109} , {'C40', 'TempHa41', 'TempG41', 'TempHb41', 'S41'}
| | | | | | | | | | | | | | | | | | | | | | | | | | | | | | | | | | | | | | | | | | | | | | | | | | | | | | +-- , 473 , set() , {'I82', 'I81', 'TempHa41', 'TempG41'}
| | | | | | | | | | | | | | | | | | | | | | | | | | | | | | | | | | | | | | | | | | | | | | | | | | | | | | +-- , 109 , {111} , {'TempHa40', 'C40', 'TempHb40'}
| | | | | | | | | | | | | | | | | | | | | | | | | | | | | | | | | | | | | | | | | | | | | | | | | | | | | | | +-- , 111 , {113, 469} , {'TempHa40', 'TempG40', 'C39', 'TempHb40', 'S40'}
| | | | | | | | | | | | | | | | | | | | | | | | | | | | | | | | | | | | | | | | | | | | | | | | | | | | | | | | +-- , 113 , {115} , {'TempHa39', 'C39', 'TempHb39'}
| | | | | | | | | | | | | | | | | | | | | | | | | | | | | | | | | | | | | | | | | | | | | | | | | | | | | | | | | +-- , 115 , {121, 119} , {'TempHa39', 'I77', 'I78', 'TempG39', 'TempHb39', 'C38'}
| | | | | | | | | | | | | | | | | | | | | | | | | | | | | | | | | | | | | | | | | | | | | | | | | | | | | | | | | | +-- , 121 , {123} , {'TempHa38', 'C38', 'TempHb38'}
| | | | | | | | | | | | | | | | | | | | | | | | | | | | | | | | | | | | | | | | | | | | | | | | | | | | | | | | | | | +-- , 123 , {465, 125} , {'TempHa38', 'TempHb38', 'TempG38'}
| | | | | | | | | | | | | | | | | | | | | | | | | | | | | | | | | | | | | | | | | | | | | | | | | | | | | | | | | | | | +-- , 465 , set() , {'I75', 'TempHa38', 'TempG38', 'I76'}
| | | | | | | | | | | | | | | | | | | | | | | | | | | | | | | | | | | | | | | | | | | | | | | | | | | | | | | | | | | | +-- , 125 , {127, 463} , {'C37', 'TempHb38', 'TempG38'}
| | | | | | | | | | | | | | | | | | | | | | | | | | | | | | | | | | | | | | | | | | | | | | | | | | | | | | | | | | | | | +-- , 127 , {129} , {'C37', 'TempHa37', 'TempHb37'}
| | | | | | | | | | | | | | | | | | | | | | | | | | | | | | | | | | | | | | | | | | | | | | | | | | | | | | | | | | | | | | +-- , 129 , {131, 461} , {'TempG37', 'TempHa37', 'TempHb37'}
| | | | | | | | | | | | | | | | | | | | | | | | | | | | | | | | | | | | | | | | | | | | | | | | | | | | | | | | | | | | | | | +-- , 131 , {459, 133} , {'TempG37', 'C36', 'TempHb37'}
| | | | | | | | | | | | | | | | | | | | | | | | | | | | | | | | | | | | | | | | | | | | | | | | | | | | | | | | | | | | | | | | +-- , 459 , set() , {'TempG37', 'C36', 'S37'}
| | | | | | | | | | | | | | | | | | | | | | | | | | | | | | | | | | | | | | | | | | | | | | | | | | | | | | | | | | | | | | | | +-- , 133 , {135} , {'C36', 'TempHb36', 'TempHa36'}
| | | | | | | | | | | | | | | | | | | | | | | | | | | | | | | | | | | | | | | | | | | | | | | | | | | | | | | | | | | | | | | | | +-- , 135 , {137, 457} , {'TempG36', 'TempHb36', 'TempHa36'}
| | | | | | | | | | | | | | | | | | | | | | | | | | | | | | | | | | | | | | | | | | | | | | | | | | | | | | | | | | | | | | | | | | +-- , 137 , {139, 455} , {'TempG36', 'C35', 'TempHb36'}
| | | | | | | | | | | | | | | | | | | | | | | | | | | | | | | | | | | | | | | | | | | | | | | | | | | | | | | | | | | | | | | | | | | +-- , 139 , {141} , {'C35', 'TempHa35', 'TempHb35'}
| | | | | | | | | | | | | | | | | | | | | | | | | | | | | | | | | | | | | | | | | | | | | | | | | | | | | | | | | | | | | | | | | | | | +-- , 141 , {453, 143} , {'TempHa35', 'TempHb35', 'TempG35'}
| | | | | | | | | | | | | | | | | | | | | | | | | | | | | | | | | | | | | | | | | | | | | | | | | | | | | | | | | | | | | | | | | | | | | +-- , 453 , set() , {'I69', 'TempHa35', 'TempG35', 'I70'}
| | | | | | | | | | | | | | | | | | | | | | | | | | | | | | | | | | | | | | | | | | | | | | | | | | | | | | | | | | | | | | | | | | | | | +-- , 143 , {145, 451} , {'C34', 'TempHb35', 'TempG35'}
| | | | | | | | | | | | | | | | | | | | | | | | | | | | | | | | | | | | | | | | | | | | | | | | | | | | | | | | | | | | | | | | | | | | | | +-- , 145 , {147} , {'C34', 'TempHa34', 'TempHb34'}
| | | | | | | | | | | | | | | | | | | | | | | | | | | | | | | | | | | | | | | | | | | | | | | | | | | | | | | | | | | | | | | | | | | | | | | +-- , 147 , {449, 149} , {'TempG34', 'C33', 'I68', 'I67', 'TempHa34', 'TempHb34'}
| | | | | | | | | | | | | | | | | | | | | | | | | | | | | | | | | | | | | | | | | | | | | | | | | | | | | | | | | | | | | | | | | | | | | | | | +-- , 449 , set() , {'S34', 'TempG34', 'C33'}
| | | | | | | | | | | | | | | | | | | | | | | | | | | | | | | | | | | | | | | | | | | | | | | | | | | | | | | | | | | | | | | | | | | | | | | | +-- , 149 , {151} , {'C33', 'TempHb33', 'TempHa33'}
| | | | | | | | | | | | | | | | | | | | | | | | | | | | | | | | | | | | | | | | | | | | | | | | | | | | | | | | | | | | | | | | | | | | | | | | | +-- , 151 , {153, 445} , {'TempHb33', 'TempG33', 'TempHa33'}
| | | | | | | | | | | | | | | | | | | | | | | | | | | | | | | | | | | | | | | | | | | | | | | | | | | | | | | | | | | | | | | | | | | | | | | | | | +-- , 153 , {443, 155} , {'C32', 'TempG33', 'TempHb33'}
| | | | | | | | | | | | | | | | | | | | | | | | | | | | | | | | | | | | | | | | | | | | | | | | | | | | | | | | | | | | | | | | | | | | | | | | | | | +-- , 443 , set() , {'C32', 'S33', 'TempG33'}
| | | | | | | | | | | | | | | | | | | | | | | | | | | | | | | | | | | | | | | | | | | | | | | | | | | | | | | | | | | | | | | | | | | | | | | | | | | +-- , 155 , {157} , {'C32', 'TempHa32', 'TempHb32'}
| | | | | | | | | | | | | | | | | | | | | | | | | | | | | | | | | | | | | | | | | | | | | | | | | | | | | | | | | | | | | | | | | | | | | | | | | | | | +-- , 157 , {441, 159} , {'TempG32', 'TempHa32', 'TempHb32'}
| | | | | | | | | | | | | | | | | | | | | | | | | | | | | | | | | | | | | | | | | | | | | | | | | | | | | | | | | | | | | | | | | | | | | | | | | | | | | +-- , 441 , set() , {'TempHa32', 'I64', 'I63', 'TempG32'}
| | | | | | | | | | | | | | | | | | | | | | | | | | | | | | | | | | | | | | | | | | | | | | | | | | | | | | | | | | | | | | | | | | | | | | | | | | | | | +-- , 159 , {161, 439} , {'TempG32', 'C31', 'TempHb32'}
| | | | | | | | | | | | | | | | | | | | | | | | | | | | | | | | | | | | | | | | | | | | | | | | | | | | | | | | | | | | | | | | | | | | | | | | | | | | | | +-- , 161 , {163} , {'TempHb31', 'C31', 'TempHa31'}
| | | | | | | | | | | | | | | | | | | | | | | | | | | | | | | | | | | | | | | | | | | | | | | | | | | | | | | | | | | | | | | | | | | | | | | | | | | | | | | +-- , 163 , {435, 165, 437} , {'TempHb31', 'C30', 'TempG31', 'TempHa31'}
| | | | | | | | | | | | | | | | | | | | | | | | | | | | | | | | | | | | | | | | | | | | | | | | | | | | | | | | | | | | | | | | | | | | | | | | | | | | | | | | +-- , 435 , set() , {'I62', 'TempHa31', 'I61', 'TempG31'}
| | | | | | | | | | | | | | | | | | | | | | | | | | | | | | | | | | | | | | | | | | | | | | | | | | | | | | | | | | | | | | | | | | | | | | | | | | | | | | | | +-- , 165 , {167} , {'C30', 'TempHa30', 'TempHb30'}
| | | | | | | | | | | | | | | | | | | | | | | | | | | | | | | | | | | | | | | | | | | | | | | | | | | | | | | | | | | | | | | | | | | | | | | | | | | | | | | | | +-- , 167 , {169, 431} , {'TempHa30', 'TempHb30', 'TempG30'}
| | | | | | | | | | | | | | | | | | | | | | | | | | | | | | | | | | | | | | | | | | | | | | | | | | | | | | | | | | | | | | | | | | | | | | | | | | | | | | | | | | +-- , 169 , {171, 429} , {'TempHb30', 'C29', 'TempG30'}
| | | | | | | | | | | | | | | | | | | | | | | | | | | | | | | | | | | | | | | | | | | | | | | | | | | | | | | | | | | | | | | | | | | | | | | | | | | | | | | | | | | +-- , 171 , {173} , {'TempHa29', 'C29', 'TempHb29'}
| | | | | | | | | | | | | | | | | | | | | | | | | | | | | | | | | | | | | | | | | | | | | | | | | | | | | | | | | | | | | | | | | | | | | | | | | | | | | | | | | | | | +-- , 173 , {427, 175} , {'C28', 'TempHa29', 'S29', 'TempHb29', 'TempG29'}
| | | | | | | | | | | | | | | | | | | | | | | | | | | | | | | | | | | | | | | | | | | | | | | | | | | | | | | | | | | | | | | | | | | | | | | | | | | | | | | | | | | | | +-- , 427 , set() , {'TempHa29', 'I58', 'I57', 'TempG29'}
| | | | | | | | | | | | | | | | | | | | | | | | | | | | | | | | | | | | | | | | | | | | | | | | | | | | | | | | | | | | | | | | | | | | | | | | | | | | | | | | | | | | | +-- , 175 , {177} , {'C28', 'TempHb28', 'TempHa28'}
| | | | | | | | | | | | | | | | | | | | | | | | | | | | | | | | | | | | | | | | | | | | | | | | | | | | | | | | | | | | | | | | | | | | | | | | | | | | | | | | | | | | | | +-- , 177 , {423, 179, 421} , {'TempG28', 'TempHb28', 'TempHa28', 'C27'}
| | | | | | | | | | | | | | | | | | | | | | | | | | | | | | | | | | | | | | | | | | | | | | | | | | | | | | | | | | | | | | | | | | | | | | | | | | | | | | | | | | | | | | | +-- , 423 , set() , {'TempG28', 'S28', 'C27'}
| | | | | | | | | | | | | | | | | | | | | | | | | | | | | | | | | | | | | | | | | | | | | | | | | | | | | | | | | | | | | | | | | | | | | | | | | | | | | | | | | | | | | | | +-- , 179 , {181} , {'TempHa27', 'TempHb27', 'C27'}
| | | | | | | | | | | | | | | | | | | | | | | | | | | | | | | | | | | | | | | | | | | | | | | | | | | | | | | | | | | | | | | | | | | | | | | | | | | | | | | | | | | | | | | | +-- , 181 , {417, 183} , {'TempG27', 'TempHa27', 'TempHb27'}
| | | | | | | | | | | | | | | | | | | | | | | | | | | | | | | | | | | | | | | | | | | | | | | | | | | | | | | | | | | | | | | | | | | | | | | | | | | | | | | | | | | | | | | | | +-- , 417 , set() , {'TempHa27', 'I54', 'TempG27', 'I53'}
| | | | | | | | | | | | | | | | | | | | | | | | | | | | | | | | | | | | | | | | | | | | | | | | | | | | | | | | | | | | | | | | | | | | | | | | | | | | | | | | | | | | | | | | | +-- , 183 , {185, 415} , {'C26', 'TempG27', 'TempHb27'}
| | | | | | | | | | | | | | | | | | | | | | | | | | | | | | | | | | | | | | | | | | | | | | | | | | | | | | | | | | | | | | | | | | | | | | | | | | | | | | | | | | | | | | | | | | +-- , 185 , {187} , {'TempHa26', 'C26', 'TempHb26'}
| | | | | | | | | | | | | | | | | | | | | | | | | | | | | | | | | | | | | | | | | | | | | | | | | | | | | | | | | | | | | | | | | | | | | | | | | | | | | | | | | | | | | | | | | | | +-- , 187 , {413, 411, 189} , {'TempG26', 'TempHa26', 'TempHb26', 'C25'}
| | | | | | | | | | | | | | | | | | | | | | | | | | | | | | | | | | | | | | | | | | | | | | | | | | | | | | | | | | | | | | | | | | | | | | | | | | | | | | | | | | | | | | | | | | | | +-- , 413 , set() , {'TempG26', 'TempHa26', 'I52', 'I51'}
| | | | | | | | | | | | | | | | | | | | | | | | | | | | | | | | | | | | | | | | | | | | | | | | | | | | | | | | | | | | | | | | | | | | | | | | | | | | | | | | | | | | | | | | | | | | +-- , 411 , set() , {'TempG26', 'S26', 'C25'}
| | | | | | | | | | | | | | | | | | | | | | | | | | | | | | | | | | | | | | | | | | | | | | | | | | | | | | | | | | | | | | | | | | | | | | | | | | | | | | | | | | | | | | | | | | | | +-- , 189 , {191} , {'TempHa25', 'TempHb25', 'C25'}
| | | | | | | | | | | | | | | | | | | | | | | | | | | | | | | | | | | | | | | | | | | | | | | | | | | | | | | | | | | | | | | | | | | | | | | | | | | | | | | | | | | | | | | | | | | | | +-- , 191 , {193, 407} , {'TempHa25', 'I50', 'TempG25', 'TempHb25', 'C24', 'I49'}
| | | | | | | | | | | | | | | | | | | | | | | | | | | | | | | | | | | | | | | | | | | | | | | | | | | | | | | | | | | | | | | | | | | | | | | | | | | | | | | | | | | | | | | | | | | | | | +-- , 193 , {195} , {'C24', 'TempHb24', 'TempHa24'}
| | | | | | | | | | | | | | | | | | | | | | | | | | | | | | | | | | | | | | | | | | | | | | | | | | | | | | | | | | | | | | | | | | | | | | | | | | | | | | | | | | | | | | | | | | | | | | | +-- , 195 , {401, 403, 197} , {'TempG24', 'C23', 'TempHb24', 'TempHa24'}
| | | | | | | | | | | | | | | | | | | | | | | | | | | | | | | | | | | | | | | | | | | | | | | | | | | | | | | | | | | | | | | | | | | | | | | | | | | | | | | | | | | | | | | | | | | | | | | | +-- , 401 , set() , {'TempG24', 'I48', 'I47', 'TempHa24'}
| | | | | | | | | | | | | | | | | | | | | | | | | | | | | | | | | | | | | | | | | | | | | | | | | | | | | | | | | | | | | | | | | | | | | | | | | | | | | | | | | | | | | | | | | | | | | | | | +-- , 403 , set() , {'TempG24', 'C23', 'S24'}
| | | | | | | | | | | | | | | | | | | | | | | | | | | | | | | | | | | | | | | | | | | | | | | | | | | | | | | | | | | | | | | | | | | | | | | | | | | | | | | | | | | | | | | | | | | | | | | | +-- , 197 , {199} , {'C23', 'TempHa23', 'TempHb23'}
| | | | | | | | | | | | | | | | | | | | | | | | | | | | | | | | | | | | | | | | | | | | | | | | | | | | | | | | | | | | | | | | | | | | | | | | | | | | | | | | | | | | | | | | | | | | | | | | | +-- , 199 , {201, 397} , {'TempG23', 'C22', 'I46', 'I45', 'TempHa23', 'TempHb23'}
| | | | | | | | | | | | | | | | | | | | | | | | | | | | | | | | | | | | | | | | | | | | | | | | | | | | | | | | | | | | | | | | | | | | | | | | | | | | | | | | | | | | | | | | | | | | | | | | | | +-- , 201 , {203} , {'C22', 'TempHb22', 'TempHa22'}
| | | | | | | | | | | | | | | | | | | | | | | | | | | | | | | | | | | | | | | | | | | | | | | | | | | | | | | | | | | | | | | | | | | | | | | | | | | | | | | | | | | | | | | | | | | | | | | | | | | +-- , 203 , {393, 205} , {'C21', 'I44', 'I43', 'TempHb22', 'TempG22', 'TempHa22'}
| | | | | | | | | | | | | | | | | | | | | | | | | | | | | | | | | | | | | | | | | | | | | | | | | | | | | | | | | | | | | | | | | | | | | | | | | | | | | | | | | | | | | | | | | | | | | | | | | | | | +-- , 393 , set() , {'C21', 'TempG22', 'S22'}
| | | | | | | | | | | | | | | | | | | | | | | | | | | | | | | | | | | | | | | | | | | | | | | | | | | | | | | | | | | | | | | | | | | | | | | | | | | | | | | | | | | | | | | | | | | | | | | | | | | | +-- , 205 , {207} , {'TempHb21', 'C21', 'TempHa21'}
| | | | | | | | | | | | | | | | | | | | | | | | | | | | | | | | | | | | | | | | | | | | | | | | | | | | | | | | | | | | | | | | | | | | | | | | | | | | | | | | | | | | | | | | | | | | | | | | | | | | | +-- , 207 , {209, 389} , {'TempHb21', 'TempG21', 'TempHa21'}
| | | | | | | | | | | | | | | | | | | | | | | | | | | | | | | | | | | | | | | | | | | | | | | | | | | | | | | | | | | | | | | | | | | | | | | | | | | | | | | | | | | | | | | | | | | | | | | | | | | | | | +-- , 209 , {211, 387} , {'TempHb21', 'TempG21', 'C20'}
| | | | | | | | | | | | | | | | | | | | | | | | | | | | | | | | | | | | | | | | | | | | | | | | | | | | | | | | | | | | | | | | | | | | | | | | | | | | | | | | | | | | | | | | | | | | | | | | | | | | | | | +-- , 211 , {213} , {'TempHb20', 'TempHa20', 'C20'}
| | | | | | | | | | | | | | | | | | | | | | | | | | | | | | | | | | | | | | | | | | | | | | | | | | | | | | | | | | | | | | | | | | | | | | | | | | | | | | | | | | | | | | | | | | | | | | | | | | | | | | | | +-- , 213 , {385, 215} , {'TempHb20', 'TempHa20', 'S20', 'TempG20', 'C19'}
| | | | | | | | | | | | | | | | | | | | | | | | | | | | | | | | | | | | | | | | | | | | | | | | | | | | | | | | | | | | | | | | | | | | | | | | | | | | | | | | | | | | | | | | | | | | | | | | | | | | | | | | | +-- , 385 , set() , {'I39', 'TempHa20', 'TempG20', 'I40'}
| | | | | | | | | | | | | | | | | | | | | | | | | | | | | | | | | | | | | | | | | | | | | | | | | | | | | | | | | | | | | | | | | | | | | | | | | | | | | | | | | | | | | | | | | | | | | | | | | | | | | | | | | +-- , 215 , {217} , {'TempHb19', 'TempHa19', 'C19'}
| | | | | | | | | | | | | | | | | | | | | | | | | | | | | | | | | | | | | | | | | | | | | | | | | | | | | | | | | | | | | | | | | | | | | | | | | | | | | | | | | | | | | | | | | | | | | | | | | | | | | | | | | | +-- , 217 , {381, 219} , {'TempHb19', 'C18', 'TempHa19', 'TempG19', 'S19'}
| | | | | | | | | | | | | | | | | | | | | | | | | | | | | | | | | | | | | | | | | | | | | | | | | | | | | | | | | | | | | | | | | | | | | | | | | | | | | | | | | | | | | | | | | | | | | | | | | | | | | | | | | | | +-- , 381 , set() , {'I38', 'I37', 'TempHa19', 'TempG19'}
| | | | | | | | | | | | | | | | | | | | | | | | | | | | | | | | | | | | | | | | | | | | | | | | | | | | | | | | | | | | | | | | | | | | | | | | | | | | | | | | | | | | | | | | | | | | | | | | | | | | | | | | | | | +-- , 219 , {221} , {'TempHa18', 'TempHb18', 'C18'}
| | | | | | | | | | | | | | | | | | | | | | | | | | | | | | | | | | | | | | | | | | | | | | | | | | | | | | | | | | | | | | | | | | | | | | | | | | | | | | | | | | | | | | | | | | | | | | | | | | | | | | | | | | | | +-- , 221 , {377, 223} , {'TempHa18', 'C17', 'I35', 'I36', 'TempHb18', 'TempG18'}
| | | | | | | | | | | | | | | | | | | | | | | | | | | | | | | | | | | | | | | | | | | | | | | | | | | | | | | | | | | | | | | | | | | | | | | | | | | | | | | | | | | | | | | | | | | | | | | | | | | | | | | | | | | | | +-- , 377 , set() , {'S18', 'C17', 'TempG18'}
| | | | | | | | | | | | | | | | | | | | | | | | | | | | | | | | | | | | | | | | | | | | | | | | | | | | | | | | | | | | | | | | | | | | | | | | | | | | | | | | | | | | | | | | | | | | | | | | | | | | | | | | | | | | | +-- , 223 , {225} , {'C17', 'TempHa17', 'TempHb17'}
| | | | | | | | | | | | | | | | | | | | | | | | | | | | | | | | | | | | | | | | | | | | | | | | | | | | | | | | | | | | | | | | | | | | | | | | | | | | | | | | | | | | | | | | | | | | | | | | | | | | | | | | | | | | | | +-- , 225 , {373, 227} , {'C16', 'TempG17', 'TempHa17', 'TempHb17', 'I34', 'I33'}
| | | | | | | | | | | | | | | | | | | | | | | | | | | | | | | | | | | | | | | | | | | | | | | | | | | | | | | | | | | | | | | | | | | | | | | | | | | | | | | | | | | | | | | | | | | | | | | | | | | | | | | | | | | | | | | +-- , 373 , set() , {'C16', 'S17', 'TempG17'}
| | | | | | | | | | | | | | | | | | | | | | | | | | | | | | | | | | | | | | | | | | | | | | | | | | | | | | | | | | | | | | | | | | | | | | | | | | | | | | | | | | | | | | | | | | | | | | | | | | | | | | | | | | | | | | | +-- , 227 , {229} , {'C16', 'TempHb16', 'TempHa16'}
| | | | | | | | | | | | | | | | | | | | | | | | | | | | | | | | | | | | | | | | | | | | | | | | | | | | | | | | | | | | | | | | | | | | | | | | | | | | | | | | | | | | | | | | | | | | | | | | | | | | | | | | | | | | | | | | +-- , 229 , {369, 231} , {'I32', 'I31', 'TempG16', 'TempHa16', 'TempHb16', 'C15'}
| | | | | | | | | | | | | | | | | | | | | | | | | | | | | | | | | | | | | | | | | | | | | | | | | | | | | | | | | | | | | | | | | | | | | | | | | | | | | | | | | | | | | | | | | | | | | | | | | | | | | | | | | | | | | | | | | +-- , 369 , set() , {'S16', 'TempG16', 'C15'}
| | | | | | | | | | | | | | | | | | | | | | | | | | | | | | | | | | | | | | | | | | | | | | | | | | | | | | | | | | | | | | | | | | | | | | | | | | | | | | | | | | | | | | | | | | | | | | | | | | | | | | | | | | | | | | | | | +-- , 231 , {233} , {'TempHb15', 'C15', 'TempHa15'}
| | | | | | | | | | | | | | | | | | | | | | | | | | | | | | | | | | | | | | | | | | | | | | | | | | | | | | | | | | | | | | | | | | | | | | | | | | | | | | | | | | | | | | | | | | | | | | | | | | | | | | | | | | | | | | | | | | +-- , 233 , {363, 235, 365} , {'TempHb15', 'TempG15', 'C14', 'TempHa15'}
| | | | | | | | | | | | | | | | | | | | | | | | | | | | | | | | | | | | | | | | | | | | | | | | | | | | | | | | | | | | | | | | | | | | | | | | | | | | | | | | | | | | | | | | | | | | | | | | | | | | | | | | | | | | | | | | | | | +-- , 363 , set() , {'I30', 'TempHa15', 'I29', 'TempG15'}
| | | | | | | | | | | | | | | | | | | | | | | | | | | | | | | | | | | | | | | | | | | | | | | | | | | | | | | | | | | | | | | | | | | | | | | | | | | | | | | | | | | | | | | | | | | | | | | | | | | | | | | | | | | | | | | | | | | +-- , 235 , {237} , {'TempHa14', 'C14', 'TempHb14'}
| | | | | | | | | | | | | | | | | | | | | | | | | | | | | | | | | | | | | | | | | | | | | | | | | | | | | | | | | | | | | | | | | | | | | | | | | | | | | | | | | | | | | | | | | | | | | | | | | | | | | | | | | | | | | | | | | | | | +-- , 237 , {239, 359} , {'TempHa14', 'TempG14', 'TempHb14'}
| | | | | | | | | | | | | | | | | | | | | | | | | | | | | | | | | | | | | | | | | | | | | | | | | | | | | | | | | | | | | | | | | | | | | | | | | | | | | | | | | | | | | | | | | | | | | | | | | | | | | | | | | | | | | | | | | | | | | +-- , 239 , {241, 357} , {'TempG14', 'TempHb14', 'C13'}
| | | | | | | | | | | | | | | | | | | | | | | | | | | | | | | | | | | | | | | | | | | | | | | | | | | | | | | | | | | | | | | | | | | | | | | | | | | | | | | | | | | | | | | | | | | | | | | | | | | | | | | | | | | | | | | | | | | | | | +-- , 241 , {243} , {'TempHb13', 'C13', 'TempHa13'}
| | | | | | | | | | | | | | | | | | | | | | | | | | | | | | | | | | | | | | | | | | | | | | | | | | | | | | | | | | | | | | | | | | | | | | | | | | | | | | | | | | | | | | | | | | | | | | | | | | | | | | | | | | | | | | | | | | | | | | | +-- , 243 , {355, 245} , {'TempHb13', 'TempG13', 'TempHa13'}
| | | | | | | | | | | | | | | | | | | | | | | | | | | | | | | | | | | | | | | | | | | | | | | | | | | | | | | | | | | | | | | | | | | | | | | | | | | | | | | | | | | | | | | | | | | | | | | | | | | | | | | | | | | | | | | | | | | | | | | | +-- , 355 , set() , {'TempG13', 'I25', 'I26', 'TempHa13'}
| | | | | | | | | | | | | | | | | | | | | | | | | | | | | | | | | | | | | | | | | | | | | | | | | | | | | | | | | | | | | | | | | | | | | | | | | | | | | | | | | | | | | | | | | | | | | | | | | | | | | | | | | | | | | | | | | | | | | | | | +-- , 245 , {353, 247} , {'TempHb13', 'TempG13', 'C12'}
| | | | | | | | | | | | | | | | | | | | | | | | | | | | | | | | | | | | | | | | | | | | | | | | | | | | | | | | | | | | | | | | | | | | | | | | | | | | | | | | | | | | | | | | | | | | | | | | | | | | | | | | | | | | | | | | | | | | | | | | | +-- , 353 , set() , {'C12', 'TempG13', 'S13'}
| | | | | | | | | | | | | | | | | | | | | | | | | | | | | | | | | | | | | | | | | | | | | | | | | | | | | | | | | | | | | | | | | | | | | | | | | | | | | | | | | | | | | | | | | | | | | | | | | | | | | | | | | | | | | | | | | | | | | | | | | +-- , 247 , {249} , {'C12', 'TempHb12', 'TempHa12'}
| | | | | | | | | | | | | | | | | | | | | | | | | | | | | | | | | | | | | | | | | | | | | | | | | | | | | | | | | | | | | | | | | | | | | | | | | | | | | | | | | | | | | | | | | | | | | | | | | | | | | | | | | | | | | | | | | | | | | | | | | | +-- , 249 , {251, 351} , {'C11', 'TempHb12', 'TempHa12', 'S12', 'TempG12'}
| | | | | | | | | | | | | | | | | | | | | | | | | | | | | | | | | | | | | | | | | | | | | | | | | | | | | | | | | | | | | | | | | | | | | | | | | | | | | | | | | | | | | | | | | | | | | | | | | | | | | | | | | | | | | | | | | | | | | | | | | | | +-- , 251 , {253} , {'C11', 'TempHa11', 'TempHb11'}
| | | | | | | | | | | | | | | | | | | | | | | | | | | | | | | | | | | | | | | | | | | | | | | | | | | | | | | | | | | | | | | | | | | | | | | | | | | | | | | | | | | | | | | | | | | | | | | | | | | | | | | | | | | | | | | | | | | | | | | | | | | | +-- , 253 , {347, 255} , {'TempG11', 'TempHa11', 'C10', 'I22', 'I21', 'TempHb11'}
| | | | | | | | | | | | | | | | | | | | | | | | | | | | | | | | | | | | | | | | | | | | | | | | | | | | | | | | | | | | | | | | | | | | | | | | | | | | | | | | | | | | | | | | | | | | | | | | | | | | | | | | | | | | | | | | | | | | | | | | | | | | | +-- , 347 , set() , {'S11', 'C10', 'TempG11'}
| | | | | | | | | | | | | | | | | | | | | | | | | | | | | | | | | | | | | | | | | | | | | | | | | | | | | | | | | | | | | | | | | | | | | | | | | | | | | | | | | | | | | | | | | | | | | | | | | | | | | | | | | | | | | | | | | | | | | | | | | | | | | +-- , 255 , {257} , {'TempHb10', 'C10', 'TempHa10'}
| | | | | | | | | | | | | | | | | | | | | | | | | | | | | | | | | | | | | | | | | | | | | | | | | | | | | | | | | | | | | | | | | | | | | | | | | | | | | | | | | | | | | | | | | | | | | | | | | | | | | | | | | | | | | | | | | | | | | | | | | | | | | | +-- , 257 , {259, 343} , {'TempHa10', 'S10', 'TempG10', 'C9', 'TempHb10'}
| | | | | | | | | | | | | | | | | | | | | | | | | | | | | | | | | | | | | | | | | | | | | | | | | | | | | | | | | | | | | | | | | | | | | | | | | | | | | | | | | | | | | | | | | | | | | | | | | | | | | | | | | | | | | | | | | | | | | | | | | | | | | | | +-- , 259 , {261} , {'TempHb9', 'TempHa9', 'C9'}
| | | | | | | | | | | | | | | | | | | | | | | | | | | | | | | | | | | | | | | | | | | | | | | | | | | | | | | | | | | | | | | | | | | | | | | | | | | | | | | | | | | | | | | | | | | | | | | | | | | | | | | | | | | | | | | | | | | | | | | | | | | | | | | | +-- , 261 , {337, 339, 263} , {'C8', 'TempHb9', 'TempG9', 'TempHa9'}
| | | | | | | | | | | | | | | | | | | | | | | | | | | | | | | | | | | | | | | | | | | | | | | | | | | | | | | | | | | | | | | | | | | | | | | | | | | | | | | | | | | | | | | | | | | | | | | | | | | | | | | | | | | | | | | | | | | | | | | | | | | | | | | | | +-- , 337 , set() , {'TempG9', 'I18', 'TempHa9', 'I17'}
| | | | | | | | | | | | | | | | | | | | | | | | | | | | | | | | | | | | | | | | | | | | | | | | | | | | | | | | | | | | | | | | | | | | | | | | | | | | | | | | | | | | | | | | | | | | | | | | | | | | | | | | | | | | | | | | | | | | | | | | | | | | | | | | | +-- , 339 , set() , {'S9', 'C8', 'TempG9'}
| | | | | | | | | | | | | | | | | | | | | | | | | | | | | | | | | | | | | | | | | | | | | | | | | | | | | | | | | | | | | | | | | | | | | | | | | | | | | | | | | | | | | | | | | | | | | | | | | | | | | | | | | | | | | | | | | | | | | | | | | | | | | | | | | +-- , 263 , {265} , {'C8', 'TempHa8', 'TempHb8'}
| | | | | | | | | | | | | | | | | | | | | | | | | | | | | | | | | | | | | | | | | | | | | | | | | | | | | | | | | | | | | | | | | | | | | | | | | | | | | | | | | | | | | | | | | | | | | | | | | | | | | | | | | | | | | | | | | | | | | | | | | | | | | | | | | | +-- , 265 , {267, 333} , {'C7', 'I16', 'I15', 'TempG8', 'TempHa8', 'TempHb8'}
| | | | | | | | | | | | | | | | | | | | | | | | | | | | | | | | | | | | | | | | | | | | | | | | | | | | | | | | | | | | | | | | | | | | | | | | | | | | | | | | | | | | | | | | | | | | | | | | | | | | | | | | | | | | | | | | | | | | | | | | | | | | | | | | | | | +-- , 267 , {269} , {'C7', 'TempHa7', 'TempHb7'}
| | | | | | | | | | | | | | | | | | | | | | | | | | | | | | | | | | | | | | | | | | | | | | | | | | | | | | | | | | | | | | | | | | | | | | | | | | | | | | | | | | | | | | | | | | | | | | | | | | | | | | | | | | | | | | | | | | | | | | | | | | | | | | | | | | | | +-- , 269 , {327, 329, 271} , {'TempHa7', 'TempHb7', 'TempG7', 'C6'}
| | | | | | | | | | | | | | | | | | | | | | | | | | | | | | | | | | | | | | | | | | | | | | | | | | | | | | | | | | | | | | | | | | | | | | | | | | | | | | | | | | | | | | | | | | | | | | | | | | | | | | | | | | | | | | | | | | | | | | | | | | | | | | | | | | | | | +-- , 327 , set() , {'TempG7', 'C6', 'S7'}
| | | | | | | | | | | | | | | | | | | | | | | | | | | | | | | | | | | | | | | | | | | | | | | | | | | | | | | | | | | | | | | | | | | | | | | | | | | | | | | | | | | | | | | | | | | | | | | | | | | | | | | | | | | | | | | | | | | | | | | | | | | | | | | | | | | | | +-- , 329 , set() , {'I13', 'TempHa7', 'TempG7', 'I14'}
| | | | | | | | | | | | | | | | | | | | | | | | | | | | | | | | | | | | | | | | | | | | | | | | | | | | | | | | | | | | | | | | | | | | | | | | | | | | | | | | | | | | | | | | | | | | | | | | | | | | | | | | | | | | | | | | | | | | | | | | | | | | | | | | | | | | | +-- , 271 , {273} , {'TempHb6', 'TempHa6', 'C6'}
| | | | | | | | | | | | | | | | | | | | | | | | | | | | | | | | | | | | | | | | | | | | | | | | | | | | | | | | | | | | | | | | | | | | | | | | | | | | | | | | | | | | | | | | | | | | | | | | | | | | | | | | | | | | | | | | | | | | | | | | | | | | | | | | | | | | | | +-- , 273 , {323, 275} , {'TempHb6', 'TempHa6', 'TempG6'}
| | | | | | | | | | | | | | | | | | | | | | | | | | | | | | | | | | | | | | | | | | | | | | | | | | | | | | | | | | | | | | | | | | | | | | | | | | | | | | | | | | | | | | | | | | | | | | | | | | | | | | | | | | | | | | | | | | | | | | | | | | | | | | | | | | | | | | | +-- , 323 , set() , {'I11', 'TempHa6', 'I12', 'TempG6'}
| | | | | | | | | | | | | | | | | | | | | | | | | | | | | | | | | | | | | | | | | | | | | | | | | | | | | | | | | | | | | | | | | | | | | | | | | | | | | | | | | | | | | | | | | | | | | | | | | | | | | | | | | | | | | | | | | | | | | | | | | | | | | | | | | | | | | | | +-- , 275 , {321, 277} , {'TempHb6', 'C5', 'TempG6'}
| | | | | | | | | | | | | | | | | | | | | | | | | | | | | | | | | | | | | | | | | | | | | | | | | | | | | | | | | | | | | | | | | | | | | | | | | | | | | | | | | | | | | | | | | | | | | | | | | | | | | | | | | | | | | | | | | | | | | | | | | | | | | | | | | | | | | | | | +-- , 321 , set() , {'C5', 'S6', 'TempG6'}
| | | | | | | | | | | | | | | | | | | | | | | | | | | | | | | | | | | | | | | | | | | | | | | | | | | | | | | | | | | | | | | | | | | | | | | | | | | | | | | | | | | | | | | | | | | | | | | | | | | | | | | | | | | | | | | | | | | | | | | | | | | | | | | | | | | | | | | | +-- , 277 , {279} , {'TempHa5', 'C5', 'TempHb5'}
| | | | | | | | | | | | | | | | | | | | | | | | | | | | | | | | | | | | | | | | | | | | | | | | | | | | | | | | | | | | | | | | | | | | | | | | | | | | | | | | | | | | | | | | | | | | | | | | | | | | | | | | | | | | | | | | | | | | | | | | | | | | | | | | | | | | | | | | | +-- , 279 , {281, 283, 319} , {'C4', 'TempHa5', 'TempG5', 'TempHb5'}
| | | | | | | | | | | | | | | | | | | | | | | | | | | | | | | | | | | | | | | | | | | | | | | | | | | | | | | | | | | | | | | | | | | | | | | | | | | | | | | | | | | | | | | | | | | | | | | | | | | | | | | | | | | | | | | | | | | | | | | | | | | | | | | | | | | | | | | | | | +-- , 281 , set() , {'S5', 'C4', 'TempG5'}
| | | | | | | | | | | | | | | | | | | | | | | | | | | | | | | | | | | | | | | | | | | | | | | | | | | | | | | | | | | | | | | | | | | | | | | | | | | | | | | | | | | | | | | | | | | | | | | | | | | | | | | | | | | | | | | | | | | | | | | | | | | | | | | | | | | | | | | | | | +-- , 283 , {285} , {'C4', 'TempHb4', 'TempHa4'}
| | | | | | | | | | | | | | | | | | | | | | | | | | | | | | | | | | | | | | | | | | | | | | | | | | | | | | | | | | | | | | | | | | | | | | | | | | | | | | | | | | | | | | | | | | | | | | | | | | | | | | | | | | | | | | | | | | | | | | | | | | | | | | | | | | | | | | | | | | | +-- , 285 , {315, 317, 287} , {'TempHb4', 'C3', 'TempHa4', 'TempG4'}
| | | | | | | | | | | | | | | | | | | | | | | | | | | | | | | | | | | | | | | | | | | | | | | | | | | | | | | | | | | | | | | | | | | | | | | | | | | | | | | | | | | | | | | | | | | | | | | | | | | | | | | | | | | | | | | | | | | | | | | | | | | | | | | | | | | | | | | | | | | | +-- , 315 , set() , {'C3', 'S4', 'TempG4'}
| | | | | | | | | | | | | | | | | | | | | | | | | | | | | | | | | | | | | | | | | | | | | | | | | | | | | | | | | | | | | | | | | | | | | | | | | | | | | | | | | | | | | | | | | | | | | | | | | | | | | | | | | | | | | | | | | | | | | | | | | | | | | | | | | | | | | | | | | | | | +-- , 317 , set() , {'I7', 'I8', 'TempHa4', 'TempG4'}
| | | | | | | | | | | | | | | | | | | | | | | | | | | | | | | | | | | | | | | | | | | | | | | | | | | | | | | | | | | | | | | | | | | | | | | | | | | | | | | | | | | | | | | | | | | | | | | | | | | | | | | | | | | | | | | | | | | | | | | | | | | | | | | | | | | | | | | | | | | | +-- , 287 , {289} , {'C3', 'TempHa3', 'TempHb3'}
| | | | | | | | | | | | | | | | | | | | | | | | | | | | | | | | | | | | | | | | | | | | | | | | | | | | | | | | | | | | | | | | | | | | | | | | | | | | | | | | | | | | | | | | | | | | | | | | | | | | | | | | | | | | | | | | | | | | | | | | | | | | | | | | | | | | | | | | | | | | | +-- , 289 , {291, 293, 311} , {'C2', 'TempHa3', 'TempG3', 'TempHb3'}
| | | | | | | | | | | | | | | | | | | | | | | | | | | | | | | | | | | | | | | | | | | | | | | | | | | | | | | | | | | | | | | | | | | | | | | | | | | | | | | | | | | | | | | | | | | | | | | | | | | | | | | | | | | | | | | | | | | | | | | | | | | | | | | | | | | | | | | | | | | | | | +-- , 291 , set() , {'I5', 'TempG3', 'TempHa3', 'I6'}
| | | | | | | | | | | | | | | | | | | | | | | | | | | | | | | | | | | | | | | | | | | | | | | | | | | | | | | | | | | | | | | | | | | | | | | | | | | | | | | | | | | | | | | | | | | | | | | | | | | | | | | | | | | | | | | | | | | | | | | | | | | | | | | | | | | | | | | | | | | | | | +-- , 293 , {295} , {'TempHa2', 'C2', 'TempHb2'}
| | | | | | | | | | | | | | | | | | | | | | | | | | | | | | | | | | | | | | | | | | | | | | | | | | | | | | | | | | | | | | | | | | | | | | | | | | | | | | | | | | | | | | | | | | | | | | | | | | | | | | | | | | | | | | | | | | | | | | | | | | | | | | | | | | | | | | | | | | | | | | | +-- , 295 , {297, 309} , {'I4', 'TempHa2', 'I3', 'TempHb2', 'TempG2', 'C1'}
| | | | | | | | | | | | | | | | | | | | | | | | | | | | | | | | | | | | | | | | | | | | | | | | | | | | | | | | | | | | | | | | | | | | | | | | | | | | | | | | | | | | | | | | | | | | | | | | | | | | | | | | | | | | | | | | | | | | | | | | | | | | | | | | | | | | | | | | | | | | | | | | +-- , 297 , {299} , {'TempHa1', 'TempHb1', 'C1'}
| | | | | | | | | | | | | | | | | | | | | | | | | | | | | | | | | | | | | | | | | | | | | | | | | | | | | | | | | | | | | | | | | | | | | | | | | | | | | | | | | | | | | | | | | | | | | | | | | | | | | | | | | | | | | | | | | | | | | | | | | | | | | | | | | | | | | | | | | | | | | | | | | +-- , 299 , {301, 303} , {'TempG1', 'TempHa1', 'TempHb1'}
| | | | | | | | | | | | | | | | | | | | | | | | | | | | | | | | | | | | | | | | | | | | | | | | | | | | | | | | | | | | | | | | | | | | | | | | | | | | | | | | | | | | | | | | | | | | | | | | | | | | | | | | | | | | | | | | | | | | | | | | | | | | | | | | | | | | | | | | | | | | | | | | | | +-- , 301 , set() , {'I2', 'TempG1', 'I1', 'TempHa1'}
| | | | | | | | | | | | | | | | | | | | | | | | | | | | | | | | | | | | | | | | | | | | | | | | | | | | | | | | | | | | | | | | | | | | | | | | | | | | | | | | | | | | | | | | | | | | | | | | | | | | | | | | | | | | | | | | | | | | | | | | | | | | | | | | | | | | | | | | | | | | | | | | | | +-- , 303 , {305} , {'TempG1', 'C0', 'TempHb1'}
| | | | | | | | | | | | | | | | | | | | | | | | | | | | | | | | | | | | | | | | | | | | | | | | | | | | | | | | | | | | | | | | | | | | | | | | | | | | | | | | | | | | | | | | | | | | | | | | | | | | | | | | | | | | | | | | | | | | | | | | | | | | | | | | | | | | | | | | | | | | | | | | | | | +-- , 305 , set() , {'TempG1', 'S1', 'C0'}
| | | | | | | | | | | | | | | | | | | | | | | | | | | | | | | | | | | | | | | | | | | | | | | | | | | | | | | | | | | | | | | | | | | | | | | | | | | | | | | | | | | | | | | | | | | | | | | | | | | | | | | | | | | | | | | | | | | | | | | | | | | | | | | | | | | | | | | | | | | | | | | | +-- , 309 , set() , {'S2', 'TempG2', 'C1'}
| | | | | | | | | | | | | | | | | | | | | | | | | | | | | | | | | | | | | | | | | | | | | | | | | | | | | | | | | | | | | | | | | | | | | | | | | | | | | | | | | | | | | | | | | | | | | | | | | | | | | | | | | | | | | | | | | | | | | | | | | | | | | | | | | | | | | | | | | | | | | | +-- , 311 , set() , {'TempG3', 'S3', 'C2'}
| | | | | | | | | | | | | | | | | | | | | | | | | | | | | | | | | | | | | | | | | | | | | | | | | | | | | | | | | | | | | | | | | | | | | | | | | | | | | | | | | | | | | | | | | | | | | | | | | | | | | | | | | | | | | | | | | | | | | | | | | | | | | | | | | | | | | | | | | | +-- , 319 , set() , {'I10', 'TempG5', 'TempHa5', 'I9'}
| | | | | | | | | | | | | | | | | | | | | | | | | | | | | | | | | | | | | | | | | | | | | | | | | | | | | | | | | | | | | | | | | | | | | | | | | | | | | | | | | | | | | | | | | | | | | | | | | | | | | | | | | | | | | | | | | | | | | | | | | | | | | | | | | | | +-- , 333 , set() , {'C7', 'TempG8', 'S8'}
| | | | | | | | | | | | | | | | | | | | | | | | | | | | | | | | | | | | | | | | | | | | | | | | | | | | | | | | | | | | | | | | | | | | | | | | | | | | | | | | | | | | | | | | | | | | | | | | | | | | | | | | | | | | | | | | | | | | | | | | | | | | | | | +-- , 343 , set() , {'TempG10', 'I20', 'TempHa10', 'I19'}
| | | | | | | | | | | | | | | | | | | | | | | | | | | | | | | | | | | | | | | | | | | | | | | | | | | | | | | | | | | | | | | | | | | | | | | | | | | | | | | | | | | | | | | | | | | | | | | | | | | | | | | | | | | | | | | | | | | | | | | | | | | +-- , 351 , set() , {'I24', 'TempHa12', 'I23', 'TempG12'}
| | | | | | | | | | | | | | | | | | | | | | | | | | | | | | | | | | | | | | | | | | | | | | | | | | | | | | | | | | | | | | | | | | | | | | | | | | | | | | | | | | | | | | | | | | | | | | | | | | | | | | | | | | | | | | | | | | | | | | +-- , 357 , set() , {'C13', 'S14', 'TempG14'}
| | | | | | | | | | | | | | | | | | | | | | | | | | | | | | | | | | | | | | | | | | | | | | | | | | | | | | | | | | | | | | | | | | | | | | | | | | | | | | | | | | | | | | | | | | | | | | | | | | | | | | | | | | | | | | | | | | | | | +-- , 359 , set() , {'TempHa14', 'I27', 'I28', 'TempG14'}
| | | | | | | | | | | | | | | | | | | | | | | | | | | | | | | | | | | | | | | | | | | | | | | | | | | | | | | | | | | | | | | | | | | | | | | | | | | | | | | | | | | | | | | | | | | | | | | | | | | | | | | | | | | | | | | | | | | +-- , 365 , set() , {'S15', 'TempG15', 'C14'}
| | | | | | | | | | | | | | | | | | | | | | | | | | | | | | | | | | | | | | | | | | | | | | | | | | | | | | | | | | | | | | | | | | | | | | | | | | | | | | | | | | | | | | | | | | | | | | | | | | | | | | | +-- , 387 , set() , {'TempG21', 'S21', 'C20'}
| | | | | | | | | | | | | | | | | | | | | | | | | | | | | | | | | | | | | | | | | | | | | | | | | | | | | | | | | | | | | | | | | | | | | | | | | | | | | | | | | | | | | | | | | | | | | | | | | | | | | | +-- , 389 , set() , {'TempG21', 'I41', 'I42', 'TempHa21'}
| | | | | | | | | | | | | | | | | | | | | | | | | | | | | | | | | | | | | | | | | | | | | | | | | | | | | | | | | | | | | | | | | | | | | | | | | | | | | | | | | | | | | | | | | | | | | | | | | | +-- , 397 , set() , {'TempG23', 'C22', 'S23'}
| | | | | | | | | | | | | | | | | | | | | | | | | | | | | | | | | | | | | | | | | | | | | | | | | | | | | | | | | | | | | | | | | | | | | | | | | | | | | | | | | | | | | | | | | | | | | | +-- , 407 , set() , {'S25', 'TempG25', 'C24'}
| | | | | | | | | | | | | | | | | | | | | | | | | | | | | | | | | | | | | | | | | | | | | | | | | | | | | | | | | | | | | | | | | | | | | | | | | | | | | | | | | | | | | | | | | | +-- , 415 , set() , {'S27', 'C26', 'TempG27'}
| | | | | | | | | | | | | | | | | | | | | | | | | | | | | | | | | | | | | | | | | | | | | | | | | | | | | | | | | | | | | | | | | | | | | | | | | | | | | | | | | | | | | | | +-- , 421 , set() , {'TempG28', 'TempHa28', 'I55', 'I56'}
| | | | | | | | | | | | | | | | | | | | | | | | | | | | | | | | | | | | | | | | | | | | | | | | | | | | | | | | | | | | | | | | | | | | | | | | | | | | | | | | | | | +-- , 429 , set() , {'S30', 'C29', 'TempG30'}
| | | | | | | | | | | | | | | | | | | | | | | | | | | | | | | | | | | | | | | | | | | | | | | | | | | | | | | | | | | | | | | | | | | | | | | | | | | | | | | | | | +-- , 431 , set() , {'TempHa30', 'I59', 'I60', 'TempG30'}
| | | | | | | | | | | | | | | | | | | | | | | | | | | | | | | | | | | | | | | | | | | | | | | | | | | | | | | | | | | | | | | | | | | | | | | | | | | | | | | | +-- , 437 , set() , {'S31', 'C30', 'TempG31'}
| | | | | | | | | | | | | | | | | | | | | | | | | | | | | | | | | | | | | | | | | | | | | | | | | | | | | | | | | | | | | | | | | | | | | | | | | | | | | | +-- , 439 , set() , {'C31', 'S32', 'TempG32'}
| | | | | | | | | | | | | | | | | | | | | | | | | | | | | | | | | | | | | | | | | | | | | | | | | | | | | | | | | | | | | | | | | | | | | | | | | | +-- , 445 , set() , {'I65', 'TempG33', 'TempHa33', 'I66'}
| | | | | | | | | | | | | | | | | | | | | | | | | | | | | | | | | | | | | | | | | | | | | | | | | | | | | | | | | | | | | | | | | | | | | | +-- , 451 , set() , {'S35', 'TempG35', 'C34'}
| | | | | | | | | | | | | | | | | | | | | | | | | | | | | | | | | | | | | | | | | | | | | | | | | | | | | | | | | | | | | | | | | | | +-- , 455 , set() , {'TempG36', 'S36', 'C35'}
| | | | | | | | | | | | | | | | | | | | | | | | | | | | | | | | | | | | | | | | | | | | | | | | | | | | | | | | | | | | | | | | | | +-- , 457 , set() , {'TempG36', 'I72', 'I71', 'TempHa36'}
| | | | | | | | | | | | | | | | | | | | | | | | | | | | | | | | | | | | | | | | | | | | | | | | | | | | | | | | | | | | | | | +-- , 461 , set() , {'I73', 'TempHa37', 'I74', 'TempG37'}
| | | | | | | | | | | | | | | | | | | | | | | | | | | | | | | | | | | | | | | | | | | | | | | | | | | | | | | | | | | | | +-- , 463 , set() , {'S38', 'C37', 'TempG38'}
| | | | | | | | | | | | | | | | | | | | | | | | | | | | | | | | | | | | | | | | | | | | | | | | | | | | | | | | | | +-- , 119 , set() , {'TempG39', 'S39', 'C38'}
| | | | | | | | | | | | | | | | | | | | | | | | | | | | | | | | | | | | | | | | | | | | | | | | | | | | | | | | +-- , 469 , set() , {'I79', 'TempHa40', 'TempG40', 'I80'}
| | | | | | | | | | | | | | | | | | | | | | | | | | | | | | | | | | | | | | | | | | | | | | | | | | | | +-- , 477 , set() , {'TempG42', 'S42', 'C41'}
| | | | | | | | | | | | | | | | | | | | | | | | | | | | | | | | | | | | | | | | | | | | | | | | | | | | +-- , 479 , set() , {'I84', 'TempHa42', 'TempG42', 'I83'}
| | | | | | | | | | | | | | | | | | | | | | | | | | | | | | | | | | | | | | | | | | | | | | | | +-- , 485 , set() , {'S44', 'TempG44', 'C43'}
| | | | | | | | | | | | | | | | | | | | | | | | | | | | | | | | | | | | | | | | | | | | +-- , 491 , set() , {'TempG45', 'TempHa45', 'I90', 'I89'}
| | | | | | | | | | | | | | | | | | | | | | | | | | | | | | | | | | | | | | | | | +-- , 495 , set() , {'I91', 'TempHa46', 'I92', 'TempG46'}
| | | | | | | | | | | | | | | | | | | | | | | | | | | | | | | | | | | | +-- , 503 , set() , {'C47', 'TempG48', 'S48'}
| | | | | | | | | | | | | | | | | | | | | | | | | | | | | | | | +-- , 509 , set() , {'TempG50', 'S50', 'C49'}
| | | | | | | | | | | | | | | | | | | | | | | | | | +-- , 519 , set() , {'I103', 'TempHa52', 'I104', 'TempG52'}
| | | | | | | | | | | | | | | | | | | | | +-- , 527 , set() , {'I107', 'TempG54', 'TempHa54', 'I108'}
| | | | | | | | | | | | | | | | +-- , 533 , set() , {'TempG56', 'C55', 'S56'}
| | | | | | | | | | | | | | | +-- , 535 , set() , {'I111', 'I112', 'TempHa56', 'TempG56'}
| | | | | | | | | | | | | +-- , 539 , set() , {'TempG57', 'I113', 'I114', 'TempHa57'}
| | | | | | | | | | | | | +-- , 541 , set() , {'TempG57', 'S57', 'C56'}
| | | | | | | | | | | +-- , 543 , set() , {'S58', 'C57', 'TempG58'}
| | | | | | | | +-- , 549 , set() , {'S59', 'C58', 'TempG59'}
| | | | +-- , 557 , set() , {'S61', 'TempG61', 'C60'}
| | +-- , 559 , set() , {'TempG62', 'S62', 'C61'}
| +-- , 840 , {864, 842, 848, 850, 860, 862} , {'S66', 'TempHa66', 'S71', 'TempG71', 'I139', 'S70', 'TempHa67', 'TempG65', 'C67', 'I132', 'I131', 'TempG68', 'I128', 'TempG64', 'TempHa64', 'S68', 'TempG70', 'C70', 'TempHa71', 'TempHb71', 'TempHb67', 'I129', 'C69', 'TempG66', 'I130', 'C63', 'C65', 'C64', 'I127', 'TempHa70', 'S65', 'I140'}
| | +-- , 864 , set() , {'TempHb70', 'C69', 'TempHa70', 'TempG70', 'C70'}
| | +-- , 842 , {844} , {'TempHa66', 'C66', 'TempHb67', 'TempHb66', 'TempHa67', 'C65', 'TempG66'}
| | | +-- , 844 , {846} , {'I134', 'C66', 'TempG67', 'TempHb67', 'I133', 'TempHa67'}
| | | | +-- , 846 , set() , {'C66', 'S67', 'TempG67'}
| | +-- , 848 , set() , {'I129', 'TempHb65', 'C65', 'C64', 'TempHa65', 'TempG65', 'I130'}
| | +-- , 850 , {852} , {'TempG68', 'TempHa69', 'TempHb68', 'C69', 'C67', 'TempHb69'}
| | | +-- , 852 , {858, 854} , {'TempG68', 'C68', 'TempHb68', 'TempHa69', 'TempHb69'}
| | | | +-- , 858 , set() , {'TempG68', 'I135', 'I136', 'TempHa68', 'TempHb68', 'C68'}
| | | | +-- , 854 , {856} , {'C68', 'TempHa69', 'I138', 'TempG69', 'I137', 'TempHb69'}
| | | | | +-- , 856 , set() , {'C68', 'TempG69', 'S69'}
| | +-- , 860 , set() , {'I141', 'TempHa71', 'I142', 'TempG71'}
| | +-- , 862 , set() , {'TempG64', 'C63', 'C64', 'TempHa64', 'TempHb64'}
| +-- , 573 , {575} , {'TempHa71', 'TempHb71', 'C71'}
| | +-- , 575 , {577, 838} , {'TempG72', 'TempHb72', 'C71'}
| | | +-- , 577 , {579} , {'I144', 'I143', 'C72', 'TempG72', 'TempHa72', 'TempHb72'}
| | | | +-- , 579 , {581} , {'TempG73', 'S73', 'C72'}
| | | | | +-- , 581 , {583} , {'TempG73', 'TempHb73', 'C72'}
| | | | | | +-- , 583 , {834, 585} , {'TempG73', 'TempHb73', 'TempHa73'}
| | | | | | | +-- , 834 , set() , {'I146', 'I145', 'TempG73', 'TempHa73'}
| | | | | | | +-- , 585 , {587} , {'C73', 'TempHb73', 'TempHa73'}
| | | | | | | | +-- , 587 , {589} , {'C73', 'TempG74', 'S74'}
| | | | | | | | | +-- , 589 , {591} , {'C73', 'TempG74', 'TempHb74'}
| | | | | | | | | | +-- , 591 , {593} , {'C74', 'I147', 'I148', 'TempHb74', 'TempHa74', 'TempG74'}
| | | | | | | | | | | +-- , 593 , {595} , {'C74', 'S75', 'TempG75'}
| | | | | | | | | | | | +-- , 595 , {597} , {'TempHb75', 'C74', 'TempG75'}
| | | | | | | | | | | | | +-- , 597 , {830, 599} , {'TempHb75', 'TempHa75', 'C75', 'TempG75'}
| | | | | | | | | | | | | | +-- , 830 , set() , {'I150', 'I149', 'TempG75', 'TempHa75'}
| | | | | | | | | | | | | | +-- , 599 , {826, 601} , {'TempHb76', 'TempG76', 'C75'}
| | | | | | | | | | | | | | | +-- , 826 , set() , {'C75', 'TempG76', 'S76'}
| | | | | | | | | | | | | | | +-- , 601 , {824, 603} , {'TempHa76', 'TempHb76', 'TempG76'}
| | | | | | | | | | | | | | | | +-- , 824 , set() , {'TempHa76', 'I152', 'TempG76', 'I151'}
| | | | | | | | | | | | | | | | +-- , 603 , {605} , {'TempHa76', 'TempHb76', 'C76'}
| | | | | | | | | | | | | | | | | +-- , 605 , {822, 607} , {'TempG77', 'C76', 'TempHb77'}
| | | | | | | | | | | | | | | | | | +-- , 822 , set() , {'TempG77', 'C76', 'S77'}
| | | | | | | | | | | | | | | | | | +-- , 607 , {609} , {'I154', 'TempG77', 'I153', 'TempHb77', 'TempHa77', 'C77'}
| | | | | | | | | | | | | | | | | | | +-- , 609 , {611, 818} , {'TempG78', 'TempHb78', 'C77'}
| | | | | | | | | | | | | | | | | | | | +-- , 611 , {816, 613} , {'TempHa78', 'TempHb78', 'TempG78'}
| | | | | | | | | | | | | | | | | | | | | +-- , 816 , set() , {'I155', 'TempHa78', 'I156', 'TempG78'}
| | | | | | | | | | | | | | | | | | | | | +-- , 613 , {615} , {'TempHa78', 'TempHb78', 'C78'}
| | | | | | | | | | | | | | | | | | | | | | +-- , 615 , {617, 814} , {'TempG79', 'TempHb79', 'C78'}
| | | | | | | | | | | | | | | | | | | | | | | +-- , 617 , {619, 812} , {'C79', 'TempG79', 'TempHb79', 'TempHa79'}
| | | | | | | | | | | | | | | | | | | | | | | | +-- , 619 , {621} , {'C79', 'S80', 'TempG80'}
| | | | | | | | | | | | | | | | | | | | | | | | | +-- , 621 , {623} , {'C79', 'TempHb80', 'TempG80'}
| | | | | | | | | | | | | | | | | | | | | | | | | | +-- , 623 , {808, 625} , {'C80', 'TempHb80', 'TempHa80', 'TempG80'}
| | | | | | | | | | | | | | | | | | | | | | | | | | | +-- , 808 , set() , {'I160', 'I159', 'TempHa80', 'TempG80'}
| | | | | | | | | | | | | | | | | | | | | | | | | | | +-- , 625 , {627} , {'S81', 'C80', 'TempG81'}
| | | | | | | | | | | | | | | | | | | | | | | | | | | | +-- , 627 , {629} , {'C80', 'TempHb81', 'TempG81'}
| | | | | | | | | | | | | | | | | | | | | | | | | | | | | +-- , 629 , {804, 631} , {'TempHb81', 'TempG81', 'TempHa81'}
| | | | | | | | | | | | | | | | | | | | | | | | | | | | | | +-- , 804 , set() , {'I162', 'I161', 'TempG81', 'TempHa81'}
| | | | | | | | | | | | | | | | | | | | | | | | | | | | | | +-- , 631 , {633} , {'C81', 'TempHb81', 'TempHa81'}
| | | | | | | | | | | | | | | | | | | | | | | | | | | | | | | +-- , 633 , {635, 802} , {'C81', 'TempG82', 'TempHb82'}
| | | | | | | | | | | | | | | | | | | | | | | | | | | | | | | | +-- , 635 , {800, 637} , {'C82', 'TempG82', 'TempHb82', 'TempHa82'}
| | | | | | | | | | | | | | | | | | | | | | | | | | | | | | | | | +-- , 800 , set() , {'I164', 'TempHa82', 'I163', 'TempG82'}
| | | | | | | | | | | | | | | | | | | | | | | | | | | | | | | | | +-- , 637 , {639} , {'S83', 'TempG83', 'C82'}
| | | | | | | | | | | | | | | | | | | | | | | | | | | | | | | | | | +-- , 639 , {641} , {'TempG83', 'C82', 'TempHb83'}
| | | | | | | | | | | | | | | | | | | | | | | | | | | | | | | | | | | +-- , 641 , {643, 796} , {'TempG83', 'TempHa83', 'TempHb83'}
| | | | | | | | | | | | | | | | | | | | | | | | | | | | | | | | | | | | +-- , 643 , {645} , {'TempHb83', 'TempHa83', 'C83'}
| | | | | | | | | | | | | | | | | | | | | | | | | | | | | | | | | | | | | +-- , 645 , {647} , {'S84', 'TempG84', 'C83'}
| | | | | | | | | | | | | | | | | | | | | | | | | | | | | | | | | | | | | | +-- , 647 , {649} , {'TempG84', 'TempHb84', 'C83'}
| | | | | | | | | | | | | | | | | | | | | | | | | | | | | | | | | | | | | | | +-- , 649 , {794, 651} , {'TempG84', 'TempHb84', 'TempHa84'}
| | | | | | | | | | | | | | | | | | | | | | | | | | | | | | | | | | | | | | | | +-- , 794 , set() , {'I168', 'I167', 'TempG84', 'TempHa84'}
| | | | | | | | | | | | | | | | | | | | | | | | | | | | | | | | | | | | | | | | +-- , 651 , {653} , {'C84', 'TempHb84', 'TempHa84'}
| | | | | | | | | | | | | | | | | | | | | | | | | | | | | | | | | | | | | | | | | +-- , 653 , {655, 792} , {'C84', 'TempG85', 'TempHb85'}
| | | | | | | | | | | | | | | | | | | | | | | | | | | | | | | | | | | | | | | | | | +-- , 655 , {657} , {'TempG85', 'I170', 'C85', 'I169', 'TempHb85', 'TempHa85'}
| | | | | | | | | | | | | | | | | | | | | | | | | | | | | | | | | | | | | | | | | | | +-- , 657 , {659, 788} , {'TempG86', 'C85', 'TempHb86'}
| | | | | | | | | | | | | | | | | | | | | | | | | | | | | | | | | | | | | | | | | | | | +-- , 659 , {786, 661} , {'TempG86', 'TempHb86', 'TempHa86'}
| | | | | | | | | | | | | | | | | | | | | | | | | | | | | | | | | | | | | | | | | | | | | +-- , 786 , set() , {'TempG86', 'TempHa86', 'I172', 'I171'}
| | | | | | | | | | | | | | | | | | | | | | | | | | | | | | | | | | | | | | | | | | | | | +-- , 661 , {663} , {'TempHa86', 'C86', 'TempHb86'}
| | | | | | | | | | | | | | | | | | | | | | | | | | | | | | | | | | | | | | | | | | | | | | +-- , 663 , {665} , {'S87', 'C86', 'TempG87'}
| | | | | | | | | | | | | | | | | | | | | | | | | | | | | | | | | | | | | | | | | | | | | | | +-- , 665 , {667} , {'C86', 'TempG87', 'TempHb87'}
| | | | | | | | | | | | | | | | | | | | | | | | | | | | | | | | | | | | | | | | | | | | | | | | +-- , 667 , {784, 669} , {'TempG87', 'TempHa87', 'C87', 'TempHb87'}
| | | | | | | | | | | | | | | | | | | | | | | | | | | | | | | | | | | | | | | | | | | | | | | | | +-- , 784 , set() , {'TempHa87', 'I173', 'I174', 'TempG87'}
| | | | | | | | | | | | | | | | | | | | | | | | | | | | | | | | | | | | | | | | | | | | | | | | | +-- , 669 , {780, 671} , {'TempG88', 'TempHb88', 'C87'}
| | | | | | | | | | | | | | | | | | | | | | | | | | | | | | | | | | | | | | | | | | | | | | | | | | +-- , 780 , set() , {'TempG88', 'C87', 'S88'}
| | | | | | | | | | | | | | | | | | | | | | | | | | | | | | | | | | | | | | | | | | | | | | | | | | +-- , 671 , {778, 673} , {'TempG88', 'TempHa88', 'TempHb88'}
| | | | | | | | | | | | | | | | | | | | | | | | | | | | | | | | | | | | | | | | | | | | | | | | | | | +-- , 778 , set() , {'I175', 'TempG88', 'TempHa88', 'I176'}
| | | | | | | | | | | | | | | | | | | | | | | | | | | | | | | | | | | | | | | | | | | | | | | | | | | +-- , 673 , {675} , {'C88', 'TempHa88', 'TempHb88'}
| | | | | | | | | | | | | | | | | | | | | | | | | | | | | | | | | | | | | | | | | | | | | | | | | | | | +-- , 675 , {776, 677} , {'C88', 'TempG89', 'TempHb89'}
| | | | | | | | | | | | | | | | | | | | | | | | | | | | | | | | | | | | | | | | | | | | | | | | | | | | | +-- , 776 , set() , {'C88', 'TempG89', 'S89'}
| | | | | | | | | | | | | | | | | | | | | | | | | | | | | | | | | | | | | | | | | | | | | | | | | | | | | +-- , 677 , {679, 774} , {'TempHa89', 'TempG89', 'TempHb89'}
| | | | | | | | | | | | | | | | | | | | | | | | | | | | | | | | | | | | | | | | | | | | | | | | | | | | | | +-- , 679 , {681} , {'C89', 'TempHa89', 'TempHb89'}
| | | | | | | | | | | | | | | | | | | | | | | | | | | | | | | | | | | | | | | | | | | | | | | | | | | | | | | +-- , 681 , {683} , {'C89', 'TempG90', 'S90'}
| | | | | | | | | | | | | | | | | | | | | | | | | | | | | | | | | | | | | | | | | | | | | | | | | | | | | | | | +-- , 683 , {685} , {'TempHb90', 'TempG90', 'C89'}
| | | | | | | | | | | | | | | | | | | | | | | | | | | | | | | | | | | | | | | | | | | | | | | | | | | | | | | | | +-- , 685 , {687} , {'TempHa90', 'C90', 'TempHb90', 'TempG90', 'I180', 'I179'}
| | | | | | | | | | | | | | | | | | | | | | | | | | | | | | | | | | | | | | | | | | | | | | | | | | | | | | | | | | +-- , 687 , {770, 689} , {'C90', 'TempHb91', 'TempG91'}
| | | | | | | | | | | | | | | | | | | | | | | | | | | | | | | | | | | | | | | | | | | | | | | | | | | | | | | | | | | +-- , 770 , set() , {'C90', 'TempG91', 'S91'}
| | | | | | | | | | | | | | | | | | | | | | | | | | | | | | | | | | | | | | | | | | | | | | | | | | | | | | | | | | | +-- , 689 , {768, 691} , {'TempHb91', 'TempG91', 'TempHa91'}
| | | | | | | | | | | | | | | | | | | | | | | | | | | | | | | | | | | | | | | | | | | | | | | | | | | | | | | | | | | | +-- , 768 , set() , {'TempG91', 'I182', 'TempHa91', 'I181'}
| | | | | | | | | | | | | | | | | | | | | | | | | | | | | | | | | | | | | | | | | | | | | | | | | | | | | | | | | | | | +-- , 691 , {693} , {'TempHb91', 'C91', 'TempHa91'}
| | | | | | | | | | | | | | | | | | | | | | | | | | | | | | | | | | | | | | | | | | | | | | | | | | | | | | | | | | | | | +-- , 693 , {695, 766} , {'C91', 'TempHb92', 'TempG92'}
| | | | | | | | | | | | | | | | | | | | | | | | | | | | | | | | | | | | | | | | | | | | | | | | | | | | | | | | | | | | | | +-- , 695 , {697, 764} , {'TempHb92', 'TempG92', 'TempHa92'}
| | | | | | | | | | | | | | | | | | | | | | | | | | | | | | | | | | | | | | | | | | | | | | | | | | | | | | | | | | | | | | | +-- , 697 , {699} , {'TempHb92', 'C92', 'TempHa92'}
| | | | | | | | | | | | | | | | | | | | | | | | | | | | | | | | | | | | | | | | | | | | | | | | | | | | | | | | | | | | | | | | +-- , 699 , {701} , {'C92', 'S93', 'TempG93'}
| | | | | | | | | | | | | | | | | | | | | | | | | | | | | | | | | | | | | | | | | | | | | | | | | | | | | | | | | | | | | | | | | +-- , 701 , {703} , {'C92', 'TempHb93', 'TempG93'}
| | | | | | | | | | | | | | | | | | | | | | | | | | | | | | | | | | | | | | | | | | | | | | | | | | | | | | | | | | | | | | | | | | +-- , 703 , {762, 705} , {'TempHa93', 'TempHb93', 'TempG93'}
| | | | | | | | | | | | | | | | | | | | | | | | | | | | | | | | | | | | | | | | | | | | | | | | | | | | | | | | | | | | | | | | | | | +-- , 762 , set() , {'I185', 'TempG93', 'I186', 'TempHa93'}
| | | | | | | | | | | | | | | | | | | | | | | | | | | | | | | | | | | | | | | | | | | | | | | | | | | | | | | | | | | | | | | | | | | +-- , 705 , {707} , {'TempHb93', 'C93', 'TempHa93'}
| | | | | | | | | | | | | | | | | | | | | | | | | | | | | | | | | | | | | | | | | | | | | | | | | | | | | | | | | | | | | | | | | | | | +-- , 707 , {709} , {'S94', 'C93', 'TempG94'}
| | | | | | | | | | | | | | | | | | | | | | | | | | | | | | | | | | | | | | | | | | | | | | | | | | | | | | | | | | | | | | | | | | | | | +-- , 709 , {711} , {'TempHb94', 'C93', 'TempG94'}
| | | | | | | | | | | | | | | | | | | | | | | | | | | | | | | | | | | | | | | | | | | | | | | | | | | | | | | | | | | | | | | | | | | | | | +-- , 711 , {713} , {'I188', 'I187', 'C94', 'TempHa94', 'TempHb94', 'TempG94'}
| | | | | | | | | | | | | | | | | | | | | | | | | | | | | | | | | | | | | | | | | | | | | | | | | | | | | | | | | | | | | | | | | | | | | | | +-- , 713 , {715, 758} , {'TempHb95', 'C94', 'TempG95'}
| | | | | | | | | | | | | | | | | | | | | | | | | | | | | | | | | | | | | | | | | | | | | | | | | | | | | | | | | | | | | | | | | | | | | | | | +-- , 715 , {717, 756} , {'TempHa95', 'TempHb95', 'TempG95'}
| | | | | | | | | | | | | | | | | | | | | | | | | | | | | | | | | | | | | | | | | | | | | | | | | | | | | | | | | | | | | | | | | | | | | | | | | +-- , 717 , {719} , {'C95', 'TempHa95', 'TempHb95'}
| | | | | | | | | | | | | | | | | | | | | | | | | | | | | | | | | | | | | | | | | | | | | | | | | | | | | | | | | | | | | | | | | | | | | | | | | | +-- , 719 , {754, 721} , {'TempG96', 'TempHb96', 'C95'}
| | | | | | | | | | | | | | | | | | | | | | | | | | | | | | | | | | | | | | | | | | | | | | | | | | | | | | | | | | | | | | | | | | | | | | | | | | | +-- , 754 , set() , {'S96', 'TempG96', 'C95'}
| | | | | | | | | | | | | | | | | | | | | | | | | | | | | | | | | | | | | | | | | | | | | | | | | | | | | | | | | | | | | | | | | | | | | | | | | | | +-- , 721 , {725, 727} , {'TempHa96', 'TempG96', 'TempHb96', 'C96'}
| | | | | | | | | | | | | | | | | | | | | | | | | | | | | | | | | | | | | | | | | | | | | | | | | | | | | | | | | | | | | | | | | | | | | | | | | | | | +-- , 725 , set() , {'TempHa96', 'TempG96', 'I191', 'I192'}
| | | | | | | | | | | | | | | | | | | | | | | | | | | | | | | | | | | | | | | | | | | | | | | | | | | | | | | | | | | | | | | | | | | | | | | | | | | | +-- , 727 , {752, 729} , {'TempG97', 'TempHb97', 'C96'}
| | | | | | | | | | | | | | | | | | | | | | | | | | | | | | | | | | | | | | | | | | | | | | | | | | | | | | | | | | | | | | | | | | | | | | | | | | | | | +-- , 752 , set() , {'S97', 'TempG97', 'C96'}
| | | | | | | | | | | | | | | | | | | | | | | | | | | | | | | | | | | | | | | | | | | | | | | | | | | | | | | | | | | | | | | | | | | | | | | | | | | | | +-- , 729 , {731, 750} , {'TempHa97', 'TempG97', 'TempHb97'}
| | | | | | | | | | | | | | | | | | | | | | | | | | | | | | | | | | | | | | | | | | | | | | | | | | | | | | | | | | | | | | | | | | | | | | | | | | | | | | +-- , 731 , {733} , {'TempHa97', 'C97', 'TempHb97'}
| | | | | | | | | | | | | | | | | | | | | | | | | | | | | | | | | | | | | | | | | | | | | | | | | | | | | | | | | | | | | | | | | | | | | | | | | | | | | | | +-- , 733 , {748, 735} , {'TempHb98', 'TempG98', 'C97'}
| | | | | | | | | | | | | | | | | | | | | | | | | | | | | | | | | | | | | | | | | | | | | | | | | | | | | | | | | | | | | | | | | | | | | | | | | | | | | | | | +-- , 748 , set() , {'TempG98', 'C97', 'S98'}
| | | | | | | | | | | | | | | | | | | | | | | | | | | | | | | | | | | | | | | | | | | | | | | | | | | | | | | | | | | | | | | | | | | | | | | | | | | | | | | | +-- , 735 , {737} , {'TempG98', 'C98', 'I195', 'TempHb98', 'TempHa98', 'I196'}
| | | | | | | | | | | | | | | | | | | | | | | | | | | | | | | | | | | | | | | | | | | | | | | | | | | | | | | | | | | | | | | | | | | | | | | | | | | | | | | | | +-- , 737 , {739} , {'S99', 'TempG99', 'C98'}
| | | | | | | | | | | | | | | | | | | | | | | | | | | | | | | | | | | | | | | | | | | | | | | | | | | | | | | | | | | | | | | | | | | | | | | | | | | | | | | | | | +-- , 739 , {741} , {'TempHb99', 'TempG99', 'C98'}
| | | | | | | | | | | | | | | | | | | | | | | | | | | | | | | | | | | | | | | | | | | | | | | | | | | | | | | | | | | | | | | | | | | | | | | | | | | | | | | | | | | +-- , 741 , {744} , {'TempHb99', 'C99', 'TempG99', 'TempHa99'}
| | | | | | | | | | | | | | | | | | | | | | | | | | | | | | | | | | | | | | | | | | | | | | | | | | | | | | | | | | | | | | | | | | | | | | | | | | | | | | | | | | | | +-- , 744 , set() , {'I198', 'TempHa99', 'I197', 'TempG99'}
| | | | | | | | | | | | | | | | | | | | | | | | | | | | | | | | | | | | | | | | | | | | | | | | | | | | | | | | | | | | | | | | | | | | | | | | | | | | | | +-- , 750 , set() , {'TempHa97', 'I194', 'TempG97', 'I193'}
| | | | | | | | | | | | | | | | | | | | | | | | | | | | | | | | | | | | | | | | | | | | | | | | | | | | | | | | | | | | | | | | | | | | | | | | | +-- , 756 , set() , {'I190', 'TempG95', 'TempHa95', 'I189'}
| | | | | | | | | | | | | | | | | | | | | | | | | | | | | | | | | | | | | | | | | | | | | | | | | | | | | | | | | | | | | | | | | | | | | | | | +-- , 758 , set() , {'S95', 'TempG95', 'C94'}
| | | | | | | | | | | | | | | | | | | | | | | | | | | | | | | | | | | | | | | | | | | | | | | | | | | | | | | | | | | | | | | +-- , 764 , set() , {'I184', 'TempG92', 'I183', 'TempHa92'}
| | | | | | | | | | | | | | | | | | | | | | | | | | | | | | | | | | | | | | | | | | | | | | | | | | | | | | | | | | | | | | +-- , 766 , set() , {'TempG92', 'S92', 'C91'}
| | | | | | | | | | | | | | | | | | | | | | | | | | | | | | | | | | | | | | | | | | | | | | | | | | | | | | +-- , 774 , set() , {'I178', 'TempG89', 'I177', 'TempHa89'}
| | | | | | | | | | | | | | | | | | | | | | | | | | | | | | | | | | | | | | | | | | | | +-- , 788 , set() , {'S86', 'C85', 'TempG86'}
| | | | | | | | | | | | | | | | | | | | | | | | | | | | | | | | | | | | | | | | | | +-- , 792 , set() , {'C84', 'S85', 'TempG85'}
| | | | | | | | | | | | | | | | | | | | | | | | | | | | | | | | | | | | +-- , 796 , set() , {'TempG83', 'I165', 'I166', 'TempHa83'}
| | | | | | | | | | | | | | | | | | | | | | | | | | | | | | | | +-- , 802 , set() , {'S82', 'C81', 'TempG82'}
| | | | | | | | | | | | | | | | | | | | | | | | +-- , 812 , set() , {'TempHa79', 'TempG79', 'I158', 'I157'}
| | | | | | | | | | | | | | | | | | | | | | | +-- , 814 , set() , {'TempG79', 'C78', 'S79'}
| | | | | | | | | | | | | | | | | | | | +-- , 818 , set() , {'TempG78', 'S78', 'C77'}
| | | +-- , 838 , set() , {'TempG72', 'S72', 'C71'}


Max number of edges with non zero Y: 4
Max number of iterations of outer rounding loop: 2
Max number of candidate sets: 2
Time spent rounding: 2.487
Time spent solving Separator LP: 3.743
Total time spent solving: 7.295

LP Solver: GaifmanNormal
Lower Bound Witness = ({'TempG54', 'S36', 'S39', 'I20', 'I85', 'C8', 'S31', 'TempHa33', 'TempG30', 'I93', 'TempHb55', 'TempHb52', 'I77', 'I96', 'TempHb17', 'I67', 'I27', 'I51', 'I54', 'I83', 'I102', 'TempHb46', 'S6', 'I122', 'I108', 'I72', 'TempG28', 'TempHa5', 'I82', 'I55', 'I50', 'I109', 'I97', 'TempG11', 'I8', 'C31', 'S24', 'TempHb6', 'TempHb47', 'I66', 'I41', 'S55', 'TempHa34', 'I101', 'S51', 'C47', 'C34', 'I76', 'TempHb11', 'S58', 'TempHb15', 'I40', 'TempHa14', 'I68', 'S48', 'TempG46', 'S2', 'I19', 'I10', 'TempHa17', 'TempHa38', 'TempG2', 'S15', 'C42', 'S23', 'I25', 'I45', 'C17', 'I95', 'TempHa43', 'S27', 'TempG52', 'TempHa2', 'I12', 'I81', 'I49', 'I2', 'TempHb41', 'TempHb31', 'C53', 'C15', 'I36', 'TempHa19', 'C11', 'TempG51', 'TempHa52', 'TempG5', 'TempG57', 'I110', 'TempHa49', 'S4', 'TempG37', 'TempG34', 'TempG56', 'TempG3', 'S37', 'C21', 'TempG26', 'I91', 'I103', 'TempHb30', 'I86', 'I70', 'C58', 'TempG53', 'S40', 'TempHa27', 'TempHb36', 'TempHb48', 'I4', 'TempHb22', 'S18', 'TempHb38', 'TempHb34', 'S29', 'C50', 'I28', 'S56', 'I111', 'S43', 'C52', 'I64', 'S45', 'TempG36', 'TempHa30', 'C32', 'TempG35', 'TempHa39', 'S16', 'I59', 'TempG59', 'C23', 'TempHb16', 'S7', 'I44', 'TempHb57', 'S30', 'I3', 'I38', 'TempHa3', 'TempG42', 'I9', 'C20', 'C22', 'I5', 'TempHa45', 'I116', 'S26', 'C43', 'S17', 'I14', 'TempHb49', 'S32', 'C48', 'I11', 'C57', 'C10', 'TempHb35', 'I115', 'TempHb20', 'TempHa46', 'I119', 'C60', 'I31', 'I65', 'I107', 'C46', 'I112', 'S3', 'I69', 'S46', 'I13', 'TempHb43', 'I71', 'TempHa4', 'TempHa10', 'TempHb21', 'I16', 'TempG33', 'TempG60', 'TempHa51', 'C19', 'C25', 'I114', 'I7', 'TempHa40', 'TempHa18', 'S44', 'TempG19', 'TempHa55', 'TempG50', 'C49', 'TempHa20', 'TempHa1', 'TempHa41', 'TempHa22', 'TempHb54', 'TempHa47', 'I30', 'S47', 'TempHb4', 'C2', 'TempHa37', 'I23', 'I39', 'I58', 'I99', 'S20', 'TempHb8', 'C41', 'TempHa48', 'TempG9', 'TempHa25', 'I105', 'S25', 'TempG61', 'TempHa36', 'TempHa23', 'TempHb18', 'I21', 'S34', 'C12', 'TempG13', 'I104', 'C1', 'S21', 'C30', 'S9', 'C4', 'C3', 'S14', 'TempG14', 'TempHa61', 'I37', 'TempHa50', 'TempHa8', 'I34', 'S61', 'S35', 'TempHb14', 'TempHb53', 'TempHa9', 'S50', 'TempG6', 'TempG39', 'I87', 'I118', 'C24', 'S13', 'TempG23', 'S12', 'TempHa29', 'I62', 'I90', 'TempG40', 'C5', 'S52', 'TempHa24', 'S41', 'TempHb45', 'TempG17', 'I24', 'S33', 'C39', 'I84', 'C18', 'TempHa42', 'S28', 'TempHa58', 'TempHa11', 'I22', 'I33', 'I53', 'S38', 'TempHb50', 'C59', 'TempHa53', 'TempG22', 'C9', 'TempG20', 'I94', 'TempHa15', 'C54', 'C26', 'I74', 'I26', 'I63', 'C29', 'I100', 'S57', 'S59', 'TempHb12', 'I35', 'I48', 'S22', 'I117', 'TempHb33', 'I89', 'I56', 'TempG4', 'C7', 'TempG12', 'TempHa59', 'S8', 'TempG10', 'TempHa60', 'TempG21', 'I32', 'TempHb29', 'S5', 'TempG16', 'TempHa32', 'I79', 'I15', 'TempHb23', 'TempHb13', 'I43', 'TempG49', 'I17', 'I6', 'C27', 'I106', 'TempHb9', 'S53', 'I121', 'I92', 'S11', 'C33', 'I73', 'C56', 'I75', 'TempHb5', 'S1', 'TempG47', 'I47', 'C44', 'TempHa28', 'TempG32', 'TempG48', 'I52', 'I42', 'S49', 'TempHb24', 'TempHa21', 'TempHb26', 'TempHa35', 'TempHb58', 'I60', 'TempHa56', 'TempG29', 'C37', 'TempHb40', 'TempHa7', 'I98', 'TempHb25', 'TempHa31', 'TempG44', 'I113', 'TempHb7', 'TempG8', 'TempHb10', 'I80', 'TempG31', 'TempHb27', 'TempHb3', 'C40', 'TempHa6', 'TempG38', 'S19', 'I18', 'TempHb28', 'I88', 'TempG18', 'I61', 'C0', 'TempHb42', 'S10', 'TempHa16', 'TempHb37', 'TempHb61', 'I78', 'TempHa13', 'I57', 'TempG7', 'I29', 'S54', 'C45', 'TempHb19', 'TempHb59', 'C51', 'C16', 'C35', 'TempHb51', 'TempG41', 'C38', 'I46', 'TempHa12', 'S42', 'C36', 'I1', 'TempG55', 'TempHa26', 'C14', 'C13', 'TempG1', 'TempG25', 'TempG15', 'S60', 'I120', 'TempHb32', 'TempHa54', 'C28', 'TempHb44', 'TempHb56', 'TempHb1', 'TempG45', 'TempG58', 'TempHa57', 'TempHb60', 'TempG43', 'C55', 'TempHa44', 'C6', 'TempG24', 'TempG27', 'TempHb39', 'TempHb2'}, {'TempHb61', 'TempHa61'})