412, 0.7499990000000001, 3.0, 3
+-- , 0 , {353, 689, 3} , {'C37', 'TempHa78', 'TempHb78', 'C78'}
| +-- , 353 , {355} , {'C37', 'TempHa37', 'TempHb37'}
| | +-- , 355 , {357, 687} , {'TempG37', 'TempHa37', 'TempHb37'}
| | | +-- , 357 , {685, 359} , {'TempG37', 'C36', 'TempHb37'}
| | | | +-- , 685 , set() , {'TempG37', 'C36', 'S37'}
| | | | +-- , 359 , {361} , {'C36', 'TempHb36', 'TempHa36'}
| | | | | +-- , 361 , {363, 683} , {'TempG36', 'TempHb36', 'TempHa36'}
| | | | | | +-- , 363 , {681, 365} , {'TempG36', 'TempHb36', 'C35'}
| | | | | | | +-- , 681 , set() , {'TempG36', 'S36', 'C35'}
| | | | | | | +-- , 365 , {367} , {'C35', 'TempHa35', 'TempHb35'}
| | | | | | | | +-- , 367 , {369, 679} , {'TempHa35', 'TempHb35', 'TempG35'}
| | | | | | | | | +-- , 369 , {371, 677} , {'C34', 'TempHb35', 'TempG35'}
| | | | | | | | | | +-- , 371 , {373} , {'C34', 'TempHa34', 'TempHb34'}
| | | | | | | | | | | +-- , 373 , {675, 375} , {'TempG34', 'C33', 'I68', 'I67', 'TempHa34', 'TempHb34'}
| | | | | | | | | | | | +-- , 675 , set() , {'S34', 'TempG34', 'C33'}
| | | | | | | | | | | | +-- , 375 , {377} , {'C33', 'TempHb33', 'TempHa33'}
| | | | | | | | | | | | | +-- , 377 , {379, 671} , {'TempHb33', 'TempG33', 'TempHa33'}
| | | | | | | | | | | | | | +-- , 379 , {381, 669} , {'C32', 'TempG33', 'TempHb33'}
| | | | | | | | | | | | | | | +-- , 381 , {383} , {'C32', 'TempHa32', 'TempHb32'}
| | | | | | | | | | | | | | | | +-- , 383 , {385, 667} , {'TempG32', 'TempHa32', 'TempHb32'}
| | | | | | | | | | | | | | | | | +-- , 385 , {665, 387} , {'C31', 'TempG32', 'TempHb32'}
| | | | | | | | | | | | | | | | | | +-- , 665 , set() , {'C31', 'S32', 'TempG32'}
| | | | | | | | | | | | | | | | | | +-- , 387 , {389} , {'TempHb31', 'C31', 'TempHa31'}
| | | | | | | | | | | | | | | | | | | +-- , 389 , {391, 661, 663} , {'TempHb31', 'C30', 'TempG31', 'TempHa31'}
| | | | | | | | | | | | | | | | | | | | +-- , 391 , {393} , {'C30', 'TempHa30', 'TempHb30'}
| | | | | | | | | | | | | | | | | | | | | +-- , 393 , {657, 395} , {'TempHa30', 'TempHb30', 'TempG30'}
| | | | | | | | | | | | | | | | | | | | | | +-- , 657 , set() , {'TempHa30', 'I59', 'I60', 'TempG30'}
| | | | | | | | | | | | | | | | | | | | | | +-- , 395 , {397, 655} , {'TempHb30', 'C29', 'TempG30'}
| | | | | | | | | | | | | | | | | | | | | | | +-- , 397 , {399} , {'TempHa29', 'C29', 'TempHb29'}
| | | | | | | | | | | | | | | | | | | | | | | | +-- , 399 , {401, 653} , {'C28', 'TempHa29', 'S29', 'TempHb29', 'TempG29'}
| | | | | | | | | | | | | | | | | | | | | | | | | +-- , 401 , {403} , {'C28', 'TempHb28', 'TempHa28'}
| | | | | | | | | | | | | | | | | | | | | | | | | | +-- , 403 , {649, 405, 647} , {'TempG28', 'TempHb28', 'TempHa28', 'C27'}
| | | | | | | | | | | | | | | | | | | | | | | | | | | +-- , 649 , set() , {'TempG28', 'S28', 'C27'}
| | | | | | | | | | | | | | | | | | | | | | | | | | | +-- , 405 , {407} , {'TempHa27', 'TempHb27', 'C27'}
| | | | | | | | | | | | | | | | | | | | | | | | | | | | +-- , 407 , {409, 643} , {'TempG27', 'TempHa27', 'TempHb27'}
| | | | | | | | | | | | | | | | | | | | | | | | | | | | | +-- , 409 , {641, 411} , {'TempHb27', 'C26', 'TempG27'}
| | | | | | | | | | | | | | | | | | | | | | | | | | | | | | +-- , 641 , set() , {'S27', 'C26', 'TempG27'}
| | | | | | | | | | | | | | | | | | | | | | | | | | | | | | +-- , 411 , {413} , {'TempHa26', 'C26', 'TempHb26'}
| | | | | | | | | | | | | | | | | | | | | | | | | | | | | | | +-- , 413 , {415, 637, 639} , {'TempG26', 'TempHa26', 'TempHb26', 'C25'}
| | | | | | | | | | | | | | | | | | | | | | | | | | | | | | | | +-- , 415 , {417} , {'TempHa25', 'TempHb25', 'C25'}
| | | | | | | | | | | | | | | | | | | | | | | | | | | | | | | | | +-- , 417 , {633, 419} , {'TempHa25', 'I50', 'TempG25', 'TempHb25', 'C24', 'I49'}
| | | | | | | | | | | | | | | | | | | | | | | | | | | | | | | | | | +-- , 633 , set() , {'S25', 'TempG25', 'C24'}
| | | | | | | | | | | | | | | | | | | | | | | | | | | | | | | | | | +-- , 419 , {421} , {'C24', 'TempHb24', 'TempHa24'}
| | | | | | | | | | | | | | | | | | | | | | | | | | | | | | | | | | | +-- , 421 , {627, 629, 423} , {'TempG24', 'C23', 'TempHb24', 'TempHa24'}
| | | | | | | | | | | | | | | | | | | | | | | | | | | | | | | | | | | | +-- , 627 , set() , {'TempG24', 'I48', 'I47', 'TempHa24'}
| | | | | | | | | | | | | | | | | | | | | | | | | | | | | | | | | | | | +-- , 629 , set() , {'TempG24', 'C23', 'S24'}
| | | | | | | | | | | | | | | | | | | | | | | | | | | | | | | | | | | | +-- , 423 , {425} , {'C23', 'TempHa23', 'TempHb23'}
| | | | | | | | | | | | | | | | | | | | | | | | | | | | | | | | | | | | | +-- , 425 , {427, 623} , {'TempG23', 'C22', 'I46', 'I45', 'TempHa23', 'TempHb23'}
| | | | | | | | | | | | | | | | | | | | | | | | | | | | | | | | | | | | | | +-- , 427 , {429} , {'C22', 'TempHb22', 'TempHa22'}
| | | | | | | | | | | | | | | | | | | | | | | | | | | | | | | | | | | | | | | +-- , 429 , {619, 431} , {'C21', 'I44', 'I43', 'TempHb22', 'TempG22', 'TempHa22'}
| | | | | | | | | | | | | | | | | | | | | | | | | | | | | | | | | | | | | | | | +-- , 619 , set() , {'C21', 'TempG22', 'S22'}
| | | | | | | | | | | | | | | | | | | | | | | | | | | | | | | | | | | | | | | | +-- , 431 , {433} , {'TempHb21', 'C21', 'TempHa21'}
| | | | | | | | | | | | | | | | | | | | | | | | | | | | | | | | | | | | | | | | | +-- , 433 , {435, 615} , {'TempHb21', 'TempG21', 'TempHa21'}
| | | | | | | | | | | | | | | | | | | | | | | | | | | | | | | | | | | | | | | | | | +-- , 435 , {613, 437} , {'TempHb21', 'TempG21', 'C20'}
| | | | | | | | | | | | | | | | | | | | | | | | | | | | | | | | | | | | | | | | | | | +-- , 613 , set() , {'TempG21', 'S21', 'C20'}
| | | | | | | | | | | | | | | | | | | | | | | | | | | | | | | | | | | | | | | | | | | +-- , 437 , {439} , {'TempHb20', 'TempHa20', 'C20'}
| | | | | | | | | | | | | | | | | | | | | | | | | | | | | | | | | | | | | | | | | | | | +-- , 439 , {441, 611} , {'TempHb20', 'TempHa20', 'S20', 'TempG20', 'C19'}
| | | | | | | | | | | | | | | | | | | | | | | | | | | | | | | | | | | | | | | | | | | | | +-- , 441 , {443} , {'TempHb19', 'TempHa19', 'C19'}
| | | | | | | | | | | | | | | | | | | | | | | | | | | | | | | | | | | | | | | | | | | | | | +-- , 443 , {445, 607} , {'TempHb19', 'C18', 'TempHa19', 'TempG19', 'S19'}
| | | | | | | | | | | | | | | | | | | | | | | | | | | | | | | | | | | | | | | | | | | | | | | +-- , 445 , {447} , {'TempHa18', 'TempHb18', 'C18'}
| | | | | | | | | | | | | | | | | | | | | | | | | | | | | | | | | | | | | | | | | | | | | | | | +-- , 447 , {449, 603} , {'TempHa18', 'C17', 'I35', 'I36', 'TempHb18', 'TempG18'}
| | | | | | | | | | | | | | | | | | | | | | | | | | | | | | | | | | | | | | | | | | | | | | | | | +-- , 449 , {451} , {'C17', 'TempHa17', 'TempHb17'}
| | | | | | | | | | | | | | | | | | | | | | | | | | | | | | | | | | | | | | | | | | | | | | | | | | +-- , 451 , {453, 599} , {'C16', 'TempG17', 'TempHa17', 'TempHb17', 'I34', 'I33'}
| | | | | | | | | | | | | | | | | | | | | | | | | | | | | | | | | | | | | | | | | | | | | | | | | | | +-- , 453 , {455} , {'C16', 'TempHb16', 'TempHa16'}
| | | | | | | | | | | | | | | | | | | | | | | | | | | | | | | | | | | | | | | | | | | | | | | | | | | | +-- , 455 , {457, 595} , {'I32', 'I31', 'TempG16', 'TempHa16', 'TempHb16', 'C15'}
| | | | | | | | | | | | | | | | | | | | | | | | | | | | | | | | | | | | | | | | | | | | | | | | | | | | | +-- , 457 , {459} , {'TempHb15', 'C15', 'TempHa15'}
| | | | | | | | | | | | | | | | | | | | | | | | | | | | | | | | | | | | | | | | | | | | | | | | | | | | | | +-- , 459 , {589, 591, 461} , {'TempHb15', 'TempG15', 'C14', 'TempHa15'}
| | | | | | | | | | | | | | | | | | | | | | | | | | | | | | | | | | | | | | | | | | | | | | | | | | | | | | | +-- , 589 , set() , {'I30', 'TempHa15', 'I29', 'TempG15'}
| | | | | | | | | | | | | | | | | | | | | | | | | | | | | | | | | | | | | | | | | | | | | | | | | | | | | | | +-- , 591 , set() , {'S15', 'TempG15', 'C14'}
| | | | | | | | | | | | | | | | | | | | | | | | | | | | | | | | | | | | | | | | | | | | | | | | | | | | | | | +-- , 461 , {463} , {'TempHa14', 'C14', 'TempHb14'}
| | | | | | | | | | | | | | | | | | | | | | | | | | | | | | | | | | | | | | | | | | | | | | | | | | | | | | | | +-- , 463 , {585, 465} , {'TempHa14', 'TempG14', 'TempHb14'}
| | | | | | | | | | | | | | | | | | | | | | | | | | | | | | | | | | | | | | | | | | | | | | | | | | | | | | | | | +-- , 585 , set() , {'TempHa14', 'I27', 'I28', 'TempG14'}
| | | | | | | | | | | | | | | | | | | | | | | | | | | | | | | | | | | | | | | | | | | | | | | | | | | | | | | | | +-- , 465 , {467, 583} , {'TempG14', 'TempHb14', 'C13'}
| | | | | | | | | | | | | | | | | | | | | | | | | | | | | | | | | | | | | | | | | | | | | | | | | | | | | | | | | | +-- , 467 , {469} , {'TempHb13', 'C13', 'TempHa13'}
| | | | | | | | | | | | | | | | | | | | | | | | | | | | | | | | | | | | | | | | | | | | | | | | | | | | | | | | | | | +-- , 469 , {581, 471} , {'TempHb13', 'TempG13', 'TempHa13'}
| | | | | | | | | | | | | | | | | | | | | | | | | | | | | | | | | | | | | | | | | | | | | | | | | | | | | | | | | | | | +-- , 581 , set() , {'TempG13', 'I25', 'I26', 'TempHa13'}
| | | | | | | | | | | | | | | | | | | | | | | | | | | | | | | | | | | | | | | | | | | | | | | | | | | | | | | | | | | | +-- , 471 , {473, 579} , {'TempHb13', 'TempG13', 'C12'}
| | | | | | | | | | | | | | | | | | | | | | | | | | | | | | | | | | | | | | | | | | | | | | | | | | | | | | | | | | | | | +-- , 473 , {475} , {'C12', 'TempHb12', 'TempHa12'}
| | | | | | | | | | | | | | | | | | | | | | | | | | | | | | | | | | | | | | | | | | | | | | | | | | | | | | | | | | | | | | +-- , 475 , {577, 477} , {'C11', 'TempHb12', 'TempHa12', 'S12', 'TempG12'}
| | | | | | | | | | | | | | | | | | | | | | | | | | | | | | | | | | | | | | | | | | | | | | | | | | | | | | | | | | | | | | | +-- , 577 , set() , {'I24', 'TempHa12', 'I23', 'TempG12'}
| | | | | | | | | | | | | | | | | | | | | | | | | | | | | | | | | | | | | | | | | | | | | | | | | | | | | | | | | | | | | | | +-- , 477 , {479} , {'C11', 'TempHa11', 'TempHb11'}
| | | | | | | | | | | | | | | | | | | | | | | | | | | | | | | | | | | | | | | | | | | | | | | | | | | | | | | | | | | | | | | | +-- , 479 , {481, 573} , {'TempG11', 'TempHa11', 'C10', 'I22', 'I21', 'TempHb11'}
| | | | | | | | | | | | | | | | | | | | | | | | | | | | | | | | | | | | | | | | | | | | | | | | | | | | | | | | | | | | | | | | | +-- , 481 , {483} , {'TempHb10', 'C10', 'TempHa10'}
| | | | | | | | | | | | | | | | | | | | | | | | | | | | | | | | | | | | | | | | | | | | | | | | | | | | | | | | | | | | | | | | | | +-- , 483 , {569, 485} , {'TempHa10', 'S10', 'TempG10', 'C9', 'TempHb10'}
| | | | | | | | | | | | | | | | | | | | | | | | | | | | | | | | | | | | | | | | | | | | | | | | | | | | | | | | | | | | | | | | | | | +-- , 569 , set() , {'TempG10', 'I20', 'TempHa10', 'I19'}
| | | | | | | | | | | | | | | | | | | | | | | | | | | | | | | | | | | | | | | | | | | | | | | | | | | | | | | | | | | | | | | | | | | +-- , 485 , {487} , {'TempHb9', 'TempHa9', 'C9'}
| | | | | | | | | | | | | | | | | | | | | | | | | | | | | | | | | | | | | | | | | | | | | | | | | | | | | | | | | | | | | | | | | | | | +-- , 487 , {563, 565, 489} , {'C8', 'TempHb9', 'TempG9', 'TempHa9'}
| | | | | | | | | | | | | | | | | | | | | | | | | | | | | | | | | | | | | | | | | | | | | | | | | | | | | | | | | | | | | | | | | | | | | +-- , 563 , set() , {'TempG9', 'I18', 'TempHa9', 'I17'}
| | | | | | | | | | | | | | | | | | | | | | | | | | | | | | | | | | | | | | | | | | | | | | | | | | | | | | | | | | | | | | | | | | | | | +-- , 565 , set() , {'S9', 'C8', 'TempG9'}
| | | | | | | | | | | | | | | | | | | | | | | | | | | | | | | | | | | | | | | | | | | | | | | | | | | | | | | | | | | | | | | | | | | | | +-- , 489 , {491} , {'C8', 'TempHa8', 'TempHb8'}
| | | | | | | | | | | | | | | | | | | | | | | | | | | | | | | | | | | | | | | | | | | | | | | | | | | | | | | | | | | | | | | | | | | | | | +-- , 491 , {493, 559} , {'C7', 'I16', 'I15', 'TempG8', 'TempHa8', 'TempHb8'}
| | | | | | | | | | | | | | | | | | | | | | | | | | | | | | | | | | | | | | | | | | | | | | | | | | | | | | | | | | | | | | | | | | | | | | | +-- , 493 , {495} , {'C7', 'TempHa7', 'TempHb7'}
| | | | | | | | | | | | | | | | | | | | | | | | | | | | | | | | | | | | | | | | | | | | | | | | | | | | | | | | | | | | | | | | | | | | | | | | +-- , 495 , {497, 553, 555} , {'TempHa7', 'TempHb7', 'TempG7', 'C6'}
| | | | | | | | | | | | | | | | | | | | | | | | | | | | | | | | | | | | | | | | | | | | | | | | | | | | | | | | | | | | | | | | | | | | | | | | | +-- , 497 , {499} , {'TempHb6', 'TempHa6', 'C6'}
| | | | | | | | | | | | | | | | | | | | | | | | | | | | | | | | | | | | | | | | | | | | | | | | | | | | | | | | | | | | | | | | | | | | | | | | | | +-- , 499 , {549, 501} , {'TempHb6', 'TempHa6', 'TempG6'}
| | | | | | | | | | | | | | | | | | | | | | | | | | | | | | | | | | | | | | | | | | | | | | | | | | | | | | | | | | | | | | | | | | | | | | | | | | | +-- , 549 , set() , {'I11', 'TempHa6', 'I12', 'TempG6'}
| | | | | | | | | | | | | | | | | | | | | | | | | | | | | | | | | | | | | | | | | | | | | | | | | | | | | | | | | | | | | | | | | | | | | | | | | | | +-- , 501 , {547, 503} , {'TempHb6', 'C5', 'TempG6'}
| | | | | | | | | | | | | | | | | | | | | | | | | | | | | | | | | | | | | | | | | | | | | | | | | | | | | | | | | | | | | | | | | | | | | | | | | | | | +-- , 547 , set() , {'C5', 'S6', 'TempG6'}
| | | | | | | | | | | | | | | | | | | | | | | | | | | | | | | | | | | | | | | | | | | | | | | | | | | | | | | | | | | | | | | | | | | | | | | | | | | | +-- , 503 , {505} , {'TempHa5', 'C5', 'TempHb5'}
| | | | | | | | | | | | | | | | | | | | | | | | | | | | | | | | | | | | | | | | | | | | | | | | | | | | | | | | | | | | | | | | | | | | | | | | | | | | | +-- , 505 , {545, 507, 509} , {'C4', 'TempHa5', 'TempG5', 'TempHb5'}
| | | | | | | | | | | | | | | | | | | | | | | | | | | | | | | | | | | | | | | | | | | | | | | | | | | | | | | | | | | | | | | | | | | | | | | | | | | | | | +-- , 545 , set() , {'I10', 'TempG5', 'TempHa5', 'I9'}
| | | | | | | | | | | | | | | | | | | | | | | | | | | | | | | | | | | | | | | | | | | | | | | | | | | | | | | | | | | | | | | | | | | | | | | | | | | | | | +-- , 507 , set() , {'S5', 'C4', 'TempG5'}
| | | | | | | | | | | | | | | | | | | | | | | | | | | | | | | | | | | | | | | | | | | | | | | | | | | | | | | | | | | | | | | | | | | | | | | | | | | | | | +-- , 509 , {511} , {'C4', 'TempHb4', 'TempHa4'}
| | | | | | | | | | | | | | | | | | | | | | | | | | | | | | | | | | | | | | | | | | | | | | | | | | | | | | | | | | | | | | | | | | | | | | | | | | | | | | | +-- , 511 , {513, 541, 543} , {'TempHb4', 'C3', 'TempHa4', 'TempG4'}
| | | | | | | | | | | | | | | | | | | | | | | | | | | | | | | | | | | | | | | | | | | | | | | | | | | | | | | | | | | | | | | | | | | | | | | | | | | | | | | | +-- , 513 , {515} , {'C3', 'TempHa3', 'TempHb3'}
| | | | | | | | | | | | | | | | | | | | | | | | | | | | | | | | | | | | | | | | | | | | | | | | | | | | | | | | | | | | | | | | | | | | | | | | | | | | | | | | | +-- , 515 , {517, 519, 537} , {'C2', 'TempHa3', 'TempG3', 'TempHb3'}
| | | | | | | | | | | | | | | | | | | | | | | | | | | | | | | | | | | | | | | | | | | | | | | | | | | | | | | | | | | | | | | | | | | | | | | | | | | | | | | | | | +-- , 517 , set() , {'I5', 'TempG3', 'TempHa3', 'I6'}
| | | | | | | | | | | | | | | | | | | | | | | | | | | | | | | | | | | | | | | | | | | | | | | | | | | | | | | | | | | | | | | | | | | | | | | | | | | | | | | | | | +-- , 519 , {521} , {'TempHa2', 'C2', 'TempHb2'}
| | | | | | | | | | | | | | | | | | | | | | | | | | | | | | | | | | | | | | | | | | | | | | | | | | | | | | | | | | | | | | | | | | | | | | | | | | | | | | | | | | | +-- , 521 , {523, 535} , {'I4', 'TempHa2', 'I3', 'TempHb2', 'TempG2', 'C1'}
| | | | | | | | | | | | | | | | | | | | | | | | | | | | | | | | | | | | | | | | | | | | | | | | | | | | | | | | | | | | | | | | | | | | | | | | | | | | | | | | | | | | +-- , 523 , {525} , {'TempHa1', 'TempHb1', 'C1'}
| | | | | | | | | | | | | | | | | | | | | | | | | | | | | | | | | | | | | | | | | | | | | | | | | | | | | | | | | | | | | | | | | | | | | | | | | | | | | | | | | | | | | +-- , 525 , {529, 527} , {'TempG1', 'TempHa1', 'TempHb1'}
| | | | | | | | | | | | | | | | | | | | | | | | | | | | | | | | | | | | | | | | | | | | | | | | | | | | | | | | | | | | | | | | | | | | | | | | | | | | | | | | | | | | | | +-- , 529 , {531} , {'TempG1', 'C0', 'TempHb1'}
| | | | | | | | | | | | | | | | | | | | | | | | | | | | | | | | | | | | | | | | | | | | | | | | | | | | | | | | | | | | | | | | | | | | | | | | | | | | | | | | | | | | | | | +-- , 531 , set() , {'TempG1', 'S1', 'C0'}
| | | | | | | | | | | | | | | | | | | | | | | | | | | | | | | | | | | | | | | | | | | | | | | | | | | | | | | | | | | | | | | | | | | | | | | | | | | | | | | | | | | | | | +-- , 527 , set() , {'I2', 'TempG1', 'I1', 'TempHa1'}
| | | | | | | | | | | | | | | | | | | | | | | | | | | | | | | | | | | | | | | | | | | | | | | | | | | | | | | | | | | | | | | | | | | | | | | | | | | | | | | | | | | | +-- , 535 , set() , {'S2', 'TempG2', 'C1'}
| | | | | | | | | | | | | | | | | | | | | | | | | | | | | | | | | | | | | | | | | | | | | | | | | | | | | | | | | | | | | | | | | | | | | | | | | | | | | | | | | | +-- , 537 , set() , {'TempG3', 'S3', 'C2'}
| | | | | | | | | | | | | | | | | | | | | | | | | | | | | | | | | | | | | | | | | | | | | | | | | | | | | | | | | | | | | | | | | | | | | | | | | | | | | | | | +-- , 541 , set() , {'C3', 'S4', 'TempG4'}
| | | | | | | | | | | | | | | | | | | | | | | | | | | | | | | | | | | | | | | | | | | | | | | | | | | | | | | | | | | | | | | | | | | | | | | | | | | | | | | | +-- , 543 , set() , {'I7', 'I8', 'TempHa4', 'TempG4'}
| | | | | | | | | | | | | | | | | | | | | | | | | | | | | | | | | | | | | | | | | | | | | | | | | | | | | | | | | | | | | | | | | | | | | | | | | +-- , 553 , set() , {'TempG7', 'C6', 'S7'}
| | | | | | | | | | | | | | | | | | | | | | | | | | | | | | | | | | | | | | | | | | | | | | | | | | | | | | | | | | | | | | | | | | | | | | | | | +-- , 555 , set() , {'I13', 'TempHa7', 'TempG7', 'I14'}
| | | | | | | | | | | | | | | | | | | | | | | | | | | | | | | | | | | | | | | | | | | | | | | | | | | | | | | | | | | | | | | | | | | | | | | +-- , 559 , set() , {'C7', 'TempG8', 'S8'}
| | | | | | | | | | | | | | | | | | | | | | | | | | | | | | | | | | | | | | | | | | | | | | | | | | | | | | | | | | | | | | | | | +-- , 573 , set() , {'S11', 'C10', 'TempG11'}
| | | | | | | | | | | | | | | | | | | | | | | | | | | | | | | | | | | | | | | | | | | | | | | | | | | | | | | | | | | | | +-- , 579 , set() , {'C12', 'TempG13', 'S13'}
| | | | | | | | | | | | | | | | | | | | | | | | | | | | | | | | | | | | | | | | | | | | | | | | | | | | | | | | | | +-- , 583 , set() , {'C13', 'S14', 'TempG14'}
| | | | | | | | | | | | | | | | | | | | | | | | | | | | | | | | | | | | | | | | | | | | | | | | | | | | | +-- , 595 , set() , {'S16', 'TempG16', 'C15'}
| | | | | | | | | | | | | | | | | | | | | | | | | | | | | | | | | | | | | | | | | | | | | | | | | | | +-- , 599 , set() , {'C16', 'S17', 'TempG17'}
| | | | | | | | | | | | | | | | | | | | | | | | | | | | | | | | | | | | | | | | | | | | | | | | | +-- , 603 , set() , {'S18', 'C17', 'TempG18'}
| | | | | | | | | | | | | | | | | | | | | | | | | | | | | | | | | | | | | | | | | | | | | | | +-- , 607 , set() , {'I38', 'I37', 'TempHa19', 'TempG19'}
| | | | | | | | | | | | | | | | | | | | | | | | | | | | | | | | | | | | | | | | | | | | | +-- , 611 , set() , {'I39', 'TempHa20', 'TempG20', 'I40'}
| | | | | | | | | | | | | | | | | | | | | | | | | | | | | | | | | | | | | | | | | | +-- , 615 , set() , {'TempG21', 'I41', 'I42', 'TempHa21'}
| | | | | | | | | | | | | | | | | | | | | | | | | | | | | | | | | | | | | | +-- , 623 , set() , {'TempG23', 'C22', 'S23'}
| | | | | | | | | | | | | | | | | | | | | | | | | | | | | | | | +-- , 637 , set() , {'TempG26', 'S26', 'C25'}
| | | | | | | | | | | | | | | | | | | | | | | | | | | | | | | | +-- , 639 , set() , {'TempG26', 'TempHa26', 'I52', 'I51'}
| | | | | | | | | | | | | | | | | | | | | | | | | | | | | +-- , 643 , set() , {'TempHa27', 'I54', 'TempG27', 'I53'}
| | | | | | | | | | | | | | | | | | | | | | | | | | | +-- , 647 , set() , {'TempG28', 'TempHa28', 'I55', 'I56'}
| | | | | | | | | | | | | | | | | | | | | | | | | +-- , 653 , set() , {'TempHa29', 'I58', 'I57', 'TempG29'}
| | | | | | | | | | | | | | | | | | | | | | | +-- , 655 , set() , {'S30', 'C29', 'TempG30'}
| | | | | | | | | | | | | | | | | | | | +-- , 661 , set() , {'I62', 'TempHa31', 'I61', 'TempG31'}
| | | | | | | | | | | | | | | | | | | | +-- , 663 , set() , {'S31', 'C30', 'TempG31'}
| | | | | | | | | | | | | | | | | +-- , 667 , set() , {'TempHa32', 'I64', 'I63', 'TempG32'}
| | | | | | | | | | | | | | | +-- , 669 , set() , {'C32', 'S33', 'TempG33'}
| | | | | | | | | | | | | | +-- , 671 , set() , {'I65', 'TempG33', 'TempHa33', 'I66'}
| | | | | | | | | | +-- , 677 , set() , {'S35', 'TempG35', 'C34'}
| | | | | | | | | +-- , 679 , set() , {'I69', 'TempHa35', 'TempG35', 'I70'}
| | | | | | +-- , 683 , set() , {'TempG36', 'I72', 'I71', 'TempHa36'}
| | | +-- , 687 , set() , {'I73', 'TempHa37', 'I74', 'TempG37'}
| +-- , 689 , {888, 691} , {'TempG79', 'TempHb79', 'C78'}
| | +-- , 888 , set() , {'TempG79', 'C78', 'S79'}
| | +-- , 691 , {886, 693} , {'C79', 'TempG79', 'TempHb79', 'TempHa79'}
| | | +-- , 886 , set() , {'TempHa79', 'TempG79', 'I158', 'I157'}
| | | +-- , 693 , {695} , {'C79', 'S80', 'TempG80'}
| | | | +-- , 695 , {697} , {'C79', 'TempHb80', 'TempG80'}
| | | | | +-- , 697 , {882, 699} , {'C80', 'TempHb80', 'TempHa80', 'TempG80'}
| | | | | | +-- , 882 , set() , {'I160', 'I159', 'TempHa80', 'TempG80'}
| | | | | | +-- , 699 , {701} , {'S81', 'C80', 'TempG81'}
| | | | | | | +-- , 701 , {703} , {'C80', 'TempHb81', 'TempG81'}
| | | | | | | | +-- , 703 , {705, 878} , {'TempHb81', 'TempG81', 'TempHa81'}
| | | | | | | | | +-- , 705 , {707} , {'C81', 'TempHb81', 'TempHa81'}
| | | | | | | | | | +-- , 707 , {876, 709} , {'C81', 'TempG82', 'TempHb82'}
| | | | | | | | | | | +-- , 876 , set() , {'S82', 'C81', 'TempG82'}
| | | | | | | | | | | +-- , 709 , {874, 711} , {'C82', 'TempG82', 'TempHb82', 'TempHa82'}
| | | | | | | | | | | | +-- , 874 , set() , {'I164', 'TempHa82', 'I163', 'TempG82'}
| | | | | | | | | | | | +-- , 711 , {713} , {'S83', 'TempG83', 'C82'}
| | | | | | | | | | | | | +-- , 713 , {715} , {'TempG83', 'C82', 'TempHb83'}
| | | | | | | | | | | | | | +-- , 715 , {717, 870} , {'TempG83', 'TempHa83', 'TempHb83'}
| | | | | | | | | | | | | | | +-- , 717 , {719} , {'TempHb83', 'TempHa83', 'C83'}
| | | | | | | | | | | | | | | | +-- , 719 , {721} , {'S84', 'TempG84', 'C83'}
| | | | | | | | | | | | | | | | | +-- , 721 , {723} , {'TempG84', 'TempHb84', 'C83'}
| | | | | | | | | | | | | | | | | | +-- , 723 , {868, 725} , {'TempG84', 'TempHb84', 'TempHa84'}
| | | | | | | | | | | | | | | | | | | +-- , 868 , set() , {'I168', 'I167', 'TempG84', 'TempHa84'}
| | | | | | | | | | | | | | | | | | | +-- , 725 , {727} , {'C84', 'TempHb84', 'TempHa84'}
| | | | | | | | | | | | | | | | | | | | +-- , 727 , {866, 729} , {'C84', 'TempG85', 'TempHb85'}
| | | | | | | | | | | | | | | | | | | | | +-- , 866 , set() , {'C84', 'S85', 'TempG85'}
| | | | | | | | | | | | | | | | | | | | | +-- , 729 , {731} , {'TempG85', 'I170', 'C85', 'I169', 'TempHb85', 'TempHa85'}
| | | | | | | | | | | | | | | | | | | | | | +-- , 731 , {733, 862} , {'TempG86', 'C85', 'TempHb86'}
| | | | | | | | | | | | | | | | | | | | | | | +-- , 733 , {860, 735} , {'TempG86', 'TempHb86', 'TempHa86'}
| | | | | | | | | | | | | | | | | | | | | | | | +-- , 860 , set() , {'TempG86', 'TempHa86', 'I172', 'I171'}
| | | | | | | | | | | | | | | | | | | | | | | | +-- , 735 , {737} , {'TempHa86', 'C86', 'TempHb86'}
| | | | | | | | | | | | | | | | | | | | | | | | | +-- , 737 , {739} , {'S87', 'C86', 'TempG87'}
| | | | | | | | | | | | | | | | | | | | | | | | | | +-- , 739 , {741} , {'C86', 'TempG87', 'TempHb87'}
| | | | | | | | | | | | | | | | | | | | | | | | | | | +-- , 741 , {858, 743} , {'TempG87', 'TempHa87', 'C87', 'TempHb87'}
| | | | | | | | | | | | | | | | | | | | | | | | | | | | +-- , 858 , set() , {'TempHa87', 'I173', 'I174', 'TempG87'}
| | | | | | | | | | | | | | | | | | | | | | | | | | | | +-- , 743 , {745, 854} , {'TempG88', 'TempHb88', 'C87'}
| | | | | | | | | | | | | | | | | | | | | | | | | | | | | +-- , 745 , {852, 747} , {'TempG88', 'TempHa88', 'TempHb88'}
| | | | | | | | | | | | | | | | | | | | | | | | | | | | | | +-- , 852 , set() , {'I175', 'TempG88', 'TempHa88', 'I176'}
| | | | | | | | | | | | | | | | | | | | | | | | | | | | | | +-- , 747 , {749} , {'C88', 'TempHa88', 'TempHb88'}
| | | | | | | | | | | | | | | | | | | | | | | | | | | | | | | +-- , 749 , {850, 751} , {'C88', 'TempG89', 'TempHb89'}
| | | | | | | | | | | | | | | | | | | | | | | | | | | | | | | | +-- , 850 , set() , {'C88', 'TempG89', 'S89'}
| | | | | | | | | | | | | | | | | | | | | | | | | | | | | | | | +-- , 751 , {848, 753} , {'TempHa89', 'TempG89', 'TempHb89'}
| | | | | | | | | | | | | | | | | | | | | | | | | | | | | | | | | +-- , 848 , set() , {'I178', 'TempG89', 'I177', 'TempHa89'}
| | | | | | | | | | | | | | | | | | | | | | | | | | | | | | | | | +-- , 753 , {755} , {'C89', 'TempHa89', 'TempHb89'}
| | | | | | | | | | | | | | | | | | | | | | | | | | | | | | | | | | +-- , 755 , {757} , {'C89', 'TempG90', 'S90'}
| | | | | | | | | | | | | | | | | | | | | | | | | | | | | | | | | | | +-- , 757 , {759} , {'TempHb90', 'TempG90', 'C89'}
| | | | | | | | | | | | | | | | | | | | | | | | | | | | | | | | | | | | +-- , 759 , {761} , {'I180', 'I179', 'C90', 'TempHb90', 'TempG90', 'TempHa90'}
| | | | | | | | | | | | | | | | | | | | | | | | | | | | | | | | | | | | | +-- , 761 , {844, 763} , {'C90', 'TempHb91', 'TempG91'}
| | | | | | | | | | | | | | | | | | | | | | | | | | | | | | | | | | | | | | +-- , 844 , set() , {'C90', 'TempG91', 'S91'}
| | | | | | | | | | | | | | | | | | | | | | | | | | | | | | | | | | | | | | +-- , 763 , {842, 765} , {'TempHb91', 'TempG91', 'TempHa91'}
| | | | | | | | | | | | | | | | | | | | | | | | | | | | | | | | | | | | | | | +-- , 842 , set() , {'TempG91', 'I182', 'TempHa91', 'I181'}
| | | | | | | | | | | | | | | | | | | | | | | | | | | | | | | | | | | | | | | +-- , 765 , {767} , {'TempHb91', 'C91', 'TempHa91'}
| | | | | | | | | | | | | | | | | | | | | | | | | | | | | | | | | | | | | | | | +-- , 767 , {840, 769} , {'C91', 'TempHb92', 'TempG92'}
| | | | | | | | | | | | | | | | | | | | | | | | | | | | | | | | | | | | | | | | | +-- , 840 , set() , {'TempG92', 'S92', 'C91'}
| | | | | | | | | | | | | | | | | | | | | | | | | | | | | | | | | | | | | | | | | +-- , 769 , {771, 838} , {'TempHb92', 'TempG92', 'TempHa92'}
| | | | | | | | | | | | | | | | | | | | | | | | | | | | | | | | | | | | | | | | | | +-- , 771 , {773} , {'TempHb92', 'C92', 'TempHa92'}
| | | | | | | | | | | | | | | | | | | | | | | | | | | | | | | | | | | | | | | | | | | +-- , 773 , {775} , {'C92', 'S93', 'TempG93'}
| | | | | | | | | | | | | | | | | | | | | | | | | | | | | | | | | | | | | | | | | | | | +-- , 775 , {777} , {'C92', 'TempHb93', 'TempG93'}
| | | | | | | | | | | | | | | | | | | | | | | | | | | | | | | | | | | | | | | | | | | | | +-- , 777 , {779, 836} , {'TempHa93', 'TempHb93', 'TempG93'}
| | | | | | | | | | | | | | | | | | | | | | | | | | | | | | | | | | | | | | | | | | | | | | +-- , 779 , {781} , {'TempHb93', 'C93', 'TempHa93'}
| | | | | | | | | | | | | | | | | | | | | | | | | | | | | | | | | | | | | | | | | | | | | | | +-- , 781 , {783} , {'S94', 'C93', 'TempG94'}
| | | | | | | | | | | | | | | | | | | | | | | | | | | | | | | | | | | | | | | | | | | | | | | | +-- , 783 , {785} , {'TempHb94', 'C93', 'TempG94'}
| | | | | | | | | | | | | | | | | | | | | | | | | | | | | | | | | | | | | | | | | | | | | | | | | +-- , 785 , {787} , {'I188', 'I187', 'C94', 'TempHa94', 'TempHb94', 'TempG94'}
| | | | | | | | | | | | | | | | | | | | | | | | | | | | | | | | | | | | | | | | | | | | | | | | | | +-- , 787 , {832, 789} , {'TempHb95', 'C94', 'TempG95'}
| | | | | | | | | | | | | | | | | | | | | | | | | | | | | | | | | | | | | | | | | | | | | | | | | | | +-- , 832 , set() , {'S95', 'TempG95', 'C94'}
| | | | | | | | | | | | | | | | | | | | | | | | | | | | | | | | | | | | | | | | | | | | | | | | | | | +-- , 789 , {830, 791} , {'TempHa95', 'TempHb95', 'TempG95'}
| | | | | | | | | | | | | | | | | | | | | | | | | | | | | | | | | | | | | | | | | | | | | | | | | | | | +-- , 830 , set() , {'I190', 'TempG95', 'TempHa95', 'I189'}
| | | | | | | | | | | | | | | | | | | | | | | | | | | | | | | | | | | | | | | | | | | | | | | | | | | | +-- , 791 , {793} , {'C95', 'TempHa95', 'TempHb95'}
| | | | | | | | | | | | | | | | | | | | | | | | | | | | | | | | | | | | | | | | | | | | | | | | | | | | | +-- , 793 , {795, 828} , {'TempG96', 'TempHb96', 'C95'}
| | | | | | | | | | | | | | | | | | | | | | | | | | | | | | | | | | | | | | | | | | | | | | | | | | | | | | +-- , 795 , {801, 799} , {'TempHa96', 'TempG96', 'TempHb96', 'C96'}
| | | | | | | | | | | | | | | | | | | | | | | | | | | | | | | | | | | | | | | | | | | | | | | | | | | | | | | +-- , 801 , {803, 826} , {'TempG97', 'TempHb97', 'C96'}
| | | | | | | | | | | | | | | | | | | | | | | | | | | | | | | | | | | | | | | | | | | | | | | | | | | | | | | | +-- , 803 , {824, 805} , {'TempHa97', 'TempG97', 'TempHb97'}
| | | | | | | | | | | | | | | | | | | | | | | | | | | | | | | | | | | | | | | | | | | | | | | | | | | | | | | | | +-- , 824 , set() , {'TempHa97', 'I194', 'TempG97', 'I193'}
| | | | | | | | | | | | | | | | | | | | | | | | | | | | | | | | | | | | | | | | | | | | | | | | | | | | | | | | | +-- , 805 , {807} , {'TempHa97', 'C97', 'TempHb97'}
| | | | | | | | | | | | | | | | | | | | | | | | | | | | | | | | | | | | | | | | | | | | | | | | | | | | | | | | | | +-- , 807 , {809, 822} , {'TempHb98', 'TempG98', 'C97'}
| | | | | | | | | | | | | | | | | | | | | | | | | | | | | | | | | | | | | | | | | | | | | | | | | | | | | | | | | | | +-- , 809 , {811} , {'TempG98', 'C98', 'I195', 'TempHb98', 'TempHa98', 'I196'}
| | | | | | | | | | | | | | | | | | | | | | | | | | | | | | | | | | | | | | | | | | | | | | | | | | | | | | | | | | | | +-- , 811 , {813} , {'S99', 'TempG99', 'C98'}
| | | | | | | | | | | | | | | | | | | | | | | | | | | | | | | | | | | | | | | | | | | | | | | | | | | | | | | | | | | | | +-- , 813 , {815} , {'TempHb99', 'TempG99', 'C98'}
| | | | | | | | | | | | | | | | | | | | | | | | | | | | | | | | | | | | | | | | | | | | | | | | | | | | | | | | | | | | | | +-- , 815 , {818} , {'TempHb99', 'C99', 'TempG99', 'TempHa99'}
| | | | | | | | | | | | | | | | | | | | | | | | | | | | | | | | | | | | | | | | | | | | | | | | | | | | | | | | | | | | | | | +-- , 818 , set() , {'I198', 'TempHa99', 'I197', 'TempG99'}
| | | | | | | | | | | | | | | | | | | | | | | | | | | | | | | | | | | | | | | | | | | | | | | | | | | | | | | | | | | +-- , 822 , set() , {'TempG98', 'C97', 'S98'}
| | | | | | | | | | | | | | | | | | | | | | | | | | | | | | | | | | | | | | | | | | | | | | | | | | | | | | | | +-- , 826 , set() , {'S97', 'TempG97', 'C96'}
| | | | | | | | | | | | | | | | | | | | | | | | | | | | | | | | | | | | | | | | | | | | | | | | | | | | | | | +-- , 799 , set() , {'TempHa96', 'TempG96', 'I191', 'I192'}
| | | | | | | | | | | | | | | | | | | | | | | | | | | | | | | | | | | | | | | | | | | | | | | | | | | | | | +-- , 828 , set() , {'S96', 'TempG96', 'C95'}
| | | | | | | | | | | | | | | | | | | | | | | | | | | | | | | | | | | | | | | | | | | | | | +-- , 836 , set() , {'I185', 'TempG93', 'I186', 'TempHa93'}
| | | | | | | | | | | | | | | | | | | | | | | | | | | | | | | | | | | | | | | | | | +-- , 838 , set() , {'I184', 'TempG92', 'I183', 'TempHa92'}
| | | | | | | | | | | | | | | | | | | | | | | | | | | | | +-- , 854 , set() , {'TempG88', 'C87', 'S88'}
| | | | | | | | | | | | | | | | | | | | | | | +-- , 862 , set() , {'S86', 'C85', 'TempG86'}
| | | | | | | | | | | | | | | +-- , 870 , set() , {'TempG83', 'I165', 'I166', 'TempHa83'}
| | | | | | | | | +-- , 878 , set() , {'I162', 'I161', 'TempG81', 'TempHa81'}
| +-- , 3 , {5, 351} , {'C37', 'TempHa78', 'TempHb78', 'TempHb38', 'TempG38'}
| | +-- , 5 , {43, 7} , {'TempHa42', 'TempHa78', 'TempHb42', 'TempHb78', 'TempHb38', 'TempG38'}
| | | +-- , 43 , {45} , {'C42', 'TempHa42', 'TempHb42', 'TempHa78', 'TempHb78'}
| | | | +-- , 45 , {349, 47} , {'TempG43', 'C42', 'TempHa78', 'TempHb43', 'TempHb78'}
| | | | | +-- , 349 , set() , {'TempG43', 'C42', 'S43'}
| | | | | +-- , 47 , {49, 229} , {'TempG43', 'TempHa78', 'TempHa64', 'TempHb43', 'TempHb78', 'TempHb64'}
| | | | | | +-- , 49 , {177, 51} , {'TempG43', 'TempHa64', 'TempHb43', 'C57', 'TempHb64'}
| | | | | | | +-- , 177 , {179, 227} , {'TempHa64', 'C57', 'TempHb58', 'TempG58', 'TempHb64'}
| | | | | | | | +-- , 179 , {181, 215} , {'TempHa64', 'C62', 'TempHb58', 'TempG58', 'TempHb64'}
| | | | | | | | | +-- , 181 , {183} , {'C62', 'TempHb58', 'TempHb62', 'TempHa62', 'TempG58'}
| | | | | | | | | | +-- , 183 , {213, 185, 187} , {'C58', 'TempHb58', 'TempG59', 'TempHb62', 'TempHa62', 'TempG58'}
| | | | | | | | | | | +-- , 213 , set() , {'C58', 'TempHa58', 'TempHb58', 'I116', 'TempG58', 'I115'}
| | | | | | | | | | | +-- , 185 , set() , {'S59', 'C58', 'TempG59'}
| | | | | | | | | | | +-- , 187 , {189} , {'C58', 'TempG59', 'TempHb59', 'TempHb62', 'TempHa62'}
| | | | | | | | | | | | +-- , 189 , {193, 211, 191} , {'TempHb59', 'TempHb62', 'TempG62', 'TempHa62', 'TempG59', 'C61'}
| | | | | | | | | | | | | +-- , 193 , {195} , {'TempHb61', 'TempHa61', 'C61', 'TempG59', 'TempHb59'}
| | | | | | | | | | | | | | +-- , 195 , {197, 205} , {'TempHb61', 'TempHa61', 'TempG59', 'TempHb59', 'TempHa60', 'TempHb60'}
| | | | | | | | | | | | | | | +-- , 197 , {203, 199} , {'C59', 'TempHb59', 'TempHb60', 'TempHa60', 'TempG59'}
| | | | | | | | | | | | | | | | +-- , 203 , set() , {'TempG59', 'C59', 'I117', 'TempHb59', 'TempHa59', 'I118'}
| | | | | | | | | | | | | | | | +-- , 199 , {201} , {'C59', 'TempG60', 'TempHa60', 'I119', 'TempHb60', 'I120'}
| | | | | | | | | | | | | | | | | +-- , 201 , set() , {'C59', 'S60', 'TempG60'}
| | | | | | | | | | | | | | | +-- , 205 , {207} , {'TempHb61', 'TempHa61', 'TempHa60', 'TempHb60', 'C60'}
| | | | | | | | | | | | | | | | +-- , 207 , {209} , {'TempHb61', 'TempG61', 'I121', 'TempHa61', 'I122', 'C60'}
| | | | | | | | | | | | | | | | | +-- , 209 , set() , {'S61', 'TempG61', 'C60'}
| | | | | | | | | | | | | +-- , 211 , set() , {'I124', 'I123', 'TempHa62', 'TempG62'}
| | | | | | | | | | | | | +-- , 191 , set() , {'TempG62', 'S62', 'C61'}
| | | | | | | | | +-- , 215 , {217, 225} , {'TempHa64', 'C62', 'TempG63', 'TempHb63', 'TempHb64'}
| | | | | | | | | | +-- , 217 , {219, 221} , {'TempHa64', 'TempHb63', 'TempG63', 'C63', 'TempHb64'}
| | | | | | | | | | | +-- , 219 , set() , {'I126', 'TempHa63', 'I125', 'TempG63', 'C63', 'TempHb63'}
| | | | | | | | | | | +-- , 221 , {223} , {'S64', 'TempHa64', 'TempG64', 'C63', 'TempHb64'}
| | | | | | | | | | | | +-- , 223 , set() , {'TempHa64', 'I127', 'I128', 'TempG64'}
| | | | | | | | | | +-- , 225 , set() , {'S63', 'C62', 'TempG63'}
| | | | | | | | +-- , 227 , set() , {'S58', 'C57', 'TempG58'}
| | | | | | | +-- , 51 , {53} , {'TempG43', 'TempHb57', 'C57', 'TempHb43', 'TempHa57'}
| | | | | | | | +-- , 53 , {133, 55} , {'TempG43', 'TempHb57', 'TempHb52', 'TempHb43', 'TempHa52', 'TempHa57'}
| | | | | | | | | +-- , 133 , {135} , {'TempHb57', 'C52', 'TempHb52', 'TempHa57', 'TempHa52'}
| | | | | | | | | | +-- , 135 , {137, 175} , {'TempHb57', 'C52', 'TempHb53', 'TempG53', 'TempHa57'}
| | | | | | | | | | | +-- , 137 , {139, 159} , {'C55', 'TempHb57', 'TempHb53', 'TempG53', 'TempHa57'}
| | | | | | | | | | | | +-- , 139 , {141} , {'C55', 'TempHa55', 'TempHb55', 'TempHb53', 'TempG53'}
| | | | | | | | | | | | | +-- , 141 , {143} , {'TempHa55', 'TempHb55', 'TempHb53', 'TempG53', 'I106', 'I105'}
| | | | | | | | | | | | | | +-- , 143 , {145} , {'C53', 'TempHa55', 'TempHb55', 'TempHb53', 'I106', 'I105', 'TempHa53'}
| | | | | | | | | | | | | | | +-- , 145 , {147, 157} , {'C53', 'TempG54', 'TempHa55', 'TempHb55', 'TempHb54'}
| | | | | | | | | | | | | | | | +-- , 147 , {149} , {'TempG54', 'TempHa55', 'TempHb55', 'I108', 'TempHb54', 'I107'}
| | | | | | | | | | | | | | | | | +-- , 149 , {151} , {'TempHa55', 'TempHb55', 'TempHa54', 'I108', 'TempHb54', 'I107'}
| | | | | | | | | | | | | | | | | | +-- , 151 , {153} , {'C54', 'TempHa55', 'TempHb55', 'TempHa54', 'TempHb54'}
| | | | | | | | | | | | | | | | | | | +-- , 153 , {155} , {'C54', 'I109', 'TempHa55', 'TempHb55', 'I110', 'TempG55'}
| | | | | | | | | | | | | | | | | | | | +-- , 155 , set() , {'S55', 'C54', 'TempG55'}
| | | | | | | | | | | | | | | | +-- , 157 , set() , {'C53', 'TempG54', 'S54'}
| | | | | | | | | | | | +-- , 159 , {161} , {'C55', 'TempHb57', 'TempG56', 'TempHa57', 'S56'}
| | | | | | | | | | | | | +-- , 161 , {163} , {'TempG56', 'C55', 'TempHb57', 'TempHb56', 'TempHa57'}
| | | | | | | | | | | | | | +-- , 163 , {165, 167} , {'TempG56', 'TempHb57', 'TempG57', 'TempHb56', 'TempHa57'}
| | | | | | | | | | | | | | | +-- , 165 , set() , {'TempG57', 'I113', 'I114', 'TempHa57'}
| | | | | | | | | | | | | | | +-- , 167 , {169, 171} , {'C56', 'TempHb56', 'TempHb57', 'TempG56', 'TempG57'}
| | | | | | | | | | | | | | | | +-- , 169 , set() , {'TempG57', 'S57', 'C56'}
| | | | | | | | | | | | | | | | +-- , 171 , {173} , {'C56', 'TempHb56', 'TempHa56', 'TempG56'}
| | | | | | | | | | | | | | | | | +-- , 173 , set() , {'I111', 'I112', 'TempHa56', 'TempG56'}
| | | | | | | | | | | +-- , 175 , set() , {'TempG53', 'S53', 'C52'}
| | | | | | | | | +-- , 55 , {57, 69} , {'TempG43', 'C50', 'TempHb43', 'TempHb52', 'TempHa52'}
| | | | | | | | | | +-- , 57 , {59, 61} , {'TempHb51', 'TempHb52', 'C50', 'TempG51', 'TempHa52'}
| | | | | | | | | | | +-- , 59 , set() , {'C50', 'S51', 'TempG51'}
| | | | | | | | | | | +-- , 61 , {63} , {'TempHb51', 'TempHb52', 'I101', 'TempG51', 'TempHa52', 'I102'}
| | | | | | | | | | | | +-- , 63 , {65} , {'TempHb51', 'TempHb52', 'I101', 'C51', 'TempHa52', 'I102', 'TempHa51'}
| | | | | | | | | | | | | +-- , 65 , {67} , {'I103', 'TempHa52', 'C51', 'TempHb52', 'I104', 'TempG52'}
| | | | | | | | | | | | | | +-- , 67 , set() , {'C51', 'S52', 'TempG52'}
| | | | | | | | | | +-- , 69 , {71} , {'TempG43', 'TempHa50', 'TempHb50', 'C50', 'TempHb43'}
| | | | | | | | | | | +-- , 71 , {73, 113} , {'TempG43', 'C45', 'TempHb43', 'TempHa50', 'TempHb50'}
| | | | | | | | | | | | +-- , 73 , {75, 111} , {'C45', 'TempG46', 'TempHa50', 'TempHb50', 'TempHb46'}
| | | | | | | | | | | | | +-- , 75 , {77, 109} , {'C46', 'TempG46', 'TempHa50', 'TempHb50', 'TempHb46'}
| | | | | | | | | | | | | | +-- , 77 , {107, 79} , {'C46', 'TempHa50', 'TempHb50', 'TempG47', 'TempHb47'}
| | | | | | | | | | | | | | | +-- , 107 , set() , {'C46', 'TempG47', 'S47'}
| | | | | | | | | | | | | | | +-- , 79 , {81, 83, 87} , {'TempG48', 'TempHa50', 'TempG47', 'TempHb50', 'C47', 'TempHb47'}
| | | | | | | | | | | | | | | | +-- , 81 , set() , {'C47', 'TempG48', 'S48'}
| | | | | | | | | | | | | | | | +-- , 83 , {85} , {'C47', 'TempHa47', 'TempHb47', 'TempG47'}
| | | | | | | | | | | | | | | | | +-- , 85 , set() , {'TempHa47', 'I94', 'I93', 'TempG47'}
| | | | | | | | | | | | | | | | +-- , 87 , {89} , {'TempHb48', 'TempG48', 'TempHa50', 'TempHb50', 'C47'}
| | | | | | | | | | | | | | | | | +-- , 89 , {91, 101} , {'TempHb48', 'TempHb49', 'TempG48', 'TempHa50', 'TempHb50', 'TempG49'}
| | | | | | | | | | | | | | | | | | +-- , 91 , {93} , {'TempHb49', 'I97', 'TempHa50', 'TempHb50', 'I98', 'TempG49'}
| | | | | | | | | | | | | | | | | | | +-- , 93 , {95} , {'TempHb49', 'I97', 'TempHa50', 'TempHb50', 'C49', 'I98', 'TempHa49'}
| | | | | | | | | | | | | | | | | | | | +-- , 95 , {97, 99} , {'TempG50', 'TempHa50', 'TempHb50', 'C49'}
| | | | | | | | | | | | | | | | | | | | | +-- , 97 , set() , {'TempG50', 'I100', 'I99', 'TempHa50'}
| | | | | | | | | | | | | | | | | | | | | +-- , 99 , set() , {'TempG50', 'S50', 'C49'}
| | | | | | | | | | | | | | | | | | +-- , 101 , {105, 103} , {'TempHb48', 'TempHb49', 'TempG48', 'C48', 'TempG49'}
| | | | | | | | | | | | | | | | | | | +-- , 105 , set() , {'C48', 'S49', 'TempG49'}
| | | | | | | | | | | | | | | | | | | +-- , 103 , set() , {'TempHb48', 'TempG48', 'C48', 'TempHa48', 'I96', 'I95'}
| | | | | | | | | | | | | | +-- , 109 , set() , {'C46', 'I91', 'TempHa46', 'TempG46', 'TempHb46', 'I92'}
| | | | | | | | | | | | | +-- , 111 , set() , {'S46', 'C45', 'TempG46'}
| | | | | | | | | | | | +-- , 113 , {115} , {'TempG43', 'C45', 'TempHa45', 'TempHb45', 'TempHb43'}
| | | | | | | | | | | | | +-- , 115 , {117, 127} , {'TempG43', 'TempHa45', 'TempHb45', 'TempHb44', 'TempHb43', 'TempG44'}
| | | | | | | | | | | | | | +-- , 117 , {123, 119} , {'TempHb44', 'C44', 'TempHa45', 'TempHb45', 'TempG44'}
| | | | | | | | | | | | | | | +-- , 123 , {125} , {'I90', 'I89', 'C44', 'TempHa45', 'TempHb45', 'TempG45'}
| | | | | | | | | | | | | | | | +-- , 125 , set() , {'C44', 'TempG45', 'S45'}
| | | | | | | | | | | | | | | +-- , 119 , {121} , {'TempHa44', 'TempHb44', 'C44', 'TempG44'}
| | | | | | | | | | | | | | | | +-- , 121 , set() , {'I87', 'TempG44', 'I88', 'TempHa44'}
| | | | | | | | | | | | | | +-- , 127 , {129, 131} , {'TempG43', 'TempHb44', 'C43', 'TempHb43', 'TempG44'}
| | | | | | | | | | | | | | | +-- , 129 , set() , {'S44', 'TempG44', 'C43'}
| | | | | | | | | | | | | | | +-- , 131 , set() , {'TempG43', 'I86', 'TempHa43', 'I85', 'C43', 'TempHb43'}
| | | | | | +-- , 229 , {231} , {'C64', 'TempHa64', 'TempHa78', 'TempHb78', 'TempHb64'}
| | | | | | | +-- , 231 , {233} , {'TempHa78', 'C64', 'TempG65', 'S65', 'TempHb78'}
| | | | | | | | +-- , 233 , {235} , {'TempHa78', 'TempHb65', 'C64', 'TempG65', 'TempHb78'}
| | | | | | | | | +-- , 235 , {237, 277} , {'TempG65', 'C73', 'TempHa78', 'TempHb78', 'TempHb65'}
| | | | | | | | | | +-- , 237 , {239} , {'TempHa78', 'C73', 'TempG74', 'TempHb78', 'S74'}
| | | | | | | | | | | +-- , 239 , {241} , {'TempHa78', 'TempG74', 'C73', 'TempHb74', 'TempHb78'}
| | | | | | | | | | | | +-- , 241 , {243, 247} , {'TempHa78', 'TempHb78', 'TempHb74', 'TempG74', 'C77'}
| | | | | | | | | | | | | +-- , 243 , {245} , {'S78', 'TempHa78', 'TempHb78', 'TempG78', 'C77'}
| | | | | | | | | | | | | | +-- , 245 , set() , {'I155', 'TempHa78', 'I156', 'TempG78'}
| | | | | | | | | | | | | +-- , 247 , {249} , {'TempG74', 'TempHb77', 'TempHb74', 'TempHa77', 'C77'}
| | | | | | | | | | | | | | +-- , 249 , {275, 251} , {'C74', 'TempHa77', 'TempHb77', 'TempHb74', 'TempG74'}
| | | | | | | | | | | | | | | +-- , 275 , set() , {'C74', 'I147', 'I148', 'TempHb74', 'TempHa74', 'TempG74'}
| | | | | | | | | | | | | | | +-- , 251 , {253} , {'C74', 'S75', 'TempG75', 'TempHb77', 'TempHa77'}
| | | | | | | | | | | | | | | | +-- , 253 , {255} , {'TempHb75', 'C74', 'TempG75', 'TempHb77', 'TempHa77'}
| | | | | | | | | | | | | | | | | +-- , 255 , {257} , {'TempHb75', 'I154', 'TempG75', 'I153', 'TempHb77', 'TempHa77'}
| | | | | | | | | | | | | | | | | | +-- , 257 , {273, 259} , {'TempHb75', 'I154', 'TempG77', 'TempG75', 'I153', 'TempHb77', 'C76'}
| | | | | | | | | | | | | | | | | | | +-- , 273 , set() , {'TempG77', 'C76', 'S77'}
| | | | | | | | | | | | | | | | | | | +-- , 259 , {261} , {'TempHb75', 'TempG75', 'TempHa76', 'TempHb76', 'C76'}
| | | | | | | | | | | | | | | | | | | | +-- , 261 , {267, 263} , {'TempHb75', 'TempHa76', 'TempHb76', 'C75', 'TempG75'}
| | | | | | | | | | | | | | | | | | | | | +-- , 267 , {269, 271} , {'TempHa76', 'TempHb76', 'TempG76', 'C75'}
| | | | | | | | | | | | | | | | | | | | | | +-- , 269 , set() , {'TempHa76', 'I152', 'TempG76', 'I151'}
| | | | | | | | | | | | | | | | | | | | | | +-- , 271 , set() , {'C75', 'TempG76', 'S76'}
| | | | | | | | | | | | | | | | | | | | | +-- , 263 , {265} , {'TempHb75', 'TempHa75', 'C75', 'TempG75'}
| | | | | | | | | | | | | | | | | | | | | | +-- , 265 , set() , {'I150', 'I149', 'TempG75', 'TempHa75'}
| | | | | | | | | | +-- , 277 , {279} , {'TempHb65', 'TempHa73', 'TempG65', 'TempHb73', 'C73'}
| | | | | | | | | | | +-- , 279 , {281, 309} , {'TempHa68', 'TempHb65', 'TempHa73', 'TempHb68', 'TempG65', 'TempHb73'}
| | | | | | | | | | | | +-- , 281 , {283, 301} , {'TempHb67', 'TempHa68', 'TempHb65', 'TempHa67', 'TempHb68', 'TempG65'}
| | | | | | | | | | | | | +-- , 283 , {285, 295} , {'TempHb67', 'TempHb66', 'TempHb65', 'TempHa67', 'TempG65', 'TempG66'}
| | | | | | | | | | | | | | +-- , 285 , {291, 287} , {'C66', 'TempG66', 'TempHb67', 'TempHb66', 'TempHa67'}
| | | | | | | | | | | | | | | +-- , 291 , {293} , {'TempHa66', 'C66', 'TempG66', 'TempHb66'}
| | | | | | | | | | | | | | | | +-- , 293 , set() , {'TempHa66', 'TempG66', 'I131', 'I132'}
| | | | | | | | | | | | | | | +-- , 287 , {289} , {'I134', 'C66', 'TempG67', 'TempHb67', 'I133', 'TempHa67'}
| | | | | | | | | | | | | | | | +-- , 289 , set() , {'C66', 'S67', 'TempG67'}
| | | | | | | | | | | | | | +-- , 295 , {297, 299} , {'TempG65', 'TempG66', 'TempHb66', 'TempHb65', 'C65'}
| | | | | | | | | | | | | | | +-- , 297 , set() , {'I129', 'TempHb65', 'C65', 'TempHa65', 'TempG65', 'I130'}
| | | | | | | | | | | | | | | +-- , 299 , set() , {'S66', 'TempG66', 'C65'}
| | | | | | | | | | | | | +-- , 301 , {303} , {'TempHb68', 'C67', 'TempHb67', 'TempHa68', 'TempHa67'}
| | | | | | | | | | | | | | +-- , 303 , {305, 307} , {'TempG68', 'TempHb68', 'C67', 'TempHa68'}
| | | | | | | | | | | | | | | +-- , 305 , set() , {'TempG68', 'S68', 'C67'}
| | | | | | | | | | | | | | | +-- , 307 , set() , {'TempG68', 'I135', 'I136', 'TempHa68'}
| | | | | | | | | | | | +-- , 309 , {311} , {'TempHb68', 'C68', 'TempHb73', 'TempHa68', 'TempHa73'}
| | | | | | | | | | | | | +-- , 311 , {313, 347} , {'C68', 'TempHb73', 'TempG69', 'TempHb69', 'TempHa73'}
| | | | | | | | | | | | | | +-- , 313 , {345, 315} , {'C69', 'TempHb73', 'TempG69', 'TempHb69', 'TempHa73'}
| | | | | | | | | | | | | | | +-- , 345 , set() , {'TempHa69', 'I137', 'C69', 'I138', 'TempG69', 'TempHb69'}
| | | | | | | | | | | | | | | +-- , 315 , {317} , {'S70', 'TempHa73', 'C69', 'TempHb73', 'TempG70'}
| | | | | | | | | | | | | | | | +-- , 317 , {319} , {'TempHa73', 'TempHb70', 'C69', 'TempHb73', 'TempG70'}
| | | | | | | | | | | | | | | | | +-- , 319 , {321, 343} , {'TempHb73', 'TempG70', 'C70', 'TempHa73', 'TempHb70'}
| | | | | | | | | | | | | | | | | | +-- , 321 , {323} , {'S71', 'TempG71', 'TempHa73', 'TempHb73', 'C70'}
| | | | | | | | | | | | | | | | | | | +-- , 323 , {325} , {'TempHb71', 'TempG71', 'TempHa73', 'TempHb73', 'C70'}
| | | | | | | | | | | | | | | | | | | | +-- , 325 , {337, 341, 327} , {'TempG71', 'TempHb71', 'TempHa73', 'TempG72', 'TempHb73', 'C71'}
| | | | | | | | | | | | | | | | | | | | | +-- , 337 , {339} , {'C71', 'TempHb71', 'TempG71', 'TempHa71'}
| | | | | | | | | | | | | | | | | | | | | | +-- , 339 , set() , {'I141', 'TempHa71', 'I142', 'TempG71'}
| | | | | | | | | | | | | | | | | | | | | +-- , 341 , set() , {'TempG72', 'S72', 'C71'}
| | | | | | | | | | | | | | | | | | | | | +-- , 327 , {329} , {'TempHa73', 'TempG72', 'TempHb73', 'TempHb72', 'C71'}
| | | | | | | | | | | | | | | | | | | | | | +-- , 329 , {331} , {'TempHa73', 'I146', 'TempG72', 'I145', 'TempHb73', 'TempHb72'}
| | | | | | | | | | | | | | | | | | | | | | | +-- , 331 , {333, 335} , {'C72', 'I146', 'TempG72', 'I145', 'TempG73', 'TempHb73', 'TempHb72'}
| | | | | | | | | | | | | | | | | | | | | | | | +-- , 333 , set() , {'I144', 'I143', 'C72', 'TempG72', 'TempHa72', 'TempHb72'}
| | | | | | | | | | | | | | | | | | | | | | | | +-- , 335 , set() , {'TempG73', 'S73', 'C72'}
| | | | | | | | | | | | | | | | | | +-- , 343 , set() , {'I139', 'TempHb70', 'TempHa70', 'TempG70', 'C70', 'I140'}
| | | | | | | | | | | | | | +-- , 347 , set() , {'C68', 'TempG69', 'S69'}
| | | +-- , 7 , {9, 41} , {'TempHa42', 'TempHb42', 'TempHb38', 'C38', 'TempG38'}
| | | | +-- , 9 , {11} , {'TempHa42', 'S39', 'C38', 'TempHb42', 'TempG39'}
| | | | | +-- , 11 , {13} , {'TempHa42', 'C38', 'TempHb42', 'TempG39', 'TempHb39'}
| | | | | | +-- , 13 , {35, 15} , {'TempHa42', 'TempHb42', 'TempG39', 'TempHb39', 'C41'}
| | | | | | | +-- , 35 , {37, 39} , {'TempHb42', 'TempHa42', 'TempG42', 'C41'}
| | | | | | | | +-- , 37 , set() , {'TempG42', 'S42', 'C41'}
| | | | | | | | +-- , 39 , set() , {'I84', 'TempHa42', 'TempG42', 'I83'}
| | | | | | | +-- , 15 , {17} , {'C41', 'TempHa41', 'TempHb41', 'TempHb39', 'TempG39'}
| | | | | | | | +-- , 17 , {19, 21} , {'TempHa41', 'C39', 'TempHb41', 'TempHb39', 'TempG39'}
| | | | | | | | | +-- , 19 , set() , {'TempHa39', 'I78', 'I77', 'C39', 'TempG39', 'TempHb39'}
| | | | | | | | | +-- , 21 , {23} , {'S40', 'TempHa41', 'TempG40', 'TempHb41', 'C39'}
| | | | | | | | | | +-- , 23 , {25} , {'TempHb40', 'TempHa41', 'TempG40', 'TempHb41', 'C39'}
| | | | | | | | | | | +-- , 25 , {33, 27} , {'TempHb40', 'TempHa40', 'TempHa41', 'TempG40', 'TempHb41'}
| | | | | | | | | | | | +-- , 33 , set() , {'I79', 'TempHa40', 'TempG40', 'I80'}
| | | | | | | | | | | | +-- , 27 , {29} , {'TempHa40', 'C40', 'TempHa41', 'TempHb41', 'TempHb40'}
| | | | | | | | | | | | | +-- , 29 , {31} , {'C40', 'TempHa41', 'TempG41', 'TempHb41', 'S41'}
| | | | | | | | | | | | | | +-- , 31 , set() , {'I82', 'I81', 'TempHa41', 'TempG41'}
| | | | +-- , 41 , set() , {'C38', 'TempHb38', 'I76', 'I75', 'TempHa38', 'TempG38'}
| | +-- , 351 , set() , {'S38', 'C37', 'TempG38'}


Max number of edges with non zero Y: 3
Max number of iterations of outer rounding loop: 2
Max number of candidate sets: 2
Time spent rounding: 17.619
Time spent solving Separator LP: 1.635
Total time spent solving: 22.164

LP Solver: GaifmanNormal
Lower Bound Witness = ({'I4', 'S36', 'I17', 'S20', 'TempHb8', 'I6', 'I20', 'TempG9', 'C27', 'TempHa25', 'C8', 'TempHb9', 'TempHb22', 'S31', 'S25', 'TempHa33', 'TempG30', 'TempHa36', 'S11', 'C33', 'TempHa23', 'I73', 'TempHb18', 'I21', 'S34', 'C12', 'TempG13', 'TempHb17', 'I67', 'S18', 'TempHb5', 'C1', 'TempHb34', 'I27', 'S1', 'S21', 'I51', 'S29', 'I54', 'C30', 'S9', 'I47', 'C4', 'C3', 'TempHa28', 'I28', 'S14', 'TempG32', 'TempG14', 'I52', 'I37', 'I42', 'S6', 'I64', 'TempG36', 'TempHa30', 'TempG28', 'I72', 'TempHa5', 'C32', 'I34', 'TempHa8', 'TempHb24', 'I55', 'TempHa21', 'TempG35', 'I50', 'TempG11', 'S35', 'I8', 'C31', 'S16', 'TempHb26', 'TempHa35', 'TempHa9', 'S24', 'I60', 'TempG6', 'I59', 'TempHb6', 'TempHb14', 'C23', 'TempHb16', 'I66', 'I41', 'TempG29', 'C24', 'S13', 'TempG23', 'S7', 'I44', 'S12', 'TempHa34', 'TempHa29', 'TempHa7', 'I62', 'S30', 'C34', 'I3', 'C5', 'TempHb25', 'TempHa31', 'TempHa24', 'TempHb11', 'TempHb7', 'TempHb15', 'I38', 'TempHa3', 'TempG8', 'I9', 'TempG17', 'I40', 'I24', 'S33', 'TempHa14', 'I68', 'C20', 'C18', 'TempHb10', 'C22', 'I5', 'S28', 'S2', 'I19', 'I10', 'TempHa11', 'S26', 'TempG31', 'S17', 'TempHa17', 'I22', 'TempG2', 'I33', 'S15', 'I14', 'S32', 'I53', 'S23', 'I11', 'I25', 'TempHb27', 'TempHb3', 'I45', 'C17', 'TempHa6', 'C10', 'TempHb35', 'S19', 'TempHb20', 'I18', 'TempHb28', 'TempG22', 'S27', 'C9', 'TempG20', 'TempG18', 'I61', 'C0', 'TempHa2', 'I31', 'S10', 'I12', 'I65', 'TempHa15', 'TempHa16', 'I49', 'TempHb37', 'I69', 'S3', 'C26', 'I2', 'I74', 'TempHa13', 'I26', 'I57', 'I63', 'I13', 'C29', 'I71', 'TempHa4', 'TempHa10', 'TempHb21', 'TempHb31', 'TempG7', 'I16', 'I29', 'TempG33', 'TempHb19', 'TempHb12', 'I35', 'C15', 'C19', 'C16', 'I48', 'S22', 'I36', 'C35', 'C25', 'I7', 'TempHa19', 'I46', 'C11', 'TempHa12', 'TempHb33', 'TempHa18', 'I56', 'C36', 'TempG19', 'I1', 'TempHa26', 'TempG5', 'C14', 'C13', 'TempG4', 'C7', 'TempG1', 'TempG12', 'TempG25', 'TempHa20', 'TempHa1', 'TempG15', 'S8', 'TempG10', 'TempHb32', 'TempHa22', 'TempG21', 'I32', 'S4', 'TempHb29', 'S5', 'TempG37', 'C28', 'TempG34', 'TempHb1', 'TempG3', 'TempG16', 'TempHa32', 'I30', 'S37', 'C21', 'TempG26', 'I15', 'TempHb4', 'C2', 'TempHa37', 'TempHb30', 'C6', 'I23', 'I70', 'TempHb23', 'TempG24', 'TempHb13', 'I39', 'I43', 'TempG27', 'TempHa27', 'TempHb36', 'TempHb2', 'I58'}, {'TempHa37', 'TempHb37'})