420, 0.7499990000000001, 3.0, 3
+-- , 0 , {3, 741, 491, 892} , {'C28', 'TempG29', 'TempHb29', 'C83'}
| +-- , 3 , {5} , {'TempG29', 'TempHb83', 'TempHb29', 'C83', 'TempHa83'}
| | +-- , 5 , {331, 7} , {'TempG29', 'TempHb83', 'TempHb29', 'TempHa65', 'TempHa83', 'TempHb65'}
| | | +-- , 331 , {333} , {'C65', 'TempHa65', 'TempHa83', 'TempHb83', 'TempHb65'}
| | | | +-- , 333 , {489, 335} , {'TempHb66', 'TempG66', 'TempHb83', 'C65', 'TempHa83'}
| | | | | +-- , 489 , set() , {'C65', 'TempG66', 'S66'}
| | | | | +-- , 335 , {337, 465} , {'TempHb66', 'TempG66', 'TempHb80', 'TempHb83', 'TempHa83', 'TempHa80'}
| | | | | | +-- , 337 , {339, 439} , {'TempHb66', 'TempG66', 'TempHb69', 'TempHb80', 'TempG69', 'TempHa80'}
| | | | | | | +-- , 339 , {341, 421} , {'TempHa78', 'TempHb80', 'TempHb78', 'TempG69', 'TempHb69', 'TempHa80'}
| | | | | | | | +-- , 341 , {343, 383} , {'TempHa78', 'C73', 'TempG69', 'TempHb69', 'TempHb78'}
| | | | | | | | | +-- , 343 , {345} , {'TempHa78', 'TempG74', 'TempHb78', 'C73', 'S74'}
| | | | | | | | | | +-- , 345 , {347} , {'TempHa78', 'TempG74', 'TempHb74', 'TempHb78', 'C73'}
| | | | | | | | | | | +-- , 347 , {353, 349} , {'TempHa78', 'C77', 'TempHb74', 'TempG74', 'TempHb78'}
| | | | | | | | | | | | +-- , 353 , {355} , {'TempHb77', 'TempG74', 'TempHb74', 'C77', 'TempHa77'}
| | | | | | | | | | | | | +-- , 355 , {357, 381} , {'TempHb77', 'TempG74', 'C74', 'TempHa77', 'TempHb74'}
| | | | | | | | | | | | | | +-- , 357 , {359} , {'S75', 'TempHb77', 'C74', 'TempHa77', 'TempG75'}
| | | | | | | | | | | | | | | +-- , 359 , {361} , {'TempHb77', 'C74', 'TempHb75', 'TempHa77', 'TempG75'}
| | | | | | | | | | | | | | | | +-- , 361 , {363} , {'TempHb77', 'TempHb75', 'I154', 'I153', 'TempHa77', 'TempG75'}
| | | | | | | | | | | | | | | | | +-- , 363 , {379, 365} , {'TempHb77', 'TempHb75', 'I154', 'I153', 'TempG75', 'C76', 'TempG77'}
| | | | | | | | | | | | | | | | | | +-- , 379 , set() , {'C76', 'S77', 'TempG77'}
| | | | | | | | | | | | | | | | | | +-- , 365 , {367} , {'TempHb76', 'TempHb75', 'TempHa76', 'TempG75', 'C76'}
| | | | | | | | | | | | | | | | | | | +-- , 367 , {369, 371} , {'TempHb76', 'TempHb75', 'TempHa76', 'TempG75', 'TempHa75'}
| | | | | | | | | | | | | | | | | | | | +-- , 369 , set() , {'I150', 'TempHa75', 'I149', 'TempG75'}
| | | | | | | | | | | | | | | | | | | | +-- , 371 , {373} , {'TempHa75', 'TempHb76', 'TempHb75', 'TempHa76', 'C75'}
| | | | | | | | | | | | | | | | | | | | | +-- , 373 , {377, 375} , {'TempG76', 'TempHb76', 'TempHa76', 'C75'}
| | | | | | | | | | | | | | | | | | | | | | +-- , 377 , set() , {'S76', 'TempG76', 'C75'}
| | | | | | | | | | | | | | | | | | | | | | +-- , 375 , set() , {'TempG76', 'I152', 'I151', 'TempHa76'}
| | | | | | | | | | | | | | +-- , 381 , set() , {'I147', 'TempG74', 'C74', 'TempHb74', 'TempHa74', 'I148'}
| | | | | | | | | | | | +-- , 349 , {351} , {'TempHa78', 'C77', 'TempG78', 'TempHb78', 'S78'}
| | | | | | | | | | | | | +-- , 351 , set() , {'TempHa78', 'I156', 'I155', 'TempG78'}
| | | | | | | | | +-- , 383 , {385} , {'TempHb69', 'TempHb73', 'TempHa73', 'C73', 'TempG69'}
| | | | | | | | | | +-- , 385 , {419, 387} , {'TempHb73', 'TempHa73', 'TempG69', 'C69', 'TempHb69'}
| | | | | | | | | | | +-- , 419 , set() , {'TempHb69', 'C69', 'I138', 'TempHa69', 'I137', 'TempG69'}
| | | | | | | | | | | +-- , 387 , {389} , {'C69', 'TempG70', 'TempHb73', 'TempHa73', 'S70'}
| | | | | | | | | | | | +-- , 389 , {391} , {'C69', 'TempG70', 'TempHb73', 'TempHb70', 'TempHa73'}
| | | | | | | | | | | | | +-- , 391 , {393, 417} , {'TempHb73', 'TempHb70', 'TempHa73', 'C70', 'TempG70'}
| | | | | | | | | | | | | | +-- , 393 , {395} , {'TempHb73', 'TempHa73', 'C70', 'TempG71', 'S71'}
| | | | | | | | | | | | | | | +-- , 395 , {397} , {'TempHb73', 'TempHa73', 'TempHb71', 'C70', 'TempG71'}
| | | | | | | | | | | | | | | | +-- , 397 , {401, 399} , {'TempHb73', 'TempHa73', 'TempG71', 'TempG73', 'TempHb71'}
| | | | | | | | | | | | | | | | | +-- , 401 , {403, 415} , {'C72', 'TempHb73', 'TempG71', 'TempG73', 'TempHb71'}
| | | | | | | | | | | | | | | | | | +-- , 403 , {405} , {'TempHa72', 'C72', 'TempHb71', 'TempG71', 'TempHb72'}
| | | | | | | | | | | | | | | | | | | +-- , 405 , {413, 407} , {'TempHa72', 'TempG71', 'TempHb71', 'TempHa71', 'TempHb72'}
| | | | | | | | | | | | | | | | | | | | +-- , 413 , set() , {'TempHa71', 'I141', 'I142', 'TempG71'}
| | | | | | | | | | | | | | | | | | | | +-- , 407 , {409} , {'TempHb71', 'C71', 'TempHa72', 'TempHa71', 'TempHb72'}
| | | | | | | | | | | | | | | | | | | | | +-- , 409 , {411} , {'I144', 'I143', 'TempG72', 'TempHa72', 'C71', 'TempHb72'}
| | | | | | | | | | | | | | | | | | | | | | +-- , 411 , set() , {'S72', 'C71', 'TempG72'}
| | | | | | | | | | | | | | | | | | +-- , 415 , set() , {'C72', 'S73', 'TempG73'}
| | | | | | | | | | | | | | | | | +-- , 399 , set() , {'I146', 'TempG73', 'I145', 'TempHa73'}
| | | | | | | | | | | | | | +-- , 417 , set() , {'TempHa70', 'TempG70', 'TempHb70', 'I139', 'C70', 'I140'}
| | | | | | | | +-- , 421 , {423} , {'C78', 'TempHa78', 'TempHb80', 'TempHb78', 'TempHa80'}
| | | | | | | | | +-- , 423 , {425} , {'C78', 'TempHb80', 'S79', 'TempG79', 'TempHa80'}
| | | | | | | | | | +-- , 425 , {427} , {'C78', 'TempHb80', 'TempHb79', 'TempG79', 'TempHa80'}
| | | | | | | | | | | +-- , 427 , {429, 431} , {'TempG80', 'TempHb80', 'TempHb79', 'TempG79', 'TempHa80'}
| | | | | | | | | | | | +-- , 429 , set() , {'TempG80', 'I159', 'I160', 'TempHa80'}
| | | | | | | | | | | | +-- , 431 , {433, 435} , {'TempG80', 'C79', 'TempG79', 'TempHb80', 'TempHb79'}
| | | | | | | | | | | | | +-- , 433 , set() , {'TempG80', 'S80', 'C79'}
| | | | | | | | | | | | | +-- , 435 , {437} , {'C79', 'TempG79', 'TempHa79', 'TempHb79'}
| | | | | | | | | | | | | | +-- , 437 , set() , {'TempG79', 'TempHa79', 'I157', 'I158'}
| | | | | | | +-- , 439 , {441, 463} , {'TempHb66', 'TempG66', 'TempG69', 'C68', 'TempHb69'}
| | | | | | | | +-- , 441 , {443} , {'TempHb66', 'TempG66', 'TempHa68', 'C68', 'TempHb68'}
| | | | | | | | | +-- , 443 , {445} , {'TempHb66', 'I135', 'TempG66', 'TempHa68', 'I136', 'TempHb68'}
| | | | | | | | | | +-- , 445 , {447} , {'TempHb66', 'I135', 'TempG66', 'TempG68', 'I136', 'TempHb68'}
| | | | | | | | | | | +-- , 447 , {449, 461} , {'TempHb66', 'TempG68', 'TempG66', 'C67', 'TempHb68'}
| | | | | | | | | | | | +-- , 449 , {451} , {'TempHb66', 'TempG66', 'C67', 'TempHa67', 'TempHb67'}
| | | | | | | | | | | | | +-- , 451 , {457, 453} , {'TempHb67', 'TempHb66', 'TempG66', 'TempHa67', 'C66'}
| | | | | | | | | | | | | | +-- , 457 , {459} , {'TempHb66', 'TempG66', 'TempHa66', 'C66'}
| | | | | | | | | | | | | | | +-- , 459 , set() , {'I132', 'TempHa66', 'TempG66', 'I131'}
| | | | | | | | | | | | | | +-- , 453 , {455} , {'I134', 'TempHb67', 'TempG67', 'TempHa67', 'C66', 'I133'}
| | | | | | | | | | | | | | | +-- , 455 , set() , {'S67', 'TempG67', 'C66'}
| | | | | | | | | | | | +-- , 461 , set() , {'C67', 'TempG68', 'S68'}
| | | | | | | | +-- , 463 , set() , {'C68', 'S69', 'TempG69'}
| | | | | | +-- , 465 , {467} , {'C80', 'TempHa83', 'TempHb80', 'TempHb83', 'TempHa80'}
| | | | | | | +-- , 467 , {469, 487} , {'C80', 'TempHb81', 'TempG81', 'TempHa83', 'TempHb83'}
| | | | | | | | +-- , 469 , {485, 471} , {'C81', 'TempHb81', 'TempG81', 'TempHa83', 'TempHb83'}
| | | | | | | | | +-- , 485 , set() , {'I161', 'C81', 'TempHb81', 'TempG81', 'I162', 'TempHa81'}
| | | | | | | | | +-- , 471 , {473, 483} , {'C81', 'TempHa83', 'TempG82', 'TempHb83', 'TempHb82'}
| | | | | | | | | | +-- , 473 , {475, 479} , {'C82', 'TempG82', 'TempHb83', 'TempHa83', 'TempHb82'}
| | | | | | | | | | | +-- , 475 , {477} , {'TempG83', 'TempHa83', 'C82', 'TempHb83', 'S83'}
| | | | | | | | | | | | +-- , 477 , set() , {'TempHa83', 'TempG83', 'I165', 'I166'}
| | | | | | | | | | | +-- , 479 , {481} , {'C82', 'TempHa82', 'TempG82', 'TempHb82'}
| | | | | | | | | | | | +-- , 481 , set() , {'I164', 'TempHa82', 'I163', 'TempG82'}
| | | | | | | | | | +-- , 483 , set() , {'S82', 'C81', 'TempG82'}
| | | | | | | | +-- , 487 , set() , {'C80', 'TempG81', 'S81'}
| | | +-- , 7 , {9, 289} , {'TempG29', 'TempHa65', 'TempHb29', 'C33', 'TempHb65'}
| | | | +-- , 9 , {11} , {'S34', 'TempG34', 'TempHa65', 'C33', 'TempHb65'}
| | | | | +-- , 11 , {13} , {'TempG34', 'TempHb34', 'TempHa65', 'C33', 'TempHb65'}
| | | | | | +-- , 13 , {253, 15} , {'TempG34', 'TempHb34', 'TempHa65', 'TempG38', 'TempHb38', 'TempHb65'}
| | | | | | | +-- , 253 , {255, 287} , {'C37', 'TempG38', 'TempHb38', 'TempG34', 'TempHb34'}
| | | | | | | | +-- , 255 , {257} , {'TempG34', 'TempHa37', 'TempHb37', 'TempHb34', 'C37'}
| | | | | | | | | +-- , 257 , {259, 275} , {'C35', 'TempHb37', 'TempG34', 'TempHa37', 'TempHb34'}
| | | | | | | | | | +-- , 259 , {261, 263} , {'C35', 'TempHa37', 'TempHb37', 'TempHb36', 'TempG36'}
| | | | | | | | | | | +-- , 261 , set() , {'C35', 'S36', 'TempG36'}
| | | | | | | | | | | +-- , 263 , {265, 273} , {'TempG36', 'TempHa36', 'TempHb36', 'TempHa37', 'TempHb37'}
| | | | | | | | | | | | +-- , 265 , {267} , {'C36', 'TempHa36', 'TempHb36', 'TempHa37', 'TempHb37'}
| | | | | | | | | | | | | +-- , 267 , {269, 271} , {'C36', 'TempG37', 'TempHa37', 'TempHb37'}
| | | | | | | | | | | | | | +-- , 269 , set() , {'TempG37', 'C36', 'S37'}
| | | | | | | | | | | | | | +-- , 271 , set() , {'I74', 'TempHa37', 'I73', 'TempG37'}
| | | | | | | | | | | | +-- , 273 , set() , {'I72', 'TempHa36', 'TempG36', 'I71'}
| | | | | | | | | | +-- , 275 , {277} , {'C35', 'TempG34', 'TempHb34', 'TempHa35', 'TempHb35'}
| | | | | | | | | | | +-- , 277 , {281, 279} , {'C34', 'TempHa35', 'TempG34', 'TempHb35', 'TempHb34'}
| | | | | | | | | | | | +-- , 281 , {283, 285} , {'C34', 'TempHa35', 'TempG35', 'TempHb35'}
| | | | | | | | | | | | | +-- , 283 , set() , {'C34', 'TempG35', 'S35'}
| | | | | | | | | | | | | +-- , 285 , set() , {'TempG35', 'I69', 'TempHa35', 'I70'}
| | | | | | | | | | | | +-- , 279 , set() , {'I68', 'I67', 'TempG34', 'TempHb34', 'C34', 'TempHa34'}
| | | | | | | | +-- , 287 , set() , {'TempG38', 'C37', 'S38'}
| | | | | | | +-- , 15 , {17, 223} , {'TempHa65', 'C61', 'TempG38', 'TempHb38', 'TempHb65'}
| | | | | | | | +-- , 17 , {19} , {'TempHa61', 'C61', 'TempG38', 'TempHb38', 'TempHb61'}
| | | | | | | | | +-- , 19 , {57, 21} , {'TempHa42', 'TempHb42', 'TempHa61', 'TempG38', 'TempHb38', 'TempHb61'}
| | | | | | | | | | +-- , 57 , {59} , {'TempHa61', 'TempHa42', 'TempHb42', 'C42', 'TempHb61'}
| | | | | | | | | | | +-- , 59 , {61} , {'C42', 'TempHa61', 'TempG43', 'S43', 'TempHb61'}
| | | | | | | | | | | | +-- , 61 , {63} , {'TempHb43', 'C42', 'TempHa61', 'TempG43', 'TempHb61'}
| | | | | | | | | | | | | +-- , 63 , {65, 159} , {'TempHa61', 'TempG43', 'TempHb43', 'C50', 'TempHb61'}
| | | | | | | | | | | | | | +-- , 65 , {67} , {'TempHa61', 'C50', 'TempHb61', 'S51', 'TempG51'}
| | | | | | | | | | | | | | | +-- , 67 , {69} , {'TempHb51', 'TempHa61', 'C50', 'TempHb61', 'TempG51'}
| | | | | | | | | | | | | | | | +-- , 69 , {71, 143} , {'TempHb61', 'TempHb51', 'TempHa59', 'TempHa61', 'TempHb59', 'TempG51'}
| | | | | | | | | | | | | | | | | +-- , 71 , {73, 93} , {'TempHb51', 'TempHb57', 'TempG57', 'TempHa59', 'TempHb59', 'TempG51'}
| | | | | | | | | | | | | | | | | | +-- , 73 , {75, 79} , {'TempHa59', 'TempHb57', 'TempG57', 'C57', 'TempHb59'}
| | | | | | | | | | | | | | | | | | | +-- , 75 , {77} , {'TempHa57', 'TempHb57', 'TempG57', 'C57'}
| | | | | | | | | | | | | | | | | | | | +-- , 77 , set() , {'TempG57', 'I114', 'TempHa57', 'I113'}
| | | | | | | | | | | | | | | | | | | +-- , 79 , {81} , {'S58', 'TempG58', 'C57', 'TempHa59', 'TempHb59'}
| | | | | | | | | | | | | | | | | | | | +-- , 81 , {83} , {'TempG58', 'C57', 'TempHa59', 'TempHb58', 'TempHb59'}
| | | | | | | | | | | | | | | | | | | | | +-- , 83 , {85, 87} , {'TempG58', 'TempHb58', 'TempHa59', 'TempHa58', 'TempHb59'}
| | | | | | | | | | | | | | | | | | | | | | +-- , 85 , set() , {'TempHa58', 'I115', 'I116', 'TempG58'}
| | | | | | | | | | | | | | | | | | | | | | +-- , 87 , {89} , {'TempHa59', 'TempHb58', 'C58', 'TempHa58', 'TempHb59'}
| | | | | | | | | | | | | | | | | | | | | | | +-- , 89 , {91} , {'TempHa59', 'I117', 'TempG59', 'I118', 'C58', 'TempHb59'}
| | | | | | | | | | | | | | | | | | | | | | | | +-- , 91 , set() , {'C58', 'TempG59', 'S59'}
| | | | | | | | | | | | | | | | | | +-- , 93 , {97, 95} , {'C56', 'TempHb51', 'TempHb57', 'TempG57', 'TempG51'}
| | | | | | | | | | | | | | | | | | | +-- , 97 , {99} , {'C56', 'TempHb56', 'TempHb51', 'TempHa56', 'TempG51'}
| | | | | | | | | | | | | | | | | | | | +-- , 99 , {101, 135} , {'TempHb55', 'TempHb56', 'TempHb51', 'TempHa56', 'TempHa55', 'TempG51'}
| | | | | | | | | | | | | | | | | | | | | +-- , 101 , {123, 103} , {'TempHb55', 'TempHa55', 'C52', 'TempHb51', 'TempG51'}
| | | | | | | | | | | | | | | | | | | | | | +-- , 123 , {125} , {'TempHb52', 'TempHb51', 'TempHa52', 'TempG51', 'C52'}
| | | | | | | | | | | | | | | | | | | | | | | +-- , 125 , {129, 127} , {'TempHa51', 'TempHb52', 'TempHb51', 'TempHa52', 'TempG51'}
| | | | | | | | | | | | | | | | | | | | | | | | +-- , 129 , {131} , {'TempHa51', 'TempHb52', 'TempHb51', 'TempHa52', 'C51'}
| | | | | | | | | | | | | | | | | | | | | | | | | +-- , 131 , {133} , {'TempHb52', 'I104', 'TempHa52', 'C51', 'I103', 'TempG52'}
| | | | | | | | | | | | | | | | | | | | | | | | | | +-- , 133 , set() , {'S52', 'C51', 'TempG52'}
| | | | | | | | | | | | | | | | | | | | | | | | +-- , 127 , set() , {'TempHa51', 'I101', 'I102', 'TempG51'}
| | | | | | | | | | | | | | | | | | | | | | +-- , 103 , {105, 121} , {'TempHb55', 'TempHb53', 'TempHa55', 'TempG53', 'C52'}
| | | | | | | | | | | | | | | | | | | | | | | +-- , 105 , {107, 117} , {'TempHb55', 'C54', 'TempHb53', 'TempHa55', 'TempG53', 'TempHa54'}
| | | | | | | | | | | | | | | | | | | | | | | | +-- , 107 , {109} , {'C54', 'TempHb53', 'TempG53', 'TempHb54', 'TempHa54'}
| | | | | | | | | | | | | | | | | | | | | | | | | +-- , 109 , {115, 111} , {'TempHb53', 'TempG53', 'C53', 'TempHb54', 'TempHa54'}
| | | | | | | | | | | | | | | | | | | | | | | | | | +-- , 115 , set() , {'TempHa53', 'C53', 'I105', 'TempHb53', 'TempG53', 'I106'}
| | | | | | | | | | | | | | | | | | | | | | | | | | +-- , 111 , {113} , {'I108', 'I107', 'C53', 'TempHb54', 'TempHa54', 'TempG54'}
| | | | | | | | | | | | | | | | | | | | | | | | | | | +-- , 113 , set() , {'S54', 'C53', 'TempG54'}
| | | | | | | | | | | | | | | | | | | | | | | | +-- , 117 , {119} , {'TempHb55', 'I109', 'C54', 'TempG55', 'I110', 'TempHa55'}
| | | | | | | | | | | | | | | | | | | | | | | | | +-- , 119 , set() , {'S55', 'C54', 'TempG55'}
| | | | | | | | | | | | | | | | | | | | | | | +-- , 121 , set() , {'TempG53', 'S53', 'C52'}
| | | | | | | | | | | | | | | | | | | | | +-- , 135 , {137} , {'TempHb55', 'TempHa55', 'TempHb56', 'C55', 'TempHa56'}
| | | | | | | | | | | | | | | | | | | | | | +-- , 137 , {139, 141} , {'TempG56', 'TempHb56', 'C55', 'TempHa56'}
| | | | | | | | | | | | | | | | | | | | | | | +-- , 139 , set() , {'TempG56', 'S56', 'C55'}
| | | | | | | | | | | | | | | | | | | | | | | +-- , 141 , set() , {'I112', 'I111', 'TempG56', 'TempHa56'}
| | | | | | | | | | | | | | | | | | | +-- , 95 , set() , {'C56', 'TempG57', 'S57'}
| | | | | | | | | | | | | | | | | +-- , 143 , {145} , {'TempHa59', 'TempHa61', 'TempHb61', 'TempHb59', 'C59'}
| | | | | | | | | | | | | | | | | | +-- , 145 , {147, 157} , {'TempHa61', 'TempHb60', 'TempG60', 'TempHb61', 'C59'}
| | | | | | | | | | | | | | | | | | | +-- , 147 , {149, 151, 155} , {'TempHb60', 'TempG61', 'C60', 'TempHa61', 'TempG60', 'TempHb61'}
| | | | | | | | | | | | | | | | | | | | +-- , 149 , set() , {'TempG61', 'S61', 'C60'}
| | | | | | | | | | | | | | | | | | | | +-- , 151 , {153} , {'TempHb60', 'TempG60', 'C60', 'TempHa60'}
| | | | | | | | | | | | | | | | | | | | | +-- , 153 , set() , {'TempG60', 'I120', 'I119', 'TempHa60'}
| | | | | | | | | | | | | | | | | | | | +-- , 155 , set() , {'TempHa61', 'TempG61', 'I121', 'I122'}
| | | | | | | | | | | | | | | | | | | +-- , 157 , set() , {'TempG60', 'S60', 'C59'}
| | | | | | | | | | | | | | +-- , 159 , {161} , {'TempHb50', 'TempHb43', 'TempHa50', 'TempG43', 'C50'}
| | | | | | | | | | | | | | | +-- , 161 , {203, 163} , {'TempHb50', 'C45', 'TempHa50', 'TempG43', 'TempHb43'}
| | | | | | | | | | | | | | | | +-- , 203 , {205} , {'TempHb45', 'C45', 'TempHb43', 'TempG43', 'TempHa45'}
| | | | | | | | | | | | | | | | | +-- , 205 , {217, 207} , {'TempHb45', 'TempG44', 'TempHb43', 'TempHb44', 'TempG43', 'TempHa45'}
| | | | | | | | | | | | | | | | | | +-- , 217 , {219, 221} , {'C43', 'TempG44', 'TempHb44', 'TempHb43', 'TempG43'}
| | | | | | | | | | | | | | | | | | | +-- , 219 , set() , {'C43', 'TempG44', 'S44'}
| | | | | | | | | | | | | | | | | | | +-- , 221 , set() , {'C43', 'I85', 'TempHb43', 'TempHa43', 'TempG43', 'I86'}
| | | | | | | | | | | | | | | | | | +-- , 207 , {209, 213} , {'TempHb45', 'TempG44', 'C44', 'TempHb44', 'TempHa45'}
| | | | | | | | | | | | | | | | | | | +-- , 209 , {211} , {'TempG44', 'C44', 'TempHb44', 'TempHa44'}
| | | | | | | | | | | | | | | | | | | | +-- , 211 , set() , {'I87', 'TempG44', 'I88', 'TempHa44'}
| | | | | | | | | | | | | | | | | | | +-- , 213 , {215} , {'TempHb45', 'I90', 'C44', 'TempG45', 'TempHa45', 'I89'}
| | | | | | | | | | | | | | | | | | | | +-- , 215 , set() , {'S45', 'C44', 'TempG45'}
| | | | | | | | | | | | | | | | +-- , 163 , {201, 165} , {'TempHb50', 'C45', 'TempHb46', 'TempHa50', 'TempG46'}
| | | | | | | | | | | | | | | | | +-- , 201 , set() , {'C45', 'S46', 'TempG46'}
| | | | | | | | | | | | | | | | | +-- , 165 , {167, 199} , {'TempHb50', 'TempHa50', 'TempHb46', 'C46', 'TempG46'}
| | | | | | | | | | | | | | | | | | +-- , 167 , {169, 197} , {'TempHb50', 'TempHa50', 'TempHb47', 'C46', 'TempG47'}
| | | | | | | | | | | | | | | | | | | +-- , 169 , {177, 171, 173} , {'TempHb50', 'C47', 'TempHb47', 'TempG47', 'TempHa50', 'TempG48'}
| | | | | | | | | | | | | | | | | | | | +-- , 177 , {179} , {'TempHb50', 'C47', 'TempHb48', 'TempHa50', 'TempG48'}
| | | | | | | | | | | | | | | | | | | | | +-- , 179 , {181, 191} , {'TempHb50', 'TempHb48', 'TempG49', 'TempHb49', 'TempHa50', 'TempG48'}
| | | | | | | | | | | | | | | | | | | | | | +-- , 181 , {183} , {'TempHb50', 'TempG49', 'TempHb49', 'I97', 'I98', 'TempHa50'}
| | | | | | | | | | | | | | | | | | | | | | | +-- , 183 , {185} , {'TempHb50', 'C49', 'TempHb49', 'TempHa49', 'I98', 'I97', 'TempHa50'}
| | | | | | | | | | | | | | | | | | | | | | | | +-- , 185 , {187, 189} , {'TempHb50', 'TempHa50', 'C49', 'TempG50'}
| | | | | | | | | | | | | | | | | | | | | | | | | +-- , 187 , set() , {'TempG50', 'I99', 'I100', 'TempHa50'}
| | | | | | | | | | | | | | | | | | | | | | | | | +-- , 189 , set() , {'TempG50', 'S50', 'C49'}
| | | | | | | | | | | | | | | | | | | | | | +-- , 191 , {193, 195} , {'TempG49', 'TempHb49', 'TempHb48', 'TempG48', 'C48'}
| | | | | | | | | | | | | | | | | | | | | | | +-- , 193 , set() , {'TempHa48', 'TempHb48', 'I96', 'I95', 'TempG48', 'C48'}
| | | | | | | | | | | | | | | | | | | | | | | +-- , 195 , set() , {'TempG49', 'C48', 'S49'}
| | | | | | | | | | | | | | | | | | | | +-- , 171 , set() , {'TempG48', 'C47', 'S48'}
| | | | | | | | | | | | | | | | | | | | +-- , 173 , {175} , {'TempHa47', 'C47', 'TempG47', 'TempHb47'}
| | | | | | | | | | | | | | | | | | | | | +-- , 175 , set() , {'I93', 'TempHa47', 'TempG47', 'I94'}
| | | | | | | | | | | | | | | | | | | +-- , 197 , set() , {'C46', 'TempG47', 'S47'}
| | | | | | | | | | | | | | | | | | +-- , 199 , set() , {'TempHa46', 'I91', 'TempHb46', 'C46', 'I92', 'TempG46'}
| | | | | | | | | | +-- , 21 , {23, 55} , {'TempHb38', 'TempHa42', 'C38', 'TempG38', 'TempHb42'}
| | | | | | | | | | | +-- , 23 , {25} , {'TempG39', 'TempHa42', 'C38', 'TempHb42', 'S39'}
| | | | | | | | | | | | +-- , 25 , {27} , {'TempG39', 'TempHa42', 'TempHb39', 'C38', 'TempHb42'}
| | | | | | | | | | | | | +-- , 27 , {49, 29} , {'TempG39', 'C41', 'TempHa42', 'TempHb39', 'TempHb42'}
| | | | | | | | | | | | | | +-- , 49 , {51, 53} , {'C41', 'TempHa42', 'TempG42', 'TempHb42'}
| | | | | | | | | | | | | | | +-- , 51 , set() , {'TempG42', 'S42', 'C41'}
| | | | | | | | | | | | | | | +-- , 53 , set() , {'TempG42', 'I83', 'I84', 'TempHa42'}
| | | | | | | | | | | | | | +-- , 29 , {31} , {'TempG39', 'TempHb39', 'TempHa41', 'C41', 'TempHb41'}
| | | | | | | | | | | | | | | +-- , 31 , {33, 35} , {'TempG39', 'TempHb41', 'TempHb39', 'C39', 'TempHa41'}
| | | | | | | | | | | | | | | | +-- , 33 , set() , {'TempHa39', 'TempG39', 'TempHb39', 'C39', 'I77', 'I78'}
| | | | | | | | | | | | | | | | +-- , 35 , {37} , {'C39', 'TempHa41', 'S40', 'TempG40', 'TempHb41'}
| | | | | | | | | | | | | | | | | +-- , 37 , {39} , {'C39', 'TempHb40', 'TempHa41', 'TempG40', 'TempHb41'}
| | | | | | | | | | | | | | | | | | +-- , 39 , {41, 47} , {'TempG40', 'TempHb41', 'TempHa40', 'TempHb40', 'TempHa41'}
| | | | | | | | | | | | | | | | | | | +-- , 41 , {43} , {'C40', 'TempHb41', 'TempHa40', 'TempHb40', 'TempHa41'}
| | | | | | | | | | | | | | | | | | | | +-- , 43 , {45} , {'TempG41', 'C40', 'TempHb41', 'TempHa41', 'S41'}
| | | | | | | | | | | | | | | | | | | | | +-- , 45 , set() , {'I82', 'I81', 'TempHa41', 'TempG41'}
| | | | | | | | | | | | | | | | | | | +-- , 47 , set() , {'TempHa40', 'I79', 'TempG40', 'I80'}
| | | | | | | | | | | +-- , 55 , set() , {'C38', 'TempHa38', 'I75', 'I76', 'TempG38', 'TempHb38'}
| | | | | | | | +-- , 223 , {225} , {'TempG62', 'TempHa65', 'C61', 'S62', 'TempHb65'}
| | | | | | | | | +-- , 225 , {227} , {'TempG62', 'TempHa65', 'C61', 'TempHb62', 'TempHb65'}
| | | | | | | | | | +-- , 227 , {249, 229} , {'TempG62', 'TempHa65', 'TempHb62', 'C62', 'TempHb65'}
| | | | | | | | | | | +-- , 249 , {251} , {'TempG62', 'TempHa62', 'TempHb62', 'C62'}
| | | | | | | | | | | | +-- , 251 , set() , {'I124', 'TempG62', 'I123', 'TempHa62'}
| | | | | | | | | | | +-- , 229 , {247, 231} , {'TempHb63', 'TempHa65', 'C62', 'TempHb65', 'TempG63'}
| | | | | | | | | | | | +-- , 247 , set() , {'S63', 'C62', 'TempG63'}
| | | | | | | | | | | | +-- , 231 , {233, 245} , {'TempHb63', 'TempHa65', 'C63', 'TempHb65', 'TempG63'}
| | | | | | | | | | | | | +-- , 233 , {243, 235} , {'TempHa65', 'TempHb64', 'C63', 'TempG64', 'TempHb65'}
| | | | | | | | | | | | | | +-- , 243 , set() , {'S64', 'C63', 'TempG64'}
| | | | | | | | | | | | | | +-- , 235 , {237, 239} , {'TempHa65', 'TempHb64', 'TempG64', 'TempHb65', 'C64'}
| | | | | | | | | | | | | | | +-- , 237 , set() , {'TempHb64', 'I127', 'TempG64', 'C64', 'I128', 'TempHa64'}
| | | | | | | | | | | | | | | +-- , 239 , {241} , {'I129', 'TempHa65', 'I130', 'TempG65', 'TempHb65', 'C64'}
| | | | | | | | | | | | | | | | +-- , 241 , set() , {'S65', 'TempG65', 'C64'}
| | | | | | | | | | | | | +-- , 245 , set() , {'TempHb63', 'TempHa63', 'I125', 'C63', 'I126', 'TempG63'}
| | | | +-- , 289 , {291} , {'TempG29', 'TempHb29', 'TempHa33', 'TempHb33', 'C33'}
| | | | | +-- , 291 , {323, 293} , {'TempG29', 'TempHb29', 'TempHa33', 'TempHb33', 'TempHa32', 'TempHb32'}
| | | | | | +-- , 323 , {325} , {'TempHa33', 'TempHb33', 'C32', 'TempHa32', 'TempHb32'}
| | | | | | | +-- , 325 , {329, 327} , {'TempHa33', 'TempHb33', 'C32', 'TempG33'}
| | | | | | | | +-- , 329 , set() , {'TempHa33', 'I66', 'I65', 'TempG33'}
| | | | | | | | +-- , 327 , set() , {'S33', 'C32', 'TempG33'}
| | | | | | +-- , 293 , {295, 319} , {'TempG29', 'TempHb29', 'TempHa32', 'C31', 'TempHb32'}
| | | | | | | +-- , 295 , {297} , {'TempG29', 'TempHb31', 'TempHb29', 'TempHa31', 'C31'}
| | | | | | | | +-- , 297 , {315, 299} , {'C29', 'TempG29', 'TempHb31', 'TempHb29', 'TempHa31'}
| | | | | | | | | +-- , 315 , {317} , {'TempHa29', 'C29', 'TempG29', 'TempHb29'}
| | | | | | | | | | +-- , 317 , set() , {'TempHa29', 'I58', 'TempG29', 'I57'}
| | | | | | | | | +-- , 299 , {301} , {'TempHb31', 'TempG30', 'C29', 'S30', 'TempHa31'}
| | | | | | | | | | +-- , 301 , {303} , {'TempHb31', 'TempG30', 'TempHb30', 'C29', 'TempHa31'}
| | | | | | | | | | | +-- , 303 , {305, 313} , {'TempHb31', 'TempG30', 'TempHa31', 'TempHb30', 'TempHa30'}
| | | | | | | | | | | | +-- , 305 , {307} , {'C30', 'TempHb31', 'TempHa31', 'TempHb30', 'TempHa30'}
| | | | | | | | | | | | | +-- , 307 , {309, 311} , {'TempG31', 'C30', 'TempHb31', 'TempHa31'}
| | | | | | | | | | | | | | +-- , 309 , set() , {'TempG31', 'TempHa31', 'I62', 'I61'}
| | | | | | | | | | | | | | +-- , 311 , set() , {'TempG31', 'C30', 'S31'}
| | | | | | | | | | | | +-- , 313 , set() , {'I59', 'TempHa30', 'TempG30', 'I60'}
| | | | | | | +-- , 319 , {321} , {'S32', 'TempHa32', 'TempG32', 'C31', 'TempHb32'}
| | | | | | | | +-- , 321 , set() , {'I63', 'TempHa32', 'TempG32', 'I64'}
| +-- , 741 , {743} , {'S84', 'TempG84', 'C83'}
| | +-- , 743 , {745} , {'TempG84', 'TempHb84', 'C83'}
| | | +-- , 745 , {747, 890} , {'TempG84', 'TempHa84', 'TempHb84'}
| | | | +-- , 747 , {749} , {'C84', 'TempHb84', 'TempHa84'}
| | | | | +-- , 749 , {888, 751} , {'C84', 'TempHb85', 'TempG85'}
| | | | | | +-- , 888 , set() , {'C84', 'S85', 'TempG85'}
| | | | | | +-- , 751 , {753} , {'C85', 'I169', 'TempHb85', 'TempG85', 'TempHa85', 'I170'}
| | | | | | | +-- , 753 , {884, 755} , {'C85', 'TempHb86', 'TempG86'}
| | | | | | | | +-- , 884 , set() , {'C85', 'TempG86', 'S86'}
| | | | | | | | +-- , 755 , {882, 757} , {'TempHb86', 'TempHa86', 'TempG86'}
| | | | | | | | | +-- , 882 , set() , {'I172', 'TempG86', 'I171', 'TempHa86'}
| | | | | | | | | +-- , 757 , {759} , {'C86', 'TempHb86', 'TempHa86'}
| | | | | | | | | | +-- , 759 , {761} , {'C86', 'TempG87', 'S87'}
| | | | | | | | | | | +-- , 761 , {763} , {'C86', 'TempG87', 'TempHb87'}
| | | | | | | | | | | | +-- , 763 , {880, 765} , {'TempG87', 'C87', 'TempHb87', 'TempHa87'}
| | | | | | | | | | | | | +-- , 880 , set() , {'TempG87', 'I173', 'TempHa87', 'I174'}
| | | | | | | | | | | | | +-- , 765 , {876, 767} , {'TempHb88', 'C87', 'TempG88'}
| | | | | | | | | | | | | | +-- , 876 , set() , {'TempG88', 'C87', 'S88'}
| | | | | | | | | | | | | | +-- , 767 , {874, 769} , {'TempHa88', 'TempHb88', 'TempG88'}
| | | | | | | | | | | | | | | +-- , 874 , set() , {'TempHa88', 'I176', 'TempG88', 'I175'}
| | | | | | | | | | | | | | | +-- , 769 , {771} , {'TempHa88', 'TempHb88', 'C88'}
| | | | | | | | | | | | | | | | +-- , 771 , {872, 773} , {'TempHb89', 'TempG89', 'C88'}
| | | | | | | | | | | | | | | | | +-- , 872 , set() , {'TempG89', 'S89', 'C88'}
| | | | | | | | | | | | | | | | | +-- , 773 , {870, 775} , {'TempHa89', 'TempHb89', 'TempG89'}
| | | | | | | | | | | | | | | | | | +-- , 870 , set() , {'TempG89', 'TempHa89', 'I178', 'I177'}
| | | | | | | | | | | | | | | | | | +-- , 775 , {777} , {'TempHb89', 'TempHa89', 'C89'}
| | | | | | | | | | | | | | | | | | | +-- , 777 , {779} , {'S90', 'C89', 'TempG90'}
| | | | | | | | | | | | | | | | | | | | +-- , 779 , {781} , {'C89', 'TempHb90', 'TempG90'}
| | | | | | | | | | | | | | | | | | | | | +-- , 781 , {783} , {'I180', 'I179', 'C90', 'TempHb90', 'TempHa90', 'TempG90'}
| | | | | | | | | | | | | | | | | | | | | | +-- , 783 , {866, 785} , {'TempG91', 'C90', 'TempHb91'}
| | | | | | | | | | | | | | | | | | | | | | | +-- , 866 , set() , {'TempG91', 'C90', 'S91'}
| | | | | | | | | | | | | | | | | | | | | | | +-- , 785 , {864, 787} , {'TempG91', 'TempHb91', 'TempHa91'}
| | | | | | | | | | | | | | | | | | | | | | | | +-- , 864 , set() , {'TempG91', 'I182', 'I181', 'TempHa91'}
| | | | | | | | | | | | | | | | | | | | | | | | +-- , 787 , {789} , {'C91', 'TempHb91', 'TempHa91'}
| | | | | | | | | | | | | | | | | | | | | | | | | +-- , 789 , {862, 791} , {'TempHb92', 'C91', 'TempG92'}
| | | | | | | | | | | | | | | | | | | | | | | | | | +-- , 862 , set() , {'S92', 'C91', 'TempG92'}
| | | | | | | | | | | | | | | | | | | | | | | | | | +-- , 791 , {793, 860} , {'TempHb92', 'TempHa92', 'TempG92'}
| | | | | | | | | | | | | | | | | | | | | | | | | | | +-- , 793 , {795} , {'TempHb92', 'TempHa92', 'C92'}
| | | | | | | | | | | | | | | | | | | | | | | | | | | | +-- , 795 , {797} , {'TempG93', 'S93', 'C92'}
| | | | | | | | | | | | | | | | | | | | | | | | | | | | | +-- , 797 , {799} , {'TempHb93', 'TempG93', 'C92'}
| | | | | | | | | | | | | | | | | | | | | | | | | | | | | | +-- , 799 , {858, 801} , {'TempHb93', 'TempG93', 'TempHa93'}
| | | | | | | | | | | | | | | | | | | | | | | | | | | | | | | +-- , 858 , set() , {'I186', 'TempHa93', 'I185', 'TempG93'}
| | | | | | | | | | | | | | | | | | | | | | | | | | | | | | | +-- , 801 , {803} , {'TempHb93', 'C93', 'TempHa93'}
| | | | | | | | | | | | | | | | | | | | | | | | | | | | | | | | +-- , 803 , {805} , {'TempG94', 'C93', 'S94'}
| | | | | | | | | | | | | | | | | | | | | | | | | | | | | | | | | +-- , 805 , {807} , {'TempG94', 'TempHb94', 'C93'}
| | | | | | | | | | | | | | | | | | | | | | | | | | | | | | | | | | +-- , 807 , {809} , {'I188', 'TempHa94', 'I187', 'TempG94', 'TempHb94', 'C94'}
| | | | | | | | | | | | | | | | | | | | | | | | | | | | | | | | | | | +-- , 809 , {811, 854} , {'TempG95', 'C94', 'TempHb95'}
| | | | | | | | | | | | | | | | | | | | | | | | | | | | | | | | | | | | +-- , 811 , {813, 852} , {'TempHa95', 'TempG95', 'TempHb95'}
| | | | | | | | | | | | | | | | | | | | | | | | | | | | | | | | | | | | | +-- , 813 , {815} , {'C95', 'TempHa95', 'TempHb95'}
| | | | | | | | | | | | | | | | | | | | | | | | | | | | | | | | | | | | | | +-- , 815 , {850, 817} , {'C95', 'TempHb96', 'TempG96'}
| | | | | | | | | | | | | | | | | | | | | | | | | | | | | | | | | | | | | | | +-- , 850 , set() , {'C95', 'S96', 'TempG96'}
| | | | | | | | | | | | | | | | | | | | | | | | | | | | | | | | | | | | | | | +-- , 817 , {821, 823} , {'TempHa96', 'TempHb96', 'C96', 'TempG96'}
| | | | | | | | | | | | | | | | | | | | | | | | | | | | | | | | | | | | | | | | +-- , 821 , set() , {'I192', 'TempHa96', 'I191', 'TempG96'}
| | | | | | | | | | | | | | | | | | | | | | | | | | | | | | | | | | | | | | | | +-- , 823 , {848, 825} , {'TempG97', 'TempHb97', 'C96'}
| | | | | | | | | | | | | | | | | | | | | | | | | | | | | | | | | | | | | | | | | +-- , 848 , set() , {'TempG97', 'C96', 'S97'}
| | | | | | | | | | | | | | | | | | | | | | | | | | | | | | | | | | | | | | | | | +-- , 825 , {827, 846} , {'TempHb97', 'TempHa97', 'TempG97'}
| | | | | | | | | | | | | | | | | | | | | | | | | | | | | | | | | | | | | | | | | | +-- , 827 , {829} , {'TempHb97', 'C97', 'TempHa97'}
| | | | | | | | | | | | | | | | | | | | | | | | | | | | | | | | | | | | | | | | | | | +-- , 829 , {844, 831} , {'TempHb98', 'C97', 'TempG98'}
| | | | | | | | | | | | | | | | | | | | | | | | | | | | | | | | | | | | | | | | | | | | +-- , 844 , set() , {'C97', 'TempG98', 'S98'}
| | | | | | | | | | | | | | | | | | | | | | | | | | | | | | | | | | | | | | | | | | | | +-- , 831 , {833} , {'TempHb98', 'TempHa98', 'I195', 'I196', 'C98', 'TempG98'}
| | | | | | | | | | | | | | | | | | | | | | | | | | | | | | | | | | | | | | | | | | | | | +-- , 833 , {835} , {'TempG99', 'C98', 'S99'}
| | | | | | | | | | | | | | | | | | | | | | | | | | | | | | | | | | | | | | | | | | | | | | +-- , 835 , {837} , {'TempG99', 'C98', 'TempHb99'}
| | | | | | | | | | | | | | | | | | | | | | | | | | | | | | | | | | | | | | | | | | | | | | | +-- , 837 , {840} , {'TempHa99', 'TempG99', 'C99', 'TempHb99'}
| | | | | | | | | | | | | | | | | | | | | | | | | | | | | | | | | | | | | | | | | | | | | | | | +-- , 840 , set() , {'I198', 'I197', 'TempG99', 'TempHa99'}
| | | | | | | | | | | | | | | | | | | | | | | | | | | | | | | | | | | | | | | | | | +-- , 846 , set() , {'I193', 'I194', 'TempG97', 'TempHa97'}
| | | | | | | | | | | | | | | | | | | | | | | | | | | | | | | | | | | | | +-- , 852 , set() , {'TempHa95', 'I189', 'TempG95', 'I190'}
| | | | | | | | | | | | | | | | | | | | | | | | | | | | | | | | | | | | +-- , 854 , set() , {'C94', 'TempG95', 'S95'}
| | | | | | | | | | | | | | | | | | | | | | | | | | | +-- , 860 , set() , {'I183', 'I184', 'TempHa92', 'TempG92'}
| | | | +-- , 890 , set() , {'I167', 'TempG84', 'I168', 'TempHa84'}
| +-- , 491 , {493} , {'C28', 'TempHb28', 'TempHa28'}
| | +-- , 493 , {737, 739, 495} , {'TempHb28', 'TempG28', 'C27', 'TempHa28'}
| | | +-- , 737 , set() , {'I55', 'I56', 'TempHa28', 'TempG28'}
| | | +-- , 739 , set() , {'TempG28', 'S28', 'C27'}
| | | +-- , 495 , {497} , {'TempHb27', 'TempHa27', 'C27'}
| | | | +-- , 497 , {499, 733} , {'TempHb27', 'TempG27', 'TempHa27'}
| | | | | +-- , 499 , {731, 501} , {'C26', 'TempG27', 'TempHb27'}
| | | | | | +-- , 731 , set() , {'C26', 'TempG27', 'S27'}
| | | | | | +-- , 501 , {503} , {'TempHa26', 'C26', 'TempHb26'}
| | | | | | | +-- , 503 , {729, 727, 505} , {'TempHa26', 'TempG26', 'TempHb26', 'C25'}
| | | | | | | | +-- , 729 , set() , {'I52', 'I51', 'TempG26', 'TempHa26'}
| | | | | | | | +-- , 727 , set() , {'S26', 'TempG26', 'C25'}
| | | | | | | | +-- , 505 , {507} , {'TempHa25', 'C25', 'TempHb25'}
| | | | | | | | | +-- , 507 , {723, 509} , {'I49', 'TempG25', 'C24', 'TempHa25', 'I50', 'TempHb25'}
| | | | | | | | | | +-- , 723 , set() , {'S25', 'TempG25', 'C24'}
| | | | | | | | | | +-- , 509 , {511} , {'TempHa24', 'TempHb24', 'C24'}
| | | | | | | | | | | +-- , 511 , {513, 717, 719} , {'TempG24', 'TempHa24', 'C23', 'TempHb24'}
| | | | | | | | | | | | +-- , 513 , {515} , {'TempHa23', 'C23', 'TempHb23'}
| | | | | | | | | | | | | +-- , 515 , {713, 517} , {'I45', 'TempHa23', 'TempG23', 'I46', 'TempHb23', 'C22'}
| | | | | | | | | | | | | | +-- , 713 , set() , {'S23', 'C22', 'TempG23'}
| | | | | | | | | | | | | | +-- , 517 , {519} , {'TempHa22', 'TempHb22', 'C22'}
| | | | | | | | | | | | | | | +-- , 519 , {521, 709} , {'TempG22', 'TempHa22', 'I43', 'I44', 'TempHb22', 'C21'}
| | | | | | | | | | | | | | | | +-- , 521 , {523} , {'TempHa21', 'TempHb21', 'C21'}
| | | | | | | | | | | | | | | | | +-- , 523 , {705, 525} , {'TempHa21', 'TempHb21', 'TempG21'}
| | | | | | | | | | | | | | | | | | +-- , 705 , set() , {'I41', 'TempHa21', 'TempG21', 'I42'}
| | | | | | | | | | | | | | | | | | +-- , 525 , {527, 703} , {'C20', 'TempHb21', 'TempG21'}
| | | | | | | | | | | | | | | | | | | +-- , 527 , {529} , {'C20', 'TempHa20', 'TempHb20'}
| | | | | | | | | | | | | | | | | | | | +-- , 529 , {531, 701} , {'S20', 'TempG20', 'TempHa20', 'C19', 'TempHb20'}
| | | | | | | | | | | | | | | | | | | | | +-- , 531 , {533} , {'TempHa19', 'C19', 'TempHb19'}
| | | | | | | | | | | | | | | | | | | | | | +-- , 533 , {697, 535} , {'TempHa19', 'C18', 'S19', 'TempHb19', 'TempG19'}
| | | | | | | | | | | | | | | | | | | | | | | +-- , 697 , set() , {'TempHa19', 'I37', 'I38', 'TempG19'}
| | | | | | | | | | | | | | | | | | | | | | | +-- , 535 , {537} , {'C18', 'TempHb18', 'TempHa18'}
| | | | | | | | | | | | | | | | | | | | | | | | +-- , 537 , {539, 693} , {'C17', 'I35', 'I36', 'TempHb18', 'TempG18', 'TempHa18'}
| | | | | | | | | | | | | | | | | | | | | | | | | +-- , 539 , {541} , {'C17', 'TempHa17', 'TempHb17'}
| | | | | | | | | | | | | | | | | | | | | | | | | | +-- , 541 , {689, 543} , {'TempG17', 'I34', 'I33', 'TempHa17', 'C16', 'TempHb17'}
| | | | | | | | | | | | | | | | | | | | | | | | | | | +-- , 689 , set() , {'TempG17', 'C16', 'S17'}
| | | | | | | | | | | | | | | | | | | | | | | | | | | +-- , 543 , {545} , {'TempHb16', 'TempHa16', 'C16'}
| | | | | | | | | | | | | | | | | | | | | | | | | | | | +-- , 545 , {547, 685} , {'C15', 'TempG16', 'TempHb16', 'TempHa16', 'I32', 'I31'}
| | | | | | | | | | | | | | | | | | | | | | | | | | | | | +-- , 547 , {549} , {'C15', 'TempHa15', 'TempHb15'}
| | | | | | | | | | | | | | | | | | | | | | | | | | | | | | +-- , 549 , {681, 551, 679} , {'TempG15', 'TempHa15', 'TempHb15', 'C14'}
| | | | | | | | | | | | | | | | | | | | | | | | | | | | | | | +-- , 681 , set() , {'S15', 'TempG15', 'C14'}
| | | | | | | | | | | | | | | | | | | | | | | | | | | | | | | +-- , 551 , {553} , {'TempHb14', 'TempHa14', 'C14'}
| | | | | | | | | | | | | | | | | | | | | | | | | | | | | | | | +-- , 553 , {555, 675} , {'TempHb14', 'TempHa14', 'TempG14'}
| | | | | | | | | | | | | | | | | | | | | | | | | | | | | | | | | +-- , 555 , {673, 557} , {'TempHb14', 'C13', 'TempG14'}
| | | | | | | | | | | | | | | | | | | | | | | | | | | | | | | | | | +-- , 673 , set() , {'C13', 'S14', 'TempG14'}
| | | | | | | | | | | | | | | | | | | | | | | | | | | | | | | | | | +-- , 557 , {559} , {'TempHa13', 'C13', 'TempHb13'}
| | | | | | | | | | | | | | | | | | | | | | | | | | | | | | | | | | | +-- , 559 , {561, 671} , {'TempHa13', 'TempG13', 'TempHb13'}
| | | | | | | | | | | | | | | | | | | | | | | | | | | | | | | | | | | | +-- , 561 , {563, 669} , {'C12', 'TempG13', 'TempHb13'}
| | | | | | | | | | | | | | | | | | | | | | | | | | | | | | | | | | | | | +-- , 563 , {565} , {'TempHa12', 'C12', 'TempHb12'}
| | | | | | | | | | | | | | | | | | | | | | | | | | | | | | | | | | | | | | +-- , 565 , {667, 567} , {'TempHa12', 'C11', 'TempHb12', 'S12', 'TempG12'}
| | | | | | | | | | | | | | | | | | | | | | | | | | | | | | | | | | | | | | | +-- , 667 , set() , {'I23', 'TempHa12', 'TempG12', 'I24'}
| | | | | | | | | | | | | | | | | | | | | | | | | | | | | | | | | | | | | | | +-- , 567 , {569} , {'TempHb11', 'C11', 'TempHa11'}
| | | | | | | | | | | | | | | | | | | | | | | | | | | | | | | | | | | | | | | | +-- , 569 , {571, 663} , {'TempHb11', 'I21', 'TempG11', 'TempHa11', 'C10', 'I22'}
| | | | | | | | | | | | | | | | | | | | | | | | | | | | | | | | | | | | | | | | | +-- , 571 , {573} , {'TempHa10', 'TempHb10', 'C10'}
| | | | | | | | | | | | | | | | | | | | | | | | | | | | | | | | | | | | | | | | | | +-- , 573 , {659, 575} , {'TempHa10', 'TempHb10', 'C9', 'S10', 'TempG10'}
| | | | | | | | | | | | | | | | | | | | | | | | | | | | | | | | | | | | | | | | | | | +-- , 659 , set() , {'TempHa10', 'I20', 'TempG10', 'I19'}
| | | | | | | | | | | | | | | | | | | | | | | | | | | | | | | | | | | | | | | | | | | +-- , 575 , {577} , {'C9', 'TempHa9', 'TempHb9'}
| | | | | | | | | | | | | | | | | | | | | | | | | | | | | | | | | | | | | | | | | | | | +-- , 577 , {579, 653, 655} , {'C8', 'TempHa9', 'TempHb9', 'TempG9'}
| | | | | | | | | | | | | | | | | | | | | | | | | | | | | | | | | | | | | | | | | | | | | +-- , 579 , {581} , {'TempHa8', 'C8', 'TempHb8'}
| | | | | | | | | | | | | | | | | | | | | | | | | | | | | | | | | | | | | | | | | | | | | | +-- , 581 , {649, 583} , {'TempHa8', 'C7', 'TempHb8', 'TempG8', 'I16', 'I15'}
| | | | | | | | | | | | | | | | | | | | | | | | | | | | | | | | | | | | | | | | | | | | | | | +-- , 649 , set() , {'S8', 'C7', 'TempG8'}
| | | | | | | | | | | | | | | | | | | | | | | | | | | | | | | | | | | | | | | | | | | | | | | +-- , 583 , {585} , {'C7', 'TempHa7', 'TempHb7'}
| | | | | | | | | | | | | | | | | | | | | | | | | | | | | | | | | | | | | | | | | | | | | | | | +-- , 585 , {643, 645, 587} , {'TempHa7', 'TempHb7', 'C6', 'TempG7'}
| | | | | | | | | | | | | | | | | | | | | | | | | | | | | | | | | | | | | | | | | | | | | | | | | +-- , 643 , set() , {'C6', 'S7', 'TempG7'}
| | | | | | | | | | | | | | | | | | | | | | | | | | | | | | | | | | | | | | | | | | | | | | | | | +-- , 645 , set() , {'I14', 'TempHa7', 'TempG7', 'I13'}
| | | | | | | | | | | | | | | | | | | | | | | | | | | | | | | | | | | | | | | | | | | | | | | | | +-- , 587 , {589} , {'TempHa6', 'TempHb6', 'C6'}
| | | | | | | | | | | | | | | | | | | | | | | | | | | | | | | | | | | | | | | | | | | | | | | | | | +-- , 589 , {591, 639} , {'TempHa6', 'TempHb6', 'TempG6'}
| | | | | | | | | | | | | | | | | | | | | | | | | | | | | | | | | | | | | | | | | | | | | | | | | | | +-- , 591 , {593, 637} , {'C5', 'TempHb6', 'TempG6'}
| | | | | | | | | | | | | | | | | | | | | | | | | | | | | | | | | | | | | | | | | | | | | | | | | | | | +-- , 593 , {595} , {'TempHb5', 'C5', 'TempHa5'}
| | | | | | | | | | | | | | | | | | | | | | | | | | | | | | | | | | | | | | | | | | | | | | | | | | | | | +-- , 595 , {597, 599, 635} , {'TempHb5', 'TempG5', 'C4', 'TempHa5'}
| | | | | | | | | | | | | | | | | | | | | | | | | | | | | | | | | | | | | | | | | | | | | | | | | | | | | | +-- , 597 , set() , {'TempG5', 'C4', 'S5'}
| | | | | | | | | | | | | | | | | | | | | | | | | | | | | | | | | | | | | | | | | | | | | | | | | | | | | | +-- , 599 , {601} , {'C4', 'TempHa4', 'TempHb4'}
| | | | | | | | | | | | | | | | | | | | | | | | | | | | | | | | | | | | | | | | | | | | | | | | | | | | | | | +-- , 601 , {631, 633, 603} , {'C3', 'TempHa4', 'TempHb4', 'TempG4'}
| | | | | | | | | | | | | | | | | | | | | | | | | | | | | | | | | | | | | | | | | | | | | | | | | | | | | | | | +-- , 631 , set() , {'S4', 'C3', 'TempG4'}
| | | | | | | | | | | | | | | | | | | | | | | | | | | | | | | | | | | | | | | | | | | | | | | | | | | | | | | | +-- , 633 , set() , {'I8', 'I7', 'TempHa4', 'TempG4'}
| | | | | | | | | | | | | | | | | | | | | | | | | | | | | | | | | | | | | | | | | | | | | | | | | | | | | | | | +-- , 603 , {605} , {'C3', 'TempHa3', 'TempHb3'}
| | | | | | | | | | | | | | | | | | | | | | | | | | | | | | | | | | | | | | | | | | | | | | | | | | | | | | | | | +-- , 605 , {609, 627, 607} , {'TempHa3', 'TempHb3', 'TempG3', 'C2'}
| | | | | | | | | | | | | | | | | | | | | | | | | | | | | | | | | | | | | | | | | | | | | | | | | | | | | | | | | | +-- , 609 , {611} , {'C2', 'TempHb2', 'TempHa2'}
| | | | | | | | | | | | | | | | | | | | | | | | | | | | | | | | | | | | | | | | | | | | | | | | | | | | | | | | | | | +-- , 611 , {625, 613} , {'TempHb2', 'I3', 'I4', 'TempG2', 'TempHa2', 'C1'}
| | | | | | | | | | | | | | | | | | | | | | | | | | | | | | | | | | | | | | | | | | | | | | | | | | | | | | | | | | | | +-- , 625 , set() , {'TempG2', 'S2', 'C1'}
| | | | | | | | | | | | | | | | | | | | | | | | | | | | | | | | | | | | | | | | | | | | | | | | | | | | | | | | | | | | +-- , 613 , {615} , {'TempHb1', 'TempHa1', 'C1'}
| | | | | | | | | | | | | | | | | | | | | | | | | | | | | | | | | | | | | | | | | | | | | | | | | | | | | | | | | | | | | +-- , 615 , {617, 619} , {'TempG1', 'TempHb1', 'TempHa1'}
| | | | | | | | | | | | | | | | | | | | | | | | | | | | | | | | | | | | | | | | | | | | | | | | | | | | | | | | | | | | | | +-- , 617 , set() , {'TempG1', 'I1', 'TempHa1', 'I2'}
| | | | | | | | | | | | | | | | | | | | | | | | | | | | | | | | | | | | | | | | | | | | | | | | | | | | | | | | | | | | | | +-- , 619 , {621} , {'TempG1', 'TempHb1', 'C0'}
| | | | | | | | | | | | | | | | | | | | | | | | | | | | | | | | | | | | | | | | | | | | | | | | | | | | | | | | | | | | | | | +-- , 621 , set() , {'TempG1', 'C0', 'S1'}
| | | | | | | | | | | | | | | | | | | | | | | | | | | | | | | | | | | | | | | | | | | | | | | | | | | | | | | | | | +-- , 627 , set() , {'S3', 'TempG3', 'C2'}
| | | | | | | | | | | | | | | | | | | | | | | | | | | | | | | | | | | | | | | | | | | | | | | | | | | | | | | | | | +-- , 607 , set() , {'I5', 'I6', 'TempG3', 'TempHa3'}
| | | | | | | | | | | | | | | | | | | | | | | | | | | | | | | | | | | | | | | | | | | | | | | | | | | | | | +-- , 635 , set() , {'I9', 'TempHa5', 'I10', 'TempG5'}
| | | | | | | | | | | | | | | | | | | | | | | | | | | | | | | | | | | | | | | | | | | | | | | | | | | | +-- , 637 , set() , {'TempG6', 'S6', 'C5'}
| | | | | | | | | | | | | | | | | | | | | | | | | | | | | | | | | | | | | | | | | | | | | | | | | | | +-- , 639 , set() , {'TempG6', 'I11', 'TempHa6', 'I12'}
| | | | | | | | | | | | | | | | | | | | | | | | | | | | | | | | | | | | | | | | | | | | | +-- , 653 , set() , {'TempHa9', 'I17', 'I18', 'TempG9'}
| | | | | | | | | | | | | | | | | | | | | | | | | | | | | | | | | | | | | | | | | | | | | +-- , 655 , set() , {'C8', 'S9', 'TempG9'}
| | | | | | | | | | | | | | | | | | | | | | | | | | | | | | | | | | | | | | | | | +-- , 663 , set() , {'S11', 'C10', 'TempG11'}
| | | | | | | | | | | | | | | | | | | | | | | | | | | | | | | | | | | | | +-- , 669 , set() , {'C12', 'TempG13', 'S13'}
| | | | | | | | | | | | | | | | | | | | | | | | | | | | | | | | | | | | +-- , 671 , set() , {'TempHa13', 'TempG13', 'I25', 'I26'}
| | | | | | | | | | | | | | | | | | | | | | | | | | | | | | | | | +-- , 675 , set() , {'I28', 'I27', 'TempG14', 'TempHa14'}
| | | | | | | | | | | | | | | | | | | | | | | | | | | | | | | +-- , 679 , set() , {'TempG15', 'I30', 'TempHa15', 'I29'}
| | | | | | | | | | | | | | | | | | | | | | | | | | | | | +-- , 685 , set() , {'S16', 'C15', 'TempG16'}
| | | | | | | | | | | | | | | | | | | | | | | | | +-- , 693 , set() , {'C17', 'TempG18', 'S18'}
| | | | | | | | | | | | | | | | | | | | | +-- , 701 , set() , {'TempHa20', 'I39', 'TempG20', 'I40'}
| | | | | | | | | | | | | | | | | | | +-- , 703 , set() , {'C20', 'S21', 'TempG21'}
| | | | | | | | | | | | | | | | +-- , 709 , set() , {'TempG22', 'S22', 'C21'}
| | | | | | | | | | | | +-- , 717 , set() , {'TempG24', 'TempHa24', 'I48', 'I47'}
| | | | | | | | | | | | +-- , 719 , set() , {'TempG24', 'C23', 'S24'}
| | | | | +-- , 733 , set() , {'TempG27', 'TempHa27', 'I54', 'I53'}
| +-- , 892 , set() , {'C28', 'TempG29', 'S29'}


Max number of edges with non zero Y: 3
Max number of iterations of outer rounding loop: 2
Max number of candidate sets: 2
Time spent rounding: 80.409
Time spent solving Separator LP: 3.462
Total time spent solving: 108.674

LP Solver: GaifmanNormal
Lower Bound Witness = ({'TempHa15', 'TempHb10', 'C26', 'TempHa18', 'I47', 'I24', 'S12', 'C22', 'C24', 'I1', 'TempHa20', 'S23', 'TempHa17', 'TempHb13', 'TempHb9', 'TempHb19', 'TempHb20', 'S16', 'C7', 'C15', 'TempHb8', 'I16', 'I25', 'C25', 'TempHa19', 'TempHb2', 'I51', 'C3', 'TempHa7', 'I32', 'TempHb25', 'S5', 'TempHa6', 'I43', 'I10', 'C4', 'I54', 'I7', 'TempHb28', 'I8', 'I40', 'TempHb26', 'I22', 'I9', 'I35', 'I6', 'C13', 'S11', 'C18', 'TempHa26', 'TempHb18', 'C10', 'TempHa4', 'I46', 'TempHb17', 'I15', 'S28', 'TempHb4', 'I5', 'S17', 'TempHb11', 'S4', 'TempHa9', 'TempHb7', 'TempG9', 'TempG10', 'TempHb5', 'TempHb14', 'S25', 'I3', 'I28', 'I2', 'C14', 'TempG26', 'I23', 'I14', 'C17', 'C5', 'I26', 'TempHa28', 'I50', 'I13', 'C11', 'TempG15', 'TempG11', 'TempHa14', 'I48', 'C27', 'I12', 'TempHa21', 'I45', 'TempHa24', 'I30', 'I18', 'S9', 'TempG12', 'I52', 'TempHa8', 'I38', 'TempHb3', 'I53', 'S27', 'C9', 'I56', 'TempG2', 'S26', 'C21', 'S6', 'I36', 'S2', 'S13', 'I37', 'I33', 'TempG7', 'I27', 'C2', 'TempHb15', 'TempG18', 'TempG25', 'S7', 'TempG4', 'S20', 'I39', 'S8', 'TempG13', 'TempHb23', 'I31', 'TempHa13', 'TempHb6', 'TempG16', 'TempHb16', 'TempHb12', 'TempG14', 'I49', 'TempG17', 'TempG8', 'I34', 'I19', 'TempG21', 'TempHa1', 'S18', 'I21', 'TempHa12', 'I4', 'C23', 'C0', 'S24', 'TempHb24', 'TempG5', 'TempHb27', 'TempHa23', 'I42', 'C8', 'C12', 'TempHa27', 'C1', 'I55', 'S14', 'S1', 'TempHa25', 'C6', 'S22', 'TempG24', 'I20', 'S15', 'I41', 'S3', 'TempG23', 'TempG27', 'S19', 'TempG6', 'TempHb21', 'TempG19', 'TempHa10', 'TempG22', 'TempG1', 'I17', 'TempHb1', 'TempHa22', 'TempHa5', 'S10', 'C16', 'I29', 'TempG28', 'I44', 'TempHb22', 'TempG3', 'TempHa11', 'TempHa3', 'I11', 'C20', 'S21', 'TempG20', 'C19', 'TempHa16', 'TempHa2'}, {'TempHb28', 'TempHa28'})