11, 0, 5.666666666666667, 6
+-- , 0 , {3, 22} , {'39', '50', '8', '21', '44', '37', '51', '35', '74', '11', '18', '53', '4', '29', '13', '43', '69', '30', '47', '9', '5', '3', '46', '49', '73', '27', '72', '77', '65', '60', '64', '67'}
| +-- , 3 , {6} , {'39', '50', '21', '44', '37', '35', '52', '74', '11', '32', '18', '53', '29', '13', '47', '43', '69', '30', '9', '70', '17', '3', '46', '49', '73', '27', '72', '77', '65', '60', '64', '67'}
| | +-- , 6 , {8} , {'39', '50', '21', '56', '44', '37', '35', '52', '74', '11', '32', '18', '53', '29', '13', '43', '69', '30', '47', '70', '17', '3', '46', '49', '73', '27', '72', '77', '65', '60', '64', '67'}
| | | +-- , 8 , {16, 18, 20, 10} , {'39', '50', '21', '56', '37', '35', '52', '74', '11', '32', '53', '14', '29', '43', '69', '30', '47', '70', '17', '0', '3', '46', '49', '73', '27', '77', '22', '65', '60', '64', '67', '7'}
| | | | +-- , 16 , set() , {'49', '27', '70', '17', '22', '65', '29', '35', '47', '31', '52'}
| | | | +-- , 18 , set() , {'39', '17', '11', '21', '67', '62', '47', '69', '7'}
| | | | +-- , 20 , set() , {'74', '50', '32', '65', '56', '14', '29', '0', '71', '43', '7'}
| | | | +-- , 10 , {12, 14} , {'50', '21', '37', '35', '23', '53', '14', '55', '54', '69', '30', '48', '10', '70', '17', '20', '0', '3', '46', '19', '73', '27', '77', '22', '65', '15', '60', '64', '34', '67', '7', '36'}
| | | | | +-- , 12 , set() , {'66', '27', '50', '23', '64', '42', '0', '55', '25', '36'}
| | | | | +-- , 14 , set() , {'10', '73', '24', '50', '22', '60', '38', '0', '35', '7'}
| +-- , 22 , set() , {'39', '28', '8', '21', '51', '6', '74', '2', '18', '4', '29', '13', '43', '30', '9', '68', '26', '5', '3', '46', '49', '73', '27', '72', '77', '16', '60', '64', '67'}


Max number of edges with non zero Y: 16
Max number of iterations of outer rounding loop: 4
Max number of candidate sets: 2
Time spent rounding: 2.351
Time spent solving Separator LP: 0.020
Total time spent solving: 3.129

LP Solver: gammaPlusFractionalCoverHeuristic
Number of Rounding Attemps: 16
Lower Bound Witness = ({'24', '39', '28', '50', '8', '21', '56', '44', '37', '42', '51', '35', '62', '71', '52', '6', '74', '11', '2', '32', '23', '18', '53', '4', '14', '29', '13', '38', '55', '43', '69', '30', '47', '54', '48', '9', '10', '68', '70', '17', '26', '5', '20', '0', '3', '46', '31', '49', '73', '27', '19', '72', '77', '66', '16', '22', '65', '15', '60', '64', '34', '67', '25', '7', '36'}, {'74', '70', '53', '38', '35'})