41, 1, 4.0, 4
+-- , 33 , {32} , {'3', '59', '47'}
| +-- , 32 , {17} , {'29', '3', '12'}
| | +-- , 17 , {0, 19} , {'29', '3', '61', '14', '44', '79', '43', '22', '12'}
| | | +-- , 0 , {3, 25} , {'29', '3', '46', '44', '79', '14', '22'}
| | | | +-- , 3 , {5, 7} , {'29', '5', '46', '44', '79', '65', '22'}
| | | | | +-- , 5 , {45, 38} , {'29', '68', '65'}
| | | | | | +-- , 45 , {44} , {'29', '68', '65'}
| | | | | | | +-- , 44 , {41} , {'38', '62', '65'}
| | | | | | | | +-- , 41 , {40} , {'38', '62', '65'}
| | | | | | | | | +-- , 40 , {42} , {'38', '54', '83'}
| | | | | | | | | | +-- , 42 , {43} , {'38', '54', '83'}
| | | | | | | | | | | +-- , 43 , {49} , {'54', '48', '77'}
| | | | | | | | | | | | +-- , 49 , {48} , {'54', '48', '77'}
| | | | | | | | | | | | | +-- , 48 , {46} , {'39', '67', '77'}
| | | | | | | | | | | | | | +-- , 46 , {47} , {'39', '67', '77'}
| | | | | | | | | | | | | | | +-- , 47 , set() , {'39', '8', '53'}
| | | | | | +-- , 38 , {39} , {'29', '68', '65'}
| | | | | | | +-- , 39 , {55} , {'68', '31', '24'}
| | | | | | | | +-- , 55 , {54} , {'68', '31', '24'}
| | | | | | | | | +-- , 54 , {52} , {'42', '30', '31'}
| | | | | | | | | | +-- , 52 , {53} , {'42', '30', '31'}
| | | | | | | | | | | +-- , 53 , set() , {'42', '85', '52'}
| | | | | +-- , 7 , {9, 15} , {'5', '7', '65', '60', '22'}
| | | | | | +-- , 9 , {11} , {'5', '50', '65', '7'}
| | | | | | | +-- , 11 , {36, 13} , {'50', '32', '65', '80'}
| | | | | | | | +-- , 36 , {37} , {'50', '32', '80'}
| | | | | | | | | +-- , 37 , set() , {'76', '57', '80'}
| | | | | | | | +-- , 13 , set() , {'74', '32', '65'}
| | | | | | +-- , 15 , set() , {'5', '9', '60'}
| | | | +-- , 25 , {27, 29} , {'3', '4', '22', '82', '46'}
| | | | | +-- , 27 , set() , {'21', '4', '82', '46', '73'}
| | | | | +-- , 29 , {30} , {'4', '3', '35'}
| | | | | | +-- , 30 , {31} , {'4', '3', '35'}
| | | | | | | +-- , 31 , set() , {'23', '13', '35'}
| | | +-- , 19 , {21, 23} , {'29', '1', '61', '20', '43', '75', '12'}
| | | | +-- , 21 , {34} , {'37', '75', '29'}
| | | | | +-- , 34 , {35} , {'37', '75', '29'}
| | | | | | +-- , 35 , set() , {'75', '56', '11'}
| | | | +-- , 23 , {50} , {'1', '20', '66'}
| | | | | +-- , 50 , {51} , {'1', '20', '66'}
| | | | | | +-- , 51 , set() , {'66', '18', '28'}


Max number of edges with non zero Y: 14
Max number of iterations of outer rounding loop: 1
Max number of candidate sets: 2
Time spent rounding: 0.057
Time spent solving Separator LP: 0.005
Total time spent solving: 0.285

LP Solver: gammaPlusFractionalCoverHeuristic
Number of Rounding Attemps: 4
Lower Bound Witness = ({'3', '7', '60', '44', '65', '9', '35', '80', '43', '66', '73', '75', '14', '50', '29', '74', '21', '1', '68', '82', '61', '37', '22', '12', '5', '32', '4', '20', '46', '79'}, {'60', '82', '44', '43', '66'})