33, 1.0526315789473681, 2.0, 2
+-- , 0 , {48, 64, 3, 52} , {'xL8J', 'xL18J', 'xL9J', 'xL27J', 'v1'}
| +-- , 48 , {50} , {'xL24J', 'xL8J', 'xL9J', 'v1', 'xL25J'}
| | +-- , 50 , set() , {'xL41J', 'xL24J', 'v1', 'xL25J'}
| +-- , 64 , {68, 70, 72} , {'xL35J', 'xL19J', 'xL18J', 'v1'}
| | +-- , 68 , set() , {'xL18J', 'xL19J', 'xL38J', 'v1'}
| | +-- , 70 , set() , {'xL18J', 'xL19J', 'v1', 'xL37J'}
| | +-- , 72 , set() , {'xL36J', 'xL35J', 'v1', 'xL47J'}
| +-- , 3 , {23, 5, 37, 43} , {'xL8J', 'xL18J', 'v1', 'xL0J', 'xL1J'}
| | +-- , 23 , {25} , {'xL18J', 'xL4J', 'xL0J', 'xL1J', 'v1'}
| | | +-- , 25 , {32, 27} , {'xL16J', 'xL18J', 'xL4J', 'xL5J', 'v1'}
| | | | +-- , 32 , {35} , {'xL16J', 'xL17J', 'xL33J', 'v1'}
| | | | | +-- , 35 , set() , {'xL16J', 'v1', 'xL34J', 'xL17J'}
| | | | +-- , 27 , {29} , {'v1', 'xL5J', 'xL4J', 'xL21J'}
| | | | | +-- , 29 , set() , {'xL20J', 'xL39J', 'v1', 'xL21J'}
| | +-- , 5 , {19, 7} , {'xL13J', 'xL0J', 'xL1J', 'xL2J', 'v1'}
| | | +-- , 19 , {21} , {'xL13J', 'v1', 'xL29J'}
| | | | +-- , 21 , set() , {'xL12J', 'xL13J', 'xL29J'}
| | | +-- , 7 , {9} , {'xL13J', 'xL3J', 'xL2J', 'v1'}
| | | | +-- , 9 , {11, 13} , {'xL14J', 'xL3J', 'xL2J', 'xL15J', 'v1'}
| | | | | +-- , 11 , set() , {'xL14J', 'xL15J', 'xL30J'}
| | | | | +-- , 13 , {15} , {'xL14J', 'xL15J', 'v1', 'xL32J'}
| | | | | | +-- , 15 , {17} , {'xL46J', 'v1', 'xL32J'}
| | | | | | | +-- , 17 , set() , {'xL46J', 'xL32J', 'xL31J'}
| | +-- , 37 , {39} , {'xL7J', 'xL0J', 'xL1J', 'v1', 'xL40J'}
| | | +-- , 39 , {41} , {'xL22J', 'xL6J', 'xL7J', 'v1', 'xL40J'}
| | | | +-- , 41 , set() , {'xL23J', 'xL22J', 'v1', 'xL40J'}
| | +-- , 43 , {45} , {'xL10J', 'xL0J', 'xL1J', 'v1'}
| | | +-- , 45 , set() , {'xL10J', 'xL28J', 'v1', 'xL11J'}
| +-- , 52 , {56, 58, 60} , {'xL43J', 'xL27J', 'xL26J', 'v1'}
| | +-- , 56 , set() , {'xL27J', 'xL44J', 'v1', 'xL26J'}
| | +-- , 58 , set() , {'xL45J', 'xL27J', 'xL26J', 'v1'}
| | +-- , 60 , {62} , {'xL43J', 'xL48J', 'v1'}
| | | +-- , 62 , set() , {'xL48J', 'xL42J', 'xL43J'}


Max number of edges with non zero Y: 5
Max number of iterations of outer rounding loop: 2
Max number of candidate sets: 2
Time spent rounding: 20.648
Time spent solving Separator LP: 0.290

LP Solver: GaifmanBoosted