20, 1.0, 2.0, 2
+-- , 0 , {32, 1, 34, 35, 40, 26} , {'x4L0J', 'x2L3J'}
| +-- , 32 , set() , {'x7', 'x2L3J'}
| +-- , 1 , {3, 8, 12, 19, 23} , {'x8L1J', 'x0L1J', 'x5L4J'}
| | +-- , 3 , {6} , {'x0L5J', 'x6L6J', 'x5L4J'}
| | | +-- , 6 , set() , {'x0L5J', 'x6L7J', 'x5L4J'}
| | +-- , 8 , {10} , {'x0L1J', 'x3'}
| | | +-- , 10 , set() , {'x3', 'x2L0J'}
| | +-- , 12 , {14} , {'x5L3J', 'x2L1J', 'x0L1J', 'x8L0J', 'x5L4J'}
| | | +-- , 14 , {17} , {'x6L5J', 'x5L3J', 'x0L4J'}
| | | | +-- , 17 , set() , {'x5L3J', 'x0L4J', 'x6L4J'}
| | +-- , 19 , {21} , {'x0L1J', 'x0L0J'}
| | | +-- , 21 , set() , {'x1', 'x0L0J'}
| | +-- , 23 , set() , {'x0L1J', 'x0L3J'}
| +-- , 34 , set() , {'x4L0J', 'x5L0J'}
| +-- , 35 , {39} , {'x6L0J', 'x5L1J', 'x6L1J'}
| | +-- , 39 , set() , {'x6L2J', 'x6L0J', 'x5L1J'}
| +-- , 40 , {44} , {'x2L5J', 'x6L3J'}
| | +-- , 44 , set() , {'x2L4J', 'x6L3J'}
| +-- , 26 , {28} , {'x4L0J', 'x4L1J'}
| | +-- , 28 , set() , {'x5L2J', 'x4L1J', 'x2L2J', 'x0L2J'}


Max number of edges with non zero Y: 3
Max number of iterations of outer rounding loop: 2
Max number of candidate sets: 2
Time spent rounding: 9.476
Time spent solving Separator LP: 0.101
Total time spent solving: 13.389

LP Solver: GaifmanNormal
Lower Bound Witness = ({'x0L5J', 'x6L7J', 'x5L4J'}, {'x0L5J', 'x5L4J'})