19, 2.767218357145684, 8.0, 8
+-- , 0 , {32, 34, 3, 36, 38} , {'xL14J', 'xL21J', 'xL19J', 'xL10J', 'xL35J', 'xL39J', 'xL36J', 'xL32J', 'xL9J', 'xL4J', 'xL12J', 'xL18J', 'xL16J'}
| +-- , 32 , set() , {'xL27J', 'xL21J', 'xL32J'}
| +-- , 34 , set() , {'xL17J', 'xL14J'}
| +-- , 3 , {5} , {'xL21J', 'xL19J', 'xL38J', 'xL35J', 'xL9J', 'xL4J', 'xL12J', 'xL14J', 'xL10J', 'xL39J', 'xL36J', 'xL32J', 'xL37J', 'xL16J'}
| | +-- , 5 , {8} , {'xL21J', 'xL19J', 'xL38J', 'xL35J', 'xL4J', 'xL12J', 'xL14J', 'xL10J', 'xL34J', 'xL39J', 'xL36J', 'xL32J', 'xL37J', 'xL6J', 'xL16J'}
| | | +-- , 8 , {10, 30} , {'xL21J', 'xL19J', 'xL38J', 'xL35J', 'xL12J', 'xL14J', 'xL25J', 'xL34J', 'xL10J', 'xL39J', 'xL36J', 'xL32J', 'xL37J', 'xL6J', 'xL16J', 'xL13J'}
| | | | +-- , 10 , {26, 28, 14} , {'xL0J', 'xL21J', 'xL38J', 'xL12J', 'xL8J', 'xL25J', 'xL34J', 'xL10J', 'xL39J', 'xL36J', 'xL32J', 'xL37J', 'xL6J', 'xL16J', 'xL13J'}
| | | | | +-- , 26 , set() , {'xL0J', 'xL34J', 'xL10J', 'xL12J', 'xL23J', 'xL16J'}
| | | | | +-- , 28 , set() , {'xL3J', 'xL12J', 'xL8J', 'xL36J'}
| | | | | +-- , 14 , {16, 22, 24} , {'xL0J', 'xL21J', 'xL38J', 'xL29J', 'xL8J', 'xL25J', 'xL34J', 'xL10J', 'xL39J', 'xL5J', 'xL36J', 'xL32J', 'xL7J', 'xL6J', 'xL13J'}
| | | | | | +-- , 16 , {18} , {'xL0J', 'xL21J', 'xL38J', 'xL29J', 'xL11J', 'xL28J', 'xL20J', 'xL25J', 'xL10J', 'xL39J', 'xL5J', 'xL36J', 'xL32J', 'xL7J', 'xL6J'}
| | | | | | | +-- , 18 , {20} , {'xL0J', 'xL21J', 'xL38J', 'xL29J', 'xL7J', 'xL28J', 'xL31J', 'xL20J', 'xL6J'}
| | | | | | | | +-- , 20 , set() , {'xL0J', 'xL30J', 'xL21J', 'xL38J', 'xL29J', 'xL7J', 'xL31J', 'xL6J'}
| | | | | | +-- , 22 , set() , {'xL33J', 'xL5J', 'xL34J'}
| | | | | | +-- , 24 , set() , {'xL0J', 'xL15J', 'xL29J', 'xL5J'}
| | | | +-- , 30 , set() , {'xL1J', 'xL25J'}
| +-- , 36 , set() , {'xL26J', 'xL12J', 'xL21J'}
| +-- , 38 , {40} , {'xL14J', 'xL4J', 'xL21J', 'xL10J', 'xL24J', 'xL32J'}
| | +-- , 40 , set() , {'xL24J', 'xL2J', 'xL21J'}


Max number of edges with non zero Y: 24
Max number of iterations of outer rounding loop: 6
Max number of candidate sets: 2
Time spent rounding: 27.990
Time spent solving Separator LP: 1.411

LP Solver: GaifmanNormal