22, 1.8846148461538466, 7.5, 8
+-- , 0 , {3, 41, 43, 45, 47} , {'xL14J', 'xL21J', 'xL19J', 'xL34J', 'xL24J', 'xL39J', 'xL29J', 'xL11J', 'xL32J', 'xL17J', 'xL4J', 'xL12J', 'xL37J', 'xL6J'}
| +-- , 3 , {37, 5} , {'xL21J', 'xL34J', 'xL10J', 'xL24J', 'xL39J', 'xL5J', 'xL29J', 'xL11J', 'xL4J', 'xL12J', 'xL37J', 'xL6J'}
| | +-- , 37 , set() , {'xL33J', 'xL5J', 'xL34J'}
| | +-- , 5 , {7} , {'xL21J', 'xL29J', 'xL11J', 'xL4J', 'xL28J', 'xL12J', 'xL34J', 'xL10J', 'xL39J', 'xL5J', 'xL37J', 'xL6J'}
| | | +-- , 7 , {11, 35} , {'xL21J', 'xL29J', 'xL4J', 'xL28J', 'xL12J', 'xL20J', 'xL25J', 'xL34J', 'xL10J', 'xL39J', 'xL5J', 'xL37J', 'xL6J'}
| | | | +-- , 11 , {13} , {'xL21J', 'xL29J', 'xL4J', 'xL28J', 'xL12J', 'xL20J', 'xL25J', 'xL34J', 'xL10J', 'xL5J', 'xL37J', 'xL6J', 'xL23J'}
| | | | | +-- , 13 , {33, 15} , {'xL0J', 'xL21J', 'xL29J', 'xL4J', 'xL28J', 'xL12J', 'xL20J', 'xL25J', 'xL34J', 'xL5J', 'xL37J', 'xL6J', 'xL23J'}
| | | | | | +-- , 33 , set() , {'xL0J', 'xL15J', 'xL29J', 'xL5J'}
| | | | | | +-- , 15 , {17, 31} , {'xL0J', 'xL21J', 'xL25J', 'xL29J', 'xL4J', 'xL28J', 'xL12J', 'xL37J', 'xL20J', 'xL6J', 'xL23J', 'xL16J'}
| | | | | | | +-- , 17 , {19} , {'xL0J', 'xL21J', 'xL29J', 'xL28J', 'xL12J', 'xL20J', 'xL8J', 'xL7J', 'xL6J', 'xL16J'}
| | | | | | | | +-- , 19 , {21} , {'xL0J', 'xL21J', 'xL29J', 'xL7J', 'xL28J', 'xL12J', 'xL3J', 'xL20J', 'xL6J', 'xL8J'}
| | | | | | | | | +-- , 21 , {29, 23} , {'xL0J', 'xL21J', 'xL29J', 'xL36J', 'xL7J', 'xL28J', 'xL3J', 'xL20J', 'xL6J'}
| | | | | | | | | | +-- , 29 , set() , {'xL18J', 'xL36J'}
| | | | | | | | | | +-- , 23 , {25, 27} , {'xL0J', 'xL30J', 'xL21J', 'xL29J', 'xL36J', 'xL7J', 'xL28J', 'xL20J', 'xL6J'}
| | | | | | | | | | | +-- , 25 , set() , {'xL0J', 'xL30J', 'xL7J', 'xL28J', 'xL31J', 'xL20J', 'xL6J'}
| | | | | | | | | | | +-- , 27 , set() , {'xL0J', 'xL38J', 'xL36J', 'xL28J', 'xL30J'}
| | | | | | | +-- , 31 , set() , {'xL25J', 'xL21J', 'xL35J', 'xL9J', 'xL4J', 'xL37J', 'xL16J'}
| | | | +-- , 35 , set() , {'xL1J', 'xL25J'}
| +-- , 41 , set() , {'xL27J', 'xL21J', 'xL32J'}
| +-- , 43 , set() , {'xL14J', 'xL34J', 'xL19J', 'xL39J', 'xL29J', 'xL32J', 'xL13J'}
| +-- , 45 , set() , {'xL26J', 'xL12J', 'xL21J'}
| +-- , 47 , set() , {'xL24J', 'xL2J', 'xL21J'}


Max number of edges with non zero Y: 19
Max number of iterations of outer rounding loop: 6
Max number of candidate sets: 2
Time spent rounding: 19.185
Time spent solving Separator LP: 0.632

LP Solver: GaifmanNormal