11, 0, 5.0, 5
+-- , 0 , {24, 4} , {'xL2J', 'xL13J', 'xL4J', 'xL5J', 'xL6J', 'xL0J', 'xL8J', 'xL7J'}
| +-- , 24 , set() , {'xL4J', 'xL12J', 'xL7J', 'xL5J'}
| +-- , 4 , {8, 6} , {'xL2J', 'xL13J', 'xL4J', 'xL5J', 'xL6J', 'xL8J', 'xL15J', 'xL7J'}
| | +-- , 8 , {10} , {'xL2J', 'xL13J', 'xL9J', 'xL4J', 'xL5J', 'xL8J', 'xL15J', 'xL7J'}
| | | +-- , 10 , {13} , {'xL2J', 'xL13J', 'xL9J', 'xL4J', 'xL11J', 'xL8J', 'xL14J', 'xL15J', 'xL7J'}
| | | | +-- , 13 , {16, 18} , {'xL2J', 'xL13J', 'xL9J', 'xL3J', 'xL4J', 'xL10J', 'xL11J', 'xL8J', 'xL14J', 'xL7J'}
| | | | | +-- , 16 , set() , {'xL3J', 'xL10J', 'xL1J', 'xL14J'}
| | | | | +-- , 18 , {20} , {'xL2J', 'xL13J', 'xL9J', 'xL3J', 'xL4J', 'xL8J', 'xL14J', 'xL7J', 'xL18J'}
| | | | | | +-- , 20 , {22} , {'xL13J', 'xL3J', 'xL4J', 'xL16J', 'xL8J', 'xL14J', 'xL7J', 'xL18J'}
| | | | | | | +-- , 22 , set() , {'xL13J', 'xL19J', 'xL4J', 'xL16J', 'xL14J', 'xL7J'}
| | +-- , 6 , set() , {'xL15J', 'xL17J', 'xL2J', 'xL4J'}


Max number of edges with non zero Y: 15
Max number of iterations of outer rounding loop: 5
Max number of candidate sets: 2
Time spent rounding: 7.858
Time spent solving Separator LP: 0.036
Total time spent solving: 9.195

LP Solver: gammaPlusFractionalCoverHeuristic
Lower Bound Witness = ({'xL13J', 'xL9J', 'xL3J', 'xL16J', 'xL2J', 'xL19J', 'xL4J', 'xL8J', 'xL14J', 'xL1J', 'xL15J', 'xL12J', 'xL5J', 'xL10J', 'xL6J', 'xL0J', 'xL11J', 'xL17J', 'xL7J', 'xL18J'}, {'xL3J', 'xL4J', 'xL2J', 'xL0J'})