12, 2.483562541495323, 6.504065040650406, 9
+-- , 0 , {6, 8, 26, 24} , {'xL57J', 'xL3J', 'xL4J', 'xL40J', 'xL35J', 'xL51J', 'xL31J', 'xL10J', 'xL6J', 'xL27J', 'xL55J', 'xL49J', 'xL16J', 'xL33J', 'xL34J', 'xL42J', 'xL18J', 'xL37J', 'xL8J', 'xL45J', 'xL0J', 'xL28J', 'xL7J', 'xL21J', 'xL41J', 'xL44J', 'xL48J', 'xL15J', 'xL9J', 'xL22J', 'xL5J', 'xL32J', 'xL23J', 'xL59J', 'xL11J', 'xL29J', 'xL12J', 'xL14J', 'xL30J', 'xL20J', 'xL46J', 'xL56J', 'xL19J', 'xL36J', 'xL58J'}
| +-- , 6 , set() , {'xL37J', 'xL29J', 'xL47J', 'xL57J', 'xL20J', 'xL49J', 'xL0J', 'xL28J', 'xL16J', 'xL35J', 'xL48J', 'xL15J', 'xL44J', 'xL9J', 'xL10J', 'xL58J', 'xL23J', 'xL6J'}
| +-- , 8 , {10} , {'xL3J', 'xL35J', 'xL51J', 'xL31J', 'xL6J', 'xL27J', 'xL49J', 'xL42J', 'xL18J', 'xL45J', 'xL0J', 'xL28J', 'xL7J', 'xL41J', 'xL44J', 'xL9J', 'xL5J', 'xL23J', 'xL11J', 'xL59J', 'xL29J', 'xL12J', 'xL19J', 'xL57J', 'xL40J', 'xL10J', 'xL53J', 'xL55J', 'xL17J', 'xL16J', 'xL33J', 'xL34J', 'xL37J', 'xL8J', 'xL21J', 'xL48J', 'xL15J', 'xL22J', 'xL14J', 'xL30J', 'xL20J', 'xL46J', 'xL56J', 'xL36J', 'xL58J'}
| | +-- , 10 , {12, 22} , {'xL57J', 'xL3J', 'xL40J', 'xL35J', 'xL51J', 'xL31J', 'xL10J', 'xL6J', 'xL1J', 'xL27J', 'xL53J', 'xL55J', 'xL17J', 'xL49J', 'xL16J', 'xL24J', 'xL33J', 'xL34J', 'xL42J', 'xL18J', 'xL37J', 'xL8J', 'xL0J', 'xL28J', 'xL7J', 'xL21J', 'xL41J', 'xL44J', 'xL48J', 'xL15J', 'xL9J', 'xL22J', 'xL5J', 'xL23J', 'xL52J', 'xL59J', 'xL29J', 'xL12J', 'xL14J', 'xL30J', 'xL20J', 'xL46J', 'xL56J', 'xL19J', 'xL36J', 'xL58J'}
| | | +-- , 12 , {16, 14} , {'xL3J', 'xL35J', 'xL51J', 'xL31J', 'xL6J', 'xL1J', 'xL27J', 'xL49J', 'xL24J', 'xL42J', 'xL18J', 'xL0J', 'xL28J', 'xL41J', 'xL44J', 'xL9J', 'xL5J', 'xL23J', 'xL59J', 'xL29J', 'xL12J', 'xL19J', 'xL57J', 'xL40J', 'xL10J', 'xL53J', 'xL55J', 'xL17J', 'xL16J', 'xL33J', 'xL34J', 'xL37J', 'xL8J', 'xL25J', 'xL21J', 'xL48J', 'xL15J', 'xL22J', 'xL52J', 'xL14J', 'xL20J', 'xL46J', 'xL56J', 'xL36J', 'xL58J'}
| | | | +-- , 16 , {18} , {'xL57J', 'xL3J', 'xL51J', 'xL31J', 'xL10J', 'xL6J', 'xL1J', 'xL27J', 'xL53J', 'xL55J', 'xL17J', 'xL49J', 'xL34J', 'xL42J', 'xL37J', 'xL18J', 'xL8J', 'xL25J', 'xL0J', 'xL28J', 'xL21J', 'xL44J', 'xL39J', 'xL9J', 'xL22J', 'xL5J', 'xL23J', 'xL52J', 'xL59J', 'xL29J', 'xL12J', 'xL14J', 'xL20J', 'xL46J', 'xL19J', 'xL36J', 'xL58J'}
| | | | | +-- , 18 , {20} , {'xL57J', 'xL3J', 'xL51J', 'xL31J', 'xL10J', 'xL6J', 'xL27J', 'xL53J', 'xL55J', 'xL17J', 'xL49J', 'xL34J', 'xL37J', 'xL8J', 'xL25J', 'xL0J', 'xL28J', 'xL21J', 'xL44J', 'xL39J', 'xL9J', 'xL22J', 'xL5J', 'xL23J', 'xL52J', 'xL59J', 'xL29J', 'xL38J', 'xL14J', 'xL20J', 'xL46J', 'xL19J', 'xL2J', 'xL36J', 'xL58J'}
| | | | | | +-- , 20 , set() , {'xL38J', 'xL17J', 'xL55J', 'xL14J', 'xL57J', 'xL20J', 'xL43J', 'xL10J', 'xL2J', 'xL19J', 'xL21J', 'xL52J', 'xL51J', 'xL22J', 'xL39J', 'xL23J', 'xL6J'}
| | | | +-- , 14 , set() , {'xL3J', 'xL50J', 'xL35J', 'xL51J', 'xL6J', 'xL53J', 'xL55J', 'xL49J', 'xL16J', 'xL24J', 'xL33J', 'xL37J', 'xL8J', 'xL25J', 'xL28J', 'xL21J', 'xL41J', 'xL15J', 'xL44J', 'xL22J', 'xL5J', 'xL23J', 'xL59J', 'xL14J', 'xL19J', 'xL36J'}
| | | +-- , 22 , set() , {'xL1J', 'xL55J', 'xL30J', 'xL56J', 'xL3J', 'xL54J', 'xL7J', 'xL24J', 'xL48J', 'xL52J'}
| +-- , 26 , set() , {'xL11J', 'xL59J', 'xL18J', 'xL29J', 'xL8J', 'xL45J', 'xL56J', 'xL3J', 'xL4J', 'xL28J', 'xL5J', 'xL21J', 'xL26J', 'xL22J', 'xL34J', 'xL58J', 'xL23J', 'xL6J'}
| +-- , 24 , set() , {'xL13J', 'xL4J', 'xL51J', 'xL6J', 'xL49J', 'xL33J', 'xL45J', 'xL28J', 'xL7J', 'xL48J', 'xL41J', 'xL9J', 'xL23J', 'xL32J', 'xL5J', 'xL14J', 'xL30J', 'xL46J', 'xL58J'}


Max number of edges with non zero Y: 27
Max number of iterations of outer rounding loop: 8
Max number of candidate sets: 2
Time spent rounding: 17.518
Time spent solving Separator LP: 8.295

LP Solver: GaifmanNormal10, 2.506710118701721, 6.291666666666667, 9
+-- , 0 , {32, 22, 30, 15} , {'xL49J', 'xL37J', 'xL10J', 'xL30J', 'xL52J', 'xL56J', 'xL48J', 'xL34J', 'xL19J', 'xL50J', 'xL55J', 'xL1J', 'xL41J', 'xL5J', 'xL17J', 'xL9J', 'xL7J', 'xL57J', 'xL31J', 'xL51J', 'xL53J', 'xL43J', 'xL20J', 'xL25J', 'xL16J', 'xL44J', 'xL3J', 'xL59J', 'xL23J', 'xL28J', 'xL42J', 'xL29J', 'xL8J', 'xL22J', 'xL21J', 'xL6J', 'xL15J', 'xL46J', 'xL36J', 'xL35J', 'xL40J', 'xL24J', 'xL0J', 'xL32J', 'xL14J', 'xL18J', 'xL58J'}
| +-- , 32 , set() , {'xL7J', 'xL56J', 'xL52J', 'xL30J', 'xL24J', 'xL55J', 'xL48J', 'xL1J', 'xL3J', 'xL54J'}
| +-- , 22 , {24} , {'xL49J', 'xL10J', 'xL30J', 'xL56J', 'xL52J', 'xL50J', 'xL34J', 'xL48J', 'xL41J', 'xL5J', 'xL17J', 'xL9J', 'xL7J', 'xL57J', 'xL31J', 'xL51J', 'xL53J', 'xL25J', 'xL59J', 'xL23J', 'xL44J', 'xL3J', 'xL28J', 'xL42J', 'xL8J', 'xL22J', 'xL21J', 'xL29J', 'xL6J', 'xL15J', 'xL46J', 'xL33J', 'xL36J', 'xL35J', 'xL40J', 'xL24J', 'xL0J', 'xL32J', 'xL14J', 'xL18J', 'xL58J'}
| | +-- , 24 , {26} , {'xL49J', 'xL10J', 'xL30J', 'xL56J', 'xL34J', 'xL48J', 'xL41J', 'xL5J', 'xL17J', 'xL9J', 'xL7J', 'xL45J', 'xL57J', 'xL31J', 'xL51J', 'xL53J', 'xL59J', 'xL23J', 'xL3J', 'xL28J', 'xL42J', 'xL8J', 'xL22J', 'xL21J', 'xL29J', 'xL13J', 'xL6J', 'xL46J', 'xL33J', 'xL36J', 'xL40J', 'xL32J', 'xL14J', 'xL18J', 'xL58J'}
| | | +-- , 26 , {28} , {'xL49J', 'xL10J', 'xL56J', 'xL34J', 'xL48J', 'xL41J', 'xL5J', 'xL17J', 'xL7J', 'xL45J', 'xL57J', 'xL53J', 'xL59J', 'xL23J', 'xL3J', 'xL28J', 'xL22J', 'xL8J', 'xL21J', 'xL29J', 'xL13J', 'xL6J', 'xL4J', 'xL46J', 'xL36J', 'xL33J', 'xL40J', 'xL14J', 'xL18J', 'xL58J'}
| | | | +-- , 28 , set() , {'xL49J', 'xL10J', 'xL56J', 'xL34J', 'xL11J', 'xL5J', 'xL17J', 'xL7J', 'xL45J', 'xL57J', 'xL53J', 'xL26J', 'xL59J', 'xL23J', 'xL3J', 'xL28J', 'xL22J', 'xL8J', 'xL21J', 'xL29J', 'xL6J', 'xL4J', 'xL46J', 'xL40J', 'xL18J', 'xL58J'}
| +-- , 30 , set() , {'xL49J', 'xL35J', 'xL37J', 'xL9J', 'xL47J', 'xL29J', 'xL10J', 'xL57J', 'xL48J', 'xL0J', 'xL6J', 'xL20J', 'xL16J', 'xL44J', 'xL15J', 'xL23J', 'xL28J', 'xL58J'}
| +-- , 15 , {18} , {'xL49J', 'xL37J', 'xL10J', 'xL39J', 'xL55J', 'xL34J', 'xL19J', 'xL1J', 'xL41J', 'xL5J', 'xL9J', 'xL12J', 'xL57J', 'xL31J', 'xL51J', 'xL53J', 'xL43J', 'xL20J', 'xL25J', 'xL16J', 'xL59J', 'xL23J', 'xL44J', 'xL3J', 'xL28J', 'xL42J', 'xL8J', 'xL29J', 'xL6J', 'xL15J', 'xL46J', 'xL36J', 'xL35J', 'xL0J', 'xL14J', 'xL18J', 'xL58J'}
| | +-- , 18 , {20} , {'xL49J', 'xL37J', 'xL10J', 'xL39J', 'xL55J', 'xL34J', 'xL19J', 'xL41J', 'xL5J', 'xL9J', 'xL12J', 'xL57J', 'xL31J', 'xL51J', 'xL53J', 'xL43J', 'xL20J', 'xL25J', 'xL16J', 'xL59J', 'xL23J', 'xL44J', 'xL3J', 'xL28J', 'xL42J', 'xL8J', 'xL29J', 'xL6J', 'xL46J', 'xL36J', 'xL35J', 'xL0J', 'xL14J', 'xL2J', 'xL58J'}
| | | +-- , 20 , set() , {'xL49J', 'xL37J', 'xL10J', 'xL39J', 'xL55J', 'xL34J', 'xL19J', 'xL41J', 'xL5J', 'xL9J', 'xL38J', 'xL12J', 'xL57J', 'xL31J', 'xL51J', 'xL43J', 'xL20J', 'xL16J', 'xL44J', 'xL23J', 'xL3J', 'xL28J', 'xL42J', 'xL8J', 'xL29J', 'xL6J', 'xL27J', 'xL46J', 'xL36J', 'xL35J', 'xL0J', 'xL14J', 'xL2J', 'xL58J'}


Max number of edges with non zero Y: 28
Max number of iterations of outer rounding loop: 5
Max number of candidate sets: 2
Time spent rounding: 40.981
Time spent solving Separator LP: 13.294

LP Solver: GaifmanNormal