11, 2.0, 3.0, 3
+-- , 0 , {24, 5} , {'37', '39', '0', '25', '27', '34', '17', '40', '26'}
| +-- , 24 , {26} , {'37', '31', '3', '13', '25', '27', '34', '21', '26'}
| | +-- , 26 , set() , {'31', '4', '27', '34', '10'}
| +-- , 5 , {8, 12} , {'37', '39', '25', '27', '24', '40', '14', '26'}
| | +-- , 8 , {10} , {'39', '19', '25', '27', '24', '40', '14'}
| | | +-- , 10 , set() , {'12', '25', '20', '29', '27', '19', '40', '14', '36'}
| | +-- , 12 , {16, 18, 22} , {'37', '32', '39', '22', '30', '27', '9', '26', '24', '40', '8', '14', '7'}
| | | +-- , 16 , set() , {'18', '32', '7', '22'}
| | | +-- , 18 , {20} , {'35', '39', '28', '9', '8', '26'}
| | | | +-- , 20 , set() , {'39', '23', '28', '9', '38'}
| | | +-- , 22 , set() , {'7', '16', '39', '40', '26'}


Max number of edges with non zero Y: 3
Max number of iterations of outer rounding loop: 0
Max number of candidate sets: 0
Time spent rounding: 0.000
Time spent solving Separator LP: 0.735
Total time spent solving: 1.428

LP Solver: GaifmanNormalILP
Lower Bound Witness = ({'37', '32', '25', '20', '27', '40', '7', '16', '39', '22', '18', '28', '19', '30', '24', '9', '8', '14', '38', '35', '12', '23', '29', '26', '36'}, {'37', '39', '25', '27', '24', '40', '26'})