11, 1.1428571428571428, 4.0, 4
+-- , 0 , {3, 21} , {'32', '22', '20', '18', '28', '26', '29', '9', '8', '7'}
| +-- , 3 , {5} , {'32', '19', '25', '20', '27', '9', '8', '7', '22', '28', '29', '26'}
| | +-- , 5 , {19, 7} , {'32', '25', '20', '27', '9', '8', '7', '39', '22', '28', '19', '26'}
| | | +-- , 19 , set() , {'39', '23', '28', '9', '38'}
| | | +-- , 7 , {9, 15} , {'37', '32', '25', '20', '27', '34', '9', '8', '7', '39', '22', '0', '19', '26'}
| | | | +-- , 9 , {11, 13} , {'37', '32', '25', '20', '30', '27', '24', '9', '40', '8', '7', '14', '16', '39', '22', '19', '26'}
| | | | | +-- , 11 , set() , {'12', '20', '40', '14', '36'}
| | | | | +-- , 13 , set() , {'25', '27', '17', '40', '26'}
| | | | +-- , 15 , {17} , {'37', '31', '3', '13', '25', '27', '34', '21', '26'}
| | | | | +-- , 17 , set() , {'31', '4', '27', '34', '10'}
| +-- , 21 , set() , {'35', '28', '9', '8', '26'}


Max number of edges with non zero Y: 8
Max number of iterations of outer rounding loop: 2
Max number of candidate sets: 2
Time spent rounding: 2.294
Time spent solving Separator LP: 0.104
Total time spent solving: 3.815

LP Solver: GaifmanBoosted
Lower Bound Witness = ({'37', '31', '32', '3', '13', '25', '20', '27', '34', '17', '21', '40', '7', '16', '39', '22', '0', '18', '28', '19', '4', '30', '24', '9', '8', '14', '10', '38', '35', '12', '23', '29', '26', '36'}, {'35', '32', '12', '25', '29'})