21, 2.81301377387295, 8.0, 8
+-- , 0 , {32, 36, 5, 38, 40, 42} , {'xL22J', 'xL12J', 'xL18J', 'xL36J', 'xL14J', 'xL10J', 'xL16J', 'xL7J', 'xL2J', 'xL39J', 'xL38J', 'xL0J', 'xL11J', 'xL33J', 'xL9J', 'xL13J'}
| +-- , 32 , {34} , {'xL0J', 'xL28J', 'xL12J', 'xL33J', 'xL9J', 'xL13J'}
| | +-- , 34 , set() , {'xL0J', 'xL28J', 'xL12J', 'xL33J', 'xL32J'}
| +-- , 36 , set() , {'xL38J', 'xL22J', 'xL36J', 'xL31J', 'xL13J'}
| +-- , 5 , {7} , {'xL22J', 'xL18J', 'xL36J', 'xL14J', 'xL30J', 'xL10J', 'xL16J', 'xL7J', 'xL39J', 'xL2J', 'xL38J', 'xL0J', 'xL33J', 'xL11J', 'xL9J', 'xL13J'}
| | +-- , 7 , {9} , {'xL22J', 'xL18J', 'xL36J', 'xL14J', 'xL21J', 'xL30J', 'xL16J', 'xL7J', 'xL39J', 'xL2J', 'xL38J', 'xL0J', 'xL11J', 'xL33J', 'xL9J', 'xL13J'}
| | | +-- , 9 , {11} , {'xL22J', 'xL18J', 'xL36J', 'xL21J', 'xL14J', 'xL3J', 'xL30J', 'xL16J', 'xL7J', 'xL39J', 'xL2J', 'xL38J', 'xL33J', 'xL11J', 'xL9J', 'xL13J'}
| | | | +-- , 11 , {13, 15} , {'xL22J', 'xL18J', 'xL36J', 'xL14J', 'xL3J', 'xL19J', 'xL30J', 'xL16J', 'xL7J', 'xL39J', 'xL2J', 'xL38J', 'xL11J', 'xL33J', 'xL9J', 'xL13J'}
| | | | | +-- , 13 , set() , {'xL22J', 'xL29J', 'xL11J', 'xL5J', 'xL19J', 'xL30J', 'xL16J', 'xL13J', 'xL2J'}
| | | | | +-- , 15 , {17} , {'xL22J', 'xL18J', 'xL36J', 'xL14J', 'xL24J', 'xL3J', 'xL19J', 'xL30J', 'xL16J', 'xL7J', 'xL39J', 'xL2J', 'xL38J', 'xL33J', 'xL9J', 'xL13J'}
| | | | | | +-- , 17 , {19, 27} , {'xL22J', 'xL18J', 'xL36J', 'xL14J', 'xL24J', 'xL3J', 'xL19J', 'xL16J', 'xL7J', 'xL2J', 'xL38J', 'xL33J', 'xL9J', 'xL13J', 'xL1J'}
| | | | | | | +-- , 19 , {21, 23} , {'xL22J', 'xL35J', 'xL36J', 'xL14J', 'xL24J', 'xL19J', 'xL16J', 'xL7J', 'xL2J', 'xL38J', 'xL33J', 'xL27J', 'xL9J', 'xL1J'}
| | | | | | | | +-- , 21 , set() , {'xL8J', 'xL35J', 'xL33J', 'xL36J', 'xL24J', 'xL15J', 'xL1J'}
| | | | | | | | +-- , 23 , {25} , {'xL37J', 'xL33J', 'xL14J', 'xL27J', 'xL24J', 'xL7J', 'xL2J'}
| | | | | | | | | +-- , 25 , set() , {'xL17J', 'xL7J', 'xL14J', 'xL37J'}
| | | | | | | +-- , 27 , {29} , {'xL25J', 'xL36J', 'xL3J', 'xL19J', 'xL9J', 'xL2J', 'xL13J', 'xL1J'}
| | | | | | | | +-- , 29 , set() , {'xL23J', 'xL20J', 'xL9J', 'xL1J', 'xL25J'}
| +-- , 38 , set() , {'xL9J', 'xL38J', 'xL4J'}
| +-- , 40 , set() , {'xL12J', 'xL11J', 'xL26J', 'xL14J', 'xL2J'}
| +-- , 42 , {44} , {'xL36J', 'xL39J', 'xL0J', 'xL34J', 'xL7J', 'xL2J'}
| | +-- , 44 , set() , {'xL34J', 'xL6J', 'xL2J'}


Max number of edges with non zero Y: 25
Max number of iterations of outer rounding loop: 6
Max number of candidate sets: 2
Time spent rounding: 19.206
Time spent solving Separator LP: 0.542

LP Solver: GaifmanNormal