14, 1.57771341281052, 5.0, 6
+-- , 0 , {3} , {'18', '22', '31', '29', '30', '34', '3', '20', '14', '8', '5'}
| +-- , 3 , {5} , {'18', '22', '26', '31', '30', '34', '3', '14', '20', '8', '5'}
| | +-- , 5 , {8} , {'12', '23', '26', '31', '30', '16', '34', '3', '10', '17', '14', '20', '4', '8', '5', '6'}
| | | +-- , 8 , {11} , {'12', '23', '26', '31', '30', '34', '3', '10', '27', '17', '14', '20', '15', '4', '8', '6'}
| | | | +-- , 11 , {13, 29, 27} , {'12', '23', '0', '26', '30', '34', '3', '10', '27', '17', '14', '20', '15', '4', '9', '8', '6'}
| | | | | +-- , 13 , {15} , {'12', '23', '0', '26', '30', '10', '17', '14', '20', '15', '9', '1', '6'}
| | | | | | +-- , 15 , {17} , {'12', '23', '0', '30', '10', '17', '14', '20', '32', '15', '9', '1', '6'}
| | | | | | | +-- , 17 , {25, 19} , {'12', '0', '30', '10', '17', '14', '20', '32', '15', '35', '9', '6'}
| | | | | | | | +-- , 25 , set() , {'12', '20', '32', '7', '35', '0', '9', '10'}
| | | | | | | | +-- , 19 , {21} , {'17', '14', '15', '10', '35', '30', '21', '6'}
| | | | | | | | | +-- , 21 , {23} , {'14', '24', '21', '30', '33', '10', '6'}
| | | | | | | | | | +-- , 23 , set() , {'14', '2', '19', '33', '10', '6'}
| | | | | +-- , 29 , set() , {'12', '11', '14', '4', '0', '9', '28', '34', '27'}
| | | | | +-- , 27 , set() , {'0', '15', '13', '8'}


Max number of edges with non zero Y: 10
Max number of iterations of outer rounding loop: 4
Max number of candidate sets: 2
Time spent rounding: 12.327
Time spent solving Separator LP: 0.422
Total time spent solving: 15.240

LP Solver: GaifmanBoosted
Lower Bound Witness = ({'12', '23', '24', '19', '31', '34', '27', '20', '2', '35', '4', '1', '8', '6', '7', '0', '26', '30', '3', '21', '10', '13', '17', '14', '11', '32', '15', '9', '28', '33'}, {'12', '17', '23', '14', '20', '15', '4', '26', '31', '30', '3', '34', '8', '10', '6'})