14, 1.2410577335766422, 4.5, 5
+-- , 0 , {4} , {'12', '7', '22', '0', '31', '34', '3', '13', '14', '15', '35', '9', '8'}
| +-- , 4 , {6} , {'12', '7', '22', '0', '31', '34', '3', '27', '14', '15', '35', '9', '8'}
| | +-- , 6 , {8} , {'12', '7', '22', '0', '34', '3', '27', '11', '14', '15', '35', '9', '8'}
| | | +-- , 8 , {10} , {'12', '7', '22', '0', '34', '3', '11', '14', '15', '35', '9', '28', '8'}
| | | | +-- , 10 , {12} , {'12', '7', '22', '0', '34', '3', '14', '15', '35', '4', '9', '28', '8'}
| | | | | +-- , 12 , {14} , {'12', '23', '7', '22', '0', '26', '16', '34', '3', '14', '15', '35', '4', '9', '8'}
| | | | | | +-- , 14 , {17} , {'23', '7', '22', '0', '26', '29', '30', '34', '14', '20', '15', '35', '1', '8'}
| | | | | | | +-- , 17 , {19} , {'23', '7', '22', '0', '26', '30', '34', '14', '20', '32', '15', '35', '1'}
| | | | | | | | +-- , 19 , {21, 29} , {'23', '14', '20', '32', '15', '7', '35', '22', '0', '26', '30', '34', '5'}
| | | | | | | | | +-- , 21 , {23} , {'23', '7', '0', '30', '34', '10', '17', '14', '20', '32', '15', '35', '5', '6'}
| | | | | | | | | | +-- , 23 , {25} , {'17', '14', '15', '10', '35', '30', '21', '6'}
| | | | | | | | | | | +-- , 25 , {27} , {'14', '24', '21', '30', '33', '10', '6'}
| | | | | | | | | | | | +-- , 27 , set() , {'14', '2', '19', '33', '10', '6'}
| | | | | | | | | +-- , 29 , set() , {'14', '18', '22', '26', '5'}


Max number of edges with non zero Y: 11
Max number of iterations of outer rounding loop: 4
Max number of candidate sets: 2
Time spent rounding: 6.163
Time spent solving Separator LP: 0.222
Total time spent solving: 7.907

LP Solver: GaifmanNormal
Lower Bound Witness = ({'12', '23', '24', '18', '19', '29', '34', '27', '20', '2', '35', '4', '1', '8', '6', '7', '22', '0', '26', '30', '16', '3', '10', '21', '11', '17', '14', '32', '15', '9', '28', '33', '5'}, {'12', '14', '15', '7', '35', '22', '0', '3', '9', '34', '8', '27'})