61, 1.2255289483141867, 5.0, 5
+-- , 0 , {51, 3} , {'xL9JL9J', 'xL9JL5J', 'xL9JL8J', 'xL7JL3J', 'xL5JL3J', 'xL6JL3J'}
| +-- , 51 , {124, 53} , {'xL9JL9J', 'xL9JL5J', 'xL9JL1J', 'xL9JL8J', 'xL9JL4J', 'xL7JL3J', 'xL9JL3J', 'xL9JL2J'}
| | +-- , 124 , {126} , {'xL7JL1J', 'xL9JL1J', 'xL7JL3J', 'xL9JL2J', 'xL7JL2J'}
| | | +-- , 126 , set() , {'xL7JL1J', 'xL9JL1J', 'xL8JL2J', 'xL9JL2J', 'xL7JL2J', 'xL8JL1J'}
| | +-- , 53 , {57, 55} , {'xL9JL9J', 'xL11JL9J', 'xL9JL8J', 'xL9JL4J', 'xL11JL8J', 'xL9JL3J'}
| | | +-- , 57 , {59} , {'xL11JL7J', 'xL11JL9J', 'xL11JL10J', 'xL11JL11J', 'xL9JL4J', 'xL11JL8J', 'xL9JL3J'}
| | | | +-- , 59 , {65, 61} , {'xL11JL2J', 'xL11JL5J', 'xL11JL7J', 'xL11JL10J', 'xL11JL11J', 'xL9JL4J', 'xL11JL1J', 'xL9JL3J'}
| | | | | +-- , 65 , {68} , {'xL11JL2J', 'xL11JL5J', 'xL11JL7J', 'xL11JL10J', 'xL11JL11J', 'xL12JL7J', 'xL14JL7J', 'xL11JL1J', 'xL13JL7J'}
| | | | | | +-- , 68 , {70, 118} , {'xL11JL2J', 'xL11JL5J', 'xL11JL10J', 'xL11JL11J', 'xL12JL7J', 'xL14JL7J', 'xL11JL1J', 'xL13JL7J', 'xL14JL9J', 'xL15JL9J'}
| | | | | | | +-- , 70 , {73, 81} , {'xL15JL2J', 'xL14JL7J', 'xL15JL4J', 'xL15JL9J', 'xL11JL2J', 'xL11JL5J', 'xL15JL3J', 'xL12JL7J', 'xL11JL1J', 'xL13JL7J', 'xL14JL9J'}
| | | | | | | | +-- , 73 , {75} , {'xL15JL2J', 'xL19JL2J', 'xL16JL2J', 'xL18JL2J', 'xL17JL2J'}
| | | | | | | | | +-- , 75 , {77} , {'xL19JL2J', 'xL16JL2J', 'xL18JL2J', 'xL16JL1J', 'xL17JL2J'}
| | | | | | | | | | +-- , 77 , {79} , {'xL19JL2J', 'xL19JL1J', 'xL18JL1J', 'xL18JL2J', 'xL17JL1J', 'xL16JL1J', 'xL17JL2J'}
| | | | | | | | | | | +-- , 79 , set() , {'xL19JL2J', 'xL19JL1J', 'xL18JL1J', 'xL18JL2J', 'xL19JL3J', 'xL18JL3J'}
| | | | | | | | +-- , 81 , {83, 106} , {'xL11JL2J', 'xL11JL5J', 'xL14JL9J', 'xL13JL7J', 'xL15JL3J', 'xL12JL7J', 'xL14JL7J', 'xL15JL4J', 'xL16JL4J', 'xL17JL4J', 'xL11JL1J', 'xL15JL9J'}
| | | | | | | | | +-- , 83 , {85, 95} , {'xL15JL8J', 'xL14JL8J', 'xL14JL7J', 'xL16JL4J', 'xL17JL4J', 'xL14JL9J', 'xL15JL10J', 'xL15JL9J'}
| | | | | | | | | | +-- , 85 , {87} , {'xL16JL8J', 'xL15JL8J', 'xL14JL8J', 'xL16JL4J', 'xL17JL8J', 'xL17JL4J'}
| | | | | | | | | | | +-- , 87 , {89} , {'xL17JL7J', 'xL16JL8J', 'xL16JL4J', 'xL17JL8J', 'xL17JL4J', 'xL17JL5J', 'xL17JL6J'}
| | | | | | | | | | | | +-- , 89 , {91} , {'xL17JL7J', 'xL16JL8J', 'xL16JL7J', 'xL16JL4J', 'xL16JL5J', 'xL17JL5J', 'xL17JL6J'}
| | | | | | | | | | | | | +-- , 91 , {93} , {'xL17JL7J', 'xL18JL7J', 'xL16JL7J', 'xL16JL5J', 'xL19JL7J', 'xL17JL5J', 'xL17JL6J'}
| | | | | | | | | | | | | | +-- , 93 , set() , {'xL18JL7J', 'xL19JL6J', 'xL19JL5J', 'xL18JL6J', 'xL16JL5J', 'xL19JL7J', 'xL18JL5J', 'xL17JL5J', 'xL17JL6J'}
| | | | | | | | | | +-- , 95 , {97} , {'xL18JL10J', 'xL16JL10J', 'xL19JL10J', 'xL15JL10J', 'xL17JL10J'}
| | | | | | | | | | | +-- , 97 , {100} , {'xL18JL10J', 'xL16JL10J', 'xL19JL10J', 'xL19JL11J', 'xL19JL9J', 'xL17JL10J'}
| | | | | | | | | | | | +-- , 100 , {104, 102} , {'xL16JL10J', 'xL18JL10J', 'xL19JL11J', 'xL18JL11J', 'xL19JL9J', 'xL17JL10J'}
| | | | | | | | | | | | | +-- , 104 , set() , {'xL18JL10J', 'xL18JL11J', 'xL18JL9J', 'xL19JL9J'}
| | | | | | | | | | | | | +-- , 102 , set() , {'xL17JL11J', 'xL16JL10J', 'xL16JL11J', 'xL19JL11J', 'xL18JL11J', 'xL17JL10J'}
| | | | | | | | | +-- , 106 , {114, 108} , {'xL14JL3J', 'xL11JL5J', 'xL11JL2J', 'xL15JL3J', 'xL12JL7J', 'xL14JL4J', 'xL15JL4J', 'xL16JL4J', 'xL11JL1J', 'xL13JL7J', 'xL17JL4J', 'xL13JL3J'}
| | | | | | | | | | +-- , 114 , {116} , {'xL11JL2J', 'xL13JL2J', 'xL13JL1J', 'xL11JL1J', 'xL13JL3J'}
| | | | | | | | | | | +-- , 116 , set() , {'xL11JL2J', 'xL12JL1J', 'xL13JL2J', 'xL13JL1J', 'xL11JL1J', 'xL12JL2J'}
| | | | | | | | | | +-- , 108 , {110} , {'xL14JL3J', 'xL11JL5J', 'xL12JL7J', 'xL14JL4J', 'xL14JL5J', 'xL13JL7J'}
| | | | | | | | | | | +-- , 110 , {112} , {'xL13JL5J', 'xL11JL5J', 'xL12JL7J', 'xL12JL5J', 'xL14JL5J', 'xL13JL7J'}
| | | | | | | | | | | | +-- , 112 , set() , {'xL13JL5J', 'xL13JL7J', 'xL12JL7J', 'xL12JL5J', 'xL13JL6J', 'xL12JL6J'}
| | | | | | | +-- , 118 , {120} , {'xL11JL10J', 'xL11JL11J', 'xL14JL9J', 'xL13JL9J', 'xL15JL9J'}
| | | | | | | | +-- , 120 , {122} , {'xL11JL10J', 'xL11JL11J', 'xL13JL10J', 'xL13JL9J', 'xL13JL11J'}
| | | | | | | | | +-- , 122 , set() , {'xL11JL10J', 'xL11JL11J', 'xL12JL11J', 'xL13JL10J', 'xL12JL10J', 'xL13JL11J'}
| | | | | +-- , 61 , {63} , {'xL11JL2J', 'xL11JL5J', 'xL11JL3J', 'xL11JL4J', 'xL9JL4J', 'xL11JL1J', 'xL9JL3J'}
| | | | | | +-- , 63 , set() , {'xL10JL3J', 'xL11JL3J', 'xL11JL4J', 'xL9JL4J', 'xL9JL3J', 'xL10JL4J'}
| | | +-- , 55 , set() , {'xL9JL9J', 'xL11JL9J', 'xL10JL9J', 'xL10JL8J', 'xL9JL8J', 'xL11JL8J'}
| +-- , 3 , {5} , {'xL9JL9J', 'xL9JL7J', 'xL9JL5J', 'xL9JL11J', 'xL9JL8J', 'xL9JL10J', 'xL5JL3J', 'xL6JL3J'}
| | +-- , 5 , {7} , {'xL9JL7J', 'xL6JL5J', 'xL9JL5J', 'xL7JL5J', 'xL9JL11J', 'xL9JL10J', 'xL8JL5J', 'xL6JL3J', 'xL5JL3J'}
| | | +-- , 7 , {10, 47} , {'xL6JL8J', 'xL9JL7J', 'xL8JL5J', 'xL6JL5J', 'xL7JL5J', 'xL9JL11J', 'xL6JL9J', 'xL9JL10J', 'xL5JL3J', 'xL6JL7J', 'xL6JL3J'}
| | | | +-- , 10 , {12, 39} , {'xL6JL8J', 'xL5JL2J', 'xL6JL5J', 'xL9JL11J', 'xL6JL4J', 'xL6JL9J', 'xL9JL10J', 'xL5JL3J', 'xL5JL4J', 'xL6JL3J'}
| | | | | +-- , 12 , {14} , {'xL6JL8J', 'xL3JL4J', 'xL4JL4J', 'xL9JL11J', 'xL6JL4J', 'xL6JL9J', 'xL9JL10J', 'xL5JL4J'}
| | | | | | +-- , 14 , {16, 26} , {'xL6JL8J', 'xL3JL4J', 'xL4JL4J', 'xL9JL11J', 'xL5JL8J', 'xL6JL9J', 'xL9JL10J'}
| | | | | | | +-- , 16 , {18} , {'xL6JL8J', 'xL3JL4J', 'xL4JL4J', 'xL5JL8J', 'xL4JL8J', 'xL3JL8J'}
| | | | | | | | +-- , 18 , {20} , {'xL3JL5J', 'xL3JL4J', 'xL4JL4J', 'xL4JL8J', 'xL3JL6J', 'xL3JL8J', 'xL3JL7J'}
| | | | | | | | | +-- , 20 , {22} , {'xL3JL5J', 'xL4JL5J', 'xL4JL4J', 'xL4JL8J', 'xL3JL6J', 'xL3JL7J'}
| | | | | | | | | | +-- , 22 , {24} , {'xL3JL5J', 'xL4JL5J', 'xL4JL7J', 'xL4JL8J', 'xL3JL6J', 'xL3JL7J'}
| | | | | | | | | | | +-- , 24 , set() , {'xL1JL7J', 'xL3JL5J', 'xL4JL5J', 'xL4JL7J', 'xL2JL6J', 'xL1JL5J', 'xL2JL5J', 'xL3JL6J', 'xL1JL6J', 'xL3JL7J', 'xL2JL7J'}
| | | | | | | +-- , 26 , {32, 28} , {'xL5JL8J', 'xL6JL9J', 'xL9JL10J', 'xL7JL9J', 'xL5JL9J', 'xL5JL10J', 'xL9JL11J'}
| | | | | | | | +-- , 32 , {34} , {'xL1JL10J', 'xL2JL10J', 'xL4JL10J', 'xL5JL10J', 'xL3JL10J'}
| | | | | | | | | +-- , 34 , {37} , {'xL3JL11J', 'xL2JL11J', 'xL1JL10J', 'xL2JL10J', 'xL4JL10J', 'xL1JL11J', 'xL3JL10J', 'xL4JL11J'}
| | | | | | | | | | +-- , 37 , set() , {'xL2JL11J', 'xL1JL10J', 'xL1JL9J', 'xL2JL10J', 'xL1JL11J', 'xL2JL9J'}
| | | | | | | | +-- , 28 , {30} , {'xL7JL10J', 'xL9JL11J', 'xL7JL11J', 'xL9JL10J', 'xL7JL9J'}
| | | | | | | | | +-- , 30 , set() , {'xL8JL11J', 'xL7JL10J', 'xL9JL11J', 'xL7JL11J', 'xL9JL10J', 'xL8JL10J'}
| | | | | +-- , 39 , {41} , {'xL4JL2J', 'xL5JL2J', 'xL1JL2J', 'xL2JL2J', 'xL3JL2J'}
| | | | | | +-- , 41 , {43} , {'xL4JL2J', 'xL3JL1J', 'xL1JL2J', 'xL2JL2J', 'xL3JL2J'}
| | | | | | | +-- , 43 , {45} , {'xL4JL2J', 'xL4JL1J', 'xL3JL1J', 'xL1JL2J', 'xL2JL1J', 'xL2JL2J', 'xL1JL1J'}
| | | | | | | | +-- , 45 , set() , {'xL1JL3J', 'xL2JL3J', 'xL1JL2J', 'xL2JL1J', 'xL2JL2J', 'xL1JL1J'}
| | | | +-- , 47 , {49} , {'xL9JL7J', 'xL8JL5J', 'xL7JL7J', 'xL7JL5J', 'xL8JL7J', 'xL6JL7J'}
| | | | | +-- , 49 , set() , {'xL8JL6J', 'xL8JL7J', 'xL7JL7J', 'xL7JL5J', 'xL7JL6J', 'xL8JL5J'}


Max number of edges with non zero Y: 9
Max number of iterations of outer rounding loop: 4
Max number of candidate sets: 2
Time spent rounding: 20.327
Time spent solving Separator LP: 1.618
Total time spent solving: 28.500

LP Solver: GaifmanNormal
Lower Bound Witness = ({'xL1JL10J', 'xL9JL7J', 'xL13JL2J', 'xL16JL11J', 'xL14JL4J', 'xL6JL4J', 'xL12JL2J', 'xL5JL3J', 'xL7JL9J', 'xL19JL9J', 'xL12JL6J', 'xL11JL9J', 'xL7JL7J', 'xL19JL10J', 'xL19JL11J', 'xL14JL8J', 'xL11JL1J', 'xL13JL10J', 'xL13JL7J', 'xL17JL11J', 'xL1JL2J', 'xL9JL8J', 'xL18JL11J', 'xL9JL3J', 'xL18JL9J', 'xL13JL1J', 'xL7JL11J', 'xL18JL5J', 'xL16JL7J', 'xL3JL4J', 'xL16JL10J', 'xL17JL8J', 'xL13JL6J', 'xL2JL9J', 'xL7JL2J', 'xL9JL9J', 'xL5JL9J', 'xL11JL4J', 'xL15JL4J', 'xL3JL6J', 'xL17JL4J', 'xL8JL7J', 'xL13JL9J', 'xL4JL11J', 'xL15JL9J', 'xL8JL1J', 'xL13JL3J', 'xL3JL10J', 'xL11JL2J', 'xL11JL5J', 'xL11JL7J', 'xL11JL10J', 'xL4JL10J', 'xL18JL2J', 'xL12JL7J', 'xL9JL1J', 'xL4JL8J', 'xL11JL8J', 'xL13JL11J', 'xL15JL10J', 'xL3JL7J', 'xL15JL2J', 'xL2JL11J', 'xL5JL2J', 'xL10JL3J', 'xL11JL11J', 'xL2JL6J', 'xL4JL4J', 'xL18JL10J', 'xL5JL10J', 'xL1JL5J', 'xL17JL6J', 'xL5JL4J', 'xL3JL2J', 'xL18JL7J', 'xL15JL3J', 'xL8JL5J', 'xL3JL8J', 'xL7JL1J', 'xL6JL7J', 'xL6JL5J', 'xL3JL11J', 'xL16JL2J', 'xL12JL1J', 'xL1JL9J', 'xL2JL10J', 'xL7JL6J', 'xL2JL1J', 'xL5JL8J', 'xL6JL9J', 'xL17JL1J', 'xL2JL7J', 'xL17JL7J', 'xL10JL9J', 'xL8JL11J', 'xL4JL1J', 'xL19JL6J', 'xL9JL2J', 'xL14JL9J', 'xL8JL10J', 'xL10JL4J', 'xL17JL10J', 'xL7JL10J', 'xL18JL1J', 'xL10JL8J', 'xL9JL11J', 'xL14JL7J', 'xL18JL6J', 'xL17JL5J', 'xL1JL1J', 'xL1JL7J', 'xL8JL6J', 'xL1JL3J', 'xL6JL8J', 'xL13JL5J', 'xL3JL5J', 'xL2JL3J', 'xL19JL5J', 'xL19JL3J', 'xL9JL4J', 'xL7JL3J', 'xL14JL5J', 'xL4JL2J', 'xL7JL5J', 'xL1JL11J', 'xL12JL5J', 'xL16JL4J', 'xL6JL3J', 'xL4JL7J', 'xL19JL1J', 'xL11JL3J', 'xL12JL11J', 'xL9JL5J', 'xL2JL2J', 'xL9JL10J', 'xL16JL5J', 'xL12JL10J', 'xL16JL1J', 'xL17JL2J', 'xL19JL2J', 'xL3JL1J', 'xL2JL5J', 'xL19JL7J', 'xL14JL3J', 'xL16JL8J', 'xL4JL5J', 'xL18JL3J', 'xL15JL8J', 'xL8JL2J', 'xL1JL6J'}, {'xL11JL2J', 'xL7JL10J', 'xL1JL6J', 'xL4JL4J', 'xL18JL1J', 'xL10JL8J', 'xL7JL1J', 'xL2JL1J', 'xL4JL8J', 'xL7JL3J', 'xL9JL10J', 'xL3JL10J', 'xL5JL4J', 'xL6JL3J', 'xL17JL6J'})