19, 0, 10.0, 10
+-- , 0 , {47, 9, 43, 45, 41} , {'xL2J', 'xL39J', 'xL30J', 'xL25J', 'xL3J', 'xL11J', 'xL12J', 'xL22J', 'xL29J', 'xL8J', 'xL15J', 'xL37J', 'xL13J', 'xL31J', 'xL26J', 'xL36J', 'xL32J'}
| +-- , 47 , set() , {'xL17J', 'xL37J'}
| +-- , 9 , {11} , {'xL2J', 'xL39J', 'xL30J', 'xL25J', 'xL3J', 'xL11J', 'xL12J', 'xL22J', 'xL29J', 'xL15J', 'xL8J', 'xL37J', 'xL13J', 'xL26J', 'xL31J', 'xL36J', 'xL24J'}
| | +-- , 11 , {16, 39} , {'xL2J', 'xL39J', 'xL28J', 'xL30J', 'xL25J', 'xL3J', 'xL11J', 'xL34J', 'xL12J', 'xL22J', 'xL15J', 'xL8J', 'xL37J', 'xL21J', 'xL13J', 'xL26J', 'xL31J', 'xL36J', 'xL24J'}
| | | +-- , 16 , {33, 35, 19, 37, 31} , {'xL2J', 'xL39J', 'xL28J', 'xL30J', 'xL25J', 'xL3J', 'xL11J', 'xL34J', 'xL12J', 'xL22J', 'xL19J', 'xL8J', 'xL37J', 'xL21J', 'xL1J', 'xL13J', 'xL26J', 'xL31J', 'xL36J', 'xL24J'}
| | | | +-- , 33 , set() , {'xL16J', 'xL39J', 'xL1J', 'xL11J'}
| | | | +-- , 35 , set() , {'xL25J', 'xL1J', 'xL30J', 'xL0J'}
| | | | +-- , 19 , {21} , {'xL2J', 'xL39J', 'xL28J', 'xL7J', 'xL3J', 'xL11J', 'xL34J', 'xL12J', 'xL22J', 'xL19J', 'xL8J', 'xL1J', 'xL21J', 'xL37J', 'xL13J', 'xL26J', 'xL31J', 'xL36J', 'xL24J'}
| | | | | +-- , 21 , {23} , {'xL2J', 'xL39J', 'xL28J', 'xL10J', 'xL7J', 'xL3J', 'xL11J', 'xL34J', 'xL12J', 'xL22J', 'xL19J', 'xL1J', 'xL21J', 'xL37J', 'xL26J', 'xL31J', 'xL36J', 'xL24J'}
| | | | | | +-- , 23 , {25, 27} , {'xL2J', 'xL39J', 'xL28J', 'xL10J', 'xL7J', 'xL20J', 'xL3J', 'xL34J', 'xL12J', 'xL22J', 'xL19J', 'xL1J', 'xL21J', 'xL37J', 'xL26J', 'xL36J', 'xL24J', 'xL4J'}
| | | | | | | +-- , 25 , set() , {'xL2J', 'xL39J', 'xL28J', 'xL7J', 'xL20J', 'xL9J', 'xL23J', 'xL19J'}
| | | | | | | +-- , 27 , {29} , {'xL2J', 'xL37J', 'xL14J', 'xL36J', 'xL24J', 'xL4J', 'xL22J'}
| | | | | | | | +-- , 29 , set() , {'xL2J', 'xL14J', 'xL33J', 'xL36J'}
| | | | +-- , 37 , set() , {'xL27J', 'xL1J', 'xL11J'}
| | | | +-- , 31 , set() , {'xL37J', 'xL1J', 'xL38J', 'xL31J', 'xL11J'}
| | | +-- , 39 , set() , {'xL21J', 'xL35J'}
| +-- , 43 , set() , {'xL29J', 'xL6J'}
| +-- , 45 , set() , {'xL5J', 'xL37J'}
| +-- , 41 , set() , {'xL8J', 'xL18J', 'xL30J', 'xL12J'}


Max number of edges with non zero Y: 28
Max number of iterations of outer rounding loop: 11
Max number of candidate sets: 2
Time spent rounding: 47.898
Time spent solving Separator LP: 0.114

LP Solver: gammaPlusFractionalCoverHeuristic