23, 2.638923298888987, 6.0, 6
+-- , 0 , {5, 39, 9, 41, 47, 49, 51} , {'xL2J', 'xL39J', 'xL28J', 'xL8J', 'xL1J', 'xL37J', 'xL20J', 'xL11J', 'xL12J', 'xL23J', 'xL9J'}
| +-- , 5 , set() , {'xL15J', 'xL39J', 'xL28J', 'xL12J'}
| +-- , 39 , set() , {'xL27J', 'xL1J', 'xL11J'}
| +-- , 9 , {11} , {'xL2J', 'xL39J', 'xL20J', 'xL25J', 'xL11J', 'xL12J', 'xL9J', 'xL8J', 'xL1J', 'xL37J'}
| | +-- , 11 , {35, 37, 13} , {'xL2J', 'xL39J', 'xL30J', 'xL8J', 'xL1J', 'xL37J', 'xL20J', 'xL25J', 'xL12J', 'xL9J'}
| | | +-- , 35 , set() , {'xL8J', 'xL18J', 'xL30J', 'xL12J'}
| | | +-- , 37 , set() , {'xL25J', 'xL1J', 'xL30J', 'xL0J'}
| | | +-- , 13 , {15} , {'xL2J', 'xL39J', 'xL30J', 'xL20J', 'xL12J', 'xL9J', 'xL8J', 'xL1J', 'xL37J', 'xL26J'}
| | | | +-- , 15 , {17, 33, 21} , {'xL2J', 'xL39J', 'xL20J', 'xL34J', 'xL12J', 'xL9J', 'xL8J', 'xL1J', 'xL21J', 'xL37J', 'xL26J', 'xL4J'}
| | | | | +-- , 17 , set() , {'xL21J', 'xL35J'}
| | | | | +-- , 33 , set() , {'xL8J', 'xL3J', 'xL4J'}
| | | | | +-- , 21 , {23} , {'xL2J', 'xL39J', 'xL8J', 'xL37J', 'xL21J', 'xL34J', 'xL36J', 'xL4J', 'xL12J', 'xL9J'}
| | | | | | +-- , 23 , {25, 29} , {'xL2J', 'xL8J', 'xL37J', 'xL9J', 'xL34J', 'xL36J', 'xL24J', 'xL4J', 'xL12J', 'xL19J'}
| | | | | | | +-- , 25 , {27} , {'xL29J', 'xL36J', 'xL8J', 'xL32J', 'xL24J'}
| | | | | | | | +-- , 27 , set() , {'xL29J', 'xL6J'}
| | | | | | | +-- , 29 , {31} , {'xL2J', 'xL8J', 'xL37J', 'xL14J', 'xL36J', 'xL24J', 'xL4J', 'xL22J'}
| | | | | | | | +-- , 31 , set() , {'xL2J', 'xL14J', 'xL33J', 'xL36J'}
| +-- , 41 , {43} , {'xL39J', 'xL10J', 'xL8J', 'xL7J', 'xL1J', 'xL37J', 'xL20J', 'xL11J', 'xL12J', 'xL23J'}
| | +-- , 43 , {45} , {'xL10J', 'xL7J', 'xL37J', 'xL1J', 'xL38J', 'xL11J'}
| | | +-- , 45 , set() , {'xL10J', 'xL7J', 'xL38J', 'xL13J', 'xL31J'}
| +-- , 47 , set() , {'xL16J', 'xL39J', 'xL1J', 'xL11J'}
| +-- , 49 , set() , {'xL5J', 'xL37J'}
| +-- , 51 , set() , {'xL17J', 'xL37J'}


Max number of edges with non zero Y: 27
Max number of iterations of outer rounding loop: 4
Max number of candidate sets: 2
Time spent rounding: 15.857
Time spent solving Separator LP: 0.426

LP Solver: GaifmanBoosted