298, 2.8153294326097473, 7.5, 8
+-- , 0 , {1, 595, 604} , {'G91', 'I165'}
| +-- , 1 , {3, 582, 457, 586, 588, 268, 429, 590, 592, 286} , {'II538', 'G366', 'G360', 'G391', 'G383', 'G390', 'G225', 'I546', 'G373', 'G397', 'G395', 'G379', 'G256', 'G365', 'G364', 'G377', 'G393', 'G381', 'G387', 'G375', 'G368', 'I537', 'I553'}
| | +-- , 3 , {5, 264, 250} , {'II538', 'G366', 'G360', 'G391', 'G383', 'G390', 'I546', 'G373', 'G392', 'G114', 'G352', 'G397', 'G395', 'G379', 'G276', 'G375', 'G365', 'G364', 'G393', 'G387', 'II524', 'G368', 'I537'}
| | | +-- , 5 , {239, 7} , {'II538', 'G366', 'G360', 'G391', 'G383', 'G390', 'I546', 'G373', 'G392', 'G114', 'G266', 'G352', 'G270', 'G397', 'G395', 'G379', 'G375', 'G365', 'G267', 'G364', 'G387', 'II524', 'G368', 'I537', 'G265'}
| | | | +-- , 239 , {241} , {'I222', 'I223', 'G270'}
| | | | | +-- , 241 , {244} , {'G298', 'G90', 'I222', 'I223', 'G26'}
| | | | | | +-- , 244 , {246} , {'G298', 'I222', 'I608', 'I223'}
| | | | | | | +-- , 246 , {248} , {'I222', 'I608', 'G124', 'I223'}
| | | | | | | | +-- , 248 , set() , {'G124', 'I223', 'I222', 'I224'}
| | | | +-- , 7 , {9, 124, 235} , {'G367', 'G366', 'G360', 'G391', 'G383', 'G390', 'G392', 'G114', 'G266', 'G262', 'G352', 'G397', 'G395', 'G379', 'G265', 'G375', 'G365', 'G364', 'G387', 'II524', 'G368', 'G373', 'I533'}
| | | | | +-- , 9 , {116, 11, 15} , {'G367', 'G366', 'G115', 'G391', 'G390', 'G114', 'G392', 'G262', 'G397', 'G395', 'G379', 'G365', 'G232', 'G387', 'G375', 'G373', 'G338'}
| | | | | | +-- , 116 , {118} , {'I263', 'G338'}
| | | | | | | +-- , 118 , {120} , {'I263', 'G339'}
| | | | | | | | +-- , 120 , {122} , {'G339', 'G98', 'G33'}
| | | | | | | | | +-- , 122 , set() , {'G98', 'G98BF'}
| | | | | | +-- , 11 , {13} , {'I260', 'G375', 'I291', 'G338'}
| | | | | | | +-- , 13 , set() , {'G194', 'I291', 'I260'}
| | | | | | +-- , 15 , {17} , {'G367', 'G366', 'I172', 'G115', 'G391', 'G390', 'G392', 'G262', 'G397', 'G395', 'G379', 'G365', 'G232', 'G375', 'G373'}
| | | | | | | +-- , 17 , {112, 19} , {'G367', 'G366', 'I172', 'G391', 'G361', 'I518', 'G390', 'G392', 'G281', 'G248', 'G262', 'G397', 'G395', 'G71', 'G379', 'G65', 'G258', 'G365', 'G232', 'G375', 'G373'}
| | | | | | | | +-- , 112 , {114} , {'I646', 'G361'}
| | | | | | | | | +-- , 114 , set() , {'I646', 'G5'}
| | | | | | | | +-- , 19 , {21} , {'G366', 'G361', 'G392', 'G281', 'I299', 'G71', 'G379', 'G258', 'G139', 'I300', 'G375', 'G373'}
| | | | | | | | | +-- , 21 , {23} , {'G366', 'G361', 'G227', 'I328', 'G392', 'I299', 'G379', 'G258', 'G139', 'I329', 'I300', 'G375', 'G373'}
| | | | | | | | | | +-- , 23 , {90, 25} , {'G379', 'G258', 'G356', 'G361', 'I329', 'G227', 'I328', 'I300', 'G375', 'G392', 'G210', 'G373', 'I299'}
| | | | | | | | | | | +-- , 90 , {92} , {'G243', 'G258', 'G272', 'G361', 'G227', 'G392', 'G210'}
| | | | | | | | | | | | +-- , 92 , {98, 104, 94} , {'G211', 'I237', 'G272', 'G303', 'G392', 'G210'}
| | | | | | | | | | | | | +-- , 98 , {100} , {'I372', 'G303', 'G392'}
| | | | | | | | | | | | | | +-- , 100 , {102} , {'I372', 'G154', 'G392'}
| | | | | | | | | | | | | | | +-- , 102 , set() , {'G154', 'I390', 'G392'}
| | | | | | | | | | | | | +-- , 104 , {106} , {'G303', 'I375'}
| | | | | | | | | | | | | | +-- , 106 , {108} , {'G304', 'I375'}
| | | | | | | | | | | | | | | +-- , 108 , {110} , {'G304', 'G15', 'G104'}
| | | | | | | | | | | | | | | | +-- , 110 , set() , {'G104BF', 'G104'}
| | | | | | | | | | | | | +-- , 94 , {96} , {'G211', 'I199', 'G126', 'I237'}
| | | | | | | | | | | | | | +-- , 96 , set() , {'I199', 'G126', 'G76'}
| | | | | | | | | | | +-- , 25 , {28, 60} , {'G253', 'G356', 'I329', 'G374', 'I328', 'I300', 'G375', 'G373', 'I299'}
| | | | | | | | | | | | +-- , 28 , {52, 30} , {'G356', 'I329', 'G374', 'G355', 'I328', 'I300', 'G375', 'G252', 'I299'}
| | | | | | | | | | | | | +-- , 52 , {58, 54} , {'I329', 'G374', 'G285', 'I328', 'G375', 'G252'}
| | | | | | | | | | | | | | +-- , 58 , set() , {'I327', 'I329', 'G285', 'I328'}
| | | | | | | | | | | | | | +-- , 54 , {56} , {'G236', 'G374', 'G285', 'G375', 'G252'}
| | | | | | | | | | | | | | | +-- , 56 , set() , {'G374', 'G375', 'G376', 'G236'}
| | | | | | | | | | | | | +-- , 30 , {32} , {'G355', 'I300', 'I341', 'I299'}
| | | | | | | | | | | | | | +-- , 32 , {34} , {'I300', 'I341', 'I299', 'G174'}
| | | | | | | | | | | | | | | +-- , 34 , {36} , {'I300', 'I335', 'I299', 'G174'}
| | | | | | | | | | | | | | | | +-- , 36 , {38} , {'I300', 'G173', 'I335', 'I299'}
| | | | | | | | | | | | | | | | | +-- , 38 , {40} , {'I406', 'I300', 'G173', 'I299'}
| | | | | | | | | | | | | | | | | | +-- , 40 , {42, 50} , {'G87', 'I406', 'I300', 'I299'}
| | | | | | | | | | | | | | | | | | | +-- , 42 , {44} , {'G87', 'G329', 'I300', 'G23', 'I299'}
| | | | | | | | | | | | | | | | | | | | +-- , 44 , {46} , {'G329', 'I321', 'I300', 'I299'}
| | | | | | | | | | | | | | | | | | | | | +-- , 46 , {48} , {'G135', 'I321', 'I300', 'I299'}
| | | | | | | | | | | | | | | | | | | | | | +-- , 48 , set() , {'I301', 'G135', 'I299', 'I300'}
| | | | | | | | | | | | | | | | | | | +-- , 50 , set() , {'G87BF', 'G87'}
| | | | | | | | | | | | +-- , 60 , {62} , {'G253', 'G356', 'G374', 'G237', 'G375', 'G373'}
| | | | | | | | | | | | | +-- , 62 , {64} , {'G237', 'G253', 'G356', 'G286', 'G373'}
| | | | | | | | | | | | | | +-- , 64 , {66} , {'II335', 'G356', 'I334', 'G286', 'G373'}
| | | | | | | | | | | | | | | +-- , 66 , {68, 86, 76} , {'I334', 'II335', 'G356', 'G341', 'G373'}
| | | | | | | | | | | | | | | | +-- , 68 , {70} , {'I369', 'G341'}
| | | | | | | | | | | | | | | | | +-- , 70 , {72} , {'I369', 'G342'}
| | | | | | | | | | | | | | | | | | +-- , 72 , {74} , {'G32', 'G342', 'G97'}
| | | | | | | | | | | | | | | | | | | +-- , 74 , set() , {'G97BF', 'G97'}
| | | | | | | | | | | | | | | | +-- , 86 , {88} , {'I386', 'I366', 'G341', 'G373'}
| | | | | | | | | | | | | | | | | +-- , 88 , set() , {'I366', 'I386', 'G198'}
| | | | | | | | | | | | | | | | +-- , 76 , {78} , {'II335', 'G356', 'G341', 'G116', 'I334', 'G117'}
| | | | | | | | | | | | | | | | | +-- , 78 , {80} , {'I334', 'II335', 'G117', 'I175'}
| | | | | | | | | | | | | | | | | | +-- , 80 , {82} , {'I334', 'II335', 'G72', 'I175'}
| | | | | | | | | | | | | | | | | | | +-- , 82 , {84} , {'I334', 'II335', 'G72', 'G140'}
| | | | | | | | | | | | | | | | | | | | +-- , 84 , set() , {'I334', 'II335', 'G140', 'I336'}
| | | | | +-- , 124 , {126} , {'G367', 'G222', 'G366', 'G360', 'G383', 'G390', 'G352', 'G397', 'G395', 'G379', 'G364', 'G387', 'II524', 'G264'}
| | | | | | +-- , 126 , {128, 229} , {'G222', 'G366', 'G383', 'G352', 'G397', 'G395', 'G379', 'G321', 'G387', 'G223', 'II524', 'G264'}
| | | | | | | +-- , 128 , {130} , {'G366', 'G383', 'G352', 'G397', 'G395', 'G379', 'I190', 'G387', 'G223', 'II524', 'G264'}
| | | | | | | | +-- , 130 , {132} , {'G366', 'G383', 'G352', 'G397', 'G395', 'G379', 'I190', 'G387', 'II524', 'G82', 'G264'}
| | | | | | | | | +-- , 132 , {134} , {'G366', 'G383', 'G352', 'G397', 'G395', 'G379', 'G132', 'G387', 'II524', 'G82', 'G264'}
| | | | | | | | | | +-- , 134 , {136} , {'G366', 'G383', 'G352', 'G397', 'G395', 'G379', 'G132', 'G387', 'II524', 'I279', 'G264'}
| | | | | | | | | | | +-- , 136 , {138} , {'G366', 'G278', 'G383', 'G352', 'G397', 'G395', 'G379', 'G387', 'II524', 'I279', 'G264'}
| | | | | | | | | | | | +-- , 138 , {140} , {'G366', 'G278', 'G383', 'G352', 'G397', 'G395', 'G396', 'G379', 'G387', 'II524', 'G264'}
| | | | | | | | | | | | | +-- , 140 , {142} , {'G366', 'G383', 'G234', 'G352', 'G379', 'G395', 'G396', 'G387', 'II524', 'G264'}
| | | | | | | | | | | | | | +-- , 142 , {144} , {'G366', 'G383', 'G234', 'G250', 'G352', 'G379', 'G395', 'G396', 'G260', 'G245', 'II524', 'G264'}
| | | | | | | | | | | | | | | +-- , 144 , {146} , {'G379', 'G396', 'G366', 'G260', 'G245', 'G383', 'G234', 'G229', 'G250', 'G274', 'G264'}
| | | | | | | | | | | | | | | | +-- , 146 , {149} , {'G384', 'G379', 'G396', 'I251', 'G383', 'G234', 'G250', 'G274', 'G264'}
| | | | | | | | | | | | | | | | | +-- , 149 , {151} , {'G384', 'G379', 'G396', 'I251', 'G128', 'G383', 'G234', 'G250', 'G264'}
| | | | | | | | | | | | | | | | | | +-- , 151 , {153} , {'G384', 'G379', 'G396', 'G78', 'G128', 'G383', 'G234', 'G250', 'G264'}
| | | | | | | | | | | | | | | | | | | +-- , 153 , {155} , {'G384', 'G379', 'G396', 'I208', 'G78', 'G383', 'G234', 'G250', 'G264'}
| | | | | | | | | | | | | | | | | | | | +-- , 155 , {157} , {'G384', 'G379', 'G215', 'G396', 'I208', 'G383', 'G234', 'G250', 'G264'}
| | | | | | | | | | | | | | | | | | | | | +-- , 157 , {217, 221, 159} , {'G384', 'G379', 'G215', 'G396', 'G309', 'G383', 'G234', 'G214', 'G250', 'G264'}
| | | | | | | | | | | | | | | | | | | | | | +-- , 217 , {219} , {'G396', 'G309', 'I360', 'I382'}
| | | | | | | | | | | | | | | | | | | | | | | +-- , 219 , set() , {'I360', 'G162', 'I382'}
| | | | | | | | | | | | | | | | | | | | | | +-- , 221 , {223} , {'G309', 'I363'}
| | | | | | | | | | | | | | | | | | | | | | | +-- , 223 , {225} , {'G310', 'I363'}
| | | | | | | | | | | | | | | | | | | | | | | | +-- , 225 , {227} , {'G310', 'G17', 'G106'}
| | | | | | | | | | | | | | | | | | | | | | | | | +-- , 227 , set() , {'G106BF', 'G106'}
| | | | | | | | | | | | | | | | | | | | | | +-- , 159 , {194, 161} , {'G384', 'G379', 'G359', 'G67', 'G383', 'G234', 'G283', 'G214', 'G250', 'G264'}
| | | | | | | | | | | | | | | | | | | | | | | +-- , 194 , {197} , {'G283', 'I314', 'G359', 'I313'}
| | | | | | | | | | | | | | | | | | | | | | | | +-- , 197 , {199} , {'G184', 'I314', 'G359', 'I313'}
| | | | | | | | | | | | | | | | | | | | | | | | | +-- , 199 , {201} , {'G184', 'I338', 'I314', 'I313'}
| | | | | | | | | | | | | | | | | | | | | | | | | | +-- , 201 , {203} , {'I338', 'I314', 'G183', 'I313'}
| | | | | | | | | | | | | | | | | | | | | | | | | | | +-- , 203 , {205} , {'I422', 'I314', 'G183', 'I313'}
| | | | | | | | | | | | | | | | | | | | | | | | | | | | +-- , 205 , {207, 215} , {'I422', 'I314', 'G89', 'I313'}
| | | | | | | | | | | | | | | | | | | | | | | | | | | | | +-- , 207 , {209} , {'G333', 'G25', 'I314', 'G89', 'I313'}
| | | | | | | | | | | | | | | | | | | | | | | | | | | | | | +-- , 209 , {211} , {'I324', 'I314', 'G333', 'I313'}
| | | | | | | | | | | | | | | | | | | | | | | | | | | | | | | +-- , 211 , {213} , {'G137', 'I324', 'I314', 'I313'}
| | | | | | | | | | | | | | | | | | | | | | | | | | | | | | | | +-- , 213 , set() , {'G137', 'I314', 'I315', 'I313'}
| | | | | | | | | | | | | | | | | | | | | | | | | | | | | +-- , 215 , set() , {'G89', 'G89BF'}
| | | | | | | | | | | | | | | | | | | | | | | +-- , 161 , {164} , {'G384', 'G240', 'G359', 'G383', 'G108'}
| | | | | | | | | | | | | | | | | | | | | | | | +-- , 164 , {192, 166} , {'G384', 'G240', 'G383', 'G108', 'G268', 'G224'}
| | | | | | | | | | | | | | | | | | | | | | | | | +-- , 192 , set() , {'II476', 'G384', 'G224'}
| | | | | | | | | | | | | | | | | | | | | | | | | +-- , 166 , {176, 182, 168} , {'G109', 'G383', 'G108', 'II208', 'G293', 'G268'}
| | | | | | | | | | | | | | | | | | | | | | | | | | +-- , 176 , {178} , {'G383', 'G293', 'I354'}
| | | | | | | | | | | | | | | | | | | | | | | | | | | +-- , 178 , {180} , {'G146', 'G383', 'I354'}
| | | | | | | | | | | | | | | | | | | | | | | | | | | | +-- , 180 , set() , {'I378', 'G146', 'G383'}
| | | | | | | | | | | | | | | | | | | | | | | | | | +-- , 182 , {184} , {'G109', 'II208', 'I209', 'G268'}
| | | | | | | | | | | | | | | | | | | | | | | | | | | +-- , 184 , {186} , {'G109', 'II208', 'I209', 'I196'}
| | | | | | | | | | | | | | | | | | | | | | | | | | | | +-- , 186 , {188} , {'II208', 'I209', 'I196', 'G68'}
| | | | | | | | | | | | | | | | | | | | | | | | | | | | | +-- , 188 , {190} , {'II208', 'I209', 'G122', 'G68'}
| | | | | | | | | | | | | | | | | | | | | | | | | | | | | | +-- , 190 , set() , {'I210', 'G122', 'II208', 'I209'}
| | | | | | | | | | | | | | | | | | | | | | | | | | +-- , 168 , {170} , {'I357', 'G293'}
| | | | | | | | | | | | | | | | | | | | | | | | | | | +-- , 170 , {172} , {'I357', 'G294'}
| | | | | | | | | | | | | | | | | | | | | | | | | | | | +-- , 172 , {174} , {'G294', 'G101', 'G36'}
| | | | | | | | | | | | | | | | | | | | | | | | | | | | | +-- , 174 , set() , {'G101', 'G101BF'}
| | | | | | | +-- , 229 , {231} , {'G321', 'I281'}
| | | | | | | | +-- , 231 , {233} , {'G322', 'I281'}
| | | | | | | | | +-- , 233 , set() , {'G21', 'G322', 'G85'}
| | | | | +-- , 235 , {237} , {'G367', 'I660'}
| | | | | | +-- , 237 , set() , {'G10', 'I660'}
| | | +-- , 264 , {266} , {'I633', 'G352'}
| | | | +-- , 266 , set() , {'I633', 'G1'}
| | | +-- , 250 , {252} , {'G360', 'G276', 'I265', 'G218'}
| | | | +-- , 252 , {254} , {'G130', 'I265', 'G218'}
| | | | | +-- , 254 , {256, 262} , {'G315', 'G219', 'G80', 'G130', 'G218'}
| | | | | | +-- , 256 , {258} , {'G315', 'I275'}
| | | | | | | +-- , 258 , {260} , {'I275', 'G316'}
| | | | | | | | +-- , 260 , set() , {'G19', 'G83', 'G316'}
| | | | | | +-- , 262 , set() , {'G219', 'I178', 'G80'}
| | +-- , 582 , {584} , {'G360', 'I643'}
| | | +-- , 584 , set() , {'G4', 'I643'}
| | +-- , 457 , {580, 459} , {'G366', 'G360', 'G391', 'G371', 'G390', 'G225', 'I546', 'G373', 'G397', 'G395', 'G379', 'G247', 'G256', 'G365', 'G241', 'G393', 'G387', 'G150', 'G375', 'G368', 'I537', 'G369', 'I553'}
| | | +-- , 580 , set() , {'G365', 'G241', 'I495', 'G371', 'G390', 'G368', 'G369'}
| | | +-- , 459 , {550, 461, 572} , {'G366', 'G360', 'G280', 'G371', 'G261', 'G397', 'G395', 'G379', 'I515', 'G226', 'G393', 'G255', 'G354', 'G387', 'G231', 'G247', 'G369', 'G150'}
| | | | +-- , 550 , {568, 552} , {'G379', 'I515', 'G226', 'G208', 'G371', 'G257', 'G354', 'G150', 'G369', 'G363'}
| | | | | +-- , 568 , {570} , {'I652', 'G363'}
| | | | | | +-- , 570 , set() , {'I652', 'G8'}
| | | | | +-- , 552 , {562, 566, 554} , {'G271', 'G209', 'G363', 'G226', 'G208', 'G257', 'G242', 'G300', 'G150'}
| | | | | | +-- , 562 , {564} , {'I193', 'I230', 'G271', 'G209'}
| | | | | | | +-- , 564 , set() , {'I193', 'G75', 'G125', 'I230'}
| | | | | | +-- , 566 , set() , {'I541', 'G300', 'G150'}
| | | | | | +-- , 554 , {556} , {'I544', 'G300'}
| | | | | | | +-- , 556 , {558} , {'I544', 'G301'}
| | | | | | | | +-- , 558 , {560} , {'G14', 'G103', 'G301'}
| | | | | | | | | +-- , 560 , set() , {'G103', 'G103BF'}
| | | | +-- , 461 , {464} , {'G118', 'G360', 'I293', 'G280', 'G255', 'G371', 'G354', 'I292', 'G369'}
| | | | | +-- , 464 , {466, 546, 538} , {'G118', 'G119', 'I293', 'G255', 'G371', 'G354', 'G344', 'I292', 'G369'}
| | | | | | +-- , 466 , {468} , {'G119', 'I293', 'G255', 'G371', 'G354', 'I292', 'I181', 'G369'}
| | | | | | | +-- , 468 , {470} , {'G73', 'I293', 'G255', 'G371', 'G354', 'I292', 'I181', 'G369'}
| | | | | | | | +-- , 470 , {472} , {'G73', 'I293', 'G141', 'G255', 'G371', 'G354', 'I292', 'G369'}
| | | | | | | | | +-- , 472 , {474} , {'I343', 'I293', 'G141', 'I342', 'G255', 'G371', 'G354', 'I292', 'G369'}
| | | | | | | | | | +-- , 474 , {498, 476} , {'G353', 'I343', 'I293', 'I342', 'G255', 'G371', 'G354', 'I292', 'G369'}
| | | | | | | | | | | +-- , 498 , {530, 500} , {'G370', 'G353', 'I343', 'I342', 'G254', 'G255', 'G371', 'G354', 'G369'}
| | | | | | | | | | | | +-- , 530 , {536, 532} , {'G287', 'G370', 'I343', 'I342', 'G254', 'G371'}
| | | | | | | | | | | | | +-- , 536 , set() , {'II341', 'G287', 'I342', 'I343'}
| | | | | | | | | | | | | +-- , 532 , {534} , {'G287', 'G371', 'G370', 'G238', 'G254'}
| | | | | | | | | | | | | | +-- , 534 , set() , {'G371', 'G372', 'G370', 'G238'}
| | | | | | | | | | | | +-- , 500 , {502} , {'G370', 'G255', 'G371', 'G354', 'G239', 'G369'}
| | | | | | | | | | | | | +-- , 502 , {504} , {'G255', 'G354', 'G288', 'G239', 'G369'}
| | | | | | | | | | | | | | +-- , 504 , {506} , {'I349', 'G354', 'G288', 'I348', 'G369'}
| | | | | | | | | | | | | | | +-- , 506 , {516, 508} , {'G354', 'I349', 'G121', 'I348', 'G369'}
| | | | | | | | | | | | | | | | +-- , 516 , {522, 518} , {'G347', 'G354', 'G121', 'G120', 'G369'}
| | | | | | | | | | | | | | | | | +-- , 522 , {524} , {'G347', 'I538'}
| | | | | | | | | | | | | | | | | | +-- , 524 , {526} , {'I538', 'G348'}
| | | | | | | | | | | | | | | | | | | +-- , 526 , {528} , {'G95', 'G30', 'G348'}
| | | | | | | | | | | | | | | | | | | | +-- , 528 , set() , {'G95', 'G95BF'}
| | | | | | | | | | | | | | | | | +-- , 518 , {520} , {'G347', 'I535', 'G369'}
| | | | | | | | | | | | | | | | | | +-- , 520 , set() , {'I535', 'I547', 'G206', 'G369'}
| | | | | | | | | | | | | | | | +-- , 508 , {510} , {'I349', 'G121', 'I348', 'I187'}
| | | | | | | | | | | | | | | | | +-- , 510 , {512} , {'G74', 'I349', 'I348', 'I187'}
| | | | | | | | | | | | | | | | | | +-- , 512 , {514} , {'G74', 'G142', 'I349', 'I348'}
| | | | | | | | | | | | | | | | | | | +-- , 514 , set() , {'I350', 'G142', 'I348', 'I349'}
| | | | | | | | | | | +-- , 476 , {478} , {'I292', 'G353', 'I293', 'I527'}
| | | | | | | | | | | | +-- , 478 , {480} , {'I292', 'G169', 'I293', 'I527'}
| | | | | | | | | | | | | +-- , 480 , {482} , {'I292', 'I293', 'I524', 'G169'}
| | | | | | | | | | | | | | +-- , 482 , {484} , {'G168', 'I292', 'I293', 'I524'}
| | | | | | | | | | | | | | | +-- , 484 , {486} , {'I398', 'G168', 'I292', 'I293'}
| | | | | | | | | | | | | | | | +-- , 486 , {496, 488} , {'G86', 'I398', 'I292', 'I293'}
| | | | | | | | | | | | | | | | | +-- , 496 , set() , {'G86', 'G86BF'}
| | | | | | | | | | | | | | | | | +-- , 488 , {490} , {'G86', 'G327', 'G22', 'I292', 'I293'}
| | | | | | | | | | | | | | | | | | +-- , 490 , {492} , {'G327', 'I517', 'I292', 'I293'}
| | | | | | | | | | | | | | | | | | | +-- , 492 , {494} , {'I517', 'G134', 'I292', 'I293'}
| | | | | | | | | | | | | | | | | | | | +-- , 494 , set() , {'I293', 'G134', 'I294', 'I292'}
| | | | | | +-- , 546 , {548} , {'I266', 'G371', 'G344'}
| | | | | | | +-- , 548 , set() , {'G202', 'I266', 'G371', 'I295'}
| | | | | | +-- , 538 , {540} , {'I269', 'G344'}
| | | | | | | +-- , 540 , {542} , {'I269', 'G345'}
| | | | | | | | +-- , 542 , {544} , {'G96', 'G345', 'G31'}
| | | | | | | | | +-- , 544 , set() , {'G96', 'G96BF'}
| | | | +-- , 572 , {574} , {'G397', 'G395', 'II527', 'G366', 'G393', 'G261', 'G150'}
| | | | | +-- , 574 , {576} , {'G366', 'II527', 'G150', 'G64', 'G393'}
| | | | | | +-- , 576 , {578} , {'G380', 'G64', 'G150'}
| | | | | | | +-- , 578 , set() , {'G380', 'I551', 'G150'}
| | +-- , 586 , set() , {'G379', 'G3'}
| | +-- , 588 , set() , {'G256', 'G364', 'G377', 'G381', 'G390', 'G368', 'I512'}
| | +-- , 268 , {270} , {'G397', 'G395', 'G360', 'G275', 'I553'}
| | | +-- , 270 , {272} , {'G360', 'G275', 'I258'}
| | | | +-- , 272 , {274} , {'G360', 'G216', 'G129', 'I258'}
| | | | | +-- , 274 , {276} , {'G79', 'G216', 'G129'}
| | | | | | +-- , 276 , {278} , {'G79', 'G216', 'I211'}
| | | | | | | +-- , 278 , {280} , {'G216', 'G217', 'G312', 'I211'}
| | | | | | | | +-- , 280 , {282} , {'I272', 'G312'}
| | | | | | | | | +-- , 282 , {284} , {'G313', 'I272'}
| | | | | | | | | | +-- , 284 , set() , {'G18', 'G313', 'G107'}
| | +-- , 429 , {435, 431} , {'G390', 'G387', 'G225', 'G388'}
| | | +-- , 435 , {453, 437} , {'G386', 'G390', 'G387', 'G388'}
| | | | +-- , 453 , {455} , {'G386', 'I680'}
| | | | | +-- , 455 , set() , {'G11', 'I680'}
| | | | +-- , 437 , {449, 439} , {'G386', 'G389', 'G390', 'G388', 'G289'}
| | | | | +-- , 449 , {451} , {'G389', 'I687'}
| | | | | | +-- , 451 , set() , {'G13', 'I687'}
| | | | | +-- , 439 , {441} , {'I356', 'G289'}
| | | | | | +-- , 441 , {443} , {'I356', 'G143'}
| | | | | | | +-- , 443 , {445} , {'I303', 'G143'}
| | | | | | | | +-- , 445 , {447} , {'I303', 'G350'}
| | | | | | | | | +-- , 447 , set() , {'G28', 'G92', 'G350'}
| | | +-- , 431 , {433} , {'G388', 'I684'}
| | | | +-- , 433 , set() , {'G12', 'I684'}
| | +-- , 590 , set() , {'G2', 'G366'}
| | +-- , 592 , {594} , {'I655', 'G364'}
| | | +-- , 594 , set() , {'I655', 'G9'}
| | +-- , 286 , {288} , {'G366', 'G360', 'G391', 'I521', 'G390', 'G263', 'G397', 'G395', 'G379', 'G364', 'G377', 'G393', 'G381', 'G387', 'G368'}
| | | +-- , 288 , {290, 425} , {'G366', 'G360', 'I521', 'G362', 'G259', 'G263', 'G397', 'G395', 'G379', 'G377', 'G381', 'G387'}
| | | | +-- , 290 , {292} , {'G366', 'G360', 'G220', 'G362', 'G233', 'G259', 'G263', 'G249', 'G397', 'G282', 'G395', 'G379', 'G377', 'G381', 'G387'}
| | | | | +-- , 292 , {387, 294} , {'G366', 'G360', 'G220', 'G362', 'G358', 'G259', 'G249', 'G397', 'G282', 'G395', 'G379', 'G377', 'G381', 'G212'}
| | | | | | +-- , 387 , {417, 389} , {'G213', 'G366', 'G220', 'G362', 'G259', 'G249', 'G397', 'G395', 'G66', 'G306', 'G212'}
| | | | | | | +-- , 417 , {419} , {'G306', 'I469'}
| | | | | | | | +-- , 419 , {421} , {'G307', 'I469'}
| | | | | | | | | +-- , 421 , {423} , {'G105', 'G307', 'G16'}
| | | | | | | | | | +-- , 423 , set() , {'G105', 'G105BF'}
| | | | | | | +-- , 389 , {411, 391} , {'G318', 'G213', 'G366', 'G220', 'G362', 'G259', 'G397', 'G395', 'G66', 'G394', 'G306', 'G221'}
| | | | | | | | +-- , 411 , {413} , {'G318', 'I278'}
| | | | | | | | | +-- , 413 , {415} , {'G319', 'I278'}
| | | | | | | | | | +-- , 415 , set() , {'G84', 'G20', 'G319'}
| | | | | | | | +-- , 391 , {393} , {'G213', 'G366', 'G362', 'G259', 'G397', 'G395', 'G394', 'G306', 'I476', 'G221'}
| | | | | | | | | +-- , 393 , {401, 403, 395} , {'G397', 'G213', 'G395', 'G366', 'G306', 'G362', 'I184', 'G259', 'G158', 'I476', 'G221'}
| | | | | | | | | | +-- , 401 , set() , {'I466', 'G306', 'G158'}
| | | | | | | | | | +-- , 403 , {405} , {'G213', 'G366', 'G228', 'G362', 'G259', 'G158', 'I205'}
| | | | | | | | | | | +-- , 405 , {407} , {'G228', 'G77', 'G273', 'G244', 'G362', 'G259', 'G158', 'I205'}
| | | | | | | | | | | | +-- , 407 , {409} , {'G77', 'G273', 'I244'}
| | | | | | | | | | | | | +-- , 409 , set() , {'G77', 'I244', 'G127'}
| | | | | | | | | | +-- , 395 , {397} , {'G277', 'G397', 'G366', 'I184', 'G158', 'G81'}
| | | | | | | | | | | +-- , 397 , {399} , {'G277', 'G131', 'G81'}
| | | | | | | | | | | | +-- , 399 , set() , {'G277', 'G131', 'II272'}
| | | | | | +-- , 294 , {296} , {'G282', 'G360', 'G251', 'G377', 'G381', 'G358', 'I307', 'I306'}
| | | | | | | +-- , 296 , {298} , {'G110', 'G360', 'G251', 'G377', 'G381', 'G358', 'I307', 'I306'}
| | | | | | | | +-- , 298 , {375, 300, 383} , {'G324', 'G110', 'G111', 'G251', 'G377', 'G381', 'G358', 'I307', 'I306'}
| | | | | | | | | +-- , 375 , {377} , {'G324', 'I257'}
| | | | | | | | | | +-- , 377 , {379} , {'G325', 'I257'}
| | | | | | | | | | | +-- , 379 , {381} , {'G35', 'G100', 'G325'}
| | | | | | | | | | | | +-- , 381 , set() , {'G100BF', 'G100'}
| | | | | | | | | +-- , 300 , {302} , {'G111', 'I202', 'G251', 'G377', 'G381', 'G358', 'I307', 'I306'}
| | | | | | | | | | +-- , 302 , {304} , {'I202', 'G251', 'G377', 'G381', 'G358', 'G69', 'I307', 'I306'}
| | | | | | | | | | | +-- , 304 , {306} , {'G251', 'G377', 'G381', 'G358', 'G133', 'G69', 'I307', 'I306'}
| | | | | | | | | | | | +-- , 306 , {308} , {'I286', 'G251', 'G377', 'G381', 'G358', 'G133', 'II287', 'I307', 'I306'}
| | | | | | | | | | | | | +-- , 308 , {332, 310} , {'G357', 'I286', 'G251', 'G377', 'G381', 'G358', 'II287', 'I307', 'I306'}
| | | | | | | | | | | | | | +-- , 332 , {334, 367} , {'G357', 'I286', 'G378', 'G251', 'G377', 'G381', 'G358', 'II287', 'G246'}
| | | | | | | | | | | | | | | +-- , 334 , {336} , {'G235', 'G378', 'G251', 'G377', 'G381', 'G358'}
| | | | | | | | | | | | | | | | +-- , 336 , {338} , {'G377', 'G235', 'G358', 'G251', 'G284'}
| | | | | | | | | | | | | | | | | +-- , 338 , {341} , {'II321', 'G284', 'G377', 'G358', 'I320'}
| | | | | | | | | | | | | | | | | | +-- , 341 , {343, 363, 351} , {'G377', 'G335', 'G358', 'II321', 'I320'}
| | | | | | | | | | | | | | | | | | | +-- , 343 , {345} , {'I463', 'G335'}
| | | | | | | | | | | | | | | | | | | | +-- , 345 , {347} , {'I463', 'G336'}
| | | | | | | | | | | | | | | | | | | | | +-- , 347 , {349} , {'G34', 'G336', 'G99'}
| | | | | | | | | | | | | | | | | | | | | | +-- , 349 , set() , {'G99BF', 'G99'}
| | | | | | | | | | | | | | | | | | | +-- , 363 , {365} , {'G377', 'G335', 'I460', 'I472'}
| | | | | | | | | | | | | | | | | | | | +-- , 365 , set() , {'G190', 'I472', 'I460'}
| | | | | | | | | | | | | | | | | | | +-- , 351 , {353} , {'G335', 'II321', 'G358', 'G112', 'I320'}
| | | | | | | | | | | | | | | | | | | | +-- , 353 , {355} , {'G335', 'G112', 'G113', 'II321', 'I320'}
| | | | | | | | | | | | | | | | | | | | | +-- , 355 , {357} , {'G113', 'I169', 'II321', 'I320'}
| | | | | | | | | | | | | | | | | | | | | | +-- , 357 , {359} , {'I169', 'II321', 'G70', 'I320'}
| | | | | | | | | | | | | | | | | | | | | | | +-- , 359 , {361} , {'G138', 'II321', 'G70', 'I320'}
| | | | | | | | | | | | | | | | | | | | | | | | +-- , 361 , set() , {'G138', 'II321', 'I322', 'I320'}
| | | | | | | | | | | | | | | +-- , 367 , {369, 371} , {'I286', 'G378', 'G381', 'II287', 'G230', 'G246'}
| | | | | | | | | | | | | | | | +-- , 369 , set() , {'G381', 'G378', 'G230', 'G382'}
| | | | | | | | | | | | | | | | +-- , 371 , {373} , {'II287', 'G230', 'G279', 'I286', 'G246'}
| | | | | | | | | | | | | | | | | +-- , 373 , set() , {'I286', 'II287', 'G279', 'I285'}
| | | | | | | | | | | | | | +-- , 310 , {312} , {'I452', 'G357', 'I307', 'I306'}
| | | | | | | | | | | | | | | +-- , 312 , {314} , {'G179', 'I452', 'I307', 'I306'}
| | | | | | | | | | | | | | | | +-- , 314 , {316} , {'G179', 'I449', 'I307', 'I306'}
| | | | | | | | | | | | | | | | | +-- , 316 , {318} , {'G178', 'I449', 'I307', 'I306'}
| | | | | | | | | | | | | | | | | | +-- , 318 , {320} , {'G178', 'I414', 'I307', 'I306'}
| | | | | | | | | | | | | | | | | | | +-- , 320 , {330, 322} , {'I414', 'I307', 'G88', 'I306'}
| | | | | | | | | | | | | | | | | | | | +-- , 330 , set() , {'G88BF', 'G88'}
| | | | | | | | | | | | | | | | | | | | +-- , 322 , {324} , {'G24', 'I307', 'G88', 'G331', 'I306'}
| | | | | | | | | | | | | | | | | | | | | +-- , 324 , {326} , {'I442', 'I307', 'G331', 'I306'}
| | | | | | | | | | | | | | | | | | | | | | +-- , 326 , {328} , {'G136', 'I442', 'I307', 'I306'}
| | | | | | | | | | | | | | | | | | | | | | | +-- , 328 , set() , {'I307', 'I308', 'I306', 'G136'}
| | | | | | | | | +-- , 383 , {385} , {'I254', 'G324', 'G381', 'I287'}
| | | | | | | | | | +-- , 385 , set() , {'I254', 'I287', 'G166'}
| | | | +-- , 425 , {427} , {'G362', 'I649'}
| | | | | +-- , 427 , set() , {'G6', 'I649'}
| +-- , 595 , {599} , {'G94', 'II178'}
| | +-- , 599 , set() , {'G29', 'II178'}
| +-- , 604 , set() , {'I165', 'G27'}


Max number of edges with non zero Y: 47
Max number of iterations of outer rounding loop: 8
Max number of candidate sets: 2
Time spent rounding: 13.287
Time spent solving Separator LP: 16.480
Total time spent solving: 38.003

LP Solver: GaifmanNormal
Lower Bound Witness = ({'G324', 'G347', 'I378', 'G243', 'I547', 'G168', 'I181', 'I205', 'G146', 'I398', 'I541', 'G198', 'I336', 'II287', 'G22', 'G131', 'G137', 'G222', 'G33', 'G319', 'G266', 'G17', 'G293', 'G85', 'G109', 'G230', 'II476', 'G210', 'I382', 'G150', 'G24', 'I211', 'G383', 'G32', 'G158', 'G262', 'G248', 'I208', 'G100BF', 'G267', 'G141', 'I329', 'G232', 'G98', 'G344', 'G368', 'G10', 'I469', 'G73', 'G356', 'I649', 'I463', 'G371', 'G76', 'I299', 'G256', 'I187', 'G355', 'G134', 'I222', 'G13', 'G369', 'G218', 'G118', 'G130', 'I224', 'G90', 'G83', 'G382', 'G336', 'G89', 'G100', 'G104BF', 'G11', 'G374', 'G315', 'G223', 'I633', 'I295', 'G386', 'G16', 'I286', 'G244', 'G128', 'G126', 'G283', 'I356', 'I193', 'G95BF', 'G363', 'G110', 'II527', 'G209', 'G23', 'G377', 'G142', 'G88BF', 'I357', 'G84', 'G119', 'II341', 'G25', 'G129', 'G281', 'G179', 'G18', 'G202', 'G251', 'I527', 'G245', 'G117', 'G64', 'G77', 'G375', 'G339', 'I348', 'G367', 'G99BF', 'G28', 'I244', 'G331', 'G278', 'G359', 'G92', 'I324', 'I230', 'G103', 'G140', 'G345', 'G12', 'I294', 'G275', 'G357', 'G112', 'G285', 'I308', 'I251', 'G249', 'G284', 'G327', 'I266', 'G135', 'G220', 'G69', 'G246', 'G353', 'G226', 'G15', 'I360', 'G286', 'I279', 'I655', 'I414', 'G96BF', 'G36', 'G294', 'I521', 'G289', 'G72', 'G370', 'G68', 'G321', 'G255', 'I660', 'I322', 'G212', 'G21', 'II538', 'I260', 'G216', 'G392', 'G111', 'G66', 'I285', 'G309', 'G310', 'I169', 'G274', 'I533', 'G138', 'I684', 'G103BF', 'G78', 'G362', 'G233', 'G300', 'G376', 'G229', 'I652', 'I608', 'G277', 'G242', 'G104', 'G366', 'G125', 'G303', 'G115', 'G261', 'G106', 'G86BF', 'G379', 'G304', 'G272', 'I258', 'G224', 'G298', 'I466', 'G231', 'II524', 'I275', 'G350', 'I551', 'G87', 'G219', 'G241', 'I223', 'G88', 'G120', 'G387', 'G113', 'I320', 'G312', 'I342', 'G108', 'G132', 'I544', 'G31', 'G378', 'I281', 'G67', 'G329', 'G9', 'G190', 'I449', 'G98BF', 'G70', 'G184', 'G211', 'G30', 'G136', 'G96', 'G393', 'G143', 'I363', 'I314', 'I476', 'I313', 'G34', 'G390', 'I199', 'G225', 'I687', 'G239', 'G169', 'G6', 'I422', 'I263', 'G260', 'G348', 'I303', 'G381', 'I517', 'G279', 'G19', 'G236', 'G228', 'I209', 'I386', 'G341', 'G133', 'I452', 'G373', 'I553', 'I349', 'G162', 'I390', 'I328', 'I546', 'I321', 'G75', 'G325', 'G335', 'G287', 'G397', 'G395', 'G372', 'G215', 'G80', 'I202', 'G79', 'I334', 'I196', 'I307', 'G360', 'G280', 'G237', 'I265', 'G106BF', 'G1', 'G263', 'G352', 'G394', 'I515', 'G254', 'G174', 'G265', 'G257', 'I341', 'I335', 'I175', 'G396', 'G253', 'I442', 'G365', 'I257', 'G26', 'G107', 'I372', 'G306', 'I292', 'G268', 'G221', 'I537', 'I254', 'I338', 'G97BF', 'I495', 'G214', 'I366', 'G20', 'I278', 'G183', 'G166', 'I643', 'G74', 'I406', 'I343', 'I315', 'G388', 'G301', 'G194', 'I518', 'II272', 'G234', 'G238', 'I646', 'G250', 'G89BF', 'G364', 'G101', 'G173', 'G333', 'G247', 'G264', 'G8', 'G384', 'G271', 'I327', 'I291', 'G65', 'G258', 'II321', 'G116', 'G81', 'G213', 'G342', 'G154', 'G358', 'I472', 'G35', 'I538', 'G288', 'G86', 'G71', 'G240', 'G276', 'G139', 'G127', 'I524', 'G208', 'G307', 'I460', 'I301', 'G121', 'G235', 'I184', 'I287', 'I306', 'G87BF', 'II335', 'I237', 'G97', 'I300', 'G82', 'G2', 'G5', 'G318', 'G101BF', 'I293', 'G99', 'G380', 'I272', 'G217', 'I190', 'I354', 'G252', 'G178', 'G95', 'G391', 'I512', 'G270', 'I535', 'G105BF', 'G313', 'G124', 'G206', 'I172', 'I350', 'G14', 'I178', 'G227', 'G259', 'I680', 'G3', 'I375', 'G316', 'I269', 'G338', 'II208', 'G273', 'G122', 'G361', 'G389', 'G105', 'I369', 'I210', 'G114', 'G282', 'G4', 'G354', 'G322'}, {'II538', 'I293', 'G83', 'G92', 'G154', 'I199', 'I546', 'G336', 'I538', 'G287', 'I272', 'G217', 'G309', 'I202', 'I258', 'G226', 'I372', 'G298', 'G15', 'G286', 'I354', 'I295', 'G178', 'G235', 'G360', 'G33', 'G138', 'G357', 'G103BF', 'I306', 'G183', 'G293', 'I660', 'G230', 'G339'})