298, 3.020354173935206, 8.0, 8
+-- , 0 , {3, 579, 581, 583, 296, 587, 589, 593, 595, 598, 437, 603} , {'G367', 'G366', 'G360', 'G391', 'G371', 'G390', 'G397', 'G395', 'G379', 'G110', 'G256', 'G365', 'G241', 'G364', 'G377', 'G393', 'G381', 'G387', 'G368', 'G247', 'G369'}
| +-- , 3 , {165, 5, 137, 280, 122} , {'G367', 'II538', 'G366', 'G360', 'G391', 'G371', 'G383', 'G390', 'G225', 'I546', 'G373', 'G392', 'G262', 'G397', 'G395', 'G379', 'G256', 'G365', 'G241', 'G364', 'G377', 'G393', 'G381', 'G387', 'G375', 'I537', 'G369'}
| | +-- , 165 , {276, 167} , {'G367', 'G222', 'G366', 'G360', 'G391', 'G383', 'G390', 'G352', 'G397', 'G395', 'G379', 'G393', 'G364', 'G387', 'II524', 'G264'}
| | | +-- , 276 , {278} , {'I633', 'G352'}
| | | | +-- , 278 , set() , {'I633', 'G1'}
| | | +-- , 167 , {169, 270} , {'G222', 'G366', 'G397', 'G395', 'G379', 'G321', 'G383', 'G387', 'G223', 'II524', 'G264', 'G352'}
| | | | +-- , 169 , {171} , {'G366', 'G383', 'G352', 'G397', 'G395', 'G379', 'I190', 'G387', 'G223', 'II524', 'G264'}
| | | | | +-- , 171 , {173} , {'G366', 'G383', 'G352', 'G397', 'G395', 'G379', 'I190', 'G387', 'II524', 'G82', 'G264'}
| | | | | | +-- , 173 , {175} , {'G366', 'G383', 'G352', 'G397', 'G395', 'G379', 'G132', 'G387', 'II524', 'G82', 'G264'}
| | | | | | | +-- , 175 , {177} , {'G366', 'G383', 'G352', 'G397', 'G395', 'G379', 'G132', 'G387', 'II524', 'I279', 'G264'}
| | | | | | | | +-- , 177 , {179} , {'G366', 'G278', 'G383', 'G352', 'G397', 'G395', 'G379', 'G387', 'II524', 'I279', 'G264'}
| | | | | | | | | +-- , 179 , {181} , {'G366', 'G278', 'G383', 'G352', 'G397', 'G395', 'G396', 'G379', 'G387', 'II524', 'G264'}
| | | | | | | | | | +-- , 181 , {183} , {'G366', 'G383', 'G234', 'G352', 'G379', 'G395', 'G396', 'G387', 'II524', 'G264'}
| | | | | | | | | | | +-- , 183 , {185} , {'G366', 'G383', 'G234', 'G250', 'G352', 'G379', 'G395', 'G396', 'G260', 'G245', 'II524', 'G264'}
| | | | | | | | | | | | +-- , 185 , {187} , {'G379', 'G396', 'G366', 'G260', 'G245', 'G383', 'G234', 'G229', 'G250', 'G274', 'G264'}
| | | | | | | | | | | | | +-- , 187 , {190} , {'G384', 'G379', 'G396', 'I251', 'G383', 'G234', 'G250', 'G274', 'G264'}
| | | | | | | | | | | | | | +-- , 190 , {192} , {'G384', 'G379', 'G396', 'I251', 'G128', 'G383', 'G234', 'G250', 'G264'}
| | | | | | | | | | | | | | | +-- , 192 , {194} , {'G384', 'G379', 'G396', 'G78', 'G128', 'G383', 'G234', 'G250', 'G264'}
| | | | | | | | | | | | | | | | +-- , 194 , {196} , {'G384', 'G379', 'G396', 'I208', 'G78', 'G383', 'G234', 'G250', 'G264'}
| | | | | | | | | | | | | | | | | +-- , 196 , {198} , {'G384', 'G379', 'G215', 'G396', 'I208', 'G383', 'G234', 'G250', 'G264'}
| | | | | | | | | | | | | | | | | | +-- , 198 , {258, 262, 200} , {'G384', 'G379', 'G215', 'G396', 'G309', 'G383', 'G234', 'G214', 'G250', 'G264'}
| | | | | | | | | | | | | | | | | | | +-- , 258 , {260} , {'G396', 'G309', 'I360', 'I382'}
| | | | | | | | | | | | | | | | | | | | +-- , 260 , set() , {'I360', 'G162', 'I382'}
| | | | | | | | | | | | | | | | | | | +-- , 262 , {264} , {'G309', 'I363'}
| | | | | | | | | | | | | | | | | | | | +-- , 264 , {266} , {'G310', 'I363'}
| | | | | | | | | | | | | | | | | | | | | +-- , 266 , {268} , {'G310', 'G17', 'G106'}
| | | | | | | | | | | | | | | | | | | | | | +-- , 268 , set() , {'G106BF', 'G106'}
| | | | | | | | | | | | | | | | | | | +-- , 200 , {235, 202} , {'G384', 'G379', 'G359', 'G67', 'G383', 'G234', 'G283', 'G214', 'G250', 'G264'}
| | | | | | | | | | | | | | | | | | | | +-- , 235 , {238} , {'G283', 'I314', 'G359', 'I313'}
| | | | | | | | | | | | | | | | | | | | | +-- , 238 , {240} , {'G184', 'I314', 'G359', 'I313'}
| | | | | | | | | | | | | | | | | | | | | | +-- , 240 , {242} , {'G184', 'I338', 'I314', 'I313'}
| | | | | | | | | | | | | | | | | | | | | | | +-- , 242 , {244} , {'I338', 'I314', 'G183', 'I313'}
| | | | | | | | | | | | | | | | | | | | | | | | +-- , 244 , {246} , {'I422', 'I314', 'G183', 'I313'}
| | | | | | | | | | | | | | | | | | | | | | | | | +-- , 246 , {256, 248} , {'I422', 'I314', 'G89', 'I313'}
| | | | | | | | | | | | | | | | | | | | | | | | | | +-- , 256 , set() , {'G89', 'G89BF'}
| | | | | | | | | | | | | | | | | | | | | | | | | | +-- , 248 , {250} , {'G333', 'G25', 'I314', 'G89', 'I313'}
| | | | | | | | | | | | | | | | | | | | | | | | | | | +-- , 250 , {252} , {'I324', 'I314', 'G333', 'I313'}
| | | | | | | | | | | | | | | | | | | | | | | | | | | | +-- , 252 , {254} , {'G137', 'I324', 'I314', 'I313'}
| | | | | | | | | | | | | | | | | | | | | | | | | | | | | +-- , 254 , set() , {'G137', 'I314', 'I315', 'I313'}
| | | | | | | | | | | | | | | | | | | | +-- , 202 , {205} , {'G384', 'G240', 'G359', 'G383', 'G108'}
| | | | | | | | | | | | | | | | | | | | | +-- , 205 , {233, 207} , {'G384', 'G240', 'G224', 'G383', 'G108', 'G268'}
| | | | | | | | | | | | | | | | | | | | | | +-- , 233 , set() , {'II476', 'G384', 'G224'}
| | | | | | | | | | | | | | | | | | | | | | +-- , 207 , {209, 217, 223} , {'G109', 'G383', 'G108', 'II208', 'G293', 'G268'}
| | | | | | | | | | | | | | | | | | | | | | | +-- , 209 , {211} , {'I357', 'G293'}
| | | | | | | | | | | | | | | | | | | | | | | | +-- , 211 , {213} , {'I357', 'G294'}
| | | | | | | | | | | | | | | | | | | | | | | | | +-- , 213 , {215} , {'G294', 'G101', 'G36'}
| | | | | | | | | | | | | | | | | | | | | | | | | | +-- , 215 , set() , {'G101', 'G101BF'}
| | | | | | | | | | | | | | | | | | | | | | | +-- , 217 , {219} , {'G383', 'G293', 'I354'}
| | | | | | | | | | | | | | | | | | | | | | | | +-- , 219 , {221} , {'G146', 'G383', 'I354'}
| | | | | | | | | | | | | | | | | | | | | | | | | +-- , 221 , set() , {'I378', 'G146', 'G383'}
| | | | | | | | | | | | | | | | | | | | | | | +-- , 223 , {225} , {'G109', 'II208', 'I209', 'G268'}
| | | | | | | | | | | | | | | | | | | | | | | | +-- , 225 , {227} , {'G109', 'II208', 'I209', 'I196'}
| | | | | | | | | | | | | | | | | | | | | | | | | +-- , 227 , {229} , {'II208', 'I209', 'I196', 'G68'}
| | | | | | | | | | | | | | | | | | | | | | | | | | +-- , 229 , {231} , {'II208', 'I209', 'G122', 'G68'}
| | | | | | | | | | | | | | | | | | | | | | | | | | | +-- , 231 , set() , {'I210', 'G122', 'II208', 'I209'}
| | | | +-- , 270 , {272} , {'G321', 'I281'}
| | | | | +-- , 272 , {274} , {'G322', 'I281'}
| | | | | | +-- , 274 , set() , {'G21', 'G322', 'G85'}
| | +-- , 5 , {118, 7} , {'G367', 'G366', 'G360', 'G391', 'G361', 'I518', 'G390', 'G392', 'G114', 'G248', 'G262', 'G397', 'G395', 'G379', 'G258', 'G365', 'G232', 'G387', 'G375', 'G373'}
| | | +-- , 118 , {120} , {'I646', 'G361'}
| | | | +-- , 120 , set() , {'I646', 'G5'}
| | | +-- , 7 , {13, 9, 110} , {'G392', 'G262', 'G379', 'G366', 'G258', 'G115', 'G232', 'G361', 'G375', 'G114', 'G373', 'G338', 'G248'}
| | | | +-- , 13 , {15} , {'G366', 'I172', 'G115', 'G361', 'G392', 'G248', 'G262', 'G379', 'G258', 'G232', 'G375', 'G373'}
| | | | | +-- , 15 , {17} , {'G366', 'I172', 'G361', 'G392', 'G248', 'G262', 'G71', 'G379', 'G258', 'G232', 'G375', 'G373'}
| | | | | | +-- , 17 , {19} , {'G366', 'G361', 'G392', 'G262', 'G248', 'G71', 'G379', 'G258', 'G139', 'G232', 'G375', 'G373'}
| | | | | | | +-- , 19 , {21} , {'G366', 'G361', 'I328', 'G392', 'G262', 'G248', 'G379', 'G258', 'G139', 'G232', 'I329', 'G375', 'G373'}
| | | | | | | | +-- , 21 , {23, 87} , {'G366', 'G361', 'I328', 'I341', 'G392', 'G248', 'G262', 'G379', 'G258', 'G232', 'I329', 'G375', 'G373'}
| | | | | | | | | +-- , 23 , {65, 25} , {'G366', 'G356', 'G361', 'G227', 'I328', 'I341', 'G392', 'G379', 'G258', 'I329', 'G355', 'G375', 'G210', 'G373'}
| | | | | | | | | | +-- , 65 , {67} , {'G243', 'G258', 'G272', 'G361', 'G227', 'G392', 'G210'}
| | | | | | | | | | | +-- , 67 , {69, 73, 79} , {'G211', 'I237', 'G272', 'G303', 'G392', 'G210'}
| | | | | | | | | | | | +-- , 69 , {71} , {'G211', 'I199', 'G126', 'I237'}
| | | | | | | | | | | | | +-- , 71 , set() , {'I199', 'G126', 'G76'}
| | | | | | | | | | | | +-- , 73 , {75} , {'I372', 'G303', 'G392'}
| | | | | | | | | | | | | +-- , 75 , {77} , {'I372', 'G154', 'G392'}
| | | | | | | | | | | | | | +-- , 77 , set() , {'G154', 'I390', 'G392'}
| | | | | | | | | | | | +-- , 79 , {81} , {'G303', 'I375'}
| | | | | | | | | | | | | +-- , 81 , {83} , {'G304', 'I375'}
| | | | | | | | | | | | | | +-- , 83 , {85} , {'G304', 'G15', 'G104'}
| | | | | | | | | | | | | | | +-- , 85 , set() , {'G104BF', 'G104'}
| | | | | | | | | | +-- , 25 , {57, 27} , {'G253', 'G356', 'I329', 'G374', 'G355', 'I328', 'G375', 'G252', 'G373'}
| | | | | | | | | | | +-- , 57 , {59, 61} , {'G236', 'I329', 'G374', 'I328', 'G375', 'G252'}
| | | | | | | | | | | | +-- , 59 , set() , {'G374', 'G375', 'G376', 'G236'}
| | | | | | | | | | | | +-- , 61 , {63} , {'G236', 'G285', 'I328', 'G252', 'I329'}
| | | | | | | | | | | | | +-- , 63 , set() , {'I327', 'I329', 'G285', 'I328'}
| | | | | | | | | | | +-- , 27 , {29} , {'G253', 'G356', 'G374', 'G237', 'G375', 'G373'}
| | | | | | | | | | | | +-- , 29 , {31} , {'G237', 'G253', 'G356', 'G286', 'G373'}
| | | | | | | | | | | | | +-- , 31 , {33} , {'II335', 'G356', 'I334', 'G286', 'G373'}
| | | | | | | | | | | | | | +-- , 33 , {35, 53, 43} , {'I334', 'II335', 'G356', 'G341', 'G373'}
| | | | | | | | | | | | | | | +-- , 35 , {37} , {'I369', 'G341'}
| | | | | | | | | | | | | | | | +-- , 37 , {39} , {'I369', 'G342'}
| | | | | | | | | | | | | | | | | +-- , 39 , {41} , {'G32', 'G342', 'G97'}
| | | | | | | | | | | | | | | | | | +-- , 41 , set() , {'G97BF', 'G97'}
| | | | | | | | | | | | | | | +-- , 53 , {55} , {'I386', 'I366', 'G341', 'G373'}
| | | | | | | | | | | | | | | | +-- , 55 , set() , {'I366', 'I386', 'G198'}
| | | | | | | | | | | | | | | +-- , 43 , {45} , {'II335', 'G356', 'G341', 'G116', 'I334', 'G117'}
| | | | | | | | | | | | | | | | +-- , 45 , {47} , {'I334', 'II335', 'G117', 'I175'}
| | | | | | | | | | | | | | | | | +-- , 47 , {49} , {'I334', 'II335', 'G72', 'I175'}
| | | | | | | | | | | | | | | | | | +-- , 49 , {51} , {'I334', 'II335', 'G72', 'G140'}
| | | | | | | | | | | | | | | | | | | +-- , 51 , set() , {'I334', 'II335', 'G140', 'I336'}
| | | | | | | | | +-- , 87 , {89} , {'G248', 'G65', 'I341', 'G232', 'G281', 'G262'}
| | | | | | | | | | +-- , 89 , {92} , {'G281', 'I300', 'I341', 'I299', 'G174'}
| | | | | | | | | | | +-- , 92 , {94} , {'I300', 'I335', 'I299', 'G174'}
| | | | | | | | | | | | +-- , 94 , {96} , {'I300', 'G173', 'I335', 'I299'}
| | | | | | | | | | | | | +-- , 96 , {98} , {'I406', 'I300', 'G173', 'I299'}
| | | | | | | | | | | | | | +-- , 98 , {100, 108} , {'G87', 'I406', 'I300', 'I299'}
| | | | | | | | | | | | | | | +-- , 100 , {102} , {'G87', 'G329', 'I300', 'G23', 'I299'}
| | | | | | | | | | | | | | | | +-- , 102 , {104} , {'G329', 'I321', 'I300', 'I299'}
| | | | | | | | | | | | | | | | | +-- , 104 , {106} , {'G135', 'I321', 'I300', 'I299'}
| | | | | | | | | | | | | | | | | | +-- , 106 , set() , {'I301', 'G135', 'I299', 'I300'}
| | | | | | | | | | | | | | | +-- , 108 , set() , {'G87BF', 'G87'}
| | | | +-- , 9 , {11} , {'I260', 'G375', 'I291', 'G338'}
| | | | | +-- , 11 , set() , {'G194', 'I291', 'I260'}
| | | | +-- , 110 , {112} , {'I263', 'G338'}
| | | | | +-- , 112 , {114} , {'I263', 'G339'}
| | | | | | +-- , 114 , {116} , {'G339', 'G98', 'G33'}
| | | | | | | +-- , 116 , set() , {'G98', 'G98BF'}
| | +-- , 137 , {139, 143} , {'G390', 'G387', 'G225', 'G388'}
| | | +-- , 139 , {141} , {'G388', 'I684'}
| | | | +-- , 141 , set() , {'G12', 'I684'}
| | | +-- , 143 , {145, 161} , {'G386', 'G390', 'G387', 'G388'}
| | | | +-- , 145 , {147, 157} , {'G386', 'G389', 'G390', 'G388', 'G289'}
| | | | | +-- , 147 , {149} , {'I356', 'G289'}
| | | | | | +-- , 149 , {151} , {'I356', 'G143'}
| | | | | | | +-- , 151 , {153} , {'I303', 'G143'}
| | | | | | | | +-- , 153 , {155} , {'I303', 'G350'}
| | | | | | | | | +-- , 155 , set() , {'G28', 'G92', 'G350'}
| | | | | +-- , 157 , {159} , {'G389', 'I687'}
| | | | | | +-- , 159 , set() , {'G13', 'I687'}
| | | | +-- , 161 , {163} , {'G386', 'I680'}
| | | | | +-- , 163 , set() , {'G11', 'I680'}
| | +-- , 280 , {282} , {'G397', 'G395', 'G366', 'G360', 'G276', 'G392'}
| | | +-- , 282 , {284} , {'G360', 'G276', 'I265', 'G218'}
| | | | +-- , 284 , {286} , {'G130', 'I265', 'G218'}
| | | | | +-- , 286 , {288, 294} , {'G315', 'G219', 'G80', 'G130', 'G218'}
| | | | | | +-- , 288 , {290} , {'G315', 'I275'}
| | | | | | | +-- , 290 , {292} , {'I275', 'G316'}
| | | | | | | | +-- , 292 , set() , {'G19', 'G83', 'G316'}
| | | | | | +-- , 294 , set() , {'G219', 'I178', 'G80'}
| | +-- , 122 , {124, 135} , {'G367', 'II538', 'G383', 'G390', 'I546', 'G266', 'I537', 'G270', 'G365', 'G267', 'G364', 'G375', 'G373', 'G265'}
| | | +-- , 124 , {126} , {'I222', 'I223', 'G270'}
| | | | +-- , 126 , {129} , {'G298', 'G90', 'I222', 'I223', 'G26'}
| | | | | +-- , 129 , {131} , {'G298', 'I222', 'I608', 'I223'}
| | | | | | +-- , 131 , {133} , {'I222', 'I608', 'G124', 'I223'}
| | | | | | | +-- , 133 , set() , {'G124', 'I223', 'I222', 'I224'}
| | | +-- , 135 , set() , {'G367', 'G365', 'I533', 'G390', 'G375', 'G373', 'G265'}
| +-- , 579 , set() , {'G365', 'G241', 'I495', 'G371', 'G390', 'G368', 'G369'}
| +-- , 581 , set() , {'G256', 'G364', 'G377', 'G381', 'G390', 'G368', 'I512'}
| +-- , 583 , {585} , {'G360', 'I643'}
| | +-- , 585 , set() , {'G4', 'I643'}
| +-- , 296 , {298, 431} , {'G366', 'G360', 'G391', 'G280', 'G371', 'G257', 'G261', 'G363', 'G397', 'G395', 'G379', 'I515', 'G393', 'G387', 'G231', 'G247', 'G369'}
| | +-- , 298 , {405, 423, 300, 318} , {'G118', 'G366', 'G360', 'G391', 'G280', 'G371', 'G257', 'G261', 'G363', 'G397', 'G395', 'G379', 'G393', 'G208', 'G354', 'G150', 'G369', 'I553'}
| | | +-- , 405 , {407} , {'G366', 'G363', 'G226', 'G208', 'G257', 'G150'}
| | | | +-- , 407 , {417, 421, 409} , {'G271', 'G209', 'G363', 'G226', 'G208', 'G257', 'G242', 'G300', 'G150'}
| | | | | +-- , 417 , {419} , {'I193', 'I230', 'G271', 'G209'}
| | | | | | +-- , 419 , set() , {'I193', 'G75', 'G125', 'I230'}
| | | | | +-- , 421 , set() , {'I541', 'G300', 'G150'}
| | | | | +-- , 409 , {411} , {'I544', 'G300'}
| | | | | | +-- , 411 , {413} , {'I544', 'G301'}
| | | | | | | +-- , 413 , {415} , {'G14', 'G103', 'G301'}
| | | | | | | | +-- , 415 , set() , {'G103', 'G103BF'}
| | | +-- , 423 , {425} , {'G397', 'G395', 'II527', 'G366', 'G393', 'G261', 'G150'}
| | | | +-- , 425 , {427} , {'G366', 'II527', 'G150', 'G64', 'G393'}
| | | | | +-- , 427 , {429} , {'G380', 'G64', 'G150'}
| | | | | | +-- , 429 , set() , {'G380', 'I551', 'G150'}
| | | +-- , 300 , {302} , {'G397', 'G395', 'G360', 'G275', 'I553'}
| | | | +-- , 302 , {304} , {'G360', 'G275', 'I258'}
| | | | | +-- , 304 , {306} , {'G360', 'G216', 'G129', 'I258'}
| | | | | | +-- , 306 , {308} , {'G79', 'G216', 'G129'}
| | | | | | | +-- , 308 , {310} , {'G79', 'G216', 'I211'}
| | | | | | | | +-- , 310 , {312} , {'G216', 'G217', 'G312', 'I211'}
| | | | | | | | | +-- , 312 , {314} , {'I272', 'G312'}
| | | | | | | | | | +-- , 314 , {316} , {'G313', 'I272'}
| | | | | | | | | | | +-- , 316 , set() , {'G18', 'G313', 'G107'}
| | | +-- , 318 , {321, 401, 393} , {'G118', 'G119', 'G280', 'G255', 'G371', 'G354', 'I292', 'G344', 'G369'}
| | | | +-- , 321 , {323} , {'G119', 'G280', 'G255', 'G371', 'G354', 'I292', 'I181', 'G369'}
| | | | | +-- , 323 , {325} , {'I293', 'G280', 'G255', 'G371', 'G354', 'I292', 'I181', 'G369'}
| | | | | | +-- , 325 , {327} , {'G73', 'I293', 'G255', 'G371', 'G354', 'I292', 'I181', 'G369'}
| | | | | | | +-- , 327 , {329} , {'G73', 'I293', 'G141', 'G255', 'G371', 'G354', 'I292', 'G369'}
| | | | | | | | +-- , 329 , {331} , {'I343', 'I293', 'G141', 'I342', 'G255', 'G371', 'G354', 'I292', 'G369'}
| | | | | | | | | +-- , 331 , {333, 391} , {'G287', 'I343', 'I293', 'I342', 'G255', 'G371', 'G354', 'I292', 'G369'}
| | | | | | | | | | +-- , 333 , {335} , {'G287', 'I293', 'G254', 'G255', 'G371', 'G354', 'I292', 'G238', 'G369'}
| | | | | | | | | | | +-- , 335 , {337, 359} , {'G353', 'I293', 'G254', 'G255', 'G371', 'G354', 'I292', 'G238', 'G369'}
| | | | | | | | | | | | +-- , 337 , {339} , {'I292', 'G353', 'I293', 'I527'}
| | | | | | | | | | | | | +-- , 339 , {341} , {'I292', 'G169', 'I293', 'I527'}
| | | | | | | | | | | | | | +-- , 341 , {343} , {'I292', 'I293', 'I524', 'G169'}
| | | | | | | | | | | | | | | +-- , 343 , {345} , {'G168', 'I292', 'I293', 'I524'}
| | | | | | | | | | | | | | | | +-- , 345 , {347} , {'I398', 'G168', 'I292', 'I293'}
| | | | | | | | | | | | | | | | | +-- , 347 , {349, 357} , {'G86', 'I398', 'I292', 'I293'}
| | | | | | | | | | | | | | | | | | +-- , 349 , {351} , {'G86', 'G327', 'G22', 'I292', 'I293'}
| | | | | | | | | | | | | | | | | | | +-- , 351 , {353} , {'G327', 'I517', 'I292', 'I293'}
| | | | | | | | | | | | | | | | | | | | +-- , 353 , {355} , {'I517', 'G134', 'I292', 'I293'}
| | | | | | | | | | | | | | | | | | | | | +-- , 355 , set() , {'I293', 'G134', 'I294', 'I292'}
| | | | | | | | | | | | | | | | | | +-- , 357 , set() , {'G86', 'G86BF'}
| | | | | | | | | | | | +-- , 359 , {361} , {'G372', 'G370', 'G353', 'G254', 'G255', 'G371', 'G354', 'G238', 'G369'}
| | | | | | | | | | | | | +-- , 361 , {363} , {'G370', 'G255', 'G371', 'G354', 'G239', 'G369'}
| | | | | | | | | | | | | | +-- , 363 , {365} , {'G255', 'G354', 'G288', 'G239', 'G369'}
| | | | | | | | | | | | | | | +-- , 365 , {367} , {'I349', 'G354', 'G288', 'I348', 'G369'}
| | | | | | | | | | | | | | | | +-- , 367 , {369, 385} , {'G369', 'G354', 'I349', 'I348', 'I187'}
| | | | | | | | | | | | | | | | | +-- , 369 , {371} , {'G354', 'I187', 'G121', 'G369'}
| | | | | | | | | | | | | | | | | | +-- , 371 , {377, 373} , {'G347', 'G354', 'G121', 'G120', 'G369'}
| | | | | | | | | | | | | | | | | | | +-- , 377 , {379} , {'G347', 'I538'}
| | | | | | | | | | | | | | | | | | | | +-- , 379 , {381} , {'I538', 'G348'}
| | | | | | | | | | | | | | | | | | | | | +-- , 381 , {383} , {'G95', 'G30', 'G348'}
| | | | | | | | | | | | | | | | | | | | | | +-- , 383 , set() , {'G95', 'G95BF'}
| | | | | | | | | | | | | | | | | | | +-- , 373 , {375} , {'G347', 'I535', 'G369'}
| | | | | | | | | | | | | | | | | | | | +-- , 375 , set() , {'I535', 'I547', 'G206', 'G369'}
| | | | | | | | | | | | | | | | | +-- , 385 , {387} , {'G74', 'I349', 'I348', 'I187'}
| | | | | | | | | | | | | | | | | | +-- , 387 , {389} , {'G74', 'G142', 'I349', 'I348'}
| | | | | | | | | | | | | | | | | | | +-- , 389 , set() , {'I350', 'G142', 'I348', 'I349'}
| | | | | | | | | | +-- , 391 , set() , {'II341', 'G287', 'I342', 'I343'}
| | | | +-- , 401 , {403} , {'I266', 'G371', 'G344'}
| | | | | +-- , 403 , set() , {'G202', 'I266', 'G371', 'I295'}
| | | | +-- , 393 , {395} , {'I269', 'G344'}
| | | | | +-- , 395 , {397} , {'I269', 'G345'}
| | | | | | +-- , 397 , {399} , {'G96', 'G345', 'G31'}
| | | | | | | +-- , 399 , set() , {'G96', 'G96BF'}
| | +-- , 431 , {433} , {'I652', 'G363'}
| | | +-- , 433 , set() , {'I652', 'G8'}
| +-- , 587 , set() , {'G379', 'G3'}
| +-- , 589 , {591} , {'G367', 'I660'}
| | +-- , 591 , set() , {'G10', 'I660'}
| +-- , 593 , set() , {'G2', 'G366'}
| +-- , 595 , {597} , {'I655', 'G364'}
| | +-- , 597 , set() , {'I655', 'G9'}
| +-- , 598 , {600} , {'G29', 'II178'}
| | +-- , 600 , set() , {'G94', 'II178'}
| +-- , 437 , {439} , {'G366', 'G360', 'G391', 'I521', 'G390', 'G263', 'G397', 'G395', 'G110', 'G379', 'G364', 'G377', 'G393', 'G381', 'G387', 'G368'}
| | +-- , 439 , {441, 575} , {'G397', 'G366', 'G360', 'G395', 'G110', 'G379', 'I521', 'G377', 'G362', 'G381', 'G387', 'G259', 'G263'}
| | | +-- , 441 , {443} , {'G366', 'G360', 'G362', 'G233', 'G259', 'G263', 'G249', 'G397', 'G282', 'G395', 'G110', 'G379', 'G377', 'G381', 'G387'}
| | | | +-- , 443 , {537, 445} , {'G366', 'G360', 'G362', 'G358', 'G259', 'G249', 'G397', 'G282', 'G395', 'G110', 'G379', 'G377', 'G381', 'G212'}
| | | | | +-- , 537 , {539} , {'G397', 'G395', 'G366', 'G360', 'G66', 'G259', 'G362', 'G212', 'G249'}
| | | | | | +-- , 539 , {541, 567} , {'G213', 'G366', 'G360', 'G397', 'G395', 'G66', 'G394', 'G212', 'G220', 'G362', 'G306', 'G259'}
| | | | | | | +-- , 541 , {561, 543} , {'G318', 'G213', 'G366', 'G220', 'G362', 'G259', 'G397', 'G395', 'G394', 'G306', 'I476', 'G221'}
| | | | | | | | +-- , 561 , {563} , {'G318', 'I278'}
| | | | | | | | | +-- , 563 , {565} , {'G319', 'I278'}
| | | | | | | | | | +-- , 565 , set() , {'G84', 'G20', 'G319'}
| | | | | | | | +-- , 543 , {545, 551, 553} , {'G397', 'G213', 'G395', 'G366', 'G306', 'G362', 'I184', 'G259', 'G158', 'I476', 'G221'}
| | | | | | | | | +-- , 545 , {547} , {'G277', 'G397', 'G366', 'I184', 'G158', 'G81'}
| | | | | | | | | | +-- , 547 , {549} , {'G277', 'G131', 'G81'}
| | | | | | | | | | | +-- , 549 , set() , {'G277', 'G131', 'II272'}
| | | | | | | | | +-- , 551 , set() , {'I466', 'G306', 'G158'}
| | | | | | | | | +-- , 553 , {555} , {'G213', 'G366', 'G228', 'G362', 'G259', 'G158', 'I205'}
| | | | | | | | | | +-- , 555 , {557} , {'G228', 'G77', 'G273', 'G244', 'G362', 'G259', 'G158', 'I205'}
| | | | | | | | | | | +-- , 557 , {559} , {'G77', 'G273', 'I244'}
| | | | | | | | | | | | +-- , 559 , set() , {'G77', 'I244', 'G127'}
| | | | | | | +-- , 567 , {569} , {'G306', 'I469'}
| | | | | | | | +-- , 569 , {571} , {'G307', 'I469'}
| | | | | | | | | +-- , 571 , {573} , {'G105', 'G307', 'G16'}
| | | | | | | | | | +-- , 573 , set() , {'G105', 'G105BF'}
| | | | | +-- , 445 , {448} , {'G282', 'G110', 'G251', 'G377', 'G381', 'G358', 'I307', 'I306'}
| | | | | | +-- , 448 , {450, 533, 525} , {'G324', 'G110', 'G111', 'G251', 'G377', 'G381', 'G358', 'I307', 'I306'}
| | | | | | | +-- , 450 , {452} , {'G111', 'I202', 'G251', 'G377', 'G381', 'G358', 'I307', 'I306'}
| | | | | | | | +-- , 452 , {454} , {'I202', 'G251', 'G377', 'G381', 'G358', 'G69', 'I307', 'I306'}
| | | | | | | | | +-- , 454 , {456} , {'G251', 'G377', 'G381', 'G358', 'G133', 'G69', 'I307', 'I306'}
| | | | | | | | | | +-- , 456 , {458} , {'I286', 'G251', 'G377', 'G381', 'G358', 'G133', 'II287', 'I307', 'I306'}
| | | | | | | | | | | +-- , 458 , {521, 460} , {'I442', 'I286', 'G251', 'G377', 'G381', 'G358', 'II287', 'I307', 'I306'}
| | | | | | | | | | | | +-- , 521 , {523} , {'G136', 'I442', 'I307', 'I306'}
| | | | | | | | | | | | | +-- , 523 , set() , {'I307', 'I308', 'I306', 'G136'}
| | | | | | | | | | | | +-- , 460 , {462} , {'I442', 'I286', 'G331', 'G251', 'G377', 'G381', 'G358', 'II287'}
| | | | | | | | | | | | | +-- , 462 , {464, 466} , {'G24', 'I286', 'G88', 'G331', 'G251', 'G377', 'G381', 'G358', 'II287'}
| | | | | | | | | | | | | | +-- , 464 , set() , {'G88BF', 'G88'}
| | | | | | | | | | | | | | +-- , 466 , {468} , {'I414', 'I286', 'G88', 'G251', 'G377', 'G381', 'G358', 'II287'}
| | | | | | | | | | | | | | | +-- , 468 , {470} , {'G178', 'I414', 'I286', 'G251', 'G377', 'G381', 'G358', 'II287'}
| | | | | | | | | | | | | | | | +-- , 470 , {472} , {'G178', 'I286', 'G251', 'G377', 'G381', 'G358', 'II287', 'I449'}
| | | | | | | | | | | | | | | | | +-- , 472 , {474} , {'I286', 'G251', 'G377', 'G381', 'G358', 'II287', 'I449', 'G179'}
| | | | | | | | | | | | | | | | | | +-- , 474 , {476} , {'I286', 'G251', 'G377', 'G381', 'G358', 'II287', 'I452', 'G179'}
| | | | | | | | | | | | | | | | | | | +-- , 476 , {478} , {'G357', 'I286', 'G251', 'G377', 'G381', 'G358', 'II287', 'I452'}
| | | | | | | | | | | | | | | | | | | | +-- , 478 , {480, 513} , {'G357', 'I286', 'G378', 'G251', 'G377', 'G381', 'G358', 'II287', 'G246'}
| | | | | | | | | | | | | | | | | | | | | +-- , 480 , {482} , {'G235', 'G378', 'G251', 'G377', 'G381', 'G358'}
| | | | | | | | | | | | | | | | | | | | | | +-- , 482 , {484} , {'G377', 'G235', 'G358', 'G251', 'G284'}
| | | | | | | | | | | | | | | | | | | | | | | +-- , 484 , {487} , {'II321', 'G284', 'G377', 'G358', 'I320'}
| | | | | | | | | | | | | | | | | | | | | | | | +-- , 487 , {497, 489, 509} , {'G377', 'G335', 'G358', 'II321', 'I320'}
| | | | | | | | | | | | | | | | | | | | | | | | | +-- , 497 , {499} , {'G335', 'II321', 'G358', 'G112', 'I320'}
| | | | | | | | | | | | | | | | | | | | | | | | | | +-- , 499 , {501} , {'G335', 'G112', 'G113', 'II321', 'I320'}
| | | | | | | | | | | | | | | | | | | | | | | | | | | +-- , 501 , {503} , {'G113', 'I169', 'II321', 'I320'}
| | | | | | | | | | | | | | | | | | | | | | | | | | | | +-- , 503 , {505} , {'I169', 'II321', 'G70', 'I320'}
| | | | | | | | | | | | | | | | | | | | | | | | | | | | | +-- , 505 , {507} , {'G138', 'II321', 'G70', 'I320'}
| | | | | | | | | | | | | | | | | | | | | | | | | | | | | | +-- , 507 , set() , {'G138', 'II321', 'I322', 'I320'}
| | | | | | | | | | | | | | | | | | | | | | | | | +-- , 489 , {491} , {'I463', 'G335'}
| | | | | | | | | | | | | | | | | | | | | | | | | | +-- , 491 , {493} , {'I463', 'G336'}
| | | | | | | | | | | | | | | | | | | | | | | | | | | +-- , 493 , {495} , {'G34', 'G336', 'G99'}
| | | | | | | | | | | | | | | | | | | | | | | | | | | | +-- , 495 , set() , {'G99BF', 'G99'}
| | | | | | | | | | | | | | | | | | | | | | | | | +-- , 509 , {511} , {'G377', 'G335', 'I460', 'I472'}
| | | | | | | | | | | | | | | | | | | | | | | | | | +-- , 511 , set() , {'G190', 'I472', 'I460'}
| | | | | | | | | | | | | | | | | | | | | +-- , 513 , {515, 517} , {'I286', 'G378', 'G381', 'II287', 'G230', 'G246'}
| | | | | | | | | | | | | | | | | | | | | | +-- , 515 , set() , {'G381', 'G378', 'G230', 'G382'}
| | | | | | | | | | | | | | | | | | | | | | +-- , 517 , {519} , {'II287', 'G230', 'G279', 'I286', 'G246'}
| | | | | | | | | | | | | | | | | | | | | | | +-- , 519 , set() , {'I286', 'II287', 'G279', 'I285'}
| | | | | | | +-- , 533 , {535} , {'I254', 'G324', 'G381', 'I287'}
| | | | | | | | +-- , 535 , set() , {'I254', 'I287', 'G166'}
| | | | | | | +-- , 525 , {527} , {'G324', 'I257'}
| | | | | | | | +-- , 527 , {529} , {'G325', 'I257'}
| | | | | | | | | +-- , 529 , {531} , {'G35', 'G100', 'G325'}
| | | | | | | | | | +-- , 531 , set() , {'G100BF', 'G100'}
| | | +-- , 575 , {577} , {'G362', 'I649'}
| | | | +-- , 577 , set() , {'G6', 'I649'}
| +-- , 603 , {607} , {'G91', 'I165'}
| | +-- , 607 , set() , {'I165', 'G27'}


Max number of edges with non zero Y: 52
Max number of iterations of outer rounding loop: 7
Max number of candidate sets: 2
Time spent rounding: 12.290
Time spent solving Separator LP: 17.302
Total time spent solving: 37.148

LP Solver: GaifmanNormal
Lower Bound Witness = ({'G324', 'G347', 'I378', 'G243', 'I547', 'G168', 'I181', 'I205', 'G146', 'I398', 'I541', 'G198', 'I336', 'II287', 'G22', 'G131', 'G137', 'G222', 'G33', 'G319', 'G266', 'G17', 'G293', 'G85', 'G109', 'G230', 'II476', 'G210', 'I382', 'G150', 'G24', 'I211', 'G383', 'G32', 'G158', 'G262', 'G248', 'I208', 'G100BF', 'G267', 'G141', 'I329', 'G232', 'G98', 'G344', 'G368', 'G10', 'I469', 'G73', 'G356', 'I649', 'I463', 'G371', 'G76', 'I299', 'G256', 'I187', 'G355', 'G134', 'I222', 'G13', 'G369', 'G218', 'G118', 'G130', 'I224', 'G90', 'G83', 'G382', 'G336', 'G89', 'G100', 'G104BF', 'G11', 'G374', 'G315', 'G223', 'I633', 'I295', 'G386', 'G16', 'I286', 'G244', 'G128', 'G126', 'G283', 'I356', 'I193', 'G95BF', 'G363', 'G110', 'II527', 'G209', 'G23', 'G377', 'G142', 'G88BF', 'I357', 'G84', 'G119', 'II341', 'G25', 'G129', 'G281', 'G179', 'G18', 'G202', 'G251', 'I527', 'G245', 'G117', 'G64', 'G77', 'G375', 'G339', 'I348', 'G367', 'G99BF', 'G28', 'I244', 'G331', 'G278', 'G359', 'G92', 'I324', 'I230', 'G103', 'G140', 'G345', 'G12', 'I294', 'G275', 'G357', 'G112', 'G285', 'I308', 'I251', 'G249', 'G284', 'G327', 'I266', 'G135', 'G220', 'G69', 'G246', 'G353', 'G226', 'G15', 'I360', 'G286', 'I279', 'I655', 'I414', 'G96BF', 'G36', 'G294', 'I521', 'G289', 'G72', 'G370', 'G68', 'G321', 'G255', 'I660', 'I322', 'G212', 'G21', 'II538', 'I260', 'G216', 'G392', 'G111', 'G66', 'I285', 'G309', 'G310', 'I169', 'G274', 'I533', 'G138', 'I684', 'G103BF', 'G78', 'G362', 'G233', 'G300', 'G376', 'G229', 'I652', 'I608', 'G277', 'G242', 'G104', 'G366', 'G125', 'G303', 'G115', 'G261', 'G106', 'G86BF', 'G379', 'G304', 'G272', 'I258', 'G224', 'G298', 'I466', 'G231', 'II524', 'I275', 'G350', 'I551', 'G87', 'G219', 'G241', 'I223', 'G88', 'G120', 'G387', 'G113', 'I320', 'G312', 'I342', 'G108', 'G132', 'I544', 'G31', 'G378', 'I281', 'G67', 'G329', 'G9', 'G190', 'I449', 'G98BF', 'G70', 'G184', 'G211', 'G30', 'G136', 'G96', 'G393', 'G143', 'I363', 'I314', 'I476', 'I313', 'G34', 'G390', 'I199', 'G225', 'I687', 'G239', 'G169', 'G6', 'I422', 'I263', 'G260', 'G348', 'I303', 'G381', 'I517', 'G279', 'G19', 'G236', 'G228', 'I209', 'I386', 'G341', 'G133', 'I452', 'G373', 'I553', 'I349', 'G162', 'I390', 'I328', 'I546', 'I321', 'G75', 'G325', 'G335', 'G287', 'G397', 'G395', 'G372', 'G215', 'G80', 'I202', 'G79', 'I334', 'I196', 'I307', 'G360', 'G280', 'G237', 'I265', 'G106BF', 'G1', 'G263', 'G352', 'G394', 'I515', 'G254', 'G174', 'G265', 'G257', 'I341', 'I335', 'I175', 'G396', 'G253', 'I442', 'G365', 'I257', 'G26', 'G107', 'I372', 'G306', 'I292', 'G268', 'G221', 'I537', 'I254', 'I338', 'G97BF', 'I495', 'G214', 'I366', 'G20', 'I278', 'G183', 'G166', 'I643', 'G74', 'I406', 'I343', 'I315', 'G388', 'G301', 'G194', 'I518', 'II272', 'G234', 'G238', 'I646', 'G250', 'G89BF', 'G364', 'G101', 'G173', 'G333', 'G247', 'G264', 'G8', 'G384', 'G271', 'I327', 'I291', 'G65', 'G258', 'II321', 'G116', 'G81', 'G213', 'G342', 'G154', 'G358', 'I472', 'G35', 'I538', 'G288', 'G86', 'G71', 'G240', 'G276', 'G139', 'G127', 'I524', 'G208', 'G307', 'I460', 'I301', 'G121', 'G235', 'I184', 'I287', 'I306', 'G87BF', 'II335', 'I237', 'G97', 'I300', 'G82', 'G2', 'G5', 'G318', 'G101BF', 'I293', 'G99', 'G380', 'I272', 'G217', 'I190', 'I354', 'G252', 'G178', 'G95', 'G391', 'I512', 'G270', 'I535', 'G105BF', 'G313', 'G124', 'G206', 'I172', 'I350', 'G14', 'I178', 'G227', 'G259', 'I680', 'G3', 'I375', 'G316', 'I269', 'G338', 'II208', 'G273', 'G122', 'G361', 'G389', 'G105', 'I369', 'I210', 'G114', 'G282', 'G4', 'G354', 'G322'}, {'I266', 'II538', 'G90', 'I343', 'G158', 'G259', 'G363', 'G262', 'G304', 'G6', 'G89BF', 'G348', 'G140', 'II524', 'G247', 'G271', 'G36', 'G361', 'G378', 'G9', 'G389', 'G300', 'I287', 'G98BF', 'G70', 'I278', 'G30', 'G258', 'G96', 'G394', 'G97', 'G321', 'G322', 'I320'})