11, 3.0, 5.0, 5
+-- , 0 , {8, 27} , {'xL0J', 'xL11J', 'xL2J', 'xL12J', 'xL9J', 'xL1J', 'xL7J', 'xL16J', 'xL10J'}
| +-- , 8 , {11} , {'xL3J', 'xL7J', 'xL10J', 'xL0J', 'xL14J', 'xL12J', 'xL1J', 'xL16J', 'xL11J', 'xL9J'}
| | +-- , 11 , {21, 25, 13} , {'xL19J', 'xL3J', 'xL0J', 'xL14J', 'xL11J', 'xL12J', 'xL1J', 'xL9J', 'xL16J', 'xL10J'}
| | | +-- , 21 , {23} , {'xL19J', 'xL0J', 'xL14J', 'xL11J', 'xL6J', 'xL16J'}
| | | | +-- , 23 , set() , {'xL0J', 'xL14J', 'xL18J', 'xL6J', 'xL16J'}
| | | +-- , 25 , set() , {'xL19J', 'xL10J', 'xL13J', 'xL9J'}
| | | +-- , 13 , {15} , {'xL19J', 'xL3J', 'xL14J', 'xL12J', 'xL5J', 'xL9J', 'xL11J', 'xL10J'}
| | | | +-- , 15 , {17, 19} , {'xL3J', 'xL14J', 'xL12J', 'xL5J', 'xL9J', 'xL11J', 'xL10J', 'xL17J'}
| | | | | +-- , 17 , set() , {'xL3J', 'xL12J', 'xL5J', 'xL4J', 'xL17J'}
| | | | | +-- , 19 , set() , {'xL3J', 'xL12J', 'xL11J', 'xL17J', 'xL15J'}
| +-- , 27 , set() , {'xL8J', 'xL7J', 'xL12J', 'xL16J'}


Max number of edges with non zero Y: 4
Max number of iterations of outer rounding loop: 0
Max number of candidate sets: 0
Time spent rounding: 0.000
Time spent solving Separator LP: 0.997
Total time spent solving: 1.614

LP Solver: GaifmanNormalILP
Lower Bound Witness = ({'xL13J', 'xL3J', 'xL8J', 'xL6J', 'xL10J', 'xL2J', 'xL15J', 'xL18J', 'xL1J', 'xL4J', 'xL16J', 'xL17J', 'xL5J', 'xL7J', 'xL19J', 'xL0J', 'xL14J', 'xL12J', 'xL11J', 'xL9J'}, {'xL0J', 'xL14J', 'xL12J', 'xL8J', 'xL7J', 'xL4J', 'xL16J', 'xL9J', 'xL17J'})