58, 0.9999993333333332, 4.0, 4
+-- , 0 , {3, 84, 40} , {'xL8JL10J', 'xL9JL10J', 'xL7JL10J', 'xL6JL10J', 'xL10JL10J', 'xL5JL10J', 'xL15JL2J'}
| +-- , 3 , {5} , {'xL12JL2J', 'xL6JL10J', 'xL15JL2J', 'xL7JL10J', 'xL10JL2J', 'xL13JL2J', 'xL10JL10J', 'xL11JL2J', 'xL8JL10J', 'xL9JL10J', 'xL14JL2J'}
| | +-- , 5 , {10} , {'xL12JL2J', 'xL11JL9J', 'xL6JL10J', 'xL11JL5J', 'xL11JL7J', 'xL10JL9J', 'xL11JL8J', 'xL7JL10J', 'xL10JL2J', 'xL11JL4J', 'xL13JL2J', 'xL11JL6J', 'xL10JL10J', 'xL11JL2J', 'xL8JL10J', 'xL9JL10J', 'xL14JL2J'}
| | | +-- , 10 , {12} , {'xL12JL2J', 'xL6JL10J', 'xL11JL5J', 'xL11JL7J', 'xL11JL8J', 'xL10JL9J', 'xL7JL10J', 'xL10JL2J', 'xL11JL4J', 'xL13JL2J', 'xL11JL6J', 'xL10JL10J', 'xL11JL2J', 'xL8JL10J', 'xL9JL10J', 'xL10JL11J', 'xL14JL2J'}
| | | | +-- , 12 , {14} , {'xL12JL2J', 'xL6JL10J', 'xL11JL5J', 'xL11JL7J', 'xL11JL8J', 'xL7JL10J', 'xL7JL11J', 'xL10JL2J', 'xL11JL4J', 'xL9JL11J', 'xL13JL2J', 'xL6JL11J', 'xL11JL6J', 'xL11JL2J', 'xL8JL11J', 'xL8JL10J', 'xL9JL10J', 'xL10JL11J', 'xL14JL2J'}
| | | | | +-- , 14 , {16} , {'xL12JL2J', 'xL11JL5J', 'xL11JL7J', 'xL8JL9J', 'xL11JL8J', 'xL7JL10J', 'xL7JL9J', 'xL7JL11J', 'xL10JL2J', 'xL11JL4J', 'xL8JL8J', 'xL13JL2J', 'xL11JL6J', 'xL11JL2J', 'xL8JL11J', 'xL8JL10J', 'xL7JL8J', 'xL7JL7J', 'xL7JL6J', 'xL14JL2J'}
| | | | | | +-- , 16 , {18, 38} , {'xL12JL2J', 'xL6JL8J', 'xL11JL5J', 'xL11JL7J', 'xL11JL8J', 'xL10JL2J', 'xL11JL4J', 'xL8JL8J', 'xL13JL2J', 'xL9JL8J', 'xL11JL6J', 'xL11JL2J', 'xL7JL8J', 'xL7JL7J', 'xL7JL6J', 'xL14JL2J'}
| | | | | | | +-- , 18 , {28, 20} , {'xL12JL2J', 'xL11JL5J', 'xL11JL7J', 'xL11JL8J', 'xL9JL5J', 'xL9JL4J', 'xL10JL2J', 'xL11JL4J', 'xL9JL6J', 'xL13JL2J', 'xL9JL8J', 'xL11JL6J', 'xL11JL2J', 'xL9JL3J', 'xL9JL7J', 'xL14JL2J'}
| | | | | | | | +-- , 28 , {32, 30} , {'xL12JL7J', 'xL9JL6J', 'xL11JL5J', 'xL11JL7J', 'xL11JL6J', 'xL11JL8J', 'xL9JL5J', 'xL9JL4J', 'xL9JL7J'}
| | | | | | | | | +-- , 32 , {34} , {'xL12JL7J', 'xL9JL6J', 'xL10JL7J', 'xL11JL5J', 'xL11JL7J', 'xL11JL6J', 'xL9JL5J', 'xL9JL4J', 'xL9JL7J'}
| | | | | | | | | | +-- , 34 , {36} , {'xL9JL6J', 'xL10JL7J', 'xL10JL6J', 'xL11JL5J', 'xL11JL6J', 'xL9JL5J', 'xL9JL4J', 'xL10JL5J'}
| | | | | | | | | | | +-- , 36 , set() , {'xL11JL5J', 'xL8JL5J', 'xL8JL4J', 'xL9JL5J', 'xL9JL4J', 'xL10JL5J'}
| | | | | | | | | +-- , 30 , set() , {'xL12JL7J', 'xL12JL8J', 'xL11JL8J'}
| | | | | | | | +-- , 20 , {22} , {'xL12JL2J', 'xL13JL4J', 'xL14JL4J', 'xL12JL4J', 'xL10JL2J', 'xL11JL4J', 'xL13JL2J', 'xL10JL3J', 'xL11JL2J', 'xL9JL3J', 'xL14JL2J'}
| | | | | | | | | +-- , 22 , {24} , {'xL12JL2J', 'xL13JL4J', 'xL13JL2J', 'xL10JL3J', 'xL14JL4J', 'xL11JL2J', 'xL12JL4J', 'xL14JL2J', 'xL10JL1J', 'xL10JL2J'}
| | | | | | | | | | +-- , 24 , {26} , {'xL12JL2J', 'xL13JL4J', 'xL14JL4J', 'xL11JL1J', 'xL12JL4J', 'xL10JL1J', 'xL13JL1J', 'xL12JL1J', 'xL13JL2J', 'xL11JL2J', 'xL14JL1J', 'xL14JL2J'}
| | | | | | | | | | | +-- , 26 , set() , {'xL12JL2J', 'xL13JL5J', 'xL13JL1J', 'xL13JL4J', 'xL13JL3J', 'xL13JL2J', 'xL12JL1J', 'xL14JL4J', 'xL13JL6J', 'xL14JL6J', 'xL14JL5J', 'xL12JL4J', 'xL12JL3J'}
| | | | | | | +-- , 38 , set() , {'xL6JL8J', 'xL6JL6J', 'xL6JL7J', 'xL7JL7J', 'xL7JL6J'}
| +-- , 84 , {86} , {'xL5JL9J', 'xL5JL10J'}
| | +-- , 86 , {88} , {'xL5JL9J', 'xL4JL9J'}
| | | +-- , 88 , {90} , {'xL4JL7J', 'xL4JL8J', 'xL4JL5J', 'xL4JL6J', 'xL4JL9J'}
| | | | +-- , 90 , {115, 95} , {'xL2JL2J', 'xL3JL3J', 'xL2JL1J', 'xL4JL8J', 'xL2JL6J', 'xL2JL3J', 'xL3JL5J', 'xL3JL4J', 'xL4JL6J', 'xL4JL7J', 'xL3JL8J', 'xL3JL6J', 'xL2JL4J', 'xL4JL5J', 'xL3JL7J', 'xL2JL5J'}
| | | | | +-- , 115 , {117} , {'xL2JL8J', 'xL4JL8J', 'xL3JL8J'}
| | | | | | +-- , 117 , {119} , {'xL2JL11J', 'xL2JL8J', 'xL2JL9J', 'xL2JL10J'}
| | | | | | | +-- , 119 , {121, 123} , {'xL2JL11J', 'xL1JL10J', 'xL2JL9J', 'xL2JL10J'}
| | | | | | | | +-- , 121 , set() , {'xL2JL9J', 'xL1JL9J', 'xL1JL10J'}
| | | | | | | | +-- , 123 , set() , {'xL3JL11J', 'xL2JL11J', 'xL1JL10J', 'xL3JL10J', 'xL2JL10J'}
| | | | | +-- , 95 , {97} , {'xL1JL6J', 'xL2JL2J', 'xL3JL3J', 'xL2JL1J', 'xL2JL6J', 'xL2JL3J', 'xL3JL5J', 'xL4JL6J', 'xL3JL6J', 'xL4JL5J', 'xL2JL5J'}
| | | | | | +-- , 97 , {113, 99} , {'xL1JL6J', 'xL5JL5J', 'xL3JL5J', 'xL2JL2J', 'xL3JL3J', 'xL2JL1J', 'xL4JL5J', 'xL4JL3J', 'xL2JL3J', 'xL1JL3J', 'xL2JL5J', 'xL1JL5J'}
| | | | | | | +-- , 113 , set() , {'xL2JL2J', 'xL1JL1J', 'xL1JL2J', 'xL2JL1J', 'xL1JL3J'}
| | | | | | | +-- , 99 , {101} , {'xL5JL5J', 'xL4JL3J', 'xL5JL4J', 'xL4JL1J', 'xL4JL2J'}
| | | | | | | | +-- , 101 , {103} , {'xL5JL4J', 'xL4JL1J', 'xL6JL4J', 'xL4JL2J'}
| | | | | | | | | +-- , 103 , {105} , {'xL4JL2J', 'xL6JL3J', 'xL6JL2J', 'xL4JL1J', 'xL6JL4J'}
| | | | | | | | | | +-- , 105 , {107, 109} , {'xL7JL2J', 'xL4JL2J', 'xL6JL3J', 'xL4JL1J', 'xL6JL2J', 'xL8JL2J'}
| | | | | | | | | | | +-- , 107 , set() , {'xL7JL2J', 'xL5JL1J', 'xL5JL2J', 'xL4JL2J', 'xL8JL2J', 'xL6JL2J', 'xL4JL1J'}
| | | | | | | | | | | +-- , 109 , {111} , {'xL7JL2J', 'xL6JL3J', 'xL7JL3J', 'xL8JL2J'}
| | | | | | | | | | | | +-- , 111 , set() , {'xL7JL2J', 'xL8JL1J', 'xL7JL1J', 'xL7JL3J', 'xL8JL2J'}
| +-- , 40 , {42} , {'xL15JL3J', 'xL15JL2J'}
| | +-- , 42 , {44} , {'xL15JL3J', 'xL16JL3J'}
| | | +-- , 44 , {46} , {'xL16JL4J', 'xL16JL3J', 'xL16JL7J', 'xL16JL5J', 'xL16JL6J'}
| | | | +-- , 46 , {50} , {'xL18JL10J', 'xL16JL4J', 'xL17JL8J', 'xL16JL5J', 'xL18JL6J', 'xL18JL8J', 'xL18JL7J', 'xL16JL7J', 'xL18JL11J', 'xL18JL9J', 'xL16JL6J'}
| | | | | +-- , 50 , {52, 62} , {'xL18JL10J', 'xL16JL4J', 'xL17JL7J', 'xL17JL8J', 'xL16JL5J', 'xL17JL9J', 'xL18JL6J', 'xL17JL4J', 'xL17JL6J', 'xL18JL7J', 'xL16JL7J', 'xL18JL11J', 'xL17JL5J', 'xL18JL9J', 'xL16JL6J'}
| | | | | | +-- , 52 , {54} , {'xL16JL4J', 'xL18JL4J', 'xL17JL4J'}
| | | | | | | +-- , 54 , {56} , {'xL18JL4J', 'xL18JL1J', 'xL18JL2J', 'xL18JL3J'}
| | | | | | | | +-- , 56 , {58, 60} , {'xL18JL1J', 'xL19JL2J', 'xL18JL2J', 'xL18JL3J'}
| | | | | | | | | +-- , 58 , set() , {'xL19JL2J', 'xL18JL1J', 'xL17JL1J', 'xL17JL2J', 'xL18JL2J'}
| | | | | | | | | +-- , 60 , set() , {'xL19JL3J', 'xL19JL2J', 'xL18JL3J'}
| | | | | | +-- , 62 , {64, 82} , {'xL18JL10J', 'xL17JL7J', 'xL17JL9J', 'xL18JL6J', 'xL17JL6J', 'xL18JL7J', 'xL19JL7J', 'xL16JL7J', 'xL18JL11J', 'xL18JL9J', 'xL16JL6J'}
| | | | | | | +-- , 64 , {80, 66} , {'xL15JL7J', 'xL18JL7J', 'xL18JL10J', 'xL19JL9J', 'xL19JL7J', 'xL17JL7J', 'xL16JL7J', 'xL18JL11J', 'xL16JL9J', 'xL17JL9J', 'xL18JL9J'}
| | | | | | | | +-- , 80 , set() , {'xL18JL10J', 'xL19JL9J', 'xL19JL11J', 'xL18JL11J', 'xL19JL10J'}
| | | | | | | | +-- , 66 , {68} , {'xL16JL11J', 'xL15JL7J', 'xL15JL8J', 'xL16JL10J', 'xL16JL9J'}
| | | | | | | | | +-- , 68 , {70} , {'xL16JL11J', 'xL14JL8J', 'xL15JL8J', 'xL16JL10J'}
| | | | | | | | | | +-- , 70 , {72} , {'xL16JL11J', 'xL14JL10J', 'xL16JL10J', 'xL14JL9J', 'xL14JL8J'}
| | | | | | | | | | | +-- , 72 , {74, 76} , {'xL16JL11J', 'xL12JL10J', 'xL13JL10J', 'xL14JL10J', 'xL16JL10J', 'xL14JL9J'}
| | | | | | | | | | | | +-- , 74 , set() , {'xL16JL11J', 'xL15JL11J', 'xL12JL10J', 'xL13JL10J', 'xL14JL10J', 'xL16JL10J', 'xL15JL10J'}
| | | | | | | | | | | | +-- , 76 , {78} , {'xL14JL9J', 'xL12JL10J', 'xL13JL10J', 'xL13JL9J'}
| | | | | | | | | | | | | +-- , 78 , set() , {'xL12JL10J', 'xL13JL10J', 'xL13JL9J', 'xL12JL11J', 'xL13JL11J'}
| | | | | | | +-- , 82 , set() , {'xL17JL6J', 'xL19JL6J', 'xL19JL7J', 'xL18JL6J', 'xL16JL6J'}


Max number of edges with non zero Y: 6
Max number of iterations of outer rounding loop: 5
Max number of candidate sets: 2
Time spent rounding: 53.247
Time spent solving Separator LP: 3.128
Total time spent solving: 72.063

LP Solver: GaifmanNormal
Lower Bound Witness = ({'xL12JL7J', 'xL9JL6J', 'xL10JL7J', 'xL10JL6J', 'xL11JL5J', 'xL11JL7J', 'xL11JL6J', 'xL8JL5J', 'xL11JL8J', 'xL8JL4J', 'xL9JL5J', 'xL9JL4J', 'xL9JL7J', 'xL12JL8J', 'xL10JL5J'}, {'xL9JL6J', 'xL11JL5J', 'xL11JL7J', 'xL11JL6J', 'xL11JL8J', 'xL9JL5J', 'xL9JL4J', 'xL9JL7J'})