18, 0, 8.0, 8
+-- , 3 , {0, 5} , {'59', '58', '37', '53', '48', '13', '20', '56', '1', '43', '26', '57', '21', '22', '30', '51', '40', '14', '27', '9', '12', '19', '6', '33', '28'}
| +-- , 0 , {36, 7} , {'59', '9', '42', '37', '48', '13', '20', '43', '21', '30', '51', '40', '14', '6', '58', '53', '56', '57', '12', '1', '19', '33', '28'}
| | +-- , 36 , set() , {'59', '49', '58', '48', '14'}
| | +-- , 7 , {32, 34, 26, 10, 30} , {'59', '58', '42', '3', '37', '53', '54', '48', '13', '20', '56', '1', '55', '57', '21', '34', '30', '51', '61', '23', '40', '14', '12', '9', '19', '15', '11', '6', '28'}
| | | +-- , 32 , set() , {'58', '42', '53', '20', '61', '56', '14', '32', '55'}
| | | +-- , 34 , set() , {'59', '30', '54', '55', '35'}
| | | +-- , 26 , {28} , {'58', '0', '54', '48', '41', '56', '40', '12', '15'}
| | | | +-- , 28 , set() , {'0', '56', '38', '15'}
| | | +-- , 10 , {12} , {'59', '42', '37', '4', '48', '13', '31', '55', '39', '44', '21', '34', '51', '23', '40', '14', '11', '3', '53', '54', '57', '61', '12', '9', '19', '15'}
| | | | +-- , 12 , {24, 14} , {'59', '36', '17', '42', '37', '4', '53', '54', '13', '39', '21', '34', '47', '51', '61', '23', '40', '14', '12', '9', '19', '15', '11'}
| | | | | +-- , 24 , set() , {'42', '47', '51', '40', '52'}
| | | | | +-- , 14 , {16} , {'59', '36', '17', '42', '37', '53', '54', '13', '21', '34', '46', '47', '61', '40', '14', '9', '19', '15', '11'}
| | | | | | +-- , 16 , {18} , {'59', '36', '17', '10', '37', '53', '54', '13', '34', '46', '61', '14', '9', '19', '15', '11'}
| | | | | | | +-- , 18 , {20} , {'59', '36', '17', '7', '10', '37', '53', '54', '13', '45', '34', '46', '14', '15', '11'}
| | | | | | | | +-- , 20 , {22} , {'59', '36', '17', '7', '37', '53', '13', '60', '34', '46', '2', '5', '14', '16', '15', '11'}
| | | | | | | | | +-- , 22 , set() , {'59', '24', '34', '46', '53', '2', '5', '14', '15', '60'}
| | | +-- , 30 , set() , {'37', '53', '30', '50', '55'}
| +-- , 5 , set() , {'25', '58', '22', '20', '29', '27', '14'}


Max number of edges with non zero Y: 22
Max number of iterations of outer rounding loop: 1
Max number of candidate sets: 2
Time spent rounding: 0.570
Time spent solving Separator LP: 0.014
Total time spent solving: 1.059

LP Solver: gammaPlusFractionalCoverHeuristic
Number of Rounding Attemps: 16
Lower Bound Witness = ({'59', '25', '9', '24', '36', '42', '7', '37', '4', '10', '48', '13', '20', '43', '26', '32', '31', '55', '60', '49', '39', '44', '21', '22', '0', '34', '46', '41', '30', '2', '51', '23', '40', '14', '16', '11', '6', '35', '58', '17', '3', '53', '54', '50', '56', '38', '52', '57', '45', '47', '5', '61', '29', '27', '12', '1', '19', '15', '33', '28'}, {'40', '14', '20'})