13, 2.10228889076832, 5.0, 5
+-- , 0 , {23, 5, 21, 27} , {'38', '59', '40', '58', '78', '75', '69', '77', '5', '13', '28', '56', '53', '24', '72'}
| +-- , 23 , {25} , {'0', '59', '40', '75', '69', '74', '5', '13', '56', '62', '63', '22', '49'}
| | +-- , 25 , set() , {'0', '18', '40', '47', '52'}
| +-- , 5 , {19, 7, 9} , {'72', '77', '5', '13', '53', '65', '20', '38', '3', '59', '40', '78', '17', '28', '81', '56', '34', '73'}
| | +-- , 19 , set() , {'10', '71', '70', '34', '73'}
| | +-- , 7 , set() , {'20', '36', '76', '82', '77', '5', '56', '33', '14'}
| | +-- , 9 , {11, 15} , {'35', '38', '3', '78', '34', '5', '81', '56', '53', '65', '72'}
| | | +-- , 11 , {13} , {'66', '5', '8', '50', '35', '3', '78', '81', '56', '34', '72'}
| | | | +-- , 13 , set() , {'12', '35', '67', '3', '37', '43', '66', '78', '72', '64', '81', '56', '5', '57', '34', '21'}
| | | +-- , 15 , {17} , {'35', '55', '38', '53', '65', '29'}
| | | | +-- , 17 , set() , {'27', '44', '53', '46', '29'}
| +-- , 21 , set() , {'75', '69', '31', '24', '25'}
| +-- , 27 , set() , {'38', '79', '78', '28', '6'}


Max number of edges with non zero Y: 14
Max number of iterations of outer rounding loop: 2
Max number of candidate sets: 2
Time spent rounding: 3.687
Time spent solving Separator LP: 0.429

LP Solver: GaifmanBoosted