11, 2.6238874401495162, 7.027522935779817, 10
+-- , 0 , {13} , {'46', '26', '36', '0', '1', '25', '54', '19', '9', '42', '37', '50', '30', '58', '12', '24', '14', '63', '61', '11', '65', '43', '17', '21', '23', '62', '5', '34', '64', '49', '44', '22', '18', '45', '27', '33', '39', '55', '8', '59', '7', '15', '3'}
| +-- , 13 , {15} , {'46', '26', '29', '40', '36', '0', '1', '25', '54', '20', '19', '42', '9', '37', '50', '30', '12', '58', '24', '14', '63', '11', '61', '43', '17', '21', '31', '23', '62', '5', '34', '35', '64', '2', '49', '44', '22', '18', '41', '45', '27', '51', '33', '39', '55', '66', '8', '48', '59', '7', '15', '3'}
| | +-- , 15 , {17} , {'46', '26', '29', '40', '36', '0', '1', '25', '54', '20', '19', '42', '38', '9', '37', '50', '30', '12', '58', '24', '14', '63', '11', '61', '43', '17', '21', '31', '23', '62', '34', '35', '64', '60', '2', '49', '44', '22', '18', '41', '45', '27', '51', '33', '39', '55', '66', '8', '48', '59', '7', '15', '3'}
| | | +-- , 17 , {32, 19} , {'46', '34', '35', '64', '26', '29', '40', '36', '0', '60', '1', '25', '54', '2', '49', '19', '44', '42', '38', '9', '22', '37', '16', '50', '30', '18', '12', '58', '41', '45', '27', '24', '14', '51', '33', '39', '63', '11', '61', '55', '13', '43', '66', '17', '21', '31', '8', '48', '59', '7', '15', '23', '3', '62'}
| | | | +-- , 32 , set() , {'13', '42', '59', '16', '57', '24', '1', '25', '15', '55'}
| | | | +-- , 19 , {22, 30} , {'46', '26', '29', '40', '36', '0', '1', '25', '19', '42', '38', '9', '37', '16', '50', '30', '12', '58', '24', '14', '63', '11', '61', '13', '43', '17', '21', '31', '23', '62', '34', '35', '64', '56', '60', '49', '44', '22', '18', '41', '45', '27', '51', '33', '39', '32', '55', '66', '8', '48', '59', '7', '15', '3'}
| | | | | +-- , 22 , {24} , {'40', '36', '0', '1', '25', '19', '42', '38', '9', '37', '16', '30', '12', '58', '47', '24', '63', '11', '61', '13', '43', '17', '21', '31', '23', '62', '34', '35', '56', '60', '49', '44', '22', '18', '41', '45', '27', '33', '39', '32', '55', '66', '8', '48', '59', '15'}
| | | | | | +-- , 24 , {26, 28} , {'34', '56', '40', '60', '0', '36', '25', '19', '44', '42', '22', '9', '37', '16', '53', '30', '18', '12', '58', '41', '45', '27', '47', '24', '33', '39', '63', '32', '11', '55', '61', '13', '43', '66', '17', '31', '48', '59', '15', '23', '6', '62'}
| | | | | | | +-- , 26 , set() , {'40', '60', '25', '28', '42', '9', '53', '18', '58', '45', '47', '33', '32', '39', '63', '61', '48', '59', '6', '62'}
| | | | | | | +-- , 28 , set() , {'34', '56', '25', '44', '52', '16', '53', '30', '12', '58', '41', '45', '47', '33', '63', '61', '55', '17', '48', '23'}
| | | | | +-- , 30 , set() , {'46', '34', '35', '64', '56', '26', '29', '0', '19', '44', '10', '22', '38', '9', '37', '16', '50', '30', '4', '18', '58', '27', '14', '51', '33', '39', '32', '55', '61', '13', '43', '66', '59', '7', '15', '23', '3', '62'}


Max number of edges with non zero Y: 27
Max number of iterations of outer rounding loop: 7
Max number of candidate sets: 2
Time spent rounding: 54.317
Time spent solving Separator LP: 24.426
Total time spent solving: 88.715

LP Solver: GaifmanNormal
Lower Bound Witness = ({'46', '34', '35', '64', '56', '26', '29', '40', '60', '0', '36', '1', '25', '28', '49', '19', '44', '10', '52', '42', '22', '38', '9', '37', '16', '53', '50', '30', '4', '18', '12', '58', '41', '45', '27', '47', '24', '14', '51', '33', '39', '63', '32', '11', '55', '61', '13', '43', '66', '8', '17', '31', '21', '48', '59', '7', '15', '23', '6', '3', '62'}, {'46', '34', '35', '64', '56', '26', '29', '40', '60', '0', '36', '1', '25', '49', '19', '44', '42', '22', '38', '9', '37', '16', '50', '30', '18', '12', '58', '41', '45', '27', '24', '14', '51', '33', '39', '63', '11', '55', '61', '13', '43', '66', '8', '17', '31', '21', '48', '59', '7', '15', '23', '3', '62'})