23, 3.0, 5.0, 5
+-- , 0 , {48, 3, 7, 46} , {'12', '26', '43', '10', '45', '31', '53', '1', '69', '47'}
| +-- , 48 , set() , {'42', '10', '26', '53'}
| +-- , 3 , {5} , {'12', '26', '34', '15', '30', '69', '68', '47'}
| | +-- , 5 , set() , {'48', '17', '34', '26'}
| +-- , 7 , {12, 44} , {'12', '26', '43', '10', '18', '45', '50', '25', '33', '1', '47'}
| | +-- , 12 , {32, 42, 14} , {'12', '54', '18', '45', '22', '33', '1', '26', '10', '25', '50', '47'}
| | | +-- , 32 , {40, 34} , {'26', '54', '10', '22', '46', '33', '1', '25'}
| | | | +-- , 40 , set() , {'54', '32', '46', '33'}
| | | | +-- , 34 , {36} , {'3', '26', '55', '10', '22', '46', '25', '1', '27'}
| | | | | +-- , 36 , {38} , {'55', '25', '63', '27', '52'}
| | | | | | +-- , 38 , set() , {'4', '64', '55', '52'}
| | | +-- , 42 , set() , {'66', '22', '18', '54'}
| | | +-- , 14 , {16, 30} , {'12', '54', '45', '22', '1', '58', '14', '21', '8', '25', '50', '24', '47', '37'}
| | | | +-- , 16 , {18, 28} , {'12', '20', '67', '45', '8', '35', '50', '25', '58', '59', '47', '14'}
| | | | | +-- , 18 , {20, 24, 26} , {'40', '12', '20', '19', '56', '67', '0', '58', '59', '47'}
| | | | | | +-- , 20 , {22} , {'11', '12', '23', '0', '49'}
| | | | | | | +-- , 22 , set() , {'49', '12', '39'}
| | | | | | +-- , 24 , set() , {'70', '0', '47', '16'}
| | | | | | +-- , 26 , set() , {'40', '36', '56', '65'}
| | | | | +-- , 28 , set() , {'20', '62', '25'}
| | | | +-- , 30 , set() , {'1', '7', '21', '37'}
| | +-- , 44 , set() , {'18', '60', '47', '33'}
| +-- , 46 , set() , {'69', '51', '43', '47'}


Max number of edges with non zero Y: 4
Max number of iterations of outer rounding loop: 0
Max number of candidate sets: 0
Time spent rounding: 0.000
Time spent solving Separator LP: 5.666

LP Solver: GaifmanNormalILP