24, 0, 4.5, 5
+-- , 0 , {3, 38} , {'54', '34', '22', '15', '33', '1', '30', '69', '25'}
| +-- , 3 , {7} , {'54', '18', '22', '15', '33', '1', '69', '58', '43', '25', '50', '66'}
| | +-- , 7 , {34, 36, 9} , {'43', '18', '50', '22', '15', '33', '1', '25', '69', '47', '58'}
| | | +-- , 34 , set() , {'69', '51', '43', '47'}
| | | +-- , 36 , set() , {'18', '60', '47', '33'}
| | | +-- , 9 , {11} , {'12', '22', '15', '1', '58', '21', '8', '25', '50', '68', '47'}
| | | | +-- , 11 , {14} , {'12', '20', '21', '8', '25', '50', '1', '58', '62', '47'}
| | | | | +-- , 14 , {16} , {'12', '20', '21', '8', '35', '50', '1', '58', '59', '47'}
| | | | | | +-- , 16 , {18, 28} , {'12', '20', '67', '21', '8', '1', '58', '59', '47'}
| | | | | | | +-- , 18 , {20, 24, 26} , {'40', '12', '20', '19', '56', '67', '0', '58', '59', '47'}
| | | | | | | | +-- , 20 , {22} , {'11', '12', '23', '0', '49'}
| | | | | | | | | +-- , 22 , set() , {'49', '12', '39'}
| | | | | | | | +-- , 24 , set() , {'70', '0', '47', '16'}
| | | | | | | | +-- , 26 , set() , {'40', '36', '56', '65'}
| | | | | | | +-- , 28 , {30} , {'12', '67', '45', '21', '8', '31', '1'}
| | | | | | | | +-- , 30 , {32} , {'67', '45', '21', '37', '8', '1', '7', '14'}
| | | | | | | | | +-- , 32 , set() , {'14', '24', '45', '37'}
| +-- , 38 , {40} , {'48', '26', '54', '34', '22', '25', '33', '1', '17'}
| | +-- , 40 , {42} , {'26', '54', '10', '22', '53', '33', '1', '25', '42'}
| | | +-- , 42 , {50, 44} , {'26', '54', '10', '22', '46', '33', '1', '25'}
| | | | +-- , 50 , set() , {'54', '32', '46', '33'}
| | | | +-- , 44 , {46} , {'3', '26', '55', '10', '22', '46', '25', '1', '27'}
| | | | | +-- , 46 , {48} , {'55', '25', '63', '27', '52'}
| | | | | | +-- , 48 , set() , {'4', '64', '55', '52'}


Max number of edges with non zero Y: 23
Max number of iterations of outer rounding loop: 4
Max number of candidate sets: 2
Time spent rounding: 11.136
Time spent solving Separator LP: 0.053

LP Solver: gammaPlusFractionalCoverHeuristic