27, 2.456102193509934, 4.0, 5
+-- , 0 , {3, 5, 29} , {'12', '20', '22', '15', '50', '1', '58', '47'}
| +-- , 3 , set() , {'68', '12', '47', '15'}
| +-- , 5 , {7, 15} , {'12', '20', '56', '21', '22', '8', '50', '1', '58', '47'}
| | +-- , 7 , {9, 13} , {'20', '12', '0', '56', '58', '47'}
| | | +-- , 9 , {11} , {'11', '12', '23', '0', '49'}
| | | | +-- , 11 , set() , {'49', '12', '39'}
| | | +-- , 13 , set() , {'70', '0', '47', '16'}
| | +-- , 15 , {17} , {'12', '20', '56', '21', '45', '8', '31', '50', '1'}
| | | +-- , 17 , {19, 21} , {'20', '56', '21', '45', '8', '50', '1', '59'}
| | | | +-- , 19 , set() , {'20', '50', '35', '59'}
| | | | +-- , 21 , {23} , {'40', '56', '21', '45', '36', '8', '65', '1', '59'}
| | | | | +-- , 23 , {25} , {'40', '19', '67', '45', '21', '8', '1', '59'}
| | | | | | +-- , 25 , {27} , {'67', '45', '21', '37', '8', '1', '7', '14'}
| | | | | | | +-- , 27 , set() , {'14', '24', '45', '37'}
| +-- , 29 , {53, 31} , {'20', '54', '22', '15', '1', '58', '55', '10', '25', '50', '47'}
| | +-- , 53 , set() , {'20', '62', '25'}
| | +-- , 31 , {33, 51} , {'43', '55', '54', '10', '18', '66', '22', '50', '15', '33', '25', '47'}
| | | +-- , 33 , {35, 37} , {'43', '55', '54', '10', '15', '33', '25', '69', '47'}
| | | | +-- , 35 , set() , {'69', '51', '43', '47'}
| | | | +-- , 37 , {39} , {'55', '54', '10', '34', '15', '33', '25', '30', '69'}
| | | | | +-- , 39 , {41, 43} , {'48', '26', '55', '54', '10', '34', '25', '33', '17'}
| | | | | | +-- , 41 , set() , {'42', '10', '26', '53'}
| | | | | | +-- , 43 , {45, 47} , {'26', '55', '54', '46', '33', '3', '27', '25'}
| | | | | | | +-- , 45 , set() , {'54', '32', '46', '33'}
| | | | | | | +-- , 47 , {49} , {'55', '25', '63', '27', '52'}
| | | | | | | | +-- , 49 , set() , {'4', '64', '55', '52'}
| | | +-- , 51 , set() , {'18', '60', '47', '33'}


Max number of edges with non zero Y: 18
Max number of iterations of outer rounding loop: 3
Max number of candidate sets: 2
Time spent rounding: 9.063
Time spent solving Separator LP: 1.158

LP Solver: GaifmanBoosted