15, 0, 7.0, 7
+-- , 3 , {0, 5} , {'12', '15', '69', '70', '25', '26', '3', '27', '22', '46', '47', '68', '50', '0', '54', '16'}
| +-- , 0 , {13, 29, 9, 25} , {'12', '15', '69', '10', '68', '70', '25', '26', '3', '50', '0', '27', '22', '54', '16'}
| | +-- , 13 , {21, 23, 15} , {'12', '58', '20', '25', '27', '22', '55', '56', '35', '52', '10', '50', '1', '0', '59', '54', '63'}
| | | +-- , 21 , set() , {'20', '25', '62'}
| | | +-- , 23 , set() , {'52', '4', '64', '55'}
| | | +-- , 15 , {17} , {'12', '21', '45', '31', '8', '22', '19', '67', '40', '56', '36', '50', '1', '59', '65'}
| | | | +-- , 17 , {19} , {'14', '21', '45', '37', '1', '7', '8', '67'}
| | | | | +-- , 19 , set() , {'45', '14', '37', '24'}
| | +-- , 29 , set() , {'10', '53', '26', '42'}
| | +-- , 9 , {11} , {'12', '49', '23', '11', '0'}
| | | +-- , 11 , set() , {'12', '49', '39'}
| | +-- , 25 , {27} , {'69', '15', '30', '26', '34'}
| | | +-- , 27 , set() , {'48', '17', '26', '34'}
| +-- , 5 , {7} , {'69', '47', '50', '25', '51', '22', '43', '46', '54'}
| | +-- , 7 , set() , {'66', '47', '60', '50', '25', '32', '33', '22', '43', '46', '54', '18'}


Max number of edges with non zero Y: 23
Max number of iterations of outer rounding loop: 1
Max number of candidate sets: 2
Time spent rounding: 0.031
Time spent solving Separator LP: 0.007
Total time spent solving: 0.326

LP Solver: gammaPlusFractionalCoverHeuristic
Number of Rounding Attemps: 2
Lower Bound Witness = ({'69', '21', '58', '25', '26', '64', '8', '22', '27', '55', '67', '48', '53', '52', '47', '32', '0', '59', '51', '65', '4', '54', '63', '33', '34', '12', '15', '49', '45', '11', '70', '37', '20', '3', '42', '31', '24', '46', '19', '17', '23', '40', '66', '56', '35', '39', '14', '36', '10', '68', '60', '50', '1', '7', '30', '43', '62', '16', '18'}, {'47', '60', '20', '26', '8'})