20, 0, 5.0, 5
+-- , 5 , {3, 7} , {'12', '15', '47', '68', '25', '1', '33', '22', '43', '54'}
| +-- , 3 , {0, 26} , {'12', '70', '25', '22', '16', '66', '47', '50', '1', '0', '43', '33', '54', '18'}
| | +-- , 0 , {34, 40, 42, 28} , {'12', '58', '20', '25', '50', '1', '0', '59', '22', '54'}
| | | +-- , 34 , {36} , {'12', '56', '45', '58', '50', '1', '20', '31', '59', '0', '22'}
| | | | +-- , 36 , {38} , {'45', '37', '22', '24', '40', '56', '14', '36', '50', '1', '59', '65'}
| | | | | +-- , 38 , set() , {'14', '21', '45', '37', '1', '50', '7', '59', '8', '22', '19', '67', '40'}
| | | +-- , 40 , set() , {'20', '25', '62'}
| | | +-- , 42 , set() , {'59', '50', '35', '20'}
| | | +-- , 28 , {30} , {'12', '49', '23', '11', '0'}
| | | | +-- , 30 , set() , {'12', '49', '39'}
| | +-- , 26 , set() , {'47', '33', '60', '18'}
| +-- , 7 , {10, 12} , {'69', '15', '47', '10', '25', '1', '22', '43', '33', '55', '54'}
| | +-- , 10 , set() , {'69', '47', '51', '43'}
| | +-- , 12 , {14} , {'69', '15', '10', '25', '33', '30', '54', '55', '34'}
| | | +-- , 14 , {16, 18} , {'48', '10', '25', '26', '17', '33', '54', '55', '34'}
| | | | +-- , 16 , set() , {'10', '53', '26', '42'}
| | | | +-- , 18 , {20, 22} , {'25', '26', '3', '33', '27', '46', '54', '55'}
| | | | | +-- , 20 , set() , {'33', '32', '54', '46'}
| | | | | +-- , 22 , {24} , {'55', '27', '52', '63', '25'}
| | | | | | +-- , 24 , set() , {'52', '4', '64', '55'}


Max number of edges with non zero Y: 24
Max number of iterations of outer rounding loop: 2
Max number of candidate sets: 2
Time spent rounding: 0.326
Time spent solving Separator LP: 0.012
Total time spent solving: 0.812

LP Solver: gammaPlusFractionalCoverHeuristic
Number of Rounding Attemps: 8
Lower Bound Witness = ({'69', '21', '58', '25', '26', '64', '8', '22', '27', '55', '67', '48', '53', '52', '47', '32', '0', '59', '51', '65', '4', '54', '63', '33', '34', '12', '15', '49', '45', '11', '70', '37', '20', '3', '42', '31', '24', '46', '19', '17', '23', '40', '66', '56', '35', '39', '14', '36', '10', '68', '60', '50', '1', '7', '30', '43', '62', '16', '18'}, {'56', '58', '50', '59', '33'})