22, 0, 6.0, 6
+-- , 5 , {3} , {'12', '15', '68', '47'}
| +-- , 3 , {0, 7} , {'69', '12', '15', '49', '58', '25', '26', '64', '46', '55', '39', '52', '47', '1', '0', '30', '4', '54', '34'}
| | +-- , 0 , {35, 37, 39, 41, 43} , {'15', '49', '52', '47', '25', '26', '0', '27', '30', '46', '54', '34'}
| | | +-- , 35 , set() , {'52', '27', '63', '25'}
| | | +-- , 37 , set() , {'47', '70', '16', '0'}
| | | +-- , 39 , set() , {'27', '26', '3', '46'}
| | | +-- , 41 , set() , {'48', '17', '26', '34'}
| | | +-- , 43 , set() , {'23', '49', '11', '0'}
| | +-- , 7 , {33, 9, 31} , {'69', '12', '45', '58', '25', '26', '20', '31', '22', '46', '55', '56', '47', '10', '1', '0', '51', '43', '54'}
| | | +-- , 33 , set() , {'10', '53', '26', '42'}
| | | +-- , 9 , {11, 29} , {'56', '45', '47', '32', '20', '25', '1', '22', '43', '46', '33', '54'}
| | | | +-- , 11 , {13} , {'56', '45', '50', '1', '20', '25', '22', '43', '33'}
| | | | | +-- , 13 , {15} , {'56', '21', '45', '50', '1', '20', '8', '22'}
| | | | | | +-- , 15 , {17, 27} , {'56', '21', '45', '50', '37', '1', '20', '8'}
| | | | | | | +-- , 17 , {19} , {'56', '14', '45', '50', '37', '20', '8', '24'}
| | | | | | | | +-- , 19 , {21} , {'56', '14', '45', '20', '50', '8', '67'}
| | | | | | | | | +-- , 21 , {25, 23} , {'56', '50', '20', '59', '19', '67', '40'}
| | | | | | | | | | +-- , 25 , set() , {'36', '56', '65', '40'}
| | | | | | | | | | +-- , 23 , set() , {'59', '50', '35', '20'}
| | | | | | | +-- , 27 , set() , {'7', '1', '21', '37'}
| | | | +-- , 29 , set() , {'66', '47', '60', '33', '22', '54', '18'}
| | | +-- , 31 , set() , {'20', '25', '62'}


Max number of edges with non zero Y: 24
Max number of iterations of outer rounding loop: 2
Max number of candidate sets: 2
Time spent rounding: 0.281
Time spent solving Separator LP: 0.010
Total time spent solving: 0.783

LP Solver: gammaPlusFractionalCoverHeuristic
Number of Rounding Attemps: 16
Lower Bound Witness = ({'69', '21', '58', '25', '26', '64', '8', '22', '27', '55', '67', '48', '53', '52', '47', '32', '0', '59', '51', '65', '4', '54', '63', '33', '34', '12', '15', '49', '45', '11', '70', '37', '20', '3', '42', '31', '24', '46', '19', '17', '23', '40', '66', '56', '35', '39', '14', '36', '10', '68', '60', '50', '1', '7', '30', '43', '62', '16', '18'}, {'66', '45', '11', '3', '63'})