16, 1.2146220188679249, 4.5, 5
+-- , 0 , {32, 34, 3, 28} , {'xL2J', 'xL5J', 'xL7J', 'yL40J'}
| +-- , 32 , set() , {'yL45J', 'yL46J', 'yL43J', 'yL47J', 'yL42J', 'yL44J', 'yL40J', 'yL41J'}
| +-- , 34 , {36} , {'xL2J', 'yL16J'}
| | +-- , 36 , set() , {'yL18J', 'yL23J', 'yL19J', 'yL20J', 'yL21J', 'yL16J', 'yL17J', 'yL22J'}
| +-- , 3 , {6} , {'xL2J', 'xL5J', 'yL34J', 'yL32J', 'yL35J', 'yL38J', 'yL36J', 'yL37J', 'xL7J', 'yL39J', 'yL33J'}
| | +-- , 6 , {8} , {'xL2J', 'xL5J', 'yL32J', 'xL4J', 'xL7J'}
| | | +-- , 8 , {11} , {'xL2J', 'yL31J', 'xL5J', 'yL28J', 'yL29J', 'yL30J', 'yL27J', 'yL24J', 'xL4J', 'yL25J', 'xL7J', 'yL26J'}
| | | | +-- , 11 , {13} , {'xL2J', 'xL5J', 'xL3J', 'yL24J', 'xL4J', 'xL7J'}
| | | | | +-- , 13 , {16} , {'yL7J', 'yL1J', 'yL2J', 'xL2J', 'xL5J', 'xL3J', 'yL3J', 'yL5J', 'yL6J', 'yL4J', 'xL4J', 'xL7J', 'yL0J'}
| | | | | | +-- , 16 , {18} , {'xL2J', 'xL5J', 'xL3J', 'xL0J', 'xL4J', 'xL7J', 'yL0J'}
| | | | | | | +-- , 18 , {21} , {'yL12J', 'yL10J', 'yL9J', 'yL8J', 'yL15J', 'xL2J', 'xL5J', 'yL13J', 'xL3J', 'xL0J', 'xL4J', 'yL14J', 'xL7J', 'yL11J'}
| | | | | | | | +-- , 21 , {23} , {'xL1J', 'yL8J', 'xL2J', 'xL5J', 'xL3J', 'xL0J', 'xL4J', 'xL7J'}
| | | | | | | | | +-- , 23 , {26} , {'yL53J', 'yL54J', 'yL51J', 'xL7J', 'yL49J', 'xL1J', 'xL2J', 'xL5J', 'yL50J', 'xL3J', 'xL0J', 'yL52J', 'yL48J', 'xL4J', 'yL55J'}
| | | | | | | | | | +-- , 26 , set() , {'xL1J', 'xL2J', 'xL5J', 'xL3J', 'xL0J', 'xL6J', 'yL48J', 'xL4J', 'xL7J'}
| +-- , 28 , {30} , {'xL7J', 'yL56J'}
| | +-- , 30 , set() , {'yL56J', 'yL57J', 'yL61J', 'yL63J', 'yL58J', 'yL62J', 'yL60J', 'yL59J'}


Max number of edges with non zero Y: 7
Max number of iterations of outer rounding loop: 2
Max number of candidate sets: 2
Time spent rounding: 10.989
Time spent solving Separator LP: 0.577
Total time spent solving: 14.275

LP Solver: GaifmanNormal
Lower Bound Witness = ({'xL1J', 'xL2J', 'xL5J', 'yL50J', 'yL53J', 'xL3J', 'yL54J', 'xL0J', 'yL52J', 'xL6J', 'yL48J', 'xL4J', 'yL55J', 'yL51J', 'xL7J', 'yL49J'}, {'xL1J', 'xL2J', 'xL5J', 'xL3J', 'xL0J', 'xL4J', 'xL7J'})