17, 0, 4.0, 4
+-- , 0 , {33, 37, 41, 9, 17, 21, 25, 29} , {'xL1J', 'xL2J', 'xL5J', 'xL3J', 'xL0J', 'xL6J', 'xL4J', 'xL7J'}
| +-- , 33 , {35} , {'xL7J', 'yL56J'}
| | +-- , 35 , set() , {'yL56J', 'yL57J', 'yL61J', 'yL63J', 'yL58J', 'yL62J', 'yL60J', 'yL59J'}
| +-- , 37 , {39} , {'xL2J', 'yL16J'}
| | +-- , 39 , set() , {'yL18J', 'yL23J', 'yL19J', 'yL20J', 'yL21J', 'yL16J', 'yL17J', 'yL22J'}
| +-- , 41 , {43} , {'xL1J', 'yL8J'}
| | +-- , 43 , set() , {'yL8J', 'yL15J', 'yL13J', 'yL12J', 'yL10J', 'yL9J', 'yL14J', 'yL11J'}
| +-- , 9 , {11} , {'yL0J', 'xL0J'}
| | +-- , 11 , set() , {'yL7J', 'yL5J', 'yL3J', 'yL1J', 'yL6J', 'yL4J', 'yL2J', 'yL0J'}
| +-- , 17 , {19} , {'xL5J', 'yL40J'}
| | +-- , 19 , set() , {'yL45J', 'yL46J', 'yL43J', 'yL47J', 'yL42J', 'yL44J', 'yL40J', 'yL41J'}
| +-- , 21 , {23} , {'xL3J', 'yL24J'}
| | +-- , 23 , set() , {'yL31J', 'yL28J', 'yL29J', 'yL27J', 'yL30J', 'yL24J', 'yL25J', 'yL26J'}
| +-- , 25 , {27} , {'yL48J', 'xL6J'}
| | +-- , 27 , set() , {'yL50J', 'yL53J', 'yL54J', 'yL52J', 'yL48J', 'yL51J', 'yL55J', 'yL49J'}
| +-- , 29 , {31} , {'xL4J', 'yL32J'}
| | +-- , 31 , set() , {'yL34J', 'yL32J', 'yL35J', 'yL38J', 'yL36J', 'yL37J', 'yL39J', 'yL33J'}


Max number of edges with non zero Y: 12
Max number of iterations of outer rounding loop: 2
Max number of candidate sets: 2
Time spent rounding: 8.858
Time spent solving Separator LP: 0.064
Total time spent solving: 11.687

LP Solver: gammaPlusFractionalCoverHeuristic
Lower Bound Witness = ({'yL45J', 'yL61J', 'yL7J', 'yL12J', 'yL19J', 'yL30J', 'yL10J', 'yL40J', 'yL35J', 'yL21J', 'yL9J', 'yL49J', 'xL5J', 'yL58J', 'yL18J', 'yL23J', 'xL3J', 'yL5J', 'yL27J', 'yL52J', 'yL44J', 'yL24J', 'yL32J', 'xL6J', 'yL4J', 'xL4J', 'yL16J', 'xL7J', 'yL39J', 'yL11J', 'yL26J', 'yL31J', 'yL63J', 'yL46J', 'yL43J', 'yL53J', 'yL47J', 'yL42J', 'yL62J', 'yL54J', 'yL28J', 'yL29J', 'yL1J', 'yL38J', 'yL36J', 'yL41J', 'yL51J', 'yL60J', 'yL59J', 'yL2J', 'xL1J', 'yL56J', 'xL2J', 'yL50J', 'yL57J', 'yL8J', 'yL15J', 'yL13J', 'yL3J', 'yL34J', 'xL0J', 'yL6J', 'yL48J', 'yL20J', 'yL37J', 'yL14J', 'yL25J', 'yL55J', 'yL17J', 'yL0J', 'yL33J', 'yL22J'}, {'yL56J', 'yL62J', 'yL32J', 'yL20J', 'yL51J'})