18, 1.2333333333333334, 5.0, 5
+-- , 0 , {33, 37, 7, 41, 27, 29} , {'xL5J', 'xL7J', 'xL4J', 'xL2J', 'yL15J', 'xL8J'}
| +-- , 33 , {35} , {'yL6J', 'xL2J'}
| | +-- , 35 , set() , {'yL6J', 'yL8J', 'yL7J'}
| +-- , 37 , {39} , {'xL8J', 'yL24J'}
| | +-- , 39 , set() , {'yL25J', 'yL24J', 'yL26J'}
| +-- , 7 , {17, 19, 23, 9} , {'xL5J', 'xL7J', 'xL4J', 'xL2J', 'yL20J', 'yL18J', 'xL3J', 'xL0J', 'yL19J', 'xL8J', 'xL1J'}
| | +-- , 17 , set() , {'xL5J', 'xL7J', 'xL4J', 'xL6J', 'xL3J', 'xL2J', 'xL0J', 'xL8J', 'yL18J', 'xL1J'}
| | +-- , 19 , {21} , {'yL3J', 'xL1J'}
| | | +-- , 21 , set() , {'yL4J', 'yL5J', 'yL3J'}
| | +-- , 23 , {25} , {'yL0J', 'xL0J'}
| | | +-- , 25 , set() , {'yL0J', 'yL2J', 'yL1J'}
| | +-- , 9 , {11} , {'yL9J', 'xL3J'}
| | | +-- , 11 , set() , {'yL9J', 'yL11J', 'yL10J'}
| +-- , 41 , {43} , {'yL21J', 'xL7J'}
| | +-- , 43 , set() , {'yL23J', 'yL21J', 'yL22J'}
| +-- , 27 , set() , {'yL16J', 'yL17J', 'yL15J'}
| +-- , 29 , {31} , {'yL12J', 'xL4J'}
| | +-- , 31 , set() , {'yL13J', 'yL12J', 'yL14J'}


Max number of edges with non zero Y: 5
Max number of iterations of outer rounding loop: 3
Max number of candidate sets: 2
Time spent rounding: 5.387
Time spent solving Separator LP: 0.130

LP Solver: GaifmanBoosted