12, 1.6363630909090912, 5.25, 6
+-- , 0 , {3, 21, 23} , {'15', '24', '59', '34', '62', '19', '77', '13', '2', '54', '71', '45', '78', '23', '5', '75', '32', '79', '25', '65', '55', '74', '76', '28', '27', '4', '33', '3', '84', '82', '49', '1', '0', '37', '41', '7', '83', '11', '72', '81', '46', '61', '51', '39', '66', '31'}
| +-- , 3 , {5} , {'24', '59', '62', '2', '78', '5', '55', '74', '53', '18', '27', '33', '3', '82', '49', '1', '7', '39', '15', '34', '19', '13', '54', '71', '23', '75', '32', '79', '25', '65', '76', '28', '4', '84', '0', '37', '41', '83', '11', '72', '81', '46', '61', '31'}
| | +-- , 5 , {19, 7} , {'15', '24', '59', '34', '62', '19', '13', '2', '54', '71', '78', '23', '5', '36', '79', '25', '65', '53', '18', '76', '28', '27', '33', '3', '84', '82', '49', '1', '37', '0', '41', '7', '72', '61', '31'}
| | | +-- , 19 , set() , {'7', '15', '58', '76', '36', '19', '13', '3', '43', '79', '54', '37', '31'}
| | | +-- , 7 , {9, 11, 13, 15, 17} , {'15', '24', '59', '34', '62', '19', '8', '13', '44', '2', '52', '9', '54', '71', '78', '23', '57', '5', '36', '79', '25', '65', '53', '18', '22', '76', '28', '27', '33', '84', '82', '1', '49', '0', '41', '38', '72', '61'}
| | | | +-- , 9 , set() , {'38', '23', '5', '22', '28', '8', '30', '2', '84', '9', '33', '82', '48', '65'}
| | | | +-- , 11 , set() , {'38', '15', '18', '34', '59', '19', '8', '52', '54', '26', '82', '70', '0'}
| | | | +-- , 13 , set() , {'38', '57', '24', '5', '60', '36', '21', '44', '27', '13', '9', '16', '25'}
| | | | +-- , 15 , set() , {'12', '78', '17', '76', '72', '44', '27', '10', '52', '9', '71', '49', '41'}
| | | | +-- , 17 , set() , {'80', '57', '53', '18', '22', '62', '36', '61', '79', '68', '82', '1', '41', '65'}
| +-- , 21 , set() , {'83', '11', '49', '59', '69', '84', '79', '35', '54', '1', '37', '31', '41'}
| +-- , 23 , set() , {'34', '6', '19', '4', '75', '2', '3', '82', '0', '42', '31', '41', '65'}


Max number of edges with non zero Y: 11
Max number of iterations of outer rounding loop: 4
Max number of candidate sets: 2
Time spent rounding: 7.710
Time spent solving Separator LP: 1.521
Total time spent solving: 11.187

LP Solver: GaifmanNormal
Lower Bound Witness = ({'12', '15', '24', '59', '34', '62', '19', '8', '13', '44', '2', '52', '9', '54', '77', '16', '68', '26', '70', '71', '45', '80', '78', '17', '23', '57', '5', '60', '36', '75', '32', '79', '35', '25', '65', '58', '55', '74', '53', '18', '22', '76', '28', '27', '4', '10', '3', '84', '43', '33', '30', '82', '21', '49', '1', '37', '0', '42', '41', '7', '38', '83', '11', '72', '81', '6', '46', '61', '51', '69', '39', '66', '48', '31'}, {'55', '74', '76', '72', '62', '6', '44', '21', '27', '54', '39', '82', '0', '41', '45'})