16, 2.3984352717996256, 6.666666666666667, 7
+-- , 0 , {33, 3} , {'48', '46', '12', '14', '28', '35', '6', '25', '21', '0', '11', '60', '41', '16', '71', '37', '3', '19', '2', '40', '18', '33', '52', '39', '9', '29', '53', '59', '26', '10'}
| +-- , 33 , set() , {'5', '21', '72', '71', '14', '31', '28', '35'}
| +-- , 3 , {5} , {'48', '46', '12', '1', '14', '28', '35', '6', '25', '21', '23', '0', '11', '51', '60', '41', '16', '71', '37', '3', '19', '2', '40', '18', '52', '39', '29', '53', '59', '26', '10'}
| | +-- , 5 , {9, 29, 31} , {'48', '46', '12', '1', '14', '28', '23', '35', '25', '21', '67', '0', '11', '51', '60', '41', '27', '71', '37', '3', '19', '70', '30', '2', '40', '18', '52', '39', '4', '29', '53', '59', '26', '10'}
| | | +-- , 9 , {11, 13, 15} , {'48', '46', '12', '1', '14', '28', '35', '23', '25', '21', '67', '0', '11', '51', '60', '41', '56', '71', '27', '37', '3', '19', '70', '30', '40', '18', '52', '39', '4', '29', '53', '59', '26', '10'}
| | | | +-- , 11 , set() , {'25', '48', '21', '24', '67', '4', '0', '11', '65', '20', '46', '55', '10', '56', '61', '40', '14'}
| | | | +-- , 13 , set() , {'73', '0', '51', '1', '56', '45', '23'}
| | | | +-- , 15 , {17, 27} , {'48', '12', '14', '28', '35', '23', '25', '17', '11', '51', '60', '41', '56', '27', '71', '37', '3', '19', '70', '30', '40', '18', '52', '39', '29', '53', '59', '26', '10'}
| | | | | +-- , 17 , {19, 21, 25} , {'48', '12', '28', '35', '25', '17', '11', '51', '60', '69', '41', '56', '71', '37', '3', '19', '70', '30', '40', '52', '39', '29', '53', '36', '26', '10'}
| | | | | | +-- , 19 , set() , {'25', '48', '7', '30', '69', '32', '37', '3'}
| | | | | | +-- , 21 , {23} , {'48', '19', '22', '70', '62', '12', '52', '28', '35', '39', '25', '68', '29', '11', '53', '51', '36', '26', '10', '69', '64', '41', '71', '43'}
| | | | | | | +-- , 23 , set() , {'19', '22', '34', '53', '70', '12', '15', '52'}
| | | | | | +-- , 25 , set() , {'66', '17', '13', '36', '60', '56', '40', '28'}
| | | | | +-- , 27 , set() , {'49', '17', '14', '29', '42', '26', '12', '59', '54', '10', '27', '18', '23'}
| | | +-- , 29 , set() , {'67', '29', '57', '70', '30', '2', '27', '39'}
| | | +-- , 31 , set() , {'48', '4', '59', '30', '1', '8', '28', '39'}


Max number of edges with non zero Y: 18
Max number of iterations of outer rounding loop: 5
Max number of candidate sets: 2
Time spent rounding: 20.246
Time spent solving Separator LP: 3.925
Total time spent solving: 27.819

LP Solver: GaifmanBoosted
Lower Bound Witness = ({'48', '73', '24', '20', '62', '46', '12', '1', '14', '28', '35', '23', '25', '21', '68', '49', '67', '17', '0', '11', '51', '60', '69', '54', '41', '56', '71', '8', '37', '43', '3', '27', '19', '22', '7', '65', '70', '13', '42', '57', '55', '30', '15', '2', '61', '40', '18', '52', '45', '39', '66', '4', '34', '29', '53', '36', '59', '26', '10', '32', '64'}, {'48', '46', '12', '1', '14', '28', '35', '23', '25', '21', '0', '11', '51', '60', '41', '27', '71', '37', '3', '19', '30', '2', '40', '18', '52', '39', '29', '53', '59', '26', '10'})