62, 1.3888888888888888, 19.0, 19
+-- , 0 , {121, 3, 99, 103, 107, 111, 115, 117, 119, 87, 123} , {'zL38J', 'zL25J', 'zL46J', 'zL19J', 'xL0J', 'zL78J', 'zL70J', 'zL31J', 'zL58J', 'xL4J', 'xL5J', 'zL64J', 'zL77J', 'zL26J', 'zL3J', 'yL0J', 'xL1J', 'zL42J', 'zL30J', 'zL62J', 'xL6J', 'zL37J', 'yL16J', 'zL0J', 'xL3J', 'yL1J', 'zL63J', 'zL51J', 'zL40J', 'zL57J', 'zL61J', 'zL50J', 'yL4J', 'zL32J'}
| +-- , 121 , set() , {'w7', 'xL0J', 'zL19J'}
| +-- , 3 , {67, 5, 7, 71, 75, 13, 47, 79, 49, 83, 85, 55, 59, 61} , {'zL38J', 'zL25J', 'w10', 'zL46J', 'xL0J', 'zL70J', 'zL31J', 'zL45J', 'zL58J', 'xL4J', 'xL5J', 'zL33J', 'zL2J', 'zL64J', 'zL3J', 'xL9J', 'zL4J', 'xL1J', 'zL42J', 'zL30J', 'zL29J', 'xL6J', 'zL65J', 'zL0J', 'xL3J', 'yL1J', 'zL51J', 'zL24J', 'zL69J', 'zL57J', 'zL61J', 'zL50J', 'xL2J', 'zL32J'}
| | +-- , 67 , {69} , {'zL68J', 'xL3J', 'xL2J', 'zL69J'}
| | | +-- , 69 , set() , {'yL17J', 'zL68J', 'xL2J'}
| | +-- , 5 , set() , {'zL8J', 'yL2J', 'xL6J', 'xL5J', 'zL9J', 'xL0J', 'xL3J', 'xL2J', 'w5', 'zL10J', 'zL11J'}
| | +-- , 7 , {9} , {'xL0J', 'zL66J', 'xL6J', 'zL65J', 'xL9J'}
| | | +-- , 9 , {11} , {'zL67J', 'zL66J', 'xL6J', 'xL9J'}
| | | | +-- , 11 , set() , {'zL67J', 'xL9J', 'w19'}
| | +-- , 71 , {73} , {'zL56J', 'xL9J', 'xL6J', 'zL57J'}
| | | +-- , 73 , set() , {'yL14J', 'xL9J', 'zL56J'}
| | +-- , 75 , {77} , {'zL45J', 'zL44J', 'xL5J', 'xL9J'}
| | | +-- , 77 , set() , {'xL5J', 'yL11J', 'zL44J'}
| | +-- , 13 , {33, 41, 45, 15, 17, 25} , {'xL1J', 'xL6J', 'zL20J', 'zL0J', 'xL0J', 'xL3J', 'yL5J', 'zL58J', 'zL59J', 'xL5J', 'zL2J', 'xL2J', 'zL1J', 'xL9J', 'xL7J', 'zL4J'}
| | | +-- , 33 , {35} , {'zL5J', 'xL5J', 'xL3J', 'xL2J', 'xL7J', 'zL4J'}
| | | | +-- , 35 , {37} , {'xL3J', 'xL2J', 'zL6J', 'xL5J', 'zL5J'}
| | | | | +-- , 37 , {39} , {'xL3J', 'zL7J', 'zL6J', 'xL5J'}
| | | | | | +-- , 39 , set() , {'xL5J', 'w4', 'zL7J'}
| | | +-- , 41 , {43} , {'zL72J', 'w21', 'zL75J', 'xL0J', 'xL3J', 'xL7J', 'xL2J', 'xL9J', 'yL18J'}
| | | | +-- , 43 , set() , {'zL72J', 'zL75J', 'zL73J', 'xL0J', 'xL3J', 'xL2J', 'zL74J'}
| | | +-- , 45 , set() , {'xL1J', 'w6', 'zL15J', 'zL12J', 'xL6J', 'zL14J', 'xL0J', 'xL3J', 'xL7J', 'yL3J', 'zL13J'}
| | | +-- , 15 , set() , {'zL59J', 'xL5J', 'w17'}
| | | +-- , 17 , {19} , {'xL5J', 'xL6J', 'zL20J', 'xL0J', 'xL7J', 'zL21J'}
| | | | +-- , 19 , {21} , {'xL0J', 'xL5J', 'xL6J', 'zL22J', 'zL21J'}
| | | | | +-- , 21 , {23} , {'xL0J', 'xL6J', 'zL22J', 'zL23J'}
| | | | | | +-- , 23 , set() , {'w8', 'xL0J', 'zL23J'}
| | | +-- , 25 , {27, 31} , {'zL54J', 'xL0J', 'xL3J', 'xL7J', 'xL2J', 'zL53J', 'xL9J'}
| | | | +-- , 27 , {29} , {'xL3J', 'zL53J', 'xL7J', 'zL52J'}
| | | | | +-- , 29 , set() , {'yL13J', 'xL3J', 'zL52J'}
| | | | +-- , 31 , set() , {'zL54J', 'w16', 'zL55J', 'xL2J', 'xL9J'}
| | +-- , 47 , set() , {'zL29J', 'zL28J', 'yL7J', 'xL3J', 'xL2J'}
| | +-- , 79 , {81} , {'xL1J', 'zL38J', 'xL2J', 'zL39J'}
| | | +-- , 81 , set() , {'xL1J', 'w12', 'zL39J'}
| | +-- , 49 , {51} , {'xL0J', 'zL50J', 'xL9J', 'xL6J', 'zL49J'}
| | | +-- , 51 , {53} , {'zL48J', 'xL0J', 'xL6J', 'zL49J'}
| | | | +-- , 53 , set() , {'yL12J', 'zL48J', 'xL0J'}
| | +-- , 83 , set() , {'w15', 'xL2J', 'zL51J'}
| | +-- , 85 , set() , {'yL6J', 'xL6J', 'zL24J'}
| | +-- , 55 , {57} , {'zL42J', 'zL43J', 'xL2J', 'xL9J'}
| | | +-- , 57 , set() , {'w13', 'zL43J', 'xL2J'}
| | +-- , 59 , set() , {'yL15J', 'zL60J', 'xL4J', 'zL61J', 'xL2J'}
| | +-- , 61 , {63} , {'xL3J', 'xL9J', 'xL6J', 'zL33J', 'zL34J'}
| | | +-- , 63 , {65} , {'xL3J', 'zL35J', 'xL9J', 'zL34J'}
| | | | +-- , 65 , set() , {'zL35J', 'xL9J', 'w11'}
| +-- , 99 , {101} , {'zL77J', 'xL3J', 'xL6J', 'zL76J'}
| | +-- , 101 , set() , {'yL19J', 'xL3J', 'zL76J'}
| +-- , 103 , {105} , {'xL1J', 'xL0J', 'zL27J', 'zL26J'}
| | +-- , 105 , set() , {'w9', 'xL0J', 'zL27J'}
| +-- , 107 , {109} , {'xL1J', 'xL0J', 'zL78J', 'zL79J'}
| | +-- , 109 , set() , {'xL1J', 'zL79J', 'w22'}
| +-- , 111 , {113} , {'zL36J', 'xL3J', 'xL5J', 'zL37J'}
| | +-- , 113 , set() , {'yL9J', 'xL5J', 'zL36J'}
| +-- , 115 , set() , {'xL4J', 'yL8J', 'zL32J'}
| +-- , 117 , set() , {'zL3J', 'w3', 'xL6J'}
| +-- , 119 , set() , {'xL1J', 'zL40J', 'yL10J'}
| +-- , 87 , {89, 91, 95} , {'xL1J', 'zL38J', 'zL42J', 'zL30J', 'xL8J', 'zL62J', 'zL46J', 'xL6J', 'zL19J', 'zL37J', 'xL0J', 'zL78J', 'zL0J', 'zL63J', 'xL3J', 'zL51J', 'zL40J', 'zL70J', 'zL31J', 'xL4J', 'xL5J', 'zL16J', 'zL77J', 'zL50J', 'yL4J', 'zL41J', 'yL0J'}
| | +-- , 89 , set() , {'xL1J', 'xL8J', 'zL19J', 'zL16J', 'zL17J', 'xL3J', 'zL18J'}
| | +-- , 91 , {93} , {'xL0J', 'xL8J', 'zL46J', 'zL47J'}
| | | +-- , 93 , set() , {'w14', 'xL0J', 'zL47J'}
| | +-- , 95 , {97} , {'xL8J', 'zL71J', 'xL6J', 'zL70J'}
| | | +-- , 97 , set() , {'w20', 'xL8J', 'zL71J'}
| +-- , 123 , set() , {'xL0J', 'w18', 'zL63J'}


Max number of edges with non zero Y: 5
Max number of iterations of outer rounding loop: 1
Max number of candidate sets: 2
Time spent rounding: 4.294
Time spent solving Separator LP: 1.257
Total time spent solving: 12.374

LP Solver: GaifmanBoosted
Lower Bound Witness = ({'zL72J', 'zL73J', 'zL20J', 'yL9J', 'yL18J', 'zL7J', 'w15', 'zL2J', 'xL9J', 'xL6J', 'w11', 'zL37J', 'zL27J', 'yL1J', 'zL53J', 'w5', 'w7', 'zL44J', 'zL28J', 'zL66J', 'w3', 'zL48J', 'zL46J', 'zL47J', 'xL0J', 'zL70J', 'zL8J', 'xL5J', 'zL14J', 'w18', 'zL64J', 'zL49J', 'zL42J', 'zL30J', 'zL67J', 'w21', 'zL62J', 'yL2J', 'zL39J', 'yL16J', 'yL11J', 'xL3J', 'zL40J', 'zL21J', 'w6', 'zL15J', 'zL57J', 'w12', 'yL4J', 'xL2J', 'yL3J', 'xL8J', 'w16', 'w8', 'zL55J', 'zL19J', 'w13', 'zL78J', 'zL76J', 'zL45J', 'zL58J', 'yL8J', 'zL33J', 'w20', 'zL3J', 'yL14J', 'yL10J', 'zL4J', 'zL18J', 'xL1J', 'yL15J', 'zL54J', 'zL29J', 'zL35J', 'zL0J', 'zL22J', 'zL69J', 'zL34J', 'yL19J', 'yL7J', 'w17', 'zL10J', 'w19', 'zL38J', 'zL25J', 'w10', 'zL6J', 'yL6J', 'zL9J', 'yL17J', 'yL13J', 'zL17J', 'zL13J', 'zL31J', 'zL23J', 'w9', 'yL5J', 'zL79J', 'zL75J', 'zL12J', 'zL60J', 'xL4J', 'zL16J', 'w14', 'zL77J', 'zL26J', 'zL56J', 'zL1J', 'xL7J', 'yL0J', 'zL68J', 'zL71J', 'w22', 'zL65J', 'zL36J', 'zL63J', 'zL51J', 'w4', 'zL24J', 'zL52J', 'zL59J', 'zL61J', 'zL43J', 'zL50J', 'zL32J', 'yL12J', 'zL5J', 'zL74J', 'zL41J', 'zL11J'}, {'zL15J', 'zL79J', 'zL27J', 'yL4J', 'zL1J'})