27, 0, 6.0, 6
+-- , 0 , {50, 3, 5} , {'xL4JL13J', 'xL6JL10J', 'xL6JL12J', 'xL6JL13J', 'xL6JL11J', 'xL6JL9J', 'xL4JL9J', 'xL6JL8J', 'xL4JL12J', 'xL4JL11J', 'xL4JL10J'}
| +-- , 50 , {56, 53} , {'xL1JL11J', 'xL2JL11J', 'xL6JL10J', 'xL6JL11J', 'xL6JL9J', 'xL3JL11J', 'xL4JL9J', 'xL4JL11J', 'xL4JL10J'}
| | +-- , 56 , {58} , {'xL6JL10J', 'xL6JL11J', 'xL6JL9J', 'xL3JL11J', 'xL4JL9J', 'xL3JL10J', 'xL4JL10J'}
| | | +-- , 58 , {66, 60} , {'xL6JL10J', 'xL6JL11J', 'xL6JL9J', 'xL4JL9J', 'xL3JL10J', 'xL5JL10J', 'xL7JL10J', 'xL4JL10J'}
| | | | +-- , 66 , set() , {'xL4JL9J', 'xL6JL9J', 'xL5JL9J', 'xL5JL10J'}
| | | | +-- , 60 , {62} , {'xL9JL11J', 'xL7JL11J', 'xL7JL10J', 'xL6JL11J', 'xL8JL11J'}
| | | | | +-- , 62 , set() , {'xL8JL13J', 'xL8JL12J', 'xL8JL11J', 'xL9JL13J', 'xL9JL11J', 'xL9JL12J'}
| | +-- , 53 , set() , {'xL1JL11J', 'xL2JL11J', 'xL2JL12J', 'xL1JL12J', 'xL1JL13J', 'xL2JL13J'}
| +-- , 3 , set() , {'xL4JL13J', 'xL6JL13J', 'xL6JL12J', 'xL5JL13J', 'xL4JL12J', 'xL5JL12J'}
| +-- , 5 , {7} , {'xL4JL13J', 'xL7JL8J', 'xL9JL8J', 'xL4JL8J', 'xL4JL9J', 'xL6JL8J', 'xL4JL12J', 'xL8JL8J', 'xL4JL11J', 'xL4JL10J'}
| | +-- , 7 , {9} , {'xL7JL8J', 'xL3JL8J', 'xL4JL8J', 'xL1JL8J', 'xL2JL8J', 'xL9JL8J', 'xL8JL8J'}
| | | +-- , 9 , {17, 11} , {'xL7JL8J', 'xL3JL8J', 'xL1JL8J', 'xL2JL8J', 'xL9JL8J', 'xL8JL8J', 'xL4JL6J'}
| | | | +-- , 17 , {19} , {'xL7JL8J', 'xL4JL5J', 'xL4JL2J', 'xL4JL4J', 'xL9JL8J', 'xL8JL8J', 'xL4JL1J', 'xL4JL6J', 'xL4JL3J'}
| | | | | +-- , 19 , {46, 22} , {'xL7JL8J', 'xL9JL8J', 'xL4JL5J', 'xL9JL3J', 'xL4JL2J', 'xL8JL3J', 'xL4JL4J', 'xL6JL3J', 'xL8JL8J', 'xL7JL3J', 'xL4JL1J', 'xL4JL3J'}
| | | | | | +-- , 46 , set() , {'xL8JL1J', 'xL9JL3J', 'xL9JL1J', 'xL8JL3J', 'xL9JL2J', 'xL8JL2J'}
| | | | | | +-- , 22 , {37, 29} , {'xL8JL6J', 'xL7JL8J', 'xL4JL5J', 'xL8JL8J', 'xL7JL3J', 'xL7JL6J', 'xL4JL1J', 'xL9JL5J', 'xL5JL2J', 'xL4JL2J', 'xL6JL6J', 'xL4JL4J', 'xL9JL6J', 'xL6JL3J', 'xL9JL8J', 'xL5JL1J', 'xL4JL3J'}
| | | | | | | +-- , 37 , {39} , {'xL7JL4J', 'xL4JL5J', 'xL6JL5J', 'xL6JL4J', 'xL7JL3J', 'xL4JL1J', 'xL6JL1J', 'xL5JL2J', 'xL4JL2J', 'xL6JL6J', 'xL4JL4J', 'xL5JL1J', 'xL6JL3J', 'xL6JL2J', 'xL4JL3J'}
| | | | | | | | +-- , 39 , {41} , {'xL5JL5J', 'xL1JL3J', 'xL3JL3J', 'xL5JL4J', 'xL7JL4J', 'xL2JL3J', 'xL4JL5J', 'xL4JL4J', 'xL6JL5J', 'xL6JL4J', 'xL3JL4J', 'xL4JL3J'}
| | | | | | | | | +-- , 41 , {44} , {'xL1JL2J', 'xL1JL3J', 'xL2JL3J', 'xL1JL1J'}
| | | | | | | | | | +-- , 44 , set() , {'xL2JL1J', 'xL2JL3J', 'xL1JL1J', 'xL1JL2J', 'xL2JL2J'}
| | | | | | | +-- , 29 , {31} , {'xL8JL6J', 'xL9JL5J', 'xL7JL8J', 'xL8JL5J', 'xL9JL8J', 'xL8JL8J', 'xL7JL6J'}
| | | | | | | | +-- , 31 , {33, 35} , {'xL8JL6J', 'xL7JL8J', 'xL9JL8J', 'xL8JL5J', 'xL8JL7J', 'xL8JL8J', 'xL7JL6J', 'xL8JL9J'}
| | | | | | | | | +-- , 33 , set() , {'xL7JL8J', 'xL7JL6J', 'xL7JL7J', 'xL8JL7J'}
| | | | | | | | | +-- , 35 , set() , {'xL8JL9J', 'xL9JL9J', 'xL9JL8J'}
| | | | +-- , 11 , {13} , {'xL3JL8J', 'xL1JL8J', 'xL2JL6J', 'xL2JL8J', 'xL3JL6J', 'xL1JL6J', 'xL4JL6J'}
| | | | | +-- , 13 , {15} , {'xL1JL9J', 'xL3JL7J', 'xL3JL8J', 'xL1JL8J', 'xL2JL8J', 'xL2JL6J', 'xL1JL5J', 'xL3JL6J', 'xL1JL6J'}
| | | | | | +-- , 15 , set() , {'xL2JL7J', 'xL1JL9J', 'xL2JL5J', 'xL3JL7J', 'xL2JL8J', 'xL2JL6J', 'xL1JL5J', 'xL2JL9J'}


Max number of edges with non zero Y: 30
Max number of iterations of outer rounding loop: 3
Max number of candidate sets: 2
Time spent rounding: 13.071
Time spent solving Separator LP: 0.108
Total time spent solving: 17.061

LP Solver: gammaPlusFractionalCoverHeuristic
Lower Bound Witness = ({'xL7JL4J', 'xL9JL1J', 'xL3JL11J', 'xL8JL9J', 'xL8JL12J', 'xL2JL12J', 'xL8JL1J', 'xL6JL6J', 'xL2JL7J', 'xL6JL11J', 'xL3JL10J', 'xL4JL12J', 'xL4JL11J', 'xL7JL6J', 'xL4JL6J', 'xL2JL13J', 'xL6JL1J', 'xL7JL11J', 'xL4JL2J', 'xL1JL8J', 'xL2JL6J', 'xL2JL8J', 'xL5JL9J', 'xL5JL5J', 'xL1JL1J', 'xL8JL8J', 'xL4JL1J', 'xL2JL9J', 'xL1JL11J', 'xL2JL11J', 'xL2JL3J', 'xL6JL3J', 'xL9JL8J', 'xL8JL6J', 'xL6JL8J', 'xL6JL5J', 'xL9JL2J', 'xL5JL1J', 'xL7JL10J', 'xL3JL4J', 'xL4JL5J', 'xL9JL3J', 'xL8JL7J', 'xL1JL13J', 'xL6JL4J', 'xL9JL5J', 'xL4JL13J', 'xL3JL3J', 'xL6JL10J', 'xL6JL13J', 'xL7JL7J', 'xL5JL13J', 'xL5JL12J', 'xL8JL13J', 'xL2JL1J', 'xL1JL9J', 'xL9JL9J', 'xL1JL2J', 'xL4JL9J', 'xL4JL4J', 'xL9JL6J', 'xL1JL5J', 'xL3JL6J', 'xL9JL11J', 'xL8JL2J', 'xL7JL8J', 'xL2JL5J', 'xL8JL11J', 'xL8JL3J', 'xL9JL12J', 'xL4JL10J', 'xL1JL3J', 'xL1JL12J', 'xL6JL12J', 'xL3JL8J', 'xL5JL10J', 'xL6JL2J', 'xL5JL4J', 'xL6JL9J', 'xL2JL2J', 'xL7JL3J', 'xL1JL6J', 'xL5JL2J', 'xL8JL5J', 'xL3JL7J', 'xL4JL8J', 'xL9JL13J', 'xL4JL3J'}, {'xL3JL3J', 'xL6JL11J', 'xL3JL10J', 'xL6JL5J', 'xL5JL9J'})