11, 0, 5.0, 5
+-- , 0 , {3, 5, 23, 11, 15} , {'xL6J', 'xL17J', 'xL0J', 'xL12J', 'xL5J', 'xL14J', 'xL15J', 'xL13J', 'xL16J', 'xL11J'}
| +-- , 3 , set() , {'xL6J', 'xL5J', 'xL13J', 'xL10J', 'xL16J'}
| +-- , 5 , {7} , {'xL6J', 'xL0J', 'xL5J', 'xL14J', 'xL13J', 'xL16J', 'xL9J'}
| | +-- , 7 , set() , {'xL0J', 'xL5J', 'xL13J', 'xL18J', 'xL9J'}
| +-- , 23 , set() , {'xL0J', 'xL5J', 'xL15J', 'xL11J', 'xL2J'}
| +-- , 11 , {13} , {'xL7J', 'xL6J', 'xL11J', 'xL5J', 'xL13J'}
| | +-- , 13 , set() , {'xL7J', 'xL6J', 'xL4J', 'xL13J'}
| +-- , 15 , {17} , {'xL6J', 'xL17J', 'xL0J', 'xL14J', 'xL15J', 'xL19J', 'xL16J', 'xL11J'}
| | +-- , 17 , {19} , {'xL6J', 'xL17J', 'xL0J', 'xL14J', 'xL15J', 'xL19J', 'xL8J', 'xL16J'}
| | | +-- , 19 , {21} , {'xL3J', 'xL6J', 'xL0J', 'xL15J', 'xL8J', 'xL19J', 'xL16J'}
| | | | +-- , 21 , set() , {'xL3J', 'xL1J', 'xL19J', 'xL15J', 'xL16J'}


Max number of edges with non zero Y: 13
Max number of iterations of outer rounding loop: 2
Max number of candidate sets: 2
Time spent rounding: 3.144
Time spent solving Separator LP: 0.020
Total time spent solving: 4.073

LP Solver: gammaPlusFractionalCoverHeuristic
Lower Bound Witness = ({'xL0J', 'xL12J', 'xL14J', 'xL13J', 'xL10J', 'xL7J', 'xL16J', 'xL4J', 'xL3J', 'xL18J', 'xL2J', 'xL5J', 'xL1J', 'xL15J', 'xL8J', 'xL6J', 'xL17J', 'xL19J', 'xL11J', 'xL9J'}, {'xL9J', 'xL17J', 'xL12J'})