11, 1.6224484387755103, 5.0, 5
+-- , 0 , {25, 7} , {'xL3J', 'xL6J', 'xL17J', 'xL0J', 'xL14J', 'xL8J', 'xL13J', 'xL7J', 'xL9J'}
| +-- , 25 , set() , {'xL7J', 'xL6J', 'xL4J', 'xL13J'}
| +-- , 7 , {9} , {'xL0J', 'xL14J', 'xL13J', 'xL7J', 'xL16J', 'xL3J', 'xL6J', 'xL17J', 'xL18J', 'xL9J'}
| | +-- , 9 , {11} , {'xL0J', 'xL14J', 'xL13J', 'xL10J', 'xL7J', 'xL16J', 'xL3J', 'xL6J', 'xL17J', 'xL18J'}
| | | +-- , 11 , {13, 23} , {'xL3J', 'xL17J', 'xL0J', 'xL14J', 'xL13J', 'xL10J', 'xL7J', 'xL16J', 'xL18J', 'xL11J'}
| | | | +-- , 13 , {15} , {'xL3J', 'xL17J', 'xL0J', 'xL5J', 'xL13J', 'xL10J', 'xL18J', 'xL16J', 'xL7J', 'xL11J'}
| | | | | +-- , 15 , {17} , {'xL3J', 'xL17J', 'xL0J', 'xL5J', 'xL1J', 'xL13J', 'xL16J', 'xL11J'}
| | | | | | +-- , 17 , {19, 21} , {'xL17J', 'xL0J', 'xL5J', 'xL1J', 'xL15J', 'xL13J', 'xL11J'}
| | | | | | | +-- , 19 , set() , {'xL1J', 'xL15J', 'xL19J', 'xL11J'}
| | | | | | | +-- , 21 , set() , {'xL0J', 'xL5J', 'xL15J', 'xL11J', 'xL2J'}
| | | | +-- , 23 , set() , {'xL17J', 'xL14J', 'xL11J', 'xL12J'}


Max number of edges with non zero Y: 15
Max number of iterations of outer rounding loop: 3
Max number of candidate sets: 2
Time spent rounding: 5.896
Time spent solving Separator LP: 0.116
Total time spent solving: 7.181

LP Solver: GaifmanNormal
Lower Bound Witness = ({'xL0J', 'xL12J', 'xL14J', 'xL13J', 'xL10J', 'xL7J', 'xL16J', 'xL4J', 'xL3J', 'xL18J', 'xL2J', 'xL5J', 'xL1J', 'xL15J', 'xL8J', 'xL6J', 'xL17J', 'xL19J', 'xL11J', 'xL9J'}, {'xL6J', 'xL17J', 'xL19J', 'xL13J', 'xL8J', 'xL7J', 'xL16J', 'xL4J', 'xL2J', 'xL9J'})