57, 3.9999995, 5.0, 6
+-- , 0 , {99, 101, 6, 73, 113, 115, 117} , {'xL74J', 'xL25J', 'xL65J', 'xL43J', 'xL20J', 'xL50J', 'xL26J', 'xL47J', 'xL69J'}
| +-- , 99 , set() , {'xL43J', 'xL59J'}
| +-- , 101 , {107, 103} , {'xL50J', 'xL55J', 'xL64J', 'xL43J'}
| | +-- , 107 , {109} , {'xL64J', 'xL48J'}
| | | +-- , 109 , {111} , {'xL48J', 'xL70J'}
| | | | +-- , 111 , set() , {'xL13J', 'xL70J'}
| | +-- , 103 , {105} , {'xL36J', 'xL64J', 'xL55J'}
| | | +-- , 105 , set() , {'xL36J', 'xL45J'}
| +-- , 6 , {65, 71, 8} , {'xL74J', 'xL1J', 'xL65J', 'xL20J', 'xL43J', 'xL50J', 'xL26J', 'xL47J', 'xL69J'}
| | +-- , 65 , {67} , {'xL10J', 'xL50J', 'xL1J'}
| | | +-- , 67 , {69} , {'xL50J', 'xL10J', 'xL77J'}
| | | | +-- , 69 , set() , {'xL77J', 'xL57J'}
| | +-- , 71 , set() , {'xL1J', 'xL2J', 'xL69J'}
| | +-- , 8 , {10, 63} , {'xL74J', 'xL1J', 'xL65J', 'xL20J', 'xL46J', 'xL43J', 'xL31J', 'xL26J', 'xL47J'}
| | | +-- , 10 , {53, 12, 61} , {'xL74J', 'xL65J', 'xL20J', 'xL46J', 'xL43J', 'xL31J', 'xL26J', 'xL8J', 'xL47J'}
| | | | +-- , 53 , {59, 55} , {'xL8J', 'xL58J'}
| | | | | +-- , 59 , set() , {'xL58J', 'xL75J'}
| | | | | +-- , 55 , {57} , {'xL68J', 'xL58J'}
| | | | | | +-- , 57 , set() , {'xL68J', 'xL7J'}
| | | | +-- , 12 , {51, 14} , {'xL74J', 'xL19J', 'xL65J', 'xL20J', 'xL46J', 'xL43J', 'xL26J', 'xL8J', 'xL47J'}
| | | | | +-- , 51 , set() , {'xL19J', 'xL8J', 'xL56J'}
| | | | | +-- , 14 , {16} , {'xL19J', 'xL65J', 'xL20J', 'xL46J', 'xL43J', 'xL37J', 'xL26J', 'xL8J', 'xL47J'}
| | | | | | +-- , 16 , {19} , {'xL79J', 'xL19J', 'xL65J', 'xL46J', 'xL43J', 'xL37J', 'xL30J', 'xL26J', 'xL8J', 'xL47J'}
| | | | | | | +-- , 19 , {21} , {'xL79J', 'xL65J', 'xL46J', 'xL43J', 'xL37J', 'xL30J', 'xL26J', 'xL32J', 'xL47J'}
| | | | | | | | +-- , 21 , {41, 23} , {'xL65J', 'xL46J', 'xL43J', 'xL37J', 'xL27J', 'xL30J', 'xL26J', 'xL32J', 'xL47J'}
| | | | | | | | | +-- , 41 , {49, 43, 47} , {'xL9J', 'xL65J', 'xL15J', 'xL27J', 'xL30J', 'xL78J', 'xL47J'}
| | | | | | | | | | +-- , 49 , set() , {'xL9J', 'xL41J'}
| | | | | | | | | | +-- , 43 , {45} , {'xL30J', 'xL78J', 'xL66J', 'xL15J'}
| | | | | | | | | | | +-- , 45 , set() , {'xL66J', 'xL17J'}
| | | | | | | | | | +-- , 47 , set() , {'xL78J', 'xL9J', 'xL71J'}
| | | | | | | | | +-- , 23 , {37, 39, 25} , {'xL0J', 'xL65J', 'xL46J', 'xL43J', 'xL37J', 'xL27J', 'xL30J', 'xL26J'}
| | | | | | | | | | +-- , 37 , set() , {'xL61J', 'xL0J', 'xL65J', 'xL30J'}
| | | | | | | | | | +-- , 39 , set() , {'xL37J', 'xL0J', 'xL43J', 'xL72J'}
| | | | | | | | | | +-- , 25 , {35, 27, 29} , {'xL0J', 'xL42J', 'xL4J', 'xL30J', 'xL26J', 'xL43J', 'xL46J'}
| | | | | | | | | | | +-- , 35 , set() , {'xL4J', 'xL53J'}
| | | | | | | | | | | +-- , 27 , set() , {'xL26J', 'xL39J', 'xL4J'}
| | | | | | | | | | | +-- , 29 , {31} , {'xL73J', 'xL0J', 'xL42J', 'xL4J', 'xL60J'}
| | | | | | | | | | | | +-- , 31 , {33} , {'xL0J', 'xL38J', 'xL60J'}
| | | | | | | | | | | | | +-- , 33 , set() , {'xL63J', 'xL38J'}
| | | | +-- , 61 , set() , {'xL8J', 'xL44J'}
| | | +-- , 63 , set() , {'xL46J', 'xL35J'}
| +-- , 73 , {75, 95} , {'xL62J', 'xL65J', 'xL25J', 'xL43J', 'xL26J', 'xL47J', 'xL69J'}
| | +-- , 75 , {93, 77} , {'xL62J', 'xL65J', 'xL25J', 'xL26J', 'xL14J', 'xL47J', 'xL69J'}
| | | +-- , 93 , set() , {'xL6J', 'xL62J', 'xL25J', 'xL14J', 'xL26J', 'xL49J', 'xL69J'}
| | | +-- , 77 , {79} , {'xL62J', 'xL65J', 'xL29J', 'xL14J', 'xL69J'}
| | | | +-- , 79 , {81, 91} , {'xL29J', 'xL62J', 'xL65J', 'xL69J', 'xL12J'}
| | | | | +-- , 81 , {83} , {'xL11J', 'xL65J', 'xL69J', 'xL12J'}
| | | | | | +-- , 83 , {85} , {'xL22J', 'xL11J', 'xL65J', 'xL69J'}
| | | | | | | +-- , 85 , {87} , {'xL22J', 'xL3J', 'xL65J', 'xL69J'}
| | | | | | | | +-- , 87 , {89} , {'xL3J', 'xL67J', 'xL65J', 'xL69J'}
| | | | | | | | | +-- , 89 , set() , {'xL54J', 'xL65J', 'xL69J', 'xL67J'}
| | | | | +-- , 91 , set() , {'xL12J', 'xL21J'}
| | +-- , 95 , {97} , {'xL62J', 'xL43J', 'xL51J'}
| | | +-- , 97 , set() , {'xL5J', 'xL51J'}
| +-- , 113 , set() , {'xL47J', 'xL34J'}
| +-- , 115 , set() , {'xL23J', 'xL43J'}
| +-- , 117 , set() , {'xL40J', 'xL47J'}


Max number of edges with non zero Y: 4
Max number of iterations of outer rounding loop: 0
Max number of candidate sets: 0
Time spent rounding: 0.000
Time spent solving Separator LP: 6.199
Total time spent solving: 8.349

LP Solver: GaifmanNormalILP
Lower Bound Witness = ({'xL75J', 'xL10J', 'xL79J', 'xL3J', 'xL19J', 'xL46J', 'xL72J', 'xL15J', 'xL23J', 'xL77J', 'xL5J', 'xL37J', 'xL4J', 'xL42J', 'xL41J', 'xL45J', 'xL67J', 'xL49J', 'xL55J', 'xL56J', 'xL54J', 'xL47J', 'xL7J', 'xL40J', 'xL22J', 'xL70J', 'xL12J', 'xL25J', 'xL43J', 'xL39J', 'xL50J', 'xL57J', 'xL31J', 'xL32J', 'xL68J', 'xL66J', 'xL35J', 'xL6J', 'xL0J', 'xL11J', 'xL58J', 'xL44J', 'xL34J', 'xL62J', 'xL9J', 'xL38J', 'xL13J', 'xL2J', 'xL53J', 'xL21J', 'xL17J', 'xL29J', 'xL59J', 'xL30J', 'xL26J', 'xL14J', 'xL8J', 'xL61J', 'xL48J', 'xL36J', 'xL74J', 'xL1J', 'xL65J', 'xL20J', 'xL51J', 'xL63J', 'xL73J', 'xL27J', 'xL78J', 'xL64J', 'xL69J', 'xL60J', 'xL71J'}, {'xL40J', 'xL22J', 'xL13J', 'xL38J', 'xL48J', 'xL62J', 'xL17J', 'xL37J', 'xL73J', 'xL42J', 'xL31J', 'xL64J', 'xL54J', 'xL60J'})