54, 0.8999999999999999, 7.0, 7
+-- , 0 , {3, 103, 101, 71, 107} , {'xL61J', 'xL0J', 'xL25J', 'xL65J', 'xL72J', 'xL31J', 'xL30J', 'xL47J', 'xL60J'}
| +-- , 3 , {17, 5} , {'xL1J', 'xL65J', 'xL25J', 'xL72J', 'xL31J', 'xL30J', 'xL26J', 'xL47J', 'xL60J'}
| | +-- , 17 , {67, 69, 47, 49, 19} , {'xL10J', 'xL1J', 'xL65J', 'xL25J', 'xL43J', 'xL72J', 'xL29J', 'xL30J', 'xL26J', 'xL47J', 'xL60J'}
| | | +-- , 67 , set() , {'xL60J', 'xL42J', 'xL43J', 'xL30J'}
| | | +-- , 69 , set() , {'xL23J', 'xL43J'}
| | | +-- , 47 , set() , {'xL43J', 'xL59J'}
| | | +-- , 49 , {65, 51} , {'xL10J', 'xL77J', 'xL26J', 'xL43J'}
| | | | +-- , 65 , set() , {'xL77J', 'xL57J'}
| | | | +-- , 51 , {53} , {'xL77J', 'xL50J', 'xL26J', 'xL43J'}
| | | | | +-- , 53 , {59, 55} , {'xL50J', 'xL55J', 'xL64J', 'xL43J'}
| | | | | | +-- , 59 , {61} , {'xL64J', 'xL48J'}
| | | | | | | +-- , 61 , {63} , {'xL48J', 'xL70J'}
| | | | | | | | +-- , 63 , set() , {'xL13J', 'xL70J'}
| | | | | | +-- , 55 , {57} , {'xL36J', 'xL64J', 'xL55J'}
| | | | | | | +-- , 57 , set() , {'xL36J', 'xL45J'}
| | | +-- , 19 , {21} , {'xL1J', 'xL65J', 'xL25J', 'xL43J', 'xL2J', 'xL29J', 'xL26J', 'xL47J'}
| | | | +-- , 21 , {23} , {'xL65J', 'xL25J', 'xL43J', 'xL2J', 'xL29J', 'xL26J', 'xL47J', 'xL69J'}
| | | | | +-- , 23 , {25} , {'xL65J', 'xL25J', 'xL43J', 'xL29J', 'xL26J', 'xL14J', 'xL47J', 'xL69J'}
| | | | | | +-- , 25 , {27, 45} , {'xL65J', 'xL25J', 'xL43J', 'xL51J', 'xL29J', 'xL26J', 'xL14J', 'xL69J'}
| | | | | | | +-- , 27 , {43, 29} , {'xL62J', 'xL65J', 'xL25J', 'xL51J', 'xL29J', 'xL26J', 'xL14J', 'xL69J'}
| | | | | | | | +-- , 43 , set() , {'xL6J', 'xL62J', 'xL25J', 'xL14J', 'xL26J', 'xL49J', 'xL69J'}
| | | | | | | | +-- , 29 , {41, 31} , {'xL29J', 'xL62J', 'xL65J', 'xL69J', 'xL12J'}
| | | | | | | | | +-- , 41 , set() , {'xL12J', 'xL21J'}
| | | | | | | | | +-- , 31 , {33} , {'xL11J', 'xL65J', 'xL69J', 'xL12J'}
| | | | | | | | | | +-- , 33 , {35} , {'xL22J', 'xL11J', 'xL65J', 'xL69J'}
| | | | | | | | | | | +-- , 35 , {37} , {'xL22J', 'xL3J', 'xL65J', 'xL69J'}
| | | | | | | | | | | | +-- , 37 , {39} , {'xL3J', 'xL67J', 'xL65J', 'xL69J'}
| | | | | | | | | | | | | +-- , 39 , set() , {'xL54J', 'xL65J', 'xL69J', 'xL67J'}
| | | | | | | +-- , 45 , set() , {'xL5J', 'xL51J'}
| | +-- , 5 , {7} , {'xL73J', 'xL26J', 'xL65J', 'xL60J'}
| | | +-- , 7 , {9, 11, 15} , {'xL73J', 'xL4J', 'xL26J', 'xL65J'}
| | | | +-- , 9 , set() , {'xL26J', 'xL39J', 'xL4J'}
| | | | +-- , 11 , {13} , {'xL65J', 'xL4J', 'xL46J'}
| | | | | +-- , 13 , set() , {'xL46J', 'xL35J'}
| | | | +-- , 15 , set() , {'xL4J', 'xL53J'}
| +-- , 103 , {105} , {'xL0J', 'xL38J', 'xL60J'}
| | +-- , 105 , set() , {'xL63J', 'xL38J'}
| +-- , 101 , set() , {'xL47J', 'xL34J'}
| +-- , 71 , {81, 97, 99, 73} , {'xL0J', 'xL74J', 'xL65J', 'xL25J', 'xL72J', 'xL37J', 'xL31J', 'xL30J', 'xL8J', 'xL47J'}
| | +-- , 81 , {83} , {'xL0J', 'xL74J', 'xL19J', 'xL65J', 'xL47J', 'xL30J', 'xL8J', 'xL56J'}
| | | +-- , 83 , {85, 89, 91} , {'xL0J', 'xL19J', 'xL65J', 'xL15J', 'xL27J', 'xL30J', 'xL78J', 'xL8J', 'xL47J', 'xL66J'}
| | | | +-- , 85 , {87} , {'xL27J', 'xL32J', 'xL19J', 'xL8J'}
| | | | | +-- , 87 , set() , {'xL32J', 'xL19J', 'xL8J', 'xL79J'}
| | | | +-- , 89 , set() , {'xL66J', 'xL17J'}
| | | | +-- , 91 , {93, 95} , {'xL27J', 'xL30J', 'xL78J', 'xL9J'}
| | | | | +-- , 93 , set() , {'xL78J', 'xL9J', 'xL71J'}
| | | | | +-- , 95 , set() , {'xL9J', 'xL41J'}
| | +-- , 97 , set() , {'xL37J', 'xL25J', 'xL20J', 'xL74J'}
| | +-- , 99 , set() , {'xL8J', 'xL44J'}
| | +-- , 73 , {75, 79} , {'xL8J', 'xL58J'}
| | | +-- , 75 , {77} , {'xL68J', 'xL58J'}
| | | | +-- , 77 , set() , {'xL68J', 'xL7J'}
| | | +-- , 79 , set() , {'xL58J', 'xL75J'}
| +-- , 107 , set() , {'xL40J', 'xL47J'}


Max number of edges with non zero Y: 3
Max number of iterations of outer rounding loop: 2
Max number of candidate sets: 2
Time spent rounding: 1.984
Time spent solving Separator LP: 0.046
Total time spent solving: 4.332

LP Solver: GaifmanBoosted
Lower Bound Witness = ({'xL75J', 'xL10J', 'xL79J', 'xL3J', 'xL19J', 'xL46J', 'xL72J', 'xL15J', 'xL23J', 'xL77J', 'xL5J', 'xL37J', 'xL4J', 'xL42J', 'xL41J', 'xL45J', 'xL67J', 'xL49J', 'xL55J', 'xL56J', 'xL54J', 'xL47J', 'xL7J', 'xL40J', 'xL22J', 'xL70J', 'xL12J', 'xL25J', 'xL43J', 'xL39J', 'xL50J', 'xL57J', 'xL31J', 'xL32J', 'xL68J', 'xL66J', 'xL35J', 'xL6J', 'xL0J', 'xL11J', 'xL58J', 'xL44J', 'xL34J', 'xL62J', 'xL9J', 'xL38J', 'xL13J', 'xL2J', 'xL53J', 'xL21J', 'xL17J', 'xL29J', 'xL59J', 'xL30J', 'xL26J', 'xL14J', 'xL8J', 'xL61J', 'xL48J', 'xL36J', 'xL74J', 'xL1J', 'xL65J', 'xL20J', 'xL51J', 'xL63J', 'xL73J', 'xL27J', 'xL78J', 'xL64J', 'xL69J', 'xL60J', 'xL71J'}, {'xL61J', 'xL9J', 'xL1J', 'xL0J'})