54, 3.5, 6.0, 6
+-- , 0 , {103, 7, 105, 109, 111, 79, 81, 113, 83} , {'xL62J', 'xL1J', 'xL12J', 'xL43J', 'xL31J', 'xL26J', 'xL14J', 'xL49J', 'xL47J', 'xL69J'}
| +-- , 103 , set() , {'xL12J', 'xL21J'}
| +-- , 7 , {69, 9, 77} , {'xL8J', 'xL62J', 'xL12J', 'xL43J', 'xL31J', 'xL26J', 'xL14J', 'xL49J', 'xL47J', 'xL69J'}
| | +-- , 69 , {75, 71} , {'xL8J', 'xL58J'}
| | | +-- , 75 , set() , {'xL58J', 'xL75J'}
| | | +-- , 71 , {73} , {'xL68J', 'xL58J'}
| | | | +-- , 73 , set() , {'xL68J', 'xL7J'}
| | +-- , 9 , {67, 12} , {'xL79J', 'xL62J', 'xL19J', 'xL12J', 'xL43J', 'xL49J', 'xL26J', 'xL14J', 'xL8J', 'xL47J', 'xL69J'}
| | | +-- , 67 , set() , {'xL19J', 'xL8J', 'xL56J'}
| | | +-- , 12 , {65, 53, 14, 63} , {'xL79J', 'xL62J', 'xL19J', 'xL65J', 'xL25J', 'xL43J', 'xL12J', 'xL26J', 'xL14J', 'xL49J', 'xL47J', 'xL69J'}
| | | | +-- , 65 , set() , {'xL62J', 'xL6J', 'xL49J', 'xL25J'}
| | | | +-- , 53 , {55} , {'xL11J', 'xL65J', 'xL69J', 'xL12J'}
| | | | | +-- , 55 , {57} , {'xL22J', 'xL11J', 'xL65J', 'xL69J'}
| | | | | | +-- , 57 , {59} , {'xL22J', 'xL3J', 'xL65J', 'xL69J'}
| | | | | | | +-- , 59 , {61} , {'xL3J', 'xL67J', 'xL65J', 'xL69J'}
| | | | | | | | +-- , 61 , set() , {'xL54J', 'xL65J', 'xL69J', 'xL67J'}
| | | | +-- , 14 , {17, 51} , {'xL79J', 'xL19J', 'xL65J', 'xL25J', 'xL43J', 'xL20J', 'xL15J', 'xL26J', 'xL47J'}
| | | | | +-- , 17 , {19} , {'xL79J', 'xL65J', 'xL20J', 'xL43J', 'xL15J', 'xL37J', 'xL26J', 'xL32J', 'xL47J'}
| | | | | | +-- , 19 , {41, 21} , {'xL65J', 'xL43J', 'xL15J', 'xL37J', 'xL27J', 'xL30J', 'xL26J', 'xL32J', 'xL47J'}
| | | | | | | +-- , 41 , {49, 43} , {'xL9J', 'xL15J', 'xL27J', 'xL30J', 'xL47J'}
| | | | | | | | +-- , 49 , set() , {'xL9J', 'xL41J'}
| | | | | | | | +-- , 43 , {45, 47} , {'xL30J', 'xL9J', 'xL47J', 'xL66J', 'xL15J'}
| | | | | | | | | +-- , 45 , set() , {'xL66J', 'xL17J'}
| | | | | | | | | +-- , 47 , set() , {'xL9J', 'xL78J', 'xL47J', 'xL66J', 'xL71J'}
| | | | | | | +-- , 21 , {35, 23, 39, 37} , {'xL0J', 'xL65J', 'xL46J', 'xL43J', 'xL37J', 'xL27J', 'xL30J', 'xL26J'}
| | | | | | | | +-- , 35 , set() , {'xL46J', 'xL35J'}
| | | | | | | | +-- , 23 , {33, 25, 27} , {'xL0J', 'xL42J', 'xL4J', 'xL30J', 'xL26J', 'xL43J', 'xL46J'}
| | | | | | | | | +-- , 33 , set() , {'xL4J', 'xL53J'}
| | | | | | | | | +-- , 25 , set() , {'xL26J', 'xL39J', 'xL4J'}
| | | | | | | | | +-- , 27 , {29} , {'xL73J', 'xL0J', 'xL42J', 'xL4J', 'xL60J'}
| | | | | | | | | | +-- , 29 , {31} , {'xL0J', 'xL38J', 'xL60J'}
| | | | | | | | | | | +-- , 31 , set() , {'xL63J', 'xL38J'}
| | | | | | | | +-- , 39 , set() , {'xL37J', 'xL0J', 'xL43J', 'xL72J'}
| | | | | | | | +-- , 37 , set() , {'xL61J', 'xL0J', 'xL65J', 'xL30J'}
| | | | | +-- , 51 , set() , {'xL19J', 'xL25J', 'xL20J', 'xL74J'}
| | | | +-- , 63 , set() , {'xL14J', 'xL65J', 'xL29J', 'xL12J'}
| | +-- , 77 , set() , {'xL8J', 'xL44J'}
| +-- , 105 , {107} , {'xL62J', 'xL43J', 'xL51J'}
| | +-- , 107 , set() , {'xL5J', 'xL51J'}
| +-- , 109 , set() , {'xL47J', 'xL34J'}
| +-- , 111 , set() , {'xL23J', 'xL43J'}
| +-- , 79 , set() , {'xL1J', 'xL2J', 'xL69J'}
| +-- , 81 , set() , {'xL43J', 'xL59J'}
| +-- , 113 , set() , {'xL40J', 'xL47J'}
| +-- , 83 , {85} , {'xL10J', 'xL26J', 'xL1J', 'xL43J'}
| | +-- , 85 , {101, 87} , {'xL10J', 'xL77J', 'xL26J', 'xL43J'}
| | | +-- , 101 , set() , {'xL77J', 'xL57J'}
| | | +-- , 87 , {89} , {'xL77J', 'xL50J', 'xL26J', 'xL43J'}
| | | | +-- , 89 , {91, 95} , {'xL50J', 'xL55J', 'xL64J', 'xL43J'}
| | | | | +-- , 91 , {93} , {'xL36J', 'xL64J', 'xL55J'}
| | | | | | +-- , 93 , set() , {'xL36J', 'xL45J'}
| | | | | +-- , 95 , {97} , {'xL64J', 'xL48J'}
| | | | | | +-- , 97 , {99} , {'xL48J', 'xL70J'}
| | | | | | | +-- , 99 , set() , {'xL13J', 'xL70J'}


Max number of edges with non zero Y: 5
Max number of iterations of outer rounding loop: 0
Max number of candidate sets: 0
Time spent rounding: 0.000
Time spent solving Separator LP: 21.345
Total time spent solving: 23.407

LP Solver: GaifmanNormalILP
Lower Bound Witness = ({'xL75J', 'xL10J', 'xL79J', 'xL3J', 'xL19J', 'xL46J', 'xL72J', 'xL15J', 'xL23J', 'xL77J', 'xL5J', 'xL37J', 'xL4J', 'xL42J', 'xL41J', 'xL45J', 'xL67J', 'xL49J', 'xL55J', 'xL56J', 'xL54J', 'xL47J', 'xL7J', 'xL40J', 'xL22J', 'xL70J', 'xL12J', 'xL25J', 'xL43J', 'xL39J', 'xL50J', 'xL57J', 'xL31J', 'xL32J', 'xL68J', 'xL66J', 'xL35J', 'xL6J', 'xL0J', 'xL11J', 'xL58J', 'xL44J', 'xL34J', 'xL62J', 'xL9J', 'xL38J', 'xL13J', 'xL2J', 'xL53J', 'xL21J', 'xL17J', 'xL29J', 'xL59J', 'xL30J', 'xL26J', 'xL14J', 'xL8J', 'xL61J', 'xL48J', 'xL36J', 'xL74J', 'xL1J', 'xL65J', 'xL20J', 'xL51J', 'xL63J', 'xL73J', 'xL27J', 'xL78J', 'xL64J', 'xL69J', 'xL60J', 'xL71J'}, {'xL10J', 'xL72J', 'xL23J', 'xL77J', 'xL5J', 'xL4J', 'xL41J', 'xL55J', 'xL40J', 'xL22J', 'xL70J', 'xL12J', 'xL57J', 'xL32J', 'xL11J', 'xL38J', 'xL13J', 'xL34J', 'xL21J', 'xL17J', 'xL29J', 'xL30J', 'xL14J', 'xL61J', 'xL73J', 'xL50J'})