56, 2.633124592651094, 5.0, 5
+-- , 0 , {3, 101, 75, 77, 109, 111, 49, 113, 115} , {'xL69J', 'xL65J', 'xL26J', 'xL8J', 'xL25J', 'xL47J', 'xL43J'}
| +-- , 3 , {6} , {'xL79J', 'xL19J', 'xL65J', 'xL25J', 'xL43J', 'xL47J', 'xL15J', 'xL26J', 'xL8J', 'xL56J'}
| | +-- , 6 , {8} , {'xL79J', 'xL74J', 'xL19J', 'xL65J', 'xL25J', 'xL43J', 'xL15J', 'xL26J', 'xL47J'}
| | | +-- , 8 , {10} , {'xL79J', 'xL74J', 'xL65J', 'xL25J', 'xL43J', 'xL15J', 'xL26J', 'xL32J', 'xL47J'}
| | | | +-- , 10 , {12} , {'xL74J', 'xL65J', 'xL25J', 'xL43J', 'xL15J', 'xL27J', 'xL26J', 'xL32J', 'xL47J'}
| | | | | +-- , 12 , {29, 15} , {'xL0J', 'xL74J', 'xL65J', 'xL25J', 'xL43J', 'xL15J', 'xL42J', 'xL27J', 'xL26J', 'xL47J'}
| | | | | | +-- , 29 , {31} , {'xL0J', 'xL15J', 'xL42J', 'xL47J', 'xL74J', 'xL25J', 'xL65J', 'xL43J', 'xL27J', 'xL78J'}
| | | | | | | +-- , 31 , {33, 35} , {'xL0J', 'xL15J', 'xL42J', 'xL74J', 'xL25J', 'xL65J', 'xL43J', 'xL27J', 'xL78J', 'xL66J'}
| | | | | | | | +-- , 33 , set() , {'xL66J', 'xL17J'}
| | | | | | | | +-- , 35 , {37} , {'xL0J', 'xL42J', 'xL61J', 'xL74J', 'xL25J', 'xL65J', 'xL43J', 'xL27J', 'xL78J', 'xL66J'}
| | | | | | | | | +-- , 37 , {45, 39} , {'xL61J', 'xL0J', 'xL74J', 'xL25J', 'xL43J', 'xL42J', 'xL27J', 'xL30J', 'xL78J', 'xL66J'}
| | | | | | | | | | +-- , 45 , {47} , {'xL0J', 'xL74J', 'xL25J', 'xL43J', 'xL72J', 'xL37J', 'xL30J'}
| | | | | | | | | | | +-- , 47 , set() , {'xL37J', 'xL25J', 'xL20J', 'xL74J'}
| | | | | | | | | | +-- , 39 , {41, 43} , {'xL27J', 'xL30J', 'xL78J', 'xL9J'}
| | | | | | | | | | | +-- , 41 , set() , {'xL78J', 'xL9J', 'xL71J'}
| | | | | | | | | | | +-- , 43 , set() , {'xL9J', 'xL41J'}
| | | | | | +-- , 15 , {17} , {'xL0J', 'xL65J', 'xL42J', 'xL39J', 'xL26J'}
| | | | | | | +-- , 17 , {19, 27} , {'xL0J', 'xL38J', 'xL42J', 'xL39J', 'xL65J', 'xL60J'}
| | | | | | | | +-- , 19 , {25, 21} , {'xL73J', 'xL39J', 'xL65J', 'xL46J', 'xL60J'}
| | | | | | | | | +-- , 25 , set() , {'xL46J', 'xL35J'}
| | | | | | | | | +-- , 21 , {23} , {'xL73J', 'xL39J', 'xL4J', 'xL46J'}
| | | | | | | | | | +-- , 23 , set() , {'xL4J', 'xL53J'}
| | | | | | | | +-- , 27 , set() , {'xL63J', 'xL38J'}
| +-- , 101 , {107, 103} , {'xL8J', 'xL58J'}
| | +-- , 107 , set() , {'xL58J', 'xL75J'}
| | +-- , 103 , {105} , {'xL68J', 'xL58J'}
| | | +-- , 105 , set() , {'xL68J', 'xL7J'}
| +-- , 75 , set() , {'xL43J', 'xL59J'}
| +-- , 77 , {79} , {'xL2J', 'xL43J', 'xL31J', 'xL26J', 'xL8J', 'xL69J'}
| | +-- , 79 , {81} , {'xL31J', 'xL26J', 'xL1J', 'xL2J', 'xL43J'}
| | | +-- , 81 , {83} , {'xL10J', 'xL26J', 'xL1J', 'xL43J'}
| | | | +-- , 83 , {99, 85} , {'xL10J', 'xL77J', 'xL26J', 'xL43J'}
| | | | | +-- , 99 , set() , {'xL77J', 'xL57J'}
| | | | | +-- , 85 , {87} , {'xL77J', 'xL50J', 'xL26J', 'xL43J'}
| | | | | | +-- , 87 , {89, 93} , {'xL50J', 'xL55J', 'xL64J', 'xL43J'}
| | | | | | | +-- , 89 , {91} , {'xL36J', 'xL64J', 'xL55J'}
| | | | | | | | +-- , 91 , set() , {'xL36J', 'xL45J'}
| | | | | | | +-- , 93 , {95} , {'xL64J', 'xL48J'}
| | | | | | | | +-- , 95 , {97} , {'xL48J', 'xL70J'}
| | | | | | | | | +-- , 97 , set() , {'xL13J', 'xL70J'}
| +-- , 109 , set() , {'xL8J', 'xL44J'}
| +-- , 111 , set() , {'xL47J', 'xL34J'}
| +-- , 49 , {51, 71} , {'xL62J', 'xL65J', 'xL25J', 'xL43J', 'xL26J', 'xL47J', 'xL69J'}
| | +-- , 51 , {65, 67, 53, 69} , {'xL62J', 'xL25J', 'xL65J', 'xL12J', 'xL26J', 'xL14J', 'xL47J', 'xL69J'}
| | | +-- , 65 , set() , {'xL14J', 'xL65J', 'xL29J', 'xL12J'}
| | | +-- , 67 , set() , {'xL6J', 'xL62J', 'xL25J', 'xL14J', 'xL26J', 'xL49J', 'xL69J'}
| | | +-- , 53 , {55} , {'xL11J', 'xL65J', 'xL69J', 'xL12J'}
| | | | +-- , 55 , {57} , {'xL22J', 'xL11J', 'xL65J', 'xL69J'}
| | | | | +-- , 57 , {59} , {'xL22J', 'xL3J', 'xL65J', 'xL69J'}
| | | | | | +-- , 59 , {61} , {'xL3J', 'xL67J', 'xL65J', 'xL69J'}
| | | | | | | +-- , 61 , set() , {'xL54J', 'xL65J', 'xL69J', 'xL67J'}
| | | +-- , 69 , set() , {'xL12J', 'xL21J'}
| | +-- , 71 , {73} , {'xL62J', 'xL43J', 'xL51J'}
| | | +-- , 73 , set() , {'xL5J', 'xL51J'}
| +-- , 113 , set() , {'xL23J', 'xL43J'}
| +-- , 115 , set() , {'xL40J', 'xL47J'}


Max number of edges with non zero Y: 25
Max number of iterations of outer rounding loop: 5
Max number of candidate sets: 2
Time spent rounding: 20.166
Time spent solving Separator LP: 1.886
Total time spent solving: 27.737

LP Solver: GaifmanBoosted
Lower Bound Witness = ({'xL75J', 'xL10J', 'xL79J', 'xL3J', 'xL19J', 'xL46J', 'xL72J', 'xL15J', 'xL23J', 'xL77J', 'xL5J', 'xL37J', 'xL4J', 'xL42J', 'xL41J', 'xL45J', 'xL67J', 'xL49J', 'xL55J', 'xL56J', 'xL54J', 'xL47J', 'xL7J', 'xL40J', 'xL22J', 'xL70J', 'xL12J', 'xL25J', 'xL43J', 'xL39J', 'xL50J', 'xL57J', 'xL31J', 'xL32J', 'xL68J', 'xL66J', 'xL35J', 'xL6J', 'xL0J', 'xL11J', 'xL58J', 'xL44J', 'xL34J', 'xL62J', 'xL9J', 'xL38J', 'xL13J', 'xL2J', 'xL53J', 'xL21J', 'xL17J', 'xL29J', 'xL59J', 'xL30J', 'xL26J', 'xL14J', 'xL8J', 'xL61J', 'xL48J', 'xL36J', 'xL74J', 'xL1J', 'xL65J', 'xL20J', 'xL51J', 'xL63J', 'xL73J', 'xL27J', 'xL78J', 'xL64J', 'xL69J', 'xL60J', 'xL71J'}, {'xL3J', 'xL46J', 'xL15J', 'xL23J', 'xL4J', 'xL42J', 'xL67J', 'xL55J', 'xL49J', 'xL54J', 'xL12J', 'xL57J', 'xL31J', 'xL68J', 'xL66J', 'xL0J', 'xL11J', 'xL75J', 'xL34J', 'xL9J', 'xL2J', 'xL17J', 'xL8J', 'xL61J', 'xL48J', 'xL65J', 'xL51J', 'xL73J'})