30, 3.8625174936605227, 13.666666666666666, 15
+-- , 0 , {3, 56, 58, 60, 62} , {'xL70J', 'xL77J', 'xL12J', 'xL64J', 'xL31J', 'xL34J', 'xL53J', 'xL60J', 'xL14J', 'xL28J', 'xL11J', 'xL52J', 'xL73J', 'xL57J', 'xL68J', 'xL40J', 'xL2J', 'xL71J', 'xL21J', 'xL62J', 'xL25J', 'xL26J', 'xL18J', 'xL45J', 'xL46J', 'xL0J', 'xL27J', 'xL1J', 'xL58J'}
| +-- , 3 , {5} , {'xL31J', 'xL34J', 'xL53J', 'xL60J', 'xL14J', 'xL11J', 'xL52J', 'xL57J', 'xL68J', 'xL55J', 'xL21J', 'xL62J', 'xL45J', 'xL46J', 'xL23J', 'xL27J', 'xL70J', 'xL77J', 'xL12J', 'xL64J', 'xL28J', 'xL73J', 'xL40J', 'xL2J', 'xL71J', 'xL26J', 'xL18J', 'xL47J', 'xL0J', 'xL1J', 'xL58J'}
| | +-- , 5 , {7} , {'xL31J', 'xL34J', 'xL53J', 'xL60J', 'xL14J', 'xL11J', 'xL52J', 'xL68J', 'xL55J', 'xL21J', 'xL62J', 'xL45J', 'xL46J', 'xL23J', 'xL27J', 'xL70J', 'xL77J', 'xL12J', 'xL64J', 'xL54J', 'xL19J', 'xL28J', 'xL79J', 'xL73J', 'xL40J', 'xL2J', 'xL71J', 'xL26J', 'xL18J', 'xL47J', 'xL0J', 'xL35J', 'xL1J', 'xL58J'}
| | | +-- , 7 , {11} , {'xL31J', 'xL63J', 'xL53J', 'xL60J', 'xL14J', 'xL11J', 'xL52J', 'xL68J', 'xL55J', 'xL21J', 'xL62J', 'xL45J', 'xL46J', 'xL23J', 'xL27J', 'xL70J', 'xL77J', 'xL12J', 'xL64J', 'xL54J', 'xL19J', 'xL28J', 'xL79J', 'xL73J', 'xL40J', 'xL2J', 'xL71J', 'xL26J', 'xL8J', 'xL18J', 'xL32J', 'xL47J', 'xL0J', 'xL35J', 'xL1J', 'xL58J'}
| | | | +-- , 11 , {13, 54} , {'xL31J', 'xL16J', 'xL63J', 'xL53J', 'xL60J', 'xL14J', 'xL11J', 'xL52J', 'xL68J', 'xL55J', 'xL21J', 'xL62J', 'xL45J', 'xL46J', 'xL23J', 'xL27J', 'xL70J', 'xL15J', 'xL77J', 'xL12J', 'xL64J', 'xL54J', 'xL19J', 'xL28J', 'xL79J', 'xL73J', 'xL40J', 'xL2J', 'xL71J', 'xL26J', 'xL8J', 'xL32J', 'xL47J', 'xL0J', 'xL35J', 'xL1J', 'xL58J'}
| | | | | +-- , 13 , {16, 50} , {'xL31J', 'xL16J', 'xL63J', 'xL53J', 'xL60J', 'xL14J', 'xL11J', 'xL52J', 'xL44J', 'xL68J', 'xL55J', 'xL21J', 'xL62J', 'xL45J', 'xL46J', 'xL49J', 'xL23J', 'xL27J', 'xL15J', 'xL77J', 'xL12J', 'xL64J', 'xL54J', 'xL19J', 'xL28J', 'xL79J', 'xL73J', 'xL40J', 'xL2J', 'xL71J', 'xL26J', 'xL8J', 'xL32J', 'xL47J', 'xL0J', 'xL35J', 'xL1J', 'xL58J'}
| | | | | | +-- , 16 , {48, 18} , {'xL31J', 'xL16J', 'xL63J', 'xL53J', 'xL76J', 'xL60J', 'xL14J', 'xL11J', 'xL52J', 'xL44J', 'xL68J', 'xL55J', 'xL62J', 'xL46J', 'xL49J', 'xL23J', 'xL27J', 'xL15J', 'xL12J', 'xL64J', 'xL54J', 'xL19J', 'xL28J', 'xL79J', 'xL73J', 'xL40J', 'xL71J', 'xL26J', 'xL8J', 'xL32J', 'xL47J', 'xL0J', 'xL1J', 'xL58J'}
| | | | | | | +-- , 48 , set() , {'xL17J', 'xL54J', 'xL53J', 'xL76J', 'xL23J', 'xL19J', 'xL40J'}
| | | | | | | +-- , 18 , {20, 44, 46} , {'xL4J', 'xL31J', 'xL16J', 'xL63J', 'xL76J', 'xL60J', 'xL11J', 'xL52J', 'xL44J', 'xL55J', 'xL62J', 'xL46J', 'xL49J', 'xL27J', 'xL15J', 'xL12J', 'xL64J', 'xL54J', 'xL19J', 'xL28J', 'xL79J', 'xL73J', 'xL40J', 'xL5J', 'xL71J', 'xL26J', 'xL8J', 'xL32J', 'xL47J', 'xL0J', 'xL1J', 'xL58J'}
| | | | | | | | +-- , 20 , {22, 40, 42} , {'xL4J', 'xL31J', 'xL63J', 'xL76J', 'xL60J', 'xL11J', 'xL52J', 'xL44J', 'xL55J', 'xL74J', 'xL62J', 'xL49J', 'xL27J', 'xL29J', 'xL15J', 'xL12J', 'xL64J', 'xL54J', 'xL59J', 'xL19J', 'xL22J', 'xL79J', 'xL5J', 'xL51J', 'xL71J', 'xL26J', 'xL8J', 'xL32J', 'xL47J', 'xL0J', 'xL41J', 'xL1J', 'xL58J'}
| | | | | | | | | +-- , 22 , {24} , {'xL4J', 'xL31J', 'xL63J', 'xL76J', 'xL60J', 'xL11J', 'xL52J', 'xL44J', 'xL74J', 'xL62J', 'xL66J', 'xL49J', 'xL69J', 'xL29J', 'xL15J', 'xL12J', 'xL64J', 'xL54J', 'xL59J', 'xL22J', 'xL5J', 'xL51J', 'xL8J', 'xL32J', 'xL47J', 'xL0J', 'xL41J', 'xL1J'}
| | | | | | | | | | +-- , 24 , {36, 38, 26} , {'xL15J', 'xL12J', 'xL4J', 'xL75J', 'xL31J', 'xL54J', 'xL76J', 'xL11J', 'xL52J', 'xL44J', 'xL22J', 'xL5J', 'xL51J', 'xL9J', 'xL1J', 'xL66J', 'xL8J', 'xL32J', 'xL47J', 'xL49J', 'xL69J', 'xL74J', 'xL29J'}
| | | | | | | | | | | +-- , 36 , set() , {'xL12J', 'xL4J', 'xL72J', 'xL75J', 'xL31J', 'xL8J', 'xL76J'}
| | | | | | | | | | | +-- , 38 , set() , {'xL56J', 'xL4J', 'xL9J'}
| | | | | | | | | | | +-- , 26 , {32, 28} , {'xL15J', 'xL38J', 'xL54J', 'xL76J', 'xL52J', 'xL44J', 'xL22J', 'xL5J', 'xL51J', 'xL74J', 'xL9J', 'xL8J', 'xL47J', 'xL10J', 'xL69J', 'xL1J'}
| | | | | | | | | | | | +-- , 32 , {34} , {'xL15J', 'xL37J', 'xL10J', 'xL22J', 'xL69J', 'xL1J'}
| | | | | | | | | | | | | +-- , 34 , set() , {'xL37J', 'xL10J', 'xL33J', 'xL22J', 'xL1J'}
| | | | | | | | | | | | +-- , 28 , {30} , {'xL5J', 'xL74J', 'xL9J', 'xL38J', 'xL36J', 'xL47J', 'xL76J', 'xL10J', 'xL48J', 'xL52J', 'xL44J', 'xL22J', 'xL69J', 'xL7J'}
| | | | | | | | | | | | | +-- , 30 , set() , {'xL47J', 'xL48J', 'xL50J', 'xL52J', 'xL69J'}
| | | | | | | | | +-- , 40 , set() , {'xL5J', 'xL3J', 'xL0J', 'xL22J', 'xL1J'}
| | | | | | | | | +-- , 42 , set() , {'xL22J', 'xL71J', 'xL13J'}
| | | | | | | | +-- , 44 , set() , {'xL73J', 'xL4J', 'xL24J'}
| | | | | | | | +-- , 46 , set() , {'xL61J', 'xL4J', 'xL16J', 'xL19J', 'xL40J'}
| | | | | | +-- , 50 , {52} , {'xL77J', 'xL12J', 'xL31J', 'xL53J', 'xL19J', 'xL14J', 'xL11J', 'xL44J', 'xL65J', 'xL78J', 'xL2J', 'xL45J', 'xL0J', 'xL49J', 'xL35J', 'xL27J', 'xL1J'}
| | | | | | | +-- , 52 , set() , {'xL77J', 'xL0J', 'xL49J', 'xL44J', 'xL43J', 'xL65J', 'xL78J'}
| | | | | +-- , 54 , set() , {'xL30J', 'xL70J', 'xL16J', 'xL14J', 'xL58J'}
| +-- , 56 , set() , {'xL77J', 'xL2J', 'xL21J', 'xL20J', 'xL53J'}
| +-- , 58 , set() , {'xL31J', 'xL45J', 'xL39J', 'xL18J'}
| +-- , 60 , set() , {'xL45J', 'xL6J', 'xL18J'}
| +-- , 62 , set() , {'xL46J', 'xL14J', 'xL67J'}


Max number of edges with non zero Y: 50
Max number of iterations of outer rounding loop: 11
Max number of candidate sets: 2
Time spent rounding: 63.589
Time spent solving Separator LP: 10.469
Total time spent solving: 80.140

LP Solver: GaifmanNormal
Lower Bound Witness = ({'xL72J', 'xL75J', 'xL34J', 'xL60J', 'xL13J', 'xL68J', 'xL55J', 'xL66J', 'xL36J', 'xL45J', 'xL12J', 'xL2J', 'xL18J', 'xL7J', 'xL4J', 'xL53J', 'xL14J', 'xL6J', 'xL78J', 'xL56J', 'xL49J', 'xL10J', 'xL15J', 'xL64J', 'xL37J', 'xL17J', 'xL65J', 'xL51J', 'xL32J', 'xL1J', 'xL30J', 'xL61J', 'xL31J', 'xL3J', 'xL63J', 'xL11J', 'xL52J', 'xL21J', 'xL62J', 'xL46J', 'xL23J', 'xL27J', 'xL70J', 'xL59J', 'xL28J', 'xL22J', 'xL73J', 'xL24J', 'xL40J', 'xL67J', 'xL25J', 'xL0J', 'xL35J', 'xL38J', 'xL16J', 'xL76J', 'xL33J', 'xL50J', 'xL44J', 'xL43J', 'xL57J', 'xL20J', 'xL69J', 'xL39J', 'xL29J', 'xL77J', 'xL54J', 'xL19J', 'xL79J', 'xL5J', 'xL71J', 'xL9J', 'xL26J', 'xL8J', 'xL47J', 'xL48J', 'xL41J', 'xL74J', 'xL58J'}, {'xL75J', 'xL31J', 'xL53J', 'xL33J', 'xL14J', 'xL6J', 'xL11J', 'xL57J', 'xL55J', 'xL56J', 'xL62J', 'xL45J', 'xL49J', 'xL7J', 'xL27J', 'xL39J', 'xL70J', 'xL64J', 'xL54J', 'xL28J', 'xL22J', 'xL79J', 'xL73J', 'xL40J', 'xL2J', 'xL9J', 'xL26J', 'xL47J', 'xL74J'})