94, 0, 7.0, 7
+-- , 0 , {130, 3} , {'AD1', 'P5', 'AD3N', 'AD2', 'P6', 'AD3', 'ADDVG2VCNVAD4NF', 'ADDVG1VP', 'AD2N', 'SMVG4VG1VAD1NF', 'START', 'ADDVC1', 'AD0N', 'ACVPCN', 'SMVS0N'}
| +-- , 130 , {132} , {'ADDVG1VPVOR1NF', 'AD1', 'P5', 'AD2', 'P6', 'AD3', 'ADDVG2VCNVAD4NF', 'ADDVG1VP', 'SMVG4VG1VAD1NF', 'ADDVG1VCN', 'ADDVC1', 'AD0N', 'ACVPCN', 'SMVS0N'}
| | +-- , 132 , {200, 134} , {'ADDVG1VPVOR1NF', 'AD1', 'P5', 'SM3', 'AD2', 'P6', 'ADDVG4VCNVAD1NF', 'AD3', 'ADDVG2VCNVAD4NF', 'SMVG4VG1VAD1NF', 'ACVG4VD1', 'ADDVG1VCN', 'ADDVC1', 'AD0N', 'ACVPCN', 'P7', 'SMVS0N'}
| | | +-- , 200 , set() , {'ACVG4VD1', 'P7', 'ACVQN3'}
| | | +-- , 134 , {136} , {'ADDVG1VPVOR1NF', 'AD1', 'P5', 'SM3', 'ADDVG3VCNVAD1NF', 'AD2', 'P6', 'ADDVG4VCNVAD1NF', 'AD3', 'ADDVG2VCNVAD4NF', 'SMVG4VG1VAD1NF', 'AD0', 'ADDVG1VCN', 'ADDVC1', 'AD0N', 'ACVPCN', 'P7', 'SMVS0N'}
| | | | +-- , 136 , {138} , {'ADDVG1VPVOR1NF', 'AD1', 'P5', 'P4', 'SM3', 'ADDVG3VCNVAD1NF', 'AD2', 'P6', 'ADDVG4VCNVAD1NF', 'AD3', 'ADDVG2VCNVAD4NF', 'SMVG4VG1VAD1NF', 'AD0', 'ADDVG1VCN', 'ADDVC1', 'ACVPCN', 'P7', 'SMVS0N'}
| | | | | +-- , 138 , {146, 140} , {'SMVG4VG1VAD2NF', 'AD1', 'P5', 'P4', 'SM3', 'ADDVG3VCNVAD1NF', 'AD2', 'P6', 'ADDVG4VCNVAD1NF', 'AD3', 'SMVG2VG1VAD1NF', 'ADDVG2VCNVAD4NF', 'SMVG4VG1VAD1NF', 'SMVG4VX', 'ADDVC1', 'ACVPCN', 'P7', 'SMVS0N'}
| | | | | | +-- , 146 , {148} , {'SMVG4VG1VAD2NF', 'AD1', 'P5', 'P4', 'SM3', 'ADDVG3VCNVAD1NF', 'AD2', 'SMVG4VS0P', 'P6', 'ADDVG4VCNVAD1NF', 'AD3', 'SMVG2VG1VAD1NF', 'ADDVG2VCNVAD4NF', 'ADDVC1', 'ACVPCN', 'S3', 'P7', 'SMVS0N'}
| | | | | | | +-- , 148 , {150} , {'AD1', 'P5', 'P4', 'SM3', 'ADDVG3VCNVAD1NF', 'AD2', 'P6', 'ADDVG4VSN', 'ADDVG4VCNVAD1NF', 'AD3', 'SMVG2VG1VAD1NF', 'ADDVG2VCNVAD4NF', 'ADDVC1', 'ACVPCN', 'S3', 'P7', 'SMVS0N'}
| | | | | | | | +-- , 150 , {152} , {'AD1', 'P5', 'P4', 'SM3', 'ADDVG3VCNVAD1NF', 'AD2', 'ADDVG4VCNVAD3NF', 'P6', 'ADDVG4VSN', 'ADDVG4VCNVAD1NF', 'AD3', 'SMVG2VG1VAD1NF', 'ADDVG2VCNVAD4NF', 'ADDVG4VCNVAD4NF', 'ADDVC1', 'ACVPCN', 'P7', 'SMVS0N'}
| | | | | | | | | +-- , 152 , {155} , {'AD1', 'P5', 'P4', 'SMVG5VX', 'SM3', 'ADDVG3VCNVAD1NF', 'AD2', 'ADDVG4VCNVAD3NF', 'P6', 'ADDVG4VCNVAD1NF', 'AD3', 'SMVG2VG1VAD1NF', 'ADDVG2VCNVAD4NF', 'ADDVG4VCNVAD4NF', 'SMVG5VG1VAD1NF', 'ADDVC1', 'ACVPCN', 'P7', 'SMVG5VG1VAD2NF', 'SMVS0N'}
| | | | | | | | | | +-- , 155 , {198, 157} , {'SM0', 'AD1', 'P5', 'P4', 'ADDVG3VCNVAD1NF', 'AD2', 'ACVG1VD1', 'ADDVG4VCNVAD3NF', 'P6', 'ADDVG4VCNVAD1NF', 'AD3', 'SMVG2VG1VAD1NF', 'ADDVG2VCNVAD4NF', 'ADDVG4VCNVAD4NF', 'ADDVC1', 'ACVPCN', 'P7', 'SMVG5VG1VAD2NF', 'SMVS0N'}
| | | | | | | | | | | +-- , 198 , set() , {'P4', 'ACVQN0', 'ACVG1VD1'}
| | | | | | | | | | | +-- , 157 , {159} , {'SM0', 'AD1', 'P5', 'ADDVG3VCNVAD1NF', 'AD2', 'CO', 'ADDVG4VCNVAD3NF', 'P6', 'ADDVG4VCNVAD1NF', 'AD3', 'SMVG2VG1VAD1NF', 'ADDVG2VCNVAD4NF', 'ADDVG4VCNVAD4NF', 'SMVG5VS0P', 'ADDVC1', 'ACVPCN', 'P7', 'SMVG5VG1VAD2NF', 'SMVS0N'}
| | | | | | | | | | | | +-- , 159 , {161} , {'SM0', 'AD1', 'ADDVG4VCN', 'P5', 'ADDVG3VCNVAD1NF', 'AD2', 'CO', 'ADDVG4VCNVAD3NF', 'P6', 'ADDVG4VCNVAD1NF', 'AD3', 'SMVG2VG1VAD1NF', 'ADDVG2VCNVAD4NF', 'ADDVG4VCNVAD4NF', 'ADDVC1', 'ACVPCN', 'P7', 'SMVS0N'}
| | | | | | | | | | | | | +-- , 161 , {163} , {'SM0', 'AD1', 'ADDVG4VCN', 'P5', 'ADDVG3VCNVAD1NF', 'AD2', 'P7', 'ADDVG4VCNVAD3NF', 'P6', 'ADDVG4VCNVAD1NF', 'AD3', 'ADDVG2VCNVAD4NF', 'SMVG2VG1VAD1NF', 'ADDVG4VCNVAD4NF', 'ADDVG4VCNVOR2NF', 'ADDVC1', 'ACVPCN', 'SMVS0N'}
| | | | | | | | | | | | | | +-- , 163 , {196, 165} , {'SM0', 'AD1', 'ADDVG4VCN', 'P5', 'ADDVG3VCNVAD1NF', 'AD2', 'P6', 'ADDVG4VCNVAD1NF', 'AD3', 'SMVG2VG1VAD1NF', 'ADDVG2VCNVAD4NF', 'ADDVG4VCNVAD4NF', 'ADDVC3', 'ADDVG4VCNVOR2NF', 'ADDVG4VCNVAD2NF', 'ADDVC1', 'ACVPCN', 'P7', 'SMVS0N'}
| | | | | | | | | | | | | | | +-- , 196 , set() , {'ADDVC3', 'AD3', 'ADDVG4VCNVAD2NF', 'ADDVG4VCNVOR1NF', 'P7'}
| | | | | | | | | | | | | | | +-- , 165 , {167} , {'SM0', 'AD1', 'P5', 'ADDVG3VCNVAD1NF', 'AD2', 'P6', 'SMVG2VG1VAD1NF', 'ADDVG2VCNVAD4NF', 'ADDVC3', 'ADDVG3VCN', 'ADDVC1', 'ACVPCN', 'SMVS0N'}
| | | | | | | | | | | | | | | | +-- , 167 , {169} , {'SM0', 'ADDVG3VCNVOR1NF', 'AD1', 'P5', 'ADDVG3VCNVAD1NF', 'AD2', 'P6', 'SMVG2VG1VAD1NF', 'ADDVG2VCNVAD4NF', 'ADDVG3VCNVAD2NF', 'ADDVG3VCN', 'ADDVC1', 'ACVPCN', 'SMVS0N'}
| | | | | | | | | | | | | | | | | +-- , 169 , {184, 172} , {'ADDVG3VCNVOR1NF', 'SM0', 'AD1', 'P5', 'AD2', 'P6', 'ADDVC2', 'ADDVG2VCNVAD4NF', 'SMVG2VG1VAD1NF', 'ADDVG3VCNVAD2NF', 'ADDVG3VCN', 'ADDVG3VCNVOR2NF', 'ADDVC1', 'ACVPCN', 'SMVS0N'}
| | | | | | | | | | | | | | | | | | +-- , 184 , {192, 186} , {'SM0', 'AD1', 'P5', 'SMVG2VG1VAD1NF', 'ADDVC1', 'ADDVG2VCN', 'ADDVC2', 'ADDVG2VCNVAD4NF', 'SMVS0N'}
| | | | | | | | | | | | | | | | | | | +-- , 192 , {194} , {'AD1', 'ADDVG2VCNVAD1NF', 'P5', 'ADDVC1', 'ADDVG2VCN', 'ADDVG2VCNVAD2NF'}
| | | | | | | | | | | | | | | | | | | | +-- , 194 , set() , {'AD1', 'P5', 'ADDVG2VCNVOR1NF', 'ADDVC1', 'ADDVG2VCNVAD2NF'}
| | | | | | | | | | | | | | | | | | | +-- , 186 , {188} , {'SM0', 'AD1', 'P5', 'ADDVG2VCNVOR2NF', 'SMVG2VG1VAD1NF', 'ADDVC1', 'ADDVG2VCN', 'SMVG2VX', 'ADDVG2VCNVAD3NF', 'ADDVG2VCNVAD4NF', 'SMVS0N'}
| | | | | | | | | | | | | | | | | | | | +-- , 188 , {190} , {'SMVG2VG1VAD2NF', 'ADDVG2VSN', 'SMVG2VG1VAD1NF', 'SMVG2VX', 'ADDVG2VCNVAD3NF', 'ADDVG2VCNVAD4NF', 'SMVS0N'}
| | | | | | | | | | | | | | | | | | | | | +-- , 190 , set() , {'SMVG2VG1VAD2NF', 'ADDVG2VSN', 'S1', 'SMVG2VS0P', 'SMVS0N'}
| | | | | | | | | | | | | | | | | | +-- , 172 , {174} , {'ADDVG3VCNVAD4NF', 'P5', 'ADDVG3VCNVAD3NF', 'ADDVG3VCN', 'ADDVG3VCNVOR2NF', 'AD2', 'P6', 'SMVG3VG1VAD1NF', 'ADDVC2', 'ACVPCN', 'SMVS0N'}
| | | | | | | | | | | | | | | | | | | +-- , 174 , {176} , {'ADDVG3VCNVAD4NF', 'ADDVG3VSN', 'P5', 'ADDVG3VCNVAD3NF', 'SMVG3VG1VAD1NF', 'ACVPCN', 'SMVS0N'}
| | | | | | | | | | | | | | | | | | | | +-- , 176 , {178, 180} , {'ADDVG3VSN', 'P5', 'SM1', 'SMVG3VG1VAD1NF', 'ACVG2VD1', 'S2', 'ACVPCN', 'SMVS0N'}
| | | | | | | | | | | | | | | | | | | | | +-- , 178 , set() , {'ACVQN1', 'P5', 'ACVG2VD1'}
| | | | | | | | | | | | | | | | | | | | | +-- , 180 , {182} , {'SMVG3VG1VAD2NF', 'SM1', 'SMVG3VS0P', 'SMVG3VG1VAD1NF', 'S2', 'SMVS0N'}
| | | | | | | | | | | | | | | | | | | | | | +-- , 182 , set() , {'SMVG3VX', 'SM1', 'SMVG3VG1VAD2NF', 'SMVG3VG1VAD1NF'}
| | | | | | +-- , 140 , {142} , {'SM2', 'P6', 'SMVG4VX', 'ACVPCN'}
| | | | | | | +-- , 142 , {144} , {'SM2', 'P6', 'ACVPCN', 'ACVG3VD1'}
| | | | | | | | +-- , 144 , set() , {'ACVQN2', 'P6', 'ACVG3VD1'}
| +-- , 3 , {5} , {'AD1', 'AD3N', 'AX0', 'AX2', 'ADDVG1VP', 'AD2N', 'START', 'AD0N', 'CNTVG1VZ', 'CNTVG1VD', 'P0', 'SMVS0N'}
| | +-- , 5 , {7} , {'AD1', 'AD3N', 'AX3', 'AX0', 'AD1N', 'AX2', 'ADDVG1VP', 'START', 'CNTVG1VZ', 'CNTVG1VD', 'P0', 'SMVS0N'}
| | | +-- , 7 , {97, 9, 106, 112, 120} , {'AX1', 'AX3', 'AMVG4VG1VAD1NF', 'AX0', 'AD1N', 'AX2', 'S0', 'AMVS0N', 'ADDVG1VP', 'AM3', 'AMVG2VG1VAD1NF', 'START', 'CNTVG1VZ', 'CNTVG1VD', 'P0', 'SMVS0N'}
| | | | +-- , 97 , {100, 102} , {'AX1', 'AMVG3VG1VAD2NF', 'AMVG3VG1VAD1NF', 'AMVS0N'}
| | | | | +-- , 100 , set() , {'AMVG3VG1VAD2NF', 'AMVG3VS0P', 'AMVS0N', 'A1'}
| | | | | +-- , 102 , {104} , {'AX1', 'AMVG3VG1VAD2NF', 'AMVG3VG1VAD1NF', 'AMVG3VX'}
| | | | | | +-- , 104 , set() , {'AX1', 'AMVG3VX', 'AM1'}
| | | | +-- , 9 , {12} , {'START', 'ADSH', 'CNTVG1VD', 'MRVG4VDVAD1NF', 'CNTVG1VZ', 'MRVQN0', 'S0', 'P0', 'AMVS0N', 'SMVS0N'}
| | | | | +-- , 12 , {14} , {'INIT', 'START', 'ADSH', 'CNTVG1VD', 'MRVG4VDVAD1NF', 'CNTVG1VZ', 'MRVQN0', 'P0', 'AMVS0N'}
| | | | | | +-- , 14 , {16, 83} , {'CT0', 'CT2', 'MRVQN0', 'INIT', 'START', 'ADSH', 'MRVG4VDVAD1NF', 'CT1', 'CNTVG1VZ', 'CNTVG1VD', 'P0'}
| | | | | | | +-- , 16 , {81, 20} , {'CT0', 'CNTVG2VQN', 'CT2', 'MRVQN0', 'INIT', 'START', 'ADSH', 'CNTVCON0', 'MRVG4VDVAD1NF', 'CT1', 'CNTVG1VZ', 'CNTVCO1', 'P0'}
| | | | | | | | +-- , 81 , set() , {'CNTVCON2', 'CNTVCO1', 'CT2'}
| | | | | | | | +-- , 20 , {22, 74, 79} , {'INIT', 'READY', 'CNTVG1VZ', 'CT0', 'START', 'ADSH', 'CNTVG2VD1', 'CNTVCON0', 'CT2', 'MRVG4VDVAD1NF', 'CT1', 'MRVQN0', 'P0'}
| | | | | | | | | +-- , 22 , {24, 26} , {'READY', 'CT0', 'ADSH', 'READYN', 'MRVG4VDVAD1NF', 'CT1', 'CT2', 'MRVQN0', 'P0'}
| | | | | | | | | | +-- , 24 , set() , {'CT1N', 'CT0', 'READYN', 'CT2', 'CT1'}
| | | | | | | | | | +-- , 26 , {28} , {'ADSH', 'READYN', 'MRVG4VDVAD1NF', 'BMVS0N', 'MRVQN0', 'P0'}
| | | | | | | | | | | +-- , 28 , {34} , {'BMVS0N', 'MRVQN0', 'MRVG2VD', 'MRVQN1', 'BMVG2VG1VAD2NF', 'ADSH', 'B0', 'MRVG4VDVAD1NF', 'BMVG5VS0P', 'BMVG2VS0P', 'P0'}
| | | | | | | | | | | | +-- , 34 , {36} , {'BMVG2VG1VAD1NF', 'BMVS0N', 'MRVQN0', 'MRVG2VD', 'MRVQN1', 'BMVG2VG1VAD2NF', 'ADSH', 'BMVG2VX', 'MRVG4VDVAD1NF', 'BMVG5VS0P', 'P0'}
| | | | | | | | | | | | | +-- , 36 , {38} , {'MRVG1VD', 'ADSH', 'BMVG2VX', 'BM0', 'MRVG4VDVAD1NF', 'BMVS0N', 'BMVG5VS0P', 'MRVQN0', 'MRVG2VD', 'MRVQN1'}
| | | | | | | | | | | | | | +-- , 38 , {40} , {'MRVG1VD', 'BMVS0N', 'MRVG2VD', 'MRVQN1', 'MRVG1VDVAD2NF', 'ADSH', 'MRVSHLDN', 'BM0', 'MRVG4VDVAD1NF', 'BMVG5VS0P'}
| | | | | | | | | | | | | | | +-- , 40 , {42} , {'MRVG1VD', 'MRVG4VDVAD2NF', 'MRVG1VDVAD1NF', 'BMVS0N', 'MRVG2VD', 'MRVQN1', 'MRVG1VDVAD2NF', 'ADSH', 'MRVSHLDN', 'MRVG4VDVAD1NF', 'BMVG5VS0P', 'MRVG4VD'}
| | | | | | | | | | | | | | | | +-- , 42 , {44} , {'P1', 'MRVG4VDVAD2NF', 'MRVG1VDVAD1NF', 'BMVS0N', 'MRVG2VD', 'MRVQN1', 'BM3', 'ADSH', 'MRVSHLDN', 'BMVG5VS0P', 'MRVG4VD'}
| | | | | | | | | | | | | | | | | +-- , 44 , {46} , {'P1', 'MRVQN3', 'BM3', 'ADSH', 'MRVSHLDN', 'BMVS0N', 'BMVG5VS0P', 'MRVG2VD', 'MRVG4VD'}
| | | | | | | | | | | | | | | | | | +-- , 46 , {48, 70} , {'P1', 'MRVQN3', 'BM3', 'ADSH', 'MRVSHLDN', 'P3', 'BMVS0N', 'BMVG5VS0P', 'MRVG2VD'}
| | | | | | | | | | | | | | | | | | | +-- , 48 , {50} , {'P1', 'ADSH', 'MRVSHLDN', 'P3', 'BMVS0N', 'MRVG2VD', 'BMVG3VG1VAD1NF'}
| | | | | | | | | | | | | | | | | | | | +-- , 50 , {64, 52} , {'MRVG3VDVAD1NF', 'MRVG2VDVAD1NF', 'ADSH', 'BM1', 'MRVSHLDN', 'P3', 'MRVG2VDVAD2NF', 'BMVS0N', 'MRVG2VD', 'BMVG3VG1VAD1NF'}
| | | | | | | | | | | | | | | | | | | | | +-- , 64 , {66} , {'BMVS0N', 'BMVG3VG1VAD1NF', 'BM1', 'BMVG3VX'}
| | | | | | | | | | | | | | | | | | | | | | +-- , 66 , {68} , {'BMVG3VG1VAD2NF', 'BMVS0N', 'BMVG3VS0P', 'BMVG3VG1VAD1NF', 'BMVG3VX'}
| | | | | | | | | | | | | | | | | | | | | | | +-- , 68 , set() , {'BMVG3VG1VAD2NF', 'BMVG3VS0P', 'B1'}
| | | | | | | | | | | | | | | | | | | | | +-- , 52 , {54, 62} , {'MRVG3VDVAD2NF', 'MRVG3VDVAD1NF', 'MRVG2VDVAD1NF', 'P2', 'MRVG3VD', 'MRVSHLDN', 'ADSH', 'BMVS0N'}
| | | | | | | | | | | | | | | | | | | | | | +-- , 54 , {56} , {'MRVG3VDVAD2NF', 'P2', 'BMVG4VG1VAD1NF', 'MRVSHLDN', 'BMVS0N', 'BM2'}
| | | | | | | | | | | | | | | | | | | | | | | +-- , 56 , {58} , {'BMVS0N', 'BM2', 'BMVG4VG1VAD1NF', 'BMVG4VX'}
| | | | | | | | | | | | | | | | | | | | | | | | +-- , 58 , {60} , {'BMVS0N', 'BMVG4VS0P', 'BMVG4VX', 'BMVG4VG1VAD1NF', 'BMVG4VG1VAD2NF'}
| | | | | | | | | | | | | | | | | | | | | | | | | +-- , 60 , set() , {'BMVG4VG1VAD2NF', 'B2', 'BMVG4VS0P'}
| | | | | | | | | | | | | | | | | | | | | | +-- , 62 , set() , {'P2', 'MRVQN2', 'MRVG3VD'}
| | | | | | | | | | | | | | | | | | | +-- , 70 , {72} , {'BM3', 'P3', 'BMVS0N', 'BMVG5VS0P', 'BMVG5VG1VAD1NF'}
| | | | | | | | | | | | | | | | | | | | +-- , 72 , set() , {'BM3', 'BMVG5VG1VAD2NF', 'BMVG5VX', 'BMVG5VG1VAD1NF', 'BMVG5VS0P', 'B3'}
| | | | | | | | | +-- , 74 , {77} , {'START', 'CNTVG2VZ', 'CT1', 'CNTVG2VD', 'CNTVG2VZ1', 'CNTVG2VD1'}
| | | | | | | | | | +-- , 77 , set() , {'CNTVG2VG2VOR1NF', 'CNTVG2VZ', 'CT1', 'CNTVG2VZ1', 'CNTVG2VD1'}
| | | | | | | | | +-- , 79 , set() , {'READY', 'CT0', 'CNTVG1VZ1', 'CNTVG1VZ', 'CNTVG1VD1'}
| | | | | | | +-- , 83 , {85} , {'CNTVG3VZ', 'CT0', 'START', 'CT2', 'CT1', 'CNTVG3VD'}
| | | | | | | | +-- , 85 , {87} , {'CNTVG3VZ', 'CNTVG3VZ1', 'CNTVG3VG2VOR1NF', 'CT0', 'CT2', 'CT1'}
| | | | | | | | | +-- , 87 , {89, 93, 95} , {'CNTVG3VZ1', 'CNTVG3VG2VOR1NF', 'CNTVCON1', 'CT0', 'CT1', 'CT2'}
| | | | | | | | | | +-- , 89 , {91} , {'CT1', 'CNTVCON1', 'CNTVCO0', 'CT0'}
| | | | | | | | | | | +-- , 91 , set() , {'CNTVG1VQN', 'CT0', 'CNTVCO0'}
| | | | | | | | | | +-- , 93 , set() , {'CNTVCO2', 'CNTVG3VQN', 'CNTVCON1', 'CT2'}
| | | | | | | | | | +-- , 95 , set() , {'CNTVG3VZ1', 'CNTVG3VG2VOR1NF', 'CNTVCON1', 'CNTVG3VD1', 'CT2'}
| | | | +-- , 106 , {108} , {'AM3', 'AMVG5VG1VAD1NF', 'AX3', 'AMVG5VX', 'AMVS0N'}
| | | | | +-- , 108 , {110} , {'AMVG5VG1VAD1NF', 'AMVG5VG1VAD2NF', 'AMVG5VX', 'AMVS0N'}
| | | | | | +-- , 110 , set() , {'AMVG5VS0P', 'AMVG5VG1VAD2NF', 'A3', 'AMVS0N'}
| | | | +-- , 112 , {114} , {'AMVG2VS0P', 'AX0', 'AMVG2VG1VAD1NF', 'AMVS0N'}
| | | | | +-- , 114 , {116} , {'AMVG2VS0P', 'AX0', 'AMVG2VG1VAD1NF', 'A0', 'AMVG2VG1VAD2NF'}
| | | | | | +-- , 116 , {118} , {'AX0', 'AMVG2VG1VAD1NF', 'AMVG2VX', 'AMVG2VG1VAD2NF'}
| | | | | | | +-- , 118 , set() , {'AM0', 'AX0', 'AMVG2VX'}
| | | | +-- , 120 , {122} , {'AM2', 'AX2', 'AMVG4VG1VAD1NF', 'AMVS0N'}
| | | | | +-- , 122 , {124} , {'AMVS0N', 'AM2', 'AMVG4VG1VAD1NF', 'AMVG4VX'}
| | | | | | +-- , 124 , {126} , {'AMVS0N', 'AMVG4VS0P', 'AMVG4VG1VAD2NF', 'AMVG4VG1VAD1NF', 'AMVG4VX'}
| | | | | | | +-- , 126 , set() , {'AMVG4VS0P', 'A2', 'AMVG4VG1VAD2NF'}


Max number of edges with non zero Y: 102
Max number of iterations of outer rounding loop: 7
Max number of candidate sets: 2
Time spent rounding: 38.393
Time spent solving Separator LP: 0.238
Total time spent solving: 51.677

LP Solver: gammaPlusFractionalCoverHeuristic
Lower Bound Witness = ({'P1', 'AD1', 'ADDVG3VCNVAD3NF', 'BMVG5VG1VAD1NF', 'ADDVG3VCNVAD1NF', 'MRVG1VDVAD1NF', 'READYN', 'AD1N', 'ADDVG4VSN', 'ADDVC3', 'SMVG4VG1VAD1NF', 'SMVG3VG1VAD2NF', 'AM2', 'AMVG4VX', 'AMVG5VG1VAD2NF', 'MRVQN2', 'ADDVG4VCNVOR1NF', 'CNTVG2VD1', 'SMVG2VX', 'MRVG4VD', 'AMVG4VS0P', 'ADDVG4VCN', 'P4', 'BMVG4VX', 'CNTVG2VG2VOR1NF', 'MRVG2VDVAD1NF', 'CNTVG1VZ1', 'SMVG4VS0P', 'ADDVG4VCNVAD3NF', 'CT2', 'ACVG3VD1', 'AD3', 'MRVQN1', 'ADDVG2VCNVAD4NF', 'INIT', 'MRVG1VDVAD2NF', 'A2', 'BMVG2VG1VAD2NF', 'ADDVG2VCNVOR1NF', 'ADDVG1VCN', 'MRVSHLDN', 'A3', 'BMVG2VX', 'ADDVG3VCNVOR2NF', 'AMVG5VG1VAD1NF', 'ADDVC1', 'CNTVG1VZ', 'P0', 'ACVPCN', 'BMVG3VG1VAD1NF', 'ADDVG3VSN', 'CT0', 'ACVQN1', 'BMVS0N', 'MRVQN0', 'AX2', 'SMVG2VG1VAD1NF', 'CNTVG1VD1', 'MRVG3VDVAD2NF', 'BMVG5VG1VAD2NF', 'AMVG3VG1VAD1NF', 'AMVG3VS0P', 'ACVG4VD1', 'ADDVG4VCNVAD2NF', 'AMVG3VX', 'CNTVCON0', 'AD0N', 'CNTVG1VD', 'ADDVG2VCNVAD3NF', 'CNTVCO1', 'AMVG4VG1VAD1NF', 'SMVS0N', 'CNTVG3VQN', 'SM3', 'CO', 'CNTVG2VD', 'BM2', 'ADDVG1VP', 'ADDVG4VCNVAD4NF', 'CT1N', 'SMVG2VG1VAD2NF', 'ACVQN3', 'AM1', 'ADSH', 'P2', 'CNTVCO2', 'AMVG2VS0P', 'BM0', 'P3', 'CNTVCON2', 'SMVG4VG1VAD2NF', 'ADDVG2VSN', 'BMVG5VX', 'MRVG1VD', 'ADDVG2VCNVOR2NF', 'BMVG4VG1VAD1NF', 'CNTVG2VQN', 'MRVG4VDVAD2NF', 'AD2', 'ADDVG2VCN', 'P6', 'ADDVC2', 'S0', 'AMVG3VG1VAD2NF', 'AM3', 'CNTVG3VZ1', 'SMVG5VS0P', 'AMVG2VX', 'SMVG3VX', 'START', 'BM1', 'ADDVG4VCNVOR2NF', 'ADDVG3VCN', 'AM0', 'CT1', 'BMVG5VS0P', 'AMVG4VG1VAD2NF', 'AX3', 'A1', 'S2', 'BMVG3VX', 'CNTVG3VZ', 'ADDVG3VCNVOR1NF', 'SM0', 'MRVQN3', 'CNTVG3VG2VOR1NF', 'CNTVCON1', 'AD3N', 'ACVG1VD1', 'AX0', 'SMVG3VS0P', 'A0', 'B2', 'B3', 'SMVG2VS0P', 'SMVG4VX', 'AMVG5VX', 'B1', 'CNTVCO0', 'BMVG2VG1VAD1NF', 'P5', 'MRVG3VDVAD1NF', 'SMVG5VX', 'MRVG3VD', 'SM1', 'MRVG2VDVAD2NF', 'CNTVG2VZ1', 'CNTVG1VQN', 'SMVG3VG1VAD1NF', 'BMVG3VS0P', 'ADDVG2VCNVAD2NF', 'AD2N', 'ADDVG3VCNVAD2NF', 'BM3', 'ADDVG2VCNVAD1NF', 'READY', 'CNTVG2VZ', 'BMVG2VS0P', 'ACVQN2', 'ADDVG1VPVOR1NF', 'AX1', 'BMVG3VG1VAD2NF', 'SM2', 'BMVG4VS0P', 'AMVG5VS0P', 'CNTVG3VD1', 'BMVG4VG1VAD2NF', 'MRVG2VD', 'ADDVG4VCNVAD1NF', 'AMVS0N', 'CNTVG3VD', 'ADDVG3VCNVAD4NF', 'AD0', 'S1', 'AMVG2VG1VAD1NF', 'SMVG5VG1VAD1NF', 'ACVQN0', 'B0', 'MRVG4VDVAD1NF', 'ACVG2VD1', 'S3', 'AMVG2VG1VAD2NF', 'P7', 'SMVG5VG1VAD2NF'}, {'SM0', 'BMVG4VS0P', 'ADDVG3VCNVAD3NF', 'AX2', 'ADDVG2VCNVAD4NF'})