98, 3.9999990781969474, 5.5, 6
+-- , 0 , {3, 196, 88} , {'START', 'ADSH', 'ACVPCN', 'AX2', 'S0', 'P0', 'AMVS0N'}
| +-- , 3 , {34, 5} , {'BMVG2VG1VAD1NF', 'START', 'ADSH', 'MRVG4VDVAD1NF', 'BMVS0N', 'CNTVG1VZ', 'CNTVG1VD', 'S0', 'P0', 'AMVS0N'}
| | +-- , 34 , {82, 36} , {'BMVG2VG1VAD1NF', 'ADSH', 'BM0', 'BMVS0N', 'MRVG4VDVAD1NF', 'P0'}
| | | +-- , 82 , {84} , {'BM0', 'BMVS0N', 'BMVG2VG1VAD1NF', 'BMVG2VX'}
| | | | +-- , 84 , {86} , {'BMVG2VG1VAD1NF', 'BMVS0N', 'BMVG2VS0P', 'BMVG2VG1VAD2NF', 'BMVG2VX'}
| | | | | +-- , 86 , set() , {'B0', 'BMVG2VG1VAD2NF', 'BMVG2VS0P'}
| | | +-- , 36 , {38} , {'MRVG1VDVAD2NF', 'ADSH', 'MRVSHLDN', 'BM0', 'MRVG4VDVAD1NF', 'BMVS0N', 'P0'}
| | | | +-- , 38 , {40, 78} , {'MRVG1VDVAD2NF', 'ADSH', 'MRVSHLDN', 'MRVG4VDVAD2NF', 'MRVG1VDVAD1NF', 'BMVS0N', 'MRVG4VDVAD1NF', 'P0'}
| | | | | +-- , 40 , {42} , {'ADSH', 'MRVSHLDN', 'MRVG1VDVAD1NF', 'MRVG4VDVAD2NF', 'BMVS0N', 'MRVG4VDVAD1NF', 'MRVG4VD'}
| | | | | | +-- , 42 , {44} , {'P1', 'MRVQN3', 'BM3', 'ADSH', 'MRVSHLDN', 'MRVG4VDVAD2NF', 'MRVG1VDVAD1NF', 'BMVS0N', 'MRVG4VD', 'BMVG3VG1VAD1NF'}
| | | | | | | +-- , 44 , {72, 58, 46} , {'P1', 'MRVQN3', 'BM3', 'MRVG2VDVAD1NF', 'P2', 'ADSH', 'MRVSHLDN', 'P3', 'BMVS0N', 'BMVG3VG1VAD1NF'}
| | | | | | | | +-- , 72 , {74} , {'BM3', 'P3', 'BMVG5VX', 'BMVS0N', 'BMVG5VG1VAD1NF'}
| | | | | | | | | +-- , 74 , {76} , {'BMVG5VG1VAD2NF', 'BMVG5VX', 'BMVG5VS0P', 'BMVS0N', 'BMVG5VG1VAD1NF'}
| | | | | | | | | | +-- , 76 , set() , {'BMVG5VG1VAD2NF', 'BMVG5VS0P', 'B3'}
| | | | | | | | +-- , 58 , {60} , {'MRVG3VDVAD1NF', 'P2', 'BMVG4VG1VAD1NF', 'MRVSHLDN', 'ADSH', 'P3', 'BMVS0N'}
| | | | | | | | | +-- , 60 , {62, 70} , {'MRVG3VDVAD2NF', 'MRVG3VDVAD1NF', 'P2', 'MRVG3VD', 'MRVSHLDN', 'BMVG4VG1VAD1NF', 'BMVS0N'}
| | | | | | | | | | +-- , 62 , {64} , {'MRVG3VDVAD2NF', 'BMVS0N', 'BM2', 'BMVG4VG1VAD1NF', 'MRVSHLDN'}
| | | | | | | | | | | +-- , 64 , {66} , {'BMVS0N', 'BM2', 'BMVG4VG1VAD1NF', 'BMVG4VX'}
| | | | | | | | | | | | +-- , 66 , {68} , {'BMVS0N', 'BMVG4VS0P', 'BMVG4VX', 'BMVG4VG1VAD1NF', 'BMVG4VG1VAD2NF'}
| | | | | | | | | | | | | +-- , 68 , set() , {'BMVG4VG1VAD2NF', 'B2', 'BMVG4VS0P'}
| | | | | | | | | | +-- , 70 , set() , {'P2', 'MRVQN2', 'MRVG3VD'}
| | | | | | | | +-- , 46 , {56, 48} , {'P1', 'MRVG2VDVAD1NF', 'MRVSHLDN', 'MRVG2VDVAD2NF', 'BMVS0N', 'MRVG2VD', 'BMVG3VG1VAD1NF'}
| | | | | | | | | +-- , 56 , set() , {'P1', 'MRVG2VD', 'MRVQN1'}
| | | | | | | | | +-- , 48 , {50} , {'MRVG2VDVAD2NF', 'BMVS0N', 'BM1', 'MRVSHLDN', 'BMVG3VG1VAD1NF'}
| | | | | | | | | | +-- , 50 , {52} , {'BMVS0N', 'BMVG3VG1VAD1NF', 'BM1', 'BMVG3VX'}
| | | | | | | | | | | +-- , 52 , {54} , {'BMVG3VG1VAD2NF', 'BMVS0N', 'BMVG3VS0P', 'BMVG3VG1VAD1NF', 'BMVG3VX'}
| | | | | | | | | | | | +-- , 54 , set() , {'BMVG3VG1VAD2NF', 'BMVG3VS0P', 'B1'}
| | | | | +-- , 78 , {80} , {'MRVG1VDVAD2NF', 'MRVG1VD', 'P0', 'MRVG1VDVAD1NF'}
| | | | | | +-- , 80 , set() , {'MRVQN0', 'P0', 'MRVG1VD'}
| | +-- , 5 , {7} , {'INIT', 'READY', 'START', 'ADSH', 'READYN', 'BMVS0N', 'CNTVG1VZ', 'CNTVG1VD', 'AMVS0N'}
| | | +-- , 7 , {32, 9} , {'INIT', 'CT1N', 'READY', 'CT0', 'START', 'READYN', 'CT2', 'CNTVG1VZ', 'CNTVG1VD'}
| | | | +-- , 32 , set() , {'READY', 'CT0', 'CNTVG1VZ1', 'CNTVG1VZ', 'CNTVG1VD1'}
| | | | +-- , 9 , {26, 12} , {'INIT', 'CT1N', 'READY', 'CT0', 'START', 'CNTVG2VZ', 'CT2', 'CNTVG2VD', 'CT1'}
| | | | | +-- , 26 , {28} , {'READY', 'CT0', 'CNTVG2VG2VOR1NF', 'CNTVG2VZ', 'CNTVCON0', 'CT1', 'CT2', 'CNTVG2VZ1', 'CNTVG2VD1'}
| | | | | | +-- , 28 , {30} , {'CNTVCON0', 'CT2', 'CT1', 'CNTVCO1', 'CNTVG2VQN'}
| | | | | | | +-- , 30 , set() , {'CNTVCON2', 'CNTVCO1', 'CT2'}
| | | | | +-- , 12 , {14} , {'CNTVG3VZ', 'CT0', 'START', 'CT2', 'CT1', 'CNTVG3VD'}
| | | | | | +-- , 14 , {16} , {'CNTVG3VZ', 'CNTVG3VZ1', 'CNTVG3VG2VOR1NF', 'CT0', 'CT2', 'CT1'}
| | | | | | | +-- , 16 , {18} , {'CNTVG3VZ1', 'CNTVG3VG2VOR1NF', 'CT0', 'CNTVG3VD1', 'CT1', 'CT2'}
| | | | | | | | +-- , 18 , {20, 22} , {'CNTVCON1', 'CT2', 'CT1', 'CT0', 'CNTVG3VD1'}
| | | | | | | | | +-- , 20 , set() , {'CNTVCO2', 'CNTVG3VQN', 'CNTVCON1', 'CT2'}
| | | | | | | | | +-- , 22 , {24} , {'CT1', 'CNTVCON1', 'CNTVCO0', 'CT0'}
| | | | | | | | | | +-- , 24 , set() , {'CT0', 'CNTVG1VQN', 'CNTVCO0'}
| +-- , 196 , {201, 199} , {'AMVG4VG1VAD2NF', 'AX2', 'AMVG4VG1VAD1NF', 'AMVS0N'}
| | +-- , 201 , set() , {'AM2', 'AMVG4VX', 'AMVG4VG1VAD2NF', 'AX2', 'AMVG4VG1VAD1NF'}
| | +-- , 199 , set() , {'AMVG4VS0P', 'A2', 'AMVS0N', 'AMVG4VG1VAD2NF'}
| +-- , 88 , {187, 90} , {'AX1', 'ADSH', 'SM1', 'AD1N', 'ACVPCN', 'ACVG2VD1', 'AX2', 'S0', 'P0', 'AMVS0N'}
| | +-- , 187 , {192, 190} , {'AX1', 'AMVG3VG1VAD2NF', 'AMVG3VG1VAD1NF', 'AMVS0N'}
| | | +-- , 192 , {194} , {'AX1', 'AMVG3VG1VAD2NF', 'AMVG3VG1VAD1NF', 'AMVG3VX'}
| | | | +-- , 194 , set() , {'AX1', 'AMVG3VX', 'AM1'}
| | | +-- , 190 , set() , {'AMVG3VG1VAD2NF', 'AMVG3VS0P', 'AMVS0N', 'A1'}
| | +-- , 90 , {96, 177, 92} , {'P4', 'SM1', 'AD1N', 'AX2', 'S0', 'AMVS0N', 'AD0', 'ADSH', 'ADDVG1VCN', 'ACVG2VD1', 'P0', 'ACVPCN'}
| | | +-- , 96 , {98} , {'P4', 'SM1', 'AD1N', 'AX2', 'AMVS0N', 'ADSH', 'ADDVG1VCN', 'ACVG2VD1', 'P0', 'ACVPCN', 'SMVS0N'}
| | | | +-- , 98 , {101} , {'P4', 'SM1', 'AD1N', 'AX2', 'AMVS0N', 'SMVG2VG1VAD1NF', 'ADDVG1VCN', 'ADDVC1', 'ACVG2VD1', 'P0', 'ACVPCN', 'SMVS0N'}
| | | | | +-- , 101 , {103, 175} , {'AD1', 'P5', 'P4', 'ADDVG2VCNVOR2NF', 'SM1', 'AD1N', 'AX2', 'AMVS0N', 'SMVG2VG1VAD1NF', 'ADDVC1', 'ACVG2VD1', 'P0', 'ACVPCN', 'SMVS0N'}
| | | | | | +-- , 103 , {105, 167} , {'AD1', 'P5', 'P4', 'ADDVG2VCNVOR2NF', 'SM1', 'AMVG5VG1VAD1NF', 'ADDVC1', 'AX3', 'SMVS0N', 'ACVPCN', 'AX2', 'P0', 'AMVS0N', 'SMVG2VG1VAD1NF', 'AD2N'}
| | | | | | | +-- , 105 , {107} , {'AD1', 'P5', 'P4', 'ADDVG2VCNVOR2NF', 'AD3N', 'SM1', 'SMVG2VG1VAD1NF', 'AD2N', 'ADDVC1', 'AX3', 'P0', 'ACVPCN', 'SMVS0N'}
| | | | | | | | +-- , 107 , {109} , {'AD1', 'P5', 'P4', 'ADDVG2VCNVOR2NF', 'AD3N', 'SM1', 'AD2', 'AD3', 'SMVG2VG1VAD1NF', 'AD2N', 'ADDVC1', 'ACVPCN', 'SMVS0N'}
| | | | | | | | | +-- , 109 , {112, 151} , {'ADDVG3VCNVOR1NF', 'AD1', 'P5', 'P4', 'ADDVG2VCNVOR2NF', 'SM1', 'AD2', 'P6', 'ADDVG4VCNVAD1NF', 'ADDVC2', 'AD3', 'SMVG2VG1VAD1NF', 'ADDVC1', 'ACVPCN', 'P7', 'SMVS0N'}
| | | | | | | | | | +-- , 112 , {114} , {'ADDVG3VCNVOR1NF', 'P5', 'SM1', 'AD2', 'P6', 'SMVG3VG1VAD1NF', 'ADDVG4VCNVAD1NF', 'ADDVC2', 'AD3', 'ACVPCN', 'P7', 'SMVS0N'}
| | | | | | | | | | | +-- , 114 , {117} , {'ADDVG3VCNVOR1NF', 'SM1', 'AD2', 'P7', 'P6', 'SMVG3VG1VAD1NF', 'ADDVG4VCNVAD1NF', 'ADDVC2', 'AD3', 'ADDVG3VCNVAD2NF', 'ADDVG3VCNVOR2NF', 'ACVPCN', 'SMVS0N'}
| | | | | | | | | | | | +-- , 117 , {119, 143} , {'SM1', 'ADDVG3VCNVAD1NF', 'AD2', 'P6', 'SMVG3VG1VAD1NF', 'ADDVG4VCNVAD1NF', 'ADDVC2', 'AD3', 'ADDVG3VCNVAD2NF', 'ADDVG3VCN', 'ADDVG3VCNVOR2NF', 'ACVPCN', 'P7', 'SMVS0N'}
| | | | | | | | | | | | | +-- , 119 , {121, 141} , {'SMVG4VG1VAD1NF', 'SM2', 'ACVG3VD1', 'AD3', 'ADDVG3VCN', 'P7', 'P6', 'ADDVG4VCNVAD1NF', 'ACVPCN', 'SMVS0N'}
| | | | | | | | | | | | | | +-- , 121 , {123} , {'ADDVC3', 'SMVG4VG1VAD1NF', 'SM2', 'AD3', 'ADDVG3VCN', 'P7', 'ADDVG4VCNVAD1NF', 'ACVPCN', 'SMVS0N'}
| | | | | | | | | | | | | | | +-- , 123 , {125} , {'SM2', 'ADDVG4VCNVAD1NF', 'AD3', 'ADDVC3', 'SMVG4VG1VAD1NF', 'ADDVG4VCNVAD2NF', 'ADDVG4VCNVOR1NF', 'ACVPCN', 'P7', 'SMVS0N'}
| | | | | | | | | | | | | | | | +-- , 125 , {127, 135} , {'ADDVC3', 'SM2', 'SMVG4VG1VAD1NF', 'ADDVG4VCN', 'ADDVG4VCNVOR2NF', 'ADDVG4VCNVAD2NF', 'P7', 'ACVPCN', 'ADDVG4VCNVAD1NF', 'AD3', 'SMVS0N'}
| | | | | | | | | | | | | | | | | +-- , 127 , {129} , {'ADDVG4VCN', 'SMVG5VG1VAD1NF', 'CO', 'ACVPCN', 'P7', 'SMVS0N'}
| | | | | | | | | | | | | | | | | | +-- , 129 , {131, 133} , {'SMVG5VS0P', 'ACVG4VD1', 'SM3', 'SMVG5VG1VAD1NF', 'CO', 'P7', 'ACVPCN', 'SMVG5VG1VAD2NF', 'SMVS0N'}
| | | | | | | | | | | | | | | | | | | +-- , 131 , set() , {'ACVG4VD1', 'P7', 'ACVQN3'}
| | | | | | | | | | | | | | | | | | | +-- , 133 , set() , {'SMVG5VX', 'SM3', 'SMVG5VG1VAD1NF', 'SMVG5VG1VAD2NF'}
| | | | | | | | | | | | | | | | | +-- , 135 , {137} , {'ADDVG4VCNVAD4NF', 'ADDVC3', 'SMVG4VG1VAD1NF', 'SM2', 'ADDVG4VCN', 'AD3', 'SMVG4VX', 'ADDVG4VCNVOR2NF', 'ADDVG4VCNVAD3NF', 'P7', 'SMVS0N'}
| | | | | | | | | | | | | | | | | | +-- , 137 , {139} , {'SMVG4VG1VAD2NF', 'ADDVG4VCNVAD4NF', 'SMVG4VG1VAD1NF', 'SMVG4VX', 'ADDVG4VCNVAD3NF', 'ADDVG4VSN', 'SMVS0N'}
| | | | | | | | | | | | | | | | | | | +-- , 139 , set() , {'SMVG4VG1VAD2NF', 'SMVG4VS0P', 'ADDVG4VSN', 'S3', 'SMVS0N'}
| | | | | | | | | | | | | | +-- , 141 , set() , {'ACVQN2', 'P6', 'ACVG3VD1'}
| | | | | | | | | | | | | +-- , 143 , {145} , {'ADDVG3VCNVAD4NF', 'SMVG3VX', 'ADDVG3VCNVAD3NF', 'SM1', 'ADDVG3VCN', 'ADDVG3VCNVOR2NF', 'AD2', 'P6', 'SMVG3VG1VAD1NF', 'ADDVC2', 'SMVS0N'}
| | | | | | | | | | | | | | +-- , 145 , {147} , {'ADDVG3VCNVAD4NF', 'ADDVG3VSN', 'SMVG3VX', 'ADDVG3VCNVAD3NF', 'SMVG3VG1VAD1NF', 'SMVS0N'}
| | | | | | | | | | | | | | | +-- , 147 , {149} , {'ADDVG3VSN', 'SMVG3VG1VAD2NF', 'SMVG3VX', 'SMVG3VG1VAD1NF', 'S2', 'SMVS0N'}
| | | | | | | | | | | | | | | | +-- , 149 , set() , {'SMVG3VS0P', 'S2', 'SMVG3VG1VAD2NF', 'SMVS0N'}
| | | | | | | | | | +-- , 151 , {153, 165} , {'SM0', 'AD1', 'P5', 'P4', 'ADDVG2VCNVOR2NF', 'ACVG1VD1', 'ADDVC1', 'ADDVC2', 'ACVPCN', 'SMVG2VG1VAD1NF', 'SMVS0N'}
| | | | | | | | | | | +-- , 153 , {161, 155} , {'SM0', 'AD1', 'P5', 'ADDVG2VCNVOR2NF', 'ADDVC1', 'ADDVG2VCN', 'ADDVC2', 'SMVG2VG1VAD1NF', 'SMVS0N'}
| | | | | | | | | | | | +-- , 161 , {163} , {'AD1', 'ADDVG2VCNVAD1NF', 'P5', 'ADDVC1', 'ADDVG2VCN', 'ADDVG2VCNVAD2NF'}
| | | | | | | | | | | | | +-- , 163 , set() , {'AD1', 'P5', 'ADDVG2VCNVOR1NF', 'ADDVC1', 'ADDVG2VCNVAD2NF'}
| | | | | | | | | | | | +-- , 155 , {157} , {'SM0', 'AD1', 'P5', 'ADDVG2VCNVOR2NF', 'SMVG2VG1VAD1NF', 'ADDVC1', 'ADDVG2VCN', 'SMVG2VX', 'ADDVG2VCNVAD3NF', 'ADDVG2VCNVAD4NF', 'SMVS0N'}
| | | | | | | | | | | | | +-- , 157 , {159} , {'SMVG2VG1VAD2NF', 'ADDVG2VSN', 'SMVG2VG1VAD1NF', 'SMVG2VX', 'ADDVG2VCNVAD3NF', 'ADDVG2VCNVAD4NF', 'SMVS0N'}
| | | | | | | | | | | | | | +-- , 159 , set() , {'SMVG2VG1VAD2NF', 'ADDVG2VSN', 'S1', 'SMVG2VS0P', 'SMVS0N'}
| | | | | | | | | | | +-- , 165 , set() , {'P4', 'ACVQN0', 'ACVG1VD1'}
| | | | | | | +-- , 167 , {169} , {'AMVG5VG1VAD1NF', 'AX3', 'AMVG5VS0P', 'AMVS0N'}
| | | | | | | | +-- , 169 , {171} , {'AMVG5VG1VAD1NF', 'AMVG5VG1VAD2NF', 'AX3', 'AMVG5VS0P', 'A3'}
| | | | | | | | | +-- , 171 , {173} , {'AMVG5VG1VAD1NF', 'AMVG5VG1VAD2NF', 'AX3', 'AMVG5VX'}
| | | | | | | | | | +-- , 173 , set() , {'AX3', 'AM3', 'AMVG5VX'}
| | | | | | +-- , 175 , set() , {'ACVQN1', 'P5', 'ACVG2VD1'}
| | | +-- , 177 , {179} , {'AD0', 'AMVG2VG1VAD1NF', 'AD0N', 'AX0', 'P0', 'AMVS0N'}
| | | | +-- , 179 , {185, 181} , {'AX0', 'AMVG2VG1VAD1NF', 'AMVG2VG1VAD2NF', 'AMVS0N'}
| | | | | +-- , 185 , set() , {'AMVG2VS0P', 'AMVG2VG1VAD2NF', 'AMVS0N', 'A0'}
| | | | | +-- , 181 , {183} , {'AX0', 'AMVG2VG1VAD1NF', 'AMVG2VX', 'AMVG2VG1VAD2NF'}
| | | | | | +-- , 183 , set() , {'AM0', 'AX0', 'AMVG2VX'}
| | | +-- , 92 , {94} , {'AD0', 'P4', 'ADDVG1VCN', 'S0', 'ADDVG1VP'}
| | | | +-- , 94 , set() , {'ADDVG1VPVOR1NF', 'AD0', 'P4', 'ADDVG1VCN', 'ADDVG1VP'}


Max number of edges with non zero Y: 4
Max number of iterations of outer rounding loop: 0
Max number of candidate sets: 0
Time spent rounding: 0.000
Time spent solving Separator LP: 22.292
Total time spent solving: 26.373

LP Solver: GaifmanNormalILP
Lower Bound Witness = ({'P1', 'AD1', 'ADDVG3VCNVAD3NF', 'BMVG5VG1VAD1NF', 'ADDVG3VCNVAD1NF', 'MRVG1VDVAD1NF', 'READYN', 'AD1N', 'ADDVG4VSN', 'ADDVC3', 'SMVG4VG1VAD1NF', 'SMVG3VG1VAD2NF', 'AM2', 'AMVG4VX', 'AMVG5VG1VAD2NF', 'MRVQN2', 'ADDVG4VCNVOR1NF', 'CNTVG2VD1', 'SMVG2VX', 'MRVG4VD', 'AMVG4VS0P', 'ADDVG4VCN', 'P4', 'BMVG4VX', 'CNTVG2VG2VOR1NF', 'MRVG2VDVAD1NF', 'CNTVG1VZ1', 'SMVG4VS0P', 'ADDVG4VCNVAD3NF', 'CT2', 'ACVG3VD1', 'AD3', 'MRVQN1', 'ADDVG2VCNVAD4NF', 'INIT', 'MRVG1VDVAD2NF', 'A2', 'BMVG2VG1VAD2NF', 'ADDVG2VCNVOR1NF', 'ADDVG1VCN', 'MRVSHLDN', 'A3', 'BMVG2VX', 'ADDVG3VCNVOR2NF', 'AMVG5VG1VAD1NF', 'ADDVC1', 'CNTVG1VZ', 'P0', 'ACVPCN', 'BMVG3VG1VAD1NF', 'ADDVG3VSN', 'CT0', 'ACVQN1', 'BMVS0N', 'MRVQN0', 'AX2', 'SMVG2VG1VAD1NF', 'CNTVG1VD1', 'MRVG3VDVAD2NF', 'BMVG5VG1VAD2NF', 'AMVG3VG1VAD1NF', 'AMVG3VS0P', 'ACVG4VD1', 'ADDVG4VCNVAD2NF', 'AMVG3VX', 'CNTVCON0', 'AD0N', 'CNTVG1VD', 'ADDVG2VCNVAD3NF', 'CNTVCO1', 'AMVG4VG1VAD1NF', 'SMVS0N', 'CNTVG3VQN', 'SM3', 'CO', 'CNTVG2VD', 'BM2', 'ADDVG1VP', 'ADDVG4VCNVAD4NF', 'CT1N', 'SMVG2VG1VAD2NF', 'ACVQN3', 'AM1', 'ADSH', 'P2', 'CNTVCO2', 'AMVG2VS0P', 'BM0', 'P3', 'CNTVCON2', 'SMVG4VG1VAD2NF', 'ADDVG2VSN', 'BMVG5VX', 'MRVG1VD', 'ADDVG2VCNVOR2NF', 'BMVG4VG1VAD1NF', 'CNTVG2VQN', 'MRVG4VDVAD2NF', 'AD2', 'ADDVG2VCN', 'P6', 'ADDVC2', 'S0', 'AMVG3VG1VAD2NF', 'AM3', 'CNTVG3VZ1', 'SMVG5VS0P', 'AMVG2VX', 'SMVG3VX', 'START', 'BM1', 'ADDVG4VCNVOR2NF', 'ADDVG3VCN', 'AM0', 'CT1', 'BMVG5VS0P', 'AMVG4VG1VAD2NF', 'AX3', 'A1', 'S2', 'BMVG3VX', 'CNTVG3VZ', 'ADDVG3VCNVOR1NF', 'SM0', 'MRVQN3', 'CNTVG3VG2VOR1NF', 'CNTVCON1', 'AD3N', 'ACVG1VD1', 'AX0', 'SMVG3VS0P', 'A0', 'B2', 'B3', 'SMVG2VS0P', 'SMVG4VX', 'AMVG5VX', 'B1', 'CNTVCO0', 'BMVG2VG1VAD1NF', 'P5', 'MRVG3VDVAD1NF', 'SMVG5VX', 'MRVG3VD', 'SM1', 'MRVG2VDVAD2NF', 'CNTVG2VZ1', 'CNTVG1VQN', 'SMVG3VG1VAD1NF', 'BMVG3VS0P', 'ADDVG2VCNVAD2NF', 'AD2N', 'ADDVG3VCNVAD2NF', 'BM3', 'ADDVG2VCNVAD1NF', 'READY', 'CNTVG2VZ', 'BMVG2VS0P', 'ACVQN2', 'ADDVG1VPVOR1NF', 'AX1', 'BMVG3VG1VAD2NF', 'SM2', 'BMVG4VS0P', 'AMVG5VS0P', 'CNTVG3VD1', 'BMVG4VG1VAD2NF', 'MRVG2VD', 'ADDVG4VCNVAD1NF', 'AMVS0N', 'CNTVG3VD', 'ADDVG3VCNVAD4NF', 'AD0', 'S1', 'AMVG2VG1VAD1NF', 'SMVG5VG1VAD1NF', 'ACVQN0', 'B0', 'MRVG4VDVAD1NF', 'ACVG2VD1', 'S3', 'AMVG2VG1VAD2NF', 'P7', 'SMVG5VG1VAD2NF'}, {'ADDVC3', 'S1', 'MRVG1VD', 'READY', 'P5', 'A2', 'BMVG2VG1VAD2NF', 'START', 'MRVSHLDN', 'A3', 'ADDVC1', 'SMVG3VS0P', 'ACVG2VD1', 'BMVG2VS0P', 'P7'})