18, 0, 9.133333333333333, 11
+-- , 20 , {18, 22} , {'32', '20', '57', '51', '7', '23', '16', '29', '4', '8'}
| +-- , 18 , {16} , {'20', '2', '23', '29', '13', '14', '49', '32', '57', '17', '16', '4', '1', '3', '8', '25'}
| | +-- , 16 , {24, 14} , {'20', '2', '23', '53', '29', '47', '52', '14', '27', '49', '13', '45', '5', '18', '55', '43', '19', '17', '16', '4', '1', '0', '48', '3', '8'}
| | | +-- , 24 , set() , {'2', '17', '44', '27', '48', '8'}
| | | +-- , 14 , {32, 26, 12} , {'20', '40', '2', '23', '47', '52', '14', '13', '49', '34', '18', '17', '4', '0', '48', '3', '8', '53', '29', '41', '5', '45', '55', '43', '19', '1'}
| | | | +-- , 32 , set() , {'55', '14', '34', '49', '39', '18', '8'}
| | | | +-- , 26 , {28} , {'40', '2', '46', '23', '47', '52', '14', '34', '49', '45', '5', '18', '15', '17', '4', '1', '0', '12', '48', '3'}
| | | | | +-- , 28 , {30} , {'40', '18', '38', '4', '1', '12', '49', '45', '5', '3', '33', '15'}
| | | | | | +-- , 30 , set() , {'1', '4', '33', '18', '15', '24'}
| | | | +-- , 12 , {34, 3, 38} , {'20', '40', '22', '23', '28', '52', '14', '13', '49', '18', '37', '4', '0', '48', '3', '8', '53', '29', '41', '5', '45', '55', '43', '19', '1', '42'}
| | | | | +-- , 34 , {36} , {'20', '37', '10', '53', '28', '1', '42', '0', '13', '45', '50', '8'}
| | | | | | +-- , 36 , set() , {'0', '36', '50', '37'}
| | | | | +-- , 3 , {40, 0} , {'20', '40', '22', '21', '23', '53', '28', '29', '52', '13', '14', '41', '5', '18', '55', '43', '37', '19', '4', '42', '0', '48', '8'}
| | | | | | +-- , 40 , set() , {'53', '55', '4', '11'}
| | | | | | +-- , 0 , {42} , {'20', '40', '22', '29', '13', '41', '55', '18', '9', '43', '37', '4', '42', '0', '48', '8'}
| | | | | | | +-- , 42 , set() , {'20', '37', '35', '22', '29', '4', '41', '42', '56', '13', '48', '55', '18'}
| | | | | +-- , 38 , set() , {'6', '3', '20', '31'}
| +-- , 22 , set() , {'30', '7', '23', '57'}


Max number of edges with non zero Y: 36
Max number of iterations of outer rounding loop: 9
Max number of candidate sets: 2
Time spent rounding: 4.748
Time spent solving Separator LP: 0.052
Total time spent solving: 6.175

LP Solver: gammaPlusFractionalCoverHeuristic
Number of Rounding Attemps: 8
Lower Bound Witness = ({'20', '40', '2', '22', '7', '23', '44', '28', '47', '52', '14', '27', '49', '13', '34', '18', '39', '9', '31', '37', '11', '17', '51', '4', '0', '12', '48', '6', '3', '33', '50', '8', '30', '10', '35', '46', '38', '21', '53', '29', '56', '41', '5', '45', '55', '15', '24', '43', '32', '36', '57', '19', '16', '1', '42', '25'}, {'19', '35', '41', '8', '25'})