12, 2.6084641076409167, 6.6, 9
+-- , 0 , {26, 3} , {'90', '14', '15', '11', '67', '16', '23', '94', '80', '54', '69', '66', '53', '87', '4', '1', '79', '3', '49', '26', '9', '83', '31', '77', '65', '75', '50', '96', '82', '36', '48', '5', '0', '12', '89', '7', '56', '45', '42', '28', '2', '81', '71', '40', '55', '47', '18', '68', '19', '74', '64', '62', '43'}
| +-- , 26 , set() , {'90', '96', '81', '82', '23', '67', '94', '80', '5', '47', '61', '19', '83', '42', '43', '1'}
| +-- , 3 , {5} , {'90', '11', '67', '16', '23', '94', '80', '66', '53', '1', '3', '49', '26', '9', '65', '75', '50', '36', '48', '0', '12', '89', '7', '81', '40', '47', '19', '74', '43', '14', '15', '54', '69', '87', '46', '4', '79', '83', '31', '77', '96', '82', '5', '56', '45', '42', '2', '71', '18', '68', '64', '62'}
| | +-- , 5 , {9} , {'90', '11', '67', '16', '23', '94', '86', '80', '66', '53', '70', '32', '58', '3', '49', '26', '9', '65', '75', '50', '91', '36', '48', '0', '12', '89', '7', '81', '40', '47', '19', '74', '43', '14', '15', '54', '69', '87', '46', '4', '79', '83', '31', '77', '82', '5', '56', '45', '42', '2', '27', '71', '38', '18', '68', '20', '64', '62'}
| | | +-- , 9 , {24, 12} , {'90', '11', '67', '16', '23', '94', '86', '80', '24', '66', '53', '22', '70', '32', '58', '3', '49', '26', '9', '92', '65', '75', '50', '91', '36', '48', '0', '12', '89', '81', '40', '47', '19', '74', '76', '43', '14', '15', '54', '69', '87', '46', '4', '79', '83', '31', '77', '33', '82', '17', '5', '56', '45', '42', '2', '27', '38', '71', '18', '68', '20', '88', '62'}
| | | | +-- , 24 , set() , {'91', '67', '82', '94', '71', '17', '48', '69', '22', '24', '73', '89', '9', '42', '77', '92', '76', '33'}
| | | | +-- , 12 , {22, 14} , {'90', '11', '67', '16', '23', '94', '86', '80', '24', '66', '53', '22', '70', '32', '58', '3', '49', '26', '9', '92', '65', '75', '50', '91', '36', '48', '0', '12', '89', '81', '84', '40', '47', '19', '74', '76', '43', '14', '15', '54', '69', '87', '46', '4', '79', '83', '31', '77', '33', '82', '17', '5', '56', '45', '2', '27', '38', '71', '18', '68', '20', '88', '62'}
| | | | | +-- , 22 , set() , {'90', '91', '30', '11', '84', '23', '38', '94', '18', '0', '12', '77', '65', '4', '2'}
| | | | | +-- , 14 , {16, 18, 20} , {'11', '67', '16', '23', '94', '51', '86', '80', '24', '66', '53', '22', '70', '32', '58', '3', '49', '21', '9', '26', '92', '65', '75', '50', '91', '36', '48', '0', '89', '81', '84', '40', '47', '39', '19', '74', '76', '43', '85', '14', '15', '54', '69', '87', '46', '79', '72', '83', '31', '77', '33', '95', '82', '29', '17', '5', '56', '45', '88', '2', '41', '57', '93', '27', '38', '71', '18', '68', '20', '35', '62'}
| | | | | | +-- , 16 , set() , {'15', '11', '67', '80', '54', '66', '53', '72', '31', '77', '92', '65', '33', '50', '91', '29', '17', '89', '56', '2', '57', '93', '63', '27', '40', '18', '47', '39', '25', '35'}
| | | | | | +-- , 18 , set() , {'85', '14', '15', '11', '16', '10', '23', '94', '51', '86', '80', '69', '24', '66', '53', '87', '46', '13', '22', '78', '70', '79', '32', '59', '72', '58', '3', '49', '21', '9', '26', '77', '92', '33', '75', '50', '91', '95', '60', '82', '29', '48', '17', '5', '0', '45', '35', '2', '76', '41', '57', '93', '84', '38', '71', '40', '18', '47', '68', '39', '20', '19', '37', '74', '88', '62', '34', '43'}
| | | | | | +-- , 20 , set() , {'11', '81', '5', '18', '24', '68', '62', '20', '52', '83', '21', '87', '89', '2', '93'}


Max number of edges with non zero Y: 18
Max number of iterations of outer rounding loop: 7
Max number of candidate sets: 2
Time spent rounding: 26.589
Time spent solving Separator LP: 13.258
Total time spent solving: 44.802

LP Solver: GaifmanNormal
Lower Bound Witness = ({'90', '11', '67', '16', '94', '51', '86', '24', '66', '73', '53', '70', '32', '3', '49', '21', '92', '50', '91', '36', '48', '0', '12', '63', '39', '76', '15', '46', '13', '4', '79', '83', '77', '33', '60', '82', '17', '56', '45', '2', '57', '93', '27', '38', '68', '37', '10', '23', '80', '22', '58', '26', '9', '65', '75', '30', '89', '81', '84', '40', '47', '25', '19', '52', '74', '34', '43', '85', '14', '54', '69', '87', '78', '59', '72', '31', '95', '29', '5', '42', '88', '41', '71', '18', '20', '35', '62'}, {'90', '14', '15', '11', '67', '16', '23', '94', '86', '80', '54', '69', '66', '53', '87', '46', '4', '70', '79', '32', '58', '3', '49', '26', '83', '31', '77', '9', '65', '75', '50', '91', '82', '36', '48', '5', '0', '12', '89', '56', '45', '42', '2', '81', '27', '38', '71', '40', '18', '47', '68', '20', '19', '74', '88', '62', '43'})