27, 1.6967208852459017, 5.0, 5
+-- , 0 , {48, 3} , {'xL41J', 'xL17J', 'xL43J', 'xL57J', 'xL52J', 'xL29J', 'xL39J', 'xL2J', 'xL1J', 'xL3J'}
| +-- , 48 , {50} , {'xL15J', 'xL41J', 'xL17J', 'xL43J', 'xL36J', 'xL39J', 'xL2J', 'xL58J', 'xL57J'}
| | +-- , 50 , {52} , {'xL37J', 'xL15J', 'xL41J', 'xL40J', 'xL17J', 'xL43J', 'xL59J', 'xL36J', 'xL14J', 'xL58J'}
| | | +-- , 52 , {56, 54} , {'xL37J', 'xL13J', 'xL15J', 'xL17J', 'xL43J', 'xL59J', 'xL36J', 'xL14J', 'xL40J'}
| | | | +-- , 56 , set() , {'xL12J', 'xL13J', 'xL15J', 'xL17J', 'xL43J', 'xL16J', 'xL14J'}
| | | | +-- , 54 , set() , {'xL37J', 'xL13J', 'xL38J', 'xL42J', 'xL59J', 'xL36J', 'xL40J'}
| +-- , 3 , {5} , {'xL41J', 'xL17J', 'xL43J', 'xL52J', 'xL0J', 'xL29J', 'xL2J', 'xL9J', 'xL1J', 'xL3J'}
| | +-- , 5 , {7} , {'xL10J', 'xL41J', 'xL51J', 'xL11J', 'xL52J', 'xL0J', 'xL29J', 'xL26J', 'xL9J', 'xL3J'}
| | | +-- , 7 , {9} , {'xL51J', 'xL52J', 'xL0J', 'xL29J', 'xL26J', 'xL23J', 'xL48J', 'xL10J', 'xL11J', 'xL3J'}
| | | | +-- , 9 , {11, 37} , {'xL10J', 'xL35J', 'xL51J', 'xL11J', 'xL52J', 'xL26J', 'xL29J', 'xL56J', 'xL23J', 'xL48J', 'xL3J'}
| | | | | +-- , 11 , {13} , {'xL10J', 'xL4J', 'xL5J', 'xL35J', 'xL11J', 'xL56J', 'xL23J', 'xL48J', 'xL3J'}
| | | | | | +-- , 13 , {24, 15} , {'xL10J', 'xL46J', 'xL4J', 'xL5J', 'xL35J', 'xL11J', 'xL56J', 'xL23J', 'xL20J', 'xL48J'}
| | | | | | | +-- , 24 , {26} , {'xL10J', 'xL47J', 'xL46J', 'xL35J', 'xL11J', 'xL56J', 'xL20J'}
| | | | | | | | +-- , 26 , {28} , {'xL32J', 'xL10J', 'xL47J', 'xL35J', 'xL11J', 'xL56J', 'xL55J'}
| | | | | | | | | +-- , 28 , {35, 31} , {'xL32J', 'xL10J', 'xL31J', 'xL53J', 'xL35J', 'xL11J', 'xL56J', 'xL55J'}
| | | | | | | | | | +-- , 35 , set() , {'xL31J', 'xL54J', 'xL53J', 'xL11J', 'xL55J'}
| | | | | | | | | | +-- , 31 , {33} , {'xL32J', 'xL10J', 'xL31J', 'xL53J', 'xL35J', 'xL56J', 'xL33J', 'xL30J'}
| | | | | | | | | | | +-- , 33 , set() , {'xL34J', 'xL35J', 'xL56J', 'xL33J', 'xL30J'}
| | | | | | | +-- , 15 , {18, 20} , {'xL46J', 'xL4J', 'xL19J', 'xL5J', 'xL44J', 'xL23J', 'xL20J', 'xL48J'}
| | | | | | | | +-- , 18 , set() , {'xL46J', 'xL19J', 'xL5J', 'xL44J', 'xL45J'}
| | | | | | | | +-- , 20 , {22} , {'xL18J', 'xL19J', 'xL4J', 'xL44J', 'xL23J', 'xL21J', 'xL20J', 'xL48J'}
| | | | | | | | | +-- , 22 , set() , {'xL18J', 'xL22J', 'xL23J', 'xL21J', 'xL48J'}
| | | | | +-- , 37 , {39} , {'xL6J', 'xL35J', 'xL51J', 'xL52J', 'xL26J', 'xL29J', 'xL56J'}
| | | | | | +-- , 39 , {41} , {'xL6J', 'xL8J', 'xL51J', 'xL52J', 'xL26J', 'xL29J', 'xL7J'}
| | | | | | | +-- , 41 , {44} , {'xL28J', 'xL8J', 'xL51J', 'xL27J', 'xL52J', 'xL26J', 'xL29J', 'xL7J'}
| | | | | | | | +-- , 44 , {46} , {'xL49J', 'xL28J', 'xL8J', 'xL51J', 'xL27J', 'xL52J', 'xL26J', 'xL24J', 'xL50J', 'xL7J'}
| | | | | | | | | +-- , 46 , set() , {'xL25J', 'xL51J', 'xL24J', 'xL26J', 'xL50J'}


Max number of edges with non zero Y: 10
Max number of iterations of outer rounding loop: 4
Max number of candidate sets: 2
Time spent rounding: 20.660
Time spent solving Separator LP: 0.626
Total time spent solving: 26.573

LP Solver: GaifmanNormal
Lower Bound Witness = ({'xL47J', 'xL37J', 'xL15J', 'xL46J', 'xL41J', 'xL54J', 'xL17J', 'xL34J', 'xL35J', 'xL51J', 'xL26J', 'xL44J', 'xL29J', 'xL23J', 'xL58J', 'xL33J', 'xL30J', 'xL48J', 'xL18J', 'xL6J', 'xL31J', 'xL19J', 'xL28J', 'xL38J', 'xL4J', 'xL36J', 'xL24J', 'xL39J', 'xL56J', 'xL2J', 'xL40J', 'xL45J', 'xL57J', 'xL22J', 'xL12J', 'xL25J', 'xL13J', 'xL8J', 'xL59J', 'xL16J', 'xL0J', 'xL52J', 'xL14J', 'xL21J', 'xL1J', 'xL20J', 'xL55J', 'xL32J', 'xL10J', 'xL49J', 'xL5J', 'xL53J', 'xL43J', 'xL42J', 'xL11J', 'xL27J', 'xL50J', 'xL9J', 'xL7J', 'xL3J'}, {'xL49J', 'xL1J', 'xL15J', 'xL46J', 'xL4J', 'xL41J', 'xL8J', 'xL57J', 'xL52J', 'xL14J', 'xL56J', 'xL40J', 'xL45J', 'xL3J'})