23, 2.1333333333333337, 8.0, 8
+-- , 0 , {50, 52, 54, 5} , {'12', '22', '48', '32', '29', '26', '37', '17', '47', '51', '9', '2', '46', '36'}
| +-- , 50 , set() , {'2', '37', '4'}
| +-- , 52 , set() , {'45', '37', '22'}
| +-- , 54 , set() , {'30', '12', '35'}
| +-- , 5 , {11, 46} , {'1', '12', '22', '7', '48', '32', '29', '37', '17', '47', '51', '9', '13', '2', '24', '46', '36'}
| | +-- , 11 , {13} , {'12', '22', '7', '48', '32', '29', '37', '17', '47', '51', '9', '13', '2', '24', '49', '46', '36'}
| | | +-- , 13 , {15} , {'12', '7', '48', '32', '29', '11', '37', '17', '47', '31', '51', '9', '13', '2', '24', '49', '46', '36'}
| | | | +-- , 15 , {36, 20, 40, 42, 44} , {'43', '12', '7', '48', '32', '29', '14', '11', '37', '17', '47', '51', '9', '13', '2', '19', '24', '25', '49', '46', '36'}
| | | | | +-- , 36 , {38} , {'27', '48', '19', '33', '29', '14', '11', '17', '51'}
| | | | | | +-- , 38 , set() , {'27', '33', '29', '20'}
| | | | | +-- , 20 , {22} , {'43', '12', '7', '32', '29', '11', '17', '47', '50', '51', '9', '40', '19', '2', '24', '46'}
| | | | | | +-- , 22 , {24, 30} , {'43', '12', '7', '32', '29', '11', '17', '50', '51', '9', '40', '2', '19', '24', '38', '46'}
| | | | | | | +-- , 24 , {26} , {'43', '12', '7', '19', '21', '11', '38', '50', '8', '51'}
| | | | | | | | +-- , 26 , {28} , {'23', '11', '50', '8', '51'}
| | | | | | | | | +-- , 28 , set() , {'34', '23', '11', '8', '51'}
| | | | | | | +-- , 30 , {32, 34} , {'12', '17', '40', '2', '29', '10', '24', '41', '0', '3', '38', '46', '9'}
| | | | | | | | +-- , 32 , set() , {'46', '39', '10'}
| | | | | | | | +-- , 34 , set() , {'40', '41', '5'}
| | | | | +-- , 40 , set() , {'13', '19', '44', '49', '36'}
| | | | | +-- , 42 , set() , {'12', '15', '48', '13', '14'}
| | | | | +-- , 44 , set() , {'18', '36', '14'}
| | +-- , 46 , {48} , {'1', '22', '48', '6'}
| | | +-- , 48 , set() , {'6', '42', '48'}


Max number of edges with non zero Y: 20
Max number of iterations of outer rounding loop: 5
Max number of candidate sets: 2
Time spent rounding: 25.441
Time spent solving Separator LP: 1.248

LP Solver: GaifmanBoosted