15, 3.3229949386858655, 10.78169014084507, 14
+-- , 0 , {5, 44, 46} , {'96', '57', '24', '29', '17', '47', '64', '66', '97', '41', '84', '52', '40', '11', '16', '6', '31', '70', '82', '39', '93', '14', '37', '73', '90', '19', '12', '72', '86', '13', '80', '21', '5', '32', '61', '78', '36'}
| +-- , 5 , {16} , {'96', '17', '64', '18', '66', '97', '41', '52', '42', '40', '11', '48', '16', '31', '70', '75', '49', '82', '10', '37', '73', '90', '68', '12', '72', '86', '13', '80', '5', '32', '88', '61', '57', '24', '29', '53', '47', '28', '74', '84', '34', '85', '79', '2', '89', '39', '7', '93', '14', '83', '19', '67', '21', '44', '78', '36'}
| | +-- , 16 , {21} , {'96', '17', '18', '64', '66', '97', '41', '52', '42', '40', '48', '11', '16', '31', '70', '75', '82', '10', '37', '73', '68', '76', '12', '58', '72', '13', '80', '95', '5', '32', '88', '61', '57', '24', '29', '53', '47', '22', '28', '25', '74', '84', '34', '77', '85', '79', '2', '89', '7', '39', '93', '14', '83', '19', '67', '21', '91', '44', '78', '36'}
| | | +-- , 21 , {42, 26} , {'96', '17', '18', '66', '97', '45', '52', '42', '40', '11', '48', '16', '31', '15', '63', '70', '75', '82', '10', '37', '68', '73', '36', '76', '12', '58', '72', '13', '80', '95', '5', '32', '88', '61', '56', '57', '29', '53', '47', '22', '28', '25', '74', '23', '84', '34', '77', '85', '79', '2', '89', '39', '7', '93', '92', '14', '33', '83', '19', '3', '67', '21', '91', '54', '44', '78', '41'}
| | | | +-- , 42 , set() , {'96', '56', '62', '54', '74', '78', '18', '58', '23', '41'}
| | | | +-- , 26 , {28} , {'96', '17', '18', '66', '97', '41', '45', '52', '42', '40', '48', '11', '16', '31', '70', '15', '63', '75', '82', '10', '37', '73', '76', '12', '58', '72', '13', '80', '95', '5', '32', '88', '61', '81', '57', '29', '53', '47', '22', '28', '25', '74', '23', '84', '34', '77', '85', '79', '2', '89', '7', '39', '93', '92', '14', '33', '83', '19', '3', '67', '21', '91', '44', '78', '36'}
| | | | | +-- , 28 , {40, 30} , {'96', '17', '18', '41', '97', '45', '52', '42', '40', '48', '11', '16', '31', '70', '15', '63', '75', '82', '10', '37', '73', '76', '12', '58', '72', '13', '80', '95', '5', '32', '88', '50', '61', '60', '81', '57', '29', '53', '47', '22', '55', '25', '28', '74', '23', '84', '34', '77', '85', '79', '98', '2', '89', '7', '8', '39', '93', '92', '14', '33', '83', '19', '3', '59', '67', '21', '91', '44', '78', '36'}
| | | | | | +-- , 40 , set() , {'81', '53', '47', '55', '18', '9', '52', '42', '40', '11', '63', '15', '75', '8', '7', '39', '33', '37', '76', '58', '3', '21', '5', '91', '50'}
| | | | | | +-- , 30 , {32, 34, 36, 38} , {'96', '17', '43', '18', '41', '97', '45', '52', '40', '48', '11', '16', '31', '70', '15', '75', '82', '10', '37', '73', '76', '12', '58', '72', '13', '80', '46', '95', '5', '32', '88', '50', '61', '60', '20', '81', '57', '29', '53', '47', '22', '55', '25', '28', '23', '84', '87', '34', '77', '85', '79', '98', '2', '89', '7', '8', '93', '92', '14', '33', '83', '19', '59', '67', '21', '71', '78', '36'}
| | | | | | | +-- , 32 , set() , {'82', '13', '21', '5', '11', '43', '65', '75'}
| | | | | | | +-- , 34 , set() , {'96', '81', '57', '53', '47', '22', '43', '55', '18', '51', '23', '84', '77', '45', '52', '48', '85', '16', '98', '38', '31', '15', '75', '30', '89', '8', '93', '26', '33', '37', '73', '36', '19', '76', '12', '67', '72', '80', '5', '71', '88', '61', '78', '27', '41'}
| | | | | | | +-- , 36 , set() , {'17', '55', '25', '97', '87', '52', '98', '35', '70', '15', '82', '10', '33', '37', '83', '72', '80', '21', '5', '50', '69', '78', '20'}
| | | | | | | +-- , 38 , set() , {'57', '89', '29', '46', '4', '40', '79', '18', '23', '2'}
| +-- , 44 , set() , {'57', '82', '29', '80', '93', '94', '73', '66', '72'}
| +-- , 46 , set() , {'0', '32', '1', '14', '37', '31', '19', '12', '86'}


Max number of edges with non zero Y: 37
Max number of iterations of outer rounding loop: 7
Max number of candidate sets: 2
Time spent rounding: 85.421
Time spent solving Separator LP: 32.202
Total time spent solving: 130.477

LP Solver: GaifmanNormal
Lower Bound Witness = ({'17', '51', '65', '45', '42', '40', '11', '16', '35', '38', '15', '63', '4', '75', '30', '82', '26', '10', '37', '72', '13', '80', '32', '88', '69', '57', '29', '53', '22', '55', '28', '9', '85', '79', '98', '2', '8', '39', '92', '14', '33', '59', '67', '44', '41', '96', '43', '18', '97', '52', '48', '31', '70', '73', '76', '12', '58', '46', '95', '5', '50', '61', '60', '20', '27', '81', '47', '25', '74', '23', '84', '87', '34', '77', '89', '7', '93', '83', '19', '3', '21', '71', '91', '78', '36'}, {'96', '81', '57', '29', '53', '17', '47', '22', '28', '25', '74', '18', '97', '23', '84', '34', '77', '45', '52', '42', '40', '48', '11', '79', '85', '16', '31', '70', '15', '63', '2', '75', '89', '7', '82', '39', '93', '92', '10', '14', '37', '73', '36', '33', '83', '19', '76', '12', '3', '67', '58', '72', '13', '80', '95', '21', '5', '91', '88', '32', '61', '44', '78', '41'})