35, 0.9999995999999998, 2.0, 2
+-- , 0 , {3, 29} , {'xL59J', 'xL10J', 'xL9J', 'xL38J'}
| +-- , 3 , {5} , {'xL58J', 'xL9J', 'xL38J', 'xL39J'}
| | +-- , 5 , {7} , {'xL58J', 'xL9J', 'xL39J', 'xL8J'}
| | | +-- , 7 , {9} , {'xL57J', 'xL39J', 'xL7J', 'xL8J'}
| | | | +-- , 9 , {11} , {'xL56J', 'xL57J', 'xL7J', 'xL6J', 'xL39J', 'xL40J'}
| | | | | +-- , 11 , {13} , {'xL56J', 'xL41J', 'xL6J', 'xL40J'}
| | | | | | +-- , 13 , {15} , {'xL41J', 'xL6J', 'xL42J', 'xL55J'}
| | | | | | | +-- , 15 , {17} , {'xL55J', 'xL54J', 'xL6J', 'xL42J', 'xL5J', 'xL43J'}
| | | | | | | | +-- , 17 , {19} , {'xL4J', 'xL54J', 'xL5J', 'xL43J'}
| | | | | | | | | +-- , 19 , {21} , {'xL53J', 'xL4J', 'xL44J', 'xL43J'}
| | | | | | | | | | +-- , 21 , {23} , {'xL44J', 'xL3J', 'xL52J', 'xL53J', 'xL4J', 'xL45J'}
| | | | | | | | | | | +-- , 23 , {25} , {'xL3J', 'xL46J', 'xL52J', 'xL51J', 'xL45J', 'xL2J'}
| | | | | | | | | | | | +-- , 25 , {27} , {'xL47J', 'xL46J', 'xL51J', 'xL1J', 'xL50J', 'xL2J'}
| | | | | | | | | | | | | +-- , 27 , set() , {'xL47J', 'xL0J', 'xL49J', 'xL1J', 'xL48J', 'xL50J'}
| +-- , 29 , {31} , {'xL60J', 'xL59J', 'xL10J', 'xL38J', 'xL37J', 'xL11J'}
| | +-- , 31 , {33} , {'xL60J', 'xL36J', 'xL37J', 'xL11J'}
| | | +-- , 33 , {35} , {'xL61J', 'xL36J', 'xL35J', 'xL12J', 'xL11J'}
| | | | +-- , 35 , {37} , {'xL62J', 'xL13J', 'xL35J', 'xL12J'}
| | | | | +-- , 37 , {39} , {'xL34J', 'xL62J', 'xL13J', 'xL35J'}
| | | | | | +-- , 39 , {41} , {'xL33J', 'xL34J', 'xL13J', 'xL63J'}
| | | | | | | +-- , 41 , {43} , {'xL33J', 'xL13J', 'xL14J', 'xL63J'}
| | | | | | | | +-- , 43 , {45} , {'xL33J', 'xL64J', 'xL14J', 'xL15J'}
| | | | | | | | | +-- , 45 , {47} , {'xL33J', 'xL32J', 'xL64J', 'xL15J'}
| | | | | | | | | | +-- , 47 , {49} , {'xL32J', 'xL15J', 'xL16J', 'xL31J', 'xL65J'}
| | | | | | | | | | | +-- , 49 , {51} , {'xL30J', 'xL66J', 'xL16J', 'xL31J'}
| | | | | | | | | | | | +-- , 51 , {53} , {'xL30J', 'xL66J', 'xL16J', 'xL17J'}
| | | | | | | | | | | | | +-- , 53 , {55} , {'xL30J', 'xL18J', 'xL17J', 'xL29J', 'xL67J'}
| | | | | | | | | | | | | | +-- , 55 , {57} , {'xL19J', 'xL18J', 'xL68J', 'xL29J'}
| | | | | | | | | | | | | | | +-- , 57 , {59} , {'xL19J', 'xL28J', 'xL68J', 'xL29J'}
| | | | | | | | | | | | | | | | +-- , 59 , {61} , {'xL19J', 'xL69J', 'xL28J', 'xL20J', 'xL27J'}
| | | | | | | | | | | | | | | | | +-- , 61 , {63} , {'xL70J', 'xL26J', 'xL20J', 'xL27J'}
| | | | | | | | | | | | | | | | | | +-- , 63 , {65} , {'xL70J', 'xL26J', 'xL71J', 'xL21J', 'xL20J', 'xL25J'}
| | | | | | | | | | | | | | | | | | | +-- , 65 , {67} , {'xL24J', 'xL71J', 'xL72J', 'xL22J', 'xL21J', 'xL25J'}
| | | | | | | | | | | | | | | | | | | | +-- , 67 , {69} , {'xL24J', 'xL72J', 'xL23J', 'xL22J'}
| | | | | | | | | | | | | | | | | | | | | +-- , 69 , set() , {'xL74J', 'xL24J', 'xL23J', 'xL73J'}


Max number of edges with non zero Y: 2
Max number of iterations of outer rounding loop: 1
Max number of candidate sets: 2
Time spent rounding: 1.464
Time spent solving Separator LP: 0.167
Total time spent solving: 2.931

LP Solver: GaifmanNormal
Lower Bound Witness = ({'xL70J', 'xL58J', 'xL56J', 'xL24J', 'xL23J', 'xL30J', 'xL32J', 'xL63J', 'xL31J', 'xL0J', 'xL8J', 'xL4J', 'xL1J', 'xL22J', 'xL68J', 'xL42J', 'xL65J', 'xL20J', 'xL40J', 'xL57J', 'xL34J', 'xL44J', 'xL66J', 'xL35J', 'xL27J', 'xL72J', 'xL62J', 'xL64J', 'xL14J', 'xL28J', 'xL71J', 'xL36J', 'xL25J', 'xL60J', 'xL9J', 'xL38J', 'xL61J', 'xL73J', 'xL46J', 'xL29J', 'xL53J', 'xL67J', 'xL51J', 'xL33J', 'xL48J', 'xL52J', 'xL18J', 'xL6J', 'xL45J', 'xL16J', 'xL17J', 'xL12J', 'xL2J', 'xL19J', 'xL69J', 'xL59J', 'xL13J', 'xL10J', 'xL41J', 'xL47J', 'xL74J', 'xL37J', 'xL7J', 'xL55J', 'xL11J', 'xL26J', 'xL49J', 'xL54J', 'xL15J', 'xL3J', 'xL39J', 'xL21J', 'xL50J', 'xL5J', 'xL43J'}, {'xL24J', 'xL10J', 'xL35J', 'xL7J', 'xL5J'})