20, 1.485789080029916, 5.5, 6
+-- , 0 , {3, 10, 39, 43, 47} , {'yL37J', 'yL38J', 'yL39J', 'xL0J', 'xL9J', 'xL6J', 'yL35J', 'yL40J', 'xL1J', 'yL41J', 'yL36J'}
| +-- , 3 , {5} , {'xL6J', 'yL42J'}
| | +-- , 5 , set() , {'yL44J', 'yL43J', 'yL46J', 'yL42J', 'yL45J', 'yL48J', 'yL47J'}
| +-- , 10 , {12} , {'xL0J', 'xL9J', 'xL6J', 'yL35J', 'xL1J', 'xL5J'}
| | +-- , 12 , {15} , {'yL18J', 'yL16J', 'xL0J', 'xL9J', 'xL6J', 'yL19J', 'yL15J', 'xL1J', 'yL14J', 'yL20J', 'xL5J', 'yL17J'}
| | | +-- , 15 , {17} , {'xL0J', 'xL2J', 'xL9J', 'xL6J', 'xL1J', 'yL14J', 'xL5J'}
| | | | +-- , 17 , {20} , {'yL61J', 'xL2J', 'xL6J', 'yL62J', 'xL1J', 'yL57J', 'yL59J', 'yL60J', 'yL56J', 'xL0J', 'yL58J', 'xL9J', 'xL5J'}
| | | | | +-- , 20 , {22} , {'yL56J', 'xL0J', 'xL9J', 'xL2J', 'xL6J', 'xL1J', 'xL8J', 'xL5J'}
| | | | | | +-- , 22 , {24, 28} , {'xL0J', 'xL4J', 'xL2J', 'xL6J', 'xL9J', 'xL1J', 'xL8J', 'yL28J', 'xL5J'}
| | | | | | | +-- , 24 , set() , {'yL29J', 'yL34J', 'yL32J', 'yL28J', 'yL30J', 'yL31J', 'yL33J'}
| | | | | | | +-- , 28 , {31} , {'yL49J', 'xL4J', 'xL2J', 'xL6J', 'xL1J', 'yL50J', 'xL8J', 'yL51J', 'yL55J', 'xL0J', 'xL9J', 'yL52J', 'yL54J', 'yL53J', 'xL5J'}
| | | | | | | | +-- , 31 , {33} , {'yL49J', 'xL4J', 'xL2J', 'xL6J', 'xL1J', 'xL8J', 'xL7J', 'xL0J', 'xL9J', 'xL5J'}
| | | | | | | | | +-- , 33 , {35} , {'xL4J', 'xL2J', 'xL6J', 'xL1J', 'xL8J', 'xL3J', 'xL7J', 'xL0J', 'xL9J', 'yL21J', 'xL5J'}
| | | | | | | | | | +-- , 35 , set() , {'yL24J', 'yL23J', 'yL22J', 'yL21J', 'yL25J', 'yL26J', 'yL27J'}
| +-- , 39 , {41} , {'yL63J', 'xL9J'}
| | +-- , 41 , set() , {'yL67J', 'yL64J', 'yL68J', 'yL63J', 'yL66J', 'yL69J', 'yL65J'}
| +-- , 43 , {45} , {'xL1J', 'yL7J'}
| | +-- , 45 , set() , {'yL9J', 'yL7J', 'yL11J', 'yL12J', 'yL8J', 'yL13J', 'yL10J'}
| +-- , 47 , {49} , {'yL0J', 'xL0J'}
| | +-- , 49 , set() , {'yL6J', 'yL4J', 'yL0J', 'yL2J', 'yL3J', 'yL1J', 'yL5J'}


Max number of edges with non zero Y: 13
Max number of iterations of outer rounding loop: 4
Max number of candidate sets: 2
Time spent rounding: 16.257
Time spent solving Separator LP: 0.865
Total time spent solving: 20.477

LP Solver: GaifmanBoosted
Lower Bound Witness = ({'yL24J', 'xL7J', 'yL23J', 'xL0J', 'xL4J', 'xL2J', 'xL9J', 'yL22J', 'xL6J', 'xL1J', 'yL21J', 'xL8J', 'xL3J', 'yL26J', 'yL25J', 'yL27J', 'xL5J'}, {'xL7J', 'xL0J', 'xL4J', 'xL9J', 'xL2J', 'xL6J', 'xL1J', 'xL8J', 'xL5J'})