18, 0, 4.0, 4
+-- , 0 , {33, 34, 3, 20, 24, 30} , {'42', '38', '31', '53', '20', '18'}
| +-- , 33 , set() , {'47', '48', '28'}
| +-- , 34 , set() , {'24', '26', '3'}
| +-- , 3 , {5} , {'42', '31', '53', '18', '38', '5', '33', '41'}
| | +-- , 5 , {8, 16} , {'8', '31', '45', '18', '38', '33', '41'}
| | | +-- , 8 , {10} , {'8', '6', '31', '45', '38', '41'}
| | | | +-- , 10 , {12, 14} , {'6', '38', '31', '32', '30', '41'}
| | | | | +-- , 12 , set() , {'39', '32', '16', '44', '30'}
| | | | | +-- , 14 , set() , {'30', '41', '2'}
| | | +-- , 16 , {18} , {'8', '12', '33', '18'}
| | | | +-- , 18 , set() , {'21', '12', '18'}
| +-- , 20 , {22} , {'11', '1', '38', '20'}
| | +-- , 22 , set() , {'27', '11', '1', '38', '52'}
| +-- , 24 , {26, 28} , {'42', '31', '53', '18', '22', '20'}
| | +-- , 26 , set() , {'19', '22', '53'}
| | +-- , 28 , set() , {'42', '36', '23', '15', '18', '22'}
| +-- , 30 , {32} , {'7', '31', '43'}
| | +-- , 32 , set() , {'7', '31', '13'}


Max number of edges with non zero Y: 16
Max number of iterations of outer rounding loop: 3
Max number of candidate sets: 2
Time spent rounding: 4.343
Time spent solving Separator LP: 0.027
Total time spent solving: 5.902

LP Solver: gammaPlusFractionalCoverHeuristic
Lower Bound Witness = ({'31', '53', '38', '43', '42', '6', '32', '15', '18', '11', '5', '2', '8', '36', '39', '27', '23', '1', '52', '30', '19', '33', '41', '7', '12', '45', '16', '44', '22', '13', '21', '20'}, {'11', '53', '20', '27'})