15, 1.0399994800000003, 3.0, 3
+-- , 0 , {3, 21, 25, 26, 27, 13} , {'32', '53', '18', '38', '22', '21'}
| +-- , 3 , {9, 5} , {'39', '32', '31', '53', '16', '18', '38', '22', '41'}
| | +-- , 9 , {11} , {'39', '31', '30', '41', '44'}
| | | +-- , 11 , set() , {'30', '41', '2'}
| | +-- , 5 , {7} , {'7', '31', '43'}
| | | +-- , 7 , set() , {'7', '31', '13'}
| +-- , 21 , {23} , {'38', '22', '52', '27', '53', '20'}
| | +-- , 23 , set() , {'11', '1', '27', '20'}
| +-- , 25 , set() , {'19', '22', '53'}
| +-- , 26 , set() , {'47', '48', '28'}
| +-- , 27 , set() , {'24', '26', '3'}
| +-- , 13 , {15} , {'6', '12', '32', '18', '38', '22', '21'}
| | +-- , 15 , {17} , {'8', '6', '12', '45', '18', '22', '33'}
| | | +-- , 17 , {19} , {'42', '22', '5', '33', '18'}
| | | | +-- , 19 , set() , {'42', '36', '23', '15', '18', '22'}


Max number of edges with non zero Y: 8
Max number of iterations of outer rounding loop: 1
Max number of candidate sets: 2
Time spent rounding: 2.568
Time spent solving Separator LP: 0.115
Total time spent solving: 3.948

LP Solver: GaifmanNormal
Lower Bound Witness = ({'31', '53', '38', '43', '42', '6', '32', '15', '18', '11', '5', '2', '8', '36', '39', '27', '23', '1', '52', '30', '19', '33', '41', '7', '12', '45', '16', '44', '22', '13', '21', '20'}, {'33', '52', '32', '20'})