7, 2.269976700237427, 5.4766355140186915, 9
+-- , 0 , {11, 6} , {'xL36J', 'xL19J', 'xL38J', 'xL18J', 'xL9J', 'xL12J', 'xL3J', 'xL13J', 'xL32J', 'xL1J', 'xL8J', 'xL14J', 'xL29J', 'xL26J', 'xL22J', 'xL10J', 'xL39J', 'xL23J', 'xL11J', 'xL35J', 'xL34J', 'xL37J', 'xL20J', 'xL21J', 'xL28J', 'xL0J', 'xL4J', 'xL31J', 'xL5J', 'xL2J', 'xL33J', 'xL17J'}
| +-- , 11 , {20, 14} , {'xL19J', 'xL38J', 'xL18J', 'xL9J', 'xL12J', 'xL3J', 'xL13J', 'xL32J', 'xL1J', 'xL8J', 'xL14J', 'xL29J', 'xL26J', 'xL22J', 'xL10J', 'xL39J', 'xL23J', 'xL11J', 'xL35J', 'xL34J', 'xL37J', 'xL20J', 'xL21J', 'xL28J', 'xL0J', 'xL4J', 'xL31J', 'xL15J', 'xL5J', 'xL2J', 'xL16J', 'xL33J', 'xL6J', 'xL17J'}
| | +-- , 20 , set() , {'xL35J', 'xL11J', 'xL4J', 'xL7J', 'xL8J', 'xL15J', 'xL37J', 'xL29J', 'xL16J', 'xL22J', 'xL13J', 'xL39J', 'xL28J', 'xL0J', 'xL6J', 'xL9J', 'xL32J'}
| | +-- , 14 , {16} , {'xL19J', 'xL38J', 'xL18J', 'xL12J', 'xL3J', 'xL13J', 'xL32J', 'xL1J', 'xL8J', 'xL14J', 'xL29J', 'xL26J', 'xL22J', 'xL10J', 'xL27J', 'xL23J', 'xL11J', 'xL35J', 'xL37J', 'xL20J', 'xL21J', 'xL28J', 'xL0J', 'xL4J', 'xL31J', 'xL15J', 'xL5J', 'xL2J', 'xL16J', 'xL33J', 'xL6J', 'xL17J'}
| | | +-- , 16 , {18} , {'xL19J', 'xL12J', 'xL3J', 'xL13J', 'xL32J', 'xL8J', 'xL14J', 'xL29J', 'xL26J', 'xL22J', 'xL10J', 'xL27J', 'xL23J', 'xL11J', 'xL35J', 'xL37J', 'xL20J', 'xL21J', 'xL28J', 'xL0J', 'xL4J', 'xL31J', 'xL15J', 'xL5J', 'xL2J', 'xL16J', 'xL25J', 'xL33J', 'xL6J', 'xL17J'}
| | | | +-- , 18 , set() , {'xL17J', 'xL35J', 'xL4J', 'xL24J', 'xL31J', 'xL14J', 'xL15J', 'xL29J', 'xL20J', 'xL25J', 'xL26J', 'xL10J', 'xL3J', 'xL11J', 'xL6J', 'xL13J', 'xL32J'}
| +-- , 6 , set() , {'xL1J', 'xL35J', 'xL19J', 'xL32J', 'xL14J', 'xL37J', 'xL5J', 'xL20J', 'xL29J', 'xL21J', 'xL22J', 'xL33J', 'xL3J', 'xL28J', 'xL30J'}


Max number of edges with non zero Y: 28
Max number of iterations of outer rounding loop: 5
Max number of candidate sets: 2
Time spent rounding: 35.390
Time spent solving Separator LP: 12.150

LP Solver: GaifmanNormal6, 2.3028192933285987, 5.341001353179973, 7
+-- , 0 , {26, 20} , {'xL23J', 'xL36J', 'xL3J', 'xL0J', 'xL5J', 'xL2J', 'xL37J', 'xL15J', 'xL35J', 'xL31J', 'xL33J', 'xL25J', 'xL8J', 'xL1J', 'xL24J', 'xL22J', 'xL14J', 'xL11J', 'xL13J', 'xL20J', 'xL17J', 'xL29J', 'xL27J', 'xL32J', 'xL4J', 'xL34J', 'xL6J', 'xL18J', 'xL21J', 'xL39J', 'xL38J', 'xL28J', 'xL10J', 'xL26J'}
| +-- , 26 , {28} , {'xL23J', 'xL0J', 'xL5J', 'xL2J', 'xL37J', 'xL15J', 'xL35J', 'xL33J', 'xL25J', 'xL8J', 'xL22J', 'xL14J', 'xL11J', 'xL13J', 'xL16J', 'xL17J', 'xL29J', 'xL27J', 'xL32J', 'xL4J', 'xL34J', 'xL6J', 'xL18J', 'xL39J', 'xL38J', 'xL28J', 'xL10J', 'xL26J'}
| | +-- , 28 , set() , {'xL0J', 'xL5J', 'xL2J', 'xL37J', 'xL15J', 'xL35J', 'xL33J', 'xL8J', 'xL22J', 'xL11J', 'xL16J', 'xL13J', 'xL29J', 'xL7J', 'xL32J', 'xL4J', 'xL6J', 'xL9J', 'xL39J', 'xL28J', 'xL10J'}
| +-- , 20 , {24, 22} , {'xL23J', 'xL19J', 'xL3J', 'xL0J', 'xL5J', 'xL2J', 'xL37J', 'xL35J', 'xL31J', 'xL33J', 'xL25J', 'xL1J', 'xL22J', 'xL14J', 'xL11J', 'xL13J', 'xL20J', 'xL29J', 'xL32J', 'xL4J', 'xL18J', 'xL21J', 'xL38J', 'xL28J', 'xL26J'}
| | +-- , 24 , set() , {'xL20J', 'xL19J', 'xL33J', 'xL3J', 'xL30J', 'xL5J', 'xL29J', 'xL1J', 'xL37J', 'xL21J', 'xL32J', 'xL35J', 'xL22J', 'xL14J', 'xL28J'}
| | +-- , 22 , set() , {'xL23J', 'xL20J', 'xL19J', 'xL3J', 'xL5J', 'xL2J', 'xL29J', 'xL25J', 'xL37J', 'xL4J', 'xL14J', 'xL11J', 'xL38J', 'xL13J', 'xL26J', 'xL12J'}


Max number of edges with non zero Y: 30
Max number of iterations of outer rounding loop: 6
Max number of candidate sets: 2
Time spent rounding: 80.384
Time spent solving Separator LP: 21.478

LP Solver: GaifmanNormal