9, 2.716987507912987, 6.350404312668464, 8
+-- , 0 , {32, 18, 30} , {'xL44J', 'xL58J', 'xL50J', 'xL7J', 'xL8J', 'xL54J', 'xL29J', 'xL40J', 'xL13J', 'xL47J', 'xL37J', 'xL11J', 'xL14J', 'xL26J', 'xL23J', 'xL22J', 'xL0J', 'xL24J', 'xL4J', 'xL43J', 'xL49J', 'xL18J', 'xL31J', 'xL51J', 'xL52J', 'xL41J', 'xL2J', 'xL9J', 'xL55J', 'xL38J', 'xL46J', 'xL5J', 'xL21J', 'xL12J', 'xL39J', 'xL45J', 'xL57J', 'xL42J', 'xL10J', 'xL48J', 'xL56J', 'xL15J', 'xL59J', 'xL3J', 'xL25J', 'xL27J', 'xL16J', 'xL32J'}
| +-- , 32 , set() , {'xL44J', 'xL26J', 'xL41J', 'xL7J', 'xL24J', 'xL40J', 'xL38J', 'xL5J', 'xL32J', 'xL33J'}
| +-- , 18 , {28, 20} , {'xL44J', 'xL6J', 'xL50J', 'xL7J', 'xL54J', 'xL29J', 'xL40J', 'xL13J', 'xL11J', 'xL26J', 'xL0J', 'xL24J', 'xL43J', 'xL49J', 'xL31J', 'xL51J', 'xL52J', 'xL41J', 'xL9J', 'xL46J', 'xL21J', 'xL12J', 'xL39J', 'xL45J', 'xL57J', 'xL10J', 'xL42J', 'xL15J', 'xL16J', 'xL58J', 'xL8J', 'xL53J', 'xL47J', 'xL37J', 'xL14J', 'xL23J', 'xL22J', 'xL4J', 'xL18J', 'xL2J', 'xL55J', 'xL38J', 'xL5J', 'xL48J', 'xL59J', 'xL1J', 'xL25J', 'xL3J', 'xL27J', 'xL32J'}
| | +-- , 28 , set() , {'xL6J', 'xL50J', 'xL7J', 'xL8J', 'xL53J', 'xL13J', 'xL47J', 'xL40J', 'xL35J', 'xL37J', 'xL11J', 'xL23J', 'xL26J', 'xL22J', 'xL51J', 'xL52J', 'xL17J', 'xL38J', 'xL46J', 'xL12J', 'xL10J', 'xL57J', 'xL42J', 'xL15J', 'xL1J', 'xL25J', 'xL16J'}
| | +-- , 20 , {22, 24, 26} , {'xL44J', 'xL6J', 'xL58J', 'xL50J', 'xL8J', 'xL53J', 'xL54J', 'xL29J', 'xL47J', 'xL40J', 'xL13J', 'xL37J', 'xL14J', 'xL26J', 'xL23J', 'xL22J', 'xL0J', 'xL24J', 'xL4J', 'xL43J', 'xL18J', 'xL31J', 'xL51J', 'xL52J', 'xL41J', 'xL2J', 'xL9J', 'xL20J', 'xL55J', 'xL38J', 'xL46J', 'xL5J', 'xL21J', 'xL12J', 'xL39J', 'xL48J', 'xL45J', 'xL57J', 'xL10J', 'xL15J', 'xL59J', 'xL1J', 'xL25J', 'xL3J', 'xL27J', 'xL16J', 'xL32J'}
| | | +-- , 22 , set() , {'xL26J', 'xL6J', 'xL58J', 'xL39J', 'xL30J', 'xL2J', 'xL8J', 'xL20J', 'xL22J', 'xL59J', 'xL1J', 'xL40J', 'xL43J', 'xL46J', 'xL16J', 'xL51J'}
| | | +-- , 24 , set() , {'xL6J', 'xL50J', 'xL8J', 'xL53J', 'xL54J', 'xL28J', 'xL47J', 'xL40J', 'xL13J', 'xL37J', 'xL14J', 'xL26J', 'xL0J', 'xL24J', 'xL34J', 'xL4J', 'xL51J', 'xL2J', 'xL20J', 'xL5J', 'xL12J', 'xL48J', 'xL45J', 'xL57J', 'xL10J', 'xL25J', 'xL27J', 'xL16J'}
| | | +-- , 26 , set() , {'xL23J', 'xL58J', 'xL50J', 'xL41J', 'xL45J', 'xL20J', 'xL15J', 'xL19J', 'xL54J', 'xL3J', 'xL38J', 'xL46J', 'xL18J', 'xL21J', 'xL32J', 'xL52J', 'xL14J'}
| +-- , 30 , set() , {'xL58J', 'xL36J', 'xL50J', 'xL8J', 'xL54J', 'xL47J', 'xL40J', 'xL37J', 'xL11J', 'xL26J', 'xL22J', 'xL0J', 'xL24J', 'xL4J', 'xL43J', 'xL49J', 'xL31J', 'xL51J', 'xL52J', 'xL41J', 'xL2J', 'xL55J', 'xL38J', 'xL46J', 'xL5J', 'xL21J', 'xL12J', 'xL10J', 'xL57J', 'xL42J', 'xL56J', 'xL25J', 'xL3J', 'xL16J', 'xL32J'}


Max number of edges with non zero Y: 29
Max number of iterations of outer rounding loop: 6
Max number of candidate sets: 2
Time spent rounding: 72.553
Time spent solving Separator LP: 56.942

LP Solver: GaifmanBoosted9, 2.653010113815194, 6.933884297520661, 9
+-- , 0 , {25, 11} , {'xL53J', 'xL51J', 'xL31J', 'xL59J', 'xL26J', 'xL22J', 'xL20J', 'xL50J', 'xL52J', 'xL45J', 'xL3J', 'xL54J', 'xL8J', 'xL16J', 'xL9J', 'xL14J', 'xL42J', 'xL1J', 'xL4J', 'xL57J', 'xL46J', 'xL29J', 'xL25J', 'xL43J', 'xL37J', 'xL23J', 'xL18J', 'xL36J', 'xL39J', 'xL13J', 'xL11J', 'xL6J', 'xL58J', 'xL32J', 'xL55J', 'xL30J', 'xL15J', 'xL40J', 'xL38J', 'xL10J', 'xL17J', 'xL41J', 'xL5J', 'xL35J', 'xL21J', 'xL34J', 'xL2J', 'xL12J', 'xL47J', 'xL24J'}
| +-- , 25 , set() , {'xL54J', 'xL41J', 'xL20J', 'xL19J', 'xL50J', 'xL21J', 'xL52J', 'xL46J', 'xL38J', 'xL23J', 'xL18J', 'xL58J', 'xL14J', 'xL32J', 'xL45J', 'xL3J', 'xL15J'}
| +-- , 11 , {13, 23} , {'xL29J', 'xL53J', 'xL48J', 'xL25J', 'xL43J', 'xL51J', 'xL31J', 'xL37J', 'xL59J', 'xL23J', 'xL18J', 'xL36J', 'xL26J', 'xL22J', 'xL39J', 'xL20J', 'xL50J', 'xL13J', 'xL52J', 'xL11J', 'xL6J', 'xL45J', 'xL58J', 'xL32J', 'xL55J', 'xL3J', 'xL15J', 'xL54J', 'xL8J', 'xL16J', 'xL40J', 'xL0J', 'xL9J', 'xL38J', 'xL14J', 'xL42J', 'xL1J', 'xL10J', 'xL4J', 'xL17J', 'xL41J', 'xL5J', 'xL35J', 'xL21J', 'xL57J', 'xL34J', 'xL46J', 'xL2J', 'xL12J', 'xL47J', 'xL24J'}
| | +-- , 13 , {21, 15} , {'xL53J', 'xL48J', 'xL51J', 'xL31J', 'xL59J', 'xL26J', 'xL22J', 'xL20J', 'xL50J', 'xL52J', 'xL3J', 'xL54J', 'xL8J', 'xL16J', 'xL9J', 'xL14J', 'xL42J', 'xL1J', 'xL4J', 'xL57J', 'xL46J', 'xL29J', 'xL25J', 'xL43J', 'xL37J', 'xL23J', 'xL18J', 'xL36J', 'xL39J', 'xL13J', 'xL11J', 'xL6J', 'xL58J', 'xL32J', 'xL55J', 'xL15J', 'xL40J', 'xL0J', 'xL38J', 'xL10J', 'xL17J', 'xL41J', 'xL5J', 'xL35J', 'xL21J', 'xL34J', 'xL44J', 'xL2J', 'xL12J', 'xL47J', 'xL24J'}
| | | +-- , 21 , set() , {'xL25J', 'xL26J', 'xL7J', 'xL39J', 'xL13J', 'xL52J', 'xL11J', 'xL6J', 'xL33J', 'xL58J', 'xL32J', 'xL15J', 'xL8J', 'xL40J', 'xL16J', 'xL38J', 'xL42J', 'xL10J', 'xL17J', 'xL41J', 'xL5J', 'xL35J', 'xL57J', 'xL44J', 'xL46J', 'xL2J', 'xL12J', 'xL24J'}
| | | +-- , 15 , {17, 19} , {'xL29J', 'xL53J', 'xL48J', 'xL43J', 'xL37J', 'xL51J', 'xL31J', 'xL23J', 'xL59J', 'xL18J', 'xL36J', 'xL26J', 'xL22J', 'xL20J', 'xL50J', 'xL13J', 'xL52J', 'xL11J', 'xL58J', 'xL55J', 'xL15J', 'xL3J', 'xL54J', 'xL40J', 'xL16J', 'xL8J', 'xL0J', 'xL9J', 'xL38J', 'xL14J', 'xL42J', 'xL10J', 'xL1J', 'xL49J', 'xL4J', 'xL21J', 'xL57J', 'xL34J', 'xL44J', 'xL46J', 'xL2J', 'xL12J', 'xL47J', 'xL24J'}
| | | | +-- , 17 , set() , {'xL29J', 'xL48J', 'xL37J', 'xL51J', 'xL31J', 'xL23J', 'xL59J', 'xL26J', 'xL20J', 'xL50J', 'xL13J', 'xL52J', 'xL11J', 'xL58J', 'xL3J', 'xL8J', 'xL40J', 'xL16J', 'xL9J', 'xL38J', 'xL14J', 'xL42J', 'xL49J', 'xL4J', 'xL27J', 'xL21J', 'xL34J', 'xL44J', 'xL2J', 'xL12J', 'xL47J', 'xL24J'}
| | | | +-- , 19 , set() , {'xL37J', 'xL31J', 'xL23J', 'xL36J', 'xL22J', 'xL11J', 'xL58J', 'xL56J', 'xL55J', 'xL3J', 'xL15J', 'xL54J', 'xL40J', 'xL16J', 'xL8J', 'xL0J', 'xL42J', 'xL10J', 'xL49J', 'xL21J', 'xL57J', 'xL44J', 'xL46J', 'xL47J'}
| | +-- , 23 , set() , {'xL54J', 'xL40J', 'xL0J', 'xL28J', 'xL20J', 'xL53J', 'xL48J', 'xL34J', 'xL37J', 'xL6J', 'xL51J', 'xL45J', 'xL14J', 'xL12J', 'xL2J', 'xL24J', 'xL4J'}


Max number of edges with non zero Y: 29
Max number of iterations of outer rounding loop: 7
Max number of candidate sets: 2
Time spent rounding: 33.752
Time spent solving Separator LP: 20.220

LP Solver: GaifmanBoosted