10, 2.5659828423762576, 5.866066966516741, 9
+-- , 0 , {26, 13} , {'xL44J', 'xL6J', 'xL50J', 'xL13J', 'xL54J', 'xL40J', 'xL11J', 'xL26J', 'xL24J', 'xL34J', 'xL43J', 'xL31J', 'xL51J', 'xL52J', 'xL41J', 'xL46J', 'xL21J', 'xL39J', 'xL12J', 'xL10J', 'xL57J', 'xL42J', 'xL15J', 'xL16J', 'xL58J', 'xL36J', 'xL8J', 'xL53J', 'xL47J', 'xL37J', 'xL23J', 'xL30J', 'xL22J', 'xL4J', 'xL2J', 'xL20J', 'xL5J', 'xL38J', 'xL59J', 'xL1J', 'xL25J', 'xL27J', 'xL32J'}
| +-- , 26 , {28, 30} , {'xL44J', 'xL6J', 'xL58J', 'xL50J', 'xL7J', 'xL8J', 'xL53J', 'xL13J', 'xL47J', 'xL40J', 'xL35J', 'xL37J', 'xL11J', 'xL23J', 'xL26J', 'xL22J', 'xL24J', 'xL51J', 'xL52J', 'xL41J', 'xL2J', 'xL38J', 'xL46J', 'xL5J', 'xL12J', 'xL39J', 'xL10J', 'xL57J', 'xL42J', 'xL15J', 'xL1J', 'xL25J', 'xL16J', 'xL32J'}
| | +-- , 28 , set() , {'xL12J', 'xL6J', 'xL17J', 'xL57J', 'xL7J', 'xL8J', 'xL40J', 'xL25J', 'xL35J', 'xL38J', 'xL37J', 'xL16J', 'xL51J', 'xL52J', 'xL11J'}
| | +-- , 30 , set() , {'xL44J', 'xL26J', 'xL41J', 'xL7J', 'xL24J', 'xL40J', 'xL38J', 'xL5J', 'xL32J', 'xL33J'}
| +-- , 13 , {16, 18} , {'xL44J', 'xL6J', 'xL50J', 'xL54J', 'xL13J', 'xL40J', 'xL11J', 'xL26J', 'xL0J', 'xL24J', 'xL34J', 'xL43J', 'xL31J', 'xL51J', 'xL52J', 'xL41J', 'xL9J', 'xL46J', 'xL21J', 'xL12J', 'xL39J', 'xL10J', 'xL57J', 'xL42J', 'xL15J', 'xL16J', 'xL58J', 'xL36J', 'xL8J', 'xL53J', 'xL47J', 'xL37J', 'xL23J', 'xL22J', 'xL4J', 'xL18J', 'xL2J', 'xL20J', 'xL55J', 'xL38J', 'xL48J', 'xL59J', 'xL1J', 'xL3J', 'xL27J', 'xL32J'}
| | +-- , 16 , set() , {'xL44J', 'xL58J', 'xL36J', 'xL8J', 'xL53J', 'xL54J', 'xL47J', 'xL40J', 'xL37J', 'xL11J', 'xL26J', 'xL23J', 'xL22J', 'xL0J', 'xL24J', 'xL4J', 'xL43J', 'xL49J', 'xL18J', 'xL31J', 'xL52J', 'xL9J', 'xL55J', 'xL46J', 'xL21J', 'xL12J', 'xL48J', 'xL57J', 'xL10J', 'xL42J', 'xL56J', 'xL15J', 'xL59J', 'xL1J', 'xL3J', 'xL27J', 'xL16J'}
| | +-- , 18 , {20} , {'xL6J', 'xL58J', 'xL50J', 'xL8J', 'xL53J', 'xL54J', 'xL29J', 'xL40J', 'xL13J', 'xL37J', 'xL26J', 'xL23J', 'xL0J', 'xL24J', 'xL34J', 'xL4J', 'xL43J', 'xL18J', 'xL31J', 'xL51J', 'xL52J', 'xL41J', 'xL2J', 'xL9J', 'xL20J', 'xL55J', 'xL38J', 'xL46J', 'xL21J', 'xL12J', 'xL39J', 'xL48J', 'xL45J', 'xL42J', 'xL15J', 'xL59J', 'xL3J', 'xL27J', 'xL16J', 'xL32J'}
| | | +-- , 20 , {24, 22} , {'xL6J', 'xL58J', 'xL50J', 'xL53J', 'xL54J', 'xL29J', 'xL40J', 'xL13J', 'xL37J', 'xL14J', 'xL23J', 'xL0J', 'xL24J', 'xL34J', 'xL4J', 'xL43J', 'xL18J', 'xL31J', 'xL51J', 'xL52J', 'xL41J', 'xL2J', 'xL9J', 'xL20J', 'xL38J', 'xL46J', 'xL21J', 'xL12J', 'xL48J', 'xL45J', 'xL42J', 'xL15J', 'xL59J', 'xL3J', 'xL27J', 'xL16J', 'xL32J'}
| | | | +-- , 24 , set() , {'xL23J', 'xL58J', 'xL50J', 'xL41J', 'xL45J', 'xL20J', 'xL15J', 'xL19J', 'xL54J', 'xL3J', 'xL38J', 'xL46J', 'xL18J', 'xL21J', 'xL32J', 'xL52J', 'xL14J'}
| | | | +-- , 22 , set() , {'xL12J', 'xL6J', 'xL48J', 'xL45J', 'xL2J', 'xL20J', 'xL0J', 'xL24J', 'xL53J', 'xL54J', 'xL34J', 'xL40J', 'xL28J', 'xL4J', 'xL37J', 'xL51J', 'xL14J'}


Max number of edges with non zero Y: 26
Max number of iterations of outer rounding loop: 5
Max number of candidate sets: 2
Time spent rounding: 49.297
Time spent solving Separator LP: 32.127

LP Solver: GaifmanBoosted8, 2.6634381787238044, 6.3, 9
+-- , 0 , {11} , {'xL51J', 'xL31J', 'xL59J', 'xL26J', 'xL22J', 'xL20J', 'xL50J', 'xL19J', 'xL52J', 'xL56J', 'xL45J', 'xL3J', 'xL54J', 'xL8J', 'xL16J', 'xL9J', 'xL14J', 'xL42J', 'xL1J', 'xL49J', 'xL4J', 'xL57J', 'xL46J', 'xL43J', 'xL37J', 'xL23J', 'xL18J', 'xL36J', 'xL11J', 'xL58J', 'xL32J', 'xL55J', 'xL15J', 'xL30J', 'xL40J', 'xL38J', 'xL10J', 'xL27J', 'xL41J', 'xL21J', 'xL44J', 'xL12J', 'xL24J'}
| +-- , 11 , {13} , {'xL51J', 'xL31J', 'xL59J', 'xL26J', 'xL22J', 'xL20J', 'xL50J', 'xL52J', 'xL45J', 'xL56J', 'xL3J', 'xL54J', 'xL8J', 'xL16J', 'xL9J', 'xL14J', 'xL42J', 'xL1J', 'xL49J', 'xL4J', 'xL57J', 'xL46J', 'xL29J', 'xL43J', 'xL37J', 'xL23J', 'xL18J', 'xL36J', 'xL39J', 'xL11J', 'xL58J', 'xL32J', 'xL55J', 'xL15J', 'xL30J', 'xL40J', 'xL0J', 'xL38J', 'xL10J', 'xL27J', 'xL41J', 'xL21J', 'xL44J', 'xL2J', 'xL12J', 'xL47J', 'xL24J'}
| | +-- , 13 , {15} , {'xL28J', 'xL53J', 'xL48J', 'xL51J', 'xL31J', 'xL59J', 'xL26J', 'xL22J', 'xL20J', 'xL50J', 'xL52J', 'xL45J', 'xL3J', 'xL54J', 'xL8J', 'xL16J', 'xL9J', 'xL14J', 'xL42J', 'xL1J', 'xL49J', 'xL4J', 'xL57J', 'xL46J', 'xL29J', 'xL43J', 'xL37J', 'xL23J', 'xL18J', 'xL36J', 'xL39J', 'xL11J', 'xL6J', 'xL58J', 'xL32J', 'xL55J', 'xL15J', 'xL30J', 'xL40J', 'xL0J', 'xL38J', 'xL10J', 'xL27J', 'xL41J', 'xL21J', 'xL44J', 'xL2J', 'xL12J', 'xL47J', 'xL24J'}
| | | +-- , 15 , {17} , {'xL28J', 'xL53J', 'xL48J', 'xL51J', 'xL31J', 'xL59J', 'xL26J', 'xL22J', 'xL50J', 'xL52J', 'xL45J', 'xL3J', 'xL54J', 'xL8J', 'xL16J', 'xL14J', 'xL42J', 'xL1J', 'xL57J', 'xL46J', 'xL29J', 'xL43J', 'xL37J', 'xL23J', 'xL36J', 'xL39J', 'xL13J', 'xL11J', 'xL6J', 'xL58J', 'xL32J', 'xL15J', 'xL40J', 'xL0J', 'xL38J', 'xL10J', 'xL27J', 'xL41J', 'xL21J', 'xL34J', 'xL44J', 'xL2J', 'xL12J', 'xL47J', 'xL24J'}
| | | | +-- , 17 , {19} , {'xL53J', 'xL25J', 'xL43J', 'xL37J', 'xL51J', 'xL31J', 'xL23J', 'xL36J', 'xL26J', 'xL22J', 'xL39J', 'xL50J', 'xL13J', 'xL52J', 'xL11J', 'xL6J', 'xL58J', 'xL32J', 'xL15J', 'xL8J', 'xL40J', 'xL16J', 'xL38J', 'xL42J', 'xL10J', 'xL1J', 'xL41J', 'xL5J', 'xL35J', 'xL21J', 'xL57J', 'xL34J', 'xL44J', 'xL46J', 'xL2J', 'xL12J', 'xL47J', 'xL24J'}
| | | | | +-- , 19 , {21, 23} , {'xL8J', 'xL40J', 'xL16J', 'xL25J', 'xL37J', 'xL51J', 'xL38J', 'xL26J', 'xL42J', 'xL10J', 'xL7J', 'xL39J', 'xL41J', 'xL5J', 'xL13J', 'xL35J', 'xL52J', 'xL11J', 'xL57J', 'xL44J', 'xL6J', 'xL46J', 'xL58J', 'xL32J', 'xL2J', 'xL12J', 'xL24J', 'xL15J'}
| | | | | | +-- , 21 , set() , {'xL8J', 'xL40J', 'xL16J', 'xL35J', 'xL52J', 'xL57J', 'xL11J', 'xL37J', 'xL6J', 'xL38J', 'xL51J', 'xL25J', 'xL12J', 'xL7J', 'xL17J'}
| | | | | | +-- , 23 , set() , {'xL40J', 'xL41J', 'xL5J', 'xL44J', 'xL38J', 'xL33J', 'xL32J', 'xL26J', 'xL24J', 'xL7J'}


Max number of edges with non zero Y: 28
Max number of iterations of outer rounding loop: 8
Max number of candidate sets: 2
Time spent rounding: 46.944
Time spent solving Separator LP: 30.635

LP Solver: GaifmanBoosted