57, 3.3355193738670263, 10.0, 10
+-- , 0 , {65, 3, 71, 7, 81, 83, 85, 87, 97, 101, 103, 105, 107, 111, 57, 59} , {'xL3J', 'zL15J', 'xL5J', 'zL77J', 'zL6J', 'xL9J', 'xL7J', 'zL18J', 'zL58J', 'xL4J', 'xL0J', 'xL1J', 'zL5J', 'zL35J', 'xL8J', 'xL2J', 'zL14J'}
| +-- , 65 , {67} , {'xL3J', 'xL2J', 'zL78J', 'xL5J', 'zL77J'}
| | +-- , 67 , {69} , {'xL2J', 'zL78J', 'xL5J', 'zL79J'}
| | | +-- , 69 , set() , {'xL5J', 'w22', 'zL79J'}
| +-- , 3 , set() , {'xL3J', 'zL65J', 'w19', 'yL16J', 'xL9J', 'zL66J', 'xL8J', 'xL2J', 'zL67J', 'zL64J', 'xL1J'}
| +-- , 71 , {73, 77} , {'xL3J', 'xL5J', 'xL8J', 'zL41J', 'zL42J', 'xL0J', 'xL1J'}
| | +-- , 73 , {75} , {'xL8J', 'zL41J', 'zL40J', 'xL0J'}
| | | +-- , 75 , set() , {'zL40J', 'xL8J', 'yL10J'}
| | +-- , 77 , {79} , {'zL42J', 'xL5J', 'xL1J', 'zL43J'}
| | | +-- , 79 , set() , {'w13', 'xL1J', 'zL43J'}
| +-- , 7 , {9} , {'xL3J', 'zL15J', 'xL5J', 'zL77J', 'zL6J', 'zL76J', 'xL9J', 'xL7J', 'zL18J', 'zL58J', 'xL4J', 'xL0J', 'xL1J', 'yL19J', 'zL35J', 'xL8J', 'xL2J'}
| | +-- , 9 , {11, 55} , {'xL3J', 'zL15J', 'zL46J', 'xL5J', 'zL77J', 'zL6J', 'zL47J', 'zL76J', 'xL9J', 'xL7J', 'zL18J', 'zL58J', 'xL4J', 'xL0J', 'xL1J', 'zL35J', 'xL8J', 'xL2J', 'zL16J', 'zL17J'}
| | | +-- , 11 , {13} , {'xL3J', 'zL15J', 'zL59J', 'zL46J', 'xL5J', 'zL77J', 'zL6J', 'zL76J', 'xL9J', 'xL7J', 'zL45J', 'zL58J', 'xL4J', 'zL34J', 'xL0J', 'xL1J', 'zL35J', 'xL8J', 'xL2J', 'zL16J'}
| | | | +-- , 13 , {15} , {'xL3J', 'zL15J', 'zL59J', 'xL5J', 'zL77J', 'zL6J', 'zL76J', 'xL9J', 'xL7J', 'zL45J', 'xL4J', 'zL34J', 'xL0J', 'zL32J', 'xL1J', 'xL8J', 'xL2J', 'yL8J', 'zL16J'}
| | | | | +-- , 15 , {39, 43, 45, 47, 17, 49, 19, 51, 21, 29} , {'xL3J', 'zL15J', 'zL59J', 'xL5J', 'zL77J', 'zL6J', 'zL16J', 'zL76J', 'xL9J', 'xL7J', 'zL45J', 'xL4J', 'zL34J', 'xL0J', 'zL32J', 'xL1J', 'xL8J', 'xL2J', 'xL6J'}
| | | | | | +-- , 39 , {41} , {'zL44J', 'zL45J', 'xL4J', 'xL6J'}
| | | | | | | +-- , 41 , set() , {'zL44J', 'yL11J', 'xL6J'}
| | | | | | +-- , 43 , set() , {'xL6J', 'w17', 'zL59J'}
| | | | | | +-- , 45 , set() , {'xL7J', 'zL33J', 'xL6J', 'zL34J', 'zL32J'}
| | | | | | +-- , 47 , set() , {'yL4J', 'xL6J', 'zL16J'}
| | | | | | +-- , 17 , set() , {'zL27J', 'yL6J', 'w9', 'xL9J', 'zL26J', 'xL2J', 'xL8J', 'xL4J', 'xL6J', 'zL24J', 'zL25J'}
| | | | | | +-- , 49 , set() , {'xL3J', 'zL10J', 'xL5J', 'xL9J', 'xL7J', 'w5', 'zL11J', 'yL2J', 'xL6J', 'zL8J', 'zL9J'}
| | | | | | +-- , 19 , set() , {'xL6J', 'zL15J', 'w6'}
| | | | | | +-- , 51 , {53} , {'zL7J', 'xL5J', 'xL6J', 'zL6J'}
| | | | | | | +-- , 53 , set() , {'xL5J', 'zL7J', 'w4'}
| | | | | | +-- , 21 , {27, 23} , {'xL3J', 'zL3J', 'xL8J', 'zL2J', 'xL6J', 'xL0J', 'xL1J'}
| | | | | | | +-- , 27 , set() , {'w3', 'zL3J', 'xL6J'}
| | | | | | | +-- , 23 , {25} , {'xL3J', 'xL8J', 'zL2J', 'zL0J', 'zL1J', 'xL0J'}
| | | | | | | | +-- , 25 , set() , {'xL3J', 'yL0J', 'zL0J'}
| | | | | | +-- , 29 , {35, 31} , {'xL5J', 'zL70J', 'zL69J', 'xL7J', 'xL6J', 'xL0J', 'xL1J'}
| | | | | | | +-- , 35 , {37} , {'xL6J', 'zL71J', 'xL0J', 'zL70J'}
| | | | | | | | +-- , 37 , set() , {'zL71J', 'w20', 'xL0J'}
| | | | | | | +-- , 31 , {33} , {'xL7J', 'xL5J', 'zL68J', 'zL69J'}
| | | | | | | | +-- , 33 , set() , {'xL5J', 'zL68J', 'yL17J'}
| | | +-- , 55 , set() , {'xL5J', 'zL47J', 'w14'}
| +-- , 81 , set() , {'zL60J', 'zL62J', 'zL63J', 'zL61J', 'yL15J', 'xL9J', 'w18', 'xL8J', 'xL2J', 'xL4J', 'xL1J'}
| +-- , 83 , set() , {'w12', 'zL39J', 'xL5J', 'zL38J', 'zL36J', 'xL7J', 'xL2J', 'zL37J', 'xL4J', 'xL1J', 'yL9J'}
| +-- , 85 , set() , {'xL3J', 'zL49J', 'yL12J', 'zL48J', 'zL51J', 'xL9J', 'xL8J', 'xL4J', 'zL50J', 'w15', 'xL1J'}
| +-- , 87 , {89, 93} , {'zL54J', 'zL53J', 'xL5J', 'xL7J', 'xL2J', 'xL0J', 'xL1J'}
| | +-- , 89 , {91} , {'zL54J', 'xL2J', 'xL0J', 'zL55J'}
| | | +-- , 91 , set() , {'xL0J', 'w16', 'zL55J'}
| | +-- , 93 , {95} , {'xL7J', 'xL5J', 'zL53J', 'zL52J'}
| | | +-- , 95 , set() , {'xL5J', 'yL13J', 'zL52J'}
| +-- , 97 , {99} , {'xL7J', 'zL18J', 'xL4J', 'zL19J'}
| | +-- , 99 , set() , {'w7', 'xL4J', 'zL19J'}
| +-- , 101 , set() , {'xL8J', 'zL35J', 'w11'}
| +-- , 103 , set() , {'zL22J', 'xL5J', 'xL9J', 'zL20J', 'xL8J', 'w8', 'yL5J', 'zL21J', 'xL0J', 'zL23J', 'xL4J'}
| +-- , 105 , set() , {'zL73J', 'xL5J', 'zL74J', 'xL9J', 'xL2J', 'yL18J', 'zL75J', 'xL0J', 'zL72J', 'xL1J', 'w21'}
| +-- , 107 , {109} , {'zL4J', 'xL3J', 'xL4J', 'zL5J'}
| | +-- , 109 , set() , {'zL4J', 'xL4J', 'yL1J'}
| +-- , 111 , {113} , {'xL1J', 'zL58J', 'xL5J', 'xL0J', 'zL57J'}
| | +-- , 113 , {115} , {'zL56J', 'xL1J', 'xL0J', 'zL57J'}
| | | +-- , 115 , set() , {'zL56J', 'yL14J', 'xL0J'}
| +-- , 57 , set() , {'xL3J', 'zL28J', 'zL31J', 'zL30J', 'xL7J', 'xL8J', 'zL29J', 'xL0J', 'w10', 'xL4J', 'yL7J'}
| +-- , 59 , {61} , {'xL8J', 'xL5J', 'zL13J', 'xL1J', 'zL14J'}
| | +-- , 61 , {63} , {'xL8J', 'zL12J', 'zL13J', 'xL1J'}
| | | +-- , 63 , set() , {'zL12J', 'yL3J', 'xL1J'}


Max number of edges with non zero Y: 29
Max number of iterations of outer rounding loop: 3
Max number of candidate sets: 2
Time spent rounding: 21.464
Time spent solving Separator LP: 12.926
Total time spent solving: 46.618

LP Solver: GaifmanBoosted
Lower Bound Witness = ({'xL3J', 'zL38J', 'xL7J', 'zL20J', 'zL32J', 'zL72J', 'zL19J', 'yL14J', 'zL13J', 'w13', 'w8', 'zL42J', 'zL79J', 'zL1J', 'yL18J', 'zL75J', 'w3', 'zL46J', 'zL60J', 'w4', 'zL6J', 'zL47J', 'zL48J', 'xL9J', 'w10', 'yL17J', 'zL27J', 'zL22J', 'zL73J', 'zL62J', 'w16', 'zL66J', 'yL8J', 'xL2J', 'zL67J', 'zL52J', 'zL56J', 'zL15J', 'zL30J', 'xL5J', 'zL39J', 'yL12J', 'zL41J', 'zL34J', 'zL69J', 'yL7J', 'zL33J', 'zL12J', 'zL23J', 'zL28J', 'zL3J', 'w12', 'zL7J', 'zL74J', 'zL57J', 'w19', 'yL16J', 'zL26J', 'zL37J', 'zL5J', 'yL4J', 'zL29J', 'yL2J', 'xL6J', 'zL65J', 'yL13J', 'zL54J', 'yL1J', 'w6', 'w11', 'zL61J', 'zL58J', 'w15', 'zL55J', 'w22', 'zL53J', 'w9', 'yL19J', 'yL15J', 'w5', 'zL64J', 'zL50J', 'zL14J', 'yL9J', 'w7', 'zL10J', 'zL78J', 'zL76J', 'zL45J', 'yL10J', 'xL4J', 'zL18J', 'xL0J', 'zL31J', 'zL71J', 'w17', 'yL5J', 'zL21J', 'zL8J', 'zL9J', 'zL17J', 'w14', 'zL70J', 'w18', 'zL2J', 'zL11J', 'zL68J', 'zL25J', 'w21', 'w20', 'zL63J', 'zL35J', 'zL36J', 'zL44J', 'zL24J', 'zL59J', 'zL77J', 'yL3J', 'zL43J', 'yL0J', 'xL1J', 'zL4J', 'yL6J', 'yL11J', 'zL0J', 'zL40J', 'zL49J', 'zL51J', 'xL8J', 'zL16J'}, {'zL15J', 'zL30J', 'w11', 'zL2J', 'zL68J', 'zL69J', 'yL14J', 'zL63J', 'zL13J', 'w5', 'zL14J', 'zL3J', 'zL78J', 'zL6J', 'zL57J', 'w19', 'zL76J', 'zL48J', 'zL45J', 'zL37J', 'zL18J', 'zL4J', 'zL62J', 'yL4J', 'w16', 'xL2J', 'zL21J', 'zL9J'})