64, 2.560359130826758, 9.0, 9
+-- , 0 , {129, 3, 7, 107, 109, 111, 113, 115, 119, 121, 123, 125} , {'xL3J', 'zL56J', 'zL38J', 'w11', 'zL57J', 'xL9J', 'xL7J', 'zL37J', 'xL4J', 'zL32J', 'xL1J', 'zL73J', 'zL22J', 'zL31J', 'zL35J', 'zL21J', 'xL8J', 'xL2J', 'zL33J', 'xL6J', 'zL8J'}
| +-- , 129 , {131} , {'xL9J', 'zL73J', 'zL72J', 'xL1J'}
| | +-- , 131 , set() , {'yL18J', 'zL72J', 'xL1J'}
| +-- , 3 , set() , {'xL3J', 'zL65J', 'w19', 'yL16J', 'xL9J', 'zL66J', 'xL8J', 'xL2J', 'zL67J', 'zL64J', 'xL1J'}
| +-- , 7 , {9} , {'xL3J', 'zL56J', 'zL30J', 'zL57J', 'xL9J', 'xL7J', 'zL37J', 'xL4J', 'zL34J', 'xL1J', 'zL73J', 'zL31J', 'zL35J', 'zL21J', 'xL8J', 'xL2J', 'zL33J', 'xL6J', 'zL8J', 'zL9J'}
| | +-- , 9 , {97, 103, 13, 81, 23, 87, 91, 93} , {'xL3J', 'zL56J', 'zL30J', 'zL46J', 'xL5J', 'zL57J', 'xL9J', 'xL7J', 'zL45J', 'zL37J', 'xL4J', 'zL34J', 'xL1J', 'zL73J', 'zL35J', 'xL8J', 'xL2J', 'zL21J', 'xL6J', 'zL9J'}
| | | +-- , 97 , {99} , {'xL9J', 'xL7J', 'zL10J', 'xL5J', 'zL9J'}
| | | | +-- , 99 , {101} , {'xL9J', 'xL7J', 'zL11J', 'zL10J'}
| | | | | +-- , 101 , set() , {'xL9J', 'w5', 'zL11J'}
| | | +-- , 103 , {105} , {'zL44J', 'zL45J', 'xL4J', 'xL6J'}
| | | | +-- , 105 , set() , {'zL44J', 'yL11J', 'xL6J'}
| | | +-- , 13 , {17, 15} , {'zL15J', 'xL5J', 'xL8J', 'xL4J', 'xL6J', 'xL1J', 'zL14J'}
| | | | +-- , 17 , {19} , {'xL8J', 'xL5J', 'zL13J', 'xL1J', 'zL14J'}
| | | | | +-- , 19 , {21} , {'xL8J', 'zL12J', 'zL13J', 'xL1J'}
| | | | | | +-- , 21 , set() , {'zL12J', 'yL3J', 'xL1J'}
| | | | +-- , 15 , set() , {'xL6J', 'zL15J', 'w6'}
| | | +-- , 81 , {83} , {'xL7J', 'zL58J', 'xL5J', 'xL6J', 'zL57J'}
| | | | +-- , 83 , {85} , {'xL7J', 'zL59J', 'zL58J', 'xL6J'}
| | | | | +-- , 85 , set() , {'xL6J', 'w17', 'zL59J'}
| | | +-- , 23 , {25} , {'xL3J', 'zL56J', 'zL30J', 'xL5J', 'zL29J', 'zL74J', 'xL7J', 'zL20J', 'yL0J', 'yL10J', 'xL4J', 'xL1J', 'zL73J', 'zL0J', 'zL40J', 'xL8J', 'xL2J', 'zL21J', 'xL6J'}
| | | | +-- , 25 , {65, 35, 67, 45, 77, 79, 55, 27, 61} , {'zL56J', 'zL28J', 'xL3J', 'xL5J', 'zL74J', 'xL7J', 'zL20J', 'zL41J', 'xL0J', 'xL1J', 'zL0J', 'zL40J', 'xL8J', 'xL2J', 'zL29J', 'xL6J'}
| | | | | +-- , 65 , set() , {'zL20J', 'xL0J', 'yL5J'}
| | | | | +-- , 35 , {37, 39} , {'xL3J', 'zL78J', 'xL5J', 'xL2J', 'zL79J', 'xL6J', 'xL0J'}
| | | | | | +-- , 37 , set() , {'xL5J', 'w22', 'zL79J'}
| | | | | | +-- , 39 , {41} , {'xL3J', 'xL6J', 'zL78J', 'zL77J', 'xL0J'}
| | | | | | | +-- , 41 , {43} , {'xL6J', 'xL0J', 'zL77J', 'zL76J'}
| | | | | | | | +-- , 43 , set() , {'xL0J', 'yL19J', 'zL76J'}
| | | | | +-- , 67 , {73, 69} , {'zL54J', 'zL53J', 'xL5J', 'xL7J', 'xL2J', 'xL0J', 'xL1J'}
| | | | | | +-- , 73 , {75} , {'xL7J', 'xL5J', 'zL53J', 'zL52J'}
| | | | | | | +-- , 75 , set() , {'xL5J', 'yL13J', 'zL52J'}
| | | | | | +-- , 69 , {71} , {'zL54J', 'xL2J', 'xL0J', 'zL55J'}
| | | | | | | +-- , 71 , set() , {'xL0J', 'w16', 'zL55J'}
| | | | | +-- , 45 , {51, 47} , {'xL5J', 'zL70J', 'zL69J', 'xL7J', 'xL6J', 'xL0J', 'xL1J'}
| | | | | | +-- , 51 , {53} , {'xL6J', 'zL71J', 'xL0J', 'zL70J'}
| | | | | | | +-- , 53 , set() , {'zL71J', 'w20', 'xL0J'}
| | | | | | +-- , 47 , {49} , {'xL7J', 'xL5J', 'zL68J', 'zL69J'}
| | | | | | | +-- , 49 , set() , {'xL5J', 'zL68J', 'yL17J'}
| | | | | +-- , 77 , set() , {'zL56J', 'yL14J', 'xL0J'}
| | | | | +-- , 79 , set() , {'zL28J', 'xL0J', 'yL7J'}
| | | | | +-- , 55 , {57} , {'xL3J', 'zL42J', 'zL41J', 'xL5J', 'xL1J'}
| | | | | | +-- , 57 , {59} , {'zL42J', 'xL5J', 'xL1J', 'zL43J'}
| | | | | | | +-- , 59 , set() , {'w13', 'xL1J', 'zL43J'}
| | | | | +-- , 27 , {29} , {'zL0J', 'xL8J', 'xL6J', 'xL0J', 'xL1J', 'zL1J'}
| | | | | | +-- , 29 , {31} , {'xL8J', 'zL2J', 'xL6J', 'xL1J', 'zL1J'}
| | | | | | | +-- , 31 , {33} , {'zL3J', 'zL2J', 'xL6J', 'xL1J'}
| | | | | | | | +-- , 33 , set() , {'w3', 'zL3J', 'xL6J'}
| | | | | +-- , 61 , {63} , {'xL5J', 'zL75J', 'xL0J', 'zL74J'}
| | | | | | +-- , 63 , set() , {'zL75J', 'xL0J', 'w21'}
| | | +-- , 87 , {89} , {'zL37J', 'xL4J', 'xL5J', 'zL36J'}
| | | | +-- , 89 , set() , {'xL5J', 'zL36J', 'yL9J'}
| | | +-- , 91 , set() , {'xL3J', 'zL4J', 'zL7J', 'yL1J', 'xL5J', 'w4', 'zL6J', 'xL4J', 'xL6J', 'xL1J', 'zL5J'}
| | | +-- , 93 , {95} , {'xL9J', 'zL46J', 'xL5J', 'zL47J'}
| | | | +-- , 95 , set() , {'xL5J', 'zL47J', 'w14'}
| +-- , 107 , set() , {'xL7J', 'w10', 'zL31J'}
| +-- , 109 , set() , {'zL60J', 'zL62J', 'zL63J', 'zL61J', 'yL15J', 'xL9J', 'w18', 'xL8J', 'xL2J', 'xL4J', 'xL1J'}
| +-- , 111 , set() , {'xL3J', 'xL6J', 'w7', 'yL4J', 'xL7J', 'xL2J', 'zL18J', 'xL4J', 'zL16J', 'zL19J', 'zL17J'}
| +-- , 113 , set() , {'xL3J', 'zL8J', 'yL2J'}
| +-- , 115 , {117} , {'xL7J', 'zL38J', 'zL39J', 'xL1J'}
| | +-- , 117 , set() , {'zL39J', 'xL7J', 'w12'}
| +-- , 119 , set() , {'xL3J', 'zL49J', 'yL12J', 'zL48J', 'zL51J', 'xL9J', 'xL8J', 'xL4J', 'zL50J', 'w15', 'xL1J'}
| +-- , 121 , set() , {'xL9J', 'yL8J', 'zL32J'}
| +-- , 123 , set() , {'zL27J', 'yL6J', 'w9', 'xL9J', 'zL26J', 'xL2J', 'xL8J', 'xL4J', 'xL6J', 'zL24J', 'zL25J'}
| +-- , 125 , {127} , {'xL9J', 'zL22J', 'xL8J', 'zL23J'}
| | +-- , 127 , set() , {'xL8J', 'w8', 'zL23J'}


Max number of edges with non zero Y: 22
Max number of iterations of outer rounding loop: 8
Max number of candidate sets: 2
Time spent rounding: 19.184
Time spent solving Separator LP: 5.933
Total time spent solving: 32.379

LP Solver: GaifmanNormal
Lower Bound Witness = ({'xL3J', 'zL38J', 'xL7J', 'zL20J', 'zL32J', 'zL72J', 'zL19J', 'yL14J', 'zL13J', 'w13', 'w8', 'zL42J', 'zL79J', 'zL1J', 'yL18J', 'zL75J', 'w3', 'zL46J', 'zL60J', 'w4', 'zL6J', 'zL47J', 'zL48J', 'xL9J', 'w10', 'yL17J', 'zL27J', 'zL22J', 'zL73J', 'zL62J', 'w16', 'zL66J', 'yL8J', 'xL2J', 'zL67J', 'zL52J', 'zL56J', 'zL15J', 'zL30J', 'xL5J', 'zL39J', 'yL12J', 'zL41J', 'zL34J', 'zL69J', 'yL7J', 'zL33J', 'zL12J', 'zL23J', 'zL28J', 'zL3J', 'w12', 'zL7J', 'zL74J', 'zL57J', 'w19', 'yL16J', 'zL26J', 'zL37J', 'zL5J', 'yL4J', 'zL29J', 'yL2J', 'xL6J', 'zL65J', 'yL13J', 'zL54J', 'yL1J', 'w6', 'w11', 'zL61J', 'zL58J', 'w15', 'zL55J', 'w22', 'zL53J', 'w9', 'yL19J', 'yL15J', 'w5', 'zL64J', 'zL50J', 'zL14J', 'yL9J', 'w7', 'zL10J', 'zL78J', 'zL76J', 'zL45J', 'yL10J', 'xL4J', 'zL18J', 'xL0J', 'zL31J', 'zL71J', 'w17', 'yL5J', 'zL21J', 'zL8J', 'zL9J', 'zL17J', 'w14', 'zL70J', 'w18', 'zL2J', 'zL11J', 'zL68J', 'zL25J', 'w21', 'w20', 'zL63J', 'zL35J', 'zL36J', 'zL44J', 'zL24J', 'zL59J', 'zL77J', 'yL3J', 'zL43J', 'yL0J', 'xL1J', 'zL4J', 'yL6J', 'yL11J', 'zL0J', 'zL40J', 'zL49J', 'zL51J', 'xL8J', 'zL16J'}, {'zL56J', 'zL22J', 'zL50J', 'zL73J', 'w4', 'zL39J', 'yL15J', 'yL8J', 'xL2J', 'yL2J', 'yL18J', 'zL16J', 'zL65J', 'w10', 'zL19J'})