67, 3.0828319266634034, 9.0, 9
+-- , 0 , {129, 3, 131, 5, 69, 71, 11, 81, 91, 97, 101, 107, 123, 113, 57, 59, 125} , {'zL22J', 'zL21J', 'xL4J', 'zL39J', 'xL1J', 'xL6J', 'xL5J', 'zL65J', 'zL45J', 'xL9J', 'xL2J', 'xL0J', 'xL7J', 'xL8J', 'zL7J', 'zL30J'}
| +-- , 129 , set() , {'w4', 'zL7J', 'xL4J'}
| +-- , 3 , set() , {'zL51J', 'w15', 'zL49J', 'zL48J', 'xL4J', 'yL12J', 'xL8J', 'xL6J', 'xL5J', 'xL1J', 'zL50J'}
| +-- , 131 , {133} , {'xL9J', 'zL22J', 'zL23J', 'xL4J'}
| | +-- , 133 , set() , {'xL9J', 'w8', 'zL23J'}
| +-- , 5 , {7} , {'xL9J', 'w3', 'xL4J', 'zL3J', 'xL7J', 'xL0J', 'xL8J'}
| | +-- , 7 , {9} , {'zL1J', 'xL4J', 'zL0J', 'xL8J', 'zL3J', 'xL0J', 'zL2J', 'xL7J'}
| | | +-- , 9 , set() , {'yL0J', 'zL0J', 'xL4J'}
| +-- , 69 , set() , {'zL24J', 'w9', 'xL9J', 'zL27J', 'yL6J', 'zL26J', 'xL2J', 'zL25J', 'xL5J', 'xL0J', 'xL8J'}
| +-- , 71 , {73} , {'xL9J', 'xL6J', 'xL5J', 'xL7J', 'zL16J', 'xL1J', 'yL4J'}
| | +-- , 73 , {75} , {'xL9J', 'zL17J', 'xL5J', 'xL7J', 'zL16J', 'xL1J'}
| | | +-- , 75 , {77} , {'zL18J', 'xL9J', 'zL17J', 'xL7J', 'xL1J'}
| | | | +-- , 77 , {79} , {'zL18J', 'zL19J', 'xL9J', 'xL1J'}
| | | | | +-- , 79 , set() , {'zL19J', 'w7', 'xL1J'}
| +-- , 11 , {13} , {'zL29J', 'xL4J', 'zL38J', 'zL39J', 'xL1J', 'xL6J', 'xL5J', 'zL65J', 'zL45J', 'xL9J', 'zL64J', 'xL2J', 'xL0J', 'xL7J', 'xL8J', 'zL7J', 'zL30J'}
| | +-- , 13 , {15} , {'zL28J', 'zL29J', 'xL4J', 'zL38J', 'xL1J', 'xL6J', 'xL5J', 'yL7J', 'zL45J', 'xL9J', 'zL64J', 'xL2J', 'xL0J', 'xL7J', 'xL8J', 'zL7J'}
| | | +-- , 15 , {35, 37, 39, 43, 17, 49, 19, 51, 27} , {'zL28J', 'zL29J', 'xL4J', 'zL38J', 'xL1J', 'xL6J', 'zL45J', 'xL9J', 'zL64J', 'xL3J', 'xL2J', 'xL0J', 'xL7J', 'xL8J', 'zL7J'}
| | | | +-- , 35 , set() , {'zL75J', 'yL18J', 'zL72J', 'xL4J', 'xL3J', 'xL8J', 'zL73J', 'xL7J', 'xL1J', 'zL74J', 'w21'}
| | | | +-- , 37 , set() , {'xL3J', 'zL64J', 'yL16J'}
| | | | +-- , 39 , {41} , {'zL45J', 'xL6J', 'xL3J', 'zL44J'}
| | | | | +-- , 41 , set() , {'yL11J', 'xL3J', 'zL44J'}
| | | | +-- , 43 , {45} , {'zL38J', 'xL8J', 'zL37J', 'xL3J', 'xL2J'}
| | | | | +-- , 45 , {47} , {'xL8J', 'zL37J', 'zL36J', 'xL2J'}
| | | | | | +-- , 47 , set() , {'zL36J', 'yL9J', 'xL8J'}
| | | | +-- , 17 , set() , {'zL10J', 'zL9J', 'xL3J', 'yL2J', 'xL8J', 'zL8J', 'xL6J', 'xL0J', 'xL1J', 'w5', 'zL11J'}
| | | | +-- , 49 , set() , {'zL40J', 'xL9J', 'zL42J', 'xL3J', 'xL2J', 'zL43J', 'xL6J', 'xL7J', 'w13', 'yL10J', 'zL41J'}
| | | | +-- , 19 , {25, 21} , {'xL3J', 'xL2J', 'xL1J', 'xL0J', 'xL8J', 'zL15J', 'zL14J'}
| | | | | +-- , 25 , set() , {'zL15J', 'w6', 'xL3J'}
| | | | | +-- , 21 , {23} , {'zL12J', 'xL8J', 'xL0J', 'xL1J', 'zL14J', 'zL13J'}
| | | | | | +-- , 23 , set() , {'zL12J', 'xL8J', 'yL3J'}
| | | | +-- , 51 , {53} , {'w22', 'xL9J', 'zL78J', 'xL3J', 'xL8J', 'xL6J', 'xL0J', 'zL77J', 'zL79J'}
| | | | | +-- , 53 , {55} , {'zL76J', 'xL8J', 'xL3J', 'zL77J'}
| | | | | | +-- , 55 , set() , {'zL76J', 'yL19J', 'xL8J'}
| | | | +-- , 27 , {29} , {'xL3J', 'xL6J', 'xL7J', 'xL8J', 'zL7J', 'zL6J'}
| | | | | +-- , 29 , {31} , {'xL6J', 'xL8J', 'xL3J', 'zL5J', 'zL6J'}
| | | | | | +-- , 31 , {33} , {'zL4J', 'xL6J', 'xL8J', 'zL5J'}
| | | | | | | +-- , 33 , set() , {'zL4J', 'xL6J', 'yL1J'}
| +-- , 81 , {83, 87} , {'xL2J', 'xL1J', 'xL7J', 'xL0J', 'xL8J', 'zL69J', 'zL70J'}
| | +-- , 83 , {85} , {'xL7J', 'xL8J', 'zL69J', 'zL68J'}
| | | +-- , 85 , set() , {'yL17J', 'zL68J', 'xL7J'}
| | +-- , 87 , {89} , {'xL2J', 'xL1J', 'zL70J', 'zL71J'}
| | | +-- , 89 , set() , {'w20', 'zL71J', 'xL1J'}
| +-- , 91 , {93} , {'zL45J', 'xL7J', 'xL8J', 'zL46J', 'xL4J'}
| | +-- , 93 , {95} , {'zL47J', 'xL8J', 'zL46J', 'xL4J'}
| | | +-- , 95 , set() , {'xL8J', 'zL47J', 'w14'}
| +-- , 97 , {99} , {'xL0J', 'xL4J', 'zL31J', 'zL30J'}
| | +-- , 99 , set() , {'zL31J', 'w10', 'xL0J'}
| +-- , 101 , {105, 103} , {'zL60J', 'xL9J', 'zL61J', 'xL2J', 'zL63J', 'zL62J', 'xL7J', 'xL0J', 'xL8J'}
| | +-- , 105 , set() , {'w18', 'xL9J', 'zL63J'}
| | +-- , 103 , set() , {'yL15J', 'zL60J', 'xL7J'}
| +-- , 107 , {109} , {'xL5J', 'xL7J', 'zL66J', 'zL65J', 'xL2J'}
| | +-- , 109 , {111} , {'zL67J', 'xL5J', 'zL66J', 'xL2J'}
| | | +-- , 111 , set() , {'zL67J', 'w19', 'xL2J'}
| +-- , 123 , set() , {'zL59J', 'yL14J', 'xL2J', 'zL57J', 'xL6J', 'xL5J', 'xL0J', 'zL58J', 'xL1J', 'w17', 'zL56J'}
| +-- , 113 , {121, 115} , {'xL9J', 'zL35J', 'xL6J', 'xL5J', 'xL7J', 'xL8J', 'zL34J'}
| | +-- , 121 , set() , {'zL35J', 'xL7J', 'w11'}
| | +-- , 115 , {117} , {'zL33J', 'xL6J', 'xL5J', 'xL8J', 'zL34J'}
| | | +-- , 117 , {119} , {'zL33J', 'xL6J', 'xL5J', 'zL32J'}
| | | | +-- , 119 , set() , {'yL8J', 'xL6J', 'zL32J'}
| +-- , 57 , set() , {'zL39J', 'xL6J', 'w12'}
| +-- , 59 , {67, 61} , {'zL53J', 'zL52J', 'xL2J', 'xL1J', 'xL6J', 'xL7J', 'xL8J'}
| | +-- , 67 , set() , {'yL13J', 'zL52J', 'xL8J'}
| | +-- , 61 , {63} , {'xL6J', 'xL1J', 'zL54J', 'zL53J', 'xL2J'}
| | | +-- , 63 , {65} , {'xL6J', 'zL54J', 'zL55J', 'xL2J'}
| | | | +-- , 65 , set() , {'xL6J', 'zL55J', 'w16'}
| +-- , 125 , {127} , {'xL0J', 'xL7J', 'zL21J', 'zL20J'}
| | +-- , 127 , set() , {'xL7J', 'yL5J', 'zL20J'}


Max number of edges with non zero Y: 40
Max number of iterations of outer rounding loop: 4
Max number of candidate sets: 2
Time spent rounding: 6.232
Time spent solving Separator LP: 5.802
Total time spent solving: 16.232

LP Solver: GaifmanNormal
Lower Bound Witness = ({'zL32J', 'zL35J', 'xL4J', 'zL38J', 'zL39J', 'zL65J', 'zL44J', 'yL1J', 'w22', 'w18', 'zL49J', 'zL10J', 'zL61J', 'zL64J', 'w19', 'zL30J', 'zL6J', 'w21', 'zL47J', 'zL76J', 'zL48J', 'yL19J', 'w20', 'xL6J', 'zL2J', 'zL33J', 'zL25J', 'w3', 'w17', 'zL51J', 'yL13J', 'zL63J', 'zL73J', 'xL7J', 'w8', 'zL50J', 'zL19J', 'zL75J', 'zL22J', 'zL21J', 'zL20J', 'yL0J', 'zL26J', 'w12', 'zL12J', 'w14', 'zL17J', 'yL11J', 'yL15J', 'zL16J', 'yL10J', 'zL70J', 'zL9J', 'w5', 'zL18J', 'zL60J', 'w9', 'zL28J', 'w16', 'zL1J', 'zL42J', 'zL13J', 'zL34J', 'yL7J', 'yL9J', 'zL56J', 'zL14J', 'zL40J', 'w7', 'yL3J', 'zL27J', 'zL68J', 'w10', 'yL16J', 'zL0J', 'xL0J', 'yL5J', 'yL14J', 'zL37J', 'zL54J', 'zL72J', 'xL5J', 'w13', 'zL79J', 'zL36J', 'zL11J', 'w4', 'xL9J', 'zL31J', 'zL7J', 'yL4J', 'w11', 'zL59J', 'zL29J', 'yL18J', 'zL52J', 'zL67J', 'zL4J', 'yL17J', 'zL5J', 'zL45J', 'zL55J', 'zL71J', 'zL3J', 'zL62J', 'zL77J', 'zL53J', 'zL43J', 'zL58J', 'zL74J', 'zL46J', 'zL24J', 'w15', 'xL3J', 'zL8J', 'w6', 'xL8J', 'xL1J', 'yL6J', 'zL57J', 'zL66J', 'zL69J', 'zL15J', 'zL41J', 'yL8J', 'zL78J', 'xL2J', 'yL2J', 'yL12J', 'zL23J'}, {'zL32J', 'zL21J', 'xL4J', 'zL43J', 'zL39J', 'zL58J', 'yL1J', 'zL24J', 'w4', 'zL49J', 'xL3J', 'zL61J', 'zL64J', 'yL4J', 'zL70J', 'w16', 'yL6J', 'zL1J', 'zL29J', 'zL48J', 'zL52J', 'zL67J', 'xL6J', 'zL25J', 'zL15J', 'zL56J', 'zL45J', 'zL27J', 'w10', 'yL12J', 'xL7J', 'zL23J', 'zL50J'})