13, 2.3375278423632357, 6.0, 6
+-- , 0 , {5, 22, 26} , {'xL8J', 'xL0J', 'xL2J', 'xL15J', 'xL23J', 'xL11J', 'xL5J', 'xL16J', 'xL18J', 'xL4J', 'xL1J'}
| +-- , 5 , {8, 20} , {'xL8J', 'xL0J', 'xL5J', 'xL16J', 'xL18J', 'xL12J', 'xL23J', 'xL21J', 'xL4J', 'xL1J', 'xL2J', 'xL15J'}
| | +-- , 8 , {10, 18} , {'xL8J', 'xL0J', 'xL14J', 'xL2J', 'xL15J', 'xL23J', 'xL4J', 'xL5J', 'xL16J', 'xL21J', 'xL18J', 'xL12J'}
| | | +-- , 10 , {12, 14} , {'xL8J', 'xL14J', 'xL0J', 'xL15J', 'xL5J', 'xL16J', 'xL21J', 'xL18J', 'xL3J', 'xL4J'}
| | | | +-- , 12 , set() , {'xL13J', 'xL16J', 'xL3J', 'xL15J'}
| | | | +-- , 14 , {16} , {'xL0J', 'xL15J', 'xL5J', 'xL16J', 'xL22J', 'xL21J', 'xL3J', 'xL18J', 'xL4J'}
| | | | | +-- , 16 , set() , {'xL0J', 'xL15J', 'xL22J', 'xL16J', 'xL17J', 'xL3J', 'xL4J'}
| | | +-- , 18 , set() , {'xL14J', 'xL23J', 'xL9J', 'xL18J', 'xL12J'}
| | +-- , 20 , set() , {'xL8J', 'xL24J', 'xL23J', 'xL12J', 'xL1J'}
| +-- , 22 , {24} , {'xL0J', 'xL18J', 'xL19J', 'xL5J', 'xL16J'}
| | +-- , 24 , set() , {'xL6J', 'xL16J', 'xL18J', 'xL19J'}
| +-- , 26 , {28} , {'xL8J', 'xL15J', 'xL7J', 'xL4J', 'xL10J', 'xL18J', 'xL23J'}
| | +-- , 28 , set() , {'xL10J', 'xL8J', 'xL18J', 'xL20J'}


Max number of edges with non zero Y: 28
Max number of iterations of outer rounding loop: 4
Max number of candidate sets: 2
Time spent rounding: 20.524
Time spent solving Separator LP: 0.436
Total time spent solving: 24.998

LP Solver: GaifmanBoosted
Lower Bound Witness = ({'xL8J', 'xL7J', 'xL22J', 'xL10J', 'xL9J', 'xL18J', 'xL19J', 'xL4J', 'xL24J', 'xL14J', 'xL2J', 'xL11J', 'xL3J', 'xL6J', 'xL0J', 'xL5J', 'xL16J', 'xL17J', 'xL12J', 'xL21J', 'xL23J', 'xL13J', 'xL20J', 'xL1J', 'xL15J'}, {'xL8J', 'xL7J', 'xL22J', 'xL18J', 'xL19J', 'xL4J', 'xL2J', 'xL11J', 'xL6J', 'xL0J', 'xL5J', 'xL16J', 'xL17J', 'xL21J', 'xL23J', 'xL13J', 'xL20J', 'xL1J', 'xL15J'})