12, 3.499999, 5.5, 6
+-- , 0 , {5, 29} , {'xL12J', 'xL8J', 'xL11J', 'xL23J', 'xL9J', 'xL18J', 'xL21J', 'xL1J'}
| +-- , 5 , {7} , {'xL12J', 'xL8J', 'xL0J', 'xL11J', 'xL16J', 'xL21J', 'xL9J', 'xL18J', 'xL23J'}
| | +-- , 7 , {10} , {'xL8J', 'xL0J', 'xL22J', 'xL16J', 'xL21J', 'xL9J', 'xL3J', 'xL18J', 'xL23J'}
| | | +-- , 10 , {26, 13} , {'xL8J', 'xL0J', 'xL22J', 'xL16J', 'xL5J', 'xL17J', 'xL9J', 'xL18J', 'xL23J', 'xL3J'}
| | | | +-- , 26 , set() , {'xL6J', 'xL0J', 'xL5J', 'xL16J', 'xL18J', 'xL19J'}
| | | | +-- , 13 , {15} , {'xL8J', 'xL0J', 'xL5J', 'xL16J', 'xL17J', 'xL9J', 'xL18J', 'xL23J', 'xL20J', 'xL3J'}
| | | | | +-- , 15 , {18, 20, 24} , {'xL0J', 'xL15J', 'xL23J', 'xL5J', 'xL16J', 'xL17J', 'xL9J', 'xL18J', 'xL3J', 'xL4J', 'xL20J'}
| | | | | | +-- , 18 , set() , {'xL13J', 'xL16J', 'xL3J', 'xL15J'}
| | | | | | +-- , 20 , {22} , {'xL14J', 'xL0J', 'xL15J', 'xL9J', 'xL3J', 'xL18J', 'xL4J'}
| | | | | | | +-- , 22 , set() , {'xL2J', 'xL4J', 'xL14J', 'xL18J'}
| | | | | | +-- , 24 , set() , {'xL15J', 'xL7J', 'xL4J', 'xL10J', 'xL23J', 'xL20J'}
| +-- , 29 , set() , {'xL8J', 'xL24J', 'xL23J', 'xL12J', 'xL1J'}


Max number of edges with non zero Y: 5
Max number of iterations of outer rounding loop: 0
Max number of candidate sets: 0
Time spent rounding: 0.000
Time spent solving Separator LP: 2.194
Total time spent solving: 3.066

LP Solver: GaifmanNormalILP
Lower Bound Witness = ({'xL8J', 'xL7J', 'xL22J', 'xL10J', 'xL9J', 'xL18J', 'xL19J', 'xL4J', 'xL24J', 'xL14J', 'xL2J', 'xL11J', 'xL3J', 'xL6J', 'xL0J', 'xL5J', 'xL16J', 'xL17J', 'xL12J', 'xL21J', 'xL23J', 'xL13J', 'xL20J', 'xL1J', 'xL15J'}, {'xL24J', 'xL0J', 'xL2J', 'xL15J', 'xL11J', 'xL21J', 'xL17J', 'xL9J', 'xL18J', 'xL23J', 'xL13J', 'xL20J'})