22, 0, 6.0, 6
+-- , 0 , {3, 35, 37, 41} , {'15', '20', '12', '32', '24', '22', '50', '5', '31', '1'}
| +-- , 3 , {5} , {'15', '20', '24', '17', '50', '31', '12', '25', '32', '22', '1'}
| | +-- , 5 , {7} , {'15', '20', '28', '24', '17', '50', '31', '12', '32', '22', '1', '48'}
| | | +-- , 7 , {9, 11, 31} , {'15', '20', '12', '10', '32', '1', '17', '47', '50', '22', '21', '31', '28', '48'}
| | | | +-- , 9 , set() , {'21', '2', '22'}
| | | | +-- , 11 , {27, 13} , {'15', '20', '17', '27', '47', '43', '14', '12', '32', '22', '48', '30', '10'}
| | | | | +-- , 27 , {29} , {'18', '27', '47', '52', '43'}
| | | | | | +-- , 29 , set() , {'23', '27', '52'}
| | | | | +-- , 13 , {25, 15} , {'14', '20', '12', '32', '17', '22', '7', '47', '30', '48'}
| | | | | | +-- , 25 , set() , {'12', '26', '7'}
| | | | | | +-- , 15 , {17, 21, 23} , {'34', '0', '20', '32', '17', '45', '22', '7', '47', '30', '48'}
| | | | | | | +-- , 17 , {19} , {'3', '45', '47', '0', '20', '42'}
| | | | | | | | +-- , 19 , set() , {'39', '42', '20'}
| | | | | | | +-- , 21 , set() , {'32', '16', '34'}
| | | | | | | +-- , 23 , set() , {'0', '49', '47', '7', '48'}
| | | | +-- , 31 , {33} , {'50', '21', '38', '48'}
| | | | | +-- , 33 , set() , {'21', '44', '38'}
| +-- , 35 , set() , {'12', '51', '22', '37', '36', '1'}
| +-- , 37 , {39} , {'15', '33', '20', '12', '24', '22', '50', '46', '31'}
| | +-- , 39 , set() , {'8', '33', '46', '20'}
| +-- , 41 , {43} , {'13', '15', '9'}
| | +-- , 43 , set() , {'29', '41', '9'}


Max number of edges with non zero Y: 22
Max number of iterations of outer rounding loop: 2
Max number of candidate sets: 2
Time spent rounding: 2.360
Time spent solving Separator LP: 0.026

LP Solver: gammaPlusFractionalCoverHeuristic