11, 1.6952663980582525, 5.0, 5
+-- , 0 , {6} , {'xL12J', 'xL4J', 'xL2J', 'xL15J', 'xL10J', 'xL9J', 'xL11J', 'xL0J', 'xL3J', 'xL14J'}
| +-- , 6 , {16, 24, 8} , {'xL17J', 'xL12J', 'xL11J', 'xL4J', 'xL2J', 'xL15J', 'xL10J', 'xL3J', 'xL14J', 'xL9J'}
| | +-- , 16 , {18, 20} , {'xL17J', 'xL18J', 'xL12J', 'xL11J', 'xL4J', 'xL2J', 'xL10J', 'xL3J', 'xL9J'}
| | | +-- , 18 , set() , {'xL13J', 'xL18J', 'xL11J', 'xL4J', 'xL9J'}
| | | +-- , 20 , {22} , {'xL17J', 'xL7J', 'xL18J', 'xL11J', 'xL4J', 'xL2J', 'xL10J', 'xL3J', 'xL9J'}
| | | | +-- , 22 , set() , {'xL17J', 'xL7J', 'xL18J', 'xL11J', 'xL8J'}
| | +-- , 24 , set() , {'xL17J', 'xL2J', 'xL19J'}
| | +-- , 8 , {10} , {'xL17J', 'xL16J', 'xL12J', 'xL11J', 'xL2J', 'xL15J', 'xL10J', 'xL9J'}
| | | +-- , 10 , {12} , {'xL17J', 'xL16J', 'xL5J', 'xL12J', 'xL15J', 'xL10J', 'xL9J'}
| | | | +-- , 12 , {14} , {'xL17J', 'xL16J', 'xL5J', 'xL6J', 'xL10J', 'xL9J'}
| | | | | +-- , 14 , set() , {'xL5J', 'xL6J', 'xL10J', 'xL1J', 'xL9J'}


Max number of edges with non zero Y: 16
Max number of iterations of outer rounding loop: 5
Max number of candidate sets: 2
Time spent rounding: 10.458
Time spent solving Separator LP: 0.217
Total time spent solving: 12.334

LP Solver: GaifmanNormal
Lower Bound Witness = ({'xL7J', 'xL5J', 'xL6J', 'xL4J', 'xL13J', 'xL18J', 'xL11J', 'xL19J', 'xL16J', 'xL12J', 'xL2J', 'xL15J', 'xL10J', 'xL9J', 'xL17J', 'xL8J', 'xL3J', 'xL1J', 'xL14J'}, {'xL12J', 'xL11J', 'xL4J', 'xL2J', 'xL15J', 'xL10J', 'xL3J', 'xL14J', 'xL9J'})