61, 2.944137128499117, 9.0, 9
+-- , 0 , {97, 3, 99, 105, 107, 117, 121, 123, 95} , {'xL8J', 'zL49J', 'xL1J', 'xL0J', 'zL43J', 'zL28J', 'zL50J', 'zL31J', 'xL5J', 'xL6J', 'zL30J', 'xL4J', 'xL2J', 'xL7J'}
| +-- , 97 , set() , {'xL8J', 'xL1J', 'xL0J', 'zL62J', 'xL5J', 'zL60J', 'zL63J', 'w18', 'zL61J', 'yL15J', 'xL7J'}
| +-- , 3 , {5, 89, 91} , {'xL8J', 'zL66J', 'xL0J', 'zL49J', 'xL1J', 'zL43J', 'yL13J', 'zL52J', 'zL28J', 'zL31J', 'zL48J', 'xL5J', 'zL29J', 'xL6J', 'zL30J', 'zL25J', 'xL4J', 'xL2J', 'zL65J', 'xL7J', 'zL26J'}
| | +-- , 5 , {7} , {'xL8J', 'zL66J', 'xL1J', 'xL0J', 'zL43J', 'zL52J', 'zL72J', 'zL31J', 'zL48J', 'xL5J', 'zL29J', 'zL25J', 'xL6J', 'zL30J', 'xL4J', 'xL2J', 'yL18J', 'xL7J'}
| | | +-- , 7 , {73, 11, 13, 77, 79, 19, 85} , {'xL8J', 'zL66J', 'xL0J', 'xL1J', 'zL43J', 'zL52J', 'zL72J', 'zL31J', 'zL48J', 'xL5J', 'zL29J', 'zL1J', 'xL6J', 'zL30J', 'zL25J', 'xL3J', 'zL2J', 'xL4J', 'xL2J', 'xL7J'}
| | | | +-- , 73 , {75} , {'xL3J', 'zL66J', 'xL1J', 'zL67J'}
| | | | | +-- , 75 , set() , {'xL1J', 'w19', 'zL67J'}
| | | | +-- , 11 , set() , {'xL8J', 'xL1J', 'zL14J', 'zL12J', 'xL5J', 'zL15J', 'xL3J', 'yL3J', 'xL2J', 'zL13J', 'w6'}
| | | | +-- , 13 , {15} , {'xL8J', 'xL0J', 'zL53J', 'xL3J', 'zL52J', 'xL7J'}
| | | | | +-- , 15 , {17} , {'xL3J', 'zL53J', 'xL0J', 'xL7J', 'zL54J'}
| | | | | | +-- , 17 , set() , {'zL54J', 'xL3J', 'zL55J', 'w16', 'xL7J'}
| | | | +-- , 77 , set() , {'xL3J', 'yL12J', 'zL48J'}
| | | | +-- , 79 , {81} , {'xL1J', 'xL0J', 'w17', 'xL5J', 'xL3J', 'xL2J', 'zL59J'}
| | | | | +-- , 81 , {83} , {'zL58J', 'xL1J', 'xL0J', 'xL5J', 'xL3J', 'zL56J', 'yL14J', 'zL59J'}
| | | | | | +-- , 83 , set() , {'zL58J', 'xL0J', 'xL5J', 'zL57J', 'zL56J'}
| | | | +-- , 19 , {21} , {'xL8J', 'xL1J', 'xL0J', 'zL43J', 'zL0J', 'zL72J', 'zL31J', 'xL5J', 'zL1J', 'zL25J', 'xL6J', 'xL3J', 'xL4J', 'xL2J', 'xL7J'}
| | | | | +-- , 21 , {23} , {'xL8J', 'zL42J', 'zL73J', 'xL0J', 'zL43J', 'zL74J', 'xL5J', 'xL6J', 'zL25J', 'xL3J', 'zL35J', 'xL4J', 'zL41J', 'xL7J', 'xL1J', 'w11', 'yL8J', 'zL0J', 'zL32J', 'zL72J', 'zL31J', 'xL2J'}
| | | | | | +-- , 23 , {25, 71} , {'xL8J', 'xL0J', 'xL1J', 'yL2J', 'zL0J', 'zL8J', 'zL32J', 'zL21J', 'zL31J', 'zL74J', 'xL5J', 'zL20J', 'xL6J', 'zL25J', 'xL3J', 'zL35J', 'xL4J', 'xL2J', 'zL41J', 'xL7J'}
| | | | | | | +-- , 25 , {27} , {'xL0J', 'xL1J', 'zL24J', 'zL0J', 'zL8J', 'zL32J', 'zL21J', 'zL31J', 'zL22J', 'zL74J', 'xL5J', 'xL6J', 'zL25J', 'xL3J', 'zL35J', 'xL4J', 'xL2J', 'zL41J', 'xL7J'}
| | | | | | | | +-- , 27 , {65, 69, 41, 45, 47, 49, 53, 31, 29, 63} , {'xL0J', 'xL1J', 'zL24J', 'zL0J', 'zL8J', 'zL32J', 'xL9J', 'zL31J', 'zL75J', 'zL22J', 'zL74J', 'xL5J', 'xL6J', 'xL3J', 'zL35J', 'xL4J', 'xL2J', 'zL41J', 'xL7J'}
| | | | | | | | | +-- , 65 , {67} , {'xL9J', 'xL5J', 'zL41J', 'zL40J'}
| | | | | | | | | | +-- , 67 , set() , {'xL5J', 'yL10J', 'zL40J'}
| | | | | | | | | +-- , 69 , set() , {'w10', 'zL31J', 'xL9J'}
| | | | | | | | | +-- , 41 , {43} , {'xL1J', 'zL8J', 'xL4J', 'xL2J', 'xL9J', 'zL9J'}
| | | | | | | | | | +-- , 43 , set() , {'xL1J', 'zL11J', 'w5', 'zL10J', 'xL4J', 'xL9J', 'zL9J'}
| | | | | | | | | +-- , 45 , set() , {'xL1J', 'zL34J', 'xL6J', 'zL35J', 'zL32J', 'xL9J', 'zL33J'}
| | | | | | | | | +-- , 47 , set() , {'zL75J', 'xL7J', 'w21'}
| | | | | | | | | +-- , 49 , {51} , {'zL23J', 'xL9J', 'zL22J', 'xL7J'}
| | | | | | | | | | +-- , 51 , set() , {'xL9J', 'zL23J', 'w8'}
| | | | | | | | | +-- , 53 , {55} , {'xL1J', 'xL0J', 'zL36J', 'yL9J', 'xL4J', 'xL2J', 'xL9J'}
| | | | | | | | | | +-- , 55 , {57} , {'xL1J', 'xL0J', 'zL36J', 'zL37J', 'xL4J', 'xL9J'}
| | | | | | | | | | | +-- , 57 , {59} , {'zL37J', 'xL1J', 'xL4J', 'xL9J', 'zL38J'}
| | | | | | | | | | | | +-- , 59 , {61} , {'xL1J', 'zL39J', 'xL9J', 'zL38J'}
| | | | | | | | | | | | | +-- , 61 , set() , {'w12', 'xL1J', 'zL39J'}
| | | | | | | | | +-- , 31 , {33, 35} , {'zL5J', 'xL0J', 'xL3J', 'zL4J', 'xL4J', 'xL9J', 'xL7J'}
| | | | | | | | | | +-- , 33 , set() , {'zL4J', 'yL1J', 'xL4J'}
| | | | | | | | | | +-- , 35 , {37} , {'xL3J', 'zL5J', 'xL9J', 'zL6J', 'xL7J'}
| | | | | | | | | | | +-- , 37 , {39} , {'xL3J', 'xL9J', 'zL6J', 'zL7J'}
| | | | | | | | | | | | +-- , 39 , set() , {'w4', 'zL7J', 'xL9J'}
| | | | | | | | | +-- , 29 , set() , {'yL6J', 'zL24J', 'xL9J'}
| | | | | | | | | +-- , 63 , set() , {'zL0J', 'xL9J', 'yL0J'}
| | | | | | | +-- , 71 , set() , {'xL0J', 'zL20J', 'yL5J'}
| | | | +-- , 85 , {87} , {'xL8J', 'zL3J', 'xL6J', 'zL2J'}
| | | | | +-- , 87 , set() , {'xL8J', 'w3', 'zL3J'}
| | +-- , 89 , set() , {'xL0J', 'xL2J', 'w9', 'zL27J', 'zL26J'}
| | +-- , 91 , {93} , {'xL8J', 'zL65J', 'xL7J', 'zL64J'}
| | | +-- , 93 , set() , {'xL8J', 'yL16J', 'zL64J'}
| +-- , 99 , {101} , {'xL0J', 'zL77J', 'zL79J', 'xL6J', 'xL4J', 'xL2J', 'zL78J', 'w22', 'xL7J'}
| | +-- , 101 , {103} , {'zL76J', 'xL4J', 'zL77J', 'xL6J'}
| | | +-- , 103 , set() , {'zL76J', 'xL4J', 'yL19J'}
| +-- , 105 , set() , {'xL8J', 'zL47J', 'yL11J', 'zL44J', 'w14', 'xL5J', 'xL6J', 'xL4J', 'zL45J', 'zL46J', 'xL7J'}
| +-- , 107 , {109} , {'xL1J', 'yL4J', 'xL6J', 'zL16J', 'xL4J', 'xL2J', 'xL7J'}
| | +-- , 109 , {111} , {'xL1J', 'zL17J', 'xL6J', 'zL16J', 'xL4J', 'xL2J'}
| | | +-- , 111 , {113} , {'xL1J', 'xL4J', 'zL17J', 'zL18J', 'xL6J'}
| | | | +-- , 113 , {115} , {'zL19J', 'xL1J', 'xL4J', 'zL18J'}
| | | | | +-- , 115 , set() , {'zL19J', 'xL1J', 'w7'}
| +-- , 117 , {119} , {'zL50J', 'xL1J', 'zL51J', 'xL6J'}
| | +-- , 119 , set() , {'w15', 'xL1J', 'zL51J'}
| +-- , 121 , set() , {'zL28J', 'xL5J', 'yL7J'}
| +-- , 123 , set() , {'xL8J', 'zL43J', 'w13'}
| +-- , 95 , set() , {'w20', 'zL68J', 'xL1J', 'xL0J', 'zL71J', 'zL70J', 'xL6J', 'xL2J', 'yL17J', 'zL69J', 'xL7J'}


Max number of edges with non zero Y: 21
Max number of iterations of outer rounding loop: 4
Max number of candidate sets: 2
Time spent rounding: 13.205
Time spent solving Separator LP: 5.273
Total time spent solving: 23.650

LP Solver: GaifmanBoosted
Lower Bound Witness = ({'zL73J', 'w14', 'zL43J', 'w10', 'w19', 'zL5J', 'zL75J', 'zL77J', 'zL51J', 'xL6J', 'xL3J', 'zL37J', 'yL19J', 'zL27J', 'zL8J', 'zL40J', 'yL12J', 'zL49J', 'xL1J', 'zL34J', 'zL53J', 'zL16J', 'zL32J', 'yL3J', 'zL68J', 'zL19J', 'zL58J', 'zL29J', 'zL2J', 'zL63J', 'zL56J', 'yL14J', 'zL65J', 'w16', 'xL8J', 'yL4J', 'yL1J', 'w7', 'zL76J', 'zL67J', 'zL28J', 'zL52J', 'w6', 'zL46J', 'zL18J', 'zL71J', 'zL17J', 'zL57J', 'w4', 'zL61J', 'zL26J', 'w8', 'w11', 'zL14J', 'zL62J', 'yL2J', 'zL6J', 'zL38J', 'w5', 'zL10J', 'w15', 'w18', 'zL13J', 'w9', 'w21', 'zL55J', 'w22', 'zL72J', 'zL36J', 'yL11J', 'w12', 'zL79J', 'yL15J', 'zL42J', 'zL66J', 'xL0J', 'zL47J', 'yL0J', 'zL33J', 'w20', 'zL30J', 'zL25J', 'yL18J', 'zL69J', 'xL7J', 'w17', 'yL9J', 'yL13J', 'zL70J', 'zL54J', 'yL8J', 'zL21J', 'zL78J', 'yL6J', 'yL17J', 'zL44J', 'zL31J', 'zL1J', 'xL2J', 'zL45J', 'zL11J', 'yL10J', 'yL7J', 'zL22J', 'zL74J', 'xL5J', 'zL39J', 'zL35J', 'xL4J', 'zL41J', 'zL24J', 'zL15J', 'yL16J', 'w13', 'zL4J', 'zL0J', 'xL9J', 'zL9J', 'zL64J', 'zL50J', 'zL48J', 'yL5J', 'zL12J', 'w3', 'zL20J', 'zL60J', 'zL3J', 'zL59J', 'zL7J', 'zL23J'}, {'zL50J', 'zL68J', 'zL5J', 'zL43J', 'zL24J', 'w12', 'w17', 'w7', 'zL30J', 'zL16J', 'zL61J', 'yL7J', 'zL7J', 'w16', 'zL40J'})