55, 0, 9.0, 9
+-- , 0 , {96, 98, 3, 100, 72, 11, 76, 13, 110, 78, 17, 88, 90, 62} , {'xL8J', 'xL1J', 'xL0J', 'yL4J', 'zL16J', 'xL9J', 'yL17J', 'zL46J', 'w20', 'zL68J', 'zL71J', 'xL5J', 'xL3J', 'xL4J', 'xL2J', 'xL7J'}
| +-- , 96 , set() , {'xL8J', 'xL1J', 'zL14J', 'zL12J', 'xL5J', 'zL15J', 'xL3J', 'yL3J', 'xL2J', 'zL13J', 'w6'}
| +-- , 98 , set() , {'xL9J', 'xL1J', 'xL0J', 'zL24J', 'zL25J', 'xL4J', 'xL2J', 'w9', 'yL6J', 'zL27J', 'zL26J'}
| +-- , 3 , {5} , {'xL8J', 'xL0J', 'yL13J', 'xL3J', 'xL4J', 'zL52J', 'xL7J'}
| | +-- , 5 , {7} , {'xL8J', 'xL0J', 'zL53J', 'xL3J', 'zL52J', 'xL7J'}
| | | +-- , 7 , {9} , {'xL3J', 'zL53J', 'xL0J', 'xL7J', 'zL54J'}
| | | | +-- , 9 , set() , {'zL54J', 'xL3J', 'zL55J', 'w16', 'xL7J'}
| +-- , 100 , {104, 102} , {'zL5J', 'xL0J', 'xL3J', 'zL4J', 'xL4J', 'xL9J', 'xL7J'}
| | +-- , 104 , {106} , {'xL3J', 'zL5J', 'xL9J', 'zL6J', 'xL7J'}
| | | +-- , 106 , {108} , {'xL3J', 'xL9J', 'zL6J', 'zL7J'}
| | | | +-- , 108 , set() , {'w4', 'zL7J', 'xL9J'}
| | +-- , 102 , set() , {'zL4J', 'yL1J', 'xL4J'}
| +-- , 72 , {74} , {'xL8J', 'xL0J', 'zL43J', 'xL5J', 'w13', 'yL10J', 'xL9J', 'xL2J', 'zL40J'}
| | +-- , 74 , set() , {'zL42J', 'xL0J', 'zL43J', 'xL2J', 'xL9J', 'zL41J', 'zL40J'}
| +-- , 11 , set() , {'xL8J', 'zL66J', 'xL1J', 'zL64J', 'zL65J', 'yL16J', 'xL3J', 'xL2J', 'zL67J', 'xL7J', 'w19'}
| +-- , 76 , set() , {'xL8J', 'zL23J', 'xL1J', 'xL0J', 'yL5J', 'zL22J', 'zL20J', 'zL21J', 'xL9J', 'xL7J', 'w8'}
| +-- , 13 , set() , {'zL73J', 'xL1J', 'zL75J', 'zL74J', 'xL5J', 'xL4J', 'w21', 'xL9J', 'yL18J', 'xL7J', 'zL72J'}
| +-- , 110 , {112} , {'zL47J', 'xL4J', 'xL5J', 'zL46J'}
| | +-- , 112 , set() , {'w14', 'zL47J', 'xL4J'}
| +-- , 78 , {80} , {'xL1J', 'xL0J', 'zL36J', 'yL9J', 'xL4J', 'xL2J', 'xL9J'}
| | +-- , 80 , {82} , {'xL1J', 'xL0J', 'zL36J', 'zL37J', 'xL4J', 'xL9J'}
| | | +-- , 82 , {84} , {'zL37J', 'xL1J', 'xL4J', 'xL9J', 'zL38J'}
| | | | +-- , 84 , {86} , {'xL1J', 'zL39J', 'xL9J', 'zL38J'}
| | | | | +-- , 86 , set() , {'w12', 'xL1J', 'zL39J'}
| +-- , 17 , {19} , {'xL8J', 'yL12J', 'xL1J', 'xL0J', 'zL16J', 'xL9J', 'zL46J', 'zL68J', 'zL48J', 'zL71J', 'xL5J', 'xL3J', 'xL4J', 'xL2J', 'zL69J', 'xL7J'}
| | +-- , 19 , {21} , {'xL8J', 'xL1J', 'xL0J', 'zL16J', 'xL9J', 'zL46J', 'zL48J', 'zL71J', 'zL17J', 'xL5J', 'xL3J', 'xL4J', 'xL2J', 'zL45J', 'zL69J', 'xL7J'}
| | | +-- , 21 , {60, 23} , {'xL8J', 'xL1J', 'xL0J', 'zL70J', 'xL9J', 'zL28J', 'zL44J', 'zL48J', 'zL71J', 'zL17J', 'xL5J', 'zL29J', 'xL3J', 'xL4J', 'xL2J', 'zL45J', 'zL69J', 'xL7J'}
| | | | +-- , 60 , set() , {'zL28J', 'xL5J', 'yL7J'}
| | | | +-- , 23 , {58, 25} , {'xL8J', 'xL1J', 'xL0J', 'yL0J', 'zL70J', 'zL0J', 'xL9J', 'zL44J', 'zL18J', 'zL19J', 'zL48J', 'zL17J', 'zL29J', 'xL3J', 'xL4J', 'xL2J', 'zL69J', 'xL7J'}
| | | | | +-- , 58 , set() , {'zL19J', 'xL1J', 'w7'}
| | | | | +-- , 25 , {32, 40, 44, 48, 54, 56, 28} , {'xL8J', 'xL0J', 'xL1J', 'zL34J', 'zL70J', 'zL0J', 'zL76J', 'xL9J', 'zL44J', 'zL33J', 'zL18J', 'zL48J', 'zL17J', 'zL29J', 'zL1J', 'xL6J', 'xL3J', 'xL4J', 'xL2J', 'yL19J', 'zL69J', 'xL7J'}
| | | | | | +-- , 32 , {34} , {'zL48J', 'zL49J', 'xL1J', 'xL6J', 'xL4J', 'xL7J'}
| | | | | | | +-- , 34 , {36} , {'zL50J', 'zL49J', 'xL1J', 'xL4J', 'xL6J'}
| | | | | | | | +-- , 36 , {38} , {'zL50J', 'xL1J', 'zL51J', 'xL6J'}
| | | | | | | | | +-- , 38 , set() , {'w15', 'xL1J', 'zL51J'}
| | | | | | +-- , 40 , {42} , {'xL8J', 'xL3J', 'zL3J', 'zL2J', 'zL1J', 'xL6J'}
| | | | | | | +-- , 42 , set() , {'xL8J', 'w3', 'zL3J'}
| | | | | | +-- , 44 , {46} , {'xL0J', 'zL77J', 'zL79J', 'xL6J', 'zL76J', 'xL2J', 'w22', 'xL7J'}
| | | | | | | +-- , 46 , set() , {'xL0J', 'zL79J', 'zL77J', 'zL78J', 'xL7J'}
| | | | | | +-- , 48 , {50} , {'xL3J', 'xL9J', 'xL6J', 'zL29J', 'zL30J'}
| | | | | | | +-- , 50 , {52} , {'zL31J', 'xL9J', 'xL6J', 'zL30J'}
| | | | | | | | +-- , 52 , set() , {'w10', 'zL31J', 'xL9J'}
| | | | | | +-- , 54 , set() , {'xL1J', 'w11', 'zL34J', 'xL3J', 'zL35J'}
| | | | | | +-- , 56 , set() , {'zL44J', 'xL6J', 'yL11J'}
| | | | | | +-- , 28 , {30} , {'zL32J', 'zL33J', 'xL7J', 'xL6J'}
| | | | | | | +-- , 30 , set() , {'zL32J', 'xL7J', 'yL8J'}
| +-- , 88 , set() , {'xL8J', 'xL1J', 'xL0J', 'zL62J', 'xL5J', 'zL60J', 'zL63J', 'w18', 'zL61J', 'yL15J', 'xL7J'}
| +-- , 90 , {92} , {'xL1J', 'xL0J', 'w17', 'xL5J', 'xL3J', 'xL2J', 'zL59J'}
| | +-- , 92 , {94} , {'zL58J', 'xL1J', 'xL0J', 'xL5J', 'xL3J', 'zL56J', 'yL14J', 'zL59J'}
| | | +-- , 94 , set() , {'zL58J', 'xL0J', 'xL5J', 'zL57J', 'zL56J'}
| +-- , 62 , {64, 66} , {'xL1J', 'zL11J', 'xL5J', 'zL10J', 'xL4J', 'xL2J', 'xL9J'}
| | +-- , 64 , set() , {'zL11J', 'w5', 'xL9J'}
| | +-- , 66 , {68} , {'zL10J', 'xL4J', 'xL2J', 'xL5J', 'zL9J'}
| | | +-- , 68 , {70} , {'zL8J', 'xL2J', 'xL5J', 'zL9J'}
| | | | +-- , 70 , set() , {'yL2J', 'xL5J', 'zL8J'}


Max number of edges with non zero Y: 62
Max number of iterations of outer rounding loop: 8
Max number of candidate sets: 2
Time spent rounding: 29.425
Time spent solving Separator LP: 0.124
Total time spent solving: 38.425

LP Solver: gammaPlusFractionalCoverHeuristic
Lower Bound Witness = ({'zL73J', 'w14', 'zL43J', 'w10', 'w19', 'zL5J', 'zL75J', 'zL77J', 'zL51J', 'xL6J', 'xL3J', 'zL37J', 'yL19J', 'zL27J', 'zL8J', 'zL40J', 'yL12J', 'zL49J', 'xL1J', 'zL34J', 'zL53J', 'zL16J', 'zL32J', 'yL3J', 'zL68J', 'zL19J', 'zL58J', 'zL29J', 'zL2J', 'zL63J', 'zL56J', 'yL14J', 'zL65J', 'w16', 'xL8J', 'yL4J', 'yL1J', 'w7', 'zL76J', 'zL67J', 'zL28J', 'zL52J', 'w6', 'zL46J', 'zL18J', 'zL71J', 'zL17J', 'zL57J', 'w4', 'zL61J', 'zL26J', 'w8', 'w11', 'zL14J', 'zL62J', 'yL2J', 'zL6J', 'zL38J', 'w5', 'zL10J', 'w15', 'w18', 'zL13J', 'w9', 'w21', 'zL55J', 'w22', 'zL72J', 'zL36J', 'yL11J', 'w12', 'zL79J', 'yL15J', 'zL42J', 'zL66J', 'xL0J', 'zL47J', 'yL0J', 'zL33J', 'w20', 'zL30J', 'zL25J', 'yL18J', 'zL69J', 'xL7J', 'w17', 'yL9J', 'yL13J', 'zL70J', 'zL54J', 'yL8J', 'zL21J', 'zL78J', 'yL6J', 'yL17J', 'zL44J', 'zL31J', 'zL1J', 'xL2J', 'zL45J', 'zL11J', 'yL10J', 'yL7J', 'zL22J', 'zL74J', 'xL5J', 'zL39J', 'zL35J', 'xL4J', 'zL41J', 'zL24J', 'zL15J', 'yL16J', 'w13', 'zL4J', 'zL0J', 'xL9J', 'zL9J', 'zL64J', 'zL50J', 'zL48J', 'yL5J', 'zL12J', 'w3', 'zL20J', 'zL60J', 'zL3J', 'zL59J', 'zL7J', 'zL23J'}, {'zL50J', 'zL47J', 'zL36J', 'yL4J', 'w16'})