19, 2.9995484488786923, 8.5, 9
+-- , 0 , {3, 23, 21} , {'xL21J', 'xL30J', 'xL16J', 'xL9J', 'xL26J', 'xL10J', 'xL25J', 'xL7J', 'xL15J', 'xL36J', 'xL22J', 'xL3J', 'xL34J', 'xL37J', 'xL13J', 'xL32J', 'xL8J'}
| +-- , 3 , {5} , {'xL21J', 'xL14J', 'xL16J', 'xL9J', 'xL10J', 'xL25J', 'xL7J', 'xL15J', 'xL36J', 'xL22J', 'xL3J', 'xL38J', 'xL34J', 'xL37J', 'xL32J', 'xL8J'}
| | +-- , 5 , {7, 9, 15} , {'xL7J', 'xL21J', 'xL6J', 'xL16J', 'xL9J', 'xL24J', 'xL3J', 'xL38J', 'xL19J', 'xL34J', 'xL37J', 'xL10J', 'xL32J', 'xL25J'}
| | | +-- , 7 , set() , {'xL25J', 'xL19J', 'xL35J'}
| | | +-- , 9 , {11, 13} , {'xL21J', 'xL6J', 'xL16J', 'xL19J', 'xL34J', 'xL37J', 'xL10J', 'xL27J'}
| | | | +-- , 11 , set() , {'xL27J', 'xL2J', 'xL19J', 'xL6J'}
| | | | +-- , 13 , set() , {'xL27J', 'xL29J'}
| | | +-- , 15 , set() , {'xL18J', 'xL6J'}
| +-- , 23 , {25} , {'xL21J', 'xL30J', 'xL16J', 'xL9J', 'xL26J', 'xL10J', 'xL20J', 'xL25J', 'xL15J', 'xL36J', 'xL22J', 'xL3J', 'xL13J', 'xL32J', 'xL8J'}
| | +-- , 25 , {27} , {'xL21J', 'xL16J', 'xL9J', 'xL26J', 'xL10J', 'xL20J', 'xL25J', 'xL15J', 'xL28J', 'xL36J', 'xL22J', 'xL3J', 'xL13J', 'xL32J', 'xL8J'}
| | | +-- , 27 , {29} , {'xL21J', 'xL16J', 'xL9J', 'xL26J', 'xL23J', 'xL10J', 'xL20J', 'xL25J', 'xL28J', 'xL3J', 'xL13J', 'xL32J', 'xL8J'}
| | | | +-- , 29 , {31} , {'xL21J', 'xL0J', 'xL16J', 'xL9J', 'xL26J', 'xL23J', 'xL10J', 'xL20J', 'xL25J', 'xL28J', 'xL3J', 'xL13J', 'xL32J'}
| | | | | +-- , 31 , {33, 35, 39} , {'xL21J', 'xL0J', 'xL16J', 'xL9J', 'xL26J', 'xL23J', 'xL10J', 'xL20J', 'xL12J', 'xL11J', 'xL28J', 'xL3J', 'xL13J', 'xL32J'}
| | | | | | +-- , 33 , set() , {'xL16J', 'xL31J', 'xL3J', 'xL33J', 'xL13J', 'xL32J', 'xL12J'}
| | | | | | +-- , 35 , {37} , {'xL11J', 'xL3J', 'xL5J', 'xL21J', 'xL0J'}
| | | | | | | +-- , 37 , set() , {'xL5J', 'xL4J', 'xL0J'}
| | | | | | +-- , 39 , {41} , {'xL9J', 'xL17J', 'xL26J', 'xL23J', 'xL10J', 'xL12J'}
| | | | | | | +-- , 41 , set() , {'xL1J', 'xL9J', 'xL17J', 'xL26J'}
| +-- , 21 , set() , {'xL7J', 'xL30J', 'xL39J', 'xL34J', 'xL13J', 'xL32J'}


Max number of edges with non zero Y: 31
Max number of iterations of outer rounding loop: 7
Max number of candidate sets: 2
Time spent rounding: 11.876
Time spent solving Separator LP: 0.523

LP Solver: GaifmanNormal