21, 6.0, 7.5, 8
+-- , 0 , {34, 6, 36, 38, 40, 42, 44, 46} , {'xL11J', 'xL21J', 'xL0J', 'xL6J', 'xL16J', 'xL9J', 'xL17J', 'xL27J', 'xL5J', 'xL12J', 'xL19J', 'xL32J', 'xL25J'}
| +-- , 34 , set() , {'xL25J', 'xL19J', 'xL35J'}
| +-- , 6 , {8} , {'xL21J', 'xL0J', 'xL6J', 'xL16J', 'xL9J', 'xL17J', 'xL5J', 'xL12J', 'xL25J', 'xL11J', 'xL32J', 'xL3J', 'xL27J'}
| | +-- , 8 , {10} , {'xL21J', 'xL0J', 'xL6J', 'xL16J', 'xL9J', 'xL17J', 'xL23J', 'xL12J', 'xL25J', 'xL11J', 'xL32J', 'xL3J', 'xL27J'}
| | | +-- , 10 , {32, 14} , {'xL21J', 'xL6J', 'xL16J', 'xL9J', 'xL14J', 'xL17J', 'xL23J', 'xL12J', 'xL25J', 'xL11J', 'xL32J', 'xL3J', 'xL13J', 'xL27J'}
| | | | +-- , 32 , set() , {'xL16J', 'xL31J', 'xL3J', 'xL33J', 'xL13J', 'xL32J', 'xL12J'}
| | | | +-- , 14 , {16} , {'xL21J', 'xL6J', 'xL14J', 'xL9J', 'xL17J', 'xL23J', 'xL12J', 'xL25J', 'xL11J', 'xL32J', 'xL3J', 'xL13J', 'xL27J', 'xL8J'}
| | | | | +-- , 16 , {18} , {'xL21J', 'xL6J', 'xL14J', 'xL9J', 'xL17J', 'xL10J', 'xL12J', 'xL25J', 'xL11J', 'xL32J', 'xL3J', 'xL13J', 'xL27J', 'xL8J'}
| | | | | | +-- , 18 , {20} , {'xL21J', 'xL6J', 'xL14J', 'xL9J', 'xL10J', 'xL25J', 'xL12J', 'xL11J', 'xL36J', 'xL32J', 'xL3J', 'xL37J', 'xL13J', 'xL27J', 'xL8J'}
| | | | | | | +-- , 20 , {22, 24, 30} , {'xL21J', 'xL6J', 'xL14J', 'xL39J', 'xL12J', 'xL25J', 'xL11J', 'xL36J', 'xL32J', 'xL3J', 'xL37J', 'xL13J', 'xL27J', 'xL8J'}
| | | | | | | | +-- , 22 , set() , {'xL7J', 'xL6J', 'xL14J', 'xL39J', 'xL37J'}
| | | | | | | | +-- , 24 , {26} , {'xL21J', 'xL6J', 'xL14J', 'xL39J', 'xL20J', 'xL12J', 'xL25J', 'xL15J', 'xL11J', 'xL28J', 'xL36J', 'xL38J', 'xL13J', 'xL8J'}
| | | | | | | | | +-- , 26 , {28} , {'xL28J', 'xL39J', 'xL22J', 'xL38J', 'xL13J', 'xL20J'}
| | | | | | | | | | +-- , 28 , set() , {'xL30J', 'xL39J', 'xL22J', 'xL13J', 'xL20J'}
| | | | | | | | +-- , 30 , set() , {'xL39J', 'xL3J', 'xL34J', 'xL27J', 'xL25J'}
| +-- , 36 , set() , {'xL27J', 'xL2J', 'xL19J', 'xL6J'}
| +-- , 38 , set() , {'xL5J', 'xL4J', 'xL0J'}
| +-- , 40 , set() , {'xL16J', 'xL24J', 'xL6J'}
| +-- , 42 , set() , {'xL27J', 'xL29J'}
| +-- , 44 , set() , {'xL1J', 'xL9J', 'xL17J', 'xL26J', 'xL32J', 'xL12J'}
| +-- , 46 , set() , {'xL18J', 'xL6J'}


Max number of edges with non zero Y: 6
Max number of iterations of outer rounding loop: 0
Max number of candidate sets: 0
Time spent rounding: 0.000
Time spent solving Separator LP: 15.479

LP Solver: GaifmanNormalILP