28, 4.040955506234836, 16.0, 16
+-- , 0 , {11, 63} , {'X12', 'X7', 'X52', 'X17', 'X5', 'X8', 'X50', 'X14', 'X76', 'X55', 'X67', 'X49', 'X10', 'X6', 'X84', 'X53', 'X51', 'X4', 'X59', 'X38', 'X9', 'X20', 'X16', 'X78', 'X80', 'X11', 'X68', 'X79', 'X54', 'X82', 'X77', 'X18', 'X69', 'X32', 'X83'}
| +-- , 11 , {15} , {'X12', 'X7', 'X52', 'X5', 'X8', 'X50', 'X14', 'X37', 'X76', 'X74', 'X55', 'X67', 'X49', 'X10', 'X6', 'X84', 'X53', 'X23', 'X56', 'X51', 'X20', 'X38', 'X16', 'X59', 'X4', 'X9', 'X78', 'X80', 'X11', 'X68', 'X79', 'X54', 'X77', 'X18', 'X82', 'X69', 'X57', 'X32', 'X39', 'X83'}
| | +-- , 15 , {59, 18} , {'X12', 'X7', 'X52', 'X8', 'X50', 'X14', 'X37', 'X76', 'X74', 'X55', 'X67', 'X49', 'X10', 'X24', 'X84', 'X53', 'X19', 'X23', 'X56', 'X51', 'X20', 'X59', 'X38', 'X9', 'X78', 'X80', 'X11', 'X68', 'X79', 'X54', 'X22', 'X77', 'X82', 'X69', 'X57', 'X32', 'X34', 'X39', 'X83', 'X21'}
| | | +-- , 59 , {61} , {'X19', 'X22', 'X23', 'X20', 'X38', 'X24', 'X39', 'X63', 'X21', 'X37'}
| | | | +-- , 61 , set() , {'X19', 'X22', 'X62', 'X23', 'X20', 'X38', 'X61', 'X63', 'X37'}
| | | +-- , 18 , {55, 21, 53} , {'X12', 'X7', 'X52', 'X8', 'X50', 'X14', 'X76', 'X74', 'X55', 'X67', 'X49', 'X10', 'X24', 'X84', 'X53', 'X19', 'X23', 'X56', 'X51', 'X20', 'X59', 'X9', 'X78', 'X33', 'X80', 'X11', 'X68', 'X79', 'X54', 'X22', 'X77', 'X82', 'X69', 'X57', 'X36', 'X32', 'X31', 'X34', 'X35', 'X83', 'X21'}
| | | | +-- , 55 , {57} , {'X52', 'X33', 'X78', 'X26', 'X68', 'X76', 'X54', 'X77', 'X69', 'X67', 'X32', 'X31', 'X53'}
| | | | | +-- , 57 , set() , {'X54', 'X52', 'X69', 'X67', 'X31', 'X27', 'X33', 'X78', 'X26', 'X25', 'X76'}
| | | | +-- , 21 , {23, 39} , {'X12', 'X7', 'X52', 'X8', 'X50', 'X75', 'X14', 'X76', 'X74', 'X55', 'X49', 'X10', 'X24', 'X84', 'X73', 'X53', 'X19', 'X23', 'X56', 'X51', 'X20', 'X59', 'X9', 'X78', 'X33', 'X11', 'X54', 'X22', 'X36', 'X57', 'X82', 'X32', 'X34', 'X31', 'X35', 'X83', 'X21'}
| | | | | +-- , 23 , {25, 31} , {'X12', 'X7', 'X52', 'X58', 'X8', 'X50', 'X75', 'X14', 'X76', 'X55', 'X49', 'X10', 'X24', 'X84', 'X73', 'X53', 'X19', 'X51', 'X20', 'X59', 'X9', 'X78', 'X54', 'X82', 'X22', 'X57', 'X60', 'X83', 'X21'}
| | | | | | +-- , 25 , {27} , {'X7', 'X52', 'X58', 'X19', 'X8', 'X85', 'X50', 'X51', 'X20', 'X59', 'X9', 'X86', 'X87', 'X54', 'X82', 'X49', 'X60', 'X83', 'X21', 'X84', 'X53'}
| | | | | | | +-- , 27 , {29} , {'X87', 'X54', 'X82', 'X52', 'X85', 'X83', 'X86', 'X1', 'X84', 'X53'}
| | | | | | | | +-- , 29 , set() , {'X87', 'X54', 'X53', 'X83', 'X86', 'X1', 'X84', 'X2', 'X3'}
| | | | | | +-- , 31 , {33} , {'X52', 'X58', 'X75', 'X59', 'X14', 'X54', 'X82', 'X55', 'X57', 'X60', 'X89', 'X84', 'X73', 'X53'}
| | | | | | | +-- , 33 , {35} , {'X52', 'X58', 'X75', 'X13', 'X14', 'X54', 'X82', 'X55', 'X57', 'X60', 'X15', 'X89', 'X84', 'X73'}
| | | | | | | | +-- , 35 , {37} , {'X54', 'X52', 'X58', 'X88', 'X60', 'X15', 'X89', 'X13'}
| | | | | | | | | +-- , 37 , set() , {'X54', 'X88', 'X60', 'X90', 'X15', 'X89'}
| | | | | +-- , 39 , {41, 49} , {'X12', 'X66', 'X19', 'X23', 'X56', 'X20', 'X75', 'X42', 'X33', 'X11', 'X74', 'X65', 'X36', 'X22', 'X55', 'X57', 'X40', 'X64', 'X41', 'X32', 'X10', 'X31', 'X34', 'X24', 'X35', 'X21', 'X73'}
| | | | | | +-- , 41 , {43} , {'X12', 'X66', 'X46', 'X23', 'X56', 'X42', 'X47', 'X11', 'X48', 'X65', 'X22', 'X55', 'X57', 'X40', 'X64', 'X41', 'X10', 'X24'}
| | | | | | | +-- , 43 , {45} , {'X12', 'X46', 'X56', 'X71', 'X42', 'X47', 'X11', 'X48', 'X55', 'X57', 'X40', 'X41', 'X10'}
| | | | | | | | +-- , 45 , {47} , {'X12', 'X55', 'X46', 'X57', 'X40', 'X10', 'X71', 'X42', 'X48', 'X72'}
| | | | | | | | | +-- , 47 , set() , {'X55', 'X46', 'X40', 'X10', 'X71', 'X70', 'X72'}
| | | | | | +-- , 49 , {51} , {'X66', 'X36', 'X65', 'X28', 'X40', 'X64', 'X29', 'X41', 'X34', 'X42', 'X35'}
| | | | | | | +-- , 51 , set() , {'X66', 'X36', 'X30', 'X28', 'X29', 'X42'}
| | | | +-- , 53 , set() , {'X36', 'X57', 'X9', 'X33', 'X80', 'X81', 'X79'}
| +-- , 63 , {65} , {'X77', 'X78', 'X44', 'X76'}
| | +-- , 65 , {67} , {'X78', 'X44', 'X43', 'X76'}
| | | +-- , 67 , set() , {'X43', 'X44', 'X78', 'X45'}


Max number of edges with non zero Y: 38
Max number of iterations of outer rounding loop: 9
Max number of candidate sets: 2
Time spent rounding: 128.749
Time spent solving Separator LP: 24.182
Total time spent solving: 170.191

LP Solver: GaifmanNormal
Lower Bound Witness = ({'X52', 'X5', 'X50', 'X75', 'X86', 'X76', 'X29', 'X41', 'X10', 'X27', 'X30', 'X51', 'X9', 'X48', 'X68', 'X87', 'X22', 'X69', 'X32', 'X58', 'X8', 'X13', 'X14', 'X81', 'X25', 'X62', 'X64', 'X49', 'X24', 'X6', 'X1', 'X73', 'X19', 'X56', 'X88', 'X78', 'X33', 'X79', 'X77', 'X34', 'X63', 'X15', 'X89', 'X12', 'X7', 'X46', 'X17', 'X85', 'X71', 'X47', 'X43', 'X55', 'X84', 'X53', 'X66', 'X23', 'X4', 'X59', 'X16', 'X42', 'X61', 'X80', 'X26', 'X11', 'X45', 'X2', 'X65', 'X28', 'X31', 'X35', 'X60', 'X90', 'X83', 'X21', 'X3', 'X37', 'X74', 'X67', 'X20', 'X38', 'X70', 'X54', 'X36', 'X18', 'X57', 'X82', 'X40', 'X44', 'X39', 'X72'}, {'X12', 'X7', 'X52', 'X17', 'X8', 'X71', 'X14', 'X81', 'X74', 'X29', 'X49', 'X10', 'X6', 'X84', 'X73', 'X51', 'X20', 'X59', 'X4', 'X78', 'X80', 'X48', 'X68', 'X79', 'X65', 'X28', 'X77', 'X40', 'X32', 'X44', 'X35', 'X83'})