39, 1.3999994444444448, 9.0, 9
+-- , 0 , {82, 3, 39, 75} , {'xL11JL13J', 'xL14JL8J', 'xL14JL10J', 'xL4JL1J', 'xL13JL9J', 'xL2JL1J', 'xL7JL9J', 'xL14JL11J', 'xL14JL9J', 'xL8JL9J', 'xL14JL7J', 'xL7JL7J', 'xL2JL2J', 'xL6JL7J', 'xL11JL10J', 'xL5JL2J', 'xL5JL7J', 'xL1JL2J', 'xL4JL4J', 'xL11JL12J', 'xL3JL2J'}
| +-- , 82 , set() , {'xL4JL2J', 'xL2JL2J', 'xL5JL2J', 'xL1JL2J', 'xL4JL1J', 'xL3JL2J'}
| +-- , 3 , {5} , {'xL14JL8J', 'xL8JL7J', 'xL4JL1J', 'xL13JL9J', 'xL9JL9J', 'xL2JL1J', 'xL7JL9J', 'xL14JL9J', 'xL8JL9J', 'xL14JL7J', 'xL10JL9J', 'xL7JL7J', 'xL11JL9J', 'xL6JL7J', 'xL11JL10J', 'xL5JL2J', 'xL5JL7J', 'xL5JL1J', 'xL4JL4J', 'xL9JL7J', 'xL3JL1J', 'xL3JL2J'}
| | +-- , 5 , {7} , {'xL11JL8J', 'xL14JL8J', 'xL11JL7J', 'xL8JL7J', 'xL13JL9J', 'xL9JL9J', 'xL14JL9J', 'xL14JL7J', 'xL10JL9J', 'xL11JL9J', 'xL11JL10J', 'xL5JL2J', 'xL5JL1J', 'xL4JL4J', 'xL5JL3J', 'xL9JL7J', 'xL5JL4J'}
| | | +-- , 7 , {9} , {'xL11JL8J', 'xL14JL8J', 'xL11JL7J', 'xL8JL7J', 'xL7JL3J', 'xL13JL9J', 'xL9JL9J', 'xL7JL4J', 'xL14JL9J', 'xL14JL7J', 'xL10JL9J', 'xL4JL4J', 'xL6JL3J', 'xL15JL9J', 'xL5JL3J', 'xL6JL4J', 'xL9JL7J', 'xL5JL4J'}
| | | | +-- , 9 , {11} , {'xL7JL5J', 'xL11JL8J', 'xL14JL8J', 'xL11JL7J', 'xL8JL7J', 'xL7JL3J', 'xL7JL1J', 'xL9JL9J', 'xL7JL2J', 'xL15JL7J', 'xL7JL4J', 'xL14JL7J', 'xL10JL9J', 'xL15JL8J', 'xL15JL9J', 'xL9JL7J'}
| | | | | +-- , 11 , {13} , {'xL7JL5J', 'xL11JL8J', 'xL9JL8J', 'xL10JL8J', 'xL11JL7J', 'xL8JL7J', 'xL7JL1J', 'xL9JL9J', 'xL13JL7J', 'xL7JL2J', 'xL15JL7J', 'xL14JL7J', 'xL10JL9J', 'xL12JL7J', 'xL9JL7J'}
| | | | | | +-- , 13 , {15} , {'xL7JL5J', 'xL9JL8J', 'xL9JL5J', 'xL8JL7J', 'xL7JL1J', 'xL9JL6J', 'xL9JL9J', 'xL13JL7J', 'xL7JL2J', 'xL12JL7J', 'xL9JL7J'}
| | | | | | | +-- , 15 , {17} , {'xL7JL5J', 'xL8JL5J', 'xL9JL5J', 'xL8JL6J', 'xL8JL7J', 'xL13JL7J', 'xL7JL1J', 'xL12JL7J', 'xL9JL6J', 'xL7JL2J'}
| | | | | | | | +-- , 17 , {19} , {'xL7JL5J', 'xL8JL5J', 'xL10JL5J', 'xL9JL5J', 'xL7JL2J', 'xL12JL7J', 'xL7JL1J', 'xL13JL7J'}
| | | | | | | | | +-- , 19 , {21} , {'xL10JL2J', 'xL10JL5J', 'xL13JL7J', 'xL10JL3J', 'xL12JL7J', 'xL10JL4J', 'xL7JL1J', 'xL7JL2J'}
| | | | | | | | | | +-- , 21 , {24} , {'xL10JL2J', 'xL8JL2J', 'xL14JL2J', 'xL13JL2J', 'xL10JL3J', 'xL7JL1J', 'xL12JL2J', 'xL13JL7J', 'xL7JL2J', 'xL8JL1J', 'xL9JL1J', 'xL15JL2J', 'xL12JL7J', 'xL10JL4J', 'xL9JL2J', 'xL11JL2J'}
| | | | | | | | | | | +-- , 24 , {26} , {'xL13JL2J', 'xL14JL2J', 'xL10JL3J', 'xL12JL2J', 'xL13JL7J', 'xL9JL1J', 'xL15JL2J', 'xL12JL7J', 'xL10JL4J', 'xL9JL3J', 'xL9JL2J', 'xL11JL2J'}
| | | | | | | | | | | | +-- , 26 , {28} , {'xL12JL4J', 'xL13JL2J', 'xL14JL2J', 'xL10JL3J', 'xL11JL3J', 'xL12JL2J', 'xL13JL7J', 'xL11JL4J', 'xL15JL2J', 'xL12JL7J', 'xL10JL4J', 'xL9JL3J', 'xL11JL2J'}
| | | | | | | | | | | | | +-- , 28 , {30} , {'xL12JL4J', 'xL13JL5J', 'xL13JL6J', 'xL14JL2J', 'xL13JL2J', 'xL15JL2J', 'xL12JL7J', 'xL12JL2J', 'xL12JL5J', 'xL13JL7J', 'xL12JL6J'}
| | | | | | | | | | | | | | +-- , 30 , {32} , {'xL13JL5J', 'xL14JL5J', 'xL14JL2J', 'xL13JL2J', 'xL15JL2J', 'xL15JL5J', 'xL12JL2J', 'xL12JL5J'}
| | | | | | | | | | | | | | | +-- , 32 , {35, 37} , {'xL14JL1J', 'xL14JL4J', 'xL14JL5J', 'xL14JL2J', 'xL13JL2J', 'xL15JL2J', 'xL15JL5J', 'xL14JL3J', 'xL12JL2J'}
| | | | | | | | | | | | | | | | +-- , 35 , set() , {'xL14JL1J', 'xL13JL2J', 'xL13JL1J', 'xL12JL2J', 'xL12JL1J'}
| | | | | | | | | | | | | | | | +-- , 37 , set() , {'xL14JL4J', 'xL14JL3J', 'xL15JL2J', 'xL15JL5J', 'xL15JL4J', 'xL15JL3J'}
| +-- , 39 , {41} , {'xL11JL13J', 'xL4JL5J', 'xL14JL10J', 'xL13JL9J', 'xL13JL10J', 'xL13JL11J', 'xL2JL1J', 'xL4JL6J', 'xL14JL11J', 'xL7JL9J', 'xL8JL9J', 'xL7JL7J', 'xL2JL2J', 'xL6JL7J', 'xL11JL10J', 'xL5JL7J', 'xL1JL2J', 'xL4JL4J', 'xL12JL10J', 'xL11JL12J'}
| | +-- , 41 , {43} , {'xL4JL5J', 'xL13JL11J', 'xL2JL1J', 'xL14JL11J', 'xL2JL5J', 'xL8JL9J', 'xL7JL7J', 'xL2JL8J', 'xL1JL4J', 'xL2JL2J', 'xL6JL7J', 'xL2JL4J', 'xL1JL2J', 'xL2JL9J', 'xL11JL12J', 'xL2JL3J', 'xL11JL13J', 'xL4JL6J', 'xL12JL11J', 'xL7JL9J', 'xL2JL6J', 'xL5JL7J', 'xL12JL12J', 'xL2JL7J', 'xL12JL10J', 'xL1JL3J'}
| | | +-- , 43 , {45} , {'xL11JL13J', 'xL9JL12J', 'xL4JL5J', 'xL4JL6J', 'xL7JL9J', 'xL2JL5J', 'xL8JL9J', 'xL2JL6J', 'xL7JL7J', 'xL2JL8J', 'xL6JL7J', 'xL5JL7J', 'xL12JL12J', 'xL2JL7J', 'xL10JL12J', 'xL2JL9J', 'xL11JL12J'}
| | | | +-- , 45 , {47} , {'xL11JL13J', 'xL9JL12J', 'xL4JL5J', 'xL10JL13J', 'xL4JL6J', 'xL7JL9J', 'xL2JL5J', 'xL8JL9J', 'xL2JL6J', 'xL7JL7J', 'xL2JL8J', 'xL6JL7J', 'xL5JL7J', 'xL2JL7J', 'xL10JL12J', 'xL2JL9J', 'xL9JL13J'}
| | | | | +-- , 47 , {49} , {'xL9JL14J', 'xL9JL12J', 'xL4JL5J', 'xL9JL11J', 'xL4JL6J', 'xL7JL9J', 'xL9JL15J', 'xL8JL9J', 'xL2JL5J', 'xL2JL6J', 'xL7JL7J', 'xL2JL8J', 'xL6JL7J', 'xL5JL7J', 'xL2JL7J', 'xL2JL9J', 'xL9JL13J'}
| | | | | | +-- , 49 , {65, 51} , {'xL9JL14J', 'xL4JL5J', 'xL9JL11J', 'xL4JL6J', 'xL7JL9J', 'xL3JL9J', 'xL9JL15J', 'xL8JL9J', 'xL2JL5J', 'xL2JL6J', 'xL7JL7J', 'xL2JL8J', 'xL6JL7J', 'xL4JL9J', 'xL5JL7J', 'xL2JL7J', 'xL2JL9J', 'xL6JL11J'}
| | | | | | | +-- , 65 , {67} , {'xL5JL9J', 'xL1JL9J', 'xL4JL5J', 'xL9JL11J', 'xL4JL6J', 'xL7JL9J', 'xL3JL9J', 'xL2JL5J', 'xL8JL9J', 'xL2JL6J', 'xL7JL7J', 'xL2JL8J', 'xL6JL7J', 'xL4JL9J', 'xL5JL7J', 'xL2JL7J', 'xL2JL9J', 'xL7JL11J', 'xL8JL11J', 'xL6JL11J'}
| | | | | | | | +-- , 67 , {69} , {'xL5JL9J', 'xL7JL8J', 'xL1JL9J', 'xL4JL5J', 'xL8JL10J', 'xL4JL6J', 'xL7JL9J', 'xL2JL5J', 'xL8JL9J', 'xL2JL6J', 'xL7JL7J', 'xL2JL8J', 'xL7JL10J', 'xL6JL7J', 'xL5JL7J', 'xL2JL7J', 'xL7JL11J', 'xL8JL11J'}
| | | | | | | | | +-- , 69 , {71} , {'xL6JL8J', 'xL5JL9J', 'xL7JL8J', 'xL1JL9J', 'xL4JL5J', 'xL4JL6J', 'xL2JL5J', 'xL2JL6J', 'xL2JL8J', 'xL6JL7J', 'xL5JL7J', 'xL2JL7J', 'xL5JL8J'}
| | | | | | | | | | +-- , 71 , {73} , {'xL5JL9J', 'xL1JL7J', 'xL5JL6J', 'xL1JL9J', 'xL4JL5J', 'xL4JL6J', 'xL2JL5J', 'xL1JL8J', 'xL2JL8J', 'xL2JL6J', 'xL5JL7J', 'xL2JL7J', 'xL5JL8J'}
| | | | | | | | | | | +-- , 73 , set() , {'xL2JL6J', 'xL1JL7J', 'xL5JL6J', 'xL2JL7J', 'xL4JL5J', 'xL3JL7J', 'xL3JL5J', 'xL4JL6J', 'xL3JL6J', 'xL2JL5J'}
| | | | | | | +-- , 51 , {53} , {'xL9JL14J', 'xL6JL13J', 'xL4JL9J', 'xL6JL12J', 'xL6JL14J', 'xL3JL9J', 'xL6JL11J', 'xL9JL15J'}
| | | | | | | | +-- , 53 , {57, 61} , {'xL9JL14J', 'xL6JL13J', 'xL3JL15J', 'xL4JL14J', 'xL4JL12J', 'xL3JL9J', 'xL9JL15J', 'xL3JL14J', 'xL4JL9J', 'xL1JL14J', 'xL6JL12J', 'xL2JL14J', 'xL6JL14J'}
| | | | | | | | | +-- , 57 , {59} , {'xL4JL15J', 'xL4JL9J', 'xL1JL14J', 'xL2JL14J', 'xL3JL15J', 'xL2JL15J', 'xL4JL14J', 'xL4JL12J', 'xL3JL9J'}
| | | | | | | | | | +-- , 59 , set() , {'xL1JL11J', 'xL4JL10J', 'xL4JL9J', 'xL4JL12J', 'xL1JL14J', 'xL2JL14J', 'xL2JL12J', 'xL2JL13J', 'xL2JL15J', 'xL2JL11J', 'xL3JL10J', 'xL3JL11J', 'xL1JL13J', 'xL4JL11J', 'xL3JL9J', 'xL1JL12J'}
| | | | | | | | | +-- , 61 , {63} , {'xL9JL14J', 'xL6JL13J', 'xL8JL14J', 'xL7JL15J', 'xL4JL14J', 'xL4JL12J', 'xL9JL15J', 'xL3JL14J', 'xL5JL14J', 'xL1JL14J', 'xL2JL14J', 'xL6JL12J', 'xL8JL15J', 'xL6JL14J', 'xL7JL14J'}
| | | | | | | | | | +-- , 63 , set() , {'xL5JL13J', 'xL6JL13J', 'xL5JL14J', 'xL5JL12J', 'xL6JL12J', 'xL7JL13J', 'xL7JL15J', 'xL4JL12J', 'xL7JL14J'}
| +-- , 75 , {77} , {'xL14JL14J', 'xL14JL13J', 'xL11JL13J', 'xL14JL8J', 'xL14JL15J', 'xL14JL10J', 'xL11JL14J', 'xL14JL11J', 'xL14JL9J', 'xL14JL7J', 'xL11JL15J', 'xL11JL12J', 'xL14JL12J'}
| | +-- , 77 , {80} , {'xL13JL15J', 'xL11JL15J', 'xL13JL14J', 'xL14JL14J', 'xL14JL13J', 'xL12JL14J', 'xL15JL14J', 'xL14JL15J', 'xL11JL14J', 'xL12JL15J', 'xL14JL12J'}
| | | +-- , 80 , set() , {'xL15JL13J', 'xL15JL12J', 'xL14JL13J', 'xL15JL14J', 'xL14JL12J'}


Max number of edges with non zero Y: 7
Max number of iterations of outer rounding loop: 3
Max number of candidate sets: 2
Time spent rounding: 8.808
Time spent solving Separator LP: 2.676
Total time spent solving: 16.525

LP Solver: GaifmanNormal
Lower Bound Witness = ({'xL12JL4J', 'xL7JL8J', 'xL13JL2J', 'xL1JL7J', 'xL14JL8J', 'xL9JL5J', 'xL8JL10J', 'xL14JL11J', 'xL15JL4J', 'xL3JL14J', 'xL9JL1J', 'xL7JL7J', 'xL2JL8J', 'xL1JL4J', 'xL11JL9J', 'xL2JL4J', 'xL6JL12J', 'xL1JL2J', 'xL14JL3J', 'xL10JL4J', 'xL11JL12J', 'xL3JL1J', 'xL9JL7J', 'xL6JL11J', 'xL3JL2J', 'xL13JL15J', 'xL8JL5J', 'xL9JL8J', 'xL5JL9J', 'xL12JL14J', 'xL8JL14J', 'xL13JL1J', 'xL8JL7J', 'xL3JL15J', 'xL9JL9J', 'xL12JL11J', 'xL7JL4J', 'xL14JL7J', 'xL10JL9J', 'xL11JL4J', 'xL6JL3J', 'xL9JL13J', 'xL15JL9J', 'xL14JL1J', 'xL1JL13J', 'xL9JL2J', 'xL10JL2J', 'xL11JL8J', 'xL14JL13J', 'xL14JL5J', 'xL9JL11J', 'xL4JL14J', 'xL15JL7J', 'xL14JL9J', 'xL2JL5J', 'xL2JL2J', 'xL5JL14J', 'xL8JL6J', 'xL8JL15J', 'xL3JL5J', 'xL12JL1J', 'xL7JL5J', 'xL11JL13J', 'xL5JL12J', 'xL14JL2J', 'xL2JL12J', 'xL7JL13J', 'xL7JL15J', 'xL10JL3J', 'xL7JL1J', 'xL11JL14J', 'xL13JL9J', 'xL8JL1J', 'xL4JL15J', 'xL2JL6J', 'xL5JL7J', 'xL2JL7J', 'xL15JL5J', 'xL6JL8J', 'xL14JL14J', 'xL4JL5J', 'xL13JL11J', 'xL11JL15J', 'xL7JL10J', 'xL13JL6J', 'xL6JL7J', 'xL2JL14J', 'xL12JL7J', 'xL2JL15J', 'xL8JL11J', 'xL11JL2J', 'xL5JL4J', 'xL14JL4J', 'xL10JL5J', 'xL2JL3J', 'xL5JL6J', 'xL4JL1J', 'xL9JL6J', 'xL4JL6J', 'xL12JL2J', 'xL13JL7J', 'xL12JL5J', 'xL7JL9J', 'xL12JL6J', 'xL1JL11J', 'xL15JL8J', 'xL4JL9J', 'xL11JL10J', 'xL1JL14J', 'xL12JL12J', 'xL10JL12J', 'xL3JL10J', 'xL3JL11J', 'xL1JL3J', 'xL7JL11J', 'xL3JL7J', 'xL6JL14J', 'xL9JL3J', 'xL7JL14J', 'xL13JL14J', 'xL13JL5J', 'xL2JL13J', 'xL1JL9J', 'xL14JL15J', 'xL10JL13J', 'xL2JL1J', 'xL4JL12J', 'xL7JL2J', 'xL15JL3J', 'xL8JL9J', 'xL15JL13J', 'xL5JL2J', 'xL5JL1J', 'xL2JL11J', 'xL2JL9J', 'xL5JL3J', 'xL6JL4J', 'xL1JL12J', 'xL14JL12J', 'xL9JL14J', 'xL6JL13J', 'xL4JL10J', 'xL8JL2J', 'xL4JL2J', 'xL15JL12J', 'xL15JL14J', 'xL10JL8J', 'xL9JL12J', 'xL14JL10J', 'xL11JL7J', 'xL7JL3J', 'xL13JL10J', 'xL11JL3J', 'xL3JL6J', 'xL3JL9J', 'xL9JL15J', 'xL5JL13J', 'xL1JL8J', 'xL4JL4J', 'xL12JL10J', 'xL15JL2J', 'xL12JL15J', 'xL4JL11J', 'xL5JL8J'}, {'xL7JL10J', 'xL15JL12J', 'xL4JL1J', 'xL2JL11J', 'xL10JL3J'})