13, 4.0, 6.0, 7
+-- , 0 , {6, 24, 29, 31} , {'xL23J', 'xL14J', 'xL24J', 'xL18J', 'xL0J', 'xL21J', 'xL11J', 'xL8J', 'xL7J', 'xL22J'}
| +-- , 6 , {10} , {'xL23J', 'xL14J', 'xL24J', 'xL8J', 'xL16J', 'xL18J', 'xL0J', 'xL13J', 'xL11J', 'xL4J', 'xL7J', 'xL22J'}
| | +-- , 10 , {12, 22} , {'xL23J', 'xL14J', 'xL24J', 'xL18J', 'xL0J', 'xL13J', 'xL4J', 'xL11J', 'xL8J', 'xL7J', 'xL16J', 'xL17J'}
| | | +-- , 12 , {14} , {'xL23J', 'xL14J', 'xL24J', 'xL8J', 'xL16J', 'xL19J', 'xL17J', 'xL18J', 'xL13J', 'xL4J', 'xL7J'}
| | | | +-- , 14 , {16} , {'xL23J', 'xL14J', 'xL24J', 'xL18J', 'xL4J', 'xL1J', 'xL8J', 'xL7J', 'xL19J'}
| | | | | +-- , 16 , {18} , {'xL23J', 'xL14J', 'xL24J', 'xL18J', 'xL4J', 'xL2J', 'xL1J', 'xL8J', 'xL19J'}
| | | | | | +-- , 18 , {20} , {'xL23J', 'xL14J', 'xL24J', 'xL4J', 'xL20J', 'xL1J', 'xL2J', 'xL19J'}
| | | | | | | +-- , 20 , set() , {'xL23J', 'xL24J', 'xL12J', 'xL20J', 'xL2J', 'xL19J'}
| | | +-- , 22 , set() , {'xL23J', 'xL0J', 'xL11J', 'xL15J', 'xL7J', 'xL17J'}
| +-- , 24 , {27} , {'xL23J', 'xL18J', 'xL6J', 'xL5J', 'xL22J'}
| | +-- , 27 , set() , {'xL23J', 'xL3J', 'xL6J', 'xL22J'}
| +-- , 29 , set() , {'xL14J', 'xL18J', 'xL0J', 'xL10J', 'xL21J'}
| +-- , 31 , set() , {'xL23J', 'xL14J', 'xL9J', 'xL11J'}


Max number of edges with non zero Y: 5
Max number of iterations of outer rounding loop: 0
Max number of candidate sets: 0
Time spent rounding: 0.000
Time spent solving Separator LP: 3.215

LP Solver: GaifmanNormalILP