11, 2.2851862357200283, 5.45, 7
+-- , 0 , {3, 28} , {'36', '37', '55', '35', '77', '65', '46', '67', '69', '60', '20', '15', '3', '17', '30', '50', '21', '70', '23'}
| +-- , 3 , {6} , {'36', '6', '9', '16', '55', '69', '20', '50', '21', '26', '70', '23', '49', '37', '64', '74', '35', '77', '65', '46', '67', '73', '60', '3', '28', '17', '30', '68'}
| | +-- , 6 , {26, 11} , {'36', '6', '16', '55', '69', '20', '50', '21', '70', '0', '23', '47', '32', '49', '37', '64', '74', '35', '77', '11', '65', '46', '73', '67', '3', '60', '28', '17', '30', '27', '53', '44', '9'}
| | | +-- , 26 , set() , {'36', '27', '50', '66', '64', '55', '0', '23', '42', '25'}
| | | +-- , 11 , {24, 15} , {'29', '6', '56', '16', '43', '69', '20', '50', '21', '52', '70', '0', '23', '47', '32', '49', '37', '64', '74', '35', '7', '77', '11', '65', '46', '73', '67', '3', '60', '28', '17', '30', '27', '53', '44', '9'}
| | | | +-- , 24 , set() , {'29', '14', '56', '43', '20', '24', '50', '21', '52', '70', '0', '23', '47', '22', '32', '49', '10', '54', '19', '74', '35', '7', '31', '65', '73', '60', '17', '27', '53', '38', '71'}
| | | | +-- , 15 , {18, 20, 22} , {'29', '6', '56', '16', '43', '18', '72', '69', '50', '21', '52', '70', '47', '37', '64', '35', '7', '77', '11', '46', '39', '73', '67', '3', '60', '28', '17', '30', '27', '53', '44', '8', '9'}
| | | | | +-- , 18 , set() , {'29', '56', '16', '43', '2', '18', '51', '72', '50', '21', '52', '70', '35', '13', '77', '46', '39', '67', '3', '60', '27', '30', '4', '44', '8', '9'}
| | | | | +-- , 20 , set() , {'29', '28', '6', '21', '43', '64', '5', '77', '72', '73'}
| | | | | +-- , 22 , set() , {'17', '62', '21', '7', '11', '39', '47', '67', '69'}
| +-- , 28 , set() , {'36', '30', '21', '48', '37', '34', '55', '77', '46', '23', '69'}


Max number of edges with non zero Y: 14
Max number of iterations of outer rounding loop: 4
Max number of candidate sets: 2
Time spent rounding: 23.569
Time spent solving Separator LP: 2.860
Total time spent solving: 31.069

LP Solver: GaifmanBoosted
Lower Bound Witness = ({'29', '14', '6', '56', '16', '43', '2', '5', '18', '51', '72', '69', '20', '24', '50', '21', '52', '70', '0', '23', '47', '22', '32', '49', '10', '54', '19', '37', '64', '74', '35', '13', '7', '77', '11', '65', '46', '39', '31', '73', '67', '3', '60', '28', '17', '30', '27', '62', '53', '38', '4', '44', '8', '71', '9'}, {'6', '16', '43', '69', '20', '50', '21', '70', '0', '23', '47', '32', '49', '37', '64', '74', '35', '7', '77', '11', '65', '46', '73', '67', '3', '60', '28', '17', '30', '27', '53', '44', '9'})