47, 2.5313207219990286, 9.0, 9
+-- , 0 , {96, 5, 72, 76, 78, 88, 90, 92} , {'yL13J', 'zL25J', 'zL62J', 'xL2J', 'xL7J', 'zL54J', 'zL63J', 'zL53J', 'zL69J', 'xL9J', 'xL5J', 'zL26J', 'xL6J', 'xL0J', 'zL52J', 'zL56J', 'xL1J', 'yL14J'}
| +-- , 96 , set() , {'zL63J', 'w18', 'xL1J'}
| +-- , 5 , {7} , {'zL25J', 'zL62J', 'xL2J', 'xL7J', 'zL53J', 'zL69J', 'xL9J', 'xL5J', 'zL26J', 'xL6J', 'zL24J', 'xL0J', 'zL52J', 'zL56J', 'xL1J'}
| | +-- , 7 , {9, 70} , {'zL11J', 'zL62J', 'xL2J', 'xL7J', 'zL53J', 'zL69J', 'xL9J', 'xL5J', 'zL26J', 'zL10J', 'xL6J', 'zL24J', 'xL0J', 'zL52J', 'zL56J', 'xL1J'}
| | | +-- , 9 , {64, 11, 60, 62} , {'zL62J', 'xL2J', 'xL7J', 'xL8J', 'zL53J', 'zL69J', 'xL9J', 'zL57J', 'xL5J', 'zL26J', 'xL6J', 'zL10J', 'zL24J', 'xL0J', 'zL52J', 'zL56J', 'xL1J'}
| | | | +-- , 64 , {66} , {'xL8J', 'xL5J', 'zL62J', 'xL7J', 'zL61J'}
| | | | | +-- , 66 , {68} , {'zL60J', 'xL7J', 'xL5J', 'zL61J'}
| | | | | | +-- , 68 , set() , {'yL15J', 'xL5J', 'zL60J'}
| | | | +-- , 11 , {14, 16, 18, 50, 52, 54, 56} , {'xL2J', 'xL7J', 'xL8J', 'zL53J', 'zL69J', 'zL41J', 'xL9J', 'zL57J', 'zL40J', 'xL4J', 'xL5J', 'zL26J', 'zL10J', 'xL6J', 'zL24J', 'xL0J', 'zL52J', 'xL1J'}
| | | | | +-- , 14 , set() , {'w10', 'zL31J', 'zL28J', 'xL6J', 'xL2J', 'zL29J', 'xL0J', 'yL7J', 'xL8J', 'zL30J', 'xL4J'}
| | | | | +-- , 16 , set() , {'yL16J', 'zL67J', 'xL6J', 'xL7J', 'zL65J', 'w19', 'zL64J', 'xL1J', 'zL66J', 'xL4J', 'xL5J'}
| | | | | +-- , 18 , {20} , {'zL58J', 'xL2J', 'xL7J', 'xL8J', 'zL69J', 'zL41J', 'xL9J', 'zL57J', 'xL4J', 'xL5J', 'zL10J', 'zL24J', 'xL0J', 'zL42J', 'xL1J'}
| | | | | | +-- , 20 , {48, 22} , {'zL58J', 'xL2J', 'zL71J', 'xL7J', 'zL70J', 'xL8J', 'yL1J', 'zL69J', 'xL9J', 'xL4J', 'xL5J', 'zL59J', 'zL10J', 'zL24J', 'xL0J', 'zL42J', 'xL1J', 'w17', 'zL4J'}
| | | | | | | +-- , 48 , set() , {'w20', 'xL0J', 'zL71J'}
| | | | | | | +-- , 22 , {34, 36, 38, 44, 24, 26} , {'zL58J', 'xL2J', 'xL7J', 'zL70J', 'xL8J', 'zL69J', 'xL9J', 'xL4J', 'xL5J', 'xL3J', 'zL59J', 'zL10J', 'zL24J', 'zL42J', 'xL1J', 'zL4J'}
| | | | | | | | +-- , 34 , set() , {'w7', 'zL18J', 'xL7J', 'zL17J', 'xL8J', 'yL4J', 'zL16J', 'xL9J', 'xL5J', 'zL19J', 'xL3J'}
| | | | | | | | +-- , 36 , set() , {'zL24J', 'yL6J', 'xL3J'}
| | | | | | | | +-- , 38 , {40} , {'zL9J', 'zL10J', 'xL9J', 'xL7J', 'xL3J'}
| | | | | | | | | +-- , 40 , {42} , {'zL9J', 'zL8J', 'xL9J', 'xL3J'}
| | | | | | | | | | +-- , 42 , set() , {'yL2J', 'zL8J', 'xL9J'}
| | | | | | | | +-- , 44 , {46} , {'zL42J', 'zL43J', 'xL7J', 'xL3J'}
| | | | | | | | | +-- , 46 , set() , {'zL43J', 'w13', 'xL7J'}
| | | | | | | | +-- , 24 , set() , {'w11', 'xL2J', 'zL34J', 'zL35J', 'xL8J', 'xL1J', 'yL8J', 'xL4J', 'zL33J', 'zL32J', 'xL3J'}
| | | | | | | | +-- , 26 , {28} , {'xL8J', 'zL5J', 'xL4J', 'xL5J', 'zL4J', 'xL3J'}
| | | | | | | | | +-- , 28 , {30} , {'zL5J', 'xL4J', 'zL6J', 'xL5J', 'xL3J'}
| | | | | | | | | | +-- , 30 , {32} , {'zL6J', 'zL7J', 'xL4J', 'xL5J'}
| | | | | | | | | | | +-- , 32 , set() , {'zL7J', 'xL4J', 'w4'}
| | | | | +-- , 50 , set() , {'xL6J', 'xL2J', 'yL18J', 'xL4J', 'zL74J', 'zL73J', 'w21', 'xL1J', 'zL72J', 'xL9J', 'zL75J'}
| | | | | +-- , 52 , set() , {'zL37J', 'xL6J', 'zL36J', 'xL7J', 'xL8J', 'w12', 'yL9J', 'xL4J', 'xL5J', 'zL39J', 'zL38J'}
| | | | | +-- , 54 , set() , {'zL40J', 'xL4J', 'yL10J'}
| | | | | +-- , 56 , {58} , {'zL26J', 'zL27J', 'xL4J', 'xL5J'}
| | | | | | +-- , 58 , set() , {'xL4J', 'zL27J', 'w9'}
| | | | +-- , 60 , set() , {'xL6J', 'zL78J', 'zL76J', 'xL0J', 'xL8J', 'xL1J', 'yL19J', 'zL79J', 'w22', 'xL5J', 'zL77J'}
| | | | +-- , 62 , set() , {'zL50J', 'zL51J', 'zL49J', 'xL2J', 'xL0J', 'xL8J', 'zL48J', 'xL9J', 'w15', 'xL5J', 'yL12J'}
| | | +-- , 70 , set() , {'w5', 'xL6J', 'zL11J'}
| +-- , 72 , {74} , {'zL68J', 'zL69J', 'xL6J', 'xL9J'}
| | +-- , 74 , set() , {'zL68J', 'yL17J', 'xL6J'}
| +-- , 76 , set() , {'xL6J', 'zL13J', 'xL2J', 'xL0J', 'yL3J', 'xL1J', 'zL12J', 'zL15J', 'xL5J', 'w6', 'zL14J'}
| +-- , 78 , {80} , {'xL6J', 'zL0J', 'xL2J', 'xL7J', 'yL0J', 'xL1J', 'xL5J'}
| | +-- , 80 , {82} , {'xL6J', 'zL0J', 'xL2J', 'xL7J', 'zL1J', 'xL1J'}
| | | +-- , 82 , {84} , {'xL1J', 'xL6J', 'xL2J', 'zL2J', 'zL1J'}
| | | | +-- , 84 , {86} , {'zL3J', 'xL1J', 'xL2J', 'zL2J'}
| | | | | +-- , 86 , set() , {'zL3J', 'w3', 'xL2J'}
| +-- , 88 , set() , {'w14', 'zL44J', 'yL11J', 'xL2J', 'zL47J', 'xL7J', 'zL46J', 'xL0J', 'zL45J', 'xL1J', 'xL9J'}
| +-- , 90 , set() , {'w8', 'yL5J', 'xL2J', 'zL22J', 'xL0J', 'zL23J', 'xL1J', 'zL20J', 'xL9J', 'xL5J', 'zL21J'}
| +-- , 92 , {94} , {'xL2J', 'zL55J', 'xL7J', 'zL54J'}
| | +-- , 94 , set() , {'zL55J', 'w16', 'xL2J'}


Max number of edges with non zero Y: 38
Max number of iterations of outer rounding loop: 6
Max number of candidate sets: 2
Time spent rounding: 23.880
Time spent solving Separator LP: 8.080
Total time spent solving: 41.765

LP Solver: GaifmanNormal
Lower Bound Witness = ({'yL16J', 'yL13J', 'zL2J', 'zL34J', 'zL54J', 'zL74J', 'zL68J', 'zL63J', 'w21', 'zL41J', 'zL55J', 'zL57J', 'zL21J', 'zL9J', 'zL8J', 'zL61J', 'yL4J', 'zL45J', 'w20', 'zL60J', 'zL39J', 'yL15J', 'zL43J', 'zL51J', 'zL18J', 'zL65J', 'yL17J', 'zL12J', 'xL4J', 'xL3J', 'w14', 'zL31J', 'zL59J', 'zL3J', 'zL37J', 'zL27J', 'w16', 'zL29J', 'zL52J', 'zL56J', 'w13', 'zL30J', 'zL6J', 'w12', 'zL19J', 'w11', 'zL62J', 'zL36J', 'xL7J', 'yL1J', 'zL72J', 'yL18J', 'w8', 'zL32J', 'w10', 'zL10J', 'zL78J', 'zL22J', 'zL76J', 'w9', 'zL42J', 'zL5J', 'yL5J', 'zL28J', 'zL71J', 'yL7J', 'zL23J', 'zL15J', 'zL66J', 'xL5J', 'yL2J', 'zL26J', 'w5', 'xL1J', 'w22', 'yL14J', 'zL14J', 'zL25J', 'yL6J', 'zL49J', 'yL9J', 'zL69J', 'xL9J', 'zL40J', 'yL3J', 'zL79J', 'zL67J', 'yL11J', 'yL0J', 'xL0J', 'zL17J', 'w19', 'zL7J', 'w17', 'zL11J', 'zL70J', 'zL1J', 'zL64J', 'zL20J', 'zL44J', 'zL47J', 'zL16J', 'zL4J', 'w15', 'zL77J', 'yL10J', 'zL50J', 'xL2J', 'w18', 'yL19J', 'zL75J', 'zL33J', 'w6', 'xL6J', 'zL24J', 'zL38J', 'zL58J', 'w7', 'zL0J', 'xL8J', 'zL73J', 'zL53J', 'w3', 'zL13J', 'zL35J', 'zL46J', 'zL48J', 'yL8J', 'w4', 'yL12J'}, {'yL13J', 'yL11J', 'xL7J', 'yL0J', 'zL46J', 'zL52J', 'zL68J', 'zL63J', 'zL23J', 'zL53J', 'xL9J', 'zL5J', 'w17', 'yL14J'})