45, 0, 9.0, 9
+-- , 0 , {5, 73, 59, 81, 63, 83, 85, 87, 89, 91, 61, 57} , {'yL6J', 'zL11J', 'xL2J', 'zL0J', 'xL8J', 'xL9J', 'zL40J', 'xL4J', 'xL5J', 'xL3J', 'zL44J', 'yL11J', 'xL6J', 'zL10J', 'zL24J', 'yL0J', 'xL0J', 'xL1J', 'yL10J'}
| +-- , 5 , {7} , {'xL2J', 'zL0J', 'xL8J', 'zL41J', 'xL9J', 'zL40J', 'xL4J', 'xL5J', 'xL3J', 'zL44J', 'zL10J', 'xL6J', 'zL24J', 'xL0J', 'zL42J', 'zL45J', 'xL1J'}
| | +-- , 7 , {9, 53} , {'xL2J', 'zL0J', 'zL2J', 'zL1J', 'xL8J', 'xL9J', 'xL4J', 'xL5J', 'xL3J', 'xL6J', 'zL10J', 'zL24J', 'zL46J', 'xL0J', 'zL42J', 'zL45J', 'xL1J'}
| | | +-- , 9 , {49, 11} , {'xL2J', 'zL0J', 'zL1J', 'xL8J', 'xL9J', 'xL4J', 'xL5J', 'xL3J', 'zL37J', 'zL10J', 'xL6J', 'zL24J', 'zL46J', 'xL0J', 'zL42J', 'xL1J', 'zL38J'}
| | | | +-- , 49 , {51} , {'zL37J', 'xL6J', 'zL36J', 'xL5J'}
| | | | | +-- , 51 , set() , {'zL36J', 'yL9J', 'xL5J'}
| | | | +-- , 11 , {45, 41, 13} , {'zL25J', 'xL2J', 'zL0J', 'zL54J', 'zL1J', 'xL8J', 'zL53J', 'xL9J', 'xL4J', 'xL5J', 'xL3J', 'zL26J', 'xL6J', 'zL10J', 'zL24J', 'zL46J', 'xL0J', 'zL42J', 'xL1J', 'zL38J'}
| | | | | +-- , 45 , {47} , {'zL26J', 'zL27J', 'xL4J', 'xL5J'}
| | | | | | +-- , 47 , set() , {'xL4J', 'zL27J', 'w9'}
| | | | | +-- , 41 , {43} , {'zL53J', 'xL4J', 'xL5J', 'zL52J'}
| | | | | | +-- , 43 , set() , {'xL5J', 'yL13J', 'zL52J'}
| | | | | +-- , 13 , {33, 37, 15, 17, 21, 23, 25, 27} , {'zL25J', 'xL2J', 'zL0J', 'xL7J', 'zL54J', 'zL1J', 'xL8J', 'xL9J', 'zL55J', 'xL4J', 'xL5J', 'xL3J', 'xL6J', 'zL10J', 'zL24J', 'zL46J', 'zL42J', 'xL1J', 'zL38J'}
| | | | | | +-- , 33 , {35} , {'xL1J', 'xL7J', 'zL46J', 'zL47J'}
| | | | | | | +-- , 35 , set() , {'w14', 'xL7J', 'zL47J'}
| | | | | | +-- , 37 , {39} , {'zL42J', 'zL43J', 'xL7J', 'xL3J'}
| | | | | | | +-- , 39 , set() , {'zL43J', 'w13', 'xL7J'}
| | | | | | +-- , 15 , set() , {'yL16J', 'zL67J', 'xL6J', 'xL7J', 'zL65J', 'w19', 'zL64J', 'xL1J', 'zL66J', 'xL4J', 'xL5J'}
| | | | | | +-- , 17 , {19} , {'xL8J', 'xL7J', 'zL39J', 'zL38J'}
| | | | | | | +-- , 19 , set() , {'xL8J', 'w12', 'zL39J'}
| | | | | | +-- , 21 , set() , {'zL55J', 'w16', 'xL2J'}
| | | | | | +-- , 23 , set() , {'yL15J', 'xL6J', 'zL62J', 'xL7J', 'zL61J', 'w18', 'xL8J', 'zL63J', 'xL1J', 'zL60J', 'xL5J'}
| | | | | | +-- , 25 , set() , {'w7', 'zL18J', 'xL7J', 'zL17J', 'xL8J', 'yL4J', 'zL16J', 'xL9J', 'xL5J', 'zL19J', 'xL3J'}
| | | | | | +-- , 27 , {29} , {'zL9J', 'zL10J', 'xL9J', 'xL7J', 'xL3J'}
| | | | | | | +-- , 29 , {31} , {'zL9J', 'zL8J', 'xL9J', 'xL3J'}
| | | | | | | | +-- , 31 , set() , {'yL2J', 'zL8J', 'xL9J'}
| | | +-- , 53 , {55} , {'zL3J', 'xL1J', 'xL2J', 'zL2J'}
| | | | +-- , 55 , set() , {'zL3J', 'w3', 'xL2J'}
| +-- , 73 , {75, 77} , {'zL58J', 'xL0J', 'xL8J', 'xL9J', 'zL57J', 'xL4J', 'xL3J'}
| | +-- , 75 , set() , {'zL58J', 'zL59J', 'w17', 'xL4J', 'xL3J'}
| | +-- , 77 , {79} , {'xL8J', 'xL9J', 'zL57J', 'zL56J'}
| | | +-- , 79 , set() , {'yL14J', 'xL9J', 'zL56J'}
| +-- , 59 , set() , {'xL6J', 'zL71J', 'zL70J', 'xL0J', 'zL68J', 'yL17J', 'zL69J', 'xL9J', 'w20', 'xL5J', 'xL3J'}
| +-- , 81 , set() , {'xL6J', 'zL78J', 'zL76J', 'xL0J', 'xL8J', 'xL1J', 'yL19J', 'zL79J', 'w22', 'xL5J', 'zL77J'}
| +-- , 63 , {65, 69} , {'zL6J', 'xL2J', 'xL8J', 'zL5J', 'xL4J', 'xL5J', 'xL3J'}
| | +-- , 65 , {67} , {'zL6J', 'zL7J', 'xL4J', 'xL5J'}
| | | +-- , 67 , set() , {'zL7J', 'xL4J', 'w4'}
| | +-- , 69 , {71} , {'xL8J', 'xL2J', 'zL5J', 'zL4J'}
| | | +-- , 71 , set() , {'yL1J', 'zL4J', 'xL2J'}
| +-- , 83 , set() , {'zL50J', 'zL51J', 'zL49J', 'xL2J', 'xL0J', 'xL8J', 'zL48J', 'xL9J', 'w15', 'xL5J', 'yL12J'}
| +-- , 85 , set() , {'w8', 'yL5J', 'xL2J', 'zL22J', 'xL0J', 'zL23J', 'xL1J', 'zL20J', 'xL9J', 'xL5J', 'zL21J'}
| +-- , 87 , set() , {'xL6J', 'xL2J', 'yL18J', 'xL4J', 'zL74J', 'zL73J', 'w21', 'xL1J', 'zL72J', 'xL9J', 'zL75J'}
| +-- , 89 , set() , {'w10', 'zL31J', 'zL28J', 'xL6J', 'xL2J', 'zL29J', 'xL0J', 'yL7J', 'xL8J', 'zL30J', 'xL4J'}
| +-- , 91 , set() , {'w11', 'xL2J', 'zL34J', 'zL35J', 'xL8J', 'xL1J', 'yL8J', 'xL4J', 'zL33J', 'zL32J', 'xL3J'}
| +-- , 61 , set() , {'xL6J', 'zL13J', 'xL2J', 'xL0J', 'yL3J', 'xL1J', 'zL12J', 'zL15J', 'xL5J', 'w6', 'zL14J'}
| +-- , 57 , set() , {'w5', 'xL6J', 'zL11J'}


Max number of edges with non zero Y: 62
Max number of iterations of outer rounding loop: 1
Max number of candidate sets: 2
Time spent rounding: 4.469
Time spent solving Separator LP: 0.045
Total time spent solving: 11.985

LP Solver: gammaPlusFractionalCoverHeuristic
Lower Bound Witness = ({'yL16J', 'yL13J', 'zL2J', 'zL34J', 'zL54J', 'zL74J', 'zL68J', 'zL63J', 'w21', 'zL41J', 'zL55J', 'zL57J', 'zL21J', 'zL9J', 'zL8J', 'zL61J', 'yL4J', 'zL45J', 'w20', 'zL60J', 'zL39J', 'yL15J', 'zL43J', 'zL51J', 'zL18J', 'zL65J', 'yL17J', 'zL12J', 'xL4J', 'xL3J', 'w14', 'zL31J', 'zL59J', 'zL3J', 'zL37J', 'zL27J', 'w16', 'zL29J', 'zL52J', 'zL56J', 'w13', 'zL30J', 'zL6J', 'w12', 'zL19J', 'w11', 'zL62J', 'zL36J', 'xL7J', 'yL1J', 'zL72J', 'yL18J', 'w8', 'zL32J', 'w10', 'zL10J', 'zL78J', 'zL22J', 'zL76J', 'w9', 'zL42J', 'zL5J', 'yL5J', 'zL28J', 'zL71J', 'yL7J', 'zL23J', 'zL15J', 'zL66J', 'xL5J', 'yL2J', 'zL26J', 'w5', 'xL1J', 'w22', 'yL14J', 'zL14J', 'zL25J', 'yL6J', 'zL49J', 'yL9J', 'zL69J', 'xL9J', 'zL40J', 'yL3J', 'zL79J', 'zL67J', 'yL11J', 'yL0J', 'xL0J', 'zL17J', 'w19', 'zL7J', 'w17', 'zL11J', 'zL70J', 'zL1J', 'zL64J', 'zL20J', 'zL44J', 'zL47J', 'zL16J', 'zL4J', 'w15', 'zL77J', 'yL10J', 'zL50J', 'xL2J', 'w18', 'yL19J', 'zL75J', 'zL33J', 'w6', 'xL6J', 'zL24J', 'zL38J', 'zL58J', 'w7', 'zL0J', 'xL8J', 'zL73J', 'zL53J', 'w3', 'zL13J', 'zL35J', 'zL46J', 'zL48J', 'yL8J', 'w4', 'yL12J'}, {'zL68J', 'zL6J', 'zL61J', 'yL7J'})