50, 3.343145291309629, 10.0, 10
+-- , 0 , {3, 5, 101, 7, 71, 73, 75, 11, 85, 87, 89, 91, 93, 95} , {'zL58J', 'zL37J', 'xL6J', 'xL2J', 'zL18J', 'xL7J', 'xL0J', 'xL1J', 'xL9J', 'zL57J', 'xL4J', 'xL5J', 'zL19J', 'xL3J'}
| +-- , 3 , set() , {'yL16J', 'zL67J', 'xL6J', 'xL7J', 'zL65J', 'w19', 'zL64J', 'xL1J', 'zL66J', 'xL4J', 'xL5J'}
| +-- , 5 , set() , {'xL6J', 'zL71J', 'zL70J', 'xL0J', 'zL68J', 'yL17J', 'zL69J', 'xL9J', 'w20', 'xL5J', 'xL3J'}
| +-- , 101 , {103} , {'zL37J', 'xL6J', 'zL36J', 'xL5J'}
| | +-- , 103 , set() , {'zL36J', 'yL9J', 'xL5J'}
| +-- , 7 , set() , {'xL6J', 'zL13J', 'xL2J', 'xL0J', 'yL3J', 'xL1J', 'zL12J', 'zL15J', 'xL5J', 'w6', 'zL14J'}
| +-- , 71 , set() , {'zL58J', 'zL59J', 'w17', 'xL4J', 'xL3J'}
| +-- , 73 , set() , {'zL25J', 'zL26J', 'yL6J', 'zL27J', 'xL2J', 'xL7J', 'zL24J', 'w9', 'xL4J', 'xL5J', 'xL3J'}
| +-- , 75 , {77} , {'xL6J', 'zL0J', 'xL2J', 'xL7J', 'yL0J', 'xL1J', 'xL5J'}
| | +-- , 77 , {79} , {'xL6J', 'zL0J', 'xL2J', 'xL7J', 'zL1J', 'xL1J'}
| | | +-- , 79 , {81} , {'xL1J', 'xL6J', 'xL2J', 'zL2J', 'zL1J'}
| | | | +-- , 81 , {83} , {'zL3J', 'xL1J', 'xL2J', 'zL2J'}
| | | | | +-- , 83 , set() , {'zL3J', 'w3', 'xL2J'}
| +-- , 11 , {69, 13} , {'xL2J', 'xL7J', 'zL19J', 'zL34J', 'xL9J', 'zL57J', 'xL4J', 'xL5J', 'xL3J', 'zL37J', 'xL6J', 'zL35J', 'xL0J', 'zL48J', 'xL1J', 'yL12J'}
| | +-- , 69 , set() , {'w11', 'zL35J', 'xL1J'}
| | +-- , 13 , {67, 15, 63} , {'zL50J', 'zL51J', 'xL2J', 'xL7J', 'zL34J', 'xL9J', 'zL57J', 'xL4J', 'xL5J', 'zL32J', 'xL3J', 'zL37J', 'xL6J', 'zL78J', 'xL0J', 'zL48J', 'xL1J', 'yL8J', 'zL77J', 'zL19J'}
| | | +-- , 67 , set() , {'w15', 'zL51J', 'xL0J'}
| | | +-- , 15 , {17} , {'zL50J', 'xL2J', 'xL7J', 'zL34J', 'xL9J', 'zL57J', 'xL4J', 'zL33J', 'xL5J', 'zL32J', 'xL3J', 'zL37J', 'xL6J', 'zL78J', 'xL0J', 'zL48J', 'xL1J', 'zL19J'}
| | | | +-- , 17 , {19, 61} , {'zL50J', 'xL2J', 'xL7J', 'zL19J', 'zL34J', 'zL41J', 'xL9J', 'zL57J', 'zL40J', 'xL4J', 'zL33J', 'xL5J', 'xL3J', 'zL37J', 'xL6J', 'zL78J', 'xL0J', 'zL48J', 'xL1J', 'zL38J'}
| | | | | +-- , 19 , {33, 37, 39, 43, 47, 49, 51, 21, 25, 59, 29} , {'zL50J', 'xL2J', 'xL7J', 'zL19J', 'zL34J', 'xL8J', 'zL41J', 'xL9J', 'zL57J', 'xL4J', 'zL33J', 'xL5J', 'xL3J', 'zL31J', 'xL6J', 'zL78J', 'xL0J', 'zL48J', 'xL1J', 'zL5J', 'zL6J', 'zL38J'}
| | | | | | +-- , 33 , {35} , {'xL8J', 'xL2J', 'zL5J', 'zL4J'}
| | | | | | | +-- , 35 , set() , {'yL1J', 'zL4J', 'xL2J'}
| | | | | | +-- , 37 , set() , {'yL15J', 'xL6J', 'zL62J', 'xL7J', 'zL61J', 'w18', 'xL8J', 'zL63J', 'xL1J', 'zL60J', 'xL5J'}
| | | | | | +-- , 39 , {41} , {'xL8J', 'zL78J', 'xL5J', 'zL79J'}
| | | | | | | +-- , 41 , set() , {'xL8J', 'w22', 'zL79J'}
| | | | | | +-- , 43 , {45} , {'zL6J', 'zL7J', 'xL4J', 'xL5J'}
| | | | | | | +-- , 45 , set() , {'zL7J', 'xL4J', 'w4'}
| | | | | | +-- , 47 , set() , {'zL50J', 'xL2J', 'zL49J', 'xL8J', 'zL48J'}
| | | | | | +-- , 49 , set() , {'zL43J', 'xL7J', 'zL42J', 'xL8J', 'w13', 'zL41J', 'xL3J'}
| | | | | | +-- , 51 , {53} , {'zL31J', 'xL6J', 'xL0J', 'xL8J', 'zL30J', 'xL4J'}
| | | | | | | +-- , 53 , {55} , {'xL6J', 'zL30J', 'zL29J', 'xL4J', 'xL0J'}
| | | | | | | | +-- , 55 , {57} , {'zL28J', 'xL6J', 'zL29J', 'xL4J'}
| | | | | | | | | +-- , 57 , set() , {'xL6J', 'zL28J', 'yL7J'}
| | | | | | +-- , 21 , set() , {'w10', 'zL31J', 'xL2J'}
| | | | | | +-- , 25 , {27} , {'xL8J', 'xL9J', 'zL57J', 'zL56J'}
| | | | | | | +-- , 27 , set() , {'yL14J', 'xL9J', 'zL56J'}
| | | | | | +-- , 59 , set() , {'xL8J', 'zL19J', 'w7'}
| | | | | | +-- , 29 , {31} , {'xL8J', 'xL7J', 'zL39J', 'zL38J'}
| | | | | | | +-- , 31 , set() , {'xL8J', 'w12', 'zL39J'}
| | | | | +-- , 61 , set() , {'zL40J', 'xL4J', 'yL10J'}
| | | +-- , 63 , {65} , {'xL6J', 'zL77J', 'zL76J', 'xL0J'}
| | | | +-- , 65 , set() , {'yL19J', 'zL76J', 'xL6J'}
| +-- , 85 , set() , {'zL9J', 'yL2J', 'zL8J', 'zL11J', 'zL10J', 'xL6J', 'xL7J', 'w5', 'xL1J', 'xL9J', 'xL3J'}
| +-- , 87 , set() , {'w14', 'zL44J', 'yL11J', 'xL2J', 'zL47J', 'xL7J', 'zL46J', 'xL0J', 'zL45J', 'xL1J', 'xL9J'}
| +-- , 89 , set() , {'w8', 'yL5J', 'xL2J', 'zL22J', 'xL0J', 'zL23J', 'xL1J', 'zL20J', 'xL9J', 'xL5J', 'zL21J'}
| +-- , 91 , set() , {'xL6J', 'xL2J', 'yL18J', 'xL4J', 'zL74J', 'zL73J', 'w21', 'xL1J', 'zL72J', 'xL9J', 'zL75J'}
| +-- , 93 , set() , {'yL13J', 'xL2J', 'w16', 'xL7J', 'zL54J', 'xL0J', 'zL52J', 'zL53J', 'zL55J', 'xL4J', 'xL5J'}
| +-- , 95 , {97} , {'xL9J', 'zL18J', 'xL5J', 'xL3J', 'zL17J'}
| | +-- , 97 , {99} , {'zL16J', 'xL9J', 'xL5J', 'zL17J'}
| | | +-- , 99 , set() , {'yL4J', 'zL16J', 'xL9J'}


Max number of edges with non zero Y: 29
Max number of iterations of outer rounding loop: 5
Max number of candidate sets: 2
Time spent rounding: 28.731
Time spent solving Separator LP: 16.913
Total time spent solving: 54.545

LP Solver: GaifmanBoosted
Lower Bound Witness = ({'yL16J', 'yL13J', 'zL2J', 'zL34J', 'zL54J', 'zL74J', 'zL68J', 'zL63J', 'w21', 'zL41J', 'zL55J', 'zL57J', 'zL21J', 'zL9J', 'zL8J', 'zL61J', 'yL4J', 'zL45J', 'w20', 'zL60J', 'zL39J', 'yL15J', 'zL43J', 'zL51J', 'zL18J', 'zL65J', 'yL17J', 'zL12J', 'xL4J', 'xL3J', 'w14', 'zL31J', 'zL59J', 'zL3J', 'zL37J', 'zL27J', 'w16', 'zL29J', 'zL52J', 'zL56J', 'w13', 'zL30J', 'zL6J', 'w12', 'zL19J', 'w11', 'zL62J', 'zL36J', 'xL7J', 'yL1J', 'zL72J', 'yL18J', 'w8', 'zL32J', 'w10', 'zL10J', 'zL78J', 'zL22J', 'zL76J', 'w9', 'zL42J', 'zL5J', 'yL5J', 'zL28J', 'zL71J', 'yL7J', 'zL23J', 'zL15J', 'zL66J', 'xL5J', 'yL2J', 'zL26J', 'w5', 'xL1J', 'w22', 'yL14J', 'zL14J', 'zL25J', 'yL6J', 'zL49J', 'yL9J', 'zL69J', 'xL9J', 'zL40J', 'yL3J', 'zL79J', 'zL67J', 'yL11J', 'yL0J', 'xL0J', 'zL17J', 'w19', 'zL7J', 'w17', 'zL11J', 'zL70J', 'zL1J', 'zL64J', 'zL20J', 'zL44J', 'zL47J', 'zL16J', 'zL4J', 'w15', 'zL77J', 'yL10J', 'zL50J', 'xL2J', 'w18', 'yL19J', 'zL75J', 'zL33J', 'w6', 'xL6J', 'zL24J', 'zL38J', 'zL58J', 'w7', 'zL0J', 'xL8J', 'zL73J', 'zL53J', 'w3', 'zL13J', 'zL35J', 'zL46J', 'zL48J', 'yL8J', 'w4', 'yL12J'}, {'zL2J', 'xL7J', 'w21', 'yL9J', 'xL9J', 'zL55J', 'yL19J', 'w8', 'w6', 'zL78J', 'zL22J', 'w20', 'zL5J', 'zL38J', 'zL58J', 'zL11J', 'zL51J', 'zL18J', 'xL8J', 'zL73J', 'zL23J', 'yL17J', 'zL66J', 'xL3J', 'zL31J', 'w5', 'zL52J', 'w4', 'w22', 'zL14J'})