57, 3.027148544804659, 12.0, 12
+-- , 0 , {3, 7, 9, 11, 85, 87, 91, 95, 97, 99, 101, 105, 107, 111, 113} , {'zL58J', 'xL2J', 'zL2J', 'zL54J', 'zL63J', 'xL9J', 'zL66J', 'xL4J', 'xL5J', 'xL3J', 'zL27J', 'xL6J', 'w16', 'zL29J', 'xL0J', 'zL48J', 'zL45J', 'xL1J', 'zL7J', 'zL77J', 'yL12J'}
| +-- , 3 , {5} , {'zL67J', 'xL1J', 'zL66J', 'xL5J'}
| | +-- , 5 , set() , {'w19', 'zL67J', 'xL1J'}
| +-- , 7 , set() , {'xL6J', 'zL71J', 'zL70J', 'xL0J', 'zL68J', 'yL17J', 'zL69J', 'xL9J', 'w20', 'xL5J', 'xL3J'}
| +-- , 9 , set() , {'xL6J', 'zL13J', 'xL2J', 'xL0J', 'yL3J', 'xL1J', 'zL12J', 'zL15J', 'xL5J', 'w6', 'zL14J'}
| +-- , 11 , {69, 73, 75, 13, 79, 63} , {'zL58J', 'xL2J', 'zL2J', 'xL7J', 'zL54J', 'zL1J', 'zL63J', 'xL9J', 'zL55J', 'zL66J', 'xL4J', 'xL5J', 'xL3J', 'zL27J', 'xL6J', 'zL78J', 'w16', 'zL29J', 'zL46J', 'xL0J', 'zL48J', 'zL45J', 'xL1J', 'zL30J', 'zL7J', 'zL6J', 'zL77J'}
| | +-- , 69 , {71} , {'zL0J', 'xL7J', 'xL5J', 'zL1J'}
| | | +-- , 71 , set() , {'yL0J', 'xL5J', 'zL0J'}
| | +-- , 73 , set() , {'zL9J', 'yL2J', 'zL8J', 'zL11J', 'zL10J', 'xL6J', 'xL7J', 'w5', 'xL1J', 'xL9J', 'xL3J'}
| | +-- , 75 , {77} , {'xL1J', 'xL7J', 'zL46J', 'zL47J'}
| | | +-- , 77 , set() , {'w14', 'xL7J', 'zL47J'}
| | +-- , 13 , {15} , {'zL62J', 'xL2J', 'zL49J', 'xL7J', 'zL63J', 'xL9J', 'xL6J', 'zL78J', 'xL0J', 'yL14J', 'zL58J', 'zL43J', 'xL4J', 'xL5J', 'xL3J', 'zL56J', 'zL48J', 'w13', 'xL1J', 'zL30J', 'zL6J'}
| | | +-- , 15 , {17, 59} , {'zL58J', 'zL43J', 'zL62J', 'xL2J', 'zL49J', 'xL7J', 'xL9J', 'xL4J', 'xL5J', 'xL3J', 'zL37J', 'xL6J', 'zL78J', 'xL0J', 'zL56J', 'xL1J', 'zL30J', 'zL6J', 'zL38J'}
| | | | +-- , 17 , {35, 39, 41, 43, 45, 49, 19, 55, 23, 29} , {'zL58J', 'zL43J', 'zL62J', 'xL2J', 'zL49J', 'xL7J', 'xL8J', 'xL9J', 'xL4J', 'xL5J', 'xL3J', 'xL6J', 'zL78J', 'xL0J', 'zL56J', 'xL1J', 'zL30J', 'zL6J', 'zL38J'}
| | | | | +-- , 35 , {37} , {'zL43J', 'xL6J', 'zL42J', 'xL8J', 'zL41J', 'zL40J', 'xL4J', 'xL3J'}
| | | | | | +-- , 37 , set() , {'zL40J', 'xL4J', 'yL10J'}
| | | | | +-- , 39 , set() , {'w7', 'zL18J', 'xL7J', 'zL17J', 'xL8J', 'yL4J', 'zL16J', 'xL9J', 'xL5J', 'zL19J', 'xL3J'}
| | | | | +-- , 41 , set() , {'zL58J', 'xL0J', 'zL56J', 'xL8J', 'zL57J'}
| | | | | +-- , 43 , set() , {'w11', 'xL2J', 'zL34J', 'zL35J', 'xL8J', 'xL1J', 'yL8J', 'xL4J', 'zL33J', 'zL32J', 'xL3J'}
| | | | | +-- , 45 , {47} , {'xL8J', 'xL7J', 'zL39J', 'zL38J'}
| | | | | | +-- , 47 , set() , {'xL8J', 'w12', 'zL39J'}
| | | | | +-- , 49 , {51} , {'xL8J', 'xL5J', 'zL62J', 'xL7J', 'zL61J'}
| | | | | | +-- , 51 , {53} , {'zL60J', 'xL7J', 'xL5J', 'zL61J'}
| | | | | | | +-- , 53 , set() , {'yL15J', 'xL5J', 'zL60J'}
| | | | | +-- , 19 , {21} , {'xL8J', 'zL31J', 'xL2J', 'zL30J'}
| | | | | | +-- , 21 , set() , {'w10', 'zL31J', 'xL2J'}
| | | | | +-- , 55 , {57} , {'xL8J', 'zL78J', 'xL5J', 'zL79J'}
| | | | | | +-- , 57 , set() , {'xL8J', 'w22', 'zL79J'}
| | | | | +-- , 23 , {25} , {'xL8J', 'xL2J', 'zL5J', 'zL6J', 'xL3J'}
| | | | | | +-- , 25 , {27} , {'xL8J', 'xL2J', 'zL5J', 'zL4J'}
| | | | | | | +-- , 27 , set() , {'yL1J', 'zL4J', 'xL2J'}
| | | | | +-- , 29 , {31} , {'xL8J', 'zL50J', 'zL49J', 'xL9J', 'xL0J'}
| | | | | | +-- , 31 , {33} , {'zL51J', 'zL50J', 'xL9J', 'xL0J'}
| | | | | | | +-- , 33 , set() , {'w15', 'zL51J', 'xL0J'}
| | | | +-- , 59 , {61} , {'zL37J', 'xL6J', 'zL36J', 'xL5J'}
| | | | | +-- , 61 , set() , {'zL36J', 'yL9J', 'xL5J'}
| | +-- , 79 , {81} , {'xL6J', 'zL66J', 'xL7J', 'xL4J', 'zL65J'}
| | | +-- , 81 , {83} , {'zL64J', 'xL6J', 'xL7J', 'zL65J'}
| | | | +-- , 83 , set() , {'yL16J', 'zL64J', 'xL6J'}
| | +-- , 63 , {65} , {'zL26J', 'zL27J', 'xL2J', 'xL7J', 'xL5J', 'xL3J'}
| | | +-- , 65 , {67} , {'zL25J', 'zL26J', 'xL2J', 'xL7J', 'zL24J', 'xL3J'}
| | | | +-- , 67 , set() , {'zL24J', 'yL6J', 'xL3J'}
| +-- , 85 , set() , {'zL58J', 'zL59J', 'w17', 'xL4J', 'xL3J'}
| +-- , 87 , {89} , {'zL3J', 'xL1J', 'xL2J', 'zL2J'}
| | +-- , 89 , set() , {'zL3J', 'w3', 'xL2J'}
| +-- , 91 , {93} , {'xL6J', 'zL77J', 'zL76J', 'xL0J'}
| | +-- , 93 , set() , {'yL19J', 'zL76J', 'xL6J'}
| +-- , 95 , set() , {'w8', 'yL5J', 'xL2J', 'zL22J', 'xL0J', 'zL23J', 'xL1J', 'zL20J', 'xL9J', 'xL5J', 'zL21J'}
| +-- , 97 , set() , {'xL6J', 'xL2J', 'yL18J', 'xL4J', 'zL74J', 'zL73J', 'w21', 'xL1J', 'zL72J', 'xL9J', 'zL75J'}
| +-- , 99 , set() , {'yL13J', 'zL54J', 'zL52J', 'xL0J', 'zL53J', 'xL4J', 'xL5J'}
| +-- , 101 , {103} , {'zL44J', 'zL45J', 'xL2J', 'xL0J'}
| | +-- , 103 , set() , {'zL44J', 'yL11J', 'xL0J'}
| +-- , 105 , set() , {'zL7J', 'xL4J', 'w4'}
| +-- , 107 , {109} , {'zL28J', 'xL6J', 'zL29J', 'xL4J'}
| | +-- , 109 , set() , {'xL6J', 'zL28J', 'yL7J'}
| +-- , 111 , set() , {'zL63J', 'w18', 'xL1J'}
| +-- , 113 , set() , {'xL4J', 'zL27J', 'w9'}


Max number of edges with non zero Y: 41
Max number of iterations of outer rounding loop: 6
Max number of candidate sets: 2
Time spent rounding: 12.285
Time spent solving Separator LP: 9.874
Total time spent solving: 28.057

LP Solver: GaifmanNormal
Lower Bound Witness = ({'yL16J', 'yL13J', 'zL2J', 'zL34J', 'zL54J', 'zL74J', 'zL68J', 'zL63J', 'w21', 'zL41J', 'zL55J', 'zL57J', 'zL21J', 'zL9J', 'zL8J', 'zL61J', 'yL4J', 'zL45J', 'w20', 'zL60J', 'zL39J', 'yL15J', 'zL43J', 'zL51J', 'zL18J', 'zL65J', 'yL17J', 'zL12J', 'xL4J', 'xL3J', 'w14', 'zL31J', 'zL59J', 'zL3J', 'zL37J', 'zL27J', 'w16', 'zL29J', 'zL52J', 'zL56J', 'w13', 'zL30J', 'zL6J', 'w12', 'zL19J', 'w11', 'zL62J', 'zL36J', 'xL7J', 'yL1J', 'zL72J', 'yL18J', 'w8', 'zL32J', 'w10', 'zL10J', 'zL78J', 'zL22J', 'zL76J', 'w9', 'zL42J', 'zL5J', 'yL5J', 'zL28J', 'zL71J', 'yL7J', 'zL23J', 'zL15J', 'zL66J', 'xL5J', 'yL2J', 'zL26J', 'w5', 'xL1J', 'w22', 'yL14J', 'zL14J', 'zL25J', 'yL6J', 'zL49J', 'yL9J', 'zL69J', 'xL9J', 'zL40J', 'yL3J', 'zL79J', 'zL67J', 'yL11J', 'yL0J', 'xL0J', 'zL17J', 'w19', 'zL7J', 'w17', 'zL11J', 'zL70J', 'zL1J', 'zL64J', 'zL20J', 'zL44J', 'zL47J', 'zL16J', 'zL4J', 'w15', 'zL77J', 'yL10J', 'zL50J', 'xL2J', 'w18', 'yL19J', 'zL75J', 'zL33J', 'w6', 'xL6J', 'zL24J', 'zL38J', 'zL58J', 'w7', 'zL0J', 'xL8J', 'zL73J', 'zL53J', 'w3', 'zL13J', 'zL35J', 'zL46J', 'zL48J', 'yL8J', 'w4', 'yL12J'}, {'yL13J', 'zL2J', 'zL68J', 'zL63J', 'w21', 'zL69J', 'zL41J', 'xL9J', 'zL67J', 'yL0J', 'w9', 'yL4J', 'zL45J', 'zL7J', 'w17', 'zL58J', 'yL5J', 'zL51J', 'w7', 'yL7J', 'xL8J', 'zL53J', 'xL3J', 'w16', 'zL29J', 'zL46J', 'zL56J', 'xL1J', 'yL8J', 'w4', 'yL14J', 'zL77J', 'yL12J'})