55, 2.5111387861483876, 9.0, 9
+-- , 0 , {3, 69, 11, 77, 79, 81, 83, 21, 85, 87, 93, 97, 101, 53, 55, 57, 59} , {'xL5J', 'xL0J', 'xL9J', 'xL3J', 'xL2J', 'xL1J', 'zL61J', 'zL78J', 'xL8J', 'zL53J', 'zL60J', 'xL6J', 'xL4J'}
| +-- , 3 , {5} , {'xL5J', 'zL23J', 'xL0J', 'xL3J', 'w8', 'xL6J', 'xL4J'}
| | +-- , 5 , {7} , {'xL5J', 'zL23J', 'xL0J', 'xL3J', 'zL22J', 'zL21J', 'xL4J'}
| | | +-- , 7 , {9} , {'xL0J', 'xL3J', 'zL21J', 'zL20J'}
| | | | +-- , 9 , set() , {'zL20J', 'yL5J', 'xL3J'}
| +-- , 69 , {75, 71} , {'xL5J', 'xL0J', 'xL9J', 'xL2J', 'xL1J', 'zL45J', 'zL46J'}
| | +-- , 75 , set() , {'xL5J', 'w14', 'xL0J', 'zL46J', 'zL47J'}
| | +-- , 71 , {73} , {'xL9J', 'xL2J', 'zL45J', 'zL44J'}
| | | +-- , 73 , set() , {'xL9J', 'zL44J', 'yL11J'}
| +-- , 11 , {13} , {'zL67J', 'xL0J', 'xL3J', 'xL2J', 'w19', 'xL8J', 'xL6J'}
| | +-- , 13 , {15} , {'zL67J', 'xL0J', 'xL3J', 'zL66J', 'xL8J', 'xL6J'}
| | | +-- , 15 , {17} , {'zL66J', 'zL65J', 'xL0J', 'xL8J', 'xL6J'}
| | | | +-- , 17 , {19} , {'xL8J', 'zL65J', 'xL0J', 'zL64J'}
| | | | | +-- , 19 , set() , {'xL8J', 'yL16J', 'zL64J'}
| +-- , 77 , set() , {'xL0J', 'xL9J', 'xL2J', 'zL35J', 'zL32J', 'zL33J', 'xL8J', 'yL8J', 'xL4J', 'zL34J', 'w11'}
| +-- , 79 , set() , {'xL0J', 'xL9J', 'zL8J', 'xL3J', 'yL2J', 'zL10J', 'zL11J', 'w5', 'xL8J', 'zL9J', 'xL6J'}
| +-- , 81 , set() , {'zL43J', 'xL0J', 'zL40J', 'xL3J', 'xL2J', 'zL41J', 'xL1J', 'w13', 'xL8J', 'yL10J', 'zL42J'}
| +-- , 83 , set() , {'xL8J', 'yL15J', 'zL60J'}
| +-- , 21 , {51, 23} , {'xL0J', 'xL9J', 'xL3J', 'zL0J', 'zL53J', 'zL1J', 'xL4J', 'xL5J', 'xL2J', 'xL1J', 'zL78J', 'xL8J', 'zL54J', 'xL6J', 'zL75J', 'w21'}
| | +-- , 51 , set() , {'zL0J', 'yL0J', 'xL0J'}
| | +-- , 23 , {25} , {'xL0J', 'xL9J', 'xL3J', 'zL1J', 'xL4J', 'xL5J', 'xL2J', 'xL1J', 'zL78J', 'zL74J', 'xL8J', 'zL54J', 'xL6J', 'zL75J'}
| | | +-- , 25 , {49, 27, 31} , {'xL0J', 'xL9J', 'zL51J', 'zL73J', 'zL70J', 'zL69J', 'zL1J', 'xL4J', 'xL5J', 'zL49J', 'xL2J', 'zL78J', 'zL54J', 'zL68J', 'zL72J', 'xL3J', 'zL50J', 'w15', 'zL77J', 'xL1J', 'zL74J', 'xL8J', 'zL71J', 'yL18J', 'xL6J'}
| | | | +-- , 49 , set() , {'xL6J', 'zL68J', 'yL17J'}
| | | | +-- , 27 , {29} , {'zL49J', 'zL48J', 'xL2J', 'xL6J'}
| | | | | +-- , 29 , set() , {'yL12J', 'xL2J', 'zL48J'}
| | | | +-- , 31 , {33, 35, 37, 39, 45} , {'xL9J', 'zL72J', 'zL50J', 'zL51J', 'xL7J', 'zL73J', 'zL1J', 'zL77J', 'xL4J', 'xL5J', 'xL2J', 'xL1J', 'xL8J', 'zL55J', 'zL71J', 'zL54J'}
| | | | | +-- , 33 , set() , {'xL2J', 'zL55J', 'w16'}
| | | | | +-- , 35 , set() , {'xL5J', 'w6', 'xL9J', 'yL3J', 'xL7J', 'zL15J', 'zL13J', 'xL8J', 'zL12J', 'zL14J', 'xL4J'}
| | | | | +-- , 37 , set() , {'w20', 'zL71J', 'xL7J'}
| | | | | +-- , 39 , {41} , {'zL2J', 'zL1J', 'xL1J', 'xL7J', 'xL4J'}
| | | | | | +-- , 41 , {43} , {'zL2J', 'zL3J', 'xL7J', 'xL4J'}
| | | | | | | +-- , 43 , set() , {'w3', 'xL7J', 'zL3J'}
| | | | | +-- , 45 , {47} , {'xL5J', 'zL76J', 'xL7J', 'zL77J'}
| | | | | | +-- , 47 , set() , {'xL5J', 'zL76J', 'yL19J'}
| +-- , 85 , set() , {'xL5J', 'xL0J', 'xL9J', 'zL30J', 'zL29J', 'yL7J', 'zL28J', 'zL31J', 'xL6J', 'xL4J', 'w10'}
| +-- , 87 , {89} , {'zL62J', 'xL3J', 'xL2J', 'xL1J', 'zL61J'}
| | +-- , 89 , {91} , {'zL62J', 'xL3J', 'xL2J', 'zL63J'}
| | | +-- , 91 , set() , {'w18', 'zL63J', 'xL2J'}
| +-- , 93 , {95} , {'xL3J', 'zL79J', 'xL1J', 'zL78J'}
| | +-- , 95 , set() , {'zL79J', 'xL3J', 'w22'}
| +-- , 97 , {99} , {'xL5J', 'zL53J', 'xL1J', 'zL52J'}
| | +-- , 99 , set() , {'xL1J', 'yL13J', 'zL52J'}
| +-- , 101 , {107, 103} , {'xL5J', 'xL0J', 'xL9J', 'xL1J', 'xL8J', 'zL57J', 'zL58J'}
| | +-- , 107 , {109} , {'xL0J', 'xL9J', 'zL59J', 'zL58J'}
| | | +-- , 109 , set() , {'xL9J', 'w17', 'zL59J'}
| | +-- , 103 , {105} , {'xL5J', 'zL56J', 'zL57J', 'xL1J'}
| | | +-- , 105 , set() , {'yL14J', 'zL56J', 'xL5J'}
| +-- , 53 , set() , {'yL4J', 'xL5J', 'xL0J', 'zL16J', 'xL3J', 'zL19J', 'zL17J', 'zL18J', 'xL6J', 'w7', 'xL4J'}
| +-- , 55 , set() , {'xL5J', 'xL9J', 'w12', 'xL3J', 'zL38J', 'xL6J', 'xL8J', 'zL37J', 'zL36J', 'zL39J', 'yL9J'}
| +-- , 57 , set() , {'xL5J', 'w9', 'zL26J', 'yL6J', 'zL27J', 'xL2J', 'xL1J', 'zL24J', 'xL8J', 'zL25J', 'xL4J'}
| +-- , 59 , {65, 61} , {'xL0J', 'xL9J', 'xL2J', 'xL1J', 'zL6J', 'zL5J', 'xL8J'}
| | +-- , 65 , {67} , {'zL7J', 'xL2J', 'xL1J', 'zL6J'}
| | | +-- , 67 , set() , {'xL1J', 'w4', 'zL7J'}
| | +-- , 61 , {63} , {'zL4J', 'xL8J', 'xL9J', 'zL5J'}
| | | +-- , 63 , set() , {'zL4J', 'xL8J', 'yL1J'}


Max number of edges with non zero Y: 18
Max number of iterations of outer rounding loop: 2
Max number of candidate sets: 2
Time spent rounding: 3.823
Time spent solving Separator LP: 2.519
Total time spent solving: 11.260

LP Solver: GaifmanNormal
Lower Bound Witness = ({'zL48J', 'zL45J', 'zL33J', 'w6', 'zL1J', 'yL15J', 'xL4J', 'zL49J', 'zL41J', 'zL78J', 'zL19J', 'zL54J', 'w14', 'xL3J', 'zL3J', 'zL50J', 'yL3J', 'zL17J', 'zL15J', 'zL66J', 'zL57J', 'zL21J', 'zL34J', 'zL42J', 'w10', 'zL4J', 'zL56J', 'zL10J', 'w13', 'zL11J', 'zL61J', 'w18', 'xL8J', 'zL71J', 'zL55J', 'w16', 'yL12J', 'xL6J', 'w7', 'zL67J', 'zL26J', 'xL9J', 'w12', 'zL38J', 'yL2J', 'zL73J', 'w19', 'zL5J', 'zL70J', 'zL36J', 'zL69J', 'zL63J', 'zL76J', 'zL20J', 'zL46J', 'w22', 'zL60J', 'zL79J', 'zL72J', 'yL7J', 'zL47J', 'yL19J', 'zL16J', 'xL1J', 'w5', 'yL5J', 'zL62J', 'yL16J', 'zL29J', 'zL51J', 'zL6J', 'zL2J', 'zL58J', 'zL25J', 'yL4J', 'zL23J', 'w8', 'zL39J', 'w3', 'w4', 'yL17J', 'zL40J', 'w20', 'w15', 'zL44J', 'yL11J', 'zL13J', 'zL77J', 'zL43J', 'w17', 'zL74J', 'yL10J', 'zL12J', 'zL7J', 'zL18J', 'yL18J', 'xL0J', 'zL28J', 'zL0J', 'zL22J', 'zL53J', 'yL8J', 'w11', 'xL5J', 'zL59J', 'xL2J', 'zL24J', 'zL35J', 'zL64J', 'zL75J', 'zL27J', 'w9', 'zL68J', 'zL8J', 'xL7J', 'zL32J', 'zL9J', 'zL37J', 'zL14J', 'yL1J', 'yL14J', 'zL65J', 'yL6J', 'zL30J', 'yL13J', 'yL0J', 'zL31J', 'zL52J', 'yL9J', 'w21'}, {'zL4J', 'w9', 'zL56J', 'zL30J', 'zL38J', 'yL13J', 'zL24J', 'zL22J', 'zL61J', 'xL7J', 'yL10J', 'zL57J', 'zL60J', 'zL79J', 'zL63J'})