70, 3.727038218865944, 11.0, 11
+-- , 0 , {99, 133, 5, 135, 137, 91, 109, 141, 115, 117, 121, 123, 93, 127} , {'zL67J', 'xL0J', 'xL9J', 'zL3J', 'zL0J', 'xL7J', 'zL33J', 'zL17J', 'zL13J', 'zL5J', 'zL37J', 'zL47J', 'zL36J', 'zL1J', 'xL4J', 'zL25J', 'xL5J', 'zL4J', 'xL2J', 'xL8J', 'zL12J', 'zL54J', 'zL18J'}
| +-- , 99 , {107, 101} , {'xL5J', 'xL9J', 'zL72J', 'xL2J', 'xL7J', 'zL73J', 'xL4J'}
| | +-- , 107 , set() , {'zL72J', 'xL4J', 'yL18J'}
| | +-- , 101 , {103} , {'xL5J', 'zL74J', 'xL9J', 'xL2J', 'zL73J'}
| | | +-- , 103 , {105} , {'zL74J', 'xL9J', 'xL2J', 'zL75J'}
| | | | +-- , 105 , set() , {'xL2J', 'zL75J', 'w21'}
| +-- , 133 , set() , {'zL0J', 'yL0J', 'xL0J'}
| +-- , 5 , {89, 7} , {'zL67J', 'xL0J', 'xL9J', 'xL3J', 'zL3J', 'xL7J', 'zL17J', 'zL5J', 'zL37J', 'zL47J', 'zL36J', 'zL1J', 'zL25J', 'xL4J', 'xL5J', 'zL16J', 'xL2J', 'xL8J', 'zL54J'}
| | +-- , 89 , set() , {'zL36J', 'yL9J', 'xL3J'}
| | +-- , 7 , {9, 17, 81, 83, 85, 87, 29, 25} , {'zL67J', 'xL0J', 'xL9J', 'zL38J', 'xL3J', 'zL3J', 'xL7J', 'zL6J', 'zL5J', 'zL53J', 'zL37J', 'zL47J', 'zL1J', 'zL25J', 'xL4J', 'xL5J', 'zL16J', 'xL2J', 'zL46J', 'xL8J', 'zL54J', 'xL6J'}
| | | +-- , 9 , {11} , {'xL5J', 'zL23J', 'xL0J', 'xL3J', 'w8', 'xL6J', 'xL4J'}
| | | | +-- , 11 , {13} , {'xL5J', 'zL23J', 'xL0J', 'xL3J', 'zL22J', 'zL21J', 'xL4J'}
| | | | | +-- , 13 , {15} , {'xL0J', 'xL3J', 'zL21J', 'zL20J'}
| | | | | | +-- , 15 , set() , {'zL20J', 'yL5J', 'xL3J'}
| | | +-- , 17 , {19} , {'zL67J', 'xL0J', 'xL3J', 'zL66J', 'xL8J', 'xL6J'}
| | | | +-- , 19 , {21} , {'zL66J', 'zL65J', 'xL0J', 'xL8J', 'xL6J'}
| | | | | +-- , 21 , {23} , {'xL8J', 'zL65J', 'xL0J', 'zL64J'}
| | | | | | +-- , 23 , set() , {'xL8J', 'yL16J', 'zL64J'}
| | | +-- , 81 , set() , {'yL4J', 'xL6J', 'zL16J'}
| | | +-- , 83 , set() , {'xL0J', 'xL9J', 'zL8J', 'xL3J', 'yL2J', 'zL10J', 'zL11J', 'w5', 'xL8J', 'zL9J', 'xL6J'}
| | | +-- , 85 , set() , {'xL0J', 'zL49J', 'xL3J', 'zL48J', 'zL50J', 'xL2J', 'zL51J', 'w15', 'xL7J', 'yL12J', 'xL6J'}
| | | +-- , 87 , set() , {'xL5J', 'xL0J', 'xL9J', 'zL30J', 'zL29J', 'yL7J', 'zL28J', 'zL31J', 'xL6J', 'xL4J', 'w10'}
| | | +-- , 29 , {31} , {'xL0J', 'xL9J', 'xL3J', 'zL3J', 'xL7J', 'zL6J', 'zL53J', 'zL1J', 'xL4J', 'zL25J', 'xL5J', 'xL2J', 'zL46J', 'xL8J', 'zL7J', 'xL6J'}
| | | | +-- , 31 , {33, 75, 77} , {'xL0J', 'xL9J', 'xL3J', 'zL3J', 'xL7J', 'zL53J', 'zL1J', 'xL4J', 'zL63J', 'zL25J', 'xL5J', 'zL42J', 'zL59J', 'xL2J', 'zL41J', 'w17', 'zL46J', 'xL8J', 'zL7J', 'zL62J', 'xL6J'}
| | | | | +-- , 33 , {65, 35, 67, 39, 71, 45, 47, 53, 57, 59} , {'xL0J', 'xL9J', 'xL3J', 'zL3J', 'xL7J', 'zL53J', 'zL1J', 'xL4J', 'zL25J', 'xL5J', 'zL59J', 'xL2J', 'zL41J', 'xL1J', 'zL46J', 'xL8J', 'zL7J', 'zL62J', 'xL6J'}
| | | | | | +-- , 65 , set() , {'zL3J', 'xL1J', 'zL2J', 'zL1J', 'xL4J'}
| | | | | | +-- , 35 , {37} , {'xL8J', 'zL24J', 'xL1J', 'zL25J'}
| | | | | | | +-- , 37 , set() , {'zL24J', 'xL1J', 'yL6J'}
| | | | | | +-- , 67 , {69} , {'xL8J', 'xL6J', 'zL62J', 'xL1J', 'zL61J'}
| | | | | | | +-- , 69 , set() , {'zL61J', 'xL8J', 'zL60J', 'xL6J', 'yL15J'}
| | | | | | +-- , 39 , {41} , {'w20', 'xL2J', 'xL1J', 'xL7J', 'xL8J', 'zL71J', 'xL6J'}
| | | | | | | +-- , 41 , {43} , {'zL68J', 'yL17J', 'xL2J', 'xL1J', 'xL8J', 'zL71J', 'zL70J', 'xL6J'}
| | | | | | | | +-- , 43 , set() , {'zL68J', 'xL1J', 'xL8J', 'zL70J', 'zL69J'}
| | | | | | +-- , 71 , {73} , {'zL40J', 'xL3J', 'xL1J', 'zL41J'}
| | | | | | | +-- , 73 , set() , {'xL1J', 'yL10J', 'zL40J'}
| | | | | | +-- , 45 , set() , {'xL5J', 'xL9J', 'zL76J', 'xL3J', 'xL1J', 'xL7J', 'zL78J', 'w22', 'yL19J', 'zL79J', 'zL77J'}
| | | | | | +-- , 47 , {49} , {'xL9J', 'xL2J', 'xL1J', 'zL45J', 'zL46J'}
| | | | | | | +-- , 49 , {51} , {'xL9J', 'xL2J', 'zL45J', 'zL44J'}
| | | | | | | | +-- , 51 , set() , {'xL9J', 'zL44J', 'yL11J'}
| | | | | | +-- , 53 , {55} , {'xL5J', 'zL53J', 'xL1J', 'zL52J'}
| | | | | | | +-- , 55 , set() , {'xL1J', 'yL13J', 'zL52J'}
| | | | | | +-- , 57 , set() , {'xL1J', 'w4', 'zL7J'}
| | | | | | +-- , 59 , {61} , {'xL5J', 'xL0J', 'zL59J', 'xL1J', 'xL8J', 'zL58J'}
| | | | | | | +-- , 61 , {63} , {'xL5J', 'xL8J', 'zL56J', 'zL57J', 'xL1J', 'zL58J'}
| | | | | | | | +-- , 63 , set() , {'yL14J', 'zL56J', 'xL5J'}
| | | | | +-- , 75 , set() , {'w18', 'zL63J', 'xL2J'}
| | | | | +-- , 77 , {79} , {'zL43J', 'xL8J', 'xL2J', 'zL42J'}
| | | | | | +-- , 79 , set() , {'w13', 'xL8J', 'zL43J'}
| | | +-- , 25 , {27} , {'xL8J', 'zL38J', 'xL6J', 'zL39J'}
| | | | +-- , 27 , set() , {'xL6J', 'zL39J', 'w12'}
| +-- , 135 , set() , {'xL5J', 'yL3J', 'zL12J'}
| +-- , 137 , {139} , {'zL55J', 'zL54J', 'xL2J', 'xL7J'}
| | +-- , 139 , set() , {'xL2J', 'zL55J', 'w16'}
| +-- , 91 , set() , {'zL4J', 'xL8J', 'yL1J'}
| +-- , 109 , {111} , {'xL5J', 'zL26J', 'xL2J', 'zL25J', 'xL4J'}
| | +-- , 111 , {113} , {'xL5J', 'zL27J', 'zL26J', 'xL2J'}
| | | +-- , 113 , set() , {'xL2J', 'w9', 'zL27J'}
| +-- , 141 , set() , {'w3', 'xL7J', 'zL3J'}
| +-- , 115 , set() , {'w14', 'xL0J', 'zL47J'}
| +-- , 117 , {119} , {'xL0J', 'xL9J', 'zL32J', 'zL33J'}
| | +-- , 119 , set() , {'xL0J', 'zL32J', 'yL8J'}
| +-- , 121 , set() , {'xL2J', 'zL67J', 'w19'}
| +-- , 123 , {125} , {'xL0J', 'zL18J', 'xL4J', 'zL19J'}
| | +-- , 125 , set() , {'w7', 'xL4J', 'zL19J'}
| +-- , 93 , {95} , {'xL8J', 'xL4J', 'xL2J', 'zL33J', 'zL34J'}
| | +-- , 95 , {97} , {'xL8J', 'zL35J', 'xL4J', 'zL34J'}
| | | +-- , 97 , set() , {'zL35J', 'xL4J', 'w11'}
| +-- , 127 , {129} , {'zL13J', 'xL9J', 'zL14J', 'xL7J', 'xL4J'}
| | +-- , 129 , {131} , {'zL14J', 'xL7J', 'xL4J', 'zL15J'}
| | | +-- , 131 , set() , {'w6', 'xL4J', 'zL15J'}


Max number of edges with non zero Y: 44
Max number of iterations of outer rounding loop: 5
Max number of candidate sets: 2
Time spent rounding: 26.595
Time spent solving Separator LP: 25.312
Total time spent solving: 62.108

LP Solver: GaifmanBoosted
Lower Bound Witness = ({'zL48J', 'zL45J', 'zL33J', 'w6', 'zL1J', 'yL15J', 'xL4J', 'zL49J', 'zL41J', 'zL78J', 'zL19J', 'zL54J', 'w14', 'xL3J', 'zL3J', 'zL50J', 'yL3J', 'zL17J', 'zL15J', 'zL66J', 'zL57J', 'zL21J', 'zL34J', 'zL42J', 'w10', 'zL4J', 'zL56J', 'zL10J', 'w13', 'zL11J', 'zL61J', 'w18', 'xL8J', 'zL71J', 'zL55J', 'w16', 'yL12J', 'xL6J', 'w7', 'zL67J', 'zL26J', 'xL9J', 'w12', 'zL38J', 'yL2J', 'zL73J', 'w19', 'zL5J', 'zL70J', 'zL36J', 'zL69J', 'zL63J', 'zL76J', 'zL20J', 'zL46J', 'w22', 'zL60J', 'zL79J', 'zL72J', 'yL7J', 'zL47J', 'yL19J', 'zL16J', 'xL1J', 'w5', 'yL5J', 'zL62J', 'yL16J', 'zL29J', 'zL51J', 'zL6J', 'zL2J', 'zL58J', 'zL25J', 'yL4J', 'zL23J', 'w8', 'zL39J', 'w3', 'w4', 'yL17J', 'zL40J', 'w20', 'w15', 'zL44J', 'yL11J', 'zL13J', 'zL77J', 'zL43J', 'w17', 'zL74J', 'yL10J', 'zL12J', 'zL7J', 'zL18J', 'yL18J', 'xL0J', 'zL28J', 'zL0J', 'zL22J', 'zL53J', 'yL8J', 'w11', 'xL5J', 'zL59J', 'xL2J', 'zL24J', 'zL35J', 'zL64J', 'zL75J', 'zL27J', 'w9', 'zL68J', 'zL8J', 'xL7J', 'zL32J', 'zL9J', 'zL37J', 'zL14J', 'yL1J', 'yL14J', 'zL65J', 'yL6J', 'zL30J', 'yL13J', 'yL0J', 'zL31J', 'zL52J', 'yL9J', 'w21'}, {'xL9J', 'w12', 'zL28J', 'zL0J', 'zL73J', 'zL33J', 'w19', 'zL53J', 'zL36J', 'zL69J', 'zL58J', 'xL4J', 'zL25J', 'zL76J', 'xL2J', 'zL20J', 'zL19J', 'w22', 'zL54J', 'zL64J', 'zL79J', 'zL75J', 'zL27J', 'w3', 'zL68J', 'xL3J', 'zL3J', 'zL50J', 'yL3J', 'w20', 'xL7J', 'zL15J', 'zL13J', 'zL37J', 'zL47J', 'zL14J', 'zL77J', 'zL4J', 'yL13J', 'w13', 'xL1J', 'yL0J', 'zL61J', 'w18', 'zL74J', 'xL8J', 'zL55J', 'yL5J', 'zL18J', 'zL7J', 'zL62J', 'yL16J', 'w7'})