69, 3.353434826986172, 9.0, 9
+-- , 0 , {65, 67, 131, 5, 77, 79, 89, 91, 99, 101, 107, 109, 111, 115, 125} , {'xL0J', 'xL9J', 'zL8J', 'xL3J', 'zL50J', 'xL7J', 'zL9J', 'xL4J', 'w10', 'xL5J', 'zL65J', 'xL2J', 'xL1J', 'zL61J', 'zL31J', 'xL8J', 'zL64J'}
| +-- , 65 , set() , {'xL8J', 'yL16J', 'zL64J'}
| +-- , 67 , {75, 69} , {'xL5J', 'xL9J', 'zL72J', 'xL2J', 'xL7J', 'zL73J', 'xL4J'}
| | +-- , 75 , set() , {'zL72J', 'xL4J', 'yL18J'}
| | +-- , 69 , {71} , {'xL5J', 'zL74J', 'xL9J', 'xL2J', 'zL73J'}
| | | +-- , 71 , {73} , {'zL74J', 'xL9J', 'xL2J', 'zL75J'}
| | | | +-- , 73 , set() , {'xL2J', 'zL75J', 'w21'}
| +-- , 131 , {137, 133} , {'xL5J', 'xL0J', 'xL9J', 'xL1J', 'xL8J', 'zL57J', 'zL58J'}
| | +-- , 137 , {139} , {'xL0J', 'xL9J', 'zL59J', 'zL58J'}
| | | +-- , 139 , set() , {'xL9J', 'w17', 'zL59J'}
| | +-- , 133 , {135} , {'xL5J', 'zL56J', 'zL57J', 'xL1J'}
| | | +-- , 135 , set() , {'yL14J', 'zL56J', 'xL5J'}
| +-- , 5 , {51, 7, 57, 63} , {'xL0J', 'xL9J', 'zL8J', 'zL38J', 'xL3J', 'zL50J', 'zL22J', 'xL7J', 'zL70J', 'xL4J', 'xL5J', 'zL23J', 'zL65J', 'zL30J', 'xL2J', 'xL1J', 'zL61J', 'zL31J', 'zL19J', 'xL8J', 'zL71J', 'zL39J', 'w7'}
| | +-- , 51 , {53} , {'xL0J', 'xL3J', 'zL21J', 'zL22J', 'xL4J'}
| | | +-- , 53 , {55} , {'xL0J', 'xL3J', 'zL21J', 'zL20J'}
| | | | +-- , 55 , set() , {'zL20J', 'yL5J', 'xL3J'}
| | +-- , 7 , {33, 37, 9, 11, 13, 45, 47, 19, 25, 27} , {'xL0J', 'zL29J', 'zL8J', 'xL3J', 'zL50J', 'xL7J', 'zL66J', 'zL70J', 'xL4J', 'xL5J', 'zL23J', 'zL65J', 'zL30J', 'xL2J', 'xL1J', 'zL61J', 'zL19J', 'xL8J', 'xL6J', 'zL39J'}
| | | +-- , 33 , {35} , {'zL29J', 'zL28J', 'xL6J', 'xL4J'}
| | | | +-- , 35 , set() , {'xL6J', 'yL7J', 'zL28J'}
| | | +-- , 37 , {43, 39} , {'xL5J', 'xL2J', 'xL1J', 'xL7J', 'zL55J', 'zL54J', 'xL6J'}
| | | | +-- , 43 , set() , {'xL2J', 'zL55J', 'w16'}
| | | | +-- , 39 , {41} , {'xL5J', 'xL6J', 'zL53J', 'zL54J', 'xL1J', 'zL52J'}
| | | | | +-- , 41 , set() , {'xL1J', 'yL13J', 'zL52J'}
| | | +-- , 9 , set() , {'xL6J', 'zL23J', 'w8'}
| | | +-- , 11 , set() , {'xL6J', 'zL8J', 'yL2J'}
| | | +-- , 13 , {15} , {'zL49J', 'xL3J', 'xL2J', 'xL6J', 'zL50J'}
| | | | +-- , 15 , {17} , {'zL49J', 'zL48J', 'xL2J', 'xL6J'}
| | | | | +-- , 17 , set() , {'yL12J', 'xL2J', 'zL48J'}
| | | +-- , 45 , set() , {'zL61J', 'xL8J', 'zL60J', 'xL6J', 'yL15J'}
| | | +-- , 47 , {49} , {'zL66J', 'zL67J', 'xL3J', 'xL2J'}
| | | | +-- , 49 , set() , {'xL2J', 'zL67J', 'w19'}
| | | +-- , 19 , {21} , {'xL5J', 'xL0J', 'xL3J', 'zL19J', 'zL18J', 'xL6J'}
| | | | +-- , 21 , {23} , {'xL5J', 'zL18J', 'xL3J', 'xL6J', 'zL17J'}
| | | | | +-- , 23 , set() , {'yL4J', 'zL16J', 'xL3J', 'zL17J', 'xL6J'}
| | | +-- , 25 , set() , {'xL6J', 'zL39J', 'w12'}
| | | +-- , 27 , {29} , {'xL8J', 'xL6J', 'zL69J', 'zL70J', 'xL1J'}
| | | | +-- , 29 , {31} , {'zL68J', 'zL69J', 'xL1J', 'xL6J'}
| | | | | +-- , 31 , set() , {'xL6J', 'zL68J', 'yL17J'}
| | +-- , 57 , {59} , {'xL5J', 'xL9J', 'zL37J', 'xL3J', 'zL38J'}
| | | +-- , 59 , {61} , {'xL5J', 'zL37J', 'xL3J', 'zL36J'}
| | | | +-- , 61 , set() , {'zL36J', 'yL9J', 'xL3J'}
| | +-- , 63 , set() , {'w20', 'zL71J', 'xL7J'}
| +-- , 77 , set() , {'xL5J', 'w9', 'zL26J', 'yL6J', 'zL27J', 'xL2J', 'xL1J', 'zL24J', 'xL8J', 'zL25J', 'xL4J'}
| +-- , 79 , {81, 85} , {'xL0J', 'xL9J', 'xL2J', 'xL1J', 'zL6J', 'zL5J', 'xL8J'}
| | +-- , 81 , {83} , {'zL4J', 'xL8J', 'xL9J', 'zL5J'}
| | | +-- , 83 , set() , {'zL4J', 'xL8J', 'yL1J'}
| | +-- , 85 , {87} , {'zL7J', 'xL2J', 'xL1J', 'zL6J'}
| | | +-- , 87 , set() , {'xL1J', 'w4', 'zL7J'}
| +-- , 89 , set() , {'xL5J', 'xL9J', 'zL76J', 'xL3J', 'xL1J', 'xL7J', 'zL78J', 'w22', 'yL19J', 'zL79J', 'zL77J'}
| +-- , 91 , {97, 93} , {'xL5J', 'xL0J', 'xL9J', 'xL2J', 'xL1J', 'zL45J', 'zL46J'}
| | +-- , 97 , set() , {'xL5J', 'w14', 'xL0J', 'zL46J', 'zL47J'}
| | +-- , 93 , {95} , {'xL9J', 'xL2J', 'zL45J', 'zL44J'}
| | | +-- , 95 , set() , {'xL9J', 'zL44J', 'yL11J'}
| +-- , 99 , set() , {'xL0J', 'xL9J', 'xL2J', 'zL35J', 'zL32J', 'zL33J', 'xL8J', 'yL8J', 'xL4J', 'zL34J', 'w11'}
| +-- , 101 , {103} , {'xL8J', 'xL0J', 'xL9J', 'zL9J', 'zL10J'}
| | +-- , 103 , {105} , {'xL0J', 'xL9J', 'zL10J', 'zL11J'}
| | | +-- , 105 , set() , {'w5', 'zL11J', 'xL0J'}
| +-- , 107 , set() , {'zL43J', 'xL0J', 'zL40J', 'xL3J', 'xL2J', 'zL41J', 'xL1J', 'w13', 'xL8J', 'yL10J', 'zL42J'}
| +-- , 109 , set() , {'xL5J', 'w6', 'xL9J', 'yL3J', 'xL7J', 'zL15J', 'zL13J', 'xL8J', 'zL12J', 'zL14J', 'xL4J'}
| +-- , 111 , {113} , {'xL0J', 'zL50J', 'zL51J', 'xL7J'}
| | +-- , 113 , set() , {'w15', 'zL51J', 'xL0J'}
| +-- , 115 , {117, 119} , {'xL0J', 'xL1J', 'zL0J', 'xL7J', 'xL8J', 'zL1J', 'xL4J'}
| | +-- , 117 , set() , {'zL0J', 'yL0J', 'xL0J'}
| | +-- , 119 , {121} , {'zL2J', 'zL1J', 'xL1J', 'xL7J', 'xL4J'}
| | | +-- , 121 , {123} , {'zL2J', 'zL3J', 'xL7J', 'xL4J'}
| | | | +-- , 123 , set() , {'w3', 'xL7J', 'zL3J'}
| +-- , 125 , {127} , {'zL62J', 'xL3J', 'xL2J', 'xL1J', 'zL61J'}
| | +-- , 127 , {129} , {'zL62J', 'xL3J', 'xL2J', 'zL63J'}
| | | +-- , 129 , set() , {'w18', 'zL63J', 'xL2J'}


Max number of edges with non zero Y: 31
Max number of iterations of outer rounding loop: 1
Max number of candidate sets: 2
Time spent rounding: 6.634
Time spent solving Separator LP: 10.317
Total time spent solving: 21.684

LP Solver: GaifmanBoosted
Lower Bound Witness = ({'zL48J', 'zL45J', 'zL33J', 'w6', 'zL1J', 'yL15J', 'xL4J', 'zL49J', 'zL41J', 'zL78J', 'zL19J', 'zL54J', 'w14', 'xL3J', 'zL3J', 'zL50J', 'yL3J', 'zL17J', 'zL15J', 'zL66J', 'zL57J', 'zL21J', 'zL34J', 'zL42J', 'w10', 'zL4J', 'zL56J', 'zL10J', 'w13', 'zL11J', 'zL61J', 'w18', 'xL8J', 'zL71J', 'zL55J', 'w16', 'yL12J', 'xL6J', 'w7', 'zL67J', 'zL26J', 'xL9J', 'w12', 'zL38J', 'yL2J', 'zL73J', 'w19', 'zL5J', 'zL70J', 'zL36J', 'zL69J', 'zL63J', 'zL76J', 'zL20J', 'zL46J', 'w22', 'zL60J', 'zL79J', 'zL72J', 'yL7J', 'zL47J', 'yL19J', 'zL16J', 'xL1J', 'w5', 'yL5J', 'zL62J', 'yL16J', 'zL29J', 'zL51J', 'zL6J', 'zL2J', 'zL58J', 'zL25J', 'yL4J', 'zL23J', 'w8', 'zL39J', 'w3', 'w4', 'yL17J', 'zL40J', 'w20', 'w15', 'zL44J', 'yL11J', 'zL13J', 'zL77J', 'zL43J', 'w17', 'zL74J', 'yL10J', 'zL12J', 'zL7J', 'zL18J', 'yL18J', 'xL0J', 'zL28J', 'zL0J', 'zL22J', 'zL53J', 'yL8J', 'w11', 'xL5J', 'zL59J', 'xL2J', 'zL24J', 'zL35J', 'zL64J', 'zL75J', 'zL27J', 'w9', 'zL68J', 'zL8J', 'xL7J', 'zL32J', 'zL9J', 'zL37J', 'zL14J', 'yL1J', 'yL14J', 'zL65J', 'yL6J', 'zL30J', 'yL13J', 'yL0J', 'zL31J', 'zL52J', 'yL9J', 'w21'}, {'xL9J', 'zL51J', 'zL53J', 'zL70J', 'xL4J', 'yL4J', 'zL76J', 'zL49J', 'zL35J', 'zL19J', 'w22', 'w14', 'w4', 'xL3J', 'w15', 'xL7J', 'zL32J', 'zL44J', 'yL14J', 'zL10J', 'xL1J', 'zL61J', 'w17', 'w5', 'w18', 'zL12J', 'zL7J', 'zL62J', 'yL18J', 'w16', 'xL6J', 'w21'})