23, 2.4305923298159944, 6.5, 8
+-- , 0 , {3, 39, 41, 43, 45, 47} , {'xL16J', 'xL19J', 'xL9J', 'xL6J', 'xL23J', 'xL24J', 'xL13J', 'xL37J', 'xL10J', 'xL22J', 'xL33J', 'xL21J'}
| +-- , 3 , {5} , {'xL16J', 'xL19J', 'xL13J', 'xL29J', 'xL33J', 'xL21J', 'xL9J', 'xL6J', 'xL23J', 'xL10J', 'xL24J', 'xL22J'}
| | +-- , 5 , {35, 7} , {'xL16J', 'xL19J', 'xL34J', 'xL13J', 'xL29J', 'xL33J', 'xL21J', 'xL9J', 'xL6J', 'xL10J', 'xL24J', 'xL22J'}
| | | +-- , 35 , {37} , {'xL16J', 'xL34J', 'xL9J', 'xL6J', 'xL13J', 'xL35J', 'xL18J', 'xL33J'}
| | | | +-- , 37 , set() , {'xL0J', 'xL35J', 'xL18J', 'xL33J'}
| | | +-- , 7 , {33, 10} , {'xL16J', 'xL19J', 'xL34J', 'xL9J', 'xL26J', 'xL24J', 'xL27J', 'xL13J', 'xL29J', 'xL10J', 'xL22J', 'xL33J', 'xL21J'}
| | | | +-- , 33 , set() , {'xL26J', 'xL34J', 'xL2J'}
| | | | +-- , 10 , {13} , {'xL19J', 'xL34J', 'xL38J', 'xL27J', 'xL13J', 'xL29J', 'xL21J', 'xL9J', 'xL26J', 'xL10J', 'xL24J', 'xL28J', 'xL22J'}
| | | | | +-- , 13 , {27, 15} , {'xL19J', 'xL38J', 'xL27J', 'xL13J', 'xL29J', 'xL21J', 'xL9J', 'xL26J', 'xL10J', 'xL24J', 'xL28J', 'xL22J', 'xL1J'}
| | | | | | +-- , 27 , {29} , {'xL38J', 'xL27J', 'xL13J', 'xL15J', 'xL21J', 'xL1J'}
| | | | | | | +-- , 29 , {31} , {'xL13J', 'xL15J', 'xL31J', 'xL38J'}
| | | | | | | | +-- , 31 , set() , {'xL3J', 'xL31J'}
| | | | | | +-- , 15 , {17} , {'xL20J', 'xL19J', 'xL38J', 'xL27J', 'xL13J', 'xL29J', 'xL21J', 'xL9J', 'xL26J', 'xL10J', 'xL24J', 'xL1J'}
| | | | | | | +-- , 17 , {19} , {'xL20J', 'xL19J', 'xL38J', 'xL13J', 'xL29J', 'xL21J', 'xL9J', 'xL26J', 'xL10J', 'xL17J', 'xL24J', 'xL1J'}
| | | | | | | | +-- , 19 , {21} , {'xL20J', 'xL19J', 'xL38J', 'xL26J', 'xL36J', 'xL29J', 'xL17J', 'xL10J', 'xL21J'}
| | | | | | | | | +-- , 21 , {23} , {'xL20J', 'xL19J', 'xL5J', 'xL38J', 'xL26J', 'xL36J', 'xL10J', 'xL17J', 'xL30J', 'xL21J'}
| | | | | | | | | | +-- , 23 , {25} , {'xL20J', 'xL19J', 'xL5J', 'xL11J', 'xL38J', 'xL36J', 'xL21J'}
| | | | | | | | | | | +-- , 25 , set() , {'xL20J', 'xL19J', 'xL14J', 'xL7J', 'xL11J', 'xL36J', 'xL4J', 'xL21J'}
| +-- , 39 , set() , {'xL25J', 'xL22J'}
| +-- , 41 , set() , {'xL32J', 'xL19J', 'xL33J', 'xL6J'}
| +-- , 43 , set() , {'xL39J', 'xL9J', 'xL24J'}
| +-- , 45 , set() , {'xL22J', 'xL33J', 'xL12J'}
| +-- , 47 , set() , {'xL8J', 'xL24J'}


Max number of edges with non zero Y: 26
Max number of iterations of outer rounding loop: 7
Max number of candidate sets: 2
Time spent rounding: 38.247
Time spent solving Separator LP: 0.759

LP Solver: GaifmanNormal