13, 0, 7.639043824701196, 11
+-- , 7 , {3} , {'29', '4', '43', '38', '19', '45', '14', '30', '35', '24'}
| +-- , 3 , {0, 5, 9} , {'5', '4', '7', '32', '23', '21', '19', '45', '30', '34', '42', '24', '8', '18', '29', '43', '44', '11', '12', '14', '35', '27'}
| | +-- , 0 , {18, 20, 22, 11} , {'5', '23', '19', '42', '24', '25', '8', '46', '29', '41', '43', '20', '27', '4', '7', '32', '37', '21', '45', '30', '6', '34', '31', '36', '18', '1', '9', '15', '44', '11', '12', '14', '13', '39'}
| | | +-- , 18 , set() , {'41', '7', '28', '20', '44', '19', '14', '30', '24', '1'}
| | | +-- , 20 , set() , {'5', '7', '20', '11', '3', '19', '45', '36', '31', '24', '18'}
| | | +-- , 22 , {24} , {'5', '23', '17', '19', '42', '24', '25', '8', '46', '29', '41', '43', '20', '27', '4', '32', '37', '21', '45', '30', '6', '34', '31', '36', '18', '1', '9', '15', '44', '11', '12', '14', '13', '39'}
| | | | +-- , 24 , {26} , {'23', '17', '19', '42', '24', '25', '8', '46', '16', '29', '41', '43', '20', '4', '32', '37', '45', '30', '6', '34', '36', '18', '1', '9', '15', '44', '11', '12', '14', '13', '39'}
| | | | | +-- , 26 , set() , {'23', '17', '19', '46', '42', '24', '8', '16', '29', '41', '43', '20', '4', '37', '30', '18', '1', '26', '44', '11', '14', '39'}
| | | +-- , 11 , {16, 14} , {'5', '19', '42', '24', '46', '29', '41', '43', '0', '33', '27', '7', '21', '45', '30', '6', '34', '31', '1', '9', '15', '44', '11', '12', '14', '13', '39'}
| | | | +-- , 16 , set() , {'5', '46', '42', '24', '41', '0', '33', '27', '7', '21', '45', '30', '34', '9', '15', '44', '11', '12', '14', '40', '13'}
| | | | +-- , 14 , set() , {'31', '43', '0', '44', '12', '14', '10', '39'}
| | +-- , 5 , set() , {'5', '22', '18', '44', '11', '45', '35', '8'}
| | +-- , 9 , set() , {'27', '23', '11', '19', '45', '12', '14', '34', '35', '2'}


Max number of edges with non zero Y: 27
Max number of iterations of outer rounding loop: 6
Max number of candidate sets: 2
Time spent rounding: 0.835
Time spent solving Separator LP: 0.018
Total time spent solving: 2.127

LP Solver: gammaPlusFractionalCoverHeuristic
Number of Rounding Attemps: 8
Lower Bound Witness = ({'5', '23', '17', '3', '19', '42', '24', '25', '8', '46', '16', '29', '41', '43', '20', '0', '33', '35', '27', '4', '7', '32', '37', '21', '45', '30', '6', '34', '31', '10', '2', '18', '1', '36', '9', '22', '26', '15', '28', '38', '44', '11', '12', '14', '40', '13', '39'}, {'13', '42', '25', '23'})