13, 0, 7.0, 10
+-- , 25 , {17} , {'29', '4', '43', '38', '19', '45', '14', '30', '35', '24'}
| +-- , 17 , {19, 15} , {'5', '23', '19', '24', '25', '29', '41', '43', '0', '35', '27', '4', '7', '45', '30', '6', '34', '31', '36', '18', '1', '26', '44', '11', '14', '40'}
| | +-- , 19 , {21, 23} , {'5', '7', '19', '45', '30', '6', '36', '31', '24', '25', '18', '1', '29', '41', '26', '20', '44', '11', '14', '27'}
| | | +-- , 21 , set() , {'41', '7', '28', '20', '44', '19', '14', '30', '24', '1'}
| | | +-- , 23 , set() , {'5', '7', '20', '11', '3', '19', '45', '36', '31', '24', '18'}
| | +-- , 15 , {13} , {'5', '23', '17', '19', '42', '24', '25', '16', '29', '41', '43', '0', '35', '27', '4', '7', '37', '45', '6', '34', '31', '36', '18', '1', '26', '44', '11', '12', '14', '40'}
| | | +-- , 13 , {27, 6} , {'5', '23', '17', '19', '42', '24', '25', '46', '16', '29', '43', '0', '33', '35', '27', '4', '7', '37', '21', '45', '6', '34', '31', '36', '18', '1', '26', '44', '11', '12', '14', '40', '13'}
| | | | +-- , 27 , set() , {'5', '17', '19', '46', '16', '29', '0', '33', '37', '21', '6', '34', '1', '9', '44', '11', '12', '14', '40', '13'}
| | | | +-- , 6 , {0, 29, 31} , {'5', '23', '19', '42', '24', '25', '8', '46', '16', '29', '43', '0', '33', '35', '27', '4', '7', '32', '37', '21', '45', '36', '31', '34', '18', '1', '26', '15', '44', '11', '12', '14', '40', '13'}
| | | | | +-- , 0 , {33} , {'5', '23', '19', '42', '24', '25', '8', '29', '43', '0', '35', '27', '4', '7', '32', '37', '21', '45', '31', '10', '1', '26', '15', '44', '11', '12', '14', '40', '13'}
| | | | | | +-- , 33 , set() , {'5', '23', '19', '42', '25', '8', '29', '43', '0', '4', '7', '32', '37', '21', '31', '10', '1', '26', '15', '11', '14', '13', '39'}
| | | | | +-- , 29 , set() , {'27', '23', '11', '19', '45', '12', '14', '34', '35', '2'}
| | | | | +-- , 31 , set() , {'5', '22', '18', '44', '11', '45', '35', '8'}


Max number of edges with non zero Y: 35
Max number of iterations of outer rounding loop: 6
Max number of candidate sets: 2
Time spent rounding: 5.371
Time spent solving Separator LP: 0.034
Total time spent solving: 6.821

LP Solver: gammaPlusFractionalCoverHeuristic
Number of Rounding Attemps: 16
Lower Bound Witness = ({'5', '23', '17', '3', '19', '42', '24', '25', '8', '46', '16', '29', '41', '43', '20', '0', '33', '35', '27', '4', '7', '32', '37', '21', '45', '30', '6', '34', '31', '10', '2', '18', '1', '36', '9', '22', '26', '15', '28', '38', '44', '11', '12', '14', '40', '13', '39'}, {'20', '37', '23', '19', '18'})