13, 0, 7.033333333333333, 9
+-- , 7 , {5} , {'29', '4', '43', '38', '19', '45', '14', '30', '35', '24'}
| +-- , 5 , {3, 9} , {'5', '17', '3', '19', '42', '24', '25', '16', '29', '43', '20', '0', '35', '27', '4', '7', '37', '21', '45', '30', '36', '31', '1', '9', '26', '44', '11', '12', '14', '40', '13', '39'}
| | +-- , 3 , {0, 19, 21} , {'5', '23', '17', '19', '42', '24', '25', '16', '43', '20', '0', '35', '27', '4', '7', '37', '21', '45', '30', '34', '31', '1', '9', '26', '44', '11', '12', '14', '40', '13', '39'}
| | | +-- , 0 , {25} , {'5', '23', '19', '42', '24', '25', '16', '43', '20', '0', '35', '27', '37', '45', '30', '34', '31', '2', '9', '11', '12', '14'}
| | | | +-- , 25 , set() , {'5', '9', '25', '43', '20', '37', '0', '19', '14', '30', '6', '27', '16'}
| | | +-- , 19 , set() , {'31', '43', '0', '44', '12', '14', '10', '39'}
| | | +-- , 21 , {23} , {'7', '37', '23', '17', '19', '30', '34', '42', '24', '31', '1', '16', '41', '26', '20', '0', '44', '12', '14', '40'}
| | | | +-- , 23 , set() , {'41', '7', '28', '20', '44', '19', '14', '30', '24', '1'}
| | +-- , 9 , {11, 15} , {'5', '17', '3', '19', '42', '24', '25', '16', '29', '43', '20', '0', '35', '27', '4', '7', '37', '21', '45', '36', '31', '18', '1', '9', '26', '44', '11', '12', '14', '40', '13', '39'}
| | | +-- , 11 , {13} , {'5', '19', '42', '25', '16', '29', '0', '27', '7', '21', '36', '18', '1', '9', '26', '15', '44', '11', '12', '14', '40', '13', '39'}
| | | | +-- , 13 , set() , {'19', '46', '42', '29', '0', '33', '27', '7', '21', '18', '1', '9', '26', '15', '44', '11', '12', '14', '40', '13'}
| | | +-- , 15 , {17} , {'5', '4', '37', '21', '45', '42', '24', '25', '8', '18', '16', '1', '29', '22', '26', '43', '44', '11', '13', '35', '39'}
| | | | +-- , 17 , set() , {'35', '25', '29', '4', '43', '32', '21', '13', '42', '24', '39', '8', '1', '16'}


Max number of edges with non zero Y: 34
Max number of iterations of outer rounding loop: 7
Max number of candidate sets: 2
Time spent rounding: 2.321
Time spent solving Separator LP: 0.024
Total time spent solving: 3.094

LP Solver: gammaPlusFractionalCoverHeuristic
Number of Rounding Attemps: 16
Lower Bound Witness = ({'5', '23', '17', '3', '19', '42', '24', '25', '8', '46', '16', '29', '41', '43', '20', '0', '33', '35', '27', '4', '7', '32', '37', '21', '45', '30', '6', '34', '31', '10', '2', '18', '1', '36', '9', '22', '26', '15', '28', '38', '44', '11', '12', '14', '40', '13', '39'}, {'4', '0', '6', '31', '2'})