12, 0, 7.508064516129032, 10
+-- , 3 , {0} , {'29', '4', '43', '38', '19', '45', '14', '30', '35', '24'}
| +-- , 0 , {7, 25, 27} , {'5', '19', '24', '25', '8', '16', '29', '43', '20', '0', '35', '4', '7', '32', '45', '30', '36', '31', '34', '2', '18', '1', '22', '15', '28', '44', '11', '12', '14', '13', '39'}
| | +-- , 7 , {11} , {'5', '23', '19', '24', '25', '8', '16', '29', '43', '20', '0', '35', '27', '4', '7', '32', '45', '30', '34', '31', '36', '2', '18', '1', '15', '26', '28', '44', '11', '12', '14', '40', '13', '39'}
| | | +-- , 11 , {13} , {'5', '23', '19', '42', '24', '25', '8', '16', '29', '43', '20', '0', '33', '35', '27', '4', '7', '32', '45', '30', '34', '31', '36', '18', '1', '26', '15', '28', '44', '11', '12', '14', '40', '13', '39'}
| | | | +-- , 13 , {15} , {'5', '23', '19', '42', '24', '25', '8', '16', '29', '43', '20', '0', '33', '35', '27', '7', '32', '21', '30', '34', '31', '36', '18', '1', '26', '15', '28', '44', '11', '12', '14', '40', '13', '39'}
| | | | | +-- , 15 , {17} , {'5', '23', '19', '42', '24', '25', '8', '16', '29', '41', '43', '20', '0', '33', '27', '7', '21', '30', '34', '31', '36', '18', '1', '26', '15', '28', '44', '11', '12', '14', '40', '13', '39'}
| | | | | | +-- , 17 , {19} , {'5', '23', '19', '42', '46', '25', '8', '16', '29', '41', '43', '20', '0', '33', '27', '7', '37', '21', '30', '34', '31', '36', '18', '1', '26', '15', '44', '11', '12', '14', '40', '13', '39'}
| | | | | | | +-- , 19 , {21} , {'5', '23', '19', '42', '46', '25', '16', '29', '41', '43', '20', '0', '33', '27', '37', '21', '30', '6', '34', '31', '36', '18', '1', '26', '44', '11', '12', '14', '40', '13'}
| | | | | | | | +-- , 21 , {23} , {'5', '23', '19', '42', '46', '16', '29', '41', '0', '33', '27', '37', '21', '6', '34', '31', '36', '18', '1', '9', '26', '44', '11', '12', '14', '40', '13'}
| | | | | | | | | +-- , 23 , set() , {'5', '9', '26', '41', '31', '37', '36', '44', '23', '17', '21', '14', '34', '42', '27', '18', '1', '16'}
| | +-- , 25 , set() , {'5', '7', '20', '11', '3', '19', '45', '36', '31', '24', '18'}
| | +-- , 27 , set() , {'31', '43', '0', '44', '12', '14', '10', '39'}


Max number of edges with non zero Y: 38
Max number of iterations of outer rounding loop: 7
Max number of candidate sets: 2
Time spent rounding: 11.252
Time spent solving Separator LP: 0.067
Total time spent solving: 13.075

LP Solver: gammaPlusFractionalCoverHeuristic
Number of Rounding Attemps: 16
Lower Bound Witness = ({'5', '23', '17', '3', '19', '42', '24', '25', '8', '46', '16', '29', '41', '43', '20', '0', '33', '35', '27', '4', '7', '32', '37', '21', '45', '30', '6', '34', '31', '10', '2', '18', '1', '36', '9', '22', '26', '15', '28', '38', '44', '11', '12', '14', '40', '13', '39'}, {'9', '22', '15', '4', '17'})