8, 0, 5.291044776119404, 8
+-- , 0 , {11, 20} , {'xL8J', 'xL10J', 'xL15J', 'xL31J', 'xL27J', 'xL14J', 'xL16J', 'xL30J', 'xL34J', 'xL32J', 'xL29J', 'xL17J', 'xL38J', 'xL5J', 'xL4J', 'xL22J', 'xL28J', 'xL1J', 'xL11J', 'xL23J', 'xL33J', 'xL37J', 'xL6J', 'xL24J', 'xL13J', 'xL35J', 'xL21J', 'xL0J', 'xL20J', 'xL26J', 'xL25J', 'xL2J'}
| +-- , 11 , {13} , {'xL8J', 'xL10J', 'xL31J', 'xL27J', 'xL14J', 'xL16J', 'xL30J', 'xL34J', 'xL32J', 'xL29J', 'xL17J', 'xL18J', 'xL38J', 'xL22J', 'xL5J', 'xL4J', 'xL28J', 'xL1J', 'xL11J', 'xL23J', 'xL33J', 'xL37J', 'xL6J', 'xL24J', 'xL13J', 'xL21J', 'xL35J', 'xL0J', 'xL20J', 'xL26J', 'xL25J', 'xL2J'}
| | +-- , 13 , {16} , {'xL8J', 'xL10J', 'xL31J', 'xL27J', 'xL36J', 'xL14J', 'xL30J', 'xL34J', 'xL32J', 'xL29J', 'xL17J', 'xL18J', 'xL38J', 'xL22J', 'xL5J', 'xL4J', 'xL28J', 'xL3J', 'xL1J', 'xL11J', 'xL23J', 'xL37J', 'xL24J', 'xL13J', 'xL21J', 'xL35J', 'xL0J', 'xL20J', 'xL26J', 'xL25J', 'xL2J'}
| | | +-- , 16 , {18} , {'xL12J', 'xL31J', 'xL14J', 'xL30J', 'xL32J', 'xL29J', 'xL18J', 'xL38J', 'xL22J', 'xL5J', 'xL4J', 'xL3J', 'xL1J', 'xL11J', 'xL23J', 'xL37J', 'xL13J', 'xL21J', 'xL0J', 'xL20J', 'xL26J', 'xL25J', 'xL2J'}
| | | | +-- , 18 , set() , {'xL12J', 'xL31J', 'xL14J', 'xL30J', 'xL19J', 'xL32J', 'xL18J', 'xL38J', 'xL22J', 'xL5J', 'xL1J', 'xL11J', 'xL23J', 'xL37J', 'xL21J', 'xL0J', 'xL20J', 'xL26J', 'xL25J'}
| +-- , 20 , {22} , {'xL9J', 'xL8J', 'xL10J', 'xL15J', 'xL14J', 'xL16J', 'xL34J', 'xL32J', 'xL29J', 'xL17J', 'xL38J', 'xL22J', 'xL5J', 'xL4J', 'xL28J', 'xL1J', 'xL11J', 'xL33J', 'xL37J', 'xL6J', 'xL13J', 'xL35J', 'xL0J', 'xL2J'}
| | +-- , 22 , {24} , {'xL9J', 'xL8J', 'xL10J', 'xL15J', 'xL14J', 'xL16J', 'xL34J', 'xL39J', 'xL32J', 'xL29J', 'xL17J', 'xL38J', 'xL22J', 'xL5J', 'xL4J', 'xL28J', 'xL1J', 'xL11J', 'xL33J', 'xL37J', 'xL6J', 'xL13J', 'xL35J', 'xL0J'}
| | | +-- , 24 , set() , {'xL9J', 'xL22J', 'xL37J', 'xL4J', 'xL6J', 'xL32J', 'xL8J', 'xL13J', 'xL29J', 'xL0J', 'xL35J', 'xL15J', 'xL28J', 'xL16J', 'xL11J', 'xL7J', 'xL39J'}


Max number of edges with non zero Y: 33
Max number of iterations of outer rounding loop: 5
Max number of candidate sets: 2
Time spent rounding: 46.371
Time spent solving Separator LP: 0.176

LP Solver: gammaPlusFractionalCoverHeuristic7, 0, 5.467348909349411, 8
+-- , 0 , {3, 7, 13, 15} , {'xL16J', 'xL21J', 'xL14J', 'xL39J', 'xL29J', 'xL13J', 'xL34J', 'xL27J', 'xL35J', 'xL6J', 'xL3J', 'xL2J', 'xL18J', 'xL5J', 'xL22J', 'xL38J', 'xL31J', 'xL1J', 'xL23J', 'xL26J', 'xL32J', 'xL17J', 'xL0J', 'xL20J', 'xL28J', 'xL8J', 'xL11J', 'xL37J', 'xL15J', 'xL19J', 'xL10J', 'xL33J', 'xL4J'}
| +-- , 3 , set() , {'xL21J', 'xL14J', 'xL13J', 'xL34J', 'xL35J', 'xL3J', 'xL2J', 'xL18J', 'xL5J', 'xL22J', 'xL31J', 'xL23J', 'xL26J', 'xL32J', 'xL17J', 'xL0J', 'xL20J', 'xL8J', 'xL28J', 'xL36J', 'xL1J', 'xL4J'}
| +-- , 7 , {9} , {'xL16J', 'xL4J', 'xL21J', 'xL14J', 'xL29J', 'xL13J', 'xL27J', 'xL35J', 'xL6J', 'xL3J', 'xL2J', 'xL5J', 'xL22J', 'xL38J', 'xL31J', 'xL23J', 'xL26J', 'xL32J', 'xL17J', 'xL0J', 'xL20J', 'xL8J', 'xL28J', 'xL37J', 'xL11J', 'xL15J', 'xL19J', 'xL10J', 'xL33J', 'xL12J'}
| | +-- , 9 , {11} , {'xL16J', 'xL4J', 'xL21J', 'xL14J', 'xL29J', 'xL13J', 'xL27J', 'xL35J', 'xL6J', 'xL3J', 'xL2J', 'xL5J', 'xL22J', 'xL31J', 'xL23J', 'xL26J', 'xL32J', 'xL17J', 'xL0J', 'xL25J', 'xL20J', 'xL8J', 'xL28J', 'xL37J', 'xL11J', 'xL15J', 'xL19J', 'xL10J', 'xL33J', 'xL12J'}
| | | +-- , 11 , set() , {'xL31J', 'xL24J', 'xL20J', 'xL25J', 'xL17J', 'xL14J', 'xL3J', 'xL11J', 'xL26J', 'xL15J', 'xL29J', 'xL13J', 'xL32J', 'xL10J', 'xL35J', 'xL4J', 'xL6J'}
| +-- , 13 , set() , {'xL16J', 'xL39J', 'xL29J', 'xL13J', 'xL9J', 'xL35J', 'xL6J', 'xL2J', 'xL5J', 'xL22J', 'xL7J', 'xL32J', 'xL0J', 'xL8J', 'xL28J', 'xL37J', 'xL11J', 'xL15J', 'xL10J', 'xL33J', 'xL4J'}
| +-- , 15 , set() , {'xL20J', 'xL21J', 'xL28J', 'xL14J', 'xL3J', 'xL37J', 'xL30J', 'xL32J', 'xL29J', 'xL5J', 'xL22J', 'xL19J', 'xL1J', 'xL33J', 'xL35J'}


Max number of edges with non zero Y: 32
Max number of iterations of outer rounding loop: 5
Max number of candidate sets: 2
Time spent rounding: 8.086
Time spent solving Separator LP: 0.038

LP Solver: gammaPlusFractionalCoverHeuristic