8, 2.308403147513966, 5.314580941446613, 8
+-- , 0 , {11} , {'xL8J', 'xL10J', 'xL31J', 'xL27J', 'xL15J', 'xL14J', 'xL16J', 'xL30J', 'xL34J', 'xL19J', 'xL32J', 'xL29J', 'xL17J', 'xL18J', 'xL38J', 'xL22J', 'xL5J', 'xL4J', 'xL28J', 'xL3J', 'xL1J', 'xL11J', 'xL23J', 'xL33J', 'xL37J', 'xL6J', 'xL24J', 'xL21J', 'xL35J', 'xL0J', 'xL20J', 'xL26J', 'xL25J'}
| +-- , 11 , {13} , {'xL8J', 'xL10J', 'xL31J', 'xL27J', 'xL15J', 'xL14J', 'xL16J', 'xL34J', 'xL19J', 'xL32J', 'xL29J', 'xL17J', 'xL18J', 'xL38J', 'xL22J', 'xL5J', 'xL4J', 'xL28J', 'xL3J', 'xL1J', 'xL11J', 'xL23J', 'xL33J', 'xL37J', 'xL6J', 'xL24J', 'xL13J', 'xL21J', 'xL35J', 'xL0J', 'xL20J', 'xL26J', 'xL25J'}
| | +-- , 13 , {15} , {'xL8J', 'xL10J', 'xL12J', 'xL31J', 'xL27J', 'xL15J', 'xL14J', 'xL16J', 'xL34J', 'xL19J', 'xL32J', 'xL29J', 'xL17J', 'xL18J', 'xL38J', 'xL22J', 'xL5J', 'xL4J', 'xL28J', 'xL3J', 'xL1J', 'xL11J', 'xL23J', 'xL33J', 'xL37J', 'xL6J', 'xL13J', 'xL21J', 'xL35J', 'xL0J', 'xL20J', 'xL26J', 'xL25J'}
| | | +-- , 15 , {17, 23} , {'xL8J', 'xL10J', 'xL12J', 'xL31J', 'xL27J', 'xL15J', 'xL14J', 'xL16J', 'xL34J', 'xL32J', 'xL29J', 'xL17J', 'xL18J', 'xL38J', 'xL22J', 'xL5J', 'xL4J', 'xL28J', 'xL3J', 'xL1J', 'xL11J', 'xL23J', 'xL33J', 'xL37J', 'xL6J', 'xL13J', 'xL21J', 'xL35J', 'xL0J', 'xL20J', 'xL26J', 'xL25J', 'xL2J'}
| | | | +-- , 17 , {19} , {'xL9J', 'xL8J', 'xL10J', 'xL15J', 'xL14J', 'xL16J', 'xL34J', 'xL32J', 'xL29J', 'xL17J', 'xL38J', 'xL22J', 'xL5J', 'xL4J', 'xL28J', 'xL1J', 'xL11J', 'xL33J', 'xL37J', 'xL6J', 'xL13J', 'xL35J', 'xL0J', 'xL2J'}
| | | | | +-- , 19 , {21} , {'xL9J', 'xL8J', 'xL10J', 'xL15J', 'xL14J', 'xL16J', 'xL34J', 'xL39J', 'xL32J', 'xL29J', 'xL17J', 'xL38J', 'xL22J', 'xL5J', 'xL4J', 'xL28J', 'xL1J', 'xL11J', 'xL33J', 'xL37J', 'xL6J', 'xL13J', 'xL35J', 'xL0J'}
| | | | | | +-- , 21 , set() , {'xL9J', 'xL22J', 'xL37J', 'xL4J', 'xL6J', 'xL32J', 'xL8J', 'xL13J', 'xL29J', 'xL0J', 'xL35J', 'xL15J', 'xL28J', 'xL16J', 'xL11J', 'xL7J', 'xL39J'}
| | | | +-- , 23 , set() , {'xL8J', 'xL31J', 'xL36J', 'xL14J', 'xL34J', 'xL32J', 'xL17J', 'xL18J', 'xL22J', 'xL5J', 'xL4J', 'xL28J', 'xL3J', 'xL1J', 'xL23J', 'xL13J', 'xL21J', 'xL35J', 'xL0J', 'xL20J', 'xL26J', 'xL2J'}


Max number of edges with non zero Y: 30
Max number of iterations of outer rounding loop: 8
Max number of candidate sets: 2
Time spent rounding: 45.668
Time spent solving Separator LP: 20.460

LP Solver: GaifmanNormal9, 2.2577172440166975, 5.253442719015529, 7
+-- , 0 , {8} , {'xL16J', 'xL14J', 'xL39J', 'xL13J', 'xL9J', 'xL35J', 'xL6J', 'xL24J', 'xL2J', 'xL5J', 'xL22J', 'xL7J', 'xL32J', 'xL17J', 'xL0J', 'xL28J', 'xL8J', 'xL11J', 'xL37J', 'xL15J', 'xL36J', 'xL10J', 'xL33J', 'xL4J'}
| +-- , 8 , {13} , {'xL16J', 'xL14J', 'xL39J', 'xL29J', 'xL13J', 'xL35J', 'xL6J', 'xL24J', 'xL2J', 'xL5J', 'xL22J', 'xL7J', 'xL31J', 'xL26J', 'xL32J', 'xL17J', 'xL0J', 'xL25J', 'xL8J', 'xL28J', 'xL37J', 'xL11J', 'xL15J', 'xL36J', 'xL10J', 'xL33J', 'xL4J'}
| | +-- , 13 , {18} , {'xL16J', 'xL14J', 'xL39J', 'xL29J', 'xL13J', 'xL34J', 'xL35J', 'xL6J', 'xL24J', 'xL3J', 'xL2J', 'xL5J', 'xL22J', 'xL31J', 'xL23J', 'xL26J', 'xL32J', 'xL17J', 'xL0J', 'xL25J', 'xL20J', 'xL8J', 'xL28J', 'xL37J', 'xL11J', 'xL15J', 'xL36J', 'xL10J', 'xL33J', 'xL4J'}
| | | +-- , 18 , {21} , {'xL16J', 'xL4J', 'xL14J', 'xL39J', 'xL29J', 'xL13J', 'xL34J', 'xL27J', 'xL35J', 'xL6J', 'xL3J', 'xL2J', 'xL5J', 'xL22J', 'xL31J', 'xL1J', 'xL23J', 'xL26J', 'xL32J', 'xL17J', 'xL0J', 'xL25J', 'xL20J', 'xL8J', 'xL28J', 'xL37J', 'xL11J', 'xL15J', 'xL36J', 'xL10J', 'xL33J', 'xL38J'}
| | | | +-- , 21 , {23} , {'xL16J', 'xL4J', 'xL21J', 'xL14J', 'xL29J', 'xL13J', 'xL27J', 'xL35J', 'xL6J', 'xL3J', 'xL2J', 'xL5J', 'xL22J', 'xL31J', 'xL1J', 'xL23J', 'xL26J', 'xL32J', 'xL17J', 'xL0J', 'xL25J', 'xL20J', 'xL8J', 'xL28J', 'xL37J', 'xL11J', 'xL15J', 'xL36J', 'xL10J', 'xL33J', 'xL38J'}
| | | | | +-- , 23 , {25} , {'xL16J', 'xL4J', 'xL21J', 'xL14J', 'xL29J', 'xL13J', 'xL10J', 'xL27J', 'xL35J', 'xL6J', 'xL3J', 'xL2J', 'xL18J', 'xL5J', 'xL22J', 'xL31J', 'xL23J', 'xL26J', 'xL32J', 'xL17J', 'xL0J', 'xL25J', 'xL20J', 'xL8J', 'xL28J', 'xL37J', 'xL11J', 'xL36J', 'xL1J', 'xL33J', 'xL38J'}
| | | | | | +-- , 25 , {27, 29} , {'xL4J', 'xL21J', 'xL14J', 'xL29J', 'xL13J', 'xL35J', 'xL3J', 'xL2J', 'xL18J', 'xL5J', 'xL22J', 'xL31J', 'xL23J', 'xL26J', 'xL32J', 'xL0J', 'xL25J', 'xL20J', 'xL28J', 'xL37J', 'xL11J', 'xL19J', 'xL1J', 'xL33J', 'xL38J'}
| | | | | | | +-- , 27 , set() , {'xL4J', 'xL20J', 'xL25J', 'xL23J', 'xL14J', 'xL3J', 'xL2J', 'xL37J', 'xL26J', 'xL11J', 'xL29J', 'xL13J', 'xL5J', 'xL19J', 'xL38J', 'xL12J'}
| | | | | | | +-- , 29 , set() , {'xL20J', 'xL21J', 'xL28J', 'xL14J', 'xL3J', 'xL37J', 'xL30J', 'xL32J', 'xL29J', 'xL5J', 'xL22J', 'xL19J', 'xL1J', 'xL33J', 'xL35J'}


Max number of edges with non zero Y: 28
Max number of iterations of outer rounding loop: 7
Max number of candidate sets: 2
Time spent rounding: 67.973
Time spent solving Separator LP: 20.382

LP Solver: GaifmanNormal