15, 4.0, 5.5, 6
+-- , 0 , {16, 32, 34, 3, 14} , {'xL10J', 'xL12J', 'xL20J', 'xL17J', 'xL4J', 'xL2J', 'xL5J', 'xL0J', 'xL14J', 'xL3J', 'xL18J'}
| +-- , 16 , {18} , {'xL12J', 'xL17J', 'xL0J', 'xL14J', 'xL3J', 'xL4J', 'xL18J', 'xL7J', 'xL10J', 'xL20J', 'xL2J'}
| | +-- , 18 , {20, 22, 26} , {'xL12J', 'xL20J', 'xL17J', 'xL4J', 'xL16J', 'xL2J', 'xL0J', 'xL14J', 'xL3J', 'xL18J', 'xL7J'}
| | | +-- , 20 , set() , {'xL3J', 'xL17J', 'xL16J', 'xL7J', 'xL4J', 'xL18J', 'xL8J'}
| | | +-- , 22 , {24} , {'xL13J', 'xL12J', 'xL20J', 'xL16J', 'xL2J', 'xL0J'}
| | | | +-- , 24 , set() , {'xL13J', 'xL12J', 'xL20J', 'xL2J', 'xL0J', 'xL11J'}
| | | +-- , 26 , {28} , {'xL12J', 'xL21J', 'xL20J', 'xL17J', 'xL16J', 'xL2J', 'xL14J', 'xL18J', 'xL7J'}
| | | | +-- , 28 , {30} , {'xL12J', 'xL21J', 'xL16J', 'xL2J', 'xL14J', 'xL15J', 'xL7J'}
| | | | | +-- , 30 , set() , {'xL16J', 'xL6J', 'xL12J', 'xL15J'}
| +-- , 32 , set() , {'xL14J', 'xL4J', 'xL3J', 'xL22J'}
| +-- , 34 , set() , {'xL20J', 'xL17J', 'xL23J', 'xL18J'}
| +-- , 3 , {5, 7} , {'xL10J', 'xL17J', 'xL5J', 'xL0J', 'xL24J', 'xL14J', 'xL4J', 'xL18J'}
| | +-- , 5 , set() , {'xL9J', 'xL10J', 'xL17J', 'xL5J', 'xL0J', 'xL24J', 'xL14J', 'xL4J'}
| | +-- , 7 , set() , {'xL19J', 'xL18J', 'xL24J'}
| +-- , 14 , set() , {'xL1J', 'xL2J', 'xL5J', 'xL3J', 'xL18J'}


Max number of edges with non zero Y: 7
Max number of iterations of outer rounding loop: 0
Max number of candidate sets: 0
Time spent rounding: 0.000
Time spent solving Separator LP: 2.625

LP Solver: GaifmanNormalILP