22, 2.3771493488943487, 8.5, 9
+-- , 0 , {51, 6} , {'xL25J', 'xL36J', 'xL26J', 'xL10J', 'xL13J', 'xL38J', 'xL34J', 'xL30J', 'xL35J', 'xL33J', 'xL14J', 'xL11J', 'xL20J', 'xL5J'}
| +-- , 51 , set() , {'xL34J', 'xL9J'}
| +-- , 6 , {9} , {'xL25J', 'xL36J', 'xL26J', 'xL16J', 'xL10J', 'xL13J', 'xL22J', 'xL38J', 'xL34J', 'xL30J', 'xL37J', 'xL35J', 'xL33J', 'xL0J', 'xL14J', 'xL11J'}
| | +-- , 9 , {49, 11} , {'xL25J', 'xL36J', 'xL16J', 'xL10J', 'xL13J', 'xL22J', 'xL38J', 'xL34J', 'xL30J', 'xL37J', 'xL35J', 'xL33J', 'xL0J', 'xL11J', 'xL17J'}
| | | +-- , 49 , set() , {'xL23J', 'xL17J'}
| | | +-- , 11 , {17, 13} , {'xL25J', 'xL36J', 'xL39J', 'xL16J', 'xL10J', 'xL13J', 'xL24J', 'xL22J', 'xL38J', 'xL34J', 'xL30J', 'xL37J', 'xL35J', 'xL33J', 'xL11J', 'xL17J'}
| | | | +-- , 17 , {19, 23} , {'xL25J', 'xL36J', 'xL39J', 'xL16J', 'xL10J', 'xL13J', 'xL24J', 'xL22J', 'xL38J', 'xL8J', 'xL34J', 'xL30J', 'xL37J', 'xL35J', 'xL11J', 'xL17J'}
| | | | | +-- , 19 , {21} , {'xL13J', 'xL4J', 'xL38J', 'xL8J'}
| | | | | | +-- , 21 , set() , {'xL4J', 'xL28J', 'xL38J'}
| | | | | +-- , 23 , {27, 45} , {'xL25J', 'xL36J', 'xL39J', 'xL16J', 'xL10J', 'xL13J', 'xL22J', 'xL38J', 'xL8J', 'xL34J', 'xL30J', 'xL37J', 'xL35J', 'xL11J', 'xL31J', 'xL17J', 'xL19J'}
| | | | | | +-- , 27 , {29, 31} , {'xL25J', 'xL15J', 'xL39J', 'xL16J', 'xL13J', 'xL22J', 'xL38J', 'xL8J', 'xL34J', 'xL30J', 'xL37J', 'xL35J', 'xL31J', 'xL17J', 'xL19J'}
| | | | | | | +-- , 29 , set() , {'xL37J', 'xL19J', 'xL15J', 'xL6J'}
| | | | | | | +-- , 31 , {33} , {'xL25J', 'xL15J', 'xL39J', 'xL16J', 'xL13J', 'xL22J', 'xL38J', 'xL8J', 'xL34J', 'xL30J', 'xL35J', 'xL27J', 'xL31J', 'xL17J', 'xL19J'}
| | | | | | | | +-- , 33 , {35} , {'xL25J', 'xL18J', 'xL39J', 'xL16J', 'xL38J', 'xL8J', 'xL34J', 'xL30J', 'xL35J', 'xL27J', 'xL31J', 'xL19J'}
| | | | | | | | | +-- , 35 , {37} , {'xL25J', 'xL18J', 'xL39J', 'xL16J', 'xL3J', 'xL38J', 'xL8J', 'xL34J', 'xL35J', 'xL27J', 'xL31J', 'xL19J'}
| | | | | | | | | | +-- , 37 , {41, 39} , {'xL25J', 'xL27J', 'xL39J', 'xL16J', 'xL3J', 'xL8J', 'xL31J', 'xL1J', 'xL34J', 'xL19J', 'xL35J'}
| | | | | | | | | | | +-- , 41 , {43} , {'xL2J', 'xL39J', 'xL16J', 'xL3J', 'xL1J', 'xL8J', 'xL35J'}
| | | | | | | | | | | | +-- , 43 , set() , {'xL2J', 'xL16J', 'xL21J', 'xL3J', 'xL35J'}
| | | | | | | | | | | +-- , 39 , set() , {'xL1J', 'xL31J', 'xL19J', 'xL29J'}
| | | | | | +-- , 45 , {47} , {'xL25J', 'xL36J', 'xL32J', 'xL13J', 'xL22J', 'xL38J', 'xL37J', 'xL19J'}
| | | | | | | +-- , 47 , set() , {'xL32J', 'xL7J', 'xL19J'}
| | | | +-- , 13 , set() , {'xL24J', 'xL37J', 'xL12J'}


Max number of edges with non zero Y: 27
Max number of iterations of outer rounding loop: 8
Max number of candidate sets: 2
Time spent rounding: 44.202
Time spent solving Separator LP: 0.559

LP Solver: GaifmanNormal