22, 3.0059921498730087, 8.5, 9
+-- , 0 , {50, 40, 10, 44, 46} , {'xL25J', 'xL39J', 'xL16J', 'xL10J', 'xL24J', 'xL13J', 'xL3J', 'xL22J', 'xL38J', 'xL29J', 'xL8J', 'xL37J', 'xL35J', 'xL32J', 'xL31J', 'xL1J', 'xL19J'}
| +-- , 50 , set() , {'xL32J', 'xL7J', 'xL19J'}
| +-- , 40 , {42} , {'xL2J', 'xL39J', 'xL16J', 'xL3J', 'xL1J', 'xL8J', 'xL35J'}
| | +-- , 42 , set() , {'xL2J', 'xL16J', 'xL21J', 'xL3J', 'xL35J'}
| +-- , 10 , {12, 38} , {'xL25J', 'xL39J', 'xL16J', 'xL10J', 'xL24J', 'xL13J', 'xL22J', 'xL3J', 'xL38J', 'xL8J', 'xL37J', 'xL35J', 'xL32J', 'xL31J', 'xL17J', 'xL1J', 'xL19J'}
| | +-- , 12 , {36, 28, 14} , {'xL39J', 'xL16J', 'xL10J', 'xL13J', 'xL24J', 'xL22J', 'xL3J', 'xL38J', 'xL8J', 'xL34J', 'xL37J', 'xL35J', 'xL32J', 'xL31J', 'xL17J', 'xL1J', 'xL19J'}
| | | +-- , 36 , set() , {'xL34J', 'xL9J'}
| | | +-- , 28 , {34, 30} , {'xL16J', 'xL10J', 'xL13J', 'xL3J', 'xL22J', 'xL38J', 'xL8J', 'xL34J', 'xL37J', 'xL27J', 'xL17J', 'xL1J', 'xL19J', 'xL6J'}
| | | | +-- , 34 , set() , {'xL15J', 'xL27J', 'xL16J', 'xL8J', 'xL6J'}
| | | | +-- , 30 , {32} , {'xL27J', 'xL18J', 'xL16J', 'xL10J', 'xL13J', 'xL3J', 'xL22J', 'xL38J', 'xL19J'}
| | | | | +-- , 32 , set() , {'xL27J', 'xL18J', 'xL10J', 'xL13J', 'xL22J', 'xL38J', 'xL30J'}
| | | +-- , 14 , {16} , {'xL39J', 'xL16J', 'xL13J', 'xL24J', 'xL22J', 'xL38J', 'xL34J', 'xL37J', 'xL35J', 'xL32J', 'xL31J', 'xL17J', 'xL5J'}
| | | | +-- , 16 , {18} , {'xL39J', 'xL16J', 'xL13J', 'xL24J', 'xL22J', 'xL38J', 'xL37J', 'xL11J', 'xL32J', 'xL31J', 'xL17J', 'xL5J'}
| | | | | +-- , 18 , {20, 22} , {'xL39J', 'xL16J', 'xL24J', 'xL13J', 'xL22J', 'xL37J', 'xL33J', 'xL11J', 'xL32J', 'xL31J', 'xL17J', 'xL5J'}
| | | | | | +-- , 20 , set() , {'xL33J', 'xL0J', 'xL14J', 'xL22J', 'xL17J', 'xL5J'}
| | | | | | +-- , 22 , {24} , {'xL33J', 'xL11J', 'xL32J', 'xL26J', 'xL16J', 'xL13J', 'xL31J', 'xL37J'}
| | | | | | | +-- , 24 , {26} , {'xL11J', 'xL32J', 'xL26J', 'xL20J', 'xL13J', 'xL31J', 'xL37J'}
| | | | | | | | +-- , 26 , set() , {'xL36J', 'xL32J', 'xL20J', 'xL31J', 'xL37J'}
| | +-- , 38 , set() , {'xL23J', 'xL17J'}
| +-- , 44 , set() , {'xL24J', 'xL37J', 'xL12J'}
| +-- , 46 , {48} , {'xL13J', 'xL4J', 'xL38J', 'xL8J'}
| | +-- , 48 , set() , {'xL4J', 'xL28J', 'xL38J'}


Max number of edges with non zero Y: 29
Max number of iterations of outer rounding loop: 5
Max number of candidate sets: 2
Time spent rounding: 35.420
Time spent solving Separator LP: 1.072

LP Solver: GaifmanBoosted