21, 4.5, 8.0, 9
+-- , 0 , {49, 5, 41, 43, 45, 47} , {'xL11J', 'xL17J', 'xL2J', 'xL22J', 'xL10J', 'xL5J', 'xL18J', 'xL13J', 'xL29J', 'xL23J', 'xL33J', 'xL9J'}
| +-- , 49 , set() , {'xL2J', 'xL7J'}
| +-- , 5 , {7} , {'xL11J', 'xL2J', 'xL22J', 'xL6J', 'xL33J', 'xL10J', 'xL5J', 'xL18J', 'xL13J', 'xL23J', 'xL9J'}
| | +-- , 7 , {13, 39} , {'xL11J', 'xL34J', 'xL24J', 'xL20J', 'xL2J', 'xL22J', 'xL5J', 'xL6J', 'xL18J', 'xL13J', 'xL23J', 'xL33J', 'xL9J', 'xL27J'}
| | | +-- , 13 , {15} , {'xL11J', 'xL34J', 'xL2J', 'xL22J', 'xL6J', 'xL27J', 'xL24J', 'xL20J', 'xL35J', 'xL5J', 'xL18J', 'xL13J', 'xL23J', 'xL9J'}
| | | | +-- , 15 , {18} , {'xL11J', 'xL34J', 'xL26J', 'xL3J', 'xL2J', 'xL22J', 'xL6J', 'xL27J', 'xL24J', 'xL20J', 'xL35J', 'xL5J', 'xL18J', 'xL13J', 'xL23J'}
| | | | | +-- , 18 , {20} , {'xL11J', 'xL34J', 'xL26J', 'xL3J', 'xL2J', 'xL22J', 'xL6J', 'xL21J', 'xL27J', 'xL24J', 'xL20J', 'xL35J', 'xL5J', 'xL18J', 'xL13J'}
| | | | | | +-- , 20 , {22} , {'xL11J', 'xL34J', 'xL3J', 'xL2J', 'xL22J', 'xL6J', 'xL31J', 'xL21J', 'xL27J', 'xL15J', 'xL24J', 'xL20J', 'xL35J', 'xL5J', 'xL18J', 'xL13J'}
| | | | | | | +-- , 22 , {25, 37} , {'xL11J', 'xL30J', 'xL34J', 'xL37J', 'xL2J', 'xL22J', 'xL6J', 'xL31J', 'xL21J', 'xL15J', 'xL24J', 'xL20J', 'xL35J', 'xL5J', 'xL13J', 'xL28J'}
| | | | | | | | +-- , 25 , {27, 31} , {'xL11J', 'xL30J', 'xL37J', 'xL22J', 'xL6J', 'xL31J', 'xL38J', 'xL20J', 'xL35J', 'xL5J', 'xL13J', 'xL28J'}
| | | | | | | | | +-- , 27 , {29} , {'xL39J', 'xL11J', 'xL20J', 'xL22J', 'xL6J', 'xL13J', 'xL28J', 'xL38J'}
| | | | | | | | | | +-- , 29 , set() , {'xL39J', 'xL12J', 'xL13J', 'xL28J', 'xL38J'}
| | | | | | | | | +-- , 31 , {33} , {'xL11J', 'xL20J', 'xL35J', 'xL14J', 'xL37J', 'xL5J', 'xL16J', 'xL6J', 'xL31J', 'xL38J'}
| | | | | | | | | | +-- , 33 , {35} , {'xL11J', 'xL25J', 'xL14J', 'xL5J', 'xL16J'}
| | | | | | | | | | | +-- , 35 , set() , {'xL25J', 'xL0J'}
| | | | | | | | +-- , 37 , set() , {'xL34J', 'xL32J', 'xL37J', 'xL2J', 'xL21J'}
| | | +-- , 39 , set() , {'xL20J', 'xL33J', 'xL19J', 'xL13J'}
| +-- , 41 , set() , {'xL33J', 'xL29J', 'xL8J'}
| +-- , 43 , set() , {'xL5J', 'xL4J', 'xL13J'}
| +-- , 45 , set() , {'xL36J', 'xL33J', 'xL17J'}
| +-- , 47 , set() , {'xL1J', 'xL22J', 'xL13J'}


Max number of edges with non zero Y: 6
Max number of iterations of outer rounding loop: 0
Max number of candidate sets: 0
Time spent rounding: 0.000
Time spent solving Separator LP: 27.675

LP Solver: GaifmanNormalILP