21, 2.7806493446878076, 9.0, 9
+-- , 0 , {7, 43, 45, 47} , {'xL12J', 'xL34J', 'xL3J', 'xL25J', 'xL14J', 'xL2J', 'xL22J', 'xL31J', 'xL21J', 'xL27J', 'xL32J', 'xL20J', 'xL35J', 'xL13J', 'xL23J', 'xL9J'}
| +-- , 7 , {39, 41, 11} , {'xL12J', 'xL34J', 'xL25J', 'xL14J', 'xL2J', 'xL22J', 'xL31J', 'xL21J', 'xL38J', 'xL27J', 'xL32J', 'xL20J', 'xL35J', 'xL5J', 'xL13J', 'xL23J', 'xL9J'}
| | +-- , 39 , set() , {'xL30J', 'xL34J', 'xL5J', 'xL31J', 'xL38J'}
| | +-- , 41 , set() , {'xL5J', 'xL4J', 'xL13J'}
| | +-- , 11 , {13} , {'xL12J', 'xL34J', 'xL25J', 'xL14J', 'xL37J', 'xL2J', 'xL22J', 'xL21J', 'xL38J', 'xL27J', 'xL32J', 'xL20J', 'xL35J', 'xL5J', 'xL13J', 'xL23J', 'xL9J'}
| | | +-- , 13 , {17, 37, 15} , {'xL11J', 'xL12J', 'xL34J', 'xL25J', 'xL14J', 'xL37J', 'xL2J', 'xL22J', 'xL6J', 'xL21J', 'xL38J', 'xL27J', 'xL20J', 'xL35J', 'xL5J', 'xL13J', 'xL23J', 'xL9J'}
| | | | +-- , 17 , {19} , {'xL11J', 'xL12J', 'xL34J', 'xL2J', 'xL22J', 'xL6J', 'xL21J', 'xL27J', 'xL20J', 'xL35J', 'xL5J', 'xL13J', 'xL23J', 'xL28J', 'xL9J'}
| | | | | +-- , 19 , {21} , {'xL11J', 'xL34J', 'xL2J', 'xL22J', 'xL6J', 'xL21J', 'xL27J', 'xL20J', 'xL35J', 'xL10J', 'xL5J', 'xL13J', 'xL23J', 'xL28J', 'xL9J'}
| | | | | | +-- , 21 , {23} , {'xL11J', 'xL34J', 'xL2J', 'xL22J', 'xL21J', 'xL27J', 'xL15J', 'xL20J', 'xL35J', 'xL10J', 'xL5J', 'xL13J', 'xL23J', 'xL28J', 'xL9J'}
| | | | | | | +-- , 23 , {33, 35, 25, 27} , {'xL11J', 'xL34J', 'xL2J', 'xL22J', 'xL21J', 'xL33J', 'xL15J', 'xL20J', 'xL35J', 'xL10J', 'xL5J', 'xL13J', 'xL23J', 'xL28J', 'xL9J'}
| | | | | | | | +-- , 33 , set() , {'xL34J', 'xL24J', 'xL35J', 'xL2J', 'xL28J', 'xL33J'}
| | | | | | | | +-- , 35 , set() , {'xL34J', 'xL15J', 'xL26J', 'xL20J', 'xL2J', 'xL5J', 'xL22J', 'xL18J', 'xL13J', 'xL23J', 'xL21J', 'xL33J'}
| | | | | | | | +-- , 25 , set() , {'xL20J', 'xL33J', 'xL19J', 'xL13J'}
| | | | | | | | +-- , 27 , {29, 31} , {'xL17J', 'xL23J', 'xL33J', 'xL9J', 'xL10J'}
| | | | | | | | | +-- , 29 , set() , {'xL17J', 'xL29J', 'xL8J', 'xL23J', 'xL33J', 'xL9J'}
| | | | | | | | | +-- , 31 , set() , {'xL36J', 'xL33J', 'xL17J'}
| | | | +-- , 37 , set() , {'xL25J', 'xL35J', 'xL37J', 'xL16J', 'xL6J'}
| | | | +-- , 15 , set() , {'xL39J', 'xL11J', 'xL12J', 'xL20J', 'xL22J', 'xL6J', 'xL38J'}
| +-- , 43 , set() , {'xL25J', 'xL0J'}
| +-- , 45 , set() , {'xL1J', 'xL22J', 'xL13J'}
| +-- , 47 , set() , {'xL2J', 'xL7J'}


Max number of edges with non zero Y: 30
Max number of iterations of outer rounding loop: 8
Max number of candidate sets: 2
Time spent rounding: 68.426
Time spent solving Separator LP: 1.226

LP Solver: GaifmanNormal