17, 3.09609979383778, 8.5, 9
+-- , 0 , {33, 35, 37, 5, 39, 31} , {'xL11J', 'xL12J', 'xL19J', 'xL25J', 'xL14J', 'xL2J', 'xL22J', 'xL6J', 'xL33J', 'xL38J', 'xL20J', 'xL10J', 'xL5J', 'xL13J', 'xL28J'}
| +-- , 33 , set() , {'xL25J', 'xL0J'}
| +-- , 35 , set() , {'xL5J', 'xL4J', 'xL13J'}
| +-- , 37 , set() , {'xL1J', 'xL22J', 'xL13J'}
| +-- , 5 , {10, 29} , {'xL11J', 'xL25J', 'xL14J', 'xL37J', 'xL2J', 'xL22J', 'xL6J', 'xL33J', 'xL38J', 'xL24J', 'xL20J', 'xL35J', 'xL10J', 'xL5J', 'xL13J', 'xL28J', 'xL9J'}
| | +-- , 10 , {12} , {'xL11J', 'xL37J', 'xL14J', 'xL2J', 'xL22J', 'xL6J', 'xL33J', 'xL38J', 'xL15J', 'xL24J', 'xL20J', 'xL10J', 'xL5J', 'xL13J', 'xL28J', 'xL9J'}
| | | +-- , 12 , {14} , {'xL37J', 'xL14J', 'xL2J', 'xL22J', 'xL6J', 'xL31J', 'xL33J', 'xL38J', 'xL15J', 'xL24J', 'xL20J', 'xL10J', 'xL5J', 'xL13J', 'xL28J', 'xL9J'}
| | | | +-- , 14 , {16} , {'xL37J', 'xL2J', 'xL22J', 'xL6J', 'xL31J', 'xL33J', 'xL38J', 'xL27J', 'xL15J', 'xL24J', 'xL20J', 'xL10J', 'xL5J', 'xL13J', 'xL28J', 'xL9J'}
| | | | | +-- , 16 , {19} , {'xL37J', 'xL2J', 'xL22J', 'xL31J', 'xL33J', 'xL38J', 'xL27J', 'xL15J', 'xL24J', 'xL20J', 'xL10J', 'xL5J', 'xL13J', 'xL36J', 'xL18J', 'xL28J', 'xL9J'}
| | | | | | +-- , 19 , {21} , {'xL3J', 'xL37J', 'xL2J', 'xL31J', 'xL21J', 'xL33J', 'xL38J', 'xL27J', 'xL24J', 'xL20J', 'xL10J', 'xL5J', 'xL18J', 'xL36J', 'xL28J', 'xL9J'}
| | | | | | | +-- , 21 , {23} , {'xL17J', 'xL3J', 'xL37J', 'xL2J', 'xL31J', 'xL21J', 'xL33J', 'xL38J', 'xL24J', 'xL20J', 'xL10J', 'xL5J', 'xL18J', 'xL36J', 'xL9J'}
| | | | | | | | +-- , 23 , {25, 27} , {'xL30J', 'xL17J', 'xL3J', 'xL37J', 'xL2J', 'xL31J', 'xL21J', 'xL33J', 'xL38J', 'xL24J', 'xL32J', 'xL20J', 'xL5J', 'xL18J', 'xL29J', 'xL9J'}
| | | | | | | | | +-- , 25 , set() , {'xL33J', 'xL29J', 'xL8J'}
| | | | | | | | | +-- , 27 , set() , {'xL30J', 'xL34J', 'xL24J', 'xL32J', 'xL26J', 'xL20J', 'xL3J', 'xL5J', 'xL18J', 'xL29J', 'xL23J', 'xL21J', 'xL9J'}
| | +-- , 29 , set() , {'xL25J', 'xL35J', 'xL37J', 'xL16J', 'xL6J'}
| +-- , 39 , set() , {'xL2J', 'xL7J'}
| +-- , 31 , set() , {'xL39J', 'xL11J', 'xL12J', 'xL20J', 'xL22J', 'xL6J', 'xL38J'}


Max number of edges with non zero Y: 31
Max number of iterations of outer rounding loop: 5
Max number of candidate sets: 2
Time spent rounding: 42.029
Time spent solving Separator LP: 1.494

LP Solver: GaifmanBoosted