11, 2.713825299110851, 7.2727272727272725, 9
+-- , 0 , {4} , {'22', '61', '11', '63', '27', '43', '48', '71', '5', '70', '45', '69', '28', '41', '1', '4', '49', '42', '76', '0', '9', '74', '34', '66', '56', '7', '64', '26', '44', '50', '12', '21', '29', '16', '18', '40', '17', '59', '75', '53'}
| +-- , 4 , {11, 27} , {'47', '22', '25', '23', '58', '67', '33', '11', '46', '63', '36', '27', '43', '48', '71', '5', '70', '45', '69', '37', '19', '28', '41', '1', '4', '49', '73', '42', '76', '0', '62', '9', '74', '34', '66', '56', '7', '64', '24', '26', '44', '10', '50', '12', '21', '29', '16', '18', '57', '40', '17', '15', '75', '53', '52'}
| | +-- , 11 , {13} , {'47', '22', '25', '23', '58', '67', '33', '11', '46', '36', '27', '43', '48', '71', '70', '69', '37', '19', '28', '1', '4', '49', '73', '42', '76', '0', '62', '9', '74', '34', '56', '7', '14', '64', '24', '26', '10', '44', '12', '21', '29', '18', '57', '40', '17', '15', '75', '65', '52'}
| | | +-- , 13 , {17, 25, 15} , {'47', '22', '25', '23', '30', '58', '67', '33', '11', '46', '36', '27', '43', '48', '71', '70', '69', '37', '19', '28', '1', '4', '49', '73', '42', '76', '0', '62', '9', '74', '34', '56', '20', '7', '14', '64', '24', '26', '10', '44', '12', '21', '29', '54', '18', '40', '17', '15', '75', '65', '52'}
| | | | +-- , 17 , {19, 21, 23} , {'73', '42', '76', '55', '62', '9', '74', '34', '23', '7', '20', '14', '58', '67', '26', '10', '33', '44', '11', '6', '36', '27', '21', '29', '68', '43', '48', '71', '37', '19', '28', '1', '4', '18', '40', '17', '49', '65'}
| | | | | +-- , 19 , set() , {'55', '9', '74', '7', '20', '26', '44', '33', '36', '27', '21', '29', '60', '68', '43', '3', '48', '37', '19', '28', '1', '18', '17', '49'}
| | | | | +-- , 21 , set() , {'42', '1', '4', '58', '26', '10', '9', '44', '49', '32', '6'}
| | | | | +-- , 23 , set() , {'73', '55', '62', '67', '71', '17', '11', '65', '31', '37', '6'}
| | | | +-- , 25 , set() , {'42', '28', '30', '14', '24', '72', '46', '15', '37', '75', '23'}
| | | | +-- , 15 , set() , {'47', '42', '22', '0', '62', '9', '74', '23', '56', '20', '30', '64', '58', '44', '13', '12', '27', '21', '29', '35', '70', '69', '54', '19', '39', '2', '18', '40', '8', '17', '15', '75', '65', '52'}
| | +-- , 27 , set() , {'73', '7', '38', '18', '57', '58', '44', '25', '17', '16', '23'}


Max number of edges with non zero Y: 26
Max number of iterations of outer rounding loop: 7
Max number of candidate sets: 2
Time spent rounding: 37.740
Time spent solving Separator LP: 19.249
Total time spent solving: 63.658

LP Solver: GaifmanNormal
Lower Bound Witness = ({'73', '47', '42', '22', '76', '55', '0', '62', '9', '25', '74', '31', '34', '66', '23', '56', '20', '30', '7', '14', '64', '24', '58', '67', '26', '10', '33', '44', '72', '11', '50', '46', '13', '63', '6', '36', '12', '27', '21', '29', '60', '35', '68', '43', '3', '48', '71', '5', '70', '45', '65', '69', '16', '54', '32', '37', '19', '39', '28', '2', '41', '1', '4', '18', '57', '40', '8', '17', '49', '15', '75', '53', '52'}, {'73', '42', '22', '76', '0', '9', '25', '74', '34', '66', '23', '56', '7', '64', '58', '26', '44', '33', '11', '50', '63', '12', '27', '21', '29', '43', '48', '71', '5', '70', '45', '69', '16', '28', '41', '1', '4', '18', '57', '40', '17', '49', '75', '53', '52'})