13, 2.660914562185841, 7.531914893617021, 11
+-- , 0 , {3, 28, 30} , {'73', '47', '42', '76', '55', '62', '9', '25', '74', '66', '23', '7', '20', '61', '24', '58', '26', '10', '33', '44', '11', '6', '36', '27', '29', '60', '43', '16', '32', '19', '28', '2', '1', '4', '18', '57', '8', '17', '49', '75', '52'}
| +-- , 3 , {5} , {'47', '25', '23', '61', '58', '33', '11', '6', '36', '27', '60', '43', '70', '19', '28', '41', '1', '4', '8', '49', '73', '42', '76', '55', '62', '9', '74', '66', '56', '20', '7', '24', '26', '10', '44', '50', '12', '29', '68', '16', '2', '18', '57', '17', '75', '52'}
| | +-- , 5 , {24, 26, 12} , {'47', '25', '23', '58', '67', '33', '11', '6', '36', '27', '60', '43', '48', '71', '70', '45', '19', '37', '28', '41', '1', '4', '8', '49', '73', '42', '76', '55', '62', '9', '74', '66', '56', '20', '7', '24', '26', '10', '44', '50', '12', '21', '29', '68', '16', '2', '18', '57', '40', '17', '75', '65', '52'}
| | | +-- , 24 , set() , {'36', '28', '19', '7', '1', '21', '55', '18', '60', '68', '3', '9', '48', '33', '44', '17', '49', '37'}
| | | +-- , 26 , set() , {'73', '55', '62', '67', '71', '17', '11', '65', '31', '37', '6'}
| | | +-- , 12 , {22, 14} , {'47', '22', '25', '23', '58', '67', '33', '11', '6', '36', '27', '43', '48', '71', '5', '70', '45', '69', '37', '19', '28', '41', '8', '73', '42', '76', '55', '62', '9', '74', '34', '66', '56', '20', '7', '14', '64', '24', '26', '10', '44', '50', '12', '21', '29', '68', '16', '2', '18', '57', '40', '17', '15', '75', '65', '52'}
| | | | +-- , 22 , set() , {'73', '42', '22', '76', '9', '74', '34', '66', '7', '64', '26', '10', '11', '50', '12', '21', '29', '43', '5', '45', '69', '16', '37', '41', '18', '40', '17', '59', '15', '53'}
| | | | +-- , 14 , {16, 18, 20} , {'47', '42', '22', '0', '62', '9', '25', '74', '34', '23', '56', '20', '14', '64', '24', '58', '67', '10', '44', '11', '63', '36', '12', '27', '21', '29', '43', '48', '5', '70', '69', '16', '54', '37', '19', '28', '2', '18', '40', '8', '17', '15', '75', '65', '52'}
| | | | | +-- , 16 , set() , {'47', '42', '22', '23', '56', '30', '14', '64', '24', '72', '67', '46', '63', '36', '21', '29', '48', '70', '69', '16', '37', '28', '18', '8', '15', '75', '65', '52'}
| | | | | +-- , 18 , set() , {'42', '2', '22', '56', '20', '12', '0', '18', '58', '44', '9', '40', '17', '69', '54', '19', '39'}
| | | | | +-- , 20 , set() , {'47', '2', '18', '35', '58', '62', '9', '69', '54', '15', '23'}
| +-- , 28 , set() , {'42', '47', '2', '27', '8', '74', '23', '13', '75', '52'}
| +-- , 30 , set() , {'73', '7', '38', '18', '57', '58', '44', '25', '17', '16', '23'}


Max number of edges with non zero Y: 24
Max number of iterations of outer rounding loop: 6
Max number of candidate sets: 2
Time spent rounding: 29.474
Time spent solving Separator LP: 11.096
Total time spent solving: 44.994

LP Solver: GaifmanNormal
Lower Bound Witness = ({'73', '47', '42', '22', '76', '55', '0', '62', '9', '25', '74', '34', '66', '23', '56', '20', '30', '7', '14', '64', '24', '58', '67', '26', '10', '33', '44', '72', '11', '50', '46', '63', '6', '36', '12', '27', '21', '29', '60', '35', '68', '43', '3', '48', '71', '5', '70', '45', '65', '69', '16', '54', '37', '19', '39', '28', '2', '41', '1', '4', '18', '57', '40', '8', '17', '59', '49', '15', '75', '53', '52'}, {'73', '47', '42', '76', '55', '62', '9', '25', '74', '66', '23', '56', '20', '7', '24', '58', '67', '26', '10', '33', '44', '11', '50', '6', '36', '12', '27', '29', '60', '68', '43', '48', '71', '70', '45', '16', '37', '19', '28', '2', '41', '1', '4', '18', '57', '40', '8', '17', '49', '75', '65', '52'})