11, 2.918021471879099, 7.551724137931035, 9
+-- , 0 , {32, 14} , {'42', '22', '76', '55', '0', '62', '9', '25', '74', '34', '66', '56', '20', '14', '24', '26', '44', '33', '10', '11', '50', '36', '12', '27', '21', '29', '60', '68', '43', '48', '71', '5', '45', '69', '16', '54', '19', '39', '28', '2', '41', '1', '4', '18', '57', '40', '17', '49', '15', '75', '53', '52'}
| +-- , 32 , set() , {'22', '12', '26', '9', '5', '17', '74', '59', '53', '16', '66'}
| +-- , 14 , {16} , {'22', '25', '23', '58', '33', '11', '36', '27', '60', '43', '48', '71', '5', '45', '69', '19', '28', '41', '1', '4', '49', '73', '42', '76', '55', '0', '62', '9', '74', '34', '56', '20', '7', '14', '24', '26', '10', '44', '50', '12', '21', '29', '68', '16', '54', '39', '2', '38', '18', '57', '40', '17', '15', '75', '53', '52'}
| | +-- , 16 , {18, 30} , {'73', '42', '22', '76', '55', '0', '62', '9', '74', '34', '23', '56', '7', '14', '24', '58', '26', '10', '33', '44', '11', '50', '36', '12', '27', '21', '29', '60', '68', '43', '48', '71', '5', '45', '69', '16', '54', '37', '19', '28', '2', '41', '1', '4', '18', '57', '40', '17', '49', '15', '75', '53', '52'}
| | | +-- , 18 , {20, 26, 28} , {'47', '22', '23', '58', '67', '33', '11', '46', '36', '27', '43', '48', '71', '5', '45', '69', '37', '19', '28', '41', '1', '4', '49', '73', '42', '76', '55', '0', '62', '9', '74', '34', '56', '7', '14', '64', '24', '26', '10', '44', '50', '12', '21', '29', '68', '16', '54', '2', '18', '57', '40', '17', '15', '75', '53', '52'}
| | | | +-- , 20 , {24, 22} , {'73', '47', '42', '22', '55', '62', '9', '74', '23', '56', '7', '14', '64', '24', '58', '67', '26', '10', '44', '11', '50', '46', '6', '12', '27', '21', '29', '68', '71', '69', '37', '19', '28', '2', '41', '1', '4', '18', '57', '40', '17', '49', '15', '75', '52'}
| | | | | +-- , 24 , set() , {'42', '1', '4', '58', '26', '10', '9', '44', '49', '32', '6'}
| | | | | +-- , 22 , set() , {'73', '47', '42', '22', '55', '62', '9', '74', '31', '23', '56', '30', '14', '64', '61', '24', '67', '26', '10', '44', '72', '11', '50', '46', '13', '6', '12', '27', '21', '29', '71', '70', '69', '37', '19', '28', '2', '41', '4', '18', '57', '40', '8', '17', '15', '75', '65', '52'}
| | | | +-- , 26 , set() , {'47', '2', '18', '35', '58', '62', '9', '69', '54', '15', '23'}
| | | | +-- , 28 , set() , {'36', '47', '27', '0', '21', '64', '43', '67', '48', '5', '23', '11', '16', '46', '63', '34', '52'}
| | | +-- , 30 , set() , {'36', '28', '19', '7', '1', '21', '55', '18', '60', '68', '3', '9', '48', '33', '44', '17', '49', '37'}


Max number of edges with non zero Y: 25
Max number of iterations of outer rounding loop: 5
Max number of candidate sets: 2
Time spent rounding: 38.373
Time spent solving Separator LP: 20.912
Total time spent solving: 66.809

LP Solver: GaifmanBoosted
Lower Bound Witness = ({'73', '47', '42', '22', '76', '55', '0', '62', '9', '74', '31', '34', '23', '56', '30', '7', '14', '64', '61', '58', '67', '26', '10', '33', '44', '24', '11', '50', '72', '46', '13', '63', '6', '36', '12', '27', '21', '29', '35', '68', '43', '48', '71', '5', '70', '45', '65', '69', '16', '54', '32', '37', '19', '28', '2', '41', '1', '4', '18', '57', '40', '8', '17', '49', '15', '75', '53', '52'}, {'73', '42', '22', '76', '55', '0', '62', '9', '74', '34', '23', '56', '7', '14', '24', '58', '26', '10', '33', '44', '11', '50', '36', '12', '27', '21', '29', '68', '43', '48', '71', '5', '45', '69', '16', '54', '37', '19', '28', '2', '41', '1', '4', '18', '57', '40', '17', '49', '15', '75', '53', '52'})