16, 2.797587484922432, 7.260869565217392, 10
+-- , 0 , {33, 3, 35} , {'73', '42', '22', '55', '62', '9', '74', '66', '58', '67', '26', '10', '44', '11', '13', '6', '12', '71', '5', '65', '16', '32', '37', '19', '2', '1', '4', '57', '40', '17', '49', '75', '53'}
| +-- , 33 , set() , {'22', '12', '26', '9', '5', '17', '74', '59', '53', '16', '66'}
| +-- , 3 , {5} , {'47', '22', '23', '58', '67', '11', '6', '27', '71', '5', '70', '37', '19', '1', '4', '8', '49', '73', '42', '55', '62', '9', '74', '66', '56', '26', '10', '44', '13', '12', '29', '16', '53', '2', '57', '40', '17', '75', '65', '52'}
| | +-- , 5 , {9} , {'47', '22', '23', '30', '58', '67', '33', '11', '6', '36', '27', '71', '5', '70', '69', '37', '19', '1', '4', '8', '49', '73', '42', '76', '55', '62', '9', '74', '66', '56', '64', '24', '26', '10', '44', '12', '21', '29', '16', '53', '2', '18', '57', '40', '17', '75', '65', '52'}
| | | +-- , 9 , {12, 31} , {'73', '47', '42', '22', '76', '55', '62', '9', '74', '23', '56', '30', '14', '64', '24', '58', '67', '26', '10', '33', '44', '11', '63', '6', '36', '12', '27', '21', '29', '48', '71', '5', '70', '69', '16', '37', '19', '28', '2', '1', '4', '18', '57', '40', '17', '49', '15', '75', '53', '52'}
| | | | +-- , 12 , {14} , {'47', '22', '23', '58', '67', '33', '11', '63', '6', '36', '27', '48', '71', '5', '70', '69', '37', '19', '28', '1', '4', '49', '73', '42', '76', '55', '62', '9', '74', '34', '56', '14', '64', '26', '10', '44', '12', '21', '29', '16', '2', '18', '57', '40', '17', '15', '75', '53'}
| | | | | +-- , 14 , {16, 29} , {'47', '22', '23', '58', '33', '11', '63', '6', '36', '27', '48', '71', '5', '70', '45', '69', '37', '19', '28', '1', '4', '49', '73', '42', '76', '55', '62', '9', '74', '34', '56', '14', '64', '26', '10', '44', '50', '12', '21', '29', '16', '2', '18', '57', '40', '17', '15', '75', '53'}
| | | | | | +-- , 16 , {19, 25, 27} , {'73', '47', '42', '22', '76', '55', '0', '62', '9', '74', '34', '23', '56', '20', '14', '64', '58', '26', '10', '33', '44', '11', '50', '63', '6', '36', '12', '27', '21', '29', '48', '5', '45', '69', '16', '54', '37', '19', '28', '2', '1', '18', '57', '40', '17', '49', '15', '53'}
| | | | | | | +-- , 19 , {21, 23} , {'73', '42', '22', '76', '55', '0', '9', '25', '74', '34', '23', '7', '20', '14', '64', '58', '26', '10', '33', '44', '11', '50', '63', '6', '36', '12', '27', '21', '29', '43', '48', '5', '45', '69', '16', '54', '37', '19', '28', '1', '18', '57', '40', '17', '49', '53'}
| | | | | | | | +-- , 21 , set() , {'73', '7', '38', '18', '57', '58', '44', '25', '17', '16', '23'}
| | | | | | | | +-- , 23 , set() , {'73', '55', '9', '74', '23', '7', '20', '14', '26', '44', '33', '11', '6', '36', '27', '21', '29', '60', '68', '43', '3', '48', '37', '19', '28', '1', '18', '40', '17', '49'}
| | | | | | | +-- , 25 , set() , {'42', '2', '22', '56', '20', '12', '0', '18', '58', '44', '9', '40', '17', '69', '54', '19', '39'}
| | | | | | | +-- , 27 , set() , {'47', '2', '18', '35', '58', '62', '9', '69', '54', '15', '23'}
| | | | | | +-- , 29 , set() , {'28', '56', '41', '12', '4', '29', '61', '44', '9', '40', '5', '70', '74', '50', '45', '15', '34', '53'}
| | | | +-- , 31 , set() , {'47', '42', '23', '30', '14', '64', '24', '72', '67', '46', '63', '36', '48', '16', '37', '28', '15', '75', '52'}
| +-- , 35 , set() , {'73', '55', '62', '67', '71', '17', '11', '65', '31', '37', '6'}


Max number of edges with non zero Y: 25
Max number of iterations of outer rounding loop: 9
Max number of candidate sets: 2
Time spent rounding: 30.743
Time spent solving Separator LP: 25.754
Total time spent solving: 62.000

LP Solver: GaifmanBoosted
Lower Bound Witness = ({'73', '47', '42', '22', '76', '55', '0', '62', '9', '25', '74', '34', '23', '56', '20', '7', '14', '64', '61', '58', '26', '10', '33', '44', '11', '50', '63', '6', '36', '12', '27', '21', '29', '60', '35', '68', '43', '3', '48', '71', '5', '70', '45', '69', '16', '54', '37', '19', '39', '28', '2', '41', '1', '4', '38', '18', '57', '40', '17', '49', '15', '75', '53'}, {'73', '47', '42', '22', '76', '55', '62', '9', '74', '34', '23', '56', '14', '64', '58', '26', '10', '33', '44', '11', '63', '6', '36', '12', '27', '21', '29', '48', '71', '5', '70', '69', '16', '37', '19', '28', '2', '1', '4', '18', '57', '40', '17', '49', '15', '75', '53'})