60, 2.122047244094488, 6.0, 6
+-- , 0 , {5, 85} , {'xL11JL5J', 'xL6JL7J', 'xL11JL7J', 'xL11JL9J', 'xL11JL8J', 'xL6JL5J', 'xL11JL3J', 'xL7JL7J', 'xL7JL5J', 'xL11JL4J', 'xL7JL6J', 'xL6JL6J'}
| +-- , 5 , {7} , {'xL11JL5J', 'xL8JL5J', 'xL6JL7J', 'xL8JL7J', 'xL11JL7J', 'xL11JL9J', 'xL11JL8J', 'xL9JL5J', 'xL6JL5J', 'xL9JL7J', 'xL11JL3J', 'xL7JL7J', 'xL11JL4J', 'xL7JL5J'}
| | +-- , 7 , {12} , {'xL11JL5J', 'xL9JL11J', 'xL8JL5J', 'xL8JL7J', 'xL11JL7J', 'xL11JL9J', 'xL11JL8J', 'xL13JL7J', 'xL9JL9J', 'xL9JL5J', 'xL13JL5J', 'xL9JL7J', 'xL11JL3J', 'xL9JL8J', 'xL13JL6J', 'xL9JL10J', 'xL11JL4J'}
| | | +-- , 12 , {14} , {'xL11JL5J', 'xL9JL11J', 'xL8JL5J', 'xL8JL7J', 'xL11JL7J', 'xL11JL9J', 'xL11JL8J', 'xL13JL7J', 'xL9JL9J', 'xL8JL8J', 'xL9JL5J', 'xL13JL5J', 'xL11JL3J', 'xL9JL8J', 'xL13JL6J', 'xL9JL10J', 'xL11JL4J'}
| | | | +-- , 14 , {16, 83} , {'xL11JL5J', 'xL9JL11J', 'xL8JL5J', 'xL10JL8J', 'xL11JL7J', 'xL11JL9J', 'xL11JL8J', 'xL13JL7J', 'xL9JL9J', 'xL8JL8J', 'xL9JL5J', 'xL13JL5J', 'xL12JL8J', 'xL11JL3J', 'xL9JL8J', 'xL13JL6J', 'xL9JL10J', 'xL11JL4J'}
| | | | | +-- , 16 , {18} , {'xL11JL5J', 'xL9JL11J', 'xL8JL5J', 'xL11JL7J', 'xL13JL7J', 'xL9JL5J', 'xL13JL5J', 'xL12JL8J', 'xL11JL3J', 'xL13JL6J', 'xL9JL10J', 'xL11JL4J', 'xL12JL7J', 'xL14JL7J'}
| | | | | | +-- , 18 , {20} , {'xL11JL5J', 'xL9JL11J', 'xL8JL5J', 'xL14JL6J', 'xL9JL5J', 'xL13JL5J', 'xL14JL5J', 'xL11JL3J', 'xL13JL6J', 'xL9JL10J', 'xL11JL4J', 'xL14JL7J'}
| | | | | | | +-- , 20 , {22} , {'xL11JL5J', 'xL9JL11J', 'xL9JL5J', 'xL13JL5J', 'xL14JL5J', 'xL8JL5J', 'xL12JL5J', 'xL11JL3J', 'xL9JL10J', 'xL11JL4J'}
| | | | | | | | +-- , 22 , {24} , {'xL9JL11J', 'xL9JL5J', 'xL8JL5J', 'xL12JL5J', 'xL11JL3J', 'xL12JL4J', 'xL9JL10J', 'xL11JL4J'}
| | | | | | | | | +-- , 24 , {26} , {'xL10JL4J', 'xL9JL11J', 'xL9JL5J', 'xL8JL5J', 'xL11JL3J', 'xL8JL4J', 'xL12JL4J', 'xL9JL10J', 'xL11JL4J', 'xL9JL4J'}
| | | | | | | | | | +-- , 26 , {81, 28} , {'xL10JL4J', 'xL9JL1J', 'xL9JL11J', 'xL9JL5J', 'xL9JL2J', 'xL11JL3J', 'xL9JL3J', 'xL9JL10J', 'xL9JL4J'}
| | | | | | | | | | | +-- , 81 , set() , {'xL9JL3J', 'xL10JL4J', 'xL11JL3J', 'xL10JL3J'}
| | | | | | | | | | | +-- , 28 , {32, 61} , {'xL9JL1J', 'xL4JL8J', 'xL9JL11J', 'xL9JL2J', 'xL3JL7J', 'xL4JL7J', 'xL9JL10J'}
| | | | | | | | | | | | +-- , 32 , {34} , {'xL9JL1J', 'xL1JL7J', 'xL2JL7J', 'xL9JL2J', 'xL3JL7J', 'xL4JL7J'}
| | | | | | | | | | | | | +-- , 34 , {38, 57, 47} , {'xL3JL4J', 'xL9JL1J', 'xL4JL4J', 'xL2JL7J', 'xL3JL5J', 'xL9JL2J', 'xL1JL7J', 'xL4JL5J'}
| | | | | | | | | | | | | | +-- , 38 , {40} , {'xL3JL4J', 'xL3JL5J', 'xL3JL2J', 'xL3JL1J', 'xL3JL3J'}
| | | | | | | | | | | | | | | +-- , 40 , {43, 45} , {'xL3JL2J', 'xL1JL2J', 'xL2JL2J', 'xL4JL2J', 'xL3JL1J', 'xL3JL3J'}
| | | | | | | | | | | | | | | | +-- , 43 , set() , {'xL1JL3J', 'xL2JL2J', 'xL2JL3J', 'xL3JL3J', 'xL1JL2J'}
| | | | | | | | | | | | | | | | +-- , 45 , set() , {'xL4JL2J', 'xL3JL1J', 'xL4JL1J'}
| | | | | | | | | | | | | | +-- , 57 , {59} , {'xL1JL5J', 'xL2JL7J', 'xL3JL5J', 'xL1JL7J', 'xL4JL5J', 'xL2JL5J'}
| | | | | | | | | | | | | | | +-- , 59 , set() , {'xL2JL6J', 'xL1JL5J', 'xL1JL6J', 'xL2JL7J', 'xL1JL7J', 'xL2JL5J'}
| | | | | | | | | | | | | | +-- , 47 , {49} , {'xL3JL4J', 'xL9JL2J', 'xL9JL1J', 'xL4JL4J', 'xL5JL4J'}
| | | | | | | | | | | | | | | +-- , 49 , {51} , {'xL5JL3J', 'xL9JL2J', 'xL9JL1J', 'xL5JL4J'}
| | | | | | | | | | | | | | | | +-- , 51 , {53} , {'xL5JL3J', 'xL9JL2J', 'xL9JL1J', 'xL6JL3J'}
| | | | | | | | | | | | | | | | | +-- , 53 , {55} , {'xL9JL1J', 'xL6JL3J', 'xL6JL1J', 'xL6JL2J', 'xL9JL2J'}
| | | | | | | | | | | | | | | | | | +-- , 55 , set() , {'xL8JL2J', 'xL7JL1J', 'xL8JL1J', 'xL9JL1J', 'xL7JL2J', 'xL6JL1J', 'xL6JL2J', 'xL9JL2J'}
| | | | | | | | | | | | +-- , 61 , {73, 63} , {'xL3JL9J', 'xL3JL8J', 'xL9JL11J', 'xL4JL8J', 'xL3JL11J', 'xL3JL7J', 'xL9JL10J', 'xL3JL10J'}
| | | | | | | | | | | | | +-- , 73 , {75, 77} , {'xL3JL11J', 'xL3JL9J', 'xL4JL10J', 'xL3JL10J'}
| | | | | | | | | | | | | | +-- , 75 , set() , {'xL3JL11J', 'xL4JL10J', 'xL4JL11J'}
| | | | | | | | | | | | | | +-- , 77 , {79} , {'xL2JL10J', 'xL3JL9J', 'xL4JL10J', 'xL3JL10J', 'xL1JL10J'}
| | | | | | | | | | | | | | | +-- , 79 , set() , {'xL2JL10J', 'xL3JL9J', 'xL1JL10J', 'xL1JL9J', 'xL2JL9J'}
| | | | | | | | | | | | | +-- , 63 , {65} , {'xL4JL8J', 'xL5JL8J', 'xL3JL8J', 'xL9JL11J', 'xL9JL10J'}
| | | | | | | | | | | | | | +-- , 65 , {67} , {'xL5JL8J', 'xL9JL11J', 'xL9JL10J', 'xL5JL9J'}
| | | | | | | | | | | | | | | +-- , 67 , {69} , {'xL6JL9J', 'xL9JL11J', 'xL9JL10J', 'xL5JL9J'}
| | | | | | | | | | | | | | | | +-- , 69 , {71} , {'xL6JL9J', 'xL6JL10J', 'xL9JL11J', 'xL6JL11J', 'xL9JL10J'}
| | | | | | | | | | | | | | | | | +-- , 71 , set() , {'xL7JL11J', 'xL6JL10J', 'xL9JL11J', 'xL8JL11J', 'xL6JL11J', 'xL8JL10J', 'xL9JL10J', 'xL7JL10J'}
| | | | | +-- , 83 , set() , {'xL9JL9J', 'xL10JL9J', 'xL10JL8J', 'xL11JL9J'}
| +-- , 85 , {87} , {'xL11JL8J', 'xL11JL2J', 'xL11JL11J', 'xL11JL5J', 'xL11JL1J', 'xL11JL3J', 'xL11JL4J', 'xL11JL7J', 'xL11JL9J', 'xL11JL10J'}
| | +-- , 87 , {91, 109} , {'xL16JL7J', 'xL11JL2J', 'xL11JL11J', 'xL16JL8J', 'xL11JL1J', 'xL17JL7J', 'xL11JL10J'}
| | | +-- , 91 , {93, 101} , {'xL17JL11J', 'xL16JL8J', 'xL11JL11J', 'xL15JL8J', 'xL17JL7J', 'xL17JL8J', 'xL17JL10J', 'xL17JL9J', 'xL11JL10J'}
| | | | +-- , 93 , {97, 99} , {'xL17JL11J', 'xL19JL10J', 'xL19JL9J', 'xL17JL10J', 'xL17JL9J', 'xL18JL10J'}
| | | | | +-- , 97 , set() , {'xL18JL9J', 'xL19JL9J', 'xL18JL10J', 'xL17JL9J'}
| | | | | +-- , 99 , set() , {'xL17JL11J', 'xL16JL11J', 'xL19JL10J', 'xL16JL10J', 'xL17JL10J', 'xL18JL10J'}
| | | | +-- , 101 , {103} , {'xL15JL9J', 'xL11JL11J', 'xL15JL8J', 'xL11JL10J'}
| | | | | +-- , 103 , {105} , {'xL15JL9J', 'xL11JL11J', 'xL14JL9J', 'xL11JL10J'}
| | | | | | +-- , 105 , {107} , {'xL14JL11J', 'xL11JL11J', 'xL14JL10J', 'xL14JL9J', 'xL11JL10J'}
| | | | | | | +-- , 107 , set() , {'xL13JL10J', 'xL14JL11J', 'xL14JL10J', 'xL11JL11J', 'xL12JL11J', 'xL12JL10J', 'xL13JL11J', 'xL11JL10J'}
| | | +-- , 109 , {111} , {'xL16JL7J', 'xL11JL2J', 'xL11JL1J', 'xL17JL7J', 'xL19JL7J', 'xL18JL7J'}
| | | | +-- , 111 , {113, 133} , {'xL11JL2J', 'xL17JL5J', 'xL11JL1J', 'xL19JL7J', 'xL16JL5J', 'xL18JL7J'}
| | | | | +-- , 113 , {129, 115} , {'xL11JL2J', 'xL16JL5J', 'xL17JL5J', 'xL11JL1J', 'xL14JL3J'}
| | | | | | +-- , 129 , {131} , {'xL11JL2J', 'xL14JL2J', 'xL14JL1J', 'xL11JL1J', 'xL14JL3J'}
| | | | | | | +-- , 131 , set() , {'xL12JL1J', 'xL11JL2J', 'xL13JL2J', 'xL14JL2J', 'xL12JL2J', 'xL14JL1J', 'xL11JL1J', 'xL13JL1J'}
| | | | | | +-- , 115 , {117} , {'xL16JL5J', 'xL17JL5J', 'xL15JL3J', 'xL14JL3J'}
| | | | | | | +-- , 117 , {119} , {'xL16JL5J', 'xL17JL5J', 'xL15JL3J', 'xL15JL4J'}
| | | | | | | | +-- , 119 , {121} , {'xL16JL4J', 'xL17JL4J', 'xL16JL5J', 'xL17JL5J', 'xL15JL4J'}
| | | | | | | | | +-- , 121 , {123} , {'xL17JL3J', 'xL17JL2J', 'xL17JL4J', 'xL17JL5J', 'xL17JL1J'}
| | | | | | | | | | +-- , 123 , {127} , {'xL17JL3J', 'xL18JL2J', 'xL17JL1J', 'xL16JL1J', 'xL18JL3J', 'xL17JL2J', 'xL19JL3J'}
| | | | | | | | | | | +-- , 127 , set() , {'xL16JL2J', 'xL19JL2J', 'xL18JL2J', 'xL16JL1J', 'xL17JL2J', 'xL19JL3J'}
| | | | | +-- , 133 , {135} , {'xL17JL5J', 'xL19JL7J', 'xL16JL5J', 'xL18JL7J', 'xL19JL5J', 'xL18JL5J'}
| | | | | | +-- , 135 , set() , {'xL18JL6J', 'xL19JL6J', 'xL19JL7J', 'xL18JL7J', 'xL19JL5J', 'xL18JL5J'}


Max number of edges with non zero Y: 7
Max number of iterations of outer rounding loop: 4
Max number of candidate sets: 2
Time spent rounding: 34.091
Time spent solving Separator LP: 8.128
Total time spent solving: 57.712

LP Solver: GaifmanBoosted
Lower Bound Witness = ({'xL6JL10J', 'xL1JL3J', 'xL11JL5J', 'xL4JL10J', 'xL6JL7J', 'xL18JL6J', 'xL1JL7J', 'xL11JL8J', 'xL5JL3J', 'xL15JL8J', 'xL14JL6J', 'xL7JL2J', 'xL19JL7J', 'xL9JL10J', 'xL7JL6J', 'xL15JL4J', 'xL7JL5J', 'xL16JL2J', 'xL11JL11J', 'xL14JL2J', 'xL3JL9J', 'xL12JL2J', 'xL14JL1J', 'xL2JL7J', 'xL10JL8J', 'xL13JL10J', 'xL17JL3J', 'xL13JL2J', 'xL17JL5J', 'xL11JL1J', 'xL1JL10J', 'xL4JL11J', 'xL18JL9J', 'xL19JL5J', 'xL8JL11J', 'xL7JL10J', 'xL8JL2J', 'xL6JL9J', 'xL9JL11J', 'xL5JL9J', 'xL17JL8J', 'xL19JL6J', 'xL9JL2J', 'xL16JL7J', 'xL4JL2J', 'xL12JL8J', 'xL8JL4J', 'xL15JL3J', 'xL18JL7J', 'xL2JL5J', 'xL12JL7J', 'xL12JL1J', 'xL17JL11J', 'xL15JL9J', 'xL2JL6J', 'xL16JL11J', 'xL16JL1J', 'xL8JL7J', 'xL9JL3J', 'xL19JL3J', 'xL4JL5J', 'xL11JL7J', 'xL11JL9J', 'xL11JL2J', 'xL13JL7J', 'xL1JL5J', 'xL3JL8J', 'xL9JL5J', 'xL2JL3J', 'xL6JL5J', 'xL6JL2J', 'xL18JL3J', 'xL12JL5J', 'xL7JL7J', 'xL16JL5J', 'xL4JL7J', 'xL5JL4J', 'xL18JL5J', 'xL14JL7J', 'xL19JL10J', 'xL7JL1J', 'xL19JL2J', 'xL3JL1J', 'xL17JL7J', 'xL3JL3J', 'xL8JL10J', 'xL12JL10J', 'xL3JL7J', 'xL18JL10J', 'xL5JL8J', 'xL9JL9J', 'xL17JL4J', 'xL2JL10J', 'xL8JL1J', 'xL4JL8J', 'xL12JL11J', 'xL1JL6J', 'xL16JL10J', 'xL12JL4J', 'xL14JL11J', 'xL16JL8J', 'xL4JL4J', 'xL9JL7J', 'xL9JL8J', 'xL13JL6J', 'xL14JL9J', 'xL2JL9J', 'xL3JL10J', 'xL3JL4J', 'xL4JL1J', 'xL10JL4J', 'xL2JL2J', 'xL18JL2J', 'xL14JL3J', 'xL13JL1J', 'xL16JL4J', 'xL17JL9J', 'xL13JL11J', 'xL9JL4J', 'xL10JL9J', 'xL7JL11J', 'xL9JL1J', 'xL8JL8J', 'xL13JL5J', 'xL19JL9J', 'xL17JL1J', 'xL14JL10J', 'xL8JL5J', 'xL6JL11J', 'xL6JL1J', 'xL1JL9J', 'xL3JL11J', 'xL17JL2J', 'xL3JL2J', 'xL10JL3J', 'xL14JL5J', 'xL6JL3J', 'xL3JL5J', 'xL11JL3J', 'xL17JL10J', 'xL1JL2J', 'xL11JL4J', 'xL6JL6J', 'xL11JL10J'}, {'xL6JL6J', 'xL14JL1J', 'xL3JL1J', 'xL6JL7J', 'xL11JL1J', 'xL3JL11J', 'xL16JL1J', 'xL6JL1J', 'xL16JL4J', 'xL7JL7J', 'xL17JL9J', 'xL3JL7J', 'xL8JL7J', 'xL13JL11J', 'xL9JL4J'})