64, 1.1666662, 5.0, 5
+-- , 0 , {3, 47} , {'xL5JL3J', 'xL9JL9J', 'xL6JL7J', 'xL9JL7J', 'xL7JL7J', 'xL9JL8J', 'xL8JL7J'}
| +-- , 3 , {5} , {'xL5JL3J', 'xL9JL9J', 'xL9JL11J', 'xL9JL7J', 'xL9JL8J', 'xL9JL10J', 'xL5JL4J'}
| | +-- , 5 , {7} , {'xL3JL4J', 'xL4JL4J', 'xL9JL11J', 'xL9JL10J', 'xL5JL4J'}
| | | +-- , 7 , {24, 9} , {'xL3JL4J', 'xL4JL4J', 'xL9JL11J', 'xL2JL7J', 'xL1JL7J', 'xL9JL10J'}
| | | | +-- , 24 , {26} , {'xL9JL11J', 'xL1JL7J', 'xL2JL7J', 'xL3JL7J', 'xL4JL7J', 'xL9JL10J'}
| | | | | +-- , 26 , {41, 28} , {'xL4JL7J', 'xL3JL7J', 'xL9JL11J', 'xL9JL10J', 'xL5JL9J'}
| | | | | | +-- , 41 , {43} , {'xL6JL9J', 'xL9JL11J', 'xL9JL10J', 'xL5JL9J'}
| | | | | | | +-- , 43 , {45} , {'xL6JL9J', 'xL6JL10J', 'xL9JL11J', 'xL6JL11J', 'xL9JL10J'}
| | | | | | | | +-- , 45 , set() , {'xL7JL11J', 'xL6JL10J', 'xL9JL11J', 'xL8JL11J', 'xL6JL11J', 'xL8JL10J', 'xL9JL10J', 'xL7JL10J'}
| | | | | | +-- , 28 , {30} , {'xL5JL8J', 'xL3JL7J', 'xL4JL7J', 'xL5JL9J'}
| | | | | | | +-- , 30 , {32} , {'xL4JL7J', 'xL5JL8J', 'xL3JL7J', 'xL3JL8J', 'xL4JL8J'}
| | | | | | | | +-- , 32 , {34} , {'xL3JL11J', 'xL3JL7J', 'xL3JL9J', 'xL3JL8J', 'xL3JL10J'}
| | | | | | | | | +-- , 34 , {37, 39} , {'xL3JL11J', 'xL2JL10J', 'xL3JL9J', 'xL4JL10J', 'xL3JL10J', 'xL1JL10J'}
| | | | | | | | | | +-- , 37 , set() , {'xL2JL10J', 'xL3JL9J', 'xL1JL10J', 'xL1JL9J', 'xL2JL9J'}
| | | | | | | | | | +-- , 39 , set() , {'xL3JL11J', 'xL4JL10J', 'xL4JL11J'}
| | | | +-- , 9 , {11} , {'xL3JL4J', 'xL4JL4J', 'xL2JL7J', 'xL1JL7J', 'xL4JL5J'}
| | | | | +-- , 11 , {13, 20} , {'xL3JL4J', 'xL3JL1J', 'xL2JL7J', 'xL3JL3J', 'xL3JL5J', 'xL1JL7J', 'xL4JL5J', 'xL3JL2J'}
| | | | | | +-- , 13 , {16, 18} , {'xL2JL2J', 'xL4JL2J', 'xL3JL1J', 'xL3JL3J', 'xL1JL2J', 'xL3JL2J'}
| | | | | | | +-- , 16 , set() , {'xL1JL3J', 'xL2JL2J', 'xL2JL3J', 'xL3JL3J', 'xL1JL2J'}
| | | | | | | +-- , 18 , set() , {'xL4JL2J', 'xL3JL1J', 'xL4JL1J'}
| | | | | | +-- , 20 , {22} , {'xL1JL5J', 'xL2JL7J', 'xL3JL5J', 'xL1JL7J', 'xL4JL5J', 'xL2JL5J'}
| | | | | | | +-- , 22 , set() , {'xL2JL6J', 'xL1JL5J', 'xL1JL6J', 'xL2JL7J', 'xL1JL7J', 'xL2JL5J'}
| +-- , 47 , {49} , {'xL5JL3J', 'xL9JL9J', 'xL6JL7J', 'xL6JL3J', 'xL7JL7J', 'xL9JL8J', 'xL8JL7J'}
| | +-- , 49 , {51} , {'xL9JL9J', 'xL6JL7J', 'xL6JL3J', 'xL6JL1J', 'xL6JL2J', 'xL7JL7J', 'xL9JL8J', 'xL8JL7J'}
| | | +-- , 51 , {53, 134} , {'xL9JL9J', 'xL9JL5J', 'xL6JL7J', 'xL6JL1J', 'xL6JL2J', 'xL7JL7J', 'xL9JL8J', 'xL9JL3J', 'xL8JL7J', 'xL9JL4J'}
| | | | +-- , 53 , {56} , {'xL6JL7J', 'xL10JL8J', 'xL8JL7J', 'xL9JL3J', 'xL9JL4J', 'xL11JL8J', 'xL9JL9J', 'xL9JL5J', 'xL8JL8J', 'xL12JL8J', 'xL7JL7J', 'xL9JL8J'}
| | | | | +-- , 56 , {58} , {'xL6JL7J', 'xL10JL8J', 'xL9JL3J', 'xL9JL4J', 'xL11JL9J', 'xL10JL9J', 'xL11JL8J', 'xL9JL9J', 'xL9JL5J', 'xL12JL8J', 'xL7JL7J'}
| | | | | | +-- , 58 , {60} , {'xL11JL11J', 'xL6JL7J', 'xL9JL3J', 'xL11JL7J', 'xL9JL4J', 'xL11JL9J', 'xL11JL8J', 'xL9JL5J', 'xL12JL8J', 'xL7JL7J', 'xL11JL10J'}
| | | | | | | +-- , 60 , {62} , {'xL11JL11J', 'xL6JL7J', 'xL9JL3J', 'xL11JL7J', 'xL9JL4J', 'xL9JL5J', 'xL12JL8J', 'xL7JL7J', 'xL12JL7J', 'xL11JL10J'}
| | | | | | | | +-- , 62 , {64} , {'xL11JL11J', 'xL6JL7J', 'xL9JL3J', 'xL11JL7J', 'xL9JL4J', 'xL13JL7J', 'xL9JL5J', 'xL14JL7J', 'xL7JL7J', 'xL12JL7J', 'xL11JL10J'}
| | | | | | | | | +-- , 64 , {66, 130} , {'xL13JL7J', 'xL11JL11J', 'xL11JL5J', 'xL9JL5J', 'xL6JL7J', 'xL12JL5J', 'xL7JL7J', 'xL9JL3J', 'xL11JL10J', 'xL9JL4J', 'xL14JL7J'}
| | | | | | | | | | +-- , 66 , {124, 68} , {'xL11JL11J', 'xL11JL5J', 'xL9JL5J', 'xL6JL7J', 'xL12JL5J', 'xL11JL3J', 'xL7JL7J', 'xL9JL3J', 'xL11JL4J', 'xL9JL4J', 'xL11JL10J'}
| | | | | | | | | | | +-- , 124 , {126} , {'xL9JL5J', 'xL6JL7J', 'xL12JL5J', 'xL11JL3J', 'xL7JL7J', 'xL12JL4J', 'xL9JL3J', 'xL11JL4J', 'xL9JL4J'}
| | | | | | | | | | | | +-- , 126 , {128} , {'xL10JL4J', 'xL10JL3J', 'xL9JL5J', 'xL6JL5J', 'xL8JL5J', 'xL6JL7J', 'xL11JL3J', 'xL8JL4J', 'xL7JL7J', 'xL12JL4J', 'xL7JL5J', 'xL9JL3J', 'xL11JL4J', 'xL9JL4J'}
| | | | | | | | | | | | | +-- , 128 , set() , {'xL6JL6J', 'xL6JL5J', 'xL6JL7J', 'xL7JL7J', 'xL7JL6J', 'xL7JL5J'}
| | | | | | | | | | | +-- , 68 , {70} , {'xL11JL2J', 'xL11JL11J', 'xL11JL5J', 'xL11JL1J', 'xL11JL3J', 'xL11JL4J', 'xL11JL10J'}
| | | | | | | | | | | | +-- , 70 , {72, 116} , {'xL11JL2J', 'xL11JL11J', 'xL11JL1J', 'xL15JL4J', 'xL11JL10J'}
| | | | | | | | | | | | | +-- , 72 , {74} , {'xL11JL11J', 'xL16JL4J', 'xL17JL4J', 'xL15JL4J', 'xL11JL10J'}
| | | | | | | | | | | | | | +-- , 74 , {104, 76} , {'xL11JL11J', 'xL16JL4J', 'xL17JL4J', 'xL19JL5J', 'xL18JL5J', 'xL11JL10J'}
| | | | | | | | | | | | | | | +-- , 104 , {106} , {'xL16JL4J', 'xL17JL4J', 'xL16JL5J', 'xL17JL5J', 'xL19JL5J', 'xL18JL5J'}
| | | | | | | | | | | | | | | | +-- , 106 , {108} , {'xL17JL3J', 'xL17JL2J', 'xL17JL4J', 'xL17JL5J', 'xL17JL1J'}
| | | | | | | | | | | | | | | | | +-- , 108 , {112, 114} , {'xL17JL3J', 'xL16JL2J', 'xL19JL2J', 'xL17JL2J', 'xL19JL3J', 'xL17JL1J'}
| | | | | | | | | | | | | | | | | | +-- , 112 , set() , {'xL16JL1J', 'xL16JL2J', 'xL17JL1J'}
| | | | | | | | | | | | | | | | | | +-- , 114 , set() , {'xL16JL2J', 'xL17JL3J', 'xL19JL2J', 'xL18JL2J', 'xL18JL3J', 'xL17JL2J', 'xL19JL3J'}
| | | | | | | | | | | | | | | +-- , 76 , {98, 78} , {'xL15JL9J', 'xL11JL11J', 'xL19JL5J', 'xL18JL5J', 'xL11JL10J'}
| | | | | | | | | | | | | | | | +-- , 98 , {100} , {'xL15JL9J', 'xL11JL11J', 'xL14JL9J', 'xL11JL10J'}
| | | | | | | | | | | | | | | | | +-- , 100 , {102} , {'xL14JL11J', 'xL11JL11J', 'xL14JL10J', 'xL14JL9J', 'xL11JL10J'}
| | | | | | | | | | | | | | | | | | +-- , 102 , set() , {'xL13JL10J', 'xL14JL11J', 'xL14JL10J', 'xL11JL11J', 'xL12JL11J', 'xL12JL10J', 'xL13JL11J', 'xL11JL10J'}
| | | | | | | | | | | | | | | | +-- , 78 , {80} , {'xL15JL9J', 'xL15JL8J', 'xL19JL5J', 'xL18JL5J'}
| | | | | | | | | | | | | | | | | +-- , 80 , {82} , {'xL16JL8J', 'xL15JL8J', 'xL17JL8J', 'xL19JL5J', 'xL18JL5J'}
| | | | | | | | | | | | | | | | | | +-- , 82 , {94, 84} , {'xL17JL11J', 'xL16JL7J', 'xL16JL8J', 'xL17JL7J', 'xL17JL8J', 'xL17JL10J', 'xL17JL9J', 'xL19JL5J', 'xL18JL5J'}
| | | | | | | | | | | | | | | | | | | +-- , 94 , {96} , {'xL16JL7J', 'xL17JL7J', 'xL19JL7J', 'xL18JL7J', 'xL19JL5J', 'xL18JL5J'}
| | | | | | | | | | | | | | | | | | | | +-- , 96 , set() , {'xL18JL6J', 'xL19JL6J', 'xL19JL7J', 'xL18JL7J', 'xL19JL5J', 'xL18JL5J'}
| | | | | | | | | | | | | | | | | | | +-- , 84 , {88, 90} , {'xL17JL11J', 'xL19JL10J', 'xL19JL9J', 'xL16JL10J', 'xL17JL10J', 'xL17JL9J'}
| | | | | | | | | | | | | | | | | | | | +-- , 88 , set() , {'xL19JL10J', 'xL19JL9J', 'xL16JL10J', 'xL17JL10J', 'xL17JL9J', 'xL18JL9J', 'xL18JL10J'}
| | | | | | | | | | | | | | | | | | | | +-- , 90 , set() , {'xL17JL11J', 'xL16JL10J', 'xL16JL11J'}
| | | | | | | | | | | | | +-- , 116 , {118} , {'xL11JL2J', 'xL11JL1J', 'xL15JL3J', 'xL15JL4J'}
| | | | | | | | | | | | | | +-- , 118 , {120} , {'xL11JL2J', 'xL11JL1J', 'xL15JL3J', 'xL14JL3J'}
| | | | | | | | | | | | | | | +-- , 120 , {122} , {'xL11JL2J', 'xL14JL2J', 'xL14JL1J', 'xL11JL1J', 'xL14JL3J'}
| | | | | | | | | | | | | | | | +-- , 122 , set() , {'xL12JL1J', 'xL11JL2J', 'xL13JL2J', 'xL14JL2J', 'xL12JL2J', 'xL14JL1J', 'xL11JL1J', 'xL13JL1J'}
| | | | | | | | | | +-- , 130 , {132} , {'xL13JL7J', 'xL11JL5J', 'xL13JL5J', 'xL14JL5J', 'xL12JL5J', 'xL14JL7J'}
| | | | | | | | | | | +-- , 132 , set() , {'xL13JL7J', 'xL14JL6J', 'xL13JL5J', 'xL14JL5J', 'xL13JL6J', 'xL14JL7J'}
| | | | +-- , 134 , {136} , {'xL9JL1J', 'xL9JL5J', 'xL6JL1J', 'xL6JL2J', 'xL9JL2J', 'xL9JL3J', 'xL9JL4J'}
| | | | | +-- , 136 , set() , {'xL8JL2J', 'xL7JL1J', 'xL8JL1J', 'xL9JL1J', 'xL7JL2J', 'xL6JL1J', 'xL6JL2J', 'xL9JL2J'}


Max number of edges with non zero Y: 5
Max number of iterations of outer rounding loop: 3
Max number of candidate sets: 2
Time spent rounding: 37.629
Time spent solving Separator LP: 3.043
Total time spent solving: 56.052

LP Solver: GaifmanNormal
Lower Bound Witness = ({'xL6JL10J', 'xL1JL3J', 'xL11JL5J', 'xL4JL10J', 'xL6JL7J', 'xL18JL6J', 'xL1JL7J', 'xL11JL8J', 'xL5JL3J', 'xL15JL8J', 'xL14JL6J', 'xL7JL2J', 'xL19JL7J', 'xL9JL10J', 'xL7JL6J', 'xL15JL4J', 'xL7JL5J', 'xL16JL2J', 'xL11JL11J', 'xL14JL2J', 'xL3JL9J', 'xL12JL2J', 'xL14JL1J', 'xL2JL7J', 'xL10JL8J', 'xL13JL10J', 'xL17JL3J', 'xL13JL2J', 'xL17JL5J', 'xL11JL1J', 'xL1JL10J', 'xL4JL11J', 'xL18JL9J', 'xL19JL5J', 'xL8JL11J', 'xL7JL10J', 'xL8JL2J', 'xL6JL9J', 'xL9JL11J', 'xL5JL9J', 'xL17JL8J', 'xL19JL6J', 'xL9JL2J', 'xL16JL7J', 'xL4JL2J', 'xL12JL8J', 'xL8JL4J', 'xL15JL3J', 'xL18JL7J', 'xL2JL5J', 'xL12JL7J', 'xL12JL1J', 'xL17JL11J', 'xL15JL9J', 'xL2JL6J', 'xL16JL11J', 'xL16JL1J', 'xL8JL7J', 'xL9JL3J', 'xL19JL3J', 'xL4JL5J', 'xL11JL7J', 'xL11JL9J', 'xL11JL2J', 'xL13JL7J', 'xL1JL5J', 'xL3JL8J', 'xL9JL5J', 'xL2JL3J', 'xL6JL5J', 'xL6JL2J', 'xL18JL3J', 'xL12JL5J', 'xL7JL7J', 'xL16JL5J', 'xL4JL7J', 'xL5JL4J', 'xL18JL5J', 'xL14JL7J', 'xL19JL10J', 'xL7JL1J', 'xL19JL2J', 'xL3JL1J', 'xL17JL7J', 'xL3JL3J', 'xL8JL10J', 'xL12JL10J', 'xL3JL7J', 'xL18JL10J', 'xL5JL8J', 'xL9JL9J', 'xL17JL4J', 'xL2JL10J', 'xL8JL1J', 'xL4JL8J', 'xL12JL11J', 'xL1JL6J', 'xL16JL10J', 'xL12JL4J', 'xL14JL11J', 'xL16JL8J', 'xL4JL4J', 'xL9JL7J', 'xL9JL8J', 'xL13JL6J', 'xL14JL9J', 'xL2JL9J', 'xL3JL10J', 'xL3JL4J', 'xL4JL1J', 'xL10JL4J', 'xL2JL2J', 'xL18JL2J', 'xL14JL3J', 'xL13JL1J', 'xL16JL4J', 'xL17JL9J', 'xL13JL11J', 'xL9JL4J', 'xL10JL9J', 'xL7JL11J', 'xL9JL1J', 'xL8JL8J', 'xL13JL5J', 'xL19JL9J', 'xL17JL1J', 'xL14JL10J', 'xL8JL5J', 'xL6JL11J', 'xL6JL1J', 'xL1JL9J', 'xL3JL11J', 'xL17JL2J', 'xL3JL2J', 'xL10JL3J', 'xL14JL5J', 'xL6JL3J', 'xL3JL5J', 'xL11JL3J', 'xL17JL10J', 'xL1JL2J', 'xL11JL4J', 'xL6JL6J', 'xL11JL10J'}, {'xL9JL11J', 'xL11JL1J', 'xL1JL10J', 'xL8JL7J', 'xL9JL4J'})