11, 3.0, 5.0, 6
+-- , 0 , {6, 24, 26, 28} , {'xL4J', 'xL9J', 'xL18J', 'xL0J', 'xL8J', 'xL6J', 'xL12J'}
| +-- , 6 , {10, 22} , {'xL4J', 'xL14J', 'xL18J', 'xL0J', 'xL1J', 'xL8J', 'xL6J', 'xL12J'}
| | +-- , 10 , {16, 14} , {'xL4J', 'xL10J', 'xL18J', 'xL11J', 'xL8J', 'xL6J', 'xL14J', 'xL1J', 'xL5J', 'xL12J'}
| | | +-- , 16 , {18, 20} , {'xL14J', 'xL11J', 'xL4J', 'xL10J', 'xL1J', 'xL8J', 'xL5J', 'xL6J', 'xL12J', 'xL7J'}
| | | | +-- , 18 , set() , {'xL4J', 'xL14J', 'xL11J', 'xL10J', 'xL1J', 'xL13J', 'xL7J'}
| | | | +-- , 20 , set() , {'xL14J', 'xL11J', 'xL10J', 'xL17J', 'xL8J', 'xL5J', 'xL12J', 'xL7J'}
| | | +-- , 14 , set() , {'xL11J', 'xL15J', 'xL18J', 'xL1J', 'xL8J', 'xL6J'}
| | +-- , 22 , set() , {'xL16J', 'xL1J', 'xL8J'}
| +-- , 24 , set() , {'xL9J', 'xL6J', 'xL8J', 'xL19J'}
| +-- , 26 , set() , {'xL2J', 'xL4J', 'xL18J', 'xL0J'}
| +-- , 28 , set() , {'xL3J', 'xL9J', 'xL12J'}


Max number of edges with non zero Y: 5
Max number of iterations of outer rounding loop: 0
Max number of candidate sets: 0
Time spent rounding: 0.000
Time spent solving Separator LP: 0.888
Total time spent solving: 1.571

LP Solver: GaifmanNormalILP
Lower Bound Witness = ({'xL14J', 'xL11J', 'xL4J', 'xL10J', 'xL18J', 'xL15J', 'xL17J', 'xL0J', 'xL1J', 'xL8J', 'xL5J', 'xL12J', 'xL6J', 'xL13J', 'xL7J'}, {'xL4J', 'xL18J', 'xL0J', 'xL1J', 'xL8J', 'xL6J', 'xL12J'})