13, 0, 10.95, 13
+-- , 0 , {5, 7} , {'xL19J', 'xL4J', 'xL3J', 'xL32J', 'xL39J', 'xL10J', 'xL29J', 'xL6J', 'xL42J', 'xL22J', 'xL47J', 'xL18J', 'xL37J', 'xL36J', 'xL35J', 'xL1J', 'xL43J', 'xL14J', 'xL8J', 'xL40J', 'xL7J', 'xL44J', 'xL0J', 'xL48J', 'xL16J', 'xL28J'}
| +-- , 5 , set() , {'xL38J', 'xL1J', 'xL4J', 'xL42J', 'xL22J', 'xL3J', 'xL48J', 'xL47J', 'xL36J'}
| +-- , 7 , {9} , {'xL19J', 'xL4J', 'xL15J', 'xL3J', 'xL32J', 'xL39J', 'xL10J', 'xL29J', 'xL6J', 'xL42J', 'xL22J', 'xL47J', 'xL18J', 'xL37J', 'xL36J', 'xL35J', 'xL1J', 'xL43J', 'xL9J', 'xL8J', 'xL7J', 'xL44J', 'xL0J', 'xL24J', 'xL48J', 'xL16J', 'xL28J'}
| | +-- , 9 , {11} , {'xL19J', 'xL34J', 'xL4J', 'xL15J', 'xL3J', 'xL32J', 'xL45J', 'xL10J', 'xL29J', 'xL42J', 'xL22J', 'xL47J', 'xL18J', 'xL37J', 'xL36J', 'xL35J', 'xL1J', 'xL43J', 'xL9J', 'xL8J', 'xL7J', 'xL44J', 'xL0J', 'xL24J', 'xL48J', 'xL16J', 'xL28J'}
| | | +-- , 11 , {14} , {'xL19J', 'xL34J', 'xL4J', 'xL15J', 'xL3J', 'xL32J', 'xL46J', 'xL45J', 'xL10J', 'xL49J', 'xL42J', 'xL22J', 'xL47J', 'xL18J', 'xL37J', 'xL36J', 'xL33J', 'xL35J', 'xL1J', 'xL43J', 'xL9J', 'xL8J', 'xL13J', 'xL7J', 'xL44J', 'xL24J', 'xL48J', 'xL16J', 'xL28J', 'xL12J'}
| | | | +-- , 14 , {16} , {'xL19J', 'xL34J', 'xL4J', 'xL15J', 'xL3J', 'xL2J', 'xL46J', 'xL32J', 'xL45J', 'xL10J', 'xL49J', 'xL47J', 'xL18J', 'xL37J', 'xL36J', 'xL33J', 'xL35J', 'xL1J', 'xL43J', 'xL9J', 'xL8J', 'xL13J', 'xL7J', 'xL44J', 'xL41J', 'xL24J', 'xL48J', 'xL28J', 'xL12J'}
| | | | | +-- , 16 , {18} , {'xL19J', 'xL34J', 'xL4J', 'xL15J', 'xL3J', 'xL2J', 'xL46J', 'xL32J', 'xL45J', 'xL10J', 'xL25J', 'xL49J', 'xL47J', 'xL30J', 'xL18J', 'xL36J', 'xL33J', 'xL35J', 'xL1J', 'xL43J', 'xL9J', 'xL8J', 'xL13J', 'xL7J', 'xL44J', 'xL41J', 'xL24J', 'xL48J', 'xL28J', 'xL12J'}
| | | | | | +-- , 18 , {20} , {'xL19J', 'xL34J', 'xL4J', 'xL15J', 'xL3J', 'xL2J', 'xL46J', 'xL32J', 'xL26J', 'xL45J', 'xL10J', 'xL25J', 'xL49J', 'xL47J', 'xL30J', 'xL18J', 'xL36J', 'xL33J', 'xL35J', 'xL1J', 'xL9J', 'xL8J', 'xL13J', 'xL7J', 'xL44J', 'xL41J', 'xL24J', 'xL48J', 'xL28J', 'xL12J'}
| | | | | | | +-- , 20 , {22} , {'xL19J', 'xL34J', 'xL4J', 'xL15J', 'xL3J', 'xL2J', 'xL46J', 'xL26J', 'xL45J', 'xL10J', 'xL25J', 'xL49J', 'xL5J', 'xL47J', 'xL30J', 'xL18J', 'xL36J', 'xL33J', 'xL35J', 'xL1J', 'xL9J', 'xL8J', 'xL13J', 'xL7J', 'xL44J', 'xL41J', 'xL24J', 'xL28J', 'xL12J'}
| | | | | | | | +-- , 22 , {24, 26} , {'xL19J', 'xL34J', 'xL4J', 'xL15J', 'xL3J', 'xL2J', 'xL46J', 'xL26J', 'xL45J', 'xL10J', 'xL25J', 'xL49J', 'xL5J', 'xL47J', 'xL30J', 'xL18J', 'xL31J', 'xL33J', 'xL35J', 'xL1J', 'xL9J', 'xL8J', 'xL13J', 'xL7J', 'xL24J', 'xL28J', 'xL12J'}
| | | | | | | | | +-- , 24 , set() , {'xL7J', 'xL34J', 'xL21J', 'xL49J', 'xL15J', 'xL20J', 'xL3J', 'xL28J', 'xL46J', 'xL12J', 'xL26J', 'xL45J', 'xL31J', 'xL13J'}
| | | | | | | | | +-- , 26 , {28} , {'xL19J', 'xL35J', 'xL1J', 'xL4J', 'xL9J', 'xL8J', 'xL2J', 'xL11J', 'xL10J', 'xL25J', 'xL27J', 'xL24J', 'xL5J', 'xL47J', 'xL30J', 'xL18J', 'xL31J', 'xL33J'}
| | | | | | | | | | +-- , 28 , set() , {'xL27J', 'xL35J', 'xL1J', 'xL4J', 'xL17J', 'xL9J', 'xL30J', 'xL2J', 'xL18J', 'xL11J', 'xL23J', 'xL33J', 'xL31J'}


Max number of edges with non zero Y: 50
Max number of iterations of outer rounding loop: 10
Max number of candidate sets: 2
Time spent rounding: 64.707
Time spent solving Separator LP: 0.098

LP Solver: gammaPlusFractionalCoverHeuristic