13, 2.9260449846515626, 11.75, 13
+-- , 0 , {15} , {'xL34J', 'xL4J', 'xL17J', 'xL2J', 'xL46J', 'xL26J', 'xL11J', 'xL10J', 'xL25J', 'xL49J', 'xL22J', 'xL5J', 'xL47J', 'xL30J', 'xL18J', 'xL37J', 'xL35J', 'xL20J', 'xL43J', 'xL8J', 'xL27J', 'xL44J', 'xL41J', 'xL21J', 'xL24J', 'xL48J', 'xL28J', 'xL12J'}
| +-- , 15 , {18} , {'xL34J', 'xL4J', 'xL17J', 'xL2J', 'xL46J', 'xL26J', 'xL11J', 'xL10J', 'xL25J', 'xL6J', 'xL49J', 'xL22J', 'xL5J', 'xL47J', 'xL30J', 'xL18J', 'xL37J', 'xL20J', 'xL43J', 'xL8J', 'xL27J', 'xL44J', 'xL41J', 'xL0J', 'xL21J', 'xL24J', 'xL48J', 'xL28J', 'xL12J'}
| | +-- , 18 , {22} , {'xL38J', 'xL34J', 'xL4J', 'xL17J', 'xL2J', 'xL46J', 'xL26J', 'xL11J', 'xL10J', 'xL25J', 'xL6J', 'xL49J', 'xL22J', 'xL5J', 'xL47J', 'xL30J', 'xL18J', 'xL37J', 'xL20J', 'xL43J', 'xL9J', 'xL13J', 'xL27J', 'xL44J', 'xL41J', 'xL0J', 'xL21J', 'xL24J', 'xL48J', 'xL28J', 'xL12J', 'xL23J'}
| | | +-- , 22 , {24} , {'xL38J', 'xL34J', 'xL4J', 'xL17J', 'xL2J', 'xL46J', 'xL26J', 'xL11J', 'xL10J', 'xL25J', 'xL29J', 'xL6J', 'xL49J', 'xL42J', 'xL22J', 'xL5J', 'xL47J', 'xL30J', 'xL18J', 'xL37J', 'xL20J', 'xL43J', 'xL9J', 'xL13J', 'xL27J', 'xL44J', 'xL41J', 'xL0J', 'xL21J', 'xL24J', 'xL28J', 'xL12J', 'xL23J'}
| | | | +-- , 24 , {41, 27} , {'xL38J', 'xL34J', 'xL4J', 'xL15J', 'xL17J', 'xL2J', 'xL46J', 'xL26J', 'xL11J', 'xL10J', 'xL25J', 'xL29J', 'xL6J', 'xL49J', 'xL42J', 'xL22J', 'xL5J', 'xL47J', 'xL30J', 'xL18J', 'xL20J', 'xL43J', 'xL9J', 'xL40J', 'xL13J', 'xL27J', 'xL44J', 'xL41J', 'xL0J', 'xL21J', 'xL24J', 'xL28J', 'xL12J', 'xL23J'}
| | | | | +-- , 41 , set() , {'xL41J', 'xL0J', 'xL10J', 'xL15J', 'xL28J', 'xL32J', 'xL26J', 'xL40J'}
| | | | | +-- , 27 , {35, 37, 29} , {'xL38J', 'xL34J', 'xL4J', 'xL15J', 'xL17J', 'xL46J', 'xL26J', 'xL11J', 'xL25J', 'xL29J', 'xL6J', 'xL49J', 'xL42J', 'xL22J', 'xL5J', 'xL47J', 'xL30J', 'xL18J', 'xL20J', 'xL43J', 'xL9J', 'xL40J', 'xL13J', 'xL27J', 'xL44J', 'xL41J', 'xL0J', 'xL21J', 'xL24J', 'xL16J', 'xL12J', 'xL23J'}
| | | | | | +-- , 35 , set() , {'xL27J', 'xL42J', 'xL17J', 'xL47J', 'xL16J', 'xL12J', 'xL33J', 'xL13J'}
| | | | | | +-- , 37 , {39} , {'xL34J', 'xL15J', 'xL20J', 'xL7J', 'xL29J', 'xL41J', 'xL0J', 'xL6J', 'xL49J', 'xL21J', 'xL5J', 'xL16J'}
| | | | | | | +-- , 39 , set() , {'xL7J', 'xL29J', 'xL34J', 'xL41J', 'xL0J', 'xL21J', 'xL49J', 'xL20J', 'xL5J', 'xL16J', 'xL45J'}
| | | | | | +-- , 29 , {33, 31} , {'xL19J', 'xL38J', 'xL34J', 'xL4J', 'xL46J', 'xL26J', 'xL11J', 'xL25J', 'xL29J', 'xL6J', 'xL42J', 'xL22J', 'xL5J', 'xL47J', 'xL30J', 'xL18J', 'xL31J', 'xL20J', 'xL43J', 'xL14J', 'xL9J', 'xL40J', 'xL44J', 'xL41J', 'xL24J', 'xL16J', 'xL23J'}
| | | | | | | +-- , 33 , set() , {'xL19J', 'xL38J', 'xL31J', 'xL1J', 'xL4J', 'xL42J', 'xL22J', 'xL30J', 'xL23J', 'xL25J'}
| | | | | | | +-- , 31 , set() , {'xL38J', 'xL29J', 'xL34J', 'xL41J', 'xL3J', 'xL20J', 'xL5J', 'xL43J', 'xL14J', 'xL9J', 'xL36J', 'xL39J', 'xL31J', 'xL40J'}


Max number of edges with non zero Y: 50
Max number of iterations of outer rounding loop: 9
Max number of candidate sets: 2
Time spent rounding: 140.440
Time spent solving Separator LP: 15.853

LP Solver: GaifmanNormal