10, 0, 4.666666666666667, 5
+-- , 5 , {0, 7} , {'0', '15', '22', '8', '23', '1', '35', '9', '14', '12', '7', '26', '34'}
| +-- , 0 , {23, 19} , {'0', '15', '22', '8', '23', '27', '9', '14', '12', '31', '13', '26', '34'}
| | +-- , 23 , set() , {'0', '9', '14', '12', '3', '22', '31', '23', '34'}
| | +-- , 19 , {21} , {'0', '9', '14', '12', '28', '26', '23', '27', '34', '11'}
| | | +-- , 21 , set() , {'14', '12', '16', '4', '28', '26', '23', '34'}
| +-- , 7 , {9} , {'0', '15', '22', '8', '23', '1', '30', '35', '14', '7', '29', '20', '26', '34'}
| | +-- , 9 , {11} , {'0', '15', '22', '23', '1', '30', '35', '14', '7', '32', '20', '26', '34'}
| | | +-- , 11 , {15} , {'0', '15', '22', '17', '23', '6', '30', '35', '14', '7', '32', '20', '26', '34', '21'}
| | | | +-- , 15 , {17} , {'0', '22', '10', '17', '18', '6', '30', '24', '14', '7', '32', '5', '33', '26', '21', '34', '20'}
| | | | | +-- , 17 , set() , {'14', '19', '10', '33', '6', '2'}


Max number of edges with non zero Y: 14
Max number of iterations of outer rounding loop: 4
Max number of candidate sets: 2
Time spent rounding: 1.540
Time spent solving Separator LP: 0.018
Total time spent solving: 2.086

LP Solver: gammaPlusFractionalCoverHeuristic
Number of Rounding Attemps: 16
Lower Bound Witness = ({'3', '22', '19', '17', '8', '23', '1', '2', '24', '35', '14', '7', '28', '31', '13', '33', '26', '20', '0', '15', '4', '10', '18', '27', '6', '30', '9', '12', '29', '32', '16', '5', '21', '34', '11'}, {'30', '3', '28', '21', '23'})