21, 2.8923257053518667, 7.5, 8
+-- , 0 , {3, 43, 45, 47} , {'xL26J', 'xL6J', 'xL35J', 'xL4J', 'xL10J', 'xL19J', 'xL14J', 'xL17J', 'xL22J', 'xL30J', 'xL18J', 'xL13J'}
| +-- , 3 , {41, 6} , {'xL11J', 'xL26J', 'xL35J', 'xL4J', 'xL10J', 'xL19J', 'xL2J', 'xL28J', 'xL14J', 'xL17J', 'xL22J', 'xL30J', 'xL18J', 'xL13J'}
| | +-- , 41 , set() , {'xL11J', 'xL29J'}
| | +-- , 6 , {8} , {'xL11J', 'xL26J', 'xL35J', 'xL4J', 'xL19J', 'xL2J', 'xL28J', 'xL17J', 'xL14J', 'xL30J', 'xL9J', 'xL18J', 'xL13J'}
| | | +-- , 8 , {10} , {'xL11J', 'xL26J', 'xL35J', 'xL4J', 'xL19J', 'xL31J', 'xL2J', 'xL28J', 'xL14J', 'xL30J', 'xL9J', 'xL18J', 'xL13J'}
| | | | +-- , 10 , {12} , {'xL11J', 'xL26J', 'xL24J', 'xL4J', 'xL35J', 'xL19J', 'xL31J', 'xL2J', 'xL28J', 'xL14J', 'xL9J', 'xL18J', 'xL13J'}
| | | | | +-- , 12 , {16, 39} , {'xL11J', 'xL15J', 'xL26J', 'xL24J', 'xL4J', 'xL35J', 'xL37J', 'xL19J', 'xL31J', 'xL2J', 'xL5J', 'xL28J', 'xL14J', 'xL9J', 'xL13J'}
| | | | | | +-- , 16 , {19, 37} , {'xL5J', 'xL15J', 'xL1J', 'xL26J', 'xL31J', 'xL24J', 'xL4J', 'xL35J', 'xL37J', 'xL19J', 'xL28J', 'xL33J', 'xL9J', 'xL2J', 'xL13J'}
| | | | | | | +-- , 19 , {35, 21} , {'xL15J', 'xL26J', 'xL24J', 'xL4J', 'xL35J', 'xL33J', 'xL2J', 'xL31J', 'xL12J', 'xL5J', 'xL1J', 'xL28J', 'xL9J', 'xL13J'}
| | | | | | | | +-- , 35 , set() , {'xL33J', 'xL12J', 'xL0J', 'xL26J'}
| | | | | | | | +-- , 21 , {24} , {'xL15J', 'xL26J', 'xL24J', 'xL4J', 'xL35J', 'xL33J', 'xL31J', 'xL12J', 'xL2J', 'xL38J', 'xL1J', 'xL28J', 'xL39J', 'xL9J', 'xL13J'}
| | | | | | | | | +-- , 24 , {33, 27} , {'xL32J', 'xL26J', 'xL24J', 'xL4J', 'xL35J', 'xL33J', 'xL27J', 'xL2J', 'xL12J', 'xL31J', 'xL38J', 'xL1J', 'xL28J', 'xL9J', 'xL13J'}
| | | | | | | | | | +-- , 33 , set() , {'xL38J', 'xL32J', 'xL24J', 'xL2J', 'xL3J'}
| | | | | | | | | | +-- , 27 , {29} , {'xL32J', 'xL24J', 'xL4J', 'xL35J', 'xL27J', 'xL31J', 'xL12J', 'xL38J', 'xL8J', 'xL28J', 'xL9J', 'xL13J'}
| | | | | | | | | | | +-- , 29 , {31} , {'xL38J', 'xL32J', 'xL8J', 'xL31J', 'xL24J', 'xL28J', 'xL21J', 'xL27J', 'xL9J', 'xL25J', 'xL12J', 'xL13J'}
| | | | | | | | | | | | +-- , 31 , set() , {'xL16J', 'xL24J', 'xL28J', 'xL21J', 'xL25J'}
| | | | | | | +-- , 37 , set() , {'xL33J', 'xL37J', 'xL13J', 'xL7J'}
| | | | | | +-- , 39 , set() , {'xL15J', 'xL31J', 'xL37J', 'xL23J'}
| +-- , 43 , set() , {'xL34J', 'xL13J', 'xL26J', 'xL6J'}
| +-- , 45 , set() , {'xL35J', 'xL30J', 'xL36J'}
| +-- , 47 , set() , {'xL20J', 'xL30J', 'xL4J', 'xL14J'}


Max number of edges with non zero Y: 29
Max number of iterations of outer rounding loop: 8
Max number of candidate sets: 2
Time spent rounding: 65.762
Time spent solving Separator LP: 1.140

LP Solver: GaifmanNormal