19, 3.4144100986441526, 8.0, 8
+-- , 0 , {34, 3, 36, 5, 38, 40, 22} , {'xL32J', 'xL15J', 'xL11J', 'xL26J', 'xL4J', 'xL33J', 'xL25J', 'xL12J', 'xL38J', 'xL8J', 'xL16J', 'xL30J', 'xL9J', 'xL18J', 'xL13J'}
| +-- , 34 , set() , {'xL27J', 'xL38J', 'xL13J', 'xL25J'}
| +-- , 3 , set() , {'xL11J', 'xL26J', 'xL17J', 'xL22J', 'xL9J', 'xL13J'}
| +-- , 36 , set() , {'xL33J', 'xL12J', 'xL0J', 'xL26J'}
| +-- , 5 , {7} , {'xL32J', 'xL15J', 'xL11J', 'xL26J', 'xL4J', 'xL33J', 'xL12J', 'xL34J', 'xL5J', 'xL38J', 'xL16J', 'xL28J', 'xL30J', 'xL9J', 'xL18J', 'xL13J'}
| | +-- , 7 , {9} , {'xL32J', 'xL15J', 'xL11J', 'xL24J', 'xL4J', 'xL33J', 'xL34J', 'xL5J', 'xL38J', 'xL1J', 'xL16J', 'xL28J', 'xL30J', 'xL9J', 'xL18J', 'xL13J'}
| | | +-- , 9 , {18, 12} , {'xL32J', 'xL15J', 'xL11J', 'xL24J', 'xL4J', 'xL33J', 'xL2J', 'xL34J', 'xL5J', 'xL20J', 'xL38J', 'xL1J', 'xL28J', 'xL30J', 'xL13J'}
| | | | +-- , 18 , set() , {'xL38J', 'xL32J', 'xL24J', 'xL2J', 'xL3J'}
| | | | +-- , 12 , {14} , {'xL20J', 'xL11J', 'xL15J', 'xL28J', 'xL4J', 'xL13J', 'xL14J', 'xL30J', 'xL2J', 'xL34J'}
| | | | | +-- , 14 , {16} , {'xL11J', 'xL6J', 'xL4J', 'xL13J', 'xL14J', 'xL30J', 'xL2J', 'xL34J'}
| | | | | | +-- , 16 , set() , {'xL11J', 'xL6J', 'xL10J', 'xL2J', 'xL13J'}
| +-- , 38 , set() , {'xL38J', 'xL8J', 'xL16J', 'xL21J', 'xL9J', 'xL12J'}
| +-- , 40 , set() , {'xL11J', 'xL29J'}
| +-- , 22 , {24} , {'xL32J', 'xL15J', 'xL11J', 'xL26J', 'xL4J', 'xL33J', 'xL25J', 'xL12J', 'xL38J', 'xL8J', 'xL39J', 'xL30J', 'xL9J', 'xL18J', 'xL13J'}
| | +-- , 24 , {32, 26} , {'xL32J', 'xL15J', 'xL11J', 'xL8J', 'xL26J', 'xL35J', 'xL4J', 'xL39J', 'xL33J', 'xL30J', 'xL9J', 'xL25J', 'xL18J', 'xL13J'}
| | | +-- , 32 , set() , {'xL35J', 'xL30J', 'xL36J'}
| | | +-- , 26 , {28} , {'xL11J', 'xL15J', 'xL35J', 'xL4J', 'xL19J', 'xL39J', 'xL33J', 'xL30J', 'xL9J', 'xL25J', 'xL31J', 'xL13J'}
| | | | +-- , 28 , {30} , {'xL15J', 'xL7J', 'xL35J', 'xL19J', 'xL33J', 'xL31J', 'xL13J'}
| | | | | +-- , 30 , set() , {'xL15J', 'xL7J', 'xL35J', 'xL37J', 'xL19J', 'xL31J', 'xL23J'}


Max number of edges with non zero Y: 47
Max number of iterations of outer rounding loop: 4
Max number of candidate sets: 2
Time spent rounding: 8.272
Time spent solving Separator LP: 0.617

LP Solver: GaifmanBoosted