15, 3.9999995689367, 5.5, 6
+-- , 0 , {33, 6, 25} , {'xL19J', 'xL2J', 'xL22J', 'xL23J', 'xL17J', 'xL13J', 'xL20J', 'xL24J', 'xL1J', 'xL5J'}
| +-- , 33 , set() , {'xL19J', 'xL10J'}
| +-- , 6 , {9} , {'xL19J', 'xL2J', 'xL22J', 'xL23J', 'xL24J', 'xL18J', 'xL13J', 'xL20J', 'xL7J', 'xL1J', 'xL5J'}
| | +-- , 9 , {11} , {'xL19J', 'xL22J', 'xL23J', 'xL24J', 'xL18J', 'xL13J', 'xL20J', 'xL7J', 'xL1J', 'xL21J', 'xL5J'}
| | | +-- , 11 , {13} , {'xL22J', 'xL23J', 'xL12J', 'xL24J', 'xL18J', 'xL13J', 'xL20J', 'xL7J', 'xL1J', 'xL21J', 'xL5J'}
| | | | +-- , 13 , {15} , {'xL22J', 'xL23J', 'xL12J', 'xL24J', 'xL18J', 'xL13J', 'xL15J', 'xL20J', 'xL7J', 'xL1J', 'xL5J'}
| | | | | +-- , 15 , {17, 23} , {'xL7J', 'xL22J', 'xL13J', 'xL15J', 'xL23J', 'xL12J', 'xL20J', 'xL18J', 'xL24J', 'xL1J', 'xL9J'}
| | | | | | +-- , 17 , {19, 21} , {'xL7J', 'xL13J', 'xL11J', 'xL22J', 'xL15J', 'xL23J', 'xL12J', 'xL20J', 'xL24J', 'xL18J', 'xL9J'}
| | | | | | | +-- , 19 , set() , {'xL16J', 'xL11J', 'xL15J', 'xL23J', 'xL12J', 'xL24J', 'xL18J'}
| | | | | | | +-- , 21 , set() , {'xL9J', 'xL4J', 'xL11J', 'xL7J'}
| | | | | | +-- , 23 , set() , {'xL0J', 'xL22J', 'xL23J', 'xL18J', 'xL1J', 'xL9J'}
| +-- , 25 , {27, 29, 31} , {'xL2J', 'xL13J', 'xL20J', 'xL24J', 'xL17J', 'xL1J', 'xL6J', 'xL5J'}
| | +-- , 27 , set() , {'xL8J', 'xL2J', 'xL24J', 'xL1J', 'xL6J'}
| | +-- , 29 , set() , {'xL14J', 'xL6J', 'xL13J', 'xL17J'}
| | +-- , 31 , set() , {'xL3J', 'xL6J', 'xL20J', 'xL5J'}


Max number of edges with non zero Y: 5
Max number of iterations of outer rounding loop: 0
Max number of candidate sets: 0
Time spent rounding: 0.000
Time spent solving Separator LP: 4.098
Total time spent solving: 5.117

LP Solver: GaifmanNormalILP
Lower Bound Witness = ({'xL19J', 'xL16J', 'xL22J', 'xL3J', 'xL13J', 'xL20J', 'xL24J', 'xL18J', 'xL1J', 'xL6J', 'xL10J', 'xL2J', 'xL11J', 'xL23J', 'xL12J', 'xL17J', 'xL9J', 'xL14J', 'xL0J', 'xL8J', 'xL15J', 'xL7J', 'xL4J', 'xL21J', 'xL5J'}, {'xL16J', 'xL22J', 'xL3J', 'xL13J', 'xL20J', 'xL18J', 'xL1J', 'xL6J', 'xL10J', 'xL2J', 'xL23J', 'xL12J', 'xL17J', 'xL9J', 'xL14J', 'xL0J', 'xL8J', 'xL7J', 'xL4J', 'xL21J', 'xL5J'})