11, 2.075990299110752, 7.0, 8
+-- , 0 , {5} , {'xL16J', 'xL2J', 'xL23J', 'xL17J', 'xL7J', 'xL13J', 'xL15J', 'xL20J', 'xL24J', 'xL4J', 'xL5J'}
| +-- , 5 , {8} , {'xL16J', 'xL2J', 'xL11J', 'xL22J', 'xL23J', 'xL24J', 'xL17J', 'xL13J', 'xL20J', 'xL7J', 'xL4J', 'xL5J'}
| | +-- , 8 , {23, 25, 11} , {'xL16J', 'xL2J', 'xL22J', 'xL23J', 'xL18J', 'xL24J', 'xL17J', 'xL6J', 'xL13J', 'xL20J', 'xL7J', 'xL4J', 'xL5J'}
| | | +-- , 23 , set() , {'xL14J', 'xL6J', 'xL13J', 'xL17J'}
| | | +-- , 25 , set() , {'xL3J', 'xL6J', 'xL20J', 'xL5J'}
| | | +-- , 11 , {13} , {'xL16J', 'xL2J', 'xL22J', 'xL23J', 'xL24J', 'xL18J', 'xL6J', 'xL8J', 'xL13J', 'xL20J', 'xL7J', 'xL4J', 'xL5J'}
| | | | +-- , 13 , {17, 15} , {'xL16J', 'xL22J', 'xL23J', 'xL12J', 'xL18J', 'xL24J', 'xL6J', 'xL8J', 'xL13J', 'xL20J', 'xL7J', 'xL1J', 'xL4J', 'xL5J'}
| | | | | +-- , 17 , {19} , {'xL12J', 'xL20J', 'xL18J', 'xL1J', 'xL21J', 'xL5J'}
| | | | | | +-- , 19 , {21} , {'xL19J', 'xL18J', 'xL1J', 'xL21J'}
| | | | | | | +-- , 21 , set() , {'xL19J', 'xL10J'}
| | | | | +-- , 15 , set() , {'xL0J', 'xL22J', 'xL23J', 'xL12J', 'xL24J', 'xL18J', 'xL1J', 'xL9J', 'xL4J'}


Max number of edges with non zero Y: 21
Max number of iterations of outer rounding loop: 4
Max number of candidate sets: 2
Time spent rounding: 26.239
Time spent solving Separator LP: 0.488
Total time spent solving: 30.844

LP Solver: GaifmanBoosted
Lower Bound Witness = ({'xL19J', 'xL16J', 'xL22J', 'xL3J', 'xL13J', 'xL20J', 'xL24J', 'xL18J', 'xL1J', 'xL6J', 'xL10J', 'xL2J', 'xL11J', 'xL23J', 'xL12J', 'xL17J', 'xL9J', 'xL14J', 'xL0J', 'xL8J', 'xL15J', 'xL7J', 'xL4J', 'xL21J', 'xL5J'}, {'xL7J', 'xL19J', 'xL16J', 'xL0J', 'xL8J', 'xL15J', 'xL12J', 'xL20J', 'xL24J', 'xL17J', 'xL4J', 'xL10J'})