36, 2.475431736376143, 5.0, 5
+-- , 0 , {3, 57, 25} , {'xL7JL7J', 'xL3JL7J', 'xL4JL7J', 'xL10JL5J', 'xL5JL2J', 'xL7JL6J', 'xL5JL5J', 'xL8JL5J', 'xL7JL10J', 'xL9JL5J', 'xL5JL6J'}
| +-- , 3 , {5} , {'xL2JL7J', 'xL5JL2J', 'xL3JL7J', 'xL5JL4J', 'xL5JL5J', 'xL4JL7J', 'xL5JL3J', 'xL5JL6J'}
| | +-- , 5 , {7} , {'xL2JL6J', 'xL2JL7J', 'xL5JL4J', 'xL2JL5J', 'xL5JL3J'}
| | | +-- , 7 , {9, 17} , {'xL2JL6J', 'xL5JL4J', 'xL3JL4J', 'xL2JL5J', 'xL3JL3J', 'xL5JL3J', 'xL3JL2J'}
| | | | +-- , 9 , {13, 15} , {'xL2JL1J', 'xL1JL1J', 'xL4JL3J', 'xL5JL4J', 'xL3JL4J', 'xL3JL3J', 'xL5JL3J', 'xL3JL2J'}
| | | | | +-- , 13 , set() , {'xL2JL2J', 'xL2JL1J', 'xL1JL1J', 'xL4JL3J', 'xL2JL3J', 'xL1JL2J', 'xL3JL3J', 'xL5JL3J', 'xL3JL2J'}
| | | | | +-- , 15 , set() , {'xL4JL3J', 'xL4JL4J', 'xL5JL4J', 'xL3JL4J'}
| | | | +-- , 17 , {19} , {'xL2JL6J', 'xL3JL5J', 'xL3JL4J', 'xL2JL5J', 'xL3JL3J', 'xL3JL2J'}
| | | | | +-- , 19 , {21} , {'xL2JL6J', 'xL1JL5J', 'xL2JL5J', 'xL3JL5J'}
| | | | | | +-- , 21 , set() , {'xL1JL5J', 'xL1JL6J', 'xL2JL6J'}
| +-- , 57 , {59} , {'xL10JL5J', 'xL7JL7J', 'xL7JL6J', 'xL7JL8J', 'xL7JL10J', 'xL7JL9J'}
| | +-- , 59 , {61} , {'xL10JL5J', 'xL10JL7J', 'xL10JL6J', 'xL7JL8J', 'xL7JL9J'}
| | | +-- , 61 , {73, 63} , {'xL7JL9J', 'xL7JL8J', 'xL10JL7J', 'xL9JL7J', 'xL10JL6J'}
| | | | +-- , 73 , {75} , {'xL11JL7J', 'xL9JL7J', 'xL10JL7J', 'xL10JL6J'}
| | | | | +-- , 75 , set() , {'xL11JL7J', 'xL11JL6J', 'xL10JL6J'}
| | | | +-- , 63 , {65} , {'xL9JL8J', 'xL9JL7J', 'xL9JL10J', 'xL9JL9J', 'xL7JL8J', 'xL7JL9J'}
| | | | | +-- , 65 , {67, 71} , {'xL9JL8J', 'xL9JL10J', 'xL9JL9J', 'xL7JL8J', 'xL10JL9J', 'xL7JL9J'}
| | | | | | +-- , 67 , {69} , {'xL10JL11J', 'xL10JL10J', 'xL10JL9J', 'xL9JL10J'}
| | | | | | | +-- , 69 , set() , {'xL11JL11J', 'xL11JL10J', 'xL10JL11J', 'xL10JL10J', 'xL9JL10J'}
| | | | | | +-- , 71 , set() , {'xL9JL8J', 'xL8JL9J', 'xL9JL9J', 'xL8JL8J', 'xL7JL8J', 'xL10JL9J', 'xL7JL9J'}
| +-- , 25 , {27, 39} , {'xL7JL7J', 'xL3JL7J', 'xL4JL7J', 'xL5JL2J', 'xL7JL6J', 'xL8JL6J', 'xL5JL5J', 'xL8JL5J', 'xL7JL10J', 'xL9JL5J', 'xL5JL6J'}
| | +-- , 27 , {29} , {'xL8JL4J', 'xL9JL2J', 'xL5JL2J', 'xL9JL3J', 'xL9JL4J', 'xL8JL3J', 'xL8JL5J', 'xL8JL6J', 'xL9JL5J'}
| | | +-- , 29 , {31} , {'xL8JL4J', 'xL9JL2J', 'xL5JL2J', 'xL9JL3J', 'xL6JL2J', 'xL9JL4J', 'xL8JL3J', 'xL7JL2J'}
| | | | +-- , 31 , {33, 35} , {'xL8JL4J', 'xL9JL2J', 'xL9JL3J', 'xL6JL2J', 'xL7JL4J', 'xL9JL4J', 'xL7JL3J', 'xL8JL3J', 'xL7JL2J'}
| | | | | +-- , 33 , set() , {'xL7JL1J', 'xL6JL1J', 'xL6JL2J', 'xL7JL4J', 'xL7JL3J', 'xL7JL2J'}
| | | | | +-- , 35 , {37} , {'xL10JL2J', 'xL9JL2J', 'xL9JL3J', 'xL10JL3J', 'xL7JL3J', 'xL8JL3J', 'xL11JL2J'}
| | | | | | +-- , 37 , set() , {'xL10JL2J', 'xL11JL1J', 'xL10JL1J', 'xL10JL3J', 'xL11JL2J'}
| | +-- , 39 , {41, 55} , {'xL6JL5J', 'xL7JL7J', 'xL6JL6J', 'xL4JL6J', 'xL3JL7J', 'xL7JL6J', 'xL8JL6J', 'xL5JL5J', 'xL4JL7J', 'xL7JL10J', 'xL5JL6J'}
| | | +-- , 41 , {43} , {'xL4JL6J', 'xL3JL7J', 'xL4JL7J', 'xL7JL10J', 'xL4JL9J', 'xL4JL8J'}
| | | | +-- , 43 , {45} , {'xL4JL8J', 'xL3JL10J', 'xL3JL9J', 'xL6JL10J', 'xL5JL10J', 'xL3JL7J', 'xL7JL10J', 'xL4JL9J', 'xL3JL8J'}
| | | | | +-- , 45 , {51, 47} , {'xL4JL8J', 'xL3JL10J', 'xL5JL9J', 'xL3JL9J', 'xL6JL10J', 'xL5JL10J', 'xL4JL9J', 'xL3JL8J'}
| | | | | | +-- , 51 , {53} , {'xL4JL8J', 'xL5JL9J', 'xL6JL10J', 'xL5JL10J', 'xL5JL8J', 'xL3JL8J', 'xL5JL11J'}
| | | | | | | +-- , 53 , set() , {'xL6JL11J', 'xL6JL10J', 'xL5JL11J'}
| | | | | | +-- , 47 , {49} , {'xL2JL10J', 'xL3JL10J', 'xL5JL9J', 'xL3JL9J', 'xL1JL10J', 'xL4JL9J', 'xL2JL9J'}
| | | | | | | +-- , 49 , set() , {'xL2JL10J', 'xL2JL11J', 'xL1JL10J', 'xL1JL11J', 'xL2JL9J'}
| | | +-- , 55 , set() , {'xL6JL5J', 'xL7JL7J', 'xL6JL6J', 'xL6JL7J'}


Max number of edges with non zero Y: 14
Max number of iterations of outer rounding loop: 3
Max number of candidate sets: 2
Time spent rounding: 22.494
Time spent solving Separator LP: 2.172
Total time spent solving: 31.685

LP Solver: GaifmanBoosted
Lower Bound Witness = ({'xL10JL2J', 'xL3JL10J', 'xL3JL7J', 'xL3JL4J', 'xL1JL11J', 'xL4JL7J', 'xL6JL11J', 'xL10JL11J', 'xL8JL4J', 'xL9JL8J', 'xL11JL10J', 'xL5JL4J', 'xL3JL8J', 'xL5JL3J', 'xL10JL5J', 'xL2JL10J', 'xL9JL2J', 'xL1JL5J', 'xL4JL3J', 'xL1JL10J', 'xL10JL3J', 'xL10JL10J', 'xL9JL10J', 'xL2JL2J', 'xL1JL6J', 'xL4JL4J', 'xL2JL1J', 'xL3JL3J', 'xL7JL10J', 'xL6JL2J', 'xL11JL11J', 'xL2JL5J', 'xL1JL1J', 'xL6JL10J', 'xL10JL6J', 'xL10JL1J', 'xL5JL10J', 'xL6JL1J', 'xL7JL3J', 'xL7JL2J', 'xL11JL2J', 'xL9JL5J', 'xL4JL8J', 'xL9JL7J', 'xL2JL3J', 'xL5JL11J', 'xL6JL7J', 'xL5JL2J', 'xL8JL3J', 'xL2JL7J', 'xL2JL11J', 'xL3JL9J', 'xL7JL1J', 'xL4JL6J', 'xL9JL9J', 'xL2JL9J', 'xL11JL1J', 'xL2JL6J', 'xL9JL3J', 'xL9JL4J', 'xL5JL5J', 'xL10JL9J', 'xL6JL6J', 'xL8JL9J', 'xL1JL2J', 'xL8JL6J', 'xL7JL8J', 'xL8JL5J', 'xL7JL9J', 'xL7JL7J', 'xL11JL7J', 'xL7JL4J', 'xL8JL8J', 'xL3JL2J', 'xL6JL5J', 'xL10JL7J', 'xL5JL9J', 'xL3JL5J', 'xL7JL6J', 'xL5JL8J', 'xL11JL6J', 'xL4JL9J', 'xL5JL6J'}, {'xL6JL6J', 'xL2JL1J', 'xL10JL11J', 'xL7JL8J', 'xL8JL6J', 'xL7JL9J', 'xL8JL4J', 'xL2JL7J', 'xL9JL8J', 'xL11JL7J', 'xL7JL1J', 'xL5JL4J', 'xL2JL9J', 'xL10JL5J', 'xL11JL1J', 'xL1JL5J', 'xL10JL7J', 'xL5JL9J', 'xL3JL5J', 'xL6JL1J', 'xL5JL10J', 'xL7JL6J', 'xL10JL3J', 'xL9JL4J', 'xL7JL3J', 'xL4JL8J'})