57, 3.719661579895691, 9.0, 9
+-- , 0 , {89, 3, 99, 101, 77, 79, 111, 81, 113, 83, 87} , {'zL40J', 'zL13J', 'xL4J', 'xL1J', 'yL5J', 'xL8J', 'zL20J', 'xL0J', 'xL3J', 'zL34J', 'xL2J', 'zL68J', 'xL9J', 'xL6J'}
| +-- , 89 , {97, 91} , {'xL3J', 'xL2J', 'zL66J', 'xL9J', 'xL8J', 'xL6J', 'zL67J'}
| | +-- , 97 , set() , {'zL67J', 'w19', 'xL2J'}
| | +-- , 91 , {93} , {'xL6J', 'zL65J', 'xL3J', 'zL66J', 'xL8J'}
| | | +-- , 93 , {95} , {'xL6J', 'zL65J', 'zL64J', 'xL8J'}
| | | | +-- , 95 , set() , {'xL6J', 'zL64J', 'yL16J'}
| +-- , 3 , {5} , {'zL40J', 'zL21J', 'zL13J', 'xL4J', 'xL1J', 'xL8J', 'zL20J', 'xL0J', 'xL3J', 'zL34J', 'xL2J', 'zL68J', 'xL9J', 'xL6J'}
| | +-- , 5 , {7} , {'zL40J', 'zL21J', 'zL19J', 'zL13J', 'xL4J', 'xL1J', 'zL63J', 'w18', 'xL8J', 'zL22J', 'xL0J', 'w7', 'xL3J', 'zL34J', 'xL2J', 'zL68J', 'xL9J', 'xL6J'}
| | | +-- , 7 , {9} , {'zL40J', 'zL19J', 'zL41J', 'zL13J', 'xL4J', 'xL1J', 'zL63J', 'xL8J', 'zL22J', 'xL0J', 'xL3J', 'zL34J', 'xL2J', 'zL18J', 'zL68J', 'xL9J', 'xL6J'}
| | | | +-- , 9 , {17, 11} , {'zL41J', 'zL13J', 'xL4J', 'xL1J', 'zL63J', 'xL8J', 'zL22J', 'zL53J', 'xL0J', 'zL52J', 'xL3J', 'zL34J', 'xL2J', 'zL18J', 'zL68J', 'xL9J', 'xL6J'}
| | | | | +-- , 17 , {65, 67, 47, 49, 51, 21, 53, 59, 61} , {'zL41J', 'zL13J', 'xL4J', 'xL1J', 'zL63J', 'xL8J', 'zL22J', 'zL33J', 'xL0J', 'zL52J', 'xL3J', 'zL34J', 'zL16J', 'xL2J', 'zL18J', 'xL9J', 'zL68J', 'zL17J', 'xL6J', 'xL7J'}
| | | | | | +-- , 65 , set() , {'yL15J', 'xL3J', 'zL61J', 'zL62J', 'zL63J', 'xL8J', 'xL7J', 'xL0J', 'zL60J'}
| | | | | | +-- , 67 , {69} , {'xL3J', 'xL4J', 'xL2J', 'zL44J', 'xL6J', 'xL7J', 'yL11J'}
| | | | | | | +-- , 69 , {71} , {'zL45J', 'xL3J', 'xL4J', 'zL44J', 'xL6J', 'xL7J'}
| | | | | | | | +-- , 71 , {73} , {'xL6J', 'zL45J', 'xL3J', 'xL4J', 'zL46J'}
| | | | | | | | | +-- , 73 , {75} , {'xL6J', 'xL3J', 'zL46J', 'zL47J'}
| | | | | | | | | | +-- , 75 , set() , {'w14', 'xL3J', 'zL47J'}
| | | | | | +-- , 47 , set() , {'zL24J', 'xL3J', 'xL1J', 'zL27J', 'zL25J', 'xL8J', 'xL6J', 'xL7J', 'zL26J', 'yL6J', 'w9'}
| | | | | | +-- , 49 , set() , {'xL4J', 'xL1J', 'w10', 'xL9J', 'zL31J', 'xL7J', 'yL7J', 'xL0J', 'zL28J', 'zL30J', 'zL29J'}
| | | | | | +-- , 51 , set() , {'zL59J', 'xL2J', 'zL56J', 'xL9J', 'w17', 'zL58J', 'xL6J', 'xL7J', 'xL0J', 'zL57J', 'yL14J'}
| | | | | | +-- , 21 , {23} , {'zL13J', 'xL4J', 'xL1J', 'zL33J', 'xL0J', 'zL70J', 'xL3J', 'zL16J', 'xL2J', 'zL32J', 'zL68J', 'xL9J', 'xL6J', 'xL7J', 'zL69J'}
| | | | | | | +-- , 23 , {25} , {'zL13J', 'xL4J', 'xL1J', 'zL76J', 'xL0J', 'zL70J', 'zL71J', 'yL19J', 'xL3J', 'zL16J', 'xL2J', 'zL32J', 'xL9J', 'xL6J', 'xL7J'}
| | | | | | | | +-- , 25 , {39, 41, 27, 29, 31} , {'zL13J', 'xL4J', 'xL5J', 'zL76J', 'xL0J', 'zL71J', 'w20', 'zL77J', 'xL3J', 'zL16J', 'xL2J', 'zL32J', 'xL9J', 'xL7J'}
| | | | | | | | | +-- , 39 , set() , {'yL8J', 'zL32J', 'xL5J'}
| | | | | | | | | +-- , 41 , {43} , {'zL77J', 'xL7J', 'xL3J', 'zL78J', 'xL5J'}
| | | | | | | | | | +-- , 43 , {45} , {'xL7J', 'zL78J', 'xL5J', 'zL79J'}
| | | | | | | | | | | +-- , 45 , set() , {'w22', 'xL7J', 'zL79J'}
| | | | | | | | | +-- , 27 , set() , {'zL16J', 'yL4J', 'xL5J'}
| | | | | | | | | +-- , 29 , set() , {'zL14J', 'w6', 'xL3J', 'xL4J', 'zL13J', 'zL15J', 'xL5J'}
| | | | | | | | | +-- , 31 , {33, 37} , {'xL3J', 'xL2J', 'xL9J', 'zL73J', 'xL5J', 'zL72J', 'xL0J'}
| | | | | | | | | | +-- , 33 , {35} , {'zL74J', 'xL0J', 'xL2J', 'xL9J', 'zL73J'}
| | | | | | | | | | | +-- , 35 , set() , {'xL2J', 'w21', 'zL75J', 'zL74J', 'xL0J'}
| | | | | | | | | | +-- , 37 , set() , {'zL72J', 'xL3J', 'yL18J'}
| | | | | | +-- , 53 , {55} , {'zL42J', 'zL41J', 'xL7J', 'xL4J', 'xL0J'}
| | | | | | | +-- , 55 , {57} , {'zL42J', 'xL4J', 'xL0J', 'zL43J'}
| | | | | | | | +-- , 57 , set() , {'w13', 'xL4J', 'zL43J'}
| | | | | | +-- , 59 , set() , {'zL52J', 'xL7J', 'yL13J'}
| | | | | | +-- , 61 , {63} , {'zL22J', 'xL7J', 'zL23J', 'xL8J'}
| | | | | | | +-- , 63 , set() , {'w8', 'zL23J', 'xL8J'}
| | | | | +-- , 11 , {13} , {'xL6J', 'zL54J', 'xL3J', 'xL1J', 'zL53J'}
| | | | | | +-- , 13 , {15} , {'xL6J', 'xL3J', 'zL54J', 'zL55J'}
| | | | | | | +-- , 15 , set() , {'xL6J', 'zL55J', 'w16'}
| +-- , 99 , set() , {'zL40J', 'yL10J', 'xL8J'}
| +-- , 101 , {107, 103} , {'xL1J', 'xL2J', 'xL9J', 'xL8J', 'xL0J', 'zL50J', 'zL49J'}
| | +-- , 107 , {109} , {'zL48J', 'xL2J', 'xL9J', 'zL49J'}
| | | +-- , 109 , set() , {'yL12J', 'zL48J', 'xL9J'}
| | +-- , 103 , {105} , {'xL0J', 'xL1J', 'zL50J', 'zL51J'}
| | | +-- , 105 , set() , {'w15', 'zL51J', 'xL1J'}
| +-- , 77 , set() , {'zL7J', 'xL3J', 'xL4J', 'zL4J', 'w4', 'xL2J', 'yL1J', 'xL9J', 'xL0J', 'zL6J', 'zL5J'}
| +-- , 79 , set() , {'w12', 'xL3J', 'xL4J', 'zL39J', 'xL8J', 'zL37J', 'xL6J', 'zL38J', 'yL9J', 'xL0J', 'zL36J'}
| +-- , 111 , set() , {'yL17J', 'zL68J', 'xL9J'}
| +-- , 81 , set() , {'zL2J', 'zL0J', 'xL1J', 'xL2J', 'xL9J', 'xL6J', 'yL0J', 'zL1J', 'xL0J', 'w3', 'zL3J'}
| +-- , 113 , {115} , {'xL3J', 'xL4J', 'zL34J', 'zL35J'}
| | +-- , 115 , set() , {'w11', 'zL35J', 'xL4J'}
| +-- , 83 , {85} , {'xL6J', 'zL13J', 'xL0J', 'zL12J'}
| | +-- , 85 , set() , {'xL6J', 'yL3J', 'zL12J'}
| +-- , 87 , set() , {'w5', 'yL2J', 'xL3J', 'xL4J', 'zL9J', 'xL2J', 'xL8J', 'zL8J', 'xL6J', 'zL10J', 'zL11J'}


Max number of edges with non zero Y: 46
Max number of iterations of outer rounding loop: 5
Max number of candidate sets: 2
Time spent rounding: 44.274
Time spent solving Separator LP: 22.594
Total time spent solving: 80.671

LP Solver: GaifmanBoosted
Lower Bound Witness = ({'zL41J', 'zL21J', 'w6', 'zL39J', 'zL63J', 'zL73J', 'w18', 'xL8J', 'yL4J', 'yL16J', 'yL19J', 'zL47J', 'zL49J', 'zL2J', 'zL65J', 'yL15J', 'w12', 'zL18J', 'zL36J', 'zL59J', 'w15', 'zL27J', 'zL66J', 'w17', 'zL56J', 'w22', 'zL10J', 'zL11J', 'w20', 'yL13J', 'zL77J', 'zL32J', 'xL9J', 'zL15J', 'zL31J', 'xL7J', 'zL38J', 'w13', 'yL3J', 'w3', 'zL6J', 'zL5J', 'zL19J', 'w19', 'zL78J', 'zL51J', 'zL37J', 'zL20J', 'w7', 'zL26J', 'zL44J', 'yL1J', 'zL58J', 'xL6J', 'yL0J', 'zL35J', 'xL4J', 'xL1J', 'zL25J', 'zL55J', 'yL9J', 'w8', 'zL50J', 'zL0J', 'zL61J', 'zL9J', 'xL2J', 'zL62J', 'zL8J', 'yL7J', 'zL64J', 'yL11J', 'zL69J', 'zL24J', 'w10', 'zL75J', 'zL76J', 'zL67J', 'zL45J', 'zL16J', 'zL34J', 'w4', 'zL23J', 'zL17J', 'zL1J', 'zL43J', 'yL8J', 'zL42J', 'yL10J', 'zL48J', 'zL13J', 'yL5J', 'zL22J', 'zL53J', 'zL33J', 'zL60J', 'zL70J', 'zL29J', 'zL7J', 'w5', 'zL30J', 'w9', 'zL40J', 'zL12J', 'w11', 'w16', 'zL72J', 'zL74J', 'xL0J', 'yL18J', 'zL71J', 'zL3J', 'yL14J', 'zL14J', 'xL3J', 'zL4J', 'w21', 'yL12J', 'zL46J', 'xL5J', 'zL28J', 'zL52J', 'yL6J', 'zL79J', 'w14', 'zL54J', 'yL2J', 'zL68J', 'yL17J', 'zL57J'}, {'zL19J', 'zL21J', 'zL24J', 'zL12J', 'w11', 'xL8J', 'zL76J', 'zL67J', 'zL72J', 'yL4J', 'yL15J', 'zL14J', 'zL45J', 'xL3J', 'zL16J', 'zL4J', 'w4', 'zL34J', 'zL58J', 'xL6J', 'yL12J', 'zL36J', 'zL43J', 'yL10J', 'zL48J', 'zL13J', 'xL1J', 'zL46J', 'zL66J', 'zL56J', 'w17', 'yL5J', 'w22', 'zL33J', 'yL9J', 'zL28J', 'zL10J', 'zL60J', 'zL50J', 'yL6J', 'zL79J', 'zL0J', 'w5', 'zL54J', 'xL2J', 'xL9J', 'zL68J', 'yL17J', 'yL7J', 'zL38J', 'w13', 'zL64J', 'w3', 'zL6J', 'zL57J'})