53, 1, 5.0, 5
+-- , 9 , {7, 56, 58, 60, 62} , {'1', '17', '70', '69', '56'}
| +-- , 7 , {5} , {'32', '1', '82', '86', '70', '56', '24', '42', '3'}
| | +-- , 5 , {3} , {'32', '93', '86', '24', '42', '91', '3'}
| | | +-- , 3 , {0, 50} , {'32', '0', '93', '96', '76', '86', '24', '42', '91'}
| | | | +-- , 0 , {11} , {'32', '0', '76', '74', '26', '96', '91'}
| | | | | +-- , 11 , {13} , {'0', '35', '96', '76', '59', '6', '26', '91', '36'}
| | | | | | +-- , 13 , {34, 36, 38, 41, 44, 15, 19, 21} , {'64', '75', '43', '27', '76', '73', '59', '88', '6', '20', '91', '36'}
| | | | | | | +-- , 34 , {35} , {'6', '75', '20'}
| | | | | | | | +-- , 35 , {48, 46} , {'34', '13', '20'}
| | | | | | | | | +-- , 48 , {49} , {'34', '13', '20'}
| | | | | | | | | | +-- , 49 , set() , {'34', '48', '20'}
| | | | | | | | | +-- , 46 , {47} , {'34', '13', '20'}
| | | | | | | | | | +-- , 47 , set() , {'13', '63', '97'}
| | | | | | | +-- , 36 , {37} , {'6', '75', '20'}
| | | | | | | | +-- , 37 , set() , {'90', '75', '61'}
| | | | | | | +-- , 38 , {39} , {'73', '43', '91'}
| | | | | | | | +-- , 39 , set() , {'73', '37'}
| | | | | | | +-- , 41 , {40} , {'73', '43', '91'}
| | | | | | | | +-- , 40 , {42} , {'91', '21'}
| | | | | | | | | +-- , 42 , {43} , {'91', '21'}
| | | | | | | | | | +-- , 43 , set() , {'51', '84', '21'}
| | | | | | | +-- , 44 , {45} , {'73', '43', '91'}
| | | | | | | | +-- , 45 , set() , {'43', '22'}
| | | | | | | +-- , 15 , {17} , {'73', '75', '27', '68', '41'}
| | | | | | | | +-- , 17 , {32, 30, 22} , {'75', '27', '40', '41', '18'}
| | | | | | | | | +-- , 32 , {33} , {'40', '75', '18'}
| | | | | | | | | | +-- , 33 , set() , {'77', '89', '18'}
| | | | | | | | | +-- , 30 , {31} , {'40', '75', '18'}
| | | | | | | | | | +-- , 31 , set() , {'40', '30', '33'}
| | | | | | | | | +-- , 22 , {23} , {'40', '41', '27'}
| | | | | | | | | | +-- , 23 , set() , {'57', '41', '2'}
| | | | | | | +-- , 19 , {24} , {'38', '91', '88'}
| | | | | | | | +-- , 24 , {25} , {'38', '91', '88'}
| | | | | | | | | +-- , 25 , {27} , {'95', '65', '88'}
| | | | | | | | | | +-- , 27 , {26} , {'95', '65', '88'}
| | | | | | | | | | | +-- , 26 , {28} , {'94', '46', '88'}
| | | | | | | | | | | | +-- , 28 , {29} , {'94', '46', '88'}
| | | | | | | | | | | | | +-- , 29 , set() , {'94', '45', '79'}
| | | | | | | +-- , 21 , set() , {'43', '80', '88'}
| | | | +-- , 50 , {51} , {'24', '32', '96'}
| | | | | +-- , 51 , {52, 54} , {'44', '32'}
| | | | | | +-- , 52 , {53} , {'44', '32'}
| | | | | | | +-- , 53 , set() , {'44', '28'}
| | | | | | +-- , 54 , {55} , {'44', '32'}
| | | | | | | +-- , 55 , set() , {'32', '15', '12'}
| +-- , 56 , {57} , {'17', '1', '69'}
| | +-- , 57 , set() , {'4', '1', '23'}
| +-- , 58 , {59} , {'17', '1', '69'}
| | +-- , 59 , set() , {'49', '69', '19'}
| +-- , 60 , {61} , {'17', '1', '69'}
| | +-- , 61 , set() , {'53', '55', '85'}
| +-- , 62 , {63} , {'17', '1', '69'}
| | +-- , 63 , set() , {'9', '69'}


Max number of edges with non zero Y: 16
Max number of iterations of outer rounding loop: 2
Max number of candidate sets: 2
Time spent rounding: 0.075
Time spent solving Separator LP: 0.005
Total time spent solving: 0.247

LP Solver: gammaPlusFractionalCoverHeuristic
Number of Rounding Attemps: 4
Lower Bound Witness = ({'75', '35', '18', '56', '20', '91', '64', '43', '82', '40', '41', '69', '70', '73', '26', '96', '42', '32', '1', '0', '27', '17', '6', '68', '36', '3', '80', '38', '93', '76', '86', '74', '59', '88', '24'}, {'93', '74', '27', '69'})