18, 2.757299355873752, 8.5, 9
+-- , 0 , {7, 40, 42} , {'xL31J', 'xL3J', 'xL8J', 'xL39J', 'xL17J', 'xL14J', 'xL19J', 'xL11J', 'xL12J', 'xL33J', 'xL4J', 'xL9J', 'xL21J', 'xL26J', 'xL38J', 'xL35J', 'xL0J'}
| +-- , 7 , {9} , {'xL18J', 'xL8J', 'xL3J', 'xL31J', 'xL39J', 'xL17J', 'xL14J', 'xL19J', 'xL12J', 'xL11J', 'xL33J', 'xL4J', 'xL9J', 'xL21J', 'xL38J', 'xL35J', 'xL0J'}
| | +-- , 9 , {11} , {'xL18J', 'xL31J', 'xL39J', 'xL17J', 'xL14J', 'xL19J', 'xL12J', 'xL11J', 'xL33J', 'xL4J', 'xL9J', 'xL21J', 'xL24J', 'xL38J', 'xL35J', 'xL0J'}
| | | +-- , 11 , {13} , {'xL31J', 'xL39J', 'xL17J', 'xL14J', 'xL19J', 'xL12J', 'xL11J', 'xL33J', 'xL4J', 'xL34J', 'xL9J', 'xL21J', 'xL24J', 'xL38J', 'xL35J', 'xL0J'}
| | | | +-- , 13 , {16} , {'xL39J', 'xL17J', 'xL14J', 'xL19J', 'xL11J', 'xL12J', 'xL4J', 'xL34J', 'xL36J', 'xL9J', 'xL21J', 'xL27J', 'xL24J', 'xL38J', 'xL0J'}
| | | | | +-- , 16 , {18} , {'xL39J', 'xL17J', 'xL14J', 'xL19J', 'xL12J', 'xL11J', 'xL4J', 'xL36J', 'xL9J', 'xL21J', 'xL27J', 'xL24J', 'xL38J', 'xL0J', 'xL23J'}
| | | | | | +-- , 18 , {20} , {'xL39J', 'xL17J', 'xL14J', 'xL19J', 'xL11J', 'xL4J', 'xL36J', 'xL9J', 'xL21J', 'xL27J', 'xL24J', 'xL38J', 'xL0J', 'xL23J', 'xL37J'}
| | | | | | | +-- , 20 , {24, 36} , {'xL15J', 'xL39J', 'xL17J', 'xL14J', 'xL19J', 'xL11J', 'xL25J', 'xL4J', 'xL36J', 'xL9J', 'xL21J', 'xL27J', 'xL24J', 'xL6J', 'xL0J', 'xL37J'}
| | | | | | | | +-- , 24 , {32, 26} , {'xL15J', 'xL39J', 'xL17J', 'xL14J', 'xL19J', 'xL11J', 'xL4J', 'xL10J', 'xL36J', 'xL9J', 'xL21J', 'xL27J', 'xL24J', 'xL6J', 'xL0J', 'xL37J'}
| | | | | | | | | +-- , 32 , {34} , {'xL22J', 'xL10J', 'xL36J', 'xL9J', 'xL11J'}
| | | | | | | | | | +-- , 34 , set() , {'xL22J', 'xL1J', 'xL11J'}
| | | | | | | | | +-- , 26 , {28, 30} , {'xL10J', 'xL0J', 'xL13J', 'xL15J', 'xL39J', 'xL17J', 'xL14J', 'xL19J', 'xL27J', 'xL30J', 'xL24J', 'xL2J', 'xL6J', 'xL37J'}
| | | | | | | | | | +-- , 28 , set() , {'xL32J', 'xL13J', 'xL30J'}
| | | | | | | | | | +-- , 30 , set() , {'xL2J', 'xL17J', 'xL7J', 'xL19J'}
| | | | | | | | +-- , 36 , {38} , {'xL29J', 'xL15J', 'xL39J', 'xL25J'}
| | | | | | | | | +-- , 38 , set() , {'xL28J', 'xL29J'}
| +-- , 40 , set() , {'xL39J', 'xL16J', 'xL31J', 'xL19J'}
| +-- , 42 , set() , {'xL20J', 'xL3J', 'xL4J', 'xL8J'}


Max number of edges with non zero Y: 28
Max number of iterations of outer rounding loop: 7
Max number of candidate sets: 2
Time spent rounding: 50.336
Time spent solving Separator LP: 1.894
Total time spent solving: 57.343

LP Solver: GaifmanNormal
Lower Bound Witness = ({'xL18J', 'xL31J', 'xL39J', 'xL17J', 'xL22J', 'xL30J', 'xL32J', 'xL11J', 'xL25J', 'xL34J', 'xL10J', 'xL9J', 'xL21J', 'xL7J', 'xL2J', 'xL38J', 'xL35J', 'xL0J', 'xL23J', 'xL3J', 'xL8J', 'xL15J', 'xL1J', 'xL14J', 'xL19J', 'xL12J', 'xL20J', 'xL33J', 'xL4J', 'xL28J', 'xL36J', 'xL13J', 'xL16J', 'xL26J', 'xL27J', 'xL24J', 'xL29J', 'xL6J', 'xL37J'}, {'xL31J', 'xL39J', 'xL17J', 'xL11J', 'xL25J', 'xL21J', 'xL38J', 'xL35J', 'xL0J', 'xL3J', 'xL8J', 'xL15J', 'xL14J', 'xL19J', 'xL12J', 'xL28J', 'xL20J', 'xL4J', 'xL36J', 'xL13J', 'xL16J', 'xL26J', 'xL29J', 'xL6J'})