56, 3.37486032176078, 8.0, 8
+-- , 0 , {97, 3, 101, 71, 73, 75, 107, 15, 113, 83, 85, 55, 95} , {'zL73J', 'xL3J', 'zL79J', 'xL5J', 'xL0J', 'xL8J', 'zL78J', 'xL7J', 'xL1J', 'xL2J', 'xL4J', 'zL36J', 'zL37J', 'zL54J', 'zL0J', 'zL55J'}
| +-- , 97 , {99} , {'xL0J', 'zL38J', 'zL37J', 'xL3J', 'xL5J'}
| | +-- , 99 , set() , {'w12', 'zL38J', 'xL3J', 'zL39J', 'xL0J'}
| +-- , 3 , {5} , {'xL1J', 'xL2J', 'zL48J', 'xL4J', 'xL8J', 'yL12J', 'xL7J'}
| | +-- , 5 , {7} , {'xL1J', 'xL2J', 'zL48J', 'xL4J', 'zL49J', 'xL8J'}
| | | +-- , 7 , {9} , {'xL1J', 'xL8J', 'xL4J', 'zL49J', 'zL50J'}
| | | | +-- , 9 , {11} , {'xL1J', 'zL51J', 'xL4J', 'zL50J'}
| | | | | +-- , 11 , set() , {'xL1J', 'w15', 'zL51J'}
| +-- , 101 , {103} , {'xL0J', 'zL73J', 'zL74J', 'xL8J', 'xL5J'}
| | +-- , 103 , {105} , {'zL75J', 'xL8J', 'zL74J', 'xL5J'}
| | | +-- , 105 , set() , {'zL75J', 'xL8J', 'w21'}
| +-- , 71 , set() , {'zL71J', 'zL70J', 'xL3J', 'zL68J', 'xL4J', 'xL5J', 'zL69J', 'xL0J', 'w20', 'xL7J', 'yL17J'}
| +-- , 73 , set() , {'zL22J', 'xL1J', 'yL5J', 'xL2J', 'xL3J', 'zL23J', 'zL20J', 'xL0J', 'xL8J', 'zL21J', 'w8'}
| +-- , 75 , {81, 77} , {'xL3J', 'zL7J', 'xL5J', 'xL0J', 'xL8J', 'zL6J', 'xL7J'}
| | +-- , 81 , set() , {'zL7J', 'w4', 'xL5J'}
| | +-- , 77 , {79} , {'xL0J', 'xL8J', 'zL6J', 'zL5J', 'zL4J', 'xL7J'}
| | | +-- , 79 , set() , {'yL1J', 'xL7J', 'zL4J'}
| +-- , 107 , {109} , {'zL77J', 'xL2J', 'zL78J', 'xL4J', 'xL7J'}
| | +-- , 109 , {111} , {'zL77J', 'xL2J', 'zL76J', 'xL4J'}
| | | +-- , 111 , set() , {'xL2J', 'zL76J', 'yL19J'}
| +-- , 15 , {17, 49, 51, 47} , {'zL73J', 'zL72J', 'zL3J', 'xL3J', 'zL79J', 'xL5J', 'zL2J', 'xL0J', 'xL8J', 'zL46J', 'zL45J', 'zL9J', 'xL7J', 'xL1J', 'zL8J', 'xL2J', 'xL4J', 'zL36J', 'zL54J', 'zL0J'}
| | +-- , 17 , {19} , {'zL72J', 'zL3J', 'zL79J', 'xL5J', 'xL0J', 'xL8J', 'zL45J', 'zL9J', 'xL7J', 'xL1J', 'zL10J', 'xL2J', 'xL4J', 'zL36J', 'zL54J'}
| | | +-- , 19 , {33, 35, 37, 41, 43, 45, 21, 27} , {'zL11J', 'zL72J', 'zL3J', 'zL79J', 'xL5J', 'xL0J', 'xL8J', 'zL45J', 'xL7J', 'xL6J', 'xL1J', 'zL28J', 'zL10J', 'xL2J', 'xL4J', 'zL36J', 'yL7J', 'zL54J', 'yL18J'}
| | | | +-- , 33 , set() , {'zL67J', 'zL66J', 'xL4J', 'yL16J', 'xL5J', 'xL0J', 'xL8J', 'zL65J', 'w19', 'zL64J', 'xL6J'}
| | | | +-- , 35 , set() , {'yL9J', 'zL36J', 'xL6J'}
| | | | +-- , 37 , {39} , {'zL45J', 'zL44J', 'xL2J', 'xL6J'}
| | | | | +-- , 39 , set() , {'xL2J', 'zL44J', 'yL11J'}
| | | | +-- , 41 , set() , {'xL6J', 'w3', 'zL3J'}
| | | | +-- , 43 , set() , {'w22', 'zL79J', 'xL6J'}
| | | | +-- , 45 , set() , {'zL11J', 'xL6J', 'w5'}
| | | | +-- , 21 , {23} , {'xL1J', 'zL28J', 'xL2J', 'xL8J', 'zL29J', 'xL6J'}
| | | | | +-- , 23 , {25} , {'zL31J', 'xL1J', 'zL30J', 'xL8J', 'zL29J', 'xL6J'}
| | | | | | +-- , 25 , set() , {'w10', 'zL31J', 'xL6J'}
| | | | +-- , 27 , {29} , {'xL1J', 'xL0J', 'zL54J', 'xL6J', 'zL53J'}
| | | | | +-- , 29 , {31} , {'xL1J', 'xL0J', 'zL52J', 'zL53J'}
| | | | | | +-- , 31 , set() , {'xL1J', 'zL52J', 'yL13J'}
| | +-- , 49 , set() , {'zL1J', 'xL3J', 'xL5J', 'zL2J', 'zL0J'}
| | +-- , 51 , {53} , {'zL46J', 'xL3J', 'xL7J', 'zL47J'}
| | | +-- , 53 , set() , {'w14', 'xL7J', 'zL47J'}
| | +-- , 47 , set() , {'zL8J', 'yL2J', 'xL5J'}
| +-- , 113 , set() , {'yL0J', 'xL4J', 'zL0J'}
| +-- , 83 , set() , {'zL13J', 'xL2J', 'xL3J', 'zL14J', 'w6', 'yL3J', 'xL0J', 'xL8J', 'zL12J', 'zL15J', 'xL7J'}
| +-- , 85 , {93, 87} , {'xL1J', 'xL2J', 'xL3J', 'xL4J', 'zL16J', 'zL17J', 'xL7J'}
| | +-- , 93 , set() , {'xL4J', 'yL4J', 'zL16J'}
| | +-- , 87 , {89} , {'xL1J', 'zL17J', 'xL2J', 'xL3J', 'zL18J'}
| | | +-- , 89 , {91} , {'zL19J', 'xL2J', 'xL3J', 'zL18J'}
| | | | +-- , 91 , set() , {'zL19J', 'xL3J', 'w7'}
| +-- , 55 , {65, 67, 69, 57} , {'zL41J', 'zL42J', 'zL32J', 'zL27J', 'xL3J', 'zL25J', 'xL5J', 'zL26J', 'xL0J', 'xL8J', 'yL15J', 'zL24J', 'zL61J', 'zL60J', 'xL7J', 'xL1J', 'zL55J', 'w18', 'xL2J', 'xL4J', 'zL62J', 'zL33J', 'zL63J'}
| | +-- , 65 , set() , {'xL1J', 'yL8J', 'zL32J'}
| | +-- , 67 , set() , {'yL10J', 'zL41J', 'xL2J', 'xL0J', 'zL40J'}
| | +-- , 69 , set() , {'w9', 'xL3J', 'zL27J'}
| | +-- , 57 , {59, 63} , {'zL42J', 'zL63J', 'yL6J', 'w16', 'zL62J', 'zL33J', 'zL43J', 'xL0J', 'xL8J', 'zL24J', 'zL34J', 'xL7J', 'zL55J', 'xL9J'}
| | | +-- , 59 , {61} , {'xL0J', 'zL34J', 'zL35J', 'xL9J'}
| | | | +-- , 61 , set() , {'w11', 'zL35J', 'xL9J'}
| | | +-- , 63 , set() , {'w13', 'zL43J', 'xL9J'}
| +-- , 95 , set() , {'yL14J', 'w17', 'zL58J', 'xL1J', 'zL56J', 'xL3J', 'zL57J', 'xL4J', 'xL0J', 'xL8J', 'zL59J'}


Max number of edges with non zero Y: 32
Max number of iterations of outer rounding loop: 2
Max number of candidate sets: 2
Time spent rounding: 8.786
Time spent solving Separator LP: 10.823
Total time spent solving: 26.827

LP Solver: GaifmanBoosted
Lower Bound Witness = ({'zL73J', 'zL51J', 'zL56J', 'zL77J', 'zL79J', 'w6', 'w15', 'zL43J', 'xL0J', 'zL40J', 'zL59J', 'zL65J', 'yL1J', 'zL76J', 'zL64J', 'w8', 'zL58J', 'zL39J', 'w9', 'zL67J', 'zL63J', 'zL47J', 'w5', 'zL22J', 'zL11J', 'w10', 'zL23J', 'xL5J', 'yL4J', 'zL26J', 'zL60J', 'yL2J', 'zL5J', 'zL52J', 'zL44J', 'w18', 'zL68J', 'zL20J', 'yL9J', 'yL12J', 'zL31J', 'w7', 'zL42J', 'zL57J', 'zL4J', 'zL10J', 'zL13J', 'zL70J', 'zL48J', 'zL62J', 'yL13J', 'yL11J', 'w13', 'yL6J', 'w16', 'zL18J', 'w14', 'w20', 'zL45J', 'zL9J', 'zL15J', 'zL78J', 'yL16J', 'w11', 'yL17J', 'xL9J', 'zL41J', 'yL0J', 'w21', 'zL53J', 'zL2J', 'zL24J', 'zL29J', 'xL1J', 'zL30J', 'zL28J', 'zL74J', 'xL4J', 'zL36J', 'yL7J', 'zL34J', 'zL21J', 'yL18J', 'w12', 'w17', 'zL3J', 'zL35J', 'zL16J', 'zL75J', 'xL8J', 'w19', 'zL8J', 'xL2J', 'zL14J', 'zL66J', 'zL33J', 'zL6J', 'zL19J', 'w22', 'zL27J', 'zL32J', 'zL72J', 'zL38J', 'zL49J', 'zL17J', 'zL46J', 'yL15J', 'zL12J', 'yL14J', 'xL7J', 'zL71J', 'xL6J', 'zL0J', 'yL10J', 'yL5J', 'zL1J', 'xL3J', 'zL25J', 'w4', 'zL50J', 'zL69J', 'yL3J', 'yL8J', 'zL61J', 'zL7J', 'yL19J', 'zL37J', 'zL54J', 'w3', 'zL55J'}, {'zL31J', 'w22', 'zL73J', 'w7', 'zL32J', 'zL77J', 'yL0J', 'w21', 'zL46J', 'yL14J', 'zL59J', 'zL76J', 'w8', 'xL1J', 'zL74J', 'zL48J', 'w9', 'w13', 'w12', 'zL11J', 'w10', 'zL25J', 'zL18J', 'yL4J', 'zL75J', 'zL26J', 'zL78J', 'zL52J', 'xL2J', 'zL14J', 'zL20J', 'zL37J', 'zL55J'})