18, 2.8972639492815366, 9.0, 9
+-- , 0 , {7, 42, 44} , {'xL5J', 'xL4J', 'xL6J', 'xL25J', 'xL37J', 'xL36J', 'xL18J', 'xL14J', 'xL33J', 'xL28J', 'xL23J', 'xL15J', 'xL39J', 'xL3J', 'xL31J', 'xL0J'}
| +-- , 7 , {10} , {'xL5J', 'xL4J', 'xL6J', 'xL25J', 'xL37J', 'xL0J', 'xL36J', 'xL18J', 'xL33J', 'xL10J', 'xL15J', 'xL23J', 'xL39J', 'xL3J', 'xL20J', 'xL31J', 'xL14J'}
| | +-- , 10 , {12} , {'xL5J', 'xL4J', 'xL6J', 'xL25J', 'xL0J', 'xL36J', 'xL18J', 'xL38J', 'xL33J', 'xL10J', 'xL15J', 'xL23J', 'xL39J', 'xL3J', 'xL20J', 'xL31J', 'xL14J'}
| | | +-- , 12 , {14} , {'xL5J', 'xL4J', 'xL6J', 'xL0J', 'xL36J', 'xL38J', 'xL18J', 'xL10J', 'xL15J', 'xL23J', 'xL39J', 'xL3J', 'xL31J', 'xL16J', 'xL14J', 'xL11J'}
| | | | +-- , 14 , {16} , {'xL9J', 'xL5J', 'xL4J', 'xL6J', 'xL0J', 'xL36J', 'xL38J', 'xL18J', 'xL10J', 'xL15J', 'xL23J', 'xL3J', 'xL31J', 'xL16J', 'xL14J', 'xL11J'}
| | | | | +-- , 16 , {19, 38, 23, 40} , {'xL9J', 'xL5J', 'xL4J', 'xL6J', 'xL1J', 'xL0J', 'xL38J', 'xL18J', 'xL13J', 'xL10J', 'xL15J', 'xL23J', 'xL3J', 'xL31J', 'xL16J', 'xL14J', 'xL11J', 'xL30J'}
| | | | | | +-- , 19 , set() , {'xL22J', 'xL1J', 'xL23J', 'xL11J'}
| | | | | | +-- , 38 , set() , {'xL1J', 'xL35J'}
| | | | | | +-- , 23 , {34, 36, 25} , {'xL9J', 'xL5J', 'xL4J', 'xL6J', 'xL1J', 'xL38J', 'xL18J', 'xL13J', 'xL10J', 'xL15J', 'xL23J', 'xL21J', 'xL3J', 'xL31J', 'xL16J', 'xL14J', 'xL11J', 'xL30J'}
| | | | | | | +-- , 34 , set() , {'xL32J', 'xL5J', 'xL4J', 'xL21J', 'xL30J'}
| | | | | | | +-- , 36 , set() , {'xL34J', 'xL11J', 'xL21J'}
| | | | | | | +-- , 25 , {32, 28} , {'xL13J', 'xL10J', 'xL15J', 'xL17J', 'xL4J', 'xL21J', 'xL3J', 'xL1J', 'xL8J', 'xL16J', 'xL14J', 'xL18J', 'xL30J'}
| | | | | | | | +-- , 32 , set() , {'xL17J', 'xL4J', 'xL27J', 'xL18J', 'xL30J'}
| | | | | | | | +-- , 28 , {30} , {'xL17J', 'xL4J', 'xL7J', 'xL13J', 'xL10J', 'xL15J', 'xL21J', 'xL3J', 'xL8J', 'xL16J', 'xL30J'}
| | | | | | | | | +-- , 30 , set() , {'xL7J', 'xL13J', 'xL24J', 'xL10J', 'xL15J', 'xL2J', 'xL4J', 'xL21J', 'xL8J', 'xL16J', 'xL12J', 'xL30J'}
| | | | | | +-- , 40 , set() , {'xL1J', 'xL26J', 'xL11J', 'xL4J'}
| +-- , 42 , set() , {'xL23J', 'xL5J', 'xL29J', 'xL25J', 'xL33J'}
| +-- , 44 , set() , {'xL19J', 'xL28J', 'xL4J', 'xL15J'}


Max number of edges with non zero Y: 28
Max number of iterations of outer rounding loop: 7
Max number of candidate sets: 2
Time spent rounding: 44.857
Time spent solving Separator LP: 0.875

LP Solver: GaifmanNormal