22, 2.664183552679324, 8.0, 8
+-- , 0 , {48, 6, 42, 44, 46} , {'xL17J', 'xL37J', 'xL31J', 'xL24J', 'xL2J', 'xL1J', 'xL30J', 'xL15J', 'xL8J', 'xL32J', 'xL29J', 'xL25J', 'xL39J', 'xL12J', 'xL35J', 'xL6J'}
| +-- , 48 , set() , {'xL39J', 'xL38J'}
| +-- , 6 , {40, 8} , {'xL17J', 'xL37J', 'xL31J', 'xL24J', 'xL2J', 'xL6J', 'xL30J', 'xL15J', 'xL4J', 'xL8J', 'xL32J', 'xL29J', 'xL25J', 'xL39J', 'xL35J', 'xL23J'}
| | +-- , 40 , set() , {'xL37J', 'xL31J', 'xL5J', 'xL25J', 'xL4J'}
| | +-- , 8 , {12, 36} , {'xL17J', 'xL37J', 'xL26J', 'xL31J', 'xL24J', 'xL2J', 'xL6J', 'xL15J', 'xL4J', 'xL8J', 'xL32J', 'xL29J', 'xL25J', 'xL39J', 'xL21J', 'xL23J'}
| | | +-- , 12 , {30, 14} , {'xL17J', 'xL37J', 'xL26J', 'xL31J', 'xL24J', 'xL6J', 'xL27J', 'xL15J', 'xL4J', 'xL32J', 'xL29J', 'xL25J', 'xL39J', 'xL21J', 'xL23J'}
| | | | +-- , 30 , {32} , {'xL17J', 'xL32J', 'xL25J', 'xL29J', 'xL27J', 'xL11J'}
| | | | | +-- , 32 , {34} , {'xL17J', 'xL10J', 'xL25J', 'xL11J'}
| | | | | | +-- , 34 , set() , {'xL17J', 'xL25J', 'xL10J', 'xL18J'}
| | | | +-- , 14 , {16, 18} , {'xL17J', 'xL37J', 'xL31J', 'xL23J', 'xL24J', 'xL0J', 'xL32J', 'xL39J', 'xL27J', 'xL15J', 'xL4J', 'xL21J', 'xL6J'}
| | | | | +-- , 16 , set() , {'xL0J', 'xL13J'}
| | | | | +-- , 18 , {20, 22, 24} , {'xL17J', 'xL37J', 'xL31J', 'xL24J', 'xL0J', 'xL15J', 'xL4J', 'xL16J', 'xL39J', 'xL21J', 'xL23J'}
| | | | | | +-- , 20 , set() , {'xL34J', 'xL16J'}
| | | | | | +-- , 22 , set() , {'xL17J', 'xL22J', 'xL16J'}
| | | | | | +-- , 24 , {26} , {'xL17J', 'xL37J', 'xL24J', 'xL0J', 'xL15J', 'xL4J', 'xL16J', 'xL39J', 'xL19J', 'xL23J'}
| | | | | | | +-- , 26 , {28} , {'xL17J', 'xL37J', 'xL24J', 'xL0J', 'xL20J', 'xL15J', 'xL4J', 'xL19J', 'xL16J', 'xL23J'}
| | | | | | | | +-- , 28 , set() , {'xL17J', 'xL37J', 'xL7J', 'xL0J', 'xL14J', 'xL20J', 'xL4J', 'xL19J', 'xL23J'}
| | | +-- , 36 , {38} , {'xL29J', 'xL9J', 'xL15J', 'xL21J', 'xL8J', 'xL6J'}
| | | | +-- , 38 , set() , {'xL15J', 'xL9J', 'xL8J', 'xL36J'}
| +-- , 42 , set() , {'xL37J', 'xL32J', 'xL25J', 'xL33J', 'xL8J'}
| +-- , 44 , set() , {'xL1J', 'xL28J'}
| +-- , 46 , set() , {'xL3J', 'xL25J', 'xL39J'}


Max number of edges with non zero Y: 25
Max number of iterations of outer rounding loop: 5
Max number of candidate sets: 2
Time spent rounding: 29.106
Time spent solving Separator LP: 1.232

LP Solver: GaifmanBoosted