61, 2.0, 4.0, 4
+-- , 0 , {3, 79} , {'xL10JL8J', 'xL9JL8J', 'xL5JL8J', 'xL8JL8J', 'xL6JL8J', 'xL7JL8J'}
| +-- , 3 , {5, 71} , {'xL10JL4J', 'xL10JL7J', 'xL10JL8J', 'xL10JL5J', 'xL10JL6J'}
| | +-- , 5 , {7} , {'xL10JL4J', 'xL14JL4J', 'xL12JL4J', 'xL13JL4J', 'xL11JL4J', 'xL15JL4J'}
| | | +-- , 7 , {11, 55} , {'xL14JL4J', 'xL15JL8J', 'xL13JL7J', 'xL14JL10J', 'xL12JL4J', 'xL14JL11J', 'xL13JL4J', 'xL11JL4J', 'xL15JL4J', 'xL15JL9J'}
| | | | +-- , 11 , {13} , {'xL14JL4J', 'xL15JL8J', 'xL13JL7J', 'xL12JL4J', 'xL13JL4J', 'xL11JL4J', 'xL15JL4J', 'xL15JL9J', 'xL14JL7J'}
| | | | | +-- , 13 , {15} , {'xL14JL4J', 'xL15JL8J', 'xL12JL4J', 'xL13JL4J', 'xL11JL4J', 'xL15JL4J', 'xL15JL9J', 'xL14JL7J', 'xL14JL6J', 'xL14JL5J'}
| | | | | | +-- , 15 , {17, 43} , {'xL15JL8J', 'xL14JL6J', 'xL12JL4J', 'xL18JL6J', 'xL16JL5J', 'xL13JL4J', 'xL17JL6J', 'xL11JL4J', 'xL15JL4J', 'xL16JL6J', 'xL15JL9J', 'xL14JL5J'}
| | | | | | | +-- , 17 , {19, 31} , {'xL13JL4J', 'xL11JL4J', 'xL15JL4J', 'xL15JL5J', 'xL14JL5J', 'xL13JL5J', 'xL12JL4J', 'xL18JL6J', 'xL16JL5J', 'xL17JL6J', 'xL19JL6J', 'xL16JL6J', 'xL15JL6J', 'xL14JL6J'}
| | | | | | | | +-- , 19 , {21} , {'xL12JL4J', 'xL13JL1J', 'xL13JL4J', 'xL11JL4J', 'xL13JL3J', 'xL13JL2J', 'xL13JL5J'}
| | | | | | | | | +-- , 21 , {23} , {'xL12JL4J', 'xL13JL1J', 'xL11JL4J', 'xL14JL2J', 'xL13JL3J', 'xL12JL2J', 'xL13JL2J'}
| | | | | | | | | | +-- , 23 , {25, 29} , {'xL12JL4J', 'xL12JL3J', 'xL13JL1J', 'xL11JL4J', 'xL14JL2J', 'xL13JL3J', 'xL12JL2J'}
| | | | | | | | | | | +-- , 25 , {27} , {'xL12JL4J', 'xL12JL3J', 'xL13JL1J', 'xL14JL2J', 'xL12JL2J', 'xL12JL1J'}
| | | | | | | | | | | | +-- , 27 , set() , {'xL14JL2J', 'xL14JL1J', 'xL13JL1J', 'xL12JL1J'}
| | | | | | | | | | | +-- , 29 , set() , {'xL12JL3J', 'xL11JL3J', 'xL13JL3J', 'xL11JL4J'}
| | | | | | | | +-- , 31 , {33} , {'xL15JL3J', 'xL18JL6J', 'xL15JL4J', 'xL19JL6J', 'xL15JL6J', 'xL15JL5J'}
| | | | | | | | | +-- , 33 , {35} , {'xL15JL3J', 'xL18JL6J', 'xL16JL3J', 'xL17JL3J', 'xL19JL3J', 'xL19JL6J', 'xL18JL3J'}
| | | | | | | | | | +-- , 35 , {37, 39} , {'xL18JL1J', 'xL18JL6J', 'xL16JL3J', 'xL17JL3J', 'xL19JL2J', 'xL18JL2J', 'xL19JL3J', 'xL19JL6J', 'xL18JL3J'}
| | | | | | | | | | | +-- , 37 , set() , {'xL18JL4J', 'xL18JL1J', 'xL18JL6J', 'xL19JL2J', 'xL18JL2J', 'xL19JL3J', 'xL19JL5J', 'xL19JL4J', 'xL19JL6J', 'xL18JL3J', 'xL18JL5J'}
| | | | | | | | | | | +-- , 39 , {41} , {'xL16JL2J', 'xL18JL1J', 'xL16JL3J', 'xL17JL3J', 'xL19JL2J', 'xL18JL2J', 'xL17JL2J'}
| | | | | | | | | | | | +-- , 41 , set() , {'xL17JL3J', 'xL17JL1J', 'xL18JL1J', 'xL17JL2J'}
| | | | | | | +-- , 43 , {45} , {'xL15JL8J', 'xL16JL9J', 'xL16JL5J', 'xL17JL7J', 'xL17JL8J', 'xL16JL8J', 'xL17JL6J', 'xL16JL6J', 'xL15JL9J', 'xL16JL7J'}
| | | | | | | | +-- , 45 , {47} , {'xL16JL8J', 'xL15JL8J', 'xL18JL8J', 'xL17JL8J'}
| | | | | | | | | +-- , 47 , {49} , {'xL18JL9J', 'xL18JL11J', 'xL18JL10J', 'xL18JL8J'}
| | | | | | | | | | +-- , 49 , {51} , {'xL18JL9J', 'xL18JL11J', 'xL18JL10J', 'xL19JL9J'}
| | | | | | | | | | | +-- , 51 , {53} , {'xL19JL10J', 'xL18JL10J', 'xL19JL9J', 'xL19JL11J', 'xL18JL11J'}
| | | | | | | | | | | | +-- , 53 , set() , {'xL19JL10J', 'xL18JL10J', 'xL17JL11J', 'xL17JL10J', 'xL19JL11J', 'xL18JL11J'}
| | | | +-- , 55 , {57} , {'xL15JL8J', 'xL13JL7J', 'xL14JL10J', 'xL14JL11J', 'xL15JL10J', 'xL15JL11J', 'xL15JL9J'}
| | | | | +-- , 57 , {59} , {'xL13JL7J', 'xL13JL8J', 'xL13JL10J', 'xL14JL10J', 'xL13JL9J', 'xL15JL10J'}
| | | | | | +-- , 59 , {67, 63} , {'xL11JL9J', 'xL13JL8J', 'xL13JL9J', 'xL11JL11J', 'xL10JL11J'}
| | | | | | | +-- , 67 , {69} , {'xL11JL9J', 'xL11JL10J', 'xL11JL11J', 'xL10JL11J'}
| | | | | | | | +-- , 69 , set() , {'xL10JL10J', 'xL11JL10J', 'xL10JL11J'}
| | | | | | | +-- , 63 , {65} , {'xL11JL9J', 'xL13JL8J', 'xL13JL9J', 'xL12JL9J'}
| | | | | | | | +-- , 65 , set() , {'xL12JL9J', 'xL12JL8J', 'xL13JL8J'}
| | +-- , 71 , {73, 77} , {'xL10JL5J', 'xL10JL7J', 'xL9JL6J', 'xL10JL6J'}
| | | +-- , 73 , {75} , {'xL10JL7J', 'xL11JL6J', 'xL9JL6J', 'xL10JL6J'}
| | | | +-- , 75 , set() , {'xL10JL7J', 'xL11JL6J', 'xL11JL7J'}
| | | +-- , 77 , set() , {'xL10JL5J', 'xL9JL6J', 'xL9JL5J'}
| +-- , 79 , {82} , {'xL9JL8J', 'xL5JL8J', 'xL8JL9J', 'xL9JL9J', 'xL8JL8J', 'xL6JL8J', 'xL7JL8J', 'xL7JL9J'}
| | +-- , 82 , {117, 86} , {'xL5JL8J', 'xL8JL9J', 'xL2JL6J', 'xL8JL8J', 'xL6JL8J', 'xL4JL6J', 'xL7JL8J', 'xL6JL6J', 'xL3JL6J', 'xL4JL7J', 'xL1JL6J', 'xL5JL6J', 'xL7JL9J', 'xL6JL7J'}
| | | +-- , 117 , {131, 119} , {'xL5JL8J', 'xL8JL9J', 'xL2JL6J', 'xL4JL7J', 'xL1JL6J', 'xL6JL7J', 'xL5JL6J', 'xL8JL8J', 'xL7JL8J', 'xL7JL9J', 'xL7JL7J', 'xL5JL7J'}
| | | | +-- , 131 , {133} , {'xL8JL9J', 'xL8JL11J', 'xL7JL10J', 'xL7JL11J', 'xL8JL8J', 'xL8JL10J', 'xL7JL8J', 'xL7JL9J', 'xL7JL7J'}
| | | | | +-- , 133 , set() , {'xL8JL11J', 'xL7JL10J', 'xL7JL11J', 'xL8JL10J', 'xL6JL11J', 'xL6JL10J'}
| | | | +-- , 119 , {121} , {'xL5JL8J', 'xL2JL6J', 'xL5JL9J', 'xL1JL6J', 'xL5JL6J', 'xL5JL7J'}
| | | | | +-- , 121 , {123} , {'xL1JL9J', 'xL2JL9J', 'xL2JL6J', 'xL4JL9J', 'xL5JL9J', 'xL1JL6J', 'xL3JL9J'}
| | | | | | +-- , 123 , {127} , {'xL1JL9J', 'xL1JL10J', 'xL2JL9J', 'xL1JL7J', 'xL2JL6J', 'xL4JL9J', 'xL2JL10J', 'xL1JL6J', 'xL1JL8J', 'xL3JL9J', 'xL2JL8J', 'xL2JL11J', 'xL2JL7J'}
| | | | | | | +-- , 127 , {129} , {'xL1JL10J', 'xL4JL10J', 'xL2JL10J', 'xL4JL9J', 'xL3JL9J', 'xL3JL10J', 'xL2JL11J'}
| | | | | | | | +-- , 129 , set() , {'xL3JL11J', 'xL3JL9J', 'xL3JL10J', 'xL2JL11J'}
| | | +-- , 86 , {88} , {'xL4JL3J', 'xL4JL5J', 'xL6JL5J', 'xL4JL7J', 'xL6JL8J', 'xL4JL4J', 'xL4JL6J', 'xL6JL6J', 'xL3JL6J', 'xL6JL7J'}
| | | | +-- , 88 , {90} , {'xL4JL3J', 'xL3JL4J', 'xL4JL5J', 'xL6JL5J', 'xL3JL5J', 'xL4JL4J', 'xL3JL6J'}
| | | | | +-- , 90 , {92, 110} , {'xL5JL4J', 'xL4JL3J', 'xL3JL4J', 'xL2JL4J', 'xL6JL5J', 'xL5JL3J', 'xL7JL5J', 'xL4JL4J'}
| | | | | | +-- , 92 , {106, 94} , {'xL5JL4J', 'xL7JL2J', 'xL5JL2J', 'xL7JL3J', 'xL5JL3J', 'xL7JL5J', 'xL5JL1J', 'xL7JL4J'}
| | | | | | | +-- , 106 , {108} , {'xL5JL1J', 'xL6JL2J', 'xL7JL2J', 'xL5JL2J'}
| | | | | | | | +-- , 108 , set() , {'xL5JL1J', 'xL6JL1J', 'xL6JL2J'}
| | | | | | | +-- , 94 , {96, 102} , {'xL9JL3J', 'xL9JL2J', 'xL9JL1J', 'xL7JL3J', 'xL7JL4J'}
| | | | | | | | +-- , 96 , {98} , {'xL10JL2J', 'xL9JL1J', 'xL9JL2J'}
| | | | | | | | | +-- , 98 , set() , {'xL10JL2J', 'xL9JL1J', 'xL10JL1J'}
| | | | | | | | +-- , 102 , {104} , {'xL8JL3J', 'xL7JL3J', 'xL9JL3J', 'xL7JL4J'}
| | | | | | | | | +-- , 104 , set() , {'xL8JL3J', 'xL7JL4J', 'xL8JL4J'}
| | | | | | +-- , 110 , {112} , {'xL2JL4J', 'xL2JL3J', 'xL2JL1J', 'xL2JL2J'}
| | | | | | | +-- , 112 , {115} , {'xL1JL2J', 'xL2JL3J', 'xL2JL1J', 'xL1JL1J', 'xL2JL2J', 'xL1JL3J'}
| | | | | | | | +-- , 115 , set() , {'xL1JL2J', 'xL2JL1J', 'xL3JL1J', 'xL3JL2J', 'xL1JL1J', 'xL2JL2J'}


Max number of edges with non zero Y: 2
Max number of iterations of outer rounding loop: 0
Max number of candidate sets: 0
Time spent rounding: 0.000
Time spent solving Separator LP: 3.616
Total time spent solving: 7.651

LP Solver: GaifmanNormalILP
Lower Bound Witness = ({'xL11JL9J', 'xL19JL10J', 'xL15JL3J', 'xL14JL10J', 'xL17JL11J', 'xL15JL10J', 'xL17JL8J', 'xL17JL7J', 'xL17JL2J', 'xL18JL9J', 'xL16JL8J', 'xL11JL4J', 'xL18JL11J', 'xL12JL2J', 'xL14JL7J', 'xL18JL3J', 'xL15JL5J', 'xL18JL5J', 'xL14JL5J', 'xL13JL5J', 'xL14JL4J', 'xL12JL8J', 'xL18JL6J', 'xL16JL5J', 'xL17JL10J', 'xL13JL1J', 'xL15JL11J', 'xL19JL6J', 'xL16JL6J', 'xL15JL9J', 'xL15JL6J', 'xL11JL11J', 'xL16JL9J', 'xL16JL2J', 'xL13JL8J', 'xL18JL1J', 'xL14JL1J', 'xL17JL3J', 'xL12JL3J', 'xL18JL2J', 'xL11JL3J', 'xL10JL10J', 'xL19JL9J', 'xL13JL4J', 'xL19JL5J', 'xL19JL4J', 'xL13JL10J', 'xL14JL2J', 'xL15JL4J', 'xL13JL3J', 'xL11JL10J', 'xL13JL2J', 'xL17JL1J', 'xL15JL8J', 'xL13JL7J', 'xL18JL4J', 'xL12JL4J', 'xL18JL10J', 'xL16JL3J', 'xL14JL11J', 'xL19JL2J', 'xL18JL8J', 'xL12JL9J', 'xL19JL3J', 'xL17JL6J', 'xL19JL11J', 'xL13JL9J', 'xL16JL7J', 'xL10JL11J', 'xL14JL6J', 'xL12JL1J'}, {'xL14JL4J', 'xL12JL4J', 'xL13JL4J', 'xL11JL4J', 'xL15JL4J'})