23, 1, 2.0, 2
+-- , 5 , {0, 24, 22} , {'X113', 'X22', 'X75', 'X88', 'X73', 'X97', 'X77', 'X31'}
| +-- , 0 , {3, 6, 8} , {'X9', 'X113', 'X22', 'X11', 'X89', 'X107', 'X7', 'X112', 'X97', 'X31'}
| | +-- , 3 , {10} , {'X82', 'X78', 'X97', 'X80', 'X112'}
| | | +-- , 10 , {11} , {'X82', 'X78', 'X97', 'X80', 'X112'}
| | | | +-- , 11 , {12, 14, 16, 19} , {'X71', 'X70', 'X68', 'X112', 'X101'}
| | | | | +-- , 12 , {13} , {'X71', 'X70', 'X68', 'X112', 'X101'}
| | | | | | +-- , 13 , set() , {'X59', 'X56', 'X57', 'X61', 'X58', 'X63', 'X60', 'X66', 'X64', 'X65', 'X112', 'X67'}
| | | | | +-- , 14 , {15} , {'X71', 'X70', 'X68', 'X112', 'X101'}
| | | | | | +-- , 15 , set() , {'X3', 'X104', 'X108', 'X52', 'X112', 'X54'}
| | | | | +-- , 16 , {17} , {'X71', 'X70', 'X68', 'X112', 'X101'}
| | | | | | +-- , 17 , set() , {'X25', 'X26', 'X28', 'X23', 'X24', 'X29', 'X101'}
| | | | | +-- , 19 , {18} , {'X71', 'X70', 'X68', 'X112', 'X101'}
| | | | | | +-- , 18 , {20} , {'X112', 'X84', 'X105'}
| | | | | | | +-- , 20 , {21} , {'X112', 'X84', 'X105'}
| | | | | | | | +-- , 21 , set() , {'X34', 'X32', 'X105'}
| | +-- , 6 , {7} , {'X9', 'X113', 'X11', 'X89', 'X107', 'X7', 'X112'}
| | | +-- , 7 , set() , {'X5', 'X89'}
| | +-- , 8 , {9} , {'X9', 'X113', 'X11', 'X89', 'X107', 'X7', 'X112'}
| | | +-- , 9 , set() , {'X15', 'X16', 'X18', 'X14', 'X17', 'X107', 'X20'}
| +-- , 24 , {25} , {'X113', 'X75', 'X88', 'X73', 'X77'}
| | +-- , 25 , set() , {'X47', 'X45', 'X113', 'X48', 'X46', 'X51', 'X50', 'X43', 'X44'}
| +-- , 22 , {23} , {'X113', 'X75', 'X88', 'X73', 'X77'}
| | +-- , 23 , set() , {'X36', 'X113', 'X39', 'X41', 'X40', 'X35', 'X37', 'X38'}


Max number of edges with non zero Y: 4
Max number of iterations of outer rounding loop: 1
Max number of candidate sets: 2
Time spent rounding: 0.013
Time spent solving Separator LP: 0.005
Total time spent solving: 0.057

LP Solver: gammaPlusFractionalCoverHeuristic
Number of Rounding Attemps: 1
Lower Bound Witness = ({'X9', 'X113', 'X22', 'X82', 'X78', 'X11', 'X89', 'X80', 'X31', 'X75', 'X88', 'X107', 'X73', 'X7', 'X97', 'X77', 'X112'}, {'X97', 'X73', 'X89', 'X78'})