53, 3.4465423541588764, 9.0, 9
+-- , 0 , {3, 67, 69, 71, 7, 73, 75, 85, 87, 89, 91, 93, 97, 99, 105} , {'xL3J', 'xL5J', 'zL49J', 'zL12J', 'zL35J', 'xL2J', 'zL50J', 'xL6J', 'xL4J', 'zL52J', 'xL8J', 'zL45J', 'xL1J', 'zL33J', 'xL7J'}
| +-- , 3 , {5} , {'zL51J', 'xL5J', 'zL50J', 'xL4J'}
| | +-- , 5 , set() , {'zL51J', 'w15', 'xL5J'}
| +-- , 67 , set() , {'xL3J', 'zL5J', 'xL5J', 'zL7J', 'w4', 'xL4J', 'xL1J', 'xL8J', 'zL4J', 'zL6J', 'yL1J'}
| +-- , 69 , set() , {'xL5J', 'w13', 'xL6J', 'zL40J', 'xL4J', 'xL8J', 'xL7J', 'zL41J', 'yL10J', 'zL42J', 'zL43J'}
| +-- , 71 , set() , {'yL3J', 'xL3J', 'zL12J'}
| +-- , 7 , {9, 63} , {'xL5J', 'zL49J', 'zL12J', 'zL35J', 'xL2J', 'zL61J', 'xL4J', 'xL8J', 'zL45J', 'xL7J', 'zL13J', 'xL3J', 'zL46J', 'xL6J', 'zL52J', 'xL1J', 'zL62J', 'zL33J'}
| | +-- , 9 , {11} , {'xL5J', 'zL35J', 'zL49J', 'xL2J', 'xL4J', 'xL8J', 'zL45J', 'xL7J', 'zL13J', 'xL3J', 'zL44J', 'xL6J', 'zL46J', 'zL14J', 'xL1J', 'zL62J', 'zL52J', 'zL33J', 'zL53J'}
| | | +-- , 11 , {61, 13} , {'xL5J', 'zL49J', 'zL35J', 'xL2J', 'xL4J', 'xL8J', 'xL7J', 'zL71J', 'xL3J', 'zL44J', 'zL46J', 'xL6J', 'zL14J', 'xL1J', 'zL62J', 'zL33J', 'zL53J'}
| | | | +-- , 61 , set() , {'zL71J', 'xL7J', 'w20'}
| | | | +-- , 13 , {15, 49, 19, 53, 55, 57, 59} , {'zL70J', 'xL5J', 'zL35J', 'zL49J', 'zL47J', 'xL2J', 'xL4J', 'xL8J', 'zL71J', 'zL54J', 'xL3J', 'zL44J', 'xL6J', 'zL46J', 'zL14J', 'xL0J', 'xL1J', 'zL62J', 'zL33J', 'zL53J', 'zL15J'}
| | | | | +-- , 15 , {17} , {'xL8J', 'zL48J', 'zL49J', 'xL0J'}
| | | | | | +-- , 17 , set() , {'yL12J', 'zL48J', 'xL8J'}
| | | | | +-- , 49 , {51} , {'xL3J', 'zL54J', 'xL6J', 'zL55J'}
| | | | | | +-- , 51 , set() , {'w16', 'xL3J', 'zL55J'}
| | | | | +-- , 19 , {21, 47} , {'xL3J', 'xL5J', 'zL44J', 'xL2J', 'xL6J', 'zL18J', 'zL19J', 'xL4J', 'xL0J', 'xL8J', 'xL1J', 'zL62J'}
| | | | | | +-- , 21 , {45, 23, 29} , {'zL20J', 'zL16J', 'xL5J', 'zL77J', 'xL2J', 'xL4J', 'yL4J', 'xL8J', 'yL6J', 'xL3J', 'zL44J', 'xL6J', 'zL18J', 'xL0J', 'xL1J', 'zL62J', 'zL76J', 'w8', 'zL24J', 'zL21J', 'zL23J'}
| | | | | | | +-- , 45 , set() , {'xL3J', 'zL20J', 'yL5J'}
| | | | | | | +-- , 23 , {25} , {'xL3J', 'zL78J', 'zL77J', 'xL2J', 'xL1J'}
| | | | | | | | +-- , 25 , {27} , {'xL3J', 'zL79J', 'zL78J', 'xL2J'}
| | | | | | | | | +-- , 27 , set() , {'xL2J', 'zL79J', 'w22'}
| | | | | | | +-- , 29 , {31} , {'zL16J', 'xL2J', 'xL4J', 'xL8J', 'zL25J', 'zL44J', 'zL18J', 'xL1J', 'zL62J', 'zL24J', 'zL76J', 'zL21J', 'zL23J'}
| | | | | | | | +-- , 31 , {33} , {'zL16J', 'xL2J', 'xL4J', 'xL8J', 'zL25J', 'zL44J', 'zL26J', 'zL18J', 'xL1J', 'zL62J', 'zL76J', 'zL21J', 'zL23J'}
| | | | | | | | | +-- , 33 , {35, 37, 41, 43} , {'zL63J', 'zL16J', 'xL2J', 'xL4J', 'xL8J', 'zL17J', 'xL9J', 'yL19J', 'zL44J', 'zL26J', 'zL18J', 'zL62J', 'zL76J', 'zL21J', 'zL23J'}
| | | | | | | | | | +-- , 35 , set() , {'zL44J', 'xL9J', 'yL11J'}
| | | | | | | | | | +-- , 37 , {39} , {'xL8J', 'xL9J', 'zL26J', 'zL27J'}
| | | | | | | | | | | +-- , 39 , set() , {'xL8J', 'w9', 'zL27J'}
| | | | | | | | | | +-- , 41 , set() , {'zL63J', 'w18', 'xL4J'}
| | | | | | | | | | +-- , 43 , set() , {'xL9J', 'xL2J', 'zL21J', 'zL22J', 'zL23J'}
| | | | | | +-- , 47 , set() , {'w7', 'zL19J', 'xL4J'}
| | | | | +-- , 53 , set() , {'zL68J', 'zL70J', 'xL5J', 'xL6J', 'yL17J', 'xL0J', 'zL69J'}
| | | | | +-- , 55 , set() , {'zL15J', 'xL0J', 'w6'}
| | | | | +-- , 57 , set() , {'zL35J', 'zL34J', 'xL0J', 'xL1J', 'zL33J'}
| | | | | +-- , 59 , set() , {'zL47J', 'xL3J', 'w14'}
| | +-- , 63 , {65} , {'xL2J', 'zL60J', 'xL6J', 'zL61J'}
| | | +-- , 65 , set() , {'xL6J', 'zL60J', 'yL15J'}
| +-- , 73 , set() , {'zL31J', 'xL5J', 'zL29J', 'xL6J', 'w10', 'xL4J', 'xL1J', 'xL8J', 'yL7J', 'zL28J', 'zL30J'}
| +-- , 75 , {83, 77} , {'xL3J', 'xL6J', 'zL72J', 'xL4J', 'xL1J', 'xL8J', 'zL73J'}
| | +-- , 83 , set() , {'zL72J', 'xL4J', 'yL18J'}
| | +-- , 77 , {79} , {'xL8J', 'xL3J', 'zL74J', 'zL73J', 'xL1J'}
| | | +-- , 79 , {81} , {'xL8J', 'zL74J', 'zL75J', 'xL1J'}
| | | | +-- , 81 , set() , {'zL75J', 'w21', 'xL1J'}
| +-- , 85 , set() , {'zL65J', 'zL64J', 'w19', 'xL5J', 'zL67J', 'xL6J', 'yL16J', 'xL1J', 'xL8J', 'xL7J', 'zL66J'}
| +-- , 87 , set() , {'xL3J', 'zL10J', 'xL5J', 'xL2J', 'xL6J', 'xL4J', 'zL9J', 'zL8J', 'w5', 'yL2J', 'zL11J'}
| +-- , 89 , set() , {'xL7J', 'yL13J', 'zL52J'}
| +-- , 91 , set() , {'zL56J', 'zL58J', 'xL3J', 'zL57J', 'yL14J', 'xL2J', 'xL6J', 'xL1J', 'xL7J', 'w17', 'zL59J'}
| +-- , 93 , {95} , {'zL33J', 'xL2J', 'zL32J', 'xL4J'}
| | +-- , 95 , set() , {'xL2J', 'yL8J', 'zL32J'}
| +-- , 97 , set() , {'yL9J', 'xL3J', 'zL38J', 'w12', 'xL6J', 'zL36J', 'xL4J', 'xL1J', 'xL8J', 'zL39J', 'zL37J'}
| +-- , 99 , {101, 103} , {'xL3J', 'xL5J', 'zL1J', 'xL2J', 'xL1J', 'xL7J', 'zL0J'}
| | +-- , 101 , set() , {'xL5J', 'zL1J', 'xL2J', 'zL3J', 'w3', 'xL7J', 'zL2J'}
| | +-- , 103 , set() , {'yL0J', 'zL0J', 'xL1J'}
| +-- , 105 , set() , {'w11', 'xL6J', 'zL35J'}


Max number of edges with non zero Y: 37
Max number of iterations of outer rounding loop: 4
Max number of candidate sets: 2
Time spent rounding: 11.229
Time spent solving Separator LP: 13.139
Total time spent solving: 30.204

LP Solver: GaifmanBoosted
Lower Bound Witness = ({'zL68J', 'xL5J', 'zL60J', 'zL35J', 'zL19J', 'yL11J', 'zL74J', 'yL19J', 'zL34J', 'xL0J', 'xL1J', 'zL62J', 'zL3J', 'zL69J', 'zL38J', 'zL25J', 'w17', 'yL3J', 'zL64J', 'xL9J', 'zL7J', 'zL29J', 'yL17J', 'zL14J', 'zL44J', 'zL66J', 'zL0J', 'zL63J', 'zL70J', 'zL61J', 'zL51J', 'zL48J', 'zL30J', 'xL3J', 'zL46J', 'zL52J', 'zL24J', 'zL53J', 'zL2J', 'zL58J', 'w9', 'zL5J', 'w13', 'xL2J', 'w4', 'yL4J', 'zL79J', 'zL71J', 'zL39J', 'zL54J', 'yL1J', 'zL22J', 'zL43J', 'yL5J', 'w12', 'zL26J', 'zL37J', 'w16', 'zL21J', 'zL65J', 'zL56J', 'zL57J', 'zL16J', 'zL10J', 'w14', 'yL0J', 'zL32J', 'xL7J', 'yL10J', 'yL6J', 'zL42J', 'zL1J', 'xL6J', 'zL28J', 'w6', 'zL15J', 'zL77J', 'zL50J', 'yL8J', 'yL7J', 'w18', 'zL41J', 'w11', 'w10', 'zL11J', 'zL13J', 'zL67J', 'yL2J', 'zL23J', 'zL20J', 'zL31J', 'zL47J', 'zL8J', 'w21', 'zL78J', 'yL18J', 'yL13J', 'zL6J', 'zL72J', 'zL18J', 'zL36J', 'zL55J', 'zL76J', 'w8', 'zL4J', 'yL9J', 'w19', 'yL14J', 'zL49J', 'zL12J', 'zL75J', 'yL16J', 'xL4J', 'zL9J', 'xL8J', 'zL45J', 'w22', 'yL15J', 'yL12J', 'w20', 'w5', 'zL73J', 'zL17J', 'zL59J', 'zL40J', 'w3', 'zL33J', 'w7', 'zL27J', 'w15'}, {'zL56J', 'zL35J', 'zL19J', 'yL11J', 'zL74J', 'yL18J', 'yL13J', 'xL3J', 'zL1J', 'zL18J', 'zL24J', 'zL62J', 'zL76J', 'w8', 'w6', 'w9', 'zL5J', 'zL49J', 'zL12J', 'w4', 'yL4J', 'zL45J', 'w18', 'zL25J', 'w10', 'yL3J', 'yL5J', 'zL14J', 'zL33J', 'w15'})