14, 1.2527466813186807, 4.666666666666667, 5
+-- , 0 , {3, 30} , {'33', '9', '41', '34', '0', '38', '30', '36', '5', '1', '27', '23'}
| +-- , 3 , {5} , {'9', '0', '36', '30', '10', '23', '13', '41', '22', '17', '38', '5', '1', '27', '35', '34'}
| | +-- , 5 , {8, 28} , {'9', '0', '44', '12', '36', '30', '10', '8', '23', '13', '41', '22', '39', '38', '42', '5', '1', '27', '35', '34'}
| | | +-- , 8 , {10} , {'9', '44', '30', '10', '32', '23', '13', '41', '22', '39', '38', '42', '5', '1', '27', '35', '34'}
| | | | +-- , 10 , {26, 12} , {'9', '44', '30', '10', '32', '13', '46', '41', '22', '39', '38', '42', '1', '35', '34'}
| | | | | +-- , 26 , set() , {'46', '4', '38', '30', '34'}
| | | | | +-- , 12 , {14} , {'15', '18', '9', '44', '10', '32', '13', '46', '41', '22', '39', '42', '1', '35'}
| | | | | | +-- , 14 , {18, 20, 22, 24} , {'37', '15', '7', '9', '41', '11', '22', '35', '42', '32', '1', '39', '13'}
| | | | | | | +-- , 18 , set() , {'37', '15', '26', '9', '41', '11', '29', '24', '39'}
| | | | | | | +-- , 20 , set() , {'37', '7', '9', '22', '2', '32'}
| | | | | | | +-- , 22 , set() , {'14', '11', '42', '1', '35', '13'}
| | | | | | | +-- , 24 , set() , {'15', '7', '31', '43', '13'}
| | | +-- , 28 , set() , {'28', '0', '12', '38', '27', '40'}
| +-- , 30 , set() , {'33', '41', '0', '30', '25', '27'}


Max number of edges with non zero Y: 10
Max number of iterations of outer rounding loop: 4
Max number of candidate sets: 2
Time spent rounding: 7.105
Time spent solving Separator LP: 0.277
Total time spent solving: 8.858

LP Solver: GaifmanNormal
Lower Bound Witness = ({'15', '18', '9', '44', '31', '10', '24', '32', '46', '7', '14', '41', '22', '2', '29', '1', '39', '35', '37', '26', '11', '30', '13', '23', '4', '38', '42', '5', '43', '27', '34'}, {'23', '9', '41', '34', '22', '44', '38', '30', '35', '42', '5', '10', '1', '27', '39', '13'})