22, 1.638888888888888, 6.0, 6
+-- , 0 , {33, 37, 6, 41, 45, 49, 29} , {'xL8J', 'xL4J', 'xL10J', 'xL5J', 'yL12J', 'xL6J', 'yL13J', 'yL14J', 'yL15J', 'xL0J'}
| +-- , 33 , {35} , {'yL20J', 'xL5J'}
| | +-- , 35 , set() , {'yL21J', 'yL20J', 'yL22J', 'yL23J'}
| +-- , 37 , {39} , {'yL40J', 'xL10J'}
| | +-- , 39 , set() , {'yL40J', 'yL43J', 'yL41J', 'yL42J'}
| +-- , 6 , {8} , {'xL8J', 'xL4J', 'xL10J', 'xL5J', 'yL12J', 'xL6J', 'xL0J', 'xL3J'}
| | +-- , 8 , {11} , {'yL9J', 'xL8J', 'xL10J', 'xL5J', 'yL8J', 'yL11J', 'xL4J', 'xL6J', 'xL0J', 'xL3J', 'yL10J'}
| | | +-- , 11 , {13} , {'xL8J', 'xL2J', 'xL4J', 'xL10J', 'xL5J', 'yL8J', 'xL6J', 'xL0J', 'xL3J'}
| | | | +-- , 13 , {16} , {'yL39J', 'xL8J', 'xL2J', 'xL10J', 'yL36J', 'xL5J', 'xL4J', 'xL6J', 'yL38J', 'xL0J', 'yL37J', 'xL3J'}
| | | | | +-- , 16 , {18} , {'xL3J', 'xL8J', 'xL2J', 'xL10J', 'yL36J', 'xL5J', 'xL4J', 'xL6J', 'xL0J', 'xL9J'}
| | | | | | +-- , 18 , {21} , {'xL3J', 'xL8J', 'xL2J', 'xL10J', 'xL5J', 'yL5J', 'yL7J', 'yL4J', 'xL4J', 'xL6J', 'yL6J', 'xL0J', 'xL9J'}
| | | | | | | +-- , 21 , {23} , {'xL3J', 'xL8J', 'xL1J', 'xL2J', 'xL10J', 'xL5J', 'yL4J', 'xL4J', 'xL6J', 'xL0J', 'xL9J'}
| | | | | | | | +-- , 23 , {27} , {'xL8J', 'xL1J', 'xL2J', 'xL4J', 'xL10J', 'xL9J', 'xL5J', 'yL28J', 'xL7J', 'xL6J', 'xL0J', 'xL3J'}
| | | | | | | | | +-- , 27 , set() , {'yL30J', 'yL28J', 'yL31J', 'yL29J'}
| +-- , 41 , {43} , {'xL0J', 'yL0J'}
| | +-- , 43 , set() , {'yL0J', 'yL2J', 'yL1J', 'yL3J'}
| +-- , 45 , {47} , {'xL4J', 'yL16J'}
| | +-- , 47 , set() , {'yL19J', 'yL16J', 'yL17J', 'yL18J'}
| +-- , 49 , {51} , {'yL24J', 'xL6J'}
| | +-- , 51 , set() , {'yL25J', 'yL24J', 'yL26J', 'yL27J'}
| +-- , 29 , {31} , {'yL32J', 'xL8J'}
| | +-- , 31 , set() , {'yL33J', 'yL34J', 'yL35J', 'yL32J'}


Max number of edges with non zero Y: 7
Max number of iterations of outer rounding loop: 3
Max number of candidate sets: 2
Time spent rounding: 19.983
Time spent solving Separator LP: 0.955

LP Solver: GaifmanBoosted