20, 2.9238141448280777, 9.05, 11
+-- , 0 , {48, 3, 42, 44, 46} , {'46', '15', '26', '30', '62', '53', '37', '14', '34', '56', '68', '35', '72', '65', '66', '17', '27', '36', '48', '44', '20', '4', '75', '21', '12', '61', '10', '41', '9', '51', '67', '32', '19'}
| +-- , 48 , set() , {'16', '72', '44', '34', '32', '36', '12', '52'}
| +-- , 3 , {5} , {'46', '15', '26', '30', '62', '53', '37', '14', '34', '56', '68', '35', '72', '65', '57', '66', '17', '27', '28', '36', '48', '44', '20', '4', '75', '21', '12', '61', '10', '9', '51', '67', '32', '19'}
| | +-- , 5 , {38, 40, 11} , {'46', '62', '30', '24', '7', '53', '37', '72', '57', '17', '27', '28', '36', '48', '44', '18', '21', '33', '9', '51', '67', '19', '15', '26', '14', '34', '56', '68', '35', '65', '20', '4', '75', '69', '12', '61', '10', '59', '32'}
| | | +-- , 38 , set() , {'33', '18', '24', '4', '7', '69', '21', '25'}
| | | +-- , 40 , set() , {'44', '10', '59', '49', '37', '56'}
| | | +-- , 11 , {34, 18, 36} , {'46', '62', '30', '24', '7', '53', '37', '58', '72', '57', '17', '27', '28', '36', '48', '44', '18', '33', '9', '45', '51', '22', '67', '19', '15', '26', '64', '13', '14', '34', '56', '68', '0', '35', '65', '38', '6', '20', '4', '75', '69', '12', '61', '71', '10', '59', '32'}
| | | | +-- , 34 , set() , {'60', '33', '65', '64', '45', '51', '13', '0'}
| | | | +-- , 18 , {32, 20, 30} , {'46', '62', '30', '26', '64', '24', '7', '53', '13', '37', '42', '58', '14', '34', '56', '0', '68', '35', '72', '65', '57', '17', '38', '27', '1', '28', '36', '6', '48', '44', '18', '20', '4', '75', '69', '12', '61', '71', '10', '33', '9', '45', '22', '51', '59', '67', '32', '19', '11'}
| | | | | +-- , 32 , set() , {'35', '55', '51', '1', '36', '23', '68'}
| | | | | +-- , 20 , {22} , {'46', '62', '30', '24', '7', '53', '37', '42', '58', '72', '8', '57', '17', '1', '28', '48', '44', '18', '22', '45', '67', '19', '11', '26', '64', '14', '34', '56', '0', '65', '38', '6', '20', '4', '75', '69', '12', '61', '71', '59', '32', '43'}
| | | | | | +-- , 22 , {24} , {'46', '26', '30', '62', '24', '7', '53', '42', '58', '56', '14', '72', '65', '8', '57', '17', '1', '28', '6', '48', '18', '20', '31', '70', '4', '75', '69', '12', '61', '71', '22', '45', '59', '67', '32', '19', '11', '43'}
| | | | | | | +-- , 24 , {26, 28} , {'46', '26', '30', '62', '24', '53', '42', '58', '72', '65', '8', '57', '2', '17', '28', '48', '18', '20', '31', '70', '4', '75', '69', '12', '61', '22', '45', '59', '67', '32', '19', '11', '43'}
| | | | | | | | +-- , 26 , set() , {'46', '26', '30', '24', '53', '42', '58', '72', '65', '8', '54', '57', '2', '5', '18', '20', '31', '70', '69', '61', '74', '47', '45', '76', '67', '32', '19', '11', '43'}
| | | | | | | | +-- , 28 , set() , {'30', '8', '4', '2', '39', '22', '17', '32', '58', '12', '11', '48', '43'}
| | | | | +-- , 30 , set() , {'29', '9', '27', '13', '19', '11', '77'}
| | | | +-- , 36 , set() , {'46', '64', '4', '69', '27', '32', '3', '61'}
| +-- , 42 , set() , {'35', '73', '10', '30', '17', '9', '56', '68'}
| +-- , 44 , set() , {'46', '62', '27', '21', '37', '56', '48', '63'}
| +-- , 46 , set() , {'35', '72', '15', '50', '20', '17', '51', '61'}


Max number of edges with non zero Y: 29
Max number of iterations of outer rounding loop: 9
Max number of candidate sets: 2
Time spent rounding: 55.136
Time spent solving Separator LP: 18.088
Total time spent solving: 81.720

LP Solver: GaifmanNormal
Lower Bound Witness = ({'46', '26', '64', '30', '62', '55', '24', '7', '53', '13', '37', '42', '34', '56', '0', '68', '58', '14', '35', '72', '65', '8', '54', '57', '2', '17', '38', '27', '1', '28', '6', '36', '48', '44', '5', '18', '20', '31', '70', '4', '75', '69', '39', '23', '12', '61', '71', '74', '10', '33', '29', '47', '9', '45', '22', '76', '59', '67', '32', '51', '19', '11', '77', '43'}, {'46', '26', '64', '30', '62', '24', '7', '53', '13', '37', '14', '34', '56', '68', '0', '58', '35', '72', '65', '57', '17', '38', '27', '28', '6', '36', '48', '44', '18', '20', '4', '75', '69', '12', '61', '71', '10', '33', '9', '45', '22', '51', '59', '67', '32', '19'})