49, 0, 10.0, 10
+-- , 0 , {3, 67, 5, 69, 7, 71, 73, 17, 19, 83, 21, 85, 87, 89, 31, 99} , {'xL9J', 'zL12J', 'zL63J', 'xL1J', 'w18', 'xL0J', 'zL55J', 'xL4J', 'xL3J', 'xL6J', 'xL8J', 'w16', 'xL2J', 'zL31J', 'xL5J', 'w10'}
| +-- , 3 , set() , {'xL9J', 'zL47J', 'zL44J', 'xL6J', 'xL8J', 'yL11J', 'xL0J', 'zL46J', 'xL5J', 'w14', 'zL45J'}
| +-- , 67 , set() , {'xL3J', 'xL6J', 'zL18J', 'w7', 'zL19J', 'yL4J', 'xL2J', 'zL16J', 'xL1J', 'xL5J', 'zL17J'}
| +-- , 5 , set() , {'xL3J', 'xL6J', 'xL8J', 'zL73J', 'yL18J', 'zL72J', 'xL1J', 'w21', 'zL74J', 'xL5J', 'zL75J'}
| +-- , 69 , set() , {'xL3J', 'xL9J', 'zL58J', 'zL56J', 'yL14J', 'xL8J', 'zL57J', 'zL59J', 'xL0J', 'xL5J', 'w17'}
| +-- , 7 , {9} , {'w15', 'xL9J', 'xL3J', 'zL51J', 'xL2J', 'xL0J', 'xL4J'}
| | +-- , 9 , {11} , {'xL9J', 'zL50J', 'zL51J', 'xL2J', 'xL0J', 'xL4J'}
| | | +-- , 11 , {13} , {'xL9J', 'zL50J', 'xL0J', 'zL49J', 'xL4J'}
| | | | +-- , 13 , {15} , {'xL9J', 'zL48J', 'xL0J', 'zL49J'}
| | | | | +-- , 15 , set() , {'zL48J', 'xL0J', 'yL12J'}
| +-- , 71 , set() , {'xL6J', 'xL9J', 'zL37J', 'zL38J', 'xL2J', 'zL36J', 'xL5J', 'zL39J', 'w12', 'yL9J', 'xL4J'}
| +-- , 73 , {75, 79} , {'xL3J', 'xL9J', 'zL42J', 'xL2J', 'xL5J', 'zL41J', 'xL4J'}
| | +-- , 75 , {77} , {'xL3J', 'zL42J', 'zL43J', 'xL4J'}
| | | +-- , 77 , set() , {'w13', 'zL43J', 'xL4J'}
| | +-- , 79 , {81} , {'xL9J', 'zL40J', 'xL5J', 'zL41J'}
| | | +-- , 81 , set() , {'xL5J', 'zL40J', 'yL10J'}
| +-- , 17 , set() , {'xL6J', 'xL8J', 'w22', 'yL19J', 'zL78J', 'xL1J', 'zL77J', 'xL0J', 'zL76J', 'zL79J', 'xL4J'}
| +-- , 19 , set() , {'zL1J', 'xL9J', 'yL0J', 'zL3J', 'w3', 'xL1J', 'xL2J', 'zL0J', 'xL0J', 'zL2J', 'xL4J'}
| +-- , 83 , set() , {'xL3J', 'xL9J', 'w5', 'xL6J', 'zL9J', 'yL2J', 'zL8J', 'zL10J', 'zL11J', 'xL0J', 'xL5J'}
| +-- , 21 , {27, 23} , {'xL6J', 'xL8J', 'zL6J', 'xL1J', 'xL2J', 'zL5J', 'xL4J'}
| | +-- , 27 , set() , {'zL7J', 'xL8J', 'zL6J', 'w4', 'xL2J'}
| | +-- , 23 , {25} , {'xL1J', 'zL4J', 'zL5J', 'xL4J'}
| | | +-- , 25 , set() , {'yL1J', 'zL4J', 'xL4J'}
| +-- , 85 , set() , {'zL12J', 'yL3J', 'xL4J'}
| +-- , 87 , set() , {'xL9J', 'zL34J', 'xL1J', 'zL35J', 'w11', 'yL8J', 'xL0J', 'xL5J', 'zL32J', 'zL33J', 'xL4J'}
| +-- , 89 , {91} , {'xL3J', 'xL6J', 'zL24J', 'xL1J', 'xL0J', 'xL5J', 'yL6J'}
| | +-- , 91 , {93} , {'xL6J', 'zL24J', 'xL1J', 'xL0J', 'xL5J', 'zL25J'}
| | | +-- , 93 , {95} , {'zL26J', 'xL6J', 'xL0J', 'xL5J', 'zL25J'}
| | | | +-- , 95 , {97} , {'zL26J', 'xL6J', 'zL27J', 'xL0J'}
| | | | | +-- , 97 , set() , {'w9', 'zL27J', 'xL0J'}
| +-- , 31 , {65, 33} , {'xL9J', 'zL12J', 'zL71J', 'zL63J', 'zL67J', 'zL66J', 'xL1J', 'xL0J', 'w20', 'zL55J', 'xL4J', 'xL3J', 'xL6J', 'xL8J', 'zL30J', 'xL2J', 'zL31J', 'xL5J'}
| | +-- , 65 , set() , {'zL67J', 'w19', 'xL0J'}
| | +-- , 33 , {35, 43, 51, 55, 59, 63} , {'zL12J', 'xL9J', 'zL71J', 'zL63J', 'zL66J', 'xL0J', 'zL29J', 'zL55J', 'xL4J', 'xL3J', 'xL6J', 'xL8J', 'zL30J', 'xL2J', 'zL65J', 'xL7J', 'yL15J', 'zL62J', 'xL5J', 'zL60J'}
| | | +-- , 35 , {37} , {'xL3J', 'xL6J', 'zL71J', 'zL70J', 'xL7J', 'xL4J'}
| | | | +-- , 37 , {39} , {'xL3J', 'zL70J', 'xL7J', 'zL69J', 'xL4J'}
| | | | | +-- , 39 , {41} , {'xL3J', 'zL69J', 'zL68J', 'xL4J'}
| | | | | | +-- , 41 , set() , {'xL3J', 'zL68J', 'yL17J'}
| | | +-- , 43 , {45} , {'xL3J', 'xL2J', 'xL7J', 'xL5J', 'zL55J', 'zL54J'}
| | | | +-- , 45 , {47} , {'xL3J', 'xL2J', 'xL7J', 'zL54J', 'zL53J'}
| | | | | +-- , 47 , {49} , {'xL2J', 'xL7J', 'zL52J', 'zL53J'}
| | | | | | +-- , 49 , set() , {'zL52J', 'xL2J', 'yL13J'}
| | | +-- , 51 , {53} , {'xL3J', 'xL9J', 'zL12J', 'xL8J', 'xL7J', 'zL13J'}
| | | | +-- , 53 , set() , {'xL3J', 'xL8J', 'zL14J', 'zL15J', 'xL7J', 'zL13J', 'w6'}
| | | +-- , 55 , {57} , {'zL65J', 'zL64J', 'xL8J', 'xL4J'}
| | | | +-- , 57 , set() , {'zL64J', 'yL16J', 'xL4J'}
| | | +-- , 59 , {61} , {'xL7J', 'zL29J', 'xL8J', 'zL28J'}
| | | | +-- , 61 , set() , {'zL28J', 'yL7J', 'xL8J'}
| | | +-- , 63 , set() , {'zL61J', 'xL7J', 'zL62J', 'zL60J', 'xL4J'}
| +-- , 99 , set() , {'xL9J', 'zL22J', 'zL21J', 'xL8J', 'yL5J', 'xL2J', 'zL20J', 'zL23J', 'xL0J', 'xL5J', 'w8'}


Max number of edges with non zero Y: 61
Max number of iterations of outer rounding loop: 1
Max number of candidate sets: 2
Time spent rounding: 2.148
Time spent solving Separator LP: 0.008
Total time spent solving: 5.440

LP Solver: gammaPlusFractionalCoverHeuristic
Lower Bound Witness = ({'w15', 'yL14J', 'yL11J', 'yL12J', 'zL63J', 'zL3J', 'xL0J', 'zL46J', 'zL23J', 'yL9J', 'zL50J', 'zL16J', 'zL60J', 'w17', 'zL0J', 'w12', 'zL45J', 'zL1J', 'w5', 'zL64J', 'yL10J', 'yL15J', 'zL25J', 'zL47J', 'zL22J', 'zL7J', 'zL18J', 'zL71J', 'zL72J', 'zL66J', 'yL8J', 'w20', 'zL55J', 'zL5J', 'zL44J', 'yL1J', 'zL42J', 'yL5J', 'w16', 'yL16J', 'w3', 'w21', 'w6', 'xL5J', 'zL37J', 'zL74J', 'zL67J', 'zL48J', 'zL15J', 'w18', 'zL52J', 'w8', 'yL13J', 'zL21J', 'zL6J', 'zL53J', 'zL51J', 'yL4J', 'zL32J', 'yL3J', 'zL79J', 'zL12J', 'zL9J', 'w22', 'zL34J', 'zL69J', 'yL0J', 'zL33J', 'zL75J', 'xL4J', 'zL40J', 'w19', 'zL19J', 'zL10J', 'zL70J', 'zL65J', 'xL7J', 'zL13J', 'zL62J', 'w11', 'zL39J', 'zL41J', 'yL2J', 'zL4J', 'zL58J', 'zL61J', 'w7', 'yL19J', 'zL35J', 'zL31J', 'zL68J', 'w10', 'zL73J', 'yL18J', 'xL1J', 'zL27J', 'zL36J', 'w13', 'zL77J', 'w14', 'w4', 'zL43J', 'zL57J', 'zL11J', 'xL2J', 'zL20J', 'zL54J', 'zL56J', 'xL9J', 'zL14J', 'zL8J', 'zL78J', 'zL29J', 'zL28J', 'zL2J', 'zL38J', 'yL7J', 'zL49J', 'xL3J', 'xL6J', 'zL26J', 'xL8J', 'zL24J', 'zL30J', 'w9', 'zL59J', 'yL17J', 'yL6J', 'zL76J', 'zL17J'}, {'w9', 'zL68J', 'w13', 'yL3J', 'zL33J'})