68, 2.948003622526404, 10.0, 10
+-- , 0 , {129, 67, 133, 5, 137, 73, 75, 85, 87, 91, 97, 101, 103, 109, 111, 49, 115, 61, 55, 57, 59, 125, 63} , {'zL9J', 'xL9J', 'zL22J', 'zL8J', 'zL78J', 'zL66J', 'zL0J', 'xL0J', 'zL5J', 'zL38J', 'zL45J', 'xL4J', 'xL3J', 'zL40J', 'xL6J', 'xL8J', 'zL53J', 'xL2J', 'zL65J', 'xL7J', 'xL5J', 'zL54J', 'zL41J', 'zL37J'}
| +-- , 129 , {131} , {'xL6J', 'zL44J', 'xL0J', 'zL45J'}
| | +-- , 131 , set() , {'xL6J', 'zL44J', 'yL11J'}
| +-- , 67 , {69} , {'xL9J', 'zL22J', 'zL21J', 'xL0J', 'xL5J'}
| | +-- , 69 , {71} , {'xL9J', 'zL20J', 'zL21J', 'xL0J'}
| | | +-- , 71 , set() , {'zL20J', 'xL0J', 'yL5J'}
| +-- , 133 , {135} , {'xL2J', 'zL22J', 'xL8J', 'zL23J'}
| | +-- , 135 , set() , {'xL8J', 'w8', 'zL23J'}
| +-- , 5 , {7, 47} , {'xL9J', 'zL78J', 'zL66J', 'zL0J', 'zL77J', 'xL0J', 'zL5J', 'zL33J', 'xL4J', 'xL3J', 'xL6J', 'xL8J', 'zL24J', 'xL2J', 'xL5J', 'zL32J', 'yL6J'}
| | +-- , 7 , {35, 37, 9, 11, 43, 15, 19, 27} , {'xL9J', 'zL67J', 'zL66J', 'xL1J', 'zL0J', 'zL77J', 'xL0J', 'zL5J', 'zL33J', 'zL75J', 'xL4J', 'xL3J', 'xL6J', 'xL8J', 'zL24J', 'w21', 'xL2J', 'xL5J'}
| | | +-- , 35 , set() , {'zL67J', 'w19', 'xL0J'}
| | | +-- , 37 , {39} , {'xL1J', 'xL0J', 'xL5J', 'zL34J', 'zL33J'}
| | | | +-- , 39 , {41} , {'xL1J', 'zL35J', 'xL5J', 'zL34J'}
| | | | | +-- , 41 , set() , {'xL1J', 'zL35J', 'w11'}
| | | +-- , 9 , set() , {'xL3J', 'xL6J', 'zL18J', 'w7', 'zL19J', 'yL4J', 'xL2J', 'zL16J', 'xL1J', 'xL5J', 'zL17J'}
| | | +-- , 11 , {13} , {'xL3J', 'xL6J', 'xL1J', 'zL74J', 'xL5J', 'zL75J'}
| | | | +-- , 13 , set() , {'xL3J', 'zL73J', 'yL18J', 'zL72J', 'xL1J', 'xL5J', 'zL74J'}
| | | +-- , 43 , {45} , {'xL6J', 'xL1J', 'zL77J', 'zL76J'}
| | | | +-- , 45 , set() , {'xL6J', 'zL76J', 'yL19J'}
| | | +-- , 15 , {17} , {'xL1J', 'zL4J', 'zL5J', 'xL4J'}
| | | | +-- , 17 , set() , {'yL1J', 'zL4J', 'xL4J'}
| | | +-- , 19 , {21} , {'xL6J', 'zL24J', 'xL1J', 'xL0J', 'xL5J', 'zL25J'}
| | | | +-- , 21 , {23} , {'zL26J', 'xL6J', 'xL0J', 'xL5J', 'zL25J'}
| | | | | +-- , 23 , {25} , {'zL26J', 'xL6J', 'zL27J', 'xL0J'}
| | | | | | +-- , 25 , set() , {'w9', 'zL27J', 'xL0J'}
| | | +-- , 27 , {29} , {'zL1J', 'xL9J', 'xL1J', 'xL2J', 'zL0J', 'xL0J'}
| | | | +-- , 29 , {31} , {'zL1J', 'xL9J', 'xL2J', 'xL0J', 'zL2J'}
| | | | | +-- , 31 , {33} , {'xL9J', 'xL2J', 'zL2J', 'zL3J'}
| | | | | | +-- , 33 , set() , {'w3', 'xL2J', 'zL3J'}
| | +-- , 47 , set() , {'zL32J', 'yL8J', 'xL4J'}
| +-- , 137 , set() , {'yL0J', 'xL4J', 'zL0J'}
| +-- , 73 , set() , {'yL2J', 'zL8J', 'xL0J'}
| +-- , 75 , {77} , {'w15', 'xL9J', 'xL3J', 'zL51J', 'xL2J', 'xL0J', 'xL4J'}
| | +-- , 77 , {79} , {'xL9J', 'zL50J', 'zL51J', 'xL2J', 'xL0J', 'xL4J'}
| | | +-- , 79 , {81} , {'xL9J', 'zL50J', 'xL0J', 'zL49J', 'xL4J'}
| | | | +-- , 81 , {83} , {'xL9J', 'zL48J', 'xL0J', 'zL49J'}
| | | | | +-- , 83 , set() , {'zL48J', 'xL0J', 'yL12J'}
| +-- , 85 , set() , {'xL8J', 'w22', 'zL78J', 'zL79J', 'xL4J'}
| +-- , 87 , {89} , {'xL6J', 'xL2J', 'xL8J', 'zL6J', 'zL5J'}
| | +-- , 89 , set() , {'zL7J', 'xL8J', 'zL6J', 'w4', 'xL2J'}
| +-- , 91 , {93, 95} , {'xL3J', 'xL9J', 'zL12J', 'xL8J', 'xL7J', 'zL13J', 'xL4J'}
| | +-- , 93 , set() , {'zL12J', 'yL3J', 'xL4J'}
| | +-- , 95 , set() , {'xL3J', 'xL8J', 'zL14J', 'zL15J', 'xL7J', 'zL13J', 'w6'}
| +-- , 97 , {99} , {'zL65J', 'zL64J', 'xL8J', 'xL4J'}
| | +-- , 99 , set() , {'zL64J', 'yL16J', 'xL4J'}
| +-- , 101 , set() , {'xL3J', 'zL42J', 'zL43J', 'xL2J', 'w13', 'zL41J', 'xL4J'}
| +-- , 103 , {105} , {'xL3J', 'xL9J', 'xL6J', 'zL9J', 'zL10J'}
| | +-- , 105 , {107} , {'zL11J', 'xL9J', 'xL3J', 'zL10J'}
| | | +-- , 107 , set() , {'zL11J', 'w5', 'xL3J'}
| +-- , 109 , set() , {'xL3J', 'zL61J', 'xL8J', 'zL63J', 'w18', 'yL15J', 'xL7J', 'zL62J', 'xL0J', 'zL60J', 'xL4J'}
| +-- , 111 , {113} , {'xL6J', 'zL36J', 'zL37J', 'xL4J'}
| | +-- , 113 , set() , {'xL6J', 'zL36J', 'yL9J'}
| +-- , 49 , {51} , {'xL9J', 'xL8J', 'zL46J', 'xL5J', 'zL45J'}
| | +-- , 51 , {53} , {'xL9J', 'zL47J', 'zL46J', 'xL5J'}
| | | +-- , 53 , set() , {'xL9J', 'zL47J', 'w14'}
| +-- , 115 , {121, 117} , {'xL3J', 'xL6J', 'zL69J', 'zL70J', 'xL2J', 'xL7J', 'xL4J'}
| | +-- , 121 , {123} , {'xL6J', 'xL2J', 'zL70J', 'zL71J'}
| | | +-- , 123 , set() , {'xL2J', 'zL71J', 'w20'}
| | +-- , 117 , {119} , {'xL3J', 'zL69J', 'zL68J', 'xL4J'}
| | | +-- , 119 , set() , {'xL3J', 'zL68J', 'yL17J'}
| +-- , 61 , set() , {'xL5J', 'zL40J', 'yL10J'}
| +-- , 55 , set() , {'xL3J', 'xL9J', 'zL58J', 'zL56J', 'yL14J', 'xL8J', 'zL57J', 'zL59J', 'xL0J', 'xL5J', 'w17'}
| +-- , 57 , set() , {'xL2J', 'xL5J', 'zL38J', 'w12', 'zL39J'}
| +-- , 59 , set() , {'yL7J', 'xL8J', 'zL28J', 'zL30J', 'xL7J', 'zL31J', 'zL29J', 'xL0J', 'xL5J', 'w10', 'xL4J'}
| +-- , 125 , {127} , {'xL2J', 'xL7J', 'zL52J', 'zL53J'}
| | +-- , 127 , set() , {'zL52J', 'xL2J', 'yL13J'}
| +-- , 63 , {65} , {'xL9J', 'xL5J', 'zL55J', 'zL54J'}
| | +-- , 65 , set() , {'xL9J', 'zL55J', 'w16'}


Max number of edges with non zero Y: 37
Max number of iterations of outer rounding loop: 1
Max number of candidate sets: 2
Time spent rounding: 10.303
Time spent solving Separator LP: 13.630
Total time spent solving: 31.710

LP Solver: GaifmanNormal
Lower Bound Witness = ({'w15', 'yL14J', 'yL11J', 'yL12J', 'zL63J', 'zL3J', 'xL0J', 'zL46J', 'zL23J', 'yL9J', 'zL50J', 'zL16J', 'zL60J', 'w17', 'zL0J', 'w12', 'zL45J', 'zL1J', 'w5', 'zL64J', 'yL10J', 'yL15J', 'zL25J', 'zL47J', 'zL22J', 'zL7J', 'zL18J', 'zL71J', 'zL72J', 'zL66J', 'yL8J', 'w20', 'zL55J', 'zL5J', 'zL44J', 'yL1J', 'zL42J', 'yL5J', 'w16', 'yL16J', 'w3', 'w21', 'w6', 'xL5J', 'zL37J', 'zL74J', 'zL67J', 'zL48J', 'zL15J', 'w18', 'zL52J', 'w8', 'yL13J', 'zL21J', 'zL6J', 'zL53J', 'zL51J', 'yL4J', 'zL32J', 'yL3J', 'zL79J', 'zL12J', 'zL9J', 'w22', 'zL34J', 'zL69J', 'yL0J', 'zL33J', 'zL75J', 'xL4J', 'zL40J', 'w19', 'zL19J', 'zL10J', 'zL70J', 'zL65J', 'xL7J', 'zL13J', 'zL62J', 'w11', 'zL39J', 'zL41J', 'yL2J', 'zL4J', 'zL58J', 'zL61J', 'w7', 'yL19J', 'zL35J', 'zL31J', 'zL68J', 'w10', 'zL73J', 'yL18J', 'xL1J', 'zL27J', 'zL36J', 'w13', 'zL77J', 'w14', 'w4', 'zL43J', 'zL57J', 'zL11J', 'xL2J', 'zL20J', 'zL54J', 'zL56J', 'xL9J', 'zL14J', 'zL8J', 'zL78J', 'zL29J', 'zL28J', 'zL2J', 'zL38J', 'yL7J', 'zL49J', 'xL3J', 'xL6J', 'zL26J', 'xL8J', 'zL24J', 'zL30J', 'w9', 'zL59J', 'yL17J', 'yL6J', 'zL76J', 'zL17J'}, {'zL12J', 'zL9J', 'yL18J', 'yL0J', 'zL36J', 'zL23J', 'zL46J', 'w20', 'zL5J', 'zL40J', 'yL1J', 'zL44J', 'zL50J', 'zL16J', 'zL65J', 'zL13J', 'w6', 'xL5J', 'zL37J', 'xL9J', 'zL8J', 'zL78J', 'zL52J', 'zL49J', 'xL3J', 'zL64J', 'zL6J', 'zL24J', 'zL51J', 'yL4J', 'zL79J'})