68, 3.3906102444230313, 11.0, 11
+-- , 0 , {129, 67, 133, 5, 137, 73, 75, 81, 87, 89, 93, 95, 97, 105, 109, 111, 113, 121} , {'zL9J', 'xL9J', 'zL69J', 'zL34J', 'zL68J', 'zL3J', 'zL23J', 'xL0J', 'zL28J', 'zL2J', 'yL7J', 'zL33J', 'xL4J', 'w8', 'xL3J', 'zL61J', 'zL42J', 'xL8J', 'zL43J', 'zL51J', 'zL57J', 'xL2J', 'xL7J', 'xL5J', 'zL60J', 'zL56J', 'zL37J'}
| +-- , 129 , {131} , {'zL9J', 'xL0J', 'xL5J', 'zL8J'}
| | +-- , 131 , set() , {'yL2J', 'zL8J', 'xL0J'}
| +-- , 67 , {69, 71} , {'xL3J', 'xL9J', 'zL12J', 'xL8J', 'xL7J', 'zL13J', 'xL4J'}
| | +-- , 69 , set() , {'zL12J', 'yL3J', 'xL4J'}
| | +-- , 71 , set() , {'xL3J', 'xL8J', 'zL14J', 'zL15J', 'xL7J', 'zL13J', 'w6'}
| +-- , 133 , {135} , {'xL9J', 'zL32J', 'zL33J', 'xL4J'}
| | +-- , 135 , set() , {'zL32J', 'yL8J', 'xL4J'}
| +-- , 5 , {7} , {'xL9J', 'zL9J', 'zL69J', 'zL34J', 'zL36J', 'xL0J', 'zL2J', 'xL4J', 'xL3J', 'w5', 'xL8J', 'zL11J', 'zL70J', 'xL2J', 'xL7J', 'xL5J', 'zL37J'}
| | +-- , 7 , {9, 63} , {'xL9J', 'zL9J', 'zL18J', 'zL34J', 'zL36J', 'xL0J', 'zL46J', 'zL2J', 'zL45J', 'xL4J', 'xL3J', 'xL8J', 'zL19J', 'zL11J', 'zL70J', 'xL2J', 'xL7J', 'xL5J'}
| | | +-- , 9 , {11, 17, 51, 53, 57} , {'xL9J', 'zL9J', 'zL18J', 'zL34J', 'xL1J', 'zL36J', 'xL0J', 'zL2J', 'zL45J', 'xL4J', 'xL3J', 'xL8J', 'zL19J', 'zL11J', 'zL70J', 'xL2J', 'xL7J', 'xL5J'}
| | | | +-- , 11 , {13} , {'xL3J', 'xL1J', 'zL18J', 'xL5J', 'zL17J'}
| | | | | +-- , 13 , {15} , {'zL16J', 'xL1J', 'xL5J', 'zL17J'}
| | | | | | +-- , 15 , set() , {'xL5J', 'yL4J', 'zL16J'}
| | | | +-- , 17 , {19, 23} , {'zL9J', 'xL9J', 'zL73J', 'xL1J', 'zL36J', 'xL0J', 'zL45J', 'xL4J', 'xL3J', 'zL44J', 'xL8J', 'zL24J', 'zL19J', 'zL10J', 'zL11J', 'zL70J', 'xL2J', 'xL5J', 'yL6J', 'zL74J'}
| | | | | +-- , 19 , {21} , {'xL3J', 'zL73J', 'zL72J', 'xL5J'}
| | | | | | +-- , 21 , set() , {'xL5J', 'yL18J', 'zL72J'}
| | | | | +-- , 23 , {33, 35, 41, 43, 45, 47, 49, 25} , {'zL9J', 'zL71J', 'xL1J', 'zL36J', 'xL0J', 'zL25J', 'zL75J', 'xL4J', 'xL6J', 'zL44J', 'xL8J', 'zL24J', 'zL19J', 'zL10J', 'zL70J', 'xL2J', 'xL5J', 'zL74J'}
| | | | | | +-- , 33 , set() , {'xL6J', 'xL8J', 'w22', 'yL19J', 'zL78J', 'xL1J', 'zL77J', 'xL0J', 'zL76J', 'zL79J', 'xL4J'}
| | | | | | +-- , 35 , {37} , {'zL26J', 'xL6J', 'xL0J', 'xL5J', 'zL25J'}
| | | | | | | +-- , 37 , {39} , {'zL26J', 'xL6J', 'zL27J', 'xL0J'}
| | | | | | | | +-- , 39 , set() , {'w9', 'zL27J', 'xL0J'}
| | | | | | +-- , 41 , set() , {'xL6J', 'w7', 'zL19J'}
| | | | | | +-- , 43 , set() , {'xL6J', 'zL36J', 'yL9J'}
| | | | | | +-- , 45 , set() , {'w21', 'zL75J', 'xL8J'}
| | | | | | +-- , 47 , set() , {'xL2J', 'zL71J', 'w20'}
| | | | | | +-- , 49 , set() , {'xL6J', 'zL44J', 'yL11J'}
| | | | | | +-- , 25 , {27, 31} , {'xL6J', 'xL8J', 'zL6J', 'xL1J', 'xL2J', 'zL5J', 'xL4J'}
| | | | | | | +-- , 27 , {29} , {'xL1J', 'zL4J', 'zL5J', 'xL4J'}
| | | | | | | | +-- , 29 , set() , {'yL1J', 'zL4J', 'xL4J'}
| | | | | | | +-- , 31 , set() , {'zL7J', 'xL8J', 'zL6J', 'w4', 'xL2J'}
| | | | +-- , 51 , set() , {'zL64J', 'w19', 'xL8J', 'zL67J', 'yL16J', 'zL66J', 'xL1J', 'zL65J', 'xL7J', 'xL0J', 'xL4J'}
| | | | +-- , 53 , {55} , {'xL1J', 'zL35J', 'xL5J', 'zL34J'}
| | | | | +-- , 55 , set() , {'xL1J', 'zL35J', 'w11'}
| | | | +-- , 57 , {59} , {'zL1J', 'xL1J', 'xL0J', 'zL2J', 'xL4J'}
| | | | | +-- , 59 , {61} , {'zL1J', 'xL1J', 'zL0J', 'xL4J'}
| | | | | | +-- , 61 , set() , {'yL0J', 'xL4J', 'zL0J'}
| | | +-- , 63 , {65} , {'xL9J', 'zL47J', 'zL46J', 'xL5J'}
| | | | +-- , 65 , set() , {'xL9J', 'zL47J', 'w14'}
| +-- , 137 , set() , {'zL56J', 'yL14J', 'xL0J'}
| +-- , 73 , set() , {'zL60J', 'yL15J', 'xL8J'}
| +-- , 75 , {77} , {'xL3J', 'zL61J', 'zL62J', 'xL0J', 'xL4J'}
| | +-- , 77 , {79} , {'xL3J', 'zL62J', 'xL0J', 'zL63J'}
| | | +-- , 79 , set() , {'xL3J', 'zL63J', 'w18'}
| +-- , 81 , {83} , {'xL9J', 'xL2J', 'zL42J', 'xL5J', 'zL41J'}
| | +-- , 83 , {85} , {'xL9J', 'zL40J', 'xL5J', 'zL41J'}
| | | +-- , 85 , set() , {'xL5J', 'zL40J', 'yL10J'}
| +-- , 87 , set() , {'xL3J', 'xL9J', 'zL52J', 'yL13J', 'zL53J', 'w16', 'xL2J', 'xL7J', 'xL5J', 'zL55J', 'zL54J'}
| +-- , 89 , {91} , {'xL9J', 'zL58J', 'zL59J', 'xL8J', 'xL5J', 'zL57J'}
| | +-- , 91 , set() , {'xL9J', 'w17', 'zL59J'}
| +-- , 93 , set() , {'w15', 'zL51J', 'xL3J'}
| +-- , 95 , set() , {'xL3J', 'zL68J', 'yL17J'}
| +-- , 97 , {99} , {'xL9J', 'zL50J', 'zL51J', 'xL2J', 'xL0J', 'xL4J'}
| | +-- , 99 , {101} , {'xL9J', 'zL50J', 'xL0J', 'zL49J', 'xL4J'}
| | | +-- , 101 , {103} , {'xL9J', 'zL48J', 'xL0J', 'zL49J'}
| | | | +-- , 103 , set() , {'zL48J', 'xL0J', 'yL12J'}
| +-- , 105 , {107} , {'xL9J', 'xL2J', 'xL5J', 'zL38J', 'zL37J'}
| | +-- , 107 , set() , {'xL2J', 'xL5J', 'zL38J', 'w12', 'zL39J'}
| +-- , 109 , set() , {'w13', 'zL43J', 'xL4J'}
| +-- , 111 , set() , {'w3', 'xL2J', 'zL3J'}
| +-- , 113 , {115} , {'xL5J', 'xL7J', 'zL29J', 'xL0J', 'zL28J', 'xL4J'}
| | +-- , 115 , {117} , {'zL29J', 'xL0J', 'xL5J', 'zL30J', 'xL4J'}
| | | +-- , 117 , {119} , {'zL31J', 'xL0J', 'zL30J', 'xL4J'}
| | | | +-- , 119 , set() , {'w10', 'zL31J', 'xL4J'}
| +-- , 121 , {123} , {'xL9J', 'zL22J', 'xL2J', 'zL23J', 'xL0J', 'xL5J'}
| | +-- , 123 , {125} , {'xL9J', 'zL22J', 'zL21J', 'xL0J', 'xL5J'}
| | | +-- , 125 , {127} , {'xL9J', 'zL20J', 'zL21J', 'xL0J'}
| | | | +-- , 127 , set() , {'zL20J', 'xL0J', 'yL5J'}


Max number of edges with non zero Y: 34
Max number of iterations of outer rounding loop: 4
Max number of candidate sets: 2
Time spent rounding: 12.725
Time spent solving Separator LP: 17.637
Total time spent solving: 40.287

LP Solver: GaifmanBoosted
Lower Bound Witness = ({'w15', 'yL14J', 'yL11J', 'yL12J', 'zL63J', 'zL3J', 'xL0J', 'zL46J', 'zL23J', 'yL9J', 'zL50J', 'zL16J', 'zL60J', 'w17', 'zL0J', 'w12', 'zL45J', 'zL1J', 'w5', 'zL64J', 'yL10J', 'yL15J', 'zL25J', 'zL47J', 'zL22J', 'zL7J', 'zL18J', 'zL71J', 'zL72J', 'zL66J', 'yL8J', 'w20', 'zL55J', 'zL5J', 'zL44J', 'yL1J', 'zL42J', 'yL5J', 'w16', 'yL16J', 'w3', 'w21', 'w6', 'xL5J', 'zL37J', 'zL74J', 'zL67J', 'zL48J', 'zL15J', 'w18', 'zL52J', 'w8', 'yL13J', 'zL21J', 'zL6J', 'zL53J', 'zL51J', 'yL4J', 'zL32J', 'yL3J', 'zL79J', 'zL12J', 'zL9J', 'w22', 'zL34J', 'zL69J', 'yL0J', 'zL33J', 'zL75J', 'xL4J', 'zL40J', 'w19', 'zL19J', 'zL10J', 'zL70J', 'zL65J', 'xL7J', 'zL13J', 'zL62J', 'w11', 'zL39J', 'zL41J', 'yL2J', 'zL4J', 'zL58J', 'zL61J', 'w7', 'yL19J', 'zL35J', 'zL31J', 'zL68J', 'w10', 'zL73J', 'yL18J', 'xL1J', 'zL27J', 'zL36J', 'w13', 'zL77J', 'w14', 'w4', 'zL43J', 'zL57J', 'zL11J', 'xL2J', 'zL20J', 'zL54J', 'zL56J', 'xL9J', 'zL14J', 'zL8J', 'zL78J', 'zL29J', 'zL28J', 'zL2J', 'zL38J', 'yL7J', 'zL49J', 'xL3J', 'xL6J', 'zL26J', 'xL8J', 'zL24J', 'zL30J', 'w9', 'zL59J', 'yL17J', 'yL6J', 'zL76J', 'zL17J'}, {'w15', 'yL14J', 'zL7J', 'zL73J', 'zL34J', 'yL18J', 'zL69J', 'zL3J', 'w13', 'w14', 'zL43J', 'w3', 'zL20J', 'zL60J', 'zL56J', 'xL9J', 'zL4J', 'zL8J', 'zL48J', 'zL78J', 'zL28J', 'zL2J', 'zL38J', 'w8', 'zL1J', 'zL6J', 'zL30J', 'zL51J', 'zL35J', 'yL17J', 'zL32J', 'zL17J'})