26, 4.99999905021905, 6.0, 6
+-- , 0 , {32, 34, 3} , {'xL11J', 'xL0J', 'xL4J', 'xL13J', 'xL23J', 'xL5J', 'xL36J', 'xL38J', 'xL34J', 'xL28J'}
| +-- , 32 , set() , {'xL32J', 'xL13J'}
| +-- , 34 , {52, 36, 54} , {'xL11J', 'xL13J', 'xL23J', 'xL18J', 'xL5J', 'xL34J', 'xL36J', 'xL38J', 'xL4J', 'xL28J'}
| | +-- , 52 , set() , {'xL21J', 'xL18J', 'xL5J', 'xL34J', 'xL28J'}
| | +-- , 36 , {38} , {'xL11J', 'xL17J', 'xL13J', 'xL18J', 'xL5J', 'xL36J', 'xL38J', 'xL4J'}
| | | +-- , 38 , {40, 44, 46} , {'xL17J', 'xL35J', 'xL13J', 'xL18J', 'xL36J', 'xL38J', 'xL4J'}
| | | | +-- , 40 , {42} , {'xL35J', 'xL22J', 'xL18J', 'xL38J'}
| | | | | +-- , 42 , set() , {'xL9J', 'xL22J', 'xL38J'}
| | | | +-- , 44 , set() , {'xL35J', 'xL10J'}
| | | | +-- , 46 , {48} , {'xL17J', 'xL35J', 'xL13J', 'xL30J', 'xL36J', 'xL4J'}
| | | | | +-- , 48 , {50} , {'xL17J', 'xL13J', 'xL30J', 'xL36J', 'xL1J'}
| | | | | | +-- , 50 , set() , {'xL13J', 'xL30J', 'xL6J', 'xL1J'}
| | +-- , 54 , set() , {'xL13J', 'xL26J', 'xL18J', 'xL4J'}
| +-- , 3 , {7, 28, 30} , {'xL11J', 'xL7J', 'xL4J', 'xL13J', 'xL39J', 'xL23J', 'xL5J', 'xL27J', 'xL36J', 'xL34J', 'xL28J'}
| | +-- , 7 , {10, 12} , {'xL11J', 'xL7J', 'xL39J', 'xL4J', 'xL34J', 'xL28J', 'xL25J', 'xL13J', 'xL23J', 'xL5J', 'xL19J', 'xL27J'}
| | | +-- , 10 , set() , {'xL25J', 'xL7J', 'xL13J', 'xL39J', 'xL14J'}
| | | +-- , 12 , {20, 14} , {'xL11J', 'xL25J', 'xL7J', 'xL8J', 'xL4J', 'xL13J', 'xL39J', 'xL23J', 'xL27J', 'xL3J', 'xL34J', 'xL28J'}
| | | | +-- , 20 , {22} , {'xL11J', 'xL33J', 'xL25J', 'xL7J', 'xL8J', 'xL2J', 'xL23J', 'xL39J', 'xL27J', 'xL3J', 'xL4J'}
| | | | | +-- , 22 , {24, 26} , {'xL11J', 'xL25J', 'xL7J', 'xL2J', 'xL23J', 'xL39J', 'xL20J'}
| | | | | | +-- , 24 , set() , {'xL24J', 'xL20J', 'xL7J'}
| | | | | | +-- , 26 , set() , {'xL39J', 'xL20J', 'xL37J'}
| | | | +-- , 14 , {16, 18} , {'xL13J', 'xL8J', 'xL27J', 'xL12J', 'xL34J'}
| | | | | +-- , 16 , set() , {'xL12J', 'xL13J', 'xL16J', 'xL34J'}
| | | | | +-- , 18 , set() , {'xL12J', 'xL31J'}
| | +-- , 28 , set() , {'xL27J', 'xL29J', 'xL39J', 'xL7J'}
| | +-- , 30 , set() , {'xL15J', 'xL13J', 'xL39J', 'xL36J'}


Max number of edges with non zero Y: 5
Max number of iterations of outer rounding loop: 0
Max number of candidate sets: 0
Time spent rounding: 0.000
Time spent solving Separator LP: 5.410

LP Solver: GaifmanNormalILP