24, 2.360327481890796, 8.0, 8
+-- , 0 , {5, 37, 9, 41, 45, 49, 51, 23} , {'xL33J', 'xL21J', 'xL25J', 'xL8J', 'xL24J', 'xL9J', 'xL7J', 'xL15J', 'xL16J', 'xL27J', 'xL4J', 'xL39J', 'xL13J', 'xL3J', 'xL29J', 'xL38J'}
| +-- , 5 , set() , {'xL0J', 'xL8J', 'xL38J'}
| +-- , 37 , {39} , {'xL24J', 'xL39J', 'xL1J', 'xL16J'}
| | +-- , 39 , set() , {'xL16J', 'xL24J', 'xL26J', 'xL1J'}
| +-- , 9 , {17, 19, 11} , {'xL15J', 'xL25J', 'xL4J', 'xL24J', 'xL35J', 'xL9J', 'xL3J', 'xL7J', 'xL29J'}
| | +-- , 17 , set() , {'xL22J', 'xL29J', 'xL35J', 'xL3J'}
| | +-- , 19 , {21} , {'xL4J', 'xL24J', 'xL35J', 'xL6J', 'xL7J', 'xL29J'}
| | | +-- , 21 , set() , {'xL32J', 'xL4J', 'xL24J', 'xL35J', 'xL6J', 'xL29J'}
| | +-- , 11 , {13} , {'xL19J', 'xL35J', 'xL15J', 'xL25J'}
| | | +-- , 13 , {15} , {'xL19J', 'xL15J', 'xL25J', 'xL10J'}
| | | | +-- , 15 , set() , {'xL10J', 'xL2J'}
| +-- , 41 , {43} , {'xL11J', 'xL8J'}
| | +-- , 43 , set() , {'xL11J', 'xL30J'}
| +-- , 45 , {47} , {'xL4J', 'xL17J'}
| | +-- , 47 , set() , {'xL28J', 'xL17J'}
| +-- , 49 , set() , {'xL36J', 'xL15J', 'xL31J', 'xL39J', 'xL9J', 'xL13J'}
| +-- , 51 , set() , {'xL15J', 'xL21J', 'xL23J', 'xL39J', 'xL13J'}
| +-- , 23 , {25, 35} , {'xL33J', 'xL15J', 'xL14J', 'xL21J', 'xL25J', 'xL16J', 'xL27J', 'xL4J', 'xL8J', 'xL24J', 'xL13J', 'xL3J', 'xL29J', 'xL38J'}
| | +-- , 25 , {27} , {'xL33J', 'xL14J', 'xL21J', 'xL24J', 'xL15J', 'xL16J', 'xL27J', 'xL4J', 'xL13J', 'xL3J', 'xL29J', 'xL12J', 'xL38J'}
| | | +-- , 27 , {29} , {'xL33J', 'xL21J', 'xL24J', 'xL15J', 'xL16J', 'xL18J', 'xL4J', 'xL27J', 'xL13J', 'xL3J', 'xL12J', 'xL38J'}
| | | | +-- , 29 , {33, 31} , {'xL33J', 'xL34J', 'xL21J', 'xL18J', 'xL4J', 'xL27J', 'xL24J', 'xL13J', 'xL3J', 'xL12J', 'xL38J'}
| | | | | +-- , 33 , set() , {'xL21J', 'xL18J', 'xL34J', 'xL5J'}
| | | | | +-- , 31 , set() , {'xL34J', 'xL4J', 'xL24J', 'xL37J', 'xL13J', 'xL3J', 'xL38J'}
| | +-- , 35 , set() , {'xL14J', 'xL20J', 'xL25J'}


Max number of edges with non zero Y: 23
Max number of iterations of outer rounding loop: 5
Max number of candidate sets: 2
Time spent rounding: 11.314
Time spent solving Separator LP: 0.332

LP Solver: GaifmanNormal