23, 2.0839518312693683, 8.0, 9
+-- , 0 , {48, 52, 7, 42, 44, 46} , {'xL15J', 'xL14J', 'xL34J', 'xL25J', 'xL16J', 'xL18J', 'xL4J', 'xL27J', 'xL35J', 'xL9J', 'xL10J', 'xL12J'}
| +-- , 48 , {50} , {'xL4J', 'xL17J'}
| | +-- , 50 , set() , {'xL28J', 'xL17J'}
| +-- , 52 , set() , {'xL10J', 'xL2J'}
| +-- , 7 , {11} , {'xL14J', 'xL25J', 'xL24J', 'xL22J', 'xL9J', 'xL15J', 'xL34J', 'xL16J', 'xL18J', 'xL4J', 'xL27J', 'xL35J', 'xL26J', 'xL12J'}
| | +-- , 11 , {32, 34, 40, 14} , {'xL14J', 'xL21J', 'xL25J', 'xL24J', 'xL22J', 'xL9J', 'xL15J', 'xL34J', 'xL18J', 'xL4J', 'xL27J', 'xL29J', 'xL35J', 'xL39J', 'xL26J', 'xL12J'}
| | | +-- , 32 , set() , {'xL26J', 'xL39J', 'xL1J'}
| | | +-- , 34 , {36} , {'xL21J', 'xL4J', 'xL24J', 'xL35J', 'xL7J', 'xL29J'}
| | | | +-- , 36 , {38} , {'xL4J', 'xL24J', 'xL35J', 'xL6J', 'xL7J', 'xL29J'}
| | | | | +-- , 38 , set() , {'xL32J', 'xL4J', 'xL24J', 'xL35J', 'xL6J', 'xL29J'}
| | | +-- , 40 , set() , {'xL21J', 'xL18J', 'xL34J', 'xL5J'}
| | | +-- , 14 , {16} , {'xL14J', 'xL21J', 'xL25J', 'xL24J', 'xL22J', 'xL9J', 'xL15J', 'xL34J', 'xL18J', 'xL4J', 'xL39J', 'xL3J', 'xL29J'}
| | | | +-- , 16 , {18, 28} , {'xL15J', 'xL14J', 'xL21J', 'xL34J', 'xL25J', 'xL4J', 'xL8J', 'xL24J', 'xL39J', 'xL9J', 'xL3J', 'xL29J'}
| | | | | +-- , 18 , {20} , {'xL0J', 'xL21J', 'xL3J', 'xL25J', 'xL8J', 'xL24J', 'xL9J', 'xL15J', 'xL34J', 'xL4J', 'xL39J', 'xL37J'}
| | | | | | +-- , 20 , {26, 22} , {'xL0J', 'xL15J', 'xL21J', 'xL25J', 'xL31J', 'xL39J', 'xL9J', 'xL37J', 'xL38J'}
| | | | | | | +-- , 26 , set() , {'xL36J', 'xL15J', 'xL31J', 'xL39J', 'xL9J'}
| | | | | | | +-- , 22 , {24} , {'xL15J', 'xL21J', 'xL31J', 'xL23J', 'xL39J', 'xL37J', 'xL38J'}
| | | | | | | | +-- , 24 , set() , {'xL31J', 'xL23J', 'xL13J', 'xL37J', 'xL38J'}
| | | | | +-- , 28 , {30} , {'xL11J', 'xL8J'}
| | | | | | +-- , 30 , set() , {'xL11J', 'xL30J'}
| +-- , 42 , set() , {'xL14J', 'xL20J', 'xL25J'}
| +-- , 44 , set() , {'xL10J', 'xL19J', 'xL35J'}
| +-- , 46 , set() , {'xL16J', 'xL33J', 'xL34J', 'xL27J'}


Max number of edges with non zero Y: 21
Max number of iterations of outer rounding loop: 5
Max number of candidate sets: 2
Time spent rounding: 31.918
Time spent solving Separator LP: 0.515

LP Solver: GaifmanNormal