10, 0, 6.2, 8
+-- , 22 , {3} , {'20', '11', '4', '27', '48', '46', '41', '26', '32', '22', '9', '42', '37', '2', '18', '13', '44', '43', '36', '31', '38', '1', '15', '21', '3'}
| +-- , 3 , {0, 10} , {'20', '11', '4', '27', '6', '23', '16', '46', '48', '41', '26', '32', '22', '9', '34', '28', '42', '40', '17', '37', '18', '13', '30', '44', '43', '0', '36', '25', '31', '38', '1', '15', '19', '21', '3'}
| | +-- , 0 , {24} , {'20', '4', '6', '30', '19', '16', '48', '41', '9', '28', '42', '0', '36', '25', '37', '38', '45', '21', '3'}
| | | +-- , 24 , set() , {'9', '6', '37', '19', '39', '45', '21', '3'}
| | +-- , 10 , {18, 20, 12} , {'20', '11', '4', '27', '6', '23', '16', '48', '46', '41', '29', '26', '32', '22', '9', '34', '28', '42', '40', '37', '18', '30', '44', '24', '43', '0', '25', '31', '38', '1', '15', '19', '21', '3'}
| | | +-- , 18 , set() , {'32', '9', '27', '0', '25', '29', '16', '8'}
| | | +-- , 20 , set() , {'24', '18', '0', '30', '29', '47', '31', '15', '19'}
| | | +-- , 12 , {16, 14} , {'20', '18', '11', '4', '27', '35', '3', '14', '23', '41', '44', '26', '24', '32', '22', '33', '43', '34', '40', '0', '21', '25', '31', '37', '38', '1', '19', '16', '46'}
| | | | +-- , 16 , set() , {'24', '20', '11', '27', '35', '37', '7', '38', '16'}
| | | | +-- , 14 , set() , {'24', '10', '32', '18', '43', '4', '31', '14', '38', '1', '41', '19', '12', '44', '26'}


Max number of edges with non zero Y: 16
Max number of iterations of outer rounding loop: 2
Max number of candidate sets: 2
Time spent rounding: 0.132
Time spent solving Separator LP: 0.025
Total time spent solving: 0.773

LP Solver: gammaPlusFractionalCoverHeuristic
Number of Rounding Attemps: 1
Lower Bound Witness = ({'10', '20', '11', '4', '27', '6', '47', '23', '16', '48', '46', '41', '29', '26', '32', '22', '9', '34', '28', '42', '40', '17', '37', '2', '45', '8', '12', '18', '13', '30', '35', '14', '7', '39', '44', '24', '33', '43', '0', '36', '25', '31', '38', '1', '15', '19', '21', '3'}, {'20', '6', '30', '31', '39'})