10, 0, 6.0, 8
+-- , 0 , {3, 19, 5, 15} , {'20', '4', '27', '6', '23', '16', '48', '46', '41', '26', '32', '22', '9', '28', '42', '40', '37', '2', '12', '18', '13', '35', '14', '24', '43', '0', '36', '31', '38', '1', '15', '19', '21', '3'}
| +-- , 3 , set() , {'20', '43', '28', '27', '36', '17', '31', '26', '46', '1', '15', '16', '3'}
| +-- , 19 , set() , {'10', '43', '4', '31', '14', '41', '19', '12'}
| +-- , 5 , {13, 7} , {'20', '11', '4', '27', '6', '16', '48', '29', '41', '46', '26', '32', '22', '9', '28', '42', '37', '2', '18', '35', '24', '43', '0', '36', '31', '38', '1', '15', '19', '21', '3'}
| | +-- , 13 , set() , {'24', '20', '11', '27', '35', '37', '7', '38', '16'}
| | +-- , 7 , {9, 11} , {'20', '18', '4', '27', '6', '35', '16', '48', '29', '41', '26', '24', '32', '22', '9', '28', '42', '0', '36', '25', '31', '37', '38', '15', '19', '21', '3'}
| | | +-- , 9 , set() , {'20', '4', '6', '47', '48', '29', '41', '9', '28', '42', '21', '37', '45', '18', '30', '39', '24', '0', '36', '25', '31', '38', '15', '19', '16', '3'}
| | | +-- , 11 , set() , {'32', '9', '27', '0', '25', '29', '16', '8'}
| +-- , 15 , {17} , {'20', '4', '6', '23', '16', '46', '26', '32', '22', '9', '28', '40', '37', '2', '12', '18', '13', '14', '44', '24', '43', '0', '36', '31', '38', '1', '15', '19', '21', '3'}
| | +-- , 17 , set() , {'20', '4', '23', '32', '22', '9', '34', '28', '40', '21', '37', '18', '13', '14', '44', '33', '0', '16', '46'}


Max number of edges with non zero Y: 14
Max number of iterations of outer rounding loop: 1
Max number of candidate sets: 2
Time spent rounding: 0.120
Time spent solving Separator LP: 0.006
Total time spent solving: 0.329

LP Solver: gammaPlusFractionalCoverHeuristic
Number of Rounding Attemps: 8
Lower Bound Witness = ({'10', '20', '11', '4', '27', '6', '47', '23', '16', '48', '46', '41', '29', '26', '32', '22', '9', '34', '28', '42', '40', '17', '37', '2', '45', '8', '12', '18', '13', '30', '35', '14', '7', '39', '44', '24', '33', '43', '0', '36', '25', '31', '38', '1', '15', '19', '21', '3'}, {'33', '42', '35', '17', '12'})