35, 1.8693389863172096, 4.0, 4
+-- , 0 , {3, 52} , {'xL5JL8J', 'xL7JL9J', 'xL9JL9J', 'xL8JL9J', 'xL2JL9J'}
| +-- , 3 , {5} , {'xL2JL7J', 'xL7JL8J', 'xL6JL8J', 'xL5JL8J', 'xL7JL9J', 'xL7JL7J', 'xL2JL8J', 'xL2JL9J'}
| | +-- , 5 , {7} , {'xL2JL7J', 'xL6JL8J', 'xL6JL7J', 'xL9JL7J', 'xL8JL7J', 'xL7JL7J', 'xL2JL8J'}
| | | +-- , 7 , {48, 11} , {'xL2JL7J', 'xL7JL2J', 'xL3JL7J', 'xL7JL5J', 'xL9JL7J', 'xL7JL4J', 'xL7JL3J', 'xL2JL8J', 'xL8JL7J', 'xL7JL1J', 'xL4JL7J'}
| | | | +-- , 48 , {50} , {'xL2JL7J', 'xL3JL7J', 'xL2JL8J', 'xL4JL7J', 'xL1JL7J'}
| | | | | +-- , 50 , set() , {'xL2JL8J', 'xL1JL8J', 'xL1JL7J'}
| | | | +-- , 11 , {13, 44} , {'xL7JL2J', 'xL6JL5J', 'xL3JL7J', 'xL5JL5J', 'xL4JL7J', 'xL7JL5J', 'xL9JL7J', 'xL7JL4J', 'xL7JL3J', 'xL8JL7J', 'xL7JL1J'}
| | | | | +-- , 13 , {15} , {'xL6JL5J', 'xL3JL7J', 'xL7JL1J', 'xL5JL5J', 'xL7JL4J', 'xL7JL3J', 'xL7JL2J', 'xL4JL6J', 'xL4JL7J'}
| | | | | | +-- , 15 , {17} , {'xL7JL2J', 'xL6JL5J', 'xL3JL7J', 'xL5JL5J', 'xL5JL6J', 'xL7JL3J', 'xL7JL4J', 'xL7JL1J', 'xL4JL6J', 'xL3JL6J'}
| | | | | | | +-- , 17 , {19, 38} , {'xL6JL5J', 'xL3JL7J', 'xL7JL1J', 'xL5JL5J', 'xL6JL4J', 'xL6JL3J', 'xL3JL5J', 'xL5JL4J', 'xL7JL3J', 'xL7JL4J', 'xL5JL6J', 'xL7JL2J', 'xL3JL6J'}
| | | | | | | | +-- , 19 , {21} , {'xL4JL4J', 'xL7JL4J', 'xL6JL4J', 'xL3JL5J', 'xL5JL4J'}
| | | | | | | | | +-- , 21 , {23} , {'xL3JL5J', 'xL4JL4J', 'xL4JL2J', 'xL4JL1J', 'xL4JL3J'}
| | | | | | | | | | +-- , 23 , {25} , {'xL2JL5J', 'xL3JL5J', 'xL4JL2J', 'xL4JL1J', 'xL4JL3J', 'xL1JL5J'}
| | | | | | | | | | | +-- , 25 , {28} , {'xL2JL5J', 'xL2JL1J', 'xL2JL2J', 'xL1JL4J', 'xL2JL4J', 'xL4JL2J', 'xL2JL3J', 'xL4JL1J', 'xL4JL3J', 'xL1JL5J'}
| | | | | | | | | | | | +-- , 28 , {36, 30} , {'xL5JL2J', 'xL2JL1J', 'xL2JL2J', 'xL4JL2J', 'xL2JL3J', 'xL4JL1J', 'xL4JL3J'}
| | | | | | | | | | | | | +-- , 36 , set() , {'xL5JL2J', 'xL5JL1J', 'xL4JL1J'}
| | | | | | | | | | | | | +-- , 30 , {32, 34} , {'xL1JL2J', 'xL5JL2J', 'xL2JL1J', 'xL2JL2J', 'xL4JL2J', 'xL2JL3J', 'xL4JL3J', 'xL3JL2J'}
| | | | | | | | | | | | | | +-- , 32 , set() , {'xL4JL3J', 'xL3JL3J', 'xL2JL3J', 'xL3JL2J'}
| | | | | | | | | | | | | | +-- , 34 , set() , {'xL1JL2J', 'xL1JL1J', 'xL2JL1J'}
| | | | | | | | +-- , 38 , {40} , {'xL7JL1J', 'xL8JL3J', 'xL6JL3J', 'xL7JL3J', 'xL7JL2J', 'xL9JL3J'}
| | | | | | | | | +-- , 40 , {42} , {'xL7JL1J', 'xL8JL3J', 'xL9JL2J', 'xL7JL2J', 'xL9JL3J'}
| | | | | | | | | | +-- , 42 , set() , {'xL7JL1J', 'xL8JL3J', 'xL8JL2J', 'xL9JL2J', 'xL7JL2J', 'xL8JL1J'}
| | | | | +-- , 44 , {46} , {'xL6JL5J', 'xL5JL5J', 'xL7JL5J', 'xL9JL7J', 'xL8JL7J', 'xL8JL5J'}
| | | | | | +-- , 46 , set() , {'xL9JL7J', 'xL9JL6J', 'xL8JL7J', 'xL8JL5J', 'xL8JL6J'}
| +-- , 52 , {54} , {'xL5JL10J', 'xL5JL8J', 'xL5JL9J', 'xL9JL9J', 'xL8JL9J', 'xL2JL9J'}
| | +-- , 54 , {64, 56} , {'xL3JL10J', 'xL4JL10J', 'xL6JL10J', 'xL5JL10J', 'xL5JL9J', 'xL3JL9J', 'xL4JL9J', 'xL9JL9J', 'xL8JL9J', 'xL2JL9J'}
| | | +-- , 64 , {66} , {'xL6JL11J', 'xL6JL10J', 'xL6JL13J', 'xL6JL12J', 'xL9JL9J', 'xL8JL9J'}
| | | | +-- , 66 , {69} , {'xL6JL11J', 'xL8JL13J', 'xL6JL13J', 'xL8JL12J', 'xL6JL12J', 'xL8JL11J', 'xL9JL10J', 'xL9JL9J', 'xL8JL9J', 'xL8JL10J'}
| | | | | +-- , 69 , {73, 71} , {'xL6JL11J', 'xL8JL13J', 'xL8JL12J', 'xL6JL13J', 'xL6JL12J', 'xL8JL11J', 'xL7JL12J'}
| | | | | | +-- , 73 , set() , {'xL7JL11J', 'xL6JL11J', 'xL8JL11J', 'xL7JL12J'}
| | | | | | +-- , 71 , set() , {'xL5JL12J', 'xL9JL13J', 'xL8JL13J', 'xL6JL13J', 'xL8JL12J', 'xL6JL12J', 'xL9JL12J', 'xL5JL13J', 'xL7JL12J'}
| | | +-- , 56 , {58} , {'xL3JL11J', 'xL3JL10J', 'xL4JL10J', 'xL3JL13J', 'xL4JL11J', 'xL3JL12J', 'xL3JL9J', 'xL4JL9J'}
| | | | +-- , 58 , {60} , {'xL3JL11J', 'xL3JL13J', 'xL4JL11J', 'xL3JL12J', 'xL1JL11J', 'xL2JL11J'}
| | | | | +-- , 60 , {62} , {'xL2JL13J', 'xL3JL13J', 'xL3JL12J', 'xL1JL11J', 'xL2JL11J'}
| | | | | | +-- , 62 , set() , {'xL2JL13J', 'xL1JL12J', 'xL3JL12J', 'xL1JL11J', 'xL2JL11J', 'xL2JL12J'}


Max number of edges with non zero Y: 10
Max number of iterations of outer rounding loop: 3
Max number of candidate sets: 2
Time spent rounding: 17.937
Time spent solving Separator LP: 0.697
Total time spent solving: 24.331

LP Solver: GaifmanBoosted
Lower Bound Witness = ({'xL3JL10J', 'xL4JL10J', 'xL5JL5J', 'xL6JL7J', 'xL6JL11J', 'xL5JL12J', 'xL1JL12J', 'xL6JL3J', 'xL8JL7J', 'xL3JL9J', 'xL4JL6J', 'xL5JL1J', 'xL5JL6J', 'xL4JL7J', 'xL6JL8J', 'xL7JL5J', 'xL7JL9J', 'xL7JL3J', 'xL3JL12J', 'xL5JL4J', 'xL3JL6J', 'xL8JL10J', 'xL5JL2J', 'xL8JL2J', 'xL2JL3J', 'xL3JL11J', 'xL2JL1J', 'xL6JL10J', 'xL9JL7J', 'xL3JL5J', 'xL1JL8J', 'xL3JL2J', 'xL9JL13J', 'xL9JL6J', 'xL7JL7J', 'xL7JL11J', 'xL7JL12J', 'xL7JL8J', 'xL8JL3J', 'xL2JL2J', 'xL9JL2J', 'xL1JL7J', 'xL2JL4J', 'xL9JL12J', 'xL7JL2J', 'xL2JL8J', 'xL8JL12J', 'xL8JL5J', 'xL9JL9J', 'xL3JL3J', 'xL6JL4J', 'xL2JL9J', 'xL2JL7J', 'xL8JL6J', 'xL1JL1J', 'xL4JL11J', 'xL5JL9J', 'xL4JL3J', 'xL8JL1J', 'xL2JL5J', 'xL1JL2J', 'xL7JL4J', 'xL4JL1J', 'xL8JL11J', 'xL9JL10J', 'xL6JL5J', 'xL6JL13J', 'xL4JL9J', 'xL2JL13J', 'xL5JL8J', 'xL8JL13J', 'xL5JL13J', 'xL7JL1J', 'xL8JL9J', 'xL2JL12J', 'xL3JL7J', 'xL3JL13J', 'xL5JL10J', 'xL6JL12J', 'xL1JL11J', 'xL9JL3J', 'xL1JL4J', 'xL4JL4J', 'xL4JL2J', 'xL1JL5J', 'xL2JL11J'}, {'xL3JL7J', 'xL5JL12J', 'xL1JL12J', 'xL3JL13J', 'xL8JL2J', 'xL6JL4J', 'xL7JL9J', 'xL7JL4J', 'xL7JL3J', 'xL5JL9J', 'xL2JL4J', 'xL9JL12J', 'xL3JL6J', 'xL4JL9J'})