22, 6.0, 7.5, 8
+-- , 0 , {3, 38, 42, 15} , {'xL34J', 'xL16J', 'xL14J', 'xL2J', 'xL29J', 'xL22J', 'xL32J', 'xL11J', 'xL21J', 'xL5J', 'xL1J', 'xL0J', 'xL17J'}
| +-- , 3 , {5} , {'xL34J', 'xL16J', 'xL10J', 'xL29J', 'xL22J', 'xL32J', 'xL11J', 'xL5J', 'xL1J', 'xL0J', 'xL17J'}
| | +-- , 5 , {7} , {'xL34J', 'xL16J', 'xL10J', 'xL29J', 'xL22J', 'xL11J', 'xL33J', 'xL5J', 'xL1J', 'xL0J', 'xL17J'}
| | | +-- , 7 , {9} , {'xL11J', 'xL16J', 'xL33J', 'xL20J', 'xL5J', 'xL1J', 'xL0J', 'xL29J', 'xL22J'}
| | | | +-- , 9 , {11} , {'xL11J', 'xL12J', 'xL0J', 'xL16J', 'xL33J', 'xL20J', 'xL5J', 'xL1J', 'xL6J', 'xL29J'}
| | | | | +-- , 11 , set() , {'xL24J', 'xL0J', 'xL12J'}
| +-- , 38 , {40} , {'xL32J', 'xL11J', 'xL19J', 'xL17J', 'xL1J', 'xL2J', 'xL21J', 'xL22J'}
| | +-- , 40 , set() , {'xL11J', 'xL19J', 'xL2J', 'xL39J', 'xL26J', 'xL21J', 'xL17J'}
| +-- , 42 , {44} , {'xL34J', 'xL4J', 'xL5J', 'xL2J', 'xL25J', 'xL21J', 'xL29J', 'xL22J'}
| | +-- , 44 , {46} , {'xL2J', 'xL4J', 'xL25J', 'xL5J', 'xL18J'}
| | | +-- , 46 , set() , {'xL2J', 'xL27J', 'xL5J', 'xL18J'}
| +-- , 15 , {18, 36} , {'xL32J', 'xL11J', 'xL17J', 'xL16J', 'xL5J', 'xL14J', 'xL1J', 'xL2J', 'xL9J', 'xL13J', 'xL0J', 'xL29J', 'xL22J'}
| | +-- , 18 , {34, 20} , {'xL3J', 'xL16J', 'xL14J', 'xL2J', 'xL36J', 'xL29J', 'xL22J', 'xL32J', 'xL11J', 'xL31J', 'xL5J', 'xL1J', 'xL9J', 'xL13J', 'xL0J'}
| | | +-- , 34 , set() , {'xL11J', 'xL16J', 'xL5J', 'xL14J', 'xL2J', 'xL7J', 'xL36J'}
| | | +-- , 20 , {22} , {'xL3J', 'xL16J', 'xL14J', 'xL36J', 'xL22J', 'xL31J', 'xL9J', 'xL13J', 'xL0J', 'xL28J'}
| | | | +-- , 22 , {24} , {'xL3J', 'xL8J', 'xL16J', 'xL14J', 'xL9J', 'xL13J', 'xL36J', 'xL0J', 'xL28J', 'xL22J'}
| | | | | +-- , 24 , {26} , {'xL3J', 'xL8J', 'xL38J', 'xL9J', 'xL13J', 'xL36J', 'xL0J', 'xL28J'}
| | | | | | +-- , 26 , {28} , {'xL3J', 'xL8J', 'xL38J', 'xL37J', 'xL9J', 'xL13J', 'xL36J', 'xL28J'}
| | | | | | | +-- , 28 , {30} , {'xL8J', 'xL38J', 'xL37J', 'xL9J', 'xL13J', 'xL30J', 'xL28J'}
| | | | | | | | +-- , 30 , {32} , {'xL9J', 'xL8J', 'xL15J', 'xL30J', 'xL37J'}
| | | | | | | | | +-- , 32 , set() , {'xL30J', 'xL9J', 'xL35J', 'xL15J'}
| | +-- , 36 , set() , {'xL23J', 'xL2J', 'xL9J', 'xL13J', 'xL17J'}


Max number of edges with non zero Y: 6
Max number of iterations of outer rounding loop: 0
Max number of candidate sets: 0
Time spent rounding: 0.000
Time spent solving Separator LP: 14.143

LP Solver: GaifmanNormalILP