14, 2.49395583026152, 6.666666666666667, 10
+-- , 0 , {39, 6} , {'19', '30', '33', '15', '10', '7', '4', '16', '20', '23', '41', '17', '38', '5', '12', '32', '14', '21'}
| +-- , 39 , set() , {'19', '23', '30', '16', '39'}
| +-- , 6 , {11} , {'19', '36', '30', '33', '29', '10', '3', '4', '23', '41', '5', '32', '14', '21', '25', '15', '7', '16', '20', '38', '12'}
| | +-- , 11 , {19} , {'19', '36', '30', '33', '24', '29', '10', '3', '4', '22', '23', '41', '18', '5', '32', '14', '2', '21', '37', '25', '15', '7', '13', '20', '38', '8', '12'}
| | | +-- , 19 , {21} , {'19', '36', '30', '33', '24', '29', '10', '3', '4', '22', '23', '41', '18', '5', '32', '14', '2', '21', '37', '25', '15', '9', '13', '20', '38', '8', '12'}
| | | | +-- , 21 , {23} , {'19', '36', '30', '33', '24', '29', '10', '3', '4', '22', '23', '41', '18', '26', '5', '32', '2', '21', '37', '25', '15', '9', '13', '20', '38', '8', '12'}
| | | | | +-- , 23 , {25} , {'19', '36', '30', '33', '24', '29', '10', '3', '4', '22', '23', '18', '26', '42', '5', '32', '2', '21', '37', '15', '9', '13', '20', '38', '8', '12'}
| | | | | | +-- , 25 , {27} , {'19', '30', '33', '11', '24', '29', '10', '3', '22', '23', '18', '26', '42', '5', '32', '2', '21', '37', '15', '9', '13', '20', '8', '12'}
| | | | | | | +-- , 27 , {29} , {'19', '30', '33', '11', '24', '29', '10', '3', '22', '18', '26', '5', '32', '2', '21', '37', '15', '9', '13', '20', '8', '12', '31'}
| | | | | | | | +-- , 29 , {31} , {'19', '30', '33', '11', '24', '29', '22', '35', '18', '26', '5', '2', '21', '37', '15', '9', '13', '20', '8', '12', '31'}
| | | | | | | | | +-- , 31 , {33} , {'19', '30', '11', '24', '29', '22', '35', '18', '26', '5', '2', '21', '37', '15', '9', '13', '20', '34', '8', '12', '31'}
| | | | | | | | | | +-- , 33 , {35} , {'19', '30', '37', '11', '24', '29', '15', '13', '34', '22', '35', '18', '26', '1', '8', '5', '12', '31', '21'}
| | | | | | | | | | | +-- , 35 , {37} , {'30', '37', '11', '29', '15', '21', '13', '34', '35', '18', '26', '1', '8', '12', '31', '27'}
| | | | | | | | | | | | +-- , 37 , set() , {'27', '35', '30', '37', '18', '11', '26', '29', '8', '28', '15', '12', '0', '31', '34', '21'}


Max number of edges with non zero Y: 28
Max number of iterations of outer rounding loop: 9
Max number of candidate sets: 2
Time spent rounding: 73.207
Time spent solving Separator LP: 10.234

LP Solver: GaifmanNormal